<?xml version="1.0" encoding="UTF-8"?>
<testsuite name="com.hivemq.helmcharts.migration.HelmLegacyStatefulSetMigrationIT" tests="1" skipped="0" failures="0" errors="0" timestamp="2025-01-29T22:13:16" hostname="fv-az1712-398" time="312.894">
  <properties/>
  <testcase name="migrateToCurrentPlatformOperator()" classname="com.hivemq.helmcharts.migration.HelmLegacyStatefulSetMigrationIT" time="312.894">
    <system-out><![CDATA[2025-01-29 22:13:16,742 INFO c.h.h.t.HelmChartContainer - Creating namespace 'helmlegacystatefulsetmigrationit-operator'...
2025-01-29 22:13:16,749 INFO c.h.h.t.HelmChartContainer - Namespace 'helmlegacystatefulsetmigrationit-operator' created
2025-01-29 22:13:16,749 INFO c.h.h.t.HelmChartContainer - Creating namespace 'helmlegacystatefulsetmigrationit'...
2025-01-29 22:13:16,756 INFO c.h.h.t.HelmChartContainer - Namespace 'helmlegacystatefulsetmigrationit' created
2025-01-29 22:13:16,818 DEBUG c.h.h.t.HelmChartContainer - Executing helm command: /bin/helm --kubeconfig /etc/rancher/k3s/k3s.yaml install test-hivemq-platform-operator /charts/hivemq-platform-operator --wait --timeout 5m0s --set image.repository=docker.io/hivemq --set image.name=hivemq-platform-operator-test --set image.initImageName=hivemq-platform-operator-init-test --set image.tag=snapshot --set image.pullPolicy=Never --set logLevel=DEBUG --set resources.cpu=512m --namespace helmlegacystatefulsetmigrationit-operator
2025-01-29 22:13:17,119 INFO c.h.h.t.HelmChartContainer - [K3S] [alloc.go:330] "allocated clusterIPs" service="helmlegacystatefulsetmigrationit-operator/hivemq-platform-operator-test-hivemq-platform-operator" clusterIPs={"IPv4":"10.43.79.187"}
2025-01-29 22:13:17,132 INFO c.h.h.t.HelmChartContainer - [EVENT] Normal [ScalingReplicaSet] Scaled up replica set hivemq-test-hivemq-platform-operator-6966f96d65 from 0 to 1 [helmlegacystatefulsetmigrationit-operator:hivemq-test-hivemq-platform-operator]
2025-01-29 22:13:17,136 INFO c.h.h.t.HelmChartContainer - [POD] hivemq-test-hivemq-platform-operator-6966f96d65-v9xz7 [349193a2-b660-40f9-9ab5-a5ee55daac06] in helmlegacystatefulsetmigrationit-operator was ADDED
2025-01-29 22:13:17,141 INFO c.h.h.t.HelmChartContainer - [K3S] [memory_manager.go:355] "RemoveStaleState removing state" podUID="9a1993c0-93cb-4ee1-911a-89717f4ec427" containerName="hivemq-platform-operator"
2025-01-29 22:13:17,141 INFO c.h.h.t.HelmChartContainer - [POD] hivemq-test-hivemq-platform-operator-6966f96d65-v9xz7 [349193a2-b660-40f9-9ab5-a5ee55daac06] in helmlegacystatefulsetmigrationit-operator was MODIFIED
2025-01-29 22:13:17,144 INFO c.h.h.t.HelmChartContainer - [K3S] [memory_manager.go:355] "RemoveStaleState removing state" podUID="b641da6b-9cf0-4202-8012-046b8cc9e06b" containerName="consul-template-container"
2025-01-29 22:13:17,158 INFO c.h.h.t.HelmChartContainer - [K3S] [memory_manager.go:355] "RemoveStaleState removing state" podUID="b641da6b-9cf0-4202-8012-046b8cc9e06b" containerName="hivemq"
2025-01-29 22:13:17,158 INFO c.h.h.t.HelmChartContainer - [K3S] [replica_set.go:679] "Finished syncing" kind="ReplicaSet" key="helmlegacystatefulsetmigrationit-operator/hivemq-test-hivemq-platform-operator-6966f96d65" duration="24.643552ms"
2025-01-29 22:13:17,159 INFO c.h.h.t.HelmChartContainer - [EVENT] Normal [SuccessfulCreate] Created pod: hivemq-test-hivemq-platform-operator-6966f96d65-v9xz7 [helmlegacystatefulsetmigrationit-operator:hivemq-test-hivemq-platform-operator-6966f96d65]
2025-01-29 22:13:17,160 INFO c.h.h.t.HelmChartContainer - [EVENT] Normal [Scheduled] Successfully assigned helmlegacystatefulsetmigrationit-operator/hivemq-test-hivemq-platform-operator-6966f96d65-v9xz7 to d9a106349f4e [helmlegacystatefulsetmigrationit-operator:hivemq-test-hivemq-platform-operator-6966f96d65-v9xz7]
2025-01-29 22:13:17,163 INFO c.h.h.t.HelmChartContainer - [K3S] [replica_set.go:679] "Finished syncing" kind="ReplicaSet" key="helmlegacystatefulsetmigrationit-operator/hivemq-test-hivemq-platform-operator-6966f96d65" duration="8.951029ms"
2025-01-29 22:13:17,163 INFO c.h.h.t.HelmChartContainer - [K3S] [replica_set.go:679] "Finished syncing" kind="ReplicaSet" key="helmlegacystatefulsetmigrationit-operator/hivemq-test-hivemq-platform-operator-6966f96d65" duration="30.457µs"
2025-01-29 22:13:17,168 INFO c.h.h.t.HelmChartContainer - [K3S] [replica_set.go:679] "Finished syncing" kind="ReplicaSet" key="helmlegacystatefulsetmigrationit-operator/hivemq-test-hivemq-platform-operator-6966f96d65" duration="31.149µs"
2025-01-29 22:13:17,171 INFO c.h.h.t.HelmChartContainer - [POD] hivemq-test-hivemq-platform-operator-6966f96d65-v9xz7 [349193a2-b660-40f9-9ab5-a5ee55daac06] in helmlegacystatefulsetmigrationit-operator was MODIFIED
2025-01-29 22:13:17,216 INFO c.h.h.t.HelmChartContainer - [K3S] [reconciler_common.go:251] "operationExecutor.VerifyControllerAttachedVolume started for volume \"kube-api-access-x2lqs\" (UniqueName: \"kubernetes.io/projected/349193a2-b660-40f9-9ab5-a5ee55daac06-kube-api-access-x2lqs\") pod \"hivemq-test-hivemq-platform-operator-6966f96d65-v9xz7\" (UID: \"349193a2-b660-40f9-9ab5-a5ee55daac06\") " pod="helmlegacystatefulsetmigrationit-operator/hivemq-test-hivemq-platform-operator-6966f96d65-v9xz7"
2025-01-29 22:13:17,537 INFO c.h.h.t.HelmChartContainer - [EVENT] Normal [Pulled] Container image "docker.io/hivemq/hivemq-platform-operator-test:snapshot" already present on machine [helmlegacystatefulsetmigrationit-operator:hivemq-test-hivemq-platform-operator-6966f96d65-v9xz7]
2025-01-29 22:13:17,537 INFO c.h.h.t.HelmChartContainer - Received Pulled event for container hivemq-platform-operator in pod hivemq-test-hivemq-platform-operator-6966f96d65-v9xz7 [349193a2-b660-40f9-9ab5-a5ee55daac06]
2025-01-29 22:13:18,797 INFO c.h.h.t.HelmChartContainer - [EVENT] Normal [Created] Created container: hivemq-platform-operator [helmlegacystatefulsetmigrationit-operator:hivemq-test-hivemq-platform-operator-6966f96d65-v9xz7]
2025-01-29 22:13:18,798 INFO c.h.h.t.HelmChartContainer - Received Created event for container hivemq-platform-operator in pod hivemq-test-hivemq-platform-operator-6966f96d65-v9xz7 [349193a2-b660-40f9-9ab5-a5ee55daac06]
2025-01-29 22:13:19,212 INFO c.h.h.t.HelmChartContainer - [K3S] [replica_set.go:679] "Finished syncing" kind="ReplicaSet" key="helmlegacystatefulsetmigrationit-operator/hivemq-test-hivemq-platform-operator-6966f96d65" duration="46.397µs"
2025-01-29 22:13:19,212 INFO c.h.h.t.HelmChartContainer - [POD] hivemq-test-hivemq-platform-operator-6966f96d65-v9xz7 [349193a2-b660-40f9-9ab5-a5ee55daac06] in helmlegacystatefulsetmigrationit-operator was MODIFIED
2025-01-29 22:13:19,226 INFO c.h.h.t.HelmChartContainer - Started log watcher for hivemq-platform-operator in pod hivemq-test-hivemq-platform-operator-6966f96d65-v9xz7 [349193a2-b660-40f9-9ab5-a5ee55daac06]
2025-01-29 22:13:19,226 INFO c.h.h.t.HelmChartContainer - [EVENT] Normal [Started] Started container hivemq-platform-operator [helmlegacystatefulsetmigrationit-operator:hivemq-test-hivemq-platform-operator-6966f96d65-v9xz7]
2025-01-29 22:13:19,226 INFO c.h.h.t.HelmChartContainer - Received Started event for container hivemq-platform-operator in pod hivemq-test-hivemq-platform-operator-6966f96d65-v9xz7 [349193a2-b660-40f9-9ab5-a5ee55daac06]
2025-01-29 22:13:19,227 INFO c.h.h.t.HelmChartContainer - [hivemq-test-hivemq-platform] [hivemq-platform-operator] [349193a2] -------------------------------------------------------------------------
2025-01-29 22:13:19,227 INFO c.h.h.t.HelmChartContainer - [hivemq-test-hivemq-platform] [hivemq-platform-operator] [349193a2] 
2025-01-29 22:13:19,227 INFO c.h.h.t.HelmChartContainer - [hivemq-test-hivemq-platform] [hivemq-platform-operator] [349193a2]                   _    _  _              __  __   ____
2025-01-29 22:13:19,227 INFO c.h.h.t.HelmChartContainer - [hivemq-test-hivemq-platform] [hivemq-platform-operator] [349193a2]                  | |  | |(_)            |  \/  | / __ \
2025-01-29 22:13:19,227 INFO c.h.h.t.HelmChartContainer - [hivemq-test-hivemq-platform] [hivemq-platform-operator] [349193a2]                  | |__| | _ __   __ ___ | \  / || |  | |
2025-01-29 22:13:19,227 INFO c.h.h.t.HelmChartContainer - [hivemq-test-hivemq-platform] [hivemq-platform-operator] [349193a2]                  |  __  || |\ \ / // _ \| |\/| || |  | |
2025-01-29 22:13:19,227 INFO c.h.h.t.HelmChartContainer - [hivemq-test-hivemq-platform] [hivemq-platform-operator] [349193a2]                  | |  | || | \ V /|  __/| |  | || |__| |
2025-01-29 22:13:19,227 INFO c.h.h.t.HelmChartContainer - [hivemq-test-hivemq-platform] [hivemq-platform-operator] [349193a2]                  |_|  |_||_|  \_/  \___||_|  |_| \___\_\
2025-01-29 22:13:19,227 INFO c.h.h.t.HelmChartContainer - [hivemq-test-hivemq-platform] [hivemq-platform-operator] [349193a2] 
2025-01-29 22:13:19,227 INFO c.h.h.t.HelmChartContainer - [hivemq-test-hivemq-platform] [hivemq-platform-operator] [349193a2] -------------------------------------------------------------------------
2025-01-29 22:13:19,227 INFO c.h.h.t.HelmChartContainer - [hivemq-test-hivemq-platform] [hivemq-platform-operator] [349193a2] 
2025-01-29 22:13:19,227 INFO c.h.h.t.HelmChartContainer - [hivemq-test-hivemq-platform] [hivemq-platform-operator] [349193a2]   HiveMQ Platform Operator Start Script v1.0
2025-01-29 22:13:19,228 INFO c.h.h.t.HelmChartContainer - [hivemq-test-hivemq-platform] [hivemq-platform-operator] [349193a2] 
2025-01-29 22:13:19,228 INFO c.h.h.t.HelmChartContainer - [hivemq-test-hivemq-platform] [hivemq-platform-operator] [349193a2] -------------------------------------------------------------------------
2025-01-29 22:13:19,228 INFO c.h.h.t.HelmChartContainer - [hivemq-test-hivemq-platform] [hivemq-platform-operator] [349193a2] 
2025-01-29 22:13:19,228 INFO c.h.h.t.HelmChartContainer - [hivemq-test-hivemq-platform] [hivemq-platform-operator] [349193a2]   JAVA_OPTS: -XX:+UnlockExperimentalVMOptions -XX:InitialRAMPercentage=75 -XX:MaxRAMPercentage=75 -Duser.language=en -Duser.region=US
2025-01-29 22:13:19,228 INFO c.h.h.t.HelmChartContainer - [hivemq-test-hivemq-platform] [hivemq-platform-operator] [349193a2] 
2025-01-29 22:13:19,228 INFO c.h.h.t.HelmChartContainer - [hivemq-test-hivemq-platform] [hivemq-platform-operator] [349193a2]   JAVA_VERSION: 21
2025-01-29 22:13:19,228 INFO c.h.h.t.HelmChartContainer - [hivemq-test-hivemq-platform] [hivemq-platform-operator] [349193a2] 
2025-01-29 22:13:19,228 INFO c.h.h.t.HelmChartContainer - [hivemq-test-hivemq-platform] [hivemq-platform-operator] [349193a2] -------------------------------------------------------------------------
2025-01-29 22:13:19,228 INFO c.h.h.t.HelmChartContainer - [hivemq-test-hivemq-platform] [hivemq-platform-operator] [349193a2] 
2025-01-29 22:13:21,967 INFO c.h.h.t.HelmChartContainer - [hivemq-test-hivemq-platform] [hivemq-platform-operator] [349193a2] 22:13:21.965 [main] DEBUG org.jboss.logging - Logging Provider: org.jboss.logging.Slf4jLoggerProvider
2025-01-29 22:13:22,070 INFO c.h.h.t.HelmChartContainer - [hivemq-test-hivemq-platform] [hivemq-platform-operator] [349193a2] 22:13:22.069 [main] DEBUG io.smallrye.config - SRCFG01006: Loaded ConfigSource SysPropConfigSource with ordinal 400
2025-01-29 22:13:22,070 INFO c.h.h.t.HelmChartContainer - [hivemq-test-hivemq-platform] [hivemq-platform-operator] [349193a2] 22:13:22.069 [main] DEBUG io.smallrye.config - SRCFG01006: Loaded ConfigSource EnvConfigSource with ordinal 300
2025-01-29 22:13:22,070 INFO c.h.h.t.HelmChartContainer - [hivemq-test-hivemq-platform] [hivemq-platform-operator] [349193a2] 22:13:22.069 [main] DEBUG io.smallrye.config - SRCFG01006: Loaded ConfigSource PropertiesConfigSource[source=jar:file:///opt/hivemq-platform-operator/bin/hivemq-platform-operator.jar!/hivemq-platform-operator.properties] with ordinal 100
2025-01-29 22:13:22,070 INFO c.h.h.t.HelmChartContainer - [hivemq-test-hivemq-platform] [hivemq-platform-operator] [349193a2] 22:13:22.069 [main] DEBUG io.smallrye.config - SRCFG01006: Loaded ConfigSource DefaultValuesConfigSource with ordinal -2147483648
2025-01-29 22:13:22,173 INFO c.h.h.t.HelmChartContainer - [hivemq-test-hivemq-platform] [hivemq-platform-operator] [349193a2] 22:13:22.171 [main] DEBUG i.m.c.u.i.l.InternalLoggerFactory - Using SLF4J as the default logging framework
2025-01-29 22:13:22,357 INFO c.h.h.t.HelmChartContainer - [hivemq-test-hivemq-platform] [hivemq-platform-operator] [349193a2] 22:13:22.275 [main] INFO  c.h.p.o.HiveMQPlatformOperatorApplication - HiveMQ Platform Operator 1.7.0-SNAPSHOT (commit: 3bc9484 on branch: HEAD) built on Wed Jan 29 22:06:36 UTC 2025
2025-01-29 22:13:22,358 INFO c.h.h.t.HelmChartContainer - [hivemq-test-hivemq-platform] [hivemq-platform-operator] [349193a2] 22:13:22.356 [main] INFO  c.h.p.o.HiveMQPlatformOperatorApplication - HiveMQ Platform Operator is running in namespace: helmlegacystatefulsetmigrationit-operator
2025-01-29 22:13:22,359 INFO c.h.h.t.HelmChartContainer - [hivemq-test-hivemq-platform] [hivemq-platform-operator] [349193a2] 22:13:22.356 [main] INFO  c.h.p.o.HiveMQPlatformOperatorApplication - Watching all namespaces
2025-01-29 22:13:22,359 INFO c.h.h.t.HelmChartContainer - [hivemq-test-hivemq-platform] [hivemq-platform-operator] [349193a2] 22:13:22.356 [main] INFO  c.h.p.o.HiveMQPlatformOperatorApplication - Log level: DEBUG
2025-01-29 22:13:22,359 INFO c.h.h.t.HelmChartContainer - [hivemq-test-hivemq-platform] [hivemq-platform-operator] [349193a2] 22:13:22.356 [main] INFO  c.h.p.o.HiveMQPlatformOperatorApplication - Release name: test-hivemq-platform-operator
2025-01-29 22:13:22,359 INFO c.h.h.t.HelmChartContainer - [hivemq-test-hivemq-platform] [hivemq-platform-operator] [349193a2] 22:13:22.356 [main] INFO  c.h.p.o.HiveMQPlatformOperatorApplication - HiveMQ Platform Operator Init image: docker.io/hivemq/hivemq-platform-operator-init-test:snapshot
2025-01-29 22:13:22,359 INFO c.h.h.t.HelmChartContainer - [hivemq-test-hivemq-platform] [hivemq-platform-operator] [349193a2] 22:13:22.356 [main] INFO  c.h.p.o.HiveMQPlatformOperatorApplication - HiveMQ Platform Operator Init App update URL: http://hivemq-platform-operator-test-hivemq-platform-operator.helmlegacystatefulsetmigrationit-operator.svc:8080/initAppUpdate/hivemq-platform-operator-init-app-1.7.0-SNAPSHOT.jar
2025-01-29 22:13:22,359 INFO c.h.h.t.HelmChartContainer - [hivemq-test-hivemq-platform] [hivemq-platform-operator] [349193a2] 22:13:22.356 [main] INFO  c.h.p.o.HiveMQPlatformOperatorApplication - Additional imagePullSecret for all Platform deployments: none
2025-01-29 22:13:22,359 INFO c.h.h.t.HelmChartContainer - [hivemq-test-hivemq-platform] [hivemq-platform-operator] [349193a2] 22:13:22.356 [main] INFO  c.h.p.o.HiveMQPlatformOperatorApplication - Apply HiveMQ Platform CRD: true
2025-01-29 22:13:22,359 INFO c.h.h.t.HelmChartContainer - [hivemq-test-hivemq-platform] [hivemq-platform-operator] [349193a2] 22:13:22.356 [main] INFO  c.h.p.o.HiveMQPlatformOperatorApplication - Create Platform ServiceAccount: true
2025-01-29 22:13:22,359 INFO c.h.h.t.HelmChartContainer - [hivemq-test-hivemq-platform] [hivemq-platform-operator] [349193a2] 22:13:22.357 [main] INFO  c.h.p.o.HiveMQPlatformOperatorApplication - Create Platform ServiceAccount permissions: true
2025-01-29 22:13:22,359 INFO c.h.h.t.HelmChartContainer - [hivemq-test-hivemq-platform] [hivemq-platform-operator] [349193a2] 22:13:22.357 [main] INFO  c.h.p.o.HiveMQPlatformOperatorApplication - Validate Platform ServiceAccount: true
2025-01-29 22:13:22,359 INFO c.h.h.t.HelmChartContainer - [hivemq-test-hivemq-platform] [hivemq-platform-operator] [349193a2] 22:13:22.357 [main] INFO  c.h.p.o.HiveMQPlatformOperatorApplication - Validate Platform ServiceAccount permissions: true
2025-01-29 22:13:22,372 INFO c.h.h.t.HelmChartContainer - [hivemq-test-hivemq-platform] [hivemq-platform-operator] [349193a2] 22:13:22.372 [main] INFO  c.h.platform.operator.util.CRDUtil - Verifying deployed HiveMQ Platform CRD...
2025-01-29 22:13:24,970 INFO c.h.h.t.HelmChartContainer - [hivemq-test-hivemq-platform] [hivemq-platform-operator] [349193a2] 22:13:24.968 [main] DEBUG c.h.platform.operator.util.CRDUtil - HiveMQ Platform CRD version v1 is up to date
2025-01-29 22:13:24,970 INFO c.h.h.t.HelmChartContainer - [hivemq-test-hivemq-platform] [hivemq-platform-operator] [349193a2] 22:13:24.968 [main] INFO  c.h.platform.operator.util.CRDUtil - HiveMQ Platform CRD is up to date (version: V1_6_0)
2025-01-29 22:13:24,970 INFO c.h.h.t.HelmChartContainer - [hivemq-test-hivemq-platform] [hivemq-platform-operator] [349193a2] 22:13:24.968 [main] INFO  c.h.platform.operator.util.CRDUtil - Waiting 10000 ms for HiveMQ Platform CRD 'hivemq-platforms.hivemq.com' to become ready...
2025-01-29 22:13:25,272 INFO c.h.h.t.HelmChartContainer - [hivemq-test-hivemq-platform] [hivemq-platform-operator] [349193a2] 22:13:25.270 [vert.x-eventloop-thread-1] DEBUG c.h.platform.operator.util.CRDUtil - Checking CRD condition 'NamesAccepted' (status: 'True')
2025-01-29 22:13:25,272 INFO c.h.h.t.HelmChartContainer - [hivemq-test-hivemq-platform] [hivemq-platform-operator] [349193a2] 22:13:25.270 [vert.x-eventloop-thread-1] DEBUG c.h.platform.operator.util.CRDUtil - Checking CRD condition 'Established' (status: 'True')
2025-01-29 22:13:25,272 INFO c.h.h.t.HelmChartContainer - [hivemq-test-hivemq-platform] [hivemq-platform-operator] [349193a2] 22:13:25.271 [main] INFO  c.h.platform.operator.util.CRDUtil - HiveMQ Platform CRD 'hivemq-platforms.hivemq.com' is ready
2025-01-29 22:13:25,465 INFO c.h.h.t.HelmChartContainer - [hivemq-test-hivemq-platform] [hivemq-platform-operator] [349193a2] 22:13:25.464 [main] INFO  c.h.p.o.HiveMQPlatformReconciler - HiveMQ Platform Operator is starting...
2025-01-29 22:13:25,566 INFO c.h.h.t.HelmChartContainer - [hivemq-test-hivemq-platform] [hivemq-platform-operator] [349193a2] 22:13:25.564 [main] WARN  Default ConfigurationService implementation - Configuration for reconciler 'hivemq-controller' was not found. Known reconcilers: None.
2025-01-29 22:13:25,572 INFO c.h.h.t.HelmChartContainer - [hivemq-test-hivemq-platform] [hivemq-platform-operator] [349193a2] 22:13:25.571 [main] INFO  Default ConfigurationService implementation - Created configuration for reconciler com.hivemq.platform.operator.HiveMQPlatformReconciler with name hivemq-controller
2025-01-29 22:13:25,673 INFO c.h.h.t.HelmChartContainer - [hivemq-test-hivemq-platform] [hivemq-platform-operator] [349193a2] 22:13:25.672 [main] DEBUG c.h.p.o.HiveMQPlatformReconciler - HiveMQ Platform Operator is preparing EventSources
2025-01-29 22:13:25,758 INFO c.h.h.t.HelmChartContainer - [hivemq-test-hivemq-platform] [hivemq-platform-operator] [349193a2] 22:13:25.757 [main] INFO  i.javaoperatorsdk.operator.Operator - Registered reconciler: 'hivemq-controller' for resource: 'class com.hivemq.platform.operator.v1.HiveMQPlatform' for namespace(s): [all namespaces]
2025-01-29 22:13:26,266 INFO c.h.h.t.HelmChartContainer - [hivemq-test-hivemq-platform] [hivemq-platform-operator] [349193a2] 22:13:26.265 [main] INFO  c.h.p.operator.webserver.JettyServer - Starting Jetty server on port 8080
2025-01-29 22:13:26,365 INFO c.h.h.t.HelmChartContainer - [hivemq-test-hivemq-platform] [hivemq-platform-operator] [349193a2] 22:13:26.364 [main] INFO  i.javaoperatorsdk.operator.Operator - Operator SDK 4.9.7 (commit: 2133d28) built on Wed Nov 20 12:56:20 UTC 2024 starting...
2025-01-29 22:13:26,365 INFO c.h.h.t.HelmChartContainer - [hivemq-test-hivemq-platform] [hivemq-platform-operator] [349193a2] 22:13:26.364 [main] INFO  i.javaoperatorsdk.operator.Operator - Client version: 6.13.5
2025-01-29 22:13:26,367 INFO c.h.h.t.HelmChartContainer - [hivemq-test-hivemq-platform] [hivemq-platform-operator] [349193a2] 22:13:26.366 [Controller Starter for: hivemq-controller] INFO  i.j.operator.processing.Controller - Starting 'hivemq-controller' controller for reconciler: com.hivemq.platform.operator.HiveMQPlatformReconciler, resource: com.hivemq.platform.operator.v1.HiveMQPlatform
2025-01-29 22:13:28,672 INFO c.h.h.t.HelmChartContainer - [hivemq-test-hivemq-platform] [hivemq-platform-operator] [349193a2] 22:13:28.671 [Controller Starter for: hivemq-controller] INFO  i.j.operator.processing.Controller - 'hivemq-controller' controller started
2025-01-29 22:13:28,673 INFO c.h.h.t.HelmChartContainer - [hivemq-test-hivemq-platform] [hivemq-platform-operator] [349193a2] 22:13:28.671 [main] INFO  c.h.p.o.HiveMQPlatformOperatorApplication - HiveMQ Platform Operator 1.7.0-SNAPSHOT started in 6396 ms
2025-01-29 22:13:30,224 INFO c.h.h.t.HelmChartContainer - [POD] hivemq-test-hivemq-platform-operator-6966f96d65-v9xz7 [349193a2-b660-40f9-9ab5-a5ee55daac06] in helmlegacystatefulsetmigrationit-operator was MODIFIED
2025-01-29 22:13:30,229 INFO c.h.h.t.HelmChartContainer - [K3S] [replica_set.go:679] "Finished syncing" kind="ReplicaSet" key="helmlegacystatefulsetmigrationit-operator/hivemq-test-hivemq-platform-operator-6966f96d65" duration="10.187021ms"
2025-01-29 22:13:30,229 INFO c.h.h.t.HelmChartContainer - [K3S] [replica_set.go:679] "Finished syncing" kind="ReplicaSet" key="helmlegacystatefulsetmigrationit-operator/hivemq-test-hivemq-platform-operator-6966f96d65" duration="33.343µs"
2025-01-29 22:13:32,892 DEBUG c.h.h.t.HelmChartContainer - Executing helm command: /bin/helm --kubeconfig /etc/rancher/k3s/k3s.yaml install test-hivemq-legacy-platform /charts/hivemq-operator --wait --timeout 5m0s -f /files/migration-legacy-stateful-set-values.yaml --namespace helmlegacystatefulsetmigrationit-operator
2025-01-29 22:13:35,491 INFO c.h.h.t.HelmChartContainer - [K3S] [alloc.go:330] "allocated clusterIPs" service="helmlegacystatefulsetmigrationit-operator/test-hivemq-legacy-platform-hivemq-operator-operator" clusterIPs={"IPv4":"10.43.56.198"}
2025-01-29 22:13:35,506 INFO c.h.h.t.HelmChartContainer - [EVENT] Normal [ScalingReplicaSet] Scaled up replica set test-hivemq-legacy-platform-hivemq-operator-operator-56c5b9f7b7 from 0 to 1 [helmlegacystatefulsetmigrationit-operator:test-hivemq-legacy-platform-hivemq-operator-operator]
2025-01-29 22:13:35,508 INFO c.h.h.t.HelmChartContainer - [POD] test-hivemq-legacy-platform-hivemq-operator-operator-56c5blzv8d [1869bd20-09a0-400c-a382-de3d4c0223ce] in helmlegacystatefulsetmigrationit-operator was ADDED
2025-01-29 22:13:35,514 INFO c.h.h.t.HelmChartContainer - [K3S] [replica_set.go:679] "Finished syncing" kind="ReplicaSet" key="helmlegacystatefulsetmigrationit-operator/test-hivemq-legacy-platform-hivemq-operator-operator-56c5b9f7b7" duration="13.079435ms"
2025-01-29 22:13:35,516 INFO c.h.h.t.HelmChartContainer - [EVENT] Normal [SuccessfulCreate] Created pod: test-hivemq-legacy-platform-hivemq-operator-operator-56c5blzv8d [helmlegacystatefulsetmigrationit-operator:test-hivemq-legacy-platform-hivemq-operator-operator-56c5b9f7b7]
2025-01-29 22:13:35,530 INFO c.h.h.t.HelmChartContainer - [POD] test-hivemq-legacy-platform-hivemq-operator-operator-56c5blzv8d [1869bd20-09a0-400c-a382-de3d4c0223ce] in helmlegacystatefulsetmigrationit-operator was MODIFIED
2025-01-29 22:13:35,543 INFO c.h.h.t.HelmChartContainer - [EVENT] Normal [Scheduled] Successfully assigned helmlegacystatefulsetmigrationit-operator/test-hivemq-legacy-platform-hivemq-operator-operator-56c5blzv8d to d9a106349f4e [helmlegacystatefulsetmigrationit-operator:test-hivemq-legacy-platform-hivemq-operator-operator-56c5blzv8d]
2025-01-29 22:13:35,557 INFO c.h.h.t.HelmChartContainer - [K3S] [replica_set.go:679] "Finished syncing" kind="ReplicaSet" key="helmlegacystatefulsetmigrationit-operator/test-hivemq-legacy-platform-hivemq-operator-operator-56c5b9f7b7" duration="41.971558ms"
2025-01-29 22:13:35,557 INFO c.h.h.t.HelmChartContainer - [POD] test-hivemq-legacy-platform-hivemq-operator-operator-56c5blzv8d [1869bd20-09a0-400c-a382-de3d4c0223ce] in helmlegacystatefulsetmigrationit-operator was MODIFIED
2025-01-29 22:13:35,586 INFO c.h.h.t.HelmChartContainer - [K3S] [replica_set.go:679] "Finished syncing" kind="ReplicaSet" key="helmlegacystatefulsetmigrationit-operator/test-hivemq-legacy-platform-hivemq-operator-operator-56c5b9f7b7" duration="30.550109ms"
2025-01-29 22:13:35,588 INFO c.h.h.t.HelmChartContainer - [K3S] [replica_set.go:679] "Finished syncing" kind="ReplicaSet" key="helmlegacystatefulsetmigrationit-operator/test-hivemq-legacy-platform-hivemq-operator-operator-56c5b9f7b7" duration="358.102µs"
2025-01-29 22:13:35,643 INFO c.h.h.t.HelmChartContainer - [K3S] [reconciler_common.go:251] "operationExecutor.VerifyControllerAttachedVolume started for volume \"kube-api-access-dn7tg\" (UniqueName: \"kubernetes.io/projected/1869bd20-09a0-400c-a382-de3d4c0223ce-kube-api-access-dn7tg\") pod \"test-hivemq-legacy-platform-hivemq-operator-operator-56c5blzv8d\" (UID: \"1869bd20-09a0-400c-a382-de3d4c0223ce\") " pod="helmlegacystatefulsetmigrationit-operator/test-hivemq-legacy-platform-hivemq-operator-operator-56c5blzv8d"
2025-01-29 22:13:35,643 INFO c.h.h.t.HelmChartContainer - [K3S] [reconciler_common.go:251] "operationExecutor.VerifyControllerAttachedVolume started for volume \"templates\" (UniqueName: \"kubernetes.io/configmap/1869bd20-09a0-400c-a382-de3d4c0223ce-templates\") pod \"test-hivemq-legacy-platform-hivemq-operator-operator-56c5blzv8d\" (UID: \"1869bd20-09a0-400c-a382-de3d4c0223ce\") " pod="helmlegacystatefulsetmigrationit-operator/test-hivemq-legacy-platform-hivemq-operator-operator-56c5blzv8d"
2025-01-29 22:13:35,917 INFO c.h.h.t.HelmChartContainer - [EVENT] Normal [Pulling] Pulling image "hivemq/hivemq-operator:4.7.10" [helmlegacystatefulsetmigrationit-operator:test-hivemq-legacy-platform-hivemq-operator-operator-56c5blzv8d]
2025-01-29 22:13:35,917 INFO c.h.h.t.HelmChartContainer - Received Pulling event for container operator in pod test-hivemq-legacy-platform-hivemq-operator-operator-56c5blzv8d [1869bd20-09a0-400c-a382-de3d4c0223ce]
2025-01-29 22:13:39,226 INFO c.h.h.t.HelmChartContainer - [EVENT] Normal [Pulled] Successfully pulled image "hivemq/hivemq-operator:4.7.10" in 3.309s (3.309s including waiting). Image size: 133174259 bytes. [helmlegacystatefulsetmigrationit-operator:test-hivemq-legacy-platform-hivemq-operator-operator-56c5blzv8d]
2025-01-29 22:13:39,226 INFO c.h.h.t.HelmChartContainer - Received Pulled event for container operator in pod test-hivemq-legacy-platform-hivemq-operator-operator-56c5blzv8d [1869bd20-09a0-400c-a382-de3d4c0223ce]
2025-01-29 22:13:39,246 INFO c.h.h.t.HelmChartContainer - [EVENT] Normal [Created] Created container: operator [helmlegacystatefulsetmigrationit-operator:test-hivemq-legacy-platform-hivemq-operator-operator-56c5blzv8d]
2025-01-29 22:13:39,246 INFO c.h.h.t.HelmChartContainer - Received Created event for container operator in pod test-hivemq-legacy-platform-hivemq-operator-operator-56c5blzv8d [1869bd20-09a0-400c-a382-de3d4c0223ce]
2025-01-29 22:13:40,248 INFO c.h.h.t.HelmChartContainer - [POD] test-hivemq-legacy-platform-hivemq-operator-operator-56c5blzv8d [1869bd20-09a0-400c-a382-de3d4c0223ce] in helmlegacystatefulsetmigrationit-operator was MODIFIED
2025-01-29 22:13:40,254 INFO c.h.h.t.HelmChartContainer - [K3S] [replica_set.go:679] "Finished syncing" kind="ReplicaSet" key="helmlegacystatefulsetmigrationit-operator/test-hivemq-legacy-platform-hivemq-operator-operator-56c5b9f7b7" duration="8.890865ms"
2025-01-29 22:13:40,256 INFO c.h.h.t.HelmChartContainer - [K3S] [replica_set.go:679] "Finished syncing" kind="ReplicaSet" key="helmlegacystatefulsetmigrationit-operator/test-hivemq-legacy-platform-hivemq-operator-operator-56c5b9f7b7" duration="36.048µs"
2025-01-29 22:13:40,259 INFO c.h.h.t.HelmChartContainer - Started log watcher for operator in pod test-hivemq-legacy-platform-hivemq-operator-operator-56c5blzv8d [1869bd20-09a0-400c-a382-de3d4c0223ce]
2025-01-29 22:13:40,260 INFO c.h.h.t.HelmChartContainer - [EVENT] Normal [Started] Started container operator [helmlegacystatefulsetmigrationit-operator:test-hivemq-legacy-platform-hivemq-operator-operator-56c5blzv8d]
2025-01-29 22:13:40,260 INFO c.h.h.t.HelmChartContainer - Received Started event for container operator in pod test-hivemq-legacy-platform-hivemq-operator-operator-56c5blzv8d [1869bd20-09a0-400c-a382-de3d4c0223ce]
2025-01-29 22:13:40,260 INFO c.h.h.t.HelmChartContainer - [test-hivemq-legacy-platform] [operator] [1869bd20] Picked up JAVA_TOOL_OPTIONS: -XX:+UnlockExperimentalVMOptions -XX:InitialRAMPercentage=75 -XX:MaxRAMPercentage=75
2025-01-29 22:13:40,532 INFO c.h.h.t.HelmChartContainer - [test-hivemq-legacy-platform] [operator] [1869bd20]  __  __ _                                  _   
2025-01-29 22:13:40,532 INFO c.h.h.t.HelmChartContainer - [test-hivemq-legacy-platform] [operator] [1869bd20] |  \/  (_) ___ _ __ ___  _ __   __ _ _   _| |_ 
2025-01-29 22:13:40,532 INFO c.h.h.t.HelmChartContainer - [test-hivemq-legacy-platform] [operator] [1869bd20] | |\/| | |/ __| '__/ _ \| '_ \ / _` | | | | __|
2025-01-29 22:13:40,532 INFO c.h.h.t.HelmChartContainer - [test-hivemq-legacy-platform] [operator] [1869bd20] | |  | | | (__| | | (_) | | | | (_| | |_| | |_ 
2025-01-29 22:13:40,532 INFO c.h.h.t.HelmChartContainer - [test-hivemq-legacy-platform] [operator] [1869bd20] |_|  |_|_|\___|_|  \___/|_| |_|\__,_|\__,_|\__|
2025-01-29 22:13:40,595 INFO c.h.h.t.HelmChartContainer - [test-hivemq-legacy-platform] [operator] [1869bd20]   Micronaut (v3.5.2)
2025-01-29 22:13:40,595 INFO c.h.h.t.HelmChartContainer - [test-hivemq-legacy-platform] [operator] [1869bd20] 
2025-01-29 22:13:41,626 INFO com.hivemq.helmcharts.util.K8sUtil - Pod 'test-hivemq-legacy-platform-hivemq-operator-operator-56c5blzv8d' is ready
2025-01-29 22:13:42,627 INFO c.h.h.t.HelmChartContainer - [test-hivemq-legacy-platform] [operator] [1869bd20] ?[36m22:13:42.623?[0;39m ?[1;30m[main]?[0;39m ?[34mINFO ?[0;39m ?[35mio.micronaut.runtime.Micronaut?[0;39m - Startup completed in 2100ms. Server Running: http://test-hivemq-legacy-platform-hivemq-operator-operator-56c5blzv8d:8443
2025-01-29 22:13:43,637 INFO c.h.h.t.HelmChartContainer - [test-hivemq-legacy-platform] [operator] [1869bd20] ?[36m22:13:43.636?[0;39m ?[1;30m[main]?[0;39m ?[34mINFO ?[0;39m ?[35mcom.hivemq.Operator?[0;39m - Initializing HiveMQ operator
2025-01-29 22:13:44,611 INFO c.h.h.t.HelmChartContainer - [test-hivemq-legacy-platform] [operator] [1869bd20] ?[36m22:13:44.610?[0;39m ?[1;30m[main]?[0;39m ?[34mINFO ?[0;39m ?[35mcom.hivemq.Operator?[0;39m - Operating from namespace 'helmlegacystatefulsetmigrationit-operator'
2025-01-29 22:13:44,815 INFO c.h.h.t.HelmChartContainer - [test-hivemq-legacy-platform] [operator] [1869bd20] ?[36m22:13:44.813?[0;39m ?[1;30m[pool-3-thread-1]?[0;39m ?[34mINFO ?[0;39m ?[35mcom.hivemq.AbstractWatcher?[0;39m - CustomResource watcher running for kinds HiveMQCluster
2025-01-29 22:13:45,320 INFO c.h.h.t.HelmChartContainer - [test-hivemq-legacy-platform] [operator] [1869bd20] ?[36m22:13:45.318?[0;39m ?[1;30m[main]?[0;39m ?[34mINFO ?[0;39m ?[35mcom.hivemq.Operator?[0;39m - Operator started in 1682ms
2025-01-29 22:13:45,624 INFO c.h.h.t.HelmChartContainer - [test-hivemq-legacy-platform] [operator] [1869bd20] ?[36m22:13:45.623?[0;39m ?[1;30m[pool-3-thread-2]?[0;39m ?[34mINFO ?[0;39m ?[35mcom.hivemq.Operator?[0;39m - Syncing state for cluster 'test-hivemq-legacy-platform' in namespace 'helmlegacystatefulsetmigrationit-operator'
2025-01-29 22:13:46,021 INFO c.h.h.t.HelmChartContainer - [K3S] [alloc.go:330] "allocated clusterIPs" service="helmlegacystatefulsetmigrationit-operator/hivemq-test-hivemq-legacy-platform-mqtt" clusterIPs={"IPv4":"10.43.115.194"}
2025-01-29 22:13:46,023 INFO c.h.h.t.HelmChartContainer - [K3S] [alloc.go:330] "allocated clusterIPs" service="helmlegacystatefulsetmigrationit-operator/hivemq-test-hivemq-legacy-platform-metrics" clusterIPs={"IPv4":"10.43.223.157"}
2025-01-29 22:13:46,034 INFO c.h.h.t.HelmChartContainer - [K3S] [alloc.go:330] "allocated clusterIPs" service="helmlegacystatefulsetmigrationit-operator/hivemq-test-hivemq-legacy-platform-api" clusterIPs={"IPv4":"10.43.201.202"}
2025-01-29 22:13:46,037 INFO c.h.h.t.HelmChartContainer - [K3S] [alloc.go:330] "allocated clusterIPs" service="helmlegacystatefulsetmigrationit-operator/hivemq-test-hivemq-legacy-platform-cc" clusterIPs={"IPv4":"10.43.128.10"}
2025-01-29 22:13:46,322 DEBUG com.hivemq.helmcharts.util.K8sUtil - Comparing actual state 'Pending' and waiting for 'Running'
2025-01-29 22:13:47,334 DEBUG com.hivemq.helmcharts.util.K8sUtil - Comparing actual state 'Pending' and waiting for 'Running'
2025-01-29 22:13:47,518 INFO c.h.h.t.HelmChartContainer - [test-hivemq-legacy-platform] [operator] [1869bd20] ?[36m22:13:47.517?[0;39m ?[1;30m[pool-3-thread-9]?[0;39m ?[34mINFO ?[0;39m ?[35mcom.hivemq.Operator?[0;39m - Syncing state for cluster 'test-hivemq-legacy-platform' in namespace 'helmlegacystatefulsetmigrationit-operator'
2025-01-29 22:13:47,833 INFO c.h.h.t.HelmChartContainer - [EVENT] Normal [SuccessfulCreate] create Claim data-test-hivemq-legacy-platform-0 Pod test-hivemq-legacy-platform-0 in StatefulSet test-hivemq-legacy-platform success [helmlegacystatefulsetmigrationit-operator:test-hivemq-legacy-platform]
2025-01-29 22:13:47,842 INFO c.h.h.t.HelmChartContainer - [EVENT] Normal [WaitForFirstConsumer] waiting for first consumer to be created before binding [helmlegacystatefulsetmigrationit-operator:data-test-hivemq-legacy-platform-0]
2025-01-29 22:13:47,843 INFO c.h.h.t.HelmChartContainer - [POD] test-hivemq-legacy-platform-0 [a9ae7f21-1ace-4521-af30-7d8c2c9fd8d7] in helmlegacystatefulsetmigrationit-operator was ADDED
2025-01-29 22:13:47,844 INFO c.h.h.t.HelmChartContainer - [EVENT] Normal [SuccessfulCreate] create Pod test-hivemq-legacy-platform-0 in StatefulSet test-hivemq-legacy-platform successful [helmlegacystatefulsetmigrationit-operator:test-hivemq-legacy-platform]
2025-01-29 22:13:47,853 INFO c.h.h.t.HelmChartContainer - [EVENT] Normal [ExternalProvisioning] Waiting for a volume to be created either by the external provisioner 'rancher.io/local-path' or manually by the system administrator. If volume creation is delayed, please verify that the provisioner is running and correctly registered. [helmlegacystatefulsetmigrationit-operator:data-test-hivemq-legacy-platform-0]
2025-01-29 22:13:47,857 INFO c.h.h.t.HelmChartContainer - [EVENT] Normal [ExternalProvisioning] Waiting for a volume to be created either by the external provisioner 'rancher.io/local-path' or manually by the system administrator. If volume creation is delayed, please verify that the provisioner is running and correctly registered. [helmlegacystatefulsetmigrationit-operator:data-test-hivemq-legacy-platform-0]
2025-01-29 22:13:47,860 INFO c.h.h.t.HelmChartContainer - [EVENT] Normal [Provisioning] External provisioner is provisioning volume for claim "helmlegacystatefulsetmigrationit-operator/data-test-hivemq-legacy-platform-0" [helmlegacystatefulsetmigrationit-operator:data-test-hivemq-legacy-platform-0]
2025-01-29 22:13:47,935 INFO c.h.h.t.HelmChartContainer - [POD] helper-pod-create-pvc-b301cd7c-0ffa-4b5e-8efd-db957ae4d9a5 [0b928c6f-2fea-4a21-b400-924c7c18ffa6] in kube-system was ADDED
2025-01-29 22:13:47,948 INFO c.h.h.t.HelmChartContainer - [POD] helper-pod-create-pvc-b301cd7c-0ffa-4b5e-8efd-db957ae4d9a5 [0b928c6f-2fea-4a21-b400-924c7c18ffa6] in kube-system was MODIFIED
2025-01-29 22:13:48,020 INFO c.h.h.t.HelmChartContainer - [K3S] [reconciler_common.go:251] "operationExecutor.VerifyControllerAttachedVolume started for volume \"data\" (UniqueName: \"kubernetes.io/host-path/0b928c6f-2fea-4a21-b400-924c7c18ffa6-data\") pod \"helper-pod-create-pvc-b301cd7c-0ffa-4b5e-8efd-db957ae4d9a5\" (UID: \"0b928c6f-2fea-4a21-b400-924c7c18ffa6\") " pod="kube-system/helper-pod-create-pvc-b301cd7c-0ffa-4b5e-8efd-db957ae4d9a5"
2025-01-29 22:13:48,020 INFO c.h.h.t.HelmChartContainer - [K3S] [reconciler_common.go:251] "operationExecutor.VerifyControllerAttachedVolume started for volume \"script\" (UniqueName: \"kubernetes.io/configmap/0b928c6f-2fea-4a21-b400-924c7c18ffa6-script\") pod \"helper-pod-create-pvc-b301cd7c-0ffa-4b5e-8efd-db957ae4d9a5\" (UID: \"0b928c6f-2fea-4a21-b400-924c7c18ffa6\") " pod="kube-system/helper-pod-create-pvc-b301cd7c-0ffa-4b5e-8efd-db957ae4d9a5"
2025-01-29 22:13:48,021 INFO c.h.h.t.HelmChartContainer - [K3S] [reconciler_common.go:251] "operationExecutor.VerifyControllerAttachedVolume started for volume \"kube-api-access-5qq72\" (UniqueName: \"kubernetes.io/projected/0b928c6f-2fea-4a21-b400-924c7c18ffa6-kube-api-access-5qq72\") pod \"helper-pod-create-pvc-b301cd7c-0ffa-4b5e-8efd-db957ae4d9a5\" (UID: \"0b928c6f-2fea-4a21-b400-924c7c18ffa6\") " pod="kube-system/helper-pod-create-pvc-b301cd7c-0ffa-4b5e-8efd-db957ae4d9a5"
2025-01-29 22:13:48,424 DEBUG com.hivemq.helmcharts.util.K8sUtil - Comparing actual state 'Pending' and waiting for 'Running'
2025-01-29 22:13:49,021 DEBUG com.hivemq.helmcharts.util.K8sUtil - Comparing actual state 'Updating' and waiting for 'Running'
2025-01-29 22:13:49,259 INFO c.h.h.t.HelmChartContainer - [POD] helper-pod-create-pvc-b301cd7c-0ffa-4b5e-8efd-db957ae4d9a5 [0b928c6f-2fea-4a21-b400-924c7c18ffa6] in kube-system was MODIFIED
2025-01-29 22:13:50,262 INFO c.h.h.t.HelmChartContainer - [POD] helper-pod-create-pvc-b301cd7c-0ffa-4b5e-8efd-db957ae4d9a5 [0b928c6f-2fea-4a21-b400-924c7c18ffa6] in kube-system was MODIFIED
2025-01-29 22:13:51,325 INFO c.h.h.t.HelmChartContainer - [POD] helper-pod-create-pvc-b301cd7c-0ffa-4b5e-8efd-db957ae4d9a5 [0b928c6f-2fea-4a21-b400-924c7c18ffa6] in kube-system was MODIFIED
2025-01-29 22:13:51,438 INFO c.h.h.t.HelmChartContainer - [K3S] [reconciler_common.go:162] "operationExecutor.UnmountVolume started for volume \"script\" (UniqueName: \"kubernetes.io/configmap/0b928c6f-2fea-4a21-b400-924c7c18ffa6-script\") pod \"0b928c6f-2fea-4a21-b400-924c7c18ffa6\" (UID: \"0b928c6f-2fea-4a21-b400-924c7c18ffa6\") "
2025-01-29 22:13:51,438 INFO c.h.h.t.HelmChartContainer - [K3S] [reconciler_common.go:162] "operationExecutor.UnmountVolume started for volume \"kube-api-access-5qq72\" (UniqueName: \"kubernetes.io/projected/0b928c6f-2fea-4a21-b400-924c7c18ffa6-kube-api-access-5qq72\") pod \"0b928c6f-2fea-4a21-b400-924c7c18ffa6\" (UID: \"0b928c6f-2fea-4a21-b400-924c7c18ffa6\") "
2025-01-29 22:13:51,438 INFO c.h.h.t.HelmChartContainer - [K3S] [reconciler_common.go:162] "operationExecutor.UnmountVolume started for volume \"data\" (UniqueName: \"kubernetes.io/host-path/0b928c6f-2fea-4a21-b400-924c7c18ffa6-data\") pod \"0b928c6f-2fea-4a21-b400-924c7c18ffa6\" (UID: \"0b928c6f-2fea-4a21-b400-924c7c18ffa6\") "
2025-01-29 22:13:51,539 INFO c.h.h.t.HelmChartContainer - [K3S] [reconciler_common.go:299] "Volume detached for volume \"data\" (UniqueName: \"kubernetes.io/host-path/0b928c6f-2fea-4a21-b400-924c7c18ffa6-data\") on node \"d9a106349f4e\" DevicePath \"\""
2025-01-29 22:13:51,539 INFO c.h.h.t.HelmChartContainer - [K3S] [reconciler_common.go:299] "Volume detached for volume \"script\" (UniqueName: \"kubernetes.io/configmap/0b928c6f-2fea-4a21-b400-924c7c18ffa6-script\") on node \"d9a106349f4e\" DevicePath \"\""
2025-01-29 22:13:51,539 INFO c.h.h.t.HelmChartContainer - [K3S] [reconciler_common.go:299] "Volume detached for volume \"kube-api-access-5qq72\" (UniqueName: \"kubernetes.io/projected/0b928c6f-2fea-4a21-b400-924c7c18ffa6-kube-api-access-5qq72\") on node \"d9a106349f4e\" DevicePath \"\""
2025-01-29 22:13:51,959 INFO c.h.h.t.HelmChartContainer - [POD] helper-pod-create-pvc-b301cd7c-0ffa-4b5e-8efd-db957ae4d9a5 [0b928c6f-2fea-4a21-b400-924c7c18ffa6] in kube-system was MODIFIED
2025-01-29 22:13:51,966 INFO c.h.h.t.HelmChartContainer - [POD] helper-pod-create-pvc-b301cd7c-0ffa-4b5e-8efd-db957ae4d9a5 [0b928c6f-2fea-4a21-b400-924c7c18ffa6] in kube-system was DELETED
2025-01-29 22:13:51,980 INFO c.h.h.t.HelmChartContainer - [EVENT] Normal [ProvisioningSucceeded] Successfully provisioned volume pvc-b301cd7c-0ffa-4b5e-8efd-db957ae4d9a5 [helmlegacystatefulsetmigrationit-operator:data-test-hivemq-legacy-platform-0]
2025-01-29 22:13:52,259 INFO c.h.h.t.HelmChartContainer - [K3S] [pod_container_deletor.go:80] "Container not found in pod's containers" containerID="ec552be71674591c845ce07f72cc2ec209db6a7a6697b83af2f23720a100e40c"
2025-01-29 22:13:52,260 INFO c.h.h.t.HelmChartContainer - [K3S] [status_manager.go:890] "Failed to get status for pod" podUID="0b928c6f-2fea-4a21-b400-924c7c18ffa6" pod="kube-system/helper-pod-create-pvc-b301cd7c-0ffa-4b5e-8efd-db957ae4d9a5" err="pods \"helper-pod-create-pvc-b301cd7c-0ffa-4b5e-8efd-db957ae4d9a5\" is forbidden: User \"system:node:d9a106349f4e\" cannot get resource \"pods\" in API group \"\" in the namespace \"kube-system\": no relationship found between node 'd9a106349f4e' and this object"
2025-01-29 22:13:52,850 INFO c.h.h.t.HelmChartContainer - [K3S] [memory_manager.go:355] "RemoveStaleState removing state" podUID="0b928c6f-2fea-4a21-b400-924c7c18ffa6" containerName="helper-pod"
2025-01-29 22:13:52,858 INFO c.h.h.t.HelmChartContainer - [POD] test-hivemq-legacy-platform-0 [a9ae7f21-1ace-4521-af30-7d8c2c9fd8d7] in helmlegacystatefulsetmigrationit-operator was MODIFIED
2025-01-29 22:13:52,858 INFO c.h.h.t.HelmChartContainer - [EVENT] Normal [Scheduled] Successfully assigned helmlegacystatefulsetmigrationit-operator/test-hivemq-legacy-platform-0 to d9a106349f4e [helmlegacystatefulsetmigrationit-operator:test-hivemq-legacy-platform-0]
2025-01-29 22:13:52,859 INFO c.h.h.t.HelmChartContainer - [K3S] [status_manager.go:890] "Failed to get status for pod" podUID="0b928c6f-2fea-4a21-b400-924c7c18ffa6" pod="kube-system/helper-pod-create-pvc-b301cd7c-0ffa-4b5e-8efd-db957ae4d9a5" err="pods \"helper-pod-create-pvc-b301cd7c-0ffa-4b5e-8efd-db957ae4d9a5\" is forbidden: User \"system:node:d9a106349f4e\" cannot get resource \"pods\" in API group \"\" in the namespace \"kube-system\": no relationship found between node 'd9a106349f4e' and this object"
2025-01-29 22:13:52,882 INFO c.h.h.t.HelmChartContainer - [POD] test-hivemq-legacy-platform-0 [a9ae7f21-1ace-4521-af30-7d8c2c9fd8d7] in helmlegacystatefulsetmigrationit-operator was MODIFIED
2025-01-29 22:13:52,948 INFO c.h.h.t.HelmChartContainer - [K3S] [reconciler_common.go:251] "operationExecutor.VerifyControllerAttachedVolume started for volume \"conf-override\" (UniqueName: \"kubernetes.io/empty-dir/a9ae7f21-1ace-4521-af30-7d8c2c9fd8d7-conf-override\") pod \"test-hivemq-legacy-platform-0\" (UID: \"a9ae7f21-1ace-4521-af30-7d8c2c9fd8d7\") " pod="helmlegacystatefulsetmigrationit-operator/test-hivemq-legacy-platform-0"
2025-01-29 22:13:52,948 INFO c.h.h.t.HelmChartContainer - [K3S] [reconciler_common.go:251] "operationExecutor.VerifyControllerAttachedVolume started for volume \"heap-dumps\" (UniqueName: \"kubernetes.io/empty-dir/a9ae7f21-1ace-4521-af30-7d8c2c9fd8d7-heap-dumps\") pod \"test-hivemq-legacy-platform-0\" (UID: \"a9ae7f21-1ace-4521-af30-7d8c2c9fd8d7\") " pod="helmlegacystatefulsetmigrationit-operator/test-hivemq-legacy-platform-0"
2025-01-29 22:13:52,948 INFO c.h.h.t.HelmChartContainer - [K3S] [reconciler_common.go:251] "operationExecutor.VerifyControllerAttachedVolume started for volume \"live-info\" (UniqueName: \"kubernetes.io/configmap/a9ae7f21-1ace-4521-af30-7d8c2c9fd8d7-live-info\") pod \"test-hivemq-legacy-platform-0\" (UID: \"a9ae7f21-1ace-4521-af30-7d8c2c9fd8d7\") " pod="helmlegacystatefulsetmigrationit-operator/test-hivemq-legacy-platform-0"
2025-01-29 22:13:52,948 INFO c.h.h.t.HelmChartContainer - [K3S] [reconciler_common.go:251] "operationExecutor.VerifyControllerAttachedVolume started for volume \"shared-data\" (UniqueName: \"kubernetes.io/empty-dir/a9ae7f21-1ace-4521-af30-7d8c2c9fd8d7-shared-data\") pod \"test-hivemq-legacy-platform-0\" (UID: \"a9ae7f21-1ace-4521-af30-7d8c2c9fd8d7\") " pod="helmlegacystatefulsetmigrationit-operator/test-hivemq-legacy-platform-0"
2025-01-29 22:13:52,949 INFO c.h.h.t.HelmChartContainer - [K3S] [reconciler_common.go:251] "operationExecutor.VerifyControllerAttachedVolume started for volume \"dns-wait-config\" (UniqueName: \"kubernetes.io/configmap/a9ae7f21-1ace-4521-af30-7d8c2c9fd8d7-dns-wait-config\") pod \"test-hivemq-legacy-platform-0\" (UID: \"a9ae7f21-1ace-4521-af30-7d8c2c9fd8d7\") " pod="helmlegacystatefulsetmigrationit-operator/test-hivemq-legacy-platform-0"
2025-01-29 22:13:52,949 INFO c.h.h.t.HelmChartContainer - [K3S] [reconciler_common.go:251] "operationExecutor.VerifyControllerAttachedVolume started for volume \"ese-configuration\" (UniqueName: \"kubernetes.io/configmap/a9ae7f21-1ace-4521-af30-7d8c2c9fd8d7-ese-configuration\") pod \"test-hivemq-legacy-platform-0\" (UID: \"a9ae7f21-1ace-4521-af30-7d8c2c9fd8d7\") " pod="helmlegacystatefulsetmigrationit-operator/test-hivemq-legacy-platform-0"
2025-01-29 22:13:52,949 INFO c.h.h.t.HelmChartContainer - [K3S] [reconciler_common.go:251] "operationExecutor.VerifyControllerAttachedVolume started for volume \"ese-file-realm\" (UniqueName: \"kubernetes.io/configmap/a9ae7f21-1ace-4521-af30-7d8c2c9fd8d7-ese-file-realm\") pod \"test-hivemq-legacy-platform-0\" (UID: \"a9ae7f21-1ace-4521-af30-7d8c2c9fd8d7\") " pod="helmlegacystatefulsetmigrationit-operator/test-hivemq-legacy-platform-0"
2025-01-29 22:13:52,949 INFO c.h.h.t.HelmChartContainer - [K3S] [reconciler_common.go:251] "operationExecutor.VerifyControllerAttachedVolume started for volume \"backup\" (UniqueName: \"kubernetes.io/empty-dir/a9ae7f21-1ace-4521-af30-7d8c2c9fd8d7-backup\") pod \"test-hivemq-legacy-platform-0\" (UID: \"a9ae7f21-1ace-4521-af30-7d8c2c9fd8d7\") " pod="helmlegacystatefulsetmigrationit-operator/test-hivemq-legacy-platform-0"
2025-01-29 22:13:52,949 INFO c.h.h.t.HelmChartContainer - [K3S] [reconciler_common.go:251] "operationExecutor.VerifyControllerAttachedVolume started for volume \"audit\" (UniqueName: \"kubernetes.io/empty-dir/a9ae7f21-1ace-4521-af30-7d8c2c9fd8d7-audit\") pod \"test-hivemq-legacy-platform-0\" (UID: \"a9ae7f21-1ace-4521-af30-7d8c2c9fd8d7\") " pod="helmlegacystatefulsetmigrationit-operator/test-hivemq-legacy-platform-0"
2025-01-29 22:13:52,949 INFO c.h.h.t.HelmChartContainer - [K3S] [reconciler_common.go:251] "operationExecutor.VerifyControllerAttachedVolume started for volume \"pvc-b301cd7c-0ffa-4b5e-8efd-db957ae4d9a5\" (UniqueName: \"kubernetes.io/local-volume/pvc-b301cd7c-0ffa-4b5e-8efd-db957ae4d9a5\") pod \"test-hivemq-legacy-platform-0\" (UID: \"a9ae7f21-1ace-4521-af30-7d8c2c9fd8d7\") " pod="helmlegacystatefulsetmigrationit-operator/test-hivemq-legacy-platform-0"
2025-01-29 22:13:52,949 INFO c.h.h.t.HelmChartContainer - [K3S] [reconciler_common.go:251] "operationExecutor.VerifyControllerAttachedVolume started for volume \"log\" (UniqueName: \"kubernetes.io/empty-dir/a9ae7f21-1ace-4521-af30-7d8c2c9fd8d7-log\") pod \"test-hivemq-legacy-platform-0\" (UID: \"a9ae7f21-1ace-4521-af30-7d8c2c9fd8d7\") " pod="helmlegacystatefulsetmigrationit-operator/test-hivemq-legacy-platform-0"
2025-01-29 22:13:52,949 INFO c.h.h.t.HelmChartContainer - [K3S] [reconciler_common.go:251] "operationExecutor.VerifyControllerAttachedVolume started for volume \"kube-api-access-bh5th\" (UniqueName: \"kubernetes.io/projected/a9ae7f21-1ace-4521-af30-7d8c2c9fd8d7-kube-api-access-bh5th\") pod \"test-hivemq-legacy-platform-0\" (UID: \"a9ae7f21-1ace-4521-af30-7d8c2c9fd8d7\") " pod="helmlegacystatefulsetmigrationit-operator/test-hivemq-legacy-platform-0"
2025-01-29 22:13:53,238 INFO c.h.h.t.HelmChartContainer - [EVENT] Normal [Pulling] Pulling image "busybox:latest" [helmlegacystatefulsetmigrationit-operator:test-hivemq-legacy-platform-0]
2025-01-29 22:13:53,679 INFO c.h.h.t.HelmChartContainer - [EVENT] Normal [Pulled] Successfully pulled image "busybox:latest" in 442ms (442ms including waiting). Image size: 2167089 bytes. [helmlegacystatefulsetmigrationit-operator:test-hivemq-legacy-platform-0]
2025-01-29 22:13:53,687 INFO c.h.h.t.HelmChartContainer - [EVENT] Normal [Created] Created container: init-shared [helmlegacystatefulsetmigrationit-operator:test-hivemq-legacy-platform-0]
2025-01-29 22:13:53,731 INFO c.h.h.t.HelmChartContainer - [EVENT] Normal [Started] Started container init-shared [helmlegacystatefulsetmigrationit-operator:test-hivemq-legacy-platform-0]
2025-01-29 22:13:53,957 INFO c.h.h.t.HelmChartContainer - [K3S] [kubelet_volumes.go:163] "Cleaned up orphaned pod volumes dir" podUID="0b928c6f-2fea-4a21-b400-924c7c18ffa6" path="/var/lib/kubelet/pods/0b928c6f-2fea-4a21-b400-924c7c18ffa6/volumes"
2025-01-29 22:13:54,101 INFO c.h.h.t.HelmChartContainer - [K3S] [range_allocator.go:247] "Successfully synced" key="d9a106349f4e"
2025-01-29 22:13:54,267 INFO c.h.h.t.HelmChartContainer - [EVENT] Normal [Pulling] Pulling image "hivemq/init-dns-wait:1.0.0" [helmlegacystatefulsetmigrationit-operator:test-hivemq-legacy-platform-0]
2025-01-29 22:13:54,287 INFO c.h.h.t.HelmChartContainer - [POD] test-hivemq-legacy-platform-0 [a9ae7f21-1ace-4521-af30-7d8c2c9fd8d7] in helmlegacystatefulsetmigrationit-operator was MODIFIED
2025-01-29 22:13:54,884 INFO c.h.h.t.HelmChartContainer - [EVENT] Normal [Pulled] Successfully pulled image "hivemq/init-dns-wait:1.0.0" in 616ms (616ms including waiting). Image size: 9765054 bytes. [helmlegacystatefulsetmigrationit-operator:test-hivemq-legacy-platform-0]
2025-01-29 22:13:54,891 INFO c.h.h.t.HelmChartContainer - [EVENT] Normal [Created] Created container: dns-wait [helmlegacystatefulsetmigrationit-operator:test-hivemq-legacy-platform-0]
2025-01-29 22:13:54,929 INFO c.h.h.t.HelmChartContainer - [EVENT] Normal [Started] Started container dns-wait [helmlegacystatefulsetmigrationit-operator:test-hivemq-legacy-platform-0]
2025-01-29 22:13:55,282 INFO c.h.h.t.HelmChartContainer - [POD] test-hivemq-legacy-platform-0 [a9ae7f21-1ace-4521-af30-7d8c2c9fd8d7] in helmlegacystatefulsetmigrationit-operator was MODIFIED
2025-01-29 22:14:05,286 INFO c.h.h.t.HelmChartContainer - [EVENT] Normal [Pulling] Pulling image "hivemq/hivemq4:k8s-4.36.0" [helmlegacystatefulsetmigrationit-operator:test-hivemq-legacy-platform-0]
2025-01-29 22:14:05,286 INFO c.h.h.t.HelmChartContainer - Received Pulling event for container hivemq in pod test-hivemq-legacy-platform-0 [a9ae7f21-1ace-4521-af30-7d8c2c9fd8d7]
2025-01-29 22:14:05,299 INFO c.h.h.t.HelmChartContainer - [POD] test-hivemq-legacy-platform-0 [a9ae7f21-1ace-4521-af30-7d8c2c9fd8d7] in helmlegacystatefulsetmigrationit-operator was MODIFIED
2025-01-29 22:14:11,473 INFO c.h.h.t.HelmChartContainer - [EVENT] Normal [Pulled] Successfully pulled image "hivemq/hivemq4:k8s-4.36.0" in 6.187s (6.187s including waiting). Image size: 699327787 bytes. [helmlegacystatefulsetmigrationit-operator:test-hivemq-legacy-platform-0]
2025-01-29 22:14:11,473 INFO c.h.h.t.HelmChartContainer - Received Pulled event for container hivemq in pod test-hivemq-legacy-platform-0 [a9ae7f21-1ace-4521-af30-7d8c2c9fd8d7]
2025-01-29 22:14:11,486 INFO c.h.h.t.HelmChartContainer - [EVENT] Normal [Created] Created container: hivemq [helmlegacystatefulsetmigrationit-operator:test-hivemq-legacy-platform-0]
2025-01-29 22:14:11,486 INFO c.h.h.t.HelmChartContainer - Received Created event for container hivemq in pod test-hivemq-legacy-platform-0 [a9ae7f21-1ace-4521-af30-7d8c2c9fd8d7]
2025-01-29 22:14:12,313 INFO c.h.h.t.HelmChartContainer - [POD] test-hivemq-legacy-platform-0 [a9ae7f21-1ace-4521-af30-7d8c2c9fd8d7] in helmlegacystatefulsetmigrationit-operator was MODIFIED
2025-01-29 22:14:12,322 INFO c.h.h.t.HelmChartContainer - [EVENT] Normal [Started] Started container hivemq [helmlegacystatefulsetmigrationit-operator:test-hivemq-legacy-platform-0]
2025-01-29 22:14:12,322 INFO c.h.h.t.HelmChartContainer - Started log watcher for hivemq in pod test-hivemq-legacy-platform-0 [a9ae7f21-1ace-4521-af30-7d8c2c9fd8d7]
2025-01-29 22:14:12,322 INFO c.h.h.t.HelmChartContainer - Received Started event for container hivemq in pod test-hivemq-legacy-platform-0 [a9ae7f21-1ace-4521-af30-7d8c2c9fd8d7]
2025-01-29 22:14:12,322 INFO c.h.h.t.HelmChartContainer - [test-hivemq-legacy-platform] [hivemq] [a9ae7f21] Copying external files
2025-01-29 22:14:12,324 INFO c.h.h.t.HelmChartContainer - [test-hivemq-legacy-platform] [hivemq] [a9ae7f21] '/conf-override/extensions/hivemq-enterprise-security-extension/..2025_01_29_22_13_53.2571013101' -> '/opt/hivemq/extensions/hivemq-enterprise-security-extension/..2025_01_29_22_13_53.2571013101'
2025-01-29 22:14:12,326 INFO c.h.h.t.HelmChartContainer - [test-hivemq-legacy-platform] [hivemq] [a9ae7f21] '/conf-override/extensions/hivemq-enterprise-security-extension/..2025_01_29_22_13_53.2571013101/enterprise-security-extension.xml' -> '/opt/hivemq/extensions/hivemq-enterprise-security-extension/..2025_01_29_22_13_53.2571013101/enterprise-security-extension.xml'
2025-01-29 22:14:12,326 INFO c.h.h.t.HelmChartContainer - [test-hivemq-legacy-platform] [hivemq] [a9ae7f21] '/conf-override/extensions/hivemq-enterprise-security-extension/..data' -> '/opt/hivemq/extensions/hivemq-enterprise-security-extension/..data'
2025-01-29 22:14:12,326 INFO c.h.h.t.HelmChartContainer - [test-hivemq-legacy-platform] [hivemq] [a9ae7f21] '/conf-override/extensions/hivemq-enterprise-security-extension/enterprise-security-extension.xml' -> '/opt/hivemq/extensions/hivemq-enterprise-security-extension/enterprise-security-extension.xml'
2025-01-29 22:14:12,326 INFO c.h.h.t.HelmChartContainer - [test-hivemq-legacy-platform] [hivemq] [a9ae7f21] Rewriting config.xml...
2025-01-29 22:14:12,326 INFO c.h.h.t.HelmChartContainer - [test-hivemq-legacy-platform] [hivemq] [a9ae7f21] Creating initial lastUpdate files...
2025-01-29 22:14:12,326 INFO c.h.h.t.HelmChartContainer - [test-hivemq-legacy-platform] [hivemq] [a9ae7f21] '/conf-override/extensions/hivemq-enterprise-security-extension/..2025_01_29_22_13_53.2571013101/enterprise-security-extension.xml' -> '/opt/hivemq/extensions/hivemq-enterprise-security-extension/..2025_01_29_22_13_53.2571013101/enterprise-security-extension.xml.lastUpdate'
2025-01-29 22:14:12,326 INFO c.h.h.t.HelmChartContainer - [test-hivemq-legacy-platform] [hivemq] [a9ae7f21] Pod info:
2025-01-29 22:14:12,326 INFO c.h.h.t.HelmChartContainer - [test-hivemq-legacy-platform] [hivemq] [a9ae7f21] extension-names=hivemq-enterprise-security-extension
2025-01-29 22:14:12,326 INFO c.h.h.t.HelmChartContainer - [test-hivemq-legacy-platform] [hivemq] [a9ae7f21] extension-uris=preinstalled
2025-01-29 22:14:12,326 INFO c.h.h.t.HelmChartContainer - [test-hivemq-legacy-platform] [hivemq] [a9ae7f21] extension-states=true
2025-01-29 22:14:12,326 INFO c.h.h.t.HelmChartContainer - [test-hivemq-legacy-platform] [hivemq] [a9ae7f21] extensions-static=false
2025-01-29 22:14:12,326 INFO c.h.h.t.HelmChartContainer - [test-hivemq-legacy-platform] [hivemq] [a9ae7f21] Installing extension #0 with name: hivemq-enterprise-security-extension, URI: preinstalled, enabled state: true
2025-01-29 22:14:12,326 INFO c.h.h.t.HelmChartContainer - [test-hivemq-legacy-platform] [hivemq] [a9ae7f21] + [[ 3 != 3 ]]
2025-01-29 22:14:12,326 INFO c.h.h.t.HelmChartContainer - [test-hivemq-legacy-platform] [hivemq] [a9ae7f21] + EXTENSION_URI=preinstalled
2025-01-29 22:14:12,326 INFO c.h.h.t.HelmChartContainer - [test-hivemq-legacy-platform] [hivemq] [a9ae7f21] + EXTENSION_NAME=hivemq-enterprise-security-extension
2025-01-29 22:14:12,326 INFO c.h.h.t.HelmChartContainer - [test-hivemq-legacy-platform] [hivemq] [a9ae7f21] + TARGET_STATE=true
2025-01-29 22:14:12,326 INFO c.h.h.t.HelmChartContainer - [test-hivemq-legacy-platform] [hivemq] [a9ae7f21] + TARGET_DIR=/opt/hivemq/extensions/hivemq-enterprise-security-extension
2025-01-29 22:14:12,326 INFO c.h.h.t.HelmChartContainer - [test-hivemq-legacy-platform] [hivemq] [a9ae7f21] ++ mktemp -d
2025-01-29 22:14:12,326 INFO c.h.h.t.HelmChartContainer - [test-hivemq-legacy-platform] [hivemq] [a9ae7f21] + install_dir=/tmp/tmp.GwkQsebPe4
2025-01-29 22:14:12,326 INFO c.h.h.t.HelmChartContainer - [test-hivemq-legacy-platform] [hivemq] [a9ae7f21] + set +e
2025-01-29 22:14:12,326 INFO c.h.h.t.HelmChartContainer - [test-hivemq-legacy-platform] [hivemq] [a9ae7f21] + [[ -f /opt/hivemq/extensions/hivemq-enterprise-security-extension/DISABLED ]]
2025-01-29 22:14:12,326 INFO c.h.h.t.HelmChartContainer - [test-hivemq-legacy-platform] [hivemq] [a9ae7f21] + was_enabled=0
2025-01-29 22:14:12,326 INFO c.h.h.t.HelmChartContainer - [test-hivemq-legacy-platform] [hivemq] [a9ae7f21] + set -e
2025-01-29 22:14:12,326 INFO c.h.h.t.HelmChartContainer - [test-hivemq-legacy-platform] [hivemq] [a9ae7f21] + [[ preinstalled != \p\r\e\i\n\s\t\a\l\l\e\d ]]
2025-01-29 22:14:12,326 INFO c.h.h.t.HelmChartContainer - [test-hivemq-legacy-platform] [hivemq] [a9ae7f21] + [[ true == \f\a\l\s\e ]]
2025-01-29 22:14:12,326 INFO c.h.h.t.HelmChartContainer - [test-hivemq-legacy-platform] [hivemq] [a9ae7f21] + [[ -f /opt/hivemq/extensions/hivemq-enterprise-security-extension/DISABLED ]]
2025-01-29 22:14:12,326 INFO c.h.h.t.HelmChartContainer - [test-hivemq-legacy-platform] [hivemq] [a9ae7f21] + rm -f /opt/hivemq/extensions/hivemq-enterprise-security-extension/DISABLED
2025-01-29 22:14:12,326 INFO c.h.h.t.HelmChartContainer - [test-hivemq-legacy-platform] [hivemq] [a9ae7f21] + was_enabled=0
2025-01-29 22:14:12,326 INFO c.h.h.t.HelmChartContainer - [test-hivemq-legacy-platform] [hivemq] [a9ae7f21] + [[ preinstalled != \p\r\e\i\n\s\t\a\l\l\e\d ]]
2025-01-29 22:14:12,326 INFO c.h.h.t.HelmChartContainer - [test-hivemq-legacy-platform] [hivemq] [a9ae7f21] + /opt/hivemq/bin/run_initialization.sh hivemq-enterprise-security-extension
2025-01-29 22:14:12,326 INFO c.h.h.t.HelmChartContainer - [test-hivemq-legacy-platform] [hivemq] [a9ae7f21] + EXTENSION_NAME=hivemq-enterprise-security-extension
2025-01-29 22:14:12,326 INFO c.h.h.t.HelmChartContainer - [test-hivemq-legacy-platform] [hivemq] [a9ae7f21] + TARGET_DIR=/opt/hivemq/extensions/hivemq-enterprise-security-extension
2025-01-29 22:14:12,326 INFO c.h.h.t.HelmChartContainer - [test-hivemq-legacy-platform] [hivemq] [a9ae7f21] + cd /opt/hivemq/extensions/hivemq-enterprise-security-extension
2025-01-29 22:14:12,326 INFO c.h.h.t.HelmChartContainer - [test-hivemq-legacy-platform] [hivemq] [a9ae7f21] + [[ -f init_tmp ]]
2025-01-29 22:14:12,326 INFO c.h.h.t.HelmChartContainer - [test-hivemq-legacy-platform] [hivemq] [a9ae7f21] + [[ -f /etc/podinfo/init-extension-hivemq-enterprise-security-extension ]]
2025-01-29 22:14:12,326 INFO c.h.h.t.HelmChartContainer - [test-hivemq-legacy-platform] [hivemq] [a9ae7f21] /conf-override/extensions/hivemq-enterprise-security-extension/:/opt/hivemq/extensions/hivemq-enterprise-security-extension
2025-01-29 22:14:12,326 INFO c.h.h.t.HelmChartContainer - [test-hivemq-legacy-platform] [hivemq] [a9ae7f21] Disabling allow all extension
2025-01-29 22:14:12,326 INFO c.h.h.t.HelmChartContainer - [test-hivemq-legacy-platform] [hivemq] [a9ae7f21] Enabling REST API in config.xml...
2025-01-29 22:14:12,326 INFO c.h.h.t.HelmChartContainer - [test-hivemq-legacy-platform] [hivemq] [a9ae7f21] -------------------------------------------------------------------------
2025-01-29 22:14:12,326 INFO c.h.h.t.HelmChartContainer - [test-hivemq-legacy-platform] [hivemq] [a9ae7f21] 
2025-01-29 22:14:12,326 INFO c.h.h.t.HelmChartContainer - [test-hivemq-legacy-platform] [hivemq] [a9ae7f21]                   _    _  _              __  __   ____
2025-01-29 22:14:12,326 INFO c.h.h.t.HelmChartContainer - [test-hivemq-legacy-platform] [hivemq] [a9ae7f21]                  | |  | |(_)            |  \/  | / __ \
2025-01-29 22:14:12,326 INFO c.h.h.t.HelmChartContainer - [test-hivemq-legacy-platform] [hivemq] [a9ae7f21]                  | |__| | _ __   __ ___ | \  / || |  | |
2025-01-29 22:14:12,326 INFO c.h.h.t.HelmChartContainer - [test-hivemq-legacy-platform] [hivemq] [a9ae7f21]                  |  __  || |\ \ / // _ \| |\/| || |  | |
2025-01-29 22:14:12,326 INFO c.h.h.t.HelmChartContainer - [test-hivemq-legacy-platform] [hivemq] [a9ae7f21]                  | |  | || | \ V /|  __/| |  | || |__| |
2025-01-29 22:14:12,326 INFO c.h.h.t.HelmChartContainer - [test-hivemq-legacy-platform] [hivemq] [a9ae7f21]                  |_|  |_||_|  \_/  \___||_|  |_| \___\_\
2025-01-29 22:14:12,326 INFO c.h.h.t.HelmChartContainer - [test-hivemq-legacy-platform] [hivemq] [a9ae7f21] 
2025-01-29 22:14:12,326 INFO c.h.h.t.HelmChartContainer - [test-hivemq-legacy-platform] [hivemq] [a9ae7f21] -------------------------------------------------------------------------
2025-01-29 22:14:12,326 INFO c.h.h.t.HelmChartContainer - [test-hivemq-legacy-platform] [hivemq] [a9ae7f21] 
2025-01-29 22:14:12,326 INFO c.h.h.t.HelmChartContainer - [test-hivemq-legacy-platform] [hivemq] [a9ae7f21]   HiveMQ Start Script for Linux/Unix v1.14
2025-01-29 22:14:12,326 INFO c.h.h.t.HelmChartContainer - [test-hivemq-legacy-platform] [hivemq] [a9ae7f21] 
2025-01-29 22:14:12,326 INFO c.h.h.t.HelmChartContainer - [test-hivemq-legacy-platform] [hivemq] [a9ae7f21] -------------------------------------------------------------------------
2025-01-29 22:14:12,326 INFO c.h.h.t.HelmChartContainer - [test-hivemq-legacy-platform] [hivemq] [a9ae7f21] 
2025-01-29 22:14:12,326 INFO c.h.h.t.HelmChartContainer - [test-hivemq-legacy-platform] [hivemq] [a9ae7f21]   HIVEMQ_HOME: /opt/hivemq
2025-01-29 22:14:12,326 INFO c.h.h.t.HelmChartContainer - [test-hivemq-legacy-platform] [hivemq] [a9ae7f21] 
2025-01-29 22:14:12,326 INFO c.h.h.t.HelmChartContainer - [test-hivemq-legacy-platform] [hivemq] [a9ae7f21]   JAVA_OPTS: -XX:+UnlockExperimentalVMOptions -XX:InitialRAMPercentage=40 -XX:MaxRAMPercentage=50 -XX:MinRAMPercentage=30 -Djava.net.preferIPv4Stack=true --add-opens java.base/java.lang=ALL-UNNAMED --add-opens java.base/java.nio=ALL-UNNAMED --add-opens java.base/sun.nio.ch=ALL-UNNAMED --add-opens jdk.management/com.sun.management.internal=ALL-UNNAMED --add-exports java.base/jdk.internal.misc=ALL-UNNAMED -Djava.security.egd=file:/dev/./urandom -Dcom.sun.management.jmxremote -Dcom.sun.management.jmxremote.port=9010 -Dcom.sun.management.jmxremote.local.only=false -Dcom.sun.management.jmxremote.authenticate=false -Dcom.sun.management.jmxremote.ssl=false -Duser.language=en -Duser.region=US -XX:+CrashOnOutOfMemoryError -XX:+HeapDumpOnOutOfMemoryError
2025-01-29 22:14:12,326 INFO c.h.h.t.HelmChartContainer - [test-hivemq-legacy-platform] [hivemq] [a9ae7f21] 
2025-01-29 22:14:12,326 INFO c.h.h.t.HelmChartContainer - [test-hivemq-legacy-platform] [hivemq] [a9ae7f21]   JAVA_VERSION: 21
2025-01-29 22:14:12,326 INFO c.h.h.t.HelmChartContainer - [test-hivemq-legacy-platform] [hivemq] [a9ae7f21] 
2025-01-29 22:14:12,326 INFO c.h.h.t.HelmChartContainer - [test-hivemq-legacy-platform] [hivemq] [a9ae7f21] -------------------------------------------------------------------------
2025-01-29 22:14:12,326 INFO c.h.h.t.HelmChartContainer - [test-hivemq-legacy-platform] [hivemq] [a9ae7f21] 
2025-01-29 22:14:14,062 INFO c.h.h.t.HelmChartContainer - [test-hivemq-legacy-platform] [hivemq] [a9ae7f21] INFO  - Starting HiveMQ Enterprise Server
2025-01-29 22:14:14,069 INFO c.h.h.t.HelmChartContainer - [test-hivemq-legacy-platform] [hivemq] [a9ae7f21] INFO  - HiveMQ version: 4.36.0
2025-01-29 22:14:14,069 INFO c.h.h.t.HelmChartContainer - [test-hivemq-legacy-platform] [hivemq] [a9ae7f21] INFO  - HiveMQ home directory: /opt/hivemq
2025-01-29 22:14:14,070 INFO c.h.h.t.HelmChartContainer - [test-hivemq-legacy-platform] [hivemq] [a9ae7f21] INFO  - Log Configuration was overridden by /opt/hivemq/conf/logback.xml
2025-01-29 22:14:15,264 INFO c.h.h.t.HelmChartContainer - [test-hivemq-legacy-platform] [hivemq] [a9ae7f21] INFO  - Successfully loaded configuration from '/opt/hivemq/conf/config.xml'.
2025-01-29 22:14:15,567 INFO c.h.h.t.HelmChartContainer - [test-hivemq-legacy-platform] [hivemq] [a9ae7f21] INFO  - This node's ID is bqUMh
2025-01-29 22:14:15,567 INFO c.h.h.t.HelmChartContainer - [test-hivemq-legacy-platform] [hivemq] [a9ae7f21] INFO  - Clustering is enabled
2025-01-29 22:14:18,377 INFO c.h.h.t.HelmChartContainer - [EVENT] Warning [Unhealthy] Readiness probe failed: Log statement not present (yet)
 [helmlegacystatefulsetmigrationit-operator:test-hivemq-legacy-platform-0]
2025-01-29 22:14:18,377 INFO c.h.h.t.HelmChartContainer - Received Unhealthy event for container hivemq in pod test-hivemq-legacy-platform-0 [a9ae7f21-1ace-4521-af30-7d8c2c9fd8d7]
2025-01-29 22:14:23,470 INFO c.h.h.t.HelmChartContainer - [EVENT] Warning [Unhealthy] Readiness probe failed: Log statement not present (yet)
 [helmlegacystatefulsetmigrationit-operator:test-hivemq-legacy-platform-0]
2025-01-29 22:14:23,470 INFO c.h.h.t.HelmChartContainer - Received Unhealthy event for container hivemq in pod test-hivemq-legacy-platform-0 [a9ae7f21-1ace-4521-af30-7d8c2c9fd8d7]
2025-01-29 22:14:24,689 INFO c.h.h.t.HelmChartContainer - [K3S] [range_allocator.go:247] "Successfully synced" key="d9a106349f4e"
2025-01-29 22:14:28,359 INFO c.h.h.t.HelmChartContainer - [test-hivemq-legacy-platform] [hivemq] [a9ae7f21] INFO  - No valid license file found. Using trial license, restricted to 25 connections.
2025-01-29 22:14:28,378 INFO c.h.h.t.HelmChartContainer - [EVENT] Warning [Unhealthy] Readiness probe failed: Log statement not present (yet)
 [helmlegacystatefulsetmigrationit-operator:test-hivemq-legacy-platform-0]
2025-01-29 22:14:28,378 INFO c.h.h.t.HelmChartContainer - Received Unhealthy event for container hivemq in pod test-hivemq-legacy-platform-0 [a9ae7f21-1ace-4521-af30-7d8c2c9fd8d7]
2025-01-29 22:14:31,574 INFO c.h.h.t.HelmChartContainer - [test-hivemq-legacy-platform] [hivemq] [a9ae7f21] INFO  - No valid license file for Data Hub found. Using free license, restricted to 1 policy.
2025-01-29 22:14:32,780 INFO c.h.h.t.HelmChartContainer - [test-hivemq-legacy-platform] [hivemq] [a9ae7f21] INFO  - Audit Logger started.
2025-01-29 22:14:33,070 INFO c.h.h.t.HelmChartContainer - [test-hivemq-legacy-platform] [hivemq] [a9ae7f21] INFO  - This node uses '1' CPU cores.
2025-01-29 22:14:33,376 INFO c.h.h.t.HelmChartContainer - [EVENT] Warning [Unhealthy] Readiness probe failed: Log statement not present (yet)
 [helmlegacystatefulsetmigrationit-operator:test-hivemq-legacy-platform-0]
2025-01-29 22:14:33,376 INFO c.h.h.t.HelmChartContainer - Received Unhealthy event for container hivemq in pod test-hivemq-legacy-platform-0 [a9ae7f21-1ace-4521-af30-7d8c2c9fd8d7]
2025-01-29 22:14:33,772 INFO c.h.h.t.HelmChartContainer - [test-hivemq-legacy-platform] [hivemq] [a9ae7f21] INFO  - Starting HiveMQ extension system.
2025-01-29 22:14:36,576 INFO c.h.h.t.HelmChartContainer - [test-hivemq-legacy-platform] [hivemq] [a9ae7f21] INFO  - No license found for enterprise extension with name "HiveMQ Enterprise Security Extension". Entering extension trial mode. "HiveMQ Enterprise Security Extension" will be disabled in 5 hours.
2025-01-29 22:14:36,865 INFO c.h.h.t.HelmChartContainer - [test-hivemq-legacy-platform] [hivemq] [a9ae7f21] INFO  - Starting extension with id "hivemq-dns-cluster-discovery" at /opt/hivemq/extensions/hivemq-dns-cluster-discovery
2025-01-29 22:14:37,371 INFO c.h.h.t.HelmChartContainer - [test-hivemq-legacy-platform] [hivemq] [a9ae7f21] INFO  - Extension "DNS Cluster Discovery Extension" version 4.3.3 started successfully.
2025-01-29 22:14:37,371 INFO c.h.h.t.HelmChartContainer - [test-hivemq-legacy-platform] [hivemq] [a9ae7f21] INFO  - Starting extension with id "hivemq-enterprise-security-extension" at /opt/hivemq/extensions/hivemq-enterprise-security-extension
2025-01-29 22:14:37,452 INFO c.h.h.t.HelmChartContainer - [test-hivemq-legacy-platform] [hivemq] [a9ae7f21] INFO  - Using TCP cluster transport on address 10.42.0.10 and port 7000
2025-01-29 22:14:37,468 INFO c.h.h.t.HelmChartContainer - [test-hivemq-legacy-platform] [hivemq] [a9ae7f21] INFO  - Using extension cluster discovery
2025-01-29 22:14:38,568 INFO c.h.h.t.HelmChartContainer - [EVENT] Warning [Unhealthy] Readiness probe failed: Log statement not present (yet)
 [helmlegacystatefulsetmigrationit-operator:test-hivemq-legacy-platform-0]
2025-01-29 22:14:38,568 INFO c.h.h.t.HelmChartContainer - Received Unhealthy event for container hivemq in pod test-hivemq-legacy-platform-0 [a9ae7f21-1ace-4521-af30-7d8c2c9fd8d7]
2025-01-29 22:14:38,773 INFO c.h.h.t.HelmChartContainer - [test-hivemq-legacy-platform] [hivemq] [a9ae7f21] WARN  - HiveMQ Enterprise Security Extension: The configuration file is placed at the legacy location '/opt/hivemq/extensions/hivemq-enterprise-security-extension/enterprise-security-extension.xml'. Please move the configuration file to the new location '/opt/hivemq/extensions/hivemq-enterprise-security-extension/conf/config.xml'. Support for the legacy location will be removed in a future release.
2025-01-29 22:14:38,872 INFO c.h.h.t.HelmChartContainer - [test-hivemq-legacy-platform] [hivemq] [a9ae7f21] INFO  - HiveMQ Enterprise Security Extension: Successfully loaded configuration from '/opt/hivemq/extensions/hivemq-enterprise-security-extension/enterprise-security-extension.xml'.
2025-01-29 22:14:38,874 INFO c.h.h.t.HelmChartContainer - [test-hivemq-legacy-platform] [hivemq] [a9ae7f21] INFO  - HiveMQ Enterprise Security Extension: Starting HiveMQ Enterprise Security Extension.
2025-01-29 22:14:39,053 INFO c.h.h.t.HelmChartContainer - [test-hivemq-legacy-platform] [hivemq] [a9ae7f21] INFO  - HiveMQ Enterprise Security Extension: Access log is written to /opt/hivemq/log/access/access.log.
2025-01-29 22:14:39,262 INFO c.h.h.t.HelmChartContainer - [test-hivemq-legacy-platform] [hivemq] [a9ae7f21] INFO  - HiveMQ Enterprise Security Extension: Started HiveMQ Enterprise Security Extension successfully in 1807ms.
2025-01-29 22:14:39,262 INFO c.h.h.t.HelmChartContainer - [test-hivemq-legacy-platform] [hivemq] [a9ae7f21] INFO  - Extension "HiveMQ Enterprise Security Extension" version 4.36.0 started successfully.
2025-01-29 22:14:39,263 INFO c.h.h.t.HelmChartContainer - [test-hivemq-legacy-platform] [hivemq] [a9ae7f21] INFO  - Starting extension with id "hivemq-k8s-sync-extension" at /opt/hivemq/extensions/hivemq-k8s-sync-extension
2025-01-29 22:14:39,563 INFO c.h.h.t.HelmChartContainer - [test-hivemq-legacy-platform] [hivemq] [a9ae7f21] INFO  - Started HiveMQ Kubernetes State Synchronization Extension:1.0.3
2025-01-29 22:14:39,563 INFO c.h.h.t.HelmChartContainer - [test-hivemq-legacy-platform] [hivemq] [a9ae7f21] INFO  - Extension "HiveMQ Kubernetes State Synchronization Extension" version 1.0.3 started successfully.
2025-01-29 22:14:39,563 INFO c.h.h.t.HelmChartContainer - [test-hivemq-legacy-platform] [hivemq] [a9ae7f21] INFO  - Starting extension with id "hivemq-prometheus-extension" at /opt/hivemq/extensions/hivemq-prometheus-extension
2025-01-29 22:14:39,970 INFO c.h.h.t.HelmChartContainer - [test-hivemq-legacy-platform] [hivemq] [a9ae7f21] INFO  - Started Jetty Server exposing Prometheus Servlet on URI http://0.0.0.0:9399/
2025-01-29 22:14:39,971 INFO c.h.h.t.HelmChartContainer - [test-hivemq-legacy-platform] [hivemq] [a9ae7f21] INFO  - Extension "Prometheus Monitoring Extension" version 4.0.13 started successfully.
2025-01-29 22:14:40,561 INFO c.h.h.t.HelmChartContainer - [test-hivemq-legacy-platform] [hivemq] [a9ae7f21] INFO  - bqUMh: no members discovered after 2497 ms: creating cluster as first member
2025-01-29 22:14:40,568 INFO c.h.h.t.HelmChartContainer - [test-hivemq-legacy-platform] [hivemq] [a9ae7f21] INFO  - Cluster nodes found by discovery: [bqUMh|0] (1) [bqUMh].
2025-01-29 22:14:40,665 INFO c.h.h.t.HelmChartContainer - [test-hivemq-legacy-platform] [hivemq] [a9ae7f21] INFO  - Starting HiveMQ REST API on address 0.0.0.0 and port 8888
2025-01-29 22:14:41,762 INFO c.h.h.t.HelmChartContainer - [test-hivemq-legacy-platform] [hivemq] [a9ae7f21] INFO  - Started HiveMQ REST API in 1097ms
2025-01-29 22:14:41,762 INFO c.h.h.t.HelmChartContainer - [test-hivemq-legacy-platform] [hivemq] [a9ae7f21] WARN  - No user for HiveMQ Control Center configured. Starting with default user
2025-01-29 22:14:41,763 INFO c.h.h.t.HelmChartContainer - [test-hivemq-legacy-platform] [hivemq] [a9ae7f21] INFO  - Starting HiveMQ Control Center on address 0.0.0.0 and port 8080
2025-01-29 22:14:41,765 INFO c.h.h.t.HelmChartContainer - [test-hivemq-legacy-platform] [hivemq] [a9ae7f21] INFO  - Mounting HiveMQ Control Center V2 Preview
2025-01-29 22:14:42,578 INFO c.h.h.t.HelmChartContainer - [test-hivemq-legacy-platform] [hivemq] [a9ae7f21] INFO  - Started HiveMQ Control Center in 816ms
2025-01-29 22:14:42,670 INFO c.h.h.t.HelmChartContainer - [test-hivemq-legacy-platform] [hivemq] [a9ae7f21] INFO  - Starting TCP listener on address 0.0.0.0 and port 1883
2025-01-29 22:14:42,758 INFO c.h.h.t.HelmChartContainer - [test-hivemq-legacy-platform] [hivemq] [a9ae7f21] INFO  - Started TCP Listener on address 0.0.0.0 and on port 1883.
2025-01-29 22:14:42,759 INFO c.h.h.t.HelmChartContainer - [test-hivemq-legacy-platform] [hivemq] [a9ae7f21] INFO  - Started HiveMQ in 29085ms
2025-01-29 22:14:43,346 INFO c.h.h.t.HelmChartContainer - [POD] test-hivemq-legacy-platform-0 [a9ae7f21-1ace-4521-af30-7d8c2c9fd8d7] in helmlegacystatefulsetmigrationit-operator was MODIFIED
2025-01-29 22:14:43,376 INFO c.h.h.t.HelmChartContainer - [K3S] [wrap.go:53] "Timeout or abort while handling" method="GET" URI="/apis/hivemq.com/v1/namespaces/helmlegacystatefulsetmigrationit-operator/hivemq-clusters/test-hivemq-legacy-platform" auditID="0e767a05-93ef-4b4b-b289-8ae499f23580"
2025-01-29 22:14:43,376 INFO c.h.h.t.HelmChartContainer - [K3S] [timeout.go:140] "Post-timeout activity" timeElapsed="6.522µs" method="GET" path="/apis/hivemq.com/v1/namespaces/helmlegacystatefulsetmigrationit-operator/hivemq-clusters/test-hivemq-legacy-platform" result=null
2025-01-29 22:14:43,619 DEBUG com.hivemq.helmcharts.util.K8sUtil - Comparing actual state 'Updating' and waiting for 'Running'
2025-01-29 22:14:43,757 DEBUG com.hivemq.helmcharts.util.K8sUtil - Comparing actual state 'Running' and waiting for 'Running'
2025-01-29 22:14:43,830 INFO c.h.h.t.HelmChartContainer - [test-hivemq-legacy-platform] [operator] [1869bd20] ?[36m22:14:43.825?[0;39m ?[1;30m[pool-3-thread-2]?[0;39m ?[31mWARN ?[0;39m ?[35mc.h.operations.MonitoringOperable?[0;39m - Prometheus Operator ServiceMonitor CRD not found with v1 api, will try with v1beta1
2025-01-29 22:14:43,842 INFO c.h.h.util.ControlCenterUtil - Log into CC on hivemq-test-hivemq-legacy-platform-cc:8080 (username: admin) (password: hivemq) (TLS: false)
2025-01-29 22:14:43,906 INFO c.h.h.t.HelmChartContainer - [test-hivemq-legacy-platform] [operator] [1869bd20] ?[36m22:14:43.901?[0;39m ?[1;30m[pool-3-thread-2]?[0;39m ?[31mWARN ?[0;39m ?[35mc.h.operations.MonitoringOperable?[0;39m - Prometheus Operator Prometheus CRD (prometheuses.monitoring.coreos.com) not found with v1beta1 api, can not auto-integrate with Prometheus using ServiceMonitor resource.
2025-01-29 22:14:43,907 INFO c.h.h.t.HelmChartContainer - [test-hivemq-legacy-platform] [operator] [1869bd20] ?[36m22:14:43.902?[0;39m ?[1;30m[pool-3-thread-2]?[0;39m ?[34mINFO ?[0;39m ?[35mcom.hivemq.Operator?[0;39m - State synchronization complete for cluster 'test-hivemq-legacy-platform' in namespace 'helmlegacystatefulsetmigrationit-operator' in 58278ms
2025-01-29 22:14:43,913 INFO c.h.h.t.HelmChartContainer - [test-hivemq-legacy-platform] [operator] [1869bd20] ?[36m22:14:43.911?[0;39m ?[1;30m[pool-3-thread-9]?[0;39m ?[31mWARN ?[0;39m ?[35mc.h.operations.MonitoringOperable?[0;39m - Prometheus Operator ServiceMonitor CRD not found with v1 api, will try with v1beta1
2025-01-29 22:14:43,919 INFO c.h.h.t.HelmChartContainer - [test-hivemq-legacy-platform] [operator] [1869bd20] ?[36m22:14:43.917?[0;39m ?[1;30m[pool-3-thread-9]?[0;39m ?[31mWARN ?[0;39m ?[35mc.h.operations.MonitoringOperable?[0;39m - Prometheus Operator Prometheus CRD (prometheuses.monitoring.coreos.com) not found with v1beta1 api, can not auto-integrate with Prometheus using ServiceMonitor resource.
2025-01-29 22:14:43,920 INFO c.h.h.t.HelmChartContainer - [test-hivemq-legacy-platform] [operator] [1869bd20] ?[36m22:14:43.917?[0;39m ?[1;30m[pool-3-thread-9]?[0;39m ?[34mINFO ?[0;39m ?[35mcom.hivemq.Operator?[0;39m - State synchronization complete for cluster 'test-hivemq-legacy-platform' in namespace 'helmlegacystatefulsetmigrationit-operator' in 56400ms
2025-01-29 22:14:47,299 INFO c.h.h.util.ControlCenterUtil - Login attempt 1 was successful
2025-01-29 22:14:47,301 INFO com.hivemq.helmcharts.util.MqttUtil - Publishing retained messages to 30 topics...
2025-01-29 22:14:48,976 INFO com.hivemq.helmcharts.util.MqttUtil - Published retained messages to topics (1675 ms): [rbfpuodcxlepwjz, xubvzbnqidbzcfm, dhqtvkefnxwankj, phjgtuqahwmqosu, urbelsklmgvlnar, vgvcxwuvpozfgtl, xqaqllxhvilloqy, vvdxdupewlrdcws, dpnsjawwoevxudk, srbthidanhjmwja, ckneogecpcfmidr, rezdgdbxstxvtyx, fhehxhwpukdycyt, blbytktzxuesqpe, zyqcfmiijzzgtaa, ahmhglxxemtsawq, xoyiebcydjrudgu, ficvurrcqetkgha, xtskyzcywfwykfn, dffhwsfvxgmpxwp, nfjaydjzqbqzfcp, itjerxkktneesmw, eovemzzhgogsezh, lcxphmvnffxrhuj, hcjqpwcbhxpqoxc, nmixqmybsvgqfht, axmyaltymkrcfkv, csmdezjovruwlug, wsehchpuxajylha, vppkklbnjbnsvdf]
2025-01-29 22:14:48,977 INFO c.hivemq.helmcharts.util.RestAPIUtil - Checking authorization for REST API on hivemq-test-hivemq-legacy-platform-api:8888 (username: user) (password: password) (endpoint path: /api/v1/mqtt/clients)
2025-01-29 22:14:49,977 INFO c.h.h.t.HelmChartContainer - [K3S] [scope.go:117] "RemoveContainer" containerID="2ed7b7013ee78839b59f42e1a898aefad6def7364e53265117b967a488d7b90a"
2025-01-29 22:14:50,016 INFO c.h.helmcharts.util.MonitoringUtil - Asserting Prometheus publishes metrics...
2025-01-29 22:14:50,699 INFO c.h.helmcharts.util.MonitoringUtil - Asserted publishes metrics (682 ms)
2025-01-29 22:14:50,753 INFO c.h.h.t.HelmChartContainer - [EVENT] Normal [ScalingReplicaSet] Scaled down replica set test-hivemq-legacy-platform-hivemq-operator-operator-56c5b9f7b7 from 1 to 0 [helmlegacystatefulsetmigrationit-operator:test-hivemq-legacy-platform-hivemq-operator-operator]
2025-01-29 22:14:50,767 INFO c.h.h.t.HelmChartContainer - [K3S] [replica_set.go:679] "Finished syncing" kind="ReplicaSet" key="helmlegacystatefulsetmigrationit-operator/test-hivemq-legacy-platform-hivemq-operator-operator-56c5b9f7b7" duration="11.801088ms"
2025-01-29 22:14:50,768 INFO c.h.h.t.HelmChartContainer - [EVENT] Normal [SuccessfulDelete] Deleted pod: test-hivemq-legacy-platform-hivemq-operator-operator-56c5blzv8d [helmlegacystatefulsetmigrationit-operator:test-hivemq-legacy-platform-hivemq-operator-operator-56c5b9f7b7]
2025-01-29 22:14:50,774 INFO c.h.h.t.HelmChartContainer - [POD] test-hivemq-legacy-platform-hivemq-operator-operator-56c5blzv8d [1869bd20-09a0-400c-a382-de3d4c0223ce] in helmlegacystatefulsetmigrationit-operator was MODIFIED
2025-01-29 22:14:50,776 INFO c.h.h.t.HelmChartContainer - [EVENT] Normal [Killing] Stopping container operator [helmlegacystatefulsetmigrationit-operator:test-hivemq-legacy-platform-hivemq-operator-operator-56c5blzv8d]
2025-01-29 22:14:50,776 INFO c.h.h.t.HelmChartContainer - Received Killing event for container operator in pod test-hivemq-legacy-platform-hivemq-operator-operator-56c5blzv8d [1869bd20-09a0-400c-a382-de3d4c0223ce]
2025-01-29 22:14:50,777 INFO c.h.h.t.HelmChartContainer - Container [test-hivemq-legacy-platform-hivemq-operator-operator-56c5blzv8d] [operator] [1869bd20-09a0-400c-a382-de3d4c0223ce] was terminated
2025-01-29 22:14:50,777 INFO c.h.h.t.HelmChartContainer - Stopped log watcher for operator in pod test-hivemq-legacy-platform-hivemq-operator-operator-56c5blzv8d [1869bd20-09a0-400c-a382-de3d4c0223ce]
2025-01-29 22:14:50,785 INFO c.h.h.t.HelmChartContainer - [K3S] [replica_set.go:679] "Finished syncing" kind="ReplicaSet" key="helmlegacystatefulsetmigrationit-operator/test-hivemq-legacy-platform-hivemq-operator-operator-56c5b9f7b7" duration="17.635947ms"
2025-01-29 22:14:50,786 INFO c.h.h.t.HelmChartContainer - [K3S] [replica_set.go:679] "Finished syncing" kind="ReplicaSet" key="helmlegacystatefulsetmigrationit-operator/test-hivemq-legacy-platform-hivemq-operator-operator-56c5b9f7b7" duration="27.862µs"
2025-01-29 22:14:50,787 INFO c.h.h.t.HelmChartContainer - [test-hivemq-legacy-platform] [operator] [1869bd20] ?[36m22:14:50.784?[0;39m ?[1;30m[Thread-0]?[0;39m ?[34mINFO ?[0;39m ?[35mio.micronaut.runtime.Micronaut?[0;39m - Embedded Application shutting down
2025-01-29 22:14:51,266 INFO c.h.h.t.HelmChartContainer - [K3S] [replica_set.go:679] "Finished syncing" kind="ReplicaSet" key="helmlegacystatefulsetmigrationit-operator/test-hivemq-legacy-platform-hivemq-operator-operator-56c5b9f7b7" duration="37.981µs"
2025-01-29 22:14:51,267 INFO c.h.h.t.HelmChartContainer - [POD] test-hivemq-legacy-platform-hivemq-operator-operator-56c5blzv8d [1869bd20-09a0-400c-a382-de3d4c0223ce] in helmlegacystatefulsetmigrationit-operator was MODIFIED
2025-01-29 22:14:51,311 INFO c.h.h.t.HelmChartContainer - [K3S] [reconciler_common.go:162] "operationExecutor.UnmountVolume started for volume \"kube-api-access-dn7tg\" (UniqueName: \"kubernetes.io/projected/1869bd20-09a0-400c-a382-de3d4c0223ce-kube-api-access-dn7tg\") pod \"1869bd20-09a0-400c-a382-de3d4c0223ce\" (UID: \"1869bd20-09a0-400c-a382-de3d4c0223ce\") "
2025-01-29 22:14:51,311 INFO c.h.h.t.HelmChartContainer - [K3S] [reconciler_common.go:162] "operationExecutor.UnmountVolume started for volume \"templates\" (UniqueName: \"kubernetes.io/configmap/1869bd20-09a0-400c-a382-de3d4c0223ce-templates\") pod \"1869bd20-09a0-400c-a382-de3d4c0223ce\" (UID: \"1869bd20-09a0-400c-a382-de3d4c0223ce\") "
2025-01-29 22:14:51,372 INFO c.h.h.t.HelmChartContainer - [K3S] [scope.go:117] "RemoveContainer" containerID="13e721323811b03ff81f4a689e32e7cfaca002c0258c0549cc6b4ad61d6f81ff"
2025-01-29 22:14:51,378 INFO c.h.h.t.HelmChartContainer - [K3S] [scope.go:117] "RemoveContainer" containerID="13e721323811b03ff81f4a689e32e7cfaca002c0258c0549cc6b4ad61d6f81ff"
2025-01-29 22:14:51,385 INFO c.h.h.t.HelmChartContainer - [K3S] [replica_set.go:679] "Finished syncing" kind="ReplicaSet" key="helmlegacystatefulsetmigrationit-operator/test-hivemq-legacy-platform-hivemq-operator-operator-56c5b9f7b7" duration="36.969µs"
2025-01-29 22:14:51,386 INFO c.h.h.t.HelmChartContainer - [POD] test-hivemq-legacy-platform-hivemq-operator-operator-56c5blzv8d [1869bd20-09a0-400c-a382-de3d4c0223ce] in helmlegacystatefulsetmigrationit-operator was MODIFIED
2025-01-29 22:14:51,392 INFO c.h.h.t.HelmChartContainer - [K3S] [replica_set.go:679] "Finished syncing" kind="ReplicaSet" key="helmlegacystatefulsetmigrationit-operator/test-hivemq-legacy-platform-hivemq-operator-operator-56c5b9f7b7" duration="56.396µs"
2025-01-29 22:14:51,394 INFO c.h.h.t.HelmChartContainer - [POD] test-hivemq-legacy-platform-hivemq-operator-operator-56c5blzv8d [1869bd20-09a0-400c-a382-de3d4c0223ce] in helmlegacystatefulsetmigrationit-operator was DELETED
2025-01-29 22:14:51,411 INFO c.h.h.t.HelmChartContainer - [K3S] [reconciler_common.go:299] "Volume detached for volume \"kube-api-access-dn7tg\" (UniqueName: \"kubernetes.io/projected/1869bd20-09a0-400c-a382-de3d4c0223ce-kube-api-access-dn7tg\") on node \"d9a106349f4e\" DevicePath \"\""
2025-01-29 22:14:51,412 INFO c.h.h.t.HelmChartContainer - [K3S] [reconciler_common.go:299] "Volume detached for volume \"templates\" (UniqueName: \"kubernetes.io/configmap/1869bd20-09a0-400c-a382-de3d4c0223ce-templates\") on node \"d9a106349f4e\" DevicePath \"\""
2025-01-29 22:14:51,499 INFO c.h.h.t.HelmChartContainer - [EVENT] Normal [ScalingReplicaSet] Scaled up replica set test-hivemq-legacy-platform-hivemq-operator-operator-56c5b9f7b7 from 0 to 1 [helmlegacystatefulsetmigrationit-operator:test-hivemq-legacy-platform-hivemq-operator-operator]
2025-01-29 22:14:51,505 INFO c.h.h.t.HelmChartContainer - [POD] test-hivemq-legacy-platform-hivemq-operator-operator-56c5bjvchq [e03d67e5-9683-4df6-861c-9b422fdd3c12] in helmlegacystatefulsetmigrationit-operator was ADDED
2025-01-29 22:14:51,508 INFO c.h.h.t.HelmChartContainer - [EVENT] Normal [SuccessfulCreate] Created pod: test-hivemq-legacy-platform-hivemq-operator-operator-56c5bjvchq [helmlegacystatefulsetmigrationit-operator:test-hivemq-legacy-platform-hivemq-operator-operator-56c5b9f7b7]
2025-01-29 22:14:51,512 INFO c.h.h.t.HelmChartContainer - [POD] test-hivemq-legacy-platform-hivemq-operator-operator-56c5bjvchq [e03d67e5-9683-4df6-861c-9b422fdd3c12] in helmlegacystatefulsetmigrationit-operator was MODIFIED
2025-01-29 22:14:51,518 INFO c.h.h.t.HelmChartContainer - [K3S] [memory_manager.go:355] "RemoveStaleState removing state" podUID="1869bd20-09a0-400c-a382-de3d4c0223ce" containerName="operator"
2025-01-29 22:14:51,519 INFO c.h.h.t.HelmChartContainer - [K3S] [replica_set.go:679] "Finished syncing" kind="ReplicaSet" key="helmlegacystatefulsetmigrationit-operator/test-hivemq-legacy-platform-hivemq-operator-operator-56c5b9f7b7" duration="14.429601ms"
2025-01-29 22:14:51,522 INFO c.h.h.t.HelmChartContainer - [POD] test-hivemq-legacy-platform-hivemq-operator-operator-56c5bjvchq [e03d67e5-9683-4df6-861c-9b422fdd3c12] in helmlegacystatefulsetmigrationit-operator was MODIFIED
2025-01-29 22:14:51,526 INFO c.h.h.t.HelmChartContainer - [EVENT] Normal [Scheduled] Successfully assigned helmlegacystatefulsetmigrationit-operator/test-hivemq-legacy-platform-hivemq-operator-operator-56c5bjvchq to d9a106349f4e [helmlegacystatefulsetmigrationit-operator:test-hivemq-legacy-platform-hivemq-operator-operator-56c5bjvchq]
2025-01-29 22:14:51,532 INFO c.h.h.t.HelmChartContainer - [K3S] [replica_set.go:679] "Finished syncing" kind="ReplicaSet" key="helmlegacystatefulsetmigrationit-operator/test-hivemq-legacy-platform-hivemq-operator-operator-56c5b9f7b7" duration="22.03394ms"
2025-01-29 22:14:51,548 INFO c.h.h.t.HelmChartContainer - [K3S] [replica_set.go:679] "Finished syncing" kind="ReplicaSet" key="helmlegacystatefulsetmigrationit-operator/test-hivemq-legacy-platform-hivemq-operator-operator-56c5b9f7b7" duration="14.652238ms"
2025-01-29 22:14:51,549 INFO c.h.h.t.HelmChartContainer - [K3S] [replica_set.go:679] "Finished syncing" kind="ReplicaSet" key="helmlegacystatefulsetmigrationit-operator/test-hivemq-legacy-platform-hivemq-operator-operator-56c5b9f7b7" duration="35.456µs"
2025-01-29 22:14:51,612 INFO c.h.h.t.HelmChartContainer - [K3S] [reconciler_common.go:251] "operationExecutor.VerifyControllerAttachedVolume started for volume \"kube-api-access-vhxm2\" (UniqueName: \"kubernetes.io/projected/e03d67e5-9683-4df6-861c-9b422fdd3c12-kube-api-access-vhxm2\") pod \"test-hivemq-legacy-platform-hivemq-operator-operator-56c5bjvchq\" (UID: \"e03d67e5-9683-4df6-861c-9b422fdd3c12\") " pod="helmlegacystatefulsetmigrationit-operator/test-hivemq-legacy-platform-hivemq-operator-operator-56c5bjvchq"
2025-01-29 22:14:51,612 INFO c.h.h.t.HelmChartContainer - [K3S] [reconciler_common.go:251] "operationExecutor.VerifyControllerAttachedVolume started for volume \"templates\" (UniqueName: \"kubernetes.io/configmap/e03d67e5-9683-4df6-861c-9b422fdd3c12-templates\") pod \"test-hivemq-legacy-platform-hivemq-operator-operator-56c5bjvchq\" (UID: \"e03d67e5-9683-4df6-861c-9b422fdd3c12\") " pod="helmlegacystatefulsetmigrationit-operator/test-hivemq-legacy-platform-hivemq-operator-operator-56c5bjvchq"
2025-01-29 22:14:51,732 DEBUG c.h.h.t.HelmChartContainer - Executing helm command: /bin/helm --kubeconfig /etc/rancher/k3s/k3s.yaml install test-hivemq-legacy-platform /charts/hivemq-platform --wait --timeout 5m0s --set image.repository=docker.io/hivemq --set image.tag=4.36.0 --set image.pullPolicy=Never --set nodes.resources.cpu=512m -f /files/migration-platform-stateful-set-values.yaml --namespace helmlegacystatefulsetmigrationit-operator
2025-01-29 22:14:51,913 INFO c.h.h.t.HelmChartContainer - [EVENT] Normal [Pulled] Container image "hivemq/hivemq-operator:4.7.10" already present on machine [helmlegacystatefulsetmigrationit-operator:test-hivemq-legacy-platform-hivemq-operator-operator-56c5bjvchq]
2025-01-29 22:14:51,913 INFO c.h.h.t.HelmChartContainer - Received Pulled event for container operator in pod test-hivemq-legacy-platform-hivemq-operator-operator-56c5bjvchq [e03d67e5-9683-4df6-861c-9b422fdd3c12]
2025-01-29 22:14:51,921 INFO c.h.h.t.HelmChartContainer - [EVENT] Normal [Created] Created container: operator [helmlegacystatefulsetmigrationit-operator:test-hivemq-legacy-platform-hivemq-operator-operator-56c5bjvchq]
2025-01-29 22:14:51,921 INFO c.h.h.t.HelmChartContainer - Received Created event for container operator in pod test-hivemq-legacy-platform-hivemq-operator-operator-56c5bjvchq [e03d67e5-9683-4df6-861c-9b422fdd3c12]
2025-01-29 22:14:51,958 INFO c.h.h.t.HelmChartContainer - [K3S] [kubelet_volumes.go:163] "Cleaned up orphaned pod volumes dir" podUID="1869bd20-09a0-400c-a382-de3d4c0223ce" path="/var/lib/kubelet/pods/1869bd20-09a0-400c-a382-de3d4c0223ce/volumes"
2025-01-29 22:14:52,017 INFO c.h.h.t.HelmChartContainer - [hivemq-test-hivemq-platform] [hivemq-platform-operator] [349193a2] 22:14:52.015 [-2082509879-pool-1-thread-2] WARN  i.m.p.PrometheusMeterRegistry - The meter (MeterId{name='operator.sdk.events.received', tags=[tag(action=ADDED),tag(event=ResourceEvent),tag(group=hivemq.com),tag(kind=HiveMQPlatform),tag(name=test-hivemq-legacy-platform),tag(namespace=helmlegacystatefulsetmigrationit-operator),tag(scope=namespace),tag(version=v1)]}) registration has failed: Prometheus requires that all meters with the same name have the same set of tag keys. There is already an existing meter named 'operator.sdk.events.received' containing tag keys [event, group, kind, name, namespace, scope, version]. The meter you are attempting to register has keys [action, event, group, kind, name, namespace, scope, version]. Note that subsequent logs will be logged at debug level.
2025-01-29 22:14:52,392 INFO c.h.h.t.HelmChartContainer - [POD] test-hivemq-legacy-platform-hivemq-operator-operator-56c5bjvchq [e03d67e5-9683-4df6-861c-9b422fdd3c12] in helmlegacystatefulsetmigrationit-operator was MODIFIED
2025-01-29 22:14:52,408 INFO c.h.h.t.HelmChartContainer - Started log watcher for operator in pod test-hivemq-legacy-platform-hivemq-operator-operator-56c5bjvchq [e03d67e5-9683-4df6-861c-9b422fdd3c12]
2025-01-29 22:14:52,408 INFO c.h.h.t.HelmChartContainer - [test-hivemq-legacy-platform] [operator] [e03d67e5] Picked up JAVA_TOOL_OPTIONS: -XX:+UnlockExperimentalVMOptions -XX:InitialRAMPercentage=75 -XX:MaxRAMPercentage=75
2025-01-29 22:14:52,408 INFO c.h.h.t.HelmChartContainer - [EVENT] Normal [Started] Started container operator [helmlegacystatefulsetmigrationit-operator:test-hivemq-legacy-platform-hivemq-operator-operator-56c5bjvchq]
2025-01-29 22:14:52,408 INFO c.h.h.t.HelmChartContainer - Received Started event for container operator in pod test-hivemq-legacy-platform-hivemq-operator-operator-56c5bjvchq [e03d67e5-9683-4df6-861c-9b422fdd3c12]
2025-01-29 22:14:52,409 INFO c.h.h.t.HelmChartContainer - [K3S] [replica_set.go:679] "Finished syncing" kind="ReplicaSet" key="helmlegacystatefulsetmigrationit-operator/test-hivemq-legacy-platform-hivemq-operator-operator-56c5b9f7b7" duration="21.489321ms"
2025-01-29 22:14:52,409 INFO c.h.h.t.HelmChartContainer - [K3S] [replica_set.go:679] "Finished syncing" kind="ReplicaSet" key="helmlegacystatefulsetmigrationit-operator/test-hivemq-legacy-platform-hivemq-operator-operator-56c5b9f7b7" duration="53.1µs"
2025-01-29 22:14:52,578 INFO c.h.h.t.HelmChartContainer - [hivemq-test-hivemq-platform] [hivemq-platform-operator] [349193a2] 22:14:52.576 [pool-6-thread-3] DEBUG c.h.p.o.dependants.PodInfoConfigMap - [helmlega] Desired PodInfo ConfigMap (2 extensions) (1 enabled)
2025-01-29 22:14:52,578 INFO c.h.h.t.HelmChartContainer - [hivemq-test-hivemq-platform] [hivemq-platform-operator] [349193a2] 22:14:52.577 [pool-6-thread-3] DEBUG c.h.p.o.dependants.PodInfoConfigMap - [helmlega] Desired PodInfo ConfigMap (metrics port: 9399) (metrics path: /)
2025-01-29 22:14:52,578 INFO c.h.h.t.HelmChartContainer - [hivemq-test-hivemq-platform] [hivemq-platform-operator] [349193a2] 22:14:52.577 [pool-6-thread-3] DEBUG c.h.p.o.dependants.PodInfoConfigMap - [helmlega] Desired PodInfo ConfigMap (extension state hash: -1220239358)
2025-01-29 22:14:52,658 INFO c.h.h.t.HelmChartContainer - [hivemq-test-hivemq-platform] [hivemq-platform-operator] [349193a2] 22:14:52.657 [pool-6-thread-3] DEBUG c.h.p.o.dependants.PodInfoConfigMap - [helmlega] Create PodInfo ConfigMap
2025-01-29 22:14:52,759 INFO c.h.h.t.HelmChartContainer - [hivemq-test-hivemq-platform] [hivemq-platform-operator] [349193a2] 22:14:52.756 [pool-6-thread-5] DEBUG c.h.p.o.dependants.PodRoleResource - [helmlega] Create Role: Role(apiVersion=rbac.authorization.k8s.io/v1, kind=Role, metadata=ObjectMeta(annotations={meta.helm.sh/release-name=test-hivemq-legacy-platform, meta.helm.sh/release-namespace=helmlegacystatefulsetmigrationit-operator}, creationTimestamp=null, deletionGracePeriodSeconds=null, deletionTimestamp=null, finalizers=[], generateName=null, generation=null, labels={helm.sh/chart=hivemq-platform-0.2.32, app.kubernetes.io/managed-by=Helm, app.kubernetes.io/name=hivemq-platform, hivemq-platform=test-hivemq-legacy-platform, app.kubernetes.io/instance=test-hivemq-legacy-platform, app.kubernetes.io/version=4.36.0}, managedFields=[], name=hivemq-platform-role-test-hivemq-legacy-platform, namespace=helmlegacystatefulsetmigrationit-operator, ownerReferences=[OwnerReference(apiVersion=hivemq.com/v1, blockOwnerDeletion=null, controller=null, kind=HiveMQPlatform, name=test-hivemq-legacy-platform, uid=7cd9dddc-8399-451f-a7c4-e190e41e27b1, additionalProperties={})], resourceVersion=null, selfLink=null, uid=null, additionalProperties={}), rules=[PolicyRule(apiGroups=[], nonResourceURLs=[], resourceNames=[], resources=[pods], verbs=[get, patch, update], additionalProperties={})], additionalProperties={})
2025-01-29 22:14:52,872 INFO c.h.h.t.HelmChartContainer - [hivemq-test-hivemq-platform] [hivemq-platform-operator] [349193a2] 22:14:52.871 [pool-6-thread-7] DEBUG c.h.p.o.d.PodServiceAccountResource - [helmlega] Desired PodServiceAccountResource (serviceAccountName: hivemq-platform-pod-test-hivemq-legacy-platform)
2025-01-29 22:14:52,874 INFO c.h.h.t.HelmChartContainer - [hivemq-test-hivemq-platform] [hivemq-platform-operator] [349193a2] 22:14:52.871 [pool-6-thread-7] DEBUG c.h.p.o.d.PodServiceAccountResource - [helmlega] Create ServiceAccount 'hivemq-platform-pod-test-hivemq-legacy-platform'
2025-01-29 22:14:52,972 INFO c.h.h.t.HelmChartContainer - [hivemq-test-hivemq-platform] [hivemq-platform-operator] [349193a2] 22:14:52.971 [pool-6-thread-10] DEBUG c.h.p.o.d.PodRoleBindingResource - [helmlega] Create RoleBinding: RoleBinding(apiVersion=rbac.authorization.k8s.io/v1, kind=RoleBinding, metadata=ObjectMeta(annotations={meta.helm.sh/release-name=test-hivemq-legacy-platform, meta.helm.sh/release-namespace=helmlegacystatefulsetmigrationit-operator}, creationTimestamp=null, deletionGracePeriodSeconds=null, deletionTimestamp=null, finalizers=[], generateName=null, generation=null, labels={helm.sh/chart=hivemq-platform-0.2.32, app.kubernetes.io/managed-by=Helm, app.kubernetes.io/name=hivemq-platform, hivemq-platform=test-hivemq-legacy-platform, app.kubernetes.io/instance=test-hivemq-legacy-platform, app.kubernetes.io/version=4.36.0}, managedFields=[], name=hivemq-platform-role-binding-test-hivemq-legacy-platform, namespace=helmlegacystatefulsetmigrationit-operator, ownerReferences=[OwnerReference(apiVersion=hivemq.com/v1, blockOwnerDeletion=null, controller=null, kind=HiveMQPlatform, name=test-hivemq-legacy-platform, uid=7cd9dddc-8399-451f-a7c4-e190e41e27b1, additionalProperties={})], resourceVersion=null, selfLink=null, uid=null, additionalProperties={}), roleRef=RoleRef(apiGroup=rbac.authorization.k8s.io, kind=Role, name=hivemq-platform-role-test-hivemq-legacy-platform, additionalProperties={}), subjects=[Subject(apiGroup=null, kind=ServiceAccount, name=hivemq-platform-pod-test-hivemq-legacy-platform, namespace=helmlegacystatefulsetmigrationit-operator, additionalProperties={})], additionalProperties={})
2025-01-29 22:14:53,071 INFO c.h.h.t.HelmChartContainer - [hivemq-test-hivemq-platform] [hivemq-platform-operator] [349193a2] 22:14:53.071 [ReconcilerExecutor-hivemq-controller-53] INFO  c.h.p.o.HiveMQPlatformReconciler - [helmlega] Reconciling HiveMQ Platform 'test-hivemq-legacy-platform' in namespace 'helmlegacystatefulsetmigrationit-operator'
2025-01-29 22:14:53,072 INFO c.h.h.t.HelmChartContainer - [hivemq-test-hivemq-platform] [hivemq-platform-operator] [349193a2] 22:14:53.071 [ReconcilerExecutor-hivemq-controller-53] DEBUG c.h.p.o.HiveMQPlatformReconciler - [helmlega] Custom Resource Status CREATED - HiveMQ Platform was created (READY)
2025-01-29 22:14:53,072 INFO c.h.h.t.HelmChartContainer - [hivemq-test-hivemq-platform] [hivemq-platform-operator] [349193a2] 22:14:53.071 [ReconcilerExecutor-hivemq-controller-53] DEBUG c.h.p.o.HiveMQPlatformReconciler - [helmlega] Custom Resource Spec (replicas: 1) (extensions: 2)
2025-01-29 22:14:53,078 INFO c.h.h.t.HelmChartContainer - [hivemq-test-hivemq-platform] [hivemq-platform-operator] [349193a2] 22:14:53.077 [ReconcilerExecutor-hivemq-controller-53] INFO  c.h.p.o.h.HiveMQPlatformReconcilerBaseHandler - [helmlega] HiveMQ Platform is migrating from a HiveMQ Operator with StatefulSet installation
2025-01-29 22:14:53,170 INFO c.h.h.t.HelmChartContainer - [hivemq-test-hivemq-platform] [hivemq-platform-operator] [349193a2] 22:14:53.170 [ReconcilerExecutor-hivemq-controller-53] DEBUG c.h.p.operator.event.EventSender - [helmlega] Creating K8s event hivemq-platform-statefulset-migration-started: [StatefulSetMigration] HiveMQ Platform is starting a migration of a HiveMQ Cluster with StatefulSet
2025-01-29 22:14:53,260 INFO c.h.h.t.HelmChartContainer - [EVENT] Normal [StatefulSetMigration] HiveMQ Platform is starting a migration of a HiveMQ Cluster with StatefulSet [helmlegacystatefulsetmigrationit-operator:test-hivemq-legacy-platform]
2025-01-29 22:14:53,264 INFO c.h.h.t.HelmChartContainer - [hivemq-test-hivemq-platform] [hivemq-platform-operator] [349193a2] 22:14:53.263 [ReconcilerExecutor-hivemq-controller-53] INFO  c.h.p.o.h.AbstractHiveMQReconcilerStateHandler - [helmlega] Update HiveMQ Platform Status (CREATED [READY] -> STATEFULSET_MIGRATION [STATEFULSET_MIGRATION_STARTING]): HiveMQ Platform is starting a migration of a HiveMQ Cluster with StatefulSet
2025-01-29 22:14:53,278 DEBUG com.hivemq.helmcharts.util.K8sUtil - Comparing actual state 'STATEFULSET_MIGRATION' and waiting for 'STATEFULSET_MIGRATION'
2025-01-29 22:14:53,290 DEBUG com.hivemq.helmcharts.util.K8sUtil - Comparing actual state 'STATEFULSET_MIGRATION' and waiting for 'ROLLING_RESTART'
2025-01-29 22:14:53,359 INFO c.h.h.t.HelmChartContainer - [test-hivemq-legacy-platform] [operator] [e03d67e5]  __  __ _                                  _   
2025-01-29 22:14:53,359 INFO c.h.h.t.HelmChartContainer - [test-hivemq-legacy-platform] [operator] [e03d67e5] |  \/  (_) ___ _ __ ___  _ __   __ _ _   _| |_ 
2025-01-29 22:14:53,359 INFO c.h.h.t.HelmChartContainer - [test-hivemq-legacy-platform] [operator] [e03d67e5] | |\/| | |/ __| '__/ _ \| '_ \ / _` | | | | __|
2025-01-29 22:14:53,359 INFO c.h.h.t.HelmChartContainer - [test-hivemq-legacy-platform] [operator] [e03d67e5] | |  | | | (__| | | (_) | | | | (_| | |_| | |_ 
2025-01-29 22:14:53,359 INFO c.h.h.t.HelmChartContainer - [test-hivemq-legacy-platform] [operator] [e03d67e5] |_|  |_|_|\___|_|  \___/|_| |_|\__,_|\__,_|\__|
2025-01-29 22:14:53,399 INFO c.h.h.t.HelmChartContainer - [test-hivemq-legacy-platform] [operator] [e03d67e5]   Micronaut (v3.5.2)
2025-01-29 22:14:53,399 INFO c.h.h.t.HelmChartContainer - [test-hivemq-legacy-platform] [operator] [e03d67e5] 
2025-01-29 22:14:55,349 INFO c.h.h.t.HelmChartContainer - [test-hivemq-legacy-platform] [operator] [e03d67e5] ?[36m22:14:55.344?[0;39m ?[1;30m[main]?[0;39m ?[34mINFO ?[0;39m ?[35mio.micronaut.runtime.Micronaut?[0;39m - Startup completed in 1993ms. Server Running: http://test-hivemq-legacy-platform-hivemq-operator-operator-56c5bjvchq:8443
2025-01-29 22:14:56,634 INFO c.h.h.t.HelmChartContainer - [test-hivemq-legacy-platform] [operator] [e03d67e5] ?[36m22:14:56.633?[0;39m ?[1;30m[main]?[0;39m ?[34mINFO ?[0;39m ?[35mcom.hivemq.Operator?[0;39m - Initializing HiveMQ operator
2025-01-29 22:14:57,635 INFO c.h.h.t.HelmChartContainer - [test-hivemq-legacy-platform] [operator] [e03d67e5] ?[36m22:14:57.634?[0;39m ?[1;30m[main]?[0;39m ?[34mINFO ?[0;39m ?[35mcom.hivemq.Operator?[0;39m - Operating from namespace 'helmlegacystatefulsetmigrationit-operator'
2025-01-29 22:14:57,823 INFO c.h.h.t.HelmChartContainer - [test-hivemq-legacy-platform] [operator] [e03d67e5] ?[36m22:14:57.822?[0;39m ?[1;30m[pool-3-thread-1]?[0;39m ?[34mINFO ?[0;39m ?[35mcom.hivemq.AbstractWatcher?[0;39m - CustomResource watcher running for kinds HiveMQCluster
2025-01-29 22:14:58,422 INFO c.h.h.t.HelmChartContainer - [test-hivemq-legacy-platform] [operator] [e03d67e5] ?[36m22:14:58.421?[0;39m ?[1;30m[main]?[0;39m ?[34mINFO ?[0;39m ?[35mcom.hivemq.Operator?[0;39m - Operator started in 1788ms
2025-01-29 22:15:03,294 INFO c.h.h.t.HelmChartContainer - [hivemq-test-hivemq-platform] [hivemq-platform-operator] [349193a2] 22:15:03.292 [ReconcilerExecutor-hivemq-controller-66] INFO  c.h.p.o.HiveMQPlatformReconciler - [helmlega] Reconciling HiveMQ Platform 'test-hivemq-legacy-platform' in namespace 'helmlegacystatefulsetmigrationit-operator'
2025-01-29 22:15:03,294 INFO c.h.h.t.HelmChartContainer - [hivemq-test-hivemq-platform] [hivemq-platform-operator] [349193a2] 22:15:03.292 [ReconcilerExecutor-hivemq-controller-66] DEBUG c.h.p.o.HiveMQPlatformReconciler - [helmlega] Custom Resource Status STATEFULSET_MIGRATION - HiveMQ Platform is starting a migration of a HiveMQ Cluster with StatefulSet (STATEFULSET_MIGRATION_STARTING)
2025-01-29 22:15:03,294 INFO c.h.h.t.HelmChartContainer - [hivemq-test-hivemq-platform] [hivemq-platform-operator] [349193a2] 22:15:03.292 [ReconcilerExecutor-hivemq-controller-66] DEBUG c.h.p.o.HiveMQPlatformReconciler - [helmlega] Custom Resource Spec (replicas: 1) (extensions: 2)
2025-01-29 22:15:03,297 INFO c.h.h.t.HelmChartContainer - [hivemq-test-hivemq-platform] [hivemq-platform-operator] [349193a2] 22:15:03.296 [ReconcilerExecutor-hivemq-controller-66] INFO  c.h.p.o.h.HiveMQPlatformReconcilerMigrationHandler - [helmlega] Starting migration of HiveMQ Cluster test-hivemq-legacy-platform with StatefulSet
2025-01-29 22:15:03,459 INFO c.h.h.t.HelmChartContainer - [hivemq-test-hivemq-platform] [hivemq-platform-operator] [349193a2] 22:15:03.457 [ReconcilerExecutor-hivemq-controller-66] INFO  c.h.p.o.h.HiveMQPlatformReconcilerMigrationHandler - [helmlega] HiveMQ Cluster test-hivemq-legacy-platform with StatefulSet is ready for migration
2025-01-29 22:15:03,473 INFO c.h.h.t.HelmChartContainer - [hivemq-test-hivemq-platform] [hivemq-platform-operator] [349193a2] 22:15:03.472 [ReconcilerExecutor-hivemq-controller-66] DEBUG c.h.p.operator.event.EventSender - [helmlega] Creating K8s event hivemq-platform-statefulset-migration-in-progress: [StatefulSetMigration] HiveMQ Platform is migrating from a HiveMQ Cluster with StatefulSet
2025-01-29 22:15:03,477 INFO c.h.h.t.HelmChartContainer - [EVENT] Normal [StatefulSetMigration] HiveMQ Platform is migrating from a HiveMQ Cluster with StatefulSet [helmlegacystatefulsetmigrationit-operator:test-hivemq-legacy-platform]
2025-01-29 22:15:03,477 INFO c.h.h.t.HelmChartContainer - [hivemq-test-hivemq-platform] [hivemq-platform-operator] [349193a2] 22:15:03.477 [ReconcilerExecutor-hivemq-controller-66] INFO  c.h.p.o.h.AbstractHiveMQReconcilerStateHandler - [helmlega] Update HiveMQ Platform Status (STATEFULSET_MIGRATION [STATEFULSET_MIGRATION_STARTING] -> STATEFULSET_MIGRATION [STATEFULSET_MIGRATION_IN_PROGRESS]): HiveMQ Platform is migrating from a HiveMQ Cluster with StatefulSet
2025-01-29 22:15:03,564 DEBUG com.hivemq.helmcharts.util.K8sUtil - Comparing actual state 'STATEFULSET_MIGRATION' and waiting for 'ROLLING_RESTART'
2025-01-29 22:15:13,577 INFO c.h.h.t.HelmChartContainer - [hivemq-test-hivemq-platform] [hivemq-platform-operator] [349193a2] 22:15:13.575 [ReconcilerExecutor-hivemq-controller-77] INFO  c.h.p.o.HiveMQPlatformReconciler - [helmlega] Reconciling HiveMQ Platform 'test-hivemq-legacy-platform' in namespace 'helmlegacystatefulsetmigrationit-operator'
2025-01-29 22:15:13,577 INFO c.h.h.t.HelmChartContainer - [hivemq-test-hivemq-platform] [hivemq-platform-operator] [349193a2] 22:15:13.576 [ReconcilerExecutor-hivemq-controller-77] DEBUG c.h.p.o.HiveMQPlatformReconciler - [helmlega] Custom Resource Status STATEFULSET_MIGRATION - HiveMQ Platform is migrating from a HiveMQ Cluster with StatefulSet (STATEFULSET_MIGRATION_IN_PROGRESS)
2025-01-29 22:15:13,577 INFO c.h.h.t.HelmChartContainer - [hivemq-test-hivemq-platform] [hivemq-platform-operator] [349193a2] 22:15:13.576 [ReconcilerExecutor-hivemq-controller-77] DEBUG c.h.p.o.HiveMQPlatformReconciler - [helmlega] Custom Resource Spec (replicas: 1) (extensions: 2)
2025-01-29 22:15:13,578 INFO c.h.h.t.HelmChartContainer - [hivemq-test-hivemq-platform] [hivemq-platform-operator] [349193a2] 22:15:13.578 [ReconcilerExecutor-hivemq-controller-77] INFO  c.h.p.o.h.HiveMQPlatformReconcilerMigrationHandler - [helmlega] Migration of HiveMQ Cluster test-hivemq-legacy-platform with StatefulSet
2025-01-29 22:15:13,758 INFO c.h.h.t.HelmChartContainer - [hivemq-test-hivemq-platform] [hivemq-platform-operator] [349193a2] 22:15:13.757 [ReconcilerExecutor-hivemq-controller-77] DEBUG c.h.p.o.h.HiveMQPlatformReconcilerMigrationHandler - [helmlega] Successfully migrated StatefulSet 'test-hivemq-legacy-platform' (resourceVersion: 991 -> 1037)
2025-01-29 22:15:13,875 INFO c.h.h.t.HelmChartContainer - [POD] test-hivemq-legacy-platform-0 [a9ae7f21-1ace-4521-af30-7d8c2c9fd8d7] in helmlegacystatefulsetmigrationit-operator was MODIFIED
2025-01-29 22:15:13,880 INFO c.h.h.t.HelmChartContainer - [hivemq-test-hivemq-platform] [hivemq-platform-operator] [349193a2] 22:15:13.875 [ReconcilerExecutor-hivemq-controller-77] DEBUG c.h.p.o.h.HiveMQPlatformReconcilerMigrationHandler - [helmlega] Successfully migrated Pod 'test-hivemq-legacy-platform-0' (resourceVersion: 949 -> 1038)
2025-01-29 22:15:13,971 INFO c.h.h.t.HelmChartContainer - [hivemq-test-hivemq-platform] [hivemq-platform-operator] [349193a2] 22:15:13.969 [ReconcilerExecutor-hivemq-controller-77] DEBUG c.h.p.o.h.HiveMQPlatformReconcilerMigrationHandler - [helmlega] Successfully migrated Service 'hivemq-test-hivemq-legacy-platform-mqtt' (resourceVersion: 988 -> 1039)
2025-01-29 22:15:14,056 INFO c.h.h.t.HelmChartContainer - [hivemq-test-hivemq-platform] [hivemq-platform-operator] [349193a2] 22:15:14.055 [ReconcilerExecutor-hivemq-controller-77] DEBUG c.h.p.o.h.HiveMQPlatformReconcilerMigrationHandler - [helmlega] Successfully migrated Service 'hivemq-test-hivemq-legacy-platform-cc' (resourceVersion: 992 -> 1042)
2025-01-29 22:15:14,067 INFO c.h.h.t.HelmChartContainer - [hivemq-test-hivemq-platform] [hivemq-platform-operator] [349193a2] 22:15:14.065 [ReconcilerExecutor-hivemq-controller-77] DEBUG c.h.p.o.h.HiveMQPlatformReconcilerMigrationHandler - [helmlega] Successfully migrated Service 'hivemq-test-hivemq-legacy-platform-metrics' (resourceVersion: 986 -> 1045)
2025-01-29 22:15:14,079 INFO c.h.h.t.HelmChartContainer - [hivemq-test-hivemq-platform] [hivemq-platform-operator] [349193a2] 22:15:14.078 [ReconcilerExecutor-hivemq-controller-77] DEBUG c.h.p.o.h.HiveMQPlatformReconcilerMigrationHandler - [helmlega] Successfully migrated Service 'hivemq-test-hivemq-legacy-platform-api' (resourceVersion: 990 -> 1048)
2025-01-29 22:15:14,165 INFO c.h.h.t.HelmChartContainer - [hivemq-test-hivemq-platform] [hivemq-platform-operator] [349193a2] 22:15:14.161 [ReconcilerExecutor-hivemq-controller-77] DEBUG c.h.p.o.h.HiveMQPlatformReconcilerMigrationHandler - [helmlega] Successfully migrated Service 'hivemq-test-hivemq-legacy-platform-cluster' (resourceVersion: 987 -> 1051)
2025-01-29 22:15:14,165 INFO c.h.h.t.HelmChartContainer - [hivemq-test-hivemq-platform] [hivemq-platform-operator] [349193a2] 22:15:14.161 [ReconcilerExecutor-hivemq-controller-77] INFO  c.h.p.o.h.HiveMQPlatformReconcilerMigrationHandler - [helmlega] Migration of HiveMQ Cluster test-hivemq-legacy-platform with StatefulSet was successful
2025-01-29 22:15:14,257 INFO c.h.h.t.HelmChartContainer - [hivemq-test-hivemq-platform] [hivemq-platform-operator] [349193a2] 22:15:14.257 [ReconcilerExecutor-hivemq-controller-77] DEBUG c.h.p.operator.event.EventSender - [helmlega] Creating K8s event hivemq-platform-statefulset-migration-validation: [StatefulSetMigration] HiveMQ Platform is validating a migration of a HiveMQ Cluster with StatefulSet
2025-01-29 22:15:14,260 INFO c.h.h.t.HelmChartContainer - [EVENT] Normal [StatefulSetMigration] HiveMQ Platform is validating a migration of a HiveMQ Cluster with StatefulSet [helmlegacystatefulsetmigrationit-operator:test-hivemq-legacy-platform]
2025-01-29 22:15:14,261 INFO c.h.h.t.HelmChartContainer - [hivemq-test-hivemq-platform] [hivemq-platform-operator] [349193a2] 22:15:14.260 [ReconcilerExecutor-hivemq-controller-77] INFO  c.h.p.o.h.AbstractHiveMQReconcilerStateHandler - [helmlega] Update HiveMQ Platform Status (STATEFULSET_MIGRATION [STATEFULSET_MIGRATION_IN_PROGRESS] -> STATEFULSET_MIGRATION [STATEFULSET_MIGRATION_VALIDATION]): HiveMQ Platform is validating a migration of a HiveMQ Cluster with StatefulSet
2025-01-29 22:15:14,275 DEBUG com.hivemq.helmcharts.util.K8sUtil - Comparing actual state 'STATEFULSET_MIGRATION' and waiting for 'ROLLING_RESTART'
2025-01-29 22:15:14,357 INFO c.h.h.t.HelmChartContainer - [hivemq-test-hivemq-platform] [hivemq-platform-operator] [349193a2] 22:15:14.356 [ReconcilerExecutor-hivemq-controller-88] INFO  c.h.p.o.HiveMQPlatformReconciler - [helmlega] Reconciling HiveMQ Platform 'test-hivemq-legacy-platform' in namespace 'helmlegacystatefulsetmigrationit-operator'
2025-01-29 22:15:14,358 INFO c.h.h.t.HelmChartContainer - [hivemq-test-hivemq-platform] [hivemq-platform-operator] [349193a2] 22:15:14.356 [ReconcilerExecutor-hivemq-controller-88] DEBUG c.h.p.o.HiveMQPlatformReconciler - [helmlega] Custom Resource Status STATEFULSET_MIGRATION - HiveMQ Platform is validating a migration of a HiveMQ Cluster with StatefulSet (STATEFULSET_MIGRATION_VALIDATION)
2025-01-29 22:15:14,358 INFO c.h.h.t.HelmChartContainer - [hivemq-test-hivemq-platform] [hivemq-platform-operator] [349193a2] 22:15:14.356 [ReconcilerExecutor-hivemq-controller-88] DEBUG c.h.p.o.HiveMQPlatformReconciler - [helmlega] Custom Resource Spec (replicas: 1) (extensions: 2)
2025-01-29 22:15:14,366 INFO c.h.h.t.HelmChartContainer - [hivemq-test-hivemq-platform] [hivemq-platform-operator] [349193a2] 22:15:14.366 [ReconcilerExecutor-hivemq-controller-88] DEBUG c.h.p.o.h.HiveMQPlatformReconcilerMigrationHandler - [helmlega] Validation of migrated StatefulSet 'test-hivemq-legacy-platform' of HiveMQ Platform 'test-hivemq-legacy-platform'
2025-01-29 22:15:14,373 INFO c.h.h.t.HelmChartContainer - [hivemq-test-hivemq-platform] [hivemq-platform-operator] [349193a2] 22:15:14.372 [ReconcilerExecutor-hivemq-controller-88] DEBUG c.h.p.o.h.HiveMQPlatformReconcilerMigrationHandler - [helmlega] Validation of migrated Pod 'test-hivemq-legacy-platform-0' of HiveMQ Platform 'test-hivemq-legacy-platform'
2025-01-29 22:15:14,458 INFO c.h.h.t.HelmChartContainer - [hivemq-test-hivemq-platform] [hivemq-platform-operator] [349193a2] 22:15:14.457 [ReconcilerExecutor-hivemq-controller-88] DEBUG c.h.p.o.h.HiveMQPlatformReconcilerMigrationHandler - [helmlega] Validation of migrated Service 'hivemq-test-hivemq-legacy-platform-metrics' of HiveMQ Platform 'test-hivemq-legacy-platform'
2025-01-29 22:15:14,459 INFO c.h.h.t.HelmChartContainer - [hivemq-test-hivemq-platform] [hivemq-platform-operator] [349193a2] 22:15:14.457 [ReconcilerExecutor-hivemq-controller-88] DEBUG c.h.p.o.h.HiveMQPlatformReconcilerMigrationHandler - [helmlega] Validation of migrated Service 'hivemq-test-hivemq-legacy-platform-cc' of HiveMQ Platform 'test-hivemq-legacy-platform'
2025-01-29 22:15:14,459 INFO c.h.h.t.HelmChartContainer - [hivemq-test-hivemq-platform] [hivemq-platform-operator] [349193a2] 22:15:14.457 [ReconcilerExecutor-hivemq-controller-88] DEBUG c.h.p.o.h.HiveMQPlatformReconcilerMigrationHandler - [helmlega] Validation of migrated Service 'hivemq-test-hivemq-legacy-platform-cluster' of HiveMQ Platform 'test-hivemq-legacy-platform'
2025-01-29 22:15:14,459 INFO c.h.h.t.HelmChartContainer - [hivemq-test-hivemq-platform] [hivemq-platform-operator] [349193a2] 22:15:14.457 [ReconcilerExecutor-hivemq-controller-88] DEBUG c.h.p.o.h.HiveMQPlatformReconcilerMigrationHandler - [helmlega] Validation of migrated Service 'hivemq-test-hivemq-legacy-platform-mqtt' of HiveMQ Platform 'test-hivemq-legacy-platform'
2025-01-29 22:15:14,459 INFO c.h.h.t.HelmChartContainer - [hivemq-test-hivemq-platform] [hivemq-platform-operator] [349193a2] 22:15:14.457 [ReconcilerExecutor-hivemq-controller-88] DEBUG c.h.p.o.h.HiveMQPlatformReconcilerMigrationHandler - [helmlega] Validation of migrated Service 'hivemq-test-hivemq-legacy-platform-api' of HiveMQ Platform 'test-hivemq-legacy-platform'
2025-01-29 22:15:14,459 INFO c.h.h.t.HelmChartContainer - [hivemq-test-hivemq-platform] [hivemq-platform-operator] [349193a2] 22:15:14.458 [ReconcilerExecutor-hivemq-controller-88] INFO  c.h.p.o.h.HiveMQPlatformReconcilerMigrationHandler - [helmlega] Migration of HiveMQ Cluster test-hivemq-legacy-platform with StatefulSet validated successfully
2025-01-29 22:15:14,473 INFO c.h.h.t.HelmChartContainer - [hivemq-test-hivemq-platform] [hivemq-platform-operator] [349193a2] 22:15:14.472 [ReconcilerExecutor-hivemq-controller-88] DEBUG c.h.p.operator.event.EventSender - [helmlega] Creating K8s event hivemq-platform-ready: [Ready] HiveMQ Platform is ready
2025-01-29 22:15:14,560 INFO c.h.h.t.HelmChartContainer - [EVENT] Normal [Ready] HiveMQ Platform is ready [helmlegacystatefulsetmigrationit-operator:test-hivemq-legacy-platform]
2025-01-29 22:15:14,561 INFO c.h.h.t.HelmChartContainer - [hivemq-test-hivemq-platform] [hivemq-platform-operator] [349193a2] 22:15:14.559 [ReconcilerExecutor-hivemq-controller-88] INFO  c.h.p.o.h.AbstractHiveMQReconcilerStateHandler - [helmlega] Update HiveMQ Platform Status (STATEFULSET_MIGRATION [STATEFULSET_MIGRATION_VALIDATION] -> RUNNING [READY]): HiveMQ Platform is ready
2025-01-29 22:15:14,572 DEBUG com.hivemq.helmcharts.util.K8sUtil - Comparing actual state 'RUNNING' and waiting for 'ROLLING_RESTART'
2025-01-29 22:15:24,581 INFO c.h.h.t.HelmChartContainer - [hivemq-test-hivemq-platform] [hivemq-platform-operator] [349193a2] 22:15:24.580 [pool-6-thread-42] DEBUG c.h.p.o.d.PlatformServiceResource - [helmlega] Desired Platform services (4 services)
2025-01-29 22:15:24,586 INFO c.h.h.t.HelmChartContainer - [hivemq-test-hivemq-platform] [hivemq-platform-operator] [349193a2] 22:15:24.584 [pool-6-thread-43] DEBUG c.h.p.o.dependants.PodInfoConfigMap - [helmlega] Desired PodInfo ConfigMap (2 extensions) (1 enabled)
2025-01-29 22:15:24,586 INFO c.h.h.t.HelmChartContainer - [hivemq-test-hivemq-platform] [hivemq-platform-operator] [349193a2] 22:15:24.584 [pool-6-thread-47] DEBUG c.h.p.o.d.PodServiceAccountResource - [helmlega] Desired PodServiceAccountResource (serviceAccountName: hivemq-platform-pod-test-hivemq-legacy-platform)
2025-01-29 22:15:24,586 INFO c.h.h.t.HelmChartContainer - [hivemq-test-hivemq-platform] [hivemq-platform-operator] [349193a2] 22:15:24.584 [pool-6-thread-43] DEBUG c.h.p.o.dependants.PodInfoConfigMap - [helmlega] Desired PodInfo ConfigMap (metrics port: 9399) (metrics path: /)
2025-01-29 22:15:24,586 INFO c.h.h.t.HelmChartContainer - [hivemq-test-hivemq-platform] [hivemq-platform-operator] [349193a2] 22:15:24.584 [pool-6-thread-43] DEBUG c.h.p.o.dependants.PodInfoConfigMap - [helmlega] Desired PodInfo ConfigMap (extension state hash: -1220239358)
2025-01-29 22:15:24,661 INFO c.h.h.t.HelmChartContainer - [hivemq-test-hivemq-platform] [hivemq-platform-operator] [349193a2] 22:15:24.656 [pool-6-thread-43] DEBUG c.h.p.o.dependants.PodInfoConfigMap - [helmlega] Update PodInfo ConfigMap
2025-01-29 22:15:24,865 INFO c.h.h.t.HelmChartContainer - [hivemq-test-hivemq-platform] [hivemq-platform-operator] [349193a2] 22:15:24.864 [pool-6-thread-50] DEBUG c.h.p.o.d.StatefulSetResource - [helmlega] Actual selector match labels: {app=hivemq, hivemq-cluster=test-hivemq-legacy-platform}
2025-01-29 22:15:24,866 INFO c.h.h.t.HelmChartContainer - [hivemq-test-hivemq-platform] [hivemq-platform-operator] [349193a2] 22:15:24.864 [pool-6-thread-50] DEBUG c.h.p.o.d.StatefulSetResource - [helmlega] Target selector match labels: {hivemq-platform=test-hivemq-legacy-platform}
2025-01-29 22:15:24,866 INFO c.h.h.t.HelmChartContainer - [hivemq-test-hivemq-platform] [hivemq-platform-operator] [349193a2] 22:15:24.864 [pool-6-thread-50] INFO  c.h.p.o.d.StatefulSetResource - [helmlega] Detected change of immutable fields in StatefulSet specification, will re-create the StatefulSet
2025-01-29 22:15:24,872 INFO c.h.h.t.HelmChartContainer - [hivemq-test-hivemq-platform] [hivemq-platform-operator] [349193a2] 22:15:24.871 [pool-6-thread-50] INFO  c.h.p.o.d.StatefulSetResource - [helmlega] Fixing labels on Pod 'test-hivemq-legacy-platform-0'
2025-01-29 22:15:24,971 INFO c.h.h.t.HelmChartContainer - [POD] test-hivemq-legacy-platform-0 [a9ae7f21-1ace-4521-af30-7d8c2c9fd8d7] in helmlegacystatefulsetmigrationit-operator was MODIFIED
2025-01-29 22:15:25,020 INFO c.h.h.t.HelmChartContainer - [POD] test-hivemq-legacy-platform-0 [a9ae7f21-1ace-4521-af30-7d8c2c9fd8d7] in helmlegacystatefulsetmigrationit-operator was MODIFIED
2025-01-29 22:15:25,024 INFO c.h.h.t.HelmChartContainer - [K3S] [stateful_set.go:438] "Unhandled Error" err="error syncing StatefulSet helmlegacystatefulsetmigrationit-operator/test-hivemq-legacy-platform, requeuing: can't adopt ControllerRevisions: helmlegacystatefulsetmigrationit-operator/test-hivemq-legacy-platform has just been deleted at 2025-01-29 22:15:24 +0000 UTC"
2025-01-29 22:15:25,032 INFO c.h.h.t.HelmChartContainer - [K3S] [stateful_set.go:438] "Unhandled Error" err="error syncing StatefulSet helmlegacystatefulsetmigrationit-operator/test-hivemq-legacy-platform, requeuing: can't adopt ControllerRevisions: helmlegacystatefulsetmigrationit-operator/test-hivemq-legacy-platform has just been deleted at 2025-01-29 22:15:24 +0000 UTC"
2025-01-29 22:15:25,035 INFO c.h.h.t.HelmChartContainer - [K3S] [stateful_set.go:466] "StatefulSet has been deleted" key="helmlegacystatefulsetmigrationit-operator/test-hivemq-legacy-platform"
2025-01-29 22:15:25,044 INFO c.h.h.t.HelmChartContainer - [K3S] [stateful_set.go:466] "StatefulSet has been deleted" key="helmlegacystatefulsetmigrationit-operator/test-hivemq-legacy-platform"
2025-01-29 22:15:25,068 INFO c.h.h.t.HelmChartContainer - [hivemq-test-hivemq-platform] [hivemq-platform-operator] [349193a2] 22:15:25.066 [pool-6-thread-50] INFO  c.h.p.o.d.StatefulSetResource - [helmlega] StatefulSet needs to be re-created, stopping current reconciliation
2025-01-29 22:15:25,070 INFO c.h.h.t.HelmChartContainer - [hivemq-test-hivemq-platform] [hivemq-platform-operator] [349193a2] 22:15:25.067 [ReconcilerExecutor-hivemq-controller-99] INFO  c.h.p.o.HiveMQPlatformReconciler - [helmlega] Reconciling HiveMQ Platform 'test-hivemq-legacy-platform' in namespace 'helmlegacystatefulsetmigrationit-operator'
2025-01-29 22:15:25,070 INFO c.h.h.t.HelmChartContainer - [hivemq-test-hivemq-platform] [hivemq-platform-operator] [349193a2] 22:15:25.067 [ReconcilerExecutor-hivemq-controller-99] DEBUG c.h.p.o.HiveMQPlatformReconciler - [helmlega] Custom Resource Status RUNNING - HiveMQ Platform is ready (READY) (reconciliation requests: ROLLING_RESTART, REQUESTS_UPDATED)
2025-01-29 22:15:25,070 INFO c.h.h.t.HelmChartContainer - [hivemq-test-hivemq-platform] [hivemq-platform-operator] [349193a2] 22:15:25.067 [ReconcilerExecutor-hivemq-controller-99] DEBUG c.h.p.o.HiveMQPlatformReconciler - [helmlega] Custom Resource Spec (replicas: 1) (extensions: 2)
2025-01-29 22:15:25,070 INFO c.h.h.t.HelmChartContainer - [hivemq-test-hivemq-platform] [hivemq-platform-operator] [349193a2] 22:15:25.068 [ReconcilerExecutor-hivemq-controller-99] DEBUG c.h.p.o.HiveMQPlatformReconciler - [helmlega] StatefulSet is not ready yet
2025-01-29 22:15:25,070 INFO c.h.h.t.HelmChartContainer - [hivemq-test-hivemq-platform] [hivemq-platform-operator] [349193a2] 22:15:25.068 [ReconcilerExecutor-hivemq-controller-99] DEBUG c.h.p.o.h.AbstractHiveMQReconcilerStateHandler - [helmlega] HiveMQ Platform annotations have been updated, will update resource
2025-01-29 22:15:25,070 INFO c.h.h.t.HelmChartContainer - [hivemq-test-hivemq-platform] [hivemq-platform-operator] [349193a2] 22:15:25.068 [ReconcilerExecutor-hivemq-controller-99] INFO  c.h.p.o.h.AbstractHiveMQReconcilerStateHandler - [helmlega] Update HiveMQ Platform Status (STATEFULSET_MIGRATION [STATEFULSET_MIGRATION_VALIDATION] -> RUNNING [READY]): HiveMQ Platform is ready (reconciliation requests: ROLLING_RESTART)
2025-01-29 22:15:25,079 DEBUG com.hivemq.helmcharts.util.K8sUtil - Comparing actual state 'RUNNING' and waiting for 'ROLLING_RESTART'
2025-01-29 22:15:25,162 INFO c.h.h.t.HelmChartContainer - [hivemq-test-hivemq-platform] [hivemq-platform-operator] [349193a2] 22:15:25.158 [pool-6-thread-3] DEBUG c.h.p.o.d.PlatformServiceResource - [helmlega] Desired Platform services (4 services)
2025-01-29 22:15:25,162 INFO c.h.h.t.HelmChartContainer - [hivemq-test-hivemq-platform] [hivemq-platform-operator] [349193a2] 22:15:25.160 [pool-6-thread-6] DEBUG c.h.p.o.dependants.PodInfoConfigMap - [helmlega] Desired PodInfo ConfigMap (2 extensions) (1 enabled)
2025-01-29 22:15:25,162 INFO c.h.h.t.HelmChartContainer - [hivemq-test-hivemq-platform] [hivemq-platform-operator] [349193a2] 22:15:25.160 [pool-6-thread-6] DEBUG c.h.p.o.dependants.PodInfoConfigMap - [helmlega] Desired PodInfo ConfigMap (metrics port: 9399) (metrics path: /)
2025-01-29 22:15:25,162 INFO c.h.h.t.HelmChartContainer - [hivemq-test-hivemq-platform] [hivemq-platform-operator] [349193a2] 22:15:25.160 [pool-6-thread-6] DEBUG c.h.p.o.dependants.PodInfoConfigMap - [helmlega] Desired PodInfo ConfigMap (extension state hash: -1220239358)
2025-01-29 22:15:25,162 INFO c.h.h.t.HelmChartContainer - [hivemq-test-hivemq-platform] [hivemq-platform-operator] [349193a2] 22:15:25.160 [pool-6-thread-4] DEBUG c.h.p.o.d.PodServiceAccountResource - [helmlega] Desired PodServiceAccountResource (serviceAccountName: hivemq-platform-pod-test-hivemq-legacy-platform)
2025-01-29 22:15:25,272 INFO c.h.h.t.HelmChartContainer - [hivemq-test-hivemq-platform] [hivemq-platform-operator] [349193a2] 22:15:25.269 [pool-6-thread-3] DEBUG c.h.p.o.d.StatefulSetResource - [helmlega] Desired StatefulSet (1 replicas) for status RUNNING (READY)
2025-01-29 22:15:25,359 INFO c.h.h.t.HelmChartContainer - [hivemq-test-hivemq-platform] [hivemq-platform-operator] [349193a2] 22:15:25.357 [pool-6-thread-3] DEBUG c.h.p.o.d.StatefulSetResource - [helmlega] Create StatefulSet
2025-01-29 22:15:25,373 INFO c.h.h.t.HelmChartContainer - [hivemq-test-hivemq-platform] [hivemq-platform-operator] [349193a2] 22:15:25.372 [ReconcilerExecutor-hivemq-controller-110] INFO  c.h.p.o.HiveMQPlatformReconciler - [helmlega] Reconciling HiveMQ Platform 'test-hivemq-legacy-platform' in namespace 'helmlegacystatefulsetmigrationit-operator'
2025-01-29 22:15:25,373 INFO c.h.h.t.HelmChartContainer - [hivemq-test-hivemq-platform] [hivemq-platform-operator] [349193a2] 22:15:25.372 [ReconcilerExecutor-hivemq-controller-110] DEBUG c.h.p.o.HiveMQPlatformReconciler - [helmlega] Custom Resource Status RUNNING - HiveMQ Platform is ready (READY) (reconciliation requests: ROLLING_RESTART)
2025-01-29 22:15:25,373 INFO c.h.h.t.HelmChartContainer - [hivemq-test-hivemq-platform] [hivemq-platform-operator] [349193a2] 22:15:25.372 [ReconcilerExecutor-hivemq-controller-110] DEBUG c.h.p.o.HiveMQPlatformReconciler - [helmlega] Custom Resource Spec (replicas: 1) (extensions: 2)
2025-01-29 22:15:25,376 INFO c.h.h.t.HelmChartContainer - [hivemq-test-hivemq-platform] [hivemq-platform-operator] [349193a2] 22:15:25.375 [ReconcilerExecutor-hivemq-controller-110] DEBUG c.h.p.o.HiveMQPlatformReconciler - [helmlega] StatefulSet Status (revision: null, replicas: 0, available: 0, ready: 0, current: 0, updated: 0)
2025-01-29 22:15:25,376 INFO c.h.h.t.HelmChartContainer - [hivemq-test-hivemq-platform] [hivemq-platform-operator] [349193a2] 22:15:25.375 [ReconcilerExecutor-hivemq-controller-110] DEBUG c.h.p.o.HiveMQPlatformReconciler - [helmlega] StatefulSet Spec (replicas: 1, init containers: 1, containers: 1, volumes: 6)
2025-01-29 22:15:25,380 INFO c.h.h.t.HelmChartContainer - [hivemq-test-hivemq-platform] [hivemq-platform-operator] [349193a2] 22:15:25.378 [ReconcilerExecutor-hivemq-controller-110] DEBUG c.h.p.o.h.HiveMQPlatformReconcilerErrorHandler - [helmlega] Pod 'test-hivemq-legacy-platform-0' phase Running
2025-01-29 22:15:25,380 INFO c.h.h.t.HelmChartContainer - [hivemq-test-hivemq-platform] [hivemq-platform-operator] [349193a2] 22:15:25.379 [ReconcilerExecutor-hivemq-controller-110] INFO  c.h.p.o.h.HiveMQPlatformReconcilerBaseHandler - [helmlega] Started rolling restart (scaling to 2 replicas)
2025-01-29 22:15:25,387 INFO c.h.h.t.HelmChartContainer - [POD] test-hivemq-legacy-platform-0 [a9ae7f21-1ace-4521-af30-7d8c2c9fd8d7] in helmlegacystatefulsetmigrationit-operator was MODIFIED
2025-01-29 22:15:25,463 INFO c.h.h.t.HelmChartContainer - [hivemq-test-hivemq-platform] [hivemq-platform-operator] [349193a2] 22:15:25.462 [ReconcilerExecutor-hivemq-controller-110] DEBUG c.h.p.operator.event.EventSender - [helmlega] Creating K8s event rolling-restart-started: [RollingRestart] HiveMQ Platform is starting a surge Pod (rolling restart)
2025-01-29 22:15:25,467 INFO c.h.h.t.HelmChartContainer - [EVENT] Normal [RollingRestart] HiveMQ Platform is starting a surge Pod (rolling restart) [helmlegacystatefulsetmigrationit-operator:test-hivemq-legacy-platform]
2025-01-29 22:15:25,467 INFO c.h.h.t.HelmChartContainer - [hivemq-test-hivemq-platform] [hivemq-platform-operator] [349193a2] 22:15:25.466 [ReconcilerExecutor-hivemq-controller-110] INFO  c.h.p.o.h.AbstractHiveMQReconcilerStateHandler - [helmlega] Update HiveMQ Platform Status (RUNNING [READY] -> ROLLING_RESTART [SURGE_IN_PROGRESS]): HiveMQ Platform is starting a surge Pod (rolling restart)
2025-01-29 22:15:25,476 DEBUG com.hivemq.helmcharts.util.K8sUtil - Comparing actual state 'ROLLING_RESTART' and waiting for 'ROLLING_RESTART'
2025-01-29 22:15:25,486 DEBUG com.hivemq.helmcharts.util.K8sUtil - Comparing actual state 'ROLLING_RESTART' and waiting for 'RUNNING'
2025-01-29 22:15:25,563 INFO c.h.h.t.HelmChartContainer - [hivemq-test-hivemq-platform] [hivemq-platform-operator] [349193a2] 22:15:25.559 [pool-6-thread-14] DEBUG c.h.p.o.d.PlatformServiceResource - [helmlega] Desired Platform services (4 services)
2025-01-29 22:15:25,565 INFO c.h.h.t.HelmChartContainer - [hivemq-test-hivemq-platform] [hivemq-platform-operator] [349193a2] 22:15:25.561 [pool-6-thread-17] DEBUG c.h.p.o.dependants.PodInfoConfigMap - [helmlega] Desired PodInfo ConfigMap (2 extensions) (1 enabled)
2025-01-29 22:15:25,565 INFO c.h.h.t.HelmChartContainer - [hivemq-test-hivemq-platform] [hivemq-platform-operator] [349193a2] 22:15:25.561 [pool-6-thread-17] DEBUG c.h.p.o.dependants.PodInfoConfigMap - [helmlega] Desired PodInfo ConfigMap (metrics port: 9399) (metrics path: /)
2025-01-29 22:15:25,565 INFO c.h.h.t.HelmChartContainer - [hivemq-test-hivemq-platform] [hivemq-platform-operator] [349193a2] 22:15:25.561 [pool-6-thread-17] DEBUG c.h.p.o.dependants.PodInfoConfigMap - [helmlega] Desired PodInfo ConfigMap (extension state hash: -1220239358)
2025-01-29 22:15:25,566 INFO c.h.h.t.HelmChartContainer - [hivemq-test-hivemq-platform] [hivemq-platform-operator] [349193a2] 22:15:25.562 [pool-6-thread-17] DEBUG c.h.p.o.dependants.PodInfoConfigMap - [helmlega] Update PodInfo ConfigMap
2025-01-29 22:15:25,566 INFO c.h.h.t.HelmChartContainer - [hivemq-test-hivemq-platform] [hivemq-platform-operator] [349193a2] 22:15:25.565 [pool-6-thread-15] DEBUG c.h.p.o.d.PodServiceAccountResource - [helmlega] Desired PodServiceAccountResource (serviceAccountName: hivemq-platform-pod-test-hivemq-legacy-platform)
2025-01-29 22:15:25,657 INFO c.h.h.t.HelmChartContainer - [hivemq-test-hivemq-platform] [hivemq-platform-operator] [349193a2] 22:15:25.657 [pool-6-thread-17] DEBUG c.h.p.o.d.StatefulSetResource - [helmlega] Desired StatefulSet (2 replicas) for status ROLLING_RESTART (SURGE_IN_PROGRESS)
2025-01-29 22:15:25,663 INFO c.h.h.t.HelmChartContainer - [hivemq-test-hivemq-platform] [hivemq-platform-operator] [349193a2] 22:15:25.662 [pool-6-thread-17] DEBUG c.h.p.o.d.StatefulSetResource - [helmlega] Update StatefulSet (replicas: 1 -> 2)
2025-01-29 22:15:25,682 INFO c.h.h.t.HelmChartContainer - [EVENT] Normal [SuccessfulCreate] create Claim data-test-hivemq-legacy-platform-1 Pod test-hivemq-legacy-platform-1 in StatefulSet test-hivemq-legacy-platform success [helmlegacystatefulsetmigrationit-operator:test-hivemq-legacy-platform]
2025-01-29 22:15:25,682 INFO c.h.h.t.HelmChartContainer - [EVENT] Normal [WaitForFirstConsumer] waiting for first consumer to be created before binding [helmlegacystatefulsetmigrationit-operator:data-test-hivemq-legacy-platform-1]
2025-01-29 22:15:25,684 INFO c.h.h.t.HelmChartContainer - [POD] test-hivemq-legacy-platform-1 [9421e7ca-0a7a-49c2-9274-f9e27b6e85c6] in helmlegacystatefulsetmigrationit-operator was ADDED
2025-01-29 22:15:25,685 INFO c.h.h.t.HelmChartContainer - [EVENT] Normal [SuccessfulCreate] create Pod test-hivemq-legacy-platform-1 in StatefulSet test-hivemq-legacy-platform successful [helmlegacystatefulsetmigrationit-operator:test-hivemq-legacy-platform]
2025-01-29 22:15:25,691 INFO c.h.h.t.HelmChartContainer - [EVENT] Normal [ExternalProvisioning] Waiting for a volume to be created either by the external provisioner 'rancher.io/local-path' or manually by the system administrator. If volume creation is delayed, please verify that the provisioner is running and correctly registered. [helmlegacystatefulsetmigrationit-operator:data-test-hivemq-legacy-platform-1]
2025-01-29 22:15:25,695 INFO c.h.h.t.HelmChartContainer - [EVENT] Normal [ExternalProvisioning] Waiting for a volume to be created either by the external provisioner 'rancher.io/local-path' or manually by the system administrator. If volume creation is delayed, please verify that the provisioner is running and correctly registered. [helmlegacystatefulsetmigrationit-operator:data-test-hivemq-legacy-platform-1]
2025-01-29 22:15:25,696 INFO c.h.h.t.HelmChartContainer - [EVENT] Normal [Provisioning] External provisioner is provisioning volume for claim "helmlegacystatefulsetmigrationit-operator/data-test-hivemq-legacy-platform-1" [helmlegacystatefulsetmigrationit-operator:data-test-hivemq-legacy-platform-1]
2025-01-29 22:15:25,758 INFO c.h.h.t.HelmChartContainer - [hivemq-test-hivemq-platform] [hivemq-platform-operator] [349193a2] 22:15:25.755 [ReconcilerExecutor-hivemq-controller-111] INFO  c.h.p.o.HiveMQPlatformReconciler - [helmlega] Reconciling HiveMQ Platform 'test-hivemq-legacy-platform' in namespace 'helmlegacystatefulsetmigrationit-operator'
2025-01-29 22:15:25,758 INFO c.h.h.t.HelmChartContainer - [hivemq-test-hivemq-platform] [hivemq-platform-operator] [349193a2] 22:15:25.755 [ReconcilerExecutor-hivemq-controller-111] DEBUG c.h.p.o.HiveMQPlatformReconciler - [helmlega] Custom Resource Status ROLLING_RESTART - HiveMQ Platform is starting a surge Pod (rolling restart) (SURGE_IN_PROGRESS)
2025-01-29 22:15:25,758 INFO c.h.h.t.HelmChartContainer - [hivemq-test-hivemq-platform] [hivemq-platform-operator] [349193a2] 22:15:25.755 [ReconcilerExecutor-hivemq-controller-111] DEBUG c.h.p.o.HiveMQPlatformReconciler - [helmlega] Custom Resource Spec (replicas: 1) (extensions: 2)
2025-01-29 22:15:25,761 INFO c.h.h.t.HelmChartContainer - [hivemq-test-hivemq-platform] [hivemq-platform-operator] [349193a2] 22:15:25.757 [ReconcilerExecutor-hivemq-controller-111] DEBUG c.h.p.o.HiveMQPlatformReconciler - [helmlega] StatefulSet Status (revision: test-hivemq-legacy-platform-65df8dcb7f, replicas: 1, available: 1, ready: 1, current: 0, updated: 0)
2025-01-29 22:15:25,762 INFO c.h.h.t.HelmChartContainer - [hivemq-test-hivemq-platform] [hivemq-platform-operator] [349193a2] 22:15:25.758 [ReconcilerExecutor-hivemq-controller-111] DEBUG c.h.p.o.HiveMQPlatformReconciler - [helmlega] StatefulSet Spec (replicas: 2, init containers: 1, containers: 1, volumes: 6)
2025-01-29 22:15:25,762 INFO c.h.h.t.HelmChartContainer - [hivemq-test-hivemq-platform] [hivemq-platform-operator] [349193a2] 22:15:25.761 [ReconcilerExecutor-hivemq-controller-111] DEBUG c.h.p.o.h.HiveMQPlatformReconcilerErrorHandler - [helmlega] Pod 'test-hivemq-legacy-platform-0' phase Running
2025-01-29 22:15:25,764 INFO c.h.h.t.HelmChartContainer - [hivemq-test-hivemq-platform] [hivemq-platform-operator] [349193a2] 22:15:25.764 [ReconcilerExecutor-hivemq-controller-111] DEBUG c.h.p.o.h.HiveMQPlatformReconcilerRollingRestartHandler - [helmlega] Rolling restart is waiting for 1 of 2 replicas
2025-01-29 22:15:25,770 INFO c.h.h.t.HelmChartContainer - [hivemq-test-hivemq-platform] [hivemq-platform-operator] [349193a2] 22:15:25.769 [pool-6-thread-24] DEBUG c.h.p.o.d.PlatformServiceResource - [helmlega] Desired Platform services (4 services)
2025-01-29 22:15:25,783 INFO c.h.h.t.HelmChartContainer - [POD] helper-pod-create-pvc-df94c3c9-25c2-4959-bf74-a7304f6edd51 [6384f95d-d31d-4640-8ede-77db3cf7b7f8] in kube-system was ADDED
2025-01-29 22:15:25,791 INFO c.h.h.t.HelmChartContainer - [POD] helper-pod-create-pvc-df94c3c9-25c2-4959-bf74-a7304f6edd51 [6384f95d-d31d-4640-8ede-77db3cf7b7f8] in kube-system was MODIFIED
2025-01-29 22:15:25,826 INFO c.h.h.t.HelmChartContainer - [K3S] [reconciler_common.go:251] "operationExecutor.VerifyControllerAttachedVolume started for volume \"kube-api-access-p8b2c\" (UniqueName: \"kubernetes.io/projected/6384f95d-d31d-4640-8ede-77db3cf7b7f8-kube-api-access-p8b2c\") pod \"helper-pod-create-pvc-df94c3c9-25c2-4959-bf74-a7304f6edd51\" (UID: \"6384f95d-d31d-4640-8ede-77db3cf7b7f8\") " pod="kube-system/helper-pod-create-pvc-df94c3c9-25c2-4959-bf74-a7304f6edd51"
2025-01-29 22:15:25,827 INFO c.h.h.t.HelmChartContainer - [K3S] [reconciler_common.go:251] "operationExecutor.VerifyControllerAttachedVolume started for volume \"script\" (UniqueName: \"kubernetes.io/configmap/6384f95d-d31d-4640-8ede-77db3cf7b7f8-script\") pod \"helper-pod-create-pvc-df94c3c9-25c2-4959-bf74-a7304f6edd51\" (UID: \"6384f95d-d31d-4640-8ede-77db3cf7b7f8\") " pod="kube-system/helper-pod-create-pvc-df94c3c9-25c2-4959-bf74-a7304f6edd51"
2025-01-29 22:15:25,827 INFO c.h.h.t.HelmChartContainer - [K3S] [reconciler_common.go:251] "operationExecutor.VerifyControllerAttachedVolume started for volume \"data\" (UniqueName: \"kubernetes.io/host-path/6384f95d-d31d-4640-8ede-77db3cf7b7f8-data\") pod \"helper-pod-create-pvc-df94c3c9-25c2-4959-bf74-a7304f6edd51\" (UID: \"6384f95d-d31d-4640-8ede-77db3cf7b7f8\") " pod="kube-system/helper-pod-create-pvc-df94c3c9-25c2-4959-bf74-a7304f6edd51"
2025-01-29 22:15:25,858 INFO c.h.h.t.HelmChartContainer - [hivemq-test-hivemq-platform] [hivemq-platform-operator] [349193a2] 22:15:25.856 [pool-6-thread-27] DEBUG c.h.p.o.dependants.PodInfoConfigMap - [helmlega] Desired PodInfo ConfigMap (2 extensions) (1 enabled)
2025-01-29 22:15:25,863 INFO c.h.h.t.HelmChartContainer - [hivemq-test-hivemq-platform] [hivemq-platform-operator] [349193a2] 22:15:25.860 [pool-6-thread-27] DEBUG c.h.p.o.dependants.PodInfoConfigMap - [helmlega] Desired PodInfo ConfigMap (metrics port: 9399) (metrics path: /)
2025-01-29 22:15:25,863 INFO c.h.h.t.HelmChartContainer - [hivemq-test-hivemq-platform] [hivemq-platform-operator] [349193a2] 22:15:25.860 [pool-6-thread-27] DEBUG c.h.p.o.dependants.PodInfoConfigMap - [helmlega] Desired PodInfo ConfigMap (extension state hash: -1220239358)
2025-01-29 22:15:25,863 INFO c.h.h.t.HelmChartContainer - [hivemq-test-hivemq-platform] [hivemq-platform-operator] [349193a2] 22:15:25.858 [pool-6-thread-25] DEBUG c.h.p.o.d.PodServiceAccountResource - [helmlega] Desired PodServiceAccountResource (serviceAccountName: hivemq-platform-pod-test-hivemq-legacy-platform)
2025-01-29 22:15:25,866 INFO c.h.h.t.HelmChartContainer - [hivemq-test-hivemq-platform] [hivemq-platform-operator] [349193a2] 22:15:25.865 [pool-6-thread-22] DEBUG c.h.p.o.d.StatefulSetResource - [helmlega] Desired StatefulSet (2 replicas) for status ROLLING_RESTART (SURGE_IN_PROGRESS)
2025-01-29 22:15:25,871 INFO c.h.h.t.HelmChartContainer - [hivemq-test-hivemq-platform] [hivemq-platform-operator] [349193a2] 22:15:25.870 [ReconcilerExecutor-hivemq-controller-112] INFO  c.h.p.o.HiveMQPlatformReconciler - [helmlega] Reconciling HiveMQ Platform 'test-hivemq-legacy-platform' in namespace 'helmlegacystatefulsetmigrationit-operator'
2025-01-29 22:15:25,871 INFO c.h.h.t.HelmChartContainer - [hivemq-test-hivemq-platform] [hivemq-platform-operator] [349193a2] 22:15:25.870 [ReconcilerExecutor-hivemq-controller-112] DEBUG c.h.p.o.HiveMQPlatformReconciler - [helmlega] Custom Resource Status ROLLING_RESTART - HiveMQ Platform is starting a surge Pod (rolling restart) (SURGE_IN_PROGRESS)
2025-01-29 22:15:25,871 INFO c.h.h.t.HelmChartContainer - [hivemq-test-hivemq-platform] [hivemq-platform-operator] [349193a2] 22:15:25.870 [ReconcilerExecutor-hivemq-controller-112] DEBUG c.h.p.o.HiveMQPlatformReconciler - [helmlega] Custom Resource Spec (replicas: 1) (extensions: 2)
2025-01-29 22:15:25,873 INFO c.h.h.t.HelmChartContainer - [hivemq-test-hivemq-platform] [hivemq-platform-operator] [349193a2] 22:15:25.872 [ReconcilerExecutor-hivemq-controller-112] DEBUG c.h.p.o.HiveMQPlatformReconciler - [helmlega] StatefulSet Status (revision: test-hivemq-legacy-platform-65df8dcb7f, replicas: 2, available: 1, ready: 1, current: 1, updated: 1)
2025-01-29 22:15:25,873 INFO c.h.h.t.HelmChartContainer - [hivemq-test-hivemq-platform] [hivemq-platform-operator] [349193a2] 22:15:25.872 [ReconcilerExecutor-hivemq-controller-112] DEBUG c.h.p.o.HiveMQPlatformReconciler - [helmlega] StatefulSet Spec (replicas: 2, init containers: 1, containers: 1, volumes: 6)
2025-01-29 22:15:25,961 INFO c.h.h.t.HelmChartContainer - [hivemq-test-hivemq-platform] [hivemq-platform-operator] [349193a2] 22:15:25.956 [ReconcilerExecutor-hivemq-controller-112] DEBUG c.h.p.o.h.HiveMQPlatformReconcilerErrorHandler - [helmlega] Pod 'test-hivemq-legacy-platform-1' phase Pending
2025-01-29 22:15:25,961 INFO c.h.h.t.HelmChartContainer - [hivemq-test-hivemq-platform] [hivemq-platform-operator] [349193a2] 22:15:25.959 [ReconcilerExecutor-hivemq-controller-112] DEBUG c.h.p.o.h.HiveMQPlatformReconcilerErrorHandler - [helmlega] Pod 'test-hivemq-legacy-platform-0' phase Running
2025-01-29 22:15:25,961 INFO c.h.h.t.HelmChartContainer - [hivemq-test-hivemq-platform] [hivemq-platform-operator] [349193a2] 22:15:25.960 [ReconcilerExecutor-hivemq-controller-112] DEBUG c.h.p.o.h.HiveMQPlatformReconcilerRollingRestartHandler - [helmlega] Rolling restart is waiting for 1 of 2 replicas
2025-01-29 22:15:26,103 INFO c.h.h.t.HelmChartContainer - [EVENT] Normal [ExternalProvisioning] Waiting for a volume to be created either by the external provisioner 'rancher.io/local-path' or manually by the system administrator. If volume creation is delayed, please verify that the provisioner is running and correctly registered. [helmlegacystatefulsetmigrationit-operator:data-test-hivemq-legacy-platform-1]
2025-01-29 22:15:26,436 INFO c.h.h.t.HelmChartContainer - [POD] helper-pod-create-pvc-df94c3c9-25c2-4959-bf74-a7304f6edd51 [6384f95d-d31d-4640-8ede-77db3cf7b7f8] in kube-system was MODIFIED
2025-01-29 22:15:27,506 INFO c.h.h.t.HelmChartContainer - [POD] helper-pod-create-pvc-df94c3c9-25c2-4959-bf74-a7304f6edd51 [6384f95d-d31d-4640-8ede-77db3cf7b7f8] in kube-system was MODIFIED
2025-01-29 22:15:27,535 INFO c.h.h.t.HelmChartContainer - [K3S] [reconciler_common.go:162] "operationExecutor.UnmountVolume started for volume \"kube-api-access-p8b2c\" (UniqueName: \"kubernetes.io/projected/6384f95d-d31d-4640-8ede-77db3cf7b7f8-kube-api-access-p8b2c\") pod \"6384f95d-d31d-4640-8ede-77db3cf7b7f8\" (UID: \"6384f95d-d31d-4640-8ede-77db3cf7b7f8\") "
2025-01-29 22:15:27,535 INFO c.h.h.t.HelmChartContainer - [K3S] [reconciler_common.go:162] "operationExecutor.UnmountVolume started for volume \"script\" (UniqueName: \"kubernetes.io/configmap/6384f95d-d31d-4640-8ede-77db3cf7b7f8-script\") pod \"6384f95d-d31d-4640-8ede-77db3cf7b7f8\" (UID: \"6384f95d-d31d-4640-8ede-77db3cf7b7f8\") "
2025-01-29 22:15:27,535 INFO c.h.h.t.HelmChartContainer - [K3S] [reconciler_common.go:162] "operationExecutor.UnmountVolume started for volume \"data\" (UniqueName: \"kubernetes.io/host-path/6384f95d-d31d-4640-8ede-77db3cf7b7f8-data\") pod \"6384f95d-d31d-4640-8ede-77db3cf7b7f8\" (UID: \"6384f95d-d31d-4640-8ede-77db3cf7b7f8\") "
2025-01-29 22:15:27,635 INFO c.h.h.t.HelmChartContainer - [K3S] [reconciler_common.go:299] "Volume detached for volume \"data\" (UniqueName: \"kubernetes.io/host-path/6384f95d-d31d-4640-8ede-77db3cf7b7f8-data\") on node \"d9a106349f4e\" DevicePath \"\""
2025-01-29 22:15:27,635 INFO c.h.h.t.HelmChartContainer - [K3S] [reconciler_common.go:299] "Volume detached for volume \"kube-api-access-p8b2c\" (UniqueName: \"kubernetes.io/projected/6384f95d-d31d-4640-8ede-77db3cf7b7f8-kube-api-access-p8b2c\") on node \"d9a106349f4e\" DevicePath \"\""
2025-01-29 22:15:27,635 INFO c.h.h.t.HelmChartContainer - [K3S] [reconciler_common.go:299] "Volume detached for volume \"script\" (UniqueName: \"kubernetes.io/configmap/6384f95d-d31d-4640-8ede-77db3cf7b7f8-script\") on node \"d9a106349f4e\" DevicePath \"\""
2025-01-29 22:15:27,800 INFO c.h.h.t.HelmChartContainer - [POD] helper-pod-create-pvc-df94c3c9-25c2-4959-bf74-a7304f6edd51 [6384f95d-d31d-4640-8ede-77db3cf7b7f8] in kube-system was MODIFIED
2025-01-29 22:15:27,803 INFO c.h.h.t.HelmChartContainer - [POD] helper-pod-create-pvc-df94c3c9-25c2-4959-bf74-a7304f6edd51 [6384f95d-d31d-4640-8ede-77db3cf7b7f8] in kube-system was DELETED
2025-01-29 22:15:27,809 INFO c.h.h.t.HelmChartContainer - [EVENT] Normal [ProvisioningSucceeded] Successfully provisioned volume pvc-df94c3c9-25c2-4959-bf74-a7304f6edd51 [helmlegacystatefulsetmigrationit-operator:data-test-hivemq-legacy-platform-1]
2025-01-29 22:15:27,957 INFO c.h.h.t.HelmChartContainer - [K3S] [kubelet_volumes.go:163] "Cleaned up orphaned pod volumes dir" podUID="6384f95d-d31d-4640-8ede-77db3cf7b7f8" path="/var/lib/kubelet/pods/6384f95d-d31d-4640-8ede-77db3cf7b7f8/volumes"
2025-01-29 22:15:28,432 INFO c.h.h.t.HelmChartContainer - [K3S] [scope.go:117] "RemoveContainer" containerID="d9c7b4cb507b70f2c6f7e7fd5eb880ada731165ba11ada8ec311a8bd6c906023"
2025-01-29 22:15:28,693 INFO c.h.h.t.HelmChartContainer - [POD] test-hivemq-legacy-platform-1 [9421e7ca-0a7a-49c2-9274-f9e27b6e85c6] in helmlegacystatefulsetmigrationit-operator was MODIFIED
2025-01-29 22:15:28,694 INFO c.h.h.t.HelmChartContainer - [EVENT] Normal [Scheduled] Successfully assigned helmlegacystatefulsetmigrationit-operator/test-hivemq-legacy-platform-1 to d9a106349f4e [helmlegacystatefulsetmigrationit-operator:test-hivemq-legacy-platform-1]
2025-01-29 22:15:28,695 INFO c.h.h.t.HelmChartContainer - [K3S] [memory_manager.go:355] "RemoveStaleState removing state" podUID="6384f95d-d31d-4640-8ede-77db3cf7b7f8" containerName="helper-pod"
2025-01-29 22:15:28,701 INFO c.h.h.t.HelmChartContainer - [hivemq-test-hivemq-platform] [hivemq-platform-operator] [349193a2] 22:15:28.699 [pool-6-thread-38] DEBUG c.h.p.o.d.PlatformServiceResource - [helmlega] Desired Platform services (4 services)
2025-01-29 22:15:28,705 INFO c.h.h.t.HelmChartContainer - [hivemq-test-hivemq-platform] [hivemq-platform-operator] [349193a2] 22:15:28.702 [pool-6-thread-34] DEBUG c.h.p.o.d.PodServiceAccountResource - [helmlega] Desired PodServiceAccountResource (serviceAccountName: hivemq-platform-pod-test-hivemq-legacy-platform)
2025-01-29 22:15:28,706 INFO c.h.h.t.HelmChartContainer - [POD] test-hivemq-legacy-platform-1 [9421e7ca-0a7a-49c2-9274-f9e27b6e85c6] in helmlegacystatefulsetmigrationit-operator was MODIFIED
2025-01-29 22:15:28,712 INFO c.h.h.t.HelmChartContainer - [hivemq-test-hivemq-platform] [hivemq-platform-operator] [349193a2] 22:15:28.708 [pool-6-thread-37] DEBUG c.h.p.o.dependants.PodInfoConfigMap - [helmlega] Desired PodInfo ConfigMap (2 extensions) (1 enabled)
2025-01-29 22:15:28,715 INFO c.h.h.t.HelmChartContainer - [hivemq-test-hivemq-platform] [hivemq-platform-operator] [349193a2] 22:15:28.710 [pool-6-thread-37] DEBUG c.h.p.o.dependants.PodInfoConfigMap - [helmlega] Desired PodInfo ConfigMap (metrics port: 9399) (metrics path: /)
2025-01-29 22:15:28,715 INFO c.h.h.t.HelmChartContainer - [hivemq-test-hivemq-platform] [hivemq-platform-operator] [349193a2] 22:15:28.712 [pool-6-thread-37] DEBUG c.h.p.o.dependants.PodInfoConfigMap - [helmlega] Desired PodInfo ConfigMap (extension state hash: -1220239358)
2025-01-29 22:15:28,758 INFO c.h.h.t.HelmChartContainer - [hivemq-test-hivemq-platform] [hivemq-platform-operator] [349193a2] 22:15:28.757 [pool-6-thread-31] DEBUG c.h.p.o.d.StatefulSetResource - [helmlega] Desired StatefulSet (2 replicas) for status ROLLING_RESTART (SURGE_IN_PROGRESS)
2025-01-29 22:15:28,764 INFO c.h.h.t.HelmChartContainer - [hivemq-test-hivemq-platform] [hivemq-platform-operator] [349193a2] 22:15:28.763 [ReconcilerExecutor-hivemq-controller-113] INFO  c.h.p.o.HiveMQPlatformReconciler - [helmlega] Reconciling HiveMQ Platform 'test-hivemq-legacy-platform' in namespace 'helmlegacystatefulsetmigrationit-operator'
2025-01-29 22:15:28,765 INFO c.h.h.t.HelmChartContainer - [hivemq-test-hivemq-platform] [hivemq-platform-operator] [349193a2] 22:15:28.763 [ReconcilerExecutor-hivemq-controller-113] DEBUG c.h.p.o.HiveMQPlatformReconciler - [helmlega] Custom Resource Status ROLLING_RESTART - HiveMQ Platform is starting a surge Pod (rolling restart) (SURGE_IN_PROGRESS)
2025-01-29 22:15:28,765 INFO c.h.h.t.HelmChartContainer - [hivemq-test-hivemq-platform] [hivemq-platform-operator] [349193a2] 22:15:28.763 [ReconcilerExecutor-hivemq-controller-113] DEBUG c.h.p.o.HiveMQPlatformReconciler - [helmlega] Custom Resource Spec (replicas: 1) (extensions: 2)
2025-01-29 22:15:28,771 INFO c.h.h.t.HelmChartContainer - [hivemq-test-hivemq-platform] [hivemq-platform-operator] [349193a2] 22:15:28.769 [ReconcilerExecutor-hivemq-controller-113] DEBUG c.h.p.o.HiveMQPlatformReconciler - [helmlega] StatefulSet Status (revision: test-hivemq-legacy-platform-65df8dcb7f, replicas: 2, available: 1, ready: 1, current: 1, updated: 1)
2025-01-29 22:15:28,773 INFO c.h.h.t.HelmChartContainer - [hivemq-test-hivemq-platform] [hivemq-platform-operator] [349193a2] 22:15:28.769 [ReconcilerExecutor-hivemq-controller-113] DEBUG c.h.p.o.HiveMQPlatformReconciler - [helmlega] StatefulSet Spec (replicas: 2, init containers: 1, containers: 1, volumes: 6)
2025-01-29 22:15:28,773 INFO c.h.h.t.HelmChartContainer - [hivemq-test-hivemq-platform] [hivemq-platform-operator] [349193a2] 22:15:28.772 [ReconcilerExecutor-hivemq-controller-113] DEBUG c.h.p.o.h.HiveMQPlatformReconcilerErrorHandler - [helmlega] Pod 'test-hivemq-legacy-platform-1' phase Pending
2025-01-29 22:15:28,773 INFO c.h.h.t.HelmChartContainer - [hivemq-test-hivemq-platform] [hivemq-platform-operator] [349193a2] 22:15:28.773 [ReconcilerExecutor-hivemq-controller-113] DEBUG c.h.p.o.h.HiveMQPlatformReconcilerErrorHandler - [helmlega] Pod 'test-hivemq-legacy-platform-1' condition 'PodReadyToStartContainers': False
2025-01-29 22:15:28,842 INFO c.h.h.t.HelmChartContainer - [K3S] [reconciler_common.go:251] "operationExecutor.VerifyControllerAttachedVolume started for volume \"ese-file-realm\" (UniqueName: \"kubernetes.io/configmap/9421e7ca-0a7a-49c2-9274-f9e27b6e85c6-ese-file-realm\") pod \"test-hivemq-legacy-platform-1\" (UID: \"9421e7ca-0a7a-49c2-9274-f9e27b6e85c6\") " pod="helmlegacystatefulsetmigrationit-operator/test-hivemq-legacy-platform-1"
2025-01-29 22:15:28,842 INFO c.h.h.t.HelmChartContainer - [K3S] [reconciler_common.go:251] "operationExecutor.VerifyControllerAttachedVolume started for volume \"pod-info\" (UniqueName: \"kubernetes.io/configmap/9421e7ca-0a7a-49c2-9274-f9e27b6e85c6-pod-info\") pod \"test-hivemq-legacy-platform-1\" (UID: \"9421e7ca-0a7a-49c2-9274-f9e27b6e85c6\") " pod="helmlegacystatefulsetmigrationit-operator/test-hivemq-legacy-platform-1"
2025-01-29 22:15:28,842 INFO c.h.h.t.HelmChartContainer - [K3S] [reconciler_common.go:251] "operationExecutor.VerifyControllerAttachedVolume started for volume \"kube-api-access-hfl4l\" (UniqueName: \"kubernetes.io/projected/9421e7ca-0a7a-49c2-9274-f9e27b6e85c6-kube-api-access-hfl4l\") pod \"test-hivemq-legacy-platform-1\" (UID: \"9421e7ca-0a7a-49c2-9274-f9e27b6e85c6\") " pod="helmlegacystatefulsetmigrationit-operator/test-hivemq-legacy-platform-1"
2025-01-29 22:15:28,842 INFO c.h.h.t.HelmChartContainer - [K3S] [reconciler_common.go:251] "operationExecutor.VerifyControllerAttachedVolume started for volume \"operator-init\" (UniqueName: \"kubernetes.io/empty-dir/9421e7ca-0a7a-49c2-9274-f9e27b6e85c6-operator-init\") pod \"test-hivemq-legacy-platform-1\" (UID: \"9421e7ca-0a7a-49c2-9274-f9e27b6e85c6\") " pod="helmlegacystatefulsetmigrationit-operator/test-hivemq-legacy-platform-1"
2025-01-29 22:15:28,842 INFO c.h.h.t.HelmChartContainer - [K3S] [reconciler_common.go:251] "operationExecutor.VerifyControllerAttachedVolume started for volume \"extension-configuration-hivemq-enterprise-security-extension\" (UniqueName: \"kubernetes.io/configmap/9421e7ca-0a7a-49c2-9274-f9e27b6e85c6-extension-configuration-hivemq-enterprise-security-extension\") pod \"test-hivemq-legacy-platform-1\" (UID: \"9421e7ca-0a7a-49c2-9274-f9e27b6e85c6\") " pod="helmlegacystatefulsetmigrationit-operator/test-hivemq-legacy-platform-1"
2025-01-29 22:15:28,842 INFO c.h.h.t.HelmChartContainer - [K3S] [reconciler_common.go:251] "operationExecutor.VerifyControllerAttachedVolume started for volume \"broker-configuration\" (UniqueName: \"kubernetes.io/configmap/9421e7ca-0a7a-49c2-9274-f9e27b6e85c6-broker-configuration\") pod \"test-hivemq-legacy-platform-1\" (UID: \"9421e7ca-0a7a-49c2-9274-f9e27b6e85c6\") " pod="helmlegacystatefulsetmigrationit-operator/test-hivemq-legacy-platform-1"
2025-01-29 22:15:28,842 INFO c.h.h.t.HelmChartContainer - [K3S] [reconciler_common.go:251] "operationExecutor.VerifyControllerAttachedVolume started for volume \"pvc-df94c3c9-25c2-4959-bf74-a7304f6edd51\" (UniqueName: \"kubernetes.io/local-volume/pvc-df94c3c9-25c2-4959-bf74-a7304f6edd51\") pod \"test-hivemq-legacy-platform-1\" (UID: \"9421e7ca-0a7a-49c2-9274-f9e27b6e85c6\") " pod="helmlegacystatefulsetmigrationit-operator/test-hivemq-legacy-platform-1"
2025-01-29 22:15:28,857 INFO c.h.h.t.HelmChartContainer - [hivemq-test-hivemq-platform] [hivemq-platform-operator] [349193a2] 22:15:28.855 [ReconcilerExecutor-hivemq-controller-113] DEBUG c.h.p.o.h.HiveMQPlatformReconcilerErrorHandler - [helmlega] Pod 'test-hivemq-legacy-platform-1' condition 'Initialized': False
2025-01-29 22:15:28,858 INFO c.h.h.t.HelmChartContainer - [hivemq-test-hivemq-platform] [hivemq-platform-operator] [349193a2] 22:15:28.855 [ReconcilerExecutor-hivemq-controller-113] DEBUG c.h.p.o.h.HiveMQPlatformReconcilerErrorHandler - [helmlega] Pod 'test-hivemq-legacy-platform-1' condition 'Ready': False
2025-01-29 22:15:28,858 INFO c.h.h.t.HelmChartContainer - [hivemq-test-hivemq-platform] [hivemq-platform-operator] [349193a2] 22:15:28.856 [ReconcilerExecutor-hivemq-controller-113] DEBUG c.h.p.o.h.HiveMQPlatformReconcilerErrorHandler - [helmlega] Pod 'test-hivemq-legacy-platform-1' condition 'ContainersReady': False
2025-01-29 22:15:28,858 INFO c.h.h.t.HelmChartContainer - [hivemq-test-hivemq-platform] [hivemq-platform-operator] [349193a2] 22:15:28.856 [ReconcilerExecutor-hivemq-controller-113] DEBUG c.h.p.o.h.HiveMQPlatformReconcilerErrorHandler - [helmlega] Pod 'test-hivemq-legacy-platform-1' condition 'PodScheduled': True
2025-01-29 22:15:28,859 INFO c.h.h.t.HelmChartContainer - [hivemq-test-hivemq-platform] [hivemq-platform-operator] [349193a2] 22:15:28.856 [ReconcilerExecutor-hivemq-controller-113] DEBUG c.h.p.o.h.HiveMQPlatformReconcilerErrorHandler - [helmlega] Pod 'test-hivemq-legacy-platform-1' containerStatus 'hivemq' (started: false) (ready: false) (waiting: [PodInitializing] null)
2025-01-29 22:15:28,862 INFO c.h.h.t.HelmChartContainer - [hivemq-test-hivemq-platform] [hivemq-platform-operator] [349193a2] 22:15:28.860 [ReconcilerExecutor-hivemq-controller-113] DEBUG c.h.p.o.h.HiveMQPlatformReconcilerErrorHandler - [helmlega] Pod 'test-hivemq-legacy-platform-0' phase Running
2025-01-29 22:15:28,865 INFO c.h.h.t.HelmChartContainer - [hivemq-test-hivemq-platform] [hivemq-platform-operator] [349193a2] 22:15:28.861 [ReconcilerExecutor-hivemq-controller-113] DEBUG c.h.p.o.h.HiveMQPlatformReconcilerRollingRestartHandler - [helmlega] Rolling restart is waiting for 1 of 2 replicas
2025-01-29 22:15:28,866 INFO c.h.h.t.HelmChartContainer - [hivemq-test-hivemq-platform] [hivemq-platform-operator] [349193a2] 22:15:28.865 [pool-6-thread-44] DEBUG c.h.p.o.d.PlatformServiceResource - [helmlega] Desired Platform services (4 services)
2025-01-29 22:15:28,869 INFO c.h.h.t.HelmChartContainer - [hivemq-test-hivemq-platform] [hivemq-platform-operator] [349193a2] 22:15:28.867 [pool-6-thread-45] DEBUG c.h.p.o.d.PodServiceAccountResource - [helmlega] Desired PodServiceAccountResource (serviceAccountName: hivemq-platform-pod-test-hivemq-legacy-platform)
2025-01-29 22:15:28,872 INFO c.h.h.t.HelmChartContainer - [hivemq-test-hivemq-platform] [hivemq-platform-operator] [349193a2] 22:15:28.871 [pool-6-thread-46] DEBUG c.h.p.o.dependants.PodInfoConfigMap - [helmlega] Desired PodInfo ConfigMap (2 extensions) (1 enabled)
2025-01-29 22:15:28,873 INFO c.h.h.t.HelmChartContainer - [hivemq-test-hivemq-platform] [hivemq-platform-operator] [349193a2] 22:15:28.871 [pool-6-thread-46] DEBUG c.h.p.o.dependants.PodInfoConfigMap - [helmlega] Desired PodInfo ConfigMap (metrics port: 9399) (metrics path: /)
2025-01-29 22:15:28,873 INFO c.h.h.t.HelmChartContainer - [hivemq-test-hivemq-platform] [hivemq-platform-operator] [349193a2] 22:15:28.871 [pool-6-thread-46] DEBUG c.h.p.o.dependants.PodInfoConfigMap - [helmlega] Desired PodInfo ConfigMap (extension state hash: -1220239358)
2025-01-29 22:15:28,957 INFO c.h.h.t.HelmChartContainer - [hivemq-test-hivemq-platform] [hivemq-platform-operator] [349193a2] 22:15:28.956 [pool-6-thread-46] DEBUG c.h.p.o.d.StatefulSetResource - [helmlega] Desired StatefulSet (2 replicas) for status ROLLING_RESTART (SURGE_IN_PROGRESS)
2025-01-29 22:15:28,963 INFO c.h.h.t.HelmChartContainer - [hivemq-test-hivemq-platform] [hivemq-platform-operator] [349193a2] 22:15:28.962 [ReconcilerExecutor-hivemq-controller-114] INFO  c.h.p.o.HiveMQPlatformReconciler - [helmlega] Reconciling HiveMQ Platform 'test-hivemq-legacy-platform' in namespace 'helmlegacystatefulsetmigrationit-operator'
2025-01-29 22:15:28,964 INFO c.h.h.t.HelmChartContainer - [hivemq-test-hivemq-platform] [hivemq-platform-operator] [349193a2] 22:15:28.962 [ReconcilerExecutor-hivemq-controller-114] DEBUG c.h.p.o.HiveMQPlatformReconciler - [helmlega] Custom Resource Status ROLLING_RESTART - HiveMQ Platform is starting a surge Pod (rolling restart) (SURGE_IN_PROGRESS)
2025-01-29 22:15:28,964 INFO c.h.h.t.HelmChartContainer - [hivemq-test-hivemq-platform] [hivemq-platform-operator] [349193a2] 22:15:28.962 [ReconcilerExecutor-hivemq-controller-114] DEBUG c.h.p.o.HiveMQPlatformReconciler - [helmlega] Custom Resource Spec (replicas: 1) (extensions: 2)
2025-01-29 22:15:28,966 INFO c.h.h.t.HelmChartContainer - [hivemq-test-hivemq-platform] [hivemq-platform-operator] [349193a2] 22:15:28.965 [ReconcilerExecutor-hivemq-controller-114] DEBUG c.h.p.o.HiveMQPlatformReconciler - [helmlega] StatefulSet Status (revision: test-hivemq-legacy-platform-65df8dcb7f, replicas: 2, available: 1, ready: 1, current: 1, updated: 1)
2025-01-29 22:15:28,966 INFO c.h.h.t.HelmChartContainer - [hivemq-test-hivemq-platform] [hivemq-platform-operator] [349193a2] 22:15:28.965 [ReconcilerExecutor-hivemq-controller-114] DEBUG c.h.p.o.HiveMQPlatformReconciler - [helmlega] StatefulSet Spec (replicas: 2, init containers: 1, containers: 1, volumes: 6)
2025-01-29 22:15:28,968 INFO c.h.h.t.HelmChartContainer - [hivemq-test-hivemq-platform] [hivemq-platform-operator] [349193a2] 22:15:28.967 [ReconcilerExecutor-hivemq-controller-114] DEBUG c.h.p.o.h.HiveMQPlatformReconcilerErrorHandler - [helmlega] Pod 'test-hivemq-legacy-platform-1' phase Pending
2025-01-29 22:15:28,970 INFO c.h.h.t.HelmChartContainer - [hivemq-test-hivemq-platform] [hivemq-platform-operator] [349193a2] 22:15:28.967 [ReconcilerExecutor-hivemq-controller-114] DEBUG c.h.p.o.h.HiveMQPlatformReconcilerErrorHandler - [helmlega] Pod 'test-hivemq-legacy-platform-1' condition 'PodReadyToStartContainers': False
2025-01-29 22:15:28,971 INFO c.h.h.t.HelmChartContainer - [hivemq-test-hivemq-platform] [hivemq-platform-operator] [349193a2] 22:15:28.967 [ReconcilerExecutor-hivemq-controller-114] DEBUG c.h.p.o.h.HiveMQPlatformReconcilerErrorHandler - [helmlega] Pod 'test-hivemq-legacy-platform-1' condition 'Initialized': False
2025-01-29 22:15:28,971 INFO c.h.h.t.HelmChartContainer - [hivemq-test-hivemq-platform] [hivemq-platform-operator] [349193a2] 22:15:28.967 [ReconcilerExecutor-hivemq-controller-114] DEBUG c.h.p.o.h.HiveMQPlatformReconcilerErrorHandler - [helmlega] Pod 'test-hivemq-legacy-platform-1' condition 'Ready': False
2025-01-29 22:15:28,971 INFO c.h.h.t.HelmChartContainer - [hivemq-test-hivemq-platform] [hivemq-platform-operator] [349193a2] 22:15:28.967 [ReconcilerExecutor-hivemq-controller-114] DEBUG c.h.p.o.h.HiveMQPlatformReconcilerErrorHandler - [helmlega] Pod 'test-hivemq-legacy-platform-1' condition 'ContainersReady': False
2025-01-29 22:15:28,971 INFO c.h.h.t.HelmChartContainer - [hivemq-test-hivemq-platform] [hivemq-platform-operator] [349193a2] 22:15:28.967 [ReconcilerExecutor-hivemq-controller-114] DEBUG c.h.p.o.h.HiveMQPlatformReconcilerErrorHandler - [helmlega] Pod 'test-hivemq-legacy-platform-1' condition 'PodScheduled': True
2025-01-29 22:15:28,971 INFO c.h.h.t.HelmChartContainer - [hivemq-test-hivemq-platform] [hivemq-platform-operator] [349193a2] 22:15:28.967 [ReconcilerExecutor-hivemq-controller-114] DEBUG c.h.p.o.h.HiveMQPlatformReconcilerErrorHandler - [helmlega] Pod 'test-hivemq-legacy-platform-1' containerStatus 'hivemq' (started: false) (ready: false) (waiting: [PodInitializing] null)
2025-01-29 22:15:28,971 INFO c.h.h.t.HelmChartContainer - [hivemq-test-hivemq-platform] [hivemq-platform-operator] [349193a2] 22:15:28.969 [ReconcilerExecutor-hivemq-controller-114] DEBUG c.h.p.o.h.HiveMQPlatformReconcilerErrorHandler - [helmlega] Pod 'test-hivemq-legacy-platform-0' phase Running
2025-01-29 22:15:28,972 INFO c.h.h.t.HelmChartContainer - [hivemq-test-hivemq-platform] [hivemq-platform-operator] [349193a2] 22:15:28.970 [ReconcilerExecutor-hivemq-controller-114] DEBUG c.h.p.o.h.HiveMQPlatformReconcilerRollingRestartHandler - [helmlega] Rolling restart is waiting for 1 of 2 replicas
2025-01-29 22:15:29,088 INFO c.h.h.t.HelmChartContainer - [EVENT] Normal [Pulled] Container image "docker.io/hivemq/hivemq-platform-operator-init-test:snapshot" already present on machine [helmlegacystatefulsetmigrationit-operator:test-hivemq-legacy-platform-1]
2025-01-29 22:15:29,235 INFO c.h.h.t.HelmChartContainer - [EVENT] Normal [Created] Created container: hivemq-platform-operator-init [helmlegacystatefulsetmigrationit-operator:test-hivemq-legacy-platform-1]
2025-01-29 22:15:29,275 INFO c.h.h.t.HelmChartContainer - [EVENT] Normal [Started] Started container hivemq-platform-operator-init [helmlegacystatefulsetmigrationit-operator:test-hivemq-legacy-platform-1]
2025-01-29 22:15:29,451 INFO c.h.h.t.HelmChartContainer - [POD] test-hivemq-legacy-platform-1 [9421e7ca-0a7a-49c2-9274-f9e27b6e85c6] in helmlegacystatefulsetmigrationit-operator was MODIFIED
2025-01-29 22:15:29,473 INFO c.h.h.t.HelmChartContainer - [hivemq-test-hivemq-platform] [hivemq-platform-operator] [349193a2] 22:15:29.458 [pool-6-thread-2] DEBUG c.h.p.o.d.PlatformServiceResource - [helmlega] Desired Platform services (4 services)
2025-01-29 22:15:29,473 INFO c.h.h.t.HelmChartContainer - [hivemq-test-hivemq-platform] [hivemq-platform-operator] [349193a2] 22:15:29.461 [pool-6-thread-8] DEBUG c.h.p.o.dependants.PodInfoConfigMap - [helmlega] Desired PodInfo ConfigMap (2 extensions) (1 enabled)
2025-01-29 22:15:29,473 INFO c.h.h.t.HelmChartContainer - [hivemq-test-hivemq-platform] [hivemq-platform-operator] [349193a2] 22:15:29.462 [pool-6-thread-1] DEBUG c.h.p.o.d.PodServiceAccountResource - [helmlega] Desired PodServiceAccountResource (serviceAccountName: hivemq-platform-pod-test-hivemq-legacy-platform)
2025-01-29 22:15:29,473 INFO c.h.h.t.HelmChartContainer - [hivemq-test-hivemq-platform] [hivemq-platform-operator] [349193a2] 22:15:29.465 [pool-6-thread-8] DEBUG c.h.p.o.dependants.PodInfoConfigMap - [helmlega] Desired PodInfo ConfigMap (metrics port: 9399) (metrics path: /)
2025-01-29 22:15:29,473 INFO c.h.h.t.HelmChartContainer - [hivemq-test-hivemq-platform] [hivemq-platform-operator] [349193a2] 22:15:29.465 [pool-6-thread-8] DEBUG c.h.p.o.dependants.PodInfoConfigMap - [helmlega] Desired PodInfo ConfigMap (extension state hash: -1220239358)
2025-01-29 22:15:29,477 INFO c.h.h.t.HelmChartContainer - [hivemq-test-hivemq-platform] [hivemq-platform-operator] [349193a2] 22:15:29.471 [pool-6-thread-2] DEBUG c.h.p.o.d.StatefulSetResource - [helmlega] Desired StatefulSet (2 replicas) for status ROLLING_RESTART (SURGE_IN_PROGRESS)
2025-01-29 22:15:29,551 INFO c.h.h.t.HelmChartContainer - [hivemq-test-hivemq-platform] [hivemq-platform-operator] [349193a2] 22:15:29.548 [ReconcilerExecutor-hivemq-controller-115] INFO  c.h.p.o.HiveMQPlatformReconciler - [helmlega] Reconciling HiveMQ Platform 'test-hivemq-legacy-platform' in namespace 'helmlegacystatefulsetmigrationit-operator'
2025-01-29 22:15:29,551 INFO c.h.h.t.HelmChartContainer - [hivemq-test-hivemq-platform] [hivemq-platform-operator] [349193a2] 22:15:29.549 [ReconcilerExecutor-hivemq-controller-115] DEBUG c.h.p.o.HiveMQPlatformReconciler - [helmlega] Custom Resource Status ROLLING_RESTART - HiveMQ Platform is starting a surge Pod (rolling restart) (SURGE_IN_PROGRESS)
2025-01-29 22:15:29,551 INFO c.h.h.t.HelmChartContainer - [hivemq-test-hivemq-platform] [hivemq-platform-operator] [349193a2] 22:15:29.549 [ReconcilerExecutor-hivemq-controller-115] DEBUG c.h.p.o.HiveMQPlatformReconciler - [helmlega] Custom Resource Spec (replicas: 1) (extensions: 2)
2025-01-29 22:15:29,557 INFO c.h.h.t.HelmChartContainer - [hivemq-test-hivemq-platform] [hivemq-platform-operator] [349193a2] 22:15:29.555 [ReconcilerExecutor-hivemq-controller-115] DEBUG c.h.p.o.HiveMQPlatformReconciler - [helmlega] StatefulSet Status (revision: test-hivemq-legacy-platform-65df8dcb7f, replicas: 2, available: 1, ready: 1, current: 1, updated: 1)
2025-01-29 22:15:29,557 INFO c.h.h.t.HelmChartContainer - [hivemq-test-hivemq-platform] [hivemq-platform-operator] [349193a2] 22:15:29.555 [ReconcilerExecutor-hivemq-controller-115] DEBUG c.h.p.o.HiveMQPlatformReconciler - [helmlega] StatefulSet Spec (replicas: 2, init containers: 1, containers: 1, volumes: 6)
2025-01-29 22:15:29,559 INFO c.h.h.t.HelmChartContainer - [hivemq-test-hivemq-platform] [hivemq-platform-operator] [349193a2] 22:15:29.558 [ReconcilerExecutor-hivemq-controller-115] DEBUG c.h.p.o.h.HiveMQPlatformReconcilerErrorHandler - [helmlega] Pod 'test-hivemq-legacy-platform-1' phase Pending
2025-01-29 22:15:29,560 INFO c.h.h.t.HelmChartContainer - [hivemq-test-hivemq-platform] [hivemq-platform-operator] [349193a2] 22:15:29.558 [ReconcilerExecutor-hivemq-controller-115] DEBUG c.h.p.o.h.HiveMQPlatformReconcilerErrorHandler - [helmlega] Pod 'test-hivemq-legacy-platform-1' condition 'PodReadyToStartContainers': True
2025-01-29 22:15:29,560 INFO c.h.h.t.HelmChartContainer - [hivemq-test-hivemq-platform] [hivemq-platform-operator] [349193a2] 22:15:29.558 [ReconcilerExecutor-hivemq-controller-115] DEBUG c.h.p.o.h.HiveMQPlatformReconcilerErrorHandler - [helmlega] Pod 'test-hivemq-legacy-platform-1' condition 'Initialized': False
2025-01-29 22:15:29,560 INFO c.h.h.t.HelmChartContainer - [hivemq-test-hivemq-platform] [hivemq-platform-operator] [349193a2] 22:15:29.558 [ReconcilerExecutor-hivemq-controller-115] DEBUG c.h.p.o.h.HiveMQPlatformReconcilerErrorHandler - [helmlega] Pod 'test-hivemq-legacy-platform-1' condition 'Ready': False
2025-01-29 22:15:29,560 INFO c.h.h.t.HelmChartContainer - [hivemq-test-hivemq-platform] [hivemq-platform-operator] [349193a2] 22:15:29.558 [ReconcilerExecutor-hivemq-controller-115] DEBUG c.h.p.o.h.HiveMQPlatformReconcilerErrorHandler - [helmlega] Pod 'test-hivemq-legacy-platform-1' condition 'ContainersReady': False
2025-01-29 22:15:29,560 INFO c.h.h.t.HelmChartContainer - [hivemq-test-hivemq-platform] [hivemq-platform-operator] [349193a2] 22:15:29.558 [ReconcilerExecutor-hivemq-controller-115] DEBUG c.h.p.o.h.HiveMQPlatformReconcilerErrorHandler - [helmlega] Pod 'test-hivemq-legacy-platform-1' condition 'PodScheduled': True
2025-01-29 22:15:29,560 INFO c.h.h.t.HelmChartContainer - [hivemq-test-hivemq-platform] [hivemq-platform-operator] [349193a2] 22:15:29.558 [ReconcilerExecutor-hivemq-controller-115] DEBUG c.h.p.o.h.HiveMQPlatformReconcilerErrorHandler - [helmlega] Pod 'test-hivemq-legacy-platform-1' containerStatus 'hivemq' (started: false) (ready: false) (waiting: [PodInitializing] null)
2025-01-29 22:15:29,561 INFO c.h.h.t.HelmChartContainer - [hivemq-test-hivemq-platform] [hivemq-platform-operator] [349193a2] 22:15:29.561 [ReconcilerExecutor-hivemq-controller-115] DEBUG c.h.p.o.h.HiveMQPlatformReconcilerErrorHandler - [helmlega] Pod 'test-hivemq-legacy-platform-0' phase Running
2025-01-29 22:15:29,562 INFO c.h.h.t.HelmChartContainer - [hivemq-test-hivemq-platform] [hivemq-platform-operator] [349193a2] 22:15:29.561 [ReconcilerExecutor-hivemq-controller-115] DEBUG c.h.p.o.h.HiveMQPlatformReconcilerRollingRestartHandler - [helmlega] Rolling restart is waiting for 1 of 2 replicas
2025-01-29 22:15:30,444 INFO c.h.h.t.HelmChartContainer - [EVENT] Normal [Pulled] Container image "docker.io/hivemq/hivemq4:4.36.0" already present on machine [helmlegacystatefulsetmigrationit-operator:test-hivemq-legacy-platform-1]
2025-01-29 22:15:30,444 INFO c.h.h.t.HelmChartContainer - Received Pulled event for container hivemq in pod test-hivemq-legacy-platform-1 [9421e7ca-0a7a-49c2-9274-f9e27b6e85c6]
2025-01-29 22:15:30,450 INFO c.h.h.t.HelmChartContainer - [POD] test-hivemq-legacy-platform-1 [9421e7ca-0a7a-49c2-9274-f9e27b6e85c6] in helmlegacystatefulsetmigrationit-operator was MODIFIED
2025-01-29 22:15:30,461 INFO c.h.h.t.HelmChartContainer - [EVENT] Normal [Created] Created container: hivemq [helmlegacystatefulsetmigrationit-operator:test-hivemq-legacy-platform-1]
2025-01-29 22:15:30,461 INFO c.h.h.t.HelmChartContainer - Received Created event for container hivemq in pod test-hivemq-legacy-platform-1 [9421e7ca-0a7a-49c2-9274-f9e27b6e85c6]
2025-01-29 22:15:30,462 INFO c.h.h.t.HelmChartContainer - [hivemq-test-hivemq-platform] [hivemq-platform-operator] [349193a2] 22:15:30.460 [pool-6-thread-13] DEBUG c.h.p.o.dependants.PodInfoConfigMap - [helmlega] Desired PodInfo ConfigMap (2 extensions) (1 enabled)
2025-01-29 22:15:30,463 INFO c.h.h.t.HelmChartContainer - [hivemq-test-hivemq-platform] [hivemq-platform-operator] [349193a2] 22:15:30.460 [pool-6-thread-13] DEBUG c.h.p.o.dependants.PodInfoConfigMap - [helmlega] Desired PodInfo ConfigMap (metrics port: 9399) (metrics path: /)
2025-01-29 22:15:30,463 INFO c.h.h.t.HelmChartContainer - [hivemq-test-hivemq-platform] [hivemq-platform-operator] [349193a2] 22:15:30.460 [pool-6-thread-13] DEBUG c.h.p.o.dependants.PodInfoConfigMap - [helmlega] Desired PodInfo ConfigMap (extension state hash: -1220239358)
2025-01-29 22:15:30,463 INFO c.h.h.t.HelmChartContainer - [hivemq-test-hivemq-platform] [hivemq-platform-operator] [349193a2] 22:15:30.460 [pool-6-thread-11] DEBUG c.h.p.o.d.PodServiceAccountResource - [helmlega] Desired PodServiceAccountResource (serviceAccountName: hivemq-platform-pod-test-hivemq-legacy-platform)
2025-01-29 22:15:30,463 INFO c.h.h.t.HelmChartContainer - [hivemq-test-hivemq-platform] [hivemq-platform-operator] [349193a2] 22:15:30.461 [pool-6-thread-15] DEBUG c.h.p.o.d.PlatformServiceResource - [helmlega] Desired Platform services (4 services)
2025-01-29 22:15:30,471 INFO c.h.h.t.HelmChartContainer - [hivemq-test-hivemq-platform] [hivemq-platform-operator] [349193a2] 22:15:30.470 [pool-6-thread-15] DEBUG c.h.p.o.d.StatefulSetResource - [helmlega] Desired StatefulSet (2 replicas) for status ROLLING_RESTART (SURGE_IN_PROGRESS)
2025-01-29 22:15:30,550 INFO c.h.h.t.HelmChartContainer - [hivemq-test-hivemq-platform] [hivemq-platform-operator] [349193a2] 22:15:30.548 [ReconcilerExecutor-hivemq-controller-116] INFO  c.h.p.o.HiveMQPlatformReconciler - [helmlega] Reconciling HiveMQ Platform 'test-hivemq-legacy-platform' in namespace 'helmlegacystatefulsetmigrationit-operator'
2025-01-29 22:15:30,550 INFO c.h.h.t.HelmChartContainer - [hivemq-test-hivemq-platform] [hivemq-platform-operator] [349193a2] 22:15:30.548 [ReconcilerExecutor-hivemq-controller-116] DEBUG c.h.p.o.HiveMQPlatformReconciler - [helmlega] Custom Resource Status ROLLING_RESTART - HiveMQ Platform is starting a surge Pod (rolling restart) (SURGE_IN_PROGRESS)
2025-01-29 22:15:30,550 INFO c.h.h.t.HelmChartContainer - [hivemq-test-hivemq-platform] [hivemq-platform-operator] [349193a2] 22:15:30.548 [ReconcilerExecutor-hivemq-controller-116] DEBUG c.h.p.o.HiveMQPlatformReconciler - [helmlega] Custom Resource Spec (replicas: 1) (extensions: 2)
2025-01-29 22:15:30,556 INFO c.h.h.t.HelmChartContainer - [hivemq-test-hivemq-platform] [hivemq-platform-operator] [349193a2] 22:15:30.555 [ReconcilerExecutor-hivemq-controller-116] DEBUG c.h.p.o.HiveMQPlatformReconciler - [helmlega] StatefulSet Status (revision: test-hivemq-legacy-platform-65df8dcb7f, replicas: 2, available: 1, ready: 1, current: 1, updated: 1)
2025-01-29 22:15:30,556 INFO c.h.h.t.HelmChartContainer - [hivemq-test-hivemq-platform] [hivemq-platform-operator] [349193a2] 22:15:30.555 [ReconcilerExecutor-hivemq-controller-116] DEBUG c.h.p.o.HiveMQPlatformReconciler - [helmlega] StatefulSet Spec (replicas: 2, init containers: 1, containers: 1, volumes: 6)
2025-01-29 22:15:30,558 INFO c.h.h.t.HelmChartContainer - [hivemq-test-hivemq-platform] [hivemq-platform-operator] [349193a2] 22:15:30.557 [ReconcilerExecutor-hivemq-controller-116] DEBUG c.h.p.o.h.HiveMQPlatformReconcilerErrorHandler - [helmlega] Pod 'test-hivemq-legacy-platform-1' phase Pending
2025-01-29 22:15:30,558 INFO c.h.h.t.HelmChartContainer - [hivemq-test-hivemq-platform] [hivemq-platform-operator] [349193a2] 22:15:30.557 [ReconcilerExecutor-hivemq-controller-116] DEBUG c.h.p.o.h.HiveMQPlatformReconcilerErrorHandler - [helmlega] Pod 'test-hivemq-legacy-platform-1' condition 'PodReadyToStartContainers': True
2025-01-29 22:15:30,560 INFO c.h.h.t.HelmChartContainer - [hivemq-test-hivemq-platform] [hivemq-platform-operator] [349193a2] 22:15:30.558 [ReconcilerExecutor-hivemq-controller-116] DEBUG c.h.p.o.h.HiveMQPlatformReconcilerErrorHandler - [helmlega] Pod 'test-hivemq-legacy-platform-1' condition 'Initialized': True
2025-01-29 22:15:30,560 INFO c.h.h.t.HelmChartContainer - [hivemq-test-hivemq-platform] [hivemq-platform-operator] [349193a2] 22:15:30.558 [ReconcilerExecutor-hivemq-controller-116] DEBUG c.h.p.o.h.HiveMQPlatformReconcilerErrorHandler - [helmlega] Pod 'test-hivemq-legacy-platform-1' condition 'Ready': False
2025-01-29 22:15:30,560 INFO c.h.h.t.HelmChartContainer - [hivemq-test-hivemq-platform] [hivemq-platform-operator] [349193a2] 22:15:30.558 [ReconcilerExecutor-hivemq-controller-116] DEBUG c.h.p.o.h.HiveMQPlatformReconcilerErrorHandler - [helmlega] Pod 'test-hivemq-legacy-platform-1' condition 'ContainersReady': False
2025-01-29 22:15:30,560 INFO c.h.h.t.HelmChartContainer - [hivemq-test-hivemq-platform] [hivemq-platform-operator] [349193a2] 22:15:30.558 [ReconcilerExecutor-hivemq-controller-116] DEBUG c.h.p.o.h.HiveMQPlatformReconcilerErrorHandler - [helmlega] Pod 'test-hivemq-legacy-platform-1' condition 'PodScheduled': True
2025-01-29 22:15:30,560 INFO c.h.h.t.HelmChartContainer - [hivemq-test-hivemq-platform] [hivemq-platform-operator] [349193a2] 22:15:30.558 [ReconcilerExecutor-hivemq-controller-116] DEBUG c.h.p.o.h.HiveMQPlatformReconcilerErrorHandler - [helmlega] Pod 'test-hivemq-legacy-platform-1' containerStatus 'hivemq' (started: false) (ready: false) (waiting: [PodInitializing] null)
2025-01-29 22:15:30,560 INFO c.h.h.t.HelmChartContainer - [hivemq-test-hivemq-platform] [hivemq-platform-operator] [349193a2] 22:15:30.559 [ReconcilerExecutor-hivemq-controller-116] DEBUG c.h.p.o.h.HiveMQPlatformReconcilerErrorHandler - [helmlega] Pod 'test-hivemq-legacy-platform-0' phase Running
2025-01-29 22:15:30,561 INFO c.h.h.t.HelmChartContainer - [hivemq-test-hivemq-platform] [hivemq-platform-operator] [349193a2] 22:15:30.560 [ReconcilerExecutor-hivemq-controller-116] DEBUG c.h.p.o.h.HiveMQPlatformReconcilerRollingRestartHandler - [helmlega] Rolling restart is waiting for 1 of 2 replicas
2025-01-29 22:15:31,454 INFO c.h.h.t.HelmChartContainer - [POD] test-hivemq-legacy-platform-1 [9421e7ca-0a7a-49c2-9274-f9e27b6e85c6] in helmlegacystatefulsetmigrationit-operator was MODIFIED
2025-01-29 22:15:31,461 INFO c.h.h.t.HelmChartContainer - [EVENT] Normal [Started] Started container hivemq [helmlegacystatefulsetmigrationit-operator:test-hivemq-legacy-platform-1]
2025-01-29 22:15:31,461 INFO c.h.h.t.HelmChartContainer - Received Started event for container hivemq in pod test-hivemq-legacy-platform-1 [9421e7ca-0a7a-49c2-9274-f9e27b6e85c6]
2025-01-29 22:15:31,461 INFO c.h.h.t.HelmChartContainer - Started log watcher for hivemq in pod test-hivemq-legacy-platform-1 [9421e7ca-0a7a-49c2-9274-f9e27b6e85c6]
2025-01-29 22:15:31,462 INFO c.h.h.t.HelmChartContainer - [hivemq-test-hivemq-platform] [hivemq-platform-operator] [349193a2] 22:15:31.460 [pool-6-thread-27] DEBUG c.h.p.o.d.PlatformServiceResource - [helmlega] Desired Platform services (4 services)
2025-01-29 22:15:31,463 INFO c.h.h.t.HelmChartContainer - [test-hivemq-legacy-platform] [hivemq] [9421e7ca] Adding pre-installed HiveMQ Platform Operator extensions
2025-01-29 22:15:31,463 INFO c.h.h.t.HelmChartContainer - [test-hivemq-legacy-platform] [hivemq] [9421e7ca] Running as user 10000
2025-01-29 22:15:31,463 INFO c.h.h.t.HelmChartContainer - [test-hivemq-legacy-platform] [hivemq] [9421e7ca] Starting HiveMQ Platform Operator Init
2025-01-29 22:15:31,466 INFO c.h.h.t.HelmChartContainer - [hivemq-test-hivemq-platform] [hivemq-platform-operator] [349193a2] 22:15:31.465 [pool-6-thread-25] DEBUG c.h.p.o.dependants.PodInfoConfigMap - [helmlega] Desired PodInfo ConfigMap (2 extensions) (1 enabled)
2025-01-29 22:15:31,466 INFO c.h.h.t.HelmChartContainer - [hivemq-test-hivemq-platform] [hivemq-platform-operator] [349193a2] 22:15:31.462 [pool-6-thread-21] DEBUG c.h.p.o.d.PodServiceAccountResource - [helmlega] Desired PodServiceAccountResource (serviceAccountName: hivemq-platform-pod-test-hivemq-legacy-platform)
2025-01-29 22:15:31,468 INFO c.h.h.t.HelmChartContainer - [hivemq-test-hivemq-platform] [hivemq-platform-operator] [349193a2] 22:15:31.466 [pool-6-thread-25] DEBUG c.h.p.o.dependants.PodInfoConfigMap - [helmlega] Desired PodInfo ConfigMap (metrics port: 9399) (metrics path: /)
2025-01-29 22:15:31,468 INFO c.h.h.t.HelmChartContainer - [hivemq-test-hivemq-platform] [hivemq-platform-operator] [349193a2] 22:15:31.467 [pool-6-thread-25] DEBUG c.h.p.o.dependants.PodInfoConfigMap - [helmlega] Desired PodInfo ConfigMap (extension state hash: -1220239358)
2025-01-29 22:15:31,474 INFO c.h.h.t.HelmChartContainer - [hivemq-test-hivemq-platform] [hivemq-platform-operator] [349193a2] 22:15:31.473 [pool-6-thread-27] DEBUG c.h.p.o.d.StatefulSetResource - [helmlega] Desired StatefulSet (2 replicas) for status ROLLING_RESTART (SURGE_IN_PROGRESS)
2025-01-29 22:15:31,562 INFO c.h.h.t.HelmChartContainer - [hivemq-test-hivemq-platform] [hivemq-platform-operator] [349193a2] 22:15:31.560 [ReconcilerExecutor-hivemq-controller-117] INFO  c.h.p.o.HiveMQPlatformReconciler - [helmlega] Reconciling HiveMQ Platform 'test-hivemq-legacy-platform' in namespace 'helmlegacystatefulsetmigrationit-operator'
2025-01-29 22:15:31,562 INFO c.h.h.t.HelmChartContainer - [hivemq-test-hivemq-platform] [hivemq-platform-operator] [349193a2] 22:15:31.560 [ReconcilerExecutor-hivemq-controller-117] DEBUG c.h.p.o.HiveMQPlatformReconciler - [helmlega] Custom Resource Status ROLLING_RESTART - HiveMQ Platform is starting a surge Pod (rolling restart) (SURGE_IN_PROGRESS)
2025-01-29 22:15:31,562 INFO c.h.h.t.HelmChartContainer - [hivemq-test-hivemq-platform] [hivemq-platform-operator] [349193a2] 22:15:31.560 [ReconcilerExecutor-hivemq-controller-117] DEBUG c.h.p.o.HiveMQPlatformReconciler - [helmlega] Custom Resource Spec (replicas: 1) (extensions: 2)
2025-01-29 22:15:31,563 INFO c.h.h.t.HelmChartContainer - [hivemq-test-hivemq-platform] [hivemq-platform-operator] [349193a2] 22:15:31.562 [ReconcilerExecutor-hivemq-controller-117] DEBUG c.h.p.o.HiveMQPlatformReconciler - [helmlega] StatefulSet Status (revision: test-hivemq-legacy-platform-65df8dcb7f, replicas: 2, available: 1, ready: 1, current: 1, updated: 1)
2025-01-29 22:15:31,564 INFO c.h.h.t.HelmChartContainer - [hivemq-test-hivemq-platform] [hivemq-platform-operator] [349193a2] 22:15:31.562 [ReconcilerExecutor-hivemq-controller-117] DEBUG c.h.p.o.HiveMQPlatformReconciler - [helmlega] StatefulSet Spec (replicas: 2, init containers: 1, containers: 1, volumes: 6)
2025-01-29 22:15:31,565 INFO c.h.h.t.HelmChartContainer - [hivemq-test-hivemq-platform] [hivemq-platform-operator] [349193a2] 22:15:31.564 [ReconcilerExecutor-hivemq-controller-117] DEBUG c.h.p.o.h.HiveMQPlatformReconcilerErrorHandler - [helmlega] Pod 'test-hivemq-legacy-platform-1' phase Running
2025-01-29 22:15:31,567 INFO c.h.h.t.HelmChartContainer - [hivemq-test-hivemq-platform] [hivemq-platform-operator] [349193a2] 22:15:31.566 [ReconcilerExecutor-hivemq-controller-117] DEBUG c.h.p.o.h.HiveMQPlatformReconcilerErrorHandler - [helmlega] Pod 'test-hivemq-legacy-platform-0' phase Running
2025-01-29 22:15:31,568 INFO c.h.h.t.HelmChartContainer - [hivemq-test-hivemq-platform] [hivemq-platform-operator] [349193a2] 22:15:31.567 [ReconcilerExecutor-hivemq-controller-117] DEBUG c.h.p.o.h.HiveMQPlatformReconcilerRollingRestartHandler - [helmlega] Rolling restart is waiting for 1 of 2 replicas
2025-01-29 22:15:31,728 INFO c.h.h.t.HelmChartContainer - [test-hivemq-legacy-platform] [hivemq] [9421e7ca] INFO  - [HiveMQ Platform Operator Init 1.7.0-SNAPSHOT] HiveMQ Platform Operator Init 1.7.0-SNAPSHOT (commit: 3bc9484 on branch: HEAD) built on Wed Jan 29 22:06:36 UTC 2025
2025-01-29 22:15:32,828 INFO c.h.h.t.HelmChartContainer - [test-hivemq-legacy-platform] [hivemq] [9421e7ca] INFO  - [HiveMQ Platform Operator Init App 1.7.0-SNAPSHOT] Using bind address 10.42.0.13 from environment variable
2025-01-29 22:15:33,782 INFO c.h.h.t.HelmChartContainer - [test-hivemq-legacy-platform] [hivemq] [9421e7ca] INFO  - [HiveMQ Platform Operator Init App 1.7.0-SNAPSHOT] HiveMQ Platform Operator Init App 1.7.0-SNAPSHOT (commit: 3bc9484 on branch: HEAD) built on Wed Jan 29 22:06:36 UTC 2025
2025-01-29 22:15:33,782 INFO c.h.h.t.HelmChartContainer - [test-hivemq-legacy-platform] [hivemq] [9421e7ca] INFO  - [HiveMQ Platform Operator Init App 1.7.0-SNAPSHOT] PodInfo ConfigMap directory: /etc/podinfo
2025-01-29 22:15:33,782 INFO c.h.h.t.HelmChartContainer - [test-hivemq-legacy-platform] [hivemq] [9421e7ca] INFO  - [HiveMQ Platform Operator Init App 1.7.0-SNAPSHOT] HiveMQ home directory: /opt/hivemq
2025-01-29 22:15:33,782 INFO c.h.h.t.HelmChartContainer - [test-hivemq-legacy-platform] [hivemq] [9421e7ca] INFO  - [HiveMQ Platform Operator Init App 1.7.0-SNAPSHOT] HiveMQ Logback folder: /opt/hivemq/conf
2025-01-29 22:15:33,782 INFO c.h.h.t.HelmChartContainer - [test-hivemq-legacy-platform] [hivemq] [9421e7ca] INFO  - [HiveMQ Platform Operator Init App 1.7.0-SNAPSHOT] HiveMQ Config folder: /opt/hivemq/conf-k8s
2025-01-29 22:15:33,782 INFO c.h.h.t.HelmChartContainer - [test-hivemq-legacy-platform] [hivemq] [9421e7ca] INFO  - [HiveMQ Platform Operator Init App 1.7.0-SNAPSHOT] Starting HiveMQ Platform Operator Init App
2025-01-29 22:15:33,782 INFO c.h.h.t.HelmChartContainer - [test-hivemq-legacy-platform] [hivemq] [9421e7ca] INFO  - [HiveMQ Platform Operator Init App 1.7.0-SNAPSHOT] Starting Pod reconciler
2025-01-29 22:15:34,984 INFO c.h.h.t.HelmChartContainer - [test-hivemq-legacy-platform] [hivemq] [9421e7ca] INFO  - [HiveMQ Platform Operator Init App 1.7.0-SNAPSHOT] Pod reconciler is scheduled (interval: 5000 ms)
2025-01-29 22:15:34,985 INFO c.h.h.t.HelmChartContainer - [test-hivemq-legacy-platform] [hivemq] [9421e7ca] INFO  - [HiveMQ Platform Operator Init App 1.7.0-SNAPSHOT] Starting the REST API on 10.42.0.13:7979
2025-01-29 22:15:34,988 INFO c.h.h.t.HelmChartContainer - [test-hivemq-legacy-platform] [hivemq] [9421e7ca] INFO  - [HiveMQ Platform Operator Init App 1.7.0-SNAPSHOT] Waiting up to 600s for at most 2 HiveMQ nodes in cluster service hivemq-test-hivemq-legacy-platform-cluster.helmlegacystatefulsetmigrationit-operator.svc
2025-01-29 22:15:35,328 INFO c.h.h.t.HelmChartContainer - [test-hivemq-legacy-platform] [hivemq] [9421e7ca] INFO  - [HiveMQ Platform Operator Init App 1.7.0-SNAPSHOT] Resolved 2 IP addresses: [10.42.0.10, 10.42.0.13]
2025-01-29 22:15:35,328 INFO c.h.h.t.HelmChartContainer - [test-hivemq-legacy-platform] [hivemq] [9421e7ca] INFO  - [HiveMQ Platform Operator Init App 1.7.0-SNAPSHOT] HiveMQ node count of 2 is within threshold of 2
2025-01-29 22:15:35,328 INFO c.h.h.t.HelmChartContainer - [test-hivemq-legacy-platform] [hivemq] [9421e7ca] INFO  - [HiveMQ Platform Operator Init App 1.7.0-SNAPSHOT] Waiting 15s for previous shutdown replication to finish...
2025-01-29 22:15:37,453 INFO c.h.h.t.HelmChartContainer - [test-hivemq-legacy-platform] [hivemq] [9421e7ca] INFO  - [HiveMQ Platform Operator Init App 1.7.0-SNAPSHOT] Returning default Health API response 503 for readiness
2025-01-29 22:15:37,534 INFO c.h.h.t.HelmChartContainer - [EVENT] Warning [Unhealthy] Readiness probe failed: HTTP probe failed with statuscode: 503 [helmlegacystatefulsetmigrationit-operator:test-hivemq-legacy-platform-1]
2025-01-29 22:15:37,534 INFO c.h.h.t.HelmChartContainer - Received Unhealthy event for container hivemq in pod test-hivemq-legacy-platform-1 [9421e7ca-0a7a-49c2-9274-f9e27b6e85c6]
2025-01-29 22:15:41,574 INFO c.h.h.t.HelmChartContainer - [hivemq-test-hivemq-platform] [hivemq-platform-operator] [349193a2] 22:15:41.570 [pool-6-thread-35] DEBUG c.h.p.o.d.PlatformServiceResource - [helmlega] Desired Platform services (4 services)
2025-01-29 22:15:41,574 INFO c.h.h.t.HelmChartContainer - [hivemq-test-hivemq-platform] [hivemq-platform-operator] [349193a2] 22:15:41.571 [pool-6-thread-38] DEBUG c.h.p.o.d.PodServiceAccountResource - [helmlega] Desired PodServiceAccountResource (serviceAccountName: hivemq-platform-pod-test-hivemq-legacy-platform)
2025-01-29 22:15:41,574 INFO c.h.h.t.HelmChartContainer - [hivemq-test-hivemq-platform] [hivemq-platform-operator] [349193a2] 22:15:41.571 [pool-6-thread-33] DEBUG c.h.p.o.dependants.PodInfoConfigMap - [helmlega] Desired PodInfo ConfigMap (2 extensions) (1 enabled)
2025-01-29 22:15:41,574 INFO c.h.h.t.HelmChartContainer - [hivemq-test-hivemq-platform] [hivemq-platform-operator] [349193a2] 22:15:41.571 [pool-6-thread-33] DEBUG c.h.p.o.dependants.PodInfoConfigMap - [helmlega] Desired PodInfo ConfigMap (metrics port: 9399) (metrics path: /)
2025-01-29 22:15:41,574 INFO c.h.h.t.HelmChartContainer - [hivemq-test-hivemq-platform] [hivemq-platform-operator] [349193a2] 22:15:41.571 [pool-6-thread-33] DEBUG c.h.p.o.dependants.PodInfoConfigMap - [helmlega] Desired PodInfo ConfigMap (extension state hash: -1220239358)
2025-01-29 22:15:41,578 INFO c.h.h.t.HelmChartContainer - [hivemq-test-hivemq-platform] [hivemq-platform-operator] [349193a2] 22:15:41.576 [pool-6-thread-38] DEBUG c.h.p.o.d.StatefulSetResource - [helmlega] Desired StatefulSet (2 replicas) for status ROLLING_RESTART (SURGE_IN_PROGRESS)
2025-01-29 22:15:41,587 INFO c.h.h.t.HelmChartContainer - [hivemq-test-hivemq-platform] [hivemq-platform-operator] [349193a2] 22:15:41.583 [ReconcilerExecutor-hivemq-controller-118] INFO  c.h.p.o.HiveMQPlatformReconciler - [helmlega] Reconciling HiveMQ Platform 'test-hivemq-legacy-platform' in namespace 'helmlegacystatefulsetmigrationit-operator'
2025-01-29 22:15:41,589 INFO c.h.h.t.HelmChartContainer - [hivemq-test-hivemq-platform] [hivemq-platform-operator] [349193a2] 22:15:41.583 [ReconcilerExecutor-hivemq-controller-118] DEBUG c.h.p.o.HiveMQPlatformReconciler - [helmlega] Custom Resource Status ROLLING_RESTART - HiveMQ Platform is starting a surge Pod (rolling restart) (SURGE_IN_PROGRESS)
2025-01-29 22:15:41,589 INFO c.h.h.t.HelmChartContainer - [hivemq-test-hivemq-platform] [hivemq-platform-operator] [349193a2] 22:15:41.583 [ReconcilerExecutor-hivemq-controller-118] DEBUG c.h.p.o.HiveMQPlatformReconciler - [helmlega] Custom Resource Spec (replicas: 1) (extensions: 2)
2025-01-29 22:15:41,593 INFO c.h.h.t.HelmChartContainer - [hivemq-test-hivemq-platform] [hivemq-platform-operator] [349193a2] 22:15:41.590 [ReconcilerExecutor-hivemq-controller-118] DEBUG c.h.p.o.HiveMQPlatformReconciler - [helmlega] StatefulSet Status (revision: test-hivemq-legacy-platform-65df8dcb7f, replicas: 2, available: 1, ready: 1, current: 1, updated: 1)
2025-01-29 22:15:41,594 INFO c.h.h.t.HelmChartContainer - [hivemq-test-hivemq-platform] [hivemq-platform-operator] [349193a2] 22:15:41.590 [ReconcilerExecutor-hivemq-controller-118] DEBUG c.h.p.o.HiveMQPlatformReconciler - [helmlega] StatefulSet Spec (replicas: 2, init containers: 1, containers: 1, volumes: 6)
2025-01-29 22:15:41,594 INFO c.h.h.t.HelmChartContainer - [hivemq-test-hivemq-platform] [hivemq-platform-operator] [349193a2] 22:15:41.591 [ReconcilerExecutor-hivemq-controller-118] DEBUG c.h.p.o.h.HiveMQPlatformReconcilerErrorHandler - [helmlega] Pod 'test-hivemq-legacy-platform-1' phase Running
2025-01-29 22:15:41,594 INFO c.h.h.t.HelmChartContainer - [hivemq-test-hivemq-platform] [hivemq-platform-operator] [349193a2] 22:15:41.593 [ReconcilerExecutor-hivemq-controller-118] DEBUG c.h.p.o.h.HiveMQPlatformReconcilerErrorHandler - [helmlega] Pod 'test-hivemq-legacy-platform-0' phase Running
2025-01-29 22:15:41,596 INFO c.h.h.t.HelmChartContainer - [hivemq-test-hivemq-platform] [hivemq-platform-operator] [349193a2] 22:15:41.593 [ReconcilerExecutor-hivemq-controller-118] DEBUG c.h.p.o.h.HiveMQPlatformReconcilerRollingRestartHandler - [helmlega] Rolling restart is waiting for 1 of 2 replicas
2025-01-29 22:15:42,481 INFO c.h.h.t.HelmChartContainer - [test-hivemq-legacy-platform] [hivemq] [9421e7ca] INFO  - [HiveMQ Platform Operator Init App 1.7.0-SNAPSHOT] Updating Pod HiveMQ Platform Operator Init App version annotation (version: 1.7.0-SNAPSHOT)
2025-01-29 22:15:42,484 INFO c.h.h.t.HelmChartContainer - [EVENT] Warning [Unhealthy] Readiness probe failed: HTTP probe failed with statuscode: 503 [helmlegacystatefulsetmigrationit-operator:test-hivemq-legacy-platform-1]
2025-01-29 22:15:42,484 INFO c.h.h.t.HelmChartContainer - Received Unhealthy event for container hivemq in pod test-hivemq-legacy-platform-1 [9421e7ca-0a7a-49c2-9274-f9e27b6e85c6]
2025-01-29 22:15:42,793 INFO c.h.h.t.HelmChartContainer - [POD] test-hivemq-legacy-platform-1 [9421e7ca-0a7a-49c2-9274-f9e27b6e85c6] in helmlegacystatefulsetmigrationit-operator was MODIFIED
2025-01-29 22:15:42,796 INFO c.h.h.t.HelmChartContainer - [test-hivemq-legacy-platform] [hivemq] [9421e7ca] INFO  - [HiveMQ Platform Operator Init App 1.7.0-SNAPSHOT] Successfully updated Pod HiveMQ Platform Operator Init App version annotation (version: 1.7.0-SNAPSHOT)
2025-01-29 22:15:42,802 INFO c.h.h.t.HelmChartContainer - [EVENT] Warning [Unhealthy] Readiness probe failed: HTTP probe failed with statuscode: 503 [helmlegacystatefulsetmigrationit-operator:test-hivemq-legacy-platform-1]
2025-01-29 22:15:42,802 INFO c.h.h.t.HelmChartContainer - Received Unhealthy event for container hivemq in pod test-hivemq-legacy-platform-1 [9421e7ca-0a7a-49c2-9274-f9e27b6e85c6]
2025-01-29 22:15:42,803 INFO c.h.h.t.HelmChartContainer - [hivemq-test-hivemq-platform] [hivemq-platform-operator] [349193a2] 22:15:42.800 [pool-6-thread-43] DEBUG c.h.p.o.d.PlatformServiceResource - [helmlega] Desired Platform services (4 services)
2025-01-29 22:15:42,805 INFO c.h.h.t.HelmChartContainer - [hivemq-test-hivemq-platform] [hivemq-platform-operator] [349193a2] 22:15:42.803 [pool-6-thread-49] DEBUG c.h.p.o.d.PodServiceAccountResource - [helmlega] Desired PodServiceAccountResource (serviceAccountName: hivemq-platform-pod-test-hivemq-legacy-platform)
2025-01-29 22:15:42,806 INFO c.h.h.t.HelmChartContainer - [hivemq-test-hivemq-platform] [hivemq-platform-operator] [349193a2] 22:15:42.806 [pool-6-thread-45] DEBUG c.h.p.o.dependants.PodInfoConfigMap - [helmlega] Desired PodInfo ConfigMap (2 extensions) (1 enabled)
2025-01-29 22:15:42,807 INFO c.h.h.t.HelmChartContainer - [hivemq-test-hivemq-platform] [hivemq-platform-operator] [349193a2] 22:15:42.806 [pool-6-thread-45] DEBUG c.h.p.o.dependants.PodInfoConfigMap - [helmlega] Desired PodInfo ConfigMap (metrics port: 9399) (metrics path: /)
2025-01-29 22:15:42,808 INFO c.h.h.t.HelmChartContainer - [hivemq-test-hivemq-platform] [hivemq-platform-operator] [349193a2] 22:15:42.806 [pool-6-thread-45] DEBUG c.h.p.o.dependants.PodInfoConfigMap - [helmlega] Desired PodInfo ConfigMap (extension state hash: -1220239358)
2025-01-29 22:15:42,817 INFO c.h.h.t.HelmChartContainer - [hivemq-test-hivemq-platform] [hivemq-platform-operator] [349193a2] 22:15:42.816 [pool-6-thread-43] DEBUG c.h.p.o.d.StatefulSetResource - [helmlega] Desired StatefulSet (2 replicas) for status ROLLING_RESTART (SURGE_IN_PROGRESS)
2025-01-29 22:15:42,823 INFO c.h.h.t.HelmChartContainer - [hivemq-test-hivemq-platform] [hivemq-platform-operator] [349193a2] 22:15:42.823 [ReconcilerExecutor-hivemq-controller-119] INFO  c.h.p.o.HiveMQPlatformReconciler - [helmlega] Reconciling HiveMQ Platform 'test-hivemq-legacy-platform' in namespace 'helmlegacystatefulsetmigrationit-operator'
2025-01-29 22:15:42,823 INFO c.h.h.t.HelmChartContainer - [hivemq-test-hivemq-platform] [hivemq-platform-operator] [349193a2] 22:15:42.823 [ReconcilerExecutor-hivemq-controller-119] DEBUG c.h.p.o.HiveMQPlatformReconciler - [helmlega] Custom Resource Status ROLLING_RESTART - HiveMQ Platform is starting a surge Pod (rolling restart) (SURGE_IN_PROGRESS)
2025-01-29 22:15:42,823 INFO c.h.h.t.HelmChartContainer - [hivemq-test-hivemq-platform] [hivemq-platform-operator] [349193a2] 22:15:42.823 [ReconcilerExecutor-hivemq-controller-119] DEBUG c.h.p.o.HiveMQPlatformReconciler - [helmlega] Custom Resource Spec (replicas: 1) (extensions: 2)
2025-01-29 22:15:42,857 INFO c.h.h.t.HelmChartContainer - [hivemq-test-hivemq-platform] [hivemq-platform-operator] [349193a2] 22:15:42.856 [ReconcilerExecutor-hivemq-controller-119] DEBUG c.h.p.o.HiveMQPlatformReconciler - [helmlega] StatefulSet Status (revision: test-hivemq-legacy-platform-65df8dcb7f, replicas: 2, available: 1, ready: 1, current: 1, updated: 1)
2025-01-29 22:15:42,857 INFO c.h.h.t.HelmChartContainer - [hivemq-test-hivemq-platform] [hivemq-platform-operator] [349193a2] 22:15:42.857 [ReconcilerExecutor-hivemq-controller-119] DEBUG c.h.p.o.HiveMQPlatformReconciler - [helmlega] StatefulSet Spec (replicas: 2, init containers: 1, containers: 1, volumes: 6)
2025-01-29 22:15:42,859 INFO c.h.h.t.HelmChartContainer - [hivemq-test-hivemq-platform] [hivemq-platform-operator] [349193a2] 22:15:42.858 [ReconcilerExecutor-hivemq-controller-119] DEBUG c.h.p.o.h.HiveMQPlatformReconcilerErrorHandler - [helmlega] Pod 'test-hivemq-legacy-platform-1' phase Running
2025-01-29 22:15:42,862 INFO c.h.h.t.HelmChartContainer - [hivemq-test-hivemq-platform] [hivemq-platform-operator] [349193a2] 22:15:42.861 [ReconcilerExecutor-hivemq-controller-119] DEBUG c.h.p.o.h.HiveMQPlatformReconcilerErrorHandler - [helmlega] Pod 'test-hivemq-legacy-platform-0' phase Running
2025-01-29 22:15:42,863 INFO c.h.h.t.HelmChartContainer - [hivemq-test-hivemq-platform] [hivemq-platform-operator] [349193a2] 22:15:42.862 [ReconcilerExecutor-hivemq-controller-119] DEBUG c.h.p.o.h.HiveMQPlatformReconcilerRollingRestartHandler - [helmlega] Rolling restart is waiting for 1 of 2 replicas
2025-01-29 22:15:47,426 INFO c.h.h.t.HelmChartContainer - [K3S] [INFO] COMPACT compactRev=0 targetCompactRev=2 currentRev=1141
2025-01-29 22:15:47,426 INFO c.h.h.t.HelmChartContainer - [K3S] [INFO] COMPACT deleted 0 rows from 2 revisions in 408.355µs - compacted to 2/1141
2025-01-29 22:15:47,426 INFO c.h.h.t.HelmChartContainer - [K3S] [INFO] COMPACT compacted from 0 to 2 in 1 transactions over 1ms
2025-01-29 22:15:47,796 INFO c.h.h.t.HelmChartContainer - [EVENT] Warning [Unhealthy] Readiness probe failed: HTTP probe failed with statuscode: 503 [helmlegacystatefulsetmigrationit-operator:test-hivemq-legacy-platform-1]
2025-01-29 22:15:47,796 INFO c.h.h.t.HelmChartContainer - Received Unhealthy event for container hivemq in pod test-hivemq-legacy-platform-1 [9421e7ca-0a7a-49c2-9274-f9e27b6e85c6]
2025-01-29 22:15:49,958 INFO c.h.h.t.HelmChartContainer - [K3S] [info.go:53] Couldn't collect info from any of the files in "/etc/machine-id,/var/lib/dbus/machine-id"
2025-01-29 22:15:50,329 INFO c.h.h.t.HelmChartContainer - [test-hivemq-legacy-platform] [hivemq] [9421e7ca] INFO  - [HiveMQ Platform Operator Init App 1.7.0-SNAPSHOT] Proceeding with container start
2025-01-29 22:15:50,332 INFO c.h.h.t.HelmChartContainer - [test-hivemq-legacy-platform] [hivemq] [9421e7ca] INFO  - [HiveMQ Platform Operator Init App 1.7.0-SNAPSHOT] Initializing HiveMQ Platform extensions with initial configuration: {hivemq-allow-all-extension={start-priority=-1, skip-https-hostname-verification=false, restart=true, config-version=0, header-version=0, c-uri=, priority=-1, uri=preinstalled, skip-https-certificate-validation=false, enabled=false}, hivemq-enterprise-security-extension={start-priority=-1, skip-https-hostname-verification=false, restart=true, config-version=1009, header-version=0, c-uri=, priority=-1, uri=preinstalled, skip-https-certificate-validation=false, enabled=true}, hivemq-prometheus-extension={priority=-1, restart=true, enabled=true, request-header-path=no-request-headers, uri=preinstalled, skip-https-certificate-validation=false, skip-https-hostname-verification=false, c-uri=, start-priority=-1}}
2025-01-29 22:15:50,333 INFO c.h.h.t.HelmChartContainer - [test-hivemq-legacy-platform] [hivemq] [9421e7ca] INFO  - [HiveMQ Platform Operator Init App 1.7.0-SNAPSHOT] Successfully disabled extension hivemq-allow-all-extension
2025-01-29 22:15:50,747 INFO c.h.h.t.HelmChartContainer - [test-hivemq-legacy-platform] [hivemq] [9421e7ca] INFO  - [HiveMQ Platform Operator Init App 1.7.0-SNAPSHOT] Successfully enabled extension hivemq-enterprise-security-extension
2025-01-29 22:15:50,835 INFO c.h.h.t.HelmChartContainer - [test-hivemq-legacy-platform] [hivemq] [9421e7ca] INFO  - [HiveMQ Platform Operator Init App 1.7.0-SNAPSHOT] Successfully enabled extension hivemq-prometheus-extension
2025-01-29 22:15:50,837 INFO c.h.h.t.HelmChartContainer - [test-hivemq-legacy-platform] [hivemq] [9421e7ca] INFO  - [HiveMQ Platform Operator Init App 1.7.0-SNAPSHOT] Starting HiveMQ Platform version 4.36.0 (4.36.0)
2025-01-29 22:15:50,837 INFO c.h.h.t.HelmChartContainer - [test-hivemq-legacy-platform] [hivemq] [9421e7ca] INFO  - [HiveMQ Platform Operator Init App 1.7.0-SNAPSHOT] Configuring the HiveMQ Platform
2025-01-29 22:15:50,927 INFO c.h.h.t.HelmChartContainer - [test-hivemq-legacy-platform] [hivemq] [9421e7ca] INFO  - [HiveMQ Platform Operator Init App 1.7.0-SNAPSHOT] Changed logback.xml file scan period to 20 seconds
2025-01-29 22:15:50,943 INFO c.h.h.t.HelmChartContainer - [test-hivemq-legacy-platform] [hivemq] [9421e7ca] INFO  - [HiveMQ Platform Operator Init App 1.7.0-SNAPSHOT] Starting the HiveMQ Platform
2025-01-29 22:15:50,946 INFO c.h.h.t.HelmChartContainer - [test-hivemq-legacy-platform] [hivemq] [9421e7ca] -------------------------------------------------------------------------
2025-01-29 22:15:50,946 INFO c.h.h.t.HelmChartContainer - [test-hivemq-legacy-platform] [hivemq] [9421e7ca] 
2025-01-29 22:15:50,946 INFO c.h.h.t.HelmChartContainer - [test-hivemq-legacy-platform] [hivemq] [9421e7ca]                   _    _  _              __  __   ____
2025-01-29 22:15:50,946 INFO c.h.h.t.HelmChartContainer - [test-hivemq-legacy-platform] [hivemq] [9421e7ca]                  | |  | |(_)            |  \/  | / __ \
2025-01-29 22:15:50,946 INFO c.h.h.t.HelmChartContainer - [test-hivemq-legacy-platform] [hivemq] [9421e7ca]                  | |__| | _ __   __ ___ | \  / || |  | |
2025-01-29 22:15:50,946 INFO c.h.h.t.HelmChartContainer - [test-hivemq-legacy-platform] [hivemq] [9421e7ca]                  |  __  || |\ \ / // _ \| |\/| || |  | |
2025-01-29 22:15:50,946 INFO c.h.h.t.HelmChartContainer - [test-hivemq-legacy-platform] [hivemq] [9421e7ca]                  | |  | || | \ V /|  __/| |  | || |__| |
2025-01-29 22:15:50,946 INFO c.h.h.t.HelmChartContainer - [test-hivemq-legacy-platform] [hivemq] [9421e7ca]                  |_|  |_||_|  \_/  \___||_|  |_| \___\_\
2025-01-29 22:15:50,946 INFO c.h.h.t.HelmChartContainer - [test-hivemq-legacy-platform] [hivemq] [9421e7ca] 
2025-01-29 22:15:50,946 INFO c.h.h.t.HelmChartContainer - [test-hivemq-legacy-platform] [hivemq] [9421e7ca] -------------------------------------------------------------------------
2025-01-29 22:15:50,946 INFO c.h.h.t.HelmChartContainer - [test-hivemq-legacy-platform] [hivemq] [9421e7ca] 
2025-01-29 22:15:50,946 INFO c.h.h.t.HelmChartContainer - [test-hivemq-legacy-platform] [hivemq] [9421e7ca]   HiveMQ Start Script for Linux/Unix v1.14
2025-01-29 22:15:50,946 INFO c.h.h.t.HelmChartContainer - [test-hivemq-legacy-platform] [hivemq] [9421e7ca] 
2025-01-29 22:15:51,051 INFO c.h.h.t.HelmChartContainer - [test-hivemq-legacy-platform] [hivemq] [9421e7ca] -------------------------------------------------------------------------
2025-01-29 22:15:51,051 INFO c.h.h.t.HelmChartContainer - [test-hivemq-legacy-platform] [hivemq] [9421e7ca] 
2025-01-29 22:15:51,052 INFO c.h.h.t.HelmChartContainer - [test-hivemq-legacy-platform] [hivemq] [9421e7ca]   HIVEMQ_HOME: /opt/hivemq
2025-01-29 22:15:51,052 INFO c.h.h.t.HelmChartContainer - [test-hivemq-legacy-platform] [hivemq] [9421e7ca] 
2025-01-29 22:15:51,052 INFO c.h.h.t.HelmChartContainer - [test-hivemq-legacy-platform] [hivemq] [9421e7ca]   JAVA_OPTS: -XX:+UnlockExperimentalVMOptions -XX:InitialRAMPercentage=50 -XX:MaxRAMPercentage=50 -Djava.net.preferIPv4Stack=true --add-opens java.base/java.lang=ALL-UNNAMED --add-opens java.base/java.nio=ALL-UNNAMED --add-opens java.base/sun.nio.ch=ALL-UNNAMED --add-opens jdk.management/com.sun.management.internal=ALL-UNNAMED --add-exports java.base/jdk.internal.misc=ALL-UNNAMED -Djava.security.egd=file:/dev/./urandom -Dcom.sun.management.jmxremote -Dcom.sun.management.jmxremote.port=9010 -Dcom.sun.management.jmxremote.local.only=false -Dcom.sun.management.jmxremote.authenticate=false -Dcom.sun.management.jmxremote.ssl=false -Duser.language=en -Duser.region=US -XX:+CrashOnOutOfMemoryError -XX:+HeapDumpOnOutOfMemoryError
2025-01-29 22:15:51,052 INFO c.h.h.t.HelmChartContainer - [test-hivemq-legacy-platform] [hivemq] [9421e7ca] 
2025-01-29 22:15:51,052 INFO c.h.h.t.HelmChartContainer - [test-hivemq-legacy-platform] [hivemq] [9421e7ca]   JAVA_VERSION: 21
2025-01-29 22:15:51,052 INFO c.h.h.t.HelmChartContainer - [test-hivemq-legacy-platform] [hivemq] [9421e7ca] 
2025-01-29 22:15:51,052 INFO c.h.h.t.HelmChartContainer - [test-hivemq-legacy-platform] [hivemq] [9421e7ca] -------------------------------------------------------------------------
2025-01-29 22:15:51,052 INFO c.h.h.t.HelmChartContainer - [test-hivemq-legacy-platform] [hivemq] [9421e7ca] 
2025-01-29 22:15:52,832 INFO c.h.h.t.HelmChartContainer - [EVENT] Warning [Unhealthy] Readiness probe failed: HTTP probe failed with statuscode: 503 [helmlegacystatefulsetmigrationit-operator:test-hivemq-legacy-platform-1]
2025-01-29 22:15:52,832 INFO c.h.h.t.HelmChartContainer - Received Unhealthy event for container hivemq in pod test-hivemq-legacy-platform-1 [9421e7ca-0a7a-49c2-9274-f9e27b6e85c6]
2025-01-29 22:15:52,868 INFO c.h.h.t.HelmChartContainer - [hivemq-test-hivemq-platform] [hivemq-platform-operator] [349193a2] 22:15:52.865 [pool-6-thread-9] DEBUG c.h.p.o.d.PlatformServiceResource - [helmlega] Desired Platform services (4 services)
2025-01-29 22:15:52,869 INFO c.h.h.t.HelmChartContainer - [hivemq-test-hivemq-platform] [hivemq-platform-operator] [349193a2] 22:15:52.866 [pool-6-thread-10] DEBUG c.h.p.o.d.PodServiceAccountResource - [helmlega] Desired PodServiceAccountResource (serviceAccountName: hivemq-platform-pod-test-hivemq-legacy-platform)
2025-01-29 22:15:52,869 INFO c.h.h.t.HelmChartContainer - [hivemq-test-hivemq-platform] [hivemq-platform-operator] [349193a2] 22:15:52.867 [pool-6-thread-6] DEBUG c.h.p.o.dependants.PodInfoConfigMap - [helmlega] Desired PodInfo ConfigMap (2 extensions) (1 enabled)
2025-01-29 22:15:52,869 INFO c.h.h.t.HelmChartContainer - [hivemq-test-hivemq-platform] [hivemq-platform-operator] [349193a2] 22:15:52.867 [pool-6-thread-6] DEBUG c.h.p.o.dependants.PodInfoConfigMap - [helmlega] Desired PodInfo ConfigMap (metrics port: 9399) (metrics path: /)
2025-01-29 22:15:52,869 INFO c.h.h.t.HelmChartContainer - [hivemq-test-hivemq-platform] [hivemq-platform-operator] [349193a2] 22:15:52.867 [pool-6-thread-6] DEBUG c.h.p.o.dependants.PodInfoConfigMap - [helmlega] Desired PodInfo ConfigMap (extension state hash: -1220239358)
2025-01-29 22:15:52,872 INFO c.h.h.t.HelmChartContainer - [hivemq-test-hivemq-platform] [hivemq-platform-operator] [349193a2] 22:15:52.872 [pool-6-thread-9] DEBUG c.h.p.o.d.StatefulSetResource - [helmlega] Desired StatefulSet (2 replicas) for status ROLLING_RESTART (SURGE_IN_PROGRESS)
2025-01-29 22:15:52,875 INFO c.h.h.t.HelmChartContainer - [hivemq-test-hivemq-platform] [hivemq-platform-operator] [349193a2] 22:15:52.875 [ReconcilerExecutor-hivemq-controller-120] INFO  c.h.p.o.HiveMQPlatformReconciler - [helmlega] Reconciling HiveMQ Platform 'test-hivemq-legacy-platform' in namespace 'helmlegacystatefulsetmigrationit-operator'
2025-01-29 22:15:52,876 INFO c.h.h.t.HelmChartContainer - [hivemq-test-hivemq-platform] [hivemq-platform-operator] [349193a2] 22:15:52.875 [ReconcilerExecutor-hivemq-controller-120] DEBUG c.h.p.o.HiveMQPlatformReconciler - [helmlega] Custom Resource Status ROLLING_RESTART - HiveMQ Platform is starting a surge Pod (rolling restart) (SURGE_IN_PROGRESS)
2025-01-29 22:15:52,876 INFO c.h.h.t.HelmChartContainer - [hivemq-test-hivemq-platform] [hivemq-platform-operator] [349193a2] 22:15:52.875 [ReconcilerExecutor-hivemq-controller-120] DEBUG c.h.p.o.HiveMQPlatformReconciler - [helmlega] Custom Resource Spec (replicas: 1) (extensions: 2)
2025-01-29 22:15:52,877 INFO c.h.h.t.HelmChartContainer - [hivemq-test-hivemq-platform] [hivemq-platform-operator] [349193a2] 22:15:52.876 [ReconcilerExecutor-hivemq-controller-120] DEBUG c.h.p.o.HiveMQPlatformReconciler - [helmlega] StatefulSet Status (revision: test-hivemq-legacy-platform-65df8dcb7f, replicas: 2, available: 1, ready: 1, current: 1, updated: 1)
2025-01-29 22:15:52,877 INFO c.h.h.t.HelmChartContainer - [hivemq-test-hivemq-platform] [hivemq-platform-operator] [349193a2] 22:15:52.876 [ReconcilerExecutor-hivemq-controller-120] DEBUG c.h.p.o.HiveMQPlatformReconciler - [helmlega] StatefulSet Spec (replicas: 2, init containers: 1, containers: 1, volumes: 6)
2025-01-29 22:15:52,880 INFO c.h.h.t.HelmChartContainer - [hivemq-test-hivemq-platform] [hivemq-platform-operator] [349193a2] 22:15:52.879 [ReconcilerExecutor-hivemq-controller-120] DEBUG c.h.p.o.h.HiveMQPlatformReconcilerErrorHandler - [helmlega] Pod 'test-hivemq-legacy-platform-1' phase Running
2025-01-29 22:15:52,881 INFO c.h.h.t.HelmChartContainer - [hivemq-test-hivemq-platform] [hivemq-platform-operator] [349193a2] 22:15:52.880 [ReconcilerExecutor-hivemq-controller-120] DEBUG c.h.p.o.h.HiveMQPlatformReconcilerErrorHandler - [helmlega] Pod 'test-hivemq-legacy-platform-0' phase Running
2025-01-29 22:15:52,882 INFO c.h.h.t.HelmChartContainer - [hivemq-test-hivemq-platform] [hivemq-platform-operator] [349193a2] 22:15:52.881 [ReconcilerExecutor-hivemq-controller-120] DEBUG c.h.p.o.h.HiveMQPlatformReconcilerRollingRestartHandler - [helmlega] Rolling restart is waiting for 1 of 2 replicas
2025-01-29 22:15:53,629 INFO c.h.h.t.HelmChartContainer - [test-hivemq-legacy-platform] [hivemq] [9421e7ca] INFO  - Starting HiveMQ Enterprise Server
2025-01-29 22:15:53,635 INFO c.h.h.t.HelmChartContainer - [test-hivemq-legacy-platform] [hivemq] [9421e7ca] INFO  - HiveMQ version: 4.36.0
2025-01-29 22:15:53,635 INFO c.h.h.t.HelmChartContainer - [test-hivemq-legacy-platform] [hivemq] [9421e7ca] INFO  - HiveMQ home directory: /opt/hivemq
2025-01-29 22:15:53,635 INFO c.h.h.t.HelmChartContainer - [test-hivemq-legacy-platform] [hivemq] [9421e7ca] INFO  - Log Configuration was overridden by /opt/hivemq/conf/logback.xml
2025-01-29 22:15:54,828 INFO c.h.h.t.HelmChartContainer - [test-hivemq-legacy-platform] [hivemq] [9421e7ca] INFO  - Successfully loaded configuration from '/opt/hivemq/conf-k8s/config.xml'.
2025-01-29 22:15:55,125 INFO c.h.h.t.HelmChartContainer - [test-hivemq-legacy-platform] [hivemq] [9421e7ca] INFO  - This node's ID is CTmYL
2025-01-29 22:15:55,126 INFO c.h.h.t.HelmChartContainer - [test-hivemq-legacy-platform] [hivemq] [9421e7ca] INFO  - Clustering is enabled
2025-01-29 22:15:58,128 INFO c.h.h.t.HelmChartContainer - [test-hivemq-legacy-platform] [hivemq] [9421e7ca] WARN  - [HiveMQ Platform Operator Init App 1.7.0-SNAPSHOT] Cannot connect to Health API for readiness: null
2025-01-29 22:15:58,135 INFO c.h.h.t.HelmChartContainer - [EVENT] Warning [Unhealthy] Readiness probe failed: HTTP probe failed with statuscode: 503 [helmlegacystatefulsetmigrationit-operator:test-hivemq-legacy-platform-1]
2025-01-29 22:15:58,135 INFO c.h.h.t.HelmChartContainer - Received Unhealthy event for container hivemq in pod test-hivemq-legacy-platform-1 [9421e7ca-0a7a-49c2-9274-f9e27b6e85c6]
2025-01-29 22:15:59,027 INFO c.h.h.t.HelmChartContainer - [test-hivemq-legacy-platform] [hivemq] [9421e7ca] WARN  - [HiveMQ Platform Operator Init App 1.7.0-SNAPSHOT] Cannot connect to Health API for liveness: null
2025-01-29 22:15:59,027 INFO c.h.h.t.HelmChartContainer - [test-hivemq-legacy-platform] [hivemq] [9421e7ca] INFO  - [HiveMQ Platform Operator Init App 1.7.0-SNAPSHOT] Returning default Health API response 200 for liveness
2025-01-29 22:16:02,828 INFO c.h.h.t.HelmChartContainer - [test-hivemq-legacy-platform] [hivemq] [9421e7ca] WARN  - [HiveMQ Platform Operator Init App 1.7.0-SNAPSHOT] Cannot connect to Health API for readiness: null
2025-01-29 22:16:02,833 INFO c.h.h.t.HelmChartContainer - [EVENT] Warning [Unhealthy] Readiness probe failed: HTTP probe failed with statuscode: 503 [helmlegacystatefulsetmigrationit-operator:test-hivemq-legacy-platform-1]
2025-01-29 22:16:02,833 INFO c.h.h.t.HelmChartContainer - Received Unhealthy event for container hivemq in pod test-hivemq-legacy-platform-1 [9421e7ca-0a7a-49c2-9274-f9e27b6e85c6]
2025-01-29 22:16:02,885 INFO c.h.h.t.HelmChartContainer - [hivemq-test-hivemq-platform] [hivemq-platform-operator] [349193a2] 22:16:02.883 [pool-6-thread-11] DEBUG c.h.p.o.d.PlatformServiceResource - [helmlega] Desired Platform services (4 services)
2025-01-29 22:16:02,886 INFO c.h.h.t.HelmChartContainer - [hivemq-test-hivemq-platform] [hivemq-platform-operator] [349193a2] 22:16:02.884 [pool-6-thread-12] DEBUG c.h.p.o.dependants.PodInfoConfigMap - [helmlega] Desired PodInfo ConfigMap (2 extensions) (1 enabled)
2025-01-29 22:16:02,886 INFO c.h.h.t.HelmChartContainer - [hivemq-test-hivemq-platform] [hivemq-platform-operator] [349193a2] 22:16:02.884 [pool-6-thread-12] DEBUG c.h.p.o.dependants.PodInfoConfigMap - [helmlega] Desired PodInfo ConfigMap (metrics port: 9399) (metrics path: /)
2025-01-29 22:16:02,886 INFO c.h.h.t.HelmChartContainer - [hivemq-test-hivemq-platform] [hivemq-platform-operator] [349193a2] 22:16:02.884 [pool-6-thread-12] DEBUG c.h.p.o.dependants.PodInfoConfigMap - [helmlega] Desired PodInfo ConfigMap (extension state hash: -1220239358)
2025-01-29 22:16:02,887 INFO c.h.h.t.HelmChartContainer - [hivemq-test-hivemq-platform] [hivemq-platform-operator] [349193a2] 22:16:02.886 [pool-6-thread-20] DEBUG c.h.p.o.d.PodServiceAccountResource - [helmlega] Desired PodServiceAccountResource (serviceAccountName: hivemq-platform-pod-test-hivemq-legacy-platform)
2025-01-29 22:16:02,889 INFO c.h.h.t.HelmChartContainer - [hivemq-test-hivemq-platform] [hivemq-platform-operator] [349193a2] 22:16:02.888 [pool-6-thread-11] DEBUG c.h.p.o.d.StatefulSetResource - [helmlega] Desired StatefulSet (2 replicas) for status ROLLING_RESTART (SURGE_IN_PROGRESS)
2025-01-29 22:16:02,892 INFO c.h.h.t.HelmChartContainer - [hivemq-test-hivemq-platform] [hivemq-platform-operator] [349193a2] 22:16:02.891 [ReconcilerExecutor-hivemq-controller-121] INFO  c.h.p.o.HiveMQPlatformReconciler - [helmlega] Reconciling HiveMQ Platform 'test-hivemq-legacy-platform' in namespace 'helmlegacystatefulsetmigrationit-operator'
2025-01-29 22:16:02,893 INFO c.h.h.t.HelmChartContainer - [hivemq-test-hivemq-platform] [hivemq-platform-operator] [349193a2] 22:16:02.892 [ReconcilerExecutor-hivemq-controller-121] DEBUG c.h.p.o.HiveMQPlatformReconciler - [helmlega] Custom Resource Status ROLLING_RESTART - HiveMQ Platform is starting a surge Pod (rolling restart) (SURGE_IN_PROGRESS)
2025-01-29 22:16:02,893 INFO c.h.h.t.HelmChartContainer - [hivemq-test-hivemq-platform] [hivemq-platform-operator] [349193a2] 22:16:02.892 [ReconcilerExecutor-hivemq-controller-121] DEBUG c.h.p.o.HiveMQPlatformReconciler - [helmlega] Custom Resource Spec (replicas: 1) (extensions: 2)
2025-01-29 22:16:02,895 INFO c.h.h.t.HelmChartContainer - [hivemq-test-hivemq-platform] [hivemq-platform-operator] [349193a2] 22:16:02.894 [ReconcilerExecutor-hivemq-controller-121] DEBUG c.h.p.o.HiveMQPlatformReconciler - [helmlega] StatefulSet Status (revision: test-hivemq-legacy-platform-65df8dcb7f, replicas: 2, available: 1, ready: 1, current: 1, updated: 1)
2025-01-29 22:16:02,895 INFO c.h.h.t.HelmChartContainer - [hivemq-test-hivemq-platform] [hivemq-platform-operator] [349193a2] 22:16:02.894 [ReconcilerExecutor-hivemq-controller-121] DEBUG c.h.p.o.HiveMQPlatformReconciler - [helmlega] StatefulSet Spec (replicas: 2, init containers: 1, containers: 1, volumes: 6)
2025-01-29 22:16:02,896 INFO c.h.h.t.HelmChartContainer - [hivemq-test-hivemq-platform] [hivemq-platform-operator] [349193a2] 22:16:02.895 [ReconcilerExecutor-hivemq-controller-121] DEBUG c.h.p.o.h.HiveMQPlatformReconcilerErrorHandler - [helmlega] Pod 'test-hivemq-legacy-platform-1' phase Running
2025-01-29 22:16:02,898 INFO c.h.h.t.HelmChartContainer - [hivemq-test-hivemq-platform] [hivemq-platform-operator] [349193a2] 22:16:02.897 [ReconcilerExecutor-hivemq-controller-121] DEBUG c.h.p.o.h.HiveMQPlatformReconcilerErrorHandler - [helmlega] Pod 'test-hivemq-legacy-platform-0' phase Running
2025-01-29 22:16:02,898 INFO c.h.h.t.HelmChartContainer - [hivemq-test-hivemq-platform] [hivemq-platform-operator] [349193a2] 22:16:02.898 [ReconcilerExecutor-hivemq-controller-121] DEBUG c.h.p.o.h.HiveMQPlatformReconcilerRollingRestartHandler - [helmlega] Rolling restart is waiting for 1 of 2 replicas
2025-01-29 22:16:07,827 INFO c.h.h.t.HelmChartContainer - [test-hivemq-legacy-platform] [hivemq] [9421e7ca] WARN  - [HiveMQ Platform Operator Init App 1.7.0-SNAPSHOT] Cannot connect to Health API for readiness: null
2025-01-29 22:16:07,831 INFO c.h.h.t.HelmChartContainer - [EVENT] Warning [Unhealthy] Readiness probe failed: HTTP probe failed with statuscode: 503 [helmlegacystatefulsetmigrationit-operator:test-hivemq-legacy-platform-1]
2025-01-29 22:16:07,831 INFO c.h.h.t.HelmChartContainer - Received Unhealthy event for container hivemq in pod test-hivemq-legacy-platform-1 [9421e7ca-0a7a-49c2-9274-f9e27b6e85c6]
2025-01-29 22:16:08,251 INFO c.h.h.t.HelmChartContainer - [test-hivemq-legacy-platform] [hivemq] [9421e7ca] INFO  - No valid license file found. Using trial license, restricted to 25 connections.
2025-01-29 22:16:11,729 INFO c.h.h.t.HelmChartContainer - [test-hivemq-legacy-platform] [hivemq] [9421e7ca] INFO  - No valid license file for Data Hub found. Using free license, restricted to 1 policy.
2025-01-29 22:16:12,829 INFO c.h.h.t.HelmChartContainer - [test-hivemq-legacy-platform] [hivemq] [9421e7ca] WARN  - [HiveMQ Platform Operator Init App 1.7.0-SNAPSHOT] Cannot connect to Health API for readiness: null
2025-01-29 22:16:12,836 INFO c.h.h.t.HelmChartContainer - [EVENT] Warning [Unhealthy] Readiness probe failed: HTTP probe failed with statuscode: 503 [helmlegacystatefulsetmigrationit-operator:test-hivemq-legacy-platform-1]
2025-01-29 22:16:12,836 INFO c.h.h.t.HelmChartContainer - Received Unhealthy event for container hivemq in pod test-hivemq-legacy-platform-1 [9421e7ca-0a7a-49c2-9274-f9e27b6e85c6]
2025-01-29 22:16:12,906 INFO c.h.h.t.HelmChartContainer - [hivemq-test-hivemq-platform] [hivemq-platform-operator] [349193a2] 22:16:12.901 [pool-6-thread-29] DEBUG c.h.p.o.d.PlatformServiceResource - [helmlega] Desired Platform services (4 services)
2025-01-29 22:16:12,909 INFO c.h.h.t.HelmChartContainer - [hivemq-test-hivemq-platform] [hivemq-platform-operator] [349193a2] 22:16:12.902 [pool-6-thread-24] DEBUG c.h.p.o.dependants.PodInfoConfigMap - [helmlega] Desired PodInfo ConfigMap (2 extensions) (1 enabled)
2025-01-29 22:16:12,909 INFO c.h.h.t.HelmChartContainer - [hivemq-test-hivemq-platform] [hivemq-platform-operator] [349193a2] 22:16:12.902 [pool-6-thread-24] DEBUG c.h.p.o.dependants.PodInfoConfigMap - [helmlega] Desired PodInfo ConfigMap (metrics port: 9399) (metrics path: /)
2025-01-29 22:16:12,909 INFO c.h.h.t.HelmChartContainer - [hivemq-test-hivemq-platform] [hivemq-platform-operator] [349193a2] 22:16:12.902 [pool-6-thread-24] DEBUG c.h.p.o.dependants.PodInfoConfigMap - [helmlega] Desired PodInfo ConfigMap (extension state hash: -1220239358)
2025-01-29 22:16:12,909 INFO c.h.h.t.HelmChartContainer - [hivemq-test-hivemq-platform] [hivemq-platform-operator] [349193a2] 22:16:12.903 [pool-6-thread-24] DEBUG c.h.p.o.d.PodServiceAccountResource - [helmlega] Desired PodServiceAccountResource (serviceAccountName: hivemq-platform-pod-test-hivemq-legacy-platform)
2025-01-29 22:16:12,909 INFO c.h.h.t.HelmChartContainer - [hivemq-test-hivemq-platform] [hivemq-platform-operator] [349193a2] 22:16:12.908 [pool-6-thread-29] DEBUG c.h.p.o.d.StatefulSetResource - [helmlega] Desired StatefulSet (2 replicas) for status ROLLING_RESTART (SURGE_IN_PROGRESS)
2025-01-29 22:16:12,913 INFO c.h.h.t.HelmChartContainer - [hivemq-test-hivemq-platform] [hivemq-platform-operator] [349193a2] 22:16:12.912 [ReconcilerExecutor-hivemq-controller-122] INFO  c.h.p.o.HiveMQPlatformReconciler - [helmlega] Reconciling HiveMQ Platform 'test-hivemq-legacy-platform' in namespace 'helmlegacystatefulsetmigrationit-operator'
2025-01-29 22:16:12,913 INFO c.h.h.t.HelmChartContainer - [hivemq-test-hivemq-platform] [hivemq-platform-operator] [349193a2] 22:16:12.912 [ReconcilerExecutor-hivemq-controller-122] DEBUG c.h.p.o.HiveMQPlatformReconciler - [helmlega] Custom Resource Status ROLLING_RESTART - HiveMQ Platform is starting a surge Pod (rolling restart) (SURGE_IN_PROGRESS)
2025-01-29 22:16:12,914 INFO c.h.h.t.HelmChartContainer - [hivemq-test-hivemq-platform] [hivemq-platform-operator] [349193a2] 22:16:12.912 [ReconcilerExecutor-hivemq-controller-122] DEBUG c.h.p.o.HiveMQPlatformReconciler - [helmlega] Custom Resource Spec (replicas: 1) (extensions: 2)
2025-01-29 22:16:12,917 INFO c.h.h.t.HelmChartContainer - [hivemq-test-hivemq-platform] [hivemq-platform-operator] [349193a2] 22:16:12.915 [ReconcilerExecutor-hivemq-controller-122] DEBUG c.h.p.o.HiveMQPlatformReconciler - [helmlega] StatefulSet Status (revision: test-hivemq-legacy-platform-65df8dcb7f, replicas: 2, available: 1, ready: 1, current: 1, updated: 1)
2025-01-29 22:16:12,917 INFO c.h.h.t.HelmChartContainer - [hivemq-test-hivemq-platform] [hivemq-platform-operator] [349193a2] 22:16:12.915 [ReconcilerExecutor-hivemq-controller-122] DEBUG c.h.p.o.HiveMQPlatformReconciler - [helmlega] StatefulSet Spec (replicas: 2, init containers: 1, containers: 1, volumes: 6)
2025-01-29 22:16:12,918 INFO c.h.h.t.HelmChartContainer - [hivemq-test-hivemq-platform] [hivemq-platform-operator] [349193a2] 22:16:12.916 [ReconcilerExecutor-hivemq-controller-122] DEBUG c.h.p.o.h.HiveMQPlatformReconcilerErrorHandler - [helmlega] Pod 'test-hivemq-legacy-platform-1' phase Running
2025-01-29 22:16:12,920 INFO c.h.h.t.HelmChartContainer - [hivemq-test-hivemq-platform] [hivemq-platform-operator] [349193a2] 22:16:12.919 [ReconcilerExecutor-hivemq-controller-122] DEBUG c.h.p.o.h.HiveMQPlatformReconcilerErrorHandler - [helmlega] Pod 'test-hivemq-legacy-platform-0' phase Running
2025-01-29 22:16:12,920 INFO c.h.h.t.HelmChartContainer - [hivemq-test-hivemq-platform] [hivemq-platform-operator] [349193a2] 22:16:12.920 [ReconcilerExecutor-hivemq-controller-122] DEBUG c.h.p.o.h.HiveMQPlatformReconcilerRollingRestartHandler - [helmlega] Rolling restart is waiting for 1 of 2 replicas
2025-01-29 22:16:13,029 INFO c.h.h.t.HelmChartContainer - [test-hivemq-legacy-platform] [hivemq] [9421e7ca] INFO  - Audit Logger started.
2025-01-29 22:16:13,344 INFO c.h.h.t.HelmChartContainer - [test-hivemq-legacy-platform] [hivemq] [9421e7ca] INFO  - This node uses '1' CPU cores.
2025-01-29 22:16:13,349 INFO c.h.h.t.HelmChartContainer - [test-hivemq-legacy-platform] [hivemq] [9421e7ca] INFO  - Starting HiveMQ Health API on address 0.0.0.0 and port 8889
2025-01-29 22:16:14,044 INFO c.h.h.t.HelmChartContainer - [test-hivemq-legacy-platform] [hivemq] [9421e7ca] INFO  - Started HiveMQ Health API in 694ms
2025-01-29 22:16:14,640 INFO c.h.h.t.HelmChartContainer - [test-hivemq-legacy-platform] [hivemq] [9421e7ca] INFO  - Starting HiveMQ extension system.
2025-01-29 22:16:17,625 INFO c.h.h.t.HelmChartContainer - [test-hivemq-legacy-platform] [hivemq] [9421e7ca] INFO  - No license found for enterprise extension with name "HiveMQ Enterprise Security Extension". Entering extension trial mode. "HiveMQ Enterprise Security Extension" will be disabled in 5 hours.
2025-01-29 22:16:17,830 INFO c.h.h.t.HelmChartContainer - [test-hivemq-legacy-platform] [hivemq] [9421e7ca] INFO  - Starting extension with id "hivemq-dns-cluster-discovery" at /opt/hivemq/extensions/hivemq-dns-cluster-discovery
2025-01-29 22:16:18,531 INFO c.h.h.t.HelmChartContainer - [test-hivemq-legacy-platform] [hivemq] [9421e7ca] INFO  - Extension "DNS Cluster Discovery Extension" version 4.3.2 started successfully.
2025-01-29 22:16:18,532 INFO c.h.h.t.HelmChartContainer - [test-hivemq-legacy-platform] [hivemq] [9421e7ca] INFO  - Starting extension with id "hivemq-enterprise-security-extension" at /opt/hivemq/extensions/hivemq-enterprise-security-extension
2025-01-29 22:16:18,836 INFO c.h.h.t.HelmChartContainer - [EVENT] Warning [Unhealthy] Readiness probe failed: Get "http://10.42.0.13:7979/readiness": context deadline exceeded (Client.Timeout exceeded while awaiting headers) [helmlegacystatefulsetmigrationit-operator:test-hivemq-legacy-platform-1]
2025-01-29 22:16:18,837 INFO c.h.h.t.HelmChartContainer - Received Unhealthy event for container hivemq in pod test-hivemq-legacy-platform-1 [9421e7ca-0a7a-49c2-9274-f9e27b6e85c6]
2025-01-29 22:16:19,127 INFO c.h.h.t.HelmChartContainer - [test-hivemq-legacy-platform] [hivemq] [9421e7ca] INFO  - Using TCP cluster transport on address 10.42.0.13 and port 7000
2025-01-29 22:16:19,231 INFO c.h.h.t.HelmChartContainer - [test-hivemq-legacy-platform] [hivemq] [9421e7ca] INFO  - Using extension cluster discovery
2025-01-29 22:16:19,830 INFO c.h.h.t.HelmChartContainer - [test-hivemq-legacy-platform] [hivemq] [9421e7ca] INFO  - [HiveMQ Platform Operator Init App 1.7.0-SNAPSHOT] Returning Health API response 503 for readiness
2025-01-29 22:16:20,238 INFO c.h.h.t.HelmChartContainer - [test-hivemq-legacy-platform] [hivemq] [a9ae7f21] INFO  - Cluster nodes found by discovery: [bqUMh|1] (2) [bqUMh, CTmYL].
2025-01-29 22:16:20,426 INFO c.h.h.t.HelmChartContainer - [test-hivemq-legacy-platform] [hivemq] [9421e7ca] INFO  - Cluster nodes found by discovery: [bqUMh|1] (2) [bqUMh, CTmYL].
2025-01-29 22:16:20,439 INFO c.h.h.t.HelmChartContainer - [test-hivemq-legacy-platform] [hivemq] [9421e7ca] WARN  - HiveMQ Enterprise Security Extension: The configuration file is placed at the legacy location '/opt/hivemq/extensions/hivemq-enterprise-security-extension/conf/enterprise-security-extension.xml'. Please move the configuration file to the new location '/opt/hivemq/extensions/hivemq-enterprise-security-extension/conf/config.xml'. Support for the legacy location will be removed in a future release.
2025-01-29 22:16:20,631 INFO c.h.h.t.HelmChartContainer - [test-hivemq-legacy-platform] [hivemq] [9421e7ca] INFO  - HiveMQ Enterprise Security Extension: Successfully loaded configuration from '/opt/hivemq/extensions/hivemq-enterprise-security-extension/conf/enterprise-security-extension.xml'.
2025-01-29 22:16:20,635 INFO c.h.h.t.HelmChartContainer - [test-hivemq-legacy-platform] [hivemq] [9421e7ca] INFO  - HiveMQ Enterprise Security Extension: Starting HiveMQ Enterprise Security Extension.
2025-01-29 22:16:20,735 INFO c.h.h.t.HelmChartContainer - [test-hivemq-legacy-platform] [hivemq] [9421e7ca] INFO  - Cluster size = 1, members : [bqUMh].
2025-01-29 22:16:21,031 INFO c.h.h.t.HelmChartContainer - [test-hivemq-legacy-platform] [hivemq] [9421e7ca] INFO  - HiveMQ Enterprise Security Extension: Access log is written to /opt/hivemq/log/access/access.log.
2025-01-29 22:16:21,339 INFO c.h.h.t.HelmChartContainer - [test-hivemq-legacy-platform] [hivemq] [9421e7ca] INFO  - Starting cluster join process. This may take a while. Please do not shut down HiveMQ.
2025-01-29 22:16:21,339 INFO c.h.h.t.HelmChartContainer - [test-hivemq-legacy-platform] [hivemq] [9421e7ca] INFO  - Cluster join process is still ongoing. Please do not shut down HiveMQ.
2025-01-29 22:16:21,431 INFO c.h.h.t.HelmChartContainer - [test-hivemq-legacy-platform] [hivemq] [9421e7ca] INFO  - HiveMQ Enterprise Security Extension: Started HiveMQ Enterprise Security Extension successfully in 2896ms.
2025-01-29 22:16:21,431 INFO c.h.h.t.HelmChartContainer - [test-hivemq-legacy-platform] [hivemq] [9421e7ca] INFO  - Extension "HiveMQ Enterprise Security Extension" version 4.36.0 started successfully.
2025-01-29 22:16:21,431 INFO c.h.h.t.HelmChartContainer - [test-hivemq-legacy-platform] [hivemq] [9421e7ca] INFO  - Starting extension with id "hivemq-prometheus-extension" at /opt/hivemq/extensions/hivemq-prometheus-extension
2025-01-29 22:16:22,037 INFO c.h.h.t.HelmChartContainer - [test-hivemq-legacy-platform] [hivemq] [9421e7ca] INFO  - Started Jetty Server exposing Prometheus Servlet on URI http://0.0.0.0:9399/
2025-01-29 22:16:22,037 INFO c.h.h.t.HelmChartContainer - [test-hivemq-legacy-platform] [hivemq] [9421e7ca] INFO  - Extension "Prometheus Monitoring Extension" version 4.0.12 started successfully.
2025-01-29 22:16:22,799 INFO c.h.h.t.HelmChartContainer - [EVENT] Warning [Unhealthy] Readiness probe failed: HTTP probe failed with statuscode: 503 [helmlegacystatefulsetmigrationit-operator:test-hivemq-legacy-platform-1]
2025-01-29 22:16:22,799 INFO c.h.h.t.HelmChartContainer - Received Unhealthy event for container hivemq in pod test-hivemq-legacy-platform-1 [9421e7ca-0a7a-49c2-9274-f9e27b6e85c6]
2025-01-29 22:16:22,924 INFO c.h.h.t.HelmChartContainer - [hivemq-test-hivemq-platform] [hivemq-platform-operator] [349193a2] 22:16:22.923 [pool-6-thread-32] DEBUG c.h.p.o.d.PlatformServiceResource - [helmlega] Desired Platform services (4 services)
2025-01-29 22:16:22,925 INFO c.h.h.t.HelmChartContainer - [hivemq-test-hivemq-platform] [hivemq-platform-operator] [349193a2] 22:16:22.924 [pool-6-thread-40] DEBUG c.h.p.o.dependants.PodInfoConfigMap - [helmlega] Desired PodInfo ConfigMap (2 extensions) (1 enabled)
2025-01-29 22:16:22,926 INFO c.h.h.t.HelmChartContainer - [hivemq-test-hivemq-platform] [hivemq-platform-operator] [349193a2] 22:16:22.924 [pool-6-thread-40] DEBUG c.h.p.o.dependants.PodInfoConfigMap - [helmlega] Desired PodInfo ConfigMap (metrics port: 9399) (metrics path: /)
2025-01-29 22:16:22,926 INFO c.h.h.t.HelmChartContainer - [hivemq-test-hivemq-platform] [hivemq-platform-operator] [349193a2] 22:16:22.925 [pool-6-thread-37] DEBUG c.h.p.o.d.PodServiceAccountResource - [helmlega] Desired PodServiceAccountResource (serviceAccountName: hivemq-platform-pod-test-hivemq-legacy-platform)
2025-01-29 22:16:22,927 INFO c.h.h.t.HelmChartContainer - [hivemq-test-hivemq-platform] [hivemq-platform-operator] [349193a2] 22:16:22.926 [pool-6-thread-40] DEBUG c.h.p.o.dependants.PodInfoConfigMap - [helmlega] Desired PodInfo ConfigMap (extension state hash: -1220239358)
2025-01-29 22:16:22,931 INFO c.h.h.t.HelmChartContainer - [hivemq-test-hivemq-platform] [hivemq-platform-operator] [349193a2] 22:16:22.930 [pool-6-thread-32] DEBUG c.h.p.o.d.StatefulSetResource - [helmlega] Desired StatefulSet (2 replicas) for status ROLLING_RESTART (SURGE_IN_PROGRESS)
2025-01-29 22:16:22,935 INFO c.h.h.t.HelmChartContainer - [hivemq-test-hivemq-platform] [hivemq-platform-operator] [349193a2] 22:16:22.934 [ReconcilerExecutor-hivemq-controller-123] INFO  c.h.p.o.HiveMQPlatformReconciler - [helmlega] Reconciling HiveMQ Platform 'test-hivemq-legacy-platform' in namespace 'helmlegacystatefulsetmigrationit-operator'
2025-01-29 22:16:22,936 INFO c.h.h.t.HelmChartContainer - [hivemq-test-hivemq-platform] [hivemq-platform-operator] [349193a2] 22:16:22.934 [ReconcilerExecutor-hivemq-controller-123] DEBUG c.h.p.o.HiveMQPlatformReconciler - [helmlega] Custom Resource Status ROLLING_RESTART - HiveMQ Platform is starting a surge Pod (rolling restart) (SURGE_IN_PROGRESS)
2025-01-29 22:16:22,937 INFO c.h.h.t.HelmChartContainer - [hivemq-test-hivemq-platform] [hivemq-platform-operator] [349193a2] 22:16:22.934 [ReconcilerExecutor-hivemq-controller-123] DEBUG c.h.p.o.HiveMQPlatformReconciler - [helmlega] Custom Resource Spec (replicas: 1) (extensions: 2)
2025-01-29 22:16:22,937 INFO c.h.h.t.HelmChartContainer - [hivemq-test-hivemq-platform] [hivemq-platform-operator] [349193a2] 22:16:22.936 [ReconcilerExecutor-hivemq-controller-123] DEBUG c.h.p.o.HiveMQPlatformReconciler - [helmlega] StatefulSet Status (revision: test-hivemq-legacy-platform-65df8dcb7f, replicas: 2, available: 1, ready: 1, current: 1, updated: 1)
2025-01-29 22:16:22,938 INFO c.h.h.t.HelmChartContainer - [hivemq-test-hivemq-platform] [hivemq-platform-operator] [349193a2] 22:16:22.936 [ReconcilerExecutor-hivemq-controller-123] DEBUG c.h.p.o.HiveMQPlatformReconciler - [helmlega] StatefulSet Spec (replicas: 2, init containers: 1, containers: 1, volumes: 6)
2025-01-29 22:16:22,940 INFO c.h.h.t.HelmChartContainer - [hivemq-test-hivemq-platform] [hivemq-platform-operator] [349193a2] 22:16:22.938 [ReconcilerExecutor-hivemq-controller-123] DEBUG c.h.p.o.h.HiveMQPlatformReconcilerErrorHandler - [helmlega] Pod 'test-hivemq-legacy-platform-1' phase Running
2025-01-29 22:16:22,940 INFO c.h.h.t.HelmChartContainer - [hivemq-test-hivemq-platform] [hivemq-platform-operator] [349193a2] 22:16:22.940 [ReconcilerExecutor-hivemq-controller-123] DEBUG c.h.p.o.h.HiveMQPlatformReconcilerErrorHandler - [helmlega] Pod 'test-hivemq-legacy-platform-0' phase Running
2025-01-29 22:16:22,941 INFO c.h.h.t.HelmChartContainer - [hivemq-test-hivemq-platform] [hivemq-platform-operator] [349193a2] 22:16:22.940 [ReconcilerExecutor-hivemq-controller-123] DEBUG c.h.p.o.h.HiveMQPlatformReconcilerRollingRestartHandler - [helmlega] Rolling restart is waiting for 1 of 2 replicas
2025-01-29 22:16:23,479 INFO c.h.h.t.HelmChartContainer - [test-hivemq-legacy-platform] [hivemq] [a9ae7f21] INFO  - Cluster size = 2, members : [bqUMh, CTmYL].
2025-01-29 22:16:23,492 INFO c.h.h.t.HelmChartContainer - [test-hivemq-legacy-platform] [hivemq] [9421e7ca] INFO  - Cluster size = 2, members : [bqUMh, CTmYL].
2025-01-29 22:16:23,524 INFO c.h.h.t.HelmChartContainer - [test-hivemq-legacy-platform] [hivemq] [9421e7ca] INFO  - Finished cluster join process successfully.
2025-01-29 22:16:23,527 INFO c.h.h.t.HelmChartContainer - [test-hivemq-legacy-platform] [hivemq] [9421e7ca] INFO  - Starting HiveMQ REST API on address 0.0.0.0 and port 8888
2025-01-29 22:16:24,028 INFO c.h.h.t.HelmChartContainer - [test-hivemq-legacy-platform] [hivemq] [9421e7ca] INFO  - Started HiveMQ REST API in 502ms
2025-01-29 22:16:24,030 INFO c.h.h.t.HelmChartContainer - [test-hivemq-legacy-platform] [hivemq] [9421e7ca] WARN  - No user for HiveMQ Control Center configured. Starting with default user
2025-01-29 22:16:24,030 INFO c.h.h.t.HelmChartContainer - [test-hivemq-legacy-platform] [hivemq] [9421e7ca] INFO  - Starting HiveMQ Control Center on address 0.0.0.0 and port 8080
2025-01-29 22:16:24,033 INFO c.h.h.t.HelmChartContainer - [test-hivemq-legacy-platform] [hivemq] [9421e7ca] INFO  - Mounting HiveMQ Control Center V2 Preview
2025-01-29 22:16:24,626 INFO c.h.h.t.HelmChartContainer - [test-hivemq-legacy-platform] [hivemq] [9421e7ca] INFO  - Started HiveMQ Control Center in 597ms
2025-01-29 22:16:24,646 INFO c.h.h.t.HelmChartContainer - [test-hivemq-legacy-platform] [hivemq] [9421e7ca] INFO  - Starting TCP listener on address 0.0.0.0 and port 1883
2025-01-29 22:16:24,689 INFO c.h.h.t.HelmChartContainer - [test-hivemq-legacy-platform] [hivemq] [9421e7ca] INFO  - Started TCP Listener on address 0.0.0.0 and on port 1883.
2025-01-29 22:16:24,689 INFO c.h.h.t.HelmChartContainer - [test-hivemq-legacy-platform] [hivemq] [9421e7ca] INFO  - Started HiveMQ in 31461ms
2025-01-29 22:16:27,795 INFO c.h.h.t.HelmChartContainer - [test-hivemq-legacy-platform] [hivemq] [9421e7ca] INFO  - [HiveMQ Platform Operator Init App 1.7.0-SNAPSHOT] Returning Health API response 200 for readiness
2025-01-29 22:16:27,813 INFO c.h.h.t.HelmChartContainer - [POD] test-hivemq-legacy-platform-1 [9421e7ca-0a7a-49c2-9274-f9e27b6e85c6] in helmlegacystatefulsetmigrationit-operator was MODIFIED
2025-01-29 22:16:27,837 INFO c.h.h.t.HelmChartContainer - [hivemq-test-hivemq-platform] [hivemq-platform-operator] [349193a2] 22:16:27.828 [pool-6-thread-47] DEBUG c.h.p.o.d.PlatformServiceResource - [helmlega] Desired Platform services (4 services)
2025-01-29 22:16:27,837 INFO c.h.h.t.HelmChartContainer - [hivemq-test-hivemq-platform] [hivemq-platform-operator] [349193a2] 22:16:27.829 [pool-6-thread-42] DEBUG c.h.p.o.dependants.PodInfoConfigMap - [helmlega] Desired PodInfo ConfigMap (2 extensions) (1 enabled)
2025-01-29 22:16:27,837 INFO c.h.h.t.HelmChartContainer - [hivemq-test-hivemq-platform] [hivemq-platform-operator] [349193a2] 22:16:27.829 [pool-6-thread-42] DEBUG c.h.p.o.dependants.PodInfoConfigMap - [helmlega] Desired PodInfo ConfigMap (metrics port: 9399) (metrics path: /)
2025-01-29 22:16:27,837 INFO c.h.h.t.HelmChartContainer - [hivemq-test-hivemq-platform] [hivemq-platform-operator] [349193a2] 22:16:27.829 [pool-6-thread-42] DEBUG c.h.p.o.dependants.PodInfoConfigMap - [helmlega] Desired PodInfo ConfigMap (extension state hash: -1220239358)
2025-01-29 22:16:27,848 INFO c.h.h.t.HelmChartContainer - [hivemq-test-hivemq-platform] [hivemq-platform-operator] [349193a2] 22:16:27.839 [pool-6-thread-41] DEBUG c.h.p.o.d.PodServiceAccountResource - [helmlega] Desired PodServiceAccountResource (serviceAccountName: hivemq-platform-pod-test-hivemq-legacy-platform)
2025-01-29 22:16:27,857 INFO c.h.h.t.HelmChartContainer - [hivemq-test-hivemq-platform] [hivemq-platform-operator] [349193a2] 22:16:27.851 [pool-6-thread-42] DEBUG c.h.p.o.d.StatefulSetResource - [helmlega] Desired StatefulSet (2 replicas) for status ROLLING_RESTART (SURGE_IN_PROGRESS)
2025-01-29 22:16:27,861 INFO c.h.h.t.HelmChartContainer - [hivemq-test-hivemq-platform] [hivemq-platform-operator] [349193a2] 22:16:27.859 [ReconcilerExecutor-hivemq-controller-124] INFO  c.h.p.o.HiveMQPlatformReconciler - [helmlega] Reconciling HiveMQ Platform 'test-hivemq-legacy-platform' in namespace 'helmlegacystatefulsetmigrationit-operator'
2025-01-29 22:16:27,861 INFO c.h.h.t.HelmChartContainer - [hivemq-test-hivemq-platform] [hivemq-platform-operator] [349193a2] 22:16:27.859 [ReconcilerExecutor-hivemq-controller-124] DEBUG c.h.p.o.HiveMQPlatformReconciler - [helmlega] Custom Resource Status ROLLING_RESTART - HiveMQ Platform is starting a surge Pod (rolling restart) (SURGE_IN_PROGRESS)
2025-01-29 22:16:27,861 INFO c.h.h.t.HelmChartContainer - [hivemq-test-hivemq-platform] [hivemq-platform-operator] [349193a2] 22:16:27.859 [ReconcilerExecutor-hivemq-controller-124] DEBUG c.h.p.o.HiveMQPlatformReconciler - [helmlega] Custom Resource Spec (replicas: 1) (extensions: 2)
2025-01-29 22:16:27,865 INFO c.h.h.t.HelmChartContainer - [hivemq-test-hivemq-platform] [hivemq-platform-operator] [349193a2] 22:16:27.861 [ReconcilerExecutor-hivemq-controller-124] DEBUG c.h.p.o.HiveMQPlatformReconciler - [helmlega] StatefulSet Status (revision: test-hivemq-legacy-platform-65df8dcb7f, replicas: 2, available: 1, ready: 1, current: 1, updated: 1)
2025-01-29 22:16:27,865 INFO c.h.h.t.HelmChartContainer - [hivemq-test-hivemq-platform] [hivemq-platform-operator] [349193a2] 22:16:27.861 [ReconcilerExecutor-hivemq-controller-124] DEBUG c.h.p.o.HiveMQPlatformReconciler - [helmlega] StatefulSet Spec (replicas: 2, init containers: 1, containers: 1, volumes: 6)
2025-01-29 22:16:27,865 INFO c.h.h.t.HelmChartContainer - [hivemq-test-hivemq-platform] [hivemq-platform-operator] [349193a2] 22:16:27.864 [ReconcilerExecutor-hivemq-controller-124] DEBUG c.h.p.o.h.HiveMQPlatformReconcilerErrorHandler - [helmlega] Pod 'test-hivemq-legacy-platform-1' phase Running
2025-01-29 22:16:27,874 INFO c.h.h.t.HelmChartContainer - [hivemq-test-hivemq-platform] [hivemq-platform-operator] [349193a2] 22:16:27.872 [ReconcilerExecutor-hivemq-controller-124] DEBUG c.h.p.o.h.HiveMQPlatformReconcilerErrorHandler - [helmlega] Pod 'test-hivemq-legacy-platform-0' phase Running
2025-01-29 22:16:27,875 INFO c.h.h.t.HelmChartContainer - [hivemq-test-hivemq-platform] [hivemq-platform-operator] [349193a2] 22:16:27.873 [ReconcilerExecutor-hivemq-controller-124] DEBUG c.h.p.o.h.HiveMQPlatformReconcilerRollingRestartHandler - [helmlega] Rolling restart is waiting for 1 of 2 replicas
2025-01-29 22:16:27,891 INFO c.h.h.t.HelmChartContainer - [hivemq-test-hivemq-platform] [hivemq-platform-operator] [349193a2] 22:16:27.885 [pool-6-thread-7] DEBUG c.h.p.o.d.PlatformServiceResource - [helmlega] Desired Platform services (4 services)
2025-01-29 22:16:27,948 INFO c.h.h.t.HelmChartContainer - [hivemq-test-hivemq-platform] [hivemq-platform-operator] [349193a2] 22:16:27.946 [pool-6-thread-10] DEBUG c.h.p.o.dependants.PodInfoConfigMap - [helmlega] Desired PodInfo ConfigMap (2 extensions) (1 enabled)
2025-01-29 22:16:27,948 INFO c.h.h.t.HelmChartContainer - [hivemq-test-hivemq-platform] [hivemq-platform-operator] [349193a2] 22:16:27.946 [pool-6-thread-10] DEBUG c.h.p.o.dependants.PodInfoConfigMap - [helmlega] Desired PodInfo ConfigMap (metrics port: 9399) (metrics path: /)
2025-01-29 22:16:27,948 INFO c.h.h.t.HelmChartContainer - [hivemq-test-hivemq-platform] [hivemq-platform-operator] [349193a2] 22:16:27.946 [pool-6-thread-10] DEBUG c.h.p.o.dependants.PodInfoConfigMap - [helmlega] Desired PodInfo ConfigMap (extension state hash: -1220239358)
2025-01-29 22:16:27,949 INFO c.h.h.t.HelmChartContainer - [hivemq-test-hivemq-platform] [hivemq-platform-operator] [349193a2] 22:16:27.947 [pool-6-thread-6] DEBUG c.h.p.o.d.PodServiceAccountResource - [helmlega] Desired PodServiceAccountResource (serviceAccountName: hivemq-platform-pod-test-hivemq-legacy-platform)
2025-01-29 22:16:27,959 INFO c.h.h.t.HelmChartContainer - [hivemq-test-hivemq-platform] [hivemq-platform-operator] [349193a2] 22:16:27.958 [pool-6-thread-8] DEBUG c.h.p.o.d.StatefulSetResource - [helmlega] Desired StatefulSet (2 replicas) for status ROLLING_RESTART (SURGE_IN_PROGRESS)
2025-01-29 22:16:27,964 INFO c.h.h.t.HelmChartContainer - [hivemq-test-hivemq-platform] [hivemq-platform-operator] [349193a2] 22:16:27.962 [ReconcilerExecutor-hivemq-controller-125] INFO  c.h.p.o.HiveMQPlatformReconciler - [helmlega] Reconciling HiveMQ Platform 'test-hivemq-legacy-platform' in namespace 'helmlegacystatefulsetmigrationit-operator'
2025-01-29 22:16:27,965 INFO c.h.h.t.HelmChartContainer - [hivemq-test-hivemq-platform] [hivemq-platform-operator] [349193a2] 22:16:27.962 [ReconcilerExecutor-hivemq-controller-125] DEBUG c.h.p.o.HiveMQPlatformReconciler - [helmlega] Custom Resource Status ROLLING_RESTART - HiveMQ Platform is starting a surge Pod (rolling restart) (SURGE_IN_PROGRESS)
2025-01-29 22:16:27,965 INFO c.h.h.t.HelmChartContainer - [hivemq-test-hivemq-platform] [hivemq-platform-operator] [349193a2] 22:16:27.962 [ReconcilerExecutor-hivemq-controller-125] DEBUG c.h.p.o.HiveMQPlatformReconciler - [helmlega] Custom Resource Spec (replicas: 1) (extensions: 2)
2025-01-29 22:16:27,965 INFO c.h.h.t.HelmChartContainer - [hivemq-test-hivemq-platform] [hivemq-platform-operator] [349193a2] 22:16:27.964 [ReconcilerExecutor-hivemq-controller-125] DEBUG c.h.p.o.HiveMQPlatformReconciler - [helmlega] StatefulSet Status (revision: test-hivemq-legacy-platform-65df8dcb7f, replicas: 2, available: 2, ready: 2, current: 1, updated: 1)
2025-01-29 22:16:27,965 INFO c.h.h.t.HelmChartContainer - [hivemq-test-hivemq-platform] [hivemq-platform-operator] [349193a2] 22:16:27.964 [ReconcilerExecutor-hivemq-controller-125] DEBUG c.h.p.o.HiveMQPlatformReconciler - [helmlega] StatefulSet Spec (replicas: 2, init containers: 1, containers: 1, volumes: 6)
2025-01-29 22:16:27,966 INFO c.h.h.t.HelmChartContainer - [hivemq-test-hivemq-platform] [hivemq-platform-operator] [349193a2] 22:16:27.965 [ReconcilerExecutor-hivemq-controller-125] DEBUG c.h.p.o.h.HiveMQPlatformReconcilerErrorHandler - [helmlega] Pod 'test-hivemq-legacy-platform-1' phase Running
2025-01-29 22:16:27,968 INFO c.h.h.t.HelmChartContainer - [hivemq-test-hivemq-platform] [hivemq-platform-operator] [349193a2] 22:16:27.967 [ReconcilerExecutor-hivemq-controller-125] DEBUG c.h.p.o.h.HiveMQPlatformReconcilerErrorHandler - [helmlega] Pod 'test-hivemq-legacy-platform-0' phase Running
2025-01-29 22:16:27,968 INFO c.h.h.t.HelmChartContainer - [hivemq-test-hivemq-platform] [hivemq-platform-operator] [349193a2] 22:16:27.968 [ReconcilerExecutor-hivemq-controller-125] INFO  c.h.p.o.h.HiveMQPlatformReconcilerRollingRestartHandler - [helmlega] Surge Pod started successfully
2025-01-29 22:16:28,069 INFO c.h.h.t.HelmChartContainer - [hivemq-test-hivemq-platform] [hivemq-platform-operator] [349193a2] 22:16:28.068 [ReconcilerExecutor-hivemq-controller-125] DEBUG c.h.p.operator.event.EventSender - [helmlega] Creating K8s event rolling-restart-surge-in-progress: [RollingRestart] HiveMQ Platform is restarting Pods (rolling restart)
2025-01-29 22:16:28,149 INFO c.h.h.t.HelmChartContainer - [EVENT] Normal [RollingRestart] HiveMQ Platform is restarting Pods (rolling restart) [helmlegacystatefulsetmigrationit-operator:test-hivemq-legacy-platform]
2025-01-29 22:16:28,150 INFO c.h.h.t.HelmChartContainer - [hivemq-test-hivemq-platform] [hivemq-platform-operator] [349193a2] 22:16:28.149 [ReconcilerExecutor-hivemq-controller-125] INFO  c.h.p.o.h.AbstractHiveMQReconcilerStateHandler - [helmlega] Update HiveMQ Platform Status (ROLLING_RESTART [SURGE_IN_PROGRESS] -> ROLLING_RESTART [RESTART_PODS_IN_PROGRESS]): HiveMQ Platform is restarting Pods (rolling restart)
2025-01-29 22:16:28,158 DEBUG com.hivemq.helmcharts.util.K8sUtil - Comparing actual state 'ROLLING_RESTART' and waiting for 'RUNNING'
2025-01-29 22:16:29,001 INFO c.h.h.t.HelmChartContainer - [test-hivemq-legacy-platform] [hivemq] [9421e7ca] INFO  - [HiveMQ Platform Operator Init App 1.7.0-SNAPSHOT] Returning Health API response 200 for liveness
2025-01-29 22:16:38,163 INFO c.h.h.t.HelmChartContainer - [hivemq-test-hivemq-platform] [hivemq-platform-operator] [349193a2] 22:16:38.161 [pool-6-thread-13] DEBUG c.h.p.o.d.PlatformServiceResource - [helmlega] Desired Platform services (4 services)
2025-01-29 22:16:38,163 INFO c.h.h.t.HelmChartContainer - [hivemq-test-hivemq-platform] [hivemq-platform-operator] [349193a2] 22:16:38.162 [pool-6-thread-17] DEBUG c.h.p.o.d.PodServiceAccountResource - [helmlega] Desired PodServiceAccountResource (serviceAccountName: hivemq-platform-pod-test-hivemq-legacy-platform)
2025-01-29 22:16:38,165 INFO c.h.h.t.HelmChartContainer - [hivemq-test-hivemq-platform] [hivemq-platform-operator] [349193a2] 22:16:38.162 [pool-6-thread-12] DEBUG c.h.p.o.dependants.PodInfoConfigMap - [helmlega] Desired PodInfo ConfigMap (2 extensions) (1 enabled)
2025-01-29 22:16:38,165 INFO c.h.h.t.HelmChartContainer - [hivemq-test-hivemq-platform] [hivemq-platform-operator] [349193a2] 22:16:38.162 [pool-6-thread-12] DEBUG c.h.p.o.dependants.PodInfoConfigMap - [helmlega] Desired PodInfo ConfigMap (metrics port: 9399) (metrics path: /)
2025-01-29 22:16:38,165 INFO c.h.h.t.HelmChartContainer - [hivemq-test-hivemq-platform] [hivemq-platform-operator] [349193a2] 22:16:38.162 [pool-6-thread-12] DEBUG c.h.p.o.dependants.PodInfoConfigMap - [helmlega] Desired PodInfo ConfigMap (extension state hash: -1220239358)
2025-01-29 22:16:38,169 INFO c.h.h.t.HelmChartContainer - [hivemq-test-hivemq-platform] [hivemq-platform-operator] [349193a2] 22:16:38.168 [pool-6-thread-13] DEBUG c.h.p.o.d.StatefulSetResource - [helmlega] Desired StatefulSet (2 replicas) for status ROLLING_RESTART (RESTART_PODS_IN_PROGRESS)
2025-01-29 22:16:38,172 INFO c.h.h.t.HelmChartContainer - [hivemq-test-hivemq-platform] [hivemq-platform-operator] [349193a2] 22:16:38.171 [ReconcilerExecutor-hivemq-controller-126] INFO  c.h.p.o.HiveMQPlatformReconciler - [helmlega] Reconciling HiveMQ Platform 'test-hivemq-legacy-platform' in namespace 'helmlegacystatefulsetmigrationit-operator'
2025-01-29 22:16:38,172 INFO c.h.h.t.HelmChartContainer - [hivemq-test-hivemq-platform] [hivemq-platform-operator] [349193a2] 22:16:38.171 [ReconcilerExecutor-hivemq-controller-126] DEBUG c.h.p.o.HiveMQPlatformReconciler - [helmlega] Custom Resource Status ROLLING_RESTART - HiveMQ Platform is restarting Pods (rolling restart) (RESTART_PODS_IN_PROGRESS)
2025-01-29 22:16:38,172 INFO c.h.h.t.HelmChartContainer - [hivemq-test-hivemq-platform] [hivemq-platform-operator] [349193a2] 22:16:38.171 [ReconcilerExecutor-hivemq-controller-126] DEBUG c.h.p.o.HiveMQPlatformReconciler - [helmlega] Custom Resource Spec (replicas: 1) (extensions: 2)
2025-01-29 22:16:38,173 INFO c.h.h.t.HelmChartContainer - [hivemq-test-hivemq-platform] [hivemq-platform-operator] [349193a2] 22:16:38.172 [ReconcilerExecutor-hivemq-controller-126] DEBUG c.h.p.o.HiveMQPlatformReconciler - [helmlega] StatefulSet Status (revision: test-hivemq-legacy-platform-65df8dcb7f, replicas: 2, available: 2, ready: 2, current: 1, updated: 1)
2025-01-29 22:16:38,174 INFO c.h.h.t.HelmChartContainer - [hivemq-test-hivemq-platform] [hivemq-platform-operator] [349193a2] 22:16:38.172 [ReconcilerExecutor-hivemq-controller-126] DEBUG c.h.p.o.HiveMQPlatformReconciler - [helmlega] StatefulSet Spec (replicas: 2, init containers: 1, containers: 1, volumes: 6)
2025-01-29 22:16:38,175 INFO c.h.h.t.HelmChartContainer - [hivemq-test-hivemq-platform] [hivemq-platform-operator] [349193a2] 22:16:38.173 [ReconcilerExecutor-hivemq-controller-126] DEBUG c.h.p.o.h.HiveMQPlatformReconcilerErrorHandler - [helmlega] Pod 'test-hivemq-legacy-platform-1' phase Running
2025-01-29 22:16:38,176 INFO c.h.h.t.HelmChartContainer - [hivemq-test-hivemq-platform] [hivemq-platform-operator] [349193a2] 22:16:38.175 [ReconcilerExecutor-hivemq-controller-126] DEBUG c.h.p.o.h.HiveMQPlatformReconcilerErrorHandler - [helmlega] Pod 'test-hivemq-legacy-platform-0' phase Running
2025-01-29 22:16:38,258 INFO c.h.h.t.HelmChartContainer - [hivemq-test-hivemq-platform] [hivemq-platform-operator] [349193a2] 22:16:38.257 [ReconcilerExecutor-hivemq-controller-126] DEBUG c.h.p.o.h.HiveMQPlatformReconcilerRollingRestartHandler - [helmlega] Skipping Pod test-hivemq-legacy-platform-1 as it's already on the controller update revision (update revision: test-hivemq-legacy-platform-65df8dcb7f, pod revision: test-hivemq-legacy-platform-65df8dcb7f)
2025-01-29 22:16:38,271 INFO c.h.h.t.HelmChartContainer - [hivemq-test-hivemq-platform] [hivemq-platform-operator] [349193a2] 22:16:38.270 [ReconcilerExecutor-hivemq-controller-126] DEBUG c.h.p.o.h.HiveMQPlatformReconcilerRollingRestartHandler - [helmlega] The last Pod is running for 70 seconds, the next Pod can be restarted
2025-01-29 22:16:38,271 INFO c.h.h.t.HelmChartContainer - [hivemq-test-hivemq-platform] [hivemq-platform-operator] [349193a2] 22:16:38.270 [ReconcilerExecutor-hivemq-controller-126] INFO  c.h.p.o.h.HiveMQPlatformReconcilerRollingRestartHandler - [helmlega] Restarting Pod test-hivemq-legacy-platform-0 as it's not matching the controller update revision (update revision: test-hivemq-legacy-platform-65df8dcb7f, pod revision: test-hivemq-legacy-platform-84fd8d4856)
2025-01-29 22:16:38,289 INFO c.h.h.t.HelmChartContainer - [POD] test-hivemq-legacy-platform-0 [a9ae7f21-1ace-4521-af30-7d8c2c9fd8d7] in helmlegacystatefulsetmigrationit-operator was MODIFIED
2025-01-29 22:16:38,293 INFO c.h.h.t.HelmChartContainer - [EVENT] Normal [Killing] Stopping container hivemq [helmlegacystatefulsetmigrationit-operator:test-hivemq-legacy-platform-0]
2025-01-29 22:16:38,293 INFO c.h.h.t.HelmChartContainer - Received Killing event for container hivemq in pod test-hivemq-legacy-platform-0 [a9ae7f21-1ace-4521-af30-7d8c2c9fd8d7]
2025-01-29 22:16:38,293 INFO c.h.h.t.HelmChartContainer - Container [test-hivemq-legacy-platform-0] [hivemq] [a9ae7f21-1ace-4521-af30-7d8c2c9fd8d7] was terminated
2025-01-29 22:16:38,293 INFO c.h.h.t.HelmChartContainer - Stopped log watcher for hivemq in pod test-hivemq-legacy-platform-0 [a9ae7f21-1ace-4521-af30-7d8c2c9fd8d7]
2025-01-29 22:16:38,362 INFO c.h.h.t.HelmChartContainer - [hivemq-test-hivemq-platform] [hivemq-platform-operator] [349193a2] 22:16:38.360 [pool-6-thread-23] DEBUG c.h.p.o.d.PlatformServiceResource - [helmlega] Desired Platform services (4 services)
2025-01-29 22:16:38,364 INFO c.h.h.t.HelmChartContainer - [hivemq-test-hivemq-platform] [hivemq-platform-operator] [349193a2] 22:16:38.363 [pool-6-thread-26] DEBUG c.h.p.o.d.PodServiceAccountResource - [helmlega] Desired PodServiceAccountResource (serviceAccountName: hivemq-platform-pod-test-hivemq-legacy-platform)
2025-01-29 22:16:38,369 INFO c.h.h.t.HelmChartContainer - [hivemq-test-hivemq-platform] [hivemq-platform-operator] [349193a2] 22:16:38.367 [pool-6-thread-21] DEBUG c.h.p.o.dependants.PodInfoConfigMap - [helmlega] Desired PodInfo ConfigMap (2 extensions) (1 enabled)
2025-01-29 22:16:38,371 INFO c.h.h.t.HelmChartContainer - [hivemq-test-hivemq-platform] [hivemq-platform-operator] [349193a2] 22:16:38.370 [pool-6-thread-21] DEBUG c.h.p.o.dependants.PodInfoConfigMap - [helmlega] Desired PodInfo ConfigMap (metrics port: 9399) (metrics path: /)
2025-01-29 22:16:38,371 INFO c.h.h.t.HelmChartContainer - [hivemq-test-hivemq-platform] [hivemq-platform-operator] [349193a2] 22:16:38.371 [pool-6-thread-21] DEBUG c.h.p.o.dependants.PodInfoConfigMap - [helmlega] Desired PodInfo ConfigMap (extension state hash: -1220239358)
2025-01-29 22:16:38,374 INFO c.h.h.t.HelmChartContainer - [hivemq-test-hivemq-platform] [hivemq-platform-operator] [349193a2] 22:16:38.373 [pool-6-thread-21] DEBUG c.h.p.o.d.StatefulSetResource - [helmlega] Desired StatefulSet (2 replicas) for status ROLLING_RESTART (RESTART_PODS_IN_PROGRESS)
2025-01-29 22:16:38,457 INFO c.h.h.t.HelmChartContainer - [hivemq-test-hivemq-platform] [hivemq-platform-operator] [349193a2] 22:16:38.456 [ReconcilerExecutor-hivemq-controller-127] INFO  c.h.p.o.HiveMQPlatformReconciler - [helmlega] Reconciling HiveMQ Platform 'test-hivemq-legacy-platform' in namespace 'helmlegacystatefulsetmigrationit-operator'
2025-01-29 22:16:38,457 INFO c.h.h.t.HelmChartContainer - [hivemq-test-hivemq-platform] [hivemq-platform-operator] [349193a2] 22:16:38.456 [ReconcilerExecutor-hivemq-controller-127] DEBUG c.h.p.o.HiveMQPlatformReconciler - [helmlega] Custom Resource Status ROLLING_RESTART - HiveMQ Platform is restarting Pods (rolling restart) (RESTART_PODS_IN_PROGRESS)
2025-01-29 22:16:38,457 INFO c.h.h.t.HelmChartContainer - [hivemq-test-hivemq-platform] [hivemq-platform-operator] [349193a2] 22:16:38.456 [ReconcilerExecutor-hivemq-controller-127] DEBUG c.h.p.o.HiveMQPlatformReconciler - [helmlega] Custom Resource Spec (replicas: 1) (extensions: 2)
2025-01-29 22:16:38,460 INFO c.h.h.t.HelmChartContainer - [hivemq-test-hivemq-platform] [hivemq-platform-operator] [349193a2] 22:16:38.458 [ReconcilerExecutor-hivemq-controller-127] DEBUG c.h.p.o.HiveMQPlatformReconciler - [helmlega] StatefulSet Status (revision: test-hivemq-legacy-platform-65df8dcb7f, replicas: 2, available: 2, ready: 2, current: 1, updated: 1)
2025-01-29 22:16:38,460 INFO c.h.h.t.HelmChartContainer - [hivemq-test-hivemq-platform] [hivemq-platform-operator] [349193a2] 22:16:38.458 [ReconcilerExecutor-hivemq-controller-127] DEBUG c.h.p.o.HiveMQPlatformReconciler - [helmlega] StatefulSet Spec (replicas: 2, init containers: 1, containers: 1, volumes: 6)
2025-01-29 22:16:38,465 INFO c.h.h.t.HelmChartContainer - [hivemq-test-hivemq-platform] [hivemq-platform-operator] [349193a2] 22:16:38.462 [ReconcilerExecutor-hivemq-controller-127] DEBUG c.h.p.o.h.HiveMQPlatformReconcilerErrorHandler - [helmlega] Pod 'test-hivemq-legacy-platform-1' phase Running
2025-01-29 22:16:38,467 INFO c.h.h.t.HelmChartContainer - [hivemq-test-hivemq-platform] [hivemq-platform-operator] [349193a2] 22:16:38.463 [ReconcilerExecutor-hivemq-controller-127] DEBUG c.h.p.o.h.HiveMQPlatformReconcilerErrorHandler - [helmlega] Pod 'test-hivemq-legacy-platform-0' phase Running
2025-01-29 22:16:38,477 INFO c.h.h.t.HelmChartContainer - [hivemq-test-hivemq-platform] [hivemq-platform-operator] [349193a2] 22:16:38.476 [ReconcilerExecutor-hivemq-controller-127] DEBUG c.h.p.o.h.HiveMQPlatformReconcilerRollingRestartHandler - [helmlega] Skipping Pod test-hivemq-legacy-platform-1 as it's already on the controller update revision (update revision: test-hivemq-legacy-platform-65df8dcb7f, pod revision: test-hivemq-legacy-platform-65df8dcb7f)
2025-01-29 22:16:38,578 INFO c.h.h.t.HelmChartContainer - [hivemq-test-hivemq-platform] [hivemq-platform-operator] [349193a2] 22:16:38.576 [ReconcilerExecutor-hivemq-controller-127] DEBUG c.h.p.o.h.HiveMQPlatformReconcilerRollingRestartHandler - [helmlega] The last Pod is running for 70 seconds, the next Pod can be restarted
2025-01-29 22:16:38,578 INFO c.h.h.t.HelmChartContainer - [hivemq-test-hivemq-platform] [hivemq-platform-operator] [349193a2] 22:16:38.576 [ReconcilerExecutor-hivemq-controller-127] INFO  c.h.p.o.h.HiveMQPlatformReconcilerRollingRestartHandler - [helmlega] Restarting Pod test-hivemq-legacy-platform-0 as it's not matching the controller update revision (update revision: test-hivemq-legacy-platform-65df8dcb7f, pod revision: test-hivemq-legacy-platform-84fd8d4856)
2025-01-29 22:16:38,667 INFO c.h.h.t.HelmChartContainer - [test-hivemq-legacy-platform] [hivemq] [a9ae7f21] INFO  - Shutting down HiveMQ. Please wait, this could take a while...
2025-01-29 22:16:38,678 INFO c.h.h.t.HelmChartContainer - [test-hivemq-legacy-platform] [hivemq] [a9ae7f21] INFO  - Shutting down listeners and clients
2025-01-29 22:16:38,679 INFO c.h.h.t.HelmChartContainer - [test-hivemq-legacy-platform] [hivemq] [a9ae7f21] INFO  - Shutdown of listeners is done
2025-01-29 22:16:38,680 INFO c.h.h.t.HelmChartContainer - [test-hivemq-legacy-platform] [hivemq] [a9ae7f21] INFO  - No clients are connected, proceeding with shutdown
2025-01-29 22:16:40,872 INFO c.h.h.t.HelmChartContainer - [test-hivemq-legacy-platform] [hivemq] [a9ae7f21] INFO  - Shutting down extension system
2025-01-29 22:16:40,878 INFO c.h.h.t.HelmChartContainer - [test-hivemq-legacy-platform] [hivemq] [a9ae7f21] INFO  - Stopping extension with id hivemq-dns-cluster-discovery
2025-01-29 22:16:40,878 INFO c.h.h.t.HelmChartContainer - [test-hivemq-legacy-platform] [hivemq] [a9ae7f21] INFO  - Extension "DNS Cluster Discovery Extension" version 4.3.3 stopped successfully.
2025-01-29 22:16:40,879 INFO c.h.h.t.HelmChartContainer - [test-hivemq-legacy-platform] [hivemq] [a9ae7f21] INFO  - Stopping extension with id hivemq-prometheus-extension
2025-01-29 22:16:40,882 INFO c.h.h.t.HelmChartContainer - [test-hivemq-legacy-platform] [hivemq] [a9ae7f21] INFO  - Extension "Prometheus Monitoring Extension" version 4.0.13 stopped successfully.
2025-01-29 22:16:40,882 INFO c.h.h.t.HelmChartContainer - [test-hivemq-legacy-platform] [hivemq] [a9ae7f21] INFO  - Stopping extension with id hivemq-k8s-sync-extension
2025-01-29 22:16:40,883 INFO c.h.h.t.HelmChartContainer - [test-hivemq-legacy-platform] [hivemq] [a9ae7f21] INFO  - Stopped HiveMQ Kubernetes State Synchronization Extension:1.0.3
2025-01-29 22:16:40,883 INFO c.h.h.t.HelmChartContainer - [test-hivemq-legacy-platform] [hivemq] [a9ae7f21] INFO  - Extension "HiveMQ Kubernetes State Synchronization Extension" version 1.0.3 stopped successfully.
2025-01-29 22:16:40,883 INFO c.h.h.t.HelmChartContainer - [test-hivemq-legacy-platform] [hivemq] [a9ae7f21] INFO  - Stopping extension with id hivemq-enterprise-security-extension
2025-01-29 22:16:40,883 INFO c.h.h.t.HelmChartContainer - [test-hivemq-legacy-platform] [hivemq] [a9ae7f21] INFO  - HiveMQ Enterprise Security Extension: Shutting down HiveMQ Enterprise Security Extension.
2025-01-29 22:16:43,885 INFO c.h.h.t.HelmChartContainer - [test-hivemq-legacy-platform] [hivemq] [a9ae7f21] INFO  - HiveMQ Enterprise Security Extension: Stopped HiveMQ Enterprise Security Extension successfully in 3002ms.
2025-01-29 22:16:43,885 INFO c.h.h.t.HelmChartContainer - [test-hivemq-legacy-platform] [hivemq] [a9ae7f21] INFO  - Extension "HiveMQ Enterprise Security Extension" version 4.36.0 stopped successfully.
2025-01-29 22:16:43,892 INFO c.h.h.t.HelmChartContainer - [test-hivemq-legacy-platform] [hivemq] [9421e7ca] INFO  - Cluster nodes found by discovery: [CTmYL|2] (1) [CTmYL].
2025-01-29 22:16:43,895 INFO c.h.h.t.HelmChartContainer - [test-hivemq-legacy-platform] [hivemq] [9421e7ca] INFO  - Cluster size = 1, members : [CTmYL].
2025-01-29 22:16:46,265 INFO c.h.h.t.HelmChartContainer - [test-hivemq-legacy-platform] [hivemq] [a9ae7f21] INFO  - Shutdown completed.
2025-01-29 22:16:46,834 INFO c.h.h.t.HelmChartContainer - [POD] test-hivemq-legacy-platform-0 [a9ae7f21-1ace-4521-af30-7d8c2c9fd8d7] in helmlegacystatefulsetmigrationit-operator was MODIFIED
2025-01-29 22:16:46,851 INFO c.h.h.t.HelmChartContainer - [hivemq-test-hivemq-platform] [hivemq-platform-operator] [349193a2] 22:16:46.845 [pool-6-thread-39] DEBUG c.h.p.o.d.PlatformServiceResource - [helmlega] Desired Platform services (4 services)
2025-01-29 22:16:46,851 INFO c.h.h.t.HelmChartContainer - [hivemq-test-hivemq-platform] [hivemq-platform-operator] [349193a2] 22:16:46.848 [pool-6-thread-37] DEBUG c.h.p.o.d.PodServiceAccountResource - [helmlega] Desired PodServiceAccountResource (serviceAccountName: hivemq-platform-pod-test-hivemq-legacy-platform)
2025-01-29 22:16:46,855 INFO c.h.h.t.HelmChartContainer - [hivemq-test-hivemq-platform] [hivemq-platform-operator] [349193a2] 22:16:46.851 [pool-6-thread-36] DEBUG c.h.p.o.dependants.PodInfoConfigMap - [helmlega] Desired PodInfo ConfigMap (2 extensions) (1 enabled)
2025-01-29 22:16:46,855 INFO c.h.h.t.HelmChartContainer - [hivemq-test-hivemq-platform] [hivemq-platform-operator] [349193a2] 22:16:46.852 [pool-6-thread-36] DEBUG c.h.p.o.dependants.PodInfoConfigMap - [helmlega] Desired PodInfo ConfigMap (metrics port: 9399) (metrics path: /)
2025-01-29 22:16:46,855 INFO c.h.h.t.HelmChartContainer - [hivemq-test-hivemq-platform] [hivemq-platform-operator] [349193a2] 22:16:46.852 [pool-6-thread-36] DEBUG c.h.p.o.dependants.PodInfoConfigMap - [helmlega] Desired PodInfo ConfigMap (extension state hash: -1220239358)
2025-01-29 22:16:46,862 INFO c.h.h.t.HelmChartContainer - [hivemq-test-hivemq-platform] [hivemq-platform-operator] [349193a2] 22:16:46.861 [pool-6-thread-32] DEBUG c.h.p.o.d.StatefulSetResource - [helmlega] Desired StatefulSet (2 replicas) for status ROLLING_RESTART (RESTART_PODS_IN_PROGRESS)
2025-01-29 22:16:46,866 INFO c.h.h.t.HelmChartContainer - [hivemq-test-hivemq-platform] [hivemq-platform-operator] [349193a2] 22:16:46.865 [ReconcilerExecutor-hivemq-controller-128] INFO  c.h.p.o.HiveMQPlatformReconciler - [helmlega] Reconciling HiveMQ Platform 'test-hivemq-legacy-platform' in namespace 'helmlegacystatefulsetmigrationit-operator'
2025-01-29 22:16:46,866 INFO c.h.h.t.HelmChartContainer - [hivemq-test-hivemq-platform] [hivemq-platform-operator] [349193a2] 22:16:46.865 [ReconcilerExecutor-hivemq-controller-128] DEBUG c.h.p.o.HiveMQPlatformReconciler - [helmlega] Custom Resource Status ROLLING_RESTART - HiveMQ Platform is restarting Pods (rolling restart) (RESTART_PODS_IN_PROGRESS)
2025-01-29 22:16:46,866 INFO c.h.h.t.HelmChartContainer - [hivemq-test-hivemq-platform] [hivemq-platform-operator] [349193a2] 22:16:46.865 [ReconcilerExecutor-hivemq-controller-128] DEBUG c.h.p.o.HiveMQPlatformReconciler - [helmlega] Custom Resource Spec (replicas: 1) (extensions: 2)
2025-01-29 22:16:46,870 INFO c.h.h.t.HelmChartContainer - [hivemq-test-hivemq-platform] [hivemq-platform-operator] [349193a2] 22:16:46.866 [ReconcilerExecutor-hivemq-controller-128] DEBUG c.h.p.o.HiveMQPlatformReconciler - [helmlega] StatefulSet Status (revision: test-hivemq-legacy-platform-65df8dcb7f, replicas: 2, available: 1, ready: 1, current: 1, updated: 1)
2025-01-29 22:16:46,870 INFO c.h.h.t.HelmChartContainer - [hivemq-test-hivemq-platform] [hivemq-platform-operator] [349193a2] 22:16:46.866 [ReconcilerExecutor-hivemq-controller-128] DEBUG c.h.p.o.HiveMQPlatformReconciler - [helmlega] StatefulSet Spec (replicas: 2, init containers: 1, containers: 1, volumes: 6)
2025-01-29 22:16:46,870 INFO c.h.h.t.HelmChartContainer - [hivemq-test-hivemq-platform] [hivemq-platform-operator] [349193a2] 22:16:46.867 [ReconcilerExecutor-hivemq-controller-128] DEBUG c.h.p.o.h.HiveMQPlatformReconcilerErrorHandler - [helmlega] Pod 'test-hivemq-legacy-platform-1' phase Running
2025-01-29 22:16:46,871 INFO c.h.h.t.HelmChartContainer - [hivemq-test-hivemq-platform] [hivemq-platform-operator] [349193a2] 22:16:46.869 [ReconcilerExecutor-hivemq-controller-128] DEBUG c.h.p.o.h.HiveMQPlatformReconcilerErrorHandler - [helmlega] Pod 'test-hivemq-legacy-platform-0' phase Failed
2025-01-29 22:16:46,871 INFO c.h.h.t.HelmChartContainer - [hivemq-test-hivemq-platform] [hivemq-platform-operator] [349193a2] 22:16:46.869 [ReconcilerExecutor-hivemq-controller-128] DEBUG c.h.p.o.h.HiveMQPlatformReconcilerErrorHandler - [helmlega] Pod 'test-hivemq-legacy-platform-0' condition 'PodReadyToStartContainers': False
2025-01-29 22:16:46,872 INFO c.h.h.t.HelmChartContainer - [hivemq-test-hivemq-platform] [hivemq-platform-operator] [349193a2] 22:16:46.869 [ReconcilerExecutor-hivemq-controller-128] DEBUG c.h.p.o.h.HiveMQPlatformReconcilerErrorHandler - [helmlega] Pod 'test-hivemq-legacy-platform-0' condition 'Initialized': True
2025-01-29 22:16:46,872 INFO c.h.h.t.HelmChartContainer - [hivemq-test-hivemq-platform] [hivemq-platform-operator] [349193a2] 22:16:46.870 [ReconcilerExecutor-hivemq-controller-128] DEBUG c.h.p.o.h.HiveMQPlatformReconcilerErrorHandler - [helmlega] Pod 'test-hivemq-legacy-platform-0' condition 'Ready': False
2025-01-29 22:16:46,872 INFO c.h.h.t.HelmChartContainer - [hivemq-test-hivemq-platform] [hivemq-platform-operator] [349193a2] 22:16:46.870 [ReconcilerExecutor-hivemq-controller-128] DEBUG c.h.p.o.h.HiveMQPlatformReconcilerErrorHandler - [helmlega] Pod 'test-hivemq-legacy-platform-0' condition 'ContainersReady': False
2025-01-29 22:16:46,872 INFO c.h.h.t.HelmChartContainer - [hivemq-test-hivemq-platform] [hivemq-platform-operator] [349193a2] 22:16:46.870 [ReconcilerExecutor-hivemq-controller-128] DEBUG c.h.p.o.h.HiveMQPlatformReconcilerErrorHandler - [helmlega] Pod 'test-hivemq-legacy-platform-0' condition 'PodScheduled': True
2025-01-29 22:16:46,872 INFO c.h.h.t.HelmChartContainer - [hivemq-test-hivemq-platform] [hivemq-platform-operator] [349193a2] 22:16:46.870 [ReconcilerExecutor-hivemq-controller-128] DEBUG c.h.p.o.h.HiveMQPlatformReconcilerErrorHandler - [helmlega] Pod 'test-hivemq-legacy-platform-0' containerStatus 'hivemq' (started: false) (ready: false) (waiting: [Unknown] no message)
2025-01-29 22:16:46,873 INFO c.h.h.t.HelmChartContainer - [hivemq-test-hivemq-platform] [hivemq-platform-operator] [349193a2] 22:16:46.870 [ReconcilerExecutor-hivemq-controller-128] DEBUG c.h.p.o.h.HiveMQPlatformReconcilerRollingRestartHandler - [helmlega] Rolling restart is waiting for 1 of 2 replicas
2025-01-29 22:16:46,927 INFO c.h.h.t.HelmChartContainer - [K3S] [reconciler_common.go:162] "operationExecutor.UnmountVolume started for volume \"audit\" (UniqueName: \"kubernetes.io/empty-dir/a9ae7f21-1ace-4521-af30-7d8c2c9fd8d7-audit\") pod \"a9ae7f21-1ace-4521-af30-7d8c2c9fd8d7\" (UID: \"a9ae7f21-1ace-4521-af30-7d8c2c9fd8d7\") "
2025-01-29 22:16:46,927 INFO c.h.h.t.HelmChartContainer - [K3S] [reconciler_common.go:162] "operationExecutor.UnmountVolume started for volume \"live-info\" (UniqueName: \"kubernetes.io/configmap/a9ae7f21-1ace-4521-af30-7d8c2c9fd8d7-live-info\") pod \"a9ae7f21-1ace-4521-af30-7d8c2c9fd8d7\" (UID: \"a9ae7f21-1ace-4521-af30-7d8c2c9fd8d7\") "
2025-01-29 22:16:46,927 INFO c.h.h.t.HelmChartContainer - [K3S] [reconciler_common.go:162] "operationExecutor.UnmountVolume started for volume \"ese-configuration\" (UniqueName: \"kubernetes.io/configmap/a9ae7f21-1ace-4521-af30-7d8c2c9fd8d7-ese-configuration\") pod \"a9ae7f21-1ace-4521-af30-7d8c2c9fd8d7\" (UID: \"a9ae7f21-1ace-4521-af30-7d8c2c9fd8d7\") "
2025-01-29 22:16:46,927 INFO c.h.h.t.HelmChartContainer - [K3S] [reconciler_common.go:162] "operationExecutor.UnmountVolume started for volume \"shared-data\" (UniqueName: \"kubernetes.io/empty-dir/a9ae7f21-1ace-4521-af30-7d8c2c9fd8d7-shared-data\") pod \"a9ae7f21-1ace-4521-af30-7d8c2c9fd8d7\" (UID: \"a9ae7f21-1ace-4521-af30-7d8c2c9fd8d7\") "
2025-01-29 22:16:46,928 INFO c.h.h.t.HelmChartContainer - [K3S] [reconciler_common.go:162] "operationExecutor.UnmountVolume started for volume \"kube-api-access-bh5th\" (UniqueName: \"kubernetes.io/projected/a9ae7f21-1ace-4521-af30-7d8c2c9fd8d7-kube-api-access-bh5th\") pod \"a9ae7f21-1ace-4521-af30-7d8c2c9fd8d7\" (UID: \"a9ae7f21-1ace-4521-af30-7d8c2c9fd8d7\") "
2025-01-29 22:16:46,928 INFO c.h.h.t.HelmChartContainer - [K3S] [reconciler_common.go:162] "operationExecutor.UnmountVolume started for volume \"conf-override\" (UniqueName: \"kubernetes.io/empty-dir/a9ae7f21-1ace-4521-af30-7d8c2c9fd8d7-conf-override\") pod \"a9ae7f21-1ace-4521-af30-7d8c2c9fd8d7\" (UID: \"a9ae7f21-1ace-4521-af30-7d8c2c9fd8d7\") "
2025-01-29 22:16:46,928 INFO c.h.h.t.HelmChartContainer - [K3S] [reconciler_common.go:162] "operationExecutor.UnmountVolume started for volume \"ese-file-realm\" (UniqueName: \"kubernetes.io/configmap/a9ae7f21-1ace-4521-af30-7d8c2c9fd8d7-ese-file-realm\") pod \"a9ae7f21-1ace-4521-af30-7d8c2c9fd8d7\" (UID: \"a9ae7f21-1ace-4521-af30-7d8c2c9fd8d7\") "
2025-01-29 22:16:46,928 INFO c.h.h.t.HelmChartContainer - [K3S] [reconciler_common.go:162] "operationExecutor.UnmountVolume started for volume \"backup\" (UniqueName: \"kubernetes.io/empty-dir/a9ae7f21-1ace-4521-af30-7d8c2c9fd8d7-backup\") pod \"a9ae7f21-1ace-4521-af30-7d8c2c9fd8d7\" (UID: \"a9ae7f21-1ace-4521-af30-7d8c2c9fd8d7\") "
2025-01-29 22:16:46,929 INFO c.h.h.t.HelmChartContainer - [K3S] [reconciler_common.go:162] "operationExecutor.UnmountVolume started for volume \"log\" (UniqueName: \"kubernetes.io/empty-dir/a9ae7f21-1ace-4521-af30-7d8c2c9fd8d7-log\") pod \"a9ae7f21-1ace-4521-af30-7d8c2c9fd8d7\" (UID: \"a9ae7f21-1ace-4521-af30-7d8c2c9fd8d7\") "
2025-01-29 22:16:46,929 INFO c.h.h.t.HelmChartContainer - [K3S] [reconciler_common.go:162] "operationExecutor.UnmountVolume started for volume \"data\" (UniqueName: \"kubernetes.io/local-volume/pvc-b301cd7c-0ffa-4b5e-8efd-db957ae4d9a5\") pod \"a9ae7f21-1ace-4521-af30-7d8c2c9fd8d7\" (UID: \"a9ae7f21-1ace-4521-af30-7d8c2c9fd8d7\") "
2025-01-29 22:16:46,929 INFO c.h.h.t.HelmChartContainer - [K3S] [reconciler_common.go:162] "operationExecutor.UnmountVolume started for volume \"heap-dumps\" (UniqueName: \"kubernetes.io/empty-dir/a9ae7f21-1ace-4521-af30-7d8c2c9fd8d7-heap-dumps\") pod \"a9ae7f21-1ace-4521-af30-7d8c2c9fd8d7\" (UID: \"a9ae7f21-1ace-4521-af30-7d8c2c9fd8d7\") "
2025-01-29 22:16:46,929 INFO c.h.h.t.HelmChartContainer - [K3S] [reconciler_common.go:162] "operationExecutor.UnmountVolume started for volume \"dns-wait-config\" (UniqueName: \"kubernetes.io/configmap/a9ae7f21-1ace-4521-af30-7d8c2c9fd8d7-dns-wait-config\") pod \"a9ae7f21-1ace-4521-af30-7d8c2c9fd8d7\" (UID: \"a9ae7f21-1ace-4521-af30-7d8c2c9fd8d7\") "
2025-01-29 22:16:46,950 INFO c.h.h.t.HelmChartContainer - [hivemq-test-hivemq-platform] [hivemq-platform-operator] [349193a2] 22:16:46.948 [pool-6-thread-44] DEBUG c.h.p.o.d.PlatformServiceResource - [helmlega] Desired Platform services (4 services)
2025-01-29 22:16:46,951 INFO c.h.h.t.HelmChartContainer - [hivemq-test-hivemq-platform] [hivemq-platform-operator] [349193a2] 22:16:46.948 [pool-6-thread-45] DEBUG c.h.p.o.d.PodServiceAccountResource - [helmlega] Desired PodServiceAccountResource (serviceAccountName: hivemq-platform-pod-test-hivemq-legacy-platform)
2025-01-29 22:16:46,951 INFO c.h.h.t.HelmChartContainer - [hivemq-test-hivemq-platform] [hivemq-platform-operator] [349193a2] 22:16:46.950 [pool-6-thread-50] DEBUG c.h.p.o.dependants.PodInfoConfigMap - [helmlega] Desired PodInfo ConfigMap (2 extensions) (1 enabled)
2025-01-29 22:16:46,952 INFO c.h.h.t.HelmChartContainer - [hivemq-test-hivemq-platform] [hivemq-platform-operator] [349193a2] 22:16:46.951 [pool-6-thread-50] DEBUG c.h.p.o.dependants.PodInfoConfigMap - [helmlega] Desired PodInfo ConfigMap (metrics port: 9399) (metrics path: /)
2025-01-29 22:16:46,952 INFO c.h.h.t.HelmChartContainer - [hivemq-test-hivemq-platform] [hivemq-platform-operator] [349193a2] 22:16:46.951 [pool-6-thread-50] DEBUG c.h.p.o.dependants.PodInfoConfigMap - [helmlega] Desired PodInfo ConfigMap (extension state hash: -1220239358)
2025-01-29 22:16:46,959 INFO c.h.h.t.HelmChartContainer - [hivemq-test-hivemq-platform] [hivemq-platform-operator] [349193a2] 22:16:46.958 [pool-6-thread-44] DEBUG c.h.p.o.d.StatefulSetResource - [helmlega] Desired StatefulSet (2 replicas) for status ROLLING_RESTART (RESTART_PODS_IN_PROGRESS)
2025-01-29 22:16:46,962 INFO c.h.h.t.HelmChartContainer - [hivemq-test-hivemq-platform] [hivemq-platform-operator] [349193a2] 22:16:46.962 [ReconcilerExecutor-hivemq-controller-129] INFO  c.h.p.o.HiveMQPlatformReconciler - [helmlega] Reconciling HiveMQ Platform 'test-hivemq-legacy-platform' in namespace 'helmlegacystatefulsetmigrationit-operator'
2025-01-29 22:16:46,963 INFO c.h.h.t.HelmChartContainer - [hivemq-test-hivemq-platform] [hivemq-platform-operator] [349193a2] 22:16:46.962 [ReconcilerExecutor-hivemq-controller-129] DEBUG c.h.p.o.HiveMQPlatformReconciler - [helmlega] Custom Resource Status ROLLING_RESTART - HiveMQ Platform is restarting Pods (rolling restart) (RESTART_PODS_IN_PROGRESS)
2025-01-29 22:16:46,964 INFO c.h.h.t.HelmChartContainer - [hivemq-test-hivemq-platform] [hivemq-platform-operator] [349193a2] 22:16:46.962 [ReconcilerExecutor-hivemq-controller-129] DEBUG c.h.p.o.HiveMQPlatformReconciler - [helmlega] Custom Resource Spec (replicas: 1) (extensions: 2)
2025-01-29 22:16:46,965 INFO c.h.h.t.HelmChartContainer - [hivemq-test-hivemq-platform] [hivemq-platform-operator] [349193a2] 22:16:46.965 [ReconcilerExecutor-hivemq-controller-129] DEBUG c.h.p.o.HiveMQPlatformReconciler - [helmlega] StatefulSet Status (revision: test-hivemq-legacy-platform-65df8dcb7f, replicas: 2, available: 1, ready: 1, current: 1, updated: 1)
2025-01-29 22:16:46,965 INFO c.h.h.t.HelmChartContainer - [hivemq-test-hivemq-platform] [hivemq-platform-operator] [349193a2] 22:16:46.965 [ReconcilerExecutor-hivemq-controller-129] DEBUG c.h.p.o.HiveMQPlatformReconciler - [helmlega] StatefulSet Spec (replicas: 2, init containers: 1, containers: 1, volumes: 6)
2025-01-29 22:16:47,028 INFO c.h.h.t.HelmChartContainer - [K3S] [reconciler_common.go:299] "Volume detached for volume \"ese-file-realm\" (UniqueName: \"kubernetes.io/configmap/a9ae7f21-1ace-4521-af30-7d8c2c9fd8d7-ese-file-realm\") on node \"d9a106349f4e\" DevicePath \"\""
2025-01-29 22:16:47,028 INFO c.h.h.t.HelmChartContainer - [K3S] [reconciler_common.go:299] "Volume detached for volume \"conf-override\" (UniqueName: \"kubernetes.io/empty-dir/a9ae7f21-1ace-4521-af30-7d8c2c9fd8d7-conf-override\") on node \"d9a106349f4e\" DevicePath \"\""
2025-01-29 22:16:47,028 INFO c.h.h.t.HelmChartContainer - [K3S] [reconciler_common.go:299] "Volume detached for volume \"heap-dumps\" (UniqueName: \"kubernetes.io/empty-dir/a9ae7f21-1ace-4521-af30-7d8c2c9fd8d7-heap-dumps\") on node \"d9a106349f4e\" DevicePath \"\""
2025-01-29 22:16:47,028 INFO c.h.h.t.HelmChartContainer - [K3S] [reconciler_common.go:299] "Volume detached for volume \"dns-wait-config\" (UniqueName: \"kubernetes.io/configmap/a9ae7f21-1ace-4521-af30-7d8c2c9fd8d7-dns-wait-config\") on node \"d9a106349f4e\" DevicePath \"\""
2025-01-29 22:16:47,028 INFO c.h.h.t.HelmChartContainer - [K3S] [reconciler_common.go:299] "Volume detached for volume \"backup\" (UniqueName: \"kubernetes.io/empty-dir/a9ae7f21-1ace-4521-af30-7d8c2c9fd8d7-backup\") on node \"d9a106349f4e\" DevicePath \"\""
2025-01-29 22:16:47,028 INFO c.h.h.t.HelmChartContainer - [K3S] [reconciler_common.go:299] "Volume detached for volume \"log\" (UniqueName: \"kubernetes.io/empty-dir/a9ae7f21-1ace-4521-af30-7d8c2c9fd8d7-log\") on node \"d9a106349f4e\" DevicePath \"\""
2025-01-29 22:16:47,028 INFO c.h.h.t.HelmChartContainer - [K3S] [reconciler_common.go:292] "operationExecutor.UnmountDevice started for volume \"pvc-b301cd7c-0ffa-4b5e-8efd-db957ae4d9a5\" (UniqueName: \"kubernetes.io/local-volume/pvc-b301cd7c-0ffa-4b5e-8efd-db957ae4d9a5\") on node \"d9a106349f4e\" "
2025-01-29 22:16:47,028 INFO c.h.h.t.HelmChartContainer - [K3S] [reconciler_common.go:299] "Volume detached for volume \"live-info\" (UniqueName: \"kubernetes.io/configmap/a9ae7f21-1ace-4521-af30-7d8c2c9fd8d7-live-info\") on node \"d9a106349f4e\" DevicePath \"\""
2025-01-29 22:16:47,028 INFO c.h.h.t.HelmChartContainer - [K3S] [reconciler_common.go:299] "Volume detached for volume \"ese-configuration\" (UniqueName: \"kubernetes.io/configmap/a9ae7f21-1ace-4521-af30-7d8c2c9fd8d7-ese-configuration\") on node \"d9a106349f4e\" DevicePath \"\""
2025-01-29 22:16:47,028 INFO c.h.h.t.HelmChartContainer - [K3S] [reconciler_common.go:299] "Volume detached for volume \"audit\" (UniqueName: \"kubernetes.io/empty-dir/a9ae7f21-1ace-4521-af30-7d8c2c9fd8d7-audit\") on node \"d9a106349f4e\" DevicePath \"\""
2025-01-29 22:16:47,028 INFO c.h.h.t.HelmChartContainer - [K3S] [reconciler_common.go:299] "Volume detached for volume \"shared-data\" (UniqueName: \"kubernetes.io/empty-dir/a9ae7f21-1ace-4521-af30-7d8c2c9fd8d7-shared-data\") on node \"d9a106349f4e\" DevicePath \"\""
2025-01-29 22:16:47,028 INFO c.h.h.t.HelmChartContainer - [K3S] [reconciler_common.go:299] "Volume detached for volume \"kube-api-access-bh5th\" (UniqueName: \"kubernetes.io/projected/a9ae7f21-1ace-4521-af30-7d8c2c9fd8d7-kube-api-access-bh5th\") on node \"d9a106349f4e\" DevicePath \"\""
2025-01-29 22:16:47,048 INFO c.h.h.t.HelmChartContainer - [hivemq-test-hivemq-platform] [hivemq-platform-operator] [349193a2] 22:16:47.046 [ReconcilerExecutor-hivemq-controller-129] DEBUG c.h.p.o.h.HiveMQPlatformReconcilerErrorHandler - [helmlega] Pod 'test-hivemq-legacy-platform-1' phase Running
2025-01-29 22:16:47,051 INFO c.h.h.t.HelmChartContainer - [hivemq-test-hivemq-platform] [hivemq-platform-operator] [349193a2] 22:16:47.050 [ReconcilerExecutor-hivemq-controller-129] DEBUG c.h.p.o.h.HiveMQPlatformReconcilerErrorHandler - [helmlega] Pod 'test-hivemq-legacy-platform-0' phase Failed
2025-01-29 22:16:47,052 INFO c.h.h.t.HelmChartContainer - [hivemq-test-hivemq-platform] [hivemq-platform-operator] [349193a2] 22:16:47.052 [ReconcilerExecutor-hivemq-controller-129] DEBUG c.h.p.o.h.HiveMQPlatformReconcilerErrorHandler - [helmlega] Pod 'test-hivemq-legacy-platform-0' condition 'PodReadyToStartContainers': False
2025-01-29 22:16:47,054 INFO c.h.h.t.HelmChartContainer - [hivemq-test-hivemq-platform] [hivemq-platform-operator] [349193a2] 22:16:47.052 [ReconcilerExecutor-hivemq-controller-129] DEBUG c.h.p.o.h.HiveMQPlatformReconcilerErrorHandler - [helmlega] Pod 'test-hivemq-legacy-platform-0' condition 'Initialized': True
2025-01-29 22:16:47,054 INFO c.h.h.t.HelmChartContainer - [hivemq-test-hivemq-platform] [hivemq-platform-operator] [349193a2] 22:16:47.052 [ReconcilerExecutor-hivemq-controller-129] DEBUG c.h.p.o.h.HiveMQPlatformReconcilerErrorHandler - [helmlega] Pod 'test-hivemq-legacy-platform-0' condition 'Ready': False
2025-01-29 22:16:47,054 INFO c.h.h.t.HelmChartContainer - [hivemq-test-hivemq-platform] [hivemq-platform-operator] [349193a2] 22:16:47.052 [ReconcilerExecutor-hivemq-controller-129] DEBUG c.h.p.o.h.HiveMQPlatformReconcilerErrorHandler - [helmlega] Pod 'test-hivemq-legacy-platform-0' condition 'ContainersReady': False
2025-01-29 22:16:47,054 INFO c.h.h.t.HelmChartContainer - [hivemq-test-hivemq-platform] [hivemq-platform-operator] [349193a2] 22:16:47.052 [ReconcilerExecutor-hivemq-controller-129] DEBUG c.h.p.o.h.HiveMQPlatformReconcilerErrorHandler - [helmlega] Pod 'test-hivemq-legacy-platform-0' condition 'PodScheduled': True
2025-01-29 22:16:47,054 INFO c.h.h.t.HelmChartContainer - [hivemq-test-hivemq-platform] [hivemq-platform-operator] [349193a2] 22:16:47.052 [ReconcilerExecutor-hivemq-controller-129] DEBUG c.h.p.o.h.HiveMQPlatformReconcilerErrorHandler - [helmlega] Pod 'test-hivemq-legacy-platform-0' containerStatus 'hivemq' (started: false) (ready: false) (waiting: [Unknown] no message)
2025-01-29 22:16:47,054 INFO c.h.h.t.HelmChartContainer - [hivemq-test-hivemq-platform] [hivemq-platform-operator] [349193a2] 22:16:47.053 [ReconcilerExecutor-hivemq-controller-129] DEBUG c.h.p.o.h.HiveMQPlatformReconcilerRollingRestartHandler - [helmlega] Rolling restart is waiting for 1 of 2 replicas
2025-01-29 22:16:47,128 INFO c.h.h.t.HelmChartContainer - [K3S] [reconciler_common.go:299] "Volume detached for volume \"pvc-b301cd7c-0ffa-4b5e-8efd-db957ae4d9a5\" (UniqueName: \"kubernetes.io/local-volume/pvc-b301cd7c-0ffa-4b5e-8efd-db957ae4d9a5\") on node \"d9a106349f4e\" DevicePath \"\""
2025-01-29 22:16:47,546 INFO c.h.h.t.HelmChartContainer - [K3S] [scope.go:117] "RemoveContainer" containerID="adecce6d2382dc4652ddfe382fab390abb06804b07adf06ff0d5284b426c1faa"
2025-01-29 22:16:47,549 INFO c.h.h.t.HelmChartContainer - [K3S] [scope.go:117] "RemoveContainer" containerID="0920c604a04a06551fe3679131fe414a3d628cd221fe95371c2dd482f2df1b2d"
2025-01-29 22:16:47,552 INFO c.h.h.t.HelmChartContainer - [K3S] [scope.go:117] "RemoveContainer" containerID="eea7f988cf824a1f8b3d6da59fcc7dabf5f075e5634499723b3c9c5f788a501c"
2025-01-29 22:16:47,555 INFO c.h.h.t.HelmChartContainer - [K3S] [scope.go:117] "RemoveContainer" containerID="adecce6d2382dc4652ddfe382fab390abb06804b07adf06ff0d5284b426c1faa"
2025-01-29 22:16:47,556 INFO c.h.h.t.HelmChartContainer - [K3S] [scope.go:117] "RemoveContainer" containerID="0920c604a04a06551fe3679131fe414a3d628cd221fe95371c2dd482f2df1b2d"
2025-01-29 22:16:47,557 INFO c.h.h.t.HelmChartContainer - [K3S] [scope.go:117] "RemoveContainer" containerID="eea7f988cf824a1f8b3d6da59fcc7dabf5f075e5634499723b3c9c5f788a501c"
2025-01-29 22:16:47,563 INFO c.h.h.t.HelmChartContainer - [POD] test-hivemq-legacy-platform-0 [a9ae7f21-1ace-4521-af30-7d8c2c9fd8d7] in helmlegacystatefulsetmigrationit-operator was MODIFIED
2025-01-29 22:16:47,569 INFO c.h.h.t.HelmChartContainer - [POD] test-hivemq-legacy-platform-0 [a9ae7f21-1ace-4521-af30-7d8c2c9fd8d7] in helmlegacystatefulsetmigrationit-operator was DELETED
2025-01-29 22:16:47,588 INFO c.h.h.t.HelmChartContainer - [hivemq-test-hivemq-platform] [hivemq-platform-operator] [349193a2] 22:16:47.578 [pool-6-thread-3] DEBUG c.h.p.o.d.PlatformServiceResource - [helmlega] Desired Platform services (4 services)
2025-01-29 22:16:47,588 INFO c.h.h.t.HelmChartContainer - [hivemq-test-hivemq-platform] [hivemq-platform-operator] [349193a2] 22:16:47.581 [pool-6-thread-4] DEBUG c.h.p.o.dependants.PodInfoConfigMap - [helmlega] Desired PodInfo ConfigMap (2 extensions) (1 enabled)
2025-01-29 22:16:47,588 INFO c.h.h.t.HelmChartContainer - [hivemq-test-hivemq-platform] [hivemq-platform-operator] [349193a2] 22:16:47.581 [pool-6-thread-4] DEBUG c.h.p.o.dependants.PodInfoConfigMap - [helmlega] Desired PodInfo ConfigMap (metrics port: 9399) (metrics path: /)
2025-01-29 22:16:47,588 INFO c.h.h.t.HelmChartContainer - [hivemq-test-hivemq-platform] [hivemq-platform-operator] [349193a2] 22:16:47.581 [pool-6-thread-4] DEBUG c.h.p.o.dependants.PodInfoConfigMap - [helmlega] Desired PodInfo ConfigMap (extension state hash: -1220239358)
2025-01-29 22:16:47,588 INFO c.h.h.t.HelmChartContainer - [hivemq-test-hivemq-platform] [hivemq-platform-operator] [349193a2] 22:16:47.584 [pool-6-thread-2] DEBUG c.h.p.o.d.PodServiceAccountResource - [helmlega] Desired PodServiceAccountResource (serviceAccountName: hivemq-platform-pod-test-hivemq-legacy-platform)
2025-01-29 22:16:47,594 INFO c.h.h.t.HelmChartContainer - [POD] test-hivemq-legacy-platform-0 [d5f7d48a-e28b-4ba5-b565-f5c385ab8683] in helmlegacystatefulsetmigrationit-operator was ADDED
2025-01-29 22:16:47,598 INFO c.h.h.t.HelmChartContainer - [EVENT] Normal [SuccessfulCreate] create Pod test-hivemq-legacy-platform-0 in StatefulSet test-hivemq-legacy-platform successful [helmlegacystatefulsetmigrationit-operator:test-hivemq-legacy-platform]
2025-01-29 22:16:47,604 INFO c.h.h.t.HelmChartContainer - [POD] test-hivemq-legacy-platform-0 [d5f7d48a-e28b-4ba5-b565-f5c385ab8683] in helmlegacystatefulsetmigrationit-operator was MODIFIED
2025-01-29 22:16:47,605 INFO c.h.h.t.HelmChartContainer - [K3S] [memory_manager.go:355] "RemoveStaleState removing state" podUID="a9ae7f21-1ace-4521-af30-7d8c2c9fd8d7" containerName="hivemq"
2025-01-29 22:16:47,610 INFO c.h.h.t.HelmChartContainer - [EVENT] Normal [Scheduled] Successfully assigned helmlegacystatefulsetmigrationit-operator/test-hivemq-legacy-platform-0 to d9a106349f4e [helmlegacystatefulsetmigrationit-operator:test-hivemq-legacy-platform-0]
2025-01-29 22:16:47,618 INFO c.h.h.t.HelmChartContainer - [POD] test-hivemq-legacy-platform-0 [d5f7d48a-e28b-4ba5-b565-f5c385ab8683] in helmlegacystatefulsetmigrationit-operator was MODIFIED
2025-01-29 22:16:47,663 INFO c.h.h.t.HelmChartContainer - [hivemq-test-hivemq-platform] [hivemq-platform-operator] [349193a2] 22:16:47.657 [pool-6-thread-3] DEBUG c.h.p.o.d.StatefulSetResource - [helmlega] Desired StatefulSet (2 replicas) for status ROLLING_RESTART (RESTART_PODS_IN_PROGRESS)
2025-01-29 22:16:47,667 INFO c.h.h.t.HelmChartContainer - [hivemq-test-hivemq-platform] [hivemq-platform-operator] [349193a2] 22:16:47.664 [ReconcilerExecutor-hivemq-controller-130] INFO  c.h.p.o.HiveMQPlatformReconciler - [helmlega] Reconciling HiveMQ Platform 'test-hivemq-legacy-platform' in namespace 'helmlegacystatefulsetmigrationit-operator'
2025-01-29 22:16:47,667 INFO c.h.h.t.HelmChartContainer - [hivemq-test-hivemq-platform] [hivemq-platform-operator] [349193a2] 22:16:47.664 [ReconcilerExecutor-hivemq-controller-130] DEBUG c.h.p.o.HiveMQPlatformReconciler - [helmlega] Custom Resource Status ROLLING_RESTART - HiveMQ Platform is restarting Pods (rolling restart) (RESTART_PODS_IN_PROGRESS)
2025-01-29 22:16:47,667 INFO c.h.h.t.HelmChartContainer - [hivemq-test-hivemq-platform] [hivemq-platform-operator] [349193a2] 22:16:47.665 [ReconcilerExecutor-hivemq-controller-130] DEBUG c.h.p.o.HiveMQPlatformReconciler - [helmlega] Custom Resource Spec (replicas: 1) (extensions: 2)
2025-01-29 22:16:47,670 INFO c.h.h.t.HelmChartContainer - [hivemq-test-hivemq-platform] [hivemq-platform-operator] [349193a2] 22:16:47.667 [ReconcilerExecutor-hivemq-controller-130] DEBUG c.h.p.o.HiveMQPlatformReconciler - [helmlega] StatefulSet Status (revision: test-hivemq-legacy-platform-65df8dcb7f, replicas: 2, available: 1, ready: 1, current: 2, updated: 2)
2025-01-29 22:16:47,671 INFO c.h.h.t.HelmChartContainer - [hivemq-test-hivemq-platform] [hivemq-platform-operator] [349193a2] 22:16:47.667 [ReconcilerExecutor-hivemq-controller-130] DEBUG c.h.p.o.HiveMQPlatformReconciler - [helmlega] StatefulSet Spec (replicas: 2, init containers: 1, containers: 1, volumes: 6)
2025-01-29 22:16:47,671 INFO c.h.h.t.HelmChartContainer - [hivemq-test-hivemq-platform] [hivemq-platform-operator] [349193a2] 22:16:47.668 [ReconcilerExecutor-hivemq-controller-130] DEBUG c.h.p.o.h.HiveMQPlatformReconcilerErrorHandler - [helmlega] Pod 'test-hivemq-legacy-platform-1' phase Running
2025-01-29 22:16:47,671 INFO c.h.h.t.HelmChartContainer - [hivemq-test-hivemq-platform] [hivemq-platform-operator] [349193a2] 22:16:47.669 [ReconcilerExecutor-hivemq-controller-130] DEBUG c.h.p.o.h.HiveMQPlatformReconcilerErrorHandler - [helmlega] Pod 'test-hivemq-legacy-platform-0' phase Pending
2025-01-29 22:16:47,671 INFO c.h.h.t.HelmChartContainer - [hivemq-test-hivemq-platform] [hivemq-platform-operator] [349193a2] 22:16:47.670 [ReconcilerExecutor-hivemq-controller-130] DEBUG c.h.p.o.h.HiveMQPlatformReconcilerErrorHandler - [helmlega] Pod 'test-hivemq-legacy-platform-0' condition 'PodReadyToStartContainers': False
2025-01-29 22:16:47,671 INFO c.h.h.t.HelmChartContainer - [hivemq-test-hivemq-platform] [hivemq-platform-operator] [349193a2] 22:16:47.670 [ReconcilerExecutor-hivemq-controller-130] DEBUG c.h.p.o.h.HiveMQPlatformReconcilerErrorHandler - [helmlega] Pod 'test-hivemq-legacy-platform-0' condition 'Initialized': False
2025-01-29 22:16:47,672 INFO c.h.h.t.HelmChartContainer - [hivemq-test-hivemq-platform] [hivemq-platform-operator] [349193a2] 22:16:47.670 [ReconcilerExecutor-hivemq-controller-130] DEBUG c.h.p.o.h.HiveMQPlatformReconcilerErrorHandler - [helmlega] Pod 'test-hivemq-legacy-platform-0' condition 'Ready': False
2025-01-29 22:16:47,672 INFO c.h.h.t.HelmChartContainer - [hivemq-test-hivemq-platform] [hivemq-platform-operator] [349193a2] 22:16:47.670 [ReconcilerExecutor-hivemq-controller-130] DEBUG c.h.p.o.h.HiveMQPlatformReconcilerErrorHandler - [helmlega] Pod 'test-hivemq-legacy-platform-0' condition 'ContainersReady': False
2025-01-29 22:16:47,672 INFO c.h.h.t.HelmChartContainer - [hivemq-test-hivemq-platform] [hivemq-platform-operator] [349193a2] 22:16:47.670 [ReconcilerExecutor-hivemq-controller-130] DEBUG c.h.p.o.h.HiveMQPlatformReconcilerErrorHandler - [helmlega] Pod 'test-hivemq-legacy-platform-0' condition 'PodScheduled': True
2025-01-29 22:16:47,672 INFO c.h.h.t.HelmChartContainer - [hivemq-test-hivemq-platform] [hivemq-platform-operator] [349193a2] 22:16:47.670 [ReconcilerExecutor-hivemq-controller-130] DEBUG c.h.p.o.h.HiveMQPlatformReconcilerErrorHandler - [helmlega] Pod 'test-hivemq-legacy-platform-0' containerStatus 'hivemq' (started: false) (ready: false) (waiting: [PodInitializing] null)
2025-01-29 22:16:47,672 INFO c.h.h.t.HelmChartContainer - [hivemq-test-hivemq-platform] [hivemq-platform-operator] [349193a2] 22:16:47.670 [ReconcilerExecutor-hivemq-controller-130] DEBUG c.h.p.o.h.HiveMQPlatformReconcilerRollingRestartHandler - [helmlega] Rolling restart is waiting for 1 of 2 replicas
2025-01-29 22:16:47,676 INFO c.h.h.t.HelmChartContainer - [hivemq-test-hivemq-platform] [hivemq-platform-operator] [349193a2] 22:16:47.673 [pool-6-thread-15] DEBUG c.h.p.o.d.PlatformServiceResource - [helmlega] Desired Platform services (4 services)
2025-01-29 22:16:47,677 INFO c.h.h.t.HelmChartContainer - [hivemq-test-hivemq-platform] [hivemq-platform-operator] [349193a2] 22:16:47.675 [pool-6-thread-19] DEBUG c.h.p.o.dependants.PodInfoConfigMap - [helmlega] Desired PodInfo ConfigMap (2 extensions) (1 enabled)
2025-01-29 22:16:47,677 INFO c.h.h.t.HelmChartContainer - [hivemq-test-hivemq-platform] [hivemq-platform-operator] [349193a2] 22:16:47.675 [pool-6-thread-19] DEBUG c.h.p.o.dependants.PodInfoConfigMap - [helmlega] Desired PodInfo ConfigMap (metrics port: 9399) (metrics path: /)
2025-01-29 22:16:47,677 INFO c.h.h.t.HelmChartContainer - [hivemq-test-hivemq-platform] [hivemq-platform-operator] [349193a2] 22:16:47.675 [pool-6-thread-19] DEBUG c.h.p.o.dependants.PodInfoConfigMap - [helmlega] Desired PodInfo ConfigMap (extension state hash: -1220239358)
2025-01-29 22:16:47,678 INFO c.h.h.t.HelmChartContainer - [hivemq-test-hivemq-platform] [hivemq-platform-operator] [349193a2] 22:16:47.677 [pool-6-thread-20] DEBUG c.h.p.o.d.PodServiceAccountResource - [helmlega] Desired PodServiceAccountResource (serviceAccountName: hivemq-platform-pod-test-hivemq-legacy-platform)
2025-01-29 22:16:47,731 INFO c.h.h.t.HelmChartContainer - [K3S] [reconciler_common.go:251] "operationExecutor.VerifyControllerAttachedVolume started for volume \"operator-init\" (UniqueName: \"kubernetes.io/empty-dir/d5f7d48a-e28b-4ba5-b565-f5c385ab8683-operator-init\") pod \"test-hivemq-legacy-platform-0\" (UID: \"d5f7d48a-e28b-4ba5-b565-f5c385ab8683\") " pod="helmlegacystatefulsetmigrationit-operator/test-hivemq-legacy-platform-0"
2025-01-29 22:16:47,732 INFO c.h.h.t.HelmChartContainer - [K3S] [reconciler_common.go:251] "operationExecutor.VerifyControllerAttachedVolume started for volume \"ese-file-realm\" (UniqueName: \"kubernetes.io/configmap/d5f7d48a-e28b-4ba5-b565-f5c385ab8683-ese-file-realm\") pod \"test-hivemq-legacy-platform-0\" (UID: \"d5f7d48a-e28b-4ba5-b565-f5c385ab8683\") " pod="helmlegacystatefulsetmigrationit-operator/test-hivemq-legacy-platform-0"
2025-01-29 22:16:47,732 INFO c.h.h.t.HelmChartContainer - [K3S] [reconciler_common.go:251] "operationExecutor.VerifyControllerAttachedVolume started for volume \"pod-info\" (UniqueName: \"kubernetes.io/configmap/d5f7d48a-e28b-4ba5-b565-f5c385ab8683-pod-info\") pod \"test-hivemq-legacy-platform-0\" (UID: \"d5f7d48a-e28b-4ba5-b565-f5c385ab8683\") " pod="helmlegacystatefulsetmigrationit-operator/test-hivemq-legacy-platform-0"
2025-01-29 22:16:47,732 INFO c.h.h.t.HelmChartContainer - [K3S] [reconciler_common.go:251] "operationExecutor.VerifyControllerAttachedVolume started for volume \"extension-configuration-hivemq-enterprise-security-extension\" (UniqueName: \"kubernetes.io/configmap/d5f7d48a-e28b-4ba5-b565-f5c385ab8683-extension-configuration-hivemq-enterprise-security-extension\") pod \"test-hivemq-legacy-platform-0\" (UID: \"d5f7d48a-e28b-4ba5-b565-f5c385ab8683\") " pod="helmlegacystatefulsetmigrationit-operator/test-hivemq-legacy-platform-0"
2025-01-29 22:16:47,732 INFO c.h.h.t.HelmChartContainer - [K3S] [reconciler_common.go:251] "operationExecutor.VerifyControllerAttachedVolume started for volume \"broker-configuration\" (UniqueName: \"kubernetes.io/configmap/d5f7d48a-e28b-4ba5-b565-f5c385ab8683-broker-configuration\") pod \"test-hivemq-legacy-platform-0\" (UID: \"d5f7d48a-e28b-4ba5-b565-f5c385ab8683\") " pod="helmlegacystatefulsetmigrationit-operator/test-hivemq-legacy-platform-0"
2025-01-29 22:16:47,732 INFO c.h.h.t.HelmChartContainer - [K3S] [reconciler_common.go:251] "operationExecutor.VerifyControllerAttachedVolume started for volume \"kube-api-access-nc5cf\" (UniqueName: \"kubernetes.io/projected/d5f7d48a-e28b-4ba5-b565-f5c385ab8683-kube-api-access-nc5cf\") pod \"test-hivemq-legacy-platform-0\" (UID: \"d5f7d48a-e28b-4ba5-b565-f5c385ab8683\") " pod="helmlegacystatefulsetmigrationit-operator/test-hivemq-legacy-platform-0"
2025-01-29 22:16:47,732 INFO c.h.h.t.HelmChartContainer - [K3S] [reconciler_common.go:251] "operationExecutor.VerifyControllerAttachedVolume started for volume \"pvc-b301cd7c-0ffa-4b5e-8efd-db957ae4d9a5\" (UniqueName: \"kubernetes.io/local-volume/pvc-b301cd7c-0ffa-4b5e-8efd-db957ae4d9a5\") pod \"test-hivemq-legacy-platform-0\" (UID: \"d5f7d48a-e28b-4ba5-b565-f5c385ab8683\") " pod="helmlegacystatefulsetmigrationit-operator/test-hivemq-legacy-platform-0"
2025-01-29 22:16:47,759 INFO c.h.h.t.HelmChartContainer - [hivemq-test-hivemq-platform] [hivemq-platform-operator] [349193a2] 22:16:47.758 [pool-6-thread-15] DEBUG c.h.p.o.d.StatefulSetResource - [helmlega] Desired StatefulSet (2 replicas) for status ROLLING_RESTART (RESTART_PODS_IN_PROGRESS)
2025-01-29 22:16:47,763 INFO c.h.h.t.HelmChartContainer - [hivemq-test-hivemq-platform] [hivemq-platform-operator] [349193a2] 22:16:47.761 [ReconcilerExecutor-hivemq-controller-133] INFO  c.h.p.o.HiveMQPlatformReconciler - [helmlega] Reconciling HiveMQ Platform 'test-hivemq-legacy-platform' in namespace 'helmlegacystatefulsetmigrationit-operator'
2025-01-29 22:16:47,763 INFO c.h.h.t.HelmChartContainer - [hivemq-test-hivemq-platform] [hivemq-platform-operator] [349193a2] 22:16:47.761 [ReconcilerExecutor-hivemq-controller-133] DEBUG c.h.p.o.HiveMQPlatformReconciler - [helmlega] Custom Resource Status ROLLING_RESTART - HiveMQ Platform is restarting Pods (rolling restart) (RESTART_PODS_IN_PROGRESS)
2025-01-29 22:16:47,763 INFO c.h.h.t.HelmChartContainer - [hivemq-test-hivemq-platform] [hivemq-platform-operator] [349193a2] 22:16:47.761 [ReconcilerExecutor-hivemq-controller-133] DEBUG c.h.p.o.HiveMQPlatformReconciler - [helmlega] Custom Resource Spec (replicas: 1) (extensions: 2)
2025-01-29 22:16:47,764 INFO c.h.h.t.HelmChartContainer - [hivemq-test-hivemq-platform] [hivemq-platform-operator] [349193a2] 22:16:47.763 [ReconcilerExecutor-hivemq-controller-133] DEBUG c.h.p.o.HiveMQPlatformReconciler - [helmlega] StatefulSet Status (revision: test-hivemq-legacy-platform-65df8dcb7f, replicas: 2, available: 1, ready: 1, current: 2, updated: 2)
2025-01-29 22:16:47,764 INFO c.h.h.t.HelmChartContainer - [hivemq-test-hivemq-platform] [hivemq-platform-operator] [349193a2] 22:16:47.763 [ReconcilerExecutor-hivemq-controller-133] DEBUG c.h.p.o.HiveMQPlatformReconciler - [helmlega] StatefulSet Spec (replicas: 2, init containers: 1, containers: 1, volumes: 6)
2025-01-29 22:16:47,766 INFO c.h.h.t.HelmChartContainer - [hivemq-test-hivemq-platform] [hivemq-platform-operator] [349193a2] 22:16:47.766 [ReconcilerExecutor-hivemq-controller-133] DEBUG c.h.p.o.h.HiveMQPlatformReconcilerErrorHandler - [helmlega] Pod 'test-hivemq-legacy-platform-1' phase Running
2025-01-29 22:16:47,772 INFO c.h.h.t.HelmChartContainer - [hivemq-test-hivemq-platform] [hivemq-platform-operator] [349193a2] 22:16:47.767 [ReconcilerExecutor-hivemq-controller-133] DEBUG c.h.p.o.h.HiveMQPlatformReconcilerErrorHandler - [helmlega] Pod 'test-hivemq-legacy-platform-0' phase Pending
2025-01-29 22:16:47,772 INFO c.h.h.t.HelmChartContainer - [hivemq-test-hivemq-platform] [hivemq-platform-operator] [349193a2] 22:16:47.767 [ReconcilerExecutor-hivemq-controller-133] DEBUG c.h.p.o.h.HiveMQPlatformReconcilerErrorHandler - [helmlega] Pod 'test-hivemq-legacy-platform-0' condition 'PodReadyToStartContainers': False
2025-01-29 22:16:47,772 INFO c.h.h.t.HelmChartContainer - [hivemq-test-hivemq-platform] [hivemq-platform-operator] [349193a2] 22:16:47.767 [ReconcilerExecutor-hivemq-controller-133] DEBUG c.h.p.o.h.HiveMQPlatformReconcilerErrorHandler - [helmlega] Pod 'test-hivemq-legacy-platform-0' condition 'Initialized': False
2025-01-29 22:16:47,772 INFO c.h.h.t.HelmChartContainer - [hivemq-test-hivemq-platform] [hivemq-platform-operator] [349193a2] 22:16:47.767 [ReconcilerExecutor-hivemq-controller-133] DEBUG c.h.p.o.h.HiveMQPlatformReconcilerErrorHandler - [helmlega] Pod 'test-hivemq-legacy-platform-0' condition 'Ready': False
2025-01-29 22:16:47,772 INFO c.h.h.t.HelmChartContainer - [hivemq-test-hivemq-platform] [hivemq-platform-operator] [349193a2] 22:16:47.767 [ReconcilerExecutor-hivemq-controller-133] DEBUG c.h.p.o.h.HiveMQPlatformReconcilerErrorHandler - [helmlega] Pod 'test-hivemq-legacy-platform-0' condition 'ContainersReady': False
2025-01-29 22:16:47,772 INFO c.h.h.t.HelmChartContainer - [hivemq-test-hivemq-platform] [hivemq-platform-operator] [349193a2] 22:16:47.767 [ReconcilerExecutor-hivemq-controller-133] DEBUG c.h.p.o.h.HiveMQPlatformReconcilerErrorHandler - [helmlega] Pod 'test-hivemq-legacy-platform-0' condition 'PodScheduled': True
2025-01-29 22:16:47,773 INFO c.h.h.t.HelmChartContainer - [hivemq-test-hivemq-platform] [hivemq-platform-operator] [349193a2] 22:16:47.767 [ReconcilerExecutor-hivemq-controller-133] DEBUG c.h.p.o.h.HiveMQPlatformReconcilerErrorHandler - [helmlega] Pod 'test-hivemq-legacy-platform-0' containerStatus 'hivemq' (started: false) (ready: false) (waiting: [PodInitializing] null)
2025-01-29 22:16:47,773 INFO c.h.h.t.HelmChartContainer - [hivemq-test-hivemq-platform] [hivemq-platform-operator] [349193a2] 22:16:47.767 [ReconcilerExecutor-hivemq-controller-133] DEBUG c.h.p.o.h.HiveMQPlatformReconcilerRollingRestartHandler - [helmlega] Rolling restart is waiting for 1 of 2 replicas
2025-01-29 22:16:47,958 INFO c.h.h.t.HelmChartContainer - [K3S] [kubelet_volumes.go:163] "Cleaned up orphaned pod volumes dir" podUID="a9ae7f21-1ace-4521-af30-7d8c2c9fd8d7" path="/var/lib/kubelet/pods/a9ae7f21-1ace-4521-af30-7d8c2c9fd8d7/volumes"
2025-01-29 22:16:47,996 INFO c.h.h.t.HelmChartContainer - [EVENT] Normal [Pulled] Container image "docker.io/hivemq/hivemq-platform-operator-init-test:snapshot" already present on machine [helmlegacystatefulsetmigrationit-operator:test-hivemq-legacy-platform-0]
2025-01-29 22:16:48,001 INFO c.h.h.t.HelmChartContainer - [EVENT] Normal [Created] Created container: hivemq-platform-operator-init [helmlegacystatefulsetmigrationit-operator:test-hivemq-legacy-platform-0]
2025-01-29 22:16:48,042 INFO c.h.h.t.HelmChartContainer - [EVENT] Normal [Started] Started container hivemq-platform-operator-init [helmlegacystatefulsetmigrationit-operator:test-hivemq-legacy-platform-0]
2025-01-29 22:16:48,555 INFO c.h.h.t.HelmChartContainer - [EVENT] Normal [Pulled] Container image "docker.io/hivemq/hivemq4:4.36.0" already present on machine [helmlegacystatefulsetmigrationit-operator:test-hivemq-legacy-platform-0]
2025-01-29 22:16:48,555 INFO c.h.h.t.HelmChartContainer - Received Pulled event for container hivemq in pod test-hivemq-legacy-platform-0 [d5f7d48a-e28b-4ba5-b565-f5c385ab8683]
2025-01-29 22:16:48,563 INFO c.h.h.t.HelmChartContainer - [POD] test-hivemq-legacy-platform-0 [d5f7d48a-e28b-4ba5-b565-f5c385ab8683] in helmlegacystatefulsetmigrationit-operator was MODIFIED
2025-01-29 22:16:48,580 INFO c.h.h.t.HelmChartContainer - [hivemq-test-hivemq-platform] [hivemq-platform-operator] [349193a2] 22:16:48.571 [pool-6-thread-28] DEBUG c.h.p.o.d.PlatformServiceResource - [helmlega] Desired Platform services (4 services)
2025-01-29 22:16:48,580 INFO c.h.h.t.HelmChartContainer - [hivemq-test-hivemq-platform] [hivemq-platform-operator] [349193a2] 22:16:48.572 [pool-6-thread-22] DEBUG c.h.p.o.d.PodServiceAccountResource - [helmlega] Desired PodServiceAccountResource (serviceAccountName: hivemq-platform-pod-test-hivemq-legacy-platform)
2025-01-29 22:16:48,580 INFO c.h.h.t.HelmChartContainer - [hivemq-test-hivemq-platform] [hivemq-platform-operator] [349193a2] 22:16:48.575 [pool-6-thread-23] DEBUG c.h.p.o.dependants.PodInfoConfigMap - [helmlega] Desired PodInfo ConfigMap (2 extensions) (1 enabled)
2025-01-29 22:16:48,580 INFO c.h.h.t.HelmChartContainer - [hivemq-test-hivemq-platform] [hivemq-platform-operator] [349193a2] 22:16:48.576 [pool-6-thread-23] DEBUG c.h.p.o.dependants.PodInfoConfigMap - [helmlega] Desired PodInfo ConfigMap (metrics port: 9399) (metrics path: /)
2025-01-29 22:16:48,580 INFO c.h.h.t.HelmChartContainer - [hivemq-test-hivemq-platform] [hivemq-platform-operator] [349193a2] 22:16:48.576 [pool-6-thread-23] DEBUG c.h.p.o.dependants.PodInfoConfigMap - [helmlega] Desired PodInfo ConfigMap (extension state hash: -1220239358)
2025-01-29 22:16:48,587 INFO c.h.h.t.HelmChartContainer - [hivemq-test-hivemq-platform] [hivemq-platform-operator] [349193a2] 22:16:48.578 [pool-6-thread-23] DEBUG c.h.p.o.d.StatefulSetResource - [helmlega] Desired StatefulSet (2 replicas) for status ROLLING_RESTART (RESTART_PODS_IN_PROGRESS)
2025-01-29 22:16:48,597 INFO c.h.h.t.HelmChartContainer - [hivemq-test-hivemq-platform] [hivemq-platform-operator] [349193a2] 22:16:48.589 [ReconcilerExecutor-hivemq-controller-134] INFO  c.h.p.o.HiveMQPlatformReconciler - [helmlega] Reconciling HiveMQ Platform 'test-hivemq-legacy-platform' in namespace 'helmlegacystatefulsetmigrationit-operator'
2025-01-29 22:16:48,599 INFO c.h.h.t.HelmChartContainer - [EVENT] Normal [Created] Created container: hivemq [helmlegacystatefulsetmigrationit-operator:test-hivemq-legacy-platform-0]
2025-01-29 22:16:48,599 INFO c.h.h.t.HelmChartContainer - Received Created event for container hivemq in pod test-hivemq-legacy-platform-0 [d5f7d48a-e28b-4ba5-b565-f5c385ab8683]
2025-01-29 22:16:48,601 INFO c.h.h.t.HelmChartContainer - [hivemq-test-hivemq-platform] [hivemq-platform-operator] [349193a2] 22:16:48.590 [ReconcilerExecutor-hivemq-controller-134] DEBUG c.h.p.o.HiveMQPlatformReconciler - [helmlega] Custom Resource Status ROLLING_RESTART - HiveMQ Platform is restarting Pods (rolling restart) (RESTART_PODS_IN_PROGRESS)
2025-01-29 22:16:48,601 INFO c.h.h.t.HelmChartContainer - [hivemq-test-hivemq-platform] [hivemq-platform-operator] [349193a2] 22:16:48.590 [ReconcilerExecutor-hivemq-controller-134] DEBUG c.h.p.o.HiveMQPlatformReconciler - [helmlega] Custom Resource Spec (replicas: 1) (extensions: 2)
2025-01-29 22:16:48,601 INFO c.h.h.t.HelmChartContainer - [hivemq-test-hivemq-platform] [hivemq-platform-operator] [349193a2] 22:16:48.591 [ReconcilerExecutor-hivemq-controller-134] DEBUG c.h.p.o.HiveMQPlatformReconciler - [helmlega] StatefulSet Status (revision: test-hivemq-legacy-platform-65df8dcb7f, replicas: 2, available: 1, ready: 1, current: 2, updated: 2)
2025-01-29 22:16:48,601 INFO c.h.h.t.HelmChartContainer - [hivemq-test-hivemq-platform] [hivemq-platform-operator] [349193a2] 22:16:48.591 [ReconcilerExecutor-hivemq-controller-134] DEBUG c.h.p.o.HiveMQPlatformReconciler - [helmlega] StatefulSet Spec (replicas: 2, init containers: 1, containers: 1, volumes: 6)
2025-01-29 22:16:48,601 INFO c.h.h.t.HelmChartContainer - [hivemq-test-hivemq-platform] [hivemq-platform-operator] [349193a2] 22:16:48.593 [ReconcilerExecutor-hivemq-controller-134] DEBUG c.h.p.o.h.HiveMQPlatformReconcilerErrorHandler - [helmlega] Pod 'test-hivemq-legacy-platform-1' phase Running
2025-01-29 22:16:48,601 INFO c.h.h.t.HelmChartContainer - [hivemq-test-hivemq-platform] [hivemq-platform-operator] [349193a2] 22:16:48.594 [ReconcilerExecutor-hivemq-controller-134] DEBUG c.h.p.o.h.HiveMQPlatformReconcilerErrorHandler - [helmlega] Pod 'test-hivemq-legacy-platform-0' phase Pending
2025-01-29 22:16:48,601 INFO c.h.h.t.HelmChartContainer - [hivemq-test-hivemq-platform] [hivemq-platform-operator] [349193a2] 22:16:48.594 [ReconcilerExecutor-hivemq-controller-134] DEBUG c.h.p.o.h.HiveMQPlatformReconcilerErrorHandler - [helmlega] Pod 'test-hivemq-legacy-platform-0' condition 'PodReadyToStartContainers': True
2025-01-29 22:16:48,601 INFO c.h.h.t.HelmChartContainer - [hivemq-test-hivemq-platform] [hivemq-platform-operator] [349193a2] 22:16:48.594 [ReconcilerExecutor-hivemq-controller-134] DEBUG c.h.p.o.h.HiveMQPlatformReconcilerErrorHandler - [helmlega] Pod 'test-hivemq-legacy-platform-0' condition 'Initialized': True
2025-01-29 22:16:48,601 INFO c.h.h.t.HelmChartContainer - [hivemq-test-hivemq-platform] [hivemq-platform-operator] [349193a2] 22:16:48.594 [ReconcilerExecutor-hivemq-controller-134] DEBUG c.h.p.o.h.HiveMQPlatformReconcilerErrorHandler - [helmlega] Pod 'test-hivemq-legacy-platform-0' condition 'Ready': False
2025-01-29 22:16:48,601 INFO c.h.h.t.HelmChartContainer - [hivemq-test-hivemq-platform] [hivemq-platform-operator] [349193a2] 22:16:48.594 [ReconcilerExecutor-hivemq-controller-134] DEBUG c.h.p.o.h.HiveMQPlatformReconcilerErrorHandler - [helmlega] Pod 'test-hivemq-legacy-platform-0' condition 'ContainersReady': False
2025-01-29 22:16:48,601 INFO c.h.h.t.HelmChartContainer - [hivemq-test-hivemq-platform] [hivemq-platform-operator] [349193a2] 22:16:48.594 [ReconcilerExecutor-hivemq-controller-134] DEBUG c.h.p.o.h.HiveMQPlatformReconcilerErrorHandler - [helmlega] Pod 'test-hivemq-legacy-platform-0' condition 'PodScheduled': True
2025-01-29 22:16:48,601 INFO c.h.h.t.HelmChartContainer - [hivemq-test-hivemq-platform] [hivemq-platform-operator] [349193a2] 22:16:48.594 [ReconcilerExecutor-hivemq-controller-134] DEBUG c.h.p.o.h.HiveMQPlatformReconcilerErrorHandler - [helmlega] Pod 'test-hivemq-legacy-platform-0' containerStatus 'hivemq' (started: false) (ready: false) (waiting: [PodInitializing] null)
2025-01-29 22:16:48,601 INFO c.h.h.t.HelmChartContainer - [hivemq-test-hivemq-platform] [hivemq-platform-operator] [349193a2] 22:16:48.595 [ReconcilerExecutor-hivemq-controller-134] DEBUG c.h.p.o.h.HiveMQPlatformReconcilerRollingRestartHandler - [helmlega] Rolling restart is waiting for 1 of 2 replicas
2025-01-29 22:16:49,562 INFO c.h.h.t.HelmChartContainer - [POD] test-hivemq-legacy-platform-0 [d5f7d48a-e28b-4ba5-b565-f5c385ab8683] in helmlegacystatefulsetmigrationit-operator was MODIFIED
2025-01-29 22:16:49,571 INFO c.h.h.t.HelmChartContainer - [hivemq-test-hivemq-platform] [hivemq-platform-operator] [349193a2] 22:16:49.567 [pool-6-thread-37] DEBUG c.h.p.o.d.PlatformServiceResource - [helmlega] Desired Platform services (4 services)
2025-01-29 22:16:49,572 INFO c.h.h.t.HelmChartContainer - [EVENT] Normal [Started] Started container hivemq [helmlegacystatefulsetmigrationit-operator:test-hivemq-legacy-platform-0]
2025-01-29 22:16:49,572 INFO c.h.h.t.HelmChartContainer - Received Started event for container hivemq in pod test-hivemq-legacy-platform-0 [d5f7d48a-e28b-4ba5-b565-f5c385ab8683]
2025-01-29 22:16:49,572 INFO c.h.h.t.HelmChartContainer - Started log watcher for hivemq in pod test-hivemq-legacy-platform-0 [d5f7d48a-e28b-4ba5-b565-f5c385ab8683]
2025-01-29 22:16:49,572 INFO c.h.h.t.HelmChartContainer - [test-hivemq-legacy-platform] [hivemq] [d5f7d48a] Adding pre-installed HiveMQ Platform Operator extensions
2025-01-29 22:16:49,572 INFO c.h.h.t.HelmChartContainer - [test-hivemq-legacy-platform] [hivemq] [d5f7d48a] Running as user 10000
2025-01-29 22:16:49,572 INFO c.h.h.t.HelmChartContainer - [test-hivemq-legacy-platform] [hivemq] [d5f7d48a] Starting HiveMQ Platform Operator Init
2025-01-29 22:16:49,574 INFO c.h.h.t.HelmChartContainer - [hivemq-test-hivemq-platform] [hivemq-platform-operator] [349193a2] 22:16:49.573 [pool-6-thread-33] DEBUG c.h.p.o.dependants.PodInfoConfigMap - [helmlega] Desired PodInfo ConfigMap (2 extensions) (1 enabled)
2025-01-29 22:16:49,575 INFO c.h.h.t.HelmChartContainer - [hivemq-test-hivemq-platform] [hivemq-platform-operator] [349193a2] 22:16:49.574 [pool-6-thread-33] DEBUG c.h.p.o.dependants.PodInfoConfigMap - [helmlega] Desired PodInfo ConfigMap (metrics port: 9399) (metrics path: /)
2025-01-29 22:16:49,575 INFO c.h.h.t.HelmChartContainer - [hivemq-test-hivemq-platform] [hivemq-platform-operator] [349193a2] 22:16:49.574 [pool-6-thread-33] DEBUG c.h.p.o.dependants.PodInfoConfigMap - [helmlega] Desired PodInfo ConfigMap (extension state hash: -1220239358)
2025-01-29 22:16:49,577 INFO c.h.h.t.HelmChartContainer - [hivemq-test-hivemq-platform] [hivemq-platform-operator] [349193a2] 22:16:49.574 [pool-6-thread-34] DEBUG c.h.p.o.d.PodServiceAccountResource - [helmlega] Desired PodServiceAccountResource (serviceAccountName: hivemq-platform-pod-test-hivemq-legacy-platform)
2025-01-29 22:16:49,583 INFO c.h.h.t.HelmChartContainer - [hivemq-test-hivemq-platform] [hivemq-platform-operator] [349193a2] 22:16:49.579 [pool-6-thread-32] DEBUG c.h.p.o.d.StatefulSetResource - [helmlega] Desired StatefulSet (2 replicas) for status ROLLING_RESTART (RESTART_PODS_IN_PROGRESS)
2025-01-29 22:16:49,584 INFO c.h.h.t.HelmChartContainer - [hivemq-test-hivemq-platform] [hivemq-platform-operator] [349193a2] 22:16:49.583 [ReconcilerExecutor-hivemq-controller-135] INFO  c.h.p.o.HiveMQPlatformReconciler - [helmlega] Reconciling HiveMQ Platform 'test-hivemq-legacy-platform' in namespace 'helmlegacystatefulsetmigrationit-operator'
2025-01-29 22:16:49,584 INFO c.h.h.t.HelmChartContainer - [hivemq-test-hivemq-platform] [hivemq-platform-operator] [349193a2] 22:16:49.583 [ReconcilerExecutor-hivemq-controller-135] DEBUG c.h.p.o.HiveMQPlatformReconciler - [helmlega] Custom Resource Status ROLLING_RESTART - HiveMQ Platform is restarting Pods (rolling restart) (RESTART_PODS_IN_PROGRESS)
2025-01-29 22:16:49,584 INFO c.h.h.t.HelmChartContainer - [hivemq-test-hivemq-platform] [hivemq-platform-operator] [349193a2] 22:16:49.583 [ReconcilerExecutor-hivemq-controller-135] DEBUG c.h.p.o.HiveMQPlatformReconciler - [helmlega] Custom Resource Spec (replicas: 1) (extensions: 2)
2025-01-29 22:16:49,588 INFO c.h.h.t.HelmChartContainer - [hivemq-test-hivemq-platform] [hivemq-platform-operator] [349193a2] 22:16:49.587 [ReconcilerExecutor-hivemq-controller-135] DEBUG c.h.p.o.HiveMQPlatformReconciler - [helmlega] StatefulSet Status (revision: test-hivemq-legacy-platform-65df8dcb7f, replicas: 2, available: 1, ready: 1, current: 2, updated: 2)
2025-01-29 22:16:49,588 INFO c.h.h.t.HelmChartContainer - [hivemq-test-hivemq-platform] [hivemq-platform-operator] [349193a2] 22:16:49.587 [ReconcilerExecutor-hivemq-controller-135] DEBUG c.h.p.o.HiveMQPlatformReconciler - [helmlega] StatefulSet Spec (replicas: 2, init containers: 1, containers: 1, volumes: 6)
2025-01-29 22:16:49,657 INFO c.h.h.t.HelmChartContainer - [hivemq-test-hivemq-platform] [hivemq-platform-operator] [349193a2] 22:16:49.656 [ReconcilerExecutor-hivemq-controller-135] DEBUG c.h.p.o.h.HiveMQPlatformReconcilerErrorHandler - [helmlega] Pod 'test-hivemq-legacy-platform-1' phase Running
2025-01-29 22:16:49,657 INFO c.h.h.t.HelmChartContainer - [hivemq-test-hivemq-platform] [hivemq-platform-operator] [349193a2] 22:16:49.657 [ReconcilerExecutor-hivemq-controller-135] DEBUG c.h.p.o.h.HiveMQPlatformReconcilerErrorHandler - [helmlega] Pod 'test-hivemq-legacy-platform-0' phase Running
2025-01-29 22:16:49,658 INFO c.h.h.t.HelmChartContainer - [hivemq-test-hivemq-platform] [hivemq-platform-operator] [349193a2] 22:16:49.657 [ReconcilerExecutor-hivemq-controller-135] DEBUG c.h.p.o.h.HiveMQPlatformReconcilerRollingRestartHandler - [helmlega] Rolling restart is waiting for 1 of 2 replicas
2025-01-29 22:16:49,820 INFO c.h.h.t.HelmChartContainer - [test-hivemq-legacy-platform] [hivemq] [d5f7d48a] INFO  - [HiveMQ Platform Operator Init 1.7.0-SNAPSHOT] HiveMQ Platform Operator Init 1.7.0-SNAPSHOT (commit: 3bc9484 on branch: HEAD) built on Wed Jan 29 22:06:36 UTC 2025
2025-01-29 22:16:50,942 INFO c.h.h.t.HelmChartContainer - [test-hivemq-legacy-platform] [hivemq] [d5f7d48a] INFO  - [HiveMQ Platform Operator Init App 1.7.0-SNAPSHOT] Using bind address 10.42.0.14 from environment variable
2025-01-29 22:16:51,909 INFO c.h.h.t.HelmChartContainer - [test-hivemq-legacy-platform] [hivemq] [d5f7d48a] INFO  - [HiveMQ Platform Operator Init App 1.7.0-SNAPSHOT] HiveMQ Platform Operator Init App 1.7.0-SNAPSHOT (commit: 3bc9484 on branch: HEAD) built on Wed Jan 29 22:06:36 UTC 2025
2025-01-29 22:16:51,910 INFO c.h.h.t.HelmChartContainer - [test-hivemq-legacy-platform] [hivemq] [d5f7d48a] INFO  - [HiveMQ Platform Operator Init App 1.7.0-SNAPSHOT] PodInfo ConfigMap directory: /etc/podinfo
2025-01-29 22:16:51,910 INFO c.h.h.t.HelmChartContainer - [test-hivemq-legacy-platform] [hivemq] [d5f7d48a] INFO  - [HiveMQ Platform Operator Init App 1.7.0-SNAPSHOT] HiveMQ home directory: /opt/hivemq
2025-01-29 22:16:51,910 INFO c.h.h.t.HelmChartContainer - [test-hivemq-legacy-platform] [hivemq] [d5f7d48a] INFO  - [HiveMQ Platform Operator Init App 1.7.0-SNAPSHOT] HiveMQ Logback folder: /opt/hivemq/conf
2025-01-29 22:16:51,910 INFO c.h.h.t.HelmChartContainer - [test-hivemq-legacy-platform] [hivemq] [d5f7d48a] INFO  - [HiveMQ Platform Operator Init App 1.7.0-SNAPSHOT] HiveMQ Config folder: /opt/hivemq/conf-k8s
2025-01-29 22:16:51,910 INFO c.h.h.t.HelmChartContainer - [test-hivemq-legacy-platform] [hivemq] [d5f7d48a] INFO  - [HiveMQ Platform Operator Init App 1.7.0-SNAPSHOT] Starting HiveMQ Platform Operator Init App
2025-01-29 22:16:51,911 INFO c.h.h.t.HelmChartContainer - [test-hivemq-legacy-platform] [hivemq] [d5f7d48a] INFO  - [HiveMQ Platform Operator Init App 1.7.0-SNAPSHOT] Starting Pod reconciler
2025-01-29 22:16:53,014 INFO c.h.h.t.HelmChartContainer - [test-hivemq-legacy-platform] [hivemq] [d5f7d48a] INFO  - [HiveMQ Platform Operator Init App 1.7.0-SNAPSHOT] Pod reconciler is scheduled (interval: 5000 ms)
2025-01-29 22:16:53,015 INFO c.h.h.t.HelmChartContainer - [test-hivemq-legacy-platform] [hivemq] [d5f7d48a] INFO  - [HiveMQ Platform Operator Init App 1.7.0-SNAPSHOT] Starting the REST API on 10.42.0.14:7979
2025-01-29 22:16:53,018 INFO c.h.h.t.HelmChartContainer - [test-hivemq-legacy-platform] [hivemq] [d5f7d48a] INFO  - [HiveMQ Platform Operator Init App 1.7.0-SNAPSHOT] Waiting up to 600s for at most 2 HiveMQ nodes in cluster service hivemq-test-hivemq-legacy-platform-cluster.helmlegacystatefulsetmigrationit-operator.svc
2025-01-29 22:16:53,406 INFO c.h.h.t.HelmChartContainer - [test-hivemq-legacy-platform] [hivemq] [d5f7d48a] INFO  - [HiveMQ Platform Operator Init App 1.7.0-SNAPSHOT] Resolved 2 IP addresses: [10.42.0.14, 10.42.0.13]
2025-01-29 22:16:53,407 INFO c.h.h.t.HelmChartContainer - [test-hivemq-legacy-platform] [hivemq] [d5f7d48a] INFO  - [HiveMQ Platform Operator Init App 1.7.0-SNAPSHOT] HiveMQ node count of 2 is within threshold of 2
2025-01-29 22:16:53,407 INFO c.h.h.t.HelmChartContainer - [test-hivemq-legacy-platform] [hivemq] [d5f7d48a] INFO  - [HiveMQ Platform Operator Init App 1.7.0-SNAPSHOT] Waiting 15s for previous shutdown replication to finish...
2025-01-29 22:16:55,561 INFO c.h.h.t.HelmChartContainer - [test-hivemq-legacy-platform] [hivemq] [d5f7d48a] INFO  - [HiveMQ Platform Operator Init App 1.7.0-SNAPSHOT] Returning default Health API response 503 for readiness
2025-01-29 22:16:55,628 INFO c.h.h.t.HelmChartContainer - [EVENT] Warning [Unhealthy] Readiness probe failed: HTTP probe failed with statuscode: 503 [helmlegacystatefulsetmigrationit-operator:test-hivemq-legacy-platform-0]
2025-01-29 22:16:55,628 INFO c.h.h.t.HelmChartContainer - Received Unhealthy event for container hivemq in pod test-hivemq-legacy-platform-0 [d5f7d48a-e28b-4ba5-b565-f5c385ab8683]
2025-01-29 22:16:59,664 INFO c.h.h.t.HelmChartContainer - [hivemq-test-hivemq-platform] [hivemq-platform-operator] [349193a2] 22:16:59.661 [pool-6-thread-48] DEBUG c.h.p.o.d.PlatformServiceResource - [helmlega] Desired Platform services (4 services)
2025-01-29 22:16:59,664 INFO c.h.h.t.HelmChartContainer - [hivemq-test-hivemq-platform] [hivemq-platform-operator] [349193a2] 22:16:59.661 [pool-6-thread-46] DEBUG c.h.p.o.d.PodServiceAccountResource - [helmlega] Desired PodServiceAccountResource (serviceAccountName: hivemq-platform-pod-test-hivemq-legacy-platform)
2025-01-29 22:16:59,664 INFO c.h.h.t.HelmChartContainer - [hivemq-test-hivemq-platform] [hivemq-platform-operator] [349193a2] 22:16:59.661 [pool-6-thread-49] DEBUG c.h.p.o.dependants.PodInfoConfigMap - [helmlega] Desired PodInfo ConfigMap (2 extensions) (1 enabled)
2025-01-29 22:16:59,664 INFO c.h.h.t.HelmChartContainer - [hivemq-test-hivemq-platform] [hivemq-platform-operator] [349193a2] 22:16:59.661 [pool-6-thread-49] DEBUG c.h.p.o.dependants.PodInfoConfigMap - [helmlega] Desired PodInfo ConfigMap (metrics port: 9399) (metrics path: /)
2025-01-29 22:16:59,664 INFO c.h.h.t.HelmChartContainer - [hivemq-test-hivemq-platform] [hivemq-platform-operator] [349193a2] 22:16:59.661 [pool-6-thread-49] DEBUG c.h.p.o.dependants.PodInfoConfigMap - [helmlega] Desired PodInfo ConfigMap (extension state hash: -1220239358)
2025-01-29 22:16:59,666 INFO c.h.h.t.HelmChartContainer - [hivemq-test-hivemq-platform] [hivemq-platform-operator] [349193a2] 22:16:59.665 [pool-6-thread-48] DEBUG c.h.p.o.d.StatefulSetResource - [helmlega] Desired StatefulSet (2 replicas) for status ROLLING_RESTART (RESTART_PODS_IN_PROGRESS)
2025-01-29 22:16:59,669 INFO c.h.h.t.HelmChartContainer - [hivemq-test-hivemq-platform] [hivemq-platform-operator] [349193a2] 22:16:59.668 [ReconcilerExecutor-hivemq-controller-136] INFO  c.h.p.o.HiveMQPlatformReconciler - [helmlega] Reconciling HiveMQ Platform 'test-hivemq-legacy-platform' in namespace 'helmlegacystatefulsetmigrationit-operator'
2025-01-29 22:16:59,669 INFO c.h.h.t.HelmChartContainer - [hivemq-test-hivemq-platform] [hivemq-platform-operator] [349193a2] 22:16:59.668 [ReconcilerExecutor-hivemq-controller-136] DEBUG c.h.p.o.HiveMQPlatformReconciler - [helmlega] Custom Resource Status ROLLING_RESTART - HiveMQ Platform is restarting Pods (rolling restart) (RESTART_PODS_IN_PROGRESS)
2025-01-29 22:16:59,669 INFO c.h.h.t.HelmChartContainer - [hivemq-test-hivemq-platform] [hivemq-platform-operator] [349193a2] 22:16:59.668 [ReconcilerExecutor-hivemq-controller-136] DEBUG c.h.p.o.HiveMQPlatformReconciler - [helmlega] Custom Resource Spec (replicas: 1) (extensions: 2)
2025-01-29 22:16:59,671 INFO c.h.h.t.HelmChartContainer - [hivemq-test-hivemq-platform] [hivemq-platform-operator] [349193a2] 22:16:59.670 [ReconcilerExecutor-hivemq-controller-136] DEBUG c.h.p.o.HiveMQPlatformReconciler - [helmlega] StatefulSet Status (revision: test-hivemq-legacy-platform-65df8dcb7f, replicas: 2, available: 1, ready: 1, current: 2, updated: 2)
2025-01-29 22:16:59,672 INFO c.h.h.t.HelmChartContainer - [hivemq-test-hivemq-platform] [hivemq-platform-operator] [349193a2] 22:16:59.671 [ReconcilerExecutor-hivemq-controller-136] DEBUG c.h.p.o.HiveMQPlatformReconciler - [helmlega] StatefulSet Spec (replicas: 2, init containers: 1, containers: 1, volumes: 6)
2025-01-29 22:16:59,673 INFO c.h.h.t.HelmChartContainer - [hivemq-test-hivemq-platform] [hivemq-platform-operator] [349193a2] 22:16:59.672 [ReconcilerExecutor-hivemq-controller-136] DEBUG c.h.p.o.h.HiveMQPlatformReconcilerErrorHandler - [helmlega] Pod 'test-hivemq-legacy-platform-1' phase Running
2025-01-29 22:16:59,674 INFO c.h.h.t.HelmChartContainer - [hivemq-test-hivemq-platform] [hivemq-platform-operator] [349193a2] 22:16:59.673 [ReconcilerExecutor-hivemq-controller-136] DEBUG c.h.p.o.h.HiveMQPlatformReconcilerErrorHandler - [helmlega] Pod 'test-hivemq-legacy-platform-0' phase Running
2025-01-29 22:16:59,675 INFO c.h.h.t.HelmChartContainer - [hivemq-test-hivemq-platform] [hivemq-platform-operator] [349193a2] 22:16:59.674 [ReconcilerExecutor-hivemq-controller-136] DEBUG c.h.p.o.h.HiveMQPlatformReconcilerRollingRestartHandler - [helmlega] Rolling restart is waiting for 1 of 2 replicas
2025-01-29 22:17:00,328 INFO c.h.h.t.HelmChartContainer - [test-hivemq-legacy-platform] [hivemq] [d5f7d48a] INFO  - [HiveMQ Platform Operator Init App 1.7.0-SNAPSHOT] Updating Pod HiveMQ Platform Operator Init App version annotation (version: 1.7.0-SNAPSHOT)
2025-01-29 22:17:00,617 INFO c.h.h.t.HelmChartContainer - [EVENT] Warning [Unhealthy] Readiness probe failed: HTTP probe failed with statuscode: 503 [helmlegacystatefulsetmigrationit-operator:test-hivemq-legacy-platform-0]
2025-01-29 22:17:00,617 INFO c.h.h.t.HelmChartContainer - Received Unhealthy event for container hivemq in pod test-hivemq-legacy-platform-0 [d5f7d48a-e28b-4ba5-b565-f5c385ab8683]
2025-01-29 22:17:00,633 INFO c.h.h.t.HelmChartContainer - [POD] test-hivemq-legacy-platform-0 [d5f7d48a-e28b-4ba5-b565-f5c385ab8683] in helmlegacystatefulsetmigrationit-operator was MODIFIED
2025-01-29 22:17:00,637 INFO c.h.h.t.HelmChartContainer - [hivemq-test-hivemq-platform] [hivemq-platform-operator] [349193a2] 22:17:00.636 [pool-6-thread-2] DEBUG c.h.p.o.d.PlatformServiceResource - [helmlega] Desired Platform services (4 services)
2025-01-29 22:17:00,639 INFO c.h.h.t.HelmChartContainer - [hivemq-test-hivemq-platform] [hivemq-platform-operator] [349193a2] 22:17:00.637 [pool-6-thread-1] DEBUG c.h.p.o.d.PodServiceAccountResource - [helmlega] Desired PodServiceAccountResource (serviceAccountName: hivemq-platform-pod-test-hivemq-legacy-platform)
2025-01-29 22:17:00,640 INFO c.h.h.t.HelmChartContainer - [hivemq-test-hivemq-platform] [hivemq-platform-operator] [349193a2] 22:17:00.637 [pool-6-thread-10] DEBUG c.h.p.o.dependants.PodInfoConfigMap - [helmlega] Desired PodInfo ConfigMap (2 extensions) (1 enabled)
2025-01-29 22:17:00,640 INFO c.h.h.t.HelmChartContainer - [hivemq-test-hivemq-platform] [hivemq-platform-operator] [349193a2] 22:17:00.639 [pool-6-thread-10] DEBUG c.h.p.o.dependants.PodInfoConfigMap - [helmlega] Desired PodInfo ConfigMap (metrics port: 9399) (metrics path: /)
2025-01-29 22:17:00,642 INFO c.h.h.t.HelmChartContainer - [hivemq-test-hivemq-platform] [hivemq-platform-operator] [349193a2] 22:17:00.640 [pool-6-thread-10] DEBUG c.h.p.o.dependants.PodInfoConfigMap - [helmlega] Desired PodInfo ConfigMap (extension state hash: -1220239358)
2025-01-29 22:17:00,643 INFO c.h.h.t.HelmChartContainer - [hivemq-test-hivemq-platform] [hivemq-platform-operator] [349193a2] 22:17:00.641 [pool-6-thread-7] DEBUG c.h.p.o.d.StatefulSetResource - [helmlega] Desired StatefulSet (2 replicas) for status ROLLING_RESTART (RESTART_PODS_IN_PROGRESS)
2025-01-29 22:17:00,645 INFO c.h.h.t.HelmChartContainer - [hivemq-test-hivemq-platform] [hivemq-platform-operator] [349193a2] 22:17:00.644 [ReconcilerExecutor-hivemq-controller-137] INFO  c.h.p.o.HiveMQPlatformReconciler - [helmlega] Reconciling HiveMQ Platform 'test-hivemq-legacy-platform' in namespace 'helmlegacystatefulsetmigrationit-operator'
2025-01-29 22:17:00,646 INFO c.h.h.t.HelmChartContainer - [hivemq-test-hivemq-platform] [hivemq-platform-operator] [349193a2] 22:17:00.644 [ReconcilerExecutor-hivemq-controller-137] DEBUG c.h.p.o.HiveMQPlatformReconciler - [helmlega] Custom Resource Status ROLLING_RESTART - HiveMQ Platform is restarting Pods (rolling restart) (RESTART_PODS_IN_PROGRESS)
2025-01-29 22:17:00,646 INFO c.h.h.t.HelmChartContainer - [hivemq-test-hivemq-platform] [hivemq-platform-operator] [349193a2] 22:17:00.644 [ReconcilerExecutor-hivemq-controller-137] DEBUG c.h.p.o.HiveMQPlatformReconciler - [helmlega] Custom Resource Spec (replicas: 1) (extensions: 2)
2025-01-29 22:17:00,647 INFO c.h.h.t.HelmChartContainer - [hivemq-test-hivemq-platform] [hivemq-platform-operator] [349193a2] 22:17:00.645 [ReconcilerExecutor-hivemq-controller-137] DEBUG c.h.p.o.HiveMQPlatformReconciler - [helmlega] StatefulSet Status (revision: test-hivemq-legacy-platform-65df8dcb7f, replicas: 2, available: 1, ready: 1, current: 2, updated: 2)
2025-01-29 22:17:00,647 INFO c.h.h.t.HelmChartContainer - [hivemq-test-hivemq-platform] [hivemq-platform-operator] [349193a2] 22:17:00.645 [ReconcilerExecutor-hivemq-controller-137] DEBUG c.h.p.o.HiveMQPlatformReconciler - [helmlega] StatefulSet Spec (replicas: 2, init containers: 1, containers: 1, volumes: 6)
2025-01-29 22:17:00,648 INFO c.h.h.t.HelmChartContainer - [hivemq-test-hivemq-platform] [hivemq-platform-operator] [349193a2] 22:17:00.647 [ReconcilerExecutor-hivemq-controller-137] DEBUG c.h.p.o.h.HiveMQPlatformReconcilerErrorHandler - [helmlega] Pod 'test-hivemq-legacy-platform-1' phase Running
2025-01-29 22:17:00,649 INFO c.h.h.t.HelmChartContainer - [hivemq-test-hivemq-platform] [hivemq-platform-operator] [349193a2] 22:17:00.649 [ReconcilerExecutor-hivemq-controller-137] DEBUG c.h.p.o.h.HiveMQPlatformReconcilerErrorHandler - [helmlega] Pod 'test-hivemq-legacy-platform-0' phase Running
2025-01-29 22:17:00,650 INFO c.h.h.t.HelmChartContainer - [hivemq-test-hivemq-platform] [hivemq-platform-operator] [349193a2] 22:17:00.649 [ReconcilerExecutor-hivemq-controller-137] DEBUG c.h.p.o.h.HiveMQPlatformReconcilerRollingRestartHandler - [helmlega] Rolling restart is waiting for 1 of 2 replicas
2025-01-29 22:17:00,716 INFO c.h.h.t.HelmChartContainer - [EVENT] Warning [Unhealthy] Readiness probe failed: HTTP probe failed with statuscode: 503 [helmlegacystatefulsetmigrationit-operator:test-hivemq-legacy-platform-0]
2025-01-29 22:17:00,716 INFO c.h.h.t.HelmChartContainer - Received Unhealthy event for container hivemq in pod test-hivemq-legacy-platform-0 [d5f7d48a-e28b-4ba5-b565-f5c385ab8683]
2025-01-29 22:17:00,716 INFO c.h.h.t.HelmChartContainer - [test-hivemq-legacy-platform] [hivemq] [d5f7d48a] INFO  - [HiveMQ Platform Operator Init App 1.7.0-SNAPSHOT] Successfully updated Pod HiveMQ Platform Operator Init App version annotation (version: 1.7.0-SNAPSHOT)
2025-01-29 22:17:05,639 INFO c.h.h.t.HelmChartContainer - [EVENT] Warning [Unhealthy] Readiness probe failed: HTTP probe failed with statuscode: 503 [helmlegacystatefulsetmigrationit-operator:test-hivemq-legacy-platform-0]
2025-01-29 22:17:05,639 INFO c.h.h.t.HelmChartContainer - Received Unhealthy event for container hivemq in pod test-hivemq-legacy-platform-0 [d5f7d48a-e28b-4ba5-b565-f5c385ab8683]
2025-01-29 22:17:08,410 INFO c.h.h.t.HelmChartContainer - [test-hivemq-legacy-platform] [hivemq] [d5f7d48a] INFO  - [HiveMQ Platform Operator Init App 1.7.0-SNAPSHOT] Proceeding with container start
2025-01-29 22:17:08,413 INFO c.h.h.t.HelmChartContainer - [test-hivemq-legacy-platform] [hivemq] [d5f7d48a] INFO  - [HiveMQ Platform Operator Init App 1.7.0-SNAPSHOT] Initializing HiveMQ Platform extensions with initial configuration: {hivemq-allow-all-extension={start-priority=-1, skip-https-hostname-verification=false, restart=true, config-version=0, header-version=0, c-uri=, priority=-1, uri=preinstalled, skip-https-certificate-validation=false, enabled=false}, hivemq-enterprise-security-extension={start-priority=-1, skip-https-hostname-verification=false, restart=true, config-version=1009, header-version=0, c-uri=, priority=-1, uri=preinstalled, skip-https-certificate-validation=false, enabled=true}, hivemq-prometheus-extension={request-header-path=no-request-headers, uri=preinstalled, skip-https-certificate-validation=false, skip-https-hostname-verification=false, c-uri=, start-priority=-1, priority=-1, restart=true, enabled=true}}
2025-01-29 22:17:08,414 INFO c.h.h.t.HelmChartContainer - [test-hivemq-legacy-platform] [hivemq] [d5f7d48a] INFO  - [HiveMQ Platform Operator Init App 1.7.0-SNAPSHOT] Successfully disabled extension hivemq-allow-all-extension
2025-01-29 22:17:08,827 INFO c.h.h.t.HelmChartContainer - [test-hivemq-legacy-platform] [hivemq] [d5f7d48a] INFO  - [HiveMQ Platform Operator Init App 1.7.0-SNAPSHOT] Successfully enabled extension hivemq-enterprise-security-extension
2025-01-29 22:17:08,914 INFO c.h.h.t.HelmChartContainer - [test-hivemq-legacy-platform] [hivemq] [d5f7d48a] INFO  - [HiveMQ Platform Operator Init App 1.7.0-SNAPSHOT] Successfully enabled extension hivemq-prometheus-extension
2025-01-29 22:17:08,916 INFO c.h.h.t.HelmChartContainer - [test-hivemq-legacy-platform] [hivemq] [d5f7d48a] INFO  - [HiveMQ Platform Operator Init App 1.7.0-SNAPSHOT] Starting HiveMQ Platform version 4.36.0 (4.36.0)
2025-01-29 22:17:08,916 INFO c.h.h.t.HelmChartContainer - [test-hivemq-legacy-platform] [hivemq] [d5f7d48a] INFO  - [HiveMQ Platform Operator Init App 1.7.0-SNAPSHOT] Configuring the HiveMQ Platform
2025-01-29 22:17:09,011 INFO c.h.h.t.HelmChartContainer - [test-hivemq-legacy-platform] [hivemq] [d5f7d48a] INFO  - [HiveMQ Platform Operator Init App 1.7.0-SNAPSHOT] Changed logback.xml file scan period to 20 seconds
2025-01-29 22:17:09,024 INFO c.h.h.t.HelmChartContainer - [test-hivemq-legacy-platform] [hivemq] [d5f7d48a] INFO  - [HiveMQ Platform Operator Init App 1.7.0-SNAPSHOT] Starting the HiveMQ Platform
2025-01-29 22:17:09,027 INFO c.h.h.t.HelmChartContainer - [test-hivemq-legacy-platform] [hivemq] [d5f7d48a] -------------------------------------------------------------------------
2025-01-29 22:17:09,027 INFO c.h.h.t.HelmChartContainer - [test-hivemq-legacy-platform] [hivemq] [d5f7d48a] 
2025-01-29 22:17:09,027 INFO c.h.h.t.HelmChartContainer - [test-hivemq-legacy-platform] [hivemq] [d5f7d48a]                   _    _  _              __  __   ____
2025-01-29 22:17:09,027 INFO c.h.h.t.HelmChartContainer - [test-hivemq-legacy-platform] [hivemq] [d5f7d48a]                  | |  | |(_)            |  \/  | / __ \
2025-01-29 22:17:09,027 INFO c.h.h.t.HelmChartContainer - [test-hivemq-legacy-platform] [hivemq] [d5f7d48a]                  | |__| | _ __   __ ___ | \  / || |  | |
2025-01-29 22:17:09,027 INFO c.h.h.t.HelmChartContainer - [test-hivemq-legacy-platform] [hivemq] [d5f7d48a]                  |  __  || |\ \ / // _ \| |\/| || |  | |
2025-01-29 22:17:09,027 INFO c.h.h.t.HelmChartContainer - [test-hivemq-legacy-platform] [hivemq] [d5f7d48a]                  | |  | || | \ V /|  __/| |  | || |__| |
2025-01-29 22:17:09,027 INFO c.h.h.t.HelmChartContainer - [test-hivemq-legacy-platform] [hivemq] [d5f7d48a]                  |_|  |_||_|  \_/  \___||_|  |_| \___\_\
2025-01-29 22:17:09,027 INFO c.h.h.t.HelmChartContainer - [test-hivemq-legacy-platform] [hivemq] [d5f7d48a] 
2025-01-29 22:17:09,027 INFO c.h.h.t.HelmChartContainer - [test-hivemq-legacy-platform] [hivemq] [d5f7d48a] -------------------------------------------------------------------------
2025-01-29 22:17:09,027 INFO c.h.h.t.HelmChartContainer - [test-hivemq-legacy-platform] [hivemq] [d5f7d48a] 
2025-01-29 22:17:09,027 INFO c.h.h.t.HelmChartContainer - [test-hivemq-legacy-platform] [hivemq] [d5f7d48a]   HiveMQ Start Script for Linux/Unix v1.14
2025-01-29 22:17:09,027 INFO c.h.h.t.HelmChartContainer - [test-hivemq-legacy-platform] [hivemq] [d5f7d48a] 
2025-01-29 22:17:09,139 INFO c.h.h.t.HelmChartContainer - [test-hivemq-legacy-platform] [hivemq] [d5f7d48a] -------------------------------------------------------------------------
2025-01-29 22:17:09,139 INFO c.h.h.t.HelmChartContainer - [test-hivemq-legacy-platform] [hivemq] [d5f7d48a] 
2025-01-29 22:17:09,139 INFO c.h.h.t.HelmChartContainer - [test-hivemq-legacy-platform] [hivemq] [d5f7d48a]   HIVEMQ_HOME: /opt/hivemq
2025-01-29 22:17:09,139 INFO c.h.h.t.HelmChartContainer - [test-hivemq-legacy-platform] [hivemq] [d5f7d48a] 
2025-01-29 22:17:09,139 INFO c.h.h.t.HelmChartContainer - [test-hivemq-legacy-platform] [hivemq] [d5f7d48a]   JAVA_OPTS: -XX:+UnlockExperimentalVMOptions -XX:InitialRAMPercentage=50 -XX:MaxRAMPercentage=50 -Djava.net.preferIPv4Stack=true --add-opens java.base/java.lang=ALL-UNNAMED --add-opens java.base/java.nio=ALL-UNNAMED --add-opens java.base/sun.nio.ch=ALL-UNNAMED --add-opens jdk.management/com.sun.management.internal=ALL-UNNAMED --add-exports java.base/jdk.internal.misc=ALL-UNNAMED -Djava.security.egd=file:/dev/./urandom -Dcom.sun.management.jmxremote -Dcom.sun.management.jmxremote.port=9010 -Dcom.sun.management.jmxremote.local.only=false -Dcom.sun.management.jmxremote.authenticate=false -Dcom.sun.management.jmxremote.ssl=false -Duser.language=en -Duser.region=US -XX:+CrashOnOutOfMemoryError -XX:+HeapDumpOnOutOfMemoryError
2025-01-29 22:17:09,139 INFO c.h.h.t.HelmChartContainer - [test-hivemq-legacy-platform] [hivemq] [d5f7d48a] 
2025-01-29 22:17:09,139 INFO c.h.h.t.HelmChartContainer - [test-hivemq-legacy-platform] [hivemq] [d5f7d48a]   JAVA_VERSION: 21
2025-01-29 22:17:09,139 INFO c.h.h.t.HelmChartContainer - [test-hivemq-legacy-platform] [hivemq] [d5f7d48a] 
2025-01-29 22:17:09,139 INFO c.h.h.t.HelmChartContainer - [test-hivemq-legacy-platform] [hivemq] [d5f7d48a] -------------------------------------------------------------------------
2025-01-29 22:17:09,139 INFO c.h.h.t.HelmChartContainer - [test-hivemq-legacy-platform] [hivemq] [d5f7d48a] 
2025-01-29 22:17:10,654 INFO c.h.h.t.HelmChartContainer - [hivemq-test-hivemq-platform] [hivemq-platform-operator] [349193a2] 22:17:10.651 [pool-6-thread-19] DEBUG c.h.p.o.d.PlatformServiceResource - [helmlega] Desired Platform services (4 services)
2025-01-29 22:17:10,654 INFO c.h.h.t.HelmChartContainer - [hivemq-test-hivemq-platform] [hivemq-platform-operator] [349193a2] 22:17:10.652 [pool-6-thread-12] DEBUG c.h.p.o.d.PodServiceAccountResource - [helmlega] Desired PodServiceAccountResource (serviceAccountName: hivemq-platform-pod-test-hivemq-legacy-platform)
2025-01-29 22:17:10,655 INFO c.h.h.t.HelmChartContainer - [hivemq-test-hivemq-platform] [hivemq-platform-operator] [349193a2] 22:17:10.653 [pool-6-thread-17] DEBUG c.h.p.o.dependants.PodInfoConfigMap - [helmlega] Desired PodInfo ConfigMap (2 extensions) (1 enabled)
2025-01-29 22:17:10,655 INFO c.h.h.t.HelmChartContainer - [hivemq-test-hivemq-platform] [hivemq-platform-operator] [349193a2] 22:17:10.653 [pool-6-thread-17] DEBUG c.h.p.o.dependants.PodInfoConfigMap - [helmlega] Desired PodInfo ConfigMap (metrics port: 9399) (metrics path: /)
2025-01-29 22:17:10,655 INFO c.h.h.t.HelmChartContainer - [hivemq-test-hivemq-platform] [hivemq-platform-operator] [349193a2] 22:17:10.653 [pool-6-thread-17] DEBUG c.h.p.o.dependants.PodInfoConfigMap - [helmlega] Desired PodInfo ConfigMap (extension state hash: -1220239358)
2025-01-29 22:17:10,657 INFO c.h.h.t.HelmChartContainer - [hivemq-test-hivemq-platform] [hivemq-platform-operator] [349193a2] 22:17:10.656 [pool-6-thread-18] DEBUG c.h.p.o.d.StatefulSetResource - [helmlega] Desired StatefulSet (2 replicas) for status ROLLING_RESTART (RESTART_PODS_IN_PROGRESS)
2025-01-29 22:17:10,659 INFO c.h.h.t.HelmChartContainer - [hivemq-test-hivemq-platform] [hivemq-platform-operator] [349193a2] 22:17:10.659 [ReconcilerExecutor-hivemq-controller-138] INFO  c.h.p.o.HiveMQPlatformReconciler - [helmlega] Reconciling HiveMQ Platform 'test-hivemq-legacy-platform' in namespace 'helmlegacystatefulsetmigrationit-operator'
2025-01-29 22:17:10,659 INFO c.h.h.t.HelmChartContainer - [hivemq-test-hivemq-platform] [hivemq-platform-operator] [349193a2] 22:17:10.659 [ReconcilerExecutor-hivemq-controller-138] DEBUG c.h.p.o.HiveMQPlatformReconciler - [helmlega] Custom Resource Status ROLLING_RESTART - HiveMQ Platform is restarting Pods (rolling restart) (RESTART_PODS_IN_PROGRESS)
2025-01-29 22:17:10,659 INFO c.h.h.t.HelmChartContainer - [hivemq-test-hivemq-platform] [hivemq-platform-operator] [349193a2] 22:17:10.659 [ReconcilerExecutor-hivemq-controller-138] DEBUG c.h.p.o.HiveMQPlatformReconciler - [helmlega] Custom Resource Spec (replicas: 1) (extensions: 2)
2025-01-29 22:17:10,661 INFO c.h.h.t.HelmChartContainer - [hivemq-test-hivemq-platform] [hivemq-platform-operator] [349193a2] 22:17:10.660 [ReconcilerExecutor-hivemq-controller-138] DEBUG c.h.p.o.HiveMQPlatformReconciler - [helmlega] StatefulSet Status (revision: test-hivemq-legacy-platform-65df8dcb7f, replicas: 2, available: 1, ready: 1, current: 2, updated: 2)
2025-01-29 22:17:10,661 INFO c.h.h.t.HelmChartContainer - [hivemq-test-hivemq-platform] [hivemq-platform-operator] [349193a2] 22:17:10.660 [ReconcilerExecutor-hivemq-controller-138] DEBUG c.h.p.o.HiveMQPlatformReconciler - [helmlega] StatefulSet Spec (replicas: 2, init containers: 1, containers: 1, volumes: 6)
2025-01-29 22:17:10,663 INFO c.h.h.t.HelmChartContainer - [hivemq-test-hivemq-platform] [hivemq-platform-operator] [349193a2] 22:17:10.663 [ReconcilerExecutor-hivemq-controller-138] DEBUG c.h.p.o.h.HiveMQPlatformReconcilerErrorHandler - [helmlega] Pod 'test-hivemq-legacy-platform-1' phase Running
2025-01-29 22:17:10,667 INFO c.h.h.t.HelmChartContainer - [hivemq-test-hivemq-platform] [hivemq-platform-operator] [349193a2] 22:17:10.666 [ReconcilerExecutor-hivemq-controller-138] DEBUG c.h.p.o.h.HiveMQPlatformReconcilerErrorHandler - [helmlega] Pod 'test-hivemq-legacy-platform-0' phase Running
2025-01-29 22:17:10,667 INFO c.h.h.t.HelmChartContainer - [hivemq-test-hivemq-platform] [hivemq-platform-operator] [349193a2] 22:17:10.667 [ReconcilerExecutor-hivemq-controller-138] DEBUG c.h.p.o.h.HiveMQPlatformReconcilerRollingRestartHandler - [helmlega] Rolling restart is waiting for 1 of 2 replicas
2025-01-29 22:17:10,714 INFO c.h.h.t.HelmChartContainer - [EVENT] Warning [Unhealthy] Readiness probe failed: HTTP probe failed with statuscode: 503 [helmlegacystatefulsetmigrationit-operator:test-hivemq-legacy-platform-0]
2025-01-29 22:17:10,714 INFO c.h.h.t.HelmChartContainer - Received Unhealthy event for container hivemq in pod test-hivemq-legacy-platform-0 [d5f7d48a-e28b-4ba5-b565-f5c385ab8683]
2025-01-29 22:17:11,617 INFO c.h.h.t.HelmChartContainer - [test-hivemq-legacy-platform] [hivemq] [d5f7d48a] INFO  - Starting HiveMQ Enterprise Server
2025-01-29 22:17:11,622 INFO c.h.h.t.HelmChartContainer - [test-hivemq-legacy-platform] [hivemq] [d5f7d48a] INFO  - HiveMQ version: 4.36.0
2025-01-29 22:17:11,622 INFO c.h.h.t.HelmChartContainer - [test-hivemq-legacy-platform] [hivemq] [d5f7d48a] INFO  - HiveMQ home directory: /opt/hivemq
2025-01-29 22:17:11,623 INFO c.h.h.t.HelmChartContainer - [test-hivemq-legacy-platform] [hivemq] [d5f7d48a] INFO  - Log Configuration was overridden by /opt/hivemq/conf/logback.xml
2025-01-29 22:17:12,820 INFO c.h.h.t.HelmChartContainer - [test-hivemq-legacy-platform] [hivemq] [d5f7d48a] INFO  - Successfully loaded configuration from '/opt/hivemq/conf-k8s/config.xml'.
2025-01-29 22:17:13,122 INFO c.h.h.t.HelmChartContainer - [test-hivemq-legacy-platform] [hivemq] [d5f7d48a] INFO  - This node's ID is nP8ra
2025-01-29 22:17:13,332 INFO c.h.h.t.HelmChartContainer - [test-hivemq-legacy-platform] [hivemq] [d5f7d48a] INFO  - Clustering is enabled
2025-01-29 22:17:16,214 INFO c.h.h.t.HelmChartContainer - [test-hivemq-legacy-platform] [hivemq] [d5f7d48a] WARN  - [HiveMQ Platform Operator Init App 1.7.0-SNAPSHOT] Cannot connect to Health API for readiness: null
2025-01-29 22:17:16,219 INFO c.h.h.t.HelmChartContainer - [EVENT] Warning [Unhealthy] Readiness probe failed: HTTP probe failed with statuscode: 503 [helmlegacystatefulsetmigrationit-operator:test-hivemq-legacy-platform-0]
2025-01-29 22:17:16,220 INFO c.h.h.t.HelmChartContainer - Received Unhealthy event for container hivemq in pod test-hivemq-legacy-platform-0 [d5f7d48a-e28b-4ba5-b565-f5c385ab8683]
2025-01-29 22:17:17,913 INFO c.h.h.t.HelmChartContainer - [test-hivemq-legacy-platform] [hivemq] [d5f7d48a] WARN  - [HiveMQ Platform Operator Init App 1.7.0-SNAPSHOT] Cannot connect to Health API for liveness: null
2025-01-29 22:17:17,913 INFO c.h.h.t.HelmChartContainer - [test-hivemq-legacy-platform] [hivemq] [d5f7d48a] INFO  - [HiveMQ Platform Operator Init App 1.7.0-SNAPSHOT] Returning default Health API response 200 for liveness
2025-01-29 22:17:20,639 INFO c.h.h.t.HelmChartContainer - [test-hivemq-legacy-platform] [hivemq] [d5f7d48a] WARN  - [HiveMQ Platform Operator Init App 1.7.0-SNAPSHOT] Cannot connect to Health API for readiness: null
2025-01-29 22:17:20,644 INFO c.h.h.t.HelmChartContainer - [EVENT] Warning [Unhealthy] Readiness probe failed: HTTP probe failed with statuscode: 503 [helmlegacystatefulsetmigrationit-operator:test-hivemq-legacy-platform-0]
2025-01-29 22:17:20,644 INFO c.h.h.t.HelmChartContainer - Received Unhealthy event for container hivemq in pod test-hivemq-legacy-platform-0 [d5f7d48a-e28b-4ba5-b565-f5c385ab8683]
2025-01-29 22:17:20,672 INFO c.h.h.t.HelmChartContainer - [hivemq-test-hivemq-platform] [hivemq-platform-operator] [349193a2] 22:17:20.670 [pool-6-thread-30] DEBUG c.h.p.o.d.PodServiceAccountResource - [helmlega] Desired PodServiceAccountResource (serviceAccountName: hivemq-platform-pod-test-hivemq-legacy-platform)
2025-01-29 22:17:20,672 INFO c.h.h.t.HelmChartContainer - [hivemq-test-hivemq-platform] [hivemq-platform-operator] [349193a2] 22:17:20.670 [pool-6-thread-26] DEBUG c.h.p.o.dependants.PodInfoConfigMap - [helmlega] Desired PodInfo ConfigMap (2 extensions) (1 enabled)
2025-01-29 22:17:20,672 INFO c.h.h.t.HelmChartContainer - [hivemq-test-hivemq-platform] [hivemq-platform-operator] [349193a2] 22:17:20.670 [pool-6-thread-26] DEBUG c.h.p.o.dependants.PodInfoConfigMap - [helmlega] Desired PodInfo ConfigMap (metrics port: 9399) (metrics path: /)
2025-01-29 22:17:20,672 INFO c.h.h.t.HelmChartContainer - [hivemq-test-hivemq-platform] [hivemq-platform-operator] [349193a2] 22:17:20.670 [pool-6-thread-26] DEBUG c.h.p.o.dependants.PodInfoConfigMap - [helmlega] Desired PodInfo ConfigMap (extension state hash: -1220239358)
2025-01-29 22:17:20,673 INFO c.h.h.t.HelmChartContainer - [hivemq-test-hivemq-platform] [hivemq-platform-operator] [349193a2] 22:17:20.671 [pool-6-thread-22] DEBUG c.h.p.o.d.PlatformServiceResource - [helmlega] Desired Platform services (4 services)
2025-01-29 22:17:20,676 INFO c.h.h.t.HelmChartContainer - [hivemq-test-hivemq-platform] [hivemq-platform-operator] [349193a2] 22:17:20.675 [pool-6-thread-22] DEBUG c.h.p.o.d.StatefulSetResource - [helmlega] Desired StatefulSet (2 replicas) for status ROLLING_RESTART (RESTART_PODS_IN_PROGRESS)
2025-01-29 22:17:20,680 INFO c.h.h.t.HelmChartContainer - [hivemq-test-hivemq-platform] [hivemq-platform-operator] [349193a2] 22:17:20.678 [ReconcilerExecutor-hivemq-controller-139] INFO  c.h.p.o.HiveMQPlatformReconciler - [helmlega] Reconciling HiveMQ Platform 'test-hivemq-legacy-platform' in namespace 'helmlegacystatefulsetmigrationit-operator'
2025-01-29 22:17:20,680 INFO c.h.h.t.HelmChartContainer - [hivemq-test-hivemq-platform] [hivemq-platform-operator] [349193a2] 22:17:20.678 [ReconcilerExecutor-hivemq-controller-139] DEBUG c.h.p.o.HiveMQPlatformReconciler - [helmlega] Custom Resource Status ROLLING_RESTART - HiveMQ Platform is restarting Pods (rolling restart) (RESTART_PODS_IN_PROGRESS)
2025-01-29 22:17:20,680 INFO c.h.h.t.HelmChartContainer - [hivemq-test-hivemq-platform] [hivemq-platform-operator] [349193a2] 22:17:20.678 [ReconcilerExecutor-hivemq-controller-139] DEBUG c.h.p.o.HiveMQPlatformReconciler - [helmlega] Custom Resource Spec (replicas: 1) (extensions: 2)
2025-01-29 22:17:20,683 INFO c.h.h.t.HelmChartContainer - [hivemq-test-hivemq-platform] [hivemq-platform-operator] [349193a2] 22:17:20.679 [ReconcilerExecutor-hivemq-controller-139] DEBUG c.h.p.o.HiveMQPlatformReconciler - [helmlega] StatefulSet Status (revision: test-hivemq-legacy-platform-65df8dcb7f, replicas: 2, available: 1, ready: 1, current: 2, updated: 2)
2025-01-29 22:17:20,683 INFO c.h.h.t.HelmChartContainer - [hivemq-test-hivemq-platform] [hivemq-platform-operator] [349193a2] 22:17:20.679 [ReconcilerExecutor-hivemq-controller-139] DEBUG c.h.p.o.HiveMQPlatformReconciler - [helmlega] StatefulSet Spec (replicas: 2, init containers: 1, containers: 1, volumes: 6)
2025-01-29 22:17:20,683 INFO c.h.h.t.HelmChartContainer - [hivemq-test-hivemq-platform] [hivemq-platform-operator] [349193a2] 22:17:20.681 [ReconcilerExecutor-hivemq-controller-139] DEBUG c.h.p.o.h.HiveMQPlatformReconcilerErrorHandler - [helmlega] Pod 'test-hivemq-legacy-platform-1' phase Running
2025-01-29 22:17:20,683 INFO c.h.h.t.HelmChartContainer - [hivemq-test-hivemq-platform] [hivemq-platform-operator] [349193a2] 22:17:20.682 [ReconcilerExecutor-hivemq-controller-139] DEBUG c.h.p.o.h.HiveMQPlatformReconcilerErrorHandler - [helmlega] Pod 'test-hivemq-legacy-platform-0' phase Running
2025-01-29 22:17:20,683 INFO c.h.h.t.HelmChartContainer - [hivemq-test-hivemq-platform] [hivemq-platform-operator] [349193a2] 22:17:20.682 [ReconcilerExecutor-hivemq-controller-139] DEBUG c.h.p.o.h.HiveMQPlatformReconcilerRollingRestartHandler - [helmlega] Rolling restart is waiting for 1 of 2 replicas
2025-01-29 22:17:25,713 INFO c.h.h.t.HelmChartContainer - [test-hivemq-legacy-platform] [hivemq] [d5f7d48a] WARN  - [HiveMQ Platform Operator Init App 1.7.0-SNAPSHOT] Cannot connect to Health API for readiness: null
2025-01-29 22:17:25,718 INFO c.h.h.t.HelmChartContainer - [EVENT] Warning [Unhealthy] Readiness probe failed: HTTP probe failed with statuscode: 503 [helmlegacystatefulsetmigrationit-operator:test-hivemq-legacy-platform-0]
2025-01-29 22:17:25,718 INFO c.h.h.t.HelmChartContainer - Received Unhealthy event for container hivemq in pod test-hivemq-legacy-platform-0 [d5f7d48a-e28b-4ba5-b565-f5c385ab8683]
2025-01-29 22:17:26,711 INFO c.h.h.t.HelmChartContainer - [test-hivemq-legacy-platform] [hivemq] [d5f7d48a] INFO  - No valid license file found. Using trial license, restricted to 25 connections.
2025-01-29 22:17:30,430 INFO c.h.h.t.HelmChartContainer - [test-hivemq-legacy-platform] [hivemq] [d5f7d48a] INFO  - No valid license file for Data Hub found. Using free license, restricted to 1 policy.
2025-01-29 22:17:30,687 INFO c.h.h.t.HelmChartContainer - [hivemq-test-hivemq-platform] [hivemq-platform-operator] [349193a2] 22:17:30.686 [pool-6-thread-34] DEBUG c.h.p.o.dependants.PodInfoConfigMap - [helmlega] Desired PodInfo ConfigMap (2 extensions) (1 enabled)
2025-01-29 22:17:30,688 INFO c.h.h.t.HelmChartContainer - [hivemq-test-hivemq-platform] [hivemq-platform-operator] [349193a2] 22:17:30.686 [pool-6-thread-34] DEBUG c.h.p.o.dependants.PodInfoConfigMap - [helmlega] Desired PodInfo ConfigMap (metrics port: 9399) (metrics path: /)
2025-01-29 22:17:30,688 INFO c.h.h.t.HelmChartContainer - [hivemq-test-hivemq-platform] [hivemq-platform-operator] [349193a2] 22:17:30.686 [pool-6-thread-34] DEBUG c.h.p.o.dependants.PodInfoConfigMap - [helmlega] Desired PodInfo ConfigMap (extension state hash: -1220239358)
2025-01-29 22:17:30,688 INFO c.h.h.t.HelmChartContainer - [hivemq-test-hivemq-platform] [hivemq-platform-operator] [349193a2] 22:17:30.686 [pool-6-thread-35] DEBUG c.h.p.o.d.PlatformServiceResource - [helmlega] Desired Platform services (4 services)
2025-01-29 22:17:30,688 INFO c.h.h.t.HelmChartContainer - [hivemq-test-hivemq-platform] [hivemq-platform-operator] [349193a2] 22:17:30.687 [pool-6-thread-31] DEBUG c.h.p.o.d.PodServiceAccountResource - [helmlega] Desired PodServiceAccountResource (serviceAccountName: hivemq-platform-pod-test-hivemq-legacy-platform)
2025-01-29 22:17:30,691 INFO c.h.h.t.HelmChartContainer - [hivemq-test-hivemq-platform] [hivemq-platform-operator] [349193a2] 22:17:30.691 [pool-6-thread-35] DEBUG c.h.p.o.d.StatefulSetResource - [helmlega] Desired StatefulSet (2 replicas) for status ROLLING_RESTART (RESTART_PODS_IN_PROGRESS)
2025-01-29 22:17:30,695 INFO c.h.h.t.HelmChartContainer - [hivemq-test-hivemq-platform] [hivemq-platform-operator] [349193a2] 22:17:30.694 [ReconcilerExecutor-hivemq-controller-140] INFO  c.h.p.o.HiveMQPlatformReconciler - [helmlega] Reconciling HiveMQ Platform 'test-hivemq-legacy-platform' in namespace 'helmlegacystatefulsetmigrationit-operator'
2025-01-29 22:17:30,695 INFO c.h.h.t.HelmChartContainer - [hivemq-test-hivemq-platform] [hivemq-platform-operator] [349193a2] 22:17:30.694 [ReconcilerExecutor-hivemq-controller-140] DEBUG c.h.p.o.HiveMQPlatformReconciler - [helmlega] Custom Resource Status ROLLING_RESTART - HiveMQ Platform is restarting Pods (rolling restart) (RESTART_PODS_IN_PROGRESS)
2025-01-29 22:17:30,696 INFO c.h.h.t.HelmChartContainer - [hivemq-test-hivemq-platform] [hivemq-platform-operator] [349193a2] 22:17:30.694 [ReconcilerExecutor-hivemq-controller-140] DEBUG c.h.p.o.HiveMQPlatformReconciler - [helmlega] Custom Resource Spec (replicas: 1) (extensions: 2)
2025-01-29 22:17:30,697 INFO c.h.h.t.HelmChartContainer - [hivemq-test-hivemq-platform] [hivemq-platform-operator] [349193a2] 22:17:30.696 [ReconcilerExecutor-hivemq-controller-140] DEBUG c.h.p.o.HiveMQPlatformReconciler - [helmlega] StatefulSet Status (revision: test-hivemq-legacy-platform-65df8dcb7f, replicas: 2, available: 1, ready: 1, current: 2, updated: 2)
2025-01-29 22:17:30,697 INFO c.h.h.t.HelmChartContainer - [hivemq-test-hivemq-platform] [hivemq-platform-operator] [349193a2] 22:17:30.696 [ReconcilerExecutor-hivemq-controller-140] DEBUG c.h.p.o.HiveMQPlatformReconciler - [helmlega] StatefulSet Spec (replicas: 2, init containers: 1, containers: 1, volumes: 6)
2025-01-29 22:17:30,698 INFO c.h.h.t.HelmChartContainer - [hivemq-test-hivemq-platform] [hivemq-platform-operator] [349193a2] 22:17:30.697 [ReconcilerExecutor-hivemq-controller-140] DEBUG c.h.p.o.h.HiveMQPlatformReconcilerErrorHandler - [helmlega] Pod 'test-hivemq-legacy-platform-1' phase Running
2025-01-29 22:17:30,699 INFO c.h.h.t.HelmChartContainer - [hivemq-test-hivemq-platform] [hivemq-platform-operator] [349193a2] 22:17:30.698 [ReconcilerExecutor-hivemq-controller-140] DEBUG c.h.p.o.h.HiveMQPlatformReconcilerErrorHandler - [helmlega] Pod 'test-hivemq-legacy-platform-0' phase Running
2025-01-29 22:17:30,700 INFO c.h.h.t.HelmChartContainer - [hivemq-test-hivemq-platform] [hivemq-platform-operator] [349193a2] 22:17:30.699 [ReconcilerExecutor-hivemq-controller-140] DEBUG c.h.p.o.h.HiveMQPlatformReconcilerRollingRestartHandler - [helmlega] Rolling restart is waiting for 1 of 2 replicas
2025-01-29 22:17:30,715 INFO c.h.h.t.HelmChartContainer - [test-hivemq-legacy-platform] [hivemq] [d5f7d48a] WARN  - [HiveMQ Platform Operator Init App 1.7.0-SNAPSHOT] Cannot connect to Health API for readiness: null
2025-01-29 22:17:30,722 INFO c.h.h.t.HelmChartContainer - [EVENT] Warning [Unhealthy] Readiness probe failed: HTTP probe failed with statuscode: 503 [helmlegacystatefulsetmigrationit-operator:test-hivemq-legacy-platform-0]
2025-01-29 22:17:30,722 INFO c.h.h.t.HelmChartContainer - Received Unhealthy event for container hivemq in pod test-hivemq-legacy-platform-0 [d5f7d48a-e28b-4ba5-b565-f5c385ab8683]
2025-01-29 22:17:31,635 INFO c.h.h.t.HelmChartContainer - [test-hivemq-legacy-platform] [hivemq] [d5f7d48a] INFO  - Audit Logger started.
2025-01-29 22:17:31,939 INFO c.h.h.t.HelmChartContainer - [test-hivemq-legacy-platform] [hivemq] [d5f7d48a] INFO  - This node uses '1' CPU cores.
2025-01-29 22:17:31,944 INFO c.h.h.t.HelmChartContainer - [test-hivemq-legacy-platform] [hivemq] [d5f7d48a] INFO  - Starting HiveMQ Health API on address 0.0.0.0 and port 8889
2025-01-29 22:17:32,715 INFO c.h.h.t.HelmChartContainer - [test-hivemq-legacy-platform] [hivemq] [d5f7d48a] INFO  - Started HiveMQ Health API in 771ms
2025-01-29 22:17:33,521 INFO c.h.h.t.HelmChartContainer - [test-hivemq-legacy-platform] [hivemq] [d5f7d48a] INFO  - Starting HiveMQ extension system.
2025-01-29 22:17:36,026 INFO c.h.h.t.HelmChartContainer - [test-hivemq-legacy-platform] [hivemq] [d5f7d48a] INFO  - No license found for enterprise extension with name "HiveMQ Enterprise Security Extension". Entering extension trial mode. "HiveMQ Enterprise Security Extension" will be disabled in 5 hours.
2025-01-29 22:17:36,416 INFO c.h.h.t.HelmChartContainer - [test-hivemq-legacy-platform] [hivemq] [d5f7d48a] INFO  - Starting extension with id "hivemq-dns-cluster-discovery" at /opt/hivemq/extensions/hivemq-dns-cluster-discovery
2025-01-29 22:17:36,678 INFO c.h.h.t.HelmChartContainer - [EVENT] Warning [Unhealthy] Readiness probe failed: Get "http://10.42.0.14:7979/readiness": context deadline exceeded (Client.Timeout exceeded while awaiting headers) [helmlegacystatefulsetmigrationit-operator:test-hivemq-legacy-platform-0]
2025-01-29 22:17:36,678 INFO c.h.h.t.HelmChartContainer - Received Unhealthy event for container hivemq in pod test-hivemq-legacy-platform-0 [d5f7d48a-e28b-4ba5-b565-f5c385ab8683]
2025-01-29 22:17:36,816 INFO c.h.h.t.HelmChartContainer - [test-hivemq-legacy-platform] [hivemq] [d5f7d48a] INFO  - [HiveMQ Platform Operator Init App 1.7.0-SNAPSHOT] Returning Health API response 503 for readiness
2025-01-29 22:17:37,216 INFO c.h.h.t.HelmChartContainer - [test-hivemq-legacy-platform] [hivemq] [d5f7d48a] INFO  - Extension "DNS Cluster Discovery Extension" version 4.3.2 started successfully.
2025-01-29 22:17:37,216 INFO c.h.h.t.HelmChartContainer - [test-hivemq-legacy-platform] [hivemq] [d5f7d48a] INFO  - Starting extension with id "hivemq-enterprise-security-extension" at /opt/hivemq/extensions/hivemq-enterprise-security-extension
2025-01-29 22:17:37,219 INFO c.h.h.t.HelmChartContainer - [test-hivemq-legacy-platform] [hivemq] [d5f7d48a] INFO  - Using TCP cluster transport on address 10.42.0.14 and port 7000
2025-01-29 22:17:37,224 INFO c.h.h.t.HelmChartContainer - [test-hivemq-legacy-platform] [hivemq] [d5f7d48a] INFO  - Using extension cluster discovery
2025-01-29 22:17:38,515 INFO c.h.h.t.HelmChartContainer - [test-hivemq-legacy-platform] [hivemq] [9421e7ca] INFO  - Cluster nodes found by discovery: [CTmYL|3] (2) [CTmYL, nP8ra].
2025-01-29 22:17:38,613 INFO c.h.h.t.HelmChartContainer - [test-hivemq-legacy-platform] [hivemq] [d5f7d48a] INFO  - Cluster nodes found by discovery: [CTmYL|3] (2) [CTmYL, nP8ra].
2025-01-29 22:17:38,907 INFO c.h.h.t.HelmChartContainer - [test-hivemq-legacy-platform] [hivemq] [d5f7d48a] INFO  - Cluster size = 1, members : [CTmYL].
2025-01-29 22:17:38,919 INFO c.h.h.t.HelmChartContainer - [test-hivemq-legacy-platform] [hivemq] [d5f7d48a] WARN  - HiveMQ Enterprise Security Extension: The configuration file is placed at the legacy location '/opt/hivemq/extensions/hivemq-enterprise-security-extension/conf/enterprise-security-extension.xml'. Please move the configuration file to the new location '/opt/hivemq/extensions/hivemq-enterprise-security-extension/conf/config.xml'. Support for the legacy location will be removed in a future release.
2025-01-29 22:17:39,118 INFO c.h.h.t.HelmChartContainer - [test-hivemq-legacy-platform] [hivemq] [d5f7d48a] INFO  - HiveMQ Enterprise Security Extension: Successfully loaded configuration from '/opt/hivemq/extensions/hivemq-enterprise-security-extension/conf/enterprise-security-extension.xml'.
2025-01-29 22:17:39,121 INFO c.h.h.t.HelmChartContainer - [test-hivemq-legacy-platform] [hivemq] [d5f7d48a] INFO  - HiveMQ Enterprise Security Extension: Starting HiveMQ Enterprise Security Extension.
2025-01-29 22:17:39,408 INFO c.h.h.t.HelmChartContainer - [test-hivemq-legacy-platform] [hivemq] [d5f7d48a] INFO  - Starting cluster join process. This may take a while. Please do not shut down HiveMQ.
2025-01-29 22:17:39,411 INFO c.h.h.t.HelmChartContainer - [test-hivemq-legacy-platform] [hivemq] [d5f7d48a] INFO  - Cluster join process is still ongoing. Please do not shut down HiveMQ.
2025-01-29 22:17:39,508 INFO c.h.h.t.HelmChartContainer - [test-hivemq-legacy-platform] [hivemq] [d5f7d48a] INFO  - HiveMQ Enterprise Security Extension: Access log is written to /opt/hivemq/log/access/access.log.
2025-01-29 22:17:39,828 INFO c.h.h.t.HelmChartContainer - [test-hivemq-legacy-platform] [hivemq] [d5f7d48a] INFO  - HiveMQ Enterprise Security Extension: Started HiveMQ Enterprise Security Extension successfully in 2612ms.
2025-01-29 22:17:39,828 INFO c.h.h.t.HelmChartContainer - [test-hivemq-legacy-platform] [hivemq] [d5f7d48a] INFO  - Extension "HiveMQ Enterprise Security Extension" version 4.36.0 started successfully.
2025-01-29 22:17:39,828 INFO c.h.h.t.HelmChartContainer - [test-hivemq-legacy-platform] [hivemq] [d5f7d48a] INFO  - Starting extension with id "hivemq-prometheus-extension" at /opt/hivemq/extensions/hivemq-prometheus-extension
2025-01-29 22:17:40,310 INFO c.h.h.t.HelmChartContainer - [test-hivemq-legacy-platform] [hivemq] [d5f7d48a] INFO  - Started Jetty Server exposing Prometheus Servlet on URI http://0.0.0.0:9399/
2025-01-29 22:17:40,310 INFO c.h.h.t.HelmChartContainer - [test-hivemq-legacy-platform] [hivemq] [d5f7d48a] INFO  - Extension "Prometheus Monitoring Extension" version 4.0.12 started successfully.
2025-01-29 22:17:40,644 INFO c.h.h.t.HelmChartContainer - [EVENT] Warning [Unhealthy] Readiness probe failed: HTTP probe failed with statuscode: 503 [helmlegacystatefulsetmigrationit-operator:test-hivemq-legacy-platform-0]
2025-01-29 22:17:40,644 INFO c.h.h.t.HelmChartContainer - Received Unhealthy event for container hivemq in pod test-hivemq-legacy-platform-0 [d5f7d48a-e28b-4ba5-b565-f5c385ab8683]
2025-01-29 22:17:40,706 INFO c.h.h.t.HelmChartContainer - [hivemq-test-hivemq-platform] [hivemq-platform-operator] [349193a2] 22:17:40.702 [pool-6-thread-41] DEBUG c.h.p.o.d.PlatformServiceResource - [helmlega] Desired Platform services (4 services)
2025-01-29 22:17:40,706 INFO c.h.h.t.HelmChartContainer - [hivemq-test-hivemq-platform] [hivemq-platform-operator] [349193a2] 22:17:40.702 [pool-6-thread-49] DEBUG c.h.p.o.dependants.PodInfoConfigMap - [helmlega] Desired PodInfo ConfigMap (2 extensions) (1 enabled)
2025-01-29 22:17:40,706 INFO c.h.h.t.HelmChartContainer - [hivemq-test-hivemq-platform] [hivemq-platform-operator] [349193a2] 22:17:40.702 [pool-6-thread-49] DEBUG c.h.p.o.dependants.PodInfoConfigMap - [helmlega] Desired PodInfo ConfigMap (metrics port: 9399) (metrics path: /)
2025-01-29 22:17:40,706 INFO c.h.h.t.HelmChartContainer - [hivemq-test-hivemq-platform] [hivemq-platform-operator] [349193a2] 22:17:40.702 [pool-6-thread-49] DEBUG c.h.p.o.dependants.PodInfoConfigMap - [helmlega] Desired PodInfo ConfigMap (extension state hash: -1220239358)
2025-01-29 22:17:40,706 INFO c.h.h.t.HelmChartContainer - [hivemq-test-hivemq-platform] [hivemq-platform-operator] [349193a2] 22:17:40.703 [pool-6-thread-45] DEBUG c.h.p.o.d.PodServiceAccountResource - [helmlega] Desired PodServiceAccountResource (serviceAccountName: hivemq-platform-pod-test-hivemq-legacy-platform)
2025-01-29 22:17:40,708 INFO c.h.h.t.HelmChartContainer - [hivemq-test-hivemq-platform] [hivemq-platform-operator] [349193a2] 22:17:40.708 [pool-6-thread-41] DEBUG c.h.p.o.d.StatefulSetResource - [helmlega] Desired StatefulSet (2 replicas) for status ROLLING_RESTART (RESTART_PODS_IN_PROGRESS)
2025-01-29 22:17:40,711 INFO c.h.h.t.HelmChartContainer - [hivemq-test-hivemq-platform] [hivemq-platform-operator] [349193a2] 22:17:40.711 [ReconcilerExecutor-hivemq-controller-141] INFO  c.h.p.o.HiveMQPlatformReconciler - [helmlega] Reconciling HiveMQ Platform 'test-hivemq-legacy-platform' in namespace 'helmlegacystatefulsetmigrationit-operator'
2025-01-29 22:17:40,712 INFO c.h.h.t.HelmChartContainer - [hivemq-test-hivemq-platform] [hivemq-platform-operator] [349193a2] 22:17:40.711 [ReconcilerExecutor-hivemq-controller-141] DEBUG c.h.p.o.HiveMQPlatformReconciler - [helmlega] Custom Resource Status ROLLING_RESTART - HiveMQ Platform is restarting Pods (rolling restart) (RESTART_PODS_IN_PROGRESS)
2025-01-29 22:17:40,712 INFO c.h.h.t.HelmChartContainer - [hivemq-test-hivemq-platform] [hivemq-platform-operator] [349193a2] 22:17:40.711 [ReconcilerExecutor-hivemq-controller-141] DEBUG c.h.p.o.HiveMQPlatformReconciler - [helmlega] Custom Resource Spec (replicas: 1) (extensions: 2)
2025-01-29 22:17:40,713 INFO c.h.h.t.HelmChartContainer - [hivemq-test-hivemq-platform] [hivemq-platform-operator] [349193a2] 22:17:40.712 [ReconcilerExecutor-hivemq-controller-141] DEBUG c.h.p.o.HiveMQPlatformReconciler - [helmlega] StatefulSet Status (revision: test-hivemq-legacy-platform-65df8dcb7f, replicas: 2, available: 1, ready: 1, current: 2, updated: 2)
2025-01-29 22:17:40,713 INFO c.h.h.t.HelmChartContainer - [hivemq-test-hivemq-platform] [hivemq-platform-operator] [349193a2] 22:17:40.712 [ReconcilerExecutor-hivemq-controller-141] DEBUG c.h.p.o.HiveMQPlatformReconciler - [helmlega] StatefulSet Spec (replicas: 2, init containers: 1, containers: 1, volumes: 6)
2025-01-29 22:17:40,714 INFO c.h.h.t.HelmChartContainer - [hivemq-test-hivemq-platform] [hivemq-platform-operator] [349193a2] 22:17:40.713 [ReconcilerExecutor-hivemq-controller-141] DEBUG c.h.p.o.h.HiveMQPlatformReconcilerErrorHandler - [helmlega] Pod 'test-hivemq-legacy-platform-1' phase Running
2025-01-29 22:17:40,715 INFO c.h.h.t.HelmChartContainer - [hivemq-test-hivemq-platform] [hivemq-platform-operator] [349193a2] 22:17:40.715 [ReconcilerExecutor-hivemq-controller-141] DEBUG c.h.p.o.h.HiveMQPlatformReconcilerErrorHandler - [helmlega] Pod 'test-hivemq-legacy-platform-0' phase Running
2025-01-29 22:17:40,716 INFO c.h.h.t.HelmChartContainer - [hivemq-test-hivemq-platform] [hivemq-platform-operator] [349193a2] 22:17:40.715 [ReconcilerExecutor-hivemq-controller-141] DEBUG c.h.p.o.h.HiveMQPlatformReconcilerRollingRestartHandler - [helmlega] Rolling restart is waiting for 1 of 2 replicas
2025-01-29 22:17:41,539 INFO c.h.h.t.HelmChartContainer - [test-hivemq-legacy-platform] [hivemq] [9421e7ca] INFO  - Cluster size = 2, members : [nP8ra, CTmYL].
2025-01-29 22:17:41,550 INFO c.h.h.t.HelmChartContainer - [test-hivemq-legacy-platform] [hivemq] [d5f7d48a] INFO  - Cluster size = 2, members : [nP8ra, CTmYL].
2025-01-29 22:17:41,611 INFO c.h.h.t.HelmChartContainer - [test-hivemq-legacy-platform] [hivemq] [d5f7d48a] INFO  - Finished cluster join process successfully.
2025-01-29 22:17:41,613 INFO c.h.h.t.HelmChartContainer - [test-hivemq-legacy-platform] [hivemq] [d5f7d48a] INFO  - Starting HiveMQ REST API on address 0.0.0.0 and port 8888
2025-01-29 22:17:42,008 INFO c.h.h.t.HelmChartContainer - [test-hivemq-legacy-platform] [hivemq] [d5f7d48a] INFO  - Started HiveMQ REST API in 396ms
2025-01-29 22:17:42,009 INFO c.h.h.t.HelmChartContainer - [test-hivemq-legacy-platform] [hivemq] [d5f7d48a] WARN  - No user for HiveMQ Control Center configured. Starting with default user
2025-01-29 22:17:42,009 INFO c.h.h.t.HelmChartContainer - [test-hivemq-legacy-platform] [hivemq] [d5f7d48a] INFO  - Starting HiveMQ Control Center on address 0.0.0.0 and port 8080
2025-01-29 22:17:42,013 INFO c.h.h.t.HelmChartContainer - [test-hivemq-legacy-platform] [hivemq] [d5f7d48a] INFO  - Mounting HiveMQ Control Center V2 Preview
2025-01-29 22:17:42,519 INFO c.h.h.t.HelmChartContainer - [test-hivemq-legacy-platform] [hivemq] [d5f7d48a] INFO  - Started HiveMQ Control Center in 509ms
2025-01-29 22:17:42,608 INFO c.h.h.t.HelmChartContainer - [test-hivemq-legacy-platform] [hivemq] [d5f7d48a] INFO  - Starting TCP listener on address 0.0.0.0 and port 1883
2025-01-29 22:17:42,623 INFO c.h.h.t.HelmChartContainer - [test-hivemq-legacy-platform] [hivemq] [d5f7d48a] INFO  - Started TCP Listener on address 0.0.0.0 and on port 1883.
2025-01-29 22:17:42,623 INFO c.h.h.t.HelmChartContainer - [test-hivemq-legacy-platform] [hivemq] [d5f7d48a] INFO  - Started HiveMQ in 31392ms
2025-01-29 22:17:45,640 INFO c.h.h.t.HelmChartContainer - [test-hivemq-legacy-platform] [hivemq] [d5f7d48a] INFO  - [HiveMQ Platform Operator Init App 1.7.0-SNAPSHOT] Returning Health API response 200 for readiness
2025-01-29 22:17:45,652 INFO c.h.h.t.HelmChartContainer - [POD] test-hivemq-legacy-platform-0 [d5f7d48a-e28b-4ba5-b565-f5c385ab8683] in helmlegacystatefulsetmigrationit-operator was MODIFIED
2025-01-29 22:17:45,665 INFO c.h.h.t.HelmChartContainer - [hivemq-test-hivemq-platform] [hivemq-platform-operator] [349193a2] 22:17:45.659 [pool-6-thread-1] DEBUG c.h.p.o.d.PlatformServiceResource - [helmlega] Desired Platform services (4 services)
2025-01-29 22:17:45,665 INFO c.h.h.t.HelmChartContainer - [hivemq-test-hivemq-platform] [hivemq-platform-operator] [349193a2] 22:17:45.660 [pool-6-thread-9] DEBUG c.h.p.o.d.PodServiceAccountResource - [helmlega] Desired PodServiceAccountResource (serviceAccountName: hivemq-platform-pod-test-hivemq-legacy-platform)
2025-01-29 22:17:45,665 INFO c.h.h.t.HelmChartContainer - [hivemq-test-hivemq-platform] [hivemq-platform-operator] [349193a2] 22:17:45.661 [pool-6-thread-6] DEBUG c.h.p.o.dependants.PodInfoConfigMap - [helmlega] Desired PodInfo ConfigMap (2 extensions) (1 enabled)
2025-01-29 22:17:45,665 INFO c.h.h.t.HelmChartContainer - [hivemq-test-hivemq-platform] [hivemq-platform-operator] [349193a2] 22:17:45.661 [pool-6-thread-6] DEBUG c.h.p.o.dependants.PodInfoConfigMap - [helmlega] Desired PodInfo ConfigMap (metrics port: 9399) (metrics path: /)
2025-01-29 22:17:45,665 INFO c.h.h.t.HelmChartContainer - [hivemq-test-hivemq-platform] [hivemq-platform-operator] [349193a2] 22:17:45.662 [pool-6-thread-6] DEBUG c.h.p.o.dependants.PodInfoConfigMap - [helmlega] Desired PodInfo ConfigMap (extension state hash: -1220239358)
2025-01-29 22:17:45,675 INFO c.h.h.t.HelmChartContainer - [hivemq-test-hivemq-platform] [hivemq-platform-operator] [349193a2] 22:17:45.671 [pool-6-thread-7] DEBUG c.h.p.o.d.StatefulSetResource - [helmlega] Desired StatefulSet (2 replicas) for status ROLLING_RESTART (RESTART_PODS_IN_PROGRESS)
2025-01-29 22:17:45,680 INFO c.h.h.t.HelmChartContainer - [hivemq-test-hivemq-platform] [hivemq-platform-operator] [349193a2] 22:17:45.679 [ReconcilerExecutor-hivemq-controller-142] INFO  c.h.p.o.HiveMQPlatformReconciler - [helmlega] Reconciling HiveMQ Platform 'test-hivemq-legacy-platform' in namespace 'helmlegacystatefulsetmigrationit-operator'
2025-01-29 22:17:45,681 INFO c.h.h.t.HelmChartContainer - [hivemq-test-hivemq-platform] [hivemq-platform-operator] [349193a2] 22:17:45.679 [ReconcilerExecutor-hivemq-controller-142] DEBUG c.h.p.o.HiveMQPlatformReconciler - [helmlega] Custom Resource Status ROLLING_RESTART - HiveMQ Platform is restarting Pods (rolling restart) (RESTART_PODS_IN_PROGRESS)
2025-01-29 22:17:45,681 INFO c.h.h.t.HelmChartContainer - [hivemq-test-hivemq-platform] [hivemq-platform-operator] [349193a2] 22:17:45.679 [ReconcilerExecutor-hivemq-controller-142] DEBUG c.h.p.o.HiveMQPlatformReconciler - [helmlega] Custom Resource Spec (replicas: 1) (extensions: 2)
2025-01-29 22:17:45,682 INFO c.h.h.t.HelmChartContainer - [hivemq-test-hivemq-platform] [hivemq-platform-operator] [349193a2] 22:17:45.681 [ReconcilerExecutor-hivemq-controller-142] DEBUG c.h.p.o.HiveMQPlatformReconciler - [helmlega] StatefulSet Status (revision: test-hivemq-legacy-platform-65df8dcb7f, replicas: 2, available: 2, ready: 2, current: 2, updated: 2)
2025-01-29 22:17:45,682 INFO c.h.h.t.HelmChartContainer - [hivemq-test-hivemq-platform] [hivemq-platform-operator] [349193a2] 22:17:45.681 [ReconcilerExecutor-hivemq-controller-142] DEBUG c.h.p.o.HiveMQPlatformReconciler - [helmlega] StatefulSet Spec (replicas: 2, init containers: 1, containers: 1, volumes: 6)
2025-01-29 22:17:45,685 INFO c.h.h.t.HelmChartContainer - [hivemq-test-hivemq-platform] [hivemq-platform-operator] [349193a2] 22:17:45.684 [ReconcilerExecutor-hivemq-controller-142] DEBUG c.h.p.o.h.HiveMQPlatformReconcilerErrorHandler - [helmlega] Pod 'test-hivemq-legacy-platform-1' phase Running
2025-01-29 22:17:45,686 INFO c.h.h.t.HelmChartContainer - [hivemq-test-hivemq-platform] [hivemq-platform-operator] [349193a2] 22:17:45.686 [ReconcilerExecutor-hivemq-controller-142] DEBUG c.h.p.o.h.HiveMQPlatformReconcilerErrorHandler - [helmlega] Pod 'test-hivemq-legacy-platform-0' phase Running
2025-01-29 22:17:45,763 INFO c.h.h.t.HelmChartContainer - [hivemq-test-hivemq-platform] [hivemq-platform-operator] [349193a2] 22:17:45.762 [ReconcilerExecutor-hivemq-controller-142] DEBUG c.h.p.o.h.HiveMQPlatformReconcilerRollingRestartHandler - [helmlega] Skipping Pod test-hivemq-legacy-platform-1 as it's already on the controller update revision (update revision: test-hivemq-legacy-platform-65df8dcb7f, pod revision: test-hivemq-legacy-platform-65df8dcb7f)
2025-01-29 22:17:45,767 INFO c.h.h.t.HelmChartContainer - [hivemq-test-hivemq-platform] [hivemq-platform-operator] [349193a2] 22:17:45.766 [ReconcilerExecutor-hivemq-controller-142] DEBUG c.h.p.o.h.HiveMQPlatformReconcilerRollingRestartHandler - [helmlega] Skipping Pod test-hivemq-legacy-platform-0 as it's already on the controller update revision (update revision: test-hivemq-legacy-platform-65df8dcb7f, pod revision: test-hivemq-legacy-platform-65df8dcb7f)
2025-01-29 22:17:45,767 INFO c.h.h.t.HelmChartContainer - [hivemq-test-hivemq-platform] [hivemq-platform-operator] [349193a2] 22:17:45.766 [ReconcilerExecutor-hivemq-controller-142] INFO  c.h.p.o.h.HiveMQPlatformReconcilerRollingRestartHandler - [helmlega] Stopping surge Pod
2025-01-29 22:17:45,778 INFO c.h.h.t.HelmChartContainer - [hivemq-test-hivemq-platform] [hivemq-platform-operator] [349193a2] 22:17:45.778 [ReconcilerExecutor-hivemq-controller-142] DEBUG c.h.p.operator.event.EventSender - [helmlega] Creating K8s event rolling-restart-scale-down-in-progress: [RollingRestart] HiveMQ Platform is stopping the surge Pod (rolling restart)
2025-01-29 22:17:45,782 INFO c.h.h.t.HelmChartContainer - [EVENT] Normal [RollingRestart] HiveMQ Platform is stopping the surge Pod (rolling restart) [helmlegacystatefulsetmigrationit-operator:test-hivemq-legacy-platform]
2025-01-29 22:17:45,783 INFO c.h.h.t.HelmChartContainer - [hivemq-test-hivemq-platform] [hivemq-platform-operator] [349193a2] 22:17:45.782 [ReconcilerExecutor-hivemq-controller-142] INFO  c.h.p.o.h.AbstractHiveMQReconcilerStateHandler - [helmlega] Update HiveMQ Platform Status (ROLLING_RESTART [RESTART_PODS_IN_PROGRESS] -> ROLLING_RESTART [SCALE_DOWN_IN_PROGRESS]): HiveMQ Platform is stopping the surge Pod (rolling restart)
2025-01-29 22:17:45,864 DEBUG com.hivemq.helmcharts.util.K8sUtil - Comparing actual state 'ROLLING_RESTART' and waiting for 'RUNNING'
2025-01-29 22:17:45,867 INFO c.h.h.t.HelmChartContainer - [hivemq-test-hivemq-platform] [hivemq-platform-operator] [349193a2] 22:17:45.866 [pool-6-thread-20] DEBUG c.h.p.o.d.PlatformServiceResource - [helmlega] Desired Platform services (4 services)
2025-01-29 22:17:45,870 INFO c.h.h.t.HelmChartContainer - [hivemq-test-hivemq-platform] [hivemq-platform-operator] [349193a2] 22:17:45.867 [pool-6-thread-14] DEBUG c.h.p.o.dependants.PodInfoConfigMap - [helmlega] Desired PodInfo ConfigMap (2 extensions) (1 enabled)
2025-01-29 22:17:45,870 INFO c.h.h.t.HelmChartContainer - [hivemq-test-hivemq-platform] [hivemq-platform-operator] [349193a2] 22:17:45.867 [pool-6-thread-14] DEBUG c.h.p.o.dependants.PodInfoConfigMap - [helmlega] Desired PodInfo ConfigMap (metrics port: 9399) (metrics path: /)
2025-01-29 22:17:45,870 INFO c.h.h.t.HelmChartContainer - [hivemq-test-hivemq-platform] [hivemq-platform-operator] [349193a2] 22:17:45.867 [pool-6-thread-14] DEBUG c.h.p.o.dependants.PodInfoConfigMap - [helmlega] Desired PodInfo ConfigMap (extension state hash: -1220239358)
2025-01-29 22:17:45,870 INFO c.h.h.t.HelmChartContainer - [hivemq-test-hivemq-platform] [hivemq-platform-operator] [349193a2] 22:17:45.867 [pool-6-thread-14] DEBUG c.h.p.o.dependants.PodInfoConfigMap - [helmlega] Update PodInfo ConfigMap
2025-01-29 22:17:45,870 INFO c.h.h.t.HelmChartContainer - [hivemq-test-hivemq-platform] [hivemq-platform-operator] [349193a2] 22:17:45.868 [pool-6-thread-16] DEBUG c.h.p.o.d.PodServiceAccountResource - [helmlega] Desired PodServiceAccountResource (serviceAccountName: hivemq-platform-pod-test-hivemq-legacy-platform)
2025-01-29 22:17:45,956 INFO c.h.h.t.HelmChartContainer - [hivemq-test-hivemq-platform] [hivemq-platform-operator] [349193a2] 22:17:45.955 [pool-6-thread-18] DEBUG c.h.p.o.d.StatefulSetResource - [helmlega] Desired StatefulSet (1 replicas) for status ROLLING_RESTART (SCALE_DOWN_IN_PROGRESS)
2025-01-29 22:17:45,958 INFO c.h.h.t.HelmChartContainer - [hivemq-test-hivemq-platform] [hivemq-platform-operator] [349193a2] 22:17:45.958 [pool-6-thread-18] DEBUG c.h.p.o.d.StatefulSetResource - [helmlega] Update StatefulSet (replicas: 2 -> 1)
2025-01-29 22:17:45,980 INFO c.h.h.t.HelmChartContainer - [hivemq-test-hivemq-platform] [hivemq-platform-operator] [349193a2] 22:17:45.977 [ReconcilerExecutor-hivemq-controller-143] INFO  c.h.p.o.HiveMQPlatformReconciler - [helmlega] Reconciling HiveMQ Platform 'test-hivemq-legacy-platform' in namespace 'helmlegacystatefulsetmigrationit-operator'
2025-01-29 22:17:45,980 INFO c.h.h.t.HelmChartContainer - [hivemq-test-hivemq-platform] [hivemq-platform-operator] [349193a2] 22:17:45.977 [ReconcilerExecutor-hivemq-controller-143] DEBUG c.h.p.o.HiveMQPlatformReconciler - [helmlega] Custom Resource Status ROLLING_RESTART - HiveMQ Platform is stopping the surge Pod (rolling restart) (SCALE_DOWN_IN_PROGRESS)
2025-01-29 22:17:45,980 INFO c.h.h.t.HelmChartContainer - [hivemq-test-hivemq-platform] [hivemq-platform-operator] [349193a2] 22:17:45.977 [ReconcilerExecutor-hivemq-controller-143] DEBUG c.h.p.o.HiveMQPlatformReconciler - [helmlega] Custom Resource Spec (replicas: 1) (extensions: 2)
2025-01-29 22:17:45,980 INFO c.h.h.t.HelmChartContainer - [hivemq-test-hivemq-platform] [hivemq-platform-operator] [349193a2] 22:17:45.978 [ReconcilerExecutor-hivemq-controller-143] DEBUG c.h.p.o.HiveMQPlatformReconciler - [helmlega] StatefulSet Status (revision: test-hivemq-legacy-platform-65df8dcb7f, replicas: 2, available: 2, ready: 2, current: 2, updated: 2)
2025-01-29 22:17:45,980 INFO c.h.h.t.HelmChartContainer - [hivemq-test-hivemq-platform] [hivemq-platform-operator] [349193a2] 22:17:45.978 [ReconcilerExecutor-hivemq-controller-143] DEBUG c.h.p.o.HiveMQPlatformReconciler - [helmlega] StatefulSet Spec (replicas: 1, init containers: 1, containers: 1, volumes: 6)
2025-01-29 22:17:45,982 INFO c.h.h.t.HelmChartContainer - [hivemq-test-hivemq-platform] [hivemq-platform-operator] [349193a2] 22:17:45.980 [ReconcilerExecutor-hivemq-controller-143] DEBUG c.h.p.o.h.HiveMQPlatformReconcilerErrorHandler - [helmlega] Pod 'test-hivemq-legacy-platform-0' phase Running
2025-01-29 22:17:45,982 INFO c.h.h.t.HelmChartContainer - [hivemq-test-hivemq-platform] [hivemq-platform-operator] [349193a2] 22:17:45.980 [ReconcilerExecutor-hivemq-controller-143] DEBUG c.h.p.o.h.HiveMQPlatformReconcilerRollingRestartHandler - [helmlega] Rolling restart is waiting for 2 of 1 replicas
2025-01-29 22:17:45,992 INFO c.h.h.t.HelmChartContainer - [POD] test-hivemq-legacy-platform-1 [9421e7ca-0a7a-49c2-9274-f9e27b6e85c6] in helmlegacystatefulsetmigrationit-operator was MODIFIED
2025-01-29 22:17:45,997 INFO c.h.h.t.HelmChartContainer - [EVENT] Normal [SuccessfulDelete] delete Pod test-hivemq-legacy-platform-1 in StatefulSet test-hivemq-legacy-platform successful [helmlegacystatefulsetmigrationit-operator:test-hivemq-legacy-platform]
2025-01-29 22:17:45,997 INFO c.h.h.t.HelmChartContainer - [EVENT] Normal [Killing] Stopping container hivemq [helmlegacystatefulsetmigrationit-operator:test-hivemq-legacy-platform-1]
2025-01-29 22:17:45,997 INFO c.h.h.t.HelmChartContainer - Received Killing event for container hivemq in pod test-hivemq-legacy-platform-1 [9421e7ca-0a7a-49c2-9274-f9e27b6e85c6]
2025-01-29 22:17:45,997 INFO c.h.h.t.HelmChartContainer - Container [test-hivemq-legacy-platform-1] [hivemq] [9421e7ca-0a7a-49c2-9274-f9e27b6e85c6] was terminated
2025-01-29 22:17:45,997 INFO c.h.h.t.HelmChartContainer - Stopped log watcher for hivemq in pod test-hivemq-legacy-platform-1 [9421e7ca-0a7a-49c2-9274-f9e27b6e85c6]
2025-01-29 22:17:46,000 INFO c.h.h.t.HelmChartContainer - [test-hivemq-legacy-platform] [hivemq] [9421e7ca] INFO  - [HiveMQ Platform Operator Init App 1.7.0-SNAPSHOT] Shutting down
2025-01-29 22:17:46,003 INFO c.h.h.t.HelmChartContainer - [test-hivemq-legacy-platform] [hivemq] [9421e7ca] INFO  - [HiveMQ Platform Operator Init App 1.7.0-SNAPSHOT] Stopping the HiveMQ Platform
2025-01-29 22:17:46,060 INFO c.h.h.t.HelmChartContainer - [hivemq-test-hivemq-platform] [hivemq-platform-operator] [349193a2] 22:17:46.058 [pool-6-thread-30] DEBUG c.h.p.o.dependants.PodInfoConfigMap - [helmlega] Desired PodInfo ConfigMap (2 extensions) (1 enabled)
2025-01-29 22:17:46,061 INFO c.h.h.t.HelmChartContainer - [hivemq-test-hivemq-platform] [hivemq-platform-operator] [349193a2] 22:17:46.058 [pool-6-thread-24] DEBUG c.h.p.o.d.PodServiceAccountResource - [helmlega] Desired PodServiceAccountResource (serviceAccountName: hivemq-platform-pod-test-hivemq-legacy-platform)
2025-01-29 22:17:46,061 INFO c.h.h.t.HelmChartContainer - [hivemq-test-hivemq-platform] [hivemq-platform-operator] [349193a2] 22:17:46.059 [pool-6-thread-26] DEBUG c.h.p.o.d.PlatformServiceResource - [helmlega] Desired Platform services (4 services)
2025-01-29 22:17:46,062 INFO c.h.h.t.HelmChartContainer - [hivemq-test-hivemq-platform] [hivemq-platform-operator] [349193a2] 22:17:46.060 [pool-6-thread-30] DEBUG c.h.p.o.dependants.PodInfoConfigMap - [helmlega] Desired PodInfo ConfigMap (metrics port: 9399) (metrics path: /)
2025-01-29 22:17:46,062 INFO c.h.h.t.HelmChartContainer - [hivemq-test-hivemq-platform] [hivemq-platform-operator] [349193a2] 22:17:46.060 [pool-6-thread-30] DEBUG c.h.p.o.dependants.PodInfoConfigMap - [helmlega] Desired PodInfo ConfigMap (extension state hash: -1220239358)
2025-01-29 22:17:46,065 INFO c.h.h.t.HelmChartContainer - [hivemq-test-hivemq-platform] [hivemq-platform-operator] [349193a2] 22:17:46.064 [pool-6-thread-26] DEBUG c.h.p.o.d.StatefulSetResource - [helmlega] Desired StatefulSet (1 replicas) for status ROLLING_RESTART (SCALE_DOWN_IN_PROGRESS)
2025-01-29 22:17:46,070 INFO c.h.h.t.HelmChartContainer - [hivemq-test-hivemq-platform] [hivemq-platform-operator] [349193a2] 22:17:46.066 [ReconcilerExecutor-hivemq-controller-144] INFO  c.h.p.o.HiveMQPlatformReconciler - [helmlega] Reconciling HiveMQ Platform 'test-hivemq-legacy-platform' in namespace 'helmlegacystatefulsetmigrationit-operator'
2025-01-29 22:17:46,070 INFO c.h.h.t.HelmChartContainer - [hivemq-test-hivemq-platform] [hivemq-platform-operator] [349193a2] 22:17:46.066 [ReconcilerExecutor-hivemq-controller-144] DEBUG c.h.p.o.HiveMQPlatformReconciler - [helmlega] Custom Resource Status ROLLING_RESTART - HiveMQ Platform is stopping the surge Pod (rolling restart) (SCALE_DOWN_IN_PROGRESS)
2025-01-29 22:17:46,070 INFO c.h.h.t.HelmChartContainer - [hivemq-test-hivemq-platform] [hivemq-platform-operator] [349193a2] 22:17:46.066 [ReconcilerExecutor-hivemq-controller-144] DEBUG c.h.p.o.HiveMQPlatformReconciler - [helmlega] Custom Resource Spec (replicas: 1) (extensions: 2)
2025-01-29 22:17:46,070 INFO c.h.h.t.HelmChartContainer - [hivemq-test-hivemq-platform] [hivemq-platform-operator] [349193a2] 22:17:46.067 [ReconcilerExecutor-hivemq-controller-144] DEBUG c.h.p.o.HiveMQPlatformReconciler - [helmlega] StatefulSet Status (revision: test-hivemq-legacy-platform-65df8dcb7f, replicas: 2, available: 2, ready: 2, current: 1, updated: 1)
2025-01-29 22:17:46,070 INFO c.h.h.t.HelmChartContainer - [hivemq-test-hivemq-platform] [hivemq-platform-operator] [349193a2] 22:17:46.067 [ReconcilerExecutor-hivemq-controller-144] DEBUG c.h.p.o.HiveMQPlatformReconciler - [helmlega] StatefulSet Spec (replicas: 1, init containers: 1, containers: 1, volumes: 6)
2025-01-29 22:17:46,070 INFO c.h.h.t.HelmChartContainer - [hivemq-test-hivemq-platform] [hivemq-platform-operator] [349193a2] 22:17:46.068 [ReconcilerExecutor-hivemq-controller-144] DEBUG c.h.p.o.h.HiveMQPlatformReconcilerErrorHandler - [helmlega] Pod 'test-hivemq-legacy-platform-0' phase Running
2025-01-29 22:17:46,070 INFO c.h.h.t.HelmChartContainer - [hivemq-test-hivemq-platform] [hivemq-platform-operator] [349193a2] 22:17:46.069 [ReconcilerExecutor-hivemq-controller-144] DEBUG c.h.p.o.h.HiveMQPlatformReconcilerRollingRestartHandler - [helmlega] Rolling restart is waiting for 2 of 1 replicas
2025-01-29 22:17:46,097 INFO c.h.h.t.HelmChartContainer - [test-hivemq-legacy-platform] [hivemq] [9421e7ca] INFO  - Shutting down HiveMQ. Please wait, this could take a while...
2025-01-29 22:17:46,157 INFO c.h.h.t.HelmChartContainer - [hivemq-test-hivemq-platform] [hivemq-platform-operator] [349193a2] 22:17:46.155 [pool-6-thread-38] DEBUG c.h.p.o.d.PlatformServiceResource - [helmlega] Desired Platform services (4 services)
2025-01-29 22:17:46,157 INFO c.h.h.t.HelmChartContainer - [hivemq-test-hivemq-platform] [hivemq-platform-operator] [349193a2] 22:17:46.155 [pool-6-thread-37] DEBUG c.h.p.o.d.PodServiceAccountResource - [helmlega] Desired PodServiceAccountResource (serviceAccountName: hivemq-platform-pod-test-hivemq-legacy-platform)
2025-01-29 22:17:46,158 INFO c.h.h.t.HelmChartContainer - [hivemq-test-hivemq-platform] [hivemq-platform-operator] [349193a2] 22:17:46.156 [pool-6-thread-39] DEBUG c.h.p.o.dependants.PodInfoConfigMap - [helmlega] Desired PodInfo ConfigMap (2 extensions) (1 enabled)
2025-01-29 22:17:46,159 INFO c.h.h.t.HelmChartContainer - [hivemq-test-hivemq-platform] [hivemq-platform-operator] [349193a2] 22:17:46.156 [pool-6-thread-39] DEBUG c.h.p.o.dependants.PodInfoConfigMap - [helmlega] Desired PodInfo ConfigMap (metrics port: 9399) (metrics path: /)
2025-01-29 22:17:46,159 INFO c.h.h.t.HelmChartContainer - [hivemq-test-hivemq-platform] [hivemq-platform-operator] [349193a2] 22:17:46.157 [pool-6-thread-39] DEBUG c.h.p.o.dependants.PodInfoConfigMap - [helmlega] Desired PodInfo ConfigMap (extension state hash: -1220239358)
2025-01-29 22:17:46,161 INFO c.h.h.t.HelmChartContainer - [hivemq-test-hivemq-platform] [hivemq-platform-operator] [349193a2] 22:17:46.160 [pool-6-thread-38] DEBUG c.h.p.o.d.StatefulSetResource - [helmlega] Desired StatefulSet (1 replicas) for status ROLLING_RESTART (SCALE_DOWN_IN_PROGRESS)
2025-01-29 22:17:46,163 INFO c.h.h.t.HelmChartContainer - [hivemq-test-hivemq-platform] [hivemq-platform-operator] [349193a2] 22:17:46.163 [ReconcilerExecutor-hivemq-controller-145] INFO  c.h.p.o.HiveMQPlatformReconciler - [helmlega] Reconciling HiveMQ Platform 'test-hivemq-legacy-platform' in namespace 'helmlegacystatefulsetmigrationit-operator'
2025-01-29 22:17:46,164 INFO c.h.h.t.HelmChartContainer - [hivemq-test-hivemq-platform] [hivemq-platform-operator] [349193a2] 22:17:46.163 [ReconcilerExecutor-hivemq-controller-145] DEBUG c.h.p.o.HiveMQPlatformReconciler - [helmlega] Custom Resource Status ROLLING_RESTART - HiveMQ Platform is stopping the surge Pod (rolling restart) (SCALE_DOWN_IN_PROGRESS)
2025-01-29 22:17:46,164 INFO c.h.h.t.HelmChartContainer - [hivemq-test-hivemq-platform] [hivemq-platform-operator] [349193a2] 22:17:46.163 [ReconcilerExecutor-hivemq-controller-145] DEBUG c.h.p.o.HiveMQPlatformReconciler - [helmlega] Custom Resource Spec (replicas: 1) (extensions: 2)
2025-01-29 22:17:46,166 INFO c.h.h.t.HelmChartContainer - [hivemq-test-hivemq-platform] [hivemq-platform-operator] [349193a2] 22:17:46.165 [ReconcilerExecutor-hivemq-controller-145] DEBUG c.h.p.o.HiveMQPlatformReconciler - [helmlega] StatefulSet Status (revision: test-hivemq-legacy-platform-65df8dcb7f, replicas: 2, available: 2, ready: 2, current: 1, updated: 1)
2025-01-29 22:17:46,166 INFO c.h.h.t.HelmChartContainer - [hivemq-test-hivemq-platform] [hivemq-platform-operator] [349193a2] 22:17:46.165 [ReconcilerExecutor-hivemq-controller-145] DEBUG c.h.p.o.HiveMQPlatformReconciler - [helmlega] StatefulSet Spec (replicas: 1, init containers: 1, containers: 1, volumes: 6)
2025-01-29 22:17:46,168 INFO c.h.h.t.HelmChartContainer - [hivemq-test-hivemq-platform] [hivemq-platform-operator] [349193a2] 22:17:46.167 [ReconcilerExecutor-hivemq-controller-145] DEBUG c.h.p.o.h.HiveMQPlatformReconcilerErrorHandler - [helmlega] Pod 'test-hivemq-legacy-platform-0' phase Running
2025-01-29 22:17:46,168 INFO c.h.h.t.HelmChartContainer - [hivemq-test-hivemq-platform] [hivemq-platform-operator] [349193a2] 22:17:46.167 [ReconcilerExecutor-hivemq-controller-145] DEBUG c.h.p.o.h.HiveMQPlatformReconcilerRollingRestartHandler - [helmlega] Rolling restart is waiting for 2 of 1 replicas
2025-01-29 22:17:46,184 INFO c.h.h.t.HelmChartContainer - [test-hivemq-legacy-platform] [hivemq] [9421e7ca] INFO  - Shutting down listeners and clients
2025-01-29 22:17:46,186 INFO c.h.h.t.HelmChartContainer - [test-hivemq-legacy-platform] [hivemq] [9421e7ca] INFO  - Shutdown of listeners is done
2025-01-29 22:17:46,186 INFO c.h.h.t.HelmChartContainer - [test-hivemq-legacy-platform] [hivemq] [9421e7ca] INFO  - No clients are connected, proceeding with shutdown
2025-01-29 22:17:47,792 INFO c.h.h.t.HelmChartContainer - [test-hivemq-legacy-platform] [hivemq] [9421e7ca] INFO  - [HiveMQ Platform Operator Init App 1.7.0-SNAPSHOT] Returning shutdown Health API response 503 for readiness
2025-01-29 22:17:47,797 INFO c.h.h.t.HelmChartContainer - [EVENT] Warning [Unhealthy] Readiness probe failed: HTTP probe failed with statuscode: 503 [helmlegacystatefulsetmigrationit-operator:test-hivemq-legacy-platform-1]
2025-01-29 22:17:47,797 INFO c.h.h.t.HelmChartContainer - Received Unhealthy event for container hivemq in pod test-hivemq-legacy-platform-1 [9421e7ca-0a7a-49c2-9274-f9e27b6e85c6]
2025-01-29 22:17:47,915 INFO c.h.h.t.HelmChartContainer - [test-hivemq-legacy-platform] [hivemq] [d5f7d48a] INFO  - [HiveMQ Platform Operator Init App 1.7.0-SNAPSHOT] Returning Health API response 200 for liveness
2025-01-29 22:17:49,734 INFO c.h.h.t.HelmChartContainer - [test-hivemq-legacy-platform] [hivemq] [9421e7ca] INFO  - Shutting down extension system
2025-01-29 22:17:49,736 INFO c.h.h.t.HelmChartContainer - [test-hivemq-legacy-platform] [hivemq] [9421e7ca] INFO  - Stopping extension with id hivemq-dns-cluster-discovery
2025-01-29 22:17:49,736 INFO c.h.h.t.HelmChartContainer - [test-hivemq-legacy-platform] [hivemq] [9421e7ca] INFO  - Extension "DNS Cluster Discovery Extension" version 4.3.2 stopped successfully.
2025-01-29 22:17:49,737 INFO c.h.h.t.HelmChartContainer - [test-hivemq-legacy-platform] [hivemq] [9421e7ca] INFO  - Stopping extension with id hivemq-prometheus-extension
2025-01-29 22:17:49,741 INFO c.h.h.t.HelmChartContainer - [test-hivemq-legacy-platform] [hivemq] [9421e7ca] INFO  - Extension "Prometheus Monitoring Extension" version 4.0.12 stopped successfully.
2025-01-29 22:17:49,741 INFO c.h.h.t.HelmChartContainer - [test-hivemq-legacy-platform] [hivemq] [9421e7ca] INFO  - Stopping extension with id hivemq-enterprise-security-extension
2025-01-29 22:17:49,742 INFO c.h.h.t.HelmChartContainer - [test-hivemq-legacy-platform] [hivemq] [9421e7ca] INFO  - HiveMQ Enterprise Security Extension: Shutting down HiveMQ Enterprise Security Extension.
2025-01-29 22:17:52,744 INFO c.h.h.t.HelmChartContainer - [test-hivemq-legacy-platform] [hivemq] [9421e7ca] INFO  - HiveMQ Enterprise Security Extension: Stopped HiveMQ Enterprise Security Extension successfully in 3002ms.
2025-01-29 22:17:52,744 INFO c.h.h.t.HelmChartContainer - [test-hivemq-legacy-platform] [hivemq] [9421e7ca] INFO  - Extension "HiveMQ Enterprise Security Extension" version 4.36.0 stopped successfully.
2025-01-29 22:17:52,750 INFO c.h.h.t.HelmChartContainer - [test-hivemq-legacy-platform] [hivemq] [d5f7d48a] INFO  - Cluster nodes found by discovery: [nP8ra|4] (1) [nP8ra].
2025-01-29 22:17:52,756 INFO c.h.h.t.HelmChartContainer - [test-hivemq-legacy-platform] [hivemq] [d5f7d48a] INFO  - Cluster size = 1, members : [nP8ra].
2025-01-29 22:17:52,795 INFO c.h.h.t.HelmChartContainer - [EVENT] Warning [Unhealthy] Readiness probe failed: HTTP probe failed with statuscode: 503 [helmlegacystatefulsetmigrationit-operator:test-hivemq-legacy-platform-1]
2025-01-29 22:17:52,795 INFO c.h.h.t.HelmChartContainer - Received Unhealthy event for container hivemq in pod test-hivemq-legacy-platform-1 [9421e7ca-0a7a-49c2-9274-f9e27b6e85c6]
2025-01-29 22:17:55,180 INFO c.h.h.t.HelmChartContainer - [test-hivemq-legacy-platform] [hivemq] [9421e7ca] INFO  - Shutdown completed.
2025-01-29 22:17:55,579 INFO c.h.h.t.HelmChartContainer - [test-hivemq-legacy-platform] [hivemq] [9421e7ca] INFO  - [HiveMQ Platform Operator Init App 1.7.0-SNAPSHOT] The HiveMQ Platform exited with code 143
2025-01-29 22:17:55,579 INFO c.h.h.t.HelmChartContainer - [test-hivemq-legacy-platform] [hivemq] [9421e7ca] INFO  - [HiveMQ Platform Operator Init App 1.7.0-SNAPSHOT] Stopping the REST API
2025-01-29 22:17:55,585 INFO c.h.h.t.HelmChartContainer - [test-hivemq-legacy-platform] [hivemq] [9421e7ca] INFO  - [HiveMQ Platform Operator Init App 1.7.0-SNAPSHOT] Shutdown complete
2025-01-29 22:17:56,098 INFO c.h.h.t.HelmChartContainer - [POD] test-hivemq-legacy-platform-1 [9421e7ca-0a7a-49c2-9274-f9e27b6e85c6] in helmlegacystatefulsetmigrationit-operator was MODIFIED
2025-01-29 22:17:56,108 INFO c.h.h.t.HelmChartContainer - [hivemq-test-hivemq-platform] [hivemq-platform-operator] [349193a2] 22:17:56.102 [pool-6-thread-43] DEBUG c.h.p.o.d.PlatformServiceResource - [helmlega] Desired Platform services (4 services)
2025-01-29 22:17:56,108 INFO c.h.h.t.HelmChartContainer - [hivemq-test-hivemq-platform] [hivemq-platform-operator] [349193a2] 22:17:56.106 [pool-6-thread-46] DEBUG c.h.p.o.dependants.PodInfoConfigMap - [helmlega] Desired PodInfo ConfigMap (2 extensions) (1 enabled)
2025-01-29 22:17:56,108 INFO c.h.h.t.HelmChartContainer - [hivemq-test-hivemq-platform] [hivemq-platform-operator] [349193a2] 22:17:56.106 [pool-6-thread-46] DEBUG c.h.p.o.dependants.PodInfoConfigMap - [helmlega] Desired PodInfo ConfigMap (metrics port: 9399) (metrics path: /)
2025-01-29 22:17:56,108 INFO c.h.h.t.HelmChartContainer - [hivemq-test-hivemq-platform] [hivemq-platform-operator] [349193a2] 22:17:56.106 [pool-6-thread-46] DEBUG c.h.p.o.dependants.PodInfoConfigMap - [helmlega] Desired PodInfo ConfigMap (extension state hash: -1220239358)
2025-01-29 22:17:56,114 INFO c.h.h.t.HelmChartContainer - [hivemq-test-hivemq-platform] [hivemq-platform-operator] [349193a2] 22:17:56.108 [pool-6-thread-46] DEBUG c.h.p.o.d.PodServiceAccountResource - [helmlega] Desired PodServiceAccountResource (serviceAccountName: hivemq-platform-pod-test-hivemq-legacy-platform)
2025-01-29 22:17:56,120 INFO c.h.h.t.HelmChartContainer - [hivemq-test-hivemq-platform] [hivemq-platform-operator] [349193a2] 22:17:56.119 [pool-6-thread-43] DEBUG c.h.p.o.d.StatefulSetResource - [helmlega] Desired StatefulSet (1 replicas) for status ROLLING_RESTART (SCALE_DOWN_IN_PROGRESS)
2025-01-29 22:17:56,129 INFO c.h.h.t.HelmChartContainer - [hivemq-test-hivemq-platform] [hivemq-platform-operator] [349193a2] 22:17:56.126 [ReconcilerExecutor-hivemq-controller-146] INFO  c.h.p.o.HiveMQPlatformReconciler - [helmlega] Reconciling HiveMQ Platform 'test-hivemq-legacy-platform' in namespace 'helmlegacystatefulsetmigrationit-operator'
2025-01-29 22:17:56,130 INFO c.h.h.t.HelmChartContainer - [hivemq-test-hivemq-platform] [hivemq-platform-operator] [349193a2] 22:17:56.126 [ReconcilerExecutor-hivemq-controller-146] DEBUG c.h.p.o.HiveMQPlatformReconciler - [helmlega] Custom Resource Status ROLLING_RESTART - HiveMQ Platform is stopping the surge Pod (rolling restart) (SCALE_DOWN_IN_PROGRESS)
2025-01-29 22:17:56,130 INFO c.h.h.t.HelmChartContainer - [hivemq-test-hivemq-platform] [hivemq-platform-operator] [349193a2] 22:17:56.126 [ReconcilerExecutor-hivemq-controller-146] DEBUG c.h.p.o.HiveMQPlatformReconciler - [helmlega] Custom Resource Spec (replicas: 1) (extensions: 2)
2025-01-29 22:17:56,130 INFO c.h.h.t.HelmChartContainer - [hivemq-test-hivemq-platform] [hivemq-platform-operator] [349193a2] 22:17:56.127 [ReconcilerExecutor-hivemq-controller-146] DEBUG c.h.p.o.HiveMQPlatformReconciler - [helmlega] StatefulSet Status (revision: test-hivemq-legacy-platform-65df8dcb7f, replicas: 2, available: 1, ready: 1, current: 1, updated: 1)
2025-01-29 22:17:56,130 INFO c.h.h.t.HelmChartContainer - [hivemq-test-hivemq-platform] [hivemq-platform-operator] [349193a2] 22:17:56.127 [ReconcilerExecutor-hivemq-controller-146] DEBUG c.h.p.o.HiveMQPlatformReconciler - [helmlega] StatefulSet Spec (replicas: 1, init containers: 1, containers: 1, volumes: 6)
2025-01-29 22:17:56,130 INFO c.h.h.t.HelmChartContainer - [hivemq-test-hivemq-platform] [hivemq-platform-operator] [349193a2] 22:17:56.128 [ReconcilerExecutor-hivemq-controller-146] DEBUG c.h.p.o.h.HiveMQPlatformReconcilerErrorHandler - [helmlega] Pod 'test-hivemq-legacy-platform-0' phase Running
2025-01-29 22:17:56,130 INFO c.h.h.t.HelmChartContainer - [hivemq-test-hivemq-platform] [hivemq-platform-operator] [349193a2] 22:17:56.129 [ReconcilerExecutor-hivemq-controller-146] INFO  c.h.p.o.h.HiveMQPlatformReconcilerRollingRestartHandler - [helmlega] Rolling restart is done
2025-01-29 22:17:56,140 INFO c.h.h.t.HelmChartContainer - [K3S] [reconciler_common.go:162] "operationExecutor.UnmountVolume started for volume \"ese-file-realm\" (UniqueName: \"kubernetes.io/configmap/9421e7ca-0a7a-49c2-9274-f9e27b6e85c6-ese-file-realm\") pod \"9421e7ca-0a7a-49c2-9274-f9e27b6e85c6\" (UID: \"9421e7ca-0a7a-49c2-9274-f9e27b6e85c6\") "
2025-01-29 22:17:56,142 INFO c.h.h.t.HelmChartContainer - [K3S] [reconciler_common.go:162] "operationExecutor.UnmountVolume started for volume \"broker-configuration\" (UniqueName: \"kubernetes.io/configmap/9421e7ca-0a7a-49c2-9274-f9e27b6e85c6-broker-configuration\") pod \"9421e7ca-0a7a-49c2-9274-f9e27b6e85c6\" (UID: \"9421e7ca-0a7a-49c2-9274-f9e27b6e85c6\") "
2025-01-29 22:17:56,142 INFO c.h.h.t.HelmChartContainer - [K3S] [reconciler_common.go:162] "operationExecutor.UnmountVolume started for volume \"extension-configuration-hivemq-enterprise-security-extension\" (UniqueName: \"kubernetes.io/configmap/9421e7ca-0a7a-49c2-9274-f9e27b6e85c6-extension-configuration-hivemq-enterprise-security-extension\") pod \"9421e7ca-0a7a-49c2-9274-f9e27b6e85c6\" (UID: \"9421e7ca-0a7a-49c2-9274-f9e27b6e85c6\") "
2025-01-29 22:17:56,142 INFO c.h.h.t.HelmChartContainer - [K3S] [reconciler_common.go:162] "operationExecutor.UnmountVolume started for volume \"pod-info\" (UniqueName: \"kubernetes.io/configmap/9421e7ca-0a7a-49c2-9274-f9e27b6e85c6-pod-info\") pod \"9421e7ca-0a7a-49c2-9274-f9e27b6e85c6\" (UID: \"9421e7ca-0a7a-49c2-9274-f9e27b6e85c6\") "
2025-01-29 22:17:56,142 INFO c.h.h.t.HelmChartContainer - [K3S] [reconciler_common.go:162] "operationExecutor.UnmountVolume started for volume \"kube-api-access-hfl4l\" (UniqueName: \"kubernetes.io/projected/9421e7ca-0a7a-49c2-9274-f9e27b6e85c6-kube-api-access-hfl4l\") pod \"9421e7ca-0a7a-49c2-9274-f9e27b6e85c6\" (UID: \"9421e7ca-0a7a-49c2-9274-f9e27b6e85c6\") "
2025-01-29 22:17:56,142 INFO c.h.h.t.HelmChartContainer - [K3S] [reconciler_common.go:162] "operationExecutor.UnmountVolume started for volume \"operator-init\" (UniqueName: \"kubernetes.io/empty-dir/9421e7ca-0a7a-49c2-9274-f9e27b6e85c6-operator-init\") pod \"9421e7ca-0a7a-49c2-9274-f9e27b6e85c6\" (UID: \"9421e7ca-0a7a-49c2-9274-f9e27b6e85c6\") "
2025-01-29 22:17:56,142 INFO c.h.h.t.HelmChartContainer - [K3S] [reconciler_common.go:162] "operationExecutor.UnmountVolume started for volume \"data\" (UniqueName: \"kubernetes.io/local-volume/pvc-df94c3c9-25c2-4959-bf74-a7304f6edd51\") pod \"9421e7ca-0a7a-49c2-9274-f9e27b6e85c6\" (UID: \"9421e7ca-0a7a-49c2-9274-f9e27b6e85c6\") "
2025-01-29 22:17:56,162 INFO c.h.h.t.HelmChartContainer - [EVENT] Normal [Ready] HiveMQ Platform is ready [helmlegacystatefulsetmigrationit-operator:test-hivemq-legacy-platform]
2025-01-29 22:17:56,163 INFO c.h.h.t.HelmChartContainer - [hivemq-test-hivemq-platform] [hivemq-platform-operator] [349193a2] 22:17:56.162 [ReconcilerExecutor-hivemq-controller-146] DEBUG c.h.p.operator.event.EventSender - [helmlega] Updating K8s event hivemq-platform-ready: [Ready] HiveMQ Platform is ready
2025-01-29 22:17:56,163 INFO c.h.h.t.HelmChartContainer - [hivemq-test-hivemq-platform] [hivemq-platform-operator] [349193a2] 22:17:56.162 [ReconcilerExecutor-hivemq-controller-146] INFO  c.h.p.o.h.AbstractHiveMQReconcilerStateHandler - [helmlega] Update HiveMQ Platform Status (ROLLING_RESTART [SCALE_DOWN_IN_PROGRESS] -> RUNNING [READY]): HiveMQ Platform is ready
2025-01-29 22:17:56,173 DEBUG com.hivemq.helmcharts.util.K8sUtil - Comparing actual state 'RUNNING' and waiting for 'RUNNING'
2025-01-29 22:17:56,181 INFO c.h.h.t.HelmChartContainer - [hivemq-test-hivemq-platform] [hivemq-platform-operator] [349193a2] 22:17:56.176 [pool-6-thread-10] DEBUG c.h.p.o.d.PlatformServiceResource - [helmlega] Desired Platform services (4 services)
2025-01-29 22:17:56,181 INFO c.h.h.t.HelmChartContainer - [hivemq-test-hivemq-platform] [hivemq-platform-operator] [349193a2] 22:17:56.177 [pool-6-thread-2] DEBUG c.h.p.o.dependants.PodInfoConfigMap - [helmlega] Desired PodInfo ConfigMap (2 extensions) (1 enabled)
2025-01-29 22:17:56,181 INFO c.h.h.t.HelmChartContainer - [hivemq-test-hivemq-platform] [hivemq-platform-operator] [349193a2] 22:17:56.177 [pool-6-thread-2] DEBUG c.h.p.o.dependants.PodInfoConfigMap - [helmlega] Desired PodInfo ConfigMap (metrics port: 9399) (metrics path: /)
2025-01-29 22:17:56,181 INFO c.h.h.t.HelmChartContainer - [hivemq-test-hivemq-platform] [hivemq-platform-operator] [349193a2] 22:17:56.177 [pool-6-thread-2] DEBUG c.h.p.o.dependants.PodInfoConfigMap - [helmlega] Desired PodInfo ConfigMap (extension state hash: -1220239358)
2025-01-29 22:17:56,181 INFO c.h.h.t.HelmChartContainer - [hivemq-test-hivemq-platform] [hivemq-platform-operator] [349193a2] 22:17:56.178 [pool-6-thread-2] DEBUG c.h.p.o.dependants.PodInfoConfigMap - [helmlega] Update PodInfo ConfigMap
2025-01-29 22:17:56,182 INFO c.h.h.t.HelmChartContainer - [hivemq-test-hivemq-platform] [hivemq-platform-operator] [349193a2] 22:17:56.178 [pool-6-thread-8] DEBUG c.h.p.o.d.PodServiceAccountResource - [helmlega] Desired PodServiceAccountResource (serviceAccountName: hivemq-platform-pod-test-hivemq-legacy-platform)
2025-01-29 22:17:56,192 INFO c.h.h.t.HelmChartContainer - [hivemq-test-hivemq-platform] [hivemq-platform-operator] [349193a2] 22:17:56.188 [pool-6-thread-2] DEBUG c.h.p.o.d.StatefulSetResource - [helmlega] Desired StatefulSet (1 replicas) for status RUNNING (READY)
2025-01-29 22:17:56,217 INFO c.h.h.util.ControlCenterUtil - Log into CC on hivemq-test-hivemq-legacy-platform-cc:8080 (username: admin) (password: hivemq) (TLS: false)
2025-01-29 22:17:56,239 INFO c.h.h.t.HelmChartContainer - [K3S] [reconciler_common.go:299] "Volume detached for volume \"extension-configuration-hivemq-enterprise-security-extension\" (UniqueName: \"kubernetes.io/configmap/9421e7ca-0a7a-49c2-9274-f9e27b6e85c6-extension-configuration-hivemq-enterprise-security-extension\") on node \"d9a106349f4e\" DevicePath \"\""
2025-01-29 22:17:56,239 INFO c.h.h.t.HelmChartContainer - [K3S] [reconciler_common.go:299] "Volume detached for volume \"pod-info\" (UniqueName: \"kubernetes.io/configmap/9421e7ca-0a7a-49c2-9274-f9e27b6e85c6-pod-info\") on node \"d9a106349f4e\" DevicePath \"\""
2025-01-29 22:17:56,239 INFO c.h.h.t.HelmChartContainer - [K3S] [reconciler_common.go:292] "operationExecutor.UnmountDevice started for volume \"pvc-df94c3c9-25c2-4959-bf74-a7304f6edd51\" (UniqueName: \"kubernetes.io/local-volume/pvc-df94c3c9-25c2-4959-bf74-a7304f6edd51\") on node \"d9a106349f4e\" "
2025-01-29 22:17:56,240 INFO c.h.h.t.HelmChartContainer - [K3S] [reconciler_common.go:299] "Volume detached for volume \"kube-api-access-hfl4l\" (UniqueName: \"kubernetes.io/projected/9421e7ca-0a7a-49c2-9274-f9e27b6e85c6-kube-api-access-hfl4l\") on node \"d9a106349f4e\" DevicePath \"\""
2025-01-29 22:17:56,240 INFO c.h.h.t.HelmChartContainer - [K3S] [reconciler_common.go:299] "Volume detached for volume \"operator-init\" (UniqueName: \"kubernetes.io/empty-dir/9421e7ca-0a7a-49c2-9274-f9e27b6e85c6-operator-init\") on node \"d9a106349f4e\" DevicePath \"\""
2025-01-29 22:17:56,240 INFO c.h.h.t.HelmChartContainer - [K3S] [reconciler_common.go:299] "Volume detached for volume \"ese-file-realm\" (UniqueName: \"kubernetes.io/configmap/9421e7ca-0a7a-49c2-9274-f9e27b6e85c6-ese-file-realm\") on node \"d9a106349f4e\" DevicePath \"\""
2025-01-29 22:17:56,240 INFO c.h.h.t.HelmChartContainer - [K3S] [reconciler_common.go:299] "Volume detached for volume \"broker-configuration\" (UniqueName: \"kubernetes.io/configmap/9421e7ca-0a7a-49c2-9274-f9e27b6e85c6-broker-configuration\") on node \"d9a106349f4e\" DevicePath \"\""
2025-01-29 22:17:56,255 INFO c.h.h.t.HelmChartContainer - [hivemq-test-hivemq-platform] [hivemq-platform-operator] [349193a2] 22:17:56.254 [ReconcilerExecutor-hivemq-controller-147] INFO  c.h.p.o.HiveMQPlatformReconciler - [helmlega] Reconciling HiveMQ Platform 'test-hivemq-legacy-platform' in namespace 'helmlegacystatefulsetmigrationit-operator'
2025-01-29 22:17:56,256 INFO c.h.h.t.HelmChartContainer - [hivemq-test-hivemq-platform] [hivemq-platform-operator] [349193a2] 22:17:56.255 [ReconcilerExecutor-hivemq-controller-147] DEBUG c.h.p.o.HiveMQPlatformReconciler - [helmlega] Custom Resource Status RUNNING - HiveMQ Platform is ready (READY)
2025-01-29 22:17:56,256 INFO c.h.h.t.HelmChartContainer - [hivemq-test-hivemq-platform] [hivemq-platform-operator] [349193a2] 22:17:56.255 [ReconcilerExecutor-hivemq-controller-147] DEBUG c.h.p.o.HiveMQPlatformReconciler - [helmlega] Custom Resource Spec (replicas: 1) (extensions: 2)
2025-01-29 22:17:56,260 INFO c.h.h.t.HelmChartContainer - [hivemq-test-hivemq-platform] [hivemq-platform-operator] [349193a2] 22:17:56.257 [ReconcilerExecutor-hivemq-controller-147] DEBUG c.h.p.o.HiveMQPlatformReconciler - [helmlega] StatefulSet Status (revision: test-hivemq-legacy-platform-65df8dcb7f, replicas: 2, available: 1, ready: 1, current: 1, updated: 1)
2025-01-29 22:17:56,260 INFO c.h.h.t.HelmChartContainer - [hivemq-test-hivemq-platform] [hivemq-platform-operator] [349193a2] 22:17:56.257 [ReconcilerExecutor-hivemq-controller-147] DEBUG c.h.p.o.HiveMQPlatformReconciler - [helmlega] StatefulSet Spec (replicas: 1, init containers: 1, containers: 1, volumes: 6)
2025-01-29 22:17:56,260 INFO c.h.h.t.HelmChartContainer - [hivemq-test-hivemq-platform] [hivemq-platform-operator] [349193a2] 22:17:56.259 [ReconcilerExecutor-hivemq-controller-147] DEBUG c.h.p.o.h.HiveMQPlatformReconcilerErrorHandler - [helmlega] Pod 'test-hivemq-legacy-platform-0' phase Running
2025-01-29 22:17:56,342 INFO c.h.h.t.HelmChartContainer - [K3S] [reconciler_common.go:299] "Volume detached for volume \"pvc-df94c3c9-25c2-4959-bf74-a7304f6edd51\" (UniqueName: \"kubernetes.io/local-volume/pvc-df94c3c9-25c2-4959-bf74-a7304f6edd51\") on node \"d9a106349f4e\" DevicePath \"\""
2025-01-29 22:17:56,647 INFO c.h.h.t.HelmChartContainer - [K3S] [scope.go:117] "RemoveContainer" containerID="1266a61565bd2ec95856dd7c5649079170751717d24e2c36bf8a4bdc5c9d64ee"
2025-01-29 22:17:56,658 INFO c.h.h.t.HelmChartContainer - [K3S] [scope.go:117] "RemoveContainer" containerID="6ac4d4b96f073431147c8b54130ed7f00ce9c6a918ece5e9e2ae5006d1fa38b4"
2025-01-29 22:17:56,667 INFO c.h.h.t.HelmChartContainer - [K3S] [scope.go:117] "RemoveContainer" containerID="1266a61565bd2ec95856dd7c5649079170751717d24e2c36bf8a4bdc5c9d64ee"
2025-01-29 22:17:56,668 INFO c.h.h.t.HelmChartContainer - [K3S] [scope.go:117] "RemoveContainer" containerID="6ac4d4b96f073431147c8b54130ed7f00ce9c6a918ece5e9e2ae5006d1fa38b4"
2025-01-29 22:17:56,668 INFO c.h.h.t.HelmChartContainer - [POD] test-hivemq-legacy-platform-1 [9421e7ca-0a7a-49c2-9274-f9e27b6e85c6] in helmlegacystatefulsetmigrationit-operator was MODIFIED
2025-01-29 22:17:56,673 INFO c.h.h.t.HelmChartContainer - [POD] test-hivemq-legacy-platform-1 [9421e7ca-0a7a-49c2-9274-f9e27b6e85c6] in helmlegacystatefulsetmigrationit-operator was DELETED
2025-01-29 22:17:56,693 INFO c.h.h.t.HelmChartContainer - [hivemq-test-hivemq-platform] [hivemq-platform-operator] [349193a2] 22:17:56.686 [pool-6-thread-13] DEBUG c.h.p.o.d.PlatformServiceResource - [helmlega] Desired Platform services (4 services)
2025-01-29 22:17:56,695 INFO c.h.h.t.HelmChartContainer - [hivemq-test-hivemq-platform] [hivemq-platform-operator] [349193a2] 22:17:56.690 [pool-6-thread-17] DEBUG c.h.p.o.dependants.PodInfoConfigMap - [helmlega] Desired PodInfo ConfigMap (2 extensions) (1 enabled)
2025-01-29 22:17:56,695 INFO c.h.h.t.HelmChartContainer - [hivemq-test-hivemq-platform] [hivemq-platform-operator] [349193a2] 22:17:56.691 [pool-6-thread-17] DEBUG c.h.p.o.dependants.PodInfoConfigMap - [helmlega] Desired PodInfo ConfigMap (metrics port: 9399) (metrics path: /)
2025-01-29 22:17:56,695 INFO c.h.h.t.HelmChartContainer - [hivemq-test-hivemq-platform] [hivemq-platform-operator] [349193a2] 22:17:56.692 [pool-6-thread-17] DEBUG c.h.p.o.dependants.PodInfoConfigMap - [helmlega] Desired PodInfo ConfigMap (extension state hash: -1220239358)
2025-01-29 22:17:56,698 INFO c.h.h.t.HelmChartContainer - [hivemq-test-hivemq-platform] [hivemq-platform-operator] [349193a2] 22:17:56.691 [pool-6-thread-12] DEBUG c.h.p.o.d.PodServiceAccountResource - [helmlega] Desired PodServiceAccountResource (serviceAccountName: hivemq-platform-pod-test-hivemq-legacy-platform)
2025-01-29 22:17:56,701 INFO c.h.h.t.HelmChartContainer - [hivemq-test-hivemq-platform] [hivemq-platform-operator] [349193a2] 22:17:56.697 [pool-6-thread-13] DEBUG c.h.p.o.d.StatefulSetResource - [helmlega] Desired StatefulSet (1 replicas) for status RUNNING (READY)
2025-01-29 22:17:56,707 INFO c.h.h.t.HelmChartContainer - [hivemq-test-hivemq-platform] [hivemq-platform-operator] [349193a2] 22:17:56.704 [ReconcilerExecutor-hivemq-controller-148] INFO  c.h.p.o.HiveMQPlatformReconciler - [helmlega] Reconciling HiveMQ Platform 'test-hivemq-legacy-platform' in namespace 'helmlegacystatefulsetmigrationit-operator'
2025-01-29 22:17:56,707 INFO c.h.h.t.HelmChartContainer - [hivemq-test-hivemq-platform] [hivemq-platform-operator] [349193a2] 22:17:56.704 [ReconcilerExecutor-hivemq-controller-148] DEBUG c.h.p.o.HiveMQPlatformReconciler - [helmlega] Custom Resource Status RUNNING - HiveMQ Platform is ready (READY)
2025-01-29 22:17:56,707 INFO c.h.h.t.HelmChartContainer - [hivemq-test-hivemq-platform] [hivemq-platform-operator] [349193a2] 22:17:56.704 [ReconcilerExecutor-hivemq-controller-148] DEBUG c.h.p.o.HiveMQPlatformReconciler - [helmlega] Custom Resource Spec (replicas: 1) (extensions: 2)
2025-01-29 22:17:56,716 INFO c.h.h.t.HelmChartContainer - [hivemq-test-hivemq-platform] [hivemq-platform-operator] [349193a2] 22:17:56.709 [ReconcilerExecutor-hivemq-controller-148] DEBUG c.h.p.o.HiveMQPlatformReconciler - [helmlega] StatefulSet Status (revision: test-hivemq-legacy-platform-65df8dcb7f, replicas: 2, available: 1, ready: 1, current: 1, updated: 1)
2025-01-29 22:17:56,716 INFO c.h.h.t.HelmChartContainer - [hivemq-test-hivemq-platform] [hivemq-platform-operator] [349193a2] 22:17:56.709 [ReconcilerExecutor-hivemq-controller-148] DEBUG c.h.p.o.HiveMQPlatformReconciler - [helmlega] StatefulSet Spec (replicas: 1, init containers: 1, containers: 1, volumes: 6)
2025-01-29 22:17:56,716 INFO c.h.h.t.HelmChartContainer - [hivemq-test-hivemq-platform] [hivemq-platform-operator] [349193a2] 22:17:56.711 [ReconcilerExecutor-hivemq-controller-148] DEBUG c.h.p.o.h.HiveMQPlatformReconcilerErrorHandler - [helmlega] Pod 'test-hivemq-legacy-platform-0' phase Running
2025-01-29 22:17:56,718 INFO c.h.h.t.HelmChartContainer - [hivemq-test-hivemq-platform] [hivemq-platform-operator] [349193a2] 22:17:56.716 [pool-6-thread-29] DEBUG c.h.p.o.d.PlatformServiceResource - [helmlega] Desired Platform services (4 services)
2025-01-29 22:17:56,761 INFO c.h.h.t.HelmChartContainer - [hivemq-test-hivemq-platform] [hivemq-platform-operator] [349193a2] 22:17:56.757 [pool-6-thread-28] DEBUG c.h.p.o.dependants.PodInfoConfigMap - [helmlega] Desired PodInfo ConfigMap (2 extensions) (1 enabled)
2025-01-29 22:17:56,761 INFO c.h.h.t.HelmChartContainer - [hivemq-test-hivemq-platform] [hivemq-platform-operator] [349193a2] 22:17:56.757 [pool-6-thread-28] DEBUG c.h.p.o.dependants.PodInfoConfigMap - [helmlega] Desired PodInfo ConfigMap (metrics port: 9399) (metrics path: /)
2025-01-29 22:17:56,761 INFO c.h.h.t.HelmChartContainer - [hivemq-test-hivemq-platform] [hivemq-platform-operator] [349193a2] 22:17:56.757 [pool-6-thread-28] DEBUG c.h.p.o.dependants.PodInfoConfigMap - [helmlega] Desired PodInfo ConfigMap (extension state hash: -1220239358)
2025-01-29 22:17:56,761 INFO c.h.h.t.HelmChartContainer - [hivemq-test-hivemq-platform] [hivemq-platform-operator] [349193a2] 22:17:56.758 [pool-6-thread-27] DEBUG c.h.p.o.d.PodServiceAccountResource - [helmlega] Desired PodServiceAccountResource (serviceAccountName: hivemq-platform-pod-test-hivemq-legacy-platform)
2025-01-29 22:17:56,772 INFO c.h.h.t.HelmChartContainer - [hivemq-test-hivemq-platform] [hivemq-platform-operator] [349193a2] 22:17:56.769 [pool-6-thread-29] DEBUG c.h.p.o.d.StatefulSetResource - [helmlega] Desired StatefulSet (1 replicas) for status RUNNING (READY)
2025-01-29 22:17:56,780 INFO c.h.h.t.HelmChartContainer - [hivemq-test-hivemq-platform] [hivemq-platform-operator] [349193a2] 22:17:56.777 [ReconcilerExecutor-hivemq-controller-149] INFO  c.h.p.o.HiveMQPlatformReconciler - [helmlega] Reconciling HiveMQ Platform 'test-hivemq-legacy-platform' in namespace 'helmlegacystatefulsetmigrationit-operator'
2025-01-29 22:17:56,781 INFO c.h.h.t.HelmChartContainer - [hivemq-test-hivemq-platform] [hivemq-platform-operator] [349193a2] 22:17:56.778 [ReconcilerExecutor-hivemq-controller-149] DEBUG c.h.p.o.HiveMQPlatformReconciler - [helmlega] Custom Resource Status RUNNING - HiveMQ Platform is ready (READY)
2025-01-29 22:17:56,781 INFO c.h.h.t.HelmChartContainer - [hivemq-test-hivemq-platform] [hivemq-platform-operator] [349193a2] 22:17:56.778 [ReconcilerExecutor-hivemq-controller-149] DEBUG c.h.p.o.HiveMQPlatformReconciler - [helmlega] Custom Resource Spec (replicas: 1) (extensions: 2)
2025-01-29 22:17:56,783 INFO c.h.h.t.HelmChartContainer - [hivemq-test-hivemq-platform] [hivemq-platform-operator] [349193a2] 22:17:56.781 [ReconcilerExecutor-hivemq-controller-149] DEBUG c.h.p.o.HiveMQPlatformReconciler - [helmlega] StatefulSet Status (revision: test-hivemq-legacy-platform-65df8dcb7f, replicas: 1, available: 1, ready: 1, current: 1, updated: 1)
2025-01-29 22:17:56,784 INFO c.h.h.t.HelmChartContainer - [hivemq-test-hivemq-platform] [hivemq-platform-operator] [349193a2] 22:17:56.781 [ReconcilerExecutor-hivemq-controller-149] DEBUG c.h.p.o.HiveMQPlatformReconciler - [helmlega] StatefulSet Spec (replicas: 1, init containers: 1, containers: 1, volumes: 6)
2025-01-29 22:17:56,784 INFO c.h.h.t.HelmChartContainer - [hivemq-test-hivemq-platform] [hivemq-platform-operator] [349193a2] 22:17:56.783 [ReconcilerExecutor-hivemq-controller-149] DEBUG c.h.p.o.h.HiveMQPlatformReconcilerErrorHandler - [helmlega] Pod 'test-hivemq-legacy-platform-0' phase Running
2025-01-29 22:17:56,792 INFO c.h.h.t.HelmChartContainer - [hivemq-test-hivemq-platform] [hivemq-platform-operator] [349193a2] 22:17:56.789 [pool-6-thread-37] DEBUG c.h.p.o.d.PlatformServiceResource - [helmlega] Desired Platform services (4 services)
2025-01-29 22:17:56,860 INFO c.h.h.t.HelmChartContainer - [hivemq-test-hivemq-platform] [hivemq-platform-operator] [349193a2] 22:17:56.855 [pool-6-thread-33] DEBUG c.h.p.o.dependants.PodInfoConfigMap - [helmlega] Desired PodInfo ConfigMap (2 extensions) (1 enabled)
2025-01-29 22:17:56,860 INFO c.h.h.t.HelmChartContainer - [hivemq-test-hivemq-platform] [hivemq-platform-operator] [349193a2] 22:17:56.855 [pool-6-thread-33] DEBUG c.h.p.o.dependants.PodInfoConfigMap - [helmlega] Desired PodInfo ConfigMap (metrics port: 9399) (metrics path: /)
2025-01-29 22:17:56,860 INFO c.h.h.t.HelmChartContainer - [hivemq-test-hivemq-platform] [hivemq-platform-operator] [349193a2] 22:17:56.855 [pool-6-thread-33] DEBUG c.h.p.o.dependants.PodInfoConfigMap - [helmlega] Desired PodInfo ConfigMap (extension state hash: -1220239358)
2025-01-29 22:17:56,860 INFO c.h.h.t.HelmChartContainer - [hivemq-test-hivemq-platform] [hivemq-platform-operator] [349193a2] 22:17:56.857 [pool-6-thread-33] DEBUG c.h.p.o.d.PodServiceAccountResource - [helmlega] Desired PodServiceAccountResource (serviceAccountName: hivemq-platform-pod-test-hivemq-legacy-platform)
2025-01-29 22:17:56,872 INFO c.h.h.t.HelmChartContainer - [hivemq-test-hivemq-platform] [hivemq-platform-operator] [349193a2] 22:17:56.869 [pool-6-thread-33] DEBUG c.h.p.o.d.StatefulSetResource - [helmlega] Desired StatefulSet (1 replicas) for status RUNNING (READY)
2025-01-29 22:17:56,874 INFO c.h.h.t.HelmChartContainer - [hivemq-test-hivemq-platform] [hivemq-platform-operator] [349193a2] 22:17:56.873 [ReconcilerExecutor-hivemq-controller-150] INFO  c.h.p.o.HiveMQPlatformReconciler - [helmlega] Reconciling HiveMQ Platform 'test-hivemq-legacy-platform' in namespace 'helmlegacystatefulsetmigrationit-operator'
2025-01-29 22:17:56,875 INFO c.h.h.t.HelmChartContainer - [hivemq-test-hivemq-platform] [hivemq-platform-operator] [349193a2] 22:17:56.873 [ReconcilerExecutor-hivemq-controller-150] DEBUG c.h.p.o.HiveMQPlatformReconciler - [helmlega] Custom Resource Status RUNNING - HiveMQ Platform is ready (READY)
2025-01-29 22:17:56,877 INFO c.h.h.t.HelmChartContainer - [hivemq-test-hivemq-platform] [hivemq-platform-operator] [349193a2] 22:17:56.873 [ReconcilerExecutor-hivemq-controller-150] DEBUG c.h.p.o.HiveMQPlatformReconciler - [helmlega] Custom Resource Spec (replicas: 1) (extensions: 2)
2025-01-29 22:17:56,877 INFO c.h.h.t.HelmChartContainer - [hivemq-test-hivemq-platform] [hivemq-platform-operator] [349193a2] 22:17:56.875 [ReconcilerExecutor-hivemq-controller-150] DEBUG c.h.p.o.HiveMQPlatformReconciler - [helmlega] StatefulSet Status (revision: test-hivemq-legacy-platform-65df8dcb7f, replicas: 1, available: 1, ready: 1, current: 1, updated: 1)
2025-01-29 22:17:56,877 INFO c.h.h.t.HelmChartContainer - [hivemq-test-hivemq-platform] [hivemq-platform-operator] [349193a2] 22:17:56.875 [ReconcilerExecutor-hivemq-controller-150] DEBUG c.h.p.o.HiveMQPlatformReconciler - [helmlega] StatefulSet Spec (replicas: 1, init containers: 1, containers: 1, volumes: 6)
2025-01-29 22:17:56,880 INFO c.h.h.t.HelmChartContainer - [hivemq-test-hivemq-platform] [hivemq-platform-operator] [349193a2] 22:17:56.879 [ReconcilerExecutor-hivemq-controller-150] DEBUG c.h.p.o.h.HiveMQPlatformReconcilerErrorHandler - [helmlega] Pod 'test-hivemq-legacy-platform-0' phase Running
2025-01-29 22:17:57,958 INFO c.h.h.t.HelmChartContainer - [K3S] [kubelet_volumes.go:163] "Cleaned up orphaned pod volumes dir" podUID="9421e7ca-0a7a-49c2-9274-f9e27b6e85c6" path="/var/lib/kubelet/pods/9421e7ca-0a7a-49c2-9274-f9e27b6e85c6/volumes"
2025-01-29 22:17:58,582 INFO c.h.h.util.ControlCenterUtil - Login attempt 1 was successful
2025-01-29 22:17:58,582 INFO com.hivemq.helmcharts.util.MqttUtil - Asserting retained messages on 30 topics...
2025-01-29 22:18:00,415 INFO com.hivemq.helmcharts.util.MqttUtil - Asserted retained messages (1832 ms)
2025-01-29 22:18:00,415 INFO c.hivemq.helmcharts.util.RestAPIUtil - Checking authorization for REST API on hivemq-test-hivemq-legacy-platform-api:8888 (username: user) (password: password) (endpoint path: /api/v1/mqtt/clients)
2025-01-29 22:18:00,514 INFO c.h.helmcharts.util.MonitoringUtil - Asserting Prometheus subscribes metrics...
2025-01-29 22:18:01,139 INFO c.h.helmcharts.util.MonitoringUtil - Asserted subscribes metrics (624 ms)
2025-01-29 22:18:01,140 INFO c.h.h.t.HelmChartContainer - Uninstalling release 'test-hivemq-legacy-platform' in namespace 'helmlegacystatefulsetmigrationit-operator'...
2025-01-29 22:18:01,140 DEBUG c.h.h.t.HelmChartContainer - Executing helm command: /bin/helm --kubeconfig /etc/rancher/k3s/k3s.yaml uninstall test-hivemq-legacy-platform  --wait --timeout 5m0s --cascade foreground --namespace helmlegacystatefulsetmigrationit-operator
2025-01-29 22:18:01,333 INFO c.h.h.t.HelmChartContainer - [hivemq-test-hivemq-platform] [hivemq-platform-operator] [349193a2] 22:18:01.323 [pool-6-thread-47] DEBUG c.h.p.o.dependants.PodInfoConfigMap - [helmlega] Desired PodInfo ConfigMap (2 extensions) (1 enabled)
2025-01-29 22:18:01,333 INFO c.h.h.t.HelmChartContainer - [hivemq-test-hivemq-platform] [hivemq-platform-operator] [349193a2] 22:18:01.323 [pool-6-thread-47] DEBUG c.h.p.o.dependants.PodInfoConfigMap - [helmlega] Desired PodInfo ConfigMap (metrics port: 9399) (metrics path: /)
2025-01-29 22:18:01,333 INFO c.h.h.t.HelmChartContainer - [hivemq-test-hivemq-platform] [hivemq-platform-operator] [349193a2] 22:18:01.323 [pool-6-thread-47] DEBUG c.h.p.o.dependants.PodInfoConfigMap - [helmlega] Desired PodInfo ConfigMap (extension state hash: -1220239358)
2025-01-29 22:18:01,333 INFO c.h.h.t.HelmChartContainer - [hivemq-test-hivemq-platform] [hivemq-platform-operator] [349193a2] 22:18:01.324 [pool-6-thread-49] DEBUG c.h.p.o.d.PodServiceAccountResource - [helmlega] Desired PodServiceAccountResource (serviceAccountName: hivemq-platform-pod-test-hivemq-legacy-platform)
2025-01-29 22:18:01,333 INFO c.h.h.t.HelmChartContainer - [hivemq-test-hivemq-platform] [hivemq-platform-operator] [349193a2] 22:18:01.325 [pool-6-thread-50] DEBUG c.h.p.o.d.PlatformServiceResource - [helmlega] Desired Platform services (4 services)
2025-01-29 22:18:01,351 INFO c.h.h.t.HelmChartContainer - [hivemq-test-hivemq-platform] [hivemq-platform-operator] [349193a2] 22:18:01.329 [pool-6-thread-43] DEBUG c.h.p.o.d.StatefulSetResource - [helmlega] Desired StatefulSet (1 replicas) for status RUNNING (READY)
2025-01-29 22:18:01,351 INFO c.h.h.t.HelmChartContainer - [hivemq-test-hivemq-platform] [hivemq-platform-operator] [349193a2] 22:18:01.332 [ReconcilerExecutor-hivemq-controller-151] INFO  c.h.p.o.HiveMQPlatformReconciler - [helmlega] Reconciling HiveMQ Platform 'test-hivemq-legacy-platform' in namespace 'helmlegacystatefulsetmigrationit-operator'
2025-01-29 22:18:01,351 INFO c.h.h.t.HelmChartContainer - [hivemq-test-hivemq-platform] [hivemq-platform-operator] [349193a2] 22:18:01.332 [ReconcilerExecutor-hivemq-controller-151] DEBUG c.h.p.o.HiveMQPlatformReconciler - [helmlega] Custom Resource Status RUNNING - HiveMQ Platform is ready (READY)
2025-01-29 22:18:01,351 INFO c.h.h.t.HelmChartContainer - [hivemq-test-hivemq-platform] [hivemq-platform-operator] [349193a2] 22:18:01.332 [ReconcilerExecutor-hivemq-controller-151] DEBUG c.h.p.o.HiveMQPlatformReconciler - [helmlega] Custom Resource Spec (replicas: 1) (extensions: 2)
2025-01-29 22:18:01,351 INFO c.h.h.t.HelmChartContainer - [hivemq-test-hivemq-platform] [hivemq-platform-operator] [349193a2] 22:18:01.334 [ReconcilerExecutor-hivemq-controller-151] DEBUG c.h.p.o.HiveMQPlatformReconciler - [helmlega] StatefulSet Status (revision: test-hivemq-legacy-platform-65df8dcb7f, replicas: 1, available: 1, ready: 1, current: 1, updated: 1)
2025-01-29 22:18:01,351 INFO c.h.h.t.HelmChartContainer - [hivemq-test-hivemq-platform] [hivemq-platform-operator] [349193a2] 22:18:01.334 [ReconcilerExecutor-hivemq-controller-151] DEBUG c.h.p.o.HiveMQPlatformReconciler - [helmlega] StatefulSet Spec (replicas: 1, init containers: 1, containers: 1, volumes: 6)
2025-01-29 22:18:01,351 INFO c.h.h.t.HelmChartContainer - [hivemq-test-hivemq-platform] [hivemq-platform-operator] [349193a2] 22:18:01.337 [ReconcilerExecutor-hivemq-controller-151] DEBUG c.h.p.o.h.HiveMQPlatformReconcilerErrorHandler - [helmlega] Pod 'test-hivemq-legacy-platform-0' phase Running
2025-01-29 22:18:01,351 INFO c.h.h.t.HelmChartContainer - [hivemq-test-hivemq-platform] [hivemq-platform-operator] [349193a2] 22:18:01.344 [ReconcilerExecutor-hivemq-controller-152] INFO  c.h.p.o.HiveMQPlatformReconciler - [helmlega] Cleanup test-hivemq-legacy-platform - helmlegacystatefulsetmigrationit-operator HiveMQ Platform is shut down
2025-01-29 22:18:01,460 INFO c.h.h.t.HelmChartContainer - [hivemq-test-hivemq-platform] [hivemq-platform-operator] [349193a2] 22:18:01.459 [ReconcilerExecutor-hivemq-controller-154] INFO  c.h.p.o.HiveMQPlatformReconciler - [helmlega] Cleanup test-hivemq-legacy-platform - helmlegacystatefulsetmigrationit-operator HiveMQ Platform is shut down
2025-01-29 22:18:02,132 INFO c.h.h.t.HelmChartContainer - [POD] test-hivemq-legacy-platform-0 [d5f7d48a-e28b-4ba5-b565-f5c385ab8683] in helmlegacystatefulsetmigrationit-operator was MODIFIED
2025-01-29 22:18:02,134 INFO c.h.h.t.HelmChartContainer - [EVENT] Normal [Killing] Stopping container hivemq [helmlegacystatefulsetmigrationit-operator:test-hivemq-legacy-platform-0]
2025-01-29 22:18:02,135 INFO c.h.h.t.HelmChartContainer - Received Killing event for container hivemq in pod test-hivemq-legacy-platform-0 [d5f7d48a-e28b-4ba5-b565-f5c385ab8683]
2025-01-29 22:18:02,135 INFO c.h.h.t.HelmChartContainer - Container [test-hivemq-legacy-platform-0] [hivemq] [d5f7d48a-e28b-4ba5-b565-f5c385ab8683] was terminated
2025-01-29 22:18:02,135 INFO c.h.h.t.HelmChartContainer - Stopped log watcher for hivemq in pod test-hivemq-legacy-platform-0 [d5f7d48a-e28b-4ba5-b565-f5c385ab8683]
2025-01-29 22:18:02,145 INFO c.h.h.t.HelmChartContainer - [test-hivemq-legacy-platform] [hivemq] [d5f7d48a] INFO  - [HiveMQ Platform Operator Init App 1.7.0-SNAPSHOT] Shutting down
2025-01-29 22:18:02,145 INFO c.h.h.t.HelmChartContainer - [test-hivemq-legacy-platform] [hivemq] [d5f7d48a] INFO  - [HiveMQ Platform Operator Init App 1.7.0-SNAPSHOT] Stopping the HiveMQ Platform
2025-01-29 22:18:02,312 INFO c.h.h.t.HelmChartContainer - [test-hivemq-legacy-platform] [hivemq] [d5f7d48a] INFO  - Shutting down HiveMQ. Please wait, this could take a while...
2025-01-29 22:18:02,319 INFO c.h.h.t.HelmChartContainer - [test-hivemq-legacy-platform] [hivemq] [d5f7d48a] INFO  - Shutting down listeners and clients
2025-01-29 22:18:02,321 INFO c.h.h.t.HelmChartContainer - [test-hivemq-legacy-platform] [hivemq] [d5f7d48a] INFO  - Shutdown of listeners is done
2025-01-29 22:18:02,321 INFO c.h.h.t.HelmChartContainer - [test-hivemq-legacy-platform] [hivemq] [d5f7d48a] INFO  - No clients are connected, proceeding with shutdown
2025-01-29 22:18:03,399 INFO c.h.h.t.HelmChartContainer - Release 'test-hivemq-legacy-platform' in namespace 'helmlegacystatefulsetmigrationit-operator' is uninstalled
2025-01-29 22:18:03,400 INFO c.h.h.t.HelmChartContainer - Uninstalling release 'test-hivemq-platform-operator' in namespace 'helmlegacystatefulsetmigrationit-operator'...
2025-01-29 22:18:03,400 DEBUG c.h.h.t.HelmChartContainer - Executing helm command: /bin/helm --kubeconfig /etc/rancher/k3s/k3s.yaml uninstall test-hivemq-platform-operator  --wait --timeout 5m0s --cascade foreground --namespace helmlegacystatefulsetmigrationit-operator
2025-01-29 22:18:03,599 INFO c.h.h.t.HelmChartContainer - [K3S] [replica_set.go:679] "Finished syncing" kind="ReplicaSet" key="helmlegacystatefulsetmigrationit-operator/hivemq-test-hivemq-platform-operator-6966f96d65" duration="8.469948ms"
2025-01-29 22:18:03,599 INFO c.h.h.t.HelmChartContainer - [K3S] [replica_set.go:679] "Finished syncing" kind="ReplicaSet" key="helmlegacystatefulsetmigrationit-operator/hivemq-test-hivemq-platform-operator-6966f96d65" duration="217.818µs"
2025-01-29 22:18:03,756 INFO c.h.h.t.HelmChartContainer - [POD] hivemq-test-hivemq-platform-operator-6966f96d65-v9xz7 [349193a2-b660-40f9-9ab5-a5ee55daac06] in helmlegacystatefulsetmigrationit-operator was MODIFIED
2025-01-29 22:18:03,757 INFO c.h.h.t.HelmChartContainer - [EVENT] Normal [Killing] Stopping container hivemq-platform-operator [helmlegacystatefulsetmigrationit-operator:hivemq-test-hivemq-platform-operator-6966f96d65-v9xz7]
2025-01-29 22:18:03,757 INFO c.h.h.t.HelmChartContainer - Received Killing event for container hivemq-platform-operator in pod hivemq-test-hivemq-platform-operator-6966f96d65-v9xz7 [349193a2-b660-40f9-9ab5-a5ee55daac06]
2025-01-29 22:18:03,757 INFO c.h.h.t.HelmChartContainer - Container [hivemq-test-hivemq-platform-operator-6966f96d65-v9xz7] [hivemq-platform-operator] [349193a2-b660-40f9-9ab5-a5ee55daac06] was terminated
2025-01-29 22:18:03,757 INFO c.h.h.t.HelmChartContainer - Stopped log watcher for hivemq-platform-operator in pod hivemq-test-hivemq-platform-operator-6966f96d65-v9xz7 [349193a2-b660-40f9-9ab5-a5ee55daac06]
2025-01-29 22:18:03,760 INFO c.h.h.t.HelmChartContainer - [K3S] [replica_set.go:679] "Finished syncing" kind="ReplicaSet" key="helmlegacystatefulsetmigrationit-operator/hivemq-test-hivemq-platform-operator-6966f96d65" duration="6.293351ms"
2025-01-29 22:18:03,760 INFO c.h.h.t.HelmChartContainer - [K3S] [replica_set.go:679] "Finished syncing" kind="ReplicaSet" key="helmlegacystatefulsetmigrationit-operator/hivemq-test-hivemq-platform-operator-6966f96d65" duration="38.332µs"
2025-01-29 22:18:03,763 INFO c.h.h.t.HelmChartContainer - [hivemq-test-hivemq-platform] [hivemq-platform-operator] [349193a2] 22:18:03.762 [application-shutdown-thread] INFO  c.h.p.o.HiveMQPlatformOperatorApplication - HiveMQ Platform Operator is stopping...
2025-01-29 22:18:03,763 INFO c.h.h.t.HelmChartContainer - [hivemq-test-hivemq-platform] [hivemq-platform-operator] [349193a2] 22:18:03.762 [application-shutdown-thread] INFO  i.javaoperatorsdk.operator.Operator - Operator SDK 4.9.7 is shutting down...
2025-01-29 22:18:04,305 INFO c.h.h.t.HelmChartContainer - [K3S] [replica_set.go:679] "Finished syncing" kind="ReplicaSet" key="helmlegacystatefulsetmigrationit-operator/hivemq-test-hivemq-platform-operator-6966f96d65" duration="43.622µs"
2025-01-29 22:18:04,306 INFO c.h.h.t.HelmChartContainer - [POD] hivemq-test-hivemq-platform-operator-6966f96d65-v9xz7 [349193a2-b660-40f9-9ab5-a5ee55daac06] in helmlegacystatefulsetmigrationit-operator was MODIFIED
2025-01-29 22:18:04,386 INFO c.h.h.t.HelmChartContainer - [K3S] [reconciler_common.go:162] "operationExecutor.UnmountVolume started for volume \"kube-api-access-x2lqs\" (UniqueName: \"kubernetes.io/projected/349193a2-b660-40f9-9ab5-a5ee55daac06-kube-api-access-x2lqs\") pod \"349193a2-b660-40f9-9ab5-a5ee55daac06\" (UID: \"349193a2-b660-40f9-9ab5-a5ee55daac06\") "
2025-01-29 22:18:04,487 INFO c.h.h.t.HelmChartContainer - [K3S] [reconciler_common.go:299] "Volume detached for volume \"kube-api-access-x2lqs\" (UniqueName: \"kubernetes.io/projected/349193a2-b660-40f9-9ab5-a5ee55daac06-kube-api-access-x2lqs\") on node \"d9a106349f4e\" DevicePath \"\""
2025-01-29 22:18:04,656 INFO c.h.h.t.HelmChartContainer - [K3S] [scope.go:117] "RemoveContainer" containerID="bdd7bf9e3f63027ac1a35856b84903372c7745c39edb1c2a6f06aa81a657efb5"
2025-01-29 22:18:04,660 INFO c.h.h.t.HelmChartContainer - [K3S] [scope.go:117] "RemoveContainer" containerID="bdd7bf9e3f63027ac1a35856b84903372c7745c39edb1c2a6f06aa81a657efb5"
2025-01-29 22:18:04,669 INFO c.h.h.t.HelmChartContainer - [K3S] [replica_set.go:679] "Finished syncing" kind="ReplicaSet" key="helmlegacystatefulsetmigrationit-operator/hivemq-test-hivemq-platform-operator-6966f96d65" duration="42.78µs"
2025-01-29 22:18:04,669 INFO c.h.h.t.HelmChartContainer - [POD] hivemq-test-hivemq-platform-operator-6966f96d65-v9xz7 [349193a2-b660-40f9-9ab5-a5ee55daac06] in helmlegacystatefulsetmigrationit-operator was MODIFIED
2025-01-29 22:18:04,678 INFO c.h.h.t.HelmChartContainer - [K3S] [replica_set.go:679] "Finished syncing" kind="ReplicaSet" key="helmlegacystatefulsetmigrationit-operator/hivemq-test-hivemq-platform-operator-6966f96d65" duration="29.325µs"
2025-01-29 22:18:04,681 INFO c.h.h.t.HelmChartContainer - [POD] hivemq-test-hivemq-platform-operator-6966f96d65-v9xz7 [349193a2-b660-40f9-9ab5-a5ee55daac06] in helmlegacystatefulsetmigrationit-operator was DELETED
2025-01-29 22:18:04,692 INFO c.h.h.t.HelmChartContainer - [K3S] [replica_set.go:679] "Finished syncing" kind="ReplicaSet" key="helmlegacystatefulsetmigrationit-operator/hivemq-test-hivemq-platform-operator-6966f96d65" duration="4.949µs"
2025-01-29 22:18:05,626 INFO c.h.h.t.HelmChartContainer - [test-hivemq-legacy-platform] [hivemq] [d5f7d48a] INFO  - Shutting down extension system
2025-01-29 22:18:05,629 INFO c.h.h.t.HelmChartContainer - [test-hivemq-legacy-platform] [hivemq] [d5f7d48a] INFO  - Stopping extension with id hivemq-dns-cluster-discovery
2025-01-29 22:18:05,630 INFO c.h.h.t.HelmChartContainer - [test-hivemq-legacy-platform] [hivemq] [d5f7d48a] INFO  - Extension "DNS Cluster Discovery Extension" version 4.3.2 stopped successfully.
2025-01-29 22:18:05,631 INFO c.h.h.t.HelmChartContainer - [test-hivemq-legacy-platform] [hivemq] [d5f7d48a] INFO  - Stopping extension with id hivemq-prometheus-extension
2025-01-29 22:18:05,635 INFO c.h.h.t.HelmChartContainer - [test-hivemq-legacy-platform] [hivemq] [d5f7d48a] INFO  - Extension "Prometheus Monitoring Extension" version 4.0.12 stopped successfully.
2025-01-29 22:18:05,635 INFO c.h.h.t.HelmChartContainer - [test-hivemq-legacy-platform] [hivemq] [d5f7d48a] INFO  - Stopping extension with id hivemq-enterprise-security-extension
2025-01-29 22:18:05,637 INFO c.h.h.t.HelmChartContainer - [test-hivemq-legacy-platform] [hivemq] [d5f7d48a] INFO  - HiveMQ Enterprise Security Extension: Shutting down HiveMQ Enterprise Security Extension.
2025-01-29 22:18:05,640 INFO c.h.h.t.HelmChartContainer - [test-hivemq-legacy-platform] [hivemq] [d5f7d48a] INFO  - [HiveMQ Platform Operator Init App 1.7.0-SNAPSHOT] Returning shutdown Health API response 503 for readiness
2025-01-29 22:18:05,648 INFO c.h.h.t.HelmChartContainer - [EVENT] Warning [Unhealthy] Readiness probe failed: HTTP probe failed with statuscode: 503 [helmlegacystatefulsetmigrationit-operator:test-hivemq-legacy-platform-0]
2025-01-29 22:18:05,648 INFO c.h.h.t.HelmChartContainer - Received Unhealthy event for container hivemq in pod test-hivemq-legacy-platform-0 [d5f7d48a-e28b-4ba5-b565-f5c385ab8683]
2025-01-29 22:18:05,650 INFO c.h.h.t.HelmChartContainer - Deleting namespace 'helmlegacystatefulsetmigrationit-operator'...
2025-01-29 22:18:05,957 INFO c.h.h.t.HelmChartContainer - [K3S] [kubelet_volumes.go:163] "Cleaned up orphaned pod volumes dir" podUID="349193a2-b660-40f9-9ab5-a5ee55daac06" path="/var/lib/kubelet/pods/349193a2-b660-40f9-9ab5-a5ee55daac06/volumes"
2025-01-29 22:18:06,264 INFO c.h.h.t.HelmChartContainer - [test-hivemq-legacy-platform] [hivemq] [d5f7d48a] WARN  - [HiveMQ Platform Operator Init App 1.7.0-SNAPSHOT] Could not update Pod annotations: Failure executing: GET at: https://10.43.0.1:443/api/v1/namespaces/helmlegacystatefulsetmigrationit-operator/pods/test-hivemq-legacy-platform-0. Message: pods "test-hivemq-legacy-platform-0" is forbidden: User "system:serviceaccount:helmlegacystatefulsetmigrationit-operator:hivemq-platform-pod-test-hivemq-legacy-platform" cannot get resource "pods" in API group "" in the namespace "helmlegacystatefulsetmigrationit-operator". Received status: Status(apiVersion=v1, code=403, details=StatusDetails(causes=[], group=null, kind=pods, name=test-hivemq-legacy-platform-0, retryAfterSeconds=null, uid=null, additionalProperties={}), kind=Status, message=pods "test-hivemq-legacy-platform-0" is forbidden: User "system:serviceaccount:helmlegacystatefulsetmigrationit-operator:hivemq-platform-pod-test-hivemq-legacy-platform" cannot get resource "pods" in API group "" in the namespace "helmlegacystatefulsetmigrationit-operator", metadata=ListMeta(_continue=null, remainingItemCount=null, resourceVersion=null, selfLink=null, additionalProperties={}), reason=Forbidden, status=Failure, additionalProperties={}).
2025-01-29 22:18:08,638 INFO c.h.h.t.HelmChartContainer - [test-hivemq-legacy-platform] [hivemq] [d5f7d48a] INFO  - HiveMQ Enterprise Security Extension: Stopped HiveMQ Enterprise Security Extension successfully in 3002ms.
2025-01-29 22:18:08,638 INFO c.h.h.t.HelmChartContainer - [test-hivemq-legacy-platform] [hivemq] [d5f7d48a] INFO  - Extension "HiveMQ Enterprise Security Extension" version 4.36.0 stopped successfully.
2025-01-29 22:18:10,639 INFO c.h.h.t.HelmChartContainer - [EVENT] Warning [Unhealthy] Readiness probe failed: HTTP probe failed with statuscode: 503 [helmlegacystatefulsetmigrationit-operator:test-hivemq-legacy-platform-0]
2025-01-29 22:18:10,640 INFO c.h.h.t.HelmChartContainer - Received Unhealthy event for container hivemq in pod test-hivemq-legacy-platform-0 [d5f7d48a-e28b-4ba5-b565-f5c385ab8683]
2025-01-29 22:18:10,694 INFO c.h.h.t.HelmChartContainer - [K3S] [replica_set.go:679] "Finished syncing" kind="ReplicaSet" key="helmlegacystatefulsetmigrationit-operator/test-hivemq-legacy-platform-hivemq-operator-operator-56c5b9f7b7" duration="5.741µs"
2025-01-29 22:18:10,704 INFO c.h.h.t.HelmChartContainer - [POD] test-hivemq-legacy-platform-hivemq-operator-operator-56c5bjvchq [e03d67e5-9683-4df6-861c-9b422fdd3c12] in helmlegacystatefulsetmigrationit-operator was MODIFIED
2025-01-29 22:18:10,710 INFO c.h.h.t.HelmChartContainer - [test-hivemq-legacy-platform] [operator] [e03d67e5] ?[36m22:18:10.709?[0;39m ?[1;30m[Thread-0]?[0;39m ?[34mINFO ?[0;39m ?[35mio.micronaut.runtime.Micronaut?[0;39m - Embedded Application shutting down
2025-01-29 22:18:11,075 INFO c.h.h.t.HelmChartContainer - [POD] helper-pod-delete-pvc-df94c3c9-25c2-4959-bf74-a7304f6edd51 [f92f9950-1e4a-4fab-b379-c2f796f3f5fd] in kube-system was ADDED
2025-01-29 22:18:11,075 INFO c.h.h.t.HelmChartContainer - [K3S] [memory_manager.go:355] "RemoveStaleState removing state" podUID="9421e7ca-0a7a-49c2-9274-f9e27b6e85c6" containerName="hivemq"
2025-01-29 22:18:11,076 INFO c.h.h.t.HelmChartContainer - [K3S] [memory_manager.go:355] "RemoveStaleState removing state" podUID="349193a2-b660-40f9-9ab5-a5ee55daac06" containerName="hivemq-platform-operator"
2025-01-29 22:18:11,085 INFO c.h.h.t.HelmChartContainer - [POD] helper-pod-delete-pvc-df94c3c9-25c2-4959-bf74-a7304f6edd51 [f92f9950-1e4a-4fab-b379-c2f796f3f5fd] in kube-system was MODIFIED
2025-01-29 22:18:11,127 INFO c.h.h.t.HelmChartContainer - [K3S] [reconciler_common.go:251] "operationExecutor.VerifyControllerAttachedVolume started for volume \"script\" (UniqueName: \"kubernetes.io/configmap/f92f9950-1e4a-4fab-b379-c2f796f3f5fd-script\") pod \"helper-pod-delete-pvc-df94c3c9-25c2-4959-bf74-a7304f6edd51\" (UID: \"f92f9950-1e4a-4fab-b379-c2f796f3f5fd\") " pod="kube-system/helper-pod-delete-pvc-df94c3c9-25c2-4959-bf74-a7304f6edd51"
2025-01-29 22:18:11,127 INFO c.h.h.t.HelmChartContainer - [K3S] [reconciler_common.go:251] "operationExecutor.VerifyControllerAttachedVolume started for volume \"kube-api-access-dw6x8\" (UniqueName: \"kubernetes.io/projected/f92f9950-1e4a-4fab-b379-c2f796f3f5fd-kube-api-access-dw6x8\") pod \"helper-pod-delete-pvc-df94c3c9-25c2-4959-bf74-a7304f6edd51\" (UID: \"f92f9950-1e4a-4fab-b379-c2f796f3f5fd\") " pod="kube-system/helper-pod-delete-pvc-df94c3c9-25c2-4959-bf74-a7304f6edd51"
2025-01-29 22:18:11,127 INFO c.h.h.t.HelmChartContainer - [K3S] [reconciler_common.go:251] "operationExecutor.VerifyControllerAttachedVolume started for volume \"data\" (UniqueName: \"kubernetes.io/host-path/f92f9950-1e4a-4fab-b379-c2f796f3f5fd-data\") pod \"helper-pod-delete-pvc-df94c3c9-25c2-4959-bf74-a7304f6edd51\" (UID: \"f92f9950-1e4a-4fab-b379-c2f796f3f5fd\") " pod="kube-system/helper-pod-delete-pvc-df94c3c9-25c2-4959-bf74-a7304f6edd51"
2025-01-29 22:18:11,182 INFO c.h.h.t.HelmChartContainer - [POD] test-hivemq-legacy-platform-hivemq-operator-operator-56c5bjvchq [e03d67e5-9683-4df6-861c-9b422fdd3c12] in helmlegacystatefulsetmigrationit-operator was MODIFIED
2025-01-29 22:18:11,211 INFO c.h.h.t.HelmChartContainer - [K3S] [stateful_set.go:466] "StatefulSet has been deleted" key="helmlegacystatefulsetmigrationit-operator/test-hivemq-legacy-platform"
2025-01-29 22:18:11,228 INFO c.h.h.t.HelmChartContainer - [K3S] [reconciler_common.go:162] "operationExecutor.UnmountVolume started for volume \"kube-api-access-vhxm2\" (UniqueName: \"kubernetes.io/projected/e03d67e5-9683-4df6-861c-9b422fdd3c12-kube-api-access-vhxm2\") pod \"e03d67e5-9683-4df6-861c-9b422fdd3c12\" (UID: \"e03d67e5-9683-4df6-861c-9b422fdd3c12\") "
2025-01-29 22:18:11,228 INFO c.h.h.t.HelmChartContainer - [K3S] [reconciler_common.go:162] "operationExecutor.UnmountVolume started for volume \"templates\" (UniqueName: \"kubernetes.io/configmap/e03d67e5-9683-4df6-861c-9b422fdd3c12-templates\") pod \"e03d67e5-9683-4df6-861c-9b422fdd3c12\" (UID: \"e03d67e5-9683-4df6-861c-9b422fdd3c12\") "
2025-01-29 22:18:11,267 INFO c.h.h.t.HelmChartContainer - [K3S] [authentication.go:74] "Unable to authenticate the request" err="[invalid bearer token, serviceaccounts \"hivemq-platform-pod-test-hivemq-legacy-platform\" not found]"
2025-01-29 22:18:11,283 INFO c.h.h.t.HelmChartContainer - [K3S] [authentication.go:74] "Unable to authenticate the request" err="[invalid bearer token, serviceaccounts \"hivemq-platform-pod-test-hivemq-legacy-platform\" not found]"
2025-01-29 22:18:11,285 INFO c.h.h.t.HelmChartContainer - [test-hivemq-legacy-platform] [hivemq] [d5f7d48a] WARN  - [HiveMQ Platform Operator Init App 1.7.0-SNAPSHOT] Could not update Pod annotations: Failure executing: GET at: https://10.43.0.1:443/api/v1/namespaces/helmlegacystatefulsetmigrationit-operator/pods/test-hivemq-legacy-platform-0. Message: Unauthorized. Received status: Status(apiVersion=v1, code=401, details=null, kind=Status, message=Unauthorized, metadata=ListMeta(_continue=null, remainingItemCount=null, resourceVersion=null, selfLink=null, additionalProperties={}), reason=Unauthorized, status=Failure, additionalProperties={}).
2025-01-29 22:18:11,328 INFO c.h.h.t.HelmChartContainer - [K3S] [reconciler_common.go:299] "Volume detached for volume \"kube-api-access-vhxm2\" (UniqueName: \"kubernetes.io/projected/e03d67e5-9683-4df6-861c-9b422fdd3c12-kube-api-access-vhxm2\") on node \"d9a106349f4e\" DevicePath \"\""
2025-01-29 22:18:11,328 INFO c.h.h.t.HelmChartContainer - [K3S] [reconciler_common.go:299] "Volume detached for volume \"templates\" (UniqueName: \"kubernetes.io/configmap/e03d67e5-9683-4df6-861c-9b422fdd3c12-templates\") on node \"d9a106349f4e\" DevicePath \"\""
2025-01-29 22:18:11,669 INFO c.h.h.t.HelmChartContainer - [K3S] [scope.go:117] "RemoveContainer" containerID="27794a4466364cc59e36d8195e0fab521bb01568480d9ec659f4b519153b3008"
2025-01-29 22:18:11,671 INFO c.h.h.t.HelmChartContainer - Stopped log watcher for operator in pod test-hivemq-legacy-platform-hivemq-operator-operator-56c5bjvchq [e03d67e5-9683-4df6-861c-9b422fdd3c12]
2025-01-29 22:18:11,675 INFO c.h.h.t.HelmChartContainer - [K3S] [scope.go:117] "RemoveContainer" containerID="27794a4466364cc59e36d8195e0fab521bb01568480d9ec659f4b519153b3008"
2025-01-29 22:18:11,685 INFO c.h.h.t.HelmChartContainer - [POD] helper-pod-delete-pvc-df94c3c9-25c2-4959-bf74-a7304f6edd51 [f92f9950-1e4a-4fab-b379-c2f796f3f5fd] in kube-system was MODIFIED
2025-01-29 22:18:11,691 INFO c.h.h.t.HelmChartContainer - [POD] test-hivemq-legacy-platform-hivemq-operator-operator-56c5bjvchq [e03d67e5-9683-4df6-861c-9b422fdd3c12] in helmlegacystatefulsetmigrationit-operator was MODIFIED
2025-01-29 22:18:11,694 INFO c.h.h.t.HelmChartContainer - [POD] test-hivemq-legacy-platform-hivemq-operator-operator-56c5bjvchq [e03d67e5-9683-4df6-861c-9b422fdd3c12] in helmlegacystatefulsetmigrationit-operator was DELETED
2025-01-29 22:18:11,719 INFO c.h.h.t.HelmChartContainer - [test-hivemq-legacy-platform] [hivemq] [d5f7d48a] INFO  - Shutdown completed.
2025-01-29 22:18:11,957 INFO c.h.h.t.HelmChartContainer - [K3S] [kubelet_volumes.go:163] "Cleaned up orphaned pod volumes dir" podUID="e03d67e5-9683-4df6-861c-9b422fdd3c12" path="/var/lib/kubelet/pods/e03d67e5-9683-4df6-861c-9b422fdd3c12/volumes"
2025-01-29 22:18:12,083 INFO c.h.h.t.HelmChartContainer - [test-hivemq-legacy-platform] [hivemq] [d5f7d48a] INFO  - [HiveMQ Platform Operator Init App 1.7.0-SNAPSHOT] The HiveMQ Platform exited with code 143
2025-01-29 22:18:12,083 INFO c.h.h.t.HelmChartContainer - [test-hivemq-legacy-platform] [hivemq] [d5f7d48a] INFO  - [HiveMQ Platform Operator Init App 1.7.0-SNAPSHOT] Stopping the REST API
2025-01-29 22:18:12,113 INFO c.h.h.t.HelmChartContainer - [test-hivemq-legacy-platform] [hivemq] [d5f7d48a] INFO  - [HiveMQ Platform Operator Init App 1.7.0-SNAPSHOT] Shutdown complete
2025-01-29 22:18:12,553 INFO c.h.h.t.HelmChartContainer - [POD] test-hivemq-legacy-platform-0 [d5f7d48a-e28b-4ba5-b565-f5c385ab8683] in helmlegacystatefulsetmigrationit-operator was MODIFIED
2025-01-29 22:18:12,638 INFO c.h.h.t.HelmChartContainer - [K3S] [reconciler_common.go:162] "operationExecutor.UnmountVolume started for volume \"kube-api-access-nc5cf\" (UniqueName: \"kubernetes.io/projected/d5f7d48a-e28b-4ba5-b565-f5c385ab8683-kube-api-access-nc5cf\") pod \"d5f7d48a-e28b-4ba5-b565-f5c385ab8683\" (UID: \"d5f7d48a-e28b-4ba5-b565-f5c385ab8683\") "
2025-01-29 22:18:12,638 INFO c.h.h.t.HelmChartContainer - [K3S] [reconciler_common.go:162] "operationExecutor.UnmountVolume started for volume \"ese-file-realm\" (UniqueName: \"kubernetes.io/configmap/d5f7d48a-e28b-4ba5-b565-f5c385ab8683-ese-file-realm\") pod \"d5f7d48a-e28b-4ba5-b565-f5c385ab8683\" (UID: \"d5f7d48a-e28b-4ba5-b565-f5c385ab8683\") "
2025-01-29 22:18:12,638 INFO c.h.h.t.HelmChartContainer - [K3S] [reconciler_common.go:162] "operationExecutor.UnmountVolume started for volume \"extension-configuration-hivemq-enterprise-security-extension\" (UniqueName: \"kubernetes.io/configmap/d5f7d48a-e28b-4ba5-b565-f5c385ab8683-extension-configuration-hivemq-enterprise-security-extension\") pod \"d5f7d48a-e28b-4ba5-b565-f5c385ab8683\" (UID: \"d5f7d48a-e28b-4ba5-b565-f5c385ab8683\") "
2025-01-29 22:18:12,639 INFO c.h.h.t.HelmChartContainer - [K3S] [reconciler_common.go:162] "operationExecutor.UnmountVolume started for volume \"pod-info\" (UniqueName: \"kubernetes.io/configmap/d5f7d48a-e28b-4ba5-b565-f5c385ab8683-pod-info\") pod \"d5f7d48a-e28b-4ba5-b565-f5c385ab8683\" (UID: \"d5f7d48a-e28b-4ba5-b565-f5c385ab8683\") "
2025-01-29 22:18:12,639 INFO c.h.h.t.HelmChartContainer - [K3S] [reconciler_common.go:162] "operationExecutor.UnmountVolume started for volume \"data\" (UniqueName: \"kubernetes.io/local-volume/pvc-b301cd7c-0ffa-4b5e-8efd-db957ae4d9a5\") pod \"d5f7d48a-e28b-4ba5-b565-f5c385ab8683\" (UID: \"d5f7d48a-e28b-4ba5-b565-f5c385ab8683\") "
2025-01-29 22:18:12,639 INFO c.h.h.t.HelmChartContainer - [K3S] [reconciler_common.go:162] "operationExecutor.UnmountVolume started for volume \"operator-init\" (UniqueName: \"kubernetes.io/empty-dir/d5f7d48a-e28b-4ba5-b565-f5c385ab8683-operator-init\") pod \"d5f7d48a-e28b-4ba5-b565-f5c385ab8683\" (UID: \"d5f7d48a-e28b-4ba5-b565-f5c385ab8683\") "
2025-01-29 22:18:12,639 INFO c.h.h.t.HelmChartContainer - [K3S] [reconciler_common.go:162] "operationExecutor.UnmountVolume started for volume \"broker-configuration\" (UniqueName: \"kubernetes.io/configmap/d5f7d48a-e28b-4ba5-b565-f5c385ab8683-broker-configuration\") pod \"d5f7d48a-e28b-4ba5-b565-f5c385ab8683\" (UID: \"d5f7d48a-e28b-4ba5-b565-f5c385ab8683\") "
2025-01-29 22:18:12,675 INFO c.h.h.t.HelmChartContainer - [K3S] [scope.go:117] "RemoveContainer" containerID="c583426c54219a66f16546b8e0aa8917ddabf4ede214457e9e288c27656eb24d"
2025-01-29 22:18:12,680 INFO c.h.h.t.HelmChartContainer - [K3S] [scope.go:117] "RemoveContainer" containerID="32a2802bc75c018e89515c281c4eb287c564573fdde2791049e0e5d7998383c0"
2025-01-29 22:18:12,682 INFO c.h.h.t.HelmChartContainer - [K3S] [scope.go:117] "RemoveContainer" containerID="c583426c54219a66f16546b8e0aa8917ddabf4ede214457e9e288c27656eb24d"
2025-01-29 22:18:12,683 INFO c.h.h.t.HelmChartContainer - [K3S] [scope.go:117] "RemoveContainer" containerID="32a2802bc75c018e89515c281c4eb287c564573fdde2791049e0e5d7998383c0"
2025-01-29 22:18:12,688 INFO c.h.h.t.HelmChartContainer - [POD] helper-pod-delete-pvc-df94c3c9-25c2-4959-bf74-a7304f6edd51 [f92f9950-1e4a-4fab-b379-c2f796f3f5fd] in kube-system was MODIFIED
2025-01-29 22:18:12,694 INFO c.h.h.t.HelmChartContainer - [POD] test-hivemq-legacy-platform-0 [d5f7d48a-e28b-4ba5-b565-f5c385ab8683] in helmlegacystatefulsetmigrationit-operator was MODIFIED
2025-01-29 22:18:12,697 INFO c.h.h.t.HelmChartContainer - [POD] test-hivemq-legacy-platform-0 [d5f7d48a-e28b-4ba5-b565-f5c385ab8683] in helmlegacystatefulsetmigrationit-operator was DELETED
2025-01-29 22:18:12,712 INFO c.h.h.t.HelmChartContainer - [POD] helper-pod-delete-pvc-b301cd7c-0ffa-4b5e-8efd-db957ae4d9a5 [b60a0d01-71e7-4c66-9ef6-28227ad27fed] in kube-system was ADDED
2025-01-29 22:18:12,712 INFO c.h.h.t.HelmChartContainer - [K3S] [memory_manager.go:355] "RemoveStaleState removing state" podUID="e03d67e5-9683-4df6-861c-9b422fdd3c12" containerName="operator"
2025-01-29 22:18:12,712 INFO c.h.h.t.HelmChartContainer - [K3S] [memory_manager.go:355] "RemoveStaleState removing state" podUID="d5f7d48a-e28b-4ba5-b565-f5c385ab8683" containerName="hivemq"
2025-01-29 22:18:12,719 INFO c.h.h.t.HelmChartContainer - [POD] helper-pod-delete-pvc-b301cd7c-0ffa-4b5e-8efd-db957ae4d9a5 [b60a0d01-71e7-4c66-9ef6-28227ad27fed] in kube-system was MODIFIED
2025-01-29 22:18:12,738 INFO c.h.h.t.HelmChartContainer - [K3S] [reconciler_common.go:299] "Volume detached for volume \"operator-init\" (UniqueName: \"kubernetes.io/empty-dir/d5f7d48a-e28b-4ba5-b565-f5c385ab8683-operator-init\") on node \"d9a106349f4e\" DevicePath \"\""
2025-01-29 22:18:12,738 INFO c.h.h.t.HelmChartContainer - [K3S] [reconciler_common.go:299] "Volume detached for volume \"broker-configuration\" (UniqueName: \"kubernetes.io/configmap/d5f7d48a-e28b-4ba5-b565-f5c385ab8683-broker-configuration\") on node \"d9a106349f4e\" DevicePath \"\""
2025-01-29 22:18:12,738 INFO c.h.h.t.HelmChartContainer - [K3S] [reconciler_common.go:299] "Volume detached for volume \"kube-api-access-nc5cf\" (UniqueName: \"kubernetes.io/projected/d5f7d48a-e28b-4ba5-b565-f5c385ab8683-kube-api-access-nc5cf\") on node \"d9a106349f4e\" DevicePath \"\""
2025-01-29 22:18:12,738 INFO c.h.h.t.HelmChartContainer - [K3S] [reconciler_common.go:299] "Volume detached for volume \"ese-file-realm\" (UniqueName: \"kubernetes.io/configmap/d5f7d48a-e28b-4ba5-b565-f5c385ab8683-ese-file-realm\") on node \"d9a106349f4e\" DevicePath \"\""
2025-01-29 22:18:12,738 INFO c.h.h.t.HelmChartContainer - [K3S] [reconciler_common.go:299] "Volume detached for volume \"extension-configuration-hivemq-enterprise-security-extension\" (UniqueName: \"kubernetes.io/configmap/d5f7d48a-e28b-4ba5-b565-f5c385ab8683-extension-configuration-hivemq-enterprise-security-extension\") on node \"d9a106349f4e\" DevicePath \"\""
2025-01-29 22:18:12,738 INFO c.h.h.t.HelmChartContainer - [K3S] [reconciler_common.go:299] "Volume detached for volume \"pod-info\" (UniqueName: \"kubernetes.io/configmap/d5f7d48a-e28b-4ba5-b565-f5c385ab8683-pod-info\") on node \"d9a106349f4e\" DevicePath \"\""
2025-01-29 22:18:12,738 INFO c.h.h.t.HelmChartContainer - [K3S] [reconciler_common.go:292] "operationExecutor.UnmountDevice started for volume \"pvc-b301cd7c-0ffa-4b5e-8efd-db957ae4d9a5\" (UniqueName: \"kubernetes.io/local-volume/pvc-b301cd7c-0ffa-4b5e-8efd-db957ae4d9a5\") on node \"d9a106349f4e\" "
2025-01-29 22:18:12,839 INFO c.h.h.t.HelmChartContainer - [K3S] [reconciler_common.go:251] "operationExecutor.VerifyControllerAttachedVolume started for volume \"kube-api-access-j9jfr\" (UniqueName: \"kubernetes.io/projected/b60a0d01-71e7-4c66-9ef6-28227ad27fed-kube-api-access-j9jfr\") pod \"helper-pod-delete-pvc-b301cd7c-0ffa-4b5e-8efd-db957ae4d9a5\" (UID: \"b60a0d01-71e7-4c66-9ef6-28227ad27fed\") " pod="kube-system/helper-pod-delete-pvc-b301cd7c-0ffa-4b5e-8efd-db957ae4d9a5"
2025-01-29 22:18:12,839 INFO c.h.h.t.HelmChartContainer - [K3S] [reconciler_common.go:251] "operationExecutor.VerifyControllerAttachedVolume started for volume \"script\" (UniqueName: \"kubernetes.io/configmap/b60a0d01-71e7-4c66-9ef6-28227ad27fed-script\") pod \"helper-pod-delete-pvc-b301cd7c-0ffa-4b5e-8efd-db957ae4d9a5\" (UID: \"b60a0d01-71e7-4c66-9ef6-28227ad27fed\") " pod="kube-system/helper-pod-delete-pvc-b301cd7c-0ffa-4b5e-8efd-db957ae4d9a5"
2025-01-29 22:18:12,839 INFO c.h.h.t.HelmChartContainer - [K3S] [reconciler_common.go:251] "operationExecutor.VerifyControllerAttachedVolume started for volume \"data\" (UniqueName: \"kubernetes.io/host-path/b60a0d01-71e7-4c66-9ef6-28227ad27fed-data\") pod \"helper-pod-delete-pvc-b301cd7c-0ffa-4b5e-8efd-db957ae4d9a5\" (UID: \"b60a0d01-71e7-4c66-9ef6-28227ad27fed\") " pod="kube-system/helper-pod-delete-pvc-b301cd7c-0ffa-4b5e-8efd-db957ae4d9a5"
2025-01-29 22:18:12,839 INFO c.h.h.t.HelmChartContainer - [K3S] [reconciler_common.go:299] "Volume detached for volume \"pvc-b301cd7c-0ffa-4b5e-8efd-db957ae4d9a5\" (UniqueName: \"kubernetes.io/local-volume/pvc-b301cd7c-0ffa-4b5e-8efd-db957ae4d9a5\") on node \"d9a106349f4e\" DevicePath \"\""
2025-01-29 22:18:13,689 INFO c.h.h.t.HelmChartContainer - [POD] helper-pod-delete-pvc-b301cd7c-0ffa-4b5e-8efd-db957ae4d9a5 [b60a0d01-71e7-4c66-9ef6-28227ad27fed] in kube-system was MODIFIED
2025-01-29 22:18:13,756 INFO c.h.h.t.HelmChartContainer - [POD] helper-pod-delete-pvc-df94c3c9-25c2-4959-bf74-a7304f6edd51 [f92f9950-1e4a-4fab-b379-c2f796f3f5fd] in kube-system was MODIFIED
2025-01-29 22:18:13,846 INFO c.h.h.t.HelmChartContainer - [K3S] [reconciler_common.go:162] "operationExecutor.UnmountVolume started for volume \"kube-api-access-dw6x8\" (UniqueName: \"kubernetes.io/projected/f92f9950-1e4a-4fab-b379-c2f796f3f5fd-kube-api-access-dw6x8\") pod \"f92f9950-1e4a-4fab-b379-c2f796f3f5fd\" (UID: \"f92f9950-1e4a-4fab-b379-c2f796f3f5fd\") "
2025-01-29 22:18:13,846 INFO c.h.h.t.HelmChartContainer - [K3S] [reconciler_common.go:162] "operationExecutor.UnmountVolume started for volume \"script\" (UniqueName: \"kubernetes.io/configmap/f92f9950-1e4a-4fab-b379-c2f796f3f5fd-script\") pod \"f92f9950-1e4a-4fab-b379-c2f796f3f5fd\" (UID: \"f92f9950-1e4a-4fab-b379-c2f796f3f5fd\") "
2025-01-29 22:18:13,846 INFO c.h.h.t.HelmChartContainer - [K3S] [reconciler_common.go:162] "operationExecutor.UnmountVolume started for volume \"data\" (UniqueName: \"kubernetes.io/host-path/f92f9950-1e4a-4fab-b379-c2f796f3f5fd-data\") pod \"f92f9950-1e4a-4fab-b379-c2f796f3f5fd\" (UID: \"f92f9950-1e4a-4fab-b379-c2f796f3f5fd\") "
2025-01-29 22:18:13,947 INFO c.h.h.t.HelmChartContainer - [K3S] [reconciler_common.go:299] "Volume detached for volume \"kube-api-access-dw6x8\" (UniqueName: \"kubernetes.io/projected/f92f9950-1e4a-4fab-b379-c2f796f3f5fd-kube-api-access-dw6x8\") on node \"d9a106349f4e\" DevicePath \"\""
2025-01-29 22:18:13,947 INFO c.h.h.t.HelmChartContainer - [K3S] [reconciler_common.go:299] "Volume detached for volume \"script\" (UniqueName: \"kubernetes.io/configmap/f92f9950-1e4a-4fab-b379-c2f796f3f5fd-script\") on node \"d9a106349f4e\" DevicePath \"\""
2025-01-29 22:18:13,947 INFO c.h.h.t.HelmChartContainer - [K3S] [reconciler_common.go:299] "Volume detached for volume \"data\" (UniqueName: \"kubernetes.io/host-path/f92f9950-1e4a-4fab-b379-c2f796f3f5fd-data\") on node \"d9a106349f4e\" DevicePath \"\""
2025-01-29 22:18:13,958 INFO c.h.h.t.HelmChartContainer - [K3S] [kubelet_volumes.go:163] "Cleaned up orphaned pod volumes dir" podUID="d5f7d48a-e28b-4ba5-b565-f5c385ab8683" path="/var/lib/kubelet/pods/d5f7d48a-e28b-4ba5-b565-f5c385ab8683/volumes"
2025-01-29 22:18:14,095 INFO c.h.h.t.HelmChartContainer - [POD] helper-pod-delete-pvc-df94c3c9-25c2-4959-bf74-a7304f6edd51 [f92f9950-1e4a-4fab-b379-c2f796f3f5fd] in kube-system was MODIFIED
2025-01-29 22:18:14,097 INFO c.h.h.t.HelmChartContainer - [POD] helper-pod-delete-pvc-df94c3c9-25c2-4959-bf74-a7304f6edd51 [f92f9950-1e4a-4fab-b379-c2f796f3f5fd] in kube-system was DELETED
2025-01-29 22:18:14,683 INFO c.h.h.t.HelmChartContainer - [K3S] [pod_container_deletor.go:80] "Container not found in pod's containers" containerID="ae21d278431a69230ede5fb61ed270419140c4dfda4e38e7e1371696f4eec34b"
2025-01-29 22:18:14,684 INFO c.h.h.t.HelmChartContainer - [K3S] [status_manager.go:890] "Failed to get status for pod" podUID="f92f9950-1e4a-4fab-b379-c2f796f3f5fd" pod="kube-system/helper-pod-delete-pvc-df94c3c9-25c2-4959-bf74-a7304f6edd51" err="pods \"helper-pod-delete-pvc-df94c3c9-25c2-4959-bf74-a7304f6edd51\" is forbidden: User \"system:node:d9a106349f4e\" cannot get resource \"pods\" in API group \"\" in the namespace \"kube-system\": no relationship found between node 'd9a106349f4e' and this object"
2025-01-29 22:18:14,772 INFO c.h.h.t.HelmChartContainer - [POD] helper-pod-delete-pvc-b301cd7c-0ffa-4b5e-8efd-db957ae4d9a5 [b60a0d01-71e7-4c66-9ef6-28227ad27fed] in kube-system was MODIFIED
2025-01-29 22:18:14,772 INFO c.h.h.t.HelmChartContainer - [K3S] [status_manager.go:890] "Failed to get status for pod" podUID="f92f9950-1e4a-4fab-b379-c2f796f3f5fd" pod="kube-system/helper-pod-delete-pvc-df94c3c9-25c2-4959-bf74-a7304f6edd51" err="pods \"helper-pod-delete-pvc-df94c3c9-25c2-4959-bf74-a7304f6edd51\" is forbidden: User \"system:node:d9a106349f4e\" cannot get resource \"pods\" in API group \"\" in the namespace \"kube-system\": no relationship found between node 'd9a106349f4e' and this object"
2025-01-29 22:18:14,852 INFO c.h.h.t.HelmChartContainer - [K3S] [reconciler_common.go:162] "operationExecutor.UnmountVolume started for volume \"data\" (UniqueName: \"kubernetes.io/host-path/b60a0d01-71e7-4c66-9ef6-28227ad27fed-data\") pod \"b60a0d01-71e7-4c66-9ef6-28227ad27fed\" (UID: \"b60a0d01-71e7-4c66-9ef6-28227ad27fed\") "
2025-01-29 22:18:14,852 INFO c.h.h.t.HelmChartContainer - [K3S] [reconciler_common.go:162] "operationExecutor.UnmountVolume started for volume \"script\" (UniqueName: \"kubernetes.io/configmap/b60a0d01-71e7-4c66-9ef6-28227ad27fed-script\") pod \"b60a0d01-71e7-4c66-9ef6-28227ad27fed\" (UID: \"b60a0d01-71e7-4c66-9ef6-28227ad27fed\") "
2025-01-29 22:18:14,852 INFO c.h.h.t.HelmChartContainer - [K3S] [reconciler_common.go:162] "operationExecutor.UnmountVolume started for volume \"kube-api-access-j9jfr\" (UniqueName: \"kubernetes.io/projected/b60a0d01-71e7-4c66-9ef6-28227ad27fed-kube-api-access-j9jfr\") pod \"b60a0d01-71e7-4c66-9ef6-28227ad27fed\" (UID: \"b60a0d01-71e7-4c66-9ef6-28227ad27fed\") "
2025-01-29 22:18:14,952 INFO c.h.h.t.HelmChartContainer - [K3S] [reconciler_common.go:299] "Volume detached for volume \"kube-api-access-j9jfr\" (UniqueName: \"kubernetes.io/projected/b60a0d01-71e7-4c66-9ef6-28227ad27fed-kube-api-access-j9jfr\") on node \"d9a106349f4e\" DevicePath \"\""
2025-01-29 22:18:14,952 INFO c.h.h.t.HelmChartContainer - [K3S] [reconciler_common.go:299] "Volume detached for volume \"data\" (UniqueName: \"kubernetes.io/host-path/b60a0d01-71e7-4c66-9ef6-28227ad27fed-data\") on node \"d9a106349f4e\" DevicePath \"\""
2025-01-29 22:18:14,952 INFO c.h.h.t.HelmChartContainer - [K3S] [reconciler_common.go:299] "Volume detached for volume \"script\" (UniqueName: \"kubernetes.io/configmap/b60a0d01-71e7-4c66-9ef6-28227ad27fed-script\") on node \"d9a106349f4e\" DevicePath \"\""
2025-01-29 22:18:15,685 INFO c.h.h.t.HelmChartContainer - [K3S] [pod_container_deletor.go:80] "Container not found in pod's containers" containerID="03843a43b212ca91c9fc618c9a63d0581bb9184c70a7c6e5c39cee2010f1c00d"
2025-01-29 22:18:15,691 INFO c.h.h.t.HelmChartContainer - [K3S] [status_manager.go:890] "Failed to get status for pod" podUID="f92f9950-1e4a-4fab-b379-c2f796f3f5fd" pod="kube-system/helper-pod-delete-pvc-df94c3c9-25c2-4959-bf74-a7304f6edd51" err="pods \"helper-pod-delete-pvc-df94c3c9-25c2-4959-bf74-a7304f6edd51\" is forbidden: User \"system:node:d9a106349f4e\" cannot get resource \"pods\" in API group \"\" in the namespace \"kube-system\": no relationship found between node 'd9a106349f4e' and this object"
2025-01-29 22:18:15,732 INFO c.h.h.t.HelmChartContainer - [POD] helper-pod-delete-pvc-b301cd7c-0ffa-4b5e-8efd-db957ae4d9a5 [b60a0d01-71e7-4c66-9ef6-28227ad27fed] in kube-system was MODIFIED
2025-01-29 22:18:15,734 INFO c.h.h.t.HelmChartContainer - [POD] helper-pod-delete-pvc-b301cd7c-0ffa-4b5e-8efd-db957ae4d9a5 [b60a0d01-71e7-4c66-9ef6-28227ad27fed] in kube-system was DELETED
2025-01-29 22:18:15,957 INFO c.h.h.t.HelmChartContainer - [K3S] [kubelet_volumes.go:163] "Cleaned up orphaned pod volumes dir" podUID="b60a0d01-71e7-4c66-9ef6-28227ad27fed" path="/var/lib/kubelet/pods/b60a0d01-71e7-4c66-9ef6-28227ad27fed/volumes"
2025-01-29 22:18:15,958 INFO c.h.h.t.HelmChartContainer - [K3S] [kubelet_volumes.go:163] "Cleaned up orphaned pod volumes dir" podUID="f92f9950-1e4a-4fab-b379-c2f796f3f5fd" path="/var/lib/kubelet/pods/f92f9950-1e4a-4fab-b379-c2f796f3f5fd/volumes"
2025-01-29 22:18:16,378 INFO c.h.h.t.HelmChartContainer - Namespace 'helmlegacystatefulsetmigrationit-operator' deleted
2025-01-29 22:18:16,378 INFO c.h.h.t.HelmChartContainer - Release 'test-hivemq-platform-operator' in namespace 'helmlegacystatefulsetmigrationit-operator' is uninstalled
2025-01-29 22:18:17,563 INFO c.h.helmcharts.AbstractHelmChartIT - Removed unused containers:

2025-01-29 22:18:21,342 INFO c.h.h.t.HelmChartContainer - [K3S] [namespace_controller.go:187] "Namespace has been deleted" namespace="helmlegacystatefulsetmigrationit-operator"
2025-01-29 22:18:29,633 INFO c.h.helmcharts.AbstractHelmChartIT - Removed unused snapshots:
Removing snapshot sha256:03af251906410714c5aef9fa705b63f6bbc39c4a5e787de7361eeb18886c2ed2
Removing snapshot sha256:0c46b3b43cce082ce5ec34ffc6c294e0417d17b9d1e6f366d114b6aadc4f96dc
Removing snapshot sha256:0ce761beee59082d6ed5bcebd3a805b8ddd9b3426b617e4809e7fb7c6587ffec
Removing snapshot sha256:0df91287303208332c8ff6ba40ae4710105201739addbfbddfb955f1ad593664
Removing snapshot sha256:1021ef88c7974bfff89c5a0ec4fd3160daac6c48a075f74cff721f85dd104e68
Removing snapshot sha256:10aba4953ddc18145dd38e3704709bc464aa20af60b56fe52caaff4b68411e62
Removing snapshot sha256:1d5cf3e3eb812061f06c49abff02b68d81953942566ded85fcc9c1f47b13186a
Removing snapshot sha256:202fe64c3ce39b94d8beda7d7506ccdfcf7a59f02f17c915078e4c62b5c2ed11
Removing snapshot sha256:211719a067844f37d3a87d652081adb4e1dbe1f0369a0f74bbfa03ea6a491a25
Removing snapshot sha256:24159a7fcc265e27ce90b7e2af0a37a176cf9689be7496d6654efa8cacd3db13
Removing snapshot sha256:2573e0d8158209ed54ab25c87bcdcb00bd3d2539246960a3d592a1c599d70465
Removing snapshot sha256:2944c0692f0b3f4c958b09e4bf315ac3616ed274898af04494fcd963a879bca5
Removing snapshot sha256:29ca722de2d10e44fb7779bcc47bffeaa4b29534f98dd1defe69cb1a08f94721
Removing snapshot sha256:310c61cc983be7b5dfaf552c80a87d1989e9da7ec32068a247fa2ce92714f45b
Removing snapshot sha256:362a8a37f8bbc31925a8146adcf7cf51f9882f5c1dcbef67c5baa03a297543c0
Removing snapshot sha256:3fa4ad33f0ddc8fd45b39b6b4640f82a3a83619606cd975bfe89d8710ad2d4cd
Removing snapshot sha256:43a7c979bbaba6838bc3102d6b10a1459f3ab050b87ccdfef84ef90cf43d3058
Removing snapshot sha256:4ab04491cdf0d3267f08206fe30bd48f49f94b9cab2f016d6739220f722a64af
Removing snapshot sha256:4b6068250e89c96f263060261819c7d912855bfbd64b3eb4c4a8483299b8c295
Removing snapshot sha256:580e69a0a8034ede1921139bbd2bfb72a69ebf276d008281896c32dd8bf74775
Removing snapshot sha256:595756d28ed36d6b35bc20c2f5cde24d9d5d3529fd9f0e72578c5dcc714a6670
Removing snapshot sha256:59654b79daad74c77dc2e28502ca577ba8ce73276720002234a23fc60ee92692
Removing snapshot sha256:5a3228bf75a16fc5ec5b3d4ca301ab7ef2ca3bc2a3e8bf0a02733adfe43e5980
Removing snapshot sha256:5d30ba46b27fe37484567ccc5242cadc78217b8da605f3f195ef25cbf7487904
Removing snapshot sha256:63ca1fbb43ae5034640e5e6cb3e083e05c290072c5366fcaa9d62435a4cced85
Removing snapshot sha256:66140dc7271ceb0a9b5e521509e7d96b916d4182681f723881bfae89675de7f6
Removing snapshot sha256:67f702c6baae873bceb19487c8b1f27bd2b86077e4f2f0e480e6d60ab508b8f5
Removing snapshot sha256:6864348dd42806d552efdec384f1274be15e2d0c10ce44c1f04347af004c10a9
Removing snapshot sha256:6c7dee8f2c39b84b7dc2711c01d33de93514d9055499173e9290176fbe484b6c
Removing snapshot sha256:75e261da608c613d44346d0b7bf9031bda5dfde2a79598e50302ec0cab386fc3
Removing snapshot sha256:82753493a6d61ded36556292f02f31841a14c20d2f279f19eaad65afb661d5cd
Removing snapshot sha256:84e1a755f007b73ee24c1c8955818471b986436582ec3b3f6a0a899bea373917
Removing snapshot sha256:8a10d3db42c505ee0fcfa98417bdd7e39b304f6bcc0a06bb1b220797ff2cc63c
Removing snapshot sha256:8bd9d778dd3aef4d3b4c77ee426be03092ca88acfd9bcf279d0631dd96d6df44
Removing snapshot sha256:8d0525d6afb8a8b5d1ea6cd936cc26682368a2535ade71e6dd8d8695ab2b0c69
Removing snapshot sha256:8eed3c0b435850e9a00be0139a9a847ca108037e5fa832424a4e194c78ba59c4
Removing snapshot sha256:9b6f048201798a9c57b6316cb427a1e0aeb399d74aa15ca9e1519e77e2a2269e
Removing snapshot sha256:a0904247e36a7726c03c71ee48f3e64462021c88dafeb13f37fdaf613b27f11c
Removing snapshot sha256:a21e5b12dbac529ad45d976eb9ce45c881f3bedcc500fb30aba1e52aa1813418
Removing snapshot sha256:ab252baf4e5de5aaea9ee70236e159dbf16fd0a2394f5e27a579881aadfd4f49
Removing snapshot sha256:b921e6c28969094157f9b8e7244677780319637afd14450b7cb6b2fdea558a0c
Removing snapshot sha256:bb15cd8b3dc7216c815ebfe5c6f9117f0ed1a78426f6bbc69b702d898dec8bae
Removing snapshot sha256:bc27ecb5769a00e309cf99ebc763c4a4b958b618d1decc96ffac5bc05f02f5b7
Removing snapshot sha256:be3ccb6627a5332e309d45ef461d09b4879dd870c7394d89323d0ebc6ca6aa8a
Removing snapshot sha256:c0c5b7491e705290b7ad3cce5c420f88ca1c74090e2726894a1baef025c52f43
Removing snapshot sha256:c261f7cbbc64211ee175ee47273acdb7b1a36a4450b397a064a8f2c026490095
Removing snapshot sha256:c34d9393647eea0c9e3557ab988efaf59f61d10a2a5613b439ef0958cca5ec10
Removing snapshot sha256:c4d5383ee8eaca294a64b01d37df59eac0a3e2a9779e67c450767218d0c4b36a
Removing snapshot sha256:ccf3c4a0fa967a41c1c83497a2ce6fa5787965859df0adb32c4ca2cf7490bc2b
Removing snapshot sha256:cf92d33f869417309692088c341cd0f223c178ea78a125f757317b22aa8f90e9
Removing snapshot sha256:d0037344cf2fb078884f1849f6a1f8cf9a33a3b6139b6a85833e5ee528e1f9a8
Removing snapshot sha256:d3b36d5b79273b1e98e7700470eaeff05a882e777124d84cebcc1505b85ecb36
Removing snapshot sha256:d65a44a37914602d12c611e5e22a50f11451d847e63015cc1c2aef92dee777a4
Removing snapshot sha256:d933c5f7d93a7a4196b76b559685f889b7b388041ac839bb7e19f6495750c4ef
Removing snapshot sha256:e2dc0bae2455930f23ae570e019b7f32edc75c0f2d71cab084db837ff9051796
Removing snapshot sha256:e31519795c7e3df686c447a21ec8d2eb301388a5e39ccf7f20a25c6f6ce3a522
Removing snapshot sha256:e4f954326774f256e539cb77d7b760593e89bbc63ca7a5ee0814ba1906135a09
Removing snapshot sha256:e9e86ed11d9bebc0707dd6f1166c51237ebb44f98657241f943261b2675a5449
Removing snapshot sha256:eabc2b3c5c963907b3f557933a60ab243515007cd7c28ba909692f5627b3bd32
Removing snapshot sha256:ecbf3b59a2be12efa647dc6cafe74dc73897de364be1037d9f880482d1ce011f
Removing snapshot sha256:eccbd24a99c60cd9e86ee5305dbfc4a4dc89f5ab4fb1f06c8d64797cecedef34
Removing snapshot sha256:edd1404c718ab99ca3456bdf222065033800bb67d4334a9642746685a24394cd
Removing snapshot sha256:f144bb4c7c7f0d2aa7eeffd36d934ec40db1ee167be727e326aad9fdc616f475
Removing snapshot sha256:fb187e41c7ff5d6419426ae9d9aaa7a09482eff2f3b4f00aa7a2156252c5876d
Removing snapshot sha256:ff3d1afd12e9b5642bc649cf82e7302d95c47a7a41fdfb3f34b284058e6b2790

2025-01-29 22:18:29,633 WARN c.h.helmcharts.AbstractHelmChartIT - Error during removal of snapshots:
ctr: failed to remove "sha256:03af251906410714c5aef9fa705b63f6bbc39c4a5e787de7361eeb18886c2ed2": cannot remove snapshot with child: failed precondition
ctr: failed to remove "sha256:0c46b3b43cce082ce5ec34ffc6c294e0417d17b9d1e6f366d114b6aadc4f96dc": cannot remove snapshot with child: failed precondition
ctr: failed to remove "sha256:0ce761beee59082d6ed5bcebd3a805b8ddd9b3426b617e4809e7fb7c6587ffec": cannot remove snapshot with child: failed precondition
ctr: failed to remove "sha256:0df91287303208332c8ff6ba40ae4710105201739addbfbddfb955f1ad593664": cannot remove snapshot with child: failed precondition
ctr: failed to remove "sha256:1021ef88c7974bfff89c5a0ec4fd3160daac6c48a075f74cff721f85dd104e68": cannot remove snapshot with child: failed precondition
ctr: failed to remove "sha256:10aba4953ddc18145dd38e3704709bc464aa20af60b56fe52caaff4b68411e62": cannot remove snapshot with child: failed precondition
ctr: failed to remove "sha256:1d5cf3e3eb812061f06c49abff02b68d81953942566ded85fcc9c1f47b13186a": cannot remove snapshot with child: failed precondition
ctr: failed to remove "sha256:202fe64c3ce39b94d8beda7d7506ccdfcf7a59f02f17c915078e4c62b5c2ed11": cannot remove snapshot with child: failed precondition
ctr: failed to remove "sha256:211719a067844f37d3a87d652081adb4e1dbe1f0369a0f74bbfa03ea6a491a25": cannot remove snapshot with child: failed precondition
ctr: failed to remove "sha256:2573e0d8158209ed54ab25c87bcdcb00bd3d2539246960a3d592a1c599d70465": cannot remove snapshot with child: failed precondition
ctr: failed to remove "sha256:2944c0692f0b3f4c958b09e4bf315ac3616ed274898af04494fcd963a879bca5": cannot remove snapshot with child: failed precondition
ctr: failed to remove "sha256:29ca722de2d10e44fb7779bcc47bffeaa4b29534f98dd1defe69cb1a08f94721": cannot remove snapshot with child: failed precondition
ctr: failed to remove "sha256:310c61cc983be7b5dfaf552c80a87d1989e9da7ec32068a247fa2ce92714f45b": cannot remove snapshot with child: failed precondition
ctr: failed to remove "sha256:362a8a37f8bbc31925a8146adcf7cf51f9882f5c1dcbef67c5baa03a297543c0": cannot remove snapshot with child: failed precondition
ctr: failed to remove "sha256:3fa4ad33f0ddc8fd45b39b6b4640f82a3a83619606cd975bfe89d8710ad2d4cd": cannot remove snapshot with child: failed precondition
ctr: failed to remove "sha256:43a7c979bbaba6838bc3102d6b10a1459f3ab050b87ccdfef84ef90cf43d3058": cannot remove snapshot with child: failed precondition
ctr: failed to remove "sha256:4ab04491cdf0d3267f08206fe30bd48f49f94b9cab2f016d6739220f722a64af": cannot remove snapshot with child: failed precondition
ctr: failed to remove "sha256:4b6068250e89c96f263060261819c7d912855bfbd64b3eb4c4a8483299b8c295": cannot remove snapshot with child: failed precondition
ctr: failed to remove "sha256:580e69a0a8034ede1921139bbd2bfb72a69ebf276d008281896c32dd8bf74775": cannot remove snapshot with child: failed precondition
ctr: failed to remove "sha256:5a3228bf75a16fc5ec5b3d4ca301ab7ef2ca3bc2a3e8bf0a02733adfe43e5980": cannot remove snapshot with child: failed precondition
ctr: failed to remove "sha256:5d30ba46b27fe37484567ccc5242cadc78217b8da605f3f195ef25cbf7487904": cannot remove snapshot with child: failed precondition
ctr: failed to remove "sha256:63ca1fbb43ae5034640e5e6cb3e083e05c290072c5366fcaa9d62435a4cced85": cannot remove snapshot with child: failed precondition
ctr: failed to remove "sha256:66140dc7271ceb0a9b5e521509e7d96b916d4182681f723881bfae89675de7f6": cannot remove snapshot with child: failed precondition
ctr: failed to remove "sha256:67f702c6baae873bceb19487c8b1f27bd2b86077e4f2f0e480e6d60ab508b8f5": cannot remove snapshot with child: failed precondition
ctr: failed to remove "sha256:6864348dd42806d552efdec384f1274be15e2d0c10ce44c1f04347af004c10a9": cannot remove snapshot with child: failed precondition
ctr: failed to remove "sha256:6c7dee8f2c39b84b7dc2711c01d33de93514d9055499173e9290176fbe484b6c": cannot remove snapshot with child: failed precondition
ctr: failed to remove "sha256:82753493a6d61ded36556292f02f31841a14c20d2f279f19eaad65afb661d5cd": cannot remove snapshot with child: failed precondition
ctr: failed to remove "sha256:84e1a755f007b73ee24c1c8955818471b986436582ec3b3f6a0a899bea373917": cannot remove snapshot with child: failed precondition
ctr: failed to remove "sha256:8a10d3db42c505ee0fcfa98417bdd7e39b304f6bcc0a06bb1b220797ff2cc63c": cannot remove snapshot with child: failed precondition
ctr: failed to remove "sha256:8bd9d778dd3aef4d3b4c77ee426be03092ca88acfd9bcf279d0631dd96d6df44": cannot remove snapshot with child: failed precondition
ctr: failed to remove "sha256:8d0525d6afb8a8b5d1ea6cd936cc26682368a2535ade71e6dd8d8695ab2b0c69": cannot remove snapshot with child: failed precondition
ctr: failed to remove "sha256:8eed3c0b435850e9a00be0139a9a847ca108037e5fa832424a4e194c78ba59c4": cannot remove snapshot with child: failed precondition
ctr: failed to remove "sha256:9b6f048201798a9c57b6316cb427a1e0aeb399d74aa15ca9e1519e77e2a2269e": cannot remove snapshot with child: failed precondition
ctr: failed to remove "sha256:a0904247e36a7726c03c71ee48f3e64462021c88dafeb13f37fdaf613b27f11c": cannot remove snapshot with child: failed precondition
ctr: failed to remove "sha256:a21e5b12dbac529ad45d976eb9ce45c881f3bedcc500fb30aba1e52aa1813418": cannot remove snapshot with child: failed precondition
ctr: failed to remove "sha256:ab252baf4e5de5aaea9ee70236e159dbf16fd0a2394f5e27a579881aadfd4f49": cannot remove snapshot with child: failed precondition
ctr: failed to remove "sha256:b921e6c28969094157f9b8e7244677780319637afd14450b7cb6b2fdea558a0c": cannot remove snapshot with child: failed precondition
ctr: failed to remove "sha256:bc27ecb5769a00e309cf99ebc763c4a4b958b618d1decc96ffac5bc05f02f5b7": cannot remove snapshot with child: failed precondition
ctr: failed to remove "sha256:be3ccb6627a5332e309d45ef461d09b4879dd870c7394d89323d0ebc6ca6aa8a": cannot remove snapshot with child: failed precondition
ctr: failed to remove "sha256:c0c5b7491e705290b7ad3cce5c420f88ca1c74090e2726894a1baef025c52f43": cannot remove snapshot with child: failed precondition
ctr: failed to remove "sha256:c261f7cbbc64211ee175ee47273acdb7b1a36a4450b397a064a8f2c026490095": cannot remove snapshot with child: failed precondition
ctr: failed to remove "sha256:c34d9393647eea0c9e3557ab988efaf59f61d10a2a5613b439ef0958cca5ec10": cannot remove snapshot with child: failed precondition
ctr: failed to remove "sha256:c4d5383ee8eaca294a64b01d37df59eac0a3e2a9779e67c450767218d0c4b36a": cannot remove snapshot with child: failed precondition
ctr: failed to remove "sha256:ccf3c4a0fa967a41c1c83497a2ce6fa5787965859df0adb32c4ca2cf7490bc2b": cannot remove snapshot with child: failed precondition
ctr: failed to remove "sha256:cf92d33f869417309692088c341cd0f223c178ea78a125f757317b22aa8f90e9": cannot remove snapshot with child: failed precondition
ctr: failed to remove "sha256:d0037344cf2fb078884f1849f6a1f8cf9a33a3b6139b6a85833e5ee528e1f9a8": cannot remove snapshot with child: failed precondition
ctr: failed to remove "sha256:d3b36d5b79273b1e98e7700470eaeff05a882e777124d84cebcc1505b85ecb36": cannot remove snapshot with child: failed precondition
ctr: failed to remove "sha256:d65a44a37914602d12c611e5e22a50f11451d847e63015cc1c2aef92dee777a4": cannot remove snapshot with child: failed precondition
ctr: failed to remove "sha256:d933c5f7d93a7a4196b76b559685f889b7b388041ac839bb7e19f6495750c4ef": cannot remove snapshot with child: failed precondition
ctr: failed to remove "sha256:e2dc0bae2455930f23ae570e019b7f32edc75c0f2d71cab084db837ff9051796": cannot remove snapshot with child: failed precondition
ctr: failed to remove "sha256:e31519795c7e3df686c447a21ec8d2eb301388a5e39ccf7f20a25c6f6ce3a522": cannot remove snapshot with child: failed precondition
ctr: failed to remove "sha256:e4f954326774f256e539cb77d7b760593e89bbc63ca7a5ee0814ba1906135a09": cannot remove snapshot with child: failed precondition
ctr: failed to remove "sha256:e9e86ed11d9bebc0707dd6f1166c51237ebb44f98657241f943261b2675a5449": cannot remove snapshot with child: failed precondition
ctr: failed to remove "sha256:eabc2b3c5c963907b3f557933a60ab243515007cd7c28ba909692f5627b3bd32": cannot remove snapshot with child: failed precondition
ctr: failed to remove "sha256:ecbf3b59a2be12efa647dc6cafe74dc73897de364be1037d9f880482d1ce011f": cannot remove snapshot with child: failed precondition
ctr: failed to remove "sha256:eccbd24a99c60cd9e86ee5305dbfc4a4dc89f5ab4fb1f06c8d64797cecedef34": cannot remove snapshot with child: failed precondition
ctr: failed to remove "sha256:edd1404c718ab99ca3456bdf222065033800bb67d4334a9642746685a24394cd": cannot remove snapshot with child: failed precondition
ctr: failed to remove "sha256:f144bb4c7c7f0d2aa7eeffd36d934ec40db1ee167be727e326aad9fdc616f475": cannot remove snapshot with child: failed precondition
ctr: failed to remove "sha256:ff3d1afd12e9b5642bc649cf82e7302d95c47a7a41fdfb3f34b284058e6b2790": cannot remove snapshot with child: failed precondition

]]></system-out>
  </testcase>
  <system-out><![CDATA[2025-01-29 22:12:52,215 INFO o.t.containers.SeleniumUtils - Selenium API version 4.28.1 detected on classpath
2025-01-29 22:12:52,227 INFO t.selenium/standalone-chrome:4.28.1 - Pulling docker image: selenium/standalone-chrome:4.28.1. Please be patient; this may take some time but only needs to be done once.
2025-01-29 22:12:52,427 INFO t.selenium/standalone-chrome:4.28.1 - Starting to pull image
2025-01-29 22:12:52,428 INFO t.selenium/standalone-chrome:4.28.1 - Pulling image layers:  0 pending,  0 downloaded,  0 extracted, (0 bytes/0 bytes)
2025-01-29 22:12:52,531 INFO t.selenium/standalone-chrome:4.28.1 - Pulling image layers: 32 pending,  1 downloaded,  0 extracted, (3 KB/? MB)
2025-01-29 22:12:52,600 INFO t.selenium/standalone-chrome:4.28.1 - Pulling image layers: 31 pending,  2 downloaded,  0 extracted, (1 MB/? MB)
2025-01-29 22:12:52,676 INFO t.selenium/standalone-chrome:4.28.1 - Pulling image layers: 30 pending,  3 downloaded,  0 extracted, (12 MB/? MB)
2025-01-29 22:12:52,736 INFO t.selenium/standalone-chrome:4.28.1 - Pulling image layers: 29 pending,  4 downloaded,  0 extracted, (12 MB/? MB)
2025-01-29 22:12:52,828 INFO t.selenium/standalone-chrome:4.28.1 - Pulling image layers: 28 pending,  5 downloaded,  0 extracted, (21 MB/? MB)
2025-01-29 22:12:52,889 INFO t.selenium/standalone-chrome:4.28.1 - Pulling image layers: 27 pending,  6 downloaded,  0 extracted, (31 MB/? MB)
2025-01-29 22:12:52,961 INFO t.selenium/standalone-chrome:4.28.1 - Pulling image layers: 26 pending,  7 downloaded,  0 extracted, (31 MB/? MB)
2025-01-29 22:12:53,226 INFO t.selenium/standalone-chrome:4.28.1 - Pulling image layers: 25 pending,  8 downloaded,  0 extracted, (82 MB/? MB)
2025-01-29 22:12:54,133 INFO t.selenium/standalone-chrome:4.28.1 - Pulling image layers: 24 pending,  9 downloaded,  0 extracted, (199 MB/? MB)
2025-01-29 22:12:54,276 INFO t.selenium/standalone-chrome:4.28.1 - Pulling image layers: 23 pending, 10 downloaded,  0 extracted, (217 MB/? MB)
2025-01-29 22:12:54,354 INFO t.selenium/standalone-chrome:4.28.1 - Pulling image layers: 22 pending, 11 downloaded,  0 extracted, (230 MB/? MB)
2025-01-29 22:12:54,404 INFO t.selenium/standalone-chrome:4.28.1 - Pulling image layers: 21 pending, 12 downloaded,  0 extracted, (230 MB/? MB)
2025-01-29 22:12:54,460 INFO t.selenium/standalone-chrome:4.28.1 - Pulling image layers: 20 pending, 13 downloaded,  0 extracted, (245 MB/? MB)
2025-01-29 22:12:55,681 INFO t.selenium/standalone-chrome:4.28.1 - Pulling image layers: 19 pending, 14 downloaded,  0 extracted, (469 MB/? MB)
2025-01-29 22:12:55,868 INFO t.selenium/standalone-chrome:4.28.1 - Pulling image layers: 18 pending, 15 downloaded,  0 extracted, (512 MB/? MB)
2025-01-29 22:12:55,923 INFO t.selenium/standalone-chrome:4.28.1 - Pulling image layers: 17 pending, 16 downloaded,  0 extracted, (519 MB/? MB)
2025-01-29 22:12:55,937 INFO t.selenium/standalone-chrome:4.28.1 - Pulling image layers: 16 pending, 17 downloaded,  0 extracted, (529 MB/? MB)
2025-01-29 22:12:55,982 INFO t.selenium/standalone-chrome:4.28.1 - Pulling image layers: 15 pending, 18 downloaded,  0 extracted, (529 MB/? MB)
2025-01-29 22:12:56,003 INFO t.selenium/standalone-chrome:4.28.1 - Pulling image layers: 14 pending, 19 downloaded,  0 extracted, (529 MB/? MB)
2025-01-29 22:12:56,082 INFO t.selenium/standalone-chrome:4.28.1 - Pulling image layers: 13 pending, 20 downloaded,  0 extracted, (538 MB/? MB)
2025-01-29 22:12:56,132 INFO t.selenium/standalone-chrome:4.28.1 - Pulling image layers: 12 pending, 21 downloaded,  0 extracted, (542 MB/? MB)
2025-01-29 22:12:56,295 INFO t.selenium/standalone-chrome:4.28.1 - Pulling image layers: 11 pending, 22 downloaded,  0 extracted, (563 MB/? MB)
2025-01-29 22:12:56,311 INFO t.selenium/standalone-chrome:4.28.1 - Pulling image layers: 10 pending, 23 downloaded,  0 extracted, (563 MB/? MB)
2025-01-29 22:12:56,358 INFO t.selenium/standalone-chrome:4.28.1 - Pulling image layers:  9 pending, 24 downloaded,  0 extracted, (563 MB/? MB)
2025-01-29 22:12:56,382 INFO t.selenium/standalone-chrome:4.28.1 - Pulling image layers:  8 pending, 25 downloaded,  0 extracted, (568 MB/? MB)
2025-01-29 22:12:56,434 INFO t.selenium/standalone-chrome:4.28.1 - Pulling image layers:  7 pending, 26 downloaded,  0 extracted, (568 MB/? MB)
2025-01-29 22:12:56,447 INFO t.selenium/standalone-chrome:4.28.1 - Pulling image layers:  6 pending, 27 downloaded,  0 extracted, (568 MB/? MB)
2025-01-29 22:12:56,501 INFO t.selenium/standalone-chrome:4.28.1 - Pulling image layers:  5 pending, 28 downloaded,  0 extracted, (570 MB/? MB)
2025-01-29 22:12:56,505 INFO t.selenium/standalone-chrome:4.28.1 - Pulling image layers:  4 pending, 29 downloaded,  0 extracted, (570 MB/? MB)
2025-01-29 22:12:56,589 INFO t.selenium/standalone-chrome:4.28.1 - Pulling image layers:  3 pending, 30 downloaded,  0 extracted, (570 MB/? MB)
2025-01-29 22:12:56,598 INFO t.selenium/standalone-chrome:4.28.1 - Pulling image layers:  2 pending, 31 downloaded,  0 extracted, (570 MB/? MB)
2025-01-29 22:12:59,556 INFO t.selenium/standalone-chrome:4.28.1 - Pulling image layers:  1 pending, 32 downloaded,  0 extracted, (719 MB/? MB)
2025-01-29 22:13:00,081 INFO t.selenium/standalone-chrome:4.28.1 - Pulling image layers:  1 pending, 32 downloaded,  1 extracted, (719 MB/? MB)
2025-01-29 22:13:01,179 INFO t.selenium/standalone-chrome:4.28.1 - Pulling image layers:  1 pending, 32 downloaded,  2 extracted, (723 MB/? MB)
2025-01-29 22:13:01,194 INFO t.selenium/standalone-chrome:4.28.1 - Pulling image layers:  1 pending, 32 downloaded,  3 extracted, (723 MB/? MB)
2025-01-29 22:13:01,207 INFO t.selenium/standalone-chrome:4.28.1 - Pulling image layers:  1 pending, 32 downloaded,  4 extracted, (723 MB/? MB)
2025-01-29 22:13:01,219 INFO t.selenium/standalone-chrome:4.28.1 - Pulling image layers:  1 pending, 32 downloaded,  5 extracted, (723 MB/? MB)
2025-01-29 22:13:01,228 INFO t.selenium/standalone-chrome:4.28.1 - Pulling image layers:  1 pending, 32 downloaded,  6 extracted, (723 MB/? MB)
2025-01-29 22:13:01,237 INFO t.selenium/standalone-chrome:4.28.1 - Pulling image layers:  1 pending, 32 downloaded,  7 extracted, (723 MB/? MB)
2025-01-29 22:13:01,247 INFO t.selenium/standalone-chrome:4.28.1 - Pulling image layers:  1 pending, 32 downloaded,  8 extracted, (723 MB/? MB)
2025-01-29 22:13:01,323 INFO t.selenium/standalone-chrome:4.28.1 - Pulling image layers:  1 pending, 32 downloaded,  9 extracted, (723 MB/? MB)
2025-01-29 22:13:01,485 INFO t.selenium/standalone-chrome:4.28.1 - Pulling image layers:  1 pending, 32 downloaded, 10 extracted, (724 MB/? MB)
2025-01-29 22:13:01,907 INFO t.selenium/standalone-chrome:4.28.1 - Pulling image layers:  1 pending, 32 downloaded, 11 extracted, (733 MB/? MB)
2025-01-29 22:13:04,282 INFO t.selenium/standalone-chrome:4.28.1 - Pulling image layers:  1 pending, 32 downloaded, 12 extracted, (736 MB/? MB)
2025-01-29 22:13:04,294 INFO t.selenium/standalone-chrome:4.28.1 - Pulling image layers:  1 pending, 32 downloaded, 13 extracted, (736 MB/? MB)
2025-01-29 22:13:04,307 INFO t.selenium/standalone-chrome:4.28.1 - Pulling image layers:  1 pending, 32 downloaded, 14 extracted, (736 MB/? MB)
2025-01-29 22:13:04,318 INFO t.selenium/standalone-chrome:4.28.1 - Pulling image layers:  1 pending, 32 downloaded, 15 extracted, (736 MB/? MB)
2025-01-29 22:13:07,890 INFO t.selenium/standalone-chrome:4.28.1 - Pulling image layers:  1 pending, 32 downloaded, 16 extracted, (741 MB/? MB)
2025-01-29 22:13:08,880 INFO t.selenium/standalone-chrome:4.28.1 - Pulling image layers:  1 pending, 32 downloaded, 17 extracted, (741 MB/? MB)
2025-01-29 22:13:08,895 INFO t.selenium/standalone-chrome:4.28.1 - Pulling image layers:  1 pending, 32 downloaded, 18 extracted, (741 MB/? MB)
2025-01-29 22:13:08,910 INFO t.selenium/standalone-chrome:4.28.1 - Pulling image layers:  1 pending, 32 downloaded, 19 extracted, (741 MB/? MB)
2025-01-29 22:13:08,926 INFO t.selenium/standalone-chrome:4.28.1 - Pulling image layers:  1 pending, 32 downloaded, 20 extracted, (741 MB/? MB)
2025-01-29 22:13:13,750 INFO t.selenium/standalone-chrome:4.28.1 - Pulling image layers:  1 pending, 32 downloaded, 21 extracted, (744 MB/? MB)
2025-01-29 22:13:13,760 INFO t.selenium/standalone-chrome:4.28.1 - Pulling image layers:  1 pending, 32 downloaded, 22 extracted, (744 MB/? MB)
2025-01-29 22:13:13,771 INFO t.selenium/standalone-chrome:4.28.1 - Pulling image layers:  1 pending, 32 downloaded, 23 extracted, (744 MB/? MB)
2025-01-29 22:13:13,893 INFO t.selenium/standalone-chrome:4.28.1 - Pulling image layers:  1 pending, 32 downloaded, 24 extracted, (752 MB/? MB)
2025-01-29 22:13:13,905 INFO t.selenium/standalone-chrome:4.28.1 - Pulling image layers:  1 pending, 32 downloaded, 25 extracted, (752 MB/? MB)
2025-01-29 22:13:13,918 INFO t.selenium/standalone-chrome:4.28.1 - Pulling image layers:  1 pending, 32 downloaded, 26 extracted, (752 MB/? MB)
2025-01-29 22:13:13,934 INFO t.selenium/standalone-chrome:4.28.1 - Pulling image layers:  1 pending, 32 downloaded, 27 extracted, (752 MB/? MB)
2025-01-29 22:13:13,948 INFO t.selenium/standalone-chrome:4.28.1 - Pulling image layers:  1 pending, 32 downloaded, 28 extracted, (752 MB/? MB)
2025-01-29 22:13:13,960 INFO t.selenium/standalone-chrome:4.28.1 - Pulling image layers:  1 pending, 32 downloaded, 29 extracted, (752 MB/? MB)
2025-01-29 22:13:13,972 INFO t.selenium/standalone-chrome:4.28.1 - Pulling image layers:  1 pending, 32 downloaded, 30 extracted, (752 MB/? MB)
2025-01-29 22:13:13,981 INFO t.selenium/standalone-chrome:4.28.1 - Pulling image layers:  1 pending, 32 downloaded, 31 extracted, (752 MB/? MB)
2025-01-29 22:13:13,991 INFO t.selenium/standalone-chrome:4.28.1 - Pulling image layers:  1 pending, 32 downloaded, 32 extracted, (752 MB/? MB)
2025-01-29 22:13:13,997 INFO t.selenium/standalone-chrome:4.28.1 - Pull complete. 33 layers, pulled in 21s (downloaded 752 MB at 35 MB/s)
2025-01-29 22:13:13,997 INFO t.selenium/standalone-chrome:4.28.1 - Image selenium/standalone-chrome:4.28.1 pull took PT21.770779908S
2025-01-29 22:13:14,000 INFO t.selenium/standalone-chrome:4.28.1 - Creating container for image: selenium/standalone-chrome:4.28.1
2025-01-29 22:13:14,014 INFO t.selenium/standalone-chrome:4.28.1 - Container selenium/standalone-chrome:4.28.1 is starting: 1bd4e015e41f661ad405b3dd4dcefc55700cebc6b7cb380447828e8f398c7aa6
2025-01-29 22:13:16,737 INFO t.selenium/standalone-chrome:4.28.1 - Container selenium/standalone-chrome:4.28.1 started in PT2.737159203S
2025-01-29 22:13:16,738 INFO c.h.h.t.HelmChartContainerExtension - Using cached HelmChartContainer instance
]]></system-out>
  <system-err><![CDATA[]]></system-err>
</testsuite>
