<?xml version="1.0" encoding="UTF-8"?>
<testsuite name="com.hivemq.helmcharts.serviceaccount.HelmCustomServiceAccountCreateMissingServiceAccountIT" tests="1" skipped="0" failures="0" errors="0" timestamp="2025-06-18T15:10:13" hostname="fv-az1326-501" time="84.226">
  <properties/>
  <testcase name="platformCharts_withNonExistingCustomServiceAccountThenCreate_hivemqRunning()" classname="com.hivemq.helmcharts.serviceaccount.HelmCustomServiceAccountCreateMissingServiceAccountIT" time="84.226"/>
</testsuite>
