<?xml version="1.0" encoding="UTF-8"?>
<testsuite name="com.hivemq.helmcharts.monitoring.HelmMonitoringOperatorIT" tests="1" skipped="0" failures="0" errors="0" timestamp="2025-09-30T14:45:44" hostname="runnervm3ublj" time="121.217">
  <properties/>
  <testcase name="withOperatorMonitoringEnabled_metricsAndDashboardAvailable()" classname="com.hivemq.helmcharts.monitoring.HelmMonitoringOperatorIT" time="121.217"/>
</testsuite>
