<?xml version="1.0" encoding="UTF-8"?>
<testsuite name="com.hivemq.helmcharts.migration.HelmLegacyStatefulSetMigrationIT" tests="1" skipped="1" failures="0" errors="0" timestamp="2025-07-03T15:48:45" hostname="pkrvmbietmlfzoi" time="0.002">
  <properties/>
  <testcase name="migrateToCurrentPlatformOperator()" classname="com.hivemq.helmcharts.migration.HelmLegacyStatefulSetMigrationIT" time="0.002">
    <skipped/>
  </testcase>
</testsuite>
