<?xml version="1.0" encoding="UTF-8"?>
<testsuite name="com.hivemq.helmcharts.platform.HelmPlatformMutualTlsIT" tests="1" skipped="0" failures="0" errors="0" timestamp="2025-01-28T20:42:23" hostname="fv-az1118-133" time="114.967">
  <properties/>
  <testcase name="withMutualTls_hivemqRunning()" classname="com.hivemq.helmcharts.platform.HelmPlatformMutualTlsIT" time="114.967">
    <system-out><![CDATA[2025-01-28 20:42:23,290 INFO c.h.h.t.HelmChartContainer - Creating namespace 'helmplatformmutualtlsit-operator'...
2025-01-28 20:42:23,296 INFO c.h.h.t.HelmChartContainer - Namespace 'helmplatformmutualtlsit-operator' created
2025-01-28 20:42:23,296 INFO c.h.h.t.HelmChartContainer - Creating namespace 'helmplatformmutualtlsit'...
2025-01-28 20:42:23,302 INFO c.h.h.t.HelmChartContainer - Namespace 'helmplatformmutualtlsit' created
2025-01-28 20:42:23,374 DEBUG c.h.h.t.HelmChartContainer - Executing helm command: /bin/helm --kubeconfig /etc/rancher/k3s/k3s.yaml install test-hivemq-platform-operator /charts/hivemq-platform-operator --wait --timeout 5m0s --set image.repository=docker.io/hivemq --set image.name=hivemq-platform-operator-test --set image.initImageName=hivemq-platform-operator-init-test --set image.tag=snapshot --set image.pullPolicy=Never --set logLevel=DEBUG --set resources.cpu=512m --namespace helmplatformmutualtlsit-operator
2025-01-28 20:42:23,704 INFO c.h.h.t.HelmChartContainer - [K3S] [alloc.go:330] "allocated clusterIPs" service="helmplatformmutualtlsit-operator/hivemq-platform-operator-test-hivemq-platform-operator" clusterIPs={"IPv4":"10.43.122.188"}
2025-01-28 20:42:23,716 INFO c.h.h.t.HelmChartContainer - [EVENT] Normal [ScalingReplicaSet] Scaled up replica set hivemq-test-hivemq-platform-operator-6966f96d65 from 0 to 1 [helmplatformmutualtlsit-operator:hivemq-test-hivemq-platform-operator]
2025-01-28 20:42:23,725 INFO c.h.h.t.HelmChartContainer - [POD] hivemq-test-hivemq-platform-operator-6966f96d65-5m645 [e5dbc2d7-6b63-44b1-a006-52629d419453] in helmplatformmutualtlsit-operator was ADDED
2025-01-28 20:42:23,729 INFO c.h.h.t.HelmChartContainer - [K3S] [memory_manager.go:355] "RemoveStaleState removing state" podUID="155d6359-bcad-4916-8fbc-770a01cdd8ef" containerName="hivemq"
2025-01-28 20:42:23,729 INFO c.h.h.t.HelmChartContainer - [K3S] [memory_manager.go:355] "RemoveStaleState removing state" podUID="90558f46-111d-4166-9240-142961c3db16" containerName="hivemq-platform-operator"
2025-01-28 20:42:23,731 INFO c.h.h.t.HelmChartContainer - [EVENT] Normal [SuccessfulCreate] Created pod: hivemq-test-hivemq-platform-operator-6966f96d65-5m645 [helmplatformmutualtlsit-operator:hivemq-test-hivemq-platform-operator-6966f96d65]
2025-01-28 20:42:23,733 INFO c.h.h.t.HelmChartContainer - [POD] hivemq-test-hivemq-platform-operator-6966f96d65-5m645 [e5dbc2d7-6b63-44b1-a006-52629d419453] in helmplatformmutualtlsit-operator was MODIFIED
2025-01-28 20:42:23,738 INFO c.h.h.t.HelmChartContainer - [EVENT] Normal [Scheduled] Successfully assigned helmplatformmutualtlsit-operator/hivemq-test-hivemq-platform-operator-6966f96d65-5m645 to 96002631f6ee [helmplatformmutualtlsit-operator:hivemq-test-hivemq-platform-operator-6966f96d65-5m645]
2025-01-28 20:42:23,739 INFO c.h.h.t.HelmChartContainer - [K3S] [replica_set.go:679] "Finished syncing" kind="ReplicaSet" key="helmplatformmutualtlsit-operator/hivemq-test-hivemq-platform-operator-6966f96d65" duration="24.237175ms"
2025-01-28 20:42:23,745 INFO c.h.h.t.HelmChartContainer - [K3S] [replica_set.go:679] "Finished syncing" kind="ReplicaSet" key="helmplatformmutualtlsit-operator/hivemq-test-hivemq-platform-operator-6966f96d65" duration="6.642246ms"
2025-01-28 20:42:23,745 INFO c.h.h.t.HelmChartContainer - [K3S] [replica_set.go:679] "Finished syncing" kind="ReplicaSet" key="helmplatformmutualtlsit-operator/hivemq-test-hivemq-platform-operator-6966f96d65" duration="37.36µs"
2025-01-28 20:42:23,747 INFO c.h.h.t.HelmChartContainer - [K3S] [replica_set.go:679] "Finished syncing" kind="ReplicaSet" key="helmplatformmutualtlsit-operator/hivemq-test-hivemq-platform-operator-6966f96d65" duration="35.736µs"
2025-01-28 20:42:23,749 INFO c.h.h.t.HelmChartContainer - [POD] hivemq-test-hivemq-platform-operator-6966f96d65-5m645 [e5dbc2d7-6b63-44b1-a006-52629d419453] in helmplatformmutualtlsit-operator was MODIFIED
2025-01-28 20:42:23,918 INFO c.h.h.t.HelmChartContainer - [K3S] [reconciler_common.go:251] "operationExecutor.VerifyControllerAttachedVolume started for volume \"kube-api-access-k4chr\" (UniqueName: \"kubernetes.io/projected/e5dbc2d7-6b63-44b1-a006-52629d419453-kube-api-access-k4chr\") pod \"hivemq-test-hivemq-platform-operator-6966f96d65-5m645\" (UID: \"e5dbc2d7-6b63-44b1-a006-52629d419453\") " pod="helmplatformmutualtlsit-operator/hivemq-test-hivemq-platform-operator-6966f96d65-5m645"
2025-01-28 20:42:24,134 INFO c.h.h.t.HelmChartContainer - [EVENT] Normal [Pulled] Container image "docker.io/hivemq/hivemq-platform-operator-test:snapshot" already present on machine [helmplatformmutualtlsit-operator:hivemq-test-hivemq-platform-operator-6966f96d65-5m645]
2025-01-28 20:42:24,134 INFO c.h.h.t.HelmChartContainer - Received Pulled event for container hivemq-platform-operator in pod hivemq-test-hivemq-platform-operator-6966f96d65-5m645 [e5dbc2d7-6b63-44b1-a006-52629d419453]
2025-01-28 20:42:25,524 INFO c.h.h.t.HelmChartContainer - [EVENT] Normal [Created] Created container: hivemq-platform-operator [helmplatformmutualtlsit-operator:hivemq-test-hivemq-platform-operator-6966f96d65-5m645]
2025-01-28 20:42:25,524 INFO c.h.h.t.HelmChartContainer - Received Created event for container hivemq-platform-operator in pod hivemq-test-hivemq-platform-operator-6966f96d65-5m645 [e5dbc2d7-6b63-44b1-a006-52629d419453]
2025-01-28 20:42:26,376 INFO c.h.h.t.HelmChartContainer - [K3S] [replica_set.go:679] "Finished syncing" kind="ReplicaSet" key="helmplatformmutualtlsit-operator/hivemq-test-hivemq-platform-operator-6966f96d65" duration="40.245µs"
2025-01-28 20:42:26,381 INFO c.h.h.t.HelmChartContainer - [POD] hivemq-test-hivemq-platform-operator-6966f96d65-5m645 [e5dbc2d7-6b63-44b1-a006-52629d419453] in helmplatformmutualtlsit-operator was MODIFIED
2025-01-28 20:42:26,388 INFO c.h.h.t.HelmChartContainer - [EVENT] Normal [Started] Started container hivemq-platform-operator [helmplatformmutualtlsit-operator:hivemq-test-hivemq-platform-operator-6966f96d65-5m645]
2025-01-28 20:42:26,388 INFO c.h.h.t.HelmChartContainer - Started log watcher for hivemq-platform-operator in pod hivemq-test-hivemq-platform-operator-6966f96d65-5m645 [e5dbc2d7-6b63-44b1-a006-52629d419453]
2025-01-28 20:42:26,389 INFO c.h.h.t.HelmChartContainer - Received Started event for container hivemq-platform-operator in pod hivemq-test-hivemq-platform-operator-6966f96d65-5m645 [e5dbc2d7-6b63-44b1-a006-52629d419453]
2025-01-28 20:42:26,389 INFO c.h.h.t.HelmChartContainer - [hivemq-test-hivemq-platform] [hivemq-platform-operator] [e5dbc2d7] -------------------------------------------------------------------------
2025-01-28 20:42:26,389 INFO c.h.h.t.HelmChartContainer - [hivemq-test-hivemq-platform] [hivemq-platform-operator] [e5dbc2d7] 
2025-01-28 20:42:26,389 INFO c.h.h.t.HelmChartContainer - [hivemq-test-hivemq-platform] [hivemq-platform-operator] [e5dbc2d7]                   _    _  _              __  __   ____
2025-01-28 20:42:26,389 INFO c.h.h.t.HelmChartContainer - [hivemq-test-hivemq-platform] [hivemq-platform-operator] [e5dbc2d7]                  | |  | |(_)            |  \/  | / __ \
2025-01-28 20:42:26,390 INFO c.h.h.t.HelmChartContainer - [hivemq-test-hivemq-platform] [hivemq-platform-operator] [e5dbc2d7]                  | |__| | _ __   __ ___ | \  / || |  | |
2025-01-28 20:42:26,390 INFO c.h.h.t.HelmChartContainer - [hivemq-test-hivemq-platform] [hivemq-platform-operator] [e5dbc2d7]                  |  __  || |\ \ / // _ \| |\/| || |  | |
2025-01-28 20:42:26,390 INFO c.h.h.t.HelmChartContainer - [hivemq-test-hivemq-platform] [hivemq-platform-operator] [e5dbc2d7]                  | |  | || | \ V /|  __/| |  | || |__| |
2025-01-28 20:42:26,390 INFO c.h.h.t.HelmChartContainer - [hivemq-test-hivemq-platform] [hivemq-platform-operator] [e5dbc2d7]                  |_|  |_||_|  \_/  \___||_|  |_| \___\_\
2025-01-28 20:42:26,390 INFO c.h.h.t.HelmChartContainer - [hivemq-test-hivemq-platform] [hivemq-platform-operator] [e5dbc2d7] 
2025-01-28 20:42:26,390 INFO c.h.h.t.HelmChartContainer - [hivemq-test-hivemq-platform] [hivemq-platform-operator] [e5dbc2d7] -------------------------------------------------------------------------
2025-01-28 20:42:26,390 INFO c.h.h.t.HelmChartContainer - [hivemq-test-hivemq-platform] [hivemq-platform-operator] [e5dbc2d7] 
2025-01-28 20:42:26,390 INFO c.h.h.t.HelmChartContainer - [hivemq-test-hivemq-platform] [hivemq-platform-operator] [e5dbc2d7]   HiveMQ Platform Operator Start Script v1.0
2025-01-28 20:42:26,390 INFO c.h.h.t.HelmChartContainer - [hivemq-test-hivemq-platform] [hivemq-platform-operator] [e5dbc2d7] 
2025-01-28 20:42:26,390 INFO c.h.h.t.HelmChartContainer - [hivemq-test-hivemq-platform] [hivemq-platform-operator] [e5dbc2d7] -------------------------------------------------------------------------
2025-01-28 20:42:26,390 INFO c.h.h.t.HelmChartContainer - [hivemq-test-hivemq-platform] [hivemq-platform-operator] [e5dbc2d7] 
2025-01-28 20:42:26,390 INFO c.h.h.t.HelmChartContainer - [hivemq-test-hivemq-platform] [hivemq-platform-operator] [e5dbc2d7]   JAVA_OPTS: -XX:+UnlockExperimentalVMOptions -XX:InitialRAMPercentage=75 -XX:MaxRAMPercentage=75 -Duser.language=en -Duser.region=US
2025-01-28 20:42:26,390 INFO c.h.h.t.HelmChartContainer - [hivemq-test-hivemq-platform] [hivemq-platform-operator] [e5dbc2d7] 
2025-01-28 20:42:26,390 INFO c.h.h.t.HelmChartContainer - [hivemq-test-hivemq-platform] [hivemq-platform-operator] [e5dbc2d7]   JAVA_VERSION: 21
2025-01-28 20:42:26,390 INFO c.h.h.t.HelmChartContainer - [hivemq-test-hivemq-platform] [hivemq-platform-operator] [e5dbc2d7] 
2025-01-28 20:42:26,390 INFO c.h.h.t.HelmChartContainer - [hivemq-test-hivemq-platform] [hivemq-platform-operator] [e5dbc2d7] -------------------------------------------------------------------------
2025-01-28 20:42:26,390 INFO c.h.h.t.HelmChartContainer - [hivemq-test-hivemq-platform] [hivemq-platform-operator] [e5dbc2d7] 
2025-01-28 20:42:28,816 INFO c.h.h.t.HelmChartContainer - [hivemq-test-hivemq-platform] [hivemq-platform-operator] [e5dbc2d7] 20:42:28.813 [main] DEBUG org.jboss.logging - Logging Provider: org.jboss.logging.Slf4jLoggerProvider
2025-01-28 20:42:28,921 INFO c.h.h.t.HelmChartContainer - [hivemq-test-hivemq-platform] [hivemq-platform-operator] [e5dbc2d7] 20:42:28.919 [main] DEBUG io.smallrye.config - SRCFG01006: Loaded ConfigSource SysPropConfigSource with ordinal 400
2025-01-28 20:42:28,921 INFO c.h.h.t.HelmChartContainer - [hivemq-test-hivemq-platform] [hivemq-platform-operator] [e5dbc2d7] 20:42:28.920 [main] DEBUG io.smallrye.config - SRCFG01006: Loaded ConfigSource EnvConfigSource with ordinal 300
2025-01-28 20:42:28,921 INFO c.h.h.t.HelmChartContainer - [hivemq-test-hivemq-platform] [hivemq-platform-operator] [e5dbc2d7] 20:42:28.920 [main] DEBUG io.smallrye.config - SRCFG01006: Loaded ConfigSource PropertiesConfigSource[source=jar:file:///opt/hivemq-platform-operator/bin/hivemq-platform-operator.jar!/hivemq-platform-operator.properties] with ordinal 100
2025-01-28 20:42:28,921 INFO c.h.h.t.HelmChartContainer - [hivemq-test-hivemq-platform] [hivemq-platform-operator] [e5dbc2d7] 20:42:28.920 [main] DEBUG io.smallrye.config - SRCFG01006: Loaded ConfigSource DefaultValuesConfigSource with ordinal -2147483648
2025-01-28 20:42:29,028 INFO c.h.h.t.HelmChartContainer - [hivemq-test-hivemq-platform] [hivemq-platform-operator] [e5dbc2d7] 20:42:29.026 [main] DEBUG i.m.c.u.i.l.InternalLoggerFactory - Using SLF4J as the default logging framework
2025-01-28 20:42:29,131 INFO c.h.h.t.HelmChartContainer - [hivemq-test-hivemq-platform] [hivemq-platform-operator] [e5dbc2d7] 20:42:29.123 [main] INFO  c.h.p.o.HiveMQPlatformOperatorApplication - HiveMQ Platform Operator 1.7.0-SNAPSHOT (commit: bebf408 on branch: HEAD) built on Sun Jan 26 20:47:47 UTC 2025
2025-01-28 20:42:29,132 INFO c.h.h.t.HelmChartContainer - [hivemq-test-hivemq-platform] [hivemq-platform-operator] [e5dbc2d7] 20:42:29.129 [main] INFO  c.h.p.o.HiveMQPlatformOperatorApplication - HiveMQ Platform Operator is running in namespace: helmplatformmutualtlsit-operator
2025-01-28 20:42:29,132 INFO c.h.h.t.HelmChartContainer - [hivemq-test-hivemq-platform] [hivemq-platform-operator] [e5dbc2d7] 20:42:29.130 [main] INFO  c.h.p.o.HiveMQPlatformOperatorApplication - Watching all namespaces
2025-01-28 20:42:29,132 INFO c.h.h.t.HelmChartContainer - [hivemq-test-hivemq-platform] [hivemq-platform-operator] [e5dbc2d7] 20:42:29.130 [main] INFO  c.h.p.o.HiveMQPlatformOperatorApplication - Log level: DEBUG
2025-01-28 20:42:29,132 INFO c.h.h.t.HelmChartContainer - [hivemq-test-hivemq-platform] [hivemq-platform-operator] [e5dbc2d7] 20:42:29.130 [main] INFO  c.h.p.o.HiveMQPlatformOperatorApplication - Release name: test-hivemq-platform-operator
2025-01-28 20:42:29,132 INFO c.h.h.t.HelmChartContainer - [hivemq-test-hivemq-platform] [hivemq-platform-operator] [e5dbc2d7] 20:42:29.130 [main] INFO  c.h.p.o.HiveMQPlatformOperatorApplication - HiveMQ Platform Operator Init image: docker.io/hivemq/hivemq-platform-operator-init-test:snapshot
2025-01-28 20:42:29,132 INFO c.h.h.t.HelmChartContainer - [hivemq-test-hivemq-platform] [hivemq-platform-operator] [e5dbc2d7] 20:42:29.130 [main] INFO  c.h.p.o.HiveMQPlatformOperatorApplication - HiveMQ Platform Operator Init App update URL: http://hivemq-platform-operator-test-hivemq-platform-operator.helmplatformmutualtlsit-operator.svc:8080/initAppUpdate/hivemq-platform-operator-init-app-1.7.0-SNAPSHOT.jar
2025-01-28 20:42:29,132 INFO c.h.h.t.HelmChartContainer - [hivemq-test-hivemq-platform] [hivemq-platform-operator] [e5dbc2d7] 20:42:29.130 [main] INFO  c.h.p.o.HiveMQPlatformOperatorApplication - Additional imagePullSecret for all Platform deployments: none
2025-01-28 20:42:29,132 INFO c.h.h.t.HelmChartContainer - [hivemq-test-hivemq-platform] [hivemq-platform-operator] [e5dbc2d7] 20:42:29.130 [main] INFO  c.h.p.o.HiveMQPlatformOperatorApplication - Apply HiveMQ Platform CRD: true
2025-01-28 20:42:29,132 INFO c.h.h.t.HelmChartContainer - [hivemq-test-hivemq-platform] [hivemq-platform-operator] [e5dbc2d7] 20:42:29.130 [main] INFO  c.h.p.o.HiveMQPlatformOperatorApplication - Create Platform ServiceAccount: true
2025-01-28 20:42:29,132 INFO c.h.h.t.HelmChartContainer - [hivemq-test-hivemq-platform] [hivemq-platform-operator] [e5dbc2d7] 20:42:29.130 [main] INFO  c.h.p.o.HiveMQPlatformOperatorApplication - Create Platform ServiceAccount permissions: true
2025-01-28 20:42:29,132 INFO c.h.h.t.HelmChartContainer - [hivemq-test-hivemq-platform] [hivemq-platform-operator] [e5dbc2d7] 20:42:29.130 [main] INFO  c.h.p.o.HiveMQPlatformOperatorApplication - Validate Platform ServiceAccount: true
2025-01-28 20:42:29,132 INFO c.h.h.t.HelmChartContainer - [hivemq-test-hivemq-platform] [hivemq-platform-operator] [e5dbc2d7] 20:42:29.130 [main] INFO  c.h.p.o.HiveMQPlatformOperatorApplication - Validate Platform ServiceAccount permissions: true
2025-01-28 20:42:29,329 INFO c.h.h.t.HelmChartContainer - [hivemq-test-hivemq-platform] [hivemq-platform-operator] [e5dbc2d7] 20:42:29.328 [main] INFO  c.h.platform.operator.util.CRDUtil - Verifying deployed HiveMQ Platform CRD...
2025-01-28 20:42:31,719 INFO c.h.h.t.HelmChartContainer - [hivemq-test-hivemq-platform] [hivemq-platform-operator] [e5dbc2d7] 20:42:31.718 [main] DEBUG c.h.platform.operator.util.CRDUtil - HiveMQ Platform CRD version v1 is up to date
2025-01-28 20:42:31,720 INFO c.h.h.t.HelmChartContainer - [hivemq-test-hivemq-platform] [hivemq-platform-operator] [e5dbc2d7] 20:42:31.718 [main] INFO  c.h.platform.operator.util.CRDUtil - HiveMQ Platform CRD is up to date (version: V1_6_0)
2025-01-28 20:42:31,720 INFO c.h.h.t.HelmChartContainer - [hivemq-test-hivemq-platform] [hivemq-platform-operator] [e5dbc2d7] 20:42:31.718 [main] INFO  c.h.platform.operator.util.CRDUtil - Waiting 10000 ms for HiveMQ Platform CRD 'hivemq-platforms.hivemq.com' to become ready...
2025-01-28 20:42:32,018 INFO c.h.h.t.HelmChartContainer - [hivemq-test-hivemq-platform] [hivemq-platform-operator] [e5dbc2d7] 20:42:32.016 [vert.x-eventloop-thread-1] DEBUG c.h.platform.operator.util.CRDUtil - Checking CRD condition 'NamesAccepted' (status: 'True')
2025-01-28 20:42:32,019 INFO c.h.h.t.HelmChartContainer - [hivemq-test-hivemq-platform] [hivemq-platform-operator] [e5dbc2d7] 20:42:32.016 [vert.x-eventloop-thread-1] DEBUG c.h.platform.operator.util.CRDUtil - Checking CRD condition 'Established' (status: 'True')
2025-01-28 20:42:32,019 INFO c.h.h.t.HelmChartContainer - [hivemq-test-hivemq-platform] [hivemq-platform-operator] [e5dbc2d7] 20:42:32.018 [main] INFO  c.h.platform.operator.util.CRDUtil - HiveMQ Platform CRD 'hivemq-platforms.hivemq.com' is ready
2025-01-28 20:42:32,212 INFO c.h.h.t.HelmChartContainer - [hivemq-test-hivemq-platform] [hivemq-platform-operator] [e5dbc2d7] 20:42:32.211 [main] INFO  c.h.p.o.HiveMQPlatformReconciler - HiveMQ Platform Operator is starting...
2025-01-28 20:42:32,300 INFO c.h.h.t.HelmChartContainer - [hivemq-test-hivemq-platform] [hivemq-platform-operator] [e5dbc2d7] 20:42:32.299 [main] WARN  Default ConfigurationService implementation - Configuration for reconciler 'hivemq-controller' was not found. Known reconcilers: None.
2025-01-28 20:42:32,318 INFO c.h.h.t.HelmChartContainer - [hivemq-test-hivemq-platform] [hivemq-platform-operator] [e5dbc2d7] 20:42:32.317 [main] INFO  Default ConfigurationService implementation - Created configuration for reconciler com.hivemq.platform.operator.HiveMQPlatformReconciler with name hivemq-controller
2025-01-28 20:42:32,422 INFO c.h.h.t.HelmChartContainer - [hivemq-test-hivemq-platform] [hivemq-platform-operator] [e5dbc2d7] 20:42:32.420 [main] DEBUG c.h.p.o.HiveMQPlatformReconciler - HiveMQ Platform Operator is preparing EventSources
2025-01-28 20:42:32,500 INFO c.h.h.t.HelmChartContainer - [hivemq-test-hivemq-platform] [hivemq-platform-operator] [e5dbc2d7] 20:42:32.499 [main] INFO  i.javaoperatorsdk.operator.Operator - Registered reconciler: 'hivemq-controller' for resource: 'class com.hivemq.platform.operator.v1.HiveMQPlatform' for namespace(s): [all namespaces]
2025-01-28 20:42:33,018 INFO c.h.h.t.HelmChartContainer - [hivemq-test-hivemq-platform] [hivemq-platform-operator] [e5dbc2d7] 20:42:33.016 [main] INFO  c.h.p.operator.webserver.JettyServer - Starting Jetty server on port 8080
2025-01-28 20:42:33,104 INFO c.h.h.t.HelmChartContainer - [hivemq-test-hivemq-platform] [hivemq-platform-operator] [e5dbc2d7] 20:42:33.103 [main] INFO  i.javaoperatorsdk.operator.Operator - Operator SDK 4.9.7 (commit: 2133d28) built on Wed Nov 20 12:56:20 UTC 2024 starting...
2025-01-28 20:42:33,104 INFO c.h.h.t.HelmChartContainer - [hivemq-test-hivemq-platform] [hivemq-platform-operator] [e5dbc2d7] 20:42:33.104 [main] INFO  i.javaoperatorsdk.operator.Operator - Client version: 6.13.4
2025-01-28 20:42:33,111 INFO c.h.h.t.HelmChartContainer - [hivemq-test-hivemq-platform] [hivemq-platform-operator] [e5dbc2d7] 20:42:33.110 [Controller Starter for: hivemq-controller] INFO  i.j.operator.processing.Controller - Starting 'hivemq-controller' controller for reconciler: com.hivemq.platform.operator.HiveMQPlatformReconciler, resource: com.hivemq.platform.operator.v1.HiveMQPlatform
2025-01-28 20:42:35,603 INFO c.h.h.t.HelmChartContainer - [hivemq-test-hivemq-platform] [hivemq-platform-operator] [e5dbc2d7] 20:42:35.602 [Controller Starter for: hivemq-controller] INFO  i.j.operator.processing.Controller - 'hivemq-controller' controller started
2025-01-28 20:42:35,603 INFO c.h.h.t.HelmChartContainer - [hivemq-test-hivemq-platform] [hivemq-platform-operator] [e5dbc2d7] 20:42:35.602 [main] INFO  c.h.p.o.HiveMQPlatformOperatorApplication - HiveMQ Platform Operator 1.7.0-SNAPSHOT started in 6478 ms
2025-01-28 20:42:37,383 INFO c.h.h.t.HelmChartContainer - [POD] hivemq-test-hivemq-platform-operator-6966f96d65-5m645 [e5dbc2d7-6b63-44b1-a006-52629d419453] in helmplatformmutualtlsit-operator was MODIFIED
2025-01-28 20:42:37,390 INFO c.h.h.t.HelmChartContainer - [K3S] [replica_set.go:679] "Finished syncing" kind="ReplicaSet" key="helmplatformmutualtlsit-operator/hivemq-test-hivemq-platform-operator-6966f96d65" duration="8.009869ms"
2025-01-28 20:42:37,391 INFO c.h.h.t.HelmChartContainer - [K3S] [replica_set.go:679] "Finished syncing" kind="ReplicaSet" key="helmplatformmutualtlsit-operator/hivemq-test-hivemq-platform-operator-6966f96d65" duration="42.359µs"
2025-01-28 20:42:37,883 DEBUG c.h.helmcharts.util.CertificatesUtil - .+...............+...+.....+....+............+++++++++++++++++++++++++++++++++++++++++++++++++++++++++++++++++*.+...+...+......+.....+...+...+...+.+.........+..+++++++++++++++++++++++++++++++++++++++++++++++++++++++++++++++++*..+++++++++++++++++++++++++++++++++++++++++++++++++++++++++++++++++
2025-01-28 20:42:37,959 DEBUG c.h.helmcharts.util.CertificatesUtil - ...+.+.........+..+....+...+...+.....+..........+...+.....+....+..+.+.....+++++++++++++++++++++++++++++++++++++++++++++++++++++++++++++++++*..+....+..+...+++++++++++++++++++++++++++++++++++++++++++++++++++++++++++++++++*...+....+...+.........+...........+...+....+..+...+.+..+.......+........+..........+...+..+.........+.+.........+......+..+.+.....+.+......+..+.......+.....+..................+.+......+...+......+..+....+...........+++++++++++++++++++++++++++++++++++++++++++++++++++++++++++++++++
2025-01-28 20:42:37,963 DEBUG c.h.helmcharts.util.CertificatesUtil - -----
2025-01-28 20:42:37,988 DEBUG c.h.helmcharts.util.CertificatesUtil - Certificate request self-signature ok
2025-01-28 20:42:37,988 DEBUG c.h.helmcharts.util.CertificatesUtil - subject=C = CA, CN = secure-service-platform.default.svc
2025-01-28 20:42:37,992 DEBUG c.h.helmcharts.util.CertificatesUtil - >> Generating keystore and truststore files
2025-01-28 20:42:38,164 DEBUG c.h.helmcharts.util.CertificatesUtil - Importing keystore key.pkcs12 to keystore.jks...
2025-01-28 20:42:38,355 DEBUG c.h.helmcharts.util.CertificatesUtil - Entry for alias 1 successfully imported.
2025-01-28 20:42:38,363 DEBUG c.h.helmcharts.util.CertificatesUtil - Import command completed:  1 entries successfully imported, 0 entries failed or cancelled
2025-01-28 20:42:38,365 DEBUG c.h.helmcharts.util.CertificatesUtil - 
2025-01-28 20:42:38,365 DEBUG c.h.helmcharts.util.CertificatesUtil - Warning:
2025-01-28 20:42:38,365 DEBUG c.h.helmcharts.util.CertificatesUtil - The JKS keystore uses a proprietary format. It is recommended to migrate to PKCS12 which is an industry standard format using "keytool -importkeystore -srckeystore keystore.jks -destkeystore keystore.jks -deststoretype pkcs12".
2025-01-28 20:42:38,666 DEBUG c.h.helmcharts.util.CertificatesUtil - Certificate stored in file <secure-service-platform.pem>
2025-01-28 20:42:38,906 DEBUG c.h.helmcharts.util.CertificatesUtil - Certificate was added to keystore
2025-01-28 20:42:39,364 DEBUG c.h.helmcharts.util.CertificatesUtil - Certificate was added to keystore
2025-01-28 20:42:41,964 DEBUG c.h.helmcharts.util.CertificatesUtil - >> Create client certificates
2025-01-28 20:42:42,045 DEBUG c.h.helmcharts.util.CertificatesUtil - ......+...........+++++++++++++++++++++++++++++++++++++++++++++++++++++++++++++++++*.+...+.........+.+.........+.....................+.........+...+..+.+.....+.......+.........+...+...+++++++++++++++++++++++++++++++++++++++++++++++++++++++++++++++++*....+..........+...........+....+...+......+.....+.........+.......+...+...+..+......+....+...+.....+.........+.+.....+.......+.....+......+...............+....+...+..+.+.....................+......+..+.......+.....+.............+...+.....+....+.....+.........+++++++++++++++++++++++++++++++++++++++++++++++++++++++++++++++++
2025-01-28 20:42:42,210 DEBUG c.h.helmcharts.util.CertificatesUtil - .+..+++++++++++++++++++++++++++++++++++++++++++++++++++++++++++++++++*...+..+....+...........+.+............+...+.........+.....+.+...+..+.........+.............+.....+.+.....+.+........+..........+...+...............+..+.+......+.....+.+.....+...+.+...+..+....+.........+.....+............+....+......+...+...+..+...+....+......+..+++++++++++++++++++++++++++++++++++++++++++++++++++++++++++++++++*.......+......+..+...+.+...+.....................+......+...+..+...+......+......+....+..+.........+...+.......+........+..........+.....+.+..+..........+..+......+.+.........+.........+...+..+.......+......+...+.........+.....+..........+............+........+.+.....+.+.....+..........+.....+.+........+....+..+...+...+....+...+...+.................+.......+...+.....+...+....+...+.....+............+................+...+..+............+......+......+.+........+......+.+.........+...+.....+.+.....+.........+.+.........+..+...+.+.....+.......+..+...............+......+......+.............+...+.......................+.......+.........+.....+.+.........+...........+.......+.....+......+......+++++++++++++++++++++++++++++++++++++++++++++++++++++++++++++++++
2025-01-28 20:42:42,213 DEBUG c.h.helmcharts.util.CertificatesUtil - -----
2025-01-28 20:42:42,240 DEBUG c.h.helmcharts.util.CertificatesUtil - >> Import the certificates
2025-01-28 20:42:42,561 DEBUG c.h.helmcharts.util.CertificatesUtil - Certificate was added to keystore
2025-01-28 20:42:42,758 DEBUG c.h.h.t.HelmChartContainer - Executing helm command: /bin/helm --kubeconfig /etc/rancher/k3s/k3s.yaml install test-hivemq-platform /charts/hivemq-platform --wait --timeout 5m0s --set image.repository=docker.io/hivemq --set image.tag=4.36.0 --set image.pullPolicy=Never --set nodes.resources.cpu=512m -f /files/mtls-mqtt-values.yaml --namespace helmplatformmutualtlsit
2025-01-28 20:42:43,014 INFO c.h.h.t.HelmChartContainer - [hivemq-test-hivemq-platform] [hivemq-platform-operator] [e5dbc2d7] 20:42:43.012 [-373097727-pool-1-thread-3] WARN  i.m.p.PrometheusMeterRegistry - The meter (MeterId{name='operator.sdk.events.received', tags=[tag(action=ADDED),tag(event=ResourceEvent),tag(group=hivemq.com),tag(kind=HiveMQPlatform),tag(name=test-hivemq-platform),tag(namespace=helmplatformmutualtlsit),tag(scope=namespace),tag(version=v1)]}) registration has failed: Prometheus requires that all meters with the same name have the same set of tag keys. There is already an existing meter named 'operator.sdk.events.received' containing tag keys [event, group, kind, name, namespace, scope, version]. The meter you are attempting to register has keys [action, event, group, kind, name, namespace, scope, version]. Note that subsequent logs will be logged at debug level.
2025-01-28 20:42:43,518 INFO c.h.h.t.HelmChartContainer - [hivemq-test-hivemq-platform] [hivemq-platform-operator] [e5dbc2d7] 20:42:43.516 [pool-6-thread-3] DEBUG c.h.p.o.dependants.PodInfoConfigMap - [helmplat] Desired PodInfo ConfigMap (1 extensions) (1 enabled)
2025-01-28 20:42:43,518 INFO c.h.h.t.HelmChartContainer - [hivemq-test-hivemq-platform] [hivemq-platform-operator] [e5dbc2d7] 20:42:43.516 [pool-6-thread-3] DEBUG c.h.p.o.dependants.PodInfoConfigMap - [helmplat] Desired PodInfo ConfigMap (metrics port: 9399) (metrics path: /)
2025-01-28 20:42:43,518 INFO c.h.h.t.HelmChartContainer - [hivemq-test-hivemq-platform] [hivemq-platform-operator] [e5dbc2d7] 20:42:43.516 [pool-6-thread-3] DEBUG c.h.p.o.dependants.PodInfoConfigMap - [helmplat] Desired PodInfo ConfigMap (extension state hash: -1817474005)
2025-01-28 20:42:43,520 INFO c.h.h.t.HelmChartContainer - [hivemq-test-hivemq-platform] [hivemq-platform-operator] [e5dbc2d7] 20:42:43.519 [pool-6-thread-3] DEBUG c.h.p.o.dependants.PodInfoConfigMap - [helmplat] Create PodInfo ConfigMap
2025-01-28 20:42:43,618 INFO c.h.h.t.HelmChartContainer - [hivemq-test-hivemq-platform] [hivemq-platform-operator] [e5dbc2d7] 20:42:43.615 [pool-6-thread-5] DEBUG c.h.p.o.dependants.PodRoleResource - [helmplat] Create Role: Role(apiVersion=rbac.authorization.k8s.io/v1, kind=Role, metadata=ObjectMeta(annotations={meta.helm.sh/release-name=test-hivemq-platform, meta.helm.sh/release-namespace=helmplatformmutualtlsit}, creationTimestamp=null, deletionGracePeriodSeconds=null, deletionTimestamp=null, finalizers=[], generateName=null, generation=null, labels={helm.sh/chart=hivemq-platform-0.2.32, app.kubernetes.io/managed-by=Helm, app.kubernetes.io/name=hivemq-platform, hivemq-platform=test-hivemq-platform, app.kubernetes.io/instance=test-hivemq-platform, app.kubernetes.io/version=4.36.0}, managedFields=[], name=hivemq-platform-role-test-hivemq-platform, namespace=helmplatformmutualtlsit, ownerReferences=[OwnerReference(apiVersion=hivemq.com/v1, blockOwnerDeletion=null, controller=null, kind=HiveMQPlatform, name=test-hivemq-platform, uid=29e9f958-13c2-4d42-88f4-d0c9e8093e99, additionalProperties={})], resourceVersion=null, selfLink=null, uid=null, additionalProperties={}), rules=[PolicyRule(apiGroups=[], nonResourceURLs=[], resourceNames=[], resources=[pods], verbs=[get, patch, update], additionalProperties={})], additionalProperties={})
2025-01-28 20:42:43,728 INFO c.h.h.t.HelmChartContainer - [hivemq-test-hivemq-platform] [hivemq-platform-operator] [e5dbc2d7] 20:42:43.727 [pool-6-thread-7] DEBUG c.h.p.o.d.PodServiceAccountResource - [helmplat] Desired PodServiceAccountResource (serviceAccountName: hivemq-platform-pod-test-hivemq-platform)
2025-01-28 20:42:43,728 INFO c.h.h.t.HelmChartContainer - [hivemq-test-hivemq-platform] [hivemq-platform-operator] [e5dbc2d7] 20:42:43.728 [pool-6-thread-7] DEBUG c.h.p.o.d.PodServiceAccountResource - [helmplat] Create ServiceAccount 'hivemq-platform-pod-test-hivemq-platform'
2025-01-28 20:42:43,915 INFO c.h.h.t.HelmChartContainer - [hivemq-test-hivemq-platform] [hivemq-platform-operator] [e5dbc2d7] 20:42:43.913 [pool-6-thread-9] DEBUG c.h.p.o.d.PodRoleBindingResource - [helmplat] Create RoleBinding: RoleBinding(apiVersion=rbac.authorization.k8s.io/v1, kind=RoleBinding, metadata=ObjectMeta(annotations={meta.helm.sh/release-name=test-hivemq-platform, meta.helm.sh/release-namespace=helmplatformmutualtlsit}, creationTimestamp=null, deletionGracePeriodSeconds=null, deletionTimestamp=null, finalizers=[], generateName=null, generation=null, labels={helm.sh/chart=hivemq-platform-0.2.32, app.kubernetes.io/managed-by=Helm, app.kubernetes.io/name=hivemq-platform, hivemq-platform=test-hivemq-platform, app.kubernetes.io/instance=test-hivemq-platform, app.kubernetes.io/version=4.36.0}, managedFields=[], name=hivemq-platform-role-binding-test-hivemq-platform, namespace=helmplatformmutualtlsit, ownerReferences=[OwnerReference(apiVersion=hivemq.com/v1, blockOwnerDeletion=null, controller=null, kind=HiveMQPlatform, name=test-hivemq-platform, uid=29e9f958-13c2-4d42-88f4-d0c9e8093e99, additionalProperties={})], resourceVersion=null, selfLink=null, uid=null, additionalProperties={}), roleRef=RoleRef(apiGroup=rbac.authorization.k8s.io, kind=Role, name=hivemq-platform-role-test-hivemq-platform, additionalProperties={}), subjects=[Subject(apiGroup=null, kind=ServiceAccount, name=hivemq-platform-pod-test-hivemq-platform, namespace=helmplatformmutualtlsit, additionalProperties={})], additionalProperties={})
2025-01-28 20:42:43,934 INFO c.h.h.t.HelmChartContainer - [hivemq-test-hivemq-platform] [hivemq-platform-operator] [e5dbc2d7] 20:42:43.933 [ReconcilerExecutor-hivemq-controller-53] INFO  c.h.p.o.HiveMQPlatformReconciler - [helmplat] Reconciling HiveMQ Platform 'test-hivemq-platform' in namespace 'helmplatformmutualtlsit'
2025-01-28 20:42:43,934 INFO c.h.h.t.HelmChartContainer - [hivemq-test-hivemq-platform] [hivemq-platform-operator] [e5dbc2d7] 20:42:43.933 [ReconcilerExecutor-hivemq-controller-53] DEBUG c.h.p.o.HiveMQPlatformReconciler - [helmplat] Custom Resource Status CREATED - HiveMQ Platform was created (READY)
2025-01-28 20:42:43,934 INFO c.h.h.t.HelmChartContainer - [hivemq-test-hivemq-platform] [hivemq-platform-operator] [e5dbc2d7] 20:42:43.933 [ReconcilerExecutor-hivemq-controller-53] DEBUG c.h.p.o.HiveMQPlatformReconciler - [helmplat] Custom Resource Spec (replicas: 1) (extensions: 1)
2025-01-28 20:42:44,012 INFO c.h.h.t.HelmChartContainer - [hivemq-test-hivemq-platform] [hivemq-platform-operator] [e5dbc2d7] 20:42:44.011 [ReconcilerExecutor-hivemq-controller-53] INFO  c.h.p.o.h.HiveMQPlatformReconcilerBaseHandler - [helmplat] HiveMQ Platform is starting
2025-01-28 20:42:44,118 INFO c.h.h.t.HelmChartContainer - [hivemq-test-hivemq-platform] [hivemq-platform-operator] [e5dbc2d7] 20:42:44.117 [ReconcilerExecutor-hivemq-controller-53] DEBUG c.h.p.operator.event.EventSender - [helmplat] Creating K8s event hivemq-platform-starting: [Start] HiveMQ Platform is starting
2025-01-28 20:42:44,127 INFO c.h.h.t.HelmChartContainer - [EVENT] Normal [Start] HiveMQ Platform is starting [helmplatformmutualtlsit:test-hivemq-platform]
2025-01-28 20:42:44,211 INFO c.h.h.t.HelmChartContainer - [hivemq-test-hivemq-platform] [hivemq-platform-operator] [e5dbc2d7] 20:42:44.131 [ReconcilerExecutor-hivemq-controller-53] INFO  c.h.p.o.h.AbstractHiveMQReconcilerStateHandler - [helmplat] Update HiveMQ Platform Status (CREATED [READY] -> STARTING [READY]): HiveMQ Platform is starting
2025-01-28 20:42:44,227 DEBUG com.hivemq.helmcharts.util.K8sUtil - Comparing actual state 'STARTING' and waiting for 'RUNNING'
2025-01-28 20:42:54,242 INFO c.h.h.t.HelmChartContainer - [hivemq-test-hivemq-platform] [hivemq-platform-operator] [e5dbc2d7] 20:42:54.237 [pool-6-thread-12] DEBUG c.h.p.o.d.PlatformServiceResource - [helmplat] Desired Platform services (4 services)
2025-01-28 20:42:54,243 INFO c.h.h.t.HelmChartContainer - [hivemq-test-hivemq-platform] [hivemq-platform-operator] [e5dbc2d7] 20:42:54.239 [pool-6-thread-13] DEBUG c.h.p.o.dependants.PodInfoConfigMap - [helmplat] Desired PodInfo ConfigMap (1 extensions) (1 enabled)
2025-01-28 20:42:54,243 INFO c.h.h.t.HelmChartContainer - [hivemq-test-hivemq-platform] [hivemq-platform-operator] [e5dbc2d7] 20:42:54.239 [pool-6-thread-13] DEBUG c.h.p.o.dependants.PodInfoConfigMap - [helmplat] Desired PodInfo ConfigMap (metrics port: 9399) (metrics path: /)
2025-01-28 20:42:54,243 INFO c.h.h.t.HelmChartContainer - [hivemq-test-hivemq-platform] [hivemq-platform-operator] [e5dbc2d7] 20:42:54.239 [pool-6-thread-13] DEBUG c.h.p.o.dependants.PodInfoConfigMap - [helmplat] Desired PodInfo ConfigMap (extension state hash: -1817474005)
2025-01-28 20:42:54,244 INFO c.h.h.t.HelmChartContainer - [hivemq-test-hivemq-platform] [hivemq-platform-operator] [e5dbc2d7] 20:42:54.244 [pool-6-thread-13] DEBUG c.h.p.o.dependants.PodInfoConfigMap - [helmplat] Update PodInfo ConfigMap
2025-01-28 20:42:54,247 INFO c.h.h.t.HelmChartContainer - [hivemq-test-hivemq-platform] [hivemq-platform-operator] [e5dbc2d7] 20:42:54.246 [pool-6-thread-17] DEBUG c.h.p.o.d.PodServiceAccountResource - [helmplat] Desired PodServiceAccountResource (serviceAccountName: hivemq-platform-pod-test-hivemq-platform)
2025-01-28 20:42:54,320 INFO c.h.h.t.HelmChartContainer - [K3S] [alloc.go:330] "allocated clusterIPs" service="helmplatformmutualtlsit/hivemq-test-hivemq-platform-metrics-9399" clusterIPs={"IPv4":"10.43.161.229"}
2025-01-28 20:42:54,418 INFO c.h.h.t.HelmChartContainer - [K3S] [alloc.go:330] "allocated clusterIPs" service="helmplatformmutualtlsit/hivemq-test-hivemq-platform-mqtt-1884" clusterIPs={"IPv4":"10.43.121.67"}
2025-01-28 20:42:54,431 INFO c.h.h.t.HelmChartContainer - [K3S] [alloc.go:330] "allocated clusterIPs" service="helmplatformmutualtlsit/hivemq-test-hivemq-platform-mqtt-1883" clusterIPs={"IPv4":"10.43.57.54"}
2025-01-28 20:42:54,517 INFO c.h.h.t.HelmChartContainer - [K3S] [alloc.go:330] "allocated clusterIPs" service="helmplatformmutualtlsit/hivemq-test-hivemq-platform-mqtt-1885" clusterIPs={"IPv4":"10.43.27.170"}
2025-01-28 20:42:54,524 INFO c.h.h.t.HelmChartContainer - [hivemq-test-hivemq-platform] [hivemq-platform-operator] [e5dbc2d7] 20:42:54.523 [pool-6-thread-20] DEBUG c.h.p.o.d.StatefulSetResource - [helmplat] Desired StatefulSet (1 replicas) for status STARTING (READY)
2025-01-28 20:42:54,624 INFO c.h.h.t.HelmChartContainer - [hivemq-test-hivemq-platform] [hivemq-platform-operator] [e5dbc2d7] 20:42:54.621 [pool-6-thread-20] DEBUG c.h.p.o.d.StatefulSetResource - [helmplat] Create StatefulSet
2025-01-28 20:42:54,727 INFO c.h.h.t.HelmChartContainer - [hivemq-test-hivemq-platform] [hivemq-platform-operator] [e5dbc2d7] 20:42:54.721 [ReconcilerExecutor-hivemq-controller-64] INFO  c.h.p.o.HiveMQPlatformReconciler - [helmplat] Reconciling HiveMQ Platform 'test-hivemq-platform' in namespace 'helmplatformmutualtlsit'
2025-01-28 20:42:54,727 INFO c.h.h.t.HelmChartContainer - [hivemq-test-hivemq-platform] [hivemq-platform-operator] [e5dbc2d7] 20:42:54.721 [ReconcilerExecutor-hivemq-controller-64] DEBUG c.h.p.o.HiveMQPlatformReconciler - [helmplat] Custom Resource Status STARTING - HiveMQ Platform is starting (READY)
2025-01-28 20:42:54,727 INFO c.h.h.t.HelmChartContainer - [hivemq-test-hivemq-platform] [hivemq-platform-operator] [e5dbc2d7] 20:42:54.721 [ReconcilerExecutor-hivemq-controller-64] DEBUG c.h.p.o.HiveMQPlatformReconciler - [helmplat] Custom Resource Spec (replicas: 1) (extensions: 1)
2025-01-28 20:42:54,730 INFO c.h.h.t.HelmChartContainer - [hivemq-test-hivemq-platform] [hivemq-platform-operator] [e5dbc2d7] 20:42:54.729 [ReconcilerExecutor-hivemq-controller-64] DEBUG c.h.p.o.HiveMQPlatformReconciler - [helmplat] StatefulSet Status (revision: null, replicas: 0, available: 0, ready: 0, current: 0, updated: 0)
2025-01-28 20:42:54,730 INFO c.h.h.t.HelmChartContainer - [hivemq-test-hivemq-platform] [hivemq-platform-operator] [e5dbc2d7] 20:42:54.729 [ReconcilerExecutor-hivemq-controller-64] DEBUG c.h.p.o.HiveMQPlatformReconciler - [helmplat] StatefulSet Spec (replicas: 1, init containers: 1, containers: 1, volumes: 7)
2025-01-28 20:42:54,737 INFO c.h.h.t.HelmChartContainer - [POD] test-hivemq-platform-0 [38df94f1-8444-41cf-add3-da03a2cd7eaa] in helmplatformmutualtlsit was ADDED
2025-01-28 20:42:54,738 INFO c.h.h.t.HelmChartContainer - [EVENT] Normal [SuccessfulCreate] create Pod test-hivemq-platform-0 in StatefulSet test-hivemq-platform successful [helmplatformmutualtlsit:test-hivemq-platform]
2025-01-28 20:42:54,744 INFO c.h.h.t.HelmChartContainer - [POD] test-hivemq-platform-0 [38df94f1-8444-41cf-add3-da03a2cd7eaa] in helmplatformmutualtlsit was MODIFIED
2025-01-28 20:42:54,745 INFO c.h.h.t.HelmChartContainer - [EVENT] Normal [Scheduled] Successfully assigned helmplatformmutualtlsit/test-hivemq-platform-0 to 96002631f6ee [helmplatformmutualtlsit:test-hivemq-platform-0]
2025-01-28 20:42:54,757 INFO c.h.h.t.HelmChartContainer - [POD] test-hivemq-platform-0 [38df94f1-8444-41cf-add3-da03a2cd7eaa] in helmplatformmutualtlsit was MODIFIED
2025-01-28 20:42:54,814 INFO c.h.h.t.HelmChartContainer - [hivemq-test-hivemq-platform] [hivemq-platform-operator] [e5dbc2d7] 20:42:54.812 [ReconcilerExecutor-hivemq-controller-64] INFO  c.h.p.o.h.HiveMQPlatformReconcilerBaseHandler - [helmplat] HiveMQ Platform is starting, 0 of 1 replicas are ready
2025-01-28 20:42:54,821 INFO c.h.h.t.HelmChartContainer - [hivemq-test-hivemq-platform] [hivemq-platform-operator] [e5dbc2d7] 20:42:54.820 [pool-6-thread-22] DEBUG c.h.p.o.d.PlatformServiceResource - [helmplat] Desired Platform services (4 services)
2025-01-28 20:42:54,902 INFO c.h.h.t.HelmChartContainer - [K3S] [reconciler_common.go:251] "operationExecutor.VerifyControllerAttachedVolume started for volume \"pod-info\" (UniqueName: \"kubernetes.io/configmap/38df94f1-8444-41cf-add3-da03a2cd7eaa-pod-info\") pod \"test-hivemq-platform-0\" (UID: \"38df94f1-8444-41cf-add3-da03a2cd7eaa\") " pod="helmplatformmutualtlsit/test-hivemq-platform-0"
2025-01-28 20:42:54,902 INFO c.h.h.t.HelmChartContainer - [K3S] [reconciler_common.go:251] "operationExecutor.VerifyControllerAttachedVolume started for volume \"mqtts-keystore-1885\" (UniqueName: \"kubernetes.io/secret/38df94f1-8444-41cf-add3-da03a2cd7eaa-mqtts-keystore-1885\") pod \"test-hivemq-platform-0\" (UID: \"38df94f1-8444-41cf-add3-da03a2cd7eaa\") " pod="helmplatformmutualtlsit/test-hivemq-platform-0"
2025-01-28 20:42:54,902 INFO c.h.h.t.HelmChartContainer - [K3S] [reconciler_common.go:251] "operationExecutor.VerifyControllerAttachedVolume started for volume \"mqtts-truststore-1885\" (UniqueName: \"kubernetes.io/secret/38df94f1-8444-41cf-add3-da03a2cd7eaa-mqtts-truststore-1885\") pod \"test-hivemq-platform-0\" (UID: \"38df94f1-8444-41cf-add3-da03a2cd7eaa\") " pod="helmplatformmutualtlsit/test-hivemq-platform-0"
2025-01-28 20:42:54,903 INFO c.h.h.t.HelmChartContainer - [K3S] [reconciler_common.go:251] "operationExecutor.VerifyControllerAttachedVolume started for volume \"broker-configuration\" (UniqueName: \"kubernetes.io/configmap/38df94f1-8444-41cf-add3-da03a2cd7eaa-broker-configuration\") pod \"test-hivemq-platform-0\" (UID: \"38df94f1-8444-41cf-add3-da03a2cd7eaa\") " pod="helmplatformmutualtlsit/test-hivemq-platform-0"
2025-01-28 20:42:54,903 INFO c.h.h.t.HelmChartContainer - [K3S] [reconciler_common.go:251] "operationExecutor.VerifyControllerAttachedVolume started for volume \"mqtts-keystore-1884\" (UniqueName: \"kubernetes.io/secret/38df94f1-8444-41cf-add3-da03a2cd7eaa-mqtts-keystore-1884\") pod \"test-hivemq-platform-0\" (UID: \"38df94f1-8444-41cf-add3-da03a2cd7eaa\") " pod="helmplatformmutualtlsit/test-hivemq-platform-0"
2025-01-28 20:42:54,903 INFO c.h.h.t.HelmChartContainer - [K3S] [reconciler_common.go:251] "operationExecutor.VerifyControllerAttachedVolume started for volume \"mqtts-truststore-1884\" (UniqueName: \"kubernetes.io/secret/38df94f1-8444-41cf-add3-da03a2cd7eaa-mqtts-truststore-1884\") pod \"test-hivemq-platform-0\" (UID: \"38df94f1-8444-41cf-add3-da03a2cd7eaa\") " pod="helmplatformmutualtlsit/test-hivemq-platform-0"
2025-01-28 20:42:54,903 INFO c.h.h.t.HelmChartContainer - [K3S] [reconciler_common.go:251] "operationExecutor.VerifyControllerAttachedVolume started for volume \"operator-init\" (UniqueName: \"kubernetes.io/empty-dir/38df94f1-8444-41cf-add3-da03a2cd7eaa-operator-init\") pod \"test-hivemq-platform-0\" (UID: \"38df94f1-8444-41cf-add3-da03a2cd7eaa\") " pod="helmplatformmutualtlsit/test-hivemq-platform-0"
2025-01-28 20:42:54,903 INFO c.h.h.t.HelmChartContainer - [K3S] [reconciler_common.go:251] "operationExecutor.VerifyControllerAttachedVolume started for volume \"kube-api-access-jcwfs\" (UniqueName: \"kubernetes.io/projected/38df94f1-8444-41cf-add3-da03a2cd7eaa-kube-api-access-jcwfs\") pod \"test-hivemq-platform-0\" (UID: \"38df94f1-8444-41cf-add3-da03a2cd7eaa\") " pod="helmplatformmutualtlsit/test-hivemq-platform-0"
2025-01-28 20:42:54,915 INFO c.h.h.t.HelmChartContainer - [hivemq-test-hivemq-platform] [hivemq-platform-operator] [e5dbc2d7] 20:42:54.912 [pool-6-thread-23] DEBUG c.h.p.o.dependants.PodInfoConfigMap - [helmplat] Desired PodInfo ConfigMap (1 extensions) (1 enabled)
2025-01-28 20:42:54,915 INFO c.h.h.t.HelmChartContainer - [hivemq-test-hivemq-platform] [hivemq-platform-operator] [e5dbc2d7] 20:42:54.912 [pool-6-thread-23] DEBUG c.h.p.o.dependants.PodInfoConfigMap - [helmplat] Desired PodInfo ConfigMap (metrics port: 9399) (metrics path: /)
2025-01-28 20:42:54,915 INFO c.h.h.t.HelmChartContainer - [hivemq-test-hivemq-platform] [hivemq-platform-operator] [e5dbc2d7] 20:42:54.912 [pool-6-thread-23] DEBUG c.h.p.o.dependants.PodInfoConfigMap - [helmplat] Desired PodInfo ConfigMap (extension state hash: -1817474005)
2025-01-28 20:42:54,916 INFO c.h.h.t.HelmChartContainer - [hivemq-test-hivemq-platform] [hivemq-platform-operator] [e5dbc2d7] 20:42:54.914 [pool-6-thread-27] DEBUG c.h.p.o.d.PodServiceAccountResource - [helmplat] Desired PodServiceAccountResource (serviceAccountName: hivemq-platform-pod-test-hivemq-platform)
2025-01-28 20:42:55,014 INFO c.h.h.t.HelmChartContainer - [hivemq-test-hivemq-platform] [hivemq-platform-operator] [e5dbc2d7] 20:42:55.012 [pool-6-thread-30] DEBUG c.h.p.o.d.StatefulSetResource - [helmplat] Desired StatefulSet (1 replicas) for status STARTING (READY)
2025-01-28 20:42:55,025 INFO c.h.h.t.HelmChartContainer - [hivemq-test-hivemq-platform] [hivemq-platform-operator] [e5dbc2d7] 20:42:55.024 [ReconcilerExecutor-hivemq-controller-76] INFO  c.h.p.o.HiveMQPlatformReconciler - [helmplat] Reconciling HiveMQ Platform 'test-hivemq-platform' in namespace 'helmplatformmutualtlsit'
2025-01-28 20:42:55,025 INFO c.h.h.t.HelmChartContainer - [hivemq-test-hivemq-platform] [hivemq-platform-operator] [e5dbc2d7] 20:42:55.024 [ReconcilerExecutor-hivemq-controller-76] DEBUG c.h.p.o.HiveMQPlatformReconciler - [helmplat] Custom Resource Status STARTING - HiveMQ Platform is starting (READY)
2025-01-28 20:42:55,026 INFO c.h.h.t.HelmChartContainer - [hivemq-test-hivemq-platform] [hivemq-platform-operator] [e5dbc2d7] 20:42:55.024 [ReconcilerExecutor-hivemq-controller-76] DEBUG c.h.p.o.HiveMQPlatformReconciler - [helmplat] Custom Resource Spec (replicas: 1) (extensions: 1)
2025-01-28 20:42:55,031 INFO c.h.h.t.HelmChartContainer - [hivemq-test-hivemq-platform] [hivemq-platform-operator] [e5dbc2d7] 20:42:55.030 [ReconcilerExecutor-hivemq-controller-76] DEBUG c.h.p.o.HiveMQPlatformReconciler - [helmplat] StatefulSet Status (revision: test-hivemq-platform-b89d99bb7, replicas: 1, available: 0, ready: 0, current: 1, updated: 1)
2025-01-28 20:42:55,031 INFO c.h.h.t.HelmChartContainer - [hivemq-test-hivemq-platform] [hivemq-platform-operator] [e5dbc2d7] 20:42:55.030 [ReconcilerExecutor-hivemq-controller-76] DEBUG c.h.p.o.HiveMQPlatformReconciler - [helmplat] StatefulSet Spec (replicas: 1, init containers: 1, containers: 1, volumes: 7)
2025-01-28 20:42:55,125 INFO c.h.h.t.HelmChartContainer - [hivemq-test-hivemq-platform] [hivemq-platform-operator] [e5dbc2d7] 20:42:55.123 [ReconcilerExecutor-hivemq-controller-76] DEBUG c.h.p.o.h.HiveMQPlatformReconcilerErrorHandler - [helmplat] Pod 'test-hivemq-platform-0' phase Pending
2025-01-28 20:42:55,126 INFO c.h.h.t.HelmChartContainer - [hivemq-test-hivemq-platform] [hivemq-platform-operator] [e5dbc2d7] 20:42:55.125 [ReconcilerExecutor-hivemq-controller-76] DEBUG c.h.p.o.h.HiveMQPlatformReconcilerErrorHandler - [helmplat] Pod 'test-hivemq-platform-0' condition 'PodReadyToStartContainers': False
2025-01-28 20:42:55,127 INFO c.h.h.t.HelmChartContainer - [hivemq-test-hivemq-platform] [hivemq-platform-operator] [e5dbc2d7] 20:42:55.126 [ReconcilerExecutor-hivemq-controller-76] DEBUG c.h.p.o.h.HiveMQPlatformReconcilerErrorHandler - [helmplat] Pod 'test-hivemq-platform-0' condition 'Initialized': False
2025-01-28 20:42:55,128 INFO c.h.h.t.HelmChartContainer - [hivemq-test-hivemq-platform] [hivemq-platform-operator] [e5dbc2d7] 20:42:55.126 [ReconcilerExecutor-hivemq-controller-76] DEBUG c.h.p.o.h.HiveMQPlatformReconcilerErrorHandler - [helmplat] Pod 'test-hivemq-platform-0' condition 'Ready': False
2025-01-28 20:42:55,128 INFO c.h.h.t.HelmChartContainer - [hivemq-test-hivemq-platform] [hivemq-platform-operator] [e5dbc2d7] 20:42:55.126 [ReconcilerExecutor-hivemq-controller-76] DEBUG c.h.p.o.h.HiveMQPlatformReconcilerErrorHandler - [helmplat] Pod 'test-hivemq-platform-0' condition 'ContainersReady': False
2025-01-28 20:42:55,128 INFO c.h.h.t.HelmChartContainer - [hivemq-test-hivemq-platform] [hivemq-platform-operator] [e5dbc2d7] 20:42:55.126 [ReconcilerExecutor-hivemq-controller-76] DEBUG c.h.p.o.h.HiveMQPlatformReconcilerErrorHandler - [helmplat] Pod 'test-hivemq-platform-0' condition 'PodScheduled': True
2025-01-28 20:42:55,131 INFO c.h.h.t.HelmChartContainer - [hivemq-test-hivemq-platform] [hivemq-platform-operator] [e5dbc2d7] 20:42:55.128 [ReconcilerExecutor-hivemq-controller-76] DEBUG c.h.p.o.h.HiveMQPlatformReconcilerErrorHandler - [helmplat] Pod 'test-hivemq-platform-0' containerStatus 'hivemq' (started: false) (ready: false) (waiting: [PodInitializing] null)
2025-01-28 20:42:55,131 INFO c.h.h.t.HelmChartContainer - [hivemq-test-hivemq-platform] [hivemq-platform-operator] [e5dbc2d7] 20:42:55.129 [ReconcilerExecutor-hivemq-controller-76] INFO  c.h.p.o.h.HiveMQPlatformReconcilerBaseHandler - [helmplat] HiveMQ Platform is starting, 0 of 1 replicas are ready
2025-01-28 20:42:55,141 INFO c.h.h.t.HelmChartContainer - [EVENT] Normal [Pulled] Container image "docker.io/hivemq/hivemq-platform-operator-init-test:snapshot" already present on machine [helmplatformmutualtlsit:test-hivemq-platform-0]
2025-01-28 20:42:55,218 INFO c.h.h.t.HelmChartContainer - [hivemq-test-hivemq-platform] [hivemq-platform-operator] [e5dbc2d7] 20:42:55.215 [pool-6-thread-32] DEBUG c.h.p.o.d.PlatformServiceResource - [helmplat] Desired Platform services (4 services)
2025-01-28 20:42:55,219 INFO c.h.h.t.HelmChartContainer - [hivemq-test-hivemq-platform] [hivemq-platform-operator] [e5dbc2d7] 20:42:55.217 [pool-6-thread-33] DEBUG c.h.p.o.dependants.PodInfoConfigMap - [helmplat] Desired PodInfo ConfigMap (1 extensions) (1 enabled)
2025-01-28 20:42:55,220 INFO c.h.h.t.HelmChartContainer - [hivemq-test-hivemq-platform] [hivemq-platform-operator] [e5dbc2d7] 20:42:55.217 [pool-6-thread-33] DEBUG c.h.p.o.dependants.PodInfoConfigMap - [helmplat] Desired PodInfo ConfigMap (metrics port: 9399) (metrics path: /)
2025-01-28 20:42:55,220 INFO c.h.h.t.HelmChartContainer - [hivemq-test-hivemq-platform] [hivemq-platform-operator] [e5dbc2d7] 20:42:55.217 [pool-6-thread-33] DEBUG c.h.p.o.dependants.PodInfoConfigMap - [helmplat] Desired PodInfo ConfigMap (extension state hash: -1817474005)
2025-01-28 20:42:55,223 INFO c.h.h.t.HelmChartContainer - [hivemq-test-hivemq-platform] [hivemq-platform-operator] [e5dbc2d7] 20:42:55.223 [pool-6-thread-37] DEBUG c.h.p.o.d.PodServiceAccountResource - [helmplat] Desired PodServiceAccountResource (serviceAccountName: hivemq-platform-pod-test-hivemq-platform)
2025-01-28 20:42:55,271 INFO c.h.h.t.HelmChartContainer - [EVENT] Normal [Created] Created container: hivemq-platform-operator-init [helmplatformmutualtlsit:test-hivemq-platform-0]
2025-01-28 20:42:55,309 INFO c.h.h.t.HelmChartContainer - [EVENT] Normal [Started] Started container hivemq-platform-operator-init [helmplatformmutualtlsit:test-hivemq-platform-0]
2025-01-28 20:42:55,312 INFO c.h.h.t.HelmChartContainer - [hivemq-test-hivemq-platform] [hivemq-platform-operator] [e5dbc2d7] 20:42:55.310 [pool-6-thread-40] DEBUG c.h.p.o.d.StatefulSetResource - [helmplat] Desired StatefulSet (1 replicas) for status STARTING (READY)
2025-01-28 20:42:55,318 INFO c.h.h.t.HelmChartContainer - [hivemq-test-hivemq-platform] [hivemq-platform-operator] [e5dbc2d7] 20:42:55.317 [ReconcilerExecutor-hivemq-controller-87] INFO  c.h.p.o.HiveMQPlatformReconciler - [helmplat] Reconciling HiveMQ Platform 'test-hivemq-platform' in namespace 'helmplatformmutualtlsit'
2025-01-28 20:42:55,319 INFO c.h.h.t.HelmChartContainer - [hivemq-test-hivemq-platform] [hivemq-platform-operator] [e5dbc2d7] 20:42:55.318 [ReconcilerExecutor-hivemq-controller-87] DEBUG c.h.p.o.HiveMQPlatformReconciler - [helmplat] Custom Resource Status STARTING - HiveMQ Platform is starting (READY)
2025-01-28 20:42:55,320 INFO c.h.h.t.HelmChartContainer - [hivemq-test-hivemq-platform] [hivemq-platform-operator] [e5dbc2d7] 20:42:55.318 [ReconcilerExecutor-hivemq-controller-87] DEBUG c.h.p.o.HiveMQPlatformReconciler - [helmplat] Custom Resource Spec (replicas: 1) (extensions: 1)
2025-01-28 20:42:55,325 INFO c.h.h.t.HelmChartContainer - [hivemq-test-hivemq-platform] [hivemq-platform-operator] [e5dbc2d7] 20:42:55.323 [ReconcilerExecutor-hivemq-controller-87] DEBUG c.h.p.o.HiveMQPlatformReconciler - [helmplat] StatefulSet Status (revision: test-hivemq-platform-b89d99bb7, replicas: 1, available: 0, ready: 0, current: 1, updated: 1)
2025-01-28 20:42:55,325 INFO c.h.h.t.HelmChartContainer - [hivemq-test-hivemq-platform] [hivemq-platform-operator] [e5dbc2d7] 20:42:55.323 [ReconcilerExecutor-hivemq-controller-87] DEBUG c.h.p.o.HiveMQPlatformReconciler - [helmplat] StatefulSet Spec (replicas: 1, init containers: 1, containers: 1, volumes: 7)
2025-01-28 20:42:55,327 INFO c.h.h.t.HelmChartContainer - [hivemq-test-hivemq-platform] [hivemq-platform-operator] [e5dbc2d7] 20:42:55.326 [ReconcilerExecutor-hivemq-controller-87] DEBUG c.h.p.o.h.HiveMQPlatformReconcilerErrorHandler - [helmplat] Pod 'test-hivemq-platform-0' phase Pending
2025-01-28 20:42:55,328 INFO c.h.h.t.HelmChartContainer - [hivemq-test-hivemq-platform] [hivemq-platform-operator] [e5dbc2d7] 20:42:55.326 [ReconcilerExecutor-hivemq-controller-87] DEBUG c.h.p.o.h.HiveMQPlatformReconcilerErrorHandler - [helmplat] Pod 'test-hivemq-platform-0' condition 'PodReadyToStartContainers': False
2025-01-28 20:42:55,328 INFO c.h.h.t.HelmChartContainer - [hivemq-test-hivemq-platform] [hivemq-platform-operator] [e5dbc2d7] 20:42:55.326 [ReconcilerExecutor-hivemq-controller-87] DEBUG c.h.p.o.h.HiveMQPlatformReconcilerErrorHandler - [helmplat] Pod 'test-hivemq-platform-0' condition 'Initialized': False
2025-01-28 20:42:55,328 INFO c.h.h.t.HelmChartContainer - [hivemq-test-hivemq-platform] [hivemq-platform-operator] [e5dbc2d7] 20:42:55.326 [ReconcilerExecutor-hivemq-controller-87] DEBUG c.h.p.o.h.HiveMQPlatformReconcilerErrorHandler - [helmplat] Pod 'test-hivemq-platform-0' condition 'Ready': False
2025-01-28 20:42:55,328 INFO c.h.h.t.HelmChartContainer - [hivemq-test-hivemq-platform] [hivemq-platform-operator] [e5dbc2d7] 20:42:55.326 [ReconcilerExecutor-hivemq-controller-87] DEBUG c.h.p.o.h.HiveMQPlatformReconcilerErrorHandler - [helmplat] Pod 'test-hivemq-platform-0' condition 'ContainersReady': False
2025-01-28 20:42:55,328 INFO c.h.h.t.HelmChartContainer - [hivemq-test-hivemq-platform] [hivemq-platform-operator] [e5dbc2d7] 20:42:55.326 [ReconcilerExecutor-hivemq-controller-87] DEBUG c.h.p.o.h.HiveMQPlatformReconcilerErrorHandler - [helmplat] Pod 'test-hivemq-platform-0' condition 'PodScheduled': True
2025-01-28 20:42:55,328 INFO c.h.h.t.HelmChartContainer - [hivemq-test-hivemq-platform] [hivemq-platform-operator] [e5dbc2d7] 20:42:55.326 [ReconcilerExecutor-hivemq-controller-87] DEBUG c.h.p.o.h.HiveMQPlatformReconcilerErrorHandler - [helmplat] Pod 'test-hivemq-platform-0' containerStatus 'hivemq' (started: false) (ready: false) (waiting: [PodInitializing] null)
2025-01-28 20:42:55,329 INFO c.h.h.t.HelmChartContainer - [hivemq-test-hivemq-platform] [hivemq-platform-operator] [e5dbc2d7] 20:42:55.327 [ReconcilerExecutor-hivemq-controller-87] INFO  c.h.p.o.h.HiveMQPlatformReconcilerBaseHandler - [helmplat] HiveMQ Platform is starting, 0 of 1 replicas are ready
2025-01-28 20:42:55,429 INFO c.h.h.t.HelmChartContainer - [POD] test-hivemq-platform-0 [38df94f1-8444-41cf-add3-da03a2cd7eaa] in helmplatformmutualtlsit was MODIFIED
2025-01-28 20:42:55,451 INFO c.h.h.t.HelmChartContainer - [hivemq-test-hivemq-platform] [hivemq-platform-operator] [e5dbc2d7] 20:42:55.448 [pool-6-thread-42] DEBUG c.h.p.o.d.PlatformServiceResource - [helmplat] Desired Platform services (4 services)
2025-01-28 20:42:55,455 INFO c.h.h.t.HelmChartContainer - [hivemq-test-hivemq-platform] [hivemq-platform-operator] [e5dbc2d7] 20:42:55.452 [pool-6-thread-43] DEBUG c.h.p.o.dependants.PodInfoConfigMap - [helmplat] Desired PodInfo ConfigMap (1 extensions) (1 enabled)
2025-01-28 20:42:55,513 INFO c.h.h.t.HelmChartContainer - [hivemq-test-hivemq-platform] [hivemq-platform-operator] [e5dbc2d7] 20:42:55.511 [pool-6-thread-47] DEBUG c.h.p.o.d.PodServiceAccountResource - [helmplat] Desired PodServiceAccountResource (serviceAccountName: hivemq-platform-pod-test-hivemq-platform)
2025-01-28 20:42:55,514 INFO c.h.h.t.HelmChartContainer - [hivemq-test-hivemq-platform] [hivemq-platform-operator] [e5dbc2d7] 20:42:55.510 [pool-6-thread-43] DEBUG c.h.p.o.dependants.PodInfoConfigMap - [helmplat] Desired PodInfo ConfigMap (metrics port: 9399) (metrics path: /)
2025-01-28 20:42:55,514 INFO c.h.h.t.HelmChartContainer - [hivemq-test-hivemq-platform] [hivemq-platform-operator] [e5dbc2d7] 20:42:55.512 [pool-6-thread-43] DEBUG c.h.p.o.dependants.PodInfoConfigMap - [helmplat] Desired PodInfo ConfigMap (extension state hash: -1817474005)
2025-01-28 20:42:55,520 INFO c.h.h.t.HelmChartContainer - [hivemq-test-hivemq-platform] [hivemq-platform-operator] [e5dbc2d7] 20:42:55.519 [pool-6-thread-50] DEBUG c.h.p.o.d.StatefulSetResource - [helmplat] Desired StatefulSet (1 replicas) for status STARTING (READY)
2025-01-28 20:42:55,525 INFO c.h.h.t.HelmChartContainer - [hivemq-test-hivemq-platform] [hivemq-platform-operator] [e5dbc2d7] 20:42:55.524 [ReconcilerExecutor-hivemq-controller-98] INFO  c.h.p.o.HiveMQPlatformReconciler - [helmplat] Reconciling HiveMQ Platform 'test-hivemq-platform' in namespace 'helmplatformmutualtlsit'
2025-01-28 20:42:55,526 INFO c.h.h.t.HelmChartContainer - [hivemq-test-hivemq-platform] [hivemq-platform-operator] [e5dbc2d7] 20:42:55.524 [ReconcilerExecutor-hivemq-controller-98] DEBUG c.h.p.o.HiveMQPlatformReconciler - [helmplat] Custom Resource Status STARTING - HiveMQ Platform is starting (READY)
2025-01-28 20:42:55,526 INFO c.h.h.t.HelmChartContainer - [hivemq-test-hivemq-platform] [hivemq-platform-operator] [e5dbc2d7] 20:42:55.524 [ReconcilerExecutor-hivemq-controller-98] DEBUG c.h.p.o.HiveMQPlatformReconciler - [helmplat] Custom Resource Spec (replicas: 1) (extensions: 1)
2025-01-28 20:42:55,527 INFO c.h.h.t.HelmChartContainer - [hivemq-test-hivemq-platform] [hivemq-platform-operator] [e5dbc2d7] 20:42:55.527 [ReconcilerExecutor-hivemq-controller-98] DEBUG c.h.p.o.HiveMQPlatformReconciler - [helmplat] StatefulSet Status (revision: test-hivemq-platform-b89d99bb7, replicas: 1, available: 0, ready: 0, current: 1, updated: 1)
2025-01-28 20:42:55,528 INFO c.h.h.t.HelmChartContainer - [hivemq-test-hivemq-platform] [hivemq-platform-operator] [e5dbc2d7] 20:42:55.527 [ReconcilerExecutor-hivemq-controller-98] DEBUG c.h.p.o.HiveMQPlatformReconciler - [helmplat] StatefulSet Spec (replicas: 1, init containers: 1, containers: 1, volumes: 7)
2025-01-28 20:42:55,530 INFO c.h.h.t.HelmChartContainer - [hivemq-test-hivemq-platform] [hivemq-platform-operator] [e5dbc2d7] 20:42:55.530 [ReconcilerExecutor-hivemq-controller-98] DEBUG c.h.p.o.h.HiveMQPlatformReconcilerErrorHandler - [helmplat] Pod 'test-hivemq-platform-0' phase Pending
2025-01-28 20:42:55,531 INFO c.h.h.t.HelmChartContainer - [hivemq-test-hivemq-platform] [hivemq-platform-operator] [e5dbc2d7] 20:42:55.530 [ReconcilerExecutor-hivemq-controller-98] DEBUG c.h.p.o.h.HiveMQPlatformReconcilerErrorHandler - [helmplat] Pod 'test-hivemq-platform-0' condition 'PodReadyToStartContainers': True
2025-01-28 20:42:55,531 INFO c.h.h.t.HelmChartContainer - [hivemq-test-hivemq-platform] [hivemq-platform-operator] [e5dbc2d7] 20:42:55.530 [ReconcilerExecutor-hivemq-controller-98] DEBUG c.h.p.o.h.HiveMQPlatformReconcilerErrorHandler - [helmplat] Pod 'test-hivemq-platform-0' condition 'Initialized': False
2025-01-28 20:42:55,531 INFO c.h.h.t.HelmChartContainer - [hivemq-test-hivemq-platform] [hivemq-platform-operator] [e5dbc2d7] 20:42:55.530 [ReconcilerExecutor-hivemq-controller-98] DEBUG c.h.p.o.h.HiveMQPlatformReconcilerErrorHandler - [helmplat] Pod 'test-hivemq-platform-0' condition 'Ready': False
2025-01-28 20:42:55,532 INFO c.h.h.t.HelmChartContainer - [hivemq-test-hivemq-platform] [hivemq-platform-operator] [e5dbc2d7] 20:42:55.531 [ReconcilerExecutor-hivemq-controller-98] DEBUG c.h.p.o.h.HiveMQPlatformReconcilerErrorHandler - [helmplat] Pod 'test-hivemq-platform-0' condition 'ContainersReady': False
2025-01-28 20:42:55,532 INFO c.h.h.t.HelmChartContainer - [hivemq-test-hivemq-platform] [hivemq-platform-operator] [e5dbc2d7] 20:42:55.531 [ReconcilerExecutor-hivemq-controller-98] DEBUG c.h.p.o.h.HiveMQPlatformReconcilerErrorHandler - [helmplat] Pod 'test-hivemq-platform-0' condition 'PodScheduled': True
2025-01-28 20:42:55,532 INFO c.h.h.t.HelmChartContainer - [hivemq-test-hivemq-platform] [hivemq-platform-operator] [e5dbc2d7] 20:42:55.531 [ReconcilerExecutor-hivemq-controller-98] DEBUG c.h.p.o.h.HiveMQPlatformReconcilerErrorHandler - [helmplat] Pod 'test-hivemq-platform-0' containerStatus 'hivemq' (started: false) (ready: false) (waiting: [PodInitializing] null)
2025-01-28 20:42:55,534 INFO c.h.h.t.HelmChartContainer - [hivemq-test-hivemq-platform] [hivemq-platform-operator] [e5dbc2d7] 20:42:55.533 [ReconcilerExecutor-hivemq-controller-98] INFO  c.h.p.o.h.HiveMQPlatformReconcilerBaseHandler - [helmplat] HiveMQ Platform is starting, 0 of 1 replicas are ready
2025-01-28 20:42:56,413 INFO c.h.h.t.HelmChartContainer - [EVENT] Normal [Pulled] Container image "docker.io/hivemq/hivemq4:4.36.0" already present on machine [helmplatformmutualtlsit:test-hivemq-platform-0]
2025-01-28 20:42:56,413 INFO c.h.h.t.HelmChartContainer - Received Pulled event for container hivemq in pod test-hivemq-platform-0 [38df94f1-8444-41cf-add3-da03a2cd7eaa]
2025-01-28 20:42:56,424 INFO c.h.h.t.HelmChartContainer - [POD] test-hivemq-platform-0 [38df94f1-8444-41cf-add3-da03a2cd7eaa] in helmplatformmutualtlsit was MODIFIED
2025-01-28 20:42:56,432 INFO c.h.h.t.HelmChartContainer - [hivemq-test-hivemq-platform] [hivemq-platform-operator] [e5dbc2d7] 20:42:56.431 [pool-6-thread-10] DEBUG c.h.p.o.d.PlatformServiceResource - [helmplat] Desired Platform services (4 services)
2025-01-28 20:42:56,433 INFO c.h.h.t.HelmChartContainer - [hivemq-test-hivemq-platform] [hivemq-platform-operator] [e5dbc2d7] 20:42:56.431 [pool-6-thread-3] DEBUG c.h.p.o.dependants.PodInfoConfigMap - [helmplat] Desired PodInfo ConfigMap (1 extensions) (1 enabled)
2025-01-28 20:42:56,436 INFO c.h.h.t.HelmChartContainer - [hivemq-test-hivemq-platform] [hivemq-platform-operator] [e5dbc2d7] 20:42:56.433 [pool-6-thread-3] DEBUG c.h.p.o.dependants.PodInfoConfigMap - [helmplat] Desired PodInfo ConfigMap (metrics port: 9399) (metrics path: /)
2025-01-28 20:42:56,439 INFO c.h.h.t.HelmChartContainer - [hivemq-test-hivemq-platform] [hivemq-platform-operator] [e5dbc2d7] 20:42:56.433 [pool-6-thread-3] DEBUG c.h.p.o.dependants.PodInfoConfigMap - [helmplat] Desired PodInfo ConfigMap (extension state hash: -1817474005)
2025-01-28 20:42:56,439 INFO c.h.h.t.HelmChartContainer - [hivemq-test-hivemq-platform] [hivemq-platform-operator] [e5dbc2d7] 20:42:56.435 [pool-6-thread-6] DEBUG c.h.p.o.d.PodServiceAccountResource - [helmplat] Desired PodServiceAccountResource (serviceAccountName: hivemq-platform-pod-test-hivemq-platform)
2025-01-28 20:42:56,443 INFO c.h.h.t.HelmChartContainer - [hivemq-test-hivemq-platform] [hivemq-platform-operator] [e5dbc2d7] 20:42:56.441 [pool-6-thread-3] DEBUG c.h.p.o.d.StatefulSetResource - [helmplat] Desired StatefulSet (1 replicas) for status STARTING (READY)
2025-01-28 20:42:56,514 INFO c.h.h.t.HelmChartContainer - [hivemq-test-hivemq-platform] [hivemq-platform-operator] [e5dbc2d7] 20:42:56.510 [ReconcilerExecutor-hivemq-controller-109] INFO  c.h.p.o.HiveMQPlatformReconciler - [helmplat] Reconciling HiveMQ Platform 'test-hivemq-platform' in namespace 'helmplatformmutualtlsit'
2025-01-28 20:42:56,514 INFO c.h.h.t.HelmChartContainer - [hivemq-test-hivemq-platform] [hivemq-platform-operator] [e5dbc2d7] 20:42:56.511 [ReconcilerExecutor-hivemq-controller-109] DEBUG c.h.p.o.HiveMQPlatformReconciler - [helmplat] Custom Resource Status STARTING - HiveMQ Platform is starting (READY)
2025-01-28 20:42:56,514 INFO c.h.h.t.HelmChartContainer - [hivemq-test-hivemq-platform] [hivemq-platform-operator] [e5dbc2d7] 20:42:56.511 [ReconcilerExecutor-hivemq-controller-109] DEBUG c.h.p.o.HiveMQPlatformReconciler - [helmplat] Custom Resource Spec (replicas: 1) (extensions: 1)
2025-01-28 20:42:56,516 INFO c.h.h.t.HelmChartContainer - [hivemq-test-hivemq-platform] [hivemq-platform-operator] [e5dbc2d7] 20:42:56.514 [ReconcilerExecutor-hivemq-controller-109] DEBUG c.h.p.o.HiveMQPlatformReconciler - [helmplat] StatefulSet Status (revision: test-hivemq-platform-b89d99bb7, replicas: 1, available: 0, ready: 0, current: 1, updated: 1)
2025-01-28 20:42:56,516 INFO c.h.h.t.HelmChartContainer - [hivemq-test-hivemq-platform] [hivemq-platform-operator] [e5dbc2d7] 20:42:56.514 [ReconcilerExecutor-hivemq-controller-109] DEBUG c.h.p.o.HiveMQPlatformReconciler - [helmplat] StatefulSet Spec (replicas: 1, init containers: 1, containers: 1, volumes: 7)
2025-01-28 20:42:56,519 INFO c.h.h.t.HelmChartContainer - [hivemq-test-hivemq-platform] [hivemq-platform-operator] [e5dbc2d7] 20:42:56.518 [ReconcilerExecutor-hivemq-controller-109] DEBUG c.h.p.o.h.HiveMQPlatformReconcilerErrorHandler - [helmplat] Pod 'test-hivemq-platform-0' phase Pending
2025-01-28 20:42:56,521 INFO c.h.h.t.HelmChartContainer - [hivemq-test-hivemq-platform] [hivemq-platform-operator] [e5dbc2d7] 20:42:56.518 [ReconcilerExecutor-hivemq-controller-109] DEBUG c.h.p.o.h.HiveMQPlatformReconcilerErrorHandler - [helmplat] Pod 'test-hivemq-platform-0' condition 'PodReadyToStartContainers': True
2025-01-28 20:42:56,521 INFO c.h.h.t.HelmChartContainer - [hivemq-test-hivemq-platform] [hivemq-platform-operator] [e5dbc2d7] 20:42:56.518 [ReconcilerExecutor-hivemq-controller-109] DEBUG c.h.p.o.h.HiveMQPlatformReconcilerErrorHandler - [helmplat] Pod 'test-hivemq-platform-0' condition 'Initialized': True
2025-01-28 20:42:56,521 INFO c.h.h.t.HelmChartContainer - [hivemq-test-hivemq-platform] [hivemq-platform-operator] [e5dbc2d7] 20:42:56.518 [ReconcilerExecutor-hivemq-controller-109] DEBUG c.h.p.o.h.HiveMQPlatformReconcilerErrorHandler - [helmplat] Pod 'test-hivemq-platform-0' condition 'Ready': False
2025-01-28 20:42:56,521 INFO c.h.h.t.HelmChartContainer - [hivemq-test-hivemq-platform] [hivemq-platform-operator] [e5dbc2d7] 20:42:56.518 [ReconcilerExecutor-hivemq-controller-109] DEBUG c.h.p.o.h.HiveMQPlatformReconcilerErrorHandler - [helmplat] Pod 'test-hivemq-platform-0' condition 'ContainersReady': False
2025-01-28 20:42:56,521 INFO c.h.h.t.HelmChartContainer - [hivemq-test-hivemq-platform] [hivemq-platform-operator] [e5dbc2d7] 20:42:56.518 [ReconcilerExecutor-hivemq-controller-109] DEBUG c.h.p.o.h.HiveMQPlatformReconcilerErrorHandler - [helmplat] Pod 'test-hivemq-platform-0' condition 'PodScheduled': True
2025-01-28 20:42:56,521 INFO c.h.h.t.HelmChartContainer - [hivemq-test-hivemq-platform] [hivemq-platform-operator] [e5dbc2d7] 20:42:56.518 [ReconcilerExecutor-hivemq-controller-109] DEBUG c.h.p.o.h.HiveMQPlatformReconcilerErrorHandler - [helmplat] Pod 'test-hivemq-platform-0' containerStatus 'hivemq' (started: false) (ready: false) (waiting: [PodInitializing] null)
2025-01-28 20:42:56,521 INFO c.h.h.t.HelmChartContainer - [hivemq-test-hivemq-platform] [hivemq-platform-operator] [e5dbc2d7] 20:42:56.519 [ReconcilerExecutor-hivemq-controller-109] INFO  c.h.p.o.h.HiveMQPlatformReconcilerBaseHandler - [helmplat] HiveMQ Platform is starting, 0 of 1 replicas are ready
2025-01-28 20:42:57,773 INFO c.h.h.t.HelmChartContainer - [EVENT] Normal [Created] Created container: hivemq [helmplatformmutualtlsit:test-hivemq-platform-0]
2025-01-28 20:42:57,773 INFO c.h.h.t.HelmChartContainer - Received Created event for container hivemq in pod test-hivemq-platform-0 [38df94f1-8444-41cf-add3-da03a2cd7eaa]
2025-01-28 20:42:58,428 INFO c.h.h.t.HelmChartContainer - [POD] test-hivemq-platform-0 [38df94f1-8444-41cf-add3-da03a2cd7eaa] in helmplatformmutualtlsit was MODIFIED
2025-01-28 20:42:58,433 INFO c.h.h.t.HelmChartContainer - Started log watcher for hivemq in pod test-hivemq-platform-0 [38df94f1-8444-41cf-add3-da03a2cd7eaa]
2025-01-28 20:42:58,433 INFO c.h.h.t.HelmChartContainer - [EVENT] Normal [Started] Started container hivemq [helmplatformmutualtlsit:test-hivemq-platform-0]
2025-01-28 20:42:58,433 INFO c.h.h.t.HelmChartContainer - Received Started event for container hivemq in pod test-hivemq-platform-0 [38df94f1-8444-41cf-add3-da03a2cd7eaa]
2025-01-28 20:42:58,433 INFO c.h.h.t.HelmChartContainer - [test-hivemq-platform] [hivemq] [38df94f1] Adding pre-installed HiveMQ Platform Operator extensions
2025-01-28 20:42:58,434 INFO c.h.h.t.HelmChartContainer - [test-hivemq-platform] [hivemq] [38df94f1] Running as user 10000
2025-01-28 20:42:58,435 INFO c.h.h.t.HelmChartContainer - [test-hivemq-platform] [hivemq] [38df94f1] Starting HiveMQ Platform Operator Init
2025-01-28 20:42:58,443 INFO c.h.h.t.HelmChartContainer - [hivemq-test-hivemq-platform] [hivemq-platform-operator] [e5dbc2d7] 20:42:58.441 [pool-6-thread-11] DEBUG c.h.p.o.d.PlatformServiceResource - [helmplat] Desired Platform services (4 services)
2025-01-28 20:42:58,447 INFO c.h.h.t.HelmChartContainer - [hivemq-test-hivemq-platform] [hivemq-platform-operator] [e5dbc2d7] 20:42:58.443 [pool-6-thread-14] DEBUG c.h.p.o.dependants.PodInfoConfigMap - [helmplat] Desired PodInfo ConfigMap (1 extensions) (1 enabled)
2025-01-28 20:42:58,447 INFO c.h.h.t.HelmChartContainer - [hivemq-test-hivemq-platform] [hivemq-platform-operator] [e5dbc2d7] 20:42:58.443 [pool-6-thread-14] DEBUG c.h.p.o.dependants.PodInfoConfigMap - [helmplat] Desired PodInfo ConfigMap (metrics port: 9399) (metrics path: /)
2025-01-28 20:42:58,447 INFO c.h.h.t.HelmChartContainer - [hivemq-test-hivemq-platform] [hivemq-platform-operator] [e5dbc2d7] 20:42:58.443 [pool-6-thread-14] DEBUG c.h.p.o.dependants.PodInfoConfigMap - [helmplat] Desired PodInfo ConfigMap (extension state hash: -1817474005)
2025-01-28 20:42:58,450 INFO c.h.h.t.HelmChartContainer - [hivemq-test-hivemq-platform] [hivemq-platform-operator] [e5dbc2d7] 20:42:58.444 [pool-6-thread-14] DEBUG c.h.p.o.d.PodServiceAccountResource - [helmplat] Desired PodServiceAccountResource (serviceAccountName: hivemq-platform-pod-test-hivemq-platform)
2025-01-28 20:42:58,515 INFO c.h.h.t.HelmChartContainer - [hivemq-test-hivemq-platform] [hivemq-platform-operator] [e5dbc2d7] 20:42:58.514 [pool-6-thread-11] DEBUG c.h.p.o.d.StatefulSetResource - [helmplat] Desired StatefulSet (1 replicas) for status STARTING (READY)
2025-01-28 20:42:58,521 INFO c.h.h.t.HelmChartContainer - [hivemq-test-hivemq-platform] [hivemq-platform-operator] [e5dbc2d7] 20:42:58.520 [ReconcilerExecutor-hivemq-controller-110] INFO  c.h.p.o.HiveMQPlatformReconciler - [helmplat] Reconciling HiveMQ Platform 'test-hivemq-platform' in namespace 'helmplatformmutualtlsit'
2025-01-28 20:42:58,522 INFO c.h.h.t.HelmChartContainer - [hivemq-test-hivemq-platform] [hivemq-platform-operator] [e5dbc2d7] 20:42:58.520 [ReconcilerExecutor-hivemq-controller-110] DEBUG c.h.p.o.HiveMQPlatformReconciler - [helmplat] Custom Resource Status STARTING - HiveMQ Platform is starting (READY)
2025-01-28 20:42:58,522 INFO c.h.h.t.HelmChartContainer - [hivemq-test-hivemq-platform] [hivemq-platform-operator] [e5dbc2d7] 20:42:58.520 [ReconcilerExecutor-hivemq-controller-110] DEBUG c.h.p.o.HiveMQPlatformReconciler - [helmplat] Custom Resource Spec (replicas: 1) (extensions: 1)
2025-01-28 20:42:58,524 INFO c.h.h.t.HelmChartContainer - [hivemq-test-hivemq-platform] [hivemq-platform-operator] [e5dbc2d7] 20:42:58.523 [ReconcilerExecutor-hivemq-controller-110] DEBUG c.h.p.o.HiveMQPlatformReconciler - [helmplat] StatefulSet Status (revision: test-hivemq-platform-b89d99bb7, replicas: 1, available: 0, ready: 0, current: 1, updated: 1)
2025-01-28 20:42:58,524 INFO c.h.h.t.HelmChartContainer - [hivemq-test-hivemq-platform] [hivemq-platform-operator] [e5dbc2d7] 20:42:58.523 [ReconcilerExecutor-hivemq-controller-110] DEBUG c.h.p.o.HiveMQPlatformReconciler - [helmplat] StatefulSet Spec (replicas: 1, init containers: 1, containers: 1, volumes: 7)
2025-01-28 20:42:58,527 INFO c.h.h.t.HelmChartContainer - [hivemq-test-hivemq-platform] [hivemq-platform-operator] [e5dbc2d7] 20:42:58.526 [ReconcilerExecutor-hivemq-controller-110] DEBUG c.h.p.o.h.HiveMQPlatformReconcilerErrorHandler - [helmplat] Pod 'test-hivemq-platform-0' phase Running
2025-01-28 20:42:58,527 INFO c.h.h.t.HelmChartContainer - [hivemq-test-hivemq-platform] [hivemq-platform-operator] [e5dbc2d7] 20:42:58.527 [ReconcilerExecutor-hivemq-controller-110] INFO  c.h.p.o.h.HiveMQPlatformReconcilerBaseHandler - [helmplat] HiveMQ Platform is starting, 0 of 1 replicas are ready
2025-01-28 20:42:58,959 INFO c.h.h.t.HelmChartContainer - [test-hivemq-platform] [hivemq] [38df94f1] INFO  - [HiveMQ Platform Operator Init 1.7.0-SNAPSHOT] HiveMQ Platform Operator Init 1.7.0-SNAPSHOT (commit: bebf408 on branch: HEAD) built on Sun Jan 26 20:47:47 UTC 2025
2025-01-28 20:43:00,142 INFO c.h.h.t.HelmChartContainer - [test-hivemq-platform] [hivemq] [38df94f1] INFO  - [HiveMQ Platform Operator Init App 1.7.0-SNAPSHOT] Using bind address 10.42.0.8 from environment variable
2025-01-28 20:43:01,056 INFO c.h.h.t.HelmChartContainer - [test-hivemq-platform] [hivemq] [38df94f1] INFO  - [HiveMQ Platform Operator Init App 1.7.0-SNAPSHOT] HiveMQ Platform Operator Init App 1.7.0-SNAPSHOT (commit: bebf408 on branch: HEAD) built on Sun Jan 26 20:47:47 UTC 2025
2025-01-28 20:43:01,056 INFO c.h.h.t.HelmChartContainer - [test-hivemq-platform] [hivemq] [38df94f1] INFO  - [HiveMQ Platform Operator Init App 1.7.0-SNAPSHOT] PodInfo ConfigMap directory: /etc/podinfo
2025-01-28 20:43:01,057 INFO c.h.h.t.HelmChartContainer - [test-hivemq-platform] [hivemq] [38df94f1] INFO  - [HiveMQ Platform Operator Init App 1.7.0-SNAPSHOT] HiveMQ home directory: /opt/hivemq
2025-01-28 20:43:01,057 INFO c.h.h.t.HelmChartContainer - [test-hivemq-platform] [hivemq] [38df94f1] INFO  - [HiveMQ Platform Operator Init App 1.7.0-SNAPSHOT] HiveMQ Logback folder: /opt/hivemq/conf
2025-01-28 20:43:01,057 INFO c.h.h.t.HelmChartContainer - [test-hivemq-platform] [hivemq] [38df94f1] INFO  - [HiveMQ Platform Operator Init App 1.7.0-SNAPSHOT] HiveMQ Config folder: /opt/hivemq/conf-k8s
2025-01-28 20:43:01,057 INFO c.h.h.t.HelmChartContainer - [test-hivemq-platform] [hivemq] [38df94f1] INFO  - [HiveMQ Platform Operator Init App 1.7.0-SNAPSHOT] Starting HiveMQ Platform Operator Init App
2025-01-28 20:43:01,057 INFO c.h.h.t.HelmChartContainer - [test-hivemq-platform] [hivemq] [38df94f1] INFO  - [HiveMQ Platform Operator Init App 1.7.0-SNAPSHOT] Starting Pod reconciler
2025-01-28 20:43:02,180 INFO c.h.h.t.HelmChartContainer - [test-hivemq-platform] [hivemq] [38df94f1] INFO  - [HiveMQ Platform Operator Init App 1.7.0-SNAPSHOT] Pod reconciler is scheduled (interval: 5000 ms)
2025-01-28 20:43:02,237 INFO c.h.h.t.HelmChartContainer - [test-hivemq-platform] [hivemq] [38df94f1] INFO  - [HiveMQ Platform Operator Init App 1.7.0-SNAPSHOT] Starting the REST API on 10.42.0.8:7979
2025-01-28 20:43:02,251 INFO c.h.h.t.HelmChartContainer - [test-hivemq-platform] [hivemq] [38df94f1] INFO  - [HiveMQ Platform Operator Init App 1.7.0-SNAPSHOT] Waiting up to 600s for at most 1 HiveMQ nodes in cluster service hivemq-test-hivemq-platform-cluster.helmplatformmutualtlsit.svc
2025-01-28 20:43:02,570 INFO c.h.h.t.HelmChartContainer - [test-hivemq-platform] [hivemq] [38df94f1] INFO  - [HiveMQ Platform Operator Init App 1.7.0-SNAPSHOT] Resolved 1 IP addresses: [10.42.0.8]
2025-01-28 20:43:02,570 INFO c.h.h.t.HelmChartContainer - [test-hivemq-platform] [hivemq] [38df94f1] INFO  - [HiveMQ Platform Operator Init App 1.7.0-SNAPSHOT] HiveMQ node count of 1 is within threshold of 1
2025-01-28 20:43:02,570 INFO c.h.h.t.HelmChartContainer - [test-hivemq-platform] [hivemq] [38df94f1] INFO  - [HiveMQ Platform Operator Init App 1.7.0-SNAPSHOT] Proceeding with container start
2025-01-28 20:43:02,675 INFO c.h.h.t.HelmChartContainer - [test-hivemq-platform] [hivemq] [38df94f1] INFO  - [HiveMQ Platform Operator Init App 1.7.0-SNAPSHOT] Initializing HiveMQ Platform extensions with initial configuration: {hivemq-allow-all-extension={start-priority=-1, skip-https-hostname-verification=false, restart=true, config-version=0, header-version=0, c-uri=, priority=-1, uri=preinstalled, skip-https-certificate-validation=false, enabled=true}, hivemq-prometheus-extension={c-uri=, skip-https-hostname-verification=false, skip-https-certificate-validation=false, uri=preinstalled, request-header-path=no-request-headers, enabled=true, restart=true, priority=-1, start-priority=-1}}
2025-01-28 20:43:03,161 INFO c.h.h.t.HelmChartContainer - [test-hivemq-platform] [hivemq] [38df94f1] INFO  - [HiveMQ Platform Operator Init App 1.7.0-SNAPSHOT] Extension hivemq-allow-all-extension was already enabled
2025-01-28 20:43:03,251 INFO c.h.h.t.HelmChartContainer - [test-hivemq-platform] [hivemq] [38df94f1] INFO  - [HiveMQ Platform Operator Init App 1.7.0-SNAPSHOT] Successfully enabled extension hivemq-prometheus-extension
2025-01-28 20:43:03,253 INFO c.h.h.t.HelmChartContainer - [test-hivemq-platform] [hivemq] [38df94f1] INFO  - [HiveMQ Platform Operator Init App 1.7.0-SNAPSHOT] Starting HiveMQ Platform version 4.36.0 (4.36.0)
2025-01-28 20:43:03,253 INFO c.h.h.t.HelmChartContainer - [test-hivemq-platform] [hivemq] [38df94f1] INFO  - [HiveMQ Platform Operator Init App 1.7.0-SNAPSHOT] Configuring the HiveMQ Platform
2025-01-28 20:43:03,262 INFO c.h.h.t.HelmChartContainer - [test-hivemq-platform] [hivemq] [38df94f1] INFO  - [HiveMQ Platform Operator Init App 1.7.0-SNAPSHOT] Changed logback.xml file scan period to 20 seconds
2025-01-28 20:43:03,358 INFO c.h.h.t.HelmChartContainer - [test-hivemq-platform] [hivemq] [38df94f1] INFO  - [HiveMQ Platform Operator Init App 1.7.0-SNAPSHOT] Starting the HiveMQ Platform
2025-01-28 20:43:03,361 INFO c.h.h.t.HelmChartContainer - [test-hivemq-platform] [hivemq] [38df94f1] -------------------------------------------------------------------------
2025-01-28 20:43:03,362 INFO c.h.h.t.HelmChartContainer - [test-hivemq-platform] [hivemq] [38df94f1] 
2025-01-28 20:43:03,362 INFO c.h.h.t.HelmChartContainer - [test-hivemq-platform] [hivemq] [38df94f1]                   _    _  _              __  __   ____
2025-01-28 20:43:03,362 INFO c.h.h.t.HelmChartContainer - [test-hivemq-platform] [hivemq] [38df94f1]                  | |  | |(_)            |  \/  | / __ \
2025-01-28 20:43:03,362 INFO c.h.h.t.HelmChartContainer - [test-hivemq-platform] [hivemq] [38df94f1]                  | |__| | _ __   __ ___ | \  / || |  | |
2025-01-28 20:43:03,362 INFO c.h.h.t.HelmChartContainer - [test-hivemq-platform] [hivemq] [38df94f1]                  |  __  || |\ \ / // _ \| |\/| || |  | |
2025-01-28 20:43:03,362 INFO c.h.h.t.HelmChartContainer - [test-hivemq-platform] [hivemq] [38df94f1]                  | |  | || | \ V /|  __/| |  | || |__| |
2025-01-28 20:43:03,362 INFO c.h.h.t.HelmChartContainer - [test-hivemq-platform] [hivemq] [38df94f1]                  |_|  |_||_|  \_/  \___||_|  |_| \___\_\
2025-01-28 20:43:03,363 INFO c.h.h.t.HelmChartContainer - [test-hivemq-platform] [hivemq] [38df94f1] 
2025-01-28 20:43:03,363 INFO c.h.h.t.HelmChartContainer - [test-hivemq-platform] [hivemq] [38df94f1] -------------------------------------------------------------------------
2025-01-28 20:43:03,363 INFO c.h.h.t.HelmChartContainer - [test-hivemq-platform] [hivemq] [38df94f1] 
2025-01-28 20:43:03,363 INFO c.h.h.t.HelmChartContainer - [test-hivemq-platform] [hivemq] [38df94f1]   HiveMQ Start Script for Linux/Unix v1.14
2025-01-28 20:43:03,363 INFO c.h.h.t.HelmChartContainer - [test-hivemq-platform] [hivemq] [38df94f1] 
2025-01-28 20:43:03,466 INFO c.h.h.t.HelmChartContainer - [test-hivemq-platform] [hivemq] [38df94f1] -------------------------------------------------------------------------
2025-01-28 20:43:03,466 INFO c.h.h.t.HelmChartContainer - [test-hivemq-platform] [hivemq] [38df94f1] 
2025-01-28 20:43:03,466 INFO c.h.h.t.HelmChartContainer - [test-hivemq-platform] [hivemq] [38df94f1]   HIVEMQ_HOME: /opt/hivemq
2025-01-28 20:43:03,466 INFO c.h.h.t.HelmChartContainer - [test-hivemq-platform] [hivemq] [38df94f1] 
2025-01-28 20:43:03,466 INFO c.h.h.t.HelmChartContainer - [test-hivemq-platform] [hivemq] [38df94f1]   JAVA_OPTS: -XX:+UnlockExperimentalVMOptions -XX:InitialRAMPercentage=50 -XX:MaxRAMPercentage=50 -Djava.net.preferIPv4Stack=true --add-opens java.base/java.lang=ALL-UNNAMED --add-opens java.base/java.nio=ALL-UNNAMED --add-opens java.base/sun.nio.ch=ALL-UNNAMED --add-opens jdk.management/com.sun.management.internal=ALL-UNNAMED --add-exports java.base/jdk.internal.misc=ALL-UNNAMED -Djava.security.egd=file:/dev/./urandom -Dcom.sun.management.jmxremote -Dcom.sun.management.jmxremote.port=9010 -Dcom.sun.management.jmxremote.local.only=false -Dcom.sun.management.jmxremote.authenticate=false -Dcom.sun.management.jmxremote.ssl=false -Duser.language=en -Duser.region=US -XX:+CrashOnOutOfMemoryError -XX:+HeapDumpOnOutOfMemoryError
2025-01-28 20:43:03,466 INFO c.h.h.t.HelmChartContainer - [test-hivemq-platform] [hivemq] [38df94f1] 
2025-01-28 20:43:03,466 INFO c.h.h.t.HelmChartContainer - [test-hivemq-platform] [hivemq] [38df94f1]   JAVA_VERSION: 21
2025-01-28 20:43:03,466 INFO c.h.h.t.HelmChartContainer - [test-hivemq-platform] [hivemq] [38df94f1] 
2025-01-28 20:43:03,466 INFO c.h.h.t.HelmChartContainer - [test-hivemq-platform] [hivemq] [38df94f1] -------------------------------------------------------------------------
2025-01-28 20:43:03,466 INFO c.h.h.t.HelmChartContainer - [test-hivemq-platform] [hivemq] [38df94f1] 
2025-01-28 20:43:04,461 INFO c.h.h.t.HelmChartContainer - [test-hivemq-platform] [hivemq] [38df94f1] INFO  - [HiveMQ Platform Operator Init App 1.7.0-SNAPSHOT] Returning default Health API response 503 for readiness
2025-01-28 20:43:04,860 INFO c.h.h.t.HelmChartContainer - [EVENT] Warning [Unhealthy] Readiness probe failed: HTTP probe failed with statuscode: 503 [helmplatformmutualtlsit:test-hivemq-platform-0]
2025-01-28 20:43:04,860 INFO c.h.h.t.HelmChartContainer - Received Unhealthy event for container hivemq in pod test-hivemq-platform-0 [38df94f1-8444-41cf-add3-da03a2cd7eaa]
2025-01-28 20:43:06,156 INFO c.h.h.t.HelmChartContainer - [test-hivemq-platform] [hivemq] [38df94f1] INFO  - Starting HiveMQ Enterprise Server
2025-01-28 20:43:06,161 INFO c.h.h.t.HelmChartContainer - [test-hivemq-platform] [hivemq] [38df94f1] INFO  - HiveMQ version: 4.36.0
2025-01-28 20:43:06,161 INFO c.h.h.t.HelmChartContainer - [test-hivemq-platform] [hivemq] [38df94f1] INFO  - HiveMQ home directory: /opt/hivemq
2025-01-28 20:43:06,161 INFO c.h.h.t.HelmChartContainer - [test-hivemq-platform] [hivemq] [38df94f1] INFO  - Log Configuration was overridden by /opt/hivemq/conf/logback.xml
2025-01-28 20:43:07,649 INFO c.h.h.t.HelmChartContainer - [test-hivemq-platform] [hivemq] [38df94f1] INFO  - Successfully loaded configuration from '/opt/hivemq/conf-k8s/config.xml'.
2025-01-28 20:43:08,354 INFO c.h.h.t.HelmChartContainer - [test-hivemq-platform] [hivemq] [38df94f1] INFO  - This node's ID is tiU3F
2025-01-28 20:43:08,354 INFO c.h.h.t.HelmChartContainer - [test-hivemq-platform] [hivemq] [38df94f1] INFO  - Clustering is enabled
2025-01-28 20:43:08,537 INFO c.h.h.t.HelmChartContainer - [hivemq-test-hivemq-platform] [hivemq-platform-operator] [e5dbc2d7] 20:43:08.532 [pool-6-thread-27] DEBUG c.h.p.o.d.PlatformServiceResource - [helmplat] Desired Platform services (4 services)
2025-01-28 20:43:08,537 INFO c.h.h.t.HelmChartContainer - [hivemq-test-hivemq-platform] [hivemq-platform-operator] [e5dbc2d7] 20:43:08.533 [pool-6-thread-26] DEBUG c.h.p.o.dependants.PodInfoConfigMap - [helmplat] Desired PodInfo ConfigMap (1 extensions) (1 enabled)
2025-01-28 20:43:08,537 INFO c.h.h.t.HelmChartContainer - [hivemq-test-hivemq-platform] [hivemq-platform-operator] [e5dbc2d7] 20:43:08.533 [pool-6-thread-26] DEBUG c.h.p.o.dependants.PodInfoConfigMap - [helmplat] Desired PodInfo ConfigMap (metrics port: 9399) (metrics path: /)
2025-01-28 20:43:08,537 INFO c.h.h.t.HelmChartContainer - [hivemq-test-hivemq-platform] [hivemq-platform-operator] [e5dbc2d7] 20:43:08.533 [pool-6-thread-26] DEBUG c.h.p.o.dependants.PodInfoConfigMap - [helmplat] Desired PodInfo ConfigMap (extension state hash: -1817474005)
2025-01-28 20:43:08,537 INFO c.h.h.t.HelmChartContainer - [hivemq-test-hivemq-platform] [hivemq-platform-operator] [e5dbc2d7] 20:43:08.536 [pool-6-thread-29] DEBUG c.h.p.o.d.PodServiceAccountResource - [helmplat] Desired PodServiceAccountResource (serviceAccountName: hivemq-platform-pod-test-hivemq-platform)
2025-01-28 20:43:08,542 INFO c.h.h.t.HelmChartContainer - [hivemq-test-hivemq-platform] [hivemq-platform-operator] [e5dbc2d7] 20:43:08.541 [pool-6-thread-25] DEBUG c.h.p.o.d.StatefulSetResource - [helmplat] Desired StatefulSet (1 replicas) for status STARTING (READY)
2025-01-28 20:43:08,613 INFO c.h.h.t.HelmChartContainer - [hivemq-test-hivemq-platform] [hivemq-platform-operator] [e5dbc2d7] 20:43:08.610 [ReconcilerExecutor-hivemq-controller-111] INFO  c.h.p.o.HiveMQPlatformReconciler - [helmplat] Reconciling HiveMQ Platform 'test-hivemq-platform' in namespace 'helmplatformmutualtlsit'
2025-01-28 20:43:08,616 INFO c.h.h.t.HelmChartContainer - [hivemq-test-hivemq-platform] [hivemq-platform-operator] [e5dbc2d7] 20:43:08.611 [ReconcilerExecutor-hivemq-controller-111] DEBUG c.h.p.o.HiveMQPlatformReconciler - [helmplat] Custom Resource Status STARTING - HiveMQ Platform is starting (READY)
2025-01-28 20:43:08,616 INFO c.h.h.t.HelmChartContainer - [hivemq-test-hivemq-platform] [hivemq-platform-operator] [e5dbc2d7] 20:43:08.611 [ReconcilerExecutor-hivemq-controller-111] DEBUG c.h.p.o.HiveMQPlatformReconciler - [helmplat] Custom Resource Spec (replicas: 1) (extensions: 1)
2025-01-28 20:43:08,616 INFO c.h.h.t.HelmChartContainer - [hivemq-test-hivemq-platform] [hivemq-platform-operator] [e5dbc2d7] 20:43:08.613 [ReconcilerExecutor-hivemq-controller-111] DEBUG c.h.p.o.HiveMQPlatformReconciler - [helmplat] StatefulSet Status (revision: test-hivemq-platform-b89d99bb7, replicas: 1, available: 0, ready: 0, current: 1, updated: 1)
2025-01-28 20:43:08,616 INFO c.h.h.t.HelmChartContainer - [hivemq-test-hivemq-platform] [hivemq-platform-operator] [e5dbc2d7] 20:43:08.613 [ReconcilerExecutor-hivemq-controller-111] DEBUG c.h.p.o.HiveMQPlatformReconciler - [helmplat] StatefulSet Spec (replicas: 1, init containers: 1, containers: 1, volumes: 7)
2025-01-28 20:43:08,617 INFO c.h.h.t.HelmChartContainer - [hivemq-test-hivemq-platform] [hivemq-platform-operator] [e5dbc2d7] 20:43:08.615 [ReconcilerExecutor-hivemq-controller-111] DEBUG c.h.p.o.h.HiveMQPlatformReconcilerErrorHandler - [helmplat] Pod 'test-hivemq-platform-0' phase Running
2025-01-28 20:43:08,617 INFO c.h.h.t.HelmChartContainer - [hivemq-test-hivemq-platform] [hivemq-platform-operator] [e5dbc2d7] 20:43:08.616 [ReconcilerExecutor-hivemq-controller-111] INFO  c.h.p.o.h.HiveMQPlatformReconcilerBaseHandler - [helmplat] HiveMQ Platform is starting, 0 of 1 replicas are ready
2025-01-28 20:43:09,861 INFO c.h.h.t.HelmChartContainer - [test-hivemq-platform] [hivemq] [38df94f1] WARN  - [HiveMQ Platform Operator Init App 1.7.0-SNAPSHOT] Cannot connect to Health API for readiness: null
2025-01-28 20:43:09,864 INFO c.h.h.t.HelmChartContainer - [EVENT] Warning [Unhealthy] Readiness probe failed: HTTP probe failed with statuscode: 503 [helmplatformmutualtlsit:test-hivemq-platform-0]
2025-01-28 20:43:09,864 INFO c.h.h.t.HelmChartContainer - Received Unhealthy event for container hivemq in pod test-hivemq-platform-0 [38df94f1-8444-41cf-add3-da03a2cd7eaa]
2025-01-28 20:43:12,457 INFO c.h.h.t.HelmChartContainer - [test-hivemq-platform] [hivemq] [38df94f1] Jan 28, 2025 8:43:12 PM io.vertx.core.impl.BlockedThreadChecker
2025-01-28 20:43:12,457 INFO c.h.h.t.HelmChartContainer - [test-hivemq-platform] [hivemq] [38df94f1] WARNING: Thread Thread[vert.x-eventloop-thread-1,5,main] has been blocked for 2204 ms, time limit is 2000 ms
2025-01-28 20:43:13,537 INFO c.h.h.t.HelmChartContainer - [test-hivemq-platform] [hivemq] [38df94f1] Jan 28, 2025 8:43:13 PM io.vertx.core.impl.BlockedThreadChecker
2025-01-28 20:43:13,537 INFO c.h.h.t.HelmChartContainer - [test-hivemq-platform] [hivemq] [38df94f1] WARNING: Thread Thread[vert.x-eventloop-thread-1,5,main] has been blocked for 3287 ms, time limit is 2000 ms
2025-01-28 20:43:14,139 INFO c.h.h.t.HelmChartContainer - [test-hivemq-platform] [hivemq] [38df94f1] INFO  - [HiveMQ Platform Operator Init App 1.7.0-SNAPSHOT] Updating Pod HiveMQ Platform Operator Init App version annotation (version: 1.7.0-SNAPSHOT)
2025-01-28 20:43:14,441 INFO c.h.h.t.HelmChartContainer - [test-hivemq-platform] [hivemq] [38df94f1] WARN  - [HiveMQ Platform Operator Init App 1.7.0-SNAPSHOT] Cannot connect to Health API for readiness: null
2025-01-28 20:43:14,447 INFO c.h.h.t.HelmChartContainer - [EVENT] Warning [Unhealthy] Readiness probe failed: HTTP probe failed with statuscode: 503 [helmplatformmutualtlsit:test-hivemq-platform-0]
2025-01-28 20:43:14,447 INFO c.h.h.t.HelmChartContainer - Received Unhealthy event for container hivemq in pod test-hivemq-platform-0 [38df94f1-8444-41cf-add3-da03a2cd7eaa]
2025-01-28 20:43:14,865 INFO c.h.h.t.HelmChartContainer - [POD] test-hivemq-platform-0 [38df94f1-8444-41cf-add3-da03a2cd7eaa] in helmplatformmutualtlsit was MODIFIED
2025-01-28 20:43:14,872 INFO c.h.h.t.HelmChartContainer - [hivemq-test-hivemq-platform] [hivemq-platform-operator] [e5dbc2d7] 20:43:14.870 [pool-6-thread-39] DEBUG c.h.p.o.d.PlatformServiceResource - [helmplat] Desired Platform services (4 services)
2025-01-28 20:43:14,872 INFO c.h.h.t.HelmChartContainer - [hivemq-test-hivemq-platform] [hivemq-platform-operator] [e5dbc2d7] 20:43:14.871 [pool-6-thread-35] DEBUG c.h.p.o.dependants.PodInfoConfigMap - [helmplat] Desired PodInfo ConfigMap (1 extensions) (1 enabled)
2025-01-28 20:43:14,873 INFO c.h.h.t.HelmChartContainer - [hivemq-test-hivemq-platform] [hivemq-platform-operator] [e5dbc2d7] 20:43:14.871 [pool-6-thread-35] DEBUG c.h.p.o.dependants.PodInfoConfigMap - [helmplat] Desired PodInfo ConfigMap (metrics port: 9399) (metrics path: /)
2025-01-28 20:43:14,873 INFO c.h.h.t.HelmChartContainer - [hivemq-test-hivemq-platform] [hivemq-platform-operator] [e5dbc2d7] 20:43:14.871 [pool-6-thread-35] DEBUG c.h.p.o.dependants.PodInfoConfigMap - [helmplat] Desired PodInfo ConfigMap (extension state hash: -1817474005)
2025-01-28 20:43:14,873 INFO c.h.h.t.HelmChartContainer - [hivemq-test-hivemq-platform] [hivemq-platform-operator] [e5dbc2d7] 20:43:14.872 [pool-6-thread-35] DEBUG c.h.p.o.d.PodServiceAccountResource - [helmplat] Desired PodServiceAccountResource (serviceAccountName: hivemq-platform-pod-test-hivemq-platform)
2025-01-28 20:43:14,878 INFO c.h.h.t.HelmChartContainer - [hivemq-test-hivemq-platform] [hivemq-platform-operator] [e5dbc2d7] 20:43:14.877 [pool-6-thread-40] DEBUG c.h.p.o.d.StatefulSetResource - [helmplat] Desired StatefulSet (1 replicas) for status STARTING (READY)
2025-01-28 20:43:14,912 INFO c.h.h.t.HelmChartContainer - [hivemq-test-hivemq-platform] [hivemq-platform-operator] [e5dbc2d7] 20:43:14.911 [ReconcilerExecutor-hivemq-controller-112] INFO  c.h.p.o.HiveMQPlatformReconciler - [helmplat] Reconciling HiveMQ Platform 'test-hivemq-platform' in namespace 'helmplatformmutualtlsit'
2025-01-28 20:43:14,912 INFO c.h.h.t.HelmChartContainer - [hivemq-test-hivemq-platform] [hivemq-platform-operator] [e5dbc2d7] 20:43:14.911 [ReconcilerExecutor-hivemq-controller-112] DEBUG c.h.p.o.HiveMQPlatformReconciler - [helmplat] Custom Resource Status STARTING - HiveMQ Platform is starting (READY)
2025-01-28 20:43:14,912 INFO c.h.h.t.HelmChartContainer - [hivemq-test-hivemq-platform] [hivemq-platform-operator] [e5dbc2d7] 20:43:14.911 [ReconcilerExecutor-hivemq-controller-112] DEBUG c.h.p.o.HiveMQPlatformReconciler - [helmplat] Custom Resource Spec (replicas: 1) (extensions: 1)
2025-01-28 20:43:14,915 INFO c.h.h.t.HelmChartContainer - [hivemq-test-hivemq-platform] [hivemq-platform-operator] [e5dbc2d7] 20:43:14.914 [ReconcilerExecutor-hivemq-controller-112] DEBUG c.h.p.o.HiveMQPlatformReconciler - [helmplat] StatefulSet Status (revision: test-hivemq-platform-b89d99bb7, replicas: 1, available: 0, ready: 0, current: 1, updated: 1)
2025-01-28 20:43:14,917 INFO c.h.h.t.HelmChartContainer - [hivemq-test-hivemq-platform] [hivemq-platform-operator] [e5dbc2d7] 20:43:14.914 [ReconcilerExecutor-hivemq-controller-112] DEBUG c.h.p.o.HiveMQPlatformReconciler - [helmplat] StatefulSet Spec (replicas: 1, init containers: 1, containers: 1, volumes: 7)
2025-01-28 20:43:14,918 INFO c.h.h.t.HelmChartContainer - [hivemq-test-hivemq-platform] [hivemq-platform-operator] [e5dbc2d7] 20:43:14.916 [ReconcilerExecutor-hivemq-controller-112] DEBUG c.h.p.o.h.HiveMQPlatformReconcilerErrorHandler - [helmplat] Pod 'test-hivemq-platform-0' phase Running
2025-01-28 20:43:14,918 INFO c.h.h.t.HelmChartContainer - [hivemq-test-hivemq-platform] [hivemq-platform-operator] [e5dbc2d7] 20:43:14.917 [ReconcilerExecutor-hivemq-controller-112] INFO  c.h.p.o.h.HiveMQPlatformReconcilerBaseHandler - [helmplat] HiveMQ Platform is starting, 0 of 1 replicas are ready
2025-01-28 20:43:14,943 INFO c.h.h.t.HelmChartContainer - [test-hivemq-platform] [hivemq] [38df94f1] WARN  - [HiveMQ Platform Operator Init App 1.7.0-SNAPSHOT] Cannot connect to Health API for readiness: null
2025-01-28 20:43:14,947 INFO c.h.h.t.HelmChartContainer - [EVENT] Warning [Unhealthy] Readiness probe failed: HTTP probe failed with statuscode: 503 [helmplatformmutualtlsit:test-hivemq-platform-0]
2025-01-28 20:43:14,947 INFO c.h.h.t.HelmChartContainer - [test-hivemq-platform] [hivemq] [38df94f1] INFO  - [HiveMQ Platform Operator Init App 1.7.0-SNAPSHOT] Successfully updated Pod HiveMQ Platform Operator Init App version annotation (version: 1.7.0-SNAPSHOT)
2025-01-28 20:43:14,948 INFO c.h.h.t.HelmChartContainer - Received Unhealthy event for container hivemq in pod test-hivemq-platform-0 [38df94f1-8444-41cf-add3-da03a2cd7eaa]
2025-01-28 20:43:19,942 INFO c.h.h.t.HelmChartContainer - [test-hivemq-platform] [hivemq] [38df94f1] WARN  - [HiveMQ Platform Operator Init App 1.7.0-SNAPSHOT] Cannot connect to Health API for readiness: null
2025-01-28 20:43:19,946 INFO c.h.h.t.HelmChartContainer - [EVENT] Warning [Unhealthy] Readiness probe failed: HTTP probe failed with statuscode: 503 [helmplatformmutualtlsit:test-hivemq-platform-0]
2025-01-28 20:43:19,947 INFO c.h.h.t.HelmChartContainer - Received Unhealthy event for container hivemq in pod test-hivemq-platform-0 [38df94f1-8444-41cf-add3-da03a2cd7eaa]
2025-01-28 20:43:24,924 INFO c.h.h.t.HelmChartContainer - [hivemq-test-hivemq-platform] [hivemq-platform-operator] [e5dbc2d7] 20:43:24.921 [pool-6-thread-43] DEBUG c.h.p.o.dependants.PodInfoConfigMap - [helmplat] Desired PodInfo ConfigMap (1 extensions) (1 enabled)
2025-01-28 20:43:24,925 INFO c.h.h.t.HelmChartContainer - [hivemq-test-hivemq-platform] [hivemq-platform-operator] [e5dbc2d7] 20:43:24.921 [pool-6-thread-43] DEBUG c.h.p.o.dependants.PodInfoConfigMap - [helmplat] Desired PodInfo ConfigMap (metrics port: 9399) (metrics path: /)
2025-01-28 20:43:24,925 INFO c.h.h.t.HelmChartContainer - [hivemq-test-hivemq-platform] [hivemq-platform-operator] [e5dbc2d7] 20:43:24.921 [pool-6-thread-43] DEBUG c.h.p.o.dependants.PodInfoConfigMap - [helmplat] Desired PodInfo ConfigMap (extension state hash: -1817474005)
2025-01-28 20:43:24,925 INFO c.h.h.t.HelmChartContainer - [hivemq-test-hivemq-platform] [hivemq-platform-operator] [e5dbc2d7] 20:43:24.923 [pool-6-thread-46] DEBUG c.h.p.o.d.PodServiceAccountResource - [helmplat] Desired PodServiceAccountResource (serviceAccountName: hivemq-platform-pod-test-hivemq-platform)
2025-01-28 20:43:24,926 INFO c.h.h.t.HelmChartContainer - [hivemq-test-hivemq-platform] [hivemq-platform-operator] [e5dbc2d7] 20:43:24.924 [pool-6-thread-42] DEBUG c.h.p.o.d.PlatformServiceResource - [helmplat] Desired Platform services (4 services)
2025-01-28 20:43:24,934 INFO c.h.h.t.HelmChartContainer - [hivemq-test-hivemq-platform] [hivemq-platform-operator] [e5dbc2d7] 20:43:24.933 [pool-6-thread-42] DEBUG c.h.p.o.d.StatefulSetResource - [helmplat] Desired StatefulSet (1 replicas) for status STARTING (READY)
2025-01-28 20:43:24,951 INFO c.h.h.t.HelmChartContainer - [test-hivemq-platform] [hivemq] [38df94f1] WARN  - [HiveMQ Platform Operator Init App 1.7.0-SNAPSHOT] Cannot connect to Health API for readiness: null
2025-01-28 20:43:24,958 INFO c.h.h.t.HelmChartContainer - [EVENT] Warning [Unhealthy] Readiness probe failed: HTTP probe failed with statuscode: 503 [helmplatformmutualtlsit:test-hivemq-platform-0]
2025-01-28 20:43:24,958 INFO c.h.h.t.HelmChartContainer - Received Unhealthy event for container hivemq in pod test-hivemq-platform-0 [38df94f1-8444-41cf-add3-da03a2cd7eaa]
2025-01-28 20:43:25,012 INFO c.h.h.t.HelmChartContainer - [hivemq-test-hivemq-platform] [hivemq-platform-operator] [e5dbc2d7] 20:43:25.010 [ReconcilerExecutor-hivemq-controller-113] INFO  c.h.p.o.HiveMQPlatformReconciler - [helmplat] Reconciling HiveMQ Platform 'test-hivemq-platform' in namespace 'helmplatformmutualtlsit'
2025-01-28 20:43:25,012 INFO c.h.h.t.HelmChartContainer - [hivemq-test-hivemq-platform] [hivemq-platform-operator] [e5dbc2d7] 20:43:25.010 [ReconcilerExecutor-hivemq-controller-113] DEBUG c.h.p.o.HiveMQPlatformReconciler - [helmplat] Custom Resource Status STARTING - HiveMQ Platform is starting (READY)
2025-01-28 20:43:25,012 INFO c.h.h.t.HelmChartContainer - [hivemq-test-hivemq-platform] [hivemq-platform-operator] [e5dbc2d7] 20:43:25.010 [ReconcilerExecutor-hivemq-controller-113] DEBUG c.h.p.o.HiveMQPlatformReconciler - [helmplat] Custom Resource Spec (replicas: 1) (extensions: 1)
2025-01-28 20:43:25,018 INFO c.h.h.t.HelmChartContainer - [hivemq-test-hivemq-platform] [hivemq-platform-operator] [e5dbc2d7] 20:43:25.016 [ReconcilerExecutor-hivemq-controller-113] DEBUG c.h.p.o.HiveMQPlatformReconciler - [helmplat] StatefulSet Status (revision: test-hivemq-platform-b89d99bb7, replicas: 1, available: 0, ready: 0, current: 1, updated: 1)
2025-01-28 20:43:25,018 INFO c.h.h.t.HelmChartContainer - [hivemq-test-hivemq-platform] [hivemq-platform-operator] [e5dbc2d7] 20:43:25.016 [ReconcilerExecutor-hivemq-controller-113] DEBUG c.h.p.o.HiveMQPlatformReconciler - [helmplat] StatefulSet Spec (replicas: 1, init containers: 1, containers: 1, volumes: 7)
2025-01-28 20:43:25,019 INFO c.h.h.t.HelmChartContainer - [hivemq-test-hivemq-platform] [hivemq-platform-operator] [e5dbc2d7] 20:43:25.018 [ReconcilerExecutor-hivemq-controller-113] DEBUG c.h.p.o.h.HiveMQPlatformReconcilerErrorHandler - [helmplat] Pod 'test-hivemq-platform-0' phase Running
2025-01-28 20:43:25,020 INFO c.h.h.t.HelmChartContainer - [hivemq-test-hivemq-platform] [hivemq-platform-operator] [e5dbc2d7] 20:43:25.019 [ReconcilerExecutor-hivemq-controller-113] INFO  c.h.p.o.h.HiveMQPlatformReconcilerBaseHandler - [helmplat] HiveMQ Platform is starting, 0 of 1 replicas are ready
2025-01-28 20:43:25,059 INFO c.h.h.t.HelmChartContainer - [test-hivemq-platform] [hivemq] [38df94f1] WARN  - [HiveMQ Platform Operator Init App 1.7.0-SNAPSHOT] Cannot connect to Health API for liveness: null
2025-01-28 20:43:25,059 INFO c.h.h.t.HelmChartContainer - [test-hivemq-platform] [hivemq] [38df94f1] INFO  - [HiveMQ Platform Operator Init App 1.7.0-SNAPSHOT] Returning default Health API response 200 for liveness
2025-01-28 20:43:25,937 INFO c.h.h.t.HelmChartContainer - [test-hivemq-platform] [hivemq] [38df94f1] INFO  - No valid license file found. Using trial license, restricted to 25 connections.
2025-01-28 20:43:29,951 INFO c.h.h.t.HelmChartContainer - [test-hivemq-platform] [hivemq] [38df94f1] WARN  - [HiveMQ Platform Operator Init App 1.7.0-SNAPSHOT] Cannot connect to Health API for readiness: null
2025-01-28 20:43:29,955 INFO c.h.h.t.HelmChartContainer - [EVENT] Warning [Unhealthy] Readiness probe failed: HTTP probe failed with statuscode: 503 [helmplatformmutualtlsit:test-hivemq-platform-0]
2025-01-28 20:43:29,955 INFO c.h.h.t.HelmChartContainer - Received Unhealthy event for container hivemq in pod test-hivemq-platform-0 [38df94f1-8444-41cf-add3-da03a2cd7eaa]
2025-01-28 20:43:31,449 INFO c.h.h.t.HelmChartContainer - [test-hivemq-platform] [hivemq] [38df94f1] INFO  - No valid license file for Data Hub found. Using free license, restricted to 1 policy.
2025-01-28 20:43:32,563 INFO c.h.h.t.HelmChartContainer - [test-hivemq-platform] [hivemq] [38df94f1] INFO  - Audit Logger started.
2025-01-28 20:43:32,783 INFO c.h.h.t.HelmChartContainer - [test-hivemq-platform] [hivemq] [38df94f1] INFO  - This node uses '1' CPU cores.
2025-01-28 20:43:32,850 INFO c.h.h.t.HelmChartContainer - [test-hivemq-platform] [hivemq] [38df94f1] INFO  - Starting HiveMQ Health API on address 0.0.0.0 and port 8889
2025-01-28 20:43:33,550 INFO c.h.h.t.HelmChartContainer - [test-hivemq-platform] [hivemq] [38df94f1] INFO  - Started HiveMQ Health API in 700ms
2025-01-28 20:43:34,090 INFO c.h.h.t.HelmChartContainer - [test-hivemq-platform] [hivemq] [38df94f1] INFO  - Starting HiveMQ extension system.
2025-01-28 20:43:34,365 INFO c.h.h.t.HelmChartContainer - [test-hivemq-platform] [hivemq] [38df94f1] INFO  - Starting extension with id "hivemq-dns-cluster-discovery" at /opt/hivemq/extensions/hivemq-dns-cluster-discovery
2025-01-28 20:43:34,853 INFO c.h.h.t.HelmChartContainer - [test-hivemq-platform] [hivemq] [38df94f1] INFO  - Using TCP cluster transport on address 10.42.0.8 and port 7000
2025-01-28 20:43:34,861 INFO c.h.h.t.HelmChartContainer - [test-hivemq-platform] [hivemq] [38df94f1] INFO  - Using extension cluster discovery
2025-01-28 20:43:34,937 INFO c.h.h.t.HelmChartContainer - [test-hivemq-platform] [hivemq] [38df94f1] INFO  - Extension "DNS Cluster Discovery Extension" version 4.3.2 started successfully.
2025-01-28 20:43:34,937 INFO c.h.h.t.HelmChartContainer - [test-hivemq-platform] [hivemq] [38df94f1] INFO  - Starting extension with id "hivemq-prometheus-extension" at /opt/hivemq/extensions/hivemq-prometheus-extension
2025-01-28 20:43:35,028 INFO c.h.h.t.HelmChartContainer - [hivemq-test-hivemq-platform] [hivemq-platform-operator] [e5dbc2d7] 20:43:35.025 [pool-6-thread-6] DEBUG c.h.p.o.d.PlatformServiceResource - [helmplat] Desired Platform services (4 services)
2025-01-28 20:43:35,028 INFO c.h.h.t.HelmChartContainer - [hivemq-test-hivemq-platform] [hivemq-platform-operator] [e5dbc2d7] 20:43:35.026 [pool-6-thread-1] DEBUG c.h.p.o.dependants.PodInfoConfigMap - [helmplat] Desired PodInfo ConfigMap (1 extensions) (1 enabled)
2025-01-28 20:43:35,029 INFO c.h.h.t.HelmChartContainer - [hivemq-test-hivemq-platform] [hivemq-platform-operator] [e5dbc2d7] 20:43:35.029 [pool-6-thread-1] DEBUG c.h.p.o.dependants.PodInfoConfigMap - [helmplat] Desired PodInfo ConfigMap (metrics port: 9399) (metrics path: /)
2025-01-28 20:43:35,029 INFO c.h.h.t.HelmChartContainer - [hivemq-test-hivemq-platform] [hivemq-platform-operator] [e5dbc2d7] 20:43:35.029 [pool-6-thread-1] DEBUG c.h.p.o.dependants.PodInfoConfigMap - [helmplat] Desired PodInfo ConfigMap (extension state hash: -1817474005)
2025-01-28 20:43:35,030 INFO c.h.h.t.HelmChartContainer - [hivemq-test-hivemq-platform] [hivemq-platform-operator] [e5dbc2d7] 20:43:35.028 [pool-6-thread-2] DEBUG c.h.p.o.d.PodServiceAccountResource - [helmplat] Desired PodServiceAccountResource (serviceAccountName: hivemq-platform-pod-test-hivemq-platform)
2025-01-28 20:43:35,034 INFO c.h.h.t.HelmChartContainer - [hivemq-test-hivemq-platform] [hivemq-platform-operator] [e5dbc2d7] 20:43:35.033 [pool-6-thread-6] DEBUG c.h.p.o.d.StatefulSetResource - [helmplat] Desired StatefulSet (1 replicas) for status STARTING (READY)
2025-01-28 20:43:35,040 INFO c.h.h.t.HelmChartContainer - [hivemq-test-hivemq-platform] [hivemq-platform-operator] [e5dbc2d7] 20:43:35.039 [ReconcilerExecutor-hivemq-controller-114] INFO  c.h.p.o.HiveMQPlatformReconciler - [helmplat] Reconciling HiveMQ Platform 'test-hivemq-platform' in namespace 'helmplatformmutualtlsit'
2025-01-28 20:43:35,040 INFO c.h.h.t.HelmChartContainer - [hivemq-test-hivemq-platform] [hivemq-platform-operator] [e5dbc2d7] 20:43:35.039 [ReconcilerExecutor-hivemq-controller-114] DEBUG c.h.p.o.HiveMQPlatformReconciler - [helmplat] Custom Resource Status STARTING - HiveMQ Platform is starting (READY)
2025-01-28 20:43:35,040 INFO c.h.h.t.HelmChartContainer - [hivemq-test-hivemq-platform] [hivemq-platform-operator] [e5dbc2d7] 20:43:35.039 [ReconcilerExecutor-hivemq-controller-114] DEBUG c.h.p.o.HiveMQPlatformReconciler - [helmplat] Custom Resource Spec (replicas: 1) (extensions: 1)
2025-01-28 20:43:35,114 INFO c.h.h.t.HelmChartContainer - [hivemq-test-hivemq-platform] [hivemq-platform-operator] [e5dbc2d7] 20:43:35.112 [ReconcilerExecutor-hivemq-controller-114] DEBUG c.h.p.o.HiveMQPlatformReconciler - [helmplat] StatefulSet Status (revision: test-hivemq-platform-b89d99bb7, replicas: 1, available: 0, ready: 0, current: 1, updated: 1)
2025-01-28 20:43:35,115 INFO c.h.h.t.HelmChartContainer - [hivemq-test-hivemq-platform] [hivemq-platform-operator] [e5dbc2d7] 20:43:35.112 [ReconcilerExecutor-hivemq-controller-114] DEBUG c.h.p.o.HiveMQPlatformReconciler - [helmplat] StatefulSet Spec (replicas: 1, init containers: 1, containers: 1, volumes: 7)
2025-01-28 20:43:35,115 INFO c.h.h.t.HelmChartContainer - [hivemq-test-hivemq-platform] [hivemq-platform-operator] [e5dbc2d7] 20:43:35.114 [ReconcilerExecutor-hivemq-controller-114] DEBUG c.h.p.o.h.HiveMQPlatformReconcilerErrorHandler - [helmplat] Pod 'test-hivemq-platform-0' phase Running
2025-01-28 20:43:35,116 INFO c.h.h.t.HelmChartContainer - [hivemq-test-hivemq-platform] [hivemq-platform-operator] [e5dbc2d7] 20:43:35.115 [ReconcilerExecutor-hivemq-controller-114] INFO  c.h.p.o.h.HiveMQPlatformReconcilerBaseHandler - [helmplat] HiveMQ Platform is starting, 0 of 1 replicas are ready
2025-01-28 20:43:35,908 INFO c.h.h.t.HelmChartContainer - [EVENT] Warning [Unhealthy] Readiness probe failed: Get "http://10.42.0.8:7979/readiness": context deadline exceeded (Client.Timeout exceeded while awaiting headers) [helmplatformmutualtlsit:test-hivemq-platform-0]
2025-01-28 20:43:35,909 INFO c.h.h.t.HelmChartContainer - Received Unhealthy event for container hivemq in pod test-hivemq-platform-0 [38df94f1-8444-41cf-add3-da03a2cd7eaa]
2025-01-28 20:43:36,355 INFO c.h.h.t.HelmChartContainer - [test-hivemq-platform] [hivemq] [38df94f1] INFO  - [HiveMQ Platform Operator Init App 1.7.0-SNAPSHOT] Returning Health API response 503 for readiness
2025-01-28 20:43:36,460 INFO c.h.h.t.HelmChartContainer - [test-hivemq-platform] [hivemq] [38df94f1] INFO  - Started Jetty Server exposing Prometheus Servlet on URI http://0.0.0.0:9399/
2025-01-28 20:43:36,461 INFO c.h.h.t.HelmChartContainer - [test-hivemq-platform] [hivemq] [38df94f1] INFO  - Extension "Prometheus Monitoring Extension" version 4.0.12 started successfully.
2025-01-28 20:43:36,461 INFO c.h.h.t.HelmChartContainer - [test-hivemq-platform] [hivemq] [38df94f1] INFO  - Starting extension with id "hivemq-allow-all-extension" at /opt/hivemq/extensions/hivemq-allow-all-extension
2025-01-28 20:43:36,461 INFO c.h.h.t.HelmChartContainer - [test-hivemq-platform] [hivemq] [38df94f1] WARN  - 
2025-01-28 20:43:36,461 INFO c.h.h.t.HelmChartContainer - [test-hivemq-platform] [hivemq] [38df94f1] ################################################################################################################
2025-01-28 20:43:36,461 INFO c.h.h.t.HelmChartContainer - [test-hivemq-platform] [hivemq] [38df94f1] # This HiveMQ deployment is not secure! You are lacking Authentication and Authorization.                      #
2025-01-28 20:43:36,461 INFO c.h.h.t.HelmChartContainer - [test-hivemq-platform] [hivemq] [38df94f1] # Right now any MQTT client can connect to the broker with a full set of permissions.                          #
2025-01-28 20:43:36,461 INFO c.h.h.t.HelmChartContainer - [test-hivemq-platform] [hivemq] [38df94f1] # For production usage, add an appropriate security extension and remove the hivemq-allow-all extension.       #
2025-01-28 20:43:36,461 INFO c.h.h.t.HelmChartContainer - [test-hivemq-platform] [hivemq] [38df94f1] # You can download security extensions from the HiveMQ Marketplace (https://www.hivemq.com/extensions/).       #
2025-01-28 20:43:36,461 INFO c.h.h.t.HelmChartContainer - [test-hivemq-platform] [hivemq] [38df94f1] ################################################################################################################
2025-01-28 20:43:36,461 INFO c.h.h.t.HelmChartContainer - [test-hivemq-platform] [hivemq] [38df94f1] INFO  - Extension "Allow All Extension" version 1.1.1 started successfully.
2025-01-28 20:43:38,252 INFO c.h.h.t.HelmChartContainer - [test-hivemq-platform] [hivemq] [38df94f1] INFO  - tiU3F: no members discovered after 2497 ms: creating cluster as first member
2025-01-28 20:43:38,258 INFO c.h.h.t.HelmChartContainer - [test-hivemq-platform] [hivemq] [38df94f1] INFO  - Cluster nodes found by discovery: [tiU3F|0] (1) [tiU3F].
2025-01-28 20:43:38,277 INFO c.h.h.t.HelmChartContainer - [test-hivemq-platform] [hivemq] [38df94f1] WARN  - No user for HiveMQ Control Center configured. Starting with default user
2025-01-28 20:43:38,277 INFO c.h.h.t.HelmChartContainer - [test-hivemq-platform] [hivemq] [38df94f1] INFO  - Starting HiveMQ Control Center on address 127.0.0.1 and port 8080
2025-01-28 20:43:38,278 INFO c.h.h.t.HelmChartContainer - [test-hivemq-platform] [hivemq] [38df94f1] INFO  - Mounting HiveMQ Control Center V2 Preview
2025-01-28 20:43:38,954 INFO c.h.h.t.HelmChartContainer - [test-hivemq-platform] [hivemq] [38df94f1] INFO  - Started HiveMQ Control Center in 677ms
2025-01-28 20:43:38,968 INFO c.h.h.t.HelmChartContainer - [test-hivemq-platform] [hivemq] [38df94f1] INFO  - Starting TCP listener on address 0.0.0.0 and port 1883
2025-01-28 20:43:39,672 INFO c.h.h.t.HelmChartContainer - [test-hivemq-platform] [hivemq] [38df94f1] INFO  - Enabled protocols for TCP Listener with TLS at address 0.0.0.0 and port 1884: [TLSv1.3, TLSv1.2]
2025-01-28 20:43:39,672 INFO c.h.h.t.HelmChartContainer - [test-hivemq-platform] [hivemq] [38df94f1] INFO  - Enabled cipher suites for TCP Listener with TLS at address 0.0.0.0 and port 1884: [TLS_ECDHE_ECDSA_WITH_AES_256_GCM_SHA384, TLS_ECDHE_ECDSA_WITH_AES_128_GCM_SHA256, TLS_ECDHE_RSA_WITH_AES_128_GCM_SHA256, TLS_ECDHE_RSA_WITH_AES_256_GCM_SHA384, TLS_ECDHE_RSA_WITH_AES_128_CBC_SHA, TLS_ECDHE_RSA_WITH_AES_256_CBC_SHA, TLS_RSA_WITH_AES_128_GCM_SHA256, TLS_RSA_WITH_AES_128_CBC_SHA, TLS_RSA_WITH_AES_256_CBC_SHA, TLS_AES_128_GCM_SHA256, TLS_AES_256_GCM_SHA384]
2025-01-28 20:43:39,673 INFO c.h.h.t.HelmChartContainer - [test-hivemq-platform] [hivemq] [38df94f1] INFO  - Starting TLS TCP listener on address 0.0.0.0 and port 1884
2025-01-28 20:43:39,857 INFO c.h.h.t.HelmChartContainer - [test-hivemq-platform] [hivemq] [38df94f1] INFO  - Enabled protocols for TCP Listener with TLS at address 0.0.0.0 and port 1885: [TLSv1.3, TLSv1.2]
2025-01-28 20:43:39,857 INFO c.h.h.t.HelmChartContainer - [test-hivemq-platform] [hivemq] [38df94f1] INFO  - Enabled cipher suites for TCP Listener with TLS at address 0.0.0.0 and port 1885: [TLS_ECDHE_ECDSA_WITH_AES_256_GCM_SHA384, TLS_ECDHE_ECDSA_WITH_AES_128_GCM_SHA256, TLS_ECDHE_RSA_WITH_AES_128_GCM_SHA256, TLS_ECDHE_RSA_WITH_AES_256_GCM_SHA384, TLS_ECDHE_RSA_WITH_AES_128_CBC_SHA, TLS_ECDHE_RSA_WITH_AES_256_CBC_SHA, TLS_RSA_WITH_AES_128_GCM_SHA256, TLS_RSA_WITH_AES_128_CBC_SHA, TLS_RSA_WITH_AES_256_CBC_SHA, TLS_AES_128_GCM_SHA256, TLS_AES_256_GCM_SHA384]
2025-01-28 20:43:39,857 INFO c.h.h.t.HelmChartContainer - [test-hivemq-platform] [hivemq] [38df94f1] INFO  - Starting TLS TCP listener on address 0.0.0.0 and port 1885
2025-01-28 20:43:39,858 INFO c.h.h.t.HelmChartContainer - [test-hivemq-platform] [hivemq] [38df94f1] INFO  - Started TCP Listener on address 0.0.0.0 and on port 1883.
2025-01-28 20:43:39,858 INFO c.h.h.t.HelmChartContainer - [test-hivemq-platform] [hivemq] [38df94f1] INFO  - Started TCP Listener with TLS on address 0.0.0.0 and on port 1884.
2025-01-28 20:43:39,858 INFO c.h.h.t.HelmChartContainer - [test-hivemq-platform] [hivemq] [38df94f1] INFO  - Started TCP Listener with TLS on address 0.0.0.0 and on port 1885.
2025-01-28 20:43:39,858 INFO c.h.h.t.HelmChartContainer - [test-hivemq-platform] [hivemq] [38df94f1] INFO  - Started HiveMQ in 34095ms
2025-01-28 20:43:39,951 INFO c.h.h.t.HelmChartContainer - [test-hivemq-platform] [hivemq] [38df94f1] INFO  - [HiveMQ Platform Operator Init App 1.7.0-SNAPSHOT] Returning Health API response 200 for readiness
2025-01-28 20:43:39,968 INFO c.h.h.t.HelmChartContainer - [POD] test-hivemq-platform-0 [38df94f1-8444-41cf-add3-da03a2cd7eaa] in helmplatformmutualtlsit was MODIFIED
2025-01-28 20:43:39,985 INFO c.h.h.t.HelmChartContainer - [hivemq-test-hivemq-platform] [hivemq-platform-operator] [e5dbc2d7] 20:43:39.980 [pool-6-thread-15] DEBUG c.h.p.o.d.PlatformServiceResource - [helmplat] Desired Platform services (4 services)
2025-01-28 20:43:40,002 INFO c.h.h.t.HelmChartContainer - [hivemq-test-hivemq-platform] [hivemq-platform-operator] [e5dbc2d7] 20:43:39.999 [pool-6-thread-19] DEBUG c.h.p.o.dependants.PodInfoConfigMap - [helmplat] Desired PodInfo ConfigMap (1 extensions) (1 enabled)
2025-01-28 20:43:40,002 INFO c.h.h.t.HelmChartContainer - [hivemq-test-hivemq-platform] [hivemq-platform-operator] [e5dbc2d7] 20:43:39.999 [pool-6-thread-19] DEBUG c.h.p.o.dependants.PodInfoConfigMap - [helmplat] Desired PodInfo ConfigMap (metrics port: 9399) (metrics path: /)
2025-01-28 20:43:40,002 INFO c.h.h.t.HelmChartContainer - [hivemq-test-hivemq-platform] [hivemq-platform-operator] [e5dbc2d7] 20:43:39.999 [pool-6-thread-19] DEBUG c.h.p.o.dependants.PodInfoConfigMap - [helmplat] Desired PodInfo ConfigMap (extension state hash: -1817474005)
2025-01-28 20:43:40,014 INFO c.h.h.t.HelmChartContainer - [hivemq-test-hivemq-platform] [hivemq-platform-operator] [e5dbc2d7] 20:43:40.011 [pool-6-thread-19] DEBUG c.h.p.o.d.PodServiceAccountResource - [helmplat] Desired PodServiceAccountResource (serviceAccountName: hivemq-platform-pod-test-hivemq-platform)
2025-01-28 20:43:40,015 INFO c.h.h.t.HelmChartContainer - [hivemq-test-hivemq-platform] [hivemq-platform-operator] [e5dbc2d7] 20:43:40.014 [pool-6-thread-17] DEBUG c.h.p.o.d.StatefulSetResource - [helmplat] Desired StatefulSet (1 replicas) for status STARTING (READY)
2025-01-28 20:43:40,021 INFO c.h.h.t.HelmChartContainer - [hivemq-test-hivemq-platform] [hivemq-platform-operator] [e5dbc2d7] 20:43:40.020 [ReconcilerExecutor-hivemq-controller-115] INFO  c.h.p.o.HiveMQPlatformReconciler - [helmplat] Reconciling HiveMQ Platform 'test-hivemq-platform' in namespace 'helmplatformmutualtlsit'
2025-01-28 20:43:40,022 INFO c.h.h.t.HelmChartContainer - [hivemq-test-hivemq-platform] [hivemq-platform-operator] [e5dbc2d7] 20:43:40.020 [ReconcilerExecutor-hivemq-controller-115] DEBUG c.h.p.o.HiveMQPlatformReconciler - [helmplat] Custom Resource Status STARTING - HiveMQ Platform is starting (READY)
2025-01-28 20:43:40,023 INFO c.h.h.t.HelmChartContainer - [hivemq-test-hivemq-platform] [hivemq-platform-operator] [e5dbc2d7] 20:43:40.020 [ReconcilerExecutor-hivemq-controller-115] DEBUG c.h.p.o.HiveMQPlatformReconciler - [helmplat] Custom Resource Spec (replicas: 1) (extensions: 1)
2025-01-28 20:43:40,023 INFO c.h.h.t.HelmChartContainer - [hivemq-test-hivemq-platform] [hivemq-platform-operator] [e5dbc2d7] 20:43:40.023 [ReconcilerExecutor-hivemq-controller-115] DEBUG c.h.p.o.HiveMQPlatformReconciler - [helmplat] StatefulSet Status (revision: test-hivemq-platform-b89d99bb7, replicas: 1, available: 1, ready: 1, current: 1, updated: 1)
2025-01-28 20:43:40,023 INFO c.h.h.t.HelmChartContainer - [hivemq-test-hivemq-platform] [hivemq-platform-operator] [e5dbc2d7] 20:43:40.023 [ReconcilerExecutor-hivemq-controller-115] DEBUG c.h.p.o.HiveMQPlatformReconciler - [helmplat] StatefulSet Spec (replicas: 1, init containers: 1, containers: 1, volumes: 7)
2025-01-28 20:43:40,026 INFO c.h.h.t.HelmChartContainer - [hivemq-test-hivemq-platform] [hivemq-platform-operator] [e5dbc2d7] 20:43:40.025 [ReconcilerExecutor-hivemq-controller-115] DEBUG c.h.p.o.h.HiveMQPlatformReconcilerErrorHandler - [helmplat] Pod 'test-hivemq-platform-0' phase Running
2025-01-28 20:43:40,027 INFO c.h.h.t.HelmChartContainer - [hivemq-test-hivemq-platform] [hivemq-platform-operator] [e5dbc2d7] 20:43:40.026 [ReconcilerExecutor-hivemq-controller-115] INFO  c.h.p.o.h.HiveMQPlatformReconcilerBaseHandler - [helmplat] HiveMQ Platform started successfully
2025-01-28 20:43:40,128 INFO c.h.h.t.HelmChartContainer - [hivemq-test-hivemq-platform] [hivemq-platform-operator] [e5dbc2d7] 20:43:40.126 [ReconcilerExecutor-hivemq-controller-115] DEBUG c.h.p.operator.event.EventSender - [helmplat] Creating K8s event hivemq-platform-ready: [Ready] HiveMQ Platform is ready
2025-01-28 20:43:40,133 INFO c.h.h.t.HelmChartContainer - [EVENT] Normal [Ready] HiveMQ Platform is ready [helmplatformmutualtlsit:test-hivemq-platform]
2025-01-28 20:43:40,200 INFO c.h.h.t.HelmChartContainer - [hivemq-test-hivemq-platform] [hivemq-platform-operator] [e5dbc2d7] 20:43:40.198 [ReconcilerExecutor-hivemq-controller-115] INFO  c.h.p.o.h.AbstractHiveMQReconcilerStateHandler - [helmplat] Update HiveMQ Platform Status (STARTING [READY] -> RUNNING [READY]): HiveMQ Platform is ready
2025-01-28 20:43:40,207 DEBUG com.hivemq.helmcharts.util.K8sUtil - Comparing actual state 'RUNNING' and waiting for 'RUNNING'
2025-01-28 20:43:40,219 INFO c.h.h.t.HelmChartContainer - [hivemq-test-hivemq-platform] [hivemq-platform-operator] [e5dbc2d7] 20:43:40.216 [pool-6-thread-23] DEBUG c.h.p.o.d.PlatformServiceResource - [helmplat] Desired Platform services (4 services)
2025-01-28 20:43:40,220 INFO c.h.h.t.HelmChartContainer - [hivemq-test-hivemq-platform] [hivemq-platform-operator] [e5dbc2d7] 20:43:40.218 [pool-6-thread-27] DEBUG c.h.p.o.dependants.PodInfoConfigMap - [helmplat] Desired PodInfo ConfigMap (1 extensions) (1 enabled)
2025-01-28 20:43:40,220 INFO c.h.h.t.HelmChartContainer - [hivemq-test-hivemq-platform] [hivemq-platform-operator] [e5dbc2d7] 20:43:40.218 [pool-6-thread-27] DEBUG c.h.p.o.dependants.PodInfoConfigMap - [helmplat] Desired PodInfo ConfigMap (metrics port: 9399) (metrics path: /)
2025-01-28 20:43:40,220 INFO c.h.h.t.HelmChartContainer - [hivemq-test-hivemq-platform] [hivemq-platform-operator] [e5dbc2d7] 20:43:40.218 [pool-6-thread-27] DEBUG c.h.p.o.dependants.PodInfoConfigMap - [helmplat] Desired PodInfo ConfigMap (extension state hash: -1817474005)
2025-01-28 20:43:40,221 INFO c.h.h.t.HelmChartContainer - [hivemq-test-hivemq-platform] [hivemq-platform-operator] [e5dbc2d7] 20:43:40.219 [pool-6-thread-27] DEBUG c.h.p.o.dependants.PodInfoConfigMap - [helmplat] Update PodInfo ConfigMap
2025-01-28 20:43:40,222 INFO c.h.h.t.HelmChartContainer - [hivemq-test-hivemq-platform] [hivemq-platform-operator] [e5dbc2d7] 20:43:40.219 [pool-6-thread-21] DEBUG c.h.p.o.d.PodServiceAccountResource - [helmplat] Desired PodServiceAccountResource (serviceAccountName: hivemq-platform-pod-test-hivemq-platform)
2025-01-28 20:43:40,248 INFO c.h.h.p.HelmPlatformMutualTlsIT - Connecting to MQTT listener with no mTLS/SSL on port 1883
2025-01-28 20:43:40,337 INFO c.h.h.t.HelmChartContainer - [hivemq-test-hivemq-platform] [hivemq-platform-operator] [e5dbc2d7] 20:43:40.328 [pool-6-thread-27] DEBUG c.h.p.o.d.StatefulSetResource - [helmplat] Desired StatefulSet (1 replicas) for status RUNNING (READY)
2025-01-28 20:43:40,337 INFO c.h.h.t.HelmChartContainer - [hivemq-test-hivemq-platform] [hivemq-platform-operator] [e5dbc2d7] 20:43:40.334 [ReconcilerExecutor-hivemq-controller-116] INFO  c.h.p.o.HiveMQPlatformReconciler - [helmplat] Reconciling HiveMQ Platform 'test-hivemq-platform' in namespace 'helmplatformmutualtlsit'
2025-01-28 20:43:40,337 INFO c.h.h.t.HelmChartContainer - [hivemq-test-hivemq-platform] [hivemq-platform-operator] [e5dbc2d7] 20:43:40.335 [ReconcilerExecutor-hivemq-controller-116] DEBUG c.h.p.o.HiveMQPlatformReconciler - [helmplat] Custom Resource Status RUNNING - HiveMQ Platform is ready (READY)
2025-01-28 20:43:40,338 INFO c.h.h.t.HelmChartContainer - [hivemq-test-hivemq-platform] [hivemq-platform-operator] [e5dbc2d7] 20:43:40.335 [ReconcilerExecutor-hivemq-controller-116] DEBUG c.h.p.o.HiveMQPlatformReconciler - [helmplat] Custom Resource Spec (replicas: 1) (extensions: 1)
2025-01-28 20:43:40,417 INFO c.h.h.t.HelmChartContainer - [hivemq-test-hivemq-platform] [hivemq-platform-operator] [e5dbc2d7] 20:43:40.411 [ReconcilerExecutor-hivemq-controller-116] DEBUG c.h.p.o.HiveMQPlatformReconciler - [helmplat] StatefulSet Status (revision: test-hivemq-platform-b89d99bb7, replicas: 1, available: 1, ready: 1, current: 1, updated: 1)
2025-01-28 20:43:40,417 INFO c.h.h.t.HelmChartContainer - [hivemq-test-hivemq-platform] [hivemq-platform-operator] [e5dbc2d7] 20:43:40.412 [ReconcilerExecutor-hivemq-controller-116] DEBUG c.h.p.o.HiveMQPlatformReconciler - [helmplat] StatefulSet Spec (replicas: 1, init containers: 1, containers: 1, volumes: 7)
2025-01-28 20:43:40,420 INFO c.h.h.t.HelmChartContainer - [hivemq-test-hivemq-platform] [hivemq-platform-operator] [e5dbc2d7] 20:43:40.419 [ReconcilerExecutor-hivemq-controller-116] DEBUG c.h.p.o.h.HiveMQPlatformReconcilerErrorHandler - [helmplat] Pod 'test-hivemq-platform-0' phase Running
2025-01-28 20:43:43,580 INFO c.h.h.p.HelmPlatformMutualTlsIT - Connecting to MQTT listener mTLS/SSL on port 1884
2025-01-28 20:43:46,504 INFO c.h.h.p.HelmPlatformMutualTlsIT - Connecting to MQTT listener mTLS/SSL on port 1885
2025-01-28 20:43:49,250 INFO c.h.h.t.HelmChartContainer - Uninstalling release 'test-hivemq-platform' in namespace 'helmplatformmutualtlsit'...
2025-01-28 20:43:49,250 DEBUG c.h.h.t.HelmChartContainer - Executing helm command: /bin/helm --kubeconfig /etc/rancher/k3s/k3s.yaml uninstall test-hivemq-platform  --wait --timeout 5m0s --cascade foreground --namespace helmplatformmutualtlsit
2025-01-28 20:43:49,441 INFO c.h.h.t.HelmChartContainer - [hivemq-test-hivemq-platform] [hivemq-platform-operator] [e5dbc2d7] 20:43:49.440 [pool-6-thread-31] DEBUG c.h.p.o.d.PlatformServiceResource - [helmplat] Desired Platform services (4 services)
2025-01-28 20:43:49,446 INFO c.h.h.t.HelmChartContainer - [hivemq-test-hivemq-platform] [hivemq-platform-operator] [e5dbc2d7] 20:43:49.443 [pool-6-thread-34] DEBUG c.h.p.o.dependants.PodInfoConfigMap - [helmplat] Desired PodInfo ConfigMap (1 extensions) (1 enabled)
2025-01-28 20:43:49,446 INFO c.h.h.t.HelmChartContainer - [hivemq-test-hivemq-platform] [hivemq-platform-operator] [e5dbc2d7] 20:43:49.443 [pool-6-thread-34] DEBUG c.h.p.o.dependants.PodInfoConfigMap - [helmplat] Desired PodInfo ConfigMap (metrics port: 9399) (metrics path: /)
2025-01-28 20:43:49,446 INFO c.h.h.t.HelmChartContainer - [hivemq-test-hivemq-platform] [hivemq-platform-operator] [e5dbc2d7] 20:43:49.443 [pool-6-thread-34] DEBUG c.h.p.o.dependants.PodInfoConfigMap - [helmplat] Desired PodInfo ConfigMap (extension state hash: -1817474005)
2025-01-28 20:43:49,446 INFO c.h.h.t.HelmChartContainer - [hivemq-test-hivemq-platform] [hivemq-platform-operator] [e5dbc2d7] 20:43:49.444 [pool-6-thread-36] DEBUG c.h.p.o.d.PodServiceAccountResource - [helmplat] Desired PodServiceAccountResource (serviceAccountName: hivemq-platform-pod-test-hivemq-platform)
2025-01-28 20:43:49,527 INFO c.h.h.t.HelmChartContainer - [hivemq-test-hivemq-platform] [hivemq-platform-operator] [e5dbc2d7] 20:43:49.520 [pool-6-thread-31] DEBUG c.h.p.o.d.StatefulSetResource - [helmplat] Desired StatefulSet (1 replicas) for status RUNNING (READY)
2025-01-28 20:43:49,622 INFO c.h.h.t.HelmChartContainer - [hivemq-test-hivemq-platform] [hivemq-platform-operator] [e5dbc2d7] 20:43:49.617 [pool-6-thread-31] DEBUG c.h.p.o.d.StatefulSetResource - [helmplat] Update StatefulSet (replicas: 1 -> 1)
2025-01-28 20:43:49,623 INFO c.h.h.t.HelmChartContainer - [hivemq-test-hivemq-platform] [hivemq-platform-operator] [e5dbc2d7] 20:43:49.618 [pool-6-thread-31] DEBUG c.h.p.o.d.StatefulSetResource - [helmplat] Detected change in StatefulSet specification (path: /template/metadata/annotations/kubernetes-resource-versions) (actual value: {env-var-secret-mqtts-keystore-password-1885=771, broker-configuration-v2=-1662106515, env-var-secret-mqtts-truststore-password-1885=774}) (target value: {env-var-secret-mqtts-keystore-password-1885=771, broker-configuration-v2=0, env-var-secret-mqtts-truststore-password-1885=774})
2025-01-28 20:43:49,623 INFO c.h.h.t.HelmChartContainer - [hivemq-test-hivemq-platform] [hivemq-platform-operator] [e5dbc2d7] 20:43:49.618 [pool-6-thread-31] INFO  c.h.p.o.d.StatefulSetResource - [helmplat] StatefulSet spec was updated, triggering rolling restart
2025-01-28 20:43:49,718 INFO c.h.h.t.HelmChartContainer - [hivemq-test-hivemq-platform] [hivemq-platform-operator] [e5dbc2d7] 20:43:49.717 [ReconcilerExecutor-hivemq-controller-117] INFO  c.h.p.o.HiveMQPlatformReconciler - [helmplat] Reconciling HiveMQ Platform 'test-hivemq-platform' in namespace 'helmplatformmutualtlsit'
2025-01-28 20:43:49,720 INFO c.h.h.t.HelmChartContainer - [hivemq-test-hivemq-platform] [hivemq-platform-operator] [e5dbc2d7] 20:43:49.717 [ReconcilerExecutor-hivemq-controller-117] DEBUG c.h.p.o.HiveMQPlatformReconciler - [helmplat] Custom Resource Status RUNNING - HiveMQ Platform is ready (READY) (reconciliation requests: ROLLING_RESTART, REQUESTS_UPDATED)
2025-01-28 20:43:49,720 INFO c.h.h.t.HelmChartContainer - [hivemq-test-hivemq-platform] [hivemq-platform-operator] [e5dbc2d7] 20:43:49.717 [ReconcilerExecutor-hivemq-controller-117] DEBUG c.h.p.o.HiveMQPlatformReconciler - [helmplat] Custom Resource Spec (replicas: 1) (extensions: 1)
2025-01-28 20:43:49,720 INFO c.h.h.t.HelmChartContainer - [hivemq-test-hivemq-platform] [hivemq-platform-operator] [e5dbc2d7] 20:43:49.717 [ReconcilerExecutor-hivemq-controller-117] WARN  c.h.p.o.h.HiveMQPlatformReconcilerErrorHandler - [helmplat] Could not find ConfigMap 'hivemq-configuration-test-hivemq-platform' for HiveMQ Platform configuration
2025-01-28 20:43:49,819 INFO c.h.h.t.HelmChartContainer - [hivemq-test-hivemq-platform] [hivemq-platform-operator] [e5dbc2d7] 20:43:49.818 [ReconcilerExecutor-hivemq-controller-117] DEBUG c.h.p.operator.event.EventSender - [helmplat] Creating K8s event hivemq-platform-invalid-configuration: [Start] Could not find ConfigMap 'hivemq-configuration-test-hivemq-platform' for HiveMQ Platform configuration
2025-01-28 20:43:49,824 INFO c.h.h.t.HelmChartContainer - [EVENT] Warning [Start] Could not find ConfigMap 'hivemq-configuration-test-hivemq-platform' for HiveMQ Platform configuration [helmplatformmutualtlsit:test-hivemq-platform]
2025-01-28 20:43:49,825 INFO c.h.h.t.HelmChartContainer - [hivemq-test-hivemq-platform] [hivemq-platform-operator] [e5dbc2d7] 20:43:49.824 [ReconcilerExecutor-hivemq-controller-117] INFO  c.h.p.o.h.AbstractHiveMQReconcilerStateHandler - [helmplat] Update HiveMQ Platform Status (RUNNING [READY] -> ERROR [INVALID_CONFIG_MAP]): Could not find ConfigMap 'hivemq-configuration-test-hivemq-platform' for HiveMQ Platform configuration (reconciliation requests: ROLLING_RESTART)
2025-01-28 20:43:49,913 INFO c.h.h.t.HelmChartContainer - [hivemq-test-hivemq-platform] [hivemq-platform-operator] [e5dbc2d7] 20:43:49.833 [ReconcilerExecutor-hivemq-controller-117] ERROR i.j.o.p.event.EventProcessor - Error during event processing ExecutionScope{ resource id: ResourceID{name='test-hivemq-platform', namespace='helmplatformmutualtlsit'}, version: 874}
2025-01-28 20:43:49,914 INFO c.h.h.t.HelmChartContainer - [hivemq-test-hivemq-platform] [hivemq-platform-operator] [e5dbc2d7] io.fabric8.kubernetes.client.KubernetesClientException: Failure executing: PUT at: https://10.43.0.1:443/apis/hivemq.com/v1/namespaces/helmplatformmutualtlsit/hivemq-platforms/test-hivemq-platform/status. Message: Operation cannot be fulfilled on hivemq-platforms.hivemq.com "test-hivemq-platform": the object has been modified; please apply your changes to the latest version and try again. Received status: Status(apiVersion=v1, code=409, details=StatusDetails(causes=[], group=hivemq.com, kind=hivemq-platforms, name=test-hivemq-platform, retryAfterSeconds=null, uid=null, additionalProperties={}), kind=Status, message=Operation cannot be fulfilled on hivemq-platforms.hivemq.com "test-hivemq-platform": the object has been modified; please apply your changes to the latest version and try again, metadata=ListMeta(_continue=null, remainingItemCount=null, resourceVersion=null, selfLink=null, additionalProperties={}), reason=Conflict, status=Failure, additionalProperties={}).
2025-01-28 20:43:49,914 INFO c.h.h.t.HelmChartContainer - [hivemq-test-hivemq-platform] [hivemq-platform-operator] [e5dbc2d7] 	at io.fabric8.kubernetes.client.KubernetesClientException.copyAsCause(KubernetesClientException.java:238)
2025-01-28 20:43:49,914 INFO c.h.h.t.HelmChartContainer - [hivemq-test-hivemq-platform] [hivemq-platform-operator] [e5dbc2d7] 	at io.fabric8.kubernetes.client.dsl.internal.OperationSupport.waitForResult(OperationSupport.java:507)
2025-01-28 20:43:49,914 INFO c.h.h.t.HelmChartContainer - [hivemq-test-hivemq-platform] [hivemq-platform-operator] [e5dbc2d7] 	at io.fabric8.kubernetes.client.dsl.internal.OperationSupport.handleResponse(OperationSupport.java:524)
2025-01-28 20:43:49,914 INFO c.h.h.t.HelmChartContainer - [hivemq-test-hivemq-platform] [hivemq-platform-operator] [e5dbc2d7] 	at io.fabric8.kubernetes.client.dsl.internal.OperationSupport.handleUpdate(OperationSupport.java:358)
2025-01-28 20:43:49,914 INFO c.h.h.t.HelmChartContainer - [hivemq-test-hivemq-platform] [hivemq-platform-operator] [e5dbc2d7] 	at io.fabric8.kubernetes.client.dsl.internal.BaseOperation.handleUpdate(BaseOperation.java:759)
2025-01-28 20:43:49,914 INFO c.h.h.t.HelmChartContainer - [hivemq-test-hivemq-platform] [hivemq-platform-operator] [e5dbc2d7] 	at io.fabric8.kubernetes.client.dsl.internal.HasMetadataOperation.update(HasMetadataOperation.java:138)
2025-01-28 20:43:49,914 INFO c.h.h.t.HelmChartContainer - [hivemq-test-hivemq-platform] [hivemq-platform-operator] [e5dbc2d7] 	at io.fabric8.kubernetes.client.dsl.internal.HasMetadataOperation.update(HasMetadataOperation.java:121)
2025-01-28 20:43:49,914 INFO c.h.h.t.HelmChartContainer - [hivemq-test-hivemq-platform] [hivemq-platform-operator] [e5dbc2d7] 	at io.fabric8.kubernetes.client.dsl.internal.HasMetadataOperation.updateStatus(HasMetadataOperation.java:126)
2025-01-28 20:43:49,914 INFO c.h.h.t.HelmChartContainer - [hivemq-test-hivemq-platform] [hivemq-platform-operator] [e5dbc2d7] 	at io.fabric8.kubernetes.client.dsl.internal.HasMetadataOperation.updateStatus(HasMetadataOperation.java:44)
2025-01-28 20:43:49,914 INFO c.h.h.t.HelmChartContainer - [hivemq-test-hivemq-platform] [hivemq-platform-operator] [e5dbc2d7] 	at io.javaoperatorsdk.operator.processing.event.ReconciliationDispatcher$CustomResourceFacade.updateStatus(ReconciliationDispatcher.java:408)
2025-01-28 20:43:49,914 INFO c.h.h.t.HelmChartContainer - [hivemq-test-hivemq-platform] [hivemq-platform-operator] [e5dbc2d7] 	at io.javaoperatorsdk.operator.processing.event.ReconciliationDispatcher.updateStatusGenerationAware(ReconciliationDispatcher.java:228)
2025-01-28 20:43:49,914 INFO c.h.h.t.HelmChartContainer - [hivemq-test-hivemq-platform] [hivemq-platform-operator] [e5dbc2d7] 	at io.javaoperatorsdk.operator.processing.event.ReconciliationDispatcher.reconcileExecution(ReconciliationDispatcher.java:150)
2025-01-28 20:43:49,914 INFO c.h.h.t.HelmChartContainer - [hivemq-test-hivemq-platform] [hivemq-platform-operator] [e5dbc2d7] 	at io.javaoperatorsdk.operator.processing.event.ReconciliationDispatcher.handleReconcile(ReconciliationDispatcher.java:117)
2025-01-28 20:43:49,914 INFO c.h.h.t.HelmChartContainer - [hivemq-test-hivemq-platform] [hivemq-platform-operator] [e5dbc2d7] 	at io.javaoperatorsdk.operator.processing.event.ReconciliationDispatcher.handleDispatch(ReconciliationDispatcher.java:91)
2025-01-28 20:43:49,914 INFO c.h.h.t.HelmChartContainer - [hivemq-test-hivemq-platform] [hivemq-platform-operator] [e5dbc2d7] 	at io.javaoperatorsdk.operator.processing.event.ReconciliationDispatcher.handleExecution(ReconciliationDispatcher.java:64)
2025-01-28 20:43:49,914 INFO c.h.h.t.HelmChartContainer - [hivemq-test-hivemq-platform] [hivemq-platform-operator] [e5dbc2d7] 	at io.javaoperatorsdk.operator.processing.event.EventProcessor$ReconcilerExecutor.run(EventProcessor.java:452)
2025-01-28 20:43:49,914 INFO c.h.h.t.HelmChartContainer - [hivemq-test-hivemq-platform] [hivemq-platform-operator] [e5dbc2d7] 	at java.base/java.util.concurrent.ThreadPoolExecutor.runWorker(Unknown Source)
2025-01-28 20:43:49,914 INFO c.h.h.t.HelmChartContainer - [hivemq-test-hivemq-platform] [hivemq-platform-operator] [e5dbc2d7] 	at java.base/java.util.concurrent.ThreadPoolExecutor$Worker.run(Unknown Source)
2025-01-28 20:43:49,914 INFO c.h.h.t.HelmChartContainer - [hivemq-test-hivemq-platform] [hivemq-platform-operator] [e5dbc2d7] 	at java.base/java.lang.Thread.run(Unknown Source)
2025-01-28 20:43:49,916 INFO c.h.h.t.HelmChartContainer - [hivemq-test-hivemq-platform] [hivemq-platform-operator] [e5dbc2d7] Caused by: io.fabric8.kubernetes.client.KubernetesClientException: Failure executing: PUT at: https://10.43.0.1:443/apis/hivemq.com/v1/namespaces/helmplatformmutualtlsit/hivemq-platforms/test-hivemq-platform/status. Message: Operation cannot be fulfilled on hivemq-platforms.hivemq.com "test-hivemq-platform": the object has been modified; please apply your changes to the latest version and try again. Received status: Status(apiVersion=v1, code=409, details=StatusDetails(causes=[], group=hivemq.com, kind=hivemq-platforms, name=test-hivemq-platform, retryAfterSeconds=null, uid=null, additionalProperties={}), kind=Status, message=Operation cannot be fulfilled on hivemq-platforms.hivemq.com "test-hivemq-platform": the object has been modified; please apply your changes to the latest version and try again, metadata=ListMeta(_continue=null, remainingItemCount=null, resourceVersion=null, selfLink=null, additionalProperties={}), reason=Conflict, status=Failure, additionalProperties={}).
2025-01-28 20:43:49,916 INFO c.h.h.t.HelmChartContainer - [hivemq-test-hivemq-platform] [hivemq-platform-operator] [e5dbc2d7] 	at io.fabric8.kubernetes.client.dsl.internal.OperationSupport.requestFailure(OperationSupport.java:660)
2025-01-28 20:43:49,916 INFO c.h.h.t.HelmChartContainer - [hivemq-test-hivemq-platform] [hivemq-platform-operator] [e5dbc2d7] 	at io.fabric8.kubernetes.client.dsl.internal.OperationSupport.requestFailure(OperationSupport.java:640)
2025-01-28 20:43:49,916 INFO c.h.h.t.HelmChartContainer - [hivemq-test-hivemq-platform] [hivemq-platform-operator] [e5dbc2d7] 	at io.fabric8.kubernetes.client.dsl.internal.OperationSupport.assertResponseCode(OperationSupport.java:589)
2025-01-28 20:43:49,916 INFO c.h.h.t.HelmChartContainer - [hivemq-test-hivemq-platform] [hivemq-platform-operator] [e5dbc2d7] 	at io.fabric8.kubernetes.client.dsl.internal.OperationSupport.lambda$handleResponse$0(OperationSupport.java:549)
2025-01-28 20:43:49,916 INFO c.h.h.t.HelmChartContainer - [hivemq-test-hivemq-platform] [hivemq-platform-operator] [e5dbc2d7] 	at java.base/java.util.concurrent.CompletableFuture$UniApply.tryFire(Unknown Source)
2025-01-28 20:43:49,916 INFO c.h.h.t.HelmChartContainer - [hivemq-test-hivemq-platform] [hivemq-platform-operator] [e5dbc2d7] 	at java.base/java.util.concurrent.CompletableFuture.postComplete(Unknown Source)
2025-01-28 20:43:49,916 INFO c.h.h.t.HelmChartContainer - [hivemq-test-hivemq-platform] [hivemq-platform-operator] [e5dbc2d7] 	at java.base/java.util.concurrent.CompletableFuture.complete(Unknown Source)
2025-01-28 20:43:49,916 INFO c.h.h.t.HelmChartContainer - [hivemq-test-hivemq-platform] [hivemq-platform-operator] [e5dbc2d7] 	at io.fabric8.kubernetes.client.http.StandardHttpClient.lambda$completeOrCancel$10(StandardHttpClient.java:141)
2025-01-28 20:43:49,916 INFO c.h.h.t.HelmChartContainer - [hivemq-test-hivemq-platform] [hivemq-platform-operator] [e5dbc2d7] 	at java.base/java.util.concurrent.CompletableFuture.uniWhenComplete(Unknown Source)
2025-01-28 20:43:49,916 INFO c.h.h.t.HelmChartContainer - [hivemq-test-hivemq-platform] [hivemq-platform-operator] [e5dbc2d7] 	at java.base/java.util.concurrent.CompletableFuture$UniWhenComplete.tryFire(Unknown Source)
2025-01-28 20:43:49,916 INFO c.h.h.t.HelmChartContainer - [hivemq-test-hivemq-platform] [hivemq-platform-operator] [e5dbc2d7] 	at java.base/java.util.concurrent.CompletableFuture.postComplete(Unknown Source)
2025-01-28 20:43:49,919 INFO c.h.h.t.HelmChartContainer - [hivemq-test-hivemq-platform] [hivemq-platform-operator] [e5dbc2d7] 	at java.base/java.util.concurrent.CompletableFuture.complete(Unknown Source)
2025-01-28 20:43:49,920 INFO c.h.h.t.HelmChartContainer - [hivemq-test-hivemq-platform] [hivemq-platform-operator] [e5dbc2d7] 	at io.fabric8.kubernetes.client.http.ByteArrayBodyHandler.onBodyDone(ByteArrayBodyHandler.java:51)
2025-01-28 20:43:49,921 INFO c.h.h.t.HelmChartContainer - [hivemq-test-hivemq-platform] [hivemq-platform-operator] [e5dbc2d7] 	at java.base/java.util.concurrent.CompletableFuture.uniWhenComplete(Unknown Source)
2025-01-28 20:43:49,921 INFO c.h.h.t.HelmChartContainer - [hivemq-test-hivemq-platform] [hivemq-platform-operator] [e5dbc2d7] 	at java.base/java.util.concurrent.CompletableFuture$UniWhenComplete.tryFire(Unknown Source)
2025-01-28 20:43:49,921 INFO c.h.h.t.HelmChartContainer - [hivemq-test-hivemq-platform] [hivemq-platform-operator] [e5dbc2d7] 	at java.base/java.util.concurrent.CompletableFuture.postComplete(Unknown Source)
2025-01-28 20:43:49,921 INFO c.h.h.t.HelmChartContainer - [hivemq-test-hivemq-platform] [hivemq-platform-operator] [e5dbc2d7] 	at java.base/java.util.concurrent.CompletableFuture.complete(Unknown Source)
2025-01-28 20:43:49,921 INFO c.h.h.t.HelmChartContainer - [hivemq-test-hivemq-platform] [hivemq-platform-operator] [e5dbc2d7] 	at io.fabric8.kubernetes.client.vertx.VertxHttpRequest.lambda$null$1(VertxHttpRequest.java:121)
2025-01-28 20:43:49,921 INFO c.h.h.t.HelmChartContainer - [hivemq-test-hivemq-platform] [hivemq-platform-operator] [e5dbc2d7] 	at io.vertx.core.impl.ContextInternal.dispatch(ContextInternal.java:279)
2025-01-28 20:43:49,921 INFO c.h.h.t.HelmChartContainer - [hivemq-test-hivemq-platform] [hivemq-platform-operator] [e5dbc2d7] 	at io.vertx.core.impl.ContextInternal.dispatch(ContextInternal.java:261)
2025-01-28 20:43:49,921 INFO c.h.h.t.HelmChartContainer - [hivemq-test-hivemq-platform] [hivemq-platform-operator] [e5dbc2d7] 	at io.vertx.core.http.impl.HttpEventHandler.handleEnd(HttpEventHandler.java:76)
2025-01-28 20:43:49,921 INFO c.h.h.t.HelmChartContainer - [hivemq-test-hivemq-platform] [hivemq-platform-operator] [e5dbc2d7] 	at io.vertx.core.http.impl.HttpClientResponseImpl.handleEnd(HttpClientResponseImpl.java:250)
2025-01-28 20:43:49,921 INFO c.h.h.t.HelmChartContainer - [hivemq-test-hivemq-platform] [hivemq-platform-operator] [e5dbc2d7] 	at io.vertx.core.http.impl.Http1xClientConnection$StreamImpl.lambda$new$0(Http1xClientConnection.java:421)
2025-01-28 20:43:49,921 INFO c.h.h.t.HelmChartContainer - [hivemq-test-hivemq-platform] [hivemq-platform-operator] [e5dbc2d7] 	at io.vertx.core.streams.impl.InboundBuffer.handleEvent(InboundBuffer.java:279)
2025-01-28 20:43:49,921 INFO c.h.h.t.HelmChartContainer - [hivemq-test-hivemq-platform] [hivemq-platform-operator] [e5dbc2d7] 	at io.vertx.core.streams.impl.InboundBuffer.write(InboundBuffer.java:157)
2025-01-28 20:43:49,921 INFO c.h.h.t.HelmChartContainer - [hivemq-test-hivemq-platform] [hivemq-platform-operator] [e5dbc2d7] 	at io.vertx.core.http.impl.Http1xClientConnection$StreamImpl.handleEnd(Http1xClientConnection.java:709)
2025-01-28 20:43:49,921 INFO c.h.h.t.HelmChartContainer - [hivemq-test-hivemq-platform] [hivemq-platform-operator] [e5dbc2d7] 	at io.vertx.core.impl.ContextImpl.lambda$execute$4(ContextImpl.java:315)
2025-01-28 20:43:49,921 INFO c.h.h.t.HelmChartContainer - [hivemq-test-hivemq-platform] [hivemq-platform-operator] [e5dbc2d7] 	at io.netty.util.concurrent.AbstractEventExecutor.runTask(AbstractEventExecutor.java:173)
2025-01-28 20:43:49,921 INFO c.h.h.t.HelmChartContainer - [hivemq-test-hivemq-platform] [hivemq-platform-operator] [e5dbc2d7] 	at io.netty.util.concurrent.AbstractEventExecutor.safeExecute(AbstractEventExecutor.java:166)
2025-01-28 20:43:49,921 INFO c.h.h.t.HelmChartContainer - [hivemq-test-hivemq-platform] [hivemq-platform-operator] [e5dbc2d7] 	at io.netty.util.concurrent.SingleThreadEventExecutor.runAllTasks(SingleThreadEventExecutor.java:472)
2025-01-28 20:43:49,921 INFO c.h.h.t.HelmChartContainer - [hivemq-test-hivemq-platform] [hivemq-platform-operator] [e5dbc2d7] 	at io.netty.channel.nio.NioEventLoop.run(NioEventLoop.java:569)
2025-01-28 20:43:49,921 INFO c.h.h.t.HelmChartContainer - [hivemq-test-hivemq-platform] [hivemq-platform-operator] [e5dbc2d7] 	at io.netty.util.concurrent.SingleThreadEventExecutor$4.run(SingleThreadEventExecutor.java:997)
2025-01-28 20:43:49,921 INFO c.h.h.t.HelmChartContainer - [hivemq-test-hivemq-platform] [hivemq-platform-operator] [e5dbc2d7] 	at io.netty.util.internal.ThreadExecutorMap$2.run(ThreadExecutorMap.java:74)
2025-01-28 20:43:49,921 INFO c.h.h.t.HelmChartContainer - [hivemq-test-hivemq-platform] [hivemq-platform-operator] [e5dbc2d7] 	at io.netty.util.concurrent.FastThreadLocalRunnable.run(FastThreadLocalRunnable.java:30)
2025-01-28 20:43:49,921 INFO c.h.h.t.HelmChartContainer - [hivemq-test-hivemq-platform] [hivemq-platform-operator] [e5dbc2d7] 	... 1 common frames omitted
2025-01-28 20:43:49,921 INFO c.h.h.t.HelmChartContainer - [hivemq-test-hivemq-platform] [hivemq-platform-operator] [e5dbc2d7] 20:43:49.917 [ReconcilerExecutor-hivemq-controller-125] INFO  c.h.p.o.HiveMQPlatformReconciler - [helmplat] Cleanup test-hivemq-platform - helmplatformmutualtlsit HiveMQ Platform is shut down
2025-01-28 20:43:50,147 INFO c.h.h.t.HelmChartContainer - [POD] test-hivemq-platform-0 [38df94f1-8444-41cf-add3-da03a2cd7eaa] in helmplatformmutualtlsit was MODIFIED
2025-01-28 20:43:50,154 INFO c.h.h.t.HelmChartContainer - [EVENT] Normal [Killing] Stopping container hivemq [helmplatformmutualtlsit:test-hivemq-platform-0]
2025-01-28 20:43:50,154 INFO c.h.h.t.HelmChartContainer - Received Killing event for container hivemq in pod test-hivemq-platform-0 [38df94f1-8444-41cf-add3-da03a2cd7eaa]
2025-01-28 20:43:50,154 INFO c.h.h.t.HelmChartContainer - Container [test-hivemq-platform-0] [hivemq] [38df94f1-8444-41cf-add3-da03a2cd7eaa] was terminated
2025-01-28 20:43:50,154 INFO c.h.h.t.HelmChartContainer - Stopped log watcher for hivemq in pod test-hivemq-platform-0 [38df94f1-8444-41cf-add3-da03a2cd7eaa]
2025-01-28 20:43:50,173 INFO c.h.h.t.HelmChartContainer - [test-hivemq-platform] [hivemq] [38df94f1] INFO  - [HiveMQ Platform Operator Init App 1.7.0-SNAPSHOT] Shutting down
2025-01-28 20:43:50,173 INFO c.h.h.t.HelmChartContainer - [test-hivemq-platform] [hivemq] [38df94f1] INFO  - [HiveMQ Platform Operator Init App 1.7.0-SNAPSHOT] Stopping the HiveMQ Platform
2025-01-28 20:43:50,266 INFO c.h.h.t.HelmChartContainer - [test-hivemq-platform] [hivemq] [38df94f1] INFO  - Shutting down HiveMQ. Please wait, this could take a while...
2025-01-28 20:43:50,350 INFO c.h.h.t.HelmChartContainer - [test-hivemq-platform] [hivemq] [38df94f1] INFO  - Shutting down listeners and clients
2025-01-28 20:43:50,351 INFO c.h.h.t.HelmChartContainer - [test-hivemq-platform] [hivemq] [38df94f1] INFO  - Shutdown of listeners is done
2025-01-28 20:43:50,352 INFO c.h.h.t.HelmChartContainer - [test-hivemq-platform] [hivemq] [38df94f1] INFO  - No clients are connected, proceeding with shutdown
2025-01-28 20:43:50,391 INFO c.h.h.t.HelmChartContainer - [test-hivemq-platform] [hivemq] [38df94f1] WARN  - [HiveMQ Platform Operator Init App 1.7.0-SNAPSHOT] Could not update Pod annotations: Failure executing: GET at: https://10.43.0.1:443/api/v1/namespaces/helmplatformmutualtlsit/pods/test-hivemq-platform-0. Message: pods "test-hivemq-platform-0" is forbidden: User "system:serviceaccount:helmplatformmutualtlsit:hivemq-platform-pod-test-hivemq-platform" cannot get resource "pods" in API group "" in the namespace "helmplatformmutualtlsit". Received status: Status(apiVersion=v1, code=403, details=StatusDetails(causes=[], group=null, kind=pods, name=test-hivemq-platform-0, retryAfterSeconds=null, uid=null, additionalProperties={}), kind=Status, message=pods "test-hivemq-platform-0" is forbidden: User "system:serviceaccount:helmplatformmutualtlsit:hivemq-platform-pod-test-hivemq-platform" cannot get resource "pods" in API group "" in the namespace "helmplatformmutualtlsit", metadata=ListMeta(_continue=null, remainingItemCount=null, resourceVersion=null, selfLink=null, additionalProperties={}), reason=Forbidden, status=Failure, additionalProperties={}).
2025-01-28 20:43:51,489 INFO c.h.h.t.HelmChartContainer - Deleting namespace 'helmplatformmutualtlsit'...
2025-01-28 20:43:54,156 INFO c.h.h.t.HelmChartContainer - [test-hivemq-platform] [hivemq] [38df94f1] INFO  - Shutting down extension system
2025-01-28 20:43:54,163 INFO c.h.h.t.HelmChartContainer - [test-hivemq-platform] [hivemq] [38df94f1] INFO  - Stopping extension with id hivemq-dns-cluster-discovery
2025-01-28 20:43:54,163 INFO c.h.h.t.HelmChartContainer - [test-hivemq-platform] [hivemq] [38df94f1] INFO  - Extension "DNS Cluster Discovery Extension" version 4.3.2 stopped successfully.
2025-01-28 20:43:54,164 INFO c.h.h.t.HelmChartContainer - [test-hivemq-platform] [hivemq] [38df94f1] INFO  - Stopping extension with id hivemq-prometheus-extension
2025-01-28 20:43:54,168 INFO c.h.h.t.HelmChartContainer - [test-hivemq-platform] [hivemq] [38df94f1] INFO  - Extension "Prometheus Monitoring Extension" version 4.0.12 stopped successfully.
2025-01-28 20:43:54,168 INFO c.h.h.t.HelmChartContainer - [test-hivemq-platform] [hivemq] [38df94f1] INFO  - Stopping extension with id hivemq-allow-all-extension
2025-01-28 20:43:54,168 INFO c.h.h.t.HelmChartContainer - [test-hivemq-platform] [hivemq] [38df94f1] INFO  - Extension "Allow All Extension" version 1.1.1 stopped successfully.
2025-01-28 20:43:54,866 INFO c.h.h.t.HelmChartContainer - [test-hivemq-platform] [hivemq] [38df94f1] INFO  - [HiveMQ Platform Operator Init App 1.7.0-SNAPSHOT] Returning shutdown Health API response 503 for readiness
2025-01-28 20:43:54,870 INFO c.h.h.t.HelmChartContainer - [EVENT] Warning [Unhealthy] Readiness probe failed: HTTP probe failed with statuscode: 503 [helmplatformmutualtlsit:test-hivemq-platform-0]
2025-01-28 20:43:54,870 INFO c.h.h.t.HelmChartContainer - Received Unhealthy event for container hivemq in pod test-hivemq-platform-0 [38df94f1-8444-41cf-add3-da03a2cd7eaa]
2025-01-28 20:43:55,395 INFO c.h.h.t.HelmChartContainer - [K3S] [authentication.go:74] "Unable to authenticate the request" err="[invalid bearer token, serviceaccounts \"hivemq-platform-pod-test-hivemq-platform\" not found]"
2025-01-28 20:43:55,412 INFO c.h.h.t.HelmChartContainer - [K3S] [authentication.go:74] "Unable to authenticate the request" err="[invalid bearer token, serviceaccounts \"hivemq-platform-pod-test-hivemq-platform\" not found]"
2025-01-28 20:43:55,414 INFO c.h.h.t.HelmChartContainer - [test-hivemq-platform] [hivemq] [38df94f1] WARN  - [HiveMQ Platform Operator Init App 1.7.0-SNAPSHOT] Could not update Pod annotations: Failure executing: GET at: https://10.43.0.1:443/api/v1/namespaces/helmplatformmutualtlsit/pods/test-hivemq-platform-0. Message: Unauthorized. Received status: Status(apiVersion=v1, code=401, details=null, kind=Status, message=Unauthorized, metadata=ListMeta(_continue=null, remainingItemCount=null, resourceVersion=null, selfLink=null, additionalProperties={}), reason=Unauthorized, status=Failure, additionalProperties={}).
2025-01-28 20:43:56,456 INFO c.h.h.t.HelmChartContainer - [test-hivemq-platform] [hivemq] [38df94f1] INFO  - Shutdown completed.
2025-01-28 20:43:56,542 INFO c.h.h.t.HelmChartContainer - [K3S] [stateful_set.go:466] "StatefulSet has been deleted" key="helmplatformmutualtlsit/test-hivemq-platform"
2025-01-28 20:43:56,808 INFO c.h.h.t.HelmChartContainer - [test-hivemq-platform] [hivemq] [38df94f1] INFO  - [HiveMQ Platform Operator Init App 1.7.0-SNAPSHOT] The HiveMQ Platform exited with code 143
2025-01-28 20:43:56,809 INFO c.h.h.t.HelmChartContainer - [test-hivemq-platform] [hivemq] [38df94f1] INFO  - [HiveMQ Platform Operator Init App 1.7.0-SNAPSHOT] Stopping the REST API
2025-01-28 20:43:56,852 INFO c.h.h.t.HelmChartContainer - [test-hivemq-platform] [hivemq] [38df94f1] INFO  - [HiveMQ Platform Operator Init App 1.7.0-SNAPSHOT] Shutdown complete
2025-01-28 20:43:57,297 INFO c.h.h.t.HelmChartContainer - [POD] test-hivemq-platform-0 [38df94f1-8444-41cf-add3-da03a2cd7eaa] in helmplatformmutualtlsit was MODIFIED
2025-01-28 20:43:57,382 INFO c.h.h.t.HelmChartContainer - [K3S] [reconciler_common.go:162] "operationExecutor.UnmountVolume started for volume \"broker-configuration\" (UniqueName: \"kubernetes.io/configmap/38df94f1-8444-41cf-add3-da03a2cd7eaa-broker-configuration\") pod \"38df94f1-8444-41cf-add3-da03a2cd7eaa\" (UID: \"38df94f1-8444-41cf-add3-da03a2cd7eaa\") "
2025-01-28 20:43:57,382 INFO c.h.h.t.HelmChartContainer - [K3S] [reconciler_common.go:162] "operationExecutor.UnmountVolume started for volume \"kube-api-access-jcwfs\" (UniqueName: \"kubernetes.io/projected/38df94f1-8444-41cf-add3-da03a2cd7eaa-kube-api-access-jcwfs\") pod \"38df94f1-8444-41cf-add3-da03a2cd7eaa\" (UID: \"38df94f1-8444-41cf-add3-da03a2cd7eaa\") "
2025-01-28 20:43:57,382 INFO c.h.h.t.HelmChartContainer - [K3S] [reconciler_common.go:162] "operationExecutor.UnmountVolume started for volume \"mqtts-truststore-1884\" (UniqueName: \"kubernetes.io/secret/38df94f1-8444-41cf-add3-da03a2cd7eaa-mqtts-truststore-1884\") pod \"38df94f1-8444-41cf-add3-da03a2cd7eaa\" (UID: \"38df94f1-8444-41cf-add3-da03a2cd7eaa\") "
2025-01-28 20:43:57,382 INFO c.h.h.t.HelmChartContainer - [K3S] [reconciler_common.go:162] "operationExecutor.UnmountVolume started for volume \"mqtts-truststore-1885\" (UniqueName: \"kubernetes.io/secret/38df94f1-8444-41cf-add3-da03a2cd7eaa-mqtts-truststore-1885\") pod \"38df94f1-8444-41cf-add3-da03a2cd7eaa\" (UID: \"38df94f1-8444-41cf-add3-da03a2cd7eaa\") "
2025-01-28 20:43:57,382 INFO c.h.h.t.HelmChartContainer - [K3S] [reconciler_common.go:162] "operationExecutor.UnmountVolume started for volume \"mqtts-keystore-1885\" (UniqueName: \"kubernetes.io/secret/38df94f1-8444-41cf-add3-da03a2cd7eaa-mqtts-keystore-1885\") pod \"38df94f1-8444-41cf-add3-da03a2cd7eaa\" (UID: \"38df94f1-8444-41cf-add3-da03a2cd7eaa\") "
2025-01-28 20:43:57,382 INFO c.h.h.t.HelmChartContainer - [K3S] [reconciler_common.go:162] "operationExecutor.UnmountVolume started for volume \"pod-info\" (UniqueName: \"kubernetes.io/configmap/38df94f1-8444-41cf-add3-da03a2cd7eaa-pod-info\") pod \"38df94f1-8444-41cf-add3-da03a2cd7eaa\" (UID: \"38df94f1-8444-41cf-add3-da03a2cd7eaa\") "
2025-01-28 20:43:57,382 INFO c.h.h.t.HelmChartContainer - [K3S] [reconciler_common.go:162] "operationExecutor.UnmountVolume started for volume \"mqtts-keystore-1884\" (UniqueName: \"kubernetes.io/secret/38df94f1-8444-41cf-add3-da03a2cd7eaa-mqtts-keystore-1884\") pod \"38df94f1-8444-41cf-add3-da03a2cd7eaa\" (UID: \"38df94f1-8444-41cf-add3-da03a2cd7eaa\") "
2025-01-28 20:43:57,382 INFO c.h.h.t.HelmChartContainer - [K3S] [reconciler_common.go:162] "operationExecutor.UnmountVolume started for volume \"operator-init\" (UniqueName: \"kubernetes.io/empty-dir/38df94f1-8444-41cf-add3-da03a2cd7eaa-operator-init\") pod \"38df94f1-8444-41cf-add3-da03a2cd7eaa\" (UID: \"38df94f1-8444-41cf-add3-da03a2cd7eaa\") "
2025-01-28 20:43:57,481 INFO c.h.h.t.HelmChartContainer - [K3S] [reconciler_common.go:299] "Volume detached for volume \"mqtts-truststore-1885\" (UniqueName: \"kubernetes.io/secret/38df94f1-8444-41cf-add3-da03a2cd7eaa-mqtts-truststore-1885\") on node \"96002631f6ee\" DevicePath \"\""
2025-01-28 20:43:57,481 INFO c.h.h.t.HelmChartContainer - [K3S] [reconciler_common.go:299] "Volume detached for volume \"mqtts-keystore-1884\" (UniqueName: \"kubernetes.io/secret/38df94f1-8444-41cf-add3-da03a2cd7eaa-mqtts-keystore-1884\") on node \"96002631f6ee\" DevicePath \"\""
2025-01-28 20:43:57,481 INFO c.h.h.t.HelmChartContainer - [K3S] [reconciler_common.go:299] "Volume detached for volume \"mqtts-keystore-1885\" (UniqueName: \"kubernetes.io/secret/38df94f1-8444-41cf-add3-da03a2cd7eaa-mqtts-keystore-1885\") on node \"96002631f6ee\" DevicePath \"\""
2025-01-28 20:43:57,481 INFO c.h.h.t.HelmChartContainer - [K3S] [reconciler_common.go:299] "Volume detached for volume \"pod-info\" (UniqueName: \"kubernetes.io/configmap/38df94f1-8444-41cf-add3-da03a2cd7eaa-pod-info\") on node \"96002631f6ee\" DevicePath \"\""
2025-01-28 20:43:57,481 INFO c.h.h.t.HelmChartContainer - [K3S] [reconciler_common.go:299] "Volume detached for volume \"operator-init\" (UniqueName: \"kubernetes.io/empty-dir/38df94f1-8444-41cf-add3-da03a2cd7eaa-operator-init\") on node \"96002631f6ee\" DevicePath \"\""
2025-01-28 20:43:57,481 INFO c.h.h.t.HelmChartContainer - [K3S] [reconciler_common.go:299] "Volume detached for volume \"mqtts-truststore-1884\" (UniqueName: \"kubernetes.io/secret/38df94f1-8444-41cf-add3-da03a2cd7eaa-mqtts-truststore-1884\") on node \"96002631f6ee\" DevicePath \"\""
2025-01-28 20:43:57,482 INFO c.h.h.t.HelmChartContainer - [K3S] [reconciler_common.go:299] "Volume detached for volume \"broker-configuration\" (UniqueName: \"kubernetes.io/configmap/38df94f1-8444-41cf-add3-da03a2cd7eaa-broker-configuration\") on node \"96002631f6ee\" DevicePath \"\""
2025-01-28 20:43:57,482 INFO c.h.h.t.HelmChartContainer - [K3S] [reconciler_common.go:299] "Volume detached for volume \"kube-api-access-jcwfs\" (UniqueName: \"kubernetes.io/projected/38df94f1-8444-41cf-add3-da03a2cd7eaa-kube-api-access-jcwfs\") on node \"96002631f6ee\" DevicePath \"\""
2025-01-28 20:43:57,511 INFO c.h.h.t.HelmChartContainer - [K3S] [scope.go:117] "RemoveContainer" containerID="010a2ed1ffe58953d2389ff8e6b19d112b24226de6310b3aea8fb858e4eed8e4"
2025-01-28 20:43:57,526 INFO c.h.h.t.HelmChartContainer - [POD] test-hivemq-platform-0 [38df94f1-8444-41cf-add3-da03a2cd7eaa] in helmplatformmutualtlsit was MODIFIED
2025-01-28 20:43:57,528 INFO c.h.h.t.HelmChartContainer - [POD] test-hivemq-platform-0 [38df94f1-8444-41cf-add3-da03a2cd7eaa] in helmplatformmutualtlsit was DELETED
2025-01-28 20:43:57,612 INFO c.h.h.t.HelmChartContainer - [K3S] [scope.go:117] "RemoveContainer" containerID="8f591c664291776a20d2f401d64a6ba6b68393817353b8d624dbc2d0f453acca"
2025-01-28 20:43:57,615 INFO c.h.h.t.HelmChartContainer - [K3S] [scope.go:117] "RemoveContainer" containerID="010a2ed1ffe58953d2389ff8e6b19d112b24226de6310b3aea8fb858e4eed8e4"
2025-01-28 20:43:57,615 INFO c.h.h.t.HelmChartContainer - [K3S] [scope.go:117] "RemoveContainer" containerID="8f591c664291776a20d2f401d64a6ba6b68393817353b8d624dbc2d0f453acca"
2025-01-28 20:43:59,146 INFO c.h.h.t.HelmChartContainer - [K3S] [kubelet_volumes.go:163] "Cleaned up orphaned pod volumes dir" podUID="38df94f1-8444-41cf-add3-da03a2cd7eaa" path="/var/lib/kubelet/pods/38df94f1-8444-41cf-add3-da03a2cd7eaa/volumes"
2025-01-28 20:44:01,818 INFO c.h.h.t.HelmChartContainer - Namespace 'helmplatformmutualtlsit' deleted
2025-01-28 20:44:01,818 INFO c.h.h.t.HelmChartContainer - Release 'test-hivemq-platform' in namespace 'helmplatformmutualtlsit' is uninstalled
2025-01-28 20:44:01,818 INFO c.h.h.t.HelmChartContainer - Uninstalling release 'test-hivemq-platform-operator' in namespace 'helmplatformmutualtlsit-operator'...
2025-01-28 20:44:01,818 DEBUG c.h.h.t.HelmChartContainer - Executing helm command: /bin/helm --kubeconfig /etc/rancher/k3s/k3s.yaml uninstall test-hivemq-platform-operator  --wait --timeout 5m0s --cascade foreground --namespace helmplatformmutualtlsit-operator
2025-01-28 20:44:01,984 INFO c.h.h.t.HelmChartContainer - [K3S] [replica_set.go:679] "Finished syncing" kind="ReplicaSet" key="helmplatformmutualtlsit-operator/hivemq-test-hivemq-platform-operator-6966f96d65" duration="11.654076ms"
2025-01-28 20:44:01,987 INFO c.h.h.t.HelmChartContainer - [K3S] [replica_set.go:679] "Finished syncing" kind="ReplicaSet" key="helmplatformmutualtlsit-operator/hivemq-test-hivemq-platform-operator-6966f96d65" duration="30.417µs"
2025-01-28 20:44:02,002 INFO c.h.h.t.HelmChartContainer - [POD] hivemq-test-hivemq-platform-operator-6966f96d65-5m645 [e5dbc2d7-6b63-44b1-a006-52629d419453] in helmplatformmutualtlsit-operator was MODIFIED
2025-01-28 20:44:02,008 INFO c.h.h.t.HelmChartContainer - [EVENT] Normal [Killing] Stopping container hivemq-platform-operator [helmplatformmutualtlsit-operator:hivemq-test-hivemq-platform-operator-6966f96d65-5m645]
2025-01-28 20:44:02,008 INFO c.h.h.t.HelmChartContainer - Received Killing event for container hivemq-platform-operator in pod hivemq-test-hivemq-platform-operator-6966f96d65-5m645 [e5dbc2d7-6b63-44b1-a006-52629d419453]
2025-01-28 20:44:02,008 INFO c.h.h.t.HelmChartContainer - Container [hivemq-test-hivemq-platform-operator-6966f96d65-5m645] [hivemq-platform-operator] [e5dbc2d7-6b63-44b1-a006-52629d419453] was terminated
2025-01-28 20:44:02,008 INFO c.h.h.t.HelmChartContainer - Stopped log watcher for hivemq-platform-operator in pod hivemq-test-hivemq-platform-operator-6966f96d65-5m645 [e5dbc2d7-6b63-44b1-a006-52629d419453]
2025-01-28 20:44:02,010 INFO c.h.h.t.HelmChartContainer - [hivemq-test-hivemq-platform] [hivemq-platform-operator] [e5dbc2d7] 20:44:02.007 [application-shutdown-thread] INFO  c.h.p.o.HiveMQPlatformOperatorApplication - HiveMQ Platform Operator is stopping...
2025-01-28 20:44:02,010 INFO c.h.h.t.HelmChartContainer - [hivemq-test-hivemq-platform] [hivemq-platform-operator] [e5dbc2d7] 20:44:02.007 [application-shutdown-thread] INFO  i.javaoperatorsdk.operator.Operator - Operator SDK 4.9.7 is shutting down...
2025-01-28 20:44:02,010 INFO c.h.h.t.HelmChartContainer - [K3S] [replica_set.go:679] "Finished syncing" kind="ReplicaSet" key="helmplatformmutualtlsit-operator/hivemq-test-hivemq-platform-operator-6966f96d65" duration="16.266198ms"
2025-01-28 20:44:02,017 INFO c.h.h.t.HelmChartContainer - [K3S] [replica_set.go:679] "Finished syncing" kind="ReplicaSet" key="helmplatformmutualtlsit-operator/hivemq-test-hivemq-platform-operator-6966f96d65" duration="33.793µs"
2025-01-28 20:44:02,521 INFO c.h.h.t.HelmChartContainer - [K3S] [pod_container_deletor.go:80] "Container not found in pod's containers" containerID="16251675e2bc2755d3ba5396ec4a3643e99c8dd6a4924f0c5b4ffa2185457b9b"
2025-01-28 20:44:02,568 INFO c.h.h.t.HelmChartContainer - [K3S] [replica_set.go:679] "Finished syncing" kind="ReplicaSet" key="helmplatformmutualtlsit-operator/hivemq-test-hivemq-platform-operator-6966f96d65" duration="40.255µs"
2025-01-28 20:44:02,569 INFO c.h.h.t.HelmChartContainer - [POD] hivemq-test-hivemq-platform-operator-6966f96d65-5m645 [e5dbc2d7-6b63-44b1-a006-52629d419453] in helmplatformmutualtlsit-operator was MODIFIED
2025-01-28 20:44:02,612 INFO c.h.h.t.HelmChartContainer - [K3S] [reconciler_common.go:162] "operationExecutor.UnmountVolume started for volume \"kube-api-access-k4chr\" (UniqueName: \"kubernetes.io/projected/e5dbc2d7-6b63-44b1-a006-52629d419453-kube-api-access-k4chr\") pod \"e5dbc2d7-6b63-44b1-a006-52629d419453\" (UID: \"e5dbc2d7-6b63-44b1-a006-52629d419453\") "
2025-01-28 20:44:02,713 INFO c.h.h.t.HelmChartContainer - [K3S] [reconciler_common.go:299] "Volume detached for volume \"kube-api-access-k4chr\" (UniqueName: \"kubernetes.io/projected/e5dbc2d7-6b63-44b1-a006-52629d419453-kube-api-access-k4chr\") on node \"96002631f6ee\" DevicePath \"\""
2025-01-28 20:44:03,530 INFO c.h.h.t.HelmChartContainer - [K3S] [replica_set.go:679] "Finished syncing" kind="ReplicaSet" key="helmplatformmutualtlsit-operator/hivemq-test-hivemq-platform-operator-6966f96d65" duration="71.142µs"
2025-01-28 20:44:03,532 INFO c.h.h.t.HelmChartContainer - [POD] hivemq-test-hivemq-platform-operator-6966f96d65-5m645 [e5dbc2d7-6b63-44b1-a006-52629d419453] in helmplatformmutualtlsit-operator was MODIFIED
2025-01-28 20:44:03,533 INFO c.h.h.t.HelmChartContainer - [POD] hivemq-test-hivemq-platform-operator-6966f96d65-5m645 [e5dbc2d7-6b63-44b1-a006-52629d419453] in helmplatformmutualtlsit-operator was DELETED
2025-01-28 20:44:03,534 INFO c.h.h.t.HelmChartContainer - [K3S] [replica_set.go:679] "Finished syncing" kind="ReplicaSet" key="helmplatformmutualtlsit-operator/hivemq-test-hivemq-platform-operator-6966f96d65" duration="27.902µs"
2025-01-28 20:44:03,544 INFO c.h.h.t.HelmChartContainer - [K3S] [replica_set.go:679] "Finished syncing" kind="ReplicaSet" key="helmplatformmutualtlsit-operator/hivemq-test-hivemq-platform-operator-6966f96d65" duration="6.432µs"
2025-01-28 20:44:04,028 INFO c.h.h.t.HelmChartContainer - Deleting namespace 'helmplatformmutualtlsit-operator'...
2025-01-28 20:44:05,146 INFO c.h.h.t.HelmChartContainer - [K3S] [kubelet_volumes.go:163] "Cleaned up orphaned pod volumes dir" podUID="e5dbc2d7-6b63-44b1-a006-52629d419453" path="/var/lib/kubelet/pods/e5dbc2d7-6b63-44b1-a006-52629d419453/volumes"
2025-01-28 20:44:06,759 INFO c.h.h.t.HelmChartContainer - [K3S] [namespace_controller.go:187] "Namespace has been deleted" namespace="helmplatformmutualtlsit"
2025-01-28 20:44:09,247 INFO c.h.h.t.HelmChartContainer - Namespace 'helmplatformmutualtlsit-operator' deleted
2025-01-28 20:44:09,247 INFO c.h.h.t.HelmChartContainer - Release 'test-hivemq-platform-operator' in namespace 'helmplatformmutualtlsit-operator' is uninstalled
2025-01-28 20:44:10,086 INFO c.h.helmcharts.AbstractHelmChartIT - Removed unused containers:

2025-01-28 20:44:14,149 INFO c.h.h.t.HelmChartContainer - [K3S] [namespace_controller.go:187] "Namespace has been deleted" namespace="helmplatformmutualtlsit-operator"
2025-01-28 20:44:18,250 INFO c.h.helmcharts.AbstractHelmChartIT - Removed unused snapshots:
Removing snapshot sha256:03af251906410714c5aef9fa705b63f6bbc39c4a5e787de7361eeb18886c2ed2
Removing snapshot sha256:0c46b3b43cce082ce5ec34ffc6c294e0417d17b9d1e6f366d114b6aadc4f96dc
Removing snapshot sha256:0ce761beee59082d6ed5bcebd3a805b8ddd9b3426b617e4809e7fb7c6587ffec
Removing snapshot sha256:0df91287303208332c8ff6ba40ae4710105201739addbfbddfb955f1ad593664
Removing snapshot sha256:1021ef88c7974bfff89c5a0ec4fd3160daac6c48a075f74cff721f85dd104e68
Removing snapshot sha256:10aba4953ddc18145dd38e3704709bc464aa20af60b56fe52caaff4b68411e62
Removing snapshot sha256:2573e0d8158209ed54ab25c87bcdcb00bd3d2539246960a3d592a1c599d70465
Removing snapshot sha256:362a8a37f8bbc31925a8146adcf7cf51f9882f5c1dcbef67c5baa03a297543c0
Removing snapshot sha256:3fa4ad33f0ddc8fd45b39b6b4640f82a3a83619606cd975bfe89d8710ad2d4cd
Removing snapshot sha256:43a7c979bbaba6838bc3102d6b10a1459f3ab050b87ccdfef84ef90cf43d3058
Removing snapshot sha256:4ab04491cdf0d3267f08206fe30bd48f49f94b9cab2f016d6739220f722a64af
Removing snapshot sha256:4b6068250e89c96f263060261819c7d912855bfbd64b3eb4c4a8483299b8c295
Removing snapshot sha256:580e69a0a8034ede1921139bbd2bfb72a69ebf276d008281896c32dd8bf74775
Removing snapshot sha256:5d30ba46b27fe37484567ccc5242cadc78217b8da605f3f195ef25cbf7487904
Removing snapshot sha256:63ca1fbb43ae5034640e5e6cb3e083e05c290072c5366fcaa9d62435a4cced85
Removing snapshot sha256:67f702c6baae873bceb19487c8b1f27bd2b86077e4f2f0e480e6d60ab508b8f5
Removing snapshot sha256:6864348dd42806d552efdec384f1274be15e2d0c10ce44c1f04347af004c10a9
Removing snapshot sha256:6c7dee8f2c39b84b7dc2711c01d33de93514d9055499173e9290176fbe484b6c
Removing snapshot sha256:82753493a6d61ded36556292f02f31841a14c20d2f279f19eaad65afb661d5cd
Removing snapshot sha256:8a10d3db42c505ee0fcfa98417bdd7e39b304f6bcc0a06bb1b220797ff2cc63c
Removing snapshot sha256:a0904247e36a7726c03c71ee48f3e64462021c88dafeb13f37fdaf613b27f11c
Removing snapshot sha256:a21e5b12dbac529ad45d976eb9ce45c881f3bedcc500fb30aba1e52aa1813418
Removing snapshot sha256:b921e6c28969094157f9b8e7244677780319637afd14450b7cb6b2fdea558a0c
Removing snapshot sha256:bc27ecb5769a00e309cf99ebc763c4a4b958b618d1decc96ffac5bc05f02f5b7
Removing snapshot sha256:be3ccb6627a5332e309d45ef461d09b4879dd870c7394d89323d0ebc6ca6aa8a
Removing snapshot sha256:c261f7cbbc64211ee175ee47273acdb7b1a36a4450b397a064a8f2c026490095
Removing snapshot sha256:c315e795e22a4ed27494b8b1f480469eef46a4a6bb748002d1570e356da41d69
Removing snapshot sha256:c34d9393647eea0c9e3557ab988efaf59f61d10a2a5613b439ef0958cca5ec10
Removing snapshot sha256:ccf3c4a0fa967a41c1c83497a2ce6fa5787965859df0adb32c4ca2cf7490bc2b
Removing snapshot sha256:cf92d33f869417309692088c341cd0f223c178ea78a125f757317b22aa8f90e9
Removing snapshot sha256:d0037344cf2fb078884f1849f6a1f8cf9a33a3b6139b6a85833e5ee528e1f9a8
Removing snapshot sha256:d3b36d5b79273b1e98e7700470eaeff05a882e777124d84cebcc1505b85ecb36
Removing snapshot sha256:d65a44a37914602d12c611e5e22a50f11451d847e63015cc1c2aef92dee777a4
Removing snapshot sha256:da0a66a7af1a15603a012a0fa182fea8c63feef4aa47fb75b0e41f05805c7d1e
Removing snapshot sha256:e2dc0bae2455930f23ae570e019b7f32edc75c0f2d71cab084db837ff9051796
Removing snapshot sha256:e31519795c7e3df686c447a21ec8d2eb301388a5e39ccf7f20a25c6f6ce3a522
Removing snapshot sha256:e9e86ed11d9bebc0707dd6f1166c51237ebb44f98657241f943261b2675a5449
Removing snapshot sha256:eccbd24a99c60cd9e86ee5305dbfc4a4dc89f5ab4fb1f06c8d64797cecedef34
Removing snapshot sha256:edd1404c718ab99ca3456bdf222065033800bb67d4334a9642746685a24394cd
Removing snapshot sha256:f144bb4c7c7f0d2aa7eeffd36d934ec40db1ee167be727e326aad9fdc616f475

]]></system-out>
  </testcase>
  <system-out><![CDATA[2025-01-28 20:42:23,287 INFO c.h.h.t.HelmChartContainerExtension - Using cached HelmChartContainer instance
]]></system-out>
  <system-err><![CDATA[]]></system-err>
</testsuite>
