<?xml version="1.0" encoding="UTF-8"?>
<testsuite name="com.hivemq.helmcharts.migration.HelmLegacyStatefulSetMigrationIT" tests="1" skipped="0" failures="0" errors="0" timestamp="2025-01-28T23:53:41" hostname="fv-az1044-739" time="320.617">
  <properties/>
  <testcase name="migrateToCurrentPlatformOperator()" classname="com.hivemq.helmcharts.migration.HelmLegacyStatefulSetMigrationIT" time="320.617">
    <system-out><![CDATA[2025-01-28 23:53:41,833 INFO c.h.h.t.HelmChartContainer - Creating namespace 'helmlegacystatefulsetmigrationit-operator'...
2025-01-28 23:53:41,839 INFO c.h.h.t.HelmChartContainer - Namespace 'helmlegacystatefulsetmigrationit-operator' created
2025-01-28 23:53:41,839 INFO c.h.h.t.HelmChartContainer - Creating namespace 'helmlegacystatefulsetmigrationit'...
2025-01-28 23:53:41,941 INFO c.h.h.t.HelmChartContainer - Namespace 'helmlegacystatefulsetmigrationit' created
2025-01-28 23:53:42,013 DEBUG c.h.h.t.HelmChartContainer - Executing helm command: /bin/helm --kubeconfig /etc/rancher/k3s/k3s.yaml install test-hivemq-platform-operator /charts/hivemq-platform-operator --wait --timeout 5m0s --set image.repository=docker.io/hivemq --set image.name=hivemq-platform-operator-test --set image.initImageName=hivemq-platform-operator-init-test --set image.tag=snapshot --set image.pullPolicy=Never --set logLevel=DEBUG --set resources.cpu=512m --namespace helmlegacystatefulsetmigrationit-operator
2025-01-28 23:53:42,332 INFO c.h.h.t.HelmChartContainer - [K3S] [alloc.go:330] "allocated clusterIPs" service="helmlegacystatefulsetmigrationit-operator/hivemq-platform-operator-test-hivemq-platform-operator" clusterIPs={"IPv4":"10.43.106.158"}
2025-01-28 23:53:42,347 INFO c.h.h.t.HelmChartContainer - [EVENT] Normal [ScalingReplicaSet] Scaled up replica set hivemq-test-hivemq-platform-operator-6966f96d65 from 0 to 1 [helmlegacystatefulsetmigrationit-operator:hivemq-test-hivemq-platform-operator]
2025-01-28 23:53:42,351 INFO c.h.h.t.HelmChartContainer - [POD] hivemq-test-hivemq-platform-operator-6966f96d65-sgmbq [7b61d8db-43f4-4fbf-9fef-689f7c25764c] in helmlegacystatefulsetmigrationit-operator was ADDED
2025-01-28 23:53:42,357 INFO c.h.h.t.HelmChartContainer - [K3S] [replica_set.go:679] "Finished syncing" kind="ReplicaSet" key="helmlegacystatefulsetmigrationit-operator/hivemq-test-hivemq-platform-operator-6966f96d65" duration="13.891197ms"
2025-01-28 23:53:42,360 INFO c.h.h.t.HelmChartContainer - [EVENT] Normal [SuccessfulCreate] Created pod: hivemq-test-hivemq-platform-operator-6966f96d65-sgmbq [helmlegacystatefulsetmigrationit-operator:hivemq-test-hivemq-platform-operator-6966f96d65]
2025-01-28 23:53:42,361 INFO c.h.h.t.HelmChartContainer - [POD] hivemq-test-hivemq-platform-operator-6966f96d65-sgmbq [7b61d8db-43f4-4fbf-9fef-689f7c25764c] in helmlegacystatefulsetmigrationit-operator was MODIFIED
2025-01-28 23:53:42,363 INFO c.h.h.t.HelmChartContainer - [K3S] [memory_manager.go:355] "RemoveStaleState removing state" podUID="faa6266c-17c1-476d-803d-67fe5be9157e" containerName="hivemq-platform-operator"
2025-01-28 23:53:42,363 INFO c.h.h.t.HelmChartContainer - [K3S] [memory_manager.go:355] "RemoveStaleState removing state" podUID="67ca755c-ca59-4179-9b83-529c97d1f361" containerName="consul-template-container"
2025-01-28 23:53:42,363 INFO c.h.h.t.HelmChartContainer - [K3S] [memory_manager.go:355] "RemoveStaleState removing state" podUID="67ca755c-ca59-4179-9b83-529c97d1f361" containerName="hivemq"
2025-01-28 23:53:42,366 INFO c.h.h.t.HelmChartContainer - [K3S] [replica_set.go:679] "Finished syncing" kind="ReplicaSet" key="helmlegacystatefulsetmigrationit-operator/hivemq-test-hivemq-platform-operator-6966f96d65" duration="10.742221ms"
2025-01-28 23:53:42,366 INFO c.h.h.t.HelmChartContainer - [K3S] [replica_set.go:679] "Finished syncing" kind="ReplicaSet" key="helmlegacystatefulsetmigrationit-operator/hivemq-test-hivemq-platform-operator-6966f96d65" duration="35.436µs"
2025-01-28 23:53:42,368 INFO c.h.h.t.HelmChartContainer - [EVENT] Normal [Scheduled] Successfully assigned helmlegacystatefulsetmigrationit-operator/hivemq-test-hivemq-platform-operator-6966f96d65-sgmbq to 62a9fd0284dd [helmlegacystatefulsetmigrationit-operator:hivemq-test-hivemq-platform-operator-6966f96d65-sgmbq]
2025-01-28 23:53:42,374 INFO c.h.h.t.HelmChartContainer - [K3S] [replica_set.go:679] "Finished syncing" kind="ReplicaSet" key="helmlegacystatefulsetmigrationit-operator/hivemq-test-hivemq-platform-operator-6966f96d65" duration="42.95µs"
2025-01-28 23:53:42,376 INFO c.h.h.t.HelmChartContainer - [POD] hivemq-test-hivemq-platform-operator-6966f96d65-sgmbq [7b61d8db-43f4-4fbf-9fef-689f7c25764c] in helmlegacystatefulsetmigrationit-operator was MODIFIED
2025-01-28 23:53:42,418 INFO c.h.h.t.HelmChartContainer - [K3S] [reconciler_common.go:251] "operationExecutor.VerifyControllerAttachedVolume started for volume \"kube-api-access-qq5zq\" (UniqueName: \"kubernetes.io/projected/7b61d8db-43f4-4fbf-9fef-689f7c25764c-kube-api-access-qq5zq\") pod \"hivemq-test-hivemq-platform-operator-6966f96d65-sgmbq\" (UID: \"7b61d8db-43f4-4fbf-9fef-689f7c25764c\") " pod="helmlegacystatefulsetmigrationit-operator/hivemq-test-hivemq-platform-operator-6966f96d65-sgmbq"
2025-01-28 23:53:42,756 INFO c.h.h.t.HelmChartContainer - [EVENT] Normal [Pulled] Container image "docker.io/hivemq/hivemq-platform-operator-test:snapshot" already present on machine [helmlegacystatefulsetmigrationit-operator:hivemq-test-hivemq-platform-operator-6966f96d65-sgmbq]
2025-01-28 23:53:42,757 INFO c.h.h.t.HelmChartContainer - Received Pulled event for container hivemq-platform-operator in pod hivemq-test-hivemq-platform-operator-6966f96d65-sgmbq [7b61d8db-43f4-4fbf-9fef-689f7c25764c]
2025-01-28 23:53:44,050 INFO c.h.h.t.HelmChartContainer - [EVENT] Normal [Created] Created container: hivemq-platform-operator [helmlegacystatefulsetmigrationit-operator:hivemq-test-hivemq-platform-operator-6966f96d65-sgmbq]
2025-01-28 23:53:44,051 INFO c.h.h.t.HelmChartContainer - Received Created event for container hivemq-platform-operator in pod hivemq-test-hivemq-platform-operator-6966f96d65-sgmbq [7b61d8db-43f4-4fbf-9fef-689f7c25764c]
2025-01-28 23:53:44,456 INFO c.h.h.t.HelmChartContainer - [POD] hivemq-test-hivemq-platform-operator-6966f96d65-sgmbq [7b61d8db-43f4-4fbf-9fef-689f7c25764c] in helmlegacystatefulsetmigrationit-operator was MODIFIED
2025-01-28 23:53:44,457 INFO c.h.h.t.HelmChartContainer - [K3S] [replica_set.go:679] "Finished syncing" kind="ReplicaSet" key="helmlegacystatefulsetmigrationit-operator/hivemq-test-hivemq-platform-operator-6966f96d65" duration="37.741µs"
2025-01-28 23:53:44,464 INFO c.h.h.t.HelmChartContainer - Started log watcher for hivemq-platform-operator in pod hivemq-test-hivemq-platform-operator-6966f96d65-sgmbq [7b61d8db-43f4-4fbf-9fef-689f7c25764c]
2025-01-28 23:53:44,464 INFO c.h.h.t.HelmChartContainer - [EVENT] Normal [Started] Started container hivemq-platform-operator [helmlegacystatefulsetmigrationit-operator:hivemq-test-hivemq-platform-operator-6966f96d65-sgmbq]
2025-01-28 23:53:44,464 INFO c.h.h.t.HelmChartContainer - Received Started event for container hivemq-platform-operator in pod hivemq-test-hivemq-platform-operator-6966f96d65-sgmbq [7b61d8db-43f4-4fbf-9fef-689f7c25764c]
2025-01-28 23:53:44,465 INFO c.h.h.t.HelmChartContainer - [hivemq-test-hivemq-platform] [hivemq-platform-operator] [7b61d8db] -------------------------------------------------------------------------
2025-01-28 23:53:44,465 INFO c.h.h.t.HelmChartContainer - [hivemq-test-hivemq-platform] [hivemq-platform-operator] [7b61d8db] 
2025-01-28 23:53:44,465 INFO c.h.h.t.HelmChartContainer - [hivemq-test-hivemq-platform] [hivemq-platform-operator] [7b61d8db]                   _    _  _              __  __   ____
2025-01-28 23:53:44,465 INFO c.h.h.t.HelmChartContainer - [hivemq-test-hivemq-platform] [hivemq-platform-operator] [7b61d8db]                  | |  | |(_)            |  \/  | / __ \
2025-01-28 23:53:44,465 INFO c.h.h.t.HelmChartContainer - [hivemq-test-hivemq-platform] [hivemq-platform-operator] [7b61d8db]                  | |__| | _ __   __ ___ | \  / || |  | |
2025-01-28 23:53:44,465 INFO c.h.h.t.HelmChartContainer - [hivemq-test-hivemq-platform] [hivemq-platform-operator] [7b61d8db]                  |  __  || |\ \ / // _ \| |\/| || |  | |
2025-01-28 23:53:44,465 INFO c.h.h.t.HelmChartContainer - [hivemq-test-hivemq-platform] [hivemq-platform-operator] [7b61d8db]                  | |  | || | \ V /|  __/| |  | || |__| |
2025-01-28 23:53:44,465 INFO c.h.h.t.HelmChartContainer - [hivemq-test-hivemq-platform] [hivemq-platform-operator] [7b61d8db]                  |_|  |_||_|  \_/  \___||_|  |_| \___\_\
2025-01-28 23:53:44,465 INFO c.h.h.t.HelmChartContainer - [hivemq-test-hivemq-platform] [hivemq-platform-operator] [7b61d8db] 
2025-01-28 23:53:44,465 INFO c.h.h.t.HelmChartContainer - [hivemq-test-hivemq-platform] [hivemq-platform-operator] [7b61d8db] -------------------------------------------------------------------------
2025-01-28 23:53:44,465 INFO c.h.h.t.HelmChartContainer - [hivemq-test-hivemq-platform] [hivemq-platform-operator] [7b61d8db] 
2025-01-28 23:53:44,465 INFO c.h.h.t.HelmChartContainer - [hivemq-test-hivemq-platform] [hivemq-platform-operator] [7b61d8db]   HiveMQ Platform Operator Start Script v1.0
2025-01-28 23:53:44,465 INFO c.h.h.t.HelmChartContainer - [hivemq-test-hivemq-platform] [hivemq-platform-operator] [7b61d8db] 
2025-01-28 23:53:44,465 INFO c.h.h.t.HelmChartContainer - [hivemq-test-hivemq-platform] [hivemq-platform-operator] [7b61d8db] -------------------------------------------------------------------------
2025-01-28 23:53:44,465 INFO c.h.h.t.HelmChartContainer - [hivemq-test-hivemq-platform] [hivemq-platform-operator] [7b61d8db] 
2025-01-28 23:53:44,465 INFO c.h.h.t.HelmChartContainer - [hivemq-test-hivemq-platform] [hivemq-platform-operator] [7b61d8db]   JAVA_OPTS: -XX:+UnlockExperimentalVMOptions -XX:InitialRAMPercentage=75 -XX:MaxRAMPercentage=75 -Duser.language=en -Duser.region=US
2025-01-28 23:53:44,465 INFO c.h.h.t.HelmChartContainer - [hivemq-test-hivemq-platform] [hivemq-platform-operator] [7b61d8db] 
2025-01-28 23:53:44,465 INFO c.h.h.t.HelmChartContainer - [hivemq-test-hivemq-platform] [hivemq-platform-operator] [7b61d8db]   JAVA_VERSION: 21
2025-01-28 23:53:44,465 INFO c.h.h.t.HelmChartContainer - [hivemq-test-hivemq-platform] [hivemq-platform-operator] [7b61d8db] 
2025-01-28 23:53:44,465 INFO c.h.h.t.HelmChartContainer - [hivemq-test-hivemq-platform] [hivemq-platform-operator] [7b61d8db] -------------------------------------------------------------------------
2025-01-28 23:53:44,465 INFO c.h.h.t.HelmChartContainer - [hivemq-test-hivemq-platform] [hivemq-platform-operator] [7b61d8db] 
2025-01-28 23:53:47,275 INFO c.h.h.t.HelmChartContainer - [hivemq-test-hivemq-platform] [hivemq-platform-operator] [7b61d8db] 23:53:47.273 [main] DEBUG org.jboss.logging - Logging Provider: org.jboss.logging.Slf4jLoggerProvider
2025-01-28 23:53:47,382 INFO c.h.h.t.HelmChartContainer - [hivemq-test-hivemq-platform] [hivemq-platform-operator] [7b61d8db] 23:53:47.381 [main] DEBUG io.smallrye.config - SRCFG01006: Loaded ConfigSource SysPropConfigSource with ordinal 400
2025-01-28 23:53:47,382 INFO c.h.h.t.HelmChartContainer - [hivemq-test-hivemq-platform] [hivemq-platform-operator] [7b61d8db] 23:53:47.381 [main] DEBUG io.smallrye.config - SRCFG01006: Loaded ConfigSource EnvConfigSource with ordinal 300
2025-01-28 23:53:47,382 INFO c.h.h.t.HelmChartContainer - [hivemq-test-hivemq-platform] [hivemq-platform-operator] [7b61d8db] 23:53:47.381 [main] DEBUG io.smallrye.config - SRCFG01006: Loaded ConfigSource PropertiesConfigSource[source=jar:file:///opt/hivemq-platform-operator/bin/hivemq-platform-operator.jar!/hivemq-platform-operator.properties] with ordinal 100
2025-01-28 23:53:47,382 INFO c.h.h.t.HelmChartContainer - [hivemq-test-hivemq-platform] [hivemq-platform-operator] [7b61d8db] 23:53:47.381 [main] DEBUG io.smallrye.config - SRCFG01006: Loaded ConfigSource DefaultValuesConfigSource with ordinal -2147483648
2025-01-28 23:53:47,486 INFO c.h.h.t.HelmChartContainer - [hivemq-test-hivemq-platform] [hivemq-platform-operator] [7b61d8db] 23:53:47.486 [main] DEBUG i.m.c.u.i.l.InternalLoggerFactory - Using SLF4J as the default logging framework
2025-01-28 23:53:47,668 INFO c.h.h.t.HelmChartContainer - [hivemq-test-hivemq-platform] [hivemq-platform-operator] [7b61d8db] 23:53:47.623 [main] INFO  c.h.p.o.HiveMQPlatformOperatorApplication - HiveMQ Platform Operator 1.7.0-SNAPSHOT (commit: bebf408 on branch: HEAD) built on Sun Jan 26 20:47:47 UTC 2025
2025-01-28 23:53:47,668 INFO c.h.h.t.HelmChartContainer - [hivemq-test-hivemq-platform] [hivemq-platform-operator] [7b61d8db] 23:53:47.667 [main] INFO  c.h.p.o.HiveMQPlatformOperatorApplication - HiveMQ Platform Operator is running in namespace: helmlegacystatefulsetmigrationit-operator
2025-01-28 23:53:47,668 INFO c.h.h.t.HelmChartContainer - [hivemq-test-hivemq-platform] [hivemq-platform-operator] [7b61d8db] 23:53:47.667 [main] INFO  c.h.p.o.HiveMQPlatformOperatorApplication - Watching all namespaces
2025-01-28 23:53:47,668 INFO c.h.h.t.HelmChartContainer - [hivemq-test-hivemq-platform] [hivemq-platform-operator] [7b61d8db] 23:53:47.667 [main] INFO  c.h.p.o.HiveMQPlatformOperatorApplication - Log level: DEBUG
2025-01-28 23:53:47,669 INFO c.h.h.t.HelmChartContainer - [hivemq-test-hivemq-platform] [hivemq-platform-operator] [7b61d8db] 23:53:47.667 [main] INFO  c.h.p.o.HiveMQPlatformOperatorApplication - Release name: test-hivemq-platform-operator
2025-01-28 23:53:47,669 INFO c.h.h.t.HelmChartContainer - [hivemq-test-hivemq-platform] [hivemq-platform-operator] [7b61d8db] 23:53:47.667 [main] INFO  c.h.p.o.HiveMQPlatformOperatorApplication - HiveMQ Platform Operator Init image: docker.io/hivemq/hivemq-platform-operator-init-test:snapshot
2025-01-28 23:53:47,669 INFO c.h.h.t.HelmChartContainer - [hivemq-test-hivemq-platform] [hivemq-platform-operator] [7b61d8db] 23:53:47.667 [main] INFO  c.h.p.o.HiveMQPlatformOperatorApplication - HiveMQ Platform Operator Init App update URL: http://hivemq-platform-operator-test-hivemq-platform-operator.helmlegacystatefulsetmigrationit-operator.svc:8080/initAppUpdate/hivemq-platform-operator-init-app-1.7.0-SNAPSHOT.jar
2025-01-28 23:53:47,669 INFO c.h.h.t.HelmChartContainer - [hivemq-test-hivemq-platform] [hivemq-platform-operator] [7b61d8db] 23:53:47.667 [main] INFO  c.h.p.o.HiveMQPlatformOperatorApplication - Additional imagePullSecret for all Platform deployments: none
2025-01-28 23:53:47,669 INFO c.h.h.t.HelmChartContainer - [hivemq-test-hivemq-platform] [hivemq-platform-operator] [7b61d8db] 23:53:47.667 [main] INFO  c.h.p.o.HiveMQPlatformOperatorApplication - Apply HiveMQ Platform CRD: true
2025-01-28 23:53:47,669 INFO c.h.h.t.HelmChartContainer - [hivemq-test-hivemq-platform] [hivemq-platform-operator] [7b61d8db] 23:53:47.667 [main] INFO  c.h.p.o.HiveMQPlatformOperatorApplication - Create Platform ServiceAccount: true
2025-01-28 23:53:47,669 INFO c.h.h.t.HelmChartContainer - [hivemq-test-hivemq-platform] [hivemq-platform-operator] [7b61d8db] 23:53:47.667 [main] INFO  c.h.p.o.HiveMQPlatformOperatorApplication - Create Platform ServiceAccount permissions: true
2025-01-28 23:53:47,669 INFO c.h.h.t.HelmChartContainer - [hivemq-test-hivemq-platform] [hivemq-platform-operator] [7b61d8db] 23:53:47.667 [main] INFO  c.h.p.o.HiveMQPlatformOperatorApplication - Validate Platform ServiceAccount: true
2025-01-28 23:53:47,669 INFO c.h.h.t.HelmChartContainer - [hivemq-test-hivemq-platform] [hivemq-platform-operator] [7b61d8db] 23:53:47.667 [main] INFO  c.h.p.o.HiveMQPlatformOperatorApplication - Validate Platform ServiceAccount permissions: true
2025-01-28 23:53:47,779 INFO c.h.h.t.HelmChartContainer - [hivemq-test-hivemq-platform] [hivemq-platform-operator] [7b61d8db] 23:53:47.777 [main] INFO  c.h.platform.operator.util.CRDUtil - Verifying deployed HiveMQ Platform CRD...
2025-01-28 23:53:50,070 INFO c.h.h.t.HelmChartContainer - [hivemq-test-hivemq-platform] [hivemq-platform-operator] [7b61d8db] 23:53:50.067 [main] DEBUG c.h.platform.operator.util.CRDUtil - HiveMQ Platform CRD version v1 is up to date
2025-01-28 23:53:50,070 INFO c.h.h.t.HelmChartContainer - [hivemq-test-hivemq-platform] [hivemq-platform-operator] [7b61d8db] 23:53:50.067 [main] INFO  c.h.platform.operator.util.CRDUtil - HiveMQ Platform CRD is up to date (version: V1_6_0)
2025-01-28 23:53:50,070 INFO c.h.h.t.HelmChartContainer - [hivemq-test-hivemq-platform] [hivemq-platform-operator] [7b61d8db] 23:53:50.067 [main] INFO  c.h.platform.operator.util.CRDUtil - Waiting 10000 ms for HiveMQ Platform CRD 'hivemq-platforms.hivemq.com' to become ready...
2025-01-28 23:53:50,373 INFO c.h.h.t.HelmChartContainer - [hivemq-test-hivemq-platform] [hivemq-platform-operator] [7b61d8db] 23:53:50.372 [vert.x-eventloop-thread-1] DEBUG c.h.platform.operator.util.CRDUtil - Checking CRD condition 'NamesAccepted' (status: 'True')
2025-01-28 23:53:50,373 INFO c.h.h.t.HelmChartContainer - [hivemq-test-hivemq-platform] [hivemq-platform-operator] [7b61d8db] 23:53:50.372 [vert.x-eventloop-thread-1] DEBUG c.h.platform.operator.util.CRDUtil - Checking CRD condition 'Established' (status: 'True')
2025-01-28 23:53:50,374 INFO c.h.h.t.HelmChartContainer - [hivemq-test-hivemq-platform] [hivemq-platform-operator] [7b61d8db] 23:53:50.373 [main] INFO  c.h.platform.operator.util.CRDUtil - HiveMQ Platform CRD 'hivemq-platforms.hivemq.com' is ready
2025-01-28 23:53:50,485 INFO c.h.h.t.HelmChartContainer - [hivemq-test-hivemq-platform] [hivemq-platform-operator] [7b61d8db] 23:53:50.485 [main] INFO  c.h.p.o.HiveMQPlatformReconciler - HiveMQ Platform Operator is starting...
2025-01-28 23:53:50,581 INFO c.h.h.t.HelmChartContainer - [hivemq-test-hivemq-platform] [hivemq-platform-operator] [7b61d8db] 23:53:50.580 [main] WARN  Default ConfigurationService implementation - Configuration for reconciler 'hivemq-controller' was not found. Known reconcilers: None.
2025-01-28 23:53:50,587 INFO c.h.h.t.HelmChartContainer - [hivemq-test-hivemq-platform] [hivemq-platform-operator] [7b61d8db] 23:53:50.586 [main] INFO  Default ConfigurationService implementation - Created configuration for reconciler com.hivemq.platform.operator.HiveMQPlatformReconciler with name hivemq-controller
2025-01-28 23:53:50,684 INFO c.h.h.t.HelmChartContainer - [hivemq-test-hivemq-platform] [hivemq-platform-operator] [7b61d8db] 23:53:50.684 [main] DEBUG c.h.p.o.HiveMQPlatformReconciler - HiveMQ Platform Operator is preparing EventSources
2025-01-28 23:53:50,695 INFO c.h.h.t.HelmChartContainer - [hivemq-test-hivemq-platform] [hivemq-platform-operator] [7b61d8db] 23:53:50.694 [main] INFO  i.javaoperatorsdk.operator.Operator - Registered reconciler: 'hivemq-controller' for resource: 'class com.hivemq.platform.operator.v1.HiveMQPlatform' for namespace(s): [all namespaces]
2025-01-28 23:53:51,268 INFO c.h.h.t.HelmChartContainer - [hivemq-test-hivemq-platform] [hivemq-platform-operator] [7b61d8db] 23:53:51.267 [main] INFO  c.h.p.operator.webserver.JettyServer - Starting Jetty server on port 8080
2025-01-28 23:53:51,291 INFO c.h.h.t.HelmChartContainer - [hivemq-test-hivemq-platform] [hivemq-platform-operator] [7b61d8db] 23:53:51.289 [main] INFO  i.javaoperatorsdk.operator.Operator - Operator SDK 4.9.7 (commit: 2133d28) built on Wed Nov 20 12:56:20 UTC 2024 starting...
2025-01-28 23:53:51,291 INFO c.h.h.t.HelmChartContainer - [hivemq-test-hivemq-platform] [hivemq-platform-operator] [7b61d8db] 23:53:51.289 [main] INFO  i.javaoperatorsdk.operator.Operator - Client version: 6.13.4
2025-01-28 23:53:51,292 INFO c.h.h.t.HelmChartContainer - [hivemq-test-hivemq-platform] [hivemq-platform-operator] [7b61d8db] 23:53:51.291 [Controller Starter for: hivemq-controller] INFO  i.j.operator.processing.Controller - Starting 'hivemq-controller' controller for reconciler: com.hivemq.platform.operator.HiveMQPlatformReconciler, resource: com.hivemq.platform.operator.v1.HiveMQPlatform
2025-01-28 23:53:53,572 INFO c.h.h.t.HelmChartContainer - [hivemq-test-hivemq-platform] [hivemq-platform-operator] [7b61d8db] 23:53:53.572 [Controller Starter for: hivemq-controller] INFO  i.j.operator.processing.Controller - 'hivemq-controller' controller started
2025-01-28 23:53:53,573 INFO c.h.h.t.HelmChartContainer - [hivemq-test-hivemq-platform] [hivemq-platform-operator] [7b61d8db] 23:53:53.572 [main] INFO  c.h.p.o.HiveMQPlatformOperatorApplication - HiveMQ Platform Operator 1.7.0-SNAPSHOT started in 5949 ms
2025-01-28 23:53:55,475 INFO c.h.h.t.HelmChartContainer - [POD] hivemq-test-hivemq-platform-operator-6966f96d65-sgmbq [7b61d8db-43f4-4fbf-9fef-689f7c25764c] in helmlegacystatefulsetmigrationit-operator was MODIFIED
2025-01-28 23:53:55,478 INFO c.h.h.t.HelmChartContainer - [K3S] [replica_set.go:679] "Finished syncing" kind="ReplicaSet" key="helmlegacystatefulsetmigrationit-operator/hivemq-test-hivemq-platform-operator-6966f96d65" duration="8.809512ms"
2025-01-28 23:53:55,478 INFO c.h.h.t.HelmChartContainer - [K3S] [replica_set.go:679] "Finished syncing" kind="ReplicaSet" key="helmlegacystatefulsetmigrationit-operator/hivemq-test-hivemq-platform-operator-6966f96d65" duration="39.574µs"
2025-01-28 23:53:58,390 DEBUG c.h.h.t.HelmChartContainer - Executing helm command: /bin/helm --kubeconfig /etc/rancher/k3s/k3s.yaml install test-hivemq-legacy-platform /charts/hivemq-operator --wait --timeout 5m0s -f /files/migration-legacy-stateful-set-values.yaml --namespace helmlegacystatefulsetmigrationit-operator
2025-01-28 23:54:01,039 INFO c.h.h.t.HelmChartContainer - [K3S] [alloc.go:330] "allocated clusterIPs" service="helmlegacystatefulsetmigrationit-operator/test-hivemq-legacy-platform-hivemq-operator-operator" clusterIPs={"IPv4":"10.43.190.13"}
2025-01-28 23:54:01,053 INFO c.h.h.t.HelmChartContainer - [POD] test-hivemq-legacy-platform-hivemq-operator-operator-56c5b47jw7 [8001b514-6b1a-446c-ba64-d10b40de2412] in helmlegacystatefulsetmigrationit-operator was ADDED
2025-01-28 23:54:01,058 INFO c.h.h.t.HelmChartContainer - [EVENT] Normal [ScalingReplicaSet] Scaled up replica set test-hivemq-legacy-platform-hivemq-operator-operator-56c5b9f7b7 from 0 to 1 [helmlegacystatefulsetmigrationit-operator:test-hivemq-legacy-platform-hivemq-operator-operator]
2025-01-28 23:54:01,062 INFO c.h.h.t.HelmChartContainer - [POD] test-hivemq-legacy-platform-hivemq-operator-operator-56c5b47jw7 [8001b514-6b1a-446c-ba64-d10b40de2412] in helmlegacystatefulsetmigrationit-operator was MODIFIED
2025-01-28 23:54:01,065 INFO c.h.h.t.HelmChartContainer - [EVENT] Normal [SuccessfulCreate] Created pod: test-hivemq-legacy-platform-hivemq-operator-operator-56c5b47jw7 [helmlegacystatefulsetmigrationit-operator:test-hivemq-legacy-platform-hivemq-operator-operator-56c5b9f7b7]
2025-01-28 23:54:01,068 INFO c.h.h.t.HelmChartContainer - [EVENT] Normal [Scheduled] Successfully assigned helmlegacystatefulsetmigrationit-operator/test-hivemq-legacy-platform-hivemq-operator-operator-56c5b47jw7 to 62a9fd0284dd [helmlegacystatefulsetmigrationit-operator:test-hivemq-legacy-platform-hivemq-operator-operator-56c5b47jw7]
2025-01-28 23:54:01,072 INFO c.h.h.t.HelmChartContainer - [K3S] [replica_set.go:679] "Finished syncing" kind="ReplicaSet" key="helmlegacystatefulsetmigrationit-operator/test-hivemq-legacy-platform-hivemq-operator-operator-56c5b9f7b7" duration="18.686213ms"
2025-01-28 23:54:01,079 INFO c.h.h.t.HelmChartContainer - [POD] test-hivemq-legacy-platform-hivemq-operator-operator-56c5b47jw7 [8001b514-6b1a-446c-ba64-d10b40de2412] in helmlegacystatefulsetmigrationit-operator was MODIFIED
2025-01-28 23:54:01,085 INFO c.h.h.t.HelmChartContainer - [K3S] [replica_set.go:679] "Finished syncing" kind="ReplicaSet" key="helmlegacystatefulsetmigrationit-operator/test-hivemq-legacy-platform-hivemq-operator-operator-56c5b9f7b7" duration="17.687196ms"
2025-01-28 23:54:01,098 INFO c.h.h.t.HelmChartContainer - [K3S] [replica_set.go:679] "Finished syncing" kind="ReplicaSet" key="helmlegacystatefulsetmigrationit-operator/test-hivemq-legacy-platform-hivemq-operator-operator-56c5b9f7b7" duration="12.690438ms"
2025-01-28 23:54:01,098 INFO c.h.h.t.HelmChartContainer - [K3S] [replica_set.go:679] "Finished syncing" kind="ReplicaSet" key="helmlegacystatefulsetmigrationit-operator/test-hivemq-legacy-platform-hivemq-operator-operator-56c5b9f7b7" duration="30.067µs"
2025-01-28 23:54:01,143 INFO c.h.h.t.HelmChartContainer - [K3S] [reconciler_common.go:251] "operationExecutor.VerifyControllerAttachedVolume started for volume \"templates\" (UniqueName: \"kubernetes.io/configmap/8001b514-6b1a-446c-ba64-d10b40de2412-templates\") pod \"test-hivemq-legacy-platform-hivemq-operator-operator-56c5b47jw7\" (UID: \"8001b514-6b1a-446c-ba64-d10b40de2412\") " pod="helmlegacystatefulsetmigrationit-operator/test-hivemq-legacy-platform-hivemq-operator-operator-56c5b47jw7"
2025-01-28 23:54:01,143 INFO c.h.h.t.HelmChartContainer - [K3S] [reconciler_common.go:251] "operationExecutor.VerifyControllerAttachedVolume started for volume \"kube-api-access-sbfch\" (UniqueName: \"kubernetes.io/projected/8001b514-6b1a-446c-ba64-d10b40de2412-kube-api-access-sbfch\") pod \"test-hivemq-legacy-platform-hivemq-operator-operator-56c5b47jw7\" (UID: \"8001b514-6b1a-446c-ba64-d10b40de2412\") " pod="helmlegacystatefulsetmigrationit-operator/test-hivemq-legacy-platform-hivemq-operator-operator-56c5b47jw7"
2025-01-28 23:54:01,445 INFO c.h.h.t.HelmChartContainer - [EVENT] Normal [Pulling] Pulling image "hivemq/hivemq-operator:4.7.10" [helmlegacystatefulsetmigrationit-operator:test-hivemq-legacy-platform-hivemq-operator-operator-56c5b47jw7]
2025-01-28 23:54:01,445 INFO c.h.h.t.HelmChartContainer - Received Pulling event for container operator in pod test-hivemq-legacy-platform-hivemq-operator-operator-56c5b47jw7 [8001b514-6b1a-446c-ba64-d10b40de2412]
2025-01-28 23:54:05,598 INFO c.h.h.t.HelmChartContainer - [EVENT] Normal [Pulled] Successfully pulled image "hivemq/hivemq-operator:4.7.10" in 4.152s (4.152s including waiting). Image size: 133174259 bytes. [helmlegacystatefulsetmigrationit-operator:test-hivemq-legacy-platform-hivemq-operator-operator-56c5b47jw7]
2025-01-28 23:54:05,598 INFO c.h.h.t.HelmChartContainer - Received Pulled event for container operator in pod test-hivemq-legacy-platform-hivemq-operator-operator-56c5b47jw7 [8001b514-6b1a-446c-ba64-d10b40de2412]
2025-01-28 23:54:05,604 INFO c.h.h.t.HelmChartContainer - [EVENT] Normal [Created] Created container: operator [helmlegacystatefulsetmigrationit-operator:test-hivemq-legacy-platform-hivemq-operator-operator-56c5b47jw7]
2025-01-28 23:54:05,604 INFO c.h.h.t.HelmChartContainer - Received Created event for container operator in pod test-hivemq-legacy-platform-hivemq-operator-operator-56c5b47jw7 [8001b514-6b1a-446c-ba64-d10b40de2412]
2025-01-28 23:54:06,486 INFO c.h.h.t.HelmChartContainer - [POD] test-hivemq-legacy-platform-hivemq-operator-operator-56c5b47jw7 [8001b514-6b1a-446c-ba64-d10b40de2412] in helmlegacystatefulsetmigrationit-operator was MODIFIED
2025-01-28 23:54:06,494 INFO c.h.h.t.HelmChartContainer - [K3S] [replica_set.go:679] "Finished syncing" kind="ReplicaSet" key="helmlegacystatefulsetmigrationit-operator/test-hivemq-legacy-platform-hivemq-operator-operator-56c5b9f7b7" duration="10.620215ms"
2025-01-28 23:54:06,494 INFO c.h.h.t.HelmChartContainer - [K3S] [replica_set.go:679] "Finished syncing" kind="ReplicaSet" key="helmlegacystatefulsetmigrationit-operator/test-hivemq-legacy-platform-hivemq-operator-operator-56c5b9f7b7" duration="37.409µs"
2025-01-28 23:54:06,501 INFO c.h.h.t.HelmChartContainer - [EVENT] Normal [Started] Started container operator [helmlegacystatefulsetmigrationit-operator:test-hivemq-legacy-platform-hivemq-operator-operator-56c5b47jw7]
2025-01-28 23:54:06,501 INFO c.h.h.t.HelmChartContainer - Started log watcher for operator in pod test-hivemq-legacy-platform-hivemq-operator-operator-56c5b47jw7 [8001b514-6b1a-446c-ba64-d10b40de2412]
2025-01-28 23:54:06,501 INFO c.h.h.t.HelmChartContainer - Received Started event for container operator in pod test-hivemq-legacy-platform-hivemq-operator-operator-56c5b47jw7 [8001b514-6b1a-446c-ba64-d10b40de2412]
2025-01-28 23:54:06,501 INFO c.h.h.t.HelmChartContainer - [test-hivemq-legacy-platform] [operator] [8001b514] Picked up JAVA_TOOL_OPTIONS: -XX:+UnlockExperimentalVMOptions -XX:InitialRAMPercentage=75 -XX:MaxRAMPercentage=75
2025-01-28 23:54:06,949 INFO c.h.h.t.HelmChartContainer - [test-hivemq-legacy-platform] [operator] [8001b514]  __  __ _                                  _   
2025-01-28 23:54:06,949 INFO c.h.h.t.HelmChartContainer - [test-hivemq-legacy-platform] [operator] [8001b514] |  \/  (_) ___ _ __ ___  _ __   __ _ _   _| |_ 
2025-01-28 23:54:06,949 INFO c.h.h.t.HelmChartContainer - [test-hivemq-legacy-platform] [operator] [8001b514] | |\/| | |/ __| '__/ _ \| '_ \ / _` | | | | __|
2025-01-28 23:54:06,949 INFO c.h.h.t.HelmChartContainer - [test-hivemq-legacy-platform] [operator] [8001b514] | |  | | | (__| | | (_) | | | | (_| | |_| | |_ 
2025-01-28 23:54:06,949 INFO c.h.h.t.HelmChartContainer - [test-hivemq-legacy-platform] [operator] [8001b514] |_|  |_|_|\___|_|  \___/|_| |_|\__,_|\__,_|\__|
2025-01-28 23:54:06,951 INFO c.h.h.t.HelmChartContainer - [test-hivemq-legacy-platform] [operator] [8001b514]   Micronaut (v3.5.2)
2025-01-28 23:54:06,951 INFO c.h.h.t.HelmChartContainer - [test-hivemq-legacy-platform] [operator] [8001b514] 
2025-01-28 23:54:07,174 INFO com.hivemq.helmcharts.util.K8sUtil - Pod 'test-hivemq-legacy-platform-hivemq-operator-operator-56c5b47jw7' is ready
2025-01-28 23:54:09,055 INFO c.h.h.t.HelmChartContainer - [test-hivemq-legacy-platform] [operator] [8001b514] ?[36m23:54:09.051?[0;39m ?[1;30m[main]?[0;39m ?[34mINFO ?[0;39m ?[35mio.micronaut.runtime.Micronaut?[0;39m - Startup completed in 2137ms. Server Running: http://test-hivemq-legacy-platform-hivemq-operator-operator-56c5b47jw7:8443
2025-01-28 23:54:10,053 INFO c.h.h.t.HelmChartContainer - [test-hivemq-legacy-platform] [operator] [8001b514] ?[36m23:54:10.052?[0;39m ?[1;30m[main]?[0;39m ?[34mINFO ?[0;39m ?[35mcom.hivemq.Operator?[0;39m - Initializing HiveMQ operator
2025-01-28 23:54:11,013 INFO c.h.h.t.HelmChartContainer - [test-hivemq-legacy-platform] [operator] [8001b514] ?[36m23:54:11.011?[0;39m ?[1;30m[main]?[0;39m ?[34mINFO ?[0;39m ?[35mcom.hivemq.Operator?[0;39m - Operating from namespace 'helmlegacystatefulsetmigrationit-operator'
2025-01-28 23:54:11,158 INFO c.h.h.t.HelmChartContainer - [test-hivemq-legacy-platform] [operator] [8001b514] ?[36m23:54:11.157?[0;39m ?[1;30m[pool-3-thread-1]?[0;39m ?[34mINFO ?[0;39m ?[35mcom.hivemq.AbstractWatcher?[0;39m - CustomResource watcher running for kinds HiveMQCluster
2025-01-28 23:54:11,746 INFO c.h.h.t.HelmChartContainer - [test-hivemq-legacy-platform] [operator] [8001b514] ?[36m23:54:11.745?[0;39m ?[1;30m[main]?[0;39m ?[34mINFO ?[0;39m ?[35mcom.hivemq.Operator?[0;39m - Operator started in 1693ms
2025-01-28 23:54:12,059 INFO c.h.h.t.HelmChartContainer - [test-hivemq-legacy-platform] [operator] [8001b514] ?[36m23:54:12.058?[0;39m ?[1;30m[pool-3-thread-2]?[0;39m ?[34mINFO ?[0;39m ?[35mcom.hivemq.Operator?[0;39m - Syncing state for cluster 'test-hivemq-legacy-platform' in namespace 'helmlegacystatefulsetmigrationit-operator'
2025-01-28 23:54:12,365 INFO c.h.h.t.HelmChartContainer - [K3S] [alloc.go:330] "allocated clusterIPs" service="helmlegacystatefulsetmigrationit-operator/hivemq-test-hivemq-legacy-platform-mqtt" clusterIPs={"IPv4":"10.43.145.145"}
2025-01-28 23:54:12,379 INFO c.h.h.t.HelmChartContainer - [K3S] [alloc.go:330] "allocated clusterIPs" service="helmlegacystatefulsetmigrationit-operator/hivemq-test-hivemq-legacy-platform-api" clusterIPs={"IPv4":"10.43.61.103"}
2025-01-28 23:54:12,461 INFO c.h.h.t.HelmChartContainer - [K3S] [alloc.go:330] "allocated clusterIPs" service="helmlegacystatefulsetmigrationit-operator/hivemq-test-hivemq-legacy-platform-cc" clusterIPs={"IPv4":"10.43.231.157"}
2025-01-28 23:54:12,469 INFO c.h.h.t.HelmChartContainer - [K3S] [alloc.go:330] "allocated clusterIPs" service="helmlegacystatefulsetmigrationit-operator/hivemq-test-hivemq-legacy-platform-metrics" clusterIPs={"IPv4":"10.43.15.123"}
2025-01-28 23:54:12,757 DEBUG com.hivemq.helmcharts.util.K8sUtil - Comparing actual state 'Pending' and waiting for 'Running'
2025-01-28 23:54:13,719 DEBUG com.hivemq.helmcharts.util.K8sUtil - Comparing actual state 'Pending' and waiting for 'Running'
2025-01-28 23:54:13,944 INFO c.h.h.t.HelmChartContainer - [test-hivemq-legacy-platform] [operator] [8001b514] ?[36m23:54:13.943?[0;39m ?[1;30m[pool-3-thread-9]?[0;39m ?[34mINFO ?[0;39m ?[35mcom.hivemq.Operator?[0;39m - Syncing state for cluster 'test-hivemq-legacy-platform' in namespace 'helmlegacystatefulsetmigrationit-operator'
2025-01-28 23:54:14,078 INFO c.h.h.t.HelmChartContainer - [EVENT] Normal [SuccessfulCreate] create Claim data-test-hivemq-legacy-platform-0 Pod test-hivemq-legacy-platform-0 in StatefulSet test-hivemq-legacy-platform success [helmlegacystatefulsetmigrationit-operator:test-hivemq-legacy-platform]
2025-01-28 23:54:14,090 INFO c.h.h.t.HelmChartContainer - [EVENT] Normal [SuccessfulCreate] create Pod test-hivemq-legacy-platform-0 in StatefulSet test-hivemq-legacy-platform successful [helmlegacystatefulsetmigrationit-operator:test-hivemq-legacy-platform]
2025-01-28 23:54:14,090 INFO c.h.h.t.HelmChartContainer - [POD] test-hivemq-legacy-platform-0 [8ba97e76-8fe2-40db-9fcd-4895ea267d00] in helmlegacystatefulsetmigrationit-operator was ADDED
2025-01-28 23:54:14,094 INFO c.h.h.t.HelmChartContainer - [EVENT] Normal [WaitForFirstConsumer] waiting for first consumer to be created before binding [helmlegacystatefulsetmigrationit-operator:data-test-hivemq-legacy-platform-0]
2025-01-28 23:54:14,099 INFO c.h.h.t.HelmChartContainer - [EVENT] Normal [ExternalProvisioning] Waiting for a volume to be created either by the external provisioner 'rancher.io/local-path' or manually by the system administrator. If volume creation is delayed, please verify that the provisioner is running and correctly registered. [helmlegacystatefulsetmigrationit-operator:data-test-hivemq-legacy-platform-0]
2025-01-28 23:54:14,105 INFO c.h.h.t.HelmChartContainer - [EVENT] Normal [Provisioning] External provisioner is provisioning volume for claim "helmlegacystatefulsetmigrationit-operator/data-test-hivemq-legacy-platform-0" [helmlegacystatefulsetmigrationit-operator:data-test-hivemq-legacy-platform-0]
2025-01-28 23:54:14,180 INFO c.h.h.t.HelmChartContainer - [POD] helper-pod-create-pvc-27ec445c-1fb4-4e08-9f63-a798055ff01b [f65ef294-5dec-46e5-9354-eca32daf8092] in kube-system was ADDED
2025-01-28 23:54:14,189 INFO c.h.h.t.HelmChartContainer - [POD] helper-pod-create-pvc-27ec445c-1fb4-4e08-9f63-a798055ff01b [f65ef294-5dec-46e5-9354-eca32daf8092] in kube-system was MODIFIED
2025-01-28 23:54:14,214 INFO c.h.h.t.HelmChartContainer - [K3S] [reconciler_common.go:251] "operationExecutor.VerifyControllerAttachedVolume started for volume \"kube-api-access-v5cmj\" (UniqueName: \"kubernetes.io/projected/f65ef294-5dec-46e5-9354-eca32daf8092-kube-api-access-v5cmj\") pod \"helper-pod-create-pvc-27ec445c-1fb4-4e08-9f63-a798055ff01b\" (UID: \"f65ef294-5dec-46e5-9354-eca32daf8092\") " pod="kube-system/helper-pod-create-pvc-27ec445c-1fb4-4e08-9f63-a798055ff01b"
2025-01-28 23:54:14,215 INFO c.h.h.t.HelmChartContainer - [K3S] [reconciler_common.go:251] "operationExecutor.VerifyControllerAttachedVolume started for volume \"data\" (UniqueName: \"kubernetes.io/host-path/f65ef294-5dec-46e5-9354-eca32daf8092-data\") pod \"helper-pod-create-pvc-27ec445c-1fb4-4e08-9f63-a798055ff01b\" (UID: \"f65ef294-5dec-46e5-9354-eca32daf8092\") " pod="kube-system/helper-pod-create-pvc-27ec445c-1fb4-4e08-9f63-a798055ff01b"
2025-01-28 23:54:14,215 INFO c.h.h.t.HelmChartContainer - [K3S] [reconciler_common.go:251] "operationExecutor.VerifyControllerAttachedVolume started for volume \"script\" (UniqueName: \"kubernetes.io/configmap/f65ef294-5dec-46e5-9354-eca32daf8092-script\") pod \"helper-pod-create-pvc-27ec445c-1fb4-4e08-9f63-a798055ff01b\" (UID: \"f65ef294-5dec-46e5-9354-eca32daf8092\") " pod="kube-system/helper-pod-create-pvc-27ec445c-1fb4-4e08-9f63-a798055ff01b"
2025-01-28 23:54:14,659 DEBUG com.hivemq.helmcharts.util.K8sUtil - Comparing actual state 'Pending' and waiting for 'Running'
2025-01-28 23:54:15,123 DEBUG com.hivemq.helmcharts.util.K8sUtil - Comparing actual state 'Updating' and waiting for 'Running'
2025-01-28 23:54:16,500 INFO c.h.h.t.HelmChartContainer - [POD] helper-pod-create-pvc-27ec445c-1fb4-4e08-9f63-a798055ff01b [f65ef294-5dec-46e5-9354-eca32daf8092] in kube-system was MODIFIED
2025-01-28 23:54:17,502 INFO c.h.h.t.HelmChartContainer - [POD] helper-pod-create-pvc-27ec445c-1fb4-4e08-9f63-a798055ff01b [f65ef294-5dec-46e5-9354-eca32daf8092] in kube-system was MODIFIED
2025-01-28 23:54:18,568 INFO c.h.h.t.HelmChartContainer - [POD] helper-pod-create-pvc-27ec445c-1fb4-4e08-9f63-a798055ff01b [f65ef294-5dec-46e5-9354-eca32daf8092] in kube-system was MODIFIED
2025-01-28 23:54:18,656 INFO c.h.h.t.HelmChartContainer - [K3S] [reconciler_common.go:162] "operationExecutor.UnmountVolume started for volume \"kube-api-access-v5cmj\" (UniqueName: \"kubernetes.io/projected/f65ef294-5dec-46e5-9354-eca32daf8092-kube-api-access-v5cmj\") pod \"f65ef294-5dec-46e5-9354-eca32daf8092\" (UID: \"f65ef294-5dec-46e5-9354-eca32daf8092\") "
2025-01-28 23:54:18,656 INFO c.h.h.t.HelmChartContainer - [K3S] [reconciler_common.go:162] "operationExecutor.UnmountVolume started for volume \"data\" (UniqueName: \"kubernetes.io/host-path/f65ef294-5dec-46e5-9354-eca32daf8092-data\") pod \"f65ef294-5dec-46e5-9354-eca32daf8092\" (UID: \"f65ef294-5dec-46e5-9354-eca32daf8092\") "
2025-01-28 23:54:18,656 INFO c.h.h.t.HelmChartContainer - [K3S] [reconciler_common.go:162] "operationExecutor.UnmountVolume started for volume \"script\" (UniqueName: \"kubernetes.io/configmap/f65ef294-5dec-46e5-9354-eca32daf8092-script\") pod \"f65ef294-5dec-46e5-9354-eca32daf8092\" (UID: \"f65ef294-5dec-46e5-9354-eca32daf8092\") "
2025-01-28 23:54:18,757 INFO c.h.h.t.HelmChartContainer - [K3S] [reconciler_common.go:299] "Volume detached for volume \"kube-api-access-v5cmj\" (UniqueName: \"kubernetes.io/projected/f65ef294-5dec-46e5-9354-eca32daf8092-kube-api-access-v5cmj\") on node \"62a9fd0284dd\" DevicePath \"\""
2025-01-28 23:54:18,757 INFO c.h.h.t.HelmChartContainer - [K3S] [reconciler_common.go:299] "Volume detached for volume \"data\" (UniqueName: \"kubernetes.io/host-path/f65ef294-5dec-46e5-9354-eca32daf8092-data\") on node \"62a9fd0284dd\" DevicePath \"\""
2025-01-28 23:54:18,757 INFO c.h.h.t.HelmChartContainer - [K3S] [reconciler_common.go:299] "Volume detached for volume \"script\" (UniqueName: \"kubernetes.io/configmap/f65ef294-5dec-46e5-9354-eca32daf8092-script\") on node \"62a9fd0284dd\" DevicePath \"\""
2025-01-28 23:54:19,208 INFO c.h.h.t.HelmChartContainer - [POD] helper-pod-create-pvc-27ec445c-1fb4-4e08-9f63-a798055ff01b [f65ef294-5dec-46e5-9354-eca32daf8092] in kube-system was MODIFIED
2025-01-28 23:54:19,212 INFO c.h.h.t.HelmChartContainer - [POD] helper-pod-create-pvc-27ec445c-1fb4-4e08-9f63-a798055ff01b [f65ef294-5dec-46e5-9354-eca32daf8092] in kube-system was DELETED
2025-01-28 23:54:19,218 INFO c.h.h.t.HelmChartContainer - [EVENT] Normal [ProvisioningSucceeded] Successfully provisioned volume pvc-27ec445c-1fb4-4e08-9f63-a798055ff01b [helmlegacystatefulsetmigrationit-operator:data-test-hivemq-legacy-platform-0]
2025-01-28 23:54:19,497 INFO c.h.h.t.HelmChartContainer - [K3S] [pod_container_deletor.go:80] "Container not found in pod's containers" containerID="1324bfe6eb6f6d25cc02e27d5f2f52094660407ba3582df5d25169e68c453917"
2025-01-28 23:54:19,503 INFO c.h.h.t.HelmChartContainer - [K3S] [status_manager.go:890] "Failed to get status for pod" podUID="f65ef294-5dec-46e5-9354-eca32daf8092" pod="kube-system/helper-pod-create-pvc-27ec445c-1fb4-4e08-9f63-a798055ff01b" err="pods \"helper-pod-create-pvc-27ec445c-1fb4-4e08-9f63-a798055ff01b\" is forbidden: User \"system:node:62a9fd0284dd\" cannot get resource \"pods\" in API group \"\" in the namespace \"kube-system\": no relationship found between node '62a9fd0284dd' and this object"
2025-01-28 23:54:20,095 INFO c.h.h.t.HelmChartContainer - [EVENT] Normal [Scheduled] Successfully assigned helmlegacystatefulsetmigrationit-operator/test-hivemq-legacy-platform-0 to 62a9fd0284dd [helmlegacystatefulsetmigrationit-operator:test-hivemq-legacy-platform-0]
2025-01-28 23:54:20,096 INFO c.h.h.t.HelmChartContainer - [K3S] [memory_manager.go:355] "RemoveStaleState removing state" podUID="f65ef294-5dec-46e5-9354-eca32daf8092" containerName="helper-pod"
2025-01-28 23:54:20,097 INFO c.h.h.t.HelmChartContainer - [POD] test-hivemq-legacy-platform-0 [8ba97e76-8fe2-40db-9fcd-4895ea267d00] in helmlegacystatefulsetmigrationit-operator was MODIFIED
2025-01-28 23:54:20,099 INFO c.h.h.t.HelmChartContainer - [K3S] [status_manager.go:890] "Failed to get status for pod" podUID="f65ef294-5dec-46e5-9354-eca32daf8092" pod="kube-system/helper-pod-create-pvc-27ec445c-1fb4-4e08-9f63-a798055ff01b" err="pods \"helper-pod-create-pvc-27ec445c-1fb4-4e08-9f63-a798055ff01b\" is forbidden: User \"system:node:62a9fd0284dd\" cannot get resource \"pods\" in API group \"\" in the namespace \"kube-system\": no relationship found between node '62a9fd0284dd' and this object"
2025-01-28 23:54:20,121 INFO c.h.h.t.HelmChartContainer - [POD] test-hivemq-legacy-platform-0 [8ba97e76-8fe2-40db-9fcd-4895ea267d00] in helmlegacystatefulsetmigrationit-operator was MODIFIED
2025-01-28 23:54:20,165 INFO c.h.h.t.HelmChartContainer - [K3S] [reconciler_common.go:251] "operationExecutor.VerifyControllerAttachedVolume started for volume \"dns-wait-config\" (UniqueName: \"kubernetes.io/configmap/8ba97e76-8fe2-40db-9fcd-4895ea267d00-dns-wait-config\") pod \"test-hivemq-legacy-platform-0\" (UID: \"8ba97e76-8fe2-40db-9fcd-4895ea267d00\") " pod="helmlegacystatefulsetmigrationit-operator/test-hivemq-legacy-platform-0"
2025-01-28 23:54:20,165 INFO c.h.h.t.HelmChartContainer - [K3S] [reconciler_common.go:251] "operationExecutor.VerifyControllerAttachedVolume started for volume \"ese-file-realm\" (UniqueName: \"kubernetes.io/configmap/8ba97e76-8fe2-40db-9fcd-4895ea267d00-ese-file-realm\") pod \"test-hivemq-legacy-platform-0\" (UID: \"8ba97e76-8fe2-40db-9fcd-4895ea267d00\") " pod="helmlegacystatefulsetmigrationit-operator/test-hivemq-legacy-platform-0"
2025-01-28 23:54:20,166 INFO c.h.h.t.HelmChartContainer - [K3S] [reconciler_common.go:251] "operationExecutor.VerifyControllerAttachedVolume started for volume \"pvc-27ec445c-1fb4-4e08-9f63-a798055ff01b\" (UniqueName: \"kubernetes.io/local-volume/pvc-27ec445c-1fb4-4e08-9f63-a798055ff01b\") pod \"test-hivemq-legacy-platform-0\" (UID: \"8ba97e76-8fe2-40db-9fcd-4895ea267d00\") " pod="helmlegacystatefulsetmigrationit-operator/test-hivemq-legacy-platform-0"
2025-01-28 23:54:20,166 INFO c.h.h.t.HelmChartContainer - [K3S] [reconciler_common.go:251] "operationExecutor.VerifyControllerAttachedVolume started for volume \"heap-dumps\" (UniqueName: \"kubernetes.io/empty-dir/8ba97e76-8fe2-40db-9fcd-4895ea267d00-heap-dumps\") pod \"test-hivemq-legacy-platform-0\" (UID: \"8ba97e76-8fe2-40db-9fcd-4895ea267d00\") " pod="helmlegacystatefulsetmigrationit-operator/test-hivemq-legacy-platform-0"
2025-01-28 23:54:20,166 INFO c.h.h.t.HelmChartContainer - [K3S] [reconciler_common.go:251] "operationExecutor.VerifyControllerAttachedVolume started for volume \"live-info\" (UniqueName: \"kubernetes.io/configmap/8ba97e76-8fe2-40db-9fcd-4895ea267d00-live-info\") pod \"test-hivemq-legacy-platform-0\" (UID: \"8ba97e76-8fe2-40db-9fcd-4895ea267d00\") " pod="helmlegacystatefulsetmigrationit-operator/test-hivemq-legacy-platform-0"
2025-01-28 23:54:20,166 INFO c.h.h.t.HelmChartContainer - [K3S] [reconciler_common.go:251] "operationExecutor.VerifyControllerAttachedVolume started for volume \"shared-data\" (UniqueName: \"kubernetes.io/empty-dir/8ba97e76-8fe2-40db-9fcd-4895ea267d00-shared-data\") pod \"test-hivemq-legacy-platform-0\" (UID: \"8ba97e76-8fe2-40db-9fcd-4895ea267d00\") " pod="helmlegacystatefulsetmigrationit-operator/test-hivemq-legacy-platform-0"
2025-01-28 23:54:20,166 INFO c.h.h.t.HelmChartContainer - [K3S] [reconciler_common.go:251] "operationExecutor.VerifyControllerAttachedVolume started for volume \"conf-override\" (UniqueName: \"kubernetes.io/empty-dir/8ba97e76-8fe2-40db-9fcd-4895ea267d00-conf-override\") pod \"test-hivemq-legacy-platform-0\" (UID: \"8ba97e76-8fe2-40db-9fcd-4895ea267d00\") " pod="helmlegacystatefulsetmigrationit-operator/test-hivemq-legacy-platform-0"
2025-01-28 23:54:20,166 INFO c.h.h.t.HelmChartContainer - [K3S] [reconciler_common.go:251] "operationExecutor.VerifyControllerAttachedVolume started for volume \"log\" (UniqueName: \"kubernetes.io/empty-dir/8ba97e76-8fe2-40db-9fcd-4895ea267d00-log\") pod \"test-hivemq-legacy-platform-0\" (UID: \"8ba97e76-8fe2-40db-9fcd-4895ea267d00\") " pod="helmlegacystatefulsetmigrationit-operator/test-hivemq-legacy-platform-0"
2025-01-28 23:54:20,166 INFO c.h.h.t.HelmChartContainer - [K3S] [reconciler_common.go:251] "operationExecutor.VerifyControllerAttachedVolume started for volume \"kube-api-access-g2gj6\" (UniqueName: \"kubernetes.io/projected/8ba97e76-8fe2-40db-9fcd-4895ea267d00-kube-api-access-g2gj6\") pod \"test-hivemq-legacy-platform-0\" (UID: \"8ba97e76-8fe2-40db-9fcd-4895ea267d00\") " pod="helmlegacystatefulsetmigrationit-operator/test-hivemq-legacy-platform-0"
2025-01-28 23:54:20,166 INFO c.h.h.t.HelmChartContainer - [K3S] [reconciler_common.go:251] "operationExecutor.VerifyControllerAttachedVolume started for volume \"ese-configuration\" (UniqueName: \"kubernetes.io/configmap/8ba97e76-8fe2-40db-9fcd-4895ea267d00-ese-configuration\") pod \"test-hivemq-legacy-platform-0\" (UID: \"8ba97e76-8fe2-40db-9fcd-4895ea267d00\") " pod="helmlegacystatefulsetmigrationit-operator/test-hivemq-legacy-platform-0"
2025-01-28 23:54:20,166 INFO c.h.h.t.HelmChartContainer - [K3S] [reconciler_common.go:251] "operationExecutor.VerifyControllerAttachedVolume started for volume \"backup\" (UniqueName: \"kubernetes.io/empty-dir/8ba97e76-8fe2-40db-9fcd-4895ea267d00-backup\") pod \"test-hivemq-legacy-platform-0\" (UID: \"8ba97e76-8fe2-40db-9fcd-4895ea267d00\") " pod="helmlegacystatefulsetmigrationit-operator/test-hivemq-legacy-platform-0"
2025-01-28 23:54:20,167 INFO c.h.h.t.HelmChartContainer - [K3S] [reconciler_common.go:251] "operationExecutor.VerifyControllerAttachedVolume started for volume \"audit\" (UniqueName: \"kubernetes.io/empty-dir/8ba97e76-8fe2-40db-9fcd-4895ea267d00-audit\") pod \"test-hivemq-legacy-platform-0\" (UID: \"8ba97e76-8fe2-40db-9fcd-4895ea267d00\") " pod="helmlegacystatefulsetmigrationit-operator/test-hivemq-legacy-platform-0"
2025-01-28 23:54:20,182 INFO c.h.h.t.HelmChartContainer - [K3S] [kubelet_volumes.go:163] "Cleaned up orphaned pod volumes dir" podUID="f65ef294-5dec-46e5-9354-eca32daf8092" path="/var/lib/kubelet/pods/f65ef294-5dec-46e5-9354-eca32daf8092/volumes"
2025-01-28 23:54:20,479 INFO c.h.h.t.HelmChartContainer - [EVENT] Normal [Pulling] Pulling image "busybox:latest" [helmlegacystatefulsetmigrationit-operator:test-hivemq-legacy-platform-0]
2025-01-28 23:54:22,163 INFO c.h.h.t.HelmChartContainer - [EVENT] Normal [Pulled] Successfully pulled image "busybox:latest" in 1.684s (1.684s including waiting). Image size: 2167089 bytes. [helmlegacystatefulsetmigrationit-operator:test-hivemq-legacy-platform-0]
2025-01-28 23:54:22,171 INFO c.h.h.t.HelmChartContainer - [EVENT] Normal [Created] Created container: init-shared [helmlegacystatefulsetmigrationit-operator:test-hivemq-legacy-platform-0]
2025-01-28 23:54:22,210 INFO c.h.h.t.HelmChartContainer - [EVENT] Normal [Started] Started container init-shared [helmlegacystatefulsetmigrationit-operator:test-hivemq-legacy-platform-0]
2025-01-28 23:54:22,347 INFO c.h.h.t.HelmChartContainer - [K3S] [range_allocator.go:247] "Successfully synced" key="62a9fd0284dd"
2025-01-28 23:54:22,507 INFO c.h.h.t.HelmChartContainer - [EVENT] Normal [Pulling] Pulling image "hivemq/init-dns-wait:1.0.0" [helmlegacystatefulsetmigrationit-operator:test-hivemq-legacy-platform-0]
2025-01-28 23:54:22,532 INFO c.h.h.t.HelmChartContainer - [POD] test-hivemq-legacy-platform-0 [8ba97e76-8fe2-40db-9fcd-4895ea267d00] in helmlegacystatefulsetmigrationit-operator was MODIFIED
2025-01-28 23:54:24,221 INFO c.h.h.t.HelmChartContainer - [EVENT] Normal [Pulled] Successfully pulled image "hivemq/init-dns-wait:1.0.0" in 1.714s (1.714s including waiting). Image size: 9765054 bytes. [helmlegacystatefulsetmigrationit-operator:test-hivemq-legacy-platform-0]
2025-01-28 23:54:24,229 INFO c.h.h.t.HelmChartContainer - [EVENT] Normal [Created] Created container: dns-wait [helmlegacystatefulsetmigrationit-operator:test-hivemq-legacy-platform-0]
2025-01-28 23:54:24,268 INFO c.h.h.t.HelmChartContainer - [EVENT] Normal [Started] Started container dns-wait [helmlegacystatefulsetmigrationit-operator:test-hivemq-legacy-platform-0]
2025-01-28 23:54:24,520 INFO c.h.h.t.HelmChartContainer - [POD] test-hivemq-legacy-platform-0 [8ba97e76-8fe2-40db-9fcd-4895ea267d00] in helmlegacystatefulsetmigrationit-operator was MODIFIED
2025-01-28 23:54:34,531 INFO c.h.h.t.HelmChartContainer - [EVENT] Normal [Pulling] Pulling image "hivemq/hivemq4:k8s-4.36.0" [helmlegacystatefulsetmigrationit-operator:test-hivemq-legacy-platform-0]
2025-01-28 23:54:34,531 INFO c.h.h.t.HelmChartContainer - Received Pulling event for container hivemq in pod test-hivemq-legacy-platform-0 [8ba97e76-8fe2-40db-9fcd-4895ea267d00]
2025-01-28 23:54:34,538 INFO c.h.h.t.HelmChartContainer - [POD] test-hivemq-legacy-platform-0 [8ba97e76-8fe2-40db-9fcd-4895ea267d00] in helmlegacystatefulsetmigrationit-operator was MODIFIED
2025-01-28 23:54:40,807 INFO c.h.h.t.HelmChartContainer - [EVENT] Normal [Pulled] Successfully pulled image "hivemq/hivemq4:k8s-4.36.0" in 6.28s (6.28s including waiting). Image size: 699327787 bytes. [helmlegacystatefulsetmigrationit-operator:test-hivemq-legacy-platform-0]
2025-01-28 23:54:40,807 INFO c.h.h.t.HelmChartContainer - Received Pulled event for container hivemq in pod test-hivemq-legacy-platform-0 [8ba97e76-8fe2-40db-9fcd-4895ea267d00]
2025-01-28 23:54:40,814 INFO c.h.h.t.HelmChartContainer - [EVENT] Normal [Created] Created container: hivemq [helmlegacystatefulsetmigrationit-operator:test-hivemq-legacy-platform-0]
2025-01-28 23:54:40,814 INFO c.h.h.t.HelmChartContainer - Received Created event for container hivemq in pod test-hivemq-legacy-platform-0 [8ba97e76-8fe2-40db-9fcd-4895ea267d00]
2025-01-28 23:54:41,553 INFO c.h.h.t.HelmChartContainer - [POD] test-hivemq-legacy-platform-0 [8ba97e76-8fe2-40db-9fcd-4895ea267d00] in helmlegacystatefulsetmigrationit-operator was MODIFIED
2025-01-28 23:54:41,565 INFO c.h.h.t.HelmChartContainer - Started log watcher for hivemq in pod test-hivemq-legacy-platform-0 [8ba97e76-8fe2-40db-9fcd-4895ea267d00]
2025-01-28 23:54:41,565 INFO c.h.h.t.HelmChartContainer - [test-hivemq-legacy-platform] [hivemq] [8ba97e76] Copying external files
2025-01-28 23:54:41,565 INFO c.h.h.t.HelmChartContainer - [EVENT] Normal [Started] Started container hivemq [helmlegacystatefulsetmigrationit-operator:test-hivemq-legacy-platform-0]
2025-01-28 23:54:41,565 INFO c.h.h.t.HelmChartContainer - Received Started event for container hivemq in pod test-hivemq-legacy-platform-0 [8ba97e76-8fe2-40db-9fcd-4895ea267d00]
2025-01-28 23:54:41,566 INFO c.h.h.t.HelmChartContainer - [test-hivemq-legacy-platform] [hivemq] [8ba97e76] '/conf-override/extensions/hivemq-enterprise-security-extension/..2025_01_28_23_54_20.2788908935' -> '/opt/hivemq/extensions/hivemq-enterprise-security-extension/..2025_01_28_23_54_20.2788908935'
2025-01-28 23:54:41,567 INFO c.h.h.t.HelmChartContainer - [test-hivemq-legacy-platform] [hivemq] [8ba97e76] '/conf-override/extensions/hivemq-enterprise-security-extension/..2025_01_28_23_54_20.2788908935/enterprise-security-extension.xml' -> '/opt/hivemq/extensions/hivemq-enterprise-security-extension/..2025_01_28_23_54_20.2788908935/enterprise-security-extension.xml'
2025-01-28 23:54:41,567 INFO c.h.h.t.HelmChartContainer - [test-hivemq-legacy-platform] [hivemq] [8ba97e76] '/conf-override/extensions/hivemq-enterprise-security-extension/..data' -> '/opt/hivemq/extensions/hivemq-enterprise-security-extension/..data'
2025-01-28 23:54:41,567 INFO c.h.h.t.HelmChartContainer - [test-hivemq-legacy-platform] [hivemq] [8ba97e76] '/conf-override/extensions/hivemq-enterprise-security-extension/enterprise-security-extension.xml' -> '/opt/hivemq/extensions/hivemq-enterprise-security-extension/enterprise-security-extension.xml'
2025-01-28 23:54:41,567 INFO c.h.h.t.HelmChartContainer - [test-hivemq-legacy-platform] [hivemq] [8ba97e76] Rewriting config.xml...
2025-01-28 23:54:41,567 INFO c.h.h.t.HelmChartContainer - [test-hivemq-legacy-platform] [hivemq] [8ba97e76] Creating initial lastUpdate files...
2025-01-28 23:54:41,567 INFO c.h.h.t.HelmChartContainer - [test-hivemq-legacy-platform] [hivemq] [8ba97e76] '/conf-override/extensions/hivemq-enterprise-security-extension/..2025_01_28_23_54_20.2788908935/enterprise-security-extension.xml' -> '/opt/hivemq/extensions/hivemq-enterprise-security-extension/..2025_01_28_23_54_20.2788908935/enterprise-security-extension.xml.lastUpdate'
2025-01-28 23:54:41,567 INFO c.h.h.t.HelmChartContainer - [test-hivemq-legacy-platform] [hivemq] [8ba97e76] Pod info:
2025-01-28 23:54:41,567 INFO c.h.h.t.HelmChartContainer - [test-hivemq-legacy-platform] [hivemq] [8ba97e76] extension-names=hivemq-enterprise-security-extension
2025-01-28 23:54:41,567 INFO c.h.h.t.HelmChartContainer - [test-hivemq-legacy-platform] [hivemq] [8ba97e76] extension-uris=preinstalled
2025-01-28 23:54:41,567 INFO c.h.h.t.HelmChartContainer - [test-hivemq-legacy-platform] [hivemq] [8ba97e76] extension-states=true
2025-01-28 23:54:41,567 INFO c.h.h.t.HelmChartContainer - [test-hivemq-legacy-platform] [hivemq] [8ba97e76] extensions-static=false
2025-01-28 23:54:41,567 INFO c.h.h.t.HelmChartContainer - [test-hivemq-legacy-platform] [hivemq] [8ba97e76] Installing extension #0 with name: hivemq-enterprise-security-extension, URI: preinstalled, enabled state: true
2025-01-28 23:54:41,567 INFO c.h.h.t.HelmChartContainer - [test-hivemq-legacy-platform] [hivemq] [8ba97e76] + [[ 3 != 3 ]]
2025-01-28 23:54:41,567 INFO c.h.h.t.HelmChartContainer - [test-hivemq-legacy-platform] [hivemq] [8ba97e76] + EXTENSION_URI=preinstalled
2025-01-28 23:54:41,567 INFO c.h.h.t.HelmChartContainer - [test-hivemq-legacy-platform] [hivemq] [8ba97e76] + EXTENSION_NAME=hivemq-enterprise-security-extension
2025-01-28 23:54:41,567 INFO c.h.h.t.HelmChartContainer - [test-hivemq-legacy-platform] [hivemq] [8ba97e76] + TARGET_STATE=true
2025-01-28 23:54:41,567 INFO c.h.h.t.HelmChartContainer - [test-hivemq-legacy-platform] [hivemq] [8ba97e76] + TARGET_DIR=/opt/hivemq/extensions/hivemq-enterprise-security-extension
2025-01-28 23:54:41,568 INFO c.h.h.t.HelmChartContainer - [test-hivemq-legacy-platform] [hivemq] [8ba97e76] ++ mktemp -d
2025-01-28 23:54:41,569 INFO c.h.h.t.HelmChartContainer - [test-hivemq-legacy-platform] [hivemq] [8ba97e76] + install_dir=/tmp/tmp.SnfZkgeuMr
2025-01-28 23:54:41,569 INFO c.h.h.t.HelmChartContainer - [test-hivemq-legacy-platform] [hivemq] [8ba97e76] + set +e
2025-01-28 23:54:41,570 INFO c.h.h.t.HelmChartContainer - [test-hivemq-legacy-platform] [hivemq] [8ba97e76] + [[ -f /opt/hivemq/extensions/hivemq-enterprise-security-extension/DISABLED ]]
2025-01-28 23:54:41,570 INFO c.h.h.t.HelmChartContainer - [test-hivemq-legacy-platform] [hivemq] [8ba97e76] + was_enabled=0
2025-01-28 23:54:41,570 INFO c.h.h.t.HelmChartContainer - [test-hivemq-legacy-platform] [hivemq] [8ba97e76] + set -e
2025-01-28 23:54:41,570 INFO c.h.h.t.HelmChartContainer - [test-hivemq-legacy-platform] [hivemq] [8ba97e76] + [[ preinstalled != \p\r\e\i\n\s\t\a\l\l\e\d ]]
2025-01-28 23:54:41,570 INFO c.h.h.t.HelmChartContainer - [test-hivemq-legacy-platform] [hivemq] [8ba97e76] + [[ true == \f\a\l\s\e ]]
2025-01-28 23:54:41,571 INFO c.h.h.t.HelmChartContainer - [test-hivemq-legacy-platform] [hivemq] [8ba97e76] + [[ -f /opt/hivemq/extensions/hivemq-enterprise-security-extension/DISABLED ]]
2025-01-28 23:54:41,571 INFO c.h.h.t.HelmChartContainer - [test-hivemq-legacy-platform] [hivemq] [8ba97e76] + rm -f /opt/hivemq/extensions/hivemq-enterprise-security-extension/DISABLED
2025-01-28 23:54:41,571 INFO c.h.h.t.HelmChartContainer - [test-hivemq-legacy-platform] [hivemq] [8ba97e76] + was_enabled=0
2025-01-28 23:54:41,571 INFO c.h.h.t.HelmChartContainer - [test-hivemq-legacy-platform] [hivemq] [8ba97e76] + [[ preinstalled != \p\r\e\i\n\s\t\a\l\l\e\d ]]
2025-01-28 23:54:41,571 INFO c.h.h.t.HelmChartContainer - [test-hivemq-legacy-platform] [hivemq] [8ba97e76] + /opt/hivemq/bin/run_initialization.sh hivemq-enterprise-security-extension
2025-01-28 23:54:41,571 INFO c.h.h.t.HelmChartContainer - [test-hivemq-legacy-platform] [hivemq] [8ba97e76] + EXTENSION_NAME=hivemq-enterprise-security-extension
2025-01-28 23:54:41,571 INFO c.h.h.t.HelmChartContainer - [test-hivemq-legacy-platform] [hivemq] [8ba97e76] + TARGET_DIR=/opt/hivemq/extensions/hivemq-enterprise-security-extension
2025-01-28 23:54:41,571 INFO c.h.h.t.HelmChartContainer - [test-hivemq-legacy-platform] [hivemq] [8ba97e76] + cd /opt/hivemq/extensions/hivemq-enterprise-security-extension
2025-01-28 23:54:41,571 INFO c.h.h.t.HelmChartContainer - [test-hivemq-legacy-platform] [hivemq] [8ba97e76] + [[ -f init_tmp ]]
2025-01-28 23:54:41,571 INFO c.h.h.t.HelmChartContainer - [test-hivemq-legacy-platform] [hivemq] [8ba97e76] + [[ -f /etc/podinfo/init-extension-hivemq-enterprise-security-extension ]]
2025-01-28 23:54:41,571 INFO c.h.h.t.HelmChartContainer - [test-hivemq-legacy-platform] [hivemq] [8ba97e76] /conf-override/extensions/hivemq-enterprise-security-extension/:/opt/hivemq/extensions/hivemq-enterprise-security-extension
2025-01-28 23:54:41,571 INFO c.h.h.t.HelmChartContainer - [test-hivemq-legacy-platform] [hivemq] [8ba97e76] Disabling allow all extension
2025-01-28 23:54:41,571 INFO c.h.h.t.HelmChartContainer - [test-hivemq-legacy-platform] [hivemq] [8ba97e76] Enabling REST API in config.xml...
2025-01-28 23:54:41,571 INFO c.h.h.t.HelmChartContainer - [test-hivemq-legacy-platform] [hivemq] [8ba97e76] -------------------------------------------------------------------------
2025-01-28 23:54:41,571 INFO c.h.h.t.HelmChartContainer - [test-hivemq-legacy-platform] [hivemq] [8ba97e76] 
2025-01-28 23:54:41,571 INFO c.h.h.t.HelmChartContainer - [test-hivemq-legacy-platform] [hivemq] [8ba97e76]                   _    _  _              __  __   ____
2025-01-28 23:54:41,571 INFO c.h.h.t.HelmChartContainer - [test-hivemq-legacy-platform] [hivemq] [8ba97e76]                  | |  | |(_)            |  \/  | / __ \
2025-01-28 23:54:41,571 INFO c.h.h.t.HelmChartContainer - [test-hivemq-legacy-platform] [hivemq] [8ba97e76]                  | |__| | _ __   __ ___ | \  / || |  | |
2025-01-28 23:54:41,571 INFO c.h.h.t.HelmChartContainer - [test-hivemq-legacy-platform] [hivemq] [8ba97e76]                  |  __  || |\ \ / // _ \| |\/| || |  | |
2025-01-28 23:54:41,571 INFO c.h.h.t.HelmChartContainer - [test-hivemq-legacy-platform] [hivemq] [8ba97e76]                  | |  | || | \ V /|  __/| |  | || |__| |
2025-01-28 23:54:41,571 INFO c.h.h.t.HelmChartContainer - [test-hivemq-legacy-platform] [hivemq] [8ba97e76]                  |_|  |_||_|  \_/  \___||_|  |_| \___\_\
2025-01-28 23:54:41,571 INFO c.h.h.t.HelmChartContainer - [test-hivemq-legacy-platform] [hivemq] [8ba97e76] 
2025-01-28 23:54:41,571 INFO c.h.h.t.HelmChartContainer - [test-hivemq-legacy-platform] [hivemq] [8ba97e76] -------------------------------------------------------------------------
2025-01-28 23:54:41,571 INFO c.h.h.t.HelmChartContainer - [test-hivemq-legacy-platform] [hivemq] [8ba97e76] 
2025-01-28 23:54:41,571 INFO c.h.h.t.HelmChartContainer - [test-hivemq-legacy-platform] [hivemq] [8ba97e76]   HiveMQ Start Script for Linux/Unix v1.14
2025-01-28 23:54:41,571 INFO c.h.h.t.HelmChartContainer - [test-hivemq-legacy-platform] [hivemq] [8ba97e76] 
2025-01-28 23:54:41,571 INFO c.h.h.t.HelmChartContainer - [test-hivemq-legacy-platform] [hivemq] [8ba97e76] -------------------------------------------------------------------------
2025-01-28 23:54:41,571 INFO c.h.h.t.HelmChartContainer - [test-hivemq-legacy-platform] [hivemq] [8ba97e76] 
2025-01-28 23:54:41,571 INFO c.h.h.t.HelmChartContainer - [test-hivemq-legacy-platform] [hivemq] [8ba97e76]   HIVEMQ_HOME: /opt/hivemq
2025-01-28 23:54:41,571 INFO c.h.h.t.HelmChartContainer - [test-hivemq-legacy-platform] [hivemq] [8ba97e76] 
2025-01-28 23:54:41,571 INFO c.h.h.t.HelmChartContainer - [test-hivemq-legacy-platform] [hivemq] [8ba97e76]   JAVA_OPTS: -XX:+UnlockExperimentalVMOptions -XX:InitialRAMPercentage=40 -XX:MaxRAMPercentage=50 -XX:MinRAMPercentage=30 -Djava.net.preferIPv4Stack=true --add-opens java.base/java.lang=ALL-UNNAMED --add-opens java.base/java.nio=ALL-UNNAMED --add-opens java.base/sun.nio.ch=ALL-UNNAMED --add-opens jdk.management/com.sun.management.internal=ALL-UNNAMED --add-exports java.base/jdk.internal.misc=ALL-UNNAMED -Djava.security.egd=file:/dev/./urandom -Dcom.sun.management.jmxremote -Dcom.sun.management.jmxremote.port=9010 -Dcom.sun.management.jmxremote.local.only=false -Dcom.sun.management.jmxremote.authenticate=false -Dcom.sun.management.jmxremote.ssl=false -Duser.language=en -Duser.region=US -XX:+CrashOnOutOfMemoryError -XX:+HeapDumpOnOutOfMemoryError
2025-01-28 23:54:41,571 INFO c.h.h.t.HelmChartContainer - [test-hivemq-legacy-platform] [hivemq] [8ba97e76] 
2025-01-28 23:54:41,571 INFO c.h.h.t.HelmChartContainer - [test-hivemq-legacy-platform] [hivemq] [8ba97e76]   JAVA_VERSION: 21
2025-01-28 23:54:41,571 INFO c.h.h.t.HelmChartContainer - [test-hivemq-legacy-platform] [hivemq] [8ba97e76] 
2025-01-28 23:54:41,571 INFO c.h.h.t.HelmChartContainer - [test-hivemq-legacy-platform] [hivemq] [8ba97e76] -------------------------------------------------------------------------
2025-01-28 23:54:41,571 INFO c.h.h.t.HelmChartContainer - [test-hivemq-legacy-platform] [hivemq] [8ba97e76] 
2025-01-28 23:54:43,464 INFO c.h.h.t.HelmChartContainer - [test-hivemq-legacy-platform] [hivemq] [8ba97e76] INFO  - Starting HiveMQ Enterprise Server
2025-01-28 23:54:43,469 INFO c.h.h.t.HelmChartContainer - [test-hivemq-legacy-platform] [hivemq] [8ba97e76] INFO  - HiveMQ version: 4.36.0
2025-01-28 23:54:43,469 INFO c.h.h.t.HelmChartContainer - [test-hivemq-legacy-platform] [hivemq] [8ba97e76] INFO  - HiveMQ home directory: /opt/hivemq
2025-01-28 23:54:43,470 INFO c.h.h.t.HelmChartContainer - [test-hivemq-legacy-platform] [hivemq] [8ba97e76] INFO  - Log Configuration was overridden by /opt/hivemq/conf/logback.xml
2025-01-28 23:54:44,671 INFO c.h.h.t.HelmChartContainer - [test-hivemq-legacy-platform] [hivemq] [8ba97e76] INFO  - Successfully loaded configuration from '/opt/hivemq/conf/config.xml'.
2025-01-28 23:54:44,975 INFO c.h.h.t.HelmChartContainer - [test-hivemq-legacy-platform] [hivemq] [8ba97e76] INFO  - This node's ID is X7OoO
2025-01-28 23:54:44,975 INFO c.h.h.t.HelmChartContainer - [test-hivemq-legacy-platform] [hivemq] [8ba97e76] INFO  - Clustering is enabled
2025-01-28 23:54:47,681 INFO c.h.h.t.HelmChartContainer - [EVENT] Warning [Unhealthy] Readiness probe failed: Log statement not present (yet)
 [helmlegacystatefulsetmigrationit-operator:test-hivemq-legacy-platform-0]
2025-01-28 23:54:47,681 INFO c.h.h.t.HelmChartContainer - Received Unhealthy event for container hivemq in pod test-hivemq-legacy-platform-0 [8ba97e76-8fe2-40db-9fcd-4895ea267d00]
2025-01-28 23:54:52,679 INFO c.h.h.t.HelmChartContainer - [EVENT] Warning [Unhealthy] Readiness probe failed: Log statement not present (yet)
 [helmlegacystatefulsetmigrationit-operator:test-hivemq-legacy-platform-0]
2025-01-28 23:54:52,679 INFO c.h.h.t.HelmChartContainer - Received Unhealthy event for container hivemq in pod test-hivemq-legacy-platform-0 [8ba97e76-8fe2-40db-9fcd-4895ea267d00]
2025-01-28 23:54:53,099 INFO c.h.h.t.HelmChartContainer - [K3S] [range_allocator.go:247] "Successfully synced" key="62a9fd0284dd"
2025-01-28 23:54:57,492 INFO c.h.h.t.HelmChartContainer - [test-hivemq-legacy-platform] [hivemq] [8ba97e76] INFO  - No valid license file found. Using trial license, restricted to 25 connections.
2025-01-28 23:54:57,671 INFO c.h.h.t.HelmChartContainer - [EVENT] Warning [Unhealthy] Readiness probe failed: Log statement not present (yet)
 [helmlegacystatefulsetmigrationit-operator:test-hivemq-legacy-platform-0]
2025-01-28 23:54:57,672 INFO c.h.h.t.HelmChartContainer - Received Unhealthy event for container hivemq in pod test-hivemq-legacy-platform-0 [8ba97e76-8fe2-40db-9fcd-4895ea267d00]
2025-01-28 23:55:00,581 INFO c.h.h.t.HelmChartContainer - [test-hivemq-legacy-platform] [hivemq] [8ba97e76] INFO  - No valid license file for Data Hub found. Using free license, restricted to 1 policy.
2025-01-28 23:55:01,783 INFO c.h.h.t.HelmChartContainer - [test-hivemq-legacy-platform] [hivemq] [8ba97e76] INFO  - Audit Logger started.
2025-01-28 23:55:02,092 INFO c.h.h.t.HelmChartContainer - [test-hivemq-legacy-platform] [hivemq] [8ba97e76] INFO  - This node uses '1' CPU cores.
2025-01-28 23:55:02,581 INFO c.h.h.t.HelmChartContainer - [test-hivemq-legacy-platform] [hivemq] [8ba97e76] INFO  - Starting HiveMQ extension system.
2025-01-28 23:55:02,583 INFO c.h.h.t.HelmChartContainer - [EVENT] Warning [Unhealthy] Readiness probe failed: Log statement not present (yet)
 [helmlegacystatefulsetmigrationit-operator:test-hivemq-legacy-platform-0]
2025-01-28 23:55:02,583 INFO c.h.h.t.HelmChartContainer - Received Unhealthy event for container hivemq in pod test-hivemq-legacy-platform-0 [8ba97e76-8fe2-40db-9fcd-4895ea267d00]
2025-01-28 23:55:05,170 INFO c.h.h.t.HelmChartContainer - [test-hivemq-legacy-platform] [hivemq] [8ba97e76] INFO  - No license found for enterprise extension with name "HiveMQ Enterprise Security Extension". Entering extension trial mode. "HiveMQ Enterprise Security Extension" will be disabled in 5 hours.
2025-01-28 23:55:05,376 INFO c.h.h.t.HelmChartContainer - [test-hivemq-legacy-platform] [hivemq] [8ba97e76] INFO  - Starting extension with id "hivemq-dns-cluster-discovery" at /opt/hivemq/extensions/hivemq-dns-cluster-discovery
2025-01-28 23:55:05,872 INFO c.h.h.t.HelmChartContainer - [test-hivemq-legacy-platform] [hivemq] [8ba97e76] INFO  - Extension "DNS Cluster Discovery Extension" version 4.3.3 started successfully.
2025-01-28 23:55:05,872 INFO c.h.h.t.HelmChartContainer - [test-hivemq-legacy-platform] [hivemq] [8ba97e76] INFO  - Starting extension with id "hivemq-enterprise-security-extension" at /opt/hivemq/extensions/hivemq-enterprise-security-extension
2025-01-28 23:55:05,971 INFO c.h.h.t.HelmChartContainer - [test-hivemq-legacy-platform] [hivemq] [8ba97e76] INFO  - Using TCP cluster transport on address 10.42.0.10 and port 7000
2025-01-28 23:55:06,066 INFO c.h.h.t.HelmChartContainer - [test-hivemq-legacy-platform] [hivemq] [8ba97e76] INFO  - Using extension cluster discovery
2025-01-28 23:55:07,274 INFO c.h.h.t.HelmChartContainer - [test-hivemq-legacy-platform] [hivemq] [8ba97e76] WARN  - HiveMQ Enterprise Security Extension: The configuration file is placed at the legacy location '/opt/hivemq/extensions/hivemq-enterprise-security-extension/enterprise-security-extension.xml'. Please move the configuration file to the new location '/opt/hivemq/extensions/hivemq-enterprise-security-extension/conf/config.xml'. Support for the legacy location will be removed in a future release.
2025-01-28 23:55:07,381 INFO c.h.h.t.HelmChartContainer - [test-hivemq-legacy-platform] [hivemq] [8ba97e76] INFO  - HiveMQ Enterprise Security Extension: Successfully loaded configuration from '/opt/hivemq/extensions/hivemq-enterprise-security-extension/enterprise-security-extension.xml'.
2025-01-28 23:55:07,445 INFO c.h.h.t.HelmChartContainer - [test-hivemq-legacy-platform] [hivemq] [8ba97e76] INFO  - HiveMQ Enterprise Security Extension: Starting HiveMQ Enterprise Security Extension.
2025-01-28 23:55:07,670 INFO c.h.h.t.HelmChartContainer - [test-hivemq-legacy-platform] [hivemq] [8ba97e76] INFO  - HiveMQ Enterprise Security Extension: Access log is written to /opt/hivemq/log/access/access.log.
2025-01-28 23:55:07,672 INFO c.h.h.t.HelmChartContainer - [EVENT] Warning [Unhealthy] Readiness probe failed: Log statement not present (yet)
 [helmlegacystatefulsetmigrationit-operator:test-hivemq-legacy-platform-0]
2025-01-28 23:55:07,672 INFO c.h.h.t.HelmChartContainer - Received Unhealthy event for container hivemq in pod test-hivemq-legacy-platform-0 [8ba97e76-8fe2-40db-9fcd-4895ea267d00]
2025-01-28 23:55:07,880 INFO c.h.h.t.HelmChartContainer - [test-hivemq-legacy-platform] [hivemq] [8ba97e76] INFO  - HiveMQ Enterprise Security Extension: Started HiveMQ Enterprise Security Extension successfully in 2008ms.
2025-01-28 23:55:07,880 INFO c.h.h.t.HelmChartContainer - [test-hivemq-legacy-platform] [hivemq] [8ba97e76] INFO  - Extension "HiveMQ Enterprise Security Extension" version 4.36.0 started successfully.
2025-01-28 23:55:07,881 INFO c.h.h.t.HelmChartContainer - [test-hivemq-legacy-platform] [hivemq] [8ba97e76] INFO  - Starting extension with id "hivemq-k8s-sync-extension" at /opt/hivemq/extensions/hivemq-k8s-sync-extension
2025-01-28 23:55:08,181 INFO c.h.h.t.HelmChartContainer - [test-hivemq-legacy-platform] [hivemq] [8ba97e76] INFO  - Started HiveMQ Kubernetes State Synchronization Extension:1.0.3
2025-01-28 23:55:08,181 INFO c.h.h.t.HelmChartContainer - [test-hivemq-legacy-platform] [hivemq] [8ba97e76] INFO  - Extension "HiveMQ Kubernetes State Synchronization Extension" version 1.0.3 started successfully.
2025-01-28 23:55:08,181 INFO c.h.h.t.HelmChartContainer - [test-hivemq-legacy-platform] [hivemq] [8ba97e76] INFO  - Starting extension with id "hivemq-prometheus-extension" at /opt/hivemq/extensions/hivemq-prometheus-extension
2025-01-28 23:55:08,483 INFO c.h.h.t.HelmChartContainer - [test-hivemq-legacy-platform] [hivemq] [8ba97e76] INFO  - Started Jetty Server exposing Prometheus Servlet on URI http://0.0.0.0:9399/
2025-01-28 23:55:08,483 INFO c.h.h.t.HelmChartContainer - [test-hivemq-legacy-platform] [hivemq] [8ba97e76] INFO  - Extension "Prometheus Monitoring Extension" version 4.0.13 started successfully.
2025-01-28 23:55:08,966 INFO c.h.h.t.HelmChartContainer - [test-hivemq-legacy-platform] [hivemq] [8ba97e76] INFO  - X7OoO: no members discovered after 2398 ms: creating cluster as first member
2025-01-28 23:55:08,971 INFO c.h.h.t.HelmChartContainer - [test-hivemq-legacy-platform] [hivemq] [8ba97e76] INFO  - Cluster nodes found by discovery: [X7OoO|0] (1) [X7OoO].
2025-01-28 23:55:09,063 INFO c.h.h.t.HelmChartContainer - [test-hivemq-legacy-platform] [hivemq] [8ba97e76] INFO  - Starting HiveMQ REST API on address 0.0.0.0 and port 8888
2025-01-28 23:55:10,073 INFO c.h.h.t.HelmChartContainer - [test-hivemq-legacy-platform] [hivemq] [8ba97e76] INFO  - Started HiveMQ REST API in 1010ms
2025-01-28 23:55:10,074 INFO c.h.h.t.HelmChartContainer - [test-hivemq-legacy-platform] [hivemq] [8ba97e76] WARN  - No user for HiveMQ Control Center configured. Starting with default user
2025-01-28 23:55:10,074 INFO c.h.h.t.HelmChartContainer - [test-hivemq-legacy-platform] [hivemq] [8ba97e76] INFO  - Starting HiveMQ Control Center on address 0.0.0.0 and port 8080
2025-01-28 23:55:10,077 INFO c.h.h.t.HelmChartContainer - [test-hivemq-legacy-platform] [hivemq] [8ba97e76] INFO  - Mounting HiveMQ Control Center V2 Preview
2025-01-28 23:55:10,866 INFO c.h.h.t.HelmChartContainer - [test-hivemq-legacy-platform] [hivemq] [8ba97e76] INFO  - Started HiveMQ Control Center in 793ms
2025-01-28 23:55:10,881 INFO c.h.h.t.HelmChartContainer - [test-hivemq-legacy-platform] [hivemq] [8ba97e76] INFO  - Starting TCP listener on address 0.0.0.0 and port 1883
2025-01-28 23:55:10,962 INFO c.h.h.t.HelmChartContainer - [test-hivemq-legacy-platform] [hivemq] [8ba97e76] INFO  - Started TCP Listener on address 0.0.0.0 and on port 1883.
2025-01-28 23:55:10,962 INFO c.h.h.t.HelmChartContainer - [test-hivemq-legacy-platform] [hivemq] [8ba97e76] INFO  - Started HiveMQ in 27798ms
2025-01-28 23:55:12,586 INFO c.h.h.t.HelmChartContainer - [POD] test-hivemq-legacy-platform-0 [8ba97e76-8fe2-40db-9fcd-4895ea267d00] in helmlegacystatefulsetmigrationit-operator was MODIFIED
2025-01-28 23:55:12,826 DEBUG com.hivemq.helmcharts.util.K8sUtil - Comparing actual state 'Updating' and waiting for 'Running'
2025-01-28 23:55:12,845 DEBUG com.hivemq.helmcharts.util.K8sUtil - Comparing actual state 'Running' and waiting for 'Running'
2025-01-28 23:55:12,904 INFO c.h.h.util.ControlCenterUtil - Log into CC on hivemq-test-hivemq-legacy-platform-cc:8080 (username: admin) (password: hivemq) (TLS: false)
2025-01-28 23:55:12,921 INFO c.h.h.t.HelmChartContainer - [test-hivemq-legacy-platform] [operator] [8001b514] ?[36m23:55:12.915?[0;39m ?[1;30m[pool-3-thread-2]?[0;39m ?[31mWARN ?[0;39m ?[35mc.h.operations.MonitoringOperable?[0;39m - Prometheus Operator ServiceMonitor CRD not found with v1 api, will try with v1beta1
2025-01-28 23:55:12,947 INFO c.h.h.t.HelmChartContainer - [test-hivemq-legacy-platform] [operator] [8001b514] ?[36m23:55:12.939?[0;39m ?[1;30m[pool-3-thread-2]?[0;39m ?[31mWARN ?[0;39m ?[35mc.h.operations.MonitoringOperable?[0;39m - Prometheus Operator Prometheus CRD (prometheuses.monitoring.coreos.com) not found with v1beta1 api, can not auto-integrate with Prometheus using ServiceMonitor resource.
2025-01-28 23:55:12,947 INFO c.h.h.t.HelmChartContainer - [test-hivemq-legacy-platform] [operator] [8001b514] ?[36m23:55:12.939?[0;39m ?[1;30m[pool-3-thread-2]?[0;39m ?[34mINFO ?[0;39m ?[35mcom.hivemq.Operator?[0;39m - State synchronization complete for cluster 'test-hivemq-legacy-platform' in namespace 'helmlegacystatefulsetmigrationit-operator' in 60881ms
2025-01-28 23:55:13,016 INFO c.h.h.t.HelmChartContainer - [test-hivemq-legacy-platform] [operator] [8001b514] ?[36m23:55:13.015?[0;39m ?[1;30m[pool-3-thread-9]?[0;39m ?[31mWARN ?[0;39m ?[35mc.h.operations.MonitoringOperable?[0;39m - Prometheus Operator ServiceMonitor CRD not found with v1 api, will try with v1beta1
2025-01-28 23:55:13,021 INFO c.h.h.t.HelmChartContainer - [test-hivemq-legacy-platform] [operator] [8001b514] ?[36m23:55:13.020?[0;39m ?[1;30m[pool-3-thread-9]?[0;39m ?[31mWARN ?[0;39m ?[35mc.h.operations.MonitoringOperable?[0;39m - Prometheus Operator Prometheus CRD (prometheuses.monitoring.coreos.com) not found with v1beta1 api, can not auto-integrate with Prometheus using ServiceMonitor resource.
2025-01-28 23:55:13,022 INFO c.h.h.t.HelmChartContainer - [test-hivemq-legacy-platform] [operator] [8001b514] ?[36m23:55:13.020?[0;39m ?[1;30m[pool-3-thread-9]?[0;39m ?[34mINFO ?[0;39m ?[35mcom.hivemq.Operator?[0;39m - State synchronization complete for cluster 'test-hivemq-legacy-platform' in namespace 'helmlegacystatefulsetmigrationit-operator' in 59077ms
2025-01-28 23:55:16,735 INFO c.h.h.util.ControlCenterUtil - Login attempt 1 was successful
2025-01-28 23:55:16,739 INFO com.hivemq.helmcharts.util.MqttUtil - Publishing retained messages to 30 topics...
2025-01-28 23:55:18,233 INFO c.h.h.t.HelmChartContainer - [K3S] [scope.go:117] "RemoveContainer" containerID="304007a91e0bc9a2d66ee41e30f57da8da65ad96a7bfca0384d28957aacee73a"
2025-01-28 23:55:18,376 INFO com.hivemq.helmcharts.util.MqttUtil - Published retained messages to topics (1637 ms): [xnuzmypylmvbwuh, fuowdmdcbuobrtm, dyvpqsnemrjaovx, drikpngpthgwhdh, zrrqwoooehzrxtg, enxffsjhxxresyh, cauhtwpxsnzdhgk, tbpwpznlqmdtmay, ejmxcpbfnokaznj, hlxokhjeeyxoveo, fgnjtdyalmljhui, boqjnemxtsfxqsi, yeafsmkbvvnmhwm, oqngkxccecvedqs, wtudwiupvwmclkw, emzxwyezpejzzyy, mrrbhvmhwbcbqql, dsyxrczvgzvexjb, jkmdsakvtpodrwf, khczfdoalwmnvmo, jmtorhzhhmxawfh, aqakgmomyitqasn, hgdcwwbngxtrick, lykujtubwjmnmzg, fpfpoualvcyeeid, wkkffykrtdlmsrd, iqwfznsghbgahwj, bwhhyksxlumfzvd, zopbduhqyvibwnp, xefesxnfffzdwnm]
2025-01-28 23:55:18,376 INFO c.hivemq.helmcharts.util.RestAPIUtil - Checking authorization for REST API on hivemq-test-hivemq-legacy-platform-api:8888 (username: user) (password: password) (endpoint path: /api/v1/mqtt/clients)
2025-01-28 23:55:19,404 INFO c.h.helmcharts.util.MonitoringUtil - Asserting Prometheus publishes metrics...
2025-01-28 23:55:20,206 INFO c.h.helmcharts.util.MonitoringUtil - Asserted publishes metrics (801 ms)
2025-01-28 23:55:20,304 INFO c.h.h.t.HelmChartContainer - [EVENT] Normal [ScalingReplicaSet] Scaled down replica set test-hivemq-legacy-platform-hivemq-operator-operator-56c5b9f7b7 from 1 to 0 [helmlegacystatefulsetmigrationit-operator:test-hivemq-legacy-platform-hivemq-operator-operator]
2025-01-28 23:55:20,316 INFO c.h.h.t.HelmChartContainer - [POD] test-hivemq-legacy-platform-hivemq-operator-operator-56c5b47jw7 [8001b514-6b1a-446c-ba64-d10b40de2412] in helmlegacystatefulsetmigrationit-operator was MODIFIED
2025-01-28 23:55:20,325 INFO c.h.h.t.HelmChartContainer - [K3S] [replica_set.go:679] "Finished syncing" kind="ReplicaSet" key="helmlegacystatefulsetmigrationit-operator/test-hivemq-legacy-platform-hivemq-operator-operator-56c5b9f7b7" duration="28.586201ms"
2025-01-28 23:55:20,330 INFO c.h.h.t.HelmChartContainer - [EVENT] Normal [SuccessfulDelete] Deleted pod: test-hivemq-legacy-platform-hivemq-operator-operator-56c5b47jw7 [helmlegacystatefulsetmigrationit-operator:test-hivemq-legacy-platform-hivemq-operator-operator-56c5b9f7b7]
2025-01-28 23:55:20,332 INFO c.h.h.t.HelmChartContainer - [EVENT] Normal [Killing] Stopping container operator [helmlegacystatefulsetmigrationit-operator:test-hivemq-legacy-platform-hivemq-operator-operator-56c5b47jw7]
2025-01-28 23:55:20,332 INFO c.h.h.t.HelmChartContainer - Received Killing event for container operator in pod test-hivemq-legacy-platform-hivemq-operator-operator-56c5b47jw7 [8001b514-6b1a-446c-ba64-d10b40de2412]
2025-01-28 23:55:20,333 INFO c.h.h.t.HelmChartContainer - [test-hivemq-legacy-platform] [operator] [8001b514] ?[36m23:55:20.329?[0;39m ?[1;30m[Thread-0]?[0;39m ?[34mINFO ?[0;39m ?[35mio.micronaut.runtime.Micronaut?[0;39m - Embedded Application shutting down
2025-01-28 23:55:20,334 INFO c.h.h.t.HelmChartContainer - Container [test-hivemq-legacy-platform-hivemq-operator-operator-56c5b47jw7] [operator] [8001b514-6b1a-446c-ba64-d10b40de2412] was terminated
2025-01-28 23:55:20,335 INFO c.h.h.t.HelmChartContainer - Stopped log watcher for operator in pod test-hivemq-legacy-platform-hivemq-operator-operator-56c5b47jw7 [8001b514-6b1a-446c-ba64-d10b40de2412]
2025-01-28 23:55:20,352 INFO c.h.h.t.HelmChartContainer - [K3S] [replica_set.go:679] "Finished syncing" kind="ReplicaSet" key="helmlegacystatefulsetmigrationit-operator/test-hivemq-legacy-platform-hivemq-operator-operator-56c5b9f7b7" duration="26.333545ms"
2025-01-28 23:55:20,367 INFO c.h.h.t.HelmChartContainer - [K3S] [replica_set.go:679] "Finished syncing" kind="ReplicaSet" key="helmlegacystatefulsetmigrationit-operator/test-hivemq-legacy-platform-hivemq-operator-operator-56c5b9f7b7" duration="16.327273ms"
2025-01-28 23:55:20,368 INFO c.h.h.t.HelmChartContainer - [K3S] [replica_set.go:679] "Finished syncing" kind="ReplicaSet" key="helmlegacystatefulsetmigrationit-operator/test-hivemq-legacy-platform-hivemq-operator-operator-56c5b9f7b7" duration="29.725µs"
2025-01-28 23:55:20,843 INFO c.h.h.t.HelmChartContainer - [K3S] [replica_set.go:679] "Finished syncing" kind="ReplicaSet" key="helmlegacystatefulsetmigrationit-operator/test-hivemq-legacy-platform-hivemq-operator-operator-56c5b9f7b7" duration="40.766µs"
2025-01-28 23:55:20,846 INFO c.h.h.t.HelmChartContainer - [POD] test-hivemq-legacy-platform-hivemq-operator-operator-56c5b47jw7 [8001b514-6b1a-446c-ba64-d10b40de2412] in helmlegacystatefulsetmigrationit-operator was MODIFIED
2025-01-28 23:55:20,938 INFO c.h.h.t.HelmChartContainer - [K3S] [reconciler_common.go:162] "operationExecutor.UnmountVolume started for volume \"templates\" (UniqueName: \"kubernetes.io/configmap/8001b514-6b1a-446c-ba64-d10b40de2412-templates\") pod \"8001b514-6b1a-446c-ba64-d10b40de2412\" (UID: \"8001b514-6b1a-446c-ba64-d10b40de2412\") "
2025-01-28 23:55:20,938 INFO c.h.h.t.HelmChartContainer - [K3S] [reconciler_common.go:162] "operationExecutor.UnmountVolume started for volume \"kube-api-access-sbfch\" (UniqueName: \"kubernetes.io/projected/8001b514-6b1a-446c-ba64-d10b40de2412-kube-api-access-sbfch\") pod \"8001b514-6b1a-446c-ba64-d10b40de2412\" (UID: \"8001b514-6b1a-446c-ba64-d10b40de2412\") "
2025-01-28 23:55:21,039 INFO c.h.h.t.HelmChartContainer - [K3S] [reconciler_common.go:299] "Volume detached for volume \"kube-api-access-sbfch\" (UniqueName: \"kubernetes.io/projected/8001b514-6b1a-446c-ba64-d10b40de2412-kube-api-access-sbfch\") on node \"62a9fd0284dd\" DevicePath \"\""
2025-01-28 23:55:21,039 INFO c.h.h.t.HelmChartContainer - [K3S] [reconciler_common.go:299] "Volume detached for volume \"templates\" (UniqueName: \"kubernetes.io/configmap/8001b514-6b1a-446c-ba64-d10b40de2412-templates\") on node \"62a9fd0284dd\" DevicePath \"\""
2025-01-28 23:55:21,606 INFO c.h.h.t.HelmChartContainer - [K3S] [scope.go:117] "RemoveContainer" containerID="61780d3a3d8e45ca90db5ad5c5da5eab7a88b2fe0286138365685daa4780f9a4"
2025-01-28 23:55:21,610 INFO c.h.h.t.HelmChartContainer - [K3S] [scope.go:117] "RemoveContainer" containerID="61780d3a3d8e45ca90db5ad5c5da5eab7a88b2fe0286138365685daa4780f9a4"
2025-01-28 23:55:21,617 INFO c.h.h.t.HelmChartContainer - [K3S] [replica_set.go:679] "Finished syncing" kind="ReplicaSet" key="helmlegacystatefulsetmigrationit-operator/test-hivemq-legacy-platform-hivemq-operator-operator-56c5b9f7b7" duration="42.059µs"
2025-01-28 23:55:21,620 INFO c.h.h.t.HelmChartContainer - [POD] test-hivemq-legacy-platform-hivemq-operator-operator-56c5b47jw7 [8001b514-6b1a-446c-ba64-d10b40de2412] in helmlegacystatefulsetmigrationit-operator was MODIFIED
2025-01-28 23:55:21,622 INFO c.h.h.t.HelmChartContainer - [POD] test-hivemq-legacy-platform-hivemq-operator-operator-56c5b47jw7 [8001b514-6b1a-446c-ba64-d10b40de2412] in helmlegacystatefulsetmigrationit-operator was DELETED
2025-01-28 23:55:21,623 INFO c.h.h.t.HelmChartContainer - [K3S] [replica_set.go:679] "Finished syncing" kind="ReplicaSet" key="helmlegacystatefulsetmigrationit-operator/test-hivemq-legacy-platform-hivemq-operator-operator-56c5b9f7b7" duration="33.623µs"
2025-01-28 23:55:21,724 INFO c.h.h.t.HelmChartContainer - [EVENT] Normal [ScalingReplicaSet] Scaled up replica set test-hivemq-legacy-platform-hivemq-operator-operator-56c5b9f7b7 from 0 to 1 [helmlegacystatefulsetmigrationit-operator:test-hivemq-legacy-platform-hivemq-operator-operator]
2025-01-28 23:55:21,729 INFO c.h.h.t.HelmChartContainer - [POD] test-hivemq-legacy-platform-hivemq-operator-operator-56c5bgmwdj [18886ba6-666b-494c-b43b-ccb1c3a379e7] in helmlegacystatefulsetmigrationit-operator was ADDED
2025-01-28 23:55:21,729 INFO c.h.h.t.HelmChartContainer - [EVENT] Normal [SuccessfulCreate] Created pod: test-hivemq-legacy-platform-hivemq-operator-operator-56c5bgmwdj [helmlegacystatefulsetmigrationit-operator:test-hivemq-legacy-platform-hivemq-operator-operator-56c5b9f7b7]
2025-01-28 23:55:21,731 INFO c.h.h.t.HelmChartContainer - [K3S] [replica_set.go:679] "Finished syncing" kind="ReplicaSet" key="helmlegacystatefulsetmigrationit-operator/test-hivemq-legacy-platform-hivemq-operator-operator-56c5b9f7b7" duration="15.182511ms"
2025-01-28 23:55:21,737 INFO c.h.h.t.HelmChartContainer - [K3S] [memory_manager.go:355] "RemoveStaleState removing state" podUID="8001b514-6b1a-446c-ba64-d10b40de2412" containerName="operator"
2025-01-28 23:55:21,737 INFO c.h.h.t.HelmChartContainer - [K3S] [replica_set.go:679] "Finished syncing" kind="ReplicaSet" key="helmlegacystatefulsetmigrationit-operator/test-hivemq-legacy-platform-hivemq-operator-operator-56c5b9f7b7" duration="6.028784ms"
2025-01-28 23:55:21,737 INFO c.h.h.t.HelmChartContainer - [K3S] [replica_set.go:679] "Finished syncing" kind="ReplicaSet" key="helmlegacystatefulsetmigrationit-operator/test-hivemq-legacy-platform-hivemq-operator-operator-56c5b9f7b7" duration="27.582µs"
2025-01-28 23:55:21,740 INFO c.h.h.t.HelmChartContainer - [POD] test-hivemq-legacy-platform-hivemq-operator-operator-56c5bgmwdj [18886ba6-666b-494c-b43b-ccb1c3a379e7] in helmlegacystatefulsetmigrationit-operator was MODIFIED
2025-01-28 23:55:21,743 INFO c.h.h.t.HelmChartContainer - [EVENT] Normal [Scheduled] Successfully assigned helmlegacystatefulsetmigrationit-operator/test-hivemq-legacy-platform-hivemq-operator-operator-56c5bgmwdj to 62a9fd0284dd [helmlegacystatefulsetmigrationit-operator:test-hivemq-legacy-platform-hivemq-operator-operator-56c5bgmwdj]
2025-01-28 23:55:21,749 INFO c.h.h.t.HelmChartContainer - [K3S] [replica_set.go:679] "Finished syncing" kind="ReplicaSet" key="helmlegacystatefulsetmigrationit-operator/test-hivemq-legacy-platform-hivemq-operator-operator-56c5b9f7b7" duration="29.174µs"
2025-01-28 23:55:21,750 INFO c.h.h.t.HelmChartContainer - [POD] test-hivemq-legacy-platform-hivemq-operator-operator-56c5bgmwdj [18886ba6-666b-494c-b43b-ccb1c3a379e7] in helmlegacystatefulsetmigrationit-operator was MODIFIED
2025-01-28 23:55:21,767 ERROR i.f.k.c.d.i.AbstractWatchManager - Unhandled exception encountered in watcher event handler
java.util.concurrent.RejectedExecutionException: null
	at io.fabric8.kubernetes.client.utils.internal.SerialExecutor.execute(SerialExecutor.java:47)
	at io.fabric8.kubernetes.client.dsl.internal.AbstractWatchManager$SerialWatcher.eventReceived(AbstractWatchManager.java:70)
	at io.fabric8.kubernetes.client.dsl.internal.AbstractWatchManager.eventReceived(AbstractWatchManager.java:292)
	at io.fabric8.kubernetes.client.dsl.internal.AbstractWatchManager.onMessage(AbstractWatchManager.java:377)
	at io.fabric8.kubernetes.client.dsl.internal.WatcherWebSocketListener.onMessage(WatcherWebSocketListener.java:52)
	at io.fabric8.kubernetes.client.okhttp.OkHttpWebSocketImpl$1.onMessage(OkHttpWebSocketImpl.java:115)
	at okhttp3.internal.ws.RealWebSocket.onReadMessage(RealWebSocket.java:323)
	at okhttp3.internal.ws.WebSocketReader.readMessageFrame(WebSocketReader.java:219)
	at okhttp3.internal.ws.WebSocketReader.processNextFrame(WebSocketReader.java:105)
	at okhttp3.internal.ws.RealWebSocket.loopReader(RealWebSocket.java:274)
	at okhttp3.internal.ws.RealWebSocket$2.onResponse(RealWebSocket.java:214)
	at okhttp3.RealCall$AsyncCall.execute(RealCall.java:203)
	at okhttp3.internal.NamedRunnable.run(NamedRunnable.java:32)
	at java.base/java.util.concurrent.ThreadPoolExecutor.runWorker(ThreadPoolExecutor.java:1144)
	at java.base/java.util.concurrent.ThreadPoolExecutor$Worker.run(ThreadPoolExecutor.java:642)
	at java.base/java.lang.Thread.run(Thread.java:1583)
2025-01-28 23:55:21,851 INFO c.h.h.t.HelmChartContainer - [K3S] [reconciler_common.go:251] "operationExecutor.VerifyControllerAttachedVolume started for volume \"templates\" (UniqueName: \"kubernetes.io/configmap/18886ba6-666b-494c-b43b-ccb1c3a379e7-templates\") pod \"test-hivemq-legacy-platform-hivemq-operator-operator-56c5bgmwdj\" (UID: \"18886ba6-666b-494c-b43b-ccb1c3a379e7\") " pod="helmlegacystatefulsetmigrationit-operator/test-hivemq-legacy-platform-hivemq-operator-operator-56c5bgmwdj"
2025-01-28 23:55:21,852 INFO c.h.h.t.HelmChartContainer - [K3S] [reconciler_common.go:251] "operationExecutor.VerifyControllerAttachedVolume started for volume \"kube-api-access-8m4vp\" (UniqueName: \"kubernetes.io/projected/18886ba6-666b-494c-b43b-ccb1c3a379e7-kube-api-access-8m4vp\") pod \"test-hivemq-legacy-platform-hivemq-operator-operator-56c5bgmwdj\" (UID: \"18886ba6-666b-494c-b43b-ccb1c3a379e7\") " pod="helmlegacystatefulsetmigrationit-operator/test-hivemq-legacy-platform-hivemq-operator-operator-56c5bgmwdj"
2025-01-28 23:55:21,960 DEBUG c.h.h.t.HelmChartContainer - Executing helm command: /bin/helm --kubeconfig /etc/rancher/k3s/k3s.yaml install test-hivemq-legacy-platform /charts/hivemq-platform --wait --timeout 5m0s --set image.repository=docker.io/hivemq --set image.tag=4.36.0 --set image.pullPolicy=Never --set nodes.resources.cpu=512m -f /files/migration-platform-stateful-set-values.yaml --namespace helmlegacystatefulsetmigrationit-operator
2025-01-28 23:55:22,138 INFO c.h.h.t.HelmChartContainer - [EVENT] Normal [Pulled] Container image "hivemq/hivemq-operator:4.7.10" already present on machine [helmlegacystatefulsetmigrationit-operator:test-hivemq-legacy-platform-hivemq-operator-operator-56c5bgmwdj]
2025-01-28 23:55:22,139 INFO c.h.h.t.HelmChartContainer - Received Pulled event for container operator in pod test-hivemq-legacy-platform-hivemq-operator-operator-56c5bgmwdj [18886ba6-666b-494c-b43b-ccb1c3a379e7]
2025-01-28 23:55:22,147 INFO c.h.h.t.HelmChartContainer - [EVENT] Normal [Created] Created container: operator [helmlegacystatefulsetmigrationit-operator:test-hivemq-legacy-platform-hivemq-operator-operator-56c5bgmwdj]
2025-01-28 23:55:22,147 INFO c.h.h.t.HelmChartContainer - Received Created event for container operator in pod test-hivemq-legacy-platform-hivemq-operator-operator-56c5bgmwdj [18886ba6-666b-494c-b43b-ccb1c3a379e7]
2025-01-28 23:55:22,185 INFO c.h.h.t.HelmChartContainer - [K3S] [kubelet_volumes.go:163] "Cleaned up orphaned pod volumes dir" podUID="8001b514-6b1a-446c-ba64-d10b40de2412" path="/var/lib/kubelet/pods/8001b514-6b1a-446c-ba64-d10b40de2412/volumes"
2025-01-28 23:55:22,246 INFO c.h.h.t.HelmChartContainer - [hivemq-test-hivemq-platform] [hivemq-platform-operator] [7b61d8db] 23:55:22.241 [-373097727-pool-1-thread-1] WARN  i.m.p.PrometheusMeterRegistry - The meter (MeterId{name='operator.sdk.events.received', tags=[tag(action=ADDED),tag(event=ResourceEvent),tag(group=hivemq.com),tag(kind=HiveMQPlatform),tag(name=test-hivemq-legacy-platform),tag(namespace=helmlegacystatefulsetmigrationit-operator),tag(scope=namespace),tag(version=v1)]}) registration has failed: Prometheus requires that all meters with the same name have the same set of tag keys. There is already an existing meter named 'operator.sdk.events.received' containing tag keys [event, group, kind, name, namespace, scope, version]. The meter you are attempting to register has keys [action, event, group, kind, name, namespace, scope, version]. Note that subsequent logs will be logged at debug level.
2025-01-28 23:55:22,620 INFO c.h.h.t.HelmChartContainer - [POD] test-hivemq-legacy-platform-hivemq-operator-operator-56c5bgmwdj [18886ba6-666b-494c-b43b-ccb1c3a379e7] in helmlegacystatefulsetmigrationit-operator was MODIFIED
2025-01-28 23:55:22,633 INFO c.h.h.t.HelmChartContainer - [K3S] [replica_set.go:679] "Finished syncing" kind="ReplicaSet" key="helmlegacystatefulsetmigrationit-operator/test-hivemq-legacy-platform-hivemq-operator-operator-56c5b9f7b7" duration="16.319187ms"
2025-01-28 23:55:22,634 INFO c.h.h.t.HelmChartContainer - [K3S] [replica_set.go:679] "Finished syncing" kind="ReplicaSet" key="helmlegacystatefulsetmigrationit-operator/test-hivemq-legacy-platform-hivemq-operator-operator-56c5b9f7b7" duration="30.857µs"
2025-01-28 23:55:22,642 INFO c.h.h.t.HelmChartContainer - Started log watcher for operator in pod test-hivemq-legacy-platform-hivemq-operator-operator-56c5bgmwdj [18886ba6-666b-494c-b43b-ccb1c3a379e7]
2025-01-28 23:55:22,642 INFO c.h.h.t.HelmChartContainer - [EVENT] Normal [Started] Started container operator [helmlegacystatefulsetmigrationit-operator:test-hivemq-legacy-platform-hivemq-operator-operator-56c5bgmwdj]
2025-01-28 23:55:22,642 INFO c.h.h.t.HelmChartContainer - Received Started event for container operator in pod test-hivemq-legacy-platform-hivemq-operator-operator-56c5bgmwdj [18886ba6-666b-494c-b43b-ccb1c3a379e7]
2025-01-28 23:55:22,643 INFO c.h.h.t.HelmChartContainer - [test-hivemq-legacy-platform] [operator] [18886ba6] Picked up JAVA_TOOL_OPTIONS: -XX:+UnlockExperimentalVMOptions -XX:InitialRAMPercentage=75 -XX:MaxRAMPercentage=75
2025-01-28 23:55:22,871 INFO c.h.h.t.HelmChartContainer - [hivemq-test-hivemq-platform] [hivemq-platform-operator] [7b61d8db] 23:55:22.868 [pool-6-thread-3] DEBUG c.h.p.o.dependants.PodInfoConfigMap - [helmlega] Desired PodInfo ConfigMap (2 extensions) (1 enabled)
2025-01-28 23:55:22,871 INFO c.h.h.t.HelmChartContainer - [hivemq-test-hivemq-platform] [hivemq-platform-operator] [7b61d8db] 23:55:22.868 [pool-6-thread-3] DEBUG c.h.p.o.dependants.PodInfoConfigMap - [helmlega] Desired PodInfo ConfigMap (metrics port: 9399) (metrics path: /)
2025-01-28 23:55:22,871 INFO c.h.h.t.HelmChartContainer - [hivemq-test-hivemq-platform] [hivemq-platform-operator] [7b61d8db] 23:55:22.868 [pool-6-thread-3] DEBUG c.h.p.o.dependants.PodInfoConfigMap - [helmlega] Desired PodInfo ConfigMap (extension state hash: -727970014)
2025-01-28 23:55:22,926 INFO c.h.h.t.HelmChartContainer - [hivemq-test-hivemq-platform] [hivemq-platform-operator] [7b61d8db] 23:55:22.924 [pool-6-thread-3] DEBUG c.h.p.o.dependants.PodInfoConfigMap - [helmlega] Create PodInfo ConfigMap
2025-01-28 23:55:22,969 INFO c.h.h.t.HelmChartContainer - [hivemq-test-hivemq-platform] [hivemq-platform-operator] [7b61d8db] 23:55:22.967 [pool-6-thread-5] DEBUG c.h.p.o.dependants.PodRoleResource - [helmlega] Create Role: Role(apiVersion=rbac.authorization.k8s.io/v1, kind=Role, metadata=ObjectMeta(annotations={meta.helm.sh/release-name=test-hivemq-legacy-platform, meta.helm.sh/release-namespace=helmlegacystatefulsetmigrationit-operator}, creationTimestamp=null, deletionGracePeriodSeconds=null, deletionTimestamp=null, finalizers=[], generateName=null, generation=null, labels={helm.sh/chart=hivemq-platform-0.2.32, app.kubernetes.io/managed-by=Helm, app.kubernetes.io/name=hivemq-platform, hivemq-platform=test-hivemq-legacy-platform, app.kubernetes.io/instance=test-hivemq-legacy-platform, app.kubernetes.io/version=4.36.0}, managedFields=[], name=hivemq-platform-role-test-hivemq-legacy-platform, namespace=helmlegacystatefulsetmigrationit-operator, ownerReferences=[OwnerReference(apiVersion=hivemq.com/v1, blockOwnerDeletion=null, controller=null, kind=HiveMQPlatform, name=test-hivemq-legacy-platform, uid=efdea51f-c17e-4ec8-81f6-27ee06f0e864, additionalProperties={})], resourceVersion=null, selfLink=null, uid=null, additionalProperties={}), rules=[PolicyRule(apiGroups=[], nonResourceURLs=[], resourceNames=[], resources=[pods], verbs=[get, patch, update], additionalProperties={})], additionalProperties={})
2025-01-28 23:55:23,130 INFO c.h.h.t.HelmChartContainer - [hivemq-test-hivemq-platform] [hivemq-platform-operator] [7b61d8db] 23:55:23.128 [pool-6-thread-7] DEBUG c.h.p.o.d.PodServiceAccountResource - [helmlega] Desired PodServiceAccountResource (serviceAccountName: hivemq-platform-pod-test-hivemq-legacy-platform)
2025-01-28 23:55:23,130 INFO c.h.h.t.HelmChartContainer - [hivemq-test-hivemq-platform] [hivemq-platform-operator] [7b61d8db] 23:55:23.129 [pool-6-thread-7] DEBUG c.h.p.o.d.PodServiceAccountResource - [helmlega] Create ServiceAccount 'hivemq-platform-pod-test-hivemq-legacy-platform'
2025-01-28 23:55:23,267 INFO c.h.h.t.HelmChartContainer - [hivemq-test-hivemq-platform] [hivemq-platform-operator] [7b61d8db] 23:55:23.265 [pool-6-thread-10] DEBUG c.h.p.o.d.PodRoleBindingResource - [helmlega] Create RoleBinding: RoleBinding(apiVersion=rbac.authorization.k8s.io/v1, kind=RoleBinding, metadata=ObjectMeta(annotations={meta.helm.sh/release-name=test-hivemq-legacy-platform, meta.helm.sh/release-namespace=helmlegacystatefulsetmigrationit-operator}, creationTimestamp=null, deletionGracePeriodSeconds=null, deletionTimestamp=null, finalizers=[], generateName=null, generation=null, labels={helm.sh/chart=hivemq-platform-0.2.32, app.kubernetes.io/managed-by=Helm, app.kubernetes.io/name=hivemq-platform, hivemq-platform=test-hivemq-legacy-platform, app.kubernetes.io/instance=test-hivemq-legacy-platform, app.kubernetes.io/version=4.36.0}, managedFields=[], name=hivemq-platform-role-binding-test-hivemq-legacy-platform, namespace=helmlegacystatefulsetmigrationit-operator, ownerReferences=[OwnerReference(apiVersion=hivemq.com/v1, blockOwnerDeletion=null, controller=null, kind=HiveMQPlatform, name=test-hivemq-legacy-platform, uid=efdea51f-c17e-4ec8-81f6-27ee06f0e864, additionalProperties={})], resourceVersion=null, selfLink=null, uid=null, additionalProperties={}), roleRef=RoleRef(apiGroup=rbac.authorization.k8s.io, kind=Role, name=hivemq-platform-role-test-hivemq-legacy-platform, additionalProperties={}), subjects=[Subject(apiGroup=null, kind=ServiceAccount, name=hivemq-platform-pod-test-hivemq-legacy-platform, namespace=helmlegacystatefulsetmigrationit-operator, additionalProperties={})], additionalProperties={})
2025-01-28 23:55:23,327 INFO c.h.h.t.HelmChartContainer - [hivemq-test-hivemq-platform] [hivemq-platform-operator] [7b61d8db] 23:55:23.326 [ReconcilerExecutor-hivemq-controller-55] INFO  c.h.p.o.HiveMQPlatformReconciler - [helmlega] Reconciling HiveMQ Platform 'test-hivemq-legacy-platform' in namespace 'helmlegacystatefulsetmigrationit-operator'
2025-01-28 23:55:23,328 INFO c.h.h.t.HelmChartContainer - [hivemq-test-hivemq-platform] [hivemq-platform-operator] [7b61d8db] 23:55:23.326 [ReconcilerExecutor-hivemq-controller-55] DEBUG c.h.p.o.HiveMQPlatformReconciler - [helmlega] Custom Resource Status CREATED - HiveMQ Platform was created (READY)
2025-01-28 23:55:23,328 INFO c.h.h.t.HelmChartContainer - [hivemq-test-hivemq-platform] [hivemq-platform-operator] [7b61d8db] 23:55:23.326 [ReconcilerExecutor-hivemq-controller-55] DEBUG c.h.p.o.HiveMQPlatformReconciler - [helmlega] Custom Resource Spec (replicas: 1) (extensions: 2)
2025-01-28 23:55:23,333 INFO c.h.h.t.HelmChartContainer - [hivemq-test-hivemq-platform] [hivemq-platform-operator] [7b61d8db] 23:55:23.332 [ReconcilerExecutor-hivemq-controller-55] INFO  c.h.p.o.h.HiveMQPlatformReconcilerBaseHandler - [helmlega] HiveMQ Platform is migrating from a HiveMQ Operator with StatefulSet installation
2025-01-28 23:55:23,468 INFO c.h.h.t.HelmChartContainer - [hivemq-test-hivemq-platform] [hivemq-platform-operator] [7b61d8db] 23:55:23.466 [ReconcilerExecutor-hivemq-controller-55] DEBUG c.h.p.operator.event.EventSender - [helmlega] Creating K8s event hivemq-platform-statefulset-migration-started: [StatefulSetMigration] HiveMQ Platform is starting a migration of a HiveMQ Cluster with StatefulSet
2025-01-28 23:55:23,529 INFO c.h.h.t.HelmChartContainer - [EVENT] Normal [StatefulSetMigration] HiveMQ Platform is starting a migration of a HiveMQ Cluster with StatefulSet [helmlegacystatefulsetmigrationit-operator:test-hivemq-legacy-platform]
2025-01-28 23:55:23,534 INFO c.h.h.t.HelmChartContainer - [hivemq-test-hivemq-platform] [hivemq-platform-operator] [7b61d8db] 23:55:23.533 [ReconcilerExecutor-hivemq-controller-55] INFO  c.h.p.o.h.AbstractHiveMQReconcilerStateHandler - [helmlega] Update HiveMQ Platform Status (CREATED [READY] -> STATEFULSET_MIGRATION [STATEFULSET_MIGRATION_STARTING]): HiveMQ Platform is starting a migration of a HiveMQ Cluster with StatefulSet
2025-01-28 23:55:23,580 DEBUG com.hivemq.helmcharts.util.K8sUtil - Comparing actual state 'STATEFULSET_MIGRATION' and waiting for 'STATEFULSET_MIGRATION'
2025-01-28 23:55:23,596 DEBUG com.hivemq.helmcharts.util.K8sUtil - Comparing actual state 'STATEFULSET_MIGRATION' and waiting for 'ROLLING_RESTART'
2025-01-28 23:55:23,677 INFO c.h.h.t.HelmChartContainer - [test-hivemq-legacy-platform] [operator] [18886ba6]  __  __ _                                  _   
2025-01-28 23:55:23,678 INFO c.h.h.t.HelmChartContainer - [test-hivemq-legacy-platform] [operator] [18886ba6] |  \/  (_) ___ _ __ ___  _ __   __ _ _   _| |_ 
2025-01-28 23:55:23,678 INFO c.h.h.t.HelmChartContainer - [test-hivemq-legacy-platform] [operator] [18886ba6] | |\/| | |/ __| '__/ _ \| '_ \ / _` | | | | __|
2025-01-28 23:55:23,678 INFO c.h.h.t.HelmChartContainer - [test-hivemq-legacy-platform] [operator] [18886ba6] | |  | | | (__| | | (_) | | | | (_| | |_| | |_ 
2025-01-28 23:55:23,678 INFO c.h.h.t.HelmChartContainer - [test-hivemq-legacy-platform] [operator] [18886ba6] |_|  |_|_|\___|_|  \___/|_| |_|\__,_|\__,_|\__|
2025-01-28 23:55:23,681 INFO c.h.h.t.HelmChartContainer - [test-hivemq-legacy-platform] [operator] [18886ba6]   Micronaut (v3.5.2)
2025-01-28 23:55:23,682 INFO c.h.h.t.HelmChartContainer - [test-hivemq-legacy-platform] [operator] [18886ba6] 
2025-01-28 23:55:25,777 INFO c.h.h.t.HelmChartContainer - [test-hivemq-legacy-platform] [operator] [18886ba6] ?[36m23:55:25.773?[0;39m ?[1;30m[main]?[0;39m ?[34mINFO ?[0;39m ?[35mio.micronaut.runtime.Micronaut?[0;39m - Startup completed in 2106ms. Server Running: http://test-hivemq-legacy-platform-hivemq-operator-operator-56c5bgmwdj:8443
2025-01-28 23:55:26,969 INFO c.h.h.t.HelmChartContainer - [test-hivemq-legacy-platform] [operator] [18886ba6] ?[36m23:55:26.969?[0;39m ?[1;30m[main]?[0;39m ?[34mINFO ?[0;39m ?[35mcom.hivemq.Operator?[0;39m - Initializing HiveMQ operator
2025-01-28 23:55:27,984 INFO c.h.h.t.HelmChartContainer - [test-hivemq-legacy-platform] [operator] [18886ba6] ?[36m23:55:27.983?[0;39m ?[1;30m[main]?[0;39m ?[34mINFO ?[0;39m ?[35mcom.hivemq.Operator?[0;39m - Operating from namespace 'helmlegacystatefulsetmigrationit-operator'
2025-01-28 23:55:28,166 INFO c.h.h.t.HelmChartContainer - [test-hivemq-legacy-platform] [operator] [18886ba6] ?[36m23:55:28.164?[0;39m ?[1;30m[pool-3-thread-1]?[0;39m ?[34mINFO ?[0;39m ?[35mcom.hivemq.AbstractWatcher?[0;39m - CustomResource watcher running for kinds HiveMQCluster
2025-01-28 23:55:28,679 INFO c.h.h.t.HelmChartContainer - [test-hivemq-legacy-platform] [operator] [18886ba6] ?[36m23:55:28.678?[0;39m ?[1;30m[main]?[0;39m ?[34mINFO ?[0;39m ?[35mcom.hivemq.Operator?[0;39m - Operator started in 1709ms
2025-01-28 23:55:33,635 INFO c.h.h.t.HelmChartContainer - [hivemq-test-hivemq-platform] [hivemq-platform-operator] [7b61d8db] 23:55:33.634 [ReconcilerExecutor-hivemq-controller-67] INFO  c.h.p.o.HiveMQPlatformReconciler - [helmlega] Reconciling HiveMQ Platform 'test-hivemq-legacy-platform' in namespace 'helmlegacystatefulsetmigrationit-operator'
2025-01-28 23:55:33,635 INFO c.h.h.t.HelmChartContainer - [hivemq-test-hivemq-platform] [hivemq-platform-operator] [7b61d8db] 23:55:33.634 [ReconcilerExecutor-hivemq-controller-67] DEBUG c.h.p.o.HiveMQPlatformReconciler - [helmlega] Custom Resource Status STATEFULSET_MIGRATION - HiveMQ Platform is starting a migration of a HiveMQ Cluster with StatefulSet (STATEFULSET_MIGRATION_STARTING)
2025-01-28 23:55:33,635 INFO c.h.h.t.HelmChartContainer - [hivemq-test-hivemq-platform] [hivemq-platform-operator] [7b61d8db] 23:55:33.634 [ReconcilerExecutor-hivemq-controller-67] DEBUG c.h.p.o.HiveMQPlatformReconciler - [helmlega] Custom Resource Spec (replicas: 1) (extensions: 2)
2025-01-28 23:55:33,639 INFO c.h.h.t.HelmChartContainer - [hivemq-test-hivemq-platform] [hivemq-platform-operator] [7b61d8db] 23:55:33.637 [ReconcilerExecutor-hivemq-controller-67] INFO  c.h.p.o.h.HiveMQPlatformReconcilerMigrationHandler - [helmlega] Starting migration of HiveMQ Cluster test-hivemq-legacy-platform with StatefulSet
2025-01-28 23:55:33,823 INFO c.h.h.t.HelmChartContainer - [hivemq-test-hivemq-platform] [hivemq-platform-operator] [7b61d8db] 23:55:33.822 [ReconcilerExecutor-hivemq-controller-67] INFO  c.h.p.o.h.HiveMQPlatformReconcilerMigrationHandler - [helmlega] HiveMQ Cluster test-hivemq-legacy-platform with StatefulSet is ready for migration
2025-01-28 23:55:33,836 INFO c.h.h.t.HelmChartContainer - [hivemq-test-hivemq-platform] [hivemq-platform-operator] [7b61d8db] 23:55:33.835 [ReconcilerExecutor-hivemq-controller-67] DEBUG c.h.p.operator.event.EventSender - [helmlega] Creating K8s event hivemq-platform-statefulset-migration-in-progress: [StatefulSetMigration] HiveMQ Platform is migrating from a HiveMQ Cluster with StatefulSet
2025-01-28 23:55:33,839 INFO c.h.h.t.HelmChartContainer - [EVENT] Normal [StatefulSetMigration] HiveMQ Platform is migrating from a HiveMQ Cluster with StatefulSet [helmlegacystatefulsetmigrationit-operator:test-hivemq-legacy-platform]
2025-01-28 23:55:33,842 INFO c.h.h.t.HelmChartContainer - [hivemq-test-hivemq-platform] [hivemq-platform-operator] [7b61d8db] 23:55:33.840 [ReconcilerExecutor-hivemq-controller-67] INFO  c.h.p.o.h.AbstractHiveMQReconcilerStateHandler - [helmlega] Update HiveMQ Platform Status (STATEFULSET_MIGRATION [STATEFULSET_MIGRATION_STARTING] -> STATEFULSET_MIGRATION [STATEFULSET_MIGRATION_IN_PROGRESS]): HiveMQ Platform is migrating from a HiveMQ Cluster with StatefulSet
2025-01-28 23:55:33,848 DEBUG com.hivemq.helmcharts.util.K8sUtil - Comparing actual state 'STATEFULSET_MIGRATION' and waiting for 'ROLLING_RESTART'
2025-01-28 23:55:43,933 INFO c.h.h.t.HelmChartContainer - [hivemq-test-hivemq-platform] [hivemq-platform-operator] [7b61d8db] 23:55:43.932 [ReconcilerExecutor-hivemq-controller-78] INFO  c.h.p.o.HiveMQPlatformReconciler - [helmlega] Reconciling HiveMQ Platform 'test-hivemq-legacy-platform' in namespace 'helmlegacystatefulsetmigrationit-operator'
2025-01-28 23:55:43,933 INFO c.h.h.t.HelmChartContainer - [hivemq-test-hivemq-platform] [hivemq-platform-operator] [7b61d8db] 23:55:43.932 [ReconcilerExecutor-hivemq-controller-78] DEBUG c.h.p.o.HiveMQPlatformReconciler - [helmlega] Custom Resource Status STATEFULSET_MIGRATION - HiveMQ Platform is migrating from a HiveMQ Cluster with StatefulSet (STATEFULSET_MIGRATION_IN_PROGRESS)
2025-01-28 23:55:43,934 INFO c.h.h.t.HelmChartContainer - [hivemq-test-hivemq-platform] [hivemq-platform-operator] [7b61d8db] 23:55:43.932 [ReconcilerExecutor-hivemq-controller-78] DEBUG c.h.p.o.HiveMQPlatformReconciler - [helmlega] Custom Resource Spec (replicas: 1) (extensions: 2)
2025-01-28 23:55:43,935 INFO c.h.h.t.HelmChartContainer - [hivemq-test-hivemq-platform] [hivemq-platform-operator] [7b61d8db] 23:55:43.935 [ReconcilerExecutor-hivemq-controller-78] INFO  c.h.p.o.h.HiveMQPlatformReconcilerMigrationHandler - [helmlega] Migration of HiveMQ Cluster test-hivemq-legacy-platform with StatefulSet
2025-01-28 23:55:44,046 INFO c.h.h.t.HelmChartContainer - [hivemq-test-hivemq-platform] [hivemq-platform-operator] [7b61d8db] 23:55:44.045 [ReconcilerExecutor-hivemq-controller-78] DEBUG c.h.p.o.h.HiveMQPlatformReconcilerMigrationHandler - [helmlega] Successfully migrated StatefulSet 'test-hivemq-legacy-platform' (resourceVersion: 998 -> 1043)
2025-01-28 23:55:44,150 INFO c.h.h.t.HelmChartContainer - [POD] test-hivemq-legacy-platform-0 [8ba97e76-8fe2-40db-9fcd-4895ea267d00] in helmlegacystatefulsetmigrationit-operator was MODIFIED
2025-01-28 23:55:44,224 INFO c.h.h.t.HelmChartContainer - [hivemq-test-hivemq-platform] [hivemq-platform-operator] [7b61d8db] 23:55:44.222 [ReconcilerExecutor-hivemq-controller-78] DEBUG c.h.p.o.h.HiveMQPlatformReconcilerMigrationHandler - [helmlega] Successfully migrated Pod 'test-hivemq-legacy-platform-0' (resourceVersion: 954 -> 1044)
2025-01-28 23:55:44,241 INFO c.h.h.t.HelmChartContainer - [hivemq-test-hivemq-platform] [hivemq-platform-operator] [7b61d8db] 23:55:44.240 [ReconcilerExecutor-hivemq-controller-78] DEBUG c.h.p.o.h.HiveMQPlatformReconcilerMigrationHandler - [helmlega] Successfully migrated Service 'hivemq-test-hivemq-legacy-platform-mqtt' (resourceVersion: 995 -> 1045)
2025-01-28 23:55:44,335 INFO c.h.h.t.HelmChartContainer - [hivemq-test-hivemq-platform] [hivemq-platform-operator] [7b61d8db] 23:55:44.330 [ReconcilerExecutor-hivemq-controller-78] DEBUG c.h.p.o.h.HiveMQPlatformReconcilerMigrationHandler - [helmlega] Successfully migrated Service 'hivemq-test-hivemq-legacy-platform-cc' (resourceVersion: 997 -> 1048)
2025-01-28 23:55:44,344 INFO c.h.h.t.HelmChartContainer - [hivemq-test-hivemq-platform] [hivemq-platform-operator] [7b61d8db] 23:55:44.342 [ReconcilerExecutor-hivemq-controller-78] DEBUG c.h.p.o.h.HiveMQPlatformReconcilerMigrationHandler - [helmlega] Successfully migrated Service 'hivemq-test-hivemq-legacy-platform-metrics' (resourceVersion: 992 -> 1051)
2025-01-28 23:55:44,432 INFO c.h.h.t.HelmChartContainer - [hivemq-test-hivemq-platform] [hivemq-platform-operator] [7b61d8db] 23:55:44.429 [ReconcilerExecutor-hivemq-controller-78] DEBUG c.h.p.o.h.HiveMQPlatformReconcilerMigrationHandler - [helmlega] Successfully migrated Service 'hivemq-test-hivemq-legacy-platform-api' (resourceVersion: 996 -> 1054)
2025-01-28 23:55:44,443 INFO c.h.h.t.HelmChartContainer - [hivemq-test-hivemq-platform] [hivemq-platform-operator] [7b61d8db] 23:55:44.442 [ReconcilerExecutor-hivemq-controller-78] DEBUG c.h.p.o.h.HiveMQPlatformReconcilerMigrationHandler - [helmlega] Successfully migrated Service 'hivemq-test-hivemq-legacy-platform-cluster' (resourceVersion: 991 -> 1057)
2025-01-28 23:55:44,444 INFO c.h.h.t.HelmChartContainer - [hivemq-test-hivemq-platform] [hivemq-platform-operator] [7b61d8db] 23:55:44.442 [ReconcilerExecutor-hivemq-controller-78] INFO  c.h.p.o.h.HiveMQPlatformReconcilerMigrationHandler - [helmlega] Migration of HiveMQ Cluster test-hivemq-legacy-platform with StatefulSet was successful
2025-01-28 23:55:44,535 INFO c.h.h.t.HelmChartContainer - [hivemq-test-hivemq-platform] [hivemq-platform-operator] [7b61d8db] 23:55:44.534 [ReconcilerExecutor-hivemq-controller-78] DEBUG c.h.p.operator.event.EventSender - [helmlega] Creating K8s event hivemq-platform-statefulset-migration-validation: [StatefulSetMigration] HiveMQ Platform is validating a migration of a HiveMQ Cluster with StatefulSet
2025-01-28 23:55:44,539 INFO c.h.h.t.HelmChartContainer - [EVENT] Normal [StatefulSetMigration] HiveMQ Platform is validating a migration of a HiveMQ Cluster with StatefulSet [helmlegacystatefulsetmigrationit-operator:test-hivemq-legacy-platform]
2025-01-28 23:55:44,542 INFO c.h.h.t.HelmChartContainer - [hivemq-test-hivemq-platform] [hivemq-platform-operator] [7b61d8db] 23:55:44.539 [ReconcilerExecutor-hivemq-controller-78] INFO  c.h.p.o.h.AbstractHiveMQReconcilerStateHandler - [helmlega] Update HiveMQ Platform Status (STATEFULSET_MIGRATION [STATEFULSET_MIGRATION_IN_PROGRESS] -> STATEFULSET_MIGRATION [STATEFULSET_MIGRATION_VALIDATION]): HiveMQ Platform is validating a migration of a HiveMQ Cluster with StatefulSet
2025-01-28 23:55:44,634 DEBUG com.hivemq.helmcharts.util.K8sUtil - Comparing actual state 'STATEFULSET_MIGRATION' and waiting for 'ROLLING_RESTART'
2025-01-28 23:55:44,724 INFO c.h.h.t.HelmChartContainer - [hivemq-test-hivemq-platform] [hivemq-platform-operator] [7b61d8db] 23:55:44.723 [ReconcilerExecutor-hivemq-controller-89] INFO  c.h.p.o.HiveMQPlatformReconciler - [helmlega] Reconciling HiveMQ Platform 'test-hivemq-legacy-platform' in namespace 'helmlegacystatefulsetmigrationit-operator'
2025-01-28 23:55:44,724 INFO c.h.h.t.HelmChartContainer - [hivemq-test-hivemq-platform] [hivemq-platform-operator] [7b61d8db] 23:55:44.723 [ReconcilerExecutor-hivemq-controller-89] DEBUG c.h.p.o.HiveMQPlatformReconciler - [helmlega] Custom Resource Status STATEFULSET_MIGRATION - HiveMQ Platform is validating a migration of a HiveMQ Cluster with StatefulSet (STATEFULSET_MIGRATION_VALIDATION)
2025-01-28 23:55:44,724 INFO c.h.h.t.HelmChartContainer - [hivemq-test-hivemq-platform] [hivemq-platform-operator] [7b61d8db] 23:55:44.723 [ReconcilerExecutor-hivemq-controller-89] DEBUG c.h.p.o.HiveMQPlatformReconciler - [helmlega] Custom Resource Spec (replicas: 1) (extensions: 2)
2025-01-28 23:55:44,740 INFO c.h.h.t.HelmChartContainer - [hivemq-test-hivemq-platform] [hivemq-platform-operator] [7b61d8db] 23:55:44.739 [ReconcilerExecutor-hivemq-controller-89] DEBUG c.h.p.o.h.HiveMQPlatformReconcilerMigrationHandler - [helmlega] Validation of migrated StatefulSet 'test-hivemq-legacy-platform' of HiveMQ Platform 'test-hivemq-legacy-platform'
2025-01-28 23:55:44,823 INFO c.h.h.t.HelmChartContainer - [hivemq-test-hivemq-platform] [hivemq-platform-operator] [7b61d8db] 23:55:44.746 [ReconcilerExecutor-hivemq-controller-89] DEBUG c.h.p.o.h.HiveMQPlatformReconcilerMigrationHandler - [helmlega] Validation of migrated Pod 'test-hivemq-legacy-platform-0' of HiveMQ Platform 'test-hivemq-legacy-platform'
2025-01-28 23:55:44,827 INFO c.h.h.t.HelmChartContainer - [hivemq-test-hivemq-platform] [hivemq-platform-operator] [7b61d8db] 23:55:44.827 [ReconcilerExecutor-hivemq-controller-89] DEBUG c.h.p.o.h.HiveMQPlatformReconcilerMigrationHandler - [helmlega] Validation of migrated Service 'hivemq-test-hivemq-legacy-platform-cc' of HiveMQ Platform 'test-hivemq-legacy-platform'
2025-01-28 23:55:44,828 INFO c.h.h.t.HelmChartContainer - [hivemq-test-hivemq-platform] [hivemq-platform-operator] [7b61d8db] 23:55:44.827 [ReconcilerExecutor-hivemq-controller-89] DEBUG c.h.p.o.h.HiveMQPlatformReconcilerMigrationHandler - [helmlega] Validation of migrated Service 'hivemq-test-hivemq-legacy-platform-metrics' of HiveMQ Platform 'test-hivemq-legacy-platform'
2025-01-28 23:55:44,829 INFO c.h.h.t.HelmChartContainer - [hivemq-test-hivemq-platform] [hivemq-platform-operator] [7b61d8db] 23:55:44.827 [ReconcilerExecutor-hivemq-controller-89] DEBUG c.h.p.o.h.HiveMQPlatformReconcilerMigrationHandler - [helmlega] Validation of migrated Service 'hivemq-test-hivemq-legacy-platform-api' of HiveMQ Platform 'test-hivemq-legacy-platform'
2025-01-28 23:55:44,829 INFO c.h.h.t.HelmChartContainer - [hivemq-test-hivemq-platform] [hivemq-platform-operator] [7b61d8db] 23:55:44.827 [ReconcilerExecutor-hivemq-controller-89] DEBUG c.h.p.o.h.HiveMQPlatformReconcilerMigrationHandler - [helmlega] Validation of migrated Service 'hivemq-test-hivemq-legacy-platform-mqtt' of HiveMQ Platform 'test-hivemq-legacy-platform'
2025-01-28 23:55:44,829 INFO c.h.h.t.HelmChartContainer - [hivemq-test-hivemq-platform] [hivemq-platform-operator] [7b61d8db] 23:55:44.827 [ReconcilerExecutor-hivemq-controller-89] DEBUG c.h.p.o.h.HiveMQPlatformReconcilerMigrationHandler - [helmlega] Validation of migrated Service 'hivemq-test-hivemq-legacy-platform-cluster' of HiveMQ Platform 'test-hivemq-legacy-platform'
2025-01-28 23:55:44,829 INFO c.h.h.t.HelmChartContainer - [hivemq-test-hivemq-platform] [hivemq-platform-operator] [7b61d8db] 23:55:44.827 [ReconcilerExecutor-hivemq-controller-89] INFO  c.h.p.o.h.HiveMQPlatformReconcilerMigrationHandler - [helmlega] Migration of HiveMQ Cluster test-hivemq-legacy-platform with StatefulSet validated successfully
2025-01-28 23:55:44,923 INFO c.h.h.t.HelmChartContainer - [hivemq-test-hivemq-platform] [hivemq-platform-operator] [7b61d8db] 23:55:44.922 [ReconcilerExecutor-hivemq-controller-89] DEBUG c.h.p.operator.event.EventSender - [helmlega] Creating K8s event hivemq-platform-ready: [Ready] HiveMQ Platform is ready
2025-01-28 23:55:44,926 INFO c.h.h.t.HelmChartContainer - [EVENT] Normal [Ready] HiveMQ Platform is ready [helmlegacystatefulsetmigrationit-operator:test-hivemq-legacy-platform]
2025-01-28 23:55:44,928 INFO c.h.h.t.HelmChartContainer - [hivemq-test-hivemq-platform] [hivemq-platform-operator] [7b61d8db] 23:55:44.926 [ReconcilerExecutor-hivemq-controller-89] INFO  c.h.p.o.h.AbstractHiveMQReconcilerStateHandler - [helmlega] Update HiveMQ Platform Status (STATEFULSET_MIGRATION [STATEFULSET_MIGRATION_VALIDATION] -> RUNNING [READY]): HiveMQ Platform is ready
2025-01-28 23:55:44,937 DEBUG com.hivemq.helmcharts.util.K8sUtil - Comparing actual state 'RUNNING' and waiting for 'ROLLING_RESTART'
2025-01-28 23:55:54,945 INFO c.h.h.t.HelmChartContainer - [hivemq-test-hivemq-platform] [hivemq-platform-operator] [7b61d8db] 23:55:54.944 [pool-6-thread-42] DEBUG c.h.p.o.d.PlatformServiceResource - [helmlega] Desired Platform services (4 services)
2025-01-28 23:55:54,947 INFO c.h.h.t.HelmChartContainer - [hivemq-test-hivemq-platform] [hivemq-platform-operator] [7b61d8db] 23:55:54.946 [pool-6-thread-43] DEBUG c.h.p.o.dependants.PodInfoConfigMap - [helmlega] Desired PodInfo ConfigMap (2 extensions) (1 enabled)
2025-01-28 23:55:54,947 INFO c.h.h.t.HelmChartContainer - [hivemq-test-hivemq-platform] [hivemq-platform-operator] [7b61d8db] 23:55:54.946 [pool-6-thread-43] DEBUG c.h.p.o.dependants.PodInfoConfigMap - [helmlega] Desired PodInfo ConfigMap (metrics port: 9399) (metrics path: /)
2025-01-28 23:55:54,949 INFO c.h.h.t.HelmChartContainer - [hivemq-test-hivemq-platform] [hivemq-platform-operator] [7b61d8db] 23:55:54.946 [pool-6-thread-43] DEBUG c.h.p.o.dependants.PodInfoConfigMap - [helmlega] Desired PodInfo ConfigMap (extension state hash: -727970014)
2025-01-28 23:55:54,955 INFO c.h.h.t.HelmChartContainer - [hivemq-test-hivemq-platform] [hivemq-platform-operator] [7b61d8db] 23:55:54.951 [pool-6-thread-47] DEBUG c.h.p.o.d.PodServiceAccountResource - [helmlega] Desired PodServiceAccountResource (serviceAccountName: hivemq-platform-pod-test-hivemq-legacy-platform)
2025-01-28 23:55:54,957 INFO c.h.h.t.HelmChartContainer - [hivemq-test-hivemq-platform] [hivemq-platform-operator] [7b61d8db] 23:55:54.957 [pool-6-thread-43] DEBUG c.h.p.o.dependants.PodInfoConfigMap - [helmlega] Update PodInfo ConfigMap
2025-01-28 23:55:55,140 INFO c.h.h.t.HelmChartContainer - [hivemq-test-hivemq-platform] [hivemq-platform-operator] [7b61d8db] 23:55:55.138 [pool-6-thread-50] DEBUG c.h.p.o.d.StatefulSetResource - [helmlega] Actual selector match labels: {app=hivemq, hivemq-cluster=test-hivemq-legacy-platform}
2025-01-28 23:55:55,140 INFO c.h.h.t.HelmChartContainer - [hivemq-test-hivemq-platform] [hivemq-platform-operator] [7b61d8db] 23:55:55.138 [pool-6-thread-50] DEBUG c.h.p.o.d.StatefulSetResource - [helmlega] Target selector match labels: {hivemq-platform=test-hivemq-legacy-platform}
2025-01-28 23:55:55,140 INFO c.h.h.t.HelmChartContainer - [hivemq-test-hivemq-platform] [hivemq-platform-operator] [7b61d8db] 23:55:55.138 [pool-6-thread-50] INFO  c.h.p.o.d.StatefulSetResource - [helmlega] Detected change of immutable fields in StatefulSet specification, will re-create the StatefulSet
2025-01-28 23:55:55,226 INFO c.h.h.t.HelmChartContainer - [hivemq-test-hivemq-platform] [hivemq-platform-operator] [7b61d8db] 23:55:55.225 [pool-6-thread-50] INFO  c.h.p.o.d.StatefulSetResource - [helmlega] Fixing labels on Pod 'test-hivemq-legacy-platform-0'
2025-01-28 23:55:55,248 INFO c.h.h.t.HelmChartContainer - [POD] test-hivemq-legacy-platform-0 [8ba97e76-8fe2-40db-9fcd-4895ea267d00] in helmlegacystatefulsetmigrationit-operator was MODIFIED
2025-01-28 23:55:55,355 INFO c.h.h.t.HelmChartContainer - [K3S] [stateful_set.go:438] "Unhandled Error" err="error syncing StatefulSet helmlegacystatefulsetmigrationit-operator/test-hivemq-legacy-platform, requeuing: can't adopt ControllerRevisions: helmlegacystatefulsetmigrationit-operator/test-hivemq-legacy-platform has just been deleted at 2025-01-28 23:55:55 +0000 UTC"
2025-01-28 23:55:55,368 INFO c.h.h.t.HelmChartContainer - [POD] test-hivemq-legacy-platform-0 [8ba97e76-8fe2-40db-9fcd-4895ea267d00] in helmlegacystatefulsetmigrationit-operator was MODIFIED
2025-01-28 23:55:55,368 INFO c.h.h.t.HelmChartContainer - [K3S] [stateful_set.go:438] "Unhandled Error" err="error syncing StatefulSet helmlegacystatefulsetmigrationit-operator/test-hivemq-legacy-platform, requeuing: can't adopt ControllerRevisions: helmlegacystatefulsetmigrationit-operator/test-hivemq-legacy-platform has just been deleted at 2025-01-28 23:55:55 +0000 UTC"
2025-01-28 23:55:55,378 INFO c.h.h.t.HelmChartContainer - [K3S] [stateful_set.go:438] "Unhandled Error" err="error syncing StatefulSet helmlegacystatefulsetmigrationit-operator/test-hivemq-legacy-platform, requeuing: can't adopt ControllerRevisions: helmlegacystatefulsetmigrationit-operator/test-hivemq-legacy-platform has just been deleted at 2025-01-28 23:55:55 +0000 UTC"
2025-01-28 23:55:55,396 INFO c.h.h.t.HelmChartContainer - [K3S] [stateful_set.go:438] "Unhandled Error" err="error syncing StatefulSet helmlegacystatefulsetmigrationit-operator/test-hivemq-legacy-platform, requeuing: can't adopt ControllerRevisions: helmlegacystatefulsetmigrationit-operator/test-hivemq-legacy-platform has just been deleted at 2025-01-28 23:55:55 +0000 UTC"
2025-01-28 23:55:55,411 INFO c.h.h.t.HelmChartContainer - [K3S] [stateful_set.go:466] "StatefulSet has been deleted" key="helmlegacystatefulsetmigrationit-operator/test-hivemq-legacy-platform"
2025-01-28 23:55:55,412 INFO c.h.h.t.HelmChartContainer - [K3S] [stateful_set.go:466] "StatefulSet has been deleted" key="helmlegacystatefulsetmigrationit-operator/test-hivemq-legacy-platform"
2025-01-28 23:55:55,552 INFO c.h.h.t.HelmChartContainer - [hivemq-test-hivemq-platform] [hivemq-platform-operator] [7b61d8db] 23:55:55.551 [pool-6-thread-50] INFO  c.h.p.o.d.StatefulSetResource - [helmlega] StatefulSet needs to be re-created, stopping current reconciliation
2025-01-28 23:55:55,553 INFO c.h.h.t.HelmChartContainer - [hivemq-test-hivemq-platform] [hivemq-platform-operator] [7b61d8db] 23:55:55.552 [ReconcilerExecutor-hivemq-controller-100] INFO  c.h.p.o.HiveMQPlatformReconciler - [helmlega] Reconciling HiveMQ Platform 'test-hivemq-legacy-platform' in namespace 'helmlegacystatefulsetmigrationit-operator'
2025-01-28 23:55:55,554 INFO c.h.h.t.HelmChartContainer - [hivemq-test-hivemq-platform] [hivemq-platform-operator] [7b61d8db] 23:55:55.553 [ReconcilerExecutor-hivemq-controller-100] DEBUG c.h.p.o.HiveMQPlatformReconciler - [helmlega] Custom Resource Status RUNNING - HiveMQ Platform is ready (READY) (reconciliation requests: ROLLING_RESTART, REQUESTS_UPDATED)
2025-01-28 23:55:55,554 INFO c.h.h.t.HelmChartContainer - [hivemq-test-hivemq-platform] [hivemq-platform-operator] [7b61d8db] 23:55:55.553 [ReconcilerExecutor-hivemq-controller-100] DEBUG c.h.p.o.HiveMQPlatformReconciler - [helmlega] Custom Resource Spec (replicas: 1) (extensions: 2)
2025-01-28 23:55:55,624 INFO c.h.h.t.HelmChartContainer - [hivemq-test-hivemq-platform] [hivemq-platform-operator] [7b61d8db] 23:55:55.623 [ReconcilerExecutor-hivemq-controller-100] DEBUG c.h.p.o.HiveMQPlatformReconciler - [helmlega] StatefulSet is not ready yet
2025-01-28 23:55:55,624 INFO c.h.h.t.HelmChartContainer - [hivemq-test-hivemq-platform] [hivemq-platform-operator] [7b61d8db] 23:55:55.623 [ReconcilerExecutor-hivemq-controller-100] DEBUG c.h.p.o.h.AbstractHiveMQReconcilerStateHandler - [helmlega] HiveMQ Platform annotations have been updated, will update resource
2025-01-28 23:55:55,626 INFO c.h.h.t.HelmChartContainer - [hivemq-test-hivemq-platform] [hivemq-platform-operator] [7b61d8db] 23:55:55.624 [ReconcilerExecutor-hivemq-controller-100] INFO  c.h.p.o.h.AbstractHiveMQReconcilerStateHandler - [helmlega] Update HiveMQ Platform Status (STATEFULSET_MIGRATION [STATEFULSET_MIGRATION_VALIDATION] -> RUNNING [READY]): HiveMQ Platform is ready (reconciliation requests: ROLLING_RESTART)
2025-01-28 23:55:55,637 DEBUG com.hivemq.helmcharts.util.K8sUtil - Comparing actual state 'RUNNING' and waiting for 'ROLLING_RESTART'
2025-01-28 23:55:55,641 INFO c.h.h.t.HelmChartContainer - [hivemq-test-hivemq-platform] [hivemq-platform-operator] [7b61d8db] 23:55:55.639 [pool-6-thread-6] DEBUG c.h.p.o.d.PlatformServiceResource - [helmlega] Desired Platform services (4 services)
2025-01-28 23:55:55,641 INFO c.h.h.t.HelmChartContainer - [hivemq-test-hivemq-platform] [hivemq-platform-operator] [7b61d8db] 23:55:55.640 [pool-6-thread-8] DEBUG c.h.p.o.dependants.PodInfoConfigMap - [helmlega] Desired PodInfo ConfigMap (2 extensions) (1 enabled)
2025-01-28 23:55:55,642 INFO c.h.h.t.HelmChartContainer - [hivemq-test-hivemq-platform] [hivemq-platform-operator] [7b61d8db] 23:55:55.641 [pool-6-thread-8] DEBUG c.h.p.o.dependants.PodInfoConfigMap - [helmlega] Desired PodInfo ConfigMap (metrics port: 9399) (metrics path: /)
2025-01-28 23:55:55,642 INFO c.h.h.t.HelmChartContainer - [hivemq-test-hivemq-platform] [hivemq-platform-operator] [7b61d8db] 23:55:55.641 [pool-6-thread-8] DEBUG c.h.p.o.dependants.PodInfoConfigMap - [helmlega] Desired PodInfo ConfigMap (extension state hash: -727970014)
2025-01-28 23:55:55,642 INFO c.h.h.t.HelmChartContainer - [hivemq-test-hivemq-platform] [hivemq-platform-operator] [7b61d8db] 23:55:55.641 [pool-6-thread-4] DEBUG c.h.p.o.d.PodServiceAccountResource - [helmlega] Desired PodServiceAccountResource (serviceAccountName: hivemq-platform-pod-test-hivemq-legacy-platform)
2025-01-28 23:55:55,728 INFO c.h.h.t.HelmChartContainer - [hivemq-test-hivemq-platform] [hivemq-platform-operator] [7b61d8db] 23:55:55.727 [pool-6-thread-6] DEBUG c.h.p.o.d.StatefulSetResource - [helmlega] Desired StatefulSet (1 replicas) for status RUNNING (READY)
2025-01-28 23:55:55,823 INFO c.h.h.t.HelmChartContainer - [hivemq-test-hivemq-platform] [hivemq-platform-operator] [7b61d8db] 23:55:55.822 [pool-6-thread-6] DEBUG c.h.p.o.d.StatefulSetResource - [helmlega] Create StatefulSet
2025-01-28 23:55:55,834 INFO c.h.h.t.HelmChartContainer - [hivemq-test-hivemq-platform] [hivemq-platform-operator] [7b61d8db] 23:55:55.833 [ReconcilerExecutor-hivemq-controller-111] INFO  c.h.p.o.HiveMQPlatformReconciler - [helmlega] Reconciling HiveMQ Platform 'test-hivemq-legacy-platform' in namespace 'helmlegacystatefulsetmigrationit-operator'
2025-01-28 23:55:55,836 INFO c.h.h.t.HelmChartContainer - [hivemq-test-hivemq-platform] [hivemq-platform-operator] [7b61d8db] 23:55:55.833 [ReconcilerExecutor-hivemq-controller-111] DEBUG c.h.p.o.HiveMQPlatformReconciler - [helmlega] Custom Resource Status RUNNING - HiveMQ Platform is ready (READY) (reconciliation requests: ROLLING_RESTART)
2025-01-28 23:55:55,836 INFO c.h.h.t.HelmChartContainer - [hivemq-test-hivemq-platform] [hivemq-platform-operator] [7b61d8db] 23:55:55.833 [ReconcilerExecutor-hivemq-controller-111] DEBUG c.h.p.o.HiveMQPlatformReconciler - [helmlega] Custom Resource Spec (replicas: 1) (extensions: 2)
2025-01-28 23:55:55,837 INFO c.h.h.t.HelmChartContainer - [hivemq-test-hivemq-platform] [hivemq-platform-operator] [7b61d8db] 23:55:55.836 [ReconcilerExecutor-hivemq-controller-111] DEBUG c.h.p.o.HiveMQPlatformReconciler - [helmlega] StatefulSet Status (revision: null, replicas: 0, available: 0, ready: 0, current: 0, updated: 0)
2025-01-28 23:55:55,838 INFO c.h.h.t.HelmChartContainer - [hivemq-test-hivemq-platform] [hivemq-platform-operator] [7b61d8db] 23:55:55.836 [ReconcilerExecutor-hivemq-controller-111] DEBUG c.h.p.o.HiveMQPlatformReconciler - [helmlega] StatefulSet Spec (replicas: 1, init containers: 1, containers: 1, volumes: 6)
2025-01-28 23:55:55,840 INFO c.h.h.t.HelmChartContainer - [hivemq-test-hivemq-platform] [hivemq-platform-operator] [7b61d8db] 23:55:55.839 [ReconcilerExecutor-hivemq-controller-111] DEBUG c.h.p.o.h.HiveMQPlatformReconcilerErrorHandler - [helmlega] Pod 'test-hivemq-legacy-platform-0' phase Running
2025-01-28 23:55:55,842 INFO c.h.h.t.HelmChartContainer - [hivemq-test-hivemq-platform] [hivemq-platform-operator] [7b61d8db] 23:55:55.841 [ReconcilerExecutor-hivemq-controller-111] INFO  c.h.p.o.h.HiveMQPlatformReconcilerBaseHandler - [helmlega] Started rolling restart (scaling to 2 replicas)
2025-01-28 23:55:55,850 INFO c.h.h.t.HelmChartContainer - [POD] test-hivemq-legacy-platform-0 [8ba97e76-8fe2-40db-9fcd-4895ea267d00] in helmlegacystatefulsetmigrationit-operator was MODIFIED
2025-01-28 23:55:55,936 INFO c.h.h.t.HelmChartContainer - [hivemq-test-hivemq-platform] [hivemq-platform-operator] [7b61d8db] 23:55:55.934 [ReconcilerExecutor-hivemq-controller-111] DEBUG c.h.p.operator.event.EventSender - [helmlega] Creating K8s event rolling-restart-started: [RollingRestart] HiveMQ Platform is starting a surge Pod (rolling restart)
2025-01-28 23:55:55,938 INFO c.h.h.t.HelmChartContainer - [EVENT] Normal [RollingRestart] HiveMQ Platform is starting a surge Pod (rolling restart) [helmlegacystatefulsetmigrationit-operator:test-hivemq-legacy-platform]
2025-01-28 23:55:55,939 INFO c.h.h.t.HelmChartContainer - [hivemq-test-hivemq-platform] [hivemq-platform-operator] [7b61d8db] 23:55:55.938 [ReconcilerExecutor-hivemq-controller-111] INFO  c.h.p.o.h.AbstractHiveMQReconcilerStateHandler - [helmlega] Update HiveMQ Platform Status (RUNNING [READY] -> ROLLING_RESTART [SURGE_IN_PROGRESS]): HiveMQ Platform is starting a surge Pod (rolling restart)
2025-01-28 23:55:55,947 DEBUG com.hivemq.helmcharts.util.K8sUtil - Comparing actual state 'ROLLING_RESTART' and waiting for 'ROLLING_RESTART'
2025-01-28 23:55:55,962 DEBUG com.hivemq.helmcharts.util.K8sUtil - Comparing actual state 'ROLLING_RESTART' and waiting for 'RUNNING'
2025-01-28 23:55:56,028 INFO c.h.h.t.HelmChartContainer - [hivemq-test-hivemq-platform] [hivemq-platform-operator] [7b61d8db] 23:55:56.025 [pool-6-thread-15] DEBUG c.h.p.o.d.PlatformServiceResource - [helmlega] Desired Platform services (4 services)
2025-01-28 23:55:56,028 INFO c.h.h.t.HelmChartContainer - [hivemq-test-hivemq-platform] [hivemq-platform-operator] [7b61d8db] 23:55:56.027 [pool-6-thread-17] DEBUG c.h.p.o.dependants.PodInfoConfigMap - [helmlega] Desired PodInfo ConfigMap (2 extensions) (1 enabled)
2025-01-28 23:55:56,028 INFO c.h.h.t.HelmChartContainer - [hivemq-test-hivemq-platform] [hivemq-platform-operator] [7b61d8db] 23:55:56.027 [pool-6-thread-17] DEBUG c.h.p.o.dependants.PodInfoConfigMap - [helmlega] Desired PodInfo ConfigMap (metrics port: 9399) (metrics path: /)
2025-01-28 23:55:56,028 INFO c.h.h.t.HelmChartContainer - [hivemq-test-hivemq-platform] [hivemq-platform-operator] [7b61d8db] 23:55:56.027 [pool-6-thread-17] DEBUG c.h.p.o.dependants.PodInfoConfigMap - [helmlega] Desired PodInfo ConfigMap (extension state hash: -727970014)
2025-01-28 23:55:56,032 INFO c.h.h.t.HelmChartContainer - [hivemq-test-hivemq-platform] [hivemq-platform-operator] [7b61d8db] 23:55:56.030 [pool-6-thread-17] DEBUG c.h.p.o.dependants.PodInfoConfigMap - [helmlega] Update PodInfo ConfigMap
2025-01-28 23:55:56,032 INFO c.h.h.t.HelmChartContainer - [hivemq-test-hivemq-platform] [hivemq-platform-operator] [7b61d8db] 23:55:56.030 [pool-6-thread-19] DEBUG c.h.p.o.d.PodServiceAccountResource - [helmlega] Desired PodServiceAccountResource (serviceAccountName: hivemq-platform-pod-test-hivemq-legacy-platform)
2025-01-28 23:55:56,124 INFO c.h.h.t.HelmChartContainer - [hivemq-test-hivemq-platform] [hivemq-platform-operator] [7b61d8db] 23:55:56.123 [pool-6-thread-17] DEBUG c.h.p.o.d.StatefulSetResource - [helmlega] Desired StatefulSet (2 replicas) for status ROLLING_RESTART (SURGE_IN_PROGRESS)
2025-01-28 23:55:56,131 INFO c.h.h.t.HelmChartContainer - [hivemq-test-hivemq-platform] [hivemq-platform-operator] [7b61d8db] 23:55:56.130 [pool-6-thread-17] DEBUG c.h.p.o.d.StatefulSetResource - [helmlega] Update StatefulSet (replicas: 1 -> 2)
2025-01-28 23:55:56,146 INFO c.h.h.t.HelmChartContainer - [hivemq-test-hivemq-platform] [hivemq-platform-operator] [7b61d8db] 23:55:56.144 [ReconcilerExecutor-hivemq-controller-112] INFO  c.h.p.o.HiveMQPlatformReconciler - [helmlega] Reconciling HiveMQ Platform 'test-hivemq-legacy-platform' in namespace 'helmlegacystatefulsetmigrationit-operator'
2025-01-28 23:55:56,146 INFO c.h.h.t.HelmChartContainer - [hivemq-test-hivemq-platform] [hivemq-platform-operator] [7b61d8db] 23:55:56.144 [ReconcilerExecutor-hivemq-controller-112] DEBUG c.h.p.o.HiveMQPlatformReconciler - [helmlega] Custom Resource Status ROLLING_RESTART - HiveMQ Platform is starting a surge Pod (rolling restart) (SURGE_IN_PROGRESS)
2025-01-28 23:55:56,146 INFO c.h.h.t.HelmChartContainer - [hivemq-test-hivemq-platform] [hivemq-platform-operator] [7b61d8db] 23:55:56.144 [ReconcilerExecutor-hivemq-controller-112] DEBUG c.h.p.o.HiveMQPlatformReconciler - [helmlega] Custom Resource Spec (replicas: 1) (extensions: 2)
2025-01-28 23:55:56,152 INFO c.h.h.t.HelmChartContainer - [EVENT] Normal [SuccessfulCreate] create Claim data-test-hivemq-legacy-platform-1 Pod test-hivemq-legacy-platform-1 in StatefulSet test-hivemq-legacy-platform success [helmlegacystatefulsetmigrationit-operator:test-hivemq-legacy-platform]
2025-01-28 23:55:56,152 INFO c.h.h.t.HelmChartContainer - [EVENT] Normal [WaitForFirstConsumer] waiting for first consumer to be created before binding [helmlegacystatefulsetmigrationit-operator:data-test-hivemq-legacy-platform-1]
2025-01-28 23:55:56,154 INFO c.h.h.t.HelmChartContainer - [POD] test-hivemq-legacy-platform-1 [877830f0-eb1e-4574-8f10-f1a01047bfb0] in helmlegacystatefulsetmigrationit-operator was ADDED
2025-01-28 23:55:56,157 INFO c.h.h.t.HelmChartContainer - [EVENT] Normal [SuccessfulCreate] create Pod test-hivemq-legacy-platform-1 in StatefulSet test-hivemq-legacy-platform successful [helmlegacystatefulsetmigrationit-operator:test-hivemq-legacy-platform]
2025-01-28 23:55:56,163 INFO c.h.h.t.HelmChartContainer - [EVENT] Normal [ExternalProvisioning] Waiting for a volume to be created either by the external provisioner 'rancher.io/local-path' or manually by the system administrator. If volume creation is delayed, please verify that the provisioner is running and correctly registered. [helmlegacystatefulsetmigrationit-operator:data-test-hivemq-legacy-platform-1]
2025-01-28 23:55:56,167 INFO c.h.h.t.HelmChartContainer - [EVENT] Normal [ExternalProvisioning] Waiting for a volume to be created either by the external provisioner 'rancher.io/local-path' or manually by the system administrator. If volume creation is delayed, please verify that the provisioner is running and correctly registered. [helmlegacystatefulsetmigrationit-operator:data-test-hivemq-legacy-platform-1]
2025-01-28 23:55:56,167 INFO c.h.h.t.HelmChartContainer - [EVENT] Normal [Provisioning] External provisioner is provisioning volume for claim "helmlegacystatefulsetmigrationit-operator/data-test-hivemq-legacy-platform-1" [helmlegacystatefulsetmigrationit-operator:data-test-hivemq-legacy-platform-1]
2025-01-28 23:55:56,225 INFO c.h.h.t.HelmChartContainer - [hivemq-test-hivemq-platform] [hivemq-platform-operator] [7b61d8db] 23:55:56.223 [ReconcilerExecutor-hivemq-controller-112] DEBUG c.h.p.o.HiveMQPlatformReconciler - [helmlega] StatefulSet Status (revision: test-hivemq-legacy-platform-65df8dcb7f, replicas: 1, available: 1, ready: 1, current: 0, updated: 0)
2025-01-28 23:55:56,225 INFO c.h.h.t.HelmChartContainer - [hivemq-test-hivemq-platform] [hivemq-platform-operator] [7b61d8db] 23:55:56.224 [ReconcilerExecutor-hivemq-controller-112] DEBUG c.h.p.o.HiveMQPlatformReconciler - [helmlega] StatefulSet Spec (replicas: 2, init containers: 1, containers: 1, volumes: 6)
2025-01-28 23:55:56,230 INFO c.h.h.t.HelmChartContainer - [hivemq-test-hivemq-platform] [hivemq-platform-operator] [7b61d8db] 23:55:56.227 [ReconcilerExecutor-hivemq-controller-112] DEBUG c.h.p.o.h.HiveMQPlatformReconcilerErrorHandler - [helmlega] Pod 'test-hivemq-legacy-platform-0' phase Running
2025-01-28 23:55:56,232 INFO c.h.h.t.HelmChartContainer - [hivemq-test-hivemq-platform] [hivemq-platform-operator] [7b61d8db] 23:55:56.229 [ReconcilerExecutor-hivemq-controller-112] DEBUG c.h.p.o.h.HiveMQPlatformReconcilerRollingRestartHandler - [helmlega] Rolling restart is waiting for 1 of 2 replicas
2025-01-28 23:55:56,238 INFO c.h.h.t.HelmChartContainer - [hivemq-test-hivemq-platform] [hivemq-platform-operator] [7b61d8db] 23:55:56.237 [pool-6-thread-27] DEBUG c.h.p.o.d.PlatformServiceResource - [helmlega] Desired Platform services (4 services)
2025-01-28 23:55:56,242 INFO c.h.h.t.HelmChartContainer - [hivemq-test-hivemq-platform] [hivemq-platform-operator] [7b61d8db] 23:55:56.240 [pool-6-thread-26] DEBUG c.h.p.o.d.PodServiceAccountResource - [helmlega] Desired PodServiceAccountResource (serviceAccountName: hivemq-platform-pod-test-hivemq-legacy-platform)
2025-01-28 23:55:56,256 INFO c.h.h.t.HelmChartContainer - [POD] helper-pod-create-pvc-0171b416-5105-4c98-9d52-be75bfa0474b [2e7dd0a2-efc6-4a1a-8ce0-6f26408e61e1] in kube-system was ADDED
2025-01-28 23:55:56,262 INFO c.h.h.t.HelmChartContainer - [POD] helper-pod-create-pvc-0171b416-5105-4c98-9d52-be75bfa0474b [2e7dd0a2-efc6-4a1a-8ce0-6f26408e61e1] in kube-system was MODIFIED
2025-01-28 23:55:56,323 INFO c.h.h.t.HelmChartContainer - [hivemq-test-hivemq-platform] [hivemq-platform-operator] [7b61d8db] 23:55:56.322 [pool-6-thread-25] DEBUG c.h.p.o.dependants.PodInfoConfigMap - [helmlega] Desired PodInfo ConfigMap (2 extensions) (1 enabled)
2025-01-28 23:55:56,323 INFO c.h.h.t.HelmChartContainer - [hivemq-test-hivemq-platform] [hivemq-platform-operator] [7b61d8db] 23:55:56.322 [pool-6-thread-25] DEBUG c.h.p.o.dependants.PodInfoConfigMap - [helmlega] Desired PodInfo ConfigMap (metrics port: 9399) (metrics path: /)
2025-01-28 23:55:56,323 INFO c.h.h.t.HelmChartContainer - [hivemq-test-hivemq-platform] [hivemq-platform-operator] [7b61d8db] 23:55:56.322 [pool-6-thread-25] DEBUG c.h.p.o.dependants.PodInfoConfigMap - [helmlega] Desired PodInfo ConfigMap (extension state hash: -727970014)
2025-01-28 23:55:56,328 INFO c.h.h.t.HelmChartContainer - [hivemq-test-hivemq-platform] [hivemq-platform-operator] [7b61d8db] 23:55:56.327 [pool-6-thread-27] DEBUG c.h.p.o.d.StatefulSetResource - [helmlega] Desired StatefulSet (2 replicas) for status ROLLING_RESTART (SURGE_IN_PROGRESS)
2025-01-28 23:55:56,333 INFO c.h.h.t.HelmChartContainer - [hivemq-test-hivemq-platform] [hivemq-platform-operator] [7b61d8db] 23:55:56.332 [ReconcilerExecutor-hivemq-controller-113] INFO  c.h.p.o.HiveMQPlatformReconciler - [helmlega] Reconciling HiveMQ Platform 'test-hivemq-legacy-platform' in namespace 'helmlegacystatefulsetmigrationit-operator'
2025-01-28 23:55:56,333 INFO c.h.h.t.HelmChartContainer - [hivemq-test-hivemq-platform] [hivemq-platform-operator] [7b61d8db] 23:55:56.332 [ReconcilerExecutor-hivemq-controller-113] DEBUG c.h.p.o.HiveMQPlatformReconciler - [helmlega] Custom Resource Status ROLLING_RESTART - HiveMQ Platform is starting a surge Pod (rolling restart) (SURGE_IN_PROGRESS)
2025-01-28 23:55:56,333 INFO c.h.h.t.HelmChartContainer - [hivemq-test-hivemq-platform] [hivemq-platform-operator] [7b61d8db] 23:55:56.332 [ReconcilerExecutor-hivemq-controller-113] DEBUG c.h.p.o.HiveMQPlatformReconciler - [helmlega] Custom Resource Spec (replicas: 1) (extensions: 2)
2025-01-28 23:55:56,336 INFO c.h.h.t.HelmChartContainer - [hivemq-test-hivemq-platform] [hivemq-platform-operator] [7b61d8db] 23:55:56.335 [ReconcilerExecutor-hivemq-controller-113] DEBUG c.h.p.o.HiveMQPlatformReconciler - [helmlega] StatefulSet Status (revision: test-hivemq-legacy-platform-65df8dcb7f, replicas: 2, available: 1, ready: 1, current: 1, updated: 1)
2025-01-28 23:55:56,337 INFO c.h.h.t.HelmChartContainer - [hivemq-test-hivemq-platform] [hivemq-platform-operator] [7b61d8db] 23:55:56.335 [ReconcilerExecutor-hivemq-controller-113] DEBUG c.h.p.o.HiveMQPlatformReconciler - [helmlega] StatefulSet Spec (replicas: 2, init containers: 1, containers: 1, volumes: 6)
2025-01-28 23:55:56,338 INFO c.h.h.t.HelmChartContainer - [hivemq-test-hivemq-platform] [hivemq-platform-operator] [7b61d8db] 23:55:56.336 [ReconcilerExecutor-hivemq-controller-113] DEBUG c.h.p.o.h.HiveMQPlatformReconcilerErrorHandler - [helmlega] Pod 'test-hivemq-legacy-platform-1' phase Pending
2025-01-28 23:55:56,340 INFO c.h.h.t.HelmChartContainer - [hivemq-test-hivemq-platform] [hivemq-platform-operator] [7b61d8db] 23:55:56.339 [ReconcilerExecutor-hivemq-controller-113] DEBUG c.h.p.o.h.HiveMQPlatformReconcilerErrorHandler - [helmlega] Pod 'test-hivemq-legacy-platform-0' phase Running
2025-01-28 23:55:56,341 INFO c.h.h.t.HelmChartContainer - [hivemq-test-hivemq-platform] [hivemq-platform-operator] [7b61d8db] 23:55:56.340 [ReconcilerExecutor-hivemq-controller-113] DEBUG c.h.p.o.h.HiveMQPlatformReconcilerRollingRestartHandler - [helmlega] Rolling restart is waiting for 1 of 2 replicas
2025-01-28 23:55:56,353 INFO c.h.h.t.HelmChartContainer - [K3S] [reconciler_common.go:251] "operationExecutor.VerifyControllerAttachedVolume started for volume \"script\" (UniqueName: \"kubernetes.io/configmap/2e7dd0a2-efc6-4a1a-8ce0-6f26408e61e1-script\") pod \"helper-pod-create-pvc-0171b416-5105-4c98-9d52-be75bfa0474b\" (UID: \"2e7dd0a2-efc6-4a1a-8ce0-6f26408e61e1\") " pod="kube-system/helper-pod-create-pvc-0171b416-5105-4c98-9d52-be75bfa0474b"
2025-01-28 23:55:56,353 INFO c.h.h.t.HelmChartContainer - [K3S] [reconciler_common.go:251] "operationExecutor.VerifyControllerAttachedVolume started for volume \"data\" (UniqueName: \"kubernetes.io/host-path/2e7dd0a2-efc6-4a1a-8ce0-6f26408e61e1-data\") pod \"helper-pod-create-pvc-0171b416-5105-4c98-9d52-be75bfa0474b\" (UID: \"2e7dd0a2-efc6-4a1a-8ce0-6f26408e61e1\") " pod="kube-system/helper-pod-create-pvc-0171b416-5105-4c98-9d52-be75bfa0474b"
2025-01-28 23:55:56,353 INFO c.h.h.t.HelmChartContainer - [K3S] [reconciler_common.go:251] "operationExecutor.VerifyControllerAttachedVolume started for volume \"kube-api-access-xqfvc\" (UniqueName: \"kubernetes.io/projected/2e7dd0a2-efc6-4a1a-8ce0-6f26408e61e1-kube-api-access-xqfvc\") pod \"helper-pod-create-pvc-0171b416-5105-4c98-9d52-be75bfa0474b\" (UID: \"2e7dd0a2-efc6-4a1a-8ce0-6f26408e61e1\") " pod="kube-system/helper-pod-create-pvc-0171b416-5105-4c98-9d52-be75bfa0474b"
2025-01-28 23:55:57,668 INFO c.h.h.t.HelmChartContainer - [POD] helper-pod-create-pvc-0171b416-5105-4c98-9d52-be75bfa0474b [2e7dd0a2-efc6-4a1a-8ce0-6f26408e61e1] in kube-system was MODIFIED
2025-01-28 23:55:58,734 INFO c.h.h.t.HelmChartContainer - [POD] helper-pod-create-pvc-0171b416-5105-4c98-9d52-be75bfa0474b [2e7dd0a2-efc6-4a1a-8ce0-6f26408e61e1] in kube-system was MODIFIED
2025-01-28 23:55:58,767 INFO c.h.h.t.HelmChartContainer - [K3S] [reconciler_common.go:162] "operationExecutor.UnmountVolume started for volume \"data\" (UniqueName: \"kubernetes.io/host-path/2e7dd0a2-efc6-4a1a-8ce0-6f26408e61e1-data\") pod \"2e7dd0a2-efc6-4a1a-8ce0-6f26408e61e1\" (UID: \"2e7dd0a2-efc6-4a1a-8ce0-6f26408e61e1\") "
2025-01-28 23:55:58,767 INFO c.h.h.t.HelmChartContainer - [K3S] [reconciler_common.go:162] "operationExecutor.UnmountVolume started for volume \"kube-api-access-xqfvc\" (UniqueName: \"kubernetes.io/projected/2e7dd0a2-efc6-4a1a-8ce0-6f26408e61e1-kube-api-access-xqfvc\") pod \"2e7dd0a2-efc6-4a1a-8ce0-6f26408e61e1\" (UID: \"2e7dd0a2-efc6-4a1a-8ce0-6f26408e61e1\") "
2025-01-28 23:55:58,768 INFO c.h.h.t.HelmChartContainer - [K3S] [reconciler_common.go:162] "operationExecutor.UnmountVolume started for volume \"script\" (UniqueName: \"kubernetes.io/configmap/2e7dd0a2-efc6-4a1a-8ce0-6f26408e61e1-script\") pod \"2e7dd0a2-efc6-4a1a-8ce0-6f26408e61e1\" (UID: \"2e7dd0a2-efc6-4a1a-8ce0-6f26408e61e1\") "
2025-01-28 23:55:58,868 INFO c.h.h.t.HelmChartContainer - [K3S] [reconciler_common.go:299] "Volume detached for volume \"kube-api-access-xqfvc\" (UniqueName: \"kubernetes.io/projected/2e7dd0a2-efc6-4a1a-8ce0-6f26408e61e1-kube-api-access-xqfvc\") on node \"62a9fd0284dd\" DevicePath \"\""
2025-01-28 23:55:58,868 INFO c.h.h.t.HelmChartContainer - [K3S] [reconciler_common.go:299] "Volume detached for volume \"script\" (UniqueName: \"kubernetes.io/configmap/2e7dd0a2-efc6-4a1a-8ce0-6f26408e61e1-script\") on node \"62a9fd0284dd\" DevicePath \"\""
2025-01-28 23:55:58,868 INFO c.h.h.t.HelmChartContainer - [K3S] [reconciler_common.go:299] "Volume detached for volume \"data\" (UniqueName: \"kubernetes.io/host-path/2e7dd0a2-efc6-4a1a-8ce0-6f26408e61e1-data\") on node \"62a9fd0284dd\" DevicePath \"\""
2025-01-28 23:55:59,274 INFO c.h.h.t.HelmChartContainer - [POD] helper-pod-create-pvc-0171b416-5105-4c98-9d52-be75bfa0474b [2e7dd0a2-efc6-4a1a-8ce0-6f26408e61e1] in kube-system was MODIFIED
2025-01-28 23:55:59,279 INFO c.h.h.t.HelmChartContainer - [POD] helper-pod-create-pvc-0171b416-5105-4c98-9d52-be75bfa0474b [2e7dd0a2-efc6-4a1a-8ce0-6f26408e61e1] in kube-system was DELETED
2025-01-28 23:55:59,283 INFO c.h.h.t.HelmChartContainer - [EVENT] Normal [ProvisioningSucceeded] Successfully provisioned volume pvc-0171b416-5105-4c98-9d52-be75bfa0474b [helmlegacystatefulsetmigrationit-operator:data-test-hivemq-legacy-platform-1]
2025-01-28 23:55:59,665 INFO c.h.h.t.HelmChartContainer - [K3S] [pod_container_deletor.go:80] "Container not found in pod's containers" containerID="1f42adbe8ce32234025fadf8acb60fad5bf833b7a7954fbf59886f214f2b56eb"
2025-01-28 23:55:59,671 INFO c.h.h.t.HelmChartContainer - [K3S] [status_manager.go:890] "Failed to get status for pod" podUID="2e7dd0a2-efc6-4a1a-8ce0-6f26408e61e1" pod="kube-system/helper-pod-create-pvc-0171b416-5105-4c98-9d52-be75bfa0474b" err="pods \"helper-pod-create-pvc-0171b416-5105-4c98-9d52-be75bfa0474b\" is forbidden: User \"system:node:62a9fd0284dd\" cannot get resource \"pods\" in API group \"\" in the namespace \"kube-system\": no relationship found between node '62a9fd0284dd' and this object"
2025-01-28 23:56:00,164 INFO c.h.h.t.HelmChartContainer - [K3S] [memory_manager.go:355] "RemoveStaleState removing state" podUID="2e7dd0a2-efc6-4a1a-8ce0-6f26408e61e1" containerName="helper-pod"
2025-01-28 23:56:00,164 INFO c.h.h.t.HelmChartContainer - [POD] test-hivemq-legacy-platform-1 [877830f0-eb1e-4574-8f10-f1a01047bfb0] in helmlegacystatefulsetmigrationit-operator was MODIFIED
2025-01-28 23:56:00,164 INFO c.h.h.t.HelmChartContainer - [EVENT] Normal [Scheduled] Successfully assigned helmlegacystatefulsetmigrationit-operator/test-hivemq-legacy-platform-1 to 62a9fd0284dd [helmlegacystatefulsetmigrationit-operator:test-hivemq-legacy-platform-1]
2025-01-28 23:56:00,169 INFO c.h.h.t.HelmChartContainer - [K3S] [status_manager.go:890] "Failed to get status for pod" podUID="2e7dd0a2-efc6-4a1a-8ce0-6f26408e61e1" pod="kube-system/helper-pod-create-pvc-0171b416-5105-4c98-9d52-be75bfa0474b" err="pods \"helper-pod-create-pvc-0171b416-5105-4c98-9d52-be75bfa0474b\" is forbidden: User \"system:node:62a9fd0284dd\" cannot get resource \"pods\" in API group \"\" in the namespace \"kube-system\": no relationship found between node '62a9fd0284dd' and this object"
2025-01-28 23:56:00,179 INFO c.h.h.t.HelmChartContainer - [hivemq-test-hivemq-platform] [hivemq-platform-operator] [7b61d8db] 23:56:00.174 [pool-6-thread-38] DEBUG c.h.p.o.d.PlatformServiceResource - [helmlega] Desired Platform services (4 services)
2025-01-28 23:56:00,187 INFO c.h.h.t.HelmChartContainer - [POD] test-hivemq-legacy-platform-1 [877830f0-eb1e-4574-8f10-f1a01047bfb0] in helmlegacystatefulsetmigrationit-operator was MODIFIED
2025-01-28 23:56:00,188 INFO c.h.h.t.HelmChartContainer - [hivemq-test-hivemq-platform] [hivemq-platform-operator] [7b61d8db] 23:56:00.180 [pool-6-thread-31] DEBUG c.h.p.o.d.PodServiceAccountResource - [helmlega] Desired PodServiceAccountResource (serviceAccountName: hivemq-platform-pod-test-hivemq-legacy-platform)
2025-01-28 23:56:00,189 INFO c.h.h.t.HelmChartContainer - [hivemq-test-hivemq-platform] [hivemq-platform-operator] [7b61d8db] 23:56:00.185 [pool-6-thread-36] DEBUG c.h.p.o.dependants.PodInfoConfigMap - [helmlega] Desired PodInfo ConfigMap (2 extensions) (1 enabled)
2025-01-28 23:56:00,190 INFO c.h.h.t.HelmChartContainer - [hivemq-test-hivemq-platform] [hivemq-platform-operator] [7b61d8db] 23:56:00.185 [pool-6-thread-36] DEBUG c.h.p.o.dependants.PodInfoConfigMap - [helmlega] Desired PodInfo ConfigMap (metrics port: 9399) (metrics path: /)
2025-01-28 23:56:00,191 INFO c.h.h.t.HelmChartContainer - [hivemq-test-hivemq-platform] [hivemq-platform-operator] [7b61d8db] 23:56:00.185 [pool-6-thread-36] DEBUG c.h.p.o.dependants.PodInfoConfigMap - [helmlega] Desired PodInfo ConfigMap (extension state hash: -727970014)
2025-01-28 23:56:00,192 INFO c.h.h.t.HelmChartContainer - [K3S] [kubelet_volumes.go:163] "Cleaned up orphaned pod volumes dir" podUID="2e7dd0a2-efc6-4a1a-8ce0-6f26408e61e1" path="/var/lib/kubelet/pods/2e7dd0a2-efc6-4a1a-8ce0-6f26408e61e1/volumes"
2025-01-28 23:56:00,267 INFO c.h.h.t.HelmChartContainer - [hivemq-test-hivemq-platform] [hivemq-platform-operator] [7b61d8db] 23:56:00.266 [pool-6-thread-32] DEBUG c.h.p.o.d.StatefulSetResource - [helmlega] Desired StatefulSet (2 replicas) for status ROLLING_RESTART (SURGE_IN_PROGRESS)
2025-01-28 23:56:00,273 INFO c.h.h.t.HelmChartContainer - [hivemq-test-hivemq-platform] [hivemq-platform-operator] [7b61d8db] 23:56:00.272 [ReconcilerExecutor-hivemq-controller-114] INFO  c.h.p.o.HiveMQPlatformReconciler - [helmlega] Reconciling HiveMQ Platform 'test-hivemq-legacy-platform' in namespace 'helmlegacystatefulsetmigrationit-operator'
2025-01-28 23:56:00,274 INFO c.h.h.t.HelmChartContainer - [hivemq-test-hivemq-platform] [hivemq-platform-operator] [7b61d8db] 23:56:00.272 [ReconcilerExecutor-hivemq-controller-114] DEBUG c.h.p.o.HiveMQPlatformReconciler - [helmlega] Custom Resource Status ROLLING_RESTART - HiveMQ Platform is starting a surge Pod (rolling restart) (SURGE_IN_PROGRESS)
2025-01-28 23:56:00,274 INFO c.h.h.t.HelmChartContainer - [hivemq-test-hivemq-platform] [hivemq-platform-operator] [7b61d8db] 23:56:00.272 [ReconcilerExecutor-hivemq-controller-114] DEBUG c.h.p.o.HiveMQPlatformReconciler - [helmlega] Custom Resource Spec (replicas: 1) (extensions: 2)
2025-01-28 23:56:00,276 INFO c.h.h.t.HelmChartContainer - [K3S] [reconciler_common.go:251] "operationExecutor.VerifyControllerAttachedVolume started for volume \"operator-init\" (UniqueName: \"kubernetes.io/empty-dir/877830f0-eb1e-4574-8f10-f1a01047bfb0-operator-init\") pod \"test-hivemq-legacy-platform-1\" (UID: \"877830f0-eb1e-4574-8f10-f1a01047bfb0\") " pod="helmlegacystatefulsetmigrationit-operator/test-hivemq-legacy-platform-1"
2025-01-28 23:56:00,277 INFO c.h.h.t.HelmChartContainer - [K3S] [reconciler_common.go:251] "operationExecutor.VerifyControllerAttachedVolume started for volume \"extension-configuration-hivemq-enterprise-security-extension\" (UniqueName: \"kubernetes.io/configmap/877830f0-eb1e-4574-8f10-f1a01047bfb0-extension-configuration-hivemq-enterprise-security-extension\") pod \"test-hivemq-legacy-platform-1\" (UID: \"877830f0-eb1e-4574-8f10-f1a01047bfb0\") " pod="helmlegacystatefulsetmigrationit-operator/test-hivemq-legacy-platform-1"
2025-01-28 23:56:00,277 INFO c.h.h.t.HelmChartContainer - [K3S] [reconciler_common.go:251] "operationExecutor.VerifyControllerAttachedVolume started for volume \"ese-file-realm\" (UniqueName: \"kubernetes.io/configmap/877830f0-eb1e-4574-8f10-f1a01047bfb0-ese-file-realm\") pod \"test-hivemq-legacy-platform-1\" (UID: \"877830f0-eb1e-4574-8f10-f1a01047bfb0\") " pod="helmlegacystatefulsetmigrationit-operator/test-hivemq-legacy-platform-1"
2025-01-28 23:56:00,277 INFO c.h.h.t.HelmChartContainer - [K3S] [reconciler_common.go:251] "operationExecutor.VerifyControllerAttachedVolume started for volume \"broker-configuration\" (UniqueName: \"kubernetes.io/configmap/877830f0-eb1e-4574-8f10-f1a01047bfb0-broker-configuration\") pod \"test-hivemq-legacy-platform-1\" (UID: \"877830f0-eb1e-4574-8f10-f1a01047bfb0\") " pod="helmlegacystatefulsetmigrationit-operator/test-hivemq-legacy-platform-1"
2025-01-28 23:56:00,277 INFO c.h.h.t.HelmChartContainer - [K3S] [reconciler_common.go:251] "operationExecutor.VerifyControllerAttachedVolume started for volume \"pvc-0171b416-5105-4c98-9d52-be75bfa0474b\" (UniqueName: \"kubernetes.io/local-volume/pvc-0171b416-5105-4c98-9d52-be75bfa0474b\") pod \"test-hivemq-legacy-platform-1\" (UID: \"877830f0-eb1e-4574-8f10-f1a01047bfb0\") " pod="helmlegacystatefulsetmigrationit-operator/test-hivemq-legacy-platform-1"
2025-01-28 23:56:00,278 INFO c.h.h.t.HelmChartContainer - [K3S] [reconciler_common.go:251] "operationExecutor.VerifyControllerAttachedVolume started for volume \"kube-api-access-xdlrk\" (UniqueName: \"kubernetes.io/projected/877830f0-eb1e-4574-8f10-f1a01047bfb0-kube-api-access-xdlrk\") pod \"test-hivemq-legacy-platform-1\" (UID: \"877830f0-eb1e-4574-8f10-f1a01047bfb0\") " pod="helmlegacystatefulsetmigrationit-operator/test-hivemq-legacy-platform-1"
2025-01-28 23:56:00,278 INFO c.h.h.t.HelmChartContainer - [K3S] [reconciler_common.go:251] "operationExecutor.VerifyControllerAttachedVolume started for volume \"pod-info\" (UniqueName: \"kubernetes.io/configmap/877830f0-eb1e-4574-8f10-f1a01047bfb0-pod-info\") pod \"test-hivemq-legacy-platform-1\" (UID: \"877830f0-eb1e-4574-8f10-f1a01047bfb0\") " pod="helmlegacystatefulsetmigrationit-operator/test-hivemq-legacy-platform-1"
2025-01-28 23:56:00,281 INFO c.h.h.t.HelmChartContainer - [hivemq-test-hivemq-platform] [hivemq-platform-operator] [7b61d8db] 23:56:00.280 [ReconcilerExecutor-hivemq-controller-114] DEBUG c.h.p.o.HiveMQPlatformReconciler - [helmlega] StatefulSet Status (revision: test-hivemq-legacy-platform-65df8dcb7f, replicas: 2, available: 1, ready: 1, current: 1, updated: 1)
2025-01-28 23:56:00,281 INFO c.h.h.t.HelmChartContainer - [hivemq-test-hivemq-platform] [hivemq-platform-operator] [7b61d8db] 23:56:00.280 [ReconcilerExecutor-hivemq-controller-114] DEBUG c.h.p.o.HiveMQPlatformReconciler - [helmlega] StatefulSet Spec (replicas: 2, init containers: 1, containers: 1, volumes: 6)
2025-01-28 23:56:00,323 INFO c.h.h.t.HelmChartContainer - [hivemq-test-hivemq-platform] [hivemq-platform-operator] [7b61d8db] 23:56:00.322 [ReconcilerExecutor-hivemq-controller-114] DEBUG c.h.p.o.h.HiveMQPlatformReconcilerErrorHandler - [helmlega] Pod 'test-hivemq-legacy-platform-1' phase Pending
2025-01-28 23:56:00,367 INFO c.h.h.t.HelmChartContainer - [hivemq-test-hivemq-platform] [hivemq-platform-operator] [7b61d8db] 23:56:00.323 [ReconcilerExecutor-hivemq-controller-114] DEBUG c.h.p.o.h.HiveMQPlatformReconcilerErrorHandler - [helmlega] Pod 'test-hivemq-legacy-platform-1' condition 'PodReadyToStartContainers': False
2025-01-28 23:56:00,367 INFO c.h.h.t.HelmChartContainer - [hivemq-test-hivemq-platform] [hivemq-platform-operator] [7b61d8db] 23:56:00.365 [ReconcilerExecutor-hivemq-controller-114] DEBUG c.h.p.o.h.HiveMQPlatformReconcilerErrorHandler - [helmlega] Pod 'test-hivemq-legacy-platform-1' condition 'Initialized': False
2025-01-28 23:56:00,367 INFO c.h.h.t.HelmChartContainer - [hivemq-test-hivemq-platform] [hivemq-platform-operator] [7b61d8db] 23:56:00.365 [ReconcilerExecutor-hivemq-controller-114] DEBUG c.h.p.o.h.HiveMQPlatformReconcilerErrorHandler - [helmlega] Pod 'test-hivemq-legacy-platform-1' condition 'Ready': False
2025-01-28 23:56:00,367 INFO c.h.h.t.HelmChartContainer - [hivemq-test-hivemq-platform] [hivemq-platform-operator] [7b61d8db] 23:56:00.365 [ReconcilerExecutor-hivemq-controller-114] DEBUG c.h.p.o.h.HiveMQPlatformReconcilerErrorHandler - [helmlega] Pod 'test-hivemq-legacy-platform-1' condition 'ContainersReady': False
2025-01-28 23:56:00,367 INFO c.h.h.t.HelmChartContainer - [hivemq-test-hivemq-platform] [hivemq-platform-operator] [7b61d8db] 23:56:00.365 [ReconcilerExecutor-hivemq-controller-114] DEBUG c.h.p.o.h.HiveMQPlatformReconcilerErrorHandler - [helmlega] Pod 'test-hivemq-legacy-platform-1' condition 'PodScheduled': True
2025-01-28 23:56:00,367 INFO c.h.h.t.HelmChartContainer - [hivemq-test-hivemq-platform] [hivemq-platform-operator] [7b61d8db] 23:56:00.366 [ReconcilerExecutor-hivemq-controller-114] DEBUG c.h.p.o.h.HiveMQPlatformReconcilerErrorHandler - [helmlega] Pod 'test-hivemq-legacy-platform-1' containerStatus 'hivemq' (started: false) (ready: false) (waiting: [PodInitializing] null)
2025-01-28 23:56:00,371 INFO c.h.h.t.HelmChartContainer - [hivemq-test-hivemq-platform] [hivemq-platform-operator] [7b61d8db] 23:56:00.369 [ReconcilerExecutor-hivemq-controller-114] DEBUG c.h.p.o.h.HiveMQPlatformReconcilerErrorHandler - [helmlega] Pod 'test-hivemq-legacy-platform-0' phase Running
2025-01-28 23:56:00,371 INFO c.h.h.t.HelmChartContainer - [hivemq-test-hivemq-platform] [hivemq-platform-operator] [7b61d8db] 23:56:00.370 [ReconcilerExecutor-hivemq-controller-114] DEBUG c.h.p.o.h.HiveMQPlatformReconcilerRollingRestartHandler - [helmlega] Rolling restart is waiting for 1 of 2 replicas
2025-01-28 23:56:00,376 INFO c.h.h.t.HelmChartContainer - [hivemq-test-hivemq-platform] [hivemq-platform-operator] [7b61d8db] 23:56:00.373 [pool-6-thread-48] DEBUG c.h.p.o.d.PlatformServiceResource - [helmlega] Desired Platform services (4 services)
2025-01-28 23:56:00,376 INFO c.h.h.t.HelmChartContainer - [hivemq-test-hivemq-platform] [hivemq-platform-operator] [7b61d8db] 23:56:00.374 [pool-6-thread-45] DEBUG c.h.p.o.dependants.PodInfoConfigMap - [helmlega] Desired PodInfo ConfigMap (2 extensions) (1 enabled)
2025-01-28 23:56:00,376 INFO c.h.h.t.HelmChartContainer - [hivemq-test-hivemq-platform] [hivemq-platform-operator] [7b61d8db] 23:56:00.374 [pool-6-thread-45] DEBUG c.h.p.o.dependants.PodInfoConfigMap - [helmlega] Desired PodInfo ConfigMap (metrics port: 9399) (metrics path: /)
2025-01-28 23:56:00,376 INFO c.h.h.t.HelmChartContainer - [hivemq-test-hivemq-platform] [hivemq-platform-operator] [7b61d8db] 23:56:00.374 [pool-6-thread-45] DEBUG c.h.p.o.dependants.PodInfoConfigMap - [helmlega] Desired PodInfo ConfigMap (extension state hash: -727970014)
2025-01-28 23:56:00,376 INFO c.h.h.t.HelmChartContainer - [hivemq-test-hivemq-platform] [hivemq-platform-operator] [7b61d8db] 23:56:00.374 [pool-6-thread-44] DEBUG c.h.p.o.d.PodServiceAccountResource - [helmlega] Desired PodServiceAccountResource (serviceAccountName: hivemq-platform-pod-test-hivemq-legacy-platform)
2025-01-28 23:56:00,382 INFO c.h.h.t.HelmChartContainer - [hivemq-test-hivemq-platform] [hivemq-platform-operator] [7b61d8db] 23:56:00.381 [pool-6-thread-45] DEBUG c.h.p.o.d.StatefulSetResource - [helmlega] Desired StatefulSet (2 replicas) for status ROLLING_RESTART (SURGE_IN_PROGRESS)
2025-01-28 23:56:00,469 INFO c.h.h.t.HelmChartContainer - [hivemq-test-hivemq-platform] [hivemq-platform-operator] [7b61d8db] 23:56:00.466 [ReconcilerExecutor-hivemq-controller-115] INFO  c.h.p.o.HiveMQPlatformReconciler - [helmlega] Reconciling HiveMQ Platform 'test-hivemq-legacy-platform' in namespace 'helmlegacystatefulsetmigrationit-operator'
2025-01-28 23:56:00,469 INFO c.h.h.t.HelmChartContainer - [hivemq-test-hivemq-platform] [hivemq-platform-operator] [7b61d8db] 23:56:00.467 [ReconcilerExecutor-hivemq-controller-115] DEBUG c.h.p.o.HiveMQPlatformReconciler - [helmlega] Custom Resource Status ROLLING_RESTART - HiveMQ Platform is starting a surge Pod (rolling restart) (SURGE_IN_PROGRESS)
2025-01-28 23:56:00,469 INFO c.h.h.t.HelmChartContainer - [hivemq-test-hivemq-platform] [hivemq-platform-operator] [7b61d8db] 23:56:00.467 [ReconcilerExecutor-hivemq-controller-115] DEBUG c.h.p.o.HiveMQPlatformReconciler - [helmlega] Custom Resource Spec (replicas: 1) (extensions: 2)
2025-01-28 23:56:00,473 INFO c.h.h.t.HelmChartContainer - [hivemq-test-hivemq-platform] [hivemq-platform-operator] [7b61d8db] 23:56:00.470 [ReconcilerExecutor-hivemq-controller-115] DEBUG c.h.p.o.HiveMQPlatformReconciler - [helmlega] StatefulSet Status (revision: test-hivemq-legacy-platform-65df8dcb7f, replicas: 2, available: 1, ready: 1, current: 1, updated: 1)
2025-01-28 23:56:00,474 INFO c.h.h.t.HelmChartContainer - [hivemq-test-hivemq-platform] [hivemq-platform-operator] [7b61d8db] 23:56:00.471 [ReconcilerExecutor-hivemq-controller-115] DEBUG c.h.p.o.HiveMQPlatformReconciler - [helmlega] StatefulSet Spec (replicas: 2, init containers: 1, containers: 1, volumes: 6)
2025-01-28 23:56:00,478 INFO c.h.h.t.HelmChartContainer - [hivemq-test-hivemq-platform] [hivemq-platform-operator] [7b61d8db] 23:56:00.475 [ReconcilerExecutor-hivemq-controller-115] DEBUG c.h.p.o.h.HiveMQPlatformReconcilerErrorHandler - [helmlega] Pod 'test-hivemq-legacy-platform-1' phase Pending
2025-01-28 23:56:00,478 INFO c.h.h.t.HelmChartContainer - [hivemq-test-hivemq-platform] [hivemq-platform-operator] [7b61d8db] 23:56:00.475 [ReconcilerExecutor-hivemq-controller-115] DEBUG c.h.p.o.h.HiveMQPlatformReconcilerErrorHandler - [helmlega] Pod 'test-hivemq-legacy-platform-1' condition 'PodReadyToStartContainers': False
2025-01-28 23:56:00,478 INFO c.h.h.t.HelmChartContainer - [hivemq-test-hivemq-platform] [hivemq-platform-operator] [7b61d8db] 23:56:00.475 [ReconcilerExecutor-hivemq-controller-115] DEBUG c.h.p.o.h.HiveMQPlatformReconcilerErrorHandler - [helmlega] Pod 'test-hivemq-legacy-platform-1' condition 'Initialized': False
2025-01-28 23:56:00,478 INFO c.h.h.t.HelmChartContainer - [hivemq-test-hivemq-platform] [hivemq-platform-operator] [7b61d8db] 23:56:00.475 [ReconcilerExecutor-hivemq-controller-115] DEBUG c.h.p.o.h.HiveMQPlatformReconcilerErrorHandler - [helmlega] Pod 'test-hivemq-legacy-platform-1' condition 'Ready': False
2025-01-28 23:56:00,479 INFO c.h.h.t.HelmChartContainer - [hivemq-test-hivemq-platform] [hivemq-platform-operator] [7b61d8db] 23:56:00.475 [ReconcilerExecutor-hivemq-controller-115] DEBUG c.h.p.o.h.HiveMQPlatformReconcilerErrorHandler - [helmlega] Pod 'test-hivemq-legacy-platform-1' condition 'ContainersReady': False
2025-01-28 23:56:00,479 INFO c.h.h.t.HelmChartContainer - [hivemq-test-hivemq-platform] [hivemq-platform-operator] [7b61d8db] 23:56:00.475 [ReconcilerExecutor-hivemq-controller-115] DEBUG c.h.p.o.h.HiveMQPlatformReconcilerErrorHandler - [helmlega] Pod 'test-hivemq-legacy-platform-1' condition 'PodScheduled': True
2025-01-28 23:56:00,479 INFO c.h.h.t.HelmChartContainer - [hivemq-test-hivemq-platform] [hivemq-platform-operator] [7b61d8db] 23:56:00.475 [ReconcilerExecutor-hivemq-controller-115] DEBUG c.h.p.o.h.HiveMQPlatformReconcilerErrorHandler - [helmlega] Pod 'test-hivemq-legacy-platform-1' containerStatus 'hivemq' (started: false) (ready: false) (waiting: [PodInitializing] null)
2025-01-28 23:56:00,480 INFO c.h.h.t.HelmChartContainer - [hivemq-test-hivemq-platform] [hivemq-platform-operator] [7b61d8db] 23:56:00.477 [ReconcilerExecutor-hivemq-controller-115] DEBUG c.h.p.o.h.HiveMQPlatformReconcilerErrorHandler - [helmlega] Pod 'test-hivemq-legacy-platform-0' phase Running
2025-01-28 23:56:00,481 INFO c.h.h.t.HelmChartContainer - [hivemq-test-hivemq-platform] [hivemq-platform-operator] [7b61d8db] 23:56:00.478 [ReconcilerExecutor-hivemq-controller-115] DEBUG c.h.p.o.h.HiveMQPlatformReconcilerRollingRestartHandler - [helmlega] Rolling restart is waiting for 1 of 2 replicas
2025-01-28 23:56:00,564 INFO c.h.h.t.HelmChartContainer - [EVENT] Normal [Pulled] Container image "docker.io/hivemq/hivemq-platform-operator-init-test:snapshot" already present on machine [helmlegacystatefulsetmigrationit-operator:test-hivemq-legacy-platform-1]
2025-01-28 23:56:00,702 INFO c.h.h.t.HelmChartContainer - [EVENT] Normal [Created] Created container: hivemq-platform-operator-init [helmlegacystatefulsetmigrationit-operator:test-hivemq-legacy-platform-1]
2025-01-28 23:56:00,740 INFO c.h.h.t.HelmChartContainer - [EVENT] Normal [Started] Started container hivemq-platform-operator-init [helmlegacystatefulsetmigrationit-operator:test-hivemq-legacy-platform-1]
2025-01-28 23:56:01,674 INFO c.h.h.t.HelmChartContainer - [EVENT] Normal [Pulled] Container image "docker.io/hivemq/hivemq4:4.36.0" already present on machine [helmlegacystatefulsetmigrationit-operator:test-hivemq-legacy-platform-1]
2025-01-28 23:56:01,674 INFO c.h.h.t.HelmChartContainer - Received Pulled event for container hivemq in pod test-hivemq-legacy-platform-1 [877830f0-eb1e-4574-8f10-f1a01047bfb0]
2025-01-28 23:56:01,689 INFO c.h.h.t.HelmChartContainer - [POD] test-hivemq-legacy-platform-1 [877830f0-eb1e-4574-8f10-f1a01047bfb0] in helmlegacystatefulsetmigrationit-operator was MODIFIED
2025-01-28 23:56:01,705 INFO c.h.h.t.HelmChartContainer - [EVENT] Normal [Created] Created container: hivemq [helmlegacystatefulsetmigrationit-operator:test-hivemq-legacy-platform-1]
2025-01-28 23:56:01,705 INFO c.h.h.t.HelmChartContainer - Received Created event for container hivemq in pod test-hivemq-legacy-platform-1 [877830f0-eb1e-4574-8f10-f1a01047bfb0]
2025-01-28 23:56:01,718 INFO c.h.h.t.HelmChartContainer - [hivemq-test-hivemq-platform] [hivemq-platform-operator] [7b61d8db] 23:56:01.699 [pool-6-thread-9] DEBUG c.h.p.o.d.PlatformServiceResource - [helmlega] Desired Platform services (4 services)
2025-01-28 23:56:01,718 INFO c.h.h.t.HelmChartContainer - [hivemq-test-hivemq-platform] [hivemq-platform-operator] [7b61d8db] 23:56:01.703 [pool-6-thread-1] DEBUG c.h.p.o.dependants.PodInfoConfigMap - [helmlega] Desired PodInfo ConfigMap (2 extensions) (1 enabled)
2025-01-28 23:56:01,718 INFO c.h.h.t.HelmChartContainer - [hivemq-test-hivemq-platform] [hivemq-platform-operator] [7b61d8db] 23:56:01.703 [pool-6-thread-1] DEBUG c.h.p.o.dependants.PodInfoConfigMap - [helmlega] Desired PodInfo ConfigMap (metrics port: 9399) (metrics path: /)
2025-01-28 23:56:01,718 INFO c.h.h.t.HelmChartContainer - [hivemq-test-hivemq-platform] [hivemq-platform-operator] [7b61d8db] 23:56:01.703 [pool-6-thread-1] DEBUG c.h.p.o.dependants.PodInfoConfigMap - [helmlega] Desired PodInfo ConfigMap (extension state hash: -727970014)
2025-01-28 23:56:01,718 INFO c.h.h.t.HelmChartContainer - [hivemq-test-hivemq-platform] [hivemq-platform-operator] [7b61d8db] 23:56:01.704 [pool-6-thread-2] DEBUG c.h.p.o.d.PodServiceAccountResource - [helmlega] Desired PodServiceAccountResource (serviceAccountName: hivemq-platform-pod-test-hivemq-legacy-platform)
2025-01-28 23:56:01,722 INFO c.h.h.t.HelmChartContainer - [hivemq-test-hivemq-platform] [hivemq-platform-operator] [7b61d8db] 23:56:01.718 [pool-6-thread-1] DEBUG c.h.p.o.d.StatefulSetResource - [helmlega] Desired StatefulSet (2 replicas) for status ROLLING_RESTART (SURGE_IN_PROGRESS)
2025-01-28 23:56:01,768 INFO c.h.h.t.HelmChartContainer - [hivemq-test-hivemq-platform] [hivemq-platform-operator] [7b61d8db] 23:56:01.765 [ReconcilerExecutor-hivemq-controller-116] INFO  c.h.p.o.HiveMQPlatformReconciler - [helmlega] Reconciling HiveMQ Platform 'test-hivemq-legacy-platform' in namespace 'helmlegacystatefulsetmigrationit-operator'
2025-01-28 23:56:01,769 INFO c.h.h.t.HelmChartContainer - [hivemq-test-hivemq-platform] [hivemq-platform-operator] [7b61d8db] 23:56:01.765 [ReconcilerExecutor-hivemq-controller-116] DEBUG c.h.p.o.HiveMQPlatformReconciler - [helmlega] Custom Resource Status ROLLING_RESTART - HiveMQ Platform is starting a surge Pod (rolling restart) (SURGE_IN_PROGRESS)
2025-01-28 23:56:01,769 INFO c.h.h.t.HelmChartContainer - [hivemq-test-hivemq-platform] [hivemq-platform-operator] [7b61d8db] 23:56:01.765 [ReconcilerExecutor-hivemq-controller-116] DEBUG c.h.p.o.HiveMQPlatformReconciler - [helmlega] Custom Resource Spec (replicas: 1) (extensions: 2)
2025-01-28 23:56:01,771 INFO c.h.h.t.HelmChartContainer - [hivemq-test-hivemq-platform] [hivemq-platform-operator] [7b61d8db] 23:56:01.768 [ReconcilerExecutor-hivemq-controller-116] DEBUG c.h.p.o.HiveMQPlatformReconciler - [helmlega] StatefulSet Status (revision: test-hivemq-legacy-platform-65df8dcb7f, replicas: 2, available: 1, ready: 1, current: 1, updated: 1)
2025-01-28 23:56:01,771 INFO c.h.h.t.HelmChartContainer - [hivemq-test-hivemq-platform] [hivemq-platform-operator] [7b61d8db] 23:56:01.768 [ReconcilerExecutor-hivemq-controller-116] DEBUG c.h.p.o.HiveMQPlatformReconciler - [helmlega] StatefulSet Spec (replicas: 2, init containers: 1, containers: 1, volumes: 6)
2025-01-28 23:56:01,773 INFO c.h.h.t.HelmChartContainer - [hivemq-test-hivemq-platform] [hivemq-platform-operator] [7b61d8db] 23:56:01.770 [ReconcilerExecutor-hivemq-controller-116] DEBUG c.h.p.o.h.HiveMQPlatformReconcilerErrorHandler - [helmlega] Pod 'test-hivemq-legacy-platform-1' phase Pending
2025-01-28 23:56:01,773 INFO c.h.h.t.HelmChartContainer - [hivemq-test-hivemq-platform] [hivemq-platform-operator] [7b61d8db] 23:56:01.770 [ReconcilerExecutor-hivemq-controller-116] DEBUG c.h.p.o.h.HiveMQPlatformReconcilerErrorHandler - [helmlega] Pod 'test-hivemq-legacy-platform-1' condition 'PodReadyToStartContainers': True
2025-01-28 23:56:01,773 INFO c.h.h.t.HelmChartContainer - [hivemq-test-hivemq-platform] [hivemq-platform-operator] [7b61d8db] 23:56:01.770 [ReconcilerExecutor-hivemq-controller-116] DEBUG c.h.p.o.h.HiveMQPlatformReconcilerErrorHandler - [helmlega] Pod 'test-hivemq-legacy-platform-1' condition 'Initialized': True
2025-01-28 23:56:01,773 INFO c.h.h.t.HelmChartContainer - [hivemq-test-hivemq-platform] [hivemq-platform-operator] [7b61d8db] 23:56:01.770 [ReconcilerExecutor-hivemq-controller-116] DEBUG c.h.p.o.h.HiveMQPlatformReconcilerErrorHandler - [helmlega] Pod 'test-hivemq-legacy-platform-1' condition 'Ready': False
2025-01-28 23:56:01,773 INFO c.h.h.t.HelmChartContainer - [hivemq-test-hivemq-platform] [hivemq-platform-operator] [7b61d8db] 23:56:01.770 [ReconcilerExecutor-hivemq-controller-116] DEBUG c.h.p.o.h.HiveMQPlatformReconcilerErrorHandler - [helmlega] Pod 'test-hivemq-legacy-platform-1' condition 'ContainersReady': False
2025-01-28 23:56:01,773 INFO c.h.h.t.HelmChartContainer - [hivemq-test-hivemq-platform] [hivemq-platform-operator] [7b61d8db] 23:56:01.770 [ReconcilerExecutor-hivemq-controller-116] DEBUG c.h.p.o.h.HiveMQPlatformReconcilerErrorHandler - [helmlega] Pod 'test-hivemq-legacy-platform-1' condition 'PodScheduled': True
2025-01-28 23:56:01,773 INFO c.h.h.t.HelmChartContainer - [hivemq-test-hivemq-platform] [hivemq-platform-operator] [7b61d8db] 23:56:01.770 [ReconcilerExecutor-hivemq-controller-116] DEBUG c.h.p.o.h.HiveMQPlatformReconcilerErrorHandler - [helmlega] Pod 'test-hivemq-legacy-platform-1' containerStatus 'hivemq' (started: false) (ready: false) (waiting: [PodInitializing] null)
2025-01-28 23:56:01,773 INFO c.h.h.t.HelmChartContainer - [hivemq-test-hivemq-platform] [hivemq-platform-operator] [7b61d8db] 23:56:01.772 [ReconcilerExecutor-hivemq-controller-116] DEBUG c.h.p.o.h.HiveMQPlatformReconcilerErrorHandler - [helmlega] Pod 'test-hivemq-legacy-platform-0' phase Running
2025-01-28 23:56:01,775 INFO c.h.h.t.HelmChartContainer - [hivemq-test-hivemq-platform] [hivemq-platform-operator] [7b61d8db] 23:56:01.773 [ReconcilerExecutor-hivemq-controller-116] DEBUG c.h.p.o.h.HiveMQPlatformReconcilerRollingRestartHandler - [helmlega] Rolling restart is waiting for 1 of 2 replicas
2025-01-28 23:56:02,683 INFO c.h.h.t.HelmChartContainer - [POD] test-hivemq-legacy-platform-1 [877830f0-eb1e-4574-8f10-f1a01047bfb0] in helmlegacystatefulsetmigrationit-operator was MODIFIED
2025-01-28 23:56:02,691 INFO c.h.h.t.HelmChartContainer - [EVENT] Normal [Started] Started container hivemq [helmlegacystatefulsetmigrationit-operator:test-hivemq-legacy-platform-1]
2025-01-28 23:56:02,691 INFO c.h.h.t.HelmChartContainer - Received Started event for container hivemq in pod test-hivemq-legacy-platform-1 [877830f0-eb1e-4574-8f10-f1a01047bfb0]
2025-01-28 23:56:02,691 INFO c.h.h.t.HelmChartContainer - Started log watcher for hivemq in pod test-hivemq-legacy-platform-1 [877830f0-eb1e-4574-8f10-f1a01047bfb0]
2025-01-28 23:56:02,692 INFO c.h.h.t.HelmChartContainer - [hivemq-test-hivemq-platform] [hivemq-platform-operator] [7b61d8db] 23:56:02.689 [pool-6-thread-14] DEBUG c.h.p.o.d.PlatformServiceResource - [helmlega] Desired Platform services (4 services)
2025-01-28 23:56:02,692 INFO c.h.h.t.HelmChartContainer - [test-hivemq-legacy-platform] [hivemq] [877830f0] Adding pre-installed HiveMQ Platform Operator extensions
2025-01-28 23:56:02,692 INFO c.h.h.t.HelmChartContainer - [test-hivemq-legacy-platform] [hivemq] [877830f0] Running as user 10000
2025-01-28 23:56:02,692 INFO c.h.h.t.HelmChartContainer - [test-hivemq-legacy-platform] [hivemq] [877830f0] Starting HiveMQ Platform Operator Init
2025-01-28 23:56:02,694 INFO c.h.h.t.HelmChartContainer - [hivemq-test-hivemq-platform] [hivemq-platform-operator] [7b61d8db] 23:56:02.690 [pool-6-thread-19] DEBUG c.h.p.o.dependants.PodInfoConfigMap - [helmlega] Desired PodInfo ConfigMap (2 extensions) (1 enabled)
2025-01-28 23:56:02,694 INFO c.h.h.t.HelmChartContainer - [hivemq-test-hivemq-platform] [hivemq-platform-operator] [7b61d8db] 23:56:02.690 [pool-6-thread-19] DEBUG c.h.p.o.dependants.PodInfoConfigMap - [helmlega] Desired PodInfo ConfigMap (metrics port: 9399) (metrics path: /)
2025-01-28 23:56:02,694 INFO c.h.h.t.HelmChartContainer - [hivemq-test-hivemq-platform] [hivemq-platform-operator] [7b61d8db] 23:56:02.690 [pool-6-thread-19] DEBUG c.h.p.o.dependants.PodInfoConfigMap - [helmlega] Desired PodInfo ConfigMap (extension state hash: -727970014)
2025-01-28 23:56:02,697 INFO c.h.h.t.HelmChartContainer - [hivemq-test-hivemq-platform] [hivemq-platform-operator] [7b61d8db] 23:56:02.696 [pool-6-thread-11] DEBUG c.h.p.o.d.PodServiceAccountResource - [helmlega] Desired PodServiceAccountResource (serviceAccountName: hivemq-platform-pod-test-hivemq-legacy-platform)
2025-01-28 23:56:02,699 INFO c.h.h.t.HelmChartContainer - [hivemq-test-hivemq-platform] [hivemq-platform-operator] [7b61d8db] 23:56:02.698 [pool-6-thread-14] DEBUG c.h.p.o.d.StatefulSetResource - [helmlega] Desired StatefulSet (2 replicas) for status ROLLING_RESTART (SURGE_IN_PROGRESS)
2025-01-28 23:56:02,706 INFO c.h.h.t.HelmChartContainer - [hivemq-test-hivemq-platform] [hivemq-platform-operator] [7b61d8db] 23:56:02.704 [ReconcilerExecutor-hivemq-controller-117] INFO  c.h.p.o.HiveMQPlatformReconciler - [helmlega] Reconciling HiveMQ Platform 'test-hivemq-legacy-platform' in namespace 'helmlegacystatefulsetmigrationit-operator'
2025-01-28 23:56:02,706 INFO c.h.h.t.HelmChartContainer - [hivemq-test-hivemq-platform] [hivemq-platform-operator] [7b61d8db] 23:56:02.704 [ReconcilerExecutor-hivemq-controller-117] DEBUG c.h.p.o.HiveMQPlatformReconciler - [helmlega] Custom Resource Status ROLLING_RESTART - HiveMQ Platform is starting a surge Pod (rolling restart) (SURGE_IN_PROGRESS)
2025-01-28 23:56:02,706 INFO c.h.h.t.HelmChartContainer - [hivemq-test-hivemq-platform] [hivemq-platform-operator] [7b61d8db] 23:56:02.704 [ReconcilerExecutor-hivemq-controller-117] DEBUG c.h.p.o.HiveMQPlatformReconciler - [helmlega] Custom Resource Spec (replicas: 1) (extensions: 2)
2025-01-28 23:56:02,707 INFO c.h.h.t.HelmChartContainer - [hivemq-test-hivemq-platform] [hivemq-platform-operator] [7b61d8db] 23:56:02.706 [ReconcilerExecutor-hivemq-controller-117] DEBUG c.h.p.o.HiveMQPlatformReconciler - [helmlega] StatefulSet Status (revision: test-hivemq-legacy-platform-65df8dcb7f, replicas: 2, available: 1, ready: 1, current: 1, updated: 1)
2025-01-28 23:56:02,709 INFO c.h.h.t.HelmChartContainer - [hivemq-test-hivemq-platform] [hivemq-platform-operator] [7b61d8db] 23:56:02.707 [ReconcilerExecutor-hivemq-controller-117] DEBUG c.h.p.o.HiveMQPlatformReconciler - [helmlega] StatefulSet Spec (replicas: 2, init containers: 1, containers: 1, volumes: 6)
2025-01-28 23:56:02,710 INFO c.h.h.t.HelmChartContainer - [hivemq-test-hivemq-platform] [hivemq-platform-operator] [7b61d8db] 23:56:02.709 [ReconcilerExecutor-hivemq-controller-117] DEBUG c.h.p.o.h.HiveMQPlatformReconcilerErrorHandler - [helmlega] Pod 'test-hivemq-legacy-platform-1' phase Running
2025-01-28 23:56:02,711 INFO c.h.h.t.HelmChartContainer - [hivemq-test-hivemq-platform] [hivemq-platform-operator] [7b61d8db] 23:56:02.711 [ReconcilerExecutor-hivemq-controller-117] DEBUG c.h.p.o.h.HiveMQPlatformReconcilerErrorHandler - [helmlega] Pod 'test-hivemq-legacy-platform-0' phase Running
2025-01-28 23:56:02,712 INFO c.h.h.t.HelmChartContainer - [hivemq-test-hivemq-platform] [hivemq-platform-operator] [7b61d8db] 23:56:02.711 [ReconcilerExecutor-hivemq-controller-117] DEBUG c.h.p.o.h.HiveMQPlatformReconcilerRollingRestartHandler - [helmlega] Rolling restart is waiting for 1 of 2 replicas
2025-01-28 23:56:02,935 INFO c.h.h.t.HelmChartContainer - [test-hivemq-legacy-platform] [hivemq] [877830f0] INFO  - [HiveMQ Platform Operator Init 1.7.0-SNAPSHOT] HiveMQ Platform Operator Init 1.7.0-SNAPSHOT (commit: bebf408 on branch: HEAD) built on Sun Jan 26 20:47:47 UTC 2025
2025-01-28 23:56:04,032 INFO c.h.h.t.HelmChartContainer - [test-hivemq-legacy-platform] [hivemq] [877830f0] INFO  - [HiveMQ Platform Operator Init App 1.7.0-SNAPSHOT] Using bind address 10.42.0.13 from environment variable
2025-01-28 23:56:04,934 INFO c.h.h.t.HelmChartContainer - [test-hivemq-legacy-platform] [hivemq] [877830f0] INFO  - [HiveMQ Platform Operator Init App 1.7.0-SNAPSHOT] HiveMQ Platform Operator Init App 1.7.0-SNAPSHOT (commit: bebf408 on branch: HEAD) built on Sun Jan 26 20:47:47 UTC 2025
2025-01-28 23:56:04,935 INFO c.h.h.t.HelmChartContainer - [test-hivemq-legacy-platform] [hivemq] [877830f0] INFO  - [HiveMQ Platform Operator Init App 1.7.0-SNAPSHOT] PodInfo ConfigMap directory: /etc/podinfo
2025-01-28 23:56:04,935 INFO c.h.h.t.HelmChartContainer - [test-hivemq-legacy-platform] [hivemq] [877830f0] INFO  - [HiveMQ Platform Operator Init App 1.7.0-SNAPSHOT] HiveMQ home directory: /opt/hivemq
2025-01-28 23:56:04,935 INFO c.h.h.t.HelmChartContainer - [test-hivemq-legacy-platform] [hivemq] [877830f0] INFO  - [HiveMQ Platform Operator Init App 1.7.0-SNAPSHOT] HiveMQ Logback folder: /opt/hivemq/conf
2025-01-28 23:56:04,935 INFO c.h.h.t.HelmChartContainer - [test-hivemq-legacy-platform] [hivemq] [877830f0] INFO  - [HiveMQ Platform Operator Init App 1.7.0-SNAPSHOT] HiveMQ Config folder: /opt/hivemq/conf-k8s
2025-01-28 23:56:04,935 INFO c.h.h.t.HelmChartContainer - [test-hivemq-legacy-platform] [hivemq] [877830f0] INFO  - [HiveMQ Platform Operator Init App 1.7.0-SNAPSHOT] Starting HiveMQ Platform Operator Init App
2025-01-28 23:56:04,935 INFO c.h.h.t.HelmChartContainer - [test-hivemq-legacy-platform] [hivemq] [877830f0] INFO  - [HiveMQ Platform Operator Init App 1.7.0-SNAPSHOT] Starting Pod reconciler
2025-01-28 23:56:06,082 INFO c.h.h.t.HelmChartContainer - [test-hivemq-legacy-platform] [hivemq] [877830f0] INFO  - [HiveMQ Platform Operator Init App 1.7.0-SNAPSHOT] Pod reconciler is scheduled (interval: 5000 ms)
2025-01-28 23:56:06,083 INFO c.h.h.t.HelmChartContainer - [test-hivemq-legacy-platform] [hivemq] [877830f0] INFO  - [HiveMQ Platform Operator Init App 1.7.0-SNAPSHOT] Starting the REST API on 10.42.0.13:7979
2025-01-28 23:56:06,085 INFO c.h.h.t.HelmChartContainer - [test-hivemq-legacy-platform] [hivemq] [877830f0] INFO  - [HiveMQ Platform Operator Init App 1.7.0-SNAPSHOT] Waiting up to 600s for at most 2 HiveMQ nodes in cluster service hivemq-test-hivemq-legacy-platform-cluster.helmlegacystatefulsetmigrationit-operator.svc
2025-01-28 23:56:06,460 INFO c.h.h.t.HelmChartContainer - [test-hivemq-legacy-platform] [hivemq] [877830f0] INFO  - [HiveMQ Platform Operator Init App 1.7.0-SNAPSHOT] Resolved 2 IP addresses: [10.42.0.13, 10.42.0.10]
2025-01-28 23:56:06,460 INFO c.h.h.t.HelmChartContainer - [test-hivemq-legacy-platform] [hivemq] [877830f0] INFO  - [HiveMQ Platform Operator Init App 1.7.0-SNAPSHOT] HiveMQ node count of 2 is within threshold of 2
2025-01-28 23:56:06,460 INFO c.h.h.t.HelmChartContainer - [test-hivemq-legacy-platform] [hivemq] [877830f0] INFO  - [HiveMQ Platform Operator Init App 1.7.0-SNAPSHOT] Waiting 15s for previous shutdown replication to finish...
2025-01-28 23:56:08,684 INFO c.h.h.t.HelmChartContainer - [test-hivemq-legacy-platform] [hivemq] [877830f0] INFO  - [HiveMQ Platform Operator Init App 1.7.0-SNAPSHOT] Returning default Health API response 503 for readiness
2025-01-28 23:56:08,777 INFO c.h.h.t.HelmChartContainer - [EVENT] Warning [Unhealthy] Readiness probe failed: HTTP probe failed with statuscode: 503 [helmlegacystatefulsetmigrationit-operator:test-hivemq-legacy-platform-1]
2025-01-28 23:56:08,777 INFO c.h.h.t.HelmChartContainer - Received Unhealthy event for container hivemq in pod test-hivemq-legacy-platform-1 [877830f0-eb1e-4574-8f10-f1a01047bfb0]
2025-01-28 23:56:12,718 INFO c.h.h.t.HelmChartContainer - [hivemq-test-hivemq-platform] [hivemq-platform-operator] [7b61d8db] 23:56:12.714 [pool-6-thread-26] DEBUG c.h.p.o.d.PlatformServiceResource - [helmlega] Desired Platform services (4 services)
2025-01-28 23:56:12,718 INFO c.h.h.t.HelmChartContainer - [hivemq-test-hivemq-platform] [hivemq-platform-operator] [7b61d8db] 23:56:12.715 [pool-6-thread-23] DEBUG c.h.p.o.d.PodServiceAccountResource - [helmlega] Desired PodServiceAccountResource (serviceAccountName: hivemq-platform-pod-test-hivemq-legacy-platform)
2025-01-28 23:56:12,718 INFO c.h.h.t.HelmChartContainer - [hivemq-test-hivemq-platform] [hivemq-platform-operator] [7b61d8db] 23:56:12.715 [pool-6-thread-24] DEBUG c.h.p.o.dependants.PodInfoConfigMap - [helmlega] Desired PodInfo ConfigMap (2 extensions) (1 enabled)
2025-01-28 23:56:12,718 INFO c.h.h.t.HelmChartContainer - [hivemq-test-hivemq-platform] [hivemq-platform-operator] [7b61d8db] 23:56:12.715 [pool-6-thread-24] DEBUG c.h.p.o.dependants.PodInfoConfigMap - [helmlega] Desired PodInfo ConfigMap (metrics port: 9399) (metrics path: /)
2025-01-28 23:56:12,718 INFO c.h.h.t.HelmChartContainer - [hivemq-test-hivemq-platform] [hivemq-platform-operator] [7b61d8db] 23:56:12.715 [pool-6-thread-24] DEBUG c.h.p.o.dependants.PodInfoConfigMap - [helmlega] Desired PodInfo ConfigMap (extension state hash: -727970014)
2025-01-28 23:56:12,723 INFO c.h.h.t.HelmChartContainer - [hivemq-test-hivemq-platform] [hivemq-platform-operator] [7b61d8db] 23:56:12.723 [pool-6-thread-26] DEBUG c.h.p.o.d.StatefulSetResource - [helmlega] Desired StatefulSet (2 replicas) for status ROLLING_RESTART (SURGE_IN_PROGRESS)
2025-01-28 23:56:12,773 INFO c.h.h.t.HelmChartContainer - [hivemq-test-hivemq-platform] [hivemq-platform-operator] [7b61d8db] 23:56:12.773 [ReconcilerExecutor-hivemq-controller-118] INFO  c.h.p.o.HiveMQPlatformReconciler - [helmlega] Reconciling HiveMQ Platform 'test-hivemq-legacy-platform' in namespace 'helmlegacystatefulsetmigrationit-operator'
2025-01-28 23:56:12,775 INFO c.h.h.t.HelmChartContainer - [hivemq-test-hivemq-platform] [hivemq-platform-operator] [7b61d8db] 23:56:12.774 [ReconcilerExecutor-hivemq-controller-118] DEBUG c.h.p.o.HiveMQPlatformReconciler - [helmlega] Custom Resource Status ROLLING_RESTART - HiveMQ Platform is starting a surge Pod (rolling restart) (SURGE_IN_PROGRESS)
2025-01-28 23:56:12,776 INFO c.h.h.t.HelmChartContainer - [hivemq-test-hivemq-platform] [hivemq-platform-operator] [7b61d8db] 23:56:12.774 [ReconcilerExecutor-hivemq-controller-118] DEBUG c.h.p.o.HiveMQPlatformReconciler - [helmlega] Custom Resource Spec (replicas: 1) (extensions: 2)
2025-01-28 23:56:12,780 INFO c.h.h.t.HelmChartContainer - [hivemq-test-hivemq-platform] [hivemq-platform-operator] [7b61d8db] 23:56:12.776 [ReconcilerExecutor-hivemq-controller-118] DEBUG c.h.p.o.HiveMQPlatformReconciler - [helmlega] StatefulSet Status (revision: test-hivemq-legacy-platform-65df8dcb7f, replicas: 2, available: 1, ready: 1, current: 1, updated: 1)
2025-01-28 23:56:12,780 INFO c.h.h.t.HelmChartContainer - [hivemq-test-hivemq-platform] [hivemq-platform-operator] [7b61d8db] 23:56:12.778 [ReconcilerExecutor-hivemq-controller-118] DEBUG c.h.p.o.HiveMQPlatformReconciler - [helmlega] StatefulSet Spec (replicas: 2, init containers: 1, containers: 1, volumes: 6)
2025-01-28 23:56:12,781 INFO c.h.h.t.HelmChartContainer - [hivemq-test-hivemq-platform] [hivemq-platform-operator] [7b61d8db] 23:56:12.780 [ReconcilerExecutor-hivemq-controller-118] DEBUG c.h.p.o.h.HiveMQPlatformReconcilerErrorHandler - [helmlega] Pod 'test-hivemq-legacy-platform-1' phase Running
2025-01-28 23:56:12,783 INFO c.h.h.t.HelmChartContainer - [hivemq-test-hivemq-platform] [hivemq-platform-operator] [7b61d8db] 23:56:12.782 [ReconcilerExecutor-hivemq-controller-118] DEBUG c.h.p.o.h.HiveMQPlatformReconcilerErrorHandler - [helmlega] Pod 'test-hivemq-legacy-platform-0' phase Running
2025-01-28 23:56:12,783 INFO c.h.h.t.HelmChartContainer - [hivemq-test-hivemq-platform] [hivemq-platform-operator] [7b61d8db] 23:56:12.783 [ReconcilerExecutor-hivemq-controller-118] DEBUG c.h.p.o.h.HiveMQPlatformReconcilerRollingRestartHandler - [helmlega] Rolling restart is waiting for 1 of 2 replicas
2025-01-28 23:56:13,458 INFO c.h.h.t.HelmChartContainer - [test-hivemq-legacy-platform] [hivemq] [877830f0] INFO  - [HiveMQ Platform Operator Init App 1.7.0-SNAPSHOT] Updating Pod HiveMQ Platform Operator Init App version annotation (version: 1.7.0-SNAPSHOT)
2025-01-28 23:56:13,762 INFO c.h.h.t.HelmChartContainer - [EVENT] Warning [Unhealthy] Readiness probe failed: HTTP probe failed with statuscode: 503 [helmlegacystatefulsetmigrationit-operator:test-hivemq-legacy-platform-1]
2025-01-28 23:56:13,762 INFO c.h.h.t.HelmChartContainer - Received Unhealthy event for container hivemq in pod test-hivemq-legacy-platform-1 [877830f0-eb1e-4574-8f10-f1a01047bfb0]
2025-01-28 23:56:13,768 INFO c.h.h.t.HelmChartContainer - [POD] test-hivemq-legacy-platform-1 [877830f0-eb1e-4574-8f10-f1a01047bfb0] in helmlegacystatefulsetmigrationit-operator was MODIFIED
2025-01-28 23:56:13,774 INFO c.h.h.t.HelmChartContainer - [test-hivemq-legacy-platform] [hivemq] [877830f0] INFO  - [HiveMQ Platform Operator Init App 1.7.0-SNAPSHOT] Successfully updated Pod HiveMQ Platform Operator Init App version annotation (version: 1.7.0-SNAPSHOT)
2025-01-28 23:56:13,777 INFO c.h.h.t.HelmChartContainer - [EVENT] Warning [Unhealthy] Readiness probe failed: HTTP probe failed with statuscode: 503 [helmlegacystatefulsetmigrationit-operator:test-hivemq-legacy-platform-1]
2025-01-28 23:56:13,777 INFO c.h.h.t.HelmChartContainer - Received Unhealthy event for container hivemq in pod test-hivemq-legacy-platform-1 [877830f0-eb1e-4574-8f10-f1a01047bfb0]
2025-01-28 23:56:13,777 INFO c.h.h.t.HelmChartContainer - [hivemq-test-hivemq-platform] [hivemq-platform-operator] [7b61d8db] 23:56:13.776 [pool-6-thread-31] DEBUG c.h.p.o.dependants.PodInfoConfigMap - [helmlega] Desired PodInfo ConfigMap (2 extensions) (1 enabled)
2025-01-28 23:56:13,782 INFO c.h.h.t.HelmChartContainer - [hivemq-test-hivemq-platform] [hivemq-platform-operator] [7b61d8db] 23:56:13.779 [pool-6-thread-40] DEBUG c.h.p.o.d.PlatformServiceResource - [helmlega] Desired Platform services (4 services)
2025-01-28 23:56:13,782 INFO c.h.h.t.HelmChartContainer - [hivemq-test-hivemq-platform] [hivemq-platform-operator] [7b61d8db] 23:56:13.779 [pool-6-thread-33] DEBUG c.h.p.o.d.PodServiceAccountResource - [helmlega] Desired PodServiceAccountResource (serviceAccountName: hivemq-platform-pod-test-hivemq-legacy-platform)
2025-01-28 23:56:13,783 INFO c.h.h.t.HelmChartContainer - [hivemq-test-hivemq-platform] [hivemq-platform-operator] [7b61d8db] 23:56:13.782 [pool-6-thread-31] DEBUG c.h.p.o.dependants.PodInfoConfigMap - [helmlega] Desired PodInfo ConfigMap (metrics port: 9399) (metrics path: /)
2025-01-28 23:56:13,784 INFO c.h.h.t.HelmChartContainer - [hivemq-test-hivemq-platform] [hivemq-platform-operator] [7b61d8db] 23:56:13.782 [pool-6-thread-31] DEBUG c.h.p.o.dependants.PodInfoConfigMap - [helmlega] Desired PodInfo ConfigMap (extension state hash: -727970014)
2025-01-28 23:56:13,788 INFO c.h.h.t.HelmChartContainer - [hivemq-test-hivemq-platform] [hivemq-platform-operator] [7b61d8db] 23:56:13.786 [pool-6-thread-40] DEBUG c.h.p.o.d.StatefulSetResource - [helmlega] Desired StatefulSet (2 replicas) for status ROLLING_RESTART (SURGE_IN_PROGRESS)
2025-01-28 23:56:13,792 INFO c.h.h.t.HelmChartContainer - [hivemq-test-hivemq-platform] [hivemq-platform-operator] [7b61d8db] 23:56:13.790 [ReconcilerExecutor-hivemq-controller-119] INFO  c.h.p.o.HiveMQPlatformReconciler - [helmlega] Reconciling HiveMQ Platform 'test-hivemq-legacy-platform' in namespace 'helmlegacystatefulsetmigrationit-operator'
2025-01-28 23:56:13,792 INFO c.h.h.t.HelmChartContainer - [hivemq-test-hivemq-platform] [hivemq-platform-operator] [7b61d8db] 23:56:13.790 [ReconcilerExecutor-hivemq-controller-119] DEBUG c.h.p.o.HiveMQPlatformReconciler - [helmlega] Custom Resource Status ROLLING_RESTART - HiveMQ Platform is starting a surge Pod (rolling restart) (SURGE_IN_PROGRESS)
2025-01-28 23:56:13,792 INFO c.h.h.t.HelmChartContainer - [hivemq-test-hivemq-platform] [hivemq-platform-operator] [7b61d8db] 23:56:13.790 [ReconcilerExecutor-hivemq-controller-119] DEBUG c.h.p.o.HiveMQPlatformReconciler - [helmlega] Custom Resource Spec (replicas: 1) (extensions: 2)
2025-01-28 23:56:13,795 INFO c.h.h.t.HelmChartContainer - [hivemq-test-hivemq-platform] [hivemq-platform-operator] [7b61d8db] 23:56:13.794 [ReconcilerExecutor-hivemq-controller-119] DEBUG c.h.p.o.HiveMQPlatformReconciler - [helmlega] StatefulSet Status (revision: test-hivemq-legacy-platform-65df8dcb7f, replicas: 2, available: 1, ready: 1, current: 1, updated: 1)
2025-01-28 23:56:13,865 INFO c.h.h.t.HelmChartContainer - [hivemq-test-hivemq-platform] [hivemq-platform-operator] [7b61d8db] 23:56:13.795 [ReconcilerExecutor-hivemq-controller-119] DEBUG c.h.p.o.HiveMQPlatformReconciler - [helmlega] StatefulSet Spec (replicas: 2, init containers: 1, containers: 1, volumes: 6)
2025-01-28 23:56:13,867 INFO c.h.h.t.HelmChartContainer - [hivemq-test-hivemq-platform] [hivemq-platform-operator] [7b61d8db] 23:56:13.866 [ReconcilerExecutor-hivemq-controller-119] DEBUG c.h.p.o.h.HiveMQPlatformReconcilerErrorHandler - [helmlega] Pod 'test-hivemq-legacy-platform-1' phase Running
2025-01-28 23:56:13,869 INFO c.h.h.t.HelmChartContainer - [hivemq-test-hivemq-platform] [hivemq-platform-operator] [7b61d8db] 23:56:13.868 [ReconcilerExecutor-hivemq-controller-119] DEBUG c.h.p.o.h.HiveMQPlatformReconcilerErrorHandler - [helmlega] Pod 'test-hivemq-legacy-platform-0' phase Running
2025-01-28 23:56:13,870 INFO c.h.h.t.HelmChartContainer - [hivemq-test-hivemq-platform] [hivemq-platform-operator] [7b61d8db] 23:56:13.869 [ReconcilerExecutor-hivemq-controller-119] DEBUG c.h.p.o.h.HiveMQPlatformReconcilerRollingRestartHandler - [helmlega] Rolling restart is waiting for 1 of 2 replicas
2025-01-28 23:56:15,646 INFO c.h.h.t.HelmChartContainer - [K3S] [INFO] COMPACT compactRev=0 targetCompactRev=2 currentRev=1143
2025-01-28 23:56:15,646 INFO c.h.h.t.HelmChartContainer - [K3S] [INFO] COMPACT deleted 0 rows from 2 revisions in 412.117µs - compacted to 2/1143
2025-01-28 23:56:15,647 INFO c.h.h.t.HelmChartContainer - [K3S] [INFO] COMPACT compacted from 0 to 2 in 1 transactions over 1ms
2025-01-28 23:56:18,207 INFO c.h.h.t.HelmChartContainer - [K3S] [info.go:53] Couldn't collect info from any of the files in "/etc/machine-id,/var/lib/dbus/machine-id"
2025-01-28 23:56:18,259 INFO c.h.h.t.HelmChartContainer - [K3S] [scope.go:117] "RemoveContainer" containerID="59be590389d099f75325d156632c74e585eab92a8a02e1d620a3e347e18723c4"
2025-01-28 23:56:18,772 INFO c.h.h.t.HelmChartContainer - [EVENT] Warning [Unhealthy] Readiness probe failed: HTTP probe failed with statuscode: 503 [helmlegacystatefulsetmigrationit-operator:test-hivemq-legacy-platform-1]
2025-01-28 23:56:18,772 INFO c.h.h.t.HelmChartContainer - Received Unhealthy event for container hivemq in pod test-hivemq-legacy-platform-1 [877830f0-eb1e-4574-8f10-f1a01047bfb0]
2025-01-28 23:56:21,460 INFO c.h.h.t.HelmChartContainer - [test-hivemq-legacy-platform] [hivemq] [877830f0] INFO  - [HiveMQ Platform Operator Init App 1.7.0-SNAPSHOT] Proceeding with container start
2025-01-28 23:56:21,463 INFO c.h.h.t.HelmChartContainer - [test-hivemq-legacy-platform] [hivemq] [877830f0] INFO  - [HiveMQ Platform Operator Init App 1.7.0-SNAPSHOT] Initializing HiveMQ Platform extensions with initial configuration: {hivemq-allow-all-extension={start-priority=-1, skip-https-hostname-verification=false, restart=true, config-version=0, header-version=0, c-uri=, priority=-1, uri=preinstalled, skip-https-certificate-validation=false, enabled=false}, hivemq-enterprise-security-extension={start-priority=-1, skip-https-hostname-verification=false, restart=true, config-version=1014, header-version=0, c-uri=, priority=-1, uri=preinstalled, skip-https-certificate-validation=false, enabled=true}, hivemq-prometheus-extension={restart=true, priority=-1, start-priority=-1, c-uri=, skip-https-hostname-verification=false, skip-https-certificate-validation=false, uri=preinstalled, request-header-path=no-request-headers, enabled=true}}
2025-01-28 23:56:21,465 INFO c.h.h.t.HelmChartContainer - [test-hivemq-legacy-platform] [hivemq] [877830f0] INFO  - [HiveMQ Platform Operator Init App 1.7.0-SNAPSHOT] Successfully disabled extension hivemq-allow-all-extension
2025-01-28 23:56:21,876 INFO c.h.h.t.HelmChartContainer - [test-hivemq-legacy-platform] [hivemq] [877830f0] INFO  - [HiveMQ Platform Operator Init App 1.7.0-SNAPSHOT] Successfully enabled extension hivemq-enterprise-security-extension
2025-01-28 23:56:21,963 INFO c.h.h.t.HelmChartContainer - [test-hivemq-legacy-platform] [hivemq] [877830f0] INFO  - [HiveMQ Platform Operator Init App 1.7.0-SNAPSHOT] Successfully enabled extension hivemq-prometheus-extension
2025-01-28 23:56:21,965 INFO c.h.h.t.HelmChartContainer - [test-hivemq-legacy-platform] [hivemq] [877830f0] INFO  - [HiveMQ Platform Operator Init App 1.7.0-SNAPSHOT] Starting HiveMQ Platform version 4.36.0 (4.36.0)
2025-01-28 23:56:21,965 INFO c.h.h.t.HelmChartContainer - [test-hivemq-legacy-platform] [hivemq] [877830f0] INFO  - [HiveMQ Platform Operator Init App 1.7.0-SNAPSHOT] Configuring the HiveMQ Platform
2025-01-28 23:56:21,975 INFO c.h.h.t.HelmChartContainer - [test-hivemq-legacy-platform] [hivemq] [877830f0] INFO  - [HiveMQ Platform Operator Init App 1.7.0-SNAPSHOT] Changed logback.xml file scan period to 20 seconds
2025-01-28 23:56:22,066 INFO c.h.h.t.HelmChartContainer - [test-hivemq-legacy-platform] [hivemq] [877830f0] INFO  - [HiveMQ Platform Operator Init App 1.7.0-SNAPSHOT] Starting the HiveMQ Platform
2025-01-28 23:56:22,069 INFO c.h.h.t.HelmChartContainer - [test-hivemq-legacy-platform] [hivemq] [877830f0] -------------------------------------------------------------------------
2025-01-28 23:56:22,069 INFO c.h.h.t.HelmChartContainer - [test-hivemq-legacy-platform] [hivemq] [877830f0] 
2025-01-28 23:56:22,069 INFO c.h.h.t.HelmChartContainer - [test-hivemq-legacy-platform] [hivemq] [877830f0]                   _    _  _              __  __   ____
2025-01-28 23:56:22,069 INFO c.h.h.t.HelmChartContainer - [test-hivemq-legacy-platform] [hivemq] [877830f0]                  | |  | |(_)            |  \/  | / __ \
2025-01-28 23:56:22,069 INFO c.h.h.t.HelmChartContainer - [test-hivemq-legacy-platform] [hivemq] [877830f0]                  | |__| | _ __   __ ___ | \  / || |  | |
2025-01-28 23:56:22,069 INFO c.h.h.t.HelmChartContainer - [test-hivemq-legacy-platform] [hivemq] [877830f0]                  |  __  || |\ \ / // _ \| |\/| || |  | |
2025-01-28 23:56:22,069 INFO c.h.h.t.HelmChartContainer - [test-hivemq-legacy-platform] [hivemq] [877830f0]                  | |  | || | \ V /|  __/| |  | || |__| |
2025-01-28 23:56:22,069 INFO c.h.h.t.HelmChartContainer - [test-hivemq-legacy-platform] [hivemq] [877830f0]                  |_|  |_||_|  \_/  \___||_|  |_| \___\_\
2025-01-28 23:56:22,069 INFO c.h.h.t.HelmChartContainer - [test-hivemq-legacy-platform] [hivemq] [877830f0] 
2025-01-28 23:56:22,069 INFO c.h.h.t.HelmChartContainer - [test-hivemq-legacy-platform] [hivemq] [877830f0] -------------------------------------------------------------------------
2025-01-28 23:56:22,069 INFO c.h.h.t.HelmChartContainer - [test-hivemq-legacy-platform] [hivemq] [877830f0] 
2025-01-28 23:56:22,069 INFO c.h.h.t.HelmChartContainer - [test-hivemq-legacy-platform] [hivemq] [877830f0]   HiveMQ Start Script for Linux/Unix v1.14
2025-01-28 23:56:22,069 INFO c.h.h.t.HelmChartContainer - [test-hivemq-legacy-platform] [hivemq] [877830f0] 
2025-01-28 23:56:22,165 INFO c.h.h.t.HelmChartContainer - [test-hivemq-legacy-platform] [hivemq] [877830f0] -------------------------------------------------------------------------
2025-01-28 23:56:22,165 INFO c.h.h.t.HelmChartContainer - [test-hivemq-legacy-platform] [hivemq] [877830f0] 
2025-01-28 23:56:22,165 INFO c.h.h.t.HelmChartContainer - [test-hivemq-legacy-platform] [hivemq] [877830f0]   HIVEMQ_HOME: /opt/hivemq
2025-01-28 23:56:22,165 INFO c.h.h.t.HelmChartContainer - [test-hivemq-legacy-platform] [hivemq] [877830f0] 
2025-01-28 23:56:22,165 INFO c.h.h.t.HelmChartContainer - [test-hivemq-legacy-platform] [hivemq] [877830f0]   JAVA_OPTS: -XX:+UnlockExperimentalVMOptions -XX:InitialRAMPercentage=50 -XX:MaxRAMPercentage=50 -Djava.net.preferIPv4Stack=true --add-opens java.base/java.lang=ALL-UNNAMED --add-opens java.base/java.nio=ALL-UNNAMED --add-opens java.base/sun.nio.ch=ALL-UNNAMED --add-opens jdk.management/com.sun.management.internal=ALL-UNNAMED --add-exports java.base/jdk.internal.misc=ALL-UNNAMED -Djava.security.egd=file:/dev/./urandom -Dcom.sun.management.jmxremote -Dcom.sun.management.jmxremote.port=9010 -Dcom.sun.management.jmxremote.local.only=false -Dcom.sun.management.jmxremote.authenticate=false -Dcom.sun.management.jmxremote.ssl=false -Duser.language=en -Duser.region=US -XX:+CrashOnOutOfMemoryError -XX:+HeapDumpOnOutOfMemoryError
2025-01-28 23:56:22,165 INFO c.h.h.t.HelmChartContainer - [test-hivemq-legacy-platform] [hivemq] [877830f0] 
2025-01-28 23:56:22,165 INFO c.h.h.t.HelmChartContainer - [test-hivemq-legacy-platform] [hivemq] [877830f0]   JAVA_VERSION: 21
2025-01-28 23:56:22,166 INFO c.h.h.t.HelmChartContainer - [test-hivemq-legacy-platform] [hivemq] [877830f0] 
2025-01-28 23:56:22,166 INFO c.h.h.t.HelmChartContainer - [test-hivemq-legacy-platform] [hivemq] [877830f0] -------------------------------------------------------------------------
2025-01-28 23:56:22,166 INFO c.h.h.t.HelmChartContainer - [test-hivemq-legacy-platform] [hivemq] [877830f0] 
2025-01-28 23:56:23,774 INFO c.h.h.t.HelmChartContainer - [EVENT] Warning [Unhealthy] Readiness probe failed: HTTP probe failed with statuscode: 503 [helmlegacystatefulsetmigrationit-operator:test-hivemq-legacy-platform-1]
2025-01-28 23:56:23,774 INFO c.h.h.t.HelmChartContainer - Received Unhealthy event for container hivemq in pod test-hivemq-legacy-platform-1 [877830f0-eb1e-4574-8f10-f1a01047bfb0]
2025-01-28 23:56:23,874 INFO c.h.h.t.HelmChartContainer - [hivemq-test-hivemq-platform] [hivemq-platform-operator] [7b61d8db] 23:56:23.872 [pool-6-thread-46] DEBUG c.h.p.o.d.PlatformServiceResource - [helmlega] Desired Platform services (4 services)
2025-01-28 23:56:23,876 INFO c.h.h.t.HelmChartContainer - [hivemq-test-hivemq-platform] [hivemq-platform-operator] [7b61d8db] 23:56:23.873 [pool-6-thread-41] DEBUG c.h.p.o.d.PodServiceAccountResource - [helmlega] Desired PodServiceAccountResource (serviceAccountName: hivemq-platform-pod-test-hivemq-legacy-platform)
2025-01-28 23:56:23,876 INFO c.h.h.t.HelmChartContainer - [hivemq-test-hivemq-platform] [hivemq-platform-operator] [7b61d8db] 23:56:23.875 [pool-6-thread-47] DEBUG c.h.p.o.dependants.PodInfoConfigMap - [helmlega] Desired PodInfo ConfigMap (2 extensions) (1 enabled)
2025-01-28 23:56:23,876 INFO c.h.h.t.HelmChartContainer - [hivemq-test-hivemq-platform] [hivemq-platform-operator] [7b61d8db] 23:56:23.875 [pool-6-thread-47] DEBUG c.h.p.o.dependants.PodInfoConfigMap - [helmlega] Desired PodInfo ConfigMap (metrics port: 9399) (metrics path: /)
2025-01-28 23:56:23,877 INFO c.h.h.t.HelmChartContainer - [hivemq-test-hivemq-platform] [hivemq-platform-operator] [7b61d8db] 23:56:23.875 [pool-6-thread-47] DEBUG c.h.p.o.dependants.PodInfoConfigMap - [helmlega] Desired PodInfo ConfigMap (extension state hash: -727970014)
2025-01-28 23:56:23,882 INFO c.h.h.t.HelmChartContainer - [hivemq-test-hivemq-platform] [hivemq-platform-operator] [7b61d8db] 23:56:23.882 [pool-6-thread-46] DEBUG c.h.p.o.d.StatefulSetResource - [helmlega] Desired StatefulSet (2 replicas) for status ROLLING_RESTART (SURGE_IN_PROGRESS)
2025-01-28 23:56:23,887 INFO c.h.h.t.HelmChartContainer - [hivemq-test-hivemq-platform] [hivemq-platform-operator] [7b61d8db] 23:56:23.887 [ReconcilerExecutor-hivemq-controller-120] INFO  c.h.p.o.HiveMQPlatformReconciler - [helmlega] Reconciling HiveMQ Platform 'test-hivemq-legacy-platform' in namespace 'helmlegacystatefulsetmigrationit-operator'
2025-01-28 23:56:23,888 INFO c.h.h.t.HelmChartContainer - [hivemq-test-hivemq-platform] [hivemq-platform-operator] [7b61d8db] 23:56:23.887 [ReconcilerExecutor-hivemq-controller-120] DEBUG c.h.p.o.HiveMQPlatformReconciler - [helmlega] Custom Resource Status ROLLING_RESTART - HiveMQ Platform is starting a surge Pod (rolling restart) (SURGE_IN_PROGRESS)
2025-01-28 23:56:23,888 INFO c.h.h.t.HelmChartContainer - [hivemq-test-hivemq-platform] [hivemq-platform-operator] [7b61d8db] 23:56:23.887 [ReconcilerExecutor-hivemq-controller-120] DEBUG c.h.p.o.HiveMQPlatformReconciler - [helmlega] Custom Resource Spec (replicas: 1) (extensions: 2)
2025-01-28 23:56:23,892 INFO c.h.h.t.HelmChartContainer - [hivemq-test-hivemq-platform] [hivemq-platform-operator] [7b61d8db] 23:56:23.891 [ReconcilerExecutor-hivemq-controller-120] DEBUG c.h.p.o.HiveMQPlatformReconciler - [helmlega] StatefulSet Status (revision: test-hivemq-legacy-platform-65df8dcb7f, replicas: 2, available: 1, ready: 1, current: 1, updated: 1)
2025-01-28 23:56:23,892 INFO c.h.h.t.HelmChartContainer - [hivemq-test-hivemq-platform] [hivemq-platform-operator] [7b61d8db] 23:56:23.892 [ReconcilerExecutor-hivemq-controller-120] DEBUG c.h.p.o.HiveMQPlatformReconciler - [helmlega] StatefulSet Spec (replicas: 2, init containers: 1, containers: 1, volumes: 6)
2025-01-28 23:56:23,894 INFO c.h.h.t.HelmChartContainer - [hivemq-test-hivemq-platform] [hivemq-platform-operator] [7b61d8db] 23:56:23.893 [ReconcilerExecutor-hivemq-controller-120] DEBUG c.h.p.o.h.HiveMQPlatformReconcilerErrorHandler - [helmlega] Pod 'test-hivemq-legacy-platform-1' phase Running
2025-01-28 23:56:23,972 INFO c.h.h.t.HelmChartContainer - [hivemq-test-hivemq-platform] [hivemq-platform-operator] [7b61d8db] 23:56:23.968 [ReconcilerExecutor-hivemq-controller-120] DEBUG c.h.p.o.h.HiveMQPlatformReconcilerErrorHandler - [helmlega] Pod 'test-hivemq-legacy-platform-0' phase Running
2025-01-28 23:56:23,972 INFO c.h.h.t.HelmChartContainer - [hivemq-test-hivemq-platform] [hivemq-platform-operator] [7b61d8db] 23:56:23.969 [ReconcilerExecutor-hivemq-controller-120] DEBUG c.h.p.o.h.HiveMQPlatformReconcilerRollingRestartHandler - [helmlega] Rolling restart is waiting for 1 of 2 replicas
2025-01-28 23:56:24,579 INFO c.h.h.t.HelmChartContainer - [test-hivemq-legacy-platform] [hivemq] [877830f0] INFO  - Starting HiveMQ Enterprise Server
2025-01-28 23:56:24,662 INFO c.h.h.t.HelmChartContainer - [test-hivemq-legacy-platform] [hivemq] [877830f0] INFO  - HiveMQ version: 4.36.0
2025-01-28 23:56:24,662 INFO c.h.h.t.HelmChartContainer - [test-hivemq-legacy-platform] [hivemq] [877830f0] INFO  - HiveMQ home directory: /opt/hivemq
2025-01-28 23:56:24,662 INFO c.h.h.t.HelmChartContainer - [test-hivemq-legacy-platform] [hivemq] [877830f0] INFO  - Log Configuration was overridden by /opt/hivemq/conf/logback.xml
2025-01-28 23:56:25,872 INFO c.h.h.t.HelmChartContainer - [test-hivemq-legacy-platform] [hivemq] [877830f0] INFO  - Successfully loaded configuration from '/opt/hivemq/conf-k8s/config.xml'.
2025-01-28 23:56:26,172 INFO c.h.h.t.HelmChartContainer - [test-hivemq-legacy-platform] [hivemq] [877830f0] INFO  - This node's ID is P4tTE
2025-01-28 23:56:26,172 INFO c.h.h.t.HelmChartContainer - [test-hivemq-legacy-platform] [hivemq] [877830f0] INFO  - Clustering is enabled
2025-01-28 23:56:29,066 INFO c.h.h.t.HelmChartContainer - [test-hivemq-legacy-platform] [hivemq] [877830f0] WARN  - [HiveMQ Platform Operator Init App 1.7.0-SNAPSHOT] Cannot connect to Health API for readiness: null
2025-01-28 23:56:29,074 INFO c.h.h.t.HelmChartContainer - [EVENT] Warning [Unhealthy] Readiness probe failed: HTTP probe failed with statuscode: 503 [helmlegacystatefulsetmigrationit-operator:test-hivemq-legacy-platform-1]
2025-01-28 23:56:29,075 INFO c.h.h.t.HelmChartContainer - Received Unhealthy event for container hivemq in pod test-hivemq-legacy-platform-1 [877830f0-eb1e-4574-8f10-f1a01047bfb0]
2025-01-28 23:56:30,468 INFO c.h.h.t.HelmChartContainer - [test-hivemq-legacy-platform] [hivemq] [877830f0] WARN  - [HiveMQ Platform Operator Init App 1.7.0-SNAPSHOT] Cannot connect to Health API for liveness: null
2025-01-28 23:56:30,468 INFO c.h.h.t.HelmChartContainer - [test-hivemq-legacy-platform] [hivemq] [877830f0] INFO  - [HiveMQ Platform Operator Init App 1.7.0-SNAPSHOT] Returning default Health API response 200 for liveness
2025-01-28 23:56:33,769 INFO c.h.h.t.HelmChartContainer - [test-hivemq-legacy-platform] [hivemq] [877830f0] WARN  - [HiveMQ Platform Operator Init App 1.7.0-SNAPSHOT] Cannot connect to Health API for readiness: null
2025-01-28 23:56:33,774 INFO c.h.h.t.HelmChartContainer - [EVENT] Warning [Unhealthy] Readiness probe failed: HTTP probe failed with statuscode: 503 [helmlegacystatefulsetmigrationit-operator:test-hivemq-legacy-platform-1]
2025-01-28 23:56:33,774 INFO c.h.h.t.HelmChartContainer - Received Unhealthy event for container hivemq in pod test-hivemq-legacy-platform-1 [877830f0-eb1e-4574-8f10-f1a01047bfb0]
2025-01-28 23:56:33,974 INFO c.h.h.t.HelmChartContainer - [hivemq-test-hivemq-platform] [hivemq-platform-operator] [7b61d8db] 23:56:33.972 [pool-6-thread-5] DEBUG c.h.p.o.dependants.PodInfoConfigMap - [helmlega] Desired PodInfo ConfigMap (2 extensions) (1 enabled)
2025-01-28 23:56:33,976 INFO c.h.h.t.HelmChartContainer - [hivemq-test-hivemq-platform] [hivemq-platform-operator] [7b61d8db] 23:56:33.972 [pool-6-thread-8] DEBUG c.h.p.o.d.PlatformServiceResource - [helmlega] Desired Platform services (4 services)
2025-01-28 23:56:33,977 INFO c.h.h.t.HelmChartContainer - [hivemq-test-hivemq-platform] [hivemq-platform-operator] [7b61d8db] 23:56:33.973 [pool-6-thread-3] DEBUG c.h.p.o.d.PodServiceAccountResource - [helmlega] Desired PodServiceAccountResource (serviceAccountName: hivemq-platform-pod-test-hivemq-legacy-platform)
2025-01-28 23:56:33,981 INFO c.h.h.t.HelmChartContainer - [hivemq-test-hivemq-platform] [hivemq-platform-operator] [7b61d8db] 23:56:33.980 [pool-6-thread-5] DEBUG c.h.p.o.dependants.PodInfoConfigMap - [helmlega] Desired PodInfo ConfigMap (metrics port: 9399) (metrics path: /)
2025-01-28 23:56:33,982 INFO c.h.h.t.HelmChartContainer - [hivemq-test-hivemq-platform] [hivemq-platform-operator] [7b61d8db] 23:56:33.981 [pool-6-thread-5] DEBUG c.h.p.o.dependants.PodInfoConfigMap - [helmlega] Desired PodInfo ConfigMap (extension state hash: -727970014)
2025-01-28 23:56:33,987 INFO c.h.h.t.HelmChartContainer - [hivemq-test-hivemq-platform] [hivemq-platform-operator] [7b61d8db] 23:56:33.986 [pool-6-thread-8] DEBUG c.h.p.o.d.StatefulSetResource - [helmlega] Desired StatefulSet (2 replicas) for status ROLLING_RESTART (SURGE_IN_PROGRESS)
2025-01-28 23:56:33,992 INFO c.h.h.t.HelmChartContainer - [hivemq-test-hivemq-platform] [hivemq-platform-operator] [7b61d8db] 23:56:33.991 [ReconcilerExecutor-hivemq-controller-121] INFO  c.h.p.o.HiveMQPlatformReconciler - [helmlega] Reconciling HiveMQ Platform 'test-hivemq-legacy-platform' in namespace 'helmlegacystatefulsetmigrationit-operator'
2025-01-28 23:56:33,992 INFO c.h.h.t.HelmChartContainer - [hivemq-test-hivemq-platform] [hivemq-platform-operator] [7b61d8db] 23:56:33.991 [ReconcilerExecutor-hivemq-controller-121] DEBUG c.h.p.o.HiveMQPlatformReconciler - [helmlega] Custom Resource Status ROLLING_RESTART - HiveMQ Platform is starting a surge Pod (rolling restart) (SURGE_IN_PROGRESS)
2025-01-28 23:56:33,993 INFO c.h.h.t.HelmChartContainer - [hivemq-test-hivemq-platform] [hivemq-platform-operator] [7b61d8db] 23:56:33.991 [ReconcilerExecutor-hivemq-controller-121] DEBUG c.h.p.o.HiveMQPlatformReconciler - [helmlega] Custom Resource Spec (replicas: 1) (extensions: 2)
2025-01-28 23:56:34,069 INFO c.h.h.t.HelmChartContainer - [hivemq-test-hivemq-platform] [hivemq-platform-operator] [7b61d8db] 23:56:34.066 [ReconcilerExecutor-hivemq-controller-121] DEBUG c.h.p.o.HiveMQPlatformReconciler - [helmlega] StatefulSet Status (revision: test-hivemq-legacy-platform-65df8dcb7f, replicas: 2, available: 1, ready: 1, current: 1, updated: 1)
2025-01-28 23:56:34,069 INFO c.h.h.t.HelmChartContainer - [hivemq-test-hivemq-platform] [hivemq-platform-operator] [7b61d8db] 23:56:34.068 [ReconcilerExecutor-hivemq-controller-121] DEBUG c.h.p.o.HiveMQPlatformReconciler - [helmlega] StatefulSet Spec (replicas: 2, init containers: 1, containers: 1, volumes: 6)
2025-01-28 23:56:34,074 INFO c.h.h.t.HelmChartContainer - [hivemq-test-hivemq-platform] [hivemq-platform-operator] [7b61d8db] 23:56:34.073 [ReconcilerExecutor-hivemq-controller-121] DEBUG c.h.p.o.h.HiveMQPlatformReconcilerErrorHandler - [helmlega] Pod 'test-hivemq-legacy-platform-1' phase Running
2025-01-28 23:56:34,080 INFO c.h.h.t.HelmChartContainer - [hivemq-test-hivemq-platform] [hivemq-platform-operator] [7b61d8db] 23:56:34.079 [ReconcilerExecutor-hivemq-controller-121] DEBUG c.h.p.o.h.HiveMQPlatformReconcilerErrorHandler - [helmlega] Pod 'test-hivemq-legacy-platform-0' phase Running
2025-01-28 23:56:34,082 INFO c.h.h.t.HelmChartContainer - [hivemq-test-hivemq-platform] [hivemq-platform-operator] [7b61d8db] 23:56:34.081 [ReconcilerExecutor-hivemq-controller-121] DEBUG c.h.p.o.h.HiveMQPlatformReconcilerRollingRestartHandler - [helmlega] Rolling restart is waiting for 1 of 2 replicas
2025-01-28 23:56:38,769 INFO c.h.h.t.HelmChartContainer - [test-hivemq-legacy-platform] [hivemq] [877830f0] WARN  - [HiveMQ Platform Operator Init App 1.7.0-SNAPSHOT] Cannot connect to Health API for readiness: null
2025-01-28 23:56:38,774 INFO c.h.h.t.HelmChartContainer - [EVENT] Warning [Unhealthy] Readiness probe failed: HTTP probe failed with statuscode: 503 [helmlegacystatefulsetmigrationit-operator:test-hivemq-legacy-platform-1]
2025-01-28 23:56:38,774 INFO c.h.h.t.HelmChartContainer - Received Unhealthy event for container hivemq in pod test-hivemq-legacy-platform-1 [877830f0-eb1e-4574-8f10-f1a01047bfb0]
2025-01-28 23:56:39,881 INFO c.h.h.t.HelmChartContainer - [test-hivemq-legacy-platform] [hivemq] [877830f0] INFO  - No valid license file found. Using trial license, restricted to 25 connections.
2025-01-28 23:56:43,771 INFO c.h.h.t.HelmChartContainer - [test-hivemq-legacy-platform] [hivemq] [877830f0] WARN  - [HiveMQ Platform Operator Init App 1.7.0-SNAPSHOT] Cannot connect to Health API for readiness: null
2025-01-28 23:56:43,774 INFO c.h.h.t.HelmChartContainer - [EVENT] Warning [Unhealthy] Readiness probe failed: HTTP probe failed with statuscode: 503 [helmlegacystatefulsetmigrationit-operator:test-hivemq-legacy-platform-1]
2025-01-28 23:56:43,774 INFO c.h.h.t.HelmChartContainer - Received Unhealthy event for container hivemq in pod test-hivemq-legacy-platform-1 [877830f0-eb1e-4574-8f10-f1a01047bfb0]
2025-01-28 23:56:44,087 INFO c.h.h.t.HelmChartContainer - [hivemq-test-hivemq-platform] [hivemq-platform-operator] [7b61d8db] 23:56:44.084 [pool-6-thread-13] DEBUG c.h.p.o.d.PlatformServiceResource - [helmlega] Desired Platform services (4 services)
2025-01-28 23:56:44,088 INFO c.h.h.t.HelmChartContainer - [hivemq-test-hivemq-platform] [hivemq-platform-operator] [7b61d8db] 23:56:44.086 [pool-6-thread-18] DEBUG c.h.p.o.d.PodServiceAccountResource - [helmlega] Desired PodServiceAccountResource (serviceAccountName: hivemq-platform-pod-test-hivemq-legacy-platform)
2025-01-28 23:56:44,088 INFO c.h.h.t.HelmChartContainer - [hivemq-test-hivemq-platform] [hivemq-platform-operator] [7b61d8db] 23:56:44.087 [pool-6-thread-16] DEBUG c.h.p.o.dependants.PodInfoConfigMap - [helmlega] Desired PodInfo ConfigMap (2 extensions) (1 enabled)
2025-01-28 23:56:44,089 INFO c.h.h.t.HelmChartContainer - [hivemq-test-hivemq-platform] [hivemq-platform-operator] [7b61d8db] 23:56:44.088 [pool-6-thread-16] DEBUG c.h.p.o.dependants.PodInfoConfigMap - [helmlega] Desired PodInfo ConfigMap (metrics port: 9399) (metrics path: /)
2025-01-28 23:56:44,089 INFO c.h.h.t.HelmChartContainer - [hivemq-test-hivemq-platform] [hivemq-platform-operator] [7b61d8db] 23:56:44.088 [pool-6-thread-16] DEBUG c.h.p.o.dependants.PodInfoConfigMap - [helmlega] Desired PodInfo ConfigMap (extension state hash: -727970014)
2025-01-28 23:56:44,092 INFO c.h.h.t.HelmChartContainer - [hivemq-test-hivemq-platform] [hivemq-platform-operator] [7b61d8db] 23:56:44.092 [pool-6-thread-13] DEBUG c.h.p.o.d.StatefulSetResource - [helmlega] Desired StatefulSet (2 replicas) for status ROLLING_RESTART (SURGE_IN_PROGRESS)
2025-01-28 23:56:44,096 INFO c.h.h.t.HelmChartContainer - [hivemq-test-hivemq-platform] [hivemq-platform-operator] [7b61d8db] 23:56:44.095 [ReconcilerExecutor-hivemq-controller-122] INFO  c.h.p.o.HiveMQPlatformReconciler - [helmlega] Reconciling HiveMQ Platform 'test-hivemq-legacy-platform' in namespace 'helmlegacystatefulsetmigrationit-operator'
2025-01-28 23:56:44,096 INFO c.h.h.t.HelmChartContainer - [hivemq-test-hivemq-platform] [hivemq-platform-operator] [7b61d8db] 23:56:44.095 [ReconcilerExecutor-hivemq-controller-122] DEBUG c.h.p.o.HiveMQPlatformReconciler - [helmlega] Custom Resource Status ROLLING_RESTART - HiveMQ Platform is starting a surge Pod (rolling restart) (SURGE_IN_PROGRESS)
2025-01-28 23:56:44,096 INFO c.h.h.t.HelmChartContainer - [hivemq-test-hivemq-platform] [hivemq-platform-operator] [7b61d8db] 23:56:44.095 [ReconcilerExecutor-hivemq-controller-122] DEBUG c.h.p.o.HiveMQPlatformReconciler - [helmlega] Custom Resource Spec (replicas: 1) (extensions: 2)
2025-01-28 23:56:44,098 INFO c.h.h.t.HelmChartContainer - [hivemq-test-hivemq-platform] [hivemq-platform-operator] [7b61d8db] 23:56:44.097 [ReconcilerExecutor-hivemq-controller-122] DEBUG c.h.p.o.HiveMQPlatformReconciler - [helmlega] StatefulSet Status (revision: test-hivemq-legacy-platform-65df8dcb7f, replicas: 2, available: 1, ready: 1, current: 1, updated: 1)
2025-01-28 23:56:44,098 INFO c.h.h.t.HelmChartContainer - [hivemq-test-hivemq-platform] [hivemq-platform-operator] [7b61d8db] 23:56:44.097 [ReconcilerExecutor-hivemq-controller-122] DEBUG c.h.p.o.HiveMQPlatformReconciler - [helmlega] StatefulSet Spec (replicas: 2, init containers: 1, containers: 1, volumes: 6)
2025-01-28 23:56:44,099 INFO c.h.h.t.HelmChartContainer - [hivemq-test-hivemq-platform] [hivemq-platform-operator] [7b61d8db] 23:56:44.098 [ReconcilerExecutor-hivemq-controller-122] DEBUG c.h.p.o.h.HiveMQPlatformReconcilerErrorHandler - [helmlega] Pod 'test-hivemq-legacy-platform-1' phase Running
2025-01-28 23:56:44,101 INFO c.h.h.t.HelmChartContainer - [hivemq-test-hivemq-platform] [hivemq-platform-operator] [7b61d8db] 23:56:44.100 [ReconcilerExecutor-hivemq-controller-122] DEBUG c.h.p.o.h.HiveMQPlatformReconcilerErrorHandler - [helmlega] Pod 'test-hivemq-legacy-platform-0' phase Running
2025-01-28 23:56:44,101 INFO c.h.h.t.HelmChartContainer - [hivemq-test-hivemq-platform] [hivemq-platform-operator] [7b61d8db] 23:56:44.100 [ReconcilerExecutor-hivemq-controller-122] DEBUG c.h.p.o.h.HiveMQPlatformReconcilerRollingRestartHandler - [helmlega] Rolling restart is waiting for 1 of 2 replicas
2025-01-28 23:56:44,371 INFO c.h.h.t.HelmChartContainer - [test-hivemq-legacy-platform] [hivemq] [877830f0] INFO  - No valid license file for Data Hub found. Using free license, restricted to 1 policy.
2025-01-28 23:56:45,572 INFO c.h.h.t.HelmChartContainer - [test-hivemq-legacy-platform] [hivemq] [877830f0] INFO  - Audit Logger started.
2025-01-28 23:56:45,866 INFO c.h.h.t.HelmChartContainer - [test-hivemq-legacy-platform] [hivemq] [877830f0] INFO  - This node uses '1' CPU cores.
2025-01-28 23:56:45,871 INFO c.h.h.t.HelmChartContainer - [test-hivemq-legacy-platform] [hivemq] [877830f0] INFO  - Starting HiveMQ Health API on address 0.0.0.0 and port 8889
2025-01-28 23:56:46,968 INFO c.h.h.t.HelmChartContainer - [test-hivemq-legacy-platform] [hivemq] [877830f0] INFO  - Started HiveMQ Health API in 1097ms
2025-01-28 23:56:47,777 INFO c.h.h.t.HelmChartContainer - [test-hivemq-legacy-platform] [hivemq] [877830f0] INFO  - Starting HiveMQ extension system.
2025-01-28 23:56:49,758 INFO c.h.h.t.HelmChartContainer - [test-hivemq-legacy-platform] [hivemq] [877830f0] INFO  - [HiveMQ Platform Operator Init App 1.7.0-SNAPSHOT] Returning Health API response 503 for readiness
2025-01-28 23:56:49,765 INFO c.h.h.t.HelmChartContainer - [EVENT] Warning [Unhealthy] Readiness probe failed: HTTP probe failed with statuscode: 503 [helmlegacystatefulsetmigrationit-operator:test-hivemq-legacy-platform-1]
2025-01-28 23:56:49,766 INFO c.h.h.t.HelmChartContainer - Received Unhealthy event for container hivemq in pod test-hivemq-legacy-platform-1 [877830f0-eb1e-4574-8f10-f1a01047bfb0]
2025-01-28 23:56:51,166 INFO c.h.h.t.HelmChartContainer - [test-hivemq-legacy-platform] [hivemq] [877830f0] INFO  - No license found for enterprise extension with name "HiveMQ Enterprise Security Extension". Entering extension trial mode. "HiveMQ Enterprise Security Extension" will be disabled in 5 hours.
2025-01-28 23:56:51,359 INFO c.h.h.t.HelmChartContainer - [test-hivemq-legacy-platform] [hivemq] [877830f0] INFO  - Starting extension with id "hivemq-dns-cluster-discovery" at /opt/hivemq/extensions/hivemq-dns-cluster-discovery
2025-01-28 23:56:51,672 INFO c.h.h.t.HelmChartContainer - [test-hivemq-legacy-platform] [hivemq] [877830f0] INFO  - Extension "DNS Cluster Discovery Extension" version 4.3.2 started successfully.
2025-01-28 23:56:51,672 INFO c.h.h.t.HelmChartContainer - [test-hivemq-legacy-platform] [hivemq] [877830f0] INFO  - Starting extension with id "hivemq-enterprise-security-extension" at /opt/hivemq/extensions/hivemq-enterprise-security-extension
2025-01-28 23:56:52,069 INFO c.h.h.t.HelmChartContainer - [test-hivemq-legacy-platform] [hivemq] [877830f0] INFO  - Using TCP cluster transport on address 10.42.0.13 and port 7000
2025-01-28 23:56:52,165 INFO c.h.h.t.HelmChartContainer - [test-hivemq-legacy-platform] [hivemq] [877830f0] INFO  - Using extension cluster discovery
2025-01-28 23:56:52,974 INFO c.h.h.t.HelmChartContainer - [test-hivemq-legacy-platform] [hivemq] [8ba97e76] INFO  - Cluster nodes found by discovery: [X7OoO|1] (2) [X7OoO, P4tTE].
2025-01-28 23:56:53,132 INFO c.h.h.t.HelmChartContainer - [test-hivemq-legacy-platform] [hivemq] [877830f0] INFO  - Cluster nodes found by discovery: [X7OoO|1] (2) [X7OoO, P4tTE].
2025-01-28 23:56:53,267 INFO c.h.h.t.HelmChartContainer - [test-hivemq-legacy-platform] [hivemq] [877830f0] WARN  - HiveMQ Enterprise Security Extension: The configuration file is placed at the legacy location '/opt/hivemq/extensions/hivemq-enterprise-security-extension/conf/enterprise-security-extension.xml'. Please move the configuration file to the new location '/opt/hivemq/extensions/hivemq-enterprise-security-extension/conf/config.xml'. Support for the legacy location will be removed in a future release.
2025-01-28 23:56:53,369 INFO c.h.h.t.HelmChartContainer - [test-hivemq-legacy-platform] [hivemq] [877830f0] INFO  - Cluster size = 1, members : [X7OoO].
2025-01-28 23:56:53,467 INFO c.h.h.t.HelmChartContainer - [test-hivemq-legacy-platform] [hivemq] [877830f0] INFO  - HiveMQ Enterprise Security Extension: Successfully loaded configuration from '/opt/hivemq/extensions/hivemq-enterprise-security-extension/conf/enterprise-security-extension.xml'.
2025-01-28 23:56:53,561 INFO c.h.h.t.HelmChartContainer - [test-hivemq-legacy-platform] [hivemq] [877830f0] INFO  - HiveMQ Enterprise Security Extension: Starting HiveMQ Enterprise Security Extension.
2025-01-28 23:56:53,767 INFO c.h.h.t.HelmChartContainer - [test-hivemq-legacy-platform] [hivemq] [877830f0] INFO  - HiveMQ Enterprise Security Extension: Access log is written to /opt/hivemq/log/access/access.log.
2025-01-28 23:56:53,869 INFO c.h.h.t.HelmChartContainer - [EVENT] Warning [Unhealthy] Readiness probe failed: HTTP probe failed with statuscode: 503 [helmlegacystatefulsetmigrationit-operator:test-hivemq-legacy-platform-1]
2025-01-28 23:56:53,869 INFO c.h.h.t.HelmChartContainer - Received Unhealthy event for container hivemq in pod test-hivemq-legacy-platform-1 [877830f0-eb1e-4574-8f10-f1a01047bfb0]
2025-01-28 23:56:54,033 INFO c.h.h.t.HelmChartContainer - [test-hivemq-legacy-platform] [hivemq] [877830f0] INFO  - Starting cluster join process. This may take a while. Please do not shut down HiveMQ.
2025-01-28 23:56:54,063 INFO c.h.h.t.HelmChartContainer - [test-hivemq-legacy-platform] [hivemq] [877830f0] INFO  - Cluster join process is still ongoing. Please do not shut down HiveMQ.
2025-01-28 23:56:54,104 INFO c.h.h.t.HelmChartContainer - [hivemq-test-hivemq-platform] [hivemq-platform-operator] [7b61d8db] 23:56:54.102 [pool-6-thread-24] DEBUG c.h.p.o.d.PlatformServiceResource - [helmlega] Desired Platform services (4 services)
2025-01-28 23:56:54,107 INFO c.h.h.t.HelmChartContainer - [hivemq-test-hivemq-platform] [hivemq-platform-operator] [7b61d8db] 23:56:54.104 [pool-6-thread-28] DEBUG c.h.p.o.d.PodServiceAccountResource - [helmlega] Desired PodServiceAccountResource (serviceAccountName: hivemq-platform-pod-test-hivemq-legacy-platform)
2025-01-28 23:56:54,108 INFO c.h.h.t.HelmChartContainer - [hivemq-test-hivemq-platform] [hivemq-platform-operator] [7b61d8db] 23:56:54.106 [pool-6-thread-22] DEBUG c.h.p.o.dependants.PodInfoConfigMap - [helmlega] Desired PodInfo ConfigMap (2 extensions) (1 enabled)
2025-01-28 23:56:54,108 INFO c.h.h.t.HelmChartContainer - [hivemq-test-hivemq-platform] [hivemq-platform-operator] [7b61d8db] 23:56:54.106 [pool-6-thread-22] DEBUG c.h.p.o.dependants.PodInfoConfigMap - [helmlega] Desired PodInfo ConfigMap (metrics port: 9399) (metrics path: /)
2025-01-28 23:56:54,108 INFO c.h.h.t.HelmChartContainer - [hivemq-test-hivemq-platform] [hivemq-platform-operator] [7b61d8db] 23:56:54.107 [pool-6-thread-22] DEBUG c.h.p.o.dependants.PodInfoConfigMap - [helmlega] Desired PodInfo ConfigMap (extension state hash: -727970014)
2025-01-28 23:56:54,111 INFO c.h.h.t.HelmChartContainer - [hivemq-test-hivemq-platform] [hivemq-platform-operator] [7b61d8db] 23:56:54.110 [pool-6-thread-26] DEBUG c.h.p.o.d.StatefulSetResource - [helmlega] Desired StatefulSet (2 replicas) for status ROLLING_RESTART (SURGE_IN_PROGRESS)
2025-01-28 23:56:54,116 INFO c.h.h.t.HelmChartContainer - [hivemq-test-hivemq-platform] [hivemq-platform-operator] [7b61d8db] 23:56:54.114 [ReconcilerExecutor-hivemq-controller-123] INFO  c.h.p.o.HiveMQPlatformReconciler - [helmlega] Reconciling HiveMQ Platform 'test-hivemq-legacy-platform' in namespace 'helmlegacystatefulsetmigrationit-operator'
2025-01-28 23:56:54,116 INFO c.h.h.t.HelmChartContainer - [hivemq-test-hivemq-platform] [hivemq-platform-operator] [7b61d8db] 23:56:54.114 [ReconcilerExecutor-hivemq-controller-123] DEBUG c.h.p.o.HiveMQPlatformReconciler - [helmlega] Custom Resource Status ROLLING_RESTART - HiveMQ Platform is starting a surge Pod (rolling restart) (SURGE_IN_PROGRESS)
2025-01-28 23:56:54,116 INFO c.h.h.t.HelmChartContainer - [hivemq-test-hivemq-platform] [hivemq-platform-operator] [7b61d8db] 23:56:54.114 [ReconcilerExecutor-hivemq-controller-123] DEBUG c.h.p.o.HiveMQPlatformReconciler - [helmlega] Custom Resource Spec (replicas: 1) (extensions: 2)
2025-01-28 23:56:54,116 INFO c.h.h.t.HelmChartContainer - [hivemq-test-hivemq-platform] [hivemq-platform-operator] [7b61d8db] 23:56:54.115 [ReconcilerExecutor-hivemq-controller-123] DEBUG c.h.p.o.HiveMQPlatformReconciler - [helmlega] StatefulSet Status (revision: test-hivemq-legacy-platform-65df8dcb7f, replicas: 2, available: 1, ready: 1, current: 1, updated: 1)
2025-01-28 23:56:54,117 INFO c.h.h.t.HelmChartContainer - [hivemq-test-hivemq-platform] [hivemq-platform-operator] [7b61d8db] 23:56:54.115 [ReconcilerExecutor-hivemq-controller-123] DEBUG c.h.p.o.HiveMQPlatformReconciler - [helmlega] StatefulSet Spec (replicas: 2, init containers: 1, containers: 1, volumes: 6)
2025-01-28 23:56:54,119 INFO c.h.h.t.HelmChartContainer - [hivemq-test-hivemq-platform] [hivemq-platform-operator] [7b61d8db] 23:56:54.118 [ReconcilerExecutor-hivemq-controller-123] DEBUG c.h.p.o.h.HiveMQPlatformReconcilerErrorHandler - [helmlega] Pod 'test-hivemq-legacy-platform-1' phase Running
2025-01-28 23:56:54,121 INFO c.h.h.t.HelmChartContainer - [hivemq-test-hivemq-platform] [hivemq-platform-operator] [7b61d8db] 23:56:54.120 [ReconcilerExecutor-hivemq-controller-123] DEBUG c.h.p.o.h.HiveMQPlatformReconcilerErrorHandler - [helmlega] Pod 'test-hivemq-legacy-platform-0' phase Running
2025-01-28 23:56:54,167 INFO c.h.h.t.HelmChartContainer - [hivemq-test-hivemq-platform] [hivemq-platform-operator] [7b61d8db] 23:56:54.165 [ReconcilerExecutor-hivemq-controller-123] DEBUG c.h.p.o.h.HiveMQPlatformReconcilerRollingRestartHandler - [helmlega] Rolling restart is waiting for 1 of 2 replicas
2025-01-28 23:56:54,233 INFO c.h.h.t.HelmChartContainer - [test-hivemq-legacy-platform] [hivemq] [877830f0] INFO  - HiveMQ Enterprise Security Extension: Started HiveMQ Enterprise Security Extension successfully in 2558ms.
2025-01-28 23:56:54,233 INFO c.h.h.t.HelmChartContainer - [test-hivemq-legacy-platform] [hivemq] [877830f0] INFO  - Extension "HiveMQ Enterprise Security Extension" version 4.36.0 started successfully.
2025-01-28 23:56:54,233 INFO c.h.h.t.HelmChartContainer - [test-hivemq-legacy-platform] [hivemq] [877830f0] INFO  - Starting extension with id "hivemq-prometheus-extension" at /opt/hivemq/extensions/hivemq-prometheus-extension
2025-01-28 23:56:54,773 INFO c.h.h.t.HelmChartContainer - [test-hivemq-legacy-platform] [hivemq] [877830f0] INFO  - Started Jetty Server exposing Prometheus Servlet on URI http://0.0.0.0:9399/
2025-01-28 23:56:54,773 INFO c.h.h.t.HelmChartContainer - [test-hivemq-legacy-platform] [hivemq] [877830f0] INFO  - Extension "Prometheus Monitoring Extension" version 4.0.12 started successfully.
2025-01-28 23:56:56,183 INFO c.h.h.t.HelmChartContainer - [test-hivemq-legacy-platform] [hivemq] [8ba97e76] INFO  - Cluster size = 2, members : [P4tTE, X7OoO].
2025-01-28 23:56:56,193 INFO c.h.h.t.HelmChartContainer - [test-hivemq-legacy-platform] [hivemq] [877830f0] INFO  - Cluster size = 2, members : [P4tTE, X7OoO].
2025-01-28 23:56:56,232 INFO c.h.h.t.HelmChartContainer - [test-hivemq-legacy-platform] [hivemq] [877830f0] INFO  - Finished cluster join process successfully.
2025-01-28 23:56:56,259 INFO c.h.h.t.HelmChartContainer - [test-hivemq-legacy-platform] [hivemq] [877830f0] INFO  - Starting HiveMQ REST API on address 0.0.0.0 and port 8888
2025-01-28 23:56:56,736 INFO c.h.h.t.HelmChartContainer - [test-hivemq-legacy-platform] [hivemq] [877830f0] INFO  - Started HiveMQ REST API in 477ms
2025-01-28 23:56:56,736 INFO c.h.h.t.HelmChartContainer - [test-hivemq-legacy-platform] [hivemq] [877830f0] WARN  - No user for HiveMQ Control Center configured. Starting with default user
2025-01-28 23:56:56,736 INFO c.h.h.t.HelmChartContainer - [test-hivemq-legacy-platform] [hivemq] [877830f0] INFO  - Starting HiveMQ Control Center on address 0.0.0.0 and port 8080
2025-01-28 23:56:56,740 INFO c.h.h.t.HelmChartContainer - [test-hivemq-legacy-platform] [hivemq] [877830f0] INFO  - Mounting HiveMQ Control Center V2 Preview
2025-01-28 23:56:57,373 INFO c.h.h.t.HelmChartContainer - [test-hivemq-legacy-platform] [hivemq] [877830f0] INFO  - Started HiveMQ Control Center in 637ms
2025-01-28 23:56:57,468 INFO c.h.h.t.HelmChartContainer - [test-hivemq-legacy-platform] [hivemq] [877830f0] INFO  - Starting TCP listener on address 0.0.0.0 and port 1883
2025-01-28 23:56:57,561 INFO c.h.h.t.HelmChartContainer - [test-hivemq-legacy-platform] [hivemq] [877830f0] INFO  - Started TCP Listener on address 0.0.0.0 and on port 1883.
2025-01-28 23:56:57,563 INFO c.h.h.t.HelmChartContainer - [test-hivemq-legacy-platform] [hivemq] [877830f0] INFO  - Started HiveMQ in 33291ms
2025-01-28 23:56:58,771 INFO c.h.h.t.HelmChartContainer - [test-hivemq-legacy-platform] [hivemq] [877830f0] INFO  - [HiveMQ Platform Operator Init App 1.7.0-SNAPSHOT] Returning Health API response 200 for readiness
2025-01-28 23:56:58,789 INFO c.h.h.t.HelmChartContainer - [POD] test-hivemq-legacy-platform-1 [877830f0-eb1e-4574-8f10-f1a01047bfb0] in helmlegacystatefulsetmigrationit-operator was MODIFIED
2025-01-28 23:56:58,794 INFO c.h.h.t.HelmChartContainer - [hivemq-test-hivemq-platform] [hivemq-platform-operator] [7b61d8db] 23:56:58.791 [pool-6-thread-39] DEBUG c.h.p.o.d.PlatformServiceResource - [helmlega] Desired Platform services (4 services)
2025-01-28 23:56:58,797 INFO c.h.h.t.HelmChartContainer - [hivemq-test-hivemq-platform] [hivemq-platform-operator] [7b61d8db] 23:56:58.795 [pool-6-thread-36] DEBUG c.h.p.o.dependants.PodInfoConfigMap - [helmlega] Desired PodInfo ConfigMap (2 extensions) (1 enabled)
2025-01-28 23:56:58,801 INFO c.h.h.t.HelmChartContainer - [hivemq-test-hivemq-platform] [hivemq-platform-operator] [7b61d8db] 23:56:58.795 [pool-6-thread-36] DEBUG c.h.p.o.dependants.PodInfoConfigMap - [helmlega] Desired PodInfo ConfigMap (metrics port: 9399) (metrics path: /)
2025-01-28 23:56:58,801 INFO c.h.h.t.HelmChartContainer - [hivemq-test-hivemq-platform] [hivemq-platform-operator] [7b61d8db] 23:56:58.795 [pool-6-thread-36] DEBUG c.h.p.o.dependants.PodInfoConfigMap - [helmlega] Desired PodInfo ConfigMap (extension state hash: -727970014)
2025-01-28 23:56:58,801 INFO c.h.h.t.HelmChartContainer - [hivemq-test-hivemq-platform] [hivemq-platform-operator] [7b61d8db] 23:56:58.797 [pool-6-thread-37] DEBUG c.h.p.o.d.PodServiceAccountResource - [helmlega] Desired PodServiceAccountResource (serviceAccountName: hivemq-platform-pod-test-hivemq-legacy-platform)
2025-01-28 23:56:58,812 INFO c.h.h.t.HelmChartContainer - [hivemq-test-hivemq-platform] [hivemq-platform-operator] [7b61d8db] 23:56:58.810 [pool-6-thread-39] DEBUG c.h.p.o.d.StatefulSetResource - [helmlega] Desired StatefulSet (2 replicas) for status ROLLING_RESTART (SURGE_IN_PROGRESS)
2025-01-28 23:56:58,867 INFO c.h.h.t.HelmChartContainer - [hivemq-test-hivemq-platform] [hivemq-platform-operator] [7b61d8db] 23:56:58.865 [ReconcilerExecutor-hivemq-controller-124] INFO  c.h.p.o.HiveMQPlatformReconciler - [helmlega] Reconciling HiveMQ Platform 'test-hivemq-legacy-platform' in namespace 'helmlegacystatefulsetmigrationit-operator'
2025-01-28 23:56:58,867 INFO c.h.h.t.HelmChartContainer - [hivemq-test-hivemq-platform] [hivemq-platform-operator] [7b61d8db] 23:56:58.865 [ReconcilerExecutor-hivemq-controller-124] DEBUG c.h.p.o.HiveMQPlatformReconciler - [helmlega] Custom Resource Status ROLLING_RESTART - HiveMQ Platform is starting a surge Pod (rolling restart) (SURGE_IN_PROGRESS)
2025-01-28 23:56:58,867 INFO c.h.h.t.HelmChartContainer - [hivemq-test-hivemq-platform] [hivemq-platform-operator] [7b61d8db] 23:56:58.866 [ReconcilerExecutor-hivemq-controller-124] DEBUG c.h.p.o.HiveMQPlatformReconciler - [helmlega] Custom Resource Spec (replicas: 1) (extensions: 2)
2025-01-28 23:56:58,869 INFO c.h.h.t.HelmChartContainer - [hivemq-test-hivemq-platform] [hivemq-platform-operator] [7b61d8db] 23:56:58.868 [ReconcilerExecutor-hivemq-controller-124] DEBUG c.h.p.o.HiveMQPlatformReconciler - [helmlega] StatefulSet Status (revision: test-hivemq-legacy-platform-65df8dcb7f, replicas: 2, available: 2, ready: 2, current: 1, updated: 1)
2025-01-28 23:56:58,870 INFO c.h.h.t.HelmChartContainer - [hivemq-test-hivemq-platform] [hivemq-platform-operator] [7b61d8db] 23:56:58.868 [ReconcilerExecutor-hivemq-controller-124] DEBUG c.h.p.o.HiveMQPlatformReconciler - [helmlega] StatefulSet Spec (replicas: 2, init containers: 1, containers: 1, volumes: 6)
2025-01-28 23:56:58,871 INFO c.h.h.t.HelmChartContainer - [hivemq-test-hivemq-platform] [hivemq-platform-operator] [7b61d8db] 23:56:58.870 [ReconcilerExecutor-hivemq-controller-124] DEBUG c.h.p.o.h.HiveMQPlatformReconcilerErrorHandler - [helmlega] Pod 'test-hivemq-legacy-platform-1' phase Running
2025-01-28 23:56:58,872 INFO c.h.h.t.HelmChartContainer - [hivemq-test-hivemq-platform] [hivemq-platform-operator] [7b61d8db] 23:56:58.871 [ReconcilerExecutor-hivemq-controller-124] DEBUG c.h.p.o.h.HiveMQPlatformReconcilerErrorHandler - [helmlega] Pod 'test-hivemq-legacy-platform-0' phase Running
2025-01-28 23:56:58,873 INFO c.h.h.t.HelmChartContainer - [hivemq-test-hivemq-platform] [hivemq-platform-operator] [7b61d8db] 23:56:58.872 [ReconcilerExecutor-hivemq-controller-124] INFO  c.h.p.o.h.HiveMQPlatformReconcilerRollingRestartHandler - [helmlega] Surge Pod started successfully
2025-01-28 23:56:58,973 INFO c.h.h.t.HelmChartContainer - [hivemq-test-hivemq-platform] [hivemq-platform-operator] [7b61d8db] 23:56:58.971 [ReconcilerExecutor-hivemq-controller-124] DEBUG c.h.p.operator.event.EventSender - [helmlega] Creating K8s event rolling-restart-surge-in-progress: [RollingRestart] HiveMQ Platform is restarting Pods (rolling restart)
2025-01-28 23:56:58,975 INFO c.h.h.t.HelmChartContainer - [EVENT] Normal [RollingRestart] HiveMQ Platform is restarting Pods (rolling restart) [helmlegacystatefulsetmigrationit-operator:test-hivemq-legacy-platform]
2025-01-28 23:56:58,976 INFO c.h.h.t.HelmChartContainer - [hivemq-test-hivemq-platform] [hivemq-platform-operator] [7b61d8db] 23:56:58.976 [ReconcilerExecutor-hivemq-controller-124] INFO  c.h.p.o.h.AbstractHiveMQReconcilerStateHandler - [helmlega] Update HiveMQ Platform Status (ROLLING_RESTART [SURGE_IN_PROGRESS] -> ROLLING_RESTART [RESTART_PODS_IN_PROGRESS]): HiveMQ Platform is restarting Pods (rolling restart)
2025-01-28 23:56:58,985 DEBUG com.hivemq.helmcharts.util.K8sUtil - Comparing actual state 'ROLLING_RESTART' and waiting for 'RUNNING'
2025-01-28 23:56:58,988 INFO c.h.h.t.HelmChartContainer - [hivemq-test-hivemq-platform] [hivemq-platform-operator] [7b61d8db] 23:56:58.987 [pool-6-thread-42] DEBUG c.h.p.o.d.PlatformServiceResource - [helmlega] Desired Platform services (4 services)
2025-01-28 23:56:58,990 INFO c.h.h.t.HelmChartContainer - [hivemq-test-hivemq-platform] [hivemq-platform-operator] [7b61d8db] 23:56:58.989 [pool-6-thread-48] DEBUG c.h.p.o.d.PodServiceAccountResource - [helmlega] Desired PodServiceAccountResource (serviceAccountName: hivemq-platform-pod-test-hivemq-legacy-platform)
2025-01-28 23:56:59,066 INFO c.h.h.t.HelmChartContainer - [hivemq-test-hivemq-platform] [hivemq-platform-operator] [7b61d8db] 23:56:59.065 [pool-6-thread-41] DEBUG c.h.p.o.dependants.PodInfoConfigMap - [helmlega] Desired PodInfo ConfigMap (2 extensions) (1 enabled)
2025-01-28 23:56:59,066 INFO c.h.h.t.HelmChartContainer - [hivemq-test-hivemq-platform] [hivemq-platform-operator] [7b61d8db] 23:56:59.065 [pool-6-thread-41] DEBUG c.h.p.o.dependants.PodInfoConfigMap - [helmlega] Desired PodInfo ConfigMap (metrics port: 9399) (metrics path: /)
2025-01-28 23:56:59,066 INFO c.h.h.t.HelmChartContainer - [hivemq-test-hivemq-platform] [hivemq-platform-operator] [7b61d8db] 23:56:59.065 [pool-6-thread-41] DEBUG c.h.p.o.dependants.PodInfoConfigMap - [helmlega] Desired PodInfo ConfigMap (extension state hash: -727970014)
2025-01-28 23:56:59,068 INFO c.h.h.t.HelmChartContainer - [hivemq-test-hivemq-platform] [hivemq-platform-operator] [7b61d8db] 23:56:59.068 [pool-6-thread-42] DEBUG c.h.p.o.d.StatefulSetResource - [helmlega] Desired StatefulSet (2 replicas) for status ROLLING_RESTART (RESTART_PODS_IN_PROGRESS)
2025-01-28 23:56:59,072 INFO c.h.h.t.HelmChartContainer - [hivemq-test-hivemq-platform] [hivemq-platform-operator] [7b61d8db] 23:56:59.071 [ReconcilerExecutor-hivemq-controller-125] INFO  c.h.p.o.HiveMQPlatformReconciler - [helmlega] Reconciling HiveMQ Platform 'test-hivemq-legacy-platform' in namespace 'helmlegacystatefulsetmigrationit-operator'
2025-01-28 23:56:59,074 INFO c.h.h.t.HelmChartContainer - [hivemq-test-hivemq-platform] [hivemq-platform-operator] [7b61d8db] 23:56:59.071 [ReconcilerExecutor-hivemq-controller-125] DEBUG c.h.p.o.HiveMQPlatformReconciler - [helmlega] Custom Resource Status ROLLING_RESTART - HiveMQ Platform is restarting Pods (rolling restart) (RESTART_PODS_IN_PROGRESS)
2025-01-28 23:56:59,074 INFO c.h.h.t.HelmChartContainer - [hivemq-test-hivemq-platform] [hivemq-platform-operator] [7b61d8db] 23:56:59.071 [ReconcilerExecutor-hivemq-controller-125] DEBUG c.h.p.o.HiveMQPlatformReconciler - [helmlega] Custom Resource Spec (replicas: 1) (extensions: 2)
2025-01-28 23:56:59,074 INFO c.h.h.t.HelmChartContainer - [hivemq-test-hivemq-platform] [hivemq-platform-operator] [7b61d8db] 23:56:59.073 [ReconcilerExecutor-hivemq-controller-125] DEBUG c.h.p.o.HiveMQPlatformReconciler - [helmlega] StatefulSet Status (revision: test-hivemq-legacy-platform-65df8dcb7f, replicas: 2, available: 2, ready: 2, current: 1, updated: 1)
2025-01-28 23:56:59,074 INFO c.h.h.t.HelmChartContainer - [hivemq-test-hivemq-platform] [hivemq-platform-operator] [7b61d8db] 23:56:59.073 [ReconcilerExecutor-hivemq-controller-125] DEBUG c.h.p.o.HiveMQPlatformReconciler - [helmlega] StatefulSet Spec (replicas: 2, init containers: 1, containers: 1, volumes: 6)
2025-01-28 23:56:59,075 INFO c.h.h.t.HelmChartContainer - [hivemq-test-hivemq-platform] [hivemq-platform-operator] [7b61d8db] 23:56:59.074 [ReconcilerExecutor-hivemq-controller-125] DEBUG c.h.p.o.h.HiveMQPlatformReconcilerErrorHandler - [helmlega] Pod 'test-hivemq-legacy-platform-1' phase Running
2025-01-28 23:56:59,077 INFO c.h.h.t.HelmChartContainer - [hivemq-test-hivemq-platform] [hivemq-platform-operator] [7b61d8db] 23:56:59.076 [ReconcilerExecutor-hivemq-controller-125] DEBUG c.h.p.o.h.HiveMQPlatformReconcilerErrorHandler - [helmlega] Pod 'test-hivemq-legacy-platform-0' phase Running
2025-01-28 23:56:59,083 INFO c.h.h.t.HelmChartContainer - [hivemq-test-hivemq-platform] [hivemq-platform-operator] [7b61d8db] 23:56:59.083 [ReconcilerExecutor-hivemq-controller-125] DEBUG c.h.p.o.h.HiveMQPlatformReconcilerRollingRestartHandler - [helmlega] Skipping Pod test-hivemq-legacy-platform-1 as it's already on the controller update revision (update revision: test-hivemq-legacy-platform-65df8dcb7f, pod revision: test-hivemq-legacy-platform-65df8dcb7f)
2025-01-28 23:56:59,169 INFO c.h.h.t.HelmChartContainer - [hivemq-test-hivemq-platform] [hivemq-platform-operator] [7b61d8db] 23:56:59.168 [ReconcilerExecutor-hivemq-controller-125] DEBUG c.h.p.o.h.HiveMQPlatformReconcilerRollingRestartHandler - [helmlega] The last Pod is running for 59 seconds, the next Pod can be restarted
2025-01-28 23:56:59,169 INFO c.h.h.t.HelmChartContainer - [hivemq-test-hivemq-platform] [hivemq-platform-operator] [7b61d8db] 23:56:59.168 [ReconcilerExecutor-hivemq-controller-125] INFO  c.h.p.o.h.HiveMQPlatformReconcilerRollingRestartHandler - [helmlega] Restarting Pod test-hivemq-legacy-platform-0 as it's not matching the controller update revision (update revision: test-hivemq-legacy-platform-65df8dcb7f, pod revision: test-hivemq-legacy-platform-84fd8d4856)
2025-01-28 23:56:59,188 INFO c.h.h.t.HelmChartContainer - [POD] test-hivemq-legacy-platform-0 [8ba97e76-8fe2-40db-9fcd-4895ea267d00] in helmlegacystatefulsetmigrationit-operator was MODIFIED
2025-01-28 23:56:59,194 INFO c.h.h.t.HelmChartContainer - [EVENT] Normal [Killing] Stopping container hivemq [helmlegacystatefulsetmigrationit-operator:test-hivemq-legacy-platform-0]
2025-01-28 23:56:59,194 INFO c.h.h.t.HelmChartContainer - Received Killing event for container hivemq in pod test-hivemq-legacy-platform-0 [8ba97e76-8fe2-40db-9fcd-4895ea267d00]
2025-01-28 23:56:59,194 INFO c.h.h.t.HelmChartContainer - Container [test-hivemq-legacy-platform-0] [hivemq] [8ba97e76-8fe2-40db-9fcd-4895ea267d00] was terminated
2025-01-28 23:56:59,194 INFO c.h.h.t.HelmChartContainer - Stopped log watcher for hivemq in pod test-hivemq-legacy-platform-0 [8ba97e76-8fe2-40db-9fcd-4895ea267d00]
2025-01-28 23:56:59,269 INFO c.h.h.t.HelmChartContainer - [hivemq-test-hivemq-platform] [hivemq-platform-operator] [7b61d8db] 23:56:59.265 [pool-6-thread-4] DEBUG c.h.p.o.d.PlatformServiceResource - [helmlega] Desired Platform services (4 services)
2025-01-28 23:56:59,273 INFO c.h.h.t.HelmChartContainer - [hivemq-test-hivemq-platform] [hivemq-platform-operator] [7b61d8db] 23:56:59.266 [pool-6-thread-7] DEBUG c.h.p.o.dependants.PodInfoConfigMap - [helmlega] Desired PodInfo ConfigMap (2 extensions) (1 enabled)
2025-01-28 23:56:59,273 INFO c.h.h.t.HelmChartContainer - [hivemq-test-hivemq-platform] [hivemq-platform-operator] [7b61d8db] 23:56:59.266 [pool-6-thread-7] DEBUG c.h.p.o.dependants.PodInfoConfigMap - [helmlega] Desired PodInfo ConfigMap (metrics port: 9399) (metrics path: /)
2025-01-28 23:56:59,273 INFO c.h.h.t.HelmChartContainer - [hivemq-test-hivemq-platform] [hivemq-platform-operator] [7b61d8db] 23:56:59.266 [pool-6-thread-7] DEBUG c.h.p.o.dependants.PodInfoConfigMap - [helmlega] Desired PodInfo ConfigMap (extension state hash: -727970014)
2025-01-28 23:56:59,273 INFO c.h.h.t.HelmChartContainer - [hivemq-test-hivemq-platform] [hivemq-platform-operator] [7b61d8db] 23:56:59.269 [pool-6-thread-10] DEBUG c.h.p.o.d.PodServiceAccountResource - [helmlega] Desired PodServiceAccountResource (serviceAccountName: hivemq-platform-pod-test-hivemq-legacy-platform)
2025-01-28 23:56:59,279 INFO c.h.h.t.HelmChartContainer - [hivemq-test-hivemq-platform] [hivemq-platform-operator] [7b61d8db] 23:56:59.279 [pool-6-thread-4] DEBUG c.h.p.o.d.StatefulSetResource - [helmlega] Desired StatefulSet (2 replicas) for status ROLLING_RESTART (RESTART_PODS_IN_PROGRESS)
2025-01-28 23:56:59,291 INFO c.h.h.t.HelmChartContainer - [hivemq-test-hivemq-platform] [hivemq-platform-operator] [7b61d8db] 23:56:59.288 [ReconcilerExecutor-hivemq-controller-126] INFO  c.h.p.o.HiveMQPlatformReconciler - [helmlega] Reconciling HiveMQ Platform 'test-hivemq-legacy-platform' in namespace 'helmlegacystatefulsetmigrationit-operator'
2025-01-28 23:56:59,291 INFO c.h.h.t.HelmChartContainer - [hivemq-test-hivemq-platform] [hivemq-platform-operator] [7b61d8db] 23:56:59.289 [ReconcilerExecutor-hivemq-controller-126] DEBUG c.h.p.o.HiveMQPlatformReconciler - [helmlega] Custom Resource Status ROLLING_RESTART - HiveMQ Platform is restarting Pods (rolling restart) (RESTART_PODS_IN_PROGRESS)
2025-01-28 23:56:59,291 INFO c.h.h.t.HelmChartContainer - [hivemq-test-hivemq-platform] [hivemq-platform-operator] [7b61d8db] 23:56:59.289 [ReconcilerExecutor-hivemq-controller-126] DEBUG c.h.p.o.HiveMQPlatformReconciler - [helmlega] Custom Resource Spec (replicas: 1) (extensions: 2)
2025-01-28 23:56:59,292 INFO c.h.h.t.HelmChartContainer - [hivemq-test-hivemq-platform] [hivemq-platform-operator] [7b61d8db] 23:56:59.290 [ReconcilerExecutor-hivemq-controller-126] DEBUG c.h.p.o.HiveMQPlatformReconciler - [helmlega] StatefulSet Status (revision: test-hivemq-legacy-platform-65df8dcb7f, replicas: 2, available: 2, ready: 2, current: 1, updated: 1)
2025-01-28 23:56:59,294 INFO c.h.h.t.HelmChartContainer - [hivemq-test-hivemq-platform] [hivemq-platform-operator] [7b61d8db] 23:56:59.293 [ReconcilerExecutor-hivemq-controller-126] DEBUG c.h.p.o.HiveMQPlatformReconciler - [helmlega] StatefulSet Spec (replicas: 2, init containers: 1, containers: 1, volumes: 6)
2025-01-28 23:56:59,296 INFO c.h.h.t.HelmChartContainer - [hivemq-test-hivemq-platform] [hivemq-platform-operator] [7b61d8db] 23:56:59.295 [ReconcilerExecutor-hivemq-controller-126] DEBUG c.h.p.o.h.HiveMQPlatformReconcilerErrorHandler - [helmlega] Pod 'test-hivemq-legacy-platform-1' phase Running
2025-01-28 23:56:59,371 INFO c.h.h.t.HelmChartContainer - [hivemq-test-hivemq-platform] [hivemq-platform-operator] [7b61d8db] 23:56:59.368 [ReconcilerExecutor-hivemq-controller-126] DEBUG c.h.p.o.h.HiveMQPlatformReconcilerErrorHandler - [helmlega] Pod 'test-hivemq-legacy-platform-0' phase Running
2025-01-28 23:56:59,380 INFO c.h.h.t.HelmChartContainer - [hivemq-test-hivemq-platform] [hivemq-platform-operator] [7b61d8db] 23:56:59.379 [ReconcilerExecutor-hivemq-controller-126] DEBUG c.h.p.o.h.HiveMQPlatformReconcilerRollingRestartHandler - [helmlega] Skipping Pod test-hivemq-legacy-platform-1 as it's already on the controller update revision (update revision: test-hivemq-legacy-platform-65df8dcb7f, pod revision: test-hivemq-legacy-platform-65df8dcb7f)
2025-01-28 23:56:59,380 INFO c.h.h.t.HelmChartContainer - [test-hivemq-legacy-platform] [hivemq] [8ba97e76] INFO  - Shutting down HiveMQ. Please wait, this could take a while...
2025-01-28 23:56:59,466 INFO c.h.h.t.HelmChartContainer - [test-hivemq-legacy-platform] [hivemq] [8ba97e76] INFO  - Shutting down listeners and clients
2025-01-28 23:56:59,467 INFO c.h.h.t.HelmChartContainer - [test-hivemq-legacy-platform] [hivemq] [8ba97e76] INFO  - Shutdown of listeners is done
2025-01-28 23:56:59,467 INFO c.h.h.t.HelmChartContainer - [test-hivemq-legacy-platform] [hivemq] [8ba97e76] INFO  - No clients are connected, proceeding with shutdown
2025-01-28 23:56:59,468 INFO c.h.h.t.HelmChartContainer - [hivemq-test-hivemq-platform] [hivemq-platform-operator] [7b61d8db] 23:56:59.467 [ReconcilerExecutor-hivemq-controller-126] DEBUG c.h.p.o.h.HiveMQPlatformReconcilerRollingRestartHandler - [helmlega] The last Pod is running for 59 seconds, the next Pod can be restarted
2025-01-28 23:56:59,469 INFO c.h.h.t.HelmChartContainer - [hivemq-test-hivemq-platform] [hivemq-platform-operator] [7b61d8db] 23:56:59.468 [ReconcilerExecutor-hivemq-controller-126] INFO  c.h.p.o.h.HiveMQPlatformReconcilerRollingRestartHandler - [helmlega] Restarting Pod test-hivemq-legacy-platform-0 as it's not matching the controller update revision (update revision: test-hivemq-legacy-platform-65df8dcb7f, pod revision: test-hivemq-legacy-platform-84fd8d4856)
2025-01-28 23:57:00,473 INFO c.h.h.t.HelmChartContainer - [test-hivemq-legacy-platform] [hivemq] [877830f0] INFO  - [HiveMQ Platform Operator Init App 1.7.0-SNAPSHOT] Returning Health API response 200 for liveness
2025-01-28 23:57:02,858 INFO c.h.h.t.HelmChartContainer - [test-hivemq-legacy-platform] [hivemq] [8ba97e76] INFO  - Shutting down extension system
2025-01-28 23:57:02,862 INFO c.h.h.t.HelmChartContainer - [test-hivemq-legacy-platform] [hivemq] [8ba97e76] INFO  - Stopping extension with id hivemq-dns-cluster-discovery
2025-01-28 23:57:02,862 INFO c.h.h.t.HelmChartContainer - [test-hivemq-legacy-platform] [hivemq] [8ba97e76] INFO  - Extension "DNS Cluster Discovery Extension" version 4.3.3 stopped successfully.
2025-01-28 23:57:02,862 INFO c.h.h.t.HelmChartContainer - [test-hivemq-legacy-platform] [hivemq] [8ba97e76] INFO  - Stopping extension with id hivemq-prometheus-extension
2025-01-28 23:57:02,867 INFO c.h.h.t.HelmChartContainer - [test-hivemq-legacy-platform] [hivemq] [8ba97e76] INFO  - Extension "Prometheus Monitoring Extension" version 4.0.13 stopped successfully.
2025-01-28 23:57:02,867 INFO c.h.h.t.HelmChartContainer - [test-hivemq-legacy-platform] [hivemq] [8ba97e76] INFO  - Stopping extension with id hivemq-k8s-sync-extension
2025-01-28 23:57:02,867 INFO c.h.h.t.HelmChartContainer - [test-hivemq-legacy-platform] [hivemq] [8ba97e76] INFO  - Stopped HiveMQ Kubernetes State Synchronization Extension:1.0.3
2025-01-28 23:57:02,867 INFO c.h.h.t.HelmChartContainer - [test-hivemq-legacy-platform] [hivemq] [8ba97e76] INFO  - Extension "HiveMQ Kubernetes State Synchronization Extension" version 1.0.3 stopped successfully.
2025-01-28 23:57:02,867 INFO c.h.h.t.HelmChartContainer - [test-hivemq-legacy-platform] [hivemq] [8ba97e76] INFO  - Stopping extension with id hivemq-enterprise-security-extension
2025-01-28 23:57:02,867 INFO c.h.h.t.HelmChartContainer - [test-hivemq-legacy-platform] [hivemq] [8ba97e76] INFO  - HiveMQ Enterprise Security Extension: Shutting down HiveMQ Enterprise Security Extension.
2025-01-28 23:57:05,869 INFO c.h.h.t.HelmChartContainer - [test-hivemq-legacy-platform] [hivemq] [8ba97e76] INFO  - HiveMQ Enterprise Security Extension: Stopped HiveMQ Enterprise Security Extension successfully in 3002ms.
2025-01-28 23:57:05,869 INFO c.h.h.t.HelmChartContainer - [test-hivemq-legacy-platform] [hivemq] [8ba97e76] INFO  - Extension "HiveMQ Enterprise Security Extension" version 4.36.0 stopped successfully.
2025-01-28 23:57:05,874 INFO c.h.h.t.HelmChartContainer - [test-hivemq-legacy-platform] [hivemq] [877830f0] INFO  - Cluster nodes found by discovery: [P4tTE|2] (1) [P4tTE].
2025-01-28 23:57:05,880 INFO c.h.h.t.HelmChartContainer - [test-hivemq-legacy-platform] [hivemq] [877830f0] INFO  - Cluster size = 1, members : [P4tTE].
2025-01-28 23:57:08,877 INFO c.h.h.t.HelmChartContainer - [test-hivemq-legacy-platform] [hivemq] [8ba97e76] INFO  - Shutdown completed.
2025-01-28 23:57:09,446 INFO c.h.h.t.HelmChartContainer - [POD] test-hivemq-legacy-platform-0 [8ba97e76-8fe2-40db-9fcd-4895ea267d00] in helmlegacystatefulsetmigrationit-operator was MODIFIED
2025-01-28 23:57:09,452 INFO c.h.h.t.HelmChartContainer - [hivemq-test-hivemq-platform] [hivemq-platform-operator] [7b61d8db] 23:57:09.448 [pool-6-thread-15] DEBUG c.h.p.o.d.PodServiceAccountResource - [helmlega] Desired PodServiceAccountResource (serviceAccountName: hivemq-platform-pod-test-hivemq-legacy-platform)
2025-01-28 23:57:09,453 INFO c.h.h.t.HelmChartContainer - [hivemq-test-hivemq-platform] [hivemq-platform-operator] [7b61d8db] 23:57:09.450 [pool-6-thread-20] DEBUG c.h.p.o.d.PlatformServiceResource - [helmlega] Desired Platform services (4 services)
2025-01-28 23:57:09,453 INFO c.h.h.t.HelmChartContainer - [hivemq-test-hivemq-platform] [hivemq-platform-operator] [7b61d8db] 23:57:09.451 [pool-6-thread-11] DEBUG c.h.p.o.dependants.PodInfoConfigMap - [helmlega] Desired PodInfo ConfigMap (2 extensions) (1 enabled)
2025-01-28 23:57:09,453 INFO c.h.h.t.HelmChartContainer - [hivemq-test-hivemq-platform] [hivemq-platform-operator] [7b61d8db] 23:57:09.451 [pool-6-thread-11] DEBUG c.h.p.o.dependants.PodInfoConfigMap - [helmlega] Desired PodInfo ConfigMap (metrics port: 9399) (metrics path: /)
2025-01-28 23:57:09,453 INFO c.h.h.t.HelmChartContainer - [hivemq-test-hivemq-platform] [hivemq-platform-operator] [7b61d8db] 23:57:09.451 [pool-6-thread-11] DEBUG c.h.p.o.dependants.PodInfoConfigMap - [helmlega] Desired PodInfo ConfigMap (extension state hash: -727970014)
2025-01-28 23:57:09,463 INFO c.h.h.t.HelmChartContainer - [hivemq-test-hivemq-platform] [hivemq-platform-operator] [7b61d8db] 23:57:09.461 [pool-6-thread-13] DEBUG c.h.p.o.d.StatefulSetResource - [helmlega] Desired StatefulSet (2 replicas) for status ROLLING_RESTART (RESTART_PODS_IN_PROGRESS)
2025-01-28 23:57:09,470 INFO c.h.h.t.HelmChartContainer - [hivemq-test-hivemq-platform] [hivemq-platform-operator] [7b61d8db] 23:57:09.466 [ReconcilerExecutor-hivemq-controller-127] INFO  c.h.p.o.HiveMQPlatformReconciler - [helmlega] Reconciling HiveMQ Platform 'test-hivemq-legacy-platform' in namespace 'helmlegacystatefulsetmigrationit-operator'
2025-01-28 23:57:09,470 INFO c.h.h.t.HelmChartContainer - [hivemq-test-hivemq-platform] [hivemq-platform-operator] [7b61d8db] 23:57:09.466 [ReconcilerExecutor-hivemq-controller-127] DEBUG c.h.p.o.HiveMQPlatformReconciler - [helmlega] Custom Resource Status ROLLING_RESTART - HiveMQ Platform is restarting Pods (rolling restart) (RESTART_PODS_IN_PROGRESS)
2025-01-28 23:57:09,470 INFO c.h.h.t.HelmChartContainer - [hivemq-test-hivemq-platform] [hivemq-platform-operator] [7b61d8db] 23:57:09.466 [ReconcilerExecutor-hivemq-controller-127] DEBUG c.h.p.o.HiveMQPlatformReconciler - [helmlega] Custom Resource Spec (replicas: 1) (extensions: 2)
2025-01-28 23:57:09,470 INFO c.h.h.t.HelmChartContainer - [hivemq-test-hivemq-platform] [hivemq-platform-operator] [7b61d8db] 23:57:09.468 [ReconcilerExecutor-hivemq-controller-127] DEBUG c.h.p.o.HiveMQPlatformReconciler - [helmlega] StatefulSet Status (revision: test-hivemq-legacy-platform-65df8dcb7f, replicas: 2, available: 2, ready: 2, current: 1, updated: 1)
2025-01-28 23:57:09,470 INFO c.h.h.t.HelmChartContainer - [hivemq-test-hivemq-platform] [hivemq-platform-operator] [7b61d8db] 23:57:09.468 [ReconcilerExecutor-hivemq-controller-127] DEBUG c.h.p.o.HiveMQPlatformReconciler - [helmlega] StatefulSet Spec (replicas: 2, init containers: 1, containers: 1, volumes: 6)
2025-01-28 23:57:09,508 INFO c.h.h.t.HelmChartContainer - [K3S] [reconciler_common.go:162] "operationExecutor.UnmountVolume started for volume \"conf-override\" (UniqueName: \"kubernetes.io/empty-dir/8ba97e76-8fe2-40db-9fcd-4895ea267d00-conf-override\") pod \"8ba97e76-8fe2-40db-9fcd-4895ea267d00\" (UID: \"8ba97e76-8fe2-40db-9fcd-4895ea267d00\") "
2025-01-28 23:57:09,509 INFO c.h.h.t.HelmChartContainer - [K3S] [reconciler_common.go:162] "operationExecutor.UnmountVolume started for volume \"backup\" (UniqueName: \"kubernetes.io/empty-dir/8ba97e76-8fe2-40db-9fcd-4895ea267d00-backup\") pod \"8ba97e76-8fe2-40db-9fcd-4895ea267d00\" (UID: \"8ba97e76-8fe2-40db-9fcd-4895ea267d00\") "
2025-01-28 23:57:09,509 INFO c.h.h.t.HelmChartContainer - [K3S] [reconciler_common.go:162] "operationExecutor.UnmountVolume started for volume \"data\" (UniqueName: \"kubernetes.io/local-volume/pvc-27ec445c-1fb4-4e08-9f63-a798055ff01b\") pod \"8ba97e76-8fe2-40db-9fcd-4895ea267d00\" (UID: \"8ba97e76-8fe2-40db-9fcd-4895ea267d00\") "
2025-01-28 23:57:09,510 INFO c.h.h.t.HelmChartContainer - [K3S] [reconciler_common.go:162] "operationExecutor.UnmountVolume started for volume \"live-info\" (UniqueName: \"kubernetes.io/configmap/8ba97e76-8fe2-40db-9fcd-4895ea267d00-live-info\") pod \"8ba97e76-8fe2-40db-9fcd-4895ea267d00\" (UID: \"8ba97e76-8fe2-40db-9fcd-4895ea267d00\") "
2025-01-28 23:57:09,510 INFO c.h.h.t.HelmChartContainer - [K3S] [reconciler_common.go:162] "operationExecutor.UnmountVolume started for volume \"log\" (UniqueName: \"kubernetes.io/empty-dir/8ba97e76-8fe2-40db-9fcd-4895ea267d00-log\") pod \"8ba97e76-8fe2-40db-9fcd-4895ea267d00\" (UID: \"8ba97e76-8fe2-40db-9fcd-4895ea267d00\") "
2025-01-28 23:57:09,510 INFO c.h.h.t.HelmChartContainer - [K3S] [reconciler_common.go:162] "operationExecutor.UnmountVolume started for volume \"ese-configuration\" (UniqueName: \"kubernetes.io/configmap/8ba97e76-8fe2-40db-9fcd-4895ea267d00-ese-configuration\") pod \"8ba97e76-8fe2-40db-9fcd-4895ea267d00\" (UID: \"8ba97e76-8fe2-40db-9fcd-4895ea267d00\") "
2025-01-28 23:57:09,510 INFO c.h.h.t.HelmChartContainer - [K3S] [reconciler_common.go:162] "operationExecutor.UnmountVolume started for volume \"dns-wait-config\" (UniqueName: \"kubernetes.io/configmap/8ba97e76-8fe2-40db-9fcd-4895ea267d00-dns-wait-config\") pod \"8ba97e76-8fe2-40db-9fcd-4895ea267d00\" (UID: \"8ba97e76-8fe2-40db-9fcd-4895ea267d00\") "
2025-01-28 23:57:09,510 INFO c.h.h.t.HelmChartContainer - [K3S] [reconciler_common.go:162] "operationExecutor.UnmountVolume started for volume \"heap-dumps\" (UniqueName: \"kubernetes.io/empty-dir/8ba97e76-8fe2-40db-9fcd-4895ea267d00-heap-dumps\") pod \"8ba97e76-8fe2-40db-9fcd-4895ea267d00\" (UID: \"8ba97e76-8fe2-40db-9fcd-4895ea267d00\") "
2025-01-28 23:57:09,510 INFO c.h.h.t.HelmChartContainer - [K3S] [reconciler_common.go:162] "operationExecutor.UnmountVolume started for volume \"ese-file-realm\" (UniqueName: \"kubernetes.io/configmap/8ba97e76-8fe2-40db-9fcd-4895ea267d00-ese-file-realm\") pod \"8ba97e76-8fe2-40db-9fcd-4895ea267d00\" (UID: \"8ba97e76-8fe2-40db-9fcd-4895ea267d00\") "
2025-01-28 23:57:09,510 INFO c.h.h.t.HelmChartContainer - [K3S] [reconciler_common.go:162] "operationExecutor.UnmountVolume started for volume \"audit\" (UniqueName: \"kubernetes.io/empty-dir/8ba97e76-8fe2-40db-9fcd-4895ea267d00-audit\") pod \"8ba97e76-8fe2-40db-9fcd-4895ea267d00\" (UID: \"8ba97e76-8fe2-40db-9fcd-4895ea267d00\") "
2025-01-28 23:57:09,510 INFO c.h.h.t.HelmChartContainer - [K3S] [reconciler_common.go:162] "operationExecutor.UnmountVolume started for volume \"shared-data\" (UniqueName: \"kubernetes.io/empty-dir/8ba97e76-8fe2-40db-9fcd-4895ea267d00-shared-data\") pod \"8ba97e76-8fe2-40db-9fcd-4895ea267d00\" (UID: \"8ba97e76-8fe2-40db-9fcd-4895ea267d00\") "
2025-01-28 23:57:09,510 INFO c.h.h.t.HelmChartContainer - [K3S] [reconciler_common.go:162] "operationExecutor.UnmountVolume started for volume \"kube-api-access-g2gj6\" (UniqueName: \"kubernetes.io/projected/8ba97e76-8fe2-40db-9fcd-4895ea267d00-kube-api-access-g2gj6\") pod \"8ba97e76-8fe2-40db-9fcd-4895ea267d00\" (UID: \"8ba97e76-8fe2-40db-9fcd-4895ea267d00\") "
2025-01-28 23:57:09,524 INFO c.h.h.t.HelmChartContainer - [hivemq-test-hivemq-platform] [hivemq-platform-operator] [7b61d8db] 23:57:09.522 [ReconcilerExecutor-hivemq-controller-127] DEBUG c.h.p.o.h.HiveMQPlatformReconcilerErrorHandler - [helmlega] Pod 'test-hivemq-legacy-platform-1' phase Running
2025-01-28 23:57:09,527 INFO c.h.h.t.HelmChartContainer - [hivemq-test-hivemq-platform] [hivemq-platform-operator] [7b61d8db] 23:57:09.525 [ReconcilerExecutor-hivemq-controller-127] DEBUG c.h.p.o.h.HiveMQPlatformReconcilerErrorHandler - [helmlega] Pod 'test-hivemq-legacy-platform-0' phase Failed
2025-01-28 23:57:09,527 INFO c.h.h.t.HelmChartContainer - [hivemq-test-hivemq-platform] [hivemq-platform-operator] [7b61d8db] 23:57:09.525 [ReconcilerExecutor-hivemq-controller-127] DEBUG c.h.p.o.h.HiveMQPlatformReconcilerErrorHandler - [helmlega] Pod 'test-hivemq-legacy-platform-0' condition 'PodReadyToStartContainers': False
2025-01-28 23:57:09,527 INFO c.h.h.t.HelmChartContainer - [hivemq-test-hivemq-platform] [hivemq-platform-operator] [7b61d8db] 23:57:09.525 [ReconcilerExecutor-hivemq-controller-127] DEBUG c.h.p.o.h.HiveMQPlatformReconcilerErrorHandler - [helmlega] Pod 'test-hivemq-legacy-platform-0' condition 'Initialized': True
2025-01-28 23:57:09,527 INFO c.h.h.t.HelmChartContainer - [hivemq-test-hivemq-platform] [hivemq-platform-operator] [7b61d8db] 23:57:09.525 [ReconcilerExecutor-hivemq-controller-127] DEBUG c.h.p.o.h.HiveMQPlatformReconcilerErrorHandler - [helmlega] Pod 'test-hivemq-legacy-platform-0' condition 'Ready': False
2025-01-28 23:57:09,527 INFO c.h.h.t.HelmChartContainer - [hivemq-test-hivemq-platform] [hivemq-platform-operator] [7b61d8db] 23:57:09.525 [ReconcilerExecutor-hivemq-controller-127] DEBUG c.h.p.o.h.HiveMQPlatformReconcilerErrorHandler - [helmlega] Pod 'test-hivemq-legacy-platform-0' condition 'ContainersReady': False
2025-01-28 23:57:09,527 INFO c.h.h.t.HelmChartContainer - [hivemq-test-hivemq-platform] [hivemq-platform-operator] [7b61d8db] 23:57:09.525 [ReconcilerExecutor-hivemq-controller-127] DEBUG c.h.p.o.h.HiveMQPlatformReconcilerErrorHandler - [helmlega] Pod 'test-hivemq-legacy-platform-0' condition 'PodScheduled': True
2025-01-28 23:57:09,527 INFO c.h.h.t.HelmChartContainer - [hivemq-test-hivemq-platform] [hivemq-platform-operator] [7b61d8db] 23:57:09.525 [ReconcilerExecutor-hivemq-controller-127] DEBUG c.h.p.o.h.HiveMQPlatformReconcilerErrorHandler - [helmlega] Pod 'test-hivemq-legacy-platform-0' containerStatus 'hivemq' (started: false) (ready: false) (waiting: [Unknown] no message)
2025-01-28 23:57:09,532 INFO c.h.h.t.HelmChartContainer - [hivemq-test-hivemq-platform] [hivemq-platform-operator] [7b61d8db] 23:57:09.531 [ReconcilerExecutor-hivemq-controller-127] DEBUG c.h.p.o.h.HiveMQPlatformReconcilerRollingRestartHandler - [helmlega] Skipping Pod test-hivemq-legacy-platform-1 as it's already on the controller update revision (update revision: test-hivemq-legacy-platform-65df8dcb7f, pod revision: test-hivemq-legacy-platform-65df8dcb7f)
2025-01-28 23:57:09,542 INFO c.h.h.t.HelmChartContainer - [hivemq-test-hivemq-platform] [hivemq-platform-operator] [7b61d8db] 23:57:09.542 [ReconcilerExecutor-hivemq-controller-127] DEBUG c.h.p.o.h.HiveMQPlatformReconcilerRollingRestartHandler - [helmlega] The last Pod is running for 69 seconds, the next Pod can be restarted
2025-01-28 23:57:09,543 INFO c.h.h.t.HelmChartContainer - [hivemq-test-hivemq-platform] [hivemq-platform-operator] [7b61d8db] 23:57:09.542 [ReconcilerExecutor-hivemq-controller-127] INFO  c.h.p.o.h.HiveMQPlatformReconcilerRollingRestartHandler - [helmlega] Restarting Pod test-hivemq-legacy-platform-0 as it's not matching the controller update revision (update revision: test-hivemq-legacy-platform-65df8dcb7f, pod revision: test-hivemq-legacy-platform-84fd8d4856)
2025-01-28 23:57:09,608 INFO c.h.h.t.HelmChartContainer - [K3S] [reconciler_common.go:299] "Volume detached for volume \"conf-override\" (UniqueName: \"kubernetes.io/empty-dir/8ba97e76-8fe2-40db-9fcd-4895ea267d00-conf-override\") on node \"62a9fd0284dd\" DevicePath \"\""
2025-01-28 23:57:09,608 INFO c.h.h.t.HelmChartContainer - [K3S] [reconciler_common.go:299] "Volume detached for volume \"backup\" (UniqueName: \"kubernetes.io/empty-dir/8ba97e76-8fe2-40db-9fcd-4895ea267d00-backup\") on node \"62a9fd0284dd\" DevicePath \"\""
2025-01-28 23:57:09,608 INFO c.h.h.t.HelmChartContainer - [K3S] [reconciler_common.go:292] "operationExecutor.UnmountDevice started for volume \"pvc-27ec445c-1fb4-4e08-9f63-a798055ff01b\" (UniqueName: \"kubernetes.io/local-volume/pvc-27ec445c-1fb4-4e08-9f63-a798055ff01b\") on node \"62a9fd0284dd\" "
2025-01-28 23:57:09,608 INFO c.h.h.t.HelmChartContainer - [K3S] [reconciler_common.go:299] "Volume detached for volume \"live-info\" (UniqueName: \"kubernetes.io/configmap/8ba97e76-8fe2-40db-9fcd-4895ea267d00-live-info\") on node \"62a9fd0284dd\" DevicePath \"\""
2025-01-28 23:57:09,608 INFO c.h.h.t.HelmChartContainer - [K3S] [reconciler_common.go:299] "Volume detached for volume \"log\" (UniqueName: \"kubernetes.io/empty-dir/8ba97e76-8fe2-40db-9fcd-4895ea267d00-log\") on node \"62a9fd0284dd\" DevicePath \"\""
2025-01-28 23:57:09,608 INFO c.h.h.t.HelmChartContainer - [K3S] [reconciler_common.go:299] "Volume detached for volume \"ese-configuration\" (UniqueName: \"kubernetes.io/configmap/8ba97e76-8fe2-40db-9fcd-4895ea267d00-ese-configuration\") on node \"62a9fd0284dd\" DevicePath \"\""
2025-01-28 23:57:09,608 INFO c.h.h.t.HelmChartContainer - [K3S] [reconciler_common.go:299] "Volume detached for volume \"dns-wait-config\" (UniqueName: \"kubernetes.io/configmap/8ba97e76-8fe2-40db-9fcd-4895ea267d00-dns-wait-config\") on node \"62a9fd0284dd\" DevicePath \"\""
2025-01-28 23:57:09,608 INFO c.h.h.t.HelmChartContainer - [K3S] [reconciler_common.go:299] "Volume detached for volume \"heap-dumps\" (UniqueName: \"kubernetes.io/empty-dir/8ba97e76-8fe2-40db-9fcd-4895ea267d00-heap-dumps\") on node \"62a9fd0284dd\" DevicePath \"\""
2025-01-28 23:57:09,608 INFO c.h.h.t.HelmChartContainer - [K3S] [reconciler_common.go:299] "Volume detached for volume \"ese-file-realm\" (UniqueName: \"kubernetes.io/configmap/8ba97e76-8fe2-40db-9fcd-4895ea267d00-ese-file-realm\") on node \"62a9fd0284dd\" DevicePath \"\""
2025-01-28 23:57:09,608 INFO c.h.h.t.HelmChartContainer - [K3S] [reconciler_common.go:299] "Volume detached for volume \"audit\" (UniqueName: \"kubernetes.io/empty-dir/8ba97e76-8fe2-40db-9fcd-4895ea267d00-audit\") on node \"62a9fd0284dd\" DevicePath \"\""
2025-01-28 23:57:09,608 INFO c.h.h.t.HelmChartContainer - [K3S] [reconciler_common.go:299] "Volume detached for volume \"shared-data\" (UniqueName: \"kubernetes.io/empty-dir/8ba97e76-8fe2-40db-9fcd-4895ea267d00-shared-data\") on node \"62a9fd0284dd\" DevicePath \"\""
2025-01-28 23:57:09,608 INFO c.h.h.t.HelmChartContainer - [K3S] [reconciler_common.go:299] "Volume detached for volume \"kube-api-access-g2gj6\" (UniqueName: \"kubernetes.io/projected/8ba97e76-8fe2-40db-9fcd-4895ea267d00-kube-api-access-g2gj6\") on node \"62a9fd0284dd\" DevicePath \"\""
2025-01-28 23:57:09,629 INFO c.h.h.t.HelmChartContainer - [hivemq-test-hivemq-platform] [hivemq-platform-operator] [7b61d8db] 23:57:09.626 [pool-6-thread-29] DEBUG c.h.p.o.d.PlatformServiceResource - [helmlega] Desired Platform services (4 services)
2025-01-28 23:57:09,632 INFO c.h.h.t.HelmChartContainer - [hivemq-test-hivemq-platform] [hivemq-platform-operator] [7b61d8db] 23:57:09.627 [pool-6-thread-28] DEBUG c.h.p.o.dependants.PodInfoConfigMap - [helmlega] Desired PodInfo ConfigMap (2 extensions) (1 enabled)
2025-01-28 23:57:09,633 INFO c.h.h.t.HelmChartContainer - [hivemq-test-hivemq-platform] [hivemq-platform-operator] [7b61d8db] 23:57:09.627 [pool-6-thread-28] DEBUG c.h.p.o.dependants.PodInfoConfigMap - [helmlega] Desired PodInfo ConfigMap (metrics port: 9399) (metrics path: /)
2025-01-28 23:57:09,633 INFO c.h.h.t.HelmChartContainer - [hivemq-test-hivemq-platform] [hivemq-platform-operator] [7b61d8db] 23:57:09.627 [pool-6-thread-28] DEBUG c.h.p.o.dependants.PodInfoConfigMap - [helmlega] Desired PodInfo ConfigMap (extension state hash: -727970014)
2025-01-28 23:57:09,633 INFO c.h.h.t.HelmChartContainer - [hivemq-test-hivemq-platform] [hivemq-platform-operator] [7b61d8db] 23:57:09.628 [pool-6-thread-28] DEBUG c.h.p.o.d.PodServiceAccountResource - [helmlega] Desired PodServiceAccountResource (serviceAccountName: hivemq-platform-pod-test-hivemq-legacy-platform)
2025-01-28 23:57:09,634 INFO c.h.h.t.HelmChartContainer - [hivemq-test-hivemq-platform] [hivemq-platform-operator] [7b61d8db] 23:57:09.633 [pool-6-thread-27] DEBUG c.h.p.o.d.StatefulSetResource - [helmlega] Desired StatefulSet (2 replicas) for status ROLLING_RESTART (RESTART_PODS_IN_PROGRESS)
2025-01-28 23:57:09,638 INFO c.h.h.t.HelmChartContainer - [hivemq-test-hivemq-platform] [hivemq-platform-operator] [7b61d8db] 23:57:09.636 [ReconcilerExecutor-hivemq-controller-128] INFO  c.h.p.o.HiveMQPlatformReconciler - [helmlega] Reconciling HiveMQ Platform 'test-hivemq-legacy-platform' in namespace 'helmlegacystatefulsetmigrationit-operator'
2025-01-28 23:57:09,638 INFO c.h.h.t.HelmChartContainer - [hivemq-test-hivemq-platform] [hivemq-platform-operator] [7b61d8db] 23:57:09.636 [ReconcilerExecutor-hivemq-controller-128] DEBUG c.h.p.o.HiveMQPlatformReconciler - [helmlega] Custom Resource Status ROLLING_RESTART - HiveMQ Platform is restarting Pods (rolling restart) (RESTART_PODS_IN_PROGRESS)
2025-01-28 23:57:09,638 INFO c.h.h.t.HelmChartContainer - [hivemq-test-hivemq-platform] [hivemq-platform-operator] [7b61d8db] 23:57:09.637 [ReconcilerExecutor-hivemq-controller-128] DEBUG c.h.p.o.HiveMQPlatformReconciler - [helmlega] Custom Resource Spec (replicas: 1) (extensions: 2)
2025-01-28 23:57:09,708 INFO c.h.h.t.HelmChartContainer - [K3S] [reconciler_common.go:299] "Volume detached for volume \"pvc-27ec445c-1fb4-4e08-9f63-a798055ff01b\" (UniqueName: \"kubernetes.io/local-volume/pvc-27ec445c-1fb4-4e08-9f63-a798055ff01b\") on node \"62a9fd0284dd\" DevicePath \"\""
2025-01-28 23:57:09,723 INFO c.h.h.t.HelmChartContainer - [hivemq-test-hivemq-platform] [hivemq-platform-operator] [7b61d8db] 23:57:09.722 [ReconcilerExecutor-hivemq-controller-128] DEBUG c.h.p.o.HiveMQPlatformReconciler - [helmlega] StatefulSet Status (revision: test-hivemq-legacy-platform-65df8dcb7f, replicas: 2, available: 1, ready: 1, current: 1, updated: 1)
2025-01-28 23:57:09,723 INFO c.h.h.t.HelmChartContainer - [hivemq-test-hivemq-platform] [hivemq-platform-operator] [7b61d8db] 23:57:09.722 [ReconcilerExecutor-hivemq-controller-128] DEBUG c.h.p.o.HiveMQPlatformReconciler - [helmlega] StatefulSet Spec (replicas: 2, init containers: 1, containers: 1, volumes: 6)
2025-01-28 23:57:09,724 INFO c.h.h.t.HelmChartContainer - [hivemq-test-hivemq-platform] [hivemq-platform-operator] [7b61d8db] 23:57:09.723 [ReconcilerExecutor-hivemq-controller-128] DEBUG c.h.p.o.h.HiveMQPlatformReconcilerErrorHandler - [helmlega] Pod 'test-hivemq-legacy-platform-1' phase Running
2025-01-28 23:57:09,726 INFO c.h.h.t.HelmChartContainer - [hivemq-test-hivemq-platform] [hivemq-platform-operator] [7b61d8db] 23:57:09.725 [ReconcilerExecutor-hivemq-controller-128] DEBUG c.h.p.o.h.HiveMQPlatformReconcilerErrorHandler - [helmlega] Pod 'test-hivemq-legacy-platform-0' phase Failed
2025-01-28 23:57:09,727 INFO c.h.h.t.HelmChartContainer - [hivemq-test-hivemq-platform] [hivemq-platform-operator] [7b61d8db] 23:57:09.725 [ReconcilerExecutor-hivemq-controller-128] DEBUG c.h.p.o.h.HiveMQPlatformReconcilerErrorHandler - [helmlega] Pod 'test-hivemq-legacy-platform-0' condition 'PodReadyToStartContainers': False
2025-01-28 23:57:09,727 INFO c.h.h.t.HelmChartContainer - [hivemq-test-hivemq-platform] [hivemq-platform-operator] [7b61d8db] 23:57:09.725 [ReconcilerExecutor-hivemq-controller-128] DEBUG c.h.p.o.h.HiveMQPlatformReconcilerErrorHandler - [helmlega] Pod 'test-hivemq-legacy-platform-0' condition 'Initialized': True
2025-01-28 23:57:09,727 INFO c.h.h.t.HelmChartContainer - [hivemq-test-hivemq-platform] [hivemq-platform-operator] [7b61d8db] 23:57:09.725 [ReconcilerExecutor-hivemq-controller-128] DEBUG c.h.p.o.h.HiveMQPlatformReconcilerErrorHandler - [helmlega] Pod 'test-hivemq-legacy-platform-0' condition 'Ready': False
2025-01-28 23:57:09,728 INFO c.h.h.t.HelmChartContainer - [hivemq-test-hivemq-platform] [hivemq-platform-operator] [7b61d8db] 23:57:09.725 [ReconcilerExecutor-hivemq-controller-128] DEBUG c.h.p.o.h.HiveMQPlatformReconcilerErrorHandler - [helmlega] Pod 'test-hivemq-legacy-platform-0' condition 'ContainersReady': False
2025-01-28 23:57:09,728 INFO c.h.h.t.HelmChartContainer - [hivemq-test-hivemq-platform] [hivemq-platform-operator] [7b61d8db] 23:57:09.725 [ReconcilerExecutor-hivemq-controller-128] DEBUG c.h.p.o.h.HiveMQPlatformReconcilerErrorHandler - [helmlega] Pod 'test-hivemq-legacy-platform-0' condition 'PodScheduled': True
2025-01-28 23:57:09,728 INFO c.h.h.t.HelmChartContainer - [hivemq-test-hivemq-platform] [hivemq-platform-operator] [7b61d8db] 23:57:09.725 [ReconcilerExecutor-hivemq-controller-128] DEBUG c.h.p.o.h.HiveMQPlatformReconcilerErrorHandler - [helmlega] Pod 'test-hivemq-legacy-platform-0' containerStatus 'hivemq' (started: false) (ready: false) (waiting: [Unknown] no message)
2025-01-28 23:57:09,728 INFO c.h.h.t.HelmChartContainer - [hivemq-test-hivemq-platform] [hivemq-platform-operator] [7b61d8db] 23:57:09.726 [ReconcilerExecutor-hivemq-controller-128] DEBUG c.h.p.o.h.HiveMQPlatformReconcilerRollingRestartHandler - [helmlega] Rolling restart is waiting for 1 of 2 replicas
2025-01-28 23:57:09,767 INFO c.h.h.t.HelmChartContainer - [K3S] [scope.go:117] "RemoveContainer" containerID="e54a7a8e80ecdbb50e15129910a9ee5783c2a99bc1b8034610877ee1fb2f294f"
2025-01-28 23:57:09,772 INFO c.h.h.t.HelmChartContainer - [K3S] [scope.go:117] "RemoveContainer" containerID="2c772ae9fe1a1a68c15816e2813f0eca6c2a15a28961325cfe0ca311c151ec12"
2025-01-28 23:57:09,774 INFO c.h.h.t.HelmChartContainer - [K3S] [scope.go:117] "RemoveContainer" containerID="40d3d13092e06bc69aeb17b33fd1722c572f6cbe801b27d10c5d7db9c8af4737"
2025-01-28 23:57:09,778 INFO c.h.h.t.HelmChartContainer - [K3S] [scope.go:117] "RemoveContainer" containerID="e54a7a8e80ecdbb50e15129910a9ee5783c2a99bc1b8034610877ee1fb2f294f"
2025-01-28 23:57:09,778 INFO c.h.h.t.HelmChartContainer - [K3S] [scope.go:117] "RemoveContainer" containerID="2c772ae9fe1a1a68c15816e2813f0eca6c2a15a28961325cfe0ca311c151ec12"
2025-01-28 23:57:09,779 INFO c.h.h.t.HelmChartContainer - [K3S] [scope.go:117] "RemoveContainer" containerID="40d3d13092e06bc69aeb17b33fd1722c572f6cbe801b27d10c5d7db9c8af4737"
2025-01-28 23:57:09,791 INFO c.h.h.t.HelmChartContainer - [POD] test-hivemq-legacy-platform-0 [8ba97e76-8fe2-40db-9fcd-4895ea267d00] in helmlegacystatefulsetmigrationit-operator was MODIFIED
2025-01-28 23:57:09,792 INFO c.h.h.t.HelmChartContainer - [POD] test-hivemq-legacy-platform-0 [8ba97e76-8fe2-40db-9fcd-4895ea267d00] in helmlegacystatefulsetmigrationit-operator was DELETED
2025-01-28 23:57:09,797 INFO c.h.h.t.HelmChartContainer - [POD] test-hivemq-legacy-platform-0 [3fa96912-f957-4c20-90ed-602d363258bd] in helmlegacystatefulsetmigrationit-operator was ADDED
2025-01-28 23:57:09,800 INFO c.h.h.t.HelmChartContainer - [EVENT] Normal [SuccessfulCreate] create Pod test-hivemq-legacy-platform-0 in StatefulSet test-hivemq-legacy-platform successful [helmlegacystatefulsetmigrationit-operator:test-hivemq-legacy-platform]
2025-01-28 23:57:09,803 INFO c.h.h.t.HelmChartContainer - [POD] test-hivemq-legacy-platform-0 [3fa96912-f957-4c20-90ed-602d363258bd] in helmlegacystatefulsetmigrationit-operator was MODIFIED
2025-01-28 23:57:09,806 INFO c.h.h.t.HelmChartContainer - [K3S] [memory_manager.go:355] "RemoveStaleState removing state" podUID="8ba97e76-8fe2-40db-9fcd-4895ea267d00" containerName="hivemq"
2025-01-28 23:57:09,806 INFO c.h.h.t.HelmChartContainer - [EVENT] Normal [Scheduled] Successfully assigned helmlegacystatefulsetmigrationit-operator/test-hivemq-legacy-platform-0 to 62a9fd0284dd [helmlegacystatefulsetmigrationit-operator:test-hivemq-legacy-platform-0]
2025-01-28 23:57:09,817 INFO c.h.h.t.HelmChartContainer - [POD] test-hivemq-legacy-platform-0 [3fa96912-f957-4c20-90ed-602d363258bd] in helmlegacystatefulsetmigrationit-operator was MODIFIED
2025-01-28 23:57:09,829 INFO c.h.h.t.HelmChartContainer - [hivemq-test-hivemq-platform] [hivemq-platform-operator] [7b61d8db] 23:57:09.828 [pool-6-thread-35] DEBUG c.h.p.o.d.PlatformServiceResource - [helmlega] Desired Platform services (4 services)
2025-01-28 23:57:09,835 INFO c.h.h.t.HelmChartContainer - [hivemq-test-hivemq-platform] [hivemq-platform-operator] [7b61d8db] 23:57:09.834 [pool-6-thread-31] DEBUG c.h.p.o.d.PodServiceAccountResource - [helmlega] Desired PodServiceAccountResource (serviceAccountName: hivemq-platform-pod-test-hivemq-legacy-platform)
2025-01-28 23:57:09,835 INFO c.h.h.t.HelmChartContainer - [hivemq-test-hivemq-platform] [hivemq-platform-operator] [7b61d8db] 23:57:09.829 [pool-6-thread-37] DEBUG c.h.p.o.dependants.PodInfoConfigMap - [helmlega] Desired PodInfo ConfigMap (2 extensions) (1 enabled)
2025-01-28 23:57:09,835 INFO c.h.h.t.HelmChartContainer - [hivemq-test-hivemq-platform] [hivemq-platform-operator] [7b61d8db] 23:57:09.834 [pool-6-thread-37] DEBUG c.h.p.o.dependants.PodInfoConfigMap - [helmlega] Desired PodInfo ConfigMap (metrics port: 9399) (metrics path: /)
2025-01-28 23:57:09,837 INFO c.h.h.t.HelmChartContainer - [hivemq-test-hivemq-platform] [hivemq-platform-operator] [7b61d8db] 23:57:09.834 [pool-6-thread-37] DEBUG c.h.p.o.dependants.PodInfoConfigMap - [helmlega] Desired PodInfo ConfigMap (extension state hash: -727970014)
2025-01-28 23:57:09,866 INFO c.h.h.t.HelmChartContainer - [hivemq-test-hivemq-platform] [hivemq-platform-operator] [7b61d8db] 23:57:09.865 [pool-6-thread-35] DEBUG c.h.p.o.d.StatefulSetResource - [helmlega] Desired StatefulSet (2 replicas) for status ROLLING_RESTART (RESTART_PODS_IN_PROGRESS)
2025-01-28 23:57:09,910 INFO c.h.h.t.HelmChartContainer - [K3S] [reconciler_common.go:251] "operationExecutor.VerifyControllerAttachedVolume started for volume \"extension-configuration-hivemq-enterprise-security-extension\" (UniqueName: \"kubernetes.io/configmap/3fa96912-f957-4c20-90ed-602d363258bd-extension-configuration-hivemq-enterprise-security-extension\") pod \"test-hivemq-legacy-platform-0\" (UID: \"3fa96912-f957-4c20-90ed-602d363258bd\") " pod="helmlegacystatefulsetmigrationit-operator/test-hivemq-legacy-platform-0"
2025-01-28 23:57:09,910 INFO c.h.h.t.HelmChartContainer - [K3S] [reconciler_common.go:251] "operationExecutor.VerifyControllerAttachedVolume started for volume \"pvc-27ec445c-1fb4-4e08-9f63-a798055ff01b\" (UniqueName: \"kubernetes.io/local-volume/pvc-27ec445c-1fb4-4e08-9f63-a798055ff01b\") pod \"test-hivemq-legacy-platform-0\" (UID: \"3fa96912-f957-4c20-90ed-602d363258bd\") " pod="helmlegacystatefulsetmigrationit-operator/test-hivemq-legacy-platform-0"
2025-01-28 23:57:09,910 INFO c.h.h.t.HelmChartContainer - [K3S] [reconciler_common.go:251] "operationExecutor.VerifyControllerAttachedVolume started for volume \"kube-api-access-znk55\" (UniqueName: \"kubernetes.io/projected/3fa96912-f957-4c20-90ed-602d363258bd-kube-api-access-znk55\") pod \"test-hivemq-legacy-platform-0\" (UID: \"3fa96912-f957-4c20-90ed-602d363258bd\") " pod="helmlegacystatefulsetmigrationit-operator/test-hivemq-legacy-platform-0"
2025-01-28 23:57:09,910 INFO c.h.h.t.HelmChartContainer - [K3S] [reconciler_common.go:251] "operationExecutor.VerifyControllerAttachedVolume started for volume \"pod-info\" (UniqueName: \"kubernetes.io/configmap/3fa96912-f957-4c20-90ed-602d363258bd-pod-info\") pod \"test-hivemq-legacy-platform-0\" (UID: \"3fa96912-f957-4c20-90ed-602d363258bd\") " pod="helmlegacystatefulsetmigrationit-operator/test-hivemq-legacy-platform-0"
2025-01-28 23:57:09,910 INFO c.h.h.t.HelmChartContainer - [K3S] [reconciler_common.go:251] "operationExecutor.VerifyControllerAttachedVolume started for volume \"operator-init\" (UniqueName: \"kubernetes.io/empty-dir/3fa96912-f957-4c20-90ed-602d363258bd-operator-init\") pod \"test-hivemq-legacy-platform-0\" (UID: \"3fa96912-f957-4c20-90ed-602d363258bd\") " pod="helmlegacystatefulsetmigrationit-operator/test-hivemq-legacy-platform-0"
2025-01-28 23:57:09,910 INFO c.h.h.t.HelmChartContainer - [K3S] [reconciler_common.go:251] "operationExecutor.VerifyControllerAttachedVolume started for volume \"ese-file-realm\" (UniqueName: \"kubernetes.io/configmap/3fa96912-f957-4c20-90ed-602d363258bd-ese-file-realm\") pod \"test-hivemq-legacy-platform-0\" (UID: \"3fa96912-f957-4c20-90ed-602d363258bd\") " pod="helmlegacystatefulsetmigrationit-operator/test-hivemq-legacy-platform-0"
2025-01-28 23:57:09,910 INFO c.h.h.t.HelmChartContainer - [K3S] [reconciler_common.go:251] "operationExecutor.VerifyControllerAttachedVolume started for volume \"broker-configuration\" (UniqueName: \"kubernetes.io/configmap/3fa96912-f957-4c20-90ed-602d363258bd-broker-configuration\") pod \"test-hivemq-legacy-platform-0\" (UID: \"3fa96912-f957-4c20-90ed-602d363258bd\") " pod="helmlegacystatefulsetmigrationit-operator/test-hivemq-legacy-platform-0"
2025-01-28 23:57:09,927 INFO c.h.h.t.HelmChartContainer - [hivemq-test-hivemq-platform] [hivemq-platform-operator] [7b61d8db] 23:57:09.925 [ReconcilerExecutor-hivemq-controller-130] INFO  c.h.p.o.HiveMQPlatformReconciler - [helmlega] Reconciling HiveMQ Platform 'test-hivemq-legacy-platform' in namespace 'helmlegacystatefulsetmigrationit-operator'
2025-01-28 23:57:09,927 INFO c.h.h.t.HelmChartContainer - [hivemq-test-hivemq-platform] [hivemq-platform-operator] [7b61d8db] 23:57:09.925 [ReconcilerExecutor-hivemq-controller-130] DEBUG c.h.p.o.HiveMQPlatformReconciler - [helmlega] Custom Resource Status ROLLING_RESTART - HiveMQ Platform is restarting Pods (rolling restart) (RESTART_PODS_IN_PROGRESS)
2025-01-28 23:57:09,927 INFO c.h.h.t.HelmChartContainer - [hivemq-test-hivemq-platform] [hivemq-platform-operator] [7b61d8db] 23:57:09.925 [ReconcilerExecutor-hivemq-controller-130] DEBUG c.h.p.o.HiveMQPlatformReconciler - [helmlega] Custom Resource Spec (replicas: 1) (extensions: 2)
2025-01-28 23:57:09,928 INFO c.h.h.t.HelmChartContainer - [hivemq-test-hivemq-platform] [hivemq-platform-operator] [7b61d8db] 23:57:09.927 [ReconcilerExecutor-hivemq-controller-130] DEBUG c.h.p.o.HiveMQPlatformReconciler - [helmlega] StatefulSet Status (revision: test-hivemq-legacy-platform-65df8dcb7f, replicas: 2, available: 1, ready: 1, current: 2, updated: 2)
2025-01-28 23:57:09,928 INFO c.h.h.t.HelmChartContainer - [hivemq-test-hivemq-platform] [hivemq-platform-operator] [7b61d8db] 23:57:09.927 [ReconcilerExecutor-hivemq-controller-130] DEBUG c.h.p.o.HiveMQPlatformReconciler - [helmlega] StatefulSet Spec (replicas: 2, init containers: 1, containers: 1, volumes: 6)
2025-01-28 23:57:09,930 INFO c.h.h.t.HelmChartContainer - [hivemq-test-hivemq-platform] [hivemq-platform-operator] [7b61d8db] 23:57:09.928 [ReconcilerExecutor-hivemq-controller-130] DEBUG c.h.p.o.h.HiveMQPlatformReconcilerErrorHandler - [helmlega] Pod 'test-hivemq-legacy-platform-1' phase Running
2025-01-28 23:57:09,930 INFO c.h.h.t.HelmChartContainer - [hivemq-test-hivemq-platform] [hivemq-platform-operator] [7b61d8db] 23:57:09.929 [ReconcilerExecutor-hivemq-controller-130] DEBUG c.h.p.o.h.HiveMQPlatformReconcilerErrorHandler - [helmlega] Pod 'test-hivemq-legacy-platform-0' phase Pending
2025-01-28 23:57:09,931 INFO c.h.h.t.HelmChartContainer - [hivemq-test-hivemq-platform] [hivemq-platform-operator] [7b61d8db] 23:57:09.930 [ReconcilerExecutor-hivemq-controller-130] DEBUG c.h.p.o.h.HiveMQPlatformReconcilerErrorHandler - [helmlega] Pod 'test-hivemq-legacy-platform-0' condition 'PodReadyToStartContainers': False
2025-01-28 23:57:09,932 INFO c.h.h.t.HelmChartContainer - [hivemq-test-hivemq-platform] [hivemq-platform-operator] [7b61d8db] 23:57:09.930 [ReconcilerExecutor-hivemq-controller-130] DEBUG c.h.p.o.h.HiveMQPlatformReconcilerErrorHandler - [helmlega] Pod 'test-hivemq-legacy-platform-0' condition 'Initialized': False
2025-01-28 23:57:09,932 INFO c.h.h.t.HelmChartContainer - [hivemq-test-hivemq-platform] [hivemq-platform-operator] [7b61d8db] 23:57:09.930 [ReconcilerExecutor-hivemq-controller-130] DEBUG c.h.p.o.h.HiveMQPlatformReconcilerErrorHandler - [helmlega] Pod 'test-hivemq-legacy-platform-0' condition 'Ready': False
2025-01-28 23:57:09,932 INFO c.h.h.t.HelmChartContainer - [hivemq-test-hivemq-platform] [hivemq-platform-operator] [7b61d8db] 23:57:09.930 [ReconcilerExecutor-hivemq-controller-130] DEBUG c.h.p.o.h.HiveMQPlatformReconcilerErrorHandler - [helmlega] Pod 'test-hivemq-legacy-platform-0' condition 'ContainersReady': False
2025-01-28 23:57:09,932 INFO c.h.h.t.HelmChartContainer - [hivemq-test-hivemq-platform] [hivemq-platform-operator] [7b61d8db] 23:57:09.930 [ReconcilerExecutor-hivemq-controller-130] DEBUG c.h.p.o.h.HiveMQPlatformReconcilerErrorHandler - [helmlega] Pod 'test-hivemq-legacy-platform-0' condition 'PodScheduled': True
2025-01-28 23:57:09,933 INFO c.h.h.t.HelmChartContainer - [hivemq-test-hivemq-platform] [hivemq-platform-operator] [7b61d8db] 23:57:09.930 [ReconcilerExecutor-hivemq-controller-130] DEBUG c.h.p.o.h.HiveMQPlatformReconcilerErrorHandler - [helmlega] Pod 'test-hivemq-legacy-platform-0' containerStatus 'hivemq' (started: false) (ready: false) (waiting: [PodInitializing] null)
2025-01-28 23:57:09,933 INFO c.h.h.t.HelmChartContainer - [hivemq-test-hivemq-platform] [hivemq-platform-operator] [7b61d8db] 23:57:09.930 [ReconcilerExecutor-hivemq-controller-130] DEBUG c.h.p.o.h.HiveMQPlatformReconcilerRollingRestartHandler - [helmlega] Rolling restart is waiting for 1 of 2 replicas
2025-01-28 23:57:09,934 INFO c.h.h.t.HelmChartContainer - [hivemq-test-hivemq-platform] [hivemq-platform-operator] [7b61d8db] 23:57:09.933 [pool-6-thread-47] DEBUG c.h.p.o.d.PlatformServiceResource - [helmlega] Desired Platform services (4 services)
2025-01-28 23:57:09,938 INFO c.h.h.t.HelmChartContainer - [hivemq-test-hivemq-platform] [hivemq-platform-operator] [7b61d8db] 23:57:09.936 [pool-6-thread-43] DEBUG c.h.p.o.dependants.PodInfoConfigMap - [helmlega] Desired PodInfo ConfigMap (2 extensions) (1 enabled)
2025-01-28 23:57:09,939 INFO c.h.h.t.HelmChartContainer - [hivemq-test-hivemq-platform] [hivemq-platform-operator] [7b61d8db] 23:57:09.937 [pool-6-thread-43] DEBUG c.h.p.o.dependants.PodInfoConfigMap - [helmlega] Desired PodInfo ConfigMap (metrics port: 9399) (metrics path: /)
2025-01-28 23:57:09,939 INFO c.h.h.t.HelmChartContainer - [hivemq-test-hivemq-platform] [hivemq-platform-operator] [7b61d8db] 23:57:09.937 [pool-6-thread-43] DEBUG c.h.p.o.dependants.PodInfoConfigMap - [helmlega] Desired PodInfo ConfigMap (extension state hash: -727970014)
2025-01-28 23:57:10,024 INFO c.h.h.t.HelmChartContainer - [hivemq-test-hivemq-platform] [hivemq-platform-operator] [7b61d8db] 23:57:10.022 [pool-6-thread-41] DEBUG c.h.p.o.d.PodServiceAccountResource - [helmlega] Desired PodServiceAccountResource (serviceAccountName: hivemq-platform-pod-test-hivemq-legacy-platform)
2025-01-28 23:57:10,026 INFO c.h.h.t.HelmChartContainer - [hivemq-test-hivemq-platform] [hivemq-platform-operator] [7b61d8db] 23:57:10.025 [pool-6-thread-47] DEBUG c.h.p.o.d.StatefulSetResource - [helmlega] Desired StatefulSet (2 replicas) for status ROLLING_RESTART (RESTART_PODS_IN_PROGRESS)
2025-01-28 23:57:10,029 INFO c.h.h.t.HelmChartContainer - [hivemq-test-hivemq-platform] [hivemq-platform-operator] [7b61d8db] 23:57:10.028 [ReconcilerExecutor-hivemq-controller-132] INFO  c.h.p.o.HiveMQPlatformReconciler - [helmlega] Reconciling HiveMQ Platform 'test-hivemq-legacy-platform' in namespace 'helmlegacystatefulsetmigrationit-operator'
2025-01-28 23:57:10,029 INFO c.h.h.t.HelmChartContainer - [hivemq-test-hivemq-platform] [hivemq-platform-operator] [7b61d8db] 23:57:10.028 [ReconcilerExecutor-hivemq-controller-132] DEBUG c.h.p.o.HiveMQPlatformReconciler - [helmlega] Custom Resource Status ROLLING_RESTART - HiveMQ Platform is restarting Pods (rolling restart) (RESTART_PODS_IN_PROGRESS)
2025-01-28 23:57:10,029 INFO c.h.h.t.HelmChartContainer - [hivemq-test-hivemq-platform] [hivemq-platform-operator] [7b61d8db] 23:57:10.028 [ReconcilerExecutor-hivemq-controller-132] DEBUG c.h.p.o.HiveMQPlatformReconciler - [helmlega] Custom Resource Spec (replicas: 1) (extensions: 2)
2025-01-28 23:57:10,030 INFO c.h.h.t.HelmChartContainer - [hivemq-test-hivemq-platform] [hivemq-platform-operator] [7b61d8db] 23:57:10.030 [ReconcilerExecutor-hivemq-controller-132] DEBUG c.h.p.o.HiveMQPlatformReconciler - [helmlega] StatefulSet Status (revision: test-hivemq-legacy-platform-65df8dcb7f, replicas: 2, available: 1, ready: 1, current: 2, updated: 2)
2025-01-28 23:57:10,030 INFO c.h.h.t.HelmChartContainer - [hivemq-test-hivemq-platform] [hivemq-platform-operator] [7b61d8db] 23:57:10.030 [ReconcilerExecutor-hivemq-controller-132] DEBUG c.h.p.o.HiveMQPlatformReconciler - [helmlega] StatefulSet Spec (replicas: 2, init containers: 1, containers: 1, volumes: 6)
2025-01-28 23:57:10,032 INFO c.h.h.t.HelmChartContainer - [hivemq-test-hivemq-platform] [hivemq-platform-operator] [7b61d8db] 23:57:10.031 [ReconcilerExecutor-hivemq-controller-132] DEBUG c.h.p.o.h.HiveMQPlatformReconcilerErrorHandler - [helmlega] Pod 'test-hivemq-legacy-platform-1' phase Running
2025-01-28 23:57:10,034 INFO c.h.h.t.HelmChartContainer - [hivemq-test-hivemq-platform] [hivemq-platform-operator] [7b61d8db] 23:57:10.032 [ReconcilerExecutor-hivemq-controller-132] DEBUG c.h.p.o.h.HiveMQPlatformReconcilerErrorHandler - [helmlega] Pod 'test-hivemq-legacy-platform-0' phase Pending
2025-01-28 23:57:10,034 INFO c.h.h.t.HelmChartContainer - [hivemq-test-hivemq-platform] [hivemq-platform-operator] [7b61d8db] 23:57:10.032 [ReconcilerExecutor-hivemq-controller-132] DEBUG c.h.p.o.h.HiveMQPlatformReconcilerErrorHandler - [helmlega] Pod 'test-hivemq-legacy-platform-0' condition 'PodReadyToStartContainers': False
2025-01-28 23:57:10,035 INFO c.h.h.t.HelmChartContainer - [hivemq-test-hivemq-platform] [hivemq-platform-operator] [7b61d8db] 23:57:10.033 [ReconcilerExecutor-hivemq-controller-132] DEBUG c.h.p.o.h.HiveMQPlatformReconcilerErrorHandler - [helmlega] Pod 'test-hivemq-legacy-platform-0' condition 'Initialized': False
2025-01-28 23:57:10,035 INFO c.h.h.t.HelmChartContainer - [hivemq-test-hivemq-platform] [hivemq-platform-operator] [7b61d8db] 23:57:10.033 [ReconcilerExecutor-hivemq-controller-132] DEBUG c.h.p.o.h.HiveMQPlatformReconcilerErrorHandler - [helmlega] Pod 'test-hivemq-legacy-platform-0' condition 'Ready': False
2025-01-28 23:57:10,035 INFO c.h.h.t.HelmChartContainer - [hivemq-test-hivemq-platform] [hivemq-platform-operator] [7b61d8db] 23:57:10.033 [ReconcilerExecutor-hivemq-controller-132] DEBUG c.h.p.o.h.HiveMQPlatformReconcilerErrorHandler - [helmlega] Pod 'test-hivemq-legacy-platform-0' condition 'ContainersReady': False
2025-01-28 23:57:10,035 INFO c.h.h.t.HelmChartContainer - [hivemq-test-hivemq-platform] [hivemq-platform-operator] [7b61d8db] 23:57:10.033 [ReconcilerExecutor-hivemq-controller-132] DEBUG c.h.p.o.h.HiveMQPlatformReconcilerErrorHandler - [helmlega] Pod 'test-hivemq-legacy-platform-0' condition 'PodScheduled': True
2025-01-28 23:57:10,035 INFO c.h.h.t.HelmChartContainer - [hivemq-test-hivemq-platform] [hivemq-platform-operator] [7b61d8db] 23:57:10.033 [ReconcilerExecutor-hivemq-controller-132] DEBUG c.h.p.o.h.HiveMQPlatformReconcilerErrorHandler - [helmlega] Pod 'test-hivemq-legacy-platform-0' containerStatus 'hivemq' (started: false) (ready: false) (waiting: [PodInitializing] null)
2025-01-28 23:57:10,035 INFO c.h.h.t.HelmChartContainer - [hivemq-test-hivemq-platform] [hivemq-platform-operator] [7b61d8db] 23:57:10.033 [ReconcilerExecutor-hivemq-controller-132] DEBUG c.h.p.o.h.HiveMQPlatformReconcilerRollingRestartHandler - [helmlega] Rolling restart is waiting for 1 of 2 replicas
2025-01-28 23:57:10,184 INFO c.h.h.t.HelmChartContainer - [K3S] [kubelet_volumes.go:163] "Cleaned up orphaned pod volumes dir" podUID="8ba97e76-8fe2-40db-9fcd-4895ea267d00" path="/var/lib/kubelet/pods/8ba97e76-8fe2-40db-9fcd-4895ea267d00/volumes"
2025-01-28 23:57:10,210 INFO c.h.h.t.HelmChartContainer - [EVENT] Normal [Pulled] Container image "docker.io/hivemq/hivemq-platform-operator-init-test:snapshot" already present on machine [helmlegacystatefulsetmigrationit-operator:test-hivemq-legacy-platform-0]
2025-01-28 23:57:10,217 INFO c.h.h.t.HelmChartContainer - [EVENT] Normal [Created] Created container: hivemq-platform-operator-init [helmlegacystatefulsetmigrationit-operator:test-hivemq-legacy-platform-0]
2025-01-28 23:57:10,260 INFO c.h.h.t.HelmChartContainer - [EVENT] Normal [Started] Started container hivemq-platform-operator-init [helmlegacystatefulsetmigrationit-operator:test-hivemq-legacy-platform-0]
2025-01-28 23:57:10,774 INFO c.h.h.t.HelmChartContainer - [EVENT] Normal [Pulled] Container image "docker.io/hivemq/hivemq4:4.36.0" already present on machine [helmlegacystatefulsetmigrationit-operator:test-hivemq-legacy-platform-0]
2025-01-28 23:57:10,775 INFO c.h.h.t.HelmChartContainer - Received Pulled event for container hivemq in pod test-hivemq-legacy-platform-0 [3fa96912-f957-4c20-90ed-602d363258bd]
2025-01-28 23:57:10,784 INFO c.h.h.t.HelmChartContainer - [POD] test-hivemq-legacy-platform-0 [3fa96912-f957-4c20-90ed-602d363258bd] in helmlegacystatefulsetmigrationit-operator was MODIFIED
2025-01-28 23:57:10,785 INFO c.h.h.t.HelmChartContainer - [EVENT] Normal [Created] Created container: hivemq [helmlegacystatefulsetmigrationit-operator:test-hivemq-legacy-platform-0]
2025-01-28 23:57:10,785 INFO c.h.h.t.HelmChartContainer - Received Created event for container hivemq in pod test-hivemq-legacy-platform-0 [3fa96912-f957-4c20-90ed-602d363258bd]
2025-01-28 23:57:10,812 INFO c.h.h.t.HelmChartContainer - [hivemq-test-hivemq-platform] [hivemq-platform-operator] [7b61d8db] 23:57:10.799 [pool-6-thread-3] DEBUG c.h.p.o.d.PlatformServiceResource - [helmlega] Desired Platform services (4 services)
2025-01-28 23:57:10,816 INFO c.h.h.t.HelmChartContainer - [hivemq-test-hivemq-platform] [hivemq-platform-operator] [7b61d8db] 23:57:10.802 [pool-6-thread-6] DEBUG c.h.p.o.d.PodServiceAccountResource - [helmlega] Desired PodServiceAccountResource (serviceAccountName: hivemq-platform-pod-test-hivemq-legacy-platform)
2025-01-28 23:57:10,816 INFO c.h.h.t.HelmChartContainer - [hivemq-test-hivemq-platform] [hivemq-platform-operator] [7b61d8db] 23:57:10.804 [pool-6-thread-7] DEBUG c.h.p.o.dependants.PodInfoConfigMap - [helmlega] Desired PodInfo ConfigMap (2 extensions) (1 enabled)
2025-01-28 23:57:10,816 INFO c.h.h.t.HelmChartContainer - [hivemq-test-hivemq-platform] [hivemq-platform-operator] [7b61d8db] 23:57:10.808 [pool-6-thread-7] DEBUG c.h.p.o.dependants.PodInfoConfigMap - [helmlega] Desired PodInfo ConfigMap (metrics port: 9399) (metrics path: /)
2025-01-28 23:57:10,816 INFO c.h.h.t.HelmChartContainer - [hivemq-test-hivemq-platform] [hivemq-platform-operator] [7b61d8db] 23:57:10.808 [pool-6-thread-7] DEBUG c.h.p.o.dependants.PodInfoConfigMap - [helmlega] Desired PodInfo ConfigMap (extension state hash: -727970014)
2025-01-28 23:57:10,819 INFO c.h.h.t.HelmChartContainer - [hivemq-test-hivemq-platform] [hivemq-platform-operator] [7b61d8db] 23:57:10.813 [pool-6-thread-7] DEBUG c.h.p.o.d.StatefulSetResource - [helmlega] Desired StatefulSet (2 replicas) for status ROLLING_RESTART (RESTART_PODS_IN_PROGRESS)
2025-01-28 23:57:10,872 INFO c.h.h.t.HelmChartContainer - [hivemq-test-hivemq-platform] [hivemq-platform-operator] [7b61d8db] 23:57:10.870 [ReconcilerExecutor-hivemq-controller-133] INFO  c.h.p.o.HiveMQPlatformReconciler - [helmlega] Reconciling HiveMQ Platform 'test-hivemq-legacy-platform' in namespace 'helmlegacystatefulsetmigrationit-operator'
2025-01-28 23:57:10,872 INFO c.h.h.t.HelmChartContainer - [hivemq-test-hivemq-platform] [hivemq-platform-operator] [7b61d8db] 23:57:10.870 [ReconcilerExecutor-hivemq-controller-133] DEBUG c.h.p.o.HiveMQPlatformReconciler - [helmlega] Custom Resource Status ROLLING_RESTART - HiveMQ Platform is restarting Pods (rolling restart) (RESTART_PODS_IN_PROGRESS)
2025-01-28 23:57:10,872 INFO c.h.h.t.HelmChartContainer - [hivemq-test-hivemq-platform] [hivemq-platform-operator] [7b61d8db] 23:57:10.870 [ReconcilerExecutor-hivemq-controller-133] DEBUG c.h.p.o.HiveMQPlatformReconciler - [helmlega] Custom Resource Spec (replicas: 1) (extensions: 2)
2025-01-28 23:57:10,874 INFO c.h.h.t.HelmChartContainer - [hivemq-test-hivemq-platform] [hivemq-platform-operator] [7b61d8db] 23:57:10.874 [ReconcilerExecutor-hivemq-controller-133] DEBUG c.h.p.o.HiveMQPlatformReconciler - [helmlega] StatefulSet Status (revision: test-hivemq-legacy-platform-65df8dcb7f, replicas: 2, available: 1, ready: 1, current: 2, updated: 2)
2025-01-28 23:57:10,876 INFO c.h.h.t.HelmChartContainer - [hivemq-test-hivemq-platform] [hivemq-platform-operator] [7b61d8db] 23:57:10.874 [ReconcilerExecutor-hivemq-controller-133] DEBUG c.h.p.o.HiveMQPlatformReconciler - [helmlega] StatefulSet Spec (replicas: 2, init containers: 1, containers: 1, volumes: 6)
2025-01-28 23:57:10,876 INFO c.h.h.t.HelmChartContainer - [hivemq-test-hivemq-platform] [hivemq-platform-operator] [7b61d8db] 23:57:10.875 [ReconcilerExecutor-hivemq-controller-133] DEBUG c.h.p.o.h.HiveMQPlatformReconcilerErrorHandler - [helmlega] Pod 'test-hivemq-legacy-platform-1' phase Running
2025-01-28 23:57:10,878 INFO c.h.h.t.HelmChartContainer - [hivemq-test-hivemq-platform] [hivemq-platform-operator] [7b61d8db] 23:57:10.878 [ReconcilerExecutor-hivemq-controller-133] DEBUG c.h.p.o.h.HiveMQPlatformReconcilerErrorHandler - [helmlega] Pod 'test-hivemq-legacy-platform-0' phase Pending
2025-01-28 23:57:10,880 INFO c.h.h.t.HelmChartContainer - [hivemq-test-hivemq-platform] [hivemq-platform-operator] [7b61d8db] 23:57:10.879 [ReconcilerExecutor-hivemq-controller-133] DEBUG c.h.p.o.h.HiveMQPlatformReconcilerErrorHandler - [helmlega] Pod 'test-hivemq-legacy-platform-0' condition 'PodReadyToStartContainers': True
2025-01-28 23:57:10,880 INFO c.h.h.t.HelmChartContainer - [hivemq-test-hivemq-platform] [hivemq-platform-operator] [7b61d8db] 23:57:10.879 [ReconcilerExecutor-hivemq-controller-133] DEBUG c.h.p.o.h.HiveMQPlatformReconcilerErrorHandler - [helmlega] Pod 'test-hivemq-legacy-platform-0' condition 'Initialized': True
2025-01-28 23:57:10,880 INFO c.h.h.t.HelmChartContainer - [hivemq-test-hivemq-platform] [hivemq-platform-operator] [7b61d8db] 23:57:10.879 [ReconcilerExecutor-hivemq-controller-133] DEBUG c.h.p.o.h.HiveMQPlatformReconcilerErrorHandler - [helmlega] Pod 'test-hivemq-legacy-platform-0' condition 'Ready': False
2025-01-28 23:57:10,880 INFO c.h.h.t.HelmChartContainer - [hivemq-test-hivemq-platform] [hivemq-platform-operator] [7b61d8db] 23:57:10.879 [ReconcilerExecutor-hivemq-controller-133] DEBUG c.h.p.o.h.HiveMQPlatformReconcilerErrorHandler - [helmlega] Pod 'test-hivemq-legacy-platform-0' condition 'ContainersReady': False
2025-01-28 23:57:10,880 INFO c.h.h.t.HelmChartContainer - [hivemq-test-hivemq-platform] [hivemq-platform-operator] [7b61d8db] 23:57:10.879 [ReconcilerExecutor-hivemq-controller-133] DEBUG c.h.p.o.h.HiveMQPlatformReconcilerErrorHandler - [helmlega] Pod 'test-hivemq-legacy-platform-0' condition 'PodScheduled': True
2025-01-28 23:57:10,880 INFO c.h.h.t.HelmChartContainer - [hivemq-test-hivemq-platform] [hivemq-platform-operator] [7b61d8db] 23:57:10.879 [ReconcilerExecutor-hivemq-controller-133] DEBUG c.h.p.o.h.HiveMQPlatformReconcilerErrorHandler - [helmlega] Pod 'test-hivemq-legacy-platform-0' containerStatus 'hivemq' (started: false) (ready: false) (waiting: [PodInitializing] null)
2025-01-28 23:57:10,881 INFO c.h.h.t.HelmChartContainer - [hivemq-test-hivemq-platform] [hivemq-platform-operator] [7b61d8db] 23:57:10.880 [ReconcilerExecutor-hivemq-controller-133] DEBUG c.h.p.o.h.HiveMQPlatformReconcilerRollingRestartHandler - [helmlega] Rolling restart is waiting for 1 of 2 replicas
2025-01-28 23:57:11,791 INFO c.h.h.t.HelmChartContainer - [POD] test-hivemq-legacy-platform-0 [3fa96912-f957-4c20-90ed-602d363258bd] in helmlegacystatefulsetmigrationit-operator was MODIFIED
2025-01-28 23:57:11,797 INFO c.h.h.t.HelmChartContainer - [hivemq-test-hivemq-platform] [hivemq-platform-operator] [7b61d8db] 23:57:11.794 [pool-6-thread-17] DEBUG c.h.p.o.d.PlatformServiceResource - [helmlega] Desired Platform services (4 services)
2025-01-28 23:57:11,798 INFO c.h.h.t.HelmChartContainer - [hivemq-test-hivemq-platform] [hivemq-platform-operator] [7b61d8db] 23:57:11.795 [pool-6-thread-19] DEBUG c.h.p.o.dependants.PodInfoConfigMap - [helmlega] Desired PodInfo ConfigMap (2 extensions) (1 enabled)
2025-01-28 23:57:11,798 INFO c.h.h.t.HelmChartContainer - [hivemq-test-hivemq-platform] [hivemq-platform-operator] [7b61d8db] 23:57:11.795 [pool-6-thread-19] DEBUG c.h.p.o.dependants.PodInfoConfigMap - [helmlega] Desired PodInfo ConfigMap (metrics port: 9399) (metrics path: /)
2025-01-28 23:57:11,798 INFO c.h.h.t.HelmChartContainer - [hivemq-test-hivemq-platform] [hivemq-platform-operator] [7b61d8db] 23:57:11.795 [pool-6-thread-19] DEBUG c.h.p.o.dependants.PodInfoConfigMap - [helmlega] Desired PodInfo ConfigMap (extension state hash: -727970014)
2025-01-28 23:57:11,798 INFO c.h.h.t.HelmChartContainer - [hivemq-test-hivemq-platform] [hivemq-platform-operator] [7b61d8db] 23:57:11.796 [pool-6-thread-18] DEBUG c.h.p.o.d.PodServiceAccountResource - [helmlega] Desired PodServiceAccountResource (serviceAccountName: hivemq-platform-pod-test-hivemq-legacy-platform)
2025-01-28 23:57:11,802 INFO c.h.h.t.HelmChartContainer - Started log watcher for hivemq in pod test-hivemq-legacy-platform-0 [3fa96912-f957-4c20-90ed-602d363258bd]
2025-01-28 23:57:11,802 INFO c.h.h.t.HelmChartContainer - [EVENT] Normal [Started] Started container hivemq [helmlegacystatefulsetmigrationit-operator:test-hivemq-legacy-platform-0]
2025-01-28 23:57:11,802 INFO c.h.h.t.HelmChartContainer - Received Started event for container hivemq in pod test-hivemq-legacy-platform-0 [3fa96912-f957-4c20-90ed-602d363258bd]
2025-01-28 23:57:11,803 INFO c.h.h.t.HelmChartContainer - [hivemq-test-hivemq-platform] [hivemq-platform-operator] [7b61d8db] 23:57:11.801 [pool-6-thread-15] DEBUG c.h.p.o.d.StatefulSetResource - [helmlega] Desired StatefulSet (2 replicas) for status ROLLING_RESTART (RESTART_PODS_IN_PROGRESS)
2025-01-28 23:57:11,803 INFO c.h.h.t.HelmChartContainer - [test-hivemq-legacy-platform] [hivemq] [3fa96912] Adding pre-installed HiveMQ Platform Operator extensions
2025-01-28 23:57:11,803 INFO c.h.h.t.HelmChartContainer - [test-hivemq-legacy-platform] [hivemq] [3fa96912] Running as user 10000
2025-01-28 23:57:11,803 INFO c.h.h.t.HelmChartContainer - [test-hivemq-legacy-platform] [hivemq] [3fa96912] Starting HiveMQ Platform Operator Init
2025-01-28 23:57:11,807 INFO c.h.h.t.HelmChartContainer - [hivemq-test-hivemq-platform] [hivemq-platform-operator] [7b61d8db] 23:57:11.805 [ReconcilerExecutor-hivemq-controller-134] INFO  c.h.p.o.HiveMQPlatformReconciler - [helmlega] Reconciling HiveMQ Platform 'test-hivemq-legacy-platform' in namespace 'helmlegacystatefulsetmigrationit-operator'
2025-01-28 23:57:11,810 INFO c.h.h.t.HelmChartContainer - [hivemq-test-hivemq-platform] [hivemq-platform-operator] [7b61d8db] 23:57:11.805 [ReconcilerExecutor-hivemq-controller-134] DEBUG c.h.p.o.HiveMQPlatformReconciler - [helmlega] Custom Resource Status ROLLING_RESTART - HiveMQ Platform is restarting Pods (rolling restart) (RESTART_PODS_IN_PROGRESS)
2025-01-28 23:57:11,810 INFO c.h.h.t.HelmChartContainer - [hivemq-test-hivemq-platform] [hivemq-platform-operator] [7b61d8db] 23:57:11.805 [ReconcilerExecutor-hivemq-controller-134] DEBUG c.h.p.o.HiveMQPlatformReconciler - [helmlega] Custom Resource Spec (replicas: 1) (extensions: 2)
2025-01-28 23:57:11,811 INFO c.h.h.t.HelmChartContainer - [hivemq-test-hivemq-platform] [hivemq-platform-operator] [7b61d8db] 23:57:11.808 [ReconcilerExecutor-hivemq-controller-134] DEBUG c.h.p.o.HiveMQPlatformReconciler - [helmlega] StatefulSet Status (revision: test-hivemq-legacy-platform-65df8dcb7f, replicas: 2, available: 1, ready: 1, current: 2, updated: 2)
2025-01-28 23:57:11,811 INFO c.h.h.t.HelmChartContainer - [hivemq-test-hivemq-platform] [hivemq-platform-operator] [7b61d8db] 23:57:11.808 [ReconcilerExecutor-hivemq-controller-134] DEBUG c.h.p.o.HiveMQPlatformReconciler - [helmlega] StatefulSet Spec (replicas: 2, init containers: 1, containers: 1, volumes: 6)
2025-01-28 23:57:11,813 INFO c.h.h.t.HelmChartContainer - [hivemq-test-hivemq-platform] [hivemq-platform-operator] [7b61d8db] 23:57:11.809 [ReconcilerExecutor-hivemq-controller-134] DEBUG c.h.p.o.h.HiveMQPlatformReconcilerErrorHandler - [helmlega] Pod 'test-hivemq-legacy-platform-1' phase Running
2025-01-28 23:57:11,813 INFO c.h.h.t.HelmChartContainer - [hivemq-test-hivemq-platform] [hivemq-platform-operator] [7b61d8db] 23:57:11.810 [ReconcilerExecutor-hivemq-controller-134] DEBUG c.h.p.o.h.HiveMQPlatformReconcilerErrorHandler - [helmlega] Pod 'test-hivemq-legacy-platform-0' phase Running
2025-01-28 23:57:11,813 INFO c.h.h.t.HelmChartContainer - [hivemq-test-hivemq-platform] [hivemq-platform-operator] [7b61d8db] 23:57:11.811 [ReconcilerExecutor-hivemq-controller-134] DEBUG c.h.p.o.h.HiveMQPlatformReconcilerRollingRestartHandler - [helmlega] Rolling restart is waiting for 1 of 2 replicas
2025-01-28 23:57:12,050 INFO c.h.h.t.HelmChartContainer - [test-hivemq-legacy-platform] [hivemq] [3fa96912] INFO  - [HiveMQ Platform Operator Init 1.7.0-SNAPSHOT] HiveMQ Platform Operator Init 1.7.0-SNAPSHOT (commit: bebf408 on branch: HEAD) built on Sun Jan 26 20:47:47 UTC 2025
2025-01-28 23:57:13,173 INFO c.h.h.t.HelmChartContainer - [test-hivemq-legacy-platform] [hivemq] [3fa96912] INFO  - [HiveMQ Platform Operator Init App 1.7.0-SNAPSHOT] Using bind address 10.42.0.14 from environment variable
2025-01-28 23:57:14,054 INFO c.h.h.t.HelmChartContainer - [test-hivemq-legacy-platform] [hivemq] [3fa96912] INFO  - [HiveMQ Platform Operator Init App 1.7.0-SNAPSHOT] HiveMQ Platform Operator Init App 1.7.0-SNAPSHOT (commit: bebf408 on branch: HEAD) built on Sun Jan 26 20:47:47 UTC 2025
2025-01-28 23:57:14,055 INFO c.h.h.t.HelmChartContainer - [test-hivemq-legacy-platform] [hivemq] [3fa96912] INFO  - [HiveMQ Platform Operator Init App 1.7.0-SNAPSHOT] PodInfo ConfigMap directory: /etc/podinfo
2025-01-28 23:57:14,055 INFO c.h.h.t.HelmChartContainer - [test-hivemq-legacy-platform] [hivemq] [3fa96912] INFO  - [HiveMQ Platform Operator Init App 1.7.0-SNAPSHOT] HiveMQ home directory: /opt/hivemq
2025-01-28 23:57:14,055 INFO c.h.h.t.HelmChartContainer - [test-hivemq-legacy-platform] [hivemq] [3fa96912] INFO  - [HiveMQ Platform Operator Init App 1.7.0-SNAPSHOT] HiveMQ Logback folder: /opt/hivemq/conf
2025-01-28 23:57:14,055 INFO c.h.h.t.HelmChartContainer - [test-hivemq-legacy-platform] [hivemq] [3fa96912] INFO  - [HiveMQ Platform Operator Init App 1.7.0-SNAPSHOT] HiveMQ Config folder: /opt/hivemq/conf-k8s
2025-01-28 23:57:14,055 INFO c.h.h.t.HelmChartContainer - [test-hivemq-legacy-platform] [hivemq] [3fa96912] INFO  - [HiveMQ Platform Operator Init App 1.7.0-SNAPSHOT] Starting HiveMQ Platform Operator Init App
2025-01-28 23:57:14,055 INFO c.h.h.t.HelmChartContainer - [test-hivemq-legacy-platform] [hivemq] [3fa96912] INFO  - [HiveMQ Platform Operator Init App 1.7.0-SNAPSHOT] Starting Pod reconciler
2025-01-28 23:57:15,249 INFO c.h.h.t.HelmChartContainer - [test-hivemq-legacy-platform] [hivemq] [3fa96912] INFO  - [HiveMQ Platform Operator Init App 1.7.0-SNAPSHOT] Pod reconciler is scheduled (interval: 5000 ms)
2025-01-28 23:57:15,250 INFO c.h.h.t.HelmChartContainer - [test-hivemq-legacy-platform] [hivemq] [3fa96912] INFO  - [HiveMQ Platform Operator Init App 1.7.0-SNAPSHOT] Starting the REST API on 10.42.0.14:7979
2025-01-28 23:57:15,252 INFO c.h.h.t.HelmChartContainer - [test-hivemq-legacy-platform] [hivemq] [3fa96912] INFO  - [HiveMQ Platform Operator Init App 1.7.0-SNAPSHOT] Waiting up to 600s for at most 2 HiveMQ nodes in cluster service hivemq-test-hivemq-legacy-platform-cluster.helmlegacystatefulsetmigrationit-operator.svc
2025-01-28 23:57:15,565 INFO c.h.h.t.HelmChartContainer - [test-hivemq-legacy-platform] [hivemq] [3fa96912] INFO  - [HiveMQ Platform Operator Init App 1.7.0-SNAPSHOT] Resolved 2 IP addresses: [10.42.0.13, 10.42.0.14]
2025-01-28 23:57:15,566 INFO c.h.h.t.HelmChartContainer - [test-hivemq-legacy-platform] [hivemq] [3fa96912] INFO  - [HiveMQ Platform Operator Init App 1.7.0-SNAPSHOT] HiveMQ node count of 2 is within threshold of 2
2025-01-28 23:57:15,566 INFO c.h.h.t.HelmChartContainer - [test-hivemq-legacy-platform] [hivemq] [3fa96912] INFO  - [HiveMQ Platform Operator Init App 1.7.0-SNAPSHOT] Waiting 15s for previous shutdown replication to finish...
2025-01-28 23:57:17,785 INFO c.h.h.t.HelmChartContainer - [test-hivemq-legacy-platform] [hivemq] [3fa96912] INFO  - [HiveMQ Platform Operator Init App 1.7.0-SNAPSHOT] Returning default Health API response 503 for readiness
2025-01-28 23:57:17,865 INFO c.h.h.t.HelmChartContainer - [EVENT] Warning [Unhealthy] Readiness probe failed: HTTP probe failed with statuscode: 503 [helmlegacystatefulsetmigrationit-operator:test-hivemq-legacy-platform-0]
2025-01-28 23:57:17,865 INFO c.h.h.t.HelmChartContainer - Received Unhealthy event for container hivemq in pod test-hivemq-legacy-platform-0 [3fa96912-f957-4c20-90ed-602d363258bd]
2025-01-28 23:57:21,817 INFO c.h.h.t.HelmChartContainer - [hivemq-test-hivemq-platform] [hivemq-platform-operator] [7b61d8db] 23:57:21.815 [pool-6-thread-25] DEBUG c.h.p.o.d.PlatformServiceResource - [helmlega] Desired Platform services (4 services)
2025-01-28 23:57:21,819 INFO c.h.h.t.HelmChartContainer - [hivemq-test-hivemq-platform] [hivemq-platform-operator] [7b61d8db] 23:57:21.817 [pool-6-thread-28] DEBUG c.h.p.o.dependants.PodInfoConfigMap - [helmlega] Desired PodInfo ConfigMap (2 extensions) (1 enabled)
2025-01-28 23:57:21,823 INFO c.h.h.t.HelmChartContainer - [hivemq-test-hivemq-platform] [hivemq-platform-operator] [7b61d8db] 23:57:21.817 [pool-6-thread-28] DEBUG c.h.p.o.dependants.PodInfoConfigMap - [helmlega] Desired PodInfo ConfigMap (metrics port: 9399) (metrics path: /)
2025-01-28 23:57:21,823 INFO c.h.h.t.HelmChartContainer - [hivemq-test-hivemq-platform] [hivemq-platform-operator] [7b61d8db] 23:57:21.817 [pool-6-thread-28] DEBUG c.h.p.o.dependants.PodInfoConfigMap - [helmlega] Desired PodInfo ConfigMap (extension state hash: -727970014)
2025-01-28 23:57:21,823 INFO c.h.h.t.HelmChartContainer - [hivemq-test-hivemq-platform] [hivemq-platform-operator] [7b61d8db] 23:57:21.819 [pool-6-thread-28] DEBUG c.h.p.o.d.PodServiceAccountResource - [helmlega] Desired PodServiceAccountResource (serviceAccountName: hivemq-platform-pod-test-hivemq-legacy-platform)
2025-01-28 23:57:21,826 INFO c.h.h.t.HelmChartContainer - [hivemq-test-hivemq-platform] [hivemq-platform-operator] [7b61d8db] 23:57:21.825 [pool-6-thread-30] DEBUG c.h.p.o.d.StatefulSetResource - [helmlega] Desired StatefulSet (2 replicas) for status ROLLING_RESTART (RESTART_PODS_IN_PROGRESS)
2025-01-28 23:57:21,830 INFO c.h.h.t.HelmChartContainer - [hivemq-test-hivemq-platform] [hivemq-platform-operator] [7b61d8db] 23:57:21.829 [ReconcilerExecutor-hivemq-controller-135] INFO  c.h.p.o.HiveMQPlatformReconciler - [helmlega] Reconciling HiveMQ Platform 'test-hivemq-legacy-platform' in namespace 'helmlegacystatefulsetmigrationit-operator'
2025-01-28 23:57:21,830 INFO c.h.h.t.HelmChartContainer - [hivemq-test-hivemq-platform] [hivemq-platform-operator] [7b61d8db] 23:57:21.829 [ReconcilerExecutor-hivemq-controller-135] DEBUG c.h.p.o.HiveMQPlatformReconciler - [helmlega] Custom Resource Status ROLLING_RESTART - HiveMQ Platform is restarting Pods (rolling restart) (RESTART_PODS_IN_PROGRESS)
2025-01-28 23:57:21,831 INFO c.h.h.t.HelmChartContainer - [hivemq-test-hivemq-platform] [hivemq-platform-operator] [7b61d8db] 23:57:21.829 [ReconcilerExecutor-hivemq-controller-135] DEBUG c.h.p.o.HiveMQPlatformReconciler - [helmlega] Custom Resource Spec (replicas: 1) (extensions: 2)
2025-01-28 23:57:21,833 INFO c.h.h.t.HelmChartContainer - [hivemq-test-hivemq-platform] [hivemq-platform-operator] [7b61d8db] 23:57:21.831 [ReconcilerExecutor-hivemq-controller-135] DEBUG c.h.p.o.HiveMQPlatformReconciler - [helmlega] StatefulSet Status (revision: test-hivemq-legacy-platform-65df8dcb7f, replicas: 2, available: 1, ready: 1, current: 2, updated: 2)
2025-01-28 23:57:21,833 INFO c.h.h.t.HelmChartContainer - [hivemq-test-hivemq-platform] [hivemq-platform-operator] [7b61d8db] 23:57:21.831 [ReconcilerExecutor-hivemq-controller-135] DEBUG c.h.p.o.HiveMQPlatformReconciler - [helmlega] StatefulSet Spec (replicas: 2, init containers: 1, containers: 1, volumes: 6)
2025-01-28 23:57:21,833 INFO c.h.h.t.HelmChartContainer - [hivemq-test-hivemq-platform] [hivemq-platform-operator] [7b61d8db] 23:57:21.832 [ReconcilerExecutor-hivemq-controller-135] DEBUG c.h.p.o.h.HiveMQPlatformReconcilerErrorHandler - [helmlega] Pod 'test-hivemq-legacy-platform-1' phase Running
2025-01-28 23:57:21,833 INFO c.h.h.t.HelmChartContainer - [hivemq-test-hivemq-platform] [hivemq-platform-operator] [7b61d8db] 23:57:21.833 [ReconcilerExecutor-hivemq-controller-135] DEBUG c.h.p.o.h.HiveMQPlatformReconcilerErrorHandler - [helmlega] Pod 'test-hivemq-legacy-platform-0' phase Running
2025-01-28 23:57:21,834 INFO c.h.h.t.HelmChartContainer - [hivemq-test-hivemq-platform] [hivemq-platform-operator] [7b61d8db] 23:57:21.833 [ReconcilerExecutor-hivemq-controller-135] DEBUG c.h.p.o.h.HiveMQPlatformReconcilerRollingRestartHandler - [helmlega] Rolling restart is waiting for 1 of 2 replicas
2025-01-28 23:57:22,524 INFO c.h.h.t.HelmChartContainer - [test-hivemq-legacy-platform] [hivemq] [3fa96912] INFO  - [HiveMQ Platform Operator Init App 1.7.0-SNAPSHOT] Updating Pod HiveMQ Platform Operator Init App version annotation (version: 1.7.0-SNAPSHOT)
2025-01-28 23:57:22,810 INFO c.h.h.t.HelmChartContainer - [EVENT] Warning [Unhealthy] Readiness probe failed: HTTP probe failed with statuscode: 503 [helmlegacystatefulsetmigrationit-operator:test-hivemq-legacy-platform-0]
2025-01-28 23:57:22,810 INFO c.h.h.t.HelmChartContainer - Received Unhealthy event for container hivemq in pod test-hivemq-legacy-platform-0 [3fa96912-f957-4c20-90ed-602d363258bd]
2025-01-28 23:57:22,914 INFO c.h.h.t.HelmChartContainer - [POD] test-hivemq-legacy-platform-0 [3fa96912-f957-4c20-90ed-602d363258bd] in helmlegacystatefulsetmigrationit-operator was MODIFIED
2025-01-28 23:57:22,923 INFO c.h.h.t.HelmChartContainer - [hivemq-test-hivemq-platform] [hivemq-platform-operator] [7b61d8db] 23:57:22.922 [pool-6-thread-38] DEBUG c.h.p.o.d.PlatformServiceResource - [helmlega] Desired Platform services (4 services)
2025-01-28 23:57:22,928 INFO c.h.h.t.HelmChartContainer - [EVENT] Warning [Unhealthy] Readiness probe failed: HTTP probe failed with statuscode: 503 [helmlegacystatefulsetmigrationit-operator:test-hivemq-legacy-platform-0]
2025-01-28 23:57:22,928 INFO c.h.h.t.HelmChartContainer - Received Unhealthy event for container hivemq in pod test-hivemq-legacy-platform-0 [3fa96912-f957-4c20-90ed-602d363258bd]
2025-01-28 23:57:22,930 INFO c.h.h.t.HelmChartContainer - [hivemq-test-hivemq-platform] [hivemq-platform-operator] [7b61d8db] 23:57:22.928 [pool-6-thread-34] DEBUG c.h.p.o.dependants.PodInfoConfigMap - [helmlega] Desired PodInfo ConfigMap (2 extensions) (1 enabled)
2025-01-28 23:57:22,934 INFO c.h.h.t.HelmChartContainer - [hivemq-test-hivemq-platform] [hivemq-platform-operator] [7b61d8db] 23:57:22.929 [pool-6-thread-34] DEBUG c.h.p.o.dependants.PodInfoConfigMap - [helmlega] Desired PodInfo ConfigMap (metrics port: 9399) (metrics path: /)
2025-01-28 23:57:22,934 INFO c.h.h.t.HelmChartContainer - [hivemq-test-hivemq-platform] [hivemq-platform-operator] [7b61d8db] 23:57:22.929 [pool-6-thread-34] DEBUG c.h.p.o.dependants.PodInfoConfigMap - [helmlega] Desired PodInfo ConfigMap (extension state hash: -727970014)
2025-01-28 23:57:22,934 INFO c.h.h.t.HelmChartContainer - [hivemq-test-hivemq-platform] [hivemq-platform-operator] [7b61d8db] 23:57:22.932 [pool-6-thread-38] DEBUG c.h.p.o.d.StatefulSetResource - [helmlega] Desired StatefulSet (2 replicas) for status ROLLING_RESTART (RESTART_PODS_IN_PROGRESS)
2025-01-28 23:57:22,935 INFO c.h.h.t.HelmChartContainer - [test-hivemq-legacy-platform] [hivemq] [3fa96912] INFO  - [HiveMQ Platform Operator Init App 1.7.0-SNAPSHOT] Successfully updated Pod HiveMQ Platform Operator Init App version annotation (version: 1.7.0-SNAPSHOT)
2025-01-28 23:57:22,935 INFO c.h.h.t.HelmChartContainer - [hivemq-test-hivemq-platform] [hivemq-platform-operator] [7b61d8db] 23:57:22.934 [pool-6-thread-40] DEBUG c.h.p.o.d.PodServiceAccountResource - [helmlega] Desired PodServiceAccountResource (serviceAccountName: hivemq-platform-pod-test-hivemq-legacy-platform)
2025-01-28 23:57:22,940 INFO c.h.h.t.HelmChartContainer - [hivemq-test-hivemq-platform] [hivemq-platform-operator] [7b61d8db] 23:57:22.938 [ReconcilerExecutor-hivemq-controller-136] INFO  c.h.p.o.HiveMQPlatformReconciler - [helmlega] Reconciling HiveMQ Platform 'test-hivemq-legacy-platform' in namespace 'helmlegacystatefulsetmigrationit-operator'
2025-01-28 23:57:22,940 INFO c.h.h.t.HelmChartContainer - [hivemq-test-hivemq-platform] [hivemq-platform-operator] [7b61d8db] 23:57:22.938 [ReconcilerExecutor-hivemq-controller-136] DEBUG c.h.p.o.HiveMQPlatformReconciler - [helmlega] Custom Resource Status ROLLING_RESTART - HiveMQ Platform is restarting Pods (rolling restart) (RESTART_PODS_IN_PROGRESS)
2025-01-28 23:57:22,941 INFO c.h.h.t.HelmChartContainer - [hivemq-test-hivemq-platform] [hivemq-platform-operator] [7b61d8db] 23:57:22.938 [ReconcilerExecutor-hivemq-controller-136] DEBUG c.h.p.o.HiveMQPlatformReconciler - [helmlega] Custom Resource Spec (replicas: 1) (extensions: 2)
2025-01-28 23:57:22,941 INFO c.h.h.t.HelmChartContainer - [hivemq-test-hivemq-platform] [hivemq-platform-operator] [7b61d8db] 23:57:22.940 [ReconcilerExecutor-hivemq-controller-136] DEBUG c.h.p.o.HiveMQPlatformReconciler - [helmlega] StatefulSet Status (revision: test-hivemq-legacy-platform-65df8dcb7f, replicas: 2, available: 1, ready: 1, current: 2, updated: 2)
2025-01-28 23:57:22,941 INFO c.h.h.t.HelmChartContainer - [hivemq-test-hivemq-platform] [hivemq-platform-operator] [7b61d8db] 23:57:22.940 [ReconcilerExecutor-hivemq-controller-136] DEBUG c.h.p.o.HiveMQPlatformReconciler - [helmlega] StatefulSet Spec (replicas: 2, init containers: 1, containers: 1, volumes: 6)
2025-01-28 23:57:22,942 INFO c.h.h.t.HelmChartContainer - [hivemq-test-hivemq-platform] [hivemq-platform-operator] [7b61d8db] 23:57:22.942 [ReconcilerExecutor-hivemq-controller-136] DEBUG c.h.p.o.h.HiveMQPlatformReconcilerErrorHandler - [helmlega] Pod 'test-hivemq-legacy-platform-1' phase Running
2025-01-28 23:57:22,943 INFO c.h.h.t.HelmChartContainer - [hivemq-test-hivemq-platform] [hivemq-platform-operator] [7b61d8db] 23:57:22.942 [ReconcilerExecutor-hivemq-controller-136] DEBUG c.h.p.o.h.HiveMQPlatformReconcilerErrorHandler - [helmlega] Pod 'test-hivemq-legacy-platform-0' phase Running
2025-01-28 23:57:22,944 INFO c.h.h.t.HelmChartContainer - [hivemq-test-hivemq-platform] [hivemq-platform-operator] [7b61d8db] 23:57:22.943 [ReconcilerExecutor-hivemq-controller-136] DEBUG c.h.p.o.h.HiveMQPlatformReconcilerRollingRestartHandler - [helmlega] Rolling restart is waiting for 1 of 2 replicas
2025-01-28 23:57:27,919 INFO c.h.h.t.HelmChartContainer - [EVENT] Warning [Unhealthy] Readiness probe failed: HTTP probe failed with statuscode: 503 [helmlegacystatefulsetmigrationit-operator:test-hivemq-legacy-platform-0]
2025-01-28 23:57:27,919 INFO c.h.h.t.HelmChartContainer - Received Unhealthy event for container hivemq in pod test-hivemq-legacy-platform-0 [3fa96912-f957-4c20-90ed-602d363258bd]
2025-01-28 23:57:30,566 INFO c.h.h.t.HelmChartContainer - [test-hivemq-legacy-platform] [hivemq] [3fa96912] INFO  - [HiveMQ Platform Operator Init App 1.7.0-SNAPSHOT] Proceeding with container start
2025-01-28 23:57:30,569 INFO c.h.h.t.HelmChartContainer - [test-hivemq-legacy-platform] [hivemq] [3fa96912] INFO  - [HiveMQ Platform Operator Init App 1.7.0-SNAPSHOT] Initializing HiveMQ Platform extensions with initial configuration: {hivemq-allow-all-extension={start-priority=-1, skip-https-hostname-verification=false, restart=true, config-version=0, header-version=0, c-uri=, priority=-1, uri=preinstalled, skip-https-certificate-validation=false, enabled=false}, hivemq-enterprise-security-extension={start-priority=-1, skip-https-hostname-verification=false, restart=true, config-version=1014, header-version=0, c-uri=, priority=-1, uri=preinstalled, skip-https-certificate-validation=false, enabled=true}, hivemq-prometheus-extension={start-priority=-1, c-uri=, skip-https-hostname-verification=false, skip-https-certificate-validation=false, uri=preinstalled, request-header-path=no-request-headers, enabled=true, restart=true, priority=-1}}
2025-01-28 23:57:30,570 INFO c.h.h.t.HelmChartContainer - [test-hivemq-legacy-platform] [hivemq] [3fa96912] INFO  - [HiveMQ Platform Operator Init App 1.7.0-SNAPSHOT] Successfully disabled extension hivemq-allow-all-extension
2025-01-28 23:57:30,953 INFO c.h.h.t.HelmChartContainer - [test-hivemq-legacy-platform] [hivemq] [3fa96912] INFO  - [HiveMQ Platform Operator Init App 1.7.0-SNAPSHOT] Successfully enabled extension hivemq-enterprise-security-extension
2025-01-28 23:57:30,962 INFO c.h.h.t.HelmChartContainer - [test-hivemq-legacy-platform] [hivemq] [3fa96912] INFO  - [HiveMQ Platform Operator Init App 1.7.0-SNAPSHOT] Successfully enabled extension hivemq-prometheus-extension
2025-01-28 23:57:30,964 INFO c.h.h.t.HelmChartContainer - [test-hivemq-legacy-platform] [hivemq] [3fa96912] INFO  - [HiveMQ Platform Operator Init App 1.7.0-SNAPSHOT] Starting HiveMQ Platform version 4.36.0 (4.36.0)
2025-01-28 23:57:30,965 INFO c.h.h.t.HelmChartContainer - [test-hivemq-legacy-platform] [hivemq] [3fa96912] INFO  - [HiveMQ Platform Operator Init App 1.7.0-SNAPSHOT] Configuring the HiveMQ Platform
2025-01-28 23:57:31,053 INFO c.h.h.t.HelmChartContainer - [test-hivemq-legacy-platform] [hivemq] [3fa96912] INFO  - [HiveMQ Platform Operator Init App 1.7.0-SNAPSHOT] Changed logback.xml file scan period to 20 seconds
2025-01-28 23:57:31,064 INFO c.h.h.t.HelmChartContainer - [test-hivemq-legacy-platform] [hivemq] [3fa96912] INFO  - [HiveMQ Platform Operator Init App 1.7.0-SNAPSHOT] Starting the HiveMQ Platform
2025-01-28 23:57:31,066 INFO c.h.h.t.HelmChartContainer - [test-hivemq-legacy-platform] [hivemq] [3fa96912] -------------------------------------------------------------------------
2025-01-28 23:57:31,066 INFO c.h.h.t.HelmChartContainer - [test-hivemq-legacy-platform] [hivemq] [3fa96912] 
2025-01-28 23:57:31,067 INFO c.h.h.t.HelmChartContainer - [test-hivemq-legacy-platform] [hivemq] [3fa96912]                   _    _  _              __  __   ____
2025-01-28 23:57:31,067 INFO c.h.h.t.HelmChartContainer - [test-hivemq-legacy-platform] [hivemq] [3fa96912]                  | |  | |(_)            |  \/  | / __ \
2025-01-28 23:57:31,067 INFO c.h.h.t.HelmChartContainer - [test-hivemq-legacy-platform] [hivemq] [3fa96912]                  | |__| | _ __   __ ___ | \  / || |  | |
2025-01-28 23:57:31,067 INFO c.h.h.t.HelmChartContainer - [test-hivemq-legacy-platform] [hivemq] [3fa96912]                  |  __  || |\ \ / // _ \| |\/| || |  | |
2025-01-28 23:57:31,067 INFO c.h.h.t.HelmChartContainer - [test-hivemq-legacy-platform] [hivemq] [3fa96912]                  | |  | || | \ V /|  __/| |  | || |__| |
2025-01-28 23:57:31,067 INFO c.h.h.t.HelmChartContainer - [test-hivemq-legacy-platform] [hivemq] [3fa96912]                  |_|  |_||_|  \_/  \___||_|  |_| \___\_\
2025-01-28 23:57:31,067 INFO c.h.h.t.HelmChartContainer - [test-hivemq-legacy-platform] [hivemq] [3fa96912] 
2025-01-28 23:57:31,067 INFO c.h.h.t.HelmChartContainer - [test-hivemq-legacy-platform] [hivemq] [3fa96912] -------------------------------------------------------------------------
2025-01-28 23:57:31,067 INFO c.h.h.t.HelmChartContainer - [test-hivemq-legacy-platform] [hivemq] [3fa96912] 
2025-01-28 23:57:31,067 INFO c.h.h.t.HelmChartContainer - [test-hivemq-legacy-platform] [hivemq] [3fa96912]   HiveMQ Start Script for Linux/Unix v1.14
2025-01-28 23:57:31,067 INFO c.h.h.t.HelmChartContainer - [test-hivemq-legacy-platform] [hivemq] [3fa96912] 
2025-01-28 23:57:31,256 INFO c.h.h.t.HelmChartContainer - [test-hivemq-legacy-platform] [hivemq] [3fa96912] -------------------------------------------------------------------------
2025-01-28 23:57:31,256 INFO c.h.h.t.HelmChartContainer - [test-hivemq-legacy-platform] [hivemq] [3fa96912] 
2025-01-28 23:57:31,256 INFO c.h.h.t.HelmChartContainer - [test-hivemq-legacy-platform] [hivemq] [3fa96912]   HIVEMQ_HOME: /opt/hivemq
2025-01-28 23:57:31,256 INFO c.h.h.t.HelmChartContainer - [test-hivemq-legacy-platform] [hivemq] [3fa96912] 
2025-01-28 23:57:31,256 INFO c.h.h.t.HelmChartContainer - [test-hivemq-legacy-platform] [hivemq] [3fa96912]   JAVA_OPTS: -XX:+UnlockExperimentalVMOptions -XX:InitialRAMPercentage=50 -XX:MaxRAMPercentage=50 -Djava.net.preferIPv4Stack=true --add-opens java.base/java.lang=ALL-UNNAMED --add-opens java.base/java.nio=ALL-UNNAMED --add-opens java.base/sun.nio.ch=ALL-UNNAMED --add-opens jdk.management/com.sun.management.internal=ALL-UNNAMED --add-exports java.base/jdk.internal.misc=ALL-UNNAMED -Djava.security.egd=file:/dev/./urandom -Dcom.sun.management.jmxremote -Dcom.sun.management.jmxremote.port=9010 -Dcom.sun.management.jmxremote.local.only=false -Dcom.sun.management.jmxremote.authenticate=false -Dcom.sun.management.jmxremote.ssl=false -Duser.language=en -Duser.region=US -XX:+CrashOnOutOfMemoryError -XX:+HeapDumpOnOutOfMemoryError
2025-01-28 23:57:31,256 INFO c.h.h.t.HelmChartContainer - [test-hivemq-legacy-platform] [hivemq] [3fa96912] 
2025-01-28 23:57:31,256 INFO c.h.h.t.HelmChartContainer - [test-hivemq-legacy-platform] [hivemq] [3fa96912]   JAVA_VERSION: 21
2025-01-28 23:57:31,256 INFO c.h.h.t.HelmChartContainer - [test-hivemq-legacy-platform] [hivemq] [3fa96912] 
2025-01-28 23:57:31,256 INFO c.h.h.t.HelmChartContainer - [test-hivemq-legacy-platform] [hivemq] [3fa96912] -------------------------------------------------------------------------
2025-01-28 23:57:31,256 INFO c.h.h.t.HelmChartContainer - [test-hivemq-legacy-platform] [hivemq] [3fa96912] 
2025-01-28 23:57:32,948 INFO c.h.h.t.HelmChartContainer - [hivemq-test-hivemq-platform] [hivemq-platform-operator] [7b61d8db] 23:57:32.946 [pool-6-thread-49] DEBUG c.h.p.o.d.PlatformServiceResource - [helmlega] Desired Platform services (4 services)
2025-01-28 23:57:32,948 INFO c.h.h.t.HelmChartContainer - [hivemq-test-hivemq-platform] [hivemq-platform-operator] [7b61d8db] 23:57:32.947 [pool-6-thread-44] DEBUG c.h.p.o.d.PodServiceAccountResource - [helmlega] Desired PodServiceAccountResource (serviceAccountName: hivemq-platform-pod-test-hivemq-legacy-platform)
2025-01-28 23:57:32,951 INFO c.h.h.t.HelmChartContainer - [hivemq-test-hivemq-platform] [hivemq-platform-operator] [7b61d8db] 23:57:32.950 [pool-6-thread-41] DEBUG c.h.p.o.dependants.PodInfoConfigMap - [helmlega] Desired PodInfo ConfigMap (2 extensions) (1 enabled)
2025-01-28 23:57:32,951 INFO c.h.h.t.HelmChartContainer - [hivemq-test-hivemq-platform] [hivemq-platform-operator] [7b61d8db] 23:57:32.950 [pool-6-thread-41] DEBUG c.h.p.o.dependants.PodInfoConfigMap - [helmlega] Desired PodInfo ConfigMap (metrics port: 9399) (metrics path: /)
2025-01-28 23:57:32,951 INFO c.h.h.t.HelmChartContainer - [hivemq-test-hivemq-platform] [hivemq-platform-operator] [7b61d8db] 23:57:32.950 [pool-6-thread-41] DEBUG c.h.p.o.dependants.PodInfoConfigMap - [helmlega] Desired PodInfo ConfigMap (extension state hash: -727970014)
2025-01-28 23:57:32,963 INFO c.h.h.t.HelmChartContainer - [hivemq-test-hivemq-platform] [hivemq-platform-operator] [7b61d8db] 23:57:32.961 [pool-6-thread-49] DEBUG c.h.p.o.d.StatefulSetResource - [helmlega] Desired StatefulSet (2 replicas) for status ROLLING_RESTART (RESTART_PODS_IN_PROGRESS)
2025-01-28 23:57:32,965 INFO c.h.h.t.HelmChartContainer - [EVENT] Warning [Unhealthy] Readiness probe failed: HTTP probe failed with statuscode: 503 [helmlegacystatefulsetmigrationit-operator:test-hivemq-legacy-platform-0]
2025-01-28 23:57:32,966 INFO c.h.h.t.HelmChartContainer - Received Unhealthy event for container hivemq in pod test-hivemq-legacy-platform-0 [3fa96912-f957-4c20-90ed-602d363258bd]
2025-01-28 23:57:32,971 INFO c.h.h.t.HelmChartContainer - [hivemq-test-hivemq-platform] [hivemq-platform-operator] [7b61d8db] 23:57:32.971 [ReconcilerExecutor-hivemq-controller-137] INFO  c.h.p.o.HiveMQPlatformReconciler - [helmlega] Reconciling HiveMQ Platform 'test-hivemq-legacy-platform' in namespace 'helmlegacystatefulsetmigrationit-operator'
2025-01-28 23:57:32,972 INFO c.h.h.t.HelmChartContainer - [hivemq-test-hivemq-platform] [hivemq-platform-operator] [7b61d8db] 23:57:32.971 [ReconcilerExecutor-hivemq-controller-137] DEBUG c.h.p.o.HiveMQPlatformReconciler - [helmlega] Custom Resource Status ROLLING_RESTART - HiveMQ Platform is restarting Pods (rolling restart) (RESTART_PODS_IN_PROGRESS)
2025-01-28 23:57:32,972 INFO c.h.h.t.HelmChartContainer - [hivemq-test-hivemq-platform] [hivemq-platform-operator] [7b61d8db] 23:57:32.971 [ReconcilerExecutor-hivemq-controller-137] DEBUG c.h.p.o.HiveMQPlatformReconciler - [helmlega] Custom Resource Spec (replicas: 1) (extensions: 2)
2025-01-28 23:57:32,974 INFO c.h.h.t.HelmChartContainer - [hivemq-test-hivemq-platform] [hivemq-platform-operator] [7b61d8db] 23:57:32.973 [ReconcilerExecutor-hivemq-controller-137] DEBUG c.h.p.o.HiveMQPlatformReconciler - [helmlega] StatefulSet Status (revision: test-hivemq-legacy-platform-65df8dcb7f, replicas: 2, available: 1, ready: 1, current: 2, updated: 2)
2025-01-28 23:57:32,974 INFO c.h.h.t.HelmChartContainer - [hivemq-test-hivemq-platform] [hivemq-platform-operator] [7b61d8db] 23:57:32.973 [ReconcilerExecutor-hivemq-controller-137] DEBUG c.h.p.o.HiveMQPlatformReconciler - [helmlega] StatefulSet Spec (replicas: 2, init containers: 1, containers: 1, volumes: 6)
2025-01-28 23:57:32,975 INFO c.h.h.t.HelmChartContainer - [hivemq-test-hivemq-platform] [hivemq-platform-operator] [7b61d8db] 23:57:32.975 [ReconcilerExecutor-hivemq-controller-137] DEBUG c.h.p.o.h.HiveMQPlatformReconcilerErrorHandler - [helmlega] Pod 'test-hivemq-legacy-platform-1' phase Running
2025-01-28 23:57:33,023 INFO c.h.h.t.HelmChartContainer - [hivemq-test-hivemq-platform] [hivemq-platform-operator] [7b61d8db] 23:57:33.022 [ReconcilerExecutor-hivemq-controller-137] DEBUG c.h.p.o.h.HiveMQPlatformReconcilerErrorHandler - [helmlega] Pod 'test-hivemq-legacy-platform-0' phase Running
2025-01-28 23:57:33,023 INFO c.h.h.t.HelmChartContainer - [hivemq-test-hivemq-platform] [hivemq-platform-operator] [7b61d8db] 23:57:33.022 [ReconcilerExecutor-hivemq-controller-137] DEBUG c.h.p.o.h.HiveMQPlatformReconcilerRollingRestartHandler - [helmlega] Rolling restart is waiting for 1 of 2 replicas
2025-01-28 23:57:33,757 INFO c.h.h.t.HelmChartContainer - [test-hivemq-legacy-platform] [hivemq] [3fa96912] INFO  - Starting HiveMQ Enterprise Server
2025-01-28 23:57:33,763 INFO c.h.h.t.HelmChartContainer - [test-hivemq-legacy-platform] [hivemq] [3fa96912] INFO  - HiveMQ version: 4.36.0
2025-01-28 23:57:33,763 INFO c.h.h.t.HelmChartContainer - [test-hivemq-legacy-platform] [hivemq] [3fa96912] INFO  - HiveMQ home directory: /opt/hivemq
2025-01-28 23:57:33,764 INFO c.h.h.t.HelmChartContainer - [test-hivemq-legacy-platform] [hivemq] [3fa96912] INFO  - Log Configuration was overridden by /opt/hivemq/conf/logback.xml
2025-01-28 23:57:34,869 INFO c.h.h.t.HelmChartContainer - [test-hivemq-legacy-platform] [hivemq] [3fa96912] INFO  - Successfully loaded configuration from '/opt/hivemq/conf-k8s/config.xml'.
2025-01-28 23:57:35,266 INFO c.h.h.t.HelmChartContainer - [test-hivemq-legacy-platform] [hivemq] [3fa96912] INFO  - This node's ID is 4BfGc
2025-01-28 23:57:35,657 INFO c.h.h.t.HelmChartContainer - [test-hivemq-legacy-platform] [hivemq] [3fa96912] INFO  - Clustering is enabled
2025-01-28 23:57:38,255 INFO c.h.h.t.HelmChartContainer - [test-hivemq-legacy-platform] [hivemq] [3fa96912] WARN  - [HiveMQ Platform Operator Init App 1.7.0-SNAPSHOT] Cannot connect to Health API for readiness: null
2025-01-28 23:57:38,261 INFO c.h.h.t.HelmChartContainer - [EVENT] Warning [Unhealthy] Readiness probe failed: HTTP probe failed with statuscode: 503 [helmlegacystatefulsetmigrationit-operator:test-hivemq-legacy-platform-0]
2025-01-28 23:57:38,261 INFO c.h.h.t.HelmChartContainer - Received Unhealthy event for container hivemq in pod test-hivemq-legacy-platform-0 [3fa96912-f957-4c20-90ed-602d363258bd]
2025-01-28 23:57:40,152 INFO c.h.h.t.HelmChartContainer - [test-hivemq-legacy-platform] [hivemq] [3fa96912] WARN  - [HiveMQ Platform Operator Init App 1.7.0-SNAPSHOT] Cannot connect to Health API for liveness: null
2025-01-28 23:57:40,152 INFO c.h.h.t.HelmChartContainer - [test-hivemq-legacy-platform] [hivemq] [3fa96912] INFO  - [HiveMQ Platform Operator Init App 1.7.0-SNAPSHOT] Returning default Health API response 200 for liveness
2025-01-28 23:57:42,952 INFO c.h.h.t.HelmChartContainer - [test-hivemq-legacy-platform] [hivemq] [3fa96912] WARN  - [HiveMQ Platform Operator Init App 1.7.0-SNAPSHOT] Cannot connect to Health API for readiness: null
2025-01-28 23:57:42,956 INFO c.h.h.t.HelmChartContainer - [EVENT] Warning [Unhealthy] Readiness probe failed: HTTP probe failed with statuscode: 503 [helmlegacystatefulsetmigrationit-operator:test-hivemq-legacy-platform-0]
2025-01-28 23:57:42,956 INFO c.h.h.t.HelmChartContainer - Received Unhealthy event for container hivemq in pod test-hivemq-legacy-platform-0 [3fa96912-f957-4c20-90ed-602d363258bd]
2025-01-28 23:57:43,030 INFO c.h.h.t.HelmChartContainer - [hivemq-test-hivemq-platform] [hivemq-platform-operator] [7b61d8db] 23:57:43.025 [pool-6-thread-5] DEBUG c.h.p.o.d.PlatformServiceResource - [helmlega] Desired Platform services (4 services)
2025-01-28 23:57:43,030 INFO c.h.h.t.HelmChartContainer - [hivemq-test-hivemq-platform] [hivemq-platform-operator] [7b61d8db] 23:57:43.026 [pool-6-thread-3] DEBUG c.h.p.o.dependants.PodInfoConfigMap - [helmlega] Desired PodInfo ConfigMap (2 extensions) (1 enabled)
2025-01-28 23:57:43,030 INFO c.h.h.t.HelmChartContainer - [hivemq-test-hivemq-platform] [hivemq-platform-operator] [7b61d8db] 23:57:43.026 [pool-6-thread-3] DEBUG c.h.p.o.dependants.PodInfoConfigMap - [helmlega] Desired PodInfo ConfigMap (metrics port: 9399) (metrics path: /)
2025-01-28 23:57:43,030 INFO c.h.h.t.HelmChartContainer - [hivemq-test-hivemq-platform] [hivemq-platform-operator] [7b61d8db] 23:57:43.026 [pool-6-thread-3] DEBUG c.h.p.o.dependants.PodInfoConfigMap - [helmlega] Desired PodInfo ConfigMap (extension state hash: -727970014)
2025-01-28 23:57:43,030 INFO c.h.h.t.HelmChartContainer - [hivemq-test-hivemq-platform] [hivemq-platform-operator] [7b61d8db] 23:57:43.028 [pool-6-thread-3] DEBUG c.h.p.o.d.PodServiceAccountResource - [helmlega] Desired PodServiceAccountResource (serviceAccountName: hivemq-platform-pod-test-hivemq-legacy-platform)
2025-01-28 23:57:43,032 INFO c.h.h.t.HelmChartContainer - [hivemq-test-hivemq-platform] [hivemq-platform-operator] [7b61d8db] 23:57:43.031 [pool-6-thread-5] DEBUG c.h.p.o.d.StatefulSetResource - [helmlega] Desired StatefulSet (2 replicas) for status ROLLING_RESTART (RESTART_PODS_IN_PROGRESS)
2025-01-28 23:57:43,035 INFO c.h.h.t.HelmChartContainer - [hivemq-test-hivemq-platform] [hivemq-platform-operator] [7b61d8db] 23:57:43.034 [ReconcilerExecutor-hivemq-controller-138] INFO  c.h.p.o.HiveMQPlatformReconciler - [helmlega] Reconciling HiveMQ Platform 'test-hivemq-legacy-platform' in namespace 'helmlegacystatefulsetmigrationit-operator'
2025-01-28 23:57:43,036 INFO c.h.h.t.HelmChartContainer - [hivemq-test-hivemq-platform] [hivemq-platform-operator] [7b61d8db] 23:57:43.034 [ReconcilerExecutor-hivemq-controller-138] DEBUG c.h.p.o.HiveMQPlatformReconciler - [helmlega] Custom Resource Status ROLLING_RESTART - HiveMQ Platform is restarting Pods (rolling restart) (RESTART_PODS_IN_PROGRESS)
2025-01-28 23:57:43,036 INFO c.h.h.t.HelmChartContainer - [hivemq-test-hivemq-platform] [hivemq-platform-operator] [7b61d8db] 23:57:43.034 [ReconcilerExecutor-hivemq-controller-138] DEBUG c.h.p.o.HiveMQPlatformReconciler - [helmlega] Custom Resource Spec (replicas: 1) (extensions: 2)
2025-01-28 23:57:43,036 INFO c.h.h.t.HelmChartContainer - [hivemq-test-hivemq-platform] [hivemq-platform-operator] [7b61d8db] 23:57:43.036 [ReconcilerExecutor-hivemq-controller-138] DEBUG c.h.p.o.HiveMQPlatformReconciler - [helmlega] StatefulSet Status (revision: test-hivemq-legacy-platform-65df8dcb7f, replicas: 2, available: 1, ready: 1, current: 2, updated: 2)
2025-01-28 23:57:43,036 INFO c.h.h.t.HelmChartContainer - [hivemq-test-hivemq-platform] [hivemq-platform-operator] [7b61d8db] 23:57:43.036 [ReconcilerExecutor-hivemq-controller-138] DEBUG c.h.p.o.HiveMQPlatformReconciler - [helmlega] StatefulSet Spec (replicas: 2, init containers: 1, containers: 1, volumes: 6)
2025-01-28 23:57:43,038 INFO c.h.h.t.HelmChartContainer - [hivemq-test-hivemq-platform] [hivemq-platform-operator] [7b61d8db] 23:57:43.037 [ReconcilerExecutor-hivemq-controller-138] DEBUG c.h.p.o.h.HiveMQPlatformReconcilerErrorHandler - [helmlega] Pod 'test-hivemq-legacy-platform-1' phase Running
2025-01-28 23:57:43,039 INFO c.h.h.t.HelmChartContainer - [hivemq-test-hivemq-platform] [hivemq-platform-operator] [7b61d8db] 23:57:43.038 [ReconcilerExecutor-hivemq-controller-138] DEBUG c.h.p.o.h.HiveMQPlatformReconcilerErrorHandler - [helmlega] Pod 'test-hivemq-legacy-platform-0' phase Running
2025-01-28 23:57:43,039 INFO c.h.h.t.HelmChartContainer - [hivemq-test-hivemq-platform] [hivemq-platform-operator] [7b61d8db] 23:57:43.038 [ReconcilerExecutor-hivemq-controller-138] DEBUG c.h.p.o.h.HiveMQPlatformReconcilerRollingRestartHandler - [helmlega] Rolling restart is waiting for 1 of 2 replicas
2025-01-28 23:57:47,952 INFO c.h.h.t.HelmChartContainer - [test-hivemq-legacy-platform] [hivemq] [3fa96912] WARN  - [HiveMQ Platform Operator Init App 1.7.0-SNAPSHOT] Cannot connect to Health API for readiness: null
2025-01-28 23:57:47,957 INFO c.h.h.t.HelmChartContainer - [EVENT] Warning [Unhealthy] Readiness probe failed: HTTP probe failed with statuscode: 503 [helmlegacystatefulsetmigrationit-operator:test-hivemq-legacy-platform-0]
2025-01-28 23:57:47,957 INFO c.h.h.t.HelmChartContainer - Received Unhealthy event for container hivemq in pod test-hivemq-legacy-platform-0 [3fa96912-f957-4c20-90ed-602d363258bd]
2025-01-28 23:57:48,505 INFO c.h.h.t.HelmChartContainer - [test-hivemq-legacy-platform] [hivemq] [3fa96912] INFO  - No valid license file found. Using trial license, restricted to 25 connections.
2025-01-28 23:57:51,749 INFO c.h.h.t.HelmChartContainer - [test-hivemq-legacy-platform] [hivemq] [3fa96912] INFO  - No valid license file for Data Hub found. Using free license, restricted to 1 policy.
2025-01-28 23:57:52,861 INFO c.h.h.t.HelmChartContainer - [test-hivemq-legacy-platform] [hivemq] [3fa96912] INFO  - Audit Logger started.
2025-01-28 23:57:52,958 INFO c.h.h.t.HelmChartContainer - [test-hivemq-legacy-platform] [hivemq] [3fa96912] WARN  - [HiveMQ Platform Operator Init App 1.7.0-SNAPSHOT] Cannot connect to Health API for readiness: null
2025-01-28 23:57:52,959 INFO c.h.h.t.HelmChartContainer - [EVENT] Warning [Unhealthy] Readiness probe failed: HTTP probe failed with statuscode: 503 [helmlegacystatefulsetmigrationit-operator:test-hivemq-legacy-platform-0]
2025-01-28 23:57:52,959 INFO c.h.h.t.HelmChartContainer - Received Unhealthy event for container hivemq in pod test-hivemq-legacy-platform-0 [3fa96912-f957-4c20-90ed-602d363258bd]
2025-01-28 23:57:53,046 INFO c.h.h.t.HelmChartContainer - [hivemq-test-hivemq-platform] [hivemq-platform-operator] [7b61d8db] 23:57:53.042 [pool-6-thread-18] DEBUG c.h.p.o.d.PodServiceAccountResource - [helmlega] Desired PodServiceAccountResource (serviceAccountName: hivemq-platform-pod-test-hivemq-legacy-platform)
2025-01-28 23:57:53,046 INFO c.h.h.t.HelmChartContainer - [hivemq-test-hivemq-platform] [hivemq-platform-operator] [7b61d8db] 23:57:53.042 [pool-6-thread-19] DEBUG c.h.p.o.d.PlatformServiceResource - [helmlega] Desired Platform services (4 services)
2025-01-28 23:57:53,046 INFO c.h.h.t.HelmChartContainer - [hivemq-test-hivemq-platform] [hivemq-platform-operator] [7b61d8db] 23:57:53.043 [pool-6-thread-16] DEBUG c.h.p.o.dependants.PodInfoConfigMap - [helmlega] Desired PodInfo ConfigMap (2 extensions) (1 enabled)
2025-01-28 23:57:53,046 INFO c.h.h.t.HelmChartContainer - [hivemq-test-hivemq-platform] [hivemq-platform-operator] [7b61d8db] 23:57:53.043 [pool-6-thread-16] DEBUG c.h.p.o.dependants.PodInfoConfigMap - [helmlega] Desired PodInfo ConfigMap (metrics port: 9399) (metrics path: /)
2025-01-28 23:57:53,046 INFO c.h.h.t.HelmChartContainer - [hivemq-test-hivemq-platform] [hivemq-platform-operator] [7b61d8db] 23:57:53.043 [pool-6-thread-16] DEBUG c.h.p.o.dependants.PodInfoConfigMap - [helmlega] Desired PodInfo ConfigMap (extension state hash: -727970014)
2025-01-28 23:57:53,048 INFO c.h.h.t.HelmChartContainer - [hivemq-test-hivemq-platform] [hivemq-platform-operator] [7b61d8db] 23:57:53.047 [pool-6-thread-19] DEBUG c.h.p.o.d.StatefulSetResource - [helmlega] Desired StatefulSet (2 replicas) for status ROLLING_RESTART (RESTART_PODS_IN_PROGRESS)
2025-01-28 23:57:53,051 INFO c.h.h.t.HelmChartContainer - [hivemq-test-hivemq-platform] [hivemq-platform-operator] [7b61d8db] 23:57:53.050 [ReconcilerExecutor-hivemq-controller-139] INFO  c.h.p.o.HiveMQPlatformReconciler - [helmlega] Reconciling HiveMQ Platform 'test-hivemq-legacy-platform' in namespace 'helmlegacystatefulsetmigrationit-operator'
2025-01-28 23:57:53,051 INFO c.h.h.t.HelmChartContainer - [hivemq-test-hivemq-platform] [hivemq-platform-operator] [7b61d8db] 23:57:53.050 [ReconcilerExecutor-hivemq-controller-139] DEBUG c.h.p.o.HiveMQPlatformReconciler - [helmlega] Custom Resource Status ROLLING_RESTART - HiveMQ Platform is restarting Pods (rolling restart) (RESTART_PODS_IN_PROGRESS)
2025-01-28 23:57:53,052 INFO c.h.h.t.HelmChartContainer - [hivemq-test-hivemq-platform] [hivemq-platform-operator] [7b61d8db] 23:57:53.050 [ReconcilerExecutor-hivemq-controller-139] DEBUG c.h.p.o.HiveMQPlatformReconciler - [helmlega] Custom Resource Spec (replicas: 1) (extensions: 2)
2025-01-28 23:57:53,052 INFO c.h.h.t.HelmChartContainer - [hivemq-test-hivemq-platform] [hivemq-platform-operator] [7b61d8db] 23:57:53.051 [ReconcilerExecutor-hivemq-controller-139] DEBUG c.h.p.o.HiveMQPlatformReconciler - [helmlega] StatefulSet Status (revision: test-hivemq-legacy-platform-65df8dcb7f, replicas: 2, available: 1, ready: 1, current: 2, updated: 2)
2025-01-28 23:57:53,053 INFO c.h.h.t.HelmChartContainer - [hivemq-test-hivemq-platform] [hivemq-platform-operator] [7b61d8db] 23:57:53.052 [ReconcilerExecutor-hivemq-controller-139] DEBUG c.h.p.o.HiveMQPlatformReconciler - [helmlega] StatefulSet Spec (replicas: 2, init containers: 1, containers: 1, volumes: 6)
2025-01-28 23:57:53,056 INFO c.h.h.t.HelmChartContainer - [hivemq-test-hivemq-platform] [hivemq-platform-operator] [7b61d8db] 23:57:53.055 [ReconcilerExecutor-hivemq-controller-139] DEBUG c.h.p.o.h.HiveMQPlatformReconcilerErrorHandler - [helmlega] Pod 'test-hivemq-legacy-platform-1' phase Running
2025-01-28 23:57:53,059 INFO c.h.h.t.HelmChartContainer - [hivemq-test-hivemq-platform] [hivemq-platform-operator] [7b61d8db] 23:57:53.058 [ReconcilerExecutor-hivemq-controller-139] DEBUG c.h.p.o.h.HiveMQPlatformReconcilerErrorHandler - [helmlega] Pod 'test-hivemq-legacy-platform-0' phase Running
2025-01-28 23:57:53,060 INFO c.h.h.t.HelmChartContainer - [hivemq-test-hivemq-platform] [hivemq-platform-operator] [7b61d8db] 23:57:53.059 [ReconcilerExecutor-hivemq-controller-139] DEBUG c.h.p.o.h.HiveMQPlatformReconcilerRollingRestartHandler - [helmlega] Rolling restart is waiting for 1 of 2 replicas
2025-01-28 23:57:53,178 INFO c.h.h.t.HelmChartContainer - [test-hivemq-legacy-platform] [hivemq] [3fa96912] INFO  - This node uses '1' CPU cores.
2025-01-28 23:57:53,183 INFO c.h.h.t.HelmChartContainer - [test-hivemq-legacy-platform] [hivemq] [3fa96912] INFO  - Starting HiveMQ Health API on address 0.0.0.0 and port 8889
2025-01-28 23:57:54,069 INFO c.h.h.t.HelmChartContainer - [test-hivemq-legacy-platform] [hivemq] [3fa96912] INFO  - Started HiveMQ Health API in 886ms
2025-01-28 23:57:54,670 INFO c.h.h.t.HelmChartContainer - [test-hivemq-legacy-platform] [hivemq] [3fa96912] INFO  - Starting HiveMQ extension system.
2025-01-28 23:57:57,354 INFO c.h.h.t.HelmChartContainer - [test-hivemq-legacy-platform] [hivemq] [3fa96912] INFO  - No license found for enterprise extension with name "HiveMQ Enterprise Security Extension". Entering extension trial mode. "HiveMQ Enterprise Security Extension" will be disabled in 5 hours.
2025-01-28 23:57:57,552 INFO c.h.h.t.HelmChartContainer - [test-hivemq-legacy-platform] [hivemq] [3fa96912] INFO  - Starting extension with id "hivemq-dns-cluster-discovery" at /opt/hivemq/extensions/hivemq-dns-cluster-discovery
2025-01-28 23:57:58,050 INFO c.h.h.t.HelmChartContainer - [test-hivemq-legacy-platform] [hivemq] [3fa96912] INFO  - Using TCP cluster transport on address 10.42.0.14 and port 7000
2025-01-28 23:57:58,055 INFO c.h.h.t.HelmChartContainer - [test-hivemq-legacy-platform] [hivemq] [3fa96912] INFO  - Extension "DNS Cluster Discovery Extension" version 4.3.2 started successfully.
2025-01-28 23:57:58,055 INFO c.h.h.t.HelmChartContainer - [test-hivemq-legacy-platform] [hivemq] [3fa96912] INFO  - Starting extension with id "hivemq-enterprise-security-extension" at /opt/hivemq/extensions/hivemq-enterprise-security-extension
2025-01-28 23:57:58,058 INFO c.h.h.t.HelmChartContainer - [test-hivemq-legacy-platform] [hivemq] [3fa96912] INFO  - Using extension cluster discovery
2025-01-28 23:57:58,960 INFO c.h.h.t.HelmChartContainer - [EVENT] Warning [Unhealthy] Readiness probe failed: Get "http://10.42.0.14:7979/readiness": context deadline exceeded (Client.Timeout exceeded while awaiting headers) [helmlegacystatefulsetmigrationit-operator:test-hivemq-legacy-platform-0]
2025-01-28 23:57:58,960 INFO c.h.h.t.HelmChartContainer - Received Unhealthy event for container hivemq in pod test-hivemq-legacy-platform-0 [3fa96912-f957-4c20-90ed-602d363258bd]
2025-01-28 23:57:59,558 INFO c.h.h.t.HelmChartContainer - [test-hivemq-legacy-platform] [hivemq] [3fa96912] INFO  - [HiveMQ Platform Operator Init App 1.7.0-SNAPSHOT] Returning Health API response 503 for readiness
2025-01-28 23:57:59,606 INFO c.h.h.t.HelmChartContainer - [test-hivemq-legacy-platform] [hivemq] [877830f0] INFO  - Cluster nodes found by discovery: [P4tTE|3] (2) [P4tTE, 4BfGc].
2025-01-28 23:57:59,756 INFO c.h.h.t.HelmChartContainer - [test-hivemq-legacy-platform] [hivemq] [3fa96912] INFO  - Cluster nodes found by discovery: [P4tTE|3] (2) [P4tTE, 4BfGc].
2025-01-28 23:58:00,151 INFO c.h.h.t.HelmChartContainer - [test-hivemq-legacy-platform] [hivemq] [3fa96912] INFO  - Cluster size = 1, members : [P4tTE].
2025-01-28 23:58:00,350 INFO c.h.h.t.HelmChartContainer - [test-hivemq-legacy-platform] [hivemq] [3fa96912] WARN  - HiveMQ Enterprise Security Extension: The configuration file is placed at the legacy location '/opt/hivemq/extensions/hivemq-enterprise-security-extension/conf/enterprise-security-extension.xml'. Please move the configuration file to the new location '/opt/hivemq/extensions/hivemq-enterprise-security-extension/conf/config.xml'. Support for the legacy location will be removed in a future release.
2025-01-28 23:58:00,461 INFO c.h.h.t.HelmChartContainer - [test-hivemq-legacy-platform] [hivemq] [3fa96912] INFO  - HiveMQ Enterprise Security Extension: Successfully loaded configuration from '/opt/hivemq/extensions/hivemq-enterprise-security-extension/conf/enterprise-security-extension.xml'.
2025-01-28 23:58:00,506 INFO c.h.h.t.HelmChartContainer - [test-hivemq-legacy-platform] [hivemq] [3fa96912] INFO  - HiveMQ Enterprise Security Extension: Starting HiveMQ Enterprise Security Extension.
2025-01-28 23:58:00,756 INFO c.h.h.t.HelmChartContainer - [test-hivemq-legacy-platform] [hivemq] [3fa96912] INFO  - Starting cluster join process. This may take a while. Please do not shut down HiveMQ.
2025-01-28 23:58:00,759 INFO c.h.h.t.HelmChartContainer - [test-hivemq-legacy-platform] [hivemq] [3fa96912] INFO  - Cluster join process is still ongoing. Please do not shut down HiveMQ.
2025-01-28 23:58:00,951 INFO c.h.h.t.HelmChartContainer - [test-hivemq-legacy-platform] [hivemq] [3fa96912] INFO  - HiveMQ Enterprise Security Extension: Access log is written to /opt/hivemq/log/access/access.log.
2025-01-28 23:58:01,351 INFO c.h.h.t.HelmChartContainer - [test-hivemq-legacy-platform] [hivemq] [3fa96912] INFO  - HiveMQ Enterprise Security Extension: Started HiveMQ Enterprise Security Extension successfully in 3292ms.
2025-01-28 23:58:01,352 INFO c.h.h.t.HelmChartContainer - [test-hivemq-legacy-platform] [hivemq] [3fa96912] INFO  - Extension "HiveMQ Enterprise Security Extension" version 4.36.0 started successfully.
2025-01-28 23:58:01,352 INFO c.h.h.t.HelmChartContainer - [test-hivemq-legacy-platform] [hivemq] [3fa96912] INFO  - Starting extension with id "hivemq-prometheus-extension" at /opt/hivemq/extensions/hivemq-prometheus-extension
2025-01-28 23:58:01,669 INFO c.h.h.t.HelmChartContainer - [test-hivemq-legacy-platform] [hivemq] [3fa96912] INFO  - Started Jetty Server exposing Prometheus Servlet on URI http://0.0.0.0:9399/
2025-01-28 23:58:01,669 INFO c.h.h.t.HelmChartContainer - [test-hivemq-legacy-platform] [hivemq] [3fa96912] INFO  - Extension "Prometheus Monitoring Extension" version 4.0.12 started successfully.
2025-01-28 23:58:02,874 INFO c.h.h.t.HelmChartContainer - [test-hivemq-legacy-platform] [hivemq] [877830f0] INFO  - Cluster size = 2, members : [P4tTE, 4BfGc].
2025-01-28 23:58:02,883 INFO c.h.h.t.HelmChartContainer - [test-hivemq-legacy-platform] [hivemq] [3fa96912] INFO  - Cluster size = 2, members : [P4tTE, 4BfGc].
2025-01-28 23:58:02,908 INFO c.h.h.t.HelmChartContainer - [test-hivemq-legacy-platform] [hivemq] [3fa96912] INFO  - Finished cluster join process successfully.
2025-01-28 23:58:02,950 INFO c.h.h.t.HelmChartContainer - [test-hivemq-legacy-platform] [hivemq] [3fa96912] INFO  - Starting HiveMQ REST API on address 0.0.0.0 and port 8888
2025-01-28 23:58:02,959 INFO c.h.h.t.HelmChartContainer - [EVENT] Warning [Unhealthy] Readiness probe failed: HTTP probe failed with statuscode: 503 [helmlegacystatefulsetmigrationit-operator:test-hivemq-legacy-platform-0]
2025-01-28 23:58:02,959 INFO c.h.h.t.HelmChartContainer - Received Unhealthy event for container hivemq in pod test-hivemq-legacy-platform-0 [3fa96912-f957-4c20-90ed-602d363258bd]
2025-01-28 23:58:03,065 INFO c.h.h.t.HelmChartContainer - [hivemq-test-hivemq-platform] [hivemq-platform-operator] [7b61d8db] 23:58:03.062 [pool-6-thread-23] DEBUG c.h.p.o.d.PlatformServiceResource - [helmlega] Desired Platform services (4 services)
2025-01-28 23:58:03,065 INFO c.h.h.t.HelmChartContainer - [hivemq-test-hivemq-platform] [hivemq-platform-operator] [7b61d8db] 23:58:03.063 [pool-6-thread-28] DEBUG c.h.p.o.dependants.PodInfoConfigMap - [helmlega] Desired PodInfo ConfigMap (2 extensions) (1 enabled)
2025-01-28 23:58:03,065 INFO c.h.h.t.HelmChartContainer - [hivemq-test-hivemq-platform] [hivemq-platform-operator] [7b61d8db] 23:58:03.063 [pool-6-thread-28] DEBUG c.h.p.o.dependants.PodInfoConfigMap - [helmlega] Desired PodInfo ConfigMap (metrics port: 9399) (metrics path: /)
2025-01-28 23:58:03,065 INFO c.h.h.t.HelmChartContainer - [hivemq-test-hivemq-platform] [hivemq-platform-operator] [7b61d8db] 23:58:03.063 [pool-6-thread-28] DEBUG c.h.p.o.dependants.PodInfoConfigMap - [helmlega] Desired PodInfo ConfigMap (extension state hash: -727970014)
2025-01-28 23:58:03,065 INFO c.h.h.t.HelmChartContainer - [hivemq-test-hivemq-platform] [hivemq-platform-operator] [7b61d8db] 23:58:03.063 [pool-6-thread-21] DEBUG c.h.p.o.d.PodServiceAccountResource - [helmlega] Desired PodServiceAccountResource (serviceAccountName: hivemq-platform-pod-test-hivemq-legacy-platform)
2025-01-28 23:58:03,069 INFO c.h.h.t.HelmChartContainer - [hivemq-test-hivemq-platform] [hivemq-platform-operator] [7b61d8db] 23:58:03.067 [pool-6-thread-23] DEBUG c.h.p.o.d.StatefulSetResource - [helmlega] Desired StatefulSet (2 replicas) for status ROLLING_RESTART (RESTART_PODS_IN_PROGRESS)
2025-01-28 23:58:03,071 INFO c.h.h.t.HelmChartContainer - [hivemq-test-hivemq-platform] [hivemq-platform-operator] [7b61d8db] 23:58:03.070 [ReconcilerExecutor-hivemq-controller-140] INFO  c.h.p.o.HiveMQPlatformReconciler - [helmlega] Reconciling HiveMQ Platform 'test-hivemq-legacy-platform' in namespace 'helmlegacystatefulsetmigrationit-operator'
2025-01-28 23:58:03,071 INFO c.h.h.t.HelmChartContainer - [hivemq-test-hivemq-platform] [hivemq-platform-operator] [7b61d8db] 23:58:03.070 [ReconcilerExecutor-hivemq-controller-140] DEBUG c.h.p.o.HiveMQPlatformReconciler - [helmlega] Custom Resource Status ROLLING_RESTART - HiveMQ Platform is restarting Pods (rolling restart) (RESTART_PODS_IN_PROGRESS)
2025-01-28 23:58:03,072 INFO c.h.h.t.HelmChartContainer - [hivemq-test-hivemq-platform] [hivemq-platform-operator] [7b61d8db] 23:58:03.071 [ReconcilerExecutor-hivemq-controller-140] DEBUG c.h.p.o.HiveMQPlatformReconciler - [helmlega] Custom Resource Spec (replicas: 1) (extensions: 2)
2025-01-28 23:58:03,074 INFO c.h.h.t.HelmChartContainer - [hivemq-test-hivemq-platform] [hivemq-platform-operator] [7b61d8db] 23:58:03.073 [ReconcilerExecutor-hivemq-controller-140] DEBUG c.h.p.o.HiveMQPlatformReconciler - [helmlega] StatefulSet Status (revision: test-hivemq-legacy-platform-65df8dcb7f, replicas: 2, available: 1, ready: 1, current: 2, updated: 2)
2025-01-28 23:58:03,075 INFO c.h.h.t.HelmChartContainer - [hivemq-test-hivemq-platform] [hivemq-platform-operator] [7b61d8db] 23:58:03.073 [ReconcilerExecutor-hivemq-controller-140] DEBUG c.h.p.o.HiveMQPlatformReconciler - [helmlega] StatefulSet Spec (replicas: 2, init containers: 1, containers: 1, volumes: 6)
2025-01-28 23:58:03,076 INFO c.h.h.t.HelmChartContainer - [hivemq-test-hivemq-platform] [hivemq-platform-operator] [7b61d8db] 23:58:03.074 [ReconcilerExecutor-hivemq-controller-140] DEBUG c.h.p.o.h.HiveMQPlatformReconcilerErrorHandler - [helmlega] Pod 'test-hivemq-legacy-platform-1' phase Running
2025-01-28 23:58:03,077 INFO c.h.h.t.HelmChartContainer - [hivemq-test-hivemq-platform] [hivemq-platform-operator] [7b61d8db] 23:58:03.075 [ReconcilerExecutor-hivemq-controller-140] DEBUG c.h.p.o.h.HiveMQPlatformReconcilerErrorHandler - [helmlega] Pod 'test-hivemq-legacy-platform-0' phase Running
2025-01-28 23:58:03,077 INFO c.h.h.t.HelmChartContainer - [hivemq-test-hivemq-platform] [hivemq-platform-operator] [7b61d8db] 23:58:03.076 [ReconcilerExecutor-hivemq-controller-140] DEBUG c.h.p.o.h.HiveMQPlatformReconcilerRollingRestartHandler - [helmlega] Rolling restart is waiting for 1 of 2 replicas
2025-01-28 23:58:03,453 INFO c.h.h.t.HelmChartContainer - [test-hivemq-legacy-platform] [hivemq] [3fa96912] INFO  - Started HiveMQ REST API in 503ms
2025-01-28 23:58:03,454 INFO c.h.h.t.HelmChartContainer - [test-hivemq-legacy-platform] [hivemq] [3fa96912] WARN  - No user for HiveMQ Control Center configured. Starting with default user
2025-01-28 23:58:03,454 INFO c.h.h.t.HelmChartContainer - [test-hivemq-legacy-platform] [hivemq] [3fa96912] INFO  - Starting HiveMQ Control Center on address 0.0.0.0 and port 8080
2025-01-28 23:58:03,457 INFO c.h.h.t.HelmChartContainer - [test-hivemq-legacy-platform] [hivemq] [3fa96912] INFO  - Mounting HiveMQ Control Center V2 Preview
2025-01-28 23:58:04,110 INFO c.h.h.t.HelmChartContainer - [test-hivemq-legacy-platform] [hivemq] [3fa96912] INFO  - Started HiveMQ Control Center in 658ms
2025-01-28 23:58:04,160 INFO c.h.h.t.HelmChartContainer - [test-hivemq-legacy-platform] [hivemq] [3fa96912] INFO  - Starting TCP listener on address 0.0.0.0 and port 1883
2025-01-28 23:58:04,206 INFO c.h.h.t.HelmChartContainer - [test-hivemq-legacy-platform] [hivemq] [3fa96912] INFO  - Started TCP Listener on address 0.0.0.0 and on port 1883.
2025-01-28 23:58:04,206 INFO c.h.h.t.HelmChartContainer - [test-hivemq-legacy-platform] [hivemq] [3fa96912] INFO  - Started HiveMQ in 30843ms
2025-01-28 23:58:07,919 INFO c.h.h.t.HelmChartContainer - [test-hivemq-legacy-platform] [hivemq] [3fa96912] INFO  - [HiveMQ Platform Operator Init App 1.7.0-SNAPSHOT] Returning Health API response 200 for readiness
2025-01-28 23:58:07,931 INFO c.h.h.t.HelmChartContainer - [POD] test-hivemq-legacy-platform-0 [3fa96912-f957-4c20-90ed-602d363258bd] in helmlegacystatefulsetmigrationit-operator was MODIFIED
2025-01-28 23:58:07,953 INFO c.h.h.t.HelmChartContainer - [hivemq-test-hivemq-platform] [hivemq-platform-operator] [7b61d8db] 23:58:07.933 [pool-6-thread-34] DEBUG c.h.p.o.d.PlatformServiceResource - [helmlega] Desired Platform services (4 services)
2025-01-28 23:58:07,953 INFO c.h.h.t.HelmChartContainer - [hivemq-test-hivemq-platform] [hivemq-platform-operator] [7b61d8db] 23:58:07.935 [pool-6-thread-36] DEBUG c.h.p.o.d.PodServiceAccountResource - [helmlega] Desired PodServiceAccountResource (serviceAccountName: hivemq-platform-pod-test-hivemq-legacy-platform)
2025-01-28 23:58:07,953 INFO c.h.h.t.HelmChartContainer - [hivemq-test-hivemq-platform] [hivemq-platform-operator] [7b61d8db] 23:58:07.935 [pool-6-thread-37] DEBUG c.h.p.o.dependants.PodInfoConfigMap - [helmlega] Desired PodInfo ConfigMap (2 extensions) (1 enabled)
2025-01-28 23:58:07,953 INFO c.h.h.t.HelmChartContainer - [hivemq-test-hivemq-platform] [hivemq-platform-operator] [7b61d8db] 23:58:07.939 [pool-6-thread-37] DEBUG c.h.p.o.dependants.PodInfoConfigMap - [helmlega] Desired PodInfo ConfigMap (metrics port: 9399) (metrics path: /)
2025-01-28 23:58:07,956 INFO c.h.h.t.HelmChartContainer - [hivemq-test-hivemq-platform] [hivemq-platform-operator] [7b61d8db] 23:58:07.939 [pool-6-thread-37] DEBUG c.h.p.o.dependants.PodInfoConfigMap - [helmlega] Desired PodInfo ConfigMap (extension state hash: -727970014)
2025-01-28 23:58:07,956 INFO c.h.h.t.HelmChartContainer - [hivemq-test-hivemq-platform] [hivemq-platform-operator] [7b61d8db] 23:58:07.942 [pool-6-thread-34] DEBUG c.h.p.o.d.StatefulSetResource - [helmlega] Desired StatefulSet (2 replicas) for status ROLLING_RESTART (RESTART_PODS_IN_PROGRESS)
2025-01-28 23:58:07,956 INFO c.h.h.t.HelmChartContainer - [hivemq-test-hivemq-platform] [hivemq-platform-operator] [7b61d8db] 23:58:07.945 [ReconcilerExecutor-hivemq-controller-141] INFO  c.h.p.o.HiveMQPlatformReconciler - [helmlega] Reconciling HiveMQ Platform 'test-hivemq-legacy-platform' in namespace 'helmlegacystatefulsetmigrationit-operator'
2025-01-28 23:58:07,956 INFO c.h.h.t.HelmChartContainer - [hivemq-test-hivemq-platform] [hivemq-platform-operator] [7b61d8db] 23:58:07.945 [ReconcilerExecutor-hivemq-controller-141] DEBUG c.h.p.o.HiveMQPlatformReconciler - [helmlega] Custom Resource Status ROLLING_RESTART - HiveMQ Platform is restarting Pods (rolling restart) (RESTART_PODS_IN_PROGRESS)
2025-01-28 23:58:07,956 INFO c.h.h.t.HelmChartContainer - [hivemq-test-hivemq-platform] [hivemq-platform-operator] [7b61d8db] 23:58:07.945 [ReconcilerExecutor-hivemq-controller-141] DEBUG c.h.p.o.HiveMQPlatformReconciler - [helmlega] Custom Resource Spec (replicas: 1) (extensions: 2)
2025-01-28 23:58:07,956 INFO c.h.h.t.HelmChartContainer - [hivemq-test-hivemq-platform] [hivemq-platform-operator] [7b61d8db] 23:58:07.946 [ReconcilerExecutor-hivemq-controller-141] DEBUG c.h.p.o.HiveMQPlatformReconciler - [helmlega] StatefulSet Status (revision: test-hivemq-legacy-platform-65df8dcb7f, replicas: 2, available: 1, ready: 1, current: 2, updated: 2)
2025-01-28 23:58:07,956 INFO c.h.h.t.HelmChartContainer - [hivemq-test-hivemq-platform] [hivemq-platform-operator] [7b61d8db] 23:58:07.946 [ReconcilerExecutor-hivemq-controller-141] DEBUG c.h.p.o.HiveMQPlatformReconciler - [helmlega] StatefulSet Spec (replicas: 2, init containers: 1, containers: 1, volumes: 6)
2025-01-28 23:58:07,956 INFO c.h.h.t.HelmChartContainer - [hivemq-test-hivemq-platform] [hivemq-platform-operator] [7b61d8db] 23:58:07.951 [ReconcilerExecutor-hivemq-controller-141] DEBUG c.h.p.o.h.HiveMQPlatformReconcilerErrorHandler - [helmlega] Pod 'test-hivemq-legacy-platform-1' phase Running
2025-01-28 23:58:07,956 INFO c.h.h.t.HelmChartContainer - [hivemq-test-hivemq-platform] [hivemq-platform-operator] [7b61d8db] 23:58:07.952 [ReconcilerExecutor-hivemq-controller-141] DEBUG c.h.p.o.h.HiveMQPlatformReconcilerErrorHandler - [helmlega] Pod 'test-hivemq-legacy-platform-0' phase Running
2025-01-28 23:58:07,956 INFO c.h.h.t.HelmChartContainer - [hivemq-test-hivemq-platform] [hivemq-platform-operator] [7b61d8db] 23:58:07.952 [ReconcilerExecutor-hivemq-controller-141] DEBUG c.h.p.o.h.HiveMQPlatformReconcilerRollingRestartHandler - [helmlega] Rolling restart is waiting for 1 of 2 replicas
2025-01-28 23:58:08,028 INFO c.h.h.t.HelmChartContainer - [hivemq-test-hivemq-platform] [hivemq-platform-operator] [7b61d8db] 23:58:08.025 [pool-6-thread-46] DEBUG c.h.p.o.d.PlatformServiceResource - [helmlega] Desired Platform services (4 services)
2025-01-28 23:58:08,028 INFO c.h.h.t.HelmChartContainer - [hivemq-test-hivemq-platform] [hivemq-platform-operator] [7b61d8db] 23:58:08.025 [pool-6-thread-48] DEBUG c.h.p.o.d.PodServiceAccountResource - [helmlega] Desired PodServiceAccountResource (serviceAccountName: hivemq-platform-pod-test-hivemq-legacy-platform)
2025-01-28 23:58:08,028 INFO c.h.h.t.HelmChartContainer - [hivemq-test-hivemq-platform] [hivemq-platform-operator] [7b61d8db] 23:58:08.025 [pool-6-thread-44] DEBUG c.h.p.o.dependants.PodInfoConfigMap - [helmlega] Desired PodInfo ConfigMap (2 extensions) (1 enabled)
2025-01-28 23:58:08,028 INFO c.h.h.t.HelmChartContainer - [hivemq-test-hivemq-platform] [hivemq-platform-operator] [7b61d8db] 23:58:08.025 [pool-6-thread-44] DEBUG c.h.p.o.dependants.PodInfoConfigMap - [helmlega] Desired PodInfo ConfigMap (metrics port: 9399) (metrics path: /)
2025-01-28 23:58:08,028 INFO c.h.h.t.HelmChartContainer - [hivemq-test-hivemq-platform] [hivemq-platform-operator] [7b61d8db] 23:58:08.025 [pool-6-thread-44] DEBUG c.h.p.o.dependants.PodInfoConfigMap - [helmlega] Desired PodInfo ConfigMap (extension state hash: -727970014)
2025-01-28 23:58:08,030 INFO c.h.h.t.HelmChartContainer - [hivemq-test-hivemq-platform] [hivemq-platform-operator] [7b61d8db] 23:58:08.029 [pool-6-thread-46] DEBUG c.h.p.o.d.StatefulSetResource - [helmlega] Desired StatefulSet (2 replicas) for status ROLLING_RESTART (RESTART_PODS_IN_PROGRESS)
2025-01-28 23:58:08,033 INFO c.h.h.t.HelmChartContainer - [hivemq-test-hivemq-platform] [hivemq-platform-operator] [7b61d8db] 23:58:08.032 [ReconcilerExecutor-hivemq-controller-142] INFO  c.h.p.o.HiveMQPlatformReconciler - [helmlega] Reconciling HiveMQ Platform 'test-hivemq-legacy-platform' in namespace 'helmlegacystatefulsetmigrationit-operator'
2025-01-28 23:58:08,033 INFO c.h.h.t.HelmChartContainer - [hivemq-test-hivemq-platform] [hivemq-platform-operator] [7b61d8db] 23:58:08.032 [ReconcilerExecutor-hivemq-controller-142] DEBUG c.h.p.o.HiveMQPlatformReconciler - [helmlega] Custom Resource Status ROLLING_RESTART - HiveMQ Platform is restarting Pods (rolling restart) (RESTART_PODS_IN_PROGRESS)
2025-01-28 23:58:08,034 INFO c.h.h.t.HelmChartContainer - [hivemq-test-hivemq-platform] [hivemq-platform-operator] [7b61d8db] 23:58:08.032 [ReconcilerExecutor-hivemq-controller-142] DEBUG c.h.p.o.HiveMQPlatformReconciler - [helmlega] Custom Resource Spec (replicas: 1) (extensions: 2)
2025-01-28 23:58:08,036 INFO c.h.h.t.HelmChartContainer - [hivemq-test-hivemq-platform] [hivemq-platform-operator] [7b61d8db] 23:58:08.034 [ReconcilerExecutor-hivemq-controller-142] DEBUG c.h.p.o.HiveMQPlatformReconciler - [helmlega] StatefulSet Status (revision: test-hivemq-legacy-platform-65df8dcb7f, replicas: 2, available: 2, ready: 2, current: 2, updated: 2)
2025-01-28 23:58:08,036 INFO c.h.h.t.HelmChartContainer - [hivemq-test-hivemq-platform] [hivemq-platform-operator] [7b61d8db] 23:58:08.034 [ReconcilerExecutor-hivemq-controller-142] DEBUG c.h.p.o.HiveMQPlatformReconciler - [helmlega] StatefulSet Spec (replicas: 2, init containers: 1, containers: 1, volumes: 6)
2025-01-28 23:58:08,036 INFO c.h.h.t.HelmChartContainer - [hivemq-test-hivemq-platform] [hivemq-platform-operator] [7b61d8db] 23:58:08.035 [ReconcilerExecutor-hivemq-controller-142] DEBUG c.h.p.o.h.HiveMQPlatformReconcilerErrorHandler - [helmlega] Pod 'test-hivemq-legacy-platform-1' phase Running
2025-01-28 23:58:08,038 INFO c.h.h.t.HelmChartContainer - [hivemq-test-hivemq-platform] [hivemq-platform-operator] [7b61d8db] 23:58:08.036 [ReconcilerExecutor-hivemq-controller-142] DEBUG c.h.p.o.h.HiveMQPlatformReconcilerErrorHandler - [helmlega] Pod 'test-hivemq-legacy-platform-0' phase Running
2025-01-28 23:58:08,043 INFO c.h.h.t.HelmChartContainer - [hivemq-test-hivemq-platform] [hivemq-platform-operator] [7b61d8db] 23:58:08.042 [ReconcilerExecutor-hivemq-controller-142] DEBUG c.h.p.o.h.HiveMQPlatformReconcilerRollingRestartHandler - [helmlega] Skipping Pod test-hivemq-legacy-platform-1 as it's already on the controller update revision (update revision: test-hivemq-legacy-platform-65df8dcb7f, pod revision: test-hivemq-legacy-platform-65df8dcb7f)
2025-01-28 23:58:08,127 INFO c.h.h.t.HelmChartContainer - [hivemq-test-hivemq-platform] [hivemq-platform-operator] [7b61d8db] 23:58:08.126 [ReconcilerExecutor-hivemq-controller-142] DEBUG c.h.p.o.h.HiveMQPlatformReconcilerRollingRestartHandler - [helmlega] Skipping Pod test-hivemq-legacy-platform-0 as it's already on the controller update revision (update revision: test-hivemq-legacy-platform-65df8dcb7f, pod revision: test-hivemq-legacy-platform-65df8dcb7f)
2025-01-28 23:58:08,127 INFO c.h.h.t.HelmChartContainer - [hivemq-test-hivemq-platform] [hivemq-platform-operator] [7b61d8db] 23:58:08.126 [ReconcilerExecutor-hivemq-controller-142] INFO  c.h.p.o.h.HiveMQPlatformReconcilerRollingRestartHandler - [helmlega] Stopping surge Pod
2025-01-28 23:58:08,137 INFO c.h.h.t.HelmChartContainer - [hivemq-test-hivemq-platform] [hivemq-platform-operator] [7b61d8db] 23:58:08.137 [ReconcilerExecutor-hivemq-controller-142] DEBUG c.h.p.operator.event.EventSender - [helmlega] Creating K8s event rolling-restart-scale-down-in-progress: [RollingRestart] HiveMQ Platform is stopping the surge Pod (rolling restart)
2025-01-28 23:58:08,140 INFO c.h.h.t.HelmChartContainer - [EVENT] Normal [RollingRestart] HiveMQ Platform is stopping the surge Pod (rolling restart) [helmlegacystatefulsetmigrationit-operator:test-hivemq-legacy-platform]
2025-01-28 23:58:08,140 INFO c.h.h.t.HelmChartContainer - [hivemq-test-hivemq-platform] [hivemq-platform-operator] [7b61d8db] 23:58:08.140 [ReconcilerExecutor-hivemq-controller-142] INFO  c.h.p.o.h.AbstractHiveMQReconcilerStateHandler - [helmlega] Update HiveMQ Platform Status (ROLLING_RESTART [RESTART_PODS_IN_PROGRESS] -> ROLLING_RESTART [SCALE_DOWN_IN_PROGRESS]): HiveMQ Platform is stopping the surge Pod (rolling restart)
2025-01-28 23:58:08,148 DEBUG com.hivemq.helmcharts.util.K8sUtil - Comparing actual state 'ROLLING_RESTART' and waiting for 'RUNNING'
2025-01-28 23:58:10,114 INFO c.h.h.t.HelmChartContainer - [test-hivemq-legacy-platform] [hivemq] [3fa96912] INFO  - [HiveMQ Platform Operator Init App 1.7.0-SNAPSHOT] Returning Health API response 200 for liveness
2025-01-28 23:58:18,155 INFO c.h.h.t.HelmChartContainer - [hivemq-test-hivemq-platform] [hivemq-platform-operator] [7b61d8db] 23:58:18.151 [pool-6-thread-3] DEBUG c.h.p.o.d.PodServiceAccountResource - [helmlega] Desired PodServiceAccountResource (serviceAccountName: hivemq-platform-pod-test-hivemq-legacy-platform)
2025-01-28 23:58:18,155 INFO c.h.h.t.HelmChartContainer - [hivemq-test-hivemq-platform] [hivemq-platform-operator] [7b61d8db] 23:58:18.152 [pool-6-thread-10] DEBUG c.h.p.o.dependants.PodInfoConfigMap - [helmlega] Desired PodInfo ConfigMap (2 extensions) (1 enabled)
2025-01-28 23:58:18,155 INFO c.h.h.t.HelmChartContainer - [hivemq-test-hivemq-platform] [hivemq-platform-operator] [7b61d8db] 23:58:18.152 [pool-6-thread-10] DEBUG c.h.p.o.dependants.PodInfoConfigMap - [helmlega] Desired PodInfo ConfigMap (metrics port: 9399) (metrics path: /)
2025-01-28 23:58:18,155 INFO c.h.h.t.HelmChartContainer - [hivemq-test-hivemq-platform] [hivemq-platform-operator] [7b61d8db] 23:58:18.152 [pool-6-thread-10] DEBUG c.h.p.o.dependants.PodInfoConfigMap - [helmlega] Desired PodInfo ConfigMap (extension state hash: -727970014)
2025-01-28 23:58:18,155 INFO c.h.h.t.HelmChartContainer - [hivemq-test-hivemq-platform] [hivemq-platform-operator] [7b61d8db] 23:58:18.151 [pool-6-thread-6] DEBUG c.h.p.o.d.PlatformServiceResource - [helmlega] Desired Platform services (4 services)
2025-01-28 23:58:18,155 INFO c.h.h.t.HelmChartContainer - [hivemq-test-hivemq-platform] [hivemq-platform-operator] [7b61d8db] 23:58:18.152 [pool-6-thread-10] DEBUG c.h.p.o.dependants.PodInfoConfigMap - [helmlega] Update PodInfo ConfigMap
2025-01-28 23:58:18,162 INFO c.h.h.t.HelmChartContainer - [hivemq-test-hivemq-platform] [hivemq-platform-operator] [7b61d8db] 23:58:18.162 [pool-6-thread-10] DEBUG c.h.p.o.d.StatefulSetResource - [helmlega] Desired StatefulSet (1 replicas) for status ROLLING_RESTART (SCALE_DOWN_IN_PROGRESS)
2025-01-28 23:58:18,165 INFO c.h.h.t.HelmChartContainer - [hivemq-test-hivemq-platform] [hivemq-platform-operator] [7b61d8db] 23:58:18.165 [pool-6-thread-10] DEBUG c.h.p.o.d.StatefulSetResource - [helmlega] Update StatefulSet (replicas: 2 -> 1)
2025-01-28 23:58:18,236 INFO c.h.h.t.HelmChartContainer - [hivemq-test-hivemq-platform] [hivemq-platform-operator] [7b61d8db] 23:58:18.234 [ReconcilerExecutor-hivemq-controller-143] INFO  c.h.p.o.HiveMQPlatformReconciler - [helmlega] Reconciling HiveMQ Platform 'test-hivemq-legacy-platform' in namespace 'helmlegacystatefulsetmigrationit-operator'
2025-01-28 23:58:18,236 INFO c.h.h.t.HelmChartContainer - [hivemq-test-hivemq-platform] [hivemq-platform-operator] [7b61d8db] 23:58:18.235 [ReconcilerExecutor-hivemq-controller-143] DEBUG c.h.p.o.HiveMQPlatformReconciler - [helmlega] Custom Resource Status ROLLING_RESTART - HiveMQ Platform is stopping the surge Pod (rolling restart) (SCALE_DOWN_IN_PROGRESS)
2025-01-28 23:58:18,236 INFO c.h.h.t.HelmChartContainer - [hivemq-test-hivemq-platform] [hivemq-platform-operator] [7b61d8db] 23:58:18.235 [ReconcilerExecutor-hivemq-controller-143] DEBUG c.h.p.o.HiveMQPlatformReconciler - [helmlega] Custom Resource Spec (replicas: 1) (extensions: 2)
2025-01-28 23:58:18,240 INFO c.h.h.t.HelmChartContainer - [hivemq-test-hivemq-platform] [hivemq-platform-operator] [7b61d8db] 23:58:18.236 [ReconcilerExecutor-hivemq-controller-143] DEBUG c.h.p.o.HiveMQPlatformReconciler - [helmlega] StatefulSet Status (revision: test-hivemq-legacy-platform-65df8dcb7f, replicas: 2, available: 2, ready: 2, current: 2, updated: 2)
2025-01-28 23:58:18,240 INFO c.h.h.t.HelmChartContainer - [hivemq-test-hivemq-platform] [hivemq-platform-operator] [7b61d8db] 23:58:18.236 [ReconcilerExecutor-hivemq-controller-143] DEBUG c.h.p.o.HiveMQPlatformReconciler - [helmlega] StatefulSet Spec (replicas: 1, init containers: 1, containers: 1, volumes: 6)
2025-01-28 23:58:18,240 INFO c.h.h.t.HelmChartContainer - [hivemq-test-hivemq-platform] [hivemq-platform-operator] [7b61d8db] 23:58:18.237 [ReconcilerExecutor-hivemq-controller-143] DEBUG c.h.p.o.h.HiveMQPlatformReconcilerErrorHandler - [helmlega] Pod 'test-hivemq-legacy-platform-0' phase Running
2025-01-28 23:58:18,243 INFO c.h.h.t.HelmChartContainer - [POD] test-hivemq-legacy-platform-1 [877830f0-eb1e-4574-8f10-f1a01047bfb0] in helmlegacystatefulsetmigrationit-operator was MODIFIED
2025-01-28 23:58:18,247 INFO c.h.h.t.HelmChartContainer - [hivemq-test-hivemq-platform] [hivemq-platform-operator] [7b61d8db] 23:58:18.238 [ReconcilerExecutor-hivemq-controller-143] DEBUG c.h.p.o.h.HiveMQPlatformReconcilerRollingRestartHandler - [helmlega] Rolling restart is waiting for 2 of 1 replicas
2025-01-28 23:58:18,247 INFO c.h.h.t.HelmChartContainer - [EVENT] Normal [SuccessfulDelete] delete Pod test-hivemq-legacy-platform-1 in StatefulSet test-hivemq-legacy-platform successful [helmlegacystatefulsetmigrationit-operator:test-hivemq-legacy-platform]
2025-01-28 23:58:18,250 INFO c.h.h.t.HelmChartContainer - [hivemq-test-hivemq-platform] [hivemq-platform-operator] [7b61d8db] 23:58:18.248 [pool-6-thread-14] DEBUG c.h.p.o.d.PlatformServiceResource - [helmlega] Desired Platform services (4 services)
2025-01-28 23:58:18,256 INFO c.h.h.t.HelmChartContainer - [EVENT] Normal [Killing] Stopping container hivemq [helmlegacystatefulsetmigrationit-operator:test-hivemq-legacy-platform-1]
2025-01-28 23:58:18,256 INFO c.h.h.t.HelmChartContainer - Received Killing event for container hivemq in pod test-hivemq-legacy-platform-1 [877830f0-eb1e-4574-8f10-f1a01047bfb0]
2025-01-28 23:58:18,256 INFO c.h.h.t.HelmChartContainer - Container [test-hivemq-legacy-platform-1] [hivemq] [877830f0-eb1e-4574-8f10-f1a01047bfb0] was terminated
2025-01-28 23:58:18,256 INFO c.h.h.t.HelmChartContainer - Stopped log watcher for hivemq in pod test-hivemq-legacy-platform-1 [877830f0-eb1e-4574-8f10-f1a01047bfb0]
2025-01-28 23:58:18,266 INFO c.h.h.t.HelmChartContainer - [hivemq-test-hivemq-platform] [hivemq-platform-operator] [7b61d8db] 23:58:18.256 [pool-6-thread-14] DEBUG c.h.p.o.dependants.PodInfoConfigMap - [helmlega] Desired PodInfo ConfigMap (2 extensions) (1 enabled)
2025-01-28 23:58:18,270 INFO c.h.h.t.HelmChartContainer - [hivemq-test-hivemq-platform] [hivemq-platform-operator] [7b61d8db] 23:58:18.257 [pool-6-thread-14] DEBUG c.h.p.o.dependants.PodInfoConfigMap - [helmlega] Desired PodInfo ConfigMap (metrics port: 9399) (metrics path: /)
2025-01-28 23:58:18,270 INFO c.h.h.t.HelmChartContainer - [test-hivemq-legacy-platform] [hivemq] [877830f0] INFO  - [HiveMQ Platform Operator Init App 1.7.0-SNAPSHOT] Shutting down
2025-01-28 23:58:18,270 INFO c.h.h.t.HelmChartContainer - [hivemq-test-hivemq-platform] [hivemq-platform-operator] [7b61d8db] 23:58:18.257 [pool-6-thread-14] DEBUG c.h.p.o.dependants.PodInfoConfigMap - [helmlega] Desired PodInfo ConfigMap (extension state hash: -727970014)
2025-01-28 23:58:18,270 INFO c.h.h.t.HelmChartContainer - [test-hivemq-legacy-platform] [hivemq] [877830f0] INFO  - [HiveMQ Platform Operator Init App 1.7.0-SNAPSHOT] Stopping the HiveMQ Platform
2025-01-28 23:58:18,270 INFO c.h.h.t.HelmChartContainer - [hivemq-test-hivemq-platform] [hivemq-platform-operator] [7b61d8db] 23:58:18.257 [pool-6-thread-14] DEBUG c.h.p.o.d.PodServiceAccountResource - [helmlega] Desired PodServiceAccountResource (serviceAccountName: hivemq-platform-pod-test-hivemq-legacy-platform)
2025-01-28 23:58:18,327 INFO c.h.h.t.HelmChartContainer - [hivemq-test-hivemq-platform] [hivemq-platform-operator] [7b61d8db] 23:58:18.323 [pool-6-thread-14] DEBUG c.h.p.o.d.StatefulSetResource - [helmlega] Desired StatefulSet (1 replicas) for status ROLLING_RESTART (SCALE_DOWN_IN_PROGRESS)
2025-01-28 23:58:18,328 INFO c.h.h.t.HelmChartContainer - [hivemq-test-hivemq-platform] [hivemq-platform-operator] [7b61d8db] 23:58:18.326 [ReconcilerExecutor-hivemq-controller-145] INFO  c.h.p.o.HiveMQPlatformReconciler - [helmlega] Reconciling HiveMQ Platform 'test-hivemq-legacy-platform' in namespace 'helmlegacystatefulsetmigrationit-operator'
2025-01-28 23:58:18,328 INFO c.h.h.t.HelmChartContainer - [hivemq-test-hivemq-platform] [hivemq-platform-operator] [7b61d8db] 23:58:18.326 [ReconcilerExecutor-hivemq-controller-145] DEBUG c.h.p.o.HiveMQPlatformReconciler - [helmlega] Custom Resource Status ROLLING_RESTART - HiveMQ Platform is stopping the surge Pod (rolling restart) (SCALE_DOWN_IN_PROGRESS)
2025-01-28 23:58:18,328 INFO c.h.h.t.HelmChartContainer - [hivemq-test-hivemq-platform] [hivemq-platform-operator] [7b61d8db] 23:58:18.326 [ReconcilerExecutor-hivemq-controller-145] DEBUG c.h.p.o.HiveMQPlatformReconciler - [helmlega] Custom Resource Spec (replicas: 1) (extensions: 2)
2025-01-28 23:58:18,329 INFO c.h.h.t.HelmChartContainer - [hivemq-test-hivemq-platform] [hivemq-platform-operator] [7b61d8db] 23:58:18.328 [ReconcilerExecutor-hivemq-controller-145] DEBUG c.h.p.o.HiveMQPlatformReconciler - [helmlega] StatefulSet Status (revision: test-hivemq-legacy-platform-65df8dcb7f, replicas: 2, available: 2, ready: 2, current: 1, updated: 1)
2025-01-28 23:58:18,329 INFO c.h.h.t.HelmChartContainer - [hivemq-test-hivemq-platform] [hivemq-platform-operator] [7b61d8db] 23:58:18.328 [ReconcilerExecutor-hivemq-controller-145] DEBUG c.h.p.o.HiveMQPlatformReconciler - [helmlega] StatefulSet Spec (replicas: 1, init containers: 1, containers: 1, volumes: 6)
2025-01-28 23:58:18,331 INFO c.h.h.t.HelmChartContainer - [hivemq-test-hivemq-platform] [hivemq-platform-operator] [7b61d8db] 23:58:18.329 [ReconcilerExecutor-hivemq-controller-145] DEBUG c.h.p.o.h.HiveMQPlatformReconcilerErrorHandler - [helmlega] Pod 'test-hivemq-legacy-platform-0' phase Running
2025-01-28 23:58:18,331 INFO c.h.h.t.HelmChartContainer - [hivemq-test-hivemq-platform] [hivemq-platform-operator] [7b61d8db] 23:58:18.330 [ReconcilerExecutor-hivemq-controller-145] DEBUG c.h.p.o.h.HiveMQPlatformReconcilerRollingRestartHandler - [helmlega] Rolling restart is waiting for 2 of 1 replicas
2025-01-28 23:58:18,333 INFO c.h.h.t.HelmChartContainer - [hivemq-test-hivemq-platform] [hivemq-platform-operator] [7b61d8db] 23:58:18.332 [pool-6-thread-28] DEBUG c.h.p.o.d.PlatformServiceResource - [helmlega] Desired Platform services (4 services)
2025-01-28 23:58:18,334 INFO c.h.h.t.HelmChartContainer - [hivemq-test-hivemq-platform] [hivemq-platform-operator] [7b61d8db] 23:58:18.332 [pool-6-thread-22] DEBUG c.h.p.o.d.PodServiceAccountResource - [helmlega] Desired PodServiceAccountResource (serviceAccountName: hivemq-platform-pod-test-hivemq-legacy-platform)
2025-01-28 23:58:18,335 INFO c.h.h.t.HelmChartContainer - [hivemq-test-hivemq-platform] [hivemq-platform-operator] [7b61d8db] 23:58:18.334 [pool-6-thread-29] DEBUG c.h.p.o.dependants.PodInfoConfigMap - [helmlega] Desired PodInfo ConfigMap (2 extensions) (1 enabled)
2025-01-28 23:58:18,336 INFO c.h.h.t.HelmChartContainer - [hivemq-test-hivemq-platform] [hivemq-platform-operator] [7b61d8db] 23:58:18.336 [pool-6-thread-29] DEBUG c.h.p.o.dependants.PodInfoConfigMap - [helmlega] Desired PodInfo ConfigMap (metrics port: 9399) (metrics path: /)
2025-01-28 23:58:18,336 INFO c.h.h.t.HelmChartContainer - [hivemq-test-hivemq-platform] [hivemq-platform-operator] [7b61d8db] 23:58:18.336 [pool-6-thread-29] DEBUG c.h.p.o.dependants.PodInfoConfigMap - [helmlega] Desired PodInfo ConfigMap (extension state hash: -727970014)
2025-01-28 23:58:18,367 INFO c.h.h.t.HelmChartContainer - [hivemq-test-hivemq-platform] [hivemq-platform-operator] [7b61d8db] 23:58:18.365 [pool-6-thread-29] DEBUG c.h.p.o.d.StatefulSetResource - [helmlega] Desired StatefulSet (1 replicas) for status ROLLING_RESTART (SCALE_DOWN_IN_PROGRESS)
2025-01-28 23:58:18,425 INFO c.h.h.t.HelmChartContainer - [hivemq-test-hivemq-platform] [hivemq-platform-operator] [7b61d8db] 23:58:18.424 [ReconcilerExecutor-hivemq-controller-146] INFO  c.h.p.o.HiveMQPlatformReconciler - [helmlega] Reconciling HiveMQ Platform 'test-hivemq-legacy-platform' in namespace 'helmlegacystatefulsetmigrationit-operator'
2025-01-28 23:58:18,426 INFO c.h.h.t.HelmChartContainer - [hivemq-test-hivemq-platform] [hivemq-platform-operator] [7b61d8db] 23:58:18.425 [ReconcilerExecutor-hivemq-controller-146] DEBUG c.h.p.o.HiveMQPlatformReconciler - [helmlega] Custom Resource Status ROLLING_RESTART - HiveMQ Platform is stopping the surge Pod (rolling restart) (SCALE_DOWN_IN_PROGRESS)
2025-01-28 23:58:18,427 INFO c.h.h.t.HelmChartContainer - [hivemq-test-hivemq-platform] [hivemq-platform-operator] [7b61d8db] 23:58:18.425 [ReconcilerExecutor-hivemq-controller-146] DEBUG c.h.p.o.HiveMQPlatformReconciler - [helmlega] Custom Resource Spec (replicas: 1) (extensions: 2)
2025-01-28 23:58:18,429 INFO c.h.h.t.HelmChartContainer - [hivemq-test-hivemq-platform] [hivemq-platform-operator] [7b61d8db] 23:58:18.428 [ReconcilerExecutor-hivemq-controller-146] DEBUG c.h.p.o.HiveMQPlatformReconciler - [helmlega] StatefulSet Status (revision: test-hivemq-legacy-platform-65df8dcb7f, replicas: 2, available: 2, ready: 2, current: 1, updated: 1)
2025-01-28 23:58:18,429 INFO c.h.h.t.HelmChartContainer - [hivemq-test-hivemq-platform] [hivemq-platform-operator] [7b61d8db] 23:58:18.428 [ReconcilerExecutor-hivemq-controller-146] DEBUG c.h.p.o.HiveMQPlatformReconciler - [helmlega] StatefulSet Spec (replicas: 1, init containers: 1, containers: 1, volumes: 6)
2025-01-28 23:58:18,431 INFO c.h.h.t.HelmChartContainer - [hivemq-test-hivemq-platform] [hivemq-platform-operator] [7b61d8db] 23:58:18.430 [ReconcilerExecutor-hivemq-controller-146] DEBUG c.h.p.o.h.HiveMQPlatformReconcilerErrorHandler - [helmlega] Pod 'test-hivemq-legacy-platform-0' phase Running
2025-01-28 23:58:18,431 INFO c.h.h.t.HelmChartContainer - [hivemq-test-hivemq-platform] [hivemq-platform-operator] [7b61d8db] 23:58:18.431 [ReconcilerExecutor-hivemq-controller-146] DEBUG c.h.p.o.h.HiveMQPlatformReconcilerRollingRestartHandler - [helmlega] Rolling restart is waiting for 2 of 1 replicas
2025-01-28 23:58:18,460 INFO c.h.h.t.HelmChartContainer - [test-hivemq-legacy-platform] [hivemq] [877830f0] INFO  - Shutting down HiveMQ. Please wait, this could take a while...
2025-01-28 23:58:18,469 INFO c.h.h.t.HelmChartContainer - [test-hivemq-legacy-platform] [hivemq] [877830f0] INFO  - Shutting down listeners and clients
2025-01-28 23:58:18,471 INFO c.h.h.t.HelmChartContainer - [test-hivemq-legacy-platform] [hivemq] [877830f0] INFO  - Shutdown of listeners is done
2025-01-28 23:58:18,471 INFO c.h.h.t.HelmChartContainer - [test-hivemq-legacy-platform] [hivemq] [877830f0] INFO  - No clients are connected, proceeding with shutdown
2025-01-28 23:58:18,769 INFO c.h.h.t.HelmChartContainer - [test-hivemq-legacy-platform] [hivemq] [877830f0] INFO  - [HiveMQ Platform Operator Init App 1.7.0-SNAPSHOT] Returning shutdown Health API response 503 for readiness
2025-01-28 23:58:18,772 INFO c.h.h.t.HelmChartContainer - [EVENT] Warning [Unhealthy] Readiness probe failed: HTTP probe failed with statuscode: 503 [helmlegacystatefulsetmigrationit-operator:test-hivemq-legacy-platform-1]
2025-01-28 23:58:18,773 INFO c.h.h.t.HelmChartContainer - Received Unhealthy event for container hivemq in pod test-hivemq-legacy-platform-1 [877830f0-eb1e-4574-8f10-f1a01047bfb0]
2025-01-28 23:58:21,869 INFO c.h.h.t.HelmChartContainer - [test-hivemq-legacy-platform] [hivemq] [877830f0] INFO  - Shutting down extension system
2025-01-28 23:58:21,871 INFO c.h.h.t.HelmChartContainer - [test-hivemq-legacy-platform] [hivemq] [877830f0] INFO  - Stopping extension with id hivemq-dns-cluster-discovery
2025-01-28 23:58:21,871 INFO c.h.h.t.HelmChartContainer - [test-hivemq-legacy-platform] [hivemq] [877830f0] INFO  - Extension "DNS Cluster Discovery Extension" version 4.3.2 stopped successfully.
2025-01-28 23:58:21,872 INFO c.h.h.t.HelmChartContainer - [test-hivemq-legacy-platform] [hivemq] [877830f0] INFO  - Stopping extension with id hivemq-prometheus-extension
2025-01-28 23:58:21,875 INFO c.h.h.t.HelmChartContainer - [test-hivemq-legacy-platform] [hivemq] [877830f0] INFO  - Extension "Prometheus Monitoring Extension" version 4.0.12 stopped successfully.
2025-01-28 23:58:21,876 INFO c.h.h.t.HelmChartContainer - [test-hivemq-legacy-platform] [hivemq] [877830f0] INFO  - Stopping extension with id hivemq-enterprise-security-extension
2025-01-28 23:58:21,876 INFO c.h.h.t.HelmChartContainer - [test-hivemq-legacy-platform] [hivemq] [877830f0] INFO  - HiveMQ Enterprise Security Extension: Shutting down HiveMQ Enterprise Security Extension.
2025-01-28 23:58:23,771 INFO c.h.h.t.HelmChartContainer - [EVENT] Warning [Unhealthy] Readiness probe failed: HTTP probe failed with statuscode: 503 [helmlegacystatefulsetmigrationit-operator:test-hivemq-legacy-platform-1]
2025-01-28 23:58:23,771 INFO c.h.h.t.HelmChartContainer - Received Unhealthy event for container hivemq in pod test-hivemq-legacy-platform-1 [877830f0-eb1e-4574-8f10-f1a01047bfb0]
2025-01-28 23:58:24,878 INFO c.h.h.t.HelmChartContainer - [test-hivemq-legacy-platform] [hivemq] [877830f0] INFO  - HiveMQ Enterprise Security Extension: Stopped HiveMQ Enterprise Security Extension successfully in 3002ms.
2025-01-28 23:58:24,878 INFO c.h.h.t.HelmChartContainer - [test-hivemq-legacy-platform] [hivemq] [877830f0] INFO  - Extension "HiveMQ Enterprise Security Extension" version 4.36.0 stopped successfully.
2025-01-28 23:58:24,886 INFO c.h.h.t.HelmChartContainer - [test-hivemq-legacy-platform] [hivemq] [3fa96912] INFO  - Cluster nodes found by discovery: [4BfGc|4] (1) [4BfGc].
2025-01-28 23:58:24,889 INFO c.h.h.t.HelmChartContainer - [test-hivemq-legacy-platform] [hivemq] [3fa96912] INFO  - Cluster size = 1, members : [4BfGc].
2025-01-28 23:58:27,939 INFO c.h.h.t.HelmChartContainer - [test-hivemq-legacy-platform] [hivemq] [877830f0] INFO  - Shutdown completed.
2025-01-28 23:58:28,305 INFO c.h.h.t.HelmChartContainer - [test-hivemq-legacy-platform] [hivemq] [877830f0] INFO  - [HiveMQ Platform Operator Init App 1.7.0-SNAPSHOT] The HiveMQ Platform exited with code 143
2025-01-28 23:58:28,305 INFO c.h.h.t.HelmChartContainer - [test-hivemq-legacy-platform] [hivemq] [877830f0] INFO  - [HiveMQ Platform Operator Init App 1.7.0-SNAPSHOT] Stopping the REST API
2025-01-28 23:58:28,358 INFO c.h.h.t.HelmChartContainer - [test-hivemq-legacy-platform] [hivemq] [877830f0] INFO  - [HiveMQ Platform Operator Init App 1.7.0-SNAPSHOT] Shutdown complete
2025-01-28 23:58:28,435 INFO c.h.h.t.HelmChartContainer - [hivemq-test-hivemq-platform] [hivemq-platform-operator] [7b61d8db] 23:58:28.433 [pool-6-thread-31] DEBUG c.h.p.o.d.PlatformServiceResource - [helmlega] Desired Platform services (4 services)
2025-01-28 23:58:28,435 INFO c.h.h.t.HelmChartContainer - [hivemq-test-hivemq-platform] [hivemq-platform-operator] [7b61d8db] 23:58:28.434 [pool-6-thread-35] DEBUG c.h.p.o.d.PodServiceAccountResource - [helmlega] Desired PodServiceAccountResource (serviceAccountName: hivemq-platform-pod-test-hivemq-legacy-platform)
2025-01-28 23:58:28,437 INFO c.h.h.t.HelmChartContainer - [hivemq-test-hivemq-platform] [hivemq-platform-operator] [7b61d8db] 23:58:28.436 [pool-6-thread-36] DEBUG c.h.p.o.dependants.PodInfoConfigMap - [helmlega] Desired PodInfo ConfigMap (2 extensions) (1 enabled)
2025-01-28 23:58:28,437 INFO c.h.h.t.HelmChartContainer - [hivemq-test-hivemq-platform] [hivemq-platform-operator] [7b61d8db] 23:58:28.436 [pool-6-thread-36] DEBUG c.h.p.o.dependants.PodInfoConfigMap - [helmlega] Desired PodInfo ConfigMap (metrics port: 9399) (metrics path: /)
2025-01-28 23:58:28,438 INFO c.h.h.t.HelmChartContainer - [hivemq-test-hivemq-platform] [hivemq-platform-operator] [7b61d8db] 23:58:28.436 [pool-6-thread-36] DEBUG c.h.p.o.dependants.PodInfoConfigMap - [helmlega] Desired PodInfo ConfigMap (extension state hash: -727970014)
2025-01-28 23:58:28,439 INFO c.h.h.t.HelmChartContainer - [hivemq-test-hivemq-platform] [hivemq-platform-operator] [7b61d8db] 23:58:28.438 [pool-6-thread-34] DEBUG c.h.p.o.d.StatefulSetResource - [helmlega] Desired StatefulSet (1 replicas) for status ROLLING_RESTART (SCALE_DOWN_IN_PROGRESS)
2025-01-28 23:58:28,441 INFO c.h.h.t.HelmChartContainer - [hivemq-test-hivemq-platform] [hivemq-platform-operator] [7b61d8db] 23:58:28.441 [ReconcilerExecutor-hivemq-controller-147] INFO  c.h.p.o.HiveMQPlatformReconciler - [helmlega] Reconciling HiveMQ Platform 'test-hivemq-legacy-platform' in namespace 'helmlegacystatefulsetmigrationit-operator'
2025-01-28 23:58:28,442 INFO c.h.h.t.HelmChartContainer - [hivemq-test-hivemq-platform] [hivemq-platform-operator] [7b61d8db] 23:58:28.441 [ReconcilerExecutor-hivemq-controller-147] DEBUG c.h.p.o.HiveMQPlatformReconciler - [helmlega] Custom Resource Status ROLLING_RESTART - HiveMQ Platform is stopping the surge Pod (rolling restart) (SCALE_DOWN_IN_PROGRESS)
2025-01-28 23:58:28,442 INFO c.h.h.t.HelmChartContainer - [hivemq-test-hivemq-platform] [hivemq-platform-operator] [7b61d8db] 23:58:28.441 [ReconcilerExecutor-hivemq-controller-147] DEBUG c.h.p.o.HiveMQPlatformReconciler - [helmlega] Custom Resource Spec (replicas: 1) (extensions: 2)
2025-01-28 23:58:28,443 INFO c.h.h.t.HelmChartContainer - [hivemq-test-hivemq-platform] [hivemq-platform-operator] [7b61d8db] 23:58:28.442 [ReconcilerExecutor-hivemq-controller-147] DEBUG c.h.p.o.HiveMQPlatformReconciler - [helmlega] StatefulSet Status (revision: test-hivemq-legacy-platform-65df8dcb7f, replicas: 2, available: 2, ready: 2, current: 1, updated: 1)
2025-01-28 23:58:28,443 INFO c.h.h.t.HelmChartContainer - [hivemq-test-hivemq-platform] [hivemq-platform-operator] [7b61d8db] 23:58:28.442 [ReconcilerExecutor-hivemq-controller-147] DEBUG c.h.p.o.HiveMQPlatformReconciler - [helmlega] StatefulSet Spec (replicas: 1, init containers: 1, containers: 1, volumes: 6)
2025-01-28 23:58:28,445 INFO c.h.h.t.HelmChartContainer - [hivemq-test-hivemq-platform] [hivemq-platform-operator] [7b61d8db] 23:58:28.444 [ReconcilerExecutor-hivemq-controller-147] DEBUG c.h.p.o.h.HiveMQPlatformReconcilerErrorHandler - [helmlega] Pod 'test-hivemq-legacy-platform-0' phase Running
2025-01-28 23:58:28,445 INFO c.h.h.t.HelmChartContainer - [hivemq-test-hivemq-platform] [hivemq-platform-operator] [7b61d8db] 23:58:28.445 [ReconcilerExecutor-hivemq-controller-147] DEBUG c.h.p.o.h.HiveMQPlatformReconcilerRollingRestartHandler - [helmlega] Rolling restart is waiting for 2 of 1 replicas
2025-01-28 23:58:28,772 INFO c.h.h.t.HelmChartContainer - [EVENT] Warning [Unhealthy] Readiness probe failed: Get "http://10.42.0.13:7979/readiness": dial tcp 10.42.0.13:7979: connect: connection refused [helmlegacystatefulsetmigrationit-operator:test-hivemq-legacy-platform-1]
2025-01-28 23:58:28,772 INFO c.h.h.t.HelmChartContainer - Received Unhealthy event for container hivemq in pod test-hivemq-legacy-platform-1 [877830f0-eb1e-4574-8f10-f1a01047bfb0]
2025-01-28 23:58:28,784 INFO c.h.h.t.HelmChartContainer - [POD] test-hivemq-legacy-platform-1 [877830f0-eb1e-4574-8f10-f1a01047bfb0] in helmlegacystatefulsetmigrationit-operator was MODIFIED
2025-01-28 23:58:28,801 INFO c.h.h.t.HelmChartContainer - [hivemq-test-hivemq-platform] [hivemq-platform-operator] [7b61d8db] 23:58:28.786 [pool-6-thread-44] DEBUG c.h.p.o.d.PlatformServiceResource - [helmlega] Desired Platform services (4 services)
2025-01-28 23:58:28,801 INFO c.h.h.t.HelmChartContainer - [hivemq-test-hivemq-platform] [hivemq-platform-operator] [7b61d8db] 23:58:28.788 [pool-6-thread-45] DEBUG c.h.p.o.dependants.PodInfoConfigMap - [helmlega] Desired PodInfo ConfigMap (2 extensions) (1 enabled)
2025-01-28 23:58:28,801 INFO c.h.h.t.HelmChartContainer - [hivemq-test-hivemq-platform] [hivemq-platform-operator] [7b61d8db] 23:58:28.788 [pool-6-thread-45] DEBUG c.h.p.o.dependants.PodInfoConfigMap - [helmlega] Desired PodInfo ConfigMap (metrics port: 9399) (metrics path: /)
2025-01-28 23:58:28,801 INFO c.h.h.t.HelmChartContainer - [hivemq-test-hivemq-platform] [hivemq-platform-operator] [7b61d8db] 23:58:28.788 [pool-6-thread-45] DEBUG c.h.p.o.dependants.PodInfoConfigMap - [helmlega] Desired PodInfo ConfigMap (extension state hash: -727970014)
2025-01-28 23:58:28,801 INFO c.h.h.t.HelmChartContainer - [hivemq-test-hivemq-platform] [hivemq-platform-operator] [7b61d8db] 23:58:28.789 [pool-6-thread-45] DEBUG c.h.p.o.d.PodServiceAccountResource - [helmlega] Desired PodServiceAccountResource (serviceAccountName: hivemq-platform-pod-test-hivemq-legacy-platform)
2025-01-28 23:58:28,801 INFO c.h.h.t.HelmChartContainer - [hivemq-test-hivemq-platform] [hivemq-platform-operator] [7b61d8db] 23:58:28.792 [pool-6-thread-44] DEBUG c.h.p.o.d.StatefulSetResource - [helmlega] Desired StatefulSet (1 replicas) for status ROLLING_RESTART (SCALE_DOWN_IN_PROGRESS)
2025-01-28 23:58:28,801 INFO c.h.h.t.HelmChartContainer - [hivemq-test-hivemq-platform] [hivemq-platform-operator] [7b61d8db] 23:58:28.797 [ReconcilerExecutor-hivemq-controller-148] INFO  c.h.p.o.HiveMQPlatformReconciler - [helmlega] Reconciling HiveMQ Platform 'test-hivemq-legacy-platform' in namespace 'helmlegacystatefulsetmigrationit-operator'
2025-01-28 23:58:28,801 INFO c.h.h.t.HelmChartContainer - [hivemq-test-hivemq-platform] [hivemq-platform-operator] [7b61d8db] 23:58:28.797 [ReconcilerExecutor-hivemq-controller-148] DEBUG c.h.p.o.HiveMQPlatformReconciler - [helmlega] Custom Resource Status ROLLING_RESTART - HiveMQ Platform is stopping the surge Pod (rolling restart) (SCALE_DOWN_IN_PROGRESS)
2025-01-28 23:58:28,801 INFO c.h.h.t.HelmChartContainer - [hivemq-test-hivemq-platform] [hivemq-platform-operator] [7b61d8db] 23:58:28.797 [ReconcilerExecutor-hivemq-controller-148] DEBUG c.h.p.o.HiveMQPlatformReconciler - [helmlega] Custom Resource Spec (replicas: 1) (extensions: 2)
2025-01-28 23:58:28,801 INFO c.h.h.t.HelmChartContainer - [hivemq-test-hivemq-platform] [hivemq-platform-operator] [7b61d8db] 23:58:28.799 [ReconcilerExecutor-hivemq-controller-148] DEBUG c.h.p.o.HiveMQPlatformReconciler - [helmlega] StatefulSet Status (revision: test-hivemq-legacy-platform-65df8dcb7f, replicas: 2, available: 2, ready: 2, current: 1, updated: 1)
2025-01-28 23:58:28,801 INFO c.h.h.t.HelmChartContainer - [hivemq-test-hivemq-platform] [hivemq-platform-operator] [7b61d8db] 23:58:28.799 [ReconcilerExecutor-hivemq-controller-148] DEBUG c.h.p.o.HiveMQPlatformReconciler - [helmlega] StatefulSet Spec (replicas: 1, init containers: 1, containers: 1, volumes: 6)
2025-01-28 23:58:28,801 INFO c.h.h.t.HelmChartContainer - [hivemq-test-hivemq-platform] [hivemq-platform-operator] [7b61d8db] 23:58:28.800 [ReconcilerExecutor-hivemq-controller-148] DEBUG c.h.p.o.h.HiveMQPlatformReconcilerErrorHandler - [helmlega] Pod 'test-hivemq-legacy-platform-0' phase Running
2025-01-28 23:58:28,801 INFO c.h.h.t.HelmChartContainer - [hivemq-test-hivemq-platform] [hivemq-platform-operator] [7b61d8db] 23:58:28.800 [ReconcilerExecutor-hivemq-controller-148] DEBUG c.h.p.o.h.HiveMQPlatformReconcilerRollingRestartHandler - [helmlega] Rolling restart is waiting for 2 of 1 replicas
2025-01-28 23:58:28,863 INFO c.h.h.t.HelmChartContainer - [POD] test-hivemq-legacy-platform-1 [877830f0-eb1e-4574-8f10-f1a01047bfb0] in helmlegacystatefulsetmigrationit-operator was MODIFIED
2025-01-28 23:58:28,872 INFO c.h.h.t.HelmChartContainer - [hivemq-test-hivemq-platform] [hivemq-platform-operator] [7b61d8db] 23:58:28.871 [pool-6-thread-3] DEBUG c.h.p.o.d.PlatformServiceResource - [helmlega] Desired Platform services (4 services)
2025-01-28 23:58:28,879 INFO c.h.h.t.HelmChartContainer - [hivemq-test-hivemq-platform] [hivemq-platform-operator] [7b61d8db] 23:58:28.873 [pool-6-thread-8] DEBUG c.h.p.o.d.PodServiceAccountResource - [helmlega] Desired PodServiceAccountResource (serviceAccountName: hivemq-platform-pod-test-hivemq-legacy-platform)
2025-01-28 23:58:28,879 INFO c.h.h.t.HelmChartContainer - [hivemq-test-hivemq-platform] [hivemq-platform-operator] [7b61d8db] 23:58:28.874 [pool-6-thread-2] DEBUG c.h.p.o.dependants.PodInfoConfigMap - [helmlega] Desired PodInfo ConfigMap (2 extensions) (1 enabled)
2025-01-28 23:58:28,879 INFO c.h.h.t.HelmChartContainer - [hivemq-test-hivemq-platform] [hivemq-platform-operator] [7b61d8db] 23:58:28.877 [pool-6-thread-2] DEBUG c.h.p.o.dependants.PodInfoConfigMap - [helmlega] Desired PodInfo ConfigMap (metrics port: 9399) (metrics path: /)
2025-01-28 23:58:28,879 INFO c.h.h.t.HelmChartContainer - [hivemq-test-hivemq-platform] [hivemq-platform-operator] [7b61d8db] 23:58:28.877 [pool-6-thread-2] DEBUG c.h.p.o.dependants.PodInfoConfigMap - [helmlega] Desired PodInfo ConfigMap (extension state hash: -727970014)
2025-01-28 23:58:28,880 INFO c.h.h.t.HelmChartContainer - [hivemq-test-hivemq-platform] [hivemq-platform-operator] [7b61d8db] 23:58:28.879 [pool-6-thread-2] DEBUG c.h.p.o.d.StatefulSetResource - [helmlega] Desired StatefulSet (1 replicas) for status ROLLING_RESTART (SCALE_DOWN_IN_PROGRESS)
2025-01-28 23:58:28,885 INFO c.h.h.t.HelmChartContainer - [K3S] [scope.go:117] "RemoveContainer" containerID="cec9bf45e77ae6e68ed78c69a304db9bc34895caacd706c23ae46027159883dc"
2025-01-28 23:58:28,893 INFO c.h.h.t.HelmChartContainer - [K3S] [scope.go:117] "RemoveContainer" containerID="687f0f73c207fa9c3d2a1b4ce917f7e10b4c965904294c3612f749c5a5217950"
2025-01-28 23:58:28,900 INFO c.h.h.t.HelmChartContainer - [K3S] [scope.go:117] "RemoveContainer" containerID="cec9bf45e77ae6e68ed78c69a304db9bc34895caacd706c23ae46027159883dc"
2025-01-28 23:58:28,900 INFO c.h.h.t.HelmChartContainer - [K3S] [scope.go:117] "RemoveContainer" containerID="687f0f73c207fa9c3d2a1b4ce917f7e10b4c965904294c3612f749c5a5217950"
2025-01-28 23:58:28,966 INFO c.h.h.t.HelmChartContainer - [hivemq-test-hivemq-platform] [hivemq-platform-operator] [7b61d8db] 23:58:28.965 [ReconcilerExecutor-hivemq-controller-149] INFO  c.h.p.o.HiveMQPlatformReconciler - [helmlega] Reconciling HiveMQ Platform 'test-hivemq-legacy-platform' in namespace 'helmlegacystatefulsetmigrationit-operator'
2025-01-28 23:58:28,966 INFO c.h.h.t.HelmChartContainer - [hivemq-test-hivemq-platform] [hivemq-platform-operator] [7b61d8db] 23:58:28.965 [ReconcilerExecutor-hivemq-controller-149] DEBUG c.h.p.o.HiveMQPlatformReconciler - [helmlega] Custom Resource Status ROLLING_RESTART - HiveMQ Platform is stopping the surge Pod (rolling restart) (SCALE_DOWN_IN_PROGRESS)
2025-01-28 23:58:28,966 INFO c.h.h.t.HelmChartContainer - [hivemq-test-hivemq-platform] [hivemq-platform-operator] [7b61d8db] 23:58:28.965 [ReconcilerExecutor-hivemq-controller-149] DEBUG c.h.p.o.HiveMQPlatformReconciler - [helmlega] Custom Resource Spec (replicas: 1) (extensions: 2)
2025-01-28 23:58:28,968 INFO c.h.h.t.HelmChartContainer - [hivemq-test-hivemq-platform] [hivemq-platform-operator] [7b61d8db] 23:58:28.967 [ReconcilerExecutor-hivemq-controller-149] DEBUG c.h.p.o.HiveMQPlatformReconciler - [helmlega] StatefulSet Status (revision: test-hivemq-legacy-platform-65df8dcb7f, replicas: 2, available: 1, ready: 1, current: 1, updated: 1)
2025-01-28 23:58:28,968 INFO c.h.h.t.HelmChartContainer - [hivemq-test-hivemq-platform] [hivemq-platform-operator] [7b61d8db] 23:58:28.967 [ReconcilerExecutor-hivemq-controller-149] DEBUG c.h.p.o.HiveMQPlatformReconciler - [helmlega] StatefulSet Spec (replicas: 1, init containers: 1, containers: 1, volumes: 6)
2025-01-28 23:58:28,969 INFO c.h.h.t.HelmChartContainer - [hivemq-test-hivemq-platform] [hivemq-platform-operator] [7b61d8db] 23:58:28.968 [ReconcilerExecutor-hivemq-controller-149] DEBUG c.h.p.o.h.HiveMQPlatformReconcilerErrorHandler - [helmlega] Pod 'test-hivemq-legacy-platform-0' phase Running
2025-01-28 23:58:28,970 INFO c.h.h.t.HelmChartContainer - [hivemq-test-hivemq-platform] [hivemq-platform-operator] [7b61d8db] 23:58:28.969 [ReconcilerExecutor-hivemq-controller-149] INFO  c.h.p.o.h.HiveMQPlatformReconcilerRollingRestartHandler - [helmlega] Rolling restart is done
2025-01-28 23:58:28,976 INFO c.h.h.t.HelmChartContainer - [K3S] [reconciler_common.go:162] "operationExecutor.UnmountVolume started for volume \"pod-info\" (UniqueName: \"kubernetes.io/configmap/877830f0-eb1e-4574-8f10-f1a01047bfb0-pod-info\") pod \"877830f0-eb1e-4574-8f10-f1a01047bfb0\" (UID: \"877830f0-eb1e-4574-8f10-f1a01047bfb0\") "
2025-01-28 23:58:28,976 INFO c.h.h.t.HelmChartContainer - [K3S] [reconciler_common.go:162] "operationExecutor.UnmountVolume started for volume \"kube-api-access-xdlrk\" (UniqueName: \"kubernetes.io/projected/877830f0-eb1e-4574-8f10-f1a01047bfb0-kube-api-access-xdlrk\") pod \"877830f0-eb1e-4574-8f10-f1a01047bfb0\" (UID: \"877830f0-eb1e-4574-8f10-f1a01047bfb0\") "
2025-01-28 23:58:28,977 INFO c.h.h.t.HelmChartContainer - [K3S] [reconciler_common.go:162] "operationExecutor.UnmountVolume started for volume \"extension-configuration-hivemq-enterprise-security-extension\" (UniqueName: \"kubernetes.io/configmap/877830f0-eb1e-4574-8f10-f1a01047bfb0-extension-configuration-hivemq-enterprise-security-extension\") pod \"877830f0-eb1e-4574-8f10-f1a01047bfb0\" (UID: \"877830f0-eb1e-4574-8f10-f1a01047bfb0\") "
2025-01-28 23:58:28,977 INFO c.h.h.t.HelmChartContainer - [K3S] [reconciler_common.go:162] "operationExecutor.UnmountVolume started for volume \"ese-file-realm\" (UniqueName: \"kubernetes.io/configmap/877830f0-eb1e-4574-8f10-f1a01047bfb0-ese-file-realm\") pod \"877830f0-eb1e-4574-8f10-f1a01047bfb0\" (UID: \"877830f0-eb1e-4574-8f10-f1a01047bfb0\") "
2025-01-28 23:58:28,977 INFO c.h.h.t.HelmChartContainer - [K3S] [reconciler_common.go:162] "operationExecutor.UnmountVolume started for volume \"data\" (UniqueName: \"kubernetes.io/local-volume/pvc-0171b416-5105-4c98-9d52-be75bfa0474b\") pod \"877830f0-eb1e-4574-8f10-f1a01047bfb0\" (UID: \"877830f0-eb1e-4574-8f10-f1a01047bfb0\") "
2025-01-28 23:58:28,977 INFO c.h.h.t.HelmChartContainer - [K3S] [reconciler_common.go:162] "operationExecutor.UnmountVolume started for volume \"operator-init\" (UniqueName: \"kubernetes.io/empty-dir/877830f0-eb1e-4574-8f10-f1a01047bfb0-operator-init\") pod \"877830f0-eb1e-4574-8f10-f1a01047bfb0\" (UID: \"877830f0-eb1e-4574-8f10-f1a01047bfb0\") "
2025-01-28 23:58:28,977 INFO c.h.h.t.HelmChartContainer - [K3S] [reconciler_common.go:162] "operationExecutor.UnmountVolume started for volume \"broker-configuration\" (UniqueName: \"kubernetes.io/configmap/877830f0-eb1e-4574-8f10-f1a01047bfb0-broker-configuration\") pod \"877830f0-eb1e-4574-8f10-f1a01047bfb0\" (UID: \"877830f0-eb1e-4574-8f10-f1a01047bfb0\") "
2025-01-28 23:58:28,981 INFO c.h.h.t.HelmChartContainer - [EVENT] Normal [Ready] HiveMQ Platform is ready [helmlegacystatefulsetmigrationit-operator:test-hivemq-legacy-platform]
2025-01-28 23:58:28,984 INFO c.h.h.t.HelmChartContainer - [hivemq-test-hivemq-platform] [hivemq-platform-operator] [7b61d8db] 23:58:28.981 [ReconcilerExecutor-hivemq-controller-149] DEBUG c.h.p.operator.event.EventSender - [helmlega] Updating K8s event hivemq-platform-ready: [Ready] HiveMQ Platform is ready
2025-01-28 23:58:28,984 INFO c.h.h.t.HelmChartContainer - [hivemq-test-hivemq-platform] [hivemq-platform-operator] [7b61d8db] 23:58:28.981 [ReconcilerExecutor-hivemq-controller-149] INFO  c.h.p.o.h.AbstractHiveMQReconcilerStateHandler - [helmlega] Update HiveMQ Platform Status (ROLLING_RESTART [SCALE_DOWN_IN_PROGRESS] -> RUNNING [READY]): HiveMQ Platform is ready
2025-01-28 23:58:28,992 DEBUG com.hivemq.helmcharts.util.K8sUtil - Comparing actual state 'RUNNING' and waiting for 'RUNNING'
2025-01-28 23:58:29,022 INFO c.h.h.util.ControlCenterUtil - Log into CC on hivemq-test-hivemq-legacy-platform-cc:8080 (username: admin) (password: hivemq) (TLS: false)
2025-01-28 23:58:29,070 INFO c.h.h.t.HelmChartContainer - [hivemq-test-hivemq-platform] [hivemq-platform-operator] [7b61d8db] 23:58:29.067 [pool-6-thread-12] DEBUG c.h.p.o.d.PlatformServiceResource - [helmlega] Desired Platform services (4 services)
2025-01-28 23:58:29,070 INFO c.h.h.t.HelmChartContainer - [hivemq-test-hivemq-platform] [hivemq-platform-operator] [7b61d8db] 23:58:29.069 [pool-6-thread-13] DEBUG c.h.p.o.d.PodServiceAccountResource - [helmlega] Desired PodServiceAccountResource (serviceAccountName: hivemq-platform-pod-test-hivemq-legacy-platform)
2025-01-28 23:58:29,072 INFO c.h.h.t.HelmChartContainer - [hivemq-test-hivemq-platform] [hivemq-platform-operator] [7b61d8db] 23:58:29.071 [pool-6-thread-17] DEBUG c.h.p.o.dependants.PodInfoConfigMap - [helmlega] Desired PodInfo ConfigMap (2 extensions) (1 enabled)
2025-01-28 23:58:29,073 INFO c.h.h.t.HelmChartContainer - [hivemq-test-hivemq-platform] [hivemq-platform-operator] [7b61d8db] 23:58:29.071 [pool-6-thread-17] DEBUG c.h.p.o.dependants.PodInfoConfigMap - [helmlega] Desired PodInfo ConfigMap (metrics port: 9399) (metrics path: /)
2025-01-28 23:58:29,073 INFO c.h.h.t.HelmChartContainer - [hivemq-test-hivemq-platform] [hivemq-platform-operator] [7b61d8db] 23:58:29.071 [pool-6-thread-17] DEBUG c.h.p.o.dependants.PodInfoConfigMap - [helmlega] Desired PodInfo ConfigMap (extension state hash: -727970014)
2025-01-28 23:58:29,073 INFO c.h.h.t.HelmChartContainer - [hivemq-test-hivemq-platform] [hivemq-platform-operator] [7b61d8db] 23:58:29.072 [pool-6-thread-17] DEBUG c.h.p.o.dependants.PodInfoConfigMap - [helmlega] Update PodInfo ConfigMap
2025-01-28 23:58:29,078 INFO c.h.h.t.HelmChartContainer - [K3S] [reconciler_common.go:299] "Volume detached for volume \"ese-file-realm\" (UniqueName: \"kubernetes.io/configmap/877830f0-eb1e-4574-8f10-f1a01047bfb0-ese-file-realm\") on node \"62a9fd0284dd\" DevicePath \"\""
2025-01-28 23:58:29,079 INFO c.h.h.t.HelmChartContainer - [K3S] [reconciler_common.go:292] "operationExecutor.UnmountDevice started for volume \"pvc-0171b416-5105-4c98-9d52-be75bfa0474b\" (UniqueName: \"kubernetes.io/local-volume/pvc-0171b416-5105-4c98-9d52-be75bfa0474b\") on node \"62a9fd0284dd\" "
2025-01-28 23:58:29,079 INFO c.h.h.t.HelmChartContainer - [K3S] [reconciler_common.go:299] "Volume detached for volume \"broker-configuration\" (UniqueName: \"kubernetes.io/configmap/877830f0-eb1e-4574-8f10-f1a01047bfb0-broker-configuration\") on node \"62a9fd0284dd\" DevicePath \"\""
2025-01-28 23:58:29,079 INFO c.h.h.t.HelmChartContainer - [K3S] [reconciler_common.go:299] "Volume detached for volume \"operator-init\" (UniqueName: \"kubernetes.io/empty-dir/877830f0-eb1e-4574-8f10-f1a01047bfb0-operator-init\") on node \"62a9fd0284dd\" DevicePath \"\""
2025-01-28 23:58:29,079 INFO c.h.h.t.HelmChartContainer - [K3S] [reconciler_common.go:299] "Volume detached for volume \"pod-info\" (UniqueName: \"kubernetes.io/configmap/877830f0-eb1e-4574-8f10-f1a01047bfb0-pod-info\") on node \"62a9fd0284dd\" DevicePath \"\""
2025-01-28 23:58:29,079 INFO c.h.h.t.HelmChartContainer - [K3S] [reconciler_common.go:299] "Volume detached for volume \"kube-api-access-xdlrk\" (UniqueName: \"kubernetes.io/projected/877830f0-eb1e-4574-8f10-f1a01047bfb0-kube-api-access-xdlrk\") on node \"62a9fd0284dd\" DevicePath \"\""
2025-01-28 23:58:29,079 INFO c.h.h.t.HelmChartContainer - [K3S] [reconciler_common.go:299] "Volume detached for volume \"extension-configuration-hivemq-enterprise-security-extension\" (UniqueName: \"kubernetes.io/configmap/877830f0-eb1e-4574-8f10-f1a01047bfb0-extension-configuration-hivemq-enterprise-security-extension\") on node \"62a9fd0284dd\" DevicePath \"\""
2025-01-28 23:58:29,084 INFO c.h.h.t.HelmChartContainer - [hivemq-test-hivemq-platform] [hivemq-platform-operator] [7b61d8db] 23:58:29.083 [pool-6-thread-17] DEBUG c.h.p.o.d.StatefulSetResource - [helmlega] Desired StatefulSet (1 replicas) for status RUNNING (READY)
2025-01-28 23:58:29,092 INFO c.h.h.t.HelmChartContainer - [hivemq-test-hivemq-platform] [hivemq-platform-operator] [7b61d8db] 23:58:29.088 [ReconcilerExecutor-hivemq-controller-150] INFO  c.h.p.o.HiveMQPlatformReconciler - [helmlega] Reconciling HiveMQ Platform 'test-hivemq-legacy-platform' in namespace 'helmlegacystatefulsetmigrationit-operator'
2025-01-28 23:58:29,092 INFO c.h.h.t.HelmChartContainer - [hivemq-test-hivemq-platform] [hivemq-platform-operator] [7b61d8db] 23:58:29.088 [ReconcilerExecutor-hivemq-controller-150] DEBUG c.h.p.o.HiveMQPlatformReconciler - [helmlega] Custom Resource Status RUNNING - HiveMQ Platform is ready (READY)
2025-01-28 23:58:29,095 INFO c.h.h.t.HelmChartContainer - [hivemq-test-hivemq-platform] [hivemq-platform-operator] [7b61d8db] 23:58:29.088 [ReconcilerExecutor-hivemq-controller-150] DEBUG c.h.p.o.HiveMQPlatformReconciler - [helmlega] Custom Resource Spec (replicas: 1) (extensions: 2)
2025-01-28 23:58:29,166 INFO c.h.h.t.HelmChartContainer - [hivemq-test-hivemq-platform] [hivemq-platform-operator] [7b61d8db] 23:58:29.165 [ReconcilerExecutor-hivemq-controller-150] DEBUG c.h.p.o.HiveMQPlatformReconciler - [helmlega] StatefulSet Status (revision: test-hivemq-legacy-platform-65df8dcb7f, replicas: 2, available: 1, ready: 1, current: 1, updated: 1)
2025-01-28 23:58:29,166 INFO c.h.h.t.HelmChartContainer - [hivemq-test-hivemq-platform] [hivemq-platform-operator] [7b61d8db] 23:58:29.165 [ReconcilerExecutor-hivemq-controller-150] DEBUG c.h.p.o.HiveMQPlatformReconciler - [helmlega] StatefulSet Spec (replicas: 1, init containers: 1, containers: 1, volumes: 6)
2025-01-28 23:58:29,168 INFO c.h.h.t.HelmChartContainer - [hivemq-test-hivemq-platform] [hivemq-platform-operator] [7b61d8db] 23:58:29.167 [ReconcilerExecutor-hivemq-controller-150] DEBUG c.h.p.o.h.HiveMQPlatformReconcilerErrorHandler - [helmlega] Pod 'test-hivemq-legacy-platform-0' phase Running
2025-01-28 23:58:29,178 INFO c.h.h.t.HelmChartContainer - [K3S] [reconciler_common.go:299] "Volume detached for volume \"pvc-0171b416-5105-4c98-9d52-be75bfa0474b\" (UniqueName: \"kubernetes.io/local-volume/pvc-0171b416-5105-4c98-9d52-be75bfa0474b\") on node \"62a9fd0284dd\" DevicePath \"\""
2025-01-28 23:58:29,203 INFO c.h.h.t.HelmChartContainer - [POD] test-hivemq-legacy-platform-1 [877830f0-eb1e-4574-8f10-f1a01047bfb0] in helmlegacystatefulsetmigrationit-operator was MODIFIED
2025-01-28 23:58:29,209 INFO c.h.h.t.HelmChartContainer - [POD] test-hivemq-legacy-platform-1 [877830f0-eb1e-4574-8f10-f1a01047bfb0] in helmlegacystatefulsetmigrationit-operator was DELETED
2025-01-28 23:58:29,279 INFO c.h.h.t.HelmChartContainer - [hivemq-test-hivemq-platform] [hivemq-platform-operator] [7b61d8db] 23:58:29.267 [pool-6-thread-27] DEBUG c.h.p.o.d.PlatformServiceResource - [helmlega] Desired Platform services (4 services)
2025-01-28 23:58:29,281 INFO c.h.h.t.HelmChartContainer - [hivemq-test-hivemq-platform] [hivemq-platform-operator] [7b61d8db] 23:58:29.272 [pool-6-thread-21] DEBUG c.h.p.o.d.PodServiceAccountResource - [helmlega] Desired PodServiceAccountResource (serviceAccountName: hivemq-platform-pod-test-hivemq-legacy-platform)
2025-01-28 23:58:29,281 INFO c.h.h.t.HelmChartContainer - [hivemq-test-hivemq-platform] [hivemq-platform-operator] [7b61d8db] 23:58:29.277 [pool-6-thread-27] DEBUG c.h.p.o.dependants.PodInfoConfigMap - [helmlega] Desired PodInfo ConfigMap (2 extensions) (1 enabled)
2025-01-28 23:58:29,281 INFO c.h.h.t.HelmChartContainer - [hivemq-test-hivemq-platform] [hivemq-platform-operator] [7b61d8db] 23:58:29.277 [pool-6-thread-27] DEBUG c.h.p.o.dependants.PodInfoConfigMap - [helmlega] Desired PodInfo ConfigMap (metrics port: 9399) (metrics path: /)
2025-01-28 23:58:29,281 INFO c.h.h.t.HelmChartContainer - [hivemq-test-hivemq-platform] [hivemq-platform-operator] [7b61d8db] 23:58:29.277 [pool-6-thread-27] DEBUG c.h.p.o.dependants.PodInfoConfigMap - [helmlega] Desired PodInfo ConfigMap (extension state hash: -727970014)
2025-01-28 23:58:29,283 INFO c.h.h.t.HelmChartContainer - [hivemq-test-hivemq-platform] [hivemq-platform-operator] [7b61d8db] 23:58:29.279 [pool-6-thread-27] DEBUG c.h.p.o.d.StatefulSetResource - [helmlega] Desired StatefulSet (1 replicas) for status RUNNING (READY)
2025-01-28 23:58:29,290 INFO c.h.h.t.HelmChartContainer - [hivemq-test-hivemq-platform] [hivemq-platform-operator] [7b61d8db] 23:58:29.286 [ReconcilerExecutor-hivemq-controller-151] INFO  c.h.p.o.HiveMQPlatformReconciler - [helmlega] Reconciling HiveMQ Platform 'test-hivemq-legacy-platform' in namespace 'helmlegacystatefulsetmigrationit-operator'
2025-01-28 23:58:29,291 INFO c.h.h.t.HelmChartContainer - [hivemq-test-hivemq-platform] [hivemq-platform-operator] [7b61d8db] 23:58:29.287 [ReconcilerExecutor-hivemq-controller-151] DEBUG c.h.p.o.HiveMQPlatformReconciler - [helmlega] Custom Resource Status RUNNING - HiveMQ Platform is ready (READY)
2025-01-28 23:58:29,291 INFO c.h.h.t.HelmChartContainer - [hivemq-test-hivemq-platform] [hivemq-platform-operator] [7b61d8db] 23:58:29.287 [ReconcilerExecutor-hivemq-controller-151] DEBUG c.h.p.o.HiveMQPlatformReconciler - [helmlega] Custom Resource Spec (replicas: 1) (extensions: 2)
2025-01-28 23:58:29,291 INFO c.h.h.t.HelmChartContainer - [hivemq-test-hivemq-platform] [hivemq-platform-operator] [7b61d8db] 23:58:29.288 [ReconcilerExecutor-hivemq-controller-151] DEBUG c.h.p.o.HiveMQPlatformReconciler - [helmlega] StatefulSet Status (revision: test-hivemq-legacy-platform-65df8dcb7f, replicas: 1, available: 1, ready: 1, current: 1, updated: 1)
2025-01-28 23:58:29,291 INFO c.h.h.t.HelmChartContainer - [hivemq-test-hivemq-platform] [hivemq-platform-operator] [7b61d8db] 23:58:29.288 [ReconcilerExecutor-hivemq-controller-151] DEBUG c.h.p.o.HiveMQPlatformReconciler - [helmlega] StatefulSet Spec (replicas: 1, init containers: 1, containers: 1, volumes: 6)
2025-01-28 23:58:29,293 INFO c.h.h.t.HelmChartContainer - [hivemq-test-hivemq-platform] [hivemq-platform-operator] [7b61d8db] 23:58:29.291 [ReconcilerExecutor-hivemq-controller-151] DEBUG c.h.p.o.h.HiveMQPlatformReconcilerErrorHandler - [helmlega] Pod 'test-hivemq-legacy-platform-0' phase Running
2025-01-28 23:58:29,307 INFO c.h.h.t.HelmChartContainer - [hivemq-test-hivemq-platform] [hivemq-platform-operator] [7b61d8db] 23:58:29.300 [pool-6-thread-35] DEBUG c.h.p.o.d.PlatformServiceResource - [helmlega] Desired Platform services (4 services)
2025-01-28 23:58:29,370 INFO c.h.h.t.HelmChartContainer - [hivemq-test-hivemq-platform] [hivemq-platform-operator] [7b61d8db] 23:58:29.366 [pool-6-thread-33] DEBUG c.h.p.o.dependants.PodInfoConfigMap - [helmlega] Desired PodInfo ConfigMap (2 extensions) (1 enabled)
2025-01-28 23:58:29,371 INFO c.h.h.t.HelmChartContainer - [hivemq-test-hivemq-platform] [hivemq-platform-operator] [7b61d8db] 23:58:29.366 [pool-6-thread-33] DEBUG c.h.p.o.dependants.PodInfoConfigMap - [helmlega] Desired PodInfo ConfigMap (metrics port: 9399) (metrics path: /)
2025-01-28 23:58:29,371 INFO c.h.h.t.HelmChartContainer - [hivemq-test-hivemq-platform] [hivemq-platform-operator] [7b61d8db] 23:58:29.366 [pool-6-thread-33] DEBUG c.h.p.o.dependants.PodInfoConfigMap - [helmlega] Desired PodInfo ConfigMap (extension state hash: -727970014)
2025-01-28 23:58:29,371 INFO c.h.h.t.HelmChartContainer - [hivemq-test-hivemq-platform] [hivemq-platform-operator] [7b61d8db] 23:58:29.368 [pool-6-thread-37] DEBUG c.h.p.o.d.PodServiceAccountResource - [helmlega] Desired PodServiceAccountResource (serviceAccountName: hivemq-platform-pod-test-hivemq-legacy-platform)
2025-01-28 23:58:29,377 INFO c.h.h.t.HelmChartContainer - [hivemq-test-hivemq-platform] [hivemq-platform-operator] [7b61d8db] 23:58:29.375 [pool-6-thread-37] DEBUG c.h.p.o.d.StatefulSetResource - [helmlega] Desired StatefulSet (1 replicas) for status RUNNING (READY)
2025-01-28 23:58:29,384 INFO c.h.h.t.HelmChartContainer - [hivemq-test-hivemq-platform] [hivemq-platform-operator] [7b61d8db] 23:58:29.381 [ReconcilerExecutor-hivemq-controller-153] INFO  c.h.p.o.HiveMQPlatformReconciler - [helmlega] Reconciling HiveMQ Platform 'test-hivemq-legacy-platform' in namespace 'helmlegacystatefulsetmigrationit-operator'
2025-01-28 23:58:29,389 INFO c.h.h.t.HelmChartContainer - [hivemq-test-hivemq-platform] [hivemq-platform-operator] [7b61d8db] 23:58:29.381 [ReconcilerExecutor-hivemq-controller-153] DEBUG c.h.p.o.HiveMQPlatformReconciler - [helmlega] Custom Resource Status RUNNING - HiveMQ Platform is ready (READY)
2025-01-28 23:58:29,389 INFO c.h.h.t.HelmChartContainer - [hivemq-test-hivemq-platform] [hivemq-platform-operator] [7b61d8db] 23:58:29.381 [ReconcilerExecutor-hivemq-controller-153] DEBUG c.h.p.o.HiveMQPlatformReconciler - [helmlega] Custom Resource Spec (replicas: 1) (extensions: 2)
2025-01-28 23:58:29,389 INFO c.h.h.t.HelmChartContainer - [hivemq-test-hivemq-platform] [hivemq-platform-operator] [7b61d8db] 23:58:29.383 [ReconcilerExecutor-hivemq-controller-153] DEBUG c.h.p.o.HiveMQPlatformReconciler - [helmlega] StatefulSet Status (revision: test-hivemq-legacy-platform-65df8dcb7f, replicas: 1, available: 1, ready: 1, current: 1, updated: 1)
2025-01-28 23:58:29,389 INFO c.h.h.t.HelmChartContainer - [hivemq-test-hivemq-platform] [hivemq-platform-operator] [7b61d8db] 23:58:29.383 [ReconcilerExecutor-hivemq-controller-153] DEBUG c.h.p.o.HiveMQPlatformReconciler - [helmlega] StatefulSet Spec (replicas: 1, init containers: 1, containers: 1, volumes: 6)
2025-01-28 23:58:29,389 INFO c.h.h.t.HelmChartContainer - [hivemq-test-hivemq-platform] [hivemq-platform-operator] [7b61d8db] 23:58:29.384 [ReconcilerExecutor-hivemq-controller-153] DEBUG c.h.p.o.h.HiveMQPlatformReconcilerErrorHandler - [helmlega] Pod 'test-hivemq-legacy-platform-0' phase Running
2025-01-28 23:58:30,183 INFO c.h.h.t.HelmChartContainer - [K3S] [kubelet_volumes.go:163] "Cleaned up orphaned pod volumes dir" podUID="877830f0-eb1e-4574-8f10-f1a01047bfb0" path="/var/lib/kubelet/pods/877830f0-eb1e-4574-8f10-f1a01047bfb0/volumes"
2025-01-28 23:58:31,811 INFO c.h.h.util.ControlCenterUtil - Login attempt 1 was successful
2025-01-28 23:58:31,811 INFO com.hivemq.helmcharts.util.MqttUtil - Asserting retained messages on 30 topics...
2025-01-28 23:58:31,813 INFO c.h.h.t.HelmChartContainer - [K3S] [upgradeaware.go:427] Error proxying data from client to backend: remote error: tls: user canceled
2025-01-28 23:58:33,505 INFO com.hivemq.helmcharts.util.MqttUtil - Asserted retained messages (1694 ms)
2025-01-28 23:58:33,505 INFO c.hivemq.helmcharts.util.RestAPIUtil - Checking authorization for REST API on hivemq-test-hivemq-legacy-platform-api:8888 (username: user) (password: password) (endpoint path: /api/v1/mqtt/clients)
2025-01-28 23:58:33,612 INFO c.h.helmcharts.util.MonitoringUtil - Asserting Prometheus subscribes metrics...
2025-01-28 23:58:34,320 INFO c.h.helmcharts.util.MonitoringUtil - Asserted subscribes metrics (708 ms)
2025-01-28 23:58:34,320 INFO c.h.h.t.HelmChartContainer - Uninstalling release 'test-hivemq-legacy-platform' in namespace 'helmlegacystatefulsetmigrationit-operator'...
2025-01-28 23:58:34,321 DEBUG c.h.h.t.HelmChartContainer - Executing helm command: /bin/helm --kubeconfig /etc/rancher/k3s/k3s.yaml uninstall test-hivemq-legacy-platform  --wait --timeout 5m0s --cascade foreground --namespace helmlegacystatefulsetmigrationit-operator
2025-01-28 23:58:34,519 INFO c.h.h.t.HelmChartContainer - [hivemq-test-hivemq-platform] [hivemq-platform-operator] [7b61d8db] 23:58:34.516 [pool-6-thread-48] DEBUG c.h.p.o.d.PlatformServiceResource - [helmlega] Desired Platform services (4 services)
2025-01-28 23:58:34,519 INFO c.h.h.t.HelmChartContainer - [hivemq-test-hivemq-platform] [hivemq-platform-operator] [7b61d8db] 23:58:34.516 [pool-6-thread-42] DEBUG c.h.p.o.dependants.PodInfoConfigMap - [helmlega] Desired PodInfo ConfigMap (2 extensions) (1 enabled)
2025-01-28 23:58:34,519 INFO c.h.h.t.HelmChartContainer - [hivemq-test-hivemq-platform] [hivemq-platform-operator] [7b61d8db] 23:58:34.516 [pool-6-thread-42] DEBUG c.h.p.o.dependants.PodInfoConfigMap - [helmlega] Desired PodInfo ConfigMap (metrics port: 9399) (metrics path: /)
2025-01-28 23:58:34,519 INFO c.h.h.t.HelmChartContainer - [hivemq-test-hivemq-platform] [hivemq-platform-operator] [7b61d8db] 23:58:34.517 [pool-6-thread-42] DEBUG c.h.p.o.dependants.PodInfoConfigMap - [helmlega] Desired PodInfo ConfigMap (extension state hash: -727970014)
2025-01-28 23:58:34,519 INFO c.h.h.t.HelmChartContainer - [hivemq-test-hivemq-platform] [hivemq-platform-operator] [7b61d8db] 23:58:34.517 [pool-6-thread-42] DEBUG c.h.p.o.d.PodServiceAccountResource - [helmlega] Desired PodServiceAccountResource (serviceAccountName: hivemq-platform-pod-test-hivemq-legacy-platform)
2025-01-28 23:58:34,545 INFO c.h.h.t.HelmChartContainer - [hivemq-test-hivemq-platform] [hivemq-platform-operator] [7b61d8db] 23:58:34.525 [pool-6-thread-48] DEBUG c.h.p.o.d.StatefulSetResource - [helmlega] Desired StatefulSet (1 replicas) for status RUNNING (READY)
2025-01-28 23:58:34,545 INFO c.h.h.t.HelmChartContainer - [hivemq-test-hivemq-platform] [hivemq-platform-operator] [7b61d8db] 23:58:34.530 [ReconcilerExecutor-hivemq-controller-154] INFO  c.h.p.o.HiveMQPlatformReconciler - [helmlega] Reconciling HiveMQ Platform 'test-hivemq-legacy-platform' in namespace 'helmlegacystatefulsetmigrationit-operator'
2025-01-28 23:58:34,545 INFO c.h.h.t.HelmChartContainer - [hivemq-test-hivemq-platform] [hivemq-platform-operator] [7b61d8db] 23:58:34.530 [ReconcilerExecutor-hivemq-controller-154] DEBUG c.h.p.o.HiveMQPlatformReconciler - [helmlega] Custom Resource Status RUNNING - HiveMQ Platform is ready (READY)
2025-01-28 23:58:34,545 INFO c.h.h.t.HelmChartContainer - [hivemq-test-hivemq-platform] [hivemq-platform-operator] [7b61d8db] 23:58:34.530 [ReconcilerExecutor-hivemq-controller-154] DEBUG c.h.p.o.HiveMQPlatformReconciler - [helmlega] Custom Resource Spec (replicas: 1) (extensions: 2)
2025-01-28 23:58:34,545 INFO c.h.h.t.HelmChartContainer - [hivemq-test-hivemq-platform] [hivemq-platform-operator] [7b61d8db] 23:58:34.531 [ReconcilerExecutor-hivemq-controller-154] DEBUG c.h.p.o.HiveMQPlatformReconciler - [helmlega] StatefulSet Status (revision: test-hivemq-legacy-platform-65df8dcb7f, replicas: 1, available: 1, ready: 1, current: 1, updated: 1)
2025-01-28 23:58:34,545 INFO c.h.h.t.HelmChartContainer - [hivemq-test-hivemq-platform] [hivemq-platform-operator] [7b61d8db] 23:58:34.531 [ReconcilerExecutor-hivemq-controller-154] DEBUG c.h.p.o.HiveMQPlatformReconciler - [helmlega] StatefulSet Spec (replicas: 1, init containers: 1, containers: 1, volumes: 6)
2025-01-28 23:58:34,545 INFO c.h.h.t.HelmChartContainer - [hivemq-test-hivemq-platform] [hivemq-platform-operator] [7b61d8db] 23:58:34.532 [ReconcilerExecutor-hivemq-controller-154] DEBUG c.h.p.o.h.HiveMQPlatformReconcilerErrorHandler - [helmlega] Pod 'test-hivemq-legacy-platform-0' phase Running
2025-01-28 23:58:34,574 INFO c.h.h.t.HelmChartContainer - [hivemq-test-hivemq-platform] [hivemq-platform-operator] [7b61d8db] 23:58:34.570 [ReconcilerExecutor-hivemq-controller-155] INFO  c.h.p.o.HiveMQPlatformReconciler - [helmlega] Cleanup test-hivemq-legacy-platform - helmlegacystatefulsetmigrationit-operator HiveMQ Platform is shut down
2025-01-28 23:58:35,523 INFO c.h.h.t.HelmChartContainer - [POD] test-hivemq-legacy-platform-0 [3fa96912-f957-4c20-90ed-602d363258bd] in helmlegacystatefulsetmigrationit-operator was MODIFIED
2025-01-28 23:58:35,523 INFO c.h.h.t.HelmChartContainer - [EVENT] Normal [Killing] Stopping container hivemq [helmlegacystatefulsetmigrationit-operator:test-hivemq-legacy-platform-0]
2025-01-28 23:58:35,524 INFO c.h.h.t.HelmChartContainer - Received Killing event for container hivemq in pod test-hivemq-legacy-platform-0 [3fa96912-f957-4c20-90ed-602d363258bd]
2025-01-28 23:58:35,525 INFO c.h.h.t.HelmChartContainer - Container [test-hivemq-legacy-platform-0] [hivemq] [3fa96912-f957-4c20-90ed-602d363258bd] was terminated
2025-01-28 23:58:35,525 INFO c.h.h.t.HelmChartContainer - Stopped log watcher for hivemq in pod test-hivemq-legacy-platform-0 [3fa96912-f957-4c20-90ed-602d363258bd]
2025-01-28 23:58:35,534 INFO c.h.h.t.HelmChartContainer - [test-hivemq-legacy-platform] [hivemq] [3fa96912] INFO  - [HiveMQ Platform Operator Init App 1.7.0-SNAPSHOT] Shutting down
2025-01-28 23:58:35,535 INFO c.h.h.t.HelmChartContainer - [test-hivemq-legacy-platform] [hivemq] [3fa96912] INFO  - [HiveMQ Platform Operator Init App 1.7.0-SNAPSHOT] Stopping the HiveMQ Platform
2025-01-28 23:58:35,716 INFO c.h.h.t.HelmChartContainer - [test-hivemq-legacy-platform] [hivemq] [3fa96912] INFO  - Shutting down HiveMQ. Please wait, this could take a while...
2025-01-28 23:58:35,808 INFO c.h.h.t.HelmChartContainer - [test-hivemq-legacy-platform] [hivemq] [3fa96912] INFO  - Shutting down listeners and clients
2025-01-28 23:58:35,810 INFO c.h.h.t.HelmChartContainer - [test-hivemq-legacy-platform] [hivemq] [3fa96912] INFO  - Shutdown of listeners is done
2025-01-28 23:58:35,810 INFO c.h.h.t.HelmChartContainer - [test-hivemq-legacy-platform] [hivemq] [3fa96912] INFO  - No clients are connected, proceeding with shutdown
2025-01-28 23:58:36,570 INFO c.h.h.t.HelmChartContainer - Release 'test-hivemq-legacy-platform' in namespace 'helmlegacystatefulsetmigrationit-operator' is uninstalled
2025-01-28 23:58:36,571 INFO c.h.h.t.HelmChartContainer - Uninstalling release 'test-hivemq-platform-operator' in namespace 'helmlegacystatefulsetmigrationit-operator'...
2025-01-28 23:58:36,571 DEBUG c.h.h.t.HelmChartContainer - Executing helm command: /bin/helm --kubeconfig /etc/rancher/k3s/k3s.yaml uninstall test-hivemq-platform-operator  --wait --timeout 5m0s --cascade foreground --namespace helmlegacystatefulsetmigrationit-operator
2025-01-28 23:58:36,746 INFO c.h.h.t.HelmChartContainer - [K3S] [replica_set.go:679] "Finished syncing" kind="ReplicaSet" key="helmlegacystatefulsetmigrationit-operator/hivemq-test-hivemq-platform-operator-6966f96d65" duration="10.154287ms"
2025-01-28 23:58:36,746 INFO c.h.h.t.HelmChartContainer - [K3S] [replica_set.go:679] "Finished syncing" kind="ReplicaSet" key="helmlegacystatefulsetmigrationit-operator/hivemq-test-hivemq-platform-operator-6966f96d65" duration="40.135µs"
2025-01-28 23:58:36,796 INFO c.h.h.t.HelmChartContainer - [POD] hivemq-test-hivemq-platform-operator-6966f96d65-sgmbq [7b61d8db-43f4-4fbf-9fef-689f7c25764c] in helmlegacystatefulsetmigrationit-operator was MODIFIED
2025-01-28 23:58:36,800 INFO c.h.h.t.HelmChartContainer - [K3S] [replica_set.go:679] "Finished syncing" kind="ReplicaSet" key="helmlegacystatefulsetmigrationit-operator/hivemq-test-hivemq-platform-operator-6966f96d65" duration="5.302845ms"
2025-01-28 23:58:36,800 INFO c.h.h.t.HelmChartContainer - [K3S] [replica_set.go:679] "Finished syncing" kind="ReplicaSet" key="helmlegacystatefulsetmigrationit-operator/hivemq-test-hivemq-platform-operator-6966f96d65" duration="35.677µs"
2025-01-28 23:58:36,802 INFO c.h.h.t.HelmChartContainer - [EVENT] Normal [Killing] Stopping container hivemq-platform-operator [helmlegacystatefulsetmigrationit-operator:hivemq-test-hivemq-platform-operator-6966f96d65-sgmbq]
2025-01-28 23:58:36,802 INFO c.h.h.t.HelmChartContainer - Received Killing event for container hivemq-platform-operator in pod hivemq-test-hivemq-platform-operator-6966f96d65-sgmbq [7b61d8db-43f4-4fbf-9fef-689f7c25764c]
2025-01-28 23:58:36,802 INFO c.h.h.t.HelmChartContainer - Container [hivemq-test-hivemq-platform-operator-6966f96d65-sgmbq] [hivemq-platform-operator] [7b61d8db-43f4-4fbf-9fef-689f7c25764c] was terminated
2025-01-28 23:58:36,802 INFO c.h.h.t.HelmChartContainer - Stopped log watcher for hivemq-platform-operator in pod hivemq-test-hivemq-platform-operator-6966f96d65-sgmbq [7b61d8db-43f4-4fbf-9fef-689f7c25764c]
2025-01-28 23:58:36,805 INFO c.h.h.t.HelmChartContainer - [hivemq-test-hivemq-platform] [hivemq-platform-operator] [7b61d8db] 23:58:36.804 [application-shutdown-thread] INFO  c.h.p.o.HiveMQPlatformOperatorApplication - HiveMQ Platform Operator is stopping...
2025-01-28 23:58:36,805 INFO c.h.h.t.HelmChartContainer - [hivemq-test-hivemq-platform] [hivemq-platform-operator] [7b61d8db] 23:58:36.804 [application-shutdown-thread] INFO  i.javaoperatorsdk.operator.Operator - Operator SDK 4.9.7 is shutting down...
2025-01-28 23:58:37,300 INFO c.h.h.t.HelmChartContainer - [K3S] [replica_set.go:679] "Finished syncing" kind="ReplicaSet" key="helmlegacystatefulsetmigrationit-operator/hivemq-test-hivemq-platform-operator-6966f96d65" duration="39.944µs"
2025-01-28 23:58:37,301 INFO c.h.h.t.HelmChartContainer - [POD] hivemq-test-hivemq-platform-operator-6966f96d65-sgmbq [7b61d8db-43f4-4fbf-9fef-689f7c25764c] in helmlegacystatefulsetmigrationit-operator was MODIFIED
2025-01-28 23:58:37,426 INFO c.h.h.t.HelmChartContainer - [K3S] [reconciler_common.go:162] "operationExecutor.UnmountVolume started for volume \"kube-api-access-qq5zq\" (UniqueName: \"kubernetes.io/projected/7b61d8db-43f4-4fbf-9fef-689f7c25764c-kube-api-access-qq5zq\") pod \"7b61d8db-43f4-4fbf-9fef-689f7c25764c\" (UID: \"7b61d8db-43f4-4fbf-9fef-689f7c25764c\") "
2025-01-28 23:58:37,527 INFO c.h.h.t.HelmChartContainer - [K3S] [reconciler_common.go:299] "Volume detached for volume \"kube-api-access-qq5zq\" (UniqueName: \"kubernetes.io/projected/7b61d8db-43f4-4fbf-9fef-689f7c25764c-kube-api-access-qq5zq\") on node \"62a9fd0284dd\" DevicePath \"\""
2025-01-28 23:58:37,901 INFO c.h.h.t.HelmChartContainer - [K3S] [scope.go:117] "RemoveContainer" containerID="6ac3132150e05d1f966c0fe680636fae5a04c3719befad5dde91acb4cebd693d"
2025-01-28 23:58:37,904 INFO c.h.h.t.HelmChartContainer - [K3S] [scope.go:117] "RemoveContainer" containerID="6ac3132150e05d1f966c0fe680636fae5a04c3719befad5dde91acb4cebd693d"
2025-01-28 23:58:37,912 INFO c.h.h.t.HelmChartContainer - [K3S] [replica_set.go:679] "Finished syncing" kind="ReplicaSet" key="helmlegacystatefulsetmigrationit-operator/hivemq-test-hivemq-platform-operator-6966f96d65" duration="49.152µs"
2025-01-28 23:58:37,912 INFO c.h.h.t.HelmChartContainer - [POD] hivemq-test-hivemq-platform-operator-6966f96d65-sgmbq [7b61d8db-43f4-4fbf-9fef-689f7c25764c] in helmlegacystatefulsetmigrationit-operator was MODIFIED
2025-01-28 23:58:37,914 INFO c.h.h.t.HelmChartContainer - [POD] hivemq-test-hivemq-platform-operator-6966f96d65-sgmbq [7b61d8db-43f4-4fbf-9fef-689f7c25764c] in helmlegacystatefulsetmigrationit-operator was DELETED
2025-01-28 23:58:37,914 INFO c.h.h.t.HelmChartContainer - [K3S] [replica_set.go:679] "Finished syncing" kind="ReplicaSet" key="helmlegacystatefulsetmigrationit-operator/hivemq-test-hivemq-platform-operator-6966f96d65" duration="33.763µs"
2025-01-28 23:58:37,919 INFO c.h.h.t.HelmChartContainer - [test-hivemq-legacy-platform] [hivemq] [3fa96912] INFO  - [HiveMQ Platform Operator Init App 1.7.0-SNAPSHOT] Returning shutdown Health API response 503 for readiness
2025-01-28 23:58:37,923 INFO c.h.h.t.HelmChartContainer - [EVENT] Warning [Unhealthy] Readiness probe failed: HTTP probe failed with statuscode: 503 [helmlegacystatefulsetmigrationit-operator:test-hivemq-legacy-platform-0]
2025-01-28 23:58:37,923 INFO c.h.h.t.HelmChartContainer - Received Unhealthy event for container hivemq in pod test-hivemq-legacy-platform-0 [3fa96912-f957-4c20-90ed-602d363258bd]
2025-01-28 23:58:37,927 INFO c.h.h.t.HelmChartContainer - [K3S] [replica_set.go:679] "Finished syncing" kind="ReplicaSet" key="helmlegacystatefulsetmigrationit-operator/hivemq-test-hivemq-platform-operator-6966f96d65" duration="5.42µs"
2025-01-28 23:58:38,183 INFO c.h.h.t.HelmChartContainer - [K3S] [kubelet_volumes.go:163] "Cleaned up orphaned pod volumes dir" podUID="7b61d8db-43f4-4fbf-9fef-689f7c25764c" path="/var/lib/kubelet/pods/7b61d8db-43f4-4fbf-9fef-689f7c25764c/volumes"
2025-01-28 23:58:38,563 INFO c.h.h.t.HelmChartContainer - [test-hivemq-legacy-platform] [hivemq] [3fa96912] WARN  - [HiveMQ Platform Operator Init App 1.7.0-SNAPSHOT] Could not update Pod annotations: Failure executing: GET at: https://10.43.0.1:443/api/v1/namespaces/helmlegacystatefulsetmigrationit-operator/pods/test-hivemq-legacy-platform-0. Message: pods "test-hivemq-legacy-platform-0" is forbidden: User "system:serviceaccount:helmlegacystatefulsetmigrationit-operator:hivemq-platform-pod-test-hivemq-legacy-platform" cannot get resource "pods" in API group "" in the namespace "helmlegacystatefulsetmigrationit-operator". Received status: Status(apiVersion=v1, code=403, details=StatusDetails(causes=[], group=null, kind=pods, name=test-hivemq-legacy-platform-0, retryAfterSeconds=null, uid=null, additionalProperties={}), kind=Status, message=pods "test-hivemq-legacy-platform-0" is forbidden: User "system:serviceaccount:helmlegacystatefulsetmigrationit-operator:hivemq-platform-pod-test-hivemq-legacy-platform" cannot get resource "pods" in API group "" in the namespace "helmlegacystatefulsetmigrationit-operator", metadata=ListMeta(_continue=null, remainingItemCount=null, resourceVersion=null, selfLink=null, additionalProperties={}), reason=Forbidden, status=Failure, additionalProperties={}).
2025-01-28 23:58:38,785 INFO c.h.h.t.HelmChartContainer - Deleting namespace 'helmlegacystatefulsetmigrationit-operator'...
2025-01-28 23:58:38,807 INFO c.h.h.t.HelmChartContainer - [test-hivemq-legacy-platform] [hivemq] [3fa96912] INFO  - Shutting down extension system
2025-01-28 23:58:38,815 INFO c.h.h.t.HelmChartContainer - [test-hivemq-legacy-platform] [hivemq] [3fa96912] INFO  - Stopping extension with id hivemq-dns-cluster-discovery
2025-01-28 23:58:38,815 INFO c.h.h.t.HelmChartContainer - [test-hivemq-legacy-platform] [hivemq] [3fa96912] INFO  - Extension "DNS Cluster Discovery Extension" version 4.3.2 stopped successfully.
2025-01-28 23:58:38,815 INFO c.h.h.t.HelmChartContainer - [test-hivemq-legacy-platform] [hivemq] [3fa96912] INFO  - Stopping extension with id hivemq-prometheus-extension
2025-01-28 23:58:38,818 INFO c.h.h.t.HelmChartContainer - [test-hivemq-legacy-platform] [hivemq] [3fa96912] INFO  - Extension "Prometheus Monitoring Extension" version 4.0.12 stopped successfully.
2025-01-28 23:58:38,819 INFO c.h.h.t.HelmChartContainer - [test-hivemq-legacy-platform] [hivemq] [3fa96912] INFO  - Stopping extension with id hivemq-enterprise-security-extension
2025-01-28 23:58:38,819 INFO c.h.h.t.HelmChartContainer - [test-hivemq-legacy-platform] [hivemq] [3fa96912] INFO  - HiveMQ Enterprise Security Extension: Shutting down HiveMQ Enterprise Security Extension.
2025-01-28 23:58:41,821 INFO c.h.h.t.HelmChartContainer - [test-hivemq-legacy-platform] [hivemq] [3fa96912] INFO  - HiveMQ Enterprise Security Extension: Stopped HiveMQ Enterprise Security Extension successfully in 3002ms.
2025-01-28 23:58:41,821 INFO c.h.h.t.HelmChartContainer - [test-hivemq-legacy-platform] [hivemq] [3fa96912] INFO  - Extension "HiveMQ Enterprise Security Extension" version 4.36.0 stopped successfully.
2025-01-28 23:58:42,921 INFO c.h.h.t.HelmChartContainer - [EVENT] Warning [Unhealthy] Readiness probe failed: HTTP probe failed with statuscode: 503 [helmlegacystatefulsetmigrationit-operator:test-hivemq-legacy-platform-0]
2025-01-28 23:58:42,921 INFO c.h.h.t.HelmChartContainer - Received Unhealthy event for container hivemq in pod test-hivemq-legacy-platform-0 [3fa96912-f957-4c20-90ed-602d363258bd]
2025-01-28 23:58:43,566 INFO c.h.h.t.HelmChartContainer - [K3S] [authentication.go:74] "Unable to authenticate the request" err="[invalid bearer token, serviceaccounts \"hivemq-platform-pod-test-hivemq-legacy-platform\" not found]"
2025-01-28 23:58:43,584 INFO c.h.h.t.HelmChartContainer - [K3S] [authentication.go:74] "Unable to authenticate the request" err="[invalid bearer token, serviceaccounts \"hivemq-platform-pod-test-hivemq-legacy-platform\" not found]"
2025-01-28 23:58:43,585 INFO c.h.h.t.HelmChartContainer - [test-hivemq-legacy-platform] [hivemq] [3fa96912] WARN  - [HiveMQ Platform Operator Init App 1.7.0-SNAPSHOT] Could not update Pod annotations: Failure executing: GET at: https://10.43.0.1:443/api/v1/namespaces/helmlegacystatefulsetmigrationit-operator/pods/test-hivemq-legacy-platform-0. Message: Unauthorized. Received status: Status(apiVersion=v1, code=401, details=null, kind=Status, message=Unauthorized, metadata=ListMeta(_continue=null, remainingItemCount=null, resourceVersion=null, selfLink=null, additionalProperties={}), reason=Unauthorized, status=Failure, additionalProperties={}).
2025-01-28 23:58:44,067 INFO c.h.h.t.HelmChartContainer - [K3S] [stateful_set.go:466] "StatefulSet has been deleted" key="helmlegacystatefulsetmigrationit-operator/test-hivemq-legacy-platform"
2025-01-28 23:58:44,202 INFO c.h.h.t.HelmChartContainer - [K3S] [replica_set.go:679] "Finished syncing" kind="ReplicaSet" key="helmlegacystatefulsetmigrationit-operator/test-hivemq-legacy-platform-hivemq-operator-operator-56c5b9f7b7" duration="5.46µs"
2025-01-28 23:58:44,211 INFO c.h.h.t.HelmChartContainer - [POD] test-hivemq-legacy-platform-hivemq-operator-operator-56c5bgmwdj [18886ba6-666b-494c-b43b-ccb1c3a379e7] in helmlegacystatefulsetmigrationit-operator was MODIFIED
2025-01-28 23:58:44,216 INFO c.h.h.t.HelmChartContainer - [test-hivemq-legacy-platform] [operator] [18886ba6] ?[36m23:58:44.215?[0;39m ?[1;30m[Thread-0]?[0;39m ?[34mINFO ?[0;39m ?[35mio.micronaut.runtime.Micronaut?[0;39m - Embedded Application shutting down
2025-01-28 23:58:44,312 INFO c.h.h.t.HelmChartContainer - [K3S] [memory_manager.go:355] "RemoveStaleState removing state" podUID="877830f0-eb1e-4574-8f10-f1a01047bfb0" containerName="hivemq"
2025-01-28 23:58:44,312 INFO c.h.h.t.HelmChartContainer - [K3S] [memory_manager.go:355] "RemoveStaleState removing state" podUID="7b61d8db-43f4-4fbf-9fef-689f7c25764c" containerName="hivemq-platform-operator"
2025-01-28 23:58:44,312 INFO c.h.h.t.HelmChartContainer - [POD] helper-pod-delete-pvc-0171b416-5105-4c98-9d52-be75bfa0474b [00389bf5-3496-4d6d-87ba-ed8d3ae707cc] in kube-system was ADDED
2025-01-28 23:58:44,317 INFO c.h.h.t.HelmChartContainer - [POD] helper-pod-delete-pvc-0171b416-5105-4c98-9d52-be75bfa0474b [00389bf5-3496-4d6d-87ba-ed8d3ae707cc] in kube-system was MODIFIED
2025-01-28 23:58:44,466 INFO c.h.h.t.HelmChartContainer - [K3S] [reconciler_common.go:251] "operationExecutor.VerifyControllerAttachedVolume started for volume \"script\" (UniqueName: \"kubernetes.io/configmap/00389bf5-3496-4d6d-87ba-ed8d3ae707cc-script\") pod \"helper-pod-delete-pvc-0171b416-5105-4c98-9d52-be75bfa0474b\" (UID: \"00389bf5-3496-4d6d-87ba-ed8d3ae707cc\") " pod="kube-system/helper-pod-delete-pvc-0171b416-5105-4c98-9d52-be75bfa0474b"
2025-01-28 23:58:44,466 INFO c.h.h.t.HelmChartContainer - [K3S] [reconciler_common.go:251] "operationExecutor.VerifyControllerAttachedVolume started for volume \"kube-api-access-5v9ks\" (UniqueName: \"kubernetes.io/projected/00389bf5-3496-4d6d-87ba-ed8d3ae707cc-kube-api-access-5v9ks\") pod \"helper-pod-delete-pvc-0171b416-5105-4c98-9d52-be75bfa0474b\" (UID: \"00389bf5-3496-4d6d-87ba-ed8d3ae707cc\") " pod="kube-system/helper-pod-delete-pvc-0171b416-5105-4c98-9d52-be75bfa0474b"
2025-01-28 23:58:44,466 INFO c.h.h.t.HelmChartContainer - [K3S] [reconciler_common.go:251] "operationExecutor.VerifyControllerAttachedVolume started for volume \"data\" (UniqueName: \"kubernetes.io/host-path/00389bf5-3496-4d6d-87ba-ed8d3ae707cc-data\") pod \"helper-pod-delete-pvc-0171b416-5105-4c98-9d52-be75bfa0474b\" (UID: \"00389bf5-3496-4d6d-87ba-ed8d3ae707cc\") " pod="kube-system/helper-pod-delete-pvc-0171b416-5105-4c98-9d52-be75bfa0474b"
2025-01-28 23:58:44,671 INFO c.h.h.t.HelmChartContainer - [POD] test-hivemq-legacy-platform-hivemq-operator-operator-56c5bgmwdj [18886ba6-666b-494c-b43b-ccb1c3a379e7] in helmlegacystatefulsetmigrationit-operator was MODIFIED
2025-01-28 23:58:44,769 INFO c.h.h.t.HelmChartContainer - [K3S] [reconciler_common.go:162] "operationExecutor.UnmountVolume started for volume \"templates\" (UniqueName: \"kubernetes.io/configmap/18886ba6-666b-494c-b43b-ccb1c3a379e7-templates\") pod \"18886ba6-666b-494c-b43b-ccb1c3a379e7\" (UID: \"18886ba6-666b-494c-b43b-ccb1c3a379e7\") "
2025-01-28 23:58:44,769 INFO c.h.h.t.HelmChartContainer - [K3S] [reconciler_common.go:162] "operationExecutor.UnmountVolume started for volume \"kube-api-access-8m4vp\" (UniqueName: \"kubernetes.io/projected/18886ba6-666b-494c-b43b-ccb1c3a379e7-kube-api-access-8m4vp\") pod \"18886ba6-666b-494c-b43b-ccb1c3a379e7\" (UID: \"18886ba6-666b-494c-b43b-ccb1c3a379e7\") "
2025-01-28 23:58:44,869 INFO c.h.h.t.HelmChartContainer - [K3S] [reconciler_common.go:299] "Volume detached for volume \"templates\" (UniqueName: \"kubernetes.io/configmap/18886ba6-666b-494c-b43b-ccb1c3a379e7-templates\") on node \"62a9fd0284dd\" DevicePath \"\""
2025-01-28 23:58:44,869 INFO c.h.h.t.HelmChartContainer - [K3S] [reconciler_common.go:299] "Volume detached for volume \"kube-api-access-8m4vp\" (UniqueName: \"kubernetes.io/projected/18886ba6-666b-494c-b43b-ccb1c3a379e7-kube-api-access-8m4vp\") on node \"62a9fd0284dd\" DevicePath \"\""
2025-01-28 23:58:44,912 INFO c.h.h.t.HelmChartContainer - [K3S] [scope.go:117] "RemoveContainer" containerID="0f2f87e92d4ac209e8ef8325112c74e8143eceb327ce669ff080ace84044708d"
2025-01-28 23:58:44,915 INFO c.h.h.t.HelmChartContainer - [K3S] [scope.go:117] "RemoveContainer" containerID="0f2f87e92d4ac209e8ef8325112c74e8143eceb327ce669ff080ace84044708d"
2025-01-28 23:58:44,917 INFO c.h.h.t.HelmChartContainer - Stopped log watcher for operator in pod test-hivemq-legacy-platform-hivemq-operator-operator-56c5bgmwdj [18886ba6-666b-494c-b43b-ccb1c3a379e7]
2025-01-28 23:58:44,921 INFO c.h.h.t.HelmChartContainer - [POD] helper-pod-delete-pvc-0171b416-5105-4c98-9d52-be75bfa0474b [00389bf5-3496-4d6d-87ba-ed8d3ae707cc] in kube-system was MODIFIED
2025-01-28 23:58:44,927 INFO c.h.h.t.HelmChartContainer - [POD] test-hivemq-legacy-platform-hivemq-operator-operator-56c5bgmwdj [18886ba6-666b-494c-b43b-ccb1c3a379e7] in helmlegacystatefulsetmigrationit-operator was MODIFIED
2025-01-28 23:58:44,931 INFO c.h.h.t.HelmChartContainer - [POD] test-hivemq-legacy-platform-hivemq-operator-operator-56c5bgmwdj [18886ba6-666b-494c-b43b-ccb1c3a379e7] in helmlegacystatefulsetmigrationit-operator was DELETED
2025-01-28 23:58:45,152 INFO c.h.h.t.HelmChartContainer - [test-hivemq-legacy-platform] [hivemq] [3fa96912] INFO  - Shutdown completed.
2025-01-28 23:58:45,552 INFO c.h.h.t.HelmChartContainer - [test-hivemq-legacy-platform] [hivemq] [3fa96912] INFO  - [HiveMQ Platform Operator Init App 1.7.0-SNAPSHOT] The HiveMQ Platform exited with code 143
2025-01-28 23:58:45,553 INFO c.h.h.t.HelmChartContainer - [test-hivemq-legacy-platform] [hivemq] [3fa96912] INFO  - [HiveMQ Platform Operator Init App 1.7.0-SNAPSHOT] Stopping the REST API
2025-01-28 23:58:45,557 INFO c.h.h.t.HelmChartContainer - [test-hivemq-legacy-platform] [hivemq] [3fa96912] INFO  - [HiveMQ Platform Operator Init App 1.7.0-SNAPSHOT] Shutdown complete
2025-01-28 23:58:45,993 INFO c.h.h.t.HelmChartContainer - [POD] helper-pod-delete-pvc-0171b416-5105-4c98-9d52-be75bfa0474b [00389bf5-3496-4d6d-87ba-ed8d3ae707cc] in kube-system was MODIFIED
2025-01-28 23:58:46,002 INFO c.h.h.t.HelmChartContainer - [POD] test-hivemq-legacy-platform-0 [3fa96912-f957-4c20-90ed-602d363258bd] in helmlegacystatefulsetmigrationit-operator was MODIFIED
2025-01-28 23:58:46,077 INFO c.h.h.t.HelmChartContainer - [K3S] [reconciler_common.go:162] "operationExecutor.UnmountVolume started for volume \"data\" (UniqueName: \"kubernetes.io/host-path/00389bf5-3496-4d6d-87ba-ed8d3ae707cc-data\") pod \"00389bf5-3496-4d6d-87ba-ed8d3ae707cc\" (UID: \"00389bf5-3496-4d6d-87ba-ed8d3ae707cc\") "
2025-01-28 23:58:46,077 INFO c.h.h.t.HelmChartContainer - [K3S] [reconciler_common.go:162] "operationExecutor.UnmountVolume started for volume \"kube-api-access-5v9ks\" (UniqueName: \"kubernetes.io/projected/00389bf5-3496-4d6d-87ba-ed8d3ae707cc-kube-api-access-5v9ks\") pod \"00389bf5-3496-4d6d-87ba-ed8d3ae707cc\" (UID: \"00389bf5-3496-4d6d-87ba-ed8d3ae707cc\") "
2025-01-28 23:58:46,077 INFO c.h.h.t.HelmChartContainer - [K3S] [reconciler_common.go:162] "operationExecutor.UnmountVolume started for volume \"data\" (UniqueName: \"kubernetes.io/local-volume/pvc-27ec445c-1fb4-4e08-9f63-a798055ff01b\") pod \"3fa96912-f957-4c20-90ed-602d363258bd\" (UID: \"3fa96912-f957-4c20-90ed-602d363258bd\") "
2025-01-28 23:58:46,077 INFO c.h.h.t.HelmChartContainer - [K3S] [reconciler_common.go:162] "operationExecutor.UnmountVolume started for volume \"extension-configuration-hivemq-enterprise-security-extension\" (UniqueName: \"kubernetes.io/configmap/3fa96912-f957-4c20-90ed-602d363258bd-extension-configuration-hivemq-enterprise-security-extension\") pod \"3fa96912-f957-4c20-90ed-602d363258bd\" (UID: \"3fa96912-f957-4c20-90ed-602d363258bd\") "
2025-01-28 23:58:46,077 INFO c.h.h.t.HelmChartContainer - [K3S] [reconciler_common.go:162] "operationExecutor.UnmountVolume started for volume \"kube-api-access-znk55\" (UniqueName: \"kubernetes.io/projected/3fa96912-f957-4c20-90ed-602d363258bd-kube-api-access-znk55\") pod \"3fa96912-f957-4c20-90ed-602d363258bd\" (UID: \"3fa96912-f957-4c20-90ed-602d363258bd\") "
2025-01-28 23:58:46,078 INFO c.h.h.t.HelmChartContainer - [K3S] [reconciler_common.go:162] "operationExecutor.UnmountVolume started for volume \"pod-info\" (UniqueName: \"kubernetes.io/configmap/3fa96912-f957-4c20-90ed-602d363258bd-pod-info\") pod \"3fa96912-f957-4c20-90ed-602d363258bd\" (UID: \"3fa96912-f957-4c20-90ed-602d363258bd\") "
2025-01-28 23:58:46,078 INFO c.h.h.t.HelmChartContainer - [K3S] [reconciler_common.go:162] "operationExecutor.UnmountVolume started for volume \"broker-configuration\" (UniqueName: \"kubernetes.io/configmap/3fa96912-f957-4c20-90ed-602d363258bd-broker-configuration\") pod \"3fa96912-f957-4c20-90ed-602d363258bd\" (UID: \"3fa96912-f957-4c20-90ed-602d363258bd\") "
2025-01-28 23:58:46,078 INFO c.h.h.t.HelmChartContainer - [K3S] [reconciler_common.go:162] "operationExecutor.UnmountVolume started for volume \"script\" (UniqueName: \"kubernetes.io/configmap/00389bf5-3496-4d6d-87ba-ed8d3ae707cc-script\") pod \"00389bf5-3496-4d6d-87ba-ed8d3ae707cc\" (UID: \"00389bf5-3496-4d6d-87ba-ed8d3ae707cc\") "
2025-01-28 23:58:46,078 INFO c.h.h.t.HelmChartContainer - [K3S] [reconciler_common.go:162] "operationExecutor.UnmountVolume started for volume \"ese-file-realm\" (UniqueName: \"kubernetes.io/configmap/3fa96912-f957-4c20-90ed-602d363258bd-ese-file-realm\") pod \"3fa96912-f957-4c20-90ed-602d363258bd\" (UID: \"3fa96912-f957-4c20-90ed-602d363258bd\") "
2025-01-28 23:58:46,078 INFO c.h.h.t.HelmChartContainer - [K3S] [reconciler_common.go:162] "operationExecutor.UnmountVolume started for volume \"operator-init\" (UniqueName: \"kubernetes.io/empty-dir/3fa96912-f957-4c20-90ed-602d363258bd-operator-init\") pod \"3fa96912-f957-4c20-90ed-602d363258bd\" (UID: \"3fa96912-f957-4c20-90ed-602d363258bd\") "
2025-01-28 23:58:46,078 INFO c.h.h.t.HelmChartContainer - [K3S] [reconciler_common.go:299] "Volume detached for volume \"data\" (UniqueName: \"kubernetes.io/host-path/00389bf5-3496-4d6d-87ba-ed8d3ae707cc-data\") on node \"62a9fd0284dd\" DevicePath \"\""
2025-01-28 23:58:46,177 INFO c.h.h.t.HelmChartContainer - [K3S] [reconciler_common.go:299] "Volume detached for volume \"operator-init\" (UniqueName: \"kubernetes.io/empty-dir/3fa96912-f957-4c20-90ed-602d363258bd-operator-init\") on node \"62a9fd0284dd\" DevicePath \"\""
2025-01-28 23:58:46,177 INFO c.h.h.t.HelmChartContainer - [K3S] [reconciler_common.go:299] "Volume detached for volume \"kube-api-access-5v9ks\" (UniqueName: \"kubernetes.io/projected/00389bf5-3496-4d6d-87ba-ed8d3ae707cc-kube-api-access-5v9ks\") on node \"62a9fd0284dd\" DevicePath \"\""
2025-01-28 23:58:46,177 INFO c.h.h.t.HelmChartContainer - [K3S] [reconciler_common.go:292] "operationExecutor.UnmountDevice started for volume \"pvc-27ec445c-1fb4-4e08-9f63-a798055ff01b\" (UniqueName: \"kubernetes.io/local-volume/pvc-27ec445c-1fb4-4e08-9f63-a798055ff01b\") on node \"62a9fd0284dd\" "
2025-01-28 23:58:46,177 INFO c.h.h.t.HelmChartContainer - [K3S] [reconciler_common.go:299] "Volume detached for volume \"extension-configuration-hivemq-enterprise-security-extension\" (UniqueName: \"kubernetes.io/configmap/3fa96912-f957-4c20-90ed-602d363258bd-extension-configuration-hivemq-enterprise-security-extension\") on node \"62a9fd0284dd\" DevicePath \"\""
2025-01-28 23:58:46,177 INFO c.h.h.t.HelmChartContainer - [K3S] [reconciler_common.go:299] "Volume detached for volume \"kube-api-access-znk55\" (UniqueName: \"kubernetes.io/projected/3fa96912-f957-4c20-90ed-602d363258bd-kube-api-access-znk55\") on node \"62a9fd0284dd\" DevicePath \"\""
2025-01-28 23:58:46,178 INFO c.h.h.t.HelmChartContainer - [K3S] [reconciler_common.go:299] "Volume detached for volume \"script\" (UniqueName: \"kubernetes.io/configmap/00389bf5-3496-4d6d-87ba-ed8d3ae707cc-script\") on node \"62a9fd0284dd\" DevicePath \"\""
2025-01-28 23:58:46,178 INFO c.h.h.t.HelmChartContainer - [K3S] [reconciler_common.go:299] "Volume detached for volume \"pod-info\" (UniqueName: \"kubernetes.io/configmap/3fa96912-f957-4c20-90ed-602d363258bd-pod-info\") on node \"62a9fd0284dd\" DevicePath \"\""
2025-01-28 23:58:46,178 INFO c.h.h.t.HelmChartContainer - [K3S] [reconciler_common.go:299] "Volume detached for volume \"broker-configuration\" (UniqueName: \"kubernetes.io/configmap/3fa96912-f957-4c20-90ed-602d363258bd-broker-configuration\") on node \"62a9fd0284dd\" DevicePath \"\""
2025-01-28 23:58:46,178 INFO c.h.h.t.HelmChartContainer - [K3S] [reconciler_common.go:299] "Volume detached for volume \"ese-file-realm\" (UniqueName: \"kubernetes.io/configmap/3fa96912-f957-4c20-90ed-602d363258bd-ese-file-realm\") on node \"62a9fd0284dd\" DevicePath \"\""
2025-01-28 23:58:46,183 INFO c.h.h.t.HelmChartContainer - [K3S] [kubelet_volumes.go:163] "Cleaned up orphaned pod volumes dir" podUID="18886ba6-666b-494c-b43b-ccb1c3a379e7" path="/var/lib/kubelet/pods/18886ba6-666b-494c-b43b-ccb1c3a379e7/volumes"
2025-01-28 23:58:46,278 INFO c.h.h.t.HelmChartContainer - [K3S] [reconciler_common.go:299] "Volume detached for volume \"pvc-27ec445c-1fb4-4e08-9f63-a798055ff01b\" (UniqueName: \"kubernetes.io/local-volume/pvc-27ec445c-1fb4-4e08-9f63-a798055ff01b\") on node \"62a9fd0284dd\" DevicePath \"\""
2025-01-28 23:58:46,325 INFO c.h.h.t.HelmChartContainer - [POD] helper-pod-delete-pvc-0171b416-5105-4c98-9d52-be75bfa0474b [00389bf5-3496-4d6d-87ba-ed8d3ae707cc] in kube-system was MODIFIED
2025-01-28 23:58:46,327 INFO c.h.h.t.HelmChartContainer - [POD] helper-pod-delete-pvc-0171b416-5105-4c98-9d52-be75bfa0474b [00389bf5-3496-4d6d-87ba-ed8d3ae707cc] in kube-system was DELETED
2025-01-28 23:58:46,917 INFO c.h.h.t.HelmChartContainer - [K3S] [scope.go:117] "RemoveContainer" containerID="eeec34eb7837bd661f747e40e88b7f056176145b38a77a62d743b829ffefbcef"
2025-01-28 23:58:46,918 INFO c.h.h.t.HelmChartContainer - [K3S] [pod_container_deletor.go:80] "Container not found in pod's containers" containerID="deabf3741e0aee08c3efaf37d78764122b58818e4bcdbc171a17192dc6af8cf1"
2025-01-28 23:58:46,921 INFO c.h.h.t.HelmChartContainer - [K3S] [scope.go:117] "RemoveContainer" containerID="2d9f4680967345a09d689cd88453655627e3a3293284269adede5d352deaaf1c"
2025-01-28 23:58:46,921 INFO c.h.h.t.HelmChartContainer - [K3S] [status_manager.go:890] "Failed to get status for pod" podUID="00389bf5-3496-4d6d-87ba-ed8d3ae707cc" pod="kube-system/helper-pod-delete-pvc-0171b416-5105-4c98-9d52-be75bfa0474b" err="pods \"helper-pod-delete-pvc-0171b416-5105-4c98-9d52-be75bfa0474b\" is forbidden: User \"system:node:62a9fd0284dd\" cannot get resource \"pods\" in API group \"\" in the namespace \"kube-system\": no relationship found between node '62a9fd0284dd' and this object"
2025-01-28 23:58:46,924 INFO c.h.h.t.HelmChartContainer - [K3S] [scope.go:117] "RemoveContainer" containerID="eeec34eb7837bd661f747e40e88b7f056176145b38a77a62d743b829ffefbcef"
2025-01-28 23:58:46,924 INFO c.h.h.t.HelmChartContainer - [K3S] [scope.go:117] "RemoveContainer" containerID="2d9f4680967345a09d689cd88453655627e3a3293284269adede5d352deaaf1c"
2025-01-28 23:58:46,929 INFO c.h.h.t.HelmChartContainer - [POD] test-hivemq-legacy-platform-0 [3fa96912-f957-4c20-90ed-602d363258bd] in helmlegacystatefulsetmigrationit-operator was MODIFIED
2025-01-28 23:58:46,931 INFO c.h.h.t.HelmChartContainer - [POD] test-hivemq-legacy-platform-0 [3fa96912-f957-4c20-90ed-602d363258bd] in helmlegacystatefulsetmigrationit-operator was DELETED
2025-01-28 23:58:46,944 INFO c.h.h.t.HelmChartContainer - [POD] helper-pod-delete-pvc-27ec445c-1fb4-4e08-9f63-a798055ff01b [7b392ca6-64cc-4b76-97d3-95dd3ba6270a] in kube-system was ADDED
2025-01-28 23:58:46,945 INFO c.h.h.t.HelmChartContainer - [K3S] [memory_manager.go:355] "RemoveStaleState removing state" podUID="00389bf5-3496-4d6d-87ba-ed8d3ae707cc" containerName="helper-pod"
2025-01-28 23:58:46,945 INFO c.h.h.t.HelmChartContainer - [K3S] [memory_manager.go:355] "RemoveStaleState removing state" podUID="18886ba6-666b-494c-b43b-ccb1c3a379e7" containerName="operator"
2025-01-28 23:58:46,945 INFO c.h.h.t.HelmChartContainer - [K3S] [memory_manager.go:355] "RemoveStaleState removing state" podUID="3fa96912-f957-4c20-90ed-602d363258bd" containerName="hivemq"
2025-01-28 23:58:46,947 INFO c.h.h.t.HelmChartContainer - [K3S] [status_manager.go:890] "Failed to get status for pod" podUID="00389bf5-3496-4d6d-87ba-ed8d3ae707cc" pod="kube-system/helper-pod-delete-pvc-0171b416-5105-4c98-9d52-be75bfa0474b" err="pods \"helper-pod-delete-pvc-0171b416-5105-4c98-9d52-be75bfa0474b\" is forbidden: User \"system:node:62a9fd0284dd\" cannot get resource \"pods\" in API group \"\" in the namespace \"kube-system\": no relationship found between node '62a9fd0284dd' and this object"
2025-01-28 23:58:46,953 INFO c.h.h.t.HelmChartContainer - [POD] helper-pod-delete-pvc-27ec445c-1fb4-4e08-9f63-a798055ff01b [7b392ca6-64cc-4b76-97d3-95dd3ba6270a] in kube-system was MODIFIED
2025-01-28 23:58:47,082 INFO c.h.h.t.HelmChartContainer - [K3S] [reconciler_common.go:251] "operationExecutor.VerifyControllerAttachedVolume started for volume \"kube-api-access-4cjd2\" (UniqueName: \"kubernetes.io/projected/7b392ca6-64cc-4b76-97d3-95dd3ba6270a-kube-api-access-4cjd2\") pod \"helper-pod-delete-pvc-27ec445c-1fb4-4e08-9f63-a798055ff01b\" (UID: \"7b392ca6-64cc-4b76-97d3-95dd3ba6270a\") " pod="kube-system/helper-pod-delete-pvc-27ec445c-1fb4-4e08-9f63-a798055ff01b"
2025-01-28 23:58:47,082 INFO c.h.h.t.HelmChartContainer - [K3S] [reconciler_common.go:251] "operationExecutor.VerifyControllerAttachedVolume started for volume \"script\" (UniqueName: \"kubernetes.io/configmap/7b392ca6-64cc-4b76-97d3-95dd3ba6270a-script\") pod \"helper-pod-delete-pvc-27ec445c-1fb4-4e08-9f63-a798055ff01b\" (UID: \"7b392ca6-64cc-4b76-97d3-95dd3ba6270a\") " pod="kube-system/helper-pod-delete-pvc-27ec445c-1fb4-4e08-9f63-a798055ff01b"
2025-01-28 23:58:47,082 INFO c.h.h.t.HelmChartContainer - [K3S] [reconciler_common.go:251] "operationExecutor.VerifyControllerAttachedVolume started for volume \"data\" (UniqueName: \"kubernetes.io/host-path/7b392ca6-64cc-4b76-97d3-95dd3ba6270a-data\") pod \"helper-pod-delete-pvc-27ec445c-1fb4-4e08-9f63-a798055ff01b\" (UID: \"7b392ca6-64cc-4b76-97d3-95dd3ba6270a\") " pod="kube-system/helper-pod-delete-pvc-27ec445c-1fb4-4e08-9f63-a798055ff01b"
2025-01-28 23:58:47,922 INFO c.h.h.t.HelmChartContainer - [K3S] [status_manager.go:890] "Failed to get status for pod" podUID="00389bf5-3496-4d6d-87ba-ed8d3ae707cc" pod="kube-system/helper-pod-delete-pvc-0171b416-5105-4c98-9d52-be75bfa0474b" err="pods \"helper-pod-delete-pvc-0171b416-5105-4c98-9d52-be75bfa0474b\" is forbidden: User \"system:node:62a9fd0284dd\" cannot get resource \"pods\" in API group \"\" in the namespace \"kube-system\": no relationship found between node '62a9fd0284dd' and this object"
2025-01-28 23:58:47,929 INFO c.h.h.t.HelmChartContainer - [POD] helper-pod-delete-pvc-27ec445c-1fb4-4e08-9f63-a798055ff01b [7b392ca6-64cc-4b76-97d3-95dd3ba6270a] in kube-system was MODIFIED
2025-01-28 23:58:48,182 INFO c.h.h.t.HelmChartContainer - [K3S] [status_manager.go:890] "Failed to get status for pod" podUID="00389bf5-3496-4d6d-87ba-ed8d3ae707cc" pod="kube-system/helper-pod-delete-pvc-0171b416-5105-4c98-9d52-be75bfa0474b" err="pods \"helper-pod-delete-pvc-0171b416-5105-4c98-9d52-be75bfa0474b\" is forbidden: User \"system:node:62a9fd0284dd\" cannot get resource \"pods\" in API group \"\" in the namespace \"kube-system\": no relationship found between node '62a9fd0284dd' and this object"
2025-01-28 23:58:48,183 INFO c.h.h.t.HelmChartContainer - [K3S] [kubelet_volumes.go:163] "Cleaned up orphaned pod volumes dir" podUID="00389bf5-3496-4d6d-87ba-ed8d3ae707cc" path="/var/lib/kubelet/pods/00389bf5-3496-4d6d-87ba-ed8d3ae707cc/volumes"
2025-01-28 23:58:48,183 INFO c.h.h.t.HelmChartContainer - [K3S] [kubelet_volumes.go:163] "Cleaned up orphaned pod volumes dir" podUID="3fa96912-f957-4c20-90ed-602d363258bd" path="/var/lib/kubelet/pods/3fa96912-f957-4c20-90ed-602d363258bd/volumes"
2025-01-28 23:58:48,987 INFO c.h.h.t.HelmChartContainer - [POD] helper-pod-delete-pvc-27ec445c-1fb4-4e08-9f63-a798055ff01b [7b392ca6-64cc-4b76-97d3-95dd3ba6270a] in kube-system was MODIFIED
2025-01-28 23:58:49,097 INFO c.h.h.t.HelmChartContainer - [K3S] [reconciler_common.go:162] "operationExecutor.UnmountVolume started for volume \"kube-api-access-4cjd2\" (UniqueName: \"kubernetes.io/projected/7b392ca6-64cc-4b76-97d3-95dd3ba6270a-kube-api-access-4cjd2\") pod \"7b392ca6-64cc-4b76-97d3-95dd3ba6270a\" (UID: \"7b392ca6-64cc-4b76-97d3-95dd3ba6270a\") "
2025-01-28 23:58:49,097 INFO c.h.h.t.HelmChartContainer - [K3S] [reconciler_common.go:162] "operationExecutor.UnmountVolume started for volume \"data\" (UniqueName: \"kubernetes.io/host-path/7b392ca6-64cc-4b76-97d3-95dd3ba6270a-data\") pod \"7b392ca6-64cc-4b76-97d3-95dd3ba6270a\" (UID: \"7b392ca6-64cc-4b76-97d3-95dd3ba6270a\") "
2025-01-28 23:58:49,097 INFO c.h.h.t.HelmChartContainer - [K3S] [reconciler_common.go:162] "operationExecutor.UnmountVolume started for volume \"script\" (UniqueName: \"kubernetes.io/configmap/7b392ca6-64cc-4b76-97d3-95dd3ba6270a-script\") pod \"7b392ca6-64cc-4b76-97d3-95dd3ba6270a\" (UID: \"7b392ca6-64cc-4b76-97d3-95dd3ba6270a\") "
2025-01-28 23:58:49,197 INFO c.h.h.t.HelmChartContainer - [K3S] [reconciler_common.go:299] "Volume detached for volume \"kube-api-access-4cjd2\" (UniqueName: \"kubernetes.io/projected/7b392ca6-64cc-4b76-97d3-95dd3ba6270a-kube-api-access-4cjd2\") on node \"62a9fd0284dd\" DevicePath \"\""
2025-01-28 23:58:49,197 INFO c.h.h.t.HelmChartContainer - [K3S] [reconciler_common.go:299] "Volume detached for volume \"data\" (UniqueName: \"kubernetes.io/host-path/7b392ca6-64cc-4b76-97d3-95dd3ba6270a-data\") on node \"62a9fd0284dd\" DevicePath \"\""
2025-01-28 23:58:49,197 INFO c.h.h.t.HelmChartContainer - [K3S] [reconciler_common.go:299] "Volume detached for volume \"script\" (UniqueName: \"kubernetes.io/configmap/7b392ca6-64cc-4b76-97d3-95dd3ba6270a-script\") on node \"62a9fd0284dd\" DevicePath \"\""
2025-01-28 23:58:49,411 INFO c.h.h.t.HelmChartContainer - Namespace 'helmlegacystatefulsetmigrationit-operator' deleted
2025-01-28 23:58:49,411 INFO c.h.h.t.HelmChartContainer - Release 'test-hivemq-platform-operator' in namespace 'helmlegacystatefulsetmigrationit-operator' is uninstalled
2025-01-28 23:58:49,925 INFO c.h.h.t.HelmChartContainer - [K3S] [pod_container_deletor.go:80] "Container not found in pod's containers" containerID="a6c3aacbb43619dc5c84ab9ee661ac8f6d516e52cb0c093c6e09feca758ad0b2"
2025-01-28 23:58:49,966 INFO c.h.h.t.HelmChartContainer - [POD] helper-pod-delete-pvc-27ec445c-1fb4-4e08-9f63-a798055ff01b [7b392ca6-64cc-4b76-97d3-95dd3ba6270a] in kube-system was MODIFIED
2025-01-28 23:58:49,968 INFO c.h.h.t.HelmChartContainer - [POD] helper-pod-delete-pvc-27ec445c-1fb4-4e08-9f63-a798055ff01b [7b392ca6-64cc-4b76-97d3-95dd3ba6270a] in kube-system was DELETED
2025-01-28 23:58:50,183 INFO c.h.h.t.HelmChartContainer - [K3S] [kubelet_volumes.go:163] "Cleaned up orphaned pod volumes dir" podUID="7b392ca6-64cc-4b76-97d3-95dd3ba6270a" path="/var/lib/kubelet/pods/7b392ca6-64cc-4b76-97d3-95dd3ba6270a/volumes"
2025-01-28 23:58:50,591 INFO c.h.helmcharts.AbstractHelmChartIT - Removed unused containers:

2025-01-28 23:58:54,383 INFO c.h.h.t.HelmChartContainer - [K3S] [namespace_controller.go:187] "Namespace has been deleted" namespace="helmlegacystatefulsetmigrationit-operator"
2025-01-28 23:59:02,448 INFO c.h.helmcharts.AbstractHelmChartIT - Removed unused snapshots:
Removing snapshot sha256:03af251906410714c5aef9fa705b63f6bbc39c4a5e787de7361eeb18886c2ed2
Removing snapshot sha256:0c46b3b43cce082ce5ec34ffc6c294e0417d17b9d1e6f366d114b6aadc4f96dc
Removing snapshot sha256:0ce761beee59082d6ed5bcebd3a805b8ddd9b3426b617e4809e7fb7c6587ffec
Removing snapshot sha256:0df91287303208332c8ff6ba40ae4710105201739addbfbddfb955f1ad593664
Removing snapshot sha256:1021ef88c7974bfff89c5a0ec4fd3160daac6c48a075f74cff721f85dd104e68
Removing snapshot sha256:10aba4953ddc18145dd38e3704709bc464aa20af60b56fe52caaff4b68411e62
Removing snapshot sha256:1d5cf3e3eb812061f06c49abff02b68d81953942566ded85fcc9c1f47b13186a
Removing snapshot sha256:202fe64c3ce39b94d8beda7d7506ccdfcf7a59f02f17c915078e4c62b5c2ed11
Removing snapshot sha256:211719a067844f37d3a87d652081adb4e1dbe1f0369a0f74bbfa03ea6a491a25
Removing snapshot sha256:24159a7fcc265e27ce90b7e2af0a37a176cf9689be7496d6654efa8cacd3db13
Removing snapshot sha256:2573e0d8158209ed54ab25c87bcdcb00bd3d2539246960a3d592a1c599d70465
Removing snapshot sha256:2944c0692f0b3f4c958b09e4bf315ac3616ed274898af04494fcd963a879bca5
Removing snapshot sha256:29ca722de2d10e44fb7779bcc47bffeaa4b29534f98dd1defe69cb1a08f94721
Removing snapshot sha256:310c61cc983be7b5dfaf552c80a87d1989e9da7ec32068a247fa2ce92714f45b
Removing snapshot sha256:362a8a37f8bbc31925a8146adcf7cf51f9882f5c1dcbef67c5baa03a297543c0
Removing snapshot sha256:3fa4ad33f0ddc8fd45b39b6b4640f82a3a83619606cd975bfe89d8710ad2d4cd
Removing snapshot sha256:43a7c979bbaba6838bc3102d6b10a1459f3ab050b87ccdfef84ef90cf43d3058
Removing snapshot sha256:4ab04491cdf0d3267f08206fe30bd48f49f94b9cab2f016d6739220f722a64af
Removing snapshot sha256:4b6068250e89c96f263060261819c7d912855bfbd64b3eb4c4a8483299b8c295
Removing snapshot sha256:580e69a0a8034ede1921139bbd2bfb72a69ebf276d008281896c32dd8bf74775
Removing snapshot sha256:595756d28ed36d6b35bc20c2f5cde24d9d5d3529fd9f0e72578c5dcc714a6670
Removing snapshot sha256:59654b79daad74c77dc2e28502ca577ba8ce73276720002234a23fc60ee92692
Removing snapshot sha256:5a3228bf75a16fc5ec5b3d4ca301ab7ef2ca3bc2a3e8bf0a02733adfe43e5980
Removing snapshot sha256:5d30ba46b27fe37484567ccc5242cadc78217b8da605f3f195ef25cbf7487904
Removing snapshot sha256:63ca1fbb43ae5034640e5e6cb3e083e05c290072c5366fcaa9d62435a4cced85
Removing snapshot sha256:63ebda0502d413bf6049d29c3d8be8c36c2234fbaaddddeccab7999ae79d5d7c
Removing snapshot sha256:66140dc7271ceb0a9b5e521509e7d96b916d4182681f723881bfae89675de7f6
Removing snapshot sha256:67f702c6baae873bceb19487c8b1f27bd2b86077e4f2f0e480e6d60ab508b8f5
Removing snapshot sha256:6864348dd42806d552efdec384f1274be15e2d0c10ce44c1f04347af004c10a9
Removing snapshot sha256:6c7dee8f2c39b84b7dc2711c01d33de93514d9055499173e9290176fbe484b6c
Removing snapshot sha256:82753493a6d61ded36556292f02f31841a14c20d2f279f19eaad65afb661d5cd
Removing snapshot sha256:84e1a755f007b73ee24c1c8955818471b986436582ec3b3f6a0a899bea373917
Removing snapshot sha256:8a10d3db42c505ee0fcfa98417bdd7e39b304f6bcc0a06bb1b220797ff2cc63c
Removing snapshot sha256:8bd9d778dd3aef4d3b4c77ee426be03092ca88acfd9bcf279d0631dd96d6df44
Removing snapshot sha256:8d0525d6afb8a8b5d1ea6cd936cc26682368a2535ade71e6dd8d8695ab2b0c69
Removing snapshot sha256:8eed3c0b435850e9a00be0139a9a847ca108037e5fa832424a4e194c78ba59c4
Removing snapshot sha256:9b6f048201798a9c57b6316cb427a1e0aeb399d74aa15ca9e1519e77e2a2269e
Removing snapshot sha256:a0904247e36a7726c03c71ee48f3e64462021c88dafeb13f37fdaf613b27f11c
Removing snapshot sha256:a21e5b12dbac529ad45d976eb9ce45c881f3bedcc500fb30aba1e52aa1813418
Removing snapshot sha256:ab252baf4e5de5aaea9ee70236e159dbf16fd0a2394f5e27a579881aadfd4f49
Removing snapshot sha256:b921e6c28969094157f9b8e7244677780319637afd14450b7cb6b2fdea558a0c
Removing snapshot sha256:bb15cd8b3dc7216c815ebfe5c6f9117f0ed1a78426f6bbc69b702d898dec8bae
Removing snapshot sha256:bc27ecb5769a00e309cf99ebc763c4a4b958b618d1decc96ffac5bc05f02f5b7
Removing snapshot sha256:be3ccb6627a5332e309d45ef461d09b4879dd870c7394d89323d0ebc6ca6aa8a
Removing snapshot sha256:c0c5b7491e705290b7ad3cce5c420f88ca1c74090e2726894a1baef025c52f43
Removing snapshot sha256:c261f7cbbc64211ee175ee47273acdb7b1a36a4450b397a064a8f2c026490095
Removing snapshot sha256:c34d9393647eea0c9e3557ab988efaf59f61d10a2a5613b439ef0958cca5ec10
Removing snapshot sha256:c4d5383ee8eaca294a64b01d37df59eac0a3e2a9779e67c450767218d0c4b36a
Removing snapshot sha256:ccf3c4a0fa967a41c1c83497a2ce6fa5787965859df0adb32c4ca2cf7490bc2b
Removing snapshot sha256:cf92d33f869417309692088c341cd0f223c178ea78a125f757317b22aa8f90e9
Removing snapshot sha256:d0037344cf2fb078884f1849f6a1f8cf9a33a3b6139b6a85833e5ee528e1f9a8
Removing snapshot sha256:d2662a8a0836612474ec0b858cb1e4dc7462c16512718614e0726ac92a279092
Removing snapshot sha256:d3b36d5b79273b1e98e7700470eaeff05a882e777124d84cebcc1505b85ecb36
Removing snapshot sha256:d65a44a37914602d12c611e5e22a50f11451d847e63015cc1c2aef92dee777a4
Removing snapshot sha256:d933c5f7d93a7a4196b76b559685f889b7b388041ac839bb7e19f6495750c4ef
Removing snapshot sha256:e2dc0bae2455930f23ae570e019b7f32edc75c0f2d71cab084db837ff9051796
Removing snapshot sha256:e31519795c7e3df686c447a21ec8d2eb301388a5e39ccf7f20a25c6f6ce3a522
Removing snapshot sha256:e4f954326774f256e539cb77d7b760593e89bbc63ca7a5ee0814ba1906135a09
Removing snapshot sha256:e9e86ed11d9bebc0707dd6f1166c51237ebb44f98657241f943261b2675a5449
Removing snapshot sha256:eabc2b3c5c963907b3f557933a60ab243515007cd7c28ba909692f5627b3bd32
Removing snapshot sha256:ecbf3b59a2be12efa647dc6cafe74dc73897de364be1037d9f880482d1ce011f
Removing snapshot sha256:eccbd24a99c60cd9e86ee5305dbfc4a4dc89f5ab4fb1f06c8d64797cecedef34
Removing snapshot sha256:edd1404c718ab99ca3456bdf222065033800bb67d4334a9642746685a24394cd
Removing snapshot sha256:f144bb4c7c7f0d2aa7eeffd36d934ec40db1ee167be727e326aad9fdc616f475
Removing snapshot sha256:ff3d1afd12e9b5642bc649cf82e7302d95c47a7a41fdfb3f34b284058e6b2790

2025-01-28 23:59:02,448 WARN c.h.helmcharts.AbstractHelmChartIT - Error during removal of snapshots:
ctr: failed to remove "sha256:03af251906410714c5aef9fa705b63f6bbc39c4a5e787de7361eeb18886c2ed2": cannot remove snapshot with child: failed precondition
ctr: failed to remove "sha256:0c46b3b43cce082ce5ec34ffc6c294e0417d17b9d1e6f366d114b6aadc4f96dc": cannot remove snapshot with child: failed precondition
ctr: failed to remove "sha256:0ce761beee59082d6ed5bcebd3a805b8ddd9b3426b617e4809e7fb7c6587ffec": cannot remove snapshot with child: failed precondition
ctr: failed to remove "sha256:0df91287303208332c8ff6ba40ae4710105201739addbfbddfb955f1ad593664": cannot remove snapshot with child: failed precondition
ctr: failed to remove "sha256:1021ef88c7974bfff89c5a0ec4fd3160daac6c48a075f74cff721f85dd104e68": cannot remove snapshot with child: failed precondition
ctr: failed to remove "sha256:10aba4953ddc18145dd38e3704709bc464aa20af60b56fe52caaff4b68411e62": cannot remove snapshot with child: failed precondition
ctr: failed to remove "sha256:1d5cf3e3eb812061f06c49abff02b68d81953942566ded85fcc9c1f47b13186a": cannot remove snapshot with child: failed precondition
ctr: failed to remove "sha256:202fe64c3ce39b94d8beda7d7506ccdfcf7a59f02f17c915078e4c62b5c2ed11": cannot remove snapshot with child: failed precondition
ctr: failed to remove "sha256:211719a067844f37d3a87d652081adb4e1dbe1f0369a0f74bbfa03ea6a491a25": cannot remove snapshot with child: failed precondition
ctr: failed to remove "sha256:2573e0d8158209ed54ab25c87bcdcb00bd3d2539246960a3d592a1c599d70465": cannot remove snapshot with child: failed precondition
ctr: failed to remove "sha256:2944c0692f0b3f4c958b09e4bf315ac3616ed274898af04494fcd963a879bca5": cannot remove snapshot with child: failed precondition
ctr: failed to remove "sha256:29ca722de2d10e44fb7779bcc47bffeaa4b29534f98dd1defe69cb1a08f94721": cannot remove snapshot with child: failed precondition
ctr: failed to remove "sha256:310c61cc983be7b5dfaf552c80a87d1989e9da7ec32068a247fa2ce92714f45b": cannot remove snapshot with child: failed precondition
ctr: failed to remove "sha256:362a8a37f8bbc31925a8146adcf7cf51f9882f5c1dcbef67c5baa03a297543c0": cannot remove snapshot with child: failed precondition
ctr: failed to remove "sha256:3fa4ad33f0ddc8fd45b39b6b4640f82a3a83619606cd975bfe89d8710ad2d4cd": cannot remove snapshot with child: failed precondition
ctr: failed to remove "sha256:43a7c979bbaba6838bc3102d6b10a1459f3ab050b87ccdfef84ef90cf43d3058": cannot remove snapshot with child: failed precondition
ctr: failed to remove "sha256:4ab04491cdf0d3267f08206fe30bd48f49f94b9cab2f016d6739220f722a64af": cannot remove snapshot with child: failed precondition
ctr: failed to remove "sha256:4b6068250e89c96f263060261819c7d912855bfbd64b3eb4c4a8483299b8c295": cannot remove snapshot with child: failed precondition
ctr: failed to remove "sha256:580e69a0a8034ede1921139bbd2bfb72a69ebf276d008281896c32dd8bf74775": cannot remove snapshot with child: failed precondition
ctr: failed to remove "sha256:5a3228bf75a16fc5ec5b3d4ca301ab7ef2ca3bc2a3e8bf0a02733adfe43e5980": cannot remove snapshot with child: failed precondition
ctr: failed to remove "sha256:5d30ba46b27fe37484567ccc5242cadc78217b8da605f3f195ef25cbf7487904": cannot remove snapshot with child: failed precondition
ctr: failed to remove "sha256:63ca1fbb43ae5034640e5e6cb3e083e05c290072c5366fcaa9d62435a4cced85": cannot remove snapshot with child: failed precondition
ctr: failed to remove "sha256:66140dc7271ceb0a9b5e521509e7d96b916d4182681f723881bfae89675de7f6": cannot remove snapshot with child: failed precondition
ctr: failed to remove "sha256:67f702c6baae873bceb19487c8b1f27bd2b86077e4f2f0e480e6d60ab508b8f5": cannot remove snapshot with child: failed precondition
ctr: failed to remove "sha256:6864348dd42806d552efdec384f1274be15e2d0c10ce44c1f04347af004c10a9": cannot remove snapshot with child: failed precondition
ctr: failed to remove "sha256:6c7dee8f2c39b84b7dc2711c01d33de93514d9055499173e9290176fbe484b6c": cannot remove snapshot with child: failed precondition
ctr: failed to remove "sha256:82753493a6d61ded36556292f02f31841a14c20d2f279f19eaad65afb661d5cd": cannot remove snapshot with child: failed precondition
ctr: failed to remove "sha256:84e1a755f007b73ee24c1c8955818471b986436582ec3b3f6a0a899bea373917": cannot remove snapshot with child: failed precondition
ctr: failed to remove "sha256:8a10d3db42c505ee0fcfa98417bdd7e39b304f6bcc0a06bb1b220797ff2cc63c": cannot remove snapshot with child: failed precondition
ctr: failed to remove "sha256:8bd9d778dd3aef4d3b4c77ee426be03092ca88acfd9bcf279d0631dd96d6df44": cannot remove snapshot with child: failed precondition
ctr: failed to remove "sha256:8d0525d6afb8a8b5d1ea6cd936cc26682368a2535ade71e6dd8d8695ab2b0c69": cannot remove snapshot with child: failed precondition
ctr: failed to remove "sha256:8eed3c0b435850e9a00be0139a9a847ca108037e5fa832424a4e194c78ba59c4": cannot remove snapshot with child: failed precondition
ctr: failed to remove "sha256:9b6f048201798a9c57b6316cb427a1e0aeb399d74aa15ca9e1519e77e2a2269e": cannot remove snapshot with child: failed precondition
ctr: failed to remove "sha256:a21e5b12dbac529ad45d976eb9ce45c881f3bedcc500fb30aba1e52aa1813418": cannot remove snapshot with child: failed precondition
ctr: failed to remove "sha256:ab252baf4e5de5aaea9ee70236e159dbf16fd0a2394f5e27a579881aadfd4f49": cannot remove snapshot with child: failed precondition
ctr: failed to remove "sha256:b921e6c28969094157f9b8e7244677780319637afd14450b7cb6b2fdea558a0c": cannot remove snapshot with child: failed precondition
ctr: failed to remove "sha256:bc27ecb5769a00e309cf99ebc763c4a4b958b618d1decc96ffac5bc05f02f5b7": cannot remove snapshot with child: failed precondition
ctr: failed to remove "sha256:be3ccb6627a5332e309d45ef461d09b4879dd870c7394d89323d0ebc6ca6aa8a": cannot remove snapshot with child: failed precondition
ctr: failed to remove "sha256:c0c5b7491e705290b7ad3cce5c420f88ca1c74090e2726894a1baef025c52f43": cannot remove snapshot with child: failed precondition
ctr: failed to remove "sha256:c261f7cbbc64211ee175ee47273acdb7b1a36a4450b397a064a8f2c026490095": cannot remove snapshot with child: failed precondition
ctr: failed to remove "sha256:c34d9393647eea0c9e3557ab988efaf59f61d10a2a5613b439ef0958cca5ec10": cannot remove snapshot with child: failed precondition
ctr: failed to remove "sha256:c4d5383ee8eaca294a64b01d37df59eac0a3e2a9779e67c450767218d0c4b36a": cannot remove snapshot with child: failed precondition
ctr: failed to remove "sha256:ccf3c4a0fa967a41c1c83497a2ce6fa5787965859df0adb32c4ca2cf7490bc2b": cannot remove snapshot with child: failed precondition
ctr: failed to remove "sha256:cf92d33f869417309692088c341cd0f223c178ea78a125f757317b22aa8f90e9": cannot remove snapshot with child: failed precondition
ctr: failed to remove "sha256:d0037344cf2fb078884f1849f6a1f8cf9a33a3b6139b6a85833e5ee528e1f9a8": cannot remove snapshot with child: failed precondition
ctr: failed to remove "sha256:d3b36d5b79273b1e98e7700470eaeff05a882e777124d84cebcc1505b85ecb36": cannot remove snapshot with child: failed precondition
ctr: failed to remove "sha256:d65a44a37914602d12c611e5e22a50f11451d847e63015cc1c2aef92dee777a4": cannot remove snapshot with child: failed precondition
ctr: failed to remove "sha256:d933c5f7d93a7a4196b76b559685f889b7b388041ac839bb7e19f6495750c4ef": cannot remove snapshot with child: failed precondition
ctr: failed to remove "sha256:e2dc0bae2455930f23ae570e019b7f32edc75c0f2d71cab084db837ff9051796": cannot remove snapshot with child: failed precondition
ctr: failed to remove "sha256:e31519795c7e3df686c447a21ec8d2eb301388a5e39ccf7f20a25c6f6ce3a522": cannot remove snapshot with child: failed precondition
ctr: failed to remove "sha256:e4f954326774f256e539cb77d7b760593e89bbc63ca7a5ee0814ba1906135a09": cannot remove snapshot with child: failed precondition
ctr: failed to remove "sha256:e9e86ed11d9bebc0707dd6f1166c51237ebb44f98657241f943261b2675a5449": cannot remove snapshot with child: failed precondition
ctr: failed to remove "sha256:eabc2b3c5c963907b3f557933a60ab243515007cd7c28ba909692f5627b3bd32": cannot remove snapshot with child: failed precondition
ctr: failed to remove "sha256:ecbf3b59a2be12efa647dc6cafe74dc73897de364be1037d9f880482d1ce011f": cannot remove snapshot with child: failed precondition
ctr: failed to remove "sha256:eccbd24a99c60cd9e86ee5305dbfc4a4dc89f5ab4fb1f06c8d64797cecedef34": cannot remove snapshot with child: failed precondition
ctr: failed to remove "sha256:edd1404c718ab99ca3456bdf222065033800bb67d4334a9642746685a24394cd": cannot remove snapshot with child: failed precondition
ctr: failed to remove "sha256:f144bb4c7c7f0d2aa7eeffd36d934ec40db1ee167be727e326aad9fdc616f475": cannot remove snapshot with child: failed precondition
ctr: failed to remove "sha256:ff3d1afd12e9b5642bc649cf82e7302d95c47a7a41fdfb3f34b284058e6b2790": cannot remove snapshot with child: failed precondition

]]></system-out>
  </testcase>
  <system-out><![CDATA[2025-01-28 23:53:18,310 INFO o.t.containers.SeleniumUtils - Selenium API version 4.28.1 detected on classpath
2025-01-28 23:53:18,319 INFO t.selenium/standalone-chrome:4.28.1 - Pulling docker image: selenium/standalone-chrome:4.28.1. Please be patient; this may take some time but only needs to be done once.
2025-01-28 23:53:19,302 INFO t.selenium/standalone-chrome:4.28.1 - Starting to pull image
2025-01-28 23:53:19,303 INFO t.selenium/standalone-chrome:4.28.1 - Pulling image layers:  0 pending,  0 downloaded,  0 extracted, (0 bytes/0 bytes)
2025-01-28 23:53:19,818 INFO t.selenium/standalone-chrome:4.28.1 - Pulling image layers: 32 pending,  1 downloaded,  0 extracted, (3 KB/? MB)
2025-01-28 23:53:20,079 INFO t.selenium/standalone-chrome:4.28.1 - Pulling image layers: 31 pending,  2 downloaded,  0 extracted, (59 MB/? MB)
2025-01-28 23:53:20,335 INFO t.selenium/standalone-chrome:4.28.1 - Pulling image layers: 30 pending,  3 downloaded,  0 extracted, (119 MB/? MB)
2025-01-28 23:53:20,591 INFO t.selenium/standalone-chrome:4.28.1 - Pulling image layers: 29 pending,  4 downloaded,  0 extracted, (201 MB/? MB)
2025-01-28 23:53:20,688 INFO t.selenium/standalone-chrome:4.28.1 - Pulling image layers: 28 pending,  5 downloaded,  0 extracted, (226 MB/? MB)
2025-01-28 23:53:20,846 INFO t.selenium/standalone-chrome:4.28.1 - Pulling image layers: 27 pending,  6 downloaded,  0 extracted, (229 MB/? MB)
2025-01-28 23:53:20,950 INFO t.selenium/standalone-chrome:4.28.1 - Pulling image layers: 26 pending,  7 downloaded,  0 extracted, (238 MB/? MB)
2025-01-28 23:53:21,105 INFO t.selenium/standalone-chrome:4.28.1 - Pulling image layers: 25 pending,  8 downloaded,  0 extracted, (246 MB/? MB)
2025-01-28 23:53:21,312 INFO t.selenium/standalone-chrome:4.28.1 - Pulling image layers: 24 pending,  9 downloaded,  0 extracted, (287 MB/? MB)
2025-01-28 23:53:21,379 INFO t.selenium/standalone-chrome:4.28.1 - Pulling image layers: 23 pending, 10 downloaded,  0 extracted, (295 MB/? MB)
2025-01-28 23:53:21,542 INFO t.selenium/standalone-chrome:4.28.1 - Pulling image layers: 22 pending, 11 downloaded,  0 extracted, (310 MB/? MB)
2025-01-28 23:53:21,623 INFO t.selenium/standalone-chrome:4.28.1 - Pulling image layers: 21 pending, 12 downloaded,  0 extracted, (311 MB/? MB)
2025-01-28 23:53:21,812 INFO t.selenium/standalone-chrome:4.28.1 - Pulling image layers: 20 pending, 13 downloaded,  0 extracted, (343 MB/? MB)
2025-01-28 23:53:21,887 INFO t.selenium/standalone-chrome:4.28.1 - Pulling image layers: 19 pending, 14 downloaded,  0 extracted, (343 MB/? MB)
2025-01-28 23:53:22,173 INFO t.selenium/standalone-chrome:4.28.1 - Pulling image layers: 18 pending, 15 downloaded,  0 extracted, (416 MB/? MB)
2025-01-28 23:53:22,428 INFO t.selenium/standalone-chrome:4.28.1 - Pulling image layers: 17 pending, 16 downloaded,  0 extracted, (473 MB/? MB)
2025-01-28 23:53:22,438 INFO t.selenium/standalone-chrome:4.28.1 - Pulling image layers: 16 pending, 17 downloaded,  0 extracted, (473 MB/? MB)
2025-01-28 23:53:22,690 INFO t.selenium/standalone-chrome:4.28.1 - Pulling image layers: 15 pending, 18 downloaded,  0 extracted, (533 MB/? MB)
2025-01-28 23:53:22,717 INFO t.selenium/standalone-chrome:4.28.1 - Pulling image layers: 14 pending, 19 downloaded,  0 extracted, (533 MB/? MB)
2025-01-28 23:53:22,784 INFO t.selenium/standalone-chrome:4.28.1 - Pulling image layers: 13 pending, 20 downloaded,  0 extracted, (546 MB/? MB)
2025-01-28 23:53:22,988 INFO t.selenium/standalone-chrome:4.28.1 - Pulling image layers: 12 pending, 21 downloaded,  0 extracted, (550 MB/? MB)
2025-01-28 23:53:23,059 INFO t.selenium/standalone-chrome:4.28.1 - Pulling image layers: 11 pending, 22 downloaded,  0 extracted, (569 MB/? MB)
2025-01-28 23:53:23,313 INFO t.selenium/standalone-chrome:4.28.1 - Pulling image layers: 10 pending, 23 downloaded,  0 extracted, (591 MB/? MB)
2025-01-28 23:53:23,386 INFO t.selenium/standalone-chrome:4.28.1 - Pulling image layers:  9 pending, 24 downloaded,  0 extracted, (614 MB/? MB)
2025-01-28 23:53:23,773 INFO t.selenium/standalone-chrome:4.28.1 - Pulling image layers:  8 pending, 25 downloaded,  0 extracted, (668 MB/? MB)
2025-01-28 23:53:23,774 INFO t.selenium/standalone-chrome:4.28.1 - Pulling image layers:  7 pending, 26 downloaded,  0 extracted, (668 MB/? MB)
2025-01-28 23:53:24,031 INFO t.selenium/standalone-chrome:4.28.1 - Pulling image layers:  6 pending, 27 downloaded,  0 extracted, (693 MB/? MB)
2025-01-28 23:53:24,047 INFO t.selenium/standalone-chrome:4.28.1 - Pulling image layers:  5 pending, 28 downloaded,  0 extracted, (693 MB/? MB)
2025-01-28 23:53:24,306 INFO t.selenium/standalone-chrome:4.28.1 - Pulling image layers:  4 pending, 29 downloaded,  0 extracted, (714 MB/? MB)
2025-01-28 23:53:24,308 INFO t.selenium/standalone-chrome:4.28.1 - Pulling image layers:  3 pending, 30 downloaded,  0 extracted, (714 MB/? MB)
2025-01-28 23:53:24,398 INFO t.selenium/standalone-chrome:4.28.1 - Pulling image layers:  2 pending, 31 downloaded,  0 extracted, (722 MB/? MB)
2025-01-28 23:53:24,577 INFO t.selenium/standalone-chrome:4.28.1 - Pulling image layers:  1 pending, 32 downloaded,  0 extracted, (722 MB/? MB)
2025-01-28 23:53:25,197 INFO t.selenium/standalone-chrome:4.28.1 - Pulling image layers:  1 pending, 32 downloaded,  1 extracted, (722 MB/? MB)
2025-01-28 23:53:26,299 INFO t.selenium/standalone-chrome:4.28.1 - Pulling image layers:  1 pending, 32 downloaded,  2 extracted, (723 MB/? MB)
2025-01-28 23:53:26,314 INFO t.selenium/standalone-chrome:4.28.1 - Pulling image layers:  1 pending, 32 downloaded,  3 extracted, (723 MB/? MB)
2025-01-28 23:53:26,328 INFO t.selenium/standalone-chrome:4.28.1 - Pulling image layers:  1 pending, 32 downloaded,  4 extracted, (723 MB/? MB)
2025-01-28 23:53:26,347 INFO t.selenium/standalone-chrome:4.28.1 - Pulling image layers:  1 pending, 32 downloaded,  5 extracted, (723 MB/? MB)
2025-01-28 23:53:26,357 INFO t.selenium/standalone-chrome:4.28.1 - Pulling image layers:  1 pending, 32 downloaded,  6 extracted, (723 MB/? MB)
2025-01-28 23:53:26,366 INFO t.selenium/standalone-chrome:4.28.1 - Pulling image layers:  1 pending, 32 downloaded,  7 extracted, (723 MB/? MB)
2025-01-28 23:53:26,380 INFO t.selenium/standalone-chrome:4.28.1 - Pulling image layers:  1 pending, 32 downloaded,  8 extracted, (723 MB/? MB)
2025-01-28 23:53:26,450 INFO t.selenium/standalone-chrome:4.28.1 - Pulling image layers:  1 pending, 32 downloaded,  9 extracted, (723 MB/? MB)
2025-01-28 23:53:26,612 INFO t.selenium/standalone-chrome:4.28.1 - Pulling image layers:  1 pending, 32 downloaded, 10 extracted, (726 MB/? MB)
2025-01-28 23:53:27,025 INFO t.selenium/standalone-chrome:4.28.1 - Pulling image layers:  1 pending, 32 downloaded, 11 extracted, (738 MB/? MB)
2025-01-28 23:53:28,953 INFO t.selenium/standalone-chrome:4.28.1 - Pulling image layers:  1 pending, 32 downloaded, 12 extracted, (745 MB/? MB)
2025-01-28 23:53:28,969 INFO t.selenium/standalone-chrome:4.28.1 - Pulling image layers:  1 pending, 32 downloaded, 13 extracted, (745 MB/? MB)
2025-01-28 23:53:29,179 INFO t.selenium/standalone-chrome:4.28.1 - Pulling image layers:  1 pending, 32 downloaded, 14 extracted, (745 MB/? MB)
2025-01-28 23:53:29,396 INFO t.selenium/standalone-chrome:4.28.1 - Pulling image layers:  1 pending, 32 downloaded, 15 extracted, (745 MB/? MB)
2025-01-28 23:53:32,989 INFO t.selenium/standalone-chrome:4.28.1 - Pulling image layers:  1 pending, 32 downloaded, 16 extracted, (745 MB/? MB)
2025-01-28 23:53:33,954 INFO t.selenium/standalone-chrome:4.28.1 - Pulling image layers:  1 pending, 32 downloaded, 17 extracted, (750 MB/? MB)
2025-01-28 23:53:33,967 INFO t.selenium/standalone-chrome:4.28.1 - Pulling image layers:  1 pending, 32 downloaded, 18 extracted, (750 MB/? MB)
2025-01-28 23:53:33,988 INFO t.selenium/standalone-chrome:4.28.1 - Pulling image layers:  1 pending, 32 downloaded, 19 extracted, (750 MB/? MB)
2025-01-28 23:53:34,000 INFO t.selenium/standalone-chrome:4.28.1 - Pulling image layers:  1 pending, 32 downloaded, 20 extracted, (750 MB/? MB)
2025-01-28 23:53:38,795 INFO t.selenium/standalone-chrome:4.28.1 - Pulling image layers:  1 pending, 32 downloaded, 21 extracted, (751 MB/? MB)
2025-01-28 23:53:38,806 INFO t.selenium/standalone-chrome:4.28.1 - Pulling image layers:  1 pending, 32 downloaded, 22 extracted, (751 MB/? MB)
2025-01-28 23:53:38,819 INFO t.selenium/standalone-chrome:4.28.1 - Pulling image layers:  1 pending, 32 downloaded, 23 extracted, (751 MB/? MB)
2025-01-28 23:53:38,938 INFO t.selenium/standalone-chrome:4.28.1 - Pulling image layers:  1 pending, 32 downloaded, 24 extracted, (752 MB/? MB)
2025-01-28 23:53:38,951 INFO t.selenium/standalone-chrome:4.28.1 - Pulling image layers:  1 pending, 32 downloaded, 25 extracted, (752 MB/? MB)
2025-01-28 23:53:38,967 INFO t.selenium/standalone-chrome:4.28.1 - Pulling image layers:  1 pending, 32 downloaded, 26 extracted, (752 MB/? MB)
2025-01-28 23:53:38,978 INFO t.selenium/standalone-chrome:4.28.1 - Pulling image layers:  1 pending, 32 downloaded, 27 extracted, (752 MB/? MB)
2025-01-28 23:53:38,988 INFO t.selenium/standalone-chrome:4.28.1 - Pulling image layers:  1 pending, 32 downloaded, 28 extracted, (752 MB/? MB)
2025-01-28 23:53:38,999 INFO t.selenium/standalone-chrome:4.28.1 - Pulling image layers:  1 pending, 32 downloaded, 29 extracted, (752 MB/? MB)
2025-01-28 23:53:39,010 INFO t.selenium/standalone-chrome:4.28.1 - Pulling image layers:  1 pending, 32 downloaded, 30 extracted, (752 MB/? MB)
2025-01-28 23:53:39,021 INFO t.selenium/standalone-chrome:4.28.1 - Pulling image layers:  1 pending, 32 downloaded, 31 extracted, (752 MB/? MB)
2025-01-28 23:53:39,031 INFO t.selenium/standalone-chrome:4.28.1 - Pulling image layers:  1 pending, 32 downloaded, 32 extracted, (752 MB/? MB)
2025-01-28 23:53:39,038 INFO t.selenium/standalone-chrome:4.28.1 - Pull complete. 33 layers, pulled in 19s (downloaded 752 MB at 39 MB/s)
2025-01-28 23:53:39,038 INFO t.selenium/standalone-chrome:4.28.1 - Image selenium/standalone-chrome:4.28.1 pull took PT20.718659427S
2025-01-28 23:53:39,041 INFO t.selenium/standalone-chrome:4.28.1 - Creating container for image: selenium/standalone-chrome:4.28.1
2025-01-28 23:53:39,060 INFO t.selenium/standalone-chrome:4.28.1 - Container selenium/standalone-chrome:4.28.1 is starting: 4a9dcbd013d74c9c74534a35808bd9242e8475e444005532f70f91786ec7f986
2025-01-28 23:53:41,829 INFO t.selenium/standalone-chrome:4.28.1 - Container selenium/standalone-chrome:4.28.1 started in PT2.787778877S
2025-01-28 23:53:41,830 INFO c.h.h.t.HelmChartContainerExtension - Using cached HelmChartContainer instance
]]></system-out>
  <system-err><![CDATA[]]></system-err>
</testsuite>
