<?xml version="1.0" encoding="UTF-8"?>
<testsuite name="com.hivemq.helmcharts.serviceaccount.HelmCustomServiceAccountDisabledCreationAndValidationIT" tests="1" skipped="0" failures="0" errors="0" timestamp="2025-05-07T13:35:52" hostname="fv-az1928-207" time="83.881">
  <properties/>
  <testcase name="platformCharts_withCreationAndValidationDisabled_withCorrectExternalPermissions_hivemqRunning()" classname="com.hivemq.helmcharts.serviceaccount.HelmCustomServiceAccountDisabledCreationAndValidationIT" time="83.881"/>
</testsuite>
