<?xml version="1.0" encoding="UTF-8"?>
<testsuite name="com.hivemq.helmcharts.extensions.HelmUpgradeExtensionIT" tests="2" skipped="0" failures="0" errors="0" timestamp="2025-01-29T13:54:47" hostname="fv-az1316-848" time="527.254">
  <properties/>
  <testcase name="withBridgeConfiguration_enableDisableBridge()" classname="com.hivemq.helmcharts.extensions.HelmUpgradeExtensionIT" time="218.558">
    <system-out><![CDATA[2025-01-29 13:54:47,860 INFO c.h.h.t.HelmChartContainer - Creating namespace 'helmupgradeextensionit-operator'...
2025-01-29 13:54:48,072 INFO c.h.h.t.HelmChartContainer - Namespace 'helmupgradeextensionit-operator' created
2025-01-29 13:54:48,072 INFO c.h.h.t.HelmChartContainer - Creating namespace 'helmupgradeextensionit'...
2025-01-29 13:54:48,073 INFO c.h.h.t.HelmChartContainer - [POD] coredns-ff8999cc5-4mgtl [7f65cf72-7a34-45bc-bc76-fe273c46a8ea] in kube-system was ADDED
2025-01-29 13:54:48,075 INFO c.h.h.t.HelmChartContainer - [POD] local-path-provisioner-698b58967b-pptvs [05e9c854-54e7-4e22-a332-6d0f92a9bc30] in kube-system was ADDED
2025-01-29 13:54:48,077 INFO c.h.h.t.HelmChartContainer - [POD] metrics-server-8584b5786c-kqkgb [c40db8d9-3fd9-4cd1-a9a4-4a1c04263c04] in kube-system was ADDED
2025-01-29 13:54:48,080 INFO c.h.h.t.HelmChartContainer - Namespace 'helmupgradeextensionit' created
2025-01-29 13:54:48,145 DEBUG c.h.h.t.HelmChartContainer - Executing helm command: /bin/helm --kubeconfig /etc/rancher/k3s/k3s.yaml install test-hivemq-platform-operator /charts/hivemq-platform-operator --wait --timeout 5m0s --set image.repository=docker.io/hivemq --set image.name=hivemq-platform-operator-test --set image.initImageName=hivemq-platform-operator-init-test --set image.tag=snapshot --set image.pullPolicy=Never --set logLevel=DEBUG --set resources.cpu=512m --namespace helmupgradeextensionit-operator
2025-01-29 13:54:50,492 INFO c.h.h.t.HelmChartContainer - [K3S] [alloc.go:330] "allocated clusterIPs" service="helmupgradeextensionit-operator/hivemq-platform-operator-test-hivemq-platform-operator" clusterIPs={"IPv4":"10.43.196.244"}
2025-01-29 13:54:50,514 INFO c.h.h.t.HelmChartContainer - [EVENT] Normal [ScalingReplicaSet] Scaled up replica set hivemq-test-hivemq-platform-operator-6966f96d65 from 0 to 1 [helmupgradeextensionit-operator:hivemq-test-hivemq-platform-operator]
2025-01-29 13:54:50,523 INFO c.h.h.t.HelmChartContainer - [POD] hivemq-test-hivemq-platform-operator-6966f96d65-w5dtt [8c87e2c7-99b6-44f3-8dc1-69201325bc68] in helmupgradeextensionit-operator was ADDED
2025-01-29 13:54:50,538 INFO c.h.h.t.HelmChartContainer - [EVENT] Normal [SuccessfulCreate] Created pod: hivemq-test-hivemq-platform-operator-6966f96d65-w5dtt [helmupgradeextensionit-operator:hivemq-test-hivemq-platform-operator-6966f96d65]
2025-01-29 13:54:50,541 INFO c.h.h.t.HelmChartContainer - [POD] hivemq-test-hivemq-platform-operator-6966f96d65-w5dtt [8c87e2c7-99b6-44f3-8dc1-69201325bc68] in helmupgradeextensionit-operator was MODIFIED
2025-01-29 13:54:50,548 INFO c.h.h.t.HelmChartContainer - [K3S] [replica_set.go:679] "Finished syncing" kind="ReplicaSet" key="helmupgradeextensionit-operator/hivemq-test-hivemq-platform-operator-6966f96d65" duration="46.247516ms"
2025-01-29 13:54:50,560 INFO c.h.h.t.HelmChartContainer - [EVENT] Normal [Scheduled] Successfully assigned helmupgradeextensionit-operator/hivemq-test-hivemq-platform-operator-6966f96d65-w5dtt to 3f7c43f3fa7a [helmupgradeextensionit-operator:hivemq-test-hivemq-platform-operator-6966f96d65-w5dtt]
2025-01-29 13:54:50,573 INFO c.h.h.t.HelmChartContainer - [K3S] [reconciler_common.go:251] "operationExecutor.VerifyControllerAttachedVolume started for volume \"kube-api-access-4k2hj\" (UniqueName: \"kubernetes.io/projected/8c87e2c7-99b6-44f3-8dc1-69201325bc68-kube-api-access-4k2hj\") pod \"hivemq-test-hivemq-platform-operator-6966f96d65-w5dtt\" (UID: \"8c87e2c7-99b6-44f3-8dc1-69201325bc68\") " pod="helmupgradeextensionit-operator/hivemq-test-hivemq-platform-operator-6966f96d65-w5dtt"
2025-01-29 13:54:50,578 INFO c.h.h.t.HelmChartContainer - [POD] hivemq-test-hivemq-platform-operator-6966f96d65-w5dtt [8c87e2c7-99b6-44f3-8dc1-69201325bc68] in helmupgradeextensionit-operator was MODIFIED
2025-01-29 13:54:50,579 INFO c.h.h.t.HelmChartContainer - [K3S] [replica_set.go:679] "Finished syncing" kind="ReplicaSet" key="helmupgradeextensionit-operator/hivemq-test-hivemq-platform-operator-6966f96d65" duration="30.275161ms"
2025-01-29 13:54:50,596 INFO c.h.h.t.HelmChartContainer - [K3S] [replica_set.go:679] "Finished syncing" kind="ReplicaSet" key="helmupgradeextensionit-operator/hivemq-test-hivemq-platform-operator-6966f96d65" duration="17.073411ms"
2025-01-29 13:54:50,598 INFO c.h.h.t.HelmChartContainer - [K3S] [replica_set.go:679] "Finished syncing" kind="ReplicaSet" key="helmupgradeextensionit-operator/hivemq-test-hivemq-platform-operator-6966f96d65" duration="512.267µs"
2025-01-29 13:54:50,935 INFO c.h.h.t.HelmChartContainer - [EVENT] Normal [Pulled] Container image "docker.io/hivemq/hivemq-platform-operator-test:snapshot" already present on machine [helmupgradeextensionit-operator:hivemq-test-hivemq-platform-operator-6966f96d65-w5dtt]
2025-01-29 13:54:50,936 INFO c.h.h.t.HelmChartContainer - Received Pulled event for container hivemq-platform-operator in pod hivemq-test-hivemq-platform-operator-6966f96d65-w5dtt [8c87e2c7-99b6-44f3-8dc1-69201325bc68]
2025-01-29 13:54:50,943 INFO c.h.h.t.HelmChartContainer - [EVENT] Normal [Created] Created container: hivemq-platform-operator [helmupgradeextensionit-operator:hivemq-test-hivemq-platform-operator-6966f96d65-w5dtt]
2025-01-29 13:54:50,943 INFO c.h.h.t.HelmChartContainer - Received Created event for container hivemq-platform-operator in pod hivemq-test-hivemq-platform-operator-6966f96d65-w5dtt [8c87e2c7-99b6-44f3-8dc1-69201325bc68]
2025-01-29 13:54:51,230 INFO c.h.h.t.HelmChartContainer - [K3S] [replica_set.go:679] "Finished syncing" kind="ReplicaSet" key="helmupgradeextensionit-operator/hivemq-test-hivemq-platform-operator-6966f96d65" duration="37.159µs"
2025-01-29 13:54:51,233 INFO c.h.h.t.HelmChartContainer - [POD] hivemq-test-hivemq-platform-operator-6966f96d65-w5dtt [8c87e2c7-99b6-44f3-8dc1-69201325bc68] in helmupgradeextensionit-operator was MODIFIED
2025-01-29 13:54:51,256 INFO c.h.h.t.HelmChartContainer - Started log watcher for hivemq-platform-operator in pod hivemq-test-hivemq-platform-operator-6966f96d65-w5dtt [8c87e2c7-99b6-44f3-8dc1-69201325bc68]
2025-01-29 13:54:51,256 INFO c.h.h.t.HelmChartContainer - [EVENT] Normal [Started] Started container hivemq-platform-operator [helmupgradeextensionit-operator:hivemq-test-hivemq-platform-operator-6966f96d65-w5dtt]
2025-01-29 13:54:51,256 INFO c.h.h.t.HelmChartContainer - Received Started event for container hivemq-platform-operator in pod hivemq-test-hivemq-platform-operator-6966f96d65-w5dtt [8c87e2c7-99b6-44f3-8dc1-69201325bc68]
2025-01-29 13:54:51,257 INFO c.h.h.t.HelmChartContainer - [hivemq-test-hivemq-platform] [hivemq-platform-operator] [8c87e2c7] -------------------------------------------------------------------------
2025-01-29 13:54:51,257 INFO c.h.h.t.HelmChartContainer - [hivemq-test-hivemq-platform] [hivemq-platform-operator] [8c87e2c7] 
2025-01-29 13:54:51,257 INFO c.h.h.t.HelmChartContainer - [hivemq-test-hivemq-platform] [hivemq-platform-operator] [8c87e2c7]                   _    _  _              __  __   ____
2025-01-29 13:54:51,258 INFO c.h.h.t.HelmChartContainer - [hivemq-test-hivemq-platform] [hivemq-platform-operator] [8c87e2c7]                  | |  | |(_)            |  \/  | / __ \
2025-01-29 13:54:51,258 INFO c.h.h.t.HelmChartContainer - [hivemq-test-hivemq-platform] [hivemq-platform-operator] [8c87e2c7]                  | |__| | _ __   __ ___ | \  / || |  | |
2025-01-29 13:54:51,258 INFO c.h.h.t.HelmChartContainer - [hivemq-test-hivemq-platform] [hivemq-platform-operator] [8c87e2c7]                  |  __  || |\ \ / // _ \| |\/| || |  | |
2025-01-29 13:54:51,258 INFO c.h.h.t.HelmChartContainer - [hivemq-test-hivemq-platform] [hivemq-platform-operator] [8c87e2c7]                  | |  | || | \ V /|  __/| |  | || |__| |
2025-01-29 13:54:51,258 INFO c.h.h.t.HelmChartContainer - [hivemq-test-hivemq-platform] [hivemq-platform-operator] [8c87e2c7]                  |_|  |_||_|  \_/  \___||_|  |_| \___\_\
2025-01-29 13:54:51,258 INFO c.h.h.t.HelmChartContainer - [hivemq-test-hivemq-platform] [hivemq-platform-operator] [8c87e2c7] 
2025-01-29 13:54:51,258 INFO c.h.h.t.HelmChartContainer - [hivemq-test-hivemq-platform] [hivemq-platform-operator] [8c87e2c7] -------------------------------------------------------------------------
2025-01-29 13:54:51,258 INFO c.h.h.t.HelmChartContainer - [hivemq-test-hivemq-platform] [hivemq-platform-operator] [8c87e2c7] 
2025-01-29 13:54:51,258 INFO c.h.h.t.HelmChartContainer - [hivemq-test-hivemq-platform] [hivemq-platform-operator] [8c87e2c7]   HiveMQ Platform Operator Start Script v1.0
2025-01-29 13:54:51,258 INFO c.h.h.t.HelmChartContainer - [hivemq-test-hivemq-platform] [hivemq-platform-operator] [8c87e2c7] 
2025-01-29 13:54:51,258 INFO c.h.h.t.HelmChartContainer - [hivemq-test-hivemq-platform] [hivemq-platform-operator] [8c87e2c7] -------------------------------------------------------------------------
2025-01-29 13:54:51,258 INFO c.h.h.t.HelmChartContainer - [hivemq-test-hivemq-platform] [hivemq-platform-operator] [8c87e2c7] 
2025-01-29 13:54:51,258 INFO c.h.h.t.HelmChartContainer - [hivemq-test-hivemq-platform] [hivemq-platform-operator] [8c87e2c7]   JAVA_OPTS: -XX:+UnlockExperimentalVMOptions -XX:InitialRAMPercentage=75 -XX:MaxRAMPercentage=75 -Duser.language=en -Duser.region=US
2025-01-29 13:54:51,258 INFO c.h.h.t.HelmChartContainer - [hivemq-test-hivemq-platform] [hivemq-platform-operator] [8c87e2c7] 
2025-01-29 13:54:51,258 INFO c.h.h.t.HelmChartContainer - [hivemq-test-hivemq-platform] [hivemq-platform-operator] [8c87e2c7]   JAVA_VERSION: 21
2025-01-29 13:54:51,258 INFO c.h.h.t.HelmChartContainer - [hivemq-test-hivemq-platform] [hivemq-platform-operator] [8c87e2c7] 
2025-01-29 13:54:51,258 INFO c.h.h.t.HelmChartContainer - [hivemq-test-hivemq-platform] [hivemq-platform-operator] [8c87e2c7] -------------------------------------------------------------------------
2025-01-29 13:54:51,258 INFO c.h.h.t.HelmChartContainer - [hivemq-test-hivemq-platform] [hivemq-platform-operator] [8c87e2c7] 
2025-01-29 13:54:54,311 INFO c.h.h.t.HelmChartContainer - [hivemq-test-hivemq-platform] [hivemq-platform-operator] [8c87e2c7] 13:54:54.309 [main] DEBUG org.jboss.logging - Logging Provider: org.jboss.logging.Slf4jLoggerProvider
2025-01-29 13:54:54,455 INFO c.h.h.t.HelmChartContainer - [hivemq-test-hivemq-platform] [hivemq-platform-operator] [8c87e2c7] 13:54:54.453 [main] DEBUG io.smallrye.config - SRCFG01006: Loaded ConfigSource SysPropConfigSource with ordinal 400
2025-01-29 13:54:54,455 INFO c.h.h.t.HelmChartContainer - [hivemq-test-hivemq-platform] [hivemq-platform-operator] [8c87e2c7] 13:54:54.453 [main] DEBUG io.smallrye.config - SRCFG01006: Loaded ConfigSource EnvConfigSource with ordinal 300
2025-01-29 13:54:54,455 INFO c.h.h.t.HelmChartContainer - [hivemq-test-hivemq-platform] [hivemq-platform-operator] [8c87e2c7] 13:54:54.453 [main] DEBUG io.smallrye.config - SRCFG01006: Loaded ConfigSource PropertiesConfigSource[source=jar:file:///opt/hivemq-platform-operator/bin/hivemq-platform-operator.jar!/hivemq-platform-operator.properties] with ordinal 100
2025-01-29 13:54:54,455 INFO c.h.h.t.HelmChartContainer - [hivemq-test-hivemq-platform] [hivemq-platform-operator] [8c87e2c7] 13:54:54.453 [main] DEBUG io.smallrye.config - SRCFG01006: Loaded ConfigSource DefaultValuesConfigSource with ordinal -2147483648
2025-01-29 13:54:54,557 INFO c.h.h.t.HelmChartContainer - [hivemq-test-hivemq-platform] [hivemq-platform-operator] [8c87e2c7] 13:54:54.555 [main] DEBUG i.m.c.u.i.l.InternalLoggerFactory - Using SLF4J as the default logging framework
2025-01-29 13:54:54,706 INFO c.h.h.t.HelmChartContainer - [hivemq-test-hivemq-platform] [hivemq-platform-operator] [8c87e2c7] 13:54:54.657 [main] INFO  c.h.p.o.HiveMQPlatformOperatorApplication - HiveMQ Platform Operator 1.7.0-SNAPSHOT (commit: bebf408 on branch: HEAD) built on Sun Jan 26 20:47:47 UTC 2025
2025-01-29 13:54:54,707 INFO c.h.h.t.HelmChartContainer - [hivemq-test-hivemq-platform] [hivemq-platform-operator] [8c87e2c7] 13:54:54.705 [main] INFO  c.h.p.o.HiveMQPlatformOperatorApplication - HiveMQ Platform Operator is running in namespace: helmupgradeextensionit-operator
2025-01-29 13:54:54,707 INFO c.h.h.t.HelmChartContainer - [hivemq-test-hivemq-platform] [hivemq-platform-operator] [8c87e2c7] 13:54:54.705 [main] INFO  c.h.p.o.HiveMQPlatformOperatorApplication - Watching all namespaces
2025-01-29 13:54:54,707 INFO c.h.h.t.HelmChartContainer - [hivemq-test-hivemq-platform] [hivemq-platform-operator] [8c87e2c7] 13:54:54.705 [main] INFO  c.h.p.o.HiveMQPlatformOperatorApplication - Log level: DEBUG
2025-01-29 13:54:54,707 INFO c.h.h.t.HelmChartContainer - [hivemq-test-hivemq-platform] [hivemq-platform-operator] [8c87e2c7] 13:54:54.705 [main] INFO  c.h.p.o.HiveMQPlatformOperatorApplication - Release name: test-hivemq-platform-operator
2025-01-29 13:54:54,707 INFO c.h.h.t.HelmChartContainer - [hivemq-test-hivemq-platform] [hivemq-platform-operator] [8c87e2c7] 13:54:54.705 [main] INFO  c.h.p.o.HiveMQPlatformOperatorApplication - HiveMQ Platform Operator Init image: docker.io/hivemq/hivemq-platform-operator-init-test:snapshot
2025-01-29 13:54:54,708 INFO c.h.h.t.HelmChartContainer - [hivemq-test-hivemq-platform] [hivemq-platform-operator] [8c87e2c7] 13:54:54.705 [main] INFO  c.h.p.o.HiveMQPlatformOperatorApplication - HiveMQ Platform Operator Init App update URL: http://hivemq-platform-operator-test-hivemq-platform-operator.helmupgradeextensionit-operator.svc:8080/initAppUpdate/hivemq-platform-operator-init-app-1.7.0-SNAPSHOT.jar
2025-01-29 13:54:54,708 INFO c.h.h.t.HelmChartContainer - [hivemq-test-hivemq-platform] [hivemq-platform-operator] [8c87e2c7] 13:54:54.705 [main] INFO  c.h.p.o.HiveMQPlatformOperatorApplication - Additional imagePullSecret for all Platform deployments: none
2025-01-29 13:54:54,708 INFO c.h.h.t.HelmChartContainer - [hivemq-test-hivemq-platform] [hivemq-platform-operator] [8c87e2c7] 13:54:54.705 [main] INFO  c.h.p.o.HiveMQPlatformOperatorApplication - Apply HiveMQ Platform CRD: true
2025-01-29 13:54:54,708 INFO c.h.h.t.HelmChartContainer - [hivemq-test-hivemq-platform] [hivemq-platform-operator] [8c87e2c7] 13:54:54.705 [main] INFO  c.h.p.o.HiveMQPlatformOperatorApplication - Create Platform ServiceAccount: true
2025-01-29 13:54:54,708 INFO c.h.h.t.HelmChartContainer - [hivemq-test-hivemq-platform] [hivemq-platform-operator] [8c87e2c7] 13:54:54.705 [main] INFO  c.h.p.o.HiveMQPlatformOperatorApplication - Create Platform ServiceAccount permissions: true
2025-01-29 13:54:54,708 INFO c.h.h.t.HelmChartContainer - [hivemq-test-hivemq-platform] [hivemq-platform-operator] [8c87e2c7] 13:54:54.705 [main] INFO  c.h.p.o.HiveMQPlatformOperatorApplication - Validate Platform ServiceAccount: true
2025-01-29 13:54:54,708 INFO c.h.h.t.HelmChartContainer - [hivemq-test-hivemq-platform] [hivemq-platform-operator] [8c87e2c7] 13:54:54.705 [main] INFO  c.h.p.o.HiveMQPlatformOperatorApplication - Validate Platform ServiceAccount permissions: true
2025-01-29 13:54:54,816 INFO c.h.h.t.HelmChartContainer - [hivemq-test-hivemq-platform] [hivemq-platform-operator] [8c87e2c7] 13:54:54.815 [main] INFO  c.h.platform.operator.util.CRDUtil - Verifying deployed HiveMQ Platform CRD...
2025-01-29 13:54:55,224 INFO c.h.h.t.HelmChartContainer - [POD] metrics-server-8584b5786c-kqkgb [c40db8d9-3fd9-4cd1-a9a4-4a1c04263c04] in kube-system was MODIFIED
2025-01-29 13:54:55,233 INFO c.h.h.t.HelmChartContainer - [K3S] [replica_set.go:679] "Finished syncing" kind="ReplicaSet" key="kube-system/metrics-server-8584b5786c" duration="12.172872ms"
2025-01-29 13:54:55,233 INFO c.h.h.t.HelmChartContainer - [K3S] [replica_set.go:679] "Finished syncing" kind="ReplicaSet" key="kube-system/metrics-server-8584b5786c" duration="30.076µs"
2025-01-29 13:54:57,254 INFO c.h.h.t.HelmChartContainer - [hivemq-test-hivemq-platform] [hivemq-platform-operator] [8c87e2c7] 13:54:57.252 [main] DEBUG c.h.platform.operator.util.CRDUtil - HiveMQ Platform CRD version v1 is up to date
2025-01-29 13:54:57,254 INFO c.h.h.t.HelmChartContainer - [hivemq-test-hivemq-platform] [hivemq-platform-operator] [8c87e2c7] 13:54:57.253 [main] INFO  c.h.platform.operator.util.CRDUtil - HiveMQ Platform CRD is up to date (version: V1_6_0)
2025-01-29 13:54:57,255 INFO c.h.h.t.HelmChartContainer - [hivemq-test-hivemq-platform] [hivemq-platform-operator] [8c87e2c7] 13:54:57.253 [main] INFO  c.h.platform.operator.util.CRDUtil - Waiting 10000 ms for HiveMQ Platform CRD 'hivemq-platforms.hivemq.com' to become ready...
2025-01-29 13:54:57,512 INFO c.h.h.t.HelmChartContainer - [hivemq-test-hivemq-platform] [hivemq-platform-operator] [8c87e2c7] 13:54:57.511 [vert.x-eventloop-thread-1] DEBUG c.h.platform.operator.util.CRDUtil - Checking CRD condition 'NamesAccepted' (status: 'True')
2025-01-29 13:54:57,551 INFO c.h.h.t.HelmChartContainer - [hivemq-test-hivemq-platform] [hivemq-platform-operator] [8c87e2c7] 13:54:57.550 [vert.x-eventloop-thread-1] DEBUG c.h.platform.operator.util.CRDUtil - Checking CRD condition 'Established' (status: 'True')
2025-01-29 13:54:57,552 INFO c.h.h.t.HelmChartContainer - [hivemq-test-hivemq-platform] [hivemq-platform-operator] [8c87e2c7] 13:54:57.550 [main] INFO  c.h.platform.operator.util.CRDUtil - HiveMQ Platform CRD 'hivemq-platforms.hivemq.com' is ready
2025-01-29 13:54:57,755 INFO c.h.h.t.HelmChartContainer - [hivemq-test-hivemq-platform] [hivemq-platform-operator] [8c87e2c7] 13:54:57.754 [main] INFO  c.h.p.o.HiveMQPlatformReconciler - HiveMQ Platform Operator is starting...
2025-01-29 13:54:57,857 INFO c.h.h.t.HelmChartContainer - [hivemq-test-hivemq-platform] [hivemq-platform-operator] [8c87e2c7] 13:54:57.855 [main] WARN  Default ConfigurationService implementation - Configuration for reconciler 'hivemq-controller' was not found. Known reconcilers: None.
2025-01-29 13:54:57,904 INFO c.h.h.t.HelmChartContainer - [hivemq-test-hivemq-platform] [hivemq-platform-operator] [8c87e2c7] 13:54:57.903 [main] INFO  Default ConfigurationService implementation - Created configuration for reconciler com.hivemq.platform.operator.HiveMQPlatformReconciler with name hivemq-controller
2025-01-29 13:54:58,007 INFO c.h.h.t.HelmChartContainer - [hivemq-test-hivemq-platform] [hivemq-platform-operator] [8c87e2c7] 13:54:58.006 [main] DEBUG c.h.p.o.HiveMQPlatformReconciler - HiveMQ Platform Operator is preparing EventSources
2025-01-29 13:54:58,053 INFO c.h.h.t.HelmChartContainer - [hivemq-test-hivemq-platform] [hivemq-platform-operator] [8c87e2c7] 13:54:58.052 [main] INFO  i.javaoperatorsdk.operator.Operator - Registered reconciler: 'hivemq-controller' for resource: 'class com.hivemq.platform.operator.v1.HiveMQPlatform' for namespace(s): [all namespaces]
2025-01-29 13:54:58,559 INFO c.h.h.t.HelmChartContainer - [hivemq-test-hivemq-platform] [hivemq-platform-operator] [8c87e2c7] 13:54:58.558 [main] INFO  c.h.p.operator.webserver.JettyServer - Starting Jetty server on port 8080
2025-01-29 13:54:58,656 INFO c.h.h.t.HelmChartContainer - [hivemq-test-hivemq-platform] [hivemq-platform-operator] [8c87e2c7] 13:54:58.652 [main] INFO  i.javaoperatorsdk.operator.Operator - Operator SDK 4.9.7 (commit: 2133d28) built on Wed Nov 20 12:56:20 UTC 2024 starting...
2025-01-29 13:54:58,656 INFO c.h.h.t.HelmChartContainer - [hivemq-test-hivemq-platform] [hivemq-platform-operator] [8c87e2c7] 13:54:58.653 [main] INFO  i.javaoperatorsdk.operator.Operator - Client version: 6.13.4
2025-01-29 13:54:58,656 INFO c.h.h.t.HelmChartContainer - [hivemq-test-hivemq-platform] [hivemq-platform-operator] [8c87e2c7] 13:54:58.654 [Controller Starter for: hivemq-controller] INFO  i.j.operator.processing.Controller - Starting 'hivemq-controller' controller for reconciler: com.hivemq.platform.operator.HiveMQPlatformReconciler, resource: com.hivemq.platform.operator.v1.HiveMQPlatform
2025-01-29 13:54:59,717 INFO c.h.h.t.HelmChartContainer - [K3S] [range_allocator.go:247] "Successfully synced" key="3f7c43f3fa7a"
2025-01-29 13:55:01,054 INFO c.h.h.t.HelmChartContainer - [hivemq-test-hivemq-platform] [hivemq-platform-operator] [8c87e2c7] 13:55:01.052 [Controller Starter for: hivemq-controller] INFO  i.j.operator.processing.Controller - 'hivemq-controller' controller started
2025-01-29 13:55:01,054 INFO c.h.h.t.HelmChartContainer - [hivemq-test-hivemq-platform] [hivemq-platform-operator] [8c87e2c7] 13:55:01.053 [main] INFO  c.h.p.o.HiveMQPlatformOperatorApplication - HiveMQ Platform Operator 1.7.0-SNAPSHOT started in 6395 ms
2025-01-29 13:55:02,243 INFO c.h.h.t.HelmChartContainer - [POD] hivemq-test-hivemq-platform-operator-6966f96d65-w5dtt [8c87e2c7-99b6-44f3-8dc1-69201325bc68] in helmupgradeextensionit-operator was MODIFIED
2025-01-29 13:55:02,250 INFO c.h.h.t.HelmChartContainer - [K3S] [replica_set.go:679] "Finished syncing" kind="ReplicaSet" key="helmupgradeextensionit-operator/hivemq-test-hivemq-platform-operator-6966f96d65" duration="10.799557ms"
2025-01-29 13:55:02,250 INFO c.h.h.t.HelmChartContainer - [K3S] [replica_set.go:679] "Finished syncing" kind="ReplicaSet" key="helmupgradeextensionit-operator/hivemq-test-hivemq-platform-operator-6966f96d65" duration="51.365µs"
2025-01-29 13:55:02,576 INFO c.h.h.testcontainer.LogWaiterUtil - TEST Waiting for log pattern on 'test-hivemq-platform-0': .*\[HiveMQ Platform Operator Init App [A-Z0-9.-]+\] Successfully enabled extension hivemq-bridge-extension
2025-01-29 13:55:02,577 INFO c.h.h.testcontainer.LogWaiterUtil - TEST Waiting for log pattern on 'test-hivemq-platform-0': .*Extension "HiveMQ Enterprise Bridge Extension" version .* started successfully.
2025-01-29 13:55:02,644 DEBUG c.h.h.t.HelmChartContainer - Executing helm command: /bin/helm --kubeconfig /etc/rancher/k3s/k3s.yaml install test-hivemq-platform /charts/hivemq-platform --wait --timeout 5m0s --set image.repository=docker.io/hivemq --set image.tag=4.36.0 --set image.pullPolicy=Never --set nodes.resources.cpu=512m -f /files/bridge-values.yaml --namespace helmupgradeextensionit
2025-01-29 13:55:03,011 INFO c.h.h.t.HelmChartContainer - [hivemq-test-hivemq-platform] [hivemq-platform-operator] [8c87e2c7] 13:55:03.010 [-373097727-pool-1-thread-2] WARN  i.m.p.PrometheusMeterRegistry - The meter (MeterId{name='operator.sdk.events.received', tags=[tag(action=ADDED),tag(event=ResourceEvent),tag(group=hivemq.com),tag(kind=HiveMQPlatform),tag(name=test-hivemq-platform),tag(namespace=helmupgradeextensionit),tag(scope=namespace),tag(version=v1)]}) registration has failed: Prometheus requires that all meters with the same name have the same set of tag keys. There is already an existing meter named 'operator.sdk.events.received' containing tag keys [event, group, kind, name, namespace, scope, version]. The meter you are attempting to register has keys [action, event, group, kind, name, namespace, scope, version]. Note that subsequent logs will be logged at debug level.
2025-01-29 13:55:03,512 INFO c.h.h.t.HelmChartContainer - [hivemq-test-hivemq-platform] [hivemq-platform-operator] [8c87e2c7] 13:55:03.510 [pool-6-thread-3] DEBUG c.h.p.o.dependants.PodInfoConfigMap - [helmupgr] Desired PodInfo ConfigMap (1 extensions) (1 enabled)
2025-01-29 13:55:03,512 INFO c.h.h.t.HelmChartContainer - [hivemq-test-hivemq-platform] [hivemq-platform-operator] [8c87e2c7] 13:55:03.511 [pool-6-thread-3] DEBUG c.h.p.o.dependants.PodInfoConfigMap - [helmupgr] Desired PodInfo ConfigMap (metrics port: 9399) (metrics path: /)
2025-01-29 13:55:03,512 INFO c.h.h.t.HelmChartContainer - [hivemq-test-hivemq-platform] [hivemq-platform-operator] [8c87e2c7] 13:55:03.511 [pool-6-thread-3] DEBUG c.h.p.o.dependants.PodInfoConfigMap - [helmupgr] Desired PodInfo ConfigMap (extension state hash: -1817869294)
2025-01-29 13:55:03,553 INFO c.h.h.t.HelmChartContainer - [hivemq-test-hivemq-platform] [hivemq-platform-operator] [8c87e2c7] 13:55:03.551 [pool-6-thread-3] DEBUG c.h.p.o.dependants.PodInfoConfigMap - [helmupgr] Create PodInfo ConfigMap
2025-01-29 13:55:03,706 INFO c.h.h.t.HelmChartContainer - [hivemq-test-hivemq-platform] [hivemq-platform-operator] [8c87e2c7] 13:55:03.702 [pool-6-thread-5] DEBUG c.h.p.o.dependants.PodRoleResource - [helmupgr] Create Role: Role(apiVersion=rbac.authorization.k8s.io/v1, kind=Role, metadata=ObjectMeta(annotations={meta.helm.sh/release-name=test-hivemq-platform, meta.helm.sh/release-namespace=helmupgradeextensionit}, creationTimestamp=null, deletionGracePeriodSeconds=null, deletionTimestamp=null, finalizers=[], generateName=null, generation=null, labels={helm.sh/chart=hivemq-platform-0.2.32, app.kubernetes.io/managed-by=Helm, app.kubernetes.io/name=hivemq-platform, hivemq-platform=test-hivemq-platform, app.kubernetes.io/instance=test-hivemq-platform, app.kubernetes.io/version=4.36.0}, managedFields=[], name=hivemq-platform-role-test-hivemq-platform, namespace=helmupgradeextensionit, ownerReferences=[OwnerReference(apiVersion=hivemq.com/v1, blockOwnerDeletion=null, controller=null, kind=HiveMQPlatform, name=test-hivemq-platform, uid=1679840d-26cc-453f-b7ed-a31650a0e5d6, additionalProperties={})], resourceVersion=null, selfLink=null, uid=null, additionalProperties={}), rules=[PolicyRule(apiGroups=[], nonResourceURLs=[], resourceNames=[], resources=[pods], verbs=[get, patch, update], additionalProperties={})], additionalProperties={})
2025-01-29 13:55:03,807 INFO c.h.h.t.HelmChartContainer - [hivemq-test-hivemq-platform] [hivemq-platform-operator] [8c87e2c7] 13:55:03.803 [pool-6-thread-7] DEBUG c.h.p.o.d.PodServiceAccountResource - [helmupgr] Desired PodServiceAccountResource (serviceAccountName: hivemq-platform-pod-test-hivemq-platform)
2025-01-29 13:55:03,807 INFO c.h.h.t.HelmChartContainer - [hivemq-test-hivemq-platform] [hivemq-platform-operator] [8c87e2c7] 13:55:03.804 [pool-6-thread-7] DEBUG c.h.p.o.d.PodServiceAccountResource - [helmupgr] Create ServiceAccount 'hivemq-platform-pod-test-hivemq-platform'
2025-01-29 13:55:03,912 INFO c.h.h.t.HelmChartContainer - [hivemq-test-hivemq-platform] [hivemq-platform-operator] [8c87e2c7] 13:55:03.910 [pool-6-thread-10] DEBUG c.h.p.o.d.PodRoleBindingResource - [helmupgr] Create RoleBinding: RoleBinding(apiVersion=rbac.authorization.k8s.io/v1, kind=RoleBinding, metadata=ObjectMeta(annotations={meta.helm.sh/release-name=test-hivemq-platform, meta.helm.sh/release-namespace=helmupgradeextensionit}, creationTimestamp=null, deletionGracePeriodSeconds=null, deletionTimestamp=null, finalizers=[], generateName=null, generation=null, labels={helm.sh/chart=hivemq-platform-0.2.32, app.kubernetes.io/managed-by=Helm, app.kubernetes.io/name=hivemq-platform, hivemq-platform=test-hivemq-platform, app.kubernetes.io/instance=test-hivemq-platform, app.kubernetes.io/version=4.36.0}, managedFields=[], name=hivemq-platform-role-binding-test-hivemq-platform, namespace=helmupgradeextensionit, ownerReferences=[OwnerReference(apiVersion=hivemq.com/v1, blockOwnerDeletion=null, controller=null, kind=HiveMQPlatform, name=test-hivemq-platform, uid=1679840d-26cc-453f-b7ed-a31650a0e5d6, additionalProperties={})], resourceVersion=null, selfLink=null, uid=null, additionalProperties={}), roleRef=RoleRef(apiGroup=rbac.authorization.k8s.io, kind=Role, name=hivemq-platform-role-test-hivemq-platform, additionalProperties={}), subjects=[Subject(apiGroup=null, kind=ServiceAccount, name=hivemq-platform-pod-test-hivemq-platform, namespace=helmupgradeextensionit, additionalProperties={})], additionalProperties={})
2025-01-29 13:55:04,005 INFO c.h.h.t.HelmChartContainer - [hivemq-test-hivemq-platform] [hivemq-platform-operator] [8c87e2c7] 13:55:04.004 [ReconcilerExecutor-hivemq-controller-54] INFO  c.h.p.o.HiveMQPlatformReconciler - [helmupgr] Reconciling HiveMQ Platform 'test-hivemq-platform' in namespace 'helmupgradeextensionit'
2025-01-29 13:55:04,006 INFO c.h.h.t.HelmChartContainer - [hivemq-test-hivemq-platform] [hivemq-platform-operator] [8c87e2c7] 13:55:04.005 [ReconcilerExecutor-hivemq-controller-54] DEBUG c.h.p.o.HiveMQPlatformReconciler - [helmupgr] Custom Resource Status CREATED - HiveMQ Platform was created (READY)
2025-01-29 13:55:04,006 INFO c.h.h.t.HelmChartContainer - [hivemq-test-hivemq-platform] [hivemq-platform-operator] [8c87e2c7] 13:55:04.005 [ReconcilerExecutor-hivemq-controller-54] DEBUG c.h.p.o.HiveMQPlatformReconciler - [helmupgr] Custom Resource Spec (replicas: 1) (extensions: 1)
2025-01-29 13:55:04,011 INFO c.h.h.t.HelmChartContainer - [hivemq-test-hivemq-platform] [hivemq-platform-operator] [8c87e2c7] 13:55:04.009 [ReconcilerExecutor-hivemq-controller-54] INFO  c.h.p.o.h.HiveMQPlatformReconcilerBaseHandler - [helmupgr] HiveMQ Platform is starting
2025-01-29 13:55:04,153 INFO c.h.h.t.HelmChartContainer - [hivemq-test-hivemq-platform] [hivemq-platform-operator] [8c87e2c7] 13:55:04.151 [ReconcilerExecutor-hivemq-controller-54] DEBUG c.h.p.operator.event.EventSender - [helmupgr] Creating K8s event hivemq-platform-starting: [Start] HiveMQ Platform is starting
2025-01-29 13:55:04,208 INFO c.h.h.t.HelmChartContainer - [EVENT] Normal [Start] HiveMQ Platform is starting [helmupgradeextensionit:test-hivemq-platform]
2025-01-29 13:55:04,214 INFO c.h.h.t.HelmChartContainer - [hivemq-test-hivemq-platform] [hivemq-platform-operator] [8c87e2c7] 13:55:04.211 [ReconcilerExecutor-hivemq-controller-54] INFO  c.h.p.o.h.AbstractHiveMQReconcilerStateHandler - [helmupgr] Update HiveMQ Platform Status (CREATED [READY] -> STARTING [READY]): HiveMQ Platform is starting
2025-01-29 13:55:04,258 DEBUG com.hivemq.helmcharts.util.K8sUtil - Comparing actual state 'STARTING' and waiting for 'RUNNING'
2025-01-29 13:55:14,312 INFO c.h.h.t.HelmChartContainer - [hivemq-test-hivemq-platform] [hivemq-platform-operator] [8c87e2c7] 13:55:14.310 [pool-6-thread-12] DEBUG c.h.p.o.d.PlatformServiceResource - [helmupgr] Desired Platform services (3 services)
2025-01-29 13:55:14,315 INFO c.h.h.t.HelmChartContainer - [hivemq-test-hivemq-platform] [hivemq-platform-operator] [8c87e2c7] 13:55:14.314 [pool-6-thread-17] DEBUG c.h.p.o.d.PodServiceAccountResource - [helmupgr] Desired PodServiceAccountResource (serviceAccountName: hivemq-platform-pod-test-hivemq-platform)
2025-01-29 13:55:14,319 INFO c.h.h.t.HelmChartContainer - [hivemq-test-hivemq-platform] [hivemq-platform-operator] [8c87e2c7] 13:55:14.317 [pool-6-thread-13] DEBUG c.h.p.o.dependants.PodInfoConfigMap - [helmupgr] Desired PodInfo ConfigMap (1 extensions) (1 enabled)
2025-01-29 13:55:14,319 INFO c.h.h.t.HelmChartContainer - [hivemq-test-hivemq-platform] [hivemq-platform-operator] [8c87e2c7] 13:55:14.317 [pool-6-thread-13] DEBUG c.h.p.o.dependants.PodInfoConfigMap - [helmupgr] Desired PodInfo ConfigMap (metrics port: 9399) (metrics path: /)
2025-01-29 13:55:14,321 INFO c.h.h.t.HelmChartContainer - [hivemq-test-hivemq-platform] [hivemq-platform-operator] [8c87e2c7] 13:55:14.318 [pool-6-thread-13] DEBUG c.h.p.o.dependants.PodInfoConfigMap - [helmupgr] Desired PodInfo ConfigMap (extension state hash: -1817869294)
2025-01-29 13:55:14,330 INFO c.h.h.t.HelmChartContainer - [hivemq-test-hivemq-platform] [hivemq-platform-operator] [8c87e2c7] 13:55:14.328 [pool-6-thread-13] DEBUG c.h.p.o.dependants.PodInfoConfigMap - [helmupgr] Update PodInfo ConfigMap
2025-01-29 13:55:14,336 INFO c.h.h.t.HelmChartContainer - [K3S] [alloc.go:330] "allocated clusterIPs" service="helmupgradeextensionit/hivemq-test-hivemq-platform-cc-8080" clusterIPs={"IPv4":"10.43.237.134"}
2025-01-29 13:55:14,416 INFO c.h.h.t.HelmChartContainer - [K3S] [alloc.go:330] "allocated clusterIPs" service="helmupgradeextensionit/hivemq-test-hivemq-platform-mqtt-1883" clusterIPs={"IPv4":"10.43.52.181"}
2025-01-29 13:55:14,514 INFO c.h.h.t.HelmChartContainer - [K3S] [alloc.go:330] "allocated clusterIPs" service="helmupgradeextensionit/hivemq-test-hivemq-platform-metrics-9399" clusterIPs={"IPv4":"10.43.57.7"}
2025-01-29 13:55:14,521 INFO c.h.h.t.HelmChartContainer - [hivemq-test-hivemq-platform] [hivemq-platform-operator] [8c87e2c7] 13:55:14.519 [pool-6-thread-20] DEBUG c.h.p.o.d.StatefulSetResource - [helmupgr] Desired StatefulSet (1 replicas) for status STARTING (READY)
2025-01-29 13:55:14,617 INFO c.h.h.t.HelmChartContainer - [hivemq-test-hivemq-platform] [hivemq-platform-operator] [8c87e2c7] 13:55:14.616 [pool-6-thread-20] DEBUG c.h.p.o.d.StatefulSetResource - [helmupgr] Create StatefulSet
2025-01-29 13:55:14,715 INFO c.h.h.t.HelmChartContainer - [hivemq-test-hivemq-platform] [hivemq-platform-operator] [8c87e2c7] 13:55:14.714 [ReconcilerExecutor-hivemq-controller-65] INFO  c.h.p.o.HiveMQPlatformReconciler - [helmupgr] Reconciling HiveMQ Platform 'test-hivemq-platform' in namespace 'helmupgradeextensionit'
2025-01-29 13:55:14,715 INFO c.h.h.t.HelmChartContainer - [hivemq-test-hivemq-platform] [hivemq-platform-operator] [8c87e2c7] 13:55:14.714 [ReconcilerExecutor-hivemq-controller-65] DEBUG c.h.p.o.HiveMQPlatformReconciler - [helmupgr] Custom Resource Status STARTING - HiveMQ Platform is starting (READY)
2025-01-29 13:55:14,715 INFO c.h.h.t.HelmChartContainer - [hivemq-test-hivemq-platform] [hivemq-platform-operator] [8c87e2c7] 13:55:14.714 [ReconcilerExecutor-hivemq-controller-65] DEBUG c.h.p.o.HiveMQPlatformReconciler - [helmupgr] Custom Resource Spec (replicas: 1) (extensions: 1)
2025-01-29 13:55:14,725 INFO c.h.h.t.HelmChartContainer - [hivemq-test-hivemq-platform] [hivemq-platform-operator] [8c87e2c7] 13:55:14.724 [ReconcilerExecutor-hivemq-controller-65] DEBUG c.h.p.o.HiveMQPlatformReconciler - [helmupgr] StatefulSet Status (revision: null, replicas: 0, available: 0, ready: 0, current: 0, updated: 0)
2025-01-29 13:55:14,726 INFO c.h.h.t.HelmChartContainer - [hivemq-test-hivemq-platform] [hivemq-platform-operator] [8c87e2c7] 13:55:14.724 [ReconcilerExecutor-hivemq-controller-65] DEBUG c.h.p.o.HiveMQPlatformReconciler - [helmupgr] StatefulSet Spec (replicas: 1, init containers: 1, containers: 1, volumes: 4)
2025-01-29 13:55:14,733 INFO c.h.h.t.HelmChartContainer - [POD] test-hivemq-platform-0 [d5e1daec-53c9-4281-880f-723fdbba83d8] in helmupgradeextensionit was ADDED
2025-01-29 13:55:14,738 INFO c.h.h.t.HelmChartContainer - [EVENT] Normal [SuccessfulCreate] create Pod test-hivemq-platform-0 in StatefulSet test-hivemq-platform successful [helmupgradeextensionit:test-hivemq-platform]
2025-01-29 13:55:14,739 INFO c.h.h.t.HelmChartContainer - [EVENT] Normal [Scheduled] Successfully assigned helmupgradeextensionit/test-hivemq-platform-0 to 3f7c43f3fa7a [helmupgradeextensionit:test-hivemq-platform-0]
2025-01-29 13:55:14,740 INFO c.h.h.t.HelmChartContainer - [POD] test-hivemq-platform-0 [d5e1daec-53c9-4281-880f-723fdbba83d8] in helmupgradeextensionit was MODIFIED
2025-01-29 13:55:14,753 INFO c.h.h.t.HelmChartContainer - [POD] test-hivemq-platform-0 [d5e1daec-53c9-4281-880f-723fdbba83d8] in helmupgradeextensionit was MODIFIED
2025-01-29 13:55:14,807 INFO c.h.h.t.HelmChartContainer - [hivemq-test-hivemq-platform] [hivemq-platform-operator] [8c87e2c7] 13:55:14.805 [ReconcilerExecutor-hivemq-controller-65] INFO  c.h.p.o.h.HiveMQPlatformReconcilerBaseHandler - [helmupgr] HiveMQ Platform is starting, 0 of 1 replicas are ready
2025-01-29 13:55:14,815 INFO c.h.h.t.HelmChartContainer - [K3S] [reconciler_common.go:251] "operationExecutor.VerifyControllerAttachedVolume started for volume \"broker-configuration\" (UniqueName: \"kubernetes.io/configmap/d5e1daec-53c9-4281-880f-723fdbba83d8-broker-configuration\") pod \"test-hivemq-platform-0\" (UID: \"d5e1daec-53c9-4281-880f-723fdbba83d8\") " pod="helmupgradeextensionit/test-hivemq-platform-0"
2025-01-29 13:55:14,815 INFO c.h.h.t.HelmChartContainer - [K3S] [reconciler_common.go:251] "operationExecutor.VerifyControllerAttachedVolume started for volume \"operator-init\" (UniqueName: \"kubernetes.io/empty-dir/d5e1daec-53c9-4281-880f-723fdbba83d8-operator-init\") pod \"test-hivemq-platform-0\" (UID: \"d5e1daec-53c9-4281-880f-723fdbba83d8\") " pod="helmupgradeextensionit/test-hivemq-platform-0"
2025-01-29 13:55:14,815 INFO c.h.h.t.HelmChartContainer - [K3S] [reconciler_common.go:251] "operationExecutor.VerifyControllerAttachedVolume started for volume \"kube-api-access-pqjrc\" (UniqueName: \"kubernetes.io/projected/d5e1daec-53c9-4281-880f-723fdbba83d8-kube-api-access-pqjrc\") pod \"test-hivemq-platform-0\" (UID: \"d5e1daec-53c9-4281-880f-723fdbba83d8\") " pod="helmupgradeextensionit/test-hivemq-platform-0"
2025-01-29 13:55:14,815 INFO c.h.h.t.HelmChartContainer - [K3S] [reconciler_common.go:251] "operationExecutor.VerifyControllerAttachedVolume started for volume \"pod-info\" (UniqueName: \"kubernetes.io/configmap/d5e1daec-53c9-4281-880f-723fdbba83d8-pod-info\") pod \"test-hivemq-platform-0\" (UID: \"d5e1daec-53c9-4281-880f-723fdbba83d8\") " pod="helmupgradeextensionit/test-hivemq-platform-0"
2025-01-29 13:55:14,815 INFO c.h.h.t.HelmChartContainer - [K3S] [reconciler_common.go:251] "operationExecutor.VerifyControllerAttachedVolume started for volume \"extension-configuration-hivemq-bridge-extension\" (UniqueName: \"kubernetes.io/configmap/d5e1daec-53c9-4281-880f-723fdbba83d8-extension-configuration-hivemq-bridge-extension\") pod \"test-hivemq-platform-0\" (UID: \"d5e1daec-53c9-4281-880f-723fdbba83d8\") " pod="helmupgradeextensionit/test-hivemq-platform-0"
2025-01-29 13:55:14,852 INFO c.h.h.t.HelmChartContainer - [hivemq-test-hivemq-platform] [hivemq-platform-operator] [8c87e2c7] 13:55:14.851 [pool-6-thread-22] DEBUG c.h.p.o.d.PlatformServiceResource - [helmupgr] Desired Platform services (3 services)
2025-01-29 13:55:14,907 INFO c.h.h.t.HelmChartContainer - [hivemq-test-hivemq-platform] [hivemq-platform-operator] [8c87e2c7] 13:55:14.905 [pool-6-thread-23] DEBUG c.h.p.o.dependants.PodInfoConfigMap - [helmupgr] Desired PodInfo ConfigMap (1 extensions) (1 enabled)
2025-01-29 13:55:14,908 INFO c.h.h.t.HelmChartContainer - [hivemq-test-hivemq-platform] [hivemq-platform-operator] [8c87e2c7] 13:55:14.905 [pool-6-thread-23] DEBUG c.h.p.o.dependants.PodInfoConfigMap - [helmupgr] Desired PodInfo ConfigMap (metrics port: 9399) (metrics path: /)
2025-01-29 13:55:14,908 INFO c.h.h.t.HelmChartContainer - [hivemq-test-hivemq-platform] [hivemq-platform-operator] [8c87e2c7] 13:55:14.905 [pool-6-thread-23] DEBUG c.h.p.o.dependants.PodInfoConfigMap - [helmupgr] Desired PodInfo ConfigMap (extension state hash: -1817869294)
2025-01-29 13:55:14,912 INFO c.h.h.t.HelmChartContainer - [hivemq-test-hivemq-platform] [hivemq-platform-operator] [8c87e2c7] 13:55:14.909 [pool-6-thread-27] DEBUG c.h.p.o.d.PodServiceAccountResource - [helmupgr] Desired PodServiceAccountResource (serviceAccountName: hivemq-platform-pod-test-hivemq-platform)
2025-01-29 13:55:15,007 INFO c.h.h.t.HelmChartContainer - [hivemq-test-hivemq-platform] [hivemq-platform-operator] [8c87e2c7] 13:55:15.005 [pool-6-thread-30] DEBUG c.h.p.o.d.StatefulSetResource - [helmupgr] Desired StatefulSet (1 replicas) for status STARTING (READY)
2025-01-29 13:55:15,017 INFO c.h.h.t.HelmChartContainer - [hivemq-test-hivemq-platform] [hivemq-platform-operator] [8c87e2c7] 13:55:15.013 [ReconcilerExecutor-hivemq-controller-76] INFO  c.h.p.o.HiveMQPlatformReconciler - [helmupgr] Reconciling HiveMQ Platform 'test-hivemq-platform' in namespace 'helmupgradeextensionit'
2025-01-29 13:55:15,018 INFO c.h.h.t.HelmChartContainer - [hivemq-test-hivemq-platform] [hivemq-platform-operator] [8c87e2c7] 13:55:15.013 [ReconcilerExecutor-hivemq-controller-76] DEBUG c.h.p.o.HiveMQPlatformReconciler - [helmupgr] Custom Resource Status STARTING - HiveMQ Platform is starting (READY)
2025-01-29 13:55:15,018 INFO c.h.h.t.HelmChartContainer - [hivemq-test-hivemq-platform] [hivemq-platform-operator] [8c87e2c7] 13:55:15.013 [ReconcilerExecutor-hivemq-controller-76] DEBUG c.h.p.o.HiveMQPlatformReconciler - [helmupgr] Custom Resource Spec (replicas: 1) (extensions: 1)
2025-01-29 13:55:15,020 INFO c.h.h.t.HelmChartContainer - [hivemq-test-hivemq-platform] [hivemq-platform-operator] [8c87e2c7] 13:55:15.017 [ReconcilerExecutor-hivemq-controller-76] DEBUG c.h.p.o.HiveMQPlatformReconciler - [helmupgr] StatefulSet Status (revision: test-hivemq-platform-5b6c7575b6, replicas: 1, available: 0, ready: 0, current: 1, updated: 1)
2025-01-29 13:55:15,020 INFO c.h.h.t.HelmChartContainer - [hivemq-test-hivemq-platform] [hivemq-platform-operator] [8c87e2c7] 13:55:15.017 [ReconcilerExecutor-hivemq-controller-76] DEBUG c.h.p.o.HiveMQPlatformReconciler - [helmupgr] StatefulSet Spec (replicas: 1, init containers: 1, containers: 1, volumes: 4)
2025-01-29 13:55:15,115 INFO c.h.h.t.HelmChartContainer - [hivemq-test-hivemq-platform] [hivemq-platform-operator] [8c87e2c7] 13:55:15.113 [ReconcilerExecutor-hivemq-controller-76] DEBUG c.h.p.o.h.HiveMQPlatformReconcilerErrorHandler - [helmupgr] Pod 'test-hivemq-platform-0' phase Pending
2025-01-29 13:55:15,117 INFO c.h.h.t.HelmChartContainer - [hivemq-test-hivemq-platform] [hivemq-platform-operator] [8c87e2c7] 13:55:15.114 [ReconcilerExecutor-hivemq-controller-76] DEBUG c.h.p.o.h.HiveMQPlatformReconcilerErrorHandler - [helmupgr] Pod 'test-hivemq-platform-0' condition 'PodReadyToStartContainers': False
2025-01-29 13:55:15,118 INFO c.h.h.t.HelmChartContainer - [hivemq-test-hivemq-platform] [hivemq-platform-operator] [8c87e2c7] 13:55:15.114 [ReconcilerExecutor-hivemq-controller-76] DEBUG c.h.p.o.h.HiveMQPlatformReconcilerErrorHandler - [helmupgr] Pod 'test-hivemq-platform-0' condition 'Initialized': False
2025-01-29 13:55:15,119 INFO c.h.h.t.HelmChartContainer - [hivemq-test-hivemq-platform] [hivemq-platform-operator] [8c87e2c7] 13:55:15.114 [ReconcilerExecutor-hivemq-controller-76] DEBUG c.h.p.o.h.HiveMQPlatformReconcilerErrorHandler - [helmupgr] Pod 'test-hivemq-platform-0' condition 'Ready': False
2025-01-29 13:55:15,119 INFO c.h.h.t.HelmChartContainer - [hivemq-test-hivemq-platform] [hivemq-platform-operator] [8c87e2c7] 13:55:15.114 [ReconcilerExecutor-hivemq-controller-76] DEBUG c.h.p.o.h.HiveMQPlatformReconcilerErrorHandler - [helmupgr] Pod 'test-hivemq-platform-0' condition 'ContainersReady': False
2025-01-29 13:55:15,119 INFO c.h.h.t.HelmChartContainer - [hivemq-test-hivemq-platform] [hivemq-platform-operator] [8c87e2c7] 13:55:15.114 [ReconcilerExecutor-hivemq-controller-76] DEBUG c.h.p.o.h.HiveMQPlatformReconcilerErrorHandler - [helmupgr] Pod 'test-hivemq-platform-0' condition 'PodScheduled': True
2025-01-29 13:55:15,119 INFO c.h.h.t.HelmChartContainer - [hivemq-test-hivemq-platform] [hivemq-platform-operator] [8c87e2c7] 13:55:15.115 [ReconcilerExecutor-hivemq-controller-76] DEBUG c.h.p.o.h.HiveMQPlatformReconcilerErrorHandler - [helmupgr] Pod 'test-hivemq-platform-0' containerStatus 'hivemq' (started: false) (ready: false) (waiting: [PodInitializing] null)
2025-01-29 13:55:15,120 INFO c.h.h.t.HelmChartContainer - [hivemq-test-hivemq-platform] [hivemq-platform-operator] [8c87e2c7] 13:55:15.118 [ReconcilerExecutor-hivemq-controller-76] INFO  c.h.p.o.h.HiveMQPlatformReconcilerBaseHandler - [helmupgr] HiveMQ Platform is starting, 0 of 1 replicas are ready
2025-01-29 13:55:15,135 INFO c.h.h.t.HelmChartContainer - [EVENT] Normal [Pulled] Container image "docker.io/hivemq/hivemq-platform-operator-init-test:snapshot" already present on machine [helmupgradeextensionit:test-hivemq-platform-0]
2025-01-29 13:55:15,142 INFO c.h.h.t.HelmChartContainer - [EVENT] Normal [Created] Created container: hivemq-platform-operator-init [helmupgradeextensionit:test-hivemq-platform-0]
2025-01-29 13:55:15,179 INFO c.h.h.t.HelmChartContainer - [EVENT] Normal [Started] Started container hivemq-platform-operator-init [helmupgradeextensionit:test-hivemq-platform-0]
2025-01-29 13:55:15,209 INFO c.h.h.t.HelmChartContainer - [hivemq-test-hivemq-platform] [hivemq-platform-operator] [8c87e2c7] 13:55:15.204 [pool-6-thread-32] DEBUG c.h.p.o.d.PlatformServiceResource - [helmupgr] Desired Platform services (3 services)
2025-01-29 13:55:15,215 INFO c.h.h.t.HelmChartContainer - [hivemq-test-hivemq-platform] [hivemq-platform-operator] [8c87e2c7] 13:55:15.211 [pool-6-thread-33] DEBUG c.h.p.o.dependants.PodInfoConfigMap - [helmupgr] Desired PodInfo ConfigMap (1 extensions) (1 enabled)
2025-01-29 13:55:15,215 INFO c.h.h.t.HelmChartContainer - [hivemq-test-hivemq-platform] [hivemq-platform-operator] [8c87e2c7] 13:55:15.211 [pool-6-thread-33] DEBUG c.h.p.o.dependants.PodInfoConfigMap - [helmupgr] Desired PodInfo ConfigMap (metrics port: 9399) (metrics path: /)
2025-01-29 13:55:15,215 INFO c.h.h.t.HelmChartContainer - [hivemq-test-hivemq-platform] [hivemq-platform-operator] [8c87e2c7] 13:55:15.211 [pool-6-thread-33] DEBUG c.h.p.o.dependants.PodInfoConfigMap - [helmupgr] Desired PodInfo ConfigMap (extension state hash: -1817869294)
2025-01-29 13:55:15,216 INFO c.h.h.t.HelmChartContainer - [hivemq-test-hivemq-platform] [hivemq-platform-operator] [8c87e2c7] 13:55:15.214 [pool-6-thread-37] DEBUG c.h.p.o.d.PodServiceAccountResource - [helmupgr] Desired PodServiceAccountResource (serviceAccountName: hivemq-platform-pod-test-hivemq-platform)
2025-01-29 13:55:15,277 INFO c.h.h.t.HelmChartContainer - [POD] test-hivemq-platform-0 [d5e1daec-53c9-4281-880f-723fdbba83d8] in helmupgradeextensionit was MODIFIED
2025-01-29 13:55:15,314 INFO c.h.h.t.HelmChartContainer - [hivemq-test-hivemq-platform] [hivemq-platform-operator] [8c87e2c7] 13:55:15.311 [pool-6-thread-40] DEBUG c.h.p.o.d.StatefulSetResource - [helmupgr] Desired StatefulSet (1 replicas) for status STARTING (READY)
2025-01-29 13:55:15,327 INFO c.h.h.t.HelmChartContainer - [hivemq-test-hivemq-platform] [hivemq-platform-operator] [8c87e2c7] 13:55:15.323 [ReconcilerExecutor-hivemq-controller-87] INFO  c.h.p.o.HiveMQPlatformReconciler - [helmupgr] Reconciling HiveMQ Platform 'test-hivemq-platform' in namespace 'helmupgradeextensionit'
2025-01-29 13:55:15,328 INFO c.h.h.t.HelmChartContainer - [hivemq-test-hivemq-platform] [hivemq-platform-operator] [8c87e2c7] 13:55:15.324 [ReconcilerExecutor-hivemq-controller-87] DEBUG c.h.p.o.HiveMQPlatformReconciler - [helmupgr] Custom Resource Status STARTING - HiveMQ Platform is starting (READY)
2025-01-29 13:55:15,328 INFO c.h.h.t.HelmChartContainer - [hivemq-test-hivemq-platform] [hivemq-platform-operator] [8c87e2c7] 13:55:15.324 [ReconcilerExecutor-hivemq-controller-87] DEBUG c.h.p.o.HiveMQPlatformReconciler - [helmupgr] Custom Resource Spec (replicas: 1) (extensions: 1)
2025-01-29 13:55:15,331 INFO c.h.h.t.HelmChartContainer - [hivemq-test-hivemq-platform] [hivemq-platform-operator] [8c87e2c7] 13:55:15.330 [ReconcilerExecutor-hivemq-controller-87] DEBUG c.h.p.o.HiveMQPlatformReconciler - [helmupgr] StatefulSet Status (revision: test-hivemq-platform-5b6c7575b6, replicas: 1, available: 0, ready: 0, current: 1, updated: 1)
2025-01-29 13:55:15,331 INFO c.h.h.t.HelmChartContainer - [hivemq-test-hivemq-platform] [hivemq-platform-operator] [8c87e2c7] 13:55:15.330 [ReconcilerExecutor-hivemq-controller-87] DEBUG c.h.p.o.HiveMQPlatformReconciler - [helmupgr] StatefulSet Spec (replicas: 1, init containers: 1, containers: 1, volumes: 4)
2025-01-29 13:55:15,405 INFO c.h.h.t.HelmChartContainer - [hivemq-test-hivemq-platform] [hivemq-platform-operator] [8c87e2c7] 13:55:15.404 [ReconcilerExecutor-hivemq-controller-87] DEBUG c.h.p.o.h.HiveMQPlatformReconcilerErrorHandler - [helmupgr] Pod 'test-hivemq-platform-0' phase Pending
2025-01-29 13:55:15,405 INFO c.h.h.t.HelmChartContainer - [hivemq-test-hivemq-platform] [hivemq-platform-operator] [8c87e2c7] 13:55:15.404 [ReconcilerExecutor-hivemq-controller-87] DEBUG c.h.p.o.h.HiveMQPlatformReconcilerErrorHandler - [helmupgr] Pod 'test-hivemq-platform-0' condition 'PodReadyToStartContainers': True
2025-01-29 13:55:15,406 INFO c.h.h.t.HelmChartContainer - [hivemq-test-hivemq-platform] [hivemq-platform-operator] [8c87e2c7] 13:55:15.404 [ReconcilerExecutor-hivemq-controller-87] DEBUG c.h.p.o.h.HiveMQPlatformReconcilerErrorHandler - [helmupgr] Pod 'test-hivemq-platform-0' condition 'Initialized': False
2025-01-29 13:55:15,406 INFO c.h.h.t.HelmChartContainer - [hivemq-test-hivemq-platform] [hivemq-platform-operator] [8c87e2c7] 13:55:15.404 [ReconcilerExecutor-hivemq-controller-87] DEBUG c.h.p.o.h.HiveMQPlatformReconcilerErrorHandler - [helmupgr] Pod 'test-hivemq-platform-0' condition 'Ready': False
2025-01-29 13:55:15,407 INFO c.h.h.t.HelmChartContainer - [hivemq-test-hivemq-platform] [hivemq-platform-operator] [8c87e2c7] 13:55:15.404 [ReconcilerExecutor-hivemq-controller-87] DEBUG c.h.p.o.h.HiveMQPlatformReconcilerErrorHandler - [helmupgr] Pod 'test-hivemq-platform-0' condition 'ContainersReady': False
2025-01-29 13:55:15,407 INFO c.h.h.t.HelmChartContainer - [hivemq-test-hivemq-platform] [hivemq-platform-operator] [8c87e2c7] 13:55:15.404 [ReconcilerExecutor-hivemq-controller-87] DEBUG c.h.p.o.h.HiveMQPlatformReconcilerErrorHandler - [helmupgr] Pod 'test-hivemq-platform-0' condition 'PodScheduled': True
2025-01-29 13:55:15,407 INFO c.h.h.t.HelmChartContainer - [hivemq-test-hivemq-platform] [hivemq-platform-operator] [8c87e2c7] 13:55:15.404 [ReconcilerExecutor-hivemq-controller-87] DEBUG c.h.p.o.h.HiveMQPlatformReconcilerErrorHandler - [helmupgr] Pod 'test-hivemq-platform-0' containerStatus 'hivemq' (started: false) (ready: false) (waiting: [PodInitializing] null)
2025-01-29 13:55:15,408 INFO c.h.h.t.HelmChartContainer - [hivemq-test-hivemq-platform] [hivemq-platform-operator] [8c87e2c7] 13:55:15.408 [ReconcilerExecutor-hivemq-controller-87] INFO  c.h.p.o.h.HiveMQPlatformReconcilerBaseHandler - [helmupgr] HiveMQ Platform is starting, 0 of 1 replicas are ready
2025-01-29 13:55:15,414 INFO c.h.h.t.HelmChartContainer - [hivemq-test-hivemq-platform] [hivemq-platform-operator] [8c87e2c7] 13:55:15.412 [pool-6-thread-42] DEBUG c.h.p.o.d.PlatformServiceResource - [helmupgr] Desired Platform services (3 services)
2025-01-29 13:55:15,418 INFO c.h.h.t.HelmChartContainer - [hivemq-test-hivemq-platform] [hivemq-platform-operator] [8c87e2c7] 13:55:15.415 [pool-6-thread-43] DEBUG c.h.p.o.dependants.PodInfoConfigMap - [helmupgr] Desired PodInfo ConfigMap (1 extensions) (1 enabled)
2025-01-29 13:55:15,419 INFO c.h.h.t.HelmChartContainer - [hivemq-test-hivemq-platform] [hivemq-platform-operator] [8c87e2c7] 13:55:15.416 [pool-6-thread-43] DEBUG c.h.p.o.dependants.PodInfoConfigMap - [helmupgr] Desired PodInfo ConfigMap (metrics port: 9399) (metrics path: /)
2025-01-29 13:55:15,419 INFO c.h.h.t.HelmChartContainer - [hivemq-test-hivemq-platform] [hivemq-platform-operator] [8c87e2c7] 13:55:15.417 [pool-6-thread-43] DEBUG c.h.p.o.dependants.PodInfoConfigMap - [helmupgr] Desired PodInfo ConfigMap (extension state hash: -1817869294)
2025-01-29 13:55:15,419 INFO c.h.h.t.HelmChartContainer - [hivemq-test-hivemq-platform] [hivemq-platform-operator] [8c87e2c7] 13:55:15.418 [pool-6-thread-47] DEBUG c.h.p.o.d.PodServiceAccountResource - [helmupgr] Desired PodServiceAccountResource (serviceAccountName: hivemq-platform-pod-test-hivemq-platform)
2025-01-29 13:55:15,509 INFO c.h.h.t.HelmChartContainer - [hivemq-test-hivemq-platform] [hivemq-platform-operator] [8c87e2c7] 13:55:15.507 [pool-6-thread-50] DEBUG c.h.p.o.d.StatefulSetResource - [helmupgr] Desired StatefulSet (1 replicas) for status STARTING (READY)
2025-01-29 13:55:15,514 INFO c.h.h.t.HelmChartContainer - [hivemq-test-hivemq-platform] [hivemq-platform-operator] [8c87e2c7] 13:55:15.513 [ReconcilerExecutor-hivemq-controller-98] INFO  c.h.p.o.HiveMQPlatformReconciler - [helmupgr] Reconciling HiveMQ Platform 'test-hivemq-platform' in namespace 'helmupgradeextensionit'
2025-01-29 13:55:15,515 INFO c.h.h.t.HelmChartContainer - [hivemq-test-hivemq-platform] [hivemq-platform-operator] [8c87e2c7] 13:55:15.513 [ReconcilerExecutor-hivemq-controller-98] DEBUG c.h.p.o.HiveMQPlatformReconciler - [helmupgr] Custom Resource Status STARTING - HiveMQ Platform is starting (READY)
2025-01-29 13:55:15,515 INFO c.h.h.t.HelmChartContainer - [hivemq-test-hivemq-platform] [hivemq-platform-operator] [8c87e2c7] 13:55:15.513 [ReconcilerExecutor-hivemq-controller-98] DEBUG c.h.p.o.HiveMQPlatformReconciler - [helmupgr] Custom Resource Spec (replicas: 1) (extensions: 1)
2025-01-29 13:55:15,518 INFO c.h.h.t.HelmChartContainer - [hivemq-test-hivemq-platform] [hivemq-platform-operator] [8c87e2c7] 13:55:15.516 [ReconcilerExecutor-hivemq-controller-98] DEBUG c.h.p.o.HiveMQPlatformReconciler - [helmupgr] StatefulSet Status (revision: test-hivemq-platform-5b6c7575b6, replicas: 1, available: 0, ready: 0, current: 1, updated: 1)
2025-01-29 13:55:15,518 INFO c.h.h.t.HelmChartContainer - [hivemq-test-hivemq-platform] [hivemq-platform-operator] [8c87e2c7] 13:55:15.516 [ReconcilerExecutor-hivemq-controller-98] DEBUG c.h.p.o.HiveMQPlatformReconciler - [helmupgr] StatefulSet Spec (replicas: 1, init containers: 1, containers: 1, volumes: 4)
2025-01-29 13:55:15,519 INFO c.h.h.t.HelmChartContainer - [hivemq-test-hivemq-platform] [hivemq-platform-operator] [8c87e2c7] 13:55:15.518 [ReconcilerExecutor-hivemq-controller-98] DEBUG c.h.p.o.h.HiveMQPlatformReconcilerErrorHandler - [helmupgr] Pod 'test-hivemq-platform-0' phase Pending
2025-01-29 13:55:15,524 INFO c.h.h.t.HelmChartContainer - [hivemq-test-hivemq-platform] [hivemq-platform-operator] [8c87e2c7] 13:55:15.518 [ReconcilerExecutor-hivemq-controller-98] DEBUG c.h.p.o.h.HiveMQPlatformReconcilerErrorHandler - [helmupgr] Pod 'test-hivemq-platform-0' condition 'PodReadyToStartContainers': True
2025-01-29 13:55:15,524 INFO c.h.h.t.HelmChartContainer - [hivemq-test-hivemq-platform] [hivemq-platform-operator] [8c87e2c7] 13:55:15.518 [ReconcilerExecutor-hivemq-controller-98] DEBUG c.h.p.o.h.HiveMQPlatformReconcilerErrorHandler - [helmupgr] Pod 'test-hivemq-platform-0' condition 'Initialized': False
2025-01-29 13:55:15,524 INFO c.h.h.t.HelmChartContainer - [hivemq-test-hivemq-platform] [hivemq-platform-operator] [8c87e2c7] 13:55:15.518 [ReconcilerExecutor-hivemq-controller-98] DEBUG c.h.p.o.h.HiveMQPlatformReconcilerErrorHandler - [helmupgr] Pod 'test-hivemq-platform-0' condition 'Ready': False
2025-01-29 13:55:15,525 INFO c.h.h.t.HelmChartContainer - [hivemq-test-hivemq-platform] [hivemq-platform-operator] [8c87e2c7] 13:55:15.521 [ReconcilerExecutor-hivemq-controller-98] DEBUG c.h.p.o.h.HiveMQPlatformReconcilerErrorHandler - [helmupgr] Pod 'test-hivemq-platform-0' condition 'ContainersReady': False
2025-01-29 13:55:15,525 INFO c.h.h.t.HelmChartContainer - [hivemq-test-hivemq-platform] [hivemq-platform-operator] [8c87e2c7] 13:55:15.521 [ReconcilerExecutor-hivemq-controller-98] DEBUG c.h.p.o.h.HiveMQPlatformReconcilerErrorHandler - [helmupgr] Pod 'test-hivemq-platform-0' condition 'PodScheduled': True
2025-01-29 13:55:15,526 INFO c.h.h.t.HelmChartContainer - [hivemq-test-hivemq-platform] [hivemq-platform-operator] [8c87e2c7] 13:55:15.521 [ReconcilerExecutor-hivemq-controller-98] DEBUG c.h.p.o.h.HiveMQPlatformReconcilerErrorHandler - [helmupgr] Pod 'test-hivemq-platform-0' containerStatus 'hivemq' (started: false) (ready: false) (waiting: [PodInitializing] null)
2025-01-29 13:55:15,526 INFO c.h.h.t.HelmChartContainer - [hivemq-test-hivemq-platform] [hivemq-platform-operator] [8c87e2c7] 13:55:15.522 [ReconcilerExecutor-hivemq-controller-98] INFO  c.h.p.o.h.HiveMQPlatformReconcilerBaseHandler - [helmupgr] HiveMQ Platform is starting, 0 of 1 replicas are ready
2025-01-29 13:55:16,271 INFO c.h.h.t.HelmChartContainer - [EVENT] Normal [Pulled] Container image "docker.io/hivemq/hivemq4:4.36.0" already present on machine [helmupgradeextensionit:test-hivemq-platform-0]
2025-01-29 13:55:16,272 INFO c.h.h.t.HelmChartContainer - Received Pulled event for container hivemq in pod test-hivemq-platform-0 [d5e1daec-53c9-4281-880f-723fdbba83d8]
2025-01-29 13:55:16,277 INFO c.h.h.t.HelmChartContainer - [POD] test-hivemq-platform-0 [d5e1daec-53c9-4281-880f-723fdbba83d8] in helmupgradeextensionit was MODIFIED
2025-01-29 13:55:16,291 INFO c.h.h.t.HelmChartContainer - [EVENT] Normal [Created] Created container: hivemq [helmupgradeextensionit:test-hivemq-platform-0]
2025-01-29 13:55:16,291 INFO c.h.h.t.HelmChartContainer - [hivemq-test-hivemq-platform] [hivemq-platform-operator] [8c87e2c7] 13:55:16.284 [pool-6-thread-8] DEBUG c.h.p.o.d.PlatformServiceResource - [helmupgr] Desired Platform services (3 services)
2025-01-29 13:55:16,293 INFO c.h.h.t.HelmChartContainer - [hivemq-test-hivemq-platform] [hivemq-platform-operator] [8c87e2c7] 13:55:16.286 [pool-6-thread-6] DEBUG c.h.p.o.d.PodServiceAccountResource - [helmupgr] Desired PodServiceAccountResource (serviceAccountName: hivemq-platform-pod-test-hivemq-platform)
2025-01-29 13:55:16,293 INFO c.h.h.t.HelmChartContainer - [hivemq-test-hivemq-platform] [hivemq-platform-operator] [8c87e2c7] 13:55:16.290 [pool-6-thread-5] DEBUG c.h.p.o.dependants.PodInfoConfigMap - [helmupgr] Desired PodInfo ConfigMap (1 extensions) (1 enabled)
2025-01-29 13:55:16,293 INFO c.h.h.t.HelmChartContainer - [hivemq-test-hivemq-platform] [hivemq-platform-operator] [8c87e2c7] 13:55:16.290 [pool-6-thread-5] DEBUG c.h.p.o.dependants.PodInfoConfigMap - [helmupgr] Desired PodInfo ConfigMap (metrics port: 9399) (metrics path: /)
2025-01-29 13:55:16,293 INFO c.h.h.t.HelmChartContainer - [hivemq-test-hivemq-platform] [hivemq-platform-operator] [8c87e2c7] 13:55:16.290 [pool-6-thread-5] DEBUG c.h.p.o.dependants.PodInfoConfigMap - [helmupgr] Desired PodInfo ConfigMap (extension state hash: -1817869294)
2025-01-29 13:55:16,294 INFO c.h.h.t.HelmChartContainer - Received Created event for container hivemq in pod test-hivemq-platform-0 [d5e1daec-53c9-4281-880f-723fdbba83d8]
2025-01-29 13:55:16,300 INFO c.h.h.t.HelmChartContainer - [hivemq-test-hivemq-platform] [hivemq-platform-operator] [8c87e2c7] 13:55:16.298 [pool-6-thread-8] DEBUG c.h.p.o.d.StatefulSetResource - [helmupgr] Desired StatefulSet (1 replicas) for status STARTING (READY)
2025-01-29 13:55:16,356 INFO c.h.h.t.HelmChartContainer - [hivemq-test-hivemq-platform] [hivemq-platform-operator] [8c87e2c7] 13:55:16.355 [ReconcilerExecutor-hivemq-controller-109] INFO  c.h.p.o.HiveMQPlatformReconciler - [helmupgr] Reconciling HiveMQ Platform 'test-hivemq-platform' in namespace 'helmupgradeextensionit'
2025-01-29 13:55:16,357 INFO c.h.h.t.HelmChartContainer - [hivemq-test-hivemq-platform] [hivemq-platform-operator] [8c87e2c7] 13:55:16.355 [ReconcilerExecutor-hivemq-controller-109] DEBUG c.h.p.o.HiveMQPlatformReconciler - [helmupgr] Custom Resource Status STARTING - HiveMQ Platform is starting (READY)
2025-01-29 13:55:16,358 INFO c.h.h.t.HelmChartContainer - [hivemq-test-hivemq-platform] [hivemq-platform-operator] [8c87e2c7] 13:55:16.355 [ReconcilerExecutor-hivemq-controller-109] DEBUG c.h.p.o.HiveMQPlatformReconciler - [helmupgr] Custom Resource Spec (replicas: 1) (extensions: 1)
2025-01-29 13:55:16,361 INFO c.h.h.t.HelmChartContainer - [hivemq-test-hivemq-platform] [hivemq-platform-operator] [8c87e2c7] 13:55:16.358 [ReconcilerExecutor-hivemq-controller-109] DEBUG c.h.p.o.HiveMQPlatformReconciler - [helmupgr] StatefulSet Status (revision: test-hivemq-platform-5b6c7575b6, replicas: 1, available: 0, ready: 0, current: 1, updated: 1)
2025-01-29 13:55:16,363 INFO c.h.h.t.HelmChartContainer - [hivemq-test-hivemq-platform] [hivemq-platform-operator] [8c87e2c7] 13:55:16.358 [ReconcilerExecutor-hivemq-controller-109] DEBUG c.h.p.o.HiveMQPlatformReconciler - [helmupgr] StatefulSet Spec (replicas: 1, init containers: 1, containers: 1, volumes: 4)
2025-01-29 13:55:16,363 INFO c.h.h.t.HelmChartContainer - [hivemq-test-hivemq-platform] [hivemq-platform-operator] [8c87e2c7] 13:55:16.361 [ReconcilerExecutor-hivemq-controller-109] DEBUG c.h.p.o.h.HiveMQPlatformReconcilerErrorHandler - [helmupgr] Pod 'test-hivemq-platform-0' phase Pending
2025-01-29 13:55:16,368 INFO c.h.h.t.HelmChartContainer - [hivemq-test-hivemq-platform] [hivemq-platform-operator] [8c87e2c7] 13:55:16.361 [ReconcilerExecutor-hivemq-controller-109] DEBUG c.h.p.o.h.HiveMQPlatformReconcilerErrorHandler - [helmupgr] Pod 'test-hivemq-platform-0' condition 'PodReadyToStartContainers': True
2025-01-29 13:55:16,368 INFO c.h.h.t.HelmChartContainer - [hivemq-test-hivemq-platform] [hivemq-platform-operator] [8c87e2c7] 13:55:16.361 [ReconcilerExecutor-hivemq-controller-109] DEBUG c.h.p.o.h.HiveMQPlatformReconcilerErrorHandler - [helmupgr] Pod 'test-hivemq-platform-0' condition 'Initialized': True
2025-01-29 13:55:16,369 INFO c.h.h.t.HelmChartContainer - [hivemq-test-hivemq-platform] [hivemq-platform-operator] [8c87e2c7] 13:55:16.361 [ReconcilerExecutor-hivemq-controller-109] DEBUG c.h.p.o.h.HiveMQPlatformReconcilerErrorHandler - [helmupgr] Pod 'test-hivemq-platform-0' condition 'Ready': False
2025-01-29 13:55:16,369 INFO c.h.h.t.HelmChartContainer - [hivemq-test-hivemq-platform] [hivemq-platform-operator] [8c87e2c7] 13:55:16.361 [ReconcilerExecutor-hivemq-controller-109] DEBUG c.h.p.o.h.HiveMQPlatformReconcilerErrorHandler - [helmupgr] Pod 'test-hivemq-platform-0' condition 'ContainersReady': False
2025-01-29 13:55:16,369 INFO c.h.h.t.HelmChartContainer - [hivemq-test-hivemq-platform] [hivemq-platform-operator] [8c87e2c7] 13:55:16.361 [ReconcilerExecutor-hivemq-controller-109] DEBUG c.h.p.o.h.HiveMQPlatformReconcilerErrorHandler - [helmupgr] Pod 'test-hivemq-platform-0' condition 'PodScheduled': True
2025-01-29 13:55:16,369 INFO c.h.h.t.HelmChartContainer - [hivemq-test-hivemq-platform] [hivemq-platform-operator] [8c87e2c7] 13:55:16.361 [ReconcilerExecutor-hivemq-controller-109] DEBUG c.h.p.o.h.HiveMQPlatformReconcilerErrorHandler - [helmupgr] Pod 'test-hivemq-platform-0' containerStatus 'hivemq' (started: false) (ready: false) (waiting: [PodInitializing] null)
2025-01-29 13:55:16,369 INFO c.h.h.t.HelmChartContainer - [hivemq-test-hivemq-platform] [hivemq-platform-operator] [8c87e2c7] 13:55:16.362 [ReconcilerExecutor-hivemq-controller-109] INFO  c.h.p.o.h.HiveMQPlatformReconcilerBaseHandler - [helmupgr] HiveMQ Platform is starting, 0 of 1 replicas are ready
2025-01-29 13:55:17,282 INFO c.h.h.t.HelmChartContainer - [POD] test-hivemq-platform-0 [d5e1daec-53c9-4281-880f-723fdbba83d8] in helmupgradeextensionit was MODIFIED
2025-01-29 13:55:17,294 INFO c.h.h.t.HelmChartContainer - Started log watcher for hivemq in pod test-hivemq-platform-0 [d5e1daec-53c9-4281-880f-723fdbba83d8]
2025-01-29 13:55:17,295 INFO c.h.h.t.HelmChartContainer - [EVENT] Normal [Started] Started container hivemq [helmupgradeextensionit:test-hivemq-platform-0]
2025-01-29 13:55:17,295 INFO c.h.h.t.HelmChartContainer - Received Started event for container hivemq in pod test-hivemq-platform-0 [d5e1daec-53c9-4281-880f-723fdbba83d8]
2025-01-29 13:55:17,297 INFO c.h.h.t.HelmChartContainer - [test-hivemq-platform] [hivemq] [d5e1daec] Adding pre-installed HiveMQ Platform Operator extensions
2025-01-29 13:55:17,298 INFO c.h.h.t.HelmChartContainer - [test-hivemq-platform] [hivemq] [d5e1daec] Running as user 10000
2025-01-29 13:55:17,298 INFO c.h.h.t.HelmChartContainer - [test-hivemq-platform] [hivemq] [d5e1daec] Starting HiveMQ Platform Operator Init
2025-01-29 13:55:17,299 INFO c.h.h.t.HelmChartContainer - [hivemq-test-hivemq-platform] [hivemq-platform-operator] [8c87e2c7] 13:55:17.297 [pool-6-thread-14] DEBUG c.h.p.o.d.PlatformServiceResource - [helmupgr] Desired Platform services (3 services)
2025-01-29 13:55:17,301 INFO c.h.h.t.HelmChartContainer - [hivemq-test-hivemq-platform] [hivemq-platform-operator] [8c87e2c7] 13:55:17.298 [pool-6-thread-19] DEBUG c.h.p.o.d.PodServiceAccountResource - [helmupgr] Desired PodServiceAccountResource (serviceAccountName: hivemq-platform-pod-test-hivemq-platform)
2025-01-29 13:55:17,306 INFO c.h.h.t.HelmChartContainer - [hivemq-test-hivemq-platform] [hivemq-platform-operator] [8c87e2c7] 13:55:17.300 [pool-6-thread-16] DEBUG c.h.p.o.dependants.PodInfoConfigMap - [helmupgr] Desired PodInfo ConfigMap (1 extensions) (1 enabled)
2025-01-29 13:55:17,308 INFO c.h.h.t.HelmChartContainer - [hivemq-test-hivemq-platform] [hivemq-platform-operator] [8c87e2c7] 13:55:17.305 [pool-6-thread-16] DEBUG c.h.p.o.dependants.PodInfoConfigMap - [helmupgr] Desired PodInfo ConfigMap (metrics port: 9399) (metrics path: /)
2025-01-29 13:55:17,308 INFO c.h.h.t.HelmChartContainer - [hivemq-test-hivemq-platform] [hivemq-platform-operator] [8c87e2c7] 13:55:17.306 [pool-6-thread-16] DEBUG c.h.p.o.dependants.PodInfoConfigMap - [helmupgr] Desired PodInfo ConfigMap (extension state hash: -1817869294)
2025-01-29 13:55:17,316 INFO c.h.h.t.HelmChartContainer - [hivemq-test-hivemq-platform] [hivemq-platform-operator] [8c87e2c7] 13:55:17.313 [pool-6-thread-14] DEBUG c.h.p.o.d.StatefulSetResource - [helmupgr] Desired StatefulSet (1 replicas) for status STARTING (READY)
2025-01-29 13:55:17,356 INFO c.h.h.t.HelmChartContainer - [hivemq-test-hivemq-platform] [hivemq-platform-operator] [8c87e2c7] 13:55:17.354 [ReconcilerExecutor-hivemq-controller-110] INFO  c.h.p.o.HiveMQPlatformReconciler - [helmupgr] Reconciling HiveMQ Platform 'test-hivemq-platform' in namespace 'helmupgradeextensionit'
2025-01-29 13:55:17,356 INFO c.h.h.t.HelmChartContainer - [hivemq-test-hivemq-platform] [hivemq-platform-operator] [8c87e2c7] 13:55:17.354 [ReconcilerExecutor-hivemq-controller-110] DEBUG c.h.p.o.HiveMQPlatformReconciler - [helmupgr] Custom Resource Status STARTING - HiveMQ Platform is starting (READY)
2025-01-29 13:55:17,356 INFO c.h.h.t.HelmChartContainer - [hivemq-test-hivemq-platform] [hivemq-platform-operator] [8c87e2c7] 13:55:17.354 [ReconcilerExecutor-hivemq-controller-110] DEBUG c.h.p.o.HiveMQPlatformReconciler - [helmupgr] Custom Resource Spec (replicas: 1) (extensions: 1)
2025-01-29 13:55:17,361 INFO c.h.h.t.HelmChartContainer - [hivemq-test-hivemq-platform] [hivemq-platform-operator] [8c87e2c7] 13:55:17.358 [ReconcilerExecutor-hivemq-controller-110] DEBUG c.h.p.o.HiveMQPlatformReconciler - [helmupgr] StatefulSet Status (revision: test-hivemq-platform-5b6c7575b6, replicas: 1, available: 0, ready: 0, current: 1, updated: 1)
2025-01-29 13:55:17,361 INFO c.h.h.t.HelmChartContainer - [hivemq-test-hivemq-platform] [hivemq-platform-operator] [8c87e2c7] 13:55:17.358 [ReconcilerExecutor-hivemq-controller-110] DEBUG c.h.p.o.HiveMQPlatformReconciler - [helmupgr] StatefulSet Spec (replicas: 1, init containers: 1, containers: 1, volumes: 4)
2025-01-29 13:55:17,366 INFO c.h.h.t.HelmChartContainer - [hivemq-test-hivemq-platform] [hivemq-platform-operator] [8c87e2c7] 13:55:17.361 [ReconcilerExecutor-hivemq-controller-110] DEBUG c.h.p.o.h.HiveMQPlatformReconcilerErrorHandler - [helmupgr] Pod 'test-hivemq-platform-0' phase Running
2025-01-29 13:55:17,403 INFO c.h.h.t.HelmChartContainer - [hivemq-test-hivemq-platform] [hivemq-platform-operator] [8c87e2c7] 13:55:17.402 [ReconcilerExecutor-hivemq-controller-110] INFO  c.h.p.o.h.HiveMQPlatformReconcilerBaseHandler - [helmupgr] HiveMQ Platform is starting, 0 of 1 replicas are ready
2025-01-29 13:55:17,571 INFO c.h.h.t.HelmChartContainer - [test-hivemq-platform] [hivemq] [d5e1daec] INFO  - [HiveMQ Platform Operator Init 1.7.0-SNAPSHOT] HiveMQ Platform Operator Init 1.7.0-SNAPSHOT (commit: bebf408 on branch: HEAD) built on Sun Jan 26 20:47:47 UTC 2025
2025-01-29 13:55:18,676 INFO c.h.h.t.HelmChartContainer - [test-hivemq-platform] [hivemq] [d5e1daec] INFO  - [HiveMQ Platform Operator Init App 1.7.0-SNAPSHOT] Using bind address 10.42.0.6 from environment variable
2025-01-29 13:55:19,559 INFO c.h.h.t.HelmChartContainer - [test-hivemq-platform] [hivemq] [d5e1daec] INFO  - [HiveMQ Platform Operator Init App 1.7.0-SNAPSHOT] HiveMQ Platform Operator Init App 1.7.0-SNAPSHOT (commit: bebf408 on branch: HEAD) built on Sun Jan 26 20:47:47 UTC 2025
2025-01-29 13:55:19,559 INFO c.h.h.t.HelmChartContainer - [test-hivemq-platform] [hivemq] [d5e1daec] INFO  - [HiveMQ Platform Operator Init App 1.7.0-SNAPSHOT] PodInfo ConfigMap directory: /etc/podinfo
2025-01-29 13:55:19,559 INFO c.h.h.t.HelmChartContainer - [test-hivemq-platform] [hivemq] [d5e1daec] INFO  - [HiveMQ Platform Operator Init App 1.7.0-SNAPSHOT] HiveMQ home directory: /opt/hivemq
2025-01-29 13:55:19,559 INFO c.h.h.t.HelmChartContainer - [test-hivemq-platform] [hivemq] [d5e1daec] INFO  - [HiveMQ Platform Operator Init App 1.7.0-SNAPSHOT] HiveMQ Logback folder: /opt/hivemq/conf
2025-01-29 13:55:19,560 INFO c.h.h.t.HelmChartContainer - [test-hivemq-platform] [hivemq] [d5e1daec] INFO  - [HiveMQ Platform Operator Init App 1.7.0-SNAPSHOT] HiveMQ Config folder: /opt/hivemq/conf-k8s
2025-01-29 13:55:19,560 INFO c.h.h.t.HelmChartContainer - [test-hivemq-platform] [hivemq] [d5e1daec] INFO  - [HiveMQ Platform Operator Init App 1.7.0-SNAPSHOT] Starting HiveMQ Platform Operator Init App
2025-01-29 13:55:19,560 INFO c.h.h.t.HelmChartContainer - [test-hivemq-platform] [hivemq] [d5e1daec] INFO  - [HiveMQ Platform Operator Init App 1.7.0-SNAPSHOT] Starting Pod reconciler
2025-01-29 13:55:20,766 INFO c.h.h.t.HelmChartContainer - [test-hivemq-platform] [hivemq] [d5e1daec] INFO  - [HiveMQ Platform Operator Init App 1.7.0-SNAPSHOT] Pod reconciler is scheduled (interval: 5000 ms)
2025-01-29 13:55:20,767 INFO c.h.h.t.HelmChartContainer - [test-hivemq-platform] [hivemq] [d5e1daec] INFO  - [HiveMQ Platform Operator Init App 1.7.0-SNAPSHOT] Starting the REST API on 10.42.0.6:7979
2025-01-29 13:55:20,770 INFO c.h.h.t.HelmChartContainer - [test-hivemq-platform] [hivemq] [d5e1daec] INFO  - [HiveMQ Platform Operator Init App 1.7.0-SNAPSHOT] Waiting up to 600s for at most 1 HiveMQ nodes in cluster service hivemq-test-hivemq-platform-cluster.helmupgradeextensionit.svc
2025-01-29 13:55:21,078 INFO c.h.h.t.HelmChartContainer - [test-hivemq-platform] [hivemq] [d5e1daec] INFO  - [HiveMQ Platform Operator Init App 1.7.0-SNAPSHOT] Resolved 1 IP addresses: [10.42.0.6]
2025-01-29 13:55:21,078 INFO c.h.h.t.HelmChartContainer - [test-hivemq-platform] [hivemq] [d5e1daec] INFO  - [HiveMQ Platform Operator Init App 1.7.0-SNAPSHOT] HiveMQ node count of 1 is within threshold of 1
2025-01-29 13:55:21,078 INFO c.h.h.t.HelmChartContainer - [test-hivemq-platform] [hivemq] [d5e1daec] INFO  - [HiveMQ Platform Operator Init App 1.7.0-SNAPSHOT] Proceeding with container start
2025-01-29 13:55:21,174 INFO c.h.h.t.HelmChartContainer - [test-hivemq-platform] [hivemq] [d5e1daec] INFO  - [HiveMQ Platform Operator Init App 1.7.0-SNAPSHOT] Initializing HiveMQ Platform extensions with initial configuration: {hivemq-bridge-extension={start-priority=-1, skip-https-hostname-verification=false, restart=true, config-version=515, header-version=0, c-uri=, priority=-1, uri=preinstalled, skip-https-certificate-validation=false, enabled=true}, hivemq-prometheus-extension={skip-https-hostname-verification=false, c-uri=, start-priority=-1, priority=-1, restart=true, enabled=true, request-header-path=no-request-headers, uri=preinstalled, skip-https-certificate-validation=false}}
2025-01-29 13:55:21,669 INFO c.h.h.t.HelmChartContainer - [test-hivemq-platform] [hivemq] [d5e1daec] INFO  - [HiveMQ Platform Operator Init App 1.7.0-SNAPSHOT] Successfully enabled extension hivemq-bridge-extension
2025-01-29 13:55:21,670 INFO c.h.h.testcontainer.LogWaiterUtil - TEST Found log pattern on 'test-hivemq-platform-0': .*\[HiveMQ Platform Operator Init App [A-Z0-9.-]+\] Successfully enabled extension hivemq-bridge-extension
2025-01-29 13:55:21,680 INFO c.h.h.t.HelmChartContainer - [test-hivemq-platform] [hivemq] [d5e1daec] INFO  - [HiveMQ Platform Operator Init App 1.7.0-SNAPSHOT] Successfully enabled extension hivemq-prometheus-extension
2025-01-29 13:55:21,682 INFO c.h.h.t.HelmChartContainer - [test-hivemq-platform] [hivemq] [d5e1daec] INFO  - [HiveMQ Platform Operator Init App 1.7.0-SNAPSHOT] Starting HiveMQ Platform version 4.36.0 (4.36.0)
2025-01-29 13:55:21,682 INFO c.h.h.t.HelmChartContainer - [test-hivemq-platform] [hivemq] [d5e1daec] INFO  - [HiveMQ Platform Operator Init App 1.7.0-SNAPSHOT] Configuring the HiveMQ Platform
2025-01-29 13:55:21,768 INFO c.h.h.t.HelmChartContainer - [test-hivemq-platform] [hivemq] [d5e1daec] INFO  - [HiveMQ Platform Operator Init App 1.7.0-SNAPSHOT] Changed logback.xml file scan period to 20 seconds
2025-01-29 13:55:21,863 INFO c.h.h.t.HelmChartContainer - [test-hivemq-platform] [hivemq] [d5e1daec] INFO  - [HiveMQ Platform Operator Init App 1.7.0-SNAPSHOT] Starting the HiveMQ Platform
2025-01-29 13:55:21,868 INFO c.h.h.t.HelmChartContainer - [test-hivemq-platform] [hivemq] [d5e1daec] -------------------------------------------------------------------------
2025-01-29 13:55:21,868 INFO c.h.h.t.HelmChartContainer - [test-hivemq-platform] [hivemq] [d5e1daec] 
2025-01-29 13:55:21,868 INFO c.h.h.t.HelmChartContainer - [test-hivemq-platform] [hivemq] [d5e1daec]                   _    _  _              __  __   ____
2025-01-29 13:55:21,868 INFO c.h.h.t.HelmChartContainer - [test-hivemq-platform] [hivemq] [d5e1daec]                  | |  | |(_)            |  \/  | / __ \
2025-01-29 13:55:21,868 INFO c.h.h.t.HelmChartContainer - [test-hivemq-platform] [hivemq] [d5e1daec]                  | |__| | _ __   __ ___ | \  / || |  | |
2025-01-29 13:55:21,868 INFO c.h.h.t.HelmChartContainer - [test-hivemq-platform] [hivemq] [d5e1daec]                  |  __  || |\ \ / // _ \| |\/| || |  | |
2025-01-29 13:55:21,868 INFO c.h.h.t.HelmChartContainer - [test-hivemq-platform] [hivemq] [d5e1daec]                  | |  | || | \ V /|  __/| |  | || |__| |
2025-01-29 13:55:21,868 INFO c.h.h.t.HelmChartContainer - [test-hivemq-platform] [hivemq] [d5e1daec]                  |_|  |_||_|  \_/  \___||_|  |_| \___\_\
2025-01-29 13:55:21,868 INFO c.h.h.t.HelmChartContainer - [test-hivemq-platform] [hivemq] [d5e1daec] 
2025-01-29 13:55:21,868 INFO c.h.h.t.HelmChartContainer - [test-hivemq-platform] [hivemq] [d5e1daec] -------------------------------------------------------------------------
2025-01-29 13:55:21,868 INFO c.h.h.t.HelmChartContainer - [test-hivemq-platform] [hivemq] [d5e1daec] 
2025-01-29 13:55:21,868 INFO c.h.h.t.HelmChartContainer - [test-hivemq-platform] [hivemq] [d5e1daec]   HiveMQ Start Script for Linux/Unix v1.14
2025-01-29 13:55:21,868 INFO c.h.h.t.HelmChartContainer - [test-hivemq-platform] [hivemq] [d5e1daec] 
2025-01-29 13:55:21,963 INFO c.h.h.t.HelmChartContainer - [test-hivemq-platform] [hivemq] [d5e1daec] -------------------------------------------------------------------------
2025-01-29 13:55:21,963 INFO c.h.h.t.HelmChartContainer - [test-hivemq-platform] [hivemq] [d5e1daec] 
2025-01-29 13:55:21,963 INFO c.h.h.t.HelmChartContainer - [test-hivemq-platform] [hivemq] [d5e1daec]   HIVEMQ_HOME: /opt/hivemq
2025-01-29 13:55:21,963 INFO c.h.h.t.HelmChartContainer - [test-hivemq-platform] [hivemq] [d5e1daec] 
2025-01-29 13:55:21,964 INFO c.h.h.t.HelmChartContainer - [test-hivemq-platform] [hivemq] [d5e1daec]   JAVA_OPTS: -XX:+UnlockExperimentalVMOptions -XX:InitialRAMPercentage=50 -XX:MaxRAMPercentage=50 -Djava.net.preferIPv4Stack=true --add-opens java.base/java.lang=ALL-UNNAMED --add-opens java.base/java.nio=ALL-UNNAMED --add-opens java.base/sun.nio.ch=ALL-UNNAMED --add-opens jdk.management/com.sun.management.internal=ALL-UNNAMED --add-exports java.base/jdk.internal.misc=ALL-UNNAMED -Djava.security.egd=file:/dev/./urandom -Dcom.sun.management.jmxremote -Dcom.sun.management.jmxremote.port=9010 -Dcom.sun.management.jmxremote.local.only=false -Dcom.sun.management.jmxremote.authenticate=false -Dcom.sun.management.jmxremote.ssl=false -Duser.language=en -Duser.region=US -XX:+CrashOnOutOfMemoryError -XX:+HeapDumpOnOutOfMemoryError
2025-01-29 13:55:21,964 INFO c.h.h.t.HelmChartContainer - [test-hivemq-platform] [hivemq] [d5e1daec] 
2025-01-29 13:55:21,964 INFO c.h.h.t.HelmChartContainer - [test-hivemq-platform] [hivemq] [d5e1daec]   JAVA_VERSION: 21
2025-01-29 13:55:21,964 INFO c.h.h.t.HelmChartContainer - [test-hivemq-platform] [hivemq] [d5e1daec] 
2025-01-29 13:55:21,964 INFO c.h.h.t.HelmChartContainer - [test-hivemq-platform] [hivemq] [d5e1daec] -------------------------------------------------------------------------
2025-01-29 13:55:21,964 INFO c.h.h.t.HelmChartContainer - [test-hivemq-platform] [hivemq] [d5e1daec] 
2025-01-29 13:55:23,360 INFO c.h.h.t.HelmChartContainer - [test-hivemq-platform] [hivemq] [d5e1daec] INFO  - [HiveMQ Platform Operator Init App 1.7.0-SNAPSHOT] Returning default Health API response 503 for readiness
2025-01-29 13:55:23,675 INFO c.h.h.t.HelmChartContainer - [EVENT] Warning [Unhealthy] Readiness probe failed: HTTP probe failed with statuscode: 503 [helmupgradeextensionit:test-hivemq-platform-0]
2025-01-29 13:55:23,675 INFO c.h.h.t.HelmChartContainer - Received Unhealthy event for container hivemq in pod test-hivemq-platform-0 [d5e1daec-53c9-4281-880f-723fdbba83d8]
2025-01-29 13:55:24,558 INFO c.h.h.t.HelmChartContainer - [test-hivemq-platform] [hivemq] [d5e1daec] INFO  - Starting HiveMQ Enterprise Server
2025-01-29 13:55:24,564 INFO c.h.h.t.HelmChartContainer - [test-hivemq-platform] [hivemq] [d5e1daec] INFO  - HiveMQ version: 4.36.0
2025-01-29 13:55:24,564 INFO c.h.h.t.HelmChartContainer - [test-hivemq-platform] [hivemq] [d5e1daec] INFO  - HiveMQ home directory: /opt/hivemq
2025-01-29 13:55:24,565 INFO c.h.h.t.HelmChartContainer - [test-hivemq-platform] [hivemq] [d5e1daec] INFO  - Log Configuration was overridden by /opt/hivemq/conf/logback.xml
2025-01-29 13:55:25,773 INFO c.h.h.t.HelmChartContainer - [test-hivemq-platform] [hivemq] [d5e1daec] INFO  - Successfully loaded configuration from '/opt/hivemq/conf-k8s/config.xml'.
2025-01-29 13:55:26,466 INFO c.h.h.t.HelmChartContainer - [test-hivemq-platform] [hivemq] [d5e1daec] INFO  - This node's ID is oNHhq
2025-01-29 13:55:26,467 INFO c.h.h.t.HelmChartContainer - [test-hivemq-platform] [hivemq] [d5e1daec] INFO  - Clustering is enabled
2025-01-29 13:55:27,410 INFO c.h.h.t.HelmChartContainer - [hivemq-test-hivemq-platform] [hivemq-platform-operator] [8c87e2c7] 13:55:27.406 [pool-6-thread-25] DEBUG c.h.p.o.d.PlatformServiceResource - [helmupgr] Desired Platform services (3 services)
2025-01-29 13:55:27,410 INFO c.h.h.t.HelmChartContainer - [hivemq-test-hivemq-platform] [hivemq-platform-operator] [8c87e2c7] 13:55:27.409 [pool-6-thread-28] DEBUG c.h.p.o.d.PodServiceAccountResource - [helmupgr] Desired PodServiceAccountResource (serviceAccountName: hivemq-platform-pod-test-hivemq-platform)
2025-01-29 13:55:27,411 INFO c.h.h.t.HelmChartContainer - [hivemq-test-hivemq-platform] [hivemq-platform-operator] [8c87e2c7] 13:55:27.409 [pool-6-thread-26] DEBUG c.h.p.o.dependants.PodInfoConfigMap - [helmupgr] Desired PodInfo ConfigMap (1 extensions) (1 enabled)
2025-01-29 13:55:27,411 INFO c.h.h.t.HelmChartContainer - [hivemq-test-hivemq-platform] [hivemq-platform-operator] [8c87e2c7] 13:55:27.409 [pool-6-thread-26] DEBUG c.h.p.o.dependants.PodInfoConfigMap - [helmupgr] Desired PodInfo ConfigMap (metrics port: 9399) (metrics path: /)
2025-01-29 13:55:27,411 INFO c.h.h.t.HelmChartContainer - [hivemq-test-hivemq-platform] [hivemq-platform-operator] [8c87e2c7] 13:55:27.409 [pool-6-thread-26] DEBUG c.h.p.o.dependants.PodInfoConfigMap - [helmupgr] Desired PodInfo ConfigMap (extension state hash: -1817869294)
2025-01-29 13:55:27,415 INFO c.h.h.t.HelmChartContainer - [hivemq-test-hivemq-platform] [hivemq-platform-operator] [8c87e2c7] 13:55:27.414 [pool-6-thread-25] DEBUG c.h.p.o.d.StatefulSetResource - [helmupgr] Desired StatefulSet (1 replicas) for status STARTING (READY)
2025-01-29 13:55:27,422 INFO c.h.h.t.HelmChartContainer - [hivemq-test-hivemq-platform] [hivemq-platform-operator] [8c87e2c7] 13:55:27.419 [ReconcilerExecutor-hivemq-controller-111] INFO  c.h.p.o.HiveMQPlatformReconciler - [helmupgr] Reconciling HiveMQ Platform 'test-hivemq-platform' in namespace 'helmupgradeextensionit'
2025-01-29 13:55:27,422 INFO c.h.h.t.HelmChartContainer - [hivemq-test-hivemq-platform] [hivemq-platform-operator] [8c87e2c7] 13:55:27.419 [ReconcilerExecutor-hivemq-controller-111] DEBUG c.h.p.o.HiveMQPlatformReconciler - [helmupgr] Custom Resource Status STARTING - HiveMQ Platform is starting (READY)
2025-01-29 13:55:27,423 INFO c.h.h.t.HelmChartContainer - [hivemq-test-hivemq-platform] [hivemq-platform-operator] [8c87e2c7] 13:55:27.420 [ReconcilerExecutor-hivemq-controller-111] DEBUG c.h.p.o.HiveMQPlatformReconciler - [helmupgr] Custom Resource Spec (replicas: 1) (extensions: 1)
2025-01-29 13:55:27,505 INFO c.h.h.t.HelmChartContainer - [hivemq-test-hivemq-platform] [hivemq-platform-operator] [8c87e2c7] 13:55:27.503 [ReconcilerExecutor-hivemq-controller-111] DEBUG c.h.p.o.HiveMQPlatformReconciler - [helmupgr] StatefulSet Status (revision: test-hivemq-platform-5b6c7575b6, replicas: 1, available: 0, ready: 0, current: 1, updated: 1)
2025-01-29 13:55:27,505 INFO c.h.h.t.HelmChartContainer - [hivemq-test-hivemq-platform] [hivemq-platform-operator] [8c87e2c7] 13:55:27.504 [ReconcilerExecutor-hivemq-controller-111] DEBUG c.h.p.o.HiveMQPlatformReconciler - [helmupgr] StatefulSet Spec (replicas: 1, init containers: 1, containers: 1, volumes: 4)
2025-01-29 13:55:27,507 INFO c.h.h.t.HelmChartContainer - [hivemq-test-hivemq-platform] [hivemq-platform-operator] [8c87e2c7] 13:55:27.505 [ReconcilerExecutor-hivemq-controller-111] DEBUG c.h.p.o.h.HiveMQPlatformReconcilerErrorHandler - [helmupgr] Pod 'test-hivemq-platform-0' phase Running
2025-01-29 13:55:27,507 INFO c.h.h.t.HelmChartContainer - [hivemq-test-hivemq-platform] [hivemq-platform-operator] [8c87e2c7] 13:55:27.506 [ReconcilerExecutor-hivemq-controller-111] INFO  c.h.p.o.h.HiveMQPlatformReconcilerBaseHandler - [helmupgr] HiveMQ Platform is starting, 0 of 1 replicas are ready
2025-01-29 13:55:28,761 INFO c.h.h.t.HelmChartContainer - [test-hivemq-platform] [hivemq] [d5e1daec] WARN  - [HiveMQ Platform Operator Init App 1.7.0-SNAPSHOT] Cannot connect to Health API for readiness: null
2025-01-29 13:55:28,774 INFO c.h.h.t.HelmChartContainer - [EVENT] Warning [Unhealthy] Readiness probe failed: HTTP probe failed with statuscode: 503 [helmupgradeextensionit:test-hivemq-platform-0]
2025-01-29 13:55:28,774 INFO c.h.h.t.HelmChartContainer - Received Unhealthy event for container hivemq in pod test-hivemq-platform-0 [d5e1daec-53c9-4281-880f-723fdbba83d8]
2025-01-29 13:55:31,059 INFO c.h.h.t.HelmChartContainer - [test-hivemq-platform] [hivemq] [d5e1daec] Jan 29, 2025 1:55:30 PM io.vertx.core.impl.BlockedThreadChecker
2025-01-29 13:55:31,060 INFO c.h.h.t.HelmChartContainer - [test-hivemq-platform] [hivemq] [d5e1daec] WARNING: Thread Thread[vert.x-eventloop-thread-1,5,main] has been blocked for 2289 ms, time limit is 2000 ms
2025-01-29 13:55:31,963 INFO c.h.h.t.HelmChartContainer - [test-hivemq-platform] [hivemq] [d5e1daec] Jan 29, 2025 1:55:31 PM io.vertx.core.impl.BlockedThreadChecker
2025-01-29 13:55:31,963 INFO c.h.h.t.HelmChartContainer - [test-hivemq-platform] [hivemq] [d5e1daec] WARNING: Thread Thread[vert.x-eventloop-thread-1,5,main] has been blocked for 3290 ms, time limit is 2000 ms
2025-01-29 13:55:32,059 INFO c.h.h.t.HelmChartContainer - [test-hivemq-platform] [hivemq] [d5e1daec] INFO  - [HiveMQ Platform Operator Init App 1.7.0-SNAPSHOT] Updating Pod HiveMQ Platform Operator Init App version annotation (version: 1.7.0-SNAPSHOT)
2025-01-29 13:55:32,570 INFO c.h.h.t.HelmChartContainer - [POD] test-hivemq-platform-0 [d5e1daec-53c9-4281-880f-723fdbba83d8] in helmupgradeextensionit was MODIFIED
2025-01-29 13:55:32,573 INFO c.h.h.t.HelmChartContainer - [test-hivemq-platform] [hivemq] [d5e1daec] WARN  - [HiveMQ Platform Operator Init App 1.7.0-SNAPSHOT] Cannot connect to Health API for readiness: null
2025-01-29 13:55:32,583 INFO c.h.h.t.HelmChartContainer - [EVENT] Warning [Unhealthy] Readiness probe failed: HTTP probe failed with statuscode: 503 [helmupgradeextensionit:test-hivemq-platform-0]
2025-01-29 13:55:32,584 INFO c.h.h.t.HelmChartContainer - [hivemq-test-hivemq-platform] [hivemq-platform-operator] [8c87e2c7] 13:55:32.582 [pool-6-thread-33] DEBUG c.h.p.o.d.PlatformServiceResource - [helmupgr] Desired Platform services (3 services)
2025-01-29 13:55:32,585 INFO c.h.h.t.HelmChartContainer - [hivemq-test-hivemq-platform] [hivemq-platform-operator] [8c87e2c7] 13:55:32.584 [pool-6-thread-32] DEBUG c.h.p.o.dependants.PodInfoConfigMap - [helmupgr] Desired PodInfo ConfigMap (1 extensions) (1 enabled)
2025-01-29 13:55:32,585 INFO c.h.h.t.HelmChartContainer - Received Unhealthy event for container hivemq in pod test-hivemq-platform-0 [d5e1daec-53c9-4281-880f-723fdbba83d8]
2025-01-29 13:55:32,586 INFO c.h.h.t.HelmChartContainer - [hivemq-test-hivemq-platform] [hivemq-platform-operator] [8c87e2c7] 13:55:32.584 [pool-6-thread-32] DEBUG c.h.p.o.dependants.PodInfoConfigMap - [helmupgr] Desired PodInfo ConfigMap (metrics port: 9399) (metrics path: /)
2025-01-29 13:55:32,586 INFO c.h.h.t.HelmChartContainer - [hivemq-test-hivemq-platform] [hivemq-platform-operator] [8c87e2c7] 13:55:32.584 [pool-6-thread-32] DEBUG c.h.p.o.dependants.PodInfoConfigMap - [helmupgr] Desired PodInfo ConfigMap (extension state hash: -1817869294)
2025-01-29 13:55:32,588 INFO c.h.h.t.HelmChartContainer - [hivemq-test-hivemq-platform] [hivemq-platform-operator] [8c87e2c7] 13:55:32.586 [pool-6-thread-37] DEBUG c.h.p.o.d.PodServiceAccountResource - [helmupgr] Desired PodServiceAccountResource (serviceAccountName: hivemq-platform-pod-test-hivemq-platform)
2025-01-29 13:55:32,592 INFO c.h.h.t.HelmChartContainer - [hivemq-test-hivemq-platform] [hivemq-platform-operator] [8c87e2c7] 13:55:32.591 [pool-6-thread-33] DEBUG c.h.p.o.d.StatefulSetResource - [helmupgr] Desired StatefulSet (1 replicas) for status STARTING (READY)
2025-01-29 13:55:32,597 INFO c.h.h.t.HelmChartContainer - [hivemq-test-hivemq-platform] [hivemq-platform-operator] [8c87e2c7] 13:55:32.596 [ReconcilerExecutor-hivemq-controller-112] INFO  c.h.p.o.HiveMQPlatformReconciler - [helmupgr] Reconciling HiveMQ Platform 'test-hivemq-platform' in namespace 'helmupgradeextensionit'
2025-01-29 13:55:32,598 INFO c.h.h.t.HelmChartContainer - [hivemq-test-hivemq-platform] [hivemq-platform-operator] [8c87e2c7] 13:55:32.596 [ReconcilerExecutor-hivemq-controller-112] DEBUG c.h.p.o.HiveMQPlatformReconciler - [helmupgr] Custom Resource Status STARTING - HiveMQ Platform is starting (READY)
2025-01-29 13:55:32,598 INFO c.h.h.t.HelmChartContainer - [hivemq-test-hivemq-platform] [hivemq-platform-operator] [8c87e2c7] 13:55:32.596 [ReconcilerExecutor-hivemq-controller-112] DEBUG c.h.p.o.HiveMQPlatformReconciler - [helmupgr] Custom Resource Spec (replicas: 1) (extensions: 1)
2025-01-29 13:55:32,653 INFO c.h.h.t.HelmChartContainer - [hivemq-test-hivemq-platform] [hivemq-platform-operator] [8c87e2c7] 13:55:32.650 [ReconcilerExecutor-hivemq-controller-112] DEBUG c.h.p.o.HiveMQPlatformReconciler - [helmupgr] StatefulSet Status (revision: test-hivemq-platform-5b6c7575b6, replicas: 1, available: 0, ready: 0, current: 1, updated: 1)
2025-01-29 13:55:32,653 INFO c.h.h.t.HelmChartContainer - [hivemq-test-hivemq-platform] [hivemq-platform-operator] [8c87e2c7] 13:55:32.651 [ReconcilerExecutor-hivemq-controller-112] DEBUG c.h.p.o.HiveMQPlatformReconciler - [helmupgr] StatefulSet Spec (replicas: 1, init containers: 1, containers: 1, volumes: 4)
2025-01-29 13:55:32,654 INFO c.h.h.t.HelmChartContainer - [hivemq-test-hivemq-platform] [hivemq-platform-operator] [8c87e2c7] 13:55:32.652 [ReconcilerExecutor-hivemq-controller-112] DEBUG c.h.p.o.h.HiveMQPlatformReconcilerErrorHandler - [helmupgr] Pod 'test-hivemq-platform-0' phase Running
2025-01-29 13:55:32,654 INFO c.h.h.t.HelmChartContainer - [hivemq-test-hivemq-platform] [hivemq-platform-operator] [8c87e2c7] 13:55:32.653 [ReconcilerExecutor-hivemq-controller-112] INFO  c.h.p.o.h.HiveMQPlatformReconcilerBaseHandler - [helmupgr] HiveMQ Platform is starting, 0 of 1 replicas are ready
2025-01-29 13:55:32,663 INFO c.h.h.t.HelmChartContainer - [test-hivemq-platform] [hivemq] [d5e1daec] INFO  - [HiveMQ Platform Operator Init App 1.7.0-SNAPSHOT] Successfully updated Pod HiveMQ Platform Operator Init App version annotation (version: 1.7.0-SNAPSHOT)
2025-01-29 13:55:37,572 INFO c.h.h.t.HelmChartContainer - [test-hivemq-platform] [hivemq] [d5e1daec] WARN  - [HiveMQ Platform Operator Init App 1.7.0-SNAPSHOT] Cannot connect to Health API for readiness: null
2025-01-29 13:55:37,577 INFO c.h.h.t.HelmChartContainer - [EVENT] Warning [Unhealthy] Readiness probe failed: HTTP probe failed with statuscode: 503 [helmupgradeextensionit:test-hivemq-platform-0]
2025-01-29 13:55:37,578 INFO c.h.h.t.HelmChartContainer - Received Unhealthy event for container hivemq in pod test-hivemq-platform-0 [d5e1daec-53c9-4281-880f-723fdbba83d8]
2025-01-29 13:55:42,573 INFO c.h.h.t.HelmChartContainer - [test-hivemq-platform] [hivemq] [d5e1daec] WARN  - [HiveMQ Platform Operator Init App 1.7.0-SNAPSHOT] Cannot connect to Health API for readiness: null
2025-01-29 13:55:42,576 INFO c.h.h.t.HelmChartContainer - [EVENT] Warning [Unhealthy] Readiness probe failed: HTTP probe failed with statuscode: 503 [helmupgradeextensionit:test-hivemq-platform-0]
2025-01-29 13:55:42,576 INFO c.h.h.t.HelmChartContainer - Received Unhealthy event for container hivemq in pod test-hivemq-platform-0 [d5e1daec-53c9-4281-880f-723fdbba83d8]
2025-01-29 13:55:42,657 INFO c.h.h.t.HelmChartContainer - [hivemq-test-hivemq-platform] [hivemq-platform-operator] [8c87e2c7] 13:55:42.656 [pool-6-thread-42] DEBUG c.h.p.o.d.PlatformServiceResource - [helmupgr] Desired Platform services (3 services)
2025-01-29 13:55:42,661 INFO c.h.h.t.HelmChartContainer - [hivemq-test-hivemq-platform] [hivemq-platform-operator] [8c87e2c7] 13:55:42.660 [pool-6-thread-41] DEBUG c.h.p.o.dependants.PodInfoConfigMap - [helmupgr] Desired PodInfo ConfigMap (1 extensions) (1 enabled)
2025-01-29 13:55:42,661 INFO c.h.h.t.HelmChartContainer - [hivemq-test-hivemq-platform] [hivemq-platform-operator] [8c87e2c7] 13:55:42.660 [pool-6-thread-41] DEBUG c.h.p.o.dependants.PodInfoConfigMap - [helmupgr] Desired PodInfo ConfigMap (metrics port: 9399) (metrics path: /)
2025-01-29 13:55:42,664 INFO c.h.h.t.HelmChartContainer - [hivemq-test-hivemq-platform] [hivemq-platform-operator] [8c87e2c7] 13:55:42.660 [pool-6-thread-49] DEBUG c.h.p.o.d.PodServiceAccountResource - [helmupgr] Desired PodServiceAccountResource (serviceAccountName: hivemq-platform-pod-test-hivemq-platform)
2025-01-29 13:55:42,666 INFO c.h.h.t.HelmChartContainer - [hivemq-test-hivemq-platform] [hivemq-platform-operator] [8c87e2c7] 13:55:42.660 [pool-6-thread-41] DEBUG c.h.p.o.dependants.PodInfoConfigMap - [helmupgr] Desired PodInfo ConfigMap (extension state hash: -1817869294)
2025-01-29 13:55:42,667 INFO c.h.h.t.HelmChartContainer - [hivemq-test-hivemq-platform] [hivemq-platform-operator] [8c87e2c7] 13:55:42.667 [pool-6-thread-41] DEBUG c.h.p.o.d.StatefulSetResource - [helmupgr] Desired StatefulSet (1 replicas) for status STARTING (READY)
2025-01-29 13:55:42,677 INFO c.h.h.t.HelmChartContainer - [hivemq-test-hivemq-platform] [hivemq-platform-operator] [8c87e2c7] 13:55:42.677 [ReconcilerExecutor-hivemq-controller-113] INFO  c.h.p.o.HiveMQPlatformReconciler - [helmupgr] Reconciling HiveMQ Platform 'test-hivemq-platform' in namespace 'helmupgradeextensionit'
2025-01-29 13:55:42,681 INFO c.h.h.t.HelmChartContainer - [hivemq-test-hivemq-platform] [hivemq-platform-operator] [8c87e2c7] 13:55:42.678 [ReconcilerExecutor-hivemq-controller-113] DEBUG c.h.p.o.HiveMQPlatformReconciler - [helmupgr] Custom Resource Status STARTING - HiveMQ Platform is starting (READY)
2025-01-29 13:55:42,683 INFO c.h.h.t.HelmChartContainer - [hivemq-test-hivemq-platform] [hivemq-platform-operator] [8c87e2c7] 13:55:42.679 [ReconcilerExecutor-hivemq-controller-113] DEBUG c.h.p.o.HiveMQPlatformReconciler - [helmupgr] Custom Resource Spec (replicas: 1) (extensions: 1)
2025-01-29 13:55:42,752 INFO c.h.h.t.HelmChartContainer - [hivemq-test-hivemq-platform] [hivemq-platform-operator] [8c87e2c7] 13:55:42.750 [ReconcilerExecutor-hivemq-controller-113] DEBUG c.h.p.o.HiveMQPlatformReconciler - [helmupgr] StatefulSet Status (revision: test-hivemq-platform-5b6c7575b6, replicas: 1, available: 0, ready: 0, current: 1, updated: 1)
2025-01-29 13:55:42,753 INFO c.h.h.t.HelmChartContainer - [hivemq-test-hivemq-platform] [hivemq-platform-operator] [8c87e2c7] 13:55:42.750 [ReconcilerExecutor-hivemq-controller-113] DEBUG c.h.p.o.HiveMQPlatformReconciler - [helmupgr] StatefulSet Spec (replicas: 1, init containers: 1, containers: 1, volumes: 4)
2025-01-29 13:55:42,755 INFO c.h.h.t.HelmChartContainer - [hivemq-test-hivemq-platform] [hivemq-platform-operator] [8c87e2c7] 13:55:42.753 [ReconcilerExecutor-hivemq-controller-113] DEBUG c.h.p.o.h.HiveMQPlatformReconcilerErrorHandler - [helmupgr] Pod 'test-hivemq-platform-0' phase Running
2025-01-29 13:55:42,755 INFO c.h.h.t.HelmChartContainer - [hivemq-test-hivemq-platform] [hivemq-platform-operator] [8c87e2c7] 13:55:42.754 [ReconcilerExecutor-hivemq-controller-113] INFO  c.h.p.o.h.HiveMQPlatformReconcilerBaseHandler - [helmupgr] HiveMQ Platform is starting, 0 of 1 replicas are ready
2025-01-29 13:55:44,062 INFO c.h.h.t.HelmChartContainer - [test-hivemq-platform] [hivemq] [d5e1daec] INFO  - No valid license file found. Using trial license, restricted to 25 connections.
2025-01-29 13:55:45,059 INFO c.h.h.t.HelmChartContainer - [test-hivemq-platform] [hivemq] [d5e1daec] WARN  - [HiveMQ Platform Operator Init App 1.7.0-SNAPSHOT] Cannot connect to Health API for liveness: null
2025-01-29 13:55:45,059 INFO c.h.h.t.HelmChartContainer - [test-hivemq-platform] [hivemq] [d5e1daec] INFO  - [HiveMQ Platform Operator Init App 1.7.0-SNAPSHOT] Returning default Health API response 200 for liveness
2025-01-29 13:55:47,461 INFO c.h.h.t.HelmChartContainer - [test-hivemq-platform] [hivemq] [d5e1daec] INFO  - No valid license file for Data Hub found. Using free license, restricted to 1 policy.
2025-01-29 13:55:47,660 INFO c.h.h.t.HelmChartContainer - [test-hivemq-platform] [hivemq] [d5e1daec] WARN  - [HiveMQ Platform Operator Init App 1.7.0-SNAPSHOT] Cannot connect to Health API for readiness: null
2025-01-29 13:55:47,670 INFO c.h.h.t.HelmChartContainer - [EVENT] Warning [Unhealthy] Readiness probe failed: HTTP probe failed with statuscode: 503 [helmupgradeextensionit:test-hivemq-platform-0]
2025-01-29 13:55:47,670 INFO c.h.h.t.HelmChartContainer - Received Unhealthy event for container hivemq in pod test-hivemq-platform-0 [d5e1daec-53c9-4281-880f-723fdbba83d8]
2025-01-29 13:55:48,773 INFO c.h.h.t.HelmChartContainer - [test-hivemq-platform] [hivemq] [d5e1daec] INFO  - Audit Logger started.
2025-01-29 13:55:49,088 INFO c.h.h.t.HelmChartContainer - [test-hivemq-platform] [hivemq] [d5e1daec] INFO  - This node uses '1' CPU cores.
2025-01-29 13:55:49,094 INFO c.h.h.t.HelmChartContainer - [test-hivemq-platform] [hivemq] [d5e1daec] INFO  - Starting HiveMQ Health API on address 0.0.0.0 and port 8889
2025-01-29 13:55:50,057 INFO c.h.h.t.HelmChartContainer - [test-hivemq-platform] [hivemq] [d5e1daec] INFO  - Started HiveMQ Health API in 962ms
2025-01-29 13:55:50,680 INFO c.h.h.t.HelmChartContainer - [test-hivemq-platform] [hivemq] [d5e1daec] INFO  - Starting HiveMQ extension system.
2025-01-29 13:55:52,562 INFO c.h.h.t.HelmChartContainer - [test-hivemq-platform] [hivemq] [d5e1daec] INFO  - No license found for enterprise extension with name "HiveMQ Enterprise Bridge Extension". Entering extension trial mode. "HiveMQ Enterprise Bridge Extension" will be disabled in 5 hours.
2025-01-29 13:55:52,763 INFO c.h.h.t.HelmChartContainer - [hivemq-test-hivemq-platform] [hivemq-platform-operator] [8c87e2c7] 13:55:52.761 [pool-6-thread-4] DEBUG c.h.p.o.d.PlatformServiceResource - [helmupgr] Desired Platform services (3 services)
2025-01-29 13:55:52,765 INFO c.h.h.t.HelmChartContainer - [hivemq-test-hivemq-platform] [hivemq-platform-operator] [8c87e2c7] 13:55:52.764 [pool-6-thread-1] DEBUG c.h.p.o.dependants.PodInfoConfigMap - [helmupgr] Desired PodInfo ConfigMap (1 extensions) (1 enabled)
2025-01-29 13:55:52,766 INFO c.h.h.t.HelmChartContainer - [hivemq-test-hivemq-platform] [hivemq-platform-operator] [8c87e2c7] 13:55:52.765 [pool-6-thread-2] DEBUG c.h.p.o.d.PodServiceAccountResource - [helmupgr] Desired PodServiceAccountResource (serviceAccountName: hivemq-platform-pod-test-hivemq-platform)
2025-01-29 13:55:52,768 INFO c.h.h.t.HelmChartContainer - [hivemq-test-hivemq-platform] [hivemq-platform-operator] [8c87e2c7] 13:55:52.764 [pool-6-thread-1] DEBUG c.h.p.o.dependants.PodInfoConfigMap - [helmupgr] Desired PodInfo ConfigMap (metrics port: 9399) (metrics path: /)
2025-01-29 13:55:52,770 INFO c.h.h.t.HelmChartContainer - [hivemq-test-hivemq-platform] [hivemq-platform-operator] [8c87e2c7] 13:55:52.767 [pool-6-thread-1] DEBUG c.h.p.o.dependants.PodInfoConfigMap - [helmupgr] Desired PodInfo ConfigMap (extension state hash: -1817869294)
2025-01-29 13:55:52,776 INFO c.h.h.t.HelmChartContainer - [hivemq-test-hivemq-platform] [hivemq-platform-operator] [8c87e2c7] 13:55:52.772 [pool-6-thread-9] DEBUG c.h.p.o.d.StatefulSetResource - [helmupgr] Desired StatefulSet (1 replicas) for status STARTING (READY)
2025-01-29 13:55:52,783 INFO c.h.h.t.HelmChartContainer - [hivemq-test-hivemq-platform] [hivemq-platform-operator] [8c87e2c7] 13:55:52.778 [ReconcilerExecutor-hivemq-controller-114] INFO  c.h.p.o.HiveMQPlatformReconciler - [helmupgr] Reconciling HiveMQ Platform 'test-hivemq-platform' in namespace 'helmupgradeextensionit'
2025-01-29 13:55:52,784 INFO c.h.h.t.HelmChartContainer - [hivemq-test-hivemq-platform] [hivemq-platform-operator] [8c87e2c7] 13:55:52.778 [ReconcilerExecutor-hivemq-controller-114] DEBUG c.h.p.o.HiveMQPlatformReconciler - [helmupgr] Custom Resource Status STARTING - HiveMQ Platform is starting (READY)
2025-01-29 13:55:52,784 INFO c.h.h.t.HelmChartContainer - [hivemq-test-hivemq-platform] [hivemq-platform-operator] [8c87e2c7] 13:55:52.778 [ReconcilerExecutor-hivemq-controller-114] DEBUG c.h.p.o.HiveMQPlatformReconciler - [helmupgr] Custom Resource Spec (replicas: 1) (extensions: 1)
2025-01-29 13:55:52,784 INFO c.h.h.t.HelmChartContainer - [hivemq-test-hivemq-platform] [hivemq-platform-operator] [8c87e2c7] 13:55:52.780 [ReconcilerExecutor-hivemq-controller-114] DEBUG c.h.p.o.HiveMQPlatformReconciler - [helmupgr] StatefulSet Status (revision: test-hivemq-platform-5b6c7575b6, replicas: 1, available: 0, ready: 0, current: 1, updated: 1)
2025-01-29 13:55:52,784 INFO c.h.h.t.HelmChartContainer - [hivemq-test-hivemq-platform] [hivemq-platform-operator] [8c87e2c7] 13:55:52.780 [ReconcilerExecutor-hivemq-controller-114] DEBUG c.h.p.o.HiveMQPlatformReconciler - [helmupgr] StatefulSet Spec (replicas: 1, init containers: 1, containers: 1, volumes: 4)
2025-01-29 13:55:52,784 INFO c.h.h.t.HelmChartContainer - [hivemq-test-hivemq-platform] [hivemq-platform-operator] [8c87e2c7] 13:55:52.781 [ReconcilerExecutor-hivemq-controller-114] DEBUG c.h.p.o.h.HiveMQPlatformReconcilerErrorHandler - [helmupgr] Pod 'test-hivemq-platform-0' phase Running
2025-01-29 13:55:52,785 INFO c.h.h.t.HelmChartContainer - [hivemq-test-hivemq-platform] [hivemq-platform-operator] [8c87e2c7] 13:55:52.782 [ReconcilerExecutor-hivemq-controller-114] INFO  c.h.p.o.h.HiveMQPlatformReconcilerBaseHandler - [helmupgr] HiveMQ Platform is starting, 0 of 1 replicas are ready
2025-01-29 13:55:52,857 INFO c.h.h.t.HelmChartContainer - [test-hivemq-platform] [hivemq] [d5e1daec] INFO  - Starting extension with id "hivemq-dns-cluster-discovery" at /opt/hivemq/extensions/hivemq-dns-cluster-discovery
2025-01-29 13:55:53,612 INFO c.h.h.t.HelmChartContainer - [EVENT] Warning [Unhealthy] Readiness probe failed: Get "http://10.42.0.6:7979/readiness": context deadline exceeded (Client.Timeout exceeded while awaiting headers) [helmupgradeextensionit:test-hivemq-platform-0]
2025-01-29 13:55:53,612 INFO c.h.h.t.HelmChartContainer - Received Unhealthy event for container hivemq in pod test-hivemq-platform-0 [d5e1daec-53c9-4281-880f-723fdbba83d8]
2025-01-29 13:55:53,658 INFO c.h.h.t.HelmChartContainer - [test-hivemq-platform] [hivemq] [d5e1daec] INFO  - Extension "DNS Cluster Discovery Extension" version 4.3.2 started successfully.
2025-01-29 13:55:53,659 INFO c.h.h.t.HelmChartContainer - [test-hivemq-platform] [hivemq] [d5e1daec] INFO  - Starting extension with id "hivemq-bridge-extension" at /opt/hivemq/extensions/hivemq-bridge-extension
2025-01-29 13:55:53,767 INFO c.h.h.t.HelmChartContainer - [test-hivemq-platform] [hivemq] [d5e1daec] INFO  - Using TCP cluster transport on address 10.42.0.6 and port 7000
2025-01-29 13:55:53,858 INFO c.h.h.t.HelmChartContainer - [test-hivemq-platform] [hivemq] [d5e1daec] INFO  - Using extension cluster discovery
2025-01-29 13:55:54,062 INFO c.h.h.t.HelmChartContainer - [test-hivemq-platform] [hivemq] [d5e1daec] INFO  - [HiveMQ Platform Operator Init App 1.7.0-SNAPSHOT] Returning Health API response 503 for readiness
2025-01-29 13:55:54,959 INFO c.h.h.t.HelmChartContainer - [test-hivemq-platform] [hivemq] [d5e1daec] INFO  - HiveMQ Enterprise Bridge Extension: Successfully loaded configuration from '/opt/hivemq/extensions/hivemq-bridge-extension/conf/config.xml'.
2025-01-29 13:55:55,462 INFO c.h.h.t.HelmChartContainer - [test-hivemq-platform] [hivemq] [d5e1daec] INFO  - Bridge Extension: Connecting to remote brokers...
2025-01-29 13:55:56,965 INFO c.h.h.t.HelmChartContainer - [test-hivemq-platform] [hivemq] [d5e1daec] INFO  - oNHhq: no members discovered after 2403 ms: creating cluster as first member
2025-01-29 13:55:56,971 INFO c.h.h.t.HelmChartContainer - [test-hivemq-platform] [hivemq] [d5e1daec] INFO  - Cluster nodes found by discovery: [oNHhq|0] (1) [oNHhq].
2025-01-29 13:55:57,577 INFO c.h.h.t.HelmChartContainer - [EVENT] Warning [Unhealthy] Readiness probe failed: HTTP probe failed with statuscode: 503 [helmupgradeextensionit:test-hivemq-platform-0]
2025-01-29 13:55:57,577 INFO c.h.h.t.HelmChartContainer - Received Unhealthy event for container hivemq in pod test-hivemq-platform-0 [d5e1daec-53c9-4281-880f-723fdbba83d8]
2025-01-29 13:56:02,575 INFO c.h.h.t.HelmChartContainer - [EVENT] Warning [Unhealthy] Readiness probe failed: HTTP probe failed with statuscode: 503 [helmupgradeextensionit:test-hivemq-platform-0]
2025-01-29 13:56:02,576 INFO c.h.h.t.HelmChartContainer - Received Unhealthy event for container hivemq in pod test-hivemq-platform-0 [d5e1daec-53c9-4281-880f-723fdbba83d8]
2025-01-29 13:56:02,789 INFO c.h.h.t.HelmChartContainer - [hivemq-test-hivemq-platform] [hivemq-platform-operator] [8c87e2c7] 13:56:02.786 [pool-6-thread-18] DEBUG c.h.p.o.d.PlatformServiceResource - [helmupgr] Desired Platform services (3 services)
2025-01-29 13:56:02,789 INFO c.h.h.t.HelmChartContainer - [hivemq-test-hivemq-platform] [hivemq-platform-operator] [8c87e2c7] 13:56:02.787 [pool-6-thread-17] DEBUG c.h.p.o.dependants.PodInfoConfigMap - [helmupgr] Desired PodInfo ConfigMap (1 extensions) (1 enabled)
2025-01-29 13:56:02,789 INFO c.h.h.t.HelmChartContainer - [hivemq-test-hivemq-platform] [hivemq-platform-operator] [8c87e2c7] 13:56:02.787 [pool-6-thread-17] DEBUG c.h.p.o.dependants.PodInfoConfigMap - [helmupgr] Desired PodInfo ConfigMap (metrics port: 9399) (metrics path: /)
2025-01-29 13:56:02,789 INFO c.h.h.t.HelmChartContainer - [hivemq-test-hivemq-platform] [hivemq-platform-operator] [8c87e2c7] 13:56:02.787 [pool-6-thread-17] DEBUG c.h.p.o.dependants.PodInfoConfigMap - [helmupgr] Desired PodInfo ConfigMap (extension state hash: -1817869294)
2025-01-29 13:56:02,793 INFO c.h.h.t.HelmChartContainer - [hivemq-test-hivemq-platform] [hivemq-platform-operator] [8c87e2c7] 13:56:02.790 [pool-6-thread-17] DEBUG c.h.p.o.d.PodServiceAccountResource - [helmupgr] Desired PodServiceAccountResource (serviceAccountName: hivemq-platform-pod-test-hivemq-platform)
2025-01-29 13:56:02,797 INFO c.h.h.t.HelmChartContainer - [hivemq-test-hivemq-platform] [hivemq-platform-operator] [8c87e2c7] 13:56:02.796 [pool-6-thread-11] DEBUG c.h.p.o.d.StatefulSetResource - [helmupgr] Desired StatefulSet (1 replicas) for status STARTING (READY)
2025-01-29 13:56:02,801 INFO c.h.h.t.HelmChartContainer - [hivemq-test-hivemq-platform] [hivemq-platform-operator] [8c87e2c7] 13:56:02.800 [ReconcilerExecutor-hivemq-controller-115] INFO  c.h.p.o.HiveMQPlatformReconciler - [helmupgr] Reconciling HiveMQ Platform 'test-hivemq-platform' in namespace 'helmupgradeextensionit'
2025-01-29 13:56:02,802 INFO c.h.h.t.HelmChartContainer - [hivemq-test-hivemq-platform] [hivemq-platform-operator] [8c87e2c7] 13:56:02.800 [ReconcilerExecutor-hivemq-controller-115] DEBUG c.h.p.o.HiveMQPlatformReconciler - [helmupgr] Custom Resource Status STARTING - HiveMQ Platform is starting (READY)
2025-01-29 13:56:02,802 INFO c.h.h.t.HelmChartContainer - [hivemq-test-hivemq-platform] [hivemq-platform-operator] [8c87e2c7] 13:56:02.800 [ReconcilerExecutor-hivemq-controller-115] DEBUG c.h.p.o.HiveMQPlatformReconciler - [helmupgr] Custom Resource Spec (replicas: 1) (extensions: 1)
2025-01-29 13:56:02,851 INFO c.h.h.t.HelmChartContainer - [hivemq-test-hivemq-platform] [hivemq-platform-operator] [8c87e2c7] 13:56:02.850 [ReconcilerExecutor-hivemq-controller-115] DEBUG c.h.p.o.HiveMQPlatformReconciler - [helmupgr] StatefulSet Status (revision: test-hivemq-platform-5b6c7575b6, replicas: 1, available: 0, ready: 0, current: 1, updated: 1)
2025-01-29 13:56:02,851 INFO c.h.h.t.HelmChartContainer - [hivemq-test-hivemq-platform] [hivemq-platform-operator] [8c87e2c7] 13:56:02.850 [ReconcilerExecutor-hivemq-controller-115] DEBUG c.h.p.o.HiveMQPlatformReconciler - [helmupgr] StatefulSet Spec (replicas: 1, init containers: 1, containers: 1, volumes: 4)
2025-01-29 13:56:02,853 INFO c.h.h.t.HelmChartContainer - [hivemq-test-hivemq-platform] [hivemq-platform-operator] [8c87e2c7] 13:56:02.852 [ReconcilerExecutor-hivemq-controller-115] DEBUG c.h.p.o.h.HiveMQPlatformReconcilerErrorHandler - [helmupgr] Pod 'test-hivemq-platform-0' phase Running
2025-01-29 13:56:02,853 INFO c.h.h.t.HelmChartContainer - [hivemq-test-hivemq-platform] [hivemq-platform-operator] [8c87e2c7] 13:56:02.852 [ReconcilerExecutor-hivemq-controller-115] INFO  c.h.p.o.h.HiveMQPlatformReconcilerBaseHandler - [helmupgr] HiveMQ Platform is starting, 0 of 1 replicas are ready
2025-01-29 13:56:05,878 INFO c.h.h.t.HelmChartContainer - [test-hivemq-platform] [hivemq] [d5e1daec] WARN  - Bridge Extension: Connect to bridge 'testbridge' failed for the 1 time, reason: connection timed out after 10000 ms: /172.17.0.3:1883
2025-01-29 13:56:05,957 INFO c.h.h.t.HelmChartContainer - [test-hivemq-platform] [hivemq] [d5e1daec] WARN  - Bridge Extension: Connect to bridge 'testbridge' failed for the 1 time, reason: connection timed out after 10000 ms: /172.17.0.3:1883
2025-01-29 13:56:07,576 INFO c.h.h.t.HelmChartContainer - [EVENT] Warning [Unhealthy] Readiness probe failed: HTTP probe failed with statuscode: 503 [helmupgradeextensionit:test-hivemq-platform-0]
2025-01-29 13:56:07,576 INFO c.h.h.t.HelmChartContainer - Received Unhealthy event for container hivemq in pod test-hivemq-platform-0 [d5e1daec-53c9-4281-880f-723fdbba83d8]
2025-01-29 13:56:12,575 INFO c.h.h.t.HelmChartContainer - [EVENT] Warning [Unhealthy] Readiness probe failed: HTTP probe failed with statuscode: 503 [helmupgradeextensionit:test-hivemq-platform-0]
2025-01-29 13:56:12,575 INFO c.h.h.t.HelmChartContainer - Received Unhealthy event for container hivemq in pod test-hivemq-platform-0 [d5e1daec-53c9-4281-880f-723fdbba83d8]
2025-01-29 13:56:12,860 INFO c.h.h.t.HelmChartContainer - [hivemq-test-hivemq-platform] [hivemq-platform-operator] [8c87e2c7] 13:56:12.856 [pool-6-thread-21] DEBUG c.h.p.o.d.PlatformServiceResource - [helmupgr] Desired Platform services (3 services)
2025-01-29 13:56:12,860 INFO c.h.h.t.HelmChartContainer - [hivemq-test-hivemq-platform] [hivemq-platform-operator] [8c87e2c7] 13:56:12.857 [pool-6-thread-29] DEBUG c.h.p.o.dependants.PodInfoConfigMap - [helmupgr] Desired PodInfo ConfigMap (1 extensions) (1 enabled)
2025-01-29 13:56:12,860 INFO c.h.h.t.HelmChartContainer - [hivemq-test-hivemq-platform] [hivemq-platform-operator] [8c87e2c7] 13:56:12.857 [pool-6-thread-29] DEBUG c.h.p.o.dependants.PodInfoConfigMap - [helmupgr] Desired PodInfo ConfigMap (metrics port: 9399) (metrics path: /)
2025-01-29 13:56:12,860 INFO c.h.h.t.HelmChartContainer - [hivemq-test-hivemq-platform] [hivemq-platform-operator] [8c87e2c7] 13:56:12.857 [pool-6-thread-29] DEBUG c.h.p.o.dependants.PodInfoConfigMap - [helmupgr] Desired PodInfo ConfigMap (extension state hash: -1817869294)
2025-01-29 13:56:12,860 INFO c.h.h.t.HelmChartContainer - [hivemq-test-hivemq-platform] [hivemq-platform-operator] [8c87e2c7] 13:56:12.859 [pool-6-thread-24] DEBUG c.h.p.o.d.PodServiceAccountResource - [helmupgr] Desired PodServiceAccountResource (serviceAccountName: hivemq-platform-pod-test-hivemq-platform)
2025-01-29 13:56:12,865 INFO c.h.h.t.HelmChartContainer - [hivemq-test-hivemq-platform] [hivemq-platform-operator] [8c87e2c7] 13:56:12.864 [pool-6-thread-21] DEBUG c.h.p.o.d.StatefulSetResource - [helmupgr] Desired StatefulSet (1 replicas) for status STARTING (READY)
2025-01-29 13:56:12,869 INFO c.h.h.t.HelmChartContainer - [hivemq-test-hivemq-platform] [hivemq-platform-operator] [8c87e2c7] 13:56:12.868 [ReconcilerExecutor-hivemq-controller-116] INFO  c.h.p.o.HiveMQPlatformReconciler - [helmupgr] Reconciling HiveMQ Platform 'test-hivemq-platform' in namespace 'helmupgradeextensionit'
2025-01-29 13:56:12,870 INFO c.h.h.t.HelmChartContainer - [hivemq-test-hivemq-platform] [hivemq-platform-operator] [8c87e2c7] 13:56:12.868 [ReconcilerExecutor-hivemq-controller-116] DEBUG c.h.p.o.HiveMQPlatformReconciler - [helmupgr] Custom Resource Status STARTING - HiveMQ Platform is starting (READY)
2025-01-29 13:56:12,870 INFO c.h.h.t.HelmChartContainer - [hivemq-test-hivemq-platform] [hivemq-platform-operator] [8c87e2c7] 13:56:12.868 [ReconcilerExecutor-hivemq-controller-116] DEBUG c.h.p.o.HiveMQPlatformReconciler - [helmupgr] Custom Resource Spec (replicas: 1) (extensions: 1)
2025-01-29 13:56:12,871 INFO c.h.h.t.HelmChartContainer - [hivemq-test-hivemq-platform] [hivemq-platform-operator] [8c87e2c7] 13:56:12.869 [ReconcilerExecutor-hivemq-controller-116] DEBUG c.h.p.o.HiveMQPlatformReconciler - [helmupgr] StatefulSet Status (revision: test-hivemq-platform-5b6c7575b6, replicas: 1, available: 0, ready: 0, current: 1, updated: 1)
2025-01-29 13:56:12,871 INFO c.h.h.t.HelmChartContainer - [hivemq-test-hivemq-platform] [hivemq-platform-operator] [8c87e2c7] 13:56:12.870 [ReconcilerExecutor-hivemq-controller-116] DEBUG c.h.p.o.HiveMQPlatformReconciler - [helmupgr] StatefulSet Spec (replicas: 1, init containers: 1, containers: 1, volumes: 4)
2025-01-29 13:56:12,872 INFO c.h.h.t.HelmChartContainer - [hivemq-test-hivemq-platform] [hivemq-platform-operator] [8c87e2c7] 13:56:12.871 [ReconcilerExecutor-hivemq-controller-116] DEBUG c.h.p.o.h.HiveMQPlatformReconcilerErrorHandler - [helmupgr] Pod 'test-hivemq-platform-0' phase Running
2025-01-29 13:56:12,873 INFO c.h.h.t.HelmChartContainer - [hivemq-test-hivemq-platform] [hivemq-platform-operator] [8c87e2c7] 13:56:12.871 [ReconcilerExecutor-hivemq-controller-116] INFO  c.h.p.o.h.HiveMQPlatformReconcilerBaseHandler - [helmupgr] HiveMQ Platform is starting, 0 of 1 replicas are ready
2025-01-29 13:56:15,046 INFO c.h.h.t.HelmChartContainer - [test-hivemq-platform] [hivemq] [d5e1daec] INFO  - [HiveMQ Platform Operator Init App 1.7.0-SNAPSHOT] Returning Health API response 200 for liveness
2025-01-29 13:56:17,514 INFO c.h.h.t.HelmChartContainer - [test-hivemq-platform] [hivemq] [d5e1daec] WARN  - Bridge Extension: Connect to bridge 'testbridge' failed for the 2 time, reason: connection timed out after 10000 ms: /172.17.0.3:1883
2025-01-29 13:56:17,576 INFO c.h.h.t.HelmChartContainer - [EVENT] Warning [Unhealthy] Readiness probe failed: HTTP probe failed with statuscode: 503 [helmupgradeextensionit:test-hivemq-platform-0]
2025-01-29 13:56:17,576 INFO c.h.h.t.HelmChartContainer - Received Unhealthy event for container hivemq in pod test-hivemq-platform-0 [d5e1daec-53c9-4281-880f-723fdbba83d8]
2025-01-29 13:56:17,869 INFO c.h.h.t.HelmChartContainer - [test-hivemq-platform] [hivemq] [d5e1daec] WARN  - Bridge Extension: Not all clients could connect successfully to remote brokers. The clients will retry the connection.
2025-01-29 13:56:17,869 INFO c.h.h.t.HelmChartContainer - [test-hivemq-platform] [hivemq] [d5e1daec] WARN  - Bridge Extension: Connect to bridge 'testbridge' failed for the 2 time, reason: connection timed out after 10000 ms: /172.17.0.3:1883
2025-01-29 13:56:17,958 INFO c.h.h.t.HelmChartContainer - [test-hivemq-platform] [hivemq] [d5e1daec] INFO  - Extension "HiveMQ Enterprise Bridge Extension" version 4.36.0 started successfully.
2025-01-29 13:56:17,959 INFO c.h.h.testcontainer.LogWaiterUtil - TEST Found log pattern on 'test-hivemq-platform-0': .*Extension "HiveMQ Enterprise Bridge Extension" version .* started successfully.
2025-01-29 13:56:17,959 INFO c.h.h.t.HelmChartContainer - [test-hivemq-platform] [hivemq] [d5e1daec] INFO  - Starting extension with id "hivemq-prometheus-extension" at /opt/hivemq/extensions/hivemq-prometheus-extension
2025-01-29 13:56:18,267 INFO c.h.h.t.HelmChartContainer - [test-hivemq-platform] [hivemq] [d5e1daec] INFO  - Started Jetty Server exposing Prometheus Servlet on URI http://0.0.0.0:9399/
2025-01-29 13:56:18,268 INFO c.h.h.t.HelmChartContainer - [test-hivemq-platform] [hivemq] [d5e1daec] INFO  - Extension "Prometheus Monitoring Extension" version 4.0.12 started successfully.
2025-01-29 13:56:18,268 INFO c.h.h.t.HelmChartContainer - [test-hivemq-platform] [hivemq] [d5e1daec] INFO  - Starting extension with id "hivemq-allow-all-extension" at /opt/hivemq/extensions/hivemq-allow-all-extension
2025-01-29 13:56:18,269 INFO c.h.h.t.HelmChartContainer - [test-hivemq-platform] [hivemq] [d5e1daec] WARN  - 
2025-01-29 13:56:18,269 INFO c.h.h.t.HelmChartContainer - [test-hivemq-platform] [hivemq] [d5e1daec] ################################################################################################################
2025-01-29 13:56:18,269 INFO c.h.h.t.HelmChartContainer - [test-hivemq-platform] [hivemq] [d5e1daec] # This HiveMQ deployment is not secure! You are lacking Authentication and Authorization.                      #
2025-01-29 13:56:18,269 INFO c.h.h.t.HelmChartContainer - [test-hivemq-platform] [hivemq] [d5e1daec] # Right now any MQTT client can connect to the broker with a full set of permissions.                          #
2025-01-29 13:56:18,269 INFO c.h.h.t.HelmChartContainer - [test-hivemq-platform] [hivemq] [d5e1daec] # For production usage, add an appropriate security extension and remove the hivemq-allow-all extension.       #
2025-01-29 13:56:18,269 INFO c.h.h.t.HelmChartContainer - [test-hivemq-platform] [hivemq] [d5e1daec] # You can download security extensions from the HiveMQ Marketplace (https://www.hivemq.com/extensions/).       #
2025-01-29 13:56:18,269 INFO c.h.h.t.HelmChartContainer - [test-hivemq-platform] [hivemq] [d5e1daec] ################################################################################################################
2025-01-29 13:56:18,269 INFO c.h.h.t.HelmChartContainer - [test-hivemq-platform] [hivemq] [d5e1daec] INFO  - Extension "Allow All Extension" version 1.1.1 started successfully.
2025-01-29 13:56:18,270 INFO c.h.h.t.HelmChartContainer - [test-hivemq-platform] [hivemq] [d5e1daec] WARN  - No user for HiveMQ Control Center configured. Starting with default user
2025-01-29 13:56:18,270 INFO c.h.h.t.HelmChartContainer - [test-hivemq-platform] [hivemq] [d5e1daec] INFO  - Starting HiveMQ Control Center on address 0.0.0.0 and port 8080
2025-01-29 13:56:18,284 INFO c.h.h.t.HelmChartContainer - [test-hivemq-platform] [hivemq] [d5e1daec] INFO  - Mounting HiveMQ Control Center V2 Preview
2025-01-29 13:56:18,858 INFO c.h.h.t.HelmChartContainer - [test-hivemq-platform] [hivemq] [d5e1daec] INFO  - Started HiveMQ Control Center in 589ms
2025-01-29 13:56:18,872 INFO c.h.h.t.HelmChartContainer - [test-hivemq-platform] [hivemq] [d5e1daec] INFO  - Starting TCP listener on address 0.0.0.0 and port 1883
2025-01-29 13:56:18,956 INFO c.h.h.t.HelmChartContainer - [test-hivemq-platform] [hivemq] [d5e1daec] INFO  - Started TCP Listener on address 0.0.0.0 and on port 1883.
2025-01-29 13:56:18,956 INFO c.h.h.t.HelmChartContainer - [test-hivemq-platform] [hivemq] [d5e1daec] INFO  - Started HiveMQ in 54790ms
2025-01-29 13:56:22,572 INFO c.h.h.t.HelmChartContainer - [test-hivemq-platform] [hivemq] [d5e1daec] INFO  - [HiveMQ Platform Operator Init App 1.7.0-SNAPSHOT] Returning Health API response 200 for readiness
2025-01-29 13:56:22,583 INFO c.h.h.t.HelmChartContainer - [POD] test-hivemq-platform-0 [d5e1daec-53c9-4281-880f-723fdbba83d8] in helmupgradeextensionit was MODIFIED
2025-01-29 13:56:22,596 INFO c.h.h.t.HelmChartContainer - [hivemq-test-hivemq-platform] [hivemq-platform-operator] [8c87e2c7] 13:56:22.591 [pool-6-thread-39] DEBUG c.h.p.o.d.PlatformServiceResource - [helmupgr] Desired Platform services (3 services)
2025-01-29 13:56:22,596 INFO c.h.h.t.HelmChartContainer - [hivemq-test-hivemq-platform] [hivemq-platform-operator] [8c87e2c7] 13:56:22.593 [pool-6-thread-35] DEBUG c.h.p.o.dependants.PodInfoConfigMap - [helmupgr] Desired PodInfo ConfigMap (1 extensions) (1 enabled)
2025-01-29 13:56:22,596 INFO c.h.h.t.HelmChartContainer - [hivemq-test-hivemq-platform] [hivemq-platform-operator] [8c87e2c7] 13:56:22.593 [pool-6-thread-35] DEBUG c.h.p.o.dependants.PodInfoConfigMap - [helmupgr] Desired PodInfo ConfigMap (metrics port: 9399) (metrics path: /)
2025-01-29 13:56:22,596 INFO c.h.h.t.HelmChartContainer - [hivemq-test-hivemq-platform] [hivemq-platform-operator] [8c87e2c7] 13:56:22.593 [pool-6-thread-35] DEBUG c.h.p.o.dependants.PodInfoConfigMap - [helmupgr] Desired PodInfo ConfigMap (extension state hash: -1817869294)
2025-01-29 13:56:22,600 INFO c.h.h.t.HelmChartContainer - [hivemq-test-hivemq-platform] [hivemq-platform-operator] [8c87e2c7] 13:56:22.599 [pool-6-thread-35] DEBUG c.h.p.o.d.PodServiceAccountResource - [helmupgr] Desired PodServiceAccountResource (serviceAccountName: hivemq-platform-pod-test-hivemq-platform)
2025-01-29 13:56:22,607 INFO c.h.h.t.HelmChartContainer - [hivemq-test-hivemq-platform] [hivemq-platform-operator] [8c87e2c7] 13:56:22.605 [pool-6-thread-39] DEBUG c.h.p.o.d.StatefulSetResource - [helmupgr] Desired StatefulSet (1 replicas) for status STARTING (READY)
2025-01-29 13:56:22,609 INFO c.h.h.t.HelmChartContainer - [hivemq-test-hivemq-platform] [hivemq-platform-operator] [8c87e2c7] 13:56:22.608 [ReconcilerExecutor-hivemq-controller-117] INFO  c.h.p.o.HiveMQPlatformReconciler - [helmupgr] Reconciling HiveMQ Platform 'test-hivemq-platform' in namespace 'helmupgradeextensionit'
2025-01-29 13:56:22,609 INFO c.h.h.t.HelmChartContainer - [hivemq-test-hivemq-platform] [hivemq-platform-operator] [8c87e2c7] 13:56:22.608 [ReconcilerExecutor-hivemq-controller-117] DEBUG c.h.p.o.HiveMQPlatformReconciler - [helmupgr] Custom Resource Status STARTING - HiveMQ Platform is starting (READY)
2025-01-29 13:56:22,609 INFO c.h.h.t.HelmChartContainer - [hivemq-test-hivemq-platform] [hivemq-platform-operator] [8c87e2c7] 13:56:22.608 [ReconcilerExecutor-hivemq-controller-117] DEBUG c.h.p.o.HiveMQPlatformReconciler - [helmupgr] Custom Resource Spec (replicas: 1) (extensions: 1)
2025-01-29 13:56:22,611 INFO c.h.h.t.HelmChartContainer - [hivemq-test-hivemq-platform] [hivemq-platform-operator] [8c87e2c7] 13:56:22.609 [ReconcilerExecutor-hivemq-controller-117] DEBUG c.h.p.o.HiveMQPlatformReconciler - [helmupgr] StatefulSet Status (revision: test-hivemq-platform-5b6c7575b6, replicas: 1, available: 1, ready: 1, current: 1, updated: 1)
2025-01-29 13:56:22,611 INFO c.h.h.t.HelmChartContainer - [hivemq-test-hivemq-platform] [hivemq-platform-operator] [8c87e2c7] 13:56:22.609 [ReconcilerExecutor-hivemq-controller-117] DEBUG c.h.p.o.HiveMQPlatformReconciler - [helmupgr] StatefulSet Spec (replicas: 1, init containers: 1, containers: 1, volumes: 4)
2025-01-29 13:56:22,611 INFO c.h.h.t.HelmChartContainer - [hivemq-test-hivemq-platform] [hivemq-platform-operator] [8c87e2c7] 13:56:22.611 [ReconcilerExecutor-hivemq-controller-117] DEBUG c.h.p.o.h.HiveMQPlatformReconcilerErrorHandler - [helmupgr] Pod 'test-hivemq-platform-0' phase Running
2025-01-29 13:56:22,651 INFO c.h.h.t.HelmChartContainer - [hivemq-test-hivemq-platform] [hivemq-platform-operator] [8c87e2c7] 13:56:22.650 [ReconcilerExecutor-hivemq-controller-117] INFO  c.h.p.o.h.HiveMQPlatformReconcilerBaseHandler - [helmupgr] HiveMQ Platform started successfully
2025-01-29 13:56:22,708 INFO c.h.h.t.HelmChartContainer - [hivemq-test-hivemq-platform] [hivemq-platform-operator] [8c87e2c7] 13:56:22.707 [ReconcilerExecutor-hivemq-controller-117] DEBUG c.h.p.operator.event.EventSender - [helmupgr] Creating K8s event hivemq-platform-ready: [Ready] HiveMQ Platform is ready
2025-01-29 13:56:22,754 INFO c.h.h.t.HelmChartContainer - [hivemq-test-hivemq-platform] [hivemq-platform-operator] [8c87e2c7] 13:56:22.753 [ReconcilerExecutor-hivemq-controller-117] INFO  c.h.p.o.h.AbstractHiveMQReconcilerStateHandler - [helmupgr] Update HiveMQ Platform Status (STARTING [READY] -> RUNNING [READY]): HiveMQ Platform is ready
2025-01-29 13:56:22,755 INFO c.h.h.t.HelmChartContainer - [EVENT] Normal [Ready] HiveMQ Platform is ready [helmupgradeextensionit:test-hivemq-platform]
2025-01-29 13:56:22,763 DEBUG com.hivemq.helmcharts.util.K8sUtil - Comparing actual state 'RUNNING' and waiting for 'RUNNING'
2025-01-29 13:56:22,854 INFO c.h.h.t.HelmChartContainer - [hivemq-test-hivemq-platform] [hivemq-platform-operator] [8c87e2c7] 13:56:22.850 [pool-6-thread-42] DEBUG c.h.p.o.d.PlatformServiceResource - [helmupgr] Desired Platform services (3 services)
2025-01-29 13:56:22,854 INFO c.h.h.t.HelmChartContainer - [hivemq-test-hivemq-platform] [hivemq-platform-operator] [8c87e2c7] 13:56:22.851 [pool-6-thread-45] DEBUG c.h.p.o.dependants.PodInfoConfigMap - [helmupgr] Desired PodInfo ConfigMap (1 extensions) (1 enabled)
2025-01-29 13:56:22,854 INFO c.h.h.t.HelmChartContainer - [hivemq-test-hivemq-platform] [hivemq-platform-operator] [8c87e2c7] 13:56:22.851 [pool-6-thread-45] DEBUG c.h.p.o.dependants.PodInfoConfigMap - [helmupgr] Desired PodInfo ConfigMap (metrics port: 9399) (metrics path: /)
2025-01-29 13:56:22,854 INFO c.h.h.t.HelmChartContainer - [hivemq-test-hivemq-platform] [hivemq-platform-operator] [8c87e2c7] 13:56:22.851 [pool-6-thread-45] DEBUG c.h.p.o.dependants.PodInfoConfigMap - [helmupgr] Desired PodInfo ConfigMap (extension state hash: -1817869294)
2025-01-29 13:56:22,854 INFO c.h.h.t.HelmChartContainer - [hivemq-test-hivemq-platform] [hivemq-platform-operator] [8c87e2c7] 13:56:22.852 [pool-6-thread-45] DEBUG c.h.p.o.dependants.PodInfoConfigMap - [helmupgr] Update PodInfo ConfigMap
2025-01-29 13:56:22,854 INFO c.h.h.t.HelmChartContainer - [hivemq-test-hivemq-platform] [hivemq-platform-operator] [8c87e2c7] 13:56:22.852 [pool-6-thread-44] DEBUG c.h.p.o.d.PodServiceAccountResource - [helmupgr] Desired PodServiceAccountResource (serviceAccountName: hivemq-platform-pod-test-hivemq-platform)
2025-01-29 13:56:22,864 INFO c.h.h.t.HelmChartContainer - [hivemq-test-hivemq-platform] [hivemq-platform-operator] [8c87e2c7] 13:56:22.863 [pool-6-thread-41] DEBUG c.h.p.o.d.StatefulSetResource - [helmupgr] Desired StatefulSet (1 replicas) for status RUNNING (READY)
2025-01-29 13:56:22,905 INFO c.h.h.t.HelmChartContainer - [hivemq-test-hivemq-platform] [hivemq-platform-operator] [8c87e2c7] 13:56:22.904 [ReconcilerExecutor-hivemq-controller-118] INFO  c.h.p.o.HiveMQPlatformReconciler - [helmupgr] Reconciling HiveMQ Platform 'test-hivemq-platform' in namespace 'helmupgradeextensionit'
2025-01-29 13:56:22,905 INFO c.h.h.t.HelmChartContainer - [hivemq-test-hivemq-platform] [hivemq-platform-operator] [8c87e2c7] 13:56:22.904 [ReconcilerExecutor-hivemq-controller-118] DEBUG c.h.p.o.HiveMQPlatformReconciler - [helmupgr] Custom Resource Status RUNNING - HiveMQ Platform is ready (READY)
2025-01-29 13:56:22,905 INFO c.h.h.t.HelmChartContainer - [hivemq-test-hivemq-platform] [hivemq-platform-operator] [8c87e2c7] 13:56:22.904 [ReconcilerExecutor-hivemq-controller-118] DEBUG c.h.p.o.HiveMQPlatformReconciler - [helmupgr] Custom Resource Spec (replicas: 1) (extensions: 1)
2025-01-29 13:56:22,952 INFO c.h.h.t.HelmChartContainer - [hivemq-test-hivemq-platform] [hivemq-platform-operator] [8c87e2c7] 13:56:22.950 [ReconcilerExecutor-hivemq-controller-118] DEBUG c.h.p.o.HiveMQPlatformReconciler - [helmupgr] StatefulSet Status (revision: test-hivemq-platform-5b6c7575b6, replicas: 1, available: 1, ready: 1, current: 1, updated: 1)
2025-01-29 13:56:22,952 INFO c.h.h.t.HelmChartContainer - [hivemq-test-hivemq-platform] [hivemq-platform-operator] [8c87e2c7] 13:56:22.950 [ReconcilerExecutor-hivemq-controller-118] DEBUG c.h.p.o.HiveMQPlatformReconciler - [helmupgr] StatefulSet Spec (replicas: 1, init containers: 1, containers: 1, volumes: 4)
2025-01-29 13:56:22,953 INFO c.h.h.t.HelmChartContainer - [hivemq-test-hivemq-platform] [hivemq-platform-operator] [8c87e2c7] 13:56:22.951 [ReconcilerExecutor-hivemq-controller-118] DEBUG c.h.p.o.h.HiveMQPlatformReconcilerErrorHandler - [helmupgr] Pod 'test-hivemq-platform-0' phase Running
2025-01-29 13:56:26,780 INFO c.h.h.testcontainer.LogWaiterUtil - TEST Waiting for log pattern on 'test-hivemq-platform-0': .*Extension "HiveMQ Enterprise Bridge Extension" version .* stopped successfully.
2025-01-29 13:56:26,780 INFO c.h.h.testcontainer.LogWaiterUtil - TEST Waiting for log pattern on 'test-hivemq-platform-0': .*\[HiveMQ Platform Operator Init App [A-Z0-9.-]+\] Successfully stopped extension hivemq-bridge-extension
2025-01-29 13:56:26,780 INFO c.h.h.testcontainer.LogWaiterUtil - TEST Waiting for log pattern on 'test-hivemq-platform-0': .*\[HiveMQ Platform Operator Init App [A-Z0-9.-]+\] Extension update is done \(0 errors\)
2025-01-29 13:56:26,839 DEBUG c.h.h.t.HelmChartContainer - Executing helm command: /bin/helm --kubeconfig /etc/rancher/k3s/k3s.yaml upgrade test-hivemq-platform /charts/hivemq-platform --wait --timeout 5m0s --set image.repository=docker.io/hivemq --set image.tag=4.36.0 --set image.pullPolicy=Never --set nodes.resources.cpu=512m -f /files/disable-bridge-values.yaml --namespace helmupgradeextensionit
2025-01-29 13:56:27,183 INFO c.h.h.t.HelmChartContainer - [hivemq-test-hivemq-platform] [hivemq-platform-operator] [8c87e2c7] 13:56:27.181 [pool-6-thread-5] DEBUG c.h.p.o.dependants.PodInfoConfigMap - [helmupgr] Desired PodInfo ConfigMap (1 extensions) (0 enabled)
2025-01-29 13:56:27,184 INFO c.h.h.t.HelmChartContainer - [hivemq-test-hivemq-platform] [hivemq-platform-operator] [8c87e2c7] 13:56:27.183 [pool-6-thread-5] DEBUG c.h.p.o.dependants.PodInfoConfigMap - [helmupgr] Desired PodInfo ConfigMap (metrics port: 9399) (metrics path: /)
2025-01-29 13:56:27,186 INFO c.h.h.t.HelmChartContainer - [hivemq-test-hivemq-platform] [hivemq-platform-operator] [8c87e2c7] 13:56:27.185 [pool-6-thread-5] DEBUG c.h.p.o.dependants.PodInfoConfigMap - [helmupgr] Desired PodInfo ConfigMap (extension state hash: -1493170518)
2025-01-29 13:56:27,187 INFO c.h.h.t.HelmChartContainer - [hivemq-test-hivemq-platform] [hivemq-platform-operator] [8c87e2c7] 13:56:27.181 [pool-6-thread-10] DEBUG c.h.p.o.d.PodServiceAccountResource - [helmupgr] Desired PodServiceAccountResource (serviceAccountName: hivemq-platform-pod-test-hivemq-platform)
2025-01-29 13:56:27,187 INFO c.h.h.t.HelmChartContainer - [hivemq-test-hivemq-platform] [hivemq-platform-operator] [8c87e2c7] 13:56:27.186 [pool-6-thread-5] DEBUG c.h.p.o.dependants.PodInfoConfigMap - [helmupgr] Update PodInfo ConfigMap
2025-01-29 13:56:27,187 INFO c.h.h.t.HelmChartContainer - [hivemq-test-hivemq-platform] [hivemq-platform-operator] [8c87e2c7] 13:56:27.186 [pool-6-thread-5] DEBUG c.h.p.o.dependants.PodInfoConfigMap - [helmupgr] Detected change in configuration of extension 'hivemq-bridge-extension' ({skip-https-hostname-verification=false, restart=true, config-version=515, header-version=0, c-uri=, uri=preinstalled, skip-https-certificate-validation=false, enabled=true} -> {skip-https-hostname-verification=false, restart=true, config-version=515, header-version=0, c-uri=, uri=preinstalled, skip-https-certificate-validation=false, enabled=false})
2025-01-29 13:56:27,187 INFO c.h.h.t.HelmChartContainer - [hivemq-test-hivemq-platform] [hivemq-platform-operator] [8c87e2c7] 13:56:27.182 [pool-6-thread-6] DEBUG c.h.p.o.d.PlatformServiceResource - [helmupgr] Desired Platform services (3 services)
2025-01-29 13:56:27,190 INFO c.h.h.t.HelmChartContainer - [hivemq-test-hivemq-platform] [hivemq-platform-operator] [8c87e2c7] 13:56:27.189 [pool-6-thread-5] INFO  c.h.p.o.dependants.PodInfoConfigMap - [helmupgr] Extension configuration was updated, restarting extensions: [hivemq-bridge-extension]
2025-01-29 13:56:27,260 INFO c.h.h.t.HelmChartContainer - [hivemq-test-hivemq-platform] [hivemq-platform-operator] [8c87e2c7] 13:56:27.253 [pool-6-thread-5] DEBUG c.h.p.o.d.StatefulSetResource - [helmupgr] Desired StatefulSet (1 replicas) for status RUNNING (READY)
2025-01-29 13:56:27,260 INFO c.h.h.t.HelmChartContainer - [hivemq-test-hivemq-platform] [hivemq-platform-operator] [8c87e2c7] 13:56:27.254 [pool-6-thread-5] DEBUG c.h.p.o.u.VolumeAndVolumeMountUtil - [helmupgr] Creating volume mount for available ConfigMap 'test-bridge-configuration' of disabled extension 'hivemq-bridge-extension'
2025-01-29 13:56:27,269 INFO c.h.h.t.HelmChartContainer - [hivemq-test-hivemq-platform] [hivemq-platform-operator] [8c87e2c7] 13:56:27.266 [ReconcilerExecutor-hivemq-controller-119] INFO  c.h.p.o.HiveMQPlatformReconciler - [helmupgr] Reconciling HiveMQ Platform 'test-hivemq-platform' in namespace 'helmupgradeextensionit'
2025-01-29 13:56:27,269 INFO c.h.h.t.HelmChartContainer - [hivemq-test-hivemq-platform] [hivemq-platform-operator] [8c87e2c7] 13:56:27.267 [ReconcilerExecutor-hivemq-controller-119] DEBUG c.h.p.o.HiveMQPlatformReconciler - [helmupgr] Custom Resource Status RUNNING - HiveMQ Platform is ready (READY) (reconciliation requests: REQUESTS_UPDATED, RESTART_EXTENSIONS)
2025-01-29 13:56:27,271 INFO c.h.h.t.HelmChartContainer - [hivemq-test-hivemq-platform] [hivemq-platform-operator] [8c87e2c7] 13:56:27.267 [ReconcilerExecutor-hivemq-controller-119] DEBUG c.h.p.o.HiveMQPlatformReconciler - [helmupgr] Custom Resource Spec (replicas: 1) (extensions: 1)
2025-01-29 13:56:27,274 INFO c.h.h.t.HelmChartContainer - [hivemq-test-hivemq-platform] [hivemq-platform-operator] [8c87e2c7] 13:56:27.272 [ReconcilerExecutor-hivemq-controller-119] DEBUG c.h.p.o.HiveMQPlatformReconciler - [helmupgr] StatefulSet Status (revision: test-hivemq-platform-5b6c7575b6, replicas: 1, available: 1, ready: 1, current: 1, updated: 1)
2025-01-29 13:56:27,274 INFO c.h.h.t.HelmChartContainer - [hivemq-test-hivemq-platform] [hivemq-platform-operator] [8c87e2c7] 13:56:27.272 [ReconcilerExecutor-hivemq-controller-119] DEBUG c.h.p.o.HiveMQPlatformReconciler - [helmupgr] StatefulSet Spec (replicas: 1, init containers: 1, containers: 1, volumes: 4)
2025-01-29 13:56:27,366 INFO c.h.h.t.HelmChartContainer - [hivemq-test-hivemq-platform] [hivemq-platform-operator] [8c87e2c7] 13:56:27.350 [ReconcilerExecutor-hivemq-controller-119] DEBUG c.h.p.o.h.HiveMQPlatformReconcilerErrorHandler - [helmupgr] Pod 'test-hivemq-platform-0' phase Running
2025-01-29 13:56:27,376 DEBUG com.hivemq.helmcharts.util.K8sUtil - Comparing actual state 'RUNNING' and waiting for 'RESTART_EXTENSIONS'
2025-01-29 13:56:27,467 INFO c.h.h.t.HelmChartContainer - [hivemq-test-hivemq-platform] [hivemq-platform-operator] [8c87e2c7] 13:56:27.465 [ReconcilerExecutor-hivemq-controller-119] DEBUG c.h.p.operator.event.EventSender - [helmupgr] Creating K8s event restart-extension-started: [RestartExtension] HiveMQ Platform is restarting extensions (hivemq-bridge-extension)
2025-01-29 13:56:27,471 INFO c.h.h.t.HelmChartContainer - [EVENT] Normal [RestartExtension] HiveMQ Platform is restarting extensions (hivemq-bridge-extension) [helmupgradeextensionit:test-hivemq-platform]
2025-01-29 13:56:27,472 INFO c.h.h.t.HelmChartContainer - [hivemq-test-hivemq-platform] [hivemq-platform-operator] [8c87e2c7] 13:56:27.470 [ReconcilerExecutor-hivemq-controller-119] INFO  c.h.p.o.h.AbstractHiveMQReconcilerStateHandler - [helmupgr] Update HiveMQ Platform Status (RUNNING [READY] -> RESTART_EXTENSIONS [RESTART_EXTENSIONS]): HiveMQ Platform is restarting extensions (hivemq-bridge-extension)
2025-01-29 13:56:27,558 DEBUG com.hivemq.helmcharts.util.K8sUtil - Comparing actual state 'RESTART_EXTENSIONS' and waiting for 'RESTART_EXTENSIONS'
2025-01-29 13:56:27,563 DEBUG com.hivemq.helmcharts.util.K8sUtil - Comparing actual state 'RESTART_EXTENSIONS' and waiting for 'RUNNING'
2025-01-29 13:56:31,465 INFO c.h.h.t.HelmChartContainer - [test-hivemq-platform] [hivemq] [d5e1daec] WARN  - Bridge Extension: Connect to bridge 'testbridge' failed for the 3 time, reason: connection timed out after 10000 ms: /172.17.0.3:1883
2025-01-29 13:56:32,822 INFO c.h.h.t.HelmChartContainer - [test-hivemq-platform] [hivemq] [d5e1daec] WARN  - Bridge Extension: Connect to bridge 'testbridge' failed for the 3 time, reason: connection timed out after 10000 ms: /172.17.0.3:1883
2025-01-29 13:56:37,567 INFO c.h.h.t.HelmChartContainer - [hivemq-test-hivemq-platform] [hivemq-platform-operator] [8c87e2c7] 13:56:37.562 [pool-6-thread-13] DEBUG c.h.p.o.d.PlatformServiceResource - [helmupgr] Desired Platform services (3 services)
2025-01-29 13:56:37,567 INFO c.h.h.t.HelmChartContainer - [hivemq-test-hivemq-platform] [hivemq-platform-operator] [8c87e2c7] 13:56:37.562 [pool-6-thread-15] DEBUG c.h.p.o.d.PodServiceAccountResource - [helmupgr] Desired PodServiceAccountResource (serviceAccountName: hivemq-platform-pod-test-hivemq-platform)
2025-01-29 13:56:37,567 INFO c.h.h.t.HelmChartContainer - [hivemq-test-hivemq-platform] [hivemq-platform-operator] [8c87e2c7] 13:56:37.565 [pool-6-thread-19] DEBUG c.h.p.o.dependants.PodInfoConfigMap - [helmupgr] Desired PodInfo ConfigMap (1 extensions) (0 enabled)
2025-01-29 13:56:37,567 INFO c.h.h.t.HelmChartContainer - [hivemq-test-hivemq-platform] [hivemq-platform-operator] [8c87e2c7] 13:56:37.565 [pool-6-thread-19] DEBUG c.h.p.o.dependants.PodInfoConfigMap - [helmupgr] Desired PodInfo ConfigMap (metrics port: 9399) (metrics path: /)
2025-01-29 13:56:37,567 INFO c.h.h.t.HelmChartContainer - [hivemq-test-hivemq-platform] [hivemq-platform-operator] [8c87e2c7] 13:56:37.565 [pool-6-thread-19] DEBUG c.h.p.o.dependants.PodInfoConfigMap - [helmupgr] Desired PodInfo ConfigMap (extension state hash: -1493170518)
2025-01-29 13:56:37,567 INFO c.h.h.t.HelmChartContainer - [hivemq-test-hivemq-platform] [hivemq-platform-operator] [8c87e2c7] 13:56:37.565 [pool-6-thread-19] DEBUG c.h.p.o.dependants.PodInfoConfigMap - [helmupgr] Update PodInfo ConfigMap
2025-01-29 13:56:37,576 INFO c.h.h.t.HelmChartContainer - [hivemq-test-hivemq-platform] [hivemq-platform-operator] [8c87e2c7] 13:56:37.575 [pool-6-thread-19] DEBUG c.h.p.o.d.StatefulSetResource - [helmupgr] Desired StatefulSet (1 replicas) for status RESTART_EXTENSIONS (RESTART_EXTENSIONS)
2025-01-29 13:56:37,577 INFO c.h.h.t.HelmChartContainer - [hivemq-test-hivemq-platform] [hivemq-platform-operator] [8c87e2c7] 13:56:37.576 [pool-6-thread-19] DEBUG c.h.p.o.u.VolumeAndVolumeMountUtil - [helmupgr] Creating volume mount for available ConfigMap 'test-bridge-configuration' of disabled extension 'hivemq-bridge-extension'
2025-01-29 13:56:37,667 INFO c.h.h.t.HelmChartContainer - [hivemq-test-hivemq-platform] [hivemq-platform-operator] [8c87e2c7] 13:56:37.666 [ReconcilerExecutor-hivemq-controller-121] INFO  c.h.p.o.HiveMQPlatformReconciler - [helmupgr] Reconciling HiveMQ Platform 'test-hivemq-platform' in namespace 'helmupgradeextensionit'
2025-01-29 13:56:37,668 INFO c.h.h.t.HelmChartContainer - [hivemq-test-hivemq-platform] [hivemq-platform-operator] [8c87e2c7] 13:56:37.666 [ReconcilerExecutor-hivemq-controller-121] DEBUG c.h.p.o.HiveMQPlatformReconciler - [helmupgr] Custom Resource Status RESTART_EXTENSIONS - HiveMQ Platform is restarting extensions (hivemq-bridge-extension) (RESTART_EXTENSIONS)
2025-01-29 13:56:37,668 INFO c.h.h.t.HelmChartContainer - [hivemq-test-hivemq-platform] [hivemq-platform-operator] [8c87e2c7] 13:56:37.666 [ReconcilerExecutor-hivemq-controller-121] DEBUG c.h.p.o.HiveMQPlatformReconciler - [helmupgr] Custom Resource Spec (replicas: 1) (extensions: 1)
2025-01-29 13:56:37,669 INFO c.h.h.t.HelmChartContainer - [hivemq-test-hivemq-platform] [hivemq-platform-operator] [8c87e2c7] 13:56:37.668 [ReconcilerExecutor-hivemq-controller-121] DEBUG c.h.p.o.HiveMQPlatformReconciler - [helmupgr] StatefulSet Status (revision: test-hivemq-platform-5b6c7575b6, replicas: 1, available: 1, ready: 1, current: 1, updated: 1)
2025-01-29 13:56:37,669 INFO c.h.h.t.HelmChartContainer - [hivemq-test-hivemq-platform] [hivemq-platform-operator] [8c87e2c7] 13:56:37.668 [ReconcilerExecutor-hivemq-controller-121] DEBUG c.h.p.o.HiveMQPlatformReconciler - [helmupgr] StatefulSet Spec (replicas: 1, init containers: 1, containers: 1, volumes: 4)
2025-01-29 13:56:37,671 INFO c.h.h.t.HelmChartContainer - [hivemq-test-hivemq-platform] [hivemq-platform-operator] [8c87e2c7] 13:56:37.671 [ReconcilerExecutor-hivemq-controller-121] DEBUG c.h.p.o.h.HiveMQPlatformReconcilerErrorHandler - [helmupgr] Pod 'test-hivemq-platform-0' phase Running
2025-01-29 13:56:37,682 INFO c.h.h.t.HelmChartContainer - [hivemq-test-hivemq-platform] [hivemq-platform-operator] [8c87e2c7] 13:56:37.681 [ReconcilerExecutor-hivemq-controller-121] DEBUG c.h.p.o.h.HiveMQPlatformReconcilerRestartExtensionsHandler - [helmupgr] Update extensions on Pod 'test-hivemq-platform-0'
2025-01-29 13:56:37,859 INFO c.h.h.t.HelmChartContainer - [test-hivemq-platform] [hivemq] [d5e1daec] INFO  - [HiveMQ Platform Operator Init App 1.7.0-SNAPSHOT] Updating HiveMQ Platform extensions: [hivemq-bridge-extension]
2025-01-29 13:56:37,879 INFO c.h.h.t.HelmChartContainer - [hivemq-test-hivemq-platform] [hivemq-platform-operator] [8c87e2c7] 13:56:37.878 [vert.x-eventloop-thread-0] DEBUG c.h.platform.operator.util.PodUtil - Received status for command '[curl, -s, http://10.42.0.6:7979/updateExtension?hash=-1493170518&extensions=hivemq-bridge-extension]' on Pod 'test-hivemq-platform-0' (exit code: 0)
2025-01-29 13:56:38,857 INFO c.h.h.t.HelmChartContainer - [hivemq-test-hivemq-platform] [hivemq-platform-operator] [8c87e2c7] 13:56:38.855 [pool-6-thread-27] DEBUG c.h.p.o.d.PodServiceAccountResource - [helmupgr] Desired PodServiceAccountResource (serviceAccountName: hivemq-platform-pod-test-hivemq-platform)
2025-01-29 13:56:38,857 INFO c.h.h.t.HelmChartContainer - [hivemq-test-hivemq-platform] [hivemq-platform-operator] [8c87e2c7] 13:56:38.856 [pool-6-thread-26] DEBUG c.h.p.o.dependants.PodInfoConfigMap - [helmupgr] Desired PodInfo ConfigMap (1 extensions) (0 enabled)
2025-01-29 13:56:38,858 INFO c.h.h.t.HelmChartContainer - [hivemq-test-hivemq-platform] [hivemq-platform-operator] [8c87e2c7] 13:56:38.856 [pool-6-thread-26] DEBUG c.h.p.o.dependants.PodInfoConfigMap - [helmupgr] Desired PodInfo ConfigMap (metrics port: 9399) (metrics path: /)
2025-01-29 13:56:38,858 INFO c.h.h.t.HelmChartContainer - [hivemq-test-hivemq-platform] [hivemq-platform-operator] [8c87e2c7] 13:56:38.856 [pool-6-thread-26] DEBUG c.h.p.o.dependants.PodInfoConfigMap - [helmupgr] Desired PodInfo ConfigMap (extension state hash: -1493170518)
2025-01-29 13:56:38,858 INFO c.h.h.t.HelmChartContainer - [hivemq-test-hivemq-platform] [hivemq-platform-operator] [8c87e2c7] 13:56:38.855 [pool-6-thread-28] DEBUG c.h.p.o.d.PlatformServiceResource - [helmupgr] Desired Platform services (3 services)
2025-01-29 13:56:38,860 INFO c.h.h.t.HelmChartContainer - [test-hivemq-platform] [hivemq] [d5e1daec] INFO  - [HiveMQ Platform Operator Init App 1.7.0-SNAPSHOT] Waiting for extension ConfigMap sync (expected hash: -1493170518) (current hash: -1817869294)
2025-01-29 13:56:38,863 INFO c.h.h.t.HelmChartContainer - [hivemq-test-hivemq-platform] [hivemq-platform-operator] [8c87e2c7] 13:56:38.862 [pool-6-thread-28] DEBUG c.h.p.o.d.StatefulSetResource - [helmupgr] Desired StatefulSet (1 replicas) for status RESTART_EXTENSIONS (RESTART_EXTENSIONS)
2025-01-29 13:56:38,864 INFO c.h.h.t.HelmChartContainer - [hivemq-test-hivemq-platform] [hivemq-platform-operator] [8c87e2c7] 13:56:38.863 [pool-6-thread-28] DEBUG c.h.p.o.u.VolumeAndVolumeMountUtil - [helmupgr] Creating volume mount for available ConfigMap 'test-bridge-configuration' of disabled extension 'hivemq-bridge-extension'
2025-01-29 13:56:38,867 INFO c.h.h.t.HelmChartContainer - [hivemq-test-hivemq-platform] [hivemq-platform-operator] [8c87e2c7] 13:56:38.866 [ReconcilerExecutor-hivemq-controller-122] INFO  c.h.p.o.HiveMQPlatformReconciler - [helmupgr] Reconciling HiveMQ Platform 'test-hivemq-platform' in namespace 'helmupgradeextensionit'
2025-01-29 13:56:38,867 INFO c.h.h.t.HelmChartContainer - [hivemq-test-hivemq-platform] [hivemq-platform-operator] [8c87e2c7] 13:56:38.866 [ReconcilerExecutor-hivemq-controller-122] DEBUG c.h.p.o.HiveMQPlatformReconciler - [helmupgr] Custom Resource Status RESTART_EXTENSIONS - HiveMQ Platform is restarting extensions (hivemq-bridge-extension) (RESTART_EXTENSIONS)
2025-01-29 13:56:38,867 INFO c.h.h.t.HelmChartContainer - [hivemq-test-hivemq-platform] [hivemq-platform-operator] [8c87e2c7] 13:56:38.866 [ReconcilerExecutor-hivemq-controller-122] DEBUG c.h.p.o.HiveMQPlatformReconciler - [helmupgr] Custom Resource Spec (replicas: 1) (extensions: 1)
2025-01-29 13:56:38,869 INFO c.h.h.t.HelmChartContainer - [hivemq-test-hivemq-platform] [hivemq-platform-operator] [8c87e2c7] 13:56:38.867 [ReconcilerExecutor-hivemq-controller-122] DEBUG c.h.p.o.HiveMQPlatformReconciler - [helmupgr] StatefulSet Status (revision: test-hivemq-platform-5b6c7575b6, replicas: 1, available: 1, ready: 1, current: 1, updated: 1)
2025-01-29 13:56:38,870 INFO c.h.h.t.HelmChartContainer - [hivemq-test-hivemq-platform] [hivemq-platform-operator] [8c87e2c7] 13:56:38.867 [ReconcilerExecutor-hivemq-controller-122] DEBUG c.h.p.o.HiveMQPlatformReconciler - [helmupgr] StatefulSet Spec (replicas: 1, init containers: 1, containers: 1, volumes: 4)
2025-01-29 13:56:38,870 INFO c.h.h.t.HelmChartContainer - [hivemq-test-hivemq-platform] [hivemq-platform-operator] [8c87e2c7] 13:56:38.868 [ReconcilerExecutor-hivemq-controller-122] DEBUG c.h.p.o.h.HiveMQPlatformReconcilerErrorHandler - [helmupgr] Pod 'test-hivemq-platform-0' phase Running
2025-01-29 13:56:38,971 INFO c.h.h.t.HelmChartContainer - [hivemq-test-hivemq-platform] [hivemq-platform-operator] [8c87e2c7] 13:56:38.969 [ReconcilerExecutor-hivemq-controller-122] DEBUG c.h.p.operator.event.EventSender - [helmupgr] Creating K8s event restart-extension-in-progress: [RestartExtension] HiveMQ Platform is waiting for extension restart (hivemq-bridge-extension)
2025-01-29 13:56:39,055 INFO c.h.h.t.HelmChartContainer - [hivemq-test-hivemq-platform] [hivemq-platform-operator] [8c87e2c7] 13:56:39.054 [ReconcilerExecutor-hivemq-controller-122] INFO  c.h.p.o.h.AbstractHiveMQReconcilerStateHandler - [helmupgr] Update HiveMQ Platform Status (RESTART_EXTENSIONS [RESTART_EXTENSIONS] -> RESTART_EXTENSIONS [WAIT_FOR_EXTENSION_RESTART]): HiveMQ Platform is waiting for extension restart (hivemq-bridge-extension)
2025-01-29 13:56:39,057 INFO c.h.h.t.HelmChartContainer - [EVENT] Normal [RestartExtension] HiveMQ Platform is waiting for extension restart (hivemq-bridge-extension) [helmupgradeextensionit:test-hivemq-platform]
2025-01-29 13:56:39,063 DEBUG com.hivemq.helmcharts.util.K8sUtil - Comparing actual state 'RESTART_EXTENSIONS' and waiting for 'RUNNING'
2025-01-29 13:56:39,861 INFO c.h.h.t.HelmChartContainer - [test-hivemq-platform] [hivemq] [d5e1daec] INFO  - [HiveMQ Platform Operator Init App 1.7.0-SNAPSHOT] Waiting for extension ConfigMap sync (expected hash: -1493170518) (current hash: -1817869294)
2025-01-29 13:56:40,861 INFO c.h.h.t.HelmChartContainer - [test-hivemq-platform] [hivemq] [d5e1daec] INFO  - [HiveMQ Platform Operator Init App 1.7.0-SNAPSHOT] Waiting for extension ConfigMap sync (expected hash: -1493170518) (current hash: -1817869294)
2025-01-29 13:56:41,862 INFO c.h.h.t.HelmChartContainer - [test-hivemq-platform] [hivemq] [d5e1daec] INFO  - [HiveMQ Platform Operator Init App 1.7.0-SNAPSHOT] Waiting for extension ConfigMap sync (expected hash: -1493170518) (current hash: -1817869294)
2025-01-29 13:56:42,862 INFO c.h.h.t.HelmChartContainer - [test-hivemq-platform] [hivemq] [d5e1daec] INFO  - [HiveMQ Platform Operator Init App 1.7.0-SNAPSHOT] Waiting for extension ConfigMap sync (expected hash: -1493170518) (current hash: -1817869294)
2025-01-29 13:56:43,863 INFO c.h.h.t.HelmChartContainer - [test-hivemq-platform] [hivemq] [d5e1daec] INFO  - [HiveMQ Platform Operator Init App 1.7.0-SNAPSHOT] Waiting for extension ConfigMap sync (expected hash: -1493170518) (current hash: -1817869294)
2025-01-29 13:56:44,863 INFO c.h.h.t.HelmChartContainer - [test-hivemq-platform] [hivemq] [d5e1daec] INFO  - [HiveMQ Platform Operator Init App 1.7.0-SNAPSHOT] Waiting for extension ConfigMap sync (expected hash: -1493170518) (current hash: -1817869294)
2025-01-29 13:56:45,865 INFO c.h.h.t.HelmChartContainer - [test-hivemq-platform] [hivemq] [d5e1daec] INFO  - [HiveMQ Platform Operator Init App 1.7.0-SNAPSHOT] Waiting for extension ConfigMap sync (expected hash: -1493170518) (current hash: -1817869294)
2025-01-29 13:56:46,865 INFO c.h.h.t.HelmChartContainer - [test-hivemq-platform] [hivemq] [d5e1daec] INFO  - [HiveMQ Platform Operator Init App 1.7.0-SNAPSHOT] Waiting for extension ConfigMap sync (expected hash: -1493170518) (current hash: -1817869294)
2025-01-29 13:56:47,865 INFO c.h.h.t.HelmChartContainer - [test-hivemq-platform] [hivemq] [d5e1daec] INFO  - [HiveMQ Platform Operator Init App 1.7.0-SNAPSHOT] Waiting for extension ConfigMap sync (expected hash: -1493170518) (current hash: -1817869294)
2025-01-29 13:56:48,866 INFO c.h.h.t.HelmChartContainer - [test-hivemq-platform] [hivemq] [d5e1daec] INFO  - [HiveMQ Platform Operator Init App 1.7.0-SNAPSHOT] Waiting for extension ConfigMap sync (expected hash: -1493170518) (current hash: -1817869294)
2025-01-29 13:56:49,069 INFO c.h.h.t.HelmChartContainer - [hivemq-test-hivemq-platform] [hivemq-platform-operator] [8c87e2c7] 13:56:49.067 [pool-6-thread-36] DEBUG c.h.p.o.d.PlatformServiceResource - [helmupgr] Desired Platform services (3 services)
2025-01-29 13:56:49,069 INFO c.h.h.t.HelmChartContainer - [hivemq-test-hivemq-platform] [hivemq-platform-operator] [8c87e2c7] 13:56:49.067 [pool-6-thread-38] DEBUG c.h.p.o.d.PodServiceAccountResource - [helmupgr] Desired PodServiceAccountResource (serviceAccountName: hivemq-platform-pod-test-hivemq-platform)
2025-01-29 13:56:49,071 INFO c.h.h.t.HelmChartContainer - [hivemq-test-hivemq-platform] [hivemq-platform-operator] [8c87e2c7] 13:56:49.069 [pool-6-thread-34] DEBUG c.h.p.o.dependants.PodInfoConfigMap - [helmupgr] Desired PodInfo ConfigMap (1 extensions) (0 enabled)
2025-01-29 13:56:49,071 INFO c.h.h.t.HelmChartContainer - [hivemq-test-hivemq-platform] [hivemq-platform-operator] [8c87e2c7] 13:56:49.069 [pool-6-thread-34] DEBUG c.h.p.o.dependants.PodInfoConfigMap - [helmupgr] Desired PodInfo ConfigMap (metrics port: 9399) (metrics path: /)
2025-01-29 13:56:49,071 INFO c.h.h.t.HelmChartContainer - [hivemq-test-hivemq-platform] [hivemq-platform-operator] [8c87e2c7] 13:56:49.069 [pool-6-thread-34] DEBUG c.h.p.o.dependants.PodInfoConfigMap - [helmupgr] Desired PodInfo ConfigMap (extension state hash: -1493170518)
2025-01-29 13:56:49,073 INFO c.h.h.t.HelmChartContainer - [hivemq-test-hivemq-platform] [hivemq-platform-operator] [8c87e2c7] 13:56:49.072 [pool-6-thread-36] DEBUG c.h.p.o.d.StatefulSetResource - [helmupgr] Desired StatefulSet (1 replicas) for status RESTART_EXTENSIONS (WAIT_FOR_EXTENSION_RESTART)
2025-01-29 13:56:49,074 INFO c.h.h.t.HelmChartContainer - [hivemq-test-hivemq-platform] [hivemq-platform-operator] [8c87e2c7] 13:56:49.073 [pool-6-thread-36] DEBUG c.h.p.o.u.VolumeAndVolumeMountUtil - [helmupgr] Creating volume mount for available ConfigMap 'test-bridge-configuration' of disabled extension 'hivemq-bridge-extension'
2025-01-29 13:56:49,076 INFO c.h.h.t.HelmChartContainer - [hivemq-test-hivemq-platform] [hivemq-platform-operator] [8c87e2c7] 13:56:49.075 [ReconcilerExecutor-hivemq-controller-123] INFO  c.h.p.o.HiveMQPlatformReconciler - [helmupgr] Reconciling HiveMQ Platform 'test-hivemq-platform' in namespace 'helmupgradeextensionit'
2025-01-29 13:56:49,076 INFO c.h.h.t.HelmChartContainer - [hivemq-test-hivemq-platform] [hivemq-platform-operator] [8c87e2c7] 13:56:49.075 [ReconcilerExecutor-hivemq-controller-123] DEBUG c.h.p.o.HiveMQPlatformReconciler - [helmupgr] Custom Resource Status RESTART_EXTENSIONS - HiveMQ Platform is waiting for extension restart (hivemq-bridge-extension) (WAIT_FOR_EXTENSION_RESTART)
2025-01-29 13:56:49,078 INFO c.h.h.t.HelmChartContainer - [hivemq-test-hivemq-platform] [hivemq-platform-operator] [8c87e2c7] 13:56:49.075 [ReconcilerExecutor-hivemq-controller-123] DEBUG c.h.p.o.HiveMQPlatformReconciler - [helmupgr] Custom Resource Spec (replicas: 1) (extensions: 1)
2025-01-29 13:56:49,078 INFO c.h.h.t.HelmChartContainer - [hivemq-test-hivemq-platform] [hivemq-platform-operator] [8c87e2c7] 13:56:49.077 [ReconcilerExecutor-hivemq-controller-123] DEBUG c.h.p.o.HiveMQPlatformReconciler - [helmupgr] StatefulSet Status (revision: test-hivemq-platform-5b6c7575b6, replicas: 1, available: 1, ready: 1, current: 1, updated: 1)
2025-01-29 13:56:49,080 INFO c.h.h.t.HelmChartContainer - [hivemq-test-hivemq-platform] [hivemq-platform-operator] [8c87e2c7] 13:56:49.077 [ReconcilerExecutor-hivemq-controller-123] DEBUG c.h.p.o.HiveMQPlatformReconciler - [helmupgr] StatefulSet Spec (replicas: 1, init containers: 1, containers: 1, volumes: 4)
2025-01-29 13:56:49,080 INFO c.h.h.t.HelmChartContainer - [hivemq-test-hivemq-platform] [hivemq-platform-operator] [8c87e2c7] 13:56:49.078 [ReconcilerExecutor-hivemq-controller-123] DEBUG c.h.p.o.h.HiveMQPlatformReconcilerErrorHandler - [helmupgr] Pod 'test-hivemq-platform-0' phase Running
2025-01-29 13:56:49,151 INFO c.h.h.t.HelmChartContainer - [hivemq-test-hivemq-platform] [hivemq-platform-operator] [8c87e2c7] 13:56:49.085 [ReconcilerExecutor-hivemq-controller-123] DEBUG c.h.p.o.h.HiveMQPlatformReconcilerRestartExtensionsHandler - [helmupgr] Checking update extension status on Pod 'test-hivemq-platform-0'
2025-01-29 13:56:49,198 INFO c.h.h.t.HelmChartContainer - [test-hivemq-platform] [hivemq] [d5e1daec] INFO  - [HiveMQ Platform Operator Init App 1.7.0-SNAPSHOT] Extension update is pending (0 errors)
2025-01-29 13:56:49,207 INFO c.h.h.t.HelmChartContainer - [test-hivemq-platform] [hivemq] [d5e1daec] WARN  - Bridge Extension: Connect to bridge 'testbridge' failed for the 4 time, reason: connection timed out after 10000 ms: /172.17.0.3:1883
2025-01-29 13:56:49,252 INFO c.h.h.t.HelmChartContainer - [hivemq-test-hivemq-platform] [hivemq-platform-operator] [8c87e2c7] 13:56:49.251 [vert.x-eventloop-thread-0] DEBUG c.h.platform.operator.util.PodUtil - Received status for command '[curl, -s, http://10.42.0.6:7979/updateExtensionStatus]' on Pod 'test-hivemq-platform-0' (exit code: 0)
2025-01-29 13:56:49,866 INFO c.h.h.t.HelmChartContainer - [test-hivemq-platform] [hivemq] [d5e1daec] INFO  - [HiveMQ Platform Operator Init App 1.7.0-SNAPSHOT] Waiting for extension ConfigMap sync (expected hash: -1493170518) (current hash: -1817869294)
2025-01-29 13:56:49,961 INFO c.h.h.t.HelmChartContainer - [test-hivemq-platform] [hivemq] [d5e1daec] WARN  - Bridge Extension: Connect to bridge 'testbridge' failed for the 4 time, reason: connection timed out after 10000 ms: /172.17.0.3:1883
2025-01-29 13:56:50,254 INFO c.h.h.t.HelmChartContainer - [hivemq-test-hivemq-platform] [hivemq-platform-operator] [8c87e2c7] 13:56:50.252 [pool-6-thread-48] DEBUG c.h.p.o.d.PlatformServiceResource - [helmupgr] Desired Platform services (3 services)
2025-01-29 13:56:50,256 INFO c.h.h.t.HelmChartContainer - [hivemq-test-hivemq-platform] [hivemq-platform-operator] [8c87e2c7] 13:56:50.253 [pool-6-thread-49] DEBUG c.h.p.o.d.PodServiceAccountResource - [helmupgr] Desired PodServiceAccountResource (serviceAccountName: hivemq-platform-pod-test-hivemq-platform)
2025-01-29 13:56:50,256 INFO c.h.h.t.HelmChartContainer - [hivemq-test-hivemq-platform] [hivemq-platform-operator] [8c87e2c7] 13:56:50.253 [pool-6-thread-46] DEBUG c.h.p.o.dependants.PodInfoConfigMap - [helmupgr] Desired PodInfo ConfigMap (1 extensions) (0 enabled)
2025-01-29 13:56:50,256 INFO c.h.h.t.HelmChartContainer - [hivemq-test-hivemq-platform] [hivemq-platform-operator] [8c87e2c7] 13:56:50.253 [pool-6-thread-46] DEBUG c.h.p.o.dependants.PodInfoConfigMap - [helmupgr] Desired PodInfo ConfigMap (metrics port: 9399) (metrics path: /)
2025-01-29 13:56:50,256 INFO c.h.h.t.HelmChartContainer - [hivemq-test-hivemq-platform] [hivemq-platform-operator] [8c87e2c7] 13:56:50.253 [pool-6-thread-46] DEBUG c.h.p.o.dependants.PodInfoConfigMap - [helmupgr] Desired PodInfo ConfigMap (extension state hash: -1493170518)
2025-01-29 13:56:50,258 INFO c.h.h.t.HelmChartContainer - [hivemq-test-hivemq-platform] [hivemq-platform-operator] [8c87e2c7] 13:56:50.257 [pool-6-thread-48] DEBUG c.h.p.o.d.StatefulSetResource - [helmupgr] Desired StatefulSet (1 replicas) for status RESTART_EXTENSIONS (WAIT_FOR_EXTENSION_RESTART)
2025-01-29 13:56:50,259 INFO c.h.h.t.HelmChartContainer - [hivemq-test-hivemq-platform] [hivemq-platform-operator] [8c87e2c7] 13:56:50.259 [pool-6-thread-48] DEBUG c.h.p.o.u.VolumeAndVolumeMountUtil - [helmupgr] Creating volume mount for available ConfigMap 'test-bridge-configuration' of disabled extension 'hivemq-bridge-extension'
2025-01-29 13:56:50,263 INFO c.h.h.t.HelmChartContainer - [hivemq-test-hivemq-platform] [hivemq-platform-operator] [8c87e2c7] 13:56:50.262 [ReconcilerExecutor-hivemq-controller-124] INFO  c.h.p.o.HiveMQPlatformReconciler - [helmupgr] Reconciling HiveMQ Platform 'test-hivemq-platform' in namespace 'helmupgradeextensionit'
2025-01-29 13:56:50,263 INFO c.h.h.t.HelmChartContainer - [hivemq-test-hivemq-platform] [hivemq-platform-operator] [8c87e2c7] 13:56:50.262 [ReconcilerExecutor-hivemq-controller-124] DEBUG c.h.p.o.HiveMQPlatformReconciler - [helmupgr] Custom Resource Status RESTART_EXTENSIONS - HiveMQ Platform is waiting for extension restart (hivemq-bridge-extension) (WAIT_FOR_EXTENSION_RESTART)
2025-01-29 13:56:50,264 INFO c.h.h.t.HelmChartContainer - [hivemq-test-hivemq-platform] [hivemq-platform-operator] [8c87e2c7] 13:56:50.262 [ReconcilerExecutor-hivemq-controller-124] DEBUG c.h.p.o.HiveMQPlatformReconciler - [helmupgr] Custom Resource Spec (replicas: 1) (extensions: 1)
2025-01-29 13:56:50,265 INFO c.h.h.t.HelmChartContainer - [hivemq-test-hivemq-platform] [hivemq-platform-operator] [8c87e2c7] 13:56:50.263 [ReconcilerExecutor-hivemq-controller-124] DEBUG c.h.p.o.HiveMQPlatformReconciler - [helmupgr] StatefulSet Status (revision: test-hivemq-platform-5b6c7575b6, replicas: 1, available: 1, ready: 1, current: 1, updated: 1)
2025-01-29 13:56:50,265 INFO c.h.h.t.HelmChartContainer - [hivemq-test-hivemq-platform] [hivemq-platform-operator] [8c87e2c7] 13:56:50.263 [ReconcilerExecutor-hivemq-controller-124] DEBUG c.h.p.o.HiveMQPlatformReconciler - [helmupgr] StatefulSet Spec (replicas: 1, init containers: 1, containers: 1, volumes: 4)
2025-01-29 13:56:50,266 INFO c.h.h.t.HelmChartContainer - [hivemq-test-hivemq-platform] [hivemq-platform-operator] [8c87e2c7] 13:56:50.264 [ReconcilerExecutor-hivemq-controller-124] DEBUG c.h.p.o.h.HiveMQPlatformReconcilerErrorHandler - [helmupgr] Pod 'test-hivemq-platform-0' phase Running
2025-01-29 13:56:50,266 INFO c.h.h.t.HelmChartContainer - [hivemq-test-hivemq-platform] [hivemq-platform-operator] [8c87e2c7] 13:56:50.265 [ReconcilerExecutor-hivemq-controller-124] INFO  c.h.p.o.h.HiveMQPlatformReconcilerRestartExtensionsHandler - [helmupgr] Extension update on Pod 'test-hivemq-platform-0' is still pending
2025-01-29 13:56:50,867 INFO c.h.h.t.HelmChartContainer - [test-hivemq-platform] [hivemq] [d5e1daec] INFO  - [HiveMQ Platform Operator Init App 1.7.0-SNAPSHOT] Waiting for extension ConfigMap sync (expected hash: -1493170518) (current hash: -1817869294)
2025-01-29 13:56:51,867 INFO c.h.h.t.HelmChartContainer - [test-hivemq-platform] [hivemq] [d5e1daec] INFO  - [HiveMQ Platform Operator Init App 1.7.0-SNAPSHOT] Waiting for extension ConfigMap sync (expected hash: -1493170518) (current hash: -1817869294)
2025-01-29 13:56:52,867 INFO c.h.h.t.HelmChartContainer - [test-hivemq-platform] [hivemq] [d5e1daec] INFO  - [HiveMQ Platform Operator Init App 1.7.0-SNAPSHOT] Waiting for extension ConfigMap sync (expected hash: -1493170518) (current hash: -1817869294)
2025-01-29 13:56:53,868 INFO c.h.h.t.HelmChartContainer - [test-hivemq-platform] [hivemq] [d5e1daec] INFO  - [HiveMQ Platform Operator Init App 1.7.0-SNAPSHOT] Waiting for extension ConfigMap sync (expected hash: -1493170518) (current hash: -1817869294)
2025-01-29 13:56:54,868 INFO c.h.h.t.HelmChartContainer - [test-hivemq-platform] [hivemq] [d5e1daec] INFO  - [HiveMQ Platform Operator Init App 1.7.0-SNAPSHOT] Waiting for extension ConfigMap sync (expected hash: -1493170518) (current hash: -1817869294)
2025-01-29 13:56:55,869 INFO c.h.h.t.HelmChartContainer - [test-hivemq-platform] [hivemq] [d5e1daec] INFO  - [HiveMQ Platform Operator Init App 1.7.0-SNAPSHOT] Waiting for extension ConfigMap sync (expected hash: -1493170518) (current hash: -1817869294)
2025-01-29 13:56:56,869 INFO c.h.h.t.HelmChartContainer - [test-hivemq-platform] [hivemq] [d5e1daec] INFO  - [HiveMQ Platform Operator Init App 1.7.0-SNAPSHOT] Waiting for extension ConfigMap sync (expected hash: -1493170518) (current hash: -1817869294)
2025-01-29 13:56:57,870 INFO c.h.h.t.HelmChartContainer - [test-hivemq-platform] [hivemq] [d5e1daec] INFO  - [HiveMQ Platform Operator Init App 1.7.0-SNAPSHOT] Waiting for extension ConfigMap sync (expected hash: -1493170518) (current hash: -1817869294)
2025-01-29 13:56:58,870 INFO c.h.h.t.HelmChartContainer - [test-hivemq-platform] [hivemq] [d5e1daec] INFO  - [HiveMQ Platform Operator Init App 1.7.0-SNAPSHOT] Waiting for extension ConfigMap sync (expected hash: -1493170518) (current hash: -1817869294)
2025-01-29 13:56:59,871 INFO c.h.h.t.HelmChartContainer - [test-hivemq-platform] [hivemq] [d5e1daec] INFO  - [HiveMQ Platform Operator Init App 1.7.0-SNAPSHOT] Waiting for extension ConfigMap sync (expected hash: -1493170518) (current hash: -1817869294)
2025-01-29 13:57:00,271 INFO c.h.h.t.HelmChartContainer - [hivemq-test-hivemq-platform] [hivemq-platform-operator] [8c87e2c7] 13:57:00.268 [pool-6-thread-7] DEBUG c.h.p.o.d.PlatformServiceResource - [helmupgr] Desired Platform services (3 services)
2025-01-29 13:57:00,271 INFO c.h.h.t.HelmChartContainer - [hivemq-test-hivemq-platform] [hivemq-platform-operator] [8c87e2c7] 13:57:00.269 [pool-6-thread-8] DEBUG c.h.p.o.d.PodServiceAccountResource - [helmupgr] Desired PodServiceAccountResource (serviceAccountName: hivemq-platform-pod-test-hivemq-platform)
2025-01-29 13:57:00,273 INFO c.h.h.t.HelmChartContainer - [hivemq-test-hivemq-platform] [hivemq-platform-operator] [8c87e2c7] 13:57:00.272 [pool-6-thread-2] DEBUG c.h.p.o.dependants.PodInfoConfigMap - [helmupgr] Desired PodInfo ConfigMap (1 extensions) (0 enabled)
2025-01-29 13:57:00,273 INFO c.h.h.t.HelmChartContainer - [hivemq-test-hivemq-platform] [hivemq-platform-operator] [8c87e2c7] 13:57:00.272 [pool-6-thread-2] DEBUG c.h.p.o.dependants.PodInfoConfigMap - [helmupgr] Desired PodInfo ConfigMap (metrics port: 9399) (metrics path: /)
2025-01-29 13:57:00,273 INFO c.h.h.t.HelmChartContainer - [hivemq-test-hivemq-platform] [hivemq-platform-operator] [8c87e2c7] 13:57:00.272 [pool-6-thread-2] DEBUG c.h.p.o.dependants.PodInfoConfigMap - [helmupgr] Desired PodInfo ConfigMap (extension state hash: -1493170518)
2025-01-29 13:57:00,276 INFO c.h.h.t.HelmChartContainer - [hivemq-test-hivemq-platform] [hivemq-platform-operator] [8c87e2c7] 13:57:00.275 [pool-6-thread-7] DEBUG c.h.p.o.d.StatefulSetResource - [helmupgr] Desired StatefulSet (1 replicas) for status RESTART_EXTENSIONS (WAIT_FOR_EXTENSION_RESTART)
2025-01-29 13:57:00,277 INFO c.h.h.t.HelmChartContainer - [hivemq-test-hivemq-platform] [hivemq-platform-operator] [8c87e2c7] 13:57:00.277 [pool-6-thread-7] DEBUG c.h.p.o.u.VolumeAndVolumeMountUtil - [helmupgr] Creating volume mount for available ConfigMap 'test-bridge-configuration' of disabled extension 'hivemq-bridge-extension'
2025-01-29 13:57:00,281 INFO c.h.h.t.HelmChartContainer - [hivemq-test-hivemq-platform] [hivemq-platform-operator] [8c87e2c7] 13:57:00.279 [ReconcilerExecutor-hivemq-controller-125] INFO  c.h.p.o.HiveMQPlatformReconciler - [helmupgr] Reconciling HiveMQ Platform 'test-hivemq-platform' in namespace 'helmupgradeextensionit'
2025-01-29 13:57:00,281 INFO c.h.h.t.HelmChartContainer - [hivemq-test-hivemq-platform] [hivemq-platform-operator] [8c87e2c7] 13:57:00.280 [ReconcilerExecutor-hivemq-controller-125] DEBUG c.h.p.o.HiveMQPlatformReconciler - [helmupgr] Custom Resource Status RESTART_EXTENSIONS - HiveMQ Platform is waiting for extension restart (hivemq-bridge-extension) (WAIT_FOR_EXTENSION_RESTART)
2025-01-29 13:57:00,281 INFO c.h.h.t.HelmChartContainer - [hivemq-test-hivemq-platform] [hivemq-platform-operator] [8c87e2c7] 13:57:00.280 [ReconcilerExecutor-hivemq-controller-125] DEBUG c.h.p.o.HiveMQPlatformReconciler - [helmupgr] Custom Resource Spec (replicas: 1) (extensions: 1)
2025-01-29 13:57:00,282 INFO c.h.h.t.HelmChartContainer - [hivemq-test-hivemq-platform] [hivemq-platform-operator] [8c87e2c7] 13:57:00.282 [ReconcilerExecutor-hivemq-controller-125] DEBUG c.h.p.o.HiveMQPlatformReconciler - [helmupgr] StatefulSet Status (revision: test-hivemq-platform-5b6c7575b6, replicas: 1, available: 1, ready: 1, current: 1, updated: 1)
2025-01-29 13:57:00,282 INFO c.h.h.t.HelmChartContainer - [hivemq-test-hivemq-platform] [hivemq-platform-operator] [8c87e2c7] 13:57:00.282 [ReconcilerExecutor-hivemq-controller-125] DEBUG c.h.p.o.HiveMQPlatformReconciler - [helmupgr] StatefulSet Spec (replicas: 1, init containers: 1, containers: 1, volumes: 4)
2025-01-29 13:57:00,284 INFO c.h.h.t.HelmChartContainer - [hivemq-test-hivemq-platform] [hivemq-platform-operator] [8c87e2c7] 13:57:00.284 [ReconcilerExecutor-hivemq-controller-125] DEBUG c.h.p.o.h.HiveMQPlatformReconcilerErrorHandler - [helmupgr] Pod 'test-hivemq-platform-0' phase Running
2025-01-29 13:57:00,351 INFO c.h.h.t.HelmChartContainer - [hivemq-test-hivemq-platform] [hivemq-platform-operator] [8c87e2c7] 13:57:00.351 [ReconcilerExecutor-hivemq-controller-125] DEBUG c.h.p.o.h.HiveMQPlatformReconcilerRestartExtensionsHandler - [helmupgr] Checking update extension status on Pod 'test-hivemq-platform-0'
2025-01-29 13:57:00,398 INFO c.h.h.t.HelmChartContainer - [test-hivemq-platform] [hivemq] [d5e1daec] INFO  - [HiveMQ Platform Operator Init App 1.7.0-SNAPSHOT] Extension update is pending (0 errors)
2025-01-29 13:57:00,451 INFO c.h.h.t.HelmChartContainer - [hivemq-test-hivemq-platform] [hivemq-platform-operator] [8c87e2c7] 13:57:00.450 [vert.x-eventloop-thread-1] DEBUG c.h.platform.operator.util.PodUtil - Received status for command '[curl, -s, http://10.42.0.6:7979/updateExtensionStatus]' on Pod 'test-hivemq-platform-0' (exit code: 0)
2025-01-29 13:57:00,871 INFO c.h.h.t.HelmChartContainer - [test-hivemq-platform] [hivemq] [d5e1daec] INFO  - [HiveMQ Platform Operator Init App 1.7.0-SNAPSHOT] Waiting for extension ConfigMap sync (expected hash: -1493170518) (current hash: -1817869294)
2025-01-29 13:57:01,378 INFO c.h.h.t.HelmChartContainer - [hivemq-test-hivemq-platform] [hivemq-platform-operator] [8c87e2c7] 13:57:01.375 [pool-6-thread-18] DEBUG c.h.p.o.dependants.PodInfoConfigMap - [helmupgr] Desired PodInfo ConfigMap (1 extensions) (0 enabled)
2025-01-29 13:57:01,378 INFO c.h.h.t.HelmChartContainer - [hivemq-test-hivemq-platform] [hivemq-platform-operator] [8c87e2c7] 13:57:01.375 [pool-6-thread-20] DEBUG c.h.p.o.d.PlatformServiceResource - [helmupgr] Desired Platform services (3 services)
2025-01-29 13:57:01,381 INFO c.h.h.t.HelmChartContainer - [hivemq-test-hivemq-platform] [hivemq-platform-operator] [8c87e2c7] 13:57:01.378 [pool-6-thread-18] DEBUG c.h.p.o.dependants.PodInfoConfigMap - [helmupgr] Desired PodInfo ConfigMap (metrics port: 9399) (metrics path: /)
2025-01-29 13:57:01,381 INFO c.h.h.t.HelmChartContainer - [hivemq-test-hivemq-platform] [hivemq-platform-operator] [8c87e2c7] 13:57:01.378 [pool-6-thread-18] DEBUG c.h.p.o.dependants.PodInfoConfigMap - [helmupgr] Desired PodInfo ConfigMap (extension state hash: -1493170518)
2025-01-29 13:57:01,381 INFO c.h.h.t.HelmChartContainer - [hivemq-test-hivemq-platform] [hivemq-platform-operator] [8c87e2c7] 13:57:01.378 [pool-6-thread-17] DEBUG c.h.p.o.d.PodServiceAccountResource - [helmupgr] Desired PodServiceAccountResource (serviceAccountName: hivemq-platform-pod-test-hivemq-platform)
2025-01-29 13:57:01,383 INFO c.h.h.t.HelmChartContainer - [hivemq-test-hivemq-platform] [hivemq-platform-operator] [8c87e2c7] 13:57:01.381 [pool-6-thread-20] DEBUG c.h.p.o.d.StatefulSetResource - [helmupgr] Desired StatefulSet (1 replicas) for status RESTART_EXTENSIONS (WAIT_FOR_EXTENSION_RESTART)
2025-01-29 13:57:01,386 INFO c.h.h.t.HelmChartContainer - [hivemq-test-hivemq-platform] [hivemq-platform-operator] [8c87e2c7] 13:57:01.382 [pool-6-thread-20] DEBUG c.h.p.o.u.VolumeAndVolumeMountUtil - [helmupgr] Creating volume mount for available ConfigMap 'test-bridge-configuration' of disabled extension 'hivemq-bridge-extension'
2025-01-29 13:57:01,387 INFO c.h.h.t.HelmChartContainer - [hivemq-test-hivemq-platform] [hivemq-platform-operator] [8c87e2c7] 13:57:01.386 [ReconcilerExecutor-hivemq-controller-126] INFO  c.h.p.o.HiveMQPlatformReconciler - [helmupgr] Reconciling HiveMQ Platform 'test-hivemq-platform' in namespace 'helmupgradeextensionit'
2025-01-29 13:57:01,387 INFO c.h.h.t.HelmChartContainer - [hivemq-test-hivemq-platform] [hivemq-platform-operator] [8c87e2c7] 13:57:01.386 [ReconcilerExecutor-hivemq-controller-126] DEBUG c.h.p.o.HiveMQPlatformReconciler - [helmupgr] Custom Resource Status RESTART_EXTENSIONS - HiveMQ Platform is waiting for extension restart (hivemq-bridge-extension) (WAIT_FOR_EXTENSION_RESTART)
2025-01-29 13:57:01,388 INFO c.h.h.t.HelmChartContainer - [hivemq-test-hivemq-platform] [hivemq-platform-operator] [8c87e2c7] 13:57:01.386 [ReconcilerExecutor-hivemq-controller-126] DEBUG c.h.p.o.HiveMQPlatformReconciler - [helmupgr] Custom Resource Spec (replicas: 1) (extensions: 1)
2025-01-29 13:57:01,389 INFO c.h.h.t.HelmChartContainer - [hivemq-test-hivemq-platform] [hivemq-platform-operator] [8c87e2c7] 13:57:01.388 [ReconcilerExecutor-hivemq-controller-126] DEBUG c.h.p.o.HiveMQPlatformReconciler - [helmupgr] StatefulSet Status (revision: test-hivemq-platform-5b6c7575b6, replicas: 1, available: 1, ready: 1, current: 1, updated: 1)
2025-01-29 13:57:01,389 INFO c.h.h.t.HelmChartContainer - [hivemq-test-hivemq-platform] [hivemq-platform-operator] [8c87e2c7] 13:57:01.388 [ReconcilerExecutor-hivemq-controller-126] DEBUG c.h.p.o.HiveMQPlatformReconciler - [helmupgr] StatefulSet Spec (replicas: 1, init containers: 1, containers: 1, volumes: 4)
2025-01-29 13:57:01,391 INFO c.h.h.t.HelmChartContainer - [hivemq-test-hivemq-platform] [hivemq-platform-operator] [8c87e2c7] 13:57:01.389 [ReconcilerExecutor-hivemq-controller-126] DEBUG c.h.p.o.h.HiveMQPlatformReconcilerErrorHandler - [helmupgr] Pod 'test-hivemq-platform-0' phase Running
2025-01-29 13:57:01,391 INFO c.h.h.t.HelmChartContainer - [hivemq-test-hivemq-platform] [hivemq-platform-operator] [8c87e2c7] 13:57:01.390 [ReconcilerExecutor-hivemq-controller-126] INFO  c.h.p.o.h.HiveMQPlatformReconcilerRestartExtensionsHandler - [helmupgr] Extension update on Pod 'test-hivemq-platform-0' is still pending
2025-01-29 13:57:01,871 INFO c.h.h.t.HelmChartContainer - [test-hivemq-platform] [hivemq] [d5e1daec] INFO  - [HiveMQ Platform Operator Init App 1.7.0-SNAPSHOT] Waiting for extension ConfigMap sync (expected hash: -1493170518) (current hash: -1817869294)
2025-01-29 13:57:02,872 INFO c.h.h.t.HelmChartContainer - [test-hivemq-platform] [hivemq] [d5e1daec] INFO  - [HiveMQ Platform Operator Init App 1.7.0-SNAPSHOT] Waiting for extension ConfigMap sync (expected hash: -1493170518) (current hash: -1817869294)
2025-01-29 13:57:03,872 INFO c.h.h.t.HelmChartContainer - [test-hivemq-platform] [hivemq] [d5e1daec] INFO  - [HiveMQ Platform Operator Init App 1.7.0-SNAPSHOT] Waiting for extension ConfigMap sync (expected hash: -1493170518) (current hash: -1817869294)
2025-01-29 13:57:04,873 INFO c.h.h.t.HelmChartContainer - [test-hivemq-platform] [hivemq] [d5e1daec] INFO  - [HiveMQ Platform Operator Init App 1.7.0-SNAPSHOT] Waiting for extension ConfigMap sync (expected hash: -1493170518) (current hash: -1817869294)
2025-01-29 13:57:05,956 INFO c.h.h.t.HelmChartContainer - [test-hivemq-platform] [hivemq] [d5e1daec] INFO  - [HiveMQ Platform Operator Init App 1.7.0-SNAPSHOT] Waiting for extension ConfigMap sync (expected hash: -1493170518) (current hash: -1817869294)
2025-01-29 13:57:06,956 INFO c.h.h.t.HelmChartContainer - [test-hivemq-platform] [hivemq] [d5e1daec] INFO  - [HiveMQ Platform Operator Init App 1.7.0-SNAPSHOT] Waiting for extension ConfigMap sync (expected hash: -1493170518) (current hash: -1817869294)
2025-01-29 13:57:07,957 INFO c.h.h.t.HelmChartContainer - [test-hivemq-platform] [hivemq] [d5e1daec] INFO  - [HiveMQ Platform Operator Init App 1.7.0-SNAPSHOT] Waiting for extension ConfigMap sync (expected hash: -1493170518) (current hash: -1817869294)
2025-01-29 13:57:08,957 INFO c.h.h.t.HelmChartContainer - [test-hivemq-platform] [hivemq] [d5e1daec] INFO  - [HiveMQ Platform Operator Init App 1.7.0-SNAPSHOT] Waiting for extension ConfigMap sync (expected hash: -1493170518) (current hash: -1817869294)
2025-01-29 13:57:09,958 INFO c.h.h.t.HelmChartContainer - [test-hivemq-platform] [hivemq] [d5e1daec] INFO  - [HiveMQ Platform Operator Init App 1.7.0-SNAPSHOT] Waiting for extension ConfigMap sync (expected hash: -1493170518) (current hash: -1817869294)
2025-01-29 13:57:10,958 INFO c.h.h.t.HelmChartContainer - [test-hivemq-platform] [hivemq] [d5e1daec] INFO  - [HiveMQ Platform Operator Init App 1.7.0-SNAPSHOT] Waiting for extension ConfigMap sync (expected hash: -1493170518) (current hash: -1817869294)
2025-01-29 13:57:11,396 INFO c.h.h.t.HelmChartContainer - [hivemq-test-hivemq-platform] [hivemq-platform-operator] [8c87e2c7] 13:57:11.393 [pool-6-thread-26] DEBUG c.h.p.o.d.PlatformServiceResource - [helmupgr] Desired Platform services (3 services)
2025-01-29 13:57:11,397 INFO c.h.h.t.HelmChartContainer - [hivemq-test-hivemq-platform] [hivemq-platform-operator] [8c87e2c7] 13:57:11.393 [pool-6-thread-27] DEBUG c.h.p.o.d.PodServiceAccountResource - [helmupgr] Desired PodServiceAccountResource (serviceAccountName: hivemq-platform-pod-test-hivemq-platform)
2025-01-29 13:57:11,397 INFO c.h.h.t.HelmChartContainer - [hivemq-test-hivemq-platform] [hivemq-platform-operator] [8c87e2c7] 13:57:11.393 [pool-6-thread-30] DEBUG c.h.p.o.dependants.PodInfoConfigMap - [helmupgr] Desired PodInfo ConfigMap (1 extensions) (0 enabled)
2025-01-29 13:57:11,397 INFO c.h.h.t.HelmChartContainer - [hivemq-test-hivemq-platform] [hivemq-platform-operator] [8c87e2c7] 13:57:11.395 [pool-6-thread-30] DEBUG c.h.p.o.dependants.PodInfoConfigMap - [helmupgr] Desired PodInfo ConfigMap (metrics port: 9399) (metrics path: /)
2025-01-29 13:57:11,397 INFO c.h.h.t.HelmChartContainer - [hivemq-test-hivemq-platform] [hivemq-platform-operator] [8c87e2c7] 13:57:11.395 [pool-6-thread-30] DEBUG c.h.p.o.dependants.PodInfoConfigMap - [helmupgr] Desired PodInfo ConfigMap (extension state hash: -1493170518)
2025-01-29 13:57:11,402 INFO c.h.h.t.HelmChartContainer - [hivemq-test-hivemq-platform] [hivemq-platform-operator] [8c87e2c7] 13:57:11.400 [pool-6-thread-26] DEBUG c.h.p.o.d.StatefulSetResource - [helmupgr] Desired StatefulSet (1 replicas) for status RESTART_EXTENSIONS (WAIT_FOR_EXTENSION_RESTART)
2025-01-29 13:57:11,403 INFO c.h.h.t.HelmChartContainer - [hivemq-test-hivemq-platform] [hivemq-platform-operator] [8c87e2c7] 13:57:11.402 [pool-6-thread-26] DEBUG c.h.p.o.u.VolumeAndVolumeMountUtil - [helmupgr] Creating volume mount for available ConfigMap 'test-bridge-configuration' of disabled extension 'hivemq-bridge-extension'
2025-01-29 13:57:11,408 INFO c.h.h.t.HelmChartContainer - [hivemq-test-hivemq-platform] [hivemq-platform-operator] [8c87e2c7] 13:57:11.405 [ReconcilerExecutor-hivemq-controller-127] INFO  c.h.p.o.HiveMQPlatformReconciler - [helmupgr] Reconciling HiveMQ Platform 'test-hivemq-platform' in namespace 'helmupgradeextensionit'
2025-01-29 13:57:11,409 INFO c.h.h.t.HelmChartContainer - [hivemq-test-hivemq-platform] [hivemq-platform-operator] [8c87e2c7] 13:57:11.405 [ReconcilerExecutor-hivemq-controller-127] DEBUG c.h.p.o.HiveMQPlatformReconciler - [helmupgr] Custom Resource Status RESTART_EXTENSIONS - HiveMQ Platform is waiting for extension restart (hivemq-bridge-extension) (WAIT_FOR_EXTENSION_RESTART)
2025-01-29 13:57:11,409 INFO c.h.h.t.HelmChartContainer - [hivemq-test-hivemq-platform] [hivemq-platform-operator] [8c87e2c7] 13:57:11.405 [ReconcilerExecutor-hivemq-controller-127] DEBUG c.h.p.o.HiveMQPlatformReconciler - [helmupgr] Custom Resource Spec (replicas: 1) (extensions: 1)
2025-01-29 13:57:11,409 INFO c.h.h.t.HelmChartContainer - [hivemq-test-hivemq-platform] [hivemq-platform-operator] [8c87e2c7] 13:57:11.407 [ReconcilerExecutor-hivemq-controller-127] DEBUG c.h.p.o.HiveMQPlatformReconciler - [helmupgr] StatefulSet Status (revision: test-hivemq-platform-5b6c7575b6, replicas: 1, available: 1, ready: 1, current: 1, updated: 1)
2025-01-29 13:57:11,409 INFO c.h.h.t.HelmChartContainer - [hivemq-test-hivemq-platform] [hivemq-platform-operator] [8c87e2c7] 13:57:11.407 [ReconcilerExecutor-hivemq-controller-127] DEBUG c.h.p.o.HiveMQPlatformReconciler - [helmupgr] StatefulSet Spec (replicas: 1, init containers: 1, containers: 1, volumes: 4)
2025-01-29 13:57:11,411 INFO c.h.h.t.HelmChartContainer - [hivemq-test-hivemq-platform] [hivemq-platform-operator] [8c87e2c7] 13:57:11.409 [ReconcilerExecutor-hivemq-controller-127] DEBUG c.h.p.o.h.HiveMQPlatformReconcilerErrorHandler - [helmupgr] Pod 'test-hivemq-platform-0' phase Running
2025-01-29 13:57:11,453 INFO c.h.h.t.HelmChartContainer - [hivemq-test-hivemq-platform] [hivemq-platform-operator] [8c87e2c7] 13:57:11.451 [ReconcilerExecutor-hivemq-controller-127] DEBUG c.h.p.o.h.HiveMQPlatformReconcilerRestartExtensionsHandler - [helmupgr] Checking update extension status on Pod 'test-hivemq-platform-0'
2025-01-29 13:57:11,540 INFO c.h.h.t.HelmChartContainer - [test-hivemq-platform] [hivemq] [d5e1daec] INFO  - [HiveMQ Platform Operator Init App 1.7.0-SNAPSHOT] Extension update is pending (0 errors)
2025-01-29 13:57:11,551 INFO c.h.h.t.HelmChartContainer - [hivemq-test-hivemq-platform] [hivemq-platform-operator] [8c87e2c7] 13:57:11.550 [vert.x-eventloop-thread-0] DEBUG c.h.platform.operator.util.PodUtil - Received status for command '[curl, -s, http://10.42.0.6:7979/updateExtensionStatus]' on Pod 'test-hivemq-platform-0' (exit code: 0)
2025-01-29 13:57:11,623 INFO c.h.h.t.HelmChartContainer - [test-hivemq-platform] [hivemq] [d5e1daec] WARN  - Bridge Extension: Connect to bridge 'testbridge' failed for the 5 time, reason: connection timed out after 10000 ms: /172.17.0.3:1883
2025-01-29 13:57:11,959 INFO c.h.h.t.HelmChartContainer - [test-hivemq-platform] [hivemq] [d5e1daec] INFO  - [HiveMQ Platform Operator Init App 1.7.0-SNAPSHOT] Waiting for extension ConfigMap sync (expected hash: -1493170518) (current hash: -1817869294)
2025-01-29 13:57:12,521 INFO c.h.h.t.HelmChartContainer - [hivemq-test-hivemq-platform] [hivemq-platform-operator] [8c87e2c7] 13:57:12.518 [pool-6-thread-31] DEBUG c.h.p.o.d.PlatformServiceResource - [helmupgr] Desired Platform services (3 services)
2025-01-29 13:57:12,522 INFO c.h.h.t.HelmChartContainer - [hivemq-test-hivemq-platform] [hivemq-platform-operator] [8c87e2c7] 13:57:12.519 [pool-6-thread-40] DEBUG c.h.p.o.dependants.PodInfoConfigMap - [helmupgr] Desired PodInfo ConfigMap (1 extensions) (0 enabled)
2025-01-29 13:57:12,522 INFO c.h.h.t.HelmChartContainer - [hivemq-test-hivemq-platform] [hivemq-platform-operator] [8c87e2c7] 13:57:12.519 [pool-6-thread-40] DEBUG c.h.p.o.dependants.PodInfoConfigMap - [helmupgr] Desired PodInfo ConfigMap (metrics port: 9399) (metrics path: /)
2025-01-29 13:57:12,522 INFO c.h.h.t.HelmChartContainer - [hivemq-test-hivemq-platform] [hivemq-platform-operator] [8c87e2c7] 13:57:12.519 [pool-6-thread-40] DEBUG c.h.p.o.dependants.PodInfoConfigMap - [helmupgr] Desired PodInfo ConfigMap (extension state hash: -1493170518)
2025-01-29 13:57:12,522 INFO c.h.h.t.HelmChartContainer - [hivemq-test-hivemq-platform] [hivemq-platform-operator] [8c87e2c7] 13:57:12.520 [pool-6-thread-37] DEBUG c.h.p.o.d.PodServiceAccountResource - [helmupgr] Desired PodServiceAccountResource (serviceAccountName: hivemq-platform-pod-test-hivemq-platform)
2025-01-29 13:57:12,523 INFO c.h.h.t.HelmChartContainer - [hivemq-test-hivemq-platform] [hivemq-platform-operator] [8c87e2c7] 13:57:12.523 [pool-6-thread-40] DEBUG c.h.p.o.d.StatefulSetResource - [helmupgr] Desired StatefulSet (1 replicas) for status RESTART_EXTENSIONS (WAIT_FOR_EXTENSION_RESTART)
2025-01-29 13:57:12,524 INFO c.h.h.t.HelmChartContainer - [hivemq-test-hivemq-platform] [hivemq-platform-operator] [8c87e2c7] 13:57:12.524 [pool-6-thread-40] DEBUG c.h.p.o.u.VolumeAndVolumeMountUtil - [helmupgr] Creating volume mount for available ConfigMap 'test-bridge-configuration' of disabled extension 'hivemq-bridge-extension'
2025-01-29 13:57:12,526 INFO c.h.h.t.HelmChartContainer - [hivemq-test-hivemq-platform] [hivemq-platform-operator] [8c87e2c7] 13:57:12.526 [ReconcilerExecutor-hivemq-controller-128] INFO  c.h.p.o.HiveMQPlatformReconciler - [helmupgr] Reconciling HiveMQ Platform 'test-hivemq-platform' in namespace 'helmupgradeextensionit'
2025-01-29 13:57:12,526 INFO c.h.h.t.HelmChartContainer - [hivemq-test-hivemq-platform] [hivemq-platform-operator] [8c87e2c7] 13:57:12.526 [ReconcilerExecutor-hivemq-controller-128] DEBUG c.h.p.o.HiveMQPlatformReconciler - [helmupgr] Custom Resource Status RESTART_EXTENSIONS - HiveMQ Platform is waiting for extension restart (hivemq-bridge-extension) (WAIT_FOR_EXTENSION_RESTART)
2025-01-29 13:57:12,526 INFO c.h.h.t.HelmChartContainer - [hivemq-test-hivemq-platform] [hivemq-platform-operator] [8c87e2c7] 13:57:12.526 [ReconcilerExecutor-hivemq-controller-128] DEBUG c.h.p.o.HiveMQPlatformReconciler - [helmupgr] Custom Resource Spec (replicas: 1) (extensions: 1)
2025-01-29 13:57:12,528 INFO c.h.h.t.HelmChartContainer - [hivemq-test-hivemq-platform] [hivemq-platform-operator] [8c87e2c7] 13:57:12.527 [ReconcilerExecutor-hivemq-controller-128] DEBUG c.h.p.o.HiveMQPlatformReconciler - [helmupgr] StatefulSet Status (revision: test-hivemq-platform-5b6c7575b6, replicas: 1, available: 1, ready: 1, current: 1, updated: 1)
2025-01-29 13:57:12,528 INFO c.h.h.t.HelmChartContainer - [hivemq-test-hivemq-platform] [hivemq-platform-operator] [8c87e2c7] 13:57:12.527 [ReconcilerExecutor-hivemq-controller-128] DEBUG c.h.p.o.HiveMQPlatformReconciler - [helmupgr] StatefulSet Spec (replicas: 1, init containers: 1, containers: 1, volumes: 4)
2025-01-29 13:57:12,529 INFO c.h.h.t.HelmChartContainer - [hivemq-test-hivemq-platform] [hivemq-platform-operator] [8c87e2c7] 13:57:12.528 [ReconcilerExecutor-hivemq-controller-128] DEBUG c.h.p.o.h.HiveMQPlatformReconcilerErrorHandler - [helmupgr] Pod 'test-hivemq-platform-0' phase Running
2025-01-29 13:57:12,530 INFO c.h.h.t.HelmChartContainer - [hivemq-test-hivemq-platform] [hivemq-platform-operator] [8c87e2c7] 13:57:12.529 [ReconcilerExecutor-hivemq-controller-128] INFO  c.h.p.o.h.HiveMQPlatformReconcilerRestartExtensionsHandler - [helmupgr] Extension update on Pod 'test-hivemq-platform-0' is still pending
2025-01-29 13:57:12,959 INFO c.h.h.t.HelmChartContainer - [test-hivemq-platform] [hivemq] [d5e1daec] INFO  - [HiveMQ Platform Operator Init App 1.7.0-SNAPSHOT] Waiting for extension ConfigMap sync (expected hash: -1493170518) (current hash: -1817869294)
2025-01-29 13:57:13,959 INFO c.h.h.t.HelmChartContainer - [test-hivemq-platform] [hivemq] [d5e1daec] INFO  - [HiveMQ Platform Operator Init App 1.7.0-SNAPSHOT] Waiting for extension ConfigMap sync (expected hash: -1493170518) (current hash: -1817869294)
2025-01-29 13:57:14,960 INFO c.h.h.t.HelmChartContainer - [test-hivemq-platform] [hivemq] [d5e1daec] INFO  - [HiveMQ Platform Operator Init App 1.7.0-SNAPSHOT] Waiting for extension ConfigMap sync (expected hash: -1493170518) (current hash: -1817869294)
2025-01-29 13:57:15,960 INFO c.h.h.t.HelmChartContainer - [test-hivemq-platform] [hivemq] [d5e1daec] INFO  - [HiveMQ Platform Operator Init App 1.7.0-SNAPSHOT] Waiting for extension ConfigMap sync (expected hash: -1493170518) (current hash: -1817869294)
2025-01-29 13:57:16,961 INFO c.h.h.t.HelmChartContainer - [test-hivemq-platform] [hivemq] [d5e1daec] INFO  - [HiveMQ Platform Operator Init App 1.7.0-SNAPSHOT] Waiting for extension ConfigMap sync (expected hash: -1493170518) (current hash: -1817869294)
2025-01-29 13:57:17,140 INFO c.h.h.t.HelmChartContainer - [test-hivemq-platform] [hivemq] [d5e1daec] WARN  - Bridge Extension: Connect to bridge 'testbridge' failed for the 5 time, reason: connection timed out after 10000 ms: /172.17.0.3:1883
2025-01-29 13:57:17,961 INFO c.h.h.t.HelmChartContainer - [test-hivemq-platform] [hivemq] [d5e1daec] INFO  - [HiveMQ Platform Operator Init App 1.7.0-SNAPSHOT] Waiting for extension ConfigMap sync (expected hash: -1493170518) (current hash: -1817869294)
2025-01-29 13:57:18,962 INFO c.h.h.t.HelmChartContainer - [test-hivemq-platform] [hivemq] [d5e1daec] INFO  - [HiveMQ Platform Operator Init App 1.7.0-SNAPSHOT] Waiting for extension ConfigMap sync (expected hash: -1493170518) (current hash: -1817869294)
2025-01-29 13:57:19,962 INFO c.h.h.t.HelmChartContainer - [test-hivemq-platform] [hivemq] [d5e1daec] INFO  - [HiveMQ Platform Operator Init App 1.7.0-SNAPSHOT] Waiting for extension ConfigMap sync (expected hash: -1493170518) (current hash: -1817869294)
2025-01-29 13:57:20,963 INFO c.h.h.t.HelmChartContainer - [test-hivemq-platform] [hivemq] [d5e1daec] INFO  - [HiveMQ Platform Operator Init App 1.7.0-SNAPSHOT] Waiting for extension ConfigMap sync (expected hash: -1493170518) (current hash: -1817869294)
2025-01-29 13:57:21,963 INFO c.h.h.t.HelmChartContainer - [test-hivemq-platform] [hivemq] [d5e1daec] INFO  - [HiveMQ Platform Operator Init App 1.7.0-SNAPSHOT] Waiting for extension ConfigMap sync (expected hash: -1493170518) (current hash: -1817869294)
2025-01-29 13:57:22,535 INFO c.h.h.t.HelmChartContainer - [hivemq-test-hivemq-platform] [hivemq-platform-operator] [8c87e2c7] 13:57:22.532 [pool-6-thread-50] DEBUG c.h.p.o.d.PlatformServiceResource - [helmupgr] Desired Platform services (3 services)
2025-01-29 13:57:22,536 INFO c.h.h.t.HelmChartContainer - [hivemq-test-hivemq-platform] [hivemq-platform-operator] [8c87e2c7] 13:57:22.533 [pool-6-thread-46] DEBUG c.h.p.o.d.PodServiceAccountResource - [helmupgr] Desired PodServiceAccountResource (serviceAccountName: hivemq-platform-pod-test-hivemq-platform)
2025-01-29 13:57:22,536 INFO c.h.h.t.HelmChartContainer - [hivemq-test-hivemq-platform] [hivemq-platform-operator] [8c87e2c7] 13:57:22.534 [pool-6-thread-47] DEBUG c.h.p.o.dependants.PodInfoConfigMap - [helmupgr] Desired PodInfo ConfigMap (1 extensions) (0 enabled)
2025-01-29 13:57:22,536 INFO c.h.h.t.HelmChartContainer - [hivemq-test-hivemq-platform] [hivemq-platform-operator] [8c87e2c7] 13:57:22.534 [pool-6-thread-47] DEBUG c.h.p.o.dependants.PodInfoConfigMap - [helmupgr] Desired PodInfo ConfigMap (metrics port: 9399) (metrics path: /)
2025-01-29 13:57:22,536 INFO c.h.h.t.HelmChartContainer - [hivemq-test-hivemq-platform] [hivemq-platform-operator] [8c87e2c7] 13:57:22.534 [pool-6-thread-47] DEBUG c.h.p.o.dependants.PodInfoConfigMap - [helmupgr] Desired PodInfo ConfigMap (extension state hash: -1493170518)
2025-01-29 13:57:22,538 INFO c.h.h.t.HelmChartContainer - [hivemq-test-hivemq-platform] [hivemq-platform-operator] [8c87e2c7] 13:57:22.538 [pool-6-thread-50] DEBUG c.h.p.o.d.StatefulSetResource - [helmupgr] Desired StatefulSet (1 replicas) for status RESTART_EXTENSIONS (WAIT_FOR_EXTENSION_RESTART)
2025-01-29 13:57:22,540 INFO c.h.h.t.HelmChartContainer - [hivemq-test-hivemq-platform] [hivemq-platform-operator] [8c87e2c7] 13:57:22.539 [pool-6-thread-50] DEBUG c.h.p.o.u.VolumeAndVolumeMountUtil - [helmupgr] Creating volume mount for available ConfigMap 'test-bridge-configuration' of disabled extension 'hivemq-bridge-extension'
2025-01-29 13:57:22,542 INFO c.h.h.t.HelmChartContainer - [hivemq-test-hivemq-platform] [hivemq-platform-operator] [8c87e2c7] 13:57:22.541 [ReconcilerExecutor-hivemq-controller-129] INFO  c.h.p.o.HiveMQPlatformReconciler - [helmupgr] Reconciling HiveMQ Platform 'test-hivemq-platform' in namespace 'helmupgradeextensionit'
2025-01-29 13:57:22,542 INFO c.h.h.t.HelmChartContainer - [hivemq-test-hivemq-platform] [hivemq-platform-operator] [8c87e2c7] 13:57:22.541 [ReconcilerExecutor-hivemq-controller-129] DEBUG c.h.p.o.HiveMQPlatformReconciler - [helmupgr] Custom Resource Status RESTART_EXTENSIONS - HiveMQ Platform is waiting for extension restart (hivemq-bridge-extension) (WAIT_FOR_EXTENSION_RESTART)
2025-01-29 13:57:22,542 INFO c.h.h.t.HelmChartContainer - [hivemq-test-hivemq-platform] [hivemq-platform-operator] [8c87e2c7] 13:57:22.541 [ReconcilerExecutor-hivemq-controller-129] DEBUG c.h.p.o.HiveMQPlatformReconciler - [helmupgr] Custom Resource Spec (replicas: 1) (extensions: 1)
2025-01-29 13:57:22,544 INFO c.h.h.t.HelmChartContainer - [hivemq-test-hivemq-platform] [hivemq-platform-operator] [8c87e2c7] 13:57:22.542 [ReconcilerExecutor-hivemq-controller-129] DEBUG c.h.p.o.HiveMQPlatformReconciler - [helmupgr] StatefulSet Status (revision: test-hivemq-platform-5b6c7575b6, replicas: 1, available: 1, ready: 1, current: 1, updated: 1)
2025-01-29 13:57:22,544 INFO c.h.h.t.HelmChartContainer - [hivemq-test-hivemq-platform] [hivemq-platform-operator] [8c87e2c7] 13:57:22.542 [ReconcilerExecutor-hivemq-controller-129] DEBUG c.h.p.o.HiveMQPlatformReconciler - [helmupgr] StatefulSet Spec (replicas: 1, init containers: 1, containers: 1, volumes: 4)
2025-01-29 13:57:22,544 INFO c.h.h.t.HelmChartContainer - [hivemq-test-hivemq-platform] [hivemq-platform-operator] [8c87e2c7] 13:57:22.543 [ReconcilerExecutor-hivemq-controller-129] DEBUG c.h.p.o.h.HiveMQPlatformReconcilerErrorHandler - [helmupgr] Pod 'test-hivemq-platform-0' phase Running
2025-01-29 13:57:22,550 INFO c.h.h.t.HelmChartContainer - [hivemq-test-hivemq-platform] [hivemq-platform-operator] [8c87e2c7] 13:57:22.549 [ReconcilerExecutor-hivemq-controller-129] DEBUG c.h.p.o.h.HiveMQPlatformReconcilerRestartExtensionsHandler - [helmupgr] Checking update extension status on Pod 'test-hivemq-platform-0'
2025-01-29 13:57:22,647 INFO c.h.h.t.HelmChartContainer - [test-hivemq-platform] [hivemq] [d5e1daec] INFO  - [HiveMQ Platform Operator Init App 1.7.0-SNAPSHOT] Extension update is pending (0 errors)
2025-01-29 13:57:22,651 INFO c.h.h.t.HelmChartContainer - [hivemq-test-hivemq-platform] [hivemq-platform-operator] [8c87e2c7] 13:57:22.650 [vert.x-eventloop-thread-1] DEBUG c.h.platform.operator.util.PodUtil - Received status for command '[curl, -s, http://10.42.0.6:7979/updateExtensionStatus]' on Pod 'test-hivemq-platform-0' (exit code: 0)
2025-01-29 13:57:22,963 INFO c.h.h.t.HelmChartContainer - [test-hivemq-platform] [hivemq] [d5e1daec] INFO  - [HiveMQ Platform Operator Init App 1.7.0-SNAPSHOT] Waiting for extension ConfigMap sync (expected hash: -1493170518) (current hash: -1817869294)
2025-01-29 13:57:23,626 INFO c.h.h.t.HelmChartContainer - [hivemq-test-hivemq-platform] [hivemq-platform-operator] [8c87e2c7] 13:57:23.623 [pool-6-thread-1] DEBUG c.h.p.o.d.PlatformServiceResource - [helmupgr] Desired Platform services (3 services)
2025-01-29 13:57:23,626 INFO c.h.h.t.HelmChartContainer - [hivemq-test-hivemq-platform] [hivemq-platform-operator] [8c87e2c7] 13:57:23.623 [pool-6-thread-3] DEBUG c.h.p.o.d.PodServiceAccountResource - [helmupgr] Desired PodServiceAccountResource (serviceAccountName: hivemq-platform-pod-test-hivemq-platform)
2025-01-29 13:57:23,626 INFO c.h.h.t.HelmChartContainer - [hivemq-test-hivemq-platform] [hivemq-platform-operator] [8c87e2c7] 13:57:23.624 [pool-6-thread-2] DEBUG c.h.p.o.dependants.PodInfoConfigMap - [helmupgr] Desired PodInfo ConfigMap (1 extensions) (0 enabled)
2025-01-29 13:57:23,626 INFO c.h.h.t.HelmChartContainer - [hivemq-test-hivemq-platform] [hivemq-platform-operator] [8c87e2c7] 13:57:23.624 [pool-6-thread-2] DEBUG c.h.p.o.dependants.PodInfoConfigMap - [helmupgr] Desired PodInfo ConfigMap (metrics port: 9399) (metrics path: /)
2025-01-29 13:57:23,626 INFO c.h.h.t.HelmChartContainer - [hivemq-test-hivemq-platform] [hivemq-platform-operator] [8c87e2c7] 13:57:23.624 [pool-6-thread-2] DEBUG c.h.p.o.dependants.PodInfoConfigMap - [helmupgr] Desired PodInfo ConfigMap (extension state hash: -1493170518)
2025-01-29 13:57:23,627 INFO c.h.h.t.HelmChartContainer - [hivemq-test-hivemq-platform] [hivemq-platform-operator] [8c87e2c7] 13:57:23.627 [pool-6-thread-8] DEBUG c.h.p.o.d.StatefulSetResource - [helmupgr] Desired StatefulSet (1 replicas) for status RESTART_EXTENSIONS (WAIT_FOR_EXTENSION_RESTART)
2025-01-29 13:57:23,629 INFO c.h.h.t.HelmChartContainer - [hivemq-test-hivemq-platform] [hivemq-platform-operator] [8c87e2c7] 13:57:23.628 [pool-6-thread-8] DEBUG c.h.p.o.u.VolumeAndVolumeMountUtil - [helmupgr] Creating volume mount for available ConfigMap 'test-bridge-configuration' of disabled extension 'hivemq-bridge-extension'
2025-01-29 13:57:23,631 INFO c.h.h.t.HelmChartContainer - [hivemq-test-hivemq-platform] [hivemq-platform-operator] [8c87e2c7] 13:57:23.630 [ReconcilerExecutor-hivemq-controller-130] INFO  c.h.p.o.HiveMQPlatformReconciler - [helmupgr] Reconciling HiveMQ Platform 'test-hivemq-platform' in namespace 'helmupgradeextensionit'
2025-01-29 13:57:23,632 INFO c.h.h.t.HelmChartContainer - [hivemq-test-hivemq-platform] [hivemq-platform-operator] [8c87e2c7] 13:57:23.630 [ReconcilerExecutor-hivemq-controller-130] DEBUG c.h.p.o.HiveMQPlatformReconciler - [helmupgr] Custom Resource Status RESTART_EXTENSIONS - HiveMQ Platform is waiting for extension restart (hivemq-bridge-extension) (WAIT_FOR_EXTENSION_RESTART)
2025-01-29 13:57:23,632 INFO c.h.h.t.HelmChartContainer - [hivemq-test-hivemq-platform] [hivemq-platform-operator] [8c87e2c7] 13:57:23.630 [ReconcilerExecutor-hivemq-controller-130] DEBUG c.h.p.o.HiveMQPlatformReconciler - [helmupgr] Custom Resource Spec (replicas: 1) (extensions: 1)
2025-01-29 13:57:23,632 INFO c.h.h.t.HelmChartContainer - [hivemq-test-hivemq-platform] [hivemq-platform-operator] [8c87e2c7] 13:57:23.632 [ReconcilerExecutor-hivemq-controller-130] DEBUG c.h.p.o.HiveMQPlatformReconciler - [helmupgr] StatefulSet Status (revision: test-hivemq-platform-5b6c7575b6, replicas: 1, available: 1, ready: 1, current: 1, updated: 1)
2025-01-29 13:57:23,632 INFO c.h.h.t.HelmChartContainer - [hivemq-test-hivemq-platform] [hivemq-platform-operator] [8c87e2c7] 13:57:23.632 [ReconcilerExecutor-hivemq-controller-130] DEBUG c.h.p.o.HiveMQPlatformReconciler - [helmupgr] StatefulSet Spec (replicas: 1, init containers: 1, containers: 1, volumes: 4)
2025-01-29 13:57:23,634 INFO c.h.h.t.HelmChartContainer - [hivemq-test-hivemq-platform] [hivemq-platform-operator] [8c87e2c7] 13:57:23.633 [ReconcilerExecutor-hivemq-controller-130] DEBUG c.h.p.o.h.HiveMQPlatformReconcilerErrorHandler - [helmupgr] Pod 'test-hivemq-platform-0' phase Running
2025-01-29 13:57:23,634 INFO c.h.h.t.HelmChartContainer - [hivemq-test-hivemq-platform] [hivemq-platform-operator] [8c87e2c7] 13:57:23.634 [ReconcilerExecutor-hivemq-controller-130] INFO  c.h.p.o.h.HiveMQPlatformReconcilerRestartExtensionsHandler - [helmupgr] Extension update on Pod 'test-hivemq-platform-0' is still pending
2025-01-29 13:57:23,964 INFO c.h.h.t.HelmChartContainer - [test-hivemq-platform] [hivemq] [d5e1daec] INFO  - [HiveMQ Platform Operator Init App 1.7.0-SNAPSHOT] Waiting for extension ConfigMap sync (expected hash: -1493170518) (current hash: -1817869294)
2025-01-29 13:57:24,964 INFO c.h.h.t.HelmChartContainer - [test-hivemq-platform] [hivemq] [d5e1daec] INFO  - [HiveMQ Platform Operator Init App 1.7.0-SNAPSHOT] Waiting for extension ConfigMap sync (expected hash: -1493170518) (current hash: -1817869294)
2025-01-29 13:57:25,965 INFO c.h.h.t.HelmChartContainer - [test-hivemq-platform] [hivemq] [d5e1daec] INFO  - [HiveMQ Platform Operator Init App 1.7.0-SNAPSHOT] Waiting for extension ConfigMap sync (expected hash: -1493170518) (current hash: -1817869294)
2025-01-29 13:57:26,965 INFO c.h.h.t.HelmChartContainer - [test-hivemq-platform] [hivemq] [d5e1daec] INFO  - [HiveMQ Platform Operator Init App 1.7.0-SNAPSHOT] Waiting for extension ConfigMap sync (expected hash: -1493170518) (current hash: -1817869294)
2025-01-29 13:57:27,965 INFO c.h.h.t.HelmChartContainer - [test-hivemq-platform] [hivemq] [d5e1daec] INFO  - [HiveMQ Platform Operator Init App 1.7.0-SNAPSHOT] Waiting for extension ConfigMap sync (expected hash: -1493170518) (current hash: -1817869294)
2025-01-29 13:57:28,966 INFO c.h.h.t.HelmChartContainer - [test-hivemq-platform] [hivemq] [d5e1daec] INFO  - [HiveMQ Platform Operator Init App 1.7.0-SNAPSHOT] Waiting for extension ConfigMap sync (expected hash: -1493170518) (current hash: -1817869294)
2025-01-29 13:57:29,966 INFO c.h.h.t.HelmChartContainer - [test-hivemq-platform] [hivemq] [d5e1daec] INFO  - [HiveMQ Platform Operator Init App 1.7.0-SNAPSHOT] Waiting for extension ConfigMap sync (expected hash: -1493170518) (current hash: -1817869294)
2025-01-29 13:57:30,967 INFO c.h.h.t.HelmChartContainer - [test-hivemq-platform] [hivemq] [d5e1daec] INFO  - [HiveMQ Platform Operator Init App 1.7.0-SNAPSHOT] Waiting for extension ConfigMap sync (expected hash: -1493170518) (current hash: -1817869294)
2025-01-29 13:57:31,967 INFO c.h.h.t.HelmChartContainer - [test-hivemq-platform] [hivemq] [d5e1daec] INFO  - [HiveMQ Platform Operator Init App 1.7.0-SNAPSHOT] Waiting for extension ConfigMap sync (expected hash: -1493170518) (current hash: -1817869294)
2025-01-29 13:57:32,968 INFO c.h.h.t.HelmChartContainer - [test-hivemq-platform] [hivemq] [d5e1daec] INFO  - [HiveMQ Platform Operator Init App 1.7.0-SNAPSHOT] Waiting for extension ConfigMap sync (expected hash: -1493170518) (current hash: -1817869294)
2025-01-29 13:57:33,639 INFO c.h.h.t.HelmChartContainer - [hivemq-test-hivemq-platform] [hivemq-platform-operator] [8c87e2c7] 13:57:33.636 [pool-6-thread-13] DEBUG c.h.p.o.d.PlatformServiceResource - [helmupgr] Desired Platform services (3 services)
2025-01-29 13:57:33,639 INFO c.h.h.t.HelmChartContainer - [hivemq-test-hivemq-platform] [hivemq-platform-operator] [8c87e2c7] 13:57:33.637 [pool-6-thread-14] DEBUG c.h.p.o.d.PodServiceAccountResource - [helmupgr] Desired PodServiceAccountResource (serviceAccountName: hivemq-platform-pod-test-hivemq-platform)
2025-01-29 13:57:33,639 INFO c.h.h.t.HelmChartContainer - [hivemq-test-hivemq-platform] [hivemq-platform-operator] [8c87e2c7] 13:57:33.637 [pool-6-thread-18] DEBUG c.h.p.o.dependants.PodInfoConfigMap - [helmupgr] Desired PodInfo ConfigMap (1 extensions) (0 enabled)
2025-01-29 13:57:33,639 INFO c.h.h.t.HelmChartContainer - [hivemq-test-hivemq-platform] [hivemq-platform-operator] [8c87e2c7] 13:57:33.638 [pool-6-thread-18] DEBUG c.h.p.o.dependants.PodInfoConfigMap - [helmupgr] Desired PodInfo ConfigMap (metrics port: 9399) (metrics path: /)
2025-01-29 13:57:33,640 INFO c.h.h.t.HelmChartContainer - [hivemq-test-hivemq-platform] [hivemq-platform-operator] [8c87e2c7] 13:57:33.638 [pool-6-thread-18] DEBUG c.h.p.o.dependants.PodInfoConfigMap - [helmupgr] Desired PodInfo ConfigMap (extension state hash: -1493170518)
2025-01-29 13:57:33,643 INFO c.h.h.t.HelmChartContainer - [hivemq-test-hivemq-platform] [hivemq-platform-operator] [8c87e2c7] 13:57:33.641 [pool-6-thread-13] DEBUG c.h.p.o.d.StatefulSetResource - [helmupgr] Desired StatefulSet (1 replicas) for status RESTART_EXTENSIONS (WAIT_FOR_EXTENSION_RESTART)
2025-01-29 13:57:33,644 INFO c.h.h.t.HelmChartContainer - [hivemq-test-hivemq-platform] [hivemq-platform-operator] [8c87e2c7] 13:57:33.643 [pool-6-thread-13] DEBUG c.h.p.o.u.VolumeAndVolumeMountUtil - [helmupgr] Creating volume mount for available ConfigMap 'test-bridge-configuration' of disabled extension 'hivemq-bridge-extension'
2025-01-29 13:57:33,646 INFO c.h.h.t.HelmChartContainer - [hivemq-test-hivemq-platform] [hivemq-platform-operator] [8c87e2c7] 13:57:33.645 [ReconcilerExecutor-hivemq-controller-131] INFO  c.h.p.o.HiveMQPlatformReconciler - [helmupgr] Reconciling HiveMQ Platform 'test-hivemq-platform' in namespace 'helmupgradeextensionit'
2025-01-29 13:57:33,646 INFO c.h.h.t.HelmChartContainer - [hivemq-test-hivemq-platform] [hivemq-platform-operator] [8c87e2c7] 13:57:33.645 [ReconcilerExecutor-hivemq-controller-131] DEBUG c.h.p.o.HiveMQPlatformReconciler - [helmupgr] Custom Resource Status RESTART_EXTENSIONS - HiveMQ Platform is waiting for extension restart (hivemq-bridge-extension) (WAIT_FOR_EXTENSION_RESTART)
2025-01-29 13:57:33,646 INFO c.h.h.t.HelmChartContainer - [hivemq-test-hivemq-platform] [hivemq-platform-operator] [8c87e2c7] 13:57:33.645 [ReconcilerExecutor-hivemq-controller-131] DEBUG c.h.p.o.HiveMQPlatformReconciler - [helmupgr] Custom Resource Spec (replicas: 1) (extensions: 1)
2025-01-29 13:57:33,647 INFO c.h.h.t.HelmChartContainer - [hivemq-test-hivemq-platform] [hivemq-platform-operator] [8c87e2c7] 13:57:33.646 [ReconcilerExecutor-hivemq-controller-131] DEBUG c.h.p.o.HiveMQPlatformReconciler - [helmupgr] StatefulSet Status (revision: test-hivemq-platform-5b6c7575b6, replicas: 1, available: 1, ready: 1, current: 1, updated: 1)
2025-01-29 13:57:33,650 INFO c.h.h.t.HelmChartContainer - [hivemq-test-hivemq-platform] [hivemq-platform-operator] [8c87e2c7] 13:57:33.646 [ReconcilerExecutor-hivemq-controller-131] DEBUG c.h.p.o.HiveMQPlatformReconciler - [helmupgr] StatefulSet Spec (replicas: 1, init containers: 1, containers: 1, volumes: 4)
2025-01-29 13:57:33,650 INFO c.h.h.t.HelmChartContainer - [hivemq-test-hivemq-platform] [hivemq-platform-operator] [8c87e2c7] 13:57:33.647 [ReconcilerExecutor-hivemq-controller-131] DEBUG c.h.p.o.h.HiveMQPlatformReconcilerErrorHandler - [helmupgr] Pod 'test-hivemq-platform-0' phase Running
2025-01-29 13:57:33,655 INFO c.h.h.t.HelmChartContainer - [hivemq-test-hivemq-platform] [hivemq-platform-operator] [8c87e2c7] 13:57:33.654 [ReconcilerExecutor-hivemq-controller-131] DEBUG c.h.p.o.h.HiveMQPlatformReconcilerRestartExtensionsHandler - [helmupgr] Checking update extension status on Pod 'test-hivemq-platform-0'
2025-01-29 13:57:33,745 INFO c.h.h.t.HelmChartContainer - [test-hivemq-platform] [hivemq] [d5e1daec] INFO  - [HiveMQ Platform Operator Init App 1.7.0-SNAPSHOT] Extension update is pending (0 errors)
2025-01-29 13:57:33,748 INFO c.h.h.t.HelmChartContainer - [hivemq-test-hivemq-platform] [hivemq-platform-operator] [8c87e2c7] 13:57:33.747 [vert.x-eventloop-thread-0] DEBUG c.h.platform.operator.util.PodUtil - Received status for command '[curl, -s, http://10.42.0.6:7979/updateExtensionStatus]' on Pod 'test-hivemq-platform-0' (exit code: 0)
2025-01-29 13:57:33,968 INFO c.h.h.t.HelmChartContainer - [test-hivemq-platform] [hivemq] [d5e1daec] INFO  - [HiveMQ Platform Operator Init App 1.7.0-SNAPSHOT] Waiting for extension ConfigMap sync (expected hash: -1493170518) (current hash: -1817869294)
2025-01-29 13:57:34,725 INFO c.h.h.t.HelmChartContainer - [hivemq-test-hivemq-platform] [hivemq-platform-operator] [8c87e2c7] 13:57:34.722 [pool-6-thread-22] DEBUG c.h.p.o.d.PlatformServiceResource - [helmupgr] Desired Platform services (3 services)
2025-01-29 13:57:34,725 INFO c.h.h.t.HelmChartContainer - [hivemq-test-hivemq-platform] [hivemq-platform-operator] [8c87e2c7] 13:57:34.723 [pool-6-thread-23] DEBUG c.h.p.o.dependants.PodInfoConfigMap - [helmupgr] Desired PodInfo ConfigMap (1 extensions) (0 enabled)
2025-01-29 13:57:34,725 INFO c.h.h.t.HelmChartContainer - [hivemq-test-hivemq-platform] [hivemq-platform-operator] [8c87e2c7] 13:57:34.723 [pool-6-thread-23] DEBUG c.h.p.o.dependants.PodInfoConfigMap - [helmupgr] Desired PodInfo ConfigMap (metrics port: 9399) (metrics path: /)
2025-01-29 13:57:34,725 INFO c.h.h.t.HelmChartContainer - [hivemq-test-hivemq-platform] [hivemq-platform-operator] [8c87e2c7] 13:57:34.723 [pool-6-thread-23] DEBUG c.h.p.o.dependants.PodInfoConfigMap - [helmupgr] Desired PodInfo ConfigMap (extension state hash: -1493170518)
2025-01-29 13:57:34,725 INFO c.h.h.t.HelmChartContainer - [hivemq-test-hivemq-platform] [hivemq-platform-operator] [8c87e2c7] 13:57:34.723 [pool-6-thread-25] DEBUG c.h.p.o.d.PodServiceAccountResource - [helmupgr] Desired PodServiceAccountResource (serviceAccountName: hivemq-platform-pod-test-hivemq-platform)
2025-01-29 13:57:34,728 INFO c.h.h.t.HelmChartContainer - [hivemq-test-hivemq-platform] [hivemq-platform-operator] [8c87e2c7] 13:57:34.727 [pool-6-thread-22] DEBUG c.h.p.o.d.StatefulSetResource - [helmupgr] Desired StatefulSet (1 replicas) for status RESTART_EXTENSIONS (WAIT_FOR_EXTENSION_RESTART)
2025-01-29 13:57:34,730 INFO c.h.h.t.HelmChartContainer - [hivemq-test-hivemq-platform] [hivemq-platform-operator] [8c87e2c7] 13:57:34.729 [pool-6-thread-22] DEBUG c.h.p.o.u.VolumeAndVolumeMountUtil - [helmupgr] Creating volume mount for available ConfigMap 'test-bridge-configuration' of disabled extension 'hivemq-bridge-extension'
2025-01-29 13:57:34,732 INFO c.h.h.t.HelmChartContainer - [hivemq-test-hivemq-platform] [hivemq-platform-operator] [8c87e2c7] 13:57:34.731 [ReconcilerExecutor-hivemq-controller-132] INFO  c.h.p.o.HiveMQPlatformReconciler - [helmupgr] Reconciling HiveMQ Platform 'test-hivemq-platform' in namespace 'helmupgradeextensionit'
2025-01-29 13:57:34,732 INFO c.h.h.t.HelmChartContainer - [hivemq-test-hivemq-platform] [hivemq-platform-operator] [8c87e2c7] 13:57:34.731 [ReconcilerExecutor-hivemq-controller-132] DEBUG c.h.p.o.HiveMQPlatformReconciler - [helmupgr] Custom Resource Status RESTART_EXTENSIONS - HiveMQ Platform is waiting for extension restart (hivemq-bridge-extension) (WAIT_FOR_EXTENSION_RESTART)
2025-01-29 13:57:34,732 INFO c.h.h.t.HelmChartContainer - [hivemq-test-hivemq-platform] [hivemq-platform-operator] [8c87e2c7] 13:57:34.731 [ReconcilerExecutor-hivemq-controller-132] DEBUG c.h.p.o.HiveMQPlatformReconciler - [helmupgr] Custom Resource Spec (replicas: 1) (extensions: 1)
2025-01-29 13:57:34,733 INFO c.h.h.t.HelmChartContainer - [hivemq-test-hivemq-platform] [hivemq-platform-operator] [8c87e2c7] 13:57:34.732 [ReconcilerExecutor-hivemq-controller-132] DEBUG c.h.p.o.HiveMQPlatformReconciler - [helmupgr] StatefulSet Status (revision: test-hivemq-platform-5b6c7575b6, replicas: 1, available: 1, ready: 1, current: 1, updated: 1)
2025-01-29 13:57:34,734 INFO c.h.h.t.HelmChartContainer - [hivemq-test-hivemq-platform] [hivemq-platform-operator] [8c87e2c7] 13:57:34.732 [ReconcilerExecutor-hivemq-controller-132] DEBUG c.h.p.o.HiveMQPlatformReconciler - [helmupgr] StatefulSet Spec (replicas: 1, init containers: 1, containers: 1, volumes: 4)
2025-01-29 13:57:34,735 INFO c.h.h.t.HelmChartContainer - [hivemq-test-hivemq-platform] [hivemq-platform-operator] [8c87e2c7] 13:57:34.734 [ReconcilerExecutor-hivemq-controller-132] DEBUG c.h.p.o.h.HiveMQPlatformReconcilerErrorHandler - [helmupgr] Pod 'test-hivemq-platform-0' phase Running
2025-01-29 13:57:34,736 INFO c.h.h.t.HelmChartContainer - [hivemq-test-hivemq-platform] [hivemq-platform-operator] [8c87e2c7] 13:57:34.735 [ReconcilerExecutor-hivemq-controller-132] INFO  c.h.p.o.h.HiveMQPlatformReconcilerRestartExtensionsHandler - [helmupgr] Extension update on Pod 'test-hivemq-platform-0' is still pending
2025-01-29 13:57:34,968 INFO c.h.h.t.HelmChartContainer - [test-hivemq-platform] [hivemq] [d5e1daec] INFO  - [HiveMQ Platform Operator Init App 1.7.0-SNAPSHOT] Waiting for extension ConfigMap sync (expected hash: -1493170518) (current hash: -1817869294)
2025-01-29 13:57:35,969 INFO c.h.h.t.HelmChartContainer - [test-hivemq-platform] [hivemq] [d5e1daec] INFO  - [HiveMQ Platform Operator Init App 1.7.0-SNAPSHOT] Waiting for extension ConfigMap sync (expected hash: -1493170518) (current hash: -1817869294)
2025-01-29 13:57:36,969 INFO c.h.h.t.HelmChartContainer - [test-hivemq-platform] [hivemq] [d5e1daec] INFO  - [HiveMQ Platform Operator Init App 1.7.0-SNAPSHOT] Waiting for extension ConfigMap sync (expected hash: -1493170518) (current hash: -1817869294)
2025-01-29 13:57:37,970 INFO c.h.h.t.HelmChartContainer - [test-hivemq-platform] [hivemq] [d5e1daec] INFO  - [HiveMQ Platform Operator Init App 1.7.0-SNAPSHOT] Waiting for extension ConfigMap sync (expected hash: -1493170518) (current hash: -1817869294)
2025-01-29 13:57:38,970 INFO c.h.h.t.HelmChartContainer - [test-hivemq-platform] [hivemq] [d5e1daec] INFO  - [HiveMQ Platform Operator Init App 1.7.0-SNAPSHOT] Waiting for extension ConfigMap sync (expected hash: -1493170518) (current hash: -1817869294)
2025-01-29 13:57:39,970 INFO c.h.h.t.HelmChartContainer - [test-hivemq-platform] [hivemq] [d5e1daec] INFO  - [HiveMQ Platform Operator Init App 1.7.0-SNAPSHOT] Waiting for extension ConfigMap sync (expected hash: -1493170518) (current hash: -1817869294)
2025-01-29 13:57:40,971 INFO c.h.h.t.HelmChartContainer - [test-hivemq-platform] [hivemq] [d5e1daec] INFO  - [HiveMQ Platform Operator Init App 1.7.0-SNAPSHOT] Waiting for extension ConfigMap sync (expected hash: -1493170518) (current hash: -1817869294)
2025-01-29 13:57:41,971 INFO c.h.h.t.HelmChartContainer - [test-hivemq-platform] [hivemq] [d5e1daec] INFO  - [HiveMQ Platform Operator Init App 1.7.0-SNAPSHOT] Waiting for extension ConfigMap sync (expected hash: -1493170518) (current hash: -1817869294)
2025-01-29 13:57:42,972 INFO c.h.h.t.HelmChartContainer - [test-hivemq-platform] [hivemq] [d5e1daec] INFO  - [HiveMQ Platform Operator Init App 1.7.0-SNAPSHOT] Waiting for extension ConfigMap sync (expected hash: -1493170518) (current hash: -1817869294)
2025-01-29 13:57:43,972 INFO c.h.h.t.HelmChartContainer - [test-hivemq-platform] [hivemq] [d5e1daec] INFO  - [HiveMQ Platform Operator Init App 1.7.0-SNAPSHOT] Waiting for extension ConfigMap sync (expected hash: -1493170518) (current hash: -1817869294)
2025-01-29 13:57:44,740 INFO c.h.h.t.HelmChartContainer - [hivemq-test-hivemq-platform] [hivemq-platform-operator] [8c87e2c7] 13:57:44.738 [pool-6-thread-38] DEBUG c.h.p.o.d.PlatformServiceResource - [helmupgr] Desired Platform services (3 services)
2025-01-29 13:57:44,740 INFO c.h.h.t.HelmChartContainer - [hivemq-test-hivemq-platform] [hivemq-platform-operator] [8c87e2c7] 13:57:44.738 [pool-6-thread-35] DEBUG c.h.p.o.dependants.PodInfoConfigMap - [helmupgr] Desired PodInfo ConfigMap (1 extensions) (0 enabled)
2025-01-29 13:57:44,740 INFO c.h.h.t.HelmChartContainer - [hivemq-test-hivemq-platform] [hivemq-platform-operator] [8c87e2c7] 13:57:44.738 [pool-6-thread-35] DEBUG c.h.p.o.dependants.PodInfoConfigMap - [helmupgr] Desired PodInfo ConfigMap (metrics port: 9399) (metrics path: /)
2025-01-29 13:57:44,740 INFO c.h.h.t.HelmChartContainer - [hivemq-test-hivemq-platform] [hivemq-platform-operator] [8c87e2c7] 13:57:44.738 [pool-6-thread-35] DEBUG c.h.p.o.dependants.PodInfoConfigMap - [helmupgr] Desired PodInfo ConfigMap (extension state hash: -1493170518)
2025-01-29 13:57:44,741 INFO c.h.h.t.HelmChartContainer - [hivemq-test-hivemq-platform] [hivemq-platform-operator] [8c87e2c7] 13:57:44.739 [pool-6-thread-35] DEBUG c.h.p.o.d.PodServiceAccountResource - [helmupgr] Desired PodServiceAccountResource (serviceAccountName: hivemq-platform-pod-test-hivemq-platform)
2025-01-29 13:57:44,744 INFO c.h.h.t.HelmChartContainer - [hivemq-test-hivemq-platform] [hivemq-platform-operator] [8c87e2c7] 13:57:44.743 [pool-6-thread-38] DEBUG c.h.p.o.d.StatefulSetResource - [helmupgr] Desired StatefulSet (1 replicas) for status RESTART_EXTENSIONS (WAIT_FOR_EXTENSION_RESTART)
2025-01-29 13:57:44,745 INFO c.h.h.t.HelmChartContainer - [hivemq-test-hivemq-platform] [hivemq-platform-operator] [8c87e2c7] 13:57:44.744 [pool-6-thread-38] DEBUG c.h.p.o.u.VolumeAndVolumeMountUtil - [helmupgr] Creating volume mount for available ConfigMap 'test-bridge-configuration' of disabled extension 'hivemq-bridge-extension'
2025-01-29 13:57:44,747 INFO c.h.h.t.HelmChartContainer - [hivemq-test-hivemq-platform] [hivemq-platform-operator] [8c87e2c7] 13:57:44.746 [ReconcilerExecutor-hivemq-controller-133] INFO  c.h.p.o.HiveMQPlatformReconciler - [helmupgr] Reconciling HiveMQ Platform 'test-hivemq-platform' in namespace 'helmupgradeextensionit'
2025-01-29 13:57:44,747 INFO c.h.h.t.HelmChartContainer - [hivemq-test-hivemq-platform] [hivemq-platform-operator] [8c87e2c7] 13:57:44.746 [ReconcilerExecutor-hivemq-controller-133] DEBUG c.h.p.o.HiveMQPlatformReconciler - [helmupgr] Custom Resource Status RESTART_EXTENSIONS - HiveMQ Platform is waiting for extension restart (hivemq-bridge-extension) (WAIT_FOR_EXTENSION_RESTART)
2025-01-29 13:57:44,748 INFO c.h.h.t.HelmChartContainer - [hivemq-test-hivemq-platform] [hivemq-platform-operator] [8c87e2c7] 13:57:44.746 [ReconcilerExecutor-hivemq-controller-133] DEBUG c.h.p.o.HiveMQPlatformReconciler - [helmupgr] Custom Resource Spec (replicas: 1) (extensions: 1)
2025-01-29 13:57:44,749 INFO c.h.h.t.HelmChartContainer - [hivemq-test-hivemq-platform] [hivemq-platform-operator] [8c87e2c7] 13:57:44.748 [ReconcilerExecutor-hivemq-controller-133] DEBUG c.h.p.o.HiveMQPlatformReconciler - [helmupgr] StatefulSet Status (revision: test-hivemq-platform-5b6c7575b6, replicas: 1, available: 1, ready: 1, current: 1, updated: 1)
2025-01-29 13:57:44,749 INFO c.h.h.t.HelmChartContainer - [hivemq-test-hivemq-platform] [hivemq-platform-operator] [8c87e2c7] 13:57:44.748 [ReconcilerExecutor-hivemq-controller-133] DEBUG c.h.p.o.HiveMQPlatformReconciler - [helmupgr] StatefulSet Spec (replicas: 1, init containers: 1, containers: 1, volumes: 4)
2025-01-29 13:57:44,751 INFO c.h.h.t.HelmChartContainer - [hivemq-test-hivemq-platform] [hivemq-platform-operator] [8c87e2c7] 13:57:44.749 [ReconcilerExecutor-hivemq-controller-133] DEBUG c.h.p.o.h.HiveMQPlatformReconcilerErrorHandler - [helmupgr] Pod 'test-hivemq-platform-0' phase Running
2025-01-29 13:57:44,756 INFO c.h.h.t.HelmChartContainer - [hivemq-test-hivemq-platform] [hivemq-platform-operator] [8c87e2c7] 13:57:44.755 [ReconcilerExecutor-hivemq-controller-133] DEBUG c.h.p.o.h.HiveMQPlatformReconcilerRestartExtensionsHandler - [helmupgr] Checking update extension status on Pod 'test-hivemq-platform-0'
2025-01-29 13:57:44,849 INFO c.h.h.t.HelmChartContainer - [test-hivemq-platform] [hivemq] [d5e1daec] INFO  - [HiveMQ Platform Operator Init App 1.7.0-SNAPSHOT] Extension update is pending (0 errors)
2025-01-29 13:57:44,853 INFO c.h.h.t.HelmChartContainer - [hivemq-test-hivemq-platform] [hivemq-platform-operator] [8c87e2c7] 13:57:44.852 [vert.x-eventloop-thread-1] DEBUG c.h.platform.operator.util.PodUtil - Received status for command '[curl, -s, http://10.42.0.6:7979/updateExtensionStatus]' on Pod 'test-hivemq-platform-0' (exit code: 0)
2025-01-29 13:57:44,972 INFO c.h.h.t.HelmChartContainer - [test-hivemq-platform] [hivemq] [d5e1daec] INFO  - [HiveMQ Platform Operator Init App 1.7.0-SNAPSHOT] Waiting for extension ConfigMap sync (expected hash: -1493170518) (current hash: -1817869294)
2025-01-29 13:57:45,831 INFO c.h.h.t.HelmChartContainer - [hivemq-test-hivemq-platform] [hivemq-platform-operator] [8c87e2c7] 13:57:45.830 [pool-6-thread-43] DEBUG c.h.p.o.d.PodServiceAccountResource - [helmupgr] Desired PodServiceAccountResource (serviceAccountName: hivemq-platform-pod-test-hivemq-platform)
2025-01-29 13:57:45,832 INFO c.h.h.t.HelmChartContainer - [hivemq-test-hivemq-platform] [hivemq-platform-operator] [8c87e2c7] 13:57:45.830 [pool-6-thread-47] DEBUG c.h.p.o.dependants.PodInfoConfigMap - [helmupgr] Desired PodInfo ConfigMap (1 extensions) (0 enabled)
2025-01-29 13:57:45,832 INFO c.h.h.t.HelmChartContainer - [hivemq-test-hivemq-platform] [hivemq-platform-operator] [8c87e2c7] 13:57:45.831 [pool-6-thread-47] DEBUG c.h.p.o.dependants.PodInfoConfigMap - [helmupgr] Desired PodInfo ConfigMap (metrics port: 9399) (metrics path: /)
2025-01-29 13:57:45,832 INFO c.h.h.t.HelmChartContainer - [hivemq-test-hivemq-platform] [hivemq-platform-operator] [8c87e2c7] 13:57:45.831 [pool-6-thread-47] DEBUG c.h.p.o.dependants.PodInfoConfigMap - [helmupgr] Desired PodInfo ConfigMap (extension state hash: -1493170518)
2025-01-29 13:57:45,832 INFO c.h.h.t.HelmChartContainer - [hivemq-test-hivemq-platform] [hivemq-platform-operator] [8c87e2c7] 13:57:45.830 [pool-6-thread-49] DEBUG c.h.p.o.d.PlatformServiceResource - [helmupgr] Desired Platform services (3 services)
2025-01-29 13:57:45,835 INFO c.h.h.t.HelmChartContainer - [hivemq-test-hivemq-platform] [hivemq-platform-operator] [8c87e2c7] 13:57:45.834 [pool-6-thread-49] DEBUG c.h.p.o.d.StatefulSetResource - [helmupgr] Desired StatefulSet (1 replicas) for status RESTART_EXTENSIONS (WAIT_FOR_EXTENSION_RESTART)
2025-01-29 13:57:45,836 INFO c.h.h.t.HelmChartContainer - [hivemq-test-hivemq-platform] [hivemq-platform-operator] [8c87e2c7] 13:57:45.835 [pool-6-thread-49] DEBUG c.h.p.o.u.VolumeAndVolumeMountUtil - [helmupgr] Creating volume mount for available ConfigMap 'test-bridge-configuration' of disabled extension 'hivemq-bridge-extension'
2025-01-29 13:57:45,839 INFO c.h.h.t.HelmChartContainer - [hivemq-test-hivemq-platform] [hivemq-platform-operator] [8c87e2c7] 13:57:45.837 [ReconcilerExecutor-hivemq-controller-134] INFO  c.h.p.o.HiveMQPlatformReconciler - [helmupgr] Reconciling HiveMQ Platform 'test-hivemq-platform' in namespace 'helmupgradeextensionit'
2025-01-29 13:57:45,840 INFO c.h.h.t.HelmChartContainer - [hivemq-test-hivemq-platform] [hivemq-platform-operator] [8c87e2c7] 13:57:45.838 [ReconcilerExecutor-hivemq-controller-134] DEBUG c.h.p.o.HiveMQPlatformReconciler - [helmupgr] Custom Resource Status RESTART_EXTENSIONS - HiveMQ Platform is waiting for extension restart (hivemq-bridge-extension) (WAIT_FOR_EXTENSION_RESTART)
2025-01-29 13:57:45,840 INFO c.h.h.t.HelmChartContainer - [hivemq-test-hivemq-platform] [hivemq-platform-operator] [8c87e2c7] 13:57:45.838 [ReconcilerExecutor-hivemq-controller-134] DEBUG c.h.p.o.HiveMQPlatformReconciler - [helmupgr] Custom Resource Spec (replicas: 1) (extensions: 1)
2025-01-29 13:57:45,841 INFO c.h.h.t.HelmChartContainer - [hivemq-test-hivemq-platform] [hivemq-platform-operator] [8c87e2c7] 13:57:45.839 [ReconcilerExecutor-hivemq-controller-134] DEBUG c.h.p.o.HiveMQPlatformReconciler - [helmupgr] StatefulSet Status (revision: test-hivemq-platform-5b6c7575b6, replicas: 1, available: 1, ready: 1, current: 1, updated: 1)
2025-01-29 13:57:45,841 INFO c.h.h.t.HelmChartContainer - [hivemq-test-hivemq-platform] [hivemq-platform-operator] [8c87e2c7] 13:57:45.839 [ReconcilerExecutor-hivemq-controller-134] DEBUG c.h.p.o.HiveMQPlatformReconciler - [helmupgr] StatefulSet Spec (replicas: 1, init containers: 1, containers: 1, volumes: 4)
2025-01-29 13:57:45,841 INFO c.h.h.t.HelmChartContainer - [hivemq-test-hivemq-platform] [hivemq-platform-operator] [8c87e2c7] 13:57:45.840 [ReconcilerExecutor-hivemq-controller-134] DEBUG c.h.p.o.h.HiveMQPlatformReconcilerErrorHandler - [helmupgr] Pod 'test-hivemq-platform-0' phase Running
2025-01-29 13:57:45,842 INFO c.h.h.t.HelmChartContainer - [hivemq-test-hivemq-platform] [hivemq-platform-operator] [8c87e2c7] 13:57:45.841 [ReconcilerExecutor-hivemq-controller-134] INFO  c.h.p.o.h.HiveMQPlatformReconcilerRestartExtensionsHandler - [helmupgr] Extension update on Pod 'test-hivemq-platform-0' is still pending
2025-01-29 13:57:45,973 INFO c.h.h.t.HelmChartContainer - [test-hivemq-platform] [hivemq] [d5e1daec] INFO  - [HiveMQ Platform Operator Init App 1.7.0-SNAPSHOT] Waiting for extension ConfigMap sync (expected hash: -1493170518) (current hash: -1493170518)
2025-01-29 13:57:45,974 INFO c.h.h.t.HelmChartContainer - [test-hivemq-platform] [hivemq] [d5e1daec] INFO  - [HiveMQ Platform Operator Init App 1.7.0-SNAPSHOT] Updating HiveMQ Platform extension: hivemq-bridge-extension
2025-01-29 13:57:45,974 INFO c.h.h.t.HelmChartContainer - [test-hivemq-platform] [hivemq] [d5e1daec] INFO  - [HiveMQ Platform Operator Init App 1.7.0-SNAPSHOT] Stopping preinstalled extension hivemq-bridge-extension
2025-01-29 13:57:45,976 INFO c.h.h.t.HelmChartContainer - [test-hivemq-platform] [hivemq] [d5e1daec] INFO  - [HiveMQ Platform Operator Init App 1.7.0-SNAPSHOT] Successfully disabled extension hivemq-bridge-extension
2025-01-29 13:57:46,066 INFO c.h.h.t.HelmChartContainer - [test-hivemq-platform] [hivemq] [d5e1daec] INFO  - [HiveMQ Platform Operator Init App 1.7.0-SNAPSHOT] Waiting for extension hivemq-bridge-extension to stop
2025-01-29 13:57:46,158 INFO c.h.h.t.HelmChartContainer - [test-hivemq-platform] [hivemq] [d5e1daec] INFO  - Stopping extension with id hivemq-bridge-extension
2025-01-29 13:57:46,161 INFO c.h.h.t.HelmChartContainer - [test-hivemq-platform] [hivemq] [d5e1daec] INFO  - Bridge Extension: Stopping extension
2025-01-29 13:57:46,168 INFO c.h.h.t.HelmChartContainer - [test-hivemq-platform] [hivemq] [d5e1daec] ERROR - Bridge Extension: Error when disconnecting client "testbridge-0-1d20e616-a2d6-4dd8-b9d4-b9e0c1189f69". Reason: MQTT client is not connected.
2025-01-29 13:57:46,168 INFO c.h.h.t.HelmChartContainer - [test-hivemq-platform] [hivemq] [d5e1daec] ERROR - Bridge Extension: Error when disconnecting client "testbridge-1-1d20e616-a2d6-4dd8-b9d4-b9e0c1189f69". Reason: MQTT client is not connected.
2025-01-29 13:57:46,168 INFO c.h.h.t.HelmChartContainer - [test-hivemq-platform] [hivemq] [d5e1daec] INFO  - Extension "HiveMQ Enterprise Bridge Extension" version 4.36.0 stopped successfully.
2025-01-29 13:57:46,168 INFO c.h.h.testcontainer.LogWaiterUtil - TEST Found log pattern on 'test-hivemq-platform-0': .*Extension "HiveMQ Enterprise Bridge Extension" version .* stopped successfully.
2025-01-29 13:57:46,571 INFO c.h.h.t.HelmChartContainer - [test-hivemq-platform] [hivemq] [d5e1daec] INFO  - [HiveMQ Platform Operator Init App 1.7.0-SNAPSHOT] Successfully stopped extension hivemq-bridge-extension
2025-01-29 13:57:46,571 INFO c.h.h.testcontainer.LogWaiterUtil - TEST Found log pattern on 'test-hivemq-platform-0': .*\[HiveMQ Platform Operator Init App [A-Z0-9.-]+\] Successfully stopped extension hivemq-bridge-extension
2025-01-29 13:57:55,846 INFO c.h.h.t.HelmChartContainer - [hivemq-test-hivemq-platform] [hivemq-platform-operator] [8c87e2c7] 13:57:55.844 [pool-6-thread-9] DEBUG c.h.p.o.d.PlatformServiceResource - [helmupgr] Desired Platform services (3 services)
2025-01-29 13:57:55,846 INFO c.h.h.t.HelmChartContainer - [hivemq-test-hivemq-platform] [hivemq-platform-operator] [8c87e2c7] 13:57:55.844 [pool-6-thread-3] DEBUG c.h.p.o.dependants.PodInfoConfigMap - [helmupgr] Desired PodInfo ConfigMap (1 extensions) (0 enabled)
2025-01-29 13:57:55,847 INFO c.h.h.t.HelmChartContainer - [hivemq-test-hivemq-platform] [hivemq-platform-operator] [8c87e2c7] 13:57:55.844 [pool-6-thread-3] DEBUG c.h.p.o.dependants.PodInfoConfigMap - [helmupgr] Desired PodInfo ConfigMap (metrics port: 9399) (metrics path: /)
2025-01-29 13:57:55,847 INFO c.h.h.t.HelmChartContainer - [hivemq-test-hivemq-platform] [hivemq-platform-operator] [8c87e2c7] 13:57:55.844 [pool-6-thread-3] DEBUG c.h.p.o.dependants.PodInfoConfigMap - [helmupgr] Desired PodInfo ConfigMap (extension state hash: -1493170518)
2025-01-29 13:57:55,847 INFO c.h.h.t.HelmChartContainer - [hivemq-test-hivemq-platform] [hivemq-platform-operator] [8c87e2c7] 13:57:55.845 [pool-6-thread-10] DEBUG c.h.p.o.d.PodServiceAccountResource - [helmupgr] Desired PodServiceAccountResource (serviceAccountName: hivemq-platform-pod-test-hivemq-platform)
2025-01-29 13:57:55,849 INFO c.h.h.t.HelmChartContainer - [hivemq-test-hivemq-platform] [hivemq-platform-operator] [8c87e2c7] 13:57:55.848 [pool-6-thread-9] DEBUG c.h.p.o.d.StatefulSetResource - [helmupgr] Desired StatefulSet (1 replicas) for status RESTART_EXTENSIONS (WAIT_FOR_EXTENSION_RESTART)
2025-01-29 13:57:55,850 INFO c.h.h.t.HelmChartContainer - [hivemq-test-hivemq-platform] [hivemq-platform-operator] [8c87e2c7] 13:57:55.849 [pool-6-thread-9] DEBUG c.h.p.o.u.VolumeAndVolumeMountUtil - [helmupgr] Creating volume mount for available ConfigMap 'test-bridge-configuration' of disabled extension 'hivemq-bridge-extension'
2025-01-29 13:57:55,852 INFO c.h.h.t.HelmChartContainer - [hivemq-test-hivemq-platform] [hivemq-platform-operator] [8c87e2c7] 13:57:55.852 [ReconcilerExecutor-hivemq-controller-135] INFO  c.h.p.o.HiveMQPlatformReconciler - [helmupgr] Reconciling HiveMQ Platform 'test-hivemq-platform' in namespace 'helmupgradeextensionit'
2025-01-29 13:57:55,853 INFO c.h.h.t.HelmChartContainer - [hivemq-test-hivemq-platform] [hivemq-platform-operator] [8c87e2c7] 13:57:55.852 [ReconcilerExecutor-hivemq-controller-135] DEBUG c.h.p.o.HiveMQPlatformReconciler - [helmupgr] Custom Resource Status RESTART_EXTENSIONS - HiveMQ Platform is waiting for extension restart (hivemq-bridge-extension) (WAIT_FOR_EXTENSION_RESTART)
2025-01-29 13:57:55,853 INFO c.h.h.t.HelmChartContainer - [hivemq-test-hivemq-platform] [hivemq-platform-operator] [8c87e2c7] 13:57:55.852 [ReconcilerExecutor-hivemq-controller-135] DEBUG c.h.p.o.HiveMQPlatformReconciler - [helmupgr] Custom Resource Spec (replicas: 1) (extensions: 1)
2025-01-29 13:57:55,854 INFO c.h.h.t.HelmChartContainer - [hivemq-test-hivemq-platform] [hivemq-platform-operator] [8c87e2c7] 13:57:55.853 [ReconcilerExecutor-hivemq-controller-135] DEBUG c.h.p.o.HiveMQPlatformReconciler - [helmupgr] StatefulSet Status (revision: test-hivemq-platform-5b6c7575b6, replicas: 1, available: 1, ready: 1, current: 1, updated: 1)
2025-01-29 13:57:55,854 INFO c.h.h.t.HelmChartContainer - [hivemq-test-hivemq-platform] [hivemq-platform-operator] [8c87e2c7] 13:57:55.853 [ReconcilerExecutor-hivemq-controller-135] DEBUG c.h.p.o.HiveMQPlatformReconciler - [helmupgr] StatefulSet Spec (replicas: 1, init containers: 1, containers: 1, volumes: 4)
2025-01-29 13:57:55,855 INFO c.h.h.t.HelmChartContainer - [hivemq-test-hivemq-platform] [hivemq-platform-operator] [8c87e2c7] 13:57:55.854 [ReconcilerExecutor-hivemq-controller-135] DEBUG c.h.p.o.h.HiveMQPlatformReconcilerErrorHandler - [helmupgr] Pod 'test-hivemq-platform-0' phase Running
2025-01-29 13:57:55,861 INFO c.h.h.t.HelmChartContainer - [hivemq-test-hivemq-platform] [hivemq-platform-operator] [8c87e2c7] 13:57:55.861 [ReconcilerExecutor-hivemq-controller-135] DEBUG c.h.p.o.h.HiveMQPlatformReconcilerRestartExtensionsHandler - [helmupgr] Checking update extension status on Pod 'test-hivemq-platform-0'
2025-01-29 13:57:55,943 INFO c.h.h.t.HelmChartContainer - [test-hivemq-platform] [hivemq] [d5e1daec] INFO  - [HiveMQ Platform Operator Init App 1.7.0-SNAPSHOT] Extension update is done (0 errors)
2025-01-29 13:57:55,944 INFO c.h.h.testcontainer.LogWaiterUtil - TEST Found log pattern on 'test-hivemq-platform-0': .*\[HiveMQ Platform Operator Init App [A-Z0-9.-]+\] Extension update is done \(0 errors\)
2025-01-29 13:57:55,951 INFO c.h.h.t.HelmChartContainer - [hivemq-test-hivemq-platform] [hivemq-platform-operator] [8c87e2c7] 13:57:55.950 [vert.x-eventloop-thread-0] DEBUG c.h.platform.operator.util.PodUtil - Received status for command '[curl, -s, http://10.42.0.6:7979/updateExtensionStatus]' on Pod 'test-hivemq-platform-0' (exit code: 0)
2025-01-29 13:57:56,958 INFO c.h.h.t.HelmChartContainer - [hivemq-test-hivemq-platform] [hivemq-platform-operator] [8c87e2c7] 13:57:56.955 [pool-6-thread-17] DEBUG c.h.p.o.d.PlatformServiceResource - [helmupgr] Desired Platform services (3 services)
2025-01-29 13:57:56,958 INFO c.h.h.t.HelmChartContainer - [hivemq-test-hivemq-platform] [hivemq-platform-operator] [8c87e2c7] 13:57:56.956 [pool-6-thread-16] DEBUG c.h.p.o.dependants.PodInfoConfigMap - [helmupgr] Desired PodInfo ConfigMap (1 extensions) (0 enabled)
2025-01-29 13:57:56,958 INFO c.h.h.t.HelmChartContainer - [hivemq-test-hivemq-platform] [hivemq-platform-operator] [8c87e2c7] 13:57:56.956 [pool-6-thread-16] DEBUG c.h.p.o.dependants.PodInfoConfigMap - [helmupgr] Desired PodInfo ConfigMap (metrics port: 9399) (metrics path: /)
2025-01-29 13:57:56,958 INFO c.h.h.t.HelmChartContainer - [hivemq-test-hivemq-platform] [hivemq-platform-operator] [8c87e2c7] 13:57:56.956 [pool-6-thread-16] DEBUG c.h.p.o.dependants.PodInfoConfigMap - [helmupgr] Desired PodInfo ConfigMap (extension state hash: -1493170518)
2025-01-29 13:57:56,958 INFO c.h.h.t.HelmChartContainer - [hivemq-test-hivemq-platform] [hivemq-platform-operator] [8c87e2c7] 13:57:56.956 [pool-6-thread-11] DEBUG c.h.p.o.d.PodServiceAccountResource - [helmupgr] Desired PodServiceAccountResource (serviceAccountName: hivemq-platform-pod-test-hivemq-platform)
2025-01-29 13:57:56,960 INFO c.h.h.t.HelmChartContainer - [hivemq-test-hivemq-platform] [hivemq-platform-operator] [8c87e2c7] 13:57:56.959 [pool-6-thread-17] DEBUG c.h.p.o.d.StatefulSetResource - [helmupgr] Desired StatefulSet (1 replicas) for status RESTART_EXTENSIONS (WAIT_FOR_EXTENSION_RESTART)
2025-01-29 13:57:56,961 INFO c.h.h.t.HelmChartContainer - [hivemq-test-hivemq-platform] [hivemq-platform-operator] [8c87e2c7] 13:57:56.960 [pool-6-thread-17] DEBUG c.h.p.o.u.VolumeAndVolumeMountUtil - [helmupgr] Creating volume mount for available ConfigMap 'test-bridge-configuration' of disabled extension 'hivemq-bridge-extension'
2025-01-29 13:57:56,964 INFO c.h.h.t.HelmChartContainer - [hivemq-test-hivemq-platform] [hivemq-platform-operator] [8c87e2c7] 13:57:56.962 [ReconcilerExecutor-hivemq-controller-136] INFO  c.h.p.o.HiveMQPlatformReconciler - [helmupgr] Reconciling HiveMQ Platform 'test-hivemq-platform' in namespace 'helmupgradeextensionit'
2025-01-29 13:57:56,964 INFO c.h.h.t.HelmChartContainer - [hivemq-test-hivemq-platform] [hivemq-platform-operator] [8c87e2c7] 13:57:56.963 [ReconcilerExecutor-hivemq-controller-136] DEBUG c.h.p.o.HiveMQPlatformReconciler - [helmupgr] Custom Resource Status RESTART_EXTENSIONS - HiveMQ Platform is waiting for extension restart (hivemq-bridge-extension) (WAIT_FOR_EXTENSION_RESTART)
2025-01-29 13:57:56,965 INFO c.h.h.t.HelmChartContainer - [hivemq-test-hivemq-platform] [hivemq-platform-operator] [8c87e2c7] 13:57:56.963 [ReconcilerExecutor-hivemq-controller-136] DEBUG c.h.p.o.HiveMQPlatformReconciler - [helmupgr] Custom Resource Spec (replicas: 1) (extensions: 1)
2025-01-29 13:57:56,965 INFO c.h.h.t.HelmChartContainer - [hivemq-test-hivemq-platform] [hivemq-platform-operator] [8c87e2c7] 13:57:56.965 [ReconcilerExecutor-hivemq-controller-136] DEBUG c.h.p.o.HiveMQPlatformReconciler - [helmupgr] StatefulSet Status (revision: test-hivemq-platform-5b6c7575b6, replicas: 1, available: 1, ready: 1, current: 1, updated: 1)
2025-01-29 13:57:56,966 INFO c.h.h.t.HelmChartContainer - [hivemq-test-hivemq-platform] [hivemq-platform-operator] [8c87e2c7] 13:57:56.965 [ReconcilerExecutor-hivemq-controller-136] DEBUG c.h.p.o.HiveMQPlatformReconciler - [helmupgr] StatefulSet Spec (replicas: 1, init containers: 1, containers: 1, volumes: 4)
2025-01-29 13:57:56,967 INFO c.h.h.t.HelmChartContainer - [hivemq-test-hivemq-platform] [hivemq-platform-operator] [8c87e2c7] 13:57:56.966 [ReconcilerExecutor-hivemq-controller-136] DEBUG c.h.p.o.h.HiveMQPlatformReconcilerErrorHandler - [helmupgr] Pod 'test-hivemq-platform-0' phase Running
2025-01-29 13:57:56,969 INFO c.h.h.t.HelmChartContainer - [hivemq-test-hivemq-platform] [hivemq-platform-operator] [8c87e2c7] 13:57:56.967 [ReconcilerExecutor-hivemq-controller-136] INFO  c.h.p.o.h.HiveMQPlatformReconcilerRestartExtensionsHandler - [helmupgr] Successfully updated extensions on all Pods
2025-01-29 13:57:56,976 INFO c.h.h.t.HelmChartContainer - [EVENT] Normal [Ready] HiveMQ Platform is ready [helmupgradeextensionit:test-hivemq-platform]
2025-01-29 13:57:57,004 INFO c.h.h.t.HelmChartContainer - [hivemq-test-hivemq-platform] [hivemq-platform-operator] [8c87e2c7] 13:57:57.003 [ReconcilerExecutor-hivemq-controller-136] DEBUG c.h.p.operator.event.EventSender - [helmupgr] Updating K8s event hivemq-platform-ready: [Ready] HiveMQ Platform is ready
2025-01-29 13:57:57,051 INFO c.h.h.t.HelmChartContainer - [hivemq-test-hivemq-platform] [hivemq-platform-operator] [8c87e2c7] 13:57:57.050 [ReconcilerExecutor-hivemq-controller-136] INFO  c.h.p.o.h.AbstractHiveMQReconcilerStateHandler - [helmupgr] Update HiveMQ Platform Status (RESTART_EXTENSIONS [WAIT_FOR_EXTENSION_RESTART] -> RUNNING [READY]): HiveMQ Platform is ready
2025-01-29 13:57:57,060 DEBUG com.hivemq.helmcharts.util.K8sUtil - Comparing actual state 'RUNNING' and waiting for 'RUNNING'
2025-01-29 13:58:03,070 INFO c.h.h.t.HelmChartContainer - Uninstalling release 'test-hivemq-platform' in namespace 'helmupgradeextensionit'...
2025-01-29 13:58:03,070 DEBUG c.h.h.t.HelmChartContainer - Executing helm command: /bin/helm --kubeconfig /etc/rancher/k3s/k3s.yaml uninstall test-hivemq-platform  --wait --timeout 5m0s --cascade foreground --namespace helmupgradeextensionit
2025-01-29 13:58:03,282 INFO c.h.h.t.HelmChartContainer - [hivemq-test-hivemq-platform] [hivemq-platform-operator] [8c87e2c7] 13:58:03.273 [pool-6-thread-25] DEBUG c.h.p.o.d.PlatformServiceResource - [helmupgr] Desired Platform services (3 services)
2025-01-29 13:58:03,282 INFO c.h.h.t.HelmChartContainer - [hivemq-test-hivemq-platform] [hivemq-platform-operator] [8c87e2c7] 13:58:03.274 [pool-6-thread-24] DEBUG c.h.p.o.dependants.PodInfoConfigMap - [helmupgr] Desired PodInfo ConfigMap (1 extensions) (0 enabled)
2025-01-29 13:58:03,283 INFO c.h.h.t.HelmChartContainer - [hivemq-test-hivemq-platform] [hivemq-platform-operator] [8c87e2c7] 13:58:03.279 [pool-6-thread-24] DEBUG c.h.p.o.dependants.PodInfoConfigMap - [helmupgr] Desired PodInfo ConfigMap (metrics port: 9399) (metrics path: /)
2025-01-29 13:58:03,283 INFO c.h.h.t.HelmChartContainer - [hivemq-test-hivemq-platform] [hivemq-platform-operator] [8c87e2c7] 13:58:03.279 [pool-6-thread-24] DEBUG c.h.p.o.dependants.PodInfoConfigMap - [helmupgr] Desired PodInfo ConfigMap (extension state hash: -1493170518)
2025-01-29 13:58:03,288 INFO c.h.h.t.HelmChartContainer - [hivemq-test-hivemq-platform] [hivemq-platform-operator] [8c87e2c7] 13:58:03.279 [pool-6-thread-24] DEBUG c.h.p.o.dependants.PodInfoConfigMap - [helmupgr] Update PodInfo ConfigMap
2025-01-29 13:58:03,288 INFO c.h.h.t.HelmChartContainer - [hivemq-test-hivemq-platform] [hivemq-platform-operator] [8c87e2c7] 13:58:03.275 [pool-6-thread-21] DEBUG c.h.p.o.d.PodServiceAccountResource - [helmupgr] Desired PodServiceAccountResource (serviceAccountName: hivemq-platform-pod-test-hivemq-platform)
2025-01-29 13:58:03,364 INFO c.h.h.t.HelmChartContainer - [hivemq-test-hivemq-platform] [hivemq-platform-operator] [8c87e2c7] 13:58:03.361 [pool-6-thread-24] DEBUG c.h.p.o.d.StatefulSetResource - [helmupgr] Desired StatefulSet (1 replicas) for status RUNNING (READY)
2025-01-29 13:58:03,366 INFO c.h.h.t.HelmChartContainer - [hivemq-test-hivemq-platform] [hivemq-platform-operator] [8c87e2c7] 13:58:03.365 [pool-6-thread-24] DEBUG c.h.p.o.u.VolumeAndVolumeMountUtil - [helmupgr] Creating volume mount for available ConfigMap 'test-bridge-configuration' of disabled extension 'hivemq-bridge-extension'
2025-01-29 13:58:03,377 INFO c.h.h.t.HelmChartContainer - [hivemq-test-hivemq-platform] [hivemq-platform-operator] [8c87e2c7] 13:58:03.374 [pool-6-thread-24] DEBUG c.h.p.o.d.StatefulSetResource - [helmupgr] Update StatefulSet (replicas: 1 -> 1)
2025-01-29 13:58:03,378 INFO c.h.h.t.HelmChartContainer - [hivemq-test-hivemq-platform] [hivemq-platform-operator] [8c87e2c7] 13:58:03.374 [pool-6-thread-24] DEBUG c.h.p.o.d.StatefulSetResource - [helmupgr] Detected change in StatefulSet specification (path: /template/metadata/annotations/kubernetes-resource-versions) (actual value: {broker-configuration-v2=-2089688360}) (target value: {broker-configuration-v2=0})
2025-01-29 13:58:03,378 INFO c.h.h.t.HelmChartContainer - [hivemq-test-hivemq-platform] [hivemq-platform-operator] [8c87e2c7] 13:58:03.374 [pool-6-thread-24] INFO  c.h.p.o.d.StatefulSetResource - [helmupgr] StatefulSet spec was updated, triggering rolling restart
2025-01-29 13:58:03,454 INFO c.h.h.t.HelmChartContainer - [hivemq-test-hivemq-platform] [hivemq-platform-operator] [8c87e2c7] 13:58:03.452 [ReconcilerExecutor-hivemq-controller-138] INFO  c.h.p.o.HiveMQPlatformReconciler - [helmupgr] Reconciling HiveMQ Platform 'test-hivemq-platform' in namespace 'helmupgradeextensionit'
2025-01-29 13:58:03,455 INFO c.h.h.t.HelmChartContainer - [hivemq-test-hivemq-platform] [hivemq-platform-operator] [8c87e2c7] 13:58:03.452 [ReconcilerExecutor-hivemq-controller-138] DEBUG c.h.p.o.HiveMQPlatformReconciler - [helmupgr] Custom Resource Status RUNNING - HiveMQ Platform is ready (READY) (reconciliation requests: REQUESTS_UPDATED, ROLLING_RESTART)
2025-01-29 13:58:03,455 INFO c.h.h.t.HelmChartContainer - [hivemq-test-hivemq-platform] [hivemq-platform-operator] [8c87e2c7] 13:58:03.453 [ReconcilerExecutor-hivemq-controller-138] DEBUG c.h.p.o.HiveMQPlatformReconciler - [helmupgr] Custom Resource Spec (replicas: 1) (extensions: 1)
2025-01-29 13:58:03,455 INFO c.h.h.t.HelmChartContainer - [hivemq-test-hivemq-platform] [hivemq-platform-operator] [8c87e2c7] 13:58:03.453 [ReconcilerExecutor-hivemq-controller-138] WARN  c.h.p.o.h.HiveMQPlatformReconcilerErrorHandler - [helmupgr] Could not find ConfigMap 'hivemq-configuration-test-hivemq-platform' for HiveMQ Platform configuration
2025-01-29 13:58:03,472 INFO c.h.h.t.HelmChartContainer - [hivemq-test-hivemq-platform] [hivemq-platform-operator] [8c87e2c7] 13:58:03.471 [ReconcilerExecutor-hivemq-controller-138] DEBUG c.h.p.operator.event.EventSender - [helmupgr] Creating K8s event hivemq-platform-invalid-configuration: [Start] Could not find ConfigMap 'hivemq-configuration-test-hivemq-platform' for HiveMQ Platform configuration
2025-01-29 13:58:03,476 INFO c.h.h.t.HelmChartContainer - [EVENT] Warning [Start] Could not find ConfigMap 'hivemq-configuration-test-hivemq-platform' for HiveMQ Platform configuration [helmupgradeextensionit:test-hivemq-platform]
2025-01-29 13:58:03,476 INFO c.h.h.t.HelmChartContainer - [hivemq-test-hivemq-platform] [hivemq-platform-operator] [8c87e2c7] 13:58:03.475 [ReconcilerExecutor-hivemq-controller-138] INFO  c.h.p.o.h.AbstractHiveMQReconcilerStateHandler - [helmupgr] Update HiveMQ Platform Status (RUNNING [READY] -> ERROR [INVALID_CONFIG_MAP]): Could not find ConfigMap 'hivemq-configuration-test-hivemq-platform' for HiveMQ Platform configuration (reconciliation requests: ROLLING_RESTART)
2025-01-29 13:58:03,560 INFO c.h.h.t.HelmChartContainer - [hivemq-test-hivemq-platform] [hivemq-platform-operator] [8c87e2c7] 13:58:03.555 [ReconcilerExecutor-hivemq-controller-138] ERROR i.j.o.p.event.EventProcessor - Error during event processing ExecutionScope{ resource id: ResourceID{name='test-hivemq-platform', namespace='helmupgradeextensionit'}, version: 656}
2025-01-29 13:58:03,560 INFO c.h.h.t.HelmChartContainer - [hivemq-test-hivemq-platform] [hivemq-platform-operator] [8c87e2c7] io.fabric8.kubernetes.client.KubernetesClientException: Failure executing: PUT at: https://10.43.0.1:443/apis/hivemq.com/v1/namespaces/helmupgradeextensionit/hivemq-platforms/test-hivemq-platform/status. Message: Operation cannot be fulfilled on hivemq-platforms.hivemq.com "test-hivemq-platform": the object has been modified; please apply your changes to the latest version and try again. Received status: Status(apiVersion=v1, code=409, details=StatusDetails(causes=[], group=hivemq.com, kind=hivemq-platforms, name=test-hivemq-platform, retryAfterSeconds=null, uid=null, additionalProperties={}), kind=Status, message=Operation cannot be fulfilled on hivemq-platforms.hivemq.com "test-hivemq-platform": the object has been modified; please apply your changes to the latest version and try again, metadata=ListMeta(_continue=null, remainingItemCount=null, resourceVersion=null, selfLink=null, additionalProperties={}), reason=Conflict, status=Failure, additionalProperties={}).
2025-01-29 13:58:03,560 INFO c.h.h.t.HelmChartContainer - [hivemq-test-hivemq-platform] [hivemq-platform-operator] [8c87e2c7] 	at io.fabric8.kubernetes.client.KubernetesClientException.copyAsCause(KubernetesClientException.java:238)
2025-01-29 13:58:03,560 INFO c.h.h.t.HelmChartContainer - [hivemq-test-hivemq-platform] [hivemq-platform-operator] [8c87e2c7] 	at io.fabric8.kubernetes.client.dsl.internal.OperationSupport.waitForResult(OperationSupport.java:507)
2025-01-29 13:58:03,560 INFO c.h.h.t.HelmChartContainer - [hivemq-test-hivemq-platform] [hivemq-platform-operator] [8c87e2c7] 	at io.fabric8.kubernetes.client.dsl.internal.OperationSupport.handleResponse(OperationSupport.java:524)
2025-01-29 13:58:03,560 INFO c.h.h.t.HelmChartContainer - [hivemq-test-hivemq-platform] [hivemq-platform-operator] [8c87e2c7] 	at io.fabric8.kubernetes.client.dsl.internal.OperationSupport.handleUpdate(OperationSupport.java:358)
2025-01-29 13:58:03,560 INFO c.h.h.t.HelmChartContainer - [hivemq-test-hivemq-platform] [hivemq-platform-operator] [8c87e2c7] 	at io.fabric8.kubernetes.client.dsl.internal.BaseOperation.handleUpdate(BaseOperation.java:759)
2025-01-29 13:58:03,560 INFO c.h.h.t.HelmChartContainer - [hivemq-test-hivemq-platform] [hivemq-platform-operator] [8c87e2c7] 	at io.fabric8.kubernetes.client.dsl.internal.HasMetadataOperation.update(HasMetadataOperation.java:138)
2025-01-29 13:58:03,560 INFO c.h.h.t.HelmChartContainer - [hivemq-test-hivemq-platform] [hivemq-platform-operator] [8c87e2c7] 	at io.fabric8.kubernetes.client.dsl.internal.HasMetadataOperation.update(HasMetadataOperation.java:121)
2025-01-29 13:58:03,560 INFO c.h.h.t.HelmChartContainer - [hivemq-test-hivemq-platform] [hivemq-platform-operator] [8c87e2c7] 	at io.fabric8.kubernetes.client.dsl.internal.HasMetadataOperation.updateStatus(HasMetadataOperation.java:126)
2025-01-29 13:58:03,560 INFO c.h.h.t.HelmChartContainer - [hivemq-test-hivemq-platform] [hivemq-platform-operator] [8c87e2c7] 	at io.fabric8.kubernetes.client.dsl.internal.HasMetadataOperation.updateStatus(HasMetadataOperation.java:44)
2025-01-29 13:58:03,561 INFO c.h.h.t.HelmChartContainer - [hivemq-test-hivemq-platform] [hivemq-platform-operator] [8c87e2c7] 	at io.javaoperatorsdk.operator.processing.event.ReconciliationDispatcher$CustomResourceFacade.updateStatus(ReconciliationDispatcher.java:408)
2025-01-29 13:58:03,561 INFO c.h.h.t.HelmChartContainer - [hivemq-test-hivemq-platform] [hivemq-platform-operator] [8c87e2c7] 	at io.javaoperatorsdk.operator.processing.event.ReconciliationDispatcher.updateStatusGenerationAware(ReconciliationDispatcher.java:228)
2025-01-29 13:58:03,561 INFO c.h.h.t.HelmChartContainer - [hivemq-test-hivemq-platform] [hivemq-platform-operator] [8c87e2c7] 	at io.javaoperatorsdk.operator.processing.event.ReconciliationDispatcher.reconcileExecution(ReconciliationDispatcher.java:150)
2025-01-29 13:58:03,561 INFO c.h.h.t.HelmChartContainer - [hivemq-test-hivemq-platform] [hivemq-platform-operator] [8c87e2c7] 	at io.javaoperatorsdk.operator.processing.event.ReconciliationDispatcher.handleReconcile(ReconciliationDispatcher.java:117)
2025-01-29 13:58:03,561 INFO c.h.h.t.HelmChartContainer - [hivemq-test-hivemq-platform] [hivemq-platform-operator] [8c87e2c7] 	at io.javaoperatorsdk.operator.processing.event.ReconciliationDispatcher.handleDispatch(ReconciliationDispatcher.java:91)
2025-01-29 13:58:03,561 INFO c.h.h.t.HelmChartContainer - [hivemq-test-hivemq-platform] [hivemq-platform-operator] [8c87e2c7] 	at io.javaoperatorsdk.operator.processing.event.ReconciliationDispatcher.handleExecution(ReconciliationDispatcher.java:64)
2025-01-29 13:58:03,561 INFO c.h.h.t.HelmChartContainer - [hivemq-test-hivemq-platform] [hivemq-platform-operator] [8c87e2c7] 	at io.javaoperatorsdk.operator.processing.event.EventProcessor$ReconcilerExecutor.run(EventProcessor.java:452)
2025-01-29 13:58:03,561 INFO c.h.h.t.HelmChartContainer - [hivemq-test-hivemq-platform] [hivemq-platform-operator] [8c87e2c7] 	at java.base/java.util.concurrent.ThreadPoolExecutor.runWorker(Unknown Source)
2025-01-29 13:58:03,561 INFO c.h.h.t.HelmChartContainer - [hivemq-test-hivemq-platform] [hivemq-platform-operator] [8c87e2c7] 	at java.base/java.util.concurrent.ThreadPoolExecutor$Worker.run(Unknown Source)
2025-01-29 13:58:03,561 INFO c.h.h.t.HelmChartContainer - [hivemq-test-hivemq-platform] [hivemq-platform-operator] [8c87e2c7] 	at java.base/java.lang.Thread.run(Unknown Source)
2025-01-29 13:58:03,561 INFO c.h.h.t.HelmChartContainer - [hivemq-test-hivemq-platform] [hivemq-platform-operator] [8c87e2c7] Caused by: io.fabric8.kubernetes.client.KubernetesClientException: Failure executing: PUT at: https://10.43.0.1:443/apis/hivemq.com/v1/namespaces/helmupgradeextensionit/hivemq-platforms/test-hivemq-platform/status. Message: Operation cannot be fulfilled on hivemq-platforms.hivemq.com "test-hivemq-platform": the object has been modified; please apply your changes to the latest version and try again. Received status: Status(apiVersion=v1, code=409, details=StatusDetails(causes=[], group=hivemq.com, kind=hivemq-platforms, name=test-hivemq-platform, retryAfterSeconds=null, uid=null, additionalProperties={}), kind=Status, message=Operation cannot be fulfilled on hivemq-platforms.hivemq.com "test-hivemq-platform": the object has been modified; please apply your changes to the latest version and try again, metadata=ListMeta(_continue=null, remainingItemCount=null, resourceVersion=null, selfLink=null, additionalProperties={}), reason=Conflict, status=Failure, additionalProperties={}).
2025-01-29 13:58:03,561 INFO c.h.h.t.HelmChartContainer - [hivemq-test-hivemq-platform] [hivemq-platform-operator] [8c87e2c7] 	at io.fabric8.kubernetes.client.dsl.internal.OperationSupport.requestFailure(OperationSupport.java:660)
2025-01-29 13:58:03,561 INFO c.h.h.t.HelmChartContainer - [hivemq-test-hivemq-platform] [hivemq-platform-operator] [8c87e2c7] 	at io.fabric8.kubernetes.client.dsl.internal.OperationSupport.requestFailure(OperationSupport.java:640)
2025-01-29 13:58:03,561 INFO c.h.h.t.HelmChartContainer - [hivemq-test-hivemq-platform] [hivemq-platform-operator] [8c87e2c7] 	at io.fabric8.kubernetes.client.dsl.internal.OperationSupport.assertResponseCode(OperationSupport.java:589)
2025-01-29 13:58:03,561 INFO c.h.h.t.HelmChartContainer - [hivemq-test-hivemq-platform] [hivemq-platform-operator] [8c87e2c7] 	at io.fabric8.kubernetes.client.dsl.internal.OperationSupport.lambda$handleResponse$0(OperationSupport.java:549)
2025-01-29 13:58:03,561 INFO c.h.h.t.HelmChartContainer - [hivemq-test-hivemq-platform] [hivemq-platform-operator] [8c87e2c7] 	at java.base/java.util.concurrent.CompletableFuture$UniApply.tryFire(Unknown Source)
2025-01-29 13:58:03,561 INFO c.h.h.t.HelmChartContainer - [hivemq-test-hivemq-platform] [hivemq-platform-operator] [8c87e2c7] 	at java.base/java.util.concurrent.CompletableFuture.postComplete(Unknown Source)
2025-01-29 13:58:03,561 INFO c.h.h.t.HelmChartContainer - [hivemq-test-hivemq-platform] [hivemq-platform-operator] [8c87e2c7] 	at java.base/java.util.concurrent.CompletableFuture.complete(Unknown Source)
2025-01-29 13:58:03,561 INFO c.h.h.t.HelmChartContainer - [hivemq-test-hivemq-platform] [hivemq-platform-operator] [8c87e2c7] 	at io.fabric8.kubernetes.client.http.StandardHttpClient.lambda$completeOrCancel$10(StandardHttpClient.java:141)
2025-01-29 13:58:03,561 INFO c.h.h.t.HelmChartContainer - [hivemq-test-hivemq-platform] [hivemq-platform-operator] [8c87e2c7] 	at java.base/java.util.concurrent.CompletableFuture.uniWhenComplete(Unknown Source)
2025-01-29 13:58:03,561 INFO c.h.h.t.HelmChartContainer - [hivemq-test-hivemq-platform] [hivemq-platform-operator] [8c87e2c7] 	at java.base/java.util.concurrent.CompletableFuture$UniWhenComplete.tryFire(Unknown Source)
2025-01-29 13:58:03,561 INFO c.h.h.t.HelmChartContainer - [hivemq-test-hivemq-platform] [hivemq-platform-operator] [8c87e2c7] 	at java.base/java.util.concurrent.CompletableFuture.postComplete(Unknown Source)
2025-01-29 13:58:03,561 INFO c.h.h.t.HelmChartContainer - [hivemq-test-hivemq-platform] [hivemq-platform-operator] [8c87e2c7] 	at java.base/java.util.concurrent.CompletableFuture.complete(Unknown Source)
2025-01-29 13:58:03,561 INFO c.h.h.t.HelmChartContainer - [hivemq-test-hivemq-platform] [hivemq-platform-operator] [8c87e2c7] 	at io.fabric8.kubernetes.client.http.ByteArrayBodyHandler.onBodyDone(ByteArrayBodyHandler.java:51)
2025-01-29 13:58:03,561 INFO c.h.h.t.HelmChartContainer - [hivemq-test-hivemq-platform] [hivemq-platform-operator] [8c87e2c7] 	at java.base/java.util.concurrent.CompletableFuture.uniWhenComplete(Unknown Source)
2025-01-29 13:58:03,561 INFO c.h.h.t.HelmChartContainer - [hivemq-test-hivemq-platform] [hivemq-platform-operator] [8c87e2c7] 	at java.base/java.util.concurrent.CompletableFuture$UniWhenComplete.tryFire(Unknown Source)
2025-01-29 13:58:03,561 INFO c.h.h.t.HelmChartContainer - [hivemq-test-hivemq-platform] [hivemq-platform-operator] [8c87e2c7] 	at java.base/java.util.concurrent.CompletableFuture.postComplete(Unknown Source)
2025-01-29 13:58:03,561 INFO c.h.h.t.HelmChartContainer - [hivemq-test-hivemq-platform] [hivemq-platform-operator] [8c87e2c7] 	at java.base/java.util.concurrent.CompletableFuture.complete(Unknown Source)
2025-01-29 13:58:03,561 INFO c.h.h.t.HelmChartContainer - [hivemq-test-hivemq-platform] [hivemq-platform-operator] [8c87e2c7] 	at io.fabric8.kubernetes.client.vertx.VertxHttpRequest.lambda$null$1(VertxHttpRequest.java:121)
2025-01-29 13:58:03,561 INFO c.h.h.t.HelmChartContainer - [hivemq-test-hivemq-platform] [hivemq-platform-operator] [8c87e2c7] 	at io.vertx.core.impl.ContextInternal.dispatch(ContextInternal.java:279)
2025-01-29 13:58:03,561 INFO c.h.h.t.HelmChartContainer - [hivemq-test-hivemq-platform] [hivemq-platform-operator] [8c87e2c7] 	at io.vertx.core.impl.ContextInternal.dispatch(ContextInternal.java:261)
2025-01-29 13:58:03,561 INFO c.h.h.t.HelmChartContainer - [hivemq-test-hivemq-platform] [hivemq-platform-operator] [8c87e2c7] 	at io.vertx.core.http.impl.HttpEventHandler.handleEnd(HttpEventHandler.java:76)
2025-01-29 13:58:03,561 INFO c.h.h.t.HelmChartContainer - [hivemq-test-hivemq-platform] [hivemq-platform-operator] [8c87e2c7] 	at io.vertx.core.http.impl.HttpClientResponseImpl.handleEnd(HttpClientResponseImpl.java:250)
2025-01-29 13:58:03,561 INFO c.h.h.t.HelmChartContainer - [hivemq-test-hivemq-platform] [hivemq-platform-operator] [8c87e2c7] 	at io.vertx.core.http.impl.Http1xClientConnection$StreamImpl.lambda$new$0(Http1xClientConnection.java:421)
2025-01-29 13:58:03,561 INFO c.h.h.t.HelmChartContainer - [hivemq-test-hivemq-platform] [hivemq-platform-operator] [8c87e2c7] 	at io.vertx.core.streams.impl.InboundBuffer.handleEvent(InboundBuffer.java:279)
2025-01-29 13:58:03,561 INFO c.h.h.t.HelmChartContainer - [hivemq-test-hivemq-platform] [hivemq-platform-operator] [8c87e2c7] 	at io.vertx.core.streams.impl.InboundBuffer.write(InboundBuffer.java:157)
2025-01-29 13:58:03,561 INFO c.h.h.t.HelmChartContainer - [hivemq-test-hivemq-platform] [hivemq-platform-operator] [8c87e2c7] 	at io.vertx.core.http.impl.Http1xClientConnection$StreamImpl.handleEnd(Http1xClientConnection.java:709)
2025-01-29 13:58:03,561 INFO c.h.h.t.HelmChartContainer - [hivemq-test-hivemq-platform] [hivemq-platform-operator] [8c87e2c7] 	at io.vertx.core.impl.ContextImpl.execute(ContextImpl.java:313)
2025-01-29 13:58:03,561 INFO c.h.h.t.HelmChartContainer - [hivemq-test-hivemq-platform] [hivemq-platform-operator] [8c87e2c7] 	at io.vertx.core.impl.ContextImpl.execute(ContextImpl.java:293)
2025-01-29 13:58:03,561 INFO c.h.h.t.HelmChartContainer - [hivemq-test-hivemq-platform] [hivemq-platform-operator] [8c87e2c7] 	at io.vertx.core.http.impl.Http1xClientConnection.handleResponseEnd(Http1xClientConnection.java:940)
2025-01-29 13:58:03,561 INFO c.h.h.t.HelmChartContainer - [hivemq-test-hivemq-platform] [hivemq-platform-operator] [8c87e2c7] 	at io.vertx.core.http.impl.Http1xClientConnection.handleHttpMessage(Http1xClientConnection.java:810)
2025-01-29 13:58:03,561 INFO c.h.h.t.HelmChartContainer - [hivemq-test-hivemq-platform] [hivemq-platform-operator] [8c87e2c7] 	at io.vertx.core.http.impl.Http1xClientConnection.handleMessage(Http1xClientConnection.java:774)
2025-01-29 13:58:03,561 INFO c.h.h.t.HelmChartContainer - [hivemq-test-hivemq-platform] [hivemq-platform-operator] [8c87e2c7] 	at io.vertx.core.net.impl.ConnectionBase.read(ConnectionBase.java:159)
2025-01-29 13:58:03,561 INFO c.h.h.t.HelmChartContainer - [hivemq-test-hivemq-platform] [hivemq-platform-operator] [8c87e2c7] 	at io.vertx.core.net.impl.VertxHandler.channelRead(VertxHandler.java:153)
2025-01-29 13:58:03,561 INFO c.h.h.t.HelmChartContainer - [hivemq-test-hivemq-platform] [hivemq-platform-operator] [8c87e2c7] 	at io.netty.channel.AbstractChannelHandlerContext.invokeChannelRead(AbstractChannelHandlerContext.java:442)
2025-01-29 13:58:03,561 INFO c.h.h.t.HelmChartContainer - [hivemq-test-hivemq-platform] [hivemq-platform-operator] [8c87e2c7] 	at io.netty.channel.AbstractChannelHandlerContext.invokeChannelRead(AbstractChannelHandlerContext.java:420)
2025-01-29 13:58:03,561 INFO c.h.h.t.HelmChartContainer - [hivemq-test-hivemq-platform] [hivemq-platform-operator] [8c87e2c7] 	at io.netty.channel.AbstractChannelHandlerContext.fireChannelRead(AbstractChannelHandlerContext.java:412)
2025-01-29 13:58:03,561 INFO c.h.h.t.HelmChartContainer - [hivemq-test-hivemq-platform] [hivemq-platform-operator] [8c87e2c7] 	at io.netty.channel.CombinedChannelDuplexHandler$DelegatingChannelHandlerContext.fireChannelRead(CombinedChannelDuplexHandler.java:436)
2025-01-29 13:58:03,561 INFO c.h.h.t.HelmChartContainer - [hivemq-test-hivemq-platform] [hivemq-platform-operator] [8c87e2c7] 	at io.netty.handler.codec.ByteToMessageDecoder.fireChannelRead(ByteToMessageDecoder.java:346)
2025-01-29 13:58:03,561 INFO c.h.h.t.HelmChartContainer - [hivemq-test-hivemq-platform] [hivemq-platform-operator] [8c87e2c7] 	at io.netty.handler.codec.ByteToMessageDecoder.channelRead(ByteToMessageDecoder.java:318)
2025-01-29 13:58:03,561 INFO c.h.h.t.HelmChartContainer - [hivemq-test-hivemq-platform] [hivemq-platform-operator] [8c87e2c7] 	at io.netty.channel.CombinedChannelDuplexHandler.channelRead(CombinedChannelDuplexHandler.java:251)
2025-01-29 13:58:03,561 INFO c.h.h.t.HelmChartContainer - [hivemq-test-hivemq-platform] [hivemq-platform-operator] [8c87e2c7] 	at io.netty.channel.AbstractChannelHandlerContext.invokeChannelRead(AbstractChannelHandlerContext.java:442)
2025-01-29 13:58:03,561 INFO c.h.h.t.HelmChartContainer - [hivemq-test-hivemq-platform] [hivemq-platform-operator] [8c87e2c7] 	at io.netty.channel.AbstractChannelHandlerContext.invokeChannelRead(AbstractChannelHandlerContext.java:420)
2025-01-29 13:58:03,562 INFO c.h.h.t.HelmChartContainer - [hivemq-test-hivemq-platform] [hivemq-platform-operator] [8c87e2c7] 	at io.netty.channel.AbstractChannelHandlerContext.fireChannelRead(AbstractChannelHandlerContext.java:412)
2025-01-29 13:58:03,562 INFO c.h.h.t.HelmChartContainer - [hivemq-test-hivemq-platform] [hivemq-platform-operator] [8c87e2c7] 	at io.netty.handler.ssl.SslHandler.unwrap(SslHandler.java:1475)
2025-01-29 13:58:03,562 INFO c.h.h.t.HelmChartContainer - [hivemq-test-hivemq-platform] [hivemq-platform-operator] [8c87e2c7] 	at io.netty.handler.ssl.SslHandler.decodeJdkCompatible(SslHandler.java:1338)
2025-01-29 13:58:03,562 INFO c.h.h.t.HelmChartContainer - [hivemq-test-hivemq-platform] [hivemq-platform-operator] [8c87e2c7] 	at io.netty.handler.ssl.SslHandler.decode(SslHandler.java:1387)
2025-01-29 13:58:03,563 INFO c.h.h.t.HelmChartContainer - [hivemq-test-hivemq-platform] [hivemq-platform-operator] [8c87e2c7] 	at io.netty.handler.codec.ByteToMessageDecoder.decodeRemovalReentryProtection(ByteToMessageDecoder.java:530)
2025-01-29 13:58:03,563 INFO c.h.h.t.HelmChartContainer - [hivemq-test-hivemq-platform] [hivemq-platform-operator] [8c87e2c7] 	at io.netty.handler.codec.ByteToMessageDecoder.callDecode(ByteToMessageDecoder.java:469)
2025-01-29 13:58:03,563 INFO c.h.h.t.HelmChartContainer - [hivemq-test-hivemq-platform] [hivemq-platform-operator] [8c87e2c7] 	at io.netty.handler.codec.ByteToMessageDecoder.channelRead(ByteToMessageDecoder.java:290)
2025-01-29 13:58:03,563 INFO c.h.h.t.HelmChartContainer - [hivemq-test-hivemq-platform] [hivemq-platform-operator] [8c87e2c7] 	at io.netty.channel.AbstractChannelHandlerContext.invokeChannelRead(AbstractChannelHandlerContext.java:444)
2025-01-29 13:58:03,563 INFO c.h.h.t.HelmChartContainer - [hivemq-test-hivemq-platform] [hivemq-platform-operator] [8c87e2c7] 	at io.netty.channel.AbstractChannelHandlerContext.invokeChannelRead(AbstractChannelHandlerContext.java:420)
2025-01-29 13:58:03,563 INFO c.h.h.t.HelmChartContainer - [hivemq-test-hivemq-platform] [hivemq-platform-operator] [8c87e2c7] 	at io.netty.channel.AbstractChannelHandlerContext.fireChannelRead(AbstractChannelHandlerContext.java:412)
2025-01-29 13:58:03,563 INFO c.h.h.t.HelmChartContainer - [hivemq-test-hivemq-platform] [hivemq-platform-operator] [8c87e2c7] 	at io.netty.channel.DefaultChannelPipeline$HeadContext.channelRead(DefaultChannelPipeline.java:1407)
2025-01-29 13:58:03,563 INFO c.h.h.t.HelmChartContainer - [hivemq-test-hivemq-platform] [hivemq-platform-operator] [8c87e2c7] 	at io.netty.channel.AbstractChannelHandlerContext.invokeChannelRead(AbstractChannelHandlerContext.java:440)
2025-01-29 13:58:03,563 INFO c.h.h.t.HelmChartContainer - [hivemq-test-hivemq-platform] [hivemq-platform-operator] [8c87e2c7] 	at io.netty.channel.AbstractChannelHandlerContext.invokeChannelRead(AbstractChannelHandlerContext.java:420)
2025-01-29 13:58:03,563 INFO c.h.h.t.HelmChartContainer - [hivemq-test-hivemq-platform] [hivemq-platform-operator] [8c87e2c7] 	at io.netty.channel.DefaultChannelPipeline.fireChannelRead(DefaultChannelPipeline.java:918)
2025-01-29 13:58:03,563 INFO c.h.h.t.HelmChartContainer - [hivemq-test-hivemq-platform] [hivemq-platform-operator] [8c87e2c7] 	at io.netty.channel.nio.AbstractNioByteChannel$NioByteUnsafe.read(AbstractNioByteChannel.java:166)
2025-01-29 13:58:03,563 INFO c.h.h.t.HelmChartContainer - [hivemq-test-hivemq-platform] [hivemq-platform-operator] [8c87e2c7] 	at io.netty.channel.nio.NioEventLoop.processSelectedKey(NioEventLoop.java:788)
2025-01-29 13:58:03,563 INFO c.h.h.t.HelmChartContainer - [hivemq-test-hivemq-platform] [hivemq-platform-operator] [8c87e2c7] 	at io.netty.channel.nio.NioEventLoop.processSelectedKeysOptimized(NioEventLoop.java:724)
2025-01-29 13:58:03,563 INFO c.h.h.t.HelmChartContainer - [hivemq-test-hivemq-platform] [hivemq-platform-operator] [8c87e2c7] 	at io.netty.channel.nio.NioEventLoop.processSelectedKeys(NioEventLoop.java:650)
2025-01-29 13:58:03,563 INFO c.h.h.t.HelmChartContainer - [hivemq-test-hivemq-platform] [hivemq-platform-operator] [8c87e2c7] 	at io.netty.channel.nio.NioEventLoop.run(NioEventLoop.java:562)
2025-01-29 13:58:03,563 INFO c.h.h.t.HelmChartContainer - [hivemq-test-hivemq-platform] [hivemq-platform-operator] [8c87e2c7] 	at io.netty.util.concurrent.SingleThreadEventExecutor$4.run(SingleThreadEventExecutor.java:997)
2025-01-29 13:58:03,563 INFO c.h.h.t.HelmChartContainer - [hivemq-test-hivemq-platform] [hivemq-platform-operator] [8c87e2c7] 	at io.netty.util.internal.ThreadExecutorMap$2.run(ThreadExecutorMap.java:74)
2025-01-29 13:58:03,563 INFO c.h.h.t.HelmChartContainer - [hivemq-test-hivemq-platform] [hivemq-platform-operator] [8c87e2c7] 	at io.netty.util.concurrent.FastThreadLocalRunnable.run(FastThreadLocalRunnable.java:30)
2025-01-29 13:58:03,563 INFO c.h.h.t.HelmChartContainer - [hivemq-test-hivemq-platform] [hivemq-platform-operator] [8c87e2c7] 	... 1 common frames omitted
2025-01-29 13:58:03,563 INFO c.h.h.t.HelmChartContainer - [hivemq-test-hivemq-platform] [hivemq-platform-operator] [8c87e2c7] 13:58:03.561 [ReconcilerExecutor-hivemq-controller-144] INFO  c.h.p.o.HiveMQPlatformReconciler - [helmupgr] Cleanup test-hivemq-platform - helmupgradeextensionit HiveMQ Platform is shut down
2025-01-29 13:58:04,145 INFO c.h.h.t.HelmChartContainer - [test-hivemq-platform] [hivemq] [d5e1daec] INFO  - [HiveMQ Platform Operator Init App 1.7.0-SNAPSHOT] Shutting down
2025-01-29 13:58:04,145 INFO c.h.h.t.HelmChartContainer - [EVENT] Normal [Killing] Stopping container hivemq [helmupgradeextensionit:test-hivemq-platform-0]
2025-01-29 13:58:04,145 INFO c.h.h.t.HelmChartContainer - [test-hivemq-platform] [hivemq] [d5e1daec] INFO  - [HiveMQ Platform Operator Init App 1.7.0-SNAPSHOT] Stopping the HiveMQ Platform
2025-01-29 13:58:04,146 INFO c.h.h.t.HelmChartContainer - Received Killing event for container hivemq in pod test-hivemq-platform-0 [d5e1daec-53c9-4281-880f-723fdbba83d8]
2025-01-29 13:58:04,146 INFO c.h.h.t.HelmChartContainer - Container [test-hivemq-platform-0] [hivemq] [d5e1daec-53c9-4281-880f-723fdbba83d8] was terminated
2025-01-29 13:58:04,146 INFO c.h.h.t.HelmChartContainer - Stopped log watcher for hivemq in pod test-hivemq-platform-0 [d5e1daec-53c9-4281-880f-723fdbba83d8]
2025-01-29 13:58:04,147 INFO c.h.h.t.HelmChartContainer - [POD] test-hivemq-platform-0 [d5e1daec-53c9-4281-880f-723fdbba83d8] in helmupgradeextensionit was MODIFIED
2025-01-29 13:58:04,271 INFO c.h.h.t.HelmChartContainer - [test-hivemq-platform] [hivemq] [d5e1daec] INFO  - Shutting down HiveMQ. Please wait, this could take a while...
2025-01-29 13:58:04,351 INFO c.h.h.t.HelmChartContainer - [test-hivemq-platform] [hivemq] [d5e1daec] INFO  - Shutting down listeners and clients
2025-01-29 13:58:04,356 INFO c.h.h.t.HelmChartContainer - [test-hivemq-platform] [hivemq] [d5e1daec] INFO  - Shutdown of listeners is done
2025-01-29 13:58:04,356 INFO c.h.h.t.HelmChartContainer - [test-hivemq-platform] [hivemq] [d5e1daec] INFO  - No clients are connected, proceeding with shutdown
2025-01-29 13:58:05,359 INFO c.h.h.t.HelmChartContainer - Deleting namespace 'helmupgradeextensionit'...
2025-01-29 13:58:06,773 INFO c.h.h.t.HelmChartContainer - [test-hivemq-platform] [hivemq] [d5e1daec] INFO  - Shutting down extension system
2025-01-29 13:58:06,779 INFO c.h.h.t.HelmChartContainer - [test-hivemq-platform] [hivemq] [d5e1daec] INFO  - Stopping extension with id hivemq-dns-cluster-discovery
2025-01-29 13:58:06,779 INFO c.h.h.t.HelmChartContainer - [test-hivemq-platform] [hivemq] [d5e1daec] INFO  - Extension "DNS Cluster Discovery Extension" version 4.3.2 stopped successfully.
2025-01-29 13:58:06,779 INFO c.h.h.t.HelmChartContainer - [test-hivemq-platform] [hivemq] [d5e1daec] INFO  - Stopping extension with id hivemq-prometheus-extension
2025-01-29 13:58:06,782 INFO c.h.h.t.HelmChartContainer - [test-hivemq-platform] [hivemq] [d5e1daec] INFO  - Extension "Prometheus Monitoring Extension" version 4.0.12 stopped successfully.
2025-01-29 13:58:06,783 INFO c.h.h.t.HelmChartContainer - [test-hivemq-platform] [hivemq] [d5e1daec] INFO  - Stopping extension with id hivemq-allow-all-extension
2025-01-29 13:58:06,783 INFO c.h.h.t.HelmChartContainer - [test-hivemq-platform] [hivemq] [d5e1daec] INFO  - Extension "Allow All Extension" version 1.1.1 stopped successfully.
2025-01-29 13:58:07,569 INFO c.h.h.t.HelmChartContainer - [test-hivemq-platform] [hivemq] [d5e1daec] INFO  - [HiveMQ Platform Operator Init App 1.7.0-SNAPSHOT] Returning shutdown Health API response 503 for readiness
2025-01-29 13:58:07,573 INFO c.h.h.t.HelmChartContainer - [EVENT] Warning [Unhealthy] Readiness probe failed: HTTP probe failed with statuscode: 503 [helmupgradeextensionit:test-hivemq-platform-0]
2025-01-29 13:58:07,573 INFO c.h.h.t.HelmChartContainer - Received Unhealthy event for container hivemq in pod test-hivemq-platform-0 [d5e1daec-53c9-4281-880f-723fdbba83d8]
2025-01-29 13:58:08,207 INFO c.h.h.t.HelmChartContainer - [test-hivemq-platform] [hivemq] [d5e1daec] WARN  - [HiveMQ Platform Operator Init App 1.7.0-SNAPSHOT] Could not update Pod annotations: Failure executing: GET at: https://10.43.0.1:443/api/v1/namespaces/helmupgradeextensionit/pods/test-hivemq-platform-0. Message: pods "test-hivemq-platform-0" is forbidden: User "system:serviceaccount:helmupgradeextensionit:hivemq-platform-pod-test-hivemq-platform" cannot get resource "pods" in API group "" in the namespace "helmupgradeextensionit". Received status: Status(apiVersion=v1, code=403, details=StatusDetails(causes=[], group=null, kind=pods, name=test-hivemq-platform-0, retryAfterSeconds=null, uid=null, additionalProperties={}), kind=Status, message=pods "test-hivemq-platform-0" is forbidden: User "system:serviceaccount:helmupgradeextensionit:hivemq-platform-pod-test-hivemq-platform" cannot get resource "pods" in API group "" in the namespace "helmupgradeextensionit", metadata=ListMeta(_continue=null, remainingItemCount=null, resourceVersion=null, selfLink=null, additionalProperties={}), reason=Forbidden, status=Failure, additionalProperties={}).
2025-01-29 13:58:09,050 INFO c.h.h.t.HelmChartContainer - [test-hivemq-platform] [hivemq] [d5e1daec] INFO  - Shutdown completed.
2025-01-29 13:58:09,410 INFO c.h.h.t.HelmChartContainer - [test-hivemq-platform] [hivemq] [d5e1daec] INFO  - [HiveMQ Platform Operator Init App 1.7.0-SNAPSHOT] The HiveMQ Platform exited with code 143
2025-01-29 13:58:09,411 INFO c.h.h.t.HelmChartContainer - [test-hivemq-platform] [hivemq] [d5e1daec] INFO  - [HiveMQ Platform Operator Init App 1.7.0-SNAPSHOT] Stopping the REST API
2025-01-29 13:58:09,456 INFO c.h.h.t.HelmChartContainer - [test-hivemq-platform] [hivemq] [d5e1daec] INFO  - [HiveMQ Platform Operator Init App 1.7.0-SNAPSHOT] Shutdown complete
2025-01-29 13:58:09,903 INFO c.h.h.t.HelmChartContainer - [POD] test-hivemq-platform-0 [d5e1daec-53c9-4281-880f-723fdbba83d8] in helmupgradeextensionit was MODIFIED
2025-01-29 13:58:09,904 INFO c.h.h.t.HelmChartContainer - [K3S] [stateful_set.go:438] "Unhandled Error" err="error syncing StatefulSet helmupgradeextensionit/test-hivemq-platform, requeuing: controllerrevisions.apps \"test-hivemq-platform-8fc8b6675\" is forbidden: unable to create new content in namespace helmupgradeextensionit because it is being terminated"
2025-01-29 13:58:09,912 INFO c.h.h.t.HelmChartContainer - [K3S] [stateful_set.go:438] "Unhandled Error" err="error syncing StatefulSet helmupgradeextensionit/test-hivemq-platform, requeuing: controllerrevisions.apps \"test-hivemq-platform-8fc8b6675\" is forbidden: unable to create new content in namespace helmupgradeextensionit because it is being terminated"
2025-01-29 13:58:09,924 INFO c.h.h.t.HelmChartContainer - [K3S] [stateful_set.go:438] "Unhandled Error" err="error syncing StatefulSet helmupgradeextensionit/test-hivemq-platform, requeuing: controllerrevisions.apps \"test-hivemq-platform-8fc8b6675\" is forbidden: unable to create new content in namespace helmupgradeextensionit because it is being terminated"
2025-01-29 13:58:09,947 INFO c.h.h.t.HelmChartContainer - [K3S] [stateful_set.go:438] "Unhandled Error" err="error syncing StatefulSet helmupgradeextensionit/test-hivemq-platform, requeuing: controllerrevisions.apps \"test-hivemq-platform-8fc8b6675\" is forbidden: unable to create new content in namespace helmupgradeextensionit because it is being terminated"
2025-01-29 13:58:09,990 INFO c.h.h.t.HelmChartContainer - [K3S] [stateful_set.go:438] "Unhandled Error" err="error syncing StatefulSet helmupgradeextensionit/test-hivemq-platform, requeuing: controllerrevisions.apps \"test-hivemq-platform-8fc8b6675\" is forbidden: unable to create new content in namespace helmupgradeextensionit because it is being terminated"
2025-01-29 13:58:10,025 INFO c.h.h.t.HelmChartContainer - [K3S] [reconciler_common.go:162] "operationExecutor.UnmountVolume started for volume \"extension-configuration-hivemq-bridge-extension\" (UniqueName: \"kubernetes.io/configmap/d5e1daec-53c9-4281-880f-723fdbba83d8-extension-configuration-hivemq-bridge-extension\") pod \"d5e1daec-53c9-4281-880f-723fdbba83d8\" (UID: \"d5e1daec-53c9-4281-880f-723fdbba83d8\") "
2025-01-29 13:58:10,025 INFO c.h.h.t.HelmChartContainer - [K3S] [reconciler_common.go:162] "operationExecutor.UnmountVolume started for volume \"broker-configuration\" (UniqueName: \"kubernetes.io/configmap/d5e1daec-53c9-4281-880f-723fdbba83d8-broker-configuration\") pod \"d5e1daec-53c9-4281-880f-723fdbba83d8\" (UID: \"d5e1daec-53c9-4281-880f-723fdbba83d8\") "
2025-01-29 13:58:10,025 INFO c.h.h.t.HelmChartContainer - [K3S] [reconciler_common.go:162] "operationExecutor.UnmountVolume started for volume \"kube-api-access-pqjrc\" (UniqueName: \"kubernetes.io/projected/d5e1daec-53c9-4281-880f-723fdbba83d8-kube-api-access-pqjrc\") pod \"d5e1daec-53c9-4281-880f-723fdbba83d8\" (UID: \"d5e1daec-53c9-4281-880f-723fdbba83d8\") "
2025-01-29 13:58:10,025 INFO c.h.h.t.HelmChartContainer - [K3S] [reconciler_common.go:162] "operationExecutor.UnmountVolume started for volume \"pod-info\" (UniqueName: \"kubernetes.io/configmap/d5e1daec-53c9-4281-880f-723fdbba83d8-pod-info\") pod \"d5e1daec-53c9-4281-880f-723fdbba83d8\" (UID: \"d5e1daec-53c9-4281-880f-723fdbba83d8\") "
2025-01-29 13:58:10,025 INFO c.h.h.t.HelmChartContainer - [K3S] [reconciler_common.go:162] "operationExecutor.UnmountVolume started for volume \"operator-init\" (UniqueName: \"kubernetes.io/empty-dir/d5e1daec-53c9-4281-880f-723fdbba83d8-operator-init\") pod \"d5e1daec-53c9-4281-880f-723fdbba83d8\" (UID: \"d5e1daec-53c9-4281-880f-723fdbba83d8\") "
2025-01-29 13:58:10,072 INFO c.h.h.t.HelmChartContainer - [K3S] [stateful_set.go:438] "Unhandled Error" err="error syncing StatefulSet helmupgradeextensionit/test-hivemq-platform, requeuing: controllerrevisions.apps \"test-hivemq-platform-8fc8b6675\" is forbidden: unable to create new content in namespace helmupgradeextensionit because it is being terminated"
2025-01-29 13:58:10,125 INFO c.h.h.t.HelmChartContainer - [K3S] [reconciler_common.go:299] "Volume detached for volume \"extension-configuration-hivemq-bridge-extension\" (UniqueName: \"kubernetes.io/configmap/d5e1daec-53c9-4281-880f-723fdbba83d8-extension-configuration-hivemq-bridge-extension\") on node \"3f7c43f3fa7a\" DevicePath \"\""
2025-01-29 13:58:10,125 INFO c.h.h.t.HelmChartContainer - [K3S] [reconciler_common.go:299] "Volume detached for volume \"broker-configuration\" (UniqueName: \"kubernetes.io/configmap/d5e1daec-53c9-4281-880f-723fdbba83d8-broker-configuration\") on node \"3f7c43f3fa7a\" DevicePath \"\""
2025-01-29 13:58:10,125 INFO c.h.h.t.HelmChartContainer - [K3S] [reconciler_common.go:299] "Volume detached for volume \"kube-api-access-pqjrc\" (UniqueName: \"kubernetes.io/projected/d5e1daec-53c9-4281-880f-723fdbba83d8-kube-api-access-pqjrc\") on node \"3f7c43f3fa7a\" DevicePath \"\""
2025-01-29 13:58:10,125 INFO c.h.h.t.HelmChartContainer - [K3S] [reconciler_common.go:299] "Volume detached for volume \"pod-info\" (UniqueName: \"kubernetes.io/configmap/d5e1daec-53c9-4281-880f-723fdbba83d8-pod-info\") on node \"3f7c43f3fa7a\" DevicePath \"\""
2025-01-29 13:58:10,125 INFO c.h.h.t.HelmChartContainer - [K3S] [reconciler_common.go:299] "Volume detached for volume \"operator-init\" (UniqueName: \"kubernetes.io/empty-dir/d5e1daec-53c9-4281-880f-723fdbba83d8-operator-init\") on node \"3f7c43f3fa7a\" DevicePath \"\""
2025-01-29 13:58:10,236 INFO c.h.h.t.HelmChartContainer - [K3S] [stateful_set.go:438] "Unhandled Error" err="error syncing StatefulSet helmupgradeextensionit/test-hivemq-platform, requeuing: controllerrevisions.apps \"test-hivemq-platform-8fc8b6675\" is forbidden: unable to create new content in namespace helmupgradeextensionit because it is being terminated"
2025-01-29 13:58:10,419 INFO c.h.h.t.HelmChartContainer - [K3S] [stateful_set.go:466] "StatefulSet has been deleted" key="helmupgradeextensionit/test-hivemq-platform"
2025-01-29 13:58:10,504 INFO c.h.h.t.HelmChartContainer - [K3S] [scope.go:117] "RemoveContainer" containerID="2f3136f299251ff870eccc05f291551e52fcc765dd87192be2363b491b04a54b"
2025-01-29 13:58:10,509 INFO c.h.h.t.HelmChartContainer - [K3S] [namespace_controller.go:164] "Unhandled Error" err="deletion of namespace helmupgradeextensionit failed: unexpected items still remain in namespace: helmupgradeextensionit for gvr: /v1, Resource=pods"
2025-01-29 13:58:10,523 INFO c.h.h.t.HelmChartContainer - [POD] test-hivemq-platform-0 [d5e1daec-53c9-4281-880f-723fdbba83d8] in helmupgradeextensionit was MODIFIED
2025-01-29 13:58:10,527 INFO c.h.h.t.HelmChartContainer - [POD] test-hivemq-platform-0 [d5e1daec-53c9-4281-880f-723fdbba83d8] in helmupgradeextensionit was DELETED
2025-01-29 13:58:10,558 INFO c.h.h.t.HelmChartContainer - [K3S] [stateful_set.go:466] "StatefulSet has been deleted" key="helmupgradeextensionit/test-hivemq-platform"
2025-01-29 13:58:10,624 INFO c.h.h.t.HelmChartContainer - [K3S] [scope.go:117] "RemoveContainer" containerID="25104a5324cb77446763b641b28f8401f4b997259f3da9ae24d0b6109b4842d2"
2025-01-29 13:58:10,627 INFO c.h.h.t.HelmChartContainer - [K3S] [scope.go:117] "RemoveContainer" containerID="2f3136f299251ff870eccc05f291551e52fcc765dd87192be2363b491b04a54b"
2025-01-29 13:58:10,627 INFO c.h.h.t.HelmChartContainer - [K3S] [scope.go:117] "RemoveContainer" containerID="25104a5324cb77446763b641b28f8401f4b997259f3da9ae24d0b6109b4842d2"
2025-01-29 13:58:10,688 INFO c.h.h.t.HelmChartContainer - Namespace 'helmupgradeextensionit' deleted
2025-01-29 13:58:10,688 INFO c.h.h.t.HelmChartContainer - Release 'test-hivemq-platform' in namespace 'helmupgradeextensionit' is uninstalled
2025-01-29 13:58:10,688 INFO c.h.h.t.HelmChartContainer - Uninstalling release 'test-hivemq-platform-operator' in namespace 'helmupgradeextensionit-operator'...
2025-01-29 13:58:10,688 DEBUG c.h.h.t.HelmChartContainer - Executing helm command: /bin/helm --kubeconfig /etc/rancher/k3s/k3s.yaml uninstall test-hivemq-platform-operator  --wait --timeout 5m0s --cascade foreground --namespace helmupgradeextensionit-operator
2025-01-29 13:58:10,848 INFO c.h.h.t.HelmChartContainer - [K3S] [replica_set.go:679] "Finished syncing" kind="ReplicaSet" key="helmupgradeextensionit-operator/hivemq-test-hivemq-platform-operator-6966f96d65" duration="11.898815ms"
2025-01-29 13:58:10,848 INFO c.h.h.t.HelmChartContainer - [K3S] [replica_set.go:679] "Finished syncing" kind="ReplicaSet" key="helmupgradeextensionit-operator/hivemq-test-hivemq-platform-operator-6966f96d65" duration="40.035µs"
2025-01-29 13:58:10,854 INFO c.h.h.t.HelmChartContainer - [POD] hivemq-test-hivemq-platform-operator-6966f96d65-w5dtt [8c87e2c7-99b6-44f3-8dc1-69201325bc68] in helmupgradeextensionit-operator was MODIFIED
2025-01-29 13:58:10,860 INFO c.h.h.t.HelmChartContainer - [EVENT] Normal [Killing] Stopping container hivemq-platform-operator [helmupgradeextensionit-operator:hivemq-test-hivemq-platform-operator-6966f96d65-w5dtt]
2025-01-29 13:58:10,861 INFO c.h.h.t.HelmChartContainer - Received Killing event for container hivemq-platform-operator in pod hivemq-test-hivemq-platform-operator-6966f96d65-w5dtt [8c87e2c7-99b6-44f3-8dc1-69201325bc68]
2025-01-29 13:58:10,861 INFO c.h.h.t.HelmChartContainer - Container [hivemq-test-hivemq-platform-operator-6966f96d65-w5dtt] [hivemq-platform-operator] [8c87e2c7-99b6-44f3-8dc1-69201325bc68] was terminated
2025-01-29 13:58:10,861 INFO c.h.h.t.HelmChartContainer - Stopped log watcher for hivemq-platform-operator in pod hivemq-test-hivemq-platform-operator-6966f96d65-w5dtt [8c87e2c7-99b6-44f3-8dc1-69201325bc68]
2025-01-29 13:58:10,864 INFO c.h.h.t.HelmChartContainer - [hivemq-test-hivemq-platform] [hivemq-platform-operator] [8c87e2c7] 13:58:10.861 [application-shutdown-thread] INFO  c.h.p.o.HiveMQPlatformOperatorApplication - HiveMQ Platform Operator is stopping...
2025-01-29 13:58:10,864 INFO c.h.h.t.HelmChartContainer - [hivemq-test-hivemq-platform] [hivemq-platform-operator] [8c87e2c7] 13:58:10.861 [application-shutdown-thread] INFO  i.javaoperatorsdk.operator.Operator - Operator SDK 4.9.7 is shutting down...
2025-01-29 13:58:10,871 INFO c.h.h.t.HelmChartContainer - [K3S] [replica_set.go:679] "Finished syncing" kind="ReplicaSet" key="helmupgradeextensionit-operator/hivemq-test-hivemq-platform-operator-6966f96d65" duration="16.805947ms"
2025-01-29 13:58:10,872 INFO c.h.h.t.HelmChartContainer - [K3S] [replica_set.go:679] "Finished syncing" kind="ReplicaSet" key="helmupgradeextensionit-operator/hivemq-test-hivemq-platform-operator-6966f96d65" duration="34.674µs"
2025-01-29 13:58:10,889 INFO c.h.h.t.HelmChartContainer - [EVENT] Warning [FailedToUpdateEndpoint] Failed to update endpoint helmupgradeextensionit-operator/hivemq-platform-operator-test-hivemq-platform-operator: Operation cannot be fulfilled on endpoints "hivemq-platform-operator-test-hivemq-platform-operator": StorageError: invalid object, Code: 4, Key: /registry/services/endpoints/helmupgradeextensionit-operator/hivemq-platform-operator-test-hivemq-platform-operator, ResourceVersion: 0, AdditionalErrorMsg: Precondition failed: UID in precondition: f236777b-fb39-4699-a33b-9011ffe64f1d, UID in object meta:  [helmupgradeextensionit-operator:hivemq-platform-operator-test-hivemq-platform-operator]
2025-01-29 13:58:11,167 INFO c.h.h.t.HelmChartContainer - [K3S] [kubelet_volumes.go:163] "Cleaned up orphaned pod volumes dir" podUID="d5e1daec-53c9-4281-880f-723fdbba83d8" path="/var/lib/kubelet/pods/d5e1daec-53c9-4281-880f-723fdbba83d8/volumes"
2025-01-29 13:58:11,388 INFO c.h.h.t.HelmChartContainer - [K3S] [replica_set.go:679] "Finished syncing" kind="ReplicaSet" key="helmupgradeextensionit-operator/hivemq-test-hivemq-platform-operator-6966f96d65" duration="54.262µs"
2025-01-29 13:58:11,390 INFO c.h.h.t.HelmChartContainer - [POD] hivemq-test-hivemq-platform-operator-6966f96d65-w5dtt [8c87e2c7-99b6-44f3-8dc1-69201325bc68] in helmupgradeextensionit-operator was MODIFIED
2025-01-29 13:58:11,432 INFO c.h.h.t.HelmChartContainer - [K3S] [reconciler_common.go:162] "operationExecutor.UnmountVolume started for volume \"kube-api-access-4k2hj\" (UniqueName: \"kubernetes.io/projected/8c87e2c7-99b6-44f3-8dc1-69201325bc68-kube-api-access-4k2hj\") pod \"8c87e2c7-99b6-44f3-8dc1-69201325bc68\" (UID: \"8c87e2c7-99b6-44f3-8dc1-69201325bc68\") "
2025-01-29 13:58:11,506 INFO c.h.h.t.HelmChartContainer - [K3S] [scope.go:117] "RemoveContainer" containerID="6359dcbb93ccf34a8d9cdd1a59eb27676af3ed2f99539e0c4f73564548733a26"
2025-01-29 13:58:11,509 INFO c.h.h.t.HelmChartContainer - [K3S] [scope.go:117] "RemoveContainer" containerID="6359dcbb93ccf34a8d9cdd1a59eb27676af3ed2f99539e0c4f73564548733a26"
2025-01-29 13:58:11,517 INFO c.h.h.t.HelmChartContainer - [K3S] [replica_set.go:679] "Finished syncing" kind="ReplicaSet" key="helmupgradeextensionit-operator/hivemq-test-hivemq-platform-operator-6966f96d65" duration="42.599µs"
2025-01-29 13:58:11,517 INFO c.h.h.t.HelmChartContainer - [POD] hivemq-test-hivemq-platform-operator-6966f96d65-w5dtt [8c87e2c7-99b6-44f3-8dc1-69201325bc68] in helmupgradeextensionit-operator was MODIFIED
2025-01-29 13:58:11,519 INFO c.h.h.t.HelmChartContainer - [K3S] [replica_set.go:679] "Finished syncing" kind="ReplicaSet" key="helmupgradeextensionit-operator/hivemq-test-hivemq-platform-operator-6966f96d65" duration="26.199µs"
2025-01-29 13:58:11,522 INFO c.h.h.t.HelmChartContainer - [POD] hivemq-test-hivemq-platform-operator-6966f96d65-w5dtt [8c87e2c7-99b6-44f3-8dc1-69201325bc68] in helmupgradeextensionit-operator was DELETED
2025-01-29 13:58:11,532 INFO c.h.h.t.HelmChartContainer - [K3S] [replica_set.go:679] "Finished syncing" kind="ReplicaSet" key="helmupgradeextensionit-operator/hivemq-test-hivemq-platform-operator-6966f96d65" duration="6.743µs"
2025-01-29 13:58:11,532 INFO c.h.h.t.HelmChartContainer - [K3S] [reconciler_common.go:299] "Volume detached for volume \"kube-api-access-4k2hj\" (UniqueName: \"kubernetes.io/projected/8c87e2c7-99b6-44f3-8dc1-69201325bc68-kube-api-access-4k2hj\") on node \"3f7c43f3fa7a\" DevicePath \"\""
2025-01-29 13:58:12,889 INFO c.h.h.t.HelmChartContainer - Deleting namespace 'helmupgradeextensionit-operator'...
2025-01-29 13:58:13,166 INFO c.h.h.t.HelmChartContainer - [K3S] [kubelet_volumes.go:163] "Cleaned up orphaned pod volumes dir" podUID="8c87e2c7-99b6-44f3-8dc1-69201325bc68" path="/var/lib/kubelet/pods/8c87e2c7-99b6-44f3-8dc1-69201325bc68/volumes"
2025-01-29 13:58:15,668 INFO c.h.h.t.HelmChartContainer - [K3S] [namespace_controller.go:187] "Namespace has been deleted" namespace="helmupgradeextensionit"
2025-01-29 13:58:18,107 INFO c.h.h.t.HelmChartContainer - Namespace 'helmupgradeextensionit-operator' deleted
2025-01-29 13:58:18,107 INFO c.h.h.t.HelmChartContainer - Release 'test-hivemq-platform-operator' in namespace 'helmupgradeextensionit-operator' is uninstalled
2025-01-29 13:58:18,809 INFO c.h.helmcharts.AbstractHelmChartIT - Removed unused containers:

2025-01-29 13:58:23,009 INFO c.h.h.t.HelmChartContainer - [K3S] [namespace_controller.go:187] "Namespace has been deleted" namespace="helmupgradeextensionit-operator"
2025-01-29 13:58:26,403 INFO c.h.helmcharts.AbstractHelmChartIT - Removed unused snapshots:
Removing snapshot sha256:03af251906410714c5aef9fa705b63f6bbc39c4a5e787de7361eeb18886c2ed2
Removing snapshot sha256:0c46b3b43cce082ce5ec34ffc6c294e0417d17b9d1e6f366d114b6aadc4f96dc
Removing snapshot sha256:0ce761beee59082d6ed5bcebd3a805b8ddd9b3426b617e4809e7fb7c6587ffec
Removing snapshot sha256:0df91287303208332c8ff6ba40ae4710105201739addbfbddfb955f1ad593664
Removing snapshot sha256:1021ef88c7974bfff89c5a0ec4fd3160daac6c48a075f74cff721f85dd104e68
Removing snapshot sha256:10aba4953ddc18145dd38e3704709bc464aa20af60b56fe52caaff4b68411e62
Removing snapshot sha256:2573e0d8158209ed54ab25c87bcdcb00bd3d2539246960a3d592a1c599d70465
Removing snapshot sha256:362a8a37f8bbc31925a8146adcf7cf51f9882f5c1dcbef67c5baa03a297543c0
Removing snapshot sha256:3809649bfee2d463947b395b098616cf19cb8202e2113b657b922056822aaf6c
Removing snapshot sha256:3fa4ad33f0ddc8fd45b39b6b4640f82a3a83619606cd975bfe89d8710ad2d4cd
Removing snapshot sha256:43a7c979bbaba6838bc3102d6b10a1459f3ab050b87ccdfef84ef90cf43d3058
Removing snapshot sha256:4ab04491cdf0d3267f08206fe30bd48f49f94b9cab2f016d6739220f722a64af
Removing snapshot sha256:4b6068250e89c96f263060261819c7d912855bfbd64b3eb4c4a8483299b8c295
Removing snapshot sha256:580e69a0a8034ede1921139bbd2bfb72a69ebf276d008281896c32dd8bf74775
Removing snapshot sha256:5d30ba46b27fe37484567ccc5242cadc78217b8da605f3f195ef25cbf7487904
Removing snapshot sha256:63ca1fbb43ae5034640e5e6cb3e083e05c290072c5366fcaa9d62435a4cced85
Removing snapshot sha256:67f702c6baae873bceb19487c8b1f27bd2b86077e4f2f0e480e6d60ab508b8f5
Removing snapshot sha256:6864348dd42806d552efdec384f1274be15e2d0c10ce44c1f04347af004c10a9
Removing snapshot sha256:6c7dee8f2c39b84b7dc2711c01d33de93514d9055499173e9290176fbe484b6c
Removing snapshot sha256:7c3d4b85886a74a1501406355cda80afd4a5e2d924eb66960b9afcefa2ffe1e4
Removing snapshot sha256:82753493a6d61ded36556292f02f31841a14c20d2f279f19eaad65afb661d5cd
Removing snapshot sha256:8a10d3db42c505ee0fcfa98417bdd7e39b304f6bcc0a06bb1b220797ff2cc63c
Removing snapshot sha256:a21e5b12dbac529ad45d976eb9ce45c881f3bedcc500fb30aba1e52aa1813418
Removing snapshot sha256:b921e6c28969094157f9b8e7244677780319637afd14450b7cb6b2fdea558a0c
Removing snapshot sha256:bc27ecb5769a00e309cf99ebc763c4a4b958b618d1decc96ffac5bc05f02f5b7
Removing snapshot sha256:be3ccb6627a5332e309d45ef461d09b4879dd870c7394d89323d0ebc6ca6aa8a
Removing snapshot sha256:c261f7cbbc64211ee175ee47273acdb7b1a36a4450b397a064a8f2c026490095
Removing snapshot sha256:c34d9393647eea0c9e3557ab988efaf59f61d10a2a5613b439ef0958cca5ec10
Removing snapshot sha256:ccf3c4a0fa967a41c1c83497a2ce6fa5787965859df0adb32c4ca2cf7490bc2b
Removing snapshot sha256:cf92d33f869417309692088c341cd0f223c178ea78a125f757317b22aa8f90e9
Removing snapshot sha256:d0037344cf2fb078884f1849f6a1f8cf9a33a3b6139b6a85833e5ee528e1f9a8
Removing snapshot sha256:d3b36d5b79273b1e98e7700470eaeff05a882e777124d84cebcc1505b85ecb36
Removing snapshot sha256:d65a44a37914602d12c611e5e22a50f11451d847e63015cc1c2aef92dee777a4
Removing snapshot sha256:e2dc0bae2455930f23ae570e019b7f32edc75c0f2d71cab084db837ff9051796
Removing snapshot sha256:eccbd24a99c60cd9e86ee5305dbfc4a4dc89f5ab4fb1f06c8d64797cecedef34
Removing snapshot sha256:f144bb4c7c7f0d2aa7eeffd36d934ec40db1ee167be727e326aad9fdc616f475

]]></system-out>
  </testcase>
  <testcase name="withBridgeConfiguration_updateExtensionWithNewConfig()" classname="com.hivemq.helmcharts.extensions.HelmUpgradeExtensionIT" time="308.694">
    <system-out><![CDATA[2025-01-29 13:58:26,415 INFO c.h.h.t.HelmChartContainer - Creating namespace 'helmupgradeextensionit-operator'...
2025-01-29 13:58:26,421 INFO c.h.h.t.HelmChartContainer - Namespace 'helmupgradeextensionit-operator' created
2025-01-29 13:58:26,421 INFO c.h.h.t.HelmChartContainer - Creating namespace 'helmupgradeextensionit'...
2025-01-29 13:58:26,431 INFO c.h.h.t.HelmChartContainer - Namespace 'helmupgradeextensionit' created
2025-01-29 13:58:26,498 DEBUG c.h.h.t.HelmChartContainer - Executing helm command: /bin/helm --kubeconfig /etc/rancher/k3s/k3s.yaml install test-hivemq-platform-operator /charts/hivemq-platform-operator --wait --timeout 5m0s --set image.repository=docker.io/hivemq --set image.name=hivemq-platform-operator-test --set image.initImageName=hivemq-platform-operator-init-test --set image.tag=snapshot --set image.pullPolicy=Never --set logLevel=DEBUG --set resources.cpu=512m --namespace helmupgradeextensionit-operator
2025-01-29 13:58:26,839 INFO c.h.h.t.HelmChartContainer - [K3S] [alloc.go:330] "allocated clusterIPs" service="helmupgradeextensionit-operator/hivemq-platform-operator-test-hivemq-platform-operator" clusterIPs={"IPv4":"10.43.248.56"}
2025-01-29 13:58:26,856 INFO c.h.h.t.HelmChartContainer - [EVENT] Normal [ScalingReplicaSet] Scaled up replica set hivemq-test-hivemq-platform-operator-6966f96d65 from 0 to 1 [helmupgradeextensionit-operator:hivemq-test-hivemq-platform-operator]
2025-01-29 13:58:26,861 INFO c.h.h.t.HelmChartContainer - [POD] hivemq-test-hivemq-platform-operator-6966f96d65-l26sc [12b7a3f9-47d2-4af8-8d75-384cc8a21334] in helmupgradeextensionit-operator was ADDED
2025-01-29 13:58:26,871 INFO c.h.h.t.HelmChartContainer - [K3S] [memory_manager.go:355] "RemoveStaleState removing state" podUID="8c87e2c7-99b6-44f3-8dc1-69201325bc68" containerName="hivemq-platform-operator"
2025-01-29 13:58:26,871 INFO c.h.h.t.HelmChartContainer - [POD] hivemq-test-hivemq-platform-operator-6966f96d65-l26sc [12b7a3f9-47d2-4af8-8d75-384cc8a21334] in helmupgradeextensionit-operator was MODIFIED
2025-01-29 13:58:26,873 INFO c.h.h.t.HelmChartContainer - [K3S] [memory_manager.go:355] "RemoveStaleState removing state" podUID="d5e1daec-53c9-4281-880f-723fdbba83d8" containerName="hivemq"
2025-01-29 13:58:26,874 INFO c.h.h.t.HelmChartContainer - [EVENT] Normal [SuccessfulCreate] Created pod: hivemq-test-hivemq-platform-operator-6966f96d65-l26sc [helmupgradeextensionit-operator:hivemq-test-hivemq-platform-operator-6966f96d65]
2025-01-29 13:58:26,876 INFO c.h.h.t.HelmChartContainer - [K3S] [replica_set.go:679] "Finished syncing" kind="ReplicaSet" key="helmupgradeextensionit-operator/hivemq-test-hivemq-platform-operator-6966f96d65" duration="24.321866ms"
2025-01-29 13:58:26,880 INFO c.h.h.t.HelmChartContainer - [EVENT] Normal [Scheduled] Successfully assigned helmupgradeextensionit-operator/hivemq-test-hivemq-platform-operator-6966f96d65-l26sc to 3f7c43f3fa7a [helmupgradeextensionit-operator:hivemq-test-hivemq-platform-operator-6966f96d65-l26sc]
2025-01-29 13:58:26,886 INFO c.h.h.t.HelmChartContainer - [K3S] [replica_set.go:679] "Finished syncing" kind="ReplicaSet" key="helmupgradeextensionit-operator/hivemq-test-hivemq-platform-operator-6966f96d65" duration="9.430135ms"
2025-01-29 13:58:26,887 INFO c.h.h.t.HelmChartContainer - [K3S] [replica_set.go:679] "Finished syncing" kind="ReplicaSet" key="helmupgradeextensionit-operator/hivemq-test-hivemq-platform-operator-6966f96d65" duration="43.241µs"
2025-01-29 13:58:26,888 INFO c.h.h.t.HelmChartContainer - [K3S] [replica_set.go:679] "Finished syncing" kind="ReplicaSet" key="helmupgradeextensionit-operator/hivemq-test-hivemq-platform-operator-6966f96d65" duration="27.933µs"
2025-01-29 13:58:26,889 INFO c.h.h.t.HelmChartContainer - [POD] hivemq-test-hivemq-platform-operator-6966f96d65-l26sc [12b7a3f9-47d2-4af8-8d75-384cc8a21334] in helmupgradeextensionit-operator was MODIFIED
2025-01-29 13:58:26,920 INFO c.h.h.t.HelmChartContainer - [K3S] [reconciler_common.go:251] "operationExecutor.VerifyControllerAttachedVolume started for volume \"kube-api-access-swxvp\" (UniqueName: \"kubernetes.io/projected/12b7a3f9-47d2-4af8-8d75-384cc8a21334-kube-api-access-swxvp\") pod \"hivemq-test-hivemq-platform-operator-6966f96d65-l26sc\" (UID: \"12b7a3f9-47d2-4af8-8d75-384cc8a21334\") " pod="helmupgradeextensionit-operator/hivemq-test-hivemq-platform-operator-6966f96d65-l26sc"
2025-01-29 13:58:27,275 INFO c.h.h.t.HelmChartContainer - [EVENT] Normal [Pulled] Container image "docker.io/hivemq/hivemq-platform-operator-test:snapshot" already present on machine [helmupgradeextensionit-operator:hivemq-test-hivemq-platform-operator-6966f96d65-l26sc]
2025-01-29 13:58:27,275 INFO c.h.h.t.HelmChartContainer - Received Pulled event for container hivemq-platform-operator in pod hivemq-test-hivemq-platform-operator-6966f96d65-l26sc [12b7a3f9-47d2-4af8-8d75-384cc8a21334]
2025-01-29 13:58:28,542 INFO c.h.h.t.HelmChartContainer - [EVENT] Normal [Created] Created container: hivemq-platform-operator [helmupgradeextensionit-operator:hivemq-test-hivemq-platform-operator-6966f96d65-l26sc]
2025-01-29 13:58:28,542 INFO c.h.h.t.HelmChartContainer - Received Created event for container hivemq-platform-operator in pod hivemq-test-hivemq-platform-operator-6966f96d65-l26sc [12b7a3f9-47d2-4af8-8d75-384cc8a21334]
2025-01-29 13:58:29,548 INFO c.h.h.t.HelmChartContainer - [K3S] [replica_set.go:679] "Finished syncing" kind="ReplicaSet" key="helmupgradeextensionit-operator/hivemq-test-hivemq-platform-operator-6966f96d65" duration="40.416µs"
2025-01-29 13:58:29,552 INFO c.h.h.t.HelmChartContainer - [POD] hivemq-test-hivemq-platform-operator-6966f96d65-l26sc [12b7a3f9-47d2-4af8-8d75-384cc8a21334] in helmupgradeextensionit-operator was MODIFIED
2025-01-29 13:58:29,559 INFO c.h.h.t.HelmChartContainer - Started log watcher for hivemq-platform-operator in pod hivemq-test-hivemq-platform-operator-6966f96d65-l26sc [12b7a3f9-47d2-4af8-8d75-384cc8a21334]
2025-01-29 13:58:29,559 INFO c.h.h.t.HelmChartContainer - [EVENT] Normal [Started] Started container hivemq-platform-operator [helmupgradeextensionit-operator:hivemq-test-hivemq-platform-operator-6966f96d65-l26sc]
2025-01-29 13:58:29,559 INFO c.h.h.t.HelmChartContainer - Received Started event for container hivemq-platform-operator in pod hivemq-test-hivemq-platform-operator-6966f96d65-l26sc [12b7a3f9-47d2-4af8-8d75-384cc8a21334]
2025-01-29 13:58:29,560 INFO c.h.h.t.HelmChartContainer - [hivemq-test-hivemq-platform] [hivemq-platform-operator] [12b7a3f9] -------------------------------------------------------------------------
2025-01-29 13:58:29,560 INFO c.h.h.t.HelmChartContainer - [hivemq-test-hivemq-platform] [hivemq-platform-operator] [12b7a3f9] 
2025-01-29 13:58:29,560 INFO c.h.h.t.HelmChartContainer - [hivemq-test-hivemq-platform] [hivemq-platform-operator] [12b7a3f9]                   _    _  _              __  __   ____
2025-01-29 13:58:29,560 INFO c.h.h.t.HelmChartContainer - [hivemq-test-hivemq-platform] [hivemq-platform-operator] [12b7a3f9]                  | |  | |(_)            |  \/  | / __ \
2025-01-29 13:58:29,560 INFO c.h.h.t.HelmChartContainer - [hivemq-test-hivemq-platform] [hivemq-platform-operator] [12b7a3f9]                  | |__| | _ __   __ ___ | \  / || |  | |
2025-01-29 13:58:29,560 INFO c.h.h.t.HelmChartContainer - [hivemq-test-hivemq-platform] [hivemq-platform-operator] [12b7a3f9]                  |  __  || |\ \ / // _ \| |\/| || |  | |
2025-01-29 13:58:29,560 INFO c.h.h.t.HelmChartContainer - [hivemq-test-hivemq-platform] [hivemq-platform-operator] [12b7a3f9]                  | |  | || | \ V /|  __/| |  | || |__| |
2025-01-29 13:58:29,560 INFO c.h.h.t.HelmChartContainer - [hivemq-test-hivemq-platform] [hivemq-platform-operator] [12b7a3f9]                  |_|  |_||_|  \_/  \___||_|  |_| \___\_\
2025-01-29 13:58:29,560 INFO c.h.h.t.HelmChartContainer - [hivemq-test-hivemq-platform] [hivemq-platform-operator] [12b7a3f9] 
2025-01-29 13:58:29,560 INFO c.h.h.t.HelmChartContainer - [hivemq-test-hivemq-platform] [hivemq-platform-operator] [12b7a3f9] -------------------------------------------------------------------------
2025-01-29 13:58:29,560 INFO c.h.h.t.HelmChartContainer - [hivemq-test-hivemq-platform] [hivemq-platform-operator] [12b7a3f9] 
2025-01-29 13:58:29,560 INFO c.h.h.t.HelmChartContainer - [hivemq-test-hivemq-platform] [hivemq-platform-operator] [12b7a3f9]   HiveMQ Platform Operator Start Script v1.0
2025-01-29 13:58:29,560 INFO c.h.h.t.HelmChartContainer - [hivemq-test-hivemq-platform] [hivemq-platform-operator] [12b7a3f9] 
2025-01-29 13:58:29,560 INFO c.h.h.t.HelmChartContainer - [hivemq-test-hivemq-platform] [hivemq-platform-operator] [12b7a3f9] -------------------------------------------------------------------------
2025-01-29 13:58:29,560 INFO c.h.h.t.HelmChartContainer - [hivemq-test-hivemq-platform] [hivemq-platform-operator] [12b7a3f9] 
2025-01-29 13:58:29,560 INFO c.h.h.t.HelmChartContainer - [hivemq-test-hivemq-platform] [hivemq-platform-operator] [12b7a3f9]   JAVA_OPTS: -XX:+UnlockExperimentalVMOptions -XX:InitialRAMPercentage=75 -XX:MaxRAMPercentage=75 -Duser.language=en -Duser.region=US
2025-01-29 13:58:29,560 INFO c.h.h.t.HelmChartContainer - [hivemq-test-hivemq-platform] [hivemq-platform-operator] [12b7a3f9] 
2025-01-29 13:58:29,560 INFO c.h.h.t.HelmChartContainer - [hivemq-test-hivemq-platform] [hivemq-platform-operator] [12b7a3f9]   JAVA_VERSION: 21
2025-01-29 13:58:29,560 INFO c.h.h.t.HelmChartContainer - [hivemq-test-hivemq-platform] [hivemq-platform-operator] [12b7a3f9] 
2025-01-29 13:58:29,560 INFO c.h.h.t.HelmChartContainer - [hivemq-test-hivemq-platform] [hivemq-platform-operator] [12b7a3f9] -------------------------------------------------------------------------
2025-01-29 13:58:29,560 INFO c.h.h.t.HelmChartContainer - [hivemq-test-hivemq-platform] [hivemq-platform-operator] [12b7a3f9] 
2025-01-29 13:58:31,984 INFO c.h.h.t.HelmChartContainer - [hivemq-test-hivemq-platform] [hivemq-platform-operator] [12b7a3f9] 13:58:31.981 [main] DEBUG org.jboss.logging - Logging Provider: org.jboss.logging.Slf4jLoggerProvider
2025-01-29 13:58:32,093 INFO c.h.h.t.HelmChartContainer - [hivemq-test-hivemq-platform] [hivemq-platform-operator] [12b7a3f9] 13:58:32.092 [main] DEBUG io.smallrye.config - SRCFG01006: Loaded ConfigSource SysPropConfigSource with ordinal 400
2025-01-29 13:58:32,094 INFO c.h.h.t.HelmChartContainer - [hivemq-test-hivemq-platform] [hivemq-platform-operator] [12b7a3f9] 13:58:32.092 [main] DEBUG io.smallrye.config - SRCFG01006: Loaded ConfigSource EnvConfigSource with ordinal 300
2025-01-29 13:58:32,094 INFO c.h.h.t.HelmChartContainer - [hivemq-test-hivemq-platform] [hivemq-platform-operator] [12b7a3f9] 13:58:32.092 [main] DEBUG io.smallrye.config - SRCFG01006: Loaded ConfigSource PropertiesConfigSource[source=jar:file:///opt/hivemq-platform-operator/bin/hivemq-platform-operator.jar!/hivemq-platform-operator.properties] with ordinal 100
2025-01-29 13:58:32,094 INFO c.h.h.t.HelmChartContainer - [hivemq-test-hivemq-platform] [hivemq-platform-operator] [12b7a3f9] 13:58:32.092 [main] DEBUG io.smallrye.config - SRCFG01006: Loaded ConfigSource DefaultValuesConfigSource with ordinal -2147483648
2025-01-29 13:58:32,199 INFO c.h.h.t.HelmChartContainer - [hivemq-test-hivemq-platform] [hivemq-platform-operator] [12b7a3f9] 13:58:32.198 [main] DEBUG i.m.c.u.i.l.InternalLoggerFactory - Using SLF4J as the default logging framework
2025-01-29 13:58:32,381 INFO c.h.h.t.HelmChartContainer - [hivemq-test-hivemq-platform] [hivemq-platform-operator] [12b7a3f9] 13:58:32.299 [main] INFO  c.h.p.o.HiveMQPlatformOperatorApplication - HiveMQ Platform Operator 1.7.0-SNAPSHOT (commit: bebf408 on branch: HEAD) built on Sun Jan 26 20:47:47 UTC 2025
2025-01-29 13:58:32,381 INFO c.h.h.t.HelmChartContainer - [hivemq-test-hivemq-platform] [hivemq-platform-operator] [12b7a3f9] 13:58:32.380 [main] INFO  c.h.p.o.HiveMQPlatformOperatorApplication - HiveMQ Platform Operator is running in namespace: helmupgradeextensionit-operator
2025-01-29 13:58:32,381 INFO c.h.h.t.HelmChartContainer - [hivemq-test-hivemq-platform] [hivemq-platform-operator] [12b7a3f9] 13:58:32.380 [main] INFO  c.h.p.o.HiveMQPlatformOperatorApplication - Watching all namespaces
2025-01-29 13:58:32,381 INFO c.h.h.t.HelmChartContainer - [hivemq-test-hivemq-platform] [hivemq-platform-operator] [12b7a3f9] 13:58:32.380 [main] INFO  c.h.p.o.HiveMQPlatformOperatorApplication - Log level: DEBUG
2025-01-29 13:58:32,381 INFO c.h.h.t.HelmChartContainer - [hivemq-test-hivemq-platform] [hivemq-platform-operator] [12b7a3f9] 13:58:32.380 [main] INFO  c.h.p.o.HiveMQPlatformOperatorApplication - Release name: test-hivemq-platform-operator
2025-01-29 13:58:32,381 INFO c.h.h.t.HelmChartContainer - [hivemq-test-hivemq-platform] [hivemq-platform-operator] [12b7a3f9] 13:58:32.380 [main] INFO  c.h.p.o.HiveMQPlatformOperatorApplication - HiveMQ Platform Operator Init image: docker.io/hivemq/hivemq-platform-operator-init-test:snapshot
2025-01-29 13:58:32,382 INFO c.h.h.t.HelmChartContainer - [hivemq-test-hivemq-platform] [hivemq-platform-operator] [12b7a3f9] 13:58:32.380 [main] INFO  c.h.p.o.HiveMQPlatformOperatorApplication - HiveMQ Platform Operator Init App update URL: http://hivemq-platform-operator-test-hivemq-platform-operator.helmupgradeextensionit-operator.svc:8080/initAppUpdate/hivemq-platform-operator-init-app-1.7.0-SNAPSHOT.jar
2025-01-29 13:58:32,382 INFO c.h.h.t.HelmChartContainer - [hivemq-test-hivemq-platform] [hivemq-platform-operator] [12b7a3f9] 13:58:32.380 [main] INFO  c.h.p.o.HiveMQPlatformOperatorApplication - Additional imagePullSecret for all Platform deployments: none
2025-01-29 13:58:32,383 INFO c.h.h.t.HelmChartContainer - [hivemq-test-hivemq-platform] [hivemq-platform-operator] [12b7a3f9] 13:58:32.380 [main] INFO  c.h.p.o.HiveMQPlatformOperatorApplication - Apply HiveMQ Platform CRD: true
2025-01-29 13:58:32,383 INFO c.h.h.t.HelmChartContainer - [hivemq-test-hivemq-platform] [hivemq-platform-operator] [12b7a3f9] 13:58:32.380 [main] INFO  c.h.p.o.HiveMQPlatformOperatorApplication - Create Platform ServiceAccount: true
2025-01-29 13:58:32,383 INFO c.h.h.t.HelmChartContainer - [hivemq-test-hivemq-platform] [hivemq-platform-operator] [12b7a3f9] 13:58:32.380 [main] INFO  c.h.p.o.HiveMQPlatformOperatorApplication - Create Platform ServiceAccount permissions: true
2025-01-29 13:58:32,383 INFO c.h.h.t.HelmChartContainer - [hivemq-test-hivemq-platform] [hivemq-platform-operator] [12b7a3f9] 13:58:32.380 [main] INFO  c.h.p.o.HiveMQPlatformOperatorApplication - Validate Platform ServiceAccount: true
2025-01-29 13:58:32,383 INFO c.h.h.t.HelmChartContainer - [hivemq-test-hivemq-platform] [hivemq-platform-operator] [12b7a3f9] 13:58:32.380 [main] INFO  c.h.p.o.HiveMQPlatformOperatorApplication - Validate Platform ServiceAccount permissions: true
2025-01-29 13:58:32,504 INFO c.h.h.t.HelmChartContainer - [hivemq-test-hivemq-platform] [hivemq-platform-operator] [12b7a3f9] 13:58:32.503 [main] INFO  c.h.platform.operator.util.CRDUtil - Verifying deployed HiveMQ Platform CRD...
2025-01-29 13:58:35,086 INFO c.h.h.t.HelmChartContainer - [hivemq-test-hivemq-platform] [hivemq-platform-operator] [12b7a3f9] 13:58:35.084 [main] DEBUG c.h.platform.operator.util.CRDUtil - HiveMQ Platform CRD version v1 is up to date
2025-01-29 13:58:35,086 INFO c.h.h.t.HelmChartContainer - [hivemq-test-hivemq-platform] [hivemq-platform-operator] [12b7a3f9] 13:58:35.084 [main] INFO  c.h.platform.operator.util.CRDUtil - HiveMQ Platform CRD is up to date (version: V1_6_0)
2025-01-29 13:58:35,086 INFO c.h.h.t.HelmChartContainer - [hivemq-test-hivemq-platform] [hivemq-platform-operator] [12b7a3f9] 13:58:35.084 [main] INFO  c.h.platform.operator.util.CRDUtil - Waiting 10000 ms for HiveMQ Platform CRD 'hivemq-platforms.hivemq.com' to become ready...
2025-01-29 13:58:35,389 INFO c.h.h.t.HelmChartContainer - [hivemq-test-hivemq-platform] [hivemq-platform-operator] [12b7a3f9] 13:58:35.386 [vert.x-eventloop-thread-1] DEBUG c.h.platform.operator.util.CRDUtil - Checking CRD condition 'NamesAccepted' (status: 'True')
2025-01-29 13:58:35,390 INFO c.h.h.t.HelmChartContainer - [hivemq-test-hivemq-platform] [hivemq-platform-operator] [12b7a3f9] 13:58:35.387 [vert.x-eventloop-thread-1] DEBUG c.h.platform.operator.util.CRDUtil - Checking CRD condition 'Established' (status: 'True')
2025-01-29 13:58:35,391 INFO c.h.h.t.HelmChartContainer - [hivemq-test-hivemq-platform] [hivemq-platform-operator] [12b7a3f9] 13:58:35.387 [main] INFO  c.h.platform.operator.util.CRDUtil - HiveMQ Platform CRD 'hivemq-platforms.hivemq.com' is ready
2025-01-29 13:58:35,498 INFO c.h.h.t.HelmChartContainer - [hivemq-test-hivemq-platform] [hivemq-platform-operator] [12b7a3f9] 13:58:35.497 [main] INFO  c.h.p.o.HiveMQPlatformReconciler - HiveMQ Platform Operator is starting...
2025-01-29 13:58:35,594 INFO c.h.h.t.HelmChartContainer - [hivemq-test-hivemq-platform] [hivemq-platform-operator] [12b7a3f9] 13:58:35.593 [main] WARN  Default ConfigurationService implementation - Configuration for reconciler 'hivemq-controller' was not found. Known reconcilers: None.
2025-01-29 13:58:35,602 INFO c.h.h.t.HelmChartContainer - [hivemq-test-hivemq-platform] [hivemq-platform-operator] [12b7a3f9] 13:58:35.601 [main] INFO  Default ConfigurationService implementation - Created configuration for reconciler com.hivemq.platform.operator.HiveMQPlatformReconciler with name hivemq-controller
2025-01-29 13:58:35,782 INFO c.h.h.t.HelmChartContainer - [hivemq-test-hivemq-platform] [hivemq-platform-operator] [12b7a3f9] 13:58:35.781 [main] DEBUG c.h.p.o.HiveMQPlatformReconciler - HiveMQ Platform Operator is preparing EventSources
2025-01-29 13:58:35,797 INFO c.h.h.t.HelmChartContainer - [hivemq-test-hivemq-platform] [hivemq-platform-operator] [12b7a3f9] 13:58:35.796 [main] INFO  i.javaoperatorsdk.operator.Operator - Registered reconciler: 'hivemq-controller' for resource: 'class com.hivemq.platform.operator.v1.HiveMQPlatform' for namespace(s): [all namespaces]
2025-01-29 13:58:36,381 INFO c.h.h.t.HelmChartContainer - [hivemq-test-hivemq-platform] [hivemq-platform-operator] [12b7a3f9] 13:58:36.380 [main] INFO  c.h.p.operator.webserver.JettyServer - Starting Jetty server on port 8080
2025-01-29 13:58:36,400 INFO c.h.h.t.HelmChartContainer - [hivemq-test-hivemq-platform] [hivemq-platform-operator] [12b7a3f9] 13:58:36.399 [main] INFO  i.javaoperatorsdk.operator.Operator - Operator SDK 4.9.7 (commit: 2133d28) built on Wed Nov 20 12:56:20 UTC 2024 starting...
2025-01-29 13:58:36,400 INFO c.h.h.t.HelmChartContainer - [hivemq-test-hivemq-platform] [hivemq-platform-operator] [12b7a3f9] 13:58:36.399 [main] INFO  i.javaoperatorsdk.operator.Operator - Client version: 6.13.4
2025-01-29 13:58:36,476 INFO c.h.h.t.HelmChartContainer - [hivemq-test-hivemq-platform] [hivemq-platform-operator] [12b7a3f9] 13:58:36.476 [Controller Starter for: hivemq-controller] INFO  i.j.operator.processing.Controller - Starting 'hivemq-controller' controller for reconciler: com.hivemq.platform.operator.HiveMQPlatformReconciler, resource: com.hivemq.platform.operator.v1.HiveMQPlatform
2025-01-29 13:58:38,888 INFO c.h.h.t.HelmChartContainer - [hivemq-test-hivemq-platform] [hivemq-platform-operator] [12b7a3f9] 13:58:38.887 [Controller Starter for: hivemq-controller] INFO  i.j.operator.processing.Controller - 'hivemq-controller' controller started
2025-01-29 13:58:38,889 INFO c.h.h.t.HelmChartContainer - [hivemq-test-hivemq-platform] [hivemq-platform-operator] [12b7a3f9] 13:58:38.888 [main] INFO  c.h.p.o.HiveMQPlatformOperatorApplication - HiveMQ Platform Operator 1.7.0-SNAPSHOT started in 6588 ms
2025-01-29 13:58:40,556 INFO c.h.h.t.HelmChartContainer - [POD] hivemq-test-hivemq-platform-operator-6966f96d65-l26sc [12b7a3f9-47d2-4af8-8d75-384cc8a21334] in helmupgradeextensionit-operator was MODIFIED
2025-01-29 13:58:40,565 INFO c.h.h.t.HelmChartContainer - [K3S] [replica_set.go:679] "Finished syncing" kind="ReplicaSet" key="helmupgradeextensionit-operator/hivemq-test-hivemq-platform-operator-6966f96d65" duration="10.414398ms"
2025-01-29 13:58:40,565 INFO c.h.h.t.HelmChartContainer - [K3S] [replica_set.go:679] "Finished syncing" kind="ReplicaSet" key="helmupgradeextensionit-operator/hivemq-test-hivemq-platform-operator-6966f96d65" duration="32.962µs"
2025-01-29 13:58:40,916 INFO c.h.h.testcontainer.LogWaiterUtil - TEST Waiting for log pattern on 'test-hivemq-platform-0': .*\[HiveMQ Platform Operator Init App [A-Z0-9.-]+\] Successfully enabled extension hivemq-bridge-extension
2025-01-29 13:58:40,916 INFO c.h.h.testcontainer.LogWaiterUtil - TEST Waiting for log pattern on 'test-hivemq-platform-0': .*Extension "HiveMQ Enterprise Bridge Extension" version .* started successfully.
2025-01-29 13:58:40,985 DEBUG c.h.h.t.HelmChartContainer - Executing helm command: /bin/helm --kubeconfig /etc/rancher/k3s/k3s.yaml install test-hivemq-platform /charts/hivemq-platform --wait --timeout 5m0s --set image.repository=docker.io/hivemq --set image.tag=4.36.0 --set image.pullPolicy=Never --set nodes.resources.cpu=512m -f /files/bridge-values.yaml --namespace helmupgradeextensionit
2025-01-29 13:58:41,289 INFO c.h.h.t.HelmChartContainer - [hivemq-test-hivemq-platform] [hivemq-platform-operator] [12b7a3f9] 13:58:41.288 [-373097727-pool-1-thread-1] WARN  i.m.p.PrometheusMeterRegistry - The meter (MeterId{name='operator.sdk.events.received', tags=[tag(action=ADDED),tag(event=ResourceEvent),tag(group=hivemq.com),tag(kind=HiveMQPlatform),tag(name=test-hivemq-platform),tag(namespace=helmupgradeextensionit),tag(scope=namespace),tag(version=v1)]}) registration has failed: Prometheus requires that all meters with the same name have the same set of tag keys. There is already an existing meter named 'operator.sdk.events.received' containing tag keys [event, group, kind, name, namespace, scope, version]. The meter you are attempting to register has keys [action, event, group, kind, name, namespace, scope, version]. Note that subsequent logs will be logged at debug level.
2025-01-29 13:58:41,794 INFO c.h.h.t.HelmChartContainer - [hivemq-test-hivemq-platform] [hivemq-platform-operator] [12b7a3f9] 13:58:41.793 [pool-6-thread-3] DEBUG c.h.p.o.dependants.PodInfoConfigMap - [helmupgr] Desired PodInfo ConfigMap (1 extensions) (1 enabled)
2025-01-29 13:58:41,794 INFO c.h.h.t.HelmChartContainer - [hivemq-test-hivemq-platform] [hivemq-platform-operator] [12b7a3f9] 13:58:41.793 [pool-6-thread-3] DEBUG c.h.p.o.dependants.PodInfoConfigMap - [helmupgr] Desired PodInfo ConfigMap (metrics port: 9399) (metrics path: /)
2025-01-29 13:58:41,794 INFO c.h.h.t.HelmChartContainer - [hivemq-test-hivemq-platform] [hivemq-platform-operator] [12b7a3f9] 13:58:41.793 [pool-6-thread-3] DEBUG c.h.p.o.dependants.PodInfoConfigMap - [helmupgr] Desired PodInfo ConfigMap (extension state hash: -1316632550)
2025-01-29 13:58:41,796 INFO c.h.h.t.HelmChartContainer - [hivemq-test-hivemq-platform] [hivemq-platform-operator] [12b7a3f9] 13:58:41.795 [pool-6-thread-3] DEBUG c.h.p.o.dependants.PodInfoConfigMap - [helmupgr] Create PodInfo ConfigMap
2025-01-29 13:58:41,886 INFO c.h.h.t.HelmChartContainer - [hivemq-test-hivemq-platform] [hivemq-platform-operator] [12b7a3f9] 13:58:41.885 [pool-6-thread-5] DEBUG c.h.p.o.dependants.PodRoleResource - [helmupgr] Create Role: Role(apiVersion=rbac.authorization.k8s.io/v1, kind=Role, metadata=ObjectMeta(annotations={meta.helm.sh/release-name=test-hivemq-platform, meta.helm.sh/release-namespace=helmupgradeextensionit}, creationTimestamp=null, deletionGracePeriodSeconds=null, deletionTimestamp=null, finalizers=[], generateName=null, generation=null, labels={helm.sh/chart=hivemq-platform-0.2.32, app.kubernetes.io/managed-by=Helm, app.kubernetes.io/name=hivemq-platform, hivemq-platform=test-hivemq-platform, app.kubernetes.io/instance=test-hivemq-platform, app.kubernetes.io/version=4.36.0}, managedFields=[], name=hivemq-platform-role-test-hivemq-platform, namespace=helmupgradeextensionit, ownerReferences=[OwnerReference(apiVersion=hivemq.com/v1, blockOwnerDeletion=null, controller=null, kind=HiveMQPlatform, name=test-hivemq-platform, uid=8f1f4452-f5ad-487b-8080-5ac0b33cd568, additionalProperties={})], resourceVersion=null, selfLink=null, uid=null, additionalProperties={}), rules=[PolicyRule(apiGroups=[], nonResourceURLs=[], resourceNames=[], resources=[pods], verbs=[get, patch, update], additionalProperties={})], additionalProperties={})
2025-01-29 13:58:42,081 INFO c.h.h.t.HelmChartContainer - [hivemq-test-hivemq-platform] [hivemq-platform-operator] [12b7a3f9] 13:58:42.080 [pool-6-thread-7] DEBUG c.h.p.o.d.PodServiceAccountResource - [helmupgr] Desired PodServiceAccountResource (serviceAccountName: hivemq-platform-pod-test-hivemq-platform)
2025-01-29 13:58:42,082 INFO c.h.h.t.HelmChartContainer - [hivemq-test-hivemq-platform] [hivemq-platform-operator] [12b7a3f9] 13:58:42.081 [pool-6-thread-7] DEBUG c.h.p.o.d.PodServiceAccountResource - [helmupgr] Create ServiceAccount 'hivemq-platform-pod-test-hivemq-platform'
2025-01-29 13:58:42,187 INFO c.h.h.t.HelmChartContainer - [hivemq-test-hivemq-platform] [hivemq-platform-operator] [12b7a3f9] 13:58:42.186 [pool-6-thread-10] DEBUG c.h.p.o.d.PodRoleBindingResource - [helmupgr] Create RoleBinding: RoleBinding(apiVersion=rbac.authorization.k8s.io/v1, kind=RoleBinding, metadata=ObjectMeta(annotations={meta.helm.sh/release-name=test-hivemq-platform, meta.helm.sh/release-namespace=helmupgradeextensionit}, creationTimestamp=null, deletionGracePeriodSeconds=null, deletionTimestamp=null, finalizers=[], generateName=null, generation=null, labels={helm.sh/chart=hivemq-platform-0.2.32, app.kubernetes.io/managed-by=Helm, app.kubernetes.io/name=hivemq-platform, hivemq-platform=test-hivemq-platform, app.kubernetes.io/instance=test-hivemq-platform, app.kubernetes.io/version=4.36.0}, managedFields=[], name=hivemq-platform-role-binding-test-hivemq-platform, namespace=helmupgradeextensionit, ownerReferences=[OwnerReference(apiVersion=hivemq.com/v1, blockOwnerDeletion=null, controller=null, kind=HiveMQPlatform, name=test-hivemq-platform, uid=8f1f4452-f5ad-487b-8080-5ac0b33cd568, additionalProperties={})], resourceVersion=null, selfLink=null, uid=null, additionalProperties={}), roleRef=RoleRef(apiGroup=rbac.authorization.k8s.io, kind=Role, name=hivemq-platform-role-test-hivemq-platform, additionalProperties={}), subjects=[Subject(apiGroup=null, kind=ServiceAccount, name=hivemq-platform-pod-test-hivemq-platform, namespace=helmupgradeextensionit, additionalProperties={})], additionalProperties={})
2025-01-29 13:58:42,280 INFO c.h.h.t.HelmChartContainer - [hivemq-test-hivemq-platform] [hivemq-platform-operator] [12b7a3f9] 13:58:42.278 [ReconcilerExecutor-hivemq-controller-55] INFO  c.h.p.o.HiveMQPlatformReconciler - [helmupgr] Reconciling HiveMQ Platform 'test-hivemq-platform' in namespace 'helmupgradeextensionit'
2025-01-29 13:58:42,280 INFO c.h.h.t.HelmChartContainer - [hivemq-test-hivemq-platform] [hivemq-platform-operator] [12b7a3f9] 13:58:42.279 [ReconcilerExecutor-hivemq-controller-55] DEBUG c.h.p.o.HiveMQPlatformReconciler - [helmupgr] Custom Resource Status CREATED - HiveMQ Platform was created (READY)
2025-01-29 13:58:42,281 INFO c.h.h.t.HelmChartContainer - [hivemq-test-hivemq-platform] [hivemq-platform-operator] [12b7a3f9] 13:58:42.280 [ReconcilerExecutor-hivemq-controller-55] DEBUG c.h.p.o.HiveMQPlatformReconciler - [helmupgr] Custom Resource Spec (replicas: 1) (extensions: 1)
2025-01-29 13:58:42,285 INFO c.h.h.t.HelmChartContainer - [hivemq-test-hivemq-platform] [hivemq-platform-operator] [12b7a3f9] 13:58:42.285 [ReconcilerExecutor-hivemq-controller-55] INFO  c.h.p.o.h.HiveMQPlatformReconcilerBaseHandler - [helmupgr] HiveMQ Platform is starting
2025-01-29 13:58:42,390 INFO c.h.h.t.HelmChartContainer - [hivemq-test-hivemq-platform] [hivemq-platform-operator] [12b7a3f9] 13:58:42.387 [ReconcilerExecutor-hivemq-controller-55] DEBUG c.h.p.operator.event.EventSender - [helmupgr] Creating K8s event hivemq-platform-starting: [Start] HiveMQ Platform is starting
2025-01-29 13:58:42,398 INFO c.h.h.t.HelmChartContainer - [EVENT] Normal [Start] HiveMQ Platform is starting [helmupgradeextensionit:test-hivemq-platform]
2025-01-29 13:58:42,480 INFO c.h.h.t.HelmChartContainer - [hivemq-test-hivemq-platform] [hivemq-platform-operator] [12b7a3f9] 13:58:42.479 [ReconcilerExecutor-hivemq-controller-55] INFO  c.h.p.o.h.AbstractHiveMQReconcilerStateHandler - [helmupgr] Update HiveMQ Platform Status (CREATED [READY] -> STARTING [READY]): HiveMQ Platform is starting
2025-01-29 13:58:42,493 DEBUG com.hivemq.helmcharts.util.K8sUtil - Comparing actual state 'STARTING' and waiting for 'RUNNING'
2025-01-29 13:58:52,586 INFO c.h.h.t.HelmChartContainer - [hivemq-test-hivemq-platform] [hivemq-platform-operator] [12b7a3f9] 13:58:52.585 [pool-6-thread-12] DEBUG c.h.p.o.d.PlatformServiceResource - [helmupgr] Desired Platform services (3 services)
2025-01-29 13:58:52,591 INFO c.h.h.t.HelmChartContainer - [hivemq-test-hivemq-platform] [hivemq-platform-operator] [12b7a3f9] 13:58:52.588 [pool-6-thread-13] DEBUG c.h.p.o.dependants.PodInfoConfigMap - [helmupgr] Desired PodInfo ConfigMap (1 extensions) (1 enabled)
2025-01-29 13:58:52,592 INFO c.h.h.t.HelmChartContainer - [hivemq-test-hivemq-platform] [hivemq-platform-operator] [12b7a3f9] 13:58:52.588 [pool-6-thread-13] DEBUG c.h.p.o.dependants.PodInfoConfigMap - [helmupgr] Desired PodInfo ConfigMap (metrics port: 9399) (metrics path: /)
2025-01-29 13:58:52,592 INFO c.h.h.t.HelmChartContainer - [hivemq-test-hivemq-platform] [hivemq-platform-operator] [12b7a3f9] 13:58:52.588 [pool-6-thread-13] DEBUG c.h.p.o.dependants.PodInfoConfigMap - [helmupgr] Desired PodInfo ConfigMap (extension state hash: -1316632550)
2025-01-29 13:58:52,592 INFO c.h.h.t.HelmChartContainer - [hivemq-test-hivemq-platform] [hivemq-platform-operator] [12b7a3f9] 13:58:52.591 [pool-6-thread-17] DEBUG c.h.p.o.d.PodServiceAccountResource - [helmupgr] Desired PodServiceAccountResource (serviceAccountName: hivemq-platform-pod-test-hivemq-platform)
2025-01-29 13:58:52,597 INFO c.h.h.t.HelmChartContainer - [hivemq-test-hivemq-platform] [hivemq-platform-operator] [12b7a3f9] 13:58:52.595 [pool-6-thread-13] DEBUG c.h.p.o.dependants.PodInfoConfigMap - [helmupgr] Update PodInfo ConfigMap
2025-01-29 13:58:52,687 INFO c.h.h.t.HelmChartContainer - [K3S] [alloc.go:330] "allocated clusterIPs" service="helmupgradeextensionit/hivemq-test-hivemq-platform-cc-8080" clusterIPs={"IPv4":"10.43.18.238"}
2025-01-29 13:58:52,786 INFO c.h.h.t.HelmChartContainer - [K3S] [alloc.go:330] "allocated clusterIPs" service="helmupgradeextensionit/hivemq-test-hivemq-platform-mqtt-1883" clusterIPs={"IPv4":"10.43.105.244"}
2025-01-29 13:58:52,797 INFO c.h.h.t.HelmChartContainer - [K3S] [alloc.go:330] "allocated clusterIPs" service="helmupgradeextensionit/hivemq-test-hivemq-platform-metrics-9399" clusterIPs={"IPv4":"10.43.242.96"}
2025-01-29 13:58:52,883 INFO c.h.h.t.HelmChartContainer - [hivemq-test-hivemq-platform] [hivemq-platform-operator] [12b7a3f9] 13:58:52.881 [pool-6-thread-20] DEBUG c.h.p.o.d.StatefulSetResource - [helmupgr] Desired StatefulSet (1 replicas) for status STARTING (READY)
2025-01-29 13:58:52,894 INFO c.h.h.t.HelmChartContainer - [hivemq-test-hivemq-platform] [hivemq-platform-operator] [12b7a3f9] 13:58:52.893 [pool-6-thread-20] DEBUG c.h.p.o.d.StatefulSetResource - [helmupgr] Create StatefulSet
2025-01-29 13:58:53,005 INFO c.h.h.t.HelmChartContainer - [EVENT] Normal [SuccessfulCreate] create Pod test-hivemq-platform-0 in StatefulSet test-hivemq-platform successful [helmupgradeextensionit:test-hivemq-platform]
2025-01-29 13:58:53,006 INFO c.h.h.t.HelmChartContainer - [POD] test-hivemq-platform-0 [8b808fb2-1e31-435d-8851-1ea8e19f9d2a] in helmupgradeextensionit was ADDED
2025-01-29 13:58:53,011 INFO c.h.h.t.HelmChartContainer - [POD] test-hivemq-platform-0 [8b808fb2-1e31-435d-8851-1ea8e19f9d2a] in helmupgradeextensionit was MODIFIED
2025-01-29 13:58:53,017 INFO c.h.h.t.HelmChartContainer - [EVENT] Normal [Scheduled] Successfully assigned helmupgradeextensionit/test-hivemq-platform-0 to 3f7c43f3fa7a [helmupgradeextensionit:test-hivemq-platform-0]
2025-01-29 13:58:53,031 INFO c.h.h.t.HelmChartContainer - [POD] test-hivemq-platform-0 [8b808fb2-1e31-435d-8851-1ea8e19f9d2a] in helmupgradeextensionit was MODIFIED
2025-01-29 13:58:53,074 INFO c.h.h.t.HelmChartContainer - [K3S] [reconciler_common.go:251] "operationExecutor.VerifyControllerAttachedVolume started for volume \"extension-configuration-hivemq-bridge-extension\" (UniqueName: \"kubernetes.io/configmap/8b808fb2-1e31-435d-8851-1ea8e19f9d2a-extension-configuration-hivemq-bridge-extension\") pod \"test-hivemq-platform-0\" (UID: \"8b808fb2-1e31-435d-8851-1ea8e19f9d2a\") " pod="helmupgradeextensionit/test-hivemq-platform-0"
2025-01-29 13:58:53,074 INFO c.h.h.t.HelmChartContainer - [K3S] [reconciler_common.go:251] "operationExecutor.VerifyControllerAttachedVolume started for volume \"kube-api-access-q7rqz\" (UniqueName: \"kubernetes.io/projected/8b808fb2-1e31-435d-8851-1ea8e19f9d2a-kube-api-access-q7rqz\") pod \"test-hivemq-platform-0\" (UID: \"8b808fb2-1e31-435d-8851-1ea8e19f9d2a\") " pod="helmupgradeextensionit/test-hivemq-platform-0"
2025-01-29 13:58:53,074 INFO c.h.h.t.HelmChartContainer - [K3S] [reconciler_common.go:251] "operationExecutor.VerifyControllerAttachedVolume started for volume \"pod-info\" (UniqueName: \"kubernetes.io/configmap/8b808fb2-1e31-435d-8851-1ea8e19f9d2a-pod-info\") pod \"test-hivemq-platform-0\" (UID: \"8b808fb2-1e31-435d-8851-1ea8e19f9d2a\") " pod="helmupgradeextensionit/test-hivemq-platform-0"
2025-01-29 13:58:53,074 INFO c.h.h.t.HelmChartContainer - [K3S] [reconciler_common.go:251] "operationExecutor.VerifyControllerAttachedVolume started for volume \"broker-configuration\" (UniqueName: \"kubernetes.io/configmap/8b808fb2-1e31-435d-8851-1ea8e19f9d2a-broker-configuration\") pod \"test-hivemq-platform-0\" (UID: \"8b808fb2-1e31-435d-8851-1ea8e19f9d2a\") " pod="helmupgradeextensionit/test-hivemq-platform-0"
2025-01-29 13:58:53,074 INFO c.h.h.t.HelmChartContainer - [K3S] [reconciler_common.go:251] "operationExecutor.VerifyControllerAttachedVolume started for volume \"operator-init\" (UniqueName: \"kubernetes.io/empty-dir/8b808fb2-1e31-435d-8851-1ea8e19f9d2a-operator-init\") pod \"test-hivemq-platform-0\" (UID: \"8b808fb2-1e31-435d-8851-1ea8e19f9d2a\") " pod="helmupgradeextensionit/test-hivemq-platform-0"
2025-01-29 13:58:53,084 INFO c.h.h.t.HelmChartContainer - [hivemq-test-hivemq-platform] [hivemq-platform-operator] [12b7a3f9] 13:58:53.080 [ReconcilerExecutor-hivemq-controller-66] INFO  c.h.p.o.HiveMQPlatformReconciler - [helmupgr] Reconciling HiveMQ Platform 'test-hivemq-platform' in namespace 'helmupgradeextensionit'
2025-01-29 13:58:53,084 INFO c.h.h.t.HelmChartContainer - [hivemq-test-hivemq-platform] [hivemq-platform-operator] [12b7a3f9] 13:58:53.081 [ReconcilerExecutor-hivemq-controller-66] DEBUG c.h.p.o.HiveMQPlatformReconciler - [helmupgr] Custom Resource Status STARTING - HiveMQ Platform is starting (READY)
2025-01-29 13:58:53,085 INFO c.h.h.t.HelmChartContainer - [hivemq-test-hivemq-platform] [hivemq-platform-operator] [12b7a3f9] 13:58:53.083 [ReconcilerExecutor-hivemq-controller-66] DEBUG c.h.p.o.HiveMQPlatformReconciler - [helmupgr] Custom Resource Spec (replicas: 1) (extensions: 1)
2025-01-29 13:58:53,091 INFO c.h.h.t.HelmChartContainer - [hivemq-test-hivemq-platform] [hivemq-platform-operator] [12b7a3f9] 13:58:53.090 [ReconcilerExecutor-hivemq-controller-66] DEBUG c.h.p.o.HiveMQPlatformReconciler - [helmupgr] StatefulSet Status (revision: test-hivemq-platform-5b6c7575b6, replicas: 1, available: 0, ready: 0, current: 1, updated: 1)
2025-01-29 13:58:53,091 INFO c.h.h.t.HelmChartContainer - [hivemq-test-hivemq-platform] [hivemq-platform-operator] [12b7a3f9] 13:58:53.090 [ReconcilerExecutor-hivemq-controller-66] DEBUG c.h.p.o.HiveMQPlatformReconciler - [helmupgr] StatefulSet Spec (replicas: 1, init containers: 1, containers: 1, volumes: 4)
2025-01-29 13:58:53,186 INFO c.h.h.t.HelmChartContainer - [hivemq-test-hivemq-platform] [hivemq-platform-operator] [12b7a3f9] 13:58:53.184 [ReconcilerExecutor-hivemq-controller-66] DEBUG c.h.p.o.h.HiveMQPlatformReconcilerErrorHandler - [helmupgr] Pod 'test-hivemq-platform-0' phase Pending
2025-01-29 13:58:53,189 INFO c.h.h.t.HelmChartContainer - [hivemq-test-hivemq-platform] [hivemq-platform-operator] [12b7a3f9] 13:58:53.185 [ReconcilerExecutor-hivemq-controller-66] DEBUG c.h.p.o.h.HiveMQPlatformReconcilerErrorHandler - [helmupgr] Pod 'test-hivemq-platform-0' condition 'PodReadyToStartContainers': False
2025-01-29 13:58:53,189 INFO c.h.h.t.HelmChartContainer - [hivemq-test-hivemq-platform] [hivemq-platform-operator] [12b7a3f9] 13:58:53.186 [ReconcilerExecutor-hivemq-controller-66] DEBUG c.h.p.o.h.HiveMQPlatformReconcilerErrorHandler - [helmupgr] Pod 'test-hivemq-platform-0' condition 'Initialized': False
2025-01-29 13:58:53,189 INFO c.h.h.t.HelmChartContainer - [hivemq-test-hivemq-platform] [hivemq-platform-operator] [12b7a3f9] 13:58:53.186 [ReconcilerExecutor-hivemq-controller-66] DEBUG c.h.p.o.h.HiveMQPlatformReconcilerErrorHandler - [helmupgr] Pod 'test-hivemq-platform-0' condition 'Ready': False
2025-01-29 13:58:53,189 INFO c.h.h.t.HelmChartContainer - [hivemq-test-hivemq-platform] [hivemq-platform-operator] [12b7a3f9] 13:58:53.186 [ReconcilerExecutor-hivemq-controller-66] DEBUG c.h.p.o.h.HiveMQPlatformReconcilerErrorHandler - [helmupgr] Pod 'test-hivemq-platform-0' condition 'ContainersReady': False
2025-01-29 13:58:53,189 INFO c.h.h.t.HelmChartContainer - [hivemq-test-hivemq-platform] [hivemq-platform-operator] [12b7a3f9] 13:58:53.186 [ReconcilerExecutor-hivemq-controller-66] DEBUG c.h.p.o.h.HiveMQPlatformReconcilerErrorHandler - [helmupgr] Pod 'test-hivemq-platform-0' condition 'PodScheduled': True
2025-01-29 13:58:53,189 INFO c.h.h.t.HelmChartContainer - [hivemq-test-hivemq-platform] [hivemq-platform-operator] [12b7a3f9] 13:58:53.186 [ReconcilerExecutor-hivemq-controller-66] DEBUG c.h.p.o.h.HiveMQPlatformReconcilerErrorHandler - [helmupgr] Pod 'test-hivemq-platform-0' containerStatus 'hivemq' (started: false) (ready: false) (waiting: [PodInitializing] null)
2025-01-29 13:58:53,189 INFO c.h.h.t.HelmChartContainer - [hivemq-test-hivemq-platform] [hivemq-platform-operator] [12b7a3f9] 13:58:53.188 [ReconcilerExecutor-hivemq-controller-66] INFO  c.h.p.o.h.HiveMQPlatformReconcilerBaseHandler - [helmupgr] HiveMQ Platform is starting, 0 of 1 replicas are ready
2025-01-29 13:58:53,196 INFO c.h.h.t.HelmChartContainer - [hivemq-test-hivemq-platform] [hivemq-platform-operator] [12b7a3f9] 13:58:53.195 [pool-6-thread-22] DEBUG c.h.p.o.d.PlatformServiceResource - [helmupgr] Desired Platform services (3 services)
2025-01-29 13:58:53,281 INFO c.h.h.t.HelmChartContainer - [hivemq-test-hivemq-platform] [hivemq-platform-operator] [12b7a3f9] 13:58:53.279 [pool-6-thread-23] DEBUG c.h.p.o.dependants.PodInfoConfigMap - [helmupgr] Desired PodInfo ConfigMap (1 extensions) (1 enabled)
2025-01-29 13:58:53,281 INFO c.h.h.t.HelmChartContainer - [hivemq-test-hivemq-platform] [hivemq-platform-operator] [12b7a3f9] 13:58:53.279 [pool-6-thread-23] DEBUG c.h.p.o.dependants.PodInfoConfigMap - [helmupgr] Desired PodInfo ConfigMap (metrics port: 9399) (metrics path: /)
2025-01-29 13:58:53,281 INFO c.h.h.t.HelmChartContainer - [hivemq-test-hivemq-platform] [hivemq-platform-operator] [12b7a3f9] 13:58:53.279 [pool-6-thread-23] DEBUG c.h.p.o.dependants.PodInfoConfigMap - [helmupgr] Desired PodInfo ConfigMap (extension state hash: -1316632550)
2025-01-29 13:58:53,284 INFO c.h.h.t.HelmChartContainer - [hivemq-test-hivemq-platform] [hivemq-platform-operator] [12b7a3f9] 13:58:53.282 [pool-6-thread-27] DEBUG c.h.p.o.d.PodServiceAccountResource - [helmupgr] Desired PodServiceAccountResource (serviceAccountName: hivemq-platform-pod-test-hivemq-platform)
2025-01-29 13:58:53,291 INFO c.h.h.t.HelmChartContainer - [hivemq-test-hivemq-platform] [hivemq-platform-operator] [12b7a3f9] 13:58:53.289 [pool-6-thread-29] DEBUG c.h.p.o.d.StatefulSetResource - [helmupgr] Desired StatefulSet (1 replicas) for status STARTING (READY)
2025-01-29 13:58:53,380 INFO c.h.h.t.HelmChartContainer - [hivemq-test-hivemq-platform] [hivemq-platform-operator] [12b7a3f9] 13:58:53.379 [ReconcilerExecutor-hivemq-controller-77] INFO  c.h.p.o.HiveMQPlatformReconciler - [helmupgr] Reconciling HiveMQ Platform 'test-hivemq-platform' in namespace 'helmupgradeextensionit'
2025-01-29 13:58:53,381 INFO c.h.h.t.HelmChartContainer - [hivemq-test-hivemq-platform] [hivemq-platform-operator] [12b7a3f9] 13:58:53.379 [ReconcilerExecutor-hivemq-controller-77] DEBUG c.h.p.o.HiveMQPlatformReconciler - [helmupgr] Custom Resource Status STARTING - HiveMQ Platform is starting (READY)
2025-01-29 13:58:53,381 INFO c.h.h.t.HelmChartContainer - [hivemq-test-hivemq-platform] [hivemq-platform-operator] [12b7a3f9] 13:58:53.379 [ReconcilerExecutor-hivemq-controller-77] DEBUG c.h.p.o.HiveMQPlatformReconciler - [helmupgr] Custom Resource Spec (replicas: 1) (extensions: 1)
2025-01-29 13:58:53,386 INFO c.h.h.t.HelmChartContainer - [hivemq-test-hivemq-platform] [hivemq-platform-operator] [12b7a3f9] 13:58:53.383 [ReconcilerExecutor-hivemq-controller-77] DEBUG c.h.p.o.HiveMQPlatformReconciler - [helmupgr] StatefulSet Status (revision: test-hivemq-platform-5b6c7575b6, replicas: 1, available: 0, ready: 0, current: 1, updated: 1)
2025-01-29 13:58:53,387 INFO c.h.h.t.HelmChartContainer - [hivemq-test-hivemq-platform] [hivemq-platform-operator] [12b7a3f9] 13:58:53.383 [ReconcilerExecutor-hivemq-controller-77] DEBUG c.h.p.o.HiveMQPlatformReconciler - [helmupgr] StatefulSet Spec (replicas: 1, init containers: 1, containers: 1, volumes: 4)
2025-01-29 13:58:53,387 INFO c.h.h.t.HelmChartContainer - [hivemq-test-hivemq-platform] [hivemq-platform-operator] [12b7a3f9] 13:58:53.385 [ReconcilerExecutor-hivemq-controller-77] DEBUG c.h.p.o.h.HiveMQPlatformReconcilerErrorHandler - [helmupgr] Pod 'test-hivemq-platform-0' phase Pending
2025-01-29 13:58:53,387 INFO c.h.h.t.HelmChartContainer - [hivemq-test-hivemq-platform] [hivemq-platform-operator] [12b7a3f9] 13:58:53.386 [ReconcilerExecutor-hivemq-controller-77] DEBUG c.h.p.o.h.HiveMQPlatformReconcilerErrorHandler - [helmupgr] Pod 'test-hivemq-platform-0' condition 'PodReadyToStartContainers': False
2025-01-29 13:58:53,387 INFO c.h.h.t.HelmChartContainer - [hivemq-test-hivemq-platform] [hivemq-platform-operator] [12b7a3f9] 13:58:53.386 [ReconcilerExecutor-hivemq-controller-77] DEBUG c.h.p.o.h.HiveMQPlatformReconcilerErrorHandler - [helmupgr] Pod 'test-hivemq-platform-0' condition 'Initialized': False
2025-01-29 13:58:53,387 INFO c.h.h.t.HelmChartContainer - [hivemq-test-hivemq-platform] [hivemq-platform-operator] [12b7a3f9] 13:58:53.386 [ReconcilerExecutor-hivemq-controller-77] DEBUG c.h.p.o.h.HiveMQPlatformReconcilerErrorHandler - [helmupgr] Pod 'test-hivemq-platform-0' condition 'Ready': False
2025-01-29 13:58:53,387 INFO c.h.h.t.HelmChartContainer - [hivemq-test-hivemq-platform] [hivemq-platform-operator] [12b7a3f9] 13:58:53.386 [ReconcilerExecutor-hivemq-controller-77] DEBUG c.h.p.o.h.HiveMQPlatformReconcilerErrorHandler - [helmupgr] Pod 'test-hivemq-platform-0' condition 'ContainersReady': False
2025-01-29 13:58:53,387 INFO c.h.h.t.HelmChartContainer - [hivemq-test-hivemq-platform] [hivemq-platform-operator] [12b7a3f9] 13:58:53.386 [ReconcilerExecutor-hivemq-controller-77] DEBUG c.h.p.o.h.HiveMQPlatformReconcilerErrorHandler - [helmupgr] Pod 'test-hivemq-platform-0' condition 'PodScheduled': True
2025-01-29 13:58:53,388 INFO c.h.h.t.HelmChartContainer - [hivemq-test-hivemq-platform] [hivemq-platform-operator] [12b7a3f9] 13:58:53.386 [ReconcilerExecutor-hivemq-controller-77] DEBUG c.h.p.o.h.HiveMQPlatformReconcilerErrorHandler - [helmupgr] Pod 'test-hivemq-platform-0' containerStatus 'hivemq' (started: false) (ready: false) (waiting: [PodInitializing] null)
2025-01-29 13:58:53,390 INFO c.h.h.t.HelmChartContainer - [hivemq-test-hivemq-platform] [hivemq-platform-operator] [12b7a3f9] 13:58:53.389 [ReconcilerExecutor-hivemq-controller-77] INFO  c.h.p.o.h.HiveMQPlatformReconcilerBaseHandler - [helmupgr] HiveMQ Platform is starting, 0 of 1 replicas are ready
2025-01-29 13:58:53,406 INFO c.h.h.t.HelmChartContainer - [EVENT] Normal [Pulled] Container image "docker.io/hivemq/hivemq-platform-operator-init-test:snapshot" already present on machine [helmupgradeextensionit:test-hivemq-platform-0]
2025-01-29 13:58:53,614 INFO c.h.h.t.HelmChartContainer - [EVENT] Normal [Created] Created container: hivemq-platform-operator-init [helmupgradeextensionit:test-hivemq-platform-0]
2025-01-29 13:58:53,650 INFO c.h.h.t.HelmChartContainer - [EVENT] Normal [Started] Started container hivemq-platform-operator-init [helmupgradeextensionit:test-hivemq-platform-0]
2025-01-29 13:58:54,575 INFO c.h.h.t.HelmChartContainer - [EVENT] Normal [Pulled] Container image "docker.io/hivemq/hivemq4:4.36.0" already present on machine [helmupgradeextensionit:test-hivemq-platform-0]
2025-01-29 13:58:54,575 INFO c.h.h.t.HelmChartContainer - Received Pulled event for container hivemq in pod test-hivemq-platform-0 [8b808fb2-1e31-435d-8851-1ea8e19f9d2a]
2025-01-29 13:58:54,584 INFO c.h.h.t.HelmChartContainer - [POD] test-hivemq-platform-0 [8b808fb2-1e31-435d-8851-1ea8e19f9d2a] in helmupgradeextensionit was MODIFIED
2025-01-29 13:58:54,609 INFO c.h.h.t.HelmChartContainer - [hivemq-test-hivemq-platform] [hivemq-platform-operator] [12b7a3f9] 13:58:54.600 [pool-6-thread-32] DEBUG c.h.p.o.d.PlatformServiceResource - [helmupgr] Desired Platform services (3 services)
2025-01-29 13:58:54,609 INFO c.h.h.t.HelmChartContainer - [hivemq-test-hivemq-platform] [hivemq-platform-operator] [12b7a3f9] 13:58:54.602 [pool-6-thread-33] DEBUG c.h.p.o.dependants.PodInfoConfigMap - [helmupgr] Desired PodInfo ConfigMap (1 extensions) (1 enabled)
2025-01-29 13:58:54,609 INFO c.h.h.t.HelmChartContainer - [hivemq-test-hivemq-platform] [hivemq-platform-operator] [12b7a3f9] 13:58:54.603 [pool-6-thread-33] DEBUG c.h.p.o.dependants.PodInfoConfigMap - [helmupgr] Desired PodInfo ConfigMap (metrics port: 9399) (metrics path: /)
2025-01-29 13:58:54,609 INFO c.h.h.t.HelmChartContainer - [hivemq-test-hivemq-platform] [hivemq-platform-operator] [12b7a3f9] 13:58:54.603 [pool-6-thread-33] DEBUG c.h.p.o.dependants.PodInfoConfigMap - [helmupgr] Desired PodInfo ConfigMap (extension state hash: -1316632550)
2025-01-29 13:58:54,617 INFO c.h.h.t.HelmChartContainer - [hivemq-test-hivemq-platform] [hivemq-platform-operator] [12b7a3f9] 13:58:54.611 [pool-6-thread-37] DEBUG c.h.p.o.d.PodServiceAccountResource - [helmupgr] Desired PodServiceAccountResource (serviceAccountName: hivemq-platform-pod-test-hivemq-platform)
2025-01-29 13:58:54,685 INFO c.h.h.t.HelmChartContainer - [hivemq-test-hivemq-platform] [hivemq-platform-operator] [12b7a3f9] 13:58:54.682 [pool-6-thread-40] DEBUG c.h.p.o.d.StatefulSetResource - [helmupgr] Desired StatefulSet (1 replicas) for status STARTING (READY)
2025-01-29 13:58:54,691 INFO c.h.h.t.HelmChartContainer - [hivemq-test-hivemq-platform] [hivemq-platform-operator] [12b7a3f9] 13:58:54.688 [ReconcilerExecutor-hivemq-controller-88] INFO  c.h.p.o.HiveMQPlatformReconciler - [helmupgr] Reconciling HiveMQ Platform 'test-hivemq-platform' in namespace 'helmupgradeextensionit'
2025-01-29 13:58:54,691 INFO c.h.h.t.HelmChartContainer - [hivemq-test-hivemq-platform] [hivemq-platform-operator] [12b7a3f9] 13:58:54.689 [ReconcilerExecutor-hivemq-controller-88] DEBUG c.h.p.o.HiveMQPlatformReconciler - [helmupgr] Custom Resource Status STARTING - HiveMQ Platform is starting (READY)
2025-01-29 13:58:54,691 INFO c.h.h.t.HelmChartContainer - [hivemq-test-hivemq-platform] [hivemq-platform-operator] [12b7a3f9] 13:58:54.689 [ReconcilerExecutor-hivemq-controller-88] DEBUG c.h.p.o.HiveMQPlatformReconciler - [helmupgr] Custom Resource Spec (replicas: 1) (extensions: 1)
2025-01-29 13:58:54,693 INFO c.h.h.t.HelmChartContainer - [hivemq-test-hivemq-platform] [hivemq-platform-operator] [12b7a3f9] 13:58:54.692 [ReconcilerExecutor-hivemq-controller-88] DEBUG c.h.p.o.HiveMQPlatformReconciler - [helmupgr] StatefulSet Status (revision: test-hivemq-platform-5b6c7575b6, replicas: 1, available: 0, ready: 0, current: 1, updated: 1)
2025-01-29 13:58:54,694 INFO c.h.h.t.HelmChartContainer - [hivemq-test-hivemq-platform] [hivemq-platform-operator] [12b7a3f9] 13:58:54.693 [ReconcilerExecutor-hivemq-controller-88] DEBUG c.h.p.o.HiveMQPlatformReconciler - [helmupgr] StatefulSet Spec (replicas: 1, init containers: 1, containers: 1, volumes: 4)
2025-01-29 13:58:54,782 INFO c.h.h.t.HelmChartContainer - [hivemq-test-hivemq-platform] [hivemq-platform-operator] [12b7a3f9] 13:58:54.779 [ReconcilerExecutor-hivemq-controller-88] DEBUG c.h.p.o.h.HiveMQPlatformReconcilerErrorHandler - [helmupgr] Pod 'test-hivemq-platform-0' phase Pending
2025-01-29 13:58:54,782 INFO c.h.h.t.HelmChartContainer - [hivemq-test-hivemq-platform] [hivemq-platform-operator] [12b7a3f9] 13:58:54.779 [ReconcilerExecutor-hivemq-controller-88] DEBUG c.h.p.o.h.HiveMQPlatformReconcilerErrorHandler - [helmupgr] Pod 'test-hivemq-platform-0' condition 'PodReadyToStartContainers': True
2025-01-29 13:58:54,782 INFO c.h.h.t.HelmChartContainer - [hivemq-test-hivemq-platform] [hivemq-platform-operator] [12b7a3f9] 13:58:54.779 [ReconcilerExecutor-hivemq-controller-88] DEBUG c.h.p.o.h.HiveMQPlatformReconcilerErrorHandler - [helmupgr] Pod 'test-hivemq-platform-0' condition 'Initialized': True
2025-01-29 13:58:54,782 INFO c.h.h.t.HelmChartContainer - [hivemq-test-hivemq-platform] [hivemq-platform-operator] [12b7a3f9] 13:58:54.779 [ReconcilerExecutor-hivemq-controller-88] DEBUG c.h.p.o.h.HiveMQPlatformReconcilerErrorHandler - [helmupgr] Pod 'test-hivemq-platform-0' condition 'Ready': False
2025-01-29 13:58:54,782 INFO c.h.h.t.HelmChartContainer - [hivemq-test-hivemq-platform] [hivemq-platform-operator] [12b7a3f9] 13:58:54.779 [ReconcilerExecutor-hivemq-controller-88] DEBUG c.h.p.o.h.HiveMQPlatformReconcilerErrorHandler - [helmupgr] Pod 'test-hivemq-platform-0' condition 'ContainersReady': False
2025-01-29 13:58:54,782 INFO c.h.h.t.HelmChartContainer - [hivemq-test-hivemq-platform] [hivemq-platform-operator] [12b7a3f9] 13:58:54.779 [ReconcilerExecutor-hivemq-controller-88] DEBUG c.h.p.o.h.HiveMQPlatformReconcilerErrorHandler - [helmupgr] Pod 'test-hivemq-platform-0' condition 'PodScheduled': True
2025-01-29 13:58:54,782 INFO c.h.h.t.HelmChartContainer - [hivemq-test-hivemq-platform] [hivemq-platform-operator] [12b7a3f9] 13:58:54.779 [ReconcilerExecutor-hivemq-controller-88] DEBUG c.h.p.o.h.HiveMQPlatformReconcilerErrorHandler - [helmupgr] Pod 'test-hivemq-platform-0' containerStatus 'hivemq' (started: false) (ready: false) (waiting: [PodInitializing] null)
2025-01-29 13:58:54,782 INFO c.h.h.t.HelmChartContainer - [hivemq-test-hivemq-platform] [hivemq-platform-operator] [12b7a3f9] 13:58:54.781 [ReconcilerExecutor-hivemq-controller-88] INFO  c.h.p.o.h.HiveMQPlatformReconcilerBaseHandler - [helmupgr] HiveMQ Platform is starting, 0 of 1 replicas are ready
2025-01-29 13:58:55,942 INFO c.h.h.t.HelmChartContainer - [EVENT] Normal [Created] Created container: hivemq [helmupgradeextensionit:test-hivemq-platform-0]
2025-01-29 13:58:55,942 INFO c.h.h.t.HelmChartContainer - Received Created event for container hivemq in pod test-hivemq-platform-0 [8b808fb2-1e31-435d-8851-1ea8e19f9d2a]
2025-01-29 13:58:56,588 INFO c.h.h.t.HelmChartContainer - [POD] test-hivemq-platform-0 [8b808fb2-1e31-435d-8851-1ea8e19f9d2a] in helmupgradeextensionit was MODIFIED
2025-01-29 13:58:56,597 INFO c.h.h.t.HelmChartContainer - [EVENT] Normal [Started] Started container hivemq [helmupgradeextensionit:test-hivemq-platform-0]
2025-01-29 13:58:56,597 INFO c.h.h.t.HelmChartContainer - Received Started event for container hivemq in pod test-hivemq-platform-0 [8b808fb2-1e31-435d-8851-1ea8e19f9d2a]
2025-01-29 13:58:56,598 INFO c.h.h.t.HelmChartContainer - Started log watcher for hivemq in pod test-hivemq-platform-0 [8b808fb2-1e31-435d-8851-1ea8e19f9d2a]
2025-01-29 13:58:56,598 INFO c.h.h.t.HelmChartContainer - [test-hivemq-platform] [hivemq] [8b808fb2] Adding pre-installed HiveMQ Platform Operator extensions
2025-01-29 13:58:56,598 INFO c.h.h.t.HelmChartContainer - [test-hivemq-platform] [hivemq] [8b808fb2] Running as user 10000
2025-01-29 13:58:56,598 INFO c.h.h.t.HelmChartContainer - [test-hivemq-platform] [hivemq] [8b808fb2] Starting HiveMQ Platform Operator Init
2025-01-29 13:58:56,606 INFO c.h.h.t.HelmChartContainer - [hivemq-test-hivemq-platform] [hivemq-platform-operator] [12b7a3f9] 13:58:56.600 [pool-6-thread-42] DEBUG c.h.p.o.d.PlatformServiceResource - [helmupgr] Desired Platform services (3 services)
2025-01-29 13:58:56,606 INFO c.h.h.t.HelmChartContainer - [hivemq-test-hivemq-platform] [hivemq-platform-operator] [12b7a3f9] 13:58:56.602 [pool-6-thread-43] DEBUG c.h.p.o.dependants.PodInfoConfigMap - [helmupgr] Desired PodInfo ConfigMap (1 extensions) (1 enabled)
2025-01-29 13:58:56,609 INFO c.h.h.t.HelmChartContainer - [hivemq-test-hivemq-platform] [hivemq-platform-operator] [12b7a3f9] 13:58:56.608 [pool-6-thread-43] DEBUG c.h.p.o.dependants.PodInfoConfigMap - [helmupgr] Desired PodInfo ConfigMap (metrics port: 9399) (metrics path: /)
2025-01-29 13:58:56,609 INFO c.h.h.t.HelmChartContainer - [hivemq-test-hivemq-platform] [hivemq-platform-operator] [12b7a3f9] 13:58:56.608 [pool-6-thread-43] DEBUG c.h.p.o.dependants.PodInfoConfigMap - [helmupgr] Desired PodInfo ConfigMap (extension state hash: -1316632550)
2025-01-29 13:58:56,609 INFO c.h.h.t.HelmChartContainer - [hivemq-test-hivemq-platform] [hivemq-platform-operator] [12b7a3f9] 13:58:56.605 [pool-6-thread-47] DEBUG c.h.p.o.d.PodServiceAccountResource - [helmupgr] Desired PodServiceAccountResource (serviceAccountName: hivemq-platform-pod-test-hivemq-platform)
2025-01-29 13:58:56,679 INFO c.h.h.t.HelmChartContainer - [hivemq-test-hivemq-platform] [hivemq-platform-operator] [12b7a3f9] 13:58:56.677 [pool-6-thread-50] DEBUG c.h.p.o.d.StatefulSetResource - [helmupgr] Desired StatefulSet (1 replicas) for status STARTING (READY)
2025-01-29 13:58:56,685 INFO c.h.h.t.HelmChartContainer - [hivemq-test-hivemq-platform] [hivemq-platform-operator] [12b7a3f9] 13:58:56.683 [ReconcilerExecutor-hivemq-controller-99] INFO  c.h.p.o.HiveMQPlatformReconciler - [helmupgr] Reconciling HiveMQ Platform 'test-hivemq-platform' in namespace 'helmupgradeextensionit'
2025-01-29 13:58:56,685 INFO c.h.h.t.HelmChartContainer - [hivemq-test-hivemq-platform] [hivemq-platform-operator] [12b7a3f9] 13:58:56.683 [ReconcilerExecutor-hivemq-controller-99] DEBUG c.h.p.o.HiveMQPlatformReconciler - [helmupgr] Custom Resource Status STARTING - HiveMQ Platform is starting (READY)
2025-01-29 13:58:56,685 INFO c.h.h.t.HelmChartContainer - [hivemq-test-hivemq-platform] [hivemq-platform-operator] [12b7a3f9] 13:58:56.683 [ReconcilerExecutor-hivemq-controller-99] DEBUG c.h.p.o.HiveMQPlatformReconciler - [helmupgr] Custom Resource Spec (replicas: 1) (extensions: 1)
2025-01-29 13:58:56,688 INFO c.h.h.t.HelmChartContainer - [hivemq-test-hivemq-platform] [hivemq-platform-operator] [12b7a3f9] 13:58:56.687 [ReconcilerExecutor-hivemq-controller-99] DEBUG c.h.p.o.HiveMQPlatformReconciler - [helmupgr] StatefulSet Status (revision: test-hivemq-platform-5b6c7575b6, replicas: 1, available: 0, ready: 0, current: 1, updated: 1)
2025-01-29 13:58:56,688 INFO c.h.h.t.HelmChartContainer - [hivemq-test-hivemq-platform] [hivemq-platform-operator] [12b7a3f9] 13:58:56.687 [ReconcilerExecutor-hivemq-controller-99] DEBUG c.h.p.o.HiveMQPlatformReconciler - [helmupgr] StatefulSet Spec (replicas: 1, init containers: 1, containers: 1, volumes: 4)
2025-01-29 13:58:56,691 INFO c.h.h.t.HelmChartContainer - [hivemq-test-hivemq-platform] [hivemq-platform-operator] [12b7a3f9] 13:58:56.690 [ReconcilerExecutor-hivemq-controller-99] DEBUG c.h.p.o.h.HiveMQPlatformReconcilerErrorHandler - [helmupgr] Pod 'test-hivemq-platform-0' phase Running
2025-01-29 13:58:56,693 INFO c.h.h.t.HelmChartContainer - [hivemq-test-hivemq-platform] [hivemq-platform-operator] [12b7a3f9] 13:58:56.691 [ReconcilerExecutor-hivemq-controller-99] INFO  c.h.p.o.h.HiveMQPlatformReconcilerBaseHandler - [helmupgr] HiveMQ Platform is starting, 0 of 1 replicas are ready
2025-01-29 13:58:57,131 INFO c.h.h.t.HelmChartContainer - [test-hivemq-platform] [hivemq] [8b808fb2] INFO  - [HiveMQ Platform Operator Init 1.7.0-SNAPSHOT] HiveMQ Platform Operator Init 1.7.0-SNAPSHOT (commit: bebf408 on branch: HEAD) built on Sun Jan 26 20:47:47 UTC 2025
2025-01-29 13:58:58,327 INFO c.h.h.t.HelmChartContainer - [test-hivemq-platform] [hivemq] [8b808fb2] INFO  - [HiveMQ Platform Operator Init App 1.7.0-SNAPSHOT] Using bind address 10.42.0.8 from environment variable
2025-01-29 13:58:59,222 INFO c.h.h.t.HelmChartContainer - [test-hivemq-platform] [hivemq] [8b808fb2] INFO  - [HiveMQ Platform Operator Init App 1.7.0-SNAPSHOT] HiveMQ Platform Operator Init App 1.7.0-SNAPSHOT (commit: bebf408 on branch: HEAD) built on Sun Jan 26 20:47:47 UTC 2025
2025-01-29 13:58:59,222 INFO c.h.h.t.HelmChartContainer - [test-hivemq-platform] [hivemq] [8b808fb2] INFO  - [HiveMQ Platform Operator Init App 1.7.0-SNAPSHOT] PodInfo ConfigMap directory: /etc/podinfo
2025-01-29 13:58:59,223 INFO c.h.h.t.HelmChartContainer - [test-hivemq-platform] [hivemq] [8b808fb2] INFO  - [HiveMQ Platform Operator Init App 1.7.0-SNAPSHOT] HiveMQ home directory: /opt/hivemq
2025-01-29 13:58:59,223 INFO c.h.h.t.HelmChartContainer - [test-hivemq-platform] [hivemq] [8b808fb2] INFO  - [HiveMQ Platform Operator Init App 1.7.0-SNAPSHOT] HiveMQ Logback folder: /opt/hivemq/conf
2025-01-29 13:58:59,223 INFO c.h.h.t.HelmChartContainer - [test-hivemq-platform] [hivemq] [8b808fb2] INFO  - [HiveMQ Platform Operator Init App 1.7.0-SNAPSHOT] HiveMQ Config folder: /opt/hivemq/conf-k8s
2025-01-29 13:58:59,224 INFO c.h.h.t.HelmChartContainer - [test-hivemq-platform] [hivemq] [8b808fb2] INFO  - [HiveMQ Platform Operator Init App 1.7.0-SNAPSHOT] Starting HiveMQ Platform Operator Init App
2025-01-29 13:58:59,224 INFO c.h.h.t.HelmChartContainer - [test-hivemq-platform] [hivemq] [8b808fb2] INFO  - [HiveMQ Platform Operator Init App 1.7.0-SNAPSHOT] Starting Pod reconciler
2025-01-29 13:59:00,344 INFO c.h.h.t.HelmChartContainer - [test-hivemq-platform] [hivemq] [8b808fb2] INFO  - [HiveMQ Platform Operator Init App 1.7.0-SNAPSHOT] Pod reconciler is scheduled (interval: 5000 ms)
2025-01-29 13:59:00,345 INFO c.h.h.t.HelmChartContainer - [test-hivemq-platform] [hivemq] [8b808fb2] INFO  - [HiveMQ Platform Operator Init App 1.7.0-SNAPSHOT] Starting the REST API on 10.42.0.8:7979
2025-01-29 13:59:00,347 INFO c.h.h.t.HelmChartContainer - [test-hivemq-platform] [hivemq] [8b808fb2] INFO  - [HiveMQ Platform Operator Init App 1.7.0-SNAPSHOT] Waiting up to 600s for at most 1 HiveMQ nodes in cluster service hivemq-test-hivemq-platform-cluster.helmupgradeextensionit.svc
2025-01-29 13:59:00,736 INFO c.h.h.t.HelmChartContainer - [test-hivemq-platform] [hivemq] [8b808fb2] INFO  - [HiveMQ Platform Operator Init App 1.7.0-SNAPSHOT] Resolved 1 IP addresses: [10.42.0.8]
2025-01-29 13:59:00,737 INFO c.h.h.t.HelmChartContainer - [test-hivemq-platform] [hivemq] [8b808fb2] INFO  - [HiveMQ Platform Operator Init App 1.7.0-SNAPSHOT] HiveMQ node count of 1 is within threshold of 1
2025-01-29 13:59:00,737 INFO c.h.h.t.HelmChartContainer - [test-hivemq-platform] [hivemq] [8b808fb2] INFO  - [HiveMQ Platform Operator Init App 1.7.0-SNAPSHOT] Proceeding with container start
2025-01-29 13:59:00,835 INFO c.h.h.t.HelmChartContainer - [test-hivemq-platform] [hivemq] [8b808fb2] INFO  - [HiveMQ Platform Operator Init App 1.7.0-SNAPSHOT] Initializing HiveMQ Platform extensions with initial configuration: {hivemq-bridge-extension={start-priority=-1, skip-https-hostname-verification=false, restart=true, config-version=829, header-version=0, c-uri=, priority=-1, uri=preinstalled, skip-https-certificate-validation=false, enabled=true}, hivemq-prometheus-extension={restart=true, priority=-1, start-priority=-1, c-uri=, skip-https-hostname-verification=false, skip-https-certificate-validation=false, uri=preinstalled, request-header-path=no-request-headers, enabled=true}}
2025-01-29 13:59:01,242 INFO c.h.h.t.HelmChartContainer - [test-hivemq-platform] [hivemq] [8b808fb2] INFO  - [HiveMQ Platform Operator Init App 1.7.0-SNAPSHOT] Successfully enabled extension hivemq-bridge-extension
2025-01-29 13:59:01,242 INFO c.h.h.testcontainer.LogWaiterUtil - TEST Found log pattern on 'test-hivemq-platform-0': .*\[HiveMQ Platform Operator Init App [A-Z0-9.-]+\] Successfully enabled extension hivemq-bridge-extension
2025-01-29 13:59:01,328 INFO c.h.h.t.HelmChartContainer - [test-hivemq-platform] [hivemq] [8b808fb2] INFO  - [HiveMQ Platform Operator Init App 1.7.0-SNAPSHOT] Successfully enabled extension hivemq-prometheus-extension
2025-01-29 13:59:01,329 INFO c.h.h.t.HelmChartContainer - [test-hivemq-platform] [hivemq] [8b808fb2] INFO  - [HiveMQ Platform Operator Init App 1.7.0-SNAPSHOT] Starting HiveMQ Platform version 4.36.0 (4.36.0)
2025-01-29 13:59:01,330 INFO c.h.h.t.HelmChartContainer - [test-hivemq-platform] [hivemq] [8b808fb2] INFO  - [HiveMQ Platform Operator Init App 1.7.0-SNAPSHOT] Configuring the HiveMQ Platform
2025-01-29 13:59:01,338 INFO c.h.h.t.HelmChartContainer - [test-hivemq-platform] [hivemq] [8b808fb2] INFO  - [HiveMQ Platform Operator Init App 1.7.0-SNAPSHOT] Changed logback.xml file scan period to 20 seconds
2025-01-29 13:59:01,433 INFO c.h.h.t.HelmChartContainer - [test-hivemq-platform] [hivemq] [8b808fb2] INFO  - [HiveMQ Platform Operator Init App 1.7.0-SNAPSHOT] Starting the HiveMQ Platform
2025-01-29 13:59:01,436 INFO c.h.h.t.HelmChartContainer - [test-hivemq-platform] [hivemq] [8b808fb2] -------------------------------------------------------------------------
2025-01-29 13:59:01,436 INFO c.h.h.t.HelmChartContainer - [test-hivemq-platform] [hivemq] [8b808fb2] 
2025-01-29 13:59:01,436 INFO c.h.h.t.HelmChartContainer - [test-hivemq-platform] [hivemq] [8b808fb2]                   _    _  _              __  __   ____
2025-01-29 13:59:01,436 INFO c.h.h.t.HelmChartContainer - [test-hivemq-platform] [hivemq] [8b808fb2]                  | |  | |(_)            |  \/  | / __ \
2025-01-29 13:59:01,437 INFO c.h.h.t.HelmChartContainer - [test-hivemq-platform] [hivemq] [8b808fb2]                  | |__| | _ __   __ ___ | \  / || |  | |
2025-01-29 13:59:01,437 INFO c.h.h.t.HelmChartContainer - [test-hivemq-platform] [hivemq] [8b808fb2]                  |  __  || |\ \ / // _ \| |\/| || |  | |
2025-01-29 13:59:01,437 INFO c.h.h.t.HelmChartContainer - [test-hivemq-platform] [hivemq] [8b808fb2]                  | |  | || | \ V /|  __/| |  | || |__| |
2025-01-29 13:59:01,437 INFO c.h.h.t.HelmChartContainer - [test-hivemq-platform] [hivemq] [8b808fb2]                  |_|  |_||_|  \_/  \___||_|  |_| \___\_\
2025-01-29 13:59:01,437 INFO c.h.h.t.HelmChartContainer - [test-hivemq-platform] [hivemq] [8b808fb2] 
2025-01-29 13:59:01,437 INFO c.h.h.t.HelmChartContainer - [test-hivemq-platform] [hivemq] [8b808fb2] -------------------------------------------------------------------------
2025-01-29 13:59:01,437 INFO c.h.h.t.HelmChartContainer - [test-hivemq-platform] [hivemq] [8b808fb2] 
2025-01-29 13:59:01,437 INFO c.h.h.t.HelmChartContainer - [test-hivemq-platform] [hivemq] [8b808fb2]   HiveMQ Start Script for Linux/Unix v1.14
2025-01-29 13:59:01,437 INFO c.h.h.t.HelmChartContainer - [test-hivemq-platform] [hivemq] [8b808fb2] 
2025-01-29 13:59:01,540 INFO c.h.h.t.HelmChartContainer - [test-hivemq-platform] [hivemq] [8b808fb2] -------------------------------------------------------------------------
2025-01-29 13:59:01,540 INFO c.h.h.t.HelmChartContainer - [test-hivemq-platform] [hivemq] [8b808fb2] 
2025-01-29 13:59:01,540 INFO c.h.h.t.HelmChartContainer - [test-hivemq-platform] [hivemq] [8b808fb2]   HIVEMQ_HOME: /opt/hivemq
2025-01-29 13:59:01,540 INFO c.h.h.t.HelmChartContainer - [test-hivemq-platform] [hivemq] [8b808fb2] 
2025-01-29 13:59:01,541 INFO c.h.h.t.HelmChartContainer - [test-hivemq-platform] [hivemq] [8b808fb2]   JAVA_OPTS: -XX:+UnlockExperimentalVMOptions -XX:InitialRAMPercentage=50 -XX:MaxRAMPercentage=50 -Djava.net.preferIPv4Stack=true --add-opens java.base/java.lang=ALL-UNNAMED --add-opens java.base/java.nio=ALL-UNNAMED --add-opens java.base/sun.nio.ch=ALL-UNNAMED --add-opens jdk.management/com.sun.management.internal=ALL-UNNAMED --add-exports java.base/jdk.internal.misc=ALL-UNNAMED -Djava.security.egd=file:/dev/./urandom -Dcom.sun.management.jmxremote -Dcom.sun.management.jmxremote.port=9010 -Dcom.sun.management.jmxremote.local.only=false -Dcom.sun.management.jmxremote.authenticate=false -Dcom.sun.management.jmxremote.ssl=false -Duser.language=en -Duser.region=US -XX:+CrashOnOutOfMemoryError -XX:+HeapDumpOnOutOfMemoryError
2025-01-29 13:59:01,541 INFO c.h.h.t.HelmChartContainer - [test-hivemq-platform] [hivemq] [8b808fb2] 
2025-01-29 13:59:01,541 INFO c.h.h.t.HelmChartContainer - [test-hivemq-platform] [hivemq] [8b808fb2]   JAVA_VERSION: 21
2025-01-29 13:59:01,541 INFO c.h.h.t.HelmChartContainer - [test-hivemq-platform] [hivemq] [8b808fb2] 
2025-01-29 13:59:01,541 INFO c.h.h.t.HelmChartContainer - [test-hivemq-platform] [hivemq] [8b808fb2] -------------------------------------------------------------------------
2025-01-29 13:59:01,541 INFO c.h.h.t.HelmChartContainer - [test-hivemq-platform] [hivemq] [8b808fb2] 
2025-01-29 13:59:02,629 INFO c.h.h.t.HelmChartContainer - [test-hivemq-platform] [hivemq] [8b808fb2] INFO  - [HiveMQ Platform Operator Init App 1.7.0-SNAPSHOT] Returning default Health API response 503 for readiness
2025-01-29 13:59:02,937 INFO c.h.h.t.HelmChartContainer - [EVENT] Warning [Unhealthy] Readiness probe failed: HTTP probe failed with statuscode: 503 [helmupgradeextensionit:test-hivemq-platform-0]
2025-01-29 13:59:02,937 INFO c.h.h.t.HelmChartContainer - Received Unhealthy event for container hivemq in pod test-hivemq-platform-0 [8b808fb2-1e31-435d-8851-1ea8e19f9d2a]
2025-01-29 13:59:04,140 INFO c.h.h.t.HelmChartContainer - [test-hivemq-platform] [hivemq] [8b808fb2] INFO  - Starting HiveMQ Enterprise Server
2025-01-29 13:59:04,145 INFO c.h.h.t.HelmChartContainer - [test-hivemq-platform] [hivemq] [8b808fb2] INFO  - HiveMQ version: 4.36.0
2025-01-29 13:59:04,146 INFO c.h.h.t.HelmChartContainer - [test-hivemq-platform] [hivemq] [8b808fb2] INFO  - HiveMQ home directory: /opt/hivemq
2025-01-29 13:59:04,146 INFO c.h.h.t.HelmChartContainer - [test-hivemq-platform] [hivemq] [8b808fb2] INFO  - Log Configuration was overridden by /opt/hivemq/conf/logback.xml
2025-01-29 13:59:05,333 INFO c.h.h.t.HelmChartContainer - [test-hivemq-platform] [hivemq] [8b808fb2] INFO  - Successfully loaded configuration from '/opt/hivemq/conf-k8s/config.xml'.
2025-01-29 13:59:05,932 INFO c.h.h.t.HelmChartContainer - [test-hivemq-platform] [hivemq] [8b808fb2] INFO  - This node's ID is Gs7jf
2025-01-29 13:59:05,932 INFO c.h.h.t.HelmChartContainer - [test-hivemq-platform] [hivemq] [8b808fb2] INFO  - Clustering is enabled
2025-01-29 13:59:06,701 INFO c.h.h.t.HelmChartContainer - [hivemq-test-hivemq-platform] [hivemq-platform-operator] [12b7a3f9] 13:59:06.697 [pool-6-thread-5] DEBUG c.h.p.o.d.PlatformServiceResource - [helmupgr] Desired Platform services (3 services)
2025-01-29 13:59:06,701 INFO c.h.h.t.HelmChartContainer - [hivemq-test-hivemq-platform] [hivemq-platform-operator] [12b7a3f9] 13:59:06.699 [pool-6-thread-3] DEBUG c.h.p.o.dependants.PodInfoConfigMap - [helmupgr] Desired PodInfo ConfigMap (1 extensions) (1 enabled)
2025-01-29 13:59:06,701 INFO c.h.h.t.HelmChartContainer - [hivemq-test-hivemq-platform] [hivemq-platform-operator] [12b7a3f9] 13:59:06.699 [pool-6-thread-3] DEBUG c.h.p.o.dependants.PodInfoConfigMap - [helmupgr] Desired PodInfo ConfigMap (metrics port: 9399) (metrics path: /)
2025-01-29 13:59:06,701 INFO c.h.h.t.HelmChartContainer - [hivemq-test-hivemq-platform] [hivemq-platform-operator] [12b7a3f9] 13:59:06.699 [pool-6-thread-3] DEBUG c.h.p.o.dependants.PodInfoConfigMap - [helmupgr] Desired PodInfo ConfigMap (extension state hash: -1316632550)
2025-01-29 13:59:06,703 INFO c.h.h.t.HelmChartContainer - [hivemq-test-hivemq-platform] [hivemq-platform-operator] [12b7a3f9] 13:59:06.702 [pool-6-thread-1] DEBUG c.h.p.o.d.PodServiceAccountResource - [helmupgr] Desired PodServiceAccountResource (serviceAccountName: hivemq-platform-pod-test-hivemq-platform)
2025-01-29 13:59:06,707 INFO c.h.h.t.HelmChartContainer - [hivemq-test-hivemq-platform] [hivemq-platform-operator] [12b7a3f9] 13:59:06.707 [pool-6-thread-5] DEBUG c.h.p.o.d.StatefulSetResource - [helmupgr] Desired StatefulSet (1 replicas) for status STARTING (READY)
2025-01-29 13:59:06,779 INFO c.h.h.t.HelmChartContainer - [hivemq-test-hivemq-platform] [hivemq-platform-operator] [12b7a3f9] 13:59:06.778 [ReconcilerExecutor-hivemq-controller-110] INFO  c.h.p.o.HiveMQPlatformReconciler - [helmupgr] Reconciling HiveMQ Platform 'test-hivemq-platform' in namespace 'helmupgradeextensionit'
2025-01-29 13:59:06,779 INFO c.h.h.t.HelmChartContainer - [hivemq-test-hivemq-platform] [hivemq-platform-operator] [12b7a3f9] 13:59:06.778 [ReconcilerExecutor-hivemq-controller-110] DEBUG c.h.p.o.HiveMQPlatformReconciler - [helmupgr] Custom Resource Status STARTING - HiveMQ Platform is starting (READY)
2025-01-29 13:59:06,779 INFO c.h.h.t.HelmChartContainer - [hivemq-test-hivemq-platform] [hivemq-platform-operator] [12b7a3f9] 13:59:06.778 [ReconcilerExecutor-hivemq-controller-110] DEBUG c.h.p.o.HiveMQPlatformReconciler - [helmupgr] Custom Resource Spec (replicas: 1) (extensions: 1)
2025-01-29 13:59:06,782 INFO c.h.h.t.HelmChartContainer - [hivemq-test-hivemq-platform] [hivemq-platform-operator] [12b7a3f9] 13:59:06.781 [ReconcilerExecutor-hivemq-controller-110] DEBUG c.h.p.o.HiveMQPlatformReconciler - [helmupgr] StatefulSet Status (revision: test-hivemq-platform-5b6c7575b6, replicas: 1, available: 0, ready: 0, current: 1, updated: 1)
2025-01-29 13:59:06,782 INFO c.h.h.t.HelmChartContainer - [hivemq-test-hivemq-platform] [hivemq-platform-operator] [12b7a3f9] 13:59:06.781 [ReconcilerExecutor-hivemq-controller-110] DEBUG c.h.p.o.HiveMQPlatformReconciler - [helmupgr] StatefulSet Spec (replicas: 1, init containers: 1, containers: 1, volumes: 4)
2025-01-29 13:59:06,784 INFO c.h.h.t.HelmChartContainer - [hivemq-test-hivemq-platform] [hivemq-platform-operator] [12b7a3f9] 13:59:06.783 [ReconcilerExecutor-hivemq-controller-110] DEBUG c.h.p.o.h.HiveMQPlatformReconcilerErrorHandler - [helmupgr] Pod 'test-hivemq-platform-0' phase Running
2025-01-29 13:59:06,785 INFO c.h.h.t.HelmChartContainer - [hivemq-test-hivemq-platform] [hivemq-platform-operator] [12b7a3f9] 13:59:06.784 [ReconcilerExecutor-hivemq-controller-110] INFO  c.h.p.o.h.HiveMQPlatformReconcilerBaseHandler - [helmupgr] HiveMQ Platform is starting, 0 of 1 replicas are ready
2025-01-29 13:59:07,929 INFO c.h.h.t.HelmChartContainer - [test-hivemq-platform] [hivemq] [8b808fb2] WARN  - [HiveMQ Platform Operator Init App 1.7.0-SNAPSHOT] Cannot connect to Health API for readiness: null
2025-01-29 13:59:07,939 INFO c.h.h.t.HelmChartContainer - [EVENT] Warning [Unhealthy] Readiness probe failed: HTTP probe failed with statuscode: 503 [helmupgradeextensionit:test-hivemq-platform-0]
2025-01-29 13:59:07,939 INFO c.h.h.t.HelmChartContainer - Received Unhealthy event for container hivemq in pod test-hivemq-platform-0 [8b808fb2-1e31-435d-8851-1ea8e19f9d2a]
2025-01-29 13:59:10,635 INFO c.h.h.t.HelmChartContainer - [test-hivemq-platform] [hivemq] [8b808fb2] Jan 29, 2025 1:59:10 PM io.vertx.core.impl.BlockedThreadChecker
2025-01-29 13:59:10,636 INFO c.h.h.t.HelmChartContainer - [test-hivemq-platform] [hivemq] [8b808fb2] WARNING: Thread Thread[vert.x-eventloop-thread-1,5,main] has been blocked for 2497 ms, time limit is 2000 ms
2025-01-29 13:59:11,034 INFO c.h.h.t.HelmChartContainer - [test-hivemq-platform] [hivemq] [8b808fb2] INFO  - [HiveMQ Platform Operator Init App 1.7.0-SNAPSHOT] Updating Pod HiveMQ Platform Operator Init App version annotation (version: 1.7.0-SNAPSHOT)
2025-01-29 13:59:11,745 INFO c.h.h.t.HelmChartContainer - [POD] test-hivemq-platform-0 [8b808fb2-1e31-435d-8851-1ea8e19f9d2a] in helmupgradeextensionit was MODIFIED
2025-01-29 13:59:11,752 INFO c.h.h.t.HelmChartContainer - [hivemq-test-hivemq-platform] [hivemq-platform-operator] [12b7a3f9] 13:59:11.748 [pool-6-thread-14] DEBUG c.h.p.o.d.PlatformServiceResource - [helmupgr] Desired Platform services (3 services)
2025-01-29 13:59:11,752 INFO c.h.h.t.HelmChartContainer - [hivemq-test-hivemq-platform] [hivemq-platform-operator] [12b7a3f9] 13:59:11.750 [pool-6-thread-15] DEBUG c.h.p.o.d.PodServiceAccountResource - [helmupgr] Desired PodServiceAccountResource (serviceAccountName: hivemq-platform-pod-test-hivemq-platform)
2025-01-29 13:59:11,753 INFO c.h.h.t.HelmChartContainer - [hivemq-test-hivemq-platform] [hivemq-platform-operator] [12b7a3f9] 13:59:11.751 [pool-6-thread-17] DEBUG c.h.p.o.dependants.PodInfoConfigMap - [helmupgr] Desired PodInfo ConfigMap (1 extensions) (1 enabled)
2025-01-29 13:59:11,753 INFO c.h.h.t.HelmChartContainer - [hivemq-test-hivemq-platform] [hivemq-platform-operator] [12b7a3f9] 13:59:11.752 [pool-6-thread-17] DEBUG c.h.p.o.dependants.PodInfoConfigMap - [helmupgr] Desired PodInfo ConfigMap (metrics port: 9399) (metrics path: /)
2025-01-29 13:59:11,753 INFO c.h.h.t.HelmChartContainer - [hivemq-test-hivemq-platform] [hivemq-platform-operator] [12b7a3f9] 13:59:11.752 [pool-6-thread-17] DEBUG c.h.p.o.dependants.PodInfoConfigMap - [helmupgr] Desired PodInfo ConfigMap (extension state hash: -1316632550)
2025-01-29 13:59:11,756 INFO c.h.h.t.HelmChartContainer - [hivemq-test-hivemq-platform] [hivemq-platform-operator] [12b7a3f9] 13:59:11.756 [pool-6-thread-14] DEBUG c.h.p.o.d.StatefulSetResource - [helmupgr] Desired StatefulSet (1 replicas) for status STARTING (READY)
2025-01-29 13:59:11,780 INFO c.h.h.t.HelmChartContainer - [hivemq-test-hivemq-platform] [hivemq-platform-operator] [12b7a3f9] 13:59:11.779 [ReconcilerExecutor-hivemq-controller-111] INFO  c.h.p.o.HiveMQPlatformReconciler - [helmupgr] Reconciling HiveMQ Platform 'test-hivemq-platform' in namespace 'helmupgradeextensionit'
2025-01-29 13:59:11,781 INFO c.h.h.t.HelmChartContainer - [hivemq-test-hivemq-platform] [hivemq-platform-operator] [12b7a3f9] 13:59:11.779 [ReconcilerExecutor-hivemq-controller-111] DEBUG c.h.p.o.HiveMQPlatformReconciler - [helmupgr] Custom Resource Status STARTING - HiveMQ Platform is starting (READY)
2025-01-29 13:59:11,781 INFO c.h.h.t.HelmChartContainer - [hivemq-test-hivemq-platform] [hivemq-platform-operator] [12b7a3f9] 13:59:11.779 [ReconcilerExecutor-hivemq-controller-111] DEBUG c.h.p.o.HiveMQPlatformReconciler - [helmupgr] Custom Resource Spec (replicas: 1) (extensions: 1)
2025-01-29 13:59:11,783 INFO c.h.h.t.HelmChartContainer - [hivemq-test-hivemq-platform] [hivemq-platform-operator] [12b7a3f9] 13:59:11.782 [ReconcilerExecutor-hivemq-controller-111] DEBUG c.h.p.o.HiveMQPlatformReconciler - [helmupgr] StatefulSet Status (revision: test-hivemq-platform-5b6c7575b6, replicas: 1, available: 0, ready: 0, current: 1, updated: 1)
2025-01-29 13:59:11,784 INFO c.h.h.t.HelmChartContainer - [hivemq-test-hivemq-platform] [hivemq-platform-operator] [12b7a3f9] 13:59:11.782 [ReconcilerExecutor-hivemq-controller-111] DEBUG c.h.p.o.HiveMQPlatformReconciler - [helmupgr] StatefulSet Spec (replicas: 1, init containers: 1, containers: 1, volumes: 4)
2025-01-29 13:59:11,785 INFO c.h.h.t.HelmChartContainer - [hivemq-test-hivemq-platform] [hivemq-platform-operator] [12b7a3f9] 13:59:11.784 [ReconcilerExecutor-hivemq-controller-111] DEBUG c.h.p.o.h.HiveMQPlatformReconcilerErrorHandler - [helmupgr] Pod 'test-hivemq-platform-0' phase Running
2025-01-29 13:59:11,787 INFO c.h.h.t.HelmChartContainer - [hivemq-test-hivemq-platform] [hivemq-platform-operator] [12b7a3f9] 13:59:11.785 [ReconcilerExecutor-hivemq-controller-111] INFO  c.h.p.o.h.HiveMQPlatformReconcilerBaseHandler - [helmupgr] HiveMQ Platform is starting, 0 of 1 replicas are ready
2025-01-29 13:59:11,833 INFO c.h.h.t.HelmChartContainer - [test-hivemq-platform] [hivemq] [8b808fb2] WARN  - [HiveMQ Platform Operator Init App 1.7.0-SNAPSHOT] Cannot connect to Health API for readiness: null
2025-01-29 13:59:11,836 INFO c.h.h.t.HelmChartContainer - [test-hivemq-platform] [hivemq] [8b808fb2] INFO  - [HiveMQ Platform Operator Init App 1.7.0-SNAPSHOT] Successfully updated Pod HiveMQ Platform Operator Init App version annotation (version: 1.7.0-SNAPSHOT)
2025-01-29 13:59:11,838 INFO c.h.h.t.HelmChartContainer - [EVENT] Warning [Unhealthy] Readiness probe failed: HTTP probe failed with statuscode: 503 [helmupgradeextensionit:test-hivemq-platform-0]
2025-01-29 13:59:11,838 INFO c.h.h.t.HelmChartContainer - Received Unhealthy event for container hivemq in pod test-hivemq-platform-0 [8b808fb2-1e31-435d-8851-1ea8e19f9d2a]
2025-01-29 13:59:16,749 INFO c.h.h.t.HelmChartContainer - [test-hivemq-platform] [hivemq] [8b808fb2] WARN  - [HiveMQ Platform Operator Init App 1.7.0-SNAPSHOT] Cannot connect to Health API for readiness: null
2025-01-29 13:59:16,755 INFO c.h.h.t.HelmChartContainer - [EVENT] Warning [Unhealthy] Readiness probe failed: HTTP probe failed with statuscode: 503 [helmupgradeextensionit:test-hivemq-platform-0]
2025-01-29 13:59:16,755 INFO c.h.h.t.HelmChartContainer - Received Unhealthy event for container hivemq in pod test-hivemq-platform-0 [8b808fb2-1e31-435d-8851-1ea8e19f9d2a]
2025-01-29 13:59:21,792 INFO c.h.h.t.HelmChartContainer - [hivemq-test-hivemq-platform] [hivemq-platform-operator] [12b7a3f9] 13:59:21.789 [pool-6-thread-22] DEBUG c.h.p.o.d.PlatformServiceResource - [helmupgr] Desired Platform services (3 services)
2025-01-29 13:59:21,793 INFO c.h.h.t.HelmChartContainer - [hivemq-test-hivemq-platform] [hivemq-platform-operator] [12b7a3f9] 13:59:21.791 [pool-6-thread-25] DEBUG c.h.p.o.d.PodServiceAccountResource - [helmupgr] Desired PodServiceAccountResource (serviceAccountName: hivemq-platform-pod-test-hivemq-platform)
2025-01-29 13:59:21,794 INFO c.h.h.t.HelmChartContainer - [hivemq-test-hivemq-platform] [hivemq-platform-operator] [12b7a3f9] 13:59:21.792 [pool-6-thread-26] DEBUG c.h.p.o.dependants.PodInfoConfigMap - [helmupgr] Desired PodInfo ConfigMap (1 extensions) (1 enabled)
2025-01-29 13:59:21,794 INFO c.h.h.t.HelmChartContainer - [hivemq-test-hivemq-platform] [hivemq-platform-operator] [12b7a3f9] 13:59:21.793 [pool-6-thread-26] DEBUG c.h.p.o.dependants.PodInfoConfigMap - [helmupgr] Desired PodInfo ConfigMap (metrics port: 9399) (metrics path: /)
2025-01-29 13:59:21,795 INFO c.h.h.t.HelmChartContainer - [hivemq-test-hivemq-platform] [hivemq-platform-operator] [12b7a3f9] 13:59:21.793 [pool-6-thread-26] DEBUG c.h.p.o.dependants.PodInfoConfigMap - [helmupgr] Desired PodInfo ConfigMap (extension state hash: -1316632550)
2025-01-29 13:59:21,799 INFO c.h.h.t.HelmChartContainer - [hivemq-test-hivemq-platform] [hivemq-platform-operator] [12b7a3f9] 13:59:21.798 [pool-6-thread-22] DEBUG c.h.p.o.d.StatefulSetResource - [helmupgr] Desired StatefulSet (1 replicas) for status STARTING (READY)
2025-01-29 13:59:21,804 INFO c.h.h.t.HelmChartContainer - [hivemq-test-hivemq-platform] [hivemq-platform-operator] [12b7a3f9] 13:59:21.803 [ReconcilerExecutor-hivemq-controller-112] INFO  c.h.p.o.HiveMQPlatformReconciler - [helmupgr] Reconciling HiveMQ Platform 'test-hivemq-platform' in namespace 'helmupgradeextensionit'
2025-01-29 13:59:21,804 INFO c.h.h.t.HelmChartContainer - [hivemq-test-hivemq-platform] [hivemq-platform-operator] [12b7a3f9] 13:59:21.804 [ReconcilerExecutor-hivemq-controller-112] DEBUG c.h.p.o.HiveMQPlatformReconciler - [helmupgr] Custom Resource Status STARTING - HiveMQ Platform is starting (READY)
2025-01-29 13:59:21,804 INFO c.h.h.t.HelmChartContainer - [hivemq-test-hivemq-platform] [hivemq-platform-operator] [12b7a3f9] 13:59:21.804 [ReconcilerExecutor-hivemq-controller-112] DEBUG c.h.p.o.HiveMQPlatformReconciler - [helmupgr] Custom Resource Spec (replicas: 1) (extensions: 1)
2025-01-29 13:59:21,833 INFO c.h.h.t.HelmChartContainer - [test-hivemq-platform] [hivemq] [8b808fb2] WARN  - [HiveMQ Platform Operator Init App 1.7.0-SNAPSHOT] Cannot connect to Health API for readiness: null
2025-01-29 13:59:21,838 INFO c.h.h.t.HelmChartContainer - [EVENT] Warning [Unhealthy] Readiness probe failed: HTTP probe failed with statuscode: 503 [helmupgradeextensionit:test-hivemq-platform-0]
2025-01-29 13:59:21,838 INFO c.h.h.t.HelmChartContainer - Received Unhealthy event for container hivemq in pod test-hivemq-platform-0 [8b808fb2-1e31-435d-8851-1ea8e19f9d2a]
2025-01-29 13:59:21,880 INFO c.h.h.t.HelmChartContainer - [hivemq-test-hivemq-platform] [hivemq-platform-operator] [12b7a3f9] 13:59:21.805 [ReconcilerExecutor-hivemq-controller-112] DEBUG c.h.p.o.HiveMQPlatformReconciler - [helmupgr] StatefulSet Status (revision: test-hivemq-platform-5b6c7575b6, replicas: 1, available: 0, ready: 0, current: 1, updated: 1)
2025-01-29 13:59:21,881 INFO c.h.h.t.HelmChartContainer - [hivemq-test-hivemq-platform] [hivemq-platform-operator] [12b7a3f9] 13:59:21.877 [ReconcilerExecutor-hivemq-controller-112] DEBUG c.h.p.o.HiveMQPlatformReconciler - [helmupgr] StatefulSet Spec (replicas: 1, init containers: 1, containers: 1, volumes: 4)
2025-01-29 13:59:21,882 INFO c.h.h.t.HelmChartContainer - [hivemq-test-hivemq-platform] [hivemq-platform-operator] [12b7a3f9] 13:59:21.879 [ReconcilerExecutor-hivemq-controller-112] DEBUG c.h.p.o.h.HiveMQPlatformReconcilerErrorHandler - [helmupgr] Pod 'test-hivemq-platform-0' phase Running
2025-01-29 13:59:21,882 INFO c.h.h.t.HelmChartContainer - [hivemq-test-hivemq-platform] [hivemq-platform-operator] [12b7a3f9] 13:59:21.880 [ReconcilerExecutor-hivemq-controller-112] INFO  c.h.p.o.h.HiveMQPlatformReconcilerBaseHandler - [helmupgr] HiveMQ Platform is starting, 0 of 1 replicas are ready
2025-01-29 13:59:23,327 INFO c.h.h.t.HelmChartContainer - [test-hivemq-platform] [hivemq] [8b808fb2] WARN  - [HiveMQ Platform Operator Init App 1.7.0-SNAPSHOT] Cannot connect to Health API for liveness: null
2025-01-29 13:59:23,327 INFO c.h.h.t.HelmChartContainer - [test-hivemq-platform] [hivemq] [8b808fb2] INFO  - [HiveMQ Platform Operator Init App 1.7.0-SNAPSHOT] Returning default Health API response 200 for liveness
2025-01-29 13:59:23,930 INFO c.h.h.t.HelmChartContainer - [test-hivemq-platform] [hivemq] [8b808fb2] INFO  - No valid license file found. Using trial license, restricted to 25 connections.
2025-01-29 13:59:26,831 INFO c.h.h.t.HelmChartContainer - [test-hivemq-platform] [hivemq] [8b808fb2] WARN  - [HiveMQ Platform Operator Init App 1.7.0-SNAPSHOT] Cannot connect to Health API for readiness: null
2025-01-29 13:59:26,836 INFO c.h.h.t.HelmChartContainer - [EVENT] Warning [Unhealthy] Readiness probe failed: HTTP probe failed with statuscode: 503 [helmupgradeextensionit:test-hivemq-platform-0]
2025-01-29 13:59:26,836 INFO c.h.h.t.HelmChartContainer - Received Unhealthy event for container hivemq in pod test-hivemq-platform-0 [8b808fb2-1e31-435d-8851-1ea8e19f9d2a]
2025-01-29 13:59:27,334 INFO c.h.h.t.HelmChartContainer - [test-hivemq-platform] [hivemq] [8b808fb2] INFO  - No valid license file for Data Hub found. Using free license, restricted to 1 policy.
2025-01-29 13:59:28,637 INFO c.h.h.t.HelmChartContainer - [test-hivemq-platform] [hivemq] [8b808fb2] INFO  - Audit Logger started.
2025-01-29 13:59:28,928 INFO c.h.h.t.HelmChartContainer - [test-hivemq-platform] [hivemq] [8b808fb2] INFO  - This node uses '1' CPU cores.
2025-01-29 13:59:28,932 INFO c.h.h.t.HelmChartContainer - [test-hivemq-platform] [hivemq] [8b808fb2] INFO  - Starting HiveMQ Health API on address 0.0.0.0 and port 8889
2025-01-29 13:59:29,166 INFO c.h.h.t.HelmChartContainer - [K3S] [info.go:53] Couldn't collect info from any of the files in "/etc/machine-id,/var/lib/dbus/machine-id"
2025-01-29 13:59:29,726 INFO c.h.h.t.HelmChartContainer - [test-hivemq-platform] [hivemq] [8b808fb2] INFO  - Started HiveMQ Health API in 794ms
2025-01-29 13:59:30,343 INFO c.h.h.t.HelmChartContainer - [test-hivemq-platform] [hivemq] [8b808fb2] INFO  - Starting HiveMQ extension system.
2025-01-29 13:59:31,888 INFO c.h.h.t.HelmChartContainer - [hivemq-test-hivemq-platform] [hivemq-platform-operator] [12b7a3f9] 13:59:31.884 [pool-6-thread-31] DEBUG c.h.p.o.d.PlatformServiceResource - [helmupgr] Desired Platform services (3 services)
2025-01-29 13:59:31,889 INFO c.h.h.t.HelmChartContainer - [hivemq-test-hivemq-platform] [hivemq-platform-operator] [12b7a3f9] 13:59:31.886 [pool-6-thread-34] DEBUG c.h.p.o.dependants.PodInfoConfigMap - [helmupgr] Desired PodInfo ConfigMap (1 extensions) (1 enabled)
2025-01-29 13:59:31,890 INFO c.h.h.t.HelmChartContainer - [hivemq-test-hivemq-platform] [hivemq-platform-operator] [12b7a3f9] 13:59:31.886 [pool-6-thread-34] DEBUG c.h.p.o.dependants.PodInfoConfigMap - [helmupgr] Desired PodInfo ConfigMap (metrics port: 9399) (metrics path: /)
2025-01-29 13:59:31,890 INFO c.h.h.t.HelmChartContainer - [hivemq-test-hivemq-platform] [hivemq-platform-operator] [12b7a3f9] 13:59:31.886 [pool-6-thread-34] DEBUG c.h.p.o.dependants.PodInfoConfigMap - [helmupgr] Desired PodInfo ConfigMap (extension state hash: -1316632550)
2025-01-29 13:59:31,890 INFO c.h.h.t.HelmChartContainer - [hivemq-test-hivemq-platform] [hivemq-platform-operator] [12b7a3f9] 13:59:31.886 [pool-6-thread-35] DEBUG c.h.p.o.d.PodServiceAccountResource - [helmupgr] Desired PodServiceAccountResource (serviceAccountName: hivemq-platform-pod-test-hivemq-platform)
2025-01-29 13:59:31,891 INFO c.h.h.t.HelmChartContainer - [hivemq-test-hivemq-platform] [hivemq-platform-operator] [12b7a3f9] 13:59:31.890 [pool-6-thread-33] DEBUG c.h.p.o.d.StatefulSetResource - [helmupgr] Desired StatefulSet (1 replicas) for status STARTING (READY)
2025-01-29 13:59:31,897 INFO c.h.h.t.HelmChartContainer - [hivemq-test-hivemq-platform] [hivemq-platform-operator] [12b7a3f9] 13:59:31.896 [ReconcilerExecutor-hivemq-controller-113] INFO  c.h.p.o.HiveMQPlatformReconciler - [helmupgr] Reconciling HiveMQ Platform 'test-hivemq-platform' in namespace 'helmupgradeextensionit'
2025-01-29 13:59:31,897 INFO c.h.h.t.HelmChartContainer - [hivemq-test-hivemq-platform] [hivemq-platform-operator] [12b7a3f9] 13:59:31.896 [ReconcilerExecutor-hivemq-controller-113] DEBUG c.h.p.o.HiveMQPlatformReconciler - [helmupgr] Custom Resource Status STARTING - HiveMQ Platform is starting (READY)
2025-01-29 13:59:31,897 INFO c.h.h.t.HelmChartContainer - [hivemq-test-hivemq-platform] [hivemq-platform-operator] [12b7a3f9] 13:59:31.896 [ReconcilerExecutor-hivemq-controller-113] DEBUG c.h.p.o.HiveMQPlatformReconciler - [helmupgr] Custom Resource Spec (replicas: 1) (extensions: 1)
2025-01-29 13:59:31,898 INFO c.h.h.t.HelmChartContainer - [hivemq-test-hivemq-platform] [hivemq-platform-operator] [12b7a3f9] 13:59:31.898 [ReconcilerExecutor-hivemq-controller-113] DEBUG c.h.p.o.HiveMQPlatformReconciler - [helmupgr] StatefulSet Status (revision: test-hivemq-platform-5b6c7575b6, replicas: 1, available: 0, ready: 0, current: 1, updated: 1)
2025-01-29 13:59:31,899 INFO c.h.h.t.HelmChartContainer - [hivemq-test-hivemq-platform] [hivemq-platform-operator] [12b7a3f9] 13:59:31.898 [ReconcilerExecutor-hivemq-controller-113] DEBUG c.h.p.o.HiveMQPlatformReconciler - [helmupgr] StatefulSet Spec (replicas: 1, init containers: 1, containers: 1, volumes: 4)
2025-01-29 13:59:31,901 INFO c.h.h.t.HelmChartContainer - [hivemq-test-hivemq-platform] [hivemq-platform-operator] [12b7a3f9] 13:59:31.900 [ReconcilerExecutor-hivemq-controller-113] DEBUG c.h.p.o.h.HiveMQPlatformReconcilerErrorHandler - [helmupgr] Pod 'test-hivemq-platform-0' phase Running
2025-01-29 13:59:31,979 INFO c.h.h.t.HelmChartContainer - [hivemq-test-hivemq-platform] [hivemq-platform-operator] [12b7a3f9] 13:59:31.978 [ReconcilerExecutor-hivemq-controller-113] INFO  c.h.p.o.h.HiveMQPlatformReconcilerBaseHandler - [helmupgr] HiveMQ Platform is starting, 0 of 1 replicas are ready
2025-01-29 13:59:32,789 INFO c.h.h.t.HelmChartContainer - [EVENT] Warning [Unhealthy] Readiness probe failed: Get "http://10.42.0.8:7979/readiness": context deadline exceeded (Client.Timeout exceeded while awaiting headers) [helmupgradeextensionit:test-hivemq-platform-0]
2025-01-29 13:59:32,790 INFO c.h.h.t.HelmChartContainer - Received Unhealthy event for container hivemq in pod test-hivemq-platform-0 [8b808fb2-1e31-435d-8851-1ea8e19f9d2a]
2025-01-29 13:59:32,928 INFO c.h.h.t.HelmChartContainer - [test-hivemq-platform] [hivemq] [8b808fb2] INFO  - [HiveMQ Platform Operator Init App 1.7.0-SNAPSHOT] Returning Health API response 503 for readiness
2025-01-29 13:59:33,233 INFO c.h.h.t.HelmChartContainer - [test-hivemq-platform] [hivemq] [8b808fb2] INFO  - No license found for enterprise extension with name "HiveMQ Enterprise Bridge Extension". Entering extension trial mode. "HiveMQ Enterprise Bridge Extension" will be disabled in 5 hours.
2025-01-29 13:59:33,516 INFO c.h.h.t.HelmChartContainer - [test-hivemq-platform] [hivemq] [8b808fb2] INFO  - Starting extension with id "hivemq-dns-cluster-discovery" at /opt/hivemq/extensions/hivemq-dns-cluster-discovery
2025-01-29 13:59:33,936 INFO c.h.h.t.HelmChartContainer - [test-hivemq-platform] [hivemq] [8b808fb2] INFO  - Using TCP cluster transport on address 10.42.0.8 and port 7000
2025-01-29 13:59:33,941 INFO c.h.h.t.HelmChartContainer - [test-hivemq-platform] [hivemq] [8b808fb2] INFO  - Using extension cluster discovery
2025-01-29 13:59:34,128 INFO c.h.h.t.HelmChartContainer - [test-hivemq-platform] [hivemq] [8b808fb2] INFO  - Extension "DNS Cluster Discovery Extension" version 4.3.2 started successfully.
2025-01-29 13:59:34,129 INFO c.h.h.t.HelmChartContainer - [test-hivemq-platform] [hivemq] [8b808fb2] INFO  - Starting extension with id "hivemq-bridge-extension" at /opt/hivemq/extensions/hivemq-bridge-extension
2025-01-29 13:59:34,840 INFO c.h.h.t.HelmChartContainer - [test-hivemq-platform] [hivemq] [8b808fb2] INFO  - HiveMQ Enterprise Bridge Extension: Successfully loaded configuration from '/opt/hivemq/extensions/hivemq-bridge-extension/conf/config.xml'.
2025-01-29 13:59:35,536 INFO c.h.h.t.HelmChartContainer - [test-hivemq-platform] [hivemq] [8b808fb2] INFO  - Bridge Extension: Connecting to remote brokers...
2025-01-29 13:59:36,753 INFO c.h.h.t.HelmChartContainer - [EVENT] Warning [Unhealthy] Readiness probe failed: HTTP probe failed with statuscode: 503 [helmupgradeextensionit:test-hivemq-platform-0]
2025-01-29 13:59:36,754 INFO c.h.h.t.HelmChartContainer - Received Unhealthy event for container hivemq in pod test-hivemq-platform-0 [8b808fb2-1e31-435d-8851-1ea8e19f9d2a]
2025-01-29 13:59:37,426 INFO c.h.h.t.HelmChartContainer - [test-hivemq-platform] [hivemq] [8b808fb2] INFO  - Gs7jf: no members discovered after 3001 ms: creating cluster as first member
2025-01-29 13:59:37,432 INFO c.h.h.t.HelmChartContainer - [test-hivemq-platform] [hivemq] [8b808fb2] INFO  - Cluster nodes found by discovery: [Gs7jf|0] (1) [Gs7jf].
2025-01-29 13:59:41,753 INFO c.h.h.t.HelmChartContainer - [EVENT] Warning [Unhealthy] Readiness probe failed: HTTP probe failed with statuscode: 503 [helmupgradeextensionit:test-hivemq-platform-0]
2025-01-29 13:59:41,754 INFO c.h.h.t.HelmChartContainer - Received Unhealthy event for container hivemq in pod test-hivemq-platform-0 [8b808fb2-1e31-435d-8851-1ea8e19f9d2a]
2025-01-29 13:59:41,982 INFO c.h.h.t.HelmChartContainer - [hivemq-test-hivemq-platform] [hivemq-platform-operator] [12b7a3f9] 13:59:41.981 [pool-6-thread-45] DEBUG c.h.p.o.d.PlatformServiceResource - [helmupgr] Desired Platform services (3 services)
2025-01-29 13:59:41,983 INFO c.h.h.t.HelmChartContainer - [hivemq-test-hivemq-platform] [hivemq-platform-operator] [12b7a3f9] 13:59:41.982 [pool-6-thread-42] DEBUG c.h.p.o.d.PodServiceAccountResource - [helmupgr] Desired PodServiceAccountResource (serviceAccountName: hivemq-platform-pod-test-hivemq-platform)
2025-01-29 13:59:41,985 INFO c.h.h.t.HelmChartContainer - [hivemq-test-hivemq-platform] [hivemq-platform-operator] [12b7a3f9] 13:59:41.984 [pool-6-thread-46] DEBUG c.h.p.o.dependants.PodInfoConfigMap - [helmupgr] Desired PodInfo ConfigMap (1 extensions) (1 enabled)
2025-01-29 13:59:41,986 INFO c.h.h.t.HelmChartContainer - [hivemq-test-hivemq-platform] [hivemq-platform-operator] [12b7a3f9] 13:59:41.985 [pool-6-thread-46] DEBUG c.h.p.o.dependants.PodInfoConfigMap - [helmupgr] Desired PodInfo ConfigMap (metrics port: 9399) (metrics path: /)
2025-01-29 13:59:41,987 INFO c.h.h.t.HelmChartContainer - [hivemq-test-hivemq-platform] [hivemq-platform-operator] [12b7a3f9] 13:59:41.985 [pool-6-thread-46] DEBUG c.h.p.o.dependants.PodInfoConfigMap - [helmupgr] Desired PodInfo ConfigMap (extension state hash: -1316632550)
2025-01-29 13:59:41,992 INFO c.h.h.t.HelmChartContainer - [hivemq-test-hivemq-platform] [hivemq-platform-operator] [12b7a3f9] 13:59:41.991 [pool-6-thread-48] DEBUG c.h.p.o.d.StatefulSetResource - [helmupgr] Desired StatefulSet (1 replicas) for status STARTING (READY)
2025-01-29 13:59:41,997 INFO c.h.h.t.HelmChartContainer - [hivemq-test-hivemq-platform] [hivemq-platform-operator] [12b7a3f9] 13:59:41.995 [ReconcilerExecutor-hivemq-controller-114] INFO  c.h.p.o.HiveMQPlatformReconciler - [helmupgr] Reconciling HiveMQ Platform 'test-hivemq-platform' in namespace 'helmupgradeextensionit'
2025-01-29 13:59:41,998 INFO c.h.h.t.HelmChartContainer - [hivemq-test-hivemq-platform] [hivemq-platform-operator] [12b7a3f9] 13:59:41.995 [ReconcilerExecutor-hivemq-controller-114] DEBUG c.h.p.o.HiveMQPlatformReconciler - [helmupgr] Custom Resource Status STARTING - HiveMQ Platform is starting (READY)
2025-01-29 13:59:41,999 INFO c.h.h.t.HelmChartContainer - [hivemq-test-hivemq-platform] [hivemq-platform-operator] [12b7a3f9] 13:59:41.995 [ReconcilerExecutor-hivemq-controller-114] DEBUG c.h.p.o.HiveMQPlatformReconciler - [helmupgr] Custom Resource Spec (replicas: 1) (extensions: 1)
2025-01-29 13:59:42,079 INFO c.h.h.t.HelmChartContainer - [hivemq-test-hivemq-platform] [hivemq-platform-operator] [12b7a3f9] 13:59:42.078 [ReconcilerExecutor-hivemq-controller-114] DEBUG c.h.p.o.HiveMQPlatformReconciler - [helmupgr] StatefulSet Status (revision: test-hivemq-platform-5b6c7575b6, replicas: 1, available: 0, ready: 0, current: 1, updated: 1)
2025-01-29 13:59:42,080 INFO c.h.h.t.HelmChartContainer - [hivemq-test-hivemq-platform] [hivemq-platform-operator] [12b7a3f9] 13:59:42.078 [ReconcilerExecutor-hivemq-controller-114] DEBUG c.h.p.o.HiveMQPlatformReconciler - [helmupgr] StatefulSet Spec (replicas: 1, init containers: 1, containers: 1, volumes: 4)
2025-01-29 13:59:42,081 INFO c.h.h.t.HelmChartContainer - [hivemq-test-hivemq-platform] [hivemq-platform-operator] [12b7a3f9] 13:59:42.080 [ReconcilerExecutor-hivemq-controller-114] DEBUG c.h.p.o.h.HiveMQPlatformReconcilerErrorHandler - [helmupgr] Pod 'test-hivemq-platform-0' phase Running
2025-01-29 13:59:42,082 INFO c.h.h.t.HelmChartContainer - [hivemq-test-hivemq-platform] [hivemq-platform-operator] [12b7a3f9] 13:59:42.081 [ReconcilerExecutor-hivemq-controller-114] INFO  c.h.p.o.h.HiveMQPlatformReconcilerBaseHandler - [helmupgr] HiveMQ Platform is starting, 0 of 1 replicas are ready
2025-01-29 13:59:45,949 INFO c.h.h.t.HelmChartContainer - [test-hivemq-platform] [hivemq] [8b808fb2] WARN  - Bridge Extension: Connect to bridge 'testbridge' failed for the 1 time, reason: connection timed out after 10000 ms: /172.17.0.3:1883
2025-01-29 13:59:45,949 INFO c.h.h.t.HelmChartContainer - [test-hivemq-platform] [hivemq] [8b808fb2] WARN  - Bridge Extension: Connect to bridge 'testbridge' failed for the 1 time, reason: connection timed out after 10000 ms: /172.17.0.3:1883
2025-01-29 13:59:46,754 INFO c.h.h.t.HelmChartContainer - [EVENT] Warning [Unhealthy] Readiness probe failed: HTTP probe failed with statuscode: 503 [helmupgradeextensionit:test-hivemq-platform-0]
2025-01-29 13:59:46,754 INFO c.h.h.t.HelmChartContainer - Received Unhealthy event for container hivemq in pod test-hivemq-platform-0 [8b808fb2-1e31-435d-8851-1ea8e19f9d2a]
2025-01-29 13:59:51,755 INFO c.h.h.t.HelmChartContainer - [EVENT] Warning [Unhealthy] Readiness probe failed: HTTP probe failed with statuscode: 503 [helmupgradeextensionit:test-hivemq-platform-0]
2025-01-29 13:59:51,755 INFO c.h.h.t.HelmChartContainer - Received Unhealthy event for container hivemq in pod test-hivemq-platform-0 [8b808fb2-1e31-435d-8851-1ea8e19f9d2a]
2025-01-29 13:59:52,088 INFO c.h.h.t.HelmChartContainer - [hivemq-test-hivemq-platform] [hivemq-platform-operator] [12b7a3f9] 13:59:52.085 [pool-6-thread-4] DEBUG c.h.p.o.d.PlatformServiceResource - [helmupgr] Desired Platform services (3 services)
2025-01-29 13:59:52,088 INFO c.h.h.t.HelmChartContainer - [hivemq-test-hivemq-platform] [hivemq-platform-operator] [12b7a3f9] 13:59:52.086 [pool-6-thread-3] DEBUG c.h.p.o.dependants.PodInfoConfigMap - [helmupgr] Desired PodInfo ConfigMap (1 extensions) (1 enabled)
2025-01-29 13:59:52,088 INFO c.h.h.t.HelmChartContainer - [hivemq-test-hivemq-platform] [hivemq-platform-operator] [12b7a3f9] 13:59:52.086 [pool-6-thread-3] DEBUG c.h.p.o.dependants.PodInfoConfigMap - [helmupgr] Desired PodInfo ConfigMap (metrics port: 9399) (metrics path: /)
2025-01-29 13:59:52,090 INFO c.h.h.t.HelmChartContainer - [hivemq-test-hivemq-platform] [hivemq-platform-operator] [12b7a3f9] 13:59:52.087 [pool-6-thread-9] DEBUG c.h.p.o.d.PodServiceAccountResource - [helmupgr] Desired PodServiceAccountResource (serviceAccountName: hivemq-platform-pod-test-hivemq-platform)
2025-01-29 13:59:52,090 INFO c.h.h.t.HelmChartContainer - [hivemq-test-hivemq-platform] [hivemq-platform-operator] [12b7a3f9] 13:59:52.086 [pool-6-thread-3] DEBUG c.h.p.o.dependants.PodInfoConfigMap - [helmupgr] Desired PodInfo ConfigMap (extension state hash: -1316632550)
2025-01-29 13:59:52,093 INFO c.h.h.t.HelmChartContainer - [hivemq-test-hivemq-platform] [hivemq-platform-operator] [12b7a3f9] 13:59:52.093 [pool-6-thread-4] DEBUG c.h.p.o.d.StatefulSetResource - [helmupgr] Desired StatefulSet (1 replicas) for status STARTING (READY)
2025-01-29 13:59:52,097 INFO c.h.h.t.HelmChartContainer - [hivemq-test-hivemq-platform] [hivemq-platform-operator] [12b7a3f9] 13:59:52.096 [ReconcilerExecutor-hivemq-controller-115] INFO  c.h.p.o.HiveMQPlatformReconciler - [helmupgr] Reconciling HiveMQ Platform 'test-hivemq-platform' in namespace 'helmupgradeextensionit'
2025-01-29 13:59:52,098 INFO c.h.h.t.HelmChartContainer - [hivemq-test-hivemq-platform] [hivemq-platform-operator] [12b7a3f9] 13:59:52.096 [ReconcilerExecutor-hivemq-controller-115] DEBUG c.h.p.o.HiveMQPlatformReconciler - [helmupgr] Custom Resource Status STARTING - HiveMQ Platform is starting (READY)
2025-01-29 13:59:52,098 INFO c.h.h.t.HelmChartContainer - [hivemq-test-hivemq-platform] [hivemq-platform-operator] [12b7a3f9] 13:59:52.096 [ReconcilerExecutor-hivemq-controller-115] DEBUG c.h.p.o.HiveMQPlatformReconciler - [helmupgr] Custom Resource Spec (replicas: 1) (extensions: 1)
2025-01-29 13:59:52,099 INFO c.h.h.t.HelmChartContainer - [hivemq-test-hivemq-platform] [hivemq-platform-operator] [12b7a3f9] 13:59:52.098 [ReconcilerExecutor-hivemq-controller-115] DEBUG c.h.p.o.HiveMQPlatformReconciler - [helmupgr] StatefulSet Status (revision: test-hivemq-platform-5b6c7575b6, replicas: 1, available: 0, ready: 0, current: 1, updated: 1)
2025-01-29 13:59:52,100 INFO c.h.h.t.HelmChartContainer - [hivemq-test-hivemq-platform] [hivemq-platform-operator] [12b7a3f9] 13:59:52.098 [ReconcilerExecutor-hivemq-controller-115] DEBUG c.h.p.o.HiveMQPlatformReconciler - [helmupgr] StatefulSet Spec (replicas: 1, init containers: 1, containers: 1, volumes: 4)
2025-01-29 13:59:52,101 INFO c.h.h.t.HelmChartContainer - [hivemq-test-hivemq-platform] [hivemq-platform-operator] [12b7a3f9] 13:59:52.099 [ReconcilerExecutor-hivemq-controller-115] DEBUG c.h.p.o.h.HiveMQPlatformReconcilerErrorHandler - [helmupgr] Pod 'test-hivemq-platform-0' phase Running
2025-01-29 13:59:52,101 INFO c.h.h.t.HelmChartContainer - [hivemq-test-hivemq-platform] [hivemq-platform-operator] [12b7a3f9] 13:59:52.100 [ReconcilerExecutor-hivemq-controller-115] INFO  c.h.p.o.h.HiveMQPlatformReconcilerBaseHandler - [helmupgr] HiveMQ Platform is starting, 0 of 1 replicas are ready
2025-01-29 13:59:53,318 INFO c.h.h.t.HelmChartContainer - [test-hivemq-platform] [hivemq] [8b808fb2] INFO  - [HiveMQ Platform Operator Init App 1.7.0-SNAPSHOT] Returning Health API response 200 for liveness
2025-01-29 13:59:56,753 INFO c.h.h.t.HelmChartContainer - [EVENT] Warning [Unhealthy] Readiness probe failed: HTTP probe failed with statuscode: 503 [helmupgradeextensionit:test-hivemq-platform-0]
2025-01-29 13:59:56,754 INFO c.h.h.t.HelmChartContainer - Received Unhealthy event for container hivemq in pod test-hivemq-platform-0 [8b808fb2-1e31-435d-8851-1ea8e19f9d2a]
2025-01-29 13:59:57,561 INFO c.h.h.t.HelmChartContainer - [test-hivemq-platform] [hivemq] [8b808fb2] WARN  - Bridge Extension: Connect to bridge 'testbridge' failed for the 2 time, reason: connection timed out after 10000 ms: /172.17.0.3:1883
2025-01-29 13:59:58,296 INFO c.h.h.t.HelmChartContainer - [test-hivemq-platform] [hivemq] [8b808fb2] WARN  - Bridge Extension: Connect to bridge 'testbridge' failed for the 2 time, reason: connection timed out after 10000 ms: /172.17.0.3:1883
2025-01-29 13:59:58,297 INFO c.h.h.t.HelmChartContainer - [test-hivemq-platform] [hivemq] [8b808fb2] WARN  - Bridge Extension: Not all clients could connect successfully to remote brokers. The clients will retry the connection.
2025-01-29 13:59:58,332 INFO c.h.h.t.HelmChartContainer - [test-hivemq-platform] [hivemq] [8b808fb2] INFO  - Extension "HiveMQ Enterprise Bridge Extension" version 4.36.0 started successfully.
2025-01-29 13:59:58,332 INFO c.h.h.testcontainer.LogWaiterUtil - TEST Found log pattern on 'test-hivemq-platform-0': .*Extension "HiveMQ Enterprise Bridge Extension" version .* started successfully.
2025-01-29 13:59:58,332 INFO c.h.h.t.HelmChartContainer - [test-hivemq-platform] [hivemq] [8b808fb2] INFO  - Starting extension with id "hivemq-prometheus-extension" at /opt/hivemq/extensions/hivemq-prometheus-extension
2025-01-29 13:59:58,726 INFO c.h.h.t.HelmChartContainer - [test-hivemq-platform] [hivemq] [8b808fb2] INFO  - Started Jetty Server exposing Prometheus Servlet on URI http://0.0.0.0:9399/
2025-01-29 13:59:58,727 INFO c.h.h.t.HelmChartContainer - [test-hivemq-platform] [hivemq] [8b808fb2] INFO  - Extension "Prometheus Monitoring Extension" version 4.0.12 started successfully.
2025-01-29 13:59:58,728 INFO c.h.h.t.HelmChartContainer - [test-hivemq-platform] [hivemq] [8b808fb2] INFO  - Starting extension with id "hivemq-allow-all-extension" at /opt/hivemq/extensions/hivemq-allow-all-extension
2025-01-29 13:59:58,728 INFO c.h.h.t.HelmChartContainer - [test-hivemq-platform] [hivemq] [8b808fb2] WARN  - 
2025-01-29 13:59:58,728 INFO c.h.h.t.HelmChartContainer - [test-hivemq-platform] [hivemq] [8b808fb2] ################################################################################################################
2025-01-29 13:59:58,728 INFO c.h.h.t.HelmChartContainer - [test-hivemq-platform] [hivemq] [8b808fb2] # This HiveMQ deployment is not secure! You are lacking Authentication and Authorization.                      #
2025-01-29 13:59:58,728 INFO c.h.h.t.HelmChartContainer - [test-hivemq-platform] [hivemq] [8b808fb2] # Right now any MQTT client can connect to the broker with a full set of permissions.                          #
2025-01-29 13:59:58,728 INFO c.h.h.t.HelmChartContainer - [test-hivemq-platform] [hivemq] [8b808fb2] # For production usage, add an appropriate security extension and remove the hivemq-allow-all extension.       #
2025-01-29 13:59:58,728 INFO c.h.h.t.HelmChartContainer - [test-hivemq-platform] [hivemq] [8b808fb2] # You can download security extensions from the HiveMQ Marketplace (https://www.hivemq.com/extensions/).       #
2025-01-29 13:59:58,728 INFO c.h.h.t.HelmChartContainer - [test-hivemq-platform] [hivemq] [8b808fb2] ################################################################################################################
2025-01-29 13:59:58,728 INFO c.h.h.t.HelmChartContainer - [test-hivemq-platform] [hivemq] [8b808fb2] INFO  - Extension "Allow All Extension" version 1.1.1 started successfully.
2025-01-29 13:59:58,728 INFO c.h.h.t.HelmChartContainer - [test-hivemq-platform] [hivemq] [8b808fb2] WARN  - No user for HiveMQ Control Center configured. Starting with default user
2025-01-29 13:59:58,728 INFO c.h.h.t.HelmChartContainer - [test-hivemq-platform] [hivemq] [8b808fb2] INFO  - Starting HiveMQ Control Center on address 0.0.0.0 and port 8080
2025-01-29 13:59:58,748 INFO c.h.h.t.HelmChartContainer - [test-hivemq-platform] [hivemq] [8b808fb2] INFO  - Mounting HiveMQ Control Center V2 Preview
2025-01-29 13:59:59,326 INFO c.h.h.t.HelmChartContainer - [test-hivemq-platform] [hivemq] [8b808fb2] INFO  - Started HiveMQ Control Center in 599ms
2025-01-29 13:59:59,341 INFO c.h.h.t.HelmChartContainer - [test-hivemq-platform] [hivemq] [8b808fb2] INFO  - Starting TCP listener on address 0.0.0.0 and port 1883
2025-01-29 13:59:59,433 INFO c.h.h.t.HelmChartContainer - [test-hivemq-platform] [hivemq] [8b808fb2] INFO  - Started TCP Listener on address 0.0.0.0 and on port 1883.
2025-01-29 13:59:59,433 INFO c.h.h.t.HelmChartContainer - [test-hivemq-platform] [hivemq] [8b808fb2] INFO  - Started HiveMQ in 55606ms
2025-01-29 14:00:01,751 INFO c.h.h.t.HelmChartContainer - [test-hivemq-platform] [hivemq] [8b808fb2] INFO  - [HiveMQ Platform Operator Init App 1.7.0-SNAPSHOT] Returning Health API response 200 for readiness
2025-01-29 14:00:01,764 INFO c.h.h.t.HelmChartContainer - [POD] test-hivemq-platform-0 [8b808fb2-1e31-435d-8851-1ea8e19f9d2a] in helmupgradeextensionit was MODIFIED
2025-01-29 14:00:01,778 INFO c.h.h.t.HelmChartContainer - [hivemq-test-hivemq-platform] [hivemq-platform-operator] [12b7a3f9] 14:00:01.776 [pool-6-thread-11] DEBUG c.h.p.o.d.PodServiceAccountResource - [helmupgr] Desired PodServiceAccountResource (serviceAccountName: hivemq-platform-pod-test-hivemq-platform)
2025-01-29 14:00:01,779 INFO c.h.h.t.HelmChartContainer - [hivemq-test-hivemq-platform] [hivemq-platform-operator] [12b7a3f9] 14:00:01.775 [pool-6-thread-19] DEBUG c.h.p.o.dependants.PodInfoConfigMap - [helmupgr] Desired PodInfo ConfigMap (1 extensions) (1 enabled)
2025-01-29 14:00:01,779 INFO c.h.h.t.HelmChartContainer - [hivemq-test-hivemq-platform] [hivemq-platform-operator] [12b7a3f9] 14:00:01.776 [pool-6-thread-19] DEBUG c.h.p.o.dependants.PodInfoConfigMap - [helmupgr] Desired PodInfo ConfigMap (metrics port: 9399) (metrics path: /)
2025-01-29 14:00:01,779 INFO c.h.h.t.HelmChartContainer - [hivemq-test-hivemq-platform] [hivemq-platform-operator] [12b7a3f9] 14:00:01.776 [pool-6-thread-19] DEBUG c.h.p.o.dependants.PodInfoConfigMap - [helmupgr] Desired PodInfo ConfigMap (extension state hash: -1316632550)
2025-01-29 14:00:01,791 INFO c.h.h.t.HelmChartContainer - [hivemq-test-hivemq-platform] [hivemq-platform-operator] [12b7a3f9] 14:00:01.781 [pool-6-thread-16] DEBUG c.h.p.o.d.PlatformServiceResource - [helmupgr] Desired Platform services (3 services)
2025-01-29 14:00:01,791 INFO c.h.h.t.HelmChartContainer - [hivemq-test-hivemq-platform] [hivemq-platform-operator] [12b7a3f9] 14:00:01.787 [pool-6-thread-16] DEBUG c.h.p.o.d.StatefulSetResource - [helmupgr] Desired StatefulSet (1 replicas) for status STARTING (READY)
2025-01-29 14:00:01,806 INFO c.h.h.t.HelmChartContainer - [hivemq-test-hivemq-platform] [hivemq-platform-operator] [12b7a3f9] 14:00:01.791 [ReconcilerExecutor-hivemq-controller-116] INFO  c.h.p.o.HiveMQPlatformReconciler - [helmupgr] Reconciling HiveMQ Platform 'test-hivemq-platform' in namespace 'helmupgradeextensionit'
2025-01-29 14:00:01,806 INFO c.h.h.t.HelmChartContainer - [hivemq-test-hivemq-platform] [hivemq-platform-operator] [12b7a3f9] 14:00:01.791 [ReconcilerExecutor-hivemq-controller-116] DEBUG c.h.p.o.HiveMQPlatformReconciler - [helmupgr] Custom Resource Status STARTING - HiveMQ Platform is starting (READY)
2025-01-29 14:00:01,806 INFO c.h.h.t.HelmChartContainer - [hivemq-test-hivemq-platform] [hivemq-platform-operator] [12b7a3f9] 14:00:01.791 [ReconcilerExecutor-hivemq-controller-116] DEBUG c.h.p.o.HiveMQPlatformReconciler - [helmupgr] Custom Resource Spec (replicas: 1) (extensions: 1)
2025-01-29 14:00:01,806 INFO c.h.h.t.HelmChartContainer - [hivemq-test-hivemq-platform] [hivemq-platform-operator] [12b7a3f9] 14:00:01.794 [ReconcilerExecutor-hivemq-controller-116] DEBUG c.h.p.o.HiveMQPlatformReconciler - [helmupgr] StatefulSet Status (revision: test-hivemq-platform-5b6c7575b6, replicas: 1, available: 0, ready: 0, current: 1, updated: 1)
2025-01-29 14:00:01,806 INFO c.h.h.t.HelmChartContainer - [hivemq-test-hivemq-platform] [hivemq-platform-operator] [12b7a3f9] 14:00:01.794 [ReconcilerExecutor-hivemq-controller-116] DEBUG c.h.p.o.HiveMQPlatformReconciler - [helmupgr] StatefulSet Spec (replicas: 1, init containers: 1, containers: 1, volumes: 4)
2025-01-29 14:00:01,806 INFO c.h.h.t.HelmChartContainer - [hivemq-test-hivemq-platform] [hivemq-platform-operator] [12b7a3f9] 14:00:01.796 [ReconcilerExecutor-hivemq-controller-116] DEBUG c.h.p.o.h.HiveMQPlatformReconcilerErrorHandler - [helmupgr] Pod 'test-hivemq-platform-0' phase Running
2025-01-29 14:00:01,806 INFO c.h.h.t.HelmChartContainer - [hivemq-test-hivemq-platform] [hivemq-platform-operator] [12b7a3f9] 14:00:01.797 [ReconcilerExecutor-hivemq-controller-116] INFO  c.h.p.o.h.HiveMQPlatformReconcilerBaseHandler - [helmupgr] HiveMQ Platform is starting, 0 of 1 replicas are ready
2025-01-29 14:00:01,884 INFO c.h.h.t.HelmChartContainer - [hivemq-test-hivemq-platform] [hivemq-platform-operator] [12b7a3f9] 14:00:01.879 [pool-6-thread-24] DEBUG c.h.p.o.d.PlatformServiceResource - [helmupgr] Desired Platform services (3 services)
2025-01-29 14:00:01,886 INFO c.h.h.t.HelmChartContainer - [hivemq-test-hivemq-platform] [hivemq-platform-operator] [12b7a3f9] 14:00:01.883 [pool-6-thread-27] DEBUG c.h.p.o.d.PodServiceAccountResource - [helmupgr] Desired PodServiceAccountResource (serviceAccountName: hivemq-platform-pod-test-hivemq-platform)
2025-01-29 14:00:01,887 INFO c.h.h.t.HelmChartContainer - [hivemq-test-hivemq-platform] [hivemq-platform-operator] [12b7a3f9] 14:00:01.884 [pool-6-thread-23] DEBUG c.h.p.o.dependants.PodInfoConfigMap - [helmupgr] Desired PodInfo ConfigMap (1 extensions) (1 enabled)
2025-01-29 14:00:01,887 INFO c.h.h.t.HelmChartContainer - [hivemq-test-hivemq-platform] [hivemq-platform-operator] [12b7a3f9] 14:00:01.884 [pool-6-thread-23] DEBUG c.h.p.o.dependants.PodInfoConfigMap - [helmupgr] Desired PodInfo ConfigMap (metrics port: 9399) (metrics path: /)
2025-01-29 14:00:01,887 INFO c.h.h.t.HelmChartContainer - [hivemq-test-hivemq-platform] [hivemq-platform-operator] [12b7a3f9] 14:00:01.884 [pool-6-thread-23] DEBUG c.h.p.o.dependants.PodInfoConfigMap - [helmupgr] Desired PodInfo ConfigMap (extension state hash: -1316632550)
2025-01-29 14:00:01,888 INFO c.h.h.t.HelmChartContainer - [hivemq-test-hivemq-platform] [hivemq-platform-operator] [12b7a3f9] 14:00:01.887 [pool-6-thread-21] DEBUG c.h.p.o.d.StatefulSetResource - [helmupgr] Desired StatefulSet (1 replicas) for status STARTING (READY)
2025-01-29 14:00:01,892 INFO c.h.h.t.HelmChartContainer - [hivemq-test-hivemq-platform] [hivemq-platform-operator] [12b7a3f9] 14:00:01.891 [ReconcilerExecutor-hivemq-controller-117] INFO  c.h.p.o.HiveMQPlatformReconciler - [helmupgr] Reconciling HiveMQ Platform 'test-hivemq-platform' in namespace 'helmupgradeextensionit'
2025-01-29 14:00:01,893 INFO c.h.h.t.HelmChartContainer - [hivemq-test-hivemq-platform] [hivemq-platform-operator] [12b7a3f9] 14:00:01.891 [ReconcilerExecutor-hivemq-controller-117] DEBUG c.h.p.o.HiveMQPlatformReconciler - [helmupgr] Custom Resource Status STARTING - HiveMQ Platform is starting (READY)
2025-01-29 14:00:01,893 INFO c.h.h.t.HelmChartContainer - [hivemq-test-hivemq-platform] [hivemq-platform-operator] [12b7a3f9] 14:00:01.891 [ReconcilerExecutor-hivemq-controller-117] DEBUG c.h.p.o.HiveMQPlatformReconciler - [helmupgr] Custom Resource Spec (replicas: 1) (extensions: 1)
2025-01-29 14:00:01,977 INFO c.h.h.t.HelmChartContainer - [hivemq-test-hivemq-platform] [hivemq-platform-operator] [12b7a3f9] 14:00:01.976 [ReconcilerExecutor-hivemq-controller-117] DEBUG c.h.p.o.HiveMQPlatformReconciler - [helmupgr] StatefulSet Status (revision: test-hivemq-platform-5b6c7575b6, replicas: 1, available: 1, ready: 1, current: 1, updated: 1)
2025-01-29 14:00:01,977 INFO c.h.h.t.HelmChartContainer - [hivemq-test-hivemq-platform] [hivemq-platform-operator] [12b7a3f9] 14:00:01.976 [ReconcilerExecutor-hivemq-controller-117] DEBUG c.h.p.o.HiveMQPlatformReconciler - [helmupgr] StatefulSet Spec (replicas: 1, init containers: 1, containers: 1, volumes: 4)
2025-01-29 14:00:01,979 INFO c.h.h.t.HelmChartContainer - [hivemq-test-hivemq-platform] [hivemq-platform-operator] [12b7a3f9] 14:00:01.978 [ReconcilerExecutor-hivemq-controller-117] DEBUG c.h.p.o.h.HiveMQPlatformReconcilerErrorHandler - [helmupgr] Pod 'test-hivemq-platform-0' phase Running
2025-01-29 14:00:01,980 INFO c.h.h.t.HelmChartContainer - [hivemq-test-hivemq-platform] [hivemq-platform-operator] [12b7a3f9] 14:00:01.979 [ReconcilerExecutor-hivemq-controller-117] INFO  c.h.p.o.h.HiveMQPlatformReconcilerBaseHandler - [helmupgr] HiveMQ Platform started successfully
2025-01-29 14:00:02,083 INFO c.h.h.t.HelmChartContainer - [hivemq-test-hivemq-platform] [hivemq-platform-operator] [12b7a3f9] 14:00:02.082 [ReconcilerExecutor-hivemq-controller-117] DEBUG c.h.p.operator.event.EventSender - [helmupgr] Creating K8s event hivemq-platform-ready: [Ready] HiveMQ Platform is ready
2025-01-29 14:00:02,088 INFO c.h.h.t.HelmChartContainer - [EVENT] Normal [Ready] HiveMQ Platform is ready [helmupgradeextensionit:test-hivemq-platform]
2025-01-29 14:00:02,090 INFO c.h.h.t.HelmChartContainer - [hivemq-test-hivemq-platform] [hivemq-platform-operator] [12b7a3f9] 14:00:02.088 [ReconcilerExecutor-hivemq-controller-117] INFO  c.h.p.o.h.AbstractHiveMQReconcilerStateHandler - [helmupgr] Update HiveMQ Platform Status (STARTING [READY] -> RUNNING [READY]): HiveMQ Platform is ready
2025-01-29 14:00:02,100 DEBUG com.hivemq.helmcharts.util.K8sUtil - Comparing actual state 'RUNNING' and waiting for 'RUNNING'
2025-01-29 14:00:06,114 INFO c.h.h.testcontainer.LogWaiterUtil - TEST Waiting for log pattern on 'test-hivemq-platform-0': .*\[HiveMQ Platform Operator Init App [A-Z0-9.-]+\] Successfully enabled extension hivemq-bridge-extension
2025-01-29 14:00:06,114 INFO c.h.h.testcontainer.LogWaiterUtil - TEST Waiting for log pattern on 'test-hivemq-platform-0': .*Extension "HiveMQ Enterprise Bridge Extension" version .* started successfully.
2025-01-29 14:00:06,176 DEBUG c.h.h.t.HelmChartContainer - Executing helm command: /bin/helm --kubeconfig /etc/rancher/k3s/k3s.yaml upgrade test-hivemq-platform /charts/hivemq-platform --wait --timeout 5m0s --set image.repository=docker.io/hivemq --set image.tag=4.36.0 --set image.pullPolicy=Never --set nodes.resources.cpu=512m -f /files/bridge-updated-values.yaml --namespace helmupgradeextensionit
2025-01-29 14:00:06,509 INFO c.h.h.t.HelmChartContainer - [hivemq-test-hivemq-platform] [hivemq-platform-operator] [12b7a3f9] 14:00:06.506 [pool-6-thread-36] DEBUG c.h.p.o.d.PlatformServiceResource - [helmupgr] Desired Platform services (3 services)
2025-01-29 14:00:06,510 INFO c.h.h.t.HelmChartContainer - [hivemq-test-hivemq-platform] [hivemq-platform-operator] [12b7a3f9] 14:00:06.509 [pool-6-thread-37] DEBUG c.h.p.o.dependants.PodInfoConfigMap - [helmupgr] Desired PodInfo ConfigMap (1 extensions) (1 enabled)
2025-01-29 14:00:06,511 INFO c.h.h.t.HelmChartContainer - [hivemq-test-hivemq-platform] [hivemq-platform-operator] [12b7a3f9] 14:00:06.509 [pool-6-thread-37] DEBUG c.h.p.o.dependants.PodInfoConfigMap - [helmupgr] Desired PodInfo ConfigMap (metrics port: 9399) (metrics path: /)
2025-01-29 14:00:06,511 INFO c.h.h.t.HelmChartContainer - [hivemq-test-hivemq-platform] [hivemq-platform-operator] [12b7a3f9] 14:00:06.509 [pool-6-thread-37] DEBUG c.h.p.o.dependants.PodInfoConfigMap - [helmupgr] Desired PodInfo ConfigMap (extension state hash: -787112544)
2025-01-29 14:00:06,511 INFO c.h.h.t.HelmChartContainer - [hivemq-test-hivemq-platform] [hivemq-platform-operator] [12b7a3f9] 14:00:06.509 [pool-6-thread-32] DEBUG c.h.p.o.d.PodServiceAccountResource - [helmupgr] Desired PodServiceAccountResource (serviceAccountName: hivemq-platform-pod-test-hivemq-platform)
2025-01-29 14:00:06,514 INFO c.h.h.t.HelmChartContainer - [hivemq-test-hivemq-platform] [hivemq-platform-operator] [12b7a3f9] 14:00:06.509 [pool-6-thread-37] DEBUG c.h.p.o.dependants.PodInfoConfigMap - [helmupgr] Update PodInfo ConfigMap
2025-01-29 14:00:06,515 INFO c.h.h.t.HelmChartContainer - [hivemq-test-hivemq-platform] [hivemq-platform-operator] [12b7a3f9] 14:00:06.513 [pool-6-thread-37] DEBUG c.h.p.o.dependants.PodInfoConfigMap - [helmupgr] Detected change in configuration of extension 'hivemq-bridge-extension' ({skip-https-hostname-verification=false, restart=true, config-version=829, header-version=0, c-uri=, uri=preinstalled, skip-https-certificate-validation=false, enabled=true} -> {skip-https-hostname-verification=false, restart=true, config-version=933, header-version=0, c-uri=, uri=preinstalled, skip-https-certificate-validation=false, enabled=true})
2025-01-29 14:00:06,515 INFO c.h.h.t.HelmChartContainer - [hivemq-test-hivemq-platform] [hivemq-platform-operator] [12b7a3f9] 14:00:06.513 [pool-6-thread-37] INFO  c.h.p.o.dependants.PodInfoConfigMap - [helmupgr] Extension configuration was updated, restarting extensions: [hivemq-bridge-extension]
2025-01-29 14:00:06,581 INFO c.h.h.t.HelmChartContainer - [hivemq-test-hivemq-platform] [hivemq-platform-operator] [12b7a3f9] 14:00:06.580 [pool-6-thread-37] DEBUG c.h.p.o.d.StatefulSetResource - [helmupgr] Desired StatefulSet (1 replicas) for status RUNNING (READY)
2025-01-29 14:00:06,592 INFO c.h.h.t.HelmChartContainer - [hivemq-test-hivemq-platform] [hivemq-platform-operator] [12b7a3f9] 14:00:06.590 [pool-6-thread-37] DEBUG c.h.p.o.d.StatefulSetResource - [helmupgr] Update StatefulSet (replicas: 1 -> 1)
2025-01-29 14:00:06,688 INFO c.h.h.t.HelmChartContainer - [hivemq-test-hivemq-platform] [hivemq-platform-operator] [12b7a3f9] 14:00:06.681 [pool-6-thread-37] DEBUG c.h.p.o.d.StatefulSetResource - [helmupgr] Detected change in StatefulSet specification (path: /template/spec/volumes/2/configMap/name) (actual value: "test-bridge-configuration") (target value: "updated-test-bridge-configuration")
2025-01-29 14:00:06,689 INFO c.h.h.t.HelmChartContainer - [hivemq-test-hivemq-platform] [hivemq-platform-operator] [12b7a3f9] 14:00:06.688 [pool-6-thread-37] INFO  c.h.p.o.d.StatefulSetResource - [helmupgr] StatefulSet spec was updated, triggering rolling restart
2025-01-29 14:00:06,697 DEBUG com.hivemq.helmcharts.util.K8sUtil - Comparing actual state 'RUNNING' and waiting for 'ROLLING_RESTART'
2025-01-29 14:00:06,785 INFO c.h.h.t.HelmChartContainer - [hivemq-test-hivemq-platform] [hivemq-platform-operator] [12b7a3f9] 14:00:06.784 [ReconcilerExecutor-hivemq-controller-118] INFO  c.h.p.o.HiveMQPlatformReconciler - [helmupgr] Reconciling HiveMQ Platform 'test-hivemq-platform' in namespace 'helmupgradeextensionit'
2025-01-29 14:00:06,787 INFO c.h.h.t.HelmChartContainer - [hivemq-test-hivemq-platform] [hivemq-platform-operator] [12b7a3f9] 14:00:06.784 [ReconcilerExecutor-hivemq-controller-118] DEBUG c.h.p.o.HiveMQPlatformReconciler - [helmupgr] Custom Resource Status RUNNING - HiveMQ Platform is ready (READY) (reconciliation requests: ROLLING_RESTART, REQUESTS_UPDATED, RESTART_EXTENSIONS)
2025-01-29 14:00:06,787 INFO c.h.h.t.HelmChartContainer - [hivemq-test-hivemq-platform] [hivemq-platform-operator] [12b7a3f9] 14:00:06.784 [ReconcilerExecutor-hivemq-controller-118] DEBUG c.h.p.o.HiveMQPlatformReconciler - [helmupgr] Custom Resource Spec (replicas: 1) (extensions: 1)
2025-01-29 14:00:06,787 INFO c.h.h.t.HelmChartContainer - [hivemq-test-hivemq-platform] [hivemq-platform-operator] [12b7a3f9] 14:00:06.786 [ReconcilerExecutor-hivemq-controller-118] DEBUG c.h.p.o.HiveMQPlatformReconciler - [helmupgr] StatefulSet Status (revision: test-hivemq-platform-7c6d7d4d7b, replicas: 1, available: 1, ready: 1, current: 1, updated: 0)
2025-01-29 14:00:06,787 INFO c.h.h.t.HelmChartContainer - [hivemq-test-hivemq-platform] [hivemq-platform-operator] [12b7a3f9] 14:00:06.786 [ReconcilerExecutor-hivemq-controller-118] DEBUG c.h.p.o.HiveMQPlatformReconciler - [helmupgr] StatefulSet Spec (replicas: 1, init containers: 1, containers: 1, volumes: 4)
2025-01-29 14:00:06,788 INFO c.h.h.t.HelmChartContainer - [hivemq-test-hivemq-platform] [hivemq-platform-operator] [12b7a3f9] 14:00:06.788 [ReconcilerExecutor-hivemq-controller-118] DEBUG c.h.p.o.h.HiveMQPlatformReconcilerErrorHandler - [helmupgr] Pod 'test-hivemq-platform-0' phase Running
2025-01-29 14:00:06,789 INFO c.h.h.t.HelmChartContainer - [hivemq-test-hivemq-platform] [hivemq-platform-operator] [12b7a3f9] 14:00:06.789 [ReconcilerExecutor-hivemq-controller-118] INFO  c.h.p.o.h.HiveMQPlatformReconcilerBaseHandler - [helmupgr] Started rolling restart (scaling to 2 replicas)
2025-01-29 14:00:06,886 INFO c.h.h.t.HelmChartContainer - [hivemq-test-hivemq-platform] [hivemq-platform-operator] [12b7a3f9] 14:00:06.885 [ReconcilerExecutor-hivemq-controller-118] DEBUG c.h.p.operator.event.EventSender - [helmupgr] Creating K8s event rolling-restart-started: [RollingRestart] HiveMQ Platform is starting a surge Pod (rolling restart)
2025-01-29 14:00:06,890 INFO c.h.h.t.HelmChartContainer - [EVENT] Normal [RollingRestart] HiveMQ Platform is starting a surge Pod (rolling restart) [helmupgradeextensionit:test-hivemq-platform]
2025-01-29 14:00:06,892 INFO c.h.h.t.HelmChartContainer - [hivemq-test-hivemq-platform] [hivemq-platform-operator] [12b7a3f9] 14:00:06.890 [ReconcilerExecutor-hivemq-controller-118] INFO  c.h.p.o.h.AbstractHiveMQReconcilerStateHandler - [helmupgr] Update HiveMQ Platform Status (RUNNING [READY] -> ROLLING_RESTART [SURGE_IN_PROGRESS]): HiveMQ Platform is starting a surge Pod (rolling restart)
2025-01-29 14:00:06,900 DEBUG com.hivemq.helmcharts.util.K8sUtil - Comparing actual state 'ROLLING_RESTART' and waiting for 'ROLLING_RESTART'
2025-01-29 14:00:06,905 INFO c.h.h.t.HelmChartContainer - [hivemq-test-hivemq-platform] [hivemq-platform-operator] [12b7a3f9] 14:00:06.903 [pool-6-thread-49] DEBUG c.h.p.o.d.PlatformServiceResource - [helmupgr] Desired Platform services (3 services)
2025-01-29 14:00:06,905 INFO c.h.h.t.HelmChartContainer - [hivemq-test-hivemq-platform] [hivemq-platform-operator] [12b7a3f9] 14:00:06.903 [pool-6-thread-43] DEBUG c.h.p.o.dependants.PodInfoConfigMap - [helmupgr] Desired PodInfo ConfigMap (1 extensions) (1 enabled)
2025-01-29 14:00:06,905 INFO c.h.h.t.HelmChartContainer - [hivemq-test-hivemq-platform] [hivemq-platform-operator] [12b7a3f9] 14:00:06.903 [pool-6-thread-43] DEBUG c.h.p.o.dependants.PodInfoConfigMap - [helmupgr] Desired PodInfo ConfigMap (metrics port: 9399) (metrics path: /)
2025-01-29 14:00:06,905 INFO c.h.h.t.HelmChartContainer - [hivemq-test-hivemq-platform] [hivemq-platform-operator] [12b7a3f9] 14:00:06.904 [pool-6-thread-43] DEBUG c.h.p.o.dependants.PodInfoConfigMap - [helmupgr] Desired PodInfo ConfigMap (extension state hash: -787112544)
2025-01-29 14:00:06,907 DEBUG com.hivemq.helmcharts.util.K8sUtil - Comparing actual state 'ROLLING_RESTART' and waiting for 'RUNNING'
2025-01-29 14:00:06,979 INFO c.h.h.t.HelmChartContainer - [hivemq-test-hivemq-platform] [hivemq-platform-operator] [12b7a3f9] 14:00:06.977 [pool-6-thread-42] DEBUG c.h.p.o.d.PodServiceAccountResource - [helmupgr] Desired PodServiceAccountResource (serviceAccountName: hivemq-platform-pod-test-hivemq-platform)
2025-01-29 14:00:06,980 INFO c.h.h.t.HelmChartContainer - [hivemq-test-hivemq-platform] [hivemq-platform-operator] [12b7a3f9] 14:00:06.904 [pool-6-thread-43] DEBUG c.h.p.o.dependants.PodInfoConfigMap - [helmupgr] Update PodInfo ConfigMap
2025-01-29 14:00:06,988 INFO c.h.h.t.HelmChartContainer - [hivemq-test-hivemq-platform] [hivemq-platform-operator] [12b7a3f9] 14:00:06.987 [pool-6-thread-43] DEBUG c.h.p.o.d.StatefulSetResource - [helmupgr] Desired StatefulSet (2 replicas) for status ROLLING_RESTART (SURGE_IN_PROGRESS)
2025-01-29 14:00:06,992 INFO c.h.h.t.HelmChartContainer - [hivemq-test-hivemq-platform] [hivemq-platform-operator] [12b7a3f9] 14:00:06.991 [pool-6-thread-43] DEBUG c.h.p.o.d.StatefulSetResource - [helmupgr] Update StatefulSet (replicas: 1 -> 2)
2025-01-29 14:00:07,002 INFO c.h.h.t.HelmChartContainer - [hivemq-test-hivemq-platform] [hivemq-platform-operator] [12b7a3f9] 14:00:07.001 [ReconcilerExecutor-hivemq-controller-121] INFO  c.h.p.o.HiveMQPlatformReconciler - [helmupgr] Reconciling HiveMQ Platform 'test-hivemq-platform' in namespace 'helmupgradeextensionit'
2025-01-29 14:00:07,002 INFO c.h.h.t.HelmChartContainer - [hivemq-test-hivemq-platform] [hivemq-platform-operator] [12b7a3f9] 14:00:07.001 [ReconcilerExecutor-hivemq-controller-121] DEBUG c.h.p.o.HiveMQPlatformReconciler - [helmupgr] Custom Resource Status ROLLING_RESTART - HiveMQ Platform is starting a surge Pod (rolling restart) (SURGE_IN_PROGRESS)
2025-01-29 14:00:07,004 INFO c.h.h.t.HelmChartContainer - [hivemq-test-hivemq-platform] [hivemq-platform-operator] [12b7a3f9] 14:00:07.002 [ReconcilerExecutor-hivemq-controller-121] DEBUG c.h.p.o.HiveMQPlatformReconciler - [helmupgr] Custom Resource Spec (replicas: 1) (extensions: 1)
2025-01-29 14:00:07,004 INFO c.h.h.t.HelmChartContainer - [hivemq-test-hivemq-platform] [hivemq-platform-operator] [12b7a3f9] 14:00:07.003 [ReconcilerExecutor-hivemq-controller-121] DEBUG c.h.p.o.HiveMQPlatformReconciler - [helmupgr] StatefulSet Status (revision: test-hivemq-platform-7c6d7d4d7b, replicas: 1, available: 1, ready: 1, current: 1, updated: 0)
2025-01-29 14:00:07,004 INFO c.h.h.t.HelmChartContainer - [hivemq-test-hivemq-platform] [hivemq-platform-operator] [12b7a3f9] 14:00:07.003 [ReconcilerExecutor-hivemq-controller-121] DEBUG c.h.p.o.HiveMQPlatformReconciler - [helmupgr] StatefulSet Spec (replicas: 2, init containers: 1, containers: 1, volumes: 4)
2025-01-29 14:00:07,011 INFO c.h.h.t.HelmChartContainer - [POD] test-hivemq-platform-1 [1b85ee1f-7130-415e-b566-295a97bb02cb] in helmupgradeextensionit was ADDED
2025-01-29 14:00:07,013 INFO c.h.h.t.HelmChartContainer - [EVENT] Normal [SuccessfulCreate] create Pod test-hivemq-platform-1 in StatefulSet test-hivemq-platform successful [helmupgradeextensionit:test-hivemq-platform]
2025-01-29 14:00:07,019 INFO c.h.h.t.HelmChartContainer - [EVENT] Normal [Scheduled] Successfully assigned helmupgradeextensionit/test-hivemq-platform-1 to 3f7c43f3fa7a [helmupgradeextensionit:test-hivemq-platform-1]
2025-01-29 14:00:07,024 INFO c.h.h.t.HelmChartContainer - [POD] test-hivemq-platform-1 [1b85ee1f-7130-415e-b566-295a97bb02cb] in helmupgradeextensionit was MODIFIED
2025-01-29 14:00:07,034 INFO c.h.h.t.HelmChartContainer - [POD] test-hivemq-platform-1 [1b85ee1f-7130-415e-b566-295a97bb02cb] in helmupgradeextensionit was MODIFIED
2025-01-29 14:00:07,082 INFO c.h.h.t.HelmChartContainer - [hivemq-test-hivemq-platform] [hivemq-platform-operator] [12b7a3f9] 14:00:07.078 [ReconcilerExecutor-hivemq-controller-121] DEBUG c.h.p.o.h.HiveMQPlatformReconcilerErrorHandler - [helmupgr] Pod 'test-hivemq-platform-0' phase Running
2025-01-29 14:00:07,083 INFO c.h.h.t.HelmChartContainer - [hivemq-test-hivemq-platform] [hivemq-platform-operator] [12b7a3f9] 14:00:07.080 [ReconcilerExecutor-hivemq-controller-121] DEBUG c.h.p.o.h.HiveMQPlatformReconcilerRollingRestartHandler - [helmupgr] Rolling restart is waiting for 1 of 2 replicas
2025-01-29 14:00:07,089 INFO c.h.h.t.HelmChartContainer - [hivemq-test-hivemq-platform] [hivemq-platform-operator] [12b7a3f9] 14:00:07.085 [pool-6-thread-8] DEBUG c.h.p.o.d.PlatformServiceResource - [helmupgr] Desired Platform services (3 services)
2025-01-29 14:00:07,091 INFO c.h.h.t.HelmChartContainer - [hivemq-test-hivemq-platform] [hivemq-platform-operator] [12b7a3f9] 14:00:07.088 [pool-6-thread-10] DEBUG c.h.p.o.d.PodServiceAccountResource - [helmupgr] Desired PodServiceAccountResource (serviceAccountName: hivemq-platform-pod-test-hivemq-platform)
2025-01-29 14:00:07,092 INFO c.h.h.t.HelmChartContainer - [hivemq-test-hivemq-platform] [hivemq-platform-operator] [12b7a3f9] 14:00:07.090 [pool-6-thread-6] DEBUG c.h.p.o.dependants.PodInfoConfigMap - [helmupgr] Desired PodInfo ConfigMap (1 extensions) (1 enabled)
2025-01-29 14:00:07,092 INFO c.h.h.t.HelmChartContainer - [hivemq-test-hivemq-platform] [hivemq-platform-operator] [12b7a3f9] 14:00:07.090 [pool-6-thread-6] DEBUG c.h.p.o.dependants.PodInfoConfigMap - [helmupgr] Desired PodInfo ConfigMap (metrics port: 9399) (metrics path: /)
2025-01-29 14:00:07,093 INFO c.h.h.t.HelmChartContainer - [hivemq-test-hivemq-platform] [hivemq-platform-operator] [12b7a3f9] 14:00:07.091 [pool-6-thread-6] DEBUG c.h.p.o.dependants.PodInfoConfigMap - [helmupgr] Desired PodInfo ConfigMap (extension state hash: -787112544)
2025-01-29 14:00:07,104 INFO c.h.h.t.HelmChartContainer - [K3S] [reconciler_common.go:251] "operationExecutor.VerifyControllerAttachedVolume started for volume \"extension-configuration-hivemq-bridge-extension\" (UniqueName: \"kubernetes.io/configmap/1b85ee1f-7130-415e-b566-295a97bb02cb-extension-configuration-hivemq-bridge-extension\") pod \"test-hivemq-platform-1\" (UID: \"1b85ee1f-7130-415e-b566-295a97bb02cb\") " pod="helmupgradeextensionit/test-hivemq-platform-1"
2025-01-29 14:00:07,104 INFO c.h.h.t.HelmChartContainer - [K3S] [reconciler_common.go:251] "operationExecutor.VerifyControllerAttachedVolume started for volume \"operator-init\" (UniqueName: \"kubernetes.io/empty-dir/1b85ee1f-7130-415e-b566-295a97bb02cb-operator-init\") pod \"test-hivemq-platform-1\" (UID: \"1b85ee1f-7130-415e-b566-295a97bb02cb\") " pod="helmupgradeextensionit/test-hivemq-platform-1"
2025-01-29 14:00:07,104 INFO c.h.h.t.HelmChartContainer - [K3S] [reconciler_common.go:251] "operationExecutor.VerifyControllerAttachedVolume started for volume \"pod-info\" (UniqueName: \"kubernetes.io/configmap/1b85ee1f-7130-415e-b566-295a97bb02cb-pod-info\") pod \"test-hivemq-platform-1\" (UID: \"1b85ee1f-7130-415e-b566-295a97bb02cb\") " pod="helmupgradeextensionit/test-hivemq-platform-1"
2025-01-29 14:00:07,104 INFO c.h.h.t.HelmChartContainer - [K3S] [reconciler_common.go:251] "operationExecutor.VerifyControllerAttachedVolume started for volume \"broker-configuration\" (UniqueName: \"kubernetes.io/configmap/1b85ee1f-7130-415e-b566-295a97bb02cb-broker-configuration\") pod \"test-hivemq-platform-1\" (UID: \"1b85ee1f-7130-415e-b566-295a97bb02cb\") " pod="helmupgradeextensionit/test-hivemq-platform-1"
2025-01-29 14:00:07,105 INFO c.h.h.t.HelmChartContainer - [K3S] [reconciler_common.go:251] "operationExecutor.VerifyControllerAttachedVolume started for volume \"kube-api-access-ljtdm\" (UniqueName: \"kubernetes.io/projected/1b85ee1f-7130-415e-b566-295a97bb02cb-kube-api-access-ljtdm\") pod \"test-hivemq-platform-1\" (UID: \"1b85ee1f-7130-415e-b566-295a97bb02cb\") " pod="helmupgradeextensionit/test-hivemq-platform-1"
2025-01-29 14:00:07,179 INFO c.h.h.t.HelmChartContainer - [hivemq-test-hivemq-platform] [hivemq-platform-operator] [12b7a3f9] 14:00:07.178 [pool-6-thread-8] DEBUG c.h.p.o.d.StatefulSetResource - [helmupgr] Desired StatefulSet (2 replicas) for status ROLLING_RESTART (SURGE_IN_PROGRESS)
2025-01-29 14:00:07,183 INFO c.h.h.t.HelmChartContainer - [hivemq-test-hivemq-platform] [hivemq-platform-operator] [12b7a3f9] 14:00:07.182 [ReconcilerExecutor-hivemq-controller-122] INFO  c.h.p.o.HiveMQPlatformReconciler - [helmupgr] Reconciling HiveMQ Platform 'test-hivemq-platform' in namespace 'helmupgradeextensionit'
2025-01-29 14:00:07,183 INFO c.h.h.t.HelmChartContainer - [hivemq-test-hivemq-platform] [hivemq-platform-operator] [12b7a3f9] 14:00:07.182 [ReconcilerExecutor-hivemq-controller-122] DEBUG c.h.p.o.HiveMQPlatformReconciler - [helmupgr] Custom Resource Status ROLLING_RESTART - HiveMQ Platform is starting a surge Pod (rolling restart) (SURGE_IN_PROGRESS)
2025-01-29 14:00:07,183 INFO c.h.h.t.HelmChartContainer - [hivemq-test-hivemq-platform] [hivemq-platform-operator] [12b7a3f9] 14:00:07.182 [ReconcilerExecutor-hivemq-controller-122] DEBUG c.h.p.o.HiveMQPlatformReconciler - [helmupgr] Custom Resource Spec (replicas: 1) (extensions: 1)
2025-01-29 14:00:07,185 INFO c.h.h.t.HelmChartContainer - [hivemq-test-hivemq-platform] [hivemq-platform-operator] [12b7a3f9] 14:00:07.184 [ReconcilerExecutor-hivemq-controller-122] DEBUG c.h.p.o.HiveMQPlatformReconciler - [helmupgr] StatefulSet Status (revision: test-hivemq-platform-7c6d7d4d7b, replicas: 2, available: 1, ready: 1, current: 1, updated: 1)
2025-01-29 14:00:07,186 INFO c.h.h.t.HelmChartContainer - [hivemq-test-hivemq-platform] [hivemq-platform-operator] [12b7a3f9] 14:00:07.184 [ReconcilerExecutor-hivemq-controller-122] DEBUG c.h.p.o.HiveMQPlatformReconciler - [helmupgr] StatefulSet Spec (replicas: 2, init containers: 1, containers: 1, volumes: 4)
2025-01-29 14:00:07,187 INFO c.h.h.t.HelmChartContainer - [hivemq-test-hivemq-platform] [hivemq-platform-operator] [12b7a3f9] 14:00:07.186 [ReconcilerExecutor-hivemq-controller-122] DEBUG c.h.p.o.h.HiveMQPlatformReconcilerErrorHandler - [helmupgr] Pod 'test-hivemq-platform-1' phase Pending
2025-01-29 14:00:07,188 INFO c.h.h.t.HelmChartContainer - [hivemq-test-hivemq-platform] [hivemq-platform-operator] [12b7a3f9] 14:00:07.186 [ReconcilerExecutor-hivemq-controller-122] DEBUG c.h.p.o.h.HiveMQPlatformReconcilerErrorHandler - [helmupgr] Pod 'test-hivemq-platform-1' condition 'PodReadyToStartContainers': False
2025-01-29 14:00:07,188 INFO c.h.h.t.HelmChartContainer - [hivemq-test-hivemq-platform] [hivemq-platform-operator] [12b7a3f9] 14:00:07.186 [ReconcilerExecutor-hivemq-controller-122] DEBUG c.h.p.o.h.HiveMQPlatformReconcilerErrorHandler - [helmupgr] Pod 'test-hivemq-platform-1' condition 'Initialized': False
2025-01-29 14:00:07,188 INFO c.h.h.t.HelmChartContainer - [hivemq-test-hivemq-platform] [hivemq-platform-operator] [12b7a3f9] 14:00:07.187 [ReconcilerExecutor-hivemq-controller-122] DEBUG c.h.p.o.h.HiveMQPlatformReconcilerErrorHandler - [helmupgr] Pod 'test-hivemq-platform-1' condition 'Ready': False
2025-01-29 14:00:07,188 INFO c.h.h.t.HelmChartContainer - [hivemq-test-hivemq-platform] [hivemq-platform-operator] [12b7a3f9] 14:00:07.187 [ReconcilerExecutor-hivemq-controller-122] DEBUG c.h.p.o.h.HiveMQPlatformReconcilerErrorHandler - [helmupgr] Pod 'test-hivemq-platform-1' condition 'ContainersReady': False
2025-01-29 14:00:07,188 INFO c.h.h.t.HelmChartContainer - [hivemq-test-hivemq-platform] [hivemq-platform-operator] [12b7a3f9] 14:00:07.187 [ReconcilerExecutor-hivemq-controller-122] DEBUG c.h.p.o.h.HiveMQPlatformReconcilerErrorHandler - [helmupgr] Pod 'test-hivemq-platform-1' condition 'PodScheduled': True
2025-01-29 14:00:07,188 INFO c.h.h.t.HelmChartContainer - [hivemq-test-hivemq-platform] [hivemq-platform-operator] [12b7a3f9] 14:00:07.187 [ReconcilerExecutor-hivemq-controller-122] DEBUG c.h.p.o.h.HiveMQPlatformReconcilerErrorHandler - [helmupgr] Pod 'test-hivemq-platform-1' containerStatus 'hivemq' (started: false) (ready: false) (waiting: [PodInitializing] null)
2025-01-29 14:00:07,189 INFO c.h.h.t.HelmChartContainer - [hivemq-test-hivemq-platform] [hivemq-platform-operator] [12b7a3f9] 14:00:07.189 [ReconcilerExecutor-hivemq-controller-122] DEBUG c.h.p.o.h.HiveMQPlatformReconcilerErrorHandler - [helmupgr] Pod 'test-hivemq-platform-0' phase Running
2025-01-29 14:00:07,192 INFO c.h.h.t.HelmChartContainer - [hivemq-test-hivemq-platform] [hivemq-platform-operator] [12b7a3f9] 14:00:07.190 [ReconcilerExecutor-hivemq-controller-122] DEBUG c.h.p.o.h.HiveMQPlatformReconcilerRollingRestartHandler - [helmupgr] Rolling restart is waiting for 1 of 2 replicas
2025-01-29 14:00:07,290 INFO c.h.h.t.HelmChartContainer - [hivemq-test-hivemq-platform] [hivemq-platform-operator] [12b7a3f9] 14:00:07.288 [pool-6-thread-18] DEBUG c.h.p.o.d.PlatformServiceResource - [helmupgr] Desired Platform services (3 services)
2025-01-29 14:00:07,291 INFO c.h.h.t.HelmChartContainer - [hivemq-test-hivemq-platform] [hivemq-platform-operator] [12b7a3f9] 14:00:07.288 [pool-6-thread-19] DEBUG c.h.p.o.dependants.PodInfoConfigMap - [helmupgr] Desired PodInfo ConfigMap (1 extensions) (1 enabled)
2025-01-29 14:00:07,291 INFO c.h.h.t.HelmChartContainer - [hivemq-test-hivemq-platform] [hivemq-platform-operator] [12b7a3f9] 14:00:07.289 [pool-6-thread-19] DEBUG c.h.p.o.dependants.PodInfoConfigMap - [helmupgr] Desired PodInfo ConfigMap (metrics port: 9399) (metrics path: /)
2025-01-29 14:00:07,291 INFO c.h.h.t.HelmChartContainer - [hivemq-test-hivemq-platform] [hivemq-platform-operator] [12b7a3f9] 14:00:07.289 [pool-6-thread-19] DEBUG c.h.p.o.dependants.PodInfoConfigMap - [helmupgr] Desired PodInfo ConfigMap (extension state hash: -787112544)
2025-01-29 14:00:07,296 INFO c.h.h.t.HelmChartContainer - [hivemq-test-hivemq-platform] [hivemq-platform-operator] [12b7a3f9] 14:00:07.292 [pool-6-thread-11] DEBUG c.h.p.o.d.PodServiceAccountResource - [helmupgr] Desired PodServiceAccountResource (serviceAccountName: hivemq-platform-pod-test-hivemq-platform)
2025-01-29 14:00:07,298 INFO c.h.h.t.HelmChartContainer - [hivemq-test-hivemq-platform] [hivemq-platform-operator] [12b7a3f9] 14:00:07.297 [pool-6-thread-18] DEBUG c.h.p.o.d.StatefulSetResource - [helmupgr] Desired StatefulSet (2 replicas) for status ROLLING_RESTART (SURGE_IN_PROGRESS)
2025-01-29 14:00:07,379 INFO c.h.h.t.HelmChartContainer - [hivemq-test-hivemq-platform] [hivemq-platform-operator] [12b7a3f9] 14:00:07.377 [ReconcilerExecutor-hivemq-controller-123] INFO  c.h.p.o.HiveMQPlatformReconciler - [helmupgr] Reconciling HiveMQ Platform 'test-hivemq-platform' in namespace 'helmupgradeextensionit'
2025-01-29 14:00:07,380 INFO c.h.h.t.HelmChartContainer - [hivemq-test-hivemq-platform] [hivemq-platform-operator] [12b7a3f9] 14:00:07.377 [ReconcilerExecutor-hivemq-controller-123] DEBUG c.h.p.o.HiveMQPlatformReconciler - [helmupgr] Custom Resource Status ROLLING_RESTART - HiveMQ Platform is starting a surge Pod (rolling restart) (SURGE_IN_PROGRESS)
2025-01-29 14:00:07,380 INFO c.h.h.t.HelmChartContainer - [hivemq-test-hivemq-platform] [hivemq-platform-operator] [12b7a3f9] 14:00:07.378 [ReconcilerExecutor-hivemq-controller-123] DEBUG c.h.p.o.HiveMQPlatformReconciler - [helmupgr] Custom Resource Spec (replicas: 1) (extensions: 1)
2025-01-29 14:00:07,381 INFO c.h.h.t.HelmChartContainer - [hivemq-test-hivemq-platform] [hivemq-platform-operator] [12b7a3f9] 14:00:07.380 [ReconcilerExecutor-hivemq-controller-123] DEBUG c.h.p.o.HiveMQPlatformReconciler - [helmupgr] StatefulSet Status (revision: test-hivemq-platform-7c6d7d4d7b, replicas: 2, available: 1, ready: 1, current: 1, updated: 1)
2025-01-29 14:00:07,381 INFO c.h.h.t.HelmChartContainer - [hivemq-test-hivemq-platform] [hivemq-platform-operator] [12b7a3f9] 14:00:07.380 [ReconcilerExecutor-hivemq-controller-123] DEBUG c.h.p.o.HiveMQPlatformReconciler - [helmupgr] StatefulSet Spec (replicas: 2, init containers: 1, containers: 1, volumes: 4)
2025-01-29 14:00:07,383 INFO c.h.h.t.HelmChartContainer - [hivemq-test-hivemq-platform] [hivemq-platform-operator] [12b7a3f9] 14:00:07.382 [ReconcilerExecutor-hivemq-controller-123] DEBUG c.h.p.o.h.HiveMQPlatformReconcilerErrorHandler - [helmupgr] Pod 'test-hivemq-platform-1' phase Pending
2025-01-29 14:00:07,385 INFO c.h.h.t.HelmChartContainer - [hivemq-test-hivemq-platform] [hivemq-platform-operator] [12b7a3f9] 14:00:07.382 [ReconcilerExecutor-hivemq-controller-123] DEBUG c.h.p.o.h.HiveMQPlatformReconcilerErrorHandler - [helmupgr] Pod 'test-hivemq-platform-1' condition 'PodReadyToStartContainers': False
2025-01-29 14:00:07,385 INFO c.h.h.t.HelmChartContainer - [hivemq-test-hivemq-platform] [hivemq-platform-operator] [12b7a3f9] 14:00:07.382 [ReconcilerExecutor-hivemq-controller-123] DEBUG c.h.p.o.h.HiveMQPlatformReconcilerErrorHandler - [helmupgr] Pod 'test-hivemq-platform-1' condition 'Initialized': False
2025-01-29 14:00:07,386 INFO c.h.h.t.HelmChartContainer - [hivemq-test-hivemq-platform] [hivemq-platform-operator] [12b7a3f9] 14:00:07.382 [ReconcilerExecutor-hivemq-controller-123] DEBUG c.h.p.o.h.HiveMQPlatformReconcilerErrorHandler - [helmupgr] Pod 'test-hivemq-platform-1' condition 'Ready': False
2025-01-29 14:00:07,386 INFO c.h.h.t.HelmChartContainer - [hivemq-test-hivemq-platform] [hivemq-platform-operator] [12b7a3f9] 14:00:07.382 [ReconcilerExecutor-hivemq-controller-123] DEBUG c.h.p.o.h.HiveMQPlatformReconcilerErrorHandler - [helmupgr] Pod 'test-hivemq-platform-1' condition 'ContainersReady': False
2025-01-29 14:00:07,386 INFO c.h.h.t.HelmChartContainer - [hivemq-test-hivemq-platform] [hivemq-platform-operator] [12b7a3f9] 14:00:07.382 [ReconcilerExecutor-hivemq-controller-123] DEBUG c.h.p.o.h.HiveMQPlatformReconcilerErrorHandler - [helmupgr] Pod 'test-hivemq-platform-1' condition 'PodScheduled': True
2025-01-29 14:00:07,386 INFO c.h.h.t.HelmChartContainer - [hivemq-test-hivemq-platform] [hivemq-platform-operator] [12b7a3f9] 14:00:07.382 [ReconcilerExecutor-hivemq-controller-123] DEBUG c.h.p.o.h.HiveMQPlatformReconcilerErrorHandler - [helmupgr] Pod 'test-hivemq-platform-1' containerStatus 'hivemq' (started: false) (ready: false) (waiting: [PodInitializing] null)
2025-01-29 14:00:07,387 INFO c.h.h.t.HelmChartContainer - [hivemq-test-hivemq-platform] [hivemq-platform-operator] [12b7a3f9] 14:00:07.383 [ReconcilerExecutor-hivemq-controller-123] DEBUG c.h.p.o.h.HiveMQPlatformReconcilerErrorHandler - [helmupgr] Pod 'test-hivemq-platform-0' phase Running
2025-01-29 14:00:07,387 INFO c.h.h.t.HelmChartContainer - [hivemq-test-hivemq-platform] [hivemq-platform-operator] [12b7a3f9] 14:00:07.384 [ReconcilerExecutor-hivemq-controller-123] DEBUG c.h.p.o.h.HiveMQPlatformReconcilerRollingRestartHandler - [helmupgr] Rolling restart is waiting for 1 of 2 replicas
2025-01-29 14:00:07,419 INFO c.h.h.t.HelmChartContainer - [EVENT] Normal [Pulled] Container image "docker.io/hivemq/hivemq-platform-operator-init-test:snapshot" already present on machine [helmupgradeextensionit:test-hivemq-platform-1]
2025-01-29 14:00:07,426 INFO c.h.h.t.HelmChartContainer - [EVENT] Normal [Created] Created container: hivemq-platform-operator-init [helmupgradeextensionit:test-hivemq-platform-1]
2025-01-29 14:00:07,467 INFO c.h.h.t.HelmChartContainer - [EVENT] Normal [Started] Started container hivemq-platform-operator-init [helmupgradeextensionit:test-hivemq-platform-1]
2025-01-29 14:00:07,679 INFO c.h.h.t.HelmChartContainer - [EVENT] Normal [Pulled] Container image "docker.io/hivemq/hivemq4:4.36.0" already present on machine [helmupgradeextensionit:test-hivemq-platform-1]
2025-01-29 14:00:07,679 INFO c.h.h.t.HelmChartContainer - Received Pulled event for container hivemq in pod test-hivemq-platform-1 [1b85ee1f-7130-415e-b566-295a97bb02cb]
2025-01-29 14:00:07,689 INFO c.h.h.t.HelmChartContainer - [POD] test-hivemq-platform-1 [1b85ee1f-7130-415e-b566-295a97bb02cb] in helmupgradeextensionit was MODIFIED
2025-01-29 14:00:07,702 INFO c.h.h.t.HelmChartContainer - [hivemq-test-hivemq-platform] [hivemq-platform-operator] [12b7a3f9] 14:00:07.696 [pool-6-thread-24] DEBUG c.h.p.o.d.PlatformServiceResource - [helmupgr] Desired Platform services (3 services)
2025-01-29 14:00:07,707 INFO c.h.h.t.HelmChartContainer - [hivemq-test-hivemq-platform] [hivemq-platform-operator] [12b7a3f9] 14:00:07.698 [pool-6-thread-27] DEBUG c.h.p.o.dependants.PodInfoConfigMap - [helmupgr] Desired PodInfo ConfigMap (1 extensions) (1 enabled)
2025-01-29 14:00:07,707 INFO c.h.h.t.HelmChartContainer - [hivemq-test-hivemq-platform] [hivemq-platform-operator] [12b7a3f9] 14:00:07.701 [pool-6-thread-27] DEBUG c.h.p.o.dependants.PodInfoConfigMap - [helmupgr] Desired PodInfo ConfigMap (metrics port: 9399) (metrics path: /)
2025-01-29 14:00:07,707 INFO c.h.h.t.HelmChartContainer - [hivemq-test-hivemq-platform] [hivemq-platform-operator] [12b7a3f9] 14:00:07.701 [pool-6-thread-27] DEBUG c.h.p.o.dependants.PodInfoConfigMap - [helmupgr] Desired PodInfo ConfigMap (extension state hash: -787112544)
2025-01-29 14:00:07,709 INFO c.h.h.t.HelmChartContainer - [EVENT] Normal [Created] Created container: hivemq [helmupgradeextensionit:test-hivemq-platform-1]
2025-01-29 14:00:07,709 INFO c.h.h.t.HelmChartContainer - Received Created event for container hivemq in pod test-hivemq-platform-1 [1b85ee1f-7130-415e-b566-295a97bb02cb]
2025-01-29 14:00:07,713 INFO c.h.h.t.HelmChartContainer - [hivemq-test-hivemq-platform] [hivemq-platform-operator] [12b7a3f9] 14:00:07.699 [pool-6-thread-28] DEBUG c.h.p.o.d.PodServiceAccountResource - [helmupgr] Desired PodServiceAccountResource (serviceAccountName: hivemq-platform-pod-test-hivemq-platform)
2025-01-29 14:00:07,716 INFO c.h.h.t.HelmChartContainer - [hivemq-test-hivemq-platform] [hivemq-platform-operator] [12b7a3f9] 14:00:07.714 [pool-6-thread-24] DEBUG c.h.p.o.d.StatefulSetResource - [helmupgr] Desired StatefulSet (2 replicas) for status ROLLING_RESTART (SURGE_IN_PROGRESS)
2025-01-29 14:00:07,781 INFO c.h.h.t.HelmChartContainer - [hivemq-test-hivemq-platform] [hivemq-platform-operator] [12b7a3f9] 14:00:07.778 [ReconcilerExecutor-hivemq-controller-124] INFO  c.h.p.o.HiveMQPlatformReconciler - [helmupgr] Reconciling HiveMQ Platform 'test-hivemq-platform' in namespace 'helmupgradeextensionit'
2025-01-29 14:00:07,781 INFO c.h.h.t.HelmChartContainer - [hivemq-test-hivemq-platform] [hivemq-platform-operator] [12b7a3f9] 14:00:07.778 [ReconcilerExecutor-hivemq-controller-124] DEBUG c.h.p.o.HiveMQPlatformReconciler - [helmupgr] Custom Resource Status ROLLING_RESTART - HiveMQ Platform is starting a surge Pod (rolling restart) (SURGE_IN_PROGRESS)
2025-01-29 14:00:07,781 INFO c.h.h.t.HelmChartContainer - [hivemq-test-hivemq-platform] [hivemq-platform-operator] [12b7a3f9] 14:00:07.778 [ReconcilerExecutor-hivemq-controller-124] DEBUG c.h.p.o.HiveMQPlatformReconciler - [helmupgr] Custom Resource Spec (replicas: 1) (extensions: 1)
2025-01-29 14:00:07,785 INFO c.h.h.t.HelmChartContainer - [hivemq-test-hivemq-platform] [hivemq-platform-operator] [12b7a3f9] 14:00:07.780 [ReconcilerExecutor-hivemq-controller-124] DEBUG c.h.p.o.HiveMQPlatformReconciler - [helmupgr] StatefulSet Status (revision: test-hivemq-platform-7c6d7d4d7b, replicas: 2, available: 1, ready: 1, current: 1, updated: 1)
2025-01-29 14:00:07,785 INFO c.h.h.t.HelmChartContainer - [hivemq-test-hivemq-platform] [hivemq-platform-operator] [12b7a3f9] 14:00:07.780 [ReconcilerExecutor-hivemq-controller-124] DEBUG c.h.p.o.HiveMQPlatformReconciler - [helmupgr] StatefulSet Spec (replicas: 2, init containers: 1, containers: 1, volumes: 4)
2025-01-29 14:00:07,786 INFO c.h.h.t.HelmChartContainer - [hivemq-test-hivemq-platform] [hivemq-platform-operator] [12b7a3f9] 14:00:07.784 [ReconcilerExecutor-hivemq-controller-124] DEBUG c.h.p.o.h.HiveMQPlatformReconcilerErrorHandler - [helmupgr] Pod 'test-hivemq-platform-1' phase Pending
2025-01-29 14:00:07,786 INFO c.h.h.t.HelmChartContainer - [hivemq-test-hivemq-platform] [hivemq-platform-operator] [12b7a3f9] 14:00:07.784 [ReconcilerExecutor-hivemq-controller-124] DEBUG c.h.p.o.h.HiveMQPlatformReconcilerErrorHandler - [helmupgr] Pod 'test-hivemq-platform-1' condition 'PodReadyToStartContainers': True
2025-01-29 14:00:07,786 INFO c.h.h.t.HelmChartContainer - [hivemq-test-hivemq-platform] [hivemq-platform-operator] [12b7a3f9] 14:00:07.784 [ReconcilerExecutor-hivemq-controller-124] DEBUG c.h.p.o.h.HiveMQPlatformReconcilerErrorHandler - [helmupgr] Pod 'test-hivemq-platform-1' condition 'Initialized': True
2025-01-29 14:00:07,786 INFO c.h.h.t.HelmChartContainer - [hivemq-test-hivemq-platform] [hivemq-platform-operator] [12b7a3f9] 14:00:07.784 [ReconcilerExecutor-hivemq-controller-124] DEBUG c.h.p.o.h.HiveMQPlatformReconcilerErrorHandler - [helmupgr] Pod 'test-hivemq-platform-1' condition 'Ready': False
2025-01-29 14:00:07,786 INFO c.h.h.t.HelmChartContainer - [hivemq-test-hivemq-platform] [hivemq-platform-operator] [12b7a3f9] 14:00:07.784 [ReconcilerExecutor-hivemq-controller-124] DEBUG c.h.p.o.h.HiveMQPlatformReconcilerErrorHandler - [helmupgr] Pod 'test-hivemq-platform-1' condition 'ContainersReady': False
2025-01-29 14:00:07,786 INFO c.h.h.t.HelmChartContainer - [hivemq-test-hivemq-platform] [hivemq-platform-operator] [12b7a3f9] 14:00:07.784 [ReconcilerExecutor-hivemq-controller-124] DEBUG c.h.p.o.h.HiveMQPlatformReconcilerErrorHandler - [helmupgr] Pod 'test-hivemq-platform-1' condition 'PodScheduled': True
2025-01-29 14:00:07,786 INFO c.h.h.t.HelmChartContainer - [hivemq-test-hivemq-platform] [hivemq-platform-operator] [12b7a3f9] 14:00:07.784 [ReconcilerExecutor-hivemq-controller-124] DEBUG c.h.p.o.h.HiveMQPlatformReconcilerErrorHandler - [helmupgr] Pod 'test-hivemq-platform-1' containerStatus 'hivemq' (started: false) (ready: false) (waiting: [PodInitializing] null)
2025-01-29 14:00:07,789 INFO c.h.h.t.HelmChartContainer - [hivemq-test-hivemq-platform] [hivemq-platform-operator] [12b7a3f9] 14:00:07.785 [ReconcilerExecutor-hivemq-controller-124] DEBUG c.h.p.o.h.HiveMQPlatformReconcilerErrorHandler - [helmupgr] Pod 'test-hivemq-platform-0' phase Running
2025-01-29 14:00:07,790 INFO c.h.h.t.HelmChartContainer - [hivemq-test-hivemq-platform] [hivemq-platform-operator] [12b7a3f9] 14:00:07.790 [ReconcilerExecutor-hivemq-controller-124] DEBUG c.h.p.o.h.HiveMQPlatformReconcilerRollingRestartHandler - [helmupgr] Rolling restart is waiting for 1 of 2 replicas
2025-01-29 14:00:08,688 INFO c.h.h.t.HelmChartContainer - [POD] test-hivemq-platform-1 [1b85ee1f-7130-415e-b566-295a97bb02cb] in helmupgradeextensionit was MODIFIED
2025-01-29 14:00:08,698 INFO c.h.h.t.HelmChartContainer - [hivemq-test-hivemq-platform] [hivemq-platform-operator] [12b7a3f9] 14:00:08.692 [pool-6-thread-39] DEBUG c.h.p.o.d.PlatformServiceResource - [helmupgr] Desired Platform services (3 services)
2025-01-29 14:00:08,704 INFO c.h.h.t.HelmChartContainer - [hivemq-test-hivemq-platform] [hivemq-platform-operator] [12b7a3f9] 14:00:08.695 [pool-6-thread-38] DEBUG c.h.p.o.dependants.PodInfoConfigMap - [helmupgr] Desired PodInfo ConfigMap (1 extensions) (1 enabled)
2025-01-29 14:00:08,704 INFO c.h.h.t.HelmChartContainer - [hivemq-test-hivemq-platform] [hivemq-platform-operator] [12b7a3f9] 14:00:08.695 [pool-6-thread-38] DEBUG c.h.p.o.dependants.PodInfoConfigMap - [helmupgr] Desired PodInfo ConfigMap (metrics port: 9399) (metrics path: /)
2025-01-29 14:00:08,704 INFO c.h.h.t.HelmChartContainer - [hivemq-test-hivemq-platform] [hivemq-platform-operator] [12b7a3f9] 14:00:08.695 [pool-6-thread-38] DEBUG c.h.p.o.dependants.PodInfoConfigMap - [helmupgr] Desired PodInfo ConfigMap (extension state hash: -787112544)
2025-01-29 14:00:08,704 INFO c.h.h.t.HelmChartContainer - [hivemq-test-hivemq-platform] [hivemq-platform-operator] [12b7a3f9] 14:00:08.695 [pool-6-thread-31] DEBUG c.h.p.o.d.PodServiceAccountResource - [helmupgr] Desired PodServiceAccountResource (serviceAccountName: hivemq-platform-pod-test-hivemq-platform)
2025-01-29 14:00:08,704 INFO c.h.h.t.HelmChartContainer - [hivemq-test-hivemq-platform] [hivemq-platform-operator] [12b7a3f9] 14:00:08.699 [pool-6-thread-38] DEBUG c.h.p.o.d.StatefulSetResource - [helmupgr] Desired StatefulSet (2 replicas) for status ROLLING_RESTART (SURGE_IN_PROGRESS)
2025-01-29 14:00:08,705 INFO c.h.h.t.HelmChartContainer - [hivemq-test-hivemq-platform] [hivemq-platform-operator] [12b7a3f9] 14:00:08.703 [ReconcilerExecutor-hivemq-controller-125] INFO  c.h.p.o.HiveMQPlatformReconciler - [helmupgr] Reconciling HiveMQ Platform 'test-hivemq-platform' in namespace 'helmupgradeextensionit'
2025-01-29 14:00:08,705 INFO c.h.h.t.HelmChartContainer - [hivemq-test-hivemq-platform] [hivemq-platform-operator] [12b7a3f9] 14:00:08.703 [ReconcilerExecutor-hivemq-controller-125] DEBUG c.h.p.o.HiveMQPlatformReconciler - [helmupgr] Custom Resource Status ROLLING_RESTART - HiveMQ Platform is starting a surge Pod (rolling restart) (SURGE_IN_PROGRESS)
2025-01-29 14:00:08,705 INFO c.h.h.t.HelmChartContainer - [hivemq-test-hivemq-platform] [hivemq-platform-operator] [12b7a3f9] 14:00:08.703 [ReconcilerExecutor-hivemq-controller-125] DEBUG c.h.p.o.HiveMQPlatformReconciler - [helmupgr] Custom Resource Spec (replicas: 1) (extensions: 1)
2025-01-29 14:00:08,707 INFO c.h.h.t.HelmChartContainer - [hivemq-test-hivemq-platform] [hivemq-platform-operator] [12b7a3f9] 14:00:08.706 [ReconcilerExecutor-hivemq-controller-125] DEBUG c.h.p.o.HiveMQPlatformReconciler - [helmupgr] StatefulSet Status (revision: test-hivemq-platform-7c6d7d4d7b, replicas: 2, available: 1, ready: 1, current: 1, updated: 1)
2025-01-29 14:00:08,708 INFO c.h.h.t.HelmChartContainer - Started log watcher for hivemq in pod test-hivemq-platform-1 [1b85ee1f-7130-415e-b566-295a97bb02cb]
2025-01-29 14:00:08,709 INFO c.h.h.t.HelmChartContainer - [test-hivemq-platform] [hivemq] [1b85ee1f] Adding pre-installed HiveMQ Platform Operator extensions
2025-01-29 14:00:08,709 INFO c.h.h.t.HelmChartContainer - [test-hivemq-platform] [hivemq] [1b85ee1f] Running as user 10000
2025-01-29 14:00:08,709 INFO c.h.h.t.HelmChartContainer - [test-hivemq-platform] [hivemq] [1b85ee1f] Starting HiveMQ Platform Operator Init
2025-01-29 14:00:08,708 INFO c.h.h.t.HelmChartContainer - [EVENT] Normal [Started] Started container hivemq [helmupgradeextensionit:test-hivemq-platform-1]
2025-01-29 14:00:08,709 INFO c.h.h.t.HelmChartContainer - [hivemq-test-hivemq-platform] [hivemq-platform-operator] [12b7a3f9] 14:00:08.706 [ReconcilerExecutor-hivemq-controller-125] DEBUG c.h.p.o.HiveMQPlatformReconciler - [helmupgr] StatefulSet Spec (replicas: 2, init containers: 1, containers: 1, volumes: 4)
2025-01-29 14:00:08,709 INFO c.h.h.t.HelmChartContainer - [hivemq-test-hivemq-platform] [hivemq-platform-operator] [12b7a3f9] 14:00:08.708 [ReconcilerExecutor-hivemq-controller-125] DEBUG c.h.p.o.h.HiveMQPlatformReconcilerErrorHandler - [helmupgr] Pod 'test-hivemq-platform-1' phase Running
2025-01-29 14:00:08,709 INFO c.h.h.t.HelmChartContainer - Received Started event for container hivemq in pod test-hivemq-platform-1 [1b85ee1f-7130-415e-b566-295a97bb02cb]
2025-01-29 14:00:08,711 INFO c.h.h.t.HelmChartContainer - [hivemq-test-hivemq-platform] [hivemq-platform-operator] [12b7a3f9] 14:00:08.710 [ReconcilerExecutor-hivemq-controller-125] DEBUG c.h.p.o.h.HiveMQPlatformReconcilerErrorHandler - [helmupgr] Pod 'test-hivemq-platform-0' phase Running
2025-01-29 14:00:08,711 INFO c.h.h.t.HelmChartContainer - [hivemq-test-hivemq-platform] [hivemq-platform-operator] [12b7a3f9] 14:00:08.710 [ReconcilerExecutor-hivemq-controller-125] DEBUG c.h.p.o.h.HiveMQPlatformReconcilerRollingRestartHandler - [helmupgr] Rolling restart is waiting for 1 of 2 replicas
2025-01-29 14:00:08,936 INFO c.h.h.t.HelmChartContainer - [test-hivemq-platform] [hivemq] [1b85ee1f] INFO  - [HiveMQ Platform Operator Init 1.7.0-SNAPSHOT] HiveMQ Platform Operator Init 1.7.0-SNAPSHOT (commit: bebf408 on branch: HEAD) built on Sun Jan 26 20:47:47 UTC 2025
2025-01-29 14:00:10,075 INFO c.h.h.t.HelmChartContainer - [test-hivemq-platform] [hivemq] [1b85ee1f] INFO  - [HiveMQ Platform Operator Init App 1.7.0-SNAPSHOT] Using bind address 10.42.0.9 from environment variable
2025-01-29 14:00:11,031 INFO c.h.h.t.HelmChartContainer - [test-hivemq-platform] [hivemq] [1b85ee1f] INFO  - [HiveMQ Platform Operator Init App 1.7.0-SNAPSHOT] HiveMQ Platform Operator Init App 1.7.0-SNAPSHOT (commit: bebf408 on branch: HEAD) built on Sun Jan 26 20:47:47 UTC 2025
2025-01-29 14:00:11,032 INFO c.h.h.t.HelmChartContainer - [test-hivemq-platform] [hivemq] [1b85ee1f] INFO  - [HiveMQ Platform Operator Init App 1.7.0-SNAPSHOT] PodInfo ConfigMap directory: /etc/podinfo
2025-01-29 14:00:11,033 INFO c.h.h.t.HelmChartContainer - [test-hivemq-platform] [hivemq] [1b85ee1f] INFO  - [HiveMQ Platform Operator Init App 1.7.0-SNAPSHOT] HiveMQ home directory: /opt/hivemq
2025-01-29 14:00:11,033 INFO c.h.h.t.HelmChartContainer - [test-hivemq-platform] [hivemq] [1b85ee1f] INFO  - [HiveMQ Platform Operator Init App 1.7.0-SNAPSHOT] HiveMQ Logback folder: /opt/hivemq/conf
2025-01-29 14:00:11,033 INFO c.h.h.t.HelmChartContainer - [test-hivemq-platform] [hivemq] [1b85ee1f] INFO  - [HiveMQ Platform Operator Init App 1.7.0-SNAPSHOT] HiveMQ Config folder: /opt/hivemq/conf-k8s
2025-01-29 14:00:11,033 INFO c.h.h.t.HelmChartContainer - [test-hivemq-platform] [hivemq] [1b85ee1f] INFO  - [HiveMQ Platform Operator Init App 1.7.0-SNAPSHOT] Starting HiveMQ Platform Operator Init App
2025-01-29 14:00:11,033 INFO c.h.h.t.HelmChartContainer - [test-hivemq-platform] [hivemq] [1b85ee1f] INFO  - [HiveMQ Platform Operator Init App 1.7.0-SNAPSHOT] Starting Pod reconciler
2025-01-29 14:00:11,619 INFO c.h.h.t.HelmChartContainer - [test-hivemq-platform] [hivemq] [8b808fb2] WARN  - Bridge Extension: Connect to bridge 'testbridge' failed for the 3 time, reason: connection timed out after 10000 ms: /172.17.0.3:1883
2025-01-29 14:00:12,256 INFO c.h.h.t.HelmChartContainer - [test-hivemq-platform] [hivemq] [1b85ee1f] INFO  - [HiveMQ Platform Operator Init App 1.7.0-SNAPSHOT] Pod reconciler is scheduled (interval: 5000 ms)
2025-01-29 14:00:12,257 INFO c.h.h.t.HelmChartContainer - [test-hivemq-platform] [hivemq] [1b85ee1f] INFO  - [HiveMQ Platform Operator Init App 1.7.0-SNAPSHOT] Starting the REST API on 10.42.0.9:7979
2025-01-29 14:00:12,287 INFO c.h.h.t.HelmChartContainer - [test-hivemq-platform] [hivemq] [8b808fb2] WARN  - Bridge Extension: Connect to bridge 'testbridge' failed for the 3 time, reason: connection timed out after 10000 ms: /172.17.0.3:1883
2025-01-29 14:00:12,329 INFO c.h.h.t.HelmChartContainer - [test-hivemq-platform] [hivemq] [1b85ee1f] INFO  - [HiveMQ Platform Operator Init App 1.7.0-SNAPSHOT] Waiting up to 600s for at most 2 HiveMQ nodes in cluster service hivemq-test-hivemq-platform-cluster.helmupgradeextensionit.svc
2025-01-29 14:00:12,645 INFO c.h.h.t.HelmChartContainer - [test-hivemq-platform] [hivemq] [1b85ee1f] INFO  - [HiveMQ Platform Operator Init App 1.7.0-SNAPSHOT] Resolved 2 IP addresses: [10.42.0.8, 10.42.0.9]
2025-01-29 14:00:12,645 INFO c.h.h.t.HelmChartContainer - [test-hivemq-platform] [hivemq] [1b85ee1f] INFO  - [HiveMQ Platform Operator Init App 1.7.0-SNAPSHOT] HiveMQ node count of 2 is within threshold of 2
2025-01-29 14:00:12,645 INFO c.h.h.t.HelmChartContainer - [test-hivemq-platform] [hivemq] [1b85ee1f] INFO  - [HiveMQ Platform Operator Init App 1.7.0-SNAPSHOT] Waiting 15s for previous shutdown replication to finish...
2025-01-29 14:00:14,687 INFO c.h.h.t.HelmChartContainer - [test-hivemq-platform] [hivemq] [1b85ee1f] INFO  - [HiveMQ Platform Operator Init App 1.7.0-SNAPSHOT] Returning default Health API response 503 for readiness
2025-01-29 14:00:14,739 INFO c.h.h.t.HelmChartContainer - [EVENT] Warning [Unhealthy] Readiness probe failed: HTTP probe failed with statuscode: 503 [helmupgradeextensionit:test-hivemq-platform-1]
2025-01-29 14:00:14,739 INFO c.h.h.t.HelmChartContainer - Received Unhealthy event for container hivemq in pod test-hivemq-platform-1 [1b85ee1f-7130-415e-b566-295a97bb02cb]
2025-01-29 14:00:18,715 INFO c.h.h.t.HelmChartContainer - [hivemq-test-hivemq-platform] [hivemq-platform-operator] [12b7a3f9] 14:00:18.713 [pool-6-thread-42] DEBUG c.h.p.o.d.PlatformServiceResource - [helmupgr] Desired Platform services (3 services)
2025-01-29 14:00:18,716 INFO c.h.h.t.HelmChartContainer - [hivemq-test-hivemq-platform] [hivemq-platform-operator] [12b7a3f9] 14:00:18.714 [pool-6-thread-41] DEBUG c.h.p.o.d.PodServiceAccountResource - [helmupgr] Desired PodServiceAccountResource (serviceAccountName: hivemq-platform-pod-test-hivemq-platform)
2025-01-29 14:00:18,717 INFO c.h.h.t.HelmChartContainer - [hivemq-test-hivemq-platform] [hivemq-platform-operator] [12b7a3f9] 14:00:18.716 [pool-6-thread-49] DEBUG c.h.p.o.dependants.PodInfoConfigMap - [helmupgr] Desired PodInfo ConfigMap (1 extensions) (1 enabled)
2025-01-29 14:00:18,717 INFO c.h.h.t.HelmChartContainer - [hivemq-test-hivemq-platform] [hivemq-platform-operator] [12b7a3f9] 14:00:18.716 [pool-6-thread-49] DEBUG c.h.p.o.dependants.PodInfoConfigMap - [helmupgr] Desired PodInfo ConfigMap (metrics port: 9399) (metrics path: /)
2025-01-29 14:00:18,717 INFO c.h.h.t.HelmChartContainer - [hivemq-test-hivemq-platform] [hivemq-platform-operator] [12b7a3f9] 14:00:18.716 [pool-6-thread-49] DEBUG c.h.p.o.dependants.PodInfoConfigMap - [helmupgr] Desired PodInfo ConfigMap (extension state hash: -787112544)
2025-01-29 14:00:18,719 INFO c.h.h.t.HelmChartContainer - [hivemq-test-hivemq-platform] [hivemq-platform-operator] [12b7a3f9] 14:00:18.718 [pool-6-thread-42] DEBUG c.h.p.o.d.StatefulSetResource - [helmupgr] Desired StatefulSet (2 replicas) for status ROLLING_RESTART (SURGE_IN_PROGRESS)
2025-01-29 14:00:18,722 INFO c.h.h.t.HelmChartContainer - [hivemq-test-hivemq-platform] [hivemq-platform-operator] [12b7a3f9] 14:00:18.721 [ReconcilerExecutor-hivemq-controller-126] INFO  c.h.p.o.HiveMQPlatformReconciler - [helmupgr] Reconciling HiveMQ Platform 'test-hivemq-platform' in namespace 'helmupgradeextensionit'
2025-01-29 14:00:18,722 INFO c.h.h.t.HelmChartContainer - [hivemq-test-hivemq-platform] [hivemq-platform-operator] [12b7a3f9] 14:00:18.721 [ReconcilerExecutor-hivemq-controller-126] DEBUG c.h.p.o.HiveMQPlatformReconciler - [helmupgr] Custom Resource Status ROLLING_RESTART - HiveMQ Platform is starting a surge Pod (rolling restart) (SURGE_IN_PROGRESS)
2025-01-29 14:00:18,723 INFO c.h.h.t.HelmChartContainer - [hivemq-test-hivemq-platform] [hivemq-platform-operator] [12b7a3f9] 14:00:18.721 [ReconcilerExecutor-hivemq-controller-126] DEBUG c.h.p.o.HiveMQPlatformReconciler - [helmupgr] Custom Resource Spec (replicas: 1) (extensions: 1)
2025-01-29 14:00:18,724 INFO c.h.h.t.HelmChartContainer - [hivemq-test-hivemq-platform] [hivemq-platform-operator] [12b7a3f9] 14:00:18.723 [ReconcilerExecutor-hivemq-controller-126] DEBUG c.h.p.o.HiveMQPlatformReconciler - [helmupgr] StatefulSet Status (revision: test-hivemq-platform-7c6d7d4d7b, replicas: 2, available: 1, ready: 1, current: 1, updated: 1)
2025-01-29 14:00:18,725 INFO c.h.h.t.HelmChartContainer - [hivemq-test-hivemq-platform] [hivemq-platform-operator] [12b7a3f9] 14:00:18.723 [ReconcilerExecutor-hivemq-controller-126] DEBUG c.h.p.o.HiveMQPlatformReconciler - [helmupgr] StatefulSet Spec (replicas: 2, init containers: 1, containers: 1, volumes: 4)
2025-01-29 14:00:18,727 INFO c.h.h.t.HelmChartContainer - [hivemq-test-hivemq-platform] [hivemq-platform-operator] [12b7a3f9] 14:00:18.725 [ReconcilerExecutor-hivemq-controller-126] DEBUG c.h.p.o.h.HiveMQPlatformReconcilerErrorHandler - [helmupgr] Pod 'test-hivemq-platform-1' phase Running
2025-01-29 14:00:18,728 INFO c.h.h.t.HelmChartContainer - [hivemq-test-hivemq-platform] [hivemq-platform-operator] [12b7a3f9] 14:00:18.728 [ReconcilerExecutor-hivemq-controller-126] DEBUG c.h.p.o.h.HiveMQPlatformReconcilerErrorHandler - [helmupgr] Pod 'test-hivemq-platform-0' phase Running
2025-01-29 14:00:18,733 INFO c.h.h.t.HelmChartContainer - [hivemq-test-hivemq-platform] [hivemq-platform-operator] [12b7a3f9] 14:00:18.730 [ReconcilerExecutor-hivemq-controller-126] DEBUG c.h.p.o.h.HiveMQPlatformReconcilerRollingRestartHandler - [helmupgr] Rolling restart is waiting for 1 of 2 replicas
2025-01-29 14:00:19,738 INFO c.h.h.t.HelmChartContainer - [EVENT] Warning [Unhealthy] Readiness probe failed: HTTP probe failed with statuscode: 503 [helmupgradeextensionit:test-hivemq-platform-1]
2025-01-29 14:00:19,738 INFO c.h.h.t.HelmChartContainer - Received Unhealthy event for container hivemq in pod test-hivemq-platform-1 [1b85ee1f-7130-415e-b566-295a97bb02cb]
2025-01-29 14:00:19,743 INFO c.h.h.t.HelmChartContainer - [test-hivemq-platform] [hivemq] [1b85ee1f] INFO  - [HiveMQ Platform Operator Init App 1.7.0-SNAPSHOT] Updating Pod HiveMQ Platform Operator Init App version annotation (version: 1.7.0-SNAPSHOT)
2025-01-29 14:00:20,050 INFO c.h.h.t.HelmChartContainer - [POD] test-hivemq-platform-1 [1b85ee1f-7130-415e-b566-295a97bb02cb] in helmupgradeextensionit was MODIFIED
2025-01-29 14:00:20,058 INFO c.h.h.t.HelmChartContainer - [hivemq-test-hivemq-platform] [hivemq-platform-operator] [12b7a3f9] 14:00:20.057 [pool-6-thread-5] DEBUG c.h.p.o.dependants.PodInfoConfigMap - [helmupgr] Desired PodInfo ConfigMap (1 extensions) (1 enabled)
2025-01-29 14:00:20,060 INFO c.h.h.t.HelmChartContainer - [hivemq-test-hivemq-platform] [hivemq-platform-operator] [12b7a3f9] 14:00:20.057 [pool-6-thread-5] DEBUG c.h.p.o.dependants.PodInfoConfigMap - [helmupgr] Desired PodInfo ConfigMap (metrics port: 9399) (metrics path: /)
2025-01-29 14:00:20,060 INFO c.h.h.t.HelmChartContainer - [hivemq-test-hivemq-platform] [hivemq-platform-operator] [12b7a3f9] 14:00:20.057 [pool-6-thread-5] DEBUG c.h.p.o.dependants.PodInfoConfigMap - [helmupgr] Desired PodInfo ConfigMap (extension state hash: -787112544)
2025-01-29 14:00:20,061 INFO c.h.h.t.HelmChartContainer - [hivemq-test-hivemq-platform] [hivemq-platform-operator] [12b7a3f9] 14:00:20.058 [pool-6-thread-10] DEBUG c.h.p.o.d.PodServiceAccountResource - [helmupgr] Desired PodServiceAccountResource (serviceAccountName: hivemq-platform-pod-test-hivemq-platform)
2025-01-29 14:00:20,061 INFO c.h.h.t.HelmChartContainer - [hivemq-test-hivemq-platform] [hivemq-platform-operator] [12b7a3f9] 14:00:20.060 [pool-6-thread-2] DEBUG c.h.p.o.d.PlatformServiceResource - [helmupgr] Desired Platform services (3 services)
2025-01-29 14:00:20,067 INFO c.h.h.t.HelmChartContainer - [hivemq-test-hivemq-platform] [hivemq-platform-operator] [12b7a3f9] 14:00:20.066 [pool-6-thread-5] DEBUG c.h.p.o.d.StatefulSetResource - [helmupgr] Desired StatefulSet (2 replicas) for status ROLLING_RESTART (SURGE_IN_PROGRESS)
2025-01-29 14:00:20,073 INFO c.h.h.t.HelmChartContainer - [hivemq-test-hivemq-platform] [hivemq-platform-operator] [12b7a3f9] 14:00:20.070 [ReconcilerExecutor-hivemq-controller-127] INFO  c.h.p.o.HiveMQPlatformReconciler - [helmupgr] Reconciling HiveMQ Platform 'test-hivemq-platform' in namespace 'helmupgradeextensionit'
2025-01-29 14:00:20,073 INFO c.h.h.t.HelmChartContainer - [hivemq-test-hivemq-platform] [hivemq-platform-operator] [12b7a3f9] 14:00:20.070 [ReconcilerExecutor-hivemq-controller-127] DEBUG c.h.p.o.HiveMQPlatformReconciler - [helmupgr] Custom Resource Status ROLLING_RESTART - HiveMQ Platform is starting a surge Pod (rolling restart) (SURGE_IN_PROGRESS)
2025-01-29 14:00:20,075 INFO c.h.h.t.HelmChartContainer - [hivemq-test-hivemq-platform] [hivemq-platform-operator] [12b7a3f9] 14:00:20.070 [ReconcilerExecutor-hivemq-controller-127] DEBUG c.h.p.o.HiveMQPlatformReconciler - [helmupgr] Custom Resource Spec (replicas: 1) (extensions: 1)
2025-01-29 14:00:20,075 INFO c.h.h.t.HelmChartContainer - [hivemq-test-hivemq-platform] [hivemq-platform-operator] [12b7a3f9] 14:00:20.071 [ReconcilerExecutor-hivemq-controller-127] DEBUG c.h.p.o.HiveMQPlatformReconciler - [helmupgr] StatefulSet Status (revision: test-hivemq-platform-7c6d7d4d7b, replicas: 2, available: 1, ready: 1, current: 1, updated: 1)
2025-01-29 14:00:20,075 INFO c.h.h.t.HelmChartContainer - [hivemq-test-hivemq-platform] [hivemq-platform-operator] [12b7a3f9] 14:00:20.072 [ReconcilerExecutor-hivemq-controller-127] DEBUG c.h.p.o.HiveMQPlatformReconciler - [helmupgr] StatefulSet Spec (replicas: 2, init containers: 1, containers: 1, volumes: 4)
2025-01-29 14:00:20,076 INFO c.h.h.t.HelmChartContainer - [hivemq-test-hivemq-platform] [hivemq-platform-operator] [12b7a3f9] 14:00:20.073 [ReconcilerExecutor-hivemq-controller-127] DEBUG c.h.p.o.h.HiveMQPlatformReconcilerErrorHandler - [helmupgr] Pod 'test-hivemq-platform-1' phase Running
2025-01-29 14:00:20,076 INFO c.h.h.t.HelmChartContainer - [hivemq-test-hivemq-platform] [hivemq-platform-operator] [12b7a3f9] 14:00:20.075 [ReconcilerExecutor-hivemq-controller-127] DEBUG c.h.p.o.h.HiveMQPlatformReconcilerErrorHandler - [helmupgr] Pod 'test-hivemq-platform-0' phase Running
2025-01-29 14:00:20,076 INFO c.h.h.t.HelmChartContainer - [hivemq-test-hivemq-platform] [hivemq-platform-operator] [12b7a3f9] 14:00:20.075 [ReconcilerExecutor-hivemq-controller-127] DEBUG c.h.p.o.h.HiveMQPlatformReconcilerRollingRestartHandler - [helmupgr] Rolling restart is waiting for 1 of 2 replicas
2025-01-29 14:00:20,136 INFO c.h.h.t.HelmChartContainer - [test-hivemq-platform] [hivemq] [1b85ee1f] INFO  - [HiveMQ Platform Operator Init App 1.7.0-SNAPSHOT] Successfully updated Pod HiveMQ Platform Operator Init App version annotation (version: 1.7.0-SNAPSHOT)
2025-01-29 14:00:20,137 INFO c.h.h.t.HelmChartContainer - [EVENT] Warning [Unhealthy] Readiness probe failed: HTTP probe failed with statuscode: 503 [helmupgradeextensionit:test-hivemq-platform-1]
2025-01-29 14:00:20,137 INFO c.h.h.t.HelmChartContainer - Received Unhealthy event for container hivemq in pod test-hivemq-platform-1 [1b85ee1f-7130-415e-b566-295a97bb02cb]
2025-01-29 14:00:25,055 INFO c.h.h.t.HelmChartContainer - [EVENT] Warning [Unhealthy] Readiness probe failed: HTTP probe failed with statuscode: 503 [helmupgradeextensionit:test-hivemq-platform-1]
2025-01-29 14:00:25,055 INFO c.h.h.t.HelmChartContainer - Received Unhealthy event for container hivemq in pod test-hivemq-platform-1 [1b85ee1f-7130-415e-b566-295a97bb02cb]
2025-01-29 14:00:27,645 INFO c.h.h.t.HelmChartContainer - [test-hivemq-platform] [hivemq] [1b85ee1f] INFO  - [HiveMQ Platform Operator Init App 1.7.0-SNAPSHOT] Proceeding with container start
2025-01-29 14:00:27,648 INFO c.h.h.t.HelmChartContainer - [test-hivemq-platform] [hivemq] [1b85ee1f] INFO  - [HiveMQ Platform Operator Init App 1.7.0-SNAPSHOT] Initializing HiveMQ Platform extensions with initial configuration: {hivemq-bridge-extension={start-priority=-1, skip-https-hostname-verification=false, restart=true, config-version=933, header-version=0, c-uri=, priority=-1, uri=preinstalled, skip-https-certificate-validation=false, enabled=true}, hivemq-prometheus-extension={uri=preinstalled, skip-https-certificate-validation=false, skip-https-hostname-verification=false, c-uri=, start-priority=-1, priority=-1, restart=true, enabled=true, request-header-path=no-request-headers}}
2025-01-29 14:00:28,031 INFO c.h.h.t.HelmChartContainer - [test-hivemq-platform] [hivemq] [1b85ee1f] INFO  - [HiveMQ Platform Operator Init App 1.7.0-SNAPSHOT] Successfully enabled extension hivemq-bridge-extension
2025-01-29 14:00:28,040 INFO c.h.h.t.HelmChartContainer - [test-hivemq-platform] [hivemq] [1b85ee1f] INFO  - [HiveMQ Platform Operator Init App 1.7.0-SNAPSHOT] Successfully enabled extension hivemq-prometheus-extension
2025-01-29 14:00:28,042 INFO c.h.h.t.HelmChartContainer - [test-hivemq-platform] [hivemq] [1b85ee1f] INFO  - [HiveMQ Platform Operator Init App 1.7.0-SNAPSHOT] Starting HiveMQ Platform version 4.36.0 (4.36.0)
2025-01-29 14:00:28,042 INFO c.h.h.t.HelmChartContainer - [test-hivemq-platform] [hivemq] [1b85ee1f] INFO  - [HiveMQ Platform Operator Init App 1.7.0-SNAPSHOT] Configuring the HiveMQ Platform
2025-01-29 14:00:28,132 INFO c.h.h.t.HelmChartContainer - [test-hivemq-platform] [hivemq] [1b85ee1f] INFO  - [HiveMQ Platform Operator Init App 1.7.0-SNAPSHOT] Changed logback.xml file scan period to 20 seconds
2025-01-29 14:00:28,143 INFO c.h.h.t.HelmChartContainer - [test-hivemq-platform] [hivemq] [1b85ee1f] INFO  - [HiveMQ Platform Operator Init App 1.7.0-SNAPSHOT] Starting the HiveMQ Platform
2025-01-29 14:00:28,189 INFO c.h.h.t.HelmChartContainer - [test-hivemq-platform] [hivemq] [8b808fb2] WARN  - Bridge Extension: Connect to bridge 'testbridge' failed for the 4 time, reason: connection timed out after 10000 ms: /172.17.0.3:1883
2025-01-29 14:00:28,229 INFO c.h.h.t.HelmChartContainer - [test-hivemq-platform] [hivemq] [1b85ee1f] -------------------------------------------------------------------------
2025-01-29 14:00:28,229 INFO c.h.h.t.HelmChartContainer - [test-hivemq-platform] [hivemq] [1b85ee1f] 
2025-01-29 14:00:28,229 INFO c.h.h.t.HelmChartContainer - [test-hivemq-platform] [hivemq] [1b85ee1f]                   _    _  _              __  __   ____
2025-01-29 14:00:28,229 INFO c.h.h.t.HelmChartContainer - [test-hivemq-platform] [hivemq] [1b85ee1f]                  | |  | |(_)            |  \/  | / __ \
2025-01-29 14:00:28,229 INFO c.h.h.t.HelmChartContainer - [test-hivemq-platform] [hivemq] [1b85ee1f]                  | |__| | _ __   __ ___ | \  / || |  | |
2025-01-29 14:00:28,229 INFO c.h.h.t.HelmChartContainer - [test-hivemq-platform] [hivemq] [1b85ee1f]                  |  __  || |\ \ / // _ \| |\/| || |  | |
2025-01-29 14:00:28,229 INFO c.h.h.t.HelmChartContainer - [test-hivemq-platform] [hivemq] [1b85ee1f]                  | |  | || | \ V /|  __/| |  | || |__| |
2025-01-29 14:00:28,229 INFO c.h.h.t.HelmChartContainer - [test-hivemq-platform] [hivemq] [1b85ee1f]                  |_|  |_||_|  \_/  \___||_|  |_| \___\_\
2025-01-29 14:00:28,229 INFO c.h.h.t.HelmChartContainer - [test-hivemq-platform] [hivemq] [1b85ee1f] 
2025-01-29 14:00:28,229 INFO c.h.h.t.HelmChartContainer - [test-hivemq-platform] [hivemq] [1b85ee1f] -------------------------------------------------------------------------
2025-01-29 14:00:28,229 INFO c.h.h.t.HelmChartContainer - [test-hivemq-platform] [hivemq] [1b85ee1f] 
2025-01-29 14:00:28,229 INFO c.h.h.t.HelmChartContainer - [test-hivemq-platform] [hivemq] [1b85ee1f]   HiveMQ Start Script for Linux/Unix v1.14
2025-01-29 14:00:28,229 INFO c.h.h.t.HelmChartContainer - [test-hivemq-platform] [hivemq] [1b85ee1f] 
2025-01-29 14:00:28,338 INFO c.h.h.t.HelmChartContainer - [test-hivemq-platform] [hivemq] [1b85ee1f] -------------------------------------------------------------------------
2025-01-29 14:00:28,339 INFO c.h.h.t.HelmChartContainer - [test-hivemq-platform] [hivemq] [1b85ee1f] 
2025-01-29 14:00:28,339 INFO c.h.h.t.HelmChartContainer - [test-hivemq-platform] [hivemq] [1b85ee1f]   HIVEMQ_HOME: /opt/hivemq
2025-01-29 14:00:28,339 INFO c.h.h.t.HelmChartContainer - [test-hivemq-platform] [hivemq] [1b85ee1f] 
2025-01-29 14:00:28,339 INFO c.h.h.t.HelmChartContainer - [test-hivemq-platform] [hivemq] [1b85ee1f]   JAVA_OPTS: -XX:+UnlockExperimentalVMOptions -XX:InitialRAMPercentage=50 -XX:MaxRAMPercentage=50 -Djava.net.preferIPv4Stack=true --add-opens java.base/java.lang=ALL-UNNAMED --add-opens java.base/java.nio=ALL-UNNAMED --add-opens java.base/sun.nio.ch=ALL-UNNAMED --add-opens jdk.management/com.sun.management.internal=ALL-UNNAMED --add-exports java.base/jdk.internal.misc=ALL-UNNAMED -Djava.security.egd=file:/dev/./urandom -Dcom.sun.management.jmxremote -Dcom.sun.management.jmxremote.port=9010 -Dcom.sun.management.jmxremote.local.only=false -Dcom.sun.management.jmxremote.authenticate=false -Dcom.sun.management.jmxremote.ssl=false -Duser.language=en -Duser.region=US -XX:+CrashOnOutOfMemoryError -XX:+HeapDumpOnOutOfMemoryError
2025-01-29 14:00:28,339 INFO c.h.h.t.HelmChartContainer - [test-hivemq-platform] [hivemq] [1b85ee1f] 
2025-01-29 14:00:28,339 INFO c.h.h.t.HelmChartContainer - [test-hivemq-platform] [hivemq] [1b85ee1f]   JAVA_VERSION: 21
2025-01-29 14:00:28,339 INFO c.h.h.t.HelmChartContainer - [test-hivemq-platform] [hivemq] [1b85ee1f] 
2025-01-29 14:00:28,339 INFO c.h.h.t.HelmChartContainer - [test-hivemq-platform] [hivemq] [1b85ee1f] -------------------------------------------------------------------------
2025-01-29 14:00:28,339 INFO c.h.h.t.HelmChartContainer - [test-hivemq-platform] [hivemq] [1b85ee1f] 
2025-01-29 14:00:30,056 INFO c.h.h.t.HelmChartContainer - [EVENT] Warning [Unhealthy] Readiness probe failed: HTTP probe failed with statuscode: 503 [helmupgradeextensionit:test-hivemq-platform-1]
2025-01-29 14:00:30,057 INFO c.h.h.t.HelmChartContainer - Received Unhealthy event for container hivemq in pod test-hivemq-platform-1 [1b85ee1f-7130-415e-b566-295a97bb02cb]
2025-01-29 14:00:30,079 INFO c.h.h.t.HelmChartContainer - [hivemq-test-hivemq-platform] [hivemq-platform-operator] [12b7a3f9] 14:00:30.077 [pool-6-thread-13] DEBUG c.h.p.o.d.PodServiceAccountResource - [helmupgr] Desired PodServiceAccountResource (serviceAccountName: hivemq-platform-pod-test-hivemq-platform)
2025-01-29 14:00:30,080 INFO c.h.h.t.HelmChartContainer - [hivemq-test-hivemq-platform] [hivemq-platform-operator] [12b7a3f9] 14:00:30.078 [pool-6-thread-11] DEBUG c.h.p.o.dependants.PodInfoConfigMap - [helmupgr] Desired PodInfo ConfigMap (1 extensions) (1 enabled)
2025-01-29 14:00:30,081 INFO c.h.h.t.HelmChartContainer - [hivemq-test-hivemq-platform] [hivemq-platform-operator] [12b7a3f9] 14:00:30.080 [pool-6-thread-11] DEBUG c.h.p.o.dependants.PodInfoConfigMap - [helmupgr] Desired PodInfo ConfigMap (metrics port: 9399) (metrics path: /)
2025-01-29 14:00:30,082 INFO c.h.h.t.HelmChartContainer - [hivemq-test-hivemq-platform] [hivemq-platform-operator] [12b7a3f9] 14:00:30.080 [pool-6-thread-11] DEBUG c.h.p.o.dependants.PodInfoConfigMap - [helmupgr] Desired PodInfo ConfigMap (extension state hash: -787112544)
2025-01-29 14:00:30,082 INFO c.h.h.t.HelmChartContainer - [hivemq-test-hivemq-platform] [hivemq-platform-operator] [12b7a3f9] 14:00:30.079 [pool-6-thread-15] DEBUG c.h.p.o.d.PlatformServiceResource - [helmupgr] Desired Platform services (3 services)
2025-01-29 14:00:30,085 INFO c.h.h.t.HelmChartContainer - [hivemq-test-hivemq-platform] [hivemq-platform-operator] [12b7a3f9] 14:00:30.084 [pool-6-thread-15] DEBUG c.h.p.o.d.StatefulSetResource - [helmupgr] Desired StatefulSet (2 replicas) for status ROLLING_RESTART (SURGE_IN_PROGRESS)
2025-01-29 14:00:30,089 INFO c.h.h.t.HelmChartContainer - [hivemq-test-hivemq-platform] [hivemq-platform-operator] [12b7a3f9] 14:00:30.087 [ReconcilerExecutor-hivemq-controller-128] INFO  c.h.p.o.HiveMQPlatformReconciler - [helmupgr] Reconciling HiveMQ Platform 'test-hivemq-platform' in namespace 'helmupgradeextensionit'
2025-01-29 14:00:30,090 INFO c.h.h.t.HelmChartContainer - [hivemq-test-hivemq-platform] [hivemq-platform-operator] [12b7a3f9] 14:00:30.088 [ReconcilerExecutor-hivemq-controller-128] DEBUG c.h.p.o.HiveMQPlatformReconciler - [helmupgr] Custom Resource Status ROLLING_RESTART - HiveMQ Platform is starting a surge Pod (rolling restart) (SURGE_IN_PROGRESS)
2025-01-29 14:00:30,090 INFO c.h.h.t.HelmChartContainer - [hivemq-test-hivemq-platform] [hivemq-platform-operator] [12b7a3f9] 14:00:30.088 [ReconcilerExecutor-hivemq-controller-128] DEBUG c.h.p.o.HiveMQPlatformReconciler - [helmupgr] Custom Resource Spec (replicas: 1) (extensions: 1)
2025-01-29 14:00:30,091 INFO c.h.h.t.HelmChartContainer - [hivemq-test-hivemq-platform] [hivemq-platform-operator] [12b7a3f9] 14:00:30.089 [ReconcilerExecutor-hivemq-controller-128] DEBUG c.h.p.o.HiveMQPlatformReconciler - [helmupgr] StatefulSet Status (revision: test-hivemq-platform-7c6d7d4d7b, replicas: 2, available: 1, ready: 1, current: 1, updated: 1)
2025-01-29 14:00:30,092 INFO c.h.h.t.HelmChartContainer - [hivemq-test-hivemq-platform] [hivemq-platform-operator] [12b7a3f9] 14:00:30.089 [ReconcilerExecutor-hivemq-controller-128] DEBUG c.h.p.o.HiveMQPlatformReconciler - [helmupgr] StatefulSet Spec (replicas: 2, init containers: 1, containers: 1, volumes: 4)
2025-01-29 14:00:30,093 INFO c.h.h.t.HelmChartContainer - [hivemq-test-hivemq-platform] [hivemq-platform-operator] [12b7a3f9] 14:00:30.090 [ReconcilerExecutor-hivemq-controller-128] DEBUG c.h.p.o.h.HiveMQPlatformReconcilerErrorHandler - [helmupgr] Pod 'test-hivemq-platform-1' phase Running
2025-01-29 14:00:30,093 INFO c.h.h.t.HelmChartContainer - [hivemq-test-hivemq-platform] [hivemq-platform-operator] [12b7a3f9] 14:00:30.091 [ReconcilerExecutor-hivemq-controller-128] DEBUG c.h.p.o.h.HiveMQPlatformReconcilerErrorHandler - [helmupgr] Pod 'test-hivemq-platform-0' phase Running
2025-01-29 14:00:30,093 INFO c.h.h.t.HelmChartContainer - [hivemq-test-hivemq-platform] [hivemq-platform-operator] [12b7a3f9] 14:00:30.092 [ReconcilerExecutor-hivemq-controller-128] DEBUG c.h.p.o.h.HiveMQPlatformReconcilerRollingRestartHandler - [helmupgr] Rolling restart is waiting for 1 of 2 replicas
2025-01-29 14:00:30,851 INFO c.h.h.t.HelmChartContainer - [test-hivemq-platform] [hivemq] [8b808fb2] WARN  - Bridge Extension: Connect to bridge 'testbridge' failed for the 4 time, reason: connection timed out after 10000 ms: /172.17.0.3:1883
2025-01-29 14:00:30,931 INFO c.h.h.t.HelmChartContainer - [test-hivemq-platform] [hivemq] [1b85ee1f] INFO  - Starting HiveMQ Enterprise Server
2025-01-29 14:00:30,938 INFO c.h.h.t.HelmChartContainer - [test-hivemq-platform] [hivemq] [1b85ee1f] INFO  - HiveMQ version: 4.36.0
2025-01-29 14:00:30,939 INFO c.h.h.t.HelmChartContainer - [test-hivemq-platform] [hivemq] [1b85ee1f] INFO  - HiveMQ home directory: /opt/hivemq
2025-01-29 14:00:30,939 INFO c.h.h.t.HelmChartContainer - [test-hivemq-platform] [hivemq] [1b85ee1f] INFO  - Log Configuration was overridden by /opt/hivemq/conf/logback.xml
2025-01-29 14:00:32,136 INFO c.h.h.t.HelmChartContainer - [test-hivemq-platform] [hivemq] [1b85ee1f] INFO  - Successfully loaded configuration from '/opt/hivemq/conf-k8s/config.xml'.
2025-01-29 14:00:32,437 INFO c.h.h.t.HelmChartContainer - [test-hivemq-platform] [hivemq] [1b85ee1f] INFO  - This node's ID is 5W075
2025-01-29 14:00:32,437 INFO c.h.h.t.HelmChartContainer - [test-hivemq-platform] [hivemq] [1b85ee1f] INFO  - Clustering is enabled
2025-01-29 14:00:35,437 INFO c.h.h.t.HelmChartContainer - [test-hivemq-platform] [hivemq] [1b85ee1f] WARN  - [HiveMQ Platform Operator Init App 1.7.0-SNAPSHOT] Cannot connect to Health API for readiness: null
2025-01-29 14:00:35,444 INFO c.h.h.t.HelmChartContainer - [EVENT] Warning [Unhealthy] Readiness probe failed: HTTP probe failed with statuscode: 503 [helmupgradeextensionit:test-hivemq-platform-1]
2025-01-29 14:00:35,444 INFO c.h.h.t.HelmChartContainer - Received Unhealthy event for container hivemq in pod test-hivemq-platform-1 [1b85ee1f-7130-415e-b566-295a97bb02cb]
2025-01-29 14:00:37,332 INFO c.h.h.t.HelmChartContainer - [test-hivemq-platform] [hivemq] [1b85ee1f] WARN  - [HiveMQ Platform Operator Init App 1.7.0-SNAPSHOT] Cannot connect to Health API for liveness: null
2025-01-29 14:00:37,332 INFO c.h.h.t.HelmChartContainer - [test-hivemq-platform] [hivemq] [1b85ee1f] INFO  - [HiveMQ Platform Operator Init App 1.7.0-SNAPSHOT] Returning default Health API response 200 for liveness
2025-01-29 14:00:40,098 INFO c.h.h.t.HelmChartContainer - [hivemq-test-hivemq-platform] [hivemq-platform-operator] [12b7a3f9] 14:00:40.094 [pool-6-thread-28] DEBUG c.h.p.o.d.PlatformServiceResource - [helmupgr] Desired Platform services (3 services)
2025-01-29 14:00:40,098 INFO c.h.h.t.HelmChartContainer - [hivemq-test-hivemq-platform] [hivemq-platform-operator] [12b7a3f9] 14:00:40.095 [pool-6-thread-27] DEBUG c.h.p.o.dependants.PodInfoConfigMap - [helmupgr] Desired PodInfo ConfigMap (1 extensions) (1 enabled)
2025-01-29 14:00:40,098 INFO c.h.h.t.HelmChartContainer - [hivemq-test-hivemq-platform] [hivemq-platform-operator] [12b7a3f9] 14:00:40.096 [pool-6-thread-27] DEBUG c.h.p.o.dependants.PodInfoConfigMap - [helmupgr] Desired PodInfo ConfigMap (metrics port: 9399) (metrics path: /)
2025-01-29 14:00:40,098 INFO c.h.h.t.HelmChartContainer - [hivemq-test-hivemq-platform] [hivemq-platform-operator] [12b7a3f9] 14:00:40.096 [pool-6-thread-27] DEBUG c.h.p.o.dependants.PodInfoConfigMap - [helmupgr] Desired PodInfo ConfigMap (extension state hash: -787112544)
2025-01-29 14:00:40,098 INFO c.h.h.t.HelmChartContainer - [hivemq-test-hivemq-platform] [hivemq-platform-operator] [12b7a3f9] 14:00:40.096 [pool-6-thread-26] DEBUG c.h.p.o.d.PodServiceAccountResource - [helmupgr] Desired PodServiceAccountResource (serviceAccountName: hivemq-platform-pod-test-hivemq-platform)
2025-01-29 14:00:40,102 INFO c.h.h.t.HelmChartContainer - [hivemq-test-hivemq-platform] [hivemq-platform-operator] [12b7a3f9] 14:00:40.100 [pool-6-thread-28] DEBUG c.h.p.o.d.StatefulSetResource - [helmupgr] Desired StatefulSet (2 replicas) for status ROLLING_RESTART (SURGE_IN_PROGRESS)
2025-01-29 14:00:40,104 INFO c.h.h.t.HelmChartContainer - [hivemq-test-hivemq-platform] [hivemq-platform-operator] [12b7a3f9] 14:00:40.103 [ReconcilerExecutor-hivemq-controller-129] INFO  c.h.p.o.HiveMQPlatformReconciler - [helmupgr] Reconciling HiveMQ Platform 'test-hivemq-platform' in namespace 'helmupgradeextensionit'
2025-01-29 14:00:40,104 INFO c.h.h.t.HelmChartContainer - [hivemq-test-hivemq-platform] [hivemq-platform-operator] [12b7a3f9] 14:00:40.103 [ReconcilerExecutor-hivemq-controller-129] DEBUG c.h.p.o.HiveMQPlatformReconciler - [helmupgr] Custom Resource Status ROLLING_RESTART - HiveMQ Platform is starting a surge Pod (rolling restart) (SURGE_IN_PROGRESS)
2025-01-29 14:00:40,104 INFO c.h.h.t.HelmChartContainer - [hivemq-test-hivemq-platform] [hivemq-platform-operator] [12b7a3f9] 14:00:40.103 [ReconcilerExecutor-hivemq-controller-129] DEBUG c.h.p.o.HiveMQPlatformReconciler - [helmupgr] Custom Resource Spec (replicas: 1) (extensions: 1)
2025-01-29 14:00:40,108 INFO c.h.h.t.HelmChartContainer - [hivemq-test-hivemq-platform] [hivemq-platform-operator] [12b7a3f9] 14:00:40.105 [ReconcilerExecutor-hivemq-controller-129] DEBUG c.h.p.o.HiveMQPlatformReconciler - [helmupgr] StatefulSet Status (revision: test-hivemq-platform-7c6d7d4d7b, replicas: 2, available: 1, ready: 1, current: 1, updated: 1)
2025-01-29 14:00:40,108 INFO c.h.h.t.HelmChartContainer - [hivemq-test-hivemq-platform] [hivemq-platform-operator] [12b7a3f9] 14:00:40.105 [ReconcilerExecutor-hivemq-controller-129] DEBUG c.h.p.o.HiveMQPlatformReconciler - [helmupgr] StatefulSet Spec (replicas: 2, init containers: 1, containers: 1, volumes: 4)
2025-01-29 14:00:40,108 INFO c.h.h.t.HelmChartContainer - [hivemq-test-hivemq-platform] [hivemq-platform-operator] [12b7a3f9] 14:00:40.106 [ReconcilerExecutor-hivemq-controller-129] DEBUG c.h.p.o.h.HiveMQPlatformReconcilerErrorHandler - [helmupgr] Pod 'test-hivemq-platform-1' phase Running
2025-01-29 14:00:40,108 INFO c.h.h.t.HelmChartContainer - [hivemq-test-hivemq-platform] [hivemq-platform-operator] [12b7a3f9] 14:00:40.107 [ReconcilerExecutor-hivemq-controller-129] DEBUG c.h.p.o.h.HiveMQPlatformReconcilerErrorHandler - [helmupgr] Pod 'test-hivemq-platform-0' phase Running
2025-01-29 14:00:40,108 INFO c.h.h.t.HelmChartContainer - [hivemq-test-hivemq-platform] [hivemq-platform-operator] [12b7a3f9] 14:00:40.107 [ReconcilerExecutor-hivemq-controller-129] DEBUG c.h.p.o.h.HiveMQPlatformReconcilerRollingRestartHandler - [helmupgr] Rolling restart is waiting for 1 of 2 replicas
2025-01-29 14:00:40,131 INFO c.h.h.t.HelmChartContainer - [test-hivemq-platform] [hivemq] [1b85ee1f] WARN  - [HiveMQ Platform Operator Init App 1.7.0-SNAPSHOT] Cannot connect to Health API for readiness: null
2025-01-29 14:00:40,136 INFO c.h.h.t.HelmChartContainer - [EVENT] Warning [Unhealthy] Readiness probe failed: HTTP probe failed with statuscode: 503 [helmupgradeextensionit:test-hivemq-platform-1]
2025-01-29 14:00:40,136 INFO c.h.h.t.HelmChartContainer - Received Unhealthy event for container hivemq in pod test-hivemq-platform-1 [1b85ee1f-7130-415e-b566-295a97bb02cb]
2025-01-29 14:00:45,129 INFO c.h.h.t.HelmChartContainer - [test-hivemq-platform] [hivemq] [1b85ee1f] WARN  - [HiveMQ Platform Operator Init App 1.7.0-SNAPSHOT] Cannot connect to Health API for readiness: null
2025-01-29 14:00:45,133 INFO c.h.h.t.HelmChartContainer - [EVENT] Warning [Unhealthy] Readiness probe failed: HTTP probe failed with statuscode: 503 [helmupgradeextensionit:test-hivemq-platform-1]
2025-01-29 14:00:45,133 INFO c.h.h.t.HelmChartContainer - Received Unhealthy event for container hivemq in pod test-hivemq-platform-1 [1b85ee1f-7130-415e-b566-295a97bb02cb]
2025-01-29 14:00:45,230 INFO c.h.h.t.HelmChartContainer - [test-hivemq-platform] [hivemq] [1b85ee1f] INFO  - No valid license file found. Using trial license, restricted to 25 connections.
2025-01-29 14:00:48,546 INFO c.h.h.t.HelmChartContainer - [test-hivemq-platform] [hivemq] [1b85ee1f] INFO  - No valid license file for Data Hub found. Using free license, restricted to 1 policy.
2025-01-29 14:00:49,648 INFO c.h.h.t.HelmChartContainer - [test-hivemq-platform] [hivemq] [1b85ee1f] INFO  - Audit Logger started.
2025-01-29 14:00:49,932 INFO c.h.h.t.HelmChartContainer - [test-hivemq-platform] [hivemq] [1b85ee1f] INFO  - This node uses '1' CPU cores.
2025-01-29 14:00:49,937 INFO c.h.h.t.HelmChartContainer - [test-hivemq-platform] [hivemq] [1b85ee1f] INFO  - Starting HiveMQ Health API on address 0.0.0.0 and port 8889
2025-01-29 14:00:50,112 INFO c.h.h.t.HelmChartContainer - [hivemq-test-hivemq-platform] [hivemq-platform-operator] [12b7a3f9] 14:00:50.109 [pool-6-thread-40] DEBUG c.h.p.o.d.PlatformServiceResource - [helmupgr] Desired Platform services (3 services)
2025-01-29 14:00:50,113 INFO c.h.h.t.HelmChartContainer - [hivemq-test-hivemq-platform] [hivemq-platform-operator] [12b7a3f9] 14:00:50.110 [pool-6-thread-31] DEBUG c.h.p.o.dependants.PodInfoConfigMap - [helmupgr] Desired PodInfo ConfigMap (1 extensions) (1 enabled)
2025-01-29 14:00:50,113 INFO c.h.h.t.HelmChartContainer - [hivemq-test-hivemq-platform] [hivemq-platform-operator] [12b7a3f9] 14:00:50.110 [pool-6-thread-31] DEBUG c.h.p.o.dependants.PodInfoConfigMap - [helmupgr] Desired PodInfo ConfigMap (metrics port: 9399) (metrics path: /)
2025-01-29 14:00:50,113 INFO c.h.h.t.HelmChartContainer - [hivemq-test-hivemq-platform] [hivemq-platform-operator] [12b7a3f9] 14:00:50.110 [pool-6-thread-31] DEBUG c.h.p.o.dependants.PodInfoConfigMap - [helmupgr] Desired PodInfo ConfigMap (extension state hash: -787112544)
2025-01-29 14:00:50,113 INFO c.h.h.t.HelmChartContainer - [hivemq-test-hivemq-platform] [hivemq-platform-operator] [12b7a3f9] 14:00:50.111 [pool-6-thread-36] DEBUG c.h.p.o.d.PodServiceAccountResource - [helmupgr] Desired PodServiceAccountResource (serviceAccountName: hivemq-platform-pod-test-hivemq-platform)
2025-01-29 14:00:50,117 INFO c.h.h.t.HelmChartContainer - [hivemq-test-hivemq-platform] [hivemq-platform-operator] [12b7a3f9] 14:00:50.114 [pool-6-thread-36] DEBUG c.h.p.o.d.StatefulSetResource - [helmupgr] Desired StatefulSet (2 replicas) for status ROLLING_RESTART (SURGE_IN_PROGRESS)
2025-01-29 14:00:50,119 INFO c.h.h.t.HelmChartContainer - [hivemq-test-hivemq-platform] [hivemq-platform-operator] [12b7a3f9] 14:00:50.118 [ReconcilerExecutor-hivemq-controller-130] INFO  c.h.p.o.HiveMQPlatformReconciler - [helmupgr] Reconciling HiveMQ Platform 'test-hivemq-platform' in namespace 'helmupgradeextensionit'
2025-01-29 14:00:50,119 INFO c.h.h.t.HelmChartContainer - [hivemq-test-hivemq-platform] [hivemq-platform-operator] [12b7a3f9] 14:00:50.118 [ReconcilerExecutor-hivemq-controller-130] DEBUG c.h.p.o.HiveMQPlatformReconciler - [helmupgr] Custom Resource Status ROLLING_RESTART - HiveMQ Platform is starting a surge Pod (rolling restart) (SURGE_IN_PROGRESS)
2025-01-29 14:00:50,119 INFO c.h.h.t.HelmChartContainer - [hivemq-test-hivemq-platform] [hivemq-platform-operator] [12b7a3f9] 14:00:50.118 [ReconcilerExecutor-hivemq-controller-130] DEBUG c.h.p.o.HiveMQPlatformReconciler - [helmupgr] Custom Resource Spec (replicas: 1) (extensions: 1)
2025-01-29 14:00:50,121 INFO c.h.h.t.HelmChartContainer - [hivemq-test-hivemq-platform] [hivemq-platform-operator] [12b7a3f9] 14:00:50.119 [ReconcilerExecutor-hivemq-controller-130] DEBUG c.h.p.o.HiveMQPlatformReconciler - [helmupgr] StatefulSet Status (revision: test-hivemq-platform-7c6d7d4d7b, replicas: 2, available: 1, ready: 1, current: 1, updated: 1)
2025-01-29 14:00:50,122 INFO c.h.h.t.HelmChartContainer - [hivemq-test-hivemq-platform] [hivemq-platform-operator] [12b7a3f9] 14:00:50.120 [ReconcilerExecutor-hivemq-controller-130] DEBUG c.h.p.o.HiveMQPlatformReconciler - [helmupgr] StatefulSet Spec (replicas: 2, init containers: 1, containers: 1, volumes: 4)
2025-01-29 14:00:50,122 INFO c.h.h.t.HelmChartContainer - [hivemq-test-hivemq-platform] [hivemq-platform-operator] [12b7a3f9] 14:00:50.120 [ReconcilerExecutor-hivemq-controller-130] DEBUG c.h.p.o.h.HiveMQPlatformReconcilerErrorHandler - [helmupgr] Pod 'test-hivemq-platform-1' phase Running
2025-01-29 14:00:50,124 INFO c.h.h.t.HelmChartContainer - [hivemq-test-hivemq-platform] [hivemq-platform-operator] [12b7a3f9] 14:00:50.123 [ReconcilerExecutor-hivemq-controller-130] DEBUG c.h.p.o.h.HiveMQPlatformReconcilerErrorHandler - [helmupgr] Pod 'test-hivemq-platform-0' phase Running
2025-01-29 14:00:50,125 INFO c.h.h.t.HelmChartContainer - [hivemq-test-hivemq-platform] [hivemq-platform-operator] [12b7a3f9] 14:00:50.124 [ReconcilerExecutor-hivemq-controller-130] DEBUG c.h.p.o.h.HiveMQPlatformReconcilerRollingRestartHandler - [helmupgr] Rolling restart is waiting for 1 of 2 replicas
2025-01-29 14:00:50,130 INFO c.h.h.t.HelmChartContainer - [test-hivemq-platform] [hivemq] [1b85ee1f] WARN  - [HiveMQ Platform Operator Init App 1.7.0-SNAPSHOT] Cannot connect to Health API for readiness: null
2025-01-29 14:00:50,136 INFO c.h.h.t.HelmChartContainer - [EVENT] Warning [Unhealthy] Readiness probe failed: HTTP probe failed with statuscode: 503 [helmupgradeextensionit:test-hivemq-platform-1]
2025-01-29 14:00:50,137 INFO c.h.h.t.HelmChartContainer - Received Unhealthy event for container hivemq in pod test-hivemq-platform-1 [1b85ee1f-7130-415e-b566-295a97bb02cb]
2025-01-29 14:00:50,843 INFO c.h.h.t.HelmChartContainer - [test-hivemq-platform] [hivemq] [1b85ee1f] INFO  - Started HiveMQ Health API in 905ms
2025-01-29 14:00:51,458 INFO c.h.h.t.HelmChartContainer - [test-hivemq-platform] [hivemq] [1b85ee1f] INFO  - Starting HiveMQ extension system.
2025-01-29 14:00:53,528 INFO c.h.h.t.HelmChartContainer - [test-hivemq-platform] [hivemq] [1b85ee1f] INFO  - No license found for enterprise extension with name "HiveMQ Enterprise Bridge Extension". Entering extension trial mode. "HiveMQ Enterprise Bridge Extension" will be disabled in 5 hours.
2025-01-29 14:00:53,646 INFO c.h.h.t.HelmChartContainer - [test-hivemq-platform] [hivemq] [1b85ee1f] INFO  - Starting extension with id "hivemq-dns-cluster-discovery" at /opt/hivemq/extensions/hivemq-dns-cluster-discovery
2025-01-29 14:00:54,135 INFO c.h.h.t.HelmChartContainer - [test-hivemq-platform] [hivemq] [1b85ee1f] INFO  - Using TCP cluster transport on address 10.42.0.9 and port 7000
2025-01-29 14:00:54,230 INFO c.h.h.t.HelmChartContainer - [test-hivemq-platform] [hivemq] [1b85ee1f] INFO  - Extension "DNS Cluster Discovery Extension" version 4.3.2 started successfully.
2025-01-29 14:00:54,230 INFO c.h.h.t.HelmChartContainer - [test-hivemq-platform] [hivemq] [1b85ee1f] INFO  - Starting extension with id "hivemq-bridge-extension" at /opt/hivemq/extensions/hivemq-bridge-extension
2025-01-29 14:00:54,230 INFO c.h.h.t.HelmChartContainer - [test-hivemq-platform] [hivemq] [1b85ee1f] INFO  - Using extension cluster discovery
2025-01-29 14:00:54,869 INFO c.h.h.t.HelmChartContainer - [test-hivemq-platform] [hivemq] [8b808fb2] WARN  - Bridge Extension: Connect to bridge 'testbridge' failed for the 5 time, reason: connection timed out after 10000 ms: /172.17.0.3:1883
2025-01-29 14:00:55,031 INFO c.h.h.t.HelmChartContainer - [test-hivemq-platform] [hivemq] [1b85ee1f] INFO  - HiveMQ Enterprise Bridge Extension: Successfully loaded configuration from '/opt/hivemq/extensions/hivemq-bridge-extension/conf/config.xml'.
2025-01-29 14:00:55,807 INFO c.h.h.t.HelmChartContainer - [test-hivemq-platform] [hivemq] [8b808fb2] INFO  - Cluster nodes found by discovery: [Gs7jf|1] (2) [Gs7jf, 5W075].
2025-01-29 14:00:55,930 INFO c.h.h.t.HelmChartContainer - [test-hivemq-platform] [hivemq] [1b85ee1f] INFO  - Bridge Extension: Connecting to remote brokers...
2025-01-29 14:00:55,933 INFO c.h.h.t.HelmChartContainer - [test-hivemq-platform] [hivemq] [1b85ee1f] INFO  - Cluster nodes found by discovery: [Gs7jf|1] (2) [Gs7jf, 5W075].
2025-01-29 14:00:56,102 INFO c.h.h.t.HelmChartContainer - [EVENT] Warning [Unhealthy] Readiness probe failed: Get "http://10.42.0.9:7979/readiness": context deadline exceeded (Client.Timeout exceeded while awaiting headers) [helmupgradeextensionit:test-hivemq-platform-1]
2025-01-29 14:00:56,103 INFO c.h.h.t.HelmChartContainer - Received Unhealthy event for container hivemq in pod test-hivemq-platform-1 [1b85ee1f-7130-415e-b566-295a97bb02cb]
2025-01-29 14:00:56,231 INFO c.h.h.t.HelmChartContainer - [test-hivemq-platform] [hivemq] [1b85ee1f] INFO  - Cluster size = 1, members : [Gs7jf].
2025-01-29 14:00:56,804 INFO c.h.h.t.HelmChartContainer - [test-hivemq-platform] [hivemq] [1b85ee1f] INFO  - [HiveMQ Platform Operator Init App 1.7.0-SNAPSHOT] Returning Health API response 503 for readiness
2025-01-29 14:00:57,034 INFO c.h.h.t.HelmChartContainer - [test-hivemq-platform] [hivemq] [1b85ee1f] INFO  - Starting cluster join process. This may take a while. Please do not shut down HiveMQ.
2025-01-29 14:00:57,103 INFO c.h.h.t.HelmChartContainer - [test-hivemq-platform] [hivemq] [1b85ee1f] INFO  - Cluster join process is still ongoing. Please do not shut down HiveMQ.
2025-01-29 14:00:59,049 INFO c.h.h.t.HelmChartContainer - [test-hivemq-platform] [hivemq] [8b808fb2] INFO  - Cluster size = 2, members : [Gs7jf, 5W075].
2025-01-29 14:00:59,062 INFO c.h.h.t.HelmChartContainer - [test-hivemq-platform] [hivemq] [1b85ee1f] INFO  - Cluster size = 2, members : [Gs7jf, 5W075].
2025-01-29 14:00:59,069 INFO c.h.h.t.HelmChartContainer - [test-hivemq-platform] [hivemq] [1b85ee1f] INFO  - Finished cluster join process successfully.
2025-01-29 14:00:59,155 INFO c.h.h.t.HelmChartContainer - [test-hivemq-platform] [hivemq] [8b808fb2] WARN  - Bridge Extension: Connect to bridge 'testbridge' failed for the 5 time, reason: connection timed out after 10000 ms: /172.17.0.3:1883
2025-01-29 14:01:00,059 INFO c.h.h.t.HelmChartContainer - [EVENT] Warning [Unhealthy] Readiness probe failed: HTTP probe failed with statuscode: 503 [helmupgradeextensionit:test-hivemq-platform-1]
2025-01-29 14:01:00,059 INFO c.h.h.t.HelmChartContainer - Received Unhealthy event for container hivemq in pod test-hivemq-platform-1 [1b85ee1f-7130-415e-b566-295a97bb02cb]
2025-01-29 14:01:00,129 INFO c.h.h.t.HelmChartContainer - [hivemq-test-hivemq-platform] [hivemq-platform-operator] [12b7a3f9] 14:01:00.126 [pool-6-thread-45] DEBUG c.h.p.o.d.PlatformServiceResource - [helmupgr] Desired Platform services (3 services)
2025-01-29 14:01:00,129 INFO c.h.h.t.HelmChartContainer - [hivemq-test-hivemq-platform] [hivemq-platform-operator] [12b7a3f9] 14:01:00.127 [pool-6-thread-47] DEBUG c.h.p.o.dependants.PodInfoConfigMap - [helmupgr] Desired PodInfo ConfigMap (1 extensions) (1 enabled)
2025-01-29 14:01:00,129 INFO c.h.h.t.HelmChartContainer - [hivemq-test-hivemq-platform] [hivemq-platform-operator] [12b7a3f9] 14:01:00.127 [pool-6-thread-47] DEBUG c.h.p.o.dependants.PodInfoConfigMap - [helmupgr] Desired PodInfo ConfigMap (metrics port: 9399) (metrics path: /)
2025-01-29 14:01:00,129 INFO c.h.h.t.HelmChartContainer - [hivemq-test-hivemq-platform] [hivemq-platform-operator] [12b7a3f9] 14:01:00.127 [pool-6-thread-47] DEBUG c.h.p.o.dependants.PodInfoConfigMap - [helmupgr] Desired PodInfo ConfigMap (extension state hash: -787112544)
2025-01-29 14:01:00,129 INFO c.h.h.t.HelmChartContainer - [hivemq-test-hivemq-platform] [hivemq-platform-operator] [12b7a3f9] 14:01:00.128 [pool-6-thread-44] DEBUG c.h.p.o.d.PodServiceAccountResource - [helmupgr] Desired PodServiceAccountResource (serviceAccountName: hivemq-platform-pod-test-hivemq-platform)
2025-01-29 14:01:00,134 INFO c.h.h.t.HelmChartContainer - [hivemq-test-hivemq-platform] [hivemq-platform-operator] [12b7a3f9] 14:01:00.134 [pool-6-thread-45] DEBUG c.h.p.o.d.StatefulSetResource - [helmupgr] Desired StatefulSet (2 replicas) for status ROLLING_RESTART (SURGE_IN_PROGRESS)
2025-01-29 14:01:00,136 INFO c.h.h.t.HelmChartContainer - [hivemq-test-hivemq-platform] [hivemq-platform-operator] [12b7a3f9] 14:01:00.136 [ReconcilerExecutor-hivemq-controller-131] INFO  c.h.p.o.HiveMQPlatformReconciler - [helmupgr] Reconciling HiveMQ Platform 'test-hivemq-platform' in namespace 'helmupgradeextensionit'
2025-01-29 14:01:00,137 INFO c.h.h.t.HelmChartContainer - [hivemq-test-hivemq-platform] [hivemq-platform-operator] [12b7a3f9] 14:01:00.136 [ReconcilerExecutor-hivemq-controller-131] DEBUG c.h.p.o.HiveMQPlatformReconciler - [helmupgr] Custom Resource Status ROLLING_RESTART - HiveMQ Platform is starting a surge Pod (rolling restart) (SURGE_IN_PROGRESS)
2025-01-29 14:01:00,138 INFO c.h.h.t.HelmChartContainer - [hivemq-test-hivemq-platform] [hivemq-platform-operator] [12b7a3f9] 14:01:00.136 [ReconcilerExecutor-hivemq-controller-131] DEBUG c.h.p.o.HiveMQPlatformReconciler - [helmupgr] Custom Resource Spec (replicas: 1) (extensions: 1)
2025-01-29 14:01:00,139 INFO c.h.h.t.HelmChartContainer - [hivemq-test-hivemq-platform] [hivemq-platform-operator] [12b7a3f9] 14:01:00.137 [ReconcilerExecutor-hivemq-controller-131] DEBUG c.h.p.o.HiveMQPlatformReconciler - [helmupgr] StatefulSet Status (revision: test-hivemq-platform-7c6d7d4d7b, replicas: 2, available: 1, ready: 1, current: 1, updated: 1)
2025-01-29 14:01:00,139 INFO c.h.h.t.HelmChartContainer - [hivemq-test-hivemq-platform] [hivemq-platform-operator] [12b7a3f9] 14:01:00.138 [ReconcilerExecutor-hivemq-controller-131] DEBUG c.h.p.o.HiveMQPlatformReconciler - [helmupgr] StatefulSet Spec (replicas: 2, init containers: 1, containers: 1, volumes: 4)
2025-01-29 14:01:00,141 INFO c.h.h.t.HelmChartContainer - [hivemq-test-hivemq-platform] [hivemq-platform-operator] [12b7a3f9] 14:01:00.139 [ReconcilerExecutor-hivemq-controller-131] DEBUG c.h.p.o.h.HiveMQPlatformReconcilerErrorHandler - [helmupgr] Pod 'test-hivemq-platform-1' phase Running
2025-01-29 14:01:00,141 INFO c.h.h.t.HelmChartContainer - [hivemq-test-hivemq-platform] [hivemq-platform-operator] [12b7a3f9] 14:01:00.140 [ReconcilerExecutor-hivemq-controller-131] DEBUG c.h.p.o.h.HiveMQPlatformReconcilerErrorHandler - [helmupgr] Pod 'test-hivemq-platform-0' phase Running
2025-01-29 14:01:00,141 INFO c.h.h.t.HelmChartContainer - [hivemq-test-hivemq-platform] [hivemq-platform-operator] [12b7a3f9] 14:01:00.140 [ReconcilerExecutor-hivemq-controller-131] DEBUG c.h.p.o.h.HiveMQPlatformReconcilerRollingRestartHandler - [helmupgr] Rolling restart is waiting for 1 of 2 replicas
2025-01-29 14:01:05,059 INFO c.h.h.t.HelmChartContainer - [EVENT] Warning [Unhealthy] Readiness probe failed: HTTP probe failed with statuscode: 503 [helmupgradeextensionit:test-hivemq-platform-1]
2025-01-29 14:01:05,060 INFO c.h.h.t.HelmChartContainer - Received Unhealthy event for container hivemq in pod test-hivemq-platform-1 [1b85ee1f-7130-415e-b566-295a97bb02cb]
2025-01-29 14:01:06,950 INFO c.h.h.t.HelmChartContainer - [test-hivemq-platform] [hivemq] [1b85ee1f] WARN  - Bridge Extension: Connect to bridge 'testbridge' failed for the 1 time, reason: connection timed out after 10000 ms: /172.17.0.3:1883
2025-01-29 14:01:06,950 INFO c.h.h.t.HelmChartContainer - [test-hivemq-platform] [hivemq] [1b85ee1f] WARN  - Bridge Extension: Connect to bridge 'testbridge' failed for the 1 time, reason: connection timed out after 10000 ms: /172.17.0.3:1883
2025-01-29 14:01:07,332 INFO c.h.h.t.HelmChartContainer - [test-hivemq-platform] [hivemq] [1b85ee1f] INFO  - [HiveMQ Platform Operator Init App 1.7.0-SNAPSHOT] Returning Health API response 200 for liveness
2025-01-29 14:01:10,059 INFO c.h.h.t.HelmChartContainer - [EVENT] Warning [Unhealthy] Readiness probe failed: HTTP probe failed with statuscode: 503 [helmupgradeextensionit:test-hivemq-platform-1]
2025-01-29 14:01:10,059 INFO c.h.h.t.HelmChartContainer - Received Unhealthy event for container hivemq in pod test-hivemq-platform-1 [1b85ee1f-7130-415e-b566-295a97bb02cb]
2025-01-29 14:01:10,143 INFO c.h.h.t.HelmChartContainer - [hivemq-test-hivemq-platform] [hivemq-platform-operator] [12b7a3f9] 14:01:10.142 [pool-6-thread-1] DEBUG c.h.p.o.d.PlatformServiceResource - [helmupgr] Desired Platform services (3 services)
2025-01-29 14:01:10,147 INFO c.h.h.t.HelmChartContainer - [hivemq-test-hivemq-platform] [hivemq-platform-operator] [12b7a3f9] 14:01:10.144 [pool-6-thread-6] DEBUG c.h.p.o.d.PodServiceAccountResource - [helmupgr] Desired PodServiceAccountResource (serviceAccountName: hivemq-platform-pod-test-hivemq-platform)
2025-01-29 14:01:10,147 INFO c.h.h.t.HelmChartContainer - [hivemq-test-hivemq-platform] [hivemq-platform-operator] [12b7a3f9] 14:01:10.144 [pool-6-thread-10] DEBUG c.h.p.o.dependants.PodInfoConfigMap - [helmupgr] Desired PodInfo ConfigMap (1 extensions) (1 enabled)
2025-01-29 14:01:10,147 INFO c.h.h.t.HelmChartContainer - [hivemq-test-hivemq-platform] [hivemq-platform-operator] [12b7a3f9] 14:01:10.144 [pool-6-thread-10] DEBUG c.h.p.o.dependants.PodInfoConfigMap - [helmupgr] Desired PodInfo ConfigMap (metrics port: 9399) (metrics path: /)
2025-01-29 14:01:10,147 INFO c.h.h.t.HelmChartContainer - [hivemq-test-hivemq-platform] [hivemq-platform-operator] [12b7a3f9] 14:01:10.144 [pool-6-thread-10] DEBUG c.h.p.o.dependants.PodInfoConfigMap - [helmupgr] Desired PodInfo ConfigMap (extension state hash: -787112544)
2025-01-29 14:01:10,149 INFO c.h.h.t.HelmChartContainer - [hivemq-test-hivemq-platform] [hivemq-platform-operator] [12b7a3f9] 14:01:10.148 [pool-6-thread-1] DEBUG c.h.p.o.d.StatefulSetResource - [helmupgr] Desired StatefulSet (2 replicas) for status ROLLING_RESTART (SURGE_IN_PROGRESS)
2025-01-29 14:01:10,152 INFO c.h.h.t.HelmChartContainer - [hivemq-test-hivemq-platform] [hivemq-platform-operator] [12b7a3f9] 14:01:10.151 [ReconcilerExecutor-hivemq-controller-132] INFO  c.h.p.o.HiveMQPlatformReconciler - [helmupgr] Reconciling HiveMQ Platform 'test-hivemq-platform' in namespace 'helmupgradeextensionit'
2025-01-29 14:01:10,152 INFO c.h.h.t.HelmChartContainer - [hivemq-test-hivemq-platform] [hivemq-platform-operator] [12b7a3f9] 14:01:10.151 [ReconcilerExecutor-hivemq-controller-132] DEBUG c.h.p.o.HiveMQPlatformReconciler - [helmupgr] Custom Resource Status ROLLING_RESTART - HiveMQ Platform is starting a surge Pod (rolling restart) (SURGE_IN_PROGRESS)
2025-01-29 14:01:10,153 INFO c.h.h.t.HelmChartContainer - [hivemq-test-hivemq-platform] [hivemq-platform-operator] [12b7a3f9] 14:01:10.151 [ReconcilerExecutor-hivemq-controller-132] DEBUG c.h.p.o.HiveMQPlatformReconciler - [helmupgr] Custom Resource Spec (replicas: 1) (extensions: 1)
2025-01-29 14:01:10,154 INFO c.h.h.t.HelmChartContainer - [hivemq-test-hivemq-platform] [hivemq-platform-operator] [12b7a3f9] 14:01:10.153 [ReconcilerExecutor-hivemq-controller-132] DEBUG c.h.p.o.HiveMQPlatformReconciler - [helmupgr] StatefulSet Status (revision: test-hivemq-platform-7c6d7d4d7b, replicas: 2, available: 1, ready: 1, current: 1, updated: 1)
2025-01-29 14:01:10,154 INFO c.h.h.t.HelmChartContainer - [hivemq-test-hivemq-platform] [hivemq-platform-operator] [12b7a3f9] 14:01:10.153 [ReconcilerExecutor-hivemq-controller-132] DEBUG c.h.p.o.HiveMQPlatformReconciler - [helmupgr] StatefulSet Spec (replicas: 2, init containers: 1, containers: 1, volumes: 4)
2025-01-29 14:01:10,155 INFO c.h.h.t.HelmChartContainer - [hivemq-test-hivemq-platform] [hivemq-platform-operator] [12b7a3f9] 14:01:10.154 [ReconcilerExecutor-hivemq-controller-132] DEBUG c.h.p.o.h.HiveMQPlatformReconcilerErrorHandler - [helmupgr] Pod 'test-hivemq-platform-1' phase Running
2025-01-29 14:01:10,157 INFO c.h.h.t.HelmChartContainer - [hivemq-test-hivemq-platform] [hivemq-platform-operator] [12b7a3f9] 14:01:10.155 [ReconcilerExecutor-hivemq-controller-132] DEBUG c.h.p.o.h.HiveMQPlatformReconcilerErrorHandler - [helmupgr] Pod 'test-hivemq-platform-0' phase Running
2025-01-29 14:01:10,157 INFO c.h.h.t.HelmChartContainer - [hivemq-test-hivemq-platform] [hivemq-platform-operator] [12b7a3f9] 14:01:10.156 [ReconcilerExecutor-hivemq-controller-132] DEBUG c.h.p.o.h.HiveMQPlatformReconcilerRollingRestartHandler - [helmupgr] Rolling restart is waiting for 1 of 2 replicas
2025-01-29 14:01:15,059 INFO c.h.h.t.HelmChartContainer - [EVENT] Warning [Unhealthy] Readiness probe failed: HTTP probe failed with statuscode: 503 [helmupgradeextensionit:test-hivemq-platform-1]
2025-01-29 14:01:15,059 INFO c.h.h.t.HelmChartContainer - Received Unhealthy event for container hivemq in pod test-hivemq-platform-1 [1b85ee1f-7130-415e-b566-295a97bb02cb]
2025-01-29 14:01:19,110 INFO c.h.h.t.HelmChartContainer - [test-hivemq-platform] [hivemq] [1b85ee1f] WARN  - Bridge Extension: Connect to bridge 'testbridge' failed for the 2 time, reason: connection timed out after 10000 ms: /172.17.0.3:1883
2025-01-29 14:01:19,395 INFO c.h.h.t.HelmChartContainer - [test-hivemq-platform] [hivemq] [1b85ee1f] WARN  - Bridge Extension: Connect to bridge 'testbridge' failed for the 2 time, reason: connection timed out after 10000 ms: /172.17.0.3:1883
2025-01-29 14:01:19,395 INFO c.h.h.t.HelmChartContainer - [test-hivemq-platform] [hivemq] [1b85ee1f] WARN  - Bridge Extension: Not all clients could connect successfully to remote brokers. The clients will retry the connection.
2025-01-29 14:01:19,416 INFO c.h.h.t.HelmChartContainer - [test-hivemq-platform] [hivemq] [1b85ee1f] INFO  - Extension "HiveMQ Enterprise Bridge Extension" version 4.36.0 started successfully.
2025-01-29 14:01:19,416 INFO c.h.h.t.HelmChartContainer - [test-hivemq-platform] [hivemq] [1b85ee1f] INFO  - Starting extension with id "hivemq-prometheus-extension" at /opt/hivemq/extensions/hivemq-prometheus-extension
2025-01-29 14:01:19,806 INFO c.h.h.t.HelmChartContainer - [test-hivemq-platform] [hivemq] [1b85ee1f] INFO  - Started Jetty Server exposing Prometheus Servlet on URI http://0.0.0.0:9399/
2025-01-29 14:01:19,807 INFO c.h.h.t.HelmChartContainer - [test-hivemq-platform] [hivemq] [1b85ee1f] INFO  - Extension "Prometheus Monitoring Extension" version 4.0.12 started successfully.
2025-01-29 14:01:19,807 INFO c.h.h.t.HelmChartContainer - [test-hivemq-platform] [hivemq] [1b85ee1f] INFO  - Starting extension with id "hivemq-allow-all-extension" at /opt/hivemq/extensions/hivemq-allow-all-extension
2025-01-29 14:01:19,807 INFO c.h.h.t.HelmChartContainer - [test-hivemq-platform] [hivemq] [1b85ee1f] WARN  - 
2025-01-29 14:01:19,807 INFO c.h.h.t.HelmChartContainer - [test-hivemq-platform] [hivemq] [1b85ee1f] ################################################################################################################
2025-01-29 14:01:19,807 INFO c.h.h.t.HelmChartContainer - [test-hivemq-platform] [hivemq] [1b85ee1f] # This HiveMQ deployment is not secure! You are lacking Authentication and Authorization.                      #
2025-01-29 14:01:19,807 INFO c.h.h.t.HelmChartContainer - [test-hivemq-platform] [hivemq] [1b85ee1f] # Right now any MQTT client can connect to the broker with a full set of permissions.                          #
2025-01-29 14:01:19,807 INFO c.h.h.t.HelmChartContainer - [test-hivemq-platform] [hivemq] [1b85ee1f] # For production usage, add an appropriate security extension and remove the hivemq-allow-all extension.       #
2025-01-29 14:01:19,807 INFO c.h.h.t.HelmChartContainer - [test-hivemq-platform] [hivemq] [1b85ee1f] # You can download security extensions from the HiveMQ Marketplace (https://www.hivemq.com/extensions/).       #
2025-01-29 14:01:19,807 INFO c.h.h.t.HelmChartContainer - [test-hivemq-platform] [hivemq] [1b85ee1f] ################################################################################################################
2025-01-29 14:01:19,807 INFO c.h.h.t.HelmChartContainer - [test-hivemq-platform] [hivemq] [1b85ee1f] INFO  - Extension "Allow All Extension" version 1.1.1 started successfully.
2025-01-29 14:01:19,809 INFO c.h.h.t.HelmChartContainer - [test-hivemq-platform] [hivemq] [1b85ee1f] WARN  - No user for HiveMQ Control Center configured. Starting with default user
2025-01-29 14:01:19,809 INFO c.h.h.t.HelmChartContainer - [test-hivemq-platform] [hivemq] [1b85ee1f] INFO  - Starting HiveMQ Control Center on address 0.0.0.0 and port 8080
2025-01-29 14:01:19,814 INFO c.h.h.t.HelmChartContainer - [test-hivemq-platform] [hivemq] [1b85ee1f] INFO  - Mounting HiveMQ Control Center V2 Preview
2025-01-29 14:01:20,111 INFO c.h.h.t.HelmChartContainer - [EVENT] Warning [Unhealthy] Readiness probe failed: HTTP probe failed with statuscode: 503 [helmupgradeextensionit:test-hivemq-platform-1]
2025-01-29 14:01:20,112 INFO c.h.h.t.HelmChartContainer - Received Unhealthy event for container hivemq in pod test-hivemq-platform-1 [1b85ee1f-7130-415e-b566-295a97bb02cb]
2025-01-29 14:01:20,160 INFO c.h.h.t.HelmChartContainer - [hivemq-test-hivemq-platform] [hivemq-platform-operator] [12b7a3f9] 14:01:20.158 [pool-6-thread-20] DEBUG c.h.p.o.d.PlatformServiceResource - [helmupgr] Desired Platform services (3 services)
2025-01-29 14:01:20,160 INFO c.h.h.t.HelmChartContainer - [hivemq-test-hivemq-platform] [hivemq-platform-operator] [12b7a3f9] 14:01:20.159 [pool-6-thread-14] DEBUG c.h.p.o.dependants.PodInfoConfigMap - [helmupgr] Desired PodInfo ConfigMap (1 extensions) (1 enabled)
2025-01-29 14:01:20,160 INFO c.h.h.t.HelmChartContainer - [hivemq-test-hivemq-platform] [hivemq-platform-operator] [12b7a3f9] 14:01:20.159 [pool-6-thread-14] DEBUG c.h.p.o.dependants.PodInfoConfigMap - [helmupgr] Desired PodInfo ConfigMap (metrics port: 9399) (metrics path: /)
2025-01-29 14:01:20,160 INFO c.h.h.t.HelmChartContainer - [hivemq-test-hivemq-platform] [hivemq-platform-operator] [12b7a3f9] 14:01:20.159 [pool-6-thread-14] DEBUG c.h.p.o.dependants.PodInfoConfigMap - [helmupgr] Desired PodInfo ConfigMap (extension state hash: -787112544)
2025-01-29 14:01:20,161 INFO c.h.h.t.HelmChartContainer - [hivemq-test-hivemq-platform] [hivemq-platform-operator] [12b7a3f9] 14:01:20.159 [pool-6-thread-16] DEBUG c.h.p.o.d.PodServiceAccountResource - [helmupgr] Desired PodServiceAccountResource (serviceAccountName: hivemq-platform-pod-test-hivemq-platform)
2025-01-29 14:01:20,164 INFO c.h.h.t.HelmChartContainer - [hivemq-test-hivemq-platform] [hivemq-platform-operator] [12b7a3f9] 14:01:20.162 [pool-6-thread-20] DEBUG c.h.p.o.d.StatefulSetResource - [helmupgr] Desired StatefulSet (2 replicas) for status ROLLING_RESTART (SURGE_IN_PROGRESS)
2025-01-29 14:01:20,166 INFO c.h.h.t.HelmChartContainer - [hivemq-test-hivemq-platform] [hivemq-platform-operator] [12b7a3f9] 14:01:20.165 [ReconcilerExecutor-hivemq-controller-133] INFO  c.h.p.o.HiveMQPlatformReconciler - [helmupgr] Reconciling HiveMQ Platform 'test-hivemq-platform' in namespace 'helmupgradeextensionit'
2025-01-29 14:01:20,167 INFO c.h.h.t.HelmChartContainer - [hivemq-test-hivemq-platform] [hivemq-platform-operator] [12b7a3f9] 14:01:20.165 [ReconcilerExecutor-hivemq-controller-133] DEBUG c.h.p.o.HiveMQPlatformReconciler - [helmupgr] Custom Resource Status ROLLING_RESTART - HiveMQ Platform is starting a surge Pod (rolling restart) (SURGE_IN_PROGRESS)
2025-01-29 14:01:20,167 INFO c.h.h.t.HelmChartContainer - [hivemq-test-hivemq-platform] [hivemq-platform-operator] [12b7a3f9] 14:01:20.165 [ReconcilerExecutor-hivemq-controller-133] DEBUG c.h.p.o.HiveMQPlatformReconciler - [helmupgr] Custom Resource Spec (replicas: 1) (extensions: 1)
2025-01-29 14:01:20,167 INFO c.h.h.t.HelmChartContainer - [hivemq-test-hivemq-platform] [hivemq-platform-operator] [12b7a3f9] 14:01:20.167 [ReconcilerExecutor-hivemq-controller-133] DEBUG c.h.p.o.HiveMQPlatformReconciler - [helmupgr] StatefulSet Status (revision: test-hivemq-platform-7c6d7d4d7b, replicas: 2, available: 1, ready: 1, current: 1, updated: 1)
2025-01-29 14:01:20,168 INFO c.h.h.t.HelmChartContainer - [hivemq-test-hivemq-platform] [hivemq-platform-operator] [12b7a3f9] 14:01:20.167 [ReconcilerExecutor-hivemq-controller-133] DEBUG c.h.p.o.HiveMQPlatformReconciler - [helmupgr] StatefulSet Spec (replicas: 2, init containers: 1, containers: 1, volumes: 4)
2025-01-29 14:01:20,169 INFO c.h.h.t.HelmChartContainer - [hivemq-test-hivemq-platform] [hivemq-platform-operator] [12b7a3f9] 14:01:20.168 [ReconcilerExecutor-hivemq-controller-133] DEBUG c.h.p.o.h.HiveMQPlatformReconcilerErrorHandler - [helmupgr] Pod 'test-hivemq-platform-1' phase Running
2025-01-29 14:01:20,169 INFO c.h.h.t.HelmChartContainer - [hivemq-test-hivemq-platform] [hivemq-platform-operator] [12b7a3f9] 14:01:20.169 [ReconcilerExecutor-hivemq-controller-133] DEBUG c.h.p.o.h.HiveMQPlatformReconcilerErrorHandler - [helmupgr] Pod 'test-hivemq-platform-0' phase Running
2025-01-29 14:01:20,170 INFO c.h.h.t.HelmChartContainer - [hivemq-test-hivemq-platform] [hivemq-platform-operator] [12b7a3f9] 14:01:20.170 [ReconcilerExecutor-hivemq-controller-133] DEBUG c.h.p.o.h.HiveMQPlatformReconcilerRollingRestartHandler - [helmupgr] Rolling restart is waiting for 1 of 2 replicas
2025-01-29 14:01:20,509 INFO c.h.h.t.HelmChartContainer - [test-hivemq-platform] [hivemq] [1b85ee1f] INFO  - Started HiveMQ Control Center in 699ms
2025-01-29 14:01:20,534 INFO c.h.h.t.HelmChartContainer - [test-hivemq-platform] [hivemq] [1b85ee1f] INFO  - Starting TCP listener on address 0.0.0.0 and port 1883
2025-01-29 14:01:20,627 INFO c.h.h.t.HelmChartContainer - [test-hivemq-platform] [hivemq] [1b85ee1f] INFO  - Started TCP Listener on address 0.0.0.0 and on port 1883.
2025-01-29 14:01:20,628 INFO c.h.h.t.HelmChartContainer - [test-hivemq-platform] [hivemq] [1b85ee1f] INFO  - Started HiveMQ in 50187ms
2025-01-29 14:01:25,055 INFO c.h.h.t.HelmChartContainer - [test-hivemq-platform] [hivemq] [1b85ee1f] INFO  - [HiveMQ Platform Operator Init App 1.7.0-SNAPSHOT] Returning Health API response 200 for readiness
2025-01-29 14:01:25,068 INFO c.h.h.t.HelmChartContainer - [POD] test-hivemq-platform-1 [1b85ee1f-7130-415e-b566-295a97bb02cb] in helmupgradeextensionit was MODIFIED
2025-01-29 14:01:25,078 INFO c.h.h.t.HelmChartContainer - [hivemq-test-hivemq-platform] [hivemq-platform-operator] [12b7a3f9] 14:01:25.073 [pool-6-thread-23] DEBUG c.h.p.o.d.PodServiceAccountResource - [helmupgr] Desired PodServiceAccountResource (serviceAccountName: hivemq-platform-pod-test-hivemq-platform)
2025-01-29 14:01:25,078 INFO c.h.h.t.HelmChartContainer - [hivemq-test-hivemq-platform] [hivemq-platform-operator] [12b7a3f9] 14:01:25.074 [pool-6-thread-27] DEBUG c.h.p.o.d.PlatformServiceResource - [helmupgr] Desired Platform services (3 services)
2025-01-29 14:01:25,078 INFO c.h.h.t.HelmChartContainer - [hivemq-test-hivemq-platform] [hivemq-platform-operator] [12b7a3f9] 14:01:25.073 [pool-6-thread-26] DEBUG c.h.p.o.dependants.PodInfoConfigMap - [helmupgr] Desired PodInfo ConfigMap (1 extensions) (1 enabled)
2025-01-29 14:01:25,078 INFO c.h.h.t.HelmChartContainer - [hivemq-test-hivemq-platform] [hivemq-platform-operator] [12b7a3f9] 14:01:25.074 [pool-6-thread-26] DEBUG c.h.p.o.dependants.PodInfoConfigMap - [helmupgr] Desired PodInfo ConfigMap (metrics port: 9399) (metrics path: /)
2025-01-29 14:01:25,078 INFO c.h.h.t.HelmChartContainer - [hivemq-test-hivemq-platform] [hivemq-platform-operator] [12b7a3f9] 14:01:25.074 [pool-6-thread-26] DEBUG c.h.p.o.dependants.PodInfoConfigMap - [helmupgr] Desired PodInfo ConfigMap (extension state hash: -787112544)
2025-01-29 14:01:25,085 INFO c.h.h.t.HelmChartContainer - [hivemq-test-hivemq-platform] [hivemq-platform-operator] [12b7a3f9] 14:01:25.082 [pool-6-thread-21] DEBUG c.h.p.o.d.StatefulSetResource - [helmupgr] Desired StatefulSet (2 replicas) for status ROLLING_RESTART (SURGE_IN_PROGRESS)
2025-01-29 14:01:25,089 INFO c.h.h.t.HelmChartContainer - [hivemq-test-hivemq-platform] [hivemq-platform-operator] [12b7a3f9] 14:01:25.088 [ReconcilerExecutor-hivemq-controller-136] INFO  c.h.p.o.HiveMQPlatformReconciler - [helmupgr] Reconciling HiveMQ Platform 'test-hivemq-platform' in namespace 'helmupgradeextensionit'
2025-01-29 14:01:25,089 INFO c.h.h.t.HelmChartContainer - [hivemq-test-hivemq-platform] [hivemq-platform-operator] [12b7a3f9] 14:01:25.088 [ReconcilerExecutor-hivemq-controller-136] DEBUG c.h.p.o.HiveMQPlatformReconciler - [helmupgr] Custom Resource Status ROLLING_RESTART - HiveMQ Platform is starting a surge Pod (rolling restart) (SURGE_IN_PROGRESS)
2025-01-29 14:01:25,089 INFO c.h.h.t.HelmChartContainer - [hivemq-test-hivemq-platform] [hivemq-platform-operator] [12b7a3f9] 14:01:25.088 [ReconcilerExecutor-hivemq-controller-136] DEBUG c.h.p.o.HiveMQPlatformReconciler - [helmupgr] Custom Resource Spec (replicas: 1) (extensions: 1)
2025-01-29 14:01:25,090 INFO c.h.h.t.HelmChartContainer - [hivemq-test-hivemq-platform] [hivemq-platform-operator] [12b7a3f9] 14:01:25.090 [ReconcilerExecutor-hivemq-controller-136] DEBUG c.h.p.o.HiveMQPlatformReconciler - [helmupgr] StatefulSet Status (revision: test-hivemq-platform-7c6d7d4d7b, replicas: 2, available: 2, ready: 2, current: 1, updated: 1)
2025-01-29 14:01:25,091 INFO c.h.h.t.HelmChartContainer - [hivemq-test-hivemq-platform] [hivemq-platform-operator] [12b7a3f9] 14:01:25.090 [ReconcilerExecutor-hivemq-controller-136] DEBUG c.h.p.o.HiveMQPlatformReconciler - [helmupgr] StatefulSet Spec (replicas: 2, init containers: 1, containers: 1, volumes: 4)
2025-01-29 14:01:25,092 INFO c.h.h.t.HelmChartContainer - [hivemq-test-hivemq-platform] [hivemq-platform-operator] [12b7a3f9] 14:01:25.091 [ReconcilerExecutor-hivemq-controller-136] DEBUG c.h.p.o.h.HiveMQPlatformReconcilerErrorHandler - [helmupgr] Pod 'test-hivemq-platform-1' phase Running
2025-01-29 14:01:25,093 INFO c.h.h.t.HelmChartContainer - [hivemq-test-hivemq-platform] [hivemq-platform-operator] [12b7a3f9] 14:01:25.092 [ReconcilerExecutor-hivemq-controller-136] DEBUG c.h.p.o.h.HiveMQPlatformReconcilerErrorHandler - [helmupgr] Pod 'test-hivemq-platform-0' phase Running
2025-01-29 14:01:25,094 INFO c.h.h.t.HelmChartContainer - [hivemq-test-hivemq-platform] [hivemq-platform-operator] [12b7a3f9] 14:01:25.092 [ReconcilerExecutor-hivemq-controller-136] INFO  c.h.p.o.h.HiveMQPlatformReconcilerRollingRestartHandler - [helmupgr] Surge Pod started successfully
2025-01-29 14:01:25,193 INFO c.h.h.t.HelmChartContainer - [hivemq-test-hivemq-platform] [hivemq-platform-operator] [12b7a3f9] 14:01:25.192 [ReconcilerExecutor-hivemq-controller-136] DEBUG c.h.p.operator.event.EventSender - [helmupgr] Creating K8s event rolling-restart-surge-in-progress: [RollingRestart] HiveMQ Platform is restarting Pods (rolling restart)
2025-01-29 14:01:25,197 INFO c.h.h.t.HelmChartContainer - [EVENT] Normal [RollingRestart] HiveMQ Platform is restarting Pods (rolling restart) [helmupgradeextensionit:test-hivemq-platform]
2025-01-29 14:01:25,198 INFO c.h.h.t.HelmChartContainer - [hivemq-test-hivemq-platform] [hivemq-platform-operator] [12b7a3f9] 14:01:25.197 [ReconcilerExecutor-hivemq-controller-136] INFO  c.h.p.o.h.AbstractHiveMQReconcilerStateHandler - [helmupgr] Update HiveMQ Platform Status (ROLLING_RESTART [SURGE_IN_PROGRESS] -> ROLLING_RESTART [RESTART_PODS_IN_PROGRESS]): HiveMQ Platform is restarting Pods (rolling restart)
2025-01-29 14:01:25,204 DEBUG com.hivemq.helmcharts.util.K8sUtil - Comparing actual state 'ROLLING_RESTART' and waiting for 'RUNNING'
2025-01-29 14:01:25,282 INFO c.h.h.t.HelmChartContainer - [hivemq-test-hivemq-platform] [hivemq-platform-operator] [12b7a3f9] 14:01:25.279 [pool-6-thread-40] DEBUG c.h.p.o.d.PlatformServiceResource - [helmupgr] Desired Platform services (3 services)
2025-01-29 14:01:25,282 INFO c.h.h.t.HelmChartContainer - [hivemq-test-hivemq-platform] [hivemq-platform-operator] [12b7a3f9] 14:01:25.280 [pool-6-thread-31] DEBUG c.h.p.o.dependants.PodInfoConfigMap - [helmupgr] Desired PodInfo ConfigMap (1 extensions) (1 enabled)
2025-01-29 14:01:25,282 INFO c.h.h.t.HelmChartContainer - [hivemq-test-hivemq-platform] [hivemq-platform-operator] [12b7a3f9] 14:01:25.280 [pool-6-thread-31] DEBUG c.h.p.o.dependants.PodInfoConfigMap - [helmupgr] Desired PodInfo ConfigMap (metrics port: 9399) (metrics path: /)
2025-01-29 14:01:25,282 INFO c.h.h.t.HelmChartContainer - [hivemq-test-hivemq-platform] [hivemq-platform-operator] [12b7a3f9] 14:01:25.280 [pool-6-thread-31] DEBUG c.h.p.o.dependants.PodInfoConfigMap - [helmupgr] Desired PodInfo ConfigMap (extension state hash: -787112544)
2025-01-29 14:01:25,282 INFO c.h.h.t.HelmChartContainer - [hivemq-test-hivemq-platform] [hivemq-platform-operator] [12b7a3f9] 14:01:25.281 [pool-6-thread-31] DEBUG c.h.p.o.d.PodServiceAccountResource - [helmupgr] Desired PodServiceAccountResource (serviceAccountName: hivemq-platform-pod-test-hivemq-platform)
2025-01-29 14:01:25,286 INFO c.h.h.t.HelmChartContainer - [hivemq-test-hivemq-platform] [hivemq-platform-operator] [12b7a3f9] 14:01:25.285 [pool-6-thread-40] DEBUG c.h.p.o.d.StatefulSetResource - [helmupgr] Desired StatefulSet (2 replicas) for status ROLLING_RESTART (RESTART_PODS_IN_PROGRESS)
2025-01-29 14:01:25,289 INFO c.h.h.t.HelmChartContainer - [hivemq-test-hivemq-platform] [hivemq-platform-operator] [12b7a3f9] 14:01:25.288 [ReconcilerExecutor-hivemq-controller-137] INFO  c.h.p.o.HiveMQPlatformReconciler - [helmupgr] Reconciling HiveMQ Platform 'test-hivemq-platform' in namespace 'helmupgradeextensionit'
2025-01-29 14:01:25,290 INFO c.h.h.t.HelmChartContainer - [hivemq-test-hivemq-platform] [hivemq-platform-operator] [12b7a3f9] 14:01:25.288 [ReconcilerExecutor-hivemq-controller-137] DEBUG c.h.p.o.HiveMQPlatformReconciler - [helmupgr] Custom Resource Status ROLLING_RESTART - HiveMQ Platform is restarting Pods (rolling restart) (RESTART_PODS_IN_PROGRESS)
2025-01-29 14:01:25,290 INFO c.h.h.t.HelmChartContainer - [hivemq-test-hivemq-platform] [hivemq-platform-operator] [12b7a3f9] 14:01:25.288 [ReconcilerExecutor-hivemq-controller-137] DEBUG c.h.p.o.HiveMQPlatformReconciler - [helmupgr] Custom Resource Spec (replicas: 1) (extensions: 1)
2025-01-29 14:01:25,291 INFO c.h.h.t.HelmChartContainer - [hivemq-test-hivemq-platform] [hivemq-platform-operator] [12b7a3f9] 14:01:25.290 [ReconcilerExecutor-hivemq-controller-137] DEBUG c.h.p.o.HiveMQPlatformReconciler - [helmupgr] StatefulSet Status (revision: test-hivemq-platform-7c6d7d4d7b, replicas: 2, available: 2, ready: 2, current: 1, updated: 1)
2025-01-29 14:01:25,291 INFO c.h.h.t.HelmChartContainer - [hivemq-test-hivemq-platform] [hivemq-platform-operator] [12b7a3f9] 14:01:25.290 [ReconcilerExecutor-hivemq-controller-137] DEBUG c.h.p.o.HiveMQPlatformReconciler - [helmupgr] StatefulSet Spec (replicas: 2, init containers: 1, containers: 1, volumes: 4)
2025-01-29 14:01:25,292 INFO c.h.h.t.HelmChartContainer - [hivemq-test-hivemq-platform] [hivemq-platform-operator] [12b7a3f9] 14:01:25.292 [ReconcilerExecutor-hivemq-controller-137] DEBUG c.h.p.o.h.HiveMQPlatformReconcilerErrorHandler - [helmupgr] Pod 'test-hivemq-platform-1' phase Running
2025-01-29 14:01:25,293 INFO c.h.h.t.HelmChartContainer - [hivemq-test-hivemq-platform] [hivemq-platform-operator] [12b7a3f9] 14:01:25.293 [ReconcilerExecutor-hivemq-controller-137] DEBUG c.h.p.o.h.HiveMQPlatformReconcilerErrorHandler - [helmupgr] Pod 'test-hivemq-platform-0' phase Running
2025-01-29 14:01:25,384 INFO c.h.h.t.HelmChartContainer - [hivemq-test-hivemq-platform] [hivemq-platform-operator] [12b7a3f9] 14:01:25.382 [ReconcilerExecutor-hivemq-controller-137] DEBUG c.h.p.o.h.HiveMQPlatformReconcilerRollingRestartHandler - [helmupgr] Skipping Pod test-hivemq-platform-1 as it's already on the controller update revision (update revision: test-hivemq-platform-7c6d7d4d7b, pod revision: test-hivemq-platform-7c6d7d4d7b)
2025-01-29 14:01:25,479 INFO c.h.h.t.HelmChartContainer - [hivemq-test-hivemq-platform] [hivemq-platform-operator] [12b7a3f9] 14:01:25.477 [ReconcilerExecutor-hivemq-controller-137] DEBUG c.h.p.o.h.HiveMQPlatformReconcilerRollingRestartHandler - [helmupgr] The last Pod is running for 78 seconds, the next Pod can be restarted
2025-01-29 14:01:25,479 INFO c.h.h.t.HelmChartContainer - [hivemq-test-hivemq-platform] [hivemq-platform-operator] [12b7a3f9] 14:01:25.477 [ReconcilerExecutor-hivemq-controller-137] INFO  c.h.p.o.h.HiveMQPlatformReconcilerRollingRestartHandler - [helmupgr] Restarting Pod test-hivemq-platform-0 as it's not matching the controller update revision (update revision: test-hivemq-platform-7c6d7d4d7b, pod revision: test-hivemq-platform-5b6c7575b6)
2025-01-29 14:01:25,494 INFO c.h.h.t.HelmChartContainer - [POD] test-hivemq-platform-0 [8b808fb2-1e31-435d-8851-1ea8e19f9d2a] in helmupgradeextensionit was MODIFIED
2025-01-29 14:01:25,505 INFO c.h.h.t.HelmChartContainer - [hivemq-test-hivemq-platform] [hivemq-platform-operator] [12b7a3f9] 14:01:25.504 [pool-6-thread-46] DEBUG c.h.p.o.d.PlatformServiceResource - [helmupgr] Desired Platform services (3 services)
2025-01-29 14:01:25,506 INFO c.h.h.t.HelmChartContainer - [test-hivemq-platform] [hivemq] [8b808fb2] INFO  - [HiveMQ Platform Operator Init App 1.7.0-SNAPSHOT] Shutting down
2025-01-29 14:01:25,506 INFO c.h.h.t.HelmChartContainer - [test-hivemq-platform] [hivemq] [8b808fb2] INFO  - [HiveMQ Platform Operator Init App 1.7.0-SNAPSHOT] Stopping the HiveMQ Platform
2025-01-29 14:01:25,507 INFO c.h.h.t.HelmChartContainer - [EVENT] Normal [Killing] Stopping container hivemq [helmupgradeextensionit:test-hivemq-platform-0]
2025-01-29 14:01:25,507 INFO c.h.h.t.HelmChartContainer - Received Killing event for container hivemq in pod test-hivemq-platform-0 [8b808fb2-1e31-435d-8851-1ea8e19f9d2a]
2025-01-29 14:01:25,507 INFO c.h.h.t.HelmChartContainer - Container [test-hivemq-platform-0] [hivemq] [8b808fb2-1e31-435d-8851-1ea8e19f9d2a] was terminated
2025-01-29 14:01:25,507 INFO c.h.h.t.HelmChartContainer - Stopped log watcher for hivemq in pod test-hivemq-platform-0 [8b808fb2-1e31-435d-8851-1ea8e19f9d2a]
2025-01-29 14:01:25,578 INFO c.h.h.t.HelmChartContainer - [hivemq-test-hivemq-platform] [hivemq-platform-operator] [12b7a3f9] 14:01:25.576 [pool-6-thread-41] DEBUG c.h.p.o.dependants.PodInfoConfigMap - [helmupgr] Desired PodInfo ConfigMap (1 extensions) (1 enabled)
2025-01-29 14:01:25,578 INFO c.h.h.t.HelmChartContainer - [hivemq-test-hivemq-platform] [hivemq-platform-operator] [12b7a3f9] 14:01:25.576 [pool-6-thread-41] DEBUG c.h.p.o.dependants.PodInfoConfigMap - [helmupgr] Desired PodInfo ConfigMap (metrics port: 9399) (metrics path: /)
2025-01-29 14:01:25,578 INFO c.h.h.t.HelmChartContainer - [hivemq-test-hivemq-platform] [hivemq-platform-operator] [12b7a3f9] 14:01:25.576 [pool-6-thread-41] DEBUG c.h.p.o.dependants.PodInfoConfigMap - [helmupgr] Desired PodInfo ConfigMap (extension state hash: -787112544)
2025-01-29 14:01:25,579 INFO c.h.h.t.HelmChartContainer - [hivemq-test-hivemq-platform] [hivemq-platform-operator] [12b7a3f9] 14:01:25.578 [pool-6-thread-43] DEBUG c.h.p.o.d.PodServiceAccountResource - [helmupgr] Desired PodServiceAccountResource (serviceAccountName: hivemq-platform-pod-test-hivemq-platform)
2025-01-29 14:01:25,584 INFO c.h.h.t.HelmChartContainer - [hivemq-test-hivemq-platform] [hivemq-platform-operator] [12b7a3f9] 14:01:25.584 [pool-6-thread-41] DEBUG c.h.p.o.d.StatefulSetResource - [helmupgr] Desired StatefulSet (2 replicas) for status ROLLING_RESTART (RESTART_PODS_IN_PROGRESS)
2025-01-29 14:01:25,588 INFO c.h.h.t.HelmChartContainer - [hivemq-test-hivemq-platform] [hivemq-platform-operator] [12b7a3f9] 14:01:25.587 [ReconcilerExecutor-hivemq-controller-138] INFO  c.h.p.o.HiveMQPlatformReconciler - [helmupgr] Reconciling HiveMQ Platform 'test-hivemq-platform' in namespace 'helmupgradeextensionit'
2025-01-29 14:01:25,588 INFO c.h.h.t.HelmChartContainer - [hivemq-test-hivemq-platform] [hivemq-platform-operator] [12b7a3f9] 14:01:25.587 [ReconcilerExecutor-hivemq-controller-138] DEBUG c.h.p.o.HiveMQPlatformReconciler - [helmupgr] Custom Resource Status ROLLING_RESTART - HiveMQ Platform is restarting Pods (rolling restart) (RESTART_PODS_IN_PROGRESS)
2025-01-29 14:01:25,588 INFO c.h.h.t.HelmChartContainer - [hivemq-test-hivemq-platform] [hivemq-platform-operator] [12b7a3f9] 14:01:25.587 [ReconcilerExecutor-hivemq-controller-138] DEBUG c.h.p.o.HiveMQPlatformReconciler - [helmupgr] Custom Resource Spec (replicas: 1) (extensions: 1)
2025-01-29 14:01:25,589 INFO c.h.h.t.HelmChartContainer - [hivemq-test-hivemq-platform] [hivemq-platform-operator] [12b7a3f9] 14:01:25.588 [ReconcilerExecutor-hivemq-controller-138] DEBUG c.h.p.o.HiveMQPlatformReconciler - [helmupgr] StatefulSet Status (revision: test-hivemq-platform-7c6d7d4d7b, replicas: 2, available: 2, ready: 2, current: 0, updated: 1)
2025-01-29 14:01:25,590 INFO c.h.h.t.HelmChartContainer - [hivemq-test-hivemq-platform] [hivemq-platform-operator] [12b7a3f9] 14:01:25.589 [ReconcilerExecutor-hivemq-controller-138] DEBUG c.h.p.o.HiveMQPlatformReconciler - [helmupgr] StatefulSet Spec (replicas: 2, init containers: 1, containers: 1, volumes: 4)
2025-01-29 14:01:25,591 INFO c.h.h.t.HelmChartContainer - [hivemq-test-hivemq-platform] [hivemq-platform-operator] [12b7a3f9] 14:01:25.591 [ReconcilerExecutor-hivemq-controller-138] DEBUG c.h.p.o.h.HiveMQPlatformReconcilerErrorHandler - [helmupgr] Pod 'test-hivemq-platform-1' phase Running
2025-01-29 14:01:25,592 INFO c.h.h.t.HelmChartContainer - [hivemq-test-hivemq-platform] [hivemq-platform-operator] [12b7a3f9] 14:01:25.592 [ReconcilerExecutor-hivemq-controller-138] DEBUG c.h.p.o.h.HiveMQPlatformReconcilerErrorHandler - [helmupgr] Pod 'test-hivemq-platform-0' phase Running
2025-01-29 14:01:25,683 INFO c.h.h.t.HelmChartContainer - [hivemq-test-hivemq-platform] [hivemq-platform-operator] [12b7a3f9] 14:01:25.680 [ReconcilerExecutor-hivemq-controller-138] DEBUG c.h.p.o.h.HiveMQPlatformReconcilerRollingRestartHandler - [helmupgr] Skipping Pod test-hivemq-platform-1 as it's already on the controller update revision (update revision: test-hivemq-platform-7c6d7d4d7b, pod revision: test-hivemq-platform-7c6d7d4d7b)
2025-01-29 14:01:25,695 INFO c.h.h.t.HelmChartContainer - [hivemq-test-hivemq-platform] [hivemq-platform-operator] [12b7a3f9] 14:01:25.693 [ReconcilerExecutor-hivemq-controller-138] DEBUG c.h.p.o.h.HiveMQPlatformReconcilerRollingRestartHandler - [helmupgr] The last Pod is running for 78 seconds, the next Pod can be restarted
2025-01-29 14:01:25,695 INFO c.h.h.t.HelmChartContainer - [hivemq-test-hivemq-platform] [hivemq-platform-operator] [12b7a3f9] 14:01:25.693 [ReconcilerExecutor-hivemq-controller-138] INFO  c.h.p.o.h.HiveMQPlatformReconcilerRollingRestartHandler - [helmupgr] Restarting Pod test-hivemq-platform-0 as it's not matching the controller update revision (update revision: test-hivemq-platform-7c6d7d4d7b, pod revision: test-hivemq-platform-5b6c7575b6)
2025-01-29 14:01:25,720 INFO c.h.h.t.HelmChartContainer - [test-hivemq-platform] [hivemq] [8b808fb2] INFO  - Shutting down HiveMQ. Please wait, this could take a while...
2025-01-29 14:01:25,723 INFO c.h.h.t.HelmChartContainer - [test-hivemq-platform] [hivemq] [8b808fb2] INFO  - Shutting down listeners and clients
2025-01-29 14:01:25,726 INFO c.h.h.t.HelmChartContainer - [test-hivemq-platform] [hivemq] [8b808fb2] INFO  - Shutdown of listeners is done
2025-01-29 14:01:25,727 INFO c.h.h.t.HelmChartContainer - [test-hivemq-platform] [hivemq] [8b808fb2] INFO  - No clients are connected, proceeding with shutdown
2025-01-29 14:01:25,781 INFO c.h.h.t.HelmChartContainer - [hivemq-test-hivemq-platform] [hivemq-platform-operator] [12b7a3f9] 14:01:25.778 [pool-6-thread-10] DEBUG c.h.p.o.d.PlatformServiceResource - [helmupgr] Desired Platform services (3 services)
2025-01-29 14:01:25,782 INFO c.h.h.t.HelmChartContainer - [hivemq-test-hivemq-platform] [hivemq-platform-operator] [12b7a3f9] 14:01:25.779 [pool-6-thread-8] DEBUG c.h.p.o.d.PodServiceAccountResource - [helmupgr] Desired PodServiceAccountResource (serviceAccountName: hivemq-platform-pod-test-hivemq-platform)
2025-01-29 14:01:25,782 INFO c.h.h.t.HelmChartContainer - [hivemq-test-hivemq-platform] [hivemq-platform-operator] [12b7a3f9] 14:01:25.779 [pool-6-thread-9] DEBUG c.h.p.o.dependants.PodInfoConfigMap - [helmupgr] Desired PodInfo ConfigMap (1 extensions) (1 enabled)
2025-01-29 14:01:25,782 INFO c.h.h.t.HelmChartContainer - [hivemq-test-hivemq-platform] [hivemq-platform-operator] [12b7a3f9] 14:01:25.779 [pool-6-thread-9] DEBUG c.h.p.o.dependants.PodInfoConfigMap - [helmupgr] Desired PodInfo ConfigMap (metrics port: 9399) (metrics path: /)
2025-01-29 14:01:25,782 INFO c.h.h.t.HelmChartContainer - [hivemq-test-hivemq-platform] [hivemq-platform-operator] [12b7a3f9] 14:01:25.779 [pool-6-thread-9] DEBUG c.h.p.o.dependants.PodInfoConfigMap - [helmupgr] Desired PodInfo ConfigMap (extension state hash: -787112544)
2025-01-29 14:01:25,786 INFO c.h.h.t.HelmChartContainer - [hivemq-test-hivemq-platform] [hivemq-platform-operator] [12b7a3f9] 14:01:25.784 [pool-6-thread-10] DEBUG c.h.p.o.d.StatefulSetResource - [helmupgr] Desired StatefulSet (2 replicas) for status ROLLING_RESTART (RESTART_PODS_IN_PROGRESS)
2025-01-29 14:01:25,790 INFO c.h.h.t.HelmChartContainer - [hivemq-test-hivemq-platform] [hivemq-platform-operator] [12b7a3f9] 14:01:25.787 [ReconcilerExecutor-hivemq-controller-139] INFO  c.h.p.o.HiveMQPlatformReconciler - [helmupgr] Reconciling HiveMQ Platform 'test-hivemq-platform' in namespace 'helmupgradeextensionit'
2025-01-29 14:01:25,790 INFO c.h.h.t.HelmChartContainer - [hivemq-test-hivemq-platform] [hivemq-platform-operator] [12b7a3f9] 14:01:25.788 [ReconcilerExecutor-hivemq-controller-139] DEBUG c.h.p.o.HiveMQPlatformReconciler - [helmupgr] Custom Resource Status ROLLING_RESTART - HiveMQ Platform is restarting Pods (rolling restart) (RESTART_PODS_IN_PROGRESS)
2025-01-29 14:01:25,790 INFO c.h.h.t.HelmChartContainer - [hivemq-test-hivemq-platform] [hivemq-platform-operator] [12b7a3f9] 14:01:25.788 [ReconcilerExecutor-hivemq-controller-139] DEBUG c.h.p.o.HiveMQPlatformReconciler - [helmupgr] Custom Resource Spec (replicas: 1) (extensions: 1)
2025-01-29 14:01:25,793 INFO c.h.h.t.HelmChartContainer - [hivemq-test-hivemq-platform] [hivemq-platform-operator] [12b7a3f9] 14:01:25.792 [ReconcilerExecutor-hivemq-controller-139] DEBUG c.h.p.o.HiveMQPlatformReconciler - [helmupgr] StatefulSet Status (revision: test-hivemq-platform-7c6d7d4d7b, replicas: 2, available: 2, ready: 2, current: 0, updated: 1)
2025-01-29 14:01:25,793 INFO c.h.h.t.HelmChartContainer - [hivemq-test-hivemq-platform] [hivemq-platform-operator] [12b7a3f9] 14:01:25.792 [ReconcilerExecutor-hivemq-controller-139] DEBUG c.h.p.o.HiveMQPlatformReconciler - [helmupgr] StatefulSet Spec (replicas: 2, init containers: 1, containers: 1, volumes: 4)
2025-01-29 14:01:25,794 INFO c.h.h.t.HelmChartContainer - [hivemq-test-hivemq-platform] [hivemq-platform-operator] [12b7a3f9] 14:01:25.794 [ReconcilerExecutor-hivemq-controller-139] DEBUG c.h.p.o.h.HiveMQPlatformReconcilerErrorHandler - [helmupgr] Pod 'test-hivemq-platform-1' phase Running
2025-01-29 14:01:25,796 INFO c.h.h.t.HelmChartContainer - [hivemq-test-hivemq-platform] [hivemq-platform-operator] [12b7a3f9] 14:01:25.795 [ReconcilerExecutor-hivemq-controller-139] DEBUG c.h.p.o.h.HiveMQPlatformReconcilerErrorHandler - [helmupgr] Pod 'test-hivemq-platform-0' phase Running
2025-01-29 14:01:25,883 INFO c.h.h.t.HelmChartContainer - [hivemq-test-hivemq-platform] [hivemq-platform-operator] [12b7a3f9] 14:01:25.881 [ReconcilerExecutor-hivemq-controller-139] DEBUG c.h.p.o.h.HiveMQPlatformReconcilerRollingRestartHandler - [helmupgr] Skipping Pod test-hivemq-platform-1 as it's already on the controller update revision (update revision: test-hivemq-platform-7c6d7d4d7b, pod revision: test-hivemq-platform-7c6d7d4d7b)
2025-01-29 14:01:25,892 INFO c.h.h.t.HelmChartContainer - [hivemq-test-hivemq-platform] [hivemq-platform-operator] [12b7a3f9] 14:01:25.891 [ReconcilerExecutor-hivemq-controller-139] DEBUG c.h.p.o.h.HiveMQPlatformReconcilerRollingRestartHandler - [helmupgr] The last Pod is running for 78 seconds, the next Pod can be restarted
2025-01-29 14:01:25,893 INFO c.h.h.t.HelmChartContainer - [hivemq-test-hivemq-platform] [hivemq-platform-operator] [12b7a3f9] 14:01:25.891 [ReconcilerExecutor-hivemq-controller-139] INFO  c.h.p.o.h.HiveMQPlatformReconcilerRollingRestartHandler - [helmupgr] Restarting Pod test-hivemq-platform-0 as it's not matching the controller update revision (update revision: test-hivemq-platform-7c6d7d4d7b, pod revision: test-hivemq-platform-5b6c7575b6)
2025-01-29 14:01:26,444 INFO c.h.h.t.HelmChartContainer - [K3S] [range_allocator.go:247] "Successfully synced" key="3f7c43f3fa7a"
2025-01-29 14:01:26,748 INFO c.h.h.t.HelmChartContainer - [test-hivemq-platform] [hivemq] [8b808fb2] INFO  - [HiveMQ Platform Operator Init App 1.7.0-SNAPSHOT] Returning shutdown Health API response 503 for readiness
2025-01-29 14:01:26,752 INFO c.h.h.t.HelmChartContainer - [EVENT] Warning [Unhealthy] Readiness probe failed: HTTP probe failed with statuscode: 503 [helmupgradeextensionit:test-hivemq-platform-0]
2025-01-29 14:01:26,752 INFO c.h.h.t.HelmChartContainer - Received Unhealthy event for container hivemq in pod test-hivemq-platform-0 [8b808fb2-1e31-435d-8851-1ea8e19f9d2a]
2025-01-29 14:01:28,445 INFO c.h.h.t.HelmChartContainer - [test-hivemq-platform] [hivemq] [8b808fb2] INFO  - Shutting down extension system
2025-01-29 14:01:28,450 INFO c.h.h.t.HelmChartContainer - [test-hivemq-platform] [hivemq] [8b808fb2] INFO  - Stopping extension with id hivemq-dns-cluster-discovery
2025-01-29 14:01:28,450 INFO c.h.h.t.HelmChartContainer - [test-hivemq-platform] [hivemq] [8b808fb2] INFO  - Extension "DNS Cluster Discovery Extension" version 4.3.2 stopped successfully.
2025-01-29 14:01:28,451 INFO c.h.h.t.HelmChartContainer - [test-hivemq-platform] [hivemq] [8b808fb2] INFO  - Stopping extension with id hivemq-bridge-extension
2025-01-29 14:01:28,456 INFO c.h.h.t.HelmChartContainer - [test-hivemq-platform] [hivemq] [8b808fb2] INFO  - Bridge Extension: Stopping extension
2025-01-29 14:01:28,464 INFO c.h.h.t.HelmChartContainer - [test-hivemq-platform] [hivemq] [8b808fb2] ERROR - Bridge Extension: Error when disconnecting client "testbridge-0-09833819-1855-4e11-8f79-36ebe87df7e8". Reason: MQTT client is not connected.
2025-01-29 14:01:28,464 INFO c.h.h.t.HelmChartContainer - [test-hivemq-platform] [hivemq] [8b808fb2] ERROR - Bridge Extension: Error when disconnecting client "testbridge-1-09833819-1855-4e11-8f79-36ebe87df7e8". Reason: MQTT client is not connected.
2025-01-29 14:01:28,464 INFO c.h.h.t.HelmChartContainer - [test-hivemq-platform] [hivemq] [8b808fb2] INFO  - Extension "HiveMQ Enterprise Bridge Extension" version 4.36.0 stopped successfully.
2025-01-29 14:01:28,465 INFO c.h.h.t.HelmChartContainer - [test-hivemq-platform] [hivemq] [8b808fb2] INFO  - Stopping extension with id hivemq-prometheus-extension
2025-01-29 14:01:28,469 INFO c.h.h.t.HelmChartContainer - [test-hivemq-platform] [hivemq] [8b808fb2] INFO  - Extension "Prometheus Monitoring Extension" version 4.0.12 stopped successfully.
2025-01-29 14:01:28,470 INFO c.h.h.t.HelmChartContainer - [test-hivemq-platform] [hivemq] [8b808fb2] INFO  - Stopping extension with id hivemq-allow-all-extension
2025-01-29 14:01:28,525 INFO c.h.h.t.HelmChartContainer - [test-hivemq-platform] [hivemq] [8b808fb2] INFO  - Extension "Allow All Extension" version 1.1.1 stopped successfully.
2025-01-29 14:01:28,532 INFO c.h.h.t.HelmChartContainer - [test-hivemq-platform] [hivemq] [1b85ee1f] INFO  - Cluster nodes found by discovery: [5W075|2] (1) [5W075].
2025-01-29 14:01:28,540 INFO c.h.h.t.HelmChartContainer - [test-hivemq-platform] [hivemq] [1b85ee1f] INFO  - Cluster size = 1, members : [5W075].
2025-01-29 14:01:30,826 INFO c.h.h.t.HelmChartContainer - [test-hivemq-platform] [hivemq] [8b808fb2] INFO  - Shutdown completed.
2025-01-29 14:01:31,189 INFO c.h.h.t.HelmChartContainer - [test-hivemq-platform] [hivemq] [8b808fb2] INFO  - [HiveMQ Platform Operator Init App 1.7.0-SNAPSHOT] The HiveMQ Platform exited with code 143
2025-01-29 14:01:31,190 INFO c.h.h.t.HelmChartContainer - [test-hivemq-platform] [hivemq] [8b808fb2] INFO  - [HiveMQ Platform Operator Init App 1.7.0-SNAPSHOT] Stopping the REST API
2025-01-29 14:01:31,229 INFO c.h.h.t.HelmChartContainer - [test-hivemq-platform] [hivemq] [8b808fb2] INFO  - [HiveMQ Platform Operator Init App 1.7.0-SNAPSHOT] Shutdown complete
2025-01-29 14:01:31,691 INFO c.h.h.t.HelmChartContainer - [POD] test-hivemq-platform-0 [8b808fb2-1e31-435d-8851-1ea8e19f9d2a] in helmupgradeextensionit was MODIFIED
2025-01-29 14:01:31,702 INFO c.h.h.t.HelmChartContainer - [hivemq-test-hivemq-platform] [hivemq-platform-operator] [12b7a3f9] 14:01:31.698 [pool-6-thread-13] DEBUG c.h.p.o.dependants.PodInfoConfigMap - [helmupgr] Desired PodInfo ConfigMap (1 extensions) (1 enabled)
2025-01-29 14:01:31,702 INFO c.h.h.t.HelmChartContainer - [hivemq-test-hivemq-platform] [hivemq-platform-operator] [12b7a3f9] 14:01:31.698 [pool-6-thread-13] DEBUG c.h.p.o.dependants.PodInfoConfigMap - [helmupgr] Desired PodInfo ConfigMap (metrics port: 9399) (metrics path: /)
2025-01-29 14:01:31,702 INFO c.h.h.t.HelmChartContainer - [hivemq-test-hivemq-platform] [hivemq-platform-operator] [12b7a3f9] 14:01:31.698 [pool-6-thread-13] DEBUG c.h.p.o.dependants.PodInfoConfigMap - [helmupgr] Desired PodInfo ConfigMap (extension state hash: -787112544)
2025-01-29 14:01:31,702 INFO c.h.h.t.HelmChartContainer - [hivemq-test-hivemq-platform] [hivemq-platform-operator] [12b7a3f9] 14:01:31.699 [pool-6-thread-12] DEBUG c.h.p.o.d.PodServiceAccountResource - [helmupgr] Desired PodServiceAccountResource (serviceAccountName: hivemq-platform-pod-test-hivemq-platform)
2025-01-29 14:01:31,702 INFO c.h.h.t.HelmChartContainer - [hivemq-test-hivemq-platform] [hivemq-platform-operator] [12b7a3f9] 14:01:31.699 [pool-6-thread-19] DEBUG c.h.p.o.d.PlatformServiceResource - [helmupgr] Desired Platform services (3 services)
2025-01-29 14:01:31,709 INFO c.h.h.t.HelmChartContainer - [hivemq-test-hivemq-platform] [hivemq-platform-operator] [12b7a3f9] 14:01:31.705 [pool-6-thread-19] DEBUG c.h.p.o.d.StatefulSetResource - [helmupgr] Desired StatefulSet (2 replicas) for status ROLLING_RESTART (RESTART_PODS_IN_PROGRESS)
2025-01-29 14:01:31,715 INFO c.h.h.t.HelmChartContainer - [hivemq-test-hivemq-platform] [hivemq-platform-operator] [12b7a3f9] 14:01:31.714 [ReconcilerExecutor-hivemq-controller-140] INFO  c.h.p.o.HiveMQPlatformReconciler - [helmupgr] Reconciling HiveMQ Platform 'test-hivemq-platform' in namespace 'helmupgradeextensionit'
2025-01-29 14:01:31,720 INFO c.h.h.t.HelmChartContainer - [hivemq-test-hivemq-platform] [hivemq-platform-operator] [12b7a3f9] 14:01:31.714 [ReconcilerExecutor-hivemq-controller-140] DEBUG c.h.p.o.HiveMQPlatformReconciler - [helmupgr] Custom Resource Status ROLLING_RESTART - HiveMQ Platform is restarting Pods (rolling restart) (RESTART_PODS_IN_PROGRESS)
2025-01-29 14:01:31,720 INFO c.h.h.t.HelmChartContainer - [hivemq-test-hivemq-platform] [hivemq-platform-operator] [12b7a3f9] 14:01:31.714 [ReconcilerExecutor-hivemq-controller-140] DEBUG c.h.p.o.HiveMQPlatformReconciler - [helmupgr] Custom Resource Spec (replicas: 1) (extensions: 1)
2025-01-29 14:01:31,720 INFO c.h.h.t.HelmChartContainer - [hivemq-test-hivemq-platform] [hivemq-platform-operator] [12b7a3f9] 14:01:31.716 [ReconcilerExecutor-hivemq-controller-140] DEBUG c.h.p.o.HiveMQPlatformReconciler - [helmupgr] StatefulSet Status (revision: test-hivemq-platform-7c6d7d4d7b, replicas: 2, available: 1, ready: 1, current: 0, updated: 1)
2025-01-29 14:01:31,720 INFO c.h.h.t.HelmChartContainer - [hivemq-test-hivemq-platform] [hivemq-platform-operator] [12b7a3f9] 14:01:31.716 [ReconcilerExecutor-hivemq-controller-140] DEBUG c.h.p.o.HiveMQPlatformReconciler - [helmupgr] StatefulSet Spec (replicas: 2, init containers: 1, containers: 1, volumes: 4)
2025-01-29 14:01:31,722 INFO c.h.h.t.HelmChartContainer - [hivemq-test-hivemq-platform] [hivemq-platform-operator] [12b7a3f9] 14:01:31.717 [ReconcilerExecutor-hivemq-controller-140] DEBUG c.h.p.o.h.HiveMQPlatformReconcilerErrorHandler - [helmupgr] Pod 'test-hivemq-platform-1' phase Running
2025-01-29 14:01:31,779 INFO c.h.h.t.HelmChartContainer - [hivemq-test-hivemq-platform] [hivemq-platform-operator] [12b7a3f9] 14:01:31.720 [ReconcilerExecutor-hivemq-controller-140] DEBUG c.h.p.o.h.HiveMQPlatformReconcilerErrorHandler - [helmupgr] Pod 'test-hivemq-platform-0' phase Failed
2025-01-29 14:01:31,779 INFO c.h.h.t.HelmChartContainer - [hivemq-test-hivemq-platform] [hivemq-platform-operator] [12b7a3f9] 14:01:31.777 [ReconcilerExecutor-hivemq-controller-140] DEBUG c.h.p.o.h.HiveMQPlatformReconcilerErrorHandler - [helmupgr] Pod 'test-hivemq-platform-0' condition 'PodReadyToStartContainers': False
2025-01-29 14:01:31,779 INFO c.h.h.t.HelmChartContainer - [hivemq-test-hivemq-platform] [hivemq-platform-operator] [12b7a3f9] 14:01:31.777 [ReconcilerExecutor-hivemq-controller-140] DEBUG c.h.p.o.h.HiveMQPlatformReconcilerErrorHandler - [helmupgr] Pod 'test-hivemq-platform-0' condition 'Initialized': True
2025-01-29 14:01:31,779 INFO c.h.h.t.HelmChartContainer - [hivemq-test-hivemq-platform] [hivemq-platform-operator] [12b7a3f9] 14:01:31.777 [ReconcilerExecutor-hivemq-controller-140] DEBUG c.h.p.o.h.HiveMQPlatformReconcilerErrorHandler - [helmupgr] Pod 'test-hivemq-platform-0' condition 'Ready': False
2025-01-29 14:01:31,779 INFO c.h.h.t.HelmChartContainer - [hivemq-test-hivemq-platform] [hivemq-platform-operator] [12b7a3f9] 14:01:31.777 [ReconcilerExecutor-hivemq-controller-140] DEBUG c.h.p.o.h.HiveMQPlatformReconcilerErrorHandler - [helmupgr] Pod 'test-hivemq-platform-0' condition 'ContainersReady': False
2025-01-29 14:01:31,779 INFO c.h.h.t.HelmChartContainer - [hivemq-test-hivemq-platform] [hivemq-platform-operator] [12b7a3f9] 14:01:31.777 [ReconcilerExecutor-hivemq-controller-140] DEBUG c.h.p.o.h.HiveMQPlatformReconcilerErrorHandler - [helmupgr] Pod 'test-hivemq-platform-0' condition 'PodScheduled': True
2025-01-29 14:01:31,779 INFO c.h.h.t.HelmChartContainer - [hivemq-test-hivemq-platform] [hivemq-platform-operator] [12b7a3f9] 14:01:31.777 [ReconcilerExecutor-hivemq-controller-140] DEBUG c.h.p.o.h.HiveMQPlatformReconcilerErrorHandler - [helmupgr] Pod 'test-hivemq-platform-0' containerStatus 'hivemq' (started: false) (ready: false) (waiting: [Unknown] no message)
2025-01-29 14:01:31,779 INFO c.h.h.t.HelmChartContainer - [hivemq-test-hivemq-platform] [hivemq-platform-operator] [12b7a3f9] 14:01:31.778 [ReconcilerExecutor-hivemq-controller-140] DEBUG c.h.p.o.h.HiveMQPlatformReconcilerRollingRestartHandler - [helmupgr] Rolling restart is waiting for 1 of 2 replicas
2025-01-29 14:01:31,784 INFO c.h.h.t.HelmChartContainer - [hivemq-test-hivemq-platform] [hivemq-platform-operator] [12b7a3f9] 14:01:31.782 [pool-6-thread-29] DEBUG c.h.p.o.d.PlatformServiceResource - [helmupgr] Desired Platform services (3 services)
2025-01-29 14:01:31,786 INFO c.h.h.t.HelmChartContainer - [hivemq-test-hivemq-platform] [hivemq-platform-operator] [12b7a3f9] 14:01:31.782 [pool-6-thread-23] DEBUG c.h.p.o.dependants.PodInfoConfigMap - [helmupgr] Desired PodInfo ConfigMap (1 extensions) (1 enabled)
2025-01-29 14:01:31,786 INFO c.h.h.t.HelmChartContainer - [hivemq-test-hivemq-platform] [hivemq-platform-operator] [12b7a3f9] 14:01:31.782 [pool-6-thread-23] DEBUG c.h.p.o.dependants.PodInfoConfigMap - [helmupgr] Desired PodInfo ConfigMap (metrics port: 9399) (metrics path: /)
2025-01-29 14:01:31,786 INFO c.h.h.t.HelmChartContainer - [hivemq-test-hivemq-platform] [hivemq-platform-operator] [12b7a3f9] 14:01:31.782 [pool-6-thread-23] DEBUG c.h.p.o.dependants.PodInfoConfigMap - [helmupgr] Desired PodInfo ConfigMap (extension state hash: -787112544)
2025-01-29 14:01:31,786 INFO c.h.h.t.HelmChartContainer - [hivemq-test-hivemq-platform] [hivemq-platform-operator] [12b7a3f9] 14:01:31.786 [pool-6-thread-29] DEBUG c.h.p.o.d.StatefulSetResource - [helmupgr] Desired StatefulSet (2 replicas) for status ROLLING_RESTART (RESTART_PODS_IN_PROGRESS)
2025-01-29 14:01:31,789 INFO c.h.h.t.HelmChartContainer - [hivemq-test-hivemq-platform] [hivemq-platform-operator] [12b7a3f9] 14:01:31.784 [pool-6-thread-26] DEBUG c.h.p.o.d.PodServiceAccountResource - [helmupgr] Desired PodServiceAccountResource (serviceAccountName: hivemq-platform-pod-test-hivemq-platform)
2025-01-29 14:01:31,789 INFO c.h.h.t.HelmChartContainer - [hivemq-test-hivemq-platform] [hivemq-platform-operator] [12b7a3f9] 14:01:31.789 [ReconcilerExecutor-hivemq-controller-141] INFO  c.h.p.o.HiveMQPlatformReconciler - [helmupgr] Reconciling HiveMQ Platform 'test-hivemq-platform' in namespace 'helmupgradeextensionit'
2025-01-29 14:01:31,790 INFO c.h.h.t.HelmChartContainer - [hivemq-test-hivemq-platform] [hivemq-platform-operator] [12b7a3f9] 14:01:31.789 [ReconcilerExecutor-hivemq-controller-141] DEBUG c.h.p.o.HiveMQPlatformReconciler - [helmupgr] Custom Resource Status ROLLING_RESTART - HiveMQ Platform is restarting Pods (rolling restart) (RESTART_PODS_IN_PROGRESS)
2025-01-29 14:01:31,792 INFO c.h.h.t.HelmChartContainer - [hivemq-test-hivemq-platform] [hivemq-platform-operator] [12b7a3f9] 14:01:31.789 [ReconcilerExecutor-hivemq-controller-141] DEBUG c.h.p.o.HiveMQPlatformReconciler - [helmupgr] Custom Resource Spec (replicas: 1) (extensions: 1)
2025-01-29 14:01:31,792 INFO c.h.h.t.HelmChartContainer - [hivemq-test-hivemq-platform] [hivemq-platform-operator] [12b7a3f9] 14:01:31.790 [ReconcilerExecutor-hivemq-controller-141] DEBUG c.h.p.o.HiveMQPlatformReconciler - [helmupgr] StatefulSet Status (revision: test-hivemq-platform-7c6d7d4d7b, replicas: 2, available: 1, ready: 1, current: 0, updated: 1)
2025-01-29 14:01:31,792 INFO c.h.h.t.HelmChartContainer - [hivemq-test-hivemq-platform] [hivemq-platform-operator] [12b7a3f9] 14:01:31.790 [ReconcilerExecutor-hivemq-controller-141] DEBUG c.h.p.o.HiveMQPlatformReconciler - [helmupgr] StatefulSet Spec (replicas: 2, init containers: 1, containers: 1, volumes: 4)
2025-01-29 14:01:31,792 INFO c.h.h.t.HelmChartContainer - [hivemq-test-hivemq-platform] [hivemq-platform-operator] [12b7a3f9] 14:01:31.791 [ReconcilerExecutor-hivemq-controller-141] DEBUG c.h.p.o.h.HiveMQPlatformReconcilerErrorHandler - [helmupgr] Pod 'test-hivemq-platform-1' phase Running
2025-01-29 14:01:31,793 INFO c.h.h.t.HelmChartContainer - [hivemq-test-hivemq-platform] [hivemq-platform-operator] [12b7a3f9] 14:01:31.792 [ReconcilerExecutor-hivemq-controller-141] DEBUG c.h.p.o.h.HiveMQPlatformReconcilerErrorHandler - [helmupgr] Pod 'test-hivemq-platform-0' phase Failed
2025-01-29 14:01:31,794 INFO c.h.h.t.HelmChartContainer - [hivemq-test-hivemq-platform] [hivemq-platform-operator] [12b7a3f9] 14:01:31.792 [ReconcilerExecutor-hivemq-controller-141] DEBUG c.h.p.o.h.HiveMQPlatformReconcilerErrorHandler - [helmupgr] Pod 'test-hivemq-platform-0' condition 'PodReadyToStartContainers': False
2025-01-29 14:01:31,794 INFO c.h.h.t.HelmChartContainer - [hivemq-test-hivemq-platform] [hivemq-platform-operator] [12b7a3f9] 14:01:31.792 [ReconcilerExecutor-hivemq-controller-141] DEBUG c.h.p.o.h.HiveMQPlatformReconcilerErrorHandler - [helmupgr] Pod 'test-hivemq-platform-0' condition 'Initialized': True
2025-01-29 14:01:31,794 INFO c.h.h.t.HelmChartContainer - [hivemq-test-hivemq-platform] [hivemq-platform-operator] [12b7a3f9] 14:01:31.792 [ReconcilerExecutor-hivemq-controller-141] DEBUG c.h.p.o.h.HiveMQPlatformReconcilerErrorHandler - [helmupgr] Pod 'test-hivemq-platform-0' condition 'Ready': False
2025-01-29 14:01:31,794 INFO c.h.h.t.HelmChartContainer - [hivemq-test-hivemq-platform] [hivemq-platform-operator] [12b7a3f9] 14:01:31.792 [ReconcilerExecutor-hivemq-controller-141] DEBUG c.h.p.o.h.HiveMQPlatformReconcilerErrorHandler - [helmupgr] Pod 'test-hivemq-platform-0' condition 'ContainersReady': False
2025-01-29 14:01:31,794 INFO c.h.h.t.HelmChartContainer - [hivemq-test-hivemq-platform] [hivemq-platform-operator] [12b7a3f9] 14:01:31.792 [ReconcilerExecutor-hivemq-controller-141] DEBUG c.h.p.o.h.HiveMQPlatformReconcilerErrorHandler - [helmupgr] Pod 'test-hivemq-platform-0' condition 'PodScheduled': True
2025-01-29 14:01:31,794 INFO c.h.h.t.HelmChartContainer - [hivemq-test-hivemq-platform] [hivemq-platform-operator] [12b7a3f9] 14:01:31.792 [ReconcilerExecutor-hivemq-controller-141] DEBUG c.h.p.o.h.HiveMQPlatformReconcilerErrorHandler - [helmupgr] Pod 'test-hivemq-platform-0' containerStatus 'hivemq' (started: false) (ready: false) (waiting: [Unknown] no message)
2025-01-29 14:01:31,794 INFO c.h.h.t.HelmChartContainer - [hivemq-test-hivemq-platform] [hivemq-platform-operator] [12b7a3f9] 14:01:31.793 [ReconcilerExecutor-hivemq-controller-141] DEBUG c.h.p.o.h.HiveMQPlatformReconcilerRollingRestartHandler - [helmupgr] Rolling restart is waiting for 1 of 2 replicas
2025-01-29 14:01:31,804 INFO c.h.h.t.HelmChartContainer - [K3S] [scope.go:117] "RemoveContainer" containerID="3382525710f4988e1f1499b6ad436448f7edad5018e9bc6fa137aaec6dda16bf"
2025-01-29 14:01:31,825 INFO c.h.h.t.HelmChartContainer - [K3S] [reconciler_common.go:162] "operationExecutor.UnmountVolume started for volume \"extension-configuration-hivemq-bridge-extension\" (UniqueName: \"kubernetes.io/configmap/8b808fb2-1e31-435d-8851-1ea8e19f9d2a-extension-configuration-hivemq-bridge-extension\") pod \"8b808fb2-1e31-435d-8851-1ea8e19f9d2a\" (UID: \"8b808fb2-1e31-435d-8851-1ea8e19f9d2a\") "
2025-01-29 14:01:31,825 INFO c.h.h.t.HelmChartContainer - [K3S] [reconciler_common.go:162] "operationExecutor.UnmountVolume started for volume \"broker-configuration\" (UniqueName: \"kubernetes.io/configmap/8b808fb2-1e31-435d-8851-1ea8e19f9d2a-broker-configuration\") pod \"8b808fb2-1e31-435d-8851-1ea8e19f9d2a\" (UID: \"8b808fb2-1e31-435d-8851-1ea8e19f9d2a\") "
2025-01-29 14:01:31,825 INFO c.h.h.t.HelmChartContainer - [K3S] [reconciler_common.go:162] "operationExecutor.UnmountVolume started for volume \"operator-init\" (UniqueName: \"kubernetes.io/empty-dir/8b808fb2-1e31-435d-8851-1ea8e19f9d2a-operator-init\") pod \"8b808fb2-1e31-435d-8851-1ea8e19f9d2a\" (UID: \"8b808fb2-1e31-435d-8851-1ea8e19f9d2a\") "
2025-01-29 14:01:31,825 INFO c.h.h.t.HelmChartContainer - [K3S] [reconciler_common.go:162] "operationExecutor.UnmountVolume started for volume \"kube-api-access-q7rqz\" (UniqueName: \"kubernetes.io/projected/8b808fb2-1e31-435d-8851-1ea8e19f9d2a-kube-api-access-q7rqz\") pod \"8b808fb2-1e31-435d-8851-1ea8e19f9d2a\" (UID: \"8b808fb2-1e31-435d-8851-1ea8e19f9d2a\") "
2025-01-29 14:01:31,825 INFO c.h.h.t.HelmChartContainer - [K3S] [reconciler_common.go:162] "operationExecutor.UnmountVolume started for volume \"pod-info\" (UniqueName: \"kubernetes.io/configmap/8b808fb2-1e31-435d-8851-1ea8e19f9d2a-pod-info\") pod \"8b808fb2-1e31-435d-8851-1ea8e19f9d2a\" (UID: \"8b808fb2-1e31-435d-8851-1ea8e19f9d2a\") "
2025-01-29 14:01:31,902 INFO c.h.h.t.HelmChartContainer - [K3S] [scope.go:117] "RemoveContainer" containerID="e6b13745fd05a79ef79746fade2e86ab2ed95668565e9ef7747c3550b38edb70"
2025-01-29 14:01:31,905 INFO c.h.h.t.HelmChartContainer - [K3S] [scope.go:117] "RemoveContainer" containerID="3382525710f4988e1f1499b6ad436448f7edad5018e9bc6fa137aaec6dda16bf"
2025-01-29 14:01:31,905 INFO c.h.h.t.HelmChartContainer - [K3S] [scope.go:117] "RemoveContainer" containerID="e6b13745fd05a79ef79746fade2e86ab2ed95668565e9ef7747c3550b38edb70"
2025-01-29 14:01:31,923 INFO c.h.h.t.HelmChartContainer - [K3S] [reconciler_common.go:299] "Volume detached for volume \"extension-configuration-hivemq-bridge-extension\" (UniqueName: \"kubernetes.io/configmap/8b808fb2-1e31-435d-8851-1ea8e19f9d2a-extension-configuration-hivemq-bridge-extension\") on node \"3f7c43f3fa7a\" DevicePath \"\""
2025-01-29 14:01:31,924 INFO c.h.h.t.HelmChartContainer - [K3S] [reconciler_common.go:299] "Volume detached for volume \"broker-configuration\" (UniqueName: \"kubernetes.io/configmap/8b808fb2-1e31-435d-8851-1ea8e19f9d2a-broker-configuration\") on node \"3f7c43f3fa7a\" DevicePath \"\""
2025-01-29 14:01:31,924 INFO c.h.h.t.HelmChartContainer - [K3S] [reconciler_common.go:299] "Volume detached for volume \"operator-init\" (UniqueName: \"kubernetes.io/empty-dir/8b808fb2-1e31-435d-8851-1ea8e19f9d2a-operator-init\") on node \"3f7c43f3fa7a\" DevicePath \"\""
2025-01-29 14:01:31,924 INFO c.h.h.t.HelmChartContainer - [K3S] [reconciler_common.go:299] "Volume detached for volume \"kube-api-access-q7rqz\" (UniqueName: \"kubernetes.io/projected/8b808fb2-1e31-435d-8851-1ea8e19f9d2a-kube-api-access-q7rqz\") on node \"3f7c43f3fa7a\" DevicePath \"\""
2025-01-29 14:01:31,924 INFO c.h.h.t.HelmChartContainer - [K3S] [reconciler_common.go:299] "Volume detached for volume \"pod-info\" (UniqueName: \"kubernetes.io/configmap/8b808fb2-1e31-435d-8851-1ea8e19f9d2a-pod-info\") on node \"3f7c43f3fa7a\" DevicePath \"\""
2025-01-29 14:01:32,118 INFO c.h.h.t.HelmChartContainer - [POD] test-hivemq-platform-0 [8b808fb2-1e31-435d-8851-1ea8e19f9d2a] in helmupgradeextensionit was MODIFIED
2025-01-29 14:01:32,131 INFO c.h.h.t.HelmChartContainer - [hivemq-test-hivemq-platform] [hivemq-platform-operator] [12b7a3f9] 14:01:32.123 [pool-6-thread-35] DEBUG c.h.p.o.dependants.PodInfoConfigMap - [helmupgr] Desired PodInfo ConfigMap (1 extensions) (1 enabled)
2025-01-29 14:01:32,131 INFO c.h.h.t.HelmChartContainer - [hivemq-test-hivemq-platform] [hivemq-platform-operator] [12b7a3f9] 14:01:32.123 [pool-6-thread-35] DEBUG c.h.p.o.dependants.PodInfoConfigMap - [helmupgr] Desired PodInfo ConfigMap (metrics port: 9399) (metrics path: /)
2025-01-29 14:01:32,131 INFO c.h.h.t.HelmChartContainer - [hivemq-test-hivemq-platform] [hivemq-platform-operator] [12b7a3f9] 14:01:32.123 [pool-6-thread-35] DEBUG c.h.p.o.dependants.PodInfoConfigMap - [helmupgr] Desired PodInfo ConfigMap (extension state hash: -787112544)
2025-01-29 14:01:32,132 INFO c.h.h.t.HelmChartContainer - [hivemq-test-hivemq-platform] [hivemq-platform-operator] [12b7a3f9] 14:01:32.123 [pool-6-thread-31] DEBUG c.h.p.o.d.PodServiceAccountResource - [helmupgr] Desired PodServiceAccountResource (serviceAccountName: hivemq-platform-pod-test-hivemq-platform)
2025-01-29 14:01:32,132 INFO c.h.h.t.HelmChartContainer - [POD] test-hivemq-platform-0 [8b808fb2-1e31-435d-8851-1ea8e19f9d2a] in helmupgradeextensionit was DELETED
2025-01-29 14:01:32,135 INFO c.h.h.t.HelmChartContainer - [hivemq-test-hivemq-platform] [hivemq-platform-operator] [12b7a3f9] 14:01:32.131 [pool-6-thread-32] DEBUG c.h.p.o.d.PlatformServiceResource - [helmupgr] Desired Platform services (3 services)
2025-01-29 14:01:32,152 INFO c.h.h.t.HelmChartContainer - [hivemq-test-hivemq-platform] [hivemq-platform-operator] [12b7a3f9] 14:01:32.139 [pool-6-thread-32] DEBUG c.h.p.o.d.StatefulSetResource - [helmupgr] Desired StatefulSet (2 replicas) for status ROLLING_RESTART (RESTART_PODS_IN_PROGRESS)
2025-01-29 14:01:32,152 INFO c.h.h.t.HelmChartContainer - [hivemq-test-hivemq-platform] [hivemq-platform-operator] [12b7a3f9] 14:01:32.142 [ReconcilerExecutor-hivemq-controller-142] INFO  c.h.p.o.HiveMQPlatformReconciler - [helmupgr] Reconciling HiveMQ Platform 'test-hivemq-platform' in namespace 'helmupgradeextensionit'
2025-01-29 14:01:32,152 INFO c.h.h.t.HelmChartContainer - [hivemq-test-hivemq-platform] [hivemq-platform-operator] [12b7a3f9] 14:01:32.142 [ReconcilerExecutor-hivemq-controller-142] DEBUG c.h.p.o.HiveMQPlatformReconciler - [helmupgr] Custom Resource Status ROLLING_RESTART - HiveMQ Platform is restarting Pods (rolling restart) (RESTART_PODS_IN_PROGRESS)
2025-01-29 14:01:32,152 INFO c.h.h.t.HelmChartContainer - [hivemq-test-hivemq-platform] [hivemq-platform-operator] [12b7a3f9] 14:01:32.142 [ReconcilerExecutor-hivemq-controller-142] DEBUG c.h.p.o.HiveMQPlatformReconciler - [helmupgr] Custom Resource Spec (replicas: 1) (extensions: 1)
2025-01-29 14:01:32,152 INFO c.h.h.t.HelmChartContainer - [hivemq-test-hivemq-platform] [hivemq-platform-operator] [12b7a3f9] 14:01:32.143 [ReconcilerExecutor-hivemq-controller-142] DEBUG c.h.p.o.HiveMQPlatformReconciler - [helmupgr] StatefulSet Status (revision: test-hivemq-platform-7c6d7d4d7b, replicas: 2, available: 1, ready: 1, current: 0, updated: 1)
2025-01-29 14:01:32,152 INFO c.h.h.t.HelmChartContainer - [hivemq-test-hivemq-platform] [hivemq-platform-operator] [12b7a3f9] 14:01:32.143 [ReconcilerExecutor-hivemq-controller-142] DEBUG c.h.p.o.HiveMQPlatformReconciler - [helmupgr] StatefulSet Spec (replicas: 2, init containers: 1, containers: 1, volumes: 4)
2025-01-29 14:01:32,152 INFO c.h.h.t.HelmChartContainer - [hivemq-test-hivemq-platform] [hivemq-platform-operator] [12b7a3f9] 14:01:32.145 [ReconcilerExecutor-hivemq-controller-142] DEBUG c.h.p.o.h.HiveMQPlatformReconcilerErrorHandler - [helmupgr] Pod 'test-hivemq-platform-1' phase Running
2025-01-29 14:01:32,152 INFO c.h.h.t.HelmChartContainer - [hivemq-test-hivemq-platform] [hivemq-platform-operator] [12b7a3f9] 14:01:32.145 [ReconcilerExecutor-hivemq-controller-142] DEBUG c.h.p.o.h.HiveMQPlatformReconcilerRollingRestartHandler - [helmupgr] Rolling restart is waiting for 1 of 2 replicas
2025-01-29 14:01:32,154 INFO c.h.h.t.HelmChartContainer - [POD] test-hivemq-platform-0 [6511a145-f4a5-46e4-a326-521f0e6b62bc] in helmupgradeextensionit was ADDED
2025-01-29 14:01:32,158 INFO c.h.h.t.HelmChartContainer - [hivemq-test-hivemq-platform] [hivemq-platform-operator] [12b7a3f9] 14:01:32.154 [pool-6-thread-49] DEBUG c.h.p.o.d.PlatformServiceResource - [helmupgr] Desired Platform services (3 services)
2025-01-29 14:01:32,159 INFO c.h.h.t.HelmChartContainer - [hivemq-test-hivemq-platform] [hivemq-platform-operator] [12b7a3f9] 14:01:32.156 [pool-6-thread-48] DEBUG c.h.p.o.dependants.PodInfoConfigMap - [helmupgr] Desired PodInfo ConfigMap (1 extensions) (1 enabled)
2025-01-29 14:01:32,159 INFO c.h.h.t.HelmChartContainer - [hivemq-test-hivemq-platform] [hivemq-platform-operator] [12b7a3f9] 14:01:32.156 [pool-6-thread-48] DEBUG c.h.p.o.dependants.PodInfoConfigMap - [helmupgr] Desired PodInfo ConfigMap (metrics port: 9399) (metrics path: /)
2025-01-29 14:01:32,159 INFO c.h.h.t.HelmChartContainer - [hivemq-test-hivemq-platform] [hivemq-platform-operator] [12b7a3f9] 14:01:32.156 [pool-6-thread-48] DEBUG c.h.p.o.dependants.PodInfoConfigMap - [helmupgr] Desired PodInfo ConfigMap (extension state hash: -787112544)
2025-01-29 14:01:32,163 INFO c.h.h.t.HelmChartContainer - [K3S] [memory_manager.go:355] "RemoveStaleState removing state" podUID="8b808fb2-1e31-435d-8851-1ea8e19f9d2a" containerName="hivemq"
2025-01-29 14:01:32,169 INFO c.h.h.t.HelmChartContainer - [K3S] [status_manager.go:890] "Failed to get status for pod" podUID="6511a145-f4a5-46e4-a326-521f0e6b62bc" pod="helmupgradeextensionit/test-hivemq-platform-0" err="pods \"test-hivemq-platform-0\" is forbidden: User \"system:node:3f7c43f3fa7a\" cannot get resource \"pods\" in API group \"\" in the namespace \"helmupgradeextensionit\": no relationship found between node '3f7c43f3fa7a' and this object"
2025-01-29 14:01:32,173 INFO c.h.h.t.HelmChartContainer - [POD] test-hivemq-platform-0 [6511a145-f4a5-46e4-a326-521f0e6b62bc] in helmupgradeextensionit was MODIFIED
2025-01-29 14:01:32,176 INFO c.h.h.t.HelmChartContainer - [EVENT] Normal [Scheduled] Successfully assigned helmupgradeextensionit/test-hivemq-platform-0 to 3f7c43f3fa7a [helmupgradeextensionit:test-hivemq-platform-0]
2025-01-29 14:01:32,176 INFO c.h.h.t.HelmChartContainer - [EVENT] Normal [SuccessfulCreate] create Pod test-hivemq-platform-0 in StatefulSet test-hivemq-platform successful [helmupgradeextensionit:test-hivemq-platform]
2025-01-29 14:01:32,187 INFO c.h.h.t.HelmChartContainer - [hivemq-test-hivemq-platform] [hivemq-platform-operator] [12b7a3f9] 14:01:32.180 [pool-6-thread-50] DEBUG c.h.p.o.d.PodServiceAccountResource - [helmupgr] Desired PodServiceAccountResource (serviceAccountName: hivemq-platform-pod-test-hivemq-platform)
2025-01-29 14:01:32,192 INFO c.h.h.t.HelmChartContainer - [hivemq-test-hivemq-platform] [hivemq-platform-operator] [12b7a3f9] 14:01:32.186 [pool-6-thread-49] DEBUG c.h.p.o.d.StatefulSetResource - [helmupgr] Desired StatefulSet (2 replicas) for status ROLLING_RESTART (RESTART_PODS_IN_PROGRESS)
2025-01-29 14:01:32,192 INFO c.h.h.t.HelmChartContainer - [hivemq-test-hivemq-platform] [hivemq-platform-operator] [12b7a3f9] 14:01:32.188 [ReconcilerExecutor-hivemq-controller-143] INFO  c.h.p.o.HiveMQPlatformReconciler - [helmupgr] Reconciling HiveMQ Platform 'test-hivemq-platform' in namespace 'helmupgradeextensionit'
2025-01-29 14:01:32,192 INFO c.h.h.t.HelmChartContainer - [hivemq-test-hivemq-platform] [hivemq-platform-operator] [12b7a3f9] 14:01:32.189 [ReconcilerExecutor-hivemq-controller-143] DEBUG c.h.p.o.HiveMQPlatformReconciler - [helmupgr] Custom Resource Status ROLLING_RESTART - HiveMQ Platform is restarting Pods (rolling restart) (RESTART_PODS_IN_PROGRESS)
2025-01-29 14:01:32,192 INFO c.h.h.t.HelmChartContainer - [hivemq-test-hivemq-platform] [hivemq-platform-operator] [12b7a3f9] 14:01:32.189 [ReconcilerExecutor-hivemq-controller-143] DEBUG c.h.p.o.HiveMQPlatformReconciler - [helmupgr] Custom Resource Spec (replicas: 1) (extensions: 1)
2025-01-29 14:01:32,199 INFO c.h.h.t.HelmChartContainer - [hivemq-test-hivemq-platform] [hivemq-platform-operator] [12b7a3f9] 14:01:32.192 [ReconcilerExecutor-hivemq-controller-143] DEBUG c.h.p.o.HiveMQPlatformReconciler - [helmupgr] StatefulSet Status (revision: test-hivemq-platform-7c6d7d4d7b, replicas: 1, available: 1, ready: 1, current: 0, updated: 1)
2025-01-29 14:01:32,199 INFO c.h.h.t.HelmChartContainer - [hivemq-test-hivemq-platform] [hivemq-platform-operator] [12b7a3f9] 14:01:32.193 [ReconcilerExecutor-hivemq-controller-143] DEBUG c.h.p.o.HiveMQPlatformReconciler - [helmupgr] StatefulSet Spec (replicas: 2, init containers: 1, containers: 1, volumes: 4)
2025-01-29 14:01:32,200 INFO c.h.h.t.HelmChartContainer - [hivemq-test-hivemq-platform] [hivemq-platform-operator] [12b7a3f9] 14:01:32.196 [ReconcilerExecutor-hivemq-controller-143] DEBUG c.h.p.o.h.HiveMQPlatformReconcilerErrorHandler - [helmupgr] Pod 'test-hivemq-platform-1' phase Running
2025-01-29 14:01:32,200 INFO c.h.h.t.HelmChartContainer - [hivemq-test-hivemq-platform] [hivemq-platform-operator] [12b7a3f9] 14:01:32.199 [ReconcilerExecutor-hivemq-controller-143] DEBUG c.h.p.o.h.HiveMQPlatformReconcilerErrorHandler - [helmupgr] Pod 'test-hivemq-platform-0' phase Pending
2025-01-29 14:01:32,202 INFO c.h.h.t.HelmChartContainer - [hivemq-test-hivemq-platform] [hivemq-platform-operator] [12b7a3f9] 14:01:32.199 [ReconcilerExecutor-hivemq-controller-143] DEBUG c.h.p.o.h.HiveMQPlatformReconcilerErrorHandler - [helmupgr] Pod 'test-hivemq-platform-0' condition 'PodScheduled': True
2025-01-29 14:01:32,205 INFO c.h.h.t.HelmChartContainer - [hivemq-test-hivemq-platform] [hivemq-platform-operator] [12b7a3f9] 14:01:32.200 [ReconcilerExecutor-hivemq-controller-143] DEBUG c.h.p.o.h.HiveMQPlatformReconcilerRollingRestartHandler - [helmupgr] Rolling restart is waiting for 1 of 2 replicas
2025-01-29 14:01:32,280 INFO c.h.h.t.HelmChartContainer - [hivemq-test-hivemq-platform] [hivemq-platform-operator] [12b7a3f9] 14:01:32.277 [pool-6-thread-7] DEBUG c.h.p.o.d.PlatformServiceResource - [helmupgr] Desired Platform services (3 services)
2025-01-29 14:01:32,284 INFO c.h.h.t.HelmChartContainer - [hivemq-test-hivemq-platform] [hivemq-platform-operator] [12b7a3f9] 14:01:32.278 [pool-6-thread-9] DEBUG c.h.p.o.dependants.PodInfoConfigMap - [helmupgr] Desired PodInfo ConfigMap (1 extensions) (1 enabled)
2025-01-29 14:01:32,284 INFO c.h.h.t.HelmChartContainer - [hivemq-test-hivemq-platform] [hivemq-platform-operator] [12b7a3f9] 14:01:32.279 [pool-6-thread-8] DEBUG c.h.p.o.d.PodServiceAccountResource - [helmupgr] Desired PodServiceAccountResource (serviceAccountName: hivemq-platform-pod-test-hivemq-platform)
2025-01-29 14:01:32,284 INFO c.h.h.t.HelmChartContainer - [hivemq-test-hivemq-platform] [hivemq-platform-operator] [12b7a3f9] 14:01:32.281 [pool-6-thread-9] DEBUG c.h.p.o.dependants.PodInfoConfigMap - [helmupgr] Desired PodInfo ConfigMap (metrics port: 9399) (metrics path: /)
2025-01-29 14:01:32,284 INFO c.h.h.t.HelmChartContainer - [hivemq-test-hivemq-platform] [hivemq-platform-operator] [12b7a3f9] 14:01:32.281 [pool-6-thread-9] DEBUG c.h.p.o.dependants.PodInfoConfigMap - [helmupgr] Desired PodInfo ConfigMap (extension state hash: -787112544)
2025-01-29 14:01:32,285 INFO c.h.h.t.HelmChartContainer - [hivemq-test-hivemq-platform] [hivemq-platform-operator] [12b7a3f9] 14:01:32.283 [pool-6-thread-9] DEBUG c.h.p.o.d.StatefulSetResource - [helmupgr] Desired StatefulSet (2 replicas) for status ROLLING_RESTART (RESTART_PODS_IN_PROGRESS)
2025-01-29 14:01:32,286 INFO c.h.h.t.HelmChartContainer - [hivemq-test-hivemq-platform] [hivemq-platform-operator] [12b7a3f9] 14:01:32.285 [ReconcilerExecutor-hivemq-controller-144] INFO  c.h.p.o.HiveMQPlatformReconciler - [helmupgr] Reconciling HiveMQ Platform 'test-hivemq-platform' in namespace 'helmupgradeextensionit'
2025-01-29 14:01:32,287 INFO c.h.h.t.HelmChartContainer - [hivemq-test-hivemq-platform] [hivemq-platform-operator] [12b7a3f9] 14:01:32.286 [ReconcilerExecutor-hivemq-controller-144] DEBUG c.h.p.o.HiveMQPlatformReconciler - [helmupgr] Custom Resource Status ROLLING_RESTART - HiveMQ Platform is restarting Pods (rolling restart) (RESTART_PODS_IN_PROGRESS)
2025-01-29 14:01:32,288 INFO c.h.h.t.HelmChartContainer - [hivemq-test-hivemq-platform] [hivemq-platform-operator] [12b7a3f9] 14:01:32.286 [ReconcilerExecutor-hivemq-controller-144] DEBUG c.h.p.o.HiveMQPlatformReconciler - [helmupgr] Custom Resource Spec (replicas: 1) (extensions: 1)
2025-01-29 14:01:32,292 INFO c.h.h.t.HelmChartContainer - [hivemq-test-hivemq-platform] [hivemq-platform-operator] [12b7a3f9] 14:01:32.287 [ReconcilerExecutor-hivemq-controller-144] DEBUG c.h.p.o.HiveMQPlatformReconciler - [helmupgr] StatefulSet Status (revision: test-hivemq-platform-7c6d7d4d7b, replicas: 2, available: 1, ready: 1, current: 0, updated: 2)
2025-01-29 14:01:32,292 INFO c.h.h.t.HelmChartContainer - [hivemq-test-hivemq-platform] [hivemq-platform-operator] [12b7a3f9] 14:01:32.287 [ReconcilerExecutor-hivemq-controller-144] DEBUG c.h.p.o.HiveMQPlatformReconciler - [helmupgr] StatefulSet Spec (replicas: 2, init containers: 1, containers: 1, volumes: 4)
2025-01-29 14:01:32,292 INFO c.h.h.t.HelmChartContainer - [hivemq-test-hivemq-platform] [hivemq-platform-operator] [12b7a3f9] 14:01:32.288 [ReconcilerExecutor-hivemq-controller-144] DEBUG c.h.p.o.h.HiveMQPlatformReconcilerErrorHandler - [helmupgr] Pod 'test-hivemq-platform-1' phase Running
2025-01-29 14:01:32,292 INFO c.h.h.t.HelmChartContainer - [hivemq-test-hivemq-platform] [hivemq-platform-operator] [12b7a3f9] 14:01:32.289 [ReconcilerExecutor-hivemq-controller-144] DEBUG c.h.p.o.h.HiveMQPlatformReconcilerErrorHandler - [helmupgr] Pod 'test-hivemq-platform-0' phase Pending
2025-01-29 14:01:32,292 INFO c.h.h.t.HelmChartContainer - [hivemq-test-hivemq-platform] [hivemq-platform-operator] [12b7a3f9] 14:01:32.289 [ReconcilerExecutor-hivemq-controller-144] DEBUG c.h.p.o.h.HiveMQPlatformReconcilerErrorHandler - [helmupgr] Pod 'test-hivemq-platform-0' condition 'PodScheduled': True
2025-01-29 14:01:32,292 INFO c.h.h.t.HelmChartContainer - [hivemq-test-hivemq-platform] [hivemq-platform-operator] [12b7a3f9] 14:01:32.290 [ReconcilerExecutor-hivemq-controller-144] DEBUG c.h.p.o.h.HiveMQPlatformReconcilerRollingRestartHandler - [helmupgr] Rolling restart is waiting for 1 of 2 replicas
2025-01-29 14:01:32,296 INFO c.h.h.t.HelmChartContainer - [hivemq-test-hivemq-platform] [hivemq-platform-operator] [12b7a3f9] 14:01:32.293 [pool-6-thread-14] DEBUG c.h.p.o.d.PlatformServiceResource - [helmupgr] Desired Platform services (3 services)
2025-01-29 14:01:32,297 INFO c.h.h.t.HelmChartContainer - [hivemq-test-hivemq-platform] [hivemq-platform-operator] [12b7a3f9] 14:01:32.296 [pool-6-thread-17] DEBUG c.h.p.o.d.PodServiceAccountResource - [helmupgr] Desired PodServiceAccountResource (serviceAccountName: hivemq-platform-pod-test-hivemq-platform)
2025-01-29 14:01:32,328 INFO c.h.h.t.HelmChartContainer - [K3S] [reconciler_common.go:251] "operationExecutor.VerifyControllerAttachedVolume started for volume \"operator-init\" (UniqueName: \"kubernetes.io/empty-dir/6511a145-f4a5-46e4-a326-521f0e6b62bc-operator-init\") pod \"test-hivemq-platform-0\" (UID: \"6511a145-f4a5-46e4-a326-521f0e6b62bc\") " pod="helmupgradeextensionit/test-hivemq-platform-0"
2025-01-29 14:01:32,328 INFO c.h.h.t.HelmChartContainer - [K3S] [reconciler_common.go:251] "operationExecutor.VerifyControllerAttachedVolume started for volume \"broker-configuration\" (UniqueName: \"kubernetes.io/configmap/6511a145-f4a5-46e4-a326-521f0e6b62bc-broker-configuration\") pod \"test-hivemq-platform-0\" (UID: \"6511a145-f4a5-46e4-a326-521f0e6b62bc\") " pod="helmupgradeextensionit/test-hivemq-platform-0"
2025-01-29 14:01:32,328 INFO c.h.h.t.HelmChartContainer - [K3S] [reconciler_common.go:251] "operationExecutor.VerifyControllerAttachedVolume started for volume \"pod-info\" (UniqueName: \"kubernetes.io/configmap/6511a145-f4a5-46e4-a326-521f0e6b62bc-pod-info\") pod \"test-hivemq-platform-0\" (UID: \"6511a145-f4a5-46e4-a326-521f0e6b62bc\") " pod="helmupgradeextensionit/test-hivemq-platform-0"
2025-01-29 14:01:32,328 INFO c.h.h.t.HelmChartContainer - [K3S] [reconciler_common.go:251] "operationExecutor.VerifyControllerAttachedVolume started for volume \"extension-configuration-hivemq-bridge-extension\" (UniqueName: \"kubernetes.io/configmap/6511a145-f4a5-46e4-a326-521f0e6b62bc-extension-configuration-hivemq-bridge-extension\") pod \"test-hivemq-platform-0\" (UID: \"6511a145-f4a5-46e4-a326-521f0e6b62bc\") " pod="helmupgradeextensionit/test-hivemq-platform-0"
2025-01-29 14:01:32,328 INFO c.h.h.t.HelmChartContainer - [K3S] [reconciler_common.go:251] "operationExecutor.VerifyControllerAttachedVolume started for volume \"kube-api-access-nmrb9\" (UniqueName: \"kubernetes.io/projected/6511a145-f4a5-46e4-a326-521f0e6b62bc-kube-api-access-nmrb9\") pod \"test-hivemq-platform-0\" (UID: \"6511a145-f4a5-46e4-a326-521f0e6b62bc\") " pod="helmupgradeextensionit/test-hivemq-platform-0"
2025-01-29 14:01:32,379 INFO c.h.h.t.HelmChartContainer - [hivemq-test-hivemq-platform] [hivemq-platform-operator] [12b7a3f9] 14:01:32.377 [pool-6-thread-12] DEBUG c.h.p.o.dependants.PodInfoConfigMap - [helmupgr] Desired PodInfo ConfigMap (1 extensions) (1 enabled)
2025-01-29 14:01:32,379 INFO c.h.h.t.HelmChartContainer - [hivemq-test-hivemq-platform] [hivemq-platform-operator] [12b7a3f9] 14:01:32.377 [pool-6-thread-12] DEBUG c.h.p.o.dependants.PodInfoConfigMap - [helmupgr] Desired PodInfo ConfigMap (metrics port: 9399) (metrics path: /)
2025-01-29 14:01:32,379 INFO c.h.h.t.HelmChartContainer - [hivemq-test-hivemq-platform] [hivemq-platform-operator] [12b7a3f9] 14:01:32.377 [pool-6-thread-12] DEBUG c.h.p.o.dependants.PodInfoConfigMap - [helmupgr] Desired PodInfo ConfigMap (extension state hash: -787112544)
2025-01-29 14:01:32,380 INFO c.h.h.t.HelmChartContainer - [hivemq-test-hivemq-platform] [hivemq-platform-operator] [12b7a3f9] 14:01:32.379 [pool-6-thread-12] DEBUG c.h.p.o.d.StatefulSetResource - [helmupgr] Desired StatefulSet (2 replicas) for status ROLLING_RESTART (RESTART_PODS_IN_PROGRESS)
2025-01-29 14:01:32,382 INFO c.h.h.t.HelmChartContainer - [hivemq-test-hivemq-platform] [hivemq-platform-operator] [12b7a3f9] 14:01:32.382 [ReconcilerExecutor-hivemq-controller-145] INFO  c.h.p.o.HiveMQPlatformReconciler - [helmupgr] Reconciling HiveMQ Platform 'test-hivemq-platform' in namespace 'helmupgradeextensionit'
2025-01-29 14:01:32,383 INFO c.h.h.t.HelmChartContainer - [hivemq-test-hivemq-platform] [hivemq-platform-operator] [12b7a3f9] 14:01:32.382 [ReconcilerExecutor-hivemq-controller-145] DEBUG c.h.p.o.HiveMQPlatformReconciler - [helmupgr] Custom Resource Status ROLLING_RESTART - HiveMQ Platform is restarting Pods (rolling restart) (RESTART_PODS_IN_PROGRESS)
2025-01-29 14:01:32,384 INFO c.h.h.t.HelmChartContainer - [hivemq-test-hivemq-platform] [hivemq-platform-operator] [12b7a3f9] 14:01:32.382 [ReconcilerExecutor-hivemq-controller-145] DEBUG c.h.p.o.HiveMQPlatformReconciler - [helmupgr] Custom Resource Spec (replicas: 1) (extensions: 1)
2025-01-29 14:01:32,385 INFO c.h.h.t.HelmChartContainer - [hivemq-test-hivemq-platform] [hivemq-platform-operator] [12b7a3f9] 14:01:32.385 [ReconcilerExecutor-hivemq-controller-145] DEBUG c.h.p.o.HiveMQPlatformReconciler - [helmupgr] StatefulSet Status (revision: test-hivemq-platform-7c6d7d4d7b, replicas: 2, available: 1, ready: 1, current: 0, updated: 2)
2025-01-29 14:01:32,388 INFO c.h.h.t.HelmChartContainer - [hivemq-test-hivemq-platform] [hivemq-platform-operator] [12b7a3f9] 14:01:32.385 [ReconcilerExecutor-hivemq-controller-145] DEBUG c.h.p.o.HiveMQPlatformReconciler - [helmupgr] StatefulSet Spec (replicas: 2, init containers: 1, containers: 1, volumes: 4)
2025-01-29 14:01:32,388 INFO c.h.h.t.HelmChartContainer - [hivemq-test-hivemq-platform] [hivemq-platform-operator] [12b7a3f9] 14:01:32.386 [ReconcilerExecutor-hivemq-controller-145] DEBUG c.h.p.o.h.HiveMQPlatformReconcilerErrorHandler - [helmupgr] Pod 'test-hivemq-platform-1' phase Running
2025-01-29 14:01:32,388 INFO c.h.h.t.HelmChartContainer - [hivemq-test-hivemq-platform] [hivemq-platform-operator] [12b7a3f9] 14:01:32.387 [ReconcilerExecutor-hivemq-controller-145] DEBUG c.h.p.o.h.HiveMQPlatformReconcilerErrorHandler - [helmupgr] Pod 'test-hivemq-platform-0' phase Pending
2025-01-29 14:01:32,389 INFO c.h.h.t.HelmChartContainer - [hivemq-test-hivemq-platform] [hivemq-platform-operator] [12b7a3f9] 14:01:32.387 [ReconcilerExecutor-hivemq-controller-145] DEBUG c.h.p.o.h.HiveMQPlatformReconcilerErrorHandler - [helmupgr] Pod 'test-hivemq-platform-0' condition 'PodScheduled': True
2025-01-29 14:01:32,389 INFO c.h.h.t.HelmChartContainer - [hivemq-test-hivemq-platform] [hivemq-platform-operator] [12b7a3f9] 14:01:32.388 [ReconcilerExecutor-hivemq-controller-145] DEBUG c.h.p.o.h.HiveMQPlatformReconcilerRollingRestartHandler - [helmupgr] Rolling restart is waiting for 1 of 2 replicas
2025-01-29 14:01:32,556 INFO c.h.h.t.HelmChartContainer - [EVENT] Normal [Pulled] Container image "docker.io/hivemq/hivemq-platform-operator-init-test:snapshot" already present on machine [helmupgradeextensionit:test-hivemq-platform-0]
2025-01-29 14:01:32,562 INFO c.h.h.t.HelmChartContainer - [EVENT] Normal [Created] Created container: hivemq-platform-operator-init [helmupgradeextensionit:test-hivemq-platform-0]
2025-01-29 14:01:32,597 INFO c.h.h.t.HelmChartContainer - [EVENT] Normal [Started] Started container hivemq-platform-operator-init [helmupgradeextensionit:test-hivemq-platform-0]
2025-01-29 14:01:32,811 INFO c.h.h.t.HelmChartContainer - [EVENT] Normal [Pulled] Container image "docker.io/hivemq/hivemq4:4.36.0" already present on machine [helmupgradeextensionit:test-hivemq-platform-0]
2025-01-29 14:01:32,811 INFO c.h.h.t.HelmChartContainer - Received Pulled event for container hivemq in pod test-hivemq-platform-0 [6511a145-f4a5-46e4-a326-521f0e6b62bc]
2025-01-29 14:01:32,825 INFO c.h.h.t.HelmChartContainer - [POD] test-hivemq-platform-0 [6511a145-f4a5-46e4-a326-521f0e6b62bc] in helmupgradeextensionit was MODIFIED
2025-01-29 14:01:32,837 INFO c.h.h.t.HelmChartContainer - [hivemq-test-hivemq-platform] [hivemq-platform-operator] [12b7a3f9] 14:01:32.823 [pool-6-thread-24] DEBUG c.h.p.o.d.PodServiceAccountResource - [helmupgr] Desired PodServiceAccountResource (serviceAccountName: hivemq-platform-pod-test-hivemq-platform)
2025-01-29 14:01:32,837 INFO c.h.h.t.HelmChartContainer - [hivemq-test-hivemq-platform] [hivemq-platform-operator] [12b7a3f9] 14:01:32.821 [pool-6-thread-22] DEBUG c.h.p.o.d.PlatformServiceResource - [helmupgr] Desired Platform services (3 services)
2025-01-29 14:01:32,837 INFO c.h.h.t.HelmChartContainer - [hivemq-test-hivemq-platform] [hivemq-platform-operator] [12b7a3f9] 14:01:32.822 [pool-6-thread-23] DEBUG c.h.p.o.dependants.PodInfoConfigMap - [helmupgr] Desired PodInfo ConfigMap (1 extensions) (1 enabled)
2025-01-29 14:01:32,837 INFO c.h.h.t.HelmChartContainer - [hivemq-test-hivemq-platform] [hivemq-platform-operator] [12b7a3f9] 14:01:32.828 [pool-6-thread-23] DEBUG c.h.p.o.dependants.PodInfoConfigMap - [helmupgr] Desired PodInfo ConfigMap (metrics port: 9399) (metrics path: /)
2025-01-29 14:01:32,837 INFO c.h.h.t.HelmChartContainer - [hivemq-test-hivemq-platform] [hivemq-platform-operator] [12b7a3f9] 14:01:32.828 [pool-6-thread-23] DEBUG c.h.p.o.dependants.PodInfoConfigMap - [helmupgr] Desired PodInfo ConfigMap (extension state hash: -787112544)
2025-01-29 14:01:32,847 INFO c.h.h.t.HelmChartContainer - [hivemq-test-hivemq-platform] [hivemq-platform-operator] [12b7a3f9] 14:01:32.831 [pool-6-thread-29] DEBUG c.h.p.o.d.StatefulSetResource - [helmupgr] Desired StatefulSet (2 replicas) for status ROLLING_RESTART (RESTART_PODS_IN_PROGRESS)
2025-01-29 14:01:32,850 INFO c.h.h.t.HelmChartContainer - [hivemq-test-hivemq-platform] [hivemq-platform-operator] [12b7a3f9] 14:01:32.840 [ReconcilerExecutor-hivemq-controller-146] INFO  c.h.p.o.HiveMQPlatformReconciler - [helmupgr] Reconciling HiveMQ Platform 'test-hivemq-platform' in namespace 'helmupgradeextensionit'
2025-01-29 14:01:32,860 INFO c.h.h.t.HelmChartContainer - [EVENT] Normal [Created] Created container: hivemq [helmupgradeextensionit:test-hivemq-platform-0]
2025-01-29 14:01:32,861 INFO c.h.h.t.HelmChartContainer - Received Created event for container hivemq in pod test-hivemq-platform-0 [6511a145-f4a5-46e4-a326-521f0e6b62bc]
2025-01-29 14:01:32,862 INFO c.h.h.t.HelmChartContainer - [hivemq-test-hivemq-platform] [hivemq-platform-operator] [12b7a3f9] 14:01:32.840 [ReconcilerExecutor-hivemq-controller-146] DEBUG c.h.p.o.HiveMQPlatformReconciler - [helmupgr] Custom Resource Status ROLLING_RESTART - HiveMQ Platform is restarting Pods (rolling restart) (RESTART_PODS_IN_PROGRESS)
2025-01-29 14:01:32,862 INFO c.h.h.t.HelmChartContainer - [hivemq-test-hivemq-platform] [hivemq-platform-operator] [12b7a3f9] 14:01:32.840 [ReconcilerExecutor-hivemq-controller-146] DEBUG c.h.p.o.HiveMQPlatformReconciler - [helmupgr] Custom Resource Spec (replicas: 1) (extensions: 1)
2025-01-29 14:01:32,862 INFO c.h.h.t.HelmChartContainer - [hivemq-test-hivemq-platform] [hivemq-platform-operator] [12b7a3f9] 14:01:32.843 [ReconcilerExecutor-hivemq-controller-146] DEBUG c.h.p.o.HiveMQPlatformReconciler - [helmupgr] StatefulSet Status (revision: test-hivemq-platform-7c6d7d4d7b, replicas: 2, available: 1, ready: 1, current: 0, updated: 2)
2025-01-29 14:01:32,862 INFO c.h.h.t.HelmChartContainer - [hivemq-test-hivemq-platform] [hivemq-platform-operator] [12b7a3f9] 14:01:32.845 [ReconcilerExecutor-hivemq-controller-146] DEBUG c.h.p.o.HiveMQPlatformReconciler - [helmupgr] StatefulSet Spec (replicas: 2, init containers: 1, containers: 1, volumes: 4)
2025-01-29 14:01:32,862 INFO c.h.h.t.HelmChartContainer - [hivemq-test-hivemq-platform] [hivemq-platform-operator] [12b7a3f9] 14:01:32.846 [ReconcilerExecutor-hivemq-controller-146] DEBUG c.h.p.o.h.HiveMQPlatformReconcilerErrorHandler - [helmupgr] Pod 'test-hivemq-platform-1' phase Running
2025-01-29 14:01:32,862 INFO c.h.h.t.HelmChartContainer - [hivemq-test-hivemq-platform] [hivemq-platform-operator] [12b7a3f9] 14:01:32.848 [ReconcilerExecutor-hivemq-controller-146] DEBUG c.h.p.o.h.HiveMQPlatformReconcilerErrorHandler - [helmupgr] Pod 'test-hivemq-platform-0' phase Pending
2025-01-29 14:01:32,862 INFO c.h.h.t.HelmChartContainer - [hivemq-test-hivemq-platform] [hivemq-platform-operator] [12b7a3f9] 14:01:32.851 [ReconcilerExecutor-hivemq-controller-146] DEBUG c.h.p.o.h.HiveMQPlatformReconcilerErrorHandler - [helmupgr] Pod 'test-hivemq-platform-0' condition 'PodReadyToStartContainers': True
2025-01-29 14:01:32,862 INFO c.h.h.t.HelmChartContainer - [hivemq-test-hivemq-platform] [hivemq-platform-operator] [12b7a3f9] 14:01:32.851 [ReconcilerExecutor-hivemq-controller-146] DEBUG c.h.p.o.h.HiveMQPlatformReconcilerErrorHandler - [helmupgr] Pod 'test-hivemq-platform-0' condition 'Initialized': True
2025-01-29 14:01:32,862 INFO c.h.h.t.HelmChartContainer - [hivemq-test-hivemq-platform] [hivemq-platform-operator] [12b7a3f9] 14:01:32.851 [ReconcilerExecutor-hivemq-controller-146] DEBUG c.h.p.o.h.HiveMQPlatformReconcilerErrorHandler - [helmupgr] Pod 'test-hivemq-platform-0' condition 'Ready': False
2025-01-29 14:01:32,862 INFO c.h.h.t.HelmChartContainer - [hivemq-test-hivemq-platform] [hivemq-platform-operator] [12b7a3f9] 14:01:32.851 [ReconcilerExecutor-hivemq-controller-146] DEBUG c.h.p.o.h.HiveMQPlatformReconcilerErrorHandler - [helmupgr] Pod 'test-hivemq-platform-0' condition 'ContainersReady': False
2025-01-29 14:01:32,862 INFO c.h.h.t.HelmChartContainer - [hivemq-test-hivemq-platform] [hivemq-platform-operator] [12b7a3f9] 14:01:32.851 [ReconcilerExecutor-hivemq-controller-146] DEBUG c.h.p.o.h.HiveMQPlatformReconcilerErrorHandler - [helmupgr] Pod 'test-hivemq-platform-0' condition 'PodScheduled': True
2025-01-29 14:01:32,862 INFO c.h.h.t.HelmChartContainer - [hivemq-test-hivemq-platform] [hivemq-platform-operator] [12b7a3f9] 14:01:32.851 [ReconcilerExecutor-hivemq-controller-146] DEBUG c.h.p.o.h.HiveMQPlatformReconcilerErrorHandler - [helmupgr] Pod 'test-hivemq-platform-0' containerStatus 'hivemq' (started: false) (ready: false) (waiting: [PodInitializing] null)
2025-01-29 14:01:32,862 INFO c.h.h.t.HelmChartContainer - [hivemq-test-hivemq-platform] [hivemq-platform-operator] [12b7a3f9] 14:01:32.851 [ReconcilerExecutor-hivemq-controller-146] DEBUG c.h.p.o.h.HiveMQPlatformReconcilerRollingRestartHandler - [helmupgr] Rolling restart is waiting for 1 of 2 replicas
2025-01-29 14:01:33,111 INFO c.h.h.t.HelmChartContainer - [test-hivemq-platform] [hivemq] [1b85ee1f] WARN  - Bridge Extension: Connect to bridge 'testbridge' failed for the 3 time, reason: connection timed out after 10000 ms: /172.17.0.3:1883
2025-01-29 14:01:33,168 INFO c.h.h.t.HelmChartContainer - [K3S] [kubelet_volumes.go:163] "Cleaned up orphaned pod volumes dir" podUID="8b808fb2-1e31-435d-8851-1ea8e19f9d2a" path="/var/lib/kubelet/pods/8b808fb2-1e31-435d-8851-1ea8e19f9d2a/volumes"
2025-01-29 14:01:33,820 INFO c.h.h.t.HelmChartContainer - [POD] test-hivemq-platform-0 [6511a145-f4a5-46e4-a326-521f0e6b62bc] in helmupgradeextensionit was MODIFIED
2025-01-29 14:01:33,833 INFO c.h.h.t.HelmChartContainer - [hivemq-test-hivemq-platform] [hivemq-platform-operator] [12b7a3f9] 14:01:33.823 [pool-6-thread-31] DEBUG c.h.p.o.dependants.PodInfoConfigMap - [helmupgr] Desired PodInfo ConfigMap (1 extensions) (1 enabled)
2025-01-29 14:01:33,833 INFO c.h.h.t.HelmChartContainer - [hivemq-test-hivemq-platform] [hivemq-platform-operator] [12b7a3f9] 14:01:33.823 [pool-6-thread-31] DEBUG c.h.p.o.dependants.PodInfoConfigMap - [helmupgr] Desired PodInfo ConfigMap (metrics port: 9399) (metrics path: /)
2025-01-29 14:01:33,833 INFO c.h.h.t.HelmChartContainer - [hivemq-test-hivemq-platform] [hivemq-platform-operator] [12b7a3f9] 14:01:33.823 [pool-6-thread-31] DEBUG c.h.p.o.dependants.PodInfoConfigMap - [helmupgr] Desired PodInfo ConfigMap (extension state hash: -787112544)
2025-01-29 14:01:33,833 INFO c.h.h.t.HelmChartContainer - [hivemq-test-hivemq-platform] [hivemq-platform-operator] [12b7a3f9] 14:01:33.824 [pool-6-thread-35] DEBUG c.h.p.o.d.PodServiceAccountResource - [helmupgr] Desired PodServiceAccountResource (serviceAccountName: hivemq-platform-pod-test-hivemq-platform)
2025-01-29 14:01:33,833 INFO c.h.h.t.HelmChartContainer - [hivemq-test-hivemq-platform] [hivemq-platform-operator] [12b7a3f9] 14:01:33.826 [pool-6-thread-34] DEBUG c.h.p.o.d.PlatformServiceResource - [helmupgr] Desired Platform services (3 services)
2025-01-29 14:01:33,842 INFO c.h.h.t.HelmChartContainer - [hivemq-test-hivemq-platform] [hivemq-platform-operator] [12b7a3f9] 14:01:33.831 [pool-6-thread-32] DEBUG c.h.p.o.d.StatefulSetResource - [helmupgr] Desired StatefulSet (2 replicas) for status ROLLING_RESTART (RESTART_PODS_IN_PROGRESS)
2025-01-29 14:01:33,845 INFO c.h.h.t.HelmChartContainer - [EVENT] Normal [Started] Started container hivemq [helmupgradeextensionit:test-hivemq-platform-0]
2025-01-29 14:01:33,846 INFO c.h.h.t.HelmChartContainer - Received Started event for container hivemq in pod test-hivemq-platform-0 [6511a145-f4a5-46e4-a326-521f0e6b62bc]
2025-01-29 14:01:33,848 INFO c.h.h.t.HelmChartContainer - Started log watcher for hivemq in pod test-hivemq-platform-0 [6511a145-f4a5-46e4-a326-521f0e6b62bc]
2025-01-29 14:01:33,848 INFO c.h.h.t.HelmChartContainer - [test-hivemq-platform] [hivemq] [6511a145] Adding pre-installed HiveMQ Platform Operator extensions
2025-01-29 14:01:33,849 INFO c.h.h.t.HelmChartContainer - [test-hivemq-platform] [hivemq] [6511a145] Running as user 10000
2025-01-29 14:01:33,849 INFO c.h.h.t.HelmChartContainer - [test-hivemq-platform] [hivemq] [6511a145] Starting HiveMQ Platform Operator Init
2025-01-29 14:01:33,850 INFO c.h.h.t.HelmChartContainer - [hivemq-test-hivemq-platform] [hivemq-platform-operator] [12b7a3f9] 14:01:33.844 [ReconcilerExecutor-hivemq-controller-147] INFO  c.h.p.o.HiveMQPlatformReconciler - [helmupgr] Reconciling HiveMQ Platform 'test-hivemq-platform' in namespace 'helmupgradeextensionit'
2025-01-29 14:01:33,850 INFO c.h.h.t.HelmChartContainer - [hivemq-test-hivemq-platform] [hivemq-platform-operator] [12b7a3f9] 14:01:33.845 [ReconcilerExecutor-hivemq-controller-147] DEBUG c.h.p.o.HiveMQPlatformReconciler - [helmupgr] Custom Resource Status ROLLING_RESTART - HiveMQ Platform is restarting Pods (rolling restart) (RESTART_PODS_IN_PROGRESS)
2025-01-29 14:01:33,850 INFO c.h.h.t.HelmChartContainer - [hivemq-test-hivemq-platform] [hivemq-platform-operator] [12b7a3f9] 14:01:33.845 [ReconcilerExecutor-hivemq-controller-147] DEBUG c.h.p.o.HiveMQPlatformReconciler - [helmupgr] Custom Resource Spec (replicas: 1) (extensions: 1)
2025-01-29 14:01:33,850 INFO c.h.h.t.HelmChartContainer - [hivemq-test-hivemq-platform] [hivemq-platform-operator] [12b7a3f9] 14:01:33.846 [ReconcilerExecutor-hivemq-controller-147] DEBUG c.h.p.o.HiveMQPlatformReconciler - [helmupgr] StatefulSet Status (revision: test-hivemq-platform-7c6d7d4d7b, replicas: 2, available: 1, ready: 1, current: 0, updated: 2)
2025-01-29 14:01:33,850 INFO c.h.h.t.HelmChartContainer - [hivemq-test-hivemq-platform] [hivemq-platform-operator] [12b7a3f9] 14:01:33.847 [ReconcilerExecutor-hivemq-controller-147] DEBUG c.h.p.o.HiveMQPlatformReconciler - [helmupgr] StatefulSet Spec (replicas: 2, init containers: 1, containers: 1, volumes: 4)
2025-01-29 14:01:33,855 INFO c.h.h.t.HelmChartContainer - [hivemq-test-hivemq-platform] [hivemq-platform-operator] [12b7a3f9] 14:01:33.851 [ReconcilerExecutor-hivemq-controller-147] DEBUG c.h.p.o.h.HiveMQPlatformReconcilerErrorHandler - [helmupgr] Pod 'test-hivemq-platform-1' phase Running
2025-01-29 14:01:33,857 INFO c.h.h.t.HelmChartContainer - [hivemq-test-hivemq-platform] [hivemq-platform-operator] [12b7a3f9] 14:01:33.856 [ReconcilerExecutor-hivemq-controller-147] DEBUG c.h.p.o.h.HiveMQPlatformReconcilerErrorHandler - [helmupgr] Pod 'test-hivemq-platform-0' phase Running
2025-01-29 14:01:33,858 INFO c.h.h.t.HelmChartContainer - [hivemq-test-hivemq-platform] [hivemq-platform-operator] [12b7a3f9] 14:01:33.857 [ReconcilerExecutor-hivemq-controller-147] DEBUG c.h.p.o.h.HiveMQPlatformReconcilerRollingRestartHandler - [helmupgr] Rolling restart is waiting for 1 of 2 replicas
2025-01-29 14:01:34,168 INFO c.h.h.t.HelmChartContainer - [test-hivemq-platform] [hivemq] [6511a145] INFO  - [HiveMQ Platform Operator Init 1.7.0-SNAPSHOT] HiveMQ Platform Operator Init 1.7.0-SNAPSHOT (commit: bebf408 on branch: HEAD) built on Sun Jan 26 20:47:47 UTC 2025
2025-01-29 14:01:34,272 INFO c.h.h.t.HelmChartContainer - [test-hivemq-platform] [hivemq] [1b85ee1f] WARN  - Bridge Extension: Connect to bridge 'testbridge' failed for the 3 time, reason: connection timed out after 10000 ms: /172.17.0.3:1883
2025-01-29 14:01:35,242 INFO c.h.h.t.HelmChartContainer - [test-hivemq-platform] [hivemq] [6511a145] INFO  - [HiveMQ Platform Operator Init App 1.7.0-SNAPSHOT] Using bind address 10.42.0.10 from environment variable
2025-01-29 14:01:36,240 INFO c.h.h.t.HelmChartContainer - [test-hivemq-platform] [hivemq] [6511a145] INFO  - [HiveMQ Platform Operator Init App 1.7.0-SNAPSHOT] HiveMQ Platform Operator Init App 1.7.0-SNAPSHOT (commit: bebf408 on branch: HEAD) built on Sun Jan 26 20:47:47 UTC 2025
2025-01-29 14:01:36,240 INFO c.h.h.t.HelmChartContainer - [test-hivemq-platform] [hivemq] [6511a145] INFO  - [HiveMQ Platform Operator Init App 1.7.0-SNAPSHOT] PodInfo ConfigMap directory: /etc/podinfo
2025-01-29 14:01:36,240 INFO c.h.h.t.HelmChartContainer - [test-hivemq-platform] [hivemq] [6511a145] INFO  - [HiveMQ Platform Operator Init App 1.7.0-SNAPSHOT] HiveMQ home directory: /opt/hivemq
2025-01-29 14:01:36,240 INFO c.h.h.t.HelmChartContainer - [test-hivemq-platform] [hivemq] [6511a145] INFO  - [HiveMQ Platform Operator Init App 1.7.0-SNAPSHOT] HiveMQ Logback folder: /opt/hivemq/conf
2025-01-29 14:01:36,240 INFO c.h.h.t.HelmChartContainer - [test-hivemq-platform] [hivemq] [6511a145] INFO  - [HiveMQ Platform Operator Init App 1.7.0-SNAPSHOT] HiveMQ Config folder: /opt/hivemq/conf-k8s
2025-01-29 14:01:36,241 INFO c.h.h.t.HelmChartContainer - [test-hivemq-platform] [hivemq] [6511a145] INFO  - [HiveMQ Platform Operator Init App 1.7.0-SNAPSHOT] Starting HiveMQ Platform Operator Init App
2025-01-29 14:01:36,241 INFO c.h.h.t.HelmChartContainer - [test-hivemq-platform] [hivemq] [6511a145] INFO  - [HiveMQ Platform Operator Init App 1.7.0-SNAPSHOT] Starting Pod reconciler
2025-01-29 14:01:37,449 INFO c.h.h.t.HelmChartContainer - [test-hivemq-platform] [hivemq] [6511a145] INFO  - [HiveMQ Platform Operator Init App 1.7.0-SNAPSHOT] Pod reconciler is scheduled (interval: 5000 ms)
2025-01-29 14:01:37,466 INFO c.h.h.t.HelmChartContainer - [test-hivemq-platform] [hivemq] [6511a145] INFO  - [HiveMQ Platform Operator Init App 1.7.0-SNAPSHOT] Starting the REST API on 10.42.0.10:7979
2025-01-29 14:01:37,468 INFO c.h.h.t.HelmChartContainer - [test-hivemq-platform] [hivemq] [6511a145] INFO  - [HiveMQ Platform Operator Init App 1.7.0-SNAPSHOT] Waiting up to 600s for at most 2 HiveMQ nodes in cluster service hivemq-test-hivemq-platform-cluster.helmupgradeextensionit.svc
2025-01-29 14:01:37,844 INFO c.h.h.t.HelmChartContainer - [test-hivemq-platform] [hivemq] [6511a145] INFO  - [HiveMQ Platform Operator Init App 1.7.0-SNAPSHOT] Resolved 2 IP addresses: [10.42.0.10, 10.42.0.9]
2025-01-29 14:01:37,844 INFO c.h.h.t.HelmChartContainer - [test-hivemq-platform] [hivemq] [6511a145] INFO  - [HiveMQ Platform Operator Init App 1.7.0-SNAPSHOT] HiveMQ node count of 2 is within threshold of 2
2025-01-29 14:01:37,844 INFO c.h.h.t.HelmChartContainer - [test-hivemq-platform] [hivemq] [6511a145] INFO  - [HiveMQ Platform Operator Init App 1.7.0-SNAPSHOT] Waiting 15s for previous shutdown replication to finish...
2025-01-29 14:01:39,820 INFO c.h.h.t.HelmChartContainer - [test-hivemq-platform] [hivemq] [6511a145] INFO  - [HiveMQ Platform Operator Init App 1.7.0-SNAPSHOT] Returning default Health API response 503 for readiness
2025-01-29 14:01:39,941 INFO c.h.h.t.HelmChartContainer - [EVENT] Warning [Unhealthy] Readiness probe failed: HTTP probe failed with statuscode: 503 [helmupgradeextensionit:test-hivemq-platform-0]
2025-01-29 14:01:39,941 INFO c.h.h.t.HelmChartContainer - Received Unhealthy event for container hivemq in pod test-hivemq-platform-0 [6511a145-f4a5-46e4-a326-521f0e6b62bc]
2025-01-29 14:01:43,882 INFO c.h.h.t.HelmChartContainer - [hivemq-test-hivemq-platform] [hivemq-platform-operator] [12b7a3f9] 14:01:43.879 [pool-6-thread-48] DEBUG c.h.p.o.d.PlatformServiceResource - [helmupgr] Desired Platform services (3 services)
2025-01-29 14:01:43,882 INFO c.h.h.t.HelmChartContainer - [hivemq-test-hivemq-platform] [hivemq-platform-operator] [12b7a3f9] 14:01:43.880 [pool-6-thread-50] DEBUG c.h.p.o.dependants.PodInfoConfigMap - [helmupgr] Desired PodInfo ConfigMap (1 extensions) (1 enabled)
2025-01-29 14:01:43,882 INFO c.h.h.t.HelmChartContainer - [hivemq-test-hivemq-platform] [hivemq-platform-operator] [12b7a3f9] 14:01:43.880 [pool-6-thread-50] DEBUG c.h.p.o.dependants.PodInfoConfigMap - [helmupgr] Desired PodInfo ConfigMap (metrics port: 9399) (metrics path: /)
2025-01-29 14:01:43,882 INFO c.h.h.t.HelmChartContainer - [hivemq-test-hivemq-platform] [hivemq-platform-operator] [12b7a3f9] 14:01:43.880 [pool-6-thread-50] DEBUG c.h.p.o.dependants.PodInfoConfigMap - [helmupgr] Desired PodInfo ConfigMap (extension state hash: -787112544)
2025-01-29 14:01:43,883 INFO c.h.h.t.HelmChartContainer - [hivemq-test-hivemq-platform] [hivemq-platform-operator] [12b7a3f9] 14:01:43.880 [pool-6-thread-50] DEBUG c.h.p.o.d.PodServiceAccountResource - [helmupgr] Desired PodServiceAccountResource (serviceAccountName: hivemq-platform-pod-test-hivemq-platform)
2025-01-29 14:01:43,884 INFO c.h.h.t.HelmChartContainer - [hivemq-test-hivemq-platform] [hivemq-platform-operator] [12b7a3f9] 14:01:43.883 [pool-6-thread-48] DEBUG c.h.p.o.d.StatefulSetResource - [helmupgr] Desired StatefulSet (2 replicas) for status ROLLING_RESTART (RESTART_PODS_IN_PROGRESS)
2025-01-29 14:01:43,886 INFO c.h.h.t.HelmChartContainer - [hivemq-test-hivemq-platform] [hivemq-platform-operator] [12b7a3f9] 14:01:43.885 [ReconcilerExecutor-hivemq-controller-148] INFO  c.h.p.o.HiveMQPlatformReconciler - [helmupgr] Reconciling HiveMQ Platform 'test-hivemq-platform' in namespace 'helmupgradeextensionit'
2025-01-29 14:01:43,886 INFO c.h.h.t.HelmChartContainer - [hivemq-test-hivemq-platform] [hivemq-platform-operator] [12b7a3f9] 14:01:43.885 [ReconcilerExecutor-hivemq-controller-148] DEBUG c.h.p.o.HiveMQPlatformReconciler - [helmupgr] Custom Resource Status ROLLING_RESTART - HiveMQ Platform is restarting Pods (rolling restart) (RESTART_PODS_IN_PROGRESS)
2025-01-29 14:01:43,886 INFO c.h.h.t.HelmChartContainer - [hivemq-test-hivemq-platform] [hivemq-platform-operator] [12b7a3f9] 14:01:43.885 [ReconcilerExecutor-hivemq-controller-148] DEBUG c.h.p.o.HiveMQPlatformReconciler - [helmupgr] Custom Resource Spec (replicas: 1) (extensions: 1)
2025-01-29 14:01:43,888 INFO c.h.h.t.HelmChartContainer - [hivemq-test-hivemq-platform] [hivemq-platform-operator] [12b7a3f9] 14:01:43.886 [ReconcilerExecutor-hivemq-controller-148] DEBUG c.h.p.o.HiveMQPlatformReconciler - [helmupgr] StatefulSet Status (revision: test-hivemq-platform-7c6d7d4d7b, replicas: 2, available: 1, ready: 1, current: 0, updated: 2)
2025-01-29 14:01:43,888 INFO c.h.h.t.HelmChartContainer - [hivemq-test-hivemq-platform] [hivemq-platform-operator] [12b7a3f9] 14:01:43.886 [ReconcilerExecutor-hivemq-controller-148] DEBUG c.h.p.o.HiveMQPlatformReconciler - [helmupgr] StatefulSet Spec (replicas: 2, init containers: 1, containers: 1, volumes: 4)
2025-01-29 14:01:43,889 INFO c.h.h.t.HelmChartContainer - [hivemq-test-hivemq-platform] [hivemq-platform-operator] [12b7a3f9] 14:01:43.887 [ReconcilerExecutor-hivemq-controller-148] DEBUG c.h.p.o.h.HiveMQPlatformReconcilerErrorHandler - [helmupgr] Pod 'test-hivemq-platform-1' phase Running
2025-01-29 14:01:43,889 INFO c.h.h.t.HelmChartContainer - [hivemq-test-hivemq-platform] [hivemq-platform-operator] [12b7a3f9] 14:01:43.888 [ReconcilerExecutor-hivemq-controller-148] DEBUG c.h.p.o.h.HiveMQPlatformReconcilerErrorHandler - [helmupgr] Pod 'test-hivemq-platform-0' phase Running
2025-01-29 14:01:43,889 INFO c.h.h.t.HelmChartContainer - [hivemq-test-hivemq-platform] [hivemq-platform-operator] [12b7a3f9] 14:01:43.889 [ReconcilerExecutor-hivemq-controller-148] DEBUG c.h.p.o.h.HiveMQPlatformReconcilerRollingRestartHandler - [helmupgr] Rolling restart is waiting for 1 of 2 replicas
2025-01-29 14:01:44,766 INFO c.h.h.t.HelmChartContainer - [test-hivemq-platform] [hivemq] [6511a145] INFO  - [HiveMQ Platform Operator Init App 1.7.0-SNAPSHOT] Updating Pod HiveMQ Platform Operator Init App version annotation (version: 1.7.0-SNAPSHOT)
2025-01-29 14:01:44,838 INFO c.h.h.t.HelmChartContainer - [EVENT] Warning [Unhealthy] Readiness probe failed: HTTP probe failed with statuscode: 503 [helmupgradeextensionit:test-hivemq-platform-0]
2025-01-29 14:01:44,839 INFO c.h.h.t.HelmChartContainer - Received Unhealthy event for container hivemq in pod test-hivemq-platform-0 [6511a145-f4a5-46e4-a326-521f0e6b62bc]
2025-01-29 14:01:45,092 INFO c.h.h.t.HelmChartContainer - [hivemq-test-hivemq-platform] [hivemq-platform-operator] [12b7a3f9] 14:01:45.085 [pool-6-thread-7] DEBUG c.h.p.o.d.PlatformServiceResource - [helmupgr] Desired Platform services (3 services)
2025-01-29 14:01:45,092 INFO c.h.h.t.HelmChartContainer - [hivemq-test-hivemq-platform] [hivemq-platform-operator] [12b7a3f9] 14:01:45.086 [pool-6-thread-4] DEBUG c.h.p.o.dependants.PodInfoConfigMap - [helmupgr] Desired PodInfo ConfigMap (1 extensions) (1 enabled)
2025-01-29 14:01:45,092 INFO c.h.h.t.HelmChartContainer - [hivemq-test-hivemq-platform] [hivemq-platform-operator] [12b7a3f9] 14:01:45.086 [pool-6-thread-4] DEBUG c.h.p.o.dependants.PodInfoConfigMap - [helmupgr] Desired PodInfo ConfigMap (metrics port: 9399) (metrics path: /)
2025-01-29 14:01:45,092 INFO c.h.h.t.HelmChartContainer - [hivemq-test-hivemq-platform] [hivemq-platform-operator] [12b7a3f9] 14:01:45.086 [pool-6-thread-4] DEBUG c.h.p.o.dependants.PodInfoConfigMap - [helmupgr] Desired PodInfo ConfigMap (extension state hash: -787112544)
2025-01-29 14:01:45,092 INFO c.h.h.t.HelmChartContainer - [hivemq-test-hivemq-platform] [hivemq-platform-operator] [12b7a3f9] 14:01:45.087 [pool-6-thread-4] DEBUG c.h.p.o.d.PodServiceAccountResource - [helmupgr] Desired PodServiceAccountResource (serviceAccountName: hivemq-platform-pod-test-hivemq-platform)
2025-01-29 14:01:45,092 INFO c.h.h.t.HelmChartContainer - [hivemq-test-hivemq-platform] [hivemq-platform-operator] [12b7a3f9] 14:01:45.090 [pool-6-thread-3] DEBUG c.h.p.o.d.StatefulSetResource - [helmupgr] Desired StatefulSet (2 replicas) for status ROLLING_RESTART (RESTART_PODS_IN_PROGRESS)
2025-01-29 14:01:45,094 INFO c.h.h.t.HelmChartContainer - [POD] test-hivemq-platform-0 [6511a145-f4a5-46e4-a326-521f0e6b62bc] in helmupgradeextensionit was MODIFIED
2025-01-29 14:01:45,096 INFO c.h.h.t.HelmChartContainer - [hivemq-test-hivemq-platform] [hivemq-platform-operator] [12b7a3f9] 14:01:45.095 [ReconcilerExecutor-hivemq-controller-149] INFO  c.h.p.o.HiveMQPlatformReconciler - [helmupgr] Reconciling HiveMQ Platform 'test-hivemq-platform' in namespace 'helmupgradeextensionit'
2025-01-29 14:01:45,096 INFO c.h.h.t.HelmChartContainer - [hivemq-test-hivemq-platform] [hivemq-platform-operator] [12b7a3f9] 14:01:45.095 [ReconcilerExecutor-hivemq-controller-149] DEBUG c.h.p.o.HiveMQPlatformReconciler - [helmupgr] Custom Resource Status ROLLING_RESTART - HiveMQ Platform is restarting Pods (rolling restart) (RESTART_PODS_IN_PROGRESS)
2025-01-29 14:01:45,096 INFO c.h.h.t.HelmChartContainer - [hivemq-test-hivemq-platform] [hivemq-platform-operator] [12b7a3f9] 14:01:45.095 [ReconcilerExecutor-hivemq-controller-149] DEBUG c.h.p.o.HiveMQPlatformReconciler - [helmupgr] Custom Resource Spec (replicas: 1) (extensions: 1)
2025-01-29 14:01:45,097 INFO c.h.h.t.HelmChartContainer - [hivemq-test-hivemq-platform] [hivemq-platform-operator] [12b7a3f9] 14:01:45.097 [ReconcilerExecutor-hivemq-controller-149] DEBUG c.h.p.o.HiveMQPlatformReconciler - [helmupgr] StatefulSet Status (revision: test-hivemq-platform-7c6d7d4d7b, replicas: 2, available: 1, ready: 1, current: 0, updated: 2)
2025-01-29 14:01:45,097 INFO c.h.h.t.HelmChartContainer - [hivemq-test-hivemq-platform] [hivemq-platform-operator] [12b7a3f9] 14:01:45.097 [ReconcilerExecutor-hivemq-controller-149] DEBUG c.h.p.o.HiveMQPlatformReconciler - [helmupgr] StatefulSet Spec (replicas: 2, init containers: 1, containers: 1, volumes: 4)
2025-01-29 14:01:45,099 INFO c.h.h.t.HelmChartContainer - [hivemq-test-hivemq-platform] [hivemq-platform-operator] [12b7a3f9] 14:01:45.099 [ReconcilerExecutor-hivemq-controller-149] DEBUG c.h.p.o.h.HiveMQPlatformReconcilerErrorHandler - [helmupgr] Pod 'test-hivemq-platform-1' phase Running
2025-01-29 14:01:45,101 INFO c.h.h.t.HelmChartContainer - [hivemq-test-hivemq-platform] [hivemq-platform-operator] [12b7a3f9] 14:01:45.100 [ReconcilerExecutor-hivemq-controller-149] DEBUG c.h.p.o.h.HiveMQPlatformReconcilerErrorHandler - [helmupgr] Pod 'test-hivemq-platform-0' phase Running
2025-01-29 14:01:45,101 INFO c.h.h.t.HelmChartContainer - [hivemq-test-hivemq-platform] [hivemq-platform-operator] [12b7a3f9] 14:01:45.100 [ReconcilerExecutor-hivemq-controller-149] DEBUG c.h.p.o.h.HiveMQPlatformReconcilerRollingRestartHandler - [helmupgr] Rolling restart is waiting for 1 of 2 replicas
2025-01-29 14:01:45,134 INFO c.h.h.t.HelmChartContainer - [test-hivemq-platform] [hivemq] [6511a145] INFO  - [HiveMQ Platform Operator Init App 1.7.0-SNAPSHOT] Successfully updated Pod HiveMQ Platform Operator Init App version annotation (version: 1.7.0-SNAPSHOT)
2025-01-29 14:01:45,139 INFO c.h.h.t.HelmChartContainer - [EVENT] Warning [Unhealthy] Readiness probe failed: HTTP probe failed with statuscode: 503 [helmupgradeextensionit:test-hivemq-platform-0]
2025-01-29 14:01:45,139 INFO c.h.h.t.HelmChartContainer - Received Unhealthy event for container hivemq in pod test-hivemq-platform-0 [6511a145-f4a5-46e4-a326-521f0e6b62bc]
2025-01-29 14:01:50,088 INFO c.h.h.t.HelmChartContainer - [EVENT] Warning [Unhealthy] Readiness probe failed: HTTP probe failed with statuscode: 503 [helmupgradeextensionit:test-hivemq-platform-0]
2025-01-29 14:01:50,088 INFO c.h.h.t.HelmChartContainer - Received Unhealthy event for container hivemq in pod test-hivemq-platform-0 [6511a145-f4a5-46e4-a326-521f0e6b62bc]
2025-01-29 14:01:51,128 INFO c.h.h.t.HelmChartContainer - [test-hivemq-platform] [hivemq] [1b85ee1f] WARN  - Bridge Extension: Connect to bridge 'testbridge' failed for the 4 time, reason: connection timed out after 10000 ms: /172.17.0.3:1883
2025-01-29 14:01:52,567 INFO c.h.h.t.HelmChartContainer - [test-hivemq-platform] [hivemq] [1b85ee1f] WARN  - Bridge Extension: Connect to bridge 'testbridge' failed for the 4 time, reason: connection timed out after 10000 ms: /172.17.0.3:1883
2025-01-29 14:01:52,844 INFO c.h.h.t.HelmChartContainer - [test-hivemq-platform] [hivemq] [6511a145] INFO  - [HiveMQ Platform Operator Init App 1.7.0-SNAPSHOT] Proceeding with container start
2025-01-29 14:01:52,847 INFO c.h.h.t.HelmChartContainer - [test-hivemq-platform] [hivemq] [6511a145] INFO  - [HiveMQ Platform Operator Init App 1.7.0-SNAPSHOT] Initializing HiveMQ Platform extensions with initial configuration: {hivemq-bridge-extension={start-priority=-1, skip-https-hostname-verification=false, restart=true, config-version=933, header-version=0, c-uri=, priority=-1, uri=preinstalled, skip-https-certificate-validation=false, enabled=true}, hivemq-prometheus-extension={uri=preinstalled, request-header-path=no-request-headers, enabled=true, restart=true, priority=-1, start-priority=-1, c-uri=, skip-https-hostname-verification=false, skip-https-certificate-validation=false}}
2025-01-29 14:01:53,273 INFO c.h.h.t.HelmChartContainer - [test-hivemq-platform] [hivemq] [6511a145] INFO  - [HiveMQ Platform Operator Init App 1.7.0-SNAPSHOT] Successfully enabled extension hivemq-bridge-extension
2025-01-29 14:01:53,273 INFO c.h.h.testcontainer.LogWaiterUtil - TEST Found log pattern on 'test-hivemq-platform-0': .*\[HiveMQ Platform Operator Init App [A-Z0-9.-]+\] Successfully enabled extension hivemq-bridge-extension
2025-01-29 14:01:53,340 INFO c.h.h.t.HelmChartContainer - [test-hivemq-platform] [hivemq] [6511a145] INFO  - [HiveMQ Platform Operator Init App 1.7.0-SNAPSHOT] Successfully enabled extension hivemq-prometheus-extension
2025-01-29 14:01:53,342 INFO c.h.h.t.HelmChartContainer - [test-hivemq-platform] [hivemq] [6511a145] INFO  - [HiveMQ Platform Operator Init App 1.7.0-SNAPSHOT] Starting HiveMQ Platform version 4.36.0 (4.36.0)
2025-01-29 14:01:53,342 INFO c.h.h.t.HelmChartContainer - [test-hivemq-platform] [hivemq] [6511a145] INFO  - [HiveMQ Platform Operator Init App 1.7.0-SNAPSHOT] Configuring the HiveMQ Platform
2025-01-29 14:01:53,435 INFO c.h.h.t.HelmChartContainer - [test-hivemq-platform] [hivemq] [6511a145] INFO  - [HiveMQ Platform Operator Init App 1.7.0-SNAPSHOT] Changed logback.xml file scan period to 20 seconds
2025-01-29 14:01:53,472 INFO c.h.h.t.HelmChartContainer - [test-hivemq-platform] [hivemq] [6511a145] INFO  - [HiveMQ Platform Operator Init App 1.7.0-SNAPSHOT] Starting the HiveMQ Platform
2025-01-29 14:01:53,533 INFO c.h.h.t.HelmChartContainer - [test-hivemq-platform] [hivemq] [6511a145] -------------------------------------------------------------------------
2025-01-29 14:01:53,533 INFO c.h.h.t.HelmChartContainer - [test-hivemq-platform] [hivemq] [6511a145] 
2025-01-29 14:01:53,533 INFO c.h.h.t.HelmChartContainer - [test-hivemq-platform] [hivemq] [6511a145]                   _    _  _              __  __   ____
2025-01-29 14:01:53,533 INFO c.h.h.t.HelmChartContainer - [test-hivemq-platform] [hivemq] [6511a145]                  | |  | |(_)            |  \/  | / __ \
2025-01-29 14:01:53,533 INFO c.h.h.t.HelmChartContainer - [test-hivemq-platform] [hivemq] [6511a145]                  | |__| | _ __   __ ___ | \  / || |  | |
2025-01-29 14:01:53,533 INFO c.h.h.t.HelmChartContainer - [test-hivemq-platform] [hivemq] [6511a145]                  |  __  || |\ \ / // _ \| |\/| || |  | |
2025-01-29 14:01:53,533 INFO c.h.h.t.HelmChartContainer - [test-hivemq-platform] [hivemq] [6511a145]                  | |  | || | \ V /|  __/| |  | || |__| |
2025-01-29 14:01:53,533 INFO c.h.h.t.HelmChartContainer - [test-hivemq-platform] [hivemq] [6511a145]                  |_|  |_||_|  \_/  \___||_|  |_| \___\_\
2025-01-29 14:01:53,533 INFO c.h.h.t.HelmChartContainer - [test-hivemq-platform] [hivemq] [6511a145] 
2025-01-29 14:01:53,533 INFO c.h.h.t.HelmChartContainer - [test-hivemq-platform] [hivemq] [6511a145] -------------------------------------------------------------------------
2025-01-29 14:01:53,535 INFO c.h.h.t.HelmChartContainer - [test-hivemq-platform] [hivemq] [6511a145] 
2025-01-29 14:01:53,535 INFO c.h.h.t.HelmChartContainer - [test-hivemq-platform] [hivemq] [6511a145]   HiveMQ Start Script for Linux/Unix v1.14
2025-01-29 14:01:53,535 INFO c.h.h.t.HelmChartContainer - [test-hivemq-platform] [hivemq] [6511a145] 
2025-01-29 14:01:53,576 INFO c.h.h.t.HelmChartContainer - [test-hivemq-platform] [hivemq] [6511a145] -------------------------------------------------------------------------
2025-01-29 14:01:53,577 INFO c.h.h.t.HelmChartContainer - [test-hivemq-platform] [hivemq] [6511a145] 
2025-01-29 14:01:53,577 INFO c.h.h.t.HelmChartContainer - [test-hivemq-platform] [hivemq] [6511a145]   HIVEMQ_HOME: /opt/hivemq
2025-01-29 14:01:53,577 INFO c.h.h.t.HelmChartContainer - [test-hivemq-platform] [hivemq] [6511a145] 
2025-01-29 14:01:53,577 INFO c.h.h.t.HelmChartContainer - [test-hivemq-platform] [hivemq] [6511a145]   JAVA_OPTS: -XX:+UnlockExperimentalVMOptions -XX:InitialRAMPercentage=50 -XX:MaxRAMPercentage=50 -Djava.net.preferIPv4Stack=true --add-opens java.base/java.lang=ALL-UNNAMED --add-opens java.base/java.nio=ALL-UNNAMED --add-opens java.base/sun.nio.ch=ALL-UNNAMED --add-opens jdk.management/com.sun.management.internal=ALL-UNNAMED --add-exports java.base/jdk.internal.misc=ALL-UNNAMED -Djava.security.egd=file:/dev/./urandom -Dcom.sun.management.jmxremote -Dcom.sun.management.jmxremote.port=9010 -Dcom.sun.management.jmxremote.local.only=false -Dcom.sun.management.jmxremote.authenticate=false -Dcom.sun.management.jmxremote.ssl=false -Duser.language=en -Duser.region=US -XX:+CrashOnOutOfMemoryError -XX:+HeapDumpOnOutOfMemoryError
2025-01-29 14:01:53,577 INFO c.h.h.t.HelmChartContainer - [test-hivemq-platform] [hivemq] [6511a145] 
2025-01-29 14:01:53,577 INFO c.h.h.t.HelmChartContainer - [test-hivemq-platform] [hivemq] [6511a145]   JAVA_VERSION: 21
2025-01-29 14:01:53,577 INFO c.h.h.t.HelmChartContainer - [test-hivemq-platform] [hivemq] [6511a145] 
2025-01-29 14:01:53,577 INFO c.h.h.t.HelmChartContainer - [test-hivemq-platform] [hivemq] [6511a145] -------------------------------------------------------------------------
2025-01-29 14:01:53,577 INFO c.h.h.t.HelmChartContainer - [test-hivemq-platform] [hivemq] [6511a145] 
2025-01-29 14:01:55,105 INFO c.h.h.t.HelmChartContainer - [hivemq-test-hivemq-platform] [hivemq-platform-operator] [12b7a3f9] 14:01:55.103 [pool-6-thread-14] DEBUG c.h.p.o.d.PlatformServiceResource - [helmupgr] Desired Platform services (3 services)
2025-01-29 14:01:55,106 INFO c.h.h.t.HelmChartContainer - [hivemq-test-hivemq-platform] [hivemq-platform-operator] [12b7a3f9] 14:01:55.103 [pool-6-thread-17] DEBUG c.h.p.o.d.PodServiceAccountResource - [helmupgr] Desired PodServiceAccountResource (serviceAccountName: hivemq-platform-pod-test-hivemq-platform)
2025-01-29 14:01:55,106 INFO c.h.h.t.HelmChartContainer - [hivemq-test-hivemq-platform] [hivemq-platform-operator] [12b7a3f9] 14:01:55.104 [pool-6-thread-11] DEBUG c.h.p.o.dependants.PodInfoConfigMap - [helmupgr] Desired PodInfo ConfigMap (1 extensions) (1 enabled)
2025-01-29 14:01:55,106 INFO c.h.h.t.HelmChartContainer - [hivemq-test-hivemq-platform] [hivemq-platform-operator] [12b7a3f9] 14:01:55.104 [pool-6-thread-11] DEBUG c.h.p.o.dependants.PodInfoConfigMap - [helmupgr] Desired PodInfo ConfigMap (metrics port: 9399) (metrics path: /)
2025-01-29 14:01:55,106 INFO c.h.h.t.HelmChartContainer - [hivemq-test-hivemq-platform] [hivemq-platform-operator] [12b7a3f9] 14:01:55.104 [pool-6-thread-11] DEBUG c.h.p.o.dependants.PodInfoConfigMap - [helmupgr] Desired PodInfo ConfigMap (extension state hash: -787112544)
2025-01-29 14:01:55,109 INFO c.h.h.t.HelmChartContainer - [hivemq-test-hivemq-platform] [hivemq-platform-operator] [12b7a3f9] 14:01:55.108 [pool-6-thread-11] DEBUG c.h.p.o.d.StatefulSetResource - [helmupgr] Desired StatefulSet (2 replicas) for status ROLLING_RESTART (RESTART_PODS_IN_PROGRESS)
2025-01-29 14:01:55,112 INFO c.h.h.t.HelmChartContainer - [hivemq-test-hivemq-platform] [hivemq-platform-operator] [12b7a3f9] 14:01:55.111 [ReconcilerExecutor-hivemq-controller-150] INFO  c.h.p.o.HiveMQPlatformReconciler - [helmupgr] Reconciling HiveMQ Platform 'test-hivemq-platform' in namespace 'helmupgradeextensionit'
2025-01-29 14:01:55,112 INFO c.h.h.t.HelmChartContainer - [hivemq-test-hivemq-platform] [hivemq-platform-operator] [12b7a3f9] 14:01:55.111 [ReconcilerExecutor-hivemq-controller-150] DEBUG c.h.p.o.HiveMQPlatformReconciler - [helmupgr] Custom Resource Status ROLLING_RESTART - HiveMQ Platform is restarting Pods (rolling restart) (RESTART_PODS_IN_PROGRESS)
2025-01-29 14:01:55,112 INFO c.h.h.t.HelmChartContainer - [hivemq-test-hivemq-platform] [hivemq-platform-operator] [12b7a3f9] 14:01:55.111 [ReconcilerExecutor-hivemq-controller-150] DEBUG c.h.p.o.HiveMQPlatformReconciler - [helmupgr] Custom Resource Spec (replicas: 1) (extensions: 1)
2025-01-29 14:01:55,113 INFO c.h.h.t.HelmChartContainer - [hivemq-test-hivemq-platform] [hivemq-platform-operator] [12b7a3f9] 14:01:55.112 [ReconcilerExecutor-hivemq-controller-150] DEBUG c.h.p.o.HiveMQPlatformReconciler - [helmupgr] StatefulSet Status (revision: test-hivemq-platform-7c6d7d4d7b, replicas: 2, available: 1, ready: 1, current: 0, updated: 2)
2025-01-29 14:01:55,114 INFO c.h.h.t.HelmChartContainer - [hivemq-test-hivemq-platform] [hivemq-platform-operator] [12b7a3f9] 14:01:55.112 [ReconcilerExecutor-hivemq-controller-150] DEBUG c.h.p.o.HiveMQPlatformReconciler - [helmupgr] StatefulSet Spec (replicas: 2, init containers: 1, containers: 1, volumes: 4)
2025-01-29 14:01:55,114 INFO c.h.h.t.HelmChartContainer - [hivemq-test-hivemq-platform] [hivemq-platform-operator] [12b7a3f9] 14:01:55.113 [ReconcilerExecutor-hivemq-controller-150] DEBUG c.h.p.o.h.HiveMQPlatformReconcilerErrorHandler - [helmupgr] Pod 'test-hivemq-platform-1' phase Running
2025-01-29 14:01:55,118 INFO c.h.h.t.HelmChartContainer - [hivemq-test-hivemq-platform] [hivemq-platform-operator] [12b7a3f9] 14:01:55.118 [ReconcilerExecutor-hivemq-controller-150] DEBUG c.h.p.o.h.HiveMQPlatformReconcilerErrorHandler - [helmupgr] Pod 'test-hivemq-platform-0' phase Running
2025-01-29 14:01:55,119 INFO c.h.h.t.HelmChartContainer - [hivemq-test-hivemq-platform] [hivemq-platform-operator] [12b7a3f9] 14:01:55.118 [ReconcilerExecutor-hivemq-controller-150] DEBUG c.h.p.o.h.HiveMQPlatformReconcilerRollingRestartHandler - [helmupgr] Rolling restart is waiting for 1 of 2 replicas
2025-01-29 14:01:55,140 INFO c.h.h.t.HelmChartContainer - [EVENT] Warning [Unhealthy] Readiness probe failed: HTTP probe failed with statuscode: 503 [helmupgradeextensionit:test-hivemq-platform-0]
2025-01-29 14:01:55,140 INFO c.h.h.t.HelmChartContainer - Received Unhealthy event for container hivemq in pod test-hivemq-platform-0 [6511a145-f4a5-46e4-a326-521f0e6b62bc]
2025-01-29 14:01:56,077 INFO c.h.h.t.HelmChartContainer - [test-hivemq-platform] [hivemq] [6511a145] INFO  - Starting HiveMQ Enterprise Server
2025-01-29 14:01:56,138 INFO c.h.h.t.HelmChartContainer - [test-hivemq-platform] [hivemq] [6511a145] INFO  - HiveMQ version: 4.36.0
2025-01-29 14:01:56,138 INFO c.h.h.t.HelmChartContainer - [test-hivemq-platform] [hivemq] [6511a145] INFO  - HiveMQ home directory: /opt/hivemq
2025-01-29 14:01:56,139 INFO c.h.h.t.HelmChartContainer - [test-hivemq-platform] [hivemq] [6511a145] INFO  - Log Configuration was overridden by /opt/hivemq/conf/logback.xml
2025-01-29 14:01:57,370 INFO c.h.h.t.HelmChartContainer - [test-hivemq-platform] [hivemq] [6511a145] INFO  - Successfully loaded configuration from '/opt/hivemq/conf-k8s/config.xml'.
2025-01-29 14:01:57,669 INFO c.h.h.t.HelmChartContainer - [test-hivemq-platform] [hivemq] [6511a145] INFO  - This node's ID is RG6JU
2025-01-29 14:01:57,669 INFO c.h.h.t.HelmChartContainer - [test-hivemq-platform] [hivemq] [6511a145] INFO  - Clustering is enabled
2025-01-29 14:02:00,339 INFO c.h.h.t.HelmChartContainer - [test-hivemq-platform] [hivemq] [6511a145] WARN  - [HiveMQ Platform Operator Init App 1.7.0-SNAPSHOT] Cannot connect to Health API for readiness: null
2025-01-29 14:02:00,343 INFO c.h.h.t.HelmChartContainer - [EVENT] Warning [Unhealthy] Readiness probe failed: HTTP probe failed with statuscode: 503 [helmupgradeextensionit:test-hivemq-platform-0]
2025-01-29 14:02:00,343 INFO c.h.h.t.HelmChartContainer - Received Unhealthy event for container hivemq in pod test-hivemq-platform-0 [6511a145-f4a5-46e4-a326-521f0e6b62bc]
2025-01-29 14:02:02,469 INFO c.h.h.t.HelmChartContainer - [test-hivemq-platform] [hivemq] [6511a145] WARN  - [HiveMQ Platform Operator Init App 1.7.0-SNAPSHOT] Cannot connect to Health API for liveness: null
2025-01-29 14:02:02,469 INFO c.h.h.t.HelmChartContainer - [test-hivemq-platform] [hivemq] [6511a145] INFO  - [HiveMQ Platform Operator Init App 1.7.0-SNAPSHOT] Returning default Health API response 200 for liveness
2025-01-29 14:02:05,122 INFO c.h.h.t.HelmChartContainer - [hivemq-test-hivemq-platform] [hivemq-platform-operator] [12b7a3f9] 14:02:05.121 [pool-6-thread-27] DEBUG c.h.p.o.d.PlatformServiceResource - [helmupgr] Desired Platform services (3 services)
2025-01-29 14:02:05,124 INFO c.h.h.t.HelmChartContainer - [hivemq-test-hivemq-platform] [hivemq-platform-operator] [12b7a3f9] 14:02:05.121 [pool-6-thread-25] DEBUG c.h.p.o.d.PodServiceAccountResource - [helmupgr] Desired PodServiceAccountResource (serviceAccountName: hivemq-platform-pod-test-hivemq-platform)
2025-01-29 14:02:05,124 INFO c.h.h.t.HelmChartContainer - [hivemq-test-hivemq-platform] [hivemq-platform-operator] [12b7a3f9] 14:02:05.122 [pool-6-thread-24] DEBUG c.h.p.o.dependants.PodInfoConfigMap - [helmupgr] Desired PodInfo ConfigMap (1 extensions) (1 enabled)
2025-01-29 14:02:05,127 INFO c.h.h.t.HelmChartContainer - [hivemq-test-hivemq-platform] [hivemq-platform-operator] [12b7a3f9] 14:02:05.123 [pool-6-thread-24] DEBUG c.h.p.o.dependants.PodInfoConfigMap - [helmupgr] Desired PodInfo ConfigMap (metrics port: 9399) (metrics path: /)
2025-01-29 14:02:05,127 INFO c.h.h.t.HelmChartContainer - [hivemq-test-hivemq-platform] [hivemq-platform-operator] [12b7a3f9] 14:02:05.124 [pool-6-thread-24] DEBUG c.h.p.o.dependants.PodInfoConfigMap - [helmupgr] Desired PodInfo ConfigMap (extension state hash: -787112544)
2025-01-29 14:02:05,127 INFO c.h.h.t.HelmChartContainer - [hivemq-test-hivemq-platform] [hivemq-platform-operator] [12b7a3f9] 14:02:05.126 [pool-6-thread-24] DEBUG c.h.p.o.d.StatefulSetResource - [helmupgr] Desired StatefulSet (2 replicas) for status ROLLING_RESTART (RESTART_PODS_IN_PROGRESS)
2025-01-29 14:02:05,135 INFO c.h.h.t.HelmChartContainer - [hivemq-test-hivemq-platform] [hivemq-platform-operator] [12b7a3f9] 14:02:05.129 [ReconcilerExecutor-hivemq-controller-151] INFO  c.h.p.o.HiveMQPlatformReconciler - [helmupgr] Reconciling HiveMQ Platform 'test-hivemq-platform' in namespace 'helmupgradeextensionit'
2025-01-29 14:02:05,135 INFO c.h.h.t.HelmChartContainer - [hivemq-test-hivemq-platform] [hivemq-platform-operator] [12b7a3f9] 14:02:05.129 [ReconcilerExecutor-hivemq-controller-151] DEBUG c.h.p.o.HiveMQPlatformReconciler - [helmupgr] Custom Resource Status ROLLING_RESTART - HiveMQ Platform is restarting Pods (rolling restart) (RESTART_PODS_IN_PROGRESS)
2025-01-29 14:02:05,135 INFO c.h.h.t.HelmChartContainer - [hivemq-test-hivemq-platform] [hivemq-platform-operator] [12b7a3f9] 14:02:05.129 [ReconcilerExecutor-hivemq-controller-151] DEBUG c.h.p.o.HiveMQPlatformReconciler - [helmupgr] Custom Resource Spec (replicas: 1) (extensions: 1)
2025-01-29 14:02:05,135 INFO c.h.h.t.HelmChartContainer - [hivemq-test-hivemq-platform] [hivemq-platform-operator] [12b7a3f9] 14:02:05.130 [ReconcilerExecutor-hivemq-controller-151] DEBUG c.h.p.o.HiveMQPlatformReconciler - [helmupgr] StatefulSet Status (revision: test-hivemq-platform-7c6d7d4d7b, replicas: 2, available: 1, ready: 1, current: 0, updated: 2)
2025-01-29 14:02:05,135 INFO c.h.h.t.HelmChartContainer - [hivemq-test-hivemq-platform] [hivemq-platform-operator] [12b7a3f9] 14:02:05.130 [ReconcilerExecutor-hivemq-controller-151] DEBUG c.h.p.o.HiveMQPlatformReconciler - [helmupgr] StatefulSet Spec (replicas: 2, init containers: 1, containers: 1, volumes: 4)
2025-01-29 14:02:05,135 INFO c.h.h.t.HelmChartContainer - [hivemq-test-hivemq-platform] [hivemq-platform-operator] [12b7a3f9] 14:02:05.131 [ReconcilerExecutor-hivemq-controller-151] DEBUG c.h.p.o.h.HiveMQPlatformReconcilerErrorHandler - [helmupgr] Pod 'test-hivemq-platform-1' phase Running
2025-01-29 14:02:05,135 INFO c.h.h.t.HelmChartContainer - [hivemq-test-hivemq-platform] [hivemq-platform-operator] [12b7a3f9] 14:02:05.132 [ReconcilerExecutor-hivemq-controller-151] DEBUG c.h.p.o.h.HiveMQPlatformReconcilerErrorHandler - [helmupgr] Pod 'test-hivemq-platform-0' phase Running
2025-01-29 14:02:05,135 INFO c.h.h.t.HelmChartContainer - [hivemq-test-hivemq-platform] [hivemq-platform-operator] [12b7a3f9] 14:02:05.132 [ReconcilerExecutor-hivemq-controller-151] DEBUG c.h.p.o.h.HiveMQPlatformReconcilerRollingRestartHandler - [helmupgr] Rolling restart is waiting for 1 of 2 replicas
2025-01-29 14:02:05,168 INFO c.h.h.t.HelmChartContainer - [test-hivemq-platform] [hivemq] [6511a145] WARN  - [HiveMQ Platform Operator Init App 1.7.0-SNAPSHOT] Cannot connect to Health API for readiness: null
2025-01-29 14:02:05,173 INFO c.h.h.t.HelmChartContainer - [EVENT] Warning [Unhealthy] Readiness probe failed: HTTP probe failed with statuscode: 503 [helmupgradeextensionit:test-hivemq-platform-0]
2025-01-29 14:02:05,173 INFO c.h.h.t.HelmChartContainer - Received Unhealthy event for container hivemq in pod test-hivemq-platform-0 [6511a145-f4a5-46e4-a326-521f0e6b62bc]
2025-01-29 14:02:10,135 INFO c.h.h.t.HelmChartContainer - [test-hivemq-platform] [hivemq] [6511a145] WARN  - [HiveMQ Platform Operator Init App 1.7.0-SNAPSHOT] Cannot connect to Health API for readiness: null
2025-01-29 14:02:10,140 INFO c.h.h.t.HelmChartContainer - [EVENT] Warning [Unhealthy] Readiness probe failed: HTTP probe failed with statuscode: 503 [helmupgradeextensionit:test-hivemq-platform-0]
2025-01-29 14:02:10,140 INFO c.h.h.t.HelmChartContainer - Received Unhealthy event for container hivemq in pod test-hivemq-platform-0 [6511a145-f4a5-46e4-a326-521f0e6b62bc]
2025-01-29 14:02:10,677 INFO c.h.h.t.HelmChartContainer - [test-hivemq-platform] [hivemq] [6511a145] INFO  - No valid license file found. Using trial license, restricted to 25 connections.
2025-01-29 14:02:14,271 INFO c.h.h.t.HelmChartContainer - [test-hivemq-platform] [hivemq] [6511a145] INFO  - No valid license file for Data Hub found. Using free license, restricted to 1 policy.
2025-01-29 14:02:15,135 INFO c.h.h.t.HelmChartContainer - [test-hivemq-platform] [hivemq] [6511a145] WARN  - [HiveMQ Platform Operator Init App 1.7.0-SNAPSHOT] Cannot connect to Health API for readiness: null
2025-01-29 14:02:15,142 INFO c.h.h.t.HelmChartContainer - [hivemq-test-hivemq-platform] [hivemq-platform-operator] [12b7a3f9] 14:02:15.137 [pool-6-thread-37] DEBUG c.h.p.o.d.PodServiceAccountResource - [helmupgr] Desired PodServiceAccountResource (serviceAccountName: hivemq-platform-pod-test-hivemq-platform)
2025-01-29 14:02:15,142 INFO c.h.h.t.HelmChartContainer - [hivemq-test-hivemq-platform] [hivemq-platform-operator] [12b7a3f9] 14:02:15.138 [pool-6-thread-39] DEBUG c.h.p.o.dependants.PodInfoConfigMap - [helmupgr] Desired PodInfo ConfigMap (1 extensions) (1 enabled)
2025-01-29 14:02:15,142 INFO c.h.h.t.HelmChartContainer - [hivemq-test-hivemq-platform] [hivemq-platform-operator] [12b7a3f9] 14:02:15.139 [pool-6-thread-33] DEBUG c.h.p.o.d.PlatformServiceResource - [helmupgr] Desired Platform services (3 services)
2025-01-29 14:02:15,142 INFO c.h.h.t.HelmChartContainer - [hivemq-test-hivemq-platform] [hivemq-platform-operator] [12b7a3f9] 14:02:15.139 [pool-6-thread-39] DEBUG c.h.p.o.dependants.PodInfoConfigMap - [helmupgr] Desired PodInfo ConfigMap (metrics port: 9399) (metrics path: /)
2025-01-29 14:02:15,142 INFO c.h.h.t.HelmChartContainer - [hivemq-test-hivemq-platform] [hivemq-platform-operator] [12b7a3f9] 14:02:15.139 [pool-6-thread-39] DEBUG c.h.p.o.dependants.PodInfoConfigMap - [helmupgr] Desired PodInfo ConfigMap (extension state hash: -787112544)
2025-01-29 14:02:15,143 INFO c.h.h.t.HelmChartContainer - [EVENT] Warning [Unhealthy] Readiness probe failed: HTTP probe failed with statuscode: 503 [helmupgradeextensionit:test-hivemq-platform-0]
2025-01-29 14:02:15,143 INFO c.h.h.t.HelmChartContainer - Received Unhealthy event for container hivemq in pod test-hivemq-platform-0 [6511a145-f4a5-46e4-a326-521f0e6b62bc]
2025-01-29 14:02:15,145 INFO c.h.h.t.HelmChartContainer - [hivemq-test-hivemq-platform] [hivemq-platform-operator] [12b7a3f9] 14:02:15.143 [pool-6-thread-33] DEBUG c.h.p.o.d.StatefulSetResource - [helmupgr] Desired StatefulSet (2 replicas) for status ROLLING_RESTART (RESTART_PODS_IN_PROGRESS)
2025-01-29 14:02:15,150 INFO c.h.h.t.HelmChartContainer - [hivemq-test-hivemq-platform] [hivemq-platform-operator] [12b7a3f9] 14:02:15.148 [ReconcilerExecutor-hivemq-controller-152] INFO  c.h.p.o.HiveMQPlatformReconciler - [helmupgr] Reconciling HiveMQ Platform 'test-hivemq-platform' in namespace 'helmupgradeextensionit'
2025-01-29 14:02:15,150 INFO c.h.h.t.HelmChartContainer - [hivemq-test-hivemq-platform] [hivemq-platform-operator] [12b7a3f9] 14:02:15.148 [ReconcilerExecutor-hivemq-controller-152] DEBUG c.h.p.o.HiveMQPlatformReconciler - [helmupgr] Custom Resource Status ROLLING_RESTART - HiveMQ Platform is restarting Pods (rolling restart) (RESTART_PODS_IN_PROGRESS)
2025-01-29 14:02:15,150 INFO c.h.h.t.HelmChartContainer - [hivemq-test-hivemq-platform] [hivemq-platform-operator] [12b7a3f9] 14:02:15.148 [ReconcilerExecutor-hivemq-controller-152] DEBUG c.h.p.o.HiveMQPlatformReconciler - [helmupgr] Custom Resource Spec (replicas: 1) (extensions: 1)
2025-01-29 14:02:15,153 INFO c.h.h.t.HelmChartContainer - [hivemq-test-hivemq-platform] [hivemq-platform-operator] [12b7a3f9] 14:02:15.152 [ReconcilerExecutor-hivemq-controller-152] DEBUG c.h.p.o.HiveMQPlatformReconciler - [helmupgr] StatefulSet Status (revision: test-hivemq-platform-7c6d7d4d7b, replicas: 2, available: 1, ready: 1, current: 0, updated: 2)
2025-01-29 14:02:15,153 INFO c.h.h.t.HelmChartContainer - [hivemq-test-hivemq-platform] [hivemq-platform-operator] [12b7a3f9] 14:02:15.152 [ReconcilerExecutor-hivemq-controller-152] DEBUG c.h.p.o.HiveMQPlatformReconciler - [helmupgr] StatefulSet Spec (replicas: 2, init containers: 1, containers: 1, volumes: 4)
2025-01-29 14:02:15,154 INFO c.h.h.t.HelmChartContainer - [hivemq-test-hivemq-platform] [hivemq-platform-operator] [12b7a3f9] 14:02:15.153 [ReconcilerExecutor-hivemq-controller-152] DEBUG c.h.p.o.h.HiveMQPlatformReconcilerErrorHandler - [helmupgr] Pod 'test-hivemq-platform-1' phase Running
2025-01-29 14:02:15,155 INFO c.h.h.t.HelmChartContainer - [hivemq-test-hivemq-platform] [hivemq-platform-operator] [12b7a3f9] 14:02:15.154 [ReconcilerExecutor-hivemq-controller-152] DEBUG c.h.p.o.h.HiveMQPlatformReconcilerErrorHandler - [helmupgr] Pod 'test-hivemq-platform-0' phase Running
2025-01-29 14:02:15,156 INFO c.h.h.t.HelmChartContainer - [hivemq-test-hivemq-platform] [hivemq-platform-operator] [12b7a3f9] 14:02:15.155 [ReconcilerExecutor-hivemq-controller-152] DEBUG c.h.p.o.h.HiveMQPlatformReconcilerRollingRestartHandler - [helmupgr] Rolling restart is waiting for 1 of 2 replicas
2025-01-29 14:02:15,568 INFO c.h.h.t.HelmChartContainer - [test-hivemq-platform] [hivemq] [6511a145] INFO  - Audit Logger started.
2025-01-29 14:02:15,842 INFO c.h.h.t.HelmChartContainer - [test-hivemq-platform] [hivemq] [6511a145] INFO  - This node uses '1' CPU cores.
2025-01-29 14:02:15,847 INFO c.h.h.t.HelmChartContainer - [test-hivemq-platform] [hivemq] [6511a145] INFO  - Starting HiveMQ Health API on address 0.0.0.0 and port 8889
2025-01-29 14:02:16,776 INFO c.h.h.t.HelmChartContainer - [test-hivemq-platform] [hivemq] [6511a145] INFO  - Started HiveMQ Health API in 928ms
2025-01-29 14:02:17,230 INFO c.h.h.t.HelmChartContainer - [test-hivemq-platform] [hivemq] [1b85ee1f] WARN  - Bridge Extension: Connect to bridge 'testbridge' failed for the 5 time, reason: connection timed out after 10000 ms: /172.17.0.3:1883
2025-01-29 14:02:17,938 INFO c.h.h.t.HelmChartContainer - [test-hivemq-platform] [hivemq] [6511a145] INFO  - Starting HiveMQ extension system.
2025-01-29 14:02:18,251 INFO c.h.h.t.HelmChartContainer - [test-hivemq-platform] [hivemq] [1b85ee1f] WARN  - Bridge Extension: Connect to bridge 'testbridge' failed for the 5 time, reason: connection timed out after 10000 ms: /172.17.0.3:1883
2025-01-29 14:02:20,034 INFO c.h.h.t.HelmChartContainer - [test-hivemq-platform] [hivemq] [6511a145] INFO  - No license found for enterprise extension with name "HiveMQ Enterprise Bridge Extension". Entering extension trial mode. "HiveMQ Enterprise Bridge Extension" will be disabled in 5 hours.
2025-01-29 14:02:20,269 INFO c.h.h.t.HelmChartContainer - [test-hivemq-platform] [hivemq] [6511a145] INFO  - Starting extension with id "hivemq-dns-cluster-discovery" at /opt/hivemq/extensions/hivemq-dns-cluster-discovery
2025-01-29 14:02:20,969 INFO c.h.h.t.HelmChartContainer - [test-hivemq-platform] [hivemq] [6511a145] INFO  - Extension "DNS Cluster Discovery Extension" version 4.3.2 started successfully.
2025-01-29 14:02:20,970 INFO c.h.h.t.HelmChartContainer - [test-hivemq-platform] [hivemq] [6511a145] INFO  - Starting extension with id "hivemq-bridge-extension" at /opt/hivemq/extensions/hivemq-bridge-extension
2025-01-29 14:02:21,070 INFO c.h.h.t.HelmChartContainer - [test-hivemq-platform] [hivemq] [6511a145] INFO  - Using TCP cluster transport on address 10.42.0.10 and port 7000
2025-01-29 14:02:21,127 INFO c.h.h.t.HelmChartContainer - [EVENT] Warning [Unhealthy] Readiness probe failed: Get "http://10.42.0.10:7979/readiness": context deadline exceeded (Client.Timeout exceeded while awaiting headers) [helmupgradeextensionit:test-hivemq-platform-0]
2025-01-29 14:02:21,127 INFO c.h.h.t.HelmChartContainer - Received Unhealthy event for container hivemq in pod test-hivemq-platform-0 [6511a145-f4a5-46e4-a326-521f0e6b62bc]
2025-01-29 14:02:21,139 INFO c.h.h.t.HelmChartContainer - [test-hivemq-platform] [hivemq] [6511a145] INFO  - Using extension cluster discovery
2025-01-29 14:02:21,769 INFO c.h.h.t.HelmChartContainer - [test-hivemq-platform] [hivemq] [6511a145] INFO  - [HiveMQ Platform Operator Init App 1.7.0-SNAPSHOT] Returning Health API response 503 for readiness
2025-01-29 14:02:22,435 INFO c.h.h.t.HelmChartContainer - [test-hivemq-platform] [hivemq] [6511a145] INFO  - HiveMQ Enterprise Bridge Extension: Successfully loaded configuration from '/opt/hivemq/extensions/hivemq-bridge-extension/conf/config.xml'.
2025-01-29 14:02:22,972 INFO c.h.h.t.HelmChartContainer - [test-hivemq-platform] [hivemq] [1b85ee1f] INFO  - Cluster nodes found by discovery: [5W075|3] (2) [5W075, RG6JU].
2025-01-29 14:02:23,073 INFO c.h.h.t.HelmChartContainer - [test-hivemq-platform] [hivemq] [6511a145] INFO  - Cluster nodes found by discovery: [5W075|3] (2) [5W075, RG6JU].
2025-01-29 14:02:23,238 INFO c.h.h.t.HelmChartContainer - [test-hivemq-platform] [hivemq] [6511a145] INFO  - Bridge Extension: Connecting to remote brokers...
2025-01-29 14:02:23,335 INFO c.h.h.t.HelmChartContainer - [test-hivemq-platform] [hivemq] [6511a145] INFO  - Cluster size = 1, members : [5W075].
2025-01-29 14:02:23,870 INFO c.h.h.t.HelmChartContainer - [test-hivemq-platform] [hivemq] [6511a145] INFO  - Starting cluster join process. This may take a while. Please do not shut down HiveMQ.
2025-01-29 14:02:23,872 INFO c.h.h.t.HelmChartContainer - [test-hivemq-platform] [hivemq] [6511a145] INFO  - Cluster join process is still ongoing. Please do not shut down HiveMQ.
2025-01-29 14:02:25,091 INFO c.h.h.t.HelmChartContainer - [EVENT] Warning [Unhealthy] Readiness probe failed: HTTP probe failed with statuscode: 503 [helmupgradeextensionit:test-hivemq-platform-0]
2025-01-29 14:02:25,091 INFO c.h.h.t.HelmChartContainer - Received Unhealthy event for container hivemq in pod test-hivemq-platform-0 [6511a145-f4a5-46e4-a326-521f0e6b62bc]
2025-01-29 14:02:25,159 INFO c.h.h.t.HelmChartContainer - [hivemq-test-hivemq-platform] [hivemq-platform-operator] [12b7a3f9] 14:02:25.158 [pool-6-thread-46] DEBUG c.h.p.o.d.PlatformServiceResource - [helmupgr] Desired Platform services (3 services)
2025-01-29 14:02:25,160 INFO c.h.h.t.HelmChartContainer - [hivemq-test-hivemq-platform] [hivemq-platform-operator] [12b7a3f9] 14:02:25.158 [pool-6-thread-50] DEBUG c.h.p.o.dependants.PodInfoConfigMap - [helmupgr] Desired PodInfo ConfigMap (1 extensions) (1 enabled)
2025-01-29 14:02:25,161 INFO c.h.h.t.HelmChartContainer - [hivemq-test-hivemq-platform] [hivemq-platform-operator] [12b7a3f9] 14:02:25.160 [pool-6-thread-50] DEBUG c.h.p.o.dependants.PodInfoConfigMap - [helmupgr] Desired PodInfo ConfigMap (metrics port: 9399) (metrics path: /)
2025-01-29 14:02:25,161 INFO c.h.h.t.HelmChartContainer - [hivemq-test-hivemq-platform] [hivemq-platform-operator] [12b7a3f9] 14:02:25.160 [pool-6-thread-50] DEBUG c.h.p.o.dependants.PodInfoConfigMap - [helmupgr] Desired PodInfo ConfigMap (extension state hash: -787112544)
2025-01-29 14:02:25,161 INFO c.h.h.t.HelmChartContainer - [hivemq-test-hivemq-platform] [hivemq-platform-operator] [12b7a3f9] 14:02:25.160 [pool-6-thread-44] DEBUG c.h.p.o.d.PodServiceAccountResource - [helmupgr] Desired PodServiceAccountResource (serviceAccountName: hivemq-platform-pod-test-hivemq-platform)
2025-01-29 14:02:25,163 INFO c.h.h.t.HelmChartContainer - [hivemq-test-hivemq-platform] [hivemq-platform-operator] [12b7a3f9] 14:02:25.162 [pool-6-thread-46] DEBUG c.h.p.o.d.StatefulSetResource - [helmupgr] Desired StatefulSet (2 replicas) for status ROLLING_RESTART (RESTART_PODS_IN_PROGRESS)
2025-01-29 14:02:25,165 INFO c.h.h.t.HelmChartContainer - [hivemq-test-hivemq-platform] [hivemq-platform-operator] [12b7a3f9] 14:02:25.164 [ReconcilerExecutor-hivemq-controller-153] INFO  c.h.p.o.HiveMQPlatformReconciler - [helmupgr] Reconciling HiveMQ Platform 'test-hivemq-platform' in namespace 'helmupgradeextensionit'
2025-01-29 14:02:25,165 INFO c.h.h.t.HelmChartContainer - [hivemq-test-hivemq-platform] [hivemq-platform-operator] [12b7a3f9] 14:02:25.164 [ReconcilerExecutor-hivemq-controller-153] DEBUG c.h.p.o.HiveMQPlatformReconciler - [helmupgr] Custom Resource Status ROLLING_RESTART - HiveMQ Platform is restarting Pods (rolling restart) (RESTART_PODS_IN_PROGRESS)
2025-01-29 14:02:25,165 INFO c.h.h.t.HelmChartContainer - [hivemq-test-hivemq-platform] [hivemq-platform-operator] [12b7a3f9] 14:02:25.164 [ReconcilerExecutor-hivemq-controller-153] DEBUG c.h.p.o.HiveMQPlatformReconciler - [helmupgr] Custom Resource Spec (replicas: 1) (extensions: 1)
2025-01-29 14:02:25,167 INFO c.h.h.t.HelmChartContainer - [hivemq-test-hivemq-platform] [hivemq-platform-operator] [12b7a3f9] 14:02:25.166 [ReconcilerExecutor-hivemq-controller-153] DEBUG c.h.p.o.HiveMQPlatformReconciler - [helmupgr] StatefulSet Status (revision: test-hivemq-platform-7c6d7d4d7b, replicas: 2, available: 1, ready: 1, current: 0, updated: 2)
2025-01-29 14:02:25,167 INFO c.h.h.t.HelmChartContainer - [hivemq-test-hivemq-platform] [hivemq-platform-operator] [12b7a3f9] 14:02:25.166 [ReconcilerExecutor-hivemq-controller-153] DEBUG c.h.p.o.HiveMQPlatformReconciler - [helmupgr] StatefulSet Spec (replicas: 2, init containers: 1, containers: 1, volumes: 4)
2025-01-29 14:02:25,167 INFO c.h.h.t.HelmChartContainer - [hivemq-test-hivemq-platform] [hivemq-platform-operator] [12b7a3f9] 14:02:25.167 [ReconcilerExecutor-hivemq-controller-153] DEBUG c.h.p.o.h.HiveMQPlatformReconcilerErrorHandler - [helmupgr] Pod 'test-hivemq-platform-1' phase Running
2025-01-29 14:02:25,169 INFO c.h.h.t.HelmChartContainer - [hivemq-test-hivemq-platform] [hivemq-platform-operator] [12b7a3f9] 14:02:25.168 [ReconcilerExecutor-hivemq-controller-153] DEBUG c.h.p.o.h.HiveMQPlatformReconcilerErrorHandler - [helmupgr] Pod 'test-hivemq-platform-0' phase Running
2025-01-29 14:02:25,169 INFO c.h.h.t.HelmChartContainer - [hivemq-test-hivemq-platform] [hivemq-platform-operator] [12b7a3f9] 14:02:25.168 [ReconcilerExecutor-hivemq-controller-153] DEBUG c.h.p.o.h.HiveMQPlatformReconcilerRollingRestartHandler - [helmupgr] Rolling restart is waiting for 1 of 2 replicas
2025-01-29 14:02:25,878 INFO c.h.h.t.HelmChartContainer - [test-hivemq-platform] [hivemq] [1b85ee1f] INFO  - Cluster size = 2, members : [RG6JU, 5W075].
2025-01-29 14:02:25,889 INFO c.h.h.t.HelmChartContainer - [test-hivemq-platform] [hivemq] [6511a145] INFO  - Cluster size = 2, members : [RG6JU, 5W075].
2025-01-29 14:02:25,891 INFO c.h.h.t.HelmChartContainer - [test-hivemq-platform] [hivemq] [6511a145] INFO  - Finished cluster join process successfully.
2025-01-29 14:02:30,091 INFO c.h.h.t.HelmChartContainer - [EVENT] Warning [Unhealthy] Readiness probe failed: HTTP probe failed with statuscode: 503 [helmupgradeextensionit:test-hivemq-platform-0]
2025-01-29 14:02:30,092 INFO c.h.h.t.HelmChartContainer - Received Unhealthy event for container hivemq in pod test-hivemq-platform-0 [6511a145-f4a5-46e4-a326-521f0e6b62bc]
2025-01-29 14:02:32,473 INFO c.h.h.t.HelmChartContainer - [test-hivemq-platform] [hivemq] [6511a145] INFO  - [HiveMQ Platform Operator Init App 1.7.0-SNAPSHOT] Returning Health API response 200 for liveness
2025-01-29 14:02:34,142 INFO c.h.h.t.HelmChartContainer - [test-hivemq-platform] [hivemq] [6511a145] WARN  - Bridge Extension: Connect to bridge 'testbridge' failed for the 1 time, reason: connection timed out after 10000 ms: /172.17.0.3:1883
2025-01-29 14:02:34,146 INFO c.h.h.t.HelmChartContainer - [test-hivemq-platform] [hivemq] [6511a145] WARN  - Bridge Extension: Connect to bridge 'testbridge' failed for the 1 time, reason: connection timed out after 10000 ms: /172.17.0.3:1883
2025-01-29 14:02:35,091 INFO c.h.h.t.HelmChartContainer - [EVENT] Warning [Unhealthy] Readiness probe failed: HTTP probe failed with statuscode: 503 [helmupgradeextensionit:test-hivemq-platform-0]
2025-01-29 14:02:35,091 INFO c.h.h.t.HelmChartContainer - Received Unhealthy event for container hivemq in pod test-hivemq-platform-0 [6511a145-f4a5-46e4-a326-521f0e6b62bc]
2025-01-29 14:02:35,172 INFO c.h.h.t.HelmChartContainer - [hivemq-test-hivemq-platform] [hivemq-platform-operator] [12b7a3f9] 14:02:35.171 [pool-6-thread-6] DEBUG c.h.p.o.d.PodServiceAccountResource - [helmupgr] Desired PodServiceAccountResource (serviceAccountName: hivemq-platform-pod-test-hivemq-platform)
2025-01-29 14:02:35,172 INFO c.h.h.t.HelmChartContainer - [hivemq-test-hivemq-platform] [hivemq-platform-operator] [12b7a3f9] 14:02:35.171 [pool-6-thread-7] DEBUG c.h.p.o.dependants.PodInfoConfigMap - [helmupgr] Desired PodInfo ConfigMap (1 extensions) (1 enabled)
2025-01-29 14:02:35,173 INFO c.h.h.t.HelmChartContainer - [hivemq-test-hivemq-platform] [hivemq-platform-operator] [12b7a3f9] 14:02:35.171 [pool-6-thread-7] DEBUG c.h.p.o.dependants.PodInfoConfigMap - [helmupgr] Desired PodInfo ConfigMap (metrics port: 9399) (metrics path: /)
2025-01-29 14:02:35,173 INFO c.h.h.t.HelmChartContainer - [hivemq-test-hivemq-platform] [hivemq-platform-operator] [12b7a3f9] 14:02:35.171 [pool-6-thread-7] DEBUG c.h.p.o.dependants.PodInfoConfigMap - [helmupgr] Desired PodInfo ConfigMap (extension state hash: -787112544)
2025-01-29 14:02:35,173 INFO c.h.h.t.HelmChartContainer - [hivemq-test-hivemq-platform] [hivemq-platform-operator] [12b7a3f9] 14:02:35.171 [pool-6-thread-5] DEBUG c.h.p.o.d.PlatformServiceResource - [helmupgr] Desired Platform services (3 services)
2025-01-29 14:02:35,175 INFO c.h.h.t.HelmChartContainer - [hivemq-test-hivemq-platform] [hivemq-platform-operator] [12b7a3f9] 14:02:35.175 [pool-6-thread-5] DEBUG c.h.p.o.d.StatefulSetResource - [helmupgr] Desired StatefulSet (2 replicas) for status ROLLING_RESTART (RESTART_PODS_IN_PROGRESS)
2025-01-29 14:02:35,178 INFO c.h.h.t.HelmChartContainer - [hivemq-test-hivemq-platform] [hivemq-platform-operator] [12b7a3f9] 14:02:35.177 [ReconcilerExecutor-hivemq-controller-154] INFO  c.h.p.o.HiveMQPlatformReconciler - [helmupgr] Reconciling HiveMQ Platform 'test-hivemq-platform' in namespace 'helmupgradeextensionit'
2025-01-29 14:02:35,178 INFO c.h.h.t.HelmChartContainer - [hivemq-test-hivemq-platform] [hivemq-platform-operator] [12b7a3f9] 14:02:35.177 [ReconcilerExecutor-hivemq-controller-154] DEBUG c.h.p.o.HiveMQPlatformReconciler - [helmupgr] Custom Resource Status ROLLING_RESTART - HiveMQ Platform is restarting Pods (rolling restart) (RESTART_PODS_IN_PROGRESS)
2025-01-29 14:02:35,178 INFO c.h.h.t.HelmChartContainer - [hivemq-test-hivemq-platform] [hivemq-platform-operator] [12b7a3f9] 14:02:35.177 [ReconcilerExecutor-hivemq-controller-154] DEBUG c.h.p.o.HiveMQPlatformReconciler - [helmupgr] Custom Resource Spec (replicas: 1) (extensions: 1)
2025-01-29 14:02:35,179 INFO c.h.h.t.HelmChartContainer - [hivemq-test-hivemq-platform] [hivemq-platform-operator] [12b7a3f9] 14:02:35.178 [ReconcilerExecutor-hivemq-controller-154] DEBUG c.h.p.o.HiveMQPlatformReconciler - [helmupgr] StatefulSet Status (revision: test-hivemq-platform-7c6d7d4d7b, replicas: 2, available: 1, ready: 1, current: 0, updated: 2)
2025-01-29 14:02:35,179 INFO c.h.h.t.HelmChartContainer - [hivemq-test-hivemq-platform] [hivemq-platform-operator] [12b7a3f9] 14:02:35.178 [ReconcilerExecutor-hivemq-controller-154] DEBUG c.h.p.o.HiveMQPlatformReconciler - [helmupgr] StatefulSet Spec (replicas: 2, init containers: 1, containers: 1, volumes: 4)
2025-01-29 14:02:35,180 INFO c.h.h.t.HelmChartContainer - [hivemq-test-hivemq-platform] [hivemq-platform-operator] [12b7a3f9] 14:02:35.179 [ReconcilerExecutor-hivemq-controller-154] DEBUG c.h.p.o.h.HiveMQPlatformReconcilerErrorHandler - [helmupgr] Pod 'test-hivemq-platform-1' phase Running
2025-01-29 14:02:35,181 INFO c.h.h.t.HelmChartContainer - [hivemq-test-hivemq-platform] [hivemq-platform-operator] [12b7a3f9] 14:02:35.180 [ReconcilerExecutor-hivemq-controller-154] DEBUG c.h.p.o.h.HiveMQPlatformReconcilerErrorHandler - [helmupgr] Pod 'test-hivemq-platform-0' phase Running
2025-01-29 14:02:35,181 INFO c.h.h.t.HelmChartContainer - [hivemq-test-hivemq-platform] [hivemq-platform-operator] [12b7a3f9] 14:02:35.180 [ReconcilerExecutor-hivemq-controller-154] DEBUG c.h.p.o.h.HiveMQPlatformReconcilerRollingRestartHandler - [helmupgr] Rolling restart is waiting for 1 of 2 replicas
2025-01-29 14:02:40,091 INFO c.h.h.t.HelmChartContainer - [EVENT] Warning [Unhealthy] Readiness probe failed: HTTP probe failed with statuscode: 503 [helmupgradeextensionit:test-hivemq-platform-0]
2025-01-29 14:02:40,091 INFO c.h.h.t.HelmChartContainer - Received Unhealthy event for container hivemq in pod test-hivemq-platform-0 [6511a145-f4a5-46e4-a326-521f0e6b62bc]
2025-01-29 14:02:45,092 INFO c.h.h.t.HelmChartContainer - [EVENT] Warning [Unhealthy] Readiness probe failed: HTTP probe failed with statuscode: 503 [helmupgradeextensionit:test-hivemq-platform-0]
2025-01-29 14:02:45,092 INFO c.h.h.t.HelmChartContainer - Received Unhealthy event for container hivemq in pod test-hivemq-platform-0 [6511a145-f4a5-46e4-a326-521f0e6b62bc]
2025-01-29 14:02:45,185 INFO c.h.h.t.HelmChartContainer - [hivemq-test-hivemq-platform] [hivemq-platform-operator] [12b7a3f9] 14:02:45.183 [pool-6-thread-13] DEBUG c.h.p.o.d.PlatformServiceResource - [helmupgr] Desired Platform services (3 services)
2025-01-29 14:02:45,188 INFO c.h.h.t.HelmChartContainer - [hivemq-test-hivemq-platform] [hivemq-platform-operator] [12b7a3f9] 14:02:45.184 [pool-6-thread-20] DEBUG c.h.p.o.dependants.PodInfoConfigMap - [helmupgr] Desired PodInfo ConfigMap (1 extensions) (1 enabled)
2025-01-29 14:02:45,188 INFO c.h.h.t.HelmChartContainer - [hivemq-test-hivemq-platform] [hivemq-platform-operator] [12b7a3f9] 14:02:45.184 [pool-6-thread-20] DEBUG c.h.p.o.dependants.PodInfoConfigMap - [helmupgr] Desired PodInfo ConfigMap (metrics port: 9399) (metrics path: /)
2025-01-29 14:02:45,188 INFO c.h.h.t.HelmChartContainer - [hivemq-test-hivemq-platform] [hivemq-platform-operator] [12b7a3f9] 14:02:45.184 [pool-6-thread-20] DEBUG c.h.p.o.dependants.PodInfoConfigMap - [helmupgr] Desired PodInfo ConfigMap (extension state hash: -787112544)
2025-01-29 14:02:45,188 INFO c.h.h.t.HelmChartContainer - [hivemq-test-hivemq-platform] [hivemq-platform-operator] [12b7a3f9] 14:02:45.187 [pool-6-thread-19] DEBUG c.h.p.o.d.PodServiceAccountResource - [helmupgr] Desired PodServiceAccountResource (serviceAccountName: hivemq-platform-pod-test-hivemq-platform)
2025-01-29 14:02:45,192 INFO c.h.h.t.HelmChartContainer - [hivemq-test-hivemq-platform] [hivemq-platform-operator] [12b7a3f9] 14:02:45.190 [pool-6-thread-17] DEBUG c.h.p.o.d.StatefulSetResource - [helmupgr] Desired StatefulSet (2 replicas) for status ROLLING_RESTART (RESTART_PODS_IN_PROGRESS)
2025-01-29 14:02:45,194 INFO c.h.h.t.HelmChartContainer - [hivemq-test-hivemq-platform] [hivemq-platform-operator] [12b7a3f9] 14:02:45.192 [ReconcilerExecutor-hivemq-controller-155] INFO  c.h.p.o.HiveMQPlatformReconciler - [helmupgr] Reconciling HiveMQ Platform 'test-hivemq-platform' in namespace 'helmupgradeextensionit'
2025-01-29 14:02:45,195 INFO c.h.h.t.HelmChartContainer - [hivemq-test-hivemq-platform] [hivemq-platform-operator] [12b7a3f9] 14:02:45.192 [ReconcilerExecutor-hivemq-controller-155] DEBUG c.h.p.o.HiveMQPlatformReconciler - [helmupgr] Custom Resource Status ROLLING_RESTART - HiveMQ Platform is restarting Pods (rolling restart) (RESTART_PODS_IN_PROGRESS)
2025-01-29 14:02:45,195 INFO c.h.h.t.HelmChartContainer - [hivemq-test-hivemq-platform] [hivemq-platform-operator] [12b7a3f9] 14:02:45.192 [ReconcilerExecutor-hivemq-controller-155] DEBUG c.h.p.o.HiveMQPlatformReconciler - [helmupgr] Custom Resource Spec (replicas: 1) (extensions: 1)
2025-01-29 14:02:45,195 INFO c.h.h.t.HelmChartContainer - [hivemq-test-hivemq-platform] [hivemq-platform-operator] [12b7a3f9] 14:02:45.194 [ReconcilerExecutor-hivemq-controller-155] DEBUG c.h.p.o.HiveMQPlatformReconciler - [helmupgr] StatefulSet Status (revision: test-hivemq-platform-7c6d7d4d7b, replicas: 2, available: 1, ready: 1, current: 0, updated: 2)
2025-01-29 14:02:45,195 INFO c.h.h.t.HelmChartContainer - [hivemq-test-hivemq-platform] [hivemq-platform-operator] [12b7a3f9] 14:02:45.194 [ReconcilerExecutor-hivemq-controller-155] DEBUG c.h.p.o.HiveMQPlatformReconciler - [helmupgr] StatefulSet Spec (replicas: 2, init containers: 1, containers: 1, volumes: 4)
2025-01-29 14:02:45,197 INFO c.h.h.t.HelmChartContainer - [hivemq-test-hivemq-platform] [hivemq-platform-operator] [12b7a3f9] 14:02:45.195 [ReconcilerExecutor-hivemq-controller-155] DEBUG c.h.p.o.h.HiveMQPlatformReconcilerErrorHandler - [helmupgr] Pod 'test-hivemq-platform-1' phase Running
2025-01-29 14:02:45,198 INFO c.h.h.t.HelmChartContainer - [hivemq-test-hivemq-platform] [hivemq-platform-operator] [12b7a3f9] 14:02:45.196 [ReconcilerExecutor-hivemq-controller-155] DEBUG c.h.p.o.h.HiveMQPlatformReconcilerErrorHandler - [helmupgr] Pod 'test-hivemq-platform-0' phase Running
2025-01-29 14:02:45,198 INFO c.h.h.t.HelmChartContainer - [hivemq-test-hivemq-platform] [hivemq-platform-operator] [12b7a3f9] 14:02:45.196 [ReconcilerExecutor-hivemq-controller-155] DEBUG c.h.p.o.h.HiveMQPlatformReconcilerRollingRestartHandler - [helmupgr] Rolling restart is waiting for 1 of 2 replicas
2025-01-29 14:02:45,778 INFO c.h.h.t.HelmChartContainer - [test-hivemq-platform] [hivemq] [6511a145] WARN  - Bridge Extension: Connect to bridge 'testbridge' failed for the 2 time, reason: connection timed out after 10000 ms: /172.17.0.3:1883
2025-01-29 14:02:45,817 INFO c.h.h.t.HelmChartContainer - [test-hivemq-platform] [hivemq] [6511a145] WARN  - Bridge Extension: Not all clients could connect successfully to remote brokers. The clients will retry the connection.
2025-01-29 14:02:45,817 INFO c.h.h.t.HelmChartContainer - [test-hivemq-platform] [hivemq] [6511a145] WARN  - Bridge Extension: Connect to bridge 'testbridge' failed for the 2 time, reason: connection timed out after 10000 ms: /172.17.0.3:1883
2025-01-29 14:02:45,841 INFO c.h.h.t.HelmChartContainer - [test-hivemq-platform] [hivemq] [6511a145] INFO  - Extension "HiveMQ Enterprise Bridge Extension" version 4.36.0 started successfully.
2025-01-29 14:02:45,841 INFO c.h.h.testcontainer.LogWaiterUtil - TEST Found log pattern on 'test-hivemq-platform-0': .*Extension "HiveMQ Enterprise Bridge Extension" version .* started successfully.
2025-01-29 14:02:45,841 INFO c.h.h.t.HelmChartContainer - [test-hivemq-platform] [hivemq] [6511a145] INFO  - Starting extension with id "hivemq-prometheus-extension" at /opt/hivemq/extensions/hivemq-prometheus-extension
2025-01-29 14:02:46,234 INFO c.h.h.t.HelmChartContainer - [test-hivemq-platform] [hivemq] [6511a145] INFO  - Started Jetty Server exposing Prometheus Servlet on URI http://0.0.0.0:9399/
2025-01-29 14:02:46,234 INFO c.h.h.t.HelmChartContainer - [test-hivemq-platform] [hivemq] [6511a145] INFO  - Extension "Prometheus Monitoring Extension" version 4.0.12 started successfully.
2025-01-29 14:02:46,234 INFO c.h.h.t.HelmChartContainer - [test-hivemq-platform] [hivemq] [6511a145] INFO  - Starting extension with id "hivemq-allow-all-extension" at /opt/hivemq/extensions/hivemq-allow-all-extension
2025-01-29 14:02:46,234 INFO c.h.h.t.HelmChartContainer - [test-hivemq-platform] [hivemq] [6511a145] WARN  - 
2025-01-29 14:02:46,234 INFO c.h.h.t.HelmChartContainer - [test-hivemq-platform] [hivemq] [6511a145] ################################################################################################################
2025-01-29 14:02:46,234 INFO c.h.h.t.HelmChartContainer - [test-hivemq-platform] [hivemq] [6511a145] # This HiveMQ deployment is not secure! You are lacking Authentication and Authorization.                      #
2025-01-29 14:02:46,235 INFO c.h.h.t.HelmChartContainer - [test-hivemq-platform] [hivemq] [6511a145] # Right now any MQTT client can connect to the broker with a full set of permissions.                          #
2025-01-29 14:02:46,235 INFO c.h.h.t.HelmChartContainer - [test-hivemq-platform] [hivemq] [6511a145] # For production usage, add an appropriate security extension and remove the hivemq-allow-all extension.       #
2025-01-29 14:02:46,235 INFO c.h.h.t.HelmChartContainer - [test-hivemq-platform] [hivemq] [6511a145] # You can download security extensions from the HiveMQ Marketplace (https://www.hivemq.com/extensions/).       #
2025-01-29 14:02:46,235 INFO c.h.h.t.HelmChartContainer - [test-hivemq-platform] [hivemq] [6511a145] ################################################################################################################
2025-01-29 14:02:46,235 INFO c.h.h.t.HelmChartContainer - [test-hivemq-platform] [hivemq] [6511a145] INFO  - Extension "Allow All Extension" version 1.1.1 started successfully.
2025-01-29 14:02:46,266 INFO c.h.h.t.HelmChartContainer - [test-hivemq-platform] [hivemq] [6511a145] WARN  - No user for HiveMQ Control Center configured. Starting with default user
2025-01-29 14:02:46,267 INFO c.h.h.t.HelmChartContainer - [test-hivemq-platform] [hivemq] [6511a145] INFO  - Starting HiveMQ Control Center on address 0.0.0.0 and port 8080
2025-01-29 14:02:46,280 INFO c.h.h.t.HelmChartContainer - [test-hivemq-platform] [hivemq] [6511a145] INFO  - Mounting HiveMQ Control Center V2 Preview
2025-01-29 14:02:46,869 INFO c.h.h.t.HelmChartContainer - [test-hivemq-platform] [hivemq] [6511a145] INFO  - Started HiveMQ Control Center in 602ms
2025-01-29 14:02:46,884 INFO c.h.h.t.HelmChartContainer - [test-hivemq-platform] [hivemq] [6511a145] INFO  - Starting TCP listener on address 0.0.0.0 and port 1883
2025-01-29 14:02:46,974 INFO c.h.h.t.HelmChartContainer - [test-hivemq-platform] [hivemq] [6511a145] INFO  - Started TCP Listener on address 0.0.0.0 and on port 1883.
2025-01-29 14:02:46,975 INFO c.h.h.t.HelmChartContainer - [test-hivemq-platform] [hivemq] [6511a145] INFO  - Started HiveMQ in 51230ms
2025-01-29 14:02:50,088 INFO c.h.h.t.HelmChartContainer - [test-hivemq-platform] [hivemq] [6511a145] INFO  - [HiveMQ Platform Operator Init App 1.7.0-SNAPSHOT] Returning Health API response 200 for readiness
2025-01-29 14:02:50,105 INFO c.h.h.t.HelmChartContainer - [POD] test-hivemq-platform-0 [6511a145-f4a5-46e4-a326-521f0e6b62bc] in helmupgradeextensionit was MODIFIED
2025-01-29 14:02:50,109 INFO c.h.h.t.HelmChartContainer - [hivemq-test-hivemq-platform] [hivemq-platform-operator] [12b7a3f9] 14:02:50.104 [pool-6-thread-26] DEBUG c.h.p.o.d.PlatformServiceResource - [helmupgr] Desired Platform services (3 services)
2025-01-29 14:02:50,120 INFO c.h.h.t.HelmChartContainer - [hivemq-test-hivemq-platform] [hivemq-platform-operator] [12b7a3f9] 14:02:50.108 [pool-6-thread-21] DEBUG c.h.p.o.d.PodServiceAccountResource - [helmupgr] Desired PodServiceAccountResource (serviceAccountName: hivemq-platform-pod-test-hivemq-platform)
2025-01-29 14:02:50,120 INFO c.h.h.t.HelmChartContainer - [hivemq-test-hivemq-platform] [hivemq-platform-operator] [12b7a3f9] 14:02:50.109 [pool-6-thread-26] DEBUG c.h.p.o.dependants.PodInfoConfigMap - [helmupgr] Desired PodInfo ConfigMap (1 extensions) (1 enabled)
2025-01-29 14:02:50,120 INFO c.h.h.t.HelmChartContainer - [hivemq-test-hivemq-platform] [hivemq-platform-operator] [12b7a3f9] 14:02:50.109 [pool-6-thread-26] DEBUG c.h.p.o.dependants.PodInfoConfigMap - [helmupgr] Desired PodInfo ConfigMap (metrics port: 9399) (metrics path: /)
2025-01-29 14:02:50,120 INFO c.h.h.t.HelmChartContainer - [hivemq-test-hivemq-platform] [hivemq-platform-operator] [12b7a3f9] 14:02:50.110 [pool-6-thread-26] DEBUG c.h.p.o.dependants.PodInfoConfigMap - [helmupgr] Desired PodInfo ConfigMap (extension state hash: -787112544)
2025-01-29 14:02:50,120 INFO c.h.h.t.HelmChartContainer - [hivemq-test-hivemq-platform] [hivemq-platform-operator] [12b7a3f9] 14:02:50.111 [pool-6-thread-26] DEBUG c.h.p.o.d.StatefulSetResource - [helmupgr] Desired StatefulSet (2 replicas) for status ROLLING_RESTART (RESTART_PODS_IN_PROGRESS)
2025-01-29 14:02:50,120 INFO c.h.h.t.HelmChartContainer - [hivemq-test-hivemq-platform] [hivemq-platform-operator] [12b7a3f9] 14:02:50.114 [ReconcilerExecutor-hivemq-controller-158] INFO  c.h.p.o.HiveMQPlatformReconciler - [helmupgr] Reconciling HiveMQ Platform 'test-hivemq-platform' in namespace 'helmupgradeextensionit'
2025-01-29 14:02:50,120 INFO c.h.h.t.HelmChartContainer - [hivemq-test-hivemq-platform] [hivemq-platform-operator] [12b7a3f9] 14:02:50.114 [ReconcilerExecutor-hivemq-controller-158] DEBUG c.h.p.o.HiveMQPlatformReconciler - [helmupgr] Custom Resource Status ROLLING_RESTART - HiveMQ Platform is restarting Pods (rolling restart) (RESTART_PODS_IN_PROGRESS)
2025-01-29 14:02:50,120 INFO c.h.h.t.HelmChartContainer - [hivemq-test-hivemq-platform] [hivemq-platform-operator] [12b7a3f9] 14:02:50.115 [ReconcilerExecutor-hivemq-controller-158] DEBUG c.h.p.o.HiveMQPlatformReconciler - [helmupgr] Custom Resource Spec (replicas: 1) (extensions: 1)
2025-01-29 14:02:50,120 INFO c.h.h.t.HelmChartContainer - [hivemq-test-hivemq-platform] [hivemq-platform-operator] [12b7a3f9] 14:02:50.116 [ReconcilerExecutor-hivemq-controller-158] DEBUG c.h.p.o.HiveMQPlatformReconciler - [helmupgr] StatefulSet Status (revision: test-hivemq-platform-7c6d7d4d7b, replicas: 2, available: 1, ready: 1, current: 0, updated: 2)
2025-01-29 14:02:50,122 INFO c.h.h.t.HelmChartContainer - [hivemq-test-hivemq-platform] [hivemq-platform-operator] [12b7a3f9] 14:02:50.116 [ReconcilerExecutor-hivemq-controller-158] DEBUG c.h.p.o.HiveMQPlatformReconciler - [helmupgr] StatefulSet Spec (replicas: 2, init containers: 1, containers: 1, volumes: 4)
2025-01-29 14:02:50,122 INFO c.h.h.t.HelmChartContainer - [hivemq-test-hivemq-platform] [hivemq-platform-operator] [12b7a3f9] 14:02:50.117 [ReconcilerExecutor-hivemq-controller-158] DEBUG c.h.p.o.h.HiveMQPlatformReconcilerErrorHandler - [helmupgr] Pod 'test-hivemq-platform-1' phase Running
2025-01-29 14:02:50,122 INFO c.h.h.t.HelmChartContainer - [hivemq-test-hivemq-platform] [hivemq-platform-operator] [12b7a3f9] 14:02:50.118 [ReconcilerExecutor-hivemq-controller-158] DEBUG c.h.p.o.h.HiveMQPlatformReconcilerErrorHandler - [helmupgr] Pod 'test-hivemq-platform-0' phase Running
2025-01-29 14:02:50,122 INFO c.h.h.t.HelmChartContainer - [hivemq-test-hivemq-platform] [hivemq-platform-operator] [12b7a3f9] 14:02:50.119 [ReconcilerExecutor-hivemq-controller-158] DEBUG c.h.p.o.h.HiveMQPlatformReconcilerRollingRestartHandler - [helmupgr] Rolling restart is waiting for 1 of 2 replicas
2025-01-29 14:02:50,125 INFO c.h.h.t.HelmChartContainer - [hivemq-test-hivemq-platform] [hivemq-platform-operator] [12b7a3f9] 14:02:50.122 [pool-6-thread-36] DEBUG c.h.p.o.d.PlatformServiceResource - [helmupgr] Desired Platform services (3 services)
2025-01-29 14:02:50,126 INFO c.h.h.t.HelmChartContainer - [hivemq-test-hivemq-platform] [hivemq-platform-operator] [12b7a3f9] 14:02:50.125 [pool-6-thread-40] DEBUG c.h.p.o.dependants.PodInfoConfigMap - [helmupgr] Desired PodInfo ConfigMap (1 extensions) (1 enabled)
2025-01-29 14:02:50,126 INFO c.h.h.t.HelmChartContainer - [hivemq-test-hivemq-platform] [hivemq-platform-operator] [12b7a3f9] 14:02:50.125 [pool-6-thread-40] DEBUG c.h.p.o.dependants.PodInfoConfigMap - [helmupgr] Desired PodInfo ConfigMap (metrics port: 9399) (metrics path: /)
2025-01-29 14:02:50,126 INFO c.h.h.t.HelmChartContainer - [hivemq-test-hivemq-platform] [hivemq-platform-operator] [12b7a3f9] 14:02:50.125 [pool-6-thread-40] DEBUG c.h.p.o.dependants.PodInfoConfigMap - [helmupgr] Desired PodInfo ConfigMap (extension state hash: -787112544)
2025-01-29 14:02:50,128 INFO c.h.h.t.HelmChartContainer - [hivemq-test-hivemq-platform] [hivemq-platform-operator] [12b7a3f9] 14:02:50.126 [pool-6-thread-38] DEBUG c.h.p.o.d.PodServiceAccountResource - [helmupgr] Desired PodServiceAccountResource (serviceAccountName: hivemq-platform-pod-test-hivemq-platform)
2025-01-29 14:02:50,132 INFO c.h.h.t.HelmChartContainer - [hivemq-test-hivemq-platform] [hivemq-platform-operator] [12b7a3f9] 14:02:50.131 [pool-6-thread-38] DEBUG c.h.p.o.d.StatefulSetResource - [helmupgr] Desired StatefulSet (2 replicas) for status ROLLING_RESTART (RESTART_PODS_IN_PROGRESS)
2025-01-29 14:02:50,136 INFO c.h.h.t.HelmChartContainer - [hivemq-test-hivemq-platform] [hivemq-platform-operator] [12b7a3f9] 14:02:50.135 [ReconcilerExecutor-hivemq-controller-159] INFO  c.h.p.o.HiveMQPlatformReconciler - [helmupgr] Reconciling HiveMQ Platform 'test-hivemq-platform' in namespace 'helmupgradeextensionit'
2025-01-29 14:02:50,137 INFO c.h.h.t.HelmChartContainer - [hivemq-test-hivemq-platform] [hivemq-platform-operator] [12b7a3f9] 14:02:50.135 [ReconcilerExecutor-hivemq-controller-159] DEBUG c.h.p.o.HiveMQPlatformReconciler - [helmupgr] Custom Resource Status ROLLING_RESTART - HiveMQ Platform is restarting Pods (rolling restart) (RESTART_PODS_IN_PROGRESS)
2025-01-29 14:02:50,137 INFO c.h.h.t.HelmChartContainer - [hivemq-test-hivemq-platform] [hivemq-platform-operator] [12b7a3f9] 14:02:50.135 [ReconcilerExecutor-hivemq-controller-159] DEBUG c.h.p.o.HiveMQPlatformReconciler - [helmupgr] Custom Resource Spec (replicas: 1) (extensions: 1)
2025-01-29 14:02:50,138 INFO c.h.h.t.HelmChartContainer - [hivemq-test-hivemq-platform] [hivemq-platform-operator] [12b7a3f9] 14:02:50.137 [ReconcilerExecutor-hivemq-controller-159] DEBUG c.h.p.o.HiveMQPlatformReconciler - [helmupgr] StatefulSet Status (revision: test-hivemq-platform-7c6d7d4d7b, replicas: 2, available: 2, ready: 2, current: 0, updated: 2)
2025-01-29 14:02:50,139 INFO c.h.h.t.HelmChartContainer - [hivemq-test-hivemq-platform] [hivemq-platform-operator] [12b7a3f9] 14:02:50.137 [ReconcilerExecutor-hivemq-controller-159] DEBUG c.h.p.o.HiveMQPlatformReconciler - [helmupgr] StatefulSet Spec (replicas: 2, init containers: 1, containers: 1, volumes: 4)
2025-01-29 14:02:50,141 INFO c.h.h.t.HelmChartContainer - [hivemq-test-hivemq-platform] [hivemq-platform-operator] [12b7a3f9] 14:02:50.139 [ReconcilerExecutor-hivemq-controller-159] DEBUG c.h.p.o.h.HiveMQPlatformReconcilerErrorHandler - [helmupgr] Pod 'test-hivemq-platform-1' phase Running
2025-01-29 14:02:50,141 INFO c.h.h.t.HelmChartContainer - [hivemq-test-hivemq-platform] [hivemq-platform-operator] [12b7a3f9] 14:02:50.140 [ReconcilerExecutor-hivemq-controller-159] DEBUG c.h.p.o.h.HiveMQPlatformReconcilerErrorHandler - [helmupgr] Pod 'test-hivemq-platform-0' phase Running
2025-01-29 14:02:50,188 INFO c.h.h.t.HelmChartContainer - [hivemq-test-hivemq-platform] [hivemq-platform-operator] [12b7a3f9] 14:02:50.187 [ReconcilerExecutor-hivemq-controller-159] DEBUG c.h.p.o.h.HiveMQPlatformReconcilerRollingRestartHandler - [helmupgr] Skipping Pod test-hivemq-platform-1 as it's already on the controller update revision (update revision: test-hivemq-platform-7c6d7d4d7b, pod revision: test-hivemq-platform-7c6d7d4d7b)
2025-01-29 14:02:50,191 INFO c.h.h.t.HelmChartContainer - [hivemq-test-hivemq-platform] [hivemq-platform-operator] [12b7a3f9] 14:02:50.191 [ReconcilerExecutor-hivemq-controller-159] DEBUG c.h.p.o.h.HiveMQPlatformReconcilerRollingRestartHandler - [helmupgr] Skipping Pod test-hivemq-platform-0 as it's already on the controller update revision (update revision: test-hivemq-platform-7c6d7d4d7b, pod revision: test-hivemq-platform-7c6d7d4d7b)
2025-01-29 14:02:50,191 INFO c.h.h.t.HelmChartContainer - [hivemq-test-hivemq-platform] [hivemq-platform-operator] [12b7a3f9] 14:02:50.191 [ReconcilerExecutor-hivemq-controller-159] INFO  c.h.p.o.h.HiveMQPlatformReconcilerRollingRestartHandler - [helmupgr] Stopping surge Pod
2025-01-29 14:02:50,203 INFO c.h.h.t.HelmChartContainer - [hivemq-test-hivemq-platform] [hivemq-platform-operator] [12b7a3f9] 14:02:50.203 [ReconcilerExecutor-hivemq-controller-159] DEBUG c.h.p.operator.event.EventSender - [helmupgr] Creating K8s event rolling-restart-scale-down-in-progress: [RollingRestart] HiveMQ Platform is stopping the surge Pod (rolling restart)
2025-01-29 14:02:50,207 INFO c.h.h.t.HelmChartContainer - [EVENT] Normal [RollingRestart] HiveMQ Platform is stopping the surge Pod (rolling restart) [helmupgradeextensionit:test-hivemq-platform]
2025-01-29 14:02:50,207 INFO c.h.h.t.HelmChartContainer - [hivemq-test-hivemq-platform] [hivemq-platform-operator] [12b7a3f9] 14:02:50.206 [ReconcilerExecutor-hivemq-controller-159] INFO  c.h.p.o.h.AbstractHiveMQReconcilerStateHandler - [helmupgr] Update HiveMQ Platform Status (ROLLING_RESTART [RESTART_PODS_IN_PROGRESS] -> ROLLING_RESTART [SCALE_DOWN_IN_PROGRESS]): HiveMQ Platform is stopping the surge Pod (rolling restart)
2025-01-29 14:02:50,220 DEBUG com.hivemq.helmcharts.util.K8sUtil - Comparing actual state 'ROLLING_RESTART' and waiting for 'RUNNING'
2025-01-29 14:02:59,060 INFO c.h.h.t.HelmChartContainer - [test-hivemq-platform] [hivemq] [6511a145] WARN  - Bridge Extension: Connect to bridge 'testbridge' failed for the 3 time, reason: connection timed out after 10000 ms: /172.17.0.3:1883
2025-01-29 14:02:59,286 INFO c.h.h.t.HelmChartContainer - [test-hivemq-platform] [hivemq] [1b85ee1f] WARN  - Bridge Extension: Connect to bridge 'testbridge' failed for the 6 time, reason: connection timed out after 10000 ms: /172.17.0.3:1883
2025-01-29 14:03:00,283 INFO c.h.h.t.HelmChartContainer - [hivemq-test-hivemq-platform] [hivemq-platform-operator] [12b7a3f9] 14:03:00.281 [pool-6-thread-41] DEBUG c.h.p.o.d.PlatformServiceResource - [helmupgr] Desired Platform services (3 services)
2025-01-29 14:03:00,284 INFO c.h.h.t.HelmChartContainer - [hivemq-test-hivemq-platform] [hivemq-platform-operator] [12b7a3f9] 14:03:00.281 [pool-6-thread-47] DEBUG c.h.p.o.dependants.PodInfoConfigMap - [helmupgr] Desired PodInfo ConfigMap (1 extensions) (1 enabled)
2025-01-29 14:03:00,284 INFO c.h.h.t.HelmChartContainer - [hivemq-test-hivemq-platform] [hivemq-platform-operator] [12b7a3f9] 14:03:00.281 [pool-6-thread-45] DEBUG c.h.p.o.d.PodServiceAccountResource - [helmupgr] Desired PodServiceAccountResource (serviceAccountName: hivemq-platform-pod-test-hivemq-platform)
2025-01-29 14:03:00,284 INFO c.h.h.t.HelmChartContainer - [hivemq-test-hivemq-platform] [hivemq-platform-operator] [12b7a3f9] 14:03:00.281 [pool-6-thread-47] DEBUG c.h.p.o.dependants.PodInfoConfigMap - [helmupgr] Desired PodInfo ConfigMap (metrics port: 9399) (metrics path: /)
2025-01-29 14:03:00,284 INFO c.h.h.t.HelmChartContainer - [hivemq-test-hivemq-platform] [hivemq-platform-operator] [12b7a3f9] 14:03:00.281 [pool-6-thread-47] DEBUG c.h.p.o.dependants.PodInfoConfigMap - [helmupgr] Desired PodInfo ConfigMap (extension state hash: -787112544)
2025-01-29 14:03:00,284 INFO c.h.h.t.HelmChartContainer - [hivemq-test-hivemq-platform] [hivemq-platform-operator] [12b7a3f9] 14:03:00.282 [pool-6-thread-47] DEBUG c.h.p.o.dependants.PodInfoConfigMap - [helmupgr] Update PodInfo ConfigMap
2025-01-29 14:03:00,290 INFO c.h.h.t.HelmChartContainer - [hivemq-test-hivemq-platform] [hivemq-platform-operator] [12b7a3f9] 14:03:00.290 [pool-6-thread-47] DEBUG c.h.p.o.d.StatefulSetResource - [helmupgr] Desired StatefulSet (1 replicas) for status ROLLING_RESTART (SCALE_DOWN_IN_PROGRESS)
2025-01-29 14:03:00,292 INFO c.h.h.t.HelmChartContainer - [hivemq-test-hivemq-platform] [hivemq-platform-operator] [12b7a3f9] 14:03:00.291 [pool-6-thread-47] DEBUG c.h.p.o.d.StatefulSetResource - [helmupgr] Update StatefulSet (replicas: 2 -> 1)
2025-01-29 14:03:00,306 INFO c.h.h.t.HelmChartContainer - [hivemq-test-hivemq-platform] [hivemq-platform-operator] [12b7a3f9] 14:03:00.304 [ReconcilerExecutor-hivemq-controller-54] INFO  c.h.p.o.HiveMQPlatformReconciler - [helmupgr] Reconciling HiveMQ Platform 'test-hivemq-platform' in namespace 'helmupgradeextensionit'
2025-01-29 14:03:00,306 INFO c.h.h.t.HelmChartContainer - [hivemq-test-hivemq-platform] [hivemq-platform-operator] [12b7a3f9] 14:03:00.304 [ReconcilerExecutor-hivemq-controller-54] DEBUG c.h.p.o.HiveMQPlatformReconciler - [helmupgr] Custom Resource Status ROLLING_RESTART - HiveMQ Platform is stopping the surge Pod (rolling restart) (SCALE_DOWN_IN_PROGRESS)
2025-01-29 14:03:00,306 INFO c.h.h.t.HelmChartContainer - [hivemq-test-hivemq-platform] [hivemq-platform-operator] [12b7a3f9] 14:03:00.304 [ReconcilerExecutor-hivemq-controller-54] DEBUG c.h.p.o.HiveMQPlatformReconciler - [helmupgr] Custom Resource Spec (replicas: 1) (extensions: 1)
2025-01-29 14:03:00,307 INFO c.h.h.t.HelmChartContainer - [hivemq-test-hivemq-platform] [hivemq-platform-operator] [12b7a3f9] 14:03:00.306 [ReconcilerExecutor-hivemq-controller-54] DEBUG c.h.p.o.HiveMQPlatformReconciler - [helmupgr] StatefulSet Status (revision: test-hivemq-platform-7c6d7d4d7b, replicas: 2, available: 2, ready: 2, current: 0, updated: 2)
2025-01-29 14:03:00,307 INFO c.h.h.t.HelmChartContainer - [hivemq-test-hivemq-platform] [hivemq-platform-operator] [12b7a3f9] 14:03:00.306 [ReconcilerExecutor-hivemq-controller-54] DEBUG c.h.p.o.HiveMQPlatformReconciler - [helmupgr] StatefulSet Spec (replicas: 1, init containers: 1, containers: 1, volumes: 4)
2025-01-29 14:03:00,314 INFO c.h.h.t.HelmChartContainer - [POD] test-hivemq-platform-1 [1b85ee1f-7130-415e-b566-295a97bb02cb] in helmupgradeextensionit was MODIFIED
2025-01-29 14:03:00,331 INFO c.h.h.t.HelmChartContainer - [EVENT] Normal [SuccessfulDelete] delete Pod test-hivemq-platform-1 in StatefulSet test-hivemq-platform successful [helmupgradeextensionit:test-hivemq-platform]
2025-01-29 14:03:00,332 INFO c.h.h.t.HelmChartContainer - [test-hivemq-platform] [hivemq] [1b85ee1f] INFO  - [HiveMQ Platform Operator Init App 1.7.0-SNAPSHOT] Shutting down
2025-01-29 14:03:00,332 INFO c.h.h.t.HelmChartContainer - [test-hivemq-platform] [hivemq] [1b85ee1f] INFO  - [HiveMQ Platform Operator Init App 1.7.0-SNAPSHOT] Stopping the HiveMQ Platform
2025-01-29 14:03:00,332 INFO c.h.h.t.HelmChartContainer - [EVENT] Normal [Killing] Stopping container hivemq [helmupgradeextensionit:test-hivemq-platform-1]
2025-01-29 14:03:00,332 INFO c.h.h.t.HelmChartContainer - Received Killing event for container hivemq in pod test-hivemq-platform-1 [1b85ee1f-7130-415e-b566-295a97bb02cb]
2025-01-29 14:03:00,332 INFO c.h.h.t.HelmChartContainer - Container [test-hivemq-platform-1] [hivemq] [1b85ee1f-7130-415e-b566-295a97bb02cb] was terminated
2025-01-29 14:03:00,332 INFO c.h.h.t.HelmChartContainer - Stopped log watcher for hivemq in pod test-hivemq-platform-1 [1b85ee1f-7130-415e-b566-295a97bb02cb]
2025-01-29 14:03:00,377 INFO c.h.h.t.HelmChartContainer - [test-hivemq-platform] [hivemq] [6511a145] WARN  - Bridge Extension: Connect to bridge 'testbridge' failed for the 3 time, reason: connection timed out after 10000 ms: /172.17.0.3:1883
2025-01-29 14:03:00,380 INFO c.h.h.t.HelmChartContainer - [hivemq-test-hivemq-platform] [hivemq-platform-operator] [12b7a3f9] 14:03:00.378 [ReconcilerExecutor-hivemq-controller-54] DEBUG c.h.p.o.h.HiveMQPlatformReconcilerErrorHandler - [helmupgr] Pod 'test-hivemq-platform-0' phase Running
2025-01-29 14:03:00,380 INFO c.h.h.t.HelmChartContainer - [hivemq-test-hivemq-platform] [hivemq-platform-operator] [12b7a3f9] 14:03:00.379 [ReconcilerExecutor-hivemq-controller-54] DEBUG c.h.p.o.h.HiveMQPlatformReconcilerRollingRestartHandler - [helmupgr] Rolling restart is waiting for 2 of 1 replicas
2025-01-29 14:03:00,385 INFO c.h.h.t.HelmChartContainer - [hivemq-test-hivemq-platform] [hivemq-platform-operator] [12b7a3f9] 14:03:00.383 [pool-6-thread-10] DEBUG c.h.p.o.d.PlatformServiceResource - [helmupgr] Desired Platform services (3 services)
2025-01-29 14:03:00,386 INFO c.h.h.t.HelmChartContainer - [hivemq-test-hivemq-platform] [hivemq-platform-operator] [12b7a3f9] 14:03:00.385 [pool-6-thread-4] DEBUG c.h.p.o.d.PodServiceAccountResource - [helmupgr] Desired PodServiceAccountResource (serviceAccountName: hivemq-platform-pod-test-hivemq-platform)
2025-01-29 14:03:00,387 INFO c.h.h.t.HelmChartContainer - [hivemq-test-hivemq-platform] [hivemq-platform-operator] [12b7a3f9] 14:03:00.386 [pool-6-thread-8] DEBUG c.h.p.o.dependants.PodInfoConfigMap - [helmupgr] Desired PodInfo ConfigMap (1 extensions) (1 enabled)
2025-01-29 14:03:00,388 INFO c.h.h.t.HelmChartContainer - [hivemq-test-hivemq-platform] [hivemq-platform-operator] [12b7a3f9] 14:03:00.386 [pool-6-thread-8] DEBUG c.h.p.o.dependants.PodInfoConfigMap - [helmupgr] Desired PodInfo ConfigMap (metrics port: 9399) (metrics path: /)
2025-01-29 14:03:00,388 INFO c.h.h.t.HelmChartContainer - [hivemq-test-hivemq-platform] [hivemq-platform-operator] [12b7a3f9] 14:03:00.386 [pool-6-thread-8] DEBUG c.h.p.o.dependants.PodInfoConfigMap - [helmupgr] Desired PodInfo ConfigMap (extension state hash: -787112544)
2025-01-29 14:03:00,390 INFO c.h.h.t.HelmChartContainer - [hivemq-test-hivemq-platform] [hivemq-platform-operator] [12b7a3f9] 14:03:00.389 [pool-6-thread-10] DEBUG c.h.p.o.d.StatefulSetResource - [helmupgr] Desired StatefulSet (1 replicas) for status ROLLING_RESTART (SCALE_DOWN_IN_PROGRESS)
2025-01-29 14:03:00,393 INFO c.h.h.t.HelmChartContainer - [hivemq-test-hivemq-platform] [hivemq-platform-operator] [12b7a3f9] 14:03:00.392 [ReconcilerExecutor-hivemq-controller-54] INFO  c.h.p.o.HiveMQPlatformReconciler - [helmupgr] Reconciling HiveMQ Platform 'test-hivemq-platform' in namespace 'helmupgradeextensionit'
2025-01-29 14:03:00,393 INFO c.h.h.t.HelmChartContainer - [hivemq-test-hivemq-platform] [hivemq-platform-operator] [12b7a3f9] 14:03:00.392 [ReconcilerExecutor-hivemq-controller-54] DEBUG c.h.p.o.HiveMQPlatformReconciler - [helmupgr] Custom Resource Status ROLLING_RESTART - HiveMQ Platform is stopping the surge Pod (rolling restart) (SCALE_DOWN_IN_PROGRESS)
2025-01-29 14:03:00,393 INFO c.h.h.t.HelmChartContainer - [hivemq-test-hivemq-platform] [hivemq-platform-operator] [12b7a3f9] 14:03:00.392 [ReconcilerExecutor-hivemq-controller-54] DEBUG c.h.p.o.HiveMQPlatformReconciler - [helmupgr] Custom Resource Spec (replicas: 1) (extensions: 1)
2025-01-29 14:03:00,478 INFO c.h.h.t.HelmChartContainer - [hivemq-test-hivemq-platform] [hivemq-platform-operator] [12b7a3f9] 14:03:00.477 [ReconcilerExecutor-hivemq-controller-54] DEBUG c.h.p.o.HiveMQPlatformReconciler - [helmupgr] StatefulSet Status (revision: test-hivemq-platform-7c6d7d4d7b, replicas: 2, available: 2, ready: 2, current: 0, updated: 1)
2025-01-29 14:03:00,478 INFO c.h.h.t.HelmChartContainer - [hivemq-test-hivemq-platform] [hivemq-platform-operator] [12b7a3f9] 14:03:00.477 [ReconcilerExecutor-hivemq-controller-54] DEBUG c.h.p.o.HiveMQPlatformReconciler - [helmupgr] StatefulSet Spec (replicas: 1, init containers: 1, containers: 1, volumes: 4)
2025-01-29 14:03:00,479 INFO c.h.h.t.HelmChartContainer - [hivemq-test-hivemq-platform] [hivemq-platform-operator] [12b7a3f9] 14:03:00.479 [ReconcilerExecutor-hivemq-controller-54] DEBUG c.h.p.o.h.HiveMQPlatformReconcilerErrorHandler - [helmupgr] Pod 'test-hivemq-platform-0' phase Running
2025-01-29 14:03:00,480 INFO c.h.h.t.HelmChartContainer - [hivemq-test-hivemq-platform] [hivemq-platform-operator] [12b7a3f9] 14:03:00.479 [ReconcilerExecutor-hivemq-controller-54] DEBUG c.h.p.o.h.HiveMQPlatformReconcilerRollingRestartHandler - [helmupgr] Rolling restart is waiting for 2 of 1 replicas
2025-01-29 14:03:00,483 INFO c.h.h.t.HelmChartContainer - [hivemq-test-hivemq-platform] [hivemq-platform-operator] [12b7a3f9] 14:03:00.481 [pool-6-thread-14] DEBUG c.h.p.o.d.PlatformServiceResource - [helmupgr] Desired Platform services (3 services)
2025-01-29 14:03:00,484 INFO c.h.h.t.HelmChartContainer - [hivemq-test-hivemq-platform] [hivemq-platform-operator] [12b7a3f9] 14:03:00.482 [pool-6-thread-11] DEBUG c.h.p.o.d.PodServiceAccountResource - [helmupgr] Desired PodServiceAccountResource (serviceAccountName: hivemq-platform-pod-test-hivemq-platform)
2025-01-29 14:03:00,485 INFO c.h.h.t.HelmChartContainer - [hivemq-test-hivemq-platform] [hivemq-platform-operator] [12b7a3f9] 14:03:00.482 [pool-6-thread-18] DEBUG c.h.p.o.dependants.PodInfoConfigMap - [helmupgr] Desired PodInfo ConfigMap (1 extensions) (1 enabled)
2025-01-29 14:03:00,486 INFO c.h.h.t.HelmChartContainer - [hivemq-test-hivemq-platform] [hivemq-platform-operator] [12b7a3f9] 14:03:00.484 [pool-6-thread-18] DEBUG c.h.p.o.dependants.PodInfoConfigMap - [helmupgr] Desired PodInfo ConfigMap (metrics port: 9399) (metrics path: /)
2025-01-29 14:03:00,486 INFO c.h.h.t.HelmChartContainer - [hivemq-test-hivemq-platform] [hivemq-platform-operator] [12b7a3f9] 14:03:00.485 [pool-6-thread-18] DEBUG c.h.p.o.dependants.PodInfoConfigMap - [helmupgr] Desired PodInfo ConfigMap (extension state hash: -787112544)
2025-01-29 14:03:00,489 INFO c.h.h.t.HelmChartContainer - [hivemq-test-hivemq-platform] [hivemq-platform-operator] [12b7a3f9] 14:03:00.487 [pool-6-thread-18] DEBUG c.h.p.o.d.StatefulSetResource - [helmupgr] Desired StatefulSet (1 replicas) for status ROLLING_RESTART (SCALE_DOWN_IN_PROGRESS)
2025-01-29 14:03:00,491 INFO c.h.h.t.HelmChartContainer - [hivemq-test-hivemq-platform] [hivemq-platform-operator] [12b7a3f9] 14:03:00.490 [ReconcilerExecutor-hivemq-controller-66] INFO  c.h.p.o.HiveMQPlatformReconciler - [helmupgr] Reconciling HiveMQ Platform 'test-hivemq-platform' in namespace 'helmupgradeextensionit'
2025-01-29 14:03:00,491 INFO c.h.h.t.HelmChartContainer - [hivemq-test-hivemq-platform] [hivemq-platform-operator] [12b7a3f9] 14:03:00.490 [ReconcilerExecutor-hivemq-controller-66] DEBUG c.h.p.o.HiveMQPlatformReconciler - [helmupgr] Custom Resource Status ROLLING_RESTART - HiveMQ Platform is stopping the surge Pod (rolling restart) (SCALE_DOWN_IN_PROGRESS)
2025-01-29 14:03:00,491 INFO c.h.h.t.HelmChartContainer - [hivemq-test-hivemq-platform] [hivemq-platform-operator] [12b7a3f9] 14:03:00.490 [ReconcilerExecutor-hivemq-controller-66] DEBUG c.h.p.o.HiveMQPlatformReconciler - [helmupgr] Custom Resource Spec (replicas: 1) (extensions: 1)
2025-01-29 14:03:00,492 INFO c.h.h.t.HelmChartContainer - [hivemq-test-hivemq-platform] [hivemq-platform-operator] [12b7a3f9] 14:03:00.491 [ReconcilerExecutor-hivemq-controller-66] DEBUG c.h.p.o.HiveMQPlatformReconciler - [helmupgr] StatefulSet Status (revision: test-hivemq-platform-7c6d7d4d7b, replicas: 2, available: 2, ready: 2, current: 0, updated: 1)
2025-01-29 14:03:00,492 INFO c.h.h.t.HelmChartContainer - [hivemq-test-hivemq-platform] [hivemq-platform-operator] [12b7a3f9] 14:03:00.491 [ReconcilerExecutor-hivemq-controller-66] DEBUG c.h.p.o.HiveMQPlatformReconciler - [helmupgr] StatefulSet Spec (replicas: 1, init containers: 1, containers: 1, volumes: 4)
2025-01-29 14:03:00,496 INFO c.h.h.t.HelmChartContainer - [hivemq-test-hivemq-platform] [hivemq-platform-operator] [12b7a3f9] 14:03:00.494 [ReconcilerExecutor-hivemq-controller-66] DEBUG c.h.p.o.h.HiveMQPlatformReconcilerErrorHandler - [helmupgr] Pod 'test-hivemq-platform-0' phase Running
2025-01-29 14:03:00,496 INFO c.h.h.t.HelmChartContainer - [hivemq-test-hivemq-platform] [hivemq-platform-operator] [12b7a3f9] 14:03:00.495 [ReconcilerExecutor-hivemq-controller-66] DEBUG c.h.p.o.h.HiveMQPlatformReconcilerRollingRestartHandler - [helmupgr] Rolling restart is waiting for 2 of 1 replicas
2025-01-29 14:03:00,527 INFO c.h.h.t.HelmChartContainer - [test-hivemq-platform] [hivemq] [1b85ee1f] INFO  - Shutting down HiveMQ. Please wait, this could take a while...
2025-01-29 14:03:00,532 INFO c.h.h.t.HelmChartContainer - [test-hivemq-platform] [hivemq] [1b85ee1f] INFO  - Shutting down listeners and clients
2025-01-29 14:03:00,533 INFO c.h.h.t.HelmChartContainer - [test-hivemq-platform] [hivemq] [1b85ee1f] INFO  - Shutdown of listeners is done
2025-01-29 14:03:00,534 INFO c.h.h.t.HelmChartContainer - [test-hivemq-platform] [hivemq] [1b85ee1f] INFO  - No clients are connected, proceeding with shutdown
2025-01-29 14:03:03,545 INFO c.h.h.t.HelmChartContainer - [test-hivemq-platform] [hivemq] [1b85ee1f] INFO  - Shutting down extension system
2025-01-29 14:03:03,549 INFO c.h.h.t.HelmChartContainer - [test-hivemq-platform] [hivemq] [1b85ee1f] INFO  - Stopping extension with id hivemq-dns-cluster-discovery
2025-01-29 14:03:03,550 INFO c.h.h.t.HelmChartContainer - [test-hivemq-platform] [hivemq] [1b85ee1f] INFO  - Extension "DNS Cluster Discovery Extension" version 4.3.2 stopped successfully.
2025-01-29 14:03:03,551 INFO c.h.h.t.HelmChartContainer - [test-hivemq-platform] [hivemq] [1b85ee1f] INFO  - Stopping extension with id hivemq-bridge-extension
2025-01-29 14:03:03,555 INFO c.h.h.t.HelmChartContainer - [test-hivemq-platform] [hivemq] [1b85ee1f] INFO  - Bridge Extension: Stopping extension
2025-01-29 14:03:03,563 INFO c.h.h.t.HelmChartContainer - [test-hivemq-platform] [hivemq] [1b85ee1f] ERROR - Bridge Extension: Error when disconnecting client "testbridge-0-90ccd1f9-8eb4-4855-856a-579e9c35731e". Reason: MQTT client is not connected.
2025-01-29 14:03:03,563 INFO c.h.h.t.HelmChartContainer - [test-hivemq-platform] [hivemq] [1b85ee1f] ERROR - Bridge Extension: Error when disconnecting client "testbridge-1-90ccd1f9-8eb4-4855-856a-579e9c35731e". Reason: MQTT client is not connected.
2025-01-29 14:03:03,563 INFO c.h.h.t.HelmChartContainer - [test-hivemq-platform] [hivemq] [1b85ee1f] INFO  - Extension "HiveMQ Enterprise Bridge Extension" version 4.36.0 stopped successfully.
2025-01-29 14:03:03,563 INFO c.h.h.t.HelmChartContainer - [test-hivemq-platform] [hivemq] [1b85ee1f] INFO  - Stopping extension with id hivemq-prometheus-extension
2025-01-29 14:03:03,567 INFO c.h.h.t.HelmChartContainer - [test-hivemq-platform] [hivemq] [1b85ee1f] INFO  - Extension "Prometheus Monitoring Extension" version 4.0.12 stopped successfully.
2025-01-29 14:03:03,567 INFO c.h.h.t.HelmChartContainer - [test-hivemq-platform] [hivemq] [1b85ee1f] INFO  - Stopping extension with id hivemq-allow-all-extension
2025-01-29 14:03:03,567 INFO c.h.h.t.HelmChartContainer - [test-hivemq-platform] [hivemq] [1b85ee1f] INFO  - Extension "Allow All Extension" version 1.1.1 stopped successfully.
2025-01-29 14:03:03,577 INFO c.h.h.t.HelmChartContainer - [test-hivemq-platform] [hivemq] [6511a145] INFO  - Cluster nodes found by discovery: [RG6JU|4] (1) [RG6JU].
2025-01-29 14:03:03,577 INFO c.h.h.t.HelmChartContainer - [test-hivemq-platform] [hivemq] [6511a145] INFO  - Cluster size = 1, members : [RG6JU].
2025-01-29 14:03:05,052 INFO c.h.h.t.HelmChartContainer - [test-hivemq-platform] [hivemq] [1b85ee1f] INFO  - [HiveMQ Platform Operator Init App 1.7.0-SNAPSHOT] Returning shutdown Health API response 503 for readiness
2025-01-29 14:03:05,056 INFO c.h.h.t.HelmChartContainer - [EVENT] Warning [Unhealthy] Readiness probe failed: HTTP probe failed with statuscode: 503 [helmupgradeextensionit:test-hivemq-platform-1]
2025-01-29 14:03:05,056 INFO c.h.h.t.HelmChartContainer - Received Unhealthy event for container hivemq in pod test-hivemq-platform-1 [1b85ee1f-7130-415e-b566-295a97bb02cb]
2025-01-29 14:03:05,928 INFO c.h.h.t.HelmChartContainer - [test-hivemq-platform] [hivemq] [1b85ee1f] INFO  - Shutdown completed.
2025-01-29 14:03:06,290 INFO c.h.h.t.HelmChartContainer - [test-hivemq-platform] [hivemq] [1b85ee1f] INFO  - [HiveMQ Platform Operator Init App 1.7.0-SNAPSHOT] The HiveMQ Platform exited with code 143
2025-01-29 14:03:06,290 INFO c.h.h.t.HelmChartContainer - [test-hivemq-platform] [hivemq] [1b85ee1f] INFO  - [HiveMQ Platform Operator Init App 1.7.0-SNAPSHOT] Stopping the REST API
2025-01-29 14:03:06,330 INFO c.h.h.t.HelmChartContainer - [test-hivemq-platform] [hivemq] [1b85ee1f] INFO  - [HiveMQ Platform Operator Init App 1.7.0-SNAPSHOT] Shutdown complete
2025-01-29 14:03:06,791 INFO c.h.h.t.HelmChartContainer - [POD] test-hivemq-platform-1 [1b85ee1f-7130-415e-b566-295a97bb02cb] in helmupgradeextensionit was MODIFIED
2025-01-29 14:03:06,804 INFO c.h.h.t.HelmChartContainer - [hivemq-test-hivemq-platform] [hivemq-platform-operator] [12b7a3f9] 14:03:06.796 [pool-6-thread-23] DEBUG c.h.p.o.d.PlatformServiceResource - [helmupgr] Desired Platform services (3 services)
2025-01-29 14:03:06,804 INFO c.h.h.t.HelmChartContainer - [hivemq-test-hivemq-platform] [hivemq-platform-operator] [12b7a3f9] 14:03:06.797 [pool-6-thread-30] DEBUG c.h.p.o.dependants.PodInfoConfigMap - [helmupgr] Desired PodInfo ConfigMap (1 extensions) (1 enabled)
2025-01-29 14:03:06,804 INFO c.h.h.t.HelmChartContainer - [hivemq-test-hivemq-platform] [hivemq-platform-operator] [12b7a3f9] 14:03:06.797 [pool-6-thread-30] DEBUG c.h.p.o.dependants.PodInfoConfigMap - [helmupgr] Desired PodInfo ConfigMap (metrics port: 9399) (metrics path: /)
2025-01-29 14:03:06,804 INFO c.h.h.t.HelmChartContainer - [hivemq-test-hivemq-platform] [hivemq-platform-operator] [12b7a3f9] 14:03:06.797 [pool-6-thread-30] DEBUG c.h.p.o.dependants.PodInfoConfigMap - [helmupgr] Desired PodInfo ConfigMap (extension state hash: -787112544)
2025-01-29 14:03:06,804 INFO c.h.h.t.HelmChartContainer - [hivemq-test-hivemq-platform] [hivemq-platform-operator] [12b7a3f9] 14:03:06.798 [pool-6-thread-23] DEBUG c.h.p.o.d.PodServiceAccountResource - [helmupgr] Desired PodServiceAccountResource (serviceAccountName: hivemq-platform-pod-test-hivemq-platform)
2025-01-29 14:03:06,808 INFO c.h.h.t.HelmChartContainer - [hivemq-test-hivemq-platform] [hivemq-platform-operator] [12b7a3f9] 14:03:06.803 [pool-6-thread-21] DEBUG c.h.p.o.d.StatefulSetResource - [helmupgr] Desired StatefulSet (1 replicas) for status ROLLING_RESTART (SCALE_DOWN_IN_PROGRESS)
2025-01-29 14:03:06,811 INFO c.h.h.t.HelmChartContainer - [hivemq-test-hivemq-platform] [hivemq-platform-operator] [12b7a3f9] 14:03:06.807 [ReconcilerExecutor-hivemq-controller-77] INFO  c.h.p.o.HiveMQPlatformReconciler - [helmupgr] Reconciling HiveMQ Platform 'test-hivemq-platform' in namespace 'helmupgradeextensionit'
2025-01-29 14:03:06,811 INFO c.h.h.t.HelmChartContainer - [hivemq-test-hivemq-platform] [hivemq-platform-operator] [12b7a3f9] 14:03:06.808 [ReconcilerExecutor-hivemq-controller-77] DEBUG c.h.p.o.HiveMQPlatformReconciler - [helmupgr] Custom Resource Status ROLLING_RESTART - HiveMQ Platform is stopping the surge Pod (rolling restart) (SCALE_DOWN_IN_PROGRESS)
2025-01-29 14:03:06,811 INFO c.h.h.t.HelmChartContainer - [hivemq-test-hivemq-platform] [hivemq-platform-operator] [12b7a3f9] 14:03:06.808 [ReconcilerExecutor-hivemq-controller-77] DEBUG c.h.p.o.HiveMQPlatformReconciler - [helmupgr] Custom Resource Spec (replicas: 1) (extensions: 1)
2025-01-29 14:03:06,814 INFO c.h.h.t.HelmChartContainer - [hivemq-test-hivemq-platform] [hivemq-platform-operator] [12b7a3f9] 14:03:06.812 [ReconcilerExecutor-hivemq-controller-77] DEBUG c.h.p.o.HiveMQPlatformReconciler - [helmupgr] StatefulSet Status (revision: test-hivemq-platform-7c6d7d4d7b, replicas: 2, available: 2, ready: 2, current: 0, updated: 1)
2025-01-29 14:03:06,814 INFO c.h.h.t.HelmChartContainer - [hivemq-test-hivemq-platform] [hivemq-platform-operator] [12b7a3f9] 14:03:06.813 [ReconcilerExecutor-hivemq-controller-77] DEBUG c.h.p.o.HiveMQPlatformReconciler - [helmupgr] StatefulSet Spec (replicas: 1, init containers: 1, containers: 1, volumes: 4)
2025-01-29 14:03:06,819 INFO c.h.h.t.HelmChartContainer - [hivemq-test-hivemq-platform] [hivemq-platform-operator] [12b7a3f9] 14:03:06.815 [ReconcilerExecutor-hivemq-controller-77] DEBUG c.h.p.o.h.HiveMQPlatformReconcilerErrorHandler - [helmupgr] Pod 'test-hivemq-platform-0' phase Running
2025-01-29 14:03:06,819 INFO c.h.h.t.HelmChartContainer - [hivemq-test-hivemq-platform] [hivemq-platform-operator] [12b7a3f9] 14:03:06.816 [ReconcilerExecutor-hivemq-controller-77] DEBUG c.h.p.o.h.HiveMQPlatformReconcilerRollingRestartHandler - [helmupgr] Rolling restart is waiting for 2 of 1 replicas
2025-01-29 14:03:06,821 INFO c.h.h.t.HelmChartContainer - [hivemq-test-hivemq-platform] [hivemq-platform-operator] [12b7a3f9] 14:03:06.819 [pool-6-thread-36] DEBUG c.h.p.o.d.PlatformServiceResource - [helmupgr] Desired Platform services (3 services)
2025-01-29 14:03:06,821 INFO c.h.h.t.HelmChartContainer - [hivemq-test-hivemq-platform] [hivemq-platform-operator] [12b7a3f9] 14:03:06.820 [pool-6-thread-35] DEBUG c.h.p.o.dependants.PodInfoConfigMap - [helmupgr] Desired PodInfo ConfigMap (1 extensions) (1 enabled)
2025-01-29 14:03:06,878 INFO c.h.h.t.HelmChartContainer - [hivemq-test-hivemq-platform] [hivemq-platform-operator] [12b7a3f9] 14:03:06.877 [pool-6-thread-35] DEBUG c.h.p.o.dependants.PodInfoConfigMap - [helmupgr] Desired PodInfo ConfigMap (metrics port: 9399) (metrics path: /)
2025-01-29 14:03:06,879 INFO c.h.h.t.HelmChartContainer - [hivemq-test-hivemq-platform] [hivemq-platform-operator] [12b7a3f9] 14:03:06.877 [pool-6-thread-35] DEBUG c.h.p.o.dependants.PodInfoConfigMap - [helmupgr] Desired PodInfo ConfigMap (extension state hash: -787112544)
2025-01-29 14:03:06,882 INFO c.h.h.t.HelmChartContainer - [hivemq-test-hivemq-platform] [hivemq-platform-operator] [12b7a3f9] 14:03:06.879 [pool-6-thread-35] DEBUG c.h.p.o.d.PodServiceAccountResource - [helmupgr] Desired PodServiceAccountResource (serviceAccountName: hivemq-platform-pod-test-hivemq-platform)
2025-01-29 14:03:06,882 INFO c.h.h.t.HelmChartContainer - [hivemq-test-hivemq-platform] [hivemq-platform-operator] [12b7a3f9] 14:03:06.881 [pool-6-thread-40] DEBUG c.h.p.o.d.StatefulSetResource - [helmupgr] Desired StatefulSet (1 replicas) for status ROLLING_RESTART (SCALE_DOWN_IN_PROGRESS)
2025-01-29 14:03:06,885 INFO c.h.h.t.HelmChartContainer - [hivemq-test-hivemq-platform] [hivemq-platform-operator] [12b7a3f9] 14:03:06.883 [ReconcilerExecutor-hivemq-controller-77] INFO  c.h.p.o.HiveMQPlatformReconciler - [helmupgr] Reconciling HiveMQ Platform 'test-hivemq-platform' in namespace 'helmupgradeextensionit'
2025-01-29 14:03:06,886 INFO c.h.h.t.HelmChartContainer - [hivemq-test-hivemq-platform] [hivemq-platform-operator] [12b7a3f9] 14:03:06.883 [ReconcilerExecutor-hivemq-controller-77] DEBUG c.h.p.o.HiveMQPlatformReconciler - [helmupgr] Custom Resource Status ROLLING_RESTART - HiveMQ Platform is stopping the surge Pod (rolling restart) (SCALE_DOWN_IN_PROGRESS)
2025-01-29 14:03:06,886 INFO c.h.h.t.HelmChartContainer - [hivemq-test-hivemq-platform] [hivemq-platform-operator] [12b7a3f9] 14:03:06.883 [ReconcilerExecutor-hivemq-controller-77] DEBUG c.h.p.o.HiveMQPlatformReconciler - [helmupgr] Custom Resource Spec (replicas: 1) (extensions: 1)
2025-01-29 14:03:06,886 INFO c.h.h.t.HelmChartContainer - [hivemq-test-hivemq-platform] [hivemq-platform-operator] [12b7a3f9] 14:03:06.885 [ReconcilerExecutor-hivemq-controller-77] DEBUG c.h.p.o.HiveMQPlatformReconciler - [helmupgr] StatefulSet Status (revision: test-hivemq-platform-7c6d7d4d7b, replicas: 2, available: 1, ready: 1, current: 0, updated: 1)
2025-01-29 14:03:06,886 INFO c.h.h.t.HelmChartContainer - [hivemq-test-hivemq-platform] [hivemq-platform-operator] [12b7a3f9] 14:03:06.886 [ReconcilerExecutor-hivemq-controller-77] DEBUG c.h.p.o.HiveMQPlatformReconciler - [helmupgr] StatefulSet Spec (replicas: 1, init containers: 1, containers: 1, volumes: 4)
2025-01-29 14:03:06,887 INFO c.h.h.t.HelmChartContainer - [K3S] [reconciler_common.go:162] "operationExecutor.UnmountVolume started for volume \"operator-init\" (UniqueName: \"kubernetes.io/empty-dir/1b85ee1f-7130-415e-b566-295a97bb02cb-operator-init\") pod \"1b85ee1f-7130-415e-b566-295a97bb02cb\" (UID: \"1b85ee1f-7130-415e-b566-295a97bb02cb\") "
2025-01-29 14:03:06,888 INFO c.h.h.t.HelmChartContainer - [K3S] [reconciler_common.go:162] "operationExecutor.UnmountVolume started for volume \"kube-api-access-ljtdm\" (UniqueName: \"kubernetes.io/projected/1b85ee1f-7130-415e-b566-295a97bb02cb-kube-api-access-ljtdm\") pod \"1b85ee1f-7130-415e-b566-295a97bb02cb\" (UID: \"1b85ee1f-7130-415e-b566-295a97bb02cb\") "
2025-01-29 14:03:06,889 INFO c.h.h.t.HelmChartContainer - [K3S] [reconciler_common.go:162] "operationExecutor.UnmountVolume started for volume \"extension-configuration-hivemq-bridge-extension\" (UniqueName: \"kubernetes.io/configmap/1b85ee1f-7130-415e-b566-295a97bb02cb-extension-configuration-hivemq-bridge-extension\") pod \"1b85ee1f-7130-415e-b566-295a97bb02cb\" (UID: \"1b85ee1f-7130-415e-b566-295a97bb02cb\") "
2025-01-29 14:03:06,889 INFO c.h.h.t.HelmChartContainer - [K3S] [reconciler_common.go:162] "operationExecutor.UnmountVolume started for volume \"pod-info\" (UniqueName: \"kubernetes.io/configmap/1b85ee1f-7130-415e-b566-295a97bb02cb-pod-info\") pod \"1b85ee1f-7130-415e-b566-295a97bb02cb\" (UID: \"1b85ee1f-7130-415e-b566-295a97bb02cb\") "
2025-01-29 14:03:06,889 INFO c.h.h.t.HelmChartContainer - [K3S] [reconciler_common.go:162] "operationExecutor.UnmountVolume started for volume \"broker-configuration\" (UniqueName: \"kubernetes.io/configmap/1b85ee1f-7130-415e-b566-295a97bb02cb-broker-configuration\") pod \"1b85ee1f-7130-415e-b566-295a97bb02cb\" (UID: \"1b85ee1f-7130-415e-b566-295a97bb02cb\") "
2025-01-29 14:03:06,890 INFO c.h.h.t.HelmChartContainer - [hivemq-test-hivemq-platform] [hivemq-platform-operator] [12b7a3f9] 14:03:06.889 [ReconcilerExecutor-hivemq-controller-77] DEBUG c.h.p.o.h.HiveMQPlatformReconcilerErrorHandler - [helmupgr] Pod 'test-hivemq-platform-0' phase Running
2025-01-29 14:03:06,891 INFO c.h.h.t.HelmChartContainer - [hivemq-test-hivemq-platform] [hivemq-platform-operator] [12b7a3f9] 14:03:06.890 [ReconcilerExecutor-hivemq-controller-77] INFO  c.h.p.o.h.HiveMQPlatformReconcilerRollingRestartHandler - [helmupgr] Rolling restart is done
2025-01-29 14:03:06,944 INFO c.h.h.t.HelmChartContainer - [K3S] [scope.go:117] "RemoveContainer" containerID="66f191480e35bd511b4d741c88732695faf6cd02014dfac54374580dcc304583"
2025-01-29 14:03:06,960 INFO c.h.h.t.HelmChartContainer - [POD] test-hivemq-platform-1 [1b85ee1f-7130-415e-b566-295a97bb02cb] in helmupgradeextensionit was MODIFIED
2025-01-29 14:03:06,964 INFO c.h.h.t.HelmChartContainer - [POD] test-hivemq-platform-1 [1b85ee1f-7130-415e-b566-295a97bb02cb] in helmupgradeextensionit was DELETED
2025-01-29 14:03:06,985 INFO c.h.h.t.HelmChartContainer - [EVENT] Normal [Ready] HiveMQ Platform is ready [helmupgradeextensionit:test-hivemq-platform]
2025-01-29 14:03:06,988 INFO c.h.h.t.HelmChartContainer - [K3S] [reconciler_common.go:299] "Volume detached for volume \"kube-api-access-ljtdm\" (UniqueName: \"kubernetes.io/projected/1b85ee1f-7130-415e-b566-295a97bb02cb-kube-api-access-ljtdm\") on node \"3f7c43f3fa7a\" DevicePath \"\""
2025-01-29 14:03:06,989 INFO c.h.h.t.HelmChartContainer - [K3S] [reconciler_common.go:299] "Volume detached for volume \"extension-configuration-hivemq-bridge-extension\" (UniqueName: \"kubernetes.io/configmap/1b85ee1f-7130-415e-b566-295a97bb02cb-extension-configuration-hivemq-bridge-extension\") on node \"3f7c43f3fa7a\" DevicePath \"\""
2025-01-29 14:03:06,989 INFO c.h.h.t.HelmChartContainer - [K3S] [reconciler_common.go:299] "Volume detached for volume \"operator-init\" (UniqueName: \"kubernetes.io/empty-dir/1b85ee1f-7130-415e-b566-295a97bb02cb-operator-init\") on node \"3f7c43f3fa7a\" DevicePath \"\""
2025-01-29 14:03:06,989 INFO c.h.h.t.HelmChartContainer - [K3S] [reconciler_common.go:299] "Volume detached for volume \"pod-info\" (UniqueName: \"kubernetes.io/configmap/1b85ee1f-7130-415e-b566-295a97bb02cb-pod-info\") on node \"3f7c43f3fa7a\" DevicePath \"\""
2025-01-29 14:03:06,989 INFO c.h.h.t.HelmChartContainer - [K3S] [reconciler_common.go:299] "Volume detached for volume \"broker-configuration\" (UniqueName: \"kubernetes.io/configmap/1b85ee1f-7130-415e-b566-295a97bb02cb-broker-configuration\") on node \"3f7c43f3fa7a\" DevicePath \"\""
2025-01-29 14:03:06,990 INFO c.h.h.t.HelmChartContainer - [hivemq-test-hivemq-platform] [hivemq-platform-operator] [12b7a3f9] 14:03:06.987 [ReconcilerExecutor-hivemq-controller-77] DEBUG c.h.p.operator.event.EventSender - [helmupgr] Updating K8s event hivemq-platform-ready: [Ready] HiveMQ Platform is ready
2025-01-29 14:03:06,990 INFO c.h.h.t.HelmChartContainer - [hivemq-test-hivemq-platform] [hivemq-platform-operator] [12b7a3f9] 14:03:06.987 [ReconcilerExecutor-hivemq-controller-77] INFO  c.h.p.o.h.AbstractHiveMQReconcilerStateHandler - [helmupgr] Update HiveMQ Platform Status (ROLLING_RESTART [SCALE_DOWN_IN_PROGRESS] -> RUNNING [READY]): HiveMQ Platform is ready
2025-01-29 14:03:07,001 DEBUG com.hivemq.helmcharts.util.K8sUtil - Comparing actual state 'RUNNING' and waiting for 'RUNNING'
2025-01-29 14:03:07,012 INFO c.h.h.t.HelmChartContainer - [hivemq-test-hivemq-platform] [hivemq-platform-operator] [12b7a3f9] 14:03:07.008 [pool-6-thread-45] DEBUG c.h.p.o.d.PlatformServiceResource - [helmupgr] Desired Platform services (3 services)
2025-01-29 14:03:07,017 INFO c.h.h.t.HelmChartContainer - [hivemq-test-hivemq-platform] [hivemq-platform-operator] [12b7a3f9] 14:03:07.012 [pool-6-thread-43] DEBUG c.h.p.o.dependants.PodInfoConfigMap - [helmupgr] Desired PodInfo ConfigMap (1 extensions) (1 enabled)
2025-01-29 14:03:07,017 INFO c.h.h.t.HelmChartContainer - [hivemq-test-hivemq-platform] [hivemq-platform-operator] [12b7a3f9] 14:03:07.012 [pool-6-thread-43] DEBUG c.h.p.o.dependants.PodInfoConfigMap - [helmupgr] Desired PodInfo ConfigMap (metrics port: 9399) (metrics path: /)
2025-01-29 14:03:07,017 INFO c.h.h.t.HelmChartContainer - [hivemq-test-hivemq-platform] [hivemq-platform-operator] [12b7a3f9] 14:03:07.012 [pool-6-thread-43] DEBUG c.h.p.o.dependants.PodInfoConfigMap - [helmupgr] Desired PodInfo ConfigMap (extension state hash: -787112544)
2025-01-29 14:03:07,018 INFO c.h.h.t.HelmChartContainer - [hivemq-test-hivemq-platform] [hivemq-platform-operator] [12b7a3f9] 14:03:07.015 [pool-6-thread-43] DEBUG c.h.p.o.dependants.PodInfoConfigMap - [helmupgr] Update PodInfo ConfigMap
2025-01-29 14:03:07,019 INFO c.h.h.t.HelmChartContainer - [hivemq-test-hivemq-platform] [hivemq-platform-operator] [12b7a3f9] 14:03:07.017 [pool-6-thread-50] DEBUG c.h.p.o.d.PodServiceAccountResource - [helmupgr] Desired PodServiceAccountResource (serviceAccountName: hivemq-platform-pod-test-hivemq-platform)
2025-01-29 14:03:07,033 INFO c.h.h.t.HelmChartContainer - [hivemq-test-hivemq-platform] [hivemq-platform-operator] [12b7a3f9] 14:03:07.031 [pool-6-thread-43] DEBUG c.h.p.o.d.StatefulSetResource - [helmupgr] Desired StatefulSet (1 replicas) for status RUNNING (READY)
2025-01-29 14:03:07,081 INFO c.h.h.t.HelmChartContainer - [hivemq-test-hivemq-platform] [hivemq-platform-operator] [12b7a3f9] 14:03:07.080 [ReconcilerExecutor-hivemq-controller-77] INFO  c.h.p.o.HiveMQPlatformReconciler - [helmupgr] Reconciling HiveMQ Platform 'test-hivemq-platform' in namespace 'helmupgradeextensionit'
2025-01-29 14:03:07,081 INFO c.h.h.t.HelmChartContainer - [hivemq-test-hivemq-platform] [hivemq-platform-operator] [12b7a3f9] 14:03:07.080 [ReconcilerExecutor-hivemq-controller-77] DEBUG c.h.p.o.HiveMQPlatformReconciler - [helmupgr] Custom Resource Status RUNNING - HiveMQ Platform is ready (READY)
2025-01-29 14:03:07,084 INFO c.h.h.t.HelmChartContainer - [hivemq-test-hivemq-platform] [hivemq-platform-operator] [12b7a3f9] 14:03:07.080 [ReconcilerExecutor-hivemq-controller-77] DEBUG c.h.p.o.HiveMQPlatformReconciler - [helmupgr] Custom Resource Spec (replicas: 1) (extensions: 1)
2025-01-29 14:03:07,088 INFO c.h.h.t.HelmChartContainer - [K3S] [scope.go:117] "RemoveContainer" containerID="1658b03ff6baaa1af2fa9c7524bba7482198cddd4ee84b844282a0675aa52130"
2025-01-29 14:03:07,090 INFO c.h.h.t.HelmChartContainer - [hivemq-test-hivemq-platform] [hivemq-platform-operator] [12b7a3f9] 14:03:07.084 [ReconcilerExecutor-hivemq-controller-77] DEBUG c.h.p.o.HiveMQPlatformReconciler - [helmupgr] StatefulSet Status (revision: test-hivemq-platform-7c6d7d4d7b, replicas: 1, available: 1, ready: 1, current: 0, updated: 1)
2025-01-29 14:03:07,090 INFO c.h.h.t.HelmChartContainer - [hivemq-test-hivemq-platform] [hivemq-platform-operator] [12b7a3f9] 14:03:07.085 [ReconcilerExecutor-hivemq-controller-77] DEBUG c.h.p.o.HiveMQPlatformReconciler - [helmupgr] StatefulSet Spec (replicas: 1, init containers: 1, containers: 1, volumes: 4)
2025-01-29 14:03:07,090 INFO c.h.h.t.HelmChartContainer - [hivemq-test-hivemq-platform] [hivemq-platform-operator] [12b7a3f9] 14:03:07.087 [ReconcilerExecutor-hivemq-controller-77] DEBUG c.h.p.o.h.HiveMQPlatformReconcilerErrorHandler - [helmupgr] Pod 'test-hivemq-platform-0' phase Running
2025-01-29 14:03:07,094 INFO c.h.h.t.HelmChartContainer - [K3S] [scope.go:117] "RemoveContainer" containerID="66f191480e35bd511b4d741c88732695faf6cd02014dfac54374580dcc304583"
2025-01-29 14:03:07,095 INFO c.h.h.t.HelmChartContainer - [K3S] [scope.go:117] "RemoveContainer" containerID="1658b03ff6baaa1af2fa9c7524bba7482198cddd4ee84b844282a0675aa52130"
2025-01-29 14:03:07,167 INFO c.h.h.t.HelmChartContainer - [K3S] [kubelet_volumes.go:163] "Cleaned up orphaned pod volumes dir" podUID="1b85ee1f-7130-415e-b566-295a97bb02cb" path="/var/lib/kubelet/pods/1b85ee1f-7130-415e-b566-295a97bb02cb/volumes"
2025-01-29 14:03:11,028 INFO c.h.h.t.HelmChartContainer - Uninstalling release 'test-hivemq-platform' in namespace 'helmupgradeextensionit'...
2025-01-29 14:03:11,028 DEBUG c.h.h.t.HelmChartContainer - Executing helm command: /bin/helm --kubeconfig /etc/rancher/k3s/k3s.yaml uninstall test-hivemq-platform  --wait --timeout 5m0s --cascade foreground --namespace helmupgradeextensionit
2025-01-29 14:03:11,238 INFO c.h.h.t.HelmChartContainer - [hivemq-test-hivemq-platform] [hivemq-platform-operator] [12b7a3f9] 14:03:11.230 [pool-6-thread-6] DEBUG c.h.p.o.d.PlatformServiceResource - [helmupgr] Desired Platform services (3 services)
2025-01-29 14:03:11,238 INFO c.h.h.t.HelmChartContainer - [hivemq-test-hivemq-platform] [hivemq-platform-operator] [12b7a3f9] 14:03:11.231 [pool-6-thread-7] DEBUG c.h.p.o.dependants.PodInfoConfigMap - [helmupgr] Desired PodInfo ConfigMap (1 extensions) (1 enabled)
2025-01-29 14:03:11,238 INFO c.h.h.t.HelmChartContainer - [hivemq-test-hivemq-platform] [hivemq-platform-operator] [12b7a3f9] 14:03:11.231 [pool-6-thread-7] DEBUG c.h.p.o.dependants.PodInfoConfigMap - [helmupgr] Desired PodInfo ConfigMap (metrics port: 9399) (metrics path: /)
2025-01-29 14:03:11,238 INFO c.h.h.t.HelmChartContainer - [hivemq-test-hivemq-platform] [hivemq-platform-operator] [12b7a3f9] 14:03:11.231 [pool-6-thread-7] DEBUG c.h.p.o.dependants.PodInfoConfigMap - [helmupgr] Desired PodInfo ConfigMap (extension state hash: -787112544)
2025-01-29 14:03:11,238 INFO c.h.h.t.HelmChartContainer - [hivemq-test-hivemq-platform] [hivemq-platform-operator] [12b7a3f9] 14:03:11.232 [pool-6-thread-6] DEBUG c.h.p.o.d.PodServiceAccountResource - [helmupgr] Desired PodServiceAccountResource (serviceAccountName: hivemq-platform-pod-test-hivemq-platform)
2025-01-29 14:03:11,240 INFO c.h.h.t.HelmChartContainer - [hivemq-test-hivemq-platform] [hivemq-platform-operator] [12b7a3f9] 14:03:11.235 [pool-6-thread-7] DEBUG c.h.p.o.d.StatefulSetResource - [helmupgr] Desired StatefulSet (1 replicas) for status RUNNING (READY)
2025-01-29 14:03:11,242 INFO c.h.h.t.HelmChartContainer - [hivemq-test-hivemq-platform] [hivemq-platform-operator] [12b7a3f9] 14:03:11.237 [ReconcilerExecutor-hivemq-controller-110] INFO  c.h.p.o.HiveMQPlatformReconciler - [helmupgr] Reconciling HiveMQ Platform 'test-hivemq-platform' in namespace 'helmupgradeextensionit'
2025-01-29 14:03:11,242 INFO c.h.h.t.HelmChartContainer - [hivemq-test-hivemq-platform] [hivemq-platform-operator] [12b7a3f9] 14:03:11.237 [ReconcilerExecutor-hivemq-controller-110] DEBUG c.h.p.o.HiveMQPlatformReconciler - [helmupgr] Custom Resource Status RUNNING - HiveMQ Platform is ready (READY)
2025-01-29 14:03:11,242 INFO c.h.h.t.HelmChartContainer - [hivemq-test-hivemq-platform] [hivemq-platform-operator] [12b7a3f9] 14:03:11.237 [ReconcilerExecutor-hivemq-controller-110] DEBUG c.h.p.o.HiveMQPlatformReconciler - [helmupgr] Custom Resource Spec (replicas: 1) (extensions: 1)
2025-01-29 14:03:11,242 INFO c.h.h.t.HelmChartContainer - [hivemq-test-hivemq-platform] [hivemq-platform-operator] [12b7a3f9] 14:03:11.238 [ReconcilerExecutor-hivemq-controller-110] DEBUG c.h.p.o.HiveMQPlatformReconciler - [helmupgr] StatefulSet Status (revision: test-hivemq-platform-7c6d7d4d7b, replicas: 1, available: 1, ready: 1, current: 0, updated: 1)
2025-01-29 14:03:11,243 INFO c.h.h.t.HelmChartContainer - [hivemq-test-hivemq-platform] [hivemq-platform-operator] [12b7a3f9] 14:03:11.238 [ReconcilerExecutor-hivemq-controller-110] DEBUG c.h.p.o.HiveMQPlatformReconciler - [helmupgr] StatefulSet Spec (replicas: 1, init containers: 1, containers: 1, volumes: 4)
2025-01-29 14:03:11,243 INFO c.h.h.t.HelmChartContainer - [hivemq-test-hivemq-platform] [hivemq-platform-operator] [12b7a3f9] 14:03:11.239 [ReconcilerExecutor-hivemq-controller-110] DEBUG c.h.p.o.h.HiveMQPlatformReconcilerErrorHandler - [helmupgr] Pod 'test-hivemq-platform-0' phase Running
2025-01-29 14:03:11,248 INFO c.h.h.t.HelmChartContainer - [hivemq-test-hivemq-platform] [hivemq-platform-operator] [12b7a3f9] 14:03:11.243 [ReconcilerExecutor-hivemq-controller-110] INFO  c.h.p.o.HiveMQPlatformReconciler - [helmupgr] Cleanup test-hivemq-platform - helmupgradeextensionit HiveMQ Platform is shut down
2025-01-29 14:03:11,915 INFO c.h.h.t.HelmChartContainer - [POD] test-hivemq-platform-0 [6511a145-f4a5-46e4-a326-521f0e6b62bc] in helmupgradeextensionit was MODIFIED
2025-01-29 14:03:11,920 INFO c.h.h.t.HelmChartContainer - [EVENT] Normal [Killing] Stopping container hivemq [helmupgradeextensionit:test-hivemq-platform-0]
2025-01-29 14:03:11,921 INFO c.h.h.t.HelmChartContainer - Received Killing event for container hivemq in pod test-hivemq-platform-0 [6511a145-f4a5-46e4-a326-521f0e6b62bc]
2025-01-29 14:03:11,921 INFO c.h.h.t.HelmChartContainer - Container [test-hivemq-platform-0] [hivemq] [6511a145-f4a5-46e4-a326-521f0e6b62bc] was terminated
2025-01-29 14:03:11,921 INFO c.h.h.t.HelmChartContainer - Stopped log watcher for hivemq in pod test-hivemq-platform-0 [6511a145-f4a5-46e4-a326-521f0e6b62bc]
2025-01-29 14:03:11,932 INFO c.h.h.t.HelmChartContainer - [test-hivemq-platform] [hivemq] [6511a145] INFO  - [HiveMQ Platform Operator Init App 1.7.0-SNAPSHOT] Shutting down
2025-01-29 14:03:11,932 INFO c.h.h.t.HelmChartContainer - [test-hivemq-platform] [hivemq] [6511a145] INFO  - [HiveMQ Platform Operator Init App 1.7.0-SNAPSHOT] Stopping the HiveMQ Platform
2025-01-29 14:03:12,066 INFO c.h.h.t.HelmChartContainer - [test-hivemq-platform] [hivemq] [6511a145] INFO  - Shutting down HiveMQ. Please wait, this could take a while...
2025-01-29 14:03:12,134 INFO c.h.h.t.HelmChartContainer - [test-hivemq-platform] [hivemq] [6511a145] INFO  - Shutting down listeners and clients
2025-01-29 14:03:12,136 INFO c.h.h.t.HelmChartContainer - [test-hivemq-platform] [hivemq] [6511a145] INFO  - Shutdown of listeners is done
2025-01-29 14:03:12,136 INFO c.h.h.t.HelmChartContainer - [test-hivemq-platform] [hivemq] [6511a145] INFO  - No clients are connected, proceeding with shutdown
2025-01-29 14:03:13,343 INFO c.h.h.t.HelmChartContainer - Deleting namespace 'helmupgradeextensionit'...
2025-01-29 14:03:15,037 INFO c.h.h.t.HelmChartContainer - [test-hivemq-platform] [hivemq] [6511a145] INFO  - Shutting down extension system
2025-01-29 14:03:15,041 INFO c.h.h.t.HelmChartContainer - [test-hivemq-platform] [hivemq] [6511a145] INFO  - Stopping extension with id hivemq-dns-cluster-discovery
2025-01-29 14:03:15,042 INFO c.h.h.t.HelmChartContainer - [test-hivemq-platform] [hivemq] [6511a145] INFO  - Extension "DNS Cluster Discovery Extension" version 4.3.2 stopped successfully.
2025-01-29 14:03:15,042 INFO c.h.h.t.HelmChartContainer - [test-hivemq-platform] [hivemq] [6511a145] INFO  - Stopping extension with id hivemq-bridge-extension
2025-01-29 14:03:15,044 INFO c.h.h.t.HelmChartContainer - [test-hivemq-platform] [hivemq] [6511a145] INFO  - Bridge Extension: Stopping extension
2025-01-29 14:03:15,052 INFO c.h.h.t.HelmChartContainer - [test-hivemq-platform] [hivemq] [6511a145] ERROR - Bridge Extension: Error when disconnecting client "testbridge-0-fb5cf0e7-632e-43ac-9d2f-290b856fb2dc". Reason: MQTT client is not connected.
2025-01-29 14:03:15,053 INFO c.h.h.t.HelmChartContainer - [test-hivemq-platform] [hivemq] [6511a145] ERROR - Bridge Extension: Error when disconnecting client "testbridge-1-fb5cf0e7-632e-43ac-9d2f-290b856fb2dc". Reason: MQTT client is not connected.
2025-01-29 14:03:15,053 INFO c.h.h.t.HelmChartContainer - [test-hivemq-platform] [hivemq] [6511a145] INFO  - Extension "HiveMQ Enterprise Bridge Extension" version 4.36.0 stopped successfully.
2025-01-29 14:03:15,053 INFO c.h.h.t.HelmChartContainer - [test-hivemq-platform] [hivemq] [6511a145] INFO  - Stopping extension with id hivemq-prometheus-extension
2025-01-29 14:03:15,057 INFO c.h.h.t.HelmChartContainer - [test-hivemq-platform] [hivemq] [6511a145] INFO  - Extension "Prometheus Monitoring Extension" version 4.0.12 stopped successfully.
2025-01-29 14:03:15,057 INFO c.h.h.t.HelmChartContainer - [test-hivemq-platform] [hivemq] [6511a145] INFO  - Stopping extension with id hivemq-allow-all-extension
2025-01-29 14:03:15,057 INFO c.h.h.t.HelmChartContainer - [test-hivemq-platform] [hivemq] [6511a145] INFO  - Extension "Allow All Extension" version 1.1.1 stopped successfully.
2025-01-29 14:03:15,084 INFO c.h.h.t.HelmChartContainer - [test-hivemq-platform] [hivemq] [6511a145] INFO  - [HiveMQ Platform Operator Init App 1.7.0-SNAPSHOT] Returning shutdown Health API response 503 for readiness
2025-01-29 14:03:15,089 INFO c.h.h.t.HelmChartContainer - [EVENT] Warning [Unhealthy] Readiness probe failed: HTTP probe failed with statuscode: 503 [helmupgradeextensionit:test-hivemq-platform-0]
2025-01-29 14:03:15,089 INFO c.h.h.t.HelmChartContainer - Received Unhealthy event for container hivemq in pod test-hivemq-platform-0 [6511a145-f4a5-46e4-a326-521f0e6b62bc]
2025-01-29 14:03:15,709 INFO c.h.h.t.HelmChartContainer - [K3S] [authentication.go:74] "Unable to authenticate the request" err="[invalid bearer token, serviceaccounts \"hivemq-platform-pod-test-hivemq-platform\" not found]"
2025-01-29 14:03:15,726 INFO c.h.h.t.HelmChartContainer - [K3S] [authentication.go:74] "Unable to authenticate the request" err="[invalid bearer token, serviceaccounts \"hivemq-platform-pod-test-hivemq-platform\" not found]"
2025-01-29 14:03:15,777 INFO c.h.h.t.HelmChartContainer - [test-hivemq-platform] [hivemq] [6511a145] WARN  - [HiveMQ Platform Operator Init App 1.7.0-SNAPSHOT] Could not update Pod annotations: Failure executing: GET at: https://10.43.0.1:443/api/v1/namespaces/helmupgradeextensionit/pods/test-hivemq-platform-0. Message: Unauthorized. Received status: Status(apiVersion=v1, code=401, details=null, kind=Status, message=Unauthorized, metadata=ListMeta(_continue=null, remainingItemCount=null, resourceVersion=null, selfLink=null, additionalProperties={}), reason=Unauthorized, status=Failure, additionalProperties={}).
2025-01-29 14:03:17,386 INFO c.h.h.t.HelmChartContainer - [test-hivemq-platform] [hivemq] [6511a145] INFO  - Shutdown completed.
2025-01-29 14:03:17,747 INFO c.h.h.t.HelmChartContainer - [test-hivemq-platform] [hivemq] [6511a145] INFO  - [HiveMQ Platform Operator Init App 1.7.0-SNAPSHOT] The HiveMQ Platform exited with code 143
2025-01-29 14:03:17,747 INFO c.h.h.t.HelmChartContainer - [test-hivemq-platform] [hivemq] [6511a145] INFO  - [HiveMQ Platform Operator Init App 1.7.0-SNAPSHOT] Stopping the REST API
2025-01-29 14:03:17,767 INFO c.h.h.t.HelmChartContainer - [test-hivemq-platform] [hivemq] [6511a145] INFO  - [HiveMQ Platform Operator Init App 1.7.0-SNAPSHOT] Shutdown complete
2025-01-29 14:03:18,249 INFO c.h.h.t.HelmChartContainer - [POD] test-hivemq-platform-0 [6511a145-f4a5-46e4-a326-521f0e6b62bc] in helmupgradeextensionit was MODIFIED
2025-01-29 14:03:18,250 INFO c.h.h.t.HelmChartContainer - [K3S] [stateful_set.go:438] "Unhandled Error" err="error syncing StatefulSet helmupgradeextensionit/test-hivemq-platform, requeuing: controllerrevisions.apps \"test-hivemq-platform-7c6d7d4d7b\" is forbidden: unable to create new content in namespace helmupgradeextensionit because it is being terminated"
2025-01-29 14:03:18,255 INFO c.h.h.t.HelmChartContainer - [K3S] [reconciler_common.go:162] "operationExecutor.UnmountVolume started for volume \"operator-init\" (UniqueName: \"kubernetes.io/empty-dir/6511a145-f4a5-46e4-a326-521f0e6b62bc-operator-init\") pod \"6511a145-f4a5-46e4-a326-521f0e6b62bc\" (UID: \"6511a145-f4a5-46e4-a326-521f0e6b62bc\") "
2025-01-29 14:03:18,255 INFO c.h.h.t.HelmChartContainer - [K3S] [reconciler_common.go:162] "operationExecutor.UnmountVolume started for volume \"pod-info\" (UniqueName: \"kubernetes.io/configmap/6511a145-f4a5-46e4-a326-521f0e6b62bc-pod-info\") pod \"6511a145-f4a5-46e4-a326-521f0e6b62bc\" (UID: \"6511a145-f4a5-46e4-a326-521f0e6b62bc\") "
2025-01-29 14:03:18,255 INFO c.h.h.t.HelmChartContainer - [K3S] [reconciler_common.go:162] "operationExecutor.UnmountVolume started for volume \"kube-api-access-nmrb9\" (UniqueName: \"kubernetes.io/projected/6511a145-f4a5-46e4-a326-521f0e6b62bc-kube-api-access-nmrb9\") pod \"6511a145-f4a5-46e4-a326-521f0e6b62bc\" (UID: \"6511a145-f4a5-46e4-a326-521f0e6b62bc\") "
2025-01-29 14:03:18,255 INFO c.h.h.t.HelmChartContainer - [K3S] [reconciler_common.go:162] "operationExecutor.UnmountVolume started for volume \"extension-configuration-hivemq-bridge-extension\" (UniqueName: \"kubernetes.io/configmap/6511a145-f4a5-46e4-a326-521f0e6b62bc-extension-configuration-hivemq-bridge-extension\") pod \"6511a145-f4a5-46e4-a326-521f0e6b62bc\" (UID: \"6511a145-f4a5-46e4-a326-521f0e6b62bc\") "
2025-01-29 14:03:18,255 INFO c.h.h.t.HelmChartContainer - [K3S] [reconciler_common.go:162] "operationExecutor.UnmountVolume started for volume \"broker-configuration\" (UniqueName: \"kubernetes.io/configmap/6511a145-f4a5-46e4-a326-521f0e6b62bc-broker-configuration\") pod \"6511a145-f4a5-46e4-a326-521f0e6b62bc\" (UID: \"6511a145-f4a5-46e4-a326-521f0e6b62bc\") "
2025-01-29 14:03:18,258 INFO c.h.h.t.HelmChartContainer - [K3S] [stateful_set.go:438] "Unhandled Error" err="error syncing StatefulSet helmupgradeextensionit/test-hivemq-platform, requeuing: controllerrevisions.apps \"test-hivemq-platform-7c6d7d4d7b\" is forbidden: unable to create new content in namespace helmupgradeextensionit because it is being terminated"
2025-01-29 14:03:18,272 INFO c.h.h.t.HelmChartContainer - [K3S] [stateful_set.go:438] "Unhandled Error" err="error syncing StatefulSet helmupgradeextensionit/test-hivemq-platform, requeuing: controllerrevisions.apps \"test-hivemq-platform-7c6d7d4d7b\" is forbidden: unable to create new content in namespace helmupgradeextensionit because it is being terminated"
2025-01-29 14:03:18,295 INFO c.h.h.t.HelmChartContainer - [K3S] [stateful_set.go:438] "Unhandled Error" err="error syncing StatefulSet helmupgradeextensionit/test-hivemq-platform, requeuing: controllerrevisions.apps \"test-hivemq-platform-7c6d7d4d7b\" is forbidden: unable to create new content in namespace helmupgradeextensionit because it is being terminated"
2025-01-29 14:03:18,339 INFO c.h.h.t.HelmChartContainer - [K3S] [stateful_set.go:438] "Unhandled Error" err="error syncing StatefulSet helmupgradeextensionit/test-hivemq-platform, requeuing: controllerrevisions.apps \"test-hivemq-platform-7c6d7d4d7b\" is forbidden: unable to create new content in namespace helmupgradeextensionit because it is being terminated"
2025-01-29 14:03:18,355 INFO c.h.h.t.HelmChartContainer - [K3S] [reconciler_common.go:299] "Volume detached for volume \"operator-init\" (UniqueName: \"kubernetes.io/empty-dir/6511a145-f4a5-46e4-a326-521f0e6b62bc-operator-init\") on node \"3f7c43f3fa7a\" DevicePath \"\""
2025-01-29 14:03:18,355 INFO c.h.h.t.HelmChartContainer - [K3S] [reconciler_common.go:299] "Volume detached for volume \"pod-info\" (UniqueName: \"kubernetes.io/configmap/6511a145-f4a5-46e4-a326-521f0e6b62bc-pod-info\") on node \"3f7c43f3fa7a\" DevicePath \"\""
2025-01-29 14:03:18,355 INFO c.h.h.t.HelmChartContainer - [K3S] [reconciler_common.go:299] "Volume detached for volume \"kube-api-access-nmrb9\" (UniqueName: \"kubernetes.io/projected/6511a145-f4a5-46e4-a326-521f0e6b62bc-kube-api-access-nmrb9\") on node \"3f7c43f3fa7a\" DevicePath \"\""
2025-01-29 14:03:18,355 INFO c.h.h.t.HelmChartContainer - [K3S] [reconciler_common.go:299] "Volume detached for volume \"extension-configuration-hivemq-bridge-extension\" (UniqueName: \"kubernetes.io/configmap/6511a145-f4a5-46e4-a326-521f0e6b62bc-extension-configuration-hivemq-bridge-extension\") on node \"3f7c43f3fa7a\" DevicePath \"\""
2025-01-29 14:03:18,355 INFO c.h.h.t.HelmChartContainer - [K3S] [reconciler_common.go:299] "Volume detached for volume \"broker-configuration\" (UniqueName: \"kubernetes.io/configmap/6511a145-f4a5-46e4-a326-521f0e6b62bc-broker-configuration\") on node \"3f7c43f3fa7a\" DevicePath \"\""
2025-01-29 14:03:18,362 INFO c.h.h.t.HelmChartContainer - [K3S] [stateful_set.go:466] "StatefulSet has been deleted" key="helmupgradeextensionit/test-hivemq-platform"
2025-01-29 14:03:18,421 INFO c.h.h.t.HelmChartContainer - [K3S] [stateful_set.go:466] "StatefulSet has been deleted" key="helmupgradeextensionit/test-hivemq-platform"
2025-01-29 14:03:18,556 INFO c.h.h.t.HelmChartContainer - [K3S] [namespace_controller.go:164] "Unhandled Error" err="deletion of namespace helmupgradeextensionit failed: unexpected items still remain in namespace: helmupgradeextensionit for gvr: /v1, Resource=pods"
2025-01-29 14:03:18,729 INFO c.h.h.t.HelmChartContainer - [K3S] [namespace_controller.go:164] "Unhandled Error" err="deletion of namespace helmupgradeextensionit failed: unexpected items still remain in namespace: helmupgradeextensionit for gvr: /v1, Resource=pods"
2025-01-29 14:03:18,827 INFO c.h.h.t.HelmChartContainer - [K3S] [namespace_controller.go:164] "Unhandled Error" err="deletion of namespace helmupgradeextensionit failed: unexpected items still remain in namespace: helmupgradeextensionit for gvr: /v1, Resource=pods"
2025-01-29 14:03:18,937 INFO c.h.h.t.HelmChartContainer - [K3S] [namespace_controller.go:164] "Unhandled Error" err="deletion of namespace helmupgradeextensionit failed: unexpected items still remain in namespace: helmupgradeextensionit for gvr: /v1, Resource=pods"
2025-01-29 14:03:18,963 INFO c.h.h.t.HelmChartContainer - [K3S] [scope.go:117] "RemoveContainer" containerID="0d822949c6bd19c0ca38877e6e056c6472a8a5fd85e61813de60e83598a9a4c5"
2025-01-29 14:03:18,976 INFO c.h.h.t.HelmChartContainer - [POD] test-hivemq-platform-0 [6511a145-f4a5-46e4-a326-521f0e6b62bc] in helmupgradeextensionit was MODIFIED
2025-01-29 14:03:18,987 INFO c.h.h.t.HelmChartContainer - [POD] test-hivemq-platform-0 [6511a145-f4a5-46e4-a326-521f0e6b62bc] in helmupgradeextensionit was DELETED
2025-01-29 14:03:19,086 INFO c.h.h.t.HelmChartContainer - [K3S] [scope.go:117] "RemoveContainer" containerID="ba72e1ec16a593a7384d2480e92ecf13141fdec333ac64c9afc0a555f52271dc"
2025-01-29 14:03:19,090 INFO c.h.h.t.HelmChartContainer - [K3S] [scope.go:117] "RemoveContainer" containerID="0d822949c6bd19c0ca38877e6e056c6472a8a5fd85e61813de60e83598a9a4c5"
2025-01-29 14:03:19,091 INFO c.h.h.t.HelmChartContainer - [K3S] [scope.go:117] "RemoveContainer" containerID="ba72e1ec16a593a7384d2480e92ecf13141fdec333ac64c9afc0a555f52271dc"
2025-01-29 14:03:19,167 INFO c.h.h.t.HelmChartContainer - Namespace 'helmupgradeextensionit' deleted
2025-01-29 14:03:19,167 INFO c.h.h.t.HelmChartContainer - Release 'test-hivemq-platform' in namespace 'helmupgradeextensionit' is uninstalled
2025-01-29 14:03:19,167 INFO c.h.h.t.HelmChartContainer - Uninstalling release 'test-hivemq-platform-operator' in namespace 'helmupgradeextensionit-operator'...
2025-01-29 14:03:19,167 DEBUG c.h.h.t.HelmChartContainer - Executing helm command: /bin/helm --kubeconfig /etc/rancher/k3s/k3s.yaml uninstall test-hivemq-platform-operator  --wait --timeout 5m0s --cascade foreground --namespace helmupgradeextensionit-operator
2025-01-29 14:03:19,167 INFO c.h.h.t.HelmChartContainer - [K3S] [kubelet_volumes.go:163] "Cleaned up orphaned pod volumes dir" podUID="6511a145-f4a5-46e4-a326-521f0e6b62bc" path="/var/lib/kubelet/pods/6511a145-f4a5-46e4-a326-521f0e6b62bc/volumes"
2025-01-29 14:03:19,369 INFO c.h.h.t.HelmChartContainer - [K3S] [replica_set.go:679] "Finished syncing" kind="ReplicaSet" key="helmupgradeextensionit-operator/hivemq-test-hivemq-platform-operator-6966f96d65" duration="12.151836ms"
2025-01-29 14:03:19,374 INFO c.h.h.t.HelmChartContainer - [K3S] [replica_set.go:679] "Finished syncing" kind="ReplicaSet" key="helmupgradeextensionit-operator/hivemq-test-hivemq-platform-operator-6966f96d65" duration="34.615µs"
2025-01-29 14:03:19,395 INFO c.h.h.t.HelmChartContainer - [POD] hivemq-test-hivemq-platform-operator-6966f96d65-l26sc [12b7a3f9-47d2-4af8-8d75-384cc8a21334] in helmupgradeextensionit-operator was MODIFIED
2025-01-29 14:03:19,409 INFO c.h.h.t.HelmChartContainer - [K3S] [replica_set.go:679] "Finished syncing" kind="ReplicaSet" key="helmupgradeextensionit-operator/hivemq-test-hivemq-platform-operator-6966f96d65" duration="15.082308ms"
2025-01-29 14:03:19,410 INFO c.h.h.t.HelmChartContainer - [K3S] [replica_set.go:679] "Finished syncing" kind="ReplicaSet" key="helmupgradeextensionit-operator/hivemq-test-hivemq-platform-operator-6966f96d65" duration="29.726µs"
2025-01-29 14:03:19,968 INFO c.h.h.t.HelmChartContainer - [EVENT] Normal [Killing] Stopping container hivemq-platform-operator [helmupgradeextensionit-operator:hivemq-test-hivemq-platform-operator-6966f96d65-l26sc]
2025-01-29 14:03:19,968 INFO c.h.h.t.HelmChartContainer - Received Killing event for container hivemq-platform-operator in pod hivemq-test-hivemq-platform-operator-6966f96d65-l26sc [12b7a3f9-47d2-4af8-8d75-384cc8a21334]
2025-01-29 14:03:19,968 INFO c.h.h.t.HelmChartContainer - Container [hivemq-test-hivemq-platform-operator-6966f96d65-l26sc] [hivemq-platform-operator] [12b7a3f9-47d2-4af8-8d75-384cc8a21334] was terminated
2025-01-29 14:03:19,968 INFO c.h.h.t.HelmChartContainer - Stopped log watcher for hivemq-platform-operator in pod hivemq-test-hivemq-platform-operator-6966f96d65-l26sc [12b7a3f9-47d2-4af8-8d75-384cc8a21334]
2025-01-29 14:03:19,972 INFO c.h.h.t.HelmChartContainer - [hivemq-test-hivemq-platform] [hivemq-platform-operator] [12b7a3f9] 14:03:19.971 [application-shutdown-thread] INFO  c.h.p.o.HiveMQPlatformOperatorApplication - HiveMQ Platform Operator is stopping...
2025-01-29 14:03:19,972 INFO c.h.h.t.HelmChartContainer - [hivemq-test-hivemq-platform] [hivemq-platform-operator] [12b7a3f9] 14:03:19.971 [application-shutdown-thread] INFO  i.javaoperatorsdk.operator.Operator - Operator SDK 4.9.7 is shutting down...
2025-01-29 14:03:20,426 INFO c.h.h.t.HelmChartContainer - [K3S] [replica_set.go:679] "Finished syncing" kind="ReplicaSet" key="helmupgradeextensionit-operator/hivemq-test-hivemq-platform-operator-6966f96d65" duration="37.109µs"
2025-01-29 14:03:20,427 INFO c.h.h.t.HelmChartContainer - [POD] hivemq-test-hivemq-platform-operator-6966f96d65-l26sc [12b7a3f9-47d2-4af8-8d75-384cc8a21334] in helmupgradeextensionit-operator was MODIFIED
2025-01-29 14:03:20,463 INFO c.h.h.t.HelmChartContainer - [K3S] [reconciler_common.go:162] "operationExecutor.UnmountVolume started for volume \"kube-api-access-swxvp\" (UniqueName: \"kubernetes.io/projected/12b7a3f9-47d2-4af8-8d75-384cc8a21334-kube-api-access-swxvp\") pod \"12b7a3f9-47d2-4af8-8d75-384cc8a21334\" (UID: \"12b7a3f9-47d2-4af8-8d75-384cc8a21334\") "
2025-01-29 14:03:20,564 INFO c.h.h.t.HelmChartContainer - [K3S] [reconciler_common.go:299] "Volume detached for volume \"kube-api-access-swxvp\" (UniqueName: \"kubernetes.io/projected/12b7a3f9-47d2-4af8-8d75-384cc8a21334-kube-api-access-swxvp\") on node \"3f7c43f3fa7a\" DevicePath \"\""
2025-01-29 14:03:20,967 INFO c.h.h.t.HelmChartContainer - [K3S] [scope.go:117] "RemoveContainer" containerID="141384e41ec03ea2471a1408c5d4521a6f812cd66dd615fbb91613749db5ae54"
2025-01-29 14:03:20,970 INFO c.h.h.t.HelmChartContainer - [K3S] [scope.go:117] "RemoveContainer" containerID="141384e41ec03ea2471a1408c5d4521a6f812cd66dd615fbb91613749db5ae54"
2025-01-29 14:03:20,978 INFO c.h.h.t.HelmChartContainer - [K3S] [replica_set.go:679] "Finished syncing" kind="ReplicaSet" key="helmupgradeextensionit-operator/hivemq-test-hivemq-platform-operator-6966f96d65" duration="45.766µs"
2025-01-29 14:03:20,979 INFO c.h.h.t.HelmChartContainer - [POD] hivemq-test-hivemq-platform-operator-6966f96d65-l26sc [12b7a3f9-47d2-4af8-8d75-384cc8a21334] in helmupgradeextensionit-operator was MODIFIED
2025-01-29 14:03:20,981 INFO c.h.h.t.HelmChartContainer - [POD] hivemq-test-hivemq-platform-operator-6966f96d65-l26sc [12b7a3f9-47d2-4af8-8d75-384cc8a21334] in helmupgradeextensionit-operator was DELETED
2025-01-29 14:03:20,981 INFO c.h.h.t.HelmChartContainer - [K3S] [replica_set.go:679] "Finished syncing" kind="ReplicaSet" key="helmupgradeextensionit-operator/hivemq-test-hivemq-platform-operator-6966f96d65" duration="32.261µs"
2025-01-29 14:03:20,990 INFO c.h.h.t.HelmChartContainer - [K3S] [replica_set.go:679] "Finished syncing" kind="ReplicaSet" key="helmupgradeextensionit-operator/hivemq-test-hivemq-platform-operator-6966f96d65" duration="5.72µs"
2025-01-29 14:03:21,167 INFO c.h.h.t.HelmChartContainer - [K3S] [kubelet_volumes.go:163] "Cleaned up orphaned pod volumes dir" podUID="12b7a3f9-47d2-4af8-8d75-384cc8a21334" path="/var/lib/kubelet/pods/12b7a3f9-47d2-4af8-8d75-384cc8a21334/volumes"
2025-01-29 14:03:21,415 INFO c.h.h.t.HelmChartContainer - Deleting namespace 'helmupgradeextensionit-operator'...
2025-01-29 14:03:24,105 INFO c.h.h.t.HelmChartContainer - [K3S] [namespace_controller.go:187] "Namespace has been deleted" namespace="helmupgradeextensionit"
2025-01-29 14:03:26,634 INFO c.h.h.t.HelmChartContainer - Namespace 'helmupgradeextensionit-operator' deleted
2025-01-29 14:03:26,634 INFO c.h.h.t.HelmChartContainer - Release 'test-hivemq-platform-operator' in namespace 'helmupgradeextensionit-operator' is uninstalled
2025-01-29 14:03:27,433 INFO c.h.helmcharts.AbstractHelmChartIT - Removed unused containers:

2025-01-29 14:03:31,542 INFO c.h.h.t.HelmChartContainer - [K3S] [namespace_controller.go:187] "Namespace has been deleted" namespace="helmupgradeextensionit-operator"
2025-01-29 14:03:35,107 INFO c.h.helmcharts.AbstractHelmChartIT - Removed unused snapshots:
Removing snapshot sha256:03af251906410714c5aef9fa705b63f6bbc39c4a5e787de7361eeb18886c2ed2
Removing snapshot sha256:0c46b3b43cce082ce5ec34ffc6c294e0417d17b9d1e6f366d114b6aadc4f96dc
Removing snapshot sha256:0ce761beee59082d6ed5bcebd3a805b8ddd9b3426b617e4809e7fb7c6587ffec
Removing snapshot sha256:0df91287303208332c8ff6ba40ae4710105201739addbfbddfb955f1ad593664
Removing snapshot sha256:1021ef88c7974bfff89c5a0ec4fd3160daac6c48a075f74cff721f85dd104e68
Removing snapshot sha256:10aba4953ddc18145dd38e3704709bc464aa20af60b56fe52caaff4b68411e62
Removing snapshot sha256:2573e0d8158209ed54ab25c87bcdcb00bd3d2539246960a3d592a1c599d70465
Removing snapshot sha256:362a8a37f8bbc31925a8146adcf7cf51f9882f5c1dcbef67c5baa03a297543c0
Removing snapshot sha256:3809649bfee2d463947b395b098616cf19cb8202e2113b657b922056822aaf6c
Removing snapshot sha256:3fa4ad33f0ddc8fd45b39b6b4640f82a3a83619606cd975bfe89d8710ad2d4cd
Removing snapshot sha256:43a7c979bbaba6838bc3102d6b10a1459f3ab050b87ccdfef84ef90cf43d3058
Removing snapshot sha256:4ab04491cdf0d3267f08206fe30bd48f49f94b9cab2f016d6739220f722a64af
Removing snapshot sha256:4b6068250e89c96f263060261819c7d912855bfbd64b3eb4c4a8483299b8c295
Removing snapshot sha256:580e69a0a8034ede1921139bbd2bfb72a69ebf276d008281896c32dd8bf74775
Removing snapshot sha256:5d30ba46b27fe37484567ccc5242cadc78217b8da605f3f195ef25cbf7487904
Removing snapshot sha256:63ca1fbb43ae5034640e5e6cb3e083e05c290072c5366fcaa9d62435a4cced85
Removing snapshot sha256:67f702c6baae873bceb19487c8b1f27bd2b86077e4f2f0e480e6d60ab508b8f5
Removing snapshot sha256:6864348dd42806d552efdec384f1274be15e2d0c10ce44c1f04347af004c10a9
Removing snapshot sha256:6c7dee8f2c39b84b7dc2711c01d33de93514d9055499173e9290176fbe484b6c
Removing snapshot sha256:7c3d4b85886a74a1501406355cda80afd4a5e2d924eb66960b9afcefa2ffe1e4
Removing snapshot sha256:82753493a6d61ded36556292f02f31841a14c20d2f279f19eaad65afb661d5cd
Removing snapshot sha256:8a10d3db42c505ee0fcfa98417bdd7e39b304f6bcc0a06bb1b220797ff2cc63c
Removing snapshot sha256:a21e5b12dbac529ad45d976eb9ce45c881f3bedcc500fb30aba1e52aa1813418
Removing snapshot sha256:b921e6c28969094157f9b8e7244677780319637afd14450b7cb6b2fdea558a0c
Removing snapshot sha256:bc27ecb5769a00e309cf99ebc763c4a4b958b618d1decc96ffac5bc05f02f5b7
Removing snapshot sha256:be3ccb6627a5332e309d45ef461d09b4879dd870c7394d89323d0ebc6ca6aa8a
Removing snapshot sha256:c261f7cbbc64211ee175ee47273acdb7b1a36a4450b397a064a8f2c026490095
Removing snapshot sha256:c34d9393647eea0c9e3557ab988efaf59f61d10a2a5613b439ef0958cca5ec10
Removing snapshot sha256:ccf3c4a0fa967a41c1c83497a2ce6fa5787965859df0adb32c4ca2cf7490bc2b
Removing snapshot sha256:cf92d33f869417309692088c341cd0f223c178ea78a125f757317b22aa8f90e9
Removing snapshot sha256:d0037344cf2fb078884f1849f6a1f8cf9a33a3b6139b6a85833e5ee528e1f9a8
Removing snapshot sha256:d3b36d5b79273b1e98e7700470eaeff05a882e777124d84cebcc1505b85ecb36
Removing snapshot sha256:d65a44a37914602d12c611e5e22a50f11451d847e63015cc1c2aef92dee777a4
Removing snapshot sha256:e2dc0bae2455930f23ae570e019b7f32edc75c0f2d71cab084db837ff9051796
Removing snapshot sha256:eccbd24a99c60cd9e86ee5305dbfc4a4dc89f5ab4fb1f06c8d64797cecedef34
Removing snapshot sha256:f144bb4c7c7f0d2aa7eeffd36d934ec40db1ee167be727e326aad9fdc616f475

]]></system-out>
  </testcase>
  <system-out><![CDATA[2025-01-29 13:53:56,518 INFO o.testcontainers.images.PullPolicy - Image pull policy will be performed by: DefaultPullPolicy()
2025-01-29 13:53:56,524 INFO o.t.utility.ImageNameSubstitutor - Image name substitution will be performed by: DefaultImageNameSubstitutor (composite of 'ConfigurationFileImageNameSubstitutor' and 'PrefixingImageNameSubstitutor')
2025-01-29 13:53:56,532 INFO o.testcontainers.DockerClientFactory - Testcontainers version: 1.20.4
2025-01-29 13:53:56,954 INFO o.t.d.DockerClientProviderStrategy - Found Docker environment with local Unix socket (unix:///var/run/docker.sock)
2025-01-29 13:53:56,964 INFO o.testcontainers.DockerClientFactory - Docker host IP address is localhost
2025-01-29 13:53:56,987 INFO o.testcontainers.DockerClientFactory - Connected to docker: 
  Server Version: 26.1.3
  API Version: 1.45
  Operating System: Ubuntu 24.04.1 LTS
  Total Memory: 15990 MB
2025-01-29 13:53:57,017 INFO tc.testcontainers/ryuk:0.11.0 - Pulling docker image: testcontainers/ryuk:0.11.0. Please be patient; this may take some time but only needs to be done once.
2025-01-29 13:53:57,456 INFO tc.testcontainers/ryuk:0.11.0 - Starting to pull image
2025-01-29 13:53:57,476 INFO tc.testcontainers/ryuk:0.11.0 - Pulling image layers:  0 pending,  0 downloaded,  0 extracted, (0 bytes/0 bytes)
2025-01-29 13:53:57,679 INFO tc.testcontainers/ryuk:0.11.0 - Pulling image layers:  2 pending,  1 downloaded,  0 extracted, (115 KB/? MB)
2025-01-29 13:53:57,683 INFO tc.testcontainers/ryuk:0.11.0 - Pulling image layers:  1 pending,  2 downloaded,  0 extracted, (115 KB/? MB)
2025-01-29 13:53:57,707 INFO tc.testcontainers/ryuk:0.11.0 - Pulling image layers:  0 pending,  3 downloaded,  0 extracted, (143 KB/10 MB)
2025-01-29 13:53:57,789 INFO tc.testcontainers/ryuk:0.11.0 - Pulling image layers:  0 pending,  3 downloaded,  1 extracted, (3 MB/10 MB)
2025-01-29 13:53:57,938 INFO tc.testcontainers/ryuk:0.11.0 - Pulling image layers:  0 pending,  3 downloaded,  2 extracted, (4 MB/10 MB)
2025-01-29 13:53:57,980 INFO tc.testcontainers/ryuk:0.11.0 - Pulling image layers:  0 pending,  3 downloaded,  3 extracted, (10 MB/10 MB)
2025-01-29 13:53:57,987 INFO tc.testcontainers/ryuk:0.11.0 - Image testcontainers/ryuk:0.11.0 pull took PT0.968752604S
2025-01-29 13:53:58,008 INFO tc.testcontainers/ryuk:0.11.0 - Creating container for image: testcontainers/ryuk:0.11.0
2025-01-29 13:53:58,075 INFO tc.testcontainers/ryuk:0.11.0 - Container testcontainers/ryuk:0.11.0 is starting: 162261b6e092efcb1fdeeebbeb9e8a70bf1b5458764a527408afbc1b8173b43d
2025-01-29 13:53:58,340 INFO tc.testcontainers/ryuk:0.11.0 - Container testcontainers/ryuk:0.11.0 started in PT0.331878049S
2025-01-29 13:53:58,344 INFO o.t.utility.RyukResourceReaper - Ryuk started - will monitor and terminate Testcontainers containers on JVM exit
2025-01-29 13:53:58,344 INFO o.testcontainers.DockerClientFactory - Checking the system...
2025-01-29 13:53:58,345 INFO o.testcontainers.DockerClientFactory - ✔︎ Docker server version should be at least 1.6.0
2025-01-29 13:53:58,346 INFO tc.hivemq/hivemq4:4.36.0 - Creating container for image: hivemq/hivemq4:4.36.0
2025-01-29 13:53:58,368 INFO tc.hivemq/hivemq4:4.36.0 - Container hivemq/hivemq4:4.36.0 is starting: 429ae535ad72234426415d6a8cdfba7f563d38fcdfe81e1fea13cf1ed16328c0
2025-01-29 13:54:06,653 INFO tc.hivemq/hivemq4:4.36.0 - Container hivemq/hivemq4:4.36.0 started in PT8.3067639S
2025-01-29 13:54:06,654 INFO c.h.h.t.HelmChartContainerExtension - Using cached HelmChartContainer instance
2025-01-29 13:54:06,656 INFO c.h.h.t.HelmChartContainerExtension - Creating cached HelmChartContainer instance
2025-01-29 13:54:06,739 INFO o.t.i.builder.ImageFromDockerfile - Pre-emptively checking local images for 'ubuntu:noble-20241118.1@sha256:80dd3c3b9c6cecb9f1667e9290b3bc61b78c2678c02cbdae5f0fea92cc6734ab', referenced via a Dockerfile. If not available, it will be pulled.
2025-01-29 13:54:06,742 INFO t.u.1@sha256:80dd3c... - Pulling docker image: ubuntu:noble-20241118.1@sha256:80dd3c3b9c6cecb9f1667e9290b3bc61b78c2678c02cbdae5f0fea92cc6734ab. Please be patient; this may take some time but only needs to be done once.
2025-01-29 13:54:07,005 INFO t.u.1@sha256:80dd3c... - Starting to pull image
2025-01-29 13:54:07,006 INFO t.u.1@sha256:80dd3c... - Pulling image layers:  0 pending,  0 downloaded,  0 extracted, (0 bytes/0 bytes)
2025-01-29 13:54:07,353 INFO t.u.1@sha256:80dd3c... - Pulling image layers:  0 pending,  1 downloaded,  0 extracted, (18 MB/28 MB)
2025-01-29 13:54:08,292 INFO t.u.1@sha256:80dd3c... - Pulling image layers:  0 pending,  1 downloaded,  1 extracted, (28 MB/28 MB)
2025-01-29 13:54:08,298 INFO t.u.1@sha256:80dd3c... - Image ubuntu:noble-20241118.1@sha256:80dd3c3b9c6cecb9f1667e9290b3bc61b78c2678c02cbdae5f0fea92cc6734ab pull took PT1.556276874S
2025-01-29 13:54:08,298 INFO t.u.1@sha256:80dd3c... - Pull complete. 1 layers, pulled in 1s (downloaded 28 MB at 28 MB/s)
2025-01-29 13:54:08,300 INFO o.t.i.builder.ImageFromDockerfile - Pre-emptively checking local images for 'rancher/k3s:v1.32.1-k3s1', referenced via a Dockerfile. If not available, it will be pulled.
2025-01-29 13:54:08,302 INFO tc.rancher/k3s:v1.32.1-k3s1 - Pulling docker image: rancher/k3s:v1.32.1-k3s1. Please be patient; this may take some time but only needs to be done once.
2025-01-29 13:54:08,715 INFO tc.rancher/k3s:v1.32.1-k3s1 - Starting to pull image
2025-01-29 13:54:08,716 INFO tc.rancher/k3s:v1.32.1-k3s1 - Pulling image layers:  0 pending,  0 downloaded,  0 extracted, (0 bytes/0 bytes)
2025-01-29 13:54:09,676 INFO tc.rancher/k3s:v1.32.1-k3s1 - Pulling image layers:  0 pending,  1 downloaded,  0 extracted, (50 MB/71 MB)
2025-01-29 13:54:10,723 INFO tc.rancher/k3s:v1.32.1-k3s1 - Pulling image layers:  0 pending,  1 downloaded,  1 extracted, (71 MB/71 MB)
2025-01-29 13:54:10,729 INFO tc.rancher/k3s:v1.32.1-k3s1 - Pull complete. 1 layers, pulled in 2s (downloaded 71 MB at 35 MB/s)
2025-01-29 13:54:10,730 INFO tc.rancher/k3s:v1.32.1-k3s1 - Image rancher/k3s:v1.32.1-k3s1 pull took PT2.427597284S
2025-01-29 13:54:10,735 INFO o.t.i.builder.ImageFromDockerfile - Transferred 0 bytes to Docker daemon
2025-01-29 13:54:25,018 INFO c.h.h.t.HelmChartContainer - Starting HelmChartContainer...
2025-01-29 13:54:25,020 INFO t.localhost/testcontainers/w2eafkgnbmwpux77:latest - Creating container for image: localhost/testcontainers/w2eafkgnbmwpux77:latest
2025-01-29 13:54:25,089 INFO tc.alpine:3.17 - Pulling docker image: alpine:3.17. Please be patient; this may take some time but only needs to be done once.
2025-01-29 13:54:25,453 INFO tc.alpine:3.17 - Starting to pull image
2025-01-29 13:54:25,454 INFO tc.alpine:3.17 - Pulling image layers:  0 pending,  0 downloaded,  0 extracted, (0 bytes/0 bytes)
2025-01-29 13:54:25,691 INFO tc.alpine:3.17 - Pulling image layers:  0 pending,  1 downloaded,  0 extracted, (33 KB/3 MB)
2025-01-29 13:54:25,787 INFO tc.alpine:3.17 - Pulling image layers:  0 pending,  1 downloaded,  1 extracted, (3 MB/3 MB)
2025-01-29 13:54:25,795 INFO tc.alpine:3.17 - Image alpine:3.17 pull took PT0.705707694S
2025-01-29 13:54:26,321 INFO t.localhost/testcontainers/w2eafkgnbmwpux77:latest - Container localhost/testcontainers/w2eafkgnbmwpux77:latest is starting: 3f7c43f3fa7a24dbd8363b7e095adce78a22acad217b1ca1f971696c646eb796
2025-01-29 13:54:26,672 INFO c.h.h.t.HelmChartContainer - [K3S] [INFO] Starting k3s v1.32.1+k3s1 (6a322f12)
2025-01-29 13:54:26,674 INFO c.h.h.t.HelmChartContainer - [K3S] [INFO] Configuring sqlite3 database connection pooling: maxIdleConns=2, maxOpenConns=0, connMaxLifetime=0s
2025-01-29 13:54:26,675 INFO c.h.h.t.HelmChartContainer - [K3S] [INFO] Configuring database table schema and indexes, this may take a moment...
2025-01-29 13:54:26,678 INFO c.h.h.t.HelmChartContainer - [K3S] [INFO] Database tables and indexes are up to date
2025-01-29 13:54:26,681 INFO c.h.h.t.HelmChartContainer - [K3S] [INFO] Kine available at unix://kine.sock
2025-01-29 13:54:26,751 INFO c.h.h.t.HelmChartContainer - [K3S] [INFO] Saving cluster bootstrap data to datastore
2025-01-29 13:54:26,752 INFO c.h.h.t.HelmChartContainer - [K3S] [WARNING] dynamiclistener [::]:6443: no cached certificate available for preload - deferring certificate load until storage initialization or first client request
2025-01-29 13:54:26,752 INFO c.h.h.t.HelmChartContainer - [K3S] [INFO] Active TLS secret / (ver=) (count 10): map[listener.cattle.io/cn-10.43.0.1:10.43.0.1 listener.cattle.io/cn-127.0.0.1:127.0.0.1 listener.cattle.io/cn-172.18.0.2:172.18.0.2 listener.cattle.io/cn-3f7c43f3fa7a:3f7c43f3fa7a listener.cattle.io/cn-__1-f16284:::1 listener.cattle.io/cn-kubernetes:kubernetes listener.cattle.io/cn-kubernetes.default:kubernetes.default listener.cattle.io/cn-kubernetes.default.svc:kubernetes.default.svc listener.cattle.io/cn-kubernetes.default.svc.cluster.local:kubernetes.default.svc.cluster.local listener.cattle.io/cn-localhost:localhost listener.cattle.io/fingerprint:SHA1=6E1ADF827073BAEB7E4CBC31D4692041938A60F0]
2025-01-29 13:54:26,914 INFO c.h.h.t.HelmChartContainer - [K3S] [INFO] Running kube-apiserver --advertise-port=6443 --allow-privileged=true --anonymous-auth=false --api-audiences=https://kubernetes.default.svc.cluster.local,k3s --authorization-mode=Node,RBAC --bind-address=127.0.0.1 --cert-dir=/var/lib/rancher/k3s/server/tls/temporary-certs --client-ca-file=/var/lib/rancher/k3s/server/tls/client-ca.crt --egress-selector-config-file=/var/lib/rancher/k3s/server/etc/egress-selector-config.yaml --enable-admission-plugins=NodeRestriction --enable-aggregator-routing=true --enable-bootstrap-token-auth=true --etcd-compaction-interval=0s --etcd-servers=unix://kine.sock --kubelet-certificate-authority=/var/lib/rancher/k3s/server/tls/server-ca.crt --kubelet-client-certificate=/var/lib/rancher/k3s/server/tls/client-kube-apiserver.crt --kubelet-client-key=/var/lib/rancher/k3s/server/tls/client-kube-apiserver.key --kubelet-preferred-address-types=InternalIP,ExternalIP,Hostname --profiling=false --proxy-client-cert-file=/var/lib/rancher/k3s/server/tls/client-auth-proxy.crt --proxy-client-key-file=/var/lib/rancher/k3s/server/tls/client-auth-proxy.key --requestheader-allowed-names=system:auth-proxy --requestheader-client-ca-file=/var/lib/rancher/k3s/server/tls/request-header-ca.crt --requestheader-extra-headers-prefix=X-Remote-Extra- --requestheader-group-headers=X-Remote-Group --requestheader-username-headers=X-Remote-User --secure-port=6444 --service-account-issuer=https://kubernetes.default.svc.cluster.local --service-account-key-file=/var/lib/rancher/k3s/server/tls/service.key --service-account-signing-key-file=/var/lib/rancher/k3s/server/tls/service.current.key --service-cluster-ip-range=10.43.0.0/16 --service-node-port-range=30000-32767 --storage-backend=etcd3 --tls-cert-file=/var/lib/rancher/k3s/server/tls/serving-kube-apiserver.crt --tls-cipher-suites=TLS_ECDHE_ECDSA_WITH_AES_256_GCM_SHA384,TLS_ECDHE_RSA_WITH_AES_256_GCM_SHA384,TLS_ECDHE_ECDSA_WITH_AES_128_GCM_SHA256,TLS_ECDHE_RSA_WITH_AES_128_GCM_SHA256,TLS_ECDHE_ECDSA_WITH_CHACHA20_POLY1305,TLS_ECDHE_RSA_WITH_CHACHA20_POLY1305 --tls-private-key-file=/var/lib/rancher/k3s/server/tls/serving-kube-apiserver.key
2025-01-29 13:54:26,915 INFO c.h.h.t.HelmChartContainer - [K3S] [INFO] Running kube-scheduler --authentication-kubeconfig=/var/lib/rancher/k3s/server/cred/scheduler.kubeconfig --authorization-kubeconfig=/var/lib/rancher/k3s/server/cred/scheduler.kubeconfig --bind-address=127.0.0.1 --kubeconfig=/var/lib/rancher/k3s/server/cred/scheduler.kubeconfig --leader-elect=false --profiling=false --secure-port=10259
2025-01-29 13:54:26,915 INFO c.h.h.t.HelmChartContainer - [K3S] [registry.go:256] calling componentGlobalsRegistry.AddFlags more than once, the registry will be set by the latest flags
2025-01-29 13:54:26,915 INFO c.h.h.t.HelmChartContainer - [K3S] [INFO] Waiting for API server to become available
2025-01-29 13:54:26,916 INFO c.h.h.t.HelmChartContainer - [K3S] [INFO] Running kube-controller-manager --allocate-node-cidrs=true --authentication-kubeconfig=/var/lib/rancher/k3s/server/cred/controller.kubeconfig --authorization-kubeconfig=/var/lib/rancher/k3s/server/cred/controller.kubeconfig --bind-address=127.0.0.1 --cluster-cidr=10.42.0.0/16 --cluster-signing-kube-apiserver-client-cert-file=/var/lib/rancher/k3s/server/tls/client-ca.nochain.crt --cluster-signing-kube-apiserver-client-key-file=/var/lib/rancher/k3s/server/tls/client-ca.key --cluster-signing-kubelet-client-cert-file=/var/lib/rancher/k3s/server/tls/client-ca.nochain.crt --cluster-signing-kubelet-client-key-file=/var/lib/rancher/k3s/server/tls/client-ca.key --cluster-signing-kubelet-serving-cert-file=/var/lib/rancher/k3s/server/tls/server-ca.nochain.crt --cluster-signing-kubelet-serving-key-file=/var/lib/rancher/k3s/server/tls/server-ca.key --cluster-signing-legacy-unknown-cert-file=/var/lib/rancher/k3s/server/tls/server-ca.nochain.crt --cluster-signing-legacy-unknown-key-file=/var/lib/rancher/k3s/server/tls/server-ca.key --configure-cloud-routes=false --controllers=*,tokencleaner,-service,-route,-cloud-node-lifecycle --kubeconfig=/var/lib/rancher/k3s/server/cred/controller.kubeconfig --leader-elect=false --profiling=false --root-ca-file=/var/lib/rancher/k3s/server/tls/server-ca.crt --secure-port=10257 --service-account-private-key-file=/var/lib/rancher/k3s/server/tls/service.current.key --service-cluster-ip-range=10.43.0.0/16 --use-service-account-credentials=true
2025-01-29 13:54:26,916 INFO c.h.h.t.HelmChartContainer - [K3S] [options.go:299] unable to set WatchListClient feature gate, err: cannot override default for feature "WatchListClient": gates already added to a flag set
2025-01-29 13:54:26,917 INFO c.h.h.t.HelmChartContainer - [K3S] [registry.go:256] calling componentGlobalsRegistry.AddFlags more than once, the registry will be set by the latest flags
2025-01-29 13:54:26,917 INFO c.h.h.t.HelmChartContainer - [K3S] [registry.go:256] calling componentGlobalsRegistry.AddFlags more than once, the registry will be set by the latest flags
2025-01-29 13:54:26,917 INFO c.h.h.t.HelmChartContainer - [K3S] [INFO] Running cloud-controller-manager --allocate-node-cidrs=true --authentication-kubeconfig=/var/lib/rancher/k3s/server/cred/cloud-controller.kubeconfig --authorization-kubeconfig=/var/lib/rancher/k3s/server/cred/cloud-controller.kubeconfig --bind-address=127.0.0.1 --cloud-config=/var/lib/rancher/k3s/server/etc/cloud-config.yaml --cloud-provider=k3s --cluster-cidr=10.42.0.0/16 --configure-cloud-routes=false --controllers=*,-route --kubeconfig=/var/lib/rancher/k3s/server/cred/cloud-controller.kubeconfig --leader-elect=false --leader-elect-resource-name=k3s-cloud-controller-manager --node-status-update-frequency=1m0s --profiling=false
2025-01-29 13:54:26,918 INFO c.h.h.t.HelmChartContainer - [K3S] [options.go:238] external host was not specified, using 172.18.0.2
2025-01-29 13:54:26,918 INFO c.h.h.t.HelmChartContainer - [K3S] [INFO] Server node token is available at /var/lib/rancher/k3s/server/token
2025-01-29 13:54:26,918 INFO c.h.h.t.HelmChartContainer - [K3S] [INFO] To join server node to cluster: k3s server -s https://172.18.0.2:6443 -t ${SERVER_NODE_TOKEN}
2025-01-29 13:54:26,918 INFO c.h.h.t.HelmChartContainer - [K3S] [INFO] Agent node token is available at /var/lib/rancher/k3s/server/agent-token
2025-01-29 13:54:26,918 INFO c.h.h.t.HelmChartContainer - [K3S] [INFO] To join agent node to cluster: k3s agent -s https://172.18.0.2:6443 -t ${AGENT_NODE_TOKEN}
2025-01-29 13:54:26,918 INFO c.h.h.t.HelmChartContainer - [K3S] [INFO] Wrote kubeconfig /etc/rancher/k3s/k3s.yaml
2025-01-29 13:54:26,918 INFO c.h.h.t.HelmChartContainer - [K3S] [INFO] Run: k3s kubectl
2025-01-29 13:54:26,921 INFO c.h.h.t.HelmChartContainer - [K3S] [server.go:151] Version: v1.32.1+k3s1
2025-01-29 13:54:26,921 INFO c.h.h.t.HelmChartContainer - [K3S] [server.go:153] "Golang settings" GOGC="" GOMAXPROCS="" GOTRACEBACK=""
2025-01-29 13:54:27,239 INFO c.h.h.t.HelmChartContainer - [K3S] [plugins.go:157] Loaded 13 mutating admission controller(s) successfully in the following order: NamespaceLifecycle,LimitRanger,ServiceAccount,NodeRestriction,TaintNodesByCondition,Priority,DefaultTolerationSeconds,DefaultStorageClass,StorageObjectInUseProtection,RuntimeClass,DefaultIngressClass,MutatingAdmissionPolicy,MutatingAdmissionWebhook.
2025-01-29 13:54:27,239 INFO c.h.h.t.HelmChartContainer - [K3S] [plugins.go:160] Loaded 13 validating admission controller(s) successfully in the following order: LimitRanger,ServiceAccount,PodSecurity,Priority,PersistentVolumeClaimResize,RuntimeClass,CertificateApproval,CertificateSigning,ClusterTrustBundleAttest,CertificateSubjectRestriction,ValidatingAdmissionPolicy,ValidatingAdmissionWebhook,ResourceQuota.
2025-01-29 13:54:27,239 INFO c.h.h.t.HelmChartContainer - [K3S] [instance.go:233] Using reconciler: lease
2025-01-29 13:54:27,302 INFO c.h.h.t.HelmChartContainer - [K3S] [apis.go:106] API group "internal.apiserver.k8s.io" is not enabled, skipping.
2025-01-29 13:54:27,343 INFO c.h.h.t.HelmChartContainer - [K3S] [apis.go:106] API group "storagemigration.k8s.io" is not enabled, skipping.
2025-01-29 13:54:27,369 INFO c.h.h.t.HelmChartContainer - [K3S] [apis.go:106] API group "resource.k8s.io" is not enabled, skipping.
2025-01-29 13:54:27,522 INFO c.h.h.t.HelmChartContainer - [K3S] [INFO] Password verified locally for node 3f7c43f3fa7a
2025-01-29 13:54:27,720 INFO c.h.h.t.HelmChartContainer - [K3S] [dynamic_cafile_content.go:161] "Starting controller" name="request-header::/var/lib/rancher/k3s/server/tls/request-header-ca.crt"
2025-01-29 13:54:27,720 INFO c.h.h.t.HelmChartContainer - [K3S] [dynamic_cafile_content.go:161] "Starting controller" name="client-ca-bundle::/var/lib/rancher/k3s/server/tls/client-ca.crt"
2025-01-29 13:54:27,721 INFO c.h.h.t.HelmChartContainer - [K3S] [dynamic_serving_content.go:135] "Starting controller" name="serving-cert::/var/lib/rancher/k3s/server/tls/serving-kube-apiserver.crt::/var/lib/rancher/k3s/server/tls/serving-kube-apiserver.key"
2025-01-29 13:54:27,721 INFO c.h.h.t.HelmChartContainer - [K3S] [secure_serving.go:213] Serving securely on 127.0.0.1:6444
2025-01-29 13:54:27,721 INFO c.h.h.t.HelmChartContainer - [K3S] [system_namespaces_controller.go:66] Starting system namespaces controller
2025-01-29 13:54:27,721 INFO c.h.h.t.HelmChartContainer - [K3S] [tlsconfig.go:243] "Starting DynamicServingCertificateController"
2025-01-29 13:54:27,721 INFO c.h.h.t.HelmChartContainer - [K3S] [gc_controller.go:78] Starting apiserver lease garbage collector
2025-01-29 13:54:27,722 INFO c.h.h.t.HelmChartContainer - [K3S] [apiservice_controller.go:100] Starting APIServiceRegistrationController
2025-01-29 13:54:27,722 INFO c.h.h.t.HelmChartContainer - [K3S] [controller.go:80] Starting OpenAPI V3 AggregationController
2025-01-29 13:54:27,722 INFO c.h.h.t.HelmChartContainer - [K3S] [remote_available_controller.go:411] Starting RemoteAvailability controller
2025-01-29 13:54:27,723 INFO c.h.h.t.HelmChartContainer - [K3S] [cluster_authentication_trust_controller.go:462] Starting cluster_authentication_trust_controller controller
2025-01-29 13:54:27,723 INFO c.h.h.t.HelmChartContainer - [K3S] [aggregator.go:169] waiting for initial CRD sync...
2025-01-29 13:54:27,723 INFO c.h.h.t.HelmChartContainer - [K3S] [apf_controller.go:377] Starting API Priority and Fairness config controller
2025-01-29 13:54:27,723 INFO c.h.h.t.HelmChartContainer - [K3S] [controller.go:119] Starting legacy_token_tracking_controller
2025-01-29 13:54:27,724 INFO c.h.h.t.HelmChartContainer - [K3S] [dynamic_serving_content.go:135] "Starting controller" name="aggregator-proxy-cert::/var/lib/rancher/k3s/server/tls/client-auth-proxy.crt::/var/lib/rancher/k3s/server/tls/client-auth-proxy.key"
2025-01-29 13:54:27,724 INFO c.h.h.t.HelmChartContainer - [K3S] [local_available_controller.go:156] Starting LocalAvailability controller
2025-01-29 13:54:27,724 INFO c.h.h.t.HelmChartContainer - [K3S] [customresource_discovery_controller.go:292] Starting DiscoveryController
2025-01-29 13:54:27,724 INFO c.h.h.t.HelmChartContainer - [K3S] [controller.go:78] Starting OpenAPI AggregationController
2025-01-29 13:54:27,725 INFO c.h.h.t.HelmChartContainer - [K3S] [dynamic_cafile_content.go:161] "Starting controller" name="client-ca-bundle::/var/lib/rancher/k3s/server/tls/client-ca.crt"
2025-01-29 13:54:27,725 INFO c.h.h.t.HelmChartContainer - [K3S] [dynamic_cafile_content.go:161] "Starting controller" name="request-header::/var/lib/rancher/k3s/server/tls/request-header-ca.crt"
2025-01-29 13:54:27,730 INFO c.h.h.t.HelmChartContainer - [K3S] [crdregistration_controller.go:114] Starting crd-autoregister controller
2025-01-29 13:54:27,730 INFO c.h.h.t.HelmChartContainer - [K3S] [controller.go:142] Starting OpenAPI controller
2025-01-29 13:54:27,731 INFO c.h.h.t.HelmChartContainer - [K3S] [controller.go:90] Starting OpenAPI V3 controller
2025-01-29 13:54:27,731 INFO c.h.h.t.HelmChartContainer - [K3S] [naming_controller.go:294] Starting NamingConditionController
2025-01-29 13:54:27,731 INFO c.h.h.t.HelmChartContainer - [K3S] [establishing_controller.go:81] Starting EstablishingController
2025-01-29 13:54:27,731 INFO c.h.h.t.HelmChartContainer - [K3S] [nonstructuralschema_controller.go:195] Starting NonStructuralSchemaConditionController
2025-01-29 13:54:27,731 INFO c.h.h.t.HelmChartContainer - [K3S] [apiapproval_controller.go:189] Starting KubernetesAPIApprovalPolicyConformantConditionController
2025-01-29 13:54:27,731 INFO c.h.h.t.HelmChartContainer - [K3S] [crd_finalizer.go:269] Starting CRDFinalizer
2025-01-29 13:54:27,823 INFO c.h.h.t.HelmChartContainer - [K3S] [handler_discovery.go:451] Starting ResourceDiscoveryManager
2025-01-29 13:54:27,823 INFO c.h.h.t.HelmChartContainer - [K3S] [apf_controller.go:382] Running API Priority and Fairness config worker
2025-01-29 13:54:27,823 INFO c.h.h.t.HelmChartContainer - [K3S] [apf_controller.go:385] Running API Priority and Fairness periodic rebalancing process
2025-01-29 13:54:27,827 INFO c.h.h.t.HelmChartContainer - [K3S] [controller.go:145] "Failed to ensure lease exists, will retry" err="namespaces \"kube-system\" not found" interval="200ms"
2025-01-29 13:54:27,831 INFO c.h.h.t.HelmChartContainer - [K3S] [aggregator.go:171] initial CRD sync complete...
2025-01-29 13:54:27,831 INFO c.h.h.t.HelmChartContainer - [K3S] [autoregister_controller.go:144] Starting autoregister controller
2025-01-29 13:54:27,834 INFO c.h.h.t.HelmChartContainer - [K3S] [policy_source.go:240] refreshing policies
2025-01-29 13:54:27,876 INFO c.h.h.t.HelmChartContainer - [K3S] [controller.go:95] Unable to perform initial Kubernetes service initialization: namespaces "default" not found
2025-01-29 13:54:27,876 INFO c.h.h.t.HelmChartContainer - [K3S] [controller.go:148] "Unhandled Error" err="while syncing ConfigMap \"kube-system/kube-apiserver-legacy-service-account-token-tracking\", err: namespaces \"kube-system\" not found" logger="UnhandledError"
2025-01-29 13:54:28,073 INFO c.h.h.t.HelmChartContainer - [K3S] [WARNING] Host resolv.conf includes loopback or multicast nameservers - kubelet will use autogenerated resolv.conf with nameserver 8.8.8.8
2025-01-29 13:54:28,087 INFO c.h.h.t.HelmChartContainer - [K3S] [INFO] Module overlay was already loaded
2025-01-29 13:54:28,087 INFO c.h.h.t.HelmChartContainer - [K3S] [INFO] Module nf_conntrack was already loaded
2025-01-29 13:54:28,087 INFO c.h.h.t.HelmChartContainer - [K3S] [INFO] Module br_netfilter was already loaded
2025-01-29 13:54:28,091 INFO c.h.h.t.HelmChartContainer - [K3S] [INFO] Set sysctl 'net/netfilter/nf_conntrack_max' to 131072
2025-01-29 13:54:28,091 INFO c.h.h.t.HelmChartContainer - [K3S] [INFO] Set sysctl 'net/netfilter/nf_conntrack_tcp_timeout_established' to 86400
2025-01-29 13:54:28,092 INFO c.h.h.t.HelmChartContainer - [K3S] [INFO] Set sysctl 'net/netfilter/nf_conntrack_tcp_timeout_close_wait' to 3600
2025-01-29 13:54:28,093 INFO c.h.h.t.HelmChartContainer - [K3S] [INFO] Logging containerd to /var/lib/rancher/k3s/agent/containerd/containerd.log
2025-01-29 13:54:28,093 INFO c.h.h.t.HelmChartContainer - [K3S] [INFO] Running containerd -c /var/lib/rancher/k3s/agent/etc/containerd/config.toml -a /run/k3s/containerd/containerd.sock --state /run/k3s/containerd --root /var/lib/rancher/k3s/agent/containerd
2025-01-29 13:54:28,728 INFO c.h.h.t.HelmChartContainer - [K3S] [storage_scheduling.go:95] created PriorityClass system-node-critical with value 2000001000
2025-01-29 13:54:28,731 INFO c.h.h.t.HelmChartContainer - [K3S] [storage_scheduling.go:95] created PriorityClass system-cluster-critical with value 2000000000
2025-01-29 13:54:28,731 INFO c.h.h.t.HelmChartContainer - [K3S] [storage_scheduling.go:111] all system priority classes are created successfully or already exist.
2025-01-29 13:54:29,080 INFO c.h.h.t.HelmChartContainer - [K3S] [alloc.go:330] "allocated clusterIPs" service="default/kubernetes" clusterIPs={"IPv4":"10.43.0.1"}
2025-01-29 13:54:29,084 INFO c.h.h.t.HelmChartContainer - [K3S] [lease.go:265] Resetting endpoints for master service "kubernetes" to [172.18.0.2]
2025-01-29 13:54:29,096 INFO c.h.h.t.HelmChartContainer - [K3S] [INFO] containerd is now running
2025-01-29 13:54:29,100 INFO c.h.h.t.HelmChartContainer - [K3S] [INFO] Connecting to proxy" url="wss://127.0.0.1:6443/v1-k3s/connect
2025-01-29 13:54:29,100 INFO c.h.h.t.HelmChartContainer - [K3S] [INFO] Creating k3s-cert-monitor event broadcaster
2025-01-29 13:54:29,104 INFO c.h.h.t.HelmChartContainer - [K3S] [INFO] Running kubelet --cloud-provider=external --config-dir=/var/lib/rancher/k3s/agent/etc/kubelet.conf.d --containerd=/run/k3s/containerd/containerd.sock --hostname-override=3f7c43f3fa7a --kubeconfig=/var/lib/rancher/k3s/agent/kubelet.kubeconfig --node-ip=172.18.0.2 --node-labels=
2025-01-29 13:54:29,104 INFO c.h.h.t.HelmChartContainer - [K3S] [INFO] Handling backend connection request [3f7c43f3fa7a]
2025-01-29 13:54:29,104 INFO c.h.h.t.HelmChartContainer - [K3S] [INFO] Remotedialer connected to proxy" url="wss://127.0.0.1:6443/v1-k3s/connect
2025-01-29 13:54:29,107 INFO c.h.h.t.HelmChartContainer - [K3S] Flag --containerd has been deprecated, This is a cadvisor flag that was mistakenly registered with the Kubelet. Due to legacy concerns, it will follow the standard CLI deprecation timeline before being removed.
2025-01-29 13:54:29,111 INFO c.h.h.t.HelmChartContainer - [K3S] [server.go:515] "Kubelet version" kubeletVersion="v1.32.1+k3s1"
2025-01-29 13:54:29,111 INFO c.h.h.t.HelmChartContainer - [K3S] [server.go:517] "Golang settings" GOGC="" GOMAXPROCS="" GOTRACEBACK=""
2025-01-29 13:54:29,113 INFO c.h.h.t.HelmChartContainer - [K3S] [dynamic_cafile_content.go:161] "Starting controller" name="client-ca-bundle::/var/lib/rancher/k3s/agent/client-ca.crt"
2025-01-29 13:54:29,115 INFO c.h.h.t.HelmChartContainer - [K3S] [log.go:32] "RuntimeConfig from runtime service failed" err="rpc error: code = Unimplemented desc = method RuntimeConfig not implemented"
2025-01-29 13:54:29,116 INFO c.h.h.t.HelmChartContainer - [K3S] [server.go:1416] "CRI implementation should be updated to support RuntimeConfig when KubeletCgroupDriverFromCRI feature gate has been enabled. Falling back to using cgroupDriver from kubelet config."
2025-01-29 13:54:29,120 INFO c.h.h.t.HelmChartContainer - [K3S] [info.go:53] Couldn't collect info from any of the files in "/etc/machine-id,/var/lib/dbus/machine-id"
2025-01-29 13:54:29,120 INFO c.h.h.t.HelmChartContainer - [K3S] [server.go:767] "--cgroups-per-qos enabled, but --cgroup-root was not specified.  defaulting to /"
2025-01-29 13:54:29,120 INFO c.h.h.t.HelmChartContainer - [K3S] [server.go:836] "NoSwap is set due to memorySwapBehavior not specified" memorySwapBehavior="" FailSwapOn=false
2025-01-29 13:54:29,121 INFO c.h.h.t.HelmChartContainer - [K3S] [swap_util.go:115] "Swap is on" /proc/swaps contents=<
2025-01-29 13:54:29,121 INFO c.h.h.t.HelmChartContainer - [K3S] 	Filename				Type		Size		Used		Priority
2025-01-29 13:54:29,121 INFO c.h.h.t.HelmChartContainer - [K3S] 	/mnt/swapfile                           file		4194300		0		-2
2025-01-29 13:54:29,121 INFO c.h.h.t.HelmChartContainer - [K3S]  >
2025-01-29 13:54:29,121 INFO c.h.h.t.HelmChartContainer - [K3S] [container_manager_linux.go:268] "Container manager verified user specified cgroup-root exists" cgroupRoot=[]
2025-01-29 13:54:29,121 INFO c.h.h.t.HelmChartContainer - [K3S] [container_manager_linux.go:273] "Creating Container Manager object based on Node Config" nodeConfig={"NodeName":"3f7c43f3fa7a","RuntimeCgroupsName":"","SystemCgroupsName":"","KubeletCgroupsName":"/k3s","KubeletOOMScoreAdj":-999,"ContainerRuntime":"","CgroupsPerQOS":true,"CgroupRoot":"/","CgroupDriver":"cgroupfs","KubeletRootDir":"/var/lib/kubelet","ProtectKernelDefaults":false,"KubeReservedCgroupName":"","SystemReservedCgroupName":"","ReservedSystemCPUs":{},"EnforceNodeAllocatable":{"pods":{}},"KubeReserved":null,"SystemReserved":null,"HardEvictionThresholds":[{"Signal":"imagefs.available","Operator":"LessThan","Value":{"Quantity":null,"Percentage":0.05},"GracePeriod":0,"MinReclaim":null},{"Signal":"nodefs.available","Operator":"LessThan","Value":{"Quantity":null,"Percentage":0.05},"GracePeriod":0,"MinReclaim":null}],"QOSReserved":{},"CPUManagerPolicy":"none","CPUManagerPolicyOptions":null,"TopologyManagerScope":"container","CPUManagerReconcilePeriod":10000000000,"ExperimentalMemoryManagerPolicy":"None","ExperimentalMemoryManagerReservedMemory":null,"PodPidsLimit":-1,"EnforceCPULimits":true,"CPUCFSQuotaPeriod":100000000,"TopologyManagerPolicy":"none","TopologyManagerPolicyOptions":null,"CgroupVersion":2}
2025-01-29 13:54:29,121 INFO c.h.h.t.HelmChartContainer - [K3S] [topology_manager.go:138] "Creating topology manager with none policy"
2025-01-29 13:54:29,122 INFO c.h.h.t.HelmChartContainer - [K3S] [container_manager_linux.go:304] "Creating device plugin manager"
2025-01-29 13:54:29,122 INFO c.h.h.t.HelmChartContainer - [K3S] [state_mem.go:36] "Initialized new in-memory state store"
2025-01-29 13:54:29,122 INFO c.h.h.t.HelmChartContainer - [K3S] [kubelet.go:446] "Attempting to sync node with API server"
2025-01-29 13:54:29,122 INFO c.h.h.t.HelmChartContainer - [K3S] [kubelet.go:341] "Adding static pod path" path="/var/lib/rancher/k3s/agent/pod-manifests"
2025-01-29 13:54:29,122 INFO c.h.h.t.HelmChartContainer - [K3S] [kubelet.go:352] "Adding apiserver pod source"
2025-01-29 13:54:29,122 INFO c.h.h.t.HelmChartContainer - [K3S] [apiserver.go:42] "Waiting for node sync before watching apiserver pods"
2025-01-29 13:54:29,125 INFO c.h.h.t.HelmChartContainer - [K3S] [kuberuntime_manager.go:269] "Container runtime initialized" containerRuntime="containerd" version="v1.7.23-k3s2" apiVersion="v1"
2025-01-29 13:54:29,125 INFO c.h.h.t.HelmChartContainer - [K3S] [kubelet.go:890] "Not starting ClusterTrustBundle informer because we are in static kubelet mode"
2025-01-29 13:54:29,125 INFO c.h.h.t.HelmChartContainer - [K3S] [probe.go:272] Flexvolume plugin directory at /usr/libexec/kubernetes/kubelet-plugins/volume/exec/ does not exist. Recreating.
2025-01-29 13:54:29,126 INFO c.h.h.t.HelmChartContainer - [K3S] [watchdog_linux.go:99] "Systemd watchdog is not enabled"
2025-01-29 13:54:29,126 INFO c.h.h.t.HelmChartContainer - [K3S] [server.go:1282] "Started kubelet"
2025-01-29 13:54:29,127 INFO c.h.h.t.HelmChartContainer - [K3S] [ratelimit.go:55] "Setting rate limiting for endpoint" service="podresources" qps=100 burstTokens=10
2025-01-29 13:54:29,127 INFO c.h.h.t.HelmChartContainer - [K3S] [server.go:243] "Starting to serve the podresources API" endpoint="unix:/var/lib/kubelet/pod-resources/kubelet.sock"
2025-01-29 13:54:29,127 INFO c.h.h.t.HelmChartContainer - [K3S] [server.go:169] "Starting to listen" address="0.0.0.0" port=10250
2025-01-29 13:54:29,128 INFO c.h.h.t.HelmChartContainer - [K3S] [fs_resource_analyzer.go:67] "Starting FS ResourceAnalyzer"
2025-01-29 13:54:29,131 INFO c.h.h.t.HelmChartContainer - [K3S] [server.go:490] "Adding debug handlers to kubelet server"
2025-01-29 13:54:29,132 INFO c.h.h.t.HelmChartContainer - [K3S] [server.go:208] "Starting to listen read-only" address="0.0.0.0" port=10255
2025-01-29 13:54:29,136 INFO c.h.h.t.HelmChartContainer - [K3S] [dynamic_serving_content.go:135] "Starting controller" name="kubelet-server-cert-files::/var/lib/rancher/k3s/agent/serving-kubelet.crt::/var/lib/rancher/k3s/agent/serving-kubelet.key"
2025-01-29 13:54:29,136 INFO c.h.h.t.HelmChartContainer - [K3S] [kubelet.go:1561] "Image garbage collection failed once. Stats initialization may not have completed yet" err="invalid capacity 0 on image filesystem"
2025-01-29 13:54:29,140 INFO c.h.h.t.HelmChartContainer - [K3S] [kubelet_node_status.go:467] "Error getting the current node from lister" err="node \"3f7c43f3fa7a\" not found"
2025-01-29 13:54:29,140 INFO c.h.h.t.HelmChartContainer - [K3S] [volume_manager.go:297] "Starting Kubelet Volume Manager"
2025-01-29 13:54:29,140 INFO c.h.h.t.HelmChartContainer - [K3S] [desired_state_of_world_populator.go:149] "Desired state populator starts to run"
2025-01-29 13:54:29,140 INFO c.h.h.t.HelmChartContainer - [K3S] [reconciler.go:26] "Reconciler: start to sync state"
2025-01-29 13:54:29,141 INFO c.h.h.t.HelmChartContainer - [K3S] [factory.go:221] Registration of the systemd container factory successfully
2025-01-29 13:54:29,141 INFO c.h.h.t.HelmChartContainer - [K3S] [factory.go:219] Registration of the crio container factory failed: Get "http://%2Fvar%2Frun%2Fcrio%2Fcrio.sock/info": dial unix /var/run/crio/crio.sock: connect: no such file or directory
2025-01-29 13:54:29,143 INFO c.h.h.t.HelmChartContainer - [K3S] [factory.go:221] Registration of the containerd container factory successfully
2025-01-29 13:54:29,162 INFO c.h.h.t.HelmChartContainer - [K3S] [kubelet_network_linux.go:50] "Initialized iptables rules." protocol="IPv4"
2025-01-29 13:54:29,162 INFO c.h.h.t.HelmChartContainer - [K3S] [nodelease.go:49] "Failed to get node when trying to set owner ref to the node lease" err="nodes \"3f7c43f3fa7a\" not found" node="3f7c43f3fa7a"
2025-01-29 13:54:29,164 INFO c.h.h.t.HelmChartContainer - [K3S] [kubelet_network_linux.go:50] "Initialized iptables rules." protocol="IPv6"
2025-01-29 13:54:29,164 INFO c.h.h.t.HelmChartContainer - [K3S] [status_manager.go:227] "Starting to sync pod status with apiserver"
2025-01-29 13:54:29,164 INFO c.h.h.t.HelmChartContainer - [K3S] [watchdog_linux.go:127] "Systemd watchdog is not enabled or the interval is invalid, so health checking will not be started."
2025-01-29 13:54:29,164 INFO c.h.h.t.HelmChartContainer - [K3S] [kubelet.go:2388] "Starting kubelet main sync loop"
2025-01-29 13:54:29,164 INFO c.h.h.t.HelmChartContainer - [K3S] [kubelet.go:2412] "Skipping pod synchronization" err="[container runtime status check may not have completed yet, PLEG is not healthy: pleg has yet to be successful]"
2025-01-29 13:54:29,173 INFO c.h.h.t.HelmChartContainer - [K3S] [cpu_manager.go:221] "Starting CPU manager" policy="none"
2025-01-29 13:54:29,173 INFO c.h.h.t.HelmChartContainer - [K3S] [cpu_manager.go:222] "Reconciling" reconcilePeriod="10s"
2025-01-29 13:54:29,173 INFO c.h.h.t.HelmChartContainer - [K3S] [state_mem.go:36] "Initialized new in-memory state store"
2025-01-29 13:54:29,177 INFO c.h.h.t.HelmChartContainer - [K3S] [policy_none.go:49] "None policy: Start"
2025-01-29 13:54:29,177 INFO c.h.h.t.HelmChartContainer - [K3S] [memory_manager.go:186] "Starting memorymanager" policy="None"
2025-01-29 13:54:29,178 INFO c.h.h.t.HelmChartContainer - [K3S] [state_mem.go:35] "Initializing new in-memory state store"
2025-01-29 13:54:29,181 INFO c.h.h.t.HelmChartContainer - [K3S] [manager.go:519] "Failed to read data from checkpoint" checkpoint="kubelet_internal_checkpoint" err="checkpoint is not found"
2025-01-29 13:54:29,181 INFO c.h.h.t.HelmChartContainer - [K3S] [eviction_manager.go:189] "Eviction manager: starting control loop"
2025-01-29 13:54:29,181 INFO c.h.h.t.HelmChartContainer - [K3S] [container_log_manager.go:189] "Initializing container log rotate workers" workers=1 monitorPeriod="10s"
2025-01-29 13:54:29,183 INFO c.h.h.t.HelmChartContainer - [K3S] [plugin_manager.go:118] "Starting Kubelet Plugin Manager"
2025-01-29 13:54:29,187 INFO c.h.h.t.HelmChartContainer - [K3S] [eviction_manager.go:267] "eviction manager: failed to check if we have separate container filesystem. Ignoring." err="no imagefs label for configured runtime"
2025-01-29 13:54:29,187 INFO c.h.h.t.HelmChartContainer - [K3S] [eviction_manager.go:292] "Eviction manager: failed to get summary stats" err="failed to get node info: node \"3f7c43f3fa7a\" not found"
2025-01-29 13:54:29,249 INFO c.h.h.t.HelmChartContainer - [K3S] [ERROR] Sending HTTP/1.1 503 response to 127.0.0.1:48652: runtime core not ready
2025-01-29 13:54:29,283 INFO c.h.h.t.HelmChartContainer - [K3S] [kubelet_node_status.go:76] "Attempting to register node" node="3f7c43f3fa7a"
2025-01-29 13:54:29,289 INFO c.h.h.t.HelmChartContainer - [K3S] [kubelet_node_status.go:79] "Successfully registered node" node="3f7c43f3fa7a"
2025-01-29 13:54:29,289 INFO c.h.h.t.HelmChartContainer - [K3S] [kubelet_node_status.go:549] "Error updating node status, will retry" err="error getting node \"3f7c43f3fa7a\": node \"3f7c43f3fa7a\" not found"
2025-01-29 13:54:29,291 INFO c.h.h.t.HelmChartContainer - [K3S] [INFO] Annotations and labels have been set successfully on node: 3f7c43f3fa7a
2025-01-29 13:54:29,292 INFO c.h.h.t.HelmChartContainer - [K3S] [INFO] Starting flannel with backend vxlan
2025-01-29 13:54:29,349 INFO c.h.h.t.HelmChartContainer - [K3S] [INFO] Running kube-proxy --cluster-cidr=10.42.0.0/16 --conntrack-max-per-core=0 --conntrack-tcp-timeout-close-wait=0s --conntrack-tcp-timeout-established=0s --healthz-bind-address=127.0.0.1 --hostname-override=3f7c43f3fa7a --kubeconfig=/var/lib/rancher/k3s/agent/kubeproxy.kubeconfig --proxy-mode=iptables
2025-01-29 13:54:29,391 INFO c.h.h.t.HelmChartContainer - [K3S] [server.go:698] "Successfully retrieved node IP(s)" IPs=["172.18.0.2"]
2025-01-29 13:54:29,391 INFO c.h.h.t.HelmChartContainer - [K3S] [server.go:234] "Kube-proxy configuration may be incomplete or incorrect" err="nodePortAddresses is unset; NodePort connections will be accepted on all local IPs. Consider using `--nodeport-addresses primary`"
2025-01-29 13:54:29,394 INFO c.h.h.t.HelmChartContainer - [K3S] [server.go:243] "kube-proxy running in dual-stack mode" primary ipFamily="IPv4"
2025-01-29 13:54:29,395 INFO c.h.h.t.HelmChartContainer - [K3S] [server_linux.go:170] "Using iptables Proxier"
2025-01-29 13:54:29,396 INFO c.h.h.t.HelmChartContainer - [K3S] [proxier.go:255] "Setting route_localnet=1 to allow node-ports on localhost; to change this either disable iptables.localhostNodePorts (--iptables-localhost-nodeports) or set nodePortAddresses (--nodeport-addresses) to filter loopback addresses"
2025-01-29 13:54:29,400 INFO c.h.h.t.HelmChartContainer - [K3S] [server.go:497] "Version info" version="v1.32.1+k3s1"
2025-01-29 13:54:29,401 INFO c.h.h.t.HelmChartContainer - [K3S] [server.go:499] "Golang settings" GOGC="" GOMAXPROCS="" GOTRACEBACK=""
2025-01-29 13:54:29,401 INFO c.h.h.t.HelmChartContainer - [K3S] [config.go:199] "Starting service config controller"
2025-01-29 13:54:29,402 INFO c.h.h.t.HelmChartContainer - [K3S] [config.go:105] "Starting endpoint slice config controller"
2025-01-29 13:54:29,402 INFO c.h.h.t.HelmChartContainer - [K3S] [config.go:329] "Starting node config controller"
2025-01-29 13:54:29,496 INFO c.h.h.t.HelmChartContainer - [K3S] [kubelet_node_status.go:502] "Fast updating node status as it just became ready"
2025-01-29 13:54:29,924 INFO c.h.h.t.HelmChartContainer - [K3S] [INFO] Waiting for untainted node
2025-01-29 13:54:29,924 INFO c.h.h.t.HelmChartContainer - [K3S] [INFO] Waiting for cloud-controller-manager privileges to become available
2025-01-29 13:54:29,924 INFO c.h.h.t.HelmChartContainer - [K3S] [INFO] Kube API server is now running
2025-01-29 13:54:29,924 INFO c.h.h.t.HelmChartContainer - [K3S] [INFO] ETCD server is now running
2025-01-29 13:54:29,924 INFO c.h.h.t.HelmChartContainer - [K3S] [INFO] k3s is up and running
2025-01-29 13:54:29,925 INFO c.h.h.t.HelmChartContainer - [K3S] [INFO] Creating k3s-supervisor event broadcaster
2025-01-29 13:54:29,931 INFO c.h.h.t.HelmChartContainer - [K3S] [INFO] Applying CRD addons.k3s.cattle.io
2025-01-29 13:54:29,941 INFO c.h.h.t.HelmChartContainer - [K3S] [INFO] Applying CRD etcdsnapshotfiles.k3s.cattle.io
2025-01-29 13:54:29,956 INFO c.h.h.t.HelmChartContainer - [K3S] [INFO] Applying CRD helmcharts.helm.cattle.io
2025-01-29 13:54:29,967 INFO c.h.h.t.HelmChartContainer - [K3S] [INFO] Applying CRD helmchartconfigs.helm.cattle.io
2025-01-29 13:54:29,980 INFO c.h.h.t.HelmChartContainer - [K3S] [INFO] Waiting for CRD helmchartconfigs.helm.cattle.io to become available
2025-01-29 13:54:30,099 INFO c.h.h.t.HelmChartContainer - [K3S] [serving.go:392] Generated self-signed cert in-memory
2025-01-29 13:54:30,121 INFO c.h.h.t.HelmChartContainer - [K3S] [apiserver.go:52] "Watching apiserver"
2025-01-29 13:54:30,139 INFO c.h.h.t.HelmChartContainer - [K3S] [desired_state_of_world_populator.go:157] "Finished populating initial desired state of world"
2025-01-29 13:54:30,280 INFO c.h.h.t.HelmChartContainer - [K3S] [controllermanager.go:185] "Starting" version="v1.32.1+k3s1"
2025-01-29 13:54:30,280 INFO c.h.h.t.HelmChartContainer - [K3S] [controllermanager.go:187] "Golang settings" GOGC="" GOMAXPROCS="" GOTRACEBACK=""
2025-01-29 13:54:30,282 INFO c.h.h.t.HelmChartContainer - [K3S] [requestheader_controller.go:180] Starting RequestHeaderAuthRequestController
2025-01-29 13:54:30,282 INFO c.h.h.t.HelmChartContainer - [K3S] [configmap_cafile_content.go:205] "Starting controller" name="client-ca::kube-system::extension-apiserver-authentication::requestheader-client-ca-file"
2025-01-29 13:54:30,282 INFO c.h.h.t.HelmChartContainer - [K3S] [configmap_cafile_content.go:205] "Starting controller" name="client-ca::kube-system::extension-apiserver-authentication::client-ca-file"
2025-01-29 13:54:30,283 INFO c.h.h.t.HelmChartContainer - [K3S] [secure_serving.go:213] Serving securely on 127.0.0.1:10257
2025-01-29 13:54:30,283 INFO c.h.h.t.HelmChartContainer - [K3S] [tlsconfig.go:243] "Starting DynamicServingCertificateController"
2025-01-29 13:54:30,286 INFO c.h.h.t.HelmChartContainer - [K3S] [controllermanager.go:765] "Started controller" controller="serviceaccount-token-controller"
2025-01-29 13:54:30,293 INFO c.h.h.t.HelmChartContainer - [K3S] [node_lifecycle_controller.go:432] "Controller will reconcile labels"
2025-01-29 13:54:30,293 INFO c.h.h.t.HelmChartContainer - [K3S] [controllermanager.go:765] "Started controller" controller="node-lifecycle-controller"
2025-01-29 13:54:30,293 INFO c.h.h.t.HelmChartContainer - [K3S] [controllermanager.go:723] "Skipping a cloud provider controller" controller="service-lb-controller"
2025-01-29 13:54:30,293 INFO c.h.h.t.HelmChartContainer - [K3S] [node_lifecycle_controller.go:466] "Sending events to api server"
2025-01-29 13:54:30,294 INFO c.h.h.t.HelmChartContainer - [K3S] [node_lifecycle_controller.go:477] "Starting node controller"
2025-01-29 13:54:30,299 INFO c.h.h.t.HelmChartContainer - [K3S] [controllermanager.go:765] "Started controller" controller="root-ca-certificate-publisher-controller"
2025-01-29 13:54:30,299 INFO c.h.h.t.HelmChartContainer - [K3S] [publisher.go:107] "Starting root CA cert publisher controller"
2025-01-29 13:54:30,304 INFO c.h.h.t.HelmChartContainer - [K3S] [controllermanager.go:765] "Started controller" controller="endpointslice-controller"
2025-01-29 13:54:30,304 INFO c.h.h.t.HelmChartContainer - [K3S] [endpointslice_controller.go:281] "Starting endpoint slice controller"
2025-01-29 13:54:30,309 INFO c.h.h.t.HelmChartContainer - [K3S] [controllermanager.go:765] "Started controller" controller="ttl-controller"
2025-01-29 13:54:30,309 INFO c.h.h.t.HelmChartContainer - [K3S] [controllermanager.go:717] "Controller is disabled by a feature gate" controller="volumeattributesclass-protection-controller" requiredFeatureGates=["VolumeAttributesClass"]
2025-01-29 13:54:30,309 INFO c.h.h.t.HelmChartContainer - [K3S] [ttl_controller.go:127] "Starting TTL controller"
2025-01-29 13:54:30,315 INFO c.h.h.t.HelmChartContainer - [K3S] [controllermanager.go:765] "Started controller" controller="ttl-after-finished-controller"
2025-01-29 13:54:30,316 INFO c.h.h.t.HelmChartContainer - [K3S] [ttlafterfinished_controller.go:112] "Starting TTL after finished controller"
2025-01-29 13:54:30,318 INFO c.h.h.t.HelmChartContainer - [K3S] [controllermanager.go:765] "Started controller" controller="taint-eviction-controller"
2025-01-29 13:54:30,318 INFO c.h.h.t.HelmChartContainer - [K3S] [taint_eviction.go:281] "Starting" controller="taint-eviction-controller"
2025-01-29 13:54:30,318 INFO c.h.h.t.HelmChartContainer - [K3S] [taint_eviction.go:287] "Sending events to api server"
2025-01-29 13:54:30,325 INFO c.h.h.t.HelmChartContainer - [K3S] [controllermanager.go:765] "Started controller" controller="certificatesigningrequest-cleaner-controller"
2025-01-29 13:54:30,325 INFO c.h.h.t.HelmChartContainer - [K3S] [controllermanager.go:723] "Skipping a cloud provider controller" controller="cloud-node-lifecycle-controller"
2025-01-29 13:54:30,325 INFO c.h.h.t.HelmChartContainer - [K3S] [cleaner.go:83] "Starting CSR cleaner controller"
2025-01-29 13:54:30,330 INFO c.h.h.t.HelmChartContainer - [K3S] [controllermanager.go:765] "Started controller" controller="token-cleaner-controller"
2025-01-29 13:54:30,330 INFO c.h.h.t.HelmChartContainer - [K3S] [tokencleaner.go:117] "Starting token cleaner controller"
2025-01-29 13:54:30,335 INFO c.h.h.t.HelmChartContainer - [K3S] [controllermanager.go:765] "Started controller" controller="persistentvolume-attach-detach-controller"
2025-01-29 13:54:30,335 INFO c.h.h.t.HelmChartContainer - [K3S] [attach_detach_controller.go:338] "Starting attach detach controller"
2025-01-29 13:54:30,341 INFO c.h.h.t.HelmChartContainer - [K3S] [controllermanager.go:765] "Started controller" controller="legacy-serviceaccount-token-cleaner-controller"
2025-01-29 13:54:30,341 INFO c.h.h.t.HelmChartContainer - [K3S] [controllermanager.go:728] "Warning: controller is disabled" controller="bootstrap-signer-controller"
2025-01-29 13:54:30,341 INFO c.h.h.t.HelmChartContainer - [K3S] [legacy_serviceaccount_token_cleaner.go:103] "Starting legacy service account token cleaner controller"
2025-01-29 13:54:30,343 INFO c.h.h.t.HelmChartContainer - [K3S] [certificate_controller.go:120] "Starting certificate controller" name="csrsigning-kubelet-serving"
2025-01-29 13:54:30,344 INFO c.h.h.t.HelmChartContainer - [K3S] [dynamic_serving_content.go:135] "Starting controller" name="csr-controller::/var/lib/rancher/k3s/server/tls/server-ca.nochain.crt::/var/lib/rancher/k3s/server/tls/server-ca.key"
2025-01-29 13:54:30,344 INFO c.h.h.t.HelmChartContainer - [K3S] [certificate_controller.go:120] "Starting certificate controller" name="csrsigning-kubelet-client"
2025-01-29 13:54:30,344 INFO c.h.h.t.HelmChartContainer - [K3S] [dynamic_serving_content.go:135] "Starting controller" name="csr-controller::/var/lib/rancher/k3s/server/tls/client-ca.nochain.crt::/var/lib/rancher/k3s/server/tls/client-ca.key"
2025-01-29 13:54:30,344 INFO c.h.h.t.HelmChartContainer - [K3S] [certificate_controller.go:120] "Starting certificate controller" name="csrsigning-kube-apiserver-client"
2025-01-29 13:54:30,344 INFO c.h.h.t.HelmChartContainer - [K3S] [dynamic_serving_content.go:135] "Starting controller" name="csr-controller::/var/lib/rancher/k3s/server/tls/client-ca.nochain.crt::/var/lib/rancher/k3s/server/tls/client-ca.key"
2025-01-29 13:54:30,344 INFO c.h.h.t.HelmChartContainer - [K3S] [controllermanager.go:765] "Started controller" controller="certificatesigningrequest-signing-controller"
2025-01-29 13:54:30,344 INFO c.h.h.t.HelmChartContainer - [K3S] [controllermanager.go:723] "Skipping a cloud provider controller" controller="node-route-controller"
2025-01-29 13:54:30,344 INFO c.h.h.t.HelmChartContainer - [K3S] [controllermanager.go:717] "Controller is disabled by a feature gate" controller="resourceclaim-controller" requiredFeatureGates=["DynamicResourceAllocation"]
2025-01-29 13:54:30,345 INFO c.h.h.t.HelmChartContainer - [K3S] [certificate_controller.go:120] "Starting certificate controller" name="csrsigning-legacy-unknown"
2025-01-29 13:54:30,345 INFO c.h.h.t.HelmChartContainer - [K3S] [dynamic_serving_content.go:135] "Starting controller" name="csr-controller::/var/lib/rancher/k3s/server/tls/server-ca.nochain.crt::/var/lib/rancher/k3s/server/tls/server-ca.key"
2025-01-29 13:54:30,389 INFO c.h.h.t.HelmChartContainer - [K3S] [controllermanager.go:765] "Started controller" controller="deployment-controller"
2025-01-29 13:54:30,389 INFO c.h.h.t.HelmChartContainer - [K3S] [deployment_controller.go:173] "Starting controller" controller="deployment"
2025-01-29 13:54:30,482 INFO c.h.h.t.HelmChartContainer - [K3S] [INFO] Done waiting for CRD helmchartconfigs.helm.cattle.io to become available
2025-01-29 13:54:30,482 INFO c.h.h.t.HelmChartContainer - [K3S] [INFO] Writing static file: /var/lib/rancher/k3s/server/static/charts/traefik-crd-27.0.201+up27.0.2.tgz
2025-01-29 13:54:30,483 INFO c.h.h.t.HelmChartContainer - [K3S] [INFO] Writing static file: /var/lib/rancher/k3s/server/static/charts/traefik-27.0.201+up27.0.2.tgz
2025-01-29 13:54:30,483 INFO c.h.h.t.HelmChartContainer - [K3S] [INFO] Writing manifest: /var/lib/rancher/k3s/server/manifests/rolebindings.yaml
2025-01-29 13:54:30,484 INFO c.h.h.t.HelmChartContainer - [K3S] [INFO] Writing manifest: /var/lib/rancher/k3s/server/manifests/ccm.yaml
2025-01-29 13:54:30,484 INFO c.h.h.t.HelmChartContainer - [K3S] [INFO] Writing manifest: /var/lib/rancher/k3s/server/manifests/coredns.yaml
2025-01-29 13:54:30,484 INFO c.h.h.t.HelmChartContainer - [K3S] [INFO] Writing manifest: /var/lib/rancher/k3s/server/manifests/metrics-server/aggregated-metrics-reader.yaml
2025-01-29 13:54:30,485 INFO c.h.h.t.HelmChartContainer - [K3S] [INFO] Writing manifest: /var/lib/rancher/k3s/server/manifests/metrics-server/auth-reader.yaml
2025-01-29 13:54:30,485 INFO c.h.h.t.HelmChartContainer - [K3S] [INFO] Writing manifest: /var/lib/rancher/k3s/server/manifests/metrics-server/metrics-server-service.yaml
2025-01-29 13:54:30,485 INFO c.h.h.t.HelmChartContainer - [K3S] [INFO] Writing manifest: /var/lib/rancher/k3s/server/manifests/runtimes.yaml
2025-01-29 13:54:30,485 INFO c.h.h.t.HelmChartContainer - [K3S] [INFO] Writing manifest: /var/lib/rancher/k3s/server/manifests/local-storage.yaml
2025-01-29 13:54:30,485 INFO c.h.h.t.HelmChartContainer - [K3S] [INFO] Writing manifest: /var/lib/rancher/k3s/server/manifests/metrics-server/auth-delegator.yaml
2025-01-29 13:54:30,485 INFO c.h.h.t.HelmChartContainer - [K3S] [INFO] Writing manifest: /var/lib/rancher/k3s/server/manifests/metrics-server/metrics-apiservice.yaml
2025-01-29 13:54:30,485 INFO c.h.h.t.HelmChartContainer - [K3S] [INFO] Writing manifest: /var/lib/rancher/k3s/server/manifests/metrics-server/metrics-server-deployment.yaml
2025-01-29 13:54:30,485 INFO c.h.h.t.HelmChartContainer - [K3S] [INFO] Writing manifest: /var/lib/rancher/k3s/server/manifests/metrics-server/resource-reader.yaml
2025-01-29 13:54:30,486 INFO c.h.h.t.HelmChartContainer - [K3S] [INFO] Starting dynamiclistener CN filter node controller with SANs: [localhost 127.0.0.1 ::1 localhost 3f7c43f3fa7a 172.18.0.2 10.43.0.1 kubernetes kubernetes.default kubernetes.default.svc kubernetes.default.svc.cluster.local]
2025-01-29 13:54:30,486 INFO c.h.h.t.HelmChartContainer - [K3S] [INFO] Tunnel server egress proxy mode: agent
2025-01-29 13:54:30,539 INFO c.h.h.t.HelmChartContainer - [K3S] [controllermanager.go:765] "Started controller" controller="cronjob-controller"
2025-01-29 13:54:30,539 INFO c.h.h.t.HelmChartContainer - [K3S] [cronjob_controllerv2.go:145] "Starting cronjob controller v2"
2025-01-29 13:54:30,590 INFO c.h.h.t.HelmChartContainer - [K3S] [controllermanager.go:765] "Started controller" controller="certificatesigningrequest-approving-controller"
2025-01-29 13:54:30,590 INFO c.h.h.t.HelmChartContainer - [K3S] [certificate_controller.go:120] "Starting certificate controller" name="csrapproving"
2025-01-29 13:54:30,591 INFO c.h.h.t.HelmChartContainer - [K3S] [INFO] Starting k3s.cattle.io/v1, Kind=Addon controller
2025-01-29 13:54:30,591 INFO c.h.h.t.HelmChartContainer - [K3S] [INFO] Creating deploy event broadcaster
2025-01-29 13:54:30,695 INFO c.h.h.t.HelmChartContainer - [K3S] [INFO] Starting /v1, Kind=Node controller
2025-01-29 13:54:30,696 INFO c.h.h.t.HelmChartContainer - [K3S] [INFO] Creating helm-controller event broadcaster
2025-01-29 13:54:30,700 INFO c.h.h.t.HelmChartContainer - [K3S] [INFO] Cluster dns configmap has been set successfully
2025-01-29 13:54:30,744 INFO c.h.h.t.HelmChartContainer - [K3S] [controllermanager.go:765] "Started controller" controller="clusterrole-aggregation-controller"
2025-01-29 13:54:30,745 INFO c.h.h.t.HelmChartContainer - [K3S] [clusterroleaggregation_controller.go:194] "Starting ClusterRoleAggregator controller"
2025-01-29 13:54:30,752 INFO c.h.h.t.HelmChartContainer - [K3S] [INFO] Starting /v1, Kind=Secret controller
2025-01-29 13:54:30,752 INFO c.h.h.t.HelmChartContainer - [K3S] [INFO] Starting /v1, Kind=ConfigMap controller
2025-01-29 13:54:30,752 INFO c.h.h.t.HelmChartContainer - [K3S] [INFO] Starting /v1, Kind=ServiceAccount controller
2025-01-29 13:54:30,757 INFO c.h.h.t.HelmChartContainer - [K3S] [INFO] Updating TLS secret for kube-system/k3s-serving (count: 10): map[listener.cattle.io/cn-10.43.0.1:10.43.0.1 listener.cattle.io/cn-127.0.0.1:127.0.0.1 listener.cattle.io/cn-172.18.0.2:172.18.0.2 listener.cattle.io/cn-3f7c43f3fa7a:3f7c43f3fa7a listener.cattle.io/cn-__1-f16284:::1 listener.cattle.io/cn-kubernetes:kubernetes listener.cattle.io/cn-kubernetes.default:kubernetes.default listener.cattle.io/cn-kubernetes.default.svc:kubernetes.default.svc listener.cattle.io/cn-kubernetes.default.svc.cluster.local:kubernetes.default.svc.cluster.local listener.cattle.io/cn-localhost:localhost listener.cattle.io/fingerprint:SHA1=6E1ADF827073BAEB7E4CBC31D4692041938A60F0]
2025-01-29 13:54:30,759 INFO c.h.h.t.HelmChartContainer - [K3S] [INFO] Active TLS secret kube-system/k3s-serving (ver=241) (count 10): map[listener.cattle.io/cn-10.43.0.1:10.43.0.1 listener.cattle.io/cn-127.0.0.1:127.0.0.1 listener.cattle.io/cn-172.18.0.2:172.18.0.2 listener.cattle.io/cn-3f7c43f3fa7a:3f7c43f3fa7a listener.cattle.io/cn-__1-f16284:::1 listener.cattle.io/cn-kubernetes:kubernetes listener.cattle.io/cn-kubernetes.default:kubernetes.default listener.cattle.io/cn-kubernetes.default.svc:kubernetes.default.svc listener.cattle.io/cn-kubernetes.default.svc.cluster.local:kubernetes.default.svc.cluster.local listener.cattle.io/cn-localhost:localhost listener.cattle.io/fingerprint:SHA1=6E1ADF827073BAEB7E4CBC31D4692041938A60F0]
2025-01-29 13:54:30,804 INFO c.h.h.t.HelmChartContainer - [K3S] [INFO] Starting helm.cattle.io/v1, Kind=HelmChart controller
2025-01-29 13:54:30,804 INFO c.h.h.t.HelmChartContainer - [K3S] [INFO] Starting helm.cattle.io/v1, Kind=HelmChartConfig controller
2025-01-29 13:54:30,806 INFO c.h.h.t.HelmChartContainer - [K3S] [INFO] Starting rbac.authorization.k8s.io/v1, Kind=ClusterRoleBinding controller
2025-01-29 13:54:30,809 INFO c.h.h.t.HelmChartContainer - [K3S] [INFO] Starting batch/v1, Kind=Job controller
2025-01-29 13:54:30,854 INFO c.h.h.t.HelmChartContainer - [K3S] [INFO] Updating TLS secret for kube-system/k3s-serving (count: 10): map[listener.cattle.io/cn-10.43.0.1:10.43.0.1 listener.cattle.io/cn-127.0.0.1:127.0.0.1 listener.cattle.io/cn-172.18.0.2:172.18.0.2 listener.cattle.io/cn-3f7c43f3fa7a:3f7c43f3fa7a listener.cattle.io/cn-__1-f16284:::1 listener.cattle.io/cn-kubernetes:kubernetes listener.cattle.io/cn-kubernetes.default:kubernetes.default listener.cattle.io/cn-kubernetes.default.svc:kubernetes.default.svc listener.cattle.io/cn-kubernetes.default.svc.cluster.local:kubernetes.default.svc.cluster.local listener.cattle.io/cn-localhost:localhost listener.cattle.io/fingerprint:SHA1=6E1ADF827073BAEB7E4CBC31D4692041938A60F0]
2025-01-29 13:54:30,889 INFO c.h.h.t.HelmChartContainer - [K3S] [controllermanager.go:765] "Started controller" controller="persistentvolume-protection-controller"
2025-01-29 13:54:30,889 INFO c.h.h.t.HelmChartContainer - [K3S] [pv_protection_controller.go:81] "Starting PV protection controller"
2025-01-29 13:54:31,039 INFO c.h.h.t.HelmChartContainer - [K3S] [controllermanager.go:765] "Started controller" controller="ephemeral-volume-controller"
2025-01-29 13:54:31,039 INFO c.h.h.t.HelmChartContainer - [K3S] [controllermanager.go:717] "Controller is disabled by a feature gate" controller="service-cidr-controller" requiredFeatureGates=["MultiCIDRServiceAllocator"]
2025-01-29 13:54:31,039 INFO c.h.h.t.HelmChartContainer - [K3S] [controllermanager.go:717] "Controller is disabled by a feature gate" controller="selinux-warning-controller" requiredFeatureGates=["SELinuxChangePolicy"]
2025-01-29 13:54:31,039 INFO c.h.h.t.HelmChartContainer - [K3S] [controller.go:173] "Starting ephemeral volume controller"
2025-01-29 13:54:31,189 INFO c.h.h.t.HelmChartContainer - [K3S] [controllermanager.go:765] "Started controller" controller="endpointslice-mirroring-controller"
2025-01-29 13:54:31,189 INFO c.h.h.t.HelmChartContainer - [K3S] [endpointslicemirroring_controller.go:227] "Starting EndpointSliceMirroring controller"
2025-01-29 13:54:31,494 INFO c.h.h.t.HelmChartContainer - [K3S] [controllermanager.go:765] "Started controller" controller="resourcequota-controller"
2025-01-29 13:54:31,495 INFO c.h.h.t.HelmChartContainer - [K3S] [resource_quota_controller.go:300] "Starting resource quota controller"
2025-01-29 13:54:31,639 INFO c.h.h.t.HelmChartContainer - [K3S] [controllermanager.go:765] "Started controller" controller="daemonset-controller"
2025-01-29 13:54:31,640 INFO c.h.h.t.HelmChartContainer - [K3S] [daemon_controller.go:294] "Starting daemon sets controller"
2025-01-29 13:54:31,715 INFO c.h.h.t.HelmChartContainer - [K3S] [INFO] Labels and annotations have been set successfully on node: 3f7c43f3fa7a
2025-01-29 13:54:31,790 INFO c.h.h.t.HelmChartContainer - [K3S] [controllermanager.go:765] "Started controller" controller="job-controller"
2025-01-29 13:54:31,790 INFO c.h.h.t.HelmChartContainer - [K3S] [job_controller.go:243] "Starting job controller"
2025-01-29 13:54:31,989 INFO c.h.h.t.HelmChartContainer - [K3S] [controllermanager.go:765] "Started controller" controller="disruption-controller"
2025-01-29 13:54:31,989 INFO c.h.h.t.HelmChartContainer - [K3S] [disruption.go:452] "Sending events to api server."
2025-01-29 13:54:31,989 INFO c.h.h.t.HelmChartContainer - [K3S] [disruption.go:463] "Starting disruption controller"
2025-01-29 13:54:32,139 INFO c.h.h.t.HelmChartContainer - [K3S] [controllermanager.go:765] "Started controller" controller="persistentvolumeclaim-protection-controller"
2025-01-29 13:54:32,140 INFO c.h.h.t.HelmChartContainer - [K3S] [controllermanager.go:717] "Controller is disabled by a feature gate" controller="storageversion-garbage-collector-controller" requiredFeatureGates=["APIServerIdentity","StorageVersionAPI"]
2025-01-29 13:54:32,140 INFO c.h.h.t.HelmChartContainer - [K3S] [pvc_protection_controller.go:168] "Starting PVC protection controller"
2025-01-29 13:54:32,290 INFO c.h.h.t.HelmChartContainer - [K3S] [controllermanager.go:765] "Started controller" controller="endpoints-controller"
2025-01-29 13:54:32,290 INFO c.h.h.t.HelmChartContainer - [K3S] [endpoints_controller.go:182] "Starting endpoint controller"
2025-01-29 13:54:32,555 INFO c.h.h.t.HelmChartContainer - [K3S] [controllermanager.go:765] "Started controller" controller="namespace-controller"
2025-01-29 13:54:32,555 INFO c.h.h.t.HelmChartContainer - [K3S] [namespace_controller.go:202] "Starting namespace controller"
2025-01-29 13:54:32,598 INFO c.h.h.t.HelmChartContainer - [K3S] [event.go:389] "Event occurred" object="kube-system/ccm" fieldPath="" kind="Addon" apiVersion="k3s.cattle.io/v1" type="Normal" reason="ApplyingManifest" message="Applying manifest at \"/var/lib/rancher/k3s/server/manifests/ccm.yaml\""
2025-01-29 13:54:32,618 INFO c.h.h.t.HelmChartContainer - [K3S] [event.go:389] "Event occurred" object="kube-system/ccm" fieldPath="" kind="Addon" apiVersion="k3s.cattle.io/v1" type="Normal" reason="AppliedManifest" message="Applied manifest at \"/var/lib/rancher/k3s/server/manifests/ccm.yaml\""
2025-01-29 13:54:32,626 INFO c.h.h.t.HelmChartContainer - [K3S] [event.go:389] "Event occurred" object="kube-system/coredns" fieldPath="" kind="Addon" apiVersion="k3s.cattle.io/v1" type="Normal" reason="ApplyingManifest" message="Applying manifest at \"/var/lib/rancher/k3s/server/manifests/coredns.yaml\""
2025-01-29 13:54:32,628 INFO c.h.h.t.HelmChartContainer - [K3S] [event.go:389] "Event occurred" object="3f7c43f3fa7a" fieldPath="" kind="Node" apiVersion="" type="Normal" reason="NodePasswordValidationComplete" message="Deferred node password secret validation complete"
2025-01-29 13:54:32,689 INFO c.h.h.t.HelmChartContainer - [K3S] [controllermanager.go:765] "Started controller" controller="serviceaccount-controller"
2025-01-29 13:54:32,689 INFO c.h.h.t.HelmChartContainer - [K3S] [serviceaccounts_controller.go:114] "Starting service account controller"
2025-01-29 13:54:32,730 INFO c.h.h.t.HelmChartContainer - [K3S] [alloc.go:330] "allocated clusterIPs" service="kube-system/kube-dns" clusterIPs={"IPv4":"10.43.0.10"}
2025-01-29 13:54:32,734 INFO c.h.h.t.HelmChartContainer - [K3S] [event.go:389] "Event occurred" object="kube-system/coredns" fieldPath="" kind="Addon" apiVersion="k3s.cattle.io/v1" type="Normal" reason="AppliedManifest" message="Applied manifest at \"/var/lib/rancher/k3s/server/manifests/coredns.yaml\""
2025-01-29 13:54:32,743 INFO c.h.h.t.HelmChartContainer - [K3S] [event.go:389] "Event occurred" object="kube-system/local-storage" fieldPath="" kind="Addon" apiVersion="k3s.cattle.io/v1" type="Normal" reason="ApplyingManifest" message="Applying manifest at \"/var/lib/rancher/k3s/server/manifests/local-storage.yaml\""
2025-01-29 13:54:32,832 INFO c.h.h.t.HelmChartContainer - [K3S] [event.go:389] "Event occurred" object="kube-system/local-storage" fieldPath="" kind="Addon" apiVersion="k3s.cattle.io/v1" type="Normal" reason="AppliedManifest" message="Applied manifest at \"/var/lib/rancher/k3s/server/manifests/local-storage.yaml\""
2025-01-29 13:54:32,837 INFO c.h.h.t.HelmChartContainer - [K3S] [event.go:389] "Event occurred" object="kube-system/aggregated-metrics-reader" fieldPath="" kind="Addon" apiVersion="k3s.cattle.io/v1" type="Normal" reason="ApplyingManifest" message="Applying manifest at \"/var/lib/rancher/k3s/server/manifests/metrics-server/aggregated-metrics-reader.yaml\""
2025-01-29 13:54:32,906 INFO c.h.h.t.HelmChartContainer - [K3S] [event.go:389] "Event occurred" object="kube-system/aggregated-metrics-reader" fieldPath="" kind="Addon" apiVersion="k3s.cattle.io/v1" type="Normal" reason="AppliedManifest" message="Applied manifest at \"/var/lib/rancher/k3s/server/manifests/metrics-server/aggregated-metrics-reader.yaml\""
2025-01-29 13:54:32,911 INFO c.h.h.t.HelmChartContainer - [K3S] [event.go:389] "Event occurred" object="kube-system/auth-delegator" fieldPath="" kind="Addon" apiVersion="k3s.cattle.io/v1" type="Normal" reason="ApplyingManifest" message="Applying manifest at \"/var/lib/rancher/k3s/server/manifests/metrics-server/auth-delegator.yaml\""
2025-01-29 13:54:32,915 INFO c.h.h.t.HelmChartContainer - [K3S] [event.go:389] "Event occurred" object="kube-system/auth-delegator" fieldPath="" kind="Addon" apiVersion="k3s.cattle.io/v1" type="Normal" reason="AppliedManifest" message="Applied manifest at \"/var/lib/rancher/k3s/server/manifests/metrics-server/auth-delegator.yaml\""
2025-01-29 13:54:32,920 INFO c.h.h.t.HelmChartContainer - [K3S] [event.go:389] "Event occurred" object="kube-system/auth-reader" fieldPath="" kind="Addon" apiVersion="k3s.cattle.io/v1" type="Normal" reason="ApplyingManifest" message="Applying manifest at \"/var/lib/rancher/k3s/server/manifests/metrics-server/auth-reader.yaml\""
2025-01-29 13:54:32,924 INFO c.h.h.t.HelmChartContainer - [K3S] [event.go:389] "Event occurred" object="kube-system/auth-reader" fieldPath="" kind="Addon" apiVersion="k3s.cattle.io/v1" type="Normal" reason="AppliedManifest" message="Applied manifest at \"/var/lib/rancher/k3s/server/manifests/metrics-server/auth-reader.yaml\""
2025-01-29 13:54:32,930 INFO c.h.h.t.HelmChartContainer - [K3S] [event.go:389] "Event occurred" object="kube-system/metrics-apiservice" fieldPath="" kind="Addon" apiVersion="k3s.cattle.io/v1" type="Normal" reason="ApplyingManifest" message="Applying manifest at \"/var/lib/rancher/k3s/server/manifests/metrics-server/metrics-apiservice.yaml\""
2025-01-29 13:54:32,937 INFO c.h.h.t.HelmChartContainer - [K3S] [event.go:389] "Event occurred" object="kube-system/metrics-apiservice" fieldPath="" kind="Addon" apiVersion="k3s.cattle.io/v1" type="Normal" reason="AppliedManifest" message="Applied manifest at \"/var/lib/rancher/k3s/server/manifests/metrics-server/metrics-apiservice.yaml\""
2025-01-29 13:54:32,943 INFO c.h.h.t.HelmChartContainer - [K3S] [controllermanager.go:765] "Started controller" controller="garbage-collector-controller"
2025-01-29 13:54:32,944 INFO c.h.h.t.HelmChartContainer - [K3S] [graph_builder.go:351] "Running" component="GraphBuilder"
2025-01-29 13:54:32,944 INFO c.h.h.t.HelmChartContainer - [K3S] [handler_proxy.go:99] no RequestInfo found in the context
2025-01-29 13:54:32,944 INFO c.h.h.t.HelmChartContainer - [K3S] [controller.go:146] "Unhandled Error" err=<
2025-01-29 13:54:32,944 INFO c.h.h.t.HelmChartContainer - [K3S] 	, Header: map[Content-Type:[text/plain; charset=utf-8] X-Content-Type-Options:[nosniff]]
2025-01-29 13:54:32,944 INFO c.h.h.t.HelmChartContainer - [K3S]  >
2025-01-29 13:54:32,945 INFO c.h.h.t.HelmChartContainer - [K3S] [handler_proxy.go:143] error resolving kube-system/metrics-server: service "metrics-server" not found
2025-01-29 13:54:32,947 INFO c.h.h.t.HelmChartContainer - [K3S] [event.go:389] "Event occurred" object="kube-system/metrics-server-deployment" fieldPath="" kind="Addon" apiVersion="k3s.cattle.io/v1" type="Normal" reason="ApplyingManifest" message="Applying manifest at \"/var/lib/rancher/k3s/server/manifests/metrics-server/metrics-server-deployment.yaml\""
2025-01-29 13:54:32,957 INFO c.h.h.t.HelmChartContainer - [K3S] [event.go:389] "Event occurred" object="kube-system/metrics-server-deployment" fieldPath="" kind="Addon" apiVersion="k3s.cattle.io/v1" type="Normal" reason="AppliedManifest" message="Applied manifest at \"/var/lib/rancher/k3s/server/manifests/metrics-server/metrics-server-deployment.yaml\""
2025-01-29 13:54:32,962 INFO c.h.h.t.HelmChartContainer - [K3S] [event.go:389] "Event occurred" object="kube-system/metrics-server-service" fieldPath="" kind="Addon" apiVersion="k3s.cattle.io/v1" type="Normal" reason="ApplyingManifest" message="Applying manifest at \"/var/lib/rancher/k3s/server/manifests/metrics-server/metrics-server-service.yaml\""
2025-01-29 13:54:32,968 INFO c.h.h.t.HelmChartContainer - [K3S] [alloc.go:330] "allocated clusterIPs" service="kube-system/metrics-server" clusterIPs={"IPv4":"10.43.116.208"}
2025-01-29 13:54:32,969 INFO c.h.h.t.HelmChartContainer - [K3S] [event.go:389] "Event occurred" object="kube-system/metrics-server-service" fieldPath="" kind="Addon" apiVersion="k3s.cattle.io/v1" type="Normal" reason="AppliedManifest" message="Applied manifest at \"/var/lib/rancher/k3s/server/manifests/metrics-server/metrics-server-service.yaml\""
2025-01-29 13:54:32,976 INFO c.h.h.t.HelmChartContainer - [K3S] [handler_proxy.go:99] no RequestInfo found in the context
2025-01-29 13:54:32,977 INFO c.h.h.t.HelmChartContainer - [K3S] [controller.go:146] "Unhandled Error" err=<
2025-01-29 13:54:32,977 INFO c.h.h.t.HelmChartContainer - [K3S] 	, Header: map[Content-Type:[text/plain; charset=utf-8] X-Content-Type-Options:[nosniff]]
2025-01-29 13:54:32,977 INFO c.h.h.t.HelmChartContainer - [K3S]  >
2025-01-29 13:54:32,978 INFO c.h.h.t.HelmChartContainer - [K3S] [handler_proxy.go:143] error resolving kube-system/metrics-server: endpoints "metrics-server" not found
2025-01-29 13:54:32,980 INFO c.h.h.t.HelmChartContainer - [K3S] [event.go:389] "Event occurred" object="kube-system/resource-reader" fieldPath="" kind="Addon" apiVersion="k3s.cattle.io/v1" type="Normal" reason="ApplyingManifest" message="Applying manifest at \"/var/lib/rancher/k3s/server/manifests/metrics-server/resource-reader.yaml\""
2025-01-29 13:54:33,016 INFO c.h.h.t.HelmChartContainer - [K3S] [event.go:389] "Event occurred" object="kube-system/resource-reader" fieldPath="" kind="Addon" apiVersion="k3s.cattle.io/v1" type="Normal" reason="AppliedManifest" message="Applied manifest at \"/var/lib/rancher/k3s/server/manifests/metrics-server/resource-reader.yaml\""
2025-01-29 13:54:33,022 INFO c.h.h.t.HelmChartContainer - [K3S] [event.go:389] "Event occurred" object="kube-system/rolebindings" fieldPath="" kind="Addon" apiVersion="k3s.cattle.io/v1" type="Normal" reason="ApplyingManifest" message="Applying manifest at \"/var/lib/rancher/k3s/server/manifests/rolebindings.yaml\""
2025-01-29 13:54:33,128 INFO c.h.h.t.HelmChartContainer - [K3S] [event.go:389] "Event occurred" object="kube-system/rolebindings" fieldPath="" kind="Addon" apiVersion="k3s.cattle.io/v1" type="Normal" reason="AppliedManifest" message="Applied manifest at \"/var/lib/rancher/k3s/server/manifests/rolebindings.yaml\""
2025-01-29 13:54:33,135 INFO c.h.h.t.HelmChartContainer - [K3S] [event.go:389] "Event occurred" object="kube-system/runtimes" fieldPath="" kind="Addon" apiVersion="k3s.cattle.io/v1" type="Normal" reason="ApplyingManifest" message="Applying manifest at \"/var/lib/rancher/k3s/server/manifests/runtimes.yaml\""
2025-01-29 13:54:33,162 INFO c.h.h.t.HelmChartContainer - [K3S] [event.go:389] "Event occurred" object="kube-system/runtimes" fieldPath="" kind="Addon" apiVersion="k3s.cattle.io/v1" type="Normal" reason="AppliedManifest" message="Applied manifest at \"/var/lib/rancher/k3s/server/manifests/runtimes.yaml\""
2025-01-29 13:54:33,173 INFO c.h.h.t.HelmChartContainer - [K3S] [serving.go:392] Generated self-signed cert in-memory
2025-01-29 13:54:33,339 INFO c.h.h.t.HelmChartContainer - [K3S] [controllermanager.go:765] "Started controller" controller="horizontal-pod-autoscaler-controller"
2025-01-29 13:54:33,339 INFO c.h.h.t.HelmChartContainer - [K3S] [horizontal.go:201] "Starting HPA controller"
2025-01-29 13:54:33,493 INFO c.h.h.t.HelmChartContainer - [K3S] [range_allocator.go:112] "No Secondary Service CIDR provided. Skipping filtering out secondary service addresses"
2025-01-29 13:54:33,493 INFO c.h.h.t.HelmChartContainer - [K3S] [controllermanager.go:765] "Started controller" controller="node-ipam-controller"
2025-01-29 13:54:33,493 INFO c.h.h.t.HelmChartContainer - [K3S] [node_ipam_controller.go:141] "Starting ipam controller"
2025-01-29 13:54:33,507 INFO c.h.h.t.HelmChartContainer - [K3S] [serving.go:392] Generated self-signed cert in-memory
2025-01-29 13:54:33,639 INFO c.h.h.t.HelmChartContainer - [K3S] [controllermanager.go:765] "Started controller" controller="persistentvolume-expander-controller"
2025-01-29 13:54:33,639 INFO c.h.h.t.HelmChartContainer - [K3S] [controllermanager.go:717] "Controller is disabled by a feature gate" controller="kube-apiserver-serving-clustertrustbundle-publisher-controller" requiredFeatureGates=["ClusterTrustBundle"]
2025-01-29 13:54:33,639 INFO c.h.h.t.HelmChartContainer - [K3S] [expand_controller.go:329] "Starting expand controller"
2025-01-29 13:54:33,790 INFO c.h.h.t.HelmChartContainer - [K3S] [controllermanager.go:765] "Started controller" controller="replicationcontroller-controller"
2025-01-29 13:54:33,790 INFO c.h.h.t.HelmChartContainer - [K3S] [replica_set.go:217] "Starting controller" name="replicationcontroller"
2025-01-29 13:54:33,798 INFO c.h.h.t.HelmChartContainer - [K3S] [controllermanager.go:160] Version: v1.32.1+k3s1
2025-01-29 13:54:33,801 INFO c.h.h.t.HelmChartContainer - [K3S] [requestheader_controller.go:180] Starting RequestHeaderAuthRequestController
2025-01-29 13:54:33,801 INFO c.h.h.t.HelmChartContainer - [K3S] [configmap_cafile_content.go:205] "Starting controller" name="client-ca::kube-system::extension-apiserver-authentication::client-ca-file"
2025-01-29 13:54:33,801 INFO c.h.h.t.HelmChartContainer - [K3S] [configmap_cafile_content.go:205] "Starting controller" name="client-ca::kube-system::extension-apiserver-authentication::requestheader-client-ca-file"
2025-01-29 13:54:33,801 INFO c.h.h.t.HelmChartContainer - [K3S] [secure_serving.go:213] Serving securely on 127.0.0.1:10258
2025-01-29 13:54:33,801 INFO c.h.h.t.HelmChartContainer - [K3S] [tlsconfig.go:243] "Starting DynamicServingCertificateController"
2025-01-29 13:54:33,805 INFO c.h.h.t.HelmChartContainer - [K3S] [INFO] Creating service-lb-controller event broadcaster
2025-01-29 13:54:33,916 INFO c.h.h.t.HelmChartContainer - [K3S] [INFO] Starting /v1, Kind=Node controller
2025-01-29 13:54:33,918 INFO c.h.h.t.HelmChartContainer - [K3S] [INFO] Starting /v1, Kind=Pod controller
2025-01-29 13:54:33,921 INFO c.h.h.t.HelmChartContainer - [K3S] [INFO] Starting apps/v1, Kind=DaemonSet controller
2025-01-29 13:54:33,924 INFO c.h.h.t.HelmChartContainer - [K3S] [controllermanager.go:306] "node-route-controller" is disabled
2025-01-29 13:54:33,924 INFO c.h.h.t.HelmChartContainer - [K3S] [INFO] Starting discovery.k8s.io/v1, Kind=EndpointSlice controller
2025-01-29 13:54:33,924 INFO c.h.h.t.HelmChartContainer - [K3S] [controllermanager.go:329] Started "cloud-node-controller"
2025-01-29 13:54:33,924 INFO c.h.h.t.HelmChartContainer - [K3S] [node_controller.go:176] Sending events to api server.
2025-01-29 13:54:33,925 INFO c.h.h.t.HelmChartContainer - [K3S] [node_controller.go:185] Waiting for informer caches to sync
2025-01-29 13:54:33,925 INFO c.h.h.t.HelmChartContainer - [K3S] [controllermanager.go:329] Started "cloud-node-lifecycle-controller"
2025-01-29 13:54:33,925 INFO c.h.h.t.HelmChartContainer - [K3S] [node_lifecycle_controller.go:112] Sending events to api server
2025-01-29 13:54:33,925 INFO c.h.h.t.HelmChartContainer - [K3S] [controllermanager.go:329] Started "service-lb-controller"
2025-01-29 13:54:33,925 INFO c.h.h.t.HelmChartContainer - [K3S] [controller.go:234] Starting service controller
2025-01-29 13:54:33,937 INFO c.h.h.t.HelmChartContainer - [K3S] [handler_proxy.go:99] no RequestInfo found in the context
2025-01-29 13:54:33,937 INFO c.h.h.t.HelmChartContainer - [K3S] [handler_proxy.go:99] no RequestInfo found in the context
2025-01-29 13:54:33,937 INFO c.h.h.t.HelmChartContainer - [K3S] [controller.go:102] "Unhandled Error" err=<
2025-01-29 13:54:33,938 INFO c.h.h.t.HelmChartContainer - [K3S] 	, Header: map[Content-Type:[text/plain; charset=utf-8] X-Content-Type-Options:[nosniff]]
2025-01-29 13:54:33,938 INFO c.h.h.t.HelmChartContainer - [K3S]  >
2025-01-29 13:54:33,939 INFO c.h.h.t.HelmChartContainer - [K3S] [controllermanager.go:765] "Started controller" controller="pod-garbage-collector-controller"
2025-01-29 13:54:33,939 INFO c.h.h.t.HelmChartContainer - [K3S] [controllermanager.go:743] "Warning: skipping controller" controller="storage-version-migrator-controller"
2025-01-29 13:54:33,939 INFO c.h.h.t.HelmChartContainer - [K3S] [gc_controller.go:99] "Starting GC controller"
2025-01-29 13:54:34,025 INFO c.h.h.t.HelmChartContainer - [K3S] [node_controller.go:429] Initializing node 3f7c43f3fa7a with cloud provider
2025-01-29 13:54:34,029 INFO c.h.h.t.HelmChartContainer - [K3S] [node_controller.go:474] Successfully initialized node 3f7c43f3fa7a with cloud provider
2025-01-29 13:54:34,030 INFO c.h.h.t.HelmChartContainer - [K3S] [event.go:389] "Event occurred" object="3f7c43f3fa7a" fieldPath="" kind="Node" apiVersion="v1" type="Normal" reason="Synced" message="Node synced successfully"
2025-01-29 13:54:34,043 INFO c.h.h.t.HelmChartContainer - [K3S] [INFO] Updated coredns NodeHosts entry for 3f7c43f3fa7a
2025-01-29 13:54:34,090 INFO c.h.h.t.HelmChartContainer - [K3S] [controllermanager.go:765] "Started controller" controller="persistentvolume-binder-controller"
2025-01-29 13:54:34,090 INFO c.h.h.t.HelmChartContainer - [K3S] [pv_controller_base.go:308] "Starting persistent volume controller"
2025-01-29 13:54:34,108 INFO c.h.h.t.HelmChartContainer - [K3S] [INFO] Tunnel authorizer set Kubelet Port 0.0.0.0:10250
2025-01-29 13:54:34,265 INFO c.h.h.t.HelmChartContainer - [K3S] [serving.go:392] Generated self-signed cert in-memory
2025-01-29 13:54:34,289 INFO c.h.h.t.HelmChartContainer - [K3S] [controllermanager.go:765] "Started controller" controller="validatingadmissionpolicy-status-controller"
2025-01-29 13:54:34,398 INFO c.h.h.t.HelmChartContainer - [K3S] [server.go:164] "Starting Kubernetes Scheduler" version="v1.32.1+k3s1"
2025-01-29 13:54:34,398 INFO c.h.h.t.HelmChartContainer - [K3S] [server.go:166] "Golang settings" GOGC="" GOMAXPROCS="" GOTRACEBACK=""
2025-01-29 13:54:34,401 INFO c.h.h.t.HelmChartContainer - [K3S] [requestheader_controller.go:180] Starting RequestHeaderAuthRequestController
2025-01-29 13:54:34,401 INFO c.h.h.t.HelmChartContainer - [K3S] [configmap_cafile_content.go:205] "Starting controller" name="client-ca::kube-system::extension-apiserver-authentication::client-ca-file"
2025-01-29 13:54:34,401 INFO c.h.h.t.HelmChartContainer - [K3S] [configmap_cafile_content.go:205] "Starting controller" name="client-ca::kube-system::extension-apiserver-authentication::requestheader-client-ca-file"
2025-01-29 13:54:34,402 INFO c.h.h.t.HelmChartContainer - [K3S] [secure_serving.go:213] Serving securely on 127.0.0.1:10259
2025-01-29 13:54:34,402 INFO c.h.h.t.HelmChartContainer - [K3S] [tlsconfig.go:243] "Starting DynamicServingCertificateController"
2025-01-29 13:54:34,440 INFO c.h.h.t.HelmChartContainer - [K3S] [controllermanager.go:765] "Started controller" controller="replicaset-controller"
2025-01-29 13:54:34,440 INFO c.h.h.t.HelmChartContainer - [K3S] [replica_set.go:217] "Starting controller" name="replicaset"
2025-01-29 13:54:34,590 INFO c.h.h.t.HelmChartContainer - [K3S] [controllermanager.go:765] "Started controller" controller="statefulset-controller"
2025-01-29 13:54:34,590 INFO c.h.h.t.HelmChartContainer - [K3S] [stateful_set.go:166] "Starting stateful set controller"
2025-01-29 13:54:34,602 INFO c.h.h.t.HelmChartContainer - [K3S] [actual_state_of_world.go:541] "Failed to update statusUpdateNeeded field in actual state of world" err="Failed to set statusUpdateNeeded to needed true, because nodeName=\"3f7c43f3fa7a\" does not exist"
2025-01-29 13:54:34,694 INFO c.h.h.t.HelmChartContainer - [K3S] [node_lifecycle_controller.go:1234] "Initializing eviction metric for zone" zone=""
2025-01-29 13:54:34,694 INFO c.h.h.t.HelmChartContainer - [K3S] [node_lifecycle_controller.go:886] "Missing timestamp for Node. Assuming now as a timestamp" node="3f7c43f3fa7a"
2025-01-29 13:54:34,694 INFO c.h.h.t.HelmChartContainer - [K3S] [node_lifecycle_controller.go:1080] "Controller detected that zone is now in new state" zone="" newState="Normal"
2025-01-29 13:54:34,694 INFO c.h.h.t.HelmChartContainer - [K3S] [range_allocator.go:177] "Sending events to api server"
2025-01-29 13:54:34,694 INFO c.h.h.t.HelmChartContainer - [K3S] [range_allocator.go:183] "Starting range CIDR allocator"
2025-01-29 13:54:34,699 INFO c.h.h.t.HelmChartContainer - [K3S] [range_allocator.go:428] "Set node PodCIDR" node="3f7c43f3fa7a" podCIDRs=["10.42.0.0/24"]
2025-01-29 13:54:34,700 INFO c.h.h.t.HelmChartContainer - [K3S] [range_allocator.go:247] "Successfully synced" key="3f7c43f3fa7a"
2025-01-29 13:54:34,700 INFO c.h.h.t.HelmChartContainer - [K3S] [INFO] Flannel found PodCIDR assigned for node 3f7c43f3fa7a
2025-01-29 13:54:34,701 INFO c.h.h.t.HelmChartContainer - [K3S] [INFO] The interface eth0 with ipv4 address 172.18.0.2 will be used by flannel
2025-01-29 13:54:34,702 INFO c.h.h.t.HelmChartContainer - [K3S] [kube.go:139] Waiting 10m0s for node controller to sync
2025-01-29 13:54:34,703 INFO c.h.h.t.HelmChartContainer - [K3S] [kube.go:469] Starting kube subnet manager
2025-01-29 13:54:34,709 INFO c.h.h.t.HelmChartContainer - [K3S] [range_allocator.go:433] "Failed to update node PodCIDR after multiple attempts" err="failed to patch node CIDR: Node \"3f7c43f3fa7a\" is invalid: [spec.podCIDRs: Invalid value: []string{\"10.42.1.0/24\", \"10.42.0.0/24\"}: may specify no more than one CIDR for each IP family, spec.podCIDRs: Forbidden: node updates may not change podCIDR except from \"\" to valid]" node="3f7c43f3fa7a" podCIDRs=["10.42.1.0/24"]
2025-01-29 13:54:34,709 INFO c.h.h.t.HelmChartContainer - [K3S] [range_allocator.go:439] "CIDR assignment for node failed. Releasing allocated CIDR" err="failed to patch node CIDR: Node \"3f7c43f3fa7a\" is invalid: [spec.podCIDRs: Invalid value: []string{\"10.42.1.0/24\", \"10.42.0.0/24\"}: may specify no more than one CIDR for each IP family, spec.podCIDRs: Forbidden: node updates may not change podCIDR except from \"\" to valid]" node="3f7c43f3fa7a"
2025-01-29 13:54:34,709 INFO c.h.h.t.HelmChartContainer - [K3S] [range_allocator.go:252] "Unhandled Error" err="error syncing '3f7c43f3fa7a': failed to patch node CIDR: Node \"3f7c43f3fa7a\" is invalid: [spec.podCIDRs: Invalid value: []string{\"10.42.1.0/24\", \"10.42.0.0/24\"}: may specify no more than one CIDR for each IP family, spec.podCIDRs: Forbidden: node updates may not change podCIDR except from \"\" to valid], requeuing"
2025-01-29 13:54:34,709 INFO c.h.h.t.HelmChartContainer - [K3S] [range_allocator.go:247] "Successfully synced" key="3f7c43f3fa7a"
2025-01-29 13:54:34,714 INFO c.h.h.t.HelmChartContainer - [K3S] [range_allocator.go:247] "Successfully synced" key="3f7c43f3fa7a"
2025-01-29 13:54:34,812 INFO c.h.h.t.HelmChartContainer - [K3S] [INFO] Starting network policy controller version v2.2.1, built on 2025-01-28T18:27:08Z, go1.23.4
2025-01-29 13:54:34,812 INFO c.h.h.t.HelmChartContainer - [K3S] [network_policy_controller.go:164] Starting network policy controller
2025-01-29 13:54:34,835 INFO c.h.h.t.HelmChartContainer - [K3S] [range_allocator.go:247] "Successfully synced" key="3f7c43f3fa7a"
2025-01-29 13:54:34,840 INFO c.h.h.t.HelmChartContainer - [K3S] [network_policy_controller.go:176] Starting network policy controller full sync goroutine
2025-01-29 13:54:35,108 INFO c.h.h.t.HelmChartContainer - [K3S] [INFO] Started tunnel to 172.18.0.2:6443
2025-01-29 13:54:35,109 INFO c.h.h.t.HelmChartContainer - [K3S] [INFO] Stopped tunnel to 127.0.0.1:6443
2025-01-29 13:54:35,109 INFO c.h.h.t.HelmChartContainer - [K3S] [INFO] Proxy done" err="context canceled" url="wss://127.0.0.1:6443/v1-k3s/connect
2025-01-29 13:54:35,112 INFO c.h.h.t.HelmChartContainer - [K3S] [INFO] Connecting to proxy" url="wss://172.18.0.2:6443/v1-k3s/connect
2025-01-29 13:54:35,112 INFO c.h.h.t.HelmChartContainer - [K3S] [INFO] error in remotedialer server [400]: websocket: close 1006 (abnormal closure): unexpected EOF
2025-01-29 13:54:35,112 INFO c.h.h.t.HelmChartContainer - [K3S] [INFO] Handling backend connection request [3f7c43f3fa7a]
2025-01-29 13:54:35,112 INFO c.h.h.t.HelmChartContainer - [K3S] [INFO] Remotedialer connected to proxy" url="wss://172.18.0.2:6443/v1-k3s/connect
2025-01-29 13:54:35,246 INFO c.h.h.t.HelmChartContainer - [K3S] [handler_proxy.go:99] no RequestInfo found in the context
2025-01-29 13:54:35,246 INFO c.h.h.t.HelmChartContainer - [K3S] [controller.go:146] "Unhandled Error" err=<
2025-01-29 13:54:35,246 INFO c.h.h.t.HelmChartContainer - [K3S] 	, Header: map[Content-Type:[text/plain; charset=utf-8] X-Content-Type-Options:[nosniff]]
2025-01-29 13:54:35,246 INFO c.h.h.t.HelmChartContainer - [K3S]  >
2025-01-29 13:54:35,247 INFO c.h.h.t.HelmChartContainer - [K3S] [handler_proxy.go:143] error resolving kube-system/metrics-server: no endpoints available for service "metrics-server"
2025-01-29 13:54:35,508 INFO c.h.h.t.HelmChartContainer - [K3S] [replica_set.go:679] "Finished syncing" kind="ReplicaSet" key="kube-system/coredns-ff8999cc5" duration="111.413442ms"
2025-01-29 13:54:35,508 INFO c.h.h.t.HelmChartContainer - [K3S] [replica_set.go:679] "Finished syncing" kind="ReplicaSet" key="kube-system/local-path-provisioner-698b58967b" duration="112.11735ms"
2025-01-29 13:54:35,515 INFO c.h.h.t.HelmChartContainer - [K3S] [replica_set.go:679] "Finished syncing" kind="ReplicaSet" key="kube-system/metrics-server-8584b5786c" duration="115.225136ms"
2025-01-29 13:54:35,523 INFO c.h.h.t.HelmChartContainer - [K3S] [replica_set.go:679] "Finished syncing" kind="ReplicaSet" key="kube-system/local-path-provisioner-698b58967b" duration="10.060118ms"
2025-01-29 13:54:35,523 INFO c.h.h.t.HelmChartContainer - [K3S] [replica_set.go:679] "Finished syncing" kind="ReplicaSet" key="kube-system/coredns-ff8999cc5" duration="10.578985ms"
2025-01-29 13:54:35,523 INFO c.h.h.t.HelmChartContainer - [K3S] [replica_set.go:679] "Finished syncing" kind="ReplicaSet" key="kube-system/coredns-ff8999cc5" duration="25.458µs"
2025-01-29 13:54:35,523 INFO c.h.h.t.HelmChartContainer - [K3S] [replica_set.go:679] "Finished syncing" kind="ReplicaSet" key="kube-system/metrics-server-8584b5786c" duration="6.033748ms"
2025-01-29 13:54:35,535 INFO c.h.h.t.HelmChartContainer - [K3S] [replica_set.go:679] "Finished syncing" kind="ReplicaSet" key="kube-system/local-path-provisioner-698b58967b" duration="16.932388ms"
2025-01-29 13:54:35,535 INFO c.h.h.t.HelmChartContainer - [K3S] [replica_set.go:679] "Finished syncing" kind="ReplicaSet" key="kube-system/local-path-provisioner-698b58967b" duration="25.567µs"
2025-01-29 13:54:35,537 INFO c.h.h.t.HelmChartContainer - [K3S] [replica_set.go:679] "Finished syncing" kind="ReplicaSet" key="kube-system/metrics-server-8584b5786c" duration="17.185472ms"
2025-01-29 13:54:35,537 INFO c.h.h.t.HelmChartContainer - [K3S] [replica_set.go:679] "Finished syncing" kind="ReplicaSet" key="kube-system/metrics-server-8584b5786c" duration="29.386µs"
2025-01-29 13:54:35,554 INFO c.h.h.t.HelmChartContainer - [K3S] [replica_set.go:679] "Finished syncing" kind="ReplicaSet" key="kube-system/metrics-server-8584b5786c" duration="36.808µs"
2025-01-29 13:54:35,565 INFO c.h.h.t.HelmChartContainer - [K3S] [replica_set.go:679] "Finished syncing" kind="ReplicaSet" key="kube-system/coredns-ff8999cc5" duration="34.123µs"
2025-01-29 13:54:35,570 INFO c.h.h.t.HelmChartContainer - [K3S] [replica_set.go:679] "Finished syncing" kind="ReplicaSet" key="kube-system/local-path-provisioner-698b58967b" duration="27.982µs"
2025-01-29 13:54:35,581 INFO c.h.h.t.HelmChartContainer - [K3S] [reconciler_common.go:251] "operationExecutor.VerifyControllerAttachedVolume started for volume \"config-volume\" (UniqueName: \"kubernetes.io/configmap/7f65cf72-7a34-45bc-bc76-fe273c46a8ea-config-volume\") pod \"coredns-ff8999cc5-4mgtl\" (UID: \"7f65cf72-7a34-45bc-bc76-fe273c46a8ea\") " pod="kube-system/coredns-ff8999cc5-4mgtl"
2025-01-29 13:54:35,581 INFO c.h.h.t.HelmChartContainer - [K3S] [reconciler_common.go:251] "operationExecutor.VerifyControllerAttachedVolume started for volume \"custom-config-volume\" (UniqueName: \"kubernetes.io/configmap/7f65cf72-7a34-45bc-bc76-fe273c46a8ea-custom-config-volume\") pod \"coredns-ff8999cc5-4mgtl\" (UID: \"7f65cf72-7a34-45bc-bc76-fe273c46a8ea\") " pod="kube-system/coredns-ff8999cc5-4mgtl"
2025-01-29 13:54:35,581 INFO c.h.h.t.HelmChartContainer - [K3S] [reconciler_common.go:251] "operationExecutor.VerifyControllerAttachedVolume started for volume \"kube-api-access-w5wqb\" (UniqueName: \"kubernetes.io/projected/7f65cf72-7a34-45bc-bc76-fe273c46a8ea-kube-api-access-w5wqb\") pod \"coredns-ff8999cc5-4mgtl\" (UID: \"7f65cf72-7a34-45bc-bc76-fe273c46a8ea\") " pod="kube-system/coredns-ff8999cc5-4mgtl"
2025-01-29 13:54:35,581 INFO c.h.h.t.HelmChartContainer - [K3S] [reconciler_common.go:251] "operationExecutor.VerifyControllerAttachedVolume started for volume \"config-volume\" (UniqueName: \"kubernetes.io/configmap/05e9c854-54e7-4e22-a332-6d0f92a9bc30-config-volume\") pod \"local-path-provisioner-698b58967b-pptvs\" (UID: \"05e9c854-54e7-4e22-a332-6d0f92a9bc30\") " pod="kube-system/local-path-provisioner-698b58967b-pptvs"
2025-01-29 13:54:35,581 INFO c.h.h.t.HelmChartContainer - [K3S] [reconciler_common.go:251] "operationExecutor.VerifyControllerAttachedVolume started for volume \"kube-api-access-pfpx6\" (UniqueName: \"kubernetes.io/projected/05e9c854-54e7-4e22-a332-6d0f92a9bc30-kube-api-access-pfpx6\") pod \"local-path-provisioner-698b58967b-pptvs\" (UID: \"05e9c854-54e7-4e22-a332-6d0f92a9bc30\") " pod="kube-system/local-path-provisioner-698b58967b-pptvs"
2025-01-29 13:54:35,581 INFO c.h.h.t.HelmChartContainer - [K3S] [reconciler_common.go:251] "operationExecutor.VerifyControllerAttachedVolume started for volume \"tmp-dir\" (UniqueName: \"kubernetes.io/empty-dir/c40db8d9-3fd9-4cd1-a9a4-4a1c04263c04-tmp-dir\") pod \"metrics-server-8584b5786c-kqkgb\" (UID: \"c40db8d9-3fd9-4cd1-a9a4-4a1c04263c04\") " pod="kube-system/metrics-server-8584b5786c-kqkgb"
2025-01-29 13:54:35,581 INFO c.h.h.t.HelmChartContainer - [K3S] [reconciler_common.go:251] "operationExecutor.VerifyControllerAttachedVolume started for volume \"kube-api-access-ckhpc\" (UniqueName: \"kubernetes.io/projected/c40db8d9-3fd9-4cd1-a9a4-4a1c04263c04-kube-api-access-ckhpc\") pod \"metrics-server-8584b5786c-kqkgb\" (UID: \"c40db8d9-3fd9-4cd1-a9a4-4a1c04263c04\") " pod="kube-system/metrics-server-8584b5786c-kqkgb"
2025-01-29 13:54:35,704 INFO c.h.h.t.HelmChartContainer - [K3S] [kube.go:146] Node controller sync successful
2025-01-29 13:54:35,704 INFO c.h.h.t.HelmChartContainer - [K3S] [vxlan.go:141] VXLAN config: VNI=1 Port=0 GBP=false Learning=false DirectRouting=false
2025-01-29 13:54:35,705 INFO c.h.h.t.HelmChartContainer - [K3S] [kube.go:636] List of node(3f7c43f3fa7a) annotations: map[string]string{"alpha.kubernetes.io/provided-node-ip":"172.18.0.2", "k3s.io/hostname":"3f7c43f3fa7a", "k3s.io/internal-ip":"172.18.0.2", "k3s.io/node-args":"[\"server\",\"--etcd-arg\",\"unsafe-no-fsync\",\"--etcd-arg\",\"snapshot-count=10000\",\"--etcd-arg\",\"auto-compaction-mode=revision\",\"--etcd-arg\",\"auto-compaction-retention=1000000\",\"--kube-apiserver-arg\",\"etcd-compaction-interval=0s\",\"--disable\",\"traefik\",\"--tls-san\",\"localhost\"]", "k3s.io/node-config-hash":"2QNNT5M5XUBFOLO5XPGEVGOM5UDLHHTIVMSRUPAUHE5DU3HUYQUQ====", "k3s.io/node-env":"{}", "node.alpha.kubernetes.io/ttl":"0", "volumes.kubernetes.io/controller-managed-attach-detach":"true"}
2025-01-29 13:54:35,711 INFO c.h.h.t.HelmChartContainer - [K3S] [iptables.go:51] Starting flannel in iptables mode...
2025-01-29 13:54:35,711 INFO c.h.h.t.HelmChartContainer - [K3S] [WARNING] no subnet found for key: FLANNEL_NETWORK in file: /run/flannel/subnet.env
2025-01-29 13:54:35,711 INFO c.h.h.t.HelmChartContainer - [K3S] [WARNING] no subnet found for key: FLANNEL_SUBNET in file: /run/flannel/subnet.env
2025-01-29 13:54:35,711 INFO c.h.h.t.HelmChartContainer - [K3S] [WARNING] no subnet found for key: FLANNEL_IPV6_NETWORK in file: /run/flannel/subnet.env
2025-01-29 13:54:35,711 INFO c.h.h.t.HelmChartContainer - [K3S] [WARNING] no subnet found for key: FLANNEL_IPV6_SUBNET in file: /run/flannel/subnet.env
2025-01-29 13:54:35,711 INFO c.h.h.t.HelmChartContainer - [K3S] [iptables.go:115] Current network or subnet (10.42.0.0/16, 10.42.0.0/24) is not equal to previous one (0.0.0.0/0, 0.0.0.0/0), trying to recycle old iptables rules
2025-01-29 13:54:35,711 INFO c.h.h.t.HelmChartContainer - [K3S] [kube.go:490] Creating the node lease for IPv4. This is the n.Spec.PodCIDRs: [10.42.0.0/24]
2025-01-29 13:54:35,711 INFO c.h.h.t.HelmChartContainer - [K3S] [range_allocator.go:247] "Successfully synced" key="3f7c43f3fa7a"
2025-01-29 13:54:35,719 INFO c.h.h.t.HelmChartContainer - [K3S] [iptables.go:125] Setting up masking rules
2025-01-29 13:54:35,722 INFO c.h.h.t.HelmChartContainer - [K3S] [iptables.go:226] Changing default FORWARD chain policy to ACCEPT
2025-01-29 13:54:35,724 INFO c.h.h.t.HelmChartContainer - [K3S] [INFO] Wrote flannel subnet file to /run/flannel/subnet.env
2025-01-29 13:54:35,724 INFO c.h.h.t.HelmChartContainer - [K3S] [INFO] Running flannel backend.
2025-01-29 13:54:35,724 INFO c.h.h.t.HelmChartContainer - [K3S] [vxlan_network.go:65] watching for new subnet leases
2025-01-29 13:54:35,734 INFO c.h.h.t.HelmChartContainer - [K3S] [iptables.go:372] bootstrap done
2025-01-29 13:54:35,739 INFO c.h.h.t.HelmChartContainer - [K3S] [iptables.go:372] bootstrap done
2025-01-29 13:54:36,249 INFO c.h.h.t.HelmChartContainer - [K3S] [handler_proxy.go:99] no RequestInfo found in the context
2025-01-29 13:54:36,250 INFO c.h.h.t.HelmChartContainer - [K3S] [controller.go:102] "Unhandled Error" err=<
2025-01-29 13:54:36,250 INFO c.h.h.t.HelmChartContainer - [K3S] 	, Header: map[Content-Type:[text/plain; charset=utf-8] X-Content-Type-Options:[nosniff]]
2025-01-29 13:54:36,250 INFO c.h.h.t.HelmChartContainer - [K3S]  >
2025-01-29 13:54:36,250 INFO c.h.h.t.HelmChartContainer - [K3S] [handler_proxy.go:99] no RequestInfo found in the context
2025-01-29 13:54:39,221 INFO c.h.h.t.HelmChartContainer - [K3S] [replica_set.go:679] "Finished syncing" kind="ReplicaSet" key="kube-system/metrics-server-8584b5786c" duration="3.008448ms"
2025-01-29 13:54:39,258 INFO c.h.h.t.HelmChartContainer - [K3S] [replica_set.go:679] "Finished syncing" kind="ReplicaSet" key="kube-system/coredns-ff8999cc5" duration="15.873194ms"
2025-01-29 13:54:39,260 INFO c.h.h.t.HelmChartContainer - [K3S] [replica_set.go:679] "Finished syncing" kind="ReplicaSet" key="kube-system/coredns-ff8999cc5" duration="42.94µs"
2025-01-29 13:54:39,277 INFO c.h.h.t.HelmChartContainer - [K3S] [replica_set.go:679] "Finished syncing" kind="ReplicaSet" key="kube-system/local-path-provisioner-698b58967b" duration="7.439774ms"
2025-01-29 13:54:39,277 INFO c.h.h.t.HelmChartContainer - [K3S] [replica_set.go:679] "Finished syncing" kind="ReplicaSet" key="kube-system/local-path-provisioner-698b58967b" duration="68.428µs"
2025-01-29 13:54:39,525 INFO c.h.h.t.HelmChartContainer - [K3S] [kuberuntime_manager.go:1702] "Updating runtime config through cri with podcidr" CIDR="10.42.0.0/24"
2025-01-29 13:54:39,532 INFO c.h.h.t.HelmChartContainer - [K3S] [kubelet_network.go:61] "Updating Pod CIDR" originalPodCIDR="" newPodCIDR="10.42.0.0/24"
2025-01-29 13:54:39,535 INFO c.h.h.t.HelmChartContainer - [K3S] [range_allocator.go:247] "Successfully synced" key="3f7c43f3fa7a"
2025-01-29 13:54:40,105 DEBUG c.h.h.t.HelmChartContainer - Image file loaded 'hivemq-platform-operator.tar'
2025-01-29 13:54:40,573 DEBUG c.h.h.t.HelmChartContainer - Image file loaded 'hivemq-platform-operator-init.tar'
2025-01-29 13:54:46,497 DEBUG c.h.h.t.HelmChartContainer - Image file loaded 'hivemq-platform.tar'
2025-01-29 13:54:46,498 DEBUG c.h.h.t.HelmChartContainer - Successful Helm chart Container startup
2025-01-29 13:54:46,512 INFO t.localhost/testcontainers/w2eafkgnbmwpux77:latest - Container localhost/testcontainers/w2eafkgnbmwpux77:latest started in PT21.491613301S
2025-01-29 13:54:46,521 DEBUG c.h.h.t.HelmChartContainer - Executing helm command: /bin/helm --kubeconfig /etc/rancher/k3s/k3s.yaml repo add hivemq https://hivemq.github.io/helm-charts
2025-01-29 13:54:47,820 INFO c.h.h.t.HelmChartContainer - [EVENT] Normal [Starting] Starting kubelet. [null:3f7c43f3fa7a]
2025-01-29 13:54:47,821 INFO c.h.h.t.HelmChartContainer - [EVENT] Warning [InvalidDiskCapacity] invalid capacity 0 on image filesystem [null:3f7c43f3fa7a]
2025-01-29 13:54:47,822 INFO c.h.h.t.HelmChartContainer - [EVENT] Normal [NodeHasSufficientMemory] Node 3f7c43f3fa7a status is now: NodeHasSufficientMemory [null:3f7c43f3fa7a]
2025-01-29 13:54:47,823 INFO c.h.h.t.HelmChartContainer - [EVENT] Normal [NodeHasNoDiskPressure] Node 3f7c43f3fa7a status is now: NodeHasNoDiskPressure [null:3f7c43f3fa7a]
2025-01-29 13:54:47,823 INFO c.h.h.t.HelmChartContainer - [EVENT] Normal [NodeHasSufficientPID] Node 3f7c43f3fa7a status is now: NodeHasSufficientPID [null:3f7c43f3fa7a]
2025-01-29 13:54:47,824 INFO c.h.h.t.HelmChartContainer - [EVENT] Normal [NodeAllocatableEnforced] Updated Node Allocatable limit across pods [null:3f7c43f3fa7a]
2025-01-29 13:54:47,826 INFO c.h.h.t.HelmChartContainer - [EVENT] Normal [NodeReady] Node 3f7c43f3fa7a status is now: NodeReady [null:3f7c43f3fa7a]
2025-01-29 13:54:47,826 INFO c.h.h.t.HelmChartContainer - [EVENT] Normal [NodePasswordValidationComplete] Deferred node password secret validation complete [null:3f7c43f3fa7a]
2025-01-29 13:54:47,827 INFO c.h.h.t.HelmChartContainer - [EVENT] Normal [Synced] Node synced successfully [null:3f7c43f3fa7a]
2025-01-29 13:54:47,829 INFO c.h.h.t.HelmChartContainer - [EVENT] Normal [RegisteredNode] Node 3f7c43f3fa7a event: Registered Node 3f7c43f3fa7a in Controller [null:3f7c43f3fa7a]
2025-01-29 13:54:47,830 INFO c.h.h.t.HelmChartContainer - [EVENT] Normal [CIDRAssignmentFailed] Node 3f7c43f3fa7a status is now: CIDRAssignmentFailed [null:3f7c43f3fa7a]
2025-01-29 13:54:47,832 INFO c.h.h.t.HelmChartContainer - Saved kubeconfig file on /tmp/kubeconfig-6997143876455819904.yaml
2025-01-29 13:54:47,832 INFO c.h.h.t.HelmChartContainer - HelmChartContainer is started
]]></system-out>
  <system-err><![CDATA[]]></system-err>
</testsuite>
