<?xml version="1.0" encoding="UTF-8"?>
<testsuite name="com.hivemq.helmcharts.platform.HelmCustomConfigIT" tests="4" skipped="0" failures="0" errors="0" timestamp="2025-06-16T06:16:47" hostname="fv-az1719-266" time="464.418">
  <properties/>
  <testcase name="withCustomYml_hivemqRunning()" classname="com.hivemq.helmcharts.platform.HelmCustomConfigIT" time="58.243"/>
  <testcase name="withExistingConfigMap_customResourceCreated()" classname="com.hivemq.helmcharts.platform.HelmCustomConfigIT" time="135.911"/>
  <testcase name="withCustomEnvVars_hivemqRunning()" classname="com.hivemq.helmcharts.platform.HelmCustomConfigIT" time="136.418"/>
  <testcase name="withCustomXml_hivemqRunning()" classname="com.hivemq.helmcharts.platform.HelmCustomConfigIT" time="133.846"/>
</testsuite>
