<?xml version="1.0" encoding="UTF-8"?>
<testsuite name="com.hivemq.helmcharts.operator.CustomOperatorSelectorIT" tests="1" skipped="0" failures="0" errors="0" timestamp="2025-06-26T12:19:35" hostname="fv-az1690-334" time="90.687">
  <properties/>
  <testcase name="whenOperatorSelectorIsConfigured_thenOnlyMatchingCustomResourcesAreReconciled()" classname="com.hivemq.helmcharts.operator.CustomOperatorSelectorIT" time="90.687"/>
</testsuite>
