<?xml version="1.0" encoding="UTF-8"?>
<testsuite name="com.hivemq.helmcharts.operator.CustomOperatorNamespacesIT" tests="1" skipped="0" failures="0" errors="0" timestamp="2025-01-30T04:00:22" hostname="fv-az1044-741" time="105.308">
  <properties/>
  <testcase name="whenOperatorNamespacesIsConfigured_thenOnlyCustomResourcesInWatchedNamespacesReconciled()" classname="com.hivemq.helmcharts.operator.CustomOperatorNamespacesIT" time="105.308">
    <system-out><![CDATA[2025-01-30 04:00:22,011 INFO c.h.h.t.HelmChartContainer - Creating namespace 'customoperatornamespacesit-operator'...
2025-01-30 04:00:22,013 INFO c.h.h.t.HelmChartContainer - [EVENT] Normal [NodeReady] Node 71e274ac6664 status is now: NodeReady [null:71e274ac6664]
2025-01-30 04:00:22,017 INFO c.h.h.t.HelmChartContainer - [EVENT] Normal [NodePasswordValidationComplete] Deferred node password secret validation complete [null:71e274ac6664]
2025-01-30 04:00:22,022 INFO c.h.h.t.HelmChartContainer - [EVENT] Normal [Synced] Node synced successfully [null:71e274ac6664]
2025-01-30 04:00:22,022 INFO c.h.h.t.HelmChartContainer - [EVENT] Normal [RegisteredNode] Node 71e274ac6664 event: Registered Node 71e274ac6664 in Controller [null:71e274ac6664]
2025-01-30 04:00:22,307 INFO c.h.h.t.HelmChartContainer - [POD] coredns-ff8999cc5-kt7fb [e101dc48-07c7-4ba0-86ff-8001b69722c9] in kube-system was ADDED
2025-01-30 04:00:22,307 INFO c.h.h.t.HelmChartContainer - [POD] local-path-provisioner-698b58967b-6766t [a35ff089-f049-498c-b8f5-11309fbeab23] in kube-system was ADDED
2025-01-30 04:00:22,308 INFO c.h.h.t.HelmChartContainer - Namespace 'customoperatornamespacesit-operator' created
2025-01-30 04:00:22,309 INFO c.h.h.t.HelmChartContainer - Creating namespace 'customoperatornamespacesit-alpha'...
2025-01-30 04:00:22,309 INFO c.h.h.t.HelmChartContainer - [POD] metrics-server-8584b5786c-nhtkb [3d2caf76-858e-4aec-822c-c83a1b781575] in kube-system was ADDED
2025-01-30 04:00:22,327 INFO c.h.h.t.HelmChartContainer - Namespace 'customoperatornamespacesit-alpha' created
2025-01-30 04:00:22,327 INFO c.h.h.t.HelmChartContainer - Creating namespace 'customoperatornamespacesit-beta'...
2025-01-30 04:00:22,420 INFO c.h.h.t.HelmChartContainer - Namespace 'customoperatornamespacesit-beta' created
2025-01-30 04:00:22,420 INFO c.h.h.t.HelmChartContainer - Creating namespace 'customoperatornamespacesit-gamma'...
2025-01-30 04:00:22,520 INFO c.h.h.t.HelmChartContainer - Namespace 'customoperatornamespacesit-gamma' created
2025-01-30 04:00:22,585 DEBUG c.h.h.t.HelmChartContainer - Executing helm command: /bin/helm --kubeconfig /etc/rancher/k3s/k3s.yaml install test-hivemq-platform-operator /charts/hivemq-platform-operator --wait --timeout 5m0s --set image.repository=docker.io/hivemq --set image.name=hivemq-platform-operator-test --set image.initImageName=hivemq-platform-operator-init-test --set image.tag=snapshot --set image.pullPolicy=Never --set logLevel=DEBUG --set resources.cpu=512m --set namespaces=customoperatornamespacesit-alpha\,customoperatornamespacesit-beta --namespace customoperatornamespacesit-operator
2025-01-30 04:00:25,001 INFO c.h.h.t.HelmChartContainer - [K3S] [alloc.go:330] "allocated clusterIPs" service="customoperatornamespacesit-operator/hivemq-platform-operator-test-hivemq-platform-operator" clusterIPs={"IPv4":"10.43.156.95"}
2025-01-30 04:00:25,016 INFO c.h.h.t.HelmChartContainer - [EVENT] Normal [ScalingReplicaSet] Scaled up replica set hivemq-test-hivemq-platform-operator-6c7f4cc7b from 0 to 1 [customoperatornamespacesit-operator:hivemq-test-hivemq-platform-operator]
2025-01-30 04:00:25,026 INFO c.h.h.t.HelmChartContainer - [POD] hivemq-test-hivemq-platform-operator-6c7f4cc7b-bhxg6 [baa6dd23-6214-4453-be7f-cde7a5c99541] in customoperatornamespacesit-operator was ADDED
2025-01-30 04:00:25,029 INFO c.h.h.t.HelmChartContainer - [EVENT] Normal [SuccessfulCreate] Created pod: hivemq-test-hivemq-platform-operator-6c7f4cc7b-bhxg6 [customoperatornamespacesit-operator:hivemq-test-hivemq-platform-operator-6c7f4cc7b]
2025-01-30 04:00:25,034 INFO c.h.h.t.HelmChartContainer - [K3S] [replica_set.go:679] "Finished syncing" kind="ReplicaSet" key="customoperatornamespacesit-operator/hivemq-test-hivemq-platform-operator-6c7f4cc7b" duration="21.072542ms"
2025-01-30 04:00:25,039 INFO c.h.h.t.HelmChartContainer - [EVENT] Normal [Scheduled] Successfully assigned customoperatornamespacesit-operator/hivemq-test-hivemq-platform-operator-6c7f4cc7b-bhxg6 to 71e274ac6664 [customoperatornamespacesit-operator:hivemq-test-hivemq-platform-operator-6c7f4cc7b-bhxg6]
2025-01-30 04:00:25,040 INFO c.h.h.t.HelmChartContainer - [POD] hivemq-test-hivemq-platform-operator-6c7f4cc7b-bhxg6 [baa6dd23-6214-4453-be7f-cde7a5c99541] in customoperatornamespacesit-operator was MODIFIED
2025-01-30 04:00:25,041 INFO c.h.h.t.HelmChartContainer - [K3S] [reconciler_common.go:251] "operationExecutor.VerifyControllerAttachedVolume started for volume \"kube-api-access-l67vm\" (UniqueName: \"kubernetes.io/projected/baa6dd23-6214-4453-be7f-cde7a5c99541-kube-api-access-l67vm\") pod \"hivemq-test-hivemq-platform-operator-6c7f4cc7b-bhxg6\" (UID: \"baa6dd23-6214-4453-be7f-cde7a5c99541\") " pod="customoperatornamespacesit-operator/hivemq-test-hivemq-platform-operator-6c7f4cc7b-bhxg6"
2025-01-30 04:00:25,058 INFO c.h.h.t.HelmChartContainer - [POD] hivemq-test-hivemq-platform-operator-6c7f4cc7b-bhxg6 [baa6dd23-6214-4453-be7f-cde7a5c99541] in customoperatornamespacesit-operator was MODIFIED
2025-01-30 04:00:25,058 INFO c.h.h.t.HelmChartContainer - [K3S] [replica_set.go:679] "Finished syncing" kind="ReplicaSet" key="customoperatornamespacesit-operator/hivemq-test-hivemq-platform-operator-6c7f4cc7b" duration="26.019634ms"
2025-01-30 04:00:25,058 INFO c.h.h.t.HelmChartContainer - [K3S] [replica_set.go:679] "Finished syncing" kind="ReplicaSet" key="customoperatornamespacesit-operator/hivemq-test-hivemq-platform-operator-6c7f4cc7b" duration="34.094µs"
2025-01-30 04:00:25,435 INFO c.h.h.t.HelmChartContainer - [EVENT] Normal [Pulled] Container image "docker.io/hivemq/hivemq-platform-operator-test:snapshot" already present on machine [customoperatornamespacesit-operator:hivemq-test-hivemq-platform-operator-6c7f4cc7b-bhxg6]
2025-01-30 04:00:25,435 INFO c.h.h.t.HelmChartContainer - Received Pulled event for container hivemq-platform-operator in pod hivemq-test-hivemq-platform-operator-6c7f4cc7b-bhxg6 [baa6dd23-6214-4453-be7f-cde7a5c99541]
2025-01-30 04:00:25,442 INFO c.h.h.t.HelmChartContainer - [EVENT] Normal [Created] Created container: hivemq-platform-operator [customoperatornamespacesit-operator:hivemq-test-hivemq-platform-operator-6c7f4cc7b-bhxg6]
2025-01-30 04:00:25,443 INFO c.h.h.t.HelmChartContainer - Received Created event for container hivemq-platform-operator in pod hivemq-test-hivemq-platform-operator-6c7f4cc7b-bhxg6 [baa6dd23-6214-4453-be7f-cde7a5c99541]
2025-01-30 04:00:26,780 INFO c.h.h.t.HelmChartContainer - [K3S] [replica_set.go:679] "Finished syncing" kind="ReplicaSet" key="customoperatornamespacesit-operator/hivemq-test-hivemq-platform-operator-6c7f4cc7b" duration="42.96µs"
2025-01-30 04:00:26,782 INFO c.h.h.t.HelmChartContainer - [POD] hivemq-test-hivemq-platform-operator-6c7f4cc7b-bhxg6 [baa6dd23-6214-4453-be7f-cde7a5c99541] in customoperatornamespacesit-operator was MODIFIED
2025-01-30 04:00:26,803 INFO c.h.h.t.HelmChartContainer - [EVENT] Normal [Started] Started container hivemq-platform-operator [customoperatornamespacesit-operator:hivemq-test-hivemq-platform-operator-6c7f4cc7b-bhxg6]
2025-01-30 04:00:26,804 INFO c.h.h.t.HelmChartContainer - Received Started event for container hivemq-platform-operator in pod hivemq-test-hivemq-platform-operator-6c7f4cc7b-bhxg6 [baa6dd23-6214-4453-be7f-cde7a5c99541]
2025-01-30 04:00:26,804 INFO c.h.h.t.HelmChartContainer - Started log watcher for hivemq-platform-operator in pod hivemq-test-hivemq-platform-operator-6c7f4cc7b-bhxg6 [baa6dd23-6214-4453-be7f-cde7a5c99541]
2025-01-30 04:00:26,805 INFO c.h.h.t.HelmChartContainer - [hivemq-test-hivemq-platform] [hivemq-platform-operator] [baa6dd23] -------------------------------------------------------------------------
2025-01-30 04:00:26,805 INFO c.h.h.t.HelmChartContainer - [hivemq-test-hivemq-platform] [hivemq-platform-operator] [baa6dd23] 
2025-01-30 04:00:26,805 INFO c.h.h.t.HelmChartContainer - [hivemq-test-hivemq-platform] [hivemq-platform-operator] [baa6dd23]                   _    _  _              __  __   ____
2025-01-30 04:00:26,805 INFO c.h.h.t.HelmChartContainer - [hivemq-test-hivemq-platform] [hivemq-platform-operator] [baa6dd23]                  | |  | |(_)            |  \/  | / __ \
2025-01-30 04:00:26,805 INFO c.h.h.t.HelmChartContainer - [hivemq-test-hivemq-platform] [hivemq-platform-operator] [baa6dd23]                  | |__| | _ __   __ ___ | \  / || |  | |
2025-01-30 04:00:26,805 INFO c.h.h.t.HelmChartContainer - [hivemq-test-hivemq-platform] [hivemq-platform-operator] [baa6dd23]                  |  __  || |\ \ / // _ \| |\/| || |  | |
2025-01-30 04:00:26,805 INFO c.h.h.t.HelmChartContainer - [hivemq-test-hivemq-platform] [hivemq-platform-operator] [baa6dd23]                  | |  | || | \ V /|  __/| |  | || |__| |
2025-01-30 04:00:26,805 INFO c.h.h.t.HelmChartContainer - [hivemq-test-hivemq-platform] [hivemq-platform-operator] [baa6dd23]                  |_|  |_||_|  \_/  \___||_|  |_| \___\_\
2025-01-30 04:00:26,805 INFO c.h.h.t.HelmChartContainer - [hivemq-test-hivemq-platform] [hivemq-platform-operator] [baa6dd23] 
2025-01-30 04:00:26,805 INFO c.h.h.t.HelmChartContainer - [hivemq-test-hivemq-platform] [hivemq-platform-operator] [baa6dd23] -------------------------------------------------------------------------
2025-01-30 04:00:26,805 INFO c.h.h.t.HelmChartContainer - [hivemq-test-hivemq-platform] [hivemq-platform-operator] [baa6dd23] 
2025-01-30 04:00:26,805 INFO c.h.h.t.HelmChartContainer - [hivemq-test-hivemq-platform] [hivemq-platform-operator] [baa6dd23]   HiveMQ Platform Operator Start Script v1.0
2025-01-30 04:00:26,805 INFO c.h.h.t.HelmChartContainer - [hivemq-test-hivemq-platform] [hivemq-platform-operator] [baa6dd23] 
2025-01-30 04:00:26,805 INFO c.h.h.t.HelmChartContainer - [hivemq-test-hivemq-platform] [hivemq-platform-operator] [baa6dd23] -------------------------------------------------------------------------
2025-01-30 04:00:26,805 INFO c.h.h.t.HelmChartContainer - [hivemq-test-hivemq-platform] [hivemq-platform-operator] [baa6dd23] 
2025-01-30 04:00:26,805 INFO c.h.h.t.HelmChartContainer - [hivemq-test-hivemq-platform] [hivemq-platform-operator] [baa6dd23]   JAVA_OPTS: -XX:+UnlockExperimentalVMOptions -XX:InitialRAMPercentage=75 -XX:MaxRAMPercentage=75 -Duser.language=en -Duser.region=US
2025-01-30 04:00:26,805 INFO c.h.h.t.HelmChartContainer - [hivemq-test-hivemq-platform] [hivemq-platform-operator] [baa6dd23] 
2025-01-30 04:00:26,805 INFO c.h.h.t.HelmChartContainer - [hivemq-test-hivemq-platform] [hivemq-platform-operator] [baa6dd23]   JAVA_VERSION: 21
2025-01-30 04:00:26,805 INFO c.h.h.t.HelmChartContainer - [hivemq-test-hivemq-platform] [hivemq-platform-operator] [baa6dd23] 
2025-01-30 04:00:26,805 INFO c.h.h.t.HelmChartContainer - [hivemq-test-hivemq-platform] [hivemq-platform-operator] [baa6dd23] -------------------------------------------------------------------------
2025-01-30 04:00:26,806 INFO c.h.h.t.HelmChartContainer - [hivemq-test-hivemq-platform] [hivemq-platform-operator] [baa6dd23] 
2025-01-30 04:00:28,831 INFO c.h.h.t.HelmChartContainer - [hivemq-test-hivemq-platform] [hivemq-platform-operator] [baa6dd23] 04:00:28.754 [main] DEBUG org.jboss.logging - Logging Provider: org.jboss.logging.Slf4jLoggerProvider
2025-01-30 04:00:28,853 INFO c.h.h.t.HelmChartContainer - [hivemq-test-hivemq-platform] [hivemq-platform-operator] [baa6dd23] 04:00:28.852 [main] DEBUG io.smallrye.config - SRCFG01006: Loaded ConfigSource SysPropConfigSource with ordinal 400
2025-01-30 04:00:28,854 INFO c.h.h.t.HelmChartContainer - [hivemq-test-hivemq-platform] [hivemq-platform-operator] [baa6dd23] 04:00:28.852 [main] DEBUG io.smallrye.config - SRCFG01006: Loaded ConfigSource EnvConfigSource with ordinal 300
2025-01-30 04:00:28,854 INFO c.h.h.t.HelmChartContainer - [hivemq-test-hivemq-platform] [hivemq-platform-operator] [baa6dd23] 04:00:28.852 [main] DEBUG io.smallrye.config - SRCFG01006: Loaded ConfigSource PropertiesConfigSource[source=jar:file:///opt/hivemq-platform-operator/bin/hivemq-platform-operator.jar!/hivemq-platform-operator.properties] with ordinal 100
2025-01-30 04:00:28,854 INFO c.h.h.t.HelmChartContainer - [hivemq-test-hivemq-platform] [hivemq-platform-operator] [baa6dd23] 04:00:28.852 [main] DEBUG io.smallrye.config - SRCFG01006: Loaded ConfigSource DefaultValuesConfigSource with ordinal -2147483648
2025-01-30 04:00:28,957 INFO c.h.h.t.HelmChartContainer - [hivemq-test-hivemq-platform] [hivemq-platform-operator] [baa6dd23] 04:00:28.956 [main] DEBUG i.m.c.u.i.l.InternalLoggerFactory - Using SLF4J as the default logging framework
2025-01-30 04:00:29,145 INFO c.h.h.t.HelmChartContainer - [hivemq-test-hivemq-platform] [hivemq-platform-operator] [baa6dd23] 04:00:29.136 [main] INFO  c.h.p.o.HiveMQPlatformOperatorApplication - HiveMQ Platform Operator 1.7.0-SNAPSHOT (commit: 47e3375 on branch: HEAD) built on Thu Jan 30 03:55:50 UTC 2025
2025-01-30 04:00:29,146 INFO c.h.h.t.HelmChartContainer - [hivemq-test-hivemq-platform] [hivemq-platform-operator] [baa6dd23] 04:00:29.144 [main] INFO  c.h.p.o.HiveMQPlatformOperatorApplication - HiveMQ Platform Operator is running in namespace: customoperatornamespacesit-operator
2025-01-30 04:00:29,147 INFO c.h.h.t.HelmChartContainer - [hivemq-test-hivemq-platform] [hivemq-platform-operator] [baa6dd23] 04:00:29.144 [main] INFO  c.h.p.o.HiveMQPlatformOperatorApplication - Watching namespaces: customoperatornamespacesit-alpha,customoperatornamespacesit-beta
2025-01-30 04:00:29,147 INFO c.h.h.t.HelmChartContainer - [hivemq-test-hivemq-platform] [hivemq-platform-operator] [baa6dd23] 04:00:29.144 [main] INFO  c.h.p.o.HiveMQPlatformOperatorApplication - Log level: DEBUG
2025-01-30 04:00:29,147 INFO c.h.h.t.HelmChartContainer - [hivemq-test-hivemq-platform] [hivemq-platform-operator] [baa6dd23] 04:00:29.144 [main] INFO  c.h.p.o.HiveMQPlatformOperatorApplication - Release name: test-hivemq-platform-operator
2025-01-30 04:00:29,147 INFO c.h.h.t.HelmChartContainer - [hivemq-test-hivemq-platform] [hivemq-platform-operator] [baa6dd23] 04:00:29.144 [main] INFO  c.h.p.o.HiveMQPlatformOperatorApplication - HiveMQ Platform Operator Init image: docker.io/hivemq/hivemq-platform-operator-init-test:snapshot
2025-01-30 04:00:29,147 INFO c.h.h.t.HelmChartContainer - [hivemq-test-hivemq-platform] [hivemq-platform-operator] [baa6dd23] 04:00:29.144 [main] INFO  c.h.p.o.HiveMQPlatformOperatorApplication - HiveMQ Platform Operator Init App update URL: http://hivemq-platform-operator-test-hivemq-platform-operator.customoperatornamespacesit-operator.svc:8080/initAppUpdate/hivemq-platform-operator-init-app-1.7.0-SNAPSHOT.jar
2025-01-30 04:00:29,147 INFO c.h.h.t.HelmChartContainer - [hivemq-test-hivemq-platform] [hivemq-platform-operator] [baa6dd23] 04:00:29.144 [main] INFO  c.h.p.o.HiveMQPlatformOperatorApplication - Additional imagePullSecret for all Platform deployments: none
2025-01-30 04:00:29,147 INFO c.h.h.t.HelmChartContainer - [hivemq-test-hivemq-platform] [hivemq-platform-operator] [baa6dd23] 04:00:29.144 [main] INFO  c.h.p.o.HiveMQPlatformOperatorApplication - Apply HiveMQ Platform CRD: true
2025-01-30 04:00:29,147 INFO c.h.h.t.HelmChartContainer - [hivemq-test-hivemq-platform] [hivemq-platform-operator] [baa6dd23] 04:00:29.144 [main] INFO  c.h.p.o.HiveMQPlatformOperatorApplication - Create Platform ServiceAccount: true
2025-01-30 04:00:29,147 INFO c.h.h.t.HelmChartContainer - [hivemq-test-hivemq-platform] [hivemq-platform-operator] [baa6dd23] 04:00:29.144 [main] INFO  c.h.p.o.HiveMQPlatformOperatorApplication - Create Platform ServiceAccount permissions: true
2025-01-30 04:00:29,147 INFO c.h.h.t.HelmChartContainer - [hivemq-test-hivemq-platform] [hivemq-platform-operator] [baa6dd23] 04:00:29.144 [main] INFO  c.h.p.o.HiveMQPlatformOperatorApplication - Validate Platform ServiceAccount: true
2025-01-30 04:00:29,147 INFO c.h.h.t.HelmChartContainer - [hivemq-test-hivemq-platform] [hivemq-platform-operator] [baa6dd23] 04:00:29.144 [main] INFO  c.h.p.o.HiveMQPlatformOperatorApplication - Validate Platform ServiceAccount permissions: true
2025-01-30 04:00:29,159 INFO c.h.h.t.HelmChartContainer - [hivemq-test-hivemq-platform] [hivemq-platform-operator] [baa6dd23] 04:00:29.159 [main] INFO  c.h.platform.operator.util.CRDUtil - Verifying deployed HiveMQ Platform CRD...
2025-01-30 04:00:31,742 INFO c.h.h.t.HelmChartContainer - [hivemq-test-hivemq-platform] [hivemq-platform-operator] [baa6dd23] 04:00:31.740 [main] DEBUG c.h.platform.operator.util.CRDUtil - HiveMQ Platform CRD version v1 is up to date
2025-01-30 04:00:31,742 INFO c.h.h.t.HelmChartContainer - [hivemq-test-hivemq-platform] [hivemq-platform-operator] [baa6dd23] 04:00:31.740 [main] INFO  c.h.platform.operator.util.CRDUtil - HiveMQ Platform CRD is up to date (version: V1_6_0)
2025-01-30 04:00:31,742 INFO c.h.h.t.HelmChartContainer - [hivemq-test-hivemq-platform] [hivemq-platform-operator] [baa6dd23] 04:00:31.740 [main] INFO  c.h.platform.operator.util.CRDUtil - Waiting 10000 ms for HiveMQ Platform CRD 'hivemq-platforms.hivemq.com' to become ready...
2025-01-30 04:00:32,043 INFO c.h.h.t.HelmChartContainer - [hivemq-test-hivemq-platform] [hivemq-platform-operator] [baa6dd23] 04:00:32.040 [vert.x-eventloop-thread-1] DEBUG c.h.platform.operator.util.CRDUtil - Checking CRD condition 'NamesAccepted' (status: 'True')
2025-01-30 04:00:32,044 INFO c.h.h.t.HelmChartContainer - [hivemq-test-hivemq-platform] [hivemq-platform-operator] [baa6dd23] 04:00:32.040 [vert.x-eventloop-thread-1] DEBUG c.h.platform.operator.util.CRDUtil - Checking CRD condition 'Established' (status: 'True')
2025-01-30 04:00:32,044 INFO c.h.h.t.HelmChartContainer - [hivemq-test-hivemq-platform] [hivemq-platform-operator] [baa6dd23] 04:00:32.041 [main] INFO  c.h.platform.operator.util.CRDUtil - HiveMQ Platform CRD 'hivemq-platforms.hivemq.com' is ready
2025-01-30 04:00:32,149 INFO c.h.h.t.HelmChartContainer - [hivemq-test-hivemq-platform] [hivemq-platform-operator] [baa6dd23] 04:00:32.148 [main] INFO  c.h.p.o.HiveMQPlatformReconciler - HiveMQ Platform Operator is starting...
2025-01-30 04:00:32,242 INFO c.h.h.t.HelmChartContainer - [hivemq-test-hivemq-platform] [hivemq-platform-operator] [baa6dd23] 04:00:32.241 [main] WARN  Default ConfigurationService implementation - Configuration for reconciler 'hivemq-controller' was not found. Known reconcilers: None.
2025-01-30 04:00:32,249 INFO c.h.h.t.HelmChartContainer - [hivemq-test-hivemq-platform] [hivemq-platform-operator] [baa6dd23] 04:00:32.248 [main] INFO  Default ConfigurationService implementation - Created configuration for reconciler com.hivemq.platform.operator.HiveMQPlatformReconciler with name hivemq-controller
2025-01-30 04:00:32,332 INFO c.h.h.t.HelmChartContainer - [POD] metrics-server-8584b5786c-nhtkb [3d2caf76-858e-4aec-822c-c83a1b781575] in kube-system was MODIFIED
2025-01-30 04:00:32,362 INFO c.h.h.t.HelmChartContainer - [K3S] [replica_set.go:679] "Finished syncing" kind="ReplicaSet" key="kube-system/metrics-server-8584b5786c" duration="33.582676ms"
2025-01-30 04:00:32,366 INFO c.h.h.t.HelmChartContainer - [K3S] [replica_set.go:679] "Finished syncing" kind="ReplicaSet" key="kube-system/metrics-server-8584b5786c" duration="116.098µs"
2025-01-30 04:00:32,431 INFO c.h.h.t.HelmChartContainer - [hivemq-test-hivemq-platform] [hivemq-platform-operator] [baa6dd23] 04:00:32.429 [main] DEBUG c.h.p.o.HiveMQPlatformReconciler - HiveMQ Platform Operator is preparing EventSources
2025-01-30 04:00:32,449 INFO c.h.h.t.HelmChartContainer - [hivemq-test-hivemq-platform] [hivemq-platform-operator] [baa6dd23] 04:00:32.448 [main] INFO  i.javaoperatorsdk.operator.Operator - Registered reconciler: 'hivemq-controller' for resource: 'class com.hivemq.platform.operator.v1.HiveMQPlatform' for namespace(s): [customoperatornamespacesit-alpha, customoperatornamespacesit-beta]
2025-01-30 04:00:32,949 INFO c.h.h.t.HelmChartContainer - [hivemq-test-hivemq-platform] [hivemq-platform-operator] [baa6dd23] 04:00:32.948 [main] INFO  c.h.p.operator.webserver.JettyServer - Starting Jetty server on port 8080
2025-01-30 04:00:33,044 INFO c.h.h.t.HelmChartContainer - [hivemq-test-hivemq-platform] [hivemq-platform-operator] [baa6dd23] 04:00:33.043 [main] INFO  i.javaoperatorsdk.operator.Operator - Operator SDK 4.9.7 (commit: 2133d28) built on Wed Nov 20 12:56:20 UTC 2024 starting...
2025-01-30 04:00:33,045 INFO c.h.h.t.HelmChartContainer - [hivemq-test-hivemq-platform] [hivemq-platform-operator] [baa6dd23] 04:00:33.043 [main] INFO  i.javaoperatorsdk.operator.Operator - Client version: 6.13.5
2025-01-30 04:00:33,047 INFO c.h.h.t.HelmChartContainer - [hivemq-test-hivemq-platform] [hivemq-platform-operator] [baa6dd23] 04:00:33.045 [Controller Starter for: hivemq-controller] INFO  i.j.operator.processing.Controller - Starting 'hivemq-controller' controller for reconciler: com.hivemq.platform.operator.HiveMQPlatformReconciler, resource: com.hivemq.platform.operator.v1.HiveMQPlatform
2025-01-30 04:00:35,083 INFO c.h.h.t.HelmChartContainer - [K3S] [range_allocator.go:247] "Successfully synced" key="71e274ac6664"
2025-01-30 04:00:36,137 INFO c.h.h.t.HelmChartContainer - [hivemq-test-hivemq-platform] [hivemq-platform-operator] [baa6dd23] 04:00:36.135 [Controller Starter for: hivemq-controller] INFO  i.j.operator.processing.Controller - 'hivemq-controller' controller started
2025-01-30 04:00:36,138 INFO c.h.h.t.HelmChartContainer - [hivemq-test-hivemq-platform] [hivemq-platform-operator] [baa6dd23] 04:00:36.136 [main] INFO  c.h.p.o.HiveMQPlatformOperatorApplication - HiveMQ Platform Operator 1.7.0-SNAPSHOT started in 6999 ms
2025-01-30 04:00:37,356 INFO c.h.h.t.HelmChartContainer - [POD] hivemq-test-hivemq-platform-operator-6c7f4cc7b-bhxg6 [baa6dd23-6214-4453-be7f-cde7a5c99541] in customoperatornamespacesit-operator was MODIFIED
2025-01-30 04:00:37,360 INFO c.h.h.t.HelmChartContainer - [K3S] [replica_set.go:679] "Finished syncing" kind="ReplicaSet" key="customoperatornamespacesit-operator/hivemq-test-hivemq-platform-operator-6c7f4cc7b" duration="7.743025ms"
2025-01-30 04:00:37,361 INFO c.h.h.t.HelmChartContainer - [K3S] [replica_set.go:679] "Finished syncing" kind="ReplicaSet" key="customoperatornamespacesit-operator/hivemq-test-hivemq-platform-operator-6c7f4cc7b" duration="35.777µs"
2025-01-30 04:00:39,073 INFO com.hivemq.helmcharts.util.K8sUtil - Pod 'hivemq-test-hivemq-platform-operator-6c7f4cc7b-bhxg6' is ready
2025-01-30 04:00:39,136 DEBUG c.h.h.t.HelmChartContainer - Executing helm command: /bin/helm --kubeconfig /etc/rancher/k3s/k3s.yaml install test-hivemq-platform-alpha /charts/hivemq-platform --wait --timeout 5m0s --set image.repository=docker.io/hivemq --set image.tag=4.36.0 --set image.pullPolicy=Never --set nodes.resources.cpu=512m --namespace customoperatornamespacesit-alpha --set nodes.replicaCount=1
2025-01-30 04:00:39,532 DEBUG c.h.h.t.HelmChartContainer - Executing helm command: /bin/helm --kubeconfig /etc/rancher/k3s/k3s.yaml install test-hivemq-platform-beta /charts/hivemq-platform --wait --timeout 5m0s --set image.repository=docker.io/hivemq --set image.tag=4.36.0 --set image.pullPolicy=Never --set nodes.resources.cpu=512m --namespace customoperatornamespacesit-beta --set nodes.replicaCount=1
2025-01-30 04:00:39,929 DEBUG c.h.h.t.HelmChartContainer - Executing helm command: /bin/helm --kubeconfig /etc/rancher/k3s/k3s.yaml install test-hivemq-platform-gamma /charts/hivemq-platform --wait --timeout 5m0s --set image.repository=docker.io/hivemq --set image.tag=4.36.0 --set image.pullPolicy=Never --set nodes.resources.cpu=512m --namespace customoperatornamespacesit-gamma --set nodes.replicaCount=1
2025-01-30 04:00:40,441 INFO c.h.h.t.HelmChartContainer - [hivemq-test-hivemq-platform] [hivemq-platform-operator] [baa6dd23] 04:00:40.437 [-2082509879-pool-1-thread-4] WARN  i.m.p.PrometheusMeterRegistry - The meter (MeterId{name='operator.sdk.events.received', tags=[tag(event=Event),tag(group=hivemq.com),tag(kind=HiveMQPlatform),tag(name=test-hivemq-platform-alpha),tag(namespace=customoperatornamespacesit-alpha),tag(scope=namespace),tag(version=v1)]}) registration has failed: Prometheus requires that all meters with the same name have the same set of tag keys. There is already an existing meter named 'operator.sdk.events.received' containing tag keys [action, event, group, kind, name, namespace, scope, version]. The meter you are attempting to register has keys [event, group, kind, name, namespace, scope, version]. Note that subsequent logs will be logged at debug level.
2025-01-30 04:00:40,742 INFO c.h.h.t.HelmChartContainer - [hivemq-test-hivemq-platform] [hivemq-platform-operator] [baa6dd23] 04:00:40.735 [pool-6-thread-6] DEBUG c.h.p.o.dependants.PodInfoConfigMap - [customop] Desired PodInfo ConfigMap (1 extensions) (1 enabled)
2025-01-30 04:00:40,742 INFO c.h.h.t.HelmChartContainer - [hivemq-test-hivemq-platform] [hivemq-platform-operator] [baa6dd23] 04:00:40.736 [pool-6-thread-6] DEBUG c.h.p.o.dependants.PodInfoConfigMap - [customop] Desired PodInfo ConfigMap (metrics port: 9399) (metrics path: /)
2025-01-30 04:00:40,742 INFO c.h.h.t.HelmChartContainer - [hivemq-test-hivemq-platform] [hivemq-platform-operator] [baa6dd23] 04:00:40.736 [pool-6-thread-6] DEBUG c.h.p.o.dependants.PodInfoConfigMap - [customop] Desired PodInfo ConfigMap (extension state hash: -1817474005)
2025-01-30 04:00:40,742 INFO c.h.h.t.HelmChartContainer - [hivemq-test-hivemq-platform] [hivemq-platform-operator] [baa6dd23] 04:00:40.737 [pool-6-thread-6] DEBUG c.h.p.o.dependants.PodInfoConfigMap - [customop] Create PodInfo ConfigMap
2025-01-30 04:00:40,742 INFO c.h.h.t.HelmChartContainer - [hivemq-test-hivemq-platform] [hivemq-platform-operator] [baa6dd23] 04:00:40.735 [pool-6-thread-4] DEBUG c.h.p.o.dependants.PodInfoConfigMap - [customop] Desired PodInfo ConfigMap (1 extensions) (1 enabled)
2025-01-30 04:00:40,742 INFO c.h.h.t.HelmChartContainer - [hivemq-test-hivemq-platform] [hivemq-platform-operator] [baa6dd23] 04:00:40.738 [pool-6-thread-4] DEBUG c.h.p.o.dependants.PodInfoConfigMap - [customop] Desired PodInfo ConfigMap (metrics port: 9399) (metrics path: /)
2025-01-30 04:00:40,742 INFO c.h.h.t.HelmChartContainer - [hivemq-test-hivemq-platform] [hivemq-platform-operator] [baa6dd23] 04:00:40.738 [pool-6-thread-4] DEBUG c.h.p.o.dependants.PodInfoConfigMap - [customop] Desired PodInfo ConfigMap (extension state hash: -1817474005)
2025-01-30 04:00:40,742 INFO c.h.h.t.HelmChartContainer - [hivemq-test-hivemq-platform] [hivemq-platform-operator] [baa6dd23] 04:00:40.738 [pool-6-thread-4] DEBUG c.h.p.o.dependants.PodInfoConfigMap - [customop] Create PodInfo ConfigMap
2025-01-30 04:00:40,941 INFO c.h.h.t.HelmChartContainer - [hivemq-test-hivemq-platform] [hivemq-platform-operator] [baa6dd23] 04:00:40.936 [pool-6-thread-9] DEBUG c.h.p.o.dependants.PodRoleResource - [customop] Create Role: Role(apiVersion=rbac.authorization.k8s.io/v1, kind=Role, metadata=ObjectMeta(annotations={meta.helm.sh/release-name=test-hivemq-platform-beta, meta.helm.sh/release-namespace=customoperatornamespacesit-beta}, creationTimestamp=null, deletionGracePeriodSeconds=null, deletionTimestamp=null, finalizers=[], generateName=null, generation=null, labels={helm.sh/chart=hivemq-platform-0.2.32, app.kubernetes.io/managed-by=Helm, app.kubernetes.io/name=hivemq-platform, hivemq-platform=test-hivemq-platform-beta, app.kubernetes.io/instance=test-hivemq-platform-beta, app.kubernetes.io/version=4.36.0}, managedFields=[], name=hivemq-platform-role-test-hivemq-platform-beta, namespace=customoperatornamespacesit-beta, ownerReferences=[OwnerReference(apiVersion=hivemq.com/v1, blockOwnerDeletion=null, controller=null, kind=HiveMQPlatform, name=test-hivemq-platform-beta, uid=044249a0-fbc6-421d-a44c-7d03c167b413, additionalProperties={})], resourceVersion=null, selfLink=null, uid=null, additionalProperties={}), rules=[PolicyRule(apiGroups=[], nonResourceURLs=[], resourceNames=[], resources=[pods], verbs=[get, patch, update], additionalProperties={})], additionalProperties={})
2025-01-30 04:00:40,944 INFO c.h.h.t.HelmChartContainer - [hivemq-test-hivemq-platform] [hivemq-platform-operator] [baa6dd23] 04:00:40.936 [pool-6-thread-10] DEBUG c.h.p.o.dependants.PodRoleResource - [customop] Create Role: Role(apiVersion=rbac.authorization.k8s.io/v1, kind=Role, metadata=ObjectMeta(annotations={meta.helm.sh/release-name=test-hivemq-platform-alpha, meta.helm.sh/release-namespace=customoperatornamespacesit-alpha}, creationTimestamp=null, deletionGracePeriodSeconds=null, deletionTimestamp=null, finalizers=[], generateName=null, generation=null, labels={helm.sh/chart=hivemq-platform-0.2.32, app.kubernetes.io/managed-by=Helm, app.kubernetes.io/name=hivemq-platform, hivemq-platform=test-hivemq-platform-alpha, app.kubernetes.io/instance=test-hivemq-platform-alpha, app.kubernetes.io/version=4.36.0}, managedFields=[], name=hivemq-platform-role-test-hivemq-platform-alpha, namespace=customoperatornamespacesit-alpha, ownerReferences=[OwnerReference(apiVersion=hivemq.com/v1, blockOwnerDeletion=null, controller=null, kind=HiveMQPlatform, name=test-hivemq-platform-alpha, uid=ec7ce8d9-0d3b-4885-8e5e-ffa253f10a10, additionalProperties={})], resourceVersion=null, selfLink=null, uid=null, additionalProperties={}), rules=[PolicyRule(apiGroups=[], nonResourceURLs=[], resourceNames=[], resources=[pods], verbs=[get, patch, update], additionalProperties={})], additionalProperties={})
2025-01-30 04:00:41,144 INFO c.h.h.t.HelmChartContainer - [hivemq-test-hivemq-platform] [hivemq-platform-operator] [baa6dd23] 04:00:41.142 [pool-6-thread-13] DEBUG c.h.p.o.d.PodServiceAccountResource - [customop] Desired PodServiceAccountResource (serviceAccountName: hivemq-platform-pod-test-hivemq-platform-beta)
2025-01-30 04:00:41,145 INFO c.h.h.t.HelmChartContainer - [hivemq-test-hivemq-platform] [hivemq-platform-operator] [baa6dd23] 04:00:41.142 [pool-6-thread-13] DEBUG c.h.p.o.d.PodServiceAccountResource - [customop] Create ServiceAccount 'hivemq-platform-pod-test-hivemq-platform-beta'
2025-01-30 04:00:41,145 INFO c.h.h.t.HelmChartContainer - [hivemq-test-hivemq-platform] [hivemq-platform-operator] [baa6dd23] 04:00:41.142 [pool-6-thread-14] DEBUG c.h.p.o.d.PodServiceAccountResource - [customop] Desired PodServiceAccountResource (serviceAccountName: hivemq-platform-pod-test-hivemq-platform-alpha)
2025-01-30 04:00:41,145 INFO c.h.h.t.HelmChartContainer - [hivemq-test-hivemq-platform] [hivemq-platform-operator] [baa6dd23] 04:00:41.143 [pool-6-thread-14] DEBUG c.h.p.o.d.PodServiceAccountResource - [customop] Create ServiceAccount 'hivemq-platform-pod-test-hivemq-platform-alpha'
2025-01-30 04:00:41,347 INFO c.h.h.t.HelmChartContainer - [hivemq-test-hivemq-platform] [hivemq-platform-operator] [baa6dd23] 04:00:41.345 [pool-6-thread-19] DEBUG c.h.p.o.d.PodRoleBindingResource - [customop] Create RoleBinding: RoleBinding(apiVersion=rbac.authorization.k8s.io/v1, kind=RoleBinding, metadata=ObjectMeta(annotations={meta.helm.sh/release-name=test-hivemq-platform-beta, meta.helm.sh/release-namespace=customoperatornamespacesit-beta}, creationTimestamp=null, deletionGracePeriodSeconds=null, deletionTimestamp=null, finalizers=[], generateName=null, generation=null, labels={helm.sh/chart=hivemq-platform-0.2.32, app.kubernetes.io/managed-by=Helm, app.kubernetes.io/name=hivemq-platform, hivemq-platform=test-hivemq-platform-beta, app.kubernetes.io/instance=test-hivemq-platform-beta, app.kubernetes.io/version=4.36.0}, managedFields=[], name=hivemq-platform-role-binding-test-hivemq-platform-beta, namespace=customoperatornamespacesit-beta, ownerReferences=[OwnerReference(apiVersion=hivemq.com/v1, blockOwnerDeletion=null, controller=null, kind=HiveMQPlatform, name=test-hivemq-platform-beta, uid=044249a0-fbc6-421d-a44c-7d03c167b413, additionalProperties={})], resourceVersion=null, selfLink=null, uid=null, additionalProperties={}), roleRef=RoleRef(apiGroup=rbac.authorization.k8s.io, kind=Role, name=hivemq-platform-role-test-hivemq-platform-beta, additionalProperties={}), subjects=[Subject(apiGroup=null, kind=ServiceAccount, name=hivemq-platform-pod-test-hivemq-platform-beta, namespace=customoperatornamespacesit-beta, additionalProperties={})], additionalProperties={})
2025-01-30 04:00:41,348 INFO c.h.h.t.HelmChartContainer - [hivemq-test-hivemq-platform] [hivemq-platform-operator] [baa6dd23] 04:00:41.345 [pool-6-thread-20] DEBUG c.h.p.o.d.PodRoleBindingResource - [customop] Create RoleBinding: RoleBinding(apiVersion=rbac.authorization.k8s.io/v1, kind=RoleBinding, metadata=ObjectMeta(annotations={meta.helm.sh/release-name=test-hivemq-platform-alpha, meta.helm.sh/release-namespace=customoperatornamespacesit-alpha}, creationTimestamp=null, deletionGracePeriodSeconds=null, deletionTimestamp=null, finalizers=[], generateName=null, generation=null, labels={helm.sh/chart=hivemq-platform-0.2.32, app.kubernetes.io/managed-by=Helm, app.kubernetes.io/name=hivemq-platform, hivemq-platform=test-hivemq-platform-alpha, app.kubernetes.io/instance=test-hivemq-platform-alpha, app.kubernetes.io/version=4.36.0}, managedFields=[], name=hivemq-platform-role-binding-test-hivemq-platform-alpha, namespace=customoperatornamespacesit-alpha, ownerReferences=[OwnerReference(apiVersion=hivemq.com/v1, blockOwnerDeletion=null, controller=null, kind=HiveMQPlatform, name=test-hivemq-platform-alpha, uid=ec7ce8d9-0d3b-4885-8e5e-ffa253f10a10, additionalProperties={})], resourceVersion=null, selfLink=null, uid=null, additionalProperties={}), roleRef=RoleRef(apiGroup=rbac.authorization.k8s.io, kind=Role, name=hivemq-platform-role-test-hivemq-platform-alpha, additionalProperties={}), subjects=[Subject(apiGroup=null, kind=ServiceAccount, name=hivemq-platform-pod-test-hivemq-platform-alpha, namespace=customoperatornamespacesit-alpha, additionalProperties={})], additionalProperties={})
2025-01-30 04:00:41,438 INFO c.h.h.t.HelmChartContainer - [hivemq-test-hivemq-platform] [hivemq-platform-operator] [baa6dd23] 04:00:41.436 [ReconcilerExecutor-hivemq-controller-62] INFO  c.h.p.o.HiveMQPlatformReconciler - [customop] Reconciling HiveMQ Platform 'test-hivemq-platform-beta' in namespace 'customoperatornamespacesit-beta'
2025-01-30 04:00:41,438 INFO c.h.h.t.HelmChartContainer - [hivemq-test-hivemq-platform] [hivemq-platform-operator] [baa6dd23] 04:00:41.437 [ReconcilerExecutor-hivemq-controller-63] INFO  c.h.p.o.HiveMQPlatformReconciler - [customop] Reconciling HiveMQ Platform 'test-hivemq-platform-alpha' in namespace 'customoperatornamespacesit-alpha'
2025-01-30 04:00:41,438 INFO c.h.h.t.HelmChartContainer - [hivemq-test-hivemq-platform] [hivemq-platform-operator] [baa6dd23] 04:00:41.437 [ReconcilerExecutor-hivemq-controller-62] DEBUG c.h.p.o.HiveMQPlatformReconciler - [customop] Custom Resource Status CREATED - HiveMQ Platform was created (READY)
2025-01-30 04:00:41,438 INFO c.h.h.t.HelmChartContainer - [hivemq-test-hivemq-platform] [hivemq-platform-operator] [baa6dd23] 04:00:41.437 [ReconcilerExecutor-hivemq-controller-63] DEBUG c.h.p.o.HiveMQPlatformReconciler - [customop] Custom Resource Status CREATED - HiveMQ Platform was created (READY)
2025-01-30 04:00:41,438 INFO c.h.h.t.HelmChartContainer - [hivemq-test-hivemq-platform] [hivemq-platform-operator] [baa6dd23] 04:00:41.437 [ReconcilerExecutor-hivemq-controller-63] DEBUG c.h.p.o.HiveMQPlatformReconciler - [customop] Custom Resource Spec (replicas: 1) (extensions: 1)
2025-01-30 04:00:41,438 INFO c.h.h.t.HelmChartContainer - [hivemq-test-hivemq-platform] [hivemq-platform-operator] [baa6dd23] 04:00:41.437 [ReconcilerExecutor-hivemq-controller-62] DEBUG c.h.p.o.HiveMQPlatformReconciler - [customop] Custom Resource Spec (replicas: 1) (extensions: 1)
2025-01-30 04:00:41,442 INFO c.h.h.t.HelmChartContainer - [hivemq-test-hivemq-platform] [hivemq-platform-operator] [baa6dd23] 04:00:41.440 [ReconcilerExecutor-hivemq-controller-62] INFO  c.h.p.o.h.HiveMQPlatformReconcilerBaseHandler - [customop] HiveMQ Platform is starting
2025-01-30 04:00:41,443 INFO c.h.h.t.HelmChartContainer - [hivemq-test-hivemq-platform] [hivemq-platform-operator] [baa6dd23] 04:00:41.440 [ReconcilerExecutor-hivemq-controller-63] INFO  c.h.p.o.h.HiveMQPlatformReconcilerBaseHandler - [customop] HiveMQ Platform is starting
2025-01-30 04:00:41,637 INFO c.h.h.t.HelmChartContainer - [hivemq-test-hivemq-platform] [hivemq-platform-operator] [baa6dd23] 04:00:41.634 [ReconcilerExecutor-hivemq-controller-63] DEBUG c.h.p.operator.event.EventSender - [customop] Creating K8s event hivemq-platform-starting: [Start] HiveMQ Platform is starting
2025-01-30 04:00:41,641 INFO c.h.h.t.HelmChartContainer - [hivemq-test-hivemq-platform] [hivemq-platform-operator] [baa6dd23] 04:00:41.640 [ReconcilerExecutor-hivemq-controller-62] DEBUG c.h.p.operator.event.EventSender - [customop] Creating K8s event hivemq-platform-starting: [Start] HiveMQ Platform is starting
2025-01-30 04:00:41,649 INFO c.h.h.t.HelmChartContainer - [EVENT] Normal [Start] HiveMQ Platform is starting [customoperatornamespacesit-alpha:test-hivemq-platform-alpha]
2025-01-30 04:00:41,651 INFO c.h.h.t.HelmChartContainer - [EVENT] Normal [Start] HiveMQ Platform is starting [customoperatornamespacesit-beta:test-hivemq-platform-beta]
2025-01-30 04:00:41,653 INFO c.h.h.t.HelmChartContainer - [hivemq-test-hivemq-platform] [hivemq-platform-operator] [baa6dd23] 04:00:41.650 [ReconcilerExecutor-hivemq-controller-63] INFO  c.h.p.o.h.AbstractHiveMQReconcilerStateHandler - [customop] Update HiveMQ Platform Status (CREATED [READY] -> STARTING [READY]): HiveMQ Platform is starting
2025-01-30 04:00:41,654 INFO c.h.h.t.HelmChartContainer - [hivemq-test-hivemq-platform] [hivemq-platform-operator] [baa6dd23] 04:00:41.651 [ReconcilerExecutor-hivemq-controller-62] INFO  c.h.p.o.h.AbstractHiveMQReconcilerStateHandler - [customop] Update HiveMQ Platform Status (CREATED [READY] -> STARTING [READY]): HiveMQ Platform is starting
2025-01-30 04:00:41,749 DEBUG com.hivemq.helmcharts.util.K8sUtil - Comparing actual state 'STARTING' and waiting for 'RUNNING'
2025-01-30 04:00:41,840 INFO c.h.h.t.HelmChartContainer - [hivemq-test-hivemq-platform] [hivemq-platform-operator] [baa6dd23] 04:00:41.837 [pool-6-thread-22] DEBUG c.h.p.o.d.PlatformServiceResource - [customop] Desired Platform services (3 services)
2025-01-30 04:00:41,843 INFO c.h.h.t.HelmChartContainer - [hivemq-test-hivemq-platform] [hivemq-platform-operator] [baa6dd23] 04:00:41.841 [pool-6-thread-23] DEBUG c.h.p.o.dependants.PodInfoConfigMap - [customop] Desired PodInfo ConfigMap (1 extensions) (1 enabled)
2025-01-30 04:00:41,844 INFO c.h.h.t.HelmChartContainer - [hivemq-test-hivemq-platform] [hivemq-platform-operator] [baa6dd23] 04:00:41.841 [pool-6-thread-23] DEBUG c.h.p.o.dependants.PodInfoConfigMap - [customop] Desired PodInfo ConfigMap (metrics port: 9399) (metrics path: /)
2025-01-30 04:00:41,844 INFO c.h.h.t.HelmChartContainer - [hivemq-test-hivemq-platform] [hivemq-platform-operator] [baa6dd23] 04:00:41.841 [pool-6-thread-23] DEBUG c.h.p.o.dependants.PodInfoConfigMap - [customop] Desired PodInfo ConfigMap (extension state hash: -1817474005)
2025-01-30 04:00:41,847 INFO c.h.h.t.HelmChartContainer - [hivemq-test-hivemq-platform] [hivemq-platform-operator] [baa6dd23] 04:00:41.845 [pool-6-thread-23] DEBUG c.h.p.o.dependants.PodInfoConfigMap - [customop] Update PodInfo ConfigMap
2025-01-30 04:00:41,940 INFO c.h.h.t.HelmChartContainer - [hivemq-test-hivemq-platform] [hivemq-platform-operator] [baa6dd23] 04:00:41.936 [pool-6-thread-30] DEBUG c.h.p.o.dependants.PodInfoConfigMap - [customop] Desired PodInfo ConfigMap (1 extensions) (1 enabled)
2025-01-30 04:00:41,940 INFO c.h.h.t.HelmChartContainer - [hivemq-test-hivemq-platform] [hivemq-platform-operator] [baa6dd23] 04:00:41.936 [pool-6-thread-30] DEBUG c.h.p.o.dependants.PodInfoConfigMap - [customop] Desired PodInfo ConfigMap (metrics port: 9399) (metrics path: /)
2025-01-30 04:00:41,940 INFO c.h.h.t.HelmChartContainer - [hivemq-test-hivemq-platform] [hivemq-platform-operator] [baa6dd23] 04:00:41.936 [pool-6-thread-30] DEBUG c.h.p.o.dependants.PodInfoConfigMap - [customop] Desired PodInfo ConfigMap (extension state hash: -1817474005)
2025-01-30 04:00:41,940 INFO c.h.h.t.HelmChartContainer - [hivemq-test-hivemq-platform] [hivemq-platform-operator] [baa6dd23] 04:00:41.936 [pool-6-thread-28] DEBUG c.h.p.o.d.PlatformServiceResource - [customop] Desired Platform services (3 services)
2025-01-30 04:00:41,944 INFO c.h.h.t.HelmChartContainer - [hivemq-test-hivemq-platform] [hivemq-platform-operator] [baa6dd23] 04:00:41.937 [pool-6-thread-30] DEBUG c.h.p.o.dependants.PodInfoConfigMap - [customop] Update PodInfo ConfigMap
2025-01-30 04:00:41,948 INFO c.h.h.t.HelmChartContainer - [hivemq-test-hivemq-platform] [hivemq-platform-operator] [baa6dd23] 04:00:41.937 [pool-6-thread-29] DEBUG c.h.p.o.d.PodServiceAccountResource - [customop] Desired PodServiceAccountResource (serviceAccountName: hivemq-platform-pod-test-hivemq-platform-alpha)
2025-01-30 04:00:41,954 INFO c.h.h.t.HelmChartContainer - [K3S] [alloc.go:330] "allocated clusterIPs" service="customoperatornamespacesit-alpha/hivemq-test-hivemq-platform-alpha-mqtt-1883" clusterIPs={"IPv4":"10.43.116.105"}
2025-01-30 04:00:41,956 INFO c.h.h.t.HelmChartContainer - [hivemq-test-hivemq-platform] [hivemq-platform-operator] [baa6dd23] 04:00:41.951 [pool-6-thread-36] DEBUG c.h.p.o.d.PodServiceAccountResource - [customop] Desired PodServiceAccountResource (serviceAccountName: hivemq-platform-pod-test-hivemq-platform-beta)
2025-01-30 04:00:41,960 INFO c.h.h.t.HelmChartContainer - [K3S] [alloc.go:330] "allocated clusterIPs" service="customoperatornamespacesit-beta/hivemq-test-hivemq-platform-beta-cc-8080" clusterIPs={"IPv4":"10.43.46.185"}
2025-01-30 04:00:42,144 INFO c.h.h.t.HelmChartContainer - [K3S] [alloc.go:330] "allocated clusterIPs" service="customoperatornamespacesit-beta/hivemq-test-hivemq-platform-beta-metrics-9399" clusterIPs={"IPv4":"10.43.150.217"}
2025-01-30 04:00:42,150 INFO c.h.h.t.HelmChartContainer - [K3S] [alloc.go:330] "allocated clusterIPs" service="customoperatornamespacesit-alpha/hivemq-test-hivemq-platform-alpha-cc-8080" clusterIPs={"IPv4":"10.43.203.15"}
2025-01-30 04:00:42,241 INFO c.h.h.t.HelmChartContainer - [K3S] [alloc.go:330] "allocated clusterIPs" service="customoperatornamespacesit-beta/hivemq-test-hivemq-platform-beta-mqtt-1883" clusterIPs={"IPv4":"10.43.71.59"}
2025-01-30 04:00:42,245 INFO c.h.h.t.HelmChartContainer - [K3S] [alloc.go:330] "allocated clusterIPs" service="customoperatornamespacesit-alpha/hivemq-test-hivemq-platform-alpha-metrics-9399" clusterIPs={"IPv4":"10.43.210.56"}
2025-01-30 04:00:42,249 INFO c.h.h.t.HelmChartContainer - [hivemq-test-hivemq-platform] [hivemq-platform-operator] [baa6dd23] 04:00:42.247 [pool-6-thread-39] DEBUG c.h.p.o.d.StatefulSetResource - [customop] Desired StatefulSet (1 replicas) for status STARTING (READY)
2025-01-30 04:00:42,256 INFO c.h.h.t.HelmChartContainer - [hivemq-test-hivemq-platform] [hivemq-platform-operator] [baa6dd23] 04:00:42.251 [pool-6-thread-40] DEBUG c.h.p.o.d.StatefulSetResource - [customop] Desired StatefulSet (1 replicas) for status STARTING (READY)
2025-01-30 04:00:42,346 INFO c.h.h.t.HelmChartContainer - [hivemq-test-hivemq-platform] [hivemq-platform-operator] [baa6dd23] 04:00:42.343 [pool-6-thread-39] DEBUG c.h.p.o.d.StatefulSetResource - [customop] Create StatefulSet
2025-01-30 04:00:42,347 INFO c.h.h.t.HelmChartContainer - [hivemq-test-hivemq-platform] [hivemq-platform-operator] [baa6dd23] 04:00:42.343 [pool-6-thread-40] DEBUG c.h.p.o.d.StatefulSetResource - [customop] Create StatefulSet
2025-01-30 04:00:42,470 INFO c.h.h.t.HelmChartContainer - [POD] test-hivemq-platform-beta-0 [b9a6a196-ef9c-4eb9-afb0-89de41b127d4] in customoperatornamespacesit-beta was ADDED
2025-01-30 04:00:42,471 INFO c.h.h.t.HelmChartContainer - [POD] test-hivemq-platform-alpha-0 [03b8bcd0-898e-4e9c-af3c-e6cfc0695fdf] in customoperatornamespacesit-alpha was ADDED
2025-01-30 04:00:42,471 INFO c.h.h.t.HelmChartContainer - [EVENT] Normal [SuccessfulCreate] create Pod test-hivemq-platform-beta-0 in StatefulSet test-hivemq-platform-beta successful [customoperatornamespacesit-beta:test-hivemq-platform-beta]
2025-01-30 04:00:42,475 INFO c.h.h.t.HelmChartContainer - [EVENT] Normal [SuccessfulCreate] create Pod test-hivemq-platform-alpha-0 in StatefulSet test-hivemq-platform-alpha successful [customoperatornamespacesit-alpha:test-hivemq-platform-alpha]
2025-01-30 04:00:42,480 INFO c.h.h.t.HelmChartContainer - [POD] test-hivemq-platform-alpha-0 [03b8bcd0-898e-4e9c-af3c-e6cfc0695fdf] in customoperatornamespacesit-alpha was MODIFIED
2025-01-30 04:00:42,482 INFO c.h.h.t.HelmChartContainer - [POD] test-hivemq-platform-beta-0 [b9a6a196-ef9c-4eb9-afb0-89de41b127d4] in customoperatornamespacesit-beta was MODIFIED
2025-01-30 04:00:42,486 INFO c.h.h.t.HelmChartContainer - [EVENT] Normal [Scheduled] Successfully assigned customoperatornamespacesit-alpha/test-hivemq-platform-alpha-0 to 71e274ac6664 [customoperatornamespacesit-alpha:test-hivemq-platform-alpha-0]
2025-01-30 04:00:42,489 INFO c.h.h.t.HelmChartContainer - [EVENT] Normal [Scheduled] Successfully assigned customoperatornamespacesit-beta/test-hivemq-platform-beta-0 to 71e274ac6664 [customoperatornamespacesit-beta:test-hivemq-platform-beta-0]
2025-01-30 04:00:42,504 INFO c.h.h.t.HelmChartContainer - [POD] test-hivemq-platform-beta-0 [b9a6a196-ef9c-4eb9-afb0-89de41b127d4] in customoperatornamespacesit-beta was MODIFIED
2025-01-30 04:00:42,511 INFO c.h.h.t.HelmChartContainer - [POD] test-hivemq-platform-alpha-0 [03b8bcd0-898e-4e9c-af3c-e6cfc0695fdf] in customoperatornamespacesit-alpha was MODIFIED
2025-01-30 04:00:42,549 INFO c.h.h.t.HelmChartContainer - [K3S] [reconciler_common.go:251] "operationExecutor.VerifyControllerAttachedVolume started for volume \"pod-info\" (UniqueName: \"kubernetes.io/configmap/b9a6a196-ef9c-4eb9-afb0-89de41b127d4-pod-info\") pod \"test-hivemq-platform-beta-0\" (UID: \"b9a6a196-ef9c-4eb9-afb0-89de41b127d4\") " pod="customoperatornamespacesit-beta/test-hivemq-platform-beta-0"
2025-01-30 04:00:42,549 INFO c.h.h.t.HelmChartContainer - [hivemq-test-hivemq-platform] [hivemq-platform-operator] [baa6dd23] 04:00:42.548 [ReconcilerExecutor-hivemq-controller-85] INFO  c.h.p.o.HiveMQPlatformReconciler - [customop] Reconciling HiveMQ Platform 'test-hivemq-platform-beta' in namespace 'customoperatornamespacesit-beta'
2025-01-30 04:00:42,550 INFO c.h.h.t.HelmChartContainer - [hivemq-test-hivemq-platform] [hivemq-platform-operator] [baa6dd23] 04:00:42.548 [ReconcilerExecutor-hivemq-controller-85] DEBUG c.h.p.o.HiveMQPlatformReconciler - [customop] Custom Resource Status STARTING - HiveMQ Platform is starting (READY)
2025-01-30 04:00:42,550 INFO c.h.h.t.HelmChartContainer - [hivemq-test-hivemq-platform] [hivemq-platform-operator] [baa6dd23] 04:00:42.548 [ReconcilerExecutor-hivemq-controller-85] DEBUG c.h.p.o.HiveMQPlatformReconciler - [customop] Custom Resource Spec (replicas: 1) (extensions: 1)
2025-01-30 04:00:42,551 INFO c.h.h.t.HelmChartContainer - [K3S] [reconciler_common.go:251] "operationExecutor.VerifyControllerAttachedVolume started for volume \"broker-configuration\" (UniqueName: \"kubernetes.io/configmap/b9a6a196-ef9c-4eb9-afb0-89de41b127d4-broker-configuration\") pod \"test-hivemq-platform-beta-0\" (UID: \"b9a6a196-ef9c-4eb9-afb0-89de41b127d4\") " pod="customoperatornamespacesit-beta/test-hivemq-platform-beta-0"
2025-01-30 04:00:42,551 INFO c.h.h.t.HelmChartContainer - [K3S] [reconciler_common.go:251] "operationExecutor.VerifyControllerAttachedVolume started for volume \"operator-init\" (UniqueName: \"kubernetes.io/empty-dir/b9a6a196-ef9c-4eb9-afb0-89de41b127d4-operator-init\") pod \"test-hivemq-platform-beta-0\" (UID: \"b9a6a196-ef9c-4eb9-afb0-89de41b127d4\") " pod="customoperatornamespacesit-beta/test-hivemq-platform-beta-0"
2025-01-30 04:00:42,551 INFO c.h.h.t.HelmChartContainer - [K3S] [reconciler_common.go:251] "operationExecutor.VerifyControllerAttachedVolume started for volume \"operator-init\" (UniqueName: \"kubernetes.io/empty-dir/03b8bcd0-898e-4e9c-af3c-e6cfc0695fdf-operator-init\") pod \"test-hivemq-platform-alpha-0\" (UID: \"03b8bcd0-898e-4e9c-af3c-e6cfc0695fdf\") " pod="customoperatornamespacesit-alpha/test-hivemq-platform-alpha-0"
2025-01-30 04:00:42,551 INFO c.h.h.t.HelmChartContainer - [K3S] [reconciler_common.go:251] "operationExecutor.VerifyControllerAttachedVolume started for volume \"kube-api-access-czl9r\" (UniqueName: \"kubernetes.io/projected/03b8bcd0-898e-4e9c-af3c-e6cfc0695fdf-kube-api-access-czl9r\") pod \"test-hivemq-platform-alpha-0\" (UID: \"03b8bcd0-898e-4e9c-af3c-e6cfc0695fdf\") " pod="customoperatornamespacesit-alpha/test-hivemq-platform-alpha-0"
2025-01-30 04:00:42,551 INFO c.h.h.t.HelmChartContainer - [K3S] [reconciler_common.go:251] "operationExecutor.VerifyControllerAttachedVolume started for volume \"broker-configuration\" (UniqueName: \"kubernetes.io/configmap/03b8bcd0-898e-4e9c-af3c-e6cfc0695fdf-broker-configuration\") pod \"test-hivemq-platform-alpha-0\" (UID: \"03b8bcd0-898e-4e9c-af3c-e6cfc0695fdf\") " pod="customoperatornamespacesit-alpha/test-hivemq-platform-alpha-0"
2025-01-30 04:00:42,551 INFO c.h.h.t.HelmChartContainer - [K3S] [reconciler_common.go:251] "operationExecutor.VerifyControllerAttachedVolume started for volume \"pod-info\" (UniqueName: \"kubernetes.io/configmap/03b8bcd0-898e-4e9c-af3c-e6cfc0695fdf-pod-info\") pod \"test-hivemq-platform-alpha-0\" (UID: \"03b8bcd0-898e-4e9c-af3c-e6cfc0695fdf\") " pod="customoperatornamespacesit-alpha/test-hivemq-platform-alpha-0"
2025-01-30 04:00:42,551 INFO c.h.h.t.HelmChartContainer - [K3S] [reconciler_common.go:251] "operationExecutor.VerifyControllerAttachedVolume started for volume \"kube-api-access-7bdqh\" (UniqueName: \"kubernetes.io/projected/b9a6a196-ef9c-4eb9-afb0-89de41b127d4-kube-api-access-7bdqh\") pod \"test-hivemq-platform-beta-0\" (UID: \"b9a6a196-ef9c-4eb9-afb0-89de41b127d4\") " pod="customoperatornamespacesit-beta/test-hivemq-platform-beta-0"
2025-01-30 04:00:42,640 INFO c.h.h.t.HelmChartContainer - [hivemq-test-hivemq-platform] [hivemq-platform-operator] [baa6dd23] 04:00:42.636 [ReconcilerExecutor-hivemq-controller-84] INFO  c.h.p.o.HiveMQPlatformReconciler - [customop] Reconciling HiveMQ Platform 'test-hivemq-platform-alpha' in namespace 'customoperatornamespacesit-alpha'
2025-01-30 04:00:42,640 INFO c.h.h.t.HelmChartContainer - [hivemq-test-hivemq-platform] [hivemq-platform-operator] [baa6dd23] 04:00:42.636 [ReconcilerExecutor-hivemq-controller-84] DEBUG c.h.p.o.HiveMQPlatformReconciler - [customop] Custom Resource Status STARTING - HiveMQ Platform is starting (READY)
2025-01-30 04:00:42,640 INFO c.h.h.t.HelmChartContainer - [hivemq-test-hivemq-platform] [hivemq-platform-operator] [baa6dd23] 04:00:42.636 [ReconcilerExecutor-hivemq-controller-84] DEBUG c.h.p.o.HiveMQPlatformReconciler - [customop] Custom Resource Spec (replicas: 1) (extensions: 1)
2025-01-30 04:00:42,646 INFO c.h.h.t.HelmChartContainer - [hivemq-test-hivemq-platform] [hivemq-platform-operator] [baa6dd23] 04:00:42.641 [ReconcilerExecutor-hivemq-controller-85] DEBUG c.h.p.o.HiveMQPlatformReconciler - [customop] StatefulSet Status (revision: test-hivemq-platform-beta-68c75dbff9, replicas: 1, available: 0, ready: 0, current: 1, updated: 1)
2025-01-30 04:00:42,647 INFO c.h.h.t.HelmChartContainer - [hivemq-test-hivemq-platform] [hivemq-platform-operator] [baa6dd23] 04:00:42.641 [ReconcilerExecutor-hivemq-controller-85] DEBUG c.h.p.o.HiveMQPlatformReconciler - [customop] StatefulSet Spec (replicas: 1, init containers: 1, containers: 1, volumes: 3)
2025-01-30 04:00:42,648 INFO c.h.h.t.HelmChartContainer - [hivemq-test-hivemq-platform] [hivemq-platform-operator] [baa6dd23] 04:00:42.645 [ReconcilerExecutor-hivemq-controller-84] DEBUG c.h.p.o.HiveMQPlatformReconciler - [customop] StatefulSet Status (revision: test-hivemq-platform-alpha-5bcd5cb867, replicas: 1, available: 0, ready: 0, current: 1, updated: 1)
2025-01-30 04:00:42,648 INFO c.h.h.t.HelmChartContainer - [hivemq-test-hivemq-platform] [hivemq-platform-operator] [baa6dd23] 04:00:42.645 [ReconcilerExecutor-hivemq-controller-84] DEBUG c.h.p.o.HiveMQPlatformReconciler - [customop] StatefulSet Spec (replicas: 1, init containers: 1, containers: 1, volumes: 3)
2025-01-30 04:00:42,743 INFO c.h.h.t.HelmChartContainer - [hivemq-test-hivemq-platform] [hivemq-platform-operator] [baa6dd23] 04:00:42.742 [ReconcilerExecutor-hivemq-controller-85] DEBUG c.h.p.o.h.HiveMQPlatformReconcilerErrorHandler - [customop] Pod 'test-hivemq-platform-beta-0' phase Pending
2025-01-30 04:00:42,746 INFO c.h.h.t.HelmChartContainer - [hivemq-test-hivemq-platform] [hivemq-platform-operator] [baa6dd23] 04:00:42.742 [ReconcilerExecutor-hivemq-controller-84] DEBUG c.h.p.o.h.HiveMQPlatformReconcilerErrorHandler - [customop] Pod 'test-hivemq-platform-alpha-0' phase Pending
2025-01-30 04:00:42,746 INFO c.h.h.t.HelmChartContainer - [hivemq-test-hivemq-platform] [hivemq-platform-operator] [baa6dd23] 04:00:42.743 [ReconcilerExecutor-hivemq-controller-85] DEBUG c.h.p.o.h.HiveMQPlatformReconcilerErrorHandler - [customop] Pod 'test-hivemq-platform-beta-0' condition 'PodReadyToStartContainers': False
2025-01-30 04:00:42,746 INFO c.h.h.t.HelmChartContainer - [hivemq-test-hivemq-platform] [hivemq-platform-operator] [baa6dd23] 04:00:42.743 [ReconcilerExecutor-hivemq-controller-85] DEBUG c.h.p.o.h.HiveMQPlatformReconcilerErrorHandler - [customop] Pod 'test-hivemq-platform-beta-0' condition 'Initialized': False
2025-01-30 04:00:42,746 INFO c.h.h.t.HelmChartContainer - [hivemq-test-hivemq-platform] [hivemq-platform-operator] [baa6dd23] 04:00:42.743 [ReconcilerExecutor-hivemq-controller-85] DEBUG c.h.p.o.h.HiveMQPlatformReconcilerErrorHandler - [customop] Pod 'test-hivemq-platform-beta-0' condition 'Ready': False
2025-01-30 04:00:42,746 INFO c.h.h.t.HelmChartContainer - [hivemq-test-hivemq-platform] [hivemq-platform-operator] [baa6dd23] 04:00:42.743 [ReconcilerExecutor-hivemq-controller-85] DEBUG c.h.p.o.h.HiveMQPlatformReconcilerErrorHandler - [customop] Pod 'test-hivemq-platform-beta-0' condition 'ContainersReady': False
2025-01-30 04:00:42,746 INFO c.h.h.t.HelmChartContainer - [hivemq-test-hivemq-platform] [hivemq-platform-operator] [baa6dd23] 04:00:42.743 [ReconcilerExecutor-hivemq-controller-85] DEBUG c.h.p.o.h.HiveMQPlatformReconcilerErrorHandler - [customop] Pod 'test-hivemq-platform-beta-0' condition 'PodScheduled': True
2025-01-30 04:00:42,746 INFO c.h.h.t.HelmChartContainer - [hivemq-test-hivemq-platform] [hivemq-platform-operator] [baa6dd23] 04:00:42.743 [ReconcilerExecutor-hivemq-controller-85] DEBUG c.h.p.o.h.HiveMQPlatformReconcilerErrorHandler - [customop] Pod 'test-hivemq-platform-beta-0' containerStatus 'hivemq' (started: false) (ready: false) (waiting: [PodInitializing] null)
2025-01-30 04:00:42,746 INFO c.h.h.t.HelmChartContainer - [hivemq-test-hivemq-platform] [hivemq-platform-operator] [baa6dd23] 04:00:42.744 [ReconcilerExecutor-hivemq-controller-84] DEBUG c.h.p.o.h.HiveMQPlatformReconcilerErrorHandler - [customop] Pod 'test-hivemq-platform-alpha-0' condition 'PodReadyToStartContainers': False
2025-01-30 04:00:42,747 INFO c.h.h.t.HelmChartContainer - [hivemq-test-hivemq-platform] [hivemq-platform-operator] [baa6dd23] 04:00:42.744 [ReconcilerExecutor-hivemq-controller-84] DEBUG c.h.p.o.h.HiveMQPlatformReconcilerErrorHandler - [customop] Pod 'test-hivemq-platform-alpha-0' condition 'Initialized': False
2025-01-30 04:00:42,749 INFO c.h.h.t.HelmChartContainer - [hivemq-test-hivemq-platform] [hivemq-platform-operator] [baa6dd23] 04:00:42.744 [ReconcilerExecutor-hivemq-controller-84] DEBUG c.h.p.o.h.HiveMQPlatformReconcilerErrorHandler - [customop] Pod 'test-hivemq-platform-alpha-0' condition 'Ready': False
2025-01-30 04:00:42,749 INFO c.h.h.t.HelmChartContainer - [hivemq-test-hivemq-platform] [hivemq-platform-operator] [baa6dd23] 04:00:42.744 [ReconcilerExecutor-hivemq-controller-84] DEBUG c.h.p.o.h.HiveMQPlatformReconcilerErrorHandler - [customop] Pod 'test-hivemq-platform-alpha-0' condition 'ContainersReady': False
2025-01-30 04:00:42,749 INFO c.h.h.t.HelmChartContainer - [hivemq-test-hivemq-platform] [hivemq-platform-operator] [baa6dd23] 04:00:42.744 [ReconcilerExecutor-hivemq-controller-84] DEBUG c.h.p.o.h.HiveMQPlatformReconcilerErrorHandler - [customop] Pod 'test-hivemq-platform-alpha-0' condition 'PodScheduled': True
2025-01-30 04:00:42,749 INFO c.h.h.t.HelmChartContainer - [hivemq-test-hivemq-platform] [hivemq-platform-operator] [baa6dd23] 04:00:42.744 [ReconcilerExecutor-hivemq-controller-84] DEBUG c.h.p.o.h.HiveMQPlatformReconcilerErrorHandler - [customop] Pod 'test-hivemq-platform-alpha-0' containerStatus 'hivemq' (started: false) (ready: false) (waiting: [PodInitializing] null)
2025-01-30 04:00:42,749 INFO c.h.h.t.HelmChartContainer - [hivemq-test-hivemq-platform] [hivemq-platform-operator] [baa6dd23] 04:00:42.746 [ReconcilerExecutor-hivemq-controller-84] INFO  c.h.p.o.h.HiveMQPlatformReconcilerBaseHandler - [customop] HiveMQ Platform is starting, 0 of 1 replicas are ready
2025-01-30 04:00:42,839 INFO c.h.h.t.HelmChartContainer - [hivemq-test-hivemq-platform] [hivemq-platform-operator] [baa6dd23] 04:00:42.836 [ReconcilerExecutor-hivemq-controller-85] INFO  c.h.p.o.h.HiveMQPlatformReconcilerBaseHandler - [customop] HiveMQ Platform is starting, 0 of 1 replicas are ready
2025-01-30 04:00:42,853 INFO c.h.h.t.HelmChartContainer - [hivemq-test-hivemq-platform] [hivemq-platform-operator] [baa6dd23] 04:00:42.847 [pool-6-thread-43] DEBUG c.h.p.o.d.PlatformServiceResource - [customop] Desired Platform services (3 services)
2025-01-30 04:00:42,855 INFO c.h.h.t.HelmChartContainer - [hivemq-test-hivemq-platform] [hivemq-platform-operator] [baa6dd23] 04:00:42.852 [pool-6-thread-44] DEBUG c.h.p.o.dependants.PodInfoConfigMap - [customop] Desired PodInfo ConfigMap (1 extensions) (1 enabled)
2025-01-30 04:00:42,855 INFO c.h.h.t.HelmChartContainer - [hivemq-test-hivemq-platform] [hivemq-platform-operator] [baa6dd23] 04:00:42.852 [pool-6-thread-44] DEBUG c.h.p.o.dependants.PodInfoConfigMap - [customop] Desired PodInfo ConfigMap (metrics port: 9399) (metrics path: /)
2025-01-30 04:00:42,855 INFO c.h.h.t.HelmChartContainer - [hivemq-test-hivemq-platform] [hivemq-platform-operator] [baa6dd23] 04:00:42.852 [pool-6-thread-44] DEBUG c.h.p.o.dependants.PodInfoConfigMap - [customop] Desired PodInfo ConfigMap (extension state hash: -1817474005)
2025-01-30 04:00:42,858 INFO c.h.h.t.HelmChartContainer - [hivemq-test-hivemq-platform] [hivemq-platform-operator] [baa6dd23] 04:00:42.857 [pool-6-thread-48] DEBUG c.h.p.o.d.PodServiceAccountResource - [customop] Desired PodServiceAccountResource (serviceAccountName: hivemq-platform-pod-test-hivemq-platform-alpha)
2025-01-30 04:00:42,860 INFO c.h.h.t.HelmChartContainer - [hivemq-test-hivemq-platform] [hivemq-platform-operator] [baa6dd23] 04:00:42.859 [pool-6-thread-50] DEBUG c.h.p.o.d.PlatformServiceResource - [customop] Desired Platform services (3 services)
2025-01-30 04:00:42,902 INFO c.h.h.t.HelmChartContainer - [EVENT] Normal [Pulled] Container image "docker.io/hivemq/hivemq-platform-operator-init-test:snapshot" already present on machine [customoperatornamespacesit-beta:test-hivemq-platform-beta-0]
2025-01-30 04:00:42,907 INFO c.h.h.t.HelmChartContainer - [EVENT] Normal [Pulled] Container image "docker.io/hivemq/hivemq-platform-operator-init-test:snapshot" already present on machine [customoperatornamespacesit-alpha:test-hivemq-platform-alpha-0]
2025-01-30 04:00:42,915 INFO c.h.h.t.HelmChartContainer - [EVENT] Normal [Created] Created container: hivemq-platform-operator-init [customoperatornamespacesit-beta:test-hivemq-platform-beta-0]
2025-01-30 04:00:42,920 INFO c.h.h.t.HelmChartContainer - [EVENT] Normal [Created] Created container: hivemq-platform-operator-init [customoperatornamespacesit-alpha:test-hivemq-platform-alpha-0]
2025-01-30 04:00:42,938 INFO c.h.h.t.HelmChartContainer - [hivemq-test-hivemq-platform] [hivemq-platform-operator] [baa6dd23] 04:00:42.859 [pool-6-thread-42] DEBUG c.h.p.o.dependants.PodInfoConfigMap - [customop] Desired PodInfo ConfigMap (1 extensions) (1 enabled)
2025-01-30 04:00:42,938 INFO c.h.h.t.HelmChartContainer - [hivemq-test-hivemq-platform] [hivemq-platform-operator] [baa6dd23] 04:00:42.934 [pool-6-thread-42] DEBUG c.h.p.o.dependants.PodInfoConfigMap - [customop] Desired PodInfo ConfigMap (metrics port: 9399) (metrics path: /)
2025-01-30 04:00:42,938 INFO c.h.h.t.HelmChartContainer - [hivemq-test-hivemq-platform] [hivemq-platform-operator] [baa6dd23] 04:00:42.934 [pool-6-thread-42] DEBUG c.h.p.o.dependants.PodInfoConfigMap - [customop] Desired PodInfo ConfigMap (extension state hash: -1817474005)
2025-01-30 04:00:42,938 INFO c.h.h.t.HelmChartContainer - [hivemq-test-hivemq-platform] [hivemq-platform-operator] [baa6dd23] 04:00:42.934 [pool-6-thread-41] DEBUG c.h.p.o.d.PodServiceAccountResource - [customop] Desired PodServiceAccountResource (serviceAccountName: hivemq-platform-pod-test-hivemq-platform-beta)
2025-01-30 04:00:42,946 INFO c.h.h.t.HelmChartContainer - [hivemq-test-hivemq-platform] [hivemq-platform-operator] [baa6dd23] 04:00:42.944 [pool-6-thread-7] DEBUG c.h.p.o.d.StatefulSetResource - [customop] Desired StatefulSet (1 replicas) for status STARTING (READY)
2025-01-30 04:00:42,952 INFO c.h.h.t.HelmChartContainer - [hivemq-test-hivemq-platform] [hivemq-platform-operator] [baa6dd23] 04:00:42.948 [pool-6-thread-43] DEBUG c.h.p.o.d.StatefulSetResource - [customop] Desired StatefulSet (1 replicas) for status STARTING (READY)
2025-01-30 04:00:42,972 INFO c.h.h.t.HelmChartContainer - [EVENT] Normal [Started] Started container hivemq-platform-operator-init [customoperatornamespacesit-beta:test-hivemq-platform-beta-0]
2025-01-30 04:00:42,975 INFO c.h.h.t.HelmChartContainer - [EVENT] Normal [Started] Started container hivemq-platform-operator-init [customoperatornamespacesit-alpha:test-hivemq-platform-alpha-0]
2025-01-30 04:00:43,039 INFO c.h.h.t.HelmChartContainer - [hivemq-test-hivemq-platform] [hivemq-platform-operator] [baa6dd23] 04:00:43.037 [ReconcilerExecutor-hivemq-controller-108] INFO  c.h.p.o.HiveMQPlatformReconciler - [customop] Reconciling HiveMQ Platform 'test-hivemq-platform-alpha' in namespace 'customoperatornamespacesit-alpha'
2025-01-30 04:00:43,040 INFO c.h.h.t.HelmChartContainer - [hivemq-test-hivemq-platform] [hivemq-platform-operator] [baa6dd23] 04:00:43.037 [ReconcilerExecutor-hivemq-controller-108] DEBUG c.h.p.o.HiveMQPlatformReconciler - [customop] Custom Resource Status STARTING - HiveMQ Platform is starting (READY)
2025-01-30 04:00:43,040 INFO c.h.h.t.HelmChartContainer - [hivemq-test-hivemq-platform] [hivemq-platform-operator] [baa6dd23] 04:00:43.037 [ReconcilerExecutor-hivemq-controller-108] DEBUG c.h.p.o.HiveMQPlatformReconciler - [customop] Custom Resource Spec (replicas: 1) (extensions: 1)
2025-01-30 04:00:43,042 INFO c.h.h.t.HelmChartContainer - [hivemq-test-hivemq-platform] [hivemq-platform-operator] [baa6dd23] 04:00:43.037 [ReconcilerExecutor-hivemq-controller-109] INFO  c.h.p.o.HiveMQPlatformReconciler - [customop] Reconciling HiveMQ Platform 'test-hivemq-platform-beta' in namespace 'customoperatornamespacesit-beta'
2025-01-30 04:00:43,045 INFO c.h.h.t.HelmChartContainer - [hivemq-test-hivemq-platform] [hivemq-platform-operator] [baa6dd23] 04:00:43.039 [ReconcilerExecutor-hivemq-controller-109] DEBUG c.h.p.o.HiveMQPlatformReconciler - [customop] Custom Resource Status STARTING - HiveMQ Platform is starting (READY)
2025-01-30 04:00:43,045 INFO c.h.h.t.HelmChartContainer - [hivemq-test-hivemq-platform] [hivemq-platform-operator] [baa6dd23] 04:00:43.040 [ReconcilerExecutor-hivemq-controller-109] DEBUG c.h.p.o.HiveMQPlatformReconciler - [customop] Custom Resource Spec (replicas: 1) (extensions: 1)
2025-01-30 04:00:43,048 INFO c.h.h.t.HelmChartContainer - [hivemq-test-hivemq-platform] [hivemq-platform-operator] [baa6dd23] 04:00:43.041 [ReconcilerExecutor-hivemq-controller-108] DEBUG c.h.p.o.HiveMQPlatformReconciler - [customop] StatefulSet Status (revision: test-hivemq-platform-alpha-5bcd5cb867, replicas: 1, available: 0, ready: 0, current: 1, updated: 1)
2025-01-30 04:00:43,053 INFO c.h.h.t.HelmChartContainer - [hivemq-test-hivemq-platform] [hivemq-platform-operator] [baa6dd23] 04:00:43.041 [ReconcilerExecutor-hivemq-controller-108] DEBUG c.h.p.o.HiveMQPlatformReconciler - [customop] StatefulSet Spec (replicas: 1, init containers: 1, containers: 1, volumes: 3)
2025-01-30 04:00:43,054 INFO c.h.h.t.HelmChartContainer - [hivemq-test-hivemq-platform] [hivemq-platform-operator] [baa6dd23] 04:00:43.043 [ReconcilerExecutor-hivemq-controller-108] DEBUG c.h.p.o.h.HiveMQPlatformReconcilerErrorHandler - [customop] Pod 'test-hivemq-platform-alpha-0' phase Pending
2025-01-30 04:00:43,057 INFO c.h.h.t.HelmChartContainer - [hivemq-test-hivemq-platform] [hivemq-platform-operator] [baa6dd23] 04:00:43.043 [ReconcilerExecutor-hivemq-controller-108] DEBUG c.h.p.o.h.HiveMQPlatformReconcilerErrorHandler - [customop] Pod 'test-hivemq-platform-alpha-0' condition 'PodReadyToStartContainers': False
2025-01-30 04:00:43,058 INFO c.h.h.t.HelmChartContainer - [hivemq-test-hivemq-platform] [hivemq-platform-operator] [baa6dd23] 04:00:43.043 [ReconcilerExecutor-hivemq-controller-108] DEBUG c.h.p.o.h.HiveMQPlatformReconcilerErrorHandler - [customop] Pod 'test-hivemq-platform-alpha-0' condition 'Initialized': False
2025-01-30 04:00:43,058 INFO c.h.h.t.HelmChartContainer - [hivemq-test-hivemq-platform] [hivemq-platform-operator] [baa6dd23] 04:00:43.044 [ReconcilerExecutor-hivemq-controller-108] DEBUG c.h.p.o.h.HiveMQPlatformReconcilerErrorHandler - [customop] Pod 'test-hivemq-platform-alpha-0' condition 'Ready': False
2025-01-30 04:00:43,058 INFO c.h.h.t.HelmChartContainer - [hivemq-test-hivemq-platform] [hivemq-platform-operator] [baa6dd23] 04:00:43.044 [ReconcilerExecutor-hivemq-controller-108] DEBUG c.h.p.o.h.HiveMQPlatformReconcilerErrorHandler - [customop] Pod 'test-hivemq-platform-alpha-0' condition 'ContainersReady': False
2025-01-30 04:00:43,058 INFO c.h.h.t.HelmChartContainer - [hivemq-test-hivemq-platform] [hivemq-platform-operator] [baa6dd23] 04:00:43.044 [ReconcilerExecutor-hivemq-controller-108] DEBUG c.h.p.o.h.HiveMQPlatformReconcilerErrorHandler - [customop] Pod 'test-hivemq-platform-alpha-0' condition 'PodScheduled': True
2025-01-30 04:00:43,058 INFO c.h.h.t.HelmChartContainer - [hivemq-test-hivemq-platform] [hivemq-platform-operator] [baa6dd23] 04:00:43.044 [ReconcilerExecutor-hivemq-controller-108] DEBUG c.h.p.o.h.HiveMQPlatformReconcilerErrorHandler - [customop] Pod 'test-hivemq-platform-alpha-0' containerStatus 'hivemq' (started: false) (ready: false) (waiting: [PodInitializing] null)
2025-01-30 04:00:43,058 INFO c.h.h.t.HelmChartContainer - [hivemq-test-hivemq-platform] [hivemq-platform-operator] [baa6dd23] 04:00:43.045 [ReconcilerExecutor-hivemq-controller-108] INFO  c.h.p.o.h.HiveMQPlatformReconcilerBaseHandler - [customop] HiveMQ Platform is starting, 0 of 1 replicas are ready
2025-01-30 04:00:43,089 INFO c.h.h.t.HelmChartContainer - [hivemq-test-hivemq-platform] [hivemq-platform-operator] [baa6dd23] 04:00:43.067 [ReconcilerExecutor-hivemq-controller-109] DEBUG c.h.p.o.HiveMQPlatformReconciler - [customop] StatefulSet Status (revision: test-hivemq-platform-beta-68c75dbff9, replicas: 1, available: 0, ready: 0, current: 1, updated: 1)
2025-01-30 04:00:43,089 INFO c.h.h.t.HelmChartContainer - [hivemq-test-hivemq-platform] [hivemq-platform-operator] [baa6dd23] 04:00:43.067 [ReconcilerExecutor-hivemq-controller-109] DEBUG c.h.p.o.HiveMQPlatformReconciler - [customop] StatefulSet Spec (replicas: 1, init containers: 1, containers: 1, volumes: 3)
2025-01-30 04:00:43,138 INFO c.h.h.t.HelmChartContainer - [hivemq-test-hivemq-platform] [hivemq-platform-operator] [baa6dd23] 04:00:43.135 [ReconcilerExecutor-hivemq-controller-109] DEBUG c.h.p.o.h.HiveMQPlatformReconcilerErrorHandler - [customop] Pod 'test-hivemq-platform-beta-0' phase Pending
2025-01-30 04:00:43,140 INFO c.h.h.t.HelmChartContainer - [hivemq-test-hivemq-platform] [hivemq-platform-operator] [baa6dd23] 04:00:43.136 [ReconcilerExecutor-hivemq-controller-109] DEBUG c.h.p.o.h.HiveMQPlatformReconcilerErrorHandler - [customop] Pod 'test-hivemq-platform-beta-0' condition 'PodReadyToStartContainers': False
2025-01-30 04:00:43,140 INFO c.h.h.t.HelmChartContainer - [hivemq-test-hivemq-platform] [hivemq-platform-operator] [baa6dd23] 04:00:43.136 [ReconcilerExecutor-hivemq-controller-109] DEBUG c.h.p.o.h.HiveMQPlatformReconcilerErrorHandler - [customop] Pod 'test-hivemq-platform-beta-0' condition 'Initialized': False
2025-01-30 04:00:43,140 INFO c.h.h.t.HelmChartContainer - [hivemq-test-hivemq-platform] [hivemq-platform-operator] [baa6dd23] 04:00:43.136 [ReconcilerExecutor-hivemq-controller-109] DEBUG c.h.p.o.h.HiveMQPlatformReconcilerErrorHandler - [customop] Pod 'test-hivemq-platform-beta-0' condition 'Ready': False
2025-01-30 04:00:43,140 INFO c.h.h.t.HelmChartContainer - [hivemq-test-hivemq-platform] [hivemq-platform-operator] [baa6dd23] 04:00:43.136 [ReconcilerExecutor-hivemq-controller-109] DEBUG c.h.p.o.h.HiveMQPlatformReconcilerErrorHandler - [customop] Pod 'test-hivemq-platform-beta-0' condition 'ContainersReady': False
2025-01-30 04:00:43,140 INFO c.h.h.t.HelmChartContainer - [hivemq-test-hivemq-platform] [hivemq-platform-operator] [baa6dd23] 04:00:43.136 [ReconcilerExecutor-hivemq-controller-109] DEBUG c.h.p.o.h.HiveMQPlatformReconcilerErrorHandler - [customop] Pod 'test-hivemq-platform-beta-0' condition 'PodScheduled': True
2025-01-30 04:00:43,140 INFO c.h.h.t.HelmChartContainer - [hivemq-test-hivemq-platform] [hivemq-platform-operator] [baa6dd23] 04:00:43.136 [ReconcilerExecutor-hivemq-controller-109] DEBUG c.h.p.o.h.HiveMQPlatformReconcilerErrorHandler - [customop] Pod 'test-hivemq-platform-beta-0' containerStatus 'hivemq' (started: false) (ready: false) (waiting: [PodInitializing] null)
2025-01-30 04:00:43,140 INFO c.h.h.t.HelmChartContainer - [hivemq-test-hivemq-platform] [hivemq-platform-operator] [baa6dd23] 04:00:43.137 [ReconcilerExecutor-hivemq-controller-109] INFO  c.h.p.o.h.HiveMQPlatformReconcilerBaseHandler - [customop] HiveMQ Platform is starting, 0 of 1 replicas are ready
2025-01-30 04:00:43,375 INFO c.h.h.t.HelmChartContainer - [EVENT] Normal [Pulled] Container image "docker.io/hivemq/hivemq4:4.36.0" already present on machine [customoperatornamespacesit-alpha:test-hivemq-platform-alpha-0]
2025-01-30 04:00:43,376 INFO c.h.h.t.HelmChartContainer - Received Pulled event for container hivemq in pod test-hivemq-platform-alpha-0 [03b8bcd0-898e-4e9c-af3c-e6cfc0695fdf]
2025-01-30 04:00:43,377 INFO c.h.h.t.HelmChartContainer - [EVENT] Normal [Pulled] Container image "docker.io/hivemq/hivemq4:4.36.0" already present on machine [customoperatornamespacesit-beta:test-hivemq-platform-beta-0]
2025-01-30 04:00:43,377 INFO c.h.h.t.HelmChartContainer - Received Pulled event for container hivemq in pod test-hivemq-platform-beta-0 [b9a6a196-ef9c-4eb9-afb0-89de41b127d4]
2025-01-30 04:00:43,390 INFO c.h.h.t.HelmChartContainer - [POD] test-hivemq-platform-alpha-0 [03b8bcd0-898e-4e9c-af3c-e6cfc0695fdf] in customoperatornamespacesit-alpha was MODIFIED
2025-01-30 04:00:43,405 INFO c.h.h.t.HelmChartContainer - [POD] test-hivemq-platform-beta-0 [b9a6a196-ef9c-4eb9-afb0-89de41b127d4] in customoperatornamespacesit-beta was MODIFIED
2025-01-30 04:00:43,421 INFO c.h.h.t.HelmChartContainer - [hivemq-test-hivemq-platform] [hivemq-platform-operator] [baa6dd23] 04:00:43.404 [pool-6-thread-8] DEBUG c.h.p.o.d.PlatformServiceResource - [customop] Desired Platform services (3 services)
2025-01-30 04:00:43,421 INFO c.h.h.t.HelmChartContainer - [hivemq-test-hivemq-platform] [hivemq-platform-operator] [baa6dd23] 04:00:43.407 [pool-6-thread-1] DEBUG c.h.p.o.dependants.PodInfoConfigMap - [customop] Desired PodInfo ConfigMap (1 extensions) (1 enabled)
2025-01-30 04:00:43,421 INFO c.h.h.t.HelmChartContainer - [hivemq-test-hivemq-platform] [hivemq-platform-operator] [baa6dd23] 04:00:43.407 [pool-6-thread-1] DEBUG c.h.p.o.dependants.PodInfoConfigMap - [customop] Desired PodInfo ConfigMap (metrics port: 9399) (metrics path: /)
2025-01-30 04:00:43,421 INFO c.h.h.t.HelmChartContainer - [hivemq-test-hivemq-platform] [hivemq-platform-operator] [baa6dd23] 04:00:43.407 [pool-6-thread-1] DEBUG c.h.p.o.dependants.PodInfoConfigMap - [customop] Desired PodInfo ConfigMap (extension state hash: -1817474005)
2025-01-30 04:00:43,421 INFO c.h.h.t.HelmChartContainer - [hivemq-test-hivemq-platform] [hivemq-platform-operator] [baa6dd23] 04:00:43.410 [pool-6-thread-10] DEBUG c.h.p.o.d.PodServiceAccountResource - [customop] Desired PodServiceAccountResource (serviceAccountName: hivemq-platform-pod-test-hivemq-platform-alpha)
2025-01-30 04:00:43,422 INFO c.h.h.t.HelmChartContainer - [EVENT] Normal [Created] Created container: hivemq [customoperatornamespacesit-alpha:test-hivemq-platform-alpha-0]
2025-01-30 04:00:43,422 INFO c.h.h.t.HelmChartContainer - Received Created event for container hivemq in pod test-hivemq-platform-alpha-0 [03b8bcd0-898e-4e9c-af3c-e6cfc0695fdf]
2025-01-30 04:00:43,426 INFO c.h.h.t.HelmChartContainer - [hivemq-test-hivemq-platform] [hivemq-platform-operator] [baa6dd23] 04:00:43.418 [pool-6-thread-20] DEBUG c.h.p.o.d.StatefulSetResource - [customop] Desired StatefulSet (1 replicas) for status STARTING (READY)
2025-01-30 04:00:43,426 INFO c.h.h.t.HelmChartContainer - [hivemq-test-hivemq-platform] [hivemq-platform-operator] [baa6dd23] 04:00:43.418 [pool-6-thread-8] DEBUG c.h.p.o.d.PlatformServiceResource - [customop] Desired Platform services (3 services)
2025-01-30 04:00:43,426 INFO c.h.h.t.HelmChartContainer - [hivemq-test-hivemq-platform] [hivemq-platform-operator] [baa6dd23] 04:00:43.419 [pool-6-thread-29] DEBUG c.h.p.o.dependants.PodInfoConfigMap - [customop] Desired PodInfo ConfigMap (1 extensions) (1 enabled)
2025-01-30 04:00:43,426 INFO c.h.h.t.HelmChartContainer - [hivemq-test-hivemq-platform] [hivemq-platform-operator] [baa6dd23] 04:00:43.419 [pool-6-thread-29] DEBUG c.h.p.o.dependants.PodInfoConfigMap - [customop] Desired PodInfo ConfigMap (metrics port: 9399) (metrics path: /)
2025-01-30 04:00:43,426 INFO c.h.h.t.HelmChartContainer - [hivemq-test-hivemq-platform] [hivemq-platform-operator] [baa6dd23] 04:00:43.419 [pool-6-thread-29] DEBUG c.h.p.o.dependants.PodInfoConfigMap - [customop] Desired PodInfo ConfigMap (extension state hash: -1817474005)
2025-01-30 04:00:43,449 INFO c.h.h.t.HelmChartContainer - [hivemq-test-hivemq-platform] [hivemq-platform-operator] [baa6dd23] 04:00:43.434 [pool-6-thread-1] DEBUG c.h.p.o.d.PodServiceAccountResource - [customop] Desired PodServiceAccountResource (serviceAccountName: hivemq-platform-pod-test-hivemq-platform-beta)
2025-01-30 04:00:43,449 INFO c.h.h.t.HelmChartContainer - [hivemq-test-hivemq-platform] [hivemq-platform-operator] [baa6dd23] 04:00:43.435 [ReconcilerExecutor-hivemq-controller-120] INFO  c.h.p.o.HiveMQPlatformReconciler - [customop] Reconciling HiveMQ Platform 'test-hivemq-platform-alpha' in namespace 'customoperatornamespacesit-alpha'
2025-01-30 04:00:43,449 INFO c.h.h.t.HelmChartContainer - [hivemq-test-hivemq-platform] [hivemq-platform-operator] [baa6dd23] 04:00:43.436 [ReconcilerExecutor-hivemq-controller-120] DEBUG c.h.p.o.HiveMQPlatformReconciler - [customop] Custom Resource Status STARTING - HiveMQ Platform is starting (READY)
2025-01-30 04:00:43,449 INFO c.h.h.t.HelmChartContainer - [hivemq-test-hivemq-platform] [hivemq-platform-operator] [baa6dd23] 04:00:43.436 [ReconcilerExecutor-hivemq-controller-120] DEBUG c.h.p.o.HiveMQPlatformReconciler - [customop] Custom Resource Spec (replicas: 1) (extensions: 1)
2025-01-30 04:00:43,451 INFO c.h.h.t.HelmChartContainer - [hivemq-test-hivemq-platform] [hivemq-platform-operator] [baa6dd23] 04:00:43.447 [ReconcilerExecutor-hivemq-controller-120] DEBUG c.h.p.o.HiveMQPlatformReconciler - [customop] StatefulSet Status (revision: test-hivemq-platform-alpha-5bcd5cb867, replicas: 1, available: 0, ready: 0, current: 1, updated: 1)
2025-01-30 04:00:43,451 INFO c.h.h.t.HelmChartContainer - [hivemq-test-hivemq-platform] [hivemq-platform-operator] [baa6dd23] 04:00:43.447 [ReconcilerExecutor-hivemq-controller-120] DEBUG c.h.p.o.HiveMQPlatformReconciler - [customop] StatefulSet Spec (replicas: 1, init containers: 1, containers: 1, volumes: 3)
2025-01-30 04:00:43,472 INFO c.h.h.t.HelmChartContainer - [hivemq-test-hivemq-platform] [hivemq-platform-operator] [baa6dd23] 04:00:43.463 [ReconcilerExecutor-hivemq-controller-120] DEBUG c.h.p.o.h.HiveMQPlatformReconcilerErrorHandler - [customop] Pod 'test-hivemq-platform-alpha-0' phase Pending
2025-01-30 04:00:43,472 INFO c.h.h.t.HelmChartContainer - [hivemq-test-hivemq-platform] [hivemq-platform-operator] [baa6dd23] 04:00:43.463 [ReconcilerExecutor-hivemq-controller-120] DEBUG c.h.p.o.h.HiveMQPlatformReconcilerErrorHandler - [customop] Pod 'test-hivemq-platform-alpha-0' condition 'PodReadyToStartContainers': True
2025-01-30 04:00:43,472 INFO c.h.h.t.HelmChartContainer - [hivemq-test-hivemq-platform] [hivemq-platform-operator] [baa6dd23] 04:00:43.463 [ReconcilerExecutor-hivemq-controller-120] DEBUG c.h.p.o.h.HiveMQPlatformReconcilerErrorHandler - [customop] Pod 'test-hivemq-platform-alpha-0' condition 'Initialized': True
2025-01-30 04:00:43,472 INFO c.h.h.t.HelmChartContainer - [hivemq-test-hivemq-platform] [hivemq-platform-operator] [baa6dd23] 04:00:43.463 [ReconcilerExecutor-hivemq-controller-120] DEBUG c.h.p.o.h.HiveMQPlatformReconcilerErrorHandler - [customop] Pod 'test-hivemq-platform-alpha-0' condition 'Ready': False
2025-01-30 04:00:43,472 INFO c.h.h.t.HelmChartContainer - [hivemq-test-hivemq-platform] [hivemq-platform-operator] [baa6dd23] 04:00:43.463 [ReconcilerExecutor-hivemq-controller-120] DEBUG c.h.p.o.h.HiveMQPlatformReconcilerErrorHandler - [customop] Pod 'test-hivemq-platform-alpha-0' condition 'ContainersReady': False
2025-01-30 04:00:43,472 INFO c.h.h.t.HelmChartContainer - [hivemq-test-hivemq-platform] [hivemq-platform-operator] [baa6dd23] 04:00:43.463 [ReconcilerExecutor-hivemq-controller-120] DEBUG c.h.p.o.h.HiveMQPlatformReconcilerErrorHandler - [customop] Pod 'test-hivemq-platform-alpha-0' condition 'PodScheduled': True
2025-01-30 04:00:43,472 INFO c.h.h.t.HelmChartContainer - [hivemq-test-hivemq-platform] [hivemq-platform-operator] [baa6dd23] 04:00:43.464 [ReconcilerExecutor-hivemq-controller-120] DEBUG c.h.p.o.h.HiveMQPlatformReconcilerErrorHandler - [customop] Pod 'test-hivemq-platform-alpha-0' containerStatus 'hivemq' (started: false) (ready: false) (waiting: [PodInitializing] null)
2025-01-30 04:00:43,480 INFO c.h.h.t.HelmChartContainer - [hivemq-test-hivemq-platform] [hivemq-platform-operator] [baa6dd23] 04:00:43.468 [pool-6-thread-32] DEBUG c.h.p.o.d.StatefulSetResource - [customop] Desired StatefulSet (1 replicas) for status STARTING (READY)
2025-01-30 04:00:43,481 INFO c.h.h.t.HelmChartContainer - [hivemq-test-hivemq-platform] [hivemq-platform-operator] [baa6dd23] 04:00:43.471 [ReconcilerExecutor-hivemq-controller-120] INFO  c.h.p.o.h.HiveMQPlatformReconcilerBaseHandler - [customop] HiveMQ Platform is starting, 0 of 1 replicas are ready
2025-01-30 04:00:43,548 INFO c.h.h.t.HelmChartContainer - [hivemq-test-hivemq-platform] [hivemq-platform-operator] [baa6dd23] 04:00:43.539 [ReconcilerExecutor-hivemq-controller-121] INFO  c.h.p.o.HiveMQPlatformReconciler - [customop] Reconciling HiveMQ Platform 'test-hivemq-platform-beta' in namespace 'customoperatornamespacesit-beta'
2025-01-30 04:00:43,548 INFO c.h.h.t.HelmChartContainer - [hivemq-test-hivemq-platform] [hivemq-platform-operator] [baa6dd23] 04:00:43.539 [ReconcilerExecutor-hivemq-controller-121] DEBUG c.h.p.o.HiveMQPlatformReconciler - [customop] Custom Resource Status STARTING - HiveMQ Platform is starting (READY)
2025-01-30 04:00:43,548 INFO c.h.h.t.HelmChartContainer - [hivemq-test-hivemq-platform] [hivemq-platform-operator] [baa6dd23] 04:00:43.539 [ReconcilerExecutor-hivemq-controller-121] DEBUG c.h.p.o.HiveMQPlatformReconciler - [customop] Custom Resource Spec (replicas: 1) (extensions: 1)
2025-01-30 04:00:43,548 INFO c.h.h.t.HelmChartContainer - [hivemq-test-hivemq-platform] [hivemq-platform-operator] [baa6dd23] 04:00:43.541 [ReconcilerExecutor-hivemq-controller-121] DEBUG c.h.p.o.HiveMQPlatformReconciler - [customop] StatefulSet Status (revision: test-hivemq-platform-beta-68c75dbff9, replicas: 1, available: 0, ready: 0, current: 1, updated: 1)
2025-01-30 04:00:43,548 INFO c.h.h.t.HelmChartContainer - [hivemq-test-hivemq-platform] [hivemq-platform-operator] [baa6dd23] 04:00:43.541 [ReconcilerExecutor-hivemq-controller-121] DEBUG c.h.p.o.HiveMQPlatformReconciler - [customop] StatefulSet Spec (replicas: 1, init containers: 1, containers: 1, volumes: 3)
2025-01-30 04:00:43,548 INFO c.h.h.t.HelmChartContainer - [hivemq-test-hivemq-platform] [hivemq-platform-operator] [baa6dd23] 04:00:43.545 [ReconcilerExecutor-hivemq-controller-121] DEBUG c.h.p.o.h.HiveMQPlatformReconcilerErrorHandler - [customop] Pod 'test-hivemq-platform-beta-0' phase Pending
2025-01-30 04:00:43,548 INFO c.h.h.t.HelmChartContainer - [hivemq-test-hivemq-platform] [hivemq-platform-operator] [baa6dd23] 04:00:43.545 [ReconcilerExecutor-hivemq-controller-121] DEBUG c.h.p.o.h.HiveMQPlatformReconcilerErrorHandler - [customop] Pod 'test-hivemq-platform-beta-0' condition 'PodReadyToStartContainers': True
2025-01-30 04:00:43,548 INFO c.h.h.t.HelmChartContainer - [hivemq-test-hivemq-platform] [hivemq-platform-operator] [baa6dd23] 04:00:43.545 [ReconcilerExecutor-hivemq-controller-121] DEBUG c.h.p.o.h.HiveMQPlatformReconcilerErrorHandler - [customop] Pod 'test-hivemq-platform-beta-0' condition 'Initialized': True
2025-01-30 04:00:43,548 INFO c.h.h.t.HelmChartContainer - [hivemq-test-hivemq-platform] [hivemq-platform-operator] [baa6dd23] 04:00:43.545 [ReconcilerExecutor-hivemq-controller-121] DEBUG c.h.p.o.h.HiveMQPlatformReconcilerErrorHandler - [customop] Pod 'test-hivemq-platform-beta-0' condition 'Ready': False
2025-01-30 04:00:43,548 INFO c.h.h.t.HelmChartContainer - [hivemq-test-hivemq-platform] [hivemq-platform-operator] [baa6dd23] 04:00:43.545 [ReconcilerExecutor-hivemq-controller-121] DEBUG c.h.p.o.h.HiveMQPlatformReconcilerErrorHandler - [customop] Pod 'test-hivemq-platform-beta-0' condition 'ContainersReady': False
2025-01-30 04:00:43,548 INFO c.h.h.t.HelmChartContainer - [hivemq-test-hivemq-platform] [hivemq-platform-operator] [baa6dd23] 04:00:43.545 [ReconcilerExecutor-hivemq-controller-121] DEBUG c.h.p.o.h.HiveMQPlatformReconcilerErrorHandler - [customop] Pod 'test-hivemq-platform-beta-0' condition 'PodScheduled': True
2025-01-30 04:00:43,548 INFO c.h.h.t.HelmChartContainer - [hivemq-test-hivemq-platform] [hivemq-platform-operator] [baa6dd23] 04:00:43.546 [ReconcilerExecutor-hivemq-controller-121] DEBUG c.h.p.o.h.HiveMQPlatformReconcilerErrorHandler - [customop] Pod 'test-hivemq-platform-beta-0' containerStatus 'hivemq' (started: false) (ready: false) (waiting: [PodInitializing] null)
2025-01-30 04:00:43,553 INFO c.h.h.t.HelmChartContainer - [hivemq-test-hivemq-platform] [hivemq-platform-operator] [baa6dd23] 04:00:43.548 [ReconcilerExecutor-hivemq-controller-121] INFO  c.h.p.o.h.HiveMQPlatformReconcilerBaseHandler - [customop] HiveMQ Platform is starting, 0 of 1 replicas are ready
2025-01-30 04:00:44,387 INFO c.h.h.t.HelmChartContainer - [POD] test-hivemq-platform-beta-0 [b9a6a196-ef9c-4eb9-afb0-89de41b127d4] in customoperatornamespacesit-beta was MODIFIED
2025-01-30 04:00:44,405 INFO c.h.h.t.HelmChartContainer - [hivemq-test-hivemq-platform] [hivemq-platform-operator] [baa6dd23] 04:00:44.398 [pool-6-thread-38] DEBUG c.h.p.o.d.PlatformServiceResource - [customop] Desired Platform services (3 services)
2025-01-30 04:00:44,408 INFO c.h.h.t.HelmChartContainer - [hivemq-test-hivemq-platform] [hivemq-platform-operator] [baa6dd23] 04:00:44.405 [pool-6-thread-24] DEBUG c.h.p.o.dependants.PodInfoConfigMap - [customop] Desired PodInfo ConfigMap (1 extensions) (1 enabled)
2025-01-30 04:00:44,410 INFO c.h.h.t.HelmChartContainer - [POD] test-hivemq-platform-alpha-0 [03b8bcd0-898e-4e9c-af3c-e6cfc0695fdf] in customoperatornamespacesit-alpha was MODIFIED
2025-01-30 04:00:44,414 INFO c.h.h.t.HelmChartContainer - [hivemq-test-hivemq-platform] [hivemq-platform-operator] [baa6dd23] 04:00:44.409 [pool-6-thread-24] DEBUG c.h.p.o.dependants.PodInfoConfigMap - [customop] Desired PodInfo ConfigMap (metrics port: 9399) (metrics path: /)
2025-01-30 04:00:44,415 INFO c.h.h.t.HelmChartContainer - [hivemq-test-hivemq-platform] [hivemq-platform-operator] [baa6dd23] 04:00:44.409 [pool-6-thread-24] DEBUG c.h.p.o.dependants.PodInfoConfigMap - [customop] Desired PodInfo ConfigMap (extension state hash: -1817474005)
2025-01-30 04:00:44,420 INFO c.h.h.t.HelmChartContainer - [hivemq-test-hivemq-platform] [hivemq-platform-operator] [baa6dd23] 04:00:44.408 [pool-6-thread-31] DEBUG c.h.p.o.d.PodServiceAccountResource - [customop] Desired PodServiceAccountResource (serviceAccountName: hivemq-platform-pod-test-hivemq-platform-beta)
2025-01-30 04:00:44,425 INFO c.h.h.t.HelmChartContainer - [hivemq-test-hivemq-platform] [hivemq-platform-operator] [baa6dd23] 04:00:44.422 [pool-6-thread-28] DEBUG c.h.p.o.d.PlatformServiceResource - [customop] Desired Platform services (3 services)
2025-01-30 04:00:44,428 INFO c.h.h.t.HelmChartContainer - [EVENT] Normal [Created] Created container: hivemq [customoperatornamespacesit-beta:test-hivemq-platform-beta-0]
2025-01-30 04:00:44,428 INFO c.h.h.t.HelmChartContainer - Received Created event for container hivemq in pod test-hivemq-platform-beta-0 [b9a6a196-ef9c-4eb9-afb0-89de41b127d4]
2025-01-30 04:00:44,431 INFO c.h.h.t.HelmChartContainer - Started log watcher for hivemq in pod test-hivemq-platform-alpha-0 [03b8bcd0-898e-4e9c-af3c-e6cfc0695fdf]
2025-01-30 04:00:44,432 INFO c.h.h.t.HelmChartContainer - [test-hivemq-platform] [hivemq] [03b8bcd0] Adding pre-installed HiveMQ Platform Operator extensions
2025-01-30 04:00:44,437 INFO c.h.h.t.HelmChartContainer - [test-hivemq-platform] [hivemq] [03b8bcd0] Running as user 10000
2025-01-30 04:00:44,438 INFO c.h.h.t.HelmChartContainer - [test-hivemq-platform] [hivemq] [03b8bcd0] Starting HiveMQ Platform Operator Init
2025-01-30 04:00:44,457 INFO c.h.h.t.HelmChartContainer - [hivemq-test-hivemq-platform] [hivemq-platform-operator] [baa6dd23] 04:00:44.455 [pool-6-thread-22] DEBUG c.h.p.o.d.PodServiceAccountResource - [customop] Desired PodServiceAccountResource (serviceAccountName: hivemq-platform-pod-test-hivemq-platform-alpha)
2025-01-30 04:00:44,462 INFO c.h.h.t.HelmChartContainer - [hivemq-test-hivemq-platform] [hivemq-platform-operator] [baa6dd23] 04:00:44.459 [pool-6-thread-38] DEBUG c.h.p.o.dependants.PodInfoConfigMap - [customop] Desired PodInfo ConfigMap (1 extensions) (1 enabled)
2025-01-30 04:00:44,464 INFO c.h.h.t.HelmChartContainer - [EVENT] Normal [Started] Started container hivemq [customoperatornamespacesit-alpha:test-hivemq-platform-alpha-0]
2025-01-30 04:00:44,464 INFO c.h.h.t.HelmChartContainer - Received Started event for container hivemq in pod test-hivemq-platform-alpha-0 [03b8bcd0-898e-4e9c-af3c-e6cfc0695fdf]
2025-01-30 04:00:44,464 INFO c.h.h.t.HelmChartContainer - [EVENT] Normal [Started] Started container hivemq [customoperatornamespacesit-beta:test-hivemq-platform-beta-0]
2025-01-30 04:00:44,464 INFO c.h.h.t.HelmChartContainer - Received Started event for container hivemq in pod test-hivemq-platform-beta-0 [b9a6a196-ef9c-4eb9-afb0-89de41b127d4]
2025-01-30 04:00:44,465 INFO c.h.h.t.HelmChartContainer - Started log watcher for hivemq in pod test-hivemq-platform-beta-0 [b9a6a196-ef9c-4eb9-afb0-89de41b127d4]
2025-01-30 04:00:44,466 INFO c.h.h.t.HelmChartContainer - [test-hivemq-platform] [hivemq] [b9a6a196] Adding pre-installed HiveMQ Platform Operator extensions
2025-01-30 04:00:44,466 INFO c.h.h.t.HelmChartContainer - [test-hivemq-platform] [hivemq] [b9a6a196] Running as user 10000
2025-01-30 04:00:44,466 INFO c.h.h.t.HelmChartContainer - [test-hivemq-platform] [hivemq] [b9a6a196] Starting HiveMQ Platform Operator Init
2025-01-30 04:00:44,467 INFO c.h.h.t.HelmChartContainer - [hivemq-test-hivemq-platform] [hivemq-platform-operator] [baa6dd23] 04:00:44.462 [pool-6-thread-38] DEBUG c.h.p.o.dependants.PodInfoConfigMap - [customop] Desired PodInfo ConfigMap (metrics port: 9399) (metrics path: /)
2025-01-30 04:00:44,467 INFO c.h.h.t.HelmChartContainer - [hivemq-test-hivemq-platform] [hivemq-platform-operator] [baa6dd23] 04:00:44.462 [pool-6-thread-38] DEBUG c.h.p.o.dependants.PodInfoConfigMap - [customop] Desired PodInfo ConfigMap (extension state hash: -1817474005)
2025-01-30 04:00:44,475 INFO c.h.h.t.HelmChartContainer - [hivemq-test-hivemq-platform] [hivemq-platform-operator] [baa6dd23] 04:00:44.470 [pool-6-thread-22] DEBUG c.h.p.o.d.StatefulSetResource - [customop] Desired StatefulSet (1 replicas) for status STARTING (READY)
2025-01-30 04:00:44,487 INFO c.h.h.t.HelmChartContainer - [hivemq-test-hivemq-platform] [hivemq-platform-operator] [baa6dd23] 04:00:44.481 [pool-6-thread-28] DEBUG c.h.p.o.d.StatefulSetResource - [customop] Desired StatefulSet (1 replicas) for status STARTING (READY)
2025-01-30 04:00:44,546 INFO c.h.h.t.HelmChartContainer - [hivemq-test-hivemq-platform] [hivemq-platform-operator] [baa6dd23] 04:00:44.545 [ReconcilerExecutor-hivemq-controller-122] INFO  c.h.p.o.HiveMQPlatformReconciler - [customop] Reconciling HiveMQ Platform 'test-hivemq-platform-beta' in namespace 'customoperatornamespacesit-beta'
2025-01-30 04:00:44,548 INFO c.h.h.t.HelmChartContainer - [hivemq-test-hivemq-platform] [hivemq-platform-operator] [baa6dd23] 04:00:44.545 [ReconcilerExecutor-hivemq-controller-122] DEBUG c.h.p.o.HiveMQPlatformReconciler - [customop] Custom Resource Status STARTING - HiveMQ Platform is starting (READY)
2025-01-30 04:00:44,548 INFO c.h.h.t.HelmChartContainer - [hivemq-test-hivemq-platform] [hivemq-platform-operator] [baa6dd23] 04:00:44.545 [ReconcilerExecutor-hivemq-controller-122] DEBUG c.h.p.o.HiveMQPlatformReconciler - [customop] Custom Resource Spec (replicas: 1) (extensions: 1)
2025-01-30 04:00:44,548 INFO c.h.h.t.HelmChartContainer - [hivemq-test-hivemq-platform] [hivemq-platform-operator] [baa6dd23] 04:00:44.547 [ReconcilerExecutor-hivemq-controller-122] DEBUG c.h.p.o.HiveMQPlatformReconciler - [customop] StatefulSet Status (revision: test-hivemq-platform-beta-68c75dbff9, replicas: 1, available: 0, ready: 0, current: 1, updated: 1)
2025-01-30 04:00:44,548 INFO c.h.h.t.HelmChartContainer - [hivemq-test-hivemq-platform] [hivemq-platform-operator] [baa6dd23] 04:00:44.547 [ReconcilerExecutor-hivemq-controller-122] DEBUG c.h.p.o.HiveMQPlatformReconciler - [customop] StatefulSet Spec (replicas: 1, init containers: 1, containers: 1, volumes: 3)
2025-01-30 04:00:44,550 INFO c.h.h.t.HelmChartContainer - [hivemq-test-hivemq-platform] [hivemq-platform-operator] [baa6dd23] 04:00:44.547 [ReconcilerExecutor-hivemq-controller-123] INFO  c.h.p.o.HiveMQPlatformReconciler - [customop] Reconciling HiveMQ Platform 'test-hivemq-platform-alpha' in namespace 'customoperatornamespacesit-alpha'
2025-01-30 04:00:44,550 INFO c.h.h.t.HelmChartContainer - [hivemq-test-hivemq-platform] [hivemq-platform-operator] [baa6dd23] 04:00:44.548 [ReconcilerExecutor-hivemq-controller-123] DEBUG c.h.p.o.HiveMQPlatformReconciler - [customop] Custom Resource Status STARTING - HiveMQ Platform is starting (READY)
2025-01-30 04:00:44,550 INFO c.h.h.t.HelmChartContainer - [hivemq-test-hivemq-platform] [hivemq-platform-operator] [baa6dd23] 04:00:44.548 [ReconcilerExecutor-hivemq-controller-123] DEBUG c.h.p.o.HiveMQPlatformReconciler - [customop] Custom Resource Spec (replicas: 1) (extensions: 1)
2025-01-30 04:00:44,553 INFO c.h.h.t.HelmChartContainer - [hivemq-test-hivemq-platform] [hivemq-platform-operator] [baa6dd23] 04:00:44.553 [ReconcilerExecutor-hivemq-controller-123] DEBUG c.h.p.o.HiveMQPlatformReconciler - [customop] StatefulSet Status (revision: test-hivemq-platform-alpha-5bcd5cb867, replicas: 1, available: 0, ready: 0, current: 1, updated: 1)
2025-01-30 04:00:44,555 INFO c.h.h.t.HelmChartContainer - [hivemq-test-hivemq-platform] [hivemq-platform-operator] [baa6dd23] 04:00:44.553 [ReconcilerExecutor-hivemq-controller-122] DEBUG c.h.p.o.h.HiveMQPlatformReconcilerErrorHandler - [customop] Pod 'test-hivemq-platform-beta-0' phase Running
2025-01-30 04:00:44,556 INFO c.h.h.t.HelmChartContainer - [hivemq-test-hivemq-platform] [hivemq-platform-operator] [baa6dd23] 04:00:44.553 [ReconcilerExecutor-hivemq-controller-123] DEBUG c.h.p.o.HiveMQPlatformReconciler - [customop] StatefulSet Spec (replicas: 1, init containers: 1, containers: 1, volumes: 3)
2025-01-30 04:00:44,557 INFO c.h.h.t.HelmChartContainer - [hivemq-test-hivemq-platform] [hivemq-platform-operator] [baa6dd23] 04:00:44.556 [ReconcilerExecutor-hivemq-controller-122] INFO  c.h.p.o.h.HiveMQPlatformReconcilerBaseHandler - [customop] HiveMQ Platform is starting, 0 of 1 replicas are ready
2025-01-30 04:00:44,558 INFO c.h.h.t.HelmChartContainer - [hivemq-test-hivemq-platform] [hivemq-platform-operator] [baa6dd23] 04:00:44.557 [ReconcilerExecutor-hivemq-controller-123] DEBUG c.h.p.o.h.HiveMQPlatformReconcilerErrorHandler - [customop] Pod 'test-hivemq-platform-alpha-0' phase Running
2025-01-30 04:00:44,559 INFO c.h.h.t.HelmChartContainer - [hivemq-test-hivemq-platform] [hivemq-platform-operator] [baa6dd23] 04:00:44.558 [ReconcilerExecutor-hivemq-controller-123] INFO  c.h.p.o.h.HiveMQPlatformReconcilerBaseHandler - [customop] HiveMQ Platform is starting, 0 of 1 replicas are ready
2025-01-30 04:00:44,810 INFO c.h.h.t.HelmChartContainer - [test-hivemq-platform] [hivemq] [b9a6a196] INFO  - [HiveMQ Platform Operator Init 1.7.0-SNAPSHOT] HiveMQ Platform Operator Init 1.7.0-SNAPSHOT (commit: 47e3375 on branch: HEAD) built on Thu Jan 30 03:55:50 UTC 2025
2025-01-30 04:00:44,838 INFO c.h.h.t.HelmChartContainer - [test-hivemq-platform] [hivemq] [03b8bcd0] INFO  - [HiveMQ Platform Operator Init 1.7.0-SNAPSHOT] HiveMQ Platform Operator Init 1.7.0-SNAPSHOT (commit: 47e3375 on branch: HEAD) built on Thu Jan 30 03:55:50 UTC 2025
2025-01-30 04:00:45,944 INFO c.h.h.t.HelmChartContainer - [test-hivemq-platform] [hivemq] [03b8bcd0] INFO  - [HiveMQ Platform Operator Init App 1.7.0-SNAPSHOT] Using bind address 10.42.0.6 from environment variable
2025-01-30 04:00:46,004 INFO c.h.h.t.HelmChartContainer - [test-hivemq-platform] [hivemq] [b9a6a196] INFO  - [HiveMQ Platform Operator Init App 1.7.0-SNAPSHOT] Using bind address 10.42.0.7 from environment variable
2025-01-30 04:00:46,869 INFO c.h.h.t.HelmChartContainer - [test-hivemq-platform] [hivemq] [b9a6a196] INFO  - [HiveMQ Platform Operator Init App 1.7.0-SNAPSHOT] HiveMQ Platform Operator Init App 1.7.0-SNAPSHOT (commit: 47e3375 on branch: HEAD) built on Thu Jan 30 03:55:50 UTC 2025
2025-01-30 04:00:46,869 INFO c.h.h.t.HelmChartContainer - [test-hivemq-platform] [hivemq] [b9a6a196] INFO  - [HiveMQ Platform Operator Init App 1.7.0-SNAPSHOT] PodInfo ConfigMap directory: /etc/podinfo
2025-01-30 04:00:46,869 INFO c.h.h.t.HelmChartContainer - [test-hivemq-platform] [hivemq] [b9a6a196] INFO  - [HiveMQ Platform Operator Init App 1.7.0-SNAPSHOT] HiveMQ home directory: /opt/hivemq
2025-01-30 04:00:46,869 INFO c.h.h.t.HelmChartContainer - [test-hivemq-platform] [hivemq] [b9a6a196] INFO  - [HiveMQ Platform Operator Init App 1.7.0-SNAPSHOT] HiveMQ Logback folder: /opt/hivemq/conf
2025-01-30 04:00:46,869 INFO c.h.h.t.HelmChartContainer - [test-hivemq-platform] [hivemq] [b9a6a196] INFO  - [HiveMQ Platform Operator Init App 1.7.0-SNAPSHOT] HiveMQ Config folder: /opt/hivemq/conf-k8s
2025-01-30 04:00:46,890 INFO c.h.h.t.HelmChartContainer - [test-hivemq-platform] [hivemq] [03b8bcd0] INFO  - [HiveMQ Platform Operator Init App 1.7.0-SNAPSHOT] HiveMQ Platform Operator Init App 1.7.0-SNAPSHOT (commit: 47e3375 on branch: HEAD) built on Thu Jan 30 03:55:50 UTC 2025
2025-01-30 04:00:46,891 INFO c.h.h.t.HelmChartContainer - [test-hivemq-platform] [hivemq] [03b8bcd0] INFO  - [HiveMQ Platform Operator Init App 1.7.0-SNAPSHOT] PodInfo ConfigMap directory: /etc/podinfo
2025-01-30 04:00:46,891 INFO c.h.h.t.HelmChartContainer - [test-hivemq-platform] [hivemq] [03b8bcd0] INFO  - [HiveMQ Platform Operator Init App 1.7.0-SNAPSHOT] HiveMQ home directory: /opt/hivemq
2025-01-30 04:00:46,891 INFO c.h.h.t.HelmChartContainer - [test-hivemq-platform] [hivemq] [03b8bcd0] INFO  - [HiveMQ Platform Operator Init App 1.7.0-SNAPSHOT] HiveMQ Logback folder: /opt/hivemq/conf
2025-01-30 04:00:46,891 INFO c.h.h.t.HelmChartContainer - [test-hivemq-platform] [hivemq] [03b8bcd0] INFO  - [HiveMQ Platform Operator Init App 1.7.0-SNAPSHOT] HiveMQ Config folder: /opt/hivemq/conf-k8s
2025-01-30 04:00:46,898 INFO c.h.h.t.HelmChartContainer - [test-hivemq-platform] [hivemq] [b9a6a196] INFO  - [HiveMQ Platform Operator Init App 1.7.0-SNAPSHOT] Starting HiveMQ Platform Operator Init App
2025-01-30 04:00:46,899 INFO c.h.h.t.HelmChartContainer - [test-hivemq-platform] [hivemq] [b9a6a196] INFO  - [HiveMQ Platform Operator Init App 1.7.0-SNAPSHOT] Starting Pod reconciler
2025-01-30 04:00:46,930 INFO c.h.h.t.HelmChartContainer - [test-hivemq-platform] [hivemq] [03b8bcd0] INFO  - [HiveMQ Platform Operator Init App 1.7.0-SNAPSHOT] Starting HiveMQ Platform Operator Init App
2025-01-30 04:00:46,930 INFO c.h.h.t.HelmChartContainer - [test-hivemq-platform] [hivemq] [03b8bcd0] INFO  - [HiveMQ Platform Operator Init App 1.7.0-SNAPSHOT] Starting Pod reconciler
2025-01-30 04:00:48,103 INFO c.h.h.t.HelmChartContainer - [test-hivemq-platform] [hivemq] [b9a6a196] INFO  - [HiveMQ Platform Operator Init App 1.7.0-SNAPSHOT] Pod reconciler is scheduled (interval: 5000 ms)
2025-01-30 04:00:48,103 INFO c.h.h.t.HelmChartContainer - [test-hivemq-platform] [hivemq] [b9a6a196] INFO  - [HiveMQ Platform Operator Init App 1.7.0-SNAPSHOT] Starting the REST API on 10.42.0.7:7979
2025-01-30 04:00:48,107 INFO c.h.h.t.HelmChartContainer - [test-hivemq-platform] [hivemq] [b9a6a196] INFO  - [HiveMQ Platform Operator Init App 1.7.0-SNAPSHOT] Waiting up to 600s for at most 1 HiveMQ nodes in cluster service hivemq-test-hivemq-platform-beta-cluster.customoperatornamespacesit-beta.svc
2025-01-30 04:00:48,137 INFO c.h.h.t.HelmChartContainer - [test-hivemq-platform] [hivemq] [03b8bcd0] INFO  - [HiveMQ Platform Operator Init App 1.7.0-SNAPSHOT] Pod reconciler is scheduled (interval: 5000 ms)
2025-01-30 04:00:48,138 INFO c.h.h.t.HelmChartContainer - [test-hivemq-platform] [hivemq] [03b8bcd0] INFO  - [HiveMQ Platform Operator Init App 1.7.0-SNAPSHOT] Starting the REST API on 10.42.0.6:7979
2025-01-30 04:00:48,141 INFO c.h.h.t.HelmChartContainer - [test-hivemq-platform] [hivemq] [03b8bcd0] INFO  - [HiveMQ Platform Operator Init App 1.7.0-SNAPSHOT] Waiting up to 600s for at most 1 HiveMQ nodes in cluster service hivemq-test-hivemq-platform-alpha-cluster.customoperatornamespacesit-alpha.svc
2025-01-30 04:00:48,420 INFO c.h.h.t.HelmChartContainer - [test-hivemq-platform] [hivemq] [b9a6a196] INFO  - [HiveMQ Platform Operator Init App 1.7.0-SNAPSHOT] Resolved 1 IP addresses: [10.42.0.7]
2025-01-30 04:00:48,421 INFO c.h.h.t.HelmChartContainer - [test-hivemq-platform] [hivemq] [b9a6a196] INFO  - [HiveMQ Platform Operator Init App 1.7.0-SNAPSHOT] HiveMQ node count of 1 is within threshold of 1
2025-01-30 04:00:48,421 INFO c.h.h.t.HelmChartContainer - [test-hivemq-platform] [hivemq] [b9a6a196] INFO  - [HiveMQ Platform Operator Init App 1.7.0-SNAPSHOT] Proceeding with container start
2025-01-30 04:00:48,485 INFO c.h.h.t.HelmChartContainer - [test-hivemq-platform] [hivemq] [03b8bcd0] INFO  - [HiveMQ Platform Operator Init App 1.7.0-SNAPSHOT] Resolved 1 IP addresses: [10.42.0.6]
2025-01-30 04:00:48,485 INFO c.h.h.t.HelmChartContainer - [test-hivemq-platform] [hivemq] [03b8bcd0] INFO  - [HiveMQ Platform Operator Init App 1.7.0-SNAPSHOT] HiveMQ node count of 1 is within threshold of 1
2025-01-30 04:00:48,485 INFO c.h.h.t.HelmChartContainer - [test-hivemq-platform] [hivemq] [03b8bcd0] INFO  - [HiveMQ Platform Operator Init App 1.7.0-SNAPSHOT] Proceeding with container start
2025-01-30 04:00:48,517 INFO c.h.h.t.HelmChartContainer - [test-hivemq-platform] [hivemq] [b9a6a196] INFO  - [HiveMQ Platform Operator Init App 1.7.0-SNAPSHOT] Initializing HiveMQ Platform extensions with initial configuration: {hivemq-allow-all-extension={start-priority=-1, skip-https-hostname-verification=false, restart=true, config-version=0, header-version=0, c-uri=, priority=-1, uri=preinstalled, skip-https-certificate-validation=false, enabled=true}, hivemq-prometheus-extension={restart=true, enabled=true, request-header-path=no-request-headers, uri=preinstalled, skip-https-certificate-validation=false, skip-https-hostname-verification=false, c-uri=, start-priority=-1, priority=-1}}
2025-01-30 04:00:48,578 INFO c.h.h.t.HelmChartContainer - [test-hivemq-platform] [hivemq] [03b8bcd0] INFO  - [HiveMQ Platform Operator Init App 1.7.0-SNAPSHOT] Initializing HiveMQ Platform extensions with initial configuration: {hivemq-allow-all-extension={start-priority=-1, skip-https-hostname-verification=false, restart=true, config-version=0, header-version=0, c-uri=, priority=-1, uri=preinstalled, skip-https-certificate-validation=false, enabled=true}, hivemq-prometheus-extension={enabled=true, request-header-path=no-request-headers, uri=preinstalled, skip-https-certificate-validation=false, skip-https-hostname-verification=false, c-uri=, start-priority=-1, priority=-1, restart=true}}
2025-01-30 04:00:49,002 INFO c.h.h.t.HelmChartContainer - [test-hivemq-platform] [hivemq] [b9a6a196] INFO  - [HiveMQ Platform Operator Init App 1.7.0-SNAPSHOT] Extension hivemq-allow-all-extension was already enabled
2025-01-30 04:00:49,011 INFO c.h.h.t.HelmChartContainer - [test-hivemq-platform] [hivemq] [b9a6a196] INFO  - [HiveMQ Platform Operator Init App 1.7.0-SNAPSHOT] Successfully enabled extension hivemq-prometheus-extension
2025-01-30 04:00:49,014 INFO c.h.h.t.HelmChartContainer - [test-hivemq-platform] [hivemq] [b9a6a196] INFO  - [HiveMQ Platform Operator Init App 1.7.0-SNAPSHOT] Starting HiveMQ Platform version 4.36.0 (4.36.0)
2025-01-30 04:00:49,014 INFO c.h.h.t.HelmChartContainer - [test-hivemq-platform] [hivemq] [b9a6a196] INFO  - [HiveMQ Platform Operator Init App 1.7.0-SNAPSHOT] Configuring the HiveMQ Platform
2025-01-30 04:00:49,034 INFO c.h.h.t.HelmChartContainer - [test-hivemq-platform] [hivemq] [03b8bcd0] INFO  - [HiveMQ Platform Operator Init App 1.7.0-SNAPSHOT] Extension hivemq-allow-all-extension was already enabled
2025-01-30 04:00:49,083 INFO c.h.h.t.HelmChartContainer - [test-hivemq-platform] [hivemq] [03b8bcd0] INFO  - [HiveMQ Platform Operator Init App 1.7.0-SNAPSHOT] Successfully enabled extension hivemq-prometheus-extension
2025-01-30 04:00:49,084 INFO c.h.h.t.HelmChartContainer - [test-hivemq-platform] [hivemq] [03b8bcd0] INFO  - [HiveMQ Platform Operator Init App 1.7.0-SNAPSHOT] Starting HiveMQ Platform version 4.36.0 (4.36.0)
2025-01-30 04:00:49,084 INFO c.h.h.t.HelmChartContainer - [test-hivemq-platform] [hivemq] [03b8bcd0] INFO  - [HiveMQ Platform Operator Init App 1.7.0-SNAPSHOT] Configuring the HiveMQ Platform
2025-01-30 04:00:49,103 INFO c.h.h.t.HelmChartContainer - [test-hivemq-platform] [hivemq] [b9a6a196] INFO  - [HiveMQ Platform Operator Init App 1.7.0-SNAPSHOT] Changed logback.xml file scan period to 20 seconds
2025-01-30 04:00:49,173 INFO c.h.h.t.HelmChartContainer - [test-hivemq-platform] [hivemq] [b9a6a196] INFO  - [HiveMQ Platform Operator Init App 1.7.0-SNAPSHOT] Starting the HiveMQ Platform
2025-01-30 04:00:49,178 INFO c.h.h.t.HelmChartContainer - [test-hivemq-platform] [hivemq] [03b8bcd0] INFO  - [HiveMQ Platform Operator Init App 1.7.0-SNAPSHOT] Changed logback.xml file scan period to 20 seconds
2025-01-30 04:00:49,201 INFO c.h.h.t.HelmChartContainer - [test-hivemq-platform] [hivemq] [b9a6a196] -------------------------------------------------------------------------
2025-01-30 04:00:49,201 INFO c.h.h.t.HelmChartContainer - [test-hivemq-platform] [hivemq] [b9a6a196] 
2025-01-30 04:00:49,201 INFO c.h.h.t.HelmChartContainer - [test-hivemq-platform] [hivemq] [b9a6a196]                   _    _  _              __  __   ____
2025-01-30 04:00:49,201 INFO c.h.h.t.HelmChartContainer - [test-hivemq-platform] [hivemq] [b9a6a196]                  | |  | |(_)            |  \/  | / __ \
2025-01-30 04:00:49,202 INFO c.h.h.t.HelmChartContainer - [test-hivemq-platform] [hivemq] [b9a6a196]                  | |__| | _ __   __ ___ | \  / || |  | |
2025-01-30 04:00:49,202 INFO c.h.h.t.HelmChartContainer - [test-hivemq-platform] [hivemq] [b9a6a196]                  |  __  || |\ \ / // _ \| |\/| || |  | |
2025-01-30 04:00:49,202 INFO c.h.h.t.HelmChartContainer - [test-hivemq-platform] [hivemq] [b9a6a196]                  | |  | || | \ V /|  __/| |  | || |__| |
2025-01-30 04:00:49,202 INFO c.h.h.t.HelmChartContainer - [test-hivemq-platform] [hivemq] [b9a6a196]                  |_|  |_||_|  \_/  \___||_|  |_| \___\_\
2025-01-30 04:00:49,202 INFO c.h.h.t.HelmChartContainer - [test-hivemq-platform] [hivemq] [b9a6a196] 
2025-01-30 04:00:49,202 INFO c.h.h.t.HelmChartContainer - [test-hivemq-platform] [hivemq] [b9a6a196] -------------------------------------------------------------------------
2025-01-30 04:00:49,202 INFO c.h.h.t.HelmChartContainer - [test-hivemq-platform] [hivemq] [b9a6a196] 
2025-01-30 04:00:49,202 INFO c.h.h.t.HelmChartContainer - [test-hivemq-platform] [hivemq] [b9a6a196]   HiveMQ Start Script for Linux/Unix v1.14
2025-01-30 04:00:49,202 INFO c.h.h.t.HelmChartContainer - [test-hivemq-platform] [hivemq] [b9a6a196] 
2025-01-30 04:00:49,228 INFO c.h.h.t.HelmChartContainer - [test-hivemq-platform] [hivemq] [b9a6a196] -------------------------------------------------------------------------
2025-01-30 04:00:49,228 INFO c.h.h.t.HelmChartContainer - [test-hivemq-platform] [hivemq] [b9a6a196] 
2025-01-30 04:00:49,228 INFO c.h.h.t.HelmChartContainer - [test-hivemq-platform] [hivemq] [b9a6a196]   HIVEMQ_HOME: /opt/hivemq
2025-01-30 04:00:49,228 INFO c.h.h.t.HelmChartContainer - [test-hivemq-platform] [hivemq] [b9a6a196] 
2025-01-30 04:00:49,228 INFO c.h.h.t.HelmChartContainer - [test-hivemq-platform] [hivemq] [b9a6a196]   JAVA_OPTS: -XX:+UnlockExperimentalVMOptions -XX:InitialRAMPercentage=50 -XX:MaxRAMPercentage=50 -Djava.net.preferIPv4Stack=true --add-opens java.base/java.lang=ALL-UNNAMED --add-opens java.base/java.nio=ALL-UNNAMED --add-opens java.base/sun.nio.ch=ALL-UNNAMED --add-opens jdk.management/com.sun.management.internal=ALL-UNNAMED --add-exports java.base/jdk.internal.misc=ALL-UNNAMED -Djava.security.egd=file:/dev/./urandom -Dcom.sun.management.jmxremote -Dcom.sun.management.jmxremote.port=9010 -Dcom.sun.management.jmxremote.local.only=false -Dcom.sun.management.jmxremote.authenticate=false -Dcom.sun.management.jmxremote.ssl=false -Duser.language=en -Duser.region=US -XX:+CrashOnOutOfMemoryError -XX:+HeapDumpOnOutOfMemoryError
2025-01-30 04:00:49,228 INFO c.h.h.t.HelmChartContainer - [test-hivemq-platform] [hivemq] [b9a6a196] 
2025-01-30 04:00:49,228 INFO c.h.h.t.HelmChartContainer - [test-hivemq-platform] [hivemq] [b9a6a196]   JAVA_VERSION: 21
2025-01-30 04:00:49,228 INFO c.h.h.t.HelmChartContainer - [test-hivemq-platform] [hivemq] [b9a6a196] 
2025-01-30 04:00:49,228 INFO c.h.h.t.HelmChartContainer - [test-hivemq-platform] [hivemq] [b9a6a196] -------------------------------------------------------------------------
2025-01-30 04:00:49,228 INFO c.h.h.t.HelmChartContainer - [test-hivemq-platform] [hivemq] [b9a6a196] 
2025-01-30 04:00:49,235 INFO c.h.h.t.HelmChartContainer - [test-hivemq-platform] [hivemq] [03b8bcd0] INFO  - [HiveMQ Platform Operator Init App 1.7.0-SNAPSHOT] Starting the HiveMQ Platform
2025-01-30 04:00:49,274 INFO c.h.h.t.HelmChartContainer - [test-hivemq-platform] [hivemq] [03b8bcd0] -------------------------------------------------------------------------
2025-01-30 04:00:49,275 INFO c.h.h.t.HelmChartContainer - [test-hivemq-platform] [hivemq] [03b8bcd0] 
2025-01-30 04:00:49,275 INFO c.h.h.t.HelmChartContainer - [test-hivemq-platform] [hivemq] [03b8bcd0]                   _    _  _              __  __   ____
2025-01-30 04:00:49,275 INFO c.h.h.t.HelmChartContainer - [test-hivemq-platform] [hivemq] [03b8bcd0]                  | |  | |(_)            |  \/  | / __ \
2025-01-30 04:00:49,275 INFO c.h.h.t.HelmChartContainer - [test-hivemq-platform] [hivemq] [03b8bcd0]                  | |__| | _ __   __ ___ | \  / || |  | |
2025-01-30 04:00:49,275 INFO c.h.h.t.HelmChartContainer - [test-hivemq-platform] [hivemq] [03b8bcd0]                  |  __  || |\ \ / // _ \| |\/| || |  | |
2025-01-30 04:00:49,275 INFO c.h.h.t.HelmChartContainer - [test-hivemq-platform] [hivemq] [03b8bcd0]                  | |  | || | \ V /|  __/| |  | || |__| |
2025-01-30 04:00:49,275 INFO c.h.h.t.HelmChartContainer - [test-hivemq-platform] [hivemq] [03b8bcd0]                  |_|  |_||_|  \_/  \___||_|  |_| \___\_\
2025-01-30 04:00:49,275 INFO c.h.h.t.HelmChartContainer - [test-hivemq-platform] [hivemq] [03b8bcd0] 
2025-01-30 04:00:49,275 INFO c.h.h.t.HelmChartContainer - [test-hivemq-platform] [hivemq] [03b8bcd0] -------------------------------------------------------------------------
2025-01-30 04:00:49,275 INFO c.h.h.t.HelmChartContainer - [test-hivemq-platform] [hivemq] [03b8bcd0] 
2025-01-30 04:00:49,275 INFO c.h.h.t.HelmChartContainer - [test-hivemq-platform] [hivemq] [03b8bcd0]   HiveMQ Start Script for Linux/Unix v1.14
2025-01-30 04:00:49,275 INFO c.h.h.t.HelmChartContainer - [test-hivemq-platform] [hivemq] [03b8bcd0] 
2025-01-30 04:00:49,337 INFO c.h.h.t.HelmChartContainer - [test-hivemq-platform] [hivemq] [03b8bcd0] -------------------------------------------------------------------------
2025-01-30 04:00:49,337 INFO c.h.h.t.HelmChartContainer - [test-hivemq-platform] [hivemq] [03b8bcd0] 
2025-01-30 04:00:49,337 INFO c.h.h.t.HelmChartContainer - [test-hivemq-platform] [hivemq] [03b8bcd0]   HIVEMQ_HOME: /opt/hivemq
2025-01-30 04:00:49,337 INFO c.h.h.t.HelmChartContainer - [test-hivemq-platform] [hivemq] [03b8bcd0] 
2025-01-30 04:00:49,337 INFO c.h.h.t.HelmChartContainer - [test-hivemq-platform] [hivemq] [03b8bcd0]   JAVA_OPTS: -XX:+UnlockExperimentalVMOptions -XX:InitialRAMPercentage=50 -XX:MaxRAMPercentage=50 -Djava.net.preferIPv4Stack=true --add-opens java.base/java.lang=ALL-UNNAMED --add-opens java.base/java.nio=ALL-UNNAMED --add-opens java.base/sun.nio.ch=ALL-UNNAMED --add-opens jdk.management/com.sun.management.internal=ALL-UNNAMED --add-exports java.base/jdk.internal.misc=ALL-UNNAMED -Djava.security.egd=file:/dev/./urandom -Dcom.sun.management.jmxremote -Dcom.sun.management.jmxremote.port=9010 -Dcom.sun.management.jmxremote.local.only=false -Dcom.sun.management.jmxremote.authenticate=false -Dcom.sun.management.jmxremote.ssl=false -Duser.language=en -Duser.region=US -XX:+CrashOnOutOfMemoryError -XX:+HeapDumpOnOutOfMemoryError
2025-01-30 04:00:49,337 INFO c.h.h.t.HelmChartContainer - [test-hivemq-platform] [hivemq] [03b8bcd0] 
2025-01-30 04:00:49,337 INFO c.h.h.t.HelmChartContainer - [test-hivemq-platform] [hivemq] [03b8bcd0]   JAVA_VERSION: 21
2025-01-30 04:00:49,337 INFO c.h.h.t.HelmChartContainer - [test-hivemq-platform] [hivemq] [03b8bcd0] 
2025-01-30 04:00:49,337 INFO c.h.h.t.HelmChartContainer - [test-hivemq-platform] [hivemq] [03b8bcd0] -------------------------------------------------------------------------
2025-01-30 04:00:49,337 INFO c.h.h.t.HelmChartContainer - [test-hivemq-platform] [hivemq] [03b8bcd0] 
2025-01-30 04:00:50,409 INFO c.h.h.t.HelmChartContainer - [test-hivemq-platform] [hivemq] [b9a6a196] INFO  - [HiveMQ Platform Operator Init App 1.7.0-SNAPSHOT] Returning default Health API response 503 for readiness
2025-01-30 04:00:50,435 INFO c.h.h.t.HelmChartContainer - [test-hivemq-platform] [hivemq] [03b8bcd0] INFO  - [HiveMQ Platform Operator Init App 1.7.0-SNAPSHOT] Returning default Health API response 503 for readiness
2025-01-30 04:00:50,681 INFO c.h.h.t.HelmChartContainer - [EVENT] Warning [Unhealthy] Readiness probe failed: HTTP probe failed with statuscode: 503 [customoperatornamespacesit-alpha:test-hivemq-platform-alpha-0]
2025-01-30 04:00:50,682 INFO c.h.h.t.HelmChartContainer - Received Unhealthy event for container hivemq in pod test-hivemq-platform-alpha-0 [03b8bcd0-898e-4e9c-af3c-e6cfc0695fdf]
2025-01-30 04:00:50,714 INFO c.h.h.t.HelmChartContainer - [EVENT] Warning [Unhealthy] Readiness probe failed: HTTP probe failed with statuscode: 503 [customoperatornamespacesit-beta:test-hivemq-platform-beta-0]
2025-01-30 04:00:50,714 INFO c.h.h.t.HelmChartContainer - Received Unhealthy event for container hivemq in pod test-hivemq-platform-beta-0 [b9a6a196-ef9c-4eb9-afb0-89de41b127d4]
2025-01-30 04:00:51,805 INFO c.h.h.t.HelmChartContainer - [test-hivemq-platform] [hivemq] [b9a6a196] INFO  - Starting HiveMQ Enterprise Server
2025-01-30 04:00:51,811 INFO c.h.h.t.HelmChartContainer - [test-hivemq-platform] [hivemq] [b9a6a196] INFO  - HiveMQ version: 4.36.0
2025-01-30 04:00:51,812 INFO c.h.h.t.HelmChartContainer - [test-hivemq-platform] [hivemq] [b9a6a196] INFO  - HiveMQ home directory: /opt/hivemq
2025-01-30 04:00:51,812 INFO c.h.h.t.HelmChartContainer - [test-hivemq-platform] [hivemq] [b9a6a196] INFO  - Log Configuration was overridden by /opt/hivemq/conf/logback.xml
2025-01-30 04:00:52,033 INFO c.h.h.t.HelmChartContainer - [test-hivemq-platform] [hivemq] [03b8bcd0] INFO  - Starting HiveMQ Enterprise Server
2025-01-30 04:00:52,076 INFO c.h.h.t.HelmChartContainer - [test-hivemq-platform] [hivemq] [03b8bcd0] INFO  - HiveMQ version: 4.36.0
2025-01-30 04:00:52,077 INFO c.h.h.t.HelmChartContainer - [test-hivemq-platform] [hivemq] [03b8bcd0] INFO  - HiveMQ home directory: /opt/hivemq
2025-01-30 04:00:52,077 INFO c.h.h.t.HelmChartContainer - [test-hivemq-platform] [hivemq] [03b8bcd0] INFO  - Log Configuration was overridden by /opt/hivemq/conf/logback.xml
2025-01-30 04:00:53,206 INFO c.h.h.t.HelmChartContainer - [test-hivemq-platform] [hivemq] [b9a6a196] INFO  - Successfully loaded configuration from '/opt/hivemq/conf-k8s/config.xml'.
2025-01-30 04:00:53,379 INFO c.h.h.t.HelmChartContainer - [test-hivemq-platform] [hivemq] [03b8bcd0] INFO  - Successfully loaded configuration from '/opt/hivemq/conf-k8s/config.xml'.
2025-01-30 04:00:53,805 INFO c.h.h.t.HelmChartContainer - [test-hivemq-platform] [hivemq] [b9a6a196] INFO  - This node's ID is GuAQF
2025-01-30 04:00:53,806 INFO c.h.h.t.HelmChartContainer - [test-hivemq-platform] [hivemq] [b9a6a196] INFO  - Clustering is enabled
2025-01-30 04:00:54,079 INFO c.h.h.t.HelmChartContainer - [test-hivemq-platform] [hivemq] [03b8bcd0] INFO  - This node's ID is IkNwN
2025-01-30 04:00:54,079 INFO c.h.h.t.HelmChartContainer - [test-hivemq-platform] [hivemq] [03b8bcd0] INFO  - Clustering is enabled
2025-01-30 04:00:54,564 INFO c.h.h.t.HelmChartContainer - [hivemq-test-hivemq-platform] [hivemq-platform-operator] [baa6dd23] 04:00:54.561 [pool-6-thread-49] DEBUG c.h.p.o.d.PlatformServiceResource - [customop] Desired Platform services (3 services)
2025-01-30 04:00:54,564 INFO c.h.h.t.HelmChartContainer - [hivemq-test-hivemq-platform] [hivemq-platform-operator] [baa6dd23] 04:00:54.562 [pool-6-thread-47] DEBUG c.h.p.o.dependants.PodInfoConfigMap - [customop] Desired PodInfo ConfigMap (1 extensions) (1 enabled)
2025-01-30 04:00:54,564 INFO c.h.h.t.HelmChartContainer - [hivemq-test-hivemq-platform] [hivemq-platform-operator] [baa6dd23] 04:00:54.562 [pool-6-thread-47] DEBUG c.h.p.o.dependants.PodInfoConfigMap - [customop] Desired PodInfo ConfigMap (metrics port: 9399) (metrics path: /)
2025-01-30 04:00:54,564 INFO c.h.h.t.HelmChartContainer - [hivemq-test-hivemq-platform] [hivemq-platform-operator] [baa6dd23] 04:00:54.562 [pool-6-thread-47] DEBUG c.h.p.o.dependants.PodInfoConfigMap - [customop] Desired PodInfo ConfigMap (extension state hash: -1817474005)
2025-01-30 04:00:54,565 INFO c.h.h.t.HelmChartContainer - [hivemq-test-hivemq-platform] [hivemq-platform-operator] [baa6dd23] 04:00:54.564 [pool-6-thread-47] DEBUG c.h.p.o.d.PodServiceAccountResource - [customop] Desired PodServiceAccountResource (serviceAccountName: hivemq-platform-pod-test-hivemq-platform-beta)
2025-01-30 04:00:54,568 INFO c.h.h.t.HelmChartContainer - [hivemq-test-hivemq-platform] [hivemq-platform-operator] [baa6dd23] 04:00:54.567 [pool-6-thread-43] DEBUG c.h.p.o.dependants.PodInfoConfigMap - [customop] Desired PodInfo ConfigMap (1 extensions) (1 enabled)
2025-01-30 04:00:54,569 INFO c.h.h.t.HelmChartContainer - [hivemq-test-hivemq-platform] [hivemq-platform-operator] [baa6dd23] 04:00:54.567 [pool-6-thread-43] DEBUG c.h.p.o.dependants.PodInfoConfigMap - [customop] Desired PodInfo ConfigMap (metrics port: 9399) (metrics path: /)
2025-01-30 04:00:54,570 INFO c.h.h.t.HelmChartContainer - [hivemq-test-hivemq-platform] [hivemq-platform-operator] [baa6dd23] 04:00:54.567 [pool-6-thread-43] DEBUG c.h.p.o.dependants.PodInfoConfigMap - [customop] Desired PodInfo ConfigMap (extension state hash: -1817474005)
2025-01-30 04:00:54,571 INFO c.h.h.t.HelmChartContainer - [hivemq-test-hivemq-platform] [hivemq-platform-operator] [baa6dd23] 04:00:54.570 [pool-6-thread-3] DEBUG c.h.p.o.d.PlatformServiceResource - [customop] Desired Platform services (3 services)
2025-01-30 04:00:54,577 INFO c.h.h.t.HelmChartContainer - [hivemq-test-hivemq-platform] [hivemq-platform-operator] [baa6dd23] 04:00:54.576 [pool-6-thread-7] DEBUG c.h.p.o.d.PodServiceAccountResource - [customop] Desired PodServiceAccountResource (serviceAccountName: hivemq-platform-pod-test-hivemq-platform-alpha)
2025-01-30 04:00:54,579 INFO c.h.h.t.HelmChartContainer - [hivemq-test-hivemq-platform] [hivemq-platform-operator] [baa6dd23] 04:00:54.578 [pool-6-thread-3] DEBUG c.h.p.o.d.StatefulSetResource - [customop] Desired StatefulSet (1 replicas) for status STARTING (READY)
2025-01-30 04:00:54,585 INFO c.h.h.t.HelmChartContainer - [hivemq-test-hivemq-platform] [hivemq-platform-operator] [baa6dd23] 04:00:54.584 [pool-6-thread-49] DEBUG c.h.p.o.d.StatefulSetResource - [customop] Desired StatefulSet (1 replicas) for status STARTING (READY)
2025-01-30 04:00:54,640 INFO c.h.h.t.HelmChartContainer - [hivemq-test-hivemq-platform] [hivemq-platform-operator] [baa6dd23] 04:00:54.639 [ReconcilerExecutor-hivemq-controller-124] INFO  c.h.p.o.HiveMQPlatformReconciler - [customop] Reconciling HiveMQ Platform 'test-hivemq-platform-beta' in namespace 'customoperatornamespacesit-beta'
2025-01-30 04:00:54,641 INFO c.h.h.t.HelmChartContainer - [hivemq-test-hivemq-platform] [hivemq-platform-operator] [baa6dd23] 04:00:54.639 [ReconcilerExecutor-hivemq-controller-124] DEBUG c.h.p.o.HiveMQPlatformReconciler - [customop] Custom Resource Status STARTING - HiveMQ Platform is starting (READY)
2025-01-30 04:00:54,641 INFO c.h.h.t.HelmChartContainer - [hivemq-test-hivemq-platform] [hivemq-platform-operator] [baa6dd23] 04:00:54.639 [ReconcilerExecutor-hivemq-controller-124] DEBUG c.h.p.o.HiveMQPlatformReconciler - [customop] Custom Resource Spec (replicas: 1) (extensions: 1)
2025-01-30 04:00:54,642 INFO c.h.h.t.HelmChartContainer - [hivemq-test-hivemq-platform] [hivemq-platform-operator] [baa6dd23] 04:00:54.641 [ReconcilerExecutor-hivemq-controller-124] DEBUG c.h.p.o.HiveMQPlatformReconciler - [customop] StatefulSet Status (revision: test-hivemq-platform-beta-68c75dbff9, replicas: 1, available: 0, ready: 0, current: 1, updated: 1)
2025-01-30 04:00:54,644 INFO c.h.h.t.HelmChartContainer - [hivemq-test-hivemq-platform] [hivemq-platform-operator] [baa6dd23] 04:00:54.641 [ReconcilerExecutor-hivemq-controller-124] DEBUG c.h.p.o.HiveMQPlatformReconciler - [customop] StatefulSet Spec (replicas: 1, init containers: 1, containers: 1, volumes: 3)
2025-01-30 04:00:54,645 INFO c.h.h.t.HelmChartContainer - [hivemq-test-hivemq-platform] [hivemq-platform-operator] [baa6dd23] 04:00:54.643 [ReconcilerExecutor-hivemq-controller-124] DEBUG c.h.p.o.h.HiveMQPlatformReconcilerErrorHandler - [customop] Pod 'test-hivemq-platform-beta-0' phase Running
2025-01-30 04:00:54,646 INFO c.h.h.t.HelmChartContainer - [hivemq-test-hivemq-platform] [hivemq-platform-operator] [baa6dd23] 04:00:54.644 [ReconcilerExecutor-hivemq-controller-125] INFO  c.h.p.o.HiveMQPlatformReconciler - [customop] Reconciling HiveMQ Platform 'test-hivemq-platform-alpha' in namespace 'customoperatornamespacesit-alpha'
2025-01-30 04:00:54,646 INFO c.h.h.t.HelmChartContainer - [hivemq-test-hivemq-platform] [hivemq-platform-operator] [baa6dd23] 04:00:54.644 [ReconcilerExecutor-hivemq-controller-125] DEBUG c.h.p.o.HiveMQPlatformReconciler - [customop] Custom Resource Status STARTING - HiveMQ Platform is starting (READY)
2025-01-30 04:00:54,646 INFO c.h.h.t.HelmChartContainer - [hivemq-test-hivemq-platform] [hivemq-platform-operator] [baa6dd23] 04:00:54.644 [ReconcilerExecutor-hivemq-controller-125] DEBUG c.h.p.o.HiveMQPlatformReconciler - [customop] Custom Resource Spec (replicas: 1) (extensions: 1)
2025-01-30 04:00:54,646 INFO c.h.h.t.HelmChartContainer - [hivemq-test-hivemq-platform] [hivemq-platform-operator] [baa6dd23] 04:00:54.644 [ReconcilerExecutor-hivemq-controller-124] INFO  c.h.p.o.h.HiveMQPlatformReconcilerBaseHandler - [customop] HiveMQ Platform is starting, 0 of 1 replicas are ready
2025-01-30 04:00:54,647 INFO c.h.h.t.HelmChartContainer - [hivemq-test-hivemq-platform] [hivemq-platform-operator] [baa6dd23] 04:00:54.645 [ReconcilerExecutor-hivemq-controller-125] DEBUG c.h.p.o.HiveMQPlatformReconciler - [customop] StatefulSet Status (revision: test-hivemq-platform-alpha-5bcd5cb867, replicas: 1, available: 0, ready: 0, current: 1, updated: 1)
2025-01-30 04:00:54,647 INFO c.h.h.t.HelmChartContainer - [hivemq-test-hivemq-platform] [hivemq-platform-operator] [baa6dd23] 04:00:54.646 [ReconcilerExecutor-hivemq-controller-125] DEBUG c.h.p.o.HiveMQPlatformReconciler - [customop] StatefulSet Spec (replicas: 1, init containers: 1, containers: 1, volumes: 3)
2025-01-30 04:00:54,649 INFO c.h.h.t.HelmChartContainer - [hivemq-test-hivemq-platform] [hivemq-platform-operator] [baa6dd23] 04:00:54.647 [ReconcilerExecutor-hivemq-controller-125] DEBUG c.h.p.o.h.HiveMQPlatformReconcilerErrorHandler - [customop] Pod 'test-hivemq-platform-alpha-0' phase Running
2025-01-30 04:00:54,649 INFO c.h.h.t.HelmChartContainer - [hivemq-test-hivemq-platform] [hivemq-platform-operator] [baa6dd23] 04:00:54.648 [ReconcilerExecutor-hivemq-controller-125] INFO  c.h.p.o.h.HiveMQPlatformReconcilerBaseHandler - [customop] HiveMQ Platform is starting, 0 of 1 replicas are ready
2025-01-30 04:00:55,779 INFO c.h.h.t.HelmChartContainer - [test-hivemq-platform] [hivemq] [03b8bcd0] WARN  - [HiveMQ Platform Operator Init App 1.7.0-SNAPSHOT] Cannot connect to Health API for readiness: null
2025-01-30 04:00:55,785 INFO c.h.h.t.HelmChartContainer - [EVENT] Warning [Unhealthy] Readiness probe failed: HTTP probe failed with statuscode: 503 [customoperatornamespacesit-alpha:test-hivemq-platform-alpha-0]
2025-01-30 04:00:55,786 INFO c.h.h.t.HelmChartContainer - Received Unhealthy event for container hivemq in pod test-hivemq-platform-alpha-0 [03b8bcd0-898e-4e9c-af3c-e6cfc0695fdf]
2025-01-30 04:00:55,804 INFO c.h.h.t.HelmChartContainer - [test-hivemq-platform] [hivemq] [b9a6a196] WARN  - [HiveMQ Platform Operator Init App 1.7.0-SNAPSHOT] Cannot connect to Health API for readiness: null
2025-01-30 04:00:55,808 INFO c.h.h.t.HelmChartContainer - [EVENT] Warning [Unhealthy] Readiness probe failed: HTTP probe failed with statuscode: 503 [customoperatornamespacesit-beta:test-hivemq-platform-beta-0]
2025-01-30 04:00:55,808 INFO c.h.h.t.HelmChartContainer - Received Unhealthy event for container hivemq in pod test-hivemq-platform-beta-0 [b9a6a196-ef9c-4eb9-afb0-89de41b127d4]
2025-01-30 04:00:58,485 INFO c.h.h.t.HelmChartContainer - [test-hivemq-platform] [hivemq] [03b8bcd0] Jan 30, 2025 4:00:58 AM io.vertx.core.impl.BlockedThreadChecker
2025-01-30 04:00:58,486 INFO c.h.h.t.HelmChartContainer - [test-hivemq-platform] [hivemq] [03b8bcd0] WARNING: Thread Thread[vert.x-eventloop-thread-1,5,main] has been blocked for 2299 ms, time limit is 2000 ms
2025-01-30 04:00:58,499 INFO c.h.h.t.HelmChartContainer - [test-hivemq-platform] [hivemq] [b9a6a196] Jan 30, 2025 4:00:58 AM io.vertx.core.impl.BlockedThreadChecker
2025-01-30 04:00:58,499 INFO c.h.h.t.HelmChartContainer - [test-hivemq-platform] [hivemq] [b9a6a196] WARNING: Thread Thread[vert.x-eventloop-thread-1,5,main] has been blocked for 2438 ms, time limit is 2000 ms
2025-01-30 04:00:59,409 INFO c.h.h.t.HelmChartContainer - [test-hivemq-platform] [hivemq] [b9a6a196] Jan 30, 2025 4:00:59 AM io.vertx.core.impl.BlockedThreadChecker
2025-01-30 04:00:59,409 INFO c.h.h.t.HelmChartContainer - [test-hivemq-platform] [hivemq] [b9a6a196] WARNING: Thread Thread[vert.x-eventloop-thread-1,5,main] has been blocked for 3438 ms, time limit is 2000 ms
2025-01-30 04:00:59,480 INFO c.h.h.t.HelmChartContainer - [test-hivemq-platform] [hivemq] [03b8bcd0] Jan 30, 2025 4:00:59 AM io.vertx.core.impl.BlockedThreadChecker
2025-01-30 04:00:59,481 INFO c.h.h.t.HelmChartContainer - [test-hivemq-platform] [hivemq] [03b8bcd0] WARNING: Thread Thread[vert.x-eventloop-thread-1,5,main] has been blocked for 3300 ms, time limit is 2000 ms
2025-01-30 04:00:59,481 INFO c.h.h.t.HelmChartContainer - [test-hivemq-platform] [hivemq] [03b8bcd0] INFO  - [HiveMQ Platform Operator Init App 1.7.0-SNAPSHOT] Updating Pod HiveMQ Platform Operator Init App version annotation (version: 1.7.0-SNAPSHOT)
2025-01-30 04:00:59,701 INFO c.h.h.t.HelmChartContainer - [test-hivemq-platform] [hivemq] [b9a6a196] INFO  - [HiveMQ Platform Operator Init App 1.7.0-SNAPSHOT] Updating Pod HiveMQ Platform Operator Init App version annotation (version: 1.7.0-SNAPSHOT)
2025-01-30 04:00:59,997 INFO c.h.h.t.HelmChartContainer - [POD] test-hivemq-platform-alpha-0 [03b8bcd0-898e-4e9c-af3c-e6cfc0695fdf] in customoperatornamespacesit-alpha was MODIFIED
2025-01-30 04:01:00,000 INFO c.h.h.t.HelmChartContainer - [hivemq-test-hivemq-platform] [hivemq-platform-operator] [baa6dd23] 04:00:59.995 [pool-6-thread-35] DEBUG c.h.p.o.d.PlatformServiceResource - [customop] Desired Platform services (3 services)
2025-01-30 04:01:00,006 INFO c.h.h.t.HelmChartContainer - [hivemq-test-hivemq-platform] [hivemq-platform-operator] [baa6dd23] 04:01:00.003 [pool-6-thread-23] DEBUG c.h.p.o.dependants.PodInfoConfigMap - [customop] Desired PodInfo ConfigMap (1 extensions) (1 enabled)
2025-01-30 04:01:00,006 INFO c.h.h.t.HelmChartContainer - [hivemq-test-hivemq-platform] [hivemq-platform-operator] [baa6dd23] 04:01:00.004 [pool-6-thread-23] DEBUG c.h.p.o.dependants.PodInfoConfigMap - [customop] Desired PodInfo ConfigMap (metrics port: 9399) (metrics path: /)
2025-01-30 04:01:00,006 INFO c.h.h.t.HelmChartContainer - [hivemq-test-hivemq-platform] [hivemq-platform-operator] [baa6dd23] 04:01:00.004 [pool-6-thread-23] DEBUG c.h.p.o.dependants.PodInfoConfigMap - [customop] Desired PodInfo ConfigMap (extension state hash: -1817474005)
2025-01-30 04:01:00,007 INFO c.h.h.t.HelmChartContainer - [hivemq-test-hivemq-platform] [hivemq-platform-operator] [baa6dd23] 04:01:00.003 [pool-6-thread-21] DEBUG c.h.p.o.d.PodServiceAccountResource - [customop] Desired PodServiceAccountResource (serviceAccountName: hivemq-platform-pod-test-hivemq-platform-alpha)
2025-01-30 04:01:00,021 INFO c.h.h.t.HelmChartContainer - [hivemq-test-hivemq-platform] [hivemq-platform-operator] [baa6dd23] 04:01:00.019 [pool-6-thread-35] DEBUG c.h.p.o.d.StatefulSetResource - [customop] Desired StatefulSet (1 replicas) for status STARTING (READY)
2025-01-30 04:01:00,038 INFO c.h.h.t.HelmChartContainer - [hivemq-test-hivemq-platform] [hivemq-platform-operator] [baa6dd23] 04:01:00.037 [ReconcilerExecutor-hivemq-controller-126] INFO  c.h.p.o.HiveMQPlatformReconciler - [customop] Reconciling HiveMQ Platform 'test-hivemq-platform-alpha' in namespace 'customoperatornamespacesit-alpha'
2025-01-30 04:01:00,038 INFO c.h.h.t.HelmChartContainer - [hivemq-test-hivemq-platform] [hivemq-platform-operator] [baa6dd23] 04:01:00.037 [ReconcilerExecutor-hivemq-controller-126] DEBUG c.h.p.o.HiveMQPlatformReconciler - [customop] Custom Resource Status STARTING - HiveMQ Platform is starting (READY)
2025-01-30 04:01:00,038 INFO c.h.h.t.HelmChartContainer - [hivemq-test-hivemq-platform] [hivemq-platform-operator] [baa6dd23] 04:01:00.037 [ReconcilerExecutor-hivemq-controller-126] DEBUG c.h.p.o.HiveMQPlatformReconciler - [customop] Custom Resource Spec (replicas: 1) (extensions: 1)
2025-01-30 04:01:00,041 INFO c.h.h.t.HelmChartContainer - [hivemq-test-hivemq-platform] [hivemq-platform-operator] [baa6dd23] 04:01:00.040 [ReconcilerExecutor-hivemq-controller-126] DEBUG c.h.p.o.HiveMQPlatformReconciler - [customop] StatefulSet Status (revision: test-hivemq-platform-alpha-5bcd5cb867, replicas: 1, available: 0, ready: 0, current: 1, updated: 1)
2025-01-30 04:01:00,042 INFO c.h.h.t.HelmChartContainer - [hivemq-test-hivemq-platform] [hivemq-platform-operator] [baa6dd23] 04:01:00.040 [ReconcilerExecutor-hivemq-controller-126] DEBUG c.h.p.o.HiveMQPlatformReconciler - [customop] StatefulSet Spec (replicas: 1, init containers: 1, containers: 1, volumes: 3)
2025-01-30 04:01:00,043 INFO c.h.h.t.HelmChartContainer - [hivemq-test-hivemq-platform] [hivemq-platform-operator] [baa6dd23] 04:01:00.042 [ReconcilerExecutor-hivemq-controller-126] DEBUG c.h.p.o.h.HiveMQPlatformReconcilerErrorHandler - [customop] Pod 'test-hivemq-platform-alpha-0' phase Running
2025-01-30 04:01:00,045 INFO c.h.h.t.HelmChartContainer - [hivemq-test-hivemq-platform] [hivemq-platform-operator] [baa6dd23] 04:01:00.044 [ReconcilerExecutor-hivemq-controller-126] INFO  c.h.p.o.h.HiveMQPlatformReconcilerBaseHandler - [customop] HiveMQ Platform is starting, 0 of 1 replicas are ready
2025-01-30 04:01:00,076 INFO c.h.h.t.HelmChartContainer - [test-hivemq-platform] [hivemq] [03b8bcd0] WARN  - [HiveMQ Platform Operator Init App 1.7.0-SNAPSHOT] Cannot connect to Health API for readiness: null
2025-01-30 04:01:00,080 INFO c.h.h.t.HelmChartContainer - [test-hivemq-platform] [hivemq] [03b8bcd0] INFO  - [HiveMQ Platform Operator Init App 1.7.0-SNAPSHOT] Successfully updated Pod HiveMQ Platform Operator Init App version annotation (version: 1.7.0-SNAPSHOT)
2025-01-30 04:01:00,084 INFO c.h.h.t.HelmChartContainer - [EVENT] Warning [Unhealthy] Readiness probe failed: HTTP probe failed with statuscode: 503 [customoperatornamespacesit-alpha:test-hivemq-platform-alpha-0]
2025-01-30 04:01:00,084 INFO c.h.h.t.HelmChartContainer - Received Unhealthy event for container hivemq in pod test-hivemq-platform-alpha-0 [03b8bcd0-898e-4e9c-af3c-e6cfc0695fdf]
2025-01-30 04:01:00,406 INFO c.h.h.t.HelmChartContainer - [test-hivemq-platform] [hivemq] [b9a6a196] WARN  - [HiveMQ Platform Operator Init App 1.7.0-SNAPSHOT] Cannot connect to Health API for readiness: null
2025-01-30 04:01:00,418 INFO c.h.h.t.HelmChartContainer - [EVENT] Warning [Unhealthy] Readiness probe failed: HTTP probe failed with statuscode: 503 [customoperatornamespacesit-beta:test-hivemq-platform-beta-0]
2025-01-30 04:01:00,419 INFO c.h.h.t.HelmChartContainer - Received Unhealthy event for container hivemq in pod test-hivemq-platform-beta-0 [b9a6a196-ef9c-4eb9-afb0-89de41b127d4]
2025-01-30 04:01:00,423 INFO c.h.h.t.HelmChartContainer - [POD] test-hivemq-platform-beta-0 [b9a6a196-ef9c-4eb9-afb0-89de41b127d4] in customoperatornamespacesit-beta was MODIFIED
2025-01-30 04:01:00,432 INFO c.h.h.t.HelmChartContainer - [hivemq-test-hivemq-platform] [hivemq-platform-operator] [baa6dd23] 04:01:00.429 [pool-6-thread-30] DEBUG c.h.p.o.d.PlatformServiceResource - [customop] Desired Platform services (3 services)
2025-01-30 04:01:00,435 INFO c.h.h.t.HelmChartContainer - [hivemq-test-hivemq-platform] [hivemq-platform-operator] [baa6dd23] 04:01:00.431 [pool-6-thread-36] DEBUG c.h.p.o.dependants.PodInfoConfigMap - [customop] Desired PodInfo ConfigMap (1 extensions) (1 enabled)
2025-01-30 04:01:00,436 INFO c.h.h.t.HelmChartContainer - [hivemq-test-hivemq-platform] [hivemq-platform-operator] [baa6dd23] 04:01:00.432 [pool-6-thread-31] DEBUG c.h.p.o.d.PodServiceAccountResource - [customop] Desired PodServiceAccountResource (serviceAccountName: hivemq-platform-pod-test-hivemq-platform-beta)
2025-01-30 04:01:00,436 INFO c.h.h.t.HelmChartContainer - [hivemq-test-hivemq-platform] [hivemq-platform-operator] [baa6dd23] 04:01:00.434 [pool-6-thread-36] DEBUG c.h.p.o.dependants.PodInfoConfigMap - [customop] Desired PodInfo ConfigMap (metrics port: 9399) (metrics path: /)
2025-01-30 04:01:00,437 INFO c.h.h.t.HelmChartContainer - [hivemq-test-hivemq-platform] [hivemq-platform-operator] [baa6dd23] 04:01:00.436 [pool-6-thread-36] DEBUG c.h.p.o.dependants.PodInfoConfigMap - [customop] Desired PodInfo ConfigMap (extension state hash: -1817474005)
2025-01-30 04:01:00,441 INFO c.h.h.t.HelmChartContainer - [hivemq-test-hivemq-platform] [hivemq-platform-operator] [baa6dd23] 04:01:00.439 [pool-6-thread-4] DEBUG c.h.p.o.d.StatefulSetResource - [customop] Desired StatefulSet (1 replicas) for status STARTING (READY)
2025-01-30 04:01:00,444 INFO c.h.h.t.HelmChartContainer - [hivemq-test-hivemq-platform] [hivemq-platform-operator] [baa6dd23] 04:01:00.442 [ReconcilerExecutor-hivemq-controller-127] INFO  c.h.p.o.HiveMQPlatformReconciler - [customop] Reconciling HiveMQ Platform 'test-hivemq-platform-beta' in namespace 'customoperatornamespacesit-beta'
2025-01-30 04:01:00,444 INFO c.h.h.t.HelmChartContainer - [hivemq-test-hivemq-platform] [hivemq-platform-operator] [baa6dd23] 04:01:00.442 [ReconcilerExecutor-hivemq-controller-127] DEBUG c.h.p.o.HiveMQPlatformReconciler - [customop] Custom Resource Status STARTING - HiveMQ Platform is starting (READY)
2025-01-30 04:01:00,444 INFO c.h.h.t.HelmChartContainer - [hivemq-test-hivemq-platform] [hivemq-platform-operator] [baa6dd23] 04:01:00.442 [ReconcilerExecutor-hivemq-controller-127] DEBUG c.h.p.o.HiveMQPlatformReconciler - [customop] Custom Resource Spec (replicas: 1) (extensions: 1)
2025-01-30 04:01:00,445 INFO c.h.h.t.HelmChartContainer - [hivemq-test-hivemq-platform] [hivemq-platform-operator] [baa6dd23] 04:01:00.444 [ReconcilerExecutor-hivemq-controller-127] DEBUG c.h.p.o.HiveMQPlatformReconciler - [customop] StatefulSet Status (revision: test-hivemq-platform-beta-68c75dbff9, replicas: 1, available: 0, ready: 0, current: 1, updated: 1)
2025-01-30 04:01:00,445 INFO c.h.h.t.HelmChartContainer - [hivemq-test-hivemq-platform] [hivemq-platform-operator] [baa6dd23] 04:01:00.444 [ReconcilerExecutor-hivemq-controller-127] DEBUG c.h.p.o.HiveMQPlatformReconciler - [customop] StatefulSet Spec (replicas: 1, init containers: 1, containers: 1, volumes: 3)
2025-01-30 04:01:00,447 INFO c.h.h.t.HelmChartContainer - [hivemq-test-hivemq-platform] [hivemq-platform-operator] [baa6dd23] 04:01:00.445 [ReconcilerExecutor-hivemq-controller-127] DEBUG c.h.p.o.h.HiveMQPlatformReconcilerErrorHandler - [customop] Pod 'test-hivemq-platform-beta-0' phase Running
2025-01-30 04:01:00,449 INFO c.h.h.t.HelmChartContainer - [hivemq-test-hivemq-platform] [hivemq-platform-operator] [baa6dd23] 04:01:00.446 [ReconcilerExecutor-hivemq-controller-127] INFO  c.h.p.o.h.HiveMQPlatformReconcilerBaseHandler - [customop] HiveMQ Platform is starting, 0 of 1 replicas are ready
2025-01-30 04:01:00,507 INFO c.h.h.t.HelmChartContainer - [test-hivemq-platform] [hivemq] [b9a6a196] WARN  - [HiveMQ Platform Operator Init App 1.7.0-SNAPSHOT] Cannot connect to Health API for readiness: null
2025-01-30 04:01:00,509 INFO c.h.h.t.HelmChartContainer - [EVENT] Warning [Unhealthy] Readiness probe failed: HTTP probe failed with statuscode: 503 [customoperatornamespacesit-beta:test-hivemq-platform-beta-0]
2025-01-30 04:01:00,510 INFO c.h.h.t.HelmChartContainer - Received Unhealthy event for container hivemq in pod test-hivemq-platform-beta-0 [b9a6a196-ef9c-4eb9-afb0-89de41b127d4]
2025-01-30 04:01:00,511 INFO c.h.h.t.HelmChartContainer - [test-hivemq-platform] [hivemq] [b9a6a196] INFO  - [HiveMQ Platform Operator Init App 1.7.0-SNAPSHOT] Successfully updated Pod HiveMQ Platform Operator Init App version annotation (version: 1.7.0-SNAPSHOT)
2025-01-30 04:01:05,075 INFO c.h.h.t.HelmChartContainer - [test-hivemq-platform] [hivemq] [03b8bcd0] WARN  - [HiveMQ Platform Operator Init App 1.7.0-SNAPSHOT] Cannot connect to Health API for readiness: null
2025-01-30 04:01:05,082 INFO c.h.h.t.HelmChartContainer - [EVENT] Warning [Unhealthy] Readiness probe failed: HTTP probe failed with statuscode: 503 [customoperatornamespacesit-alpha:test-hivemq-platform-alpha-0]
2025-01-30 04:01:05,082 INFO c.h.h.t.HelmChartContainer - Received Unhealthy event for container hivemq in pod test-hivemq-platform-alpha-0 [03b8bcd0-898e-4e9c-af3c-e6cfc0695fdf]
2025-01-30 04:01:05,470 INFO c.h.h.t.HelmChartContainer - [test-hivemq-platform] [hivemq] [b9a6a196] WARN  - [HiveMQ Platform Operator Init App 1.7.0-SNAPSHOT] Cannot connect to Health API for readiness: null
2025-01-30 04:01:05,475 INFO c.h.h.t.HelmChartContainer - [EVENT] Warning [Unhealthy] Readiness probe failed: HTTP probe failed with statuscode: 503 [customoperatornamespacesit-beta:test-hivemq-platform-beta-0]
2025-01-30 04:01:05,476 INFO c.h.h.t.HelmChartContainer - Received Unhealthy event for container hivemq in pod test-hivemq-platform-beta-0 [b9a6a196-ef9c-4eb9-afb0-89de41b127d4]
2025-01-30 04:01:10,051 INFO c.h.h.t.HelmChartContainer - [hivemq-test-hivemq-platform] [hivemq-platform-operator] [baa6dd23] 04:01:10.048 [pool-6-thread-42] DEBUG c.h.p.o.d.PlatformServiceResource - [customop] Desired Platform services (3 services)
2025-01-30 04:01:10,051 INFO c.h.h.t.HelmChartContainer - [hivemq-test-hivemq-platform] [hivemq-platform-operator] [baa6dd23] 04:01:10.049 [pool-6-thread-41] DEBUG c.h.p.o.d.PodServiceAccountResource - [customop] Desired PodServiceAccountResource (serviceAccountName: hivemq-platform-pod-test-hivemq-platform-alpha)
2025-01-30 04:01:10,052 INFO c.h.h.t.HelmChartContainer - [hivemq-test-hivemq-platform] [hivemq-platform-operator] [baa6dd23] 04:01:10.050 [pool-6-thread-48] DEBUG c.h.p.o.dependants.PodInfoConfigMap - [customop] Desired PodInfo ConfigMap (1 extensions) (1 enabled)
2025-01-30 04:01:10,053 INFO c.h.h.t.HelmChartContainer - [hivemq-test-hivemq-platform] [hivemq-platform-operator] [baa6dd23] 04:01:10.052 [pool-6-thread-48] DEBUG c.h.p.o.dependants.PodInfoConfigMap - [customop] Desired PodInfo ConfigMap (metrics port: 9399) (metrics path: /)
2025-01-30 04:01:10,053 INFO c.h.h.t.HelmChartContainer - [hivemq-test-hivemq-platform] [hivemq-platform-operator] [baa6dd23] 04:01:10.052 [pool-6-thread-48] DEBUG c.h.p.o.dependants.PodInfoConfigMap - [customop] Desired PodInfo ConfigMap (extension state hash: -1817474005)
2025-01-30 04:01:10,054 INFO c.h.h.t.HelmChartContainer - [hivemq-test-hivemq-platform] [hivemq-platform-operator] [baa6dd23] 04:01:10.053 [pool-6-thread-48] DEBUG c.h.p.o.d.StatefulSetResource - [customop] Desired StatefulSet (1 replicas) for status STARTING (READY)
2025-01-30 04:01:10,079 INFO c.h.h.t.HelmChartContainer - [test-hivemq-platform] [hivemq] [03b8bcd0] WARN  - [HiveMQ Platform Operator Init App 1.7.0-SNAPSHOT] Cannot connect to Health API for readiness: null
2025-01-30 04:01:10,085 INFO c.h.h.t.HelmChartContainer - [EVENT] Warning [Unhealthy] Readiness probe failed: HTTP probe failed with statuscode: 503 [customoperatornamespacesit-alpha:test-hivemq-platform-alpha-0]
2025-01-30 04:01:10,085 INFO c.h.h.t.HelmChartContainer - Received Unhealthy event for container hivemq in pod test-hivemq-platform-alpha-0 [03b8bcd0-898e-4e9c-af3c-e6cfc0695fdf]
2025-01-30 04:01:10,153 INFO c.h.h.t.HelmChartContainer - [hivemq-test-hivemq-platform] [hivemq-platform-operator] [baa6dd23] 04:01:10.149 [ReconcilerExecutor-hivemq-controller-128] INFO  c.h.p.o.HiveMQPlatformReconciler - [customop] Reconciling HiveMQ Platform 'test-hivemq-platform-alpha' in namespace 'customoperatornamespacesit-alpha'
2025-01-30 04:01:10,154 INFO c.h.h.t.HelmChartContainer - [hivemq-test-hivemq-platform] [hivemq-platform-operator] [baa6dd23] 04:01:10.149 [ReconcilerExecutor-hivemq-controller-128] DEBUG c.h.p.o.HiveMQPlatformReconciler - [customop] Custom Resource Status STARTING - HiveMQ Platform is starting (READY)
2025-01-30 04:01:10,154 INFO c.h.h.t.HelmChartContainer - [hivemq-test-hivemq-platform] [hivemq-platform-operator] [baa6dd23] 04:01:10.149 [ReconcilerExecutor-hivemq-controller-128] DEBUG c.h.p.o.HiveMQPlatformReconciler - [customop] Custom Resource Spec (replicas: 1) (extensions: 1)
2025-01-30 04:01:10,155 INFO c.h.h.t.HelmChartContainer - [hivemq-test-hivemq-platform] [hivemq-platform-operator] [baa6dd23] 04:01:10.150 [ReconcilerExecutor-hivemq-controller-128] DEBUG c.h.p.o.HiveMQPlatformReconciler - [customop] StatefulSet Status (revision: test-hivemq-platform-alpha-5bcd5cb867, replicas: 1, available: 0, ready: 0, current: 1, updated: 1)
2025-01-30 04:01:10,155 INFO c.h.h.t.HelmChartContainer - [hivemq-test-hivemq-platform] [hivemq-platform-operator] [baa6dd23] 04:01:10.150 [ReconcilerExecutor-hivemq-controller-128] DEBUG c.h.p.o.HiveMQPlatformReconciler - [customop] StatefulSet Spec (replicas: 1, init containers: 1, containers: 1, volumes: 3)
2025-01-30 04:01:10,155 INFO c.h.h.t.HelmChartContainer - [hivemq-test-hivemq-platform] [hivemq-platform-operator] [baa6dd23] 04:01:10.151 [ReconcilerExecutor-hivemq-controller-128] DEBUG c.h.p.o.h.HiveMQPlatformReconcilerErrorHandler - [customop] Pod 'test-hivemq-platform-alpha-0' phase Running
2025-01-30 04:01:10,156 INFO c.h.h.t.HelmChartContainer - [hivemq-test-hivemq-platform] [hivemq-platform-operator] [baa6dd23] 04:01:10.152 [ReconcilerExecutor-hivemq-controller-128] INFO  c.h.p.o.h.HiveMQPlatformReconcilerBaseHandler - [customop] HiveMQ Platform is starting, 0 of 1 replicas are ready
2025-01-30 04:01:10,451 INFO c.h.h.t.HelmChartContainer - [hivemq-test-hivemq-platform] [hivemq-platform-operator] [baa6dd23] 04:01:10.449 [pool-6-thread-47] DEBUG c.h.p.o.d.PlatformServiceResource - [customop] Desired Platform services (3 services)
2025-01-30 04:01:10,454 INFO c.h.h.t.HelmChartContainer - [hivemq-test-hivemq-platform] [hivemq-platform-operator] [baa6dd23] 04:01:10.450 [pool-6-thread-18] DEBUG c.h.p.o.dependants.PodInfoConfigMap - [customop] Desired PodInfo ConfigMap (1 extensions) (1 enabled)
2025-01-30 04:01:10,454 INFO c.h.h.t.HelmChartContainer - [hivemq-test-hivemq-platform] [hivemq-platform-operator] [baa6dd23] 04:01:10.450 [pool-6-thread-18] DEBUG c.h.p.o.dependants.PodInfoConfigMap - [customop] Desired PodInfo ConfigMap (metrics port: 9399) (metrics path: /)
2025-01-30 04:01:10,454 INFO c.h.h.t.HelmChartContainer - [hivemq-test-hivemq-platform] [hivemq-platform-operator] [baa6dd23] 04:01:10.450 [pool-6-thread-18] DEBUG c.h.p.o.dependants.PodInfoConfigMap - [customop] Desired PodInfo ConfigMap (extension state hash: -1817474005)
2025-01-30 04:01:10,455 INFO c.h.h.t.HelmChartContainer - [hivemq-test-hivemq-platform] [hivemq-platform-operator] [baa6dd23] 04:01:10.452 [pool-6-thread-18] DEBUG c.h.p.o.d.PodServiceAccountResource - [customop] Desired PodServiceAccountResource (serviceAccountName: hivemq-platform-pod-test-hivemq-platform-beta)
2025-01-30 04:01:10,461 INFO c.h.h.t.HelmChartContainer - [hivemq-test-hivemq-platform] [hivemq-platform-operator] [baa6dd23] 04:01:10.460 [pool-6-thread-47] DEBUG c.h.p.o.d.StatefulSetResource - [customop] Desired StatefulSet (1 replicas) for status STARTING (READY)
2025-01-30 04:01:10,465 INFO c.h.h.t.HelmChartContainer - [hivemq-test-hivemq-platform] [hivemq-platform-operator] [baa6dd23] 04:01:10.464 [ReconcilerExecutor-hivemq-controller-129] INFO  c.h.p.o.HiveMQPlatformReconciler - [customop] Reconciling HiveMQ Platform 'test-hivemq-platform-beta' in namespace 'customoperatornamespacesit-beta'
2025-01-30 04:01:10,466 INFO c.h.h.t.HelmChartContainer - [hivemq-test-hivemq-platform] [hivemq-platform-operator] [baa6dd23] 04:01:10.464 [ReconcilerExecutor-hivemq-controller-129] DEBUG c.h.p.o.HiveMQPlatformReconciler - [customop] Custom Resource Status STARTING - HiveMQ Platform is starting (READY)
2025-01-30 04:01:10,466 INFO c.h.h.t.HelmChartContainer - [hivemq-test-hivemq-platform] [hivemq-platform-operator] [baa6dd23] 04:01:10.464 [ReconcilerExecutor-hivemq-controller-129] DEBUG c.h.p.o.HiveMQPlatformReconciler - [customop] Custom Resource Spec (replicas: 1) (extensions: 1)
2025-01-30 04:01:10,468 INFO c.h.h.t.HelmChartContainer - [hivemq-test-hivemq-platform] [hivemq-platform-operator] [baa6dd23] 04:01:10.465 [ReconcilerExecutor-hivemq-controller-129] DEBUG c.h.p.o.HiveMQPlatformReconciler - [customop] StatefulSet Status (revision: test-hivemq-platform-beta-68c75dbff9, replicas: 1, available: 0, ready: 0, current: 1, updated: 1)
2025-01-30 04:01:10,468 INFO c.h.h.t.HelmChartContainer - [hivemq-test-hivemq-platform] [hivemq-platform-operator] [baa6dd23] 04:01:10.465 [ReconcilerExecutor-hivemq-controller-129] DEBUG c.h.p.o.HiveMQPlatformReconciler - [customop] StatefulSet Spec (replicas: 1, init containers: 1, containers: 1, volumes: 3)
2025-01-30 04:01:10,471 INFO c.h.h.t.HelmChartContainer - [hivemq-test-hivemq-platform] [hivemq-platform-operator] [baa6dd23] 04:01:10.469 [ReconcilerExecutor-hivemq-controller-129] DEBUG c.h.p.o.h.HiveMQPlatformReconcilerErrorHandler - [customop] Pod 'test-hivemq-platform-beta-0' phase Running
2025-01-30 04:01:10,471 INFO c.h.h.t.HelmChartContainer - [hivemq-test-hivemq-platform] [hivemq-platform-operator] [baa6dd23] 04:01:10.470 [ReconcilerExecutor-hivemq-controller-129] INFO  c.h.p.o.h.HiveMQPlatformReconcilerBaseHandler - [customop] HiveMQ Platform is starting, 0 of 1 replicas are ready
2025-01-30 04:01:10,478 INFO c.h.h.t.HelmChartContainer - [test-hivemq-platform] [hivemq] [b9a6a196] WARN  - [HiveMQ Platform Operator Init App 1.7.0-SNAPSHOT] Cannot connect to Health API for readiness: null
2025-01-30 04:01:10,485 INFO c.h.h.t.HelmChartContainer - [EVENT] Warning [Unhealthy] Readiness probe failed: HTTP probe failed with statuscode: 503 [customoperatornamespacesit-beta:test-hivemq-platform-beta-0]
2025-01-30 04:01:10,485 INFO c.h.h.t.HelmChartContainer - Received Unhealthy event for container hivemq in pod test-hivemq-platform-beta-0 [b9a6a196-ef9c-4eb9-afb0-89de41b127d4]
2025-01-30 04:01:11,601 INFO c.h.h.t.HelmChartContainer - [test-hivemq-platform] [hivemq] [b9a6a196] INFO  - No valid license file found. Using trial license, restricted to 25 connections.
2025-01-30 04:01:11,983 INFO c.h.h.t.HelmChartContainer - [test-hivemq-platform] [hivemq] [03b8bcd0] INFO  - No valid license file found. Using trial license, restricted to 25 connections.
2025-01-30 04:01:12,869 INFO c.h.h.t.HelmChartContainer - [test-hivemq-platform] [hivemq] [b9a6a196] WARN  - [HiveMQ Platform Operator Init App 1.7.0-SNAPSHOT] Cannot connect to Health API for liveness: null
2025-01-30 04:01:12,869 INFO c.h.h.t.HelmChartContainer - [test-hivemq-platform] [hivemq] [b9a6a196] INFO  - [HiveMQ Platform Operator Init App 1.7.0-SNAPSHOT] Returning default Health API response 200 for liveness
2025-01-30 04:01:12,877 INFO c.h.h.t.HelmChartContainer - [test-hivemq-platform] [hivemq] [03b8bcd0] WARN  - [HiveMQ Platform Operator Init App 1.7.0-SNAPSHOT] Cannot connect to Health API for liveness: null
2025-01-30 04:01:12,877 INFO c.h.h.t.HelmChartContainer - [test-hivemq-platform] [hivemq] [03b8bcd0] INFO  - [HiveMQ Platform Operator Init App 1.7.0-SNAPSHOT] Returning default Health API response 200 for liveness
2025-01-30 04:01:15,032 INFO c.h.h.t.HelmChartContainer - [test-hivemq-platform] [hivemq] [03b8bcd0] WARN  - [HiveMQ Platform Operator Init App 1.7.0-SNAPSHOT] Cannot connect to Health API for readiness: null
2025-01-30 04:01:15,037 INFO c.h.h.t.HelmChartContainer - [EVENT] Warning [Unhealthy] Readiness probe failed: HTTP probe failed with statuscode: 503 [customoperatornamespacesit-alpha:test-hivemq-platform-alpha-0]
2025-01-30 04:01:15,037 INFO c.h.h.t.HelmChartContainer - Received Unhealthy event for container hivemq in pod test-hivemq-platform-alpha-0 [03b8bcd0-898e-4e9c-af3c-e6cfc0695fdf]
2025-01-30 04:01:15,473 INFO c.h.h.t.HelmChartContainer - [test-hivemq-platform] [hivemq] [b9a6a196] WARN  - [HiveMQ Platform Operator Init App 1.7.0-SNAPSHOT] Cannot connect to Health API for readiness: null
2025-01-30 04:01:15,477 INFO c.h.h.t.HelmChartContainer - [EVENT] Warning [Unhealthy] Readiness probe failed: HTTP probe failed with statuscode: 503 [customoperatornamespacesit-beta:test-hivemq-platform-beta-0]
2025-01-30 04:01:15,477 INFO c.h.h.t.HelmChartContainer - Received Unhealthy event for container hivemq in pod test-hivemq-platform-beta-0 [b9a6a196-ef9c-4eb9-afb0-89de41b127d4]
2025-01-30 04:01:15,569 INFO c.h.h.t.HelmChartContainer - [test-hivemq-platform] [hivemq] [b9a6a196] INFO  - No valid license file for Data Hub found. Using free license, restricted to 1 policy.
2025-01-30 04:01:16,032 INFO c.h.h.t.HelmChartContainer - [test-hivemq-platform] [hivemq] [03b8bcd0] INFO  - No valid license file for Data Hub found. Using free license, restricted to 1 policy.
2025-01-30 04:01:16,806 INFO c.h.h.t.HelmChartContainer - [test-hivemq-platform] [hivemq] [b9a6a196] INFO  - Audit Logger started.
2025-01-30 04:01:17,123 INFO c.h.h.t.HelmChartContainer - [test-hivemq-platform] [hivemq] [b9a6a196] INFO  - This node uses '1' CPU cores.
2025-01-30 04:01:17,168 INFO c.h.h.t.HelmChartContainer - [test-hivemq-platform] [hivemq] [b9a6a196] INFO  - Starting HiveMQ Health API on address 0.0.0.0 and port 8889
2025-01-30 04:01:17,179 INFO c.h.h.t.HelmChartContainer - [test-hivemq-platform] [hivemq] [03b8bcd0] INFO  - Audit Logger started.
2025-01-30 04:01:17,415 INFO c.h.h.t.HelmChartContainer - [test-hivemq-platform] [hivemq] [03b8bcd0] INFO  - This node uses '1' CPU cores.
2025-01-30 04:01:17,479 INFO c.h.h.t.HelmChartContainer - [test-hivemq-platform] [hivemq] [03b8bcd0] INFO  - Starting HiveMQ Health API on address 0.0.0.0 and port 8889
2025-01-30 04:01:18,108 INFO c.h.h.t.HelmChartContainer - [test-hivemq-platform] [hivemq] [b9a6a196] INFO  - Started HiveMQ Health API in 939ms
2025-01-30 04:01:18,296 INFO c.h.h.t.HelmChartContainer - [test-hivemq-platform] [hivemq] [03b8bcd0] INFO  - Started HiveMQ Health API in 818ms
2025-01-30 04:01:18,911 INFO c.h.h.t.HelmChartContainer - [test-hivemq-platform] [hivemq] [b9a6a196] INFO  - Starting HiveMQ extension system.
2025-01-30 04:01:18,988 INFO c.h.h.t.HelmChartContainer - [test-hivemq-platform] [hivemq] [03b8bcd0] INFO  - Starting HiveMQ extension system.
2025-01-30 04:01:19,168 INFO c.h.h.t.HelmChartContainer - [test-hivemq-platform] [hivemq] [b9a6a196] INFO  - Starting extension with id "hivemq-dns-cluster-discovery" at /opt/hivemq/extensions/hivemq-dns-cluster-discovery
2025-01-30 04:01:19,282 INFO c.h.h.t.HelmChartContainer - [test-hivemq-platform] [hivemq] [03b8bcd0] INFO  - Starting extension with id "hivemq-dns-cluster-discovery" at /opt/hivemq/extensions/hivemq-dns-cluster-discovery
2025-01-30 04:01:19,568 INFO c.h.h.t.HelmChartContainer - [test-hivemq-platform] [hivemq] [b9a6a196] INFO  - Extension "DNS Cluster Discovery Extension" version 4.3.2 started successfully.
2025-01-30 04:01:19,569 INFO c.h.h.t.HelmChartContainer - [test-hivemq-platform] [hivemq] [b9a6a196] INFO  - Starting extension with id "hivemq-prometheus-extension" at /opt/hivemq/extensions/hivemq-prometheus-extension
2025-01-30 04:01:19,689 INFO c.h.h.t.HelmChartContainer - [test-hivemq-platform] [hivemq] [03b8bcd0] INFO  - Using TCP cluster transport on address 10.42.0.6 and port 7000
2025-01-30 04:01:19,778 INFO c.h.h.t.HelmChartContainer - [test-hivemq-platform] [hivemq] [03b8bcd0] INFO  - Using extension cluster discovery
2025-01-30 04:01:19,886 INFO c.h.h.t.HelmChartContainer - [test-hivemq-platform] [hivemq] [03b8bcd0] INFO  - Extension "DNS Cluster Discovery Extension" version 4.3.2 started successfully.
2025-01-30 04:01:19,886 INFO c.h.h.t.HelmChartContainer - [test-hivemq-platform] [hivemq] [03b8bcd0] INFO  - Starting extension with id "hivemq-prometheus-extension" at /opt/hivemq/extensions/hivemq-prometheus-extension
2025-01-30 04:01:20,002 INFO c.h.h.t.HelmChartContainer - [test-hivemq-platform] [hivemq] [b9a6a196] INFO  - Using TCP cluster transport on address 10.42.0.7 and port 7000
2025-01-30 04:01:20,070 INFO c.h.h.t.HelmChartContainer - [test-hivemq-platform] [hivemq] [b9a6a196] INFO  - Using extension cluster discovery
2025-01-30 04:01:20,163 INFO c.h.h.t.HelmChartContainer - [hivemq-test-hivemq-platform] [hivemq-platform-operator] [baa6dd23] 04:01:20.160 [pool-6-thread-14] DEBUG c.h.p.o.d.PlatformServiceResource - [customop] Desired Platform services (3 services)
2025-01-30 04:01:20,163 INFO c.h.h.t.HelmChartContainer - [hivemq-test-hivemq-platform] [hivemq-platform-operator] [baa6dd23] 04:01:20.161 [pool-6-thread-17] DEBUG c.h.p.o.dependants.PodInfoConfigMap - [customop] Desired PodInfo ConfigMap (1 extensions) (1 enabled)
2025-01-30 04:01:20,163 INFO c.h.h.t.HelmChartContainer - [hivemq-test-hivemq-platform] [hivemq-platform-operator] [baa6dd23] 04:01:20.161 [pool-6-thread-17] DEBUG c.h.p.o.dependants.PodInfoConfigMap - [customop] Desired PodInfo ConfigMap (metrics port: 9399) (metrics path: /)
2025-01-30 04:01:20,163 INFO c.h.h.t.HelmChartContainer - [hivemq-test-hivemq-platform] [hivemq-platform-operator] [baa6dd23] 04:01:20.161 [pool-6-thread-17] DEBUG c.h.p.o.dependants.PodInfoConfigMap - [customop] Desired PodInfo ConfigMap (extension state hash: -1817474005)
2025-01-30 04:01:20,166 INFO c.h.h.t.HelmChartContainer - [hivemq-test-hivemq-platform] [hivemq-platform-operator] [baa6dd23] 04:01:20.162 [pool-6-thread-19] DEBUG c.h.p.o.d.PodServiceAccountResource - [customop] Desired PodServiceAccountResource (serviceAccountName: hivemq-platform-pod-test-hivemq-platform-alpha)
2025-01-30 04:01:20,166 INFO c.h.h.t.HelmChartContainer - [hivemq-test-hivemq-platform] [hivemq-platform-operator] [baa6dd23] 04:01:20.165 [pool-6-thread-14] DEBUG c.h.p.o.d.StatefulSetResource - [customop] Desired StatefulSet (1 replicas) for status STARTING (READY)
2025-01-30 04:01:20,171 INFO c.h.h.t.HelmChartContainer - [hivemq-test-hivemq-platform] [hivemq-platform-operator] [baa6dd23] 04:01:20.170 [ReconcilerExecutor-hivemq-controller-130] INFO  c.h.p.o.HiveMQPlatformReconciler - [customop] Reconciling HiveMQ Platform 'test-hivemq-platform-alpha' in namespace 'customoperatornamespacesit-alpha'
2025-01-30 04:01:20,172 INFO c.h.h.t.HelmChartContainer - [hivemq-test-hivemq-platform] [hivemq-platform-operator] [baa6dd23] 04:01:20.171 [ReconcilerExecutor-hivemq-controller-130] DEBUG c.h.p.o.HiveMQPlatformReconciler - [customop] Custom Resource Status STARTING - HiveMQ Platform is starting (READY)
2025-01-30 04:01:20,173 INFO c.h.h.t.HelmChartContainer - [hivemq-test-hivemq-platform] [hivemq-platform-operator] [baa6dd23] 04:01:20.171 [ReconcilerExecutor-hivemq-controller-130] DEBUG c.h.p.o.HiveMQPlatformReconciler - [customop] Custom Resource Spec (replicas: 1) (extensions: 1)
2025-01-30 04:01:20,184 INFO c.h.h.t.HelmChartContainer - [hivemq-test-hivemq-platform] [hivemq-platform-operator] [baa6dd23] 04:01:20.181 [ReconcilerExecutor-hivemq-controller-130] DEBUG c.h.p.o.HiveMQPlatformReconciler - [customop] StatefulSet Status (revision: test-hivemq-platform-alpha-5bcd5cb867, replicas: 1, available: 0, ready: 0, current: 1, updated: 1)
2025-01-30 04:01:20,184 INFO c.h.h.t.HelmChartContainer - [hivemq-test-hivemq-platform] [hivemq-platform-operator] [baa6dd23] 04:01:20.181 [ReconcilerExecutor-hivemq-controller-130] DEBUG c.h.p.o.HiveMQPlatformReconciler - [customop] StatefulSet Spec (replicas: 1, init containers: 1, containers: 1, volumes: 3)
2025-01-30 04:01:20,186 INFO c.h.h.t.HelmChartContainer - [hivemq-test-hivemq-platform] [hivemq-platform-operator] [baa6dd23] 04:01:20.184 [ReconcilerExecutor-hivemq-controller-130] DEBUG c.h.p.o.h.HiveMQPlatformReconcilerErrorHandler - [customop] Pod 'test-hivemq-platform-alpha-0' phase Running
2025-01-30 04:01:20,187 INFO c.h.h.t.HelmChartContainer - [hivemq-test-hivemq-platform] [hivemq-platform-operator] [baa6dd23] 04:01:20.184 [ReconcilerExecutor-hivemq-controller-130] INFO  c.h.p.o.h.HiveMQPlatformReconcilerBaseHandler - [customop] HiveMQ Platform is starting, 0 of 1 replicas are ready
2025-01-30 04:01:20,542 INFO c.h.h.t.HelmChartContainer - [hivemq-test-hivemq-platform] [hivemq-platform-operator] [baa6dd23] 04:01:20.538 [pool-6-thread-29] DEBUG c.h.p.o.dependants.PodInfoConfigMap - [customop] Desired PodInfo ConfigMap (1 extensions) (1 enabled)
2025-01-30 04:01:20,542 INFO c.h.h.t.HelmChartContainer - [hivemq-test-hivemq-platform] [hivemq-platform-operator] [baa6dd23] 04:01:20.539 [pool-6-thread-29] DEBUG c.h.p.o.dependants.PodInfoConfigMap - [customop] Desired PodInfo ConfigMap (metrics port: 9399) (metrics path: /)
2025-01-30 04:01:20,542 INFO c.h.h.t.HelmChartContainer - [hivemq-test-hivemq-platform] [hivemq-platform-operator] [baa6dd23] 04:01:20.539 [pool-6-thread-23] DEBUG c.h.p.o.d.PodServiceAccountResource - [customop] Desired PodServiceAccountResource (serviceAccountName: hivemq-platform-pod-test-hivemq-platform-beta)
2025-01-30 04:01:20,542 INFO c.h.h.t.HelmChartContainer - [hivemq-test-hivemq-platform] [hivemq-platform-operator] [baa6dd23] 04:01:20.539 [pool-6-thread-29] DEBUG c.h.p.o.dependants.PodInfoConfigMap - [customop] Desired PodInfo ConfigMap (extension state hash: -1817474005)
2025-01-30 04:01:20,542 INFO c.h.h.t.HelmChartContainer - [hivemq-test-hivemq-platform] [hivemq-platform-operator] [baa6dd23] 04:01:20.539 [pool-6-thread-33] DEBUG c.h.p.o.d.PlatformServiceResource - [customop] Desired Platform services (3 services)
2025-01-30 04:01:20,544 INFO c.h.h.t.HelmChartContainer - [hivemq-test-hivemq-platform] [hivemq-platform-operator] [baa6dd23] 04:01:20.543 [pool-6-thread-1] DEBUG c.h.p.o.d.StatefulSetResource - [customop] Desired StatefulSet (1 replicas) for status STARTING (READY)
2025-01-30 04:01:20,549 INFO c.h.h.t.HelmChartContainer - [hivemq-test-hivemq-platform] [hivemq-platform-operator] [baa6dd23] 04:01:20.547 [ReconcilerExecutor-hivemq-controller-131] INFO  c.h.p.o.HiveMQPlatformReconciler - [customop] Reconciling HiveMQ Platform 'test-hivemq-platform-beta' in namespace 'customoperatornamespacesit-beta'
2025-01-30 04:01:20,549 INFO c.h.h.t.HelmChartContainer - [hivemq-test-hivemq-platform] [hivemq-platform-operator] [baa6dd23] 04:01:20.547 [ReconcilerExecutor-hivemq-controller-131] DEBUG c.h.p.o.HiveMQPlatformReconciler - [customop] Custom Resource Status STARTING - HiveMQ Platform is starting (READY)
2025-01-30 04:01:20,550 INFO c.h.h.t.HelmChartContainer - [hivemq-test-hivemq-platform] [hivemq-platform-operator] [baa6dd23] 04:01:20.547 [ReconcilerExecutor-hivemq-controller-131] DEBUG c.h.p.o.HiveMQPlatformReconciler - [customop] Custom Resource Spec (replicas: 1) (extensions: 1)
2025-01-30 04:01:20,550 INFO c.h.h.t.HelmChartContainer - [hivemq-test-hivemq-platform] [hivemq-platform-operator] [baa6dd23] 04:01:20.548 [ReconcilerExecutor-hivemq-controller-131] DEBUG c.h.p.o.HiveMQPlatformReconciler - [customop] StatefulSet Status (revision: test-hivemq-platform-beta-68c75dbff9, replicas: 1, available: 0, ready: 0, current: 1, updated: 1)
2025-01-30 04:01:20,552 INFO c.h.h.t.HelmChartContainer - [hivemq-test-hivemq-platform] [hivemq-platform-operator] [baa6dd23] 04:01:20.548 [ReconcilerExecutor-hivemq-controller-131] DEBUG c.h.p.o.HiveMQPlatformReconciler - [customop] StatefulSet Spec (replicas: 1, init containers: 1, containers: 1, volumes: 3)
2025-01-30 04:01:20,552 INFO c.h.h.t.HelmChartContainer - [hivemq-test-hivemq-platform] [hivemq-platform-operator] [baa6dd23] 04:01:20.549 [ReconcilerExecutor-hivemq-controller-131] DEBUG c.h.p.o.h.HiveMQPlatformReconcilerErrorHandler - [customop] Pod 'test-hivemq-platform-beta-0' phase Running
2025-01-30 04:01:20,552 INFO c.h.h.t.HelmChartContainer - [hivemq-test-hivemq-platform] [hivemq-platform-operator] [baa6dd23] 04:01:20.550 [ReconcilerExecutor-hivemq-controller-131] INFO  c.h.p.o.h.HiveMQPlatformReconcilerBaseHandler - [customop] HiveMQ Platform is starting, 0 of 1 replicas are ready
2025-01-30 04:01:20,599 INFO c.h.h.t.HelmChartContainer - [test-hivemq-platform] [hivemq] [b9a6a196] INFO  - Started Jetty Server exposing Prometheus Servlet on URI http://0.0.0.0:9399/
2025-01-30 04:01:20,601 INFO c.h.h.t.HelmChartContainer - [test-hivemq-platform] [hivemq] [b9a6a196] INFO  - Extension "Prometheus Monitoring Extension" version 4.0.12 started successfully.
2025-01-30 04:01:20,602 INFO c.h.h.t.HelmChartContainer - [test-hivemq-platform] [hivemq] [b9a6a196] INFO  - Starting extension with id "hivemq-allow-all-extension" at /opt/hivemq/extensions/hivemq-allow-all-extension
2025-01-30 04:01:20,604 INFO c.h.h.t.HelmChartContainer - [test-hivemq-platform] [hivemq] [b9a6a196] WARN  - 
2025-01-30 04:01:20,604 INFO c.h.h.t.HelmChartContainer - [test-hivemq-platform] [hivemq] [b9a6a196] ################################################################################################################
2025-01-30 04:01:20,604 INFO c.h.h.t.HelmChartContainer - [test-hivemq-platform] [hivemq] [b9a6a196] # This HiveMQ deployment is not secure! You are lacking Authentication and Authorization.                      #
2025-01-30 04:01:20,604 INFO c.h.h.t.HelmChartContainer - [test-hivemq-platform] [hivemq] [b9a6a196] # Right now any MQTT client can connect to the broker with a full set of permissions.                          #
2025-01-30 04:01:20,604 INFO c.h.h.t.HelmChartContainer - [test-hivemq-platform] [hivemq] [b9a6a196] # For production usage, add an appropriate security extension and remove the hivemq-allow-all extension.       #
2025-01-30 04:01:20,604 INFO c.h.h.t.HelmChartContainer - [test-hivemq-platform] [hivemq] [b9a6a196] # You can download security extensions from the HiveMQ Marketplace (https://www.hivemq.com/extensions/).       #
2025-01-30 04:01:20,604 INFO c.h.h.t.HelmChartContainer - [test-hivemq-platform] [hivemq] [b9a6a196] ################################################################################################################
2025-01-30 04:01:20,605 INFO c.h.h.t.HelmChartContainer - [test-hivemq-platform] [hivemq] [b9a6a196] INFO  - Extension "Allow All Extension" version 1.1.1 started successfully.
2025-01-30 04:01:21,036 INFO c.h.h.t.HelmChartContainer - [EVENT] Warning [Unhealthy] Readiness probe failed: Get "http://10.42.0.6:7979/readiness": context deadline exceeded (Client.Timeout exceeded while awaiting headers) [customoperatornamespacesit-alpha:test-hivemq-platform-alpha-0]
2025-01-30 04:01:21,036 INFO c.h.h.t.HelmChartContainer - Received Unhealthy event for container hivemq in pod test-hivemq-platform-alpha-0 [03b8bcd0-898e-4e9c-af3c-e6cfc0695fdf]
2025-01-30 04:01:21,369 INFO c.h.h.t.HelmChartContainer - [test-hivemq-platform] [hivemq] [b9a6a196] INFO  - [HiveMQ Platform Operator Init App 1.7.0-SNAPSHOT] Returning Health API response 503 for readiness
2025-01-30 04:01:21,377 INFO c.h.h.t.HelmChartContainer - [EVENT] Warning [Unhealthy] Readiness probe failed: HTTP probe failed with statuscode: 503 [customoperatornamespacesit-beta:test-hivemq-platform-beta-0]
2025-01-30 04:01:21,378 INFO c.h.h.t.HelmChartContainer - Received Unhealthy event for container hivemq in pod test-hivemq-platform-beta-0 [b9a6a196-ef9c-4eb9-afb0-89de41b127d4]
2025-01-30 04:01:21,477 INFO c.h.h.t.HelmChartContainer - [test-hivemq-platform] [hivemq] [03b8bcd0] INFO  - Started Jetty Server exposing Prometheus Servlet on URI http://0.0.0.0:9399/
2025-01-30 04:01:21,480 INFO c.h.h.t.HelmChartContainer - [test-hivemq-platform] [hivemq] [03b8bcd0] INFO  - [HiveMQ Platform Operator Init App 1.7.0-SNAPSHOT] Returning Health API response 503 for readiness
2025-01-30 04:01:21,480 INFO c.h.h.t.HelmChartContainer - [test-hivemq-platform] [hivemq] [03b8bcd0] INFO  - Extension "Prometheus Monitoring Extension" version 4.0.12 started successfully.
2025-01-30 04:01:21,482 INFO c.h.h.t.HelmChartContainer - [test-hivemq-platform] [hivemq] [03b8bcd0] INFO  - Starting extension with id "hivemq-allow-all-extension" at /opt/hivemq/extensions/hivemq-allow-all-extension
2025-01-30 04:01:21,482 INFO c.h.h.t.HelmChartContainer - [test-hivemq-platform] [hivemq] [03b8bcd0] WARN  - 
2025-01-30 04:01:21,482 INFO c.h.h.t.HelmChartContainer - [test-hivemq-platform] [hivemq] [03b8bcd0] ################################################################################################################
2025-01-30 04:01:21,482 INFO c.h.h.t.HelmChartContainer - [test-hivemq-platform] [hivemq] [03b8bcd0] # This HiveMQ deployment is not secure! You are lacking Authentication and Authorization.                      #
2025-01-30 04:01:21,482 INFO c.h.h.t.HelmChartContainer - [test-hivemq-platform] [hivemq] [03b8bcd0] # Right now any MQTT client can connect to the broker with a full set of permissions.                          #
2025-01-30 04:01:21,482 INFO c.h.h.t.HelmChartContainer - [test-hivemq-platform] [hivemq] [03b8bcd0] # For production usage, add an appropriate security extension and remove the hivemq-allow-all extension.       #
2025-01-30 04:01:21,482 INFO c.h.h.t.HelmChartContainer - [test-hivemq-platform] [hivemq] [03b8bcd0] # You can download security extensions from the HiveMQ Marketplace (https://www.hivemq.com/extensions/).       #
2025-01-30 04:01:21,482 INFO c.h.h.t.HelmChartContainer - [test-hivemq-platform] [hivemq] [03b8bcd0] ################################################################################################################
2025-01-30 04:01:21,482 INFO c.h.h.t.HelmChartContainer - [test-hivemq-platform] [hivemq] [03b8bcd0] INFO  - Extension "Allow All Extension" version 1.1.1 started successfully.
2025-01-30 04:01:22,968 INFO c.h.h.t.HelmChartContainer - [test-hivemq-platform] [hivemq] [b9a6a196] INFO  - GuAQF: no members discovered after 2169 ms: creating cluster as first member
2025-01-30 04:01:22,974 INFO c.h.h.t.HelmChartContainer - [test-hivemq-platform] [hivemq] [b9a6a196] INFO  - Cluster nodes found by discovery: [GuAQF|0] (1) [GuAQF].
2025-01-30 04:01:23,073 INFO c.h.h.t.HelmChartContainer - [test-hivemq-platform] [hivemq] [b9a6a196] WARN  - No user for HiveMQ Control Center configured. Starting with default user
2025-01-30 04:01:23,074 INFO c.h.h.t.HelmChartContainer - [test-hivemq-platform] [hivemq] [b9a6a196] INFO  - Starting HiveMQ Control Center on address 0.0.0.0 and port 8080
2025-01-30 04:01:23,077 INFO c.h.h.t.HelmChartContainer - [test-hivemq-platform] [hivemq] [b9a6a196] INFO  - Mounting HiveMQ Control Center V2 Preview
2025-01-30 04:01:23,276 INFO c.h.h.t.HelmChartContainer - [test-hivemq-platform] [hivemq] [03b8bcd0] INFO  - IkNwN: no members discovered after 2895 ms: creating cluster as first member
2025-01-30 04:01:23,283 INFO c.h.h.t.HelmChartContainer - [test-hivemq-platform] [hivemq] [03b8bcd0] INFO  - Cluster nodes found by discovery: [IkNwN|0] (1) [IkNwN].
2025-01-30 04:01:23,383 INFO c.h.h.t.HelmChartContainer - [test-hivemq-platform] [hivemq] [03b8bcd0] WARN  - No user for HiveMQ Control Center configured. Starting with default user
2025-01-30 04:01:23,385 INFO c.h.h.t.HelmChartContainer - [test-hivemq-platform] [hivemq] [03b8bcd0] INFO  - Starting HiveMQ Control Center on address 0.0.0.0 and port 8080
2025-01-30 04:01:23,386 INFO c.h.h.t.HelmChartContainer - [test-hivemq-platform] [hivemq] [03b8bcd0] INFO  - Mounting HiveMQ Control Center V2 Preview
2025-01-30 04:01:23,773 INFO c.h.h.t.HelmChartContainer - [test-hivemq-platform] [hivemq] [b9a6a196] INFO  - Started HiveMQ Control Center in 701ms
2025-01-30 04:01:23,806 INFO c.h.h.t.HelmChartContainer - [test-hivemq-platform] [hivemq] [b9a6a196] INFO  - Starting TCP listener on address 0.0.0.0 and port 1883
2025-01-30 04:01:23,889 INFO c.h.h.t.HelmChartContainer - [test-hivemq-platform] [hivemq] [b9a6a196] INFO  - Started TCP Listener on address 0.0.0.0 and on port 1883.
2025-01-30 04:01:23,890 INFO c.h.h.t.HelmChartContainer - [test-hivemq-platform] [hivemq] [b9a6a196] INFO  - Started HiveMQ in 32386ms
2025-01-30 04:01:24,091 INFO c.h.h.t.HelmChartContainer - [test-hivemq-platform] [hivemq] [03b8bcd0] INFO  - Started HiveMQ Control Center in 709ms
2025-01-30 04:01:24,184 INFO c.h.h.t.HelmChartContainer - [test-hivemq-platform] [hivemq] [03b8bcd0] INFO  - Starting TCP listener on address 0.0.0.0 and port 1883
2025-01-30 04:01:24,278 INFO c.h.h.t.HelmChartContainer - [test-hivemq-platform] [hivemq] [03b8bcd0] INFO  - Started TCP Listener on address 0.0.0.0 and on port 1883.
2025-01-30 04:01:24,278 INFO c.h.h.t.HelmChartContainer - [test-hivemq-platform] [hivemq] [03b8bcd0] INFO  - Started HiveMQ in 32641ms
2025-01-30 04:01:24,995 INFO c.h.h.t.HelmChartContainer - [test-hivemq-platform] [hivemq] [03b8bcd0] INFO  - [HiveMQ Platform Operator Init App 1.7.0-SNAPSHOT] Returning Health API response 200 for readiness
2025-01-30 04:01:25,006 INFO c.h.h.t.HelmChartContainer - [POD] test-hivemq-platform-alpha-0 [03b8bcd0-898e-4e9c-af3c-e6cfc0695fdf] in customoperatornamespacesit-alpha was MODIFIED
2025-01-30 04:01:25,031 INFO c.h.h.t.HelmChartContainer - [hivemq-test-hivemq-platform] [hivemq-platform-operator] [baa6dd23] 04:01:25.017 [pool-6-thread-39] DEBUG c.h.p.o.d.PlatformServiceResource - [customop] Desired Platform services (3 services)
2025-01-30 04:01:25,032 INFO c.h.h.t.HelmChartContainer - [hivemq-test-hivemq-platform] [hivemq-platform-operator] [baa6dd23] 04:01:25.018 [pool-6-thread-31] DEBUG c.h.p.o.d.PodServiceAccountResource - [customop] Desired PodServiceAccountResource (serviceAccountName: hivemq-platform-pod-test-hivemq-platform-alpha)
2025-01-30 04:01:25,032 INFO c.h.h.t.HelmChartContainer - [hivemq-test-hivemq-platform] [hivemq-platform-operator] [baa6dd23] 04:01:25.019 [pool-6-thread-37] DEBUG c.h.p.o.dependants.PodInfoConfigMap - [customop] Desired PodInfo ConfigMap (1 extensions) (1 enabled)
2025-01-30 04:01:25,033 INFO c.h.h.t.HelmChartContainer - [hivemq-test-hivemq-platform] [hivemq-platform-operator] [baa6dd23] 04:01:25.019 [pool-6-thread-37] DEBUG c.h.p.o.dependants.PodInfoConfigMap - [customop] Desired PodInfo ConfigMap (metrics port: 9399) (metrics path: /)
2025-01-30 04:01:25,033 INFO c.h.h.t.HelmChartContainer - [hivemq-test-hivemq-platform] [hivemq-platform-operator] [baa6dd23] 04:01:25.019 [pool-6-thread-37] DEBUG c.h.p.o.dependants.PodInfoConfigMap - [customop] Desired PodInfo ConfigMap (extension state hash: -1817474005)
2025-01-30 04:01:25,033 INFO c.h.h.t.HelmChartContainer - [hivemq-test-hivemq-platform] [hivemq-platform-operator] [baa6dd23] 04:01:25.022 [pool-6-thread-39] DEBUG c.h.p.o.d.StatefulSetResource - [customop] Desired StatefulSet (1 replicas) for status STARTING (READY)
2025-01-30 04:01:25,033 INFO c.h.h.t.HelmChartContainer - [hivemq-test-hivemq-platform] [hivemq-platform-operator] [baa6dd23] 04:01:25.031 [ReconcilerExecutor-hivemq-controller-132] INFO  c.h.p.o.HiveMQPlatformReconciler - [customop] Reconciling HiveMQ Platform 'test-hivemq-platform-alpha' in namespace 'customoperatornamespacesit-alpha'
2025-01-30 04:01:25,033 INFO c.h.h.t.HelmChartContainer - [hivemq-test-hivemq-platform] [hivemq-platform-operator] [baa6dd23] 04:01:25.031 [ReconcilerExecutor-hivemq-controller-132] DEBUG c.h.p.o.HiveMQPlatformReconciler - [customop] Custom Resource Status STARTING - HiveMQ Platform is starting (READY)
2025-01-30 04:01:25,033 INFO c.h.h.t.HelmChartContainer - [hivemq-test-hivemq-platform] [hivemq-platform-operator] [baa6dd23] 04:01:25.031 [ReconcilerExecutor-hivemq-controller-132] DEBUG c.h.p.o.HiveMQPlatformReconciler - [customop] Custom Resource Spec (replicas: 1) (extensions: 1)
2025-01-30 04:01:25,039 INFO c.h.h.t.HelmChartContainer - [hivemq-test-hivemq-platform] [hivemq-platform-operator] [baa6dd23] 04:01:25.034 [ReconcilerExecutor-hivemq-controller-132] DEBUG c.h.p.o.HiveMQPlatformReconciler - [customop] StatefulSet Status (revision: test-hivemq-platform-alpha-5bcd5cb867, replicas: 1, available: 0, ready: 0, current: 1, updated: 1)
2025-01-30 04:01:25,039 INFO c.h.h.t.HelmChartContainer - [hivemq-test-hivemq-platform] [hivemq-platform-operator] [baa6dd23] 04:01:25.036 [ReconcilerExecutor-hivemq-controller-132] DEBUG c.h.p.o.HiveMQPlatformReconciler - [customop] StatefulSet Spec (replicas: 1, init containers: 1, containers: 1, volumes: 3)
2025-01-30 04:01:25,042 INFO c.h.h.t.HelmChartContainer - [hivemq-test-hivemq-platform] [hivemq-platform-operator] [baa6dd23] 04:01:25.038 [ReconcilerExecutor-hivemq-controller-132] DEBUG c.h.p.o.h.HiveMQPlatformReconcilerErrorHandler - [customop] Pod 'test-hivemq-platform-alpha-0' phase Running
2025-01-30 04:01:25,042 INFO c.h.h.t.HelmChartContainer - [hivemq-test-hivemq-platform] [hivemq-platform-operator] [baa6dd23] 04:01:25.040 [ReconcilerExecutor-hivemq-controller-132] INFO  c.h.p.o.h.HiveMQPlatformReconcilerBaseHandler - [customop] HiveMQ Platform is starting, 0 of 1 replicas are ready
2025-01-30 04:01:25,047 INFO c.h.h.t.HelmChartContainer - [hivemq-test-hivemq-platform] [hivemq-platform-operator] [baa6dd23] 04:01:25.044 [pool-6-thread-15] DEBUG c.h.p.o.d.PlatformServiceResource - [customop] Desired Platform services (3 services)
2025-01-30 04:01:25,048 INFO c.h.h.t.HelmChartContainer - [hivemq-test-hivemq-platform] [hivemq-platform-operator] [baa6dd23] 04:01:25.045 [pool-6-thread-44] DEBUG c.h.p.o.dependants.PodInfoConfigMap - [customop] Desired PodInfo ConfigMap (1 extensions) (1 enabled)
2025-01-30 04:01:25,048 INFO c.h.h.t.HelmChartContainer - [hivemq-test-hivemq-platform] [hivemq-platform-operator] [baa6dd23] 04:01:25.045 [pool-6-thread-44] DEBUG c.h.p.o.dependants.PodInfoConfigMap - [customop] Desired PodInfo ConfigMap (metrics port: 9399) (metrics path: /)
2025-01-30 04:01:25,048 INFO c.h.h.t.HelmChartContainer - [hivemq-test-hivemq-platform] [hivemq-platform-operator] [baa6dd23] 04:01:25.045 [pool-6-thread-44] DEBUG c.h.p.o.dependants.PodInfoConfigMap - [customop] Desired PodInfo ConfigMap (extension state hash: -1817474005)
2025-01-30 04:01:25,048 INFO c.h.h.t.HelmChartContainer - [hivemq-test-hivemq-platform] [hivemq-platform-operator] [baa6dd23] 04:01:25.045 [pool-6-thread-44] DEBUG c.h.p.o.d.PodServiceAccountResource - [customop] Desired PodServiceAccountResource (serviceAccountName: hivemq-platform-pod-test-hivemq-platform-alpha)
2025-01-30 04:01:25,053 INFO c.h.h.t.HelmChartContainer - [hivemq-test-hivemq-platform] [hivemq-platform-operator] [baa6dd23] 04:01:25.052 [pool-6-thread-48] DEBUG c.h.p.o.d.StatefulSetResource - [customop] Desired StatefulSet (1 replicas) for status STARTING (READY)
2025-01-30 04:01:25,136 INFO c.h.h.t.HelmChartContainer - [hivemq-test-hivemq-platform] [hivemq-platform-operator] [baa6dd23] 04:01:25.134 [ReconcilerExecutor-hivemq-controller-133] INFO  c.h.p.o.HiveMQPlatformReconciler - [customop] Reconciling HiveMQ Platform 'test-hivemq-platform-alpha' in namespace 'customoperatornamespacesit-alpha'
2025-01-30 04:01:25,136 INFO c.h.h.t.HelmChartContainer - [hivemq-test-hivemq-platform] [hivemq-platform-operator] [baa6dd23] 04:01:25.135 [ReconcilerExecutor-hivemq-controller-133] DEBUG c.h.p.o.HiveMQPlatformReconciler - [customop] Custom Resource Status STARTING - HiveMQ Platform is starting (READY)
2025-01-30 04:01:25,136 INFO c.h.h.t.HelmChartContainer - [hivemq-test-hivemq-platform] [hivemq-platform-operator] [baa6dd23] 04:01:25.135 [ReconcilerExecutor-hivemq-controller-133] DEBUG c.h.p.o.HiveMQPlatformReconciler - [customop] Custom Resource Spec (replicas: 1) (extensions: 1)
2025-01-30 04:01:25,139 INFO c.h.h.t.HelmChartContainer - [hivemq-test-hivemq-platform] [hivemq-platform-operator] [baa6dd23] 04:01:25.136 [ReconcilerExecutor-hivemq-controller-133] DEBUG c.h.p.o.HiveMQPlatformReconciler - [customop] StatefulSet Status (revision: test-hivemq-platform-alpha-5bcd5cb867, replicas: 1, available: 1, ready: 1, current: 1, updated: 1)
2025-01-30 04:01:25,139 INFO c.h.h.t.HelmChartContainer - [hivemq-test-hivemq-platform] [hivemq-platform-operator] [baa6dd23] 04:01:25.136 [ReconcilerExecutor-hivemq-controller-133] DEBUG c.h.p.o.HiveMQPlatformReconciler - [customop] StatefulSet Spec (replicas: 1, init containers: 1, containers: 1, volumes: 3)
2025-01-30 04:01:25,139 INFO c.h.h.t.HelmChartContainer - [hivemq-test-hivemq-platform] [hivemq-platform-operator] [baa6dd23] 04:01:25.137 [ReconcilerExecutor-hivemq-controller-133] DEBUG c.h.p.o.h.HiveMQPlatformReconcilerErrorHandler - [customop] Pod 'test-hivemq-platform-alpha-0' phase Running
2025-01-30 04:01:25,142 INFO c.h.h.t.HelmChartContainer - [hivemq-test-hivemq-platform] [hivemq-platform-operator] [baa6dd23] 04:01:25.140 [ReconcilerExecutor-hivemq-controller-133] INFO  c.h.p.o.h.HiveMQPlatformReconcilerBaseHandler - [customop] HiveMQ Platform started successfully
2025-01-30 04:01:25,234 INFO c.h.h.t.HelmChartContainer - [hivemq-test-hivemq-platform] [hivemq-platform-operator] [baa6dd23] 04:01:25.233 [ReconcilerExecutor-hivemq-controller-133] DEBUG c.h.p.operator.event.EventSender - [customop] Creating K8s event hivemq-platform-ready: [Ready] HiveMQ Platform is ready
2025-01-30 04:01:25,238 INFO c.h.h.t.HelmChartContainer - [EVENT] Normal [Ready] HiveMQ Platform is ready [customoperatornamespacesit-alpha:test-hivemq-platform-alpha]
2025-01-30 04:01:25,239 INFO c.h.h.t.HelmChartContainer - [hivemq-test-hivemq-platform] [hivemq-platform-operator] [baa6dd23] 04:01:25.238 [ReconcilerExecutor-hivemq-controller-133] INFO  c.h.p.o.h.AbstractHiveMQReconcilerStateHandler - [customop] Update HiveMQ Platform Status (STARTING [READY] -> RUNNING [READY]): HiveMQ Platform is ready
2025-01-30 04:01:25,248 DEBUG com.hivemq.helmcharts.util.K8sUtil - Comparing actual state 'RUNNING' and waiting for 'RUNNING'
2025-01-30 04:01:25,262 DEBUG com.hivemq.helmcharts.util.K8sUtil - Comparing actual state 'STARTING' and waiting for 'RUNNING'
2025-01-30 04:01:25,429 INFO c.h.h.t.HelmChartContainer - [test-hivemq-platform] [hivemq] [b9a6a196] INFO  - [HiveMQ Platform Operator Init App 1.7.0-SNAPSHOT] Returning Health API response 200 for readiness
2025-01-30 04:01:25,442 INFO c.h.h.t.HelmChartContainer - [POD] test-hivemq-platform-beta-0 [b9a6a196-ef9c-4eb9-afb0-89de41b127d4] in customoperatornamespacesit-beta was MODIFIED
2025-01-30 04:01:25,452 INFO c.h.h.t.HelmChartContainer - [hivemq-test-hivemq-platform] [hivemq-platform-operator] [baa6dd23] 04:01:25.450 [pool-6-thread-6] DEBUG c.h.p.o.d.PlatformServiceResource - [customop] Desired Platform services (3 services)
2025-01-30 04:01:25,459 INFO c.h.h.t.HelmChartContainer - [hivemq-test-hivemq-platform] [hivemq-platform-operator] [baa6dd23] 04:01:25.453 [pool-6-thread-10] DEBUG c.h.p.o.dependants.PodInfoConfigMap - [customop] Desired PodInfo ConfigMap (1 extensions) (1 enabled)
2025-01-30 04:01:25,459 INFO c.h.h.t.HelmChartContainer - [hivemq-test-hivemq-platform] [hivemq-platform-operator] [baa6dd23] 04:01:25.453 [pool-6-thread-10] DEBUG c.h.p.o.dependants.PodInfoConfigMap - [customop] Desired PodInfo ConfigMap (metrics port: 9399) (metrics path: /)
2025-01-30 04:01:25,459 INFO c.h.h.t.HelmChartContainer - [hivemq-test-hivemq-platform] [hivemq-platform-operator] [baa6dd23] 04:01:25.454 [pool-6-thread-10] DEBUG c.h.p.o.dependants.PodInfoConfigMap - [customop] Desired PodInfo ConfigMap (extension state hash: -1817474005)
2025-01-30 04:01:25,459 INFO c.h.h.t.HelmChartContainer - [hivemq-test-hivemq-platform] [hivemq-platform-operator] [baa6dd23] 04:01:25.455 [pool-6-thread-18] DEBUG c.h.p.o.d.PodServiceAccountResource - [customop] Desired PodServiceAccountResource (serviceAccountName: hivemq-platform-pod-test-hivemq-platform-beta)
2025-01-30 04:01:25,460 INFO c.h.h.t.HelmChartContainer - [hivemq-test-hivemq-platform] [hivemq-platform-operator] [baa6dd23] 04:01:25.459 [pool-6-thread-6] DEBUG c.h.p.o.d.StatefulSetResource - [customop] Desired StatefulSet (1 replicas) for status STARTING (READY)
2025-01-30 04:01:25,464 INFO c.h.h.t.HelmChartContainer - [hivemq-test-hivemq-platform] [hivemq-platform-operator] [baa6dd23] 04:01:25.463 [ReconcilerExecutor-hivemq-controller-134] INFO  c.h.p.o.HiveMQPlatformReconciler - [customop] Reconciling HiveMQ Platform 'test-hivemq-platform-beta' in namespace 'customoperatornamespacesit-beta'
2025-01-30 04:01:25,464 INFO c.h.h.t.HelmChartContainer - [hivemq-test-hivemq-platform] [hivemq-platform-operator] [baa6dd23] 04:01:25.463 [ReconcilerExecutor-hivemq-controller-134] DEBUG c.h.p.o.HiveMQPlatformReconciler - [customop] Custom Resource Status STARTING - HiveMQ Platform is starting (READY)
2025-01-30 04:01:25,464 INFO c.h.h.t.HelmChartContainer - [hivemq-test-hivemq-platform] [hivemq-platform-operator] [baa6dd23] 04:01:25.463 [ReconcilerExecutor-hivemq-controller-134] DEBUG c.h.p.o.HiveMQPlatformReconciler - [customop] Custom Resource Spec (replicas: 1) (extensions: 1)
2025-01-30 04:01:25,465 INFO c.h.h.t.HelmChartContainer - [hivemq-test-hivemq-platform] [hivemq-platform-operator] [baa6dd23] 04:01:25.464 [ReconcilerExecutor-hivemq-controller-134] DEBUG c.h.p.o.HiveMQPlatformReconciler - [customop] StatefulSet Status (revision: test-hivemq-platform-beta-68c75dbff9, replicas: 1, available: 0, ready: 0, current: 1, updated: 1)
2025-01-30 04:01:25,465 INFO c.h.h.t.HelmChartContainer - [hivemq-test-hivemq-platform] [hivemq-platform-operator] [baa6dd23] 04:01:25.464 [ReconcilerExecutor-hivemq-controller-134] DEBUG c.h.p.o.HiveMQPlatformReconciler - [customop] StatefulSet Spec (replicas: 1, init containers: 1, containers: 1, volumes: 3)
2025-01-30 04:01:25,531 INFO c.h.h.t.HelmChartContainer - [hivemq-test-hivemq-platform] [hivemq-platform-operator] [baa6dd23] 04:01:25.530 [ReconcilerExecutor-hivemq-controller-134] DEBUG c.h.p.o.h.HiveMQPlatformReconcilerErrorHandler - [customop] Pod 'test-hivemq-platform-beta-0' phase Running
2025-01-30 04:01:25,531 INFO c.h.h.t.HelmChartContainer - [hivemq-test-hivemq-platform] [hivemq-platform-operator] [baa6dd23] 04:01:25.530 [ReconcilerExecutor-hivemq-controller-134] INFO  c.h.p.o.h.HiveMQPlatformReconcilerBaseHandler - [customop] HiveMQ Platform is starting, 0 of 1 replicas are ready
2025-01-30 04:01:25,541 INFO c.h.h.t.HelmChartContainer - [hivemq-test-hivemq-platform] [hivemq-platform-operator] [baa6dd23] 04:01:25.538 [pool-6-thread-43] DEBUG c.h.p.o.d.PlatformServiceResource - [customop] Desired Platform services (3 services)
2025-01-30 04:01:25,541 INFO c.h.h.t.HelmChartContainer - [hivemq-test-hivemq-platform] [hivemq-platform-operator] [baa6dd23] 04:01:25.538 [pool-6-thread-17] DEBUG c.h.p.o.dependants.PodInfoConfigMap - [customop] Desired PodInfo ConfigMap (1 extensions) (1 enabled)
2025-01-30 04:01:25,541 INFO c.h.h.t.HelmChartContainer - [hivemq-test-hivemq-platform] [hivemq-platform-operator] [baa6dd23] 04:01:25.538 [pool-6-thread-17] DEBUG c.h.p.o.dependants.PodInfoConfigMap - [customop] Desired PodInfo ConfigMap (metrics port: 9399) (metrics path: /)
2025-01-30 04:01:25,541 INFO c.h.h.t.HelmChartContainer - [hivemq-test-hivemq-platform] [hivemq-platform-operator] [baa6dd23] 04:01:25.538 [pool-6-thread-17] DEBUG c.h.p.o.dependants.PodInfoConfigMap - [customop] Desired PodInfo ConfigMap (extension state hash: -1817474005)
2025-01-30 04:01:25,541 INFO c.h.h.t.HelmChartContainer - [hivemq-test-hivemq-platform] [hivemq-platform-operator] [baa6dd23] 04:01:25.540 [pool-6-thread-50] DEBUG c.h.p.o.d.PodServiceAccountResource - [customop] Desired PodServiceAccountResource (serviceAccountName: hivemq-platform-pod-test-hivemq-platform-beta)
2025-01-30 04:01:25,545 INFO c.h.h.t.HelmChartContainer - [hivemq-test-hivemq-platform] [hivemq-platform-operator] [baa6dd23] 04:01:25.545 [pool-6-thread-43] DEBUG c.h.p.o.d.StatefulSetResource - [customop] Desired StatefulSet (1 replicas) for status STARTING (READY)
2025-01-30 04:01:25,549 INFO c.h.h.t.HelmChartContainer - [hivemq-test-hivemq-platform] [hivemq-platform-operator] [baa6dd23] 04:01:25.548 [ReconcilerExecutor-hivemq-controller-135] INFO  c.h.p.o.HiveMQPlatformReconciler - [customop] Reconciling HiveMQ Platform 'test-hivemq-platform-beta' in namespace 'customoperatornamespacesit-beta'
2025-01-30 04:01:25,550 INFO c.h.h.t.HelmChartContainer - [hivemq-test-hivemq-platform] [hivemq-platform-operator] [baa6dd23] 04:01:25.548 [ReconcilerExecutor-hivemq-controller-135] DEBUG c.h.p.o.HiveMQPlatformReconciler - [customop] Custom Resource Status STARTING - HiveMQ Platform is starting (READY)
2025-01-30 04:01:25,550 INFO c.h.h.t.HelmChartContainer - [hivemq-test-hivemq-platform] [hivemq-platform-operator] [baa6dd23] 04:01:25.548 [ReconcilerExecutor-hivemq-controller-135] DEBUG c.h.p.o.HiveMQPlatformReconciler - [customop] Custom Resource Spec (replicas: 1) (extensions: 1)
2025-01-30 04:01:25,550 INFO c.h.h.t.HelmChartContainer - [hivemq-test-hivemq-platform] [hivemq-platform-operator] [baa6dd23] 04:01:25.549 [ReconcilerExecutor-hivemq-controller-135] DEBUG c.h.p.o.HiveMQPlatformReconciler - [customop] StatefulSet Status (revision: test-hivemq-platform-beta-68c75dbff9, replicas: 1, available: 1, ready: 1, current: 1, updated: 1)
2025-01-30 04:01:25,550 INFO c.h.h.t.HelmChartContainer - [hivemq-test-hivemq-platform] [hivemq-platform-operator] [baa6dd23] 04:01:25.549 [ReconcilerExecutor-hivemq-controller-135] DEBUG c.h.p.o.HiveMQPlatformReconciler - [customop] StatefulSet Spec (replicas: 1, init containers: 1, containers: 1, volumes: 3)
2025-01-30 04:01:25,552 INFO c.h.h.t.HelmChartContainer - [hivemq-test-hivemq-platform] [hivemq-platform-operator] [baa6dd23] 04:01:25.552 [ReconcilerExecutor-hivemq-controller-135] DEBUG c.h.p.o.h.HiveMQPlatformReconcilerErrorHandler - [customop] Pod 'test-hivemq-platform-beta-0' phase Running
2025-01-30 04:01:25,630 INFO c.h.h.t.HelmChartContainer - [hivemq-test-hivemq-platform] [hivemq-platform-operator] [baa6dd23] 04:01:25.552 [ReconcilerExecutor-hivemq-controller-135] INFO  c.h.p.o.h.HiveMQPlatformReconcilerBaseHandler - [customop] HiveMQ Platform started successfully
2025-01-30 04:01:25,647 INFO c.h.h.t.HelmChartContainer - [hivemq-test-hivemq-platform] [hivemq-platform-operator] [baa6dd23] 04:01:25.646 [ReconcilerExecutor-hivemq-controller-135] DEBUG c.h.p.operator.event.EventSender - [customop] Creating K8s event hivemq-platform-ready: [Ready] HiveMQ Platform is ready
2025-01-30 04:01:25,650 INFO c.h.h.t.HelmChartContainer - [EVENT] Normal [Ready] HiveMQ Platform is ready [customoperatornamespacesit-beta:test-hivemq-platform-beta]
2025-01-30 04:01:25,651 INFO c.h.h.t.HelmChartContainer - [hivemq-test-hivemq-platform] [hivemq-platform-operator] [baa6dd23] 04:01:25.650 [ReconcilerExecutor-hivemq-controller-135] INFO  c.h.p.o.h.AbstractHiveMQReconcilerStateHandler - [customop] Update HiveMQ Platform Status (STARTING [READY] -> RUNNING [READY]): HiveMQ Platform is ready
2025-01-30 04:01:25,658 DEBUG com.hivemq.helmcharts.util.K8sUtil - Comparing actual state 'RUNNING' and waiting for 'RUNNING'
2025-01-30 04:01:25,720 INFO c.h.h.t.HelmChartContainer - Uninstalling release 'test-hivemq-platform-alpha' in namespace 'customoperatornamespacesit-alpha'...
2025-01-30 04:01:25,720 DEBUG c.h.h.t.HelmChartContainer - Executing helm command: /bin/helm --kubeconfig /etc/rancher/k3s/k3s.yaml uninstall test-hivemq-platform-alpha  --wait --timeout 5m0s --cascade foreground --namespace customoperatornamespacesit-alpha
2025-01-30 04:01:25,926 INFO c.h.h.t.HelmChartContainer - [hivemq-test-hivemq-platform] [hivemq-platform-operator] [baa6dd23] 04:01:25.924 [pool-6-thread-33] DEBUG c.h.p.o.d.PodServiceAccountResource - [customop] Desired PodServiceAccountResource (serviceAccountName: hivemq-platform-pod-test-hivemq-platform-alpha)
2025-01-30 04:01:25,926 INFO c.h.h.t.HelmChartContainer - [hivemq-test-hivemq-platform] [hivemq-platform-operator] [baa6dd23] 04:01:25.924 [pool-6-thread-20] DEBUG c.h.p.o.d.PlatformServiceResource - [customop] Desired Platform services (3 services)
2025-01-30 04:01:25,929 INFO c.h.h.t.HelmChartContainer - [hivemq-test-hivemq-platform] [hivemq-platform-operator] [baa6dd23] 04:01:25.924 [pool-6-thread-8] DEBUG c.h.p.o.dependants.PodInfoConfigMap - [customop] Desired PodInfo ConfigMap (1 extensions) (1 enabled)
2025-01-30 04:01:25,929 INFO c.h.h.t.HelmChartContainer - [hivemq-test-hivemq-platform] [hivemq-platform-operator] [baa6dd23] 04:01:25.926 [pool-6-thread-8] DEBUG c.h.p.o.dependants.PodInfoConfigMap - [customop] Desired PodInfo ConfigMap (metrics port: 9399) (metrics path: /)
2025-01-30 04:01:25,929 INFO c.h.h.t.HelmChartContainer - [hivemq-test-hivemq-platform] [hivemq-platform-operator] [baa6dd23] 04:01:25.926 [pool-6-thread-8] DEBUG c.h.p.o.dependants.PodInfoConfigMap - [customop] Desired PodInfo ConfigMap (extension state hash: -1817474005)
2025-01-30 04:01:25,932 INFO c.h.h.t.HelmChartContainer - [hivemq-test-hivemq-platform] [hivemq-platform-operator] [baa6dd23] 04:01:25.927 [pool-6-thread-8] DEBUG c.h.p.o.dependants.PodInfoConfigMap - [customop] Update PodInfo ConfigMap
2025-01-30 04:01:25,952 INFO c.h.h.t.HelmChartContainer - [hivemq-test-hivemq-platform] [hivemq-platform-operator] [baa6dd23] 04:01:25.942 [pool-6-thread-8] DEBUG c.h.p.o.d.StatefulSetResource - [customop] Desired StatefulSet (1 replicas) for status RUNNING (READY)
2025-01-30 04:01:25,955 INFO c.h.h.t.HelmChartContainer - [hivemq-test-hivemq-platform] [hivemq-platform-operator] [baa6dd23] 04:01:25.949 [ReconcilerExecutor-hivemq-controller-136] INFO  c.h.p.o.HiveMQPlatformReconciler - [customop] Reconciling HiveMQ Platform 'test-hivemq-platform-alpha' in namespace 'customoperatornamespacesit-alpha'
2025-01-30 04:01:25,958 INFO c.h.h.t.HelmChartContainer - [hivemq-test-hivemq-platform] [hivemq-platform-operator] [baa6dd23] 04:01:25.951 [ReconcilerExecutor-hivemq-controller-136] DEBUG c.h.p.o.HiveMQPlatformReconciler - [customop] Custom Resource Status RUNNING - HiveMQ Platform is ready (READY)
2025-01-30 04:01:25,958 INFO c.h.h.t.HelmChartContainer - [hivemq-test-hivemq-platform] [hivemq-platform-operator] [baa6dd23] 04:01:25.951 [ReconcilerExecutor-hivemq-controller-136] DEBUG c.h.p.o.HiveMQPlatformReconciler - [customop] Custom Resource Spec (replicas: 1) (extensions: 1)
2025-01-30 04:01:25,958 INFO c.h.h.t.HelmChartContainer - [hivemq-test-hivemq-platform] [hivemq-platform-operator] [baa6dd23] 04:01:25.953 [ReconcilerExecutor-hivemq-controller-136] DEBUG c.h.p.o.HiveMQPlatformReconciler - [customop] StatefulSet Status (revision: test-hivemq-platform-alpha-5bcd5cb867, replicas: 1, available: 1, ready: 1, current: 1, updated: 1)
2025-01-30 04:01:25,958 INFO c.h.h.t.HelmChartContainer - [hivemq-test-hivemq-platform] [hivemq-platform-operator] [baa6dd23] 04:01:25.953 [ReconcilerExecutor-hivemq-controller-136] DEBUG c.h.p.o.HiveMQPlatformReconciler - [customop] StatefulSet Spec (replicas: 1, init containers: 1, containers: 1, volumes: 3)
2025-01-30 04:01:25,958 INFO c.h.h.t.HelmChartContainer - [hivemq-test-hivemq-platform] [hivemq-platform-operator] [baa6dd23] 04:01:25.954 [ReconcilerExecutor-hivemq-controller-136] DEBUG c.h.p.o.h.HiveMQPlatformReconcilerErrorHandler - [customop] Pod 'test-hivemq-platform-alpha-0' phase Running
2025-01-30 04:01:26,040 INFO c.h.h.t.HelmChartContainer - [hivemq-test-hivemq-platform] [hivemq-platform-operator] [baa6dd23] 04:01:26.037 [ReconcilerExecutor-hivemq-controller-137] INFO  c.h.p.o.HiveMQPlatformReconciler - [customop] Cleanup test-hivemq-platform-alpha - customoperatornamespacesit-alpha HiveMQ Platform is shut down
2025-01-30 04:01:26,654 INFO c.h.h.t.HelmChartContainer - [POD] test-hivemq-platform-alpha-0 [03b8bcd0-898e-4e9c-af3c-e6cfc0695fdf] in customoperatornamespacesit-alpha was MODIFIED
2025-01-30 04:01:26,668 INFO c.h.h.t.HelmChartContainer - [EVENT] Normal [Killing] Stopping container hivemq [customoperatornamespacesit-alpha:test-hivemq-platform-alpha-0]
2025-01-30 04:01:26,668 INFO c.h.h.t.HelmChartContainer - Received Killing event for container hivemq in pod test-hivemq-platform-alpha-0 [03b8bcd0-898e-4e9c-af3c-e6cfc0695fdf]
2025-01-30 04:01:26,668 INFO c.h.h.t.HelmChartContainer - Container [test-hivemq-platform-alpha-0] [hivemq] [03b8bcd0-898e-4e9c-af3c-e6cfc0695fdf] was terminated
2025-01-30 04:01:26,669 INFO c.h.h.t.HelmChartContainer - Stopped log watcher for hivemq in pod test-hivemq-platform-alpha-0 [03b8bcd0-898e-4e9c-af3c-e6cfc0695fdf]
2025-01-30 04:01:26,674 INFO c.h.h.t.HelmChartContainer - [test-hivemq-platform] [hivemq] [03b8bcd0] INFO  - [HiveMQ Platform Operator Init App 1.7.0-SNAPSHOT] Shutting down
2025-01-30 04:01:26,675 INFO c.h.h.t.HelmChartContainer - [test-hivemq-platform] [hivemq] [03b8bcd0] INFO  - [HiveMQ Platform Operator Init App 1.7.0-SNAPSHOT] Stopping the HiveMQ Platform
2025-01-30 04:01:26,793 INFO c.h.h.t.HelmChartContainer - [test-hivemq-platform] [hivemq] [03b8bcd0] INFO  - Shutting down HiveMQ. Please wait, this could take a while...
2025-01-30 04:01:26,874 INFO c.h.h.t.HelmChartContainer - [test-hivemq-platform] [hivemq] [03b8bcd0] INFO  - Shutting down listeners and clients
2025-01-30 04:01:26,875 INFO c.h.h.t.HelmChartContainer - [test-hivemq-platform] [hivemq] [03b8bcd0] INFO  - Shutdown of listeners is done
2025-01-30 04:01:26,876 INFO c.h.h.t.HelmChartContainer - [test-hivemq-platform] [hivemq] [03b8bcd0] INFO  - No clients are connected, proceeding with shutdown
2025-01-30 04:01:28,015 INFO c.h.h.t.HelmChartContainer - Deleting namespace 'customoperatornamespacesit-alpha'...
2025-01-30 04:01:29,992 INFO c.h.h.t.HelmChartContainer - [test-hivemq-platform] [hivemq] [03b8bcd0] INFO  - [HiveMQ Platform Operator Init App 1.7.0-SNAPSHOT] Returning shutdown Health API response 503 for readiness
2025-01-30 04:01:29,996 INFO c.h.h.t.HelmChartContainer - [EVENT] Warning [Unhealthy] Readiness probe failed: HTTP probe failed with statuscode: 503 [customoperatornamespacesit-alpha:test-hivemq-platform-alpha-0]
2025-01-30 04:01:29,996 INFO c.h.h.t.HelmChartContainer - Received Unhealthy event for container hivemq in pod test-hivemq-platform-alpha-0 [03b8bcd0-898e-4e9c-af3c-e6cfc0695fdf]
2025-01-30 04:01:30,080 INFO c.h.h.t.HelmChartContainer - [test-hivemq-platform] [hivemq] [03b8bcd0] INFO  - Shutting down extension system
2025-01-30 04:01:30,083 INFO c.h.h.t.HelmChartContainer - [test-hivemq-platform] [hivemq] [03b8bcd0] INFO  - Stopping extension with id hivemq-dns-cluster-discovery
2025-01-30 04:01:30,083 INFO c.h.h.t.HelmChartContainer - [test-hivemq-platform] [hivemq] [03b8bcd0] INFO  - Extension "DNS Cluster Discovery Extension" version 4.3.2 stopped successfully.
2025-01-30 04:01:30,084 INFO c.h.h.t.HelmChartContainer - [test-hivemq-platform] [hivemq] [03b8bcd0] INFO  - Stopping extension with id hivemq-prometheus-extension
2025-01-30 04:01:30,088 INFO c.h.h.t.HelmChartContainer - [test-hivemq-platform] [hivemq] [03b8bcd0] INFO  - Extension "Prometheus Monitoring Extension" version 4.0.12 stopped successfully.
2025-01-30 04:01:30,089 INFO c.h.h.t.HelmChartContainer - [test-hivemq-platform] [hivemq] [03b8bcd0] INFO  - Stopping extension with id hivemq-allow-all-extension
2025-01-30 04:01:30,089 INFO c.h.h.t.HelmChartContainer - [test-hivemq-platform] [hivemq] [03b8bcd0] INFO  - Extension "Allow All Extension" version 1.1.1 stopped successfully.
2025-01-30 04:01:30,342 INFO c.h.h.t.HelmChartContainer - [K3S] [authentication.go:74] "Unable to authenticate the request" err="[invalid bearer token, serviceaccounts \"hivemq-platform-pod-test-hivemq-platform-alpha\" not found]"
2025-01-30 04:01:30,361 INFO c.h.h.t.HelmChartContainer - [K3S] [authentication.go:74] "Unable to authenticate the request" err="[invalid bearer token, serviceaccounts \"hivemq-platform-pod-test-hivemq-platform-alpha\" not found]"
2025-01-30 04:01:30,439 INFO c.h.h.t.HelmChartContainer - [test-hivemq-platform] [hivemq] [03b8bcd0] WARN  - [HiveMQ Platform Operator Init App 1.7.0-SNAPSHOT] Could not update Pod annotations: Failure executing: GET at: https://10.43.0.1:443/api/v1/namespaces/customoperatornamespacesit-alpha/pods/test-hivemq-platform-alpha-0. Message: Unauthorized. Received status: Status(apiVersion=v1, code=401, details=null, kind=Status, message=Unauthorized, metadata=ListMeta(_continue=null, remainingItemCount=null, resourceVersion=null, selfLink=null, additionalProperties={}), reason=Unauthorized, status=Failure, additionalProperties={}).
2025-01-30 04:01:32,437 INFO c.h.h.t.HelmChartContainer - [test-hivemq-platform] [hivemq] [03b8bcd0] INFO  - Shutdown completed.
2025-01-30 04:01:32,784 INFO c.h.h.t.HelmChartContainer - [test-hivemq-platform] [hivemq] [03b8bcd0] INFO  - [HiveMQ Platform Operator Init App 1.7.0-SNAPSHOT] The HiveMQ Platform exited with code 143
2025-01-30 04:01:32,785 INFO c.h.h.t.HelmChartContainer - [test-hivemq-platform] [hivemq] [03b8bcd0] INFO  - [HiveMQ Platform Operator Init App 1.7.0-SNAPSHOT] Stopping the REST API
2025-01-30 04:01:32,789 INFO c.h.h.t.HelmChartContainer - [test-hivemq-platform] [hivemq] [03b8bcd0] INFO  - [HiveMQ Platform Operator Init App 1.7.0-SNAPSHOT] Shutdown complete
2025-01-30 04:01:33,104 INFO c.h.h.t.HelmChartContainer - [K3S] [stateful_set.go:466] "StatefulSet has been deleted" key="customoperatornamespacesit-alpha/test-hivemq-platform-alpha"
2025-01-30 04:01:33,286 INFO c.h.h.t.HelmChartContainer - [POD] test-hivemq-platform-alpha-0 [03b8bcd0-898e-4e9c-af3c-e6cfc0695fdf] in customoperatornamespacesit-alpha was MODIFIED
2025-01-30 04:01:33,361 INFO c.h.h.t.HelmChartContainer - [K3S] [reconciler_common.go:162] "operationExecutor.UnmountVolume started for volume \"broker-configuration\" (UniqueName: \"kubernetes.io/configmap/03b8bcd0-898e-4e9c-af3c-e6cfc0695fdf-broker-configuration\") pod \"03b8bcd0-898e-4e9c-af3c-e6cfc0695fdf\" (UID: \"03b8bcd0-898e-4e9c-af3c-e6cfc0695fdf\") "
2025-01-30 04:01:33,361 INFO c.h.h.t.HelmChartContainer - [K3S] [reconciler_common.go:162] "operationExecutor.UnmountVolume started for volume \"operator-init\" (UniqueName: \"kubernetes.io/empty-dir/03b8bcd0-898e-4e9c-af3c-e6cfc0695fdf-operator-init\") pod \"03b8bcd0-898e-4e9c-af3c-e6cfc0695fdf\" (UID: \"03b8bcd0-898e-4e9c-af3c-e6cfc0695fdf\") "
2025-01-30 04:01:33,361 INFO c.h.h.t.HelmChartContainer - [K3S] [reconciler_common.go:162] "operationExecutor.UnmountVolume started for volume \"kube-api-access-czl9r\" (UniqueName: \"kubernetes.io/projected/03b8bcd0-898e-4e9c-af3c-e6cfc0695fdf-kube-api-access-czl9r\") pod \"03b8bcd0-898e-4e9c-af3c-e6cfc0695fdf\" (UID: \"03b8bcd0-898e-4e9c-af3c-e6cfc0695fdf\") "
2025-01-30 04:01:33,361 INFO c.h.h.t.HelmChartContainer - [K3S] [reconciler_common.go:162] "operationExecutor.UnmountVolume started for volume \"pod-info\" (UniqueName: \"kubernetes.io/configmap/03b8bcd0-898e-4e9c-af3c-e6cfc0695fdf-pod-info\") pod \"03b8bcd0-898e-4e9c-af3c-e6cfc0695fdf\" (UID: \"03b8bcd0-898e-4e9c-af3c-e6cfc0695fdf\") "
2025-01-30 04:01:33,449 INFO c.h.h.t.HelmChartContainer - [K3S] [scope.go:117] "RemoveContainer" containerID="4489d2069260e4b9c1af926f3b71245dc9da7a297088ba84367a1e9bf60b7b5f"
2025-01-30 04:01:33,462 INFO c.h.h.t.HelmChartContainer - [K3S] [reconciler_common.go:299] "Volume detached for volume \"operator-init\" (UniqueName: \"kubernetes.io/empty-dir/03b8bcd0-898e-4e9c-af3c-e6cfc0695fdf-operator-init\") on node \"71e274ac6664\" DevicePath \"\""
2025-01-30 04:01:33,462 INFO c.h.h.t.HelmChartContainer - [K3S] [reconciler_common.go:299] "Volume detached for volume \"kube-api-access-czl9r\" (UniqueName: \"kubernetes.io/projected/03b8bcd0-898e-4e9c-af3c-e6cfc0695fdf-kube-api-access-czl9r\") on node \"71e274ac6664\" DevicePath \"\""
2025-01-30 04:01:33,462 INFO c.h.h.t.HelmChartContainer - [K3S] [reconciler_common.go:299] "Volume detached for volume \"pod-info\" (UniqueName: \"kubernetes.io/configmap/03b8bcd0-898e-4e9c-af3c-e6cfc0695fdf-pod-info\") on node \"71e274ac6664\" DevicePath \"\""
2025-01-30 04:01:33,462 INFO c.h.h.t.HelmChartContainer - [K3S] [reconciler_common.go:299] "Volume detached for volume \"broker-configuration\" (UniqueName: \"kubernetes.io/configmap/03b8bcd0-898e-4e9c-af3c-e6cfc0695fdf-broker-configuration\") on node \"71e274ac6664\" DevicePath \"\""
2025-01-30 04:01:33,464 INFO c.h.h.t.HelmChartContainer - [POD] test-hivemq-platform-alpha-0 [03b8bcd0-898e-4e9c-af3c-e6cfc0695fdf] in customoperatornamespacesit-alpha was MODIFIED
2025-01-30 04:01:33,468 INFO c.h.h.t.HelmChartContainer - [POD] test-hivemq-platform-alpha-0 [03b8bcd0-898e-4e9c-af3c-e6cfc0695fdf] in customoperatornamespacesit-alpha was DELETED
2025-01-30 04:01:33,551 INFO c.h.h.t.HelmChartContainer - [K3S] [scope.go:117] "RemoveContainer" containerID="cac558defc93b88437ee510e453848af95fff47788709d5ee838db58e9219782"
2025-01-30 04:01:33,554 INFO c.h.h.t.HelmChartContainer - [K3S] [scope.go:117] "RemoveContainer" containerID="4489d2069260e4b9c1af926f3b71245dc9da7a297088ba84367a1e9bf60b7b5f"
2025-01-30 04:01:33,555 INFO c.h.h.t.HelmChartContainer - [K3S] [scope.go:117] "RemoveContainer" containerID="cac558defc93b88437ee510e453848af95fff47788709d5ee838db58e9219782"
2025-01-30 04:01:34,278 INFO c.h.h.t.HelmChartContainer - [K3S] [kubelet_volumes.go:163] "Cleaned up orphaned pod volumes dir" podUID="03b8bcd0-898e-4e9c-af3c-e6cfc0695fdf" path="/var/lib/kubelet/pods/03b8bcd0-898e-4e9c-af3c-e6cfc0695fdf/volumes"
2025-01-30 04:01:35,738 INFO c.h.h.t.HelmChartContainer - [hivemq-test-hivemq-platform] [hivemq-platform-operator] [baa6dd23] 04:01:35.735 [pool-6-thread-36] DEBUG c.h.p.o.d.PodServiceAccountResource - [customop] Desired PodServiceAccountResource (serviceAccountName: hivemq-platform-pod-test-hivemq-platform-beta)
2025-01-30 04:01:35,739 INFO c.h.h.t.HelmChartContainer - [hivemq-test-hivemq-platform] [hivemq-platform-operator] [baa6dd23] 04:01:35.734 [pool-6-thread-30] DEBUG c.h.p.o.d.PlatformServiceResource - [customop] Desired Platform services (3 services)
2025-01-30 04:01:35,741 INFO c.h.h.t.HelmChartContainer - [hivemq-test-hivemq-platform] [hivemq-platform-operator] [baa6dd23] 04:01:35.735 [pool-6-thread-31] DEBUG c.h.p.o.dependants.PodInfoConfigMap - [customop] Desired PodInfo ConfigMap (1 extensions) (1 enabled)
2025-01-30 04:01:35,741 INFO c.h.h.t.HelmChartContainer - [hivemq-test-hivemq-platform] [hivemq-platform-operator] [baa6dd23] 04:01:35.737 [pool-6-thread-31] DEBUG c.h.p.o.dependants.PodInfoConfigMap - [customop] Desired PodInfo ConfigMap (metrics port: 9399) (metrics path: /)
2025-01-30 04:01:35,741 INFO c.h.h.t.HelmChartContainer - [hivemq-test-hivemq-platform] [hivemq-platform-operator] [baa6dd23] 04:01:35.737 [pool-6-thread-31] DEBUG c.h.p.o.dependants.PodInfoConfigMap - [customop] Desired PodInfo ConfigMap (extension state hash: -1817474005)
2025-01-30 04:01:35,741 INFO c.h.h.t.HelmChartContainer - [hivemq-test-hivemq-platform] [hivemq-platform-operator] [baa6dd23] 04:01:35.738 [pool-6-thread-31] DEBUG c.h.p.o.dependants.PodInfoConfigMap - [customop] Update PodInfo ConfigMap
2025-01-30 04:01:35,748 INFO c.h.h.t.HelmChartContainer - [hivemq-test-hivemq-platform] [hivemq-platform-operator] [baa6dd23] 04:01:35.748 [pool-6-thread-31] DEBUG c.h.p.o.d.StatefulSetResource - [customop] Desired StatefulSet (1 replicas) for status RUNNING (READY)
2025-01-30 04:01:35,752 INFO c.h.h.t.HelmChartContainer - [hivemq-test-hivemq-platform] [hivemq-platform-operator] [baa6dd23] 04:01:35.750 [ReconcilerExecutor-hivemq-controller-140] INFO  c.h.p.o.HiveMQPlatformReconciler - [customop] Reconciling HiveMQ Platform 'test-hivemq-platform-beta' in namespace 'customoperatornamespacesit-beta'
2025-01-30 04:01:35,752 INFO c.h.h.t.HelmChartContainer - [hivemq-test-hivemq-platform] [hivemq-platform-operator] [baa6dd23] 04:01:35.750 [ReconcilerExecutor-hivemq-controller-140] DEBUG c.h.p.o.HiveMQPlatformReconciler - [customop] Custom Resource Status RUNNING - HiveMQ Platform is ready (READY)
2025-01-30 04:01:35,752 INFO c.h.h.t.HelmChartContainer - [hivemq-test-hivemq-platform] [hivemq-platform-operator] [baa6dd23] 04:01:35.751 [ReconcilerExecutor-hivemq-controller-140] DEBUG c.h.p.o.HiveMQPlatformReconciler - [customop] Custom Resource Spec (replicas: 1) (extensions: 1)
2025-01-30 04:01:35,753 INFO c.h.h.t.HelmChartContainer - [hivemq-test-hivemq-platform] [hivemq-platform-operator] [baa6dd23] 04:01:35.752 [ReconcilerExecutor-hivemq-controller-140] DEBUG c.h.p.o.HiveMQPlatformReconciler - [customop] StatefulSet Status (revision: test-hivemq-platform-beta-68c75dbff9, replicas: 1, available: 1, ready: 1, current: 1, updated: 1)
2025-01-30 04:01:35,753 INFO c.h.h.t.HelmChartContainer - [hivemq-test-hivemq-platform] [hivemq-platform-operator] [baa6dd23] 04:01:35.752 [ReconcilerExecutor-hivemq-controller-140] DEBUG c.h.p.o.HiveMQPlatformReconciler - [customop] StatefulSet Spec (replicas: 1, init containers: 1, containers: 1, volumes: 3)
2025-01-30 04:01:35,830 INFO c.h.h.t.HelmChartContainer - [hivemq-test-hivemq-platform] [hivemq-platform-operator] [baa6dd23] 04:01:35.830 [ReconcilerExecutor-hivemq-controller-140] DEBUG c.h.p.o.h.HiveMQPlatformReconcilerErrorHandler - [customop] Pod 'test-hivemq-platform-beta-0' phase Running
2025-01-30 04:01:38,356 INFO c.h.h.t.HelmChartContainer - Namespace 'customoperatornamespacesit-alpha' deleted
2025-01-30 04:01:38,356 INFO c.h.h.t.HelmChartContainer - Release 'test-hivemq-platform-alpha' in namespace 'customoperatornamespacesit-alpha' is uninstalled
2025-01-30 04:01:38,356 INFO c.h.h.t.HelmChartContainer - Uninstalling release 'test-hivemq-platform-beta' in namespace 'customoperatornamespacesit-beta'...
2025-01-30 04:01:38,356 DEBUG c.h.h.t.HelmChartContainer - Executing helm command: /bin/helm --kubeconfig /etc/rancher/k3s/k3s.yaml uninstall test-hivemq-platform-beta  --wait --timeout 5m0s --cascade foreground --namespace customoperatornamespacesit-beta
2025-01-30 04:01:38,550 INFO c.h.h.t.HelmChartContainer - [hivemq-test-hivemq-platform] [hivemq-platform-operator] [baa6dd23] 04:01:38.547 [pool-6-thread-41] DEBUG c.h.p.o.dependants.PodInfoConfigMap - [customop] Desired PodInfo ConfigMap (1 extensions) (1 enabled)
2025-01-30 04:01:38,558 INFO c.h.h.t.HelmChartContainer - [hivemq-test-hivemq-platform] [hivemq-platform-operator] [baa6dd23] 04:01:38.552 [pool-6-thread-41] DEBUG c.h.p.o.dependants.PodInfoConfigMap - [customop] Desired PodInfo ConfigMap (metrics port: 9399) (metrics path: /)
2025-01-30 04:01:38,562 INFO c.h.h.t.HelmChartContainer - [hivemq-test-hivemq-platform] [hivemq-platform-operator] [baa6dd23] 04:01:38.552 [pool-6-thread-41] DEBUG c.h.p.o.dependants.PodInfoConfigMap - [customop] Desired PodInfo ConfigMap (extension state hash: -1817474005)
2025-01-30 04:01:38,562 INFO c.h.h.t.HelmChartContainer - [hivemq-test-hivemq-platform] [hivemq-platform-operator] [baa6dd23] 04:01:38.553 [pool-6-thread-42] DEBUG c.h.p.o.d.PlatformServiceResource - [customop] Desired Platform services (3 services)
2025-01-30 04:01:38,562 INFO c.h.h.t.HelmChartContainer - [hivemq-test-hivemq-platform] [hivemq-platform-operator] [baa6dd23] 04:01:38.549 [pool-6-thread-45] DEBUG c.h.p.o.d.PodServiceAccountResource - [customop] Desired PodServiceAccountResource (serviceAccountName: hivemq-platform-pod-test-hivemq-platform-beta)
2025-01-30 04:01:38,562 INFO c.h.h.t.HelmChartContainer - [hivemq-test-hivemq-platform] [hivemq-platform-operator] [baa6dd23] 04:01:38.558 [pool-6-thread-42] DEBUG c.h.p.o.d.StatefulSetResource - [customop] Desired StatefulSet (1 replicas) for status RUNNING (READY)
2025-01-30 04:01:38,638 INFO c.h.h.t.HelmChartContainer - [hivemq-test-hivemq-platform] [hivemq-platform-operator] [baa6dd23] 04:01:38.636 [ReconcilerExecutor-hivemq-controller-141] INFO  c.h.p.o.HiveMQPlatformReconciler - [customop] Reconciling HiveMQ Platform 'test-hivemq-platform-beta' in namespace 'customoperatornamespacesit-beta'
2025-01-30 04:01:38,638 INFO c.h.h.t.HelmChartContainer - [hivemq-test-hivemq-platform] [hivemq-platform-operator] [baa6dd23] 04:01:38.636 [ReconcilerExecutor-hivemq-controller-141] DEBUG c.h.p.o.HiveMQPlatformReconciler - [customop] Custom Resource Status RUNNING - HiveMQ Platform is ready (READY)
2025-01-30 04:01:38,638 INFO c.h.h.t.HelmChartContainer - [hivemq-test-hivemq-platform] [hivemq-platform-operator] [baa6dd23] 04:01:38.637 [ReconcilerExecutor-hivemq-controller-141] DEBUG c.h.p.o.HiveMQPlatformReconciler - [customop] Custom Resource Spec (replicas: 1) (extensions: 1)
2025-01-30 04:01:38,639 INFO c.h.h.t.HelmChartContainer - [hivemq-test-hivemq-platform] [hivemq-platform-operator] [baa6dd23] 04:01:38.637 [ReconcilerExecutor-hivemq-controller-141] WARN  c.h.p.o.h.HiveMQPlatformReconcilerErrorHandler - [customop] Could not find ConfigMap 'hivemq-configuration-test-hivemq-platform-beta' for HiveMQ Platform configuration
2025-01-30 04:01:38,743 INFO c.h.h.t.HelmChartContainer - [hivemq-test-hivemq-platform] [hivemq-platform-operator] [baa6dd23] 04:01:38.741 [ReconcilerExecutor-hivemq-controller-141] DEBUG c.h.p.operator.event.EventSender - [customop] Creating K8s event hivemq-platform-invalid-configuration: [Start] Could not find ConfigMap 'hivemq-configuration-test-hivemq-platform-beta' for HiveMQ Platform configuration
2025-01-30 04:01:38,746 INFO c.h.h.t.HelmChartContainer - [EVENT] Warning [Start] Could not find ConfigMap 'hivemq-configuration-test-hivemq-platform-beta' for HiveMQ Platform configuration [customoperatornamespacesit-beta:test-hivemq-platform-beta]
2025-01-30 04:01:38,747 INFO c.h.h.t.HelmChartContainer - [hivemq-test-hivemq-platform] [hivemq-platform-operator] [baa6dd23] 04:01:38.746 [ReconcilerExecutor-hivemq-controller-141] INFO  c.h.p.o.h.AbstractHiveMQReconcilerStateHandler - [customop] Update HiveMQ Platform Status (RUNNING [READY] -> ERROR [INVALID_CONFIG_MAP]): Could not find ConfigMap 'hivemq-configuration-test-hivemq-platform-beta' for HiveMQ Platform configuration
2025-01-30 04:01:38,756 INFO c.h.h.t.HelmChartContainer - [hivemq-test-hivemq-platform] [hivemq-platform-operator] [baa6dd23] 04:01:38.753 [ReconcilerExecutor-hivemq-controller-141] ERROR i.j.o.p.event.EventProcessor - Error during event processing ExecutionScope{ resource id: ResourceID{name='test-hivemq-platform-beta', namespace='customoperatornamespacesit-beta'}, version: 690}
2025-01-30 04:01:38,756 INFO c.h.h.t.HelmChartContainer - [hivemq-test-hivemq-platform] [hivemq-platform-operator] [baa6dd23] io.fabric8.kubernetes.client.KubernetesClientException: Failure executing: PUT at: https://10.43.0.1:443/apis/hivemq.com/v1/namespaces/customoperatornamespacesit-beta/hivemq-platforms/test-hivemq-platform-beta/status. Message: Operation cannot be fulfilled on hivemq-platforms.hivemq.com "test-hivemq-platform-beta": the object has been modified; please apply your changes to the latest version and try again. Received status: Status(apiVersion=v1, code=409, details=StatusDetails(causes=[], group=hivemq.com, kind=hivemq-platforms, name=test-hivemq-platform-beta, retryAfterSeconds=null, uid=null, additionalProperties={}), kind=Status, message=Operation cannot be fulfilled on hivemq-platforms.hivemq.com "test-hivemq-platform-beta": the object has been modified; please apply your changes to the latest version and try again, metadata=ListMeta(_continue=null, remainingItemCount=null, resourceVersion=null, selfLink=null, additionalProperties={}), reason=Conflict, status=Failure, additionalProperties={}).
2025-01-30 04:01:38,756 INFO c.h.h.t.HelmChartContainer - [hivemq-test-hivemq-platform] [hivemq-platform-operator] [baa6dd23] 	at io.fabric8.kubernetes.client.KubernetesClientException.copyAsCause(KubernetesClientException.java:238)
2025-01-30 04:01:38,756 INFO c.h.h.t.HelmChartContainer - [hivemq-test-hivemq-platform] [hivemq-platform-operator] [baa6dd23] 	at io.fabric8.kubernetes.client.dsl.internal.OperationSupport.waitForResult(OperationSupport.java:507)
2025-01-30 04:01:38,756 INFO c.h.h.t.HelmChartContainer - [hivemq-test-hivemq-platform] [hivemq-platform-operator] [baa6dd23] 	at io.fabric8.kubernetes.client.dsl.internal.OperationSupport.handleResponse(OperationSupport.java:524)
2025-01-30 04:01:38,756 INFO c.h.h.t.HelmChartContainer - [hivemq-test-hivemq-platform] [hivemq-platform-operator] [baa6dd23] 	at io.fabric8.kubernetes.client.dsl.internal.OperationSupport.handleUpdate(OperationSupport.java:358)
2025-01-30 04:01:38,756 INFO c.h.h.t.HelmChartContainer - [hivemq-test-hivemq-platform] [hivemq-platform-operator] [baa6dd23] 	at io.fabric8.kubernetes.client.dsl.internal.BaseOperation.handleUpdate(BaseOperation.java:759)
2025-01-30 04:01:38,756 INFO c.h.h.t.HelmChartContainer - [hivemq-test-hivemq-platform] [hivemq-platform-operator] [baa6dd23] 	at io.fabric8.kubernetes.client.dsl.internal.HasMetadataOperation.update(HasMetadataOperation.java:138)
2025-01-30 04:01:38,756 INFO c.h.h.t.HelmChartContainer - [hivemq-test-hivemq-platform] [hivemq-platform-operator] [baa6dd23] 	at io.fabric8.kubernetes.client.dsl.internal.HasMetadataOperation.update(HasMetadataOperation.java:121)
2025-01-30 04:01:38,756 INFO c.h.h.t.HelmChartContainer - [hivemq-test-hivemq-platform] [hivemq-platform-operator] [baa6dd23] 	at io.fabric8.kubernetes.client.dsl.internal.HasMetadataOperation.updateStatus(HasMetadataOperation.java:126)
2025-01-30 04:01:38,757 INFO c.h.h.t.HelmChartContainer - [hivemq-test-hivemq-platform] [hivemq-platform-operator] [baa6dd23] 	at io.fabric8.kubernetes.client.dsl.internal.HasMetadataOperation.updateStatus(HasMetadataOperation.java:44)
2025-01-30 04:01:38,757 INFO c.h.h.t.HelmChartContainer - [hivemq-test-hivemq-platform] [hivemq-platform-operator] [baa6dd23] 	at io.javaoperatorsdk.operator.processing.event.ReconciliationDispatcher$CustomResourceFacade.updateStatus(ReconciliationDispatcher.java:408)
2025-01-30 04:01:38,757 INFO c.h.h.t.HelmChartContainer - [hivemq-test-hivemq-platform] [hivemq-platform-operator] [baa6dd23] 	at io.javaoperatorsdk.operator.processing.event.ReconciliationDispatcher.updateStatusGenerationAware(ReconciliationDispatcher.java:228)
2025-01-30 04:01:38,757 INFO c.h.h.t.HelmChartContainer - [hivemq-test-hivemq-platform] [hivemq-platform-operator] [baa6dd23] 	at io.javaoperatorsdk.operator.processing.event.ReconciliationDispatcher.reconcileExecution(ReconciliationDispatcher.java:150)
2025-01-30 04:01:38,757 INFO c.h.h.t.HelmChartContainer - [hivemq-test-hivemq-platform] [hivemq-platform-operator] [baa6dd23] 	at io.javaoperatorsdk.operator.processing.event.ReconciliationDispatcher.handleReconcile(ReconciliationDispatcher.java:117)
2025-01-30 04:01:38,757 INFO c.h.h.t.HelmChartContainer - [hivemq-test-hivemq-platform] [hivemq-platform-operator] [baa6dd23] 	at io.javaoperatorsdk.operator.processing.event.ReconciliationDispatcher.handleDispatch(ReconciliationDispatcher.java:91)
2025-01-30 04:01:38,757 INFO c.h.h.t.HelmChartContainer - [hivemq-test-hivemq-platform] [hivemq-platform-operator] [baa6dd23] 	at io.javaoperatorsdk.operator.processing.event.ReconciliationDispatcher.handleExecution(ReconciliationDispatcher.java:64)
2025-01-30 04:01:38,757 INFO c.h.h.t.HelmChartContainer - [hivemq-test-hivemq-platform] [hivemq-platform-operator] [baa6dd23] 	at io.javaoperatorsdk.operator.processing.event.EventProcessor$ReconcilerExecutor.run(EventProcessor.java:452)
2025-01-30 04:01:38,757 INFO c.h.h.t.HelmChartContainer - [hivemq-test-hivemq-platform] [hivemq-platform-operator] [baa6dd23] 	at java.base/java.util.concurrent.ThreadPoolExecutor.runWorker(Unknown Source)
2025-01-30 04:01:38,757 INFO c.h.h.t.HelmChartContainer - [hivemq-test-hivemq-platform] [hivemq-platform-operator] [baa6dd23] 	at java.base/java.util.concurrent.ThreadPoolExecutor$Worker.run(Unknown Source)
2025-01-30 04:01:38,757 INFO c.h.h.t.HelmChartContainer - [hivemq-test-hivemq-platform] [hivemq-platform-operator] [baa6dd23] 	at java.base/java.lang.Thread.run(Unknown Source)
2025-01-30 04:01:38,757 INFO c.h.h.t.HelmChartContainer - [hivemq-test-hivemq-platform] [hivemq-platform-operator] [baa6dd23] Caused by: io.fabric8.kubernetes.client.KubernetesClientException: Failure executing: PUT at: https://10.43.0.1:443/apis/hivemq.com/v1/namespaces/customoperatornamespacesit-beta/hivemq-platforms/test-hivemq-platform-beta/status. Message: Operation cannot be fulfilled on hivemq-platforms.hivemq.com "test-hivemq-platform-beta": the object has been modified; please apply your changes to the latest version and try again. Received status: Status(apiVersion=v1, code=409, details=StatusDetails(causes=[], group=hivemq.com, kind=hivemq-platforms, name=test-hivemq-platform-beta, retryAfterSeconds=null, uid=null, additionalProperties={}), kind=Status, message=Operation cannot be fulfilled on hivemq-platforms.hivemq.com "test-hivemq-platform-beta": the object has been modified; please apply your changes to the latest version and try again, metadata=ListMeta(_continue=null, remainingItemCount=null, resourceVersion=null, selfLink=null, additionalProperties={}), reason=Conflict, status=Failure, additionalProperties={}).
2025-01-30 04:01:38,758 INFO c.h.h.t.HelmChartContainer - [hivemq-test-hivemq-platform] [hivemq-platform-operator] [baa6dd23] 	at io.fabric8.kubernetes.client.dsl.internal.OperationSupport.requestFailure(OperationSupport.java:660)
2025-01-30 04:01:38,761 INFO c.h.h.t.HelmChartContainer - [hivemq-test-hivemq-platform] [hivemq-platform-operator] [baa6dd23] 	at io.fabric8.kubernetes.client.dsl.internal.OperationSupport.requestFailure(OperationSupport.java:640)
2025-01-30 04:01:38,761 INFO c.h.h.t.HelmChartContainer - [hivemq-test-hivemq-platform] [hivemq-platform-operator] [baa6dd23] 	at io.fabric8.kubernetes.client.dsl.internal.OperationSupport.assertResponseCode(OperationSupport.java:589)
2025-01-30 04:01:38,761 INFO c.h.h.t.HelmChartContainer - [hivemq-test-hivemq-platform] [hivemq-platform-operator] [baa6dd23] 	at io.fabric8.kubernetes.client.dsl.internal.OperationSupport.lambda$handleResponse$0(OperationSupport.java:549)
2025-01-30 04:01:38,761 INFO c.h.h.t.HelmChartContainer - [hivemq-test-hivemq-platform] [hivemq-platform-operator] [baa6dd23] 	at java.base/java.util.concurrent.CompletableFuture$UniApply.tryFire(Unknown Source)
2025-01-30 04:01:38,761 INFO c.h.h.t.HelmChartContainer - [hivemq-test-hivemq-platform] [hivemq-platform-operator] [baa6dd23] 	at java.base/java.util.concurrent.CompletableFuture.postComplete(Unknown Source)
2025-01-30 04:01:38,761 INFO c.h.h.t.HelmChartContainer - [hivemq-test-hivemq-platform] [hivemq-platform-operator] [baa6dd23] 	at java.base/java.util.concurrent.CompletableFuture.complete(Unknown Source)
2025-01-30 04:01:38,761 INFO c.h.h.t.HelmChartContainer - [hivemq-test-hivemq-platform] [hivemq-platform-operator] [baa6dd23] 	at io.fabric8.kubernetes.client.http.StandardHttpClient.lambda$completeOrCancel$10(StandardHttpClient.java:141)
2025-01-30 04:01:38,761 INFO c.h.h.t.HelmChartContainer - [hivemq-test-hivemq-platform] [hivemq-platform-operator] [baa6dd23] 	at java.base/java.util.concurrent.CompletableFuture.uniWhenComplete(Unknown Source)
2025-01-30 04:01:38,761 INFO c.h.h.t.HelmChartContainer - [hivemq-test-hivemq-platform] [hivemq-platform-operator] [baa6dd23] 	at java.base/java.util.concurrent.CompletableFuture$UniWhenComplete.tryFire(Unknown Source)
2025-01-30 04:01:38,761 INFO c.h.h.t.HelmChartContainer - [hivemq-test-hivemq-platform] [hivemq-platform-operator] [baa6dd23] 	at java.base/java.util.concurrent.CompletableFuture.postComplete(Unknown Source)
2025-01-30 04:01:38,761 INFO c.h.h.t.HelmChartContainer - [hivemq-test-hivemq-platform] [hivemq-platform-operator] [baa6dd23] 	at java.base/java.util.concurrent.CompletableFuture.complete(Unknown Source)
2025-01-30 04:01:38,761 INFO c.h.h.t.HelmChartContainer - [hivemq-test-hivemq-platform] [hivemq-platform-operator] [baa6dd23] 	at io.fabric8.kubernetes.client.http.ByteArrayBodyHandler.onBodyDone(ByteArrayBodyHandler.java:51)
2025-01-30 04:01:38,761 INFO c.h.h.t.HelmChartContainer - [hivemq-test-hivemq-platform] [hivemq-platform-operator] [baa6dd23] 	at java.base/java.util.concurrent.CompletableFuture.uniWhenComplete(Unknown Source)
2025-01-30 04:01:38,761 INFO c.h.h.t.HelmChartContainer - [hivemq-test-hivemq-platform] [hivemq-platform-operator] [baa6dd23] 	at java.base/java.util.concurrent.CompletableFuture$UniWhenComplete.tryFire(Unknown Source)
2025-01-30 04:01:38,761 INFO c.h.h.t.HelmChartContainer - [hivemq-test-hivemq-platform] [hivemq-platform-operator] [baa6dd23] 	at java.base/java.util.concurrent.CompletableFuture.postComplete(Unknown Source)
2025-01-30 04:01:38,761 INFO c.h.h.t.HelmChartContainer - [hivemq-test-hivemq-platform] [hivemq-platform-operator] [baa6dd23] 	at java.base/java.util.concurrent.CompletableFuture.complete(Unknown Source)
2025-01-30 04:01:38,761 INFO c.h.h.t.HelmChartContainer - [hivemq-test-hivemq-platform] [hivemq-platform-operator] [baa6dd23] 	at io.fabric8.kubernetes.client.vertx.VertxHttpRequest.lambda$null$1(VertxHttpRequest.java:121)
2025-01-30 04:01:38,761 INFO c.h.h.t.HelmChartContainer - [hivemq-test-hivemq-platform] [hivemq-platform-operator] [baa6dd23] 	at io.vertx.core.impl.ContextInternal.dispatch(ContextInternal.java:279)
2025-01-30 04:01:38,761 INFO c.h.h.t.HelmChartContainer - [hivemq-test-hivemq-platform] [hivemq-platform-operator] [baa6dd23] 	at io.vertx.core.impl.ContextInternal.dispatch(ContextInternal.java:261)
2025-01-30 04:01:38,761 INFO c.h.h.t.HelmChartContainer - [hivemq-test-hivemq-platform] [hivemq-platform-operator] [baa6dd23] 	at io.vertx.core.http.impl.HttpEventHandler.handleEnd(HttpEventHandler.java:76)
2025-01-30 04:01:38,761 INFO c.h.h.t.HelmChartContainer - [hivemq-test-hivemq-platform] [hivemq-platform-operator] [baa6dd23] 	at io.vertx.core.http.impl.HttpClientResponseImpl.handleEnd(HttpClientResponseImpl.java:250)
2025-01-30 04:01:38,761 INFO c.h.h.t.HelmChartContainer - [hivemq-test-hivemq-platform] [hivemq-platform-operator] [baa6dd23] 	at io.vertx.core.http.impl.Http1xClientConnection$StreamImpl.lambda$new$0(Http1xClientConnection.java:421)
2025-01-30 04:01:38,761 INFO c.h.h.t.HelmChartContainer - [hivemq-test-hivemq-platform] [hivemq-platform-operator] [baa6dd23] 	at io.vertx.core.streams.impl.InboundBuffer.handleEvent(InboundBuffer.java:279)
2025-01-30 04:01:38,761 INFO c.h.h.t.HelmChartContainer - [hivemq-test-hivemq-platform] [hivemq-platform-operator] [baa6dd23] 	at io.vertx.core.streams.impl.InboundBuffer.write(InboundBuffer.java:157)
2025-01-30 04:01:38,761 INFO c.h.h.t.HelmChartContainer - [hivemq-test-hivemq-platform] [hivemq-platform-operator] [baa6dd23] 	at io.vertx.core.http.impl.Http1xClientConnection$StreamImpl.handleEnd(Http1xClientConnection.java:709)
2025-01-30 04:01:38,761 INFO c.h.h.t.HelmChartContainer - [hivemq-test-hivemq-platform] [hivemq-platform-operator] [baa6dd23] 	at io.vertx.core.impl.ContextImpl.lambda$execute$4(ContextImpl.java:315)
2025-01-30 04:01:38,761 INFO c.h.h.t.HelmChartContainer - [hivemq-test-hivemq-platform] [hivemq-platform-operator] [baa6dd23] 	at io.netty.util.concurrent.AbstractEventExecutor.runTask(AbstractEventExecutor.java:173)
2025-01-30 04:01:38,761 INFO c.h.h.t.HelmChartContainer - [hivemq-test-hivemq-platform] [hivemq-platform-operator] [baa6dd23] 	at io.netty.util.concurrent.AbstractEventExecutor.safeExecute(AbstractEventExecutor.java:166)
2025-01-30 04:01:38,761 INFO c.h.h.t.HelmChartContainer - [hivemq-test-hivemq-platform] [hivemq-platform-operator] [baa6dd23] 	at io.netty.util.concurrent.SingleThreadEventExecutor.runAllTasks(SingleThreadEventExecutor.java:472)
2025-01-30 04:01:38,761 INFO c.h.h.t.HelmChartContainer - [hivemq-test-hivemq-platform] [hivemq-platform-operator] [baa6dd23] 	at io.netty.channel.nio.NioEventLoop.run(NioEventLoop.java:569)
2025-01-30 04:01:38,761 INFO c.h.h.t.HelmChartContainer - [hivemq-test-hivemq-platform] [hivemq-platform-operator] [baa6dd23] 	at io.netty.util.concurrent.SingleThreadEventExecutor$4.run(SingleThreadEventExecutor.java:997)
2025-01-30 04:01:38,761 INFO c.h.h.t.HelmChartContainer - [hivemq-test-hivemq-platform] [hivemq-platform-operator] [baa6dd23] 	at io.netty.util.internal.ThreadExecutorMap$2.run(ThreadExecutorMap.java:74)
2025-01-30 04:01:38,761 INFO c.h.h.t.HelmChartContainer - [hivemq-test-hivemq-platform] [hivemq-platform-operator] [baa6dd23] 	at io.netty.util.concurrent.FastThreadLocalRunnable.run(FastThreadLocalRunnable.java:30)
2025-01-30 04:01:38,761 INFO c.h.h.t.HelmChartContainer - [hivemq-test-hivemq-platform] [hivemq-platform-operator] [baa6dd23] 	... 1 common frames omitted
2025-01-30 04:01:38,763 INFO c.h.h.t.HelmChartContainer - [hivemq-test-hivemq-platform] [hivemq-platform-operator] [baa6dd23] 04:01:38.763 [ReconcilerExecutor-hivemq-controller-147] INFO  c.h.p.o.HiveMQPlatformReconciler - [customop] Cleanup test-hivemq-platform-beta - customoperatornamespacesit-beta HiveMQ Platform is shut down
2025-01-30 04:01:39,329 INFO c.h.h.t.HelmChartContainer - [POD] test-hivemq-platform-beta-0 [b9a6a196-ef9c-4eb9-afb0-89de41b127d4] in customoperatornamespacesit-beta was MODIFIED
2025-01-30 04:01:39,331 INFO c.h.h.t.HelmChartContainer - [EVENT] Normal [Killing] Stopping container hivemq [customoperatornamespacesit-beta:test-hivemq-platform-beta-0]
2025-01-30 04:01:39,331 INFO c.h.h.t.HelmChartContainer - Received Killing event for container hivemq in pod test-hivemq-platform-beta-0 [b9a6a196-ef9c-4eb9-afb0-89de41b127d4]
2025-01-30 04:01:39,331 INFO c.h.h.t.HelmChartContainer - Container [test-hivemq-platform-beta-0] [hivemq] [b9a6a196-ef9c-4eb9-afb0-89de41b127d4] was terminated
2025-01-30 04:01:39,331 INFO c.h.h.t.HelmChartContainer - Stopped log watcher for hivemq in pod test-hivemq-platform-beta-0 [b9a6a196-ef9c-4eb9-afb0-89de41b127d4]
2025-01-30 04:01:39,340 INFO c.h.h.t.HelmChartContainer - [test-hivemq-platform] [hivemq] [b9a6a196] INFO  - [HiveMQ Platform Operator Init App 1.7.0-SNAPSHOT] Shutting down
2025-01-30 04:01:39,340 INFO c.h.h.t.HelmChartContainer - [test-hivemq-platform] [hivemq] [b9a6a196] INFO  - [HiveMQ Platform Operator Init App 1.7.0-SNAPSHOT] Stopping the HiveMQ Platform
2025-01-30 04:01:39,410 INFO c.h.h.t.HelmChartContainer - [test-hivemq-platform] [hivemq] [b9a6a196] INFO  - Shutting down HiveMQ. Please wait, this could take a while...
2025-01-30 04:01:39,413 INFO c.h.h.t.HelmChartContainer - [test-hivemq-platform] [hivemq] [b9a6a196] INFO  - Shutting down listeners and clients
2025-01-30 04:01:39,415 INFO c.h.h.t.HelmChartContainer - [test-hivemq-platform] [hivemq] [b9a6a196] INFO  - Shutdown of listeners is done
2025-01-30 04:01:39,415 INFO c.h.h.t.HelmChartContainer - [test-hivemq-platform] [hivemq] [b9a6a196] INFO  - No clients are connected, proceeding with shutdown
2025-01-30 04:01:40,426 INFO c.h.h.t.HelmChartContainer - [test-hivemq-platform] [hivemq] [b9a6a196] INFO  - [HiveMQ Platform Operator Init App 1.7.0-SNAPSHOT] Returning shutdown Health API response 503 for readiness
2025-01-30 04:01:40,430 INFO c.h.h.t.HelmChartContainer - [EVENT] Warning [Unhealthy] Readiness probe failed: HTTP probe failed with statuscode: 503 [customoperatornamespacesit-beta:test-hivemq-platform-beta-0]
2025-01-30 04:01:40,430 INFO c.h.h.t.HelmChartContainer - Received Unhealthy event for container hivemq in pod test-hivemq-platform-beta-0 [b9a6a196-ef9c-4eb9-afb0-89de41b127d4]
2025-01-30 04:01:40,598 INFO c.h.h.t.HelmChartContainer - Deleting namespace 'customoperatornamespacesit-beta'...
2025-01-30 04:01:40,895 INFO c.h.h.t.HelmChartContainer - [K3S] [authentication.go:74] "Unable to authenticate the request" err="[invalid bearer token, serviceaccounts \"hivemq-platform-pod-test-hivemq-platform-beta\" not found]"
2025-01-30 04:01:40,968 INFO c.h.h.t.HelmChartContainer - [K3S] [authentication.go:74] "Unable to authenticate the request" err="[invalid bearer token, serviceaccounts \"hivemq-platform-pod-test-hivemq-platform-beta\" not found]"
2025-01-30 04:01:41,007 INFO c.h.h.t.HelmChartContainer - [test-hivemq-platform] [hivemq] [b9a6a196] WARN  - [HiveMQ Platform Operator Init App 1.7.0-SNAPSHOT] Could not update Pod annotations: Failure executing: GET at: https://10.43.0.1:443/api/v1/namespaces/customoperatornamespacesit-beta/pods/test-hivemq-platform-beta-0. Message: Unauthorized. Received status: Status(apiVersion=v1, code=401, details=null, kind=Status, message=Unauthorized, metadata=ListMeta(_continue=null, remainingItemCount=null, resourceVersion=null, selfLink=null, additionalProperties={}), reason=Unauthorized, status=Failure, additionalProperties={}).
2025-01-30 04:01:41,974 INFO c.h.h.t.HelmChartContainer - [test-hivemq-platform] [hivemq] [b9a6a196] INFO  - Shutting down extension system
2025-01-30 04:01:41,977 INFO c.h.h.t.HelmChartContainer - [test-hivemq-platform] [hivemq] [b9a6a196] INFO  - Stopping extension with id hivemq-dns-cluster-discovery
2025-01-30 04:01:41,978 INFO c.h.h.t.HelmChartContainer - [test-hivemq-platform] [hivemq] [b9a6a196] INFO  - Extension "DNS Cluster Discovery Extension" version 4.3.2 stopped successfully.
2025-01-30 04:01:41,978 INFO c.h.h.t.HelmChartContainer - [test-hivemq-platform] [hivemq] [b9a6a196] INFO  - Stopping extension with id hivemq-prometheus-extension
2025-01-30 04:01:41,982 INFO c.h.h.t.HelmChartContainer - [test-hivemq-platform] [hivemq] [b9a6a196] INFO  - Extension "Prometheus Monitoring Extension" version 4.0.12 stopped successfully.
2025-01-30 04:01:41,982 INFO c.h.h.t.HelmChartContainer - [test-hivemq-platform] [hivemq] [b9a6a196] INFO  - Stopping extension with id hivemq-allow-all-extension
2025-01-30 04:01:41,983 INFO c.h.h.t.HelmChartContainer - [test-hivemq-platform] [hivemq] [b9a6a196] INFO  - Extension "Allow All Extension" version 1.1.1 stopped successfully.
2025-01-30 04:01:43,276 INFO c.h.h.t.HelmChartContainer - [K3S] [namespace_controller.go:187] "Namespace has been deleted" namespace="customoperatornamespacesit-alpha"
2025-01-30 04:01:44,300 INFO c.h.h.t.HelmChartContainer - [test-hivemq-platform] [hivemq] [b9a6a196] INFO  - Shutdown completed.
2025-01-30 04:01:44,650 INFO c.h.h.t.HelmChartContainer - [test-hivemq-platform] [hivemq] [b9a6a196] INFO  - [HiveMQ Platform Operator Init App 1.7.0-SNAPSHOT] The HiveMQ Platform exited with code 143
2025-01-30 04:01:44,651 INFO c.h.h.t.HelmChartContainer - [test-hivemq-platform] [hivemq] [b9a6a196] INFO  - [HiveMQ Platform Operator Init App 1.7.0-SNAPSHOT] Stopping the REST API
2025-01-30 04:01:44,698 INFO c.h.h.t.HelmChartContainer - [test-hivemq-platform] [hivemq] [b9a6a196] INFO  - [HiveMQ Platform Operator Init App 1.7.0-SNAPSHOT] Shutdown complete
2025-01-30 04:01:45,164 INFO c.h.h.t.HelmChartContainer - [POD] test-hivemq-platform-beta-0 [b9a6a196-ef9c-4eb9-afb0-89de41b127d4] in customoperatornamespacesit-beta was MODIFIED
2025-01-30 04:01:45,164 INFO c.h.h.t.HelmChartContainer - [K3S] [stateful_set.go:438] "Unhandled Error" err="error syncing StatefulSet customoperatornamespacesit-beta/test-hivemq-platform-beta, requeuing: controllerrevisions.apps \"test-hivemq-platform-beta-68c75dbff9\" is forbidden: unable to create new content in namespace customoperatornamespacesit-beta because it is being terminated"
2025-01-30 04:01:45,172 INFO c.h.h.t.HelmChartContainer - [K3S] [stateful_set.go:438] "Unhandled Error" err="error syncing StatefulSet customoperatornamespacesit-beta/test-hivemq-platform-beta, requeuing: controllerrevisions.apps \"test-hivemq-platform-beta-68c75dbff9\" is forbidden: unable to create new content in namespace customoperatornamespacesit-beta because it is being terminated"
2025-01-30 04:01:45,185 INFO c.h.h.t.HelmChartContainer - [K3S] [stateful_set.go:438] "Unhandled Error" err="error syncing StatefulSet customoperatornamespacesit-beta/test-hivemq-platform-beta, requeuing: controllerrevisions.apps \"test-hivemq-platform-beta-68c75dbff9\" is forbidden: unable to create new content in namespace customoperatornamespacesit-beta because it is being terminated"
2025-01-30 04:01:45,209 INFO c.h.h.t.HelmChartContainer - [K3S] [stateful_set.go:438] "Unhandled Error" err="error syncing StatefulSet customoperatornamespacesit-beta/test-hivemq-platform-beta, requeuing: controllerrevisions.apps \"test-hivemq-platform-beta-68c75dbff9\" is forbidden: unable to create new content in namespace customoperatornamespacesit-beta because it is being terminated"
2025-01-30 04:01:45,232 INFO c.h.h.t.HelmChartContainer - [K3S] [reconciler_common.go:162] "operationExecutor.UnmountVolume started for volume \"broker-configuration\" (UniqueName: \"kubernetes.io/configmap/b9a6a196-ef9c-4eb9-afb0-89de41b127d4-broker-configuration\") pod \"b9a6a196-ef9c-4eb9-afb0-89de41b127d4\" (UID: \"b9a6a196-ef9c-4eb9-afb0-89de41b127d4\") "
2025-01-30 04:01:45,232 INFO c.h.h.t.HelmChartContainer - [K3S] [reconciler_common.go:162] "operationExecutor.UnmountVolume started for volume \"kube-api-access-7bdqh\" (UniqueName: \"kubernetes.io/projected/b9a6a196-ef9c-4eb9-afb0-89de41b127d4-kube-api-access-7bdqh\") pod \"b9a6a196-ef9c-4eb9-afb0-89de41b127d4\" (UID: \"b9a6a196-ef9c-4eb9-afb0-89de41b127d4\") "
2025-01-30 04:01:45,233 INFO c.h.h.t.HelmChartContainer - [K3S] [reconciler_common.go:162] "operationExecutor.UnmountVolume started for volume \"operator-init\" (UniqueName: \"kubernetes.io/empty-dir/b9a6a196-ef9c-4eb9-afb0-89de41b127d4-operator-init\") pod \"b9a6a196-ef9c-4eb9-afb0-89de41b127d4\" (UID: \"b9a6a196-ef9c-4eb9-afb0-89de41b127d4\") "
2025-01-30 04:01:45,233 INFO c.h.h.t.HelmChartContainer - [K3S] [reconciler_common.go:162] "operationExecutor.UnmountVolume started for volume \"pod-info\" (UniqueName: \"kubernetes.io/configmap/b9a6a196-ef9c-4eb9-afb0-89de41b127d4-pod-info\") pod \"b9a6a196-ef9c-4eb9-afb0-89de41b127d4\" (UID: \"b9a6a196-ef9c-4eb9-afb0-89de41b127d4\") "
2025-01-30 04:01:45,251 INFO c.h.h.t.HelmChartContainer - [K3S] [stateful_set.go:438] "Unhandled Error" err="error syncing StatefulSet customoperatornamespacesit-beta/test-hivemq-platform-beta, requeuing: controllerrevisions.apps \"test-hivemq-platform-beta-68c75dbff9\" is forbidden: unable to create new content in namespace customoperatornamespacesit-beta because it is being terminated"
2025-01-30 04:01:45,333 INFO c.h.h.t.HelmChartContainer - [K3S] [reconciler_common.go:299] "Volume detached for volume \"broker-configuration\" (UniqueName: \"kubernetes.io/configmap/b9a6a196-ef9c-4eb9-afb0-89de41b127d4-broker-configuration\") on node \"71e274ac6664\" DevicePath \"\""
2025-01-30 04:01:45,333 INFO c.h.h.t.HelmChartContainer - [K3S] [reconciler_common.go:299] "Volume detached for volume \"kube-api-access-7bdqh\" (UniqueName: \"kubernetes.io/projected/b9a6a196-ef9c-4eb9-afb0-89de41b127d4-kube-api-access-7bdqh\") on node \"71e274ac6664\" DevicePath \"\""
2025-01-30 04:01:45,333 INFO c.h.h.t.HelmChartContainer - [K3S] [reconciler_common.go:299] "Volume detached for volume \"operator-init\" (UniqueName: \"kubernetes.io/empty-dir/b9a6a196-ef9c-4eb9-afb0-89de41b127d4-operator-init\") on node \"71e274ac6664\" DevicePath \"\""
2025-01-30 04:01:45,333 INFO c.h.h.t.HelmChartContainer - [K3S] [reconciler_common.go:299] "Volume detached for volume \"pod-info\" (UniqueName: \"kubernetes.io/configmap/b9a6a196-ef9c-4eb9-afb0-89de41b127d4-pod-info\") on node \"71e274ac6664\" DevicePath \"\""
2025-01-30 04:01:45,334 INFO c.h.h.t.HelmChartContainer - [K3S] [stateful_set.go:438] "Unhandled Error" err="error syncing StatefulSet customoperatornamespacesit-beta/test-hivemq-platform-beta, requeuing: controllerrevisions.apps \"test-hivemq-platform-beta-68c75dbff9\" is forbidden: unable to create new content in namespace customoperatornamespacesit-beta because it is being terminated"
2025-01-30 04:01:45,466 INFO c.h.h.t.HelmChartContainer - [K3S] [scope.go:117] "RemoveContainer" containerID="d7161d1995948d498517d5d97d3591c04eaaabc7896e3a817a169a79b5ad0089"
2025-01-30 04:01:45,482 INFO c.h.h.t.HelmChartContainer - [POD] test-hivemq-platform-beta-0 [b9a6a196-ef9c-4eb9-afb0-89de41b127d4] in customoperatornamespacesit-beta was MODIFIED
2025-01-30 04:01:45,483 INFO c.h.h.t.HelmChartContainer - [K3S] [stateful_set.go:438] "Unhandled Error" err="error syncing StatefulSet customoperatornamespacesit-beta/test-hivemq-platform-beta, requeuing: controllerrevisions.apps \"test-hivemq-platform-beta-68c75dbff9\" is forbidden: unable to create new content in namespace customoperatornamespacesit-beta because it is being terminated"
2025-01-30 04:01:45,488 INFO c.h.h.t.HelmChartContainer - [K3S] [stateful_set.go:438] "Unhandled Error" err="error syncing StatefulSet customoperatornamespacesit-beta/test-hivemq-platform-beta, requeuing: controllerrevisions.apps \"test-hivemq-platform-beta-68c75dbff9\" is forbidden: unable to create new content in namespace customoperatornamespacesit-beta because it is being terminated"
2025-01-30 04:01:45,489 INFO c.h.h.t.HelmChartContainer - [POD] test-hivemq-platform-beta-0 [b9a6a196-ef9c-4eb9-afb0-89de41b127d4] in customoperatornamespacesit-beta was DELETED
2025-01-30 04:01:45,497 INFO c.h.h.t.HelmChartContainer - [K3S] [stateful_set.go:438] "Unhandled Error" err="error syncing StatefulSet customoperatornamespacesit-beta/test-hivemq-platform-beta, requeuing: controllerrevisions.apps \"test-hivemq-platform-beta-68c75dbff9\" is forbidden: unable to create new content in namespace customoperatornamespacesit-beta because it is being terminated"
2025-01-30 04:01:45,510 INFO c.h.h.t.HelmChartContainer - [K3S] [stateful_set.go:466] "StatefulSet has been deleted" key="customoperatornamespacesit-beta/test-hivemq-platform-beta"
2025-01-30 04:01:45,594 INFO c.h.h.t.HelmChartContainer - [K3S] [scope.go:117] "RemoveContainer" containerID="9915368144f085807205690de773d0376d494f6ecdfe01477d88bbbb58ec7d9f"
2025-01-30 04:01:45,597 INFO c.h.h.t.HelmChartContainer - [K3S] [scope.go:117] "RemoveContainer" containerID="d7161d1995948d498517d5d97d3591c04eaaabc7896e3a817a169a79b5ad0089"
2025-01-30 04:01:45,598 INFO c.h.h.t.HelmChartContainer - [K3S] [scope.go:117] "RemoveContainer" containerID="9915368144f085807205690de773d0376d494f6ecdfe01477d88bbbb58ec7d9f"
2025-01-30 04:01:45,823 INFO c.h.h.t.HelmChartContainer - Namespace 'customoperatornamespacesit-beta' deleted
2025-01-30 04:01:45,823 INFO c.h.h.t.HelmChartContainer - Release 'test-hivemq-platform-beta' in namespace 'customoperatornamespacesit-beta' is uninstalled
2025-01-30 04:01:45,823 INFO c.h.h.t.HelmChartContainer - Uninstalling release 'test-hivemq-platform-gamma' in namespace 'customoperatornamespacesit-gamma'...
2025-01-30 04:01:45,823 DEBUG c.h.h.t.HelmChartContainer - Executing helm command: /bin/helm --kubeconfig /etc/rancher/k3s/k3s.yaml uninstall test-hivemq-platform-gamma  --wait --timeout 5m0s --cascade foreground --namespace customoperatornamespacesit-gamma
2025-01-30 04:01:46,055 INFO c.h.h.t.HelmChartContainer - Deleting namespace 'customoperatornamespacesit-gamma'...
2025-01-30 04:01:46,277 INFO c.h.h.t.HelmChartContainer - [K3S] [kubelet_volumes.go:163] "Cleaned up orphaned pod volumes dir" podUID="b9a6a196-ef9c-4eb9-afb0-89de41b127d4" path="/var/lib/kubelet/pods/b9a6a196-ef9c-4eb9-afb0-89de41b127d4/volumes"
2025-01-30 04:01:46,779 INFO c.h.h.t.HelmChartContainer - [K3S] [stateful_set.go:466] "StatefulSet has been deleted" key="customoperatornamespacesit-beta/test-hivemq-platform-beta"
2025-01-30 04:01:50,757 INFO c.h.h.t.HelmChartContainer - [K3S] [namespace_controller.go:187] "Namespace has been deleted" namespace="customoperatornamespacesit-beta"
2025-01-30 04:01:51,175 INFO c.h.h.t.HelmChartContainer - Namespace 'customoperatornamespacesit-gamma' deleted
2025-01-30 04:01:51,175 INFO c.h.h.t.HelmChartContainer - Release 'test-hivemq-platform-gamma' in namespace 'customoperatornamespacesit-gamma' is uninstalled
2025-01-30 04:01:51,176 INFO c.h.h.t.HelmChartContainer - Uninstalling release 'test-hivemq-platform-operator' in namespace 'customoperatornamespacesit-operator'...
2025-01-30 04:01:51,176 DEBUG c.h.h.t.HelmChartContainer - Executing helm command: /bin/helm --kubeconfig /etc/rancher/k3s/k3s.yaml uninstall test-hivemq-platform-operator  --wait --timeout 5m0s --cascade foreground --namespace customoperatornamespacesit-operator
2025-01-30 04:01:51,348 INFO c.h.h.t.HelmChartContainer - [K3S] [replica_set.go:679] "Finished syncing" kind="ReplicaSet" key="customoperatornamespacesit-operator/hivemq-test-hivemq-platform-operator-6c7f4cc7b" duration="9.808502ms"
2025-01-30 04:01:51,349 INFO c.h.h.t.HelmChartContainer - [K3S] [replica_set.go:679] "Finished syncing" kind="ReplicaSet" key="customoperatornamespacesit-operator/hivemq-test-hivemq-platform-operator-6c7f4cc7b" duration="34.555µs"
2025-01-30 04:01:51,364 INFO c.h.h.t.HelmChartContainer - [POD] hivemq-test-hivemq-platform-operator-6c7f4cc7b-bhxg6 [baa6dd23-6214-4453-be7f-cde7a5c99541] in customoperatornamespacesit-operator was MODIFIED
2025-01-30 04:01:51,374 INFO c.h.h.t.HelmChartContainer - [hivemq-test-hivemq-platform] [hivemq-platform-operator] [baa6dd23] 04:01:51.371 [application-shutdown-thread] INFO  c.h.p.o.HiveMQPlatformOperatorApplication - HiveMQ Platform Operator is stopping...
2025-01-30 04:01:51,374 INFO c.h.h.t.HelmChartContainer - [hivemq-test-hivemq-platform] [hivemq-platform-operator] [baa6dd23] 04:01:51.371 [application-shutdown-thread] INFO  i.javaoperatorsdk.operator.Operator - Operator SDK 4.9.7 is shutting down...
2025-01-30 04:01:51,374 INFO c.h.h.t.HelmChartContainer - [EVENT] Normal [Killing] Stopping container hivemq-platform-operator [customoperatornamespacesit-operator:hivemq-test-hivemq-platform-operator-6c7f4cc7b-bhxg6]
2025-01-30 04:01:51,374 INFO c.h.h.t.HelmChartContainer - Received Killing event for container hivemq-platform-operator in pod hivemq-test-hivemq-platform-operator-6c7f4cc7b-bhxg6 [baa6dd23-6214-4453-be7f-cde7a5c99541]
2025-01-30 04:01:51,374 INFO c.h.h.t.HelmChartContainer - Container [hivemq-test-hivemq-platform-operator-6c7f4cc7b-bhxg6] [hivemq-platform-operator] [baa6dd23-6214-4453-be7f-cde7a5c99541] was terminated
2025-01-30 04:01:51,374 INFO c.h.h.t.HelmChartContainer - Stopped log watcher for hivemq-platform-operator in pod hivemq-test-hivemq-platform-operator-6c7f4cc7b-bhxg6 [baa6dd23-6214-4453-be7f-cde7a5c99541]
2025-01-30 04:01:51,381 INFO c.h.h.t.HelmChartContainer - [K3S] [replica_set.go:679] "Finished syncing" kind="ReplicaSet" key="customoperatornamespacesit-operator/hivemq-test-hivemq-platform-operator-6c7f4cc7b" duration="16.662111ms"
2025-01-30 04:01:51,381 INFO c.h.h.t.HelmChartContainer - [K3S] [replica_set.go:679] "Finished syncing" kind="ReplicaSet" key="customoperatornamespacesit-operator/hivemq-test-hivemq-platform-operator-6c7f4cc7b" duration="38.202µs"
2025-01-30 04:01:51,668 INFO c.h.h.t.HelmChartContainer - [K3S] [replica_set.go:679] "Finished syncing" kind="ReplicaSet" key="customoperatornamespacesit-operator/hivemq-test-hivemq-platform-operator-6c7f4cc7b" duration="41.618µs"
2025-01-30 04:01:51,669 INFO c.h.h.t.HelmChartContainer - [POD] hivemq-test-hivemq-platform-operator-6c7f4cc7b-bhxg6 [baa6dd23-6214-4453-be7f-cde7a5c99541] in customoperatornamespacesit-operator was MODIFIED
2025-01-30 04:01:51,766 INFO c.h.h.t.HelmChartContainer - [K3S] [reconciler_common.go:162] "operationExecutor.UnmountVolume started for volume \"kube-api-access-l67vm\" (UniqueName: \"kubernetes.io/projected/baa6dd23-6214-4453-be7f-cde7a5c99541-kube-api-access-l67vm\") pod \"baa6dd23-6214-4453-be7f-cde7a5c99541\" (UID: \"baa6dd23-6214-4453-be7f-cde7a5c99541\") "
2025-01-30 04:01:51,867 INFO c.h.h.t.HelmChartContainer - [K3S] [reconciler_common.go:299] "Volume detached for volume \"kube-api-access-l67vm\" (UniqueName: \"kubernetes.io/projected/baa6dd23-6214-4453-be7f-cde7a5c99541-kube-api-access-l67vm\") on node \"71e274ac6664\" DevicePath \"\""
2025-01-30 04:01:52,478 INFO c.h.h.t.HelmChartContainer - [K3S] [scope.go:117] "RemoveContainer" containerID="773890e66e4f9921946346ca51a30e16bbd105a9048189ac420e30770a6805e5"
2025-01-30 04:01:52,481 INFO c.h.h.t.HelmChartContainer - [K3S] [scope.go:117] "RemoveContainer" containerID="773890e66e4f9921946346ca51a30e16bbd105a9048189ac420e30770a6805e5"
2025-01-30 04:01:52,487 INFO c.h.h.t.HelmChartContainer - [K3S] [replica_set.go:679] "Finished syncing" kind="ReplicaSet" key="customoperatornamespacesit-operator/hivemq-test-hivemq-platform-operator-6c7f4cc7b" duration="42.049µs"
2025-01-30 04:01:52,488 INFO c.h.h.t.HelmChartContainer - [POD] hivemq-test-hivemq-platform-operator-6c7f4cc7b-bhxg6 [baa6dd23-6214-4453-be7f-cde7a5c99541] in customoperatornamespacesit-operator was MODIFIED
2025-01-30 04:01:52,490 INFO c.h.h.t.HelmChartContainer - [POD] hivemq-test-hivemq-platform-operator-6c7f4cc7b-bhxg6 [baa6dd23-6214-4453-be7f-cde7a5c99541] in customoperatornamespacesit-operator was DELETED
2025-01-30 04:01:52,490 INFO c.h.h.t.HelmChartContainer - [K3S] [replica_set.go:679] "Finished syncing" kind="ReplicaSet" key="customoperatornamespacesit-operator/hivemq-test-hivemq-platform-operator-6c7f4cc7b" duration="30.316µs"
2025-01-30 04:01:52,501 INFO c.h.h.t.HelmChartContainer - [K3S] [replica_set.go:679] "Finished syncing" kind="ReplicaSet" key="customoperatornamespacesit-operator/hivemq-test-hivemq-platform-operator-6c7f4cc7b" duration="6.773µs"
2025-01-30 04:01:53,404 INFO c.h.h.t.HelmChartContainer - Deleting namespace 'customoperatornamespacesit-operator'...
2025-01-30 04:01:54,278 INFO c.h.h.t.HelmChartContainer - [K3S] [kubelet_volumes.go:163] "Cleaned up orphaned pod volumes dir" podUID="baa6dd23-6214-4453-be7f-cde7a5c99541" path="/var/lib/kubelet/pods/baa6dd23-6214-4453-be7f-cde7a5c99541/volumes"
2025-01-30 04:01:56,157 INFO c.h.h.t.HelmChartContainer - [K3S] [namespace_controller.go:187] "Namespace has been deleted" namespace="customoperatornamespacesit-gamma"
2025-01-30 04:01:58,621 INFO c.h.h.t.HelmChartContainer - Namespace 'customoperatornamespacesit-operator' deleted
2025-01-30 04:01:58,621 INFO c.h.h.t.HelmChartContainer - Release 'test-hivemq-platform-operator' in namespace 'customoperatornamespacesit-operator' is uninstalled
2025-01-30 04:01:59,403 INFO c.h.helmcharts.AbstractHelmChartIT - Removed unused containers:

2025-01-30 04:02:03,522 INFO c.h.h.t.HelmChartContainer - [K3S] [namespace_controller.go:187] "Namespace has been deleted" namespace="customoperatornamespacesit-operator"
2025-01-30 04:02:07,311 INFO c.h.helmcharts.AbstractHelmChartIT - Removed unused snapshots:
Removing snapshot sha256:03af251906410714c5aef9fa705b63f6bbc39c4a5e787de7361eeb18886c2ed2
Removing snapshot sha256:0c46b3b43cce082ce5ec34ffc6c294e0417d17b9d1e6f366d114b6aadc4f96dc
Removing snapshot sha256:0ce761beee59082d6ed5bcebd3a805b8ddd9b3426b617e4809e7fb7c6587ffec
Removing snapshot sha256:0df91287303208332c8ff6ba40ae4710105201739addbfbddfb955f1ad593664
Removing snapshot sha256:1021ef88c7974bfff89c5a0ec4fd3160daac6c48a075f74cff721f85dd104e68
Removing snapshot sha256:10aba4953ddc18145dd38e3704709bc464aa20af60b56fe52caaff4b68411e62
Removing snapshot sha256:1d5cf3e3eb812061f06c49abff02b68d81953942566ded85fcc9c1f47b13186a
Removing snapshot sha256:2573e0d8158209ed54ab25c87bcdcb00bd3d2539246960a3d592a1c599d70465
Removing snapshot sha256:2944c0692f0b3f4c958b09e4bf315ac3616ed274898af04494fcd963a879bca5
Removing snapshot sha256:362a8a37f8bbc31925a8146adcf7cf51f9882f5c1dcbef67c5baa03a297543c0
Removing snapshot sha256:3fa4ad33f0ddc8fd45b39b6b4640f82a3a83619606cd975bfe89d8710ad2d4cd
Removing snapshot sha256:43a7c979bbaba6838bc3102d6b10a1459f3ab050b87ccdfef84ef90cf43d3058
Removing snapshot sha256:4ab04491cdf0d3267f08206fe30bd48f49f94b9cab2f016d6739220f722a64af
Removing snapshot sha256:4b6068250e89c96f263060261819c7d912855bfbd64b3eb4c4a8483299b8c295
Removing snapshot sha256:580e69a0a8034ede1921139bbd2bfb72a69ebf276d008281896c32dd8bf74775
Removing snapshot sha256:5d30ba46b27fe37484567ccc5242cadc78217b8da605f3f195ef25cbf7487904
Removing snapshot sha256:63ca1fbb43ae5034640e5e6cb3e083e05c290072c5366fcaa9d62435a4cced85
Removing snapshot sha256:67f702c6baae873bceb19487c8b1f27bd2b86077e4f2f0e480e6d60ab508b8f5
Removing snapshot sha256:6864348dd42806d552efdec384f1274be15e2d0c10ce44c1f04347af004c10a9
Removing snapshot sha256:6c7dee8f2c39b84b7dc2711c01d33de93514d9055499173e9290176fbe484b6c
Removing snapshot sha256:7784c0e044770f0951ccef63e9f1fc285f140a48876f15b895f669016893ed1d
Removing snapshot sha256:82753493a6d61ded36556292f02f31841a14c20d2f279f19eaad65afb661d5cd
Removing snapshot sha256:8a10d3db42c505ee0fcfa98417bdd7e39b304f6bcc0a06bb1b220797ff2cc63c
Removing snapshot sha256:9a39f4ca1115a02ce192ccdfb0d0a4a77d9349dc304d64691604c39aae39a95b
Removing snapshot sha256:a0904247e36a7726c03c71ee48f3e64462021c88dafeb13f37fdaf613b27f11c
Removing snapshot sha256:a21e5b12dbac529ad45d976eb9ce45c881f3bedcc500fb30aba1e52aa1813418
Removing snapshot sha256:b921e6c28969094157f9b8e7244677780319637afd14450b7cb6b2fdea558a0c
Removing snapshot sha256:bc27ecb5769a00e309cf99ebc763c4a4b958b618d1decc96ffac5bc05f02f5b7
Removing snapshot sha256:be3ccb6627a5332e309d45ef461d09b4879dd870c7394d89323d0ebc6ca6aa8a
Removing snapshot sha256:c261f7cbbc64211ee175ee47273acdb7b1a36a4450b397a064a8f2c026490095
Removing snapshot sha256:c34d9393647eea0c9e3557ab988efaf59f61d10a2a5613b439ef0958cca5ec10
Removing snapshot sha256:ccf3c4a0fa967a41c1c83497a2ce6fa5787965859df0adb32c4ca2cf7490bc2b
Removing snapshot sha256:cf92d33f869417309692088c341cd0f223c178ea78a125f757317b22aa8f90e9
Removing snapshot sha256:d0037344cf2fb078884f1849f6a1f8cf9a33a3b6139b6a85833e5ee528e1f9a8
Removing snapshot sha256:d3b36d5b79273b1e98e7700470eaeff05a882e777124d84cebcc1505b85ecb36
Removing snapshot sha256:d65a44a37914602d12c611e5e22a50f11451d847e63015cc1c2aef92dee777a4
Removing snapshot sha256:e2dc0bae2455930f23ae570e019b7f32edc75c0f2d71cab084db837ff9051796
Removing snapshot sha256:eccbd24a99c60cd9e86ee5305dbfc4a4dc89f5ab4fb1f06c8d64797cecedef34
Removing snapshot sha256:f144bb4c7c7f0d2aa7eeffd36d934ec40db1ee167be727e326aad9fdc616f475

]]></system-out>
  </testcase>
  <system-out><![CDATA[2025-01-30 03:59:32,043 INFO c.h.h.t.HelmChartContainerExtension - Using cached HelmChartContainer instance
2025-01-30 03:59:32,049 INFO c.h.h.t.HelmChartContainerExtension - Creating cached HelmChartContainer instance
2025-01-30 03:59:32,070 INFO o.testcontainers.DockerClientFactory - Testcontainers version: 1.20.4
2025-01-30 03:59:32,471 INFO o.t.d.DockerClientProviderStrategy - Found Docker environment with local Unix socket (unix:///var/run/docker.sock)
2025-01-30 03:59:32,478 INFO o.testcontainers.DockerClientFactory - Docker host IP address is localhost
2025-01-30 03:59:32,493 INFO o.testcontainers.DockerClientFactory - Connected to docker: 
  Server Version: 26.1.3
  API Version: 1.45
  Operating System: Ubuntu 24.04.1 LTS
  Total Memory: 15990 MB
2025-01-30 03:59:32,498 INFO o.testcontainers.images.PullPolicy - Image pull policy will be performed by: DefaultPullPolicy()
2025-01-30 03:59:32,500 INFO o.t.utility.ImageNameSubstitutor - Image name substitution will be performed by: DefaultImageNameSubstitutor (composite of 'ConfigurationFileImageNameSubstitutor' and 'PrefixingImageNameSubstitutor')
2025-01-30 03:59:32,525 INFO tc.testcontainers/ryuk:0.11.0 - Pulling docker image: testcontainers/ryuk:0.11.0. Please be patient; this may take some time but only needs to be done once.
2025-01-30 03:59:33,609 INFO tc.testcontainers/ryuk:0.11.0 - Starting to pull image
2025-01-30 03:59:33,642 INFO tc.testcontainers/ryuk:0.11.0 - Pulling image layers:  0 pending,  0 downloaded,  0 extracted, (0 bytes/0 bytes)
2025-01-30 03:59:34,128 INFO tc.testcontainers/ryuk:0.11.0 - Pulling image layers:  2 pending,  1 downloaded,  0 extracted, (807 KB/? MB)
2025-01-30 03:59:34,145 INFO tc.testcontainers/ryuk:0.11.0 - Pulling image layers:  1 pending,  2 downloaded,  0 extracted, (879 KB/? MB)
2025-01-30 03:59:34,157 INFO tc.testcontainers/ryuk:0.11.0 - Pulling image layers:  0 pending,  3 downloaded,  0 extracted, (907 KB/10 MB)
2025-01-30 03:59:34,248 INFO tc.testcontainers/ryuk:0.11.0 - Pulling image layers:  0 pending,  3 downloaded,  1 extracted, (4 MB/10 MB)
2025-01-30 03:59:34,389 INFO tc.testcontainers/ryuk:0.11.0 - Pulling image layers:  0 pending,  3 downloaded,  2 extracted, (4 MB/10 MB)
2025-01-30 03:59:34,429 INFO tc.testcontainers/ryuk:0.11.0 - Pulling image layers:  0 pending,  3 downloaded,  3 extracted, (10 MB/10 MB)
2025-01-30 03:59:34,435 INFO tc.testcontainers/ryuk:0.11.0 - Image testcontainers/ryuk:0.11.0 pull took PT1.910100547S
2025-01-30 03:59:34,450 INFO tc.testcontainers/ryuk:0.11.0 - Creating container for image: testcontainers/ryuk:0.11.0
2025-01-30 03:59:34,511 INFO tc.testcontainers/ryuk:0.11.0 - Container testcontainers/ryuk:0.11.0 is starting: 883db778c2e9792013715760e65b7c43f3b57473c7c457492a68314bfbc119e3
2025-01-30 03:59:34,782 INFO tc.testcontainers/ryuk:0.11.0 - Container testcontainers/ryuk:0.11.0 started in PT0.331669539S
2025-01-30 03:59:34,785 INFO o.t.utility.RyukResourceReaper - Ryuk started - will monitor and terminate Testcontainers containers on JVM exit
2025-01-30 03:59:34,786 INFO o.testcontainers.DockerClientFactory - Checking the system...
2025-01-30 03:59:34,786 INFO o.testcontainers.DockerClientFactory - ✔︎ Docker server version should be at least 1.6.0
2025-01-30 03:59:34,857 INFO o.t.i.builder.ImageFromDockerfile - Pre-emptively checking local images for 'ubuntu:noble-20241118.1@sha256:80dd3c3b9c6cecb9f1667e9290b3bc61b78c2678c02cbdae5f0fea92cc6734ab', referenced via a Dockerfile. If not available, it will be pulled.
2025-01-30 03:59:34,860 INFO t.u.1@sha256:80dd3c... - Pulling docker image: ubuntu:noble-20241118.1@sha256:80dd3c3b9c6cecb9f1667e9290b3bc61b78c2678c02cbdae5f0fea92cc6734ab. Please be patient; this may take some time but only needs to be done once.
2025-01-30 03:59:35,622 INFO t.u.1@sha256:80dd3c... - Starting to pull image
2025-01-30 03:59:35,623 INFO t.u.1@sha256:80dd3c... - Pulling image layers:  0 pending,  0 downloaded,  0 extracted, (0 bytes/0 bytes)
2025-01-30 03:59:36,322 INFO t.u.1@sha256:80dd3c... - Pulling image layers:  0 pending,  1 downloaded,  0 extracted, (21 MB/28 MB)
2025-01-30 03:59:37,251 INFO t.u.1@sha256:80dd3c... - Pulling image layers:  0 pending,  1 downloaded,  1 extracted, (28 MB/28 MB)
2025-01-30 03:59:37,257 INFO t.u.1@sha256:80dd3c... - Image ubuntu:noble-20241118.1@sha256:80dd3c3b9c6cecb9f1667e9290b3bc61b78c2678c02cbdae5f0fea92cc6734ab pull took PT2.397280468S
2025-01-30 03:59:37,257 INFO t.u.1@sha256:80dd3c... - Pull complete. 1 layers, pulled in 1s (downloaded 28 MB at 28 MB/s)
2025-01-30 03:59:37,260 INFO o.t.i.builder.ImageFromDockerfile - Pre-emptively checking local images for 'rancher/k3s:v1.32.1-k3s1', referenced via a Dockerfile. If not available, it will be pulled.
2025-01-30 03:59:37,261 INFO tc.rancher/k3s:v1.32.1-k3s1 - Pulling docker image: rancher/k3s:v1.32.1-k3s1. Please be patient; this may take some time but only needs to be done once.
2025-01-30 03:59:38,298 INFO tc.rancher/k3s:v1.32.1-k3s1 - Starting to pull image
2025-01-30 03:59:38,299 INFO tc.rancher/k3s:v1.32.1-k3s1 - Pulling image layers:  0 pending,  0 downloaded,  0 extracted, (0 bytes/0 bytes)
2025-01-30 03:59:39,473 INFO tc.rancher/k3s:v1.32.1-k3s1 - Pulling image layers:  0 pending,  1 downloaded,  0 extracted, (61 MB/71 MB)
2025-01-30 03:59:40,513 INFO tc.rancher/k3s:v1.32.1-k3s1 - Pulling image layers:  0 pending,  1 downloaded,  1 extracted, (71 MB/71 MB)
2025-01-30 03:59:40,519 INFO tc.rancher/k3s:v1.32.1-k3s1 - Pull complete. 1 layers, pulled in 2s (downloaded 71 MB at 35 MB/s)
2025-01-30 03:59:40,520 INFO tc.rancher/k3s:v1.32.1-k3s1 - Image rancher/k3s:v1.32.1-k3s1 pull took PT3.258172403S
2025-01-30 03:59:40,526 INFO o.t.i.builder.ImageFromDockerfile - Transferred 0 bytes to Docker daemon
2025-01-30 03:59:58,019 INFO c.h.h.t.HelmChartContainer - Starting HelmChartContainer...
2025-01-30 03:59:58,021 INFO t.localhost/testcontainers/8amdkbcbo4syqxlf:latest - Creating container for image: localhost/testcontainers/8amdkbcbo4syqxlf:latest
2025-01-30 03:59:58,090 INFO tc.alpine:3.17 - Pulling docker image: alpine:3.17. Please be patient; this may take some time but only needs to be done once.
2025-01-30 03:59:59,096 INFO tc.alpine:3.17 - Starting to pull image
2025-01-30 03:59:59,097 INFO tc.alpine:3.17 - Pulling image layers:  0 pending,  0 downloaded,  0 extracted, (0 bytes/0 bytes)
2025-01-30 03:59:59,663 INFO tc.alpine:3.17 - Pulling image layers:  0 pending,  1 downloaded,  0 extracted, (3 MB/3 MB)
2025-01-30 03:59:59,760 INFO tc.alpine:3.17 - Pulling image layers:  0 pending,  1 downloaded,  1 extracted, (3 MB/3 MB)
2025-01-30 03:59:59,766 INFO tc.alpine:3.17 - Image alpine:3.17 pull took PT1.675803302S
2025-01-30 04:00:00,311 INFO t.localhost/testcontainers/8amdkbcbo4syqxlf:latest - Container localhost/testcontainers/8amdkbcbo4syqxlf:latest is starting: 71e274ac6664c3ad9bfee4020759ef78c57aae137f63f6d387c4a11a21850bd5
2025-01-30 04:00:00,668 INFO c.h.h.t.HelmChartContainer - [K3S] [INFO] Starting k3s v1.32.1+k3s1 (6a322f12)
2025-01-30 04:00:00,671 INFO c.h.h.t.HelmChartContainer - [K3S] [INFO] Configuring sqlite3 database connection pooling: maxIdleConns=2, maxOpenConns=0, connMaxLifetime=0s
2025-01-30 04:00:00,671 INFO c.h.h.t.HelmChartContainer - [K3S] [INFO] Configuring database table schema and indexes, this may take a moment...
2025-01-30 04:00:00,675 INFO c.h.h.t.HelmChartContainer - [K3S] [INFO] Database tables and indexes are up to date
2025-01-30 04:00:00,678 INFO c.h.h.t.HelmChartContainer - [K3S] [INFO] Kine available at unix://kine.sock
2025-01-30 04:00:00,761 INFO c.h.h.t.HelmChartContainer - [K3S] [INFO] Saving cluster bootstrap data to datastore
2025-01-30 04:00:00,762 INFO c.h.h.t.HelmChartContainer - [K3S] [WARNING] dynamiclistener [::]:6443: no cached certificate available for preload - deferring certificate load until storage initialization or first client request
2025-01-30 04:00:00,764 INFO c.h.h.t.HelmChartContainer - [K3S] [INFO] Active TLS secret / (ver=) (count 10): map[listener.cattle.io/cn-10.43.0.1:10.43.0.1 listener.cattle.io/cn-127.0.0.1:127.0.0.1 listener.cattle.io/cn-172.18.0.2:172.18.0.2 listener.cattle.io/cn-71e274ac6664:71e274ac6664 listener.cattle.io/cn-__1-f16284:::1 listener.cattle.io/cn-kubernetes:kubernetes listener.cattle.io/cn-kubernetes.default:kubernetes.default listener.cattle.io/cn-kubernetes.default.svc:kubernetes.default.svc listener.cattle.io/cn-kubernetes.default.svc.cluster.local:kubernetes.default.svc.cluster.local listener.cattle.io/cn-localhost:localhost listener.cattle.io/fingerprint:SHA1=10D038238CABC0546D8896B007CED5199BFD7C5A]
2025-01-30 04:00:00,933 INFO c.h.h.t.HelmChartContainer - [K3S] [INFO] Running kube-apiserver --advertise-port=6443 --allow-privileged=true --anonymous-auth=false --api-audiences=https://kubernetes.default.svc.cluster.local,k3s --authorization-mode=Node,RBAC --bind-address=127.0.0.1 --cert-dir=/var/lib/rancher/k3s/server/tls/temporary-certs --client-ca-file=/var/lib/rancher/k3s/server/tls/client-ca.crt --egress-selector-config-file=/var/lib/rancher/k3s/server/etc/egress-selector-config.yaml --enable-admission-plugins=NodeRestriction --enable-aggregator-routing=true --enable-bootstrap-token-auth=true --etcd-compaction-interval=0s --etcd-servers=unix://kine.sock --kubelet-certificate-authority=/var/lib/rancher/k3s/server/tls/server-ca.crt --kubelet-client-certificate=/var/lib/rancher/k3s/server/tls/client-kube-apiserver.crt --kubelet-client-key=/var/lib/rancher/k3s/server/tls/client-kube-apiserver.key --kubelet-preferred-address-types=InternalIP,ExternalIP,Hostname --profiling=false --proxy-client-cert-file=/var/lib/rancher/k3s/server/tls/client-auth-proxy.crt --proxy-client-key-file=/var/lib/rancher/k3s/server/tls/client-auth-proxy.key --requestheader-allowed-names=system:auth-proxy --requestheader-client-ca-file=/var/lib/rancher/k3s/server/tls/request-header-ca.crt --requestheader-extra-headers-prefix=X-Remote-Extra- --requestheader-group-headers=X-Remote-Group --requestheader-username-headers=X-Remote-User --secure-port=6444 --service-account-issuer=https://kubernetes.default.svc.cluster.local --service-account-key-file=/var/lib/rancher/k3s/server/tls/service.key --service-account-signing-key-file=/var/lib/rancher/k3s/server/tls/service.current.key --service-cluster-ip-range=10.43.0.0/16 --service-node-port-range=30000-32767 --storage-backend=etcd3 --tls-cert-file=/var/lib/rancher/k3s/server/tls/serving-kube-apiserver.crt --tls-cipher-suites=TLS_ECDHE_ECDSA_WITH_AES_256_GCM_SHA384,TLS_ECDHE_RSA_WITH_AES_256_GCM_SHA384,TLS_ECDHE_ECDSA_WITH_AES_128_GCM_SHA256,TLS_ECDHE_RSA_WITH_AES_128_GCM_SHA256,TLS_ECDHE_ECDSA_WITH_CHACHA20_POLY1305,TLS_ECDHE_RSA_WITH_CHACHA20_POLY1305 --tls-private-key-file=/var/lib/rancher/k3s/server/tls/serving-kube-apiserver.key
2025-01-30 04:00:00,934 INFO c.h.h.t.HelmChartContainer - [K3S] [INFO] Running kube-scheduler --authentication-kubeconfig=/var/lib/rancher/k3s/server/cred/scheduler.kubeconfig --authorization-kubeconfig=/var/lib/rancher/k3s/server/cred/scheduler.kubeconfig --bind-address=127.0.0.1 --kubeconfig=/var/lib/rancher/k3s/server/cred/scheduler.kubeconfig --leader-elect=false --profiling=false --secure-port=10259
2025-01-30 04:00:00,935 INFO c.h.h.t.HelmChartContainer - [K3S] [registry.go:256] calling componentGlobalsRegistry.AddFlags more than once, the registry will be set by the latest flags
2025-01-30 04:00:00,936 INFO c.h.h.t.HelmChartContainer - [K3S] [INFO] Running kube-controller-manager --allocate-node-cidrs=true --authentication-kubeconfig=/var/lib/rancher/k3s/server/cred/controller.kubeconfig --authorization-kubeconfig=/var/lib/rancher/k3s/server/cred/controller.kubeconfig --bind-address=127.0.0.1 --cluster-cidr=10.42.0.0/16 --cluster-signing-kube-apiserver-client-cert-file=/var/lib/rancher/k3s/server/tls/client-ca.nochain.crt --cluster-signing-kube-apiserver-client-key-file=/var/lib/rancher/k3s/server/tls/client-ca.key --cluster-signing-kubelet-client-cert-file=/var/lib/rancher/k3s/server/tls/client-ca.nochain.crt --cluster-signing-kubelet-client-key-file=/var/lib/rancher/k3s/server/tls/client-ca.key --cluster-signing-kubelet-serving-cert-file=/var/lib/rancher/k3s/server/tls/server-ca.nochain.crt --cluster-signing-kubelet-serving-key-file=/var/lib/rancher/k3s/server/tls/server-ca.key --cluster-signing-legacy-unknown-cert-file=/var/lib/rancher/k3s/server/tls/server-ca.nochain.crt --cluster-signing-legacy-unknown-key-file=/var/lib/rancher/k3s/server/tls/server-ca.key --configure-cloud-routes=false --controllers=*,tokencleaner,-service,-route,-cloud-node-lifecycle --kubeconfig=/var/lib/rancher/k3s/server/cred/controller.kubeconfig --leader-elect=false --profiling=false --root-ca-file=/var/lib/rancher/k3s/server/tls/server-ca.crt --secure-port=10257 --service-account-private-key-file=/var/lib/rancher/k3s/server/tls/service.current.key --service-cluster-ip-range=10.43.0.0/16 --use-service-account-credentials=true
2025-01-30 04:00:00,936 INFO c.h.h.t.HelmChartContainer - [K3S] [INFO] Waiting for API server to become available
2025-01-30 04:00:00,937 INFO c.h.h.t.HelmChartContainer - [K3S] [options.go:299] unable to set WatchListClient feature gate, err: cannot override default for feature "WatchListClient": gates already added to a flag set
2025-01-30 04:00:00,937 INFO c.h.h.t.HelmChartContainer - [K3S] [registry.go:256] calling componentGlobalsRegistry.AddFlags more than once, the registry will be set by the latest flags
2025-01-30 04:00:00,937 INFO c.h.h.t.HelmChartContainer - [K3S] [INFO] Running cloud-controller-manager --allocate-node-cidrs=true --authentication-kubeconfig=/var/lib/rancher/k3s/server/cred/cloud-controller.kubeconfig --authorization-kubeconfig=/var/lib/rancher/k3s/server/cred/cloud-controller.kubeconfig --bind-address=127.0.0.1 --cloud-config=/var/lib/rancher/k3s/server/etc/cloud-config.yaml --cloud-provider=k3s --cluster-cidr=10.42.0.0/16 --configure-cloud-routes=false --controllers=*,-route --kubeconfig=/var/lib/rancher/k3s/server/cred/cloud-controller.kubeconfig --leader-elect=false --leader-elect-resource-name=k3s-cloud-controller-manager --node-status-update-frequency=1m0s --profiling=false
2025-01-30 04:00:00,937 INFO c.h.h.t.HelmChartContainer - [K3S] [INFO] Server node token is available at /var/lib/rancher/k3s/server/token
2025-01-30 04:00:00,938 INFO c.h.h.t.HelmChartContainer - [K3S] [INFO] To join server node to cluster: k3s server -s https://172.18.0.2:6443 -t ${SERVER_NODE_TOKEN}
2025-01-30 04:00:00,938 INFO c.h.h.t.HelmChartContainer - [K3S] [INFO] Agent node token is available at /var/lib/rancher/k3s/server/agent-token
2025-01-30 04:00:00,940 INFO c.h.h.t.HelmChartContainer - [K3S] [registry.go:256] calling componentGlobalsRegistry.AddFlags more than once, the registry will be set by the latest flags
2025-01-30 04:00:00,940 INFO c.h.h.t.HelmChartContainer - [K3S] [INFO] To join agent node to cluster: k3s agent -s https://172.18.0.2:6443 -t ${AGENT_NODE_TOKEN}
2025-01-30 04:00:00,940 INFO c.h.h.t.HelmChartContainer - [K3S] [options.go:238] external host was not specified, using 172.18.0.2
2025-01-30 04:00:00,940 INFO c.h.h.t.HelmChartContainer - [K3S] [INFO] Wrote kubeconfig /etc/rancher/k3s/k3s.yaml
2025-01-30 04:00:00,940 INFO c.h.h.t.HelmChartContainer - [K3S] [INFO] Run: k3s kubectl
2025-01-30 04:00:00,942 INFO c.h.h.t.HelmChartContainer - [K3S] [server.go:151] Version: v1.32.1+k3s1
2025-01-30 04:00:00,942 INFO c.h.h.t.HelmChartContainer - [K3S] [server.go:153] "Golang settings" GOGC="" GOMAXPROCS="" GOTRACEBACK=""
2025-01-30 04:00:01,363 INFO c.h.h.t.HelmChartContainer - [K3S] [plugins.go:157] Loaded 13 mutating admission controller(s) successfully in the following order: NamespaceLifecycle,LimitRanger,ServiceAccount,NodeRestriction,TaintNodesByCondition,Priority,DefaultTolerationSeconds,DefaultStorageClass,StorageObjectInUseProtection,RuntimeClass,DefaultIngressClass,MutatingAdmissionPolicy,MutatingAdmissionWebhook.
2025-01-30 04:00:01,363 INFO c.h.h.t.HelmChartContainer - [K3S] [plugins.go:160] Loaded 13 validating admission controller(s) successfully in the following order: LimitRanger,ServiceAccount,PodSecurity,Priority,PersistentVolumeClaimResize,RuntimeClass,CertificateApproval,CertificateSigning,ClusterTrustBundleAttest,CertificateSubjectRestriction,ValidatingAdmissionPolicy,ValidatingAdmissionWebhook,ResourceQuota.
2025-01-30 04:00:01,363 INFO c.h.h.t.HelmChartContainer - [K3S] [instance.go:233] Using reconciler: lease
2025-01-30 04:00:01,422 INFO c.h.h.t.HelmChartContainer - [K3S] [apis.go:106] API group "internal.apiserver.k8s.io" is not enabled, skipping.
2025-01-30 04:00:01,480 INFO c.h.h.t.HelmChartContainer - [K3S] [apis.go:106] API group "storagemigration.k8s.io" is not enabled, skipping.
2025-01-30 04:00:01,508 INFO c.h.h.t.HelmChartContainer - [K3S] [apis.go:106] API group "resource.k8s.io" is not enabled, skipping.
2025-01-30 04:00:01,554 INFO c.h.h.t.HelmChartContainer - [K3S] [INFO] Password verified locally for node 71e274ac6664
2025-01-30 04:00:01,857 INFO c.h.h.t.HelmChartContainer - [K3S] [dynamic_cafile_content.go:161] "Starting controller" name="request-header::/var/lib/rancher/k3s/server/tls/request-header-ca.crt"
2025-01-30 04:00:01,858 INFO c.h.h.t.HelmChartContainer - [K3S] [dynamic_serving_content.go:135] "Starting controller" name="serving-cert::/var/lib/rancher/k3s/server/tls/serving-kube-apiserver.crt::/var/lib/rancher/k3s/server/tls/serving-kube-apiserver.key"
2025-01-30 04:00:01,858 INFO c.h.h.t.HelmChartContainer - [K3S] [dynamic_cafile_content.go:161] "Starting controller" name="client-ca-bundle::/var/lib/rancher/k3s/server/tls/client-ca.crt"
2025-01-30 04:00:01,858 INFO c.h.h.t.HelmChartContainer - [K3S] [secure_serving.go:213] Serving securely on 127.0.0.1:6444
2025-01-30 04:00:01,858 INFO c.h.h.t.HelmChartContainer - [K3S] [tlsconfig.go:243] "Starting DynamicServingCertificateController"
2025-01-30 04:00:01,858 INFO c.h.h.t.HelmChartContainer - [K3S] [remote_available_controller.go:411] Starting RemoteAvailability controller
2025-01-30 04:00:01,863 INFO c.h.h.t.HelmChartContainer - [K3S] [system_namespaces_controller.go:66] Starting system namespaces controller
2025-01-30 04:00:01,863 INFO c.h.h.t.HelmChartContainer - [K3S] [cluster_authentication_trust_controller.go:462] Starting cluster_authentication_trust_controller controller
2025-01-30 04:00:01,863 INFO c.h.h.t.HelmChartContainer - [K3S] [customresource_discovery_controller.go:292] Starting DiscoveryController
2025-01-30 04:00:01,864 INFO c.h.h.t.HelmChartContainer - [K3S] [apiservice_controller.go:100] Starting APIServiceRegistrationController
2025-01-30 04:00:01,864 INFO c.h.h.t.HelmChartContainer - [K3S] [controller.go:80] Starting OpenAPI V3 AggregationController
2025-01-30 04:00:01,865 INFO c.h.h.t.HelmChartContainer - [K3S] [apf_controller.go:377] Starting API Priority and Fairness config controller
2025-01-30 04:00:01,865 INFO c.h.h.t.HelmChartContainer - [K3S] [gc_controller.go:78] Starting apiserver lease garbage collector
2025-01-30 04:00:01,865 INFO c.h.h.t.HelmChartContainer - [K3S] [controller.go:119] Starting legacy_token_tracking_controller
2025-01-30 04:00:01,865 INFO c.h.h.t.HelmChartContainer - [K3S] [local_available_controller.go:156] Starting LocalAvailability controller
2025-01-30 04:00:01,865 INFO c.h.h.t.HelmChartContainer - [K3S] [controller.go:78] Starting OpenAPI AggregationController
2025-01-30 04:00:01,865 INFO c.h.h.t.HelmChartContainer - [K3S] [aggregator.go:169] waiting for initial CRD sync...
2025-01-30 04:00:01,866 INFO c.h.h.t.HelmChartContainer - [K3S] [dynamic_serving_content.go:135] "Starting controller" name="aggregator-proxy-cert::/var/lib/rancher/k3s/server/tls/client-auth-proxy.crt::/var/lib/rancher/k3s/server/tls/client-auth-proxy.key"
2025-01-30 04:00:01,866 INFO c.h.h.t.HelmChartContainer - [K3S] [dynamic_cafile_content.go:161] "Starting controller" name="client-ca-bundle::/var/lib/rancher/k3s/server/tls/client-ca.crt"
2025-01-30 04:00:01,866 INFO c.h.h.t.HelmChartContainer - [K3S] [dynamic_cafile_content.go:161] "Starting controller" name="request-header::/var/lib/rancher/k3s/server/tls/request-header-ca.crt"
2025-01-30 04:00:01,866 INFO c.h.h.t.HelmChartContainer - [K3S] [controller.go:142] Starting OpenAPI controller
2025-01-30 04:00:01,866 INFO c.h.h.t.HelmChartContainer - [K3S] [controller.go:90] Starting OpenAPI V3 controller
2025-01-30 04:00:01,866 INFO c.h.h.t.HelmChartContainer - [K3S] [naming_controller.go:294] Starting NamingConditionController
2025-01-30 04:00:01,866 INFO c.h.h.t.HelmChartContainer - [K3S] [establishing_controller.go:81] Starting EstablishingController
2025-01-30 04:00:01,866 INFO c.h.h.t.HelmChartContainer - [K3S] [nonstructuralschema_controller.go:195] Starting NonStructuralSchemaConditionController
2025-01-30 04:00:01,866 INFO c.h.h.t.HelmChartContainer - [K3S] [apiapproval_controller.go:189] Starting KubernetesAPIApprovalPolicyConformantConditionController
2025-01-30 04:00:01,866 INFO c.h.h.t.HelmChartContainer - [K3S] [crd_finalizer.go:269] Starting CRDFinalizer
2025-01-30 04:00:01,867 INFO c.h.h.t.HelmChartContainer - [K3S] [crdregistration_controller.go:114] Starting crd-autoregister controller
2025-01-30 04:00:01,954 INFO c.h.h.t.HelmChartContainer - [K3S] [controller.go:145] "Failed to ensure lease exists, will retry" err="namespaces \"kube-system\" not found" interval="200ms"
2025-01-30 04:00:01,958 INFO c.h.h.t.HelmChartContainer - [K3S] [handler_discovery.go:451] Starting ResourceDiscoveryManager
2025-01-30 04:00:01,959 INFO c.h.h.t.HelmChartContainer - [K3S] [policy_source.go:240] refreshing policies
2025-01-30 04:00:01,961 INFO c.h.h.t.HelmChartContainer - [K3S] [apf_controller.go:382] Running API Priority and Fairness config worker
2025-01-30 04:00:01,961 INFO c.h.h.t.HelmChartContainer - [K3S] [apf_controller.go:385] Running API Priority and Fairness periodic rebalancing process
2025-01-30 04:00:01,964 INFO c.h.h.t.HelmChartContainer - [K3S] [aggregator.go:171] initial CRD sync complete...
2025-01-30 04:00:01,966 INFO c.h.h.t.HelmChartContainer - [K3S] [autoregister_controller.go:144] Starting autoregister controller
2025-01-30 04:00:02,013 INFO c.h.h.t.HelmChartContainer - [K3S] [controller.go:95] Unable to perform initial Kubernetes service initialization: namespaces "default" not found
2025-01-30 04:00:02,146 INFO c.h.h.t.HelmChartContainer - [K3S] [WARNING] Host resolv.conf includes loopback or multicast nameservers - kubelet will use autogenerated resolv.conf with nameserver 8.8.8.8
2025-01-30 04:00:02,154 INFO c.h.h.t.HelmChartContainer - [K3S] [INFO] Module overlay was already loaded
2025-01-30 04:00:02,155 INFO c.h.h.t.HelmChartContainer - [K3S] [INFO] Module nf_conntrack was already loaded
2025-01-30 04:00:02,155 INFO c.h.h.t.HelmChartContainer - [K3S] [INFO] Module br_netfilter was already loaded
2025-01-30 04:00:02,160 INFO c.h.h.t.HelmChartContainer - [K3S] [INFO] Set sysctl 'net/netfilter/nf_conntrack_max' to 131072
2025-01-30 04:00:02,161 INFO c.h.h.t.HelmChartContainer - [K3S] [INFO] Set sysctl 'net/netfilter/nf_conntrack_tcp_timeout_established' to 86400
2025-01-30 04:00:02,161 INFO c.h.h.t.HelmChartContainer - [K3S] [INFO] Set sysctl 'net/netfilter/nf_conntrack_tcp_timeout_close_wait' to 3600
2025-01-30 04:00:02,163 INFO c.h.h.t.HelmChartContainer - [K3S] [INFO] Logging containerd to /var/lib/rancher/k3s/agent/containerd/containerd.log
2025-01-30 04:00:02,163 INFO c.h.h.t.HelmChartContainer - [K3S] [INFO] Running containerd -c /var/lib/rancher/k3s/agent/etc/containerd/config.toml -a /run/k3s/containerd/containerd.sock --state /run/k3s/containerd --root /var/lib/rancher/k3s/agent/containerd
2025-01-30 04:00:02,864 INFO c.h.h.t.HelmChartContainer - [K3S] [storage_scheduling.go:95] created PriorityClass system-node-critical with value 2000001000
2025-01-30 04:00:02,867 INFO c.h.h.t.HelmChartContainer - [K3S] [storage_scheduling.go:95] created PriorityClass system-cluster-critical with value 2000000000
2025-01-30 04:00:02,867 INFO c.h.h.t.HelmChartContainer - [K3S] [storage_scheduling.go:111] all system priority classes are created successfully or already exist.
2025-01-30 04:00:03,166 INFO c.h.h.t.HelmChartContainer - [K3S] [INFO] containerd is now running
2025-01-30 04:00:03,170 INFO c.h.h.t.HelmChartContainer - [K3S] [INFO] Connecting to proxy" url="wss://127.0.0.1:6443/v1-k3s/connect
2025-01-30 04:00:03,173 INFO c.h.h.t.HelmChartContainer - [K3S] [INFO] Creating k3s-cert-monitor event broadcaster
2025-01-30 04:00:03,174 INFO c.h.h.t.HelmChartContainer - [K3S] [INFO] Running kubelet --cloud-provider=external --config-dir=/var/lib/rancher/k3s/agent/etc/kubelet.conf.d --containerd=/run/k3s/containerd/containerd.sock --hostname-override=71e274ac6664 --kubeconfig=/var/lib/rancher/k3s/agent/kubelet.kubeconfig --node-ip=172.18.0.2 --node-labels=
2025-01-30 04:00:03,180 INFO c.h.h.t.HelmChartContainer - [K3S] [INFO] Handling backend connection request [71e274ac6664]
2025-01-30 04:00:03,181 INFO c.h.h.t.HelmChartContainer - [K3S] [INFO] Remotedialer connected to proxy" url="wss://127.0.0.1:6443/v1-k3s/connect
2025-01-30 04:00:03,296 INFO c.h.h.t.HelmChartContainer - [K3S] [ERROR] Sending HTTP/1.1 503 response to 127.0.0.1:57730: runtime core not ready
2025-01-30 04:00:03,319 INFO c.h.h.t.HelmChartContainer - [K3S] [alloc.go:330] "allocated clusterIPs" service="default/kubernetes" clusterIPs={"IPv4":"10.43.0.1"}
2025-01-30 04:00:03,325 INFO c.h.h.t.HelmChartContainer - [K3S] [lease.go:265] Resetting endpoints for master service "kubernetes" to [172.18.0.2]
2025-01-30 04:00:03,405 INFO c.h.h.t.HelmChartContainer - [K3S] [INFO] Running kube-proxy --cluster-cidr=10.42.0.0/16 --conntrack-max-per-core=0 --conntrack-tcp-timeout-close-wait=0s --conntrack-tcp-timeout-established=0s --healthz-bind-address=127.0.0.1 --hostname-override=71e274ac6664 --kubeconfig=/var/lib/rancher/k3s/agent/kubeproxy.kubeconfig --proxy-mode=iptables
2025-01-30 04:00:03,447 INFO c.h.h.t.HelmChartContainer - [K3S] [server.go:687] "Failed to retrieve node info" err="nodes \"71e274ac6664\" not found"
2025-01-30 04:00:03,938 INFO c.h.h.t.HelmChartContainer - [K3S] [INFO] Kube API server is now running
2025-01-30 04:00:03,938 INFO c.h.h.t.HelmChartContainer - [K3S] [INFO] ETCD server is now running
2025-01-30 04:00:03,938 INFO c.h.h.t.HelmChartContainer - [K3S] [INFO] k3s is up and running
2025-01-30 04:00:03,939 INFO c.h.h.t.HelmChartContainer - [K3S] [INFO] Waiting for cloud-controller-manager privileges to become available
2025-01-30 04:00:03,939 INFO c.h.h.t.HelmChartContainer - [K3S] [INFO] Creating k3s-supervisor event broadcaster
2025-01-30 04:00:03,941 INFO c.h.h.t.HelmChartContainer - [K3S] [INFO] Waiting for untainted node
2025-01-30 04:00:03,948 INFO c.h.h.t.HelmChartContainer - [K3S] [INFO] Applying CRD addons.k3s.cattle.io
2025-01-30 04:00:03,958 INFO c.h.h.t.HelmChartContainer - [K3S] [INFO] Applying CRD etcdsnapshotfiles.k3s.cattle.io
2025-01-30 04:00:03,975 INFO c.h.h.t.HelmChartContainer - [K3S] [INFO] Applying CRD helmcharts.helm.cattle.io
2025-01-30 04:00:04,000 INFO c.h.h.t.HelmChartContainer - [K3S] [INFO] Applying CRD helmchartconfigs.helm.cattle.io
2025-01-30 04:00:04,047 INFO c.h.h.t.HelmChartContainer - [K3S] [INFO] Waiting for CRD helmcharts.helm.cattle.io to become available
2025-01-30 04:00:04,179 INFO c.h.h.t.HelmChartContainer - [K3S] Flag --containerd has been deprecated, This is a cadvisor flag that was mistakenly registered with the Kubelet. Due to legacy concerns, it will follow the standard CLI deprecation timeline before being removed.
2025-01-30 04:00:04,182 INFO c.h.h.t.HelmChartContainer - [K3S] [server.go:515] "Kubelet version" kubeletVersion="v1.32.1+k3s1"
2025-01-30 04:00:04,182 INFO c.h.h.t.HelmChartContainer - [K3S] [server.go:517] "Golang settings" GOGC="" GOMAXPROCS="" GOTRACEBACK=""
2025-01-30 04:00:04,184 INFO c.h.h.t.HelmChartContainer - [K3S] [dynamic_cafile_content.go:161] "Starting controller" name="client-ca-bundle::/var/lib/rancher/k3s/agent/client-ca.crt"
2025-01-30 04:00:04,189 INFO c.h.h.t.HelmChartContainer - [K3S] [log.go:32] "RuntimeConfig from runtime service failed" err="rpc error: code = Unimplemented desc = method RuntimeConfig not implemented"
2025-01-30 04:00:04,189 INFO c.h.h.t.HelmChartContainer - [K3S] [server.go:1416] "CRI implementation should be updated to support RuntimeConfig when KubeletCgroupDriverFromCRI feature gate has been enabled. Falling back to using cgroupDriver from kubelet config."
2025-01-30 04:00:04,193 INFO c.h.h.t.HelmChartContainer - [K3S] [info.go:53] Couldn't collect info from any of the files in "/etc/machine-id,/var/lib/dbus/machine-id"
2025-01-30 04:00:04,194 INFO c.h.h.t.HelmChartContainer - [K3S] [server.go:767] "--cgroups-per-qos enabled, but --cgroup-root was not specified.  defaulting to /"
2025-01-30 04:00:04,194 INFO c.h.h.t.HelmChartContainer - [K3S] [server.go:836] "NoSwap is set due to memorySwapBehavior not specified" memorySwapBehavior="" FailSwapOn=false
2025-01-30 04:00:04,195 INFO c.h.h.t.HelmChartContainer - [K3S] [swap_util.go:115] "Swap is on" /proc/swaps contents=<
2025-01-30 04:00:04,195 INFO c.h.h.t.HelmChartContainer - [K3S] 	Filename				Type		Size		Used		Priority
2025-01-30 04:00:04,195 INFO c.h.h.t.HelmChartContainer - [K3S] 	/mnt/swapfile                           file		4194300		0		-2
2025-01-30 04:00:04,195 INFO c.h.h.t.HelmChartContainer - [K3S]  >
2025-01-30 04:00:04,195 INFO c.h.h.t.HelmChartContainer - [K3S] [container_manager_linux.go:268] "Container manager verified user specified cgroup-root exists" cgroupRoot=[]
2025-01-30 04:00:04,196 INFO c.h.h.t.HelmChartContainer - [K3S] [container_manager_linux.go:273] "Creating Container Manager object based on Node Config" nodeConfig={"NodeName":"71e274ac6664","RuntimeCgroupsName":"","SystemCgroupsName":"","KubeletCgroupsName":"/k3s","KubeletOOMScoreAdj":-999,"ContainerRuntime":"","CgroupsPerQOS":true,"CgroupRoot":"/","CgroupDriver":"cgroupfs","KubeletRootDir":"/var/lib/kubelet","ProtectKernelDefaults":false,"KubeReservedCgroupName":"","SystemReservedCgroupName":"","ReservedSystemCPUs":{},"EnforceNodeAllocatable":{"pods":{}},"KubeReserved":null,"SystemReserved":null,"HardEvictionThresholds":[{"Signal":"imagefs.available","Operator":"LessThan","Value":{"Quantity":null,"Percentage":0.05},"GracePeriod":0,"MinReclaim":null},{"Signal":"nodefs.available","Operator":"LessThan","Value":{"Quantity":null,"Percentage":0.05},"GracePeriod":0,"MinReclaim":null}],"QOSReserved":{},"CPUManagerPolicy":"none","CPUManagerPolicyOptions":null,"TopologyManagerScope":"container","CPUManagerReconcilePeriod":10000000000,"ExperimentalMemoryManagerPolicy":"None","ExperimentalMemoryManagerReservedMemory":null,"PodPidsLimit":-1,"EnforceCPULimits":true,"CPUCFSQuotaPeriod":100000000,"TopologyManagerPolicy":"none","TopologyManagerPolicyOptions":null,"CgroupVersion":2}
2025-01-30 04:00:04,196 INFO c.h.h.t.HelmChartContainer - [K3S] [topology_manager.go:138] "Creating topology manager with none policy"
2025-01-30 04:00:04,196 INFO c.h.h.t.HelmChartContainer - [K3S] [container_manager_linux.go:304] "Creating device plugin manager"
2025-01-30 04:00:04,196 INFO c.h.h.t.HelmChartContainer - [K3S] [state_mem.go:36] "Initialized new in-memory state store"
2025-01-30 04:00:04,196 INFO c.h.h.t.HelmChartContainer - [K3S] [kubelet.go:446] "Attempting to sync node with API server"
2025-01-30 04:00:04,196 INFO c.h.h.t.HelmChartContainer - [K3S] [kubelet.go:341] "Adding static pod path" path="/var/lib/rancher/k3s/agent/pod-manifests"
2025-01-30 04:00:04,196 INFO c.h.h.t.HelmChartContainer - [K3S] [kubelet.go:352] "Adding apiserver pod source"
2025-01-30 04:00:04,196 INFO c.h.h.t.HelmChartContainer - [K3S] [apiserver.go:42] "Waiting for node sync before watching apiserver pods"
2025-01-30 04:00:04,198 INFO c.h.h.t.HelmChartContainer - [K3S] [kuberuntime_manager.go:269] "Container runtime initialized" containerRuntime="containerd" version="v1.7.23-k3s2" apiVersion="v1"
2025-01-30 04:00:04,199 INFO c.h.h.t.HelmChartContainer - [K3S] [kubelet.go:890] "Not starting ClusterTrustBundle informer because we are in static kubelet mode"
2025-01-30 04:00:04,199 INFO c.h.h.t.HelmChartContainer - [K3S] [probe.go:272] Flexvolume plugin directory at /usr/libexec/kubernetes/kubelet-plugins/volume/exec/ does not exist. Recreating.
2025-01-30 04:00:04,200 INFO c.h.h.t.HelmChartContainer - [K3S] [watchdog_linux.go:99] "Systemd watchdog is not enabled"
2025-01-30 04:00:04,201 INFO c.h.h.t.HelmChartContainer - [K3S] [server.go:1282] "Started kubelet"
2025-01-30 04:00:04,201 INFO c.h.h.t.HelmChartContainer - [K3S] [server.go:208] "Starting to listen read-only" address="0.0.0.0" port=10255
2025-01-30 04:00:04,202 INFO c.h.h.t.HelmChartContainer - [K3S] [ratelimit.go:55] "Setting rate limiting for endpoint" service="podresources" qps=100 burstTokens=10
2025-01-30 04:00:04,202 INFO c.h.h.t.HelmChartContainer - [K3S] [server.go:243] "Starting to serve the podresources API" endpoint="unix:/var/lib/kubelet/pod-resources/kubelet.sock"
2025-01-30 04:00:04,205 INFO c.h.h.t.HelmChartContainer - [K3S] [fs_resource_analyzer.go:67] "Starting FS ResourceAnalyzer"
2025-01-30 04:00:04,207 INFO c.h.h.t.HelmChartContainer - [K3S] [server.go:169] "Starting to listen" address="0.0.0.0" port=10250
2025-01-30 04:00:04,208 INFO c.h.h.t.HelmChartContainer - [K3S] [server.go:490] "Adding debug handlers to kubelet server"
2025-01-30 04:00:04,216 INFO c.h.h.t.HelmChartContainer - [K3S] [dynamic_serving_content.go:135] "Starting controller" name="kubelet-server-cert-files::/var/lib/rancher/k3s/agent/serving-kubelet.crt::/var/lib/rancher/k3s/agent/serving-kubelet.key"
2025-01-30 04:00:04,216 INFO c.h.h.t.HelmChartContainer - [K3S] [kubelet.go:1561] "Image garbage collection failed once. Stats initialization may not have completed yet" err="invalid capacity 0 on image filesystem"
2025-01-30 04:00:04,216 INFO c.h.h.t.HelmChartContainer - [K3S] [kubelet_node_status.go:467] "Error getting the current node from lister" err="node \"71e274ac6664\" not found"
2025-01-30 04:00:04,216 INFO c.h.h.t.HelmChartContainer - [K3S] [volume_manager.go:297] "Starting Kubelet Volume Manager"
2025-01-30 04:00:04,216 INFO c.h.h.t.HelmChartContainer - [K3S] [desired_state_of_world_populator.go:149] "Desired state populator starts to run"
2025-01-30 04:00:04,216 INFO c.h.h.t.HelmChartContainer - [K3S] [reconciler.go:26] "Reconciler: start to sync state"
2025-01-30 04:00:04,217 INFO c.h.h.t.HelmChartContainer - [K3S] [factory.go:221] Registration of the systemd container factory successfully
2025-01-30 04:00:04,218 INFO c.h.h.t.HelmChartContainer - [K3S] [factory.go:219] Registration of the crio container factory failed: Get "http://%2Fvar%2Frun%2Fcrio%2Fcrio.sock/info": dial unix /var/run/crio/crio.sock: connect: no such file or directory
2025-01-30 04:00:04,227 INFO c.h.h.t.HelmChartContainer - [K3S] [nodelease.go:49] "Failed to get node when trying to set owner ref to the node lease" err="nodes \"71e274ac6664\" not found" node="71e274ac6664"
2025-01-30 04:00:04,240 INFO c.h.h.t.HelmChartContainer - [K3S] [factory.go:221] Registration of the containerd container factory successfully
2025-01-30 04:00:04,263 INFO c.h.h.t.HelmChartContainer - [K3S] [cpu_manager.go:221] "Starting CPU manager" policy="none"
2025-01-30 04:00:04,265 INFO c.h.h.t.HelmChartContainer - [K3S] [cpu_manager.go:222] "Reconciling" reconcilePeriod="10s"
2025-01-30 04:00:04,269 INFO c.h.h.t.HelmChartContainer - [K3S] [state_mem.go:36] "Initialized new in-memory state store"
2025-01-30 04:00:04,269 INFO c.h.h.t.HelmChartContainer - [K3S] [policy_none.go:49] "None policy: Start"
2025-01-30 04:00:04,270 INFO c.h.h.t.HelmChartContainer - [K3S] [memory_manager.go:186] "Starting memorymanager" policy="None"
2025-01-30 04:00:04,270 INFO c.h.h.t.HelmChartContainer - [K3S] [state_mem.go:35] "Initializing new in-memory state store"
2025-01-30 04:00:04,270 INFO c.h.h.t.HelmChartContainer - [K3S] [manager.go:519] "Failed to read data from checkpoint" checkpoint="kubelet_internal_checkpoint" err="checkpoint is not found"
2025-01-30 04:00:04,270 INFO c.h.h.t.HelmChartContainer - [K3S] [eviction_manager.go:189] "Eviction manager: starting control loop"
2025-01-30 04:00:04,270 INFO c.h.h.t.HelmChartContainer - [K3S] [container_log_manager.go:189] "Initializing container log rotate workers" workers=1 monitorPeriod="10s"
2025-01-30 04:00:04,273 INFO c.h.h.t.HelmChartContainer - [K3S] [kubelet_network_linux.go:50] "Initialized iptables rules." protocol="IPv4"
2025-01-30 04:00:04,276 INFO c.h.h.t.HelmChartContainer - [K3S] [kubelet_network_linux.go:50] "Initialized iptables rules." protocol="IPv6"
2025-01-30 04:00:04,276 INFO c.h.h.t.HelmChartContainer - [K3S] [status_manager.go:227] "Starting to sync pod status with apiserver"
2025-01-30 04:00:04,276 INFO c.h.h.t.HelmChartContainer - [K3S] [watchdog_linux.go:127] "Systemd watchdog is not enabled or the interval is invalid, so health checking will not be started."
2025-01-30 04:00:04,276 INFO c.h.h.t.HelmChartContainer - [K3S] [kubelet.go:2388] "Starting kubelet main sync loop"
2025-01-30 04:00:04,276 INFO c.h.h.t.HelmChartContainer - [K3S] [kubelet.go:2412] "Skipping pod synchronization" err="PLEG is not healthy: pleg has yet to be successful"
2025-01-30 04:00:04,276 INFO c.h.h.t.HelmChartContainer - [K3S] [plugin_manager.go:118] "Starting Kubelet Plugin Manager"
2025-01-30 04:00:04,283 INFO c.h.h.t.HelmChartContainer - [K3S] [eviction_manager.go:267] "eviction manager: failed to check if we have separate container filesystem. Ignoring." err="no imagefs label for configured runtime"
2025-01-30 04:00:04,283 INFO c.h.h.t.HelmChartContainer - [K3S] [eviction_manager.go:292] "Eviction manager: failed to get summary stats" err="failed to get node info: node \"71e274ac6664\" not found"
2025-01-30 04:00:04,370 INFO c.h.h.t.HelmChartContainer - [K3S] [kubelet_node_status.go:76] "Attempting to register node" node="71e274ac6664"
2025-01-30 04:00:04,375 INFO c.h.h.t.HelmChartContainer - [K3S] [kubelet_node_status.go:79] "Successfully registered node" node="71e274ac6664"
2025-01-30 04:00:04,377 INFO c.h.h.t.HelmChartContainer - [K3S] [kubelet_node_status.go:549] "Error updating node status, will retry" err="error getting node \"71e274ac6664\": node \"71e274ac6664\" not found"
2025-01-30 04:00:04,383 INFO c.h.h.t.HelmChartContainer - [K3S] [INFO] Annotations and labels have been set successfully on node: 71e274ac6664
2025-01-30 04:00:04,387 INFO c.h.h.t.HelmChartContainer - [K3S] [INFO] Starting flannel with backend vxlan
2025-01-30 04:00:04,520 INFO c.h.h.t.HelmChartContainer - [K3S] [server.go:698] "Successfully retrieved node IP(s)" IPs=["172.18.0.2"]
2025-01-30 04:00:04,521 INFO c.h.h.t.HelmChartContainer - [K3S] [server.go:234] "Kube-proxy configuration may be incomplete or incorrect" err="nodePortAddresses is unset; NodePort connections will be accepted on all local IPs. Consider using `--nodeport-addresses primary`"
2025-01-30 04:00:04,526 INFO c.h.h.t.HelmChartContainer - [K3S] [server.go:243] "kube-proxy running in dual-stack mode" primary ipFamily="IPv4"
2025-01-30 04:00:04,527 INFO c.h.h.t.HelmChartContainer - [K3S] [server_linux.go:170] "Using iptables Proxier"
2025-01-30 04:00:04,527 INFO c.h.h.t.HelmChartContainer - [K3S] [proxier.go:255] "Setting route_localnet=1 to allow node-ports on localhost; to change this either disable iptables.localhostNodePorts (--iptables-localhost-nodeports) or set nodePortAddresses (--nodeport-addresses) to filter loopback addresses"
2025-01-30 04:00:04,531 INFO c.h.h.t.HelmChartContainer - [K3S] [server.go:497] "Version info" version="v1.32.1+k3s1"
2025-01-30 04:00:04,531 INFO c.h.h.t.HelmChartContainer - [K3S] [server.go:499] "Golang settings" GOGC="" GOMAXPROCS="" GOTRACEBACK=""
2025-01-30 04:00:04,533 INFO c.h.h.t.HelmChartContainer - [K3S] [config.go:199] "Starting service config controller"
2025-01-30 04:00:04,533 INFO c.h.h.t.HelmChartContainer - [K3S] [config.go:105] "Starting endpoint slice config controller"
2025-01-30 04:00:04,535 INFO c.h.h.t.HelmChartContainer - [K3S] [config.go:329] "Starting node config controller"
2025-01-30 04:00:04,542 INFO c.h.h.t.HelmChartContainer - [K3S] [serving.go:392] Generated self-signed cert in-memory
2025-01-30 04:00:04,546 INFO c.h.h.t.HelmChartContainer - [K3S] [INFO] Done waiting for CRD helmcharts.helm.cattle.io to become available
2025-01-30 04:00:04,546 INFO c.h.h.t.HelmChartContainer - [K3S] [INFO] Waiting for CRD helmchartconfigs.helm.cattle.io to become available
2025-01-30 04:00:04,587 INFO c.h.h.t.HelmChartContainer - [K3S] [kubelet_node_status.go:502] "Fast updating node status as it just became ready"
2025-01-30 04:00:05,049 INFO c.h.h.t.HelmChartContainer - [K3S] [INFO] Done waiting for CRD helmchartconfigs.helm.cattle.io to become available
2025-01-30 04:00:05,050 INFO c.h.h.t.HelmChartContainer - [K3S] [INFO] Writing static file: /var/lib/rancher/k3s/server/static/charts/traefik-27.0.201+up27.0.2.tgz
2025-01-30 04:00:05,050 INFO c.h.h.t.HelmChartContainer - [K3S] [INFO] Writing static file: /var/lib/rancher/k3s/server/static/charts/traefik-crd-27.0.201+up27.0.2.tgz
2025-01-30 04:00:05,051 INFO c.h.h.t.HelmChartContainer - [K3S] [INFO] Writing manifest: /var/lib/rancher/k3s/server/manifests/metrics-server/aggregated-metrics-reader.yaml
2025-01-30 04:00:05,051 INFO c.h.h.t.HelmChartContainer - [K3S] [controllermanager.go:185] "Starting" version="v1.32.1+k3s1"
2025-01-30 04:00:05,051 INFO c.h.h.t.HelmChartContainer - [K3S] [controllermanager.go:187] "Golang settings" GOGC="" GOMAXPROCS="" GOTRACEBACK=""
2025-01-30 04:00:05,052 INFO c.h.h.t.HelmChartContainer - [K3S] [INFO] Writing manifest: /var/lib/rancher/k3s/server/manifests/metrics-server/auth-delegator.yaml
2025-01-30 04:00:05,052 INFO c.h.h.t.HelmChartContainer - [K3S] [INFO] Writing manifest: /var/lib/rancher/k3s/server/manifests/rolebindings.yaml
2025-01-30 04:00:05,052 INFO c.h.h.t.HelmChartContainer - [K3S] [INFO] Writing manifest: /var/lib/rancher/k3s/server/manifests/ccm.yaml
2025-01-30 04:00:05,052 INFO c.h.h.t.HelmChartContainer - [K3S] [INFO] Writing manifest: /var/lib/rancher/k3s/server/manifests/coredns.yaml
2025-01-30 04:00:05,052 INFO c.h.h.t.HelmChartContainer - [K3S] [INFO] Writing manifest: /var/lib/rancher/k3s/server/manifests/local-storage.yaml
2025-01-30 04:00:05,052 INFO c.h.h.t.HelmChartContainer - [K3S] [INFO] Writing manifest: /var/lib/rancher/k3s/server/manifests/metrics-server/metrics-server-service.yaml
2025-01-30 04:00:05,052 INFO c.h.h.t.HelmChartContainer - [K3S] [INFO] Writing manifest: /var/lib/rancher/k3s/server/manifests/metrics-server/resource-reader.yaml
2025-01-30 04:00:05,054 INFO c.h.h.t.HelmChartContainer - [K3S] [INFO] Writing manifest: /var/lib/rancher/k3s/server/manifests/runtimes.yaml
2025-01-30 04:00:05,055 INFO c.h.h.t.HelmChartContainer - [K3S] [INFO] Writing manifest: /var/lib/rancher/k3s/server/manifests/metrics-server/auth-reader.yaml
2025-01-30 04:00:05,060 INFO c.h.h.t.HelmChartContainer - [K3S] [INFO] Writing manifest: /var/lib/rancher/k3s/server/manifests/metrics-server/metrics-apiservice.yaml
2025-01-30 04:00:05,061 INFO c.h.h.t.HelmChartContainer - [K3S] [INFO] Writing manifest: /var/lib/rancher/k3s/server/manifests/metrics-server/metrics-server-deployment.yaml
2025-01-30 04:00:05,063 INFO c.h.h.t.HelmChartContainer - [K3S] [INFO] Starting dynamiclistener CN filter node controller with SANs: [localhost 127.0.0.1 ::1 localhost 71e274ac6664 172.18.0.2 10.43.0.1 kubernetes kubernetes.default kubernetes.default.svc kubernetes.default.svc.cluster.local]
2025-01-30 04:00:05,063 INFO c.h.h.t.HelmChartContainer - [K3S] [INFO] Tunnel server egress proxy mode: agent
2025-01-30 04:00:05,063 INFO c.h.h.t.HelmChartContainer - [K3S] [tlsconfig.go:243] "Starting DynamicServingCertificateController"
2025-01-30 04:00:05,063 INFO c.h.h.t.HelmChartContainer - [K3S] [configmap_cafile_content.go:205] "Starting controller" name="client-ca::kube-system::extension-apiserver-authentication::client-ca-file"
2025-01-30 04:00:05,063 INFO c.h.h.t.HelmChartContainer - [K3S] [configmap_cafile_content.go:205] "Starting controller" name="client-ca::kube-system::extension-apiserver-authentication::requestheader-client-ca-file"
2025-01-30 04:00:05,063 INFO c.h.h.t.HelmChartContainer - [K3S] [secure_serving.go:213] Serving securely on 127.0.0.1:10257
2025-01-30 04:00:05,063 INFO c.h.h.t.HelmChartContainer - [K3S] [requestheader_controller.go:180] Starting RequestHeaderAuthRequestController
2025-01-30 04:00:05,064 INFO c.h.h.t.HelmChartContainer - [K3S] [controllermanager.go:765] "Started controller" controller="serviceaccount-token-controller"
2025-01-30 04:00:05,078 INFO c.h.h.t.HelmChartContainer - [K3S] [controllermanager.go:765] "Started controller" controller="clusterrole-aggregation-controller"
2025-01-30 04:00:05,081 INFO c.h.h.t.HelmChartContainer - [K3S] [clusterroleaggregation_controller.go:194] "Starting ClusterRoleAggregator controller"
2025-01-30 04:00:05,085 INFO c.h.h.t.HelmChartContainer - [K3S] [controllermanager.go:765] "Started controller" controller="ephemeral-volume-controller"
2025-01-30 04:00:05,085 INFO c.h.h.t.HelmChartContainer - [K3S] [controller.go:173] "Starting ephemeral volume controller"
2025-01-30 04:00:05,090 INFO c.h.h.t.HelmChartContainer - [K3S] [controllermanager.go:765] "Started controller" controller="taint-eviction-controller"
2025-01-30 04:00:05,090 INFO c.h.h.t.HelmChartContainer - [K3S] [taint_eviction.go:281] "Starting" controller="taint-eviction-controller"
2025-01-30 04:00:05,091 INFO c.h.h.t.HelmChartContainer - [K3S] [taint_eviction.go:287] "Sending events to api server"
2025-01-30 04:00:05,096 INFO c.h.h.t.HelmChartContainer - [K3S] [controllermanager.go:765] "Started controller" controller="replicationcontroller-controller"
2025-01-30 04:00:05,096 INFO c.h.h.t.HelmChartContainer - [K3S] [replica_set.go:217] "Starting controller" name="replicationcontroller"
2025-01-30 04:00:05,101 INFO c.h.h.t.HelmChartContainer - [K3S] [controllermanager.go:765] "Started controller" controller="pod-garbage-collector-controller"
2025-01-30 04:00:05,101 INFO c.h.h.t.HelmChartContainer - [K3S] [gc_controller.go:99] "Starting GC controller"
2025-01-30 04:00:05,106 INFO c.h.h.t.HelmChartContainer - [K3S] [controllermanager.go:765] "Started controller" controller="job-controller"
2025-01-30 04:00:05,106 INFO c.h.h.t.HelmChartContainer - [K3S] [job_controller.go:243] "Starting job controller"
2025-01-30 04:00:05,112 INFO c.h.h.t.HelmChartContainer - [K3S] [controllermanager.go:765] "Started controller" controller="replicaset-controller"
2025-01-30 04:00:05,112 INFO c.h.h.t.HelmChartContainer - [K3S] [controllermanager.go:717] "Controller is disabled by a feature gate" controller="service-cidr-controller" requiredFeatureGates=["MultiCIDRServiceAllocator"]
2025-01-30 04:00:05,112 INFO c.h.h.t.HelmChartContainer - [K3S] [replica_set.go:217] "Starting controller" name="replicaset"
2025-01-30 04:00:05,117 INFO c.h.h.t.HelmChartContainer - [K3S] [controllermanager.go:765] "Started controller" controller="cronjob-controller"
2025-01-30 04:00:05,118 INFO c.h.h.t.HelmChartContainer - [K3S] [cronjob_controllerv2.go:145] "Starting cronjob controller v2"
2025-01-30 04:00:05,123 INFO c.h.h.t.HelmChartContainer - [K3S] [controllermanager.go:765] "Started controller" controller="persistentvolume-expander-controller"
2025-01-30 04:00:05,123 INFO c.h.h.t.HelmChartContainer - [K3S] [controllermanager.go:717] "Controller is disabled by a feature gate" controller="resourceclaim-controller" requiredFeatureGates=["DynamicResourceAllocation"]
2025-01-30 04:00:05,124 INFO c.h.h.t.HelmChartContainer - [K3S] [expand_controller.go:329] "Starting expand controller"
2025-01-30 04:00:05,137 INFO c.h.h.t.HelmChartContainer - [K3S] [controllermanager.go:765] "Started controller" controller="validatingadmissionpolicy-status-controller"
2025-01-30 04:00:05,160 INFO c.h.h.t.HelmChartContainer - [K3S] [INFO] Starting k3s.cattle.io/v1, Kind=Addon controller
2025-01-30 04:00:05,161 INFO c.h.h.t.HelmChartContainer - [K3S] [INFO] Creating deploy event broadcaster
2025-01-30 04:00:05,169 INFO c.h.h.t.HelmChartContainer - [K3S] [event.go:389] "Event occurred" object="kube-system/ccm" fieldPath="" kind="Addon" apiVersion="k3s.cattle.io/v1" type="Normal" reason="ApplyingManifest" message="Applying manifest at \"/var/lib/rancher/k3s/server/manifests/ccm.yaml\""
2025-01-30 04:00:05,197 INFO c.h.h.t.HelmChartContainer - [K3S] [apiserver.go:52] "Watching apiserver"
2025-01-30 04:00:05,199 INFO c.h.h.t.HelmChartContainer - [K3S] [event.go:389] "Event occurred" object="kube-system/ccm" fieldPath="" kind="Addon" apiVersion="k3s.cattle.io/v1" type="Normal" reason="AppliedManifest" message="Applied manifest at \"/var/lib/rancher/k3s/server/manifests/ccm.yaml\""
2025-01-30 04:00:05,208 INFO c.h.h.t.HelmChartContainer - [K3S] [event.go:389] "Event occurred" object="kube-system/coredns" fieldPath="" kind="Addon" apiVersion="k3s.cattle.io/v1" type="Normal" reason="ApplyingManifest" message="Applying manifest at \"/var/lib/rancher/k3s/server/manifests/coredns.yaml\""
2025-01-30 04:00:05,215 INFO c.h.h.t.HelmChartContainer - [K3S] [desired_state_of_world_populator.go:157] "Finished populating initial desired state of world"
2025-01-30 04:00:05,262 INFO c.h.h.t.HelmChartContainer - [K3S] [controllermanager.go:765] "Started controller" controller="serviceaccount-controller"
2025-01-30 04:00:05,262 INFO c.h.h.t.HelmChartContainer - [K3S] [serviceaccounts_controller.go:114] "Starting service account controller"
2025-01-30 04:00:05,265 INFO c.h.h.t.HelmChartContainer - [K3S] [INFO] Starting /v1, Kind=Node controller
2025-01-30 04:00:05,268 INFO c.h.h.t.HelmChartContainer - [K3S] [INFO] Creating helm-controller event broadcaster
2025-01-30 04:00:05,277 INFO c.h.h.t.HelmChartContainer - [K3S] [INFO] Cluster dns configmap has been set successfully
2025-01-30 04:00:05,289 INFO c.h.h.t.HelmChartContainer - [K3S] [INFO] Labels and annotations have been set successfully on node: 71e274ac6664
2025-01-30 04:00:05,375 INFO c.h.h.t.HelmChartContainer - [K3S] [INFO] Starting helm.cattle.io/v1, Kind=HelmChartConfig controller
2025-01-30 04:00:05,375 INFO c.h.h.t.HelmChartContainer - [K3S] [INFO] Starting helm.cattle.io/v1, Kind=HelmChart controller
2025-01-30 04:00:05,379 INFO c.h.h.t.HelmChartContainer - [K3S] [INFO] Starting rbac.authorization.k8s.io/v1, Kind=ClusterRoleBinding controller
2025-01-30 04:00:05,382 INFO c.h.h.t.HelmChartContainer - [K3S] [INFO] Starting batch/v1, Kind=Job controller
2025-01-30 04:00:05,382 INFO c.h.h.t.HelmChartContainer - [K3S] [INFO] Starting /v1, Kind=Secret controller
2025-01-30 04:00:05,383 INFO c.h.h.t.HelmChartContainer - [K3S] [INFO] Starting /v1, Kind=ConfigMap controller
2025-01-30 04:00:05,383 INFO c.h.h.t.HelmChartContainer - [K3S] [INFO] Starting /v1, Kind=ServiceAccount controller
2025-01-30 04:00:05,404 INFO c.h.h.t.HelmChartContainer - [K3S] [alloc.go:330] "allocated clusterIPs" service="kube-system/kube-dns" clusterIPs={"IPv4":"10.43.0.10"}
2025-01-30 04:00:05,405 INFO c.h.h.t.HelmChartContainer - [K3S] [event.go:389] "Event occurred" object="kube-system/coredns" fieldPath="" kind="Addon" apiVersion="k3s.cattle.io/v1" type="Normal" reason="AppliedManifest" message="Applied manifest at \"/var/lib/rancher/k3s/server/manifests/coredns.yaml\""
2025-01-30 04:00:05,413 INFO c.h.h.t.HelmChartContainer - [K3S] [controllermanager.go:765] "Started controller" controller="statefulset-controller"
2025-01-30 04:00:05,413 INFO c.h.h.t.HelmChartContainer - [K3S] [stateful_set.go:166] "Starting stateful set controller"
2025-01-30 04:00:05,413 INFO c.h.h.t.HelmChartContainer - [K3S] [event.go:389] "Event occurred" object="kube-system/local-storage" fieldPath="" kind="Addon" apiVersion="k3s.cattle.io/v1" type="Normal" reason="ApplyingManifest" message="Applying manifest at \"/var/lib/rancher/k3s/server/manifests/local-storage.yaml\""
2025-01-30 04:00:05,505 INFO c.h.h.t.HelmChartContainer - [K3S] [event.go:389] "Event occurred" object="kube-system/local-storage" fieldPath="" kind="Addon" apiVersion="k3s.cattle.io/v1" type="Normal" reason="AppliedManifest" message="Applied manifest at \"/var/lib/rancher/k3s/server/manifests/local-storage.yaml\""
2025-01-30 04:00:05,511 INFO c.h.h.t.HelmChartContainer - [K3S] [event.go:389] "Event occurred" object="kube-system/aggregated-metrics-reader" fieldPath="" kind="Addon" apiVersion="k3s.cattle.io/v1" type="Normal" reason="ApplyingManifest" message="Applying manifest at \"/var/lib/rancher/k3s/server/manifests/metrics-server/aggregated-metrics-reader.yaml\""
2025-01-30 04:00:05,525 INFO c.h.h.t.HelmChartContainer - [K3S] [event.go:389] "Event occurred" object="kube-system/aggregated-metrics-reader" fieldPath="" kind="Addon" apiVersion="k3s.cattle.io/v1" type="Normal" reason="AppliedManifest" message="Applied manifest at \"/var/lib/rancher/k3s/server/manifests/metrics-server/aggregated-metrics-reader.yaml\""
2025-01-30 04:00:05,530 INFO c.h.h.t.HelmChartContainer - [K3S] [event.go:389] "Event occurred" object="kube-system/auth-delegator" fieldPath="" kind="Addon" apiVersion="k3s.cattle.io/v1" type="Normal" reason="ApplyingManifest" message="Applying manifest at \"/var/lib/rancher/k3s/server/manifests/metrics-server/auth-delegator.yaml\""
2025-01-30 04:00:05,562 INFO c.h.h.t.HelmChartContainer - [K3S] [controllermanager.go:765] "Started controller" controller="ttl-after-finished-controller"
2025-01-30 04:00:05,562 INFO c.h.h.t.HelmChartContainer - [K3S] [controllermanager.go:717] "Controller is disabled by a feature gate" controller="kube-apiserver-serving-clustertrustbundle-publisher-controller" requiredFeatureGates=["ClusterTrustBundle"]
2025-01-30 04:00:05,563 INFO c.h.h.t.HelmChartContainer - [K3S] [controllermanager.go:717] "Controller is disabled by a feature gate" controller="storageversion-garbage-collector-controller" requiredFeatureGates=["APIServerIdentity","StorageVersionAPI"]
2025-01-30 04:00:05,563 INFO c.h.h.t.HelmChartContainer - [K3S] [ttlafterfinished_controller.go:112] "Starting TTL after finished controller"
2025-01-30 04:00:05,583 INFO c.h.h.t.HelmChartContainer - [K3S] [event.go:389] "Event occurred" object="kube-system/auth-delegator" fieldPath="" kind="Addon" apiVersion="k3s.cattle.io/v1" type="Normal" reason="AppliedManifest" message="Applied manifest at \"/var/lib/rancher/k3s/server/manifests/metrics-server/auth-delegator.yaml\""
2025-01-30 04:00:05,588 INFO c.h.h.t.HelmChartContainer - [K3S] [event.go:389] "Event occurred" object="kube-system/auth-reader" fieldPath="" kind="Addon" apiVersion="k3s.cattle.io/v1" type="Normal" reason="ApplyingManifest" message="Applying manifest at \"/var/lib/rancher/k3s/server/manifests/metrics-server/auth-reader.yaml\""
2025-01-30 04:00:05,593 INFO c.h.h.t.HelmChartContainer - [K3S] [event.go:389] "Event occurred" object="kube-system/auth-reader" fieldPath="" kind="Addon" apiVersion="k3s.cattle.io/v1" type="Normal" reason="AppliedManifest" message="Applied manifest at \"/var/lib/rancher/k3s/server/manifests/metrics-server/auth-reader.yaml\""
2025-01-30 04:00:05,599 INFO c.h.h.t.HelmChartContainer - [K3S] [event.go:389] "Event occurred" object="kube-system/metrics-apiservice" fieldPath="" kind="Addon" apiVersion="k3s.cattle.io/v1" type="Normal" reason="ApplyingManifest" message="Applying manifest at \"/var/lib/rancher/k3s/server/manifests/metrics-server/metrics-apiservice.yaml\""
2025-01-30 04:00:05,606 INFO c.h.h.t.HelmChartContainer - [K3S] [event.go:389] "Event occurred" object="kube-system/metrics-apiservice" fieldPath="" kind="Addon" apiVersion="k3s.cattle.io/v1" type="Normal" reason="AppliedManifest" message="Applied manifest at \"/var/lib/rancher/k3s/server/manifests/metrics-server/metrics-apiservice.yaml\""
2025-01-30 04:00:05,610 INFO c.h.h.t.HelmChartContainer - [K3S] [handler_proxy.go:99] no RequestInfo found in the context
2025-01-30 04:00:05,610 INFO c.h.h.t.HelmChartContainer - [K3S] [controller.go:146] "Unhandled Error" err=<
2025-01-30 04:00:05,610 INFO c.h.h.t.HelmChartContainer - [K3S] 	, Header: map[Content-Type:[text/plain; charset=utf-8] X-Content-Type-Options:[nosniff]]
2025-01-30 04:00:05,610 INFO c.h.h.t.HelmChartContainer - [K3S]  >
2025-01-30 04:00:05,611 INFO c.h.h.t.HelmChartContainer - [K3S] [handler_proxy.go:143] error resolving kube-system/metrics-server: service "metrics-server" not found
2025-01-30 04:00:05,612 INFO c.h.h.t.HelmChartContainer - [K3S] [event.go:389] "Event occurred" object="kube-system/metrics-server-deployment" fieldPath="" kind="Addon" apiVersion="k3s.cattle.io/v1" type="Normal" reason="ApplyingManifest" message="Applying manifest at \"/var/lib/rancher/k3s/server/manifests/metrics-server/metrics-server-deployment.yaml\""
2025-01-30 04:00:05,622 INFO c.h.h.t.HelmChartContainer - [K3S] [event.go:389] "Event occurred" object="kube-system/metrics-server-deployment" fieldPath="" kind="Addon" apiVersion="k3s.cattle.io/v1" type="Normal" reason="AppliedManifest" message="Applied manifest at \"/var/lib/rancher/k3s/server/manifests/metrics-server/metrics-server-deployment.yaml\""
2025-01-30 04:00:05,627 INFO c.h.h.t.HelmChartContainer - [K3S] [event.go:389] "Event occurred" object="kube-system/metrics-server-service" fieldPath="" kind="Addon" apiVersion="k3s.cattle.io/v1" type="Normal" reason="ApplyingManifest" message="Applying manifest at \"/var/lib/rancher/k3s/server/manifests/metrics-server/metrics-server-service.yaml\""
2025-01-30 04:00:05,633 INFO c.h.h.t.HelmChartContainer - [K3S] [alloc.go:330] "allocated clusterIPs" service="kube-system/metrics-server" clusterIPs={"IPv4":"10.43.137.112"}
2025-01-30 04:00:05,636 INFO c.h.h.t.HelmChartContainer - [K3S] [handler_proxy.go:99] no RequestInfo found in the context
2025-01-30 04:00:05,636 INFO c.h.h.t.HelmChartContainer - [K3S] [controller.go:146] "Unhandled Error" err=<
2025-01-30 04:00:05,636 INFO c.h.h.t.HelmChartContainer - [K3S] 	, Header: map[Content-Type:[text/plain; charset=utf-8] X-Content-Type-Options:[nosniff]]
2025-01-30 04:00:05,637 INFO c.h.h.t.HelmChartContainer - [K3S]  >
2025-01-30 04:00:05,637 INFO c.h.h.t.HelmChartContainer - [K3S] [event.go:389] "Event occurred" object="kube-system/metrics-server-service" fieldPath="" kind="Addon" apiVersion="k3s.cattle.io/v1" type="Normal" reason="AppliedManifest" message="Applied manifest at \"/var/lib/rancher/k3s/server/manifests/metrics-server/metrics-server-service.yaml\""
2025-01-30 04:00:05,638 INFO c.h.h.t.HelmChartContainer - [K3S] [handler_proxy.go:143] error resolving kube-system/metrics-server: endpoints "metrics-server" not found
2025-01-30 04:00:05,642 INFO c.h.h.t.HelmChartContainer - [K3S] [event.go:389] "Event occurred" object="kube-system/resource-reader" fieldPath="" kind="Addon" apiVersion="k3s.cattle.io/v1" type="Normal" reason="ApplyingManifest" message="Applying manifest at \"/var/lib/rancher/k3s/server/manifests/metrics-server/resource-reader.yaml\""
2025-01-30 04:00:05,684 INFO c.h.h.t.HelmChartContainer - [K3S] [event.go:389] "Event occurred" object="kube-system/resource-reader" fieldPath="" kind="Addon" apiVersion="k3s.cattle.io/v1" type="Normal" reason="AppliedManifest" message="Applied manifest at \"/var/lib/rancher/k3s/server/manifests/metrics-server/resource-reader.yaml\""
2025-01-30 04:00:05,690 INFO c.h.h.t.HelmChartContainer - [K3S] [event.go:389] "Event occurred" object="kube-system/rolebindings" fieldPath="" kind="Addon" apiVersion="k3s.cattle.io/v1" type="Normal" reason="ApplyingManifest" message="Applying manifest at \"/var/lib/rancher/k3s/server/manifests/rolebindings.yaml\""
2025-01-30 04:00:05,712 INFO c.h.h.t.HelmChartContainer - [K3S] [controllermanager.go:765] "Started controller" controller="legacy-serviceaccount-token-cleaner-controller"
2025-01-30 04:00:05,712 INFO c.h.h.t.HelmChartContainer - [K3S] [legacy_serviceaccount_token_cleaner.go:103] "Starting legacy service account token cleaner controller"
2025-01-30 04:00:05,767 INFO c.h.h.t.HelmChartContainer - [K3S] [INFO] Updating TLS secret for kube-system/k3s-serving (count: 10): map[listener.cattle.io/cn-10.43.0.1:10.43.0.1 listener.cattle.io/cn-127.0.0.1:127.0.0.1 listener.cattle.io/cn-172.18.0.2:172.18.0.2 listener.cattle.io/cn-71e274ac6664:71e274ac6664 listener.cattle.io/cn-__1-f16284:::1 listener.cattle.io/cn-kubernetes:kubernetes listener.cattle.io/cn-kubernetes.default:kubernetes.default listener.cattle.io/cn-kubernetes.default.svc:kubernetes.default.svc listener.cattle.io/cn-kubernetes.default.svc.cluster.local:kubernetes.default.svc.cluster.local listener.cattle.io/cn-localhost:localhost listener.cattle.io/fingerprint:SHA1=10D038238CABC0546D8896B007CED5199BFD7C5A]
2025-01-30 04:00:05,770 INFO c.h.h.t.HelmChartContainer - [K3S] [INFO] Active TLS secret kube-system/k3s-serving (ver=316) (count 10): map[listener.cattle.io/cn-10.43.0.1:10.43.0.1 listener.cattle.io/cn-127.0.0.1:127.0.0.1 listener.cattle.io/cn-172.18.0.2:172.18.0.2 listener.cattle.io/cn-71e274ac6664:71e274ac6664 listener.cattle.io/cn-__1-f16284:::1 listener.cattle.io/cn-kubernetes:kubernetes listener.cattle.io/cn-kubernetes.default:kubernetes.default listener.cattle.io/cn-kubernetes.default.svc:kubernetes.default.svc listener.cattle.io/cn-kubernetes.default.svc.cluster.local:kubernetes.default.svc.cluster.local listener.cattle.io/cn-localhost:localhost listener.cattle.io/fingerprint:SHA1=10D038238CABC0546D8896B007CED5199BFD7C5A]
2025-01-30 04:00:05,795 INFO c.h.h.t.HelmChartContainer - [K3S] [event.go:389] "Event occurred" object="kube-system/rolebindings" fieldPath="" kind="Addon" apiVersion="k3s.cattle.io/v1" type="Normal" reason="AppliedManifest" message="Applied manifest at \"/var/lib/rancher/k3s/server/manifests/rolebindings.yaml\""
2025-01-30 04:00:05,802 INFO c.h.h.t.HelmChartContainer - [K3S] [event.go:389] "Event occurred" object="kube-system/runtimes" fieldPath="" kind="Addon" apiVersion="k3s.cattle.io/v1" type="Normal" reason="ApplyingManifest" message="Applying manifest at \"/var/lib/rancher/k3s/server/manifests/runtimes.yaml\""
2025-01-30 04:00:05,828 INFO c.h.h.t.HelmChartContainer - [K3S] [event.go:389] "Event occurred" object="kube-system/runtimes" fieldPath="" kind="Addon" apiVersion="k3s.cattle.io/v1" type="Normal" reason="AppliedManifest" message="Applied manifest at \"/var/lib/rancher/k3s/server/manifests/runtimes.yaml\""
2025-01-30 04:00:05,863 INFO c.h.h.t.HelmChartContainer - [K3S] [certificate_controller.go:120] "Starting certificate controller" name="csrsigning-kubelet-serving"
2025-01-30 04:00:05,863 INFO c.h.h.t.HelmChartContainer - [K3S] [dynamic_serving_content.go:135] "Starting controller" name="csr-controller::/var/lib/rancher/k3s/server/tls/server-ca.nochain.crt::/var/lib/rancher/k3s/server/tls/server-ca.key"
2025-01-30 04:00:05,863 INFO c.h.h.t.HelmChartContainer - [K3S] [certificate_controller.go:120] "Starting certificate controller" name="csrsigning-kubelet-client"
2025-01-30 04:00:05,864 INFO c.h.h.t.HelmChartContainer - [K3S] [dynamic_serving_content.go:135] "Starting controller" name="csr-controller::/var/lib/rancher/k3s/server/tls/client-ca.nochain.crt::/var/lib/rancher/k3s/server/tls/client-ca.key"
2025-01-30 04:00:05,864 INFO c.h.h.t.HelmChartContainer - [K3S] [certificate_controller.go:120] "Starting certificate controller" name="csrsigning-kube-apiserver-client"
2025-01-30 04:00:05,864 INFO c.h.h.t.HelmChartContainer - [K3S] [dynamic_serving_content.go:135] "Starting controller" name="csr-controller::/var/lib/rancher/k3s/server/tls/client-ca.nochain.crt::/var/lib/rancher/k3s/server/tls/client-ca.key"
2025-01-30 04:00:05,864 INFO c.h.h.t.HelmChartContainer - [K3S] [controllermanager.go:765] "Started controller" controller="certificatesigningrequest-signing-controller"
2025-01-30 04:00:05,864 INFO c.h.h.t.HelmChartContainer - [K3S] [certificate_controller.go:120] "Starting certificate controller" name="csrsigning-legacy-unknown"
2025-01-30 04:00:05,864 INFO c.h.h.t.HelmChartContainer - [K3S] [dynamic_serving_content.go:135] "Starting controller" name="csr-controller::/var/lib/rancher/k3s/server/tls/server-ca.nochain.crt::/var/lib/rancher/k3s/server/tls/server-ca.key"
2025-01-30 04:00:05,865 INFO c.h.h.t.HelmChartContainer - [K3S] [INFO] Updating TLS secret for kube-system/k3s-serving (count: 10): map[listener.cattle.io/cn-10.43.0.1:10.43.0.1 listener.cattle.io/cn-127.0.0.1:127.0.0.1 listener.cattle.io/cn-172.18.0.2:172.18.0.2 listener.cattle.io/cn-71e274ac6664:71e274ac6664 listener.cattle.io/cn-__1-f16284:::1 listener.cattle.io/cn-kubernetes:kubernetes listener.cattle.io/cn-kubernetes.default:kubernetes.default listener.cattle.io/cn-kubernetes.default.svc:kubernetes.default.svc listener.cattle.io/cn-kubernetes.default.svc.cluster.local:kubernetes.default.svc.cluster.local listener.cattle.io/cn-localhost:localhost listener.cattle.io/fingerprint:SHA1=10D038238CABC0546D8896B007CED5199BFD7C5A]
2025-01-30 04:00:06,018 INFO c.h.h.t.HelmChartContainer - [K3S] [range_allocator.go:112] "No Secondary Service CIDR provided. Skipping filtering out secondary service addresses"
2025-01-30 04:00:06,018 INFO c.h.h.t.HelmChartContainer - [K3S] [controllermanager.go:765] "Started controller" controller="node-ipam-controller"
2025-01-30 04:00:06,018 INFO c.h.h.t.HelmChartContainer - [K3S] [controllermanager.go:723] "Skipping a cloud provider controller" controller="cloud-node-lifecycle-controller"
2025-01-30 04:00:06,018 INFO c.h.h.t.HelmChartContainer - [K3S] [node_ipam_controller.go:141] "Starting ipam controller"
2025-01-30 04:00:06,131 INFO c.h.h.t.HelmChartContainer - [K3S] [serving.go:392] Generated self-signed cert in-memory
2025-01-30 04:00:06,162 INFO c.h.h.t.HelmChartContainer - [K3S] [controllermanager.go:765] "Started controller" controller="persistentvolumeclaim-protection-controller"
2025-01-30 04:00:06,163 INFO c.h.h.t.HelmChartContainer - [K3S] [controllermanager.go:717] "Controller is disabled by a feature gate" controller="volumeattributesclass-protection-controller" requiredFeatureGates=["VolumeAttributesClass"]
2025-01-30 04:00:06,163 INFO c.h.h.t.HelmChartContainer - [K3S] [controllermanager.go:743] "Warning: skipping controller" controller="storage-version-migrator-controller"
2025-01-30 04:00:06,163 INFO c.h.h.t.HelmChartContainer - [K3S] [pvc_protection_controller.go:168] "Starting PVC protection controller"
2025-01-30 04:00:06,184 INFO c.h.h.t.HelmChartContainer - [K3S] [INFO] Tunnel authorizer set Kubelet Port 0.0.0.0:10250
2025-01-30 04:00:06,314 INFO c.h.h.t.HelmChartContainer - [K3S] [controllermanager.go:765] "Started controller" controller="endpointslice-controller"
2025-01-30 04:00:06,314 INFO c.h.h.t.HelmChartContainer - [K3S] [endpointslice_controller.go:281] "Starting endpoint slice controller"
2025-01-30 04:00:06,372 INFO c.h.h.t.HelmChartContainer - [K3S] [serving.go:392] Generated self-signed cert in-memory
2025-01-30 04:00:06,606 INFO c.h.h.t.HelmChartContainer - [K3S] [handler_proxy.go:99] no RequestInfo found in the context
2025-01-30 04:00:06,607 INFO c.h.h.t.HelmChartContainer - [K3S] [controller.go:102] "Unhandled Error" err=<
2025-01-30 04:00:06,607 INFO c.h.h.t.HelmChartContainer - [K3S] 	, Header: map[Content-Type:[text/plain; charset=utf-8] X-Content-Type-Options:[nosniff]]
2025-01-30 04:00:06,607 INFO c.h.h.t.HelmChartContainer - [K3S]  >
2025-01-30 04:00:06,607 INFO c.h.h.t.HelmChartContainer - [K3S] [handler_proxy.go:99] no RequestInfo found in the context
2025-01-30 04:00:06,626 INFO c.h.h.t.HelmChartContainer - [K3S] [controllermanager.go:765] "Started controller" controller="resourcequota-controller"
2025-01-30 04:00:06,626 INFO c.h.h.t.HelmChartContainer - [K3S] [resource_quota_controller.go:300] "Starting resource quota controller"
2025-01-30 04:00:06,662 INFO c.h.h.t.HelmChartContainer - [K3S] [controllermanager.go:765] "Started controller" controller="certificatesigningrequest-cleaner-controller"
2025-01-30 04:00:06,663 INFO c.h.h.t.HelmChartContainer - [K3S] [cleaner.go:83] "Starting CSR cleaner controller"
2025-01-30 04:00:06,710 INFO c.h.h.t.HelmChartContainer - [K3S] [event.go:389] "Event occurred" object="71e274ac6664" fieldPath="" kind="Node" apiVersion="" type="Normal" reason="NodePasswordValidationComplete" message="Deferred node password secret validation complete"
2025-01-30 04:00:06,716 INFO c.h.h.t.HelmChartContainer - [K3S] [node_lifecycle_controller.go:432] "Controller will reconcile labels"
2025-01-30 04:00:06,717 INFO c.h.h.t.HelmChartContainer - [K3S] [controllermanager.go:765] "Started controller" controller="node-lifecycle-controller"
2025-01-30 04:00:06,718 INFO c.h.h.t.HelmChartContainer - [K3S] [node_lifecycle_controller.go:466] "Sending events to api server"
2025-01-30 04:00:06,718 INFO c.h.h.t.HelmChartContainer - [K3S] [node_lifecycle_controller.go:477] "Starting node controller"
2025-01-30 04:00:06,778 INFO c.h.h.t.HelmChartContainer - [K3S] [controllermanager.go:160] Version: v1.32.1+k3s1
2025-01-30 04:00:06,784 INFO c.h.h.t.HelmChartContainer - [K3S] [requestheader_controller.go:180] Starting RequestHeaderAuthRequestController
2025-01-30 04:00:06,784 INFO c.h.h.t.HelmChartContainer - [K3S] [configmap_cafile_content.go:205] "Starting controller" name="client-ca::kube-system::extension-apiserver-authentication::client-ca-file"
2025-01-30 04:00:06,784 INFO c.h.h.t.HelmChartContainer - [K3S] [configmap_cafile_content.go:205] "Starting controller" name="client-ca::kube-system::extension-apiserver-authentication::requestheader-client-ca-file"
2025-01-30 04:00:06,784 INFO c.h.h.t.HelmChartContainer - [K3S] [secure_serving.go:213] Serving securely on 127.0.0.1:10258
2025-01-30 04:00:06,784 INFO c.h.h.t.HelmChartContainer - [K3S] [tlsconfig.go:243] "Starting DynamicServingCertificateController"
2025-01-30 04:00:06,787 INFO c.h.h.t.HelmChartContainer - [K3S] [INFO] Creating service-lb-controller event broadcaster
2025-01-30 04:00:06,862 INFO c.h.h.t.HelmChartContainer - [K3S] [controllermanager.go:765] "Started controller" controller="persistentvolume-binder-controller"
2025-01-30 04:00:06,863 INFO c.h.h.t.HelmChartContainer - [K3S] [pv_controller_base.go:308] "Starting persistent volume controller"
2025-01-30 04:00:06,900 INFO c.h.h.t.HelmChartContainer - [K3S] [INFO] Starting /v1, Kind=Node controller
2025-01-30 04:00:06,903 INFO c.h.h.t.HelmChartContainer - [K3S] [INFO] Starting /v1, Kind=Pod controller
2025-01-30 04:00:06,906 INFO c.h.h.t.HelmChartContainer - [K3S] [INFO] Starting apps/v1, Kind=DaemonSet controller
2025-01-30 04:00:06,909 INFO c.h.h.t.HelmChartContainer - [K3S] [INFO] Starting discovery.k8s.io/v1, Kind=EndpointSlice controller
2025-01-30 04:00:06,910 INFO c.h.h.t.HelmChartContainer - [K3S] [controllermanager.go:329] Started "service-lb-controller"
2025-01-30 04:00:06,911 INFO c.h.h.t.HelmChartContainer - [K3S] [controllermanager.go:306] "node-route-controller" is disabled
2025-01-30 04:00:06,912 INFO c.h.h.t.HelmChartContainer - [K3S] [controller.go:234] Starting service controller
2025-01-30 04:00:06,913 INFO c.h.h.t.HelmChartContainer - [K3S] [controllermanager.go:329] Started "cloud-node-controller"
2025-01-30 04:00:06,919 INFO c.h.h.t.HelmChartContainer - [K3S] [node_controller.go:176] Sending events to api server.
2025-01-30 04:00:06,920 INFO c.h.h.t.HelmChartContainer - [K3S] [node_controller.go:185] Waiting for informer caches to sync
2025-01-30 04:00:06,920 INFO c.h.h.t.HelmChartContainer - [K3S] [controllermanager.go:329] Started "cloud-node-lifecycle-controller"
2025-01-30 04:00:06,920 INFO c.h.h.t.HelmChartContainer - [K3S] [node_lifecycle_controller.go:112] Sending events to api server
2025-01-30 04:00:07,011 INFO c.h.h.t.HelmChartContainer - [K3S] [node_controller.go:429] Initializing node 71e274ac6664 with cloud provider
2025-01-30 04:00:07,015 INFO c.h.h.t.HelmChartContainer - [K3S] [node_controller.go:474] Successfully initialized node 71e274ac6664 with cloud provider
2025-01-30 04:00:07,016 INFO c.h.h.t.HelmChartContainer - [K3S] [event.go:389] "Event occurred" object="71e274ac6664" fieldPath="" kind="Node" apiVersion="v1" type="Normal" reason="Synced" message="Node synced successfully"
2025-01-30 04:00:07,023 INFO c.h.h.t.HelmChartContainer - [K3S] [INFO] Updated coredns NodeHosts entry for 71e274ac6664
2025-01-30 04:00:07,112 INFO c.h.h.t.HelmChartContainer - [K3S] [controllermanager.go:765] "Started controller" controller="garbage-collector-controller"
2025-01-30 04:00:07,113 INFO c.h.h.t.HelmChartContainer - [K3S] [graph_builder.go:351] "Running" component="GraphBuilder"
2025-01-30 04:00:07,183 INFO c.h.h.t.HelmChartContainer - [K3S] [INFO] Started tunnel to 172.18.0.2:6443
2025-01-30 04:00:07,184 INFO c.h.h.t.HelmChartContainer - [K3S] [INFO] Stopped tunnel to 127.0.0.1:6443
2025-01-30 04:00:07,184 INFO c.h.h.t.HelmChartContainer - [K3S] [INFO] Connecting to proxy" url="wss://172.18.0.2:6443/v1-k3s/connect
2025-01-30 04:00:07,185 INFO c.h.h.t.HelmChartContainer - [K3S] [INFO] Proxy done" err="context canceled" url="wss://127.0.0.1:6443/v1-k3s/connect
2025-01-30 04:00:07,185 INFO c.h.h.t.HelmChartContainer - [K3S] [INFO] error in remotedialer server [400]: websocket: close 1006 (abnormal closure): unexpected EOF
2025-01-30 04:00:07,188 INFO c.h.h.t.HelmChartContainer - [K3S] [INFO] Handling backend connection request [71e274ac6664]
2025-01-30 04:00:07,188 INFO c.h.h.t.HelmChartContainer - [K3S] [INFO] Remotedialer connected to proxy" url="wss://172.18.0.2:6443/v1-k3s/connect
2025-01-30 04:00:07,363 INFO c.h.h.t.HelmChartContainer - [K3S] [controllermanager.go:765] "Started controller" controller="daemonset-controller"
2025-01-30 04:00:07,363 INFO c.h.h.t.HelmChartContainer - [K3S] [daemon_controller.go:294] "Starting daemon sets controller"
2025-01-30 04:00:07,450 INFO c.h.h.t.HelmChartContainer - [K3S] [serving.go:392] Generated self-signed cert in-memory
2025-01-30 04:00:07,661 INFO c.h.h.t.HelmChartContainer - [K3S] [controllermanager.go:765] "Started controller" controller="horizontal-pod-autoscaler-controller"
2025-01-30 04:00:07,661 INFO c.h.h.t.HelmChartContainer - [K3S] [horizontal.go:201] "Starting HPA controller"
2025-01-30 04:00:07,813 INFO c.h.h.t.HelmChartContainer - [K3S] [controllermanager.go:765] "Started controller" controller="persistentvolume-attach-detach-controller"
2025-01-30 04:00:07,813 INFO c.h.h.t.HelmChartContainer - [K3S] [attach_detach_controller.go:338] "Starting attach detach controller"
2025-01-30 04:00:07,877 INFO c.h.h.t.HelmChartContainer - [K3S] [server.go:164] "Starting Kubernetes Scheduler" version="v1.32.1+k3s1"
2025-01-30 04:00:07,877 INFO c.h.h.t.HelmChartContainer - [K3S] [server.go:166] "Golang settings" GOGC="" GOMAXPROCS="" GOTRACEBACK=""
2025-01-30 04:00:07,879 INFO c.h.h.t.HelmChartContainer - [K3S] [requestheader_controller.go:180] Starting RequestHeaderAuthRequestController
2025-01-30 04:00:07,879 INFO c.h.h.t.HelmChartContainer - [K3S] [configmap_cafile_content.go:205] "Starting controller" name="client-ca::kube-system::extension-apiserver-authentication::client-ca-file"
2025-01-30 04:00:07,879 INFO c.h.h.t.HelmChartContainer - [K3S] [configmap_cafile_content.go:205] "Starting controller" name="client-ca::kube-system::extension-apiserver-authentication::requestheader-client-ca-file"
2025-01-30 04:00:07,882 INFO c.h.h.t.HelmChartContainer - [K3S] [tlsconfig.go:243] "Starting DynamicServingCertificateController"
2025-01-30 04:00:07,883 INFO c.h.h.t.HelmChartContainer - [K3S] [secure_serving.go:213] Serving securely on 127.0.0.1:10259
2025-01-30 04:00:07,962 INFO c.h.h.t.HelmChartContainer - [K3S] [controllermanager.go:765] "Started controller" controller="root-ca-certificate-publisher-controller"
2025-01-30 04:00:07,963 INFO c.h.h.t.HelmChartContainer - [K3S] [controllermanager.go:723] "Skipping a cloud provider controller" controller="service-lb-controller"
2025-01-30 04:00:07,963 INFO c.h.h.t.HelmChartContainer - [K3S] [controllermanager.go:723] "Skipping a cloud provider controller" controller="node-route-controller"
2025-01-30 04:00:07,963 INFO c.h.h.t.HelmChartContainer - [K3S] [publisher.go:107] "Starting root CA cert publisher controller"
2025-01-30 04:00:08,112 INFO c.h.h.t.HelmChartContainer - [K3S] [controllermanager.go:765] "Started controller" controller="persistentvolume-protection-controller"
2025-01-30 04:00:08,112 INFO c.h.h.t.HelmChartContainer - [K3S] [pv_protection_controller.go:81] "Starting PV protection controller"
2025-01-30 04:00:08,262 INFO c.h.h.t.HelmChartContainer - [K3S] [controllermanager.go:765] "Started controller" controller="endpointslice-mirroring-controller"
2025-01-30 04:00:08,262 INFO c.h.h.t.HelmChartContainer - [K3S] [endpointslicemirroring_controller.go:227] "Starting EndpointSliceMirroring controller"
2025-01-30 04:00:08,517 INFO c.h.h.t.HelmChartContainer - [K3S] [controllermanager.go:765] "Started controller" controller="namespace-controller"
2025-01-30 04:00:08,517 INFO c.h.h.t.HelmChartContainer - [K3S] [namespace_controller.go:202] "Starting namespace controller"
2025-01-30 04:00:08,663 INFO c.h.h.t.HelmChartContainer - [K3S] [controllermanager.go:765] "Started controller" controller="ttl-controller"
2025-01-30 04:00:08,663 INFO c.h.h.t.HelmChartContainer - [K3S] [controllermanager.go:728] "Warning: controller is disabled" controller="bootstrap-signer-controller"
2025-01-30 04:00:08,663 INFO c.h.h.t.HelmChartContainer - [K3S] [ttl_controller.go:127] "Starting TTL controller"
2025-01-30 04:00:08,820 INFO c.h.h.t.HelmChartContainer - [K3S] [controllermanager.go:765] "Started controller" controller="token-cleaner-controller"
2025-01-30 04:00:08,820 INFO c.h.h.t.HelmChartContainer - [K3S] [controllermanager.go:717] "Controller is disabled by a feature gate" controller="selinux-warning-controller" requiredFeatureGates=["SELinuxChangePolicy"]
2025-01-30 04:00:08,820 INFO c.h.h.t.HelmChartContainer - [K3S] [tokencleaner.go:117] "Starting token cleaner controller"
2025-01-30 04:00:08,963 INFO c.h.h.t.HelmChartContainer - [K3S] [controllermanager.go:765] "Started controller" controller="endpoints-controller"
2025-01-30 04:00:08,964 INFO c.h.h.t.HelmChartContainer - [K3S] [endpoints_controller.go:182] "Starting endpoint controller"
2025-01-30 04:00:09,113 INFO c.h.h.t.HelmChartContainer - [K3S] [controllermanager.go:765] "Started controller" controller="deployment-controller"
2025-01-30 04:00:09,113 INFO c.h.h.t.HelmChartContainer - [K3S] [deployment_controller.go:173] "Starting controller" controller="deployment"
2025-01-30 04:00:09,311 INFO c.h.h.t.HelmChartContainer - [K3S] [controllermanager.go:765] "Started controller" controller="disruption-controller"
2025-01-30 04:00:09,311 INFO c.h.h.t.HelmChartContainer - [K3S] [disruption.go:452] "Sending events to api server."
2025-01-30 04:00:09,311 INFO c.h.h.t.HelmChartContainer - [K3S] [disruption.go:463] "Starting disruption controller"
2025-01-30 04:00:09,361 INFO c.h.h.t.HelmChartContainer - [K3S] [controllermanager.go:765] "Started controller" controller="certificatesigningrequest-approving-controller"
2025-01-30 04:00:09,361 INFO c.h.h.t.HelmChartContainer - [K3S] [certificate_controller.go:120] "Starting certificate controller" name="csrapproving"
2025-01-30 04:00:09,368 INFO c.h.h.t.HelmChartContainer - [K3S] [actual_state_of_world.go:541] "Failed to update statusUpdateNeeded field in actual state of world" err="Failed to set statusUpdateNeeded to needed true, because nodeName=\"71e274ac6664\" does not exist"
2025-01-30 04:00:09,419 INFO c.h.h.t.HelmChartContainer - [K3S] [range_allocator.go:177] "Sending events to api server"
2025-01-30 04:00:09,419 INFO c.h.h.t.HelmChartContainer - [K3S] [range_allocator.go:183] "Starting range CIDR allocator"
2025-01-30 04:00:09,423 INFO c.h.h.t.HelmChartContainer - [K3S] [range_allocator.go:428] "Set node PodCIDR" node="71e274ac6664" podCIDRs=["10.42.0.0/24"]
2025-01-30 04:00:09,423 INFO c.h.h.t.HelmChartContainer - [K3S] [range_allocator.go:247] "Successfully synced" key="71e274ac6664"
2025-01-30 04:00:09,423 INFO c.h.h.t.HelmChartContainer - [K3S] [INFO] Flannel found PodCIDR assigned for node 71e274ac6664
2025-01-30 04:00:09,423 INFO c.h.h.t.HelmChartContainer - [K3S] [range_allocator.go:247] "Successfully synced" key="71e274ac6664"
2025-01-30 04:00:09,423 INFO c.h.h.t.HelmChartContainer - [K3S] [INFO] The interface eth0 with ipv4 address 172.18.0.2 will be used by flannel
2025-01-30 04:00:09,424 INFO c.h.h.t.HelmChartContainer - [K3S] [kube.go:139] Waiting 10m0s for node controller to sync
2025-01-30 04:00:09,425 INFO c.h.h.t.HelmChartContainer - [K3S] [kube.go:469] Starting kube subnet manager
2025-01-30 04:00:09,535 INFO c.h.h.t.HelmChartContainer - [K3S] [INFO] Starting network policy controller version v2.2.1, built on 2025-01-28T18:27:08Z, go1.23.4
2025-01-30 04:00:09,536 INFO c.h.h.t.HelmChartContainer - [K3S] [network_policy_controller.go:164] Starting network policy controller
2025-01-30 04:00:09,582 INFO c.h.h.t.HelmChartContainer - [K3S] [network_policy_controller.go:176] Starting network policy controller full sync goroutine
2025-01-30 04:00:09,617 INFO c.h.h.t.HelmChartContainer - [K3S] [node_lifecycle_controller.go:1234] "Initializing eviction metric for zone" zone=""
2025-01-30 04:00:09,617 INFO c.h.h.t.HelmChartContainer - [K3S] [node_lifecycle_controller.go:886] "Missing timestamp for Node. Assuming now as a timestamp" node="71e274ac6664"
2025-01-30 04:00:09,617 INFO c.h.h.t.HelmChartContainer - [K3S] [node_lifecycle_controller.go:1080] "Controller detected that zone is now in new state" zone="" newState="Normal"
2025-01-30 04:00:09,621 INFO c.h.h.t.HelmChartContainer - [K3S] [range_allocator.go:247] "Successfully synced" key="71e274ac6664"
2025-01-30 04:00:10,067 INFO c.h.h.t.HelmChartContainer - [K3S] [range_allocator.go:247] "Successfully synced" key="71e274ac6664"
2025-01-30 04:00:10,168 INFO c.h.h.t.HelmChartContainer - [K3S] [handler_proxy.go:99] no RequestInfo found in the context
2025-01-30 04:00:10,168 INFO c.h.h.t.HelmChartContainer - [K3S] [controller.go:146] "Unhandled Error" err=<
2025-01-30 04:00:10,168 INFO c.h.h.t.HelmChartContainer - [K3S] 	, Header: map[Content-Type:[text/plain; charset=utf-8] X-Content-Type-Options:[nosniff]]
2025-01-30 04:00:10,168 INFO c.h.h.t.HelmChartContainer - [K3S]  >
2025-01-30 04:00:10,169 INFO c.h.h.t.HelmChartContainer - [K3S] [handler_proxy.go:143] error resolving kube-system/metrics-server: no endpoints available for service "metrics-server"
2025-01-30 04:00:10,278 INFO c.h.h.t.HelmChartContainer - [K3S] [replica_set.go:679] "Finished syncing" kind="ReplicaSet" key="kube-system/coredns-ff8999cc5" duration="359.773832ms"
2025-01-30 04:00:10,281 INFO c.h.h.t.HelmChartContainer - [K3S] [replica_set.go:679] "Finished syncing" kind="ReplicaSet" key="kube-system/metrics-server-8584b5786c" duration="363.307916ms"
2025-01-30 04:00:10,283 INFO c.h.h.t.HelmChartContainer - [K3S] [replica_set.go:679] "Finished syncing" kind="ReplicaSet" key="kube-system/local-path-provisioner-698b58967b" duration="364.141553ms"
2025-01-30 04:00:10,296 INFO c.h.h.t.HelmChartContainer - [K3S] [replica_set.go:679] "Finished syncing" kind="ReplicaSet" key="kube-system/metrics-server-8584b5786c" duration="12.221326ms"
2025-01-30 04:00:10,296 INFO c.h.h.t.HelmChartContainer - [K3S] [replica_set.go:679] "Finished syncing" kind="ReplicaSet" key="kube-system/metrics-server-8584b5786c" duration="28.965µs"
2025-01-30 04:00:10,300 INFO c.h.h.t.HelmChartContainer - [K3S] [replica_set.go:679] "Finished syncing" kind="ReplicaSet" key="kube-system/coredns-ff8999cc5" duration="21.514697ms"
2025-01-30 04:00:10,300 INFO c.h.h.t.HelmChartContainer - [K3S] [replica_set.go:679] "Finished syncing" kind="ReplicaSet" key="kube-system/local-path-provisioner-698b58967b" duration="17.767164ms"
2025-01-30 04:00:10,311 INFO c.h.h.t.HelmChartContainer - [K3S] [replica_set.go:679] "Finished syncing" kind="ReplicaSet" key="kube-system/coredns-ff8999cc5" duration="11.173369ms"
2025-01-30 04:00:10,311 INFO c.h.h.t.HelmChartContainer - [K3S] [replica_set.go:679] "Finished syncing" kind="ReplicaSet" key="kube-system/coredns-ff8999cc5" duration="51.627µs"
2025-01-30 04:00:10,311 INFO c.h.h.t.HelmChartContainer - [K3S] [replica_set.go:679] "Finished syncing" kind="ReplicaSet" key="kube-system/local-path-provisioner-698b58967b" duration="11.258932ms"
2025-01-30 04:00:10,311 INFO c.h.h.t.HelmChartContainer - [K3S] [replica_set.go:679] "Finished syncing" kind="ReplicaSet" key="kube-system/local-path-provisioner-698b58967b" duration="26.87µs"
2025-01-30 04:00:10,314 INFO c.h.h.t.HelmChartContainer - [K3S] [replica_set.go:679] "Finished syncing" kind="ReplicaSet" key="kube-system/metrics-server-8584b5786c" duration="25.699µs"
2025-01-30 04:00:10,325 INFO c.h.h.t.HelmChartContainer - [K3S] [replica_set.go:679] "Finished syncing" kind="ReplicaSet" key="kube-system/coredns-ff8999cc5" duration="41.007µs"
2025-01-30 04:00:10,331 INFO c.h.h.t.HelmChartContainer - [K3S] [replica_set.go:679] "Finished syncing" kind="ReplicaSet" key="kube-system/local-path-provisioner-698b58967b" duration="34.555µs"
2025-01-30 04:00:10,426 INFO c.h.h.t.HelmChartContainer - [K3S] [kube.go:146] Node controller sync successful
2025-01-30 04:00:10,426 INFO c.h.h.t.HelmChartContainer - [K3S] [vxlan.go:141] VXLAN config: VNI=1 Port=0 GBP=false Learning=false DirectRouting=false
2025-01-30 04:00:10,428 INFO c.h.h.t.HelmChartContainer - [K3S] [kube.go:636] List of node(71e274ac6664) annotations: map[string]string{"alpha.kubernetes.io/provided-node-ip":"172.18.0.2", "k3s.io/hostname":"71e274ac6664", "k3s.io/internal-ip":"172.18.0.2", "k3s.io/node-args":"[\"server\",\"--etcd-arg\",\"unsafe-no-fsync\",\"--etcd-arg\",\"snapshot-count=10000\",\"--etcd-arg\",\"auto-compaction-mode=revision\",\"--etcd-arg\",\"auto-compaction-retention=1000000\",\"--kube-apiserver-arg\",\"etcd-compaction-interval=0s\",\"--disable\",\"traefik\",\"--tls-san\",\"localhost\"]", "k3s.io/node-config-hash":"2QNNT5M5XUBFOLO5XPGEVGOM5UDLHHTIVMSRUPAUHE5DU3HUYQUQ====", "k3s.io/node-env":"{}", "node.alpha.kubernetes.io/ttl":"0", "volumes.kubernetes.io/controller-managed-attach-detach":"true"}
2025-01-30 04:00:10,435 INFO c.h.h.t.HelmChartContainer - [K3S] [range_allocator.go:247] "Successfully synced" key="71e274ac6664"
2025-01-30 04:00:10,436 INFO c.h.h.t.HelmChartContainer - [K3S] [kube.go:490] Creating the node lease for IPv4. This is the n.Spec.PodCIDRs: [10.42.0.0/24]
2025-01-30 04:00:10,436 INFO c.h.h.t.HelmChartContainer - [K3S] [iptables.go:51] Starting flannel in iptables mode...
2025-01-30 04:00:10,437 INFO c.h.h.t.HelmChartContainer - [K3S] [WARNING] no subnet found for key: FLANNEL_NETWORK in file: /run/flannel/subnet.env
2025-01-30 04:00:10,437 INFO c.h.h.t.HelmChartContainer - [K3S] [WARNING] no subnet found for key: FLANNEL_SUBNET in file: /run/flannel/subnet.env
2025-01-30 04:00:10,437 INFO c.h.h.t.HelmChartContainer - [K3S] [WARNING] no subnet found for key: FLANNEL_IPV6_NETWORK in file: /run/flannel/subnet.env
2025-01-30 04:00:10,437 INFO c.h.h.t.HelmChartContainer - [K3S] [WARNING] no subnet found for key: FLANNEL_IPV6_SUBNET in file: /run/flannel/subnet.env
2025-01-30 04:00:10,437 INFO c.h.h.t.HelmChartContainer - [K3S] [iptables.go:115] Current network or subnet (10.42.0.0/16, 10.42.0.0/24) is not equal to previous one (0.0.0.0/0, 0.0.0.0/0), trying to recycle old iptables rules
2025-01-30 04:00:10,443 INFO c.h.h.t.HelmChartContainer - [K3S] [iptables.go:125] Setting up masking rules
2025-01-30 04:00:10,446 INFO c.h.h.t.HelmChartContainer - [K3S] [iptables.go:226] Changing default FORWARD chain policy to ACCEPT
2025-01-30 04:00:10,447 INFO c.h.h.t.HelmChartContainer - [K3S] [reconciler_common.go:251] "operationExecutor.VerifyControllerAttachedVolume started for volume \"config-volume\" (UniqueName: \"kubernetes.io/configmap/a35ff089-f049-498c-b8f5-11309fbeab23-config-volume\") pod \"local-path-provisioner-698b58967b-6766t\" (UID: \"a35ff089-f049-498c-b8f5-11309fbeab23\") " pod="kube-system/local-path-provisioner-698b58967b-6766t"
2025-01-30 04:00:10,447 INFO c.h.h.t.HelmChartContainer - [K3S] [reconciler_common.go:251] "operationExecutor.VerifyControllerAttachedVolume started for volume \"kube-api-access-n9bqr\" (UniqueName: \"kubernetes.io/projected/a35ff089-f049-498c-b8f5-11309fbeab23-kube-api-access-n9bqr\") pod \"local-path-provisioner-698b58967b-6766t\" (UID: \"a35ff089-f049-498c-b8f5-11309fbeab23\") " pod="kube-system/local-path-provisioner-698b58967b-6766t"
2025-01-30 04:00:10,447 INFO c.h.h.t.HelmChartContainer - [K3S] [reconciler_common.go:251] "operationExecutor.VerifyControllerAttachedVolume started for volume \"tmp-dir\" (UniqueName: \"kubernetes.io/empty-dir/3d2caf76-858e-4aec-822c-c83a1b781575-tmp-dir\") pod \"metrics-server-8584b5786c-nhtkb\" (UID: \"3d2caf76-858e-4aec-822c-c83a1b781575\") " pod="kube-system/metrics-server-8584b5786c-nhtkb"
2025-01-30 04:00:10,448 INFO c.h.h.t.HelmChartContainer - [K3S] [reconciler_common.go:251] "operationExecutor.VerifyControllerAttachedVolume started for volume \"kube-api-access-4z2x9\" (UniqueName: \"kubernetes.io/projected/3d2caf76-858e-4aec-822c-c83a1b781575-kube-api-access-4z2x9\") pod \"metrics-server-8584b5786c-nhtkb\" (UID: \"3d2caf76-858e-4aec-822c-c83a1b781575\") " pod="kube-system/metrics-server-8584b5786c-nhtkb"
2025-01-30 04:00:10,448 INFO c.h.h.t.HelmChartContainer - [K3S] [reconciler_common.go:251] "operationExecutor.VerifyControllerAttachedVolume started for volume \"config-volume\" (UniqueName: \"kubernetes.io/configmap/e101dc48-07c7-4ba0-86ff-8001b69722c9-config-volume\") pod \"coredns-ff8999cc5-kt7fb\" (UID: \"e101dc48-07c7-4ba0-86ff-8001b69722c9\") " pod="kube-system/coredns-ff8999cc5-kt7fb"
2025-01-30 04:00:10,448 INFO c.h.h.t.HelmChartContainer - [K3S] [reconciler_common.go:251] "operationExecutor.VerifyControllerAttachedVolume started for volume \"custom-config-volume\" (UniqueName: \"kubernetes.io/configmap/e101dc48-07c7-4ba0-86ff-8001b69722c9-custom-config-volume\") pod \"coredns-ff8999cc5-kt7fb\" (UID: \"e101dc48-07c7-4ba0-86ff-8001b69722c9\") " pod="kube-system/coredns-ff8999cc5-kt7fb"
2025-01-30 04:00:10,448 INFO c.h.h.t.HelmChartContainer - [K3S] [reconciler_common.go:251] "operationExecutor.VerifyControllerAttachedVolume started for volume \"kube-api-access-pvgxt\" (UniqueName: \"kubernetes.io/projected/e101dc48-07c7-4ba0-86ff-8001b69722c9-kube-api-access-pvgxt\") pod \"coredns-ff8999cc5-kt7fb\" (UID: \"e101dc48-07c7-4ba0-86ff-8001b69722c9\") " pod="kube-system/coredns-ff8999cc5-kt7fb"
2025-01-30 04:00:10,449 INFO c.h.h.t.HelmChartContainer - [K3S] [INFO] Wrote flannel subnet file to /run/flannel/subnet.env
2025-01-30 04:00:10,449 INFO c.h.h.t.HelmChartContainer - [K3S] [INFO] Running flannel backend.
2025-01-30 04:00:10,449 INFO c.h.h.t.HelmChartContainer - [K3S] [vxlan_network.go:65] watching for new subnet leases
2025-01-30 04:00:10,460 INFO c.h.h.t.HelmChartContainer - [K3S] [iptables.go:372] bootstrap done
2025-01-30 04:00:10,465 INFO c.h.h.t.HelmChartContainer - [K3S] [iptables.go:372] bootstrap done
2025-01-30 04:00:11,169 INFO c.h.h.t.HelmChartContainer - [K3S] [handler_proxy.go:99] no RequestInfo found in the context
2025-01-30 04:00:11,170 INFO c.h.h.t.HelmChartContainer - [K3S] [handler_proxy.go:99] no RequestInfo found in the context
2025-01-30 04:00:11,170 INFO c.h.h.t.HelmChartContainer - [K3S] [controller.go:102] "Unhandled Error" err=<
2025-01-30 04:00:11,170 INFO c.h.h.t.HelmChartContainer - [K3S] 	, Header: map[Content-Type:[text/plain; charset=utf-8] X-Content-Type-Options:[nosniff]]
2025-01-30 04:00:11,170 INFO c.h.h.t.HelmChartContainer - [K3S]  >
2025-01-30 04:00:13,547 DEBUG c.h.h.t.HelmChartContainer - Image file loaded 'hivemq-platform-operator.tar'
2025-01-30 04:00:14,022 DEBUG c.h.h.t.HelmChartContainer - Image file loaded 'hivemq-platform-operator-init.tar'
2025-01-30 04:00:14,713 INFO c.h.h.t.HelmChartContainer - [K3S] [kuberuntime_manager.go:1702] "Updating runtime config through cri with podcidr" CIDR="10.42.0.0/24"
2025-01-30 04:00:14,714 INFO c.h.h.t.HelmChartContainer - [K3S] [kubelet_network.go:61] "Updating Pod CIDR" originalPodCIDR="" newPodCIDR="10.42.0.0/24"
2025-01-30 04:00:14,740 INFO c.h.h.t.HelmChartContainer - [K3S] [range_allocator.go:247] "Successfully synced" key="71e274ac6664"
2025-01-30 04:00:15,324 INFO c.h.h.t.HelmChartContainer - [K3S] [replica_set.go:679] "Finished syncing" kind="ReplicaSet" key="kube-system/local-path-provisioner-698b58967b" duration="6.700239ms"
2025-01-30 04:00:15,324 INFO c.h.h.t.HelmChartContainer - [K3S] [replica_set.go:679] "Finished syncing" kind="ReplicaSet" key="kube-system/local-path-provisioner-698b58967b" duration="35.827µs"
2025-01-30 04:00:16,323 INFO c.h.h.t.HelmChartContainer - [K3S] [replica_set.go:679] "Finished syncing" kind="ReplicaSet" key="kube-system/coredns-ff8999cc5" duration="48.882µs"
2025-01-30 04:00:16,339 INFO c.h.h.t.HelmChartContainer - [K3S] [replica_set.go:679] "Finished syncing" kind="ReplicaSet" key="kube-system/metrics-server-8584b5786c" duration="34.194µs"
2025-01-30 04:00:16,366 INFO c.h.h.t.HelmChartContainer - [K3S] [replica_set.go:679] "Finished syncing" kind="ReplicaSet" key="kube-system/coredns-ff8999cc5" duration="9.836958ms"
2025-01-30 04:00:16,366 INFO c.h.h.t.HelmChartContainer - [K3S] [replica_set.go:679] "Finished syncing" kind="ReplicaSet" key="kube-system/coredns-ff8999cc5" duration="26.029µs"
2025-01-30 04:00:20,492 DEBUG c.h.h.t.HelmChartContainer - Image file loaded 'hivemq-platform.tar'
2025-01-30 04:00:20,492 DEBUG c.h.h.t.HelmChartContainer - Successful Helm chart Container startup
2025-01-30 04:00:20,508 INFO t.localhost/testcontainers/8amdkbcbo4syqxlf:latest - Container localhost/testcontainers/8amdkbcbo4syqxlf:latest started in PT22.486807415S
2025-01-30 04:00:20,518 DEBUG c.h.h.t.HelmChartContainer - Executing helm command: /bin/helm --kubeconfig /etc/rancher/k3s/k3s.yaml repo add hivemq https://hivemq.github.io/helm-charts
2025-01-30 04:00:21,993 INFO c.h.h.t.HelmChartContainer - Saved kubeconfig file on /tmp/kubeconfig-6455280779612754734.yaml
2025-01-30 04:00:21,994 INFO c.h.h.t.HelmChartContainer - HelmChartContainer is started
2025-01-30 04:00:21,995 INFO c.h.h.t.HelmChartContainer - [EVENT] Normal [Starting] Starting kubelet. [null:71e274ac6664]
2025-01-30 04:00:21,997 INFO c.h.h.t.HelmChartContainer - [EVENT] Warning [InvalidDiskCapacity] invalid capacity 0 on image filesystem [null:71e274ac6664]
2025-01-30 04:00:22,006 INFO c.h.h.t.HelmChartContainer - [EVENT] Normal [NodeHasSufficientMemory] Node 71e274ac6664 status is now: NodeHasSufficientMemory [null:71e274ac6664]
2025-01-30 04:00:22,009 INFO c.h.h.t.HelmChartContainer - [EVENT] Normal [NodeHasNoDiskPressure] Node 71e274ac6664 status is now: NodeHasNoDiskPressure [null:71e274ac6664]
2025-01-30 04:00:22,009 INFO c.h.h.t.HelmChartContainer - [EVENT] Normal [NodeHasSufficientPID] Node 71e274ac6664 status is now: NodeHasSufficientPID [null:71e274ac6664]
2025-01-30 04:00:22,009 INFO c.h.h.t.HelmChartContainer - [EVENT] Normal [NodeAllocatableEnforced] Updated Node Allocatable limit across pods [null:71e274ac6664]
]]></system-out>
  <system-err><![CDATA[]]></system-err>
</testsuite>
