<?xml version="1.0" encoding="UTF-8"?>
<testsuite name="com.hivemq.helmcharts.services.HelmControlCenterIT" tests="6" skipped="0" failures="0" errors="0" timestamp="2025-10-02T10:39:41" hostname="runnervm3ublj" time="591.196">
  <properties/>
  <testcase name="platformChart_withCustomControlCenterCredentialsSecret_thenAbleToLogin()" classname="com.hivemq.helmcharts.services.HelmControlCenterIT" time="102.216"/>
  <testcase name="platformChart_withCustomControlCenterUsernameAndPassword_thenAbleToLogin()" classname="com.hivemq.helmcharts.services.HelmControlCenterIT" time="92.823"/>
  <testcase name="platformChart_withCustomServiceName_thenAbleToLogin()" classname="com.hivemq.helmcharts.services.HelmControlCenterIT" time="92.492"/>
  <testcase name="platformChart_whenTlsEnabledWithDifferentPrivateKey_thenAbleToLogin()" classname="com.hivemq.helmcharts.services.HelmControlCenterIT" time="111.263"/>
  <testcase name="platformChart_whenTlsEnabled_thenAbleToLogin()" classname="com.hivemq.helmcharts.services.HelmControlCenterIT" time="102.339"/>
  <testcase name="platformChart_whenControlCenterEnabled_thenAbleToLogin()" classname="com.hivemq.helmcharts.services.HelmControlCenterIT" time="90.062"/>
</testsuite>
