<?xml version="1.0" encoding="UTF-8"?>
<testsuite name="com.hivemq.helmcharts.LocalHelmChartDeploymentIT" tests="1" skipped="0" failures="0" errors="0" timestamp="2025-06-26T11:07:35" hostname="fv-az1370-707" time="129.091">
  <properties/>
  <testcase name="withLocalImages_mqttMessagePublishedReceived()" classname="com.hivemq.helmcharts.LocalHelmChartDeploymentIT" time="129.091"/>
</testsuite>
