<?xml version="1.0" encoding="UTF-8"?>
<testsuite name="com.hivemq.helmcharts.serviceaccount.HelmCustomServiceAccountCreateMissingServiceAccountIT" tests="1" skipped="0" failures="0" errors="0" timestamp="2025-10-04T00:53:04" hostname="runnervmwhb2z" time="85.067">
  <properties/>
  <testcase name="platformCharts_withNonExistingCustomServiceAccountThenCreate_hivemqRunning()" classname="com.hivemq.helmcharts.serviceaccount.HelmCustomServiceAccountCreateMissingServiceAccountIT" time="85.067"/>
</testsuite>
