<?xml version="1.0" encoding="UTF-8"?>
<testsuite name="com.hivemq.helmcharts.serviceaccount.HelmCustomServiceAccountDisabledCreationAndValidationCreateMissingServiceAccountIT" tests="1" skipped="0" failures="0" errors="0" timestamp="2025-06-28T22:49:10" hostname="fv-az792-272" time="84.176">
  <properties/>
  <testcase name="platformCharts_withCreateAndValidateDisabled_hivemqRunning()" classname="com.hivemq.helmcharts.serviceaccount.HelmCustomServiceAccountDisabledCreationAndValidationCreateMissingServiceAccountIT" time="84.176"/>
</testsuite>
