<?xml version="1.0" encoding="UTF-8"?>
<testsuite name="com.hivemq.helmcharts.StatefulSetRollingUpgradeIT" tests="1" skipped="0" failures="0" errors="0" timestamp="2025-03-11T15:29:05" hostname="fv-az1120-818" time="145.048">
  <properties/>
  <testcase name="withStatefulSet_RollingUpgrade()" classname="com.hivemq.helmcharts.StatefulSetRollingUpgradeIT" time="145.048"/>
</testsuite>
