<?xml version="1.0" encoding="UTF-8"?>
<testsuite name="com.hivemq.helmcharts.services.HelmControlCenterIT" tests="5" skipped="0" failures="0" errors="0" timestamp="2025-06-06T16:22:28" hostname="fv-az1057-344" time="453.06">
  <properties/>
  <testcase name="platformChart_withCustomServiceName_thenAbleToLogin()" classname="com.hivemq.helmcharts.services.HelmControlCenterIT" time="96.082"/>
  <testcase name="platformChart_whenTlsEnabledWithDifferentPrivateKey_thenAbleToLogin(Path)" classname="com.hivemq.helmcharts.services.HelmControlCenterIT" time="94.801"/>
  <testcase name="platformChart_whenTlsEnabled_thenAbleToLogin(Path)" classname="com.hivemq.helmcharts.services.HelmControlCenterIT" time="92.122"/>
  <testcase name="platformChart_whenControlCenterEnabled_thenAbleToLogin()" classname="com.hivemq.helmcharts.services.HelmControlCenterIT" time="85.28"/>
  <testcase name="platformChart_whenOverrideControlCenter_thenAbleToLogin()" classname="com.hivemq.helmcharts.services.HelmControlCenterIT" time="84.773"/>
</testsuite>
