<?xml version="1.0" encoding="UTF-8"?>
<testsuite name="com.hivemq.helmcharts.monitoring.HelmMonitoringPlatformIT" tests="1" skipped="0" failures="0" errors="0" timestamp="2025-01-30T18:31:47" hostname="fv-az1779-710" time="233.651">
  <properties/>
  <testcase name="withPlatformMonitoringEnabled_metricsAndDashboardAvailable()" classname="com.hivemq.helmcharts.monitoring.HelmMonitoringPlatformIT" time="233.651">
    <system-out><![CDATA[2025-01-30 18:31:47,795 INFO c.h.h.t.HelmChartContainer - Creating namespace 'helmmonitoringplatformit-operator'...
2025-01-30 18:31:47,801 INFO c.h.h.t.HelmChartContainer - Namespace 'helmmonitoringplatformit-operator' created
2025-01-30 18:31:47,801 INFO c.h.h.t.HelmChartContainer - Creating namespace 'helmmonitoringplatformit'...
2025-01-30 18:31:47,808 INFO c.h.h.t.HelmChartContainer - Namespace 'helmmonitoringplatformit' created
2025-01-30 18:31:47,884 DEBUG c.h.h.t.HelmChartContainer - Executing helm command: /bin/helm --kubeconfig /etc/rancher/k3s/k3s.yaml install test-hivemq-platform-operator /charts/hivemq-platform-operator --wait --timeout 5m0s --set image.repository=docker.io/hivemq --set image.name=hivemq-platform-operator-test --set image.initImageName=hivemq-platform-operator-init-test --set image.tag=snapshot --set image.pullPolicy=Never --set logLevel=DEBUG --set resources.cpu=512m --namespace helmmonitoringplatformit-operator
2025-01-30 18:31:48,260 INFO c.h.h.t.HelmChartContainer - [K3S] [alloc.go:330] "allocated clusterIPs" service="helmmonitoringplatformit-operator/hivemq-platform-operator-test-hivemq-platform-operator" clusterIPs={"IPv4":"10.43.179.118"}
2025-01-30 18:31:48,273 INFO c.h.h.t.HelmChartContainer - [EVENT] Normal [ScalingReplicaSet] Scaled up replica set hivemq-test-hivemq-platform-operator-6966f96d65 from 0 to 1 [helmmonitoringplatformit-operator:hivemq-test-hivemq-platform-operator]
2025-01-30 18:31:48,278 INFO c.h.h.t.HelmChartContainer - [POD] hivemq-test-hivemq-platform-operator-6966f96d65-pq8zb [8d76f7f3-f5fe-4a1c-86ce-9f80713f6723] in helmmonitoringplatformit-operator was ADDED
2025-01-30 18:31:48,283 INFO c.h.h.t.HelmChartContainer - [EVENT] Normal [SuccessfulCreate] Created pod: hivemq-test-hivemq-platform-operator-6966f96d65-pq8zb [helmmonitoringplatformit-operator:hivemq-test-hivemq-platform-operator-6966f96d65]
2025-01-30 18:31:48,286 INFO c.h.h.t.HelmChartContainer - [K3S] [replica_set.go:679] "Finished syncing" kind="ReplicaSet" key="helmmonitoringplatformit-operator/hivemq-test-hivemq-platform-operator-6966f96d65" duration="15.146376ms"
2025-01-30 18:31:48,292 INFO c.h.h.t.HelmChartContainer - [EVENT] Normal [Scheduled] Successfully assigned helmmonitoringplatformit-operator/hivemq-test-hivemq-platform-operator-6966f96d65-pq8zb to 1176ab4d886c [helmmonitoringplatformit-operator:hivemq-test-hivemq-platform-operator-6966f96d65-pq8zb]
2025-01-30 18:31:48,292 INFO c.h.h.t.HelmChartContainer - [K3S] [memory_manager.go:355] "RemoveStaleState removing state" podUID="838451fe-84b4-4ba8-82fd-ebab896368fa" containerName="hivemq"
2025-01-30 18:31:48,293 INFO c.h.h.t.HelmChartContainer - [K3S] [memory_manager.go:355] "RemoveStaleState removing state" podUID="c3dfbabe-2085-4312-b513-a4a983f6b658" containerName="hivemq-platform-operator"
2025-01-30 18:31:48,294 INFO c.h.h.t.HelmChartContainer - [POD] hivemq-test-hivemq-platform-operator-6966f96d65-pq8zb [8d76f7f3-f5fe-4a1c-86ce-9f80713f6723] in helmmonitoringplatformit-operator was MODIFIED
2025-01-30 18:31:48,294 INFO c.h.h.t.HelmChartContainer - [K3S] [replica_set.go:679] "Finished syncing" kind="ReplicaSet" key="helmmonitoringplatformit-operator/hivemq-test-hivemq-platform-operator-6966f96d65" duration="7.871453ms"
2025-01-30 18:31:48,294 INFO c.h.h.t.HelmChartContainer - [K3S] [replica_set.go:679] "Finished syncing" kind="ReplicaSet" key="helmmonitoringplatformit-operator/hivemq-test-hivemq-platform-operator-6966f96d65" duration="34.985µs"
2025-01-30 18:31:48,303 INFO c.h.h.t.HelmChartContainer - [K3S] [replica_set.go:679] "Finished syncing" kind="ReplicaSet" key="helmmonitoringplatformit-operator/hivemq-test-hivemq-platform-operator-6966f96d65" duration="32.17µs"
2025-01-30 18:31:48,303 INFO c.h.h.t.HelmChartContainer - [POD] hivemq-test-hivemq-platform-operator-6966f96d65-pq8zb [8d76f7f3-f5fe-4a1c-86ce-9f80713f6723] in helmmonitoringplatformit-operator was MODIFIED
2025-01-30 18:31:48,434 INFO c.h.h.t.HelmChartContainer - [K3S] [reconciler_common.go:251] "operationExecutor.VerifyControllerAttachedVolume started for volume \"kube-api-access-h82mx\" (UniqueName: \"kubernetes.io/projected/8d76f7f3-f5fe-4a1c-86ce-9f80713f6723-kube-api-access-h82mx\") pod \"hivemq-test-hivemq-platform-operator-6966f96d65-pq8zb\" (UID: \"8d76f7f3-f5fe-4a1c-86ce-9f80713f6723\") " pod="helmmonitoringplatformit-operator/hivemq-test-hivemq-platform-operator-6966f96d65-pq8zb"
2025-01-30 18:31:48,688 INFO c.h.h.t.HelmChartContainer - [EVENT] Normal [Pulled] Container image "docker.io/hivemq/hivemq-platform-operator-test:snapshot" already present on machine [helmmonitoringplatformit-operator:hivemq-test-hivemq-platform-operator-6966f96d65-pq8zb]
2025-01-30 18:31:48,688 INFO c.h.h.t.HelmChartContainer - Received Pulled event for container hivemq-platform-operator in pod hivemq-test-hivemq-platform-operator-6966f96d65-pq8zb [8d76f7f3-f5fe-4a1c-86ce-9f80713f6723]
2025-01-30 18:31:49,907 INFO c.h.h.t.HelmChartContainer - [EVENT] Normal [Created] Created container: hivemq-platform-operator [helmmonitoringplatformit-operator:hivemq-test-hivemq-platform-operator-6966f96d65-pq8zb]
2025-01-30 18:31:49,908 INFO c.h.h.t.HelmChartContainer - Received Created event for container hivemq-platform-operator in pod hivemq-test-hivemq-platform-operator-6966f96d65-pq8zb [8d76f7f3-f5fe-4a1c-86ce-9f80713f6723]
2025-01-30 18:31:50,563 INFO c.h.h.t.HelmChartContainer - [K3S] [replica_set.go:679] "Finished syncing" kind="ReplicaSet" key="helmmonitoringplatformit-operator/hivemq-test-hivemq-platform-operator-6966f96d65" duration="43.29µs"
2025-01-30 18:31:50,565 INFO c.h.h.t.HelmChartContainer - [POD] hivemq-test-hivemq-platform-operator-6966f96d65-pq8zb [8d76f7f3-f5fe-4a1c-86ce-9f80713f6723] in helmmonitoringplatformit-operator was MODIFIED
2025-01-30 18:31:50,573 INFO c.h.h.t.HelmChartContainer - [EVENT] Normal [Started] Started container hivemq-platform-operator [helmmonitoringplatformit-operator:hivemq-test-hivemq-platform-operator-6966f96d65-pq8zb]
2025-01-30 18:31:50,573 INFO c.h.h.t.HelmChartContainer - Received Started event for container hivemq-platform-operator in pod hivemq-test-hivemq-platform-operator-6966f96d65-pq8zb [8d76f7f3-f5fe-4a1c-86ce-9f80713f6723]
2025-01-30 18:31:50,573 INFO c.h.h.t.HelmChartContainer - Started log watcher for hivemq-platform-operator in pod hivemq-test-hivemq-platform-operator-6966f96d65-pq8zb [8d76f7f3-f5fe-4a1c-86ce-9f80713f6723]
2025-01-30 18:31:50,573 INFO c.h.h.t.HelmChartContainer - [hivemq-test-hivemq-platform] [hivemq-platform-operator] [8d76f7f3] -------------------------------------------------------------------------
2025-01-30 18:31:50,573 INFO c.h.h.t.HelmChartContainer - [hivemq-test-hivemq-platform] [hivemq-platform-operator] [8d76f7f3] 
2025-01-30 18:31:50,573 INFO c.h.h.t.HelmChartContainer - [hivemq-test-hivemq-platform] [hivemq-platform-operator] [8d76f7f3]                   _    _  _              __  __   ____
2025-01-30 18:31:50,573 INFO c.h.h.t.HelmChartContainer - [hivemq-test-hivemq-platform] [hivemq-platform-operator] [8d76f7f3]                  | |  | |(_)            |  \/  | / __ \
2025-01-30 18:31:50,573 INFO c.h.h.t.HelmChartContainer - [hivemq-test-hivemq-platform] [hivemq-platform-operator] [8d76f7f3]                  | |__| | _ __   __ ___ | \  / || |  | |
2025-01-30 18:31:50,573 INFO c.h.h.t.HelmChartContainer - [hivemq-test-hivemq-platform] [hivemq-platform-operator] [8d76f7f3]                  |  __  || |\ \ / // _ \| |\/| || |  | |
2025-01-30 18:31:50,573 INFO c.h.h.t.HelmChartContainer - [hivemq-test-hivemq-platform] [hivemq-platform-operator] [8d76f7f3]                  | |  | || | \ V /|  __/| |  | || |__| |
2025-01-30 18:31:50,573 INFO c.h.h.t.HelmChartContainer - [hivemq-test-hivemq-platform] [hivemq-platform-operator] [8d76f7f3]                  |_|  |_||_|  \_/  \___||_|  |_| \___\_\
2025-01-30 18:31:50,573 INFO c.h.h.t.HelmChartContainer - [hivemq-test-hivemq-platform] [hivemq-platform-operator] [8d76f7f3] 
2025-01-30 18:31:50,574 INFO c.h.h.t.HelmChartContainer - [hivemq-test-hivemq-platform] [hivemq-platform-operator] [8d76f7f3] -------------------------------------------------------------------------
2025-01-30 18:31:50,574 INFO c.h.h.t.HelmChartContainer - [hivemq-test-hivemq-platform] [hivemq-platform-operator] [8d76f7f3] 
2025-01-30 18:31:50,574 INFO c.h.h.t.HelmChartContainer - [hivemq-test-hivemq-platform] [hivemq-platform-operator] [8d76f7f3]   HiveMQ Platform Operator Start Script v1.0
2025-01-30 18:31:50,574 INFO c.h.h.t.HelmChartContainer - [hivemq-test-hivemq-platform] [hivemq-platform-operator] [8d76f7f3] 
2025-01-30 18:31:50,574 INFO c.h.h.t.HelmChartContainer - [hivemq-test-hivemq-platform] [hivemq-platform-operator] [8d76f7f3] -------------------------------------------------------------------------
2025-01-30 18:31:50,574 INFO c.h.h.t.HelmChartContainer - [hivemq-test-hivemq-platform] [hivemq-platform-operator] [8d76f7f3] 
2025-01-30 18:31:50,574 INFO c.h.h.t.HelmChartContainer - [hivemq-test-hivemq-platform] [hivemq-platform-operator] [8d76f7f3]   JAVA_OPTS: -XX:+UnlockExperimentalVMOptions -XX:InitialRAMPercentage=75 -XX:MaxRAMPercentage=75 -Duser.language=en -Duser.region=US
2025-01-30 18:31:50,574 INFO c.h.h.t.HelmChartContainer - [hivemq-test-hivemq-platform] [hivemq-platform-operator] [8d76f7f3] 
2025-01-30 18:31:50,574 INFO c.h.h.t.HelmChartContainer - [hivemq-test-hivemq-platform] [hivemq-platform-operator] [8d76f7f3]   JAVA_VERSION: 21
2025-01-30 18:31:50,574 INFO c.h.h.t.HelmChartContainer - [hivemq-test-hivemq-platform] [hivemq-platform-operator] [8d76f7f3] 
2025-01-30 18:31:50,574 INFO c.h.h.t.HelmChartContainer - [hivemq-test-hivemq-platform] [hivemq-platform-operator] [8d76f7f3] -------------------------------------------------------------------------
2025-01-30 18:31:50,574 INFO c.h.h.t.HelmChartContainer - [hivemq-test-hivemq-platform] [hivemq-platform-operator] [8d76f7f3] 
2025-01-30 18:31:53,209 INFO c.h.h.t.HelmChartContainer - [hivemq-test-hivemq-platform] [hivemq-platform-operator] [8d76f7f3] 18:31:53.206 [main] DEBUG org.jboss.logging - Logging Provider: org.jboss.logging.Slf4jLoggerProvider
2025-01-30 18:31:53,313 INFO c.h.h.t.HelmChartContainer - [hivemq-test-hivemq-platform] [hivemq-platform-operator] [8d76f7f3] 18:31:53.312 [main] DEBUG io.smallrye.config - SRCFG01006: Loaded ConfigSource SysPropConfigSource with ordinal 400
2025-01-30 18:31:53,313 INFO c.h.h.t.HelmChartContainer - [hivemq-test-hivemq-platform] [hivemq-platform-operator] [8d76f7f3] 18:31:53.312 [main] DEBUG io.smallrye.config - SRCFG01006: Loaded ConfigSource EnvConfigSource with ordinal 300
2025-01-30 18:31:53,313 INFO c.h.h.t.HelmChartContainer - [hivemq-test-hivemq-platform] [hivemq-platform-operator] [8d76f7f3] 18:31:53.312 [main] DEBUG io.smallrye.config - SRCFG01006: Loaded ConfigSource PropertiesConfigSource[source=jar:file:///opt/hivemq-platform-operator/bin/hivemq-platform-operator.jar!/hivemq-platform-operator.properties] with ordinal 100
2025-01-30 18:31:53,313 INFO c.h.h.t.HelmChartContainer - [hivemq-test-hivemq-platform] [hivemq-platform-operator] [8d76f7f3] 18:31:53.312 [main] DEBUG io.smallrye.config - SRCFG01006: Loaded ConfigSource DefaultValuesConfigSource with ordinal -2147483648
2025-01-30 18:31:53,419 INFO c.h.h.t.HelmChartContainer - [hivemq-test-hivemq-platform] [hivemq-platform-operator] [8d76f7f3] 18:31:53.418 [main] DEBUG i.m.c.u.i.l.InternalLoggerFactory - Using SLF4J as the default logging framework
2025-01-30 18:31:53,601 INFO c.h.h.t.HelmChartContainer - [hivemq-test-hivemq-platform] [hivemq-platform-operator] [8d76f7f3] 18:31:53.510 [main] INFO  c.h.p.o.HiveMQPlatformOperatorApplication - HiveMQ Platform Operator 1.7.0-SNAPSHOT (commit: 47e3375 on branch: HEAD) built on Thu Jan 30 03:55:50 UTC 2025
2025-01-30 18:31:53,602 INFO c.h.h.t.HelmChartContainer - [hivemq-test-hivemq-platform] [hivemq-platform-operator] [8d76f7f3] 18:31:53.601 [main] INFO  c.h.p.o.HiveMQPlatformOperatorApplication - HiveMQ Platform Operator is running in namespace: helmmonitoringplatformit-operator
2025-01-30 18:31:53,602 INFO c.h.h.t.HelmChartContainer - [hivemq-test-hivemq-platform] [hivemq-platform-operator] [8d76f7f3] 18:31:53.601 [main] INFO  c.h.p.o.HiveMQPlatformOperatorApplication - Watching all namespaces
2025-01-30 18:31:53,602 INFO c.h.h.t.HelmChartContainer - [hivemq-test-hivemq-platform] [hivemq-platform-operator] [8d76f7f3] 18:31:53.601 [main] INFO  c.h.p.o.HiveMQPlatformOperatorApplication - Log level: DEBUG
2025-01-30 18:31:53,602 INFO c.h.h.t.HelmChartContainer - [hivemq-test-hivemq-platform] [hivemq-platform-operator] [8d76f7f3] 18:31:53.601 [main] INFO  c.h.p.o.HiveMQPlatformOperatorApplication - Release name: test-hivemq-platform-operator
2025-01-30 18:31:53,603 INFO c.h.h.t.HelmChartContainer - [hivemq-test-hivemq-platform] [hivemq-platform-operator] [8d76f7f3] 18:31:53.601 [main] INFO  c.h.p.o.HiveMQPlatformOperatorApplication - HiveMQ Platform Operator Init image: docker.io/hivemq/hivemq-platform-operator-init-test:snapshot
2025-01-30 18:31:53,603 INFO c.h.h.t.HelmChartContainer - [hivemq-test-hivemq-platform] [hivemq-platform-operator] [8d76f7f3] 18:31:53.601 [main] INFO  c.h.p.o.HiveMQPlatformOperatorApplication - HiveMQ Platform Operator Init App update URL: http://hivemq-platform-operator-test-hivemq-platform-operator.helmmonitoringplatformit-operator.svc:8080/initAppUpdate/hivemq-platform-operator-init-app-1.7.0-SNAPSHOT.jar
2025-01-30 18:31:53,603 INFO c.h.h.t.HelmChartContainer - [hivemq-test-hivemq-platform] [hivemq-platform-operator] [8d76f7f3] 18:31:53.601 [main] INFO  c.h.p.o.HiveMQPlatformOperatorApplication - Additional imagePullSecret for all Platform deployments: none
2025-01-30 18:31:53,603 INFO c.h.h.t.HelmChartContainer - [hivemq-test-hivemq-platform] [hivemq-platform-operator] [8d76f7f3] 18:31:53.601 [main] INFO  c.h.p.o.HiveMQPlatformOperatorApplication - Apply HiveMQ Platform CRD: true
2025-01-30 18:31:53,603 INFO c.h.h.t.HelmChartContainer - [hivemq-test-hivemq-platform] [hivemq-platform-operator] [8d76f7f3] 18:31:53.601 [main] INFO  c.h.p.o.HiveMQPlatformOperatorApplication - Create Platform ServiceAccount: true
2025-01-30 18:31:53,603 INFO c.h.h.t.HelmChartContainer - [hivemq-test-hivemq-platform] [hivemq-platform-operator] [8d76f7f3] 18:31:53.601 [main] INFO  c.h.p.o.HiveMQPlatformOperatorApplication - Create Platform ServiceAccount permissions: true
2025-01-30 18:31:53,603 INFO c.h.h.t.HelmChartContainer - [hivemq-test-hivemq-platform] [hivemq-platform-operator] [8d76f7f3] 18:31:53.602 [main] INFO  c.h.p.o.HiveMQPlatformOperatorApplication - Validate Platform ServiceAccount: true
2025-01-30 18:31:53,603 INFO c.h.h.t.HelmChartContainer - [hivemq-test-hivemq-platform] [hivemq-platform-operator] [8d76f7f3] 18:31:53.602 [main] INFO  c.h.p.o.HiveMQPlatformOperatorApplication - Validate Platform ServiceAccount permissions: true
2025-01-30 18:31:53,726 INFO c.h.h.t.HelmChartContainer - [hivemq-test-hivemq-platform] [hivemq-platform-operator] [8d76f7f3] 18:31:53.725 [main] INFO  c.h.platform.operator.util.CRDUtil - Verifying deployed HiveMQ Platform CRD...
2025-01-30 18:31:56,301 INFO c.h.h.t.HelmChartContainer - [hivemq-test-hivemq-platform] [hivemq-platform-operator] [8d76f7f3] 18:31:56.300 [main] DEBUG c.h.platform.operator.util.CRDUtil - HiveMQ Platform CRD version v1 is up to date
2025-01-30 18:31:56,303 INFO c.h.h.t.HelmChartContainer - [hivemq-test-hivemq-platform] [hivemq-platform-operator] [8d76f7f3] 18:31:56.301 [main] INFO  c.h.platform.operator.util.CRDUtil - HiveMQ Platform CRD is up to date (version: V1_6_0)
2025-01-30 18:31:56,303 INFO c.h.h.t.HelmChartContainer - [hivemq-test-hivemq-platform] [hivemq-platform-operator] [8d76f7f3] 18:31:56.301 [main] INFO  c.h.platform.operator.util.CRDUtil - Waiting 10000 ms for HiveMQ Platform CRD 'hivemq-platforms.hivemq.com' to become ready...
2025-01-30 18:31:56,608 INFO c.h.h.t.HelmChartContainer - [hivemq-test-hivemq-platform] [hivemq-platform-operator] [8d76f7f3] 18:31:56.607 [vert.x-eventloop-thread-1] DEBUG c.h.platform.operator.util.CRDUtil - Checking CRD condition 'NamesAccepted' (status: 'True')
2025-01-30 18:31:56,609 INFO c.h.h.t.HelmChartContainer - [hivemq-test-hivemq-platform] [hivemq-platform-operator] [8d76f7f3] 18:31:56.607 [vert.x-eventloop-thread-1] DEBUG c.h.platform.operator.util.CRDUtil - Checking CRD condition 'Established' (status: 'True')
2025-01-30 18:31:56,610 INFO c.h.h.t.HelmChartContainer - [hivemq-test-hivemq-platform] [hivemq-platform-operator] [8d76f7f3] 18:31:56.609 [main] INFO  c.h.platform.operator.util.CRDUtil - HiveMQ Platform CRD 'hivemq-platforms.hivemq.com' is ready
2025-01-30 18:31:56,802 INFO c.h.h.t.HelmChartContainer - [hivemq-test-hivemq-platform] [hivemq-platform-operator] [8d76f7f3] 18:31:56.801 [main] INFO  c.h.p.o.HiveMQPlatformReconciler - HiveMQ Platform Operator is starting...
2025-01-30 18:31:56,825 INFO c.h.h.t.HelmChartContainer - [hivemq-test-hivemq-platform] [hivemq-platform-operator] [8d76f7f3] 18:31:56.823 [main] WARN  Default ConfigurationService implementation - Configuration for reconciler 'hivemq-controller' was not found. Known reconcilers: None.
2025-01-30 18:31:56,905 INFO c.h.h.t.HelmChartContainer - [hivemq-test-hivemq-platform] [hivemq-platform-operator] [8d76f7f3] 18:31:56.904 [main] INFO  Default ConfigurationService implementation - Created configuration for reconciler com.hivemq.platform.operator.HiveMQPlatformReconciler with name hivemq-controller
2025-01-30 18:31:57,003 INFO c.h.h.t.HelmChartContainer - [hivemq-test-hivemq-platform] [hivemq-platform-operator] [8d76f7f3] 18:31:57.002 [main] DEBUG c.h.p.o.HiveMQPlatformReconciler - HiveMQ Platform Operator is preparing EventSources
2025-01-30 18:31:57,015 INFO c.h.h.t.HelmChartContainer - [hivemq-test-hivemq-platform] [hivemq-platform-operator] [8d76f7f3] 18:31:57.014 [main] INFO  i.javaoperatorsdk.operator.Operator - Registered reconciler: 'hivemq-controller' for resource: 'class com.hivemq.platform.operator.v1.HiveMQPlatform' for namespace(s): [all namespaces]
2025-01-30 18:31:57,611 INFO c.h.h.t.HelmChartContainer - [hivemq-test-hivemq-platform] [hivemq-platform-operator] [8d76f7f3] 18:31:57.609 [main] INFO  c.h.p.operator.webserver.JettyServer - Starting Jetty server on port 8080
2025-01-30 18:31:57,713 INFO c.h.h.t.HelmChartContainer - [hivemq-test-hivemq-platform] [hivemq-platform-operator] [8d76f7f3] 18:31:57.711 [main] INFO  i.javaoperatorsdk.operator.Operator - Operator SDK 4.9.7 (commit: 2133d28) built on Wed Nov 20 12:56:20 UTC 2024 starting...
2025-01-30 18:31:57,714 INFO c.h.h.t.HelmChartContainer - [hivemq-test-hivemq-platform] [hivemq-platform-operator] [8d76f7f3] 18:31:57.712 [main] INFO  i.javaoperatorsdk.operator.Operator - Client version: 6.13.5
2025-01-30 18:31:57,715 INFO c.h.h.t.HelmChartContainer - [hivemq-test-hivemq-platform] [hivemq-platform-operator] [8d76f7f3] 18:31:57.713 [Controller Starter for: hivemq-controller] INFO  i.j.operator.processing.Controller - Starting 'hivemq-controller' controller for reconciler: com.hivemq.platform.operator.HiveMQPlatformReconciler, resource: com.hivemq.platform.operator.v1.HiveMQPlatform
2025-01-30 18:32:00,300 INFO c.h.h.t.HelmChartContainer - [hivemq-test-hivemq-platform] [hivemq-platform-operator] [8d76f7f3] 18:32:00.299 [Controller Starter for: hivemq-controller] INFO  i.j.operator.processing.Controller - 'hivemq-controller' controller started
2025-01-30 18:32:00,301 INFO c.h.h.t.HelmChartContainer - [hivemq-test-hivemq-platform] [hivemq-platform-operator] [8d76f7f3] 18:32:00.300 [main] INFO  c.h.p.o.HiveMQPlatformOperatorApplication - HiveMQ Platform Operator 1.7.0-SNAPSHOT started in 6789 ms
2025-01-30 18:32:01,575 INFO c.h.h.t.HelmChartContainer - [POD] hivemq-test-hivemq-platform-operator-6966f96d65-pq8zb [8d76f7f3-f5fe-4a1c-86ce-9f80713f6723] in helmmonitoringplatformit-operator was MODIFIED
2025-01-30 18:32:01,581 INFO c.h.h.t.HelmChartContainer - [K3S] [replica_set.go:679] "Finished syncing" kind="ReplicaSet" key="helmmonitoringplatformit-operator/hivemq-test-hivemq-platform-operator-6966f96d65" duration="10.074067ms"
2025-01-30 18:32:01,581 INFO c.h.h.t.HelmChartContainer - [K3S] [replica_set.go:679] "Finished syncing" kind="ReplicaSet" key="helmmonitoringplatformit-operator/hivemq-test-hivemq-platform-operator-6966f96d65" duration="426.578µs"
2025-01-30 18:32:02,629 DEBUG c.h.h.t.HelmChartContainer - Executing helm command: /bin/helm --kubeconfig /etc/rancher/k3s/k3s.yaml repo add prometheus-community https://prometheus-community.github.io/helm-charts
2025-01-30 18:32:03,107 DEBUG c.h.h.t.HelmChartContainer - Executing helm command: /bin/helm --kubeconfig /etc/rancher/k3s/k3s.yaml install monitoring-stack prometheus-community/kube-prometheus-stack --wait --timeout 5m0s --set prometheus-node-exporter.hostRootFsMount.enabled=false -n monitoring --create-namespace
2025-01-30 18:32:09,960 INFO c.h.h.t.HelmChartContainer - [K3S] [job_controller.go:598] "enqueueing job" key="monitoring/monitoring-stack-kube-prom-admission-create" delay="0s"
2025-01-30 18:32:09,975 INFO c.h.h.t.HelmChartContainer - [K3S] [job_controller.go:598] "enqueueing job" key="monitoring/monitoring-stack-kube-prom-admission-create" delay="1s"
2025-01-30 18:32:09,979 INFO c.h.h.t.HelmChartContainer - [POD] monitoring-stack-kube-prom-admission-create-jz2dm [6414468a-9573-4738-99b9-83605b3628be] in monitoring was ADDED
2025-01-30 18:32:09,984 INFO c.h.h.t.HelmChartContainer - [K3S] [job_controller.go:598] "enqueueing job" key="monitoring/monitoring-stack-kube-prom-admission-create" delay="1s"
2025-01-30 18:32:09,986 INFO c.h.h.t.HelmChartContainer - [K3S] [job_controller.go:598] "enqueueing job" key="monitoring/monitoring-stack-kube-prom-admission-create" delay="1s"
2025-01-30 18:32:09,986 INFO c.h.h.t.HelmChartContainer - [EVENT] Normal [SuccessfulCreate] Created pod: monitoring-stack-kube-prom-admission-create-jz2dm [monitoring:monitoring-stack-kube-prom-admission-create]
2025-01-30 18:32:09,988 INFO c.h.h.t.HelmChartContainer - [POD] monitoring-stack-kube-prom-admission-create-jz2dm [6414468a-9573-4738-99b9-83605b3628be] in monitoring was MODIFIED
2025-01-30 18:32:09,989 INFO c.h.h.t.HelmChartContainer - [EVENT] Normal [Scheduled] Successfully assigned monitoring/monitoring-stack-kube-prom-admission-create-jz2dm to 1176ab4d886c [monitoring:monitoring-stack-kube-prom-admission-create-jz2dm]
2025-01-30 18:32:09,994 INFO c.h.h.t.HelmChartContainer - [K3S] [job_controller.go:598] "enqueueing job" key="monitoring/monitoring-stack-kube-prom-admission-create" delay="1s"
2025-01-30 18:32:09,995 INFO c.h.h.t.HelmChartContainer - [POD] monitoring-stack-kube-prom-admission-create-jz2dm [6414468a-9573-4738-99b9-83605b3628be] in monitoring was MODIFIED
2025-01-30 18:32:10,107 INFO c.h.h.t.HelmChartContainer - [K3S] [reconciler_common.go:251] "operationExecutor.VerifyControllerAttachedVolume started for volume \"kube-api-access-zxd98\" (UniqueName: \"kubernetes.io/projected/6414468a-9573-4738-99b9-83605b3628be-kube-api-access-zxd98\") pod \"monitoring-stack-kube-prom-admission-create-jz2dm\" (UID: \"6414468a-9573-4738-99b9-83605b3628be\") " pod="monitoring/monitoring-stack-kube-prom-admission-create-jz2dm"
2025-01-30 18:32:10,376 INFO c.h.h.t.HelmChartContainer - [EVENT] Normal [Pulling] Pulling image "registry.k8s.io/ingress-nginx/kube-webhook-certgen:v1.5.1" [monitoring:monitoring-stack-kube-prom-admission-create-jz2dm]
2025-01-30 18:32:11,499 INFO c.h.h.t.HelmChartContainer - [EVENT] Normal [Pulled] Successfully pulled image "registry.k8s.io/ingress-nginx/kube-webhook-certgen:v1.5.1" in 1.124s (1.124s including waiting). Image size: 27079554 bytes. [monitoring:monitoring-stack-kube-prom-admission-create-jz2dm]
2025-01-30 18:32:11,507 INFO c.h.h.t.HelmChartContainer - [EVENT] Normal [Created] Created container: create [monitoring:monitoring-stack-kube-prom-admission-create-jz2dm]
2025-01-30 18:32:11,563 INFO c.h.h.t.HelmChartContainer - [EVENT] Normal [Started] Started container create [monitoring:monitoring-stack-kube-prom-admission-create-jz2dm]
2025-01-30 18:32:11,609 INFO c.h.h.t.HelmChartContainer - [K3S] [job_controller.go:598] "enqueueing job" key="monitoring/monitoring-stack-kube-prom-admission-create" delay="1s"
2025-01-30 18:32:11,611 INFO c.h.h.t.HelmChartContainer - [POD] monitoring-stack-kube-prom-admission-create-jz2dm [6414468a-9573-4738-99b9-83605b3628be] in monitoring was MODIFIED
2025-01-30 18:32:12,606 INFO c.h.h.t.HelmChartContainer - [K3S] [job_controller.go:598] "enqueueing job" key="monitoring/monitoring-stack-kube-prom-admission-create" delay="1s"
2025-01-30 18:32:12,609 INFO c.h.h.t.HelmChartContainer - [K3S] [job_controller.go:598] "enqueueing job" key="monitoring/monitoring-stack-kube-prom-admission-create" delay="1s"
2025-01-30 18:32:12,610 INFO c.h.h.t.HelmChartContainer - [POD] monitoring-stack-kube-prom-admission-create-jz2dm [6414468a-9573-4738-99b9-83605b3628be] in monitoring was MODIFIED
2025-01-30 18:32:13,610 INFO c.h.h.t.HelmChartContainer - [K3S] [job_controller.go:598] "enqueueing job" key="monitoring/monitoring-stack-kube-prom-admission-create" delay="1s"
2025-01-30 18:32:13,665 INFO c.h.h.t.HelmChartContainer - [POD] monitoring-stack-kube-prom-admission-create-jz2dm [6414468a-9573-4738-99b9-83605b3628be] in monitoring was MODIFIED
2025-01-30 18:32:13,665 INFO c.h.h.t.HelmChartContainer - [K3S] [job_controller.go:598] "enqueueing job" key="monitoring/monitoring-stack-kube-prom-admission-create" delay="1s"
2025-01-30 18:32:13,727 INFO c.h.h.t.HelmChartContainer - [K3S] [reconciler_common.go:162] "operationExecutor.UnmountVolume started for volume \"kube-api-access-zxd98\" (UniqueName: \"kubernetes.io/projected/6414468a-9573-4738-99b9-83605b3628be-kube-api-access-zxd98\") pod \"6414468a-9573-4738-99b9-83605b3628be\" (UID: \"6414468a-9573-4738-99b9-83605b3628be\") "
2025-01-30 18:32:13,828 INFO c.h.h.t.HelmChartContainer - [K3S] [reconciler_common.go:299] "Volume detached for volume \"kube-api-access-zxd98\" (UniqueName: \"kubernetes.io/projected/6414468a-9573-4738-99b9-83605b3628be-kube-api-access-zxd98\") on node \"1176ab4d886c\" DevicePath \"\""
2025-01-30 18:32:14,602 INFO c.h.h.t.HelmChartContainer - [K3S] [pod_container_deletor.go:80] "Container not found in pod's containers" containerID="4d2c6a326933cf13c9fbfbd0145d725ad9496a62a38e2a89c33135a9bbc3d653"
2025-01-30 18:32:14,613 INFO c.h.h.t.HelmChartContainer - [K3S] [job_controller.go:598] "enqueueing job" key="monitoring/monitoring-stack-kube-prom-admission-create" delay="1s"
2025-01-30 18:32:14,617 INFO c.h.h.t.HelmChartContainer - [K3S] [job_controller.go:598] "enqueueing job" key="monitoring/monitoring-stack-kube-prom-admission-create" delay="1s"
2025-01-30 18:32:14,619 INFO c.h.h.t.HelmChartContainer - [POD] monitoring-stack-kube-prom-admission-create-jz2dm [6414468a-9573-4738-99b9-83605b3628be] in monitoring was MODIFIED
2025-01-30 18:32:14,623 INFO c.h.h.t.HelmChartContainer - [EVENT] Normal [Completed] Job completed [monitoring:monitoring-stack-kube-prom-admission-create]
2025-01-30 18:32:14,629 INFO c.h.h.t.HelmChartContainer - [K3S] [job_controller.go:598] "enqueueing job" key="monitoring/monitoring-stack-kube-prom-admission-create" delay="0s"
2025-01-30 18:32:14,641 INFO c.h.h.t.HelmChartContainer - [POD] monitoring-stack-kube-prom-admission-create-jz2dm [6414468a-9573-4738-99b9-83605b3628be] in monitoring was MODIFIED
2025-01-30 18:32:14,645 INFO c.h.h.t.HelmChartContainer - [POD] monitoring-stack-kube-prom-admission-create-jz2dm [6414468a-9573-4738-99b9-83605b3628be] in monitoring was DELETED
2025-01-30 18:32:14,819 INFO c.h.h.t.HelmChartContainer - [K3S] [alloc.go:330] "allocated clusterIPs" service="monitoring/monitoring-stack-kube-prom-prometheus" clusterIPs={"IPv4":"10.43.167.119"}
2025-01-30 18:32:14,823 INFO c.h.h.t.HelmChartContainer - [K3S] [alloc.go:330] "allocated clusterIPs" service="monitoring/monitoring-stack-prometheus-node-exporter" clusterIPs={"IPv4":"10.43.212.66"}
2025-01-30 18:32:14,829 INFO c.h.h.t.HelmChartContainer - [K3S] [alloc.go:330] "allocated clusterIPs" service="monitoring/monitoring-stack-kube-prom-alertmanager" clusterIPs={"IPv4":"10.43.96.30"}
2025-01-30 18:32:14,835 INFO c.h.h.t.HelmChartContainer - [K3S] [alloc.go:330] "allocated clusterIPs" service="monitoring/monitoring-stack-kube-state-metrics" clusterIPs={"IPv4":"10.43.131.251"}
2025-01-30 18:32:14,845 INFO c.h.h.t.HelmChartContainer - [K3S] [alloc.go:330] "allocated clusterIPs" service="monitoring/monitoring-stack-grafana" clusterIPs={"IPv4":"10.43.69.218"}
2025-01-30 18:32:14,847 INFO c.h.h.t.HelmChartContainer - [K3S] [alloc.go:330] "allocated clusterIPs" service="monitoring/monitoring-stack-kube-prom-operator" clusterIPs={"IPv4":"10.43.53.86"}
2025-01-30 18:32:14,877 INFO c.h.h.t.HelmChartContainer - [EVENT] Normal [ScalingReplicaSet] Scaled up replica set monitoring-stack-kube-state-metrics-5bf5c7b54d from 0 to 1 [monitoring:monitoring-stack-kube-state-metrics]
2025-01-30 18:32:14,882 INFO c.h.h.t.HelmChartContainer - [POD] monitoring-stack-kube-state-metrics-5bf5c7b54d-8pkt6 [c45260c2-2616-4b56-918e-f4fc963d7da7] in monitoring was ADDED
2025-01-30 18:32:14,890 INFO c.h.h.t.HelmChartContainer - [POD] monitoring-stack-kube-state-metrics-5bf5c7b54d-8pkt6 [c45260c2-2616-4b56-918e-f4fc963d7da7] in monitoring was MODIFIED
2025-01-30 18:32:14,891 INFO c.h.h.t.HelmChartContainer - [K3S] [memory_manager.go:355] "RemoveStaleState removing state" podUID="6414468a-9573-4738-99b9-83605b3628be" containerName="create"
2025-01-30 18:32:14,899 INFO c.h.h.t.HelmChartContainer - [EVENT] Normal [ScalingReplicaSet] Scaled up replica set monitoring-stack-grafana-64c55fb967 from 0 to 1 [monitoring:monitoring-stack-grafana]
2025-01-30 18:32:14,899 INFO c.h.h.t.HelmChartContainer - [EVENT] Normal [SuccessfulCreate] Created pod: monitoring-stack-kube-state-metrics-5bf5c7b54d-8pkt6 [monitoring:monitoring-stack-kube-state-metrics-5bf5c7b54d]
2025-01-30 18:32:14,906 INFO c.h.h.t.HelmChartContainer - [POD] monitoring-stack-prometheus-node-exporter-9n5n5 [0b93e16c-eb98-403c-8f6c-46598633f1b1] in monitoring was ADDED
2025-01-30 18:32:14,908 INFO c.h.h.t.HelmChartContainer - [POD] monitoring-stack-grafana-64c55fb967-gmfl8 [f4a3542b-c15b-45c6-9e95-802d35867d57] in monitoring was ADDED
2025-01-30 18:32:14,913 INFO c.h.h.t.HelmChartContainer - [EVENT] Normal [Scheduled] Successfully assigned monitoring/monitoring-stack-kube-state-metrics-5bf5c7b54d-8pkt6 to 1176ab4d886c [monitoring:monitoring-stack-kube-state-metrics-5bf5c7b54d-8pkt6]
2025-01-30 18:32:14,921 INFO c.h.h.t.HelmChartContainer - [K3S] [replica_set.go:679] "Finished syncing" kind="ReplicaSet" key="monitoring/monitoring-stack-kube-state-metrics-5bf5c7b54d" duration="54.670026ms"
2025-01-30 18:32:14,932 INFO c.h.h.t.HelmChartContainer - [K3S] [reconciler_common.go:251] "operationExecutor.VerifyControllerAttachedVolume started for volume \"kube-api-access-xv4vz\" (UniqueName: \"kubernetes.io/projected/c45260c2-2616-4b56-918e-f4fc963d7da7-kube-api-access-xv4vz\") pod \"monitoring-stack-kube-state-metrics-5bf5c7b54d-8pkt6\" (UID: \"c45260c2-2616-4b56-918e-f4fc963d7da7\") " pod="monitoring/monitoring-stack-kube-state-metrics-5bf5c7b54d-8pkt6"
2025-01-30 18:32:14,939 INFO c.h.h.t.HelmChartContainer - [K3S] [dispatcher.go:210] Failed calling webhook, failing open prometheusrulemutate.monitoring.coreos.com: failed calling webhook "prometheusrulemutate.monitoring.coreos.com": failed to call webhook: Post "https://monitoring-stack-kube-prom-operator.monitoring.svc:443/admission-prometheusrules/mutate?timeout=10s": no endpoints available for service "monitoring-stack-kube-prom-operator"
2025-01-30 18:32:14,939 INFO c.h.h.t.HelmChartContainer - [K3S] [dispatcher.go:214] "Unhandled Error" err="failed calling webhook \"prometheusrulemutate.monitoring.coreos.com\": failed to call webhook: Post \"https://monitoring-stack-kube-prom-operator.monitoring.svc:443/admission-prometheusrules/mutate?timeout=10s\": no endpoints available for service \"monitoring-stack-kube-prom-operator\""
2025-01-30 18:32:14,941 INFO c.h.h.t.HelmChartContainer - [K3S] [dispatcher.go:210] Failed calling webhook, failing open prometheusrulemutate.monitoring.coreos.com: failed calling webhook "prometheusrulemutate.monitoring.coreos.com": failed to call webhook: Post "https://monitoring-stack-kube-prom-operator.monitoring.svc:443/admission-prometheusrules/mutate?timeout=10s": no endpoints available for service "monitoring-stack-kube-prom-operator"
2025-01-30 18:32:14,941 INFO c.h.h.t.HelmChartContainer - [K3S] [dispatcher.go:214] "Unhandled Error" err="failed calling webhook \"prometheusrulemutate.monitoring.coreos.com\": failed to call webhook: Post \"https://monitoring-stack-kube-prom-operator.monitoring.svc:443/admission-prometheusrules/mutate?timeout=10s\": no endpoints available for service \"monitoring-stack-kube-prom-operator\""
2025-01-30 18:32:14,945 INFO c.h.h.t.HelmChartContainer - [EVENT] Normal [ScalingReplicaSet] Scaled up replica set monitoring-stack-kube-prom-operator-6998896c from 0 to 1 [monitoring:monitoring-stack-kube-prom-operator]
2025-01-30 18:32:14,949 INFO c.h.h.t.HelmChartContainer - [EVENT] Normal [SuccessfulCreate] Created pod: monitoring-stack-prometheus-node-exporter-9n5n5 [monitoring:monitoring-stack-prometheus-node-exporter]
2025-01-30 18:32:14,949 INFO c.h.h.t.HelmChartContainer - [K3S] [dispatcher.go:210] Failed calling webhook, failing open prometheusrulemutate.monitoring.coreos.com: failed calling webhook "prometheusrulemutate.monitoring.coreos.com": failed to call webhook: Post "https://monitoring-stack-kube-prom-operator.monitoring.svc:443/admission-prometheusrules/mutate?timeout=10s": no endpoints available for service "monitoring-stack-kube-prom-operator"
2025-01-30 18:32:14,950 INFO c.h.h.t.HelmChartContainer - [K3S] [dispatcher.go:214] "Unhandled Error" err="failed calling webhook \"prometheusrulemutate.monitoring.coreos.com\": failed to call webhook: Post \"https://monitoring-stack-kube-prom-operator.monitoring.svc:443/admission-prometheusrules/mutate?timeout=10s\": no endpoints available for service \"monitoring-stack-kube-prom-operator\""
2025-01-30 18:32:14,951 INFO c.h.h.t.HelmChartContainer - [K3S] [dispatcher.go:210] Failed calling webhook, failing open prometheusrulemutate.monitoring.coreos.com: failed calling webhook "prometheusrulemutate.monitoring.coreos.com": failed to call webhook: Post "https://monitoring-stack-kube-prom-operator.monitoring.svc:443/admission-prometheusrules/mutate?timeout=10s": no endpoints available for service "monitoring-stack-kube-prom-operator"
2025-01-30 18:32:14,951 INFO c.h.h.t.HelmChartContainer - [K3S] [dispatcher.go:214] "Unhandled Error" err="failed calling webhook \"prometheusrulemutate.monitoring.coreos.com\": failed to call webhook: Post \"https://monitoring-stack-kube-prom-operator.monitoring.svc:443/admission-prometheusrules/mutate?timeout=10s\": no endpoints available for service \"monitoring-stack-kube-prom-operator\""
2025-01-30 18:32:14,952 INFO c.h.h.t.HelmChartContainer - [K3S] [dispatcher.go:210] Failed calling webhook, failing open prometheusrulemutate.monitoring.coreos.com: failed calling webhook "prometheusrulemutate.monitoring.coreos.com": failed to call webhook: Post "https://monitoring-stack-kube-prom-operator.monitoring.svc:443/admission-prometheusrules/mutate?timeout=10s": no endpoints available for service "monitoring-stack-kube-prom-operator"
2025-01-30 18:32:14,953 INFO c.h.h.t.HelmChartContainer - [K3S] [dispatcher.go:214] "Unhandled Error" err="failed calling webhook \"prometheusrulemutate.monitoring.coreos.com\": failed to call webhook: Post \"https://monitoring-stack-kube-prom-operator.monitoring.svc:443/admission-prometheusrules/mutate?timeout=10s\": no endpoints available for service \"monitoring-stack-kube-prom-operator\""
2025-01-30 18:32:14,954 INFO c.h.h.t.HelmChartContainer - [K3S] [dispatcher.go:210] Failed calling webhook, failing open prometheusrulemutate.monitoring.coreos.com: failed calling webhook "prometheusrulemutate.monitoring.coreos.com": failed to call webhook: Post "https://monitoring-stack-kube-prom-operator.monitoring.svc:443/admission-prometheusrules/mutate?timeout=10s": no endpoints available for service "monitoring-stack-kube-prom-operator"
2025-01-30 18:32:14,955 INFO c.h.h.t.HelmChartContainer - [K3S] [dispatcher.go:214] "Unhandled Error" err="failed calling webhook \"prometheusrulemutate.monitoring.coreos.com\": failed to call webhook: Post \"https://monitoring-stack-kube-prom-operator.monitoring.svc:443/admission-prometheusrules/mutate?timeout=10s\": no endpoints available for service \"monitoring-stack-kube-prom-operator\""
2025-01-30 18:32:14,955 INFO c.h.h.t.HelmChartContainer - [K3S] [dispatcher.go:210] Failed calling webhook, failing open prometheusrulemutate.monitoring.coreos.com: failed calling webhook "prometheusrulemutate.monitoring.coreos.com": failed to call webhook: Post "https://monitoring-stack-kube-prom-operator.monitoring.svc:443/admission-prometheusrules/mutate?timeout=10s": no endpoints available for service "monitoring-stack-kube-prom-operator"
2025-01-30 18:32:14,956 INFO c.h.h.t.HelmChartContainer - [EVENT] Normal [SuccessfulCreate] Created pod: monitoring-stack-grafana-64c55fb967-gmfl8 [monitoring:monitoring-stack-grafana-64c55fb967]
2025-01-30 18:32:14,956 INFO c.h.h.t.HelmChartContainer - [K3S] [dispatcher.go:214] "Unhandled Error" err="failed calling webhook \"prometheusrulemutate.monitoring.coreos.com\": failed to call webhook: Post \"https://monitoring-stack-kube-prom-operator.monitoring.svc:443/admission-prometheusrules/mutate?timeout=10s\": no endpoints available for service \"monitoring-stack-kube-prom-operator\""
2025-01-30 18:32:14,962 INFO c.h.h.t.HelmChartContainer - [K3S] [dispatcher.go:210] Failed calling webhook, failing open prometheusrulemutate.monitoring.coreos.com: failed calling webhook "prometheusrulemutate.monitoring.coreos.com": failed to call webhook: Post "https://monitoring-stack-kube-prom-operator.monitoring.svc:443/admission-prometheusrules/mutate?timeout=10s": no endpoints available for service "monitoring-stack-kube-prom-operator"
2025-01-30 18:32:14,962 INFO c.h.h.t.HelmChartContainer - [K3S] [dispatcher.go:214] "Unhandled Error" err="failed calling webhook \"prometheusrulemutate.monitoring.coreos.com\": failed to call webhook: Post \"https://monitoring-stack-kube-prom-operator.monitoring.svc:443/admission-prometheusrules/mutate?timeout=10s\": no endpoints available for service \"monitoring-stack-kube-prom-operator\""
2025-01-30 18:32:14,963 INFO c.h.h.t.HelmChartContainer - [K3S] [dispatcher.go:210] Failed calling webhook, failing open prometheusrulemutate.monitoring.coreos.com: failed calling webhook "prometheusrulemutate.monitoring.coreos.com": failed to call webhook: Post "https://monitoring-stack-kube-prom-operator.monitoring.svc:443/admission-prometheusrules/mutate?timeout=10s": no endpoints available for service "monitoring-stack-kube-prom-operator"
2025-01-30 18:32:14,963 INFO c.h.h.t.HelmChartContainer - [K3S] [dispatcher.go:214] "Unhandled Error" err="failed calling webhook \"prometheusrulemutate.monitoring.coreos.com\": failed to call webhook: Post \"https://monitoring-stack-kube-prom-operator.monitoring.svc:443/admission-prometheusrules/mutate?timeout=10s\": no endpoints available for service \"monitoring-stack-kube-prom-operator\""
2025-01-30 18:32:14,965 INFO c.h.h.t.HelmChartContainer - [POD] monitoring-stack-kube-prom-operator-6998896c-4h4jd [5c08a30c-b3e8-43ea-8864-9a6976a78c46] in monitoring was ADDED
2025-01-30 18:32:14,965 INFO c.h.h.t.HelmChartContainer - [POD] monitoring-stack-kube-state-metrics-5bf5c7b54d-8pkt6 [c45260c2-2616-4b56-918e-f4fc963d7da7] in monitoring was MODIFIED
2025-01-30 18:32:14,965 INFO c.h.h.t.HelmChartContainer - [POD] monitoring-stack-prometheus-node-exporter-9n5n5 [0b93e16c-eb98-403c-8f6c-46598633f1b1] in monitoring was MODIFIED
2025-01-30 18:32:14,967 INFO c.h.h.t.HelmChartContainer - [K3S] [replica_set.go:679] "Finished syncing" kind="ReplicaSet" key="monitoring/monitoring-stack-kube-state-metrics-5bf5c7b54d" duration="46.563972ms"
2025-01-30 18:32:14,968 INFO c.h.h.t.HelmChartContainer - [K3S] [replica_set.go:679] "Finished syncing" kind="ReplicaSet" key="monitoring/monitoring-stack-kube-state-metrics-5bf5c7b54d" duration="132.226µs"
2025-01-30 18:32:14,969 INFO c.h.h.t.HelmChartContainer - [K3S] [dispatcher.go:210] Failed calling webhook, failing open prometheusrulemutate.monitoring.coreos.com: failed calling webhook "prometheusrulemutate.monitoring.coreos.com": failed to call webhook: Post "https://monitoring-stack-kube-prom-operator.monitoring.svc:443/admission-prometheusrules/mutate?timeout=10s": no endpoints available for service "monitoring-stack-kube-prom-operator"
2025-01-30 18:32:14,969 INFO c.h.h.t.HelmChartContainer - [K3S] [dispatcher.go:214] "Unhandled Error" err="failed calling webhook \"prometheusrulemutate.monitoring.coreos.com\": failed to call webhook: Post \"https://monitoring-stack-kube-prom-operator.monitoring.svc:443/admission-prometheusrules/mutate?timeout=10s\": no endpoints available for service \"monitoring-stack-kube-prom-operator\""
2025-01-30 18:32:14,969 INFO c.h.h.t.HelmChartContainer - [K3S] [dispatcher.go:210] Failed calling webhook, failing open prometheusrulemutate.monitoring.coreos.com: failed calling webhook "prometheusrulemutate.monitoring.coreos.com": failed to call webhook: Post "https://monitoring-stack-kube-prom-operator.monitoring.svc:443/admission-prometheusrules/mutate?timeout=10s": no endpoints available for service "monitoring-stack-kube-prom-operator"
2025-01-30 18:32:14,970 INFO c.h.h.t.HelmChartContainer - [K3S] [dispatcher.go:214] "Unhandled Error" err="failed calling webhook \"prometheusrulemutate.monitoring.coreos.com\": failed to call webhook: Post \"https://monitoring-stack-kube-prom-operator.monitoring.svc:443/admission-prometheusrules/mutate?timeout=10s\": no endpoints available for service \"monitoring-stack-kube-prom-operator\""
2025-01-30 18:32:14,971 INFO c.h.h.t.HelmChartContainer - [K3S] [dispatcher.go:210] Failed calling webhook, failing open prometheusrulemutate.monitoring.coreos.com: failed calling webhook "prometheusrulemutate.monitoring.coreos.com": failed to call webhook: Post "https://monitoring-stack-kube-prom-operator.monitoring.svc:443/admission-prometheusrules/mutate?timeout=10s": no endpoints available for service "monitoring-stack-kube-prom-operator"
2025-01-30 18:32:14,971 INFO c.h.h.t.HelmChartContainer - [K3S] [dispatcher.go:214] "Unhandled Error" err="failed calling webhook \"prometheusrulemutate.monitoring.coreos.com\": failed to call webhook: Post \"https://monitoring-stack-kube-prom-operator.monitoring.svc:443/admission-prometheusrules/mutate?timeout=10s\": no endpoints available for service \"monitoring-stack-kube-prom-operator\""
2025-01-30 18:32:14,971 INFO c.h.h.t.HelmChartContainer - [K3S] [dispatcher.go:210] Failed calling webhook, failing open prometheusrulemutate.monitoring.coreos.com: failed calling webhook "prometheusrulemutate.monitoring.coreos.com": failed to call webhook: Post "https://monitoring-stack-kube-prom-operator.monitoring.svc:443/admission-prometheusrules/mutate?timeout=10s": no endpoints available for service "monitoring-stack-kube-prom-operator"
2025-01-30 18:32:14,971 INFO c.h.h.t.HelmChartContainer - [K3S] [dispatcher.go:214] "Unhandled Error" err="failed calling webhook \"prometheusrulemutate.monitoring.coreos.com\": failed to call webhook: Post \"https://monitoring-stack-kube-prom-operator.monitoring.svc:443/admission-prometheusrules/mutate?timeout=10s\": no endpoints available for service \"monitoring-stack-kube-prom-operator\""
2025-01-30 18:32:14,971 INFO c.h.h.t.HelmChartContainer - [K3S] [dispatcher.go:210] Failed calling webhook, failing open prometheusrulemutate.monitoring.coreos.com: failed calling webhook "prometheusrulemutate.monitoring.coreos.com": failed to call webhook: Post "https://monitoring-stack-kube-prom-operator.monitoring.svc:443/admission-prometheusrules/mutate?timeout=10s": no endpoints available for service "monitoring-stack-kube-prom-operator"
2025-01-30 18:32:14,971 INFO c.h.h.t.HelmChartContainer - [K3S] [dispatcher.go:214] "Unhandled Error" err="failed calling webhook \"prometheusrulemutate.monitoring.coreos.com\": failed to call webhook: Post \"https://monitoring-stack-kube-prom-operator.monitoring.svc:443/admission-prometheusrules/mutate?timeout=10s\": no endpoints available for service \"monitoring-stack-kube-prom-operator\""
2025-01-30 18:32:14,974 INFO c.h.h.t.HelmChartContainer - [K3S] [dispatcher.go:210] Failed calling webhook, failing open prometheusrulemutate.monitoring.coreos.com: failed calling webhook "prometheusrulemutate.monitoring.coreos.com": failed to call webhook: Post "https://monitoring-stack-kube-prom-operator.monitoring.svc:443/admission-prometheusrules/mutate?timeout=10s": no endpoints available for service "monitoring-stack-kube-prom-operator"
2025-01-30 18:32:14,975 INFO c.h.h.t.HelmChartContainer - [K3S] [dispatcher.go:214] "Unhandled Error" err="failed calling webhook \"prometheusrulemutate.monitoring.coreos.com\": failed to call webhook: Post \"https://monitoring-stack-kube-prom-operator.monitoring.svc:443/admission-prometheusrules/mutate?timeout=10s\": no endpoints available for service \"monitoring-stack-kube-prom-operator\""
2025-01-30 18:32:14,975 INFO c.h.h.t.HelmChartContainer - [K3S] [dispatcher.go:210] Failed calling webhook, failing open prometheusrulemutate.monitoring.coreos.com: failed calling webhook "prometheusrulemutate.monitoring.coreos.com": failed to call webhook: Post "https://monitoring-stack-kube-prom-operator.monitoring.svc:443/admission-prometheusrules/mutate?timeout=10s": no endpoints available for service "monitoring-stack-kube-prom-operator"
2025-01-30 18:32:14,975 INFO c.h.h.t.HelmChartContainer - [K3S] [dispatcher.go:214] "Unhandled Error" err="failed calling webhook \"prometheusrulemutate.monitoring.coreos.com\": failed to call webhook: Post \"https://monitoring-stack-kube-prom-operator.monitoring.svc:443/admission-prometheusrules/mutate?timeout=10s\": no endpoints available for service \"monitoring-stack-kube-prom-operator\""
2025-01-30 18:32:14,975 INFO c.h.h.t.HelmChartContainer - [K3S] [dispatcher.go:210] Failed calling webhook, failing open prometheusrulemutate.monitoring.coreos.com: failed calling webhook "prometheusrulemutate.monitoring.coreos.com": failed to call webhook: Post "https://monitoring-stack-kube-prom-operator.monitoring.svc:443/admission-prometheusrules/mutate?timeout=10s": no endpoints available for service "monitoring-stack-kube-prom-operator"
2025-01-30 18:32:14,975 INFO c.h.h.t.HelmChartContainer - [K3S] [dispatcher.go:214] "Unhandled Error" err="failed calling webhook \"prometheusrulemutate.monitoring.coreos.com\": failed to call webhook: Post \"https://monitoring-stack-kube-prom-operator.monitoring.svc:443/admission-prometheusrules/mutate?timeout=10s\": no endpoints available for service \"monitoring-stack-kube-prom-operator\""
2025-01-30 18:32:14,975 INFO c.h.h.t.HelmChartContainer - [K3S] [dispatcher.go:210] Failed calling webhook, failing open prometheusrulemutate.monitoring.coreos.com: failed calling webhook "prometheusrulemutate.monitoring.coreos.com": failed to call webhook: Post "https://monitoring-stack-kube-prom-operator.monitoring.svc:443/admission-prometheusrules/mutate?timeout=10s": no endpoints available for service "monitoring-stack-kube-prom-operator"
2025-01-30 18:32:14,975 INFO c.h.h.t.HelmChartContainer - [K3S] [dispatcher.go:214] "Unhandled Error" err="failed calling webhook \"prometheusrulemutate.monitoring.coreos.com\": failed to call webhook: Post \"https://monitoring-stack-kube-prom-operator.monitoring.svc:443/admission-prometheusrules/mutate?timeout=10s\": no endpoints available for service \"monitoring-stack-kube-prom-operator\""
2025-01-30 18:32:14,975 INFO c.h.h.t.HelmChartContainer - [K3S] [dispatcher.go:210] Failed calling webhook, failing open prometheusrulemutate.monitoring.coreos.com: failed calling webhook "prometheusrulemutate.monitoring.coreos.com": failed to call webhook: Post "https://monitoring-stack-kube-prom-operator.monitoring.svc:443/admission-prometheusrules/mutate?timeout=10s": no endpoints available for service "monitoring-stack-kube-prom-operator"
2025-01-30 18:32:14,975 INFO c.h.h.t.HelmChartContainer - [K3S] [dispatcher.go:214] "Unhandled Error" err="failed calling webhook \"prometheusrulemutate.monitoring.coreos.com\": failed to call webhook: Post \"https://monitoring-stack-kube-prom-operator.monitoring.svc:443/admission-prometheusrules/mutate?timeout=10s\": no endpoints available for service \"monitoring-stack-kube-prom-operator\""
2025-01-30 18:32:14,977 INFO c.h.h.t.HelmChartContainer - [K3S] [dispatcher.go:210] Failed calling webhook, failing open prometheusrulemutate.monitoring.coreos.com: failed calling webhook "prometheusrulemutate.monitoring.coreos.com": failed to call webhook: Post "https://monitoring-stack-kube-prom-operator.monitoring.svc:443/admission-prometheusrules/mutate?timeout=10s": no endpoints available for service "monitoring-stack-kube-prom-operator"
2025-01-30 18:32:14,977 INFO c.h.h.t.HelmChartContainer - [K3S] [dispatcher.go:214] "Unhandled Error" err="failed calling webhook \"prometheusrulemutate.monitoring.coreos.com\": failed to call webhook: Post \"https://monitoring-stack-kube-prom-operator.monitoring.svc:443/admission-prometheusrules/mutate?timeout=10s\": no endpoints available for service \"monitoring-stack-kube-prom-operator\""
2025-01-30 18:32:14,977 INFO c.h.h.t.HelmChartContainer - [K3S] [dispatcher.go:210] Failed calling webhook, failing open prometheusrulemutate.monitoring.coreos.com: failed calling webhook "prometheusrulemutate.monitoring.coreos.com": failed to call webhook: Post "https://monitoring-stack-kube-prom-operator.monitoring.svc:443/admission-prometheusrules/mutate?timeout=10s": no endpoints available for service "monitoring-stack-kube-prom-operator"
2025-01-30 18:32:14,977 INFO c.h.h.t.HelmChartContainer - [K3S] [dispatcher.go:214] "Unhandled Error" err="failed calling webhook \"prometheusrulemutate.monitoring.coreos.com\": failed to call webhook: Post \"https://monitoring-stack-kube-prom-operator.monitoring.svc:443/admission-prometheusrules/mutate?timeout=10s\": no endpoints available for service \"monitoring-stack-kube-prom-operator\""
2025-01-30 18:32:14,980 INFO c.h.h.t.HelmChartContainer - [K3S] [dispatcher.go:210] Failed calling webhook, failing open prometheusrulemutate.monitoring.coreos.com: failed calling webhook "prometheusrulemutate.monitoring.coreos.com": failed to call webhook: Post "https://monitoring-stack-kube-prom-operator.monitoring.svc:443/admission-prometheusrules/mutate?timeout=10s": no endpoints available for service "monitoring-stack-kube-prom-operator"
2025-01-30 18:32:14,980 INFO c.h.h.t.HelmChartContainer - [K3S] [dispatcher.go:214] "Unhandled Error" err="failed calling webhook \"prometheusrulemutate.monitoring.coreos.com\": failed to call webhook: Post \"https://monitoring-stack-kube-prom-operator.monitoring.svc:443/admission-prometheusrules/mutate?timeout=10s\": no endpoints available for service \"monitoring-stack-kube-prom-operator\""
2025-01-30 18:32:14,981 INFO c.h.h.t.HelmChartContainer - [K3S] [dispatcher.go:210] Failed calling webhook, failing open prometheusrulemutate.monitoring.coreos.com: failed calling webhook "prometheusrulemutate.monitoring.coreos.com": failed to call webhook: Post "https://monitoring-stack-kube-prom-operator.monitoring.svc:443/admission-prometheusrules/mutate?timeout=10s": no endpoints available for service "monitoring-stack-kube-prom-operator"
2025-01-30 18:32:14,981 INFO c.h.h.t.HelmChartContainer - [K3S] [dispatcher.go:214] "Unhandled Error" err="failed calling webhook \"prometheusrulemutate.monitoring.coreos.com\": failed to call webhook: Post \"https://monitoring-stack-kube-prom-operator.monitoring.svc:443/admission-prometheusrules/mutate?timeout=10s\": no endpoints available for service \"monitoring-stack-kube-prom-operator\""
2025-01-30 18:32:14,982 INFO c.h.h.t.HelmChartContainer - [K3S] [dispatcher.go:210] Failed calling webhook, failing open prometheusrulemutate.monitoring.coreos.com: failed calling webhook "prometheusrulemutate.monitoring.coreos.com": failed to call webhook: Post "https://monitoring-stack-kube-prom-operator.monitoring.svc:443/admission-prometheusrules/mutate?timeout=10s": no endpoints available for service "monitoring-stack-kube-prom-operator"
2025-01-30 18:32:14,982 INFO c.h.h.t.HelmChartContainer - [K3S] [dispatcher.go:214] "Unhandled Error" err="failed calling webhook \"prometheusrulemutate.monitoring.coreos.com\": failed to call webhook: Post \"https://monitoring-stack-kube-prom-operator.monitoring.svc:443/admission-prometheusrules/mutate?timeout=10s\": no endpoints available for service \"monitoring-stack-kube-prom-operator\""
2025-01-30 18:32:14,983 INFO c.h.h.t.HelmChartContainer - [K3S] [dispatcher.go:210] Failed calling webhook, failing open prometheusrulemutate.monitoring.coreos.com: failed calling webhook "prometheusrulemutate.monitoring.coreos.com": failed to call webhook: Post "https://monitoring-stack-kube-prom-operator.monitoring.svc:443/admission-prometheusrules/mutate?timeout=10s": no endpoints available for service "monitoring-stack-kube-prom-operator"
2025-01-30 18:32:14,983 INFO c.h.h.t.HelmChartContainer - [K3S] [dispatcher.go:214] "Unhandled Error" err="failed calling webhook \"prometheusrulemutate.monitoring.coreos.com\": failed to call webhook: Post \"https://monitoring-stack-kube-prom-operator.monitoring.svc:443/admission-prometheusrules/mutate?timeout=10s\": no endpoints available for service \"monitoring-stack-kube-prom-operator\""
2025-01-30 18:32:14,985 INFO c.h.h.t.HelmChartContainer - [POD] monitoring-stack-grafana-64c55fb967-gmfl8 [f4a3542b-c15b-45c6-9e95-802d35867d57] in monitoring was MODIFIED
2025-01-30 18:32:14,988 INFO c.h.h.t.HelmChartContainer - [K3S] [dispatcher.go:210] Failed calling webhook, failing open prometheusrulemutate.monitoring.coreos.com: failed calling webhook "prometheusrulemutate.monitoring.coreos.com": failed to call webhook: Post "https://monitoring-stack-kube-prom-operator.monitoring.svc:443/admission-prometheusrules/mutate?timeout=10s": no endpoints available for service "monitoring-stack-kube-prom-operator"
2025-01-30 18:32:14,988 INFO c.h.h.t.HelmChartContainer - [K3S] [dispatcher.go:214] "Unhandled Error" err="failed calling webhook \"prometheusrulemutate.monitoring.coreos.com\": failed to call webhook: Post \"https://monitoring-stack-kube-prom-operator.monitoring.svc:443/admission-prometheusrules/mutate?timeout=10s\": no endpoints available for service \"monitoring-stack-kube-prom-operator\""
2025-01-30 18:32:14,988 INFO c.h.h.t.HelmChartContainer - [K3S] [dispatcher.go:210] Failed calling webhook, failing open prometheusrulemutate.monitoring.coreos.com: failed calling webhook "prometheusrulemutate.monitoring.coreos.com": failed to call webhook: Post "https://monitoring-stack-kube-prom-operator.monitoring.svc:443/admission-prometheusrules/mutate?timeout=10s": no endpoints available for service "monitoring-stack-kube-prom-operator"
2025-01-30 18:32:14,988 INFO c.h.h.t.HelmChartContainer - [K3S] [dispatcher.go:214] "Unhandled Error" err="failed calling webhook \"prometheusrulemutate.monitoring.coreos.com\": failed to call webhook: Post \"https://monitoring-stack-kube-prom-operator.monitoring.svc:443/admission-prometheusrules/mutate?timeout=10s\": no endpoints available for service \"monitoring-stack-kube-prom-operator\""
2025-01-30 18:32:14,988 INFO c.h.h.t.HelmChartContainer - [K3S] [dispatcher.go:210] Failed calling webhook, failing open prometheusrulemutate.monitoring.coreos.com: failed calling webhook "prometheusrulemutate.monitoring.coreos.com": failed to call webhook: Post "https://monitoring-stack-kube-prom-operator.monitoring.svc:443/admission-prometheusrules/mutate?timeout=10s": no endpoints available for service "monitoring-stack-kube-prom-operator"
2025-01-30 18:32:14,988 INFO c.h.h.t.HelmChartContainer - [K3S] [dispatcher.go:214] "Unhandled Error" err="failed calling webhook \"prometheusrulemutate.monitoring.coreos.com\": failed to call webhook: Post \"https://monitoring-stack-kube-prom-operator.monitoring.svc:443/admission-prometheusrules/mutate?timeout=10s\": no endpoints available for service \"monitoring-stack-kube-prom-operator\""
2025-01-30 18:32:14,992 INFO c.h.h.t.HelmChartContainer - [K3S] [dispatcher.go:210] Failed calling webhook, failing open prometheusrulemutate.monitoring.coreos.com: failed calling webhook "prometheusrulemutate.monitoring.coreos.com": failed to call webhook: Post "https://monitoring-stack-kube-prom-operator.monitoring.svc:443/admission-prometheusrules/mutate?timeout=10s": no endpoints available for service "monitoring-stack-kube-prom-operator"
2025-01-30 18:32:14,992 INFO c.h.h.t.HelmChartContainer - [K3S] [dispatcher.go:214] "Unhandled Error" err="failed calling webhook \"prometheusrulemutate.monitoring.coreos.com\": failed to call webhook: Post \"https://monitoring-stack-kube-prom-operator.monitoring.svc:443/admission-prometheusrules/mutate?timeout=10s\": no endpoints available for service \"monitoring-stack-kube-prom-operator\""
2025-01-30 18:32:14,994 INFO c.h.h.t.HelmChartContainer - [K3S] [dispatcher.go:210] Failed calling webhook, failing open prometheusrulemutate.monitoring.coreos.com: failed calling webhook "prometheusrulemutate.monitoring.coreos.com": failed to call webhook: Post "https://monitoring-stack-kube-prom-operator.monitoring.svc:443/admission-prometheusrules/mutate?timeout=10s": no endpoints available for service "monitoring-stack-kube-prom-operator"
2025-01-30 18:32:14,994 INFO c.h.h.t.HelmChartContainer - [K3S] [dispatcher.go:214] "Unhandled Error" err="failed calling webhook \"prometheusrulemutate.monitoring.coreos.com\": failed to call webhook: Post \"https://monitoring-stack-kube-prom-operator.monitoring.svc:443/admission-prometheusrules/mutate?timeout=10s\": no endpoints available for service \"monitoring-stack-kube-prom-operator\""
2025-01-30 18:32:14,996 INFO c.h.h.t.HelmChartContainer - [K3S] [replica_set.go:679] "Finished syncing" kind="ReplicaSet" key="monitoring/monitoring-stack-grafana-64c55fb967" duration="109.873856ms"
2025-01-30 18:32:14,998 INFO c.h.h.t.HelmChartContainer - [K3S] [dispatcher.go:210] Failed calling webhook, failing open prometheusrulemutate.monitoring.coreos.com: failed calling webhook "prometheusrulemutate.monitoring.coreos.com": failed to call webhook: Post "https://monitoring-stack-kube-prom-operator.monitoring.svc:443/admission-prometheusrules/mutate?timeout=10s": no endpoints available for service "monitoring-stack-kube-prom-operator"
2025-01-30 18:32:14,998 INFO c.h.h.t.HelmChartContainer - [K3S] [dispatcher.go:214] "Unhandled Error" err="failed calling webhook \"prometheusrulemutate.monitoring.coreos.com\": failed to call webhook: Post \"https://monitoring-stack-kube-prom-operator.monitoring.svc:443/admission-prometheusrules/mutate?timeout=10s\": no endpoints available for service \"monitoring-stack-kube-prom-operator\""
2025-01-30 18:32:15,000 INFO c.h.h.t.HelmChartContainer - [K3S] [dispatcher.go:210] Failed calling webhook, failing open prometheusrulemutate.monitoring.coreos.com: failed calling webhook "prometheusrulemutate.monitoring.coreos.com": failed to call webhook: Post "https://monitoring-stack-kube-prom-operator.monitoring.svc:443/admission-prometheusrules/mutate?timeout=10s": no endpoints available for service "monitoring-stack-kube-prom-operator"
2025-01-30 18:32:15,000 INFO c.h.h.t.HelmChartContainer - [K3S] [dispatcher.go:214] "Unhandled Error" err="failed calling webhook \"prometheusrulemutate.monitoring.coreos.com\": failed to call webhook: Post \"https://monitoring-stack-kube-prom-operator.monitoring.svc:443/admission-prometheusrules/mutate?timeout=10s\": no endpoints available for service \"monitoring-stack-kube-prom-operator\""
2025-01-30 18:32:15,004 INFO c.h.h.t.HelmChartContainer - [K3S] [dispatcher.go:210] Failed calling webhook, failing open prometheusrulemutate.monitoring.coreos.com: failed calling webhook "prometheusrulemutate.monitoring.coreos.com": failed to call webhook: Post "https://monitoring-stack-kube-prom-operator.monitoring.svc:443/admission-prometheusrules/mutate?timeout=10s": no endpoints available for service "monitoring-stack-kube-prom-operator"
2025-01-30 18:32:15,004 INFO c.h.h.t.HelmChartContainer - [K3S] [dispatcher.go:214] "Unhandled Error" err="failed calling webhook \"prometheusrulemutate.monitoring.coreos.com\": failed to call webhook: Post \"https://monitoring-stack-kube-prom-operator.monitoring.svc:443/admission-prometheusrules/mutate?timeout=10s\": no endpoints available for service \"monitoring-stack-kube-prom-operator\""
2025-01-30 18:32:15,007 INFO c.h.h.t.HelmChartContainer - [K3S] [dispatcher.go:210] Failed calling webhook, failing open prometheusrulemutate.monitoring.coreos.com: failed calling webhook "prometheusrulemutate.monitoring.coreos.com": failed to call webhook: Post "https://monitoring-stack-kube-prom-operator.monitoring.svc:443/admission-prometheusrules/mutate?timeout=10s": no endpoints available for service "monitoring-stack-kube-prom-operator"
2025-01-30 18:32:15,007 INFO c.h.h.t.HelmChartContainer - [K3S] [dispatcher.go:214] "Unhandled Error" err="failed calling webhook \"prometheusrulemutate.monitoring.coreos.com\": failed to call webhook: Post \"https://monitoring-stack-kube-prom-operator.monitoring.svc:443/admission-prometheusrules/mutate?timeout=10s\": no endpoints available for service \"monitoring-stack-kube-prom-operator\""
2025-01-30 18:32:15,010 INFO c.h.h.t.HelmChartContainer - [K3S] [dispatcher.go:210] Failed calling webhook, failing open prometheusrulemutate.monitoring.coreos.com: failed calling webhook "prometheusrulemutate.monitoring.coreos.com": failed to call webhook: Post "https://monitoring-stack-kube-prom-operator.monitoring.svc:443/admission-prometheusrules/mutate?timeout=10s": no endpoints available for service "monitoring-stack-kube-prom-operator"
2025-01-30 18:32:15,010 INFO c.h.h.t.HelmChartContainer - [K3S] [dispatcher.go:214] "Unhandled Error" err="failed calling webhook \"prometheusrulemutate.monitoring.coreos.com\": failed to call webhook: Post \"https://monitoring-stack-kube-prom-operator.monitoring.svc:443/admission-prometheusrules/mutate?timeout=10s\": no endpoints available for service \"monitoring-stack-kube-prom-operator\""
2025-01-30 18:32:15,014 INFO c.h.h.t.HelmChartContainer - [EVENT] Normal [Scheduled] Successfully assigned monitoring/monitoring-stack-prometheus-node-exporter-9n5n5 to 1176ab4d886c [monitoring:monitoring-stack-prometheus-node-exporter-9n5n5]
2025-01-30 18:32:15,022 INFO c.h.h.t.HelmChartContainer - [POD] monitoring-stack-kube-prom-operator-6998896c-4h4jd [5c08a30c-b3e8-43ea-8864-9a6976a78c46] in monitoring was MODIFIED
2025-01-30 18:32:15,034 INFO c.h.h.t.HelmChartContainer - [K3S] [reconciler_common.go:251] "operationExecutor.VerifyControllerAttachedVolume started for volume \"sc-dashboard-volume\" (UniqueName: \"kubernetes.io/empty-dir/f4a3542b-c15b-45c6-9e95-802d35867d57-sc-dashboard-volume\") pod \"monitoring-stack-grafana-64c55fb967-gmfl8\" (UID: \"f4a3542b-c15b-45c6-9e95-802d35867d57\") " pod="monitoring/monitoring-stack-grafana-64c55fb967-gmfl8"
2025-01-30 18:32:15,034 INFO c.h.h.t.HelmChartContainer - [K3S] [reconciler_common.go:251] "operationExecutor.VerifyControllerAttachedVolume started for volume \"sc-datasources-volume\" (UniqueName: \"kubernetes.io/empty-dir/f4a3542b-c15b-45c6-9e95-802d35867d57-sc-datasources-volume\") pod \"monitoring-stack-grafana-64c55fb967-gmfl8\" (UID: \"f4a3542b-c15b-45c6-9e95-802d35867d57\") " pod="monitoring/monitoring-stack-grafana-64c55fb967-gmfl8"
2025-01-30 18:32:15,036 INFO c.h.h.t.HelmChartContainer - [K3S] [reconciler_common.go:251] "operationExecutor.VerifyControllerAttachedVolume started for volume \"sys\" (UniqueName: \"kubernetes.io/host-path/0b93e16c-eb98-403c-8f6c-46598633f1b1-sys\") pod \"monitoring-stack-prometheus-node-exporter-9n5n5\" (UID: \"0b93e16c-eb98-403c-8f6c-46598633f1b1\") " pod="monitoring/monitoring-stack-prometheus-node-exporter-9n5n5"
2025-01-30 18:32:15,036 INFO c.h.h.t.HelmChartContainer - [K3S] [reconciler_common.go:251] "operationExecutor.VerifyControllerAttachedVolume started for volume \"storage\" (UniqueName: \"kubernetes.io/empty-dir/f4a3542b-c15b-45c6-9e95-802d35867d57-storage\") pod \"monitoring-stack-grafana-64c55fb967-gmfl8\" (UID: \"f4a3542b-c15b-45c6-9e95-802d35867d57\") " pod="monitoring/monitoring-stack-grafana-64c55fb967-gmfl8"
2025-01-30 18:32:15,037 INFO c.h.h.t.HelmChartContainer - [K3S] [reconciler_common.go:251] "operationExecutor.VerifyControllerAttachedVolume started for volume \"kube-api-access-hwpkn\" (UniqueName: \"kubernetes.io/projected/f4a3542b-c15b-45c6-9e95-802d35867d57-kube-api-access-hwpkn\") pod \"monitoring-stack-grafana-64c55fb967-gmfl8\" (UID: \"f4a3542b-c15b-45c6-9e95-802d35867d57\") " pod="monitoring/monitoring-stack-grafana-64c55fb967-gmfl8"
2025-01-30 18:32:15,037 INFO c.h.h.t.HelmChartContainer - [K3S] [reconciler_common.go:251] "operationExecutor.VerifyControllerAttachedVolume started for volume \"proc\" (UniqueName: \"kubernetes.io/host-path/0b93e16c-eb98-403c-8f6c-46598633f1b1-proc\") pod \"monitoring-stack-prometheus-node-exporter-9n5n5\" (UID: \"0b93e16c-eb98-403c-8f6c-46598633f1b1\") " pod="monitoring/monitoring-stack-prometheus-node-exporter-9n5n5"
2025-01-30 18:32:15,037 INFO c.h.h.t.HelmChartContainer - [K3S] [reconciler_common.go:251] "operationExecutor.VerifyControllerAttachedVolume started for volume \"config\" (UniqueName: \"kubernetes.io/configmap/f4a3542b-c15b-45c6-9e95-802d35867d57-config\") pod \"monitoring-stack-grafana-64c55fb967-gmfl8\" (UID: \"f4a3542b-c15b-45c6-9e95-802d35867d57\") " pod="monitoring/monitoring-stack-grafana-64c55fb967-gmfl8"
2025-01-30 18:32:15,038 INFO c.h.h.t.HelmChartContainer - [K3S] [reconciler_common.go:251] "operationExecutor.VerifyControllerAttachedVolume started for volume \"sc-dashboard-provider\" (UniqueName: \"kubernetes.io/configmap/f4a3542b-c15b-45c6-9e95-802d35867d57-sc-dashboard-provider\") pod \"monitoring-stack-grafana-64c55fb967-gmfl8\" (UID: \"f4a3542b-c15b-45c6-9e95-802d35867d57\") " pod="monitoring/monitoring-stack-grafana-64c55fb967-gmfl8"
2025-01-30 18:32:15,038 INFO c.h.h.t.HelmChartContainer - [K3S] [replica_set.go:679] "Finished syncing" kind="ReplicaSet" key="monitoring/monitoring-stack-kube-prom-operator-6998896c" duration="137.513071ms"
2025-01-30 18:32:15,048 INFO c.h.h.t.HelmChartContainer - [EVENT] Normal [SuccessfulCreate] Created pod: monitoring-stack-kube-prom-operator-6998896c-4h4jd [monitoring:monitoring-stack-kube-prom-operator-6998896c]
2025-01-30 18:32:15,048 INFO c.h.h.t.HelmChartContainer - [EVENT] Normal [Scheduled] Successfully assigned monitoring/monitoring-stack-grafana-64c55fb967-gmfl8 to 1176ab4d886c [monitoring:monitoring-stack-grafana-64c55fb967-gmfl8]
2025-01-30 18:32:15,049 INFO c.h.h.t.HelmChartContainer - [EVENT] Normal [Scheduled] Successfully assigned monitoring/monitoring-stack-kube-prom-operator-6998896c-4h4jd to 1176ab4d886c [monitoring:monitoring-stack-kube-prom-operator-6998896c-4h4jd]
2025-01-30 18:32:15,053 INFO c.h.h.t.HelmChartContainer - [K3S] [replica_set.go:679] "Finished syncing" kind="ReplicaSet" key="monitoring/monitoring-stack-grafana-64c55fb967" duration="57.705849ms"
2025-01-30 18:32:15,053 INFO c.h.h.t.HelmChartContainer - [K3S] [replica_set.go:679] "Finished syncing" kind="ReplicaSet" key="monitoring/monitoring-stack-grafana-64c55fb967" duration="51.596µs"
2025-01-30 18:32:15,074 INFO c.h.h.t.HelmChartContainer - [K3S] [replica_set.go:679] "Finished syncing" kind="ReplicaSet" key="monitoring/monitoring-stack-kube-prom-operator-6998896c" duration="40.048878ms"
2025-01-30 18:32:15,083 INFO c.h.h.t.HelmChartContainer - [K3S] [replica_set.go:679] "Finished syncing" kind="ReplicaSet" key="monitoring/monitoring-stack-kube-prom-operator-6998896c" duration="53.039µs"
2025-01-30 18:32:15,088 INFO c.h.h.t.HelmChartContainer - [POD] monitoring-stack-prometheus-node-exporter-9n5n5 [0b93e16c-eb98-403c-8f6c-46598633f1b1] in monitoring was MODIFIED
2025-01-30 18:32:15,124 INFO c.h.h.t.HelmChartContainer - [POD] monitoring-stack-kube-prom-operator-6998896c-4h4jd [5c08a30c-b3e8-43ea-8864-9a6976a78c46] in monitoring was MODIFIED
2025-01-30 18:32:15,125 INFO c.h.h.t.HelmChartContainer - [K3S] [replica_set.go:679] "Finished syncing" kind="ReplicaSet" key="monitoring/monitoring-stack-kube-prom-operator-6998896c" duration="43.902µs"
2025-01-30 18:32:15,136 INFO c.h.h.t.HelmChartContainer - [K3S] [reconciler_common.go:251] "operationExecutor.VerifyControllerAttachedVolume started for volume \"kube-api-access-zgkzw\" (UniqueName: \"kubernetes.io/projected/5c08a30c-b3e8-43ea-8864-9a6976a78c46-kube-api-access-zgkzw\") pod \"monitoring-stack-kube-prom-operator-6998896c-4h4jd\" (UID: \"5c08a30c-b3e8-43ea-8864-9a6976a78c46\") " pod="monitoring/monitoring-stack-kube-prom-operator-6998896c-4h4jd"
2025-01-30 18:32:15,136 INFO c.h.h.t.HelmChartContainer - [K3S] [reconciler_common.go:251] "operationExecutor.VerifyControllerAttachedVolume started for volume \"tls-secret\" (UniqueName: \"kubernetes.io/secret/5c08a30c-b3e8-43ea-8864-9a6976a78c46-tls-secret\") pod \"monitoring-stack-kube-prom-operator-6998896c-4h4jd\" (UID: \"5c08a30c-b3e8-43ea-8864-9a6976a78c46\") " pod="monitoring/monitoring-stack-kube-prom-operator-6998896c-4h4jd"
2025-01-30 18:32:15,149 INFO c.h.h.t.HelmChartContainer - [K3S] [replica_set.go:679] "Finished syncing" kind="ReplicaSet" key="monitoring/monitoring-stack-grafana-64c55fb967" duration="61.425µs"
2025-01-30 18:32:15,152 INFO c.h.h.t.HelmChartContainer - [POD] monitoring-stack-grafana-64c55fb967-gmfl8 [f4a3542b-c15b-45c6-9e95-802d35867d57] in monitoring was MODIFIED
2025-01-30 18:32:15,289 INFO c.h.h.t.HelmChartContainer - [EVENT] Normal [Pulling] Pulling image "registry.k8s.io/kube-state-metrics/kube-state-metrics:v2.14.0" [monitoring:monitoring-stack-kube-state-metrics-5bf5c7b54d-8pkt6]
2025-01-30 18:32:15,357 INFO c.h.h.t.HelmChartContainer - [EVENT] Normal [Pulling] Pulling image "quay.io/prometheus/node-exporter:v1.8.2" [monitoring:monitoring-stack-prometheus-node-exporter-9n5n5]
2025-01-30 18:32:15,420 INFO c.h.h.t.HelmChartContainer - [EVENT] Normal [Pulling] Pulling image "quay.io/kiwigrid/k8s-sidecar:1.28.0" [monitoring:monitoring-stack-grafana-64c55fb967-gmfl8]
2025-01-30 18:32:15,435 INFO c.h.h.t.HelmChartContainer - [EVENT] Normal [Pulling] Pulling image "quay.io/prometheus-operator/prometheus-operator:v0.79.2" [monitoring:monitoring-stack-kube-prom-operator-6998896c-4h4jd]
2025-01-30 18:32:16,054 INFO c.h.h.t.HelmChartContainer - [EVENT] Normal [Pulled] Successfully pulled image "registry.k8s.io/kube-state-metrics/kube-state-metrics:v2.14.0" in 766ms (766ms including waiting). Image size: 15427061 bytes. [monitoring:monitoring-stack-kube-state-metrics-5bf5c7b54d-8pkt6]
2025-01-30 18:32:16,063 INFO c.h.h.t.HelmChartContainer - [EVENT] Normal [Created] Created container: kube-state-metrics [monitoring:monitoring-stack-kube-state-metrics-5bf5c7b54d-8pkt6]
2025-01-30 18:32:16,125 INFO c.h.h.t.HelmChartContainer - [EVENT] Normal [Started] Started container kube-state-metrics [monitoring:monitoring-stack-kube-state-metrics-5bf5c7b54d-8pkt6]
2025-01-30 18:32:16,168 INFO c.h.h.t.HelmChartContainer - [K3S] [kubelet_volumes.go:163] "Cleaned up orphaned pod volumes dir" podUID="6414468a-9573-4738-99b9-83605b3628be" path="/var/lib/kubelet/pods/6414468a-9573-4738-99b9-83605b3628be/volumes"
2025-01-30 18:32:16,625 INFO c.h.h.t.HelmChartContainer - [K3S] [replica_set.go:679] "Finished syncing" kind="ReplicaSet" key="monitoring/monitoring-stack-kube-state-metrics-5bf5c7b54d" duration="47.569µs"
2025-01-30 18:32:16,626 INFO c.h.h.t.HelmChartContainer - [POD] monitoring-stack-kube-state-metrics-5bf5c7b54d-8pkt6 [c45260c2-2616-4b56-918e-f4fc963d7da7] in monitoring was MODIFIED
2025-01-30 18:32:16,799 INFO c.h.h.t.HelmChartContainer - [EVENT] Normal [Pulled] Successfully pulled image "quay.io/prometheus/node-exporter:v1.8.2" in 1.442s (1.442s including waiting). Image size: 12041464 bytes. [monitoring:monitoring-stack-prometheus-node-exporter-9n5n5]
2025-01-30 18:32:16,810 INFO c.h.h.t.HelmChartContainer - [EVENT] Normal [Created] Created container: node-exporter [monitoring:monitoring-stack-prometheus-node-exporter-9n5n5]
2025-01-30 18:32:16,859 INFO c.h.h.t.HelmChartContainer - [EVENT] Normal [Started] Started container node-exporter [monitoring:monitoring-stack-prometheus-node-exporter-9n5n5]
2025-01-30 18:32:17,525 INFO c.h.h.t.HelmChartContainer - [EVENT] Normal [Pulled] Successfully pulled image "quay.io/prometheus-operator/prometheus-operator:v0.79.2" in 2.089s (2.089s including waiting). Image size: 19140913 bytes. [monitoring:monitoring-stack-kube-prom-operator-6998896c-4h4jd]
2025-01-30 18:32:17,534 INFO c.h.h.t.HelmChartContainer - [EVENT] Normal [Created] Created container: kube-prometheus-stack [monitoring:monitoring-stack-kube-prom-operator-6998896c-4h4jd]
2025-01-30 18:32:17,615 INFO c.h.h.t.HelmChartContainer - [EVENT] Normal [Started] Started container kube-prometheus-stack [monitoring:monitoring-stack-kube-prom-operator-6998896c-4h4jd]
2025-01-30 18:32:17,620 INFO c.h.h.t.HelmChartContainer - [EVENT] Warning [Unhealthy] Readiness probe failed: Get "https://10.42.0.13:10250/healthz": dial tcp 10.42.0.13:10250: connect: connection refused [monitoring:monitoring-stack-kube-prom-operator-6998896c-4h4jd]
2025-01-30 18:32:17,627 INFO c.h.h.t.HelmChartContainer - [POD] monitoring-stack-prometheus-node-exporter-9n5n5 [0b93e16c-eb98-403c-8f6c-46598633f1b1] in monitoring was MODIFIED
2025-01-30 18:32:17,642 INFO c.h.h.t.HelmChartContainer - [POD] monitoring-stack-kube-prom-operator-6998896c-4h4jd [5c08a30c-b3e8-43ea-8864-9a6976a78c46] in monitoring was MODIFIED
2025-01-30 18:32:17,645 INFO c.h.h.t.HelmChartContainer - [K3S] [replica_set.go:679] "Finished syncing" kind="ReplicaSet" key="monitoring/monitoring-stack-kube-prom-operator-6998896c" duration="54.222µs"
2025-01-30 18:32:17,663 INFO c.h.h.t.HelmChartContainer - [POD] monitoring-stack-prometheus-node-exporter-9n5n5 [0b93e16c-eb98-403c-8f6c-46598633f1b1] in monitoring was MODIFIED
2025-01-30 18:32:17,949 INFO c.h.h.t.HelmChartContainer - [EVENT] Normal [Pulled] Successfully pulled image "quay.io/kiwigrid/k8s-sidecar:1.28.0" in 2.523s (2.523s including waiting). Image size: 23059632 bytes. [monitoring:monitoring-stack-grafana-64c55fb967-gmfl8]
2025-01-30 18:32:17,960 INFO c.h.h.t.HelmChartContainer - [EVENT] Normal [Created] Created container: grafana-sc-dashboard [monitoring:monitoring-stack-grafana-64c55fb967-gmfl8]
2025-01-30 18:32:17,985 INFO c.h.h.t.HelmChartContainer - [POD] alertmanager-monitoring-stack-kube-prom-alertmanager-0 [cae88f23-97d1-4b4b-a614-14344d45a67e] in monitoring was ADDED
2025-01-30 18:32:18,001 INFO c.h.h.t.HelmChartContainer - [EVENT] Normal [SuccessfulCreate] create Pod alertmanager-monitoring-stack-kube-prom-alertmanager-0 in StatefulSet alertmanager-monitoring-stack-kube-prom-alertmanager successful [monitoring:alertmanager-monitoring-stack-kube-prom-alertmanager]
2025-01-30 18:32:18,011 INFO c.h.h.t.HelmChartContainer - [POD] alertmanager-monitoring-stack-kube-prom-alertmanager-0 [cae88f23-97d1-4b4b-a614-14344d45a67e] in monitoring was MODIFIED
2025-01-30 18:32:18,015 INFO c.h.h.t.HelmChartContainer - [EVENT] Normal [Scheduled] Successfully assigned monitoring/alertmanager-monitoring-stack-kube-prom-alertmanager-0 to 1176ab4d886c [monitoring:alertmanager-monitoring-stack-kube-prom-alertmanager-0]
2025-01-30 18:32:18,037 INFO c.h.h.t.HelmChartContainer - [POD] alertmanager-monitoring-stack-kube-prom-alertmanager-0 [cae88f23-97d1-4b4b-a614-14344d45a67e] in monitoring was MODIFIED
2025-01-30 18:32:18,061 INFO c.h.h.t.HelmChartContainer - [K3S] [reconciler_common.go:251] "operationExecutor.VerifyControllerAttachedVolume started for volume \"kube-api-access-s24zw\" (UniqueName: \"kubernetes.io/projected/cae88f23-97d1-4b4b-a614-14344d45a67e-kube-api-access-s24zw\") pod \"alertmanager-monitoring-stack-kube-prom-alertmanager-0\" (UID: \"cae88f23-97d1-4b4b-a614-14344d45a67e\") " pod="monitoring/alertmanager-monitoring-stack-kube-prom-alertmanager-0"
2025-01-30 18:32:18,061 INFO c.h.h.t.HelmChartContainer - [K3S] [reconciler_common.go:251] "operationExecutor.VerifyControllerAttachedVolume started for volume \"config-volume\" (UniqueName: \"kubernetes.io/secret/cae88f23-97d1-4b4b-a614-14344d45a67e-config-volume\") pod \"alertmanager-monitoring-stack-kube-prom-alertmanager-0\" (UID: \"cae88f23-97d1-4b4b-a614-14344d45a67e\") " pod="monitoring/alertmanager-monitoring-stack-kube-prom-alertmanager-0"
2025-01-30 18:32:18,062 INFO c.h.h.t.HelmChartContainer - [K3S] [reconciler_common.go:251] "operationExecutor.VerifyControllerAttachedVolume started for volume \"tls-assets\" (UniqueName: \"kubernetes.io/projected/cae88f23-97d1-4b4b-a614-14344d45a67e-tls-assets\") pod \"alertmanager-monitoring-stack-kube-prom-alertmanager-0\" (UID: \"cae88f23-97d1-4b4b-a614-14344d45a67e\") " pod="monitoring/alertmanager-monitoring-stack-kube-prom-alertmanager-0"
2025-01-30 18:32:18,062 INFO c.h.h.t.HelmChartContainer - [K3S] [reconciler_common.go:251] "operationExecutor.VerifyControllerAttachedVolume started for volume \"alertmanager-monitoring-stack-kube-prom-alertmanager-db\" (UniqueName: \"kubernetes.io/empty-dir/cae88f23-97d1-4b4b-a614-14344d45a67e-alertmanager-monitoring-stack-kube-prom-alertmanager-db\") pod \"alertmanager-monitoring-stack-kube-prom-alertmanager-0\" (UID: \"cae88f23-97d1-4b4b-a614-14344d45a67e\") " pod="monitoring/alertmanager-monitoring-stack-kube-prom-alertmanager-0"
2025-01-30 18:32:18,062 INFO c.h.h.t.HelmChartContainer - [K3S] [reconciler_common.go:251] "operationExecutor.VerifyControllerAttachedVolume started for volume \"config-out\" (UniqueName: \"kubernetes.io/empty-dir/cae88f23-97d1-4b4b-a614-14344d45a67e-config-out\") pod \"alertmanager-monitoring-stack-kube-prom-alertmanager-0\" (UID: \"cae88f23-97d1-4b4b-a614-14344d45a67e\") " pod="monitoring/alertmanager-monitoring-stack-kube-prom-alertmanager-0"
2025-01-30 18:32:18,062 INFO c.h.h.t.HelmChartContainer - [K3S] [reconciler_common.go:251] "operationExecutor.VerifyControllerAttachedVolume started for volume \"web-config\" (UniqueName: \"kubernetes.io/secret/cae88f23-97d1-4b4b-a614-14344d45a67e-web-config\") pod \"alertmanager-monitoring-stack-kube-prom-alertmanager-0\" (UID: \"cae88f23-97d1-4b4b-a614-14344d45a67e\") " pod="monitoring/alertmanager-monitoring-stack-kube-prom-alertmanager-0"
2025-01-30 18:32:18,083 INFO c.h.h.t.HelmChartContainer - [EVENT] Normal [Started] Started container grafana-sc-dashboard [monitoring:monitoring-stack-grafana-64c55fb967-gmfl8]
2025-01-30 18:32:18,088 INFO c.h.h.t.HelmChartContainer - [EVENT] Normal [Pulled] Container image "quay.io/kiwigrid/k8s-sidecar:1.28.0" already present on machine [monitoring:monitoring-stack-grafana-64c55fb967-gmfl8]
2025-01-30 18:32:18,112 INFO c.h.h.t.HelmChartContainer - [EVENT] Normal [Created] Created container: grafana-sc-datasources [monitoring:monitoring-stack-grafana-64c55fb967-gmfl8]
2025-01-30 18:32:18,255 INFO c.h.h.t.HelmChartContainer - [EVENT] Normal [Started] Started container grafana-sc-datasources [monitoring:monitoring-stack-grafana-64c55fb967-gmfl8]
2025-01-30 18:32:18,258 INFO c.h.h.t.HelmChartContainer - [EVENT] Normal [Pulling] Pulling image "docker.io/grafana/grafana:11.4.0" [monitoring:monitoring-stack-grafana-64c55fb967-gmfl8]
2025-01-30 18:32:18,492 INFO c.h.h.t.HelmChartContainer - [EVENT] Normal [Pulling] Pulling image "quay.io/prometheus-operator/prometheus-config-reloader:v0.79.2" [monitoring:alertmanager-monitoring-stack-kube-prom-alertmanager-0]
2025-01-30 18:32:18,605 INFO c.h.h.t.HelmChartContainer - [POD] prometheus-monitoring-stack-kube-prom-prometheus-0 [7aee2582-eea0-45f3-8a83-b6462d1ee9bd] in monitoring was ADDED
2025-01-30 18:32:18,630 INFO c.h.h.t.HelmChartContainer - [EVENT] Normal [SuccessfulCreate] create Pod prometheus-monitoring-stack-kube-prom-prometheus-0 in StatefulSet prometheus-monitoring-stack-kube-prom-prometheus successful [monitoring:prometheus-monitoring-stack-kube-prom-prometheus]
2025-01-30 18:32:18,658 INFO c.h.h.t.HelmChartContainer - [POD] prometheus-monitoring-stack-kube-prom-prometheus-0 [7aee2582-eea0-45f3-8a83-b6462d1ee9bd] in monitoring was MODIFIED
2025-01-30 18:32:18,670 INFO c.h.h.t.HelmChartContainer - [K3S] [reconciler_common.go:251] "operationExecutor.VerifyControllerAttachedVolume started for volume \"config\" (UniqueName: \"kubernetes.io/secret/7aee2582-eea0-45f3-8a83-b6462d1ee9bd-config\") pod \"prometheus-monitoring-stack-kube-prom-prometheus-0\" (UID: \"7aee2582-eea0-45f3-8a83-b6462d1ee9bd\") " pod="monitoring/prometheus-monitoring-stack-kube-prom-prometheus-0"
2025-01-30 18:32:18,673 INFO c.h.h.t.HelmChartContainer - [K3S] [reconciler_common.go:251] "operationExecutor.VerifyControllerAttachedVolume started for volume \"tls-assets\" (UniqueName: \"kubernetes.io/projected/7aee2582-eea0-45f3-8a83-b6462d1ee9bd-tls-assets\") pod \"prometheus-monitoring-stack-kube-prom-prometheus-0\" (UID: \"7aee2582-eea0-45f3-8a83-b6462d1ee9bd\") " pod="monitoring/prometheus-monitoring-stack-kube-prom-prometheus-0"
2025-01-30 18:32:18,673 INFO c.h.h.t.HelmChartContainer - [K3S] [reconciler_common.go:251] "operationExecutor.VerifyControllerAttachedVolume started for volume \"kube-api-access-z47km\" (UniqueName: \"kubernetes.io/projected/7aee2582-eea0-45f3-8a83-b6462d1ee9bd-kube-api-access-z47km\") pod \"prometheus-monitoring-stack-kube-prom-prometheus-0\" (UID: \"7aee2582-eea0-45f3-8a83-b6462d1ee9bd\") " pod="monitoring/prometheus-monitoring-stack-kube-prom-prometheus-0"
2025-01-30 18:32:18,673 INFO c.h.h.t.HelmChartContainer - [K3S] [reconciler_common.go:251] "operationExecutor.VerifyControllerAttachedVolume started for volume \"prometheus-monitoring-stack-kube-prom-prometheus-rulefiles-0\" (UniqueName: \"kubernetes.io/configmap/7aee2582-eea0-45f3-8a83-b6462d1ee9bd-prometheus-monitoring-stack-kube-prom-prometheus-rulefiles-0\") pod \"prometheus-monitoring-stack-kube-prom-prometheus-0\" (UID: \"7aee2582-eea0-45f3-8a83-b6462d1ee9bd\") " pod="monitoring/prometheus-monitoring-stack-kube-prom-prometheus-0"
2025-01-30 18:32:18,673 INFO c.h.h.t.HelmChartContainer - [K3S] [reconciler_common.go:251] "operationExecutor.VerifyControllerAttachedVolume started for volume \"config-out\" (UniqueName: \"kubernetes.io/empty-dir/7aee2582-eea0-45f3-8a83-b6462d1ee9bd-config-out\") pod \"prometheus-monitoring-stack-kube-prom-prometheus-0\" (UID: \"7aee2582-eea0-45f3-8a83-b6462d1ee9bd\") " pod="monitoring/prometheus-monitoring-stack-kube-prom-prometheus-0"
2025-01-30 18:32:18,673 INFO c.h.h.t.HelmChartContainer - [K3S] [reconciler_common.go:251] "operationExecutor.VerifyControllerAttachedVolume started for volume \"web-config\" (UniqueName: \"kubernetes.io/secret/7aee2582-eea0-45f3-8a83-b6462d1ee9bd-web-config\") pod \"prometheus-monitoring-stack-kube-prom-prometheus-0\" (UID: \"7aee2582-eea0-45f3-8a83-b6462d1ee9bd\") " pod="monitoring/prometheus-monitoring-stack-kube-prom-prometheus-0"
2025-01-30 18:32:18,673 INFO c.h.h.t.HelmChartContainer - [K3S] [reconciler_common.go:251] "operationExecutor.VerifyControllerAttachedVolume started for volume \"prometheus-monitoring-stack-kube-prom-prometheus-db\" (UniqueName: \"kubernetes.io/empty-dir/7aee2582-eea0-45f3-8a83-b6462d1ee9bd-prometheus-monitoring-stack-kube-prom-prometheus-db\") pod \"prometheus-monitoring-stack-kube-prom-prometheus-0\" (UID: \"7aee2582-eea0-45f3-8a83-b6462d1ee9bd\") " pod="monitoring/prometheus-monitoring-stack-kube-prom-prometheus-0"
2025-01-30 18:32:18,682 INFO c.h.h.t.HelmChartContainer - [EVENT] Normal [Scheduled] Successfully assigned monitoring/prometheus-monitoring-stack-kube-prom-prometheus-0 to 1176ab4d886c [monitoring:prometheus-monitoring-stack-kube-prom-prometheus-0]
2025-01-30 18:32:18,723 INFO c.h.h.t.HelmChartContainer - [POD] prometheus-monitoring-stack-kube-prom-prometheus-0 [7aee2582-eea0-45f3-8a83-b6462d1ee9bd] in monitoring was MODIFIED
2025-01-30 18:32:18,753 INFO c.h.h.t.HelmChartContainer - [POD] monitoring-stack-kube-prom-operator-6998896c-4h4jd [5c08a30c-b3e8-43ea-8864-9a6976a78c46] in monitoring was MODIFIED
2025-01-30 18:32:18,789 INFO c.h.h.t.HelmChartContainer - [K3S] [replica_set.go:679] "Finished syncing" kind="ReplicaSet" key="monitoring/monitoring-stack-kube-prom-operator-6998896c" duration="37.125419ms"
2025-01-30 18:32:18,789 INFO c.h.h.t.HelmChartContainer - [K3S] [replica_set.go:679] "Finished syncing" kind="ReplicaSet" key="monitoring/monitoring-stack-kube-prom-operator-6998896c" duration="44.814µs"
2025-01-30 18:32:19,363 INFO c.h.h.t.HelmChartContainer - [EVENT] Normal [Pulling] Pulling image "quay.io/prometheus-operator/prometheus-config-reloader:v0.79.2" [monitoring:prometheus-monitoring-stack-kube-prom-prometheus-0]
2025-01-30 18:32:19,926 INFO c.h.h.t.HelmChartContainer - [EVENT] Normal [Pulled] Successfully pulled image "quay.io/prometheus-operator/prometheus-config-reloader:v0.79.2" in 1.442s (1.442s including waiting). Image size: 14945849 bytes. [monitoring:alertmanager-monitoring-stack-kube-prom-alertmanager-0]
2025-01-30 18:32:19,930 INFO c.h.h.t.HelmChartContainer - [EVENT] Normal [Pulled] Successfully pulled image "quay.io/prometheus-operator/prometheus-config-reloader:v0.79.2" in 569ms (569ms including waiting). Image size: 14945849 bytes. [monitoring:prometheus-monitoring-stack-kube-prom-prometheus-0]
2025-01-30 18:32:19,946 INFO c.h.h.t.HelmChartContainer - [EVENT] Normal [Created] Created container: init-config-reloader [monitoring:alertmanager-monitoring-stack-kube-prom-alertmanager-0]
2025-01-30 18:32:19,958 INFO c.h.h.t.HelmChartContainer - [EVENT] Normal [Created] Created container: init-config-reloader [monitoring:prometheus-monitoring-stack-kube-prom-prometheus-0]
2025-01-30 18:32:20,082 INFO c.h.h.t.HelmChartContainer - [EVENT] Normal [Started] Started container init-config-reloader [monitoring:alertmanager-monitoring-stack-kube-prom-alertmanager-0]
2025-01-30 18:32:20,140 INFO c.h.h.t.HelmChartContainer - [EVENT] Normal [Started] Started container init-config-reloader [monitoring:prometheus-monitoring-stack-kube-prom-prometheus-0]
2025-01-30 18:32:20,821 INFO c.h.h.t.HelmChartContainer - [POD] alertmanager-monitoring-stack-kube-prom-alertmanager-0 [cae88f23-97d1-4b4b-a614-14344d45a67e] in monitoring was MODIFIED
2025-01-30 18:32:20,841 INFO c.h.h.t.HelmChartContainer - [POD] prometheus-monitoring-stack-kube-prom-prometheus-0 [7aee2582-eea0-45f3-8a83-b6462d1ee9bd] in monitoring was MODIFIED
2025-01-30 18:32:21,680 INFO c.h.h.t.HelmChartContainer - [EVENT] Normal [Pulling] Pulling image "quay.io/prometheus/alertmanager:v0.28.0" [monitoring:alertmanager-monitoring-stack-kube-prom-alertmanager-0]
2025-01-30 18:32:21,690 INFO c.h.h.t.HelmChartContainer - [EVENT] Normal [Pulling] Pulling image "quay.io/prometheus/prometheus:v3.1.0" [monitoring:prometheus-monitoring-stack-kube-prom-prometheus-0]
2025-01-30 18:32:21,702 INFO c.h.h.t.HelmChartContainer - [POD] alertmanager-monitoring-stack-kube-prom-alertmanager-0 [cae88f23-97d1-4b4b-a614-14344d45a67e] in monitoring was MODIFIED
2025-01-30 18:32:21,724 INFO c.h.h.t.HelmChartContainer - [POD] prometheus-monitoring-stack-kube-prom-prometheus-0 [7aee2582-eea0-45f3-8a83-b6462d1ee9bd] in monitoring was MODIFIED
2025-01-30 18:32:23,111 INFO c.h.h.t.HelmChartContainer - [EVENT] Normal [Pulled] Successfully pulled image "quay.io/prometheus/alertmanager:v0.28.0" in 1.431s (1.431s including waiting). Image size: 35012199 bytes. [monitoring:alertmanager-monitoring-stack-kube-prom-alertmanager-0]
2025-01-30 18:32:23,122 INFO c.h.h.t.HelmChartContainer - [EVENT] Normal [Created] Created container: alertmanager [monitoring:alertmanager-monitoring-stack-kube-prom-alertmanager-0]
2025-01-30 18:32:23,204 INFO c.h.h.t.HelmChartContainer - [EVENT] Normal [Started] Started container alertmanager [monitoring:alertmanager-monitoring-stack-kube-prom-alertmanager-0]
2025-01-30 18:32:23,219 INFO c.h.h.t.HelmChartContainer - [EVENT] Normal [Pulled] Container image "quay.io/prometheus-operator/prometheus-config-reloader:v0.79.2" already present on machine [monitoring:alertmanager-monitoring-stack-kube-prom-alertmanager-0]
2025-01-30 18:32:23,230 INFO c.h.h.t.HelmChartContainer - [EVENT] Normal [Created] Created container: config-reloader [monitoring:alertmanager-monitoring-stack-kube-prom-alertmanager-0]
2025-01-30 18:32:23,321 INFO c.h.h.t.HelmChartContainer - [EVENT] Normal [Started] Started container config-reloader [monitoring:alertmanager-monitoring-stack-kube-prom-alertmanager-0]
2025-01-30 18:32:23,710 INFO c.h.h.t.HelmChartContainer - [POD] alertmanager-monitoring-stack-kube-prom-alertmanager-0 [cae88f23-97d1-4b4b-a614-14344d45a67e] in monitoring was MODIFIED
2025-01-30 18:32:24,478 INFO c.h.h.t.HelmChartContainer - [EVENT] Normal [Pulled] Successfully pulled image "quay.io/prometheus/prometheus:v3.1.0" in 2.786s (2.786s including waiting). Image size: 116764168 bytes. [monitoring:prometheus-monitoring-stack-kube-prom-prometheus-0]
2025-01-30 18:32:24,490 INFO c.h.h.t.HelmChartContainer - [EVENT] Normal [Created] Created container: prometheus [monitoring:prometheus-monitoring-stack-kube-prom-prometheus-0]
2025-01-30 18:32:24,570 INFO c.h.h.t.HelmChartContainer - [EVENT] Normal [Started] Started container prometheus [monitoring:prometheus-monitoring-stack-kube-prom-prometheus-0]
2025-01-30 18:32:24,574 INFO c.h.h.t.HelmChartContainer - [EVENT] Normal [Pulled] Container image "quay.io/prometheus-operator/prometheus-config-reloader:v0.79.2" already present on machine [monitoring:prometheus-monitoring-stack-kube-prom-prometheus-0]
2025-01-30 18:32:24,591 INFO c.h.h.t.HelmChartContainer - [EVENT] Normal [Created] Created container: config-reloader [monitoring:prometheus-monitoring-stack-kube-prom-prometheus-0]
2025-01-30 18:32:24,687 INFO c.h.h.t.HelmChartContainer - [EVENT] Normal [Started] Started container config-reloader [monitoring:prometheus-monitoring-stack-kube-prom-prometheus-0]
2025-01-30 18:32:24,726 INFO c.h.h.t.HelmChartContainer - [POD] prometheus-monitoring-stack-kube-prom-prometheus-0 [7aee2582-eea0-45f3-8a83-b6462d1ee9bd] in monitoring was MODIFIED
2025-01-30 18:32:25,098 INFO c.h.h.t.HelmChartContainer - [EVENT] Normal [Pulled] Successfully pulled image "docker.io/grafana/grafana:11.4.0" in 6.847s (6.847s including waiting). Image size: 132825227 bytes. [monitoring:monitoring-stack-grafana-64c55fb967-gmfl8]
2025-01-30 18:32:25,107 INFO c.h.h.t.HelmChartContainer - [EVENT] Normal [Created] Created container: grafana [monitoring:monitoring-stack-grafana-64c55fb967-gmfl8]
2025-01-30 18:32:25,171 INFO c.h.h.t.HelmChartContainer - [EVENT] Normal [Started] Started container grafana [monitoring:monitoring-stack-grafana-64c55fb967-gmfl8]
2025-01-30 18:32:25,709 INFO c.h.h.t.HelmChartContainer - [EVENT] Warning [Unhealthy] Readiness probe failed: Get "http://10.42.0.12:3000/api/health": dial tcp 10.42.0.12:3000: connect: connection refused [monitoring:monitoring-stack-grafana-64c55fb967-gmfl8]
2025-01-30 18:32:25,719 INFO c.h.h.t.HelmChartContainer - [K3S] [replica_set.go:679] "Finished syncing" kind="ReplicaSet" key="monitoring/monitoring-stack-grafana-64c55fb967" duration="59.992µs"
2025-01-30 18:32:25,724 INFO c.h.h.t.HelmChartContainer - [POD] monitoring-stack-grafana-64c55fb967-gmfl8 [f4a3542b-c15b-45c6-9e95-802d35867d57] in monitoring was MODIFIED
2025-01-30 18:32:26,712 INFO c.h.h.t.HelmChartContainer - [EVENT] Warning [Unhealthy] Readiness probe failed: Get "http://10.42.0.12:3000/api/health": dial tcp 10.42.0.12:3000: connect: connection refused [monitoring:monitoring-stack-grafana-64c55fb967-gmfl8]
2025-01-30 18:32:28,676 INFO c.h.h.t.HelmChartContainer - [POD] monitoring-stack-kube-state-metrics-5bf5c7b54d-8pkt6 [c45260c2-2616-4b56-918e-f4fc963d7da7] in monitoring was MODIFIED
2025-01-30 18:32:28,682 INFO c.h.h.t.HelmChartContainer - [K3S] [replica_set.go:679] "Finished syncing" kind="ReplicaSet" key="monitoring/monitoring-stack-kube-state-metrics-5bf5c7b54d" duration="6.336792ms"
2025-01-30 18:32:28,682 INFO c.h.h.t.HelmChartContainer - [K3S] [replica_set.go:679] "Finished syncing" kind="ReplicaSet" key="monitoring/monitoring-stack-kube-state-metrics-5bf5c7b54d" duration="42.369µs"
2025-01-30 18:32:29,717 INFO c.h.h.t.HelmChartContainer - [POD] alertmanager-monitoring-stack-kube-prom-alertmanager-0 [cae88f23-97d1-4b4b-a614-14344d45a67e] in monitoring was MODIFIED
2025-01-30 18:32:32,040 INFO c.h.h.t.HelmChartContainer - [K3S] [range_allocator.go:247] "Successfully synced" key="1176ab4d886c"
2025-01-30 18:32:33,984 INFO c.h.h.t.HelmChartContainer - [POD] prometheus-monitoring-stack-kube-prom-prometheus-0 [7aee2582-eea0-45f3-8a83-b6462d1ee9bd] in monitoring was MODIFIED
2025-01-30 18:32:34,739 INFO c.h.h.t.HelmChartContainer - [POD] prometheus-monitoring-stack-kube-prom-prometheus-0 [7aee2582-eea0-45f3-8a83-b6462d1ee9bd] in monitoring was MODIFIED
2025-01-30 18:32:36,726 INFO c.h.h.t.HelmChartContainer - [POD] monitoring-stack-grafana-64c55fb967-gmfl8 [f4a3542b-c15b-45c6-9e95-802d35867d57] in monitoring was MODIFIED
2025-01-30 18:32:36,731 INFO c.h.h.t.HelmChartContainer - [K3S] [replica_set.go:679] "Finished syncing" kind="ReplicaSet" key="monitoring/monitoring-stack-grafana-64c55fb967" duration="10.814885ms"
2025-01-30 18:32:36,732 INFO c.h.h.t.HelmChartContainer - [K3S] [replica_set.go:679] "Finished syncing" kind="ReplicaSet" key="monitoring/monitoring-stack-grafana-64c55fb967" duration="61.114µs"
2025-01-30 18:32:37,861 INFO c.h.h.t.HelmChartContainer - [K3S] [job_controller.go:598] "enqueueing job" key="monitoring/monitoring-stack-kube-prom-admission-patch" delay="0s"
2025-01-30 18:32:37,884 INFO c.h.h.t.HelmChartContainer - [K3S] [job_controller.go:598] "enqueueing job" key="monitoring/monitoring-stack-kube-prom-admission-patch" delay="1s"
2025-01-30 18:32:37,885 INFO c.h.h.t.HelmChartContainer - [POD] monitoring-stack-kube-prom-admission-patch-g9gvh [2d281abb-86af-44b7-8498-b1f6337e8eb2] in monitoring was ADDED
2025-01-30 18:32:37,891 INFO c.h.h.t.HelmChartContainer - [EVENT] Normal [SuccessfulCreate] Created pod: monitoring-stack-kube-prom-admission-patch-g9gvh [monitoring:monitoring-stack-kube-prom-admission-patch]
2025-01-30 18:32:37,891 INFO c.h.h.t.HelmChartContainer - [POD] monitoring-stack-kube-prom-admission-patch-g9gvh [2d281abb-86af-44b7-8498-b1f6337e8eb2] in monitoring was MODIFIED
2025-01-30 18:32:37,893 INFO c.h.h.t.HelmChartContainer - [K3S] [job_controller.go:598] "enqueueing job" key="monitoring/monitoring-stack-kube-prom-admission-patch" delay="1s"
2025-01-30 18:32:37,893 INFO c.h.h.t.HelmChartContainer - [K3S] [job_controller.go:598] "enqueueing job" key="monitoring/monitoring-stack-kube-prom-admission-patch" delay="1s"
2025-01-30 18:32:37,896 INFO c.h.h.t.HelmChartContainer - [EVENT] Normal [Scheduled] Successfully assigned monitoring/monitoring-stack-kube-prom-admission-patch-g9gvh to 1176ab4d886c [monitoring:monitoring-stack-kube-prom-admission-patch-g9gvh]
2025-01-30 18:32:37,903 INFO c.h.h.t.HelmChartContainer - [K3S] [job_controller.go:598] "enqueueing job" key="monitoring/monitoring-stack-kube-prom-admission-patch" delay="1s"
2025-01-30 18:32:37,903 INFO c.h.h.t.HelmChartContainer - [POD] monitoring-stack-kube-prom-admission-patch-g9gvh [2d281abb-86af-44b7-8498-b1f6337e8eb2] in monitoring was MODIFIED
2025-01-30 18:32:37,904 INFO c.h.h.t.HelmChartContainer - [K3S] [reconciler_common.go:251] "operationExecutor.VerifyControllerAttachedVolume started for volume \"kube-api-access-8rggb\" (UniqueName: \"kubernetes.io/projected/2d281abb-86af-44b7-8498-b1f6337e8eb2-kube-api-access-8rggb\") pod \"monitoring-stack-kube-prom-admission-patch-g9gvh\" (UID: \"2d281abb-86af-44b7-8498-b1f6337e8eb2\") " pod="monitoring/monitoring-stack-kube-prom-admission-patch-g9gvh"
2025-01-30 18:32:38,290 INFO c.h.h.t.HelmChartContainer - [EVENT] Normal [Pulled] Container image "registry.k8s.io/ingress-nginx/kube-webhook-certgen:v1.5.1" already present on machine [monitoring:monitoring-stack-kube-prom-admission-patch-g9gvh]
2025-01-30 18:32:38,299 INFO c.h.h.t.HelmChartContainer - [EVENT] Normal [Created] Created container: patch [monitoring:monitoring-stack-kube-prom-admission-patch-g9gvh]
2025-01-30 18:32:38,360 INFO c.h.h.t.HelmChartContainer - [EVENT] Normal [Started] Started container patch [monitoring:monitoring-stack-kube-prom-admission-patch-g9gvh]
2025-01-30 18:32:38,739 INFO c.h.h.t.HelmChartContainer - [K3S] [job_controller.go:598] "enqueueing job" key="monitoring/monitoring-stack-kube-prom-admission-patch" delay="1s"
2025-01-30 18:32:38,740 INFO c.h.h.t.HelmChartContainer - [POD] monitoring-stack-kube-prom-admission-patch-g9gvh [2d281abb-86af-44b7-8498-b1f6337e8eb2] in monitoring was MODIFIED
2025-01-30 18:32:38,888 INFO c.h.h.t.HelmChartContainer - [K3S] [job_controller.go:598] "enqueueing job" key="monitoring/monitoring-stack-kube-prom-admission-patch" delay="1s"
2025-01-30 18:32:40,745 INFO c.h.h.t.HelmChartContainer - [K3S] [job_controller.go:598] "enqueueing job" key="monitoring/monitoring-stack-kube-prom-admission-patch" delay="1s"
2025-01-30 18:32:40,746 INFO c.h.h.t.HelmChartContainer - [POD] monitoring-stack-kube-prom-admission-patch-g9gvh [2d281abb-86af-44b7-8498-b1f6337e8eb2] in monitoring was MODIFIED
2025-01-30 18:32:41,749 INFO c.h.h.t.HelmChartContainer - [K3S] [job_controller.go:598] "enqueueing job" key="monitoring/monitoring-stack-kube-prom-admission-patch" delay="1s"
2025-01-30 18:32:41,813 INFO c.h.h.t.HelmChartContainer - [POD] monitoring-stack-kube-prom-admission-patch-g9gvh [2d281abb-86af-44b7-8498-b1f6337e8eb2] in monitoring was MODIFIED
2025-01-30 18:32:41,814 INFO c.h.h.t.HelmChartContainer - [K3S] [job_controller.go:598] "enqueueing job" key="monitoring/monitoring-stack-kube-prom-admission-patch" delay="1s"
2025-01-30 18:32:41,829 INFO c.h.h.t.HelmChartContainer - [K3S] [reconciler_common.go:162] "operationExecutor.UnmountVolume started for volume \"kube-api-access-8rggb\" (UniqueName: \"kubernetes.io/projected/2d281abb-86af-44b7-8498-b1f6337e8eb2-kube-api-access-8rggb\") pod \"2d281abb-86af-44b7-8498-b1f6337e8eb2\" (UID: \"2d281abb-86af-44b7-8498-b1f6337e8eb2\") "
2025-01-30 18:32:41,929 INFO c.h.h.t.HelmChartContainer - [K3S] [reconciler_common.go:299] "Volume detached for volume \"kube-api-access-8rggb\" (UniqueName: \"kubernetes.io/projected/2d281abb-86af-44b7-8498-b1f6337e8eb2-kube-api-access-8rggb\") on node \"1176ab4d886c\" DevicePath \"\""
2025-01-30 18:32:42,741 INFO c.h.h.t.HelmChartContainer - [K3S] [pod_container_deletor.go:80] "Container not found in pod's containers" containerID="0e4a46b5e40299944037b82f44c123a215c87784a836378b1b01481d4f1864ab"
2025-01-30 18:32:42,754 INFO c.h.h.t.HelmChartContainer - [K3S] [job_controller.go:598] "enqueueing job" key="monitoring/monitoring-stack-kube-prom-admission-patch" delay="1s"
2025-01-30 18:32:42,759 INFO c.h.h.t.HelmChartContainer - [K3S] [job_controller.go:598] "enqueueing job" key="monitoring/monitoring-stack-kube-prom-admission-patch" delay="1s"
2025-01-30 18:32:42,759 INFO c.h.h.t.HelmChartContainer - [POD] monitoring-stack-kube-prom-admission-patch-g9gvh [2d281abb-86af-44b7-8498-b1f6337e8eb2] in monitoring was MODIFIED
2025-01-30 18:32:42,765 INFO c.h.h.t.HelmChartContainer - [EVENT] Normal [Completed] Job completed [monitoring:monitoring-stack-kube-prom-admission-patch]
2025-01-30 18:32:42,773 INFO c.h.h.t.HelmChartContainer - [K3S] [job_controller.go:598] "enqueueing job" key="monitoring/monitoring-stack-kube-prom-admission-patch" delay="0s"
2025-01-30 18:32:42,783 INFO c.h.h.t.HelmChartContainer - [POD] monitoring-stack-kube-prom-admission-patch-g9gvh [2d281abb-86af-44b7-8498-b1f6337e8eb2] in monitoring was MODIFIED
2025-01-30 18:32:42,786 INFO c.h.h.t.HelmChartContainer - [POD] monitoring-stack-kube-prom-admission-patch-g9gvh [2d281abb-86af-44b7-8498-b1f6337e8eb2] in monitoring was DELETED
2025-01-30 18:32:42,957 INFO com.hivemq.helmcharts.util.K8sUtil - Pod 'monitoring-stack-kube-prom-operator-6998896c-4h4jd' is ready
2025-01-30 18:32:42,957 INFO com.hivemq.helmcharts.util.K8sUtil - Pod 'monitoring-stack-grafana-64c55fb967-gmfl8' is ready
2025-01-30 18:32:42,957 INFO com.hivemq.helmcharts.util.K8sUtil - Pod 'monitoring-stack-grafana-64c55fb967-gmfl8' is ready
2025-01-30 18:32:42,957 INFO com.hivemq.helmcharts.util.K8sUtil - Pod 'monitoring-stack-grafana-64c55fb967-gmfl8' is ready
2025-01-30 18:32:42,957 INFO com.hivemq.helmcharts.util.K8sUtil - Pod 'monitoring-stack-kube-state-metrics-5bf5c7b54d-8pkt6' is ready
2025-01-30 18:32:42,957 INFO com.hivemq.helmcharts.util.K8sUtil - Pod 'monitoring-stack-prometheus-node-exporter-9n5n5' is ready
2025-01-30 18:32:43,033 DEBUG c.h.h.t.HelmChartContainer - Executing helm command: /bin/helm --kubeconfig /etc/rancher/k3s/k3s.yaml install test-hivemq-platform /charts/hivemq-platform --wait --timeout 5m0s --set image.repository=docker.io/hivemq --set image.tag=4.36.0 --set image.pullPolicy=Never --set nodes.resources.cpu=512m -f /files/platform-monitoring-enabled-values.yaml --namespace helmmonitoringplatformit
2025-01-30 18:32:43,502 INFO c.h.h.t.HelmChartContainer - [hivemq-test-hivemq-platform] [hivemq-platform-operator] [8d76f7f3] 18:32:43.501 [-2082509879-pool-1-thread-5] WARN  i.m.p.PrometheusMeterRegistry - The meter (MeterId{name='operator.sdk.events.received', tags=[tag(action=ADDED),tag(event=ResourceEvent),tag(group=hivemq.com),tag(kind=HiveMQPlatform),tag(name=test-hivemq-platform),tag(namespace=helmmonitoringplatformit),tag(scope=namespace),tag(version=v1)]}) registration has failed: Prometheus requires that all meters with the same name have the same set of tag keys. There is already an existing meter named 'operator.sdk.events.received' containing tag keys [event, group, kind, name, namespace, scope, version]. The meter you are attempting to register has keys [action, event, group, kind, name, namespace, scope, version]. Note that subsequent logs will be logged at debug level.
2025-01-30 18:32:43,919 INFO c.h.h.t.HelmChartContainer - [hivemq-test-hivemq-platform] [hivemq-platform-operator] [8d76f7f3] 18:32:43.917 [pool-6-thread-3] DEBUG c.h.p.o.dependants.PodInfoConfigMap - [helmmoni] Desired PodInfo ConfigMap (1 extensions) (1 enabled)
2025-01-30 18:32:43,920 INFO c.h.h.t.HelmChartContainer - [hivemq-test-hivemq-platform] [hivemq-platform-operator] [8d76f7f3] 18:32:43.918 [pool-6-thread-3] DEBUG c.h.p.o.dependants.PodInfoConfigMap - [helmmoni] Desired PodInfo ConfigMap (metrics port: 9399) (metrics path: /)
2025-01-30 18:32:43,920 INFO c.h.h.t.HelmChartContainer - [hivemq-test-hivemq-platform] [hivemq-platform-operator] [8d76f7f3] 18:32:43.919 [pool-6-thread-3] DEBUG c.h.p.o.dependants.PodInfoConfigMap - [helmmoni] Desired PodInfo ConfigMap (extension state hash: -1817474005)
2025-01-30 18:32:44,001 INFO c.h.h.t.HelmChartContainer - [hivemq-test-hivemq-platform] [hivemq-platform-operator] [8d76f7f3] 18:32:43.998 [pool-6-thread-3] DEBUG c.h.p.o.dependants.PodInfoConfigMap - [helmmoni] Create PodInfo ConfigMap
2025-01-30 18:32:44,016 INFO c.h.h.t.HelmChartContainer - [hivemq-test-hivemq-platform] [hivemq-platform-operator] [8d76f7f3] 18:32:44.015 [pool-6-thread-5] DEBUG c.h.p.o.dependants.PodRoleResource - [helmmoni] Create Role: Role(apiVersion=rbac.authorization.k8s.io/v1, kind=Role, metadata=ObjectMeta(annotations={meta.helm.sh/release-name=test-hivemq-platform, meta.helm.sh/release-namespace=helmmonitoringplatformit}, creationTimestamp=null, deletionGracePeriodSeconds=null, deletionTimestamp=null, finalizers=[], generateName=null, generation=null, labels={helm.sh/chart=hivemq-platform-0.2.32, app.kubernetes.io/managed-by=Helm, app.kubernetes.io/name=hivemq-platform, hivemq-platform=test-hivemq-platform, app.kubernetes.io/instance=test-hivemq-platform, app.kubernetes.io/version=4.36.0}, managedFields=[], name=hivemq-platform-role-test-hivemq-platform, namespace=helmmonitoringplatformit, ownerReferences=[OwnerReference(apiVersion=hivemq.com/v1, blockOwnerDeletion=null, controller=null, kind=HiveMQPlatform, name=test-hivemq-platform, uid=e05b11b3-a643-4a11-ae54-4a468dd1dfb3, additionalProperties={})], resourceVersion=null, selfLink=null, uid=null, additionalProperties={}), rules=[PolicyRule(apiGroups=[], nonResourceURLs=[], resourceNames=[], resources=[pods], verbs=[get, patch, update], additionalProperties={})], additionalProperties={})
2025-01-30 18:32:44,168 INFO c.h.h.t.HelmChartContainer - [K3S] [kubelet_volumes.go:163] "Cleaned up orphaned pod volumes dir" podUID="2d281abb-86af-44b7-8498-b1f6337e8eb2" path="/var/lib/kubelet/pods/2d281abb-86af-44b7-8498-b1f6337e8eb2/volumes"
2025-01-30 18:32:44,205 INFO c.h.h.t.HelmChartContainer - [hivemq-test-hivemq-platform] [hivemq-platform-operator] [8d76f7f3] 18:32:44.202 [pool-6-thread-7] DEBUG c.h.p.o.d.PodServiceAccountResource - [helmmoni] Desired PodServiceAccountResource (serviceAccountName: hivemq-platform-pod-test-hivemq-platform)
2025-01-30 18:32:44,205 INFO c.h.h.t.HelmChartContainer - [hivemq-test-hivemq-platform] [hivemq-platform-operator] [8d76f7f3] 18:32:44.203 [pool-6-thread-7] DEBUG c.h.p.o.d.PodServiceAccountResource - [helmmoni] Create ServiceAccount 'hivemq-platform-pod-test-hivemq-platform'
2025-01-30 18:32:44,310 INFO c.h.h.t.HelmChartContainer - [hivemq-test-hivemq-platform] [hivemq-platform-operator] [8d76f7f3] 18:32:44.309 [pool-6-thread-9] DEBUG c.h.p.o.d.PodRoleBindingResource - [helmmoni] Create RoleBinding: RoleBinding(apiVersion=rbac.authorization.k8s.io/v1, kind=RoleBinding, metadata=ObjectMeta(annotations={meta.helm.sh/release-name=test-hivemq-platform, meta.helm.sh/release-namespace=helmmonitoringplatformit}, creationTimestamp=null, deletionGracePeriodSeconds=null, deletionTimestamp=null, finalizers=[], generateName=null, generation=null, labels={helm.sh/chart=hivemq-platform-0.2.32, app.kubernetes.io/managed-by=Helm, app.kubernetes.io/name=hivemq-platform, hivemq-platform=test-hivemq-platform, app.kubernetes.io/instance=test-hivemq-platform, app.kubernetes.io/version=4.36.0}, managedFields=[], name=hivemq-platform-role-binding-test-hivemq-platform, namespace=helmmonitoringplatformit, ownerReferences=[OwnerReference(apiVersion=hivemq.com/v1, blockOwnerDeletion=null, controller=null, kind=HiveMQPlatform, name=test-hivemq-platform, uid=e05b11b3-a643-4a11-ae54-4a468dd1dfb3, additionalProperties={})], resourceVersion=null, selfLink=null, uid=null, additionalProperties={}), roleRef=RoleRef(apiGroup=rbac.authorization.k8s.io, kind=Role, name=hivemq-platform-role-test-hivemq-platform, additionalProperties={}), subjects=[Subject(apiGroup=null, kind=ServiceAccount, name=hivemq-platform-pod-test-hivemq-platform, namespace=helmmonitoringplatformit, additionalProperties={})], additionalProperties={})
2025-01-30 18:32:44,401 INFO c.h.h.t.HelmChartContainer - [hivemq-test-hivemq-platform] [hivemq-platform-operator] [8d76f7f3] 18:32:44.400 [ReconcilerExecutor-hivemq-controller-54] INFO  c.h.p.o.HiveMQPlatformReconciler - [helmmoni] Reconciling HiveMQ Platform 'test-hivemq-platform' in namespace 'helmmonitoringplatformit'
2025-01-30 18:32:44,402 INFO c.h.h.t.HelmChartContainer - [hivemq-test-hivemq-platform] [hivemq-platform-operator] [8d76f7f3] 18:32:44.400 [ReconcilerExecutor-hivemq-controller-54] DEBUG c.h.p.o.HiveMQPlatformReconciler - [helmmoni] Custom Resource Status CREATED - HiveMQ Platform was created (READY)
2025-01-30 18:32:44,402 INFO c.h.h.t.HelmChartContainer - [hivemq-test-hivemq-platform] [hivemq-platform-operator] [8d76f7f3] 18:32:44.401 [ReconcilerExecutor-hivemq-controller-54] DEBUG c.h.p.o.HiveMQPlatformReconciler - [helmmoni] Custom Resource Spec (replicas: 2) (extensions: 1)
2025-01-30 18:32:44,405 INFO c.h.h.t.HelmChartContainer - [hivemq-test-hivemq-platform] [hivemq-platform-operator] [8d76f7f3] 18:32:44.404 [ReconcilerExecutor-hivemq-controller-54] INFO  c.h.p.o.h.HiveMQPlatformReconcilerBaseHandler - [helmmoni] HiveMQ Platform is starting
2025-01-30 18:32:44,512 INFO c.h.h.t.HelmChartContainer - [hivemq-test-hivemq-platform] [hivemq-platform-operator] [8d76f7f3] 18:32:44.511 [ReconcilerExecutor-hivemq-controller-54] DEBUG c.h.p.operator.event.EventSender - [helmmoni] Creating K8s event hivemq-platform-starting: [Start] HiveMQ Platform is starting
2025-01-30 18:32:44,521 INFO c.h.h.t.HelmChartContainer - [EVENT] Normal [Start] HiveMQ Platform is starting [helmmonitoringplatformit:test-hivemq-platform]
2025-01-30 18:32:44,603 INFO c.h.h.t.HelmChartContainer - [hivemq-test-hivemq-platform] [hivemq-platform-operator] [8d76f7f3] 18:32:44.601 [ReconcilerExecutor-hivemq-controller-54] INFO  c.h.p.o.h.AbstractHiveMQReconcilerStateHandler - [helmmoni] Update HiveMQ Platform Status (CREATED [READY] -> STARTING [READY]): HiveMQ Platform is starting
2025-01-30 18:32:44,616 DEBUG com.hivemq.helmcharts.util.K8sUtil - Comparing actual state 'STARTING' and waiting for 'RUNNING'
2025-01-30 18:32:52,652 INFO c.h.h.t.HelmChartContainer - [K3S] [INFO] COMPACT compactRev=0 targetCompactRev=2 currentRev=1520
2025-01-30 18:32:52,653 INFO c.h.h.t.HelmChartContainer - [K3S] [INFO] COMPACT deleted 0 rows from 2 revisions in 920.742µs - compacted to 2/1520
2025-01-30 18:32:52,653 INFO c.h.h.t.HelmChartContainer - [K3S] [INFO] COMPACT compacted from 0 to 2 in 1 transactions over 1ms
2025-01-30 18:32:54,709 INFO c.h.h.t.HelmChartContainer - [hivemq-test-hivemq-platform] [hivemq-platform-operator] [8d76f7f3] 18:32:54.706 [pool-6-thread-12] DEBUG c.h.p.o.d.PlatformServiceResource - [helmmoni] Desired Platform services (3 services)
2025-01-30 18:32:54,711 INFO c.h.h.t.HelmChartContainer - [hivemq-test-hivemq-platform] [hivemq-platform-operator] [8d76f7f3] 18:32:54.708 [pool-6-thread-13] DEBUG c.h.p.o.dependants.PodInfoConfigMap - [helmmoni] Desired PodInfo ConfigMap (1 extensions) (1 enabled)
2025-01-30 18:32:54,712 INFO c.h.h.t.HelmChartContainer - [hivemq-test-hivemq-platform] [hivemq-platform-operator] [8d76f7f3] 18:32:54.709 [pool-6-thread-13] DEBUG c.h.p.o.dependants.PodInfoConfigMap - [helmmoni] Desired PodInfo ConfigMap (metrics port: 9399) (metrics path: /)
2025-01-30 18:32:54,712 INFO c.h.h.t.HelmChartContainer - [hivemq-test-hivemq-platform] [hivemq-platform-operator] [8d76f7f3] 18:32:54.709 [pool-6-thread-13] DEBUG c.h.p.o.dependants.PodInfoConfigMap - [helmmoni] Desired PodInfo ConfigMap (extension state hash: -1817474005)
2025-01-30 18:32:54,717 INFO c.h.h.t.HelmChartContainer - [hivemq-test-hivemq-platform] [hivemq-platform-operator] [8d76f7f3] 18:32:54.715 [pool-6-thread-13] DEBUG c.h.p.o.dependants.PodInfoConfigMap - [helmmoni] Update PodInfo ConfigMap
2025-01-30 18:32:54,718 INFO c.h.h.t.HelmChartContainer - [hivemq-test-hivemq-platform] [hivemq-platform-operator] [8d76f7f3] 18:32:54.716 [pool-6-thread-17] DEBUG c.h.p.o.d.PodServiceAccountResource - [helmmoni] Desired PodServiceAccountResource (serviceAccountName: hivemq-platform-pod-test-hivemq-platform)
2025-01-30 18:32:54,810 INFO c.h.h.t.HelmChartContainer - [K3S] [alloc.go:330] "allocated clusterIPs" service="helmmonitoringplatformit/hivemq-test-hivemq-platform-mqtt-1883" clusterIPs={"IPv4":"10.43.61.124"}
2025-01-30 18:32:54,828 INFO c.h.h.t.HelmChartContainer - [K3S] [alloc.go:330] "allocated clusterIPs" service="helmmonitoringplatformit/hivemq-test-hivemq-platform-metrics-9399" clusterIPs={"IPv4":"10.43.200.56"}
2025-01-30 18:32:54,907 INFO c.h.h.t.HelmChartContainer - [K3S] [alloc.go:330] "allocated clusterIPs" service="helmmonitoringplatformit/hivemq-test-hivemq-platform-cc-8080" clusterIPs={"IPv4":"10.43.127.11"}
2025-01-30 18:32:54,916 INFO c.h.h.t.HelmChartContainer - [hivemq-test-hivemq-platform] [hivemq-platform-operator] [8d76f7f3] 18:32:54.913 [pool-6-thread-20] DEBUG c.h.p.o.d.StatefulSetResource - [helmmoni] Desired StatefulSet (2 replicas) for status STARTING (READY)
2025-01-30 18:32:55,004 INFO c.h.h.t.HelmChartContainer - [hivemq-test-hivemq-platform] [hivemq-platform-operator] [8d76f7f3] 18:32:55.003 [pool-6-thread-20] DEBUG c.h.p.o.d.StatefulSetResource - [helmmoni] Create StatefulSet
2025-01-30 18:32:55,029 INFO c.h.h.t.HelmChartContainer - [POD] test-hivemq-platform-0 [e7ddc8c1-5929-48fc-91cc-f96808c02776] in helmmonitoringplatformit was ADDED
2025-01-30 18:32:55,032 INFO c.h.h.t.HelmChartContainer - [EVENT] Normal [SuccessfulCreate] create Pod test-hivemq-platform-0 in StatefulSet test-hivemq-platform successful [helmmonitoringplatformit:test-hivemq-platform]
2025-01-30 18:32:55,036 INFO c.h.h.t.HelmChartContainer - [K3S] [memory_manager.go:355] "RemoveStaleState removing state" podUID="2d281abb-86af-44b7-8498-b1f6337e8eb2" containerName="patch"
2025-01-30 18:32:55,036 INFO c.h.h.t.HelmChartContainer - [EVENT] Normal [Scheduled] Successfully assigned helmmonitoringplatformit/test-hivemq-platform-0 to 1176ab4d886c [helmmonitoringplatformit:test-hivemq-platform-0]
2025-01-30 18:32:55,040 INFO c.h.h.t.HelmChartContainer - [POD] test-hivemq-platform-0 [e7ddc8c1-5929-48fc-91cc-f96808c02776] in helmmonitoringplatformit was MODIFIED
2025-01-30 18:32:55,046 INFO c.h.h.t.HelmChartContainer - [POD] test-hivemq-platform-0 [e7ddc8c1-5929-48fc-91cc-f96808c02776] in helmmonitoringplatformit was MODIFIED
2025-01-30 18:32:55,110 INFO c.h.h.t.HelmChartContainer - [hivemq-test-hivemq-platform] [hivemq-platform-operator] [8d76f7f3] 18:32:55.107 [ReconcilerExecutor-hivemq-controller-65] INFO  c.h.p.o.HiveMQPlatformReconciler - [helmmoni] Reconciling HiveMQ Platform 'test-hivemq-platform' in namespace 'helmmonitoringplatformit'
2025-01-30 18:32:55,110 INFO c.h.h.t.HelmChartContainer - [hivemq-test-hivemq-platform] [hivemq-platform-operator] [8d76f7f3] 18:32:55.108 [ReconcilerExecutor-hivemq-controller-65] DEBUG c.h.p.o.HiveMQPlatformReconciler - [helmmoni] Custom Resource Status STARTING - HiveMQ Platform is starting (READY)
2025-01-30 18:32:55,110 INFO c.h.h.t.HelmChartContainer - [hivemq-test-hivemq-platform] [hivemq-platform-operator] [8d76f7f3] 18:32:55.108 [ReconcilerExecutor-hivemq-controller-65] DEBUG c.h.p.o.HiveMQPlatformReconciler - [helmmoni] Custom Resource Spec (replicas: 2) (extensions: 1)
2025-01-30 18:32:55,112 INFO c.h.h.t.HelmChartContainer - [hivemq-test-hivemq-platform] [hivemq-platform-operator] [8d76f7f3] 18:32:55.111 [ReconcilerExecutor-hivemq-controller-65] DEBUG c.h.p.o.HiveMQPlatformReconciler - [helmmoni] StatefulSet Status (revision: test-hivemq-platform-64db946475, replicas: 1, available: 0, ready: 0, current: 1, updated: 1)
2025-01-30 18:32:55,112 INFO c.h.h.t.HelmChartContainer - [hivemq-test-hivemq-platform] [hivemq-platform-operator] [8d76f7f3] 18:32:55.111 [ReconcilerExecutor-hivemq-controller-65] DEBUG c.h.p.o.HiveMQPlatformReconciler - [helmmoni] StatefulSet Spec (replicas: 2, init containers: 1, containers: 1, volumes: 3)
2025-01-30 18:32:55,206 INFO c.h.h.t.HelmChartContainer - [K3S] [reconciler_common.go:251] "operationExecutor.VerifyControllerAttachedVolume started for volume \"operator-init\" (UniqueName: \"kubernetes.io/empty-dir/e7ddc8c1-5929-48fc-91cc-f96808c02776-operator-init\") pod \"test-hivemq-platform-0\" (UID: \"e7ddc8c1-5929-48fc-91cc-f96808c02776\") " pod="helmmonitoringplatformit/test-hivemq-platform-0"
2025-01-30 18:32:55,206 INFO c.h.h.t.HelmChartContainer - [K3S] [reconciler_common.go:251] "operationExecutor.VerifyControllerAttachedVolume started for volume \"pod-info\" (UniqueName: \"kubernetes.io/configmap/e7ddc8c1-5929-48fc-91cc-f96808c02776-pod-info\") pod \"test-hivemq-platform-0\" (UID: \"e7ddc8c1-5929-48fc-91cc-f96808c02776\") " pod="helmmonitoringplatformit/test-hivemq-platform-0"
2025-01-30 18:32:55,206 INFO c.h.h.t.HelmChartContainer - [K3S] [reconciler_common.go:251] "operationExecutor.VerifyControllerAttachedVolume started for volume \"broker-configuration\" (UniqueName: \"kubernetes.io/configmap/e7ddc8c1-5929-48fc-91cc-f96808c02776-broker-configuration\") pod \"test-hivemq-platform-0\" (UID: \"e7ddc8c1-5929-48fc-91cc-f96808c02776\") " pod="helmmonitoringplatformit/test-hivemq-platform-0"
2025-01-30 18:32:55,206 INFO c.h.h.t.HelmChartContainer - [K3S] [reconciler_common.go:251] "operationExecutor.VerifyControllerAttachedVolume started for volume \"kube-api-access-cqgbd\" (UniqueName: \"kubernetes.io/projected/e7ddc8c1-5929-48fc-91cc-f96808c02776-kube-api-access-cqgbd\") pod \"test-hivemq-platform-0\" (UID: \"e7ddc8c1-5929-48fc-91cc-f96808c02776\") " pod="helmmonitoringplatformit/test-hivemq-platform-0"
2025-01-30 18:32:55,210 INFO c.h.h.t.HelmChartContainer - [hivemq-test-hivemq-platform] [hivemq-platform-operator] [8d76f7f3] 18:32:55.208 [ReconcilerExecutor-hivemq-controller-65] DEBUG c.h.p.o.h.HiveMQPlatformReconcilerErrorHandler - [helmmoni] Pod 'test-hivemq-platform-0' phase Pending
2025-01-30 18:32:55,212 INFO c.h.h.t.HelmChartContainer - [hivemq-test-hivemq-platform] [hivemq-platform-operator] [8d76f7f3] 18:32:55.209 [ReconcilerExecutor-hivemq-controller-65] DEBUG c.h.p.o.h.HiveMQPlatformReconcilerErrorHandler - [helmmoni] Pod 'test-hivemq-platform-0' condition 'PodReadyToStartContainers': False
2025-01-30 18:32:55,212 INFO c.h.h.t.HelmChartContainer - [hivemq-test-hivemq-platform] [hivemq-platform-operator] [8d76f7f3] 18:32:55.209 [ReconcilerExecutor-hivemq-controller-65] DEBUG c.h.p.o.h.HiveMQPlatformReconcilerErrorHandler - [helmmoni] Pod 'test-hivemq-platform-0' condition 'Initialized': False
2025-01-30 18:32:55,212 INFO c.h.h.t.HelmChartContainer - [hivemq-test-hivemq-platform] [hivemq-platform-operator] [8d76f7f3] 18:32:55.209 [ReconcilerExecutor-hivemq-controller-65] DEBUG c.h.p.o.h.HiveMQPlatformReconcilerErrorHandler - [helmmoni] Pod 'test-hivemq-platform-0' condition 'Ready': False
2025-01-30 18:32:55,212 INFO c.h.h.t.HelmChartContainer - [hivemq-test-hivemq-platform] [hivemq-platform-operator] [8d76f7f3] 18:32:55.209 [ReconcilerExecutor-hivemq-controller-65] DEBUG c.h.p.o.h.HiveMQPlatformReconcilerErrorHandler - [helmmoni] Pod 'test-hivemq-platform-0' condition 'ContainersReady': False
2025-01-30 18:32:55,212 INFO c.h.h.t.HelmChartContainer - [hivemq-test-hivemq-platform] [hivemq-platform-operator] [8d76f7f3] 18:32:55.209 [ReconcilerExecutor-hivemq-controller-65] DEBUG c.h.p.o.h.HiveMQPlatformReconcilerErrorHandler - [helmmoni] Pod 'test-hivemq-platform-0' condition 'PodScheduled': True
2025-01-30 18:32:55,212 INFO c.h.h.t.HelmChartContainer - [hivemq-test-hivemq-platform] [hivemq-platform-operator] [8d76f7f3] 18:32:55.209 [ReconcilerExecutor-hivemq-controller-65] DEBUG c.h.p.o.h.HiveMQPlatformReconcilerErrorHandler - [helmmoni] Pod 'test-hivemq-platform-0' containerStatus 'hivemq' (started: false) (ready: false) (waiting: [PodInitializing] null)
2025-01-30 18:32:55,213 INFO c.h.h.t.HelmChartContainer - [hivemq-test-hivemq-platform] [hivemq-platform-operator] [8d76f7f3] 18:32:55.212 [ReconcilerExecutor-hivemq-controller-65] INFO  c.h.p.o.h.HiveMQPlatformReconcilerBaseHandler - [helmmoni] HiveMQ Platform is starting, 0 of 2 replicas are ready
2025-01-30 18:32:55,300 INFO c.h.h.t.HelmChartContainer - [hivemq-test-hivemq-platform] [hivemq-platform-operator] [8d76f7f3] 18:32:55.299 [pool-6-thread-22] DEBUG c.h.p.o.d.PlatformServiceResource - [helmmoni] Desired Platform services (3 services)
2025-01-30 18:32:55,302 INFO c.h.h.t.HelmChartContainer - [hivemq-test-hivemq-platform] [hivemq-platform-operator] [8d76f7f3] 18:32:55.300 [pool-6-thread-23] DEBUG c.h.p.o.dependants.PodInfoConfigMap - [helmmoni] Desired PodInfo ConfigMap (1 extensions) (1 enabled)
2025-01-30 18:32:55,303 INFO c.h.h.t.HelmChartContainer - [hivemq-test-hivemq-platform] [hivemq-platform-operator] [8d76f7f3] 18:32:55.300 [pool-6-thread-23] DEBUG c.h.p.o.dependants.PodInfoConfigMap - [helmmoni] Desired PodInfo ConfigMap (metrics port: 9399) (metrics path: /)
2025-01-30 18:32:55,303 INFO c.h.h.t.HelmChartContainer - [hivemq-test-hivemq-platform] [hivemq-platform-operator] [8d76f7f3] 18:32:55.300 [pool-6-thread-23] DEBUG c.h.p.o.dependants.PodInfoConfigMap - [helmmoni] Desired PodInfo ConfigMap (extension state hash: -1817474005)
2025-01-30 18:32:55,307 INFO c.h.h.t.HelmChartContainer - [hivemq-test-hivemq-platform] [hivemq-platform-operator] [8d76f7f3] 18:32:55.305 [pool-6-thread-27] DEBUG c.h.p.o.d.PodServiceAccountResource - [helmmoni] Desired PodServiceAccountResource (serviceAccountName: hivemq-platform-pod-test-hivemq-platform)
2025-01-30 18:32:55,403 INFO c.h.h.t.HelmChartContainer - [hivemq-test-hivemq-platform] [hivemq-platform-operator] [8d76f7f3] 18:32:55.401 [pool-6-thread-30] DEBUG c.h.p.o.d.StatefulSetResource - [helmmoni] Desired StatefulSet (2 replicas) for status STARTING (READY)
2025-01-30 18:32:55,409 INFO c.h.h.t.HelmChartContainer - [hivemq-test-hivemq-platform] [hivemq-platform-operator] [8d76f7f3] 18:32:55.407 [ReconcilerExecutor-hivemq-controller-76] INFO  c.h.p.o.HiveMQPlatformReconciler - [helmmoni] Reconciling HiveMQ Platform 'test-hivemq-platform' in namespace 'helmmonitoringplatformit'
2025-01-30 18:32:55,410 INFO c.h.h.t.HelmChartContainer - [hivemq-test-hivemq-platform] [hivemq-platform-operator] [8d76f7f3] 18:32:55.407 [ReconcilerExecutor-hivemq-controller-76] DEBUG c.h.p.o.HiveMQPlatformReconciler - [helmmoni] Custom Resource Status STARTING - HiveMQ Platform is starting (READY)
2025-01-30 18:32:55,410 INFO c.h.h.t.HelmChartContainer - [hivemq-test-hivemq-platform] [hivemq-platform-operator] [8d76f7f3] 18:32:55.407 [ReconcilerExecutor-hivemq-controller-76] DEBUG c.h.p.o.HiveMQPlatformReconciler - [helmmoni] Custom Resource Spec (replicas: 2) (extensions: 1)
2025-01-30 18:32:55,413 INFO c.h.h.t.HelmChartContainer - [hivemq-test-hivemq-platform] [hivemq-platform-operator] [8d76f7f3] 18:32:55.411 [ReconcilerExecutor-hivemq-controller-76] DEBUG c.h.p.o.HiveMQPlatformReconciler - [helmmoni] StatefulSet Status (revision: test-hivemq-platform-64db946475, replicas: 1, available: 0, ready: 0, current: 1, updated: 1)
2025-01-30 18:32:55,413 INFO c.h.h.t.HelmChartContainer - [hivemq-test-hivemq-platform] [hivemq-platform-operator] [8d76f7f3] 18:32:55.411 [ReconcilerExecutor-hivemq-controller-76] DEBUG c.h.p.o.HiveMQPlatformReconciler - [helmmoni] StatefulSet Spec (replicas: 2, init containers: 1, containers: 1, volumes: 3)
2025-01-30 18:32:55,414 INFO c.h.h.t.HelmChartContainer - [hivemq-test-hivemq-platform] [hivemq-platform-operator] [8d76f7f3] 18:32:55.413 [ReconcilerExecutor-hivemq-controller-76] DEBUG c.h.p.o.h.HiveMQPlatformReconcilerErrorHandler - [helmmoni] Pod 'test-hivemq-platform-0' phase Pending
2025-01-30 18:32:55,414 INFO c.h.h.t.HelmChartContainer - [hivemq-test-hivemq-platform] [hivemq-platform-operator] [8d76f7f3] 18:32:55.413 [ReconcilerExecutor-hivemq-controller-76] DEBUG c.h.p.o.h.HiveMQPlatformReconcilerErrorHandler - [helmmoni] Pod 'test-hivemq-platform-0' condition 'PodReadyToStartContainers': False
2025-01-30 18:32:55,415 INFO c.h.h.t.HelmChartContainer - [hivemq-test-hivemq-platform] [hivemq-platform-operator] [8d76f7f3] 18:32:55.413 [ReconcilerExecutor-hivemq-controller-76] DEBUG c.h.p.o.h.HiveMQPlatformReconcilerErrorHandler - [helmmoni] Pod 'test-hivemq-platform-0' condition 'Initialized': False
2025-01-30 18:32:55,416 INFO c.h.h.t.HelmChartContainer - [hivemq-test-hivemq-platform] [hivemq-platform-operator] [8d76f7f3] 18:32:55.413 [ReconcilerExecutor-hivemq-controller-76] DEBUG c.h.p.o.h.HiveMQPlatformReconcilerErrorHandler - [helmmoni] Pod 'test-hivemq-platform-0' condition 'Ready': False
2025-01-30 18:32:55,416 INFO c.h.h.t.HelmChartContainer - [hivemq-test-hivemq-platform] [hivemq-platform-operator] [8d76f7f3] 18:32:55.413 [ReconcilerExecutor-hivemq-controller-76] DEBUG c.h.p.o.h.HiveMQPlatformReconcilerErrorHandler - [helmmoni] Pod 'test-hivemq-platform-0' condition 'ContainersReady': False
2025-01-30 18:32:55,416 INFO c.h.h.t.HelmChartContainer - [hivemq-test-hivemq-platform] [hivemq-platform-operator] [8d76f7f3] 18:32:55.413 [ReconcilerExecutor-hivemq-controller-76] DEBUG c.h.p.o.h.HiveMQPlatformReconcilerErrorHandler - [helmmoni] Pod 'test-hivemq-platform-0' condition 'PodScheduled': True
2025-01-30 18:32:55,416 INFO c.h.h.t.HelmChartContainer - [hivemq-test-hivemq-platform] [hivemq-platform-operator] [8d76f7f3] 18:32:55.413 [ReconcilerExecutor-hivemq-controller-76] DEBUG c.h.p.o.h.HiveMQPlatformReconcilerErrorHandler - [helmmoni] Pod 'test-hivemq-platform-0' containerStatus 'hivemq' (started: false) (ready: false) (waiting: [PodInitializing] null)
2025-01-30 18:32:55,416 INFO c.h.h.t.HelmChartContainer - [hivemq-test-hivemq-platform] [hivemq-platform-operator] [8d76f7f3] 18:32:55.415 [ReconcilerExecutor-hivemq-controller-76] INFO  c.h.p.o.h.HiveMQPlatformReconcilerBaseHandler - [helmmoni] HiveMQ Platform is starting, 0 of 2 replicas are ready
2025-01-30 18:32:55,440 INFO c.h.h.t.HelmChartContainer - [EVENT] Normal [Pulled] Container image "docker.io/hivemq/hivemq-platform-operator-init-test:snapshot" already present on machine [helmmonitoringplatformit:test-hivemq-platform-0]
2025-01-30 18:32:55,597 INFO c.h.h.t.HelmChartContainer - [EVENT] Normal [Created] Created container: hivemq-platform-operator-init [helmmonitoringplatformit:test-hivemq-platform-0]
2025-01-30 18:32:55,644 INFO c.h.h.t.HelmChartContainer - [EVENT] Normal [Started] Started container hivemq-platform-operator-init [helmmonitoringplatformit:test-hivemq-platform-0]
2025-01-30 18:32:55,767 INFO c.h.h.t.HelmChartContainer - [EVENT] Normal [Pulled] Container image "docker.io/hivemq/hivemq4:4.36.0" already present on machine [helmmonitoringplatformit:test-hivemq-platform-0]
2025-01-30 18:32:55,767 INFO c.h.h.t.HelmChartContainer - Received Pulled event for container hivemq in pod test-hivemq-platform-0 [e7ddc8c1-5929-48fc-91cc-f96808c02776]
2025-01-30 18:32:55,781 INFO c.h.h.t.HelmChartContainer - [POD] test-hivemq-platform-0 [e7ddc8c1-5929-48fc-91cc-f96808c02776] in helmmonitoringplatformit was MODIFIED
2025-01-30 18:32:55,796 INFO c.h.h.t.HelmChartContainer - [hivemq-test-hivemq-platform] [hivemq-platform-operator] [8d76f7f3] 18:32:55.787 [pool-6-thread-32] DEBUG c.h.p.o.d.PlatformServiceResource - [helmmoni] Desired Platform services (3 services)
2025-01-30 18:32:55,803 INFO c.h.h.t.HelmChartContainer - [hivemq-test-hivemq-platform] [hivemq-platform-operator] [8d76f7f3] 18:32:55.799 [pool-6-thread-33] DEBUG c.h.p.o.dependants.PodInfoConfigMap - [helmmoni] Desired PodInfo ConfigMap (1 extensions) (1 enabled)
2025-01-30 18:32:55,803 INFO c.h.h.t.HelmChartContainer - [hivemq-test-hivemq-platform] [hivemq-platform-operator] [8d76f7f3] 18:32:55.799 [pool-6-thread-33] DEBUG c.h.p.o.dependants.PodInfoConfigMap - [helmmoni] Desired PodInfo ConfigMap (metrics port: 9399) (metrics path: /)
2025-01-30 18:32:55,803 INFO c.h.h.t.HelmChartContainer - [hivemq-test-hivemq-platform] [hivemq-platform-operator] [8d76f7f3] 18:32:55.800 [pool-6-thread-33] DEBUG c.h.p.o.dependants.PodInfoConfigMap - [helmmoni] Desired PodInfo ConfigMap (extension state hash: -1817474005)
2025-01-30 18:32:55,803 INFO c.h.h.t.HelmChartContainer - [hivemq-test-hivemq-platform] [hivemq-platform-operator] [8d76f7f3] 18:32:55.800 [pool-6-thread-37] DEBUG c.h.p.o.d.PodServiceAccountResource - [helmmoni] Desired PodServiceAccountResource (serviceAccountName: hivemq-platform-pod-test-hivemq-platform)
2025-01-30 18:32:55,816 INFO c.h.h.t.HelmChartContainer - [hivemq-test-hivemq-platform] [hivemq-platform-operator] [8d76f7f3] 18:32:55.813 [pool-6-thread-40] DEBUG c.h.p.o.d.StatefulSetResource - [helmmoni] Desired StatefulSet (2 replicas) for status STARTING (READY)
2025-01-30 18:32:55,886 INFO c.h.h.t.HelmChartContainer - [hivemq-test-hivemq-platform] [hivemq-platform-operator] [8d76f7f3] 18:32:55.883 [ReconcilerExecutor-hivemq-controller-87] INFO  c.h.p.o.HiveMQPlatformReconciler - [helmmoni] Reconciling HiveMQ Platform 'test-hivemq-platform' in namespace 'helmmonitoringplatformit'
2025-01-30 18:32:55,886 INFO c.h.h.t.HelmChartContainer - [hivemq-test-hivemq-platform] [hivemq-platform-operator] [8d76f7f3] 18:32:55.884 [ReconcilerExecutor-hivemq-controller-87] DEBUG c.h.p.o.HiveMQPlatformReconciler - [helmmoni] Custom Resource Status STARTING - HiveMQ Platform is starting (READY)
2025-01-30 18:32:55,886 INFO c.h.h.t.HelmChartContainer - [hivemq-test-hivemq-platform] [hivemq-platform-operator] [8d76f7f3] 18:32:55.884 [ReconcilerExecutor-hivemq-controller-87] DEBUG c.h.p.o.HiveMQPlatformReconciler - [helmmoni] Custom Resource Spec (replicas: 2) (extensions: 1)
2025-01-30 18:32:55,888 INFO c.h.h.t.HelmChartContainer - [hivemq-test-hivemq-platform] [hivemq-platform-operator] [8d76f7f3] 18:32:55.887 [ReconcilerExecutor-hivemq-controller-87] DEBUG c.h.p.o.HiveMQPlatformReconciler - [helmmoni] StatefulSet Status (revision: test-hivemq-platform-64db946475, replicas: 1, available: 0, ready: 0, current: 1, updated: 1)
2025-01-30 18:32:55,889 INFO c.h.h.t.HelmChartContainer - [hivemq-test-hivemq-platform] [hivemq-platform-operator] [8d76f7f3] 18:32:55.888 [ReconcilerExecutor-hivemq-controller-87] DEBUG c.h.p.o.HiveMQPlatformReconciler - [helmmoni] StatefulSet Spec (replicas: 2, init containers: 1, containers: 1, volumes: 3)
2025-01-30 18:32:55,893 INFO c.h.h.t.HelmChartContainer - [hivemq-test-hivemq-platform] [hivemq-platform-operator] [8d76f7f3] 18:32:55.892 [ReconcilerExecutor-hivemq-controller-87] DEBUG c.h.p.o.h.HiveMQPlatformReconcilerErrorHandler - [helmmoni] Pod 'test-hivemq-platform-0' phase Pending
2025-01-30 18:32:55,894 INFO c.h.h.t.HelmChartContainer - [hivemq-test-hivemq-platform] [hivemq-platform-operator] [8d76f7f3] 18:32:55.893 [ReconcilerExecutor-hivemq-controller-87] DEBUG c.h.p.o.h.HiveMQPlatformReconcilerErrorHandler - [helmmoni] Pod 'test-hivemq-platform-0' condition 'PodReadyToStartContainers': True
2025-01-30 18:32:55,896 INFO c.h.h.t.HelmChartContainer - [hivemq-test-hivemq-platform] [hivemq-platform-operator] [8d76f7f3] 18:32:55.893 [ReconcilerExecutor-hivemq-controller-87] DEBUG c.h.p.o.h.HiveMQPlatformReconcilerErrorHandler - [helmmoni] Pod 'test-hivemq-platform-0' condition 'Initialized': True
2025-01-30 18:32:55,896 INFO c.h.h.t.HelmChartContainer - [hivemq-test-hivemq-platform] [hivemq-platform-operator] [8d76f7f3] 18:32:55.894 [ReconcilerExecutor-hivemq-controller-87] DEBUG c.h.p.o.h.HiveMQPlatformReconcilerErrorHandler - [helmmoni] Pod 'test-hivemq-platform-0' condition 'Ready': False
2025-01-30 18:32:55,896 INFO c.h.h.t.HelmChartContainer - [hivemq-test-hivemq-platform] [hivemq-platform-operator] [8d76f7f3] 18:32:55.895 [ReconcilerExecutor-hivemq-controller-87] DEBUG c.h.p.o.h.HiveMQPlatformReconcilerErrorHandler - [helmmoni] Pod 'test-hivemq-platform-0' condition 'ContainersReady': False
2025-01-30 18:32:55,896 INFO c.h.h.t.HelmChartContainer - [hivemq-test-hivemq-platform] [hivemq-platform-operator] [8d76f7f3] 18:32:55.895 [ReconcilerExecutor-hivemq-controller-87] DEBUG c.h.p.o.h.HiveMQPlatformReconcilerErrorHandler - [helmmoni] Pod 'test-hivemq-platform-0' condition 'PodScheduled': True
2025-01-30 18:32:55,896 INFO c.h.h.t.HelmChartContainer - [hivemq-test-hivemq-platform] [hivemq-platform-operator] [8d76f7f3] 18:32:55.895 [ReconcilerExecutor-hivemq-controller-87] DEBUG c.h.p.o.h.HiveMQPlatformReconcilerErrorHandler - [helmmoni] Pod 'test-hivemq-platform-0' containerStatus 'hivemq' (started: false) (ready: false) (waiting: [PodInitializing] null)
2025-01-30 18:32:55,898 INFO c.h.h.t.HelmChartContainer - [hivemq-test-hivemq-platform] [hivemq-platform-operator] [8d76f7f3] 18:32:55.897 [ReconcilerExecutor-hivemq-controller-87] INFO  c.h.p.o.h.HiveMQPlatformReconcilerBaseHandler - [helmmoni] HiveMQ Platform is starting, 0 of 2 replicas are ready
2025-01-30 18:32:56,150 INFO c.h.h.t.HelmChartContainer - [K3S] [info.go:53] Couldn't collect info from any of the files in "/etc/machine-id,/var/lib/dbus/machine-id"
2025-01-30 18:32:56,220 INFO c.h.h.t.HelmChartContainer - [K3S] [scope.go:117] "RemoveContainer" containerID="1d2354d535eadb7cd4363c3db8e34463033a9c63f548875eef2bac77b6943775"
2025-01-30 18:32:56,224 INFO c.h.h.t.HelmChartContainer - [K3S] [scope.go:117] "RemoveContainer" containerID="7cf9e03dbdd8b878e77f46e3e293638cfa1f3ad77e1d01660054a47d611a240a"
2025-01-30 18:32:57,758 INFO c.h.h.t.HelmChartContainer - [EVENT] Normal [Created] Created container: hivemq [helmmonitoringplatformit:test-hivemq-platform-0]
2025-01-30 18:32:57,758 INFO c.h.h.t.HelmChartContainer - Received Created event for container hivemq in pod test-hivemq-platform-0 [e7ddc8c1-5929-48fc-91cc-f96808c02776]
2025-01-30 18:32:58,789 INFO c.h.h.t.HelmChartContainer - [POD] test-hivemq-platform-0 [e7ddc8c1-5929-48fc-91cc-f96808c02776] in helmmonitoringplatformit was MODIFIED
2025-01-30 18:32:58,797 INFO c.h.h.t.HelmChartContainer - [hivemq-test-hivemq-platform] [hivemq-platform-operator] [8d76f7f3] 18:32:58.793 [pool-6-thread-42] DEBUG c.h.p.o.d.PlatformServiceResource - [helmmoni] Desired Platform services (3 services)
2025-01-30 18:32:58,797 INFO c.h.h.t.HelmChartContainer - [hivemq-test-hivemq-platform] [hivemq-platform-operator] [8d76f7f3] 18:32:58.794 [pool-6-thread-43] DEBUG c.h.p.o.dependants.PodInfoConfigMap - [helmmoni] Desired PodInfo ConfigMap (1 extensions) (1 enabled)
2025-01-30 18:32:58,797 INFO c.h.h.t.HelmChartContainer - [hivemq-test-hivemq-platform] [hivemq-platform-operator] [8d76f7f3] 18:32:58.794 [pool-6-thread-43] DEBUG c.h.p.o.dependants.PodInfoConfigMap - [helmmoni] Desired PodInfo ConfigMap (metrics port: 9399) (metrics path: /)
2025-01-30 18:32:58,797 INFO c.h.h.t.HelmChartContainer - [hivemq-test-hivemq-platform] [hivemq-platform-operator] [8d76f7f3] 18:32:58.794 [pool-6-thread-43] DEBUG c.h.p.o.dependants.PodInfoConfigMap - [helmmoni] Desired PodInfo ConfigMap (extension state hash: -1817474005)
2025-01-30 18:32:58,800 INFO c.h.h.t.HelmChartContainer - [EVENT] Normal [Started] Started container hivemq [helmmonitoringplatformit:test-hivemq-platform-0]
2025-01-30 18:32:58,800 INFO c.h.h.t.HelmChartContainer - Received Started event for container hivemq in pod test-hivemq-platform-0 [e7ddc8c1-5929-48fc-91cc-f96808c02776]
2025-01-30 18:32:58,800 INFO c.h.h.t.HelmChartContainer - Started log watcher for hivemq in pod test-hivemq-platform-0 [e7ddc8c1-5929-48fc-91cc-f96808c02776]
2025-01-30 18:32:58,800 INFO c.h.h.t.HelmChartContainer - [test-hivemq-platform] [hivemq] [e7ddc8c1] Adding pre-installed HiveMQ Platform Operator extensions
2025-01-30 18:32:58,800 INFO c.h.h.t.HelmChartContainer - [test-hivemq-platform] [hivemq] [e7ddc8c1] Running as user 10000
2025-01-30 18:32:58,800 INFO c.h.h.t.HelmChartContainer - [test-hivemq-platform] [hivemq] [e7ddc8c1] Starting HiveMQ Platform Operator Init
2025-01-30 18:32:58,805 INFO c.h.h.t.HelmChartContainer - [hivemq-test-hivemq-platform] [hivemq-platform-operator] [8d76f7f3] 18:32:58.803 [pool-6-thread-47] DEBUG c.h.p.o.d.PodServiceAccountResource - [helmmoni] Desired PodServiceAccountResource (serviceAccountName: hivemq-platform-pod-test-hivemq-platform)
2025-01-30 18:32:58,886 INFO c.h.h.t.HelmChartContainer - [hivemq-test-hivemq-platform] [hivemq-platform-operator] [8d76f7f3] 18:32:58.884 [pool-6-thread-50] DEBUG c.h.p.o.d.StatefulSetResource - [helmmoni] Desired StatefulSet (2 replicas) for status STARTING (READY)
2025-01-30 18:32:58,890 INFO c.h.h.t.HelmChartContainer - [hivemq-test-hivemq-platform] [hivemq-platform-operator] [8d76f7f3] 18:32:58.889 [ReconcilerExecutor-hivemq-controller-98] INFO  c.h.p.o.HiveMQPlatformReconciler - [helmmoni] Reconciling HiveMQ Platform 'test-hivemq-platform' in namespace 'helmmonitoringplatformit'
2025-01-30 18:32:58,890 INFO c.h.h.t.HelmChartContainer - [hivemq-test-hivemq-platform] [hivemq-platform-operator] [8d76f7f3] 18:32:58.889 [ReconcilerExecutor-hivemq-controller-98] DEBUG c.h.p.o.HiveMQPlatformReconciler - [helmmoni] Custom Resource Status STARTING - HiveMQ Platform is starting (READY)
2025-01-30 18:32:58,890 INFO c.h.h.t.HelmChartContainer - [hivemq-test-hivemq-platform] [hivemq-platform-operator] [8d76f7f3] 18:32:58.889 [ReconcilerExecutor-hivemq-controller-98] DEBUG c.h.p.o.HiveMQPlatformReconciler - [helmmoni] Custom Resource Spec (replicas: 2) (extensions: 1)
2025-01-30 18:32:58,900 INFO c.h.h.t.HelmChartContainer - [hivemq-test-hivemq-platform] [hivemq-platform-operator] [8d76f7f3] 18:32:58.899 [ReconcilerExecutor-hivemq-controller-98] DEBUG c.h.p.o.HiveMQPlatformReconciler - [helmmoni] StatefulSet Status (revision: test-hivemq-platform-64db946475, replicas: 1, available: 0, ready: 0, current: 1, updated: 1)
2025-01-30 18:32:58,900 INFO c.h.h.t.HelmChartContainer - [hivemq-test-hivemq-platform] [hivemq-platform-operator] [8d76f7f3] 18:32:58.899 [ReconcilerExecutor-hivemq-controller-98] DEBUG c.h.p.o.HiveMQPlatformReconciler - [helmmoni] StatefulSet Spec (replicas: 2, init containers: 1, containers: 1, volumes: 3)
2025-01-30 18:32:58,903 INFO c.h.h.t.HelmChartContainer - [hivemq-test-hivemq-platform] [hivemq-platform-operator] [8d76f7f3] 18:32:58.902 [ReconcilerExecutor-hivemq-controller-98] DEBUG c.h.p.o.h.HiveMQPlatformReconcilerErrorHandler - [helmmoni] Pod 'test-hivemq-platform-0' phase Running
2025-01-30 18:32:58,904 INFO c.h.h.t.HelmChartContainer - [hivemq-test-hivemq-platform] [hivemq-platform-operator] [8d76f7f3] 18:32:58.903 [ReconcilerExecutor-hivemq-controller-98] INFO  c.h.p.o.h.HiveMQPlatformReconcilerBaseHandler - [helmmoni] HiveMQ Platform is starting, 0 of 2 replicas are ready
2025-01-30 18:32:59,118 INFO c.h.h.t.HelmChartContainer - [test-hivemq-platform] [hivemq] [e7ddc8c1] INFO  - [HiveMQ Platform Operator Init 1.7.0-SNAPSHOT] HiveMQ Platform Operator Init 1.7.0-SNAPSHOT (commit: 47e3375 on branch: HEAD) built on Thu Jan 30 03:55:50 UTC 2025
2025-01-30 18:33:00,239 INFO c.h.h.t.HelmChartContainer - [test-hivemq-platform] [hivemq] [e7ddc8c1] INFO  - [HiveMQ Platform Operator Init App 1.7.0-SNAPSHOT] Using bind address 10.42.0.17 from environment variable
2025-01-30 18:33:01,217 INFO c.h.h.t.HelmChartContainer - [test-hivemq-platform] [hivemq] [e7ddc8c1] INFO  - [HiveMQ Platform Operator Init App 1.7.0-SNAPSHOT] HiveMQ Platform Operator Init App 1.7.0-SNAPSHOT (commit: 47e3375 on branch: HEAD) built on Thu Jan 30 03:55:50 UTC 2025
2025-01-30 18:33:01,218 INFO c.h.h.t.HelmChartContainer - [test-hivemq-platform] [hivemq] [e7ddc8c1] INFO  - [HiveMQ Platform Operator Init App 1.7.0-SNAPSHOT] PodInfo ConfigMap directory: /etc/podinfo
2025-01-30 18:33:01,218 INFO c.h.h.t.HelmChartContainer - [test-hivemq-platform] [hivemq] [e7ddc8c1] INFO  - [HiveMQ Platform Operator Init App 1.7.0-SNAPSHOT] HiveMQ home directory: /opt/hivemq
2025-01-30 18:33:01,218 INFO c.h.h.t.HelmChartContainer - [test-hivemq-platform] [hivemq] [e7ddc8c1] INFO  - [HiveMQ Platform Operator Init App 1.7.0-SNAPSHOT] HiveMQ Logback folder: /opt/hivemq/conf
2025-01-30 18:33:01,218 INFO c.h.h.t.HelmChartContainer - [test-hivemq-platform] [hivemq] [e7ddc8c1] INFO  - [HiveMQ Platform Operator Init App 1.7.0-SNAPSHOT] HiveMQ Config folder: /opt/hivemq/conf-k8s
2025-01-30 18:33:01,219 INFO c.h.h.t.HelmChartContainer - [test-hivemq-platform] [hivemq] [e7ddc8c1] INFO  - [HiveMQ Platform Operator Init App 1.7.0-SNAPSHOT] Starting HiveMQ Platform Operator Init App
2025-01-30 18:33:01,219 INFO c.h.h.t.HelmChartContainer - [test-hivemq-platform] [hivemq] [e7ddc8c1] INFO  - [HiveMQ Platform Operator Init App 1.7.0-SNAPSHOT] Starting Pod reconciler
2025-01-30 18:33:02,526 INFO c.h.h.t.HelmChartContainer - [test-hivemq-platform] [hivemq] [e7ddc8c1] INFO  - [HiveMQ Platform Operator Init App 1.7.0-SNAPSHOT] Pod reconciler is scheduled (interval: 5000 ms)
2025-01-30 18:33:02,527 INFO c.h.h.t.HelmChartContainer - [test-hivemq-platform] [hivemq] [e7ddc8c1] INFO  - [HiveMQ Platform Operator Init App 1.7.0-SNAPSHOT] Starting the REST API on 10.42.0.17:7979
2025-01-30 18:33:02,530 INFO c.h.h.t.HelmChartContainer - [test-hivemq-platform] [hivemq] [e7ddc8c1] INFO  - [HiveMQ Platform Operator Init App 1.7.0-SNAPSHOT] Waiting up to 600s for at most 2 HiveMQ nodes in cluster service hivemq-test-hivemq-platform-cluster.helmmonitoringplatformit.svc
2025-01-30 18:33:02,925 INFO c.h.h.t.HelmChartContainer - [test-hivemq-platform] [hivemq] [e7ddc8c1] INFO  - [HiveMQ Platform Operator Init App 1.7.0-SNAPSHOT] Resolved 1 IP addresses: [10.42.0.17]
2025-01-30 18:33:02,925 INFO c.h.h.t.HelmChartContainer - [test-hivemq-platform] [hivemq] [e7ddc8c1] INFO  - [HiveMQ Platform Operator Init App 1.7.0-SNAPSHOT] HiveMQ node count of 1 is within threshold of 2
2025-01-30 18:33:02,925 INFO c.h.h.t.HelmChartContainer - [test-hivemq-platform] [hivemq] [e7ddc8c1] INFO  - [HiveMQ Platform Operator Init App 1.7.0-SNAPSHOT] Proceeding with container start
2025-01-30 18:33:03,018 INFO c.h.h.t.HelmChartContainer - [test-hivemq-platform] [hivemq] [e7ddc8c1] INFO  - [HiveMQ Platform Operator Init App 1.7.0-SNAPSHOT] Initializing HiveMQ Platform extensions with initial configuration: {hivemq-allow-all-extension={start-priority=-1, skip-https-hostname-verification=false, restart=true, config-version=0, header-version=0, c-uri=, priority=-1, uri=preinstalled, skip-https-certificate-validation=false, enabled=true}, hivemq-prometheus-extension={enabled=true, request-header-path=no-request-headers, uri=preinstalled, skip-https-certificate-validation=false, skip-https-hostname-verification=false, c-uri=, start-priority=-1, priority=-1, restart=true}}
2025-01-30 18:33:03,530 INFO c.h.h.t.HelmChartContainer - [test-hivemq-platform] [hivemq] [e7ddc8c1] INFO  - [HiveMQ Platform Operator Init App 1.7.0-SNAPSHOT] Extension hivemq-allow-all-extension was already enabled
2025-01-30 18:33:03,613 INFO c.h.h.t.HelmChartContainer - [test-hivemq-platform] [hivemq] [e7ddc8c1] INFO  - [HiveMQ Platform Operator Init App 1.7.0-SNAPSHOT] Successfully enabled extension hivemq-prometheus-extension
2025-01-30 18:33:03,616 INFO c.h.h.t.HelmChartContainer - [test-hivemq-platform] [hivemq] [e7ddc8c1] INFO  - [HiveMQ Platform Operator Init App 1.7.0-SNAPSHOT] Starting HiveMQ Platform version 4.36.0 (4.36.0)
2025-01-30 18:33:03,617 INFO c.h.h.t.HelmChartContainer - [test-hivemq-platform] [hivemq] [e7ddc8c1] INFO  - [HiveMQ Platform Operator Init App 1.7.0-SNAPSHOT] Configuring the HiveMQ Platform
2025-01-30 18:33:03,667 INFO c.h.h.t.HelmChartContainer - [test-hivemq-platform] [hivemq] [e7ddc8c1] INFO  - [HiveMQ Platform Operator Init App 1.7.0-SNAPSHOT] Changed logback.xml file scan period to 20 seconds
2025-01-30 18:33:03,764 INFO c.h.h.t.HelmChartContainer - [test-hivemq-platform] [hivemq] [e7ddc8c1] INFO  - [HiveMQ Platform Operator Init App 1.7.0-SNAPSHOT] Starting the HiveMQ Platform
2025-01-30 18:33:03,768 INFO c.h.h.t.HelmChartContainer - [test-hivemq-platform] [hivemq] [e7ddc8c1] -------------------------------------------------------------------------
2025-01-30 18:33:03,768 INFO c.h.h.t.HelmChartContainer - [test-hivemq-platform] [hivemq] [e7ddc8c1] 
2025-01-30 18:33:03,768 INFO c.h.h.t.HelmChartContainer - [test-hivemq-platform] [hivemq] [e7ddc8c1]                   _    _  _              __  __   ____
2025-01-30 18:33:03,768 INFO c.h.h.t.HelmChartContainer - [test-hivemq-platform] [hivemq] [e7ddc8c1]                  | |  | |(_)            |  \/  | / __ \
2025-01-30 18:33:03,768 INFO c.h.h.t.HelmChartContainer - [test-hivemq-platform] [hivemq] [e7ddc8c1]                  | |__| | _ __   __ ___ | \  / || |  | |
2025-01-30 18:33:03,768 INFO c.h.h.t.HelmChartContainer - [test-hivemq-platform] [hivemq] [e7ddc8c1]                  |  __  || |\ \ / // _ \| |\/| || |  | |
2025-01-30 18:33:03,768 INFO c.h.h.t.HelmChartContainer - [test-hivemq-platform] [hivemq] [e7ddc8c1]                  | |  | || | \ V /|  __/| |  | || |__| |
2025-01-30 18:33:03,768 INFO c.h.h.t.HelmChartContainer - [test-hivemq-platform] [hivemq] [e7ddc8c1]                  |_|  |_||_|  \_/  \___||_|  |_| \___\_\
2025-01-30 18:33:03,769 INFO c.h.h.t.HelmChartContainer - [test-hivemq-platform] [hivemq] [e7ddc8c1] 
2025-01-30 18:33:03,769 INFO c.h.h.t.HelmChartContainer - [test-hivemq-platform] [hivemq] [e7ddc8c1] -------------------------------------------------------------------------
2025-01-30 18:33:03,769 INFO c.h.h.t.HelmChartContainer - [test-hivemq-platform] [hivemq] [e7ddc8c1] 
2025-01-30 18:33:03,769 INFO c.h.h.t.HelmChartContainer - [test-hivemq-platform] [hivemq] [e7ddc8c1]   HiveMQ Start Script for Linux/Unix v1.14
2025-01-30 18:33:03,769 INFO c.h.h.t.HelmChartContainer - [test-hivemq-platform] [hivemq] [e7ddc8c1] 
2025-01-30 18:33:03,835 INFO c.h.h.t.HelmChartContainer - [test-hivemq-platform] [hivemq] [e7ddc8c1] -------------------------------------------------------------------------
2025-01-30 18:33:03,835 INFO c.h.h.t.HelmChartContainer - [test-hivemq-platform] [hivemq] [e7ddc8c1] 
2025-01-30 18:33:03,835 INFO c.h.h.t.HelmChartContainer - [test-hivemq-platform] [hivemq] [e7ddc8c1]   HIVEMQ_HOME: /opt/hivemq
2025-01-30 18:33:03,835 INFO c.h.h.t.HelmChartContainer - [test-hivemq-platform] [hivemq] [e7ddc8c1] 
2025-01-30 18:33:03,835 INFO c.h.h.t.HelmChartContainer - [test-hivemq-platform] [hivemq] [e7ddc8c1]   JAVA_OPTS: -XX:+UnlockExperimentalVMOptions -XX:InitialRAMPercentage=50 -XX:MaxRAMPercentage=50 -Djava.net.preferIPv4Stack=true --add-opens java.base/java.lang=ALL-UNNAMED --add-opens java.base/java.nio=ALL-UNNAMED --add-opens java.base/sun.nio.ch=ALL-UNNAMED --add-opens jdk.management/com.sun.management.internal=ALL-UNNAMED --add-exports java.base/jdk.internal.misc=ALL-UNNAMED -Djava.security.egd=file:/dev/./urandom -Dcom.sun.management.jmxremote -Dcom.sun.management.jmxremote.port=9010 -Dcom.sun.management.jmxremote.local.only=false -Dcom.sun.management.jmxremote.authenticate=false -Dcom.sun.management.jmxremote.ssl=false -Duser.language=en -Duser.region=US -XX:+CrashOnOutOfMemoryError -XX:+HeapDumpOnOutOfMemoryError
2025-01-30 18:33:03,835 INFO c.h.h.t.HelmChartContainer - [test-hivemq-platform] [hivemq] [e7ddc8c1] 
2025-01-30 18:33:03,835 INFO c.h.h.t.HelmChartContainer - [test-hivemq-platform] [hivemq] [e7ddc8c1]   JAVA_VERSION: 21
2025-01-30 18:33:03,835 INFO c.h.h.t.HelmChartContainer - [test-hivemq-platform] [hivemq] [e7ddc8c1] 
2025-01-30 18:33:03,835 INFO c.h.h.t.HelmChartContainer - [test-hivemq-platform] [hivemq] [e7ddc8c1] -------------------------------------------------------------------------
2025-01-30 18:33:03,835 INFO c.h.h.t.HelmChartContainer - [test-hivemq-platform] [hivemq] [e7ddc8c1] 
2025-01-30 18:33:04,864 INFO c.h.h.t.HelmChartContainer - [test-hivemq-platform] [hivemq] [e7ddc8c1] INFO  - [HiveMQ Platform Operator Init App 1.7.0-SNAPSHOT] Returning default Health API response 503 for readiness
2025-01-30 18:33:05,224 INFO c.h.h.t.HelmChartContainer - [EVENT] Warning [Unhealthy] Readiness probe failed: HTTP probe failed with statuscode: 503 [helmmonitoringplatformit:test-hivemq-platform-0]
2025-01-30 18:33:05,224 INFO c.h.h.t.HelmChartContainer - Received Unhealthy event for container hivemq in pod test-hivemq-platform-0 [e7ddc8c1-5929-48fc-91cc-f96808c02776]
2025-01-30 18:33:06,821 INFO c.h.h.t.HelmChartContainer - [test-hivemq-platform] [hivemq] [e7ddc8c1] INFO  - Starting HiveMQ Enterprise Server
2025-01-30 18:33:06,827 INFO c.h.h.t.HelmChartContainer - [test-hivemq-platform] [hivemq] [e7ddc8c1] INFO  - HiveMQ version: 4.36.0
2025-01-30 18:33:06,828 INFO c.h.h.t.HelmChartContainer - [test-hivemq-platform] [hivemq] [e7ddc8c1] INFO  - HiveMQ home directory: /opt/hivemq
2025-01-30 18:33:06,828 INFO c.h.h.t.HelmChartContainer - [test-hivemq-platform] [hivemq] [e7ddc8c1] INFO  - Log Configuration was overridden by /opt/hivemq/conf/logback.xml
2025-01-30 18:33:08,910 INFO c.h.h.t.HelmChartContainer - [hivemq-test-hivemq-platform] [hivemq-platform-operator] [8d76f7f3] 18:33:08.906 [pool-6-thread-3] DEBUG c.h.p.o.d.PlatformServiceResource - [helmmoni] Desired Platform services (3 services)
2025-01-30 18:33:08,910 INFO c.h.h.t.HelmChartContainer - [hivemq-test-hivemq-platform] [hivemq-platform-operator] [8d76f7f3] 18:33:08.907 [pool-6-thread-5] DEBUG c.h.p.o.dependants.PodInfoConfigMap - [helmmoni] Desired PodInfo ConfigMap (1 extensions) (1 enabled)
2025-01-30 18:33:08,910 INFO c.h.h.t.HelmChartContainer - [hivemq-test-hivemq-platform] [hivemq-platform-operator] [8d76f7f3] 18:33:08.908 [pool-6-thread-5] DEBUG c.h.p.o.dependants.PodInfoConfigMap - [helmmoni] Desired PodInfo ConfigMap (metrics port: 9399) (metrics path: /)
2025-01-30 18:33:08,910 INFO c.h.h.t.HelmChartContainer - [hivemq-test-hivemq-platform] [hivemq-platform-operator] [8d76f7f3] 18:33:08.908 [pool-6-thread-5] DEBUG c.h.p.o.dependants.PodInfoConfigMap - [helmmoni] Desired PodInfo ConfigMap (extension state hash: -1817474005)
2025-01-30 18:33:08,910 INFO c.h.h.t.HelmChartContainer - [hivemq-test-hivemq-platform] [hivemq-platform-operator] [8d76f7f3] 18:33:08.908 [pool-6-thread-4] DEBUG c.h.p.o.d.PodServiceAccountResource - [helmmoni] Desired PodServiceAccountResource (serviceAccountName: hivemq-platform-pod-test-hivemq-platform)
2025-01-30 18:33:08,915 INFO c.h.h.t.HelmChartContainer - [test-hivemq-platform] [hivemq] [e7ddc8c1] INFO  - Successfully loaded configuration from '/opt/hivemq/conf-k8s/config.xml'.
2025-01-30 18:33:08,919 INFO c.h.h.t.HelmChartContainer - [hivemq-test-hivemq-platform] [hivemq-platform-operator] [8d76f7f3] 18:33:08.919 [pool-6-thread-5] DEBUG c.h.p.o.d.StatefulSetResource - [helmmoni] Desired StatefulSet (2 replicas) for status STARTING (READY)
2025-01-30 18:33:08,925 INFO c.h.h.t.HelmChartContainer - [hivemq-test-hivemq-platform] [hivemq-platform-operator] [8d76f7f3] 18:33:08.924 [ReconcilerExecutor-hivemq-controller-109] INFO  c.h.p.o.HiveMQPlatformReconciler - [helmmoni] Reconciling HiveMQ Platform 'test-hivemq-platform' in namespace 'helmmonitoringplatformit'
2025-01-30 18:33:08,926 INFO c.h.h.t.HelmChartContainer - [hivemq-test-hivemq-platform] [hivemq-platform-operator] [8d76f7f3] 18:33:08.924 [ReconcilerExecutor-hivemq-controller-109] DEBUG c.h.p.o.HiveMQPlatformReconciler - [helmmoni] Custom Resource Status STARTING - HiveMQ Platform is starting (READY)
2025-01-30 18:33:08,930 INFO c.h.h.t.HelmChartContainer - [hivemq-test-hivemq-platform] [hivemq-platform-operator] [8d76f7f3] 18:33:08.924 [ReconcilerExecutor-hivemq-controller-109] DEBUG c.h.p.o.HiveMQPlatformReconciler - [helmmoni] Custom Resource Spec (replicas: 2) (extensions: 1)
2025-01-30 18:33:08,931 INFO c.h.h.t.HelmChartContainer - [hivemq-test-hivemq-platform] [hivemq-platform-operator] [8d76f7f3] 18:33:08.926 [ReconcilerExecutor-hivemq-controller-109] DEBUG c.h.p.o.HiveMQPlatformReconciler - [helmmoni] StatefulSet Status (revision: test-hivemq-platform-64db946475, replicas: 1, available: 0, ready: 0, current: 1, updated: 1)
2025-01-30 18:33:08,931 INFO c.h.h.t.HelmChartContainer - [hivemq-test-hivemq-platform] [hivemq-platform-operator] [8d76f7f3] 18:33:08.926 [ReconcilerExecutor-hivemq-controller-109] DEBUG c.h.p.o.HiveMQPlatformReconciler - [helmmoni] StatefulSet Spec (replicas: 2, init containers: 1, containers: 1, volumes: 3)
2025-01-30 18:33:08,936 INFO c.h.h.t.HelmChartContainer - [hivemq-test-hivemq-platform] [hivemq-platform-operator] [8d76f7f3] 18:33:08.933 [ReconcilerExecutor-hivemq-controller-109] DEBUG c.h.p.o.h.HiveMQPlatformReconcilerErrorHandler - [helmmoni] Pod 'test-hivemq-platform-0' phase Running
2025-01-30 18:33:08,937 INFO c.h.h.t.HelmChartContainer - [hivemq-test-hivemq-platform] [hivemq-platform-operator] [8d76f7f3] 18:33:08.937 [ReconcilerExecutor-hivemq-controller-109] INFO  c.h.p.o.h.HiveMQPlatformReconcilerBaseHandler - [helmmoni] HiveMQ Platform is starting, 0 of 2 replicas are ready
2025-01-30 18:33:10,016 INFO c.h.h.t.HelmChartContainer - [test-hivemq-platform] [hivemq] [e7ddc8c1] INFO  - This node's ID is 9d9yy
2025-01-30 18:33:10,017 INFO c.h.h.t.HelmChartContainer - [test-hivemq-platform] [hivemq] [e7ddc8c1] INFO  - Clustering is enabled
2025-01-30 18:33:10,320 INFO c.h.h.t.HelmChartContainer - [test-hivemq-platform] [hivemq] [e7ddc8c1] WARN  - [HiveMQ Platform Operator Init App 1.7.0-SNAPSHOT] Cannot connect to Health API for readiness: null
2025-01-30 18:33:10,324 INFO c.h.h.t.HelmChartContainer - [EVENT] Warning [Unhealthy] Readiness probe failed: HTTP probe failed with statuscode: 503 [helmmonitoringplatformit:test-hivemq-platform-0]
2025-01-30 18:33:10,324 INFO c.h.h.t.HelmChartContainer - Received Unhealthy event for container hivemq in pod test-hivemq-platform-0 [e7ddc8c1-5929-48fc-91cc-f96808c02776]
2025-01-30 18:33:13,821 INFO c.h.h.t.HelmChartContainer - [test-hivemq-platform] [hivemq] [e7ddc8c1] Jan 30, 2025 6:33:13 PM io.vertx.core.impl.BlockedThreadChecker
2025-01-30 18:33:13,821 INFO c.h.h.t.HelmChartContainer - [test-hivemq-platform] [hivemq] [e7ddc8c1] WARNING: Thread Thread[vert.x-eventloop-thread-1,5,main] has been blocked for 2997 ms, time limit is 2000 ms
2025-01-30 18:33:14,116 INFO c.h.h.t.HelmChartContainer - [test-hivemq-platform] [hivemq] [e7ddc8c1] INFO  - [HiveMQ Platform Operator Init App 1.7.0-SNAPSHOT] Updating Pod HiveMQ Platform Operator Init App version annotation (version: 1.7.0-SNAPSHOT)
2025-01-30 18:33:14,920 INFO c.h.h.t.HelmChartContainer - [test-hivemq-platform] [hivemq] [e7ddc8c1] WARN  - [HiveMQ Platform Operator Init App 1.7.0-SNAPSHOT] Cannot connect to Health API for readiness: null
2025-01-30 18:33:14,920 INFO c.h.h.t.HelmChartContainer - [EVENT] Warning [Unhealthy] Readiness probe failed: HTTP probe failed with statuscode: 503 [helmmonitoringplatformit:test-hivemq-platform-0]
2025-01-30 18:33:14,920 INFO c.h.h.t.HelmChartContainer - Received Unhealthy event for container hivemq in pod test-hivemq-platform-0 [e7ddc8c1-5929-48fc-91cc-f96808c02776]
2025-01-30 18:33:15,029 INFO c.h.h.t.HelmChartContainer - [POD] test-hivemq-platform-0 [e7ddc8c1-5929-48fc-91cc-f96808c02776] in helmmonitoringplatformit was MODIFIED
2025-01-30 18:33:15,034 INFO c.h.h.t.HelmChartContainer - [hivemq-test-hivemq-platform] [hivemq-platform-operator] [8d76f7f3] 18:33:15.032 [pool-6-thread-17] DEBUG c.h.p.o.d.PlatformServiceResource - [helmmoni] Desired Platform services (3 services)
2025-01-30 18:33:15,036 INFO c.h.h.t.HelmChartContainer - [hivemq-test-hivemq-platform] [hivemq-platform-operator] [8d76f7f3] 18:33:15.035 [pool-6-thread-11] DEBUG c.h.p.o.d.PodServiceAccountResource - [helmmoni] Desired PodServiceAccountResource (serviceAccountName: hivemq-platform-pod-test-hivemq-platform)
2025-01-30 18:33:15,038 INFO c.h.h.t.HelmChartContainer - [hivemq-test-hivemq-platform] [hivemq-platform-operator] [8d76f7f3] 18:33:15.034 [pool-6-thread-15] DEBUG c.h.p.o.dependants.PodInfoConfigMap - [helmmoni] Desired PodInfo ConfigMap (1 extensions) (1 enabled)
2025-01-30 18:33:15,039 INFO c.h.h.t.HelmChartContainer - [hivemq-test-hivemq-platform] [hivemq-platform-operator] [8d76f7f3] 18:33:15.037 [pool-6-thread-15] DEBUG c.h.p.o.dependants.PodInfoConfigMap - [helmmoni] Desired PodInfo ConfigMap (metrics port: 9399) (metrics path: /)
2025-01-30 18:33:15,039 INFO c.h.h.t.HelmChartContainer - [hivemq-test-hivemq-platform] [hivemq-platform-operator] [8d76f7f3] 18:33:15.037 [pool-6-thread-15] DEBUG c.h.p.o.dependants.PodInfoConfigMap - [helmmoni] Desired PodInfo ConfigMap (extension state hash: -1817474005)
2025-01-30 18:33:15,042 INFO c.h.h.t.HelmChartContainer - [hivemq-test-hivemq-platform] [hivemq-platform-operator] [8d76f7f3] 18:33:15.042 [pool-6-thread-17] DEBUG c.h.p.o.d.StatefulSetResource - [helmmoni] Desired StatefulSet (2 replicas) for status STARTING (READY)
2025-01-30 18:33:15,048 INFO c.h.h.t.HelmChartContainer - [hivemq-test-hivemq-platform] [hivemq-platform-operator] [8d76f7f3] 18:33:15.047 [ReconcilerExecutor-hivemq-controller-110] INFO  c.h.p.o.HiveMQPlatformReconciler - [helmmoni] Reconciling HiveMQ Platform 'test-hivemq-platform' in namespace 'helmmonitoringplatformit'
2025-01-30 18:33:15,048 INFO c.h.h.t.HelmChartContainer - [hivemq-test-hivemq-platform] [hivemq-platform-operator] [8d76f7f3] 18:33:15.047 [ReconcilerExecutor-hivemq-controller-110] DEBUG c.h.p.o.HiveMQPlatformReconciler - [helmmoni] Custom Resource Status STARTING - HiveMQ Platform is starting (READY)
2025-01-30 18:33:15,048 INFO c.h.h.t.HelmChartContainer - [hivemq-test-hivemq-platform] [hivemq-platform-operator] [8d76f7f3] 18:33:15.047 [ReconcilerExecutor-hivemq-controller-110] DEBUG c.h.p.o.HiveMQPlatformReconciler - [helmmoni] Custom Resource Spec (replicas: 2) (extensions: 1)
2025-01-30 18:33:15,052 INFO c.h.h.t.HelmChartContainer - [hivemq-test-hivemq-platform] [hivemq-platform-operator] [8d76f7f3] 18:33:15.049 [ReconcilerExecutor-hivemq-controller-110] DEBUG c.h.p.o.HiveMQPlatformReconciler - [helmmoni] StatefulSet Status (revision: test-hivemq-platform-64db946475, replicas: 1, available: 0, ready: 0, current: 1, updated: 1)
2025-01-30 18:33:15,052 INFO c.h.h.t.HelmChartContainer - [hivemq-test-hivemq-platform] [hivemq-platform-operator] [8d76f7f3] 18:33:15.049 [ReconcilerExecutor-hivemq-controller-110] DEBUG c.h.p.o.HiveMQPlatformReconciler - [helmmoni] StatefulSet Spec (replicas: 2, init containers: 1, containers: 1, volumes: 3)
2025-01-30 18:33:15,053 INFO c.h.h.t.HelmChartContainer - [hivemq-test-hivemq-platform] [hivemq-platform-operator] [8d76f7f3] 18:33:15.052 [ReconcilerExecutor-hivemq-controller-110] DEBUG c.h.p.o.h.HiveMQPlatformReconcilerErrorHandler - [helmmoni] Pod 'test-hivemq-platform-0' phase Running
2025-01-30 18:33:15,101 INFO c.h.h.t.HelmChartContainer - [hivemq-test-hivemq-platform] [hivemq-platform-operator] [8d76f7f3] 18:33:15.100 [ReconcilerExecutor-hivemq-controller-110] INFO  c.h.p.o.h.HiveMQPlatformReconcilerBaseHandler - [helmmoni] HiveMQ Platform is starting, 0 of 2 replicas are ready
2025-01-30 18:33:15,115 INFO c.h.h.t.HelmChartContainer - [test-hivemq-platform] [hivemq] [e7ddc8c1] WARN  - [HiveMQ Platform Operator Init App 1.7.0-SNAPSHOT] Cannot connect to Health API for readiness: null
2025-01-30 18:33:15,121 INFO c.h.h.t.HelmChartContainer - [test-hivemq-platform] [hivemq] [e7ddc8c1] INFO  - [HiveMQ Platform Operator Init App 1.7.0-SNAPSHOT] Successfully updated Pod HiveMQ Platform Operator Init App version annotation (version: 1.7.0-SNAPSHOT)
2025-01-30 18:33:15,126 INFO c.h.h.t.HelmChartContainer - [EVENT] Warning [Unhealthy] Readiness probe failed: HTTP probe failed with statuscode: 503 [helmmonitoringplatformit:test-hivemq-platform-0]
2025-01-30 18:33:15,126 INFO c.h.h.t.HelmChartContainer - Received Unhealthy event for container hivemq in pod test-hivemq-platform-0 [e7ddc8c1-5929-48fc-91cc-f96808c02776]
2025-01-30 18:33:20,033 INFO c.h.h.t.HelmChartContainer - [test-hivemq-platform] [hivemq] [e7ddc8c1] WARN  - [HiveMQ Platform Operator Init App 1.7.0-SNAPSHOT] Cannot connect to Health API for readiness: null
2025-01-30 18:33:20,039 INFO c.h.h.t.HelmChartContainer - [EVENT] Warning [Unhealthy] Readiness probe failed: HTTP probe failed with statuscode: 503 [helmmonitoringplatformit:test-hivemq-platform-0]
2025-01-30 18:33:20,039 INFO c.h.h.t.HelmChartContainer - Received Unhealthy event for container hivemq in pod test-hivemq-platform-0 [e7ddc8c1-5929-48fc-91cc-f96808c02776]
2025-01-30 18:33:25,108 INFO c.h.h.t.HelmChartContainer - [hivemq-test-hivemq-platform] [hivemq-platform-operator] [8d76f7f3] 18:33:25.104 [pool-6-thread-26] DEBUG c.h.p.o.d.PlatformServiceResource - [helmmoni] Desired Platform services (3 services)
2025-01-30 18:33:25,108 INFO c.h.h.t.HelmChartContainer - [hivemq-test-hivemq-platform] [hivemq-platform-operator] [8d76f7f3] 18:33:25.104 [pool-6-thread-25] DEBUG c.h.p.o.dependants.PodInfoConfigMap - [helmmoni] Desired PodInfo ConfigMap (1 extensions) (1 enabled)
2025-01-30 18:33:25,108 INFO c.h.h.t.HelmChartContainer - [hivemq-test-hivemq-platform] [hivemq-platform-operator] [8d76f7f3] 18:33:25.105 [pool-6-thread-25] DEBUG c.h.p.o.dependants.PodInfoConfigMap - [helmmoni] Desired PodInfo ConfigMap (metrics port: 9399) (metrics path: /)
2025-01-30 18:33:25,108 INFO c.h.h.t.HelmChartContainer - [hivemq-test-hivemq-platform] [hivemq-platform-operator] [8d76f7f3] 18:33:25.105 [pool-6-thread-25] DEBUG c.h.p.o.dependants.PodInfoConfigMap - [helmmoni] Desired PodInfo ConfigMap (extension state hash: -1817474005)
2025-01-30 18:33:25,108 INFO c.h.h.t.HelmChartContainer - [hivemq-test-hivemq-platform] [hivemq-platform-operator] [8d76f7f3] 18:33:25.106 [pool-6-thread-25] DEBUG c.h.p.o.d.PodServiceAccountResource - [helmmoni] Desired PodServiceAccountResource (serviceAccountName: hivemq-platform-pod-test-hivemq-platform)
2025-01-30 18:33:25,114 INFO c.h.h.t.HelmChartContainer - [hivemq-test-hivemq-platform] [hivemq-platform-operator] [8d76f7f3] 18:33:25.113 [pool-6-thread-25] DEBUG c.h.p.o.d.StatefulSetResource - [helmmoni] Desired StatefulSet (2 replicas) for status STARTING (READY)
2025-01-30 18:33:25,120 INFO c.h.h.t.HelmChartContainer - [test-hivemq-platform] [hivemq] [e7ddc8c1] WARN  - [HiveMQ Platform Operator Init App 1.7.0-SNAPSHOT] Cannot connect to Health API for readiness: null
2025-01-30 18:33:25,123 INFO c.h.h.t.HelmChartContainer - [hivemq-test-hivemq-platform] [hivemq-platform-operator] [8d76f7f3] 18:33:25.122 [ReconcilerExecutor-hivemq-controller-111] INFO  c.h.p.o.HiveMQPlatformReconciler - [helmmoni] Reconciling HiveMQ Platform 'test-hivemq-platform' in namespace 'helmmonitoringplatformit'
2025-01-30 18:33:25,123 INFO c.h.h.t.HelmChartContainer - [hivemq-test-hivemq-platform] [hivemq-platform-operator] [8d76f7f3] 18:33:25.122 [ReconcilerExecutor-hivemq-controller-111] DEBUG c.h.p.o.HiveMQPlatformReconciler - [helmmoni] Custom Resource Status STARTING - HiveMQ Platform is starting (READY)
2025-01-30 18:33:25,123 INFO c.h.h.t.HelmChartContainer - [hivemq-test-hivemq-platform] [hivemq-platform-operator] [8d76f7f3] 18:33:25.122 [ReconcilerExecutor-hivemq-controller-111] DEBUG c.h.p.o.HiveMQPlatformReconciler - [helmmoni] Custom Resource Spec (replicas: 2) (extensions: 1)
2025-01-30 18:33:25,131 INFO c.h.h.t.HelmChartContainer - [hivemq-test-hivemq-platform] [hivemq-platform-operator] [8d76f7f3] 18:33:25.124 [ReconcilerExecutor-hivemq-controller-111] DEBUG c.h.p.o.HiveMQPlatformReconciler - [helmmoni] StatefulSet Status (revision: test-hivemq-platform-64db946475, replicas: 1, available: 0, ready: 0, current: 1, updated: 1)
2025-01-30 18:33:25,133 INFO c.h.h.t.HelmChartContainer - [hivemq-test-hivemq-platform] [hivemq-platform-operator] [8d76f7f3] 18:33:25.124 [ReconcilerExecutor-hivemq-controller-111] DEBUG c.h.p.o.HiveMQPlatformReconciler - [helmmoni] StatefulSet Spec (replicas: 2, init containers: 1, containers: 1, volumes: 3)
2025-01-30 18:33:25,133 INFO c.h.h.t.HelmChartContainer - [hivemq-test-hivemq-platform] [hivemq-platform-operator] [8d76f7f3] 18:33:25.126 [ReconcilerExecutor-hivemq-controller-111] DEBUG c.h.p.o.h.HiveMQPlatformReconcilerErrorHandler - [helmmoni] Pod 'test-hivemq-platform-0' phase Running
2025-01-30 18:33:25,133 INFO c.h.h.t.HelmChartContainer - [EVENT] Warning [Unhealthy] Readiness probe failed: HTTP probe failed with statuscode: 503 [helmmonitoringplatformit:test-hivemq-platform-0]
2025-01-30 18:33:25,133 INFO c.h.h.t.HelmChartContainer - Received Unhealthy event for container hivemq in pod test-hivemq-platform-0 [e7ddc8c1-5929-48fc-91cc-f96808c02776]
2025-01-30 18:33:25,200 INFO c.h.h.t.HelmChartContainer - [hivemq-test-hivemq-platform] [hivemq-platform-operator] [8d76f7f3] 18:33:25.127 [ReconcilerExecutor-hivemq-controller-111] INFO  c.h.p.o.h.HiveMQPlatformReconcilerBaseHandler - [helmmoni] HiveMQ Platform is starting, 0 of 2 replicas are ready
2025-01-30 18:33:25,418 INFO c.h.h.t.HelmChartContainer - [test-hivemq-platform] [hivemq] [e7ddc8c1] WARN  - [HiveMQ Platform Operator Init App 1.7.0-SNAPSHOT] Cannot connect to Health API for liveness: null
2025-01-30 18:33:25,418 INFO c.h.h.t.HelmChartContainer - [test-hivemq-platform] [hivemq] [e7ddc8c1] INFO  - [HiveMQ Platform Operator Init App 1.7.0-SNAPSHOT] Returning default Health API response 200 for liveness
2025-01-30 18:33:26,442 INFO c.h.h.t.HelmChartContainer - [test-hivemq-platform] [hivemq] [e7ddc8c1] INFO  - No valid license file found. Using trial license, restricted to 25 connections.
2025-01-30 18:33:29,524 INFO c.h.h.t.HelmChartContainer - [test-hivemq-platform] [hivemq] [e7ddc8c1] INFO  - No valid license file for Data Hub found. Using free license, restricted to 1 policy.
2025-01-30 18:33:30,114 INFO c.h.h.t.HelmChartContainer - [test-hivemq-platform] [hivemq] [e7ddc8c1] WARN  - [HiveMQ Platform Operator Init App 1.7.0-SNAPSHOT] Cannot connect to Health API for readiness: null
2025-01-30 18:33:30,120 INFO c.h.h.t.HelmChartContainer - [EVENT] Warning [Unhealthy] Readiness probe failed: HTTP probe failed with statuscode: 503 [helmmonitoringplatformit:test-hivemq-platform-0]
2025-01-30 18:33:30,120 INFO c.h.h.t.HelmChartContainer - Received Unhealthy event for container hivemq in pod test-hivemq-platform-0 [e7ddc8c1-5929-48fc-91cc-f96808c02776]
2025-01-30 18:33:30,822 INFO c.h.h.t.HelmChartContainer - [test-hivemq-platform] [hivemq] [e7ddc8c1] INFO  - Audit Logger started.
2025-01-30 18:33:31,212 INFO c.h.h.t.HelmChartContainer - [test-hivemq-platform] [hivemq] [e7ddc8c1] INFO  - This node uses '1' CPU cores.
2025-01-30 18:33:31,218 INFO c.h.h.t.HelmChartContainer - [test-hivemq-platform] [hivemq] [e7ddc8c1] INFO  - Starting HiveMQ Health API on address 0.0.0.0 and port 8889
2025-01-30 18:33:32,115 INFO c.h.h.t.HelmChartContainer - [test-hivemq-platform] [hivemq] [e7ddc8c1] INFO  - Started HiveMQ Health API in 898ms
2025-01-30 18:33:32,645 INFO c.h.h.t.HelmChartContainer - [test-hivemq-platform] [hivemq] [e7ddc8c1] INFO  - Starting HiveMQ extension system.
2025-01-30 18:33:32,916 INFO c.h.h.t.HelmChartContainer - [test-hivemq-platform] [hivemq] [e7ddc8c1] INFO  - Starting extension with id "hivemq-dns-cluster-discovery" at /opt/hivemq/extensions/hivemq-dns-cluster-discovery
2025-01-30 18:33:33,415 INFO c.h.h.t.HelmChartContainer - [test-hivemq-platform] [hivemq] [e7ddc8c1] INFO  - Using TCP cluster transport on address 10.42.0.17 and port 7000
2025-01-30 18:33:33,417 INFO c.h.h.t.HelmChartContainer - [test-hivemq-platform] [hivemq] [e7ddc8c1] INFO  - Extension "DNS Cluster Discovery Extension" version 4.3.2 started successfully.
2025-01-30 18:33:33,417 INFO c.h.h.t.HelmChartContainer - [test-hivemq-platform] [hivemq] [e7ddc8c1] INFO  - Starting extension with id "hivemq-prometheus-extension" at /opt/hivemq/extensions/hivemq-prometheus-extension
2025-01-30 18:33:33,421 INFO c.h.h.t.HelmChartContainer - [test-hivemq-platform] [hivemq] [e7ddc8c1] INFO  - Using extension cluster discovery
2025-01-30 18:33:34,513 INFO c.h.h.t.HelmChartContainer - [test-hivemq-platform] [hivemq] [e7ddc8c1] INFO  - Started Jetty Server exposing Prometheus Servlet on URI http://0.0.0.0:9399/
2025-01-30 18:33:34,513 INFO c.h.h.t.HelmChartContainer - [test-hivemq-platform] [hivemq] [e7ddc8c1] INFO  - Extension "Prometheus Monitoring Extension" version 4.0.12 started successfully.
2025-01-30 18:33:34,513 INFO c.h.h.t.HelmChartContainer - [test-hivemq-platform] [hivemq] [e7ddc8c1] INFO  - Starting extension with id "hivemq-allow-all-extension" at /opt/hivemq/extensions/hivemq-allow-all-extension
2025-01-30 18:33:34,513 INFO c.h.h.t.HelmChartContainer - [test-hivemq-platform] [hivemq] [e7ddc8c1] WARN  - 
2025-01-30 18:33:34,513 INFO c.h.h.t.HelmChartContainer - [test-hivemq-platform] [hivemq] [e7ddc8c1] ################################################################################################################
2025-01-30 18:33:34,513 INFO c.h.h.t.HelmChartContainer - [test-hivemq-platform] [hivemq] [e7ddc8c1] # This HiveMQ deployment is not secure! You are lacking Authentication and Authorization.                      #
2025-01-30 18:33:34,513 INFO c.h.h.t.HelmChartContainer - [test-hivemq-platform] [hivemq] [e7ddc8c1] # Right now any MQTT client can connect to the broker with a full set of permissions.                          #
2025-01-30 18:33:34,513 INFO c.h.h.t.HelmChartContainer - [test-hivemq-platform] [hivemq] [e7ddc8c1] # For production usage, add an appropriate security extension and remove the hivemq-allow-all extension.       #
2025-01-30 18:33:34,513 INFO c.h.h.t.HelmChartContainer - [test-hivemq-platform] [hivemq] [e7ddc8c1] # You can download security extensions from the HiveMQ Marketplace (https://www.hivemq.com/extensions/).       #
2025-01-30 18:33:34,513 INFO c.h.h.t.HelmChartContainer - [test-hivemq-platform] [hivemq] [e7ddc8c1] ################################################################################################################
2025-01-30 18:33:34,513 INFO c.h.h.t.HelmChartContainer - [test-hivemq-platform] [hivemq] [e7ddc8c1] INFO  - Extension "Allow All Extension" version 1.1.1 started successfully.
2025-01-30 18:33:35,206 INFO c.h.h.t.HelmChartContainer - [hivemq-test-hivemq-platform] [hivemq-platform-operator] [8d76f7f3] 18:33:35.202 [pool-6-thread-33] DEBUG c.h.p.o.d.PlatformServiceResource - [helmmoni] Desired Platform services (3 services)
2025-01-30 18:33:35,206 INFO c.h.h.t.HelmChartContainer - [hivemq-test-hivemq-platform] [hivemq-platform-operator] [8d76f7f3] 18:33:35.202 [pool-6-thread-36] DEBUG c.h.p.o.dependants.PodInfoConfigMap - [helmmoni] Desired PodInfo ConfigMap (1 extensions) (1 enabled)
2025-01-30 18:33:35,206 INFO c.h.h.t.HelmChartContainer - [hivemq-test-hivemq-platform] [hivemq-platform-operator] [8d76f7f3] 18:33:35.204 [pool-6-thread-36] DEBUG c.h.p.o.dependants.PodInfoConfigMap - [helmmoni] Desired PodInfo ConfigMap (metrics port: 9399) (metrics path: /)
2025-01-30 18:33:35,206 INFO c.h.h.t.HelmChartContainer - [hivemq-test-hivemq-platform] [hivemq-platform-operator] [8d76f7f3] 18:33:35.204 [pool-6-thread-36] DEBUG c.h.p.o.dependants.PodInfoConfigMap - [helmmoni] Desired PodInfo ConfigMap (extension state hash: -1817474005)
2025-01-30 18:33:35,206 INFO c.h.h.t.HelmChartContainer - [hivemq-test-hivemq-platform] [hivemq-platform-operator] [8d76f7f3] 18:33:35.203 [pool-6-thread-34] DEBUG c.h.p.o.d.PodServiceAccountResource - [helmmoni] Desired PodServiceAccountResource (serviceAccountName: hivemq-platform-pod-test-hivemq-platform)
2025-01-30 18:33:35,210 INFO c.h.h.t.HelmChartContainer - [hivemq-test-hivemq-platform] [hivemq-platform-operator] [8d76f7f3] 18:33:35.209 [pool-6-thread-33] DEBUG c.h.p.o.d.StatefulSetResource - [helmmoni] Desired StatefulSet (2 replicas) for status STARTING (READY)
2025-01-30 18:33:35,216 INFO c.h.h.t.HelmChartContainer - [hivemq-test-hivemq-platform] [hivemq-platform-operator] [8d76f7f3] 18:33:35.215 [ReconcilerExecutor-hivemq-controller-112] INFO  c.h.p.o.HiveMQPlatformReconciler - [helmmoni] Reconciling HiveMQ Platform 'test-hivemq-platform' in namespace 'helmmonitoringplatformit'
2025-01-30 18:33:35,219 INFO c.h.h.t.HelmChartContainer - [hivemq-test-hivemq-platform] [hivemq-platform-operator] [8d76f7f3] 18:33:35.215 [ReconcilerExecutor-hivemq-controller-112] DEBUG c.h.p.o.HiveMQPlatformReconciler - [helmmoni] Custom Resource Status STARTING - HiveMQ Platform is starting (READY)
2025-01-30 18:33:35,219 INFO c.h.h.t.HelmChartContainer - [hivemq-test-hivemq-platform] [hivemq-platform-operator] [8d76f7f3] 18:33:35.215 [ReconcilerExecutor-hivemq-controller-112] DEBUG c.h.p.o.HiveMQPlatformReconciler - [helmmoni] Custom Resource Spec (replicas: 2) (extensions: 1)
2025-01-30 18:33:35,219 INFO c.h.h.t.HelmChartContainer - [hivemq-test-hivemq-platform] [hivemq-platform-operator] [8d76f7f3] 18:33:35.216 [ReconcilerExecutor-hivemq-controller-112] DEBUG c.h.p.o.HiveMQPlatformReconciler - [helmmoni] StatefulSet Status (revision: test-hivemq-platform-64db946475, replicas: 1, available: 0, ready: 0, current: 1, updated: 1)
2025-01-30 18:33:35,220 INFO c.h.h.t.HelmChartContainer - [hivemq-test-hivemq-platform] [hivemq-platform-operator] [8d76f7f3] 18:33:35.216 [ReconcilerExecutor-hivemq-controller-112] DEBUG c.h.p.o.HiveMQPlatformReconciler - [helmmoni] StatefulSet Spec (replicas: 2, init containers: 1, containers: 1, volumes: 3)
2025-01-30 18:33:35,221 INFO c.h.h.t.HelmChartContainer - [hivemq-test-hivemq-platform] [hivemq-platform-operator] [8d76f7f3] 18:33:35.218 [ReconcilerExecutor-hivemq-controller-112] DEBUG c.h.p.o.h.HiveMQPlatformReconcilerErrorHandler - [helmmoni] Pod 'test-hivemq-platform-0' phase Running
2025-01-30 18:33:35,225 INFO c.h.h.t.HelmChartContainer - [hivemq-test-hivemq-platform] [hivemq-platform-operator] [8d76f7f3] 18:33:35.219 [ReconcilerExecutor-hivemq-controller-112] INFO  c.h.p.o.h.HiveMQPlatformReconcilerBaseHandler - [helmmoni] HiveMQ Platform is starting, 0 of 2 replicas are ready
2025-01-30 18:33:35,521 INFO c.h.h.t.HelmChartContainer - [test-hivemq-platform] [hivemq] [e7ddc8c1] INFO  - [HiveMQ Platform Operator Init App 1.7.0-SNAPSHOT] Returning Health API response 503 for readiness
2025-01-30 18:33:35,526 INFO c.h.h.t.HelmChartContainer - [EVENT] Warning [Unhealthy] Readiness probe failed: HTTP probe failed with statuscode: 503 [helmmonitoringplatformit:test-hivemq-platform-0]
2025-01-30 18:33:35,527 INFO c.h.h.t.HelmChartContainer - Received Unhealthy event for container hivemq in pod test-hivemq-platform-0 [e7ddc8c1-5929-48fc-91cc-f96808c02776]
2025-01-30 18:33:36,515 INFO c.h.h.t.HelmChartContainer - [test-hivemq-platform] [hivemq] [e7ddc8c1] INFO  - 9d9yy: no members discovered after 2401 ms: creating cluster as first member
2025-01-30 18:33:36,524 INFO c.h.h.t.HelmChartContainer - [test-hivemq-platform] [hivemq] [e7ddc8c1] INFO  - Cluster nodes found by discovery: [9d9yy|0] (1) [9d9yy].
2025-01-30 18:33:36,620 INFO c.h.h.t.HelmChartContainer - [test-hivemq-platform] [hivemq] [e7ddc8c1] WARN  - No user for HiveMQ Control Center configured. Starting with default user
2025-01-30 18:33:36,620 INFO c.h.h.t.HelmChartContainer - [test-hivemq-platform] [hivemq] [e7ddc8c1] INFO  - Starting HiveMQ Control Center on address 0.0.0.0 and port 8080
2025-01-30 18:33:36,627 INFO c.h.h.t.HelmChartContainer - [test-hivemq-platform] [hivemq] [e7ddc8c1] INFO  - Mounting HiveMQ Control Center V2 Preview
2025-01-30 18:33:37,220 INFO c.h.h.t.HelmChartContainer - [test-hivemq-platform] [hivemq] [e7ddc8c1] INFO  - Started HiveMQ Control Center in 600ms
2025-01-30 18:33:37,312 INFO c.h.h.t.HelmChartContainer - [test-hivemq-platform] [hivemq] [e7ddc8c1] INFO  - Starting TCP listener on address 0.0.0.0 and port 1883
2025-01-30 18:33:37,326 INFO c.h.h.t.HelmChartContainer - [test-hivemq-platform] [hivemq] [e7ddc8c1] INFO  - Started TCP Listener on address 0.0.0.0 and on port 1883.
2025-01-30 18:33:37,326 INFO c.h.h.t.HelmChartContainer - [test-hivemq-platform] [hivemq] [e7ddc8c1] INFO  - Started HiveMQ in 30859ms
2025-01-30 18:33:40,035 INFO c.h.h.t.HelmChartContainer - [test-hivemq-platform] [hivemq] [e7ddc8c1] INFO  - [HiveMQ Platform Operator Init App 1.7.0-SNAPSHOT] Returning Health API response 200 for readiness
2025-01-30 18:33:40,047 INFO c.h.h.t.HelmChartContainer - [POD] test-hivemq-platform-0 [e7ddc8c1-5929-48fc-91cc-f96808c02776] in helmmonitoringplatformit was MODIFIED
2025-01-30 18:33:40,057 INFO c.h.h.t.HelmChartContainer - [hivemq-test-hivemq-platform] [hivemq-platform-operator] [8d76f7f3] 18:33:40.053 [pool-6-thread-46] DEBUG c.h.p.o.d.PlatformServiceResource - [helmmoni] Desired Platform services (3 services)
2025-01-30 18:33:40,061 INFO c.h.h.t.HelmChartContainer - [hivemq-test-hivemq-platform] [hivemq-platform-operator] [8d76f7f3] 18:33:40.057 [pool-6-thread-41] DEBUG c.h.p.o.dependants.PodInfoConfigMap - [helmmoni] Desired PodInfo ConfigMap (1 extensions) (1 enabled)
2025-01-30 18:33:40,061 INFO c.h.h.t.HelmChartContainer - [hivemq-test-hivemq-platform] [hivemq-platform-operator] [8d76f7f3] 18:33:40.057 [pool-6-thread-41] DEBUG c.h.p.o.dependants.PodInfoConfigMap - [helmmoni] Desired PodInfo ConfigMap (metrics port: 9399) (metrics path: /)
2025-01-30 18:33:40,061 INFO c.h.h.t.HelmChartContainer - [hivemq-test-hivemq-platform] [hivemq-platform-operator] [8d76f7f3] 18:33:40.057 [pool-6-thread-41] DEBUG c.h.p.o.dependants.PodInfoConfigMap - [helmmoni] Desired PodInfo ConfigMap (extension state hash: -1817474005)
2025-01-30 18:33:40,066 INFO c.h.h.t.HelmChartContainer - [hivemq-test-hivemq-platform] [hivemq-platform-operator] [8d76f7f3] 18:33:40.059 [pool-6-thread-41] DEBUG c.h.p.o.d.PodServiceAccountResource - [helmmoni] Desired PodServiceAccountResource (serviceAccountName: hivemq-platform-pod-test-hivemq-platform)
2025-01-30 18:33:40,074 INFO c.h.h.t.HelmChartContainer - [POD] test-hivemq-platform-1 [86c12914-9a67-4b50-988e-c02ec68be750] in helmmonitoringplatformit was ADDED
2025-01-30 18:33:40,075 INFO c.h.h.t.HelmChartContainer - [hivemq-test-hivemq-platform] [hivemq-platform-operator] [8d76f7f3] 18:33:40.073 [pool-6-thread-48] DEBUG c.h.p.o.d.StatefulSetResource - [helmmoni] Desired StatefulSet (2 replicas) for status STARTING (READY)
2025-01-30 18:33:40,088 INFO c.h.h.t.HelmChartContainer - [POD] test-hivemq-platform-1 [86c12914-9a67-4b50-988e-c02ec68be750] in helmmonitoringplatformit was MODIFIED
2025-01-30 18:33:40,088 INFO c.h.h.t.HelmChartContainer - [EVENT] Normal [SuccessfulCreate] create Pod test-hivemq-platform-1 in StatefulSet test-hivemq-platform successful [helmmonitoringplatformit:test-hivemq-platform]
2025-01-30 18:33:40,088 INFO c.h.h.t.HelmChartContainer - [EVENT] Normal [Scheduled] Successfully assigned helmmonitoringplatformit/test-hivemq-platform-1 to 1176ab4d886c [helmmonitoringplatformit:test-hivemq-platform-1]
2025-01-30 18:33:40,101 INFO c.h.h.t.HelmChartContainer - [POD] test-hivemq-platform-1 [86c12914-9a67-4b50-988e-c02ec68be750] in helmmonitoringplatformit was MODIFIED
2025-01-30 18:33:40,112 INFO c.h.h.t.HelmChartContainer - [hivemq-test-hivemq-platform] [hivemq-platform-operator] [8d76f7f3] 18:33:40.106 [ReconcilerExecutor-hivemq-controller-113] INFO  c.h.p.o.HiveMQPlatformReconciler - [helmmoni] Reconciling HiveMQ Platform 'test-hivemq-platform' in namespace 'helmmonitoringplatformit'
2025-01-30 18:33:40,112 INFO c.h.h.t.HelmChartContainer - [hivemq-test-hivemq-platform] [hivemq-platform-operator] [8d76f7f3] 18:33:40.106 [ReconcilerExecutor-hivemq-controller-113] DEBUG c.h.p.o.HiveMQPlatformReconciler - [helmmoni] Custom Resource Status STARTING - HiveMQ Platform is starting (READY)
2025-01-30 18:33:40,112 INFO c.h.h.t.HelmChartContainer - [hivemq-test-hivemq-platform] [hivemq-platform-operator] [8d76f7f3] 18:33:40.106 [ReconcilerExecutor-hivemq-controller-113] DEBUG c.h.p.o.HiveMQPlatformReconciler - [helmmoni] Custom Resource Spec (replicas: 2) (extensions: 1)
2025-01-30 18:33:40,112 INFO c.h.h.t.HelmChartContainer - [hivemq-test-hivemq-platform] [hivemq-platform-operator] [8d76f7f3] 18:33:40.108 [ReconcilerExecutor-hivemq-controller-113] DEBUG c.h.p.o.HiveMQPlatformReconciler - [helmmoni] StatefulSet Status (revision: test-hivemq-platform-64db946475, replicas: 2, available: 1, ready: 1, current: 2, updated: 2)
2025-01-30 18:33:40,112 INFO c.h.h.t.HelmChartContainer - [hivemq-test-hivemq-platform] [hivemq-platform-operator] [8d76f7f3] 18:33:40.108 [ReconcilerExecutor-hivemq-controller-113] DEBUG c.h.p.o.HiveMQPlatformReconciler - [helmmoni] StatefulSet Spec (replicas: 2, init containers: 1, containers: 1, volumes: 3)
2025-01-30 18:33:40,112 INFO c.h.h.t.HelmChartContainer - [hivemq-test-hivemq-platform] [hivemq-platform-operator] [8d76f7f3] 18:33:40.109 [ReconcilerExecutor-hivemq-controller-113] DEBUG c.h.p.o.h.HiveMQPlatformReconcilerErrorHandler - [helmmoni] Pod 'test-hivemq-platform-1' phase Pending
2025-01-30 18:33:40,112 INFO c.h.h.t.HelmChartContainer - [hivemq-test-hivemq-platform] [hivemq-platform-operator] [8d76f7f3] 18:33:40.109 [ReconcilerExecutor-hivemq-controller-113] DEBUG c.h.p.o.h.HiveMQPlatformReconcilerErrorHandler - [helmmoni] Pod 'test-hivemq-platform-1' condition 'PodReadyToStartContainers': False
2025-01-30 18:33:40,112 INFO c.h.h.t.HelmChartContainer - [hivemq-test-hivemq-platform] [hivemq-platform-operator] [8d76f7f3] 18:33:40.109 [ReconcilerExecutor-hivemq-controller-113] DEBUG c.h.p.o.h.HiveMQPlatformReconcilerErrorHandler - [helmmoni] Pod 'test-hivemq-platform-1' condition 'Initialized': False
2025-01-30 18:33:40,112 INFO c.h.h.t.HelmChartContainer - [hivemq-test-hivemq-platform] [hivemq-platform-operator] [8d76f7f3] 18:33:40.109 [ReconcilerExecutor-hivemq-controller-113] DEBUG c.h.p.o.h.HiveMQPlatformReconcilerErrorHandler - [helmmoni] Pod 'test-hivemq-platform-1' condition 'Ready': False
2025-01-30 18:33:40,112 INFO c.h.h.t.HelmChartContainer - [hivemq-test-hivemq-platform] [hivemq-platform-operator] [8d76f7f3] 18:33:40.109 [ReconcilerExecutor-hivemq-controller-113] DEBUG c.h.p.o.h.HiveMQPlatformReconcilerErrorHandler - [helmmoni] Pod 'test-hivemq-platform-1' condition 'ContainersReady': False
2025-01-30 18:33:40,112 INFO c.h.h.t.HelmChartContainer - [hivemq-test-hivemq-platform] [hivemq-platform-operator] [8d76f7f3] 18:33:40.109 [ReconcilerExecutor-hivemq-controller-113] DEBUG c.h.p.o.h.HiveMQPlatformReconcilerErrorHandler - [helmmoni] Pod 'test-hivemq-platform-1' condition 'PodScheduled': True
2025-01-30 18:33:40,112 INFO c.h.h.t.HelmChartContainer - [hivemq-test-hivemq-platform] [hivemq-platform-operator] [8d76f7f3] 18:33:40.109 [ReconcilerExecutor-hivemq-controller-113] DEBUG c.h.p.o.h.HiveMQPlatformReconcilerErrorHandler - [helmmoni] Pod 'test-hivemq-platform-1' containerStatus 'hivemq' (started: false) (ready: false) (waiting: [PodInitializing] null)
2025-01-30 18:33:40,113 INFO c.h.h.t.HelmChartContainer - [hivemq-test-hivemq-platform] [hivemq-platform-operator] [8d76f7f3] 18:33:40.111 [ReconcilerExecutor-hivemq-controller-113] DEBUG c.h.p.o.h.HiveMQPlatformReconcilerErrorHandler - [helmmoni] Pod 'test-hivemq-platform-0' phase Running
2025-01-30 18:33:40,113 INFO c.h.h.t.HelmChartContainer - [hivemq-test-hivemq-platform] [hivemq-platform-operator] [8d76f7f3] 18:33:40.112 [ReconcilerExecutor-hivemq-controller-113] INFO  c.h.p.o.h.HiveMQPlatformReconcilerBaseHandler - [helmmoni] HiveMQ Platform is starting, 1 of 2 replicas are ready
2025-01-30 18:33:40,117 INFO c.h.h.t.HelmChartContainer - [hivemq-test-hivemq-platform] [hivemq-platform-operator] [8d76f7f3] 18:33:40.115 [pool-6-thread-4] DEBUG c.h.p.o.d.PlatformServiceResource - [helmmoni] Desired Platform services (3 services)
2025-01-30 18:33:40,117 INFO c.h.h.t.HelmChartContainer - [hivemq-test-hivemq-platform] [hivemq-platform-operator] [8d76f7f3] 18:33:40.116 [pool-6-thread-6] DEBUG c.h.p.o.dependants.PodInfoConfigMap - [helmmoni] Desired PodInfo ConfigMap (1 extensions) (1 enabled)
2025-01-30 18:33:40,119 INFO c.h.h.t.HelmChartContainer - [hivemq-test-hivemq-platform] [hivemq-platform-operator] [8d76f7f3] 18:33:40.117 [pool-6-thread-6] DEBUG c.h.p.o.dependants.PodInfoConfigMap - [helmmoni] Desired PodInfo ConfigMap (metrics port: 9399) (metrics path: /)
2025-01-30 18:33:40,119 INFO c.h.h.t.HelmChartContainer - [hivemq-test-hivemq-platform] [hivemq-platform-operator] [8d76f7f3] 18:33:40.118 [pool-6-thread-6] DEBUG c.h.p.o.dependants.PodInfoConfigMap - [helmmoni] Desired PodInfo ConfigMap (extension state hash: -1817474005)
2025-01-30 18:33:40,121 INFO c.h.h.t.HelmChartContainer - [hivemq-test-hivemq-platform] [hivemq-platform-operator] [8d76f7f3] 18:33:40.120 [pool-6-thread-10] DEBUG c.h.p.o.d.PodServiceAccountResource - [helmmoni] Desired PodServiceAccountResource (serviceAccountName: hivemq-platform-pod-test-hivemq-platform)
2025-01-30 18:33:40,173 INFO c.h.h.t.HelmChartContainer - [K3S] [reconciler_common.go:251] "operationExecutor.VerifyControllerAttachedVolume started for volume \"pod-info\" (UniqueName: \"kubernetes.io/configmap/86c12914-9a67-4b50-988e-c02ec68be750-pod-info\") pod \"test-hivemq-platform-1\" (UID: \"86c12914-9a67-4b50-988e-c02ec68be750\") " pod="helmmonitoringplatformit/test-hivemq-platform-1"
2025-01-30 18:33:40,173 INFO c.h.h.t.HelmChartContainer - [K3S] [reconciler_common.go:251] "operationExecutor.VerifyControllerAttachedVolume started for volume \"broker-configuration\" (UniqueName: \"kubernetes.io/configmap/86c12914-9a67-4b50-988e-c02ec68be750-broker-configuration\") pod \"test-hivemq-platform-1\" (UID: \"86c12914-9a67-4b50-988e-c02ec68be750\") " pod="helmmonitoringplatformit/test-hivemq-platform-1"
2025-01-30 18:33:40,173 INFO c.h.h.t.HelmChartContainer - [K3S] [reconciler_common.go:251] "operationExecutor.VerifyControllerAttachedVolume started for volume \"operator-init\" (UniqueName: \"kubernetes.io/empty-dir/86c12914-9a67-4b50-988e-c02ec68be750-operator-init\") pod \"test-hivemq-platform-1\" (UID: \"86c12914-9a67-4b50-988e-c02ec68be750\") " pod="helmmonitoringplatformit/test-hivemq-platform-1"
2025-01-30 18:33:40,174 INFO c.h.h.t.HelmChartContainer - [K3S] [reconciler_common.go:251] "operationExecutor.VerifyControllerAttachedVolume started for volume \"kube-api-access-6zkzg\" (UniqueName: \"kubernetes.io/projected/86c12914-9a67-4b50-988e-c02ec68be750-kube-api-access-6zkzg\") pod \"test-hivemq-platform-1\" (UID: \"86c12914-9a67-4b50-988e-c02ec68be750\") " pod="helmmonitoringplatformit/test-hivemq-platform-1"
2025-01-30 18:33:40,202 INFO c.h.h.t.HelmChartContainer - [hivemq-test-hivemq-platform] [hivemq-platform-operator] [8d76f7f3] 18:33:40.201 [pool-6-thread-4] DEBUG c.h.p.o.d.StatefulSetResource - [helmmoni] Desired StatefulSet (2 replicas) for status STARTING (READY)
2025-01-30 18:33:40,210 INFO c.h.h.t.HelmChartContainer - [hivemq-test-hivemq-platform] [hivemq-platform-operator] [8d76f7f3] 18:33:40.205 [ReconcilerExecutor-hivemq-controller-114] INFO  c.h.p.o.HiveMQPlatformReconciler - [helmmoni] Reconciling HiveMQ Platform 'test-hivemq-platform' in namespace 'helmmonitoringplatformit'
2025-01-30 18:33:40,210 INFO c.h.h.t.HelmChartContainer - [hivemq-test-hivemq-platform] [hivemq-platform-operator] [8d76f7f3] 18:33:40.205 [ReconcilerExecutor-hivemq-controller-114] DEBUG c.h.p.o.HiveMQPlatformReconciler - [helmmoni] Custom Resource Status STARTING - HiveMQ Platform is starting (READY)
2025-01-30 18:33:40,210 INFO c.h.h.t.HelmChartContainer - [hivemq-test-hivemq-platform] [hivemq-platform-operator] [8d76f7f3] 18:33:40.205 [ReconcilerExecutor-hivemq-controller-114] DEBUG c.h.p.o.HiveMQPlatformReconciler - [helmmoni] Custom Resource Spec (replicas: 2) (extensions: 1)
2025-01-30 18:33:40,211 INFO c.h.h.t.HelmChartContainer - [hivemq-test-hivemq-platform] [hivemq-platform-operator] [8d76f7f3] 18:33:40.207 [ReconcilerExecutor-hivemq-controller-114] DEBUG c.h.p.o.HiveMQPlatformReconciler - [helmmoni] StatefulSet Status (revision: test-hivemq-platform-64db946475, replicas: 2, available: 1, ready: 1, current: 2, updated: 2)
2025-01-30 18:33:40,211 INFO c.h.h.t.HelmChartContainer - [hivemq-test-hivemq-platform] [hivemq-platform-operator] [8d76f7f3] 18:33:40.207 [ReconcilerExecutor-hivemq-controller-114] DEBUG c.h.p.o.HiveMQPlatformReconciler - [helmmoni] StatefulSet Spec (replicas: 2, init containers: 1, containers: 1, volumes: 3)
2025-01-30 18:33:40,211 INFO c.h.h.t.HelmChartContainer - [hivemq-test-hivemq-platform] [hivemq-platform-operator] [8d76f7f3] 18:33:40.209 [ReconcilerExecutor-hivemq-controller-114] DEBUG c.h.p.o.h.HiveMQPlatformReconcilerErrorHandler - [helmmoni] Pod 'test-hivemq-platform-1' phase Pending
2025-01-30 18:33:40,211 INFO c.h.h.t.HelmChartContainer - [hivemq-test-hivemq-platform] [hivemq-platform-operator] [8d76f7f3] 18:33:40.209 [ReconcilerExecutor-hivemq-controller-114] DEBUG c.h.p.o.h.HiveMQPlatformReconcilerErrorHandler - [helmmoni] Pod 'test-hivemq-platform-1' condition 'PodReadyToStartContainers': False
2025-01-30 18:33:40,211 INFO c.h.h.t.HelmChartContainer - [hivemq-test-hivemq-platform] [hivemq-platform-operator] [8d76f7f3] 18:33:40.209 [ReconcilerExecutor-hivemq-controller-114] DEBUG c.h.p.o.h.HiveMQPlatformReconcilerErrorHandler - [helmmoni] Pod 'test-hivemq-platform-1' condition 'Initialized': False
2025-01-30 18:33:40,212 INFO c.h.h.t.HelmChartContainer - [hivemq-test-hivemq-platform] [hivemq-platform-operator] [8d76f7f3] 18:33:40.209 [ReconcilerExecutor-hivemq-controller-114] DEBUG c.h.p.o.h.HiveMQPlatformReconcilerErrorHandler - [helmmoni] Pod 'test-hivemq-platform-1' condition 'Ready': False
2025-01-30 18:33:40,212 INFO c.h.h.t.HelmChartContainer - [hivemq-test-hivemq-platform] [hivemq-platform-operator] [8d76f7f3] 18:33:40.209 [ReconcilerExecutor-hivemq-controller-114] DEBUG c.h.p.o.h.HiveMQPlatformReconcilerErrorHandler - [helmmoni] Pod 'test-hivemq-platform-1' condition 'ContainersReady': False
2025-01-30 18:33:40,212 INFO c.h.h.t.HelmChartContainer - [hivemq-test-hivemq-platform] [hivemq-platform-operator] [8d76f7f3] 18:33:40.209 [ReconcilerExecutor-hivemq-controller-114] DEBUG c.h.p.o.h.HiveMQPlatformReconcilerErrorHandler - [helmmoni] Pod 'test-hivemq-platform-1' condition 'PodScheduled': True
2025-01-30 18:33:40,212 INFO c.h.h.t.HelmChartContainer - [hivemq-test-hivemq-platform] [hivemq-platform-operator] [8d76f7f3] 18:33:40.209 [ReconcilerExecutor-hivemq-controller-114] DEBUG c.h.p.o.h.HiveMQPlatformReconcilerErrorHandler - [helmmoni] Pod 'test-hivemq-platform-1' containerStatus 'hivemq' (started: false) (ready: false) (waiting: [PodInitializing] null)
2025-01-30 18:33:40,212 INFO c.h.h.t.HelmChartContainer - [hivemq-test-hivemq-platform] [hivemq-platform-operator] [8d76f7f3] 18:33:40.211 [ReconcilerExecutor-hivemq-controller-114] DEBUG c.h.p.o.h.HiveMQPlatformReconcilerErrorHandler - [helmmoni] Pod 'test-hivemq-platform-0' phase Running
2025-01-30 18:33:40,213 INFO c.h.h.t.HelmChartContainer - [hivemq-test-hivemq-platform] [hivemq-platform-operator] [8d76f7f3] 18:33:40.212 [ReconcilerExecutor-hivemq-controller-114] INFO  c.h.p.o.h.HiveMQPlatformReconcilerBaseHandler - [helmmoni] HiveMQ Platform is starting, 1 of 2 replicas are ready
2025-01-30 18:33:40,485 INFO c.h.h.t.HelmChartContainer - [EVENT] Normal [Pulled] Container image "docker.io/hivemq/hivemq-platform-operator-init-test:snapshot" already present on machine [helmmonitoringplatformit:test-hivemq-platform-1]
2025-01-30 18:33:40,492 INFO c.h.h.t.HelmChartContainer - [EVENT] Normal [Created] Created container: hivemq-platform-operator-init [helmmonitoringplatformit:test-hivemq-platform-1]
2025-01-30 18:33:40,533 INFO c.h.h.t.HelmChartContainer - [EVENT] Normal [Started] Started container hivemq-platform-operator-init [helmmonitoringplatformit:test-hivemq-platform-1]
2025-01-30 18:33:40,845 INFO c.h.h.t.HelmChartContainer - [EVENT] Normal [Pulled] Container image "docker.io/hivemq/hivemq4:4.36.0" already present on machine [helmmonitoringplatformit:test-hivemq-platform-1]
2025-01-30 18:33:40,845 INFO c.h.h.t.HelmChartContainer - Received Pulled event for container hivemq in pod test-hivemq-platform-1 [86c12914-9a67-4b50-988e-c02ec68be750]
2025-01-30 18:33:40,854 INFO c.h.h.t.HelmChartContainer - [POD] test-hivemq-platform-1 [86c12914-9a67-4b50-988e-c02ec68be750] in helmmonitoringplatformit was MODIFIED
2025-01-30 18:33:40,875 INFO c.h.h.t.HelmChartContainer - [hivemq-test-hivemq-platform] [hivemq-platform-operator] [8d76f7f3] 18:33:40.864 [pool-6-thread-11] DEBUG c.h.p.o.d.PlatformServiceResource - [helmmoni] Desired Platform services (3 services)
2025-01-30 18:33:40,875 INFO c.h.h.t.HelmChartContainer - [hivemq-test-hivemq-platform] [hivemq-platform-operator] [8d76f7f3] 18:33:40.866 [pool-6-thread-19] DEBUG c.h.p.o.d.PodServiceAccountResource - [helmmoni] Desired PodServiceAccountResource (serviceAccountName: hivemq-platform-pod-test-hivemq-platform)
2025-01-30 18:33:40,875 INFO c.h.h.t.HelmChartContainer - [hivemq-test-hivemq-platform] [hivemq-platform-operator] [8d76f7f3] 18:33:40.867 [pool-6-thread-18] DEBUG c.h.p.o.dependants.PodInfoConfigMap - [helmmoni] Desired PodInfo ConfigMap (1 extensions) (1 enabled)
2025-01-30 18:33:40,875 INFO c.h.h.t.HelmChartContainer - [hivemq-test-hivemq-platform] [hivemq-platform-operator] [8d76f7f3] 18:33:40.867 [pool-6-thread-18] DEBUG c.h.p.o.dependants.PodInfoConfigMap - [helmmoni] Desired PodInfo ConfigMap (metrics port: 9399) (metrics path: /)
2025-01-30 18:33:40,875 INFO c.h.h.t.HelmChartContainer - [hivemq-test-hivemq-platform] [hivemq-platform-operator] [8d76f7f3] 18:33:40.868 [pool-6-thread-18] DEBUG c.h.p.o.dependants.PodInfoConfigMap - [helmmoni] Desired PodInfo ConfigMap (extension state hash: -1817474005)
2025-01-30 18:33:40,883 INFO c.h.h.t.HelmChartContainer - [EVENT] Normal [Created] Created container: hivemq [helmmonitoringplatformit:test-hivemq-platform-1]
2025-01-30 18:33:40,883 INFO c.h.h.t.HelmChartContainer - Received Created event for container hivemq in pod test-hivemq-platform-1 [86c12914-9a67-4b50-988e-c02ec68be750]
2025-01-30 18:33:40,888 INFO c.h.h.t.HelmChartContainer - [hivemq-test-hivemq-platform] [hivemq-platform-operator] [8d76f7f3] 18:33:40.876 [pool-6-thread-11] DEBUG c.h.p.o.d.StatefulSetResource - [helmmoni] Desired StatefulSet (2 replicas) for status STARTING (READY)
2025-01-30 18:33:40,893 INFO c.h.h.t.HelmChartContainer - [hivemq-test-hivemq-platform] [hivemq-platform-operator] [8d76f7f3] 18:33:40.890 [ReconcilerExecutor-hivemq-controller-115] INFO  c.h.p.o.HiveMQPlatformReconciler - [helmmoni] Reconciling HiveMQ Platform 'test-hivemq-platform' in namespace 'helmmonitoringplatformit'
2025-01-30 18:33:40,894 INFO c.h.h.t.HelmChartContainer - [hivemq-test-hivemq-platform] [hivemq-platform-operator] [8d76f7f3] 18:33:40.890 [ReconcilerExecutor-hivemq-controller-115] DEBUG c.h.p.o.HiveMQPlatformReconciler - [helmmoni] Custom Resource Status STARTING - HiveMQ Platform is starting (READY)
2025-01-30 18:33:40,897 INFO c.h.h.t.HelmChartContainer - [hivemq-test-hivemq-platform] [hivemq-platform-operator] [8d76f7f3] 18:33:40.891 [ReconcilerExecutor-hivemq-controller-115] DEBUG c.h.p.o.HiveMQPlatformReconciler - [helmmoni] Custom Resource Spec (replicas: 2) (extensions: 1)
2025-01-30 18:33:40,897 INFO c.h.h.t.HelmChartContainer - [hivemq-test-hivemq-platform] [hivemq-platform-operator] [8d76f7f3] 18:33:40.895 [ReconcilerExecutor-hivemq-controller-115] DEBUG c.h.p.o.HiveMQPlatformReconciler - [helmmoni] StatefulSet Status (revision: test-hivemq-platform-64db946475, replicas: 2, available: 1, ready: 1, current: 2, updated: 2)
2025-01-30 18:33:40,897 INFO c.h.h.t.HelmChartContainer - [hivemq-test-hivemq-platform] [hivemq-platform-operator] [8d76f7f3] 18:33:40.895 [ReconcilerExecutor-hivemq-controller-115] DEBUG c.h.p.o.HiveMQPlatformReconciler - [helmmoni] StatefulSet Spec (replicas: 2, init containers: 1, containers: 1, volumes: 3)
2025-01-30 18:33:40,903 INFO c.h.h.t.HelmChartContainer - [hivemq-test-hivemq-platform] [hivemq-platform-operator] [8d76f7f3] 18:33:40.900 [ReconcilerExecutor-hivemq-controller-115] DEBUG c.h.p.o.h.HiveMQPlatformReconcilerErrorHandler - [helmmoni] Pod 'test-hivemq-platform-1' phase Pending
2025-01-30 18:33:40,903 INFO c.h.h.t.HelmChartContainer - [hivemq-test-hivemq-platform] [hivemq-platform-operator] [8d76f7f3] 18:33:40.900 [ReconcilerExecutor-hivemq-controller-115] DEBUG c.h.p.o.h.HiveMQPlatformReconcilerErrorHandler - [helmmoni] Pod 'test-hivemq-platform-1' condition 'PodReadyToStartContainers': True
2025-01-30 18:33:40,903 INFO c.h.h.t.HelmChartContainer - [hivemq-test-hivemq-platform] [hivemq-platform-operator] [8d76f7f3] 18:33:40.900 [ReconcilerExecutor-hivemq-controller-115] DEBUG c.h.p.o.h.HiveMQPlatformReconcilerErrorHandler - [helmmoni] Pod 'test-hivemq-platform-1' condition 'Initialized': True
2025-01-30 18:33:40,903 INFO c.h.h.t.HelmChartContainer - [hivemq-test-hivemq-platform] [hivemq-platform-operator] [8d76f7f3] 18:33:40.900 [ReconcilerExecutor-hivemq-controller-115] DEBUG c.h.p.o.h.HiveMQPlatformReconcilerErrorHandler - [helmmoni] Pod 'test-hivemq-platform-1' condition 'Ready': False
2025-01-30 18:33:40,903 INFO c.h.h.t.HelmChartContainer - [hivemq-test-hivemq-platform] [hivemq-platform-operator] [8d76f7f3] 18:33:40.900 [ReconcilerExecutor-hivemq-controller-115] DEBUG c.h.p.o.h.HiveMQPlatformReconcilerErrorHandler - [helmmoni] Pod 'test-hivemq-platform-1' condition 'ContainersReady': False
2025-01-30 18:33:40,903 INFO c.h.h.t.HelmChartContainer - [hivemq-test-hivemq-platform] [hivemq-platform-operator] [8d76f7f3] 18:33:40.900 [ReconcilerExecutor-hivemq-controller-115] DEBUG c.h.p.o.h.HiveMQPlatformReconcilerErrorHandler - [helmmoni] Pod 'test-hivemq-platform-1' condition 'PodScheduled': True
2025-01-30 18:33:40,903 INFO c.h.h.t.HelmChartContainer - [hivemq-test-hivemq-platform] [hivemq-platform-operator] [8d76f7f3] 18:33:40.900 [ReconcilerExecutor-hivemq-controller-115] DEBUG c.h.p.o.h.HiveMQPlatformReconcilerErrorHandler - [helmmoni] Pod 'test-hivemq-platform-1' containerStatus 'hivemq' (started: false) (ready: false) (waiting: [PodInitializing] null)
2025-01-30 18:33:40,907 INFO c.h.h.t.HelmChartContainer - [hivemq-test-hivemq-platform] [hivemq-platform-operator] [8d76f7f3] 18:33:40.904 [ReconcilerExecutor-hivemq-controller-115] DEBUG c.h.p.o.h.HiveMQPlatformReconcilerErrorHandler - [helmmoni] Pod 'test-hivemq-platform-0' phase Running
2025-01-30 18:33:40,907 INFO c.h.h.t.HelmChartContainer - [hivemq-test-hivemq-platform] [hivemq-platform-operator] [8d76f7f3] 18:33:40.905 [ReconcilerExecutor-hivemq-controller-115] INFO  c.h.p.o.h.HiveMQPlatformReconcilerBaseHandler - [helmmoni] HiveMQ Platform is starting, 1 of 2 replicas are ready
2025-01-30 18:33:41,857 INFO c.h.h.t.HelmChartContainer - [POD] test-hivemq-platform-1 [86c12914-9a67-4b50-988e-c02ec68be750] in helmmonitoringplatformit was MODIFIED
2025-01-30 18:33:41,865 INFO c.h.h.t.HelmChartContainer - [hivemq-test-hivemq-platform] [hivemq-platform-operator] [8d76f7f3] 18:33:41.862 [pool-6-thread-23] DEBUG c.h.p.o.d.PlatformServiceResource - [helmmoni] Desired Platform services (3 services)
2025-01-30 18:33:41,867 INFO c.h.h.t.HelmChartContainer - [hivemq-test-hivemq-platform] [hivemq-platform-operator] [8d76f7f3] 18:33:41.865 [pool-6-thread-24] DEBUG c.h.p.o.dependants.PodInfoConfigMap - [helmmoni] Desired PodInfo ConfigMap (1 extensions) (1 enabled)
2025-01-30 18:33:41,869 INFO c.h.h.t.HelmChartContainer - [hivemq-test-hivemq-platform] [hivemq-platform-operator] [8d76f7f3] 18:33:41.865 [pool-6-thread-24] DEBUG c.h.p.o.dependants.PodInfoConfigMap - [helmmoni] Desired PodInfo ConfigMap (metrics port: 9399) (metrics path: /)
2025-01-30 18:33:41,870 INFO c.h.h.t.HelmChartContainer - [EVENT] Normal [Started] Started container hivemq [helmmonitoringplatformit:test-hivemq-platform-1]
2025-01-30 18:33:41,870 INFO c.h.h.t.HelmChartContainer - Received Started event for container hivemq in pod test-hivemq-platform-1 [86c12914-9a67-4b50-988e-c02ec68be750]
2025-01-30 18:33:41,870 INFO c.h.h.t.HelmChartContainer - Started log watcher for hivemq in pod test-hivemq-platform-1 [86c12914-9a67-4b50-988e-c02ec68be750]
2025-01-30 18:33:41,872 INFO c.h.h.t.HelmChartContainer - [hivemq-test-hivemq-platform] [hivemq-platform-operator] [8d76f7f3] 18:33:41.865 [pool-6-thread-24] DEBUG c.h.p.o.dependants.PodInfoConfigMap - [helmmoni] Desired PodInfo ConfigMap (extension state hash: -1817474005)
2025-01-30 18:33:41,873 INFO c.h.h.t.HelmChartContainer - [test-hivemq-platform] [hivemq] [86c12914] Adding pre-installed HiveMQ Platform Operator extensions
2025-01-30 18:33:41,873 INFO c.h.h.t.HelmChartContainer - [test-hivemq-platform] [hivemq] [86c12914] Running as user 10000
2025-01-30 18:33:41,873 INFO c.h.h.t.HelmChartContainer - [test-hivemq-platform] [hivemq] [86c12914] Starting HiveMQ Platform Operator Init
2025-01-30 18:33:41,874 INFO c.h.h.t.HelmChartContainer - [hivemq-test-hivemq-platform] [hivemq-platform-operator] [8d76f7f3] 18:33:41.870 [pool-6-thread-28] DEBUG c.h.p.o.d.PodServiceAccountResource - [helmmoni] Desired PodServiceAccountResource (serviceAccountName: hivemq-platform-pod-test-hivemq-platform)
2025-01-30 18:33:41,877 INFO c.h.h.t.HelmChartContainer - [hivemq-test-hivemq-platform] [hivemq-platform-operator] [8d76f7f3] 18:33:41.876 [pool-6-thread-23] DEBUG c.h.p.o.d.StatefulSetResource - [helmmoni] Desired StatefulSet (2 replicas) for status STARTING (READY)
2025-01-30 18:33:41,882 INFO c.h.h.t.HelmChartContainer - [hivemq-test-hivemq-platform] [hivemq-platform-operator] [8d76f7f3] 18:33:41.880 [ReconcilerExecutor-hivemq-controller-116] INFO  c.h.p.o.HiveMQPlatformReconciler - [helmmoni] Reconciling HiveMQ Platform 'test-hivemq-platform' in namespace 'helmmonitoringplatformit'
2025-01-30 18:33:41,883 INFO c.h.h.t.HelmChartContainer - [hivemq-test-hivemq-platform] [hivemq-platform-operator] [8d76f7f3] 18:33:41.880 [ReconcilerExecutor-hivemq-controller-116] DEBUG c.h.p.o.HiveMQPlatformReconciler - [helmmoni] Custom Resource Status STARTING - HiveMQ Platform is starting (READY)
2025-01-30 18:33:41,884 INFO c.h.h.t.HelmChartContainer - [hivemq-test-hivemq-platform] [hivemq-platform-operator] [8d76f7f3] 18:33:41.880 [ReconcilerExecutor-hivemq-controller-116] DEBUG c.h.p.o.HiveMQPlatformReconciler - [helmmoni] Custom Resource Spec (replicas: 2) (extensions: 1)
2025-01-30 18:33:41,885 INFO c.h.h.t.HelmChartContainer - [hivemq-test-hivemq-platform] [hivemq-platform-operator] [8d76f7f3] 18:33:41.882 [ReconcilerExecutor-hivemq-controller-116] DEBUG c.h.p.o.HiveMQPlatformReconciler - [helmmoni] StatefulSet Status (revision: test-hivemq-platform-64db946475, replicas: 2, available: 1, ready: 1, current: 2, updated: 2)
2025-01-30 18:33:41,885 INFO c.h.h.t.HelmChartContainer - [hivemq-test-hivemq-platform] [hivemq-platform-operator] [8d76f7f3] 18:33:41.882 [ReconcilerExecutor-hivemq-controller-116] DEBUG c.h.p.o.HiveMQPlatformReconciler - [helmmoni] StatefulSet Spec (replicas: 2, init containers: 1, containers: 1, volumes: 3)
2025-01-30 18:33:41,885 INFO c.h.h.t.HelmChartContainer - [hivemq-test-hivemq-platform] [hivemq-platform-operator] [8d76f7f3] 18:33:41.883 [ReconcilerExecutor-hivemq-controller-116] DEBUG c.h.p.o.h.HiveMQPlatformReconcilerErrorHandler - [helmmoni] Pod 'test-hivemq-platform-1' phase Running
2025-01-30 18:33:41,886 INFO c.h.h.t.HelmChartContainer - [hivemq-test-hivemq-platform] [hivemq-platform-operator] [8d76f7f3] 18:33:41.884 [ReconcilerExecutor-hivemq-controller-116] DEBUG c.h.p.o.h.HiveMQPlatformReconcilerErrorHandler - [helmmoni] Pod 'test-hivemq-platform-0' phase Running
2025-01-30 18:33:41,887 INFO c.h.h.t.HelmChartContainer - [hivemq-test-hivemq-platform] [hivemq-platform-operator] [8d76f7f3] 18:33:41.885 [ReconcilerExecutor-hivemq-controller-116] INFO  c.h.p.o.h.HiveMQPlatformReconcilerBaseHandler - [helmmoni] HiveMQ Platform is starting, 1 of 2 replicas are ready
2025-01-30 18:33:42,115 INFO c.h.h.t.HelmChartContainer - [test-hivemq-platform] [hivemq] [86c12914] INFO  - [HiveMQ Platform Operator Init 1.7.0-SNAPSHOT] HiveMQ Platform Operator Init 1.7.0-SNAPSHOT (commit: 47e3375 on branch: HEAD) built on Thu Jan 30 03:55:50 UTC 2025
2025-01-30 18:33:43,305 INFO c.h.h.t.HelmChartContainer - [test-hivemq-platform] [hivemq] [86c12914] INFO  - [HiveMQ Platform Operator Init App 1.7.0-SNAPSHOT] Using bind address 10.42.0.18 from environment variable
2025-01-30 18:33:44,147 INFO c.h.h.t.HelmChartContainer - [test-hivemq-platform] [hivemq] [86c12914] INFO  - [HiveMQ Platform Operator Init App 1.7.0-SNAPSHOT] HiveMQ Platform Operator Init App 1.7.0-SNAPSHOT (commit: 47e3375 on branch: HEAD) built on Thu Jan 30 03:55:50 UTC 2025
2025-01-30 18:33:44,147 INFO c.h.h.t.HelmChartContainer - [test-hivemq-platform] [hivemq] [86c12914] INFO  - [HiveMQ Platform Operator Init App 1.7.0-SNAPSHOT] PodInfo ConfigMap directory: /etc/podinfo
2025-01-30 18:33:44,147 INFO c.h.h.t.HelmChartContainer - [test-hivemq-platform] [hivemq] [86c12914] INFO  - [HiveMQ Platform Operator Init App 1.7.0-SNAPSHOT] HiveMQ home directory: /opt/hivemq
2025-01-30 18:33:44,147 INFO c.h.h.t.HelmChartContainer - [test-hivemq-platform] [hivemq] [86c12914] INFO  - [HiveMQ Platform Operator Init App 1.7.0-SNAPSHOT] HiveMQ Logback folder: /opt/hivemq/conf
2025-01-30 18:33:44,147 INFO c.h.h.t.HelmChartContainer - [test-hivemq-platform] [hivemq] [86c12914] INFO  - [HiveMQ Platform Operator Init App 1.7.0-SNAPSHOT] HiveMQ Config folder: /opt/hivemq/conf-k8s
2025-01-30 18:33:44,202 INFO c.h.h.t.HelmChartContainer - [test-hivemq-platform] [hivemq] [86c12914] INFO  - [HiveMQ Platform Operator Init App 1.7.0-SNAPSHOT] Starting HiveMQ Platform Operator Init App
2025-01-30 18:33:44,202 INFO c.h.h.t.HelmChartContainer - [test-hivemq-platform] [hivemq] [86c12914] INFO  - [HiveMQ Platform Operator Init App 1.7.0-SNAPSHOT] Starting Pod reconciler
2025-01-30 18:33:45,350 INFO c.h.h.t.HelmChartContainer - [test-hivemq-platform] [hivemq] [86c12914] INFO  - [HiveMQ Platform Operator Init App 1.7.0-SNAPSHOT] Pod reconciler is scheduled (interval: 5000 ms)
2025-01-30 18:33:45,350 INFO c.h.h.t.HelmChartContainer - [test-hivemq-platform] [hivemq] [86c12914] INFO  - [HiveMQ Platform Operator Init App 1.7.0-SNAPSHOT] Starting the REST API on 10.42.0.18:7979
2025-01-30 18:33:45,404 INFO c.h.h.t.HelmChartContainer - [test-hivemq-platform] [hivemq] [86c12914] INFO  - [HiveMQ Platform Operator Init App 1.7.0-SNAPSHOT] Waiting up to 600s for at most 2 HiveMQ nodes in cluster service hivemq-test-hivemq-platform-cluster.helmmonitoringplatformit.svc
2025-01-30 18:33:45,740 INFO c.h.h.t.HelmChartContainer - [test-hivemq-platform] [hivemq] [86c12914] INFO  - [HiveMQ Platform Operator Init App 1.7.0-SNAPSHOT] Resolved 2 IP addresses: [10.42.0.18, 10.42.0.17]
2025-01-30 18:33:45,741 INFO c.h.h.t.HelmChartContainer - [test-hivemq-platform] [hivemq] [86c12914] INFO  - [HiveMQ Platform Operator Init App 1.7.0-SNAPSHOT] HiveMQ node count of 2 is within threshold of 2
2025-01-30 18:33:45,741 INFO c.h.h.t.HelmChartContainer - [test-hivemq-platform] [hivemq] [86c12914] INFO  - [HiveMQ Platform Operator Init App 1.7.0-SNAPSHOT] Proceeding with container start
2025-01-30 18:33:45,819 INFO c.h.h.t.HelmChartContainer - [test-hivemq-platform] [hivemq] [86c12914] INFO  - [HiveMQ Platform Operator Init App 1.7.0-SNAPSHOT] Initializing HiveMQ Platform extensions with initial configuration: {hivemq-allow-all-extension={start-priority=-1, skip-https-hostname-verification=false, restart=true, config-version=0, header-version=0, c-uri=, priority=-1, uri=preinstalled, skip-https-certificate-validation=false, enabled=true}, hivemq-prometheus-extension={restart=true, enabled=true, request-header-path=no-request-headers, uri=preinstalled, skip-https-certificate-validation=false, skip-https-hostname-verification=false, c-uri=, start-priority=-1, priority=-1}}
2025-01-30 18:33:46,303 INFO c.h.h.t.HelmChartContainer - [test-hivemq-platform] [hivemq] [86c12914] INFO  - [HiveMQ Platform Operator Init App 1.7.0-SNAPSHOT] Extension hivemq-allow-all-extension was already enabled
2025-01-30 18:33:46,344 INFO c.h.h.t.HelmChartContainer - [test-hivemq-platform] [hivemq] [86c12914] INFO  - [HiveMQ Platform Operator Init App 1.7.0-SNAPSHOT] Successfully enabled extension hivemq-prometheus-extension
2025-01-30 18:33:46,346 INFO c.h.h.t.HelmChartContainer - [test-hivemq-platform] [hivemq] [86c12914] INFO  - [HiveMQ Platform Operator Init App 1.7.0-SNAPSHOT] Starting HiveMQ Platform version 4.36.0 (4.36.0)
2025-01-30 18:33:46,346 INFO c.h.h.t.HelmChartContainer - [test-hivemq-platform] [hivemq] [86c12914] INFO  - [HiveMQ Platform Operator Init App 1.7.0-SNAPSHOT] Configuring the HiveMQ Platform
2025-01-30 18:33:46,407 INFO c.h.h.t.HelmChartContainer - [test-hivemq-platform] [hivemq] [86c12914] INFO  - [HiveMQ Platform Operator Init App 1.7.0-SNAPSHOT] Changed logback.xml file scan period to 20 seconds
2025-01-30 18:33:46,445 INFO c.h.h.t.HelmChartContainer - [test-hivemq-platform] [hivemq] [86c12914] INFO  - [HiveMQ Platform Operator Init App 1.7.0-SNAPSHOT] Starting the HiveMQ Platform
2025-01-30 18:33:46,504 INFO c.h.h.t.HelmChartContainer - [test-hivemq-platform] [hivemq] [86c12914] -------------------------------------------------------------------------
2025-01-30 18:33:46,504 INFO c.h.h.t.HelmChartContainer - [test-hivemq-platform] [hivemq] [86c12914] 
2025-01-30 18:33:46,504 INFO c.h.h.t.HelmChartContainer - [test-hivemq-platform] [hivemq] [86c12914]                   _    _  _              __  __   ____
2025-01-30 18:33:46,504 INFO c.h.h.t.HelmChartContainer - [test-hivemq-platform] [hivemq] [86c12914]                  | |  | |(_)            |  \/  | / __ \
2025-01-30 18:33:46,504 INFO c.h.h.t.HelmChartContainer - [test-hivemq-platform] [hivemq] [86c12914]                  | |__| | _ __   __ ___ | \  / || |  | |
2025-01-30 18:33:46,504 INFO c.h.h.t.HelmChartContainer - [test-hivemq-platform] [hivemq] [86c12914]                  |  __  || |\ \ / // _ \| |\/| || |  | |
2025-01-30 18:33:46,504 INFO c.h.h.t.HelmChartContainer - [test-hivemq-platform] [hivemq] [86c12914]                  | |  | || | \ V /|  __/| |  | || |__| |
2025-01-30 18:33:46,504 INFO c.h.h.t.HelmChartContainer - [test-hivemq-platform] [hivemq] [86c12914]                  |_|  |_||_|  \_/  \___||_|  |_| \___\_\
2025-01-30 18:33:46,504 INFO c.h.h.t.HelmChartContainer - [test-hivemq-platform] [hivemq] [86c12914] 
2025-01-30 18:33:46,504 INFO c.h.h.t.HelmChartContainer - [test-hivemq-platform] [hivemq] [86c12914] -------------------------------------------------------------------------
2025-01-30 18:33:46,505 INFO c.h.h.t.HelmChartContainer - [test-hivemq-platform] [hivemq] [86c12914] 
2025-01-30 18:33:46,505 INFO c.h.h.t.HelmChartContainer - [test-hivemq-platform] [hivemq] [86c12914]   HiveMQ Start Script for Linux/Unix v1.14
2025-01-30 18:33:46,505 INFO c.h.h.t.HelmChartContainer - [test-hivemq-platform] [hivemq] [86c12914] 
2025-01-30 18:33:46,557 INFO c.h.h.t.HelmChartContainer - [test-hivemq-platform] [hivemq] [86c12914] -------------------------------------------------------------------------
2025-01-30 18:33:46,557 INFO c.h.h.t.HelmChartContainer - [test-hivemq-platform] [hivemq] [86c12914] 
2025-01-30 18:33:46,557 INFO c.h.h.t.HelmChartContainer - [test-hivemq-platform] [hivemq] [86c12914]   HIVEMQ_HOME: /opt/hivemq
2025-01-30 18:33:46,558 INFO c.h.h.t.HelmChartContainer - [test-hivemq-platform] [hivemq] [86c12914] 
2025-01-30 18:33:46,558 INFO c.h.h.t.HelmChartContainer - [test-hivemq-platform] [hivemq] [86c12914]   JAVA_OPTS: -XX:+UnlockExperimentalVMOptions -XX:InitialRAMPercentage=50 -XX:MaxRAMPercentage=50 -Djava.net.preferIPv4Stack=true --add-opens java.base/java.lang=ALL-UNNAMED --add-opens java.base/java.nio=ALL-UNNAMED --add-opens java.base/sun.nio.ch=ALL-UNNAMED --add-opens jdk.management/com.sun.management.internal=ALL-UNNAMED --add-exports java.base/jdk.internal.misc=ALL-UNNAMED -Djava.security.egd=file:/dev/./urandom -Dcom.sun.management.jmxremote -Dcom.sun.management.jmxremote.port=9010 -Dcom.sun.management.jmxremote.local.only=false -Dcom.sun.management.jmxremote.authenticate=false -Dcom.sun.management.jmxremote.ssl=false -Duser.language=en -Duser.region=US -XX:+CrashOnOutOfMemoryError -XX:+HeapDumpOnOutOfMemoryError
2025-01-30 18:33:46,558 INFO c.h.h.t.HelmChartContainer - [test-hivemq-platform] [hivemq] [86c12914] 
2025-01-30 18:33:46,558 INFO c.h.h.t.HelmChartContainer - [test-hivemq-platform] [hivemq] [86c12914]   JAVA_VERSION: 21
2025-01-30 18:33:46,558 INFO c.h.h.t.HelmChartContainer - [test-hivemq-platform] [hivemq] [86c12914] 
2025-01-30 18:33:46,558 INFO c.h.h.t.HelmChartContainer - [test-hivemq-platform] [hivemq] [86c12914] -------------------------------------------------------------------------
2025-01-30 18:33:46,558 INFO c.h.h.t.HelmChartContainer - [test-hivemq-platform] [hivemq] [86c12914] 
2025-01-30 18:33:47,939 INFO c.h.h.t.HelmChartContainer - [test-hivemq-platform] [hivemq] [86c12914] INFO  - [HiveMQ Platform Operator Init App 1.7.0-SNAPSHOT] Returning default Health API response 503 for readiness
2025-01-30 18:33:48,346 INFO c.h.h.t.HelmChartContainer - [EVENT] Warning [Unhealthy] Readiness probe failed: HTTP probe failed with statuscode: 503 [helmmonitoringplatformit:test-hivemq-platform-1]
2025-01-30 18:33:48,346 INFO c.h.h.t.HelmChartContainer - Received Unhealthy event for container hivemq in pod test-hivemq-platform-1 [86c12914-9a67-4b50-988e-c02ec68be750]
2025-01-30 18:33:49,242 INFO c.h.h.t.HelmChartContainer - [test-hivemq-platform] [hivemq] [86c12914] INFO  - Starting HiveMQ Enterprise Server
2025-01-30 18:33:49,251 INFO c.h.h.t.HelmChartContainer - [test-hivemq-platform] [hivemq] [86c12914] INFO  - HiveMQ version: 4.36.0
2025-01-30 18:33:49,251 INFO c.h.h.t.HelmChartContainer - [test-hivemq-platform] [hivemq] [86c12914] INFO  - HiveMQ home directory: /opt/hivemq
2025-01-30 18:33:49,252 INFO c.h.h.t.HelmChartContainer - [test-hivemq-platform] [hivemq] [86c12914] INFO  - Log Configuration was overridden by /opt/hivemq/conf/logback.xml
2025-01-30 18:33:50,741 INFO c.h.h.t.HelmChartContainer - [test-hivemq-platform] [hivemq] [86c12914] INFO  - Successfully loaded configuration from '/opt/hivemq/conf-k8s/config.xml'.
2025-01-30 18:33:51,407 INFO c.h.h.t.HelmChartContainer - [test-hivemq-platform] [hivemq] [86c12914] INFO  - This node's ID is tHdSr
2025-01-30 18:33:51,408 INFO c.h.h.t.HelmChartContainer - [test-hivemq-platform] [hivemq] [86c12914] INFO  - Clustering is enabled
2025-01-30 18:33:51,890 INFO c.h.h.t.HelmChartContainer - [hivemq-test-hivemq-platform] [hivemq-platform-operator] [8d76f7f3] 18:33:51.889 [pool-6-thread-35] DEBUG c.h.p.o.d.PlatformServiceResource - [helmmoni] Desired Platform services (3 services)
2025-01-30 18:33:51,892 INFO c.h.h.t.HelmChartContainer - [hivemq-test-hivemq-platform] [hivemq-platform-operator] [8d76f7f3] 18:33:51.892 [pool-6-thread-36] DEBUG c.h.p.o.d.PodServiceAccountResource - [helmmoni] Desired PodServiceAccountResource (serviceAccountName: hivemq-platform-pod-test-hivemq-platform)
2025-01-30 18:33:51,893 INFO c.h.h.t.HelmChartContainer - [hivemq-test-hivemq-platform] [hivemq-platform-operator] [8d76f7f3] 18:33:51.892 [pool-6-thread-39] DEBUG c.h.p.o.dependants.PodInfoConfigMap - [helmmoni] Desired PodInfo ConfigMap (1 extensions) (1 enabled)
2025-01-30 18:33:51,894 INFO c.h.h.t.HelmChartContainer - [hivemq-test-hivemq-platform] [hivemq-platform-operator] [8d76f7f3] 18:33:51.892 [pool-6-thread-39] DEBUG c.h.p.o.dependants.PodInfoConfigMap - [helmmoni] Desired PodInfo ConfigMap (metrics port: 9399) (metrics path: /)
2025-01-30 18:33:51,894 INFO c.h.h.t.HelmChartContainer - [hivemq-test-hivemq-platform] [hivemq-platform-operator] [8d76f7f3] 18:33:51.892 [pool-6-thread-39] DEBUG c.h.p.o.dependants.PodInfoConfigMap - [helmmoni] Desired PodInfo ConfigMap (extension state hash: -1817474005)
2025-01-30 18:33:51,909 INFO c.h.h.t.HelmChartContainer - [hivemq-test-hivemq-platform] [hivemq-platform-operator] [8d76f7f3] 18:33:51.907 [pool-6-thread-35] DEBUG c.h.p.o.d.StatefulSetResource - [helmmoni] Desired StatefulSet (2 replicas) for status STARTING (READY)
2025-01-30 18:33:51,911 INFO c.h.h.t.HelmChartContainer - [hivemq-test-hivemq-platform] [hivemq-platform-operator] [8d76f7f3] 18:33:51.910 [ReconcilerExecutor-hivemq-controller-117] INFO  c.h.p.o.HiveMQPlatformReconciler - [helmmoni] Reconciling HiveMQ Platform 'test-hivemq-platform' in namespace 'helmmonitoringplatformit'
2025-01-30 18:33:51,913 INFO c.h.h.t.HelmChartContainer - [hivemq-test-hivemq-platform] [hivemq-platform-operator] [8d76f7f3] 18:33:51.911 [ReconcilerExecutor-hivemq-controller-117] DEBUG c.h.p.o.HiveMQPlatformReconciler - [helmmoni] Custom Resource Status STARTING - HiveMQ Platform is starting (READY)
2025-01-30 18:33:51,913 INFO c.h.h.t.HelmChartContainer - [hivemq-test-hivemq-platform] [hivemq-platform-operator] [8d76f7f3] 18:33:51.911 [ReconcilerExecutor-hivemq-controller-117] DEBUG c.h.p.o.HiveMQPlatformReconciler - [helmmoni] Custom Resource Spec (replicas: 2) (extensions: 1)
2025-01-30 18:33:51,913 INFO c.h.h.t.HelmChartContainer - [hivemq-test-hivemq-platform] [hivemq-platform-operator] [8d76f7f3] 18:33:51.912 [ReconcilerExecutor-hivemq-controller-117] DEBUG c.h.p.o.HiveMQPlatformReconciler - [helmmoni] StatefulSet Status (revision: test-hivemq-platform-64db946475, replicas: 2, available: 1, ready: 1, current: 2, updated: 2)
2025-01-30 18:33:51,914 INFO c.h.h.t.HelmChartContainer - [hivemq-test-hivemq-platform] [hivemq-platform-operator] [8d76f7f3] 18:33:51.912 [ReconcilerExecutor-hivemq-controller-117] DEBUG c.h.p.o.HiveMQPlatformReconciler - [helmmoni] StatefulSet Spec (replicas: 2, init containers: 1, containers: 1, volumes: 3)
2025-01-30 18:33:51,915 INFO c.h.h.t.HelmChartContainer - [hivemq-test-hivemq-platform] [hivemq-platform-operator] [8d76f7f3] 18:33:51.913 [ReconcilerExecutor-hivemq-controller-117] DEBUG c.h.p.o.h.HiveMQPlatformReconcilerErrorHandler - [helmmoni] Pod 'test-hivemq-platform-1' phase Running
2025-01-30 18:33:51,985 INFO c.h.h.t.HelmChartContainer - [hivemq-test-hivemq-platform] [hivemq-platform-operator] [8d76f7f3] 18:33:51.984 [ReconcilerExecutor-hivemq-controller-117] DEBUG c.h.p.o.h.HiveMQPlatformReconcilerErrorHandler - [helmmoni] Pod 'test-hivemq-platform-0' phase Running
2025-01-30 18:33:51,985 INFO c.h.h.t.HelmChartContainer - [hivemq-test-hivemq-platform] [hivemq-platform-operator] [8d76f7f3] 18:33:51.985 [ReconcilerExecutor-hivemq-controller-117] INFO  c.h.p.o.h.HiveMQPlatformReconcilerBaseHandler - [helmmoni] HiveMQ Platform is starting, 1 of 2 replicas are ready
2025-01-30 18:33:53,403 INFO c.h.h.t.HelmChartContainer - [test-hivemq-platform] [hivemq] [86c12914] WARN  - [HiveMQ Platform Operator Init App 1.7.0-SNAPSHOT] Cannot connect to Health API for readiness: null
2025-01-30 18:33:53,408 INFO c.h.h.t.HelmChartContainer - [EVENT] Warning [Unhealthy] Readiness probe failed: HTTP probe failed with statuscode: 503 [helmmonitoringplatformit:test-hivemq-platform-1]
2025-01-30 18:33:53,408 INFO c.h.h.t.HelmChartContainer - Received Unhealthy event for container hivemq in pod test-hivemq-platform-1 [86c12914-9a67-4b50-988e-c02ec68be750]
2025-01-30 18:33:55,349 INFO c.h.h.t.HelmChartContainer - [test-hivemq-platform] [hivemq] [e7ddc8c1] INFO  - [HiveMQ Platform Operator Init App 1.7.0-SNAPSHOT] Returning Health API response 200 for liveness
2025-01-30 18:33:56,804 INFO c.h.h.t.HelmChartContainer - [test-hivemq-platform] [hivemq] [86c12914] Jan 30, 2025 6:33:56 PM io.vertx.core.impl.BlockedThreadChecker
2025-01-30 18:33:56,804 INFO c.h.h.t.HelmChartContainer - [test-hivemq-platform] [hivemq] [86c12914] WARNING: Thread Thread[vert.x-eventloop-thread-1,5,main] has been blocked for 3000 ms, time limit is 2000 ms
2025-01-30 18:33:57,044 INFO c.h.h.t.HelmChartContainer - [test-hivemq-platform] [hivemq] [86c12914] INFO  - [HiveMQ Platform Operator Init App 1.7.0-SNAPSHOT] Updating Pod HiveMQ Platform Operator Init App version annotation (version: 1.7.0-SNAPSHOT)
2025-01-30 18:33:57,853 INFO c.h.h.t.HelmChartContainer - [POD] test-hivemq-platform-1 [86c12914-9a67-4b50-988e-c02ec68be750] in helmmonitoringplatformit was MODIFIED
2025-01-30 18:33:57,855 INFO c.h.h.t.HelmChartContainer - [hivemq-test-hivemq-platform] [hivemq-platform-operator] [8d76f7f3] 18:33:57.854 [pool-6-thread-45] DEBUG c.h.p.o.d.PlatformServiceResource - [helmmoni] Desired Platform services (3 services)
2025-01-30 18:33:57,857 INFO c.h.h.t.HelmChartContainer - [hivemq-test-hivemq-platform] [hivemq-platform-operator] [8d76f7f3] 18:33:57.855 [pool-6-thread-44] DEBUG c.h.p.o.dependants.PodInfoConfigMap - [helmmoni] Desired PodInfo ConfigMap (1 extensions) (1 enabled)
2025-01-30 18:33:57,858 INFO c.h.h.t.HelmChartContainer - [hivemq-test-hivemq-platform] [hivemq-platform-operator] [8d76f7f3] 18:33:57.855 [pool-6-thread-44] DEBUG c.h.p.o.dependants.PodInfoConfigMap - [helmmoni] Desired PodInfo ConfigMap (metrics port: 9399) (metrics path: /)
2025-01-30 18:33:57,858 INFO c.h.h.t.HelmChartContainer - [hivemq-test-hivemq-platform] [hivemq-platform-operator] [8d76f7f3] 18:33:57.855 [pool-6-thread-44] DEBUG c.h.p.o.dependants.PodInfoConfigMap - [helmmoni] Desired PodInfo ConfigMap (extension state hash: -1817474005)
2025-01-30 18:33:57,859 INFO c.h.h.t.HelmChartContainer - [hivemq-test-hivemq-platform] [hivemq-platform-operator] [8d76f7f3] 18:33:57.856 [pool-6-thread-49] DEBUG c.h.p.o.d.PodServiceAccountResource - [helmmoni] Desired PodServiceAccountResource (serviceAccountName: hivemq-platform-pod-test-hivemq-platform)
2025-01-30 18:33:57,861 INFO c.h.h.t.HelmChartContainer - [hivemq-test-hivemq-platform] [hivemq-platform-operator] [8d76f7f3] 18:33:57.860 [pool-6-thread-45] DEBUG c.h.p.o.d.StatefulSetResource - [helmmoni] Desired StatefulSet (2 replicas) for status STARTING (READY)
2025-01-30 18:33:57,865 INFO c.h.h.t.HelmChartContainer - [hivemq-test-hivemq-platform] [hivemq-platform-operator] [8d76f7f3] 18:33:57.864 [ReconcilerExecutor-hivemq-controller-118] INFO  c.h.p.o.HiveMQPlatformReconciler - [helmmoni] Reconciling HiveMQ Platform 'test-hivemq-platform' in namespace 'helmmonitoringplatformit'
2025-01-30 18:33:57,866 INFO c.h.h.t.HelmChartContainer - [hivemq-test-hivemq-platform] [hivemq-platform-operator] [8d76f7f3] 18:33:57.864 [ReconcilerExecutor-hivemq-controller-118] DEBUG c.h.p.o.HiveMQPlatformReconciler - [helmmoni] Custom Resource Status STARTING - HiveMQ Platform is starting (READY)
2025-01-30 18:33:57,866 INFO c.h.h.t.HelmChartContainer - [hivemq-test-hivemq-platform] [hivemq-platform-operator] [8d76f7f3] 18:33:57.864 [ReconcilerExecutor-hivemq-controller-118] DEBUG c.h.p.o.HiveMQPlatformReconciler - [helmmoni] Custom Resource Spec (replicas: 2) (extensions: 1)
2025-01-30 18:33:57,866 INFO c.h.h.t.HelmChartContainer - [hivemq-test-hivemq-platform] [hivemq-platform-operator] [8d76f7f3] 18:33:57.865 [ReconcilerExecutor-hivemq-controller-118] DEBUG c.h.p.o.HiveMQPlatformReconciler - [helmmoni] StatefulSet Status (revision: test-hivemq-platform-64db946475, replicas: 2, available: 1, ready: 1, current: 2, updated: 2)
2025-01-30 18:33:57,868 INFO c.h.h.t.HelmChartContainer - [hivemq-test-hivemq-platform] [hivemq-platform-operator] [8d76f7f3] 18:33:57.866 [ReconcilerExecutor-hivemq-controller-118] DEBUG c.h.p.o.HiveMQPlatformReconciler - [helmmoni] StatefulSet Spec (replicas: 2, init containers: 1, containers: 1, volumes: 3)
2025-01-30 18:33:57,868 INFO c.h.h.t.HelmChartContainer - [hivemq-test-hivemq-platform] [hivemq-platform-operator] [8d76f7f3] 18:33:57.867 [ReconcilerExecutor-hivemq-controller-118] DEBUG c.h.p.o.h.HiveMQPlatformReconcilerErrorHandler - [helmmoni] Pod 'test-hivemq-platform-1' phase Running
2025-01-30 18:33:57,871 INFO c.h.h.t.HelmChartContainer - [hivemq-test-hivemq-platform] [hivemq-platform-operator] [8d76f7f3] 18:33:57.871 [ReconcilerExecutor-hivemq-controller-118] DEBUG c.h.p.o.h.HiveMQPlatformReconcilerErrorHandler - [helmmoni] Pod 'test-hivemq-platform-0' phase Running
2025-01-30 18:33:57,872 INFO c.h.h.t.HelmChartContainer - [hivemq-test-hivemq-platform] [hivemq-platform-operator] [8d76f7f3] 18:33:57.872 [ReconcilerExecutor-hivemq-controller-118] INFO  c.h.p.o.h.HiveMQPlatformReconcilerBaseHandler - [helmmoni] HiveMQ Platform is starting, 1 of 2 replicas are ready
2025-01-30 18:33:57,946 INFO c.h.h.t.HelmChartContainer - [test-hivemq-platform] [hivemq] [86c12914] WARN  - [HiveMQ Platform Operator Init App 1.7.0-SNAPSHOT] Cannot connect to Health API for readiness: null
2025-01-30 18:33:57,952 INFO c.h.h.t.HelmChartContainer - [EVENT] Warning [Unhealthy] Readiness probe failed: HTTP probe failed with statuscode: 503 [helmmonitoringplatformit:test-hivemq-platform-1]
2025-01-30 18:33:57,952 INFO c.h.h.t.HelmChartContainer - Received Unhealthy event for container hivemq in pod test-hivemq-platform-1 [86c12914-9a67-4b50-988e-c02ec68be750]
2025-01-30 18:33:58,004 INFO c.h.h.t.HelmChartContainer - [test-hivemq-platform] [hivemq] [86c12914] WARN  - [HiveMQ Platform Operator Init App 1.7.0-SNAPSHOT] Cannot connect to Health API for readiness: null
2025-01-30 18:33:58,038 INFO c.h.h.t.HelmChartContainer - [test-hivemq-platform] [hivemq] [86c12914] INFO  - [HiveMQ Platform Operator Init App 1.7.0-SNAPSHOT] Successfully updated Pod HiveMQ Platform Operator Init App version annotation (version: 1.7.0-SNAPSHOT)
2025-01-30 18:33:58,041 INFO c.h.h.t.HelmChartContainer - [EVENT] Warning [Unhealthy] Readiness probe failed: HTTP probe failed with statuscode: 503 [helmmonitoringplatformit:test-hivemq-platform-1]
2025-01-30 18:33:58,041 INFO c.h.h.t.HelmChartContainer - Received Unhealthy event for container hivemq in pod test-hivemq-platform-1 [86c12914-9a67-4b50-988e-c02ec68be750]
2025-01-30 18:34:03,006 INFO c.h.h.t.HelmChartContainer - [test-hivemq-platform] [hivemq] [86c12914] WARN  - [HiveMQ Platform Operator Init App 1.7.0-SNAPSHOT] Cannot connect to Health API for readiness: null
2025-01-30 18:34:03,010 INFO c.h.h.t.HelmChartContainer - [EVENT] Warning [Unhealthy] Readiness probe failed: HTTP probe failed with statuscode: 503 [helmmonitoringplatformit:test-hivemq-platform-1]
2025-01-30 18:34:03,010 INFO c.h.h.t.HelmChartContainer - Received Unhealthy event for container hivemq in pod test-hivemq-platform-1 [86c12914-9a67-4b50-988e-c02ec68be750]
2025-01-30 18:34:07,876 INFO c.h.h.t.HelmChartContainer - [hivemq-test-hivemq-platform] [hivemq-platform-operator] [8d76f7f3] 18:34:07.874 [pool-6-thread-3] DEBUG c.h.p.o.d.PlatformServiceResource - [helmmoni] Desired Platform services (3 services)
2025-01-30 18:34:07,877 INFO c.h.h.t.HelmChartContainer - [hivemq-test-hivemq-platform] [hivemq-platform-operator] [8d76f7f3] 18:34:07.876 [pool-6-thread-9] DEBUG c.h.p.o.d.PodServiceAccountResource - [helmmoni] Desired PodServiceAccountResource (serviceAccountName: hivemq-platform-pod-test-hivemq-platform)
2025-01-30 18:34:07,877 INFO c.h.h.t.HelmChartContainer - [hivemq-test-hivemq-platform] [hivemq-platform-operator] [8d76f7f3] 18:34:07.876 [pool-6-thread-7] DEBUG c.h.p.o.dependants.PodInfoConfigMap - [helmmoni] Desired PodInfo ConfigMap (1 extensions) (1 enabled)
2025-01-30 18:34:07,877 INFO c.h.h.t.HelmChartContainer - [hivemq-test-hivemq-platform] [hivemq-platform-operator] [8d76f7f3] 18:34:07.876 [pool-6-thread-7] DEBUG c.h.p.o.dependants.PodInfoConfigMap - [helmmoni] Desired PodInfo ConfigMap (metrics port: 9399) (metrics path: /)
2025-01-30 18:34:07,877 INFO c.h.h.t.HelmChartContainer - [hivemq-test-hivemq-platform] [hivemq-platform-operator] [8d76f7f3] 18:34:07.876 [pool-6-thread-7] DEBUG c.h.p.o.dependants.PodInfoConfigMap - [helmmoni] Desired PodInfo ConfigMap (extension state hash: -1817474005)
2025-01-30 18:34:07,881 INFO c.h.h.t.HelmChartContainer - [hivemq-test-hivemq-platform] [hivemq-platform-operator] [8d76f7f3] 18:34:07.880 [pool-6-thread-3] DEBUG c.h.p.o.d.StatefulSetResource - [helmmoni] Desired StatefulSet (2 replicas) for status STARTING (READY)
2025-01-30 18:34:07,884 INFO c.h.h.t.HelmChartContainer - [hivemq-test-hivemq-platform] [hivemq-platform-operator] [8d76f7f3] 18:34:07.884 [ReconcilerExecutor-hivemq-controller-119] INFO  c.h.p.o.HiveMQPlatformReconciler - [helmmoni] Reconciling HiveMQ Platform 'test-hivemq-platform' in namespace 'helmmonitoringplatformit'
2025-01-30 18:34:07,885 INFO c.h.h.t.HelmChartContainer - [hivemq-test-hivemq-platform] [hivemq-platform-operator] [8d76f7f3] 18:34:07.884 [ReconcilerExecutor-hivemq-controller-119] DEBUG c.h.p.o.HiveMQPlatformReconciler - [helmmoni] Custom Resource Status STARTING - HiveMQ Platform is starting (READY)
2025-01-30 18:34:07,885 INFO c.h.h.t.HelmChartContainer - [hivemq-test-hivemq-platform] [hivemq-platform-operator] [8d76f7f3] 18:34:07.884 [ReconcilerExecutor-hivemq-controller-119] DEBUG c.h.p.o.HiveMQPlatformReconciler - [helmmoni] Custom Resource Spec (replicas: 2) (extensions: 1)
2025-01-30 18:34:07,886 INFO c.h.h.t.HelmChartContainer - [hivemq-test-hivemq-platform] [hivemq-platform-operator] [8d76f7f3] 18:34:07.885 [ReconcilerExecutor-hivemq-controller-119] DEBUG c.h.p.o.HiveMQPlatformReconciler - [helmmoni] StatefulSet Status (revision: test-hivemq-platform-64db946475, replicas: 2, available: 1, ready: 1, current: 2, updated: 2)
2025-01-30 18:34:07,886 INFO c.h.h.t.HelmChartContainer - [hivemq-test-hivemq-platform] [hivemq-platform-operator] [8d76f7f3] 18:34:07.885 [ReconcilerExecutor-hivemq-controller-119] DEBUG c.h.p.o.HiveMQPlatformReconciler - [helmmoni] StatefulSet Spec (replicas: 2, init containers: 1, containers: 1, volumes: 3)
2025-01-30 18:34:07,888 INFO c.h.h.t.HelmChartContainer - [hivemq-test-hivemq-platform] [hivemq-platform-operator] [8d76f7f3] 18:34:07.887 [ReconcilerExecutor-hivemq-controller-119] DEBUG c.h.p.o.h.HiveMQPlatformReconcilerErrorHandler - [helmmoni] Pod 'test-hivemq-platform-1' phase Running
2025-01-30 18:34:07,891 INFO c.h.h.t.HelmChartContainer - [hivemq-test-hivemq-platform] [hivemq-platform-operator] [8d76f7f3] 18:34:07.890 [ReconcilerExecutor-hivemq-controller-119] DEBUG c.h.p.o.h.HiveMQPlatformReconcilerErrorHandler - [helmmoni] Pod 'test-hivemq-platform-0' phase Running
2025-01-30 18:34:07,891 INFO c.h.h.t.HelmChartContainer - [hivemq-test-hivemq-platform] [hivemq-platform-operator] [8d76f7f3] 18:34:07.890 [ReconcilerExecutor-hivemq-controller-119] INFO  c.h.p.o.h.HiveMQPlatformReconcilerBaseHandler - [helmmoni] HiveMQ Platform is starting, 1 of 2 replicas are ready
2025-01-30 18:34:08,006 INFO c.h.h.t.HelmChartContainer - [test-hivemq-platform] [hivemq] [86c12914] WARN  - [HiveMQ Platform Operator Init App 1.7.0-SNAPSHOT] Cannot connect to Health API for readiness: null
2025-01-30 18:34:08,010 INFO c.h.h.t.HelmChartContainer - [EVENT] Warning [Unhealthy] Readiness probe failed: HTTP probe failed with statuscode: 503 [helmmonitoringplatformit:test-hivemq-platform-1]
2025-01-30 18:34:08,010 INFO c.h.h.t.HelmChartContainer - Received Unhealthy event for container hivemq in pod test-hivemq-platform-1 [86c12914-9a67-4b50-988e-c02ec68be750]
2025-01-30 18:34:08,904 INFO c.h.h.t.HelmChartContainer - [test-hivemq-platform] [hivemq] [86c12914] INFO  - No valid license file found. Using trial license, restricted to 25 connections.
2025-01-30 18:34:10,407 INFO c.h.h.t.HelmChartContainer - [test-hivemq-platform] [hivemq] [86c12914] WARN  - [HiveMQ Platform Operator Init App 1.7.0-SNAPSHOT] Cannot connect to Health API for liveness: null
2025-01-30 18:34:10,407 INFO c.h.h.t.HelmChartContainer - [test-hivemq-platform] [hivemq] [86c12914] INFO  - [HiveMQ Platform Operator Init App 1.7.0-SNAPSHOT] Returning default Health API response 200 for liveness
2025-01-30 18:34:13,005 INFO c.h.h.t.HelmChartContainer - [test-hivemq-platform] [hivemq] [86c12914] WARN  - [HiveMQ Platform Operator Init App 1.7.0-SNAPSHOT] Cannot connect to Health API for readiness: null
2025-01-30 18:34:13,011 INFO c.h.h.t.HelmChartContainer - [EVENT] Warning [Unhealthy] Readiness probe failed: HTTP probe failed with statuscode: 503 [helmmonitoringplatformit:test-hivemq-platform-1]
2025-01-30 18:34:13,011 INFO c.h.h.t.HelmChartContainer - Received Unhealthy event for container hivemq in pod test-hivemq-platform-1 [86c12914-9a67-4b50-988e-c02ec68be750]
2025-01-30 18:34:13,044 INFO c.h.h.t.HelmChartContainer - [test-hivemq-platform] [hivemq] [86c12914] INFO  - No valid license file for Data Hub found. Using free license, restricted to 1 policy.
2025-01-30 18:34:14,349 INFO c.h.h.t.HelmChartContainer - [test-hivemq-platform] [hivemq] [86c12914] INFO  - Audit Logger started.
2025-01-30 18:34:14,657 INFO c.h.h.t.HelmChartContainer - [test-hivemq-platform] [hivemq] [86c12914] INFO  - This node uses '1' CPU cores.
2025-01-30 18:34:14,662 INFO c.h.h.t.HelmChartContainer - [test-hivemq-platform] [hivemq] [86c12914] INFO  - Starting HiveMQ Health API on address 0.0.0.0 and port 8889
2025-01-30 18:34:15,453 INFO c.h.h.t.HelmChartContainer - [test-hivemq-platform] [hivemq] [86c12914] INFO  - Started HiveMQ Health API in 791ms
2025-01-30 18:34:16,006 INFO c.h.h.t.HelmChartContainer - [test-hivemq-platform] [hivemq] [86c12914] INFO  - Starting HiveMQ extension system.
2025-01-30 18:34:16,246 INFO c.h.h.t.HelmChartContainer - [test-hivemq-platform] [hivemq] [86c12914] INFO  - Starting extension with id "hivemq-dns-cluster-discovery" at /opt/hivemq/extensions/hivemq-dns-cluster-discovery
2025-01-30 18:34:16,743 INFO c.h.h.t.HelmChartContainer - [test-hivemq-platform] [hivemq] [86c12914] INFO  - Extension "DNS Cluster Discovery Extension" version 4.3.2 started successfully.
2025-01-30 18:34:16,745 INFO c.h.h.t.HelmChartContainer - [test-hivemq-platform] [hivemq] [86c12914] INFO  - Starting extension with id "hivemq-prometheus-extension" at /opt/hivemq/extensions/hivemq-prometheus-extension
2025-01-30 18:34:17,044 INFO c.h.h.t.HelmChartContainer - [test-hivemq-platform] [hivemq] [86c12914] INFO  - Using TCP cluster transport on address 10.42.0.18 and port 7000
2025-01-30 18:34:17,140 INFO c.h.h.t.HelmChartContainer - [test-hivemq-platform] [hivemq] [86c12914] INFO  - Using extension cluster discovery
2025-01-30 18:34:17,897 INFO c.h.h.t.HelmChartContainer - [hivemq-test-hivemq-platform] [hivemq-platform-operator] [8d76f7f3] 18:34:17.893 [pool-6-thread-19] DEBUG c.h.p.o.d.PlatformServiceResource - [helmmoni] Desired Platform services (3 services)
2025-01-30 18:34:17,897 INFO c.h.h.t.HelmChartContainer - [hivemq-test-hivemq-platform] [hivemq-platform-operator] [8d76f7f3] 18:34:17.894 [pool-6-thread-16] DEBUG c.h.p.o.d.PodServiceAccountResource - [helmmoni] Desired PodServiceAccountResource (serviceAccountName: hivemq-platform-pod-test-hivemq-platform)
2025-01-30 18:34:17,898 INFO c.h.h.t.HelmChartContainer - [hivemq-test-hivemq-platform] [hivemq-platform-operator] [8d76f7f3] 18:34:17.895 [pool-6-thread-15] DEBUG c.h.p.o.dependants.PodInfoConfigMap - [helmmoni] Desired PodInfo ConfigMap (1 extensions) (1 enabled)
2025-01-30 18:34:17,898 INFO c.h.h.t.HelmChartContainer - [hivemq-test-hivemq-platform] [hivemq-platform-operator] [8d76f7f3] 18:34:17.895 [pool-6-thread-15] DEBUG c.h.p.o.dependants.PodInfoConfigMap - [helmmoni] Desired PodInfo ConfigMap (metrics port: 9399) (metrics path: /)
2025-01-30 18:34:17,898 INFO c.h.h.t.HelmChartContainer - [hivemq-test-hivemq-platform] [hivemq-platform-operator] [8d76f7f3] 18:34:17.895 [pool-6-thread-15] DEBUG c.h.p.o.dependants.PodInfoConfigMap - [helmmoni] Desired PodInfo ConfigMap (extension state hash: -1817474005)
2025-01-30 18:34:17,899 INFO c.h.h.t.HelmChartContainer - [hivemq-test-hivemq-platform] [hivemq-platform-operator] [8d76f7f3] 18:34:17.899 [pool-6-thread-19] DEBUG c.h.p.o.d.StatefulSetResource - [helmmoni] Desired StatefulSet (2 replicas) for status STARTING (READY)
2025-01-30 18:34:17,904 INFO c.h.h.t.HelmChartContainer - [hivemq-test-hivemq-platform] [hivemq-platform-operator] [8d76f7f3] 18:34:17.903 [ReconcilerExecutor-hivemq-controller-120] INFO  c.h.p.o.HiveMQPlatformReconciler - [helmmoni] Reconciling HiveMQ Platform 'test-hivemq-platform' in namespace 'helmmonitoringplatformit'
2025-01-30 18:34:17,906 INFO c.h.h.t.HelmChartContainer - [hivemq-test-hivemq-platform] [hivemq-platform-operator] [8d76f7f3] 18:34:17.903 [ReconcilerExecutor-hivemq-controller-120] DEBUG c.h.p.o.HiveMQPlatformReconciler - [helmmoni] Custom Resource Status STARTING - HiveMQ Platform is starting (READY)
2025-01-30 18:34:17,906 INFO c.h.h.t.HelmChartContainer - [hivemq-test-hivemq-platform] [hivemq-platform-operator] [8d76f7f3] 18:34:17.904 [ReconcilerExecutor-hivemq-controller-120] DEBUG c.h.p.o.HiveMQPlatformReconciler - [helmmoni] Custom Resource Spec (replicas: 2) (extensions: 1)
2025-01-30 18:34:17,908 INFO c.h.h.t.HelmChartContainer - [hivemq-test-hivemq-platform] [hivemq-platform-operator] [8d76f7f3] 18:34:17.907 [ReconcilerExecutor-hivemq-controller-120] DEBUG c.h.p.o.HiveMQPlatformReconciler - [helmmoni] StatefulSet Status (revision: test-hivemq-platform-64db946475, replicas: 2, available: 1, ready: 1, current: 2, updated: 2)
2025-01-30 18:34:17,908 INFO c.h.h.t.HelmChartContainer - [hivemq-test-hivemq-platform] [hivemq-platform-operator] [8d76f7f3] 18:34:17.907 [ReconcilerExecutor-hivemq-controller-120] DEBUG c.h.p.o.HiveMQPlatformReconciler - [helmmoni] StatefulSet Spec (replicas: 2, init containers: 1, containers: 1, volumes: 3)
2025-01-30 18:34:17,909 INFO c.h.h.t.HelmChartContainer - [test-hivemq-platform] [hivemq] [86c12914] INFO  - Started Jetty Server exposing Prometheus Servlet on URI http://0.0.0.0:9399/
2025-01-30 18:34:17,910 INFO c.h.h.t.HelmChartContainer - [test-hivemq-platform] [hivemq] [86c12914] INFO  - Extension "Prometheus Monitoring Extension" version 4.0.12 started successfully.
2025-01-30 18:34:17,912 INFO c.h.h.t.HelmChartContainer - [test-hivemq-platform] [hivemq] [86c12914] INFO  - Starting extension with id "hivemq-allow-all-extension" at /opt/hivemq/extensions/hivemq-allow-all-extension
2025-01-30 18:34:17,912 INFO c.h.h.t.HelmChartContainer - [hivemq-test-hivemq-platform] [hivemq-platform-operator] [8d76f7f3] 18:34:17.910 [ReconcilerExecutor-hivemq-controller-120] DEBUG c.h.p.o.h.HiveMQPlatformReconcilerErrorHandler - [helmmoni] Pod 'test-hivemq-platform-1' phase Running
2025-01-30 18:34:17,913 INFO c.h.h.t.HelmChartContainer - [hivemq-test-hivemq-platform] [hivemq-platform-operator] [8d76f7f3] 18:34:17.912 [ReconcilerExecutor-hivemq-controller-120] DEBUG c.h.p.o.h.HiveMQPlatformReconcilerErrorHandler - [helmmoni] Pod 'test-hivemq-platform-0' phase Running
2025-01-30 18:34:17,915 INFO c.h.h.t.HelmChartContainer - [test-hivemq-platform] [hivemq] [86c12914] WARN  - 
2025-01-30 18:34:17,915 INFO c.h.h.t.HelmChartContainer - [test-hivemq-platform] [hivemq] [86c12914] ################################################################################################################
2025-01-30 18:34:17,915 INFO c.h.h.t.HelmChartContainer - [hivemq-test-hivemq-platform] [hivemq-platform-operator] [8d76f7f3] 18:34:17.914 [ReconcilerExecutor-hivemq-controller-120] INFO  c.h.p.o.h.HiveMQPlatformReconcilerBaseHandler - [helmmoni] HiveMQ Platform is starting, 1 of 2 replicas are ready
2025-01-30 18:34:17,915 INFO c.h.h.t.HelmChartContainer - [test-hivemq-platform] [hivemq] [86c12914] # This HiveMQ deployment is not secure! You are lacking Authentication and Authorization.                      #
2025-01-30 18:34:17,915 INFO c.h.h.t.HelmChartContainer - [test-hivemq-platform] [hivemq] [86c12914] # Right now any MQTT client can connect to the broker with a full set of permissions.                          #
2025-01-30 18:34:17,915 INFO c.h.h.t.HelmChartContainer - [test-hivemq-platform] [hivemq] [86c12914] # For production usage, add an appropriate security extension and remove the hivemq-allow-all extension.       #
2025-01-30 18:34:17,915 INFO c.h.h.t.HelmChartContainer - [test-hivemq-platform] [hivemq] [86c12914] # You can download security extensions from the HiveMQ Marketplace (https://www.hivemq.com/extensions/).       #
2025-01-30 18:34:17,915 INFO c.h.h.t.HelmChartContainer - [test-hivemq-platform] [hivemq] [86c12914] ################################################################################################################
2025-01-30 18:34:17,939 INFO c.h.h.t.HelmChartContainer - [test-hivemq-platform] [hivemq] [86c12914] INFO  - Extension "Allow All Extension" version 1.1.1 started successfully.
2025-01-30 18:34:17,949 INFO c.h.h.t.HelmChartContainer - [test-hivemq-platform] [hivemq] [e7ddc8c1] INFO  - Cluster nodes found by discovery: [9d9yy|1] (2) [9d9yy, tHdSr].
2025-01-30 18:34:18,045 INFO c.h.h.t.HelmChartContainer - [test-hivemq-platform] [hivemq] [86c12914] INFO  - Cluster nodes found by discovery: [9d9yy|1] (2) [9d9yy, tHdSr].
2025-01-30 18:34:18,341 INFO c.h.h.t.HelmChartContainer - [test-hivemq-platform] [hivemq] [86c12914] INFO  - Cluster size = 1, members : [9d9yy].
2025-01-30 18:34:18,959 INFO c.h.h.t.HelmChartContainer - [test-hivemq-platform] [hivemq] [86c12914] INFO  - [HiveMQ Platform Operator Init App 1.7.0-SNAPSHOT] Returning Health API response 503 for readiness
2025-01-30 18:34:18,962 INFO c.h.h.t.HelmChartContainer - [EVENT] Warning [Unhealthy] Readiness probe failed: Get "http://10.42.0.18:7979/readiness": context deadline exceeded (Client.Timeout exceeded while awaiting headers) [helmmonitoringplatformit:test-hivemq-platform-1]
2025-01-30 18:34:18,962 INFO c.h.h.t.HelmChartContainer - Received Unhealthy event for container hivemq in pod test-hivemq-platform-1 [86c12914-9a67-4b50-988e-c02ec68be750]
2025-01-30 18:34:19,148 INFO c.h.h.t.HelmChartContainer - [test-hivemq-platform] [hivemq] [86c12914] INFO  - Starting cluster join process. This may take a while. Please do not shut down HiveMQ.
2025-01-30 18:34:19,148 INFO c.h.h.t.HelmChartContainer - [test-hivemq-platform] [hivemq] [86c12914] INFO  - Cluster join process is still ongoing. Please do not shut down HiveMQ.
2025-01-30 18:34:21,160 INFO c.h.h.t.HelmChartContainer - [test-hivemq-platform] [hivemq] [e7ddc8c1] INFO  - Cluster size = 2, members : [tHdSr, 9d9yy].
2025-01-30 18:34:21,170 INFO c.h.h.t.HelmChartContainer - [test-hivemq-platform] [hivemq] [86c12914] INFO  - Cluster size = 2, members : [tHdSr, 9d9yy].
2025-01-30 18:34:21,241 INFO c.h.h.t.HelmChartContainer - [test-hivemq-platform] [hivemq] [86c12914] INFO  - Finished cluster join process successfully.
2025-01-30 18:34:21,242 INFO c.h.h.t.HelmChartContainer - [test-hivemq-platform] [hivemq] [86c12914] WARN  - No user for HiveMQ Control Center configured. Starting with default user
2025-01-30 18:34:21,242 INFO c.h.h.t.HelmChartContainer - [test-hivemq-platform] [hivemq] [86c12914] INFO  - Starting HiveMQ Control Center on address 0.0.0.0 and port 8080
2025-01-30 18:34:21,251 INFO c.h.h.t.HelmChartContainer - [test-hivemq-platform] [hivemq] [86c12914] INFO  - Mounting HiveMQ Control Center V2 Preview
2025-01-30 18:34:21,947 INFO c.h.h.t.HelmChartContainer - [test-hivemq-platform] [hivemq] [86c12914] INFO  - Started HiveMQ Control Center in 707ms
2025-01-30 18:34:22,045 INFO c.h.h.t.HelmChartContainer - [test-hivemq-platform] [hivemq] [86c12914] INFO  - Starting TCP listener on address 0.0.0.0 and port 1883
2025-01-30 18:34:22,139 INFO c.h.h.t.HelmChartContainer - [test-hivemq-platform] [hivemq] [86c12914] INFO  - Started TCP Listener on address 0.0.0.0 and on port 1883.
2025-01-30 18:34:22,139 INFO c.h.h.t.HelmChartContainer - [test-hivemq-platform] [hivemq] [86c12914] INFO  - Started HiveMQ in 33288ms
2025-01-30 18:34:22,954 INFO c.h.h.t.HelmChartContainer - [test-hivemq-platform] [hivemq] [86c12914] INFO  - [HiveMQ Platform Operator Init App 1.7.0-SNAPSHOT] Returning Health API response 200 for readiness
2025-01-30 18:34:22,964 INFO c.h.h.t.HelmChartContainer - [POD] test-hivemq-platform-1 [86c12914-9a67-4b50-988e-c02ec68be750] in helmmonitoringplatformit was MODIFIED
2025-01-30 18:34:22,980 INFO c.h.h.t.HelmChartContainer - [hivemq-test-hivemq-platform] [hivemq-platform-operator] [8d76f7f3] 18:34:22.970 [pool-6-thread-29] DEBUG c.h.p.o.dependants.PodInfoConfigMap - [helmmoni] Desired PodInfo ConfigMap (1 extensions) (1 enabled)
2025-01-30 18:34:22,987 INFO c.h.h.t.HelmChartContainer - [hivemq-test-hivemq-platform] [hivemq-platform-operator] [8d76f7f3] 18:34:22.976 [pool-6-thread-29] DEBUG c.h.p.o.dependants.PodInfoConfigMap - [helmmoni] Desired PodInfo ConfigMap (metrics port: 9399) (metrics path: /)
2025-01-30 18:34:22,988 INFO c.h.h.t.HelmChartContainer - [hivemq-test-hivemq-platform] [hivemq-platform-operator] [8d76f7f3] 18:34:22.976 [pool-6-thread-29] DEBUG c.h.p.o.dependants.PodInfoConfigMap - [helmmoni] Desired PodInfo ConfigMap (extension state hash: -1817474005)
2025-01-30 18:34:22,988 INFO c.h.h.t.HelmChartContainer - [hivemq-test-hivemq-platform] [hivemq-platform-operator] [8d76f7f3] 18:34:22.973 [pool-6-thread-24] DEBUG c.h.p.o.d.PlatformServiceResource - [helmmoni] Desired Platform services (3 services)
2025-01-30 18:34:22,988 INFO c.h.h.t.HelmChartContainer - [hivemq-test-hivemq-platform] [hivemq-platform-operator] [8d76f7f3] 18:34:22.974 [pool-6-thread-27] DEBUG c.h.p.o.d.PodServiceAccountResource - [helmmoni] Desired PodServiceAccountResource (serviceAccountName: hivemq-platform-pod-test-hivemq-platform)
2025-01-30 18:34:22,988 INFO c.h.h.t.HelmChartContainer - [hivemq-test-hivemq-platform] [hivemq-platform-operator] [8d76f7f3] 18:34:22.983 [pool-6-thread-24] DEBUG c.h.p.o.d.StatefulSetResource - [helmmoni] Desired StatefulSet (2 replicas) for status STARTING (READY)
2025-01-30 18:34:22,989 INFO c.h.h.t.HelmChartContainer - [hivemq-test-hivemq-platform] [hivemq-platform-operator] [8d76f7f3] 18:34:22.987 [ReconcilerExecutor-hivemq-controller-121] INFO  c.h.p.o.HiveMQPlatformReconciler - [helmmoni] Reconciling HiveMQ Platform 'test-hivemq-platform' in namespace 'helmmonitoringplatformit'
2025-01-30 18:34:22,989 INFO c.h.h.t.HelmChartContainer - [hivemq-test-hivemq-platform] [hivemq-platform-operator] [8d76f7f3] 18:34:22.987 [ReconcilerExecutor-hivemq-controller-121] DEBUG c.h.p.o.HiveMQPlatformReconciler - [helmmoni] Custom Resource Status STARTING - HiveMQ Platform is starting (READY)
2025-01-30 18:34:22,989 INFO c.h.h.t.HelmChartContainer - [hivemq-test-hivemq-platform] [hivemq-platform-operator] [8d76f7f3] 18:34:22.987 [ReconcilerExecutor-hivemq-controller-121] DEBUG c.h.p.o.HiveMQPlatformReconciler - [helmmoni] Custom Resource Spec (replicas: 2) (extensions: 1)
2025-01-30 18:34:22,996 INFO c.h.h.t.HelmChartContainer - [hivemq-test-hivemq-platform] [hivemq-platform-operator] [8d76f7f3] 18:34:22.992 [ReconcilerExecutor-hivemq-controller-121] DEBUG c.h.p.o.HiveMQPlatformReconciler - [helmmoni] StatefulSet Status (revision: test-hivemq-platform-64db946475, replicas: 2, available: 1, ready: 1, current: 2, updated: 2)
2025-01-30 18:34:22,996 INFO c.h.h.t.HelmChartContainer - [hivemq-test-hivemq-platform] [hivemq-platform-operator] [8d76f7f3] 18:34:22.992 [ReconcilerExecutor-hivemq-controller-121] DEBUG c.h.p.o.HiveMQPlatformReconciler - [helmmoni] StatefulSet Spec (replicas: 2, init containers: 1, containers: 1, volumes: 3)
2025-01-30 18:34:22,996 INFO c.h.h.t.HelmChartContainer - [hivemq-test-hivemq-platform] [hivemq-platform-operator] [8d76f7f3] 18:34:22.993 [ReconcilerExecutor-hivemq-controller-121] DEBUG c.h.p.o.h.HiveMQPlatformReconcilerErrorHandler - [helmmoni] Pod 'test-hivemq-platform-1' phase Running
2025-01-30 18:34:23,006 INFO c.h.h.t.HelmChartContainer - [hivemq-test-hivemq-platform] [hivemq-platform-operator] [8d76f7f3] 18:34:23.003 [ReconcilerExecutor-hivemq-controller-121] DEBUG c.h.p.o.h.HiveMQPlatformReconcilerErrorHandler - [helmmoni] Pod 'test-hivemq-platform-0' phase Running
2025-01-30 18:34:23,006 INFO c.h.h.t.HelmChartContainer - [hivemq-test-hivemq-platform] [hivemq-platform-operator] [8d76f7f3] 18:34:23.004 [ReconcilerExecutor-hivemq-controller-121] INFO  c.h.p.o.h.HiveMQPlatformReconcilerBaseHandler - [helmmoni] HiveMQ Platform is starting, 1 of 2 replicas are ready
2025-01-30 18:34:23,010 INFO c.h.h.t.HelmChartContainer - [hivemq-test-hivemq-platform] [hivemq-platform-operator] [8d76f7f3] 18:34:23.008 [pool-6-thread-31] DEBUG c.h.p.o.d.PlatformServiceResource - [helmmoni] Desired Platform services (3 services)
2025-01-30 18:34:23,011 INFO c.h.h.t.HelmChartContainer - [hivemq-test-hivemq-platform] [hivemq-platform-operator] [8d76f7f3] 18:34:23.009 [pool-6-thread-32] DEBUG c.h.p.o.dependants.PodInfoConfigMap - [helmmoni] Desired PodInfo ConfigMap (1 extensions) (1 enabled)
2025-01-30 18:34:23,013 INFO c.h.h.t.HelmChartContainer - [hivemq-test-hivemq-platform] [hivemq-platform-operator] [8d76f7f3] 18:34:23.009 [pool-6-thread-32] DEBUG c.h.p.o.dependants.PodInfoConfigMap - [helmmoni] Desired PodInfo ConfigMap (metrics port: 9399) (metrics path: /)
2025-01-30 18:34:23,013 INFO c.h.h.t.HelmChartContainer - [hivemq-test-hivemq-platform] [hivemq-platform-operator] [8d76f7f3] 18:34:23.009 [pool-6-thread-32] DEBUG c.h.p.o.dependants.PodInfoConfigMap - [helmmoni] Desired PodInfo ConfigMap (extension state hash: -1817474005)
2025-01-30 18:34:23,013 INFO c.h.h.t.HelmChartContainer - [hivemq-test-hivemq-platform] [hivemq-platform-operator] [8d76f7f3] 18:34:23.010 [pool-6-thread-32] DEBUG c.h.p.o.d.PodServiceAccountResource - [helmmoni] Desired PodServiceAccountResource (serviceAccountName: hivemq-platform-pod-test-hivemq-platform)
2025-01-30 18:34:23,016 INFO c.h.h.t.HelmChartContainer - [hivemq-test-hivemq-platform] [hivemq-platform-operator] [8d76f7f3] 18:34:23.015 [pool-6-thread-31] DEBUG c.h.p.o.d.StatefulSetResource - [helmmoni] Desired StatefulSet (2 replicas) for status STARTING (READY)
2025-01-30 18:34:23,086 INFO c.h.h.t.HelmChartContainer - [hivemq-test-hivemq-platform] [hivemq-platform-operator] [8d76f7f3] 18:34:23.085 [ReconcilerExecutor-hivemq-controller-122] INFO  c.h.p.o.HiveMQPlatformReconciler - [helmmoni] Reconciling HiveMQ Platform 'test-hivemq-platform' in namespace 'helmmonitoringplatformit'
2025-01-30 18:34:23,086 INFO c.h.h.t.HelmChartContainer - [hivemq-test-hivemq-platform] [hivemq-platform-operator] [8d76f7f3] 18:34:23.085 [ReconcilerExecutor-hivemq-controller-122] DEBUG c.h.p.o.HiveMQPlatformReconciler - [helmmoni] Custom Resource Status STARTING - HiveMQ Platform is starting (READY)
2025-01-30 18:34:23,086 INFO c.h.h.t.HelmChartContainer - [hivemq-test-hivemq-platform] [hivemq-platform-operator] [8d76f7f3] 18:34:23.085 [ReconcilerExecutor-hivemq-controller-122] DEBUG c.h.p.o.HiveMQPlatformReconciler - [helmmoni] Custom Resource Spec (replicas: 2) (extensions: 1)
2025-01-30 18:34:23,088 INFO c.h.h.t.HelmChartContainer - [hivemq-test-hivemq-platform] [hivemq-platform-operator] [8d76f7f3] 18:34:23.088 [ReconcilerExecutor-hivemq-controller-122] DEBUG c.h.p.o.HiveMQPlatformReconciler - [helmmoni] StatefulSet Status (revision: test-hivemq-platform-64db946475, replicas: 2, available: 2, ready: 2, current: 2, updated: 2)
2025-01-30 18:34:23,088 INFO c.h.h.t.HelmChartContainer - [hivemq-test-hivemq-platform] [hivemq-platform-operator] [8d76f7f3] 18:34:23.088 [ReconcilerExecutor-hivemq-controller-122] DEBUG c.h.p.o.HiveMQPlatformReconciler - [helmmoni] StatefulSet Spec (replicas: 2, init containers: 1, containers: 1, volumes: 3)
2025-01-30 18:34:23,100 INFO c.h.h.t.HelmChartContainer - [hivemq-test-hivemq-platform] [hivemq-platform-operator] [8d76f7f3] 18:34:23.099 [ReconcilerExecutor-hivemq-controller-122] DEBUG c.h.p.o.h.HiveMQPlatformReconcilerErrorHandler - [helmmoni] Pod 'test-hivemq-platform-1' phase Running
2025-01-30 18:34:23,101 INFO c.h.h.t.HelmChartContainer - [hivemq-test-hivemq-platform] [hivemq-platform-operator] [8d76f7f3] 18:34:23.100 [ReconcilerExecutor-hivemq-controller-122] DEBUG c.h.p.o.h.HiveMQPlatformReconcilerErrorHandler - [helmmoni] Pod 'test-hivemq-platform-0' phase Running
2025-01-30 18:34:23,102 INFO c.h.h.t.HelmChartContainer - [hivemq-test-hivemq-platform] [hivemq-platform-operator] [8d76f7f3] 18:34:23.101 [ReconcilerExecutor-hivemq-controller-122] INFO  c.h.p.o.h.HiveMQPlatformReconcilerBaseHandler - [helmmoni] HiveMQ Platform started successfully
2025-01-30 18:34:23,202 INFO c.h.h.t.HelmChartContainer - [hivemq-test-hivemq-platform] [hivemq-platform-operator] [8d76f7f3] 18:34:23.201 [ReconcilerExecutor-hivemq-controller-122] DEBUG c.h.p.operator.event.EventSender - [helmmoni] Creating K8s event hivemq-platform-ready: [Ready] HiveMQ Platform is ready
2025-01-30 18:34:23,205 INFO c.h.h.t.HelmChartContainer - [EVENT] Normal [Ready] HiveMQ Platform is ready [helmmonitoringplatformit:test-hivemq-platform]
2025-01-30 18:34:23,206 INFO c.h.h.t.HelmChartContainer - [hivemq-test-hivemq-platform] [hivemq-platform-operator] [8d76f7f3] 18:34:23.205 [ReconcilerExecutor-hivemq-controller-122] INFO  c.h.p.o.h.AbstractHiveMQReconcilerStateHandler - [helmmoni] Update HiveMQ Platform Status (STARTING [READY] -> RUNNING [READY]): HiveMQ Platform is ready
2025-01-30 18:34:23,213 DEBUG com.hivemq.helmcharts.util.K8sUtil - Comparing actual state 'RUNNING' and waiting for 'RUNNING'
Request method:	GET
Request URI:	http://localhost:44951/api/v1/query?query=com_hivemq_cluster_nodes_count
Proxy:			<none>
Request params:	query=com_hivemq_cluster_nodes_count
Query params:	<none>
Form params:	<none>
Path params:	<none>
Headers:		Accept=*/*
Cookies:		<none>
Multiparts:		<none>
Body:			<none>
HTTP/1.1 200 OK
Content-Encoding: gzip
Content-Type: application/json
Date: Thu, 30 Jan 2025 18:34:28 GMT
Content-Length: 251

{
    "status": "success",
    "data": {
        "resultType": "vector",
        "result": [
            {
                "metric": {
                    "__name__": "com_hivemq_cluster_nodes_count",
                    "container": "hivemq",
                    "endpoint": "metrics-9399",
                    "instance": "10.42.0.17:9399",
                    "job": "hivemq-test-hivemq-platform-metrics-9399",
                    "namespace": "helmmonitoringplatformit",
                    "pod": "test-hivemq-platform-0",
                    "service": "hivemq-test-hivemq-platform-metrics-9399"
                },
                "value": [
                    1738262068.816,
                    "1"
                ]
            }
        ]
    }
}
2025-01-30 18:34:33,222 INFO c.h.h.t.HelmChartContainer - [hivemq-test-hivemq-platform] [hivemq-platform-operator] [8d76f7f3] 18:34:33.217 [pool-6-thread-41] DEBUG c.h.p.o.d.PodServiceAccountResource - [helmmoni] Desired PodServiceAccountResource (serviceAccountName: hivemq-platform-pod-test-hivemq-platform)
2025-01-30 18:34:33,223 INFO c.h.h.t.HelmChartContainer - [hivemq-test-hivemq-platform] [hivemq-platform-operator] [8d76f7f3] 18:34:33.217 [pool-6-thread-43] DEBUG c.h.p.o.d.PlatformServiceResource - [helmmoni] Desired Platform services (3 services)
2025-01-30 18:34:33,223 INFO c.h.h.t.HelmChartContainer - [hivemq-test-hivemq-platform] [hivemq-platform-operator] [8d76f7f3] 18:34:33.218 [pool-6-thread-44] DEBUG c.h.p.o.dependants.PodInfoConfigMap - [helmmoni] Desired PodInfo ConfigMap (1 extensions) (1 enabled)
2025-01-30 18:34:33,223 INFO c.h.h.t.HelmChartContainer - [hivemq-test-hivemq-platform] [hivemq-platform-operator] [8d76f7f3] 18:34:33.218 [pool-6-thread-44] DEBUG c.h.p.o.dependants.PodInfoConfigMap - [helmmoni] Desired PodInfo ConfigMap (metrics port: 9399) (metrics path: /)
2025-01-30 18:34:33,223 INFO c.h.h.t.HelmChartContainer - [hivemq-test-hivemq-platform] [hivemq-platform-operator] [8d76f7f3] 18:34:33.218 [pool-6-thread-44] DEBUG c.h.p.o.dependants.PodInfoConfigMap - [helmmoni] Desired PodInfo ConfigMap (extension state hash: -1817474005)
2025-01-30 18:34:33,223 INFO c.h.h.t.HelmChartContainer - [hivemq-test-hivemq-platform] [hivemq-platform-operator] [8d76f7f3] 18:34:33.219 [pool-6-thread-44] DEBUG c.h.p.o.dependants.PodInfoConfigMap - [helmmoni] Update PodInfo ConfigMap
2025-01-30 18:34:33,229 INFO c.h.h.t.HelmChartContainer - [hivemq-test-hivemq-platform] [hivemq-platform-operator] [8d76f7f3] 18:34:33.228 [pool-6-thread-44] DEBUG c.h.p.o.d.StatefulSetResource - [helmmoni] Desired StatefulSet (2 replicas) for status RUNNING (READY)
2025-01-30 18:34:33,232 INFO c.h.h.t.HelmChartContainer - [hivemq-test-hivemq-platform] [hivemq-platform-operator] [8d76f7f3] 18:34:33.231 [ReconcilerExecutor-hivemq-controller-123] INFO  c.h.p.o.HiveMQPlatformReconciler - [helmmoni] Reconciling HiveMQ Platform 'test-hivemq-platform' in namespace 'helmmonitoringplatformit'
2025-01-30 18:34:33,233 INFO c.h.h.t.HelmChartContainer - [hivemq-test-hivemq-platform] [hivemq-platform-operator] [8d76f7f3] 18:34:33.231 [ReconcilerExecutor-hivemq-controller-123] DEBUG c.h.p.o.HiveMQPlatformReconciler - [helmmoni] Custom Resource Status RUNNING - HiveMQ Platform is ready (READY)
2025-01-30 18:34:33,233 INFO c.h.h.t.HelmChartContainer - [hivemq-test-hivemq-platform] [hivemq-platform-operator] [8d76f7f3] 18:34:33.231 [ReconcilerExecutor-hivemq-controller-123] DEBUG c.h.p.o.HiveMQPlatformReconciler - [helmmoni] Custom Resource Spec (replicas: 2) (extensions: 1)
2025-01-30 18:34:33,237 INFO c.h.h.t.HelmChartContainer - [hivemq-test-hivemq-platform] [hivemq-platform-operator] [8d76f7f3] 18:34:33.234 [ReconcilerExecutor-hivemq-controller-123] DEBUG c.h.p.o.HiveMQPlatformReconciler - [helmmoni] StatefulSet Status (revision: test-hivemq-platform-64db946475, replicas: 2, available: 2, ready: 2, current: 2, updated: 2)
2025-01-30 18:34:33,237 INFO c.h.h.t.HelmChartContainer - [hivemq-test-hivemq-platform] [hivemq-platform-operator] [8d76f7f3] 18:34:33.234 [ReconcilerExecutor-hivemq-controller-123] DEBUG c.h.p.o.HiveMQPlatformReconciler - [helmmoni] StatefulSet Spec (replicas: 2, init containers: 1, containers: 1, volumes: 3)
2025-01-30 18:34:33,238 INFO c.h.h.t.HelmChartContainer - [hivemq-test-hivemq-platform] [hivemq-platform-operator] [8d76f7f3] 18:34:33.235 [ReconcilerExecutor-hivemq-controller-123] DEBUG c.h.p.o.h.HiveMQPlatformReconcilerErrorHandler - [helmmoni] Pod 'test-hivemq-platform-1' phase Running
2025-01-30 18:34:33,239 INFO c.h.h.t.HelmChartContainer - [hivemq-test-hivemq-platform] [hivemq-platform-operator] [8d76f7f3] 18:34:33.237 [ReconcilerExecutor-hivemq-controller-123] DEBUG c.h.p.o.h.HiveMQPlatformReconcilerErrorHandler - [helmmoni] Pod 'test-hivemq-platform-0' phase Running
Request method:	GET
Request URI:	http://localhost:45065/api/v1/query?query=com_hivemq_cluster_nodes_count
Proxy:			<none>
Request params:	query=com_hivemq_cluster_nodes_count
Query params:	<none>
Form params:	<none>
Path params:	<none>
Headers:		Accept=*/*
Cookies:		<none>
Multiparts:		<none>
Body:			<none>
HTTP/1.1 200 OK
Content-Encoding: gzip
Content-Type: application/json
Date: Thu, 30 Jan 2025 18:34:34 GMT
Content-Length: 267

{
    "status": "success",
    "data": {
        "resultType": "vector",
        "result": [
            {
                "metric": {
                    "__name__": "com_hivemq_cluster_nodes_count",
                    "container": "hivemq",
                    "endpoint": "metrics-9399",
                    "instance": "10.42.0.17:9399",
                    "job": "hivemq-test-hivemq-platform-metrics-9399",
                    "namespace": "helmmonitoringplatformit",
                    "pod": "test-hivemq-platform-0",
                    "service": "hivemq-test-hivemq-platform-metrics-9399"
                },
                "value": [
                    1738262074.004,
                    "1"
                ]
            },
            {
                "metric": {
                    "__name__": "com_hivemq_cluster_nodes_count",
                    "container": "hivemq",
                    "endpoint": "metrics-9399",
                    "instance": "10.42.0.18:9399",
                    "job": "hivemq-test-hivemq-platform-metrics-9399",
                    "namespace": "helmmonitoringplatformit",
                    "pod": "test-hivemq-platform-1",
                    "service": "hivemq-test-hivemq-platform-metrics-9399"
                },
                "value": [
                    1738262074.004,
                    "2"
                ]
            }
        ]
    }
}
Request method:	GET
Request URI:	http://localhost:37179/api/v1/query?query=com_hivemq_cluster_nodes_count
Proxy:			<none>
Request params:	query=com_hivemq_cluster_nodes_count
Query params:	<none>
Form params:	<none>
Path params:	<none>
Headers:		Accept=*/*
Cookies:		<none>
Multiparts:		<none>
Body:			<none>
HTTP/1.1 200 OK
Content-Encoding: gzip
Content-Type: application/json
Date: Thu, 30 Jan 2025 18:34:39 GMT
Content-Length: 264

{
    "status": "success",
    "data": {
        "resultType": "vector",
        "result": [
            {
                "metric": {
                    "__name__": "com_hivemq_cluster_nodes_count",
                    "container": "hivemq",
                    "endpoint": "metrics-9399",
                    "instance": "10.42.0.17:9399",
                    "job": "hivemq-test-hivemq-platform-metrics-9399",
                    "namespace": "helmmonitoringplatformit",
                    "pod": "test-hivemq-platform-0",
                    "service": "hivemq-test-hivemq-platform-metrics-9399"
                },
                "value": [
                    1738262079.088,
                    "2"
                ]
            },
            {
                "metric": {
                    "__name__": "com_hivemq_cluster_nodes_count",
                    "container": "hivemq",
                    "endpoint": "metrics-9399",
                    "instance": "10.42.0.18:9399",
                    "job": "hivemq-test-hivemq-platform-metrics-9399",
                    "namespace": "helmmonitoringplatformit",
                    "pod": "test-hivemq-platform-1",
                    "service": "hivemq-test-hivemq-platform-metrics-9399"
                },
                "value": [
                    1738262079.088,
                    "2"
                ]
            }
        ]
    }
}
2025-01-30 18:34:40,396 INFO c.h.h.t.HelmChartContainer - [test-hivemq-platform] [hivemq] [86c12914] INFO  - [HiveMQ Platform Operator Init App 1.7.0-SNAPSHOT] Returning Health API response 200 for liveness
2025-01-30 18:34:43,244 INFO c.h.h.t.HelmChartContainer - [hivemq-test-hivemq-platform] [hivemq-platform-operator] [8d76f7f3] 18:34:43.240 [pool-6-thread-8] DEBUG c.h.p.o.d.PlatformServiceResource - [helmmoni] Desired Platform services (3 services)
2025-01-30 18:34:43,244 INFO c.h.h.t.HelmChartContainer - [hivemq-test-hivemq-platform] [hivemq-platform-operator] [8d76f7f3] 18:34:43.241 [pool-6-thread-10] DEBUG c.h.p.o.dependants.PodInfoConfigMap - [helmmoni] Desired PodInfo ConfigMap (1 extensions) (1 enabled)
2025-01-30 18:34:43,245 INFO c.h.h.t.HelmChartContainer - [hivemq-test-hivemq-platform] [hivemq-platform-operator] [8d76f7f3] 18:34:43.241 [pool-6-thread-10] DEBUG c.h.p.o.dependants.PodInfoConfigMap - [helmmoni] Desired PodInfo ConfigMap (metrics port: 9399) (metrics path: /)
2025-01-30 18:34:43,245 INFO c.h.h.t.HelmChartContainer - [hivemq-test-hivemq-platform] [hivemq-platform-operator] [8d76f7f3] 18:34:43.241 [pool-6-thread-10] DEBUG c.h.p.o.dependants.PodInfoConfigMap - [helmmoni] Desired PodInfo ConfigMap (extension state hash: -1817474005)
2025-01-30 18:34:43,245 INFO c.h.h.t.HelmChartContainer - [hivemq-test-hivemq-platform] [hivemq-platform-operator] [8d76f7f3] 18:34:43.242 [pool-6-thread-10] DEBUG c.h.p.o.d.PodServiceAccountResource - [helmmoni] Desired PodServiceAccountResource (serviceAccountName: hivemq-platform-pod-test-hivemq-platform)
2025-01-30 18:34:43,247 INFO c.h.h.t.HelmChartContainer - [hivemq-test-hivemq-platform] [hivemq-platform-operator] [8d76f7f3] 18:34:43.245 [pool-6-thread-6] DEBUG c.h.p.o.d.StatefulSetResource - [helmmoni] Desired StatefulSet (2 replicas) for status RUNNING (READY)
2025-01-30 18:34:43,250 INFO c.h.h.t.HelmChartContainer - [hivemq-test-hivemq-platform] [hivemq-platform-operator] [8d76f7f3] 18:34:43.249 [ReconcilerExecutor-hivemq-controller-124] INFO  c.h.p.o.HiveMQPlatformReconciler - [helmmoni] Reconciling HiveMQ Platform 'test-hivemq-platform' in namespace 'helmmonitoringplatformit'
2025-01-30 18:34:43,250 INFO c.h.h.t.HelmChartContainer - [hivemq-test-hivemq-platform] [hivemq-platform-operator] [8d76f7f3] 18:34:43.249 [ReconcilerExecutor-hivemq-controller-124] DEBUG c.h.p.o.HiveMQPlatformReconciler - [helmmoni] Custom Resource Status RUNNING - HiveMQ Platform is ready (READY)
2025-01-30 18:34:43,250 INFO c.h.h.t.HelmChartContainer - [hivemq-test-hivemq-platform] [hivemq-platform-operator] [8d76f7f3] 18:34:43.249 [ReconcilerExecutor-hivemq-controller-124] DEBUG c.h.p.o.HiveMQPlatformReconciler - [helmmoni] Custom Resource Spec (replicas: 2) (extensions: 1)
2025-01-30 18:34:43,252 INFO c.h.h.t.HelmChartContainer - [hivemq-test-hivemq-platform] [hivemq-platform-operator] [8d76f7f3] 18:34:43.251 [ReconcilerExecutor-hivemq-controller-124] DEBUG c.h.p.o.HiveMQPlatformReconciler - [helmmoni] StatefulSet Status (revision: test-hivemq-platform-64db946475, replicas: 2, available: 2, ready: 2, current: 2, updated: 2)
2025-01-30 18:34:43,252 INFO c.h.h.t.HelmChartContainer - [hivemq-test-hivemq-platform] [hivemq-platform-operator] [8d76f7f3] 18:34:43.251 [ReconcilerExecutor-hivemq-controller-124] DEBUG c.h.p.o.HiveMQPlatformReconciler - [helmmoni] StatefulSet Spec (replicas: 2, init containers: 1, containers: 1, volumes: 3)
2025-01-30 18:34:43,253 INFO c.h.h.t.HelmChartContainer - [hivemq-test-hivemq-platform] [hivemq-platform-operator] [8d76f7f3] 18:34:43.252 [ReconcilerExecutor-hivemq-controller-124] DEBUG c.h.p.o.h.HiveMQPlatformReconcilerErrorHandler - [helmmoni] Pod 'test-hivemq-platform-1' phase Running
2025-01-30 18:34:43,254 INFO c.h.h.t.HelmChartContainer - [hivemq-test-hivemq-platform] [hivemq-platform-operator] [8d76f7f3] 18:34:43.254 [ReconcilerExecutor-hivemq-controller-124] DEBUG c.h.p.o.h.HiveMQPlatformReconcilerErrorHandler - [helmmoni] Pod 'test-hivemq-platform-0' phase Running
Request method:	GET
Request URI:	http://localhost:39551/api/search
Proxy:			<none>
Request params:	<none>
Query params:	<none>
Form params:	<none>
Path params:	<none>
Headers:		Authorization=Basic YWRtaW46cHJvbS1vcGVyYXRvcg==
				Accept=*/*
Cookies:		<none>
Multiparts:		<none>
Body:			<none>
HTTP/1.1 200 OK
Cache-Control: no-store
Content-Type: application/json
X-Content-Type-Options: nosniff
X-Frame-Options: deny
X-Xss-Protection: 1; mode=block
Date: Thu, 30 Jan 2025 18:34:44 GMT
Transfer-Encoding: chunked

[
    {
        "id": 1,
        "uid": "alertmanager-overview",
        "title": "Alertmanager / Overview",
        "uri": "db/alertmanager-overview",
        "url": "/d/alertmanager-overview/alertmanager-overview",
        "slug": "",
        "type": "dash-db",
        "tags": [
            "alertmanager-mixin"
        ],
        "isStarred": false,
        "sortMeta": 0,
        "isDeleted": false
    },
    {
        "id": 7,
        "uid": "vkQ0UHxik",
        "title": "CoreDNS",
        "uri": "db/coredns",
        "url": "/d/vkQ0UHxik/coredns",
        "slug": "",
        "type": "dash-db",
        "tags": [
            "coredns",
            "dns"
        ],
        "isStarred": false,
        "sortMeta": 0,
        "isDeleted": false
    },
    {
        "id": 5,
        "uid": "c2f4e12cdf69feb95caa41a5a1b423d9",
        "title": "etcd",
        "uri": "db/etcd",
        "url": "/d/c2f4e12cdf69feb95caa41a5a1b423d9/etcd",
        "slug": "",
        "type": "dash-db",
        "tags": [
            "etcd-mixin"
        ],
        "isStarred": false,
        "sortMeta": 0,
        "isDeleted": false
    },
    {
        "id": 6,
        "uid": "6be0s85Mk",
        "title": "Grafana Overview",
        "uri": "db/grafana-overview",
        "url": "/d/6be0s85Mk/grafana-overview",
        "slug": "",
        "type": "dash-db",
        "tags": [
            
        ],
        "isStarred": false,
        "sortMeta": 0,
        "isDeleted": false
    },
    {
        "id": 29,
        "uid": "eebksksw94c8wf",
        "title": "HiveMQ Platform (Prometheus)",
        "uri": "db/hivemq-platform-prometheus",
        "url": "/d/eebksksw94c8wf/hivemq-platform-prometheus",
        "slug": "",
        "type": "dash-db",
        "tags": [
            
        ],
        "isStarred": false,
        "sortMeta": 0,
        "isDeleted": false
    },
    {
        "id": 2,
        "uid": "09ec8aa1e996d6ffcd6817bbaff4db1b",
        "title": "Kubernetes / API server",
        "uri": "db/kubernetes-api-server",
        "url": "/d/09ec8aa1e996d6ffcd6817bbaff4db1b/kubernetes-api-server",
        "slug": "",
        "type": "dash-db",
        "tags": [
            "kubernetes-mixin"
        ],
        "isStarred": false,
        "sortMeta": 0,
        "isDeleted": false
    },
    {
        "id": 9,
        "uid": "b59e6c9f2fcbe2e16d77fc492374cc4f",
        "title": "Kubernetes / Compute Resources /  Multi-Cluster",
        "uri": "db/kubernetes-compute-resources-multi-cluster",
        "url": "/d/b59e6c9f2fcbe2e16d77fc492374cc4f/kubernetes-compute-resources-multi-cluster",
        "slug": "",
        "type": "dash-db",
        "tags": [
            "kubernetes-mixin"
        ],
        "isStarred": false,
        "sortMeta": 0,
        "isDeleted": false
    },
    {
        "id": 8,
        "uid": "efa86fd1d0c121a26444b636a3f509a8",
        "title": "Kubernetes / Compute Resources / Cluster",
        "uri": "db/kubernetes-compute-resources-cluster",
        "url": "/d/efa86fd1d0c121a26444b636a3f509a8/kubernetes-compute-resources-cluster",
        "slug": "",
        "type": "dash-db",
        "tags": [
            "kubernetes-mixin"
        ],
        "isStarred": false,
        "sortMeta": 0,
        "isDeleted": false
    },
    {
        "id": 10,
        "uid": "85a562078cdf77779eaa1add43ccec1e",
        "title": "Kubernetes / Compute Resources / Namespace (Pods)",
        "uri": "db/kubernetes-compute-resources-namespace-pods",
        "url": "/d/85a562078cdf77779eaa1add43ccec1e/kubernetes-compute-resources-namespace-pods",
        "slug": "",
        "type": "dash-db",
        "tags": [
            "kubernetes-mixin"
        ],
        "isStarred": false,
        "sortMeta": 0,
        "isDeleted": false
    },
    {
        "id": 14,
        "uid": "a87fb0d919ec0ea5f6543124e16c42a5",
        "title": "Kubernetes / Compute Resources / Namespace (Workloads)",
        "uri": "db/kubernetes-compute-resources-namespace-workloads",
        "url": "/d/a87fb0d919ec0ea5f6543124e16c42a5/kubernetes-compute-resources-namespace-workloads",
        "slug": "",
        "type": "dash-db",
        "tags": [
            "kubernetes-mixin"
        ],
        "isStarred": false,
        "sortMeta": 0,
        "isDeleted": false
    },
    {
        "id": 11,
        "uid": "200ac8fdbfbb74b39aff88118e4d1c2c",
        "title": "Kubernetes / Compute Resources / Node (Pods)",
        "uri": "db/kubernetes-compute-resources-node-pods",
        "url": "/d/200ac8fdbfbb74b39aff88118e4d1c2c/kubernetes-compute-resources-node-pods",
        "slug": "",
        "type": "dash-db",
        "tags": [
            "kubernetes-mixin"
        ],
        "isStarred": false,
        "sortMeta": 0,
        "isDeleted": false
    },
    {
        "id": 12,
        "uid": "6581e46e4e5c7ba40a07646395ef7b23",
        "title": "Kubernetes / Compute Resources / Pod",
        "uri": "db/kubernetes-compute-resources-pod",
        "url": "/d/6581e46e4e5c7ba40a07646395ef7b23/kubernetes-compute-resources-pod",
        "slug": "",
        "type": "dash-db",
        "tags": [
            "kubernetes-mixin"
        ],
        "isStarred": false,
        "sortMeta": 0,
        "isDeleted": false
    },
    {
        "id": 13,
        "uid": "a164a7f0339f99e89cea5cb47e9be617",
        "title": "Kubernetes / Compute Resources / Workload",
        "uri": "db/kubernetes-compute-resources-workload",
        "url": "/d/a164a7f0339f99e89cea5cb47e9be617/kubernetes-compute-resources-workload",
        "slug": "",
        "type": "dash-db",
        "tags": [
            "kubernetes-mixin"
        ],
        "isStarred": false,
        "sortMeta": 0,
        "isDeleted": false
    },
    {
        "id": 4,
        "uid": "72e0e05bef5099e5f049b05fdc429ed4",
        "title": "Kubernetes / Controller Manager",
        "uri": "db/kubernetes-controller-manager",
        "url": "/d/72e0e05bef5099e5f049b05fdc429ed4/kubernetes-controller-manager",
        "slug": "",
        "type": "dash-db",
        "tags": [
            "kubernetes-mixin"
        ],
        "isStarred": false,
        "sortMeta": 0,
        "isDeleted": false
    },
    {
        "id": 15,
        "uid": "3138fa155d5915769fbded898ac09fd9",
        "title": "Kubernetes / Kubelet",
        "uri": "db/kubernetes-kubelet",
        "url": "/d/3138fa155d5915769fbded898ac09fd9/kubernetes-kubelet",
        "slug": "",
        "type": "dash-db",
        "tags": [
            "kubernetes-mixin"
        ],
        "isStarred": false,
        "sortMeta": 0,
        "isDeleted": false
    },
    {
        "id": 3,
        "uid": "ff635a025bcfea7bc3dd4f508990a3e9",
        "title": "Kubernetes / Networking / Cluster",
        "uri": "db/kubernetes-networking-cluster",
        "url": "/d/ff635a025bcfea7bc3dd4f508990a3e9/kubernetes-networking-cluster",
        "slug": "",
        "type": "dash-db",
        "tags": [
            "kubernetes-mixin"
        ],
        "isStarred": false,
        "sortMeta": 0,
        "isDeleted": false
    },
    {
        "id": 16,
        "uid": "8b7a8b326d7a6f1f04244066368c67af",
        "title": "Kubernetes / Networking / Namespace (Pods)",
        "uri": "db/kubernetes-networking-namespace-pods",
        "url": "/d/8b7a8b326d7a6f1f04244066368c67af/kubernetes-networking-namespace-pods",
        "slug": "",
        "type": "dash-db",
        "tags": [
            "kubernetes-mixin"
        ],
        "isStarred": false,
        "sortMeta": 0,
        "isDeleted": false
    },
    {
        "id": 17,
        "uid": "bbb2a765a623ae38130206c7d94a160f",
        "title": "Kubernetes / Networking / Namespace (Workload)",
        "uri": "db/kubernetes-networking-namespace-workload",
        "url": "/d/bbb2a765a623ae38130206c7d94a160f/kubernetes-networking-namespace-workload",
        "slug": "",
        "type": "dash-db",
        "tags": [
            "kubernetes-mixin"
        ],
        "isStarred": false,
        "sortMeta": 0,
        "isDeleted": false
    },
    {
        "id": 24,
        "uid": "7a18067ce943a40ae25454675c19ff5c",
        "title": "Kubernetes / Networking / Pod",
        "uri": "db/kubernetes-networking-pod",
        "url": "/d/7a18067ce943a40ae25454675c19ff5c/kubernetes-networking-pod",
        "slug": "",
        "type": "dash-db",
        "tags": [
            "kubernetes-mixin"
        ],
        "isStarred": false,
        "sortMeta": 0,
        "isDeleted": false
    },
    {
        "id": 28,
        "uid": "728bf77cc1166d2f3133bf25846876cc",
        "title": "Kubernetes / Networking / Workload",
        "uri": "db/kubernetes-networking-workload",
        "url": "/d/728bf77cc1166d2f3133bf25846876cc/kubernetes-networking-workload",
        "slug": "",
        "type": "dash-db",
        "tags": [
            "kubernetes-mixin"
        ],
        "isStarred": false,
        "sortMeta": 0,
        "isDeleted": false
    },
    {
        "id": 23,
        "uid": "919b92a8e8041bd567af9edab12c840c",
        "title": "Kubernetes / Persistent Volumes",
        "uri": "db/kubernetes-persistent-volumes",
        "url": "/d/919b92a8e8041bd567af9edab12c840c/kubernetes-persistent-volumes",
        "slug": "",
        "type": "dash-db",
        "tags": [
            "kubernetes-mixin"
        ],
        "isStarred": false,
        "sortMeta": 0,
        "isDeleted": false
    },
    {
        "id": 26,
        "uid": "632e265de029684c40b21cb76bca4f94",
        "title": "Kubernetes / Proxy",
        "uri": "db/kubernetes-proxy",
        "url": "/d/632e265de029684c40b21cb76bca4f94/kubernetes-proxy",
        "slug": "",
        "type": "dash-db",
        "tags": [
            "kubernetes-mixin"
        ],
        "isStarred": false,
        "sortMeta": 0,
        "isDeleted": false
    },
    {
        "id": 27,
        "uid": "2e6b6a3b4bddf1427b3a55aa1311c656",
        "title": "Kubernetes / Scheduler",
        "uri": "db/kubernetes-scheduler",
        "url": "/d/2e6b6a3b4bddf1427b3a55aa1311c656/kubernetes-scheduler",
        "slug": "",
        "type": "dash-db",
        "tags": [
            "kubernetes-mixin"
        ],
        "isStarred": false,
        "sortMeta": 0,
        "isDeleted": false
    },
    {
        "id": 21,
        "uid": "7e0a61e486f727d763fb1d86fdd629c2",
        "title": "Node Exporter / AIX",
        "uri": "db/node-exporter-aix",
        "url": "/d/7e0a61e486f727d763fb1d86fdd629c2/node-exporter-aix",
        "slug": "",
        "type": "dash-db",
        "tags": [
            "node-exporter-mixin"
        ],
        "isStarred": false,
        "sortMeta": 0,
        "isDeleted": false
    },
    {
        "id": 22,
        "uid": "629701ea43bf69291922ea45f4a87d37",
        "title": "Node Exporter / MacOS",
        "uri": "db/node-exporter-macos",
        "url": "/d/629701ea43bf69291922ea45f4a87d37/node-exporter-macos",
        "slug": "",
        "type": "dash-db",
        "tags": [
            "node-exporter-mixin"
        ],
        "isStarred": false,
        "sortMeta": 0,
        "isDeleted": false
    },
    {
        "id": 20,
        "uid": "7d57716318ee0dddbac5a7f451fb7753",
        "title": "Node Exporter / Nodes",
        "uri": "db/node-exporter-nodes",
        "url": "/d/7d57716318ee0dddbac5a7f451fb7753/node-exporter-nodes",
        "slug": "",
        "type": "dash-db",
        "tags": [
            "node-exporter-mixin"
        ],
        "isStarred": false,
        "sortMeta": 0,
        "isDeleted": false
    },
    {
        "id": 18,
        "uid": "3e97d1d02672cdd0861f4c97c64f89b2",
        "title": "Node Exporter / USE Method / Cluster",
        "uri": "db/node-exporter-use-method-cluster",
        "url": "/d/3e97d1d02672cdd0861f4c97c64f89b2/node-exporter-use-method-cluster",
        "slug": "",
        "type": "dash-db",
        "tags": [
            "node-exporter-mixin"
        ],
        "isStarred": false,
        "sortMeta": 0,
        "isDeleted": false
    },
    {
        "id": 19,
        "uid": "fac67cfbe174d3ef53eb473d73d9212f",
        "title": "Node Exporter / USE Method / Node",
        "uri": "db/node-exporter-use-method-node",
        "url": "/d/fac67cfbe174d3ef53eb473d73d9212f/node-exporter-use-method-node",
        "slug": "",
        "type": "dash-db",
        "tags": [
            "node-exporter-mixin"
        ],
        "isStarred": false,
        "sortMeta": 0,
        "isDeleted": false
    },
    {
        "id": 25,
        "uid": "aebksk2cqgmioa",
        "title": "Prometheus / Overview",
        "uri": "db/prometheus-overview",
        "url": "/d/aebksk2cqgmioa/prometheus-overview",
        "slug": "",
        "type": "dash-db",
        "tags": [
            "prometheus-mixin"
        ],
        "isStarred": false,
        "sortMeta": 0,
        "isDeleted": false
    }
]
2025-01-30 18:34:44,220 INFO c.h.h.t.HelmChartContainer - Uninstalling release 'monitoring-stack' in namespace 'monitoring'...
2025-01-30 18:34:44,220 DEBUG c.h.h.t.HelmChartContainer - Executing helm command: /bin/helm --kubeconfig /etc/rancher/k3s/k3s.yaml uninstall monitoring-stack  --wait --timeout 5m0s --cascade foreground --namespace monitoring
2025-01-30 18:34:45,280 INFO c.h.h.t.HelmChartContainer - [K3S] [replica_set.go:679] "Finished syncing" kind="ReplicaSet" key="monitoring/monitoring-stack-grafana-64c55fb967" duration="4.958171ms"
2025-01-30 18:34:45,280 INFO c.h.h.t.HelmChartContainer - [K3S] [replica_set.go:679] "Finished syncing" kind="ReplicaSet" key="monitoring/monitoring-stack-grafana-64c55fb967" duration="48.421µs"
2025-01-30 18:34:45,828 INFO c.h.h.t.HelmChartContainer - [K3S] [replica_set.go:679] "Finished syncing" kind="ReplicaSet" key="monitoring/monitoring-stack-kube-prom-operator-6998896c" duration="3.299643ms"
2025-01-30 18:34:45,828 INFO c.h.h.t.HelmChartContainer - [K3S] [replica_set.go:679] "Finished syncing" kind="ReplicaSet" key="monitoring/monitoring-stack-kube-prom-operator-6998896c" duration="36.448µs"
2025-01-30 18:34:45,877 INFO c.h.h.t.HelmChartContainer - [K3S] [replica_set.go:679] "Finished syncing" kind="ReplicaSet" key="monitoring/monitoring-stack-kube-state-metrics-5bf5c7b54d" duration="3.193555ms"
2025-01-30 18:34:45,878 INFO c.h.h.t.HelmChartContainer - [K3S] [replica_set.go:679] "Finished syncing" kind="ReplicaSet" key="monitoring/monitoring-stack-kube-state-metrics-5bf5c7b54d" duration="127.28µs"
2025-01-30 18:34:46,102 INFO c.h.h.t.HelmChartContainer - [POD] monitoring-stack-prometheus-node-exporter-9n5n5 [0b93e16c-eb98-403c-8f6c-46598633f1b1] in monitoring was MODIFIED
2025-01-30 18:34:46,105 INFO c.h.h.t.HelmChartContainer - [EVENT] Normal [Killing] Stopping container node-exporter [monitoring:monitoring-stack-prometheus-node-exporter-9n5n5]
2025-01-30 18:34:46,211 INFO c.h.h.t.HelmChartContainer - [POD] monitoring-stack-prometheus-node-exporter-9n5n5 [0b93e16c-eb98-403c-8f6c-46598633f1b1] in monitoring was MODIFIED
2025-01-30 18:34:46,291 INFO c.h.h.t.HelmChartContainer - [K3S] [reconciler_common.go:162] "operationExecutor.UnmountVolume started for volume \"proc\" (UniqueName: \"kubernetes.io/host-path/0b93e16c-eb98-403c-8f6c-46598633f1b1-proc\") pod \"0b93e16c-eb98-403c-8f6c-46598633f1b1\" (UID: \"0b93e16c-eb98-403c-8f6c-46598633f1b1\") "
2025-01-30 18:34:46,291 INFO c.h.h.t.HelmChartContainer - [K3S] [reconciler_common.go:162] "operationExecutor.UnmountVolume started for volume \"sys\" (UniqueName: \"kubernetes.io/host-path/0b93e16c-eb98-403c-8f6c-46598633f1b1-sys\") pod \"0b93e16c-eb98-403c-8f6c-46598633f1b1\" (UID: \"0b93e16c-eb98-403c-8f6c-46598633f1b1\") "
2025-01-30 18:34:46,391 INFO c.h.h.t.HelmChartContainer - [K3S] [reconciler_common.go:299] "Volume detached for volume \"sys\" (UniqueName: \"kubernetes.io/host-path/0b93e16c-eb98-403c-8f6c-46598633f1b1-sys\") on node \"1176ab4d886c\" DevicePath \"\""
2025-01-30 18:34:46,391 INFO c.h.h.t.HelmChartContainer - [K3S] [reconciler_common.go:299] "Volume detached for volume \"proc\" (UniqueName: \"kubernetes.io/host-path/0b93e16c-eb98-403c-8f6c-46598633f1b1-proc\") on node \"1176ab4d886c\" DevicePath \"\""
2025-01-30 18:34:46,954 INFO c.h.h.t.HelmChartContainer - [K3S] [scope.go:117] "RemoveContainer" containerID="e02d8bc3dbc51627d791f3cc47325f41dc5c39bfe24b243dbb6f5313fbc9713d"
2025-01-30 18:34:46,958 INFO c.h.h.t.HelmChartContainer - [K3S] [scope.go:117] "RemoveContainer" containerID="e02d8bc3dbc51627d791f3cc47325f41dc5c39bfe24b243dbb6f5313fbc9713d"
2025-01-30 18:34:46,966 INFO c.h.h.t.HelmChartContainer - [POD] monitoring-stack-prometheus-node-exporter-9n5n5 [0b93e16c-eb98-403c-8f6c-46598633f1b1] in monitoring was MODIFIED
2025-01-30 18:34:46,970 INFO c.h.h.t.HelmChartContainer - [POD] monitoring-stack-prometheus-node-exporter-9n5n5 [0b93e16c-eb98-403c-8f6c-46598633f1b1] in monitoring was DELETED
2025-01-30 18:34:48,178 INFO c.h.h.t.HelmChartContainer - [K3S] [kubelet_volumes.go:163] "Cleaned up orphaned pod volumes dir" podUID="0b93e16c-eb98-403c-8f6c-46598633f1b1" path="/var/lib/kubelet/pods/0b93e16c-eb98-403c-8f6c-46598633f1b1/volumes"
2025-01-30 18:34:53,260 INFO c.h.h.t.HelmChartContainer - [hivemq-test-hivemq-platform] [hivemq-platform-operator] [8d76f7f3] 18:34:53.257 [pool-6-thread-18] DEBUG c.h.p.o.d.PlatformServiceResource - [helmmoni] Desired Platform services (3 services)
2025-01-30 18:34:53,261 INFO c.h.h.t.HelmChartContainer - [hivemq-test-hivemq-platform] [hivemq-platform-operator] [8d76f7f3] 18:34:53.257 [pool-6-thread-14] DEBUG c.h.p.o.d.PodServiceAccountResource - [helmmoni] Desired PodServiceAccountResource (serviceAccountName: hivemq-platform-pod-test-hivemq-platform)
2025-01-30 18:34:53,261 INFO c.h.h.t.HelmChartContainer - [hivemq-test-hivemq-platform] [hivemq-platform-operator] [8d76f7f3] 18:34:53.257 [pool-6-thread-16] DEBUG c.h.p.o.dependants.PodInfoConfigMap - [helmmoni] Desired PodInfo ConfigMap (1 extensions) (1 enabled)
2025-01-30 18:34:53,261 INFO c.h.h.t.HelmChartContainer - [hivemq-test-hivemq-platform] [hivemq-platform-operator] [8d76f7f3] 18:34:53.258 [pool-6-thread-16] DEBUG c.h.p.o.dependants.PodInfoConfigMap - [helmmoni] Desired PodInfo ConfigMap (metrics port: 9399) (metrics path: /)
2025-01-30 18:34:53,261 INFO c.h.h.t.HelmChartContainer - [hivemq-test-hivemq-platform] [hivemq-platform-operator] [8d76f7f3] 18:34:53.259 [pool-6-thread-16] DEBUG c.h.p.o.dependants.PodInfoConfigMap - [helmmoni] Desired PodInfo ConfigMap (extension state hash: -1817474005)
2025-01-30 18:34:53,263 INFO c.h.h.t.HelmChartContainer - [hivemq-test-hivemq-platform] [hivemq-platform-operator] [8d76f7f3] 18:34:53.262 [pool-6-thread-12] DEBUG c.h.p.o.d.StatefulSetResource - [helmmoni] Desired StatefulSet (2 replicas) for status RUNNING (READY)
2025-01-30 18:34:53,266 INFO c.h.h.t.HelmChartContainer - [hivemq-test-hivemq-platform] [hivemq-platform-operator] [8d76f7f3] 18:34:53.265 [ReconcilerExecutor-hivemq-controller-126] INFO  c.h.p.o.HiveMQPlatformReconciler - [helmmoni] Reconciling HiveMQ Platform 'test-hivemq-platform' in namespace 'helmmonitoringplatformit'
2025-01-30 18:34:53,266 INFO c.h.h.t.HelmChartContainer - [hivemq-test-hivemq-platform] [hivemq-platform-operator] [8d76f7f3] 18:34:53.265 [ReconcilerExecutor-hivemq-controller-126] DEBUG c.h.p.o.HiveMQPlatformReconciler - [helmmoni] Custom Resource Status RUNNING - HiveMQ Platform is ready (READY)
2025-01-30 18:34:53,267 INFO c.h.h.t.HelmChartContainer - [hivemq-test-hivemq-platform] [hivemq-platform-operator] [8d76f7f3] 18:34:53.265 [ReconcilerExecutor-hivemq-controller-126] DEBUG c.h.p.o.HiveMQPlatformReconciler - [helmmoni] Custom Resource Spec (replicas: 2) (extensions: 1)
2025-01-30 18:34:53,267 INFO c.h.h.t.HelmChartContainer - [hivemq-test-hivemq-platform] [hivemq-platform-operator] [8d76f7f3] 18:34:53.266 [ReconcilerExecutor-hivemq-controller-126] DEBUG c.h.p.o.HiveMQPlatformReconciler - [helmmoni] StatefulSet Status (revision: test-hivemq-platform-64db946475, replicas: 2, available: 2, ready: 2, current: 2, updated: 2)
2025-01-30 18:34:53,267 INFO c.h.h.t.HelmChartContainer - [hivemq-test-hivemq-platform] [hivemq-platform-operator] [8d76f7f3] 18:34:53.266 [ReconcilerExecutor-hivemq-controller-126] DEBUG c.h.p.o.HiveMQPlatformReconciler - [helmmoni] StatefulSet Spec (replicas: 2, init containers: 1, containers: 1, volumes: 3)
2025-01-30 18:34:53,270 INFO c.h.h.t.HelmChartContainer - [hivemq-test-hivemq-platform] [hivemq-platform-operator] [8d76f7f3] 18:34:53.268 [ReconcilerExecutor-hivemq-controller-126] DEBUG c.h.p.o.h.HiveMQPlatformReconcilerErrorHandler - [helmmoni] Pod 'test-hivemq-platform-1' phase Running
2025-01-30 18:34:53,270 INFO c.h.h.t.HelmChartContainer - [hivemq-test-hivemq-platform] [hivemq-platform-operator] [8d76f7f3] 18:34:53.269 [ReconcilerExecutor-hivemq-controller-126] DEBUG c.h.p.o.h.HiveMQPlatformReconcilerErrorHandler - [helmmoni] Pod 'test-hivemq-platform-0' phase Running
2025-01-30 18:34:54,235 INFO c.h.h.t.HelmChartContainer - [K3S] [projected.go:263] Couldn't get secret monitoring/alertmanager-monitoring-stack-kube-prom-alertmanager-tls-assets-0: secret "alertmanager-monitoring-stack-kube-prom-alertmanager-tls-assets-0" not found
2025-01-30 18:34:54,236 INFO c.h.h.t.HelmChartContainer - [K3S] [projected.go:194] Error preparing data for projected volume tls-assets for pod monitoring/alertmanager-monitoring-stack-kube-prom-alertmanager-0: secret "alertmanager-monitoring-stack-kube-prom-alertmanager-tls-assets-0" not found
2025-01-30 18:34:54,236 INFO c.h.h.t.HelmChartContainer - [K3S] [secret.go:189] Couldn't get secret monitoring/alertmanager-monitoring-stack-kube-prom-alertmanager-generated: secret "alertmanager-monitoring-stack-kube-prom-alertmanager-generated" not found
2025-01-30 18:34:54,236 INFO c.h.h.t.HelmChartContainer - [K3S] [secret.go:189] Couldn't get secret monitoring/alertmanager-monitoring-stack-kube-prom-alertmanager-web-config: secret "alertmanager-monitoring-stack-kube-prom-alertmanager-web-config" not found
2025-01-30 18:34:54,236 INFO c.h.h.t.HelmChartContainer - [K3S] [nestedpendingoperations.go:348] Operation for "{volumeName:kubernetes.io/projected/cae88f23-97d1-4b4b-a614-14344d45a67e-tls-assets podName:cae88f23-97d1-4b4b-a614-14344d45a67e nodeName:}" failed. No retries permitted until 2025-01-30 18:34:54.735312258 +0000 UTC m=+422.163516070 (durationBeforeRetry 500ms). Error: MountVolume.SetUp failed for volume "tls-assets" (UniqueName: "kubernetes.io/projected/cae88f23-97d1-4b4b-a614-14344d45a67e-tls-assets") pod "alertmanager-monitoring-stack-kube-prom-alertmanager-0" (UID: "cae88f23-97d1-4b4b-a614-14344d45a67e") : secret "alertmanager-monitoring-stack-kube-prom-alertmanager-tls-assets-0" not found
2025-01-30 18:34:54,236 INFO c.h.h.t.HelmChartContainer - [K3S] [nestedpendingoperations.go:348] Operation for "{volumeName:kubernetes.io/secret/cae88f23-97d1-4b4b-a614-14344d45a67e-config-volume podName:cae88f23-97d1-4b4b-a614-14344d45a67e nodeName:}" failed. No retries permitted until 2025-01-30 18:34:54.735358416 +0000 UTC m=+422.163562230 (durationBeforeRetry 500ms). Error: MountVolume.SetUp failed for volume "config-volume" (UniqueName: "kubernetes.io/secret/cae88f23-97d1-4b4b-a614-14344d45a67e-config-volume") pod "alertmanager-monitoring-stack-kube-prom-alertmanager-0" (UID: "cae88f23-97d1-4b4b-a614-14344d45a67e") : secret "alertmanager-monitoring-stack-kube-prom-alertmanager-generated" not found
2025-01-30 18:34:54,236 INFO c.h.h.t.HelmChartContainer - [K3S] [nestedpendingoperations.go:348] Operation for "{volumeName:kubernetes.io/secret/cae88f23-97d1-4b4b-a614-14344d45a67e-web-config podName:cae88f23-97d1-4b4b-a614-14344d45a67e nodeName:}" failed. No retries permitted until 2025-01-30 18:34:54.735401196 +0000 UTC m=+422.163605019 (durationBeforeRetry 500ms). Error: MountVolume.SetUp failed for volume "web-config" (UniqueName: "kubernetes.io/secret/cae88f23-97d1-4b4b-a614-14344d45a67e-web-config") pod "alertmanager-monitoring-stack-kube-prom-alertmanager-0" (UID: "cae88f23-97d1-4b4b-a614-14344d45a67e") : secret "alertmanager-monitoring-stack-kube-prom-alertmanager-web-config" not found
2025-01-30 18:34:54,239 INFO c.h.h.t.HelmChartContainer - [EVENT] Warning [FailedMount] MountVolume.SetUp failed for volume "tls-assets" : secret "alertmanager-monitoring-stack-kube-prom-alertmanager-tls-assets-0" not found [monitoring:alertmanager-monitoring-stack-kube-prom-alertmanager-0]
2025-01-30 18:34:54,241 INFO c.h.h.t.HelmChartContainer - [EVENT] Warning [FailedMount] MountVolume.SetUp failed for volume "config-volume" : secret "alertmanager-monitoring-stack-kube-prom-alertmanager-generated" not found [monitoring:alertmanager-monitoring-stack-kube-prom-alertmanager-0]
2025-01-30 18:34:54,243 INFO c.h.h.t.HelmChartContainer - [EVENT] Warning [FailedMount] MountVolume.SetUp failed for volume "web-config" : secret "alertmanager-monitoring-stack-kube-prom-alertmanager-web-config" not found [monitoring:alertmanager-monitoring-stack-kube-prom-alertmanager-0]
2025-01-30 18:34:54,738 INFO c.h.h.t.HelmChartContainer - [K3S] [projected.go:263] Couldn't get secret monitoring/alertmanager-monitoring-stack-kube-prom-alertmanager-tls-assets-0: secret "alertmanager-monitoring-stack-kube-prom-alertmanager-tls-assets-0" not found
2025-01-30 18:34:54,738 INFO c.h.h.t.HelmChartContainer - [K3S] [projected.go:194] Error preparing data for projected volume tls-assets for pod monitoring/alertmanager-monitoring-stack-kube-prom-alertmanager-0: secret "alertmanager-monitoring-stack-kube-prom-alertmanager-tls-assets-0" not found
2025-01-30 18:34:54,738 INFO c.h.h.t.HelmChartContainer - [K3S] [secret.go:189] Couldn't get secret monitoring/alertmanager-monitoring-stack-kube-prom-alertmanager-web-config: secret "alertmanager-monitoring-stack-kube-prom-alertmanager-web-config" not found
2025-01-30 18:34:54,738 INFO c.h.h.t.HelmChartContainer - [K3S] [nestedpendingoperations.go:348] Operation for "{volumeName:kubernetes.io/projected/cae88f23-97d1-4b4b-a614-14344d45a67e-tls-assets podName:cae88f23-97d1-4b4b-a614-14344d45a67e nodeName:}" failed. No retries permitted until 2025-01-30 18:34:55.737937817 +0000 UTC m=+423.166141620 (durationBeforeRetry 1s). Error: MountVolume.SetUp failed for volume "tls-assets" (UniqueName: "kubernetes.io/projected/cae88f23-97d1-4b4b-a614-14344d45a67e-tls-assets") pod "alertmanager-monitoring-stack-kube-prom-alertmanager-0" (UID: "cae88f23-97d1-4b4b-a614-14344d45a67e") : secret "alertmanager-monitoring-stack-kube-prom-alertmanager-tls-assets-0" not found
2025-01-30 18:34:54,738 INFO c.h.h.t.HelmChartContainer - [K3S] [secret.go:189] Couldn't get secret monitoring/alertmanager-monitoring-stack-kube-prom-alertmanager-generated: secret "alertmanager-monitoring-stack-kube-prom-alertmanager-generated" not found
2025-01-30 18:34:54,738 INFO c.h.h.t.HelmChartContainer - [K3S] [nestedpendingoperations.go:348] Operation for "{volumeName:kubernetes.io/secret/cae88f23-97d1-4b4b-a614-14344d45a67e-web-config podName:cae88f23-97d1-4b4b-a614-14344d45a67e nodeName:}" failed. No retries permitted until 2025-01-30 18:34:55.737958495 +0000 UTC m=+423.166162298 (durationBeforeRetry 1s). Error: MountVolume.SetUp failed for volume "web-config" (UniqueName: "kubernetes.io/secret/cae88f23-97d1-4b4b-a614-14344d45a67e-web-config") pod "alertmanager-monitoring-stack-kube-prom-alertmanager-0" (UID: "cae88f23-97d1-4b4b-a614-14344d45a67e") : secret "alertmanager-monitoring-stack-kube-prom-alertmanager-web-config" not found
2025-01-30 18:34:54,738 INFO c.h.h.t.HelmChartContainer - [K3S] [nestedpendingoperations.go:348] Operation for "{volumeName:kubernetes.io/secret/cae88f23-97d1-4b4b-a614-14344d45a67e-config-volume podName:cae88f23-97d1-4b4b-a614-14344d45a67e nodeName:}" failed. No retries permitted until 2025-01-30 18:34:55.737977281 +0000 UTC m=+423.166181093 (durationBeforeRetry 1s). Error: MountVolume.SetUp failed for volume "config-volume" (UniqueName: "kubernetes.io/secret/cae88f23-97d1-4b4b-a614-14344d45a67e-config-volume") pod "alertmanager-monitoring-stack-kube-prom-alertmanager-0" (UID: "cae88f23-97d1-4b4b-a614-14344d45a67e") : secret "alertmanager-monitoring-stack-kube-prom-alertmanager-generated" not found
2025-01-30 18:34:54,741 INFO c.h.h.t.HelmChartContainer - [EVENT] Warning [FailedMount] MountVolume.SetUp failed for volume "tls-assets" : secret "alertmanager-monitoring-stack-kube-prom-alertmanager-tls-assets-0" not found [monitoring:alertmanager-monitoring-stack-kube-prom-alertmanager-0]
2025-01-30 18:34:54,744 INFO c.h.h.t.HelmChartContainer - [EVENT] Warning [FailedMount] MountVolume.SetUp failed for volume "web-config" : secret "alertmanager-monitoring-stack-kube-prom-alertmanager-web-config" not found [monitoring:alertmanager-monitoring-stack-kube-prom-alertmanager-0]
2025-01-30 18:34:54,747 INFO c.h.h.t.HelmChartContainer - [EVENT] Warning [FailedMount] MountVolume.SetUp failed for volume "config-volume" : secret "alertmanager-monitoring-stack-kube-prom-alertmanager-generated" not found [monitoring:alertmanager-monitoring-stack-kube-prom-alertmanager-0]
2025-01-30 18:34:55,045 INFO c.h.h.t.HelmChartContainer - [K3S] [authentication.go:74] "Unable to authenticate the request" err="[invalid bearer token, serviceaccounts \"monitoring-stack-kube-prom-operator\" not found]"
2025-01-30 18:34:55,049 INFO c.h.h.t.HelmChartContainer - [K3S] [authentication.go:74] "Unable to authenticate the request" err="[invalid bearer token, serviceaccounts \"monitoring-stack-kube-prom-operator\" not found]"
2025-01-30 18:34:55,354 INFO c.h.h.t.HelmChartContainer - [POD] monitoring-stack-grafana-64c55fb967-gmfl8 [f4a3542b-c15b-45c6-9e95-802d35867d57] in monitoring was MODIFIED
2025-01-30 18:34:55,357 INFO c.h.h.t.HelmChartContainer - [EVENT] Normal [Killing] Stopping container grafana-sc-dashboard [monitoring:monitoring-stack-grafana-64c55fb967-gmfl8]
2025-01-30 18:34:55,363 INFO c.h.h.t.HelmChartContainer - [EVENT] Normal [Killing] Stopping container grafana [monitoring:monitoring-stack-grafana-64c55fb967-gmfl8]
2025-01-30 18:34:55,364 INFO c.h.h.t.HelmChartContainer - [K3S] [replica_set.go:679] "Finished syncing" kind="ReplicaSet" key="monitoring/monitoring-stack-grafana-64c55fb967" duration="13.604612ms"
2025-01-30 18:34:55,366 INFO c.h.h.t.HelmChartContainer - [K3S] [replica_set.go:679] "Finished syncing" kind="ReplicaSet" key="monitoring/monitoring-stack-grafana-64c55fb967" duration="48.621µs"
2025-01-30 18:34:55,366 INFO c.h.h.t.HelmChartContainer - [EVENT] Normal [Killing] Stopping container grafana-sc-datasources [monitoring:monitoring-stack-grafana-64c55fb967-gmfl8]
2025-01-30 18:34:55,632 INFO c.h.h.t.HelmChartContainer - [K3S] [replica_set.go:679] "Finished syncing" kind="ReplicaSet" key="monitoring/monitoring-stack-grafana-64c55fb967" duration="51.426µs"
2025-01-30 18:34:55,636 INFO c.h.h.t.HelmChartContainer - [POD] monitoring-stack-grafana-64c55fb967-gmfl8 [f4a3542b-c15b-45c6-9e95-802d35867d57] in monitoring was MODIFIED
2025-01-30 18:34:55,744 INFO c.h.h.t.HelmChartContainer - [K3S] [reconciler_common.go:162] "operationExecutor.UnmountVolume started for volume \"storage\" (UniqueName: \"kubernetes.io/empty-dir/f4a3542b-c15b-45c6-9e95-802d35867d57-storage\") pod \"f4a3542b-c15b-45c6-9e95-802d35867d57\" (UID: \"f4a3542b-c15b-45c6-9e95-802d35867d57\") "
2025-01-30 18:34:55,744 INFO c.h.h.t.HelmChartContainer - [K3S] [reconciler_common.go:162] "operationExecutor.UnmountVolume started for volume \"config\" (UniqueName: \"kubernetes.io/configmap/f4a3542b-c15b-45c6-9e95-802d35867d57-config\") pod \"f4a3542b-c15b-45c6-9e95-802d35867d57\" (UID: \"f4a3542b-c15b-45c6-9e95-802d35867d57\") "
2025-01-30 18:34:55,745 INFO c.h.h.t.HelmChartContainer - [K3S] [reconciler_common.go:162] "operationExecutor.UnmountVolume started for volume \"sc-dashboard-provider\" (UniqueName: \"kubernetes.io/configmap/f4a3542b-c15b-45c6-9e95-802d35867d57-sc-dashboard-provider\") pod \"f4a3542b-c15b-45c6-9e95-802d35867d57\" (UID: \"f4a3542b-c15b-45c6-9e95-802d35867d57\") "
2025-01-30 18:34:55,745 INFO c.h.h.t.HelmChartContainer - [K3S] [reconciler_common.go:162] "operationExecutor.UnmountVolume started for volume \"sc-dashboard-volume\" (UniqueName: \"kubernetes.io/empty-dir/f4a3542b-c15b-45c6-9e95-802d35867d57-sc-dashboard-volume\") pod \"f4a3542b-c15b-45c6-9e95-802d35867d57\" (UID: \"f4a3542b-c15b-45c6-9e95-802d35867d57\") "
2025-01-30 18:34:55,745 INFO c.h.h.t.HelmChartContainer - [K3S] [reconciler_common.go:162] "operationExecutor.UnmountVolume started for volume \"kube-api-access-hwpkn\" (UniqueName: \"kubernetes.io/projected/f4a3542b-c15b-45c6-9e95-802d35867d57-kube-api-access-hwpkn\") pod \"f4a3542b-c15b-45c6-9e95-802d35867d57\" (UID: \"f4a3542b-c15b-45c6-9e95-802d35867d57\") "
2025-01-30 18:34:55,745 INFO c.h.h.t.HelmChartContainer - [K3S] [reconciler_common.go:162] "operationExecutor.UnmountVolume started for volume \"sc-datasources-volume\" (UniqueName: \"kubernetes.io/empty-dir/f4a3542b-c15b-45c6-9e95-802d35867d57-sc-datasources-volume\") pod \"f4a3542b-c15b-45c6-9e95-802d35867d57\" (UID: \"f4a3542b-c15b-45c6-9e95-802d35867d57\") "
2025-01-30 18:34:55,745 INFO c.h.h.t.HelmChartContainer - [K3S] [projected.go:263] Couldn't get secret monitoring/alertmanager-monitoring-stack-kube-prom-alertmanager-tls-assets-0: secret "alertmanager-monitoring-stack-kube-prom-alertmanager-tls-assets-0" not found
2025-01-30 18:34:55,745 INFO c.h.h.t.HelmChartContainer - [K3S] [projected.go:194] Error preparing data for projected volume tls-assets for pod monitoring/alertmanager-monitoring-stack-kube-prom-alertmanager-0: secret "alertmanager-monitoring-stack-kube-prom-alertmanager-tls-assets-0" not found
2025-01-30 18:34:55,745 INFO c.h.h.t.HelmChartContainer - [K3S] [nestedpendingoperations.go:348] Operation for "{volumeName:kubernetes.io/projected/cae88f23-97d1-4b4b-a614-14344d45a67e-tls-assets podName:cae88f23-97d1-4b4b-a614-14344d45a67e nodeName:}" failed. No retries permitted until 2025-01-30 18:34:57.744494568 +0000 UTC m=+425.172698381 (durationBeforeRetry 2s). Error: MountVolume.SetUp failed for volume "tls-assets" (UniqueName: "kubernetes.io/projected/cae88f23-97d1-4b4b-a614-14344d45a67e-tls-assets") pod "alertmanager-monitoring-stack-kube-prom-alertmanager-0" (UID: "cae88f23-97d1-4b4b-a614-14344d45a67e") : secret "alertmanager-monitoring-stack-kube-prom-alertmanager-tls-assets-0" not found
2025-01-30 18:34:55,745 INFO c.h.h.t.HelmChartContainer - [K3S] [secret.go:189] Couldn't get secret monitoring/alertmanager-monitoring-stack-kube-prom-alertmanager-web-config: secret "alertmanager-monitoring-stack-kube-prom-alertmanager-web-config" not found
2025-01-30 18:34:55,746 INFO c.h.h.t.HelmChartContainer - [K3S] [nestedpendingoperations.go:348] Operation for "{volumeName:kubernetes.io/secret/cae88f23-97d1-4b4b-a614-14344d45a67e-web-config podName:cae88f23-97d1-4b4b-a614-14344d45a67e nodeName:}" failed. No retries permitted until 2025-01-30 18:34:57.745127619 +0000 UTC m=+425.173331432 (durationBeforeRetry 2s). Error: MountVolume.SetUp failed for volume "web-config" (UniqueName: "kubernetes.io/secret/cae88f23-97d1-4b4b-a614-14344d45a67e-web-config") pod "alertmanager-monitoring-stack-kube-prom-alertmanager-0" (UID: "cae88f23-97d1-4b4b-a614-14344d45a67e") : secret "alertmanager-monitoring-stack-kube-prom-alertmanager-web-config" not found
2025-01-30 18:34:55,746 INFO c.h.h.t.HelmChartContainer - [K3S] [secret.go:189] Couldn't get secret monitoring/alertmanager-monitoring-stack-kube-prom-alertmanager-generated: secret "alertmanager-monitoring-stack-kube-prom-alertmanager-generated" not found
2025-01-30 18:34:55,746 INFO c.h.h.t.HelmChartContainer - [K3S] [nestedpendingoperations.go:348] Operation for "{volumeName:kubernetes.io/secret/cae88f23-97d1-4b4b-a614-14344d45a67e-config-volume podName:cae88f23-97d1-4b4b-a614-14344d45a67e nodeName:}" failed. No retries permitted until 2025-01-30 18:34:57.745219991 +0000 UTC m=+425.173423805 (durationBeforeRetry 2s). Error: MountVolume.SetUp failed for volume "config-volume" (UniqueName: "kubernetes.io/secret/cae88f23-97d1-4b4b-a614-14344d45a67e-config-volume") pod "alertmanager-monitoring-stack-kube-prom-alertmanager-0" (UID: "cae88f23-97d1-4b4b-a614-14344d45a67e") : secret "alertmanager-monitoring-stack-kube-prom-alertmanager-generated" not found
2025-01-30 18:34:55,749 INFO c.h.h.t.HelmChartContainer - [EVENT] Warning [FailedMount] MountVolume.SetUp failed for volume "tls-assets" : secret "alertmanager-monitoring-stack-kube-prom-alertmanager-tls-assets-0" not found [monitoring:alertmanager-monitoring-stack-kube-prom-alertmanager-0]
2025-01-30 18:34:55,752 INFO c.h.h.t.HelmChartContainer - [EVENT] Warning [FailedMount] MountVolume.SetUp failed for volume "web-config" : secret "alertmanager-monitoring-stack-kube-prom-alertmanager-web-config" not found [monitoring:alertmanager-monitoring-stack-kube-prom-alertmanager-0]
2025-01-30 18:34:55,755 INFO c.h.h.t.HelmChartContainer - [EVENT] Warning [FailedMount] MountVolume.SetUp failed for volume "config-volume" : secret "alertmanager-monitoring-stack-kube-prom-alertmanager-generated" not found [monitoring:alertmanager-monitoring-stack-kube-prom-alertmanager-0]
2025-01-30 18:34:55,845 INFO c.h.h.t.HelmChartContainer - [K3S] [reconciler_common.go:299] "Volume detached for volume \"storage\" (UniqueName: \"kubernetes.io/empty-dir/f4a3542b-c15b-45c6-9e95-802d35867d57-storage\") on node \"1176ab4d886c\" DevicePath \"\""
2025-01-30 18:34:55,845 INFO c.h.h.t.HelmChartContainer - [K3S] [reconciler_common.go:299] "Volume detached for volume \"config\" (UniqueName: \"kubernetes.io/configmap/f4a3542b-c15b-45c6-9e95-802d35867d57-config\") on node \"1176ab4d886c\" DevicePath \"\""
2025-01-30 18:34:55,845 INFO c.h.h.t.HelmChartContainer - [K3S] [reconciler_common.go:299] "Volume detached for volume \"sc-dashboard-provider\" (UniqueName: \"kubernetes.io/configmap/f4a3542b-c15b-45c6-9e95-802d35867d57-sc-dashboard-provider\") on node \"1176ab4d886c\" DevicePath \"\""
2025-01-30 18:34:55,845 INFO c.h.h.t.HelmChartContainer - [K3S] [reconciler_common.go:299] "Volume detached for volume \"sc-dashboard-volume\" (UniqueName: \"kubernetes.io/empty-dir/f4a3542b-c15b-45c6-9e95-802d35867d57-sc-dashboard-volume\") on node \"1176ab4d886c\" DevicePath \"\""
2025-01-30 18:34:55,845 INFO c.h.h.t.HelmChartContainer - [K3S] [reconciler_common.go:299] "Volume detached for volume \"kube-api-access-hwpkn\" (UniqueName: \"kubernetes.io/projected/f4a3542b-c15b-45c6-9e95-802d35867d57-kube-api-access-hwpkn\") on node \"1176ab4d886c\" DevicePath \"\""
2025-01-30 18:34:55,845 INFO c.h.h.t.HelmChartContainer - [K3S] [reconciler_common.go:299] "Volume detached for volume \"sc-datasources-volume\" (UniqueName: \"kubernetes.io/empty-dir/f4a3542b-c15b-45c6-9e95-802d35867d57-sc-datasources-volume\") on node \"1176ab4d886c\" DevicePath \"\""
2025-01-30 18:34:55,879 INFO c.h.h.t.HelmChartContainer - [POD] monitoring-stack-kube-prom-operator-6998896c-4h4jd [5c08a30c-b3e8-43ea-8864-9a6976a78c46] in monitoring was MODIFIED
2025-01-30 18:34:55,880 INFO c.h.h.t.HelmChartContainer - [K3S] [replica_set.go:679] "Finished syncing" kind="ReplicaSet" key="monitoring/monitoring-stack-kube-prom-operator-6998896c" duration="5.527652ms"
2025-01-30 18:34:55,880 INFO c.h.h.t.HelmChartContainer - [K3S] [replica_set.go:679] "Finished syncing" kind="ReplicaSet" key="monitoring/monitoring-stack-kube-prom-operator-6998896c" duration="58.79µs"
2025-01-30 18:34:55,880 INFO c.h.h.t.HelmChartContainer - [EVENT] Normal [Killing] Stopping container kube-prometheus-stack [monitoring:monitoring-stack-kube-prom-operator-6998896c-4h4jd]
2025-01-30 18:34:55,928 INFO c.h.h.t.HelmChartContainer - [POD] monitoring-stack-kube-state-metrics-5bf5c7b54d-8pkt6 [c45260c2-2616-4b56-918e-f4fc963d7da7] in monitoring was MODIFIED
2025-01-30 18:34:55,935 INFO c.h.h.t.HelmChartContainer - [K3S] [replica_set.go:679] "Finished syncing" kind="ReplicaSet" key="monitoring/monitoring-stack-kube-state-metrics-5bf5c7b54d" duration="7.54788ms"
2025-01-30 18:34:55,935 INFO c.h.h.t.HelmChartContainer - [K3S] [replica_set.go:679] "Finished syncing" kind="ReplicaSet" key="monitoring/monitoring-stack-kube-state-metrics-5bf5c7b54d" duration="44.102µs"
2025-01-30 18:34:55,937 INFO c.h.h.t.HelmChartContainer - [EVENT] Normal [Killing] Stopping container kube-state-metrics [monitoring:monitoring-stack-kube-state-metrics-5bf5c7b54d-8pkt6]
2025-01-30 18:34:55,971 INFO c.h.h.t.HelmChartContainer - [K3S] [scope.go:117] "RemoveContainer" containerID="62c148df84e593584437d4112b727c8b9be48f971d5620e6d0e2fcb5cfe7d95d"
2025-01-30 18:34:55,980 INFO c.h.h.t.HelmChartContainer - [K3S] [scope.go:117] "RemoveContainer" containerID="0a3f9dae2f82e870aabf829b6533ec8cf4ec0de8a939de3d0bb2715b15ff4a4d"
2025-01-30 18:34:55,987 INFO c.h.h.t.HelmChartContainer - [K3S] [scope.go:117] "RemoveContainer" containerID="584c9336fbfb9787fb5efcc0c666fb573c8e8de604d9b1b8401667733c64da64"
2025-01-30 18:34:56,001 INFO c.h.h.t.HelmChartContainer - [K3S] [replica_set.go:679] "Finished syncing" kind="ReplicaSet" key="monitoring/monitoring-stack-grafana-64c55fb967" duration="63.839µs"
2025-01-30 18:34:56,001 INFO c.h.h.t.HelmChartContainer - [K3S] [replica_set.go:679] "Finished syncing" kind="ReplicaSet" key="monitoring/monitoring-stack-grafana-64c55fb967" duration="67.756µs"
2025-01-30 18:34:56,014 INFO c.h.h.t.HelmChartContainer - [POD] monitoring-stack-grafana-64c55fb967-gmfl8 [f4a3542b-c15b-45c6-9e95-802d35867d57] in monitoring was MODIFIED
2025-01-30 18:34:56,021 INFO c.h.h.t.HelmChartContainer - [POD] monitoring-stack-grafana-64c55fb967-gmfl8 [f4a3542b-c15b-45c6-9e95-802d35867d57] in monitoring was DELETED
2025-01-30 18:34:56,025 INFO c.h.h.t.HelmChartContainer - [K3S] [scope.go:117] "RemoveContainer" containerID="62c148df84e593584437d4112b727c8b9be48f971d5620e6d0e2fcb5cfe7d95d"
2025-01-30 18:34:56,029 INFO c.h.h.t.HelmChartContainer - [K3S] [scope.go:117] "RemoveContainer" containerID="0a3f9dae2f82e870aabf829b6533ec8cf4ec0de8a939de3d0bb2715b15ff4a4d"
2025-01-30 18:34:56,031 INFO c.h.h.t.HelmChartContainer - [K3S] [scope.go:117] "RemoveContainer" containerID="584c9336fbfb9787fb5efcc0c666fb573c8e8de604d9b1b8401667733c64da64"
2025-01-30 18:34:56,032 INFO c.h.h.t.HelmChartContainer - [K3S] [scope.go:117] "RemoveContainer" containerID="62c148df84e593584437d4112b727c8b9be48f971d5620e6d0e2fcb5cfe7d95d"
2025-01-30 18:34:56,033 INFO c.h.h.t.HelmChartContainer - [K3S] [scope.go:117] "RemoveContainer" containerID="0a3f9dae2f82e870aabf829b6533ec8cf4ec0de8a939de3d0bb2715b15ff4a4d"
2025-01-30 18:34:56,033 INFO c.h.h.t.HelmChartContainer - [K3S] [scope.go:117] "RemoveContainer" containerID="584c9336fbfb9787fb5efcc0c666fb573c8e8de604d9b1b8401667733c64da64"
2025-01-30 18:34:56,033 INFO c.h.h.t.HelmChartContainer - [K3S] [scope.go:117] "RemoveContainer" containerID="62c148df84e593584437d4112b727c8b9be48f971d5620e6d0e2fcb5cfe7d95d"
2025-01-30 18:34:56,034 INFO c.h.h.t.HelmChartContainer - [K3S] [scope.go:117] "RemoveContainer" containerID="0a3f9dae2f82e870aabf829b6533ec8cf4ec0de8a939de3d0bb2715b15ff4a4d"
2025-01-30 18:34:56,035 INFO c.h.h.t.HelmChartContainer - [K3S] [scope.go:117] "RemoveContainer" containerID="584c9336fbfb9787fb5efcc0c666fb573c8e8de604d9b1b8401667733c64da64"
2025-01-30 18:34:56,084 INFO c.h.h.t.HelmChartContainer - [K3S] [replica_set.go:679] "Finished syncing" kind="ReplicaSet" key="monitoring/monitoring-stack-kube-prom-operator-6998896c" duration="48.971µs"
2025-01-30 18:34:56,085 INFO c.h.h.t.HelmChartContainer - [POD] monitoring-stack-kube-prom-operator-6998896c-4h4jd [5c08a30c-b3e8-43ea-8864-9a6976a78c46] in monitoring was MODIFIED
2025-01-30 18:34:56,128 INFO c.h.h.t.HelmChartContainer - [K3S] [replica_set.go:679] "Finished syncing" kind="ReplicaSet" key="monitoring/monitoring-stack-kube-state-metrics-5bf5c7b54d" duration="46.116µs"
2025-01-30 18:34:56,131 INFO c.h.h.t.HelmChartContainer - [POD] monitoring-stack-kube-state-metrics-5bf5c7b54d-8pkt6 [c45260c2-2616-4b56-918e-f4fc963d7da7] in monitoring was MODIFIED
2025-01-30 18:34:56,149 INFO c.h.h.t.HelmChartContainer - [K3S] [reconciler_common.go:162] "operationExecutor.UnmountVolume started for volume \"kube-api-access-zgkzw\" (UniqueName: \"kubernetes.io/projected/5c08a30c-b3e8-43ea-8864-9a6976a78c46-kube-api-access-zgkzw\") pod \"5c08a30c-b3e8-43ea-8864-9a6976a78c46\" (UID: \"5c08a30c-b3e8-43ea-8864-9a6976a78c46\") "
2025-01-30 18:34:56,150 INFO c.h.h.t.HelmChartContainer - [K3S] [reconciler_common.go:162] "operationExecutor.UnmountVolume started for volume \"kube-api-access-xv4vz\" (UniqueName: \"kubernetes.io/projected/c45260c2-2616-4b56-918e-f4fc963d7da7-kube-api-access-xv4vz\") pod \"c45260c2-2616-4b56-918e-f4fc963d7da7\" (UID: \"c45260c2-2616-4b56-918e-f4fc963d7da7\") "
2025-01-30 18:34:56,150 INFO c.h.h.t.HelmChartContainer - [K3S] [reconciler_common.go:162] "operationExecutor.UnmountVolume started for volume \"tls-secret\" (UniqueName: \"kubernetes.io/secret/5c08a30c-b3e8-43ea-8864-9a6976a78c46-tls-secret\") pod \"5c08a30c-b3e8-43ea-8864-9a6976a78c46\" (UID: \"5c08a30c-b3e8-43ea-8864-9a6976a78c46\") "
2025-01-30 18:34:56,168 INFO c.h.h.t.HelmChartContainer - [K3S] [kubelet_volumes.go:163] "Cleaned up orphaned pod volumes dir" podUID="f4a3542b-c15b-45c6-9e95-802d35867d57" path="/var/lib/kubelet/pods/f4a3542b-c15b-45c6-9e95-802d35867d57/volumes"
2025-01-30 18:34:56,230 INFO c.h.h.t.HelmChartContainer - [POD] alertmanager-monitoring-stack-kube-prom-alertmanager-0 [cae88f23-97d1-4b4b-a614-14344d45a67e] in monitoring was MODIFIED
2025-01-30 18:34:56,230 INFO c.h.h.t.HelmChartContainer - [EVENT] Normal [Killing] Stopping container config-reloader [monitoring:alertmanager-monitoring-stack-kube-prom-alertmanager-0]
2025-01-30 18:34:56,234 INFO c.h.h.t.HelmChartContainer - [EVENT] Normal [Killing] Stopping container alertmanager [monitoring:alertmanager-monitoring-stack-kube-prom-alertmanager-0]
2025-01-30 18:34:56,250 INFO c.h.h.t.HelmChartContainer - [K3S] [reconciler_common.go:299] "Volume detached for volume \"kube-api-access-zgkzw\" (UniqueName: \"kubernetes.io/projected/5c08a30c-b3e8-43ea-8864-9a6976a78c46-kube-api-access-zgkzw\") on node \"1176ab4d886c\" DevicePath \"\""
2025-01-30 18:34:56,250 INFO c.h.h.t.HelmChartContainer - [K3S] [reconciler_common.go:299] "Volume detached for volume \"kube-api-access-xv4vz\" (UniqueName: \"kubernetes.io/projected/c45260c2-2616-4b56-918e-f4fc963d7da7-kube-api-access-xv4vz\") on node \"1176ab4d886c\" DevicePath \"\""
2025-01-30 18:34:56,250 INFO c.h.h.t.HelmChartContainer - [K3S] [reconciler_common.go:299] "Volume detached for volume \"tls-secret\" (UniqueName: \"kubernetes.io/secret/5c08a30c-b3e8-43ea-8864-9a6976a78c46-tls-secret\") on node \"1176ab4d886c\" DevicePath \"\""
2025-01-30 18:34:56,339 INFO c.h.h.t.HelmChartContainer - [K3S] [scope.go:117] "RemoveContainer" containerID="be783c6b89a9a76423bb0ac53d8dcb1c6108975e391da3ddd2c426a5c5ad278b"
2025-01-30 18:34:56,342 INFO c.h.h.t.HelmChartContainer - [K3S] [scope.go:117] "RemoveContainer" containerID="ff0d6d00b7e835fa8c656264a66dd84fc5234f46556e31ce35ee35cc57d3382e"
2025-01-30 18:34:56,375 INFO c.h.h.t.HelmChartContainer - [POD] alertmanager-monitoring-stack-kube-prom-alertmanager-0 [cae88f23-97d1-4b4b-a614-14344d45a67e] in monitoring was MODIFIED
2025-01-30 18:34:56,453 INFO c.h.h.t.HelmChartContainer - [K3S] [reconciler_common.go:162] "operationExecutor.UnmountVolume started for volume \"web-config\" (UniqueName: \"kubernetes.io/secret/cae88f23-97d1-4b4b-a614-14344d45a67e-web-config\") pod \"cae88f23-97d1-4b4b-a614-14344d45a67e\" (UID: \"cae88f23-97d1-4b4b-a614-14344d45a67e\") "
2025-01-30 18:34:56,454 INFO c.h.h.t.HelmChartContainer - [K3S] [reconciler_common.go:162] "operationExecutor.UnmountVolume started for volume \"config-out\" (UniqueName: \"kubernetes.io/empty-dir/cae88f23-97d1-4b4b-a614-14344d45a67e-config-out\") pod \"cae88f23-97d1-4b4b-a614-14344d45a67e\" (UID: \"cae88f23-97d1-4b4b-a614-14344d45a67e\") "
2025-01-30 18:34:56,454 INFO c.h.h.t.HelmChartContainer - [K3S] [reconciler_common.go:162] "operationExecutor.UnmountVolume started for volume \"alertmanager-monitoring-stack-kube-prom-alertmanager-db\" (UniqueName: \"kubernetes.io/empty-dir/cae88f23-97d1-4b4b-a614-14344d45a67e-alertmanager-monitoring-stack-kube-prom-alertmanager-db\") pod \"cae88f23-97d1-4b4b-a614-14344d45a67e\" (UID: \"cae88f23-97d1-4b4b-a614-14344d45a67e\") "
2025-01-30 18:34:56,454 INFO c.h.h.t.HelmChartContainer - [K3S] [reconciler_common.go:162] "operationExecutor.UnmountVolume started for volume \"kube-api-access-s24zw\" (UniqueName: \"kubernetes.io/projected/cae88f23-97d1-4b4b-a614-14344d45a67e-kube-api-access-s24zw\") pod \"cae88f23-97d1-4b4b-a614-14344d45a67e\" (UID: \"cae88f23-97d1-4b4b-a614-14344d45a67e\") "
2025-01-30 18:34:56,455 INFO c.h.h.t.HelmChartContainer - [K3S] [reconciler_common.go:162] "operationExecutor.UnmountVolume started for volume \"config-volume\" (UniqueName: \"kubernetes.io/secret/cae88f23-97d1-4b4b-a614-14344d45a67e-config-volume\") pod \"cae88f23-97d1-4b4b-a614-14344d45a67e\" (UID: \"cae88f23-97d1-4b4b-a614-14344d45a67e\") "
2025-01-30 18:34:56,455 INFO c.h.h.t.HelmChartContainer - [K3S] [reconciler_common.go:162] "operationExecutor.UnmountVolume started for volume \"tls-assets\" (UniqueName: \"kubernetes.io/projected/cae88f23-97d1-4b4b-a614-14344d45a67e-tls-assets\") pod \"cae88f23-97d1-4b4b-a614-14344d45a67e\" (UID: \"cae88f23-97d1-4b4b-a614-14344d45a67e\") "
2025-01-30 18:34:56,552 INFO c.h.h.t.HelmChartContainer - [POD] prometheus-monitoring-stack-kube-prom-prometheus-0 [7aee2582-eea0-45f3-8a83-b6462d1ee9bd] in monitoring was MODIFIED
2025-01-30 18:34:56,553 INFO c.h.h.t.HelmChartContainer - [K3S] [reconciler_common.go:299] "Volume detached for volume \"kube-api-access-s24zw\" (UniqueName: \"kubernetes.io/projected/cae88f23-97d1-4b4b-a614-14344d45a67e-kube-api-access-s24zw\") on node \"1176ab4d886c\" DevicePath \"\""
2025-01-30 18:34:56,553 INFO c.h.h.t.HelmChartContainer - [K3S] [reconciler_common.go:299] "Volume detached for volume \"config-volume\" (UniqueName: \"kubernetes.io/secret/cae88f23-97d1-4b4b-a614-14344d45a67e-config-volume\") on node \"1176ab4d886c\" DevicePath \"\""
2025-01-30 18:34:56,553 INFO c.h.h.t.HelmChartContainer - [K3S] [reconciler_common.go:299] "Volume detached for volume \"tls-assets\" (UniqueName: \"kubernetes.io/projected/cae88f23-97d1-4b4b-a614-14344d45a67e-tls-assets\") on node \"1176ab4d886c\" DevicePath \"\""
2025-01-30 18:34:56,553 INFO c.h.h.t.HelmChartContainer - [K3S] [reconciler_common.go:299] "Volume detached for volume \"web-config\" (UniqueName: \"kubernetes.io/secret/cae88f23-97d1-4b4b-a614-14344d45a67e-web-config\") on node \"1176ab4d886c\" DevicePath \"\""
2025-01-30 18:34:56,554 INFO c.h.h.t.HelmChartContainer - [K3S] [reconciler_common.go:299] "Volume detached for volume \"alertmanager-monitoring-stack-kube-prom-alertmanager-db\" (UniqueName: \"kubernetes.io/empty-dir/cae88f23-97d1-4b4b-a614-14344d45a67e-alertmanager-monitoring-stack-kube-prom-alertmanager-db\") on node \"1176ab4d886c\" DevicePath \"\""
2025-01-30 18:34:56,554 INFO c.h.h.t.HelmChartContainer - [K3S] [reconciler_common.go:299] "Volume detached for volume \"config-out\" (UniqueName: \"kubernetes.io/empty-dir/cae88f23-97d1-4b4b-a614-14344d45a67e-config-out\") on node \"1176ab4d886c\" DevicePath \"\""
2025-01-30 18:34:56,561 INFO c.h.h.t.HelmChartContainer - [EVENT] Normal [Killing] Stopping container prometheus [monitoring:prometheus-monitoring-stack-kube-prom-prometheus-0]
2025-01-30 18:34:56,566 INFO c.h.h.t.HelmChartContainer - [EVENT] Normal [Killing] Stopping container config-reloader [monitoring:prometheus-monitoring-stack-kube-prom-prometheus-0]
2025-01-30 18:34:56,727 INFO c.h.h.t.HelmChartContainer - [POD] prometheus-monitoring-stack-kube-prom-prometheus-0 [7aee2582-eea0-45f3-8a83-b6462d1ee9bd] in monitoring was MODIFIED
2025-01-30 18:34:56,753 INFO c.h.h.t.HelmChartContainer - [K3S] [reconciler_common.go:162] "operationExecutor.UnmountVolume started for volume \"config-out\" (UniqueName: \"kubernetes.io/empty-dir/7aee2582-eea0-45f3-8a83-b6462d1ee9bd-config-out\") pod \"7aee2582-eea0-45f3-8a83-b6462d1ee9bd\" (UID: \"7aee2582-eea0-45f3-8a83-b6462d1ee9bd\") "
2025-01-30 18:34:56,753 INFO c.h.h.t.HelmChartContainer - [K3S] [reconciler_common.go:162] "operationExecutor.UnmountVolume started for volume \"web-config\" (UniqueName: \"kubernetes.io/secret/7aee2582-eea0-45f3-8a83-b6462d1ee9bd-web-config\") pod \"7aee2582-eea0-45f3-8a83-b6462d1ee9bd\" (UID: \"7aee2582-eea0-45f3-8a83-b6462d1ee9bd\") "
2025-01-30 18:34:56,754 INFO c.h.h.t.HelmChartContainer - [K3S] [reconciler_common.go:162] "operationExecutor.UnmountVolume started for volume \"config\" (UniqueName: \"kubernetes.io/secret/7aee2582-eea0-45f3-8a83-b6462d1ee9bd-config\") pod \"7aee2582-eea0-45f3-8a83-b6462d1ee9bd\" (UID: \"7aee2582-eea0-45f3-8a83-b6462d1ee9bd\") "
2025-01-30 18:34:56,755 INFO c.h.h.t.HelmChartContainer - [K3S] [reconciler_common.go:162] "operationExecutor.UnmountVolume started for volume \"tls-assets\" (UniqueName: \"kubernetes.io/projected/7aee2582-eea0-45f3-8a83-b6462d1ee9bd-tls-assets\") pod \"7aee2582-eea0-45f3-8a83-b6462d1ee9bd\" (UID: \"7aee2582-eea0-45f3-8a83-b6462d1ee9bd\") "
2025-01-30 18:34:56,755 INFO c.h.h.t.HelmChartContainer - [K3S] [reconciler_common.go:162] "operationExecutor.UnmountVolume started for volume \"prometheus-monitoring-stack-kube-prom-prometheus-db\" (UniqueName: \"kubernetes.io/empty-dir/7aee2582-eea0-45f3-8a83-b6462d1ee9bd-prometheus-monitoring-stack-kube-prom-prometheus-db\") pod \"7aee2582-eea0-45f3-8a83-b6462d1ee9bd\" (UID: \"7aee2582-eea0-45f3-8a83-b6462d1ee9bd\") "
2025-01-30 18:34:56,755 INFO c.h.h.t.HelmChartContainer - [K3S] [reconciler_common.go:162] "operationExecutor.UnmountVolume started for volume \"prometheus-monitoring-stack-kube-prom-prometheus-rulefiles-0\" (UniqueName: \"kubernetes.io/configmap/7aee2582-eea0-45f3-8a83-b6462d1ee9bd-prometheus-monitoring-stack-kube-prom-prometheus-rulefiles-0\") pod \"7aee2582-eea0-45f3-8a83-b6462d1ee9bd\" (UID: \"7aee2582-eea0-45f3-8a83-b6462d1ee9bd\") "
2025-01-30 18:34:56,756 INFO c.h.h.t.HelmChartContainer - [K3S] [reconciler_common.go:162] "operationExecutor.UnmountVolume started for volume \"kube-api-access-z47km\" (UniqueName: \"kubernetes.io/projected/7aee2582-eea0-45f3-8a83-b6462d1ee9bd-kube-api-access-z47km\") pod \"7aee2582-eea0-45f3-8a83-b6462d1ee9bd\" (UID: \"7aee2582-eea0-45f3-8a83-b6462d1ee9bd\") "
2025-01-30 18:34:56,803 INFO c.h.h.t.HelmChartContainer - [K3S] [replica_set.go:679] "Finished syncing" kind="ReplicaSet" key="monitoring/monitoring-stack-grafana-64c55fb967" duration="7.574µs"
2025-01-30 18:34:56,854 INFO c.h.h.t.HelmChartContainer - [K3S] [reconciler_common.go:299] "Volume detached for volume \"prometheus-monitoring-stack-kube-prom-prometheus-rulefiles-0\" (UniqueName: \"kubernetes.io/configmap/7aee2582-eea0-45f3-8a83-b6462d1ee9bd-prometheus-monitoring-stack-kube-prom-prometheus-rulefiles-0\") on node \"1176ab4d886c\" DevicePath \"\""
2025-01-30 18:34:56,854 INFO c.h.h.t.HelmChartContainer - [K3S] [reconciler_common.go:299] "Volume detached for volume \"prometheus-monitoring-stack-kube-prom-prometheus-db\" (UniqueName: \"kubernetes.io/empty-dir/7aee2582-eea0-45f3-8a83-b6462d1ee9bd-prometheus-monitoring-stack-kube-prom-prometheus-db\") on node \"1176ab4d886c\" DevicePath \"\""
2025-01-30 18:34:56,854 INFO c.h.h.t.HelmChartContainer - [K3S] [reconciler_common.go:299] "Volume detached for volume \"kube-api-access-z47km\" (UniqueName: \"kubernetes.io/projected/7aee2582-eea0-45f3-8a83-b6462d1ee9bd-kube-api-access-z47km\") on node \"1176ab4d886c\" DevicePath \"\""
2025-01-30 18:34:56,854 INFO c.h.h.t.HelmChartContainer - [K3S] [reconciler_common.go:299] "Volume detached for volume \"web-config\" (UniqueName: \"kubernetes.io/secret/7aee2582-eea0-45f3-8a83-b6462d1ee9bd-web-config\") on node \"1176ab4d886c\" DevicePath \"\""
2025-01-30 18:34:56,854 INFO c.h.h.t.HelmChartContainer - [K3S] [reconciler_common.go:299] "Volume detached for volume \"config\" (UniqueName: \"kubernetes.io/secret/7aee2582-eea0-45f3-8a83-b6462d1ee9bd-config\") on node \"1176ab4d886c\" DevicePath \"\""
2025-01-30 18:34:56,854 INFO c.h.h.t.HelmChartContainer - [K3S] [reconciler_common.go:299] "Volume detached for volume \"tls-assets\" (UniqueName: \"kubernetes.io/projected/7aee2582-eea0-45f3-8a83-b6462d1ee9bd-tls-assets\") on node \"1176ab4d886c\" DevicePath \"\""
2025-01-30 18:34:56,854 INFO c.h.h.t.HelmChartContainer - [K3S] [reconciler_common.go:299] "Volume detached for volume \"config-out\" (UniqueName: \"kubernetes.io/empty-dir/7aee2582-eea0-45f3-8a83-b6462d1ee9bd-config-out\") on node \"1176ab4d886c\" DevicePath \"\""
2025-01-30 18:34:56,974 INFO c.h.h.t.HelmChartContainer - [K3S] [scope.go:117] "RemoveContainer" containerID="69869b5d67c9486eed9def5e1d1f9ca67663eed7aec2fb9d73e30a6198128c36"
2025-01-30 18:34:56,981 INFO c.h.h.t.HelmChartContainer - [K3S] [scope.go:117] "RemoveContainer" containerID="5321381d8ec2199cf20279467f2466c93ebb1b71e030153cea144ab824bd5993"
2025-01-30 18:34:56,984 INFO c.h.h.t.HelmChartContainer - [K3S] [scope.go:117] "RemoveContainer" containerID="b6377d2afe5b7834a3817c329c11502aa28cfe9c1421badc210623447bd107f7"
2025-01-30 18:34:56,989 INFO c.h.h.t.HelmChartContainer - [K3S] [replica_set.go:679] "Finished syncing" kind="ReplicaSet" key="monitoring/monitoring-stack-kube-prom-operator-6998896c" duration="74.87µs"
2025-01-30 18:34:56,989 INFO c.h.h.t.HelmChartContainer - [POD] monitoring-stack-kube-prom-operator-6998896c-4h4jd [5c08a30c-b3e8-43ea-8864-9a6976a78c46] in monitoring was MODIFIED
2025-01-30 18:34:56,989 INFO c.h.h.t.HelmChartContainer - [K3S] [scope.go:117] "RemoveContainer" containerID="69869b5d67c9486eed9def5e1d1f9ca67663eed7aec2fb9d73e30a6198128c36"
2025-01-30 18:34:56,991 INFO c.h.h.t.HelmChartContainer - [K3S] [scope.go:117] "RemoveContainer" containerID="5321381d8ec2199cf20279467f2466c93ebb1b71e030153cea144ab824bd5993"
2025-01-30 18:34:56,992 INFO c.h.h.t.HelmChartContainer - [K3S] [scope.go:117] "RemoveContainer" containerID="b6377d2afe5b7834a3817c329c11502aa28cfe9c1421badc210623447bd107f7"
2025-01-30 18:34:56,993 INFO c.h.h.t.HelmChartContainer - [K3S] [scope.go:117] "RemoveContainer" containerID="69869b5d67c9486eed9def5e1d1f9ca67663eed7aec2fb9d73e30a6198128c36"
2025-01-30 18:34:56,993 INFO c.h.h.t.HelmChartContainer - [K3S] [scope.go:117] "RemoveContainer" containerID="5321381d8ec2199cf20279467f2466c93ebb1b71e030153cea144ab824bd5993"
2025-01-30 18:34:56,994 INFO c.h.h.t.HelmChartContainer - [K3S] [scope.go:117] "RemoveContainer" containerID="b6377d2afe5b7834a3817c329c11502aa28cfe9c1421badc210623447bd107f7"
2025-01-30 18:34:56,994 INFO c.h.h.t.HelmChartContainer - [K3S] [scope.go:117] "RemoveContainer" containerID="7b87d5c66e5ef60a6e55747247bbe92e836412da7727ce8e65d65967d422d568"
2025-01-30 18:34:57,001 INFO c.h.h.t.HelmChartContainer - [K3S] [scope.go:117] "RemoveContainer" containerID="b2879d878918344480af8bd702de7a8c37b7b57c4b255980bd36444a86deec11"
2025-01-30 18:34:57,002 INFO c.h.h.t.HelmChartContainer - [K3S] [replica_set.go:679] "Finished syncing" kind="ReplicaSet" key="monitoring/monitoring-stack-kube-state-metrics-5bf5c7b54d" duration="52.528µs"
2025-01-30 18:34:57,004 INFO c.h.h.t.HelmChartContainer - [POD] monitoring-stack-kube-state-metrics-5bf5c7b54d-8pkt6 [c45260c2-2616-4b56-918e-f4fc963d7da7] in monitoring was MODIFIED
2025-01-30 18:34:57,006 INFO c.h.h.t.HelmChartContainer - [K3S] [scope.go:117] "RemoveContainer" containerID="f67e49884694e3d0b29c9a6a5d92d50327f5a66138b9c8ef66e18cd10a56db1c"
2025-01-30 18:34:57,009 INFO c.h.h.t.HelmChartContainer - [K3S] [replica_set.go:679] "Finished syncing" kind="ReplicaSet" key="monitoring/monitoring-stack-kube-state-metrics-5bf5c7b54d" duration="51.716µs"
2025-01-30 18:34:57,013 INFO c.h.h.t.HelmChartContainer - [POD] monitoring-stack-kube-state-metrics-5bf5c7b54d-8pkt6 [c45260c2-2616-4b56-918e-f4fc963d7da7] in monitoring was MODIFIED
2025-01-30 18:34:57,014 INFO c.h.h.t.HelmChartContainer - [K3S] [scope.go:117] "RemoveContainer" containerID="7b87d5c66e5ef60a6e55747247bbe92e836412da7727ce8e65d65967d422d568"
2025-01-30 18:34:57,016 INFO c.h.h.t.HelmChartContainer - [K3S] [scope.go:117] "RemoveContainer" containerID="b2879d878918344480af8bd702de7a8c37b7b57c4b255980bd36444a86deec11"
2025-01-30 18:34:57,018 INFO c.h.h.t.HelmChartContainer - [K3S] [replica_set.go:679] "Finished syncing" kind="ReplicaSet" key="monitoring/monitoring-stack-kube-state-metrics-5bf5c7b54d" duration="1.638381ms"
2025-01-30 18:34:57,018 INFO c.h.h.t.HelmChartContainer - [K3S] [scope.go:117] "RemoveContainer" containerID="f67e49884694e3d0b29c9a6a5d92d50327f5a66138b9c8ef66e18cd10a56db1c"
2025-01-30 18:34:57,020 INFO c.h.h.t.HelmChartContainer - [POD] monitoring-stack-kube-state-metrics-5bf5c7b54d-8pkt6 [c45260c2-2616-4b56-918e-f4fc963d7da7] in monitoring was DELETED
2025-01-30 18:34:57,020 INFO c.h.h.t.HelmChartContainer - [K3S] [scope.go:117] "RemoveContainer" containerID="7b87d5c66e5ef60a6e55747247bbe92e836412da7727ce8e65d65967d422d568"
2025-01-30 18:34:57,022 INFO c.h.h.t.HelmChartContainer - [K3S] [scope.go:117] "RemoveContainer" containerID="b2879d878918344480af8bd702de7a8c37b7b57c4b255980bd36444a86deec11"
2025-01-30 18:34:57,022 INFO c.h.h.t.HelmChartContainer - [K3S] [scope.go:117] "RemoveContainer" containerID="f67e49884694e3d0b29c9a6a5d92d50327f5a66138b9c8ef66e18cd10a56db1c"
2025-01-30 18:34:57,029 INFO c.h.h.t.HelmChartContainer - [POD] monitoring-stack-kube-prom-operator-6998896c-4h4jd [5c08a30c-b3e8-43ea-8864-9a6976a78c46] in monitoring was MODIFIED
2025-01-30 18:34:57,031 INFO c.h.h.t.HelmChartContainer - [K3S] [replica_set.go:679] "Finished syncing" kind="ReplicaSet" key="monitoring/monitoring-stack-kube-prom-operator-6998896c" duration="47.759µs"
2025-01-30 18:34:57,032 INFO c.h.h.t.HelmChartContainer - [K3S] [replica_set.go:679] "Finished syncing" kind="ReplicaSet" key="monitoring/monitoring-stack-kube-prom-operator-6998896c" duration="32.35µs"
2025-01-30 18:34:57,035 INFO c.h.h.t.HelmChartContainer - [POD] monitoring-stack-kube-prom-operator-6998896c-4h4jd [5c08a30c-b3e8-43ea-8864-9a6976a78c46] in monitoring was DELETED
2025-01-30 18:34:57,046 INFO c.h.h.t.HelmChartContainer - [POD] alertmanager-monitoring-stack-kube-prom-alertmanager-0 [cae88f23-97d1-4b4b-a614-14344d45a67e] in monitoring was MODIFIED
2025-01-30 18:34:57,050 INFO c.h.h.t.HelmChartContainer - [POD] alertmanager-monitoring-stack-kube-prom-alertmanager-0 [cae88f23-97d1-4b4b-a614-14344d45a67e] in monitoring was DELETED
2025-01-30 18:34:57,066 INFO c.h.h.t.HelmChartContainer - [POD] prometheus-monitoring-stack-kube-prom-prometheus-0 [7aee2582-eea0-45f3-8a83-b6462d1ee9bd] in monitoring was MODIFIED
2025-01-30 18:34:57,072 INFO c.h.h.t.HelmChartContainer - [POD] prometheus-monitoring-stack-kube-prom-prometheus-0 [7aee2582-eea0-45f3-8a83-b6462d1ee9bd] in monitoring was DELETED
2025-01-30 18:34:57,476 INFO c.h.h.t.HelmChartContainer - [K3S] [replica_set.go:679] "Finished syncing" kind="ReplicaSet" key="monitoring/monitoring-stack-kube-state-metrics-5bf5c7b54d" duration="5.22µs"
2025-01-30 18:34:57,500 INFO c.h.h.t.HelmChartContainer - [K3S] [replica_set.go:679] "Finished syncing" kind="ReplicaSet" key="monitoring/monitoring-stack-kube-prom-operator-6998896c" duration="5.53µs"
2025-01-30 18:34:57,527 INFO c.h.h.t.HelmChartContainer - [K3S] [stateful_set.go:466] "StatefulSet has been deleted" key="monitoring/alertmanager-monitoring-stack-kube-prom-alertmanager"
2025-01-30 18:34:57,678 INFO c.h.h.t.HelmChartContainer - [K3S] [stateful_set.go:466] "StatefulSet has been deleted" key="monitoring/prometheus-monitoring-stack-kube-prom-prometheus"
2025-01-30 18:34:58,167 INFO c.h.h.t.HelmChartContainer - [K3S] [kubelet_volumes.go:163] "Cleaned up orphaned pod volumes dir" podUID="5c08a30c-b3e8-43ea-8864-9a6976a78c46" path="/var/lib/kubelet/pods/5c08a30c-b3e8-43ea-8864-9a6976a78c46/volumes"
2025-01-30 18:34:58,168 INFO c.h.h.t.HelmChartContainer - [K3S] [kubelet_volumes.go:163] "Cleaned up orphaned pod volumes dir" podUID="7aee2582-eea0-45f3-8a83-b6462d1ee9bd" path="/var/lib/kubelet/pods/7aee2582-eea0-45f3-8a83-b6462d1ee9bd/volumes"
2025-01-30 18:34:58,168 INFO c.h.h.t.HelmChartContainer - [K3S] [kubelet_volumes.go:163] "Cleaned up orphaned pod volumes dir" podUID="c45260c2-2616-4b56-918e-f4fc963d7da7" path="/var/lib/kubelet/pods/c45260c2-2616-4b56-918e-f4fc963d7da7/volumes"
2025-01-30 18:34:58,169 INFO c.h.h.t.HelmChartContainer - [K3S] [kubelet_volumes.go:163] "Cleaned up orphaned pod volumes dir" podUID="cae88f23-97d1-4b4b-a614-14344d45a67e" path="/var/lib/kubelet/pods/cae88f23-97d1-4b4b-a614-14344d45a67e/volumes"
2025-01-30 18:34:59,546 INFO c.h.h.t.HelmChartContainer - Deleting namespace 'monitoring'...
2025-01-30 18:35:03,274 INFO c.h.h.t.HelmChartContainer - [hivemq-test-hivemq-platform] [hivemq-platform-operator] [8d76f7f3] 18:35:03.272 [pool-6-thread-26] DEBUG c.h.p.o.d.PlatformServiceResource - [helmmoni] Desired Platform services (3 services)
2025-01-30 18:35:03,275 INFO c.h.h.t.HelmChartContainer - [hivemq-test-hivemq-platform] [hivemq-platform-operator] [8d76f7f3] 18:35:03.272 [pool-6-thread-22] DEBUG c.h.p.o.d.PodServiceAccountResource - [helmmoni] Desired PodServiceAccountResource (serviceAccountName: hivemq-platform-pod-test-hivemq-platform)
2025-01-30 18:35:03,275 INFO c.h.h.t.HelmChartContainer - [hivemq-test-hivemq-platform] [hivemq-platform-operator] [8d76f7f3] 18:35:03.273 [pool-6-thread-30] DEBUG c.h.p.o.dependants.PodInfoConfigMap - [helmmoni] Desired PodInfo ConfigMap (1 extensions) (1 enabled)
2025-01-30 18:35:03,276 INFO c.h.h.t.HelmChartContainer - [hivemq-test-hivemq-platform] [hivemq-platform-operator] [8d76f7f3] 18:35:03.273 [pool-6-thread-30] DEBUG c.h.p.o.dependants.PodInfoConfigMap - [helmmoni] Desired PodInfo ConfigMap (metrics port: 9399) (metrics path: /)
2025-01-30 18:35:03,276 INFO c.h.h.t.HelmChartContainer - [hivemq-test-hivemq-platform] [hivemq-platform-operator] [8d76f7f3] 18:35:03.273 [pool-6-thread-30] DEBUG c.h.p.o.dependants.PodInfoConfigMap - [helmmoni] Desired PodInfo ConfigMap (extension state hash: -1817474005)
2025-01-30 18:35:03,278 INFO c.h.h.t.HelmChartContainer - [hivemq-test-hivemq-platform] [hivemq-platform-operator] [8d76f7f3] 18:35:03.277 [pool-6-thread-26] DEBUG c.h.p.o.d.StatefulSetResource - [helmmoni] Desired StatefulSet (2 replicas) for status RUNNING (READY)
2025-01-30 18:35:03,281 INFO c.h.h.t.HelmChartContainer - [hivemq-test-hivemq-platform] [hivemq-platform-operator] [8d76f7f3] 18:35:03.280 [ReconcilerExecutor-hivemq-controller-127] INFO  c.h.p.o.HiveMQPlatformReconciler - [helmmoni] Reconciling HiveMQ Platform 'test-hivemq-platform' in namespace 'helmmonitoringplatformit'
2025-01-30 18:35:03,281 INFO c.h.h.t.HelmChartContainer - [hivemq-test-hivemq-platform] [hivemq-platform-operator] [8d76f7f3] 18:35:03.280 [ReconcilerExecutor-hivemq-controller-127] DEBUG c.h.p.o.HiveMQPlatformReconciler - [helmmoni] Custom Resource Status RUNNING - HiveMQ Platform is ready (READY)
2025-01-30 18:35:03,281 INFO c.h.h.t.HelmChartContainer - [hivemq-test-hivemq-platform] [hivemq-platform-operator] [8d76f7f3] 18:35:03.280 [ReconcilerExecutor-hivemq-controller-127] DEBUG c.h.p.o.HiveMQPlatformReconciler - [helmmoni] Custom Resource Spec (replicas: 2) (extensions: 1)
2025-01-30 18:35:03,283 INFO c.h.h.t.HelmChartContainer - [hivemq-test-hivemq-platform] [hivemq-platform-operator] [8d76f7f3] 18:35:03.281 [ReconcilerExecutor-hivemq-controller-127] DEBUG c.h.p.o.HiveMQPlatformReconciler - [helmmoni] StatefulSet Status (revision: test-hivemq-platform-64db946475, replicas: 2, available: 2, ready: 2, current: 2, updated: 2)
2025-01-30 18:35:03,283 INFO c.h.h.t.HelmChartContainer - [hivemq-test-hivemq-platform] [hivemq-platform-operator] [8d76f7f3] 18:35:03.281 [ReconcilerExecutor-hivemq-controller-127] DEBUG c.h.p.o.HiveMQPlatformReconciler - [helmmoni] StatefulSet Spec (replicas: 2, init containers: 1, containers: 1, volumes: 3)
2025-01-30 18:35:03,285 INFO c.h.h.t.HelmChartContainer - [hivemq-test-hivemq-platform] [hivemq-platform-operator] [8d76f7f3] 18:35:03.283 [ReconcilerExecutor-hivemq-controller-127] DEBUG c.h.p.o.h.HiveMQPlatformReconcilerErrorHandler - [helmmoni] Pod 'test-hivemq-platform-1' phase Running
2025-01-30 18:35:03,285 INFO c.h.h.t.HelmChartContainer - [hivemq-test-hivemq-platform] [hivemq-platform-operator] [8d76f7f3] 18:35:03.284 [ReconcilerExecutor-hivemq-controller-127] DEBUG c.h.p.o.h.HiveMQPlatformReconcilerErrorHandler - [helmmoni] Pod 'test-hivemq-platform-0' phase Running
2025-01-30 18:35:05,076 INFO c.h.h.t.HelmChartContainer - Namespace 'monitoring' deleted
2025-01-30 18:35:05,076 INFO c.h.h.t.HelmChartContainer - Release 'monitoring-stack' in namespace 'monitoring' is uninstalled
2025-01-30 18:35:05,076 INFO c.h.h.t.HelmChartContainer - Uninstalling release 'test-hivemq-platform' in namespace 'helmmonitoringplatformit'...
2025-01-30 18:35:05,076 DEBUG c.h.h.t.HelmChartContainer - Executing helm command: /bin/helm --kubeconfig /etc/rancher/k3s/k3s.yaml uninstall test-hivemq-platform  --wait --timeout 5m0s --cascade foreground --namespace helmmonitoringplatformit
2025-01-30 18:35:05,408 INFO c.h.h.t.HelmChartContainer - [hivemq-test-hivemq-platform] [hivemq-platform-operator] [8d76f7f3] 18:35:05.403 [ReconcilerExecutor-hivemq-controller-129] INFO  c.h.p.o.HiveMQPlatformReconciler - [helmmoni] Cleanup test-hivemq-platform - helmmonitoringplatformit HiveMQ Platform is shut down
2025-01-30 18:35:05,546 INFO c.h.h.t.HelmChartContainer - [K3S] [authentication.go:74] "Unable to authenticate the request" err="[invalid bearer token, serviceaccounts \"hivemq-platform-pod-test-hivemq-platform\" not found]"
2025-01-30 18:35:05,562 INFO c.h.h.t.HelmChartContainer - [K3S] [authentication.go:74] "Unable to authenticate the request" err="[invalid bearer token, serviceaccounts \"hivemq-platform-pod-test-hivemq-platform\" not found]"
2025-01-30 18:35:05,614 INFO c.h.h.t.HelmChartContainer - [test-hivemq-platform] [hivemq] [e7ddc8c1] WARN  - [HiveMQ Platform Operator Init App 1.7.0-SNAPSHOT] Could not update Pod annotations: Failure executing: GET at: https://10.43.0.1:443/api/v1/namespaces/helmmonitoringplatformit/pods/test-hivemq-platform-0. Message: Unauthorized. Received status: Status(apiVersion=v1, code=401, details=null, kind=Status, message=Unauthorized, metadata=ListMeta(_continue=null, remainingItemCount=null, resourceVersion=null, selfLink=null, additionalProperties={}), reason=Unauthorized, status=Failure, additionalProperties={}).
2025-01-30 18:35:06,103 INFO c.h.h.t.HelmChartContainer - [POD] test-hivemq-platform-0 [e7ddc8c1-5929-48fc-91cc-f96808c02776] in helmmonitoringplatformit was MODIFIED
2025-01-30 18:35:06,109 INFO c.h.h.t.HelmChartContainer - [EVENT] Normal [Killing] Stopping container hivemq [helmmonitoringplatformit:test-hivemq-platform-0]
2025-01-30 18:35:06,109 INFO c.h.h.t.HelmChartContainer - Received Killing event for container hivemq in pod test-hivemq-platform-0 [e7ddc8c1-5929-48fc-91cc-f96808c02776]
2025-01-30 18:35:06,109 INFO c.h.h.t.HelmChartContainer - Container [test-hivemq-platform-0] [hivemq] [e7ddc8c1-5929-48fc-91cc-f96808c02776] was terminated
2025-01-30 18:35:06,110 INFO c.h.h.t.HelmChartContainer - Stopped log watcher for hivemq in pod test-hivemq-platform-0 [e7ddc8c1-5929-48fc-91cc-f96808c02776]
2025-01-30 18:35:06,117 INFO c.h.h.t.HelmChartContainer - [test-hivemq-platform] [hivemq] [e7ddc8c1] INFO  - [HiveMQ Platform Operator Init App 1.7.0-SNAPSHOT] Shutting down
2025-01-30 18:35:06,118 INFO c.h.h.t.HelmChartContainer - [test-hivemq-platform] [hivemq] [e7ddc8c1] INFO  - [HiveMQ Platform Operator Init App 1.7.0-SNAPSHOT] Stopping the HiveMQ Platform
2025-01-30 18:35:06,134 INFO c.h.h.t.HelmChartContainer - [POD] test-hivemq-platform-1 [86c12914-9a67-4b50-988e-c02ec68be750] in helmmonitoringplatformit was MODIFIED
2025-01-30 18:35:06,155 INFO c.h.h.t.HelmChartContainer - [test-hivemq-platform] [hivemq] [86c12914] INFO  - [HiveMQ Platform Operator Init App 1.7.0-SNAPSHOT] Shutting down
2025-01-30 18:35:06,155 INFO c.h.h.t.HelmChartContainer - [test-hivemq-platform] [hivemq] [86c12914] INFO  - [HiveMQ Platform Operator Init App 1.7.0-SNAPSHOT] Stopping the HiveMQ Platform
2025-01-30 18:35:06,156 INFO c.h.h.t.HelmChartContainer - [EVENT] Normal [Killing] Stopping container hivemq [helmmonitoringplatformit:test-hivemq-platform-1]
2025-01-30 18:35:06,156 INFO c.h.h.t.HelmChartContainer - Received Killing event for container hivemq in pod test-hivemq-platform-1 [86c12914-9a67-4b50-988e-c02ec68be750]
2025-01-30 18:35:06,156 INFO c.h.h.t.HelmChartContainer - Container [test-hivemq-platform-1] [hivemq] [86c12914-9a67-4b50-988e-c02ec68be750] was terminated
2025-01-30 18:35:06,156 INFO c.h.h.t.HelmChartContainer - Stopped log watcher for hivemq in pod test-hivemq-platform-1 [86c12914-9a67-4b50-988e-c02ec68be750]
2025-01-30 18:35:06,259 INFO c.h.h.t.HelmChartContainer - [test-hivemq-platform] [hivemq] [86c12914] INFO  - Shutting down HiveMQ. Please wait, this could take a while...
2025-01-30 18:35:06,318 INFO c.h.h.t.HelmChartContainer - [test-hivemq-platform] [hivemq] [e7ddc8c1] INFO  - Shutting down HiveMQ. Please wait, this could take a while...
2025-01-30 18:35:06,323 INFO c.h.h.t.HelmChartContainer - [test-hivemq-platform] [hivemq] [e7ddc8c1] INFO  - Shutting down listeners and clients
2025-01-30 18:35:06,326 INFO c.h.h.t.HelmChartContainer - [test-hivemq-platform] [hivemq] [e7ddc8c1] INFO  - Shutdown of listeners is done
2025-01-30 18:35:06,326 INFO c.h.h.t.HelmChartContainer - [test-hivemq-platform] [hivemq] [e7ddc8c1] INFO  - No clients are connected, proceeding with shutdown
2025-01-30 18:35:06,343 INFO c.h.h.t.HelmChartContainer - [test-hivemq-platform] [hivemq] [86c12914] INFO  - Shutting down listeners and clients
2025-01-30 18:35:06,344 INFO c.h.h.t.HelmChartContainer - [test-hivemq-platform] [hivemq] [86c12914] INFO  - Shutdown of listeners is done
2025-01-30 18:35:06,344 INFO c.h.h.t.HelmChartContainer - [test-hivemq-platform] [hivemq] [86c12914] INFO  - No clients are connected, proceeding with shutdown
2025-01-30 18:35:07,424 INFO c.h.h.t.HelmChartContainer - Deleting namespace 'helmmonitoringplatformit'...
2025-01-30 18:35:07,950 INFO c.h.h.t.HelmChartContainer - [test-hivemq-platform] [hivemq] [86c12914] INFO  - [HiveMQ Platform Operator Init App 1.7.0-SNAPSHOT] Returning shutdown Health API response 503 for readiness
2025-01-30 18:35:07,954 INFO c.h.h.t.HelmChartContainer - [EVENT] Warning [Unhealthy] Readiness probe failed: HTTP probe failed with statuscode: 503 [helmmonitoringplatformit:test-hivemq-platform-1]
2025-01-30 18:35:07,954 INFO c.h.h.t.HelmChartContainer - Received Unhealthy event for container hivemq in pod test-hivemq-platform-1 [86c12914-9a67-4b50-988e-c02ec68be750]
2025-01-30 18:35:08,513 INFO c.h.h.t.HelmChartContainer - [K3S] [authentication.go:74] "Unable to authenticate the request" err="[invalid bearer token, serviceaccounts \"hivemq-platform-pod-test-hivemq-platform\" not found]"
2025-01-30 18:35:08,530 INFO c.h.h.t.HelmChartContainer - [K3S] [authentication.go:74] "Unable to authenticate the request" err="[invalid bearer token, serviceaccounts \"hivemq-platform-pod-test-hivemq-platform\" not found]"
2025-01-30 18:35:08,608 INFO c.h.h.t.HelmChartContainer - [test-hivemq-platform] [hivemq] [86c12914] WARN  - [HiveMQ Platform Operator Init App 1.7.0-SNAPSHOT] Could not update Pod annotations: Failure executing: GET at: https://10.43.0.1:443/api/v1/namespaces/helmmonitoringplatformit/pods/test-hivemq-platform-1. Message: Unauthorized. Received status: Status(apiVersion=v1, code=401, details=null, kind=Status, message=Unauthorized, metadata=ListMeta(_continue=null, remainingItemCount=null, resourceVersion=null, selfLink=null, additionalProperties={}), reason=Unauthorized, status=Failure, additionalProperties={}).
2025-01-30 18:35:09,776 INFO c.h.h.t.HelmChartContainer - [test-hivemq-platform] [hivemq] [e7ddc8c1] INFO  - Shutting down extension system
2025-01-30 18:35:09,785 INFO c.h.h.t.HelmChartContainer - [test-hivemq-platform] [hivemq] [e7ddc8c1] INFO  - Stopping extension with id hivemq-dns-cluster-discovery
2025-01-30 18:35:09,786 INFO c.h.h.t.HelmChartContainer - [test-hivemq-platform] [hivemq] [e7ddc8c1] INFO  - Extension "DNS Cluster Discovery Extension" version 4.3.2 stopped successfully.
2025-01-30 18:35:09,786 INFO c.h.h.t.HelmChartContainer - [test-hivemq-platform] [hivemq] [e7ddc8c1] INFO  - Stopping extension with id hivemq-prometheus-extension
2025-01-30 18:35:09,789 INFO c.h.h.t.HelmChartContainer - [test-hivemq-platform] [hivemq] [e7ddc8c1] INFO  - Extension "Prometheus Monitoring Extension" version 4.0.12 stopped successfully.
2025-01-30 18:35:09,789 INFO c.h.h.t.HelmChartContainer - [test-hivemq-platform] [hivemq] [e7ddc8c1] INFO  - Stopping extension with id hivemq-allow-all-extension
2025-01-30 18:35:09,789 INFO c.h.h.t.HelmChartContainer - [test-hivemq-platform] [hivemq] [e7ddc8c1] INFO  - Extension "Allow All Extension" version 1.1.1 stopped successfully.
2025-01-30 18:35:09,800 INFO c.h.h.t.HelmChartContainer - [test-hivemq-platform] [hivemq] [86c12914] INFO  - Cluster nodes found by discovery: [tHdSr|2] (1) [tHdSr].
2025-01-30 18:35:09,802 INFO c.h.h.t.HelmChartContainer - [test-hivemq-platform] [hivemq] [86c12914] INFO  - Cluster size = 1, members : [tHdSr].
2025-01-30 18:35:09,984 INFO c.h.h.t.HelmChartContainer - [K3S] [namespace_controller.go:187] "Namespace has been deleted" namespace="monitoring"
2025-01-30 18:35:10,030 INFO c.h.h.t.HelmChartContainer - [test-hivemq-platform] [hivemq] [e7ddc8c1] INFO  - [HiveMQ Platform Operator Init App 1.7.0-SNAPSHOT] Returning shutdown Health API response 503 for readiness
2025-01-30 18:35:10,034 INFO c.h.h.t.HelmChartContainer - [EVENT] Warning [Unhealthy] Readiness probe failed: HTTP probe failed with statuscode: 503 [helmmonitoringplatformit:test-hivemq-platform-0]
2025-01-30 18:35:10,034 INFO c.h.h.t.HelmChartContainer - Received Unhealthy event for container hivemq in pod test-hivemq-platform-0 [e7ddc8c1-5929-48fc-91cc-f96808c02776]
2025-01-30 18:35:10,049 INFO c.h.h.t.HelmChartContainer - [test-hivemq-platform] [hivemq] [86c12914] INFO  - Shutting down extension system
2025-01-30 18:35:10,051 INFO c.h.h.t.HelmChartContainer - [test-hivemq-platform] [hivemq] [86c12914] INFO  - Stopping extension with id hivemq-dns-cluster-discovery
2025-01-30 18:35:10,052 INFO c.h.h.t.HelmChartContainer - [test-hivemq-platform] [hivemq] [86c12914] INFO  - Extension "DNS Cluster Discovery Extension" version 4.3.2 stopped successfully.
2025-01-30 18:35:10,052 INFO c.h.h.t.HelmChartContainer - [test-hivemq-platform] [hivemq] [86c12914] INFO  - Stopping extension with id hivemq-prometheus-extension
2025-01-30 18:35:10,055 INFO c.h.h.t.HelmChartContainer - [test-hivemq-platform] [hivemq] [86c12914] INFO  - Extension "Prometheus Monitoring Extension" version 4.0.12 stopped successfully.
2025-01-30 18:35:10,056 INFO c.h.h.t.HelmChartContainer - [test-hivemq-platform] [hivemq] [86c12914] INFO  - Stopping extension with id hivemq-allow-all-extension
2025-01-30 18:35:10,056 INFO c.h.h.t.HelmChartContainer - [test-hivemq-platform] [hivemq] [86c12914] INFO  - Extension "Allow All Extension" version 1.1.1 stopped successfully.
2025-01-30 18:35:10,617 INFO c.h.h.t.HelmChartContainer - [K3S] [authentication.go:74] "Unable to authenticate the request" err="[invalid bearer token, serviceaccounts \"hivemq-platform-pod-test-hivemq-platform\" not found]"
2025-01-30 18:35:10,631 INFO c.h.h.t.HelmChartContainer - [K3S] [authentication.go:74] "Unable to authenticate the request" err="[invalid bearer token, serviceaccounts \"hivemq-platform-pod-test-hivemq-platform\" not found]"
2025-01-30 18:35:10,632 INFO c.h.h.t.HelmChartContainer - [test-hivemq-platform] [hivemq] [e7ddc8c1] WARN  - [HiveMQ Platform Operator Init App 1.7.0-SNAPSHOT] Could not update Pod annotations: Failure executing: GET at: https://10.43.0.1:443/api/v1/namespaces/helmmonitoringplatformit/pods/test-hivemq-platform-0. Message: Unauthorized. Received status: Status(apiVersion=v1, code=401, details=null, kind=Status, message=Unauthorized, metadata=ListMeta(_continue=null, remainingItemCount=null, resourceVersion=null, selfLink=null, additionalProperties={}), reason=Unauthorized, status=Failure, additionalProperties={}).
2025-01-30 18:35:12,114 INFO c.h.h.t.HelmChartContainer - [test-hivemq-platform] [hivemq] [e7ddc8c1] INFO  - Shutdown completed.
2025-01-30 18:35:12,403 INFO c.h.h.t.HelmChartContainer - [test-hivemq-platform] [hivemq] [86c12914] INFO  - Shutdown completed.
2025-01-30 18:35:12,474 INFO c.h.h.t.HelmChartContainer - [test-hivemq-platform] [hivemq] [e7ddc8c1] INFO  - [HiveMQ Platform Operator Init App 1.7.0-SNAPSHOT] The HiveMQ Platform exited with code 143
2025-01-30 18:35:12,474 INFO c.h.h.t.HelmChartContainer - [test-hivemq-platform] [hivemq] [e7ddc8c1] INFO  - [HiveMQ Platform Operator Init App 1.7.0-SNAPSHOT] Stopping the REST API
2025-01-30 18:35:12,514 INFO c.h.h.t.HelmChartContainer - [test-hivemq-platform] [hivemq] [e7ddc8c1] INFO  - [HiveMQ Platform Operator Init App 1.7.0-SNAPSHOT] Shutdown complete
2025-01-30 18:35:12,591 INFO c.h.h.t.HelmChartContainer - [K3S] [stateful_set.go:466] "StatefulSet has been deleted" key="helmmonitoringplatformit/test-hivemq-platform"
2025-01-30 18:35:12,758 INFO c.h.h.t.HelmChartContainer - [test-hivemq-platform] [hivemq] [86c12914] INFO  - [HiveMQ Platform Operator Init App 1.7.0-SNAPSHOT] The HiveMQ Platform exited with code 143
2025-01-30 18:35:12,758 INFO c.h.h.t.HelmChartContainer - [test-hivemq-platform] [hivemq] [86c12914] INFO  - [HiveMQ Platform Operator Init App 1.7.0-SNAPSHOT] Stopping the REST API
2025-01-30 18:35:12,802 INFO c.h.h.t.HelmChartContainer - [test-hivemq-platform] [hivemq] [86c12914] INFO  - [HiveMQ Platform Operator Init App 1.7.0-SNAPSHOT] Shutdown complete
2025-01-30 18:35:12,958 INFO c.h.h.t.HelmChartContainer - [POD] test-hivemq-platform-0 [e7ddc8c1-5929-48fc-91cc-f96808c02776] in helmmonitoringplatformit was MODIFIED
2025-01-30 18:35:13,003 INFO c.h.h.t.HelmChartContainer - [K3S] [scope.go:117] "RemoveContainer" containerID="76a42eb353a59b4329c6c44b7cdc443992027232299e588f16cd126a499e6cb5"
2025-01-30 18:35:13,032 INFO c.h.h.t.HelmChartContainer - [K3S] [reconciler_common.go:162] "operationExecutor.UnmountVolume started for volume \"kube-api-access-cqgbd\" (UniqueName: \"kubernetes.io/projected/e7ddc8c1-5929-48fc-91cc-f96808c02776-kube-api-access-cqgbd\") pod \"e7ddc8c1-5929-48fc-91cc-f96808c02776\" (UID: \"e7ddc8c1-5929-48fc-91cc-f96808c02776\") "
2025-01-30 18:35:13,033 INFO c.h.h.t.HelmChartContainer - [K3S] [reconciler_common.go:162] "operationExecutor.UnmountVolume started for volume \"operator-init\" (UniqueName: \"kubernetes.io/empty-dir/e7ddc8c1-5929-48fc-91cc-f96808c02776-operator-init\") pod \"e7ddc8c1-5929-48fc-91cc-f96808c02776\" (UID: \"e7ddc8c1-5929-48fc-91cc-f96808c02776\") "
2025-01-30 18:35:13,034 INFO c.h.h.t.HelmChartContainer - [K3S] [reconciler_common.go:162] "operationExecutor.UnmountVolume started for volume \"pod-info\" (UniqueName: \"kubernetes.io/configmap/e7ddc8c1-5929-48fc-91cc-f96808c02776-pod-info\") pod \"e7ddc8c1-5929-48fc-91cc-f96808c02776\" (UID: \"e7ddc8c1-5929-48fc-91cc-f96808c02776\") "
2025-01-30 18:35:13,034 INFO c.h.h.t.HelmChartContainer - [K3S] [reconciler_common.go:162] "operationExecutor.UnmountVolume started for volume \"broker-configuration\" (UniqueName: \"kubernetes.io/configmap/e7ddc8c1-5929-48fc-91cc-f96808c02776-broker-configuration\") pod \"e7ddc8c1-5929-48fc-91cc-f96808c02776\" (UID: \"e7ddc8c1-5929-48fc-91cc-f96808c02776\") "
2025-01-30 18:35:13,093 INFO c.h.h.t.HelmChartContainer - [K3S] [scope.go:117] "RemoveContainer" containerID="9e09039b38d6d2dacc0d40e5c2602eecabaf877e8dd97282620b9f6176c319eb"
2025-01-30 18:35:13,096 INFO c.h.h.t.HelmChartContainer - [K3S] [scope.go:117] "RemoveContainer" containerID="76a42eb353a59b4329c6c44b7cdc443992027232299e588f16cd126a499e6cb5"
2025-01-30 18:35:13,097 INFO c.h.h.t.HelmChartContainer - [K3S] [scope.go:117] "RemoveContainer" containerID="9e09039b38d6d2dacc0d40e5c2602eecabaf877e8dd97282620b9f6176c319eb"
2025-01-30 18:35:13,133 INFO c.h.h.t.HelmChartContainer - [K3S] [reconciler_common.go:299] "Volume detached for volume \"operator-init\" (UniqueName: \"kubernetes.io/empty-dir/e7ddc8c1-5929-48fc-91cc-f96808c02776-operator-init\") on node \"1176ab4d886c\" DevicePath \"\""
2025-01-30 18:35:13,133 INFO c.h.h.t.HelmChartContainer - [K3S] [reconciler_common.go:299] "Volume detached for volume \"pod-info\" (UniqueName: \"kubernetes.io/configmap/e7ddc8c1-5929-48fc-91cc-f96808c02776-pod-info\") on node \"1176ab4d886c\" DevicePath \"\""
2025-01-30 18:35:13,133 INFO c.h.h.t.HelmChartContainer - [K3S] [reconciler_common.go:299] "Volume detached for volume \"broker-configuration\" (UniqueName: \"kubernetes.io/configmap/e7ddc8c1-5929-48fc-91cc-f96808c02776-broker-configuration\") on node \"1176ab4d886c\" DevicePath \"\""
2025-01-30 18:35:13,133 INFO c.h.h.t.HelmChartContainer - [K3S] [reconciler_common.go:299] "Volume detached for volume \"kube-api-access-cqgbd\" (UniqueName: \"kubernetes.io/projected/e7ddc8c1-5929-48fc-91cc-f96808c02776-kube-api-access-cqgbd\") on node \"1176ab4d886c\" DevicePath \"\""
2025-01-30 18:35:13,268 INFO c.h.h.t.HelmChartContainer - [POD] test-hivemq-platform-1 [86c12914-9a67-4b50-988e-c02ec68be750] in helmmonitoringplatformit was MODIFIED
2025-01-30 18:35:13,317 INFO c.h.h.t.HelmChartContainer - [POD] test-hivemq-platform-0 [e7ddc8c1-5929-48fc-91cc-f96808c02776] in helmmonitoringplatformit was MODIFIED
2025-01-30 18:35:13,318 INFO c.h.h.t.HelmChartContainer - [POD] test-hivemq-platform-0 [e7ddc8c1-5929-48fc-91cc-f96808c02776] in helmmonitoringplatformit was DELETED
2025-01-30 18:35:13,334 INFO c.h.h.t.HelmChartContainer - [K3S] [reconciler_common.go:162] "operationExecutor.UnmountVolume started for volume \"pod-info\" (UniqueName: \"kubernetes.io/configmap/86c12914-9a67-4b50-988e-c02ec68be750-pod-info\") pod \"86c12914-9a67-4b50-988e-c02ec68be750\" (UID: \"86c12914-9a67-4b50-988e-c02ec68be750\") "
2025-01-30 18:35:13,334 INFO c.h.h.t.HelmChartContainer - [K3S] [reconciler_common.go:162] "operationExecutor.UnmountVolume started for volume \"operator-init\" (UniqueName: \"kubernetes.io/empty-dir/86c12914-9a67-4b50-988e-c02ec68be750-operator-init\") pod \"86c12914-9a67-4b50-988e-c02ec68be750\" (UID: \"86c12914-9a67-4b50-988e-c02ec68be750\") "
2025-01-30 18:35:13,335 INFO c.h.h.t.HelmChartContainer - [K3S] [reconciler_common.go:162] "operationExecutor.UnmountVolume started for volume \"broker-configuration\" (UniqueName: \"kubernetes.io/configmap/86c12914-9a67-4b50-988e-c02ec68be750-broker-configuration\") pod \"86c12914-9a67-4b50-988e-c02ec68be750\" (UID: \"86c12914-9a67-4b50-988e-c02ec68be750\") "
2025-01-30 18:35:13,335 INFO c.h.h.t.HelmChartContainer - [K3S] [reconciler_common.go:162] "operationExecutor.UnmountVolume started for volume \"kube-api-access-6zkzg\" (UniqueName: \"kubernetes.io/projected/86c12914-9a67-4b50-988e-c02ec68be750-kube-api-access-6zkzg\") pod \"86c12914-9a67-4b50-988e-c02ec68be750\" (UID: \"86c12914-9a67-4b50-988e-c02ec68be750\") "
2025-01-30 18:35:13,434 INFO c.h.h.t.HelmChartContainer - [K3S] [reconciler_common.go:299] "Volume detached for volume \"broker-configuration\" (UniqueName: \"kubernetes.io/configmap/86c12914-9a67-4b50-988e-c02ec68be750-broker-configuration\") on node \"1176ab4d886c\" DevicePath \"\""
2025-01-30 18:35:13,434 INFO c.h.h.t.HelmChartContainer - [K3S] [reconciler_common.go:299] "Volume detached for volume \"operator-init\" (UniqueName: \"kubernetes.io/empty-dir/86c12914-9a67-4b50-988e-c02ec68be750-operator-init\") on node \"1176ab4d886c\" DevicePath \"\""
2025-01-30 18:35:13,434 INFO c.h.h.t.HelmChartContainer - [K3S] [reconciler_common.go:299] "Volume detached for volume \"kube-api-access-6zkzg\" (UniqueName: \"kubernetes.io/projected/86c12914-9a67-4b50-988e-c02ec68be750-kube-api-access-6zkzg\") on node \"1176ab4d886c\" DevicePath \"\""
2025-01-30 18:35:13,435 INFO c.h.h.t.HelmChartContainer - [K3S] [reconciler_common.go:299] "Volume detached for volume \"pod-info\" (UniqueName: \"kubernetes.io/configmap/86c12914-9a67-4b50-988e-c02ec68be750-pod-info\") on node \"1176ab4d886c\" DevicePath \"\""
2025-01-30 18:35:14,007 INFO c.h.h.t.HelmChartContainer - [K3S] [scope.go:117] "RemoveContainer" containerID="e4d69e2e93c0f483a000231ef84623393dbea45d892c45d84aa7847bfae2bb6b"
2025-01-30 18:35:14,019 INFO c.h.h.t.HelmChartContainer - [POD] test-hivemq-platform-1 [86c12914-9a67-4b50-988e-c02ec68be750] in helmmonitoringplatformit was MODIFIED
2025-01-30 18:35:14,023 INFO c.h.h.t.HelmChartContainer - [POD] test-hivemq-platform-1 [86c12914-9a67-4b50-988e-c02ec68be750] in helmmonitoringplatformit was DELETED
2025-01-30 18:35:14,102 INFO c.h.h.t.HelmChartContainer - [K3S] [scope.go:117] "RemoveContainer" containerID="209a8472a4a300375a1e188914183ca585935ea587be8a42f633a121e549aec4"
2025-01-30 18:35:14,105 INFO c.h.h.t.HelmChartContainer - [K3S] [scope.go:117] "RemoveContainer" containerID="e4d69e2e93c0f483a000231ef84623393dbea45d892c45d84aa7847bfae2bb6b"
2025-01-30 18:35:14,105 INFO c.h.h.t.HelmChartContainer - [K3S] [scope.go:117] "RemoveContainer" containerID="209a8472a4a300375a1e188914183ca585935ea587be8a42f633a121e549aec4"
2025-01-30 18:35:14,168 INFO c.h.h.t.HelmChartContainer - [K3S] [kubelet_volumes.go:163] "Cleaned up orphaned pod volumes dir" podUID="86c12914-9a67-4b50-988e-c02ec68be750" path="/var/lib/kubelet/pods/86c12914-9a67-4b50-988e-c02ec68be750/volumes"
2025-01-30 18:35:14,168 INFO c.h.h.t.HelmChartContainer - [K3S] [kubelet_volumes.go:163] "Cleaned up orphaned pod volumes dir" podUID="e7ddc8c1-5929-48fc-91cc-f96808c02776" path="/var/lib/kubelet/pods/e7ddc8c1-5929-48fc-91cc-f96808c02776/volumes"
2025-01-30 18:35:17,848 INFO c.h.h.t.HelmChartContainer - Namespace 'helmmonitoringplatformit' deleted
2025-01-30 18:35:17,849 INFO c.h.h.t.HelmChartContainer - Release 'test-hivemq-platform' in namespace 'helmmonitoringplatformit' is uninstalled
2025-01-30 18:35:17,849 INFO c.h.h.t.HelmChartContainer - Uninstalling release 'test-hivemq-platform-operator' in namespace 'helmmonitoringplatformit-operator'...
2025-01-30 18:35:17,849 DEBUG c.h.h.t.HelmChartContainer - Executing helm command: /bin/helm --kubeconfig /etc/rancher/k3s/k3s.yaml uninstall test-hivemq-platform-operator  --wait --timeout 5m0s --cascade foreground --namespace helmmonitoringplatformit-operator
2025-01-30 18:35:18,011 INFO c.h.h.t.HelmChartContainer - [K3S] [replica_set.go:679] "Finished syncing" kind="ReplicaSet" key="helmmonitoringplatformit-operator/hivemq-test-hivemq-platform-operator-6966f96d65" duration="7.89471ms"
2025-01-30 18:35:18,012 INFO c.h.h.t.HelmChartContainer - [K3S] [replica_set.go:679] "Finished syncing" kind="ReplicaSet" key="helmmonitoringplatformit-operator/hivemq-test-hivemq-platform-operator-6966f96d65" duration="71.706µs"
2025-01-30 18:35:18,029 INFO c.h.h.t.HelmChartContainer - [POD] hivemq-test-hivemq-platform-operator-6966f96d65-pq8zb [8d76f7f3-f5fe-4a1c-86ce-9f80713f6723] in helmmonitoringplatformit-operator was MODIFIED
2025-01-30 18:35:18,037 INFO c.h.h.t.HelmChartContainer - [EVENT] Normal [Killing] Stopping container hivemq-platform-operator [helmmonitoringplatformit-operator:hivemq-test-hivemq-platform-operator-6966f96d65-pq8zb]
2025-01-30 18:35:18,037 INFO c.h.h.t.HelmChartContainer - Received Killing event for container hivemq-platform-operator in pod hivemq-test-hivemq-platform-operator-6966f96d65-pq8zb [8d76f7f3-f5fe-4a1c-86ce-9f80713f6723]
2025-01-30 18:35:18,037 INFO c.h.h.t.HelmChartContainer - Container [hivemq-test-hivemq-platform-operator-6966f96d65-pq8zb] [hivemq-platform-operator] [8d76f7f3-f5fe-4a1c-86ce-9f80713f6723] was terminated
2025-01-30 18:35:18,037 INFO c.h.h.t.HelmChartContainer - Stopped log watcher for hivemq-platform-operator in pod hivemq-test-hivemq-platform-operator-6966f96d65-pq8zb [8d76f7f3-f5fe-4a1c-86ce-9f80713f6723]
2025-01-30 18:35:18,042 INFO c.h.h.t.HelmChartContainer - [hivemq-test-hivemq-platform] [hivemq-platform-operator] [8d76f7f3] 18:35:18.039 [application-shutdown-thread] INFO  c.h.p.o.HiveMQPlatformOperatorApplication - HiveMQ Platform Operator is stopping...
2025-01-30 18:35:18,042 INFO c.h.h.t.HelmChartContainer - [hivemq-test-hivemq-platform] [hivemq-platform-operator] [8d76f7f3] 18:35:18.040 [application-shutdown-thread] INFO  i.javaoperatorsdk.operator.Operator - Operator SDK 4.9.7 is shutting down...
2025-01-30 18:35:18,045 INFO c.h.h.t.HelmChartContainer - [K3S] [replica_set.go:679] "Finished syncing" kind="ReplicaSet" key="helmmonitoringplatformit-operator/hivemq-test-hivemq-platform-operator-6966f96d65" duration="14.291845ms"
2025-01-30 18:35:18,045 INFO c.h.h.t.HelmChartContainer - [K3S] [replica_set.go:679] "Finished syncing" kind="ReplicaSet" key="helmmonitoringplatformit-operator/hivemq-test-hivemq-platform-operator-6966f96d65" duration="32.55µs"
2025-01-30 18:35:18,553 INFO c.h.h.t.HelmChartContainer - [K3S] [replica_set.go:679] "Finished syncing" kind="ReplicaSet" key="helmmonitoringplatformit-operator/hivemq-test-hivemq-platform-operator-6966f96d65" duration="44.002µs"
2025-01-30 18:35:18,554 INFO c.h.h.t.HelmChartContainer - [POD] hivemq-test-hivemq-platform-operator-6966f96d65-pq8zb [8d76f7f3-f5fe-4a1c-86ce-9f80713f6723] in helmmonitoringplatformit-operator was MODIFIED
2025-01-30 18:35:18,567 INFO c.h.h.t.HelmChartContainer - [K3S] [reconciler_common.go:162] "operationExecutor.UnmountVolume started for volume \"kube-api-access-h82mx\" (UniqueName: \"kubernetes.io/projected/8d76f7f3-f5fe-4a1c-86ce-9f80713f6723-kube-api-access-h82mx\") pod \"8d76f7f3-f5fe-4a1c-86ce-9f80713f6723\" (UID: \"8d76f7f3-f5fe-4a1c-86ce-9f80713f6723\") "
2025-01-30 18:35:18,668 INFO c.h.h.t.HelmChartContainer - [K3S] [reconciler_common.go:299] "Volume detached for volume \"kube-api-access-h82mx\" (UniqueName: \"kubernetes.io/projected/8d76f7f3-f5fe-4a1c-86ce-9f80713f6723-kube-api-access-h82mx\") on node \"1176ab4d886c\" DevicePath \"\""
2025-01-30 18:35:19,017 INFO c.h.h.t.HelmChartContainer - [K3S] [scope.go:117] "RemoveContainer" containerID="f37ba28ef2bff7bcee835e5cdfa396b4dfc0cb0df9c05600f809fbe68f72728e"
2025-01-30 18:35:19,020 INFO c.h.h.t.HelmChartContainer - [K3S] [scope.go:117] "RemoveContainer" containerID="f37ba28ef2bff7bcee835e5cdfa396b4dfc0cb0df9c05600f809fbe68f72728e"
2025-01-30 18:35:19,028 INFO c.h.h.t.HelmChartContainer - [K3S] [replica_set.go:679] "Finished syncing" kind="ReplicaSet" key="helmmonitoringplatformit-operator/hivemq-test-hivemq-platform-operator-6966f96d65" duration="61.975µs"
2025-01-30 18:35:19,028 INFO c.h.h.t.HelmChartContainer - [POD] hivemq-test-hivemq-platform-operator-6966f96d65-pq8zb [8d76f7f3-f5fe-4a1c-86ce-9f80713f6723] in helmmonitoringplatformit-operator was MODIFIED
2025-01-30 18:35:19,031 INFO c.h.h.t.HelmChartContainer - [K3S] [replica_set.go:679] "Finished syncing" kind="ReplicaSet" key="helmmonitoringplatformit-operator/hivemq-test-hivemq-platform-operator-6966f96d65" duration="31.028µs"
2025-01-30 18:35:19,031 INFO c.h.h.t.HelmChartContainer - [POD] hivemq-test-hivemq-platform-operator-6966f96d65-pq8zb [8d76f7f3-f5fe-4a1c-86ce-9f80713f6723] in helmmonitoringplatformit-operator was DELETED
2025-01-30 18:35:19,040 INFO c.h.h.t.HelmChartContainer - [K3S] [replica_set.go:679] "Finished syncing" kind="ReplicaSet" key="helmmonitoringplatformit-operator/hivemq-test-hivemq-platform-operator-6966f96d65" duration="6.732µs"
2025-01-30 18:35:20,051 INFO c.h.h.t.HelmChartContainer - Deleting namespace 'helmmonitoringplatformit-operator'...
2025-01-30 18:35:20,167 INFO c.h.h.t.HelmChartContainer - [K3S] [kubelet_volumes.go:163] "Cleaned up orphaned pod volumes dir" podUID="8d76f7f3-f5fe-4a1c-86ce-9f80713f6723" path="/var/lib/kubelet/pods/8d76f7f3-f5fe-4a1c-86ce-9f80713f6723/volumes"
2025-01-30 18:35:22,779 INFO c.h.h.t.HelmChartContainer - [K3S] [namespace_controller.go:187] "Namespace has been deleted" namespace="helmmonitoringplatformit"
2025-01-30 18:35:25,270 INFO c.h.h.t.HelmChartContainer - Namespace 'helmmonitoringplatformit-operator' deleted
2025-01-30 18:35:25,270 INFO c.h.h.t.HelmChartContainer - Release 'test-hivemq-platform-operator' in namespace 'helmmonitoringplatformit-operator' is uninstalled
2025-01-30 18:35:26,237 INFO c.h.helmcharts.AbstractHelmChartIT - Removed unused containers:

2025-01-30 18:35:30,204 INFO c.h.h.t.HelmChartContainer - [K3S] [namespace_controller.go:187] "Namespace has been deleted" namespace="helmmonitoringplatformit-operator"
2025-01-30 18:35:41,443 INFO c.h.helmcharts.AbstractHelmChartIT - Removed unused snapshots:
Removing snapshot sha256:03af251906410714c5aef9fa705b63f6bbc39c4a5e787de7361eeb18886c2ed2
Removing snapshot sha256:0c46b3b43cce082ce5ec34ffc6c294e0417d17b9d1e6f366d114b6aadc4f96dc
Removing snapshot sha256:0ce761beee59082d6ed5bcebd3a805b8ddd9b3426b617e4809e7fb7c6587ffec
Removing snapshot sha256:0df91287303208332c8ff6ba40ae4710105201739addbfbddfb955f1ad593664
Removing snapshot sha256:0f30b4526626599ad6853b13d715ed5f11e4dac30bdf22795ee36d8b73285c01
Removing snapshot sha256:1021ef88c7974bfff89c5a0ec4fd3160daac6c48a075f74cff721f85dd104e68
Removing snapshot sha256:10aba4953ddc18145dd38e3704709bc464aa20af60b56fe52caaff4b68411e62
Removing snapshot sha256:17b3230dbaa15b80ea4c59d385a510a1c6c669d654d4445b25f4122988ddf932
Removing snapshot sha256:1ab0a79eb9ae3bab99382d18e27cb1c587196d2929db9c8d1c79088bd5a8fa18
Removing snapshot sha256:1e604deea57dbda554a168861cff1238f93b8c6c69c863c43aed37d9d99c5fed
Removing snapshot sha256:2330d1b95992fe4dfdab1ed70e86e349f3f37a80a92140a1ec441a9c3169bcb7
Removing snapshot sha256:2573e0d8158209ed54ab25c87bcdcb00bd3d2539246960a3d592a1c599d70465
Removing snapshot sha256:3102b3958924e454ee4c19fe49136c5727bea4a438945b9d85ed7525ae7ad17a
Removing snapshot sha256:362a8a37f8bbc31925a8146adcf7cf51f9882f5c1dcbef67c5baa03a297543c0
Removing snapshot sha256:38300cd41e4e7621f1880dc17df1510a0b41c3700bba086c7d13695c2852c906
Removing snapshot sha256:3aea2e5ee60f1f0173fafb64e361c34847c160a755964b223b571f112b206391
Removing snapshot sha256:3d737060823899829eb7827e20ddb4021f5c31c4e7e348a380b528903c9051ae
Removing snapshot sha256:3fa4ad33f0ddc8fd45b39b6b4640f82a3a83619606cd975bfe89d8710ad2d4cd
Removing snapshot sha256:42508696bab4cddb098661270605482768f11b222c3b338a84e17c388a573539
Removing snapshot sha256:42b3566bfb67a7e1e92c7fb9a9d9fd9d5d1c68fb9234b2e7e8d57e3894c584c6
Removing snapshot sha256:43a7c979bbaba6838bc3102d6b10a1459f3ab050b87ccdfef84ef90cf43d3058
Removing snapshot sha256:43e32e0401181ce446773595aa5b45dd3de52a62bd17ce6321e472661bef46fc
Removing snapshot sha256:4ab04491cdf0d3267f08206fe30bd48f49f94b9cab2f016d6739220f722a64af
Removing snapshot sha256:4b6068250e89c96f263060261819c7d912855bfbd64b3eb4c4a8483299b8c295
Removing snapshot sha256:4c09e11c29b3224f406d4162d6085d69dc244f013166f2da41af4eb9c43b2d5f
Removing snapshot sha256:4e4a4c2a9fcafd941707917d9cb4c348229dcda7e6a77d20a5c9e977659e2acb
Removing snapshot sha256:580e69a0a8034ede1921139bbd2bfb72a69ebf276d008281896c32dd8bf74775
Removing snapshot sha256:597fcac6b802be96dede6dae530b1fd3d80ee2191e3c39bd5c3dfb528309801e
Removing snapshot sha256:59860db8e524598ca0913cb5a7821a1a1c1e56f61dec4fe619ad8a278bfd44c2
Removing snapshot sha256:5a9ba96b94a7acc2c16f45d7113265f2705262d850ff8d73abf339acec4e4283
Removing snapshot sha256:5d30ba46b27fe37484567ccc5242cadc78217b8da605f3f195ef25cbf7487904
Removing snapshot sha256:63ca1fbb43ae5034640e5e6cb3e083e05c290072c5366fcaa9d62435a4cced85
Removing snapshot sha256:67f702c6baae873bceb19487c8b1f27bd2b86077e4f2f0e480e6d60ab508b8f5
Removing snapshot sha256:6864348dd42806d552efdec384f1274be15e2d0c10ce44c1f04347af004c10a9
Removing snapshot sha256:6c7dee8f2c39b84b7dc2711c01d33de93514d9055499173e9290176fbe484b6c
Removing snapshot sha256:6d2198b9bba47eb108a6f8e064d85edb59b204d24ceb4d866ad96079b9ec1498
Removing snapshot sha256:711f0795be2fadadbf9fe1151ea3506c44bc3c41083e049b25f8bac1bd91851c
Removing snapshot sha256:74acea72c72664d31caa1810182a8d9f76600a5e41ed9d1eb2814c0bc090bfea
Removing snapshot sha256:75654b8eeebd3beae97271a102f57cdeb794cc91e442648544963a7e951e9558
Removing snapshot sha256:783ad6a93b23221db9f18c15f79aeb134655b6dd29a9a9bc7472ee50852d14a7
Removing snapshot sha256:81ed7e1a344eefb04664b5d772157e32be190d566bd3083af46ec0b8796ae9ae
Removing snapshot sha256:82753493a6d61ded36556292f02f31841a14c20d2f279f19eaad65afb661d5cd
Removing snapshot sha256:84a897f1c589cde259313d1efcd537ab957267a6526caa797d9703c4ee903204
Removing snapshot sha256:8a10d3db42c505ee0fcfa98417bdd7e39b304f6bcc0a06bb1b220797ff2cc63c
Removing snapshot sha256:8d297423f53775a6b77d49e57a5e9f47799fcfddca869a1164226d56c8299763
Removing snapshot sha256:8ec1e08a6c109c9698b32f46974375ee19470c62a5de0618346b3b4442919582
Removing snapshot sha256:94b728d964f60c89faa32d3296c8e524b6a15c163f95728001c8be4091968231
Removing snapshot sha256:9852f74557303324154e94d69646a117800c24f830d6dd3150a61f1cb1877bfb
Removing snapshot sha256:a21e5b12dbac529ad45d976eb9ce45c881f3bedcc500fb30aba1e52aa1813418
Removing snapshot sha256:afb9d24a81528af822cc0a49b79c922afd1b6fb3355f0fe3683749f5ad2e2e5e
Removing snapshot sha256:b403bf5671b66322a4fb4fcf772687a9e487ab58804584befcae862807d8eb88
Removing snapshot sha256:b8c8d85687c0d5b64887dfaf35dedad43ecac3954a798ffa91d79a5aeb500496
Removing snapshot sha256:b921e6c28969094157f9b8e7244677780319637afd14450b7cb6b2fdea558a0c
Removing snapshot sha256:bc27ecb5769a00e309cf99ebc763c4a4b958b618d1decc96ffac5bc05f02f5b7
Removing snapshot sha256:be3ccb6627a5332e309d45ef461d09b4879dd870c7394d89323d0ebc6ca6aa8a
Removing snapshot sha256:c261f7cbbc64211ee175ee47273acdb7b1a36a4450b397a064a8f2c026490095
Removing snapshot sha256:c34d9393647eea0c9e3557ab988efaf59f61d10a2a5613b439ef0958cca5ec10
Removing snapshot sha256:ccf3c4a0fa967a41c1c83497a2ce6fa5787965859df0adb32c4ca2cf7490bc2b
Removing snapshot sha256:cda334c60720b02c295deeee0739beb29d9283df72a19f0e73b54e50c89e8c00
Removing snapshot sha256:cf92d33f869417309692088c341cd0f223c178ea78a125f757317b22aa8f90e9
Removing snapshot sha256:d0037344cf2fb078884f1849f6a1f8cf9a33a3b6139b6a85833e5ee528e1f9a8
Removing snapshot sha256:d3b36d5b79273b1e98e7700470eaeff05a882e777124d84cebcc1505b85ecb36
Removing snapshot sha256:d65a44a37914602d12c611e5e22a50f11451d847e63015cc1c2aef92dee777a4
Removing snapshot sha256:d7698055289ea72fad6a712ae4a30a02f6f294e476718fac7d5eea9098793d8e
Removing snapshot sha256:deb8fe0e16fb632523b566bfa4819d4c8b7689407d4211b88d26b6988d84ef75
Removing snapshot sha256:e2dc0bae2455930f23ae570e019b7f32edc75c0f2d71cab084db837ff9051796
Removing snapshot sha256:e31519795c7e3df686c447a21ec8d2eb301388a5e39ccf7f20a25c6f6ce3a522
Removing snapshot sha256:e58151b46376c08fb48e2a2fbe134b6de223be0749d20b7b60bf475e526a2884
Removing snapshot sha256:e9e86ed11d9bebc0707dd6f1166c51237ebb44f98657241f943261b2675a5449
Removing snapshot sha256:eccbd24a99c60cd9e86ee5305dbfc4a4dc89f5ab4fb1f06c8d64797cecedef34
Removing snapshot sha256:edd1404c718ab99ca3456bdf222065033800bb67d4334a9642746685a24394cd
Removing snapshot sha256:f144bb4c7c7f0d2aa7eeffd36d934ec40db1ee167be727e326aad9fdc616f475
Removing snapshot sha256:f841014e90f6182556f949eabc3e9b3d3f6fe845251ffbf58da9256f388a764b

]]></system-out>
  </testcase>
  <system-out><![CDATA[2025-01-30 18:31:47,794 INFO c.h.h.t.HelmChartContainerExtension - Using cached HelmChartContainer instance
]]></system-out>
  <system-err><![CDATA[]]></system-err>
</testsuite>
