<?xml version="1.0" encoding="UTF-8"?>
<testsuite name="com.hivemq.helmcharts.EseExtensionInstallationIT" tests="1" skipped="0" failures="0" errors="0" timestamp="2025-09-16T18:27:48" hostname="runnervmf4ws1" time="202.575">
  <properties/>
  <testcase name="withExtensionConfiguration_hivemqRunning()" classname="com.hivemq.helmcharts.EseExtensionInstallationIT" time="202.575"/>
</testsuite>
