<?xml version="1.0" encoding="UTF-8"?>
<testsuite name="com.hivemq.helmcharts.operator.HelmRemoveNamespaceIT" tests="1" skipped="0" failures="0" errors="0" timestamp="2025-01-28T21:18:33" hostname="fv-az1340-635" time="104.763">
  <properties/>
  <testcase name="withSingleOperator_hivemqRunningThenDelete()" classname="com.hivemq.helmcharts.operator.HelmRemoveNamespaceIT" time="104.763">
    <system-out><![CDATA[2025-01-28 21:18:33,900 INFO c.h.h.t.HelmChartContainer - Creating namespace 'helmremovenamespaceit-operator'...
2025-01-28 21:18:33,908 INFO c.h.h.t.HelmChartContainer - Namespace 'helmremovenamespaceit-operator' created
2025-01-28 21:18:33,909 INFO c.h.h.t.HelmChartContainer - Creating namespace 'helmremovenamespaceit'...
2025-01-28 21:18:33,918 INFO c.h.h.t.HelmChartContainer - Namespace 'helmremovenamespaceit' created
2025-01-28 21:18:33,989 DEBUG c.h.h.t.HelmChartContainer - Executing helm command: /bin/helm --kubeconfig /etc/rancher/k3s/k3s.yaml install test-hivemq-platform-operator /charts/hivemq-platform-operator --wait --timeout 5m0s --set image.repository=docker.io/hivemq --set image.name=hivemq-platform-operator-test --set image.initImageName=hivemq-platform-operator-init-test --set image.tag=snapshot --set image.pullPolicy=Never --set logLevel=DEBUG --set resources.cpu=512m --namespace helmremovenamespaceit-operator
2025-01-28 21:18:34,324 INFO c.h.h.t.HelmChartContainer - [K3S] [alloc.go:330] "allocated clusterIPs" service="helmremovenamespaceit-operator/hivemq-platform-operator-test-hivemq-platform-operator" clusterIPs={"IPv4":"10.43.220.105"}
2025-01-28 21:18:34,344 INFO c.h.h.t.HelmChartContainer - [EVENT] Normal [ScalingReplicaSet] Scaled up replica set hivemq-test-hivemq-platform-operator-6966f96d65 from 0 to 1 [helmremovenamespaceit-operator:hivemq-test-hivemq-platform-operator]
2025-01-28 21:18:34,344 INFO c.h.h.t.HelmChartContainer - [POD] hivemq-test-hivemq-platform-operator-6966f96d65-q2rtf [522d9ac1-dc9c-4972-8ab3-3e9440b84272] in helmremovenamespaceit-operator was ADDED
2025-01-28 21:18:34,352 INFO c.h.h.t.HelmChartContainer - [K3S] [memory_manager.go:355] "RemoveStaleState removing state" podUID="20dbecaa-a34a-4641-bcdc-1492cabed691" containerName="hivemq"
2025-01-28 21:18:34,352 INFO c.h.h.t.HelmChartContainer - [K3S] [memory_manager.go:355] "RemoveStaleState removing state" podUID="abcadcf6-cf1d-4c05-a414-4d95b98d42bc" containerName="hivemq-platform-operator"
2025-01-28 21:18:34,352 INFO c.h.h.t.HelmChartContainer - [K3S] [memory_manager.go:355] "RemoveStaleState removing state" podUID="a8a3fb5d-a95f-49d4-bd9a-3da96c4e8b9b" containerName="hivemq"
2025-01-28 21:18:34,352 INFO c.h.h.t.HelmChartContainer - [POD] hivemq-test-hivemq-platform-operator-6966f96d65-q2rtf [522d9ac1-dc9c-4972-8ab3-3e9440b84272] in helmremovenamespaceit-operator was MODIFIED
2025-01-28 21:18:34,357 INFO c.h.h.t.HelmChartContainer - [EVENT] Normal [SuccessfulCreate] Created pod: hivemq-test-hivemq-platform-operator-6966f96d65-q2rtf [helmremovenamespaceit-operator:hivemq-test-hivemq-platform-operator-6966f96d65]
2025-01-28 21:18:34,359 INFO c.h.h.t.HelmChartContainer - [K3S] [replica_set.go:679] "Finished syncing" kind="ReplicaSet" key="helmremovenamespaceit-operator/hivemq-test-hivemq-platform-operator-6966f96d65" duration="21.816755ms"
2025-01-28 21:18:34,361 INFO c.h.h.t.HelmChartContainer - [EVENT] Normal [Scheduled] Successfully assigned helmremovenamespaceit-operator/hivemq-test-hivemq-platform-operator-6966f96d65-q2rtf to 59cf37a24209 [helmremovenamespaceit-operator:hivemq-test-hivemq-platform-operator-6966f96d65-q2rtf]
2025-01-28 21:18:34,363 INFO c.h.h.t.HelmChartContainer - [K3S] [replica_set.go:679] "Finished syncing" kind="ReplicaSet" key="helmremovenamespaceit-operator/hivemq-test-hivemq-platform-operator-6966f96d65" duration="7.278264ms"
2025-01-28 21:18:34,363 INFO c.h.h.t.HelmChartContainer - [K3S] [replica_set.go:679] "Finished syncing" kind="ReplicaSet" key="helmremovenamespaceit-operator/hivemq-test-hivemq-platform-operator-6966f96d65" duration="57.367µs"
2025-01-28 21:18:34,368 INFO c.h.h.t.HelmChartContainer - [K3S] [replica_set.go:679] "Finished syncing" kind="ReplicaSet" key="helmremovenamespaceit-operator/hivemq-test-hivemq-platform-operator-6966f96d65" duration="25.137µs"
2025-01-28 21:18:34,369 INFO c.h.h.t.HelmChartContainer - [POD] hivemq-test-hivemq-platform-operator-6966f96d65-q2rtf [522d9ac1-dc9c-4972-8ab3-3e9440b84272] in helmremovenamespaceit-operator was MODIFIED
2025-01-28 21:18:34,447 INFO c.h.h.t.HelmChartContainer - [K3S] [reconciler_common.go:251] "operationExecutor.VerifyControllerAttachedVolume started for volume \"kube-api-access-2qdf9\" (UniqueName: \"kubernetes.io/projected/522d9ac1-dc9c-4972-8ab3-3e9440b84272-kube-api-access-2qdf9\") pod \"hivemq-test-hivemq-platform-operator-6966f96d65-q2rtf\" (UID: \"522d9ac1-dc9c-4972-8ab3-3e9440b84272\") " pod="helmremovenamespaceit-operator/hivemq-test-hivemq-platform-operator-6966f96d65-q2rtf"
2025-01-28 21:18:34,747 INFO c.h.h.t.HelmChartContainer - [EVENT] Normal [Pulled] Container image "docker.io/hivemq/hivemq-platform-operator-test:snapshot" already present on machine [helmremovenamespaceit-operator:hivemq-test-hivemq-platform-operator-6966f96d65-q2rtf]
2025-01-28 21:18:34,748 INFO c.h.h.t.HelmChartContainer - Received Pulled event for container hivemq-platform-operator in pod hivemq-test-hivemq-platform-operator-6966f96d65-q2rtf [522d9ac1-dc9c-4972-8ab3-3e9440b84272]
2025-01-28 21:18:36,085 INFO c.h.h.t.HelmChartContainer - [EVENT] Normal [Created] Created container: hivemq-platform-operator [helmremovenamespaceit-operator:hivemq-test-hivemq-platform-operator-6966f96d65-q2rtf]
2025-01-28 21:18:36,085 INFO c.h.h.t.HelmChartContainer - Received Created event for container hivemq-platform-operator in pod hivemq-test-hivemq-platform-operator-6966f96d65-q2rtf [522d9ac1-dc9c-4972-8ab3-3e9440b84272]
2025-01-28 21:18:36,404 INFO c.h.h.t.HelmChartContainer - [K3S] [replica_set.go:679] "Finished syncing" kind="ReplicaSet" key="helmremovenamespaceit-operator/hivemq-test-hivemq-platform-operator-6966f96d65" duration="38.852µs"
2025-01-28 21:18:36,409 INFO c.h.h.t.HelmChartContainer - [POD] hivemq-test-hivemq-platform-operator-6966f96d65-q2rtf [522d9ac1-dc9c-4972-8ab3-3e9440b84272] in helmremovenamespaceit-operator was MODIFIED
2025-01-28 21:18:36,416 INFO c.h.h.t.HelmChartContainer - Started log watcher for hivemq-platform-operator in pod hivemq-test-hivemq-platform-operator-6966f96d65-q2rtf [522d9ac1-dc9c-4972-8ab3-3e9440b84272]
2025-01-28 21:18:36,416 INFO c.h.h.t.HelmChartContainer - [EVENT] Normal [Started] Started container hivemq-platform-operator [helmremovenamespaceit-operator:hivemq-test-hivemq-platform-operator-6966f96d65-q2rtf]
2025-01-28 21:18:36,416 INFO c.h.h.t.HelmChartContainer - Received Started event for container hivemq-platform-operator in pod hivemq-test-hivemq-platform-operator-6966f96d65-q2rtf [522d9ac1-dc9c-4972-8ab3-3e9440b84272]
2025-01-28 21:18:36,419 INFO c.h.h.t.HelmChartContainer - [hivemq-test-hivemq-platform] [hivemq-platform-operator] [522d9ac1] -------------------------------------------------------------------------
2025-01-28 21:18:36,419 INFO c.h.h.t.HelmChartContainer - [hivemq-test-hivemq-platform] [hivemq-platform-operator] [522d9ac1] 
2025-01-28 21:18:36,419 INFO c.h.h.t.HelmChartContainer - [hivemq-test-hivemq-platform] [hivemq-platform-operator] [522d9ac1]                   _    _  _              __  __   ____
2025-01-28 21:18:36,419 INFO c.h.h.t.HelmChartContainer - [hivemq-test-hivemq-platform] [hivemq-platform-operator] [522d9ac1]                  | |  | |(_)            |  \/  | / __ \
2025-01-28 21:18:36,419 INFO c.h.h.t.HelmChartContainer - [hivemq-test-hivemq-platform] [hivemq-platform-operator] [522d9ac1]                  | |__| | _ __   __ ___ | \  / || |  | |
2025-01-28 21:18:36,419 INFO c.h.h.t.HelmChartContainer - [hivemq-test-hivemq-platform] [hivemq-platform-operator] [522d9ac1]                  |  __  || |\ \ / // _ \| |\/| || |  | |
2025-01-28 21:18:36,419 INFO c.h.h.t.HelmChartContainer - [hivemq-test-hivemq-platform] [hivemq-platform-operator] [522d9ac1]                  | |  | || | \ V /|  __/| |  | || |__| |
2025-01-28 21:18:36,419 INFO c.h.h.t.HelmChartContainer - [hivemq-test-hivemq-platform] [hivemq-platform-operator] [522d9ac1]                  |_|  |_||_|  \_/  \___||_|  |_| \___\_\
2025-01-28 21:18:36,419 INFO c.h.h.t.HelmChartContainer - [hivemq-test-hivemq-platform] [hivemq-platform-operator] [522d9ac1] 
2025-01-28 21:18:36,419 INFO c.h.h.t.HelmChartContainer - [hivemq-test-hivemq-platform] [hivemq-platform-operator] [522d9ac1] -------------------------------------------------------------------------
2025-01-28 21:18:36,419 INFO c.h.h.t.HelmChartContainer - [hivemq-test-hivemq-platform] [hivemq-platform-operator] [522d9ac1] 
2025-01-28 21:18:36,419 INFO c.h.h.t.HelmChartContainer - [hivemq-test-hivemq-platform] [hivemq-platform-operator] [522d9ac1]   HiveMQ Platform Operator Start Script v1.0
2025-01-28 21:18:36,419 INFO c.h.h.t.HelmChartContainer - [hivemq-test-hivemq-platform] [hivemq-platform-operator] [522d9ac1] 
2025-01-28 21:18:36,419 INFO c.h.h.t.HelmChartContainer - [hivemq-test-hivemq-platform] [hivemq-platform-operator] [522d9ac1] -------------------------------------------------------------------------
2025-01-28 21:18:36,419 INFO c.h.h.t.HelmChartContainer - [hivemq-test-hivemq-platform] [hivemq-platform-operator] [522d9ac1] 
2025-01-28 21:18:36,419 INFO c.h.h.t.HelmChartContainer - [hivemq-test-hivemq-platform] [hivemq-platform-operator] [522d9ac1]   JAVA_OPTS: -XX:+UnlockExperimentalVMOptions -XX:InitialRAMPercentage=75 -XX:MaxRAMPercentage=75 -Duser.language=en -Duser.region=US
2025-01-28 21:18:36,419 INFO c.h.h.t.HelmChartContainer - [hivemq-test-hivemq-platform] [hivemq-platform-operator] [522d9ac1] 
2025-01-28 21:18:36,419 INFO c.h.h.t.HelmChartContainer - [hivemq-test-hivemq-platform] [hivemq-platform-operator] [522d9ac1]   JAVA_VERSION: 21
2025-01-28 21:18:36,419 INFO c.h.h.t.HelmChartContainer - [hivemq-test-hivemq-platform] [hivemq-platform-operator] [522d9ac1] 
2025-01-28 21:18:36,419 INFO c.h.h.t.HelmChartContainer - [hivemq-test-hivemq-platform] [hivemq-platform-operator] [522d9ac1] -------------------------------------------------------------------------
2025-01-28 21:18:36,419 INFO c.h.h.t.HelmChartContainer - [hivemq-test-hivemq-platform] [hivemq-platform-operator] [522d9ac1] 
2025-01-28 21:18:39,702 INFO c.h.h.t.HelmChartContainer - [hivemq-test-hivemq-platform] [hivemq-platform-operator] [522d9ac1] 21:18:39.699 [main] DEBUG org.jboss.logging - Logging Provider: org.jboss.logging.Slf4jLoggerProvider
2025-01-28 21:18:39,812 INFO c.h.h.t.HelmChartContainer - [hivemq-test-hivemq-platform] [hivemq-platform-operator] [522d9ac1] 21:18:39.811 [main] DEBUG io.smallrye.config - SRCFG01006: Loaded ConfigSource SysPropConfigSource with ordinal 400
2025-01-28 21:18:39,812 INFO c.h.h.t.HelmChartContainer - [hivemq-test-hivemq-platform] [hivemq-platform-operator] [522d9ac1] 21:18:39.811 [main] DEBUG io.smallrye.config - SRCFG01006: Loaded ConfigSource EnvConfigSource with ordinal 300
2025-01-28 21:18:39,812 INFO c.h.h.t.HelmChartContainer - [hivemq-test-hivemq-platform] [hivemq-platform-operator] [522d9ac1] 21:18:39.811 [main] DEBUG io.smallrye.config - SRCFG01006: Loaded ConfigSource PropertiesConfigSource[source=jar:file:///opt/hivemq-platform-operator/bin/hivemq-platform-operator.jar!/hivemq-platform-operator.properties] with ordinal 100
2025-01-28 21:18:39,813 INFO c.h.h.t.HelmChartContainer - [hivemq-test-hivemq-platform] [hivemq-platform-operator] [522d9ac1] 21:18:39.811 [main] DEBUG io.smallrye.config - SRCFG01006: Loaded ConfigSource DefaultValuesConfigSource with ordinal -2147483648
2025-01-28 21:18:39,918 INFO c.h.h.t.HelmChartContainer - [hivemq-test-hivemq-platform] [hivemq-platform-operator] [522d9ac1] 21:18:39.917 [main] DEBUG i.m.c.u.i.l.InternalLoggerFactory - Using SLF4J as the default logging framework
2025-01-28 21:18:40,020 INFO c.h.h.t.HelmChartContainer - [hivemq-test-hivemq-platform] [hivemq-platform-operator] [522d9ac1] 21:18:40.013 [main] INFO  c.h.p.o.HiveMQPlatformOperatorApplication - HiveMQ Platform Operator 1.7.0-SNAPSHOT (commit: bebf408 on branch: HEAD) built on Sun Jan 26 20:47:47 UTC 2025
2025-01-28 21:18:40,021 INFO c.h.h.t.HelmChartContainer - [hivemq-test-hivemq-platform] [hivemq-platform-operator] [522d9ac1] 21:18:40.020 [main] INFO  c.h.p.o.HiveMQPlatformOperatorApplication - HiveMQ Platform Operator is running in namespace: helmremovenamespaceit-operator
2025-01-28 21:18:40,021 INFO c.h.h.t.HelmChartContainer - [hivemq-test-hivemq-platform] [hivemq-platform-operator] [522d9ac1] 21:18:40.020 [main] INFO  c.h.p.o.HiveMQPlatformOperatorApplication - Watching all namespaces
2025-01-28 21:18:40,021 INFO c.h.h.t.HelmChartContainer - [hivemq-test-hivemq-platform] [hivemq-platform-operator] [522d9ac1] 21:18:40.020 [main] INFO  c.h.p.o.HiveMQPlatformOperatorApplication - Log level: DEBUG
2025-01-28 21:18:40,021 INFO c.h.h.t.HelmChartContainer - [hivemq-test-hivemq-platform] [hivemq-platform-operator] [522d9ac1] 21:18:40.020 [main] INFO  c.h.p.o.HiveMQPlatformOperatorApplication - Release name: test-hivemq-platform-operator
2025-01-28 21:18:40,021 INFO c.h.h.t.HelmChartContainer - [hivemq-test-hivemq-platform] [hivemq-platform-operator] [522d9ac1] 21:18:40.020 [main] INFO  c.h.p.o.HiveMQPlatformOperatorApplication - HiveMQ Platform Operator Init image: docker.io/hivemq/hivemq-platform-operator-init-test:snapshot
2025-01-28 21:18:40,021 INFO c.h.h.t.HelmChartContainer - [hivemq-test-hivemq-platform] [hivemq-platform-operator] [522d9ac1] 21:18:40.020 [main] INFO  c.h.p.o.HiveMQPlatformOperatorApplication - HiveMQ Platform Operator Init App update URL: http://hivemq-platform-operator-test-hivemq-platform-operator.helmremovenamespaceit-operator.svc:8080/initAppUpdate/hivemq-platform-operator-init-app-1.7.0-SNAPSHOT.jar
2025-01-28 21:18:40,021 INFO c.h.h.t.HelmChartContainer - [hivemq-test-hivemq-platform] [hivemq-platform-operator] [522d9ac1] 21:18:40.020 [main] INFO  c.h.p.o.HiveMQPlatformOperatorApplication - Additional imagePullSecret for all Platform deployments: none
2025-01-28 21:18:40,047 INFO c.h.h.t.HelmChartContainer - [hivemq-test-hivemq-platform] [hivemq-platform-operator] [522d9ac1] 21:18:40.020 [main] INFO  c.h.p.o.HiveMQPlatformOperatorApplication - Apply HiveMQ Platform CRD: true
2025-01-28 21:18:40,047 INFO c.h.h.t.HelmChartContainer - [hivemq-test-hivemq-platform] [hivemq-platform-operator] [522d9ac1] 21:18:40.045 [main] INFO  c.h.p.o.HiveMQPlatformOperatorApplication - Create Platform ServiceAccount: true
2025-01-28 21:18:40,047 INFO c.h.h.t.HelmChartContainer - [hivemq-test-hivemq-platform] [hivemq-platform-operator] [522d9ac1] 21:18:40.045 [main] INFO  c.h.p.o.HiveMQPlatformOperatorApplication - Create Platform ServiceAccount permissions: true
2025-01-28 21:18:40,047 INFO c.h.h.t.HelmChartContainer - [hivemq-test-hivemq-platform] [hivemq-platform-operator] [522d9ac1] 21:18:40.045 [main] INFO  c.h.p.o.HiveMQPlatformOperatorApplication - Validate Platform ServiceAccount: true
2025-01-28 21:18:40,047 INFO c.h.h.t.HelmChartContainer - [hivemq-test-hivemq-platform] [hivemq-platform-operator] [522d9ac1] 21:18:40.045 [main] INFO  c.h.p.o.HiveMQPlatformOperatorApplication - Validate Platform ServiceAccount permissions: true
2025-01-28 21:18:40,201 INFO c.h.h.t.HelmChartContainer - [hivemq-test-hivemq-platform] [hivemq-platform-operator] [522d9ac1] 21:18:40.200 [main] INFO  c.h.platform.operator.util.CRDUtil - Verifying deployed HiveMQ Platform CRD...
2025-01-28 21:18:42,897 INFO c.h.h.t.HelmChartContainer - [hivemq-test-hivemq-platform] [hivemq-platform-operator] [522d9ac1] 21:18:42.895 [main] DEBUG c.h.platform.operator.util.CRDUtil - HiveMQ Platform CRD version v1 is up to date
2025-01-28 21:18:42,897 INFO c.h.h.t.HelmChartContainer - [hivemq-test-hivemq-platform] [hivemq-platform-operator] [522d9ac1] 21:18:42.895 [main] INFO  c.h.platform.operator.util.CRDUtil - HiveMQ Platform CRD is up to date (version: V1_6_0)
2025-01-28 21:18:42,897 INFO c.h.h.t.HelmChartContainer - [hivemq-test-hivemq-platform] [hivemq-platform-operator] [522d9ac1] 21:18:42.896 [main] INFO  c.h.platform.operator.util.CRDUtil - Waiting 10000 ms for HiveMQ Platform CRD 'hivemq-platforms.hivemq.com' to become ready...
2025-01-28 21:18:43,199 INFO c.h.h.t.HelmChartContainer - [hivemq-test-hivemq-platform] [hivemq-platform-operator] [522d9ac1] 21:18:43.198 [vert.x-eventloop-thread-1] DEBUG c.h.platform.operator.util.CRDUtil - Checking CRD condition 'NamesAccepted' (status: 'True')
2025-01-28 21:18:43,201 INFO c.h.h.t.HelmChartContainer - [hivemq-test-hivemq-platform] [hivemq-platform-operator] [522d9ac1] 21:18:43.198 [vert.x-eventloop-thread-1] DEBUG c.h.platform.operator.util.CRDUtil - Checking CRD condition 'Established' (status: 'True')
2025-01-28 21:18:43,201 INFO c.h.h.t.HelmChartContainer - [hivemq-test-hivemq-platform] [hivemq-platform-operator] [522d9ac1] 21:18:43.199 [main] INFO  c.h.platform.operator.util.CRDUtil - HiveMQ Platform CRD 'hivemq-platforms.hivemq.com' is ready
2025-01-28 21:18:43,347 INFO c.h.h.t.HelmChartContainer - [hivemq-test-hivemq-platform] [hivemq-platform-operator] [522d9ac1] 21:18:43.345 [main] INFO  c.h.p.o.HiveMQPlatformReconciler - HiveMQ Platform Operator is starting...
2025-01-28 21:18:43,415 INFO c.h.h.t.HelmChartContainer - [hivemq-test-hivemq-platform] [hivemq-platform-operator] [522d9ac1] 21:18:43.413 [main] WARN  Default ConfigurationService implementation - Configuration for reconciler 'hivemq-controller' was not found. Known reconcilers: None.
2025-01-28 21:18:43,496 INFO c.h.h.t.HelmChartContainer - [hivemq-test-hivemq-platform] [hivemq-platform-operator] [522d9ac1] 21:18:43.494 [main] INFO  Default ConfigurationService implementation - Created configuration for reconciler com.hivemq.platform.operator.HiveMQPlatformReconciler with name hivemq-controller
2025-01-28 21:18:43,549 INFO c.h.h.t.HelmChartContainer - [hivemq-test-hivemq-platform] [hivemq-platform-operator] [522d9ac1] 21:18:43.548 [main] DEBUG c.h.p.o.HiveMQPlatformReconciler - HiveMQ Platform Operator is preparing EventSources
2025-01-28 21:18:43,607 INFO c.h.h.t.HelmChartContainer - [hivemq-test-hivemq-platform] [hivemq-platform-operator] [522d9ac1] 21:18:43.606 [main] INFO  i.javaoperatorsdk.operator.Operator - Registered reconciler: 'hivemq-controller' for resource: 'class com.hivemq.platform.operator.v1.HiveMQPlatform' for namespace(s): [all namespaces]
2025-01-28 21:18:44,303 INFO c.h.h.t.HelmChartContainer - [hivemq-test-hivemq-platform] [hivemq-platform-operator] [522d9ac1] 21:18:44.302 [main] INFO  c.h.p.operator.webserver.JettyServer - Starting Jetty server on port 8080
2025-01-28 21:18:44,406 INFO c.h.h.t.HelmChartContainer - [hivemq-test-hivemq-platform] [hivemq-platform-operator] [522d9ac1] 21:18:44.405 [main] INFO  i.javaoperatorsdk.operator.Operator - Operator SDK 4.9.7 (commit: 2133d28) built on Wed Nov 20 12:56:20 UTC 2024 starting...
2025-01-28 21:18:44,406 INFO c.h.h.t.HelmChartContainer - [hivemq-test-hivemq-platform] [hivemq-platform-operator] [522d9ac1] 21:18:44.405 [main] INFO  i.javaoperatorsdk.operator.Operator - Client version: 6.13.4
2025-01-28 21:18:44,408 INFO c.h.h.t.HelmChartContainer - [hivemq-test-hivemq-platform] [hivemq-platform-operator] [522d9ac1] 21:18:44.407 [Controller Starter for: hivemq-controller] INFO  i.j.operator.processing.Controller - Starting 'hivemq-controller' controller for reconciler: com.hivemq.platform.operator.HiveMQPlatformReconciler, resource: com.hivemq.platform.operator.v1.HiveMQPlatform
2025-01-28 21:18:47,099 INFO c.h.h.t.HelmChartContainer - [hivemq-test-hivemq-platform] [hivemq-platform-operator] [522d9ac1] 21:18:47.097 [Controller Starter for: hivemq-controller] INFO  i.j.operator.processing.Controller - 'hivemq-controller' controller started
2025-01-28 21:18:47,099 INFO c.h.h.t.HelmChartContainer - [hivemq-test-hivemq-platform] [hivemq-platform-operator] [522d9ac1] 21:18:47.097 [main] INFO  c.h.p.o.HiveMQPlatformOperatorApplication - HiveMQ Platform Operator 1.7.0-SNAPSHOT started in 7084 ms
2025-01-28 21:18:47,417 INFO c.h.h.t.HelmChartContainer - [POD] hivemq-test-hivemq-platform-operator-6966f96d65-q2rtf [522d9ac1-dc9c-4972-8ab3-3e9440b84272] in helmremovenamespaceit-operator was MODIFIED
2025-01-28 21:18:47,424 INFO c.h.h.t.HelmChartContainer - [K3S] [replica_set.go:679] "Finished syncing" kind="ReplicaSet" key="helmremovenamespaceit-operator/hivemq-test-hivemq-platform-operator-6966f96d65" duration="12.878861ms"
2025-01-28 21:18:47,424 INFO c.h.h.t.HelmChartContainer - [K3S] [replica_set.go:679] "Finished syncing" kind="ReplicaSet" key="helmremovenamespaceit-operator/hivemq-test-hivemq-platform-operator-6966f96d65" duration="42.911µs"
2025-01-28 21:18:48,459 DEBUG c.h.h.t.HelmChartContainer - Executing helm command: /bin/helm --kubeconfig /etc/rancher/k3s/k3s.yaml install test-hivemq-platform /charts/hivemq-platform --wait --timeout 5m0s --set image.repository=docker.io/hivemq --set image.tag=4.36.0 --set image.pullPolicy=Never --set nodes.resources.cpu=512m -f /files/platform-values.yaml --namespace helmremovenamespaceit
2025-01-28 21:18:48,752 INFO c.h.h.t.HelmChartContainer - [hivemq-test-hivemq-platform] [hivemq-platform-operator] [522d9ac1] 21:18:48.749 [-373097727-pool-1-thread-1] WARN  i.m.p.PrometheusMeterRegistry - The meter (MeterId{name='operator.sdk.events.received', tags=[tag(action=ADDED),tag(event=ResourceEvent),tag(group=hivemq.com),tag(kind=HiveMQPlatform),tag(name=test-hivemq-platform),tag(namespace=helmremovenamespaceit),tag(scope=namespace),tag(version=v1)]}) registration has failed: Prometheus requires that all meters with the same name have the same set of tag keys. There is already an existing meter named 'operator.sdk.events.received' containing tag keys [event, group, kind, name, namespace, scope, version]. The meter you are attempting to register has keys [action, event, group, kind, name, namespace, scope, version]. Note that subsequent logs will be logged at debug level.
2025-01-28 21:18:49,168 INFO c.h.h.t.HelmChartContainer - [hivemq-test-hivemq-platform] [hivemq-platform-operator] [522d9ac1] 21:18:49.167 [pool-6-thread-3] DEBUG c.h.p.o.dependants.PodInfoConfigMap - [helmremo] Desired PodInfo ConfigMap (1 extensions) (1 enabled)
2025-01-28 21:18:49,169 INFO c.h.h.t.HelmChartContainer - [hivemq-test-hivemq-platform] [hivemq-platform-operator] [522d9ac1] 21:18:49.168 [pool-6-thread-3] DEBUG c.h.p.o.dependants.PodInfoConfigMap - [helmremo] Desired PodInfo ConfigMap (metrics port: 9399) (metrics path: /)
2025-01-28 21:18:49,169 INFO c.h.h.t.HelmChartContainer - [hivemq-test-hivemq-platform] [hivemq-platform-operator] [522d9ac1] 21:18:49.168 [pool-6-thread-3] DEBUG c.h.p.o.dependants.PodInfoConfigMap - [helmremo] Desired PodInfo ConfigMap (extension state hash: -1817474005)
2025-01-28 21:18:49,170 INFO c.h.h.t.HelmChartContainer - [hivemq-test-hivemq-platform] [hivemq-platform-operator] [522d9ac1] 21:18:49.170 [pool-6-thread-3] DEBUG c.h.p.o.dependants.PodInfoConfigMap - [helmremo] Create PodInfo ConfigMap
2025-01-28 21:18:49,357 INFO c.h.h.t.HelmChartContainer - [hivemq-test-hivemq-platform] [hivemq-platform-operator] [522d9ac1] 21:18:49.354 [pool-6-thread-5] DEBUG c.h.p.o.dependants.PodRoleResource - [helmremo] Create Role: Role(apiVersion=rbac.authorization.k8s.io/v1, kind=Role, metadata=ObjectMeta(annotations={meta.helm.sh/release-name=test-hivemq-platform, meta.helm.sh/release-namespace=helmremovenamespaceit}, creationTimestamp=null, deletionGracePeriodSeconds=null, deletionTimestamp=null, finalizers=[], generateName=null, generation=null, labels={helm.sh/chart=hivemq-platform-0.2.32, app.kubernetes.io/managed-by=Helm, app.kubernetes.io/name=hivemq-platform, hivemq-platform=test-hivemq-platform, app.kubernetes.io/instance=test-hivemq-platform, app.kubernetes.io/version=4.36.0}, managedFields=[], name=hivemq-platform-role-test-hivemq-platform, namespace=helmremovenamespaceit, ownerReferences=[OwnerReference(apiVersion=hivemq.com/v1, blockOwnerDeletion=null, controller=null, kind=HiveMQPlatform, name=test-hivemq-platform, uid=1da822fd-26b4-49fa-8d13-c37b3aecae78, additionalProperties={})], resourceVersion=null, selfLink=null, uid=null, additionalProperties={}), rules=[PolicyRule(apiGroups=[], nonResourceURLs=[], resourceNames=[], resources=[pods], verbs=[get, patch, update], additionalProperties={})], additionalProperties={})
2025-01-28 21:18:49,548 INFO c.h.h.t.HelmChartContainer - [hivemq-test-hivemq-platform] [hivemq-platform-operator] [522d9ac1] 21:18:49.545 [pool-6-thread-7] DEBUG c.h.p.o.d.PodServiceAccountResource - [helmremo] Desired PodServiceAccountResource (serviceAccountName: hivemq-platform-pod-test-hivemq-platform)
2025-01-28 21:18:49,548 INFO c.h.h.t.HelmChartContainer - [hivemq-test-hivemq-platform] [hivemq-platform-operator] [522d9ac1] 21:18:49.546 [pool-6-thread-7] DEBUG c.h.p.o.d.PodServiceAccountResource - [helmremo] Create ServiceAccount 'hivemq-platform-pod-test-hivemq-platform'
2025-01-28 21:18:49,657 INFO c.h.h.t.HelmChartContainer - [hivemq-test-hivemq-platform] [hivemq-platform-operator] [522d9ac1] 21:18:49.655 [pool-6-thread-10] DEBUG c.h.p.o.d.PodRoleBindingResource - [helmremo] Create RoleBinding: RoleBinding(apiVersion=rbac.authorization.k8s.io/v1, kind=RoleBinding, metadata=ObjectMeta(annotations={meta.helm.sh/release-name=test-hivemq-platform, meta.helm.sh/release-namespace=helmremovenamespaceit}, creationTimestamp=null, deletionGracePeriodSeconds=null, deletionTimestamp=null, finalizers=[], generateName=null, generation=null, labels={helm.sh/chart=hivemq-platform-0.2.32, app.kubernetes.io/managed-by=Helm, app.kubernetes.io/name=hivemq-platform, hivemq-platform=test-hivemq-platform, app.kubernetes.io/instance=test-hivemq-platform, app.kubernetes.io/version=4.36.0}, managedFields=[], name=hivemq-platform-role-binding-test-hivemq-platform, namespace=helmremovenamespaceit, ownerReferences=[OwnerReference(apiVersion=hivemq.com/v1, blockOwnerDeletion=null, controller=null, kind=HiveMQPlatform, name=test-hivemq-platform, uid=1da822fd-26b4-49fa-8d13-c37b3aecae78, additionalProperties={})], resourceVersion=null, selfLink=null, uid=null, additionalProperties={}), roleRef=RoleRef(apiGroup=rbac.authorization.k8s.io, kind=Role, name=hivemq-platform-role-test-hivemq-platform, additionalProperties={}), subjects=[Subject(apiGroup=null, kind=ServiceAccount, name=hivemq-platform-pod-test-hivemq-platform, namespace=helmremovenamespaceit, additionalProperties={})], additionalProperties={})
2025-01-28 21:18:49,753 INFO c.h.h.t.HelmChartContainer - [hivemq-test-hivemq-platform] [hivemq-platform-operator] [522d9ac1] 21:18:49.750 [ReconcilerExecutor-hivemq-controller-52] INFO  c.h.p.o.HiveMQPlatformReconciler - [helmremo] Reconciling HiveMQ Platform 'test-hivemq-platform' in namespace 'helmremovenamespaceit'
2025-01-28 21:18:49,753 INFO c.h.h.t.HelmChartContainer - [hivemq-test-hivemq-platform] [hivemq-platform-operator] [522d9ac1] 21:18:49.750 [ReconcilerExecutor-hivemq-controller-52] DEBUG c.h.p.o.HiveMQPlatformReconciler - [helmremo] Custom Resource Status CREATED - HiveMQ Platform was created (READY)
2025-01-28 21:18:49,753 INFO c.h.h.t.HelmChartContainer - [hivemq-test-hivemq-platform] [hivemq-platform-operator] [522d9ac1] 21:18:49.750 [ReconcilerExecutor-hivemq-controller-52] DEBUG c.h.p.o.HiveMQPlatformReconciler - [helmremo] Custom Resource Spec (replicas: 1) (extensions: 1)
2025-01-28 21:18:49,757 INFO c.h.h.t.HelmChartContainer - [hivemq-test-hivemq-platform] [hivemq-platform-operator] [522d9ac1] 21:18:49.755 [ReconcilerExecutor-hivemq-controller-52] INFO  c.h.p.o.h.HiveMQPlatformReconcilerBaseHandler - [helmremo] HiveMQ Platform is starting
2025-01-28 21:18:49,895 INFO c.h.h.t.HelmChartContainer - [hivemq-test-hivemq-platform] [hivemq-platform-operator] [522d9ac1] 21:18:49.866 [ReconcilerExecutor-hivemq-controller-52] DEBUG c.h.p.operator.event.EventSender - [helmremo] Creating K8s event hivemq-platform-starting: [Start] HiveMQ Platform is starting
2025-01-28 21:18:49,954 INFO c.h.h.t.HelmChartContainer - [EVENT] Normal [Start] HiveMQ Platform is starting [helmremovenamespaceit:test-hivemq-platform]
2025-01-28 21:18:49,959 INFO c.h.h.t.HelmChartContainer - [hivemq-test-hivemq-platform] [hivemq-platform-operator] [522d9ac1] 21:18:49.958 [ReconcilerExecutor-hivemq-controller-52] INFO  c.h.p.o.h.AbstractHiveMQReconcilerStateHandler - [helmremo] Update HiveMQ Platform Status (CREATED [READY] -> STARTING [READY]): HiveMQ Platform is starting
2025-01-28 21:18:50,055 DEBUG com.hivemq.helmcharts.util.K8sUtil - Comparing actual state 'STARTING' and waiting for 'RUNNING'
2025-01-28 21:19:00,065 INFO c.h.h.t.HelmChartContainer - [hivemq-test-hivemq-platform] [hivemq-platform-operator] [522d9ac1] 21:19:00.064 [pool-6-thread-12] DEBUG c.h.p.o.d.PlatformServiceResource - [helmremo] Desired Platform services (3 services)
2025-01-28 21:19:00,067 INFO c.h.h.t.HelmChartContainer - [hivemq-test-hivemq-platform] [hivemq-platform-operator] [522d9ac1] 21:19:00.066 [pool-6-thread-13] DEBUG c.h.p.o.dependants.PodInfoConfigMap - [helmremo] Desired PodInfo ConfigMap (1 extensions) (1 enabled)
2025-01-28 21:19:00,068 INFO c.h.h.t.HelmChartContainer - [hivemq-test-hivemq-platform] [hivemq-platform-operator] [522d9ac1] 21:19:00.067 [pool-6-thread-13] DEBUG c.h.p.o.dependants.PodInfoConfigMap - [helmremo] Desired PodInfo ConfigMap (metrics port: 9399) (metrics path: /)
2025-01-28 21:19:00,068 INFO c.h.h.t.HelmChartContainer - [hivemq-test-hivemq-platform] [hivemq-platform-operator] [522d9ac1] 21:19:00.067 [pool-6-thread-13] DEBUG c.h.p.o.dependants.PodInfoConfigMap - [helmremo] Desired PodInfo ConfigMap (extension state hash: -1817474005)
2025-01-28 21:19:00,075 INFO c.h.h.t.HelmChartContainer - [hivemq-test-hivemq-platform] [hivemq-platform-operator] [522d9ac1] 21:19:00.072 [pool-6-thread-13] DEBUG c.h.p.o.dependants.PodInfoConfigMap - [helmremo] Update PodInfo ConfigMap
2025-01-28 21:19:00,075 INFO c.h.h.t.HelmChartContainer - [hivemq-test-hivemq-platform] [hivemq-platform-operator] [522d9ac1] 21:19:00.074 [pool-6-thread-17] DEBUG c.h.p.o.d.PodServiceAccountResource - [helmremo] Desired PodServiceAccountResource (serviceAccountName: hivemq-platform-pod-test-hivemq-platform)
2025-01-28 21:19:00,162 INFO c.h.h.t.HelmChartContainer - [K3S] [alloc.go:330] "allocated clusterIPs" service="helmremovenamespaceit/hivemq-test-hivemq-platform-metrics-9399" clusterIPs={"IPv4":"10.43.146.242"}
2025-01-28 21:19:00,200 INFO c.h.h.t.HelmChartContainer - [K3S] [alloc.go:330] "allocated clusterIPs" service="helmremovenamespaceit/hivemq-test-hivemq-platform-mqtt-1883" clusterIPs={"IPv4":"10.43.109.232"}
2025-01-28 21:19:00,256 INFO c.h.h.t.HelmChartContainer - [K3S] [alloc.go:330] "allocated clusterIPs" service="helmremovenamespaceit/hivemq-test-hivemq-platform-cc-8080" clusterIPs={"IPv4":"10.43.181.83"}
2025-01-28 21:19:00,265 INFO c.h.h.t.HelmChartContainer - [hivemq-test-hivemq-platform] [hivemq-platform-operator] [522d9ac1] 21:19:00.264 [pool-6-thread-20] DEBUG c.h.p.o.d.StatefulSetResource - [helmremo] Desired StatefulSet (1 replicas) for status STARTING (READY)
2025-01-28 21:19:00,355 INFO c.h.h.t.HelmChartContainer - [hivemq-test-hivemq-platform] [hivemq-platform-operator] [522d9ac1] 21:19:00.354 [pool-6-thread-20] DEBUG c.h.p.o.d.StatefulSetResource - [helmremo] Create StatefulSet
2025-01-28 21:19:00,381 INFO c.h.h.t.HelmChartContainer - [POD] test-hivemq-platform-0 [adc8bdb2-5f3d-4c52-b2ad-b74f1ab5df5d] in helmremovenamespaceit was ADDED
2025-01-28 21:19:00,383 INFO c.h.h.t.HelmChartContainer - [EVENT] Normal [SuccessfulCreate] create Pod test-hivemq-platform-0 in StatefulSet test-hivemq-platform successful [helmremovenamespaceit:test-hivemq-platform]
2025-01-28 21:19:00,387 INFO c.h.h.t.HelmChartContainer - [POD] test-hivemq-platform-0 [adc8bdb2-5f3d-4c52-b2ad-b74f1ab5df5d] in helmremovenamespaceit was MODIFIED
2025-01-28 21:19:00,387 INFO c.h.h.t.HelmChartContainer - [EVENT] Normal [Scheduled] Successfully assigned helmremovenamespaceit/test-hivemq-platform-0 to 59cf37a24209 [helmremovenamespaceit:test-hivemq-platform-0]
2025-01-28 21:19:00,409 INFO c.h.h.t.HelmChartContainer - [POD] test-hivemq-platform-0 [adc8bdb2-5f3d-4c52-b2ad-b74f1ab5df5d] in helmremovenamespaceit was MODIFIED
2025-01-28 21:19:00,449 INFO c.h.h.t.HelmChartContainer - [hivemq-test-hivemq-platform] [hivemq-platform-operator] [522d9ac1] 21:19:00.446 [ReconcilerExecutor-hivemq-controller-64] INFO  c.h.p.o.HiveMQPlatformReconciler - [helmremo] Reconciling HiveMQ Platform 'test-hivemq-platform' in namespace 'helmremovenamespaceit'
2025-01-28 21:19:00,449 INFO c.h.h.t.HelmChartContainer - [hivemq-test-hivemq-platform] [hivemq-platform-operator] [522d9ac1] 21:19:00.446 [ReconcilerExecutor-hivemq-controller-64] DEBUG c.h.p.o.HiveMQPlatformReconciler - [helmremo] Custom Resource Status STARTING - HiveMQ Platform is starting (READY)
2025-01-28 21:19:00,449 INFO c.h.h.t.HelmChartContainer - [hivemq-test-hivemq-platform] [hivemq-platform-operator] [522d9ac1] 21:19:00.446 [ReconcilerExecutor-hivemq-controller-64] DEBUG c.h.p.o.HiveMQPlatformReconciler - [helmremo] Custom Resource Spec (replicas: 1) (extensions: 1)
2025-01-28 21:19:00,450 INFO c.h.h.t.HelmChartContainer - [hivemq-test-hivemq-platform] [hivemq-platform-operator] [522d9ac1] 21:19:00.449 [ReconcilerExecutor-hivemq-controller-64] DEBUG c.h.p.o.HiveMQPlatformReconciler - [helmremo] StatefulSet Status (revision: null, replicas: 0, available: 0, ready: 0, current: 0, updated: 0)
2025-01-28 21:19:00,451 INFO c.h.h.t.HelmChartContainer - [hivemq-test-hivemq-platform] [hivemq-platform-operator] [522d9ac1] 21:19:00.449 [ReconcilerExecutor-hivemq-controller-64] DEBUG c.h.p.o.HiveMQPlatformReconciler - [helmremo] StatefulSet Spec (replicas: 1, init containers: 1, containers: 1, volumes: 3)
2025-01-28 21:19:00,453 INFO c.h.h.t.HelmChartContainer - [hivemq-test-hivemq-platform] [hivemq-platform-operator] [522d9ac1] 21:19:00.452 [ReconcilerExecutor-hivemq-controller-64] INFO  c.h.p.o.h.HiveMQPlatformReconcilerBaseHandler - [helmremo] HiveMQ Platform is starting, 0 of 1 replicas are ready
2025-01-28 21:19:00,458 INFO c.h.h.t.HelmChartContainer - [hivemq-test-hivemq-platform] [hivemq-platform-operator] [522d9ac1] 21:19:00.457 [pool-6-thread-22] DEBUG c.h.p.o.d.PlatformServiceResource - [helmremo] Desired Platform services (3 services)
2025-01-28 21:19:00,501 INFO c.h.h.t.HelmChartContainer - [K3S] [reconciler_common.go:251] "operationExecutor.VerifyControllerAttachedVolume started for volume \"broker-configuration\" (UniqueName: \"kubernetes.io/configmap/adc8bdb2-5f3d-4c52-b2ad-b74f1ab5df5d-broker-configuration\") pod \"test-hivemq-platform-0\" (UID: \"adc8bdb2-5f3d-4c52-b2ad-b74f1ab5df5d\") " pod="helmremovenamespaceit/test-hivemq-platform-0"
2025-01-28 21:19:00,501 INFO c.h.h.t.HelmChartContainer - [K3S] [reconciler_common.go:251] "operationExecutor.VerifyControllerAttachedVolume started for volume \"operator-init\" (UniqueName: \"kubernetes.io/empty-dir/adc8bdb2-5f3d-4c52-b2ad-b74f1ab5df5d-operator-init\") pod \"test-hivemq-platform-0\" (UID: \"adc8bdb2-5f3d-4c52-b2ad-b74f1ab5df5d\") " pod="helmremovenamespaceit/test-hivemq-platform-0"
2025-01-28 21:19:00,501 INFO c.h.h.t.HelmChartContainer - [K3S] [reconciler_common.go:251] "operationExecutor.VerifyControllerAttachedVolume started for volume \"pod-info\" (UniqueName: \"kubernetes.io/configmap/adc8bdb2-5f3d-4c52-b2ad-b74f1ab5df5d-pod-info\") pod \"test-hivemq-platform-0\" (UID: \"adc8bdb2-5f3d-4c52-b2ad-b74f1ab5df5d\") " pod="helmremovenamespaceit/test-hivemq-platform-0"
2025-01-28 21:19:00,501 INFO c.h.h.t.HelmChartContainer - [K3S] [reconciler_common.go:251] "operationExecutor.VerifyControllerAttachedVolume started for volume \"kube-api-access-2wvg8\" (UniqueName: \"kubernetes.io/projected/adc8bdb2-5f3d-4c52-b2ad-b74f1ab5df5d-kube-api-access-2wvg8\") pod \"test-hivemq-platform-0\" (UID: \"adc8bdb2-5f3d-4c52-b2ad-b74f1ab5df5d\") " pod="helmremovenamespaceit/test-hivemq-platform-0"
2025-01-28 21:19:00,549 INFO c.h.h.t.HelmChartContainer - [hivemq-test-hivemq-platform] [hivemq-platform-operator] [522d9ac1] 21:19:00.547 [pool-6-thread-23] DEBUG c.h.p.o.dependants.PodInfoConfigMap - [helmremo] Desired PodInfo ConfigMap (1 extensions) (1 enabled)
2025-01-28 21:19:00,550 INFO c.h.h.t.HelmChartContainer - [hivemq-test-hivemq-platform] [hivemq-platform-operator] [522d9ac1] 21:19:00.547 [pool-6-thread-23] DEBUG c.h.p.o.dependants.PodInfoConfigMap - [helmremo] Desired PodInfo ConfigMap (metrics port: 9399) (metrics path: /)
2025-01-28 21:19:00,550 INFO c.h.h.t.HelmChartContainer - [hivemq-test-hivemq-platform] [hivemq-platform-operator] [522d9ac1] 21:19:00.547 [pool-6-thread-23] DEBUG c.h.p.o.dependants.PodInfoConfigMap - [helmremo] Desired PodInfo ConfigMap (extension state hash: -1817474005)
2025-01-28 21:19:00,553 INFO c.h.h.t.HelmChartContainer - [hivemq-test-hivemq-platform] [hivemq-platform-operator] [522d9ac1] 21:19:00.552 [pool-6-thread-27] DEBUG c.h.p.o.d.PodServiceAccountResource - [helmremo] Desired PodServiceAccountResource (serviceAccountName: hivemq-platform-pod-test-hivemq-platform)
2025-01-28 21:19:00,648 INFO c.h.h.t.HelmChartContainer - [hivemq-test-hivemq-platform] [hivemq-platform-operator] [522d9ac1] 21:19:00.646 [pool-6-thread-30] DEBUG c.h.p.o.d.StatefulSetResource - [helmremo] Desired StatefulSet (1 replicas) for status STARTING (READY)
2025-01-28 21:19:00,657 INFO c.h.h.t.HelmChartContainer - [hivemq-test-hivemq-platform] [hivemq-platform-operator] [522d9ac1] 21:19:00.655 [ReconcilerExecutor-hivemq-controller-76] INFO  c.h.p.o.HiveMQPlatformReconciler - [helmremo] Reconciling HiveMQ Platform 'test-hivemq-platform' in namespace 'helmremovenamespaceit'
2025-01-28 21:19:00,657 INFO c.h.h.t.HelmChartContainer - [hivemq-test-hivemq-platform] [hivemq-platform-operator] [522d9ac1] 21:19:00.655 [ReconcilerExecutor-hivemq-controller-76] DEBUG c.h.p.o.HiveMQPlatformReconciler - [helmremo] Custom Resource Status STARTING - HiveMQ Platform is starting (READY)
2025-01-28 21:19:00,657 INFO c.h.h.t.HelmChartContainer - [hivemq-test-hivemq-platform] [hivemq-platform-operator] [522d9ac1] 21:19:00.655 [ReconcilerExecutor-hivemq-controller-76] DEBUG c.h.p.o.HiveMQPlatformReconciler - [helmremo] Custom Resource Spec (replicas: 1) (extensions: 1)
2025-01-28 21:19:00,659 INFO c.h.h.t.HelmChartContainer - [hivemq-test-hivemq-platform] [hivemq-platform-operator] [522d9ac1] 21:19:00.657 [ReconcilerExecutor-hivemq-controller-76] DEBUG c.h.p.o.HiveMQPlatformReconciler - [helmremo] StatefulSet Status (revision: test-hivemq-platform-bd687ff79, replicas: 1, available: 0, ready: 0, current: 1, updated: 1)
2025-01-28 21:19:00,659 INFO c.h.h.t.HelmChartContainer - [hivemq-test-hivemq-platform] [hivemq-platform-operator] [522d9ac1] 21:19:00.658 [ReconcilerExecutor-hivemq-controller-76] DEBUG c.h.p.o.HiveMQPlatformReconciler - [helmremo] StatefulSet Spec (replicas: 1, init containers: 1, containers: 1, volumes: 3)
2025-01-28 21:19:00,761 INFO c.h.h.t.HelmChartContainer - [hivemq-test-hivemq-platform] [hivemq-platform-operator] [522d9ac1] 21:19:00.759 [ReconcilerExecutor-hivemq-controller-76] DEBUG c.h.p.o.h.HiveMQPlatformReconcilerErrorHandler - [helmremo] Pod 'test-hivemq-platform-0' phase Pending
2025-01-28 21:19:00,762 INFO c.h.h.t.HelmChartContainer - [hivemq-test-hivemq-platform] [hivemq-platform-operator] [522d9ac1] 21:19:00.760 [ReconcilerExecutor-hivemq-controller-76] DEBUG c.h.p.o.h.HiveMQPlatformReconcilerErrorHandler - [helmremo] Pod 'test-hivemq-platform-0' condition 'PodReadyToStartContainers': False
2025-01-28 21:19:00,763 INFO c.h.h.t.HelmChartContainer - [hivemq-test-hivemq-platform] [hivemq-platform-operator] [522d9ac1] 21:19:00.762 [ReconcilerExecutor-hivemq-controller-76] DEBUG c.h.p.o.h.HiveMQPlatformReconcilerErrorHandler - [helmremo] Pod 'test-hivemq-platform-0' condition 'Initialized': False
2025-01-28 21:19:00,763 INFO c.h.h.t.HelmChartContainer - [hivemq-test-hivemq-platform] [hivemq-platform-operator] [522d9ac1] 21:19:00.762 [ReconcilerExecutor-hivemq-controller-76] DEBUG c.h.p.o.h.HiveMQPlatformReconcilerErrorHandler - [helmremo] Pod 'test-hivemq-platform-0' condition 'Ready': False
2025-01-28 21:19:00,764 INFO c.h.h.t.HelmChartContainer - [hivemq-test-hivemq-platform] [hivemq-platform-operator] [522d9ac1] 21:19:00.762 [ReconcilerExecutor-hivemq-controller-76] DEBUG c.h.p.o.h.HiveMQPlatformReconcilerErrorHandler - [helmremo] Pod 'test-hivemq-platform-0' condition 'ContainersReady': False
2025-01-28 21:19:00,764 INFO c.h.h.t.HelmChartContainer - [hivemq-test-hivemq-platform] [hivemq-platform-operator] [522d9ac1] 21:19:00.762 [ReconcilerExecutor-hivemq-controller-76] DEBUG c.h.p.o.h.HiveMQPlatformReconcilerErrorHandler - [helmremo] Pod 'test-hivemq-platform-0' condition 'PodScheduled': True
2025-01-28 21:19:00,764 INFO c.h.h.t.HelmChartContainer - [hivemq-test-hivemq-platform] [hivemq-platform-operator] [522d9ac1] 21:19:00.762 [ReconcilerExecutor-hivemq-controller-76] DEBUG c.h.p.o.h.HiveMQPlatformReconcilerErrorHandler - [helmremo] Pod 'test-hivemq-platform-0' containerStatus 'hivemq' (started: false) (ready: false) (waiting: [PodInitializing] null)
2025-01-28 21:19:00,795 INFO c.h.h.t.HelmChartContainer - [EVENT] Normal [Pulled] Container image "docker.io/hivemq/hivemq-platform-operator-init-test:snapshot" already present on machine [helmremovenamespaceit:test-hivemq-platform-0]
2025-01-28 21:19:00,850 INFO c.h.h.t.HelmChartContainer - [hivemq-test-hivemq-platform] [hivemq-platform-operator] [522d9ac1] 21:19:00.846 [ReconcilerExecutor-hivemq-controller-76] INFO  c.h.p.o.h.HiveMQPlatformReconcilerBaseHandler - [helmremo] HiveMQ Platform is starting, 0 of 1 replicas are ready
2025-01-28 21:19:00,857 INFO c.h.h.t.HelmChartContainer - [hivemq-test-hivemq-platform] [hivemq-platform-operator] [522d9ac1] 21:19:00.856 [pool-6-thread-32] DEBUG c.h.p.o.d.PlatformServiceResource - [helmremo] Desired Platform services (3 services)
2025-01-28 21:19:00,860 INFO c.h.h.t.HelmChartContainer - [hivemq-test-hivemq-platform] [hivemq-platform-operator] [522d9ac1] 21:19:00.859 [pool-6-thread-33] DEBUG c.h.p.o.dependants.PodInfoConfigMap - [helmremo] Desired PodInfo ConfigMap (1 extensions) (1 enabled)
2025-01-28 21:19:00,866 INFO c.h.h.t.HelmChartContainer - [hivemq-test-hivemq-platform] [hivemq-platform-operator] [522d9ac1] 21:19:00.862 [pool-6-thread-33] DEBUG c.h.p.o.dependants.PodInfoConfigMap - [helmremo] Desired PodInfo ConfigMap (metrics port: 9399) (metrics path: /)
2025-01-28 21:19:00,867 INFO c.h.h.t.HelmChartContainer - [hivemq-test-hivemq-platform] [hivemq-platform-operator] [522d9ac1] 21:19:00.862 [pool-6-thread-33] DEBUG c.h.p.o.dependants.PodInfoConfigMap - [helmremo] Desired PodInfo ConfigMap (extension state hash: -1817474005)
2025-01-28 21:19:00,868 INFO c.h.h.t.HelmChartContainer - [hivemq-test-hivemq-platform] [hivemq-platform-operator] [522d9ac1] 21:19:00.866 [pool-6-thread-37] DEBUG c.h.p.o.d.PodServiceAccountResource - [helmremo] Desired PodServiceAccountResource (serviceAccountName: hivemq-platform-pod-test-hivemq-platform)
2025-01-28 21:19:00,956 INFO c.h.h.t.HelmChartContainer - [hivemq-test-hivemq-platform] [hivemq-platform-operator] [522d9ac1] 21:19:00.954 [pool-6-thread-40] DEBUG c.h.p.o.d.StatefulSetResource - [helmremo] Desired StatefulSet (1 replicas) for status STARTING (READY)
2025-01-28 21:19:00,960 INFO c.h.h.t.HelmChartContainer - [hivemq-test-hivemq-platform] [hivemq-platform-operator] [522d9ac1] 21:19:00.959 [ReconcilerExecutor-hivemq-controller-87] INFO  c.h.p.o.HiveMQPlatformReconciler - [helmremo] Reconciling HiveMQ Platform 'test-hivemq-platform' in namespace 'helmremovenamespaceit'
2025-01-28 21:19:00,963 INFO c.h.h.t.HelmChartContainer - [hivemq-test-hivemq-platform] [hivemq-platform-operator] [522d9ac1] 21:19:00.959 [ReconcilerExecutor-hivemq-controller-87] DEBUG c.h.p.o.HiveMQPlatformReconciler - [helmremo] Custom Resource Status STARTING - HiveMQ Platform is starting (READY)
2025-01-28 21:19:00,963 INFO c.h.h.t.HelmChartContainer - [hivemq-test-hivemq-platform] [hivemq-platform-operator] [522d9ac1] 21:19:00.959 [ReconcilerExecutor-hivemq-controller-87] DEBUG c.h.p.o.HiveMQPlatformReconciler - [helmremo] Custom Resource Spec (replicas: 1) (extensions: 1)
2025-01-28 21:19:00,963 INFO c.h.h.t.HelmChartContainer - [hivemq-test-hivemq-platform] [hivemq-platform-operator] [522d9ac1] 21:19:00.961 [ReconcilerExecutor-hivemq-controller-87] DEBUG c.h.p.o.HiveMQPlatformReconciler - [helmremo] StatefulSet Status (revision: test-hivemq-platform-bd687ff79, replicas: 1, available: 0, ready: 0, current: 1, updated: 1)
2025-01-28 21:19:00,963 INFO c.h.h.t.HelmChartContainer - [hivemq-test-hivemq-platform] [hivemq-platform-operator] [522d9ac1] 21:19:00.962 [ReconcilerExecutor-hivemq-controller-87] DEBUG c.h.p.o.HiveMQPlatformReconciler - [helmremo] StatefulSet Spec (replicas: 1, init containers: 1, containers: 1, volumes: 3)
2025-01-28 21:19:00,965 INFO c.h.h.t.HelmChartContainer - [hivemq-test-hivemq-platform] [hivemq-platform-operator] [522d9ac1] 21:19:00.964 [ReconcilerExecutor-hivemq-controller-87] DEBUG c.h.p.o.h.HiveMQPlatformReconcilerErrorHandler - [helmremo] Pod 'test-hivemq-platform-0' phase Pending
2025-01-28 21:19:00,965 INFO c.h.h.t.HelmChartContainer - [hivemq-test-hivemq-platform] [hivemq-platform-operator] [522d9ac1] 21:19:00.964 [ReconcilerExecutor-hivemq-controller-87] DEBUG c.h.p.o.h.HiveMQPlatformReconcilerErrorHandler - [helmremo] Pod 'test-hivemq-platform-0' condition 'PodReadyToStartContainers': False
2025-01-28 21:19:00,965 INFO c.h.h.t.HelmChartContainer - [hivemq-test-hivemq-platform] [hivemq-platform-operator] [522d9ac1] 21:19:00.964 [ReconcilerExecutor-hivemq-controller-87] DEBUG c.h.p.o.h.HiveMQPlatformReconcilerErrorHandler - [helmremo] Pod 'test-hivemq-platform-0' condition 'Initialized': False
2025-01-28 21:19:00,965 INFO c.h.h.t.HelmChartContainer - [hivemq-test-hivemq-platform] [hivemq-platform-operator] [522d9ac1] 21:19:00.964 [ReconcilerExecutor-hivemq-controller-87] DEBUG c.h.p.o.h.HiveMQPlatformReconcilerErrorHandler - [helmremo] Pod 'test-hivemq-platform-0' condition 'Ready': False
2025-01-28 21:19:00,965 INFO c.h.h.t.HelmChartContainer - [hivemq-test-hivemq-platform] [hivemq-platform-operator] [522d9ac1] 21:19:00.964 [ReconcilerExecutor-hivemq-controller-87] DEBUG c.h.p.o.h.HiveMQPlatformReconcilerErrorHandler - [helmremo] Pod 'test-hivemq-platform-0' condition 'ContainersReady': False
2025-01-28 21:19:00,965 INFO c.h.h.t.HelmChartContainer - [hivemq-test-hivemq-platform] [hivemq-platform-operator] [522d9ac1] 21:19:00.964 [ReconcilerExecutor-hivemq-controller-87] DEBUG c.h.p.o.h.HiveMQPlatformReconcilerErrorHandler - [helmremo] Pod 'test-hivemq-platform-0' condition 'PodScheduled': True
2025-01-28 21:19:00,965 INFO c.h.h.t.HelmChartContainer - [hivemq-test-hivemq-platform] [hivemq-platform-operator] [522d9ac1] 21:19:00.964 [ReconcilerExecutor-hivemq-controller-87] DEBUG c.h.p.o.h.HiveMQPlatformReconcilerErrorHandler - [helmremo] Pod 'test-hivemq-platform-0' containerStatus 'hivemq' (started: false) (ready: false) (waiting: [PodInitializing] null)
2025-01-28 21:19:00,967 INFO c.h.h.t.HelmChartContainer - [hivemq-test-hivemq-platform] [hivemq-platform-operator] [522d9ac1] 21:19:00.966 [ReconcilerExecutor-hivemq-controller-87] INFO  c.h.p.o.h.HiveMQPlatformReconcilerBaseHandler - [helmremo] HiveMQ Platform is starting, 0 of 1 replicas are ready
2025-01-28 21:19:00,977 INFO c.h.h.t.HelmChartContainer - [EVENT] Normal [Created] Created container: hivemq-platform-operator-init [helmremovenamespaceit:test-hivemq-platform-0]
2025-01-28 21:19:01,022 INFO c.h.h.t.HelmChartContainer - [EVENT] Normal [Started] Started container hivemq-platform-operator-init [helmremovenamespaceit:test-hivemq-platform-0]
2025-01-28 21:19:01,454 INFO c.h.h.t.HelmChartContainer - [POD] test-hivemq-platform-0 [adc8bdb2-5f3d-4c52-b2ad-b74f1ab5df5d] in helmremovenamespaceit was MODIFIED
2025-01-28 21:19:01,471 INFO c.h.h.t.HelmChartContainer - [hivemq-test-hivemq-platform] [hivemq-platform-operator] [522d9ac1] 21:19:01.469 [pool-6-thread-42] DEBUG c.h.p.o.d.PlatformServiceResource - [helmremo] Desired Platform services (3 services)
2025-01-28 21:19:01,477 INFO c.h.h.t.HelmChartContainer - [hivemq-test-hivemq-platform] [hivemq-platform-operator] [522d9ac1] 21:19:01.475 [pool-6-thread-43] DEBUG c.h.p.o.dependants.PodInfoConfigMap - [helmremo] Desired PodInfo ConfigMap (1 extensions) (1 enabled)
2025-01-28 21:19:01,478 INFO c.h.h.t.HelmChartContainer - [hivemq-test-hivemq-platform] [hivemq-platform-operator] [522d9ac1] 21:19:01.476 [pool-6-thread-43] DEBUG c.h.p.o.dependants.PodInfoConfigMap - [helmremo] Desired PodInfo ConfigMap (metrics port: 9399) (metrics path: /)
2025-01-28 21:19:01,478 INFO c.h.h.t.HelmChartContainer - [hivemq-test-hivemq-platform] [hivemq-platform-operator] [522d9ac1] 21:19:01.476 [pool-6-thread-43] DEBUG c.h.p.o.dependants.PodInfoConfigMap - [helmremo] Desired PodInfo ConfigMap (extension state hash: -1817474005)
2025-01-28 21:19:01,548 INFO c.h.h.t.HelmChartContainer - [hivemq-test-hivemq-platform] [hivemq-platform-operator] [522d9ac1] 21:19:01.545 [pool-6-thread-47] DEBUG c.h.p.o.d.PodServiceAccountResource - [helmremo] Desired PodServiceAccountResource (serviceAccountName: hivemq-platform-pod-test-hivemq-platform)
2025-01-28 21:19:01,550 INFO c.h.h.t.HelmChartContainer - [hivemq-test-hivemq-platform] [hivemq-platform-operator] [522d9ac1] 21:19:01.549 [pool-6-thread-50] DEBUG c.h.p.o.d.StatefulSetResource - [helmremo] Desired StatefulSet (1 replicas) for status STARTING (READY)
2025-01-28 21:19:01,554 INFO c.h.h.t.HelmChartContainer - [hivemq-test-hivemq-platform] [hivemq-platform-operator] [522d9ac1] 21:19:01.553 [ReconcilerExecutor-hivemq-controller-98] INFO  c.h.p.o.HiveMQPlatformReconciler - [helmremo] Reconciling HiveMQ Platform 'test-hivemq-platform' in namespace 'helmremovenamespaceit'
2025-01-28 21:19:01,554 INFO c.h.h.t.HelmChartContainer - [hivemq-test-hivemq-platform] [hivemq-platform-operator] [522d9ac1] 21:19:01.553 [ReconcilerExecutor-hivemq-controller-98] DEBUG c.h.p.o.HiveMQPlatformReconciler - [helmremo] Custom Resource Status STARTING - HiveMQ Platform is starting (READY)
2025-01-28 21:19:01,555 INFO c.h.h.t.HelmChartContainer - [hivemq-test-hivemq-platform] [hivemq-platform-operator] [522d9ac1] 21:19:01.553 [ReconcilerExecutor-hivemq-controller-98] DEBUG c.h.p.o.HiveMQPlatformReconciler - [helmremo] Custom Resource Spec (replicas: 1) (extensions: 1)
2025-01-28 21:19:01,559 INFO c.h.h.t.HelmChartContainer - [hivemq-test-hivemq-platform] [hivemq-platform-operator] [522d9ac1] 21:19:01.557 [ReconcilerExecutor-hivemq-controller-98] DEBUG c.h.p.o.HiveMQPlatformReconciler - [helmremo] StatefulSet Status (revision: test-hivemq-platform-bd687ff79, replicas: 1, available: 0, ready: 0, current: 1, updated: 1)
2025-01-28 21:19:01,559 INFO c.h.h.t.HelmChartContainer - [hivemq-test-hivemq-platform] [hivemq-platform-operator] [522d9ac1] 21:19:01.558 [ReconcilerExecutor-hivemq-controller-98] DEBUG c.h.p.o.HiveMQPlatformReconciler - [helmremo] StatefulSet Spec (replicas: 1, init containers: 1, containers: 1, volumes: 3)
2025-01-28 21:19:01,561 INFO c.h.h.t.HelmChartContainer - [hivemq-test-hivemq-platform] [hivemq-platform-operator] [522d9ac1] 21:19:01.560 [ReconcilerExecutor-hivemq-controller-98] DEBUG c.h.p.o.h.HiveMQPlatformReconcilerErrorHandler - [helmremo] Pod 'test-hivemq-platform-0' phase Pending
2025-01-28 21:19:01,562 INFO c.h.h.t.HelmChartContainer - [hivemq-test-hivemq-platform] [hivemq-platform-operator] [522d9ac1] 21:19:01.561 [ReconcilerExecutor-hivemq-controller-98] DEBUG c.h.p.o.h.HiveMQPlatformReconcilerErrorHandler - [helmremo] Pod 'test-hivemq-platform-0' condition 'PodReadyToStartContainers': True
2025-01-28 21:19:01,562 INFO c.h.h.t.HelmChartContainer - [hivemq-test-hivemq-platform] [hivemq-platform-operator] [522d9ac1] 21:19:01.561 [ReconcilerExecutor-hivemq-controller-98] DEBUG c.h.p.o.h.HiveMQPlatformReconcilerErrorHandler - [helmremo] Pod 'test-hivemq-platform-0' condition 'Initialized': False
2025-01-28 21:19:01,562 INFO c.h.h.t.HelmChartContainer - [hivemq-test-hivemq-platform] [hivemq-platform-operator] [522d9ac1] 21:19:01.561 [ReconcilerExecutor-hivemq-controller-98] DEBUG c.h.p.o.h.HiveMQPlatformReconcilerErrorHandler - [helmremo] Pod 'test-hivemq-platform-0' condition 'Ready': False
2025-01-28 21:19:01,562 INFO c.h.h.t.HelmChartContainer - [hivemq-test-hivemq-platform] [hivemq-platform-operator] [522d9ac1] 21:19:01.561 [ReconcilerExecutor-hivemq-controller-98] DEBUG c.h.p.o.h.HiveMQPlatformReconcilerErrorHandler - [helmremo] Pod 'test-hivemq-platform-0' condition 'ContainersReady': False
2025-01-28 21:19:01,562 INFO c.h.h.t.HelmChartContainer - [hivemq-test-hivemq-platform] [hivemq-platform-operator] [522d9ac1] 21:19:01.561 [ReconcilerExecutor-hivemq-controller-98] DEBUG c.h.p.o.h.HiveMQPlatformReconcilerErrorHandler - [helmremo] Pod 'test-hivemq-platform-0' condition 'PodScheduled': True
2025-01-28 21:19:01,562 INFO c.h.h.t.HelmChartContainer - [hivemq-test-hivemq-platform] [hivemq-platform-operator] [522d9ac1] 21:19:01.561 [ReconcilerExecutor-hivemq-controller-98] DEBUG c.h.p.o.h.HiveMQPlatformReconcilerErrorHandler - [helmremo] Pod 'test-hivemq-platform-0' containerStatus 'hivemq' (started: false) (ready: false) (waiting: [PodInitializing] null)
2025-01-28 21:19:01,563 INFO c.h.h.t.HelmChartContainer - [hivemq-test-hivemq-platform] [hivemq-platform-operator] [522d9ac1] 21:19:01.562 [ReconcilerExecutor-hivemq-controller-98] INFO  c.h.p.o.h.HiveMQPlatformReconcilerBaseHandler - [helmremo] HiveMQ Platform is starting, 0 of 1 replicas are ready
2025-01-28 21:19:02,444 INFO c.h.h.t.HelmChartContainer - [EVENT] Normal [Pulled] Container image "docker.io/hivemq/hivemq4:4.36.0" already present on machine [helmremovenamespaceit:test-hivemq-platform-0]
2025-01-28 21:19:02,444 INFO c.h.h.t.HelmChartContainer - Received Pulled event for container hivemq in pod test-hivemq-platform-0 [adc8bdb2-5f3d-4c52-b2ad-b74f1ab5df5d]
2025-01-28 21:19:02,452 INFO c.h.h.t.HelmChartContainer - [POD] test-hivemq-platform-0 [adc8bdb2-5f3d-4c52-b2ad-b74f1ab5df5d] in helmremovenamespaceit was MODIFIED
2025-01-28 21:19:02,462 INFO c.h.h.t.HelmChartContainer - [hivemq-test-hivemq-platform] [hivemq-platform-operator] [522d9ac1] 21:19:02.459 [pool-6-thread-6] DEBUG c.h.p.o.d.PlatformServiceResource - [helmremo] Desired Platform services (3 services)
2025-01-28 21:19:02,465 INFO c.h.h.t.HelmChartContainer - [hivemq-test-hivemq-platform] [hivemq-platform-operator] [522d9ac1] 21:19:02.461 [pool-6-thread-3] DEBUG c.h.p.o.dependants.PodInfoConfigMap - [helmremo] Desired PodInfo ConfigMap (1 extensions) (1 enabled)
2025-01-28 21:19:02,465 INFO c.h.h.t.HelmChartContainer - [hivemq-test-hivemq-platform] [hivemq-platform-operator] [522d9ac1] 21:19:02.461 [pool-6-thread-3] DEBUG c.h.p.o.dependants.PodInfoConfigMap - [helmremo] Desired PodInfo ConfigMap (metrics port: 9399) (metrics path: /)
2025-01-28 21:19:02,465 INFO c.h.h.t.HelmChartContainer - [hivemq-test-hivemq-platform] [hivemq-platform-operator] [522d9ac1] 21:19:02.461 [pool-6-thread-3] DEBUG c.h.p.o.dependants.PodInfoConfigMap - [helmremo] Desired PodInfo ConfigMap (extension state hash: -1817474005)
2025-01-28 21:19:02,466 INFO c.h.h.t.HelmChartContainer - [hivemq-test-hivemq-platform] [hivemq-platform-operator] [522d9ac1] 21:19:02.464 [pool-6-thread-2] DEBUG c.h.p.o.d.PodServiceAccountResource - [helmremo] Desired PodServiceAccountResource (serviceAccountName: hivemq-platform-pod-test-hivemq-platform)
2025-01-28 21:19:02,472 INFO c.h.h.t.HelmChartContainer - [hivemq-test-hivemq-platform] [hivemq-platform-operator] [522d9ac1] 21:19:02.471 [pool-6-thread-6] DEBUG c.h.p.o.d.StatefulSetResource - [helmremo] Desired StatefulSet (1 replicas) for status STARTING (READY)
2025-01-28 21:19:02,551 INFO c.h.h.t.HelmChartContainer - [hivemq-test-hivemq-platform] [hivemq-platform-operator] [522d9ac1] 21:19:02.548 [ReconcilerExecutor-hivemq-controller-109] INFO  c.h.p.o.HiveMQPlatformReconciler - [helmremo] Reconciling HiveMQ Platform 'test-hivemq-platform' in namespace 'helmremovenamespaceit'
2025-01-28 21:19:02,552 INFO c.h.h.t.HelmChartContainer - [hivemq-test-hivemq-platform] [hivemq-platform-operator] [522d9ac1] 21:19:02.548 [ReconcilerExecutor-hivemq-controller-109] DEBUG c.h.p.o.HiveMQPlatformReconciler - [helmremo] Custom Resource Status STARTING - HiveMQ Platform is starting (READY)
2025-01-28 21:19:02,552 INFO c.h.h.t.HelmChartContainer - [hivemq-test-hivemq-platform] [hivemq-platform-operator] [522d9ac1] 21:19:02.548 [ReconcilerExecutor-hivemq-controller-109] DEBUG c.h.p.o.HiveMQPlatformReconciler - [helmremo] Custom Resource Spec (replicas: 1) (extensions: 1)
2025-01-28 21:19:02,555 INFO c.h.h.t.HelmChartContainer - [hivemq-test-hivemq-platform] [hivemq-platform-operator] [522d9ac1] 21:19:02.551 [ReconcilerExecutor-hivemq-controller-109] DEBUG c.h.p.o.HiveMQPlatformReconciler - [helmremo] StatefulSet Status (revision: test-hivemq-platform-bd687ff79, replicas: 1, available: 0, ready: 0, current: 1, updated: 1)
2025-01-28 21:19:02,556 INFO c.h.h.t.HelmChartContainer - [hivemq-test-hivemq-platform] [hivemq-platform-operator] [522d9ac1] 21:19:02.551 [ReconcilerExecutor-hivemq-controller-109] DEBUG c.h.p.o.HiveMQPlatformReconciler - [helmremo] StatefulSet Spec (replicas: 1, init containers: 1, containers: 1, volumes: 3)
2025-01-28 21:19:02,556 INFO c.h.h.t.HelmChartContainer - [hivemq-test-hivemq-platform] [hivemq-platform-operator] [522d9ac1] 21:19:02.554 [ReconcilerExecutor-hivemq-controller-109] DEBUG c.h.p.o.h.HiveMQPlatformReconcilerErrorHandler - [helmremo] Pod 'test-hivemq-platform-0' phase Pending
2025-01-28 21:19:02,557 INFO c.h.h.t.HelmChartContainer - [hivemq-test-hivemq-platform] [hivemq-platform-operator] [522d9ac1] 21:19:02.554 [ReconcilerExecutor-hivemq-controller-109] DEBUG c.h.p.o.h.HiveMQPlatformReconcilerErrorHandler - [helmremo] Pod 'test-hivemq-platform-0' condition 'PodReadyToStartContainers': True
2025-01-28 21:19:02,557 INFO c.h.h.t.HelmChartContainer - [hivemq-test-hivemq-platform] [hivemq-platform-operator] [522d9ac1] 21:19:02.554 [ReconcilerExecutor-hivemq-controller-109] DEBUG c.h.p.o.h.HiveMQPlatformReconcilerErrorHandler - [helmremo] Pod 'test-hivemq-platform-0' condition 'Initialized': True
2025-01-28 21:19:02,557 INFO c.h.h.t.HelmChartContainer - [hivemq-test-hivemq-platform] [hivemq-platform-operator] [522d9ac1] 21:19:02.554 [ReconcilerExecutor-hivemq-controller-109] DEBUG c.h.p.o.h.HiveMQPlatformReconcilerErrorHandler - [helmremo] Pod 'test-hivemq-platform-0' condition 'Ready': False
2025-01-28 21:19:02,557 INFO c.h.h.t.HelmChartContainer - [hivemq-test-hivemq-platform] [hivemq-platform-operator] [522d9ac1] 21:19:02.554 [ReconcilerExecutor-hivemq-controller-109] DEBUG c.h.p.o.h.HiveMQPlatformReconcilerErrorHandler - [helmremo] Pod 'test-hivemq-platform-0' condition 'ContainersReady': False
2025-01-28 21:19:02,557 INFO c.h.h.t.HelmChartContainer - [hivemq-test-hivemq-platform] [hivemq-platform-operator] [522d9ac1] 21:19:02.554 [ReconcilerExecutor-hivemq-controller-109] DEBUG c.h.p.o.h.HiveMQPlatformReconcilerErrorHandler - [helmremo] Pod 'test-hivemq-platform-0' condition 'PodScheduled': True
2025-01-28 21:19:02,558 INFO c.h.h.t.HelmChartContainer - [hivemq-test-hivemq-platform] [hivemq-platform-operator] [522d9ac1] 21:19:02.554 [ReconcilerExecutor-hivemq-controller-109] DEBUG c.h.p.o.h.HiveMQPlatformReconcilerErrorHandler - [helmremo] Pod 'test-hivemq-platform-0' containerStatus 'hivemq' (started: false) (ready: false) (waiting: [PodInitializing] null)
2025-01-28 21:19:02,558 INFO c.h.h.t.HelmChartContainer - [hivemq-test-hivemq-platform] [hivemq-platform-operator] [522d9ac1] 21:19:02.556 [ReconcilerExecutor-hivemq-controller-109] INFO  c.h.p.o.h.HiveMQPlatformReconcilerBaseHandler - [helmremo] HiveMQ Platform is starting, 0 of 1 replicas are ready
2025-01-28 21:19:04,306 INFO c.h.h.t.HelmChartContainer - [EVENT] Normal [Created] Created container: hivemq [helmremovenamespaceit:test-hivemq-platform-0]
2025-01-28 21:19:04,306 INFO c.h.h.t.HelmChartContainer - Received Created event for container hivemq in pod test-hivemq-platform-0 [adc8bdb2-5f3d-4c52-b2ad-b74f1ab5df5d]
2025-01-28 21:19:04,453 INFO c.h.h.t.HelmChartContainer - [POD] test-hivemq-platform-0 [adc8bdb2-5f3d-4c52-b2ad-b74f1ab5df5d] in helmremovenamespaceit was MODIFIED
2025-01-28 21:19:04,464 INFO c.h.h.t.HelmChartContainer - Started log watcher for hivemq in pod test-hivemq-platform-0 [adc8bdb2-5f3d-4c52-b2ad-b74f1ab5df5d]
2025-01-28 21:19:04,464 INFO c.h.h.t.HelmChartContainer - [test-hivemq-platform] [hivemq] [adc8bdb2] Adding pre-installed HiveMQ Platform Operator extensions
2025-01-28 21:19:04,464 INFO c.h.h.t.HelmChartContainer - [hivemq-test-hivemq-platform] [hivemq-platform-operator] [522d9ac1] 21:19:04.462 [pool-6-thread-15] DEBUG c.h.p.o.d.PlatformServiceResource - [helmremo] Desired Platform services (3 services)
2025-01-28 21:19:04,464 INFO c.h.h.t.HelmChartContainer - [EVENT] Normal [Started] Started container hivemq [helmremovenamespaceit:test-hivemq-platform-0]
2025-01-28 21:19:04,464 INFO c.h.h.t.HelmChartContainer - Received Started event for container hivemq in pod test-hivemq-platform-0 [adc8bdb2-5f3d-4c52-b2ad-b74f1ab5df5d]
2025-01-28 21:19:04,465 INFO c.h.h.t.HelmChartContainer - [test-hivemq-platform] [hivemq] [adc8bdb2] Running as user 10000
2025-01-28 21:19:04,465 INFO c.h.h.t.HelmChartContainer - [test-hivemq-platform] [hivemq] [adc8bdb2] Starting HiveMQ Platform Operator Init
2025-01-28 21:19:04,469 INFO c.h.h.t.HelmChartContainer - [hivemq-test-hivemq-platform] [hivemq-platform-operator] [522d9ac1] 21:19:04.463 [pool-6-thread-16] DEBUG c.h.p.o.dependants.PodInfoConfigMap - [helmremo] Desired PodInfo ConfigMap (1 extensions) (1 enabled)
2025-01-28 21:19:04,473 INFO c.h.h.t.HelmChartContainer - [hivemq-test-hivemq-platform] [hivemq-platform-operator] [522d9ac1] 21:19:04.466 [pool-6-thread-17] DEBUG c.h.p.o.d.PodServiceAccountResource - [helmremo] Desired PodServiceAccountResource (serviceAccountName: hivemq-platform-pod-test-hivemq-platform)
2025-01-28 21:19:04,473 INFO c.h.h.t.HelmChartContainer - [hivemq-test-hivemq-platform] [hivemq-platform-operator] [522d9ac1] 21:19:04.468 [pool-6-thread-16] DEBUG c.h.p.o.dependants.PodInfoConfigMap - [helmremo] Desired PodInfo ConfigMap (metrics port: 9399) (metrics path: /)
2025-01-28 21:19:04,478 INFO c.h.h.t.HelmChartContainer - [hivemq-test-hivemq-platform] [hivemq-platform-operator] [522d9ac1] 21:19:04.473 [pool-6-thread-16] DEBUG c.h.p.o.dependants.PodInfoConfigMap - [helmremo] Desired PodInfo ConfigMap (extension state hash: -1817474005)
2025-01-28 21:19:04,546 INFO c.h.h.t.HelmChartContainer - [hivemq-test-hivemq-platform] [hivemq-platform-operator] [522d9ac1] 21:19:04.480 [pool-6-thread-16] DEBUG c.h.p.o.d.StatefulSetResource - [helmremo] Desired StatefulSet (1 replicas) for status STARTING (READY)
2025-01-28 21:19:04,552 INFO c.h.h.t.HelmChartContainer - [hivemq-test-hivemq-platform] [hivemq-platform-operator] [522d9ac1] 21:19:04.550 [ReconcilerExecutor-hivemq-controller-110] INFO  c.h.p.o.HiveMQPlatformReconciler - [helmremo] Reconciling HiveMQ Platform 'test-hivemq-platform' in namespace 'helmremovenamespaceit'
2025-01-28 21:19:04,552 INFO c.h.h.t.HelmChartContainer - [hivemq-test-hivemq-platform] [hivemq-platform-operator] [522d9ac1] 21:19:04.551 [ReconcilerExecutor-hivemq-controller-110] DEBUG c.h.p.o.HiveMQPlatformReconciler - [helmremo] Custom Resource Status STARTING - HiveMQ Platform is starting (READY)
2025-01-28 21:19:04,552 INFO c.h.h.t.HelmChartContainer - [hivemq-test-hivemq-platform] [hivemq-platform-operator] [522d9ac1] 21:19:04.551 [ReconcilerExecutor-hivemq-controller-110] DEBUG c.h.p.o.HiveMQPlatformReconciler - [helmremo] Custom Resource Spec (replicas: 1) (extensions: 1)
2025-01-28 21:19:04,553 INFO c.h.h.t.HelmChartContainer - [hivemq-test-hivemq-platform] [hivemq-platform-operator] [522d9ac1] 21:19:04.553 [ReconcilerExecutor-hivemq-controller-110] DEBUG c.h.p.o.HiveMQPlatformReconciler - [helmremo] StatefulSet Status (revision: test-hivemq-platform-bd687ff79, replicas: 1, available: 0, ready: 0, current: 1, updated: 1)
2025-01-28 21:19:04,556 INFO c.h.h.t.HelmChartContainer - [hivemq-test-hivemq-platform] [hivemq-platform-operator] [522d9ac1] 21:19:04.553 [ReconcilerExecutor-hivemq-controller-110] DEBUG c.h.p.o.HiveMQPlatformReconciler - [helmremo] StatefulSet Spec (replicas: 1, init containers: 1, containers: 1, volumes: 3)
2025-01-28 21:19:04,557 INFO c.h.h.t.HelmChartContainer - [hivemq-test-hivemq-platform] [hivemq-platform-operator] [522d9ac1] 21:19:04.555 [ReconcilerExecutor-hivemq-controller-110] DEBUG c.h.p.o.h.HiveMQPlatformReconcilerErrorHandler - [helmremo] Pod 'test-hivemq-platform-0' phase Running
2025-01-28 21:19:04,557 INFO c.h.h.t.HelmChartContainer - [hivemq-test-hivemq-platform] [hivemq-platform-operator] [522d9ac1] 21:19:04.556 [ReconcilerExecutor-hivemq-controller-110] INFO  c.h.p.o.h.HiveMQPlatformReconcilerBaseHandler - [helmremo] HiveMQ Platform is starting, 0 of 1 replicas are ready
2025-01-28 21:19:05,570 INFO c.h.h.t.HelmChartContainer - [test-hivemq-platform] [hivemq] [adc8bdb2] INFO  - [HiveMQ Platform Operator Init 1.7.0-SNAPSHOT] HiveMQ Platform Operator Init 1.7.0-SNAPSHOT (commit: bebf408 on branch: HEAD) built on Sun Jan 26 20:47:47 UTC 2025
2025-01-28 21:19:06,698 INFO c.h.h.t.HelmChartContainer - [test-hivemq-platform] [hivemq] [adc8bdb2] INFO  - [HiveMQ Platform Operator Init App 1.7.0-SNAPSHOT] Using bind address 10.42.0.9 from environment variable
2025-01-28 21:19:07,571 INFO c.h.h.t.HelmChartContainer - [test-hivemq-platform] [hivemq] [adc8bdb2] INFO  - [HiveMQ Platform Operator Init App 1.7.0-SNAPSHOT] HiveMQ Platform Operator Init App 1.7.0-SNAPSHOT (commit: bebf408 on branch: HEAD) built on Sun Jan 26 20:47:47 UTC 2025
2025-01-28 21:19:07,572 INFO c.h.h.t.HelmChartContainer - [test-hivemq-platform] [hivemq] [adc8bdb2] INFO  - [HiveMQ Platform Operator Init App 1.7.0-SNAPSHOT] PodInfo ConfigMap directory: /etc/podinfo
2025-01-28 21:19:07,572 INFO c.h.h.t.HelmChartContainer - [test-hivemq-platform] [hivemq] [adc8bdb2] INFO  - [HiveMQ Platform Operator Init App 1.7.0-SNAPSHOT] HiveMQ home directory: /opt/hivemq
2025-01-28 21:19:07,572 INFO c.h.h.t.HelmChartContainer - [test-hivemq-platform] [hivemq] [adc8bdb2] INFO  - [HiveMQ Platform Operator Init App 1.7.0-SNAPSHOT] HiveMQ Logback folder: /opt/hivemq/conf
2025-01-28 21:19:07,572 INFO c.h.h.t.HelmChartContainer - [test-hivemq-platform] [hivemq] [adc8bdb2] INFO  - [HiveMQ Platform Operator Init App 1.7.0-SNAPSHOT] HiveMQ Config folder: /opt/hivemq/conf-k8s
2025-01-28 21:19:07,586 INFO c.h.h.t.HelmChartContainer - [test-hivemq-platform] [hivemq] [adc8bdb2] INFO  - [HiveMQ Platform Operator Init App 1.7.0-SNAPSHOT] Starting HiveMQ Platform Operator Init App
2025-01-28 21:19:07,587 INFO c.h.h.t.HelmChartContainer - [test-hivemq-platform] [hivemq] [adc8bdb2] INFO  - [HiveMQ Platform Operator Init App 1.7.0-SNAPSHOT] Starting Pod reconciler
2025-01-28 21:19:08,866 INFO c.h.h.t.HelmChartContainer - [test-hivemq-platform] [hivemq] [adc8bdb2] INFO  - [HiveMQ Platform Operator Init App 1.7.0-SNAPSHOT] Pod reconciler is scheduled (interval: 5000 ms)
2025-01-28 21:19:08,868 INFO c.h.h.t.HelmChartContainer - [test-hivemq-platform] [hivemq] [adc8bdb2] INFO  - [HiveMQ Platform Operator Init App 1.7.0-SNAPSHOT] Starting the REST API on 10.42.0.9:7979
2025-01-28 21:19:08,870 INFO c.h.h.t.HelmChartContainer - [test-hivemq-platform] [hivemq] [adc8bdb2] INFO  - [HiveMQ Platform Operator Init App 1.7.0-SNAPSHOT] Waiting up to 600s for at most 1 HiveMQ nodes in cluster service hivemq-test-hivemq-platform-cluster.helmremovenamespaceit.svc
2025-01-28 21:19:09,198 INFO c.h.h.t.HelmChartContainer - [test-hivemq-platform] [hivemq] [adc8bdb2] INFO  - [HiveMQ Platform Operator Init App 1.7.0-SNAPSHOT] Resolved 1 IP addresses: [10.42.0.9]
2025-01-28 21:19:09,199 INFO c.h.h.t.HelmChartContainer - [test-hivemq-platform] [hivemq] [adc8bdb2] INFO  - [HiveMQ Platform Operator Init App 1.7.0-SNAPSHOT] HiveMQ node count of 1 is within threshold of 1
2025-01-28 21:19:09,199 INFO c.h.h.t.HelmChartContainer - [test-hivemq-platform] [hivemq] [adc8bdb2] INFO  - [HiveMQ Platform Operator Init App 1.7.0-SNAPSHOT] Proceeding with container start
2025-01-28 21:19:09,299 INFO c.h.h.t.HelmChartContainer - [test-hivemq-platform] [hivemq] [adc8bdb2] INFO  - [HiveMQ Platform Operator Init App 1.7.0-SNAPSHOT] Initializing HiveMQ Platform extensions with initial configuration: {hivemq-allow-all-extension={start-priority=-1, skip-https-hostname-verification=false, restart=true, config-version=0, header-version=0, c-uri=, priority=-1, uri=preinstalled, skip-https-certificate-validation=false, enabled=true}, hivemq-prometheus-extension={enabled=true, request-header-path=no-request-headers, uri=preinstalled, skip-https-certificate-validation=false, skip-https-hostname-verification=false, c-uri=, start-priority=-1, priority=-1, restart=true}}
2025-01-28 21:19:09,800 INFO c.h.h.t.HelmChartContainer - [test-hivemq-platform] [hivemq] [adc8bdb2] INFO  - [HiveMQ Platform Operator Init App 1.7.0-SNAPSHOT] Extension hivemq-allow-all-extension was already enabled
2025-01-28 21:19:09,895 INFO c.h.h.t.HelmChartContainer - [test-hivemq-platform] [hivemq] [adc8bdb2] INFO  - [HiveMQ Platform Operator Init App 1.7.0-SNAPSHOT] Successfully enabled extension hivemq-prometheus-extension
2025-01-28 21:19:09,897 INFO c.h.h.t.HelmChartContainer - [test-hivemq-platform] [hivemq] [adc8bdb2] INFO  - [HiveMQ Platform Operator Init App 1.7.0-SNAPSHOT] Starting HiveMQ Platform version 4.36.0 (4.36.0)
2025-01-28 21:19:09,897 INFO c.h.h.t.HelmChartContainer - [test-hivemq-platform] [hivemq] [adc8bdb2] INFO  - [HiveMQ Platform Operator Init App 1.7.0-SNAPSHOT] Configuring the HiveMQ Platform
2025-01-28 21:19:09,988 INFO c.h.h.t.HelmChartContainer - [test-hivemq-platform] [hivemq] [adc8bdb2] INFO  - [HiveMQ Platform Operator Init App 1.7.0-SNAPSHOT] Changed logback.xml file scan period to 20 seconds
2025-01-28 21:19:10,070 INFO c.h.h.t.HelmChartContainer - [test-hivemq-platform] [hivemq] [adc8bdb2] INFO  - [HiveMQ Platform Operator Init App 1.7.0-SNAPSHOT] Starting the HiveMQ Platform
2025-01-28 21:19:10,088 INFO c.h.h.t.HelmChartContainer - [test-hivemq-platform] [hivemq] [adc8bdb2] -------------------------------------------------------------------------
2025-01-28 21:19:10,089 INFO c.h.h.t.HelmChartContainer - [test-hivemq-platform] [hivemq] [adc8bdb2] 
2025-01-28 21:19:10,090 INFO c.h.h.t.HelmChartContainer - [test-hivemq-platform] [hivemq] [adc8bdb2]                   _    _  _              __  __   ____
2025-01-28 21:19:10,090 INFO c.h.h.t.HelmChartContainer - [test-hivemq-platform] [hivemq] [adc8bdb2]                  | |  | |(_)            |  \/  | / __ \
2025-01-28 21:19:10,090 INFO c.h.h.t.HelmChartContainer - [test-hivemq-platform] [hivemq] [adc8bdb2]                  | |__| | _ __   __ ___ | \  / || |  | |
2025-01-28 21:19:10,090 INFO c.h.h.t.HelmChartContainer - [test-hivemq-platform] [hivemq] [adc8bdb2]                  |  __  || |\ \ / // _ \| |\/| || |  | |
2025-01-28 21:19:10,090 INFO c.h.h.t.HelmChartContainer - [test-hivemq-platform] [hivemq] [adc8bdb2]                  | |  | || | \ V /|  __/| |  | || |__| |
2025-01-28 21:19:10,090 INFO c.h.h.t.HelmChartContainer - [test-hivemq-platform] [hivemq] [adc8bdb2]                  |_|  |_||_|  \_/  \___||_|  |_| \___\_\
2025-01-28 21:19:10,090 INFO c.h.h.t.HelmChartContainer - [test-hivemq-platform] [hivemq] [adc8bdb2] 
2025-01-28 21:19:10,090 INFO c.h.h.t.HelmChartContainer - [test-hivemq-platform] [hivemq] [adc8bdb2] -------------------------------------------------------------------------
2025-01-28 21:19:10,090 INFO c.h.h.t.HelmChartContainer - [test-hivemq-platform] [hivemq] [adc8bdb2] 
2025-01-28 21:19:10,090 INFO c.h.h.t.HelmChartContainer - [test-hivemq-platform] [hivemq] [adc8bdb2]   HiveMQ Start Script for Linux/Unix v1.14
2025-01-28 21:19:10,090 INFO c.h.h.t.HelmChartContainer - [test-hivemq-platform] [hivemq] [adc8bdb2] 
2025-01-28 21:19:10,173 INFO c.h.h.t.HelmChartContainer - [test-hivemq-platform] [hivemq] [adc8bdb2] -------------------------------------------------------------------------
2025-01-28 21:19:10,173 INFO c.h.h.t.HelmChartContainer - [test-hivemq-platform] [hivemq] [adc8bdb2] 
2025-01-28 21:19:10,173 INFO c.h.h.t.HelmChartContainer - [test-hivemq-platform] [hivemq] [adc8bdb2]   HIVEMQ_HOME: /opt/hivemq
2025-01-28 21:19:10,173 INFO c.h.h.t.HelmChartContainer - [test-hivemq-platform] [hivemq] [adc8bdb2] 
2025-01-28 21:19:10,173 INFO c.h.h.t.HelmChartContainer - [test-hivemq-platform] [hivemq] [adc8bdb2]   JAVA_OPTS: -XX:+UnlockExperimentalVMOptions -XX:InitialRAMPercentage=50 -XX:MaxRAMPercentage=50 -Djava.net.preferIPv4Stack=true --add-opens java.base/java.lang=ALL-UNNAMED --add-opens java.base/java.nio=ALL-UNNAMED --add-opens java.base/sun.nio.ch=ALL-UNNAMED --add-opens jdk.management/com.sun.management.internal=ALL-UNNAMED --add-exports java.base/jdk.internal.misc=ALL-UNNAMED -Djava.security.egd=file:/dev/./urandom -Dcom.sun.management.jmxremote -Dcom.sun.management.jmxremote.port=9010 -Dcom.sun.management.jmxremote.local.only=false -Dcom.sun.management.jmxremote.authenticate=false -Dcom.sun.management.jmxremote.ssl=false -Duser.language=en -Duser.region=US -XX:+CrashOnOutOfMemoryError -XX:+HeapDumpOnOutOfMemoryError
2025-01-28 21:19:10,173 INFO c.h.h.t.HelmChartContainer - [test-hivemq-platform] [hivemq] [adc8bdb2] 
2025-01-28 21:19:10,173 INFO c.h.h.t.HelmChartContainer - [test-hivemq-platform] [hivemq] [adc8bdb2]   JAVA_VERSION: 21
2025-01-28 21:19:10,173 INFO c.h.h.t.HelmChartContainer - [test-hivemq-platform] [hivemq] [adc8bdb2] 
2025-01-28 21:19:10,173 INFO c.h.h.t.HelmChartContainer - [test-hivemq-platform] [hivemq] [adc8bdb2] -------------------------------------------------------------------------
2025-01-28 21:19:10,173 INFO c.h.h.t.HelmChartContainer - [test-hivemq-platform] [hivemq] [adc8bdb2] 
2025-01-28 21:19:10,493 INFO c.h.h.t.HelmChartContainer - [test-hivemq-platform] [hivemq] [adc8bdb2] INFO  - [HiveMQ Platform Operator Init App 1.7.0-SNAPSHOT] Returning default Health API response 503 for readiness
2025-01-28 21:19:10,799 INFO c.h.h.t.HelmChartContainer - [EVENT] Warning [Unhealthy] Readiness probe failed: HTTP probe failed with statuscode: 503 [helmremovenamespaceit:test-hivemq-platform-0]
2025-01-28 21:19:10,799 INFO c.h.h.t.HelmChartContainer - Received Unhealthy event for container hivemq in pod test-hivemq-platform-0 [adc8bdb2-5f3d-4c52-b2ad-b74f1ab5df5d]
2025-01-28 21:19:13,068 INFO c.h.h.t.HelmChartContainer - [test-hivemq-platform] [hivemq] [adc8bdb2] INFO  - Starting HiveMQ Enterprise Server
2025-01-28 21:19:13,089 INFO c.h.h.t.HelmChartContainer - [test-hivemq-platform] [hivemq] [adc8bdb2] INFO  - HiveMQ version: 4.36.0
2025-01-28 21:19:13,090 INFO c.h.h.t.HelmChartContainer - [test-hivemq-platform] [hivemq] [adc8bdb2] INFO  - HiveMQ home directory: /opt/hivemq
2025-01-28 21:19:13,090 INFO c.h.h.t.HelmChartContainer - [test-hivemq-platform] [hivemq] [adc8bdb2] INFO  - Log Configuration was overridden by /opt/hivemq/conf/logback.xml
2025-01-28 21:19:14,564 INFO c.h.h.t.HelmChartContainer - [hivemq-test-hivemq-platform] [hivemq-platform-operator] [522d9ac1] 21:19:14.560 [pool-6-thread-25] DEBUG c.h.p.o.d.PlatformServiceResource - [helmremo] Desired Platform services (3 services)
2025-01-28 21:19:14,568 INFO c.h.h.t.HelmChartContainer - [hivemq-test-hivemq-platform] [hivemq-platform-operator] [522d9ac1] 21:19:14.561 [pool-6-thread-24] DEBUG c.h.p.o.d.PodServiceAccountResource - [helmremo] Desired PodServiceAccountResource (serviceAccountName: hivemq-platform-pod-test-hivemq-platform)
2025-01-28 21:19:14,571 INFO c.h.h.t.HelmChartContainer - [hivemq-test-hivemq-platform] [hivemq-platform-operator] [522d9ac1] 21:19:14.562 [pool-6-thread-28] DEBUG c.h.p.o.dependants.PodInfoConfigMap - [helmremo] Desired PodInfo ConfigMap (1 extensions) (1 enabled)
2025-01-28 21:19:14,572 INFO c.h.h.t.HelmChartContainer - [hivemq-test-hivemq-platform] [hivemq-platform-operator] [522d9ac1] 21:19:14.568 [pool-6-thread-28] DEBUG c.h.p.o.dependants.PodInfoConfigMap - [helmremo] Desired PodInfo ConfigMap (metrics port: 9399) (metrics path: /)
2025-01-28 21:19:14,572 INFO c.h.h.t.HelmChartContainer - [hivemq-test-hivemq-platform] [hivemq-platform-operator] [522d9ac1] 21:19:14.568 [pool-6-thread-28] DEBUG c.h.p.o.dependants.PodInfoConfigMap - [helmremo] Desired PodInfo ConfigMap (extension state hash: -1817474005)
2025-01-28 21:19:14,572 INFO c.h.h.t.HelmChartContainer - [hivemq-test-hivemq-platform] [hivemq-platform-operator] [522d9ac1] 21:19:14.571 [pool-6-thread-28] DEBUG c.h.p.o.d.StatefulSetResource - [helmremo] Desired StatefulSet (1 replicas) for status STARTING (READY)
2025-01-28 21:19:14,578 INFO c.h.h.t.HelmChartContainer - [hivemq-test-hivemq-platform] [hivemq-platform-operator] [522d9ac1] 21:19:14.575 [ReconcilerExecutor-hivemq-controller-111] INFO  c.h.p.o.HiveMQPlatformReconciler - [helmremo] Reconciling HiveMQ Platform 'test-hivemq-platform' in namespace 'helmremovenamespaceit'
2025-01-28 21:19:14,579 INFO c.h.h.t.HelmChartContainer - [hivemq-test-hivemq-platform] [hivemq-platform-operator] [522d9ac1] 21:19:14.575 [ReconcilerExecutor-hivemq-controller-111] DEBUG c.h.p.o.HiveMQPlatformReconciler - [helmremo] Custom Resource Status STARTING - HiveMQ Platform is starting (READY)
2025-01-28 21:19:14,579 INFO c.h.h.t.HelmChartContainer - [hivemq-test-hivemq-platform] [hivemq-platform-operator] [522d9ac1] 21:19:14.575 [ReconcilerExecutor-hivemq-controller-111] DEBUG c.h.p.o.HiveMQPlatformReconciler - [helmremo] Custom Resource Spec (replicas: 1) (extensions: 1)
2025-01-28 21:19:14,579 INFO c.h.h.t.HelmChartContainer - [hivemq-test-hivemq-platform] [hivemq-platform-operator] [522d9ac1] 21:19:14.576 [ReconcilerExecutor-hivemq-controller-111] DEBUG c.h.p.o.HiveMQPlatformReconciler - [helmremo] StatefulSet Status (revision: test-hivemq-platform-bd687ff79, replicas: 1, available: 0, ready: 0, current: 1, updated: 1)
2025-01-28 21:19:14,579 INFO c.h.h.t.HelmChartContainer - [hivemq-test-hivemq-platform] [hivemq-platform-operator] [522d9ac1] 21:19:14.577 [ReconcilerExecutor-hivemq-controller-111] DEBUG c.h.p.o.HiveMQPlatformReconciler - [helmremo] StatefulSet Spec (replicas: 1, init containers: 1, containers: 1, volumes: 3)
2025-01-28 21:19:14,580 INFO c.h.h.t.HelmChartContainer - [hivemq-test-hivemq-platform] [hivemq-platform-operator] [522d9ac1] 21:19:14.577 [ReconcilerExecutor-hivemq-controller-111] DEBUG c.h.p.o.h.HiveMQPlatformReconcilerErrorHandler - [helmremo] Pod 'test-hivemq-platform-0' phase Running
2025-01-28 21:19:14,580 INFO c.h.h.t.HelmChartContainer - [hivemq-test-hivemq-platform] [hivemq-platform-operator] [522d9ac1] 21:19:14.578 [ReconcilerExecutor-hivemq-controller-111] INFO  c.h.p.o.h.HiveMQPlatformReconcilerBaseHandler - [helmremo] HiveMQ Platform is starting, 0 of 1 replicas are ready
2025-01-28 21:19:14,795 INFO c.h.h.t.HelmChartContainer - [test-hivemq-platform] [hivemq] [adc8bdb2] INFO  - Successfully loaded configuration from '/opt/hivemq/conf-k8s/config.xml'.
2025-01-28 21:19:15,789 INFO c.h.h.t.HelmChartContainer - [test-hivemq-platform] [hivemq] [adc8bdb2] INFO  - This node's ID is rJDTJ
2025-01-28 21:19:15,790 INFO c.h.h.t.HelmChartContainer - [test-hivemq-platform] [hivemq] [adc8bdb2] INFO  - Clustering is enabled
2025-01-28 21:19:15,895 INFO c.h.h.t.HelmChartContainer - [test-hivemq-platform] [hivemq] [adc8bdb2] WARN  - [HiveMQ Platform Operator Init App 1.7.0-SNAPSHOT] Cannot connect to Health API for readiness: null
2025-01-28 21:19:15,899 INFO c.h.h.t.HelmChartContainer - [EVENT] Warning [Unhealthy] Readiness probe failed: HTTP probe failed with statuscode: 503 [helmremovenamespaceit:test-hivemq-platform-0]
2025-01-28 21:19:15,899 INFO c.h.h.t.HelmChartContainer - Received Unhealthy event for container hivemq in pod test-hivemq-platform-0 [adc8bdb2-5f3d-4c52-b2ad-b74f1ab5df5d]
2025-01-28 21:19:19,095 INFO c.h.h.t.HelmChartContainer - [test-hivemq-platform] [hivemq] [adc8bdb2] Jan 28, 2025 9:19:19 PM io.vertx.core.impl.BlockedThreadChecker
2025-01-28 21:19:19,095 INFO c.h.h.t.HelmChartContainer - [test-hivemq-platform] [hivemq] [adc8bdb2] WARNING: Thread Thread[vert.x-eventloop-thread-1,5,main] has been blocked for 2092 ms, time limit is 2000 ms
2025-01-28 21:19:19,767 INFO c.h.h.t.HelmChartContainer - [test-hivemq-platform] [hivemq] [adc8bdb2] INFO  - [HiveMQ Platform Operator Init App 1.7.0-SNAPSHOT] Updating Pod HiveMQ Platform Operator Init App version annotation (version: 1.7.0-SNAPSHOT)
2025-01-28 21:19:20,491 INFO c.h.h.t.HelmChartContainer - [test-hivemq-platform] [hivemq] [adc8bdb2] WARN  - [HiveMQ Platform Operator Init App 1.7.0-SNAPSHOT] Cannot connect to Health API for readiness: null
2025-01-28 21:19:20,501 INFO c.h.h.t.HelmChartContainer - [EVENT] Warning [Unhealthy] Readiness probe failed: HTTP probe failed with statuscode: 503 [helmremovenamespaceit:test-hivemq-platform-0]
2025-01-28 21:19:20,501 INFO c.h.h.t.HelmChartContainer - Received Unhealthy event for container hivemq in pod test-hivemq-platform-0 [adc8bdb2-5f3d-4c52-b2ad-b74f1ab5df5d]
2025-01-28 21:19:20,507 INFO c.h.h.t.HelmChartContainer - [POD] test-hivemq-platform-0 [adc8bdb2-5f3d-4c52-b2ad-b74f1ab5df5d] in helmremovenamespaceit was MODIFIED
2025-01-28 21:19:20,514 INFO c.h.h.t.HelmChartContainer - [hivemq-test-hivemq-platform] [hivemq-platform-operator] [522d9ac1] 21:19:20.512 [pool-6-thread-31] DEBUG c.h.p.o.d.PlatformServiceResource - [helmremo] Desired Platform services (3 services)
2025-01-28 21:19:20,514 INFO c.h.h.t.HelmChartContainer - [hivemq-test-hivemq-platform] [hivemq-platform-operator] [522d9ac1] 21:19:20.513 [pool-6-thread-33] DEBUG c.h.p.o.dependants.PodInfoConfigMap - [helmremo] Desired PodInfo ConfigMap (1 extensions) (1 enabled)
2025-01-28 21:19:20,514 INFO c.h.h.t.HelmChartContainer - [hivemq-test-hivemq-platform] [hivemq-platform-operator] [522d9ac1] 21:19:20.513 [pool-6-thread-33] DEBUG c.h.p.o.dependants.PodInfoConfigMap - [helmremo] Desired PodInfo ConfigMap (metrics port: 9399) (metrics path: /)
2025-01-28 21:19:20,514 INFO c.h.h.t.HelmChartContainer - [hivemq-test-hivemq-platform] [hivemq-platform-operator] [522d9ac1] 21:19:20.513 [pool-6-thread-33] DEBUG c.h.p.o.dependants.PodInfoConfigMap - [helmremo] Desired PodInfo ConfigMap (extension state hash: -1817474005)
2025-01-28 21:19:20,516 INFO c.h.h.t.HelmChartContainer - [hivemq-test-hivemq-platform] [hivemq-platform-operator] [522d9ac1] 21:19:20.515 [pool-6-thread-33] DEBUG c.h.p.o.d.PodServiceAccountResource - [helmremo] Desired PodServiceAccountResource (serviceAccountName: hivemq-platform-pod-test-hivemq-platform)
2025-01-28 21:19:20,523 INFO c.h.h.t.HelmChartContainer - [hivemq-test-hivemq-platform] [hivemq-platform-operator] [522d9ac1] 21:19:20.522 [pool-6-thread-31] DEBUG c.h.p.o.d.StatefulSetResource - [helmremo] Desired StatefulSet (1 replicas) for status STARTING (READY)
2025-01-28 21:19:20,593 INFO c.h.h.t.HelmChartContainer - [test-hivemq-platform] [hivemq] [adc8bdb2] WARN  - [HiveMQ Platform Operator Init App 1.7.0-SNAPSHOT] Cannot connect to Health API for readiness: null
2025-01-28 21:19:20,593 INFO c.h.h.t.HelmChartContainer - [test-hivemq-platform] [hivemq] [adc8bdb2] INFO  - [HiveMQ Platform Operator Init App 1.7.0-SNAPSHOT] Successfully updated Pod HiveMQ Platform Operator Init App version annotation (version: 1.7.0-SNAPSHOT)
2025-01-28 21:19:20,597 INFO c.h.h.t.HelmChartContainer - [EVENT] Warning [Unhealthy] Readiness probe failed: HTTP probe failed with statuscode: 503 [helmremovenamespaceit:test-hivemq-platform-0]
2025-01-28 21:19:20,597 INFO c.h.h.t.HelmChartContainer - Received Unhealthy event for container hivemq in pod test-hivemq-platform-0 [adc8bdb2-5f3d-4c52-b2ad-b74f1ab5df5d]
2025-01-28 21:19:20,600 INFO c.h.h.t.HelmChartContainer - [hivemq-test-hivemq-platform] [hivemq-platform-operator] [522d9ac1] 21:19:20.598 [ReconcilerExecutor-hivemq-controller-112] INFO  c.h.p.o.HiveMQPlatformReconciler - [helmremo] Reconciling HiveMQ Platform 'test-hivemq-platform' in namespace 'helmremovenamespaceit'
2025-01-28 21:19:20,666 INFO c.h.h.t.HelmChartContainer - [hivemq-test-hivemq-platform] [hivemq-platform-operator] [522d9ac1] 21:19:20.598 [ReconcilerExecutor-hivemq-controller-112] DEBUG c.h.p.o.HiveMQPlatformReconciler - [helmremo] Custom Resource Status STARTING - HiveMQ Platform is starting (READY)
2025-01-28 21:19:20,666 INFO c.h.h.t.HelmChartContainer - [hivemq-test-hivemq-platform] [hivemq-platform-operator] [522d9ac1] 21:19:20.598 [ReconcilerExecutor-hivemq-controller-112] DEBUG c.h.p.o.HiveMQPlatformReconciler - [helmremo] Custom Resource Spec (replicas: 1) (extensions: 1)
2025-01-28 21:19:20,666 INFO c.h.h.t.HelmChartContainer - [hivemq-test-hivemq-platform] [hivemq-platform-operator] [522d9ac1] 21:19:20.601 [ReconcilerExecutor-hivemq-controller-112] DEBUG c.h.p.o.HiveMQPlatformReconciler - [helmremo] StatefulSet Status (revision: test-hivemq-platform-bd687ff79, replicas: 1, available: 0, ready: 0, current: 1, updated: 1)
2025-01-28 21:19:20,666 INFO c.h.h.t.HelmChartContainer - [hivemq-test-hivemq-platform] [hivemq-platform-operator] [522d9ac1] 21:19:20.601 [ReconcilerExecutor-hivemq-controller-112] DEBUG c.h.p.o.HiveMQPlatformReconciler - [helmremo] StatefulSet Spec (replicas: 1, init containers: 1, containers: 1, volumes: 3)
2025-01-28 21:19:20,666 INFO c.h.h.t.HelmChartContainer - [hivemq-test-hivemq-platform] [hivemq-platform-operator] [522d9ac1] 21:19:20.602 [ReconcilerExecutor-hivemq-controller-112] DEBUG c.h.p.o.h.HiveMQPlatformReconcilerErrorHandler - [helmremo] Pod 'test-hivemq-platform-0' phase Running
2025-01-28 21:19:20,666 INFO c.h.h.t.HelmChartContainer - [hivemq-test-hivemq-platform] [hivemq-platform-operator] [522d9ac1] 21:19:20.603 [ReconcilerExecutor-hivemq-controller-112] INFO  c.h.p.o.h.HiveMQPlatformReconcilerBaseHandler - [helmremo] HiveMQ Platform is starting, 0 of 1 replicas are ready
2025-01-28 21:19:25,569 INFO c.h.h.t.HelmChartContainer - [test-hivemq-platform] [hivemq] [adc8bdb2] WARN  - [HiveMQ Platform Operator Init App 1.7.0-SNAPSHOT] Cannot connect to Health API for readiness: null
2025-01-28 21:19:25,573 INFO c.h.h.t.HelmChartContainer - [EVENT] Warning [Unhealthy] Readiness probe failed: HTTP probe failed with statuscode: 503 [helmremovenamespaceit:test-hivemq-platform-0]
2025-01-28 21:19:25,573 INFO c.h.h.t.HelmChartContainer - Received Unhealthy event for container hivemq in pod test-hivemq-platform-0 [adc8bdb2-5f3d-4c52-b2ad-b74f1ab5df5d]
2025-01-28 21:19:30,588 INFO c.h.h.t.HelmChartContainer - [test-hivemq-platform] [hivemq] [adc8bdb2] WARN  - [HiveMQ Platform Operator Init App 1.7.0-SNAPSHOT] Cannot connect to Health API for readiness: null
2025-01-28 21:19:30,593 INFO c.h.h.t.HelmChartContainer - [EVENT] Warning [Unhealthy] Readiness probe failed: HTTP probe failed with statuscode: 503 [helmremovenamespaceit:test-hivemq-platform-0]
2025-01-28 21:19:30,593 INFO c.h.h.t.HelmChartContainer - Received Unhealthy event for container hivemq in pod test-hivemq-platform-0 [adc8bdb2-5f3d-4c52-b2ad-b74f1ab5df5d]
2025-01-28 21:19:30,608 INFO c.h.h.t.HelmChartContainer - [hivemq-test-hivemq-platform] [hivemq-platform-operator] [522d9ac1] 21:19:30.606 [pool-6-thread-43] DEBUG c.h.p.o.d.PlatformServiceResource - [helmremo] Desired Platform services (3 services)
2025-01-28 21:19:30,609 INFO c.h.h.t.HelmChartContainer - [hivemq-test-hivemq-platform] [hivemq-platform-operator] [522d9ac1] 21:19:30.606 [pool-6-thread-45] DEBUG c.h.p.o.dependants.PodInfoConfigMap - [helmremo] Desired PodInfo ConfigMap (1 extensions) (1 enabled)
2025-01-28 21:19:30,609 INFO c.h.h.t.HelmChartContainer - [hivemq-test-hivemq-platform] [hivemq-platform-operator] [522d9ac1] 21:19:30.606 [pool-6-thread-45] DEBUG c.h.p.o.dependants.PodInfoConfigMap - [helmremo] Desired PodInfo ConfigMap (metrics port: 9399) (metrics path: /)
2025-01-28 21:19:30,609 INFO c.h.h.t.HelmChartContainer - [hivemq-test-hivemq-platform] [hivemq-platform-operator] [522d9ac1] 21:19:30.606 [pool-6-thread-45] DEBUG c.h.p.o.dependants.PodInfoConfigMap - [helmremo] Desired PodInfo ConfigMap (extension state hash: -1817474005)
2025-01-28 21:19:30,610 INFO c.h.h.t.HelmChartContainer - [hivemq-test-hivemq-platform] [hivemq-platform-operator] [522d9ac1] 21:19:30.607 [pool-6-thread-42] DEBUG c.h.p.o.d.PodServiceAccountResource - [helmremo] Desired PodServiceAccountResource (serviceAccountName: hivemq-platform-pod-test-hivemq-platform)
2025-01-28 21:19:30,616 INFO c.h.h.t.HelmChartContainer - [hivemq-test-hivemq-platform] [hivemq-platform-operator] [522d9ac1] 21:19:30.615 [pool-6-thread-43] DEBUG c.h.p.o.d.StatefulSetResource - [helmremo] Desired StatefulSet (1 replicas) for status STARTING (READY)
2025-01-28 21:19:30,620 INFO c.h.h.t.HelmChartContainer - [hivemq-test-hivemq-platform] [hivemq-platform-operator] [522d9ac1] 21:19:30.618 [ReconcilerExecutor-hivemq-controller-113] INFO  c.h.p.o.HiveMQPlatformReconciler - [helmremo] Reconciling HiveMQ Platform 'test-hivemq-platform' in namespace 'helmremovenamespaceit'
2025-01-28 21:19:30,620 INFO c.h.h.t.HelmChartContainer - [hivemq-test-hivemq-platform] [hivemq-platform-operator] [522d9ac1] 21:19:30.618 [ReconcilerExecutor-hivemq-controller-113] DEBUG c.h.p.o.HiveMQPlatformReconciler - [helmremo] Custom Resource Status STARTING - HiveMQ Platform is starting (READY)
2025-01-28 21:19:30,620 INFO c.h.h.t.HelmChartContainer - [hivemq-test-hivemq-platform] [hivemq-platform-operator] [522d9ac1] 21:19:30.618 [ReconcilerExecutor-hivemq-controller-113] DEBUG c.h.p.o.HiveMQPlatformReconciler - [helmremo] Custom Resource Spec (replicas: 1) (extensions: 1)
2025-01-28 21:19:30,621 INFO c.h.h.t.HelmChartContainer - [hivemq-test-hivemq-platform] [hivemq-platform-operator] [522d9ac1] 21:19:30.620 [ReconcilerExecutor-hivemq-controller-113] DEBUG c.h.p.o.HiveMQPlatformReconciler - [helmremo] StatefulSet Status (revision: test-hivemq-platform-bd687ff79, replicas: 1, available: 0, ready: 0, current: 1, updated: 1)
2025-01-28 21:19:30,621 INFO c.h.h.t.HelmChartContainer - [hivemq-test-hivemq-platform] [hivemq-platform-operator] [522d9ac1] 21:19:30.620 [ReconcilerExecutor-hivemq-controller-113] DEBUG c.h.p.o.HiveMQPlatformReconciler - [helmremo] StatefulSet Spec (replicas: 1, init containers: 1, containers: 1, volumes: 3)
2025-01-28 21:19:30,699 INFO c.h.h.t.HelmChartContainer - [hivemq-test-hivemq-platform] [hivemq-platform-operator] [522d9ac1] 21:19:30.698 [ReconcilerExecutor-hivemq-controller-113] DEBUG c.h.p.o.h.HiveMQPlatformReconcilerErrorHandler - [helmremo] Pod 'test-hivemq-platform-0' phase Running
2025-01-28 21:19:30,700 INFO c.h.h.t.HelmChartContainer - [hivemq-test-hivemq-platform] [hivemq-platform-operator] [522d9ac1] 21:19:30.699 [ReconcilerExecutor-hivemq-controller-113] INFO  c.h.p.o.h.HiveMQPlatformReconcilerBaseHandler - [helmremo] HiveMQ Platform is starting, 0 of 1 replicas are ready
2025-01-28 21:19:30,789 INFO c.h.h.t.HelmChartContainer - [test-hivemq-platform] [hivemq] [adc8bdb2] WARN  - [HiveMQ Platform Operator Init App 1.7.0-SNAPSHOT] Cannot connect to Health API for liveness: null
2025-01-28 21:19:30,789 INFO c.h.h.t.HelmChartContainer - [test-hivemq-platform] [hivemq] [adc8bdb2] INFO  - [HiveMQ Platform Operator Init App 1.7.0-SNAPSHOT] Returning default Health API response 200 for liveness
2025-01-28 21:19:32,790 INFO c.h.h.t.HelmChartContainer - [test-hivemq-platform] [hivemq] [adc8bdb2] INFO  - No valid license file found. Using trial license, restricted to 25 connections.
2025-01-28 21:19:35,589 INFO c.h.h.t.HelmChartContainer - [test-hivemq-platform] [hivemq] [adc8bdb2] WARN  - [HiveMQ Platform Operator Init App 1.7.0-SNAPSHOT] Cannot connect to Health API for readiness: null
2025-01-28 21:19:35,594 INFO c.h.h.t.HelmChartContainer - [EVENT] Warning [Unhealthy] Readiness probe failed: HTTP probe failed with statuscode: 503 [helmremovenamespaceit:test-hivemq-platform-0]
2025-01-28 21:19:35,594 INFO c.h.h.t.HelmChartContainer - Received Unhealthy event for container hivemq in pod test-hivemq-platform-0 [adc8bdb2-5f3d-4c52-b2ad-b74f1ab5df5d]
2025-01-28 21:19:37,503 INFO c.h.h.t.HelmChartContainer - [test-hivemq-platform] [hivemq] [adc8bdb2] INFO  - No valid license file for Data Hub found. Using free license, restricted to 1 policy.
2025-01-28 21:19:38,974 INFO c.h.h.t.HelmChartContainer - [test-hivemq-platform] [hivemq] [adc8bdb2] INFO  - Audit Logger started.
2025-01-28 21:19:39,271 INFO c.h.h.t.HelmChartContainer - [test-hivemq-platform] [hivemq] [adc8bdb2] INFO  - This node uses '1' CPU cores.
2025-01-28 21:19:39,288 INFO c.h.h.t.HelmChartContainer - [test-hivemq-platform] [hivemq] [adc8bdb2] INFO  - Starting HiveMQ Health API on address 0.0.0.0 and port 8889
2025-01-28 21:19:40,097 INFO c.h.h.t.HelmChartContainer - [test-hivemq-platform] [hivemq] [adc8bdb2] INFO  - Started HiveMQ Health API in 809ms
2025-01-28 21:19:40,706 INFO c.h.h.t.HelmChartContainer - [hivemq-test-hivemq-platform] [hivemq-platform-operator] [522d9ac1] 21:19:40.703 [pool-6-thread-4] DEBUG c.h.p.o.d.PlatformServiceResource - [helmremo] Desired Platform services (3 services)
2025-01-28 21:19:40,707 INFO c.h.h.t.HelmChartContainer - [hivemq-test-hivemq-platform] [hivemq-platform-operator] [522d9ac1] 21:19:40.704 [pool-6-thread-2] DEBUG c.h.p.o.d.PodServiceAccountResource - [helmremo] Desired PodServiceAccountResource (serviceAccountName: hivemq-platform-pod-test-hivemq-platform)
2025-01-28 21:19:40,711 INFO c.h.h.t.HelmChartContainer - [hivemq-test-hivemq-platform] [hivemq-platform-operator] [522d9ac1] 21:19:40.704 [pool-6-thread-3] DEBUG c.h.p.o.dependants.PodInfoConfigMap - [helmremo] Desired PodInfo ConfigMap (1 extensions) (1 enabled)
2025-01-28 21:19:40,711 INFO c.h.h.t.HelmChartContainer - [hivemq-test-hivemq-platform] [hivemq-platform-operator] [522d9ac1] 21:19:40.707 [pool-6-thread-3] DEBUG c.h.p.o.dependants.PodInfoConfigMap - [helmremo] Desired PodInfo ConfigMap (metrics port: 9399) (metrics path: /)
2025-01-28 21:19:40,711 INFO c.h.h.t.HelmChartContainer - [hivemq-test-hivemq-platform] [hivemq-platform-operator] [522d9ac1] 21:19:40.707 [pool-6-thread-3] DEBUG c.h.p.o.dependants.PodInfoConfigMap - [helmremo] Desired PodInfo ConfigMap (extension state hash: -1817474005)
2025-01-28 21:19:40,712 INFO c.h.h.t.HelmChartContainer - [hivemq-test-hivemq-platform] [hivemq-platform-operator] [522d9ac1] 21:19:40.711 [pool-6-thread-4] DEBUG c.h.p.o.d.StatefulSetResource - [helmremo] Desired StatefulSet (1 replicas) for status STARTING (READY)
2025-01-28 21:19:40,716 INFO c.h.h.t.HelmChartContainer - [hivemq-test-hivemq-platform] [hivemq-platform-operator] [522d9ac1] 21:19:40.716 [ReconcilerExecutor-hivemq-controller-114] INFO  c.h.p.o.HiveMQPlatformReconciler - [helmremo] Reconciling HiveMQ Platform 'test-hivemq-platform' in namespace 'helmremovenamespaceit'
2025-01-28 21:19:40,718 INFO c.h.h.t.HelmChartContainer - [hivemq-test-hivemq-platform] [hivemq-platform-operator] [522d9ac1] 21:19:40.716 [ReconcilerExecutor-hivemq-controller-114] DEBUG c.h.p.o.HiveMQPlatformReconciler - [helmremo] Custom Resource Status STARTING - HiveMQ Platform is starting (READY)
2025-01-28 21:19:40,718 INFO c.h.h.t.HelmChartContainer - [hivemq-test-hivemq-platform] [hivemq-platform-operator] [522d9ac1] 21:19:40.716 [ReconcilerExecutor-hivemq-controller-114] DEBUG c.h.p.o.HiveMQPlatformReconciler - [helmremo] Custom Resource Spec (replicas: 1) (extensions: 1)
2025-01-28 21:19:40,720 INFO c.h.h.t.HelmChartContainer - [hivemq-test-hivemq-platform] [hivemq-platform-operator] [522d9ac1] 21:19:40.717 [ReconcilerExecutor-hivemq-controller-114] DEBUG c.h.p.o.HiveMQPlatformReconciler - [helmremo] StatefulSet Status (revision: test-hivemq-platform-bd687ff79, replicas: 1, available: 0, ready: 0, current: 1, updated: 1)
2025-01-28 21:19:40,720 INFO c.h.h.t.HelmChartContainer - [hivemq-test-hivemq-platform] [hivemq-platform-operator] [522d9ac1] 21:19:40.718 [ReconcilerExecutor-hivemq-controller-114] DEBUG c.h.p.o.HiveMQPlatformReconciler - [helmremo] StatefulSet Spec (replicas: 1, init containers: 1, containers: 1, volumes: 3)
2025-01-28 21:19:40,720 INFO c.h.h.t.HelmChartContainer - [hivemq-test-hivemq-platform] [hivemq-platform-operator] [522d9ac1] 21:19:40.719 [ReconcilerExecutor-hivemq-controller-114] DEBUG c.h.p.o.h.HiveMQPlatformReconcilerErrorHandler - [helmremo] Pod 'test-hivemq-platform-0' phase Running
2025-01-28 21:19:40,721 INFO c.h.h.t.HelmChartContainer - [hivemq-test-hivemq-platform] [hivemq-platform-operator] [522d9ac1] 21:19:40.719 [ReconcilerExecutor-hivemq-controller-114] INFO  c.h.p.o.h.HiveMQPlatformReconcilerBaseHandler - [helmremo] HiveMQ Platform is starting, 0 of 1 replicas are ready
2025-01-28 21:19:41,397 INFO c.h.h.t.HelmChartContainer - [test-hivemq-platform] [hivemq] [adc8bdb2] INFO  - Starting HiveMQ extension system.
2025-01-28 21:19:41,492 INFO c.h.h.t.HelmChartContainer - [test-hivemq-platform] [hivemq] [adc8bdb2] INFO  - [HiveMQ Platform Operator Init App 1.7.0-SNAPSHOT] Returning Health API response 503 for readiness
2025-01-28 21:19:41,498 INFO c.h.h.t.HelmChartContainer - [EVENT] Warning [Unhealthy] Readiness probe failed: HTTP probe failed with statuscode: 503 [helmremovenamespaceit:test-hivemq-platform-0]
2025-01-28 21:19:41,498 INFO c.h.h.t.HelmChartContainer - Received Unhealthy event for container hivemq in pod test-hivemq-platform-0 [adc8bdb2-5f3d-4c52-b2ad-b74f1ab5df5d]
2025-01-28 21:19:41,889 INFO c.h.h.t.HelmChartContainer - [test-hivemq-platform] [hivemq] [adc8bdb2] INFO  - Starting extension with id "hivemq-dns-cluster-discovery" at /opt/hivemq/extensions/hivemq-dns-cluster-discovery
2025-01-28 21:19:42,495 INFO c.h.h.t.HelmChartContainer - [test-hivemq-platform] [hivemq] [adc8bdb2] INFO  - Extension "DNS Cluster Discovery Extension" version 4.3.2 started successfully.
2025-01-28 21:19:42,495 INFO c.h.h.t.HelmChartContainer - [test-hivemq-platform] [hivemq] [adc8bdb2] INFO  - Starting extension with id "hivemq-prometheus-extension" at /opt/hivemq/extensions/hivemq-prometheus-extension
2025-01-28 21:19:42,767 INFO c.h.h.t.HelmChartContainer - [test-hivemq-platform] [hivemq] [adc8bdb2] INFO  - Using TCP cluster transport on address 10.42.0.9 and port 7000
2025-01-28 21:19:42,790 INFO c.h.h.t.HelmChartContainer - [test-hivemq-platform] [hivemq] [adc8bdb2] INFO  - Using extension cluster discovery
2025-01-28 21:19:43,688 INFO c.h.h.t.HelmChartContainer - [test-hivemq-platform] [hivemq] [adc8bdb2] INFO  - Started Jetty Server exposing Prometheus Servlet on URI http://0.0.0.0:9399/
2025-01-28 21:19:43,688 INFO c.h.h.t.HelmChartContainer - [test-hivemq-platform] [hivemq] [adc8bdb2] INFO  - Extension "Prometheus Monitoring Extension" version 4.0.12 started successfully.
2025-01-28 21:19:43,688 INFO c.h.h.t.HelmChartContainer - [test-hivemq-platform] [hivemq] [adc8bdb2] INFO  - Starting extension with id "hivemq-allow-all-extension" at /opt/hivemq/extensions/hivemq-allow-all-extension
2025-01-28 21:19:43,688 INFO c.h.h.t.HelmChartContainer - [test-hivemq-platform] [hivemq] [adc8bdb2] WARN  - 
2025-01-28 21:19:43,688 INFO c.h.h.t.HelmChartContainer - [test-hivemq-platform] [hivemq] [adc8bdb2] ################################################################################################################
2025-01-28 21:19:43,688 INFO c.h.h.t.HelmChartContainer - [test-hivemq-platform] [hivemq] [adc8bdb2] # This HiveMQ deployment is not secure! You are lacking Authentication and Authorization.                      #
2025-01-28 21:19:43,688 INFO c.h.h.t.HelmChartContainer - [test-hivemq-platform] [hivemq] [adc8bdb2] # Right now any MQTT client can connect to the broker with a full set of permissions.                          #
2025-01-28 21:19:43,688 INFO c.h.h.t.HelmChartContainer - [test-hivemq-platform] [hivemq] [adc8bdb2] # For production usage, add an appropriate security extension and remove the hivemq-allow-all extension.       #
2025-01-28 21:19:43,688 INFO c.h.h.t.HelmChartContainer - [test-hivemq-platform] [hivemq] [adc8bdb2] # You can download security extensions from the HiveMQ Marketplace (https://www.hivemq.com/extensions/).       #
2025-01-28 21:19:43,688 INFO c.h.h.t.HelmChartContainer - [test-hivemq-platform] [hivemq] [adc8bdb2] ################################################################################################################
2025-01-28 21:19:43,688 INFO c.h.h.t.HelmChartContainer - [test-hivemq-platform] [hivemq] [adc8bdb2] INFO  - Extension "Allow All Extension" version 1.1.1 started successfully.
2025-01-28 21:19:45,517 INFO c.h.h.t.HelmChartContainer - [EVENT] Warning [Unhealthy] Readiness probe failed: HTTP probe failed with statuscode: 503 [helmremovenamespaceit:test-hivemq-platform-0]
2025-01-28 21:19:45,517 INFO c.h.h.t.HelmChartContainer - Received Unhealthy event for container hivemq in pod test-hivemq-platform-0 [adc8bdb2-5f3d-4c52-b2ad-b74f1ab5df5d]
2025-01-28 21:19:45,569 INFO c.h.h.t.HelmChartContainer - [test-hivemq-platform] [hivemq] [adc8bdb2] INFO  - rJDTJ: no members discovered after 2178 ms: creating cluster as first member
2025-01-28 21:19:45,575 INFO c.h.h.t.HelmChartContainer - [test-hivemq-platform] [hivemq] [adc8bdb2] INFO  - Cluster nodes found by discovery: [rJDTJ|0] (1) [rJDTJ].
2025-01-28 21:19:45,593 INFO c.h.h.t.HelmChartContainer - [test-hivemq-platform] [hivemq] [adc8bdb2] WARN  - No user for HiveMQ Control Center configured. Starting with default user
2025-01-28 21:19:45,594 INFO c.h.h.t.HelmChartContainer - [test-hivemq-platform] [hivemq] [adc8bdb2] INFO  - Starting HiveMQ Control Center on address 0.0.0.0 and port 8080
2025-01-28 21:19:45,600 INFO c.h.h.t.HelmChartContainer - [test-hivemq-platform] [hivemq] [adc8bdb2] INFO  - Mounting HiveMQ Control Center V2 Preview
2025-01-28 21:19:46,283 INFO c.h.h.t.HelmChartContainer - [test-hivemq-platform] [hivemq] [adc8bdb2] INFO  - Started HiveMQ Control Center in 690ms
2025-01-28 21:19:46,378 INFO c.h.h.t.HelmChartContainer - [test-hivemq-platform] [hivemq] [adc8bdb2] INFO  - Starting TCP listener on address 0.0.0.0 and port 1883
2025-01-28 21:19:46,393 INFO c.h.h.t.HelmChartContainer - [test-hivemq-platform] [hivemq] [adc8bdb2] INFO  - Started TCP Listener on address 0.0.0.0 and on port 1883.
2025-01-28 21:19:46,393 INFO c.h.h.t.HelmChartContainer - [test-hivemq-platform] [hivemq] [adc8bdb2] INFO  - Started HiveMQ in 33726ms
2025-01-28 21:19:50,513 INFO c.h.h.t.HelmChartContainer - [test-hivemq-platform] [hivemq] [adc8bdb2] INFO  - [HiveMQ Platform Operator Init App 1.7.0-SNAPSHOT] Returning Health API response 200 for readiness
2025-01-28 21:19:50,525 INFO c.h.h.t.HelmChartContainer - [POD] test-hivemq-platform-0 [adc8bdb2-5f3d-4c52-b2ad-b74f1ab5df5d] in helmremovenamespaceit was MODIFIED
2025-01-28 21:19:50,541 INFO c.h.h.t.HelmChartContainer - [hivemq-test-hivemq-platform] [hivemq-platform-operator] [522d9ac1] 21:19:50.536 [pool-6-thread-19] DEBUG c.h.p.o.d.PlatformServiceResource - [helmremo] Desired Platform services (3 services)
2025-01-28 21:19:50,541 INFO c.h.h.t.HelmChartContainer - [hivemq-test-hivemq-platform] [hivemq-platform-operator] [522d9ac1] 21:19:50.537 [pool-6-thread-18] DEBUG c.h.p.o.d.PodServiceAccountResource - [helmremo] Desired PodServiceAccountResource (serviceAccountName: hivemq-platform-pod-test-hivemq-platform)
2025-01-28 21:19:50,541 INFO c.h.h.t.HelmChartContainer - [hivemq-test-hivemq-platform] [hivemq-platform-operator] [522d9ac1] 21:19:50.537 [pool-6-thread-14] DEBUG c.h.p.o.dependants.PodInfoConfigMap - [helmremo] Desired PodInfo ConfigMap (1 extensions) (1 enabled)
2025-01-28 21:19:50,541 INFO c.h.h.t.HelmChartContainer - [hivemq-test-hivemq-platform] [hivemq-platform-operator] [522d9ac1] 21:19:50.537 [pool-6-thread-14] DEBUG c.h.p.o.dependants.PodInfoConfigMap - [helmremo] Desired PodInfo ConfigMap (metrics port: 9399) (metrics path: /)
2025-01-28 21:19:50,541 INFO c.h.h.t.HelmChartContainer - [hivemq-test-hivemq-platform] [hivemq-platform-operator] [522d9ac1] 21:19:50.537 [pool-6-thread-14] DEBUG c.h.p.o.dependants.PodInfoConfigMap - [helmremo] Desired PodInfo ConfigMap (extension state hash: -1817474005)
2025-01-28 21:19:50,552 INFO c.h.h.t.HelmChartContainer - [hivemq-test-hivemq-platform] [hivemq-platform-operator] [522d9ac1] 21:19:50.550 [pool-6-thread-19] DEBUG c.h.p.o.d.StatefulSetResource - [helmremo] Desired StatefulSet (1 replicas) for status STARTING (READY)
2025-01-28 21:19:50,600 INFO c.h.h.t.HelmChartContainer - [hivemq-test-hivemq-platform] [hivemq-platform-operator] [522d9ac1] 21:19:50.598 [ReconcilerExecutor-hivemq-controller-115] INFO  c.h.p.o.HiveMQPlatformReconciler - [helmremo] Reconciling HiveMQ Platform 'test-hivemq-platform' in namespace 'helmremovenamespaceit'
2025-01-28 21:19:50,601 INFO c.h.h.t.HelmChartContainer - [hivemq-test-hivemq-platform] [hivemq-platform-operator] [522d9ac1] 21:19:50.598 [ReconcilerExecutor-hivemq-controller-115] DEBUG c.h.p.o.HiveMQPlatformReconciler - [helmremo] Custom Resource Status STARTING - HiveMQ Platform is starting (READY)
2025-01-28 21:19:50,601 INFO c.h.h.t.HelmChartContainer - [hivemq-test-hivemq-platform] [hivemq-platform-operator] [522d9ac1] 21:19:50.598 [ReconcilerExecutor-hivemq-controller-115] DEBUG c.h.p.o.HiveMQPlatformReconciler - [helmremo] Custom Resource Spec (replicas: 1) (extensions: 1)
2025-01-28 21:19:50,601 INFO c.h.h.t.HelmChartContainer - [hivemq-test-hivemq-platform] [hivemq-platform-operator] [522d9ac1] 21:19:50.600 [ReconcilerExecutor-hivemq-controller-115] DEBUG c.h.p.o.HiveMQPlatformReconciler - [helmremo] StatefulSet Status (revision: test-hivemq-platform-bd687ff79, replicas: 1, available: 1, ready: 1, current: 1, updated: 1)
2025-01-28 21:19:50,601 INFO c.h.h.t.HelmChartContainer - [hivemq-test-hivemq-platform] [hivemq-platform-operator] [522d9ac1] 21:19:50.600 [ReconcilerExecutor-hivemq-controller-115] DEBUG c.h.p.o.HiveMQPlatformReconciler - [helmremo] StatefulSet Spec (replicas: 1, init containers: 1, containers: 1, volumes: 3)
2025-01-28 21:19:50,606 INFO c.h.h.t.HelmChartContainer - [hivemq-test-hivemq-platform] [hivemq-platform-operator] [522d9ac1] 21:19:50.602 [ReconcilerExecutor-hivemq-controller-115] DEBUG c.h.p.o.h.HiveMQPlatformReconcilerErrorHandler - [helmremo] Pod 'test-hivemq-platform-0' phase Running
2025-01-28 21:19:50,606 INFO c.h.h.t.HelmChartContainer - [hivemq-test-hivemq-platform] [hivemq-platform-operator] [522d9ac1] 21:19:50.603 [ReconcilerExecutor-hivemq-controller-115] INFO  c.h.p.o.h.HiveMQPlatformReconcilerBaseHandler - [helmremo] HiveMQ Platform started successfully
2025-01-28 21:19:50,702 INFO c.h.h.t.HelmChartContainer - [hivemq-test-hivemq-platform] [hivemq-platform-operator] [522d9ac1] 21:19:50.701 [ReconcilerExecutor-hivemq-controller-115] DEBUG c.h.p.operator.event.EventSender - [helmremo] Creating K8s event hivemq-platform-ready: [Ready] HiveMQ Platform is ready
2025-01-28 21:19:50,707 INFO c.h.h.t.HelmChartContainer - [EVENT] Normal [Ready] HiveMQ Platform is ready [helmremovenamespaceit:test-hivemq-platform]
2025-01-28 21:19:50,708 INFO c.h.h.t.HelmChartContainer - [hivemq-test-hivemq-platform] [hivemq-platform-operator] [522d9ac1] 21:19:50.707 [ReconcilerExecutor-hivemq-controller-115] INFO  c.h.p.o.h.AbstractHiveMQReconcilerStateHandler - [helmremo] Update HiveMQ Platform Status (STARTING [READY] -> RUNNING [READY]): HiveMQ Platform is ready
2025-01-28 21:19:50,716 DEBUG com.hivemq.helmcharts.util.K8sUtil - Comparing actual state 'RUNNING' and waiting for 'RUNNING'
2025-01-28 21:19:50,750 INFO c.h.h.t.HelmChartContainer - [hivemq-test-hivemq-platform] [hivemq-platform-operator] [522d9ac1] 21:19:50.749 [ReconcilerExecutor-hivemq-controller-116] INFO  c.h.p.o.HiveMQPlatformReconciler - [helmremo] Cleanup test-hivemq-platform - helmremovenamespaceit HiveMQ Platform is shut down
2025-01-28 21:19:50,828 INFO c.h.h.t.HelmChartContainer - [K3S] [stateful_set.go:466] "StatefulSet has been deleted" key="helmremovenamespaceit/test-hivemq-platform"
2025-01-28 21:19:50,846 INFO c.h.h.t.HelmChartContainer - [POD] test-hivemq-platform-0 [adc8bdb2-5f3d-4c52-b2ad-b74f1ab5df5d] in helmremovenamespaceit was MODIFIED
2025-01-28 21:19:51,170 INFO c.h.h.t.HelmChartContainer - [K3S] [authentication.go:74] "Unable to authenticate the request" err="[invalid bearer token, serviceaccounts \"hivemq-platform-pod-test-hivemq-platform\" not found]"
2025-01-28 21:19:51,188 INFO c.h.h.t.HelmChartContainer - [K3S] [authentication.go:74] "Unable to authenticate the request" err="[invalid bearer token, serviceaccounts \"hivemq-platform-pod-test-hivemq-platform\" not found]"
2025-01-28 21:19:51,272 INFO c.h.h.t.HelmChartContainer - [test-hivemq-platform] [hivemq] [adc8bdb2] WARN  - [HiveMQ Platform Operator Init App 1.7.0-SNAPSHOT] Could not update Pod annotations: Failure executing: GET at: https://10.43.0.1:443/api/v1/namespaces/helmremovenamespaceit/pods/test-hivemq-platform-0. Message: Unauthorized. Received status: Status(apiVersion=v1, code=401, details=null, kind=Status, message=Unauthorized, metadata=ListMeta(_continue=null, remainingItemCount=null, resourceVersion=null, selfLink=null, additionalProperties={}), reason=Unauthorized, status=Failure, additionalProperties={}).
2025-01-28 21:19:51,520 INFO c.h.h.t.HelmChartContainer - [test-hivemq-platform] [hivemq] [adc8bdb2] INFO  - [HiveMQ Platform Operator Init App 1.7.0-SNAPSHOT] Shutting down
2025-01-28 21:19:51,520 INFO c.h.h.t.HelmChartContainer - [test-hivemq-platform] [hivemq] [adc8bdb2] INFO  - [HiveMQ Platform Operator Init App 1.7.0-SNAPSHOT] Stopping the HiveMQ Platform
2025-01-28 21:19:51,606 INFO c.h.h.t.HelmChartContainer - [test-hivemq-platform] [hivemq] [adc8bdb2] INFO  - Shutting down HiveMQ. Please wait, this could take a while...
2025-01-28 21:19:51,690 INFO c.h.h.t.HelmChartContainer - [test-hivemq-platform] [hivemq] [adc8bdb2] INFO  - Shutting down listeners and clients
2025-01-28 21:19:51,690 INFO c.h.h.t.HelmChartContainer - [test-hivemq-platform] [hivemq] [adc8bdb2] INFO  - Shutdown of listeners is done
2025-01-28 21:19:51,690 INFO c.h.h.t.HelmChartContainer - [test-hivemq-platform] [hivemq] [adc8bdb2] INFO  - No clients are connected, proceeding with shutdown
2025-01-28 21:19:54,473 INFO c.h.h.t.HelmChartContainer - [test-hivemq-platform] [hivemq] [adc8bdb2] INFO  - Shutting down extension system
2025-01-28 21:19:54,480 INFO c.h.h.t.HelmChartContainer - [test-hivemq-platform] [hivemq] [adc8bdb2] INFO  - Stopping extension with id hivemq-dns-cluster-discovery
2025-01-28 21:19:54,482 INFO c.h.h.t.HelmChartContainer - [test-hivemq-platform] [hivemq] [adc8bdb2] INFO  - Extension "DNS Cluster Discovery Extension" version 4.3.2 stopped successfully.
2025-01-28 21:19:54,483 INFO c.h.h.t.HelmChartContainer - [test-hivemq-platform] [hivemq] [adc8bdb2] INFO  - Stopping extension with id hivemq-prometheus-extension
2025-01-28 21:19:54,486 INFO c.h.h.t.HelmChartContainer - [test-hivemq-platform] [hivemq] [adc8bdb2] INFO  - Extension "Prometheus Monitoring Extension" version 4.0.12 stopped successfully.
2025-01-28 21:19:54,487 INFO c.h.h.t.HelmChartContainer - [test-hivemq-platform] [hivemq] [adc8bdb2] INFO  - Stopping extension with id hivemq-allow-all-extension
2025-01-28 21:19:54,487 INFO c.h.h.t.HelmChartContainer - [test-hivemq-platform] [hivemq] [adc8bdb2] INFO  - Extension "Allow All Extension" version 1.1.1 stopped successfully.
2025-01-28 21:19:55,508 INFO c.h.h.t.HelmChartContainer - [test-hivemq-platform] [hivemq] [adc8bdb2] INFO  - [HiveMQ Platform Operator Init App 1.7.0-SNAPSHOT] Returning shutdown Health API response 503 for readiness
2025-01-28 21:19:55,512 INFO c.h.h.t.HelmChartContainer - [EVENT] Warning [Unhealthy] Readiness probe failed: HTTP probe failed with statuscode: 503 [helmremovenamespaceit:test-hivemq-platform-0]
2025-01-28 21:19:55,512 INFO c.h.h.t.HelmChartContainer - Received Unhealthy event for container hivemq in pod test-hivemq-platform-0 [adc8bdb2-5f3d-4c52-b2ad-b74f1ab5df5d]
2025-01-28 21:19:56,276 INFO c.h.h.t.HelmChartContainer - [K3S] [authentication.go:74] "Unable to authenticate the request" err="[invalid bearer token, serviceaccounts \"hivemq-platform-pod-test-hivemq-platform\" not found]"
2025-01-28 21:19:56,290 INFO c.h.h.t.HelmChartContainer - [K3S] [authentication.go:74] "Unable to authenticate the request" err="[invalid bearer token, serviceaccounts \"hivemq-platform-pod-test-hivemq-platform\" not found]"
2025-01-28 21:19:56,293 INFO c.h.h.t.HelmChartContainer - [test-hivemq-platform] [hivemq] [adc8bdb2] WARN  - [HiveMQ Platform Operator Init App 1.7.0-SNAPSHOT] Could not update Pod annotations: Failure executing: GET at: https://10.43.0.1:443/api/v1/namespaces/helmremovenamespaceit/pods/test-hivemq-platform-0. Message: Unauthorized. Received status: Status(apiVersion=v1, code=401, details=null, kind=Status, message=Unauthorized, metadata=ListMeta(_continue=null, remainingItemCount=null, resourceVersion=null, selfLink=null, additionalProperties={}), reason=Unauthorized, status=Failure, additionalProperties={}).
2025-01-28 21:19:56,890 INFO c.h.h.t.HelmChartContainer - [test-hivemq-platform] [hivemq] [adc8bdb2] INFO  - Shutdown completed.
2025-01-28 21:19:57,238 INFO c.h.h.t.HelmChartContainer - [test-hivemq-platform] [hivemq] [adc8bdb2] INFO  - [HiveMQ Platform Operator Init App 1.7.0-SNAPSHOT] The HiveMQ Platform exited with code 143
2025-01-28 21:19:57,238 INFO c.h.h.t.HelmChartContainer - [test-hivemq-platform] [hivemq] [adc8bdb2] INFO  - [HiveMQ Platform Operator Init App 1.7.0-SNAPSHOT] Stopping the REST API
2025-01-28 21:19:57,245 INFO c.h.h.t.HelmChartContainer - [test-hivemq-platform] [hivemq] [adc8bdb2] INFO  - [HiveMQ Platform Operator Init App 1.7.0-SNAPSHOT] Shutdown complete
2025-01-28 21:19:57,711 INFO c.h.h.t.HelmChartContainer - [POD] test-hivemq-platform-0 [adc8bdb2-5f3d-4c52-b2ad-b74f1ab5df5d] in helmremovenamespaceit was MODIFIED
2025-01-28 21:19:57,840 INFO c.h.h.t.HelmChartContainer - [K3S] [reconciler_common.go:162] "operationExecutor.UnmountVolume started for volume \"broker-configuration\" (UniqueName: \"kubernetes.io/configmap/adc8bdb2-5f3d-4c52-b2ad-b74f1ab5df5d-broker-configuration\") pod \"adc8bdb2-5f3d-4c52-b2ad-b74f1ab5df5d\" (UID: \"adc8bdb2-5f3d-4c52-b2ad-b74f1ab5df5d\") "
2025-01-28 21:19:57,840 INFO c.h.h.t.HelmChartContainer - [K3S] [reconciler_common.go:162] "operationExecutor.UnmountVolume started for volume \"kube-api-access-2wvg8\" (UniqueName: \"kubernetes.io/projected/adc8bdb2-5f3d-4c52-b2ad-b74f1ab5df5d-kube-api-access-2wvg8\") pod \"adc8bdb2-5f3d-4c52-b2ad-b74f1ab5df5d\" (UID: \"adc8bdb2-5f3d-4c52-b2ad-b74f1ab5df5d\") "
2025-01-28 21:19:57,840 INFO c.h.h.t.HelmChartContainer - [K3S] [reconciler_common.go:162] "operationExecutor.UnmountVolume started for volume \"operator-init\" (UniqueName: \"kubernetes.io/empty-dir/adc8bdb2-5f3d-4c52-b2ad-b74f1ab5df5d-operator-init\") pod \"adc8bdb2-5f3d-4c52-b2ad-b74f1ab5df5d\" (UID: \"adc8bdb2-5f3d-4c52-b2ad-b74f1ab5df5d\") "
2025-01-28 21:19:57,840 INFO c.h.h.t.HelmChartContainer - [K3S] [reconciler_common.go:162] "operationExecutor.UnmountVolume started for volume \"pod-info\" (UniqueName: \"kubernetes.io/configmap/adc8bdb2-5f3d-4c52-b2ad-b74f1ab5df5d-pod-info\") pod \"adc8bdb2-5f3d-4c52-b2ad-b74f1ab5df5d\" (UID: \"adc8bdb2-5f3d-4c52-b2ad-b74f1ab5df5d\") "
2025-01-28 21:19:57,940 INFO c.h.h.t.HelmChartContainer - [K3S] [reconciler_common.go:299] "Volume detached for volume \"broker-configuration\" (UniqueName: \"kubernetes.io/configmap/adc8bdb2-5f3d-4c52-b2ad-b74f1ab5df5d-broker-configuration\") on node \"59cf37a24209\" DevicePath \"\""
2025-01-28 21:19:57,940 INFO c.h.h.t.HelmChartContainer - [K3S] [reconciler_common.go:299] "Volume detached for volume \"kube-api-access-2wvg8\" (UniqueName: \"kubernetes.io/projected/adc8bdb2-5f3d-4c52-b2ad-b74f1ab5df5d-kube-api-access-2wvg8\") on node \"59cf37a24209\" DevicePath \"\""
2025-01-28 21:19:57,940 INFO c.h.h.t.HelmChartContainer - [K3S] [reconciler_common.go:299] "Volume detached for volume \"operator-init\" (UniqueName: \"kubernetes.io/empty-dir/adc8bdb2-5f3d-4c52-b2ad-b74f1ab5df5d-operator-init\") on node \"59cf37a24209\" DevicePath \"\""
2025-01-28 21:19:57,940 INFO c.h.h.t.HelmChartContainer - [K3S] [reconciler_common.go:299] "Volume detached for volume \"pod-info\" (UniqueName: \"kubernetes.io/configmap/adc8bdb2-5f3d-4c52-b2ad-b74f1ab5df5d-pod-info\") on node \"59cf37a24209\" DevicePath \"\""
2025-01-28 21:19:58,247 INFO c.h.h.t.HelmChartContainer - Stopped log watcher for hivemq in pod test-hivemq-platform-0 [adc8bdb2-5f3d-4c52-b2ad-b74f1ab5df5d]
2025-01-28 21:19:58,524 INFO c.h.h.t.HelmChartContainer - [K3S] [scope.go:117] "RemoveContainer" containerID="ae8ca788c5c054b01a81152aeeb66586c64a32b8077f11864a72d966ef5eacf2"
2025-01-28 21:19:58,539 INFO c.h.h.t.HelmChartContainer - [POD] test-hivemq-platform-0 [adc8bdb2-5f3d-4c52-b2ad-b74f1ab5df5d] in helmremovenamespaceit was MODIFIED
2025-01-28 21:19:58,541 INFO c.h.h.t.HelmChartContainer - [POD] test-hivemq-platform-0 [adc8bdb2-5f3d-4c52-b2ad-b74f1ab5df5d] in helmremovenamespaceit was DELETED
2025-01-28 21:19:58,628 INFO c.h.h.t.HelmChartContainer - [K3S] [scope.go:117] "RemoveContainer" containerID="2833d585534e8de3233ba6c29208abfdd4fcca978be5cde1e26ef9805c09341a"
2025-01-28 21:19:58,631 INFO c.h.h.t.HelmChartContainer - [K3S] [scope.go:117] "RemoveContainer" containerID="ae8ca788c5c054b01a81152aeeb66586c64a32b8077f11864a72d966ef5eacf2"
2025-01-28 21:19:58,632 INFO c.h.h.t.HelmChartContainer - [K3S] [scope.go:117] "RemoveContainer" containerID="2833d585534e8de3233ba6c29208abfdd4fcca978be5cde1e26ef9805c09341a"
2025-01-28 21:19:59,133 INFO c.h.h.t.HelmChartContainer - [K3S] [kubelet_volumes.go:163] "Cleaned up orphaned pod volumes dir" podUID="adc8bdb2-5f3d-4c52-b2ad-b74f1ab5df5d" path="/var/lib/kubelet/pods/adc8bdb2-5f3d-4c52-b2ad-b74f1ab5df5d/volumes"
2025-01-28 21:20:02,740 INFO c.h.h.t.HelmChartContainer - Uninstalling release 'test-hivemq-platform-operator' in namespace 'helmremovenamespaceit-operator'...
2025-01-28 21:20:02,740 DEBUG c.h.h.t.HelmChartContainer - Executing helm command: /bin/helm --kubeconfig /etc/rancher/k3s/k3s.yaml uninstall test-hivemq-platform-operator  --wait --timeout 5m0s --cascade foreground --namespace helmremovenamespaceit-operator
2025-01-28 21:20:02,900 INFO c.h.h.t.HelmChartContainer - [K3S] [replica_set.go:679] "Finished syncing" kind="ReplicaSet" key="helmremovenamespaceit-operator/hivemq-test-hivemq-platform-operator-6966f96d65" duration="8.373902ms"
2025-01-28 21:20:02,901 INFO c.h.h.t.HelmChartContainer - [K3S] [replica_set.go:679] "Finished syncing" kind="ReplicaSet" key="helmremovenamespaceit-operator/hivemq-test-hivemq-platform-operator-6966f96d65" duration="35.346µs"
2025-01-28 21:20:02,920 INFO c.h.h.t.HelmChartContainer - [POD] hivemq-test-hivemq-platform-operator-6966f96d65-q2rtf [522d9ac1-dc9c-4972-8ab3-3e9440b84272] in helmremovenamespaceit-operator was MODIFIED
2025-01-28 21:20:02,932 INFO c.h.h.t.HelmChartContainer - [hivemq-test-hivemq-platform] [hivemq-platform-operator] [522d9ac1] 21:20:02.927 [application-shutdown-thread] INFO  c.h.p.o.HiveMQPlatformOperatorApplication - HiveMQ Platform Operator is stopping...
2025-01-28 21:20:02,932 INFO c.h.h.t.HelmChartContainer - [hivemq-test-hivemq-platform] [hivemq-platform-operator] [522d9ac1] 21:20:02.927 [application-shutdown-thread] INFO  i.javaoperatorsdk.operator.Operator - Operator SDK 4.9.7 is shutting down...
2025-01-28 21:20:02,934 INFO c.h.h.t.HelmChartContainer - [K3S] [replica_set.go:679] "Finished syncing" kind="ReplicaSet" key="helmremovenamespaceit-operator/hivemq-test-hivemq-platform-operator-6966f96d65" duration="21.303182ms"
2025-01-28 21:20:02,944 INFO c.h.h.t.HelmChartContainer - [K3S] [replica_set.go:679] "Finished syncing" kind="ReplicaSet" key="helmremovenamespaceit-operator/hivemq-test-hivemq-platform-operator-6966f96d65" duration="84.969µs"
2025-01-28 21:20:02,945 INFO c.h.h.t.HelmChartContainer - [EVENT] Normal [Killing] Stopping container hivemq-platform-operator [helmremovenamespaceit-operator:hivemq-test-hivemq-platform-operator-6966f96d65-q2rtf]
2025-01-28 21:20:02,945 INFO c.h.h.t.HelmChartContainer - Received Killing event for container hivemq-platform-operator in pod hivemq-test-hivemq-platform-operator-6966f96d65-q2rtf [522d9ac1-dc9c-4972-8ab3-3e9440b84272]
2025-01-28 21:20:02,945 INFO c.h.h.t.HelmChartContainer - Container [hivemq-test-hivemq-platform-operator-6966f96d65-q2rtf] [hivemq-platform-operator] [522d9ac1-dc9c-4972-8ab3-3e9440b84272] was terminated
2025-01-28 21:20:02,945 INFO c.h.h.t.HelmChartContainer - Stopped log watcher for hivemq-platform-operator in pod hivemq-test-hivemq-platform-operator-6966f96d65-q2rtf [522d9ac1-dc9c-4972-8ab3-3e9440b84272]
2025-01-28 21:20:03,445 INFO c.h.h.t.HelmChartContainer - [K3S] [replica_set.go:679] "Finished syncing" kind="ReplicaSet" key="helmremovenamespaceit-operator/hivemq-test-hivemq-platform-operator-6966f96d65" duration="43.501µs"
2025-01-28 21:20:03,447 INFO c.h.h.t.HelmChartContainer - [POD] hivemq-test-hivemq-platform-operator-6966f96d65-q2rtf [522d9ac1-dc9c-4972-8ab3-3e9440b84272] in helmremovenamespaceit-operator was MODIFIED
2025-01-28 21:20:03,533 INFO c.h.h.t.HelmChartContainer - [K3S] [scope.go:117] "RemoveContainer" containerID="1bbfb3ea8a5926454306dc6fff73ad86ce458f1d25167b961281d439dcfdc8d4"
2025-01-28 21:20:03,537 INFO c.h.h.t.HelmChartContainer - [K3S] [scope.go:117] "RemoveContainer" containerID="1bbfb3ea8a5926454306dc6fff73ad86ce458f1d25167b961281d439dcfdc8d4"
2025-01-28 21:20:03,580 INFO c.h.h.t.HelmChartContainer - [K3S] [reconciler_common.go:162] "operationExecutor.UnmountVolume started for volume \"kube-api-access-2qdf9\" (UniqueName: \"kubernetes.io/projected/522d9ac1-dc9c-4972-8ab3-3e9440b84272-kube-api-access-2qdf9\") pod \"522d9ac1-dc9c-4972-8ab3-3e9440b84272\" (UID: \"522d9ac1-dc9c-4972-8ab3-3e9440b84272\") "
2025-01-28 21:20:03,680 INFO c.h.h.t.HelmChartContainer - [K3S] [reconciler_common.go:299] "Volume detached for volume \"kube-api-access-2qdf9\" (UniqueName: \"kubernetes.io/projected/522d9ac1-dc9c-4972-8ab3-3e9440b84272-kube-api-access-2qdf9\") on node \"59cf37a24209\" DevicePath \"\""
2025-01-28 21:20:03,845 INFO c.h.h.t.HelmChartContainer - [K3S] [replica_set.go:679] "Finished syncing" kind="ReplicaSet" key="helmremovenamespaceit-operator/hivemq-test-hivemq-platform-operator-6966f96d65" duration="45.936µs"
2025-01-28 21:20:03,846 INFO c.h.h.t.HelmChartContainer - [POD] hivemq-test-hivemq-platform-operator-6966f96d65-q2rtf [522d9ac1-dc9c-4972-8ab3-3e9440b84272] in helmremovenamespaceit-operator was MODIFIED
2025-01-28 21:20:03,847 INFO c.h.h.t.HelmChartContainer - [K3S] [replica_set.go:679] "Finished syncing" kind="ReplicaSet" key="helmremovenamespaceit-operator/hivemq-test-hivemq-platform-operator-6966f96d65" duration="31.689µs"
2025-01-28 21:20:03,847 INFO c.h.h.t.HelmChartContainer - [POD] hivemq-test-hivemq-platform-operator-6966f96d65-q2rtf [522d9ac1-dc9c-4972-8ab3-3e9440b84272] in helmremovenamespaceit-operator was DELETED
2025-01-28 21:20:03,858 INFO c.h.h.t.HelmChartContainer - [K3S] [replica_set.go:679] "Finished syncing" kind="ReplicaSet" key="helmremovenamespaceit-operator/hivemq-test-hivemq-platform-operator-6966f96d65" duration="6.833µs"
2025-01-28 21:20:04,946 INFO c.h.h.t.HelmChartContainer - Deleting namespace 'helmremovenamespaceit-operator'...
2025-01-28 21:20:05,133 INFO c.h.h.t.HelmChartContainer - [K3S] [kubelet_volumes.go:163] "Cleaned up orphaned pod volumes dir" podUID="522d9ac1-dc9c-4972-8ab3-3e9440b84272" path="/var/lib/kubelet/pods/522d9ac1-dc9c-4972-8ab3-3e9440b84272/volumes"
2025-01-28 21:20:05,994 INFO c.h.h.t.HelmChartContainer - [K3S] [namespace_controller.go:187] "Namespace has been deleted" namespace="helmremovenamespaceit"
2025-01-28 21:20:10,164 INFO c.h.h.t.HelmChartContainer - Namespace 'helmremovenamespaceit-operator' deleted
2025-01-28 21:20:10,164 INFO c.h.h.t.HelmChartContainer - Release 'test-hivemq-platform-operator' in namespace 'helmremovenamespaceit-operator' is uninstalled
2025-01-28 21:20:10,888 INFO c.h.helmcharts.AbstractHelmChartIT - Removed unused containers:

2025-01-28 21:20:15,065 INFO c.h.h.t.HelmChartContainer - [K3S] [namespace_controller.go:187] "Namespace has been deleted" namespace="helmremovenamespaceit-operator"
2025-01-28 21:20:18,660 INFO c.h.helmcharts.AbstractHelmChartIT - Removed unused snapshots:
Removing snapshot sha256:03af251906410714c5aef9fa705b63f6bbc39c4a5e787de7361eeb18886c2ed2
Removing snapshot sha256:0c46b3b43cce082ce5ec34ffc6c294e0417d17b9d1e6f366d114b6aadc4f96dc
Removing snapshot sha256:0ce761beee59082d6ed5bcebd3a805b8ddd9b3426b617e4809e7fb7c6587ffec
Removing snapshot sha256:0df91287303208332c8ff6ba40ae4710105201739addbfbddfb955f1ad593664
Removing snapshot sha256:1021ef88c7974bfff89c5a0ec4fd3160daac6c48a075f74cff721f85dd104e68
Removing snapshot sha256:10aba4953ddc18145dd38e3704709bc464aa20af60b56fe52caaff4b68411e62
Removing snapshot sha256:2573e0d8158209ed54ab25c87bcdcb00bd3d2539246960a3d592a1c599d70465
Removing snapshot sha256:362a8a37f8bbc31925a8146adcf7cf51f9882f5c1dcbef67c5baa03a297543c0
Removing snapshot sha256:3fa4ad33f0ddc8fd45b39b6b4640f82a3a83619606cd975bfe89d8710ad2d4cd
Removing snapshot sha256:43a7c979bbaba6838bc3102d6b10a1459f3ab050b87ccdfef84ef90cf43d3058
Removing snapshot sha256:4ab04491cdf0d3267f08206fe30bd48f49f94b9cab2f016d6739220f722a64af
Removing snapshot sha256:4b6068250e89c96f263060261819c7d912855bfbd64b3eb4c4a8483299b8c295
Removing snapshot sha256:529cb062b4ec9b6d2258ffb5cdf369cff294b6d55d1c37033324f5340286ca98
Removing snapshot sha256:580e69a0a8034ede1921139bbd2bfb72a69ebf276d008281896c32dd8bf74775
Removing snapshot sha256:5d30ba46b27fe37484567ccc5242cadc78217b8da605f3f195ef25cbf7487904
Removing snapshot sha256:63ca1fbb43ae5034640e5e6cb3e083e05c290072c5366fcaa9d62435a4cced85
Removing snapshot sha256:67f702c6baae873bceb19487c8b1f27bd2b86077e4f2f0e480e6d60ab508b8f5
Removing snapshot sha256:6864348dd42806d552efdec384f1274be15e2d0c10ce44c1f04347af004c10a9
Removing snapshot sha256:6c7dee8f2c39b84b7dc2711c01d33de93514d9055499173e9290176fbe484b6c
Removing snapshot sha256:82753493a6d61ded36556292f02f31841a14c20d2f279f19eaad65afb661d5cd
Removing snapshot sha256:8a10d3db42c505ee0fcfa98417bdd7e39b304f6bcc0a06bb1b220797ff2cc63c
Removing snapshot sha256:a0904247e36a7726c03c71ee48f3e64462021c88dafeb13f37fdaf613b27f11c
Removing snapshot sha256:a21e5b12dbac529ad45d976eb9ce45c881f3bedcc500fb30aba1e52aa1813418
Removing snapshot sha256:b921e6c28969094157f9b8e7244677780319637afd14450b7cb6b2fdea558a0c
Removing snapshot sha256:bc27ecb5769a00e309cf99ebc763c4a4b958b618d1decc96ffac5bc05f02f5b7
Removing snapshot sha256:be3ccb6627a5332e309d45ef461d09b4879dd870c7394d89323d0ebc6ca6aa8a
Removing snapshot sha256:c261f7cbbc64211ee175ee47273acdb7b1a36a4450b397a064a8f2c026490095
Removing snapshot sha256:c34d9393647eea0c9e3557ab988efaf59f61d10a2a5613b439ef0958cca5ec10
Removing snapshot sha256:ccf3c4a0fa967a41c1c83497a2ce6fa5787965859df0adb32c4ca2cf7490bc2b
Removing snapshot sha256:cf92d33f869417309692088c341cd0f223c178ea78a125f757317b22aa8f90e9
Removing snapshot sha256:d0037344cf2fb078884f1849f6a1f8cf9a33a3b6139b6a85833e5ee528e1f9a8
Removing snapshot sha256:d3b36d5b79273b1e98e7700470eaeff05a882e777124d84cebcc1505b85ecb36
Removing snapshot sha256:d65a44a37914602d12c611e5e22a50f11451d847e63015cc1c2aef92dee777a4
Removing snapshot sha256:e2dc0bae2455930f23ae570e019b7f32edc75c0f2d71cab084db837ff9051796
Removing snapshot sha256:eccbd24a99c60cd9e86ee5305dbfc4a4dc89f5ab4fb1f06c8d64797cecedef34
Removing snapshot sha256:f13a212ad48ea23c8fcf3d7af0195d6c740dc3d9b5639ddc125be36032fcdba1
Removing snapshot sha256:f144bb4c7c7f0d2aa7eeffd36d934ec40db1ee167be727e326aad9fdc616f475

]]></system-out>
  </testcase>
  <system-out><![CDATA[2025-01-28 21:18:33,898 INFO c.h.h.t.HelmChartContainerExtension - Using cached HelmChartContainer instance
]]></system-out>
  <system-err><![CDATA[]]></system-err>
</testsuite>
