<?xml version="1.0" encoding="UTF-8"?>
<testsuite name="com.hivemq.helmcharts.monitoring.HelmMonitoringPlatformIT" tests="1" skipped="0" failures="0" errors="0" timestamp="2025-01-29T17:05:26" hostname="fv-az1288-376" time="235.258">
  <properties/>
  <testcase name="withPlatformMonitoringEnabled_metricsAndDashboardAvailable()" classname="com.hivemq.helmcharts.monitoring.HelmMonitoringPlatformIT" time="235.258">
    <system-out><![CDATA[2025-01-29 17:05:26,355 INFO c.h.h.t.HelmChartContainer - Creating namespace 'helmmonitoringplatformit-operator'...
2025-01-29 17:05:26,361 INFO c.h.h.t.HelmChartContainer - Namespace 'helmmonitoringplatformit-operator' created
2025-01-29 17:05:26,361 INFO c.h.h.t.HelmChartContainer - Creating namespace 'helmmonitoringplatformit'...
2025-01-29 17:05:26,462 INFO c.h.h.t.HelmChartContainer - Namespace 'helmmonitoringplatformit' created
2025-01-29 17:05:26,540 DEBUG c.h.h.t.HelmChartContainer - Executing helm command: /bin/helm --kubeconfig /etc/rancher/k3s/k3s.yaml install test-hivemq-platform-operator /charts/hivemq-platform-operator --wait --timeout 5m0s --set image.repository=docker.io/hivemq --set image.name=hivemq-platform-operator-test --set image.initImageName=hivemq-platform-operator-init-test --set image.tag=snapshot --set image.pullPolicy=Never --set logLevel=DEBUG --set resources.cpu=512m --namespace helmmonitoringplatformit-operator
2025-01-29 17:05:26,918 INFO c.h.h.t.HelmChartContainer - [K3S] [alloc.go:330] "allocated clusterIPs" service="helmmonitoringplatformit-operator/hivemq-platform-operator-test-hivemq-platform-operator" clusterIPs={"IPv4":"10.43.110.196"}
2025-01-29 17:05:26,933 INFO c.h.h.t.HelmChartContainer - [EVENT] Normal [ScalingReplicaSet] Scaled up replica set hivemq-test-hivemq-platform-operator-6966f96d65 from 0 to 1 [helmmonitoringplatformit-operator:hivemq-test-hivemq-platform-operator]
2025-01-29 17:05:26,938 INFO c.h.h.t.HelmChartContainer - [POD] hivemq-test-hivemq-platform-operator-6966f96d65-t8n78 [300fbfae-427d-46a2-95b5-bc428493e8f0] in helmmonitoringplatformit-operator was ADDED
2025-01-29 17:05:26,943 INFO c.h.h.t.HelmChartContainer - [POD] hivemq-test-hivemq-platform-operator-6966f96d65-t8n78 [300fbfae-427d-46a2-95b5-bc428493e8f0] in helmmonitoringplatformit-operator was MODIFIED
2025-01-29 17:05:26,943 INFO c.h.h.t.HelmChartContainer - [K3S] [memory_manager.go:355] "RemoveStaleState removing state" podUID="1e779956-14da-43f8-95dd-24cf1e9801c5" containerName="hivemq"
2025-01-29 17:05:26,943 INFO c.h.h.t.HelmChartContainer - [K3S] [memory_manager.go:355] "RemoveStaleState removing state" podUID="57d8c3c7-e4ca-4b0e-ae77-194f05f9b973" containerName="hivemq-platform-operator"
2025-01-29 17:05:26,945 INFO c.h.h.t.HelmChartContainer - [EVENT] Normal [SuccessfulCreate] Created pod: hivemq-test-hivemq-platform-operator-6966f96d65-t8n78 [helmmonitoringplatformit-operator:hivemq-test-hivemq-platform-operator-6966f96d65]
2025-01-29 17:05:26,950 INFO c.h.h.t.HelmChartContainer - [K3S] [replica_set.go:679] "Finished syncing" kind="ReplicaSet" key="helmmonitoringplatformit-operator/hivemq-test-hivemq-platform-operator-6966f96d65" duration="21.907259ms"
2025-01-29 17:05:26,950 INFO c.h.h.t.HelmChartContainer - [EVENT] Normal [Scheduled] Successfully assigned helmmonitoringplatformit-operator/hivemq-test-hivemq-platform-operator-6966f96d65-t8n78 to 2d154d5499dc [helmmonitoringplatformit-operator:hivemq-test-hivemq-platform-operator-6966f96d65-t8n78]
2025-01-29 17:05:26,955 INFO c.h.h.t.HelmChartContainer - [K3S] [replica_set.go:679] "Finished syncing" kind="ReplicaSet" key="helmmonitoringplatformit-operator/hivemq-test-hivemq-platform-operator-6966f96d65" duration="5.383231ms"
2025-01-29 17:05:26,956 INFO c.h.h.t.HelmChartContainer - [K3S] [replica_set.go:679] "Finished syncing" kind="ReplicaSet" key="helmmonitoringplatformit-operator/hivemq-test-hivemq-platform-operator-6966f96d65" duration="36.549µs"
2025-01-29 17:05:26,958 INFO c.h.h.t.HelmChartContainer - [K3S] [replica_set.go:679] "Finished syncing" kind="ReplicaSet" key="helmmonitoringplatformit-operator/hivemq-test-hivemq-platform-operator-6966f96d65" duration="28.643µs"
2025-01-29 17:05:26,962 INFO c.h.h.t.HelmChartContainer - [POD] hivemq-test-hivemq-platform-operator-6966f96d65-t8n78 [300fbfae-427d-46a2-95b5-bc428493e8f0] in helmmonitoringplatformit-operator was MODIFIED
2025-01-29 17:05:26,970 INFO c.h.h.t.HelmChartContainer - [K3S] [reconciler_common.go:251] "operationExecutor.VerifyControllerAttachedVolume started for volume \"kube-api-access-z5nvl\" (UniqueName: \"kubernetes.io/projected/300fbfae-427d-46a2-95b5-bc428493e8f0-kube-api-access-z5nvl\") pod \"hivemq-test-hivemq-platform-operator-6966f96d65-t8n78\" (UID: \"300fbfae-427d-46a2-95b5-bc428493e8f0\") " pod="helmmonitoringplatformit-operator/hivemq-test-hivemq-platform-operator-6966f96d65-t8n78"
2025-01-29 17:05:27,334 INFO c.h.h.t.HelmChartContainer - [EVENT] Normal [Pulled] Container image "docker.io/hivemq/hivemq-platform-operator-test:snapshot" already present on machine [helmmonitoringplatformit-operator:hivemq-test-hivemq-platform-operator-6966f96d65-t8n78]
2025-01-29 17:05:27,334 INFO c.h.h.t.HelmChartContainer - Received Pulled event for container hivemq-platform-operator in pod hivemq-test-hivemq-platform-operator-6966f96d65-t8n78 [300fbfae-427d-46a2-95b5-bc428493e8f0]
2025-01-29 17:05:28,574 INFO c.h.h.t.HelmChartContainer - [EVENT] Normal [Created] Created container: hivemq-platform-operator [helmmonitoringplatformit-operator:hivemq-test-hivemq-platform-operator-6966f96d65-t8n78]
2025-01-29 17:05:28,574 INFO c.h.h.t.HelmChartContainer - Received Created event for container hivemq-platform-operator in pod hivemq-test-hivemq-platform-operator-6966f96d65-t8n78 [300fbfae-427d-46a2-95b5-bc428493e8f0]
2025-01-29 17:05:29,457 INFO c.h.h.t.HelmChartContainer - [K3S] [replica_set.go:679] "Finished syncing" kind="ReplicaSet" key="helmmonitoringplatformit-operator/hivemq-test-hivemq-platform-operator-6966f96d65" duration="45.986µs"
2025-01-29 17:05:29,462 INFO c.h.h.t.HelmChartContainer - [POD] hivemq-test-hivemq-platform-operator-6966f96d65-t8n78 [300fbfae-427d-46a2-95b5-bc428493e8f0] in helmmonitoringplatformit-operator was MODIFIED
2025-01-29 17:05:29,468 INFO c.h.h.t.HelmChartContainer - Started log watcher for hivemq-platform-operator in pod hivemq-test-hivemq-platform-operator-6966f96d65-t8n78 [300fbfae-427d-46a2-95b5-bc428493e8f0]
2025-01-29 17:05:29,468 INFO c.h.h.t.HelmChartContainer - [EVENT] Normal [Started] Started container hivemq-platform-operator [helmmonitoringplatformit-operator:hivemq-test-hivemq-platform-operator-6966f96d65-t8n78]
2025-01-29 17:05:29,468 INFO c.h.h.t.HelmChartContainer - Received Started event for container hivemq-platform-operator in pod hivemq-test-hivemq-platform-operator-6966f96d65-t8n78 [300fbfae-427d-46a2-95b5-bc428493e8f0]
2025-01-29 17:05:29,468 INFO c.h.h.t.HelmChartContainer - [hivemq-test-hivemq-platform] [hivemq-platform-operator] [300fbfae] -------------------------------------------------------------------------
2025-01-29 17:05:29,468 INFO c.h.h.t.HelmChartContainer - [hivemq-test-hivemq-platform] [hivemq-platform-operator] [300fbfae] 
2025-01-29 17:05:29,468 INFO c.h.h.t.HelmChartContainer - [hivemq-test-hivemq-platform] [hivemq-platform-operator] [300fbfae]                   _    _  _              __  __   ____
2025-01-29 17:05:29,468 INFO c.h.h.t.HelmChartContainer - [hivemq-test-hivemq-platform] [hivemq-platform-operator] [300fbfae]                  | |  | |(_)            |  \/  | / __ \
2025-01-29 17:05:29,468 INFO c.h.h.t.HelmChartContainer - [hivemq-test-hivemq-platform] [hivemq-platform-operator] [300fbfae]                  | |__| | _ __   __ ___ | \  / || |  | |
2025-01-29 17:05:29,468 INFO c.h.h.t.HelmChartContainer - [hivemq-test-hivemq-platform] [hivemq-platform-operator] [300fbfae]                  |  __  || |\ \ / // _ \| |\/| || |  | |
2025-01-29 17:05:29,468 INFO c.h.h.t.HelmChartContainer - [hivemq-test-hivemq-platform] [hivemq-platform-operator] [300fbfae]                  | |  | || | \ V /|  __/| |  | || |__| |
2025-01-29 17:05:29,468 INFO c.h.h.t.HelmChartContainer - [hivemq-test-hivemq-platform] [hivemq-platform-operator] [300fbfae]                  |_|  |_||_|  \_/  \___||_|  |_| \___\_\
2025-01-29 17:05:29,468 INFO c.h.h.t.HelmChartContainer - [hivemq-test-hivemq-platform] [hivemq-platform-operator] [300fbfae] 
2025-01-29 17:05:29,468 INFO c.h.h.t.HelmChartContainer - [hivemq-test-hivemq-platform] [hivemq-platform-operator] [300fbfae] -------------------------------------------------------------------------
2025-01-29 17:05:29,468 INFO c.h.h.t.HelmChartContainer - [hivemq-test-hivemq-platform] [hivemq-platform-operator] [300fbfae] 
2025-01-29 17:05:29,468 INFO c.h.h.t.HelmChartContainer - [hivemq-test-hivemq-platform] [hivemq-platform-operator] [300fbfae]   HiveMQ Platform Operator Start Script v1.0
2025-01-29 17:05:29,468 INFO c.h.h.t.HelmChartContainer - [hivemq-test-hivemq-platform] [hivemq-platform-operator] [300fbfae] 
2025-01-29 17:05:29,468 INFO c.h.h.t.HelmChartContainer - [hivemq-test-hivemq-platform] [hivemq-platform-operator] [300fbfae] -------------------------------------------------------------------------
2025-01-29 17:05:29,468 INFO c.h.h.t.HelmChartContainer - [hivemq-test-hivemq-platform] [hivemq-platform-operator] [300fbfae] 
2025-01-29 17:05:29,468 INFO c.h.h.t.HelmChartContainer - [hivemq-test-hivemq-platform] [hivemq-platform-operator] [300fbfae]   JAVA_OPTS: -XX:+UnlockExperimentalVMOptions -XX:InitialRAMPercentage=75 -XX:MaxRAMPercentage=75 -Duser.language=en -Duser.region=US
2025-01-29 17:05:29,468 INFO c.h.h.t.HelmChartContainer - [hivemq-test-hivemq-platform] [hivemq-platform-operator] [300fbfae] 
2025-01-29 17:05:29,468 INFO c.h.h.t.HelmChartContainer - [hivemq-test-hivemq-platform] [hivemq-platform-operator] [300fbfae]   JAVA_VERSION: 21
2025-01-29 17:05:29,468 INFO c.h.h.t.HelmChartContainer - [hivemq-test-hivemq-platform] [hivemq-platform-operator] [300fbfae] 
2025-01-29 17:05:29,468 INFO c.h.h.t.HelmChartContainer - [hivemq-test-hivemq-platform] [hivemq-platform-operator] [300fbfae] -------------------------------------------------------------------------
2025-01-29 17:05:29,468 INFO c.h.h.t.HelmChartContainer - [hivemq-test-hivemq-platform] [hivemq-platform-operator] [300fbfae] 
2025-01-29 17:05:31,828 INFO c.h.h.t.HelmChartContainer - [hivemq-test-hivemq-platform] [hivemq-platform-operator] [300fbfae] 17:05:31.825 [main] DEBUG org.jboss.logging - Logging Provider: org.jboss.logging.Slf4jLoggerProvider
2025-01-29 17:05:31,934 INFO c.h.h.t.HelmChartContainer - [hivemq-test-hivemq-platform] [hivemq-platform-operator] [300fbfae] 17:05:31.933 [main] DEBUG io.smallrye.config - SRCFG01006: Loaded ConfigSource SysPropConfigSource with ordinal 400
2025-01-29 17:05:31,934 INFO c.h.h.t.HelmChartContainer - [hivemq-test-hivemq-platform] [hivemq-platform-operator] [300fbfae] 17:05:31.933 [main] DEBUG io.smallrye.config - SRCFG01006: Loaded ConfigSource EnvConfigSource with ordinal 300
2025-01-29 17:05:31,935 INFO c.h.h.t.HelmChartContainer - [hivemq-test-hivemq-platform] [hivemq-platform-operator] [300fbfae] 17:05:31.933 [main] DEBUG io.smallrye.config - SRCFG01006: Loaded ConfigSource PropertiesConfigSource[source=jar:file:///opt/hivemq-platform-operator/bin/hivemq-platform-operator.jar!/hivemq-platform-operator.properties] with ordinal 100
2025-01-29 17:05:31,935 INFO c.h.h.t.HelmChartContainer - [hivemq-test-hivemq-platform] [hivemq-platform-operator] [300fbfae] 17:05:31.933 [main] DEBUG io.smallrye.config - SRCFG01006: Loaded ConfigSource DefaultValuesConfigSource with ordinal -2147483648
2025-01-29 17:05:32,039 INFO c.h.h.t.HelmChartContainer - [hivemq-test-hivemq-platform] [hivemq-platform-operator] [300fbfae] 17:05:32.038 [main] DEBUG i.m.c.u.i.l.InternalLoggerFactory - Using SLF4J as the default logging framework
2025-01-29 17:05:32,145 INFO c.h.h.t.HelmChartContainer - [hivemq-test-hivemq-platform] [hivemq-platform-operator] [300fbfae] 17:05:32.139 [main] INFO  c.h.p.o.HiveMQPlatformOperatorApplication - HiveMQ Platform Operator 1.7.0-SNAPSHOT (commit: 8465ebf on branch: HEAD) built on Wed Jan 29 16:56:31 UTC 2025
2025-01-29 17:05:32,145 INFO c.h.h.t.HelmChartContainer - [hivemq-test-hivemq-platform] [hivemq-platform-operator] [300fbfae] 17:05:32.144 [main] INFO  c.h.p.o.HiveMQPlatformOperatorApplication - HiveMQ Platform Operator is running in namespace: helmmonitoringplatformit-operator
2025-01-29 17:05:32,145 INFO c.h.h.t.HelmChartContainer - [hivemq-test-hivemq-platform] [hivemq-platform-operator] [300fbfae] 17:05:32.144 [main] INFO  c.h.p.o.HiveMQPlatformOperatorApplication - Watching all namespaces
2025-01-29 17:05:32,146 INFO c.h.h.t.HelmChartContainer - [hivemq-test-hivemq-platform] [hivemq-platform-operator] [300fbfae] 17:05:32.144 [main] INFO  c.h.p.o.HiveMQPlatformOperatorApplication - Log level: DEBUG
2025-01-29 17:05:32,146 INFO c.h.h.t.HelmChartContainer - [hivemq-test-hivemq-platform] [hivemq-platform-operator] [300fbfae] 17:05:32.144 [main] INFO  c.h.p.o.HiveMQPlatformOperatorApplication - Release name: test-hivemq-platform-operator
2025-01-29 17:05:32,146 INFO c.h.h.t.HelmChartContainer - [hivemq-test-hivemq-platform] [hivemq-platform-operator] [300fbfae] 17:05:32.144 [main] INFO  c.h.p.o.HiveMQPlatformOperatorApplication - HiveMQ Platform Operator Init image: docker.io/hivemq/hivemq-platform-operator-init-test:snapshot
2025-01-29 17:05:32,146 INFO c.h.h.t.HelmChartContainer - [hivemq-test-hivemq-platform] [hivemq-platform-operator] [300fbfae] 17:05:32.145 [main] INFO  c.h.p.o.HiveMQPlatformOperatorApplication - HiveMQ Platform Operator Init App update URL: http://hivemq-platform-operator-test-hivemq-platform-operator.helmmonitoringplatformit-operator.svc:8080/initAppUpdate/hivemq-platform-operator-init-app-1.7.0-SNAPSHOT.jar
2025-01-29 17:05:32,146 INFO c.h.h.t.HelmChartContainer - [hivemq-test-hivemq-platform] [hivemq-platform-operator] [300fbfae] 17:05:32.145 [main] INFO  c.h.p.o.HiveMQPlatformOperatorApplication - Additional imagePullSecret for all Platform deployments: none
2025-01-29 17:05:32,146 INFO c.h.h.t.HelmChartContainer - [hivemq-test-hivemq-platform] [hivemq-platform-operator] [300fbfae] 17:05:32.145 [main] INFO  c.h.p.o.HiveMQPlatformOperatorApplication - Apply HiveMQ Platform CRD: true
2025-01-29 17:05:32,146 INFO c.h.h.t.HelmChartContainer - [hivemq-test-hivemq-platform] [hivemq-platform-operator] [300fbfae] 17:05:32.145 [main] INFO  c.h.p.o.HiveMQPlatformOperatorApplication - Create Platform ServiceAccount: true
2025-01-29 17:05:32,146 INFO c.h.h.t.HelmChartContainer - [hivemq-test-hivemq-platform] [hivemq-platform-operator] [300fbfae] 17:05:32.145 [main] INFO  c.h.p.o.HiveMQPlatformOperatorApplication - Create Platform ServiceAccount permissions: true
2025-01-29 17:05:32,146 INFO c.h.h.t.HelmChartContainer - [hivemq-test-hivemq-platform] [hivemq-platform-operator] [300fbfae] 17:05:32.145 [main] INFO  c.h.p.o.HiveMQPlatformOperatorApplication - Validate Platform ServiceAccount: true
2025-01-29 17:05:32,146 INFO c.h.h.t.HelmChartContainer - [hivemq-test-hivemq-platform] [hivemq-platform-operator] [300fbfae] 17:05:32.145 [main] INFO  c.h.p.o.HiveMQPlatformOperatorApplication - Validate Platform ServiceAccount permissions: true
2025-01-29 17:05:32,324 INFO c.h.h.t.HelmChartContainer - [hivemq-test-hivemq-platform] [hivemq-platform-operator] [300fbfae] 17:05:32.323 [main] INFO  c.h.platform.operator.util.CRDUtil - Verifying deployed HiveMQ Platform CRD...
2025-01-29 17:05:34,729 INFO c.h.h.t.HelmChartContainer - [hivemq-test-hivemq-platform] [hivemq-platform-operator] [300fbfae] 17:05:34.728 [main] DEBUG c.h.platform.operator.util.CRDUtil - HiveMQ Platform CRD version v1 is up to date
2025-01-29 17:05:34,729 INFO c.h.h.t.HelmChartContainer - [hivemq-test-hivemq-platform] [hivemq-platform-operator] [300fbfae] 17:05:34.728 [main] INFO  c.h.platform.operator.util.CRDUtil - HiveMQ Platform CRD is up to date (version: V1_6_0)
2025-01-29 17:05:34,730 INFO c.h.h.t.HelmChartContainer - [hivemq-test-hivemq-platform] [hivemq-platform-operator] [300fbfae] 17:05:34.728 [main] INFO  c.h.platform.operator.util.CRDUtil - Waiting 10000 ms for HiveMQ Platform CRD 'hivemq-platforms.hivemq.com' to become ready...
2025-01-29 17:05:35,027 INFO c.h.h.t.HelmChartContainer - [hivemq-test-hivemq-platform] [hivemq-platform-operator] [300fbfae] 17:05:35.026 [vert.x-eventloop-thread-1] DEBUG c.h.platform.operator.util.CRDUtil - Checking CRD condition 'NamesAccepted' (status: 'True')
2025-01-29 17:05:35,028 INFO c.h.h.t.HelmChartContainer - [hivemq-test-hivemq-platform] [hivemq-platform-operator] [300fbfae] 17:05:35.026 [vert.x-eventloop-thread-1] DEBUG c.h.platform.operator.util.CRDUtil - Checking CRD condition 'Established' (status: 'True')
2025-01-29 17:05:35,029 INFO c.h.h.t.HelmChartContainer - [hivemq-test-hivemq-platform] [hivemq-platform-operator] [300fbfae] 17:05:35.027 [main] INFO  c.h.platform.operator.util.CRDUtil - HiveMQ Platform CRD 'hivemq-platforms.hivemq.com' is ready
2025-01-29 17:05:35,141 INFO c.h.h.t.HelmChartContainer - [hivemq-test-hivemq-platform] [hivemq-platform-operator] [300fbfae] 17:05:35.140 [main] INFO  c.h.p.o.HiveMQPlatformReconciler - HiveMQ Platform Operator is starting...
2025-01-29 17:05:35,241 INFO c.h.h.t.HelmChartContainer - [hivemq-test-hivemq-platform] [hivemq-platform-operator] [300fbfae] 17:05:35.240 [main] WARN  Default ConfigurationService implementation - Configuration for reconciler 'hivemq-controller' was not found. Known reconcilers: None.
2025-01-29 17:05:35,327 INFO c.h.h.t.HelmChartContainer - [hivemq-test-hivemq-platform] [hivemq-platform-operator] [300fbfae] 17:05:35.326 [main] INFO  Default ConfigurationService implementation - Created configuration for reconciler com.hivemq.platform.operator.HiveMQPlatformReconciler with name hivemq-controller
2025-01-29 17:05:35,428 INFO c.h.h.t.HelmChartContainer - [hivemq-test-hivemq-platform] [hivemq-platform-operator] [300fbfae] 17:05:35.427 [main] DEBUG c.h.p.o.HiveMQPlatformReconciler - HiveMQ Platform Operator is preparing EventSources
2025-01-29 17:05:35,441 INFO c.h.h.t.HelmChartContainer - [hivemq-test-hivemq-platform] [hivemq-platform-operator] [300fbfae] 17:05:35.440 [main] INFO  i.javaoperatorsdk.operator.Operator - Registered reconciler: 'hivemq-controller' for resource: 'class com.hivemq.platform.operator.v1.HiveMQPlatform' for namespace(s): [all namespaces]
2025-01-29 17:05:36,028 INFO c.h.h.t.HelmChartContainer - [hivemq-test-hivemq-platform] [hivemq-platform-operator] [300fbfae] 17:05:36.027 [main] INFO  c.h.p.operator.webserver.JettyServer - Starting Jetty server on port 8080
2025-01-29 17:05:36,123 INFO c.h.h.t.HelmChartContainer - [hivemq-test-hivemq-platform] [hivemq-platform-operator] [300fbfae] 17:05:36.122 [main] INFO  i.javaoperatorsdk.operator.Operator - Operator SDK 4.9.7 (commit: 2133d28) built on Wed Nov 20 12:56:20 UTC 2024 starting...
2025-01-29 17:05:36,124 INFO c.h.h.t.HelmChartContainer - [hivemq-test-hivemq-platform] [hivemq-platform-operator] [300fbfae] 17:05:36.122 [main] INFO  i.javaoperatorsdk.operator.Operator - Client version: 6.13.5
2025-01-29 17:05:36,125 INFO c.h.h.t.HelmChartContainer - [hivemq-test-hivemq-platform] [hivemq-platform-operator] [300fbfae] 17:05:36.123 [Controller Starter for: hivemq-controller] INFO  i.j.operator.processing.Controller - Starting 'hivemq-controller' controller for reconciler: com.hivemq.platform.operator.HiveMQPlatformReconciler, resource: com.hivemq.platform.operator.v1.HiveMQPlatform
2025-01-29 17:05:38,433 INFO c.h.h.t.HelmChartContainer - [hivemq-test-hivemq-platform] [hivemq-platform-operator] [300fbfae] 17:05:38.432 [Controller Starter for: hivemq-controller] INFO  i.j.operator.processing.Controller - 'hivemq-controller' controller started
2025-01-29 17:05:38,434 INFO c.h.h.t.HelmChartContainer - [hivemq-test-hivemq-platform] [hivemq-platform-operator] [300fbfae] 17:05:38.433 [main] INFO  c.h.p.o.HiveMQPlatformOperatorApplication - HiveMQ Platform Operator 1.7.0-SNAPSHOT started in 6293 ms
2025-01-29 17:05:40,466 INFO c.h.h.t.HelmChartContainer - [POD] hivemq-test-hivemq-platform-operator-6966f96d65-t8n78 [300fbfae-427d-46a2-95b5-bc428493e8f0] in helmmonitoringplatformit-operator was MODIFIED
2025-01-29 17:05:40,472 INFO c.h.h.t.HelmChartContainer - [K3S] [replica_set.go:679] "Finished syncing" kind="ReplicaSet" key="helmmonitoringplatformit-operator/hivemq-test-hivemq-platform-operator-6966f96d65" duration="9.346955ms"
2025-01-29 17:05:40,472 INFO c.h.h.t.HelmChartContainer - [K3S] [replica_set.go:679] "Finished syncing" kind="ReplicaSet" key="helmmonitoringplatformit-operator/hivemq-test-hivemq-platform-operator-6966f96d65" duration="34.534µs"
2025-01-29 17:05:41,295 DEBUG c.h.h.t.HelmChartContainer - Executing helm command: /bin/helm --kubeconfig /etc/rancher/k3s/k3s.yaml repo add prometheus-community https://prometheus-community.github.io/helm-charts
2025-01-29 17:05:41,821 DEBUG c.h.h.t.HelmChartContainer - Executing helm command: /bin/helm --kubeconfig /etc/rancher/k3s/k3s.yaml install monitoring-stack prometheus-community/kube-prometheus-stack --wait --timeout 5m0s --set prometheus-node-exporter.hostRootFsMount.enabled=false -n monitoring --create-namespace
2025-01-29 17:05:49,429 INFO c.h.h.t.HelmChartContainer - [K3S] [job_controller.go:598] "enqueueing job" key="monitoring/monitoring-stack-kube-prom-admission-create" delay="0s"
2025-01-29 17:05:49,444 INFO c.h.h.t.HelmChartContainer - [K3S] [job_controller.go:598] "enqueueing job" key="monitoring/monitoring-stack-kube-prom-admission-create" delay="1s"
2025-01-29 17:05:49,450 INFO c.h.h.t.HelmChartContainer - [POD] monitoring-stack-kube-prom-admission-create-fjdg2 [c44b1e1a-3cae-46b5-80a9-5499d0e2b42d] in monitoring was ADDED
2025-01-29 17:05:49,450 INFO c.h.h.t.HelmChartContainer - [K3S] [job_controller.go:598] "enqueueing job" key="monitoring/monitoring-stack-kube-prom-admission-create" delay="1s"
2025-01-29 17:05:49,452 INFO c.h.h.t.HelmChartContainer - [EVENT] Normal [SuccessfulCreate] Created pod: monitoring-stack-kube-prom-admission-create-fjdg2 [monitoring:monitoring-stack-kube-prom-admission-create]
2025-01-29 17:05:49,453 INFO c.h.h.t.HelmChartContainer - [POD] monitoring-stack-kube-prom-admission-create-fjdg2 [c44b1e1a-3cae-46b5-80a9-5499d0e2b42d] in monitoring was MODIFIED
2025-01-29 17:05:49,457 INFO c.h.h.t.HelmChartContainer - [EVENT] Normal [Scheduled] Successfully assigned monitoring/monitoring-stack-kube-prom-admission-create-fjdg2 to 2d154d5499dc [monitoring:monitoring-stack-kube-prom-admission-create-fjdg2]
2025-01-29 17:05:49,458 INFO c.h.h.t.HelmChartContainer - [K3S] [job_controller.go:598] "enqueueing job" key="monitoring/monitoring-stack-kube-prom-admission-create" delay="1s"
2025-01-29 17:05:49,465 INFO c.h.h.t.HelmChartContainer - [POD] monitoring-stack-kube-prom-admission-create-fjdg2 [c44b1e1a-3cae-46b5-80a9-5499d0e2b42d] in monitoring was MODIFIED
2025-01-29 17:05:49,465 INFO c.h.h.t.HelmChartContainer - [K3S] [job_controller.go:598] "enqueueing job" key="monitoring/monitoring-stack-kube-prom-admission-create" delay="1s"
2025-01-29 17:05:49,557 INFO c.h.h.t.HelmChartContainer - [K3S] [reconciler_common.go:251] "operationExecutor.VerifyControllerAttachedVolume started for volume \"kube-api-access-78js4\" (UniqueName: \"kubernetes.io/projected/c44b1e1a-3cae-46b5-80a9-5499d0e2b42d-kube-api-access-78js4\") pod \"monitoring-stack-kube-prom-admission-create-fjdg2\" (UID: \"c44b1e1a-3cae-46b5-80a9-5499d0e2b42d\") " pod="monitoring/monitoring-stack-kube-prom-admission-create-fjdg2"
2025-01-29 17:05:49,832 INFO c.h.h.t.HelmChartContainer - [EVENT] Normal [Pulling] Pulling image "registry.k8s.io/ingress-nginx/kube-webhook-certgen:v1.5.1" [monitoring:monitoring-stack-kube-prom-admission-create-fjdg2]
2025-01-29 17:05:51,272 INFO c.h.h.t.HelmChartContainer - [EVENT] Normal [Pulled] Successfully pulled image "registry.k8s.io/ingress-nginx/kube-webhook-certgen:v1.5.1" in 1.44s (1.44s including waiting). Image size: 27079554 bytes. [monitoring:monitoring-stack-kube-prom-admission-create-fjdg2]
2025-01-29 17:05:51,277 INFO c.h.h.t.HelmChartContainer - [EVENT] Normal [Created] Created container: create [monitoring:monitoring-stack-kube-prom-admission-create-fjdg2]
2025-01-29 17:05:51,339 INFO c.h.h.t.HelmChartContainer - [EVENT] Normal [Started] Started container create [monitoring:monitoring-stack-kube-prom-admission-create-fjdg2]
2025-01-29 17:05:51,507 INFO c.h.h.t.HelmChartContainer - [K3S] [job_controller.go:598] "enqueueing job" key="monitoring/monitoring-stack-kube-prom-admission-create" delay="1s"
2025-01-29 17:05:51,507 INFO c.h.h.t.HelmChartContainer - [POD] monitoring-stack-kube-prom-admission-create-fjdg2 [c44b1e1a-3cae-46b5-80a9-5499d0e2b42d] in monitoring was MODIFIED
2025-01-29 17:05:52,506 INFO c.h.h.t.HelmChartContainer - [K3S] [job_controller.go:598] "enqueueing job" key="monitoring/monitoring-stack-kube-prom-admission-create" delay="1s"
2025-01-29 17:05:52,507 INFO c.h.h.t.HelmChartContainer - [POD] monitoring-stack-kube-prom-admission-create-fjdg2 [c44b1e1a-3cae-46b5-80a9-5499d0e2b42d] in monitoring was MODIFIED
2025-01-29 17:05:52,509 INFO c.h.h.t.HelmChartContainer - [K3S] [job_controller.go:598] "enqueueing job" key="monitoring/monitoring-stack-kube-prom-admission-create" delay="1s"
2025-01-29 17:05:53,511 INFO c.h.h.t.HelmChartContainer - [K3S] [job_controller.go:598] "enqueueing job" key="monitoring/monitoring-stack-kube-prom-admission-create" delay="1s"
2025-01-29 17:05:53,578 INFO c.h.h.t.HelmChartContainer - [K3S] [job_controller.go:598] "enqueueing job" key="monitoring/monitoring-stack-kube-prom-admission-create" delay="1s"
2025-01-29 17:05:53,578 INFO c.h.h.t.HelmChartContainer - [POD] monitoring-stack-kube-prom-admission-create-fjdg2 [c44b1e1a-3cae-46b5-80a9-5499d0e2b42d] in monitoring was MODIFIED
2025-01-29 17:05:53,680 INFO c.h.h.t.HelmChartContainer - [K3S] [reconciler_common.go:162] "operationExecutor.UnmountVolume started for volume \"kube-api-access-78js4\" (UniqueName: \"kubernetes.io/projected/c44b1e1a-3cae-46b5-80a9-5499d0e2b42d-kube-api-access-78js4\") pod \"c44b1e1a-3cae-46b5-80a9-5499d0e2b42d\" (UID: \"c44b1e1a-3cae-46b5-80a9-5499d0e2b42d\") "
2025-01-29 17:05:53,781 INFO c.h.h.t.HelmChartContainer - [K3S] [reconciler_common.go:299] "Volume detached for volume \"kube-api-access-78js4\" (UniqueName: \"kubernetes.io/projected/c44b1e1a-3cae-46b5-80a9-5499d0e2b42d-kube-api-access-78js4\") on node \"2d154d5499dc\" DevicePath \"\""
2025-01-29 17:05:54,501 INFO c.h.h.t.HelmChartContainer - [K3S] [pod_container_deletor.go:80] "Container not found in pod's containers" containerID="41b5bcd6eb1fe66dcc7cd9c2339495c5b2429f9f1e2cf8f301c92e966fd21dcf"
2025-01-29 17:05:54,515 INFO c.h.h.t.HelmChartContainer - [K3S] [job_controller.go:598] "enqueueing job" key="monitoring/monitoring-stack-kube-prom-admission-create" delay="1s"
2025-01-29 17:05:54,519 INFO c.h.h.t.HelmChartContainer - [K3S] [job_controller.go:598] "enqueueing job" key="monitoring/monitoring-stack-kube-prom-admission-create" delay="1s"
2025-01-29 17:05:54,520 INFO c.h.h.t.HelmChartContainer - [POD] monitoring-stack-kube-prom-admission-create-fjdg2 [c44b1e1a-3cae-46b5-80a9-5499d0e2b42d] in monitoring was MODIFIED
2025-01-29 17:05:54,525 INFO c.h.h.t.HelmChartContainer - [EVENT] Normal [Completed] Job completed [monitoring:monitoring-stack-kube-prom-admission-create]
2025-01-29 17:05:54,532 INFO c.h.h.t.HelmChartContainer - [K3S] [job_controller.go:598] "enqueueing job" key="monitoring/monitoring-stack-kube-prom-admission-create" delay="0s"
2025-01-29 17:05:54,542 INFO c.h.h.t.HelmChartContainer - [POD] monitoring-stack-kube-prom-admission-create-fjdg2 [c44b1e1a-3cae-46b5-80a9-5499d0e2b42d] in monitoring was MODIFIED
2025-01-29 17:05:54,543 INFO c.h.h.t.HelmChartContainer - [POD] monitoring-stack-kube-prom-admission-create-fjdg2 [c44b1e1a-3cae-46b5-80a9-5499d0e2b42d] in monitoring was DELETED
2025-01-29 17:05:54,710 INFO c.h.h.t.HelmChartContainer - [K3S] [alloc.go:330] "allocated clusterIPs" service="monitoring/monitoring-stack-kube-prom-prometheus" clusterIPs={"IPv4":"10.43.42.78"}
2025-01-29 17:05:54,716 INFO c.h.h.t.HelmChartContainer - [K3S] [alloc.go:330] "allocated clusterIPs" service="monitoring/monitoring-stack-grafana" clusterIPs={"IPv4":"10.43.84.214"}
2025-01-29 17:05:54,725 INFO c.h.h.t.HelmChartContainer - [K3S] [alloc.go:330] "allocated clusterIPs" service="monitoring/monitoring-stack-prometheus-node-exporter" clusterIPs={"IPv4":"10.43.225.248"}
2025-01-29 17:05:54,743 INFO c.h.h.t.HelmChartContainer - [K3S] [alloc.go:330] "allocated clusterIPs" service="monitoring/monitoring-stack-kube-prom-alertmanager" clusterIPs={"IPv4":"10.43.242.186"}
2025-01-29 17:05:54,747 INFO c.h.h.t.HelmChartContainer - [K3S] [alloc.go:330] "allocated clusterIPs" service="monitoring/monitoring-stack-kube-state-metrics" clusterIPs={"IPv4":"10.43.193.96"}
2025-01-29 17:05:54,749 INFO c.h.h.t.HelmChartContainer - [K3S] [alloc.go:330] "allocated clusterIPs" service="monitoring/monitoring-stack-kube-prom-operator" clusterIPs={"IPv4":"10.43.167.233"}
2025-01-29 17:05:54,784 INFO c.h.h.t.HelmChartContainer - [EVENT] Normal [ScalingReplicaSet] Scaled up replica set monitoring-stack-kube-prom-operator-6998896c from 0 to 1 [monitoring:monitoring-stack-kube-prom-operator]
2025-01-29 17:05:54,785 INFO c.h.h.t.HelmChartContainer - [POD] monitoring-stack-kube-state-metrics-5bf5c7b54d-589j9 [94619a1a-9f72-493c-b557-962d6f9d8332] in monitoring was ADDED
2025-01-29 17:05:54,792 INFO c.h.h.t.HelmChartContainer - [EVENT] Normal [SuccessfulCreate] Created pod: monitoring-stack-kube-state-metrics-5bf5c7b54d-589j9 [monitoring:monitoring-stack-kube-state-metrics-5bf5c7b54d]
2025-01-29 17:05:54,794 INFO c.h.h.t.HelmChartContainer - [POD] monitoring-stack-kube-prom-operator-6998896c-7fnvq [307fb028-d614-471c-993e-d5c1cbab519e] in monitoring was ADDED
2025-01-29 17:05:54,798 INFO c.h.h.t.HelmChartContainer - [POD] monitoring-stack-prometheus-node-exporter-fpncc [fd4f21db-9e58-4767-9c60-a27b7c4aafd8] in monitoring was ADDED
2025-01-29 17:05:54,800 INFO c.h.h.t.HelmChartContainer - [EVENT] Normal [ScalingReplicaSet] Scaled up replica set monitoring-stack-kube-state-metrics-5bf5c7b54d from 0 to 1 [monitoring:monitoring-stack-kube-state-metrics]
2025-01-29 17:05:54,801 INFO c.h.h.t.HelmChartContainer - [K3S] [memory_manager.go:355] "RemoveStaleState removing state" podUID="c44b1e1a-3cae-46b5-80a9-5499d0e2b42d" containerName="create"
2025-01-29 17:05:54,803 INFO c.h.h.t.HelmChartContainer - [POD] monitoring-stack-kube-state-metrics-5bf5c7b54d-589j9 [94619a1a-9f72-493c-b557-962d6f9d8332] in monitoring was MODIFIED
2025-01-29 17:05:54,812 INFO c.h.h.t.HelmChartContainer - [K3S] [replica_set.go:679] "Finished syncing" kind="ReplicaSet" key="monitoring/monitoring-stack-kube-state-metrics-5bf5c7b54d" duration="36.735941ms"
2025-01-29 17:05:54,816 INFO c.h.h.t.HelmChartContainer - [POD] monitoring-stack-prometheus-node-exporter-fpncc [fd4f21db-9e58-4767-9c60-a27b7c4aafd8] in monitoring was MODIFIED
2025-01-29 17:05:54,821 INFO c.h.h.t.HelmChartContainer - [K3S] [dispatcher.go:210] Failed calling webhook, failing open prometheusrulemutate.monitoring.coreos.com: failed calling webhook "prometheusrulemutate.monitoring.coreos.com": failed to call webhook: Post "https://monitoring-stack-kube-prom-operator.monitoring.svc:443/admission-prometheusrules/mutate?timeout=10s": no endpoints available for service "monitoring-stack-kube-prom-operator"
2025-01-29 17:05:54,821 INFO c.h.h.t.HelmChartContainer - [K3S] [dispatcher.go:214] "Unhandled Error" err="failed calling webhook \"prometheusrulemutate.monitoring.coreos.com\": failed to call webhook: Post \"https://monitoring-stack-kube-prom-operator.monitoring.svc:443/admission-prometheusrules/mutate?timeout=10s\": no endpoints available for service \"monitoring-stack-kube-prom-operator\""
2025-01-29 17:05:54,840 INFO c.h.h.t.HelmChartContainer - [POD] monitoring-stack-kube-prom-operator-6998896c-7fnvq [307fb028-d614-471c-993e-d5c1cbab519e] in monitoring was MODIFIED
2025-01-29 17:05:54,840 INFO c.h.h.t.HelmChartContainer - [POD] monitoring-stack-grafana-64c55fb967-n75mg [2e805c19-b7ce-431e-aa12-bd4c1355b48c] in monitoring was ADDED
2025-01-29 17:05:54,841 INFO c.h.h.t.HelmChartContainer - [K3S] [dispatcher.go:210] Failed calling webhook, failing open prometheusrulemutate.monitoring.coreos.com: failed calling webhook "prometheusrulemutate.monitoring.coreos.com": failed to call webhook: Post "https://monitoring-stack-kube-prom-operator.monitoring.svc:443/admission-prometheusrules/mutate?timeout=10s": no endpoints available for service "monitoring-stack-kube-prom-operator"
2025-01-29 17:05:54,841 INFO c.h.h.t.HelmChartContainer - [K3S] [dispatcher.go:214] "Unhandled Error" err="failed calling webhook \"prometheusrulemutate.monitoring.coreos.com\": failed to call webhook: Post \"https://monitoring-stack-kube-prom-operator.monitoring.svc:443/admission-prometheusrules/mutate?timeout=10s\": no endpoints available for service \"monitoring-stack-kube-prom-operator\""
2025-01-29 17:05:54,841 INFO c.h.h.t.HelmChartContainer - [K3S] [dispatcher.go:210] Failed calling webhook, failing open prometheusrulemutate.monitoring.coreos.com: failed calling webhook "prometheusrulemutate.monitoring.coreos.com": failed to call webhook: Post "https://monitoring-stack-kube-prom-operator.monitoring.svc:443/admission-prometheusrules/mutate?timeout=10s": no endpoints available for service "monitoring-stack-kube-prom-operator"
2025-01-29 17:05:54,841 INFO c.h.h.t.HelmChartContainer - [K3S] [dispatcher.go:214] "Unhandled Error" err="failed calling webhook \"prometheusrulemutate.monitoring.coreos.com\": failed to call webhook: Post \"https://monitoring-stack-kube-prom-operator.monitoring.svc:443/admission-prometheusrules/mutate?timeout=10s\": no endpoints available for service \"monitoring-stack-kube-prom-operator\""
2025-01-29 17:05:54,842 INFO c.h.h.t.HelmChartContainer - [K3S] [dispatcher.go:210] Failed calling webhook, failing open prometheusrulemutate.monitoring.coreos.com: failed calling webhook "prometheusrulemutate.monitoring.coreos.com": failed to call webhook: Post "https://monitoring-stack-kube-prom-operator.monitoring.svc:443/admission-prometheusrules/mutate?timeout=10s": no endpoints available for service "monitoring-stack-kube-prom-operator"
2025-01-29 17:05:54,842 INFO c.h.h.t.HelmChartContainer - [K3S] [dispatcher.go:214] "Unhandled Error" err="failed calling webhook \"prometheusrulemutate.monitoring.coreos.com\": failed to call webhook: Post \"https://monitoring-stack-kube-prom-operator.monitoring.svc:443/admission-prometheusrules/mutate?timeout=10s\": no endpoints available for service \"monitoring-stack-kube-prom-operator\""
2025-01-29 17:05:54,846 INFO c.h.h.t.HelmChartContainer - [K3S] [dispatcher.go:210] Failed calling webhook, failing open prometheusrulemutate.monitoring.coreos.com: failed calling webhook "prometheusrulemutate.monitoring.coreos.com": failed to call webhook: Post "https://monitoring-stack-kube-prom-operator.monitoring.svc:443/admission-prometheusrules/mutate?timeout=10s": no endpoints available for service "monitoring-stack-kube-prom-operator"
2025-01-29 17:05:54,848 INFO c.h.h.t.HelmChartContainer - [K3S] [dispatcher.go:214] "Unhandled Error" err="failed calling webhook \"prometheusrulemutate.monitoring.coreos.com\": failed to call webhook: Post \"https://monitoring-stack-kube-prom-operator.monitoring.svc:443/admission-prometheusrules/mutate?timeout=10s\": no endpoints available for service \"monitoring-stack-kube-prom-operator\""
2025-01-29 17:05:54,848 INFO c.h.h.t.HelmChartContainer - [K3S] [dispatcher.go:210] Failed calling webhook, failing open prometheusrulemutate.monitoring.coreos.com: failed calling webhook "prometheusrulemutate.monitoring.coreos.com": failed to call webhook: Post "https://monitoring-stack-kube-prom-operator.monitoring.svc:443/admission-prometheusrules/mutate?timeout=10s": no endpoints available for service "monitoring-stack-kube-prom-operator"
2025-01-29 17:05:54,848 INFO c.h.h.t.HelmChartContainer - [K3S] [dispatcher.go:214] "Unhandled Error" err="failed calling webhook \"prometheusrulemutate.monitoring.coreos.com\": failed to call webhook: Post \"https://monitoring-stack-kube-prom-operator.monitoring.svc:443/admission-prometheusrules/mutate?timeout=10s\": no endpoints available for service \"monitoring-stack-kube-prom-operator\""
2025-01-29 17:05:54,849 INFO c.h.h.t.HelmChartContainer - [K3S] [replica_set.go:679] "Finished syncing" kind="ReplicaSet" key="monitoring/monitoring-stack-kube-prom-operator-6998896c" duration="75.094532ms"
2025-01-29 17:05:54,851 INFO c.h.h.t.HelmChartContainer - [EVENT] Normal [SuccessfulCreate] Created pod: monitoring-stack-kube-prom-operator-6998896c-7fnvq [monitoring:monitoring-stack-kube-prom-operator-6998896c]
2025-01-29 17:05:54,863 INFO c.h.h.t.HelmChartContainer - [K3S] [dispatcher.go:210] Failed calling webhook, failing open prometheusrulemutate.monitoring.coreos.com: failed calling webhook "prometheusrulemutate.monitoring.coreos.com": failed to call webhook: Post "https://monitoring-stack-kube-prom-operator.monitoring.svc:443/admission-prometheusrules/mutate?timeout=10s": no endpoints available for service "monitoring-stack-kube-prom-operator"
2025-01-29 17:05:54,863 INFO c.h.h.t.HelmChartContainer - [K3S] [dispatcher.go:214] "Unhandled Error" err="failed calling webhook \"prometheusrulemutate.monitoring.coreos.com\": failed to call webhook: Post \"https://monitoring-stack-kube-prom-operator.monitoring.svc:443/admission-prometheusrules/mutate?timeout=10s\": no endpoints available for service \"monitoring-stack-kube-prom-operator\""
2025-01-29 17:05:54,867 INFO c.h.h.t.HelmChartContainer - [K3S] [dispatcher.go:210] Failed calling webhook, failing open prometheusrulemutate.monitoring.coreos.com: failed calling webhook "prometheusrulemutate.monitoring.coreos.com": failed to call webhook: Post "https://monitoring-stack-kube-prom-operator.monitoring.svc:443/admission-prometheusrules/mutate?timeout=10s": no endpoints available for service "monitoring-stack-kube-prom-operator"
2025-01-29 17:05:54,868 INFO c.h.h.t.HelmChartContainer - [K3S] [dispatcher.go:214] "Unhandled Error" err="failed calling webhook \"prometheusrulemutate.monitoring.coreos.com\": failed to call webhook: Post \"https://monitoring-stack-kube-prom-operator.monitoring.svc:443/admission-prometheusrules/mutate?timeout=10s\": no endpoints available for service \"monitoring-stack-kube-prom-operator\""
2025-01-29 17:05:54,872 INFO c.h.h.t.HelmChartContainer - [K3S] [dispatcher.go:210] Failed calling webhook, failing open prometheusrulemutate.monitoring.coreos.com: failed calling webhook "prometheusrulemutate.monitoring.coreos.com": failed to call webhook: Post "https://monitoring-stack-kube-prom-operator.monitoring.svc:443/admission-prometheusrules/mutate?timeout=10s": no endpoints available for service "monitoring-stack-kube-prom-operator"
2025-01-29 17:05:54,872 INFO c.h.h.t.HelmChartContainer - [K3S] [dispatcher.go:214] "Unhandled Error" err="failed calling webhook \"prometheusrulemutate.monitoring.coreos.com\": failed to call webhook: Post \"https://monitoring-stack-kube-prom-operator.monitoring.svc:443/admission-prometheusrules/mutate?timeout=10s\": no endpoints available for service \"monitoring-stack-kube-prom-operator\""
2025-01-29 17:05:54,874 INFO c.h.h.t.HelmChartContainer - [K3S] [dispatcher.go:210] Failed calling webhook, failing open prometheusrulemutate.monitoring.coreos.com: failed calling webhook "prometheusrulemutate.monitoring.coreos.com": failed to call webhook: Post "https://monitoring-stack-kube-prom-operator.monitoring.svc:443/admission-prometheusrules/mutate?timeout=10s": no endpoints available for service "monitoring-stack-kube-prom-operator"
2025-01-29 17:05:54,877 INFO c.h.h.t.HelmChartContainer - [K3S] [dispatcher.go:214] "Unhandled Error" err="failed calling webhook \"prometheusrulemutate.monitoring.coreos.com\": failed to call webhook: Post \"https://monitoring-stack-kube-prom-operator.monitoring.svc:443/admission-prometheusrules/mutate?timeout=10s\": no endpoints available for service \"monitoring-stack-kube-prom-operator\""
2025-01-29 17:05:54,878 INFO c.h.h.t.HelmChartContainer - [EVENT] Normal [Scheduled] Successfully assigned monitoring/monitoring-stack-kube-prom-operator-6998896c-7fnvq to 2d154d5499dc [monitoring:monitoring-stack-kube-prom-operator-6998896c-7fnvq]
2025-01-29 17:05:54,882 INFO c.h.h.t.HelmChartContainer - [K3S] [dispatcher.go:210] Failed calling webhook, failing open prometheusrulemutate.monitoring.coreos.com: failed calling webhook "prometheusrulemutate.monitoring.coreos.com": failed to call webhook: Post "https://monitoring-stack-kube-prom-operator.monitoring.svc:443/admission-prometheusrules/mutate?timeout=10s": no endpoints available for service "monitoring-stack-kube-prom-operator"
2025-01-29 17:05:54,882 INFO c.h.h.t.HelmChartContainer - [K3S] [dispatcher.go:214] "Unhandled Error" err="failed calling webhook \"prometheusrulemutate.monitoring.coreos.com\": failed to call webhook: Post \"https://monitoring-stack-kube-prom-operator.monitoring.svc:443/admission-prometheusrules/mutate?timeout=10s\": no endpoints available for service \"monitoring-stack-kube-prom-operator\""
2025-01-29 17:05:54,883 INFO c.h.h.t.HelmChartContainer - [K3S] [dispatcher.go:210] Failed calling webhook, failing open prometheusrulemutate.monitoring.coreos.com: failed calling webhook "prometheusrulemutate.monitoring.coreos.com": failed to call webhook: Post "https://monitoring-stack-kube-prom-operator.monitoring.svc:443/admission-prometheusrules/mutate?timeout=10s": no endpoints available for service "monitoring-stack-kube-prom-operator"
2025-01-29 17:05:54,884 INFO c.h.h.t.HelmChartContainer - [K3S] [dispatcher.go:214] "Unhandled Error" err="failed calling webhook \"prometheusrulemutate.monitoring.coreos.com\": failed to call webhook: Post \"https://monitoring-stack-kube-prom-operator.monitoring.svc:443/admission-prometheusrules/mutate?timeout=10s\": no endpoints available for service \"monitoring-stack-kube-prom-operator\""
2025-01-29 17:05:54,887 INFO c.h.h.t.HelmChartContainer - [K3S] [dispatcher.go:210] Failed calling webhook, failing open prometheusrulemutate.monitoring.coreos.com: failed calling webhook "prometheusrulemutate.monitoring.coreos.com": failed to call webhook: Post "https://monitoring-stack-kube-prom-operator.monitoring.svc:443/admission-prometheusrules/mutate?timeout=10s": no endpoints available for service "monitoring-stack-kube-prom-operator"
2025-01-29 17:05:54,888 INFO c.h.h.t.HelmChartContainer - [K3S] [dispatcher.go:214] "Unhandled Error" err="failed calling webhook \"prometheusrulemutate.monitoring.coreos.com\": failed to call webhook: Post \"https://monitoring-stack-kube-prom-operator.monitoring.svc:443/admission-prometheusrules/mutate?timeout=10s\": no endpoints available for service \"monitoring-stack-kube-prom-operator\""
2025-01-29 17:05:54,890 INFO c.h.h.t.HelmChartContainer - [K3S] [dispatcher.go:210] Failed calling webhook, failing open prometheusrulemutate.monitoring.coreos.com: failed calling webhook "prometheusrulemutate.monitoring.coreos.com": failed to call webhook: Post "https://monitoring-stack-kube-prom-operator.monitoring.svc:443/admission-prometheusrules/mutate?timeout=10s": no endpoints available for service "monitoring-stack-kube-prom-operator"
2025-01-29 17:05:54,890 INFO c.h.h.t.HelmChartContainer - [K3S] [dispatcher.go:214] "Unhandled Error" err="failed calling webhook \"prometheusrulemutate.monitoring.coreos.com\": failed to call webhook: Post \"https://monitoring-stack-kube-prom-operator.monitoring.svc:443/admission-prometheusrules/mutate?timeout=10s\": no endpoints available for service \"monitoring-stack-kube-prom-operator\""
2025-01-29 17:05:54,890 INFO c.h.h.t.HelmChartContainer - [EVENT] Normal [SuccessfulCreate] Created pod: monitoring-stack-prometheus-node-exporter-fpncc [monitoring:monitoring-stack-prometheus-node-exporter]
2025-01-29 17:05:54,893 INFO c.h.h.t.HelmChartContainer - [K3S] [dispatcher.go:210] Failed calling webhook, failing open prometheusrulemutate.monitoring.coreos.com: failed calling webhook "prometheusrulemutate.monitoring.coreos.com": failed to call webhook: Post "https://monitoring-stack-kube-prom-operator.monitoring.svc:443/admission-prometheusrules/mutate?timeout=10s": no endpoints available for service "monitoring-stack-kube-prom-operator"
2025-01-29 17:05:54,896 INFO c.h.h.t.HelmChartContainer - [EVENT] Normal [Scheduled] Successfully assigned monitoring/monitoring-stack-kube-state-metrics-5bf5c7b54d-589j9 to 2d154d5499dc [monitoring:monitoring-stack-kube-state-metrics-5bf5c7b54d-589j9]
2025-01-29 17:05:54,896 INFO c.h.h.t.HelmChartContainer - [EVENT] Normal [ScalingReplicaSet] Scaled up replica set monitoring-stack-grafana-64c55fb967 from 0 to 1 [monitoring:monitoring-stack-grafana]
2025-01-29 17:05:54,903 INFO c.h.h.t.HelmChartContainer - [K3S] [dispatcher.go:214] "Unhandled Error" err="failed calling webhook \"prometheusrulemutate.monitoring.coreos.com\": failed to call webhook: Post \"https://monitoring-stack-kube-prom-operator.monitoring.svc:443/admission-prometheusrules/mutate?timeout=10s\": no endpoints available for service \"monitoring-stack-kube-prom-operator\""
2025-01-29 17:05:54,905 INFO c.h.h.t.HelmChartContainer - [K3S] [dispatcher.go:210] Failed calling webhook, failing open prometheusrulemutate.monitoring.coreos.com: failed calling webhook "prometheusrulemutate.monitoring.coreos.com": failed to call webhook: Post "https://monitoring-stack-kube-prom-operator.monitoring.svc:443/admission-prometheusrules/mutate?timeout=10s": no endpoints available for service "monitoring-stack-kube-prom-operator"
2025-01-29 17:05:54,907 INFO c.h.h.t.HelmChartContainer - [K3S] [dispatcher.go:214] "Unhandled Error" err="failed calling webhook \"prometheusrulemutate.monitoring.coreos.com\": failed to call webhook: Post \"https://monitoring-stack-kube-prom-operator.monitoring.svc:443/admission-prometheusrules/mutate?timeout=10s\": no endpoints available for service \"monitoring-stack-kube-prom-operator\""
2025-01-29 17:05:54,907 INFO c.h.h.t.HelmChartContainer - [K3S] [dispatcher.go:210] Failed calling webhook, failing open prometheusrulemutate.monitoring.coreos.com: failed calling webhook "prometheusrulemutate.monitoring.coreos.com": failed to call webhook: Post "https://monitoring-stack-kube-prom-operator.monitoring.svc:443/admission-prometheusrules/mutate?timeout=10s": no endpoints available for service "monitoring-stack-kube-prom-operator"
2025-01-29 17:05:54,907 INFO c.h.h.t.HelmChartContainer - [K3S] [dispatcher.go:214] "Unhandled Error" err="failed calling webhook \"prometheusrulemutate.monitoring.coreos.com\": failed to call webhook: Post \"https://monitoring-stack-kube-prom-operator.monitoring.svc:443/admission-prometheusrules/mutate?timeout=10s\": no endpoints available for service \"monitoring-stack-kube-prom-operator\""
2025-01-29 17:05:54,908 INFO c.h.h.t.HelmChartContainer - [K3S] [dispatcher.go:210] Failed calling webhook, failing open prometheusrulemutate.monitoring.coreos.com: failed calling webhook "prometheusrulemutate.monitoring.coreos.com": failed to call webhook: Post "https://monitoring-stack-kube-prom-operator.monitoring.svc:443/admission-prometheusrules/mutate?timeout=10s": no endpoints available for service "monitoring-stack-kube-prom-operator"
2025-01-29 17:05:54,908 INFO c.h.h.t.HelmChartContainer - [K3S] [dispatcher.go:214] "Unhandled Error" err="failed calling webhook \"prometheusrulemutate.monitoring.coreos.com\": failed to call webhook: Post \"https://monitoring-stack-kube-prom-operator.monitoring.svc:443/admission-prometheusrules/mutate?timeout=10s\": no endpoints available for service \"monitoring-stack-kube-prom-operator\""
2025-01-29 17:05:54,908 INFO c.h.h.t.HelmChartContainer - [K3S] [dispatcher.go:210] Failed calling webhook, failing open prometheusrulemutate.monitoring.coreos.com: failed calling webhook "prometheusrulemutate.monitoring.coreos.com": failed to call webhook: Post "https://monitoring-stack-kube-prom-operator.monitoring.svc:443/admission-prometheusrules/mutate?timeout=10s": no endpoints available for service "monitoring-stack-kube-prom-operator"
2025-01-29 17:05:54,908 INFO c.h.h.t.HelmChartContainer - [K3S] [dispatcher.go:214] "Unhandled Error" err="failed calling webhook \"prometheusrulemutate.monitoring.coreos.com\": failed to call webhook: Post \"https://monitoring-stack-kube-prom-operator.monitoring.svc:443/admission-prometheusrules/mutate?timeout=10s\": no endpoints available for service \"monitoring-stack-kube-prom-operator\""
2025-01-29 17:05:54,908 INFO c.h.h.t.HelmChartContainer - [K3S] [replica_set.go:679] "Finished syncing" kind="ReplicaSet" key="monitoring/monitoring-stack-kube-state-metrics-5bf5c7b54d" duration="81.335167ms"
2025-01-29 17:05:54,908 INFO c.h.h.t.HelmChartContainer - [K3S] [dispatcher.go:210] Failed calling webhook, failing open prometheusrulemutate.monitoring.coreos.com: failed calling webhook "prometheusrulemutate.monitoring.coreos.com": failed to call webhook: Post "https://monitoring-stack-kube-prom-operator.monitoring.svc:443/admission-prometheusrules/mutate?timeout=10s": no endpoints available for service "monitoring-stack-kube-prom-operator"
2025-01-29 17:05:54,908 INFO c.h.h.t.HelmChartContainer - [K3S] [dispatcher.go:214] "Unhandled Error" err="failed calling webhook \"prometheusrulemutate.monitoring.coreos.com\": failed to call webhook: Post \"https://monitoring-stack-kube-prom-operator.monitoring.svc:443/admission-prometheusrules/mutate?timeout=10s\": no endpoints available for service \"monitoring-stack-kube-prom-operator\""
2025-01-29 17:05:54,909 INFO c.h.h.t.HelmChartContainer - [K3S] [dispatcher.go:210] Failed calling webhook, failing open prometheusrulemutate.monitoring.coreos.com: failed calling webhook "prometheusrulemutate.monitoring.coreos.com": failed to call webhook: Post "https://monitoring-stack-kube-prom-operator.monitoring.svc:443/admission-prometheusrules/mutate?timeout=10s": no endpoints available for service "monitoring-stack-kube-prom-operator"
2025-01-29 17:05:54,909 INFO c.h.h.t.HelmChartContainer - [K3S] [dispatcher.go:214] "Unhandled Error" err="failed calling webhook \"prometheusrulemutate.monitoring.coreos.com\": failed to call webhook: Post \"https://monitoring-stack-kube-prom-operator.monitoring.svc:443/admission-prometheusrules/mutate?timeout=10s\": no endpoints available for service \"monitoring-stack-kube-prom-operator\""
2025-01-29 17:05:54,911 INFO c.h.h.t.HelmChartContainer - [K3S] [dispatcher.go:210] Failed calling webhook, failing open prometheusrulemutate.monitoring.coreos.com: failed calling webhook "prometheusrulemutate.monitoring.coreos.com": failed to call webhook: Post "https://monitoring-stack-kube-prom-operator.monitoring.svc:443/admission-prometheusrules/mutate?timeout=10s": no endpoints available for service "monitoring-stack-kube-prom-operator"
2025-01-29 17:05:54,911 INFO c.h.h.t.HelmChartContainer - [K3S] [dispatcher.go:214] "Unhandled Error" err="failed calling webhook \"prometheusrulemutate.monitoring.coreos.com\": failed to call webhook: Post \"https://monitoring-stack-kube-prom-operator.monitoring.svc:443/admission-prometheusrules/mutate?timeout=10s\": no endpoints available for service \"monitoring-stack-kube-prom-operator\""
2025-01-29 17:05:54,916 INFO c.h.h.t.HelmChartContainer - [K3S] [dispatcher.go:210] Failed calling webhook, failing open prometheusrulemutate.monitoring.coreos.com: failed calling webhook "prometheusrulemutate.monitoring.coreos.com": failed to call webhook: Post "https://monitoring-stack-kube-prom-operator.monitoring.svc:443/admission-prometheusrules/mutate?timeout=10s": no endpoints available for service "monitoring-stack-kube-prom-operator"
2025-01-29 17:05:54,917 INFO c.h.h.t.HelmChartContainer - [K3S] [dispatcher.go:214] "Unhandled Error" err="failed calling webhook \"prometheusrulemutate.monitoring.coreos.com\": failed to call webhook: Post \"https://monitoring-stack-kube-prom-operator.monitoring.svc:443/admission-prometheusrules/mutate?timeout=10s\": no endpoints available for service \"monitoring-stack-kube-prom-operator\""
2025-01-29 17:05:54,920 INFO c.h.h.t.HelmChartContainer - [K3S] [replica_set.go:679] "Finished syncing" kind="ReplicaSet" key="monitoring/monitoring-stack-grafana-64c55fb967" duration="128.211245ms"
2025-01-29 17:05:54,922 INFO c.h.h.t.HelmChartContainer - [K3S] [replica_set.go:679] "Finished syncing" kind="ReplicaSet" key="monitoring/monitoring-stack-kube-state-metrics-5bf5c7b54d" duration="72.607µs"
2025-01-29 17:05:54,923 INFO c.h.h.t.HelmChartContainer - [K3S] [dispatcher.go:210] Failed calling webhook, failing open prometheusrulemutate.monitoring.coreos.com: failed calling webhook "prometheusrulemutate.monitoring.coreos.com": failed to call webhook: Post "https://monitoring-stack-kube-prom-operator.monitoring.svc:443/admission-prometheusrules/mutate?timeout=10s": no endpoints available for service "monitoring-stack-kube-prom-operator"
2025-01-29 17:05:54,924 INFO c.h.h.t.HelmChartContainer - [K3S] [dispatcher.go:214] "Unhandled Error" err="failed calling webhook \"prometheusrulemutate.monitoring.coreos.com\": failed to call webhook: Post \"https://monitoring-stack-kube-prom-operator.monitoring.svc:443/admission-prometheusrules/mutate?timeout=10s\": no endpoints available for service \"monitoring-stack-kube-prom-operator\""
2025-01-29 17:05:54,926 INFO c.h.h.t.HelmChartContainer - [K3S] [dispatcher.go:210] Failed calling webhook, failing open prometheusrulemutate.monitoring.coreos.com: failed calling webhook "prometheusrulemutate.monitoring.coreos.com": failed to call webhook: Post "https://monitoring-stack-kube-prom-operator.monitoring.svc:443/admission-prometheusrules/mutate?timeout=10s": no endpoints available for service "monitoring-stack-kube-prom-operator"
2025-01-29 17:05:54,926 INFO c.h.h.t.HelmChartContainer - [K3S] [dispatcher.go:214] "Unhandled Error" err="failed calling webhook \"prometheusrulemutate.monitoring.coreos.com\": failed to call webhook: Post \"https://monitoring-stack-kube-prom-operator.monitoring.svc:443/admission-prometheusrules/mutate?timeout=10s\": no endpoints available for service \"monitoring-stack-kube-prom-operator\""
2025-01-29 17:05:54,930 INFO c.h.h.t.HelmChartContainer - [K3S] [dispatcher.go:210] Failed calling webhook, failing open prometheusrulemutate.monitoring.coreos.com: failed calling webhook "prometheusrulemutate.monitoring.coreos.com": failed to call webhook: Post "https://monitoring-stack-kube-prom-operator.monitoring.svc:443/admission-prometheusrules/mutate?timeout=10s": no endpoints available for service "monitoring-stack-kube-prom-operator"
2025-01-29 17:05:54,932 INFO c.h.h.t.HelmChartContainer - [K3S] [dispatcher.go:214] "Unhandled Error" err="failed calling webhook \"prometheusrulemutate.monitoring.coreos.com\": failed to call webhook: Post \"https://monitoring-stack-kube-prom-operator.monitoring.svc:443/admission-prometheusrules/mutate?timeout=10s\": no endpoints available for service \"monitoring-stack-kube-prom-operator\""
2025-01-29 17:05:54,933 INFO c.h.h.t.HelmChartContainer - [K3S] [dispatcher.go:210] Failed calling webhook, failing open prometheusrulemutate.monitoring.coreos.com: failed calling webhook "prometheusrulemutate.monitoring.coreos.com": failed to call webhook: Post "https://monitoring-stack-kube-prom-operator.monitoring.svc:443/admission-prometheusrules/mutate?timeout=10s": no endpoints available for service "monitoring-stack-kube-prom-operator"
2025-01-29 17:05:54,933 INFO c.h.h.t.HelmChartContainer - [K3S] [dispatcher.go:214] "Unhandled Error" err="failed calling webhook \"prometheusrulemutate.monitoring.coreos.com\": failed to call webhook: Post \"https://monitoring-stack-kube-prom-operator.monitoring.svc:443/admission-prometheusrules/mutate?timeout=10s\": no endpoints available for service \"monitoring-stack-kube-prom-operator\""
2025-01-29 17:05:54,935 INFO c.h.h.t.HelmChartContainer - [K3S] [dispatcher.go:210] Failed calling webhook, failing open prometheusrulemutate.monitoring.coreos.com: failed calling webhook "prometheusrulemutate.monitoring.coreos.com": failed to call webhook: Post "https://monitoring-stack-kube-prom-operator.monitoring.svc:443/admission-prometheusrules/mutate?timeout=10s": no endpoints available for service "monitoring-stack-kube-prom-operator"
2025-01-29 17:05:54,935 INFO c.h.h.t.HelmChartContainer - [K3S] [dispatcher.go:214] "Unhandled Error" err="failed calling webhook \"prometheusrulemutate.monitoring.coreos.com\": failed to call webhook: Post \"https://monitoring-stack-kube-prom-operator.monitoring.svc:443/admission-prometheusrules/mutate?timeout=10s\": no endpoints available for service \"monitoring-stack-kube-prom-operator\""
2025-01-29 17:05:54,936 INFO c.h.h.t.HelmChartContainer - [K3S] [dispatcher.go:210] Failed calling webhook, failing open prometheusrulemutate.monitoring.coreos.com: failed calling webhook "prometheusrulemutate.monitoring.coreos.com": failed to call webhook: Post "https://monitoring-stack-kube-prom-operator.monitoring.svc:443/admission-prometheusrules/mutate?timeout=10s": no endpoints available for service "monitoring-stack-kube-prom-operator"
2025-01-29 17:05:54,939 INFO c.h.h.t.HelmChartContainer - [K3S] [dispatcher.go:214] "Unhandled Error" err="failed calling webhook \"prometheusrulemutate.monitoring.coreos.com\": failed to call webhook: Post \"https://monitoring-stack-kube-prom-operator.monitoring.svc:443/admission-prometheusrules/mutate?timeout=10s\": no endpoints available for service \"monitoring-stack-kube-prom-operator\""
2025-01-29 17:05:54,942 INFO c.h.h.t.HelmChartContainer - [K3S] [dispatcher.go:210] Failed calling webhook, failing open prometheusrulemutate.monitoring.coreos.com: failed calling webhook "prometheusrulemutate.monitoring.coreos.com": failed to call webhook: Post "https://monitoring-stack-kube-prom-operator.monitoring.svc:443/admission-prometheusrules/mutate?timeout=10s": no endpoints available for service "monitoring-stack-kube-prom-operator"
2025-01-29 17:05:54,943 INFO c.h.h.t.HelmChartContainer - [K3S] [dispatcher.go:214] "Unhandled Error" err="failed calling webhook \"prometheusrulemutate.monitoring.coreos.com\": failed to call webhook: Post \"https://monitoring-stack-kube-prom-operator.monitoring.svc:443/admission-prometheusrules/mutate?timeout=10s\": no endpoints available for service \"monitoring-stack-kube-prom-operator\""
2025-01-29 17:05:54,950 INFO c.h.h.t.HelmChartContainer - [K3S] [dispatcher.go:210] Failed calling webhook, failing open prometheusrulemutate.monitoring.coreos.com: failed calling webhook "prometheusrulemutate.monitoring.coreos.com": failed to call webhook: Post "https://monitoring-stack-kube-prom-operator.monitoring.svc:443/admission-prometheusrules/mutate?timeout=10s": no endpoints available for service "monitoring-stack-kube-prom-operator"
2025-01-29 17:05:54,950 INFO c.h.h.t.HelmChartContainer - [K3S] [dispatcher.go:214] "Unhandled Error" err="failed calling webhook \"prometheusrulemutate.monitoring.coreos.com\": failed to call webhook: Post \"https://monitoring-stack-kube-prom-operator.monitoring.svc:443/admission-prometheusrules/mutate?timeout=10s\": no endpoints available for service \"monitoring-stack-kube-prom-operator\""
2025-01-29 17:05:54,963 INFO c.h.h.t.HelmChartContainer - [K3S] [dispatcher.go:210] Failed calling webhook, failing open prometheusrulemutate.monitoring.coreos.com: failed calling webhook "prometheusrulemutate.monitoring.coreos.com": failed to call webhook: Post "https://monitoring-stack-kube-prom-operator.monitoring.svc:443/admission-prometheusrules/mutate?timeout=10s": no endpoints available for service "monitoring-stack-kube-prom-operator"
2025-01-29 17:05:54,963 INFO c.h.h.t.HelmChartContainer - [K3S] [dispatcher.go:214] "Unhandled Error" err="failed calling webhook \"prometheusrulemutate.monitoring.coreos.com\": failed to call webhook: Post \"https://monitoring-stack-kube-prom-operator.monitoring.svc:443/admission-prometheusrules/mutate?timeout=10s\": no endpoints available for service \"monitoring-stack-kube-prom-operator\""
2025-01-29 17:05:54,964 INFO c.h.h.t.HelmChartContainer - [K3S] [dispatcher.go:210] Failed calling webhook, failing open prometheusrulemutate.monitoring.coreos.com: failed calling webhook "prometheusrulemutate.monitoring.coreos.com": failed to call webhook: Post "https://monitoring-stack-kube-prom-operator.monitoring.svc:443/admission-prometheusrules/mutate?timeout=10s": no endpoints available for service "monitoring-stack-kube-prom-operator"
2025-01-29 17:05:54,964 INFO c.h.h.t.HelmChartContainer - [K3S] [dispatcher.go:214] "Unhandled Error" err="failed calling webhook \"prometheusrulemutate.monitoring.coreos.com\": failed to call webhook: Post \"https://monitoring-stack-kube-prom-operator.monitoring.svc:443/admission-prometheusrules/mutate?timeout=10s\": no endpoints available for service \"monitoring-stack-kube-prom-operator\""
2025-01-29 17:05:54,970 INFO c.h.h.t.HelmChartContainer - [K3S] [dispatcher.go:210] Failed calling webhook, failing open prometheusrulemutate.monitoring.coreos.com: failed calling webhook "prometheusrulemutate.monitoring.coreos.com": failed to call webhook: Post "https://monitoring-stack-kube-prom-operator.monitoring.svc:443/admission-prometheusrules/mutate?timeout=10s": no endpoints available for service "monitoring-stack-kube-prom-operator"
2025-01-29 17:05:54,970 INFO c.h.h.t.HelmChartContainer - [K3S] [dispatcher.go:214] "Unhandled Error" err="failed calling webhook \"prometheusrulemutate.monitoring.coreos.com\": failed to call webhook: Post \"https://monitoring-stack-kube-prom-operator.monitoring.svc:443/admission-prometheusrules/mutate?timeout=10s\": no endpoints available for service \"monitoring-stack-kube-prom-operator\""
2025-01-29 17:05:54,971 INFO c.h.h.t.HelmChartContainer - [EVENT] Normal [Scheduled] Successfully assigned monitoring/monitoring-stack-prometheus-node-exporter-fpncc to 2d154d5499dc [monitoring:monitoring-stack-prometheus-node-exporter-fpncc]
2025-01-29 17:05:54,972 INFO c.h.h.t.HelmChartContainer - [K3S] [replica_set.go:679] "Finished syncing" kind="ReplicaSet" key="monitoring/monitoring-stack-grafana-64c55fb967" duration="49.78149ms"
2025-01-29 17:05:54,972 INFO c.h.h.t.HelmChartContainer - [K3S] [replica_set.go:679] "Finished syncing" kind="ReplicaSet" key="monitoring/monitoring-stack-grafana-64c55fb967" duration="69.13µs"
2025-01-29 17:05:54,973 INFO c.h.h.t.HelmChartContainer - [K3S] [replica_set.go:679] "Finished syncing" kind="ReplicaSet" key="monitoring/monitoring-stack-grafana-64c55fb967" duration="66.114µs"
2025-01-29 17:05:54,986 INFO c.h.h.t.HelmChartContainer - [POD] monitoring-stack-kube-state-metrics-5bf5c7b54d-589j9 [94619a1a-9f72-493c-b557-962d6f9d8332] in monitoring was MODIFIED
2025-01-29 17:05:55,005 INFO c.h.h.t.HelmChartContainer - [K3S] [replica_set.go:679] "Finished syncing" kind="ReplicaSet" key="monitoring/monitoring-stack-kube-prom-operator-6998896c" duration="150.658088ms"
2025-01-29 17:05:55,006 INFO c.h.h.t.HelmChartContainer - [K3S] [replica_set.go:679] "Finished syncing" kind="ReplicaSet" key="monitoring/monitoring-stack-kube-prom-operator-6998896c" duration="86.232µs"
2025-01-29 17:05:55,014 INFO c.h.h.t.HelmChartContainer - [POD] monitoring-stack-grafana-64c55fb967-n75mg [2e805c19-b7ce-431e-aa12-bd4c1355b48c] in monitoring was MODIFIED
2025-01-29 17:05:55,015 INFO c.h.h.t.HelmChartContainer - [K3S] [replica_set.go:679] "Finished syncing" kind="ReplicaSet" key="monitoring/monitoring-stack-kube-state-metrics-5bf5c7b54d" duration="95.721µs"
2025-01-29 17:05:55,016 INFO c.h.h.t.HelmChartContainer - [EVENT] Normal [SuccessfulCreate] Created pod: monitoring-stack-grafana-64c55fb967-n75mg [monitoring:monitoring-stack-grafana-64c55fb967]
2025-01-29 17:05:55,027 INFO c.h.h.t.HelmChartContainer - [K3S] [replica_set.go:679] "Finished syncing" kind="ReplicaSet" key="monitoring/monitoring-stack-grafana-64c55fb967" duration="82.615µs"
2025-01-29 17:05:55,030 INFO c.h.h.t.HelmChartContainer - [EVENT] Normal [Scheduled] Successfully assigned monitoring/monitoring-stack-grafana-64c55fb967-n75mg to 2d154d5499dc [monitoring:monitoring-stack-grafana-64c55fb967-n75mg]
2025-01-29 17:05:55,043 INFO c.h.h.t.HelmChartContainer - [K3S] [reconciler_common.go:251] "operationExecutor.VerifyControllerAttachedVolume started for volume \"proc\" (UniqueName: \"kubernetes.io/host-path/fd4f21db-9e58-4767-9c60-a27b7c4aafd8-proc\") pod \"monitoring-stack-prometheus-node-exporter-fpncc\" (UID: \"fd4f21db-9e58-4767-9c60-a27b7c4aafd8\") " pod="monitoring/monitoring-stack-prometheus-node-exporter-fpncc"
2025-01-29 17:05:55,043 INFO c.h.h.t.HelmChartContainer - [K3S] [reconciler_common.go:251] "operationExecutor.VerifyControllerAttachedVolume started for volume \"sys\" (UniqueName: \"kubernetes.io/host-path/fd4f21db-9e58-4767-9c60-a27b7c4aafd8-sys\") pod \"monitoring-stack-prometheus-node-exporter-fpncc\" (UID: \"fd4f21db-9e58-4767-9c60-a27b7c4aafd8\") " pod="monitoring/monitoring-stack-prometheus-node-exporter-fpncc"
2025-01-29 17:05:55,043 INFO c.h.h.t.HelmChartContainer - [K3S] [reconciler_common.go:251] "operationExecutor.VerifyControllerAttachedVolume started for volume \"kube-api-access-rppz5\" (UniqueName: \"kubernetes.io/projected/94619a1a-9f72-493c-b557-962d6f9d8332-kube-api-access-rppz5\") pod \"monitoring-stack-kube-state-metrics-5bf5c7b54d-589j9\" (UID: \"94619a1a-9f72-493c-b557-962d6f9d8332\") " pod="monitoring/monitoring-stack-kube-state-metrics-5bf5c7b54d-589j9"
2025-01-29 17:05:55,047 INFO c.h.h.t.HelmChartContainer - [POD] monitoring-stack-prometheus-node-exporter-fpncc [fd4f21db-9e58-4767-9c60-a27b7c4aafd8] in monitoring was MODIFIED
2025-01-29 17:05:55,069 INFO c.h.h.t.HelmChartContainer - [POD] monitoring-stack-kube-prom-operator-6998896c-7fnvq [307fb028-d614-471c-993e-d5c1cbab519e] in monitoring was MODIFIED
2025-01-29 17:05:55,069 INFO c.h.h.t.HelmChartContainer - [K3S] [replica_set.go:679] "Finished syncing" kind="ReplicaSet" key="monitoring/monitoring-stack-kube-prom-operator-6998896c" duration="79.439µs"
2025-01-29 17:05:55,073 INFO c.h.h.t.HelmChartContainer - [K3S] [dispatcher.go:210] Failed calling webhook, failing open prometheusrulemutate.monitoring.coreos.com: failed calling webhook "prometheusrulemutate.monitoring.coreos.com": failed to call webhook: Post "https://monitoring-stack-kube-prom-operator.monitoring.svc:443/admission-prometheusrules/mutate?timeout=10s": no endpoints available for service "monitoring-stack-kube-prom-operator"
2025-01-29 17:05:55,073 INFO c.h.h.t.HelmChartContainer - [K3S] [dispatcher.go:214] "Unhandled Error" err="failed calling webhook \"prometheusrulemutate.monitoring.coreos.com\": failed to call webhook: Post \"https://monitoring-stack-kube-prom-operator.monitoring.svc:443/admission-prometheusrules/mutate?timeout=10s\": no endpoints available for service \"monitoring-stack-kube-prom-operator\""
2025-01-29 17:05:55,113 INFO c.h.h.t.HelmChartContainer - [K3S] [replica_set.go:679] "Finished syncing" kind="ReplicaSet" key="monitoring/monitoring-stack-grafana-64c55fb967" duration="57.999µs"
2025-01-29 17:05:55,116 INFO c.h.h.t.HelmChartContainer - [POD] monitoring-stack-grafana-64c55fb967-n75mg [2e805c19-b7ce-431e-aa12-bd4c1355b48c] in monitoring was MODIFIED
2025-01-29 17:05:55,143 INFO c.h.h.t.HelmChartContainer - [K3S] [reconciler_common.go:251] "operationExecutor.VerifyControllerAttachedVolume started for volume \"config\" (UniqueName: \"kubernetes.io/configmap/2e805c19-b7ce-431e-aa12-bd4c1355b48c-config\") pod \"monitoring-stack-grafana-64c55fb967-n75mg\" (UID: \"2e805c19-b7ce-431e-aa12-bd4c1355b48c\") " pod="monitoring/monitoring-stack-grafana-64c55fb967-n75mg"
2025-01-29 17:05:55,143 INFO c.h.h.t.HelmChartContainer - [K3S] [reconciler_common.go:251] "operationExecutor.VerifyControllerAttachedVolume started for volume \"kube-api-access-p9zbr\" (UniqueName: \"kubernetes.io/projected/307fb028-d614-471c-993e-d5c1cbab519e-kube-api-access-p9zbr\") pod \"monitoring-stack-kube-prom-operator-6998896c-7fnvq\" (UID: \"307fb028-d614-471c-993e-d5c1cbab519e\") " pod="monitoring/monitoring-stack-kube-prom-operator-6998896c-7fnvq"
2025-01-29 17:05:55,143 INFO c.h.h.t.HelmChartContainer - [K3S] [reconciler_common.go:251] "operationExecutor.VerifyControllerAttachedVolume started for volume \"storage\" (UniqueName: \"kubernetes.io/empty-dir/2e805c19-b7ce-431e-aa12-bd4c1355b48c-storage\") pod \"monitoring-stack-grafana-64c55fb967-n75mg\" (UID: \"2e805c19-b7ce-431e-aa12-bd4c1355b48c\") " pod="monitoring/monitoring-stack-grafana-64c55fb967-n75mg"
2025-01-29 17:05:55,143 INFO c.h.h.t.HelmChartContainer - [K3S] [reconciler_common.go:251] "operationExecutor.VerifyControllerAttachedVolume started for volume \"kube-api-access-fsg59\" (UniqueName: \"kubernetes.io/projected/2e805c19-b7ce-431e-aa12-bd4c1355b48c-kube-api-access-fsg59\") pod \"monitoring-stack-grafana-64c55fb967-n75mg\" (UID: \"2e805c19-b7ce-431e-aa12-bd4c1355b48c\") " pod="monitoring/monitoring-stack-grafana-64c55fb967-n75mg"
2025-01-29 17:05:55,143 INFO c.h.h.t.HelmChartContainer - [K3S] [reconciler_common.go:251] "operationExecutor.VerifyControllerAttachedVolume started for volume \"sc-datasources-volume\" (UniqueName: \"kubernetes.io/empty-dir/2e805c19-b7ce-431e-aa12-bd4c1355b48c-sc-datasources-volume\") pod \"monitoring-stack-grafana-64c55fb967-n75mg\" (UID: \"2e805c19-b7ce-431e-aa12-bd4c1355b48c\") " pod="monitoring/monitoring-stack-grafana-64c55fb967-n75mg"
2025-01-29 17:05:55,143 INFO c.h.h.t.HelmChartContainer - [K3S] [reconciler_common.go:251] "operationExecutor.VerifyControllerAttachedVolume started for volume \"tls-secret\" (UniqueName: \"kubernetes.io/secret/307fb028-d614-471c-993e-d5c1cbab519e-tls-secret\") pod \"monitoring-stack-kube-prom-operator-6998896c-7fnvq\" (UID: \"307fb028-d614-471c-993e-d5c1cbab519e\") " pod="monitoring/monitoring-stack-kube-prom-operator-6998896c-7fnvq"
2025-01-29 17:05:55,143 INFO c.h.h.t.HelmChartContainer - [K3S] [reconciler_common.go:251] "operationExecutor.VerifyControllerAttachedVolume started for volume \"sc-dashboard-provider\" (UniqueName: \"kubernetes.io/configmap/2e805c19-b7ce-431e-aa12-bd4c1355b48c-sc-dashboard-provider\") pod \"monitoring-stack-grafana-64c55fb967-n75mg\" (UID: \"2e805c19-b7ce-431e-aa12-bd4c1355b48c\") " pod="monitoring/monitoring-stack-grafana-64c55fb967-n75mg"
2025-01-29 17:05:55,144 INFO c.h.h.t.HelmChartContainer - [K3S] [reconciler_common.go:251] "operationExecutor.VerifyControllerAttachedVolume started for volume \"sc-dashboard-volume\" (UniqueName: \"kubernetes.io/empty-dir/2e805c19-b7ce-431e-aa12-bd4c1355b48c-sc-dashboard-volume\") pod \"monitoring-stack-grafana-64c55fb967-n75mg\" (UID: \"2e805c19-b7ce-431e-aa12-bd4c1355b48c\") " pod="monitoring/monitoring-stack-grafana-64c55fb967-n75mg"
2025-01-29 17:05:55,365 INFO c.h.h.t.HelmChartContainer - [EVENT] Normal [Pulling] Pulling image "quay.io/prometheus-operator/prometheus-operator:v0.79.2" [monitoring:monitoring-stack-kube-prom-operator-6998896c-7fnvq]
2025-01-29 17:05:55,411 INFO c.h.h.t.HelmChartContainer - [EVENT] Normal [Pulling] Pulling image "quay.io/kiwigrid/k8s-sidecar:1.28.0" [monitoring:monitoring-stack-grafana-64c55fb967-n75mg]
2025-01-29 17:05:55,501 INFO c.h.h.t.HelmChartContainer - [EVENT] Normal [Pulling] Pulling image "registry.k8s.io/kube-state-metrics/kube-state-metrics:v2.14.0" [monitoring:monitoring-stack-kube-state-metrics-5bf5c7b54d-589j9]
2025-01-29 17:05:55,513 INFO c.h.h.t.HelmChartContainer - [EVENT] Normal [Pulling] Pulling image "quay.io/prometheus/node-exporter:v1.8.2" [monitoring:monitoring-stack-prometheus-node-exporter-fpncc]
2025-01-29 17:05:56,096 INFO c.h.h.t.HelmChartContainer - [K3S] [kubelet_volumes.go:163] "Cleaned up orphaned pod volumes dir" podUID="c44b1e1a-3cae-46b5-80a9-5499d0e2b42d" path="/var/lib/kubelet/pods/c44b1e1a-3cae-46b5-80a9-5499d0e2b42d/volumes"
2025-01-29 17:05:56,352 INFO c.h.h.t.HelmChartContainer - [EVENT] Normal [Pulled] Successfully pulled image "registry.k8s.io/kube-state-metrics/kube-state-metrics:v2.14.0" in 851ms (851ms including waiting). Image size: 15427061 bytes. [monitoring:monitoring-stack-kube-state-metrics-5bf5c7b54d-589j9]
2025-01-29 17:05:56,358 INFO c.h.h.t.HelmChartContainer - [EVENT] Normal [Created] Created container: kube-state-metrics [monitoring:monitoring-stack-kube-state-metrics-5bf5c7b54d-589j9]
2025-01-29 17:05:56,419 INFO c.h.h.t.HelmChartContainer - [EVENT] Normal [Started] Started container kube-state-metrics [monitoring:monitoring-stack-kube-state-metrics-5bf5c7b54d-589j9]
2025-01-29 17:05:56,515 INFO c.h.h.t.HelmChartContainer - [K3S] [replica_set.go:679] "Finished syncing" kind="ReplicaSet" key="monitoring/monitoring-stack-kube-state-metrics-5bf5c7b54d" duration="44.203µs"
2025-01-29 17:05:56,517 INFO c.h.h.t.HelmChartContainer - [POD] monitoring-stack-kube-state-metrics-5bf5c7b54d-589j9 [94619a1a-9f72-493c-b557-962d6f9d8332] in monitoring was MODIFIED
2025-01-29 17:05:57,730 INFO c.h.h.t.HelmChartContainer - [EVENT] Normal [Pulled] Successfully pulled image "quay.io/kiwigrid/k8s-sidecar:1.28.0" in 2.319s (2.319s including waiting). Image size: 23059632 bytes. [monitoring:monitoring-stack-grafana-64c55fb967-n75mg]
2025-01-29 17:05:57,737 INFO c.h.h.t.HelmChartContainer - [EVENT] Normal [Created] Created container: grafana-sc-dashboard [monitoring:monitoring-stack-grafana-64c55fb967-n75mg]
2025-01-29 17:05:57,816 INFO c.h.h.t.HelmChartContainer - [EVENT] Normal [Started] Started container grafana-sc-dashboard [monitoring:monitoring-stack-grafana-64c55fb967-n75mg]
2025-01-29 17:05:57,818 INFO c.h.h.t.HelmChartContainer - [EVENT] Normal [Pulled] Container image "quay.io/kiwigrid/k8s-sidecar:1.28.0" already present on machine [monitoring:monitoring-stack-grafana-64c55fb967-n75mg]
2025-01-29 17:05:57,836 INFO c.h.h.t.HelmChartContainer - [EVENT] Normal [Created] Created container: grafana-sc-datasources [monitoring:monitoring-stack-grafana-64c55fb967-n75mg]
2025-01-29 17:05:57,918 INFO c.h.h.t.HelmChartContainer - [EVENT] Normal [Started] Started container grafana-sc-datasources [monitoring:monitoring-stack-grafana-64c55fb967-n75mg]
2025-01-29 17:05:57,920 INFO c.h.h.t.HelmChartContainer - [EVENT] Normal [Pulling] Pulling image "docker.io/grafana/grafana:11.4.0" [monitoring:monitoring-stack-grafana-64c55fb967-n75mg]
2025-01-29 17:05:58,193 INFO c.h.h.t.HelmChartContainer - [EVENT] Normal [Pulled] Successfully pulled image "quay.io/prometheus/node-exporter:v1.8.2" in 2.676s (2.676s including waiting). Image size: 12041464 bytes. [monitoring:monitoring-stack-prometheus-node-exporter-fpncc]
2025-01-29 17:05:58,206 INFO c.h.h.t.HelmChartContainer - [EVENT] Normal [Created] Created container: node-exporter [monitoring:monitoring-stack-prometheus-node-exporter-fpncc]
2025-01-29 17:05:58,276 INFO c.h.h.t.HelmChartContainer - [EVENT] Normal [Started] Started container node-exporter [monitoring:monitoring-stack-prometheus-node-exporter-fpncc]
2025-01-29 17:05:58,350 INFO c.h.h.t.HelmChartContainer - [EVENT] Normal [Pulled] Successfully pulled image "quay.io/prometheus-operator/prometheus-operator:v0.79.2" in 2.985s (2.985s including waiting). Image size: 19140913 bytes. [monitoring:monitoring-stack-kube-prom-operator-6998896c-7fnvq]
2025-01-29 17:05:58,357 INFO c.h.h.t.HelmChartContainer - [EVENT] Normal [Created] Created container: kube-prometheus-stack [monitoring:monitoring-stack-kube-prom-operator-6998896c-7fnvq]
2025-01-29 17:05:58,442 INFO c.h.h.t.HelmChartContainer - [EVENT] Normal [Started] Started container kube-prometheus-stack [monitoring:monitoring-stack-kube-prom-operator-6998896c-7fnvq]
2025-01-29 17:05:58,519 INFO c.h.h.t.HelmChartContainer - [EVENT] Warning [Unhealthy] Readiness probe failed: Get "https://10.42.0.11:10250/healthz": dial tcp 10.42.0.11:10250: connect: connection refused [monitoring:monitoring-stack-kube-prom-operator-6998896c-7fnvq]
2025-01-29 17:05:58,530 INFO c.h.h.t.HelmChartContainer - [POD] monitoring-stack-kube-prom-operator-6998896c-7fnvq [307fb028-d614-471c-993e-d5c1cbab519e] in monitoring was MODIFIED
2025-01-29 17:05:58,530 INFO c.h.h.t.HelmChartContainer - [K3S] [replica_set.go:679] "Finished syncing" kind="ReplicaSet" key="monitoring/monitoring-stack-kube-prom-operator-6998896c" duration="57.669µs"
2025-01-29 17:05:58,551 INFO c.h.h.t.HelmChartContainer - [POD] monitoring-stack-prometheus-node-exporter-fpncc [fd4f21db-9e58-4767-9c60-a27b7c4aafd8] in monitoring was MODIFIED
2025-01-29 17:05:58,769 INFO c.h.h.t.HelmChartContainer - [POD] alertmanager-monitoring-stack-kube-prom-alertmanager-0 [5341220a-81a2-4c0f-9f72-599290f5bfa7] in monitoring was ADDED
2025-01-29 17:05:58,776 INFO c.h.h.t.HelmChartContainer - [POD] alertmanager-monitoring-stack-kube-prom-alertmanager-0 [5341220a-81a2-4c0f-9f72-599290f5bfa7] in monitoring was MODIFIED
2025-01-29 17:05:58,780 INFO c.h.h.t.HelmChartContainer - [EVENT] Normal [Scheduled] Successfully assigned monitoring/alertmanager-monitoring-stack-kube-prom-alertmanager-0 to 2d154d5499dc [monitoring:alertmanager-monitoring-stack-kube-prom-alertmanager-0]
2025-01-29 17:05:58,788 INFO c.h.h.t.HelmChartContainer - [EVENT] Normal [SuccessfulCreate] create Pod alertmanager-monitoring-stack-kube-prom-alertmanager-0 in StatefulSet alertmanager-monitoring-stack-kube-prom-alertmanager successful [monitoring:alertmanager-monitoring-stack-kube-prom-alertmanager]
2025-01-29 17:05:58,843 INFO c.h.h.t.HelmChartContainer - [POD] alertmanager-monitoring-stack-kube-prom-alertmanager-0 [5341220a-81a2-4c0f-9f72-599290f5bfa7] in monitoring was MODIFIED
2025-01-29 17:05:58,968 INFO c.h.h.t.HelmChartContainer - [K3S] [reconciler_common.go:251] "operationExecutor.VerifyControllerAttachedVolume started for volume \"alertmanager-monitoring-stack-kube-prom-alertmanager-db\" (UniqueName: \"kubernetes.io/empty-dir/5341220a-81a2-4c0f-9f72-599290f5bfa7-alertmanager-monitoring-stack-kube-prom-alertmanager-db\") pod \"alertmanager-monitoring-stack-kube-prom-alertmanager-0\" (UID: \"5341220a-81a2-4c0f-9f72-599290f5bfa7\") " pod="monitoring/alertmanager-monitoring-stack-kube-prom-alertmanager-0"
2025-01-29 17:05:58,969 INFO c.h.h.t.HelmChartContainer - [K3S] [reconciler_common.go:251] "operationExecutor.VerifyControllerAttachedVolume started for volume \"tls-assets\" (UniqueName: \"kubernetes.io/projected/5341220a-81a2-4c0f-9f72-599290f5bfa7-tls-assets\") pod \"alertmanager-monitoring-stack-kube-prom-alertmanager-0\" (UID: \"5341220a-81a2-4c0f-9f72-599290f5bfa7\") " pod="monitoring/alertmanager-monitoring-stack-kube-prom-alertmanager-0"
2025-01-29 17:05:58,969 INFO c.h.h.t.HelmChartContainer - [K3S] [reconciler_common.go:251] "operationExecutor.VerifyControllerAttachedVolume started for volume \"kube-api-access-cv874\" (UniqueName: \"kubernetes.io/projected/5341220a-81a2-4c0f-9f72-599290f5bfa7-kube-api-access-cv874\") pod \"alertmanager-monitoring-stack-kube-prom-alertmanager-0\" (UID: \"5341220a-81a2-4c0f-9f72-599290f5bfa7\") " pod="monitoring/alertmanager-monitoring-stack-kube-prom-alertmanager-0"
2025-01-29 17:05:58,969 INFO c.h.h.t.HelmChartContainer - [K3S] [reconciler_common.go:251] "operationExecutor.VerifyControllerAttachedVolume started for volume \"config-volume\" (UniqueName: \"kubernetes.io/secret/5341220a-81a2-4c0f-9f72-599290f5bfa7-config-volume\") pod \"alertmanager-monitoring-stack-kube-prom-alertmanager-0\" (UID: \"5341220a-81a2-4c0f-9f72-599290f5bfa7\") " pod="monitoring/alertmanager-monitoring-stack-kube-prom-alertmanager-0"
2025-01-29 17:05:58,969 INFO c.h.h.t.HelmChartContainer - [K3S] [reconciler_common.go:251] "operationExecutor.VerifyControllerAttachedVolume started for volume \"web-config\" (UniqueName: \"kubernetes.io/secret/5341220a-81a2-4c0f-9f72-599290f5bfa7-web-config\") pod \"alertmanager-monitoring-stack-kube-prom-alertmanager-0\" (UID: \"5341220a-81a2-4c0f-9f72-599290f5bfa7\") " pod="monitoring/alertmanager-monitoring-stack-kube-prom-alertmanager-0"
2025-01-29 17:05:58,969 INFO c.h.h.t.HelmChartContainer - [K3S] [reconciler_common.go:251] "operationExecutor.VerifyControllerAttachedVolume started for volume \"config-out\" (UniqueName: \"kubernetes.io/empty-dir/5341220a-81a2-4c0f-9f72-599290f5bfa7-config-out\") pod \"alertmanager-monitoring-stack-kube-prom-alertmanager-0\" (UID: \"5341220a-81a2-4c0f-9f72-599290f5bfa7\") " pod="monitoring/alertmanager-monitoring-stack-kube-prom-alertmanager-0"
2025-01-29 17:05:59,153 INFO c.h.h.t.HelmChartContainer - [POD] prometheus-monitoring-stack-kube-prom-prometheus-0 [741c0ccd-4fe1-440a-a45e-7e20cd1315cc] in monitoring was ADDED
2025-01-29 17:05:59,164 INFO c.h.h.t.HelmChartContainer - [EVENT] Normal [SuccessfulCreate] create Pod prometheus-monitoring-stack-kube-prom-prometheus-0 in StatefulSet prometheus-monitoring-stack-kube-prom-prometheus successful [monitoring:prometheus-monitoring-stack-kube-prom-prometheus]
2025-01-29 17:05:59,173 INFO c.h.h.t.HelmChartContainer - [POD] prometheus-monitoring-stack-kube-prom-prometheus-0 [741c0ccd-4fe1-440a-a45e-7e20cd1315cc] in monitoring was MODIFIED
2025-01-29 17:05:59,188 INFO c.h.h.t.HelmChartContainer - [EVENT] Normal [Scheduled] Successfully assigned monitoring/prometheus-monitoring-stack-kube-prom-prometheus-0 to 2d154d5499dc [monitoring:prometheus-monitoring-stack-kube-prom-prometheus-0]
2025-01-29 17:05:59,228 INFO c.h.h.t.HelmChartContainer - [POD] prometheus-monitoring-stack-kube-prom-prometheus-0 [741c0ccd-4fe1-440a-a45e-7e20cd1315cc] in monitoring was MODIFIED
2025-01-29 17:05:59,270 INFO c.h.h.t.HelmChartContainer - [K3S] [reconciler_common.go:251] "operationExecutor.VerifyControllerAttachedVolume started for volume \"config\" (UniqueName: \"kubernetes.io/secret/741c0ccd-4fe1-440a-a45e-7e20cd1315cc-config\") pod \"prometheus-monitoring-stack-kube-prom-prometheus-0\" (UID: \"741c0ccd-4fe1-440a-a45e-7e20cd1315cc\") " pod="monitoring/prometheus-monitoring-stack-kube-prom-prometheus-0"
2025-01-29 17:05:59,271 INFO c.h.h.t.HelmChartContainer - [K3S] [reconciler_common.go:251] "operationExecutor.VerifyControllerAttachedVolume started for volume \"prometheus-monitoring-stack-kube-prom-prometheus-db\" (UniqueName: \"kubernetes.io/empty-dir/741c0ccd-4fe1-440a-a45e-7e20cd1315cc-prometheus-monitoring-stack-kube-prom-prometheus-db\") pod \"prometheus-monitoring-stack-kube-prom-prometheus-0\" (UID: \"741c0ccd-4fe1-440a-a45e-7e20cd1315cc\") " pod="monitoring/prometheus-monitoring-stack-kube-prom-prometheus-0"
2025-01-29 17:05:59,271 INFO c.h.h.t.HelmChartContainer - [K3S] [reconciler_common.go:251] "operationExecutor.VerifyControllerAttachedVolume started for volume \"config-out\" (UniqueName: \"kubernetes.io/empty-dir/741c0ccd-4fe1-440a-a45e-7e20cd1315cc-config-out\") pod \"prometheus-monitoring-stack-kube-prom-prometheus-0\" (UID: \"741c0ccd-4fe1-440a-a45e-7e20cd1315cc\") " pod="monitoring/prometheus-monitoring-stack-kube-prom-prometheus-0"
2025-01-29 17:05:59,271 INFO c.h.h.t.HelmChartContainer - [K3S] [reconciler_common.go:251] "operationExecutor.VerifyControllerAttachedVolume started for volume \"prometheus-monitoring-stack-kube-prom-prometheus-rulefiles-0\" (UniqueName: \"kubernetes.io/configmap/741c0ccd-4fe1-440a-a45e-7e20cd1315cc-prometheus-monitoring-stack-kube-prom-prometheus-rulefiles-0\") pod \"prometheus-monitoring-stack-kube-prom-prometheus-0\" (UID: \"741c0ccd-4fe1-440a-a45e-7e20cd1315cc\") " pod="monitoring/prometheus-monitoring-stack-kube-prom-prometheus-0"
2025-01-29 17:05:59,272 INFO c.h.h.t.HelmChartContainer - [K3S] [reconciler_common.go:251] "operationExecutor.VerifyControllerAttachedVolume started for volume \"kube-api-access-mgmqk\" (UniqueName: \"kubernetes.io/projected/741c0ccd-4fe1-440a-a45e-7e20cd1315cc-kube-api-access-mgmqk\") pod \"prometheus-monitoring-stack-kube-prom-prometheus-0\" (UID: \"741c0ccd-4fe1-440a-a45e-7e20cd1315cc\") " pod="monitoring/prometheus-monitoring-stack-kube-prom-prometheus-0"
2025-01-29 17:05:59,272 INFO c.h.h.t.HelmChartContainer - [K3S] [reconciler_common.go:251] "operationExecutor.VerifyControllerAttachedVolume started for volume \"tls-assets\" (UniqueName: \"kubernetes.io/projected/741c0ccd-4fe1-440a-a45e-7e20cd1315cc-tls-assets\") pod \"prometheus-monitoring-stack-kube-prom-prometheus-0\" (UID: \"741c0ccd-4fe1-440a-a45e-7e20cd1315cc\") " pod="monitoring/prometheus-monitoring-stack-kube-prom-prometheus-0"
2025-01-29 17:05:59,272 INFO c.h.h.t.HelmChartContainer - [K3S] [reconciler_common.go:251] "operationExecutor.VerifyControllerAttachedVolume started for volume \"web-config\" (UniqueName: \"kubernetes.io/secret/741c0ccd-4fe1-440a-a45e-7e20cd1315cc-web-config\") pod \"prometheus-monitoring-stack-kube-prom-prometheus-0\" (UID: \"741c0ccd-4fe1-440a-a45e-7e20cd1315cc\") " pod="monitoring/prometheus-monitoring-stack-kube-prom-prometheus-0"
2025-01-29 17:05:59,334 INFO c.h.h.t.HelmChartContainer - [EVENT] Normal [Pulling] Pulling image "quay.io/prometheus-operator/prometheus-config-reloader:v0.79.2" [monitoring:alertmanager-monitoring-stack-kube-prom-alertmanager-0]
2025-01-29 17:05:59,543 INFO c.h.h.t.HelmChartContainer - [POD] monitoring-stack-kube-prom-operator-6998896c-7fnvq [307fb028-d614-471c-993e-d5c1cbab519e] in monitoring was MODIFIED
2025-01-29 17:05:59,560 INFO c.h.h.t.HelmChartContainer - [K3S] [replica_set.go:679] "Finished syncing" kind="ReplicaSet" key="monitoring/monitoring-stack-kube-prom-operator-6998896c" duration="16.731499ms"
2025-01-29 17:05:59,563 INFO c.h.h.t.HelmChartContainer - [K3S] [replica_set.go:679] "Finished syncing" kind="ReplicaSet" key="monitoring/monitoring-stack-kube-prom-operator-6998896c" duration="50.584µs"
2025-01-29 17:05:59,667 INFO c.h.h.t.HelmChartContainer - [EVENT] Normal [Pulling] Pulling image "quay.io/prometheus-operator/prometheus-config-reloader:v0.79.2" [monitoring:prometheus-monitoring-stack-kube-prom-prometheus-0]
2025-01-29 17:06:01,047 INFO c.h.h.t.HelmChartContainer - [EVENT] Normal [Pulled] Successfully pulled image "quay.io/prometheus-operator/prometheus-config-reloader:v0.79.2" in 1.372s (1.372s including waiting). Image size: 14945849 bytes. [monitoring:prometheus-monitoring-stack-kube-prom-prometheus-0]
2025-01-29 17:06:01,048 INFO c.h.h.t.HelmChartContainer - [EVENT] Normal [Pulled] Successfully pulled image "quay.io/prometheus-operator/prometheus-config-reloader:v0.79.2" in 1.708s (1.708s including waiting). Image size: 14945849 bytes. [monitoring:alertmanager-monitoring-stack-kube-prom-alertmanager-0]
2025-01-29 17:06:01,079 INFO c.h.h.t.HelmChartContainer - [EVENT] Normal [Created] Created container: init-config-reloader [monitoring:prometheus-monitoring-stack-kube-prom-prometheus-0]
2025-01-29 17:06:01,082 INFO c.h.h.t.HelmChartContainer - [EVENT] Normal [Created] Created container: init-config-reloader [monitoring:alertmanager-monitoring-stack-kube-prom-alertmanager-0]
2025-01-29 17:06:01,208 INFO c.h.h.t.HelmChartContainer - [EVENT] Normal [Started] Started container init-config-reloader [monitoring:alertmanager-monitoring-stack-kube-prom-alertmanager-0]
2025-01-29 17:06:01,247 INFO c.h.h.t.HelmChartContainer - [EVENT] Normal [Started] Started container init-config-reloader [monitoring:prometheus-monitoring-stack-kube-prom-prometheus-0]
2025-01-29 17:06:01,556 INFO c.h.h.t.HelmChartContainer - [POD] alertmanager-monitoring-stack-kube-prom-alertmanager-0 [5341220a-81a2-4c0f-9f72-599290f5bfa7] in monitoring was MODIFIED
2025-01-29 17:06:01,585 INFO c.h.h.t.HelmChartContainer - [POD] prometheus-monitoring-stack-kube-prom-prometheus-0 [741c0ccd-4fe1-440a-a45e-7e20cd1315cc] in monitoring was MODIFIED
2025-01-29 17:06:02,545 INFO c.h.h.t.HelmChartContainer - [EVENT] Normal [Pulling] Pulling image "quay.io/prometheus/prometheus:v3.1.0" [monitoring:prometheus-monitoring-stack-kube-prom-prometheus-0]
2025-01-29 17:06:02,548 INFO c.h.h.t.HelmChartContainer - [EVENT] Normal [Pulling] Pulling image "quay.io/prometheus/alertmanager:v0.28.0" [monitoring:alertmanager-monitoring-stack-kube-prom-alertmanager-0]
2025-01-29 17:06:02,559 INFO c.h.h.t.HelmChartContainer - [POD] prometheus-monitoring-stack-kube-prom-prometheus-0 [741c0ccd-4fe1-440a-a45e-7e20cd1315cc] in monitoring was MODIFIED
2025-01-29 17:06:02,569 INFO c.h.h.t.HelmChartContainer - [POD] alertmanager-monitoring-stack-kube-prom-alertmanager-0 [5341220a-81a2-4c0f-9f72-599290f5bfa7] in monitoring was MODIFIED
2025-01-29 17:06:04,175 INFO c.h.h.t.HelmChartContainer - [EVENT] Normal [Pulled] Successfully pulled image "quay.io/prometheus/alertmanager:v0.28.0" in 1.628s (1.628s including waiting). Image size: 35012199 bytes. [monitoring:alertmanager-monitoring-stack-kube-prom-alertmanager-0]
2025-01-29 17:06:04,187 INFO c.h.h.t.HelmChartContainer - [EVENT] Normal [Created] Created container: alertmanager [monitoring:alertmanager-monitoring-stack-kube-prom-alertmanager-0]
2025-01-29 17:06:04,258 INFO c.h.h.t.HelmChartContainer - [EVENT] Normal [Started] Started container alertmanager [monitoring:alertmanager-monitoring-stack-kube-prom-alertmanager-0]
2025-01-29 17:06:04,261 INFO c.h.h.t.HelmChartContainer - [EVENT] Normal [Pulled] Container image "quay.io/prometheus-operator/prometheus-config-reloader:v0.79.2" already present on machine [monitoring:alertmanager-monitoring-stack-kube-prom-alertmanager-0]
2025-01-29 17:06:04,275 INFO c.h.h.t.HelmChartContainer - [EVENT] Normal [Created] Created container: config-reloader [monitoring:alertmanager-monitoring-stack-kube-prom-alertmanager-0]
2025-01-29 17:06:04,359 INFO c.h.h.t.HelmChartContainer - [EVENT] Normal [Started] Started container config-reloader [monitoring:alertmanager-monitoring-stack-kube-prom-alertmanager-0]
2025-01-29 17:06:04,570 INFO c.h.h.t.HelmChartContainer - [POD] alertmanager-monitoring-stack-kube-prom-alertmanager-0 [5341220a-81a2-4c0f-9f72-599290f5bfa7] in monitoring was MODIFIED
2025-01-29 17:06:05,065 INFO c.h.h.t.HelmChartContainer - [EVENT] Normal [Pulled] Successfully pulled image "docker.io/grafana/grafana:11.4.0" in 7.146s (7.146s including waiting). Image size: 132825227 bytes. [monitoring:monitoring-stack-grafana-64c55fb967-n75mg]
2025-01-29 17:06:05,078 INFO c.h.h.t.HelmChartContainer - [EVENT] Normal [Created] Created container: grafana [monitoring:monitoring-stack-grafana-64c55fb967-n75mg]
2025-01-29 17:06:05,154 INFO c.h.h.t.HelmChartContainer - [EVENT] Normal [Started] Started container grafana [monitoring:monitoring-stack-grafana-64c55fb967-n75mg]
2025-01-29 17:06:05,557 INFO c.h.h.t.HelmChartContainer - [EVENT] Warning [Unhealthy] Readiness probe failed: Get "http://10.42.0.12:3000/api/health": dial tcp 10.42.0.12:3000: connect: connection refused [monitoring:monitoring-stack-grafana-64c55fb967-n75mg]
2025-01-29 17:06:05,569 INFO c.h.h.t.HelmChartContainer - [K3S] [replica_set.go:679] "Finished syncing" kind="ReplicaSet" key="monitoring/monitoring-stack-grafana-64c55fb967" duration="61.415µs"
2025-01-29 17:06:05,569 INFO c.h.h.t.HelmChartContainer - [POD] monitoring-stack-grafana-64c55fb967-n75mg [2e805c19-b7ce-431e-aa12-bd4c1355b48c] in monitoring was MODIFIED
2025-01-29 17:06:06,098 INFO c.h.h.t.HelmChartContainer - [EVENT] Normal [Pulled] Successfully pulled image "quay.io/prometheus/prometheus:v3.1.0" in 3.553s (3.553s including waiting). Image size: 116764168 bytes. [monitoring:prometheus-monitoring-stack-kube-prom-prometheus-0]
2025-01-29 17:06:06,107 INFO c.h.h.t.HelmChartContainer - [EVENT] Normal [Created] Created container: prometheus [monitoring:prometheus-monitoring-stack-kube-prom-prometheus-0]
2025-01-29 17:06:06,177 INFO c.h.h.t.HelmChartContainer - [EVENT] Normal [Started] Started container prometheus [monitoring:prometheus-monitoring-stack-kube-prom-prometheus-0]
2025-01-29 17:06:06,180 INFO c.h.h.t.HelmChartContainer - [EVENT] Normal [Pulled] Container image "quay.io/prometheus-operator/prometheus-config-reloader:v0.79.2" already present on machine [monitoring:prometheus-monitoring-stack-kube-prom-prometheus-0]
2025-01-29 17:06:06,187 INFO c.h.h.t.HelmChartContainer - [EVENT] Normal [Created] Created container: config-reloader [monitoring:prometheus-monitoring-stack-kube-prom-prometheus-0]
2025-01-29 17:06:06,273 INFO c.h.h.t.HelmChartContainer - [EVENT] Normal [Started] Started container config-reloader [monitoring:prometheus-monitoring-stack-kube-prom-prometheus-0]
2025-01-29 17:06:06,561 INFO c.h.h.t.HelmChartContainer - [EVENT] Warning [Unhealthy] Readiness probe failed: Get "http://10.42.0.12:3000/api/health": dial tcp 10.42.0.12:3000: connect: connection refused [monitoring:monitoring-stack-grafana-64c55fb967-n75mg]
2025-01-29 17:06:06,570 INFO c.h.h.t.HelmChartContainer - [POD] prometheus-monitoring-stack-kube-prom-prometheus-0 [741c0ccd-4fe1-440a-a45e-7e20cd1315cc] in monitoring was MODIFIED
2025-01-29 17:06:07,525 INFO c.h.h.t.HelmChartContainer - [POD] monitoring-stack-kube-state-metrics-5bf5c7b54d-589j9 [94619a1a-9f72-493c-b557-962d6f9d8332] in monitoring was MODIFIED
2025-01-29 17:06:07,541 INFO c.h.h.t.HelmChartContainer - [K3S] [replica_set.go:679] "Finished syncing" kind="ReplicaSet" key="monitoring/monitoring-stack-kube-state-metrics-5bf5c7b54d" duration="16.699521ms"
2025-01-29 17:06:07,542 INFO c.h.h.t.HelmChartContainer - [K3S] [replica_set.go:679] "Finished syncing" kind="ReplicaSet" key="monitoring/monitoring-stack-kube-state-metrics-5bf5c7b54d" duration="263.135µs"
2025-01-29 17:06:10,569 INFO c.h.h.t.HelmChartContainer - [POD] alertmanager-monitoring-stack-kube-prom-alertmanager-0 [5341220a-81a2-4c0f-9f72-599290f5bfa7] in monitoring was MODIFIED
2025-01-29 17:06:14,493 INFO c.h.h.t.HelmChartContainer - [POD] prometheus-monitoring-stack-kube-prom-prometheus-0 [741c0ccd-4fe1-440a-a45e-7e20cd1315cc] in monitoring was MODIFIED
2025-01-29 17:06:14,587 INFO c.h.h.t.HelmChartContainer - [POD] prometheus-monitoring-stack-kube-prom-prometheus-0 [741c0ccd-4fe1-440a-a45e-7e20cd1315cc] in monitoring was MODIFIED
2025-01-29 17:06:16,570 INFO c.h.h.t.HelmChartContainer - [POD] monitoring-stack-grafana-64c55fb967-n75mg [2e805c19-b7ce-431e-aa12-bd4c1355b48c] in monitoring was MODIFIED
2025-01-29 17:06:16,577 INFO c.h.h.t.HelmChartContainer - [K3S] [replica_set.go:679] "Finished syncing" kind="ReplicaSet" key="monitoring/monitoring-stack-grafana-64c55fb967" duration="9.557522ms"
2025-01-29 17:06:16,577 INFO c.h.h.t.HelmChartContainer - [K3S] [replica_set.go:679] "Finished syncing" kind="ReplicaSet" key="monitoring/monitoring-stack-grafana-64c55fb967" duration="56.887µs"
2025-01-29 17:06:17,488 INFO c.h.h.t.HelmChartContainer - [K3S] [range_allocator.go:247] "Successfully synced" key="2d154d5499dc"
2025-01-29 17:06:17,937 INFO c.h.h.t.HelmChartContainer - [K3S] [job_controller.go:598] "enqueueing job" key="monitoring/monitoring-stack-kube-prom-admission-patch" delay="0s"
2025-01-29 17:06:17,952 INFO c.h.h.t.HelmChartContainer - [K3S] [job_controller.go:598] "enqueueing job" key="monitoring/monitoring-stack-kube-prom-admission-patch" delay="1s"
2025-01-29 17:06:17,953 INFO c.h.h.t.HelmChartContainer - [POD] monitoring-stack-kube-prom-admission-patch-4rp9d [6a159b1d-3872-4f6a-874f-31eaa8c1e71a] in monitoring was ADDED
2025-01-29 17:06:17,958 INFO c.h.h.t.HelmChartContainer - [EVENT] Normal [SuccessfulCreate] Created pod: monitoring-stack-kube-prom-admission-patch-4rp9d [monitoring:monitoring-stack-kube-prom-admission-patch]
2025-01-29 17:06:17,960 INFO c.h.h.t.HelmChartContainer - [POD] monitoring-stack-kube-prom-admission-patch-4rp9d [6a159b1d-3872-4f6a-874f-31eaa8c1e71a] in monitoring was MODIFIED
2025-01-29 17:06:17,962 INFO c.h.h.t.HelmChartContainer - [K3S] [job_controller.go:598] "enqueueing job" key="monitoring/monitoring-stack-kube-prom-admission-patch" delay="1s"
2025-01-29 17:06:17,967 INFO c.h.h.t.HelmChartContainer - [K3S] [job_controller.go:598] "enqueueing job" key="monitoring/monitoring-stack-kube-prom-admission-patch" delay="1s"
2025-01-29 17:06:17,969 INFO c.h.h.t.HelmChartContainer - [EVENT] Normal [Scheduled] Successfully assigned monitoring/monitoring-stack-kube-prom-admission-patch-4rp9d to 2d154d5499dc [monitoring:monitoring-stack-kube-prom-admission-patch-4rp9d]
2025-01-29 17:06:17,982 INFO c.h.h.t.HelmChartContainer - [K3S] [job_controller.go:598] "enqueueing job" key="monitoring/monitoring-stack-kube-prom-admission-patch" delay="1s"
2025-01-29 17:06:17,984 INFO c.h.h.t.HelmChartContainer - [POD] monitoring-stack-kube-prom-admission-patch-4rp9d [6a159b1d-3872-4f6a-874f-31eaa8c1e71a] in monitoring was MODIFIED
2025-01-29 17:06:18,098 INFO c.h.h.t.HelmChartContainer - [K3S] [reconciler_common.go:251] "operationExecutor.VerifyControllerAttachedVolume started for volume \"kube-api-access-zzjzq\" (UniqueName: \"kubernetes.io/projected/6a159b1d-3872-4f6a-874f-31eaa8c1e71a-kube-api-access-zzjzq\") pod \"monitoring-stack-kube-prom-admission-patch-4rp9d\" (UID: \"6a159b1d-3872-4f6a-874f-31eaa8c1e71a\") " pod="monitoring/monitoring-stack-kube-prom-admission-patch-4rp9d"
2025-01-29 17:06:18,360 INFO c.h.h.t.HelmChartContainer - [EVENT] Normal [Pulled] Container image "registry.k8s.io/ingress-nginx/kube-webhook-certgen:v1.5.1" already present on machine [monitoring:monitoring-stack-kube-prom-admission-patch-4rp9d]
2025-01-29 17:06:18,366 INFO c.h.h.t.HelmChartContainer - [EVENT] Normal [Created] Created container: patch [monitoring:monitoring-stack-kube-prom-admission-patch-4rp9d]
2025-01-29 17:06:18,431 INFO c.h.h.t.HelmChartContainer - [EVENT] Normal [Started] Started container patch [monitoring:monitoring-stack-kube-prom-admission-patch-4rp9d]
2025-01-29 17:06:18,588 INFO c.h.h.t.HelmChartContainer - [K3S] [job_controller.go:598] "enqueueing job" key="monitoring/monitoring-stack-kube-prom-admission-patch" delay="1s"
2025-01-29 17:06:18,591 INFO c.h.h.t.HelmChartContainer - [POD] monitoring-stack-kube-prom-admission-patch-4rp9d [6a159b1d-3872-4f6a-874f-31eaa8c1e71a] in monitoring was MODIFIED
2025-01-29 17:06:18,957 INFO c.h.h.t.HelmChartContainer - [K3S] [job_controller.go:598] "enqueueing job" key="monitoring/monitoring-stack-kube-prom-admission-patch" delay="1s"
2025-01-29 17:06:20,590 INFO c.h.h.t.HelmChartContainer - [K3S] [job_controller.go:598] "enqueueing job" key="monitoring/monitoring-stack-kube-prom-admission-patch" delay="1s"
2025-01-29 17:06:20,591 INFO c.h.h.t.HelmChartContainer - [POD] monitoring-stack-kube-prom-admission-patch-4rp9d [6a159b1d-3872-4f6a-874f-31eaa8c1e71a] in monitoring was MODIFIED
2025-01-29 17:06:21,595 INFO c.h.h.t.HelmChartContainer - [K3S] [job_controller.go:598] "enqueueing job" key="monitoring/monitoring-stack-kube-prom-admission-patch" delay="1s"
2025-01-29 17:06:21,655 INFO c.h.h.t.HelmChartContainer - [K3S] [job_controller.go:598] "enqueueing job" key="monitoring/monitoring-stack-kube-prom-admission-patch" delay="1s"
2025-01-29 17:06:21,656 INFO c.h.h.t.HelmChartContainer - [POD] monitoring-stack-kube-prom-admission-patch-4rp9d [6a159b1d-3872-4f6a-874f-31eaa8c1e71a] in monitoring was MODIFIED
2025-01-29 17:06:21,823 INFO c.h.h.t.HelmChartContainer - [K3S] [reconciler_common.go:162] "operationExecutor.UnmountVolume started for volume \"kube-api-access-zzjzq\" (UniqueName: \"kubernetes.io/projected/6a159b1d-3872-4f6a-874f-31eaa8c1e71a-kube-api-access-zzjzq\") pod \"6a159b1d-3872-4f6a-874f-31eaa8c1e71a\" (UID: \"6a159b1d-3872-4f6a-874f-31eaa8c1e71a\") "
2025-01-29 17:06:21,923 INFO c.h.h.t.HelmChartContainer - [K3S] [reconciler_common.go:299] "Volume detached for volume \"kube-api-access-zzjzq\" (UniqueName: \"kubernetes.io/projected/6a159b1d-3872-4f6a-874f-31eaa8c1e71a-kube-api-access-zzjzq\") on node \"2d154d5499dc\" DevicePath \"\""
2025-01-29 17:06:22,588 INFO c.h.h.t.HelmChartContainer - [K3S] [pod_container_deletor.go:80] "Container not found in pod's containers" containerID="84eae3be71826773a3d9df3f66773fb63238ee7ae0f36c7af4cf6153e90c8f3e"
2025-01-29 17:06:22,599 INFO c.h.h.t.HelmChartContainer - [K3S] [job_controller.go:598] "enqueueing job" key="monitoring/monitoring-stack-kube-prom-admission-patch" delay="1s"
2025-01-29 17:06:22,604 INFO c.h.h.t.HelmChartContainer - [K3S] [job_controller.go:598] "enqueueing job" key="monitoring/monitoring-stack-kube-prom-admission-patch" delay="1s"
2025-01-29 17:06:22,606 INFO c.h.h.t.HelmChartContainer - [POD] monitoring-stack-kube-prom-admission-patch-4rp9d [6a159b1d-3872-4f6a-874f-31eaa8c1e71a] in monitoring was MODIFIED
2025-01-29 17:06:22,608 INFO c.h.h.t.HelmChartContainer - [K3S] [watch.go:278] "Unhandled Error" err="http2: stream closed"
2025-01-29 17:06:22,611 INFO c.h.h.t.HelmChartContainer - [EVENT] Normal [Completed] Job completed [monitoring:monitoring-stack-kube-prom-admission-patch]
2025-01-29 17:06:22,616 INFO c.h.h.t.HelmChartContainer - [K3S] [job_controller.go:598] "enqueueing job" key="monitoring/monitoring-stack-kube-prom-admission-patch" delay="0s"
2025-01-29 17:06:22,629 INFO c.h.h.t.HelmChartContainer - [POD] monitoring-stack-kube-prom-admission-patch-4rp9d [6a159b1d-3872-4f6a-874f-31eaa8c1e71a] in monitoring was MODIFIED
2025-01-29 17:06:22,633 INFO c.h.h.t.HelmChartContainer - [POD] monitoring-stack-kube-prom-admission-patch-4rp9d [6a159b1d-3872-4f6a-874f-31eaa8c1e71a] in monitoring was DELETED
2025-01-29 17:06:22,766 INFO com.hivemq.helmcharts.util.K8sUtil - Pod 'monitoring-stack-kube-prom-operator-6998896c-7fnvq' is ready
2025-01-29 17:06:22,766 INFO com.hivemq.helmcharts.util.K8sUtil - Pod 'monitoring-stack-kube-state-metrics-5bf5c7b54d-589j9' is ready
2025-01-29 17:06:22,766 INFO com.hivemq.helmcharts.util.K8sUtil - Pod 'monitoring-stack-prometheus-node-exporter-fpncc' is ready
2025-01-29 17:06:22,766 INFO com.hivemq.helmcharts.util.K8sUtil - Pod 'monitoring-stack-grafana-64c55fb967-n75mg' is ready
2025-01-29 17:06:22,766 INFO com.hivemq.helmcharts.util.K8sUtil - Pod 'monitoring-stack-grafana-64c55fb967-n75mg' is ready
2025-01-29 17:06:22,766 INFO com.hivemq.helmcharts.util.K8sUtil - Pod 'monitoring-stack-grafana-64c55fb967-n75mg' is ready
2025-01-29 17:06:22,829 DEBUG c.h.h.t.HelmChartContainer - Executing helm command: /bin/helm --kubeconfig /etc/rancher/k3s/k3s.yaml install test-hivemq-platform /charts/hivemq-platform --wait --timeout 5m0s --set image.repository=docker.io/hivemq --set image.tag=4.36.0 --set image.pullPolicy=Never --set nodes.resources.cpu=512m -f /files/platform-monitoring-enabled-values.yaml --namespace helmmonitoringplatformit
2025-01-29 17:06:23,345 INFO c.h.h.t.HelmChartContainer - [hivemq-test-hivemq-platform] [hivemq-platform-operator] [300fbfae] 17:06:23.342 [-2082509879-pool-1-thread-4] WARN  i.m.p.PrometheusMeterRegistry - The meter (MeterId{name='operator.sdk.events.received', tags=[tag(action=ADDED),tag(event=ResourceEvent),tag(group=hivemq.com),tag(kind=HiveMQPlatform),tag(name=test-hivemq-platform),tag(namespace=helmmonitoringplatformit),tag(scope=namespace),tag(version=v1)]}) registration has failed: Prometheus requires that all meters with the same name have the same set of tag keys. There is already an existing meter named 'operator.sdk.events.received' containing tag keys [event, group, kind, name, namespace, scope, version]. The meter you are attempting to register has keys [action, event, group, kind, name, namespace, scope, version]. Note that subsequent logs will be logged at debug level.
2025-01-29 17:06:23,830 INFO c.h.h.t.HelmChartContainer - [hivemq-test-hivemq-platform] [hivemq-platform-operator] [300fbfae] 17:06:23.829 [pool-6-thread-3] DEBUG c.h.p.o.dependants.PodInfoConfigMap - [helmmoni] Desired PodInfo ConfigMap (1 extensions) (1 enabled)
2025-01-29 17:06:23,833 INFO c.h.h.t.HelmChartContainer - [hivemq-test-hivemq-platform] [hivemq-platform-operator] [300fbfae] 17:06:23.829 [pool-6-thread-3] DEBUG c.h.p.o.dependants.PodInfoConfigMap - [helmmoni] Desired PodInfo ConfigMap (metrics port: 9399) (metrics path: /)
2025-01-29 17:06:23,833 INFO c.h.h.t.HelmChartContainer - [hivemq-test-hivemq-platform] [hivemq-platform-operator] [300fbfae] 17:06:23.829 [pool-6-thread-3] DEBUG c.h.p.o.dependants.PodInfoConfigMap - [helmmoni] Desired PodInfo ConfigMap (extension state hash: -1817474005)
2025-01-29 17:06:23,833 INFO c.h.h.t.HelmChartContainer - [hivemq-test-hivemq-platform] [hivemq-platform-operator] [300fbfae] 17:06:23.831 [pool-6-thread-3] DEBUG c.h.p.o.dependants.PodInfoConfigMap - [helmmoni] Create PodInfo ConfigMap
2025-01-29 17:06:23,932 INFO c.h.h.t.HelmChartContainer - [hivemq-test-hivemq-platform] [hivemq-platform-operator] [300fbfae] 17:06:23.929 [pool-6-thread-5] DEBUG c.h.p.o.dependants.PodRoleResource - [helmmoni] Create Role: Role(apiVersion=rbac.authorization.k8s.io/v1, kind=Role, metadata=ObjectMeta(annotations={meta.helm.sh/release-name=test-hivemq-platform, meta.helm.sh/release-namespace=helmmonitoringplatformit}, creationTimestamp=null, deletionGracePeriodSeconds=null, deletionTimestamp=null, finalizers=[], generateName=null, generation=null, labels={helm.sh/chart=hivemq-platform-0.2.32, app.kubernetes.io/managed-by=Helm, app.kubernetes.io/name=hivemq-platform, hivemq-platform=test-hivemq-platform, app.kubernetes.io/instance=test-hivemq-platform, app.kubernetes.io/version=4.36.0}, managedFields=[], name=hivemq-platform-role-test-hivemq-platform, namespace=helmmonitoringplatformit, ownerReferences=[OwnerReference(apiVersion=hivemq.com/v1, blockOwnerDeletion=null, controller=null, kind=HiveMQPlatform, name=test-hivemq-platform, uid=ebd98fb3-aea0-4b61-9b1f-d98e135407be, additionalProperties={})], resourceVersion=null, selfLink=null, uid=null, additionalProperties={}), rules=[PolicyRule(apiGroups=[], nonResourceURLs=[], resourceNames=[], resources=[pods], verbs=[get, patch, update], additionalProperties={})], additionalProperties={})
2025-01-29 17:06:24,033 INFO c.h.h.t.HelmChartContainer - [hivemq-test-hivemq-platform] [hivemq-platform-operator] [300fbfae] 17:06:24.031 [pool-6-thread-7] DEBUG c.h.p.o.d.PodServiceAccountResource - [helmmoni] Desired PodServiceAccountResource (serviceAccountName: hivemq-platform-pod-test-hivemq-platform)
2025-01-29 17:06:24,035 INFO c.h.h.t.HelmChartContainer - [hivemq-test-hivemq-platform] [hivemq-platform-operator] [300fbfae] 17:06:24.032 [pool-6-thread-7] DEBUG c.h.p.o.d.PodServiceAccountResource - [helmmoni] Create ServiceAccount 'hivemq-platform-pod-test-hivemq-platform'
2025-01-29 17:06:24,095 INFO c.h.h.t.HelmChartContainer - [K3S] [kubelet_volumes.go:163] "Cleaned up orphaned pod volumes dir" podUID="6a159b1d-3872-4f6a-874f-31eaa8c1e71a" path="/var/lib/kubelet/pods/6a159b1d-3872-4f6a-874f-31eaa8c1e71a/volumes"
2025-01-29 17:06:24,222 INFO c.h.h.t.HelmChartContainer - [hivemq-test-hivemq-platform] [hivemq-platform-operator] [300fbfae] 17:06:24.221 [pool-6-thread-10] DEBUG c.h.p.o.d.PodRoleBindingResource - [helmmoni] Create RoleBinding: RoleBinding(apiVersion=rbac.authorization.k8s.io/v1, kind=RoleBinding, metadata=ObjectMeta(annotations={meta.helm.sh/release-name=test-hivemq-platform, meta.helm.sh/release-namespace=helmmonitoringplatformit}, creationTimestamp=null, deletionGracePeriodSeconds=null, deletionTimestamp=null, finalizers=[], generateName=null, generation=null, labels={helm.sh/chart=hivemq-platform-0.2.32, app.kubernetes.io/managed-by=Helm, app.kubernetes.io/name=hivemq-platform, hivemq-platform=test-hivemq-platform, app.kubernetes.io/instance=test-hivemq-platform, app.kubernetes.io/version=4.36.0}, managedFields=[], name=hivemq-platform-role-binding-test-hivemq-platform, namespace=helmmonitoringplatformit, ownerReferences=[OwnerReference(apiVersion=hivemq.com/v1, blockOwnerDeletion=null, controller=null, kind=HiveMQPlatform, name=test-hivemq-platform, uid=ebd98fb3-aea0-4b61-9b1f-d98e135407be, additionalProperties={})], resourceVersion=null, selfLink=null, uid=null, additionalProperties={}), roleRef=RoleRef(apiGroup=rbac.authorization.k8s.io, kind=Role, name=hivemq-platform-role-test-hivemq-platform, additionalProperties={}), subjects=[Subject(apiGroup=null, kind=ServiceAccount, name=hivemq-platform-pod-test-hivemq-platform, namespace=helmmonitoringplatformit, additionalProperties={})], additionalProperties={})
2025-01-29 17:06:24,240 INFO c.h.h.t.HelmChartContainer - [hivemq-test-hivemq-platform] [hivemq-platform-operator] [300fbfae] 17:06:24.239 [ReconcilerExecutor-hivemq-controller-53] INFO  c.h.p.o.HiveMQPlatformReconciler - [helmmoni] Reconciling HiveMQ Platform 'test-hivemq-platform' in namespace 'helmmonitoringplatformit'
2025-01-29 17:06:24,240 INFO c.h.h.t.HelmChartContainer - [hivemq-test-hivemq-platform] [hivemq-platform-operator] [300fbfae] 17:06:24.239 [ReconcilerExecutor-hivemq-controller-53] DEBUG c.h.p.o.HiveMQPlatformReconciler - [helmmoni] Custom Resource Status CREATED - HiveMQ Platform was created (READY)
2025-01-29 17:06:24,240 INFO c.h.h.t.HelmChartContainer - [hivemq-test-hivemq-platform] [hivemq-platform-operator] [300fbfae] 17:06:24.239 [ReconcilerExecutor-hivemq-controller-53] DEBUG c.h.p.o.HiveMQPlatformReconciler - [helmmoni] Custom Resource Spec (replicas: 2) (extensions: 1)
2025-01-29 17:06:24,243 INFO c.h.h.t.HelmChartContainer - [hivemq-test-hivemq-platform] [hivemq-platform-operator] [300fbfae] 17:06:24.242 [ReconcilerExecutor-hivemq-controller-53] INFO  c.h.p.o.h.HiveMQPlatformReconcilerBaseHandler - [helmmoni] HiveMQ Platform is starting
2025-01-29 17:06:24,341 INFO c.h.h.t.HelmChartContainer - [hivemq-test-hivemq-platform] [hivemq-platform-operator] [300fbfae] 17:06:24.340 [ReconcilerExecutor-hivemq-controller-53] DEBUG c.h.p.operator.event.EventSender - [helmmoni] Creating K8s event hivemq-platform-starting: [Start] HiveMQ Platform is starting
2025-01-29 17:06:24,428 INFO c.h.h.t.HelmChartContainer - [EVENT] Normal [Start] HiveMQ Platform is starting [helmmonitoringplatformit:test-hivemq-platform]
2025-01-29 17:06:24,432 INFO c.h.h.t.HelmChartContainer - [hivemq-test-hivemq-platform] [hivemq-platform-operator] [300fbfae] 17:06:24.431 [ReconcilerExecutor-hivemq-controller-53] INFO  c.h.p.o.h.AbstractHiveMQReconcilerStateHandler - [helmmoni] Update HiveMQ Platform Status (CREATED [READY] -> STARTING [READY]): HiveMQ Platform is starting
2025-01-29 17:06:24,443 DEBUG com.hivemq.helmcharts.util.K8sUtil - Comparing actual state 'STARTING' and waiting for 'RUNNING'
2025-01-29 17:06:34,531 INFO c.h.h.t.HelmChartContainer - [hivemq-test-hivemq-platform] [hivemq-platform-operator] [300fbfae] 17:06:34.527 [pool-6-thread-12] DEBUG c.h.p.o.d.PlatformServiceResource - [helmmoni] Desired Platform services (3 services)
2025-01-29 17:06:34,532 INFO c.h.h.t.HelmChartContainer - [hivemq-test-hivemq-platform] [hivemq-platform-operator] [300fbfae] 17:06:34.528 [pool-6-thread-13] DEBUG c.h.p.o.dependants.PodInfoConfigMap - [helmmoni] Desired PodInfo ConfigMap (1 extensions) (1 enabled)
2025-01-29 17:06:34,532 INFO c.h.h.t.HelmChartContainer - [hivemq-test-hivemq-platform] [hivemq-platform-operator] [300fbfae] 17:06:34.528 [pool-6-thread-13] DEBUG c.h.p.o.dependants.PodInfoConfigMap - [helmmoni] Desired PodInfo ConfigMap (metrics port: 9399) (metrics path: /)
2025-01-29 17:06:34,532 INFO c.h.h.t.HelmChartContainer - [hivemq-test-hivemq-platform] [hivemq-platform-operator] [300fbfae] 17:06:34.528 [pool-6-thread-13] DEBUG c.h.p.o.dependants.PodInfoConfigMap - [helmmoni] Desired PodInfo ConfigMap (extension state hash: -1817474005)
2025-01-29 17:06:34,535 INFO c.h.h.t.HelmChartContainer - [hivemq-test-hivemq-platform] [hivemq-platform-operator] [300fbfae] 17:06:34.534 [pool-6-thread-13] DEBUG c.h.p.o.dependants.PodInfoConfigMap - [helmmoni] Update PodInfo ConfigMap
2025-01-29 17:06:34,537 INFO c.h.h.t.HelmChartContainer - [hivemq-test-hivemq-platform] [hivemq-platform-operator] [300fbfae] 17:06:34.535 [pool-6-thread-17] DEBUG c.h.p.o.d.PodServiceAccountResource - [helmmoni] Desired PodServiceAccountResource (serviceAccountName: hivemq-platform-pod-test-hivemq-platform)
2025-01-29 17:06:34,635 INFO c.h.h.t.HelmChartContainer - [K3S] [alloc.go:330] "allocated clusterIPs" service="helmmonitoringplatformit/hivemq-test-hivemq-platform-mqtt-1883" clusterIPs={"IPv4":"10.43.200.35"}
2025-01-29 17:06:34,727 INFO c.h.h.t.HelmChartContainer - [K3S] [alloc.go:330] "allocated clusterIPs" service="helmmonitoringplatformit/hivemq-test-hivemq-platform-metrics-9399" clusterIPs={"IPv4":"10.43.68.226"}
2025-01-29 17:06:34,739 INFO c.h.h.t.HelmChartContainer - [K3S] [alloc.go:330] "allocated clusterIPs" service="helmmonitoringplatformit/hivemq-test-hivemq-platform-cc-8080" clusterIPs={"IPv4":"10.43.58.3"}
2025-01-29 17:06:34,748 INFO c.h.h.t.HelmChartContainer - [hivemq-test-hivemq-platform] [hivemq-platform-operator] [300fbfae] 17:06:34.746 [pool-6-thread-20] DEBUG c.h.p.o.d.StatefulSetResource - [helmmoni] Desired StatefulSet (2 replicas) for status STARTING (READY)
2025-01-29 17:06:34,831 INFO c.h.h.t.HelmChartContainer - [hivemq-test-hivemq-platform] [hivemq-platform-operator] [300fbfae] 17:06:34.830 [pool-6-thread-20] DEBUG c.h.p.o.d.StatefulSetResource - [helmmoni] Create StatefulSet
2025-01-29 17:06:34,938 INFO c.h.h.t.HelmChartContainer - [hivemq-test-hivemq-platform] [hivemq-platform-operator] [300fbfae] 17:06:34.936 [ReconcilerExecutor-hivemq-controller-64] INFO  c.h.p.o.HiveMQPlatformReconciler - [helmmoni] Reconciling HiveMQ Platform 'test-hivemq-platform' in namespace 'helmmonitoringplatformit'
2025-01-29 17:06:34,938 INFO c.h.h.t.HelmChartContainer - [hivemq-test-hivemq-platform] [hivemq-platform-operator] [300fbfae] 17:06:34.936 [ReconcilerExecutor-hivemq-controller-64] DEBUG c.h.p.o.HiveMQPlatformReconciler - [helmmoni] Custom Resource Status STARTING - HiveMQ Platform is starting (READY)
2025-01-29 17:06:34,938 INFO c.h.h.t.HelmChartContainer - [hivemq-test-hivemq-platform] [hivemq-platform-operator] [300fbfae] 17:06:34.936 [ReconcilerExecutor-hivemq-controller-64] DEBUG c.h.p.o.HiveMQPlatformReconciler - [helmmoni] Custom Resource Spec (replicas: 2) (extensions: 1)
2025-01-29 17:06:34,940 INFO c.h.h.t.HelmChartContainer - [hivemq-test-hivemq-platform] [hivemq-platform-operator] [300fbfae] 17:06:34.939 [ReconcilerExecutor-hivemq-controller-64] DEBUG c.h.p.o.HiveMQPlatformReconciler - [helmmoni] StatefulSet Status (revision: null, replicas: 0, available: 0, ready: 0, current: 0, updated: 0)
2025-01-29 17:06:34,940 INFO c.h.h.t.HelmChartContainer - [hivemq-test-hivemq-platform] [hivemq-platform-operator] [300fbfae] 17:06:34.939 [ReconcilerExecutor-hivemq-controller-64] DEBUG c.h.p.o.HiveMQPlatformReconciler - [helmmoni] StatefulSet Spec (replicas: 2, init containers: 1, containers: 1, volumes: 3)
2025-01-29 17:06:34,943 INFO c.h.h.t.HelmChartContainer - [POD] test-hivemq-platform-0 [a8e6e206-4a17-4788-9955-792d38ed9b14] in helmmonitoringplatformit was ADDED
2025-01-29 17:06:34,945 INFO c.h.h.t.HelmChartContainer - [EVENT] Normal [SuccessfulCreate] create Pod test-hivemq-platform-0 in StatefulSet test-hivemq-platform successful [helmmonitoringplatformit:test-hivemq-platform]
2025-01-29 17:06:34,949 INFO c.h.h.t.HelmChartContainer - [POD] test-hivemq-platform-0 [a8e6e206-4a17-4788-9955-792d38ed9b14] in helmmonitoringplatformit was MODIFIED
2025-01-29 17:06:34,952 INFO c.h.h.t.HelmChartContainer - [K3S] [memory_manager.go:355] "RemoveStaleState removing state" podUID="6a159b1d-3872-4f6a-874f-31eaa8c1e71a" containerName="patch"
2025-01-29 17:06:34,955 INFO c.h.h.t.HelmChartContainer - [EVENT] Normal [Scheduled] Successfully assigned helmmonitoringplatformit/test-hivemq-platform-0 to 2d154d5499dc [helmmonitoringplatformit:test-hivemq-platform-0]
2025-01-29 17:06:34,960 INFO c.h.h.t.HelmChartContainer - [POD] test-hivemq-platform-0 [a8e6e206-4a17-4788-9955-792d38ed9b14] in helmmonitoringplatformit was MODIFIED
2025-01-29 17:06:35,003 INFO c.h.h.t.HelmChartContainer - [K3S] [reconciler_common.go:251] "operationExecutor.VerifyControllerAttachedVolume started for volume \"broker-configuration\" (UniqueName: \"kubernetes.io/configmap/a8e6e206-4a17-4788-9955-792d38ed9b14-broker-configuration\") pod \"test-hivemq-platform-0\" (UID: \"a8e6e206-4a17-4788-9955-792d38ed9b14\") " pod="helmmonitoringplatformit/test-hivemq-platform-0"
2025-01-29 17:06:35,003 INFO c.h.h.t.HelmChartContainer - [K3S] [reconciler_common.go:251] "operationExecutor.VerifyControllerAttachedVolume started for volume \"kube-api-access-knw78\" (UniqueName: \"kubernetes.io/projected/a8e6e206-4a17-4788-9955-792d38ed9b14-kube-api-access-knw78\") pod \"test-hivemq-platform-0\" (UID: \"a8e6e206-4a17-4788-9955-792d38ed9b14\") " pod="helmmonitoringplatformit/test-hivemq-platform-0"
2025-01-29 17:06:35,003 INFO c.h.h.t.HelmChartContainer - [K3S] [reconciler_common.go:251] "operationExecutor.VerifyControllerAttachedVolume started for volume \"operator-init\" (UniqueName: \"kubernetes.io/empty-dir/a8e6e206-4a17-4788-9955-792d38ed9b14-operator-init\") pod \"test-hivemq-platform-0\" (UID: \"a8e6e206-4a17-4788-9955-792d38ed9b14\") " pod="helmmonitoringplatformit/test-hivemq-platform-0"
2025-01-29 17:06:35,003 INFO c.h.h.t.HelmChartContainer - [K3S] [reconciler_common.go:251] "operationExecutor.VerifyControllerAttachedVolume started for volume \"pod-info\" (UniqueName: \"kubernetes.io/configmap/a8e6e206-4a17-4788-9955-792d38ed9b14-pod-info\") pod \"test-hivemq-platform-0\" (UID: \"a8e6e206-4a17-4788-9955-792d38ed9b14\") " pod="helmmonitoringplatformit/test-hivemq-platform-0"
2025-01-29 17:06:35,024 INFO c.h.h.t.HelmChartContainer - [hivemq-test-hivemq-platform] [hivemq-platform-operator] [300fbfae] 17:06:35.020 [ReconcilerExecutor-hivemq-controller-64] INFO  c.h.p.o.h.HiveMQPlatformReconcilerBaseHandler - [helmmoni] HiveMQ Platform is starting, 0 of 2 replicas are ready
2025-01-29 17:06:35,027 INFO c.h.h.t.HelmChartContainer - [hivemq-test-hivemq-platform] [hivemq-platform-operator] [300fbfae] 17:06:35.026 [pool-6-thread-22] DEBUG c.h.p.o.d.PlatformServiceResource - [helmmoni] Desired Platform services (3 services)
2025-01-29 17:06:35,031 INFO c.h.h.t.HelmChartContainer - [hivemq-test-hivemq-platform] [hivemq-platform-operator] [300fbfae] 17:06:35.030 [pool-6-thread-23] DEBUG c.h.p.o.dependants.PodInfoConfigMap - [helmmoni] Desired PodInfo ConfigMap (1 extensions) (1 enabled)
2025-01-29 17:06:35,032 INFO c.h.h.t.HelmChartContainer - [hivemq-test-hivemq-platform] [hivemq-platform-operator] [300fbfae] 17:06:35.031 [pool-6-thread-23] DEBUG c.h.p.o.dependants.PodInfoConfigMap - [helmmoni] Desired PodInfo ConfigMap (metrics port: 9399) (metrics path: /)
2025-01-29 17:06:35,032 INFO c.h.h.t.HelmChartContainer - [hivemq-test-hivemq-platform] [hivemq-platform-operator] [300fbfae] 17:06:35.031 [pool-6-thread-23] DEBUG c.h.p.o.dependants.PodInfoConfigMap - [helmmoni] Desired PodInfo ConfigMap (extension state hash: -1817474005)
2025-01-29 17:06:35,035 INFO c.h.h.t.HelmChartContainer - [hivemq-test-hivemq-platform] [hivemq-platform-operator] [300fbfae] 17:06:35.034 [pool-6-thread-27] DEBUG c.h.p.o.d.PodServiceAccountResource - [helmmoni] Desired PodServiceAccountResource (serviceAccountName: hivemq-platform-pod-test-hivemq-platform)
2025-01-29 17:06:35,127 INFO c.h.h.t.HelmChartContainer - [hivemq-test-hivemq-platform] [hivemq-platform-operator] [300fbfae] 17:06:35.126 [pool-6-thread-30] DEBUG c.h.p.o.d.StatefulSetResource - [helmmoni] Desired StatefulSet (2 replicas) for status STARTING (READY)
2025-01-29 17:06:35,133 INFO c.h.h.t.HelmChartContainer - [hivemq-test-hivemq-platform] [hivemq-platform-operator] [300fbfae] 17:06:35.132 [ReconcilerExecutor-hivemq-controller-75] INFO  c.h.p.o.HiveMQPlatformReconciler - [helmmoni] Reconciling HiveMQ Platform 'test-hivemq-platform' in namespace 'helmmonitoringplatformit'
2025-01-29 17:06:35,133 INFO c.h.h.t.HelmChartContainer - [hivemq-test-hivemq-platform] [hivemq-platform-operator] [300fbfae] 17:06:35.132 [ReconcilerExecutor-hivemq-controller-75] DEBUG c.h.p.o.HiveMQPlatformReconciler - [helmmoni] Custom Resource Status STARTING - HiveMQ Platform is starting (READY)
2025-01-29 17:06:35,134 INFO c.h.h.t.HelmChartContainer - [hivemq-test-hivemq-platform] [hivemq-platform-operator] [300fbfae] 17:06:35.132 [ReconcilerExecutor-hivemq-controller-75] DEBUG c.h.p.o.HiveMQPlatformReconciler - [helmmoni] Custom Resource Spec (replicas: 2) (extensions: 1)
2025-01-29 17:06:35,137 INFO c.h.h.t.HelmChartContainer - [hivemq-test-hivemq-platform] [hivemq-platform-operator] [300fbfae] 17:06:35.136 [ReconcilerExecutor-hivemq-controller-75] DEBUG c.h.p.o.HiveMQPlatformReconciler - [helmmoni] StatefulSet Status (revision: test-hivemq-platform-64db946475, replicas: 1, available: 0, ready: 0, current: 1, updated: 1)
2025-01-29 17:06:35,137 INFO c.h.h.t.HelmChartContainer - [hivemq-test-hivemq-platform] [hivemq-platform-operator] [300fbfae] 17:06:35.136 [ReconcilerExecutor-hivemq-controller-75] DEBUG c.h.p.o.HiveMQPlatformReconciler - [helmmoni] StatefulSet Spec (replicas: 2, init containers: 1, containers: 1, volumes: 3)
2025-01-29 17:06:35,232 INFO c.h.h.t.HelmChartContainer - [hivemq-test-hivemq-platform] [hivemq-platform-operator] [300fbfae] 17:06:35.231 [ReconcilerExecutor-hivemq-controller-75] DEBUG c.h.p.o.h.HiveMQPlatformReconcilerErrorHandler - [helmmoni] Pod 'test-hivemq-platform-0' phase Pending
2025-01-29 17:06:35,233 INFO c.h.h.t.HelmChartContainer - [hivemq-test-hivemq-platform] [hivemq-platform-operator] [300fbfae] 17:06:35.231 [ReconcilerExecutor-hivemq-controller-75] DEBUG c.h.p.o.h.HiveMQPlatformReconcilerErrorHandler - [helmmoni] Pod 'test-hivemq-platform-0' condition 'PodReadyToStartContainers': False
2025-01-29 17:06:35,235 INFO c.h.h.t.HelmChartContainer - [hivemq-test-hivemq-platform] [hivemq-platform-operator] [300fbfae] 17:06:35.232 [ReconcilerExecutor-hivemq-controller-75] DEBUG c.h.p.o.h.HiveMQPlatformReconcilerErrorHandler - [helmmoni] Pod 'test-hivemq-platform-0' condition 'Initialized': False
2025-01-29 17:06:35,235 INFO c.h.h.t.HelmChartContainer - [hivemq-test-hivemq-platform] [hivemq-platform-operator] [300fbfae] 17:06:35.232 [ReconcilerExecutor-hivemq-controller-75] DEBUG c.h.p.o.h.HiveMQPlatformReconcilerErrorHandler - [helmmoni] Pod 'test-hivemq-platform-0' condition 'Ready': False
2025-01-29 17:06:35,235 INFO c.h.h.t.HelmChartContainer - [hivemq-test-hivemq-platform] [hivemq-platform-operator] [300fbfae] 17:06:35.232 [ReconcilerExecutor-hivemq-controller-75] DEBUG c.h.p.o.h.HiveMQPlatformReconcilerErrorHandler - [helmmoni] Pod 'test-hivemq-platform-0' condition 'ContainersReady': False
2025-01-29 17:06:35,235 INFO c.h.h.t.HelmChartContainer - [hivemq-test-hivemq-platform] [hivemq-platform-operator] [300fbfae] 17:06:35.232 [ReconcilerExecutor-hivemq-controller-75] DEBUG c.h.p.o.h.HiveMQPlatformReconcilerErrorHandler - [helmmoni] Pod 'test-hivemq-platform-0' condition 'PodScheduled': True
2025-01-29 17:06:35,235 INFO c.h.h.t.HelmChartContainer - [hivemq-test-hivemq-platform] [hivemq-platform-operator] [300fbfae] 17:06:35.233 [ReconcilerExecutor-hivemq-controller-75] DEBUG c.h.p.o.h.HiveMQPlatformReconcilerErrorHandler - [helmmoni] Pod 'test-hivemq-platform-0' containerStatus 'hivemq' (started: false) (ready: false) (waiting: [PodInitializing] null)
2025-01-29 17:06:35,236 INFO c.h.h.t.HelmChartContainer - [hivemq-test-hivemq-platform] [hivemq-platform-operator] [300fbfae] 17:06:35.234 [ReconcilerExecutor-hivemq-controller-75] INFO  c.h.p.o.h.HiveMQPlatformReconcilerBaseHandler - [helmmoni] HiveMQ Platform is starting, 0 of 2 replicas are ready
2025-01-29 17:06:35,329 INFO c.h.h.t.HelmChartContainer - [hivemq-test-hivemq-platform] [hivemq-platform-operator] [300fbfae] 17:06:35.327 [pool-6-thread-32] DEBUG c.h.p.o.d.PlatformServiceResource - [helmmoni] Desired Platform services (3 services)
2025-01-29 17:06:35,333 INFO c.h.h.t.HelmChartContainer - [hivemq-test-hivemq-platform] [hivemq-platform-operator] [300fbfae] 17:06:35.329 [pool-6-thread-33] DEBUG c.h.p.o.dependants.PodInfoConfigMap - [helmmoni] Desired PodInfo ConfigMap (1 extensions) (1 enabled)
2025-01-29 17:06:35,333 INFO c.h.h.t.HelmChartContainer - [hivemq-test-hivemq-platform] [hivemq-platform-operator] [300fbfae] 17:06:35.329 [pool-6-thread-33] DEBUG c.h.p.o.dependants.PodInfoConfigMap - [helmmoni] Desired PodInfo ConfigMap (metrics port: 9399) (metrics path: /)
2025-01-29 17:06:35,333 INFO c.h.h.t.HelmChartContainer - [hivemq-test-hivemq-platform] [hivemq-platform-operator] [300fbfae] 17:06:35.330 [pool-6-thread-33] DEBUG c.h.p.o.dependants.PodInfoConfigMap - [helmmoni] Desired PodInfo ConfigMap (extension state hash: -1817474005)
2025-01-29 17:06:35,342 INFO c.h.h.t.HelmChartContainer - [hivemq-test-hivemq-platform] [hivemq-platform-operator] [300fbfae] 17:06:35.337 [pool-6-thread-37] DEBUG c.h.p.o.d.PodServiceAccountResource - [helmmoni] Desired PodServiceAccountResource (serviceAccountName: hivemq-platform-pod-test-hivemq-platform)
2025-01-29 17:06:35,358 INFO c.h.h.t.HelmChartContainer - [EVENT] Normal [Pulled] Container image "docker.io/hivemq/hivemq-platform-operator-init-test:snapshot" already present on machine [helmmonitoringplatformit:test-hivemq-platform-0]
2025-01-29 17:06:35,425 INFO c.h.h.t.HelmChartContainer - [hivemq-test-hivemq-platform] [hivemq-platform-operator] [300fbfae] 17:06:35.423 [pool-6-thread-39] DEBUG c.h.p.o.d.StatefulSetResource - [helmmoni] Desired StatefulSet (2 replicas) for status STARTING (READY)
2025-01-29 17:06:35,428 INFO c.h.h.t.HelmChartContainer - [hivemq-test-hivemq-platform] [hivemq-platform-operator] [300fbfae] 17:06:35.428 [ReconcilerExecutor-hivemq-controller-86] INFO  c.h.p.o.HiveMQPlatformReconciler - [helmmoni] Reconciling HiveMQ Platform 'test-hivemq-platform' in namespace 'helmmonitoringplatformit'
2025-01-29 17:06:35,430 INFO c.h.h.t.HelmChartContainer - [hivemq-test-hivemq-platform] [hivemq-platform-operator] [300fbfae] 17:06:35.428 [ReconcilerExecutor-hivemq-controller-86] DEBUG c.h.p.o.HiveMQPlatformReconciler - [helmmoni] Custom Resource Status STARTING - HiveMQ Platform is starting (READY)
2025-01-29 17:06:35,430 INFO c.h.h.t.HelmChartContainer - [hivemq-test-hivemq-platform] [hivemq-platform-operator] [300fbfae] 17:06:35.428 [ReconcilerExecutor-hivemq-controller-86] DEBUG c.h.p.o.HiveMQPlatformReconciler - [helmmoni] Custom Resource Spec (replicas: 2) (extensions: 1)
2025-01-29 17:06:35,432 INFO c.h.h.t.HelmChartContainer - [hivemq-test-hivemq-platform] [hivemq-platform-operator] [300fbfae] 17:06:35.431 [ReconcilerExecutor-hivemq-controller-86] DEBUG c.h.p.o.HiveMQPlatformReconciler - [helmmoni] StatefulSet Status (revision: test-hivemq-platform-64db946475, replicas: 1, available: 0, ready: 0, current: 1, updated: 1)
2025-01-29 17:06:35,433 INFO c.h.h.t.HelmChartContainer - [hivemq-test-hivemq-platform] [hivemq-platform-operator] [300fbfae] 17:06:35.432 [ReconcilerExecutor-hivemq-controller-86] DEBUG c.h.p.o.HiveMQPlatformReconciler - [helmmoni] StatefulSet Spec (replicas: 2, init containers: 1, containers: 1, volumes: 3)
2025-01-29 17:06:35,435 INFO c.h.h.t.HelmChartContainer - [hivemq-test-hivemq-platform] [hivemq-platform-operator] [300fbfae] 17:06:35.434 [ReconcilerExecutor-hivemq-controller-86] DEBUG c.h.p.o.h.HiveMQPlatformReconcilerErrorHandler - [helmmoni] Pod 'test-hivemq-platform-0' phase Pending
2025-01-29 17:06:35,437 INFO c.h.h.t.HelmChartContainer - [hivemq-test-hivemq-platform] [hivemq-platform-operator] [300fbfae] 17:06:35.435 [ReconcilerExecutor-hivemq-controller-86] DEBUG c.h.p.o.h.HiveMQPlatformReconcilerErrorHandler - [helmmoni] Pod 'test-hivemq-platform-0' condition 'PodReadyToStartContainers': False
2025-01-29 17:06:35,437 INFO c.h.h.t.HelmChartContainer - [hivemq-test-hivemq-platform] [hivemq-platform-operator] [300fbfae] 17:06:35.435 [ReconcilerExecutor-hivemq-controller-86] DEBUG c.h.p.o.h.HiveMQPlatformReconcilerErrorHandler - [helmmoni] Pod 'test-hivemq-platform-0' condition 'Initialized': False
2025-01-29 17:06:35,437 INFO c.h.h.t.HelmChartContainer - [hivemq-test-hivemq-platform] [hivemq-platform-operator] [300fbfae] 17:06:35.435 [ReconcilerExecutor-hivemq-controller-86] DEBUG c.h.p.o.h.HiveMQPlatformReconcilerErrorHandler - [helmmoni] Pod 'test-hivemq-platform-0' condition 'Ready': False
2025-01-29 17:06:35,437 INFO c.h.h.t.HelmChartContainer - [hivemq-test-hivemq-platform] [hivemq-platform-operator] [300fbfae] 17:06:35.435 [ReconcilerExecutor-hivemq-controller-86] DEBUG c.h.p.o.h.HiveMQPlatformReconcilerErrorHandler - [helmmoni] Pod 'test-hivemq-platform-0' condition 'ContainersReady': False
2025-01-29 17:06:35,437 INFO c.h.h.t.HelmChartContainer - [hivemq-test-hivemq-platform] [hivemq-platform-operator] [300fbfae] 17:06:35.435 [ReconcilerExecutor-hivemq-controller-86] DEBUG c.h.p.o.h.HiveMQPlatformReconcilerErrorHandler - [helmmoni] Pod 'test-hivemq-platform-0' condition 'PodScheduled': True
2025-01-29 17:06:35,437 INFO c.h.h.t.HelmChartContainer - [hivemq-test-hivemq-platform] [hivemq-platform-operator] [300fbfae] 17:06:35.435 [ReconcilerExecutor-hivemq-controller-86] DEBUG c.h.p.o.h.HiveMQPlatformReconcilerErrorHandler - [helmmoni] Pod 'test-hivemq-platform-0' containerStatus 'hivemq' (started: false) (ready: false) (waiting: [PodInitializing] null)
2025-01-29 17:06:35,438 INFO c.h.h.t.HelmChartContainer - [hivemq-test-hivemq-platform] [hivemq-platform-operator] [300fbfae] 17:06:35.436 [ReconcilerExecutor-hivemq-controller-86] INFO  c.h.p.o.h.HiveMQPlatformReconcilerBaseHandler - [helmmoni] HiveMQ Platform is starting, 0 of 2 replicas are ready
2025-01-29 17:06:35,528 INFO c.h.h.t.HelmChartContainer - [EVENT] Normal [Created] Created container: hivemq-platform-operator-init [helmmonitoringplatformit:test-hivemq-platform-0]
2025-01-29 17:06:35,575 INFO c.h.h.t.HelmChartContainer - [EVENT] Normal [Started] Started container hivemq-platform-operator-init [helmmonitoringplatformit:test-hivemq-platform-0]
2025-01-29 17:06:35,646 INFO c.h.h.t.HelmChartContainer - [POD] test-hivemq-platform-0 [a8e6e206-4a17-4788-9955-792d38ed9b14] in helmmonitoringplatformit was MODIFIED
2025-01-29 17:06:35,657 INFO c.h.h.t.HelmChartContainer - [hivemq-test-hivemq-platform] [hivemq-platform-operator] [300fbfae] 17:06:35.652 [pool-6-thread-42] DEBUG c.h.p.o.d.PlatformServiceResource - [helmmoni] Desired Platform services (3 services)
2025-01-29 17:06:35,662 INFO c.h.h.t.HelmChartContainer - [hivemq-test-hivemq-platform] [hivemq-platform-operator] [300fbfae] 17:06:35.659 [pool-6-thread-43] DEBUG c.h.p.o.dependants.PodInfoConfigMap - [helmmoni] Desired PodInfo ConfigMap (1 extensions) (1 enabled)
2025-01-29 17:06:35,662 INFO c.h.h.t.HelmChartContainer - [hivemq-test-hivemq-platform] [hivemq-platform-operator] [300fbfae] 17:06:35.660 [pool-6-thread-43] DEBUG c.h.p.o.dependants.PodInfoConfigMap - [helmmoni] Desired PodInfo ConfigMap (metrics port: 9399) (metrics path: /)
2025-01-29 17:06:35,662 INFO c.h.h.t.HelmChartContainer - [hivemq-test-hivemq-platform] [hivemq-platform-operator] [300fbfae] 17:06:35.660 [pool-6-thread-43] DEBUG c.h.p.o.dependants.PodInfoConfigMap - [helmmoni] Desired PodInfo ConfigMap (extension state hash: -1817474005)
2025-01-29 17:06:35,727 INFO c.h.h.t.HelmChartContainer - [hivemq-test-hivemq-platform] [hivemq-platform-operator] [300fbfae] 17:06:35.725 [pool-6-thread-47] DEBUG c.h.p.o.d.PodServiceAccountResource - [helmmoni] Desired PodServiceAccountResource (serviceAccountName: hivemq-platform-pod-test-hivemq-platform)
2025-01-29 17:06:35,738 INFO c.h.h.t.HelmChartContainer - [hivemq-test-hivemq-platform] [hivemq-platform-operator] [300fbfae] 17:06:35.736 [pool-6-thread-50] DEBUG c.h.p.o.d.StatefulSetResource - [helmmoni] Desired StatefulSet (2 replicas) for status STARTING (READY)
2025-01-29 17:06:35,742 INFO c.h.h.t.HelmChartContainer - [hivemq-test-hivemq-platform] [hivemq-platform-operator] [300fbfae] 17:06:35.741 [ReconcilerExecutor-hivemq-controller-97] INFO  c.h.p.o.HiveMQPlatformReconciler - [helmmoni] Reconciling HiveMQ Platform 'test-hivemq-platform' in namespace 'helmmonitoringplatformit'
2025-01-29 17:06:35,742 INFO c.h.h.t.HelmChartContainer - [hivemq-test-hivemq-platform] [hivemq-platform-operator] [300fbfae] 17:06:35.741 [ReconcilerExecutor-hivemq-controller-97] DEBUG c.h.p.o.HiveMQPlatformReconciler - [helmmoni] Custom Resource Status STARTING - HiveMQ Platform is starting (READY)
2025-01-29 17:06:35,742 INFO c.h.h.t.HelmChartContainer - [hivemq-test-hivemq-platform] [hivemq-platform-operator] [300fbfae] 17:06:35.741 [ReconcilerExecutor-hivemq-controller-97] DEBUG c.h.p.o.HiveMQPlatformReconciler - [helmmoni] Custom Resource Spec (replicas: 2) (extensions: 1)
2025-01-29 17:06:35,745 INFO c.h.h.t.HelmChartContainer - [hivemq-test-hivemq-platform] [hivemq-platform-operator] [300fbfae] 17:06:35.744 [ReconcilerExecutor-hivemq-controller-97] DEBUG c.h.p.o.HiveMQPlatformReconciler - [helmmoni] StatefulSet Status (revision: test-hivemq-platform-64db946475, replicas: 1, available: 0, ready: 0, current: 1, updated: 1)
2025-01-29 17:06:35,746 INFO c.h.h.t.HelmChartContainer - [hivemq-test-hivemq-platform] [hivemq-platform-operator] [300fbfae] 17:06:35.745 [ReconcilerExecutor-hivemq-controller-97] DEBUG c.h.p.o.HiveMQPlatformReconciler - [helmmoni] StatefulSet Spec (replicas: 2, init containers: 1, containers: 1, volumes: 3)
2025-01-29 17:06:35,828 INFO c.h.h.t.HelmChartContainer - [hivemq-test-hivemq-platform] [hivemq-platform-operator] [300fbfae] 17:06:35.822 [ReconcilerExecutor-hivemq-controller-97] DEBUG c.h.p.o.h.HiveMQPlatformReconcilerErrorHandler - [helmmoni] Pod 'test-hivemq-platform-0' phase Pending
2025-01-29 17:06:35,828 INFO c.h.h.t.HelmChartContainer - [hivemq-test-hivemq-platform] [hivemq-platform-operator] [300fbfae] 17:06:35.823 [ReconcilerExecutor-hivemq-controller-97] DEBUG c.h.p.o.h.HiveMQPlatformReconcilerErrorHandler - [helmmoni] Pod 'test-hivemq-platform-0' condition 'PodReadyToStartContainers': True
2025-01-29 17:06:35,828 INFO c.h.h.t.HelmChartContainer - [hivemq-test-hivemq-platform] [hivemq-platform-operator] [300fbfae] 17:06:35.823 [ReconcilerExecutor-hivemq-controller-97] DEBUG c.h.p.o.h.HiveMQPlatformReconcilerErrorHandler - [helmmoni] Pod 'test-hivemq-platform-0' condition 'Initialized': False
2025-01-29 17:06:35,828 INFO c.h.h.t.HelmChartContainer - [hivemq-test-hivemq-platform] [hivemq-platform-operator] [300fbfae] 17:06:35.823 [ReconcilerExecutor-hivemq-controller-97] DEBUG c.h.p.o.h.HiveMQPlatformReconcilerErrorHandler - [helmmoni] Pod 'test-hivemq-platform-0' condition 'Ready': False
2025-01-29 17:06:35,828 INFO c.h.h.t.HelmChartContainer - [hivemq-test-hivemq-platform] [hivemq-platform-operator] [300fbfae] 17:06:35.823 [ReconcilerExecutor-hivemq-controller-97] DEBUG c.h.p.o.h.HiveMQPlatformReconcilerErrorHandler - [helmmoni] Pod 'test-hivemq-platform-0' condition 'ContainersReady': False
2025-01-29 17:06:35,828 INFO c.h.h.t.HelmChartContainer - [hivemq-test-hivemq-platform] [hivemq-platform-operator] [300fbfae] 17:06:35.823 [ReconcilerExecutor-hivemq-controller-97] DEBUG c.h.p.o.h.HiveMQPlatformReconcilerErrorHandler - [helmmoni] Pod 'test-hivemq-platform-0' condition 'PodScheduled': True
2025-01-29 17:06:35,828 INFO c.h.h.t.HelmChartContainer - [hivemq-test-hivemq-platform] [hivemq-platform-operator] [300fbfae] 17:06:35.823 [ReconcilerExecutor-hivemq-controller-97] DEBUG c.h.p.o.h.HiveMQPlatformReconcilerErrorHandler - [helmmoni] Pod 'test-hivemq-platform-0' containerStatus 'hivemq' (started: false) (ready: false) (waiting: [PodInitializing] null)
2025-01-29 17:06:35,828 INFO c.h.h.t.HelmChartContainer - [hivemq-test-hivemq-platform] [hivemq-platform-operator] [300fbfae] 17:06:35.824 [ReconcilerExecutor-hivemq-controller-97] INFO  c.h.p.o.h.HiveMQPlatformReconcilerBaseHandler - [helmmoni] HiveMQ Platform is starting, 0 of 2 replicas are ready
2025-01-29 17:06:36,619 INFO c.h.h.t.HelmChartContainer - [EVENT] Normal [Pulled] Container image "docker.io/hivemq/hivemq4:4.36.0" already present on machine [helmmonitoringplatformit:test-hivemq-platform-0]
2025-01-29 17:06:36,619 INFO c.h.h.t.HelmChartContainer - Received Pulled event for container hivemq in pod test-hivemq-platform-0 [a8e6e206-4a17-4788-9955-792d38ed9b14]
2025-01-29 17:06:36,630 INFO c.h.h.t.HelmChartContainer - [POD] test-hivemq-platform-0 [a8e6e206-4a17-4788-9955-792d38ed9b14] in helmmonitoringplatformit was MODIFIED
2025-01-29 17:06:36,636 INFO c.h.h.t.HelmChartContainer - [hivemq-test-hivemq-platform] [hivemq-platform-operator] [300fbfae] 17:06:36.634 [pool-6-thread-6] DEBUG c.h.p.o.d.PlatformServiceResource - [helmmoni] Desired Platform services (3 services)
2025-01-29 17:06:36,637 INFO c.h.h.t.HelmChartContainer - [hivemq-test-hivemq-platform] [hivemq-platform-operator] [300fbfae] 17:06:36.635 [pool-6-thread-9] DEBUG c.h.p.o.d.PodServiceAccountResource - [helmmoni] Desired PodServiceAccountResource (serviceAccountName: hivemq-platform-pod-test-hivemq-platform)
2025-01-29 17:06:36,639 INFO c.h.h.t.HelmChartContainer - [hivemq-test-hivemq-platform] [hivemq-platform-operator] [300fbfae] 17:06:36.636 [pool-6-thread-8] DEBUG c.h.p.o.dependants.PodInfoConfigMap - [helmmoni] Desired PodInfo ConfigMap (1 extensions) (1 enabled)
2025-01-29 17:06:36,639 INFO c.h.h.t.HelmChartContainer - [hivemq-test-hivemq-platform] [hivemq-platform-operator] [300fbfae] 17:06:36.636 [pool-6-thread-8] DEBUG c.h.p.o.dependants.PodInfoConfigMap - [helmmoni] Desired PodInfo ConfigMap (metrics port: 9399) (metrics path: /)
2025-01-29 17:06:36,639 INFO c.h.h.t.HelmChartContainer - [hivemq-test-hivemq-platform] [hivemq-platform-operator] [300fbfae] 17:06:36.636 [pool-6-thread-8] DEBUG c.h.p.o.dependants.PodInfoConfigMap - [helmmoni] Desired PodInfo ConfigMap (extension state hash: -1817474005)
2025-01-29 17:06:36,645 INFO c.h.h.t.HelmChartContainer - [hivemq-test-hivemq-platform] [hivemq-platform-operator] [300fbfae] 17:06:36.644 [pool-6-thread-6] DEBUG c.h.p.o.d.StatefulSetResource - [helmmoni] Desired StatefulSet (2 replicas) for status STARTING (READY)
2025-01-29 17:06:36,650 INFO c.h.h.t.HelmChartContainer - [hivemq-test-hivemq-platform] [hivemq-platform-operator] [300fbfae] 17:06:36.648 [ReconcilerExecutor-hivemq-controller-108] INFO  c.h.p.o.HiveMQPlatformReconciler - [helmmoni] Reconciling HiveMQ Platform 'test-hivemq-platform' in namespace 'helmmonitoringplatformit'
2025-01-29 17:06:36,650 INFO c.h.h.t.HelmChartContainer - [hivemq-test-hivemq-platform] [hivemq-platform-operator] [300fbfae] 17:06:36.648 [ReconcilerExecutor-hivemq-controller-108] DEBUG c.h.p.o.HiveMQPlatformReconciler - [helmmoni] Custom Resource Status STARTING - HiveMQ Platform is starting (READY)
2025-01-29 17:06:36,650 INFO c.h.h.t.HelmChartContainer - [hivemq-test-hivemq-platform] [hivemq-platform-operator] [300fbfae] 17:06:36.648 [ReconcilerExecutor-hivemq-controller-108] DEBUG c.h.p.o.HiveMQPlatformReconciler - [helmmoni] Custom Resource Spec (replicas: 2) (extensions: 1)
2025-01-29 17:06:36,725 INFO c.h.h.t.HelmChartContainer - [hivemq-test-hivemq-platform] [hivemq-platform-operator] [300fbfae] 17:06:36.723 [ReconcilerExecutor-hivemq-controller-108] DEBUG c.h.p.o.HiveMQPlatformReconciler - [helmmoni] StatefulSet Status (revision: test-hivemq-platform-64db946475, replicas: 1, available: 0, ready: 0, current: 1, updated: 1)
2025-01-29 17:06:36,726 INFO c.h.h.t.HelmChartContainer - [hivemq-test-hivemq-platform] [hivemq-platform-operator] [300fbfae] 17:06:36.723 [ReconcilerExecutor-hivemq-controller-108] DEBUG c.h.p.o.HiveMQPlatformReconciler - [helmmoni] StatefulSet Spec (replicas: 2, init containers: 1, containers: 1, volumes: 3)
2025-01-29 17:06:36,728 INFO c.h.h.t.HelmChartContainer - [hivemq-test-hivemq-platform] [hivemq-platform-operator] [300fbfae] 17:06:36.726 [ReconcilerExecutor-hivemq-controller-108] DEBUG c.h.p.o.h.HiveMQPlatformReconcilerErrorHandler - [helmmoni] Pod 'test-hivemq-platform-0' phase Pending
2025-01-29 17:06:36,728 INFO c.h.h.t.HelmChartContainer - [hivemq-test-hivemq-platform] [hivemq-platform-operator] [300fbfae] 17:06:36.727 [ReconcilerExecutor-hivemq-controller-108] DEBUG c.h.p.o.h.HiveMQPlatformReconcilerErrorHandler - [helmmoni] Pod 'test-hivemq-platform-0' condition 'PodReadyToStartContainers': True
2025-01-29 17:06:36,729 INFO c.h.h.t.HelmChartContainer - [hivemq-test-hivemq-platform] [hivemq-platform-operator] [300fbfae] 17:06:36.727 [ReconcilerExecutor-hivemq-controller-108] DEBUG c.h.p.o.h.HiveMQPlatformReconcilerErrorHandler - [helmmoni] Pod 'test-hivemq-platform-0' condition 'Initialized': True
2025-01-29 17:06:36,730 INFO c.h.h.t.HelmChartContainer - [hivemq-test-hivemq-platform] [hivemq-platform-operator] [300fbfae] 17:06:36.727 [ReconcilerExecutor-hivemq-controller-108] DEBUG c.h.p.o.h.HiveMQPlatformReconcilerErrorHandler - [helmmoni] Pod 'test-hivemq-platform-0' condition 'Ready': False
2025-01-29 17:06:36,730 INFO c.h.h.t.HelmChartContainer - [hivemq-test-hivemq-platform] [hivemq-platform-operator] [300fbfae] 17:06:36.727 [ReconcilerExecutor-hivemq-controller-108] DEBUG c.h.p.o.h.HiveMQPlatformReconcilerErrorHandler - [helmmoni] Pod 'test-hivemq-platform-0' condition 'ContainersReady': False
2025-01-29 17:06:36,730 INFO c.h.h.t.HelmChartContainer - [hivemq-test-hivemq-platform] [hivemq-platform-operator] [300fbfae] 17:06:36.727 [ReconcilerExecutor-hivemq-controller-108] DEBUG c.h.p.o.h.HiveMQPlatformReconcilerErrorHandler - [helmmoni] Pod 'test-hivemq-platform-0' condition 'PodScheduled': True
2025-01-29 17:06:36,730 INFO c.h.h.t.HelmChartContainer - [hivemq-test-hivemq-platform] [hivemq-platform-operator] [300fbfae] 17:06:36.728 [ReconcilerExecutor-hivemq-controller-108] DEBUG c.h.p.o.h.HiveMQPlatformReconcilerErrorHandler - [helmmoni] Pod 'test-hivemq-platform-0' containerStatus 'hivemq' (started: false) (ready: false) (waiting: [PodInitializing] null)
2025-01-29 17:06:36,731 INFO c.h.h.t.HelmChartContainer - [hivemq-test-hivemq-platform] [hivemq-platform-operator] [300fbfae] 17:06:36.730 [ReconcilerExecutor-hivemq-controller-108] INFO  c.h.p.o.h.HiveMQPlatformReconcilerBaseHandler - [helmmoni] HiveMQ Platform is starting, 0 of 2 replicas are ready
2025-01-29 17:06:38,321 INFO c.h.h.t.HelmChartContainer - [EVENT] Normal [Created] Created container: hivemq [helmmonitoringplatformit:test-hivemq-platform-0]
2025-01-29 17:06:38,322 INFO c.h.h.t.HelmChartContainer - Received Created event for container hivemq in pod test-hivemq-platform-0 [a8e6e206-4a17-4788-9955-792d38ed9b14]
2025-01-29 17:06:38,598 INFO c.h.h.t.HelmChartContainer - [K3S] [INFO] COMPACT compactRev=0 targetCompactRev=2 currentRev=1575
2025-01-29 17:06:38,599 INFO c.h.h.t.HelmChartContainer - [K3S] [INFO] COMPACT deleted 0 rows from 2 revisions in 912.595µs - compacted to 2/1575
2025-01-29 17:06:38,599 INFO c.h.h.t.HelmChartContainer - [K3S] [INFO] COMPACT compacted from 0 to 2 in 1 transactions over 1ms
2025-01-29 17:06:38,635 INFO c.h.h.t.HelmChartContainer - [POD] test-hivemq-platform-0 [a8e6e206-4a17-4788-9955-792d38ed9b14] in helmmonitoringplatformit was MODIFIED
2025-01-29 17:06:38,635 INFO c.h.h.t.HelmChartContainer - [hivemq-test-hivemq-platform] [hivemq-platform-operator] [300fbfae] 17:06:38.633 [pool-6-thread-14] DEBUG c.h.p.o.d.PlatformServiceResource - [helmmoni] Desired Platform services (3 services)
2025-01-29 17:06:38,641 INFO c.h.h.t.HelmChartContainer - [hivemq-test-hivemq-platform] [hivemq-platform-operator] [300fbfae] 17:06:38.637 [pool-6-thread-15] DEBUG c.h.p.o.d.PodServiceAccountResource - [helmmoni] Desired PodServiceAccountResource (serviceAccountName: hivemq-platform-pod-test-hivemq-platform)
2025-01-29 17:06:38,642 INFO c.h.h.t.HelmChartContainer - [hivemq-test-hivemq-platform] [hivemq-platform-operator] [300fbfae] 17:06:38.639 [pool-6-thread-11] DEBUG c.h.p.o.dependants.PodInfoConfigMap - [helmmoni] Desired PodInfo ConfigMap (1 extensions) (1 enabled)
2025-01-29 17:06:38,642 INFO c.h.h.t.HelmChartContainer - [hivemq-test-hivemq-platform] [hivemq-platform-operator] [300fbfae] 17:06:38.640 [pool-6-thread-11] DEBUG c.h.p.o.dependants.PodInfoConfigMap - [helmmoni] Desired PodInfo ConfigMap (metrics port: 9399) (metrics path: /)
2025-01-29 17:06:38,642 INFO c.h.h.t.HelmChartContainer - [hivemq-test-hivemq-platform] [hivemq-platform-operator] [300fbfae] 17:06:38.640 [pool-6-thread-11] DEBUG c.h.p.o.dependants.PodInfoConfigMap - [helmmoni] Desired PodInfo ConfigMap (extension state hash: -1817474005)
2025-01-29 17:06:38,645 INFO c.h.h.t.HelmChartContainer - Started log watcher for hivemq in pod test-hivemq-platform-0 [a8e6e206-4a17-4788-9955-792d38ed9b14]
2025-01-29 17:06:38,645 INFO c.h.h.t.HelmChartContainer - [test-hivemq-platform] [hivemq] [a8e6e206] Adding pre-installed HiveMQ Platform Operator extensions
2025-01-29 17:06:38,645 INFO c.h.h.t.HelmChartContainer - [test-hivemq-platform] [hivemq] [a8e6e206] Running as user 10000
2025-01-29 17:06:38,645 INFO c.h.h.t.HelmChartContainer - [test-hivemq-platform] [hivemq] [a8e6e206] Starting HiveMQ Platform Operator Init
2025-01-29 17:06:38,645 INFO c.h.h.t.HelmChartContainer - [EVENT] Normal [Started] Started container hivemq [helmmonitoringplatformit:test-hivemq-platform-0]
2025-01-29 17:06:38,645 INFO c.h.h.t.HelmChartContainer - Received Started event for container hivemq in pod test-hivemq-platform-0 [a8e6e206-4a17-4788-9955-792d38ed9b14]
2025-01-29 17:06:38,649 INFO c.h.h.t.HelmChartContainer - [hivemq-test-hivemq-platform] [hivemq-platform-operator] [300fbfae] 17:06:38.648 [pool-6-thread-14] DEBUG c.h.p.o.d.StatefulSetResource - [helmmoni] Desired StatefulSet (2 replicas) for status STARTING (READY)
2025-01-29 17:06:38,657 INFO c.h.h.t.HelmChartContainer - [hivemq-test-hivemq-platform] [hivemq-platform-operator] [300fbfae] 17:06:38.655 [ReconcilerExecutor-hivemq-controller-109] INFO  c.h.p.o.HiveMQPlatformReconciler - [helmmoni] Reconciling HiveMQ Platform 'test-hivemq-platform' in namespace 'helmmonitoringplatformit'
2025-01-29 17:06:38,657 INFO c.h.h.t.HelmChartContainer - [hivemq-test-hivemq-platform] [hivemq-platform-operator] [300fbfae] 17:06:38.656 [ReconcilerExecutor-hivemq-controller-109] DEBUG c.h.p.o.HiveMQPlatformReconciler - [helmmoni] Custom Resource Status STARTING - HiveMQ Platform is starting (READY)
2025-01-29 17:06:38,657 INFO c.h.h.t.HelmChartContainer - [hivemq-test-hivemq-platform] [hivemq-platform-operator] [300fbfae] 17:06:38.656 [ReconcilerExecutor-hivemq-controller-109] DEBUG c.h.p.o.HiveMQPlatformReconciler - [helmmoni] Custom Resource Spec (replicas: 2) (extensions: 1)
2025-01-29 17:06:38,723 INFO c.h.h.t.HelmChartContainer - [hivemq-test-hivemq-platform] [hivemq-platform-operator] [300fbfae] 17:06:38.721 [ReconcilerExecutor-hivemq-controller-109] DEBUG c.h.p.o.HiveMQPlatformReconciler - [helmmoni] StatefulSet Status (revision: test-hivemq-platform-64db946475, replicas: 1, available: 0, ready: 0, current: 1, updated: 1)
2025-01-29 17:06:38,723 INFO c.h.h.t.HelmChartContainer - [hivemq-test-hivemq-platform] [hivemq-platform-operator] [300fbfae] 17:06:38.721 [ReconcilerExecutor-hivemq-controller-109] DEBUG c.h.p.o.HiveMQPlatformReconciler - [helmmoni] StatefulSet Spec (replicas: 2, init containers: 1, containers: 1, volumes: 3)
2025-01-29 17:06:38,724 INFO c.h.h.t.HelmChartContainer - [hivemq-test-hivemq-platform] [hivemq-platform-operator] [300fbfae] 17:06:38.724 [ReconcilerExecutor-hivemq-controller-109] DEBUG c.h.p.o.h.HiveMQPlatformReconcilerErrorHandler - [helmmoni] Pod 'test-hivemq-platform-0' phase Running
2025-01-29 17:06:38,725 INFO c.h.h.t.HelmChartContainer - [hivemq-test-hivemq-platform] [hivemq-platform-operator] [300fbfae] 17:06:38.724 [ReconcilerExecutor-hivemq-controller-109] INFO  c.h.p.o.h.HiveMQPlatformReconcilerBaseHandler - [helmmoni] HiveMQ Platform is starting, 0 of 2 replicas are ready
2025-01-29 17:06:39,635 INFO c.h.h.t.HelmChartContainer - [test-hivemq-platform] [hivemq] [a8e6e206] INFO  - [HiveMQ Platform Operator Init 1.7.0-SNAPSHOT] HiveMQ Platform Operator Init 1.7.0-SNAPSHOT (commit: 8465ebf on branch: HEAD) built on Wed Jan 29 16:56:31 UTC 2025
2025-01-29 17:06:40,803 INFO c.h.h.t.HelmChartContainer - [test-hivemq-platform] [hivemq] [a8e6e206] INFO  - [HiveMQ Platform Operator Init App 1.7.0-SNAPSHOT] Using bind address 10.42.0.17 from environment variable
2025-01-29 17:06:41,702 INFO c.h.h.t.HelmChartContainer - [test-hivemq-platform] [hivemq] [a8e6e206] INFO  - [HiveMQ Platform Operator Init App 1.7.0-SNAPSHOT] HiveMQ Platform Operator Init App 1.7.0-SNAPSHOT (commit: 8465ebf on branch: HEAD) built on Wed Jan 29 16:56:31 UTC 2025
2025-01-29 17:06:41,702 INFO c.h.h.t.HelmChartContainer - [test-hivemq-platform] [hivemq] [a8e6e206] INFO  - [HiveMQ Platform Operator Init App 1.7.0-SNAPSHOT] PodInfo ConfigMap directory: /etc/podinfo
2025-01-29 17:06:41,702 INFO c.h.h.t.HelmChartContainer - [test-hivemq-platform] [hivemq] [a8e6e206] INFO  - [HiveMQ Platform Operator Init App 1.7.0-SNAPSHOT] HiveMQ home directory: /opt/hivemq
2025-01-29 17:06:41,702 INFO c.h.h.t.HelmChartContainer - [test-hivemq-platform] [hivemq] [a8e6e206] INFO  - [HiveMQ Platform Operator Init App 1.7.0-SNAPSHOT] HiveMQ Logback folder: /opt/hivemq/conf
2025-01-29 17:06:41,702 INFO c.h.h.t.HelmChartContainer - [test-hivemq-platform] [hivemq] [a8e6e206] INFO  - [HiveMQ Platform Operator Init App 1.7.0-SNAPSHOT] HiveMQ Config folder: /opt/hivemq/conf-k8s
2025-01-29 17:06:41,703 INFO c.h.h.t.HelmChartContainer - [test-hivemq-platform] [hivemq] [a8e6e206] INFO  - [HiveMQ Platform Operator Init App 1.7.0-SNAPSHOT] Starting HiveMQ Platform Operator Init App
2025-01-29 17:06:41,703 INFO c.h.h.t.HelmChartContainer - [test-hivemq-platform] [hivemq] [a8e6e206] INFO  - [HiveMQ Platform Operator Init App 1.7.0-SNAPSHOT] Starting Pod reconciler
2025-01-29 17:06:42,109 INFO c.h.h.t.HelmChartContainer - [K3S] [info.go:53] Couldn't collect info from any of the files in "/etc/machine-id,/var/lib/dbus/machine-id"
2025-01-29 17:06:42,206 INFO c.h.h.t.HelmChartContainer - [K3S] [scope.go:117] "RemoveContainer" containerID="bb0cefef022f2cb5605ceec2041d27439818de7906e6d15f80164a7bf9538d08"
2025-01-29 17:06:42,209 INFO c.h.h.t.HelmChartContainer - [K3S] [scope.go:117] "RemoveContainer" containerID="b51cec128891255abc710899511e82f276441a54b0eef9febe2768fff075c776"
2025-01-29 17:06:42,952 INFO c.h.h.t.HelmChartContainer - [test-hivemq-platform] [hivemq] [a8e6e206] INFO  - [HiveMQ Platform Operator Init App 1.7.0-SNAPSHOT] Pod reconciler is scheduled (interval: 5000 ms)
2025-01-29 17:06:42,953 INFO c.h.h.t.HelmChartContainer - [test-hivemq-platform] [hivemq] [a8e6e206] INFO  - [HiveMQ Platform Operator Init App 1.7.0-SNAPSHOT] Starting the REST API on 10.42.0.17:7979
2025-01-29 17:06:42,995 INFO c.h.h.t.HelmChartContainer - [test-hivemq-platform] [hivemq] [a8e6e206] INFO  - [HiveMQ Platform Operator Init App 1.7.0-SNAPSHOT] Waiting up to 600s for at most 2 HiveMQ nodes in cluster service hivemq-test-hivemq-platform-cluster.helmmonitoringplatformit.svc
2025-01-29 17:06:43,338 INFO c.h.h.t.HelmChartContainer - [test-hivemq-platform] [hivemq] [a8e6e206] INFO  - [HiveMQ Platform Operator Init App 1.7.0-SNAPSHOT] Resolved 1 IP addresses: [10.42.0.17]
2025-01-29 17:06:43,338 INFO c.h.h.t.HelmChartContainer - [test-hivemq-platform] [hivemq] [a8e6e206] INFO  - [HiveMQ Platform Operator Init App 1.7.0-SNAPSHOT] HiveMQ node count of 1 is within threshold of 2
2025-01-29 17:06:43,338 INFO c.h.h.t.HelmChartContainer - [test-hivemq-platform] [hivemq] [a8e6e206] INFO  - [HiveMQ Platform Operator Init App 1.7.0-SNAPSHOT] Proceeding with container start
2025-01-29 17:06:43,404 INFO c.h.h.t.HelmChartContainer - [test-hivemq-platform] [hivemq] [a8e6e206] INFO  - [HiveMQ Platform Operator Init App 1.7.0-SNAPSHOT] Initializing HiveMQ Platform extensions with initial configuration: {hivemq-allow-all-extension={start-priority=-1, skip-https-hostname-verification=false, restart=true, config-version=0, header-version=0, c-uri=, priority=-1, uri=preinstalled, skip-https-certificate-validation=false, enabled=true}, hivemq-prometheus-extension={restart=true, priority=-1, start-priority=-1, c-uri=, skip-https-hostname-verification=false, skip-https-certificate-validation=false, uri=preinstalled, request-header-path=no-request-headers, enabled=true}}
2025-01-29 17:06:43,844 INFO c.h.h.t.HelmChartContainer - [test-hivemq-platform] [hivemq] [a8e6e206] INFO  - [HiveMQ Platform Operator Init App 1.7.0-SNAPSHOT] Extension hivemq-allow-all-extension was already enabled
2025-01-29 17:06:43,903 INFO c.h.h.t.HelmChartContainer - [test-hivemq-platform] [hivemq] [a8e6e206] INFO  - [HiveMQ Platform Operator Init App 1.7.0-SNAPSHOT] Successfully enabled extension hivemq-prometheus-extension
2025-01-29 17:06:43,935 INFO c.h.h.t.HelmChartContainer - [test-hivemq-platform] [hivemq] [a8e6e206] INFO  - [HiveMQ Platform Operator Init App 1.7.0-SNAPSHOT] Starting HiveMQ Platform version 4.36.0 (4.36.0)
2025-01-29 17:06:43,935 INFO c.h.h.t.HelmChartContainer - [test-hivemq-platform] [hivemq] [a8e6e206] INFO  - [HiveMQ Platform Operator Init App 1.7.0-SNAPSHOT] Configuring the HiveMQ Platform
2025-01-29 17:06:44,003 INFO c.h.h.t.HelmChartContainer - [test-hivemq-platform] [hivemq] [a8e6e206] INFO  - [HiveMQ Platform Operator Init App 1.7.0-SNAPSHOT] Changed logback.xml file scan period to 20 seconds
2025-01-29 17:06:44,096 INFO c.h.h.t.HelmChartContainer - [test-hivemq-platform] [hivemq] [a8e6e206] INFO  - [HiveMQ Platform Operator Init App 1.7.0-SNAPSHOT] Starting the HiveMQ Platform
2025-01-29 17:06:44,099 INFO c.h.h.t.HelmChartContainer - [test-hivemq-platform] [hivemq] [a8e6e206] -------------------------------------------------------------------------
2025-01-29 17:06:44,099 INFO c.h.h.t.HelmChartContainer - [test-hivemq-platform] [hivemq] [a8e6e206] 
2025-01-29 17:06:44,099 INFO c.h.h.t.HelmChartContainer - [test-hivemq-platform] [hivemq] [a8e6e206]                   _    _  _              __  __   ____
2025-01-29 17:06:44,099 INFO c.h.h.t.HelmChartContainer - [test-hivemq-platform] [hivemq] [a8e6e206]                  | |  | |(_)            |  \/  | / __ \
2025-01-29 17:06:44,099 INFO c.h.h.t.HelmChartContainer - [test-hivemq-platform] [hivemq] [a8e6e206]                  | |__| | _ __   __ ___ | \  / || |  | |
2025-01-29 17:06:44,099 INFO c.h.h.t.HelmChartContainer - [test-hivemq-platform] [hivemq] [a8e6e206]                  |  __  || |\ \ / // _ \| |\/| || |  | |
2025-01-29 17:06:44,099 INFO c.h.h.t.HelmChartContainer - [test-hivemq-platform] [hivemq] [a8e6e206]                  | |  | || | \ V /|  __/| |  | || |__| |
2025-01-29 17:06:44,099 INFO c.h.h.t.HelmChartContainer - [test-hivemq-platform] [hivemq] [a8e6e206]                  |_|  |_||_|  \_/  \___||_|  |_| \___\_\
2025-01-29 17:06:44,100 INFO c.h.h.t.HelmChartContainer - [test-hivemq-platform] [hivemq] [a8e6e206] 
2025-01-29 17:06:44,100 INFO c.h.h.t.HelmChartContainer - [test-hivemq-platform] [hivemq] [a8e6e206] -------------------------------------------------------------------------
2025-01-29 17:06:44,100 INFO c.h.h.t.HelmChartContainer - [test-hivemq-platform] [hivemq] [a8e6e206] 
2025-01-29 17:06:44,100 INFO c.h.h.t.HelmChartContainer - [test-hivemq-platform] [hivemq] [a8e6e206]   HiveMQ Start Script for Linux/Unix v1.14
2025-01-29 17:06:44,100 INFO c.h.h.t.HelmChartContainer - [test-hivemq-platform] [hivemq] [a8e6e206] 
2025-01-29 17:06:44,149 INFO c.h.h.t.HelmChartContainer - [test-hivemq-platform] [hivemq] [a8e6e206] -------------------------------------------------------------------------
2025-01-29 17:06:44,150 INFO c.h.h.t.HelmChartContainer - [test-hivemq-platform] [hivemq] [a8e6e206] 
2025-01-29 17:06:44,150 INFO c.h.h.t.HelmChartContainer - [test-hivemq-platform] [hivemq] [a8e6e206]   HIVEMQ_HOME: /opt/hivemq
2025-01-29 17:06:44,150 INFO c.h.h.t.HelmChartContainer - [test-hivemq-platform] [hivemq] [a8e6e206] 
2025-01-29 17:06:44,150 INFO c.h.h.t.HelmChartContainer - [test-hivemq-platform] [hivemq] [a8e6e206]   JAVA_OPTS: -XX:+UnlockExperimentalVMOptions -XX:InitialRAMPercentage=50 -XX:MaxRAMPercentage=50 -Djava.net.preferIPv4Stack=true --add-opens java.base/java.lang=ALL-UNNAMED --add-opens java.base/java.nio=ALL-UNNAMED --add-opens java.base/sun.nio.ch=ALL-UNNAMED --add-opens jdk.management/com.sun.management.internal=ALL-UNNAMED --add-exports java.base/jdk.internal.misc=ALL-UNNAMED -Djava.security.egd=file:/dev/./urandom -Dcom.sun.management.jmxremote -Dcom.sun.management.jmxremote.port=9010 -Dcom.sun.management.jmxremote.local.only=false -Dcom.sun.management.jmxremote.authenticate=false -Dcom.sun.management.jmxremote.ssl=false -Duser.language=en -Duser.region=US -XX:+CrashOnOutOfMemoryError -XX:+HeapDumpOnOutOfMemoryError
2025-01-29 17:06:44,150 INFO c.h.h.t.HelmChartContainer - [test-hivemq-platform] [hivemq] [a8e6e206] 
2025-01-29 17:06:44,150 INFO c.h.h.t.HelmChartContainer - [test-hivemq-platform] [hivemq] [a8e6e206]   JAVA_VERSION: 21
2025-01-29 17:06:44,150 INFO c.h.h.t.HelmChartContainer - [test-hivemq-platform] [hivemq] [a8e6e206] 
2025-01-29 17:06:44,150 INFO c.h.h.t.HelmChartContainer - [test-hivemq-platform] [hivemq] [a8e6e206] -------------------------------------------------------------------------
2025-01-29 17:06:44,150 INFO c.h.h.t.HelmChartContainer - [test-hivemq-platform] [hivemq] [a8e6e206] 
2025-01-29 17:06:44,699 INFO c.h.h.t.HelmChartContainer - [test-hivemq-platform] [hivemq] [a8e6e206] INFO  - [HiveMQ Platform Operator Init App 1.7.0-SNAPSHOT] Returning default Health API response 503 for readiness
2025-01-29 17:06:45,004 INFO c.h.h.t.HelmChartContainer - [EVENT] Warning [Unhealthy] Readiness probe failed: HTTP probe failed with statuscode: 503 [helmmonitoringplatformit:test-hivemq-platform-0]
2025-01-29 17:06:45,004 INFO c.h.h.t.HelmChartContainer - Received Unhealthy event for container hivemq in pod test-hivemq-platform-0 [a8e6e206-4a17-4788-9955-792d38ed9b14]
2025-01-29 17:06:46,797 INFO c.h.h.t.HelmChartContainer - [test-hivemq-platform] [hivemq] [a8e6e206] INFO  - Starting HiveMQ Enterprise Server
2025-01-29 17:06:46,837 INFO c.h.h.t.HelmChartContainer - [test-hivemq-platform] [hivemq] [a8e6e206] INFO  - HiveMQ version: 4.36.0
2025-01-29 17:06:46,838 INFO c.h.h.t.HelmChartContainer - [test-hivemq-platform] [hivemq] [a8e6e206] INFO  - HiveMQ home directory: /opt/hivemq
2025-01-29 17:06:46,838 INFO c.h.h.t.HelmChartContainer - [test-hivemq-platform] [hivemq] [a8e6e206] INFO  - Log Configuration was overridden by /opt/hivemq/conf/logback.xml
2025-01-29 17:06:48,504 INFO c.h.h.t.HelmChartContainer - [test-hivemq-platform] [hivemq] [a8e6e206] INFO  - Successfully loaded configuration from '/opt/hivemq/conf-k8s/config.xml'.
2025-01-29 17:06:48,732 INFO c.h.h.t.HelmChartContainer - [hivemq-test-hivemq-platform] [hivemq-platform-operator] [300fbfae] 17:06:48.730 [pool-6-thread-27] DEBUG c.h.p.o.d.PlatformServiceResource - [helmmoni] Desired Platform services (3 services)
2025-01-29 17:06:48,733 INFO c.h.h.t.HelmChartContainer - [hivemq-test-hivemq-platform] [hivemq-platform-operator] [300fbfae] 17:06:48.731 [pool-6-thread-25] DEBUG c.h.p.o.dependants.PodInfoConfigMap - [helmmoni] Desired PodInfo ConfigMap (1 extensions) (1 enabled)
2025-01-29 17:06:48,733 INFO c.h.h.t.HelmChartContainer - [hivemq-test-hivemq-platform] [hivemq-platform-operator] [300fbfae] 17:06:48.731 [pool-6-thread-25] DEBUG c.h.p.o.dependants.PodInfoConfigMap - [helmmoni] Desired PodInfo ConfigMap (metrics port: 9399) (metrics path: /)
2025-01-29 17:06:48,733 INFO c.h.h.t.HelmChartContainer - [hivemq-test-hivemq-platform] [hivemq-platform-operator] [300fbfae] 17:06:48.731 [pool-6-thread-25] DEBUG c.h.p.o.dependants.PodInfoConfigMap - [helmmoni] Desired PodInfo ConfigMap (extension state hash: -1817474005)
2025-01-29 17:06:48,735 INFO c.h.h.t.HelmChartContainer - [hivemq-test-hivemq-platform] [hivemq-platform-operator] [300fbfae] 17:06:48.733 [pool-6-thread-22] DEBUG c.h.p.o.d.PodServiceAccountResource - [helmmoni] Desired PodServiceAccountResource (serviceAccountName: hivemq-platform-pod-test-hivemq-platform)
2025-01-29 17:06:48,738 INFO c.h.h.t.HelmChartContainer - [hivemq-test-hivemq-platform] [hivemq-platform-operator] [300fbfae] 17:06:48.737 [pool-6-thread-27] DEBUG c.h.p.o.d.StatefulSetResource - [helmmoni] Desired StatefulSet (2 replicas) for status STARTING (READY)
2025-01-29 17:06:48,743 INFO c.h.h.t.HelmChartContainer - [hivemq-test-hivemq-platform] [hivemq-platform-operator] [300fbfae] 17:06:48.742 [ReconcilerExecutor-hivemq-controller-110] INFO  c.h.p.o.HiveMQPlatformReconciler - [helmmoni] Reconciling HiveMQ Platform 'test-hivemq-platform' in namespace 'helmmonitoringplatformit'
2025-01-29 17:06:48,743 INFO c.h.h.t.HelmChartContainer - [hivemq-test-hivemq-platform] [hivemq-platform-operator] [300fbfae] 17:06:48.742 [ReconcilerExecutor-hivemq-controller-110] DEBUG c.h.p.o.HiveMQPlatformReconciler - [helmmoni] Custom Resource Status STARTING - HiveMQ Platform is starting (READY)
2025-01-29 17:06:48,743 INFO c.h.h.t.HelmChartContainer - [hivemq-test-hivemq-platform] [hivemq-platform-operator] [300fbfae] 17:06:48.742 [ReconcilerExecutor-hivemq-controller-110] DEBUG c.h.p.o.HiveMQPlatformReconciler - [helmmoni] Custom Resource Spec (replicas: 2) (extensions: 1)
2025-01-29 17:06:48,744 INFO c.h.h.t.HelmChartContainer - [hivemq-test-hivemq-platform] [hivemq-platform-operator] [300fbfae] 17:06:48.743 [ReconcilerExecutor-hivemq-controller-110] DEBUG c.h.p.o.HiveMQPlatformReconciler - [helmmoni] StatefulSet Status (revision: test-hivemq-platform-64db946475, replicas: 1, available: 0, ready: 0, current: 1, updated: 1)
2025-01-29 17:06:48,745 INFO c.h.h.t.HelmChartContainer - [hivemq-test-hivemq-platform] [hivemq-platform-operator] [300fbfae] 17:06:48.743 [ReconcilerExecutor-hivemq-controller-110] DEBUG c.h.p.o.HiveMQPlatformReconciler - [helmmoni] StatefulSet Spec (replicas: 2, init containers: 1, containers: 1, volumes: 3)
2025-01-29 17:06:48,822 INFO c.h.h.t.HelmChartContainer - [hivemq-test-hivemq-platform] [hivemq-platform-operator] [300fbfae] 17:06:48.821 [ReconcilerExecutor-hivemq-controller-110] DEBUG c.h.p.o.h.HiveMQPlatformReconcilerErrorHandler - [helmmoni] Pod 'test-hivemq-platform-0' phase Running
2025-01-29 17:06:48,823 INFO c.h.h.t.HelmChartContainer - [hivemq-test-hivemq-platform] [hivemq-platform-operator] [300fbfae] 17:06:48.822 [ReconcilerExecutor-hivemq-controller-110] INFO  c.h.p.o.h.HiveMQPlatformReconcilerBaseHandler - [helmmoni] HiveMQ Platform is starting, 0 of 2 replicas are ready
2025-01-29 17:06:49,397 INFO c.h.h.t.HelmChartContainer - [test-hivemq-platform] [hivemq] [a8e6e206] INFO  - This node's ID is AFndn
2025-01-29 17:06:49,400 INFO c.h.h.t.HelmChartContainer - [test-hivemq-platform] [hivemq] [a8e6e206] INFO  - Clustering is enabled
2025-01-29 17:06:50,303 INFO c.h.h.t.HelmChartContainer - [test-hivemq-platform] [hivemq] [a8e6e206] WARN  - [HiveMQ Platform Operator Init App 1.7.0-SNAPSHOT] Cannot connect to Health API for readiness: null
2025-01-29 17:06:50,306 INFO c.h.h.t.HelmChartContainer - [EVENT] Warning [Unhealthy] Readiness probe failed: HTTP probe failed with statuscode: 503 [helmmonitoringplatformit:test-hivemq-platform-0]
2025-01-29 17:06:50,306 INFO c.h.h.t.HelmChartContainer - Received Unhealthy event for container hivemq in pod test-hivemq-platform-0 [a8e6e206-4a17-4788-9955-792d38ed9b14]
2025-01-29 17:06:53,399 INFO c.h.h.t.HelmChartContainer - [test-hivemq-platform] [hivemq] [a8e6e206] Jan 29, 2025 5:06:53 PM io.vertx.core.impl.BlockedThreadChecker
2025-01-29 17:06:53,400 INFO c.h.h.t.HelmChartContainer - [test-hivemq-platform] [hivemq] [a8e6e206] WARNING: Thread Thread[vert.x-eventloop-thread-1,5,main] has been blocked for 2095 ms, time limit is 2000 ms
2025-01-29 17:06:54,299 INFO c.h.h.t.HelmChartContainer - [test-hivemq-platform] [hivemq] [a8e6e206] Jan 29, 2025 5:06:54 PM io.vertx.core.impl.BlockedThreadChecker
2025-01-29 17:06:54,299 INFO c.h.h.t.HelmChartContainer - [test-hivemq-platform] [hivemq] [a8e6e206] WARNING: Thread Thread[vert.x-eventloop-thread-1,5,main] has been blocked for 3095 ms, time limit is 2000 ms
2025-01-29 17:06:54,501 INFO c.h.h.t.HelmChartContainer - [test-hivemq-platform] [hivemq] [a8e6e206] INFO  - [HiveMQ Platform Operator Init App 1.7.0-SNAPSHOT] Updating Pod HiveMQ Platform Operator Init App version annotation (version: 1.7.0-SNAPSHOT)
2025-01-29 17:06:54,797 INFO c.h.h.t.HelmChartContainer - [test-hivemq-platform] [hivemq] [a8e6e206] WARN  - [HiveMQ Platform Operator Init App 1.7.0-SNAPSHOT] Cannot connect to Health API for readiness: null
2025-01-29 17:06:54,804 INFO c.h.h.t.HelmChartContainer - [EVENT] Warning [Unhealthy] Readiness probe failed: HTTP probe failed with statuscode: 503 [helmmonitoringplatformit:test-hivemq-platform-0]
2025-01-29 17:06:54,804 INFO c.h.h.t.HelmChartContainer - Received Unhealthy event for container hivemq in pod test-hivemq-platform-0 [a8e6e206-4a17-4788-9955-792d38ed9b14]
2025-01-29 17:06:55,212 INFO c.h.h.t.HelmChartContainer - [POD] test-hivemq-platform-0 [a8e6e206-4a17-4788-9955-792d38ed9b14] in helmmonitoringplatformit was MODIFIED
2025-01-29 17:06:55,216 INFO c.h.h.t.HelmChartContainer - [hivemq-test-hivemq-platform] [hivemq-platform-operator] [300fbfae] 17:06:55.215 [pool-6-thread-32] DEBUG c.h.p.o.d.PlatformServiceResource - [helmmoni] Desired Platform services (3 services)
2025-01-29 17:06:55,218 INFO c.h.h.t.HelmChartContainer - [hivemq-test-hivemq-platform] [hivemq-platform-operator] [300fbfae] 17:06:55.217 [pool-6-thread-36] DEBUG c.h.p.o.d.PodServiceAccountResource - [helmmoni] Desired PodServiceAccountResource (serviceAccountName: hivemq-platform-pod-test-hivemq-platform)
2025-01-29 17:06:55,219 INFO c.h.h.t.HelmChartContainer - [hivemq-test-hivemq-platform] [hivemq-platform-operator] [300fbfae] 17:06:55.218 [pool-6-thread-38] DEBUG c.h.p.o.dependants.PodInfoConfigMap - [helmmoni] Desired PodInfo ConfigMap (1 extensions) (1 enabled)
2025-01-29 17:06:55,220 INFO c.h.h.t.HelmChartContainer - [hivemq-test-hivemq-platform] [hivemq-platform-operator] [300fbfae] 17:06:55.219 [pool-6-thread-38] DEBUG c.h.p.o.dependants.PodInfoConfigMap - [helmmoni] Desired PodInfo ConfigMap (metrics port: 9399) (metrics path: /)
2025-01-29 17:06:55,220 INFO c.h.h.t.HelmChartContainer - [hivemq-test-hivemq-platform] [hivemq-platform-operator] [300fbfae] 17:06:55.220 [pool-6-thread-38] DEBUG c.h.p.o.dependants.PodInfoConfigMap - [helmmoni] Desired PodInfo ConfigMap (extension state hash: -1817474005)
2025-01-29 17:06:55,225 INFO c.h.h.t.HelmChartContainer - [hivemq-test-hivemq-platform] [hivemq-platform-operator] [300fbfae] 17:06:55.224 [pool-6-thread-32] DEBUG c.h.p.o.d.StatefulSetResource - [helmmoni] Desired StatefulSet (2 replicas) for status STARTING (READY)
2025-01-29 17:06:55,228 INFO c.h.h.t.HelmChartContainer - [hivemq-test-hivemq-platform] [hivemq-platform-operator] [300fbfae] 17:06:55.227 [ReconcilerExecutor-hivemq-controller-111] INFO  c.h.p.o.HiveMQPlatformReconciler - [helmmoni] Reconciling HiveMQ Platform 'test-hivemq-platform' in namespace 'helmmonitoringplatformit'
2025-01-29 17:06:55,228 INFO c.h.h.t.HelmChartContainer - [hivemq-test-hivemq-platform] [hivemq-platform-operator] [300fbfae] 17:06:55.227 [ReconcilerExecutor-hivemq-controller-111] DEBUG c.h.p.o.HiveMQPlatformReconciler - [helmmoni] Custom Resource Status STARTING - HiveMQ Platform is starting (READY)
2025-01-29 17:06:55,228 INFO c.h.h.t.HelmChartContainer - [hivemq-test-hivemq-platform] [hivemq-platform-operator] [300fbfae] 17:06:55.227 [ReconcilerExecutor-hivemq-controller-111] DEBUG c.h.p.o.HiveMQPlatformReconciler - [helmmoni] Custom Resource Spec (replicas: 2) (extensions: 1)
2025-01-29 17:06:55,230 INFO c.h.h.t.HelmChartContainer - [hivemq-test-hivemq-platform] [hivemq-platform-operator] [300fbfae] 17:06:55.229 [ReconcilerExecutor-hivemq-controller-111] DEBUG c.h.p.o.HiveMQPlatformReconciler - [helmmoni] StatefulSet Status (revision: test-hivemq-platform-64db946475, replicas: 1, available: 0, ready: 0, current: 1, updated: 1)
2025-01-29 17:06:55,230 INFO c.h.h.t.HelmChartContainer - [hivemq-test-hivemq-platform] [hivemq-platform-operator] [300fbfae] 17:06:55.229 [ReconcilerExecutor-hivemq-controller-111] DEBUG c.h.p.o.HiveMQPlatformReconciler - [helmmoni] StatefulSet Spec (replicas: 2, init containers: 1, containers: 1, volumes: 3)
2025-01-29 17:06:55,231 INFO c.h.h.t.HelmChartContainer - [hivemq-test-hivemq-platform] [hivemq-platform-operator] [300fbfae] 17:06:55.230 [ReconcilerExecutor-hivemq-controller-111] DEBUG c.h.p.o.h.HiveMQPlatformReconcilerErrorHandler - [helmmoni] Pod 'test-hivemq-platform-0' phase Running
2025-01-29 17:06:55,232 INFO c.h.h.t.HelmChartContainer - [hivemq-test-hivemq-platform] [hivemq-platform-operator] [300fbfae] 17:06:55.231 [ReconcilerExecutor-hivemq-controller-111] INFO  c.h.p.o.h.HiveMQPlatformReconcilerBaseHandler - [helmmoni] HiveMQ Platform is starting, 0 of 2 replicas are ready
2025-01-29 17:06:55,295 INFO c.h.h.t.HelmChartContainer - [test-hivemq-platform] [hivemq] [a8e6e206] WARN  - [HiveMQ Platform Operator Init App 1.7.0-SNAPSHOT] Cannot connect to Health API for readiness: null
2025-01-29 17:06:55,304 INFO c.h.h.t.HelmChartContainer - [test-hivemq-platform] [hivemq] [a8e6e206] INFO  - [HiveMQ Platform Operator Init App 1.7.0-SNAPSHOT] Successfully updated Pod HiveMQ Platform Operator Init App version annotation (version: 1.7.0-SNAPSHOT)
2025-01-29 17:06:55,305 INFO c.h.h.t.HelmChartContainer - [EVENT] Warning [Unhealthy] Readiness probe failed: HTTP probe failed with statuscode: 503 [helmmonitoringplatformit:test-hivemq-platform-0]
2025-01-29 17:06:55,305 INFO c.h.h.t.HelmChartContainer - Received Unhealthy event for container hivemq in pod test-hivemq-platform-0 [a8e6e206-4a17-4788-9955-792d38ed9b14]
2025-01-29 17:07:00,298 INFO c.h.h.t.HelmChartContainer - [test-hivemq-platform] [hivemq] [a8e6e206] WARN  - [HiveMQ Platform Operator Init App 1.7.0-SNAPSHOT] Cannot connect to Health API for readiness: null
2025-01-29 17:07:00,304 INFO c.h.h.t.HelmChartContainer - [EVENT] Warning [Unhealthy] Readiness probe failed: HTTP probe failed with statuscode: 503 [helmmonitoringplatformit:test-hivemq-platform-0]
2025-01-29 17:07:00,304 INFO c.h.h.t.HelmChartContainer - Received Unhealthy event for container hivemq in pod test-hivemq-platform-0 [a8e6e206-4a17-4788-9955-792d38ed9b14]
2025-01-29 17:07:05,239 INFO c.h.h.t.HelmChartContainer - [hivemq-test-hivemq-platform] [hivemq-platform-operator] [300fbfae] 17:07:05.236 [pool-6-thread-46] DEBUG c.h.p.o.d.PlatformServiceResource - [helmmoni] Desired Platform services (3 services)
2025-01-29 17:07:05,243 INFO c.h.h.t.HelmChartContainer - [hivemq-test-hivemq-platform] [hivemq-platform-operator] [300fbfae] 17:07:05.242 [pool-6-thread-43] DEBUG c.h.p.o.dependants.PodInfoConfigMap - [helmmoni] Desired PodInfo ConfigMap (1 extensions) (1 enabled)
2025-01-29 17:07:05,244 INFO c.h.h.t.HelmChartContainer - [hivemq-test-hivemq-platform] [hivemq-platform-operator] [300fbfae] 17:07:05.241 [pool-6-thread-41] DEBUG c.h.p.o.d.PodServiceAccountResource - [helmmoni] Desired PodServiceAccountResource (serviceAccountName: hivemq-platform-pod-test-hivemq-platform)
2025-01-29 17:07:05,245 INFO c.h.h.t.HelmChartContainer - [hivemq-test-hivemq-platform] [hivemq-platform-operator] [300fbfae] 17:07:05.244 [pool-6-thread-43] DEBUG c.h.p.o.dependants.PodInfoConfigMap - [helmmoni] Desired PodInfo ConfigMap (metrics port: 9399) (metrics path: /)
2025-01-29 17:07:05,245 INFO c.h.h.t.HelmChartContainer - [hivemq-test-hivemq-platform] [hivemq-platform-operator] [300fbfae] 17:07:05.244 [pool-6-thread-43] DEBUG c.h.p.o.dependants.PodInfoConfigMap - [helmmoni] Desired PodInfo ConfigMap (extension state hash: -1817474005)
2025-01-29 17:07:05,247 INFO c.h.h.t.HelmChartContainer - [hivemq-test-hivemq-platform] [hivemq-platform-operator] [300fbfae] 17:07:05.246 [pool-6-thread-50] DEBUG c.h.p.o.d.StatefulSetResource - [helmmoni] Desired StatefulSet (2 replicas) for status STARTING (READY)
2025-01-29 17:07:05,299 INFO c.h.h.t.HelmChartContainer - [test-hivemq-platform] [hivemq] [a8e6e206] WARN  - [HiveMQ Platform Operator Init App 1.7.0-SNAPSHOT] Cannot connect to Health API for readiness: null
2025-01-29 17:07:05,299 INFO c.h.h.t.HelmChartContainer - [test-hivemq-platform] [hivemq] [a8e6e206] WARN  - [HiveMQ Platform Operator Init App 1.7.0-SNAPSHOT] Cannot connect to Health API for liveness: null
2025-01-29 17:07:05,299 INFO c.h.h.t.HelmChartContainer - [test-hivemq-platform] [hivemq] [a8e6e206] INFO  - [HiveMQ Platform Operator Init App 1.7.0-SNAPSHOT] Returning default Health API response 200 for liveness
2025-01-29 17:07:05,303 INFO c.h.h.t.HelmChartContainer - [EVENT] Warning [Unhealthy] Readiness probe failed: HTTP probe failed with statuscode: 503 [helmmonitoringplatformit:test-hivemq-platform-0]
2025-01-29 17:07:05,303 INFO c.h.h.t.HelmChartContainer - Received Unhealthy event for container hivemq in pod test-hivemq-platform-0 [a8e6e206-4a17-4788-9955-792d38ed9b14]
2025-01-29 17:07:05,321 INFO c.h.h.t.HelmChartContainer - [hivemq-test-hivemq-platform] [hivemq-platform-operator] [300fbfae] 17:07:05.321 [ReconcilerExecutor-hivemq-controller-112] INFO  c.h.p.o.HiveMQPlatformReconciler - [helmmoni] Reconciling HiveMQ Platform 'test-hivemq-platform' in namespace 'helmmonitoringplatformit'
2025-01-29 17:07:05,323 INFO c.h.h.t.HelmChartContainer - [hivemq-test-hivemq-platform] [hivemq-platform-operator] [300fbfae] 17:07:05.321 [ReconcilerExecutor-hivemq-controller-112] DEBUG c.h.p.o.HiveMQPlatformReconciler - [helmmoni] Custom Resource Status STARTING - HiveMQ Platform is starting (READY)
2025-01-29 17:07:05,323 INFO c.h.h.t.HelmChartContainer - [hivemq-test-hivemq-platform] [hivemq-platform-operator] [300fbfae] 17:07:05.321 [ReconcilerExecutor-hivemq-controller-112] DEBUG c.h.p.o.HiveMQPlatformReconciler - [helmmoni] Custom Resource Spec (replicas: 2) (extensions: 1)
2025-01-29 17:07:05,325 INFO c.h.h.t.HelmChartContainer - [hivemq-test-hivemq-platform] [hivemq-platform-operator] [300fbfae] 17:07:05.323 [ReconcilerExecutor-hivemq-controller-112] DEBUG c.h.p.o.HiveMQPlatformReconciler - [helmmoni] StatefulSet Status (revision: test-hivemq-platform-64db946475, replicas: 1, available: 0, ready: 0, current: 1, updated: 1)
2025-01-29 17:07:05,325 INFO c.h.h.t.HelmChartContainer - [hivemq-test-hivemq-platform] [hivemq-platform-operator] [300fbfae] 17:07:05.323 [ReconcilerExecutor-hivemq-controller-112] DEBUG c.h.p.o.HiveMQPlatformReconciler - [helmmoni] StatefulSet Spec (replicas: 2, init containers: 1, containers: 1, volumes: 3)
2025-01-29 17:07:05,326 INFO c.h.h.t.HelmChartContainer - [hivemq-test-hivemq-platform] [hivemq-platform-operator] [300fbfae] 17:07:05.325 [ReconcilerExecutor-hivemq-controller-112] DEBUG c.h.p.o.h.HiveMQPlatformReconcilerErrorHandler - [helmmoni] Pod 'test-hivemq-platform-0' phase Running
2025-01-29 17:07:05,327 INFO c.h.h.t.HelmChartContainer - [hivemq-test-hivemq-platform] [hivemq-platform-operator] [300fbfae] 17:07:05.326 [ReconcilerExecutor-hivemq-controller-112] INFO  c.h.p.o.h.HiveMQPlatformReconcilerBaseHandler - [helmmoni] HiveMQ Platform is starting, 0 of 2 replicas are ready
2025-01-29 17:07:06,202 INFO c.h.h.t.HelmChartContainer - [test-hivemq-platform] [hivemq] [a8e6e206] INFO  - No valid license file found. Using trial license, restricted to 25 connections.
2025-01-29 17:07:08,912 INFO c.h.h.t.HelmChartContainer - [test-hivemq-platform] [hivemq] [a8e6e206] INFO  - No valid license file for Data Hub found. Using free license, restricted to 1 policy.
2025-01-29 17:07:09,937 INFO c.h.h.t.HelmChartContainer - [test-hivemq-platform] [hivemq] [a8e6e206] INFO  - Audit Logger started.
2025-01-29 17:07:10,216 INFO c.h.h.t.HelmChartContainer - [test-hivemq-platform] [hivemq] [a8e6e206] WARN  - [HiveMQ Platform Operator Init App 1.7.0-SNAPSHOT] Cannot connect to Health API for readiness: null
2025-01-29 17:07:10,219 INFO c.h.h.t.HelmChartContainer - [test-hivemq-platform] [hivemq] [a8e6e206] INFO  - This node uses '1' CPU cores.
2025-01-29 17:07:10,223 INFO c.h.h.t.HelmChartContainer - [EVENT] Warning [Unhealthy] Readiness probe failed: HTTP probe failed with statuscode: 503 [helmmonitoringplatformit:test-hivemq-platform-0]
2025-01-29 17:07:10,223 INFO c.h.h.t.HelmChartContainer - Received Unhealthy event for container hivemq in pod test-hivemq-platform-0 [a8e6e206-4a17-4788-9955-792d38ed9b14]
2025-01-29 17:07:10,295 INFO c.h.h.t.HelmChartContainer - [test-hivemq-platform] [hivemq] [a8e6e206] INFO  - Starting HiveMQ Health API on address 0.0.0.0 and port 8889
2025-01-29 17:07:11,208 INFO c.h.h.t.HelmChartContainer - [test-hivemq-platform] [hivemq] [a8e6e206] INFO  - Started HiveMQ Health API in 912ms
2025-01-29 17:07:12,102 INFO c.h.h.t.HelmChartContainer - [test-hivemq-platform] [hivemq] [a8e6e206] INFO  - Starting HiveMQ extension system.
2025-01-29 17:07:12,306 INFO c.h.h.t.HelmChartContainer - [test-hivemq-platform] [hivemq] [a8e6e206] INFO  - Starting extension with id "hivemq-dns-cluster-discovery" at /opt/hivemq/extensions/hivemq-dns-cluster-discovery
2025-01-29 17:07:12,803 INFO c.h.h.t.HelmChartContainer - [test-hivemq-platform] [hivemq] [a8e6e206] INFO  - Using TCP cluster transport on address 10.42.0.17 and port 7000
2025-01-29 17:07:12,895 INFO c.h.h.t.HelmChartContainer - [test-hivemq-platform] [hivemq] [a8e6e206] INFO  - Using extension cluster discovery
2025-01-29 17:07:12,909 INFO c.h.h.t.HelmChartContainer - [test-hivemq-platform] [hivemq] [a8e6e206] INFO  - Extension "DNS Cluster Discovery Extension" version 4.3.2 started successfully.
2025-01-29 17:07:12,910 INFO c.h.h.t.HelmChartContainer - [test-hivemq-platform] [hivemq] [a8e6e206] INFO  - Starting extension with id "hivemq-prometheus-extension" at /opt/hivemq/extensions/hivemq-prometheus-extension
2025-01-29 17:07:13,997 INFO c.h.h.t.HelmChartContainer - [test-hivemq-platform] [hivemq] [a8e6e206] INFO  - Started Jetty Server exposing Prometheus Servlet on URI http://0.0.0.0:9399/
2025-01-29 17:07:13,997 INFO c.h.h.t.HelmChartContainer - [test-hivemq-platform] [hivemq] [a8e6e206] INFO  - Extension "Prometheus Monitoring Extension" version 4.0.12 started successfully.
2025-01-29 17:07:13,998 INFO c.h.h.t.HelmChartContainer - [test-hivemq-platform] [hivemq] [a8e6e206] INFO  - Starting extension with id "hivemq-allow-all-extension" at /opt/hivemq/extensions/hivemq-allow-all-extension
2025-01-29 17:07:13,998 INFO c.h.h.t.HelmChartContainer - [test-hivemq-platform] [hivemq] [a8e6e206] WARN  - 
2025-01-29 17:07:13,998 INFO c.h.h.t.HelmChartContainer - [test-hivemq-platform] [hivemq] [a8e6e206] ################################################################################################################
2025-01-29 17:07:13,998 INFO c.h.h.t.HelmChartContainer - [test-hivemq-platform] [hivemq] [a8e6e206] # This HiveMQ deployment is not secure! You are lacking Authentication and Authorization.                      #
2025-01-29 17:07:13,998 INFO c.h.h.t.HelmChartContainer - [test-hivemq-platform] [hivemq] [a8e6e206] # Right now any MQTT client can connect to the broker with a full set of permissions.                          #
2025-01-29 17:07:13,998 INFO c.h.h.t.HelmChartContainer - [test-hivemq-platform] [hivemq] [a8e6e206] # For production usage, add an appropriate security extension and remove the hivemq-allow-all extension.       #
2025-01-29 17:07:13,998 INFO c.h.h.t.HelmChartContainer - [test-hivemq-platform] [hivemq] [a8e6e206] # You can download security extensions from the HiveMQ Marketplace (https://www.hivemq.com/extensions/).       #
2025-01-29 17:07:13,999 INFO c.h.h.t.HelmChartContainer - [test-hivemq-platform] [hivemq] [a8e6e206] ################################################################################################################
2025-01-29 17:07:13,999 INFO c.h.h.t.HelmChartContainer - [test-hivemq-platform] [hivemq] [a8e6e206] INFO  - Extension "Allow All Extension" version 1.1.1 started successfully.
2025-01-29 17:07:15,331 INFO c.h.h.t.HelmChartContainer - [hivemq-test-hivemq-platform] [hivemq-platform-operator] [300fbfae] 17:07:15.329 [pool-6-thread-8] DEBUG c.h.p.o.d.PlatformServiceResource - [helmmoni] Desired Platform services (3 services)
2025-01-29 17:07:15,332 INFO c.h.h.t.HelmChartContainer - [hivemq-test-hivemq-platform] [hivemq-platform-operator] [300fbfae] 17:07:15.329 [pool-6-thread-1] DEBUG c.h.p.o.d.PodServiceAccountResource - [helmmoni] Desired PodServiceAccountResource (serviceAccountName: hivemq-platform-pod-test-hivemq-platform)
2025-01-29 17:07:15,332 INFO c.h.h.t.HelmChartContainer - [hivemq-test-hivemq-platform] [hivemq-platform-operator] [300fbfae] 17:07:15.330 [pool-6-thread-9] DEBUG c.h.p.o.dependants.PodInfoConfigMap - [helmmoni] Desired PodInfo ConfigMap (1 extensions) (1 enabled)
2025-01-29 17:07:15,332 INFO c.h.h.t.HelmChartContainer - [hivemq-test-hivemq-platform] [hivemq-platform-operator] [300fbfae] 17:07:15.330 [pool-6-thread-9] DEBUG c.h.p.o.dependants.PodInfoConfigMap - [helmmoni] Desired PodInfo ConfigMap (metrics port: 9399) (metrics path: /)
2025-01-29 17:07:15,332 INFO c.h.h.t.HelmChartContainer - [hivemq-test-hivemq-platform] [hivemq-platform-operator] [300fbfae] 17:07:15.330 [pool-6-thread-9] DEBUG c.h.p.o.dependants.PodInfoConfigMap - [helmmoni] Desired PodInfo ConfigMap (extension state hash: -1817474005)
2025-01-29 17:07:15,337 INFO c.h.h.t.HelmChartContainer - [hivemq-test-hivemq-platform] [hivemq-platform-operator] [300fbfae] 17:07:15.334 [pool-6-thread-8] DEBUG c.h.p.o.d.StatefulSetResource - [helmmoni] Desired StatefulSet (2 replicas) for status STARTING (READY)
2025-01-29 17:07:15,339 INFO c.h.h.t.HelmChartContainer - [hivemq-test-hivemq-platform] [hivemq-platform-operator] [300fbfae] 17:07:15.338 [ReconcilerExecutor-hivemq-controller-113] INFO  c.h.p.o.HiveMQPlatformReconciler - [helmmoni] Reconciling HiveMQ Platform 'test-hivemq-platform' in namespace 'helmmonitoringplatformit'
2025-01-29 17:07:15,340 INFO c.h.h.t.HelmChartContainer - [hivemq-test-hivemq-platform] [hivemq-platform-operator] [300fbfae] 17:07:15.338 [ReconcilerExecutor-hivemq-controller-113] DEBUG c.h.p.o.HiveMQPlatformReconciler - [helmmoni] Custom Resource Status STARTING - HiveMQ Platform is starting (READY)
2025-01-29 17:07:15,340 INFO c.h.h.t.HelmChartContainer - [hivemq-test-hivemq-platform] [hivemq-platform-operator] [300fbfae] 17:07:15.338 [ReconcilerExecutor-hivemq-controller-113] DEBUG c.h.p.o.HiveMQPlatformReconciler - [helmmoni] Custom Resource Spec (replicas: 2) (extensions: 1)
2025-01-29 17:07:15,342 INFO c.h.h.t.HelmChartContainer - [hivemq-test-hivemq-platform] [hivemq-platform-operator] [300fbfae] 17:07:15.339 [ReconcilerExecutor-hivemq-controller-113] DEBUG c.h.p.o.HiveMQPlatformReconciler - [helmmoni] StatefulSet Status (revision: test-hivemq-platform-64db946475, replicas: 1, available: 0, ready: 0, current: 1, updated: 1)
2025-01-29 17:07:15,342 INFO c.h.h.t.HelmChartContainer - [hivemq-test-hivemq-platform] [hivemq-platform-operator] [300fbfae] 17:07:15.339 [ReconcilerExecutor-hivemq-controller-113] DEBUG c.h.p.o.HiveMQPlatformReconciler - [helmmoni] StatefulSet Spec (replicas: 2, init containers: 1, containers: 1, volumes: 3)
2025-01-29 17:07:15,342 INFO c.h.h.t.HelmChartContainer - [hivemq-test-hivemq-platform] [hivemq-platform-operator] [300fbfae] 17:07:15.340 [ReconcilerExecutor-hivemq-controller-113] DEBUG c.h.p.o.h.HiveMQPlatformReconcilerErrorHandler - [helmmoni] Pod 'test-hivemq-platform-0' phase Running
2025-01-29 17:07:15,343 INFO c.h.h.t.HelmChartContainer - [hivemq-test-hivemq-platform] [hivemq-platform-operator] [300fbfae] 17:07:15.341 [ReconcilerExecutor-hivemq-controller-113] INFO  c.h.p.o.h.HiveMQPlatformReconcilerBaseHandler - [helmmoni] HiveMQ Platform is starting, 0 of 2 replicas are ready
2025-01-29 17:07:15,697 INFO c.h.h.t.HelmChartContainer - [test-hivemq-platform] [hivemq] [a8e6e206] INFO  - [HiveMQ Platform Operator Init App 1.7.0-SNAPSHOT] Returning Health API response 503 for readiness
2025-01-29 17:07:15,702 INFO c.h.h.t.HelmChartContainer - [EVENT] Warning [Unhealthy] Readiness probe failed: HTTP probe failed with statuscode: 503 [helmmonitoringplatformit:test-hivemq-platform-0]
2025-01-29 17:07:15,702 INFO c.h.h.t.HelmChartContainer - Received Unhealthy event for container hivemq in pod test-hivemq-platform-0 [a8e6e206-4a17-4788-9955-792d38ed9b14]
2025-01-29 17:07:15,898 INFO c.h.h.t.HelmChartContainer - [test-hivemq-platform] [hivemq] [a8e6e206] INFO  - AFndn: no members discovered after 2602 ms: creating cluster as first member
2025-01-29 17:07:15,905 INFO c.h.h.t.HelmChartContainer - [test-hivemq-platform] [hivemq] [a8e6e206] INFO  - Cluster nodes found by discovery: [AFndn|0] (1) [AFndn].
2025-01-29 17:07:16,099 INFO c.h.h.t.HelmChartContainer - [test-hivemq-platform] [hivemq] [a8e6e206] WARN  - No user for HiveMQ Control Center configured. Starting with default user
2025-01-29 17:07:16,099 INFO c.h.h.t.HelmChartContainer - [test-hivemq-platform] [hivemq] [a8e6e206] INFO  - Starting HiveMQ Control Center on address 0.0.0.0 and port 8080
2025-01-29 17:07:16,110 INFO c.h.h.t.HelmChartContainer - [test-hivemq-platform] [hivemq] [a8e6e206] INFO  - Mounting HiveMQ Control Center V2 Preview
2025-01-29 17:07:16,795 INFO c.h.h.t.HelmChartContainer - [test-hivemq-platform] [hivemq] [a8e6e206] INFO  - Started HiveMQ Control Center in 637ms
2025-01-29 17:07:16,812 INFO c.h.h.t.HelmChartContainer - [test-hivemq-platform] [hivemq] [a8e6e206] INFO  - Starting TCP listener on address 0.0.0.0 and port 1883
2025-01-29 17:07:16,899 INFO c.h.h.t.HelmChartContainer - [test-hivemq-platform] [hivemq] [a8e6e206] INFO  - Started TCP Listener on address 0.0.0.0 and on port 1883.
2025-01-29 17:07:16,900 INFO c.h.h.t.HelmChartContainer - [test-hivemq-platform] [hivemq] [a8e6e206] INFO  - Started HiveMQ in 30449ms
2025-01-29 17:07:20,218 INFO c.h.h.t.HelmChartContainer - [test-hivemq-platform] [hivemq] [a8e6e206] INFO  - [HiveMQ Platform Operator Init App 1.7.0-SNAPSHOT] Returning Health API response 200 for readiness
2025-01-29 17:07:20,241 INFO c.h.h.t.HelmChartContainer - [hivemq-test-hivemq-platform] [hivemq-platform-operator] [300fbfae] 17:07:20.236 [pool-6-thread-19] DEBUG c.h.p.o.d.PlatformServiceResource - [helmmoni] Desired Platform services (3 services)
2025-01-29 17:07:20,242 INFO c.h.h.t.HelmChartContainer - [POD] test-hivemq-platform-0 [a8e6e206-4a17-4788-9955-792d38ed9b14] in helmmonitoringplatformit was MODIFIED
2025-01-29 17:07:20,251 INFO c.h.h.t.HelmChartContainer - [hivemq-test-hivemq-platform] [hivemq-platform-operator] [300fbfae] 17:07:20.240 [pool-6-thread-16] DEBUG c.h.p.o.dependants.PodInfoConfigMap - [helmmoni] Desired PodInfo ConfigMap (1 extensions) (1 enabled)
2025-01-29 17:07:20,251 INFO c.h.h.t.HelmChartContainer - [hivemq-test-hivemq-platform] [hivemq-platform-operator] [300fbfae] 17:07:20.241 [pool-6-thread-16] DEBUG c.h.p.o.dependants.PodInfoConfigMap - [helmmoni] Desired PodInfo ConfigMap (metrics port: 9399) (metrics path: /)
2025-01-29 17:07:20,251 INFO c.h.h.t.HelmChartContainer - [hivemq-test-hivemq-platform] [hivemq-platform-operator] [300fbfae] 17:07:20.241 [pool-6-thread-16] DEBUG c.h.p.o.dependants.PodInfoConfigMap - [helmmoni] Desired PodInfo ConfigMap (extension state hash: -1817474005)
2025-01-29 17:07:20,251 INFO c.h.h.t.HelmChartContainer - [hivemq-test-hivemq-platform] [hivemq-platform-operator] [300fbfae] 17:07:20.244 [pool-6-thread-16] DEBUG c.h.p.o.d.PodServiceAccountResource - [helmmoni] Desired PodServiceAccountResource (serviceAccountName: hivemq-platform-pod-test-hivemq-platform)
2025-01-29 17:07:20,257 INFO c.h.h.t.HelmChartContainer - [hivemq-test-hivemq-platform] [hivemq-platform-operator] [300fbfae] 17:07:20.255 [pool-6-thread-11] DEBUG c.h.p.o.d.StatefulSetResource - [helmmoni] Desired StatefulSet (2 replicas) for status STARTING (READY)
2025-01-29 17:07:20,260 INFO c.h.h.t.HelmChartContainer - [POD] test-hivemq-platform-1 [9a6bff7b-b533-4b62-bd68-f429ef4601ce] in helmmonitoringplatformit was ADDED
2025-01-29 17:07:20,264 INFO c.h.h.t.HelmChartContainer - [EVENT] Normal [SuccessfulCreate] create Pod test-hivemq-platform-1 in StatefulSet test-hivemq-platform successful [helmmonitoringplatformit:test-hivemq-platform]
2025-01-29 17:07:20,268 INFO c.h.h.t.HelmChartContainer - [POD] test-hivemq-platform-1 [9a6bff7b-b533-4b62-bd68-f429ef4601ce] in helmmonitoringplatformit was MODIFIED
2025-01-29 17:07:20,272 INFO c.h.h.t.HelmChartContainer - [EVENT] Normal [Scheduled] Successfully assigned helmmonitoringplatformit/test-hivemq-platform-1 to 2d154d5499dc [helmmonitoringplatformit:test-hivemq-platform-1]
2025-01-29 17:07:20,286 INFO c.h.h.t.HelmChartContainer - [POD] test-hivemq-platform-1 [9a6bff7b-b533-4b62-bd68-f429ef4601ce] in helmmonitoringplatformit was MODIFIED
2025-01-29 17:07:20,331 INFO c.h.h.t.HelmChartContainer - [hivemq-test-hivemq-platform] [hivemq-platform-operator] [300fbfae] 17:07:20.326 [ReconcilerExecutor-hivemq-controller-114] INFO  c.h.p.o.HiveMQPlatformReconciler - [helmmoni] Reconciling HiveMQ Platform 'test-hivemq-platform' in namespace 'helmmonitoringplatformit'
2025-01-29 17:07:20,331 INFO c.h.h.t.HelmChartContainer - [hivemq-test-hivemq-platform] [hivemq-platform-operator] [300fbfae] 17:07:20.327 [ReconcilerExecutor-hivemq-controller-114] DEBUG c.h.p.o.HiveMQPlatformReconciler - [helmmoni] Custom Resource Status STARTING - HiveMQ Platform is starting (READY)
2025-01-29 17:07:20,331 INFO c.h.h.t.HelmChartContainer - [hivemq-test-hivemq-platform] [hivemq-platform-operator] [300fbfae] 17:07:20.327 [ReconcilerExecutor-hivemq-controller-114] DEBUG c.h.p.o.HiveMQPlatformReconciler - [helmmoni] Custom Resource Spec (replicas: 2) (extensions: 1)
2025-01-29 17:07:20,333 INFO c.h.h.t.HelmChartContainer - [hivemq-test-hivemq-platform] [hivemq-platform-operator] [300fbfae] 17:07:20.328 [ReconcilerExecutor-hivemq-controller-114] DEBUG c.h.p.o.HiveMQPlatformReconciler - [helmmoni] StatefulSet Status (revision: test-hivemq-platform-64db946475, replicas: 2, available: 1, ready: 1, current: 2, updated: 2)
2025-01-29 17:07:20,340 INFO c.h.h.t.HelmChartContainer - [hivemq-test-hivemq-platform] [hivemq-platform-operator] [300fbfae] 17:07:20.331 [ReconcilerExecutor-hivemq-controller-114] DEBUG c.h.p.o.HiveMQPlatformReconciler - [helmmoni] StatefulSet Spec (replicas: 2, init containers: 1, containers: 1, volumes: 3)
2025-01-29 17:07:20,340 INFO c.h.h.t.HelmChartContainer - [hivemq-test-hivemq-platform] [hivemq-platform-operator] [300fbfae] 17:07:20.332 [ReconcilerExecutor-hivemq-controller-114] DEBUG c.h.p.o.h.HiveMQPlatformReconcilerErrorHandler - [helmmoni] Pod 'test-hivemq-platform-0' phase Running
2025-01-29 17:07:20,340 INFO c.h.h.t.HelmChartContainer - [hivemq-test-hivemq-platform] [hivemq-platform-operator] [300fbfae] 17:07:20.339 [ReconcilerExecutor-hivemq-controller-114] INFO  c.h.p.o.h.HiveMQPlatformReconcilerBaseHandler - [helmmoni] HiveMQ Platform is starting, 1 of 2 replicas are ready
2025-01-29 17:07:20,345 INFO c.h.h.t.HelmChartContainer - [hivemq-test-hivemq-platform] [hivemq-platform-operator] [300fbfae] 17:07:20.344 [pool-6-thread-24] DEBUG c.h.p.o.d.PlatformServiceResource - [helmmoni] Desired Platform services (3 services)
2025-01-29 17:07:20,346 INFO c.h.h.t.HelmChartContainer - [hivemq-test-hivemq-platform] [hivemq-platform-operator] [300fbfae] 17:07:20.345 [pool-6-thread-22] DEBUG c.h.p.o.d.PodServiceAccountResource - [helmmoni] Desired PodServiceAccountResource (serviceAccountName: hivemq-platform-pod-test-hivemq-platform)
2025-01-29 17:07:20,350 INFO c.h.h.t.HelmChartContainer - [hivemq-test-hivemq-platform] [hivemq-platform-operator] [300fbfae] 17:07:20.349 [pool-6-thread-29] DEBUG c.h.p.o.dependants.PodInfoConfigMap - [helmmoni] Desired PodInfo ConfigMap (1 extensions) (1 enabled)
2025-01-29 17:07:20,350 INFO c.h.h.t.HelmChartContainer - [hivemq-test-hivemq-platform] [hivemq-platform-operator] [300fbfae] 17:07:20.349 [pool-6-thread-29] DEBUG c.h.p.o.dependants.PodInfoConfigMap - [helmmoni] Desired PodInfo ConfigMap (metrics port: 9399) (metrics path: /)
2025-01-29 17:07:20,350 INFO c.h.h.t.HelmChartContainer - [hivemq-test-hivemq-platform] [hivemq-platform-operator] [300fbfae] 17:07:20.349 [pool-6-thread-29] DEBUG c.h.p.o.dependants.PodInfoConfigMap - [helmmoni] Desired PodInfo ConfigMap (extension state hash: -1817474005)
2025-01-29 17:07:20,405 INFO c.h.h.t.HelmChartContainer - [K3S] [reconciler_common.go:251] "operationExecutor.VerifyControllerAttachedVolume started for volume \"broker-configuration\" (UniqueName: \"kubernetes.io/configmap/9a6bff7b-b533-4b62-bd68-f429ef4601ce-broker-configuration\") pod \"test-hivemq-platform-1\" (UID: \"9a6bff7b-b533-4b62-bd68-f429ef4601ce\") " pod="helmmonitoringplatformit/test-hivemq-platform-1"
2025-01-29 17:07:20,405 INFO c.h.h.t.HelmChartContainer - [K3S] [reconciler_common.go:251] "operationExecutor.VerifyControllerAttachedVolume started for volume \"operator-init\" (UniqueName: \"kubernetes.io/empty-dir/9a6bff7b-b533-4b62-bd68-f429ef4601ce-operator-init\") pod \"test-hivemq-platform-1\" (UID: \"9a6bff7b-b533-4b62-bd68-f429ef4601ce\") " pod="helmmonitoringplatformit/test-hivemq-platform-1"
2025-01-29 17:07:20,405 INFO c.h.h.t.HelmChartContainer - [K3S] [reconciler_common.go:251] "operationExecutor.VerifyControllerAttachedVolume started for volume \"kube-api-access-g75f2\" (UniqueName: \"kubernetes.io/projected/9a6bff7b-b533-4b62-bd68-f429ef4601ce-kube-api-access-g75f2\") pod \"test-hivemq-platform-1\" (UID: \"9a6bff7b-b533-4b62-bd68-f429ef4601ce\") " pod="helmmonitoringplatformit/test-hivemq-platform-1"
2025-01-29 17:07:20,406 INFO c.h.h.t.HelmChartContainer - [K3S] [reconciler_common.go:251] "operationExecutor.VerifyControllerAttachedVolume started for volume \"pod-info\" (UniqueName: \"kubernetes.io/configmap/9a6bff7b-b533-4b62-bd68-f429ef4601ce-pod-info\") pod \"test-hivemq-platform-1\" (UID: \"9a6bff7b-b533-4b62-bd68-f429ef4601ce\") " pod="helmmonitoringplatformit/test-hivemq-platform-1"
2025-01-29 17:07:20,425 INFO c.h.h.t.HelmChartContainer - [hivemq-test-hivemq-platform] [hivemq-platform-operator] [300fbfae] 17:07:20.423 [pool-6-thread-24] DEBUG c.h.p.o.d.StatefulSetResource - [helmmoni] Desired StatefulSet (2 replicas) for status STARTING (READY)
2025-01-29 17:07:20,427 INFO c.h.h.t.HelmChartContainer - [hivemq-test-hivemq-platform] [hivemq-platform-operator] [300fbfae] 17:07:20.426 [ReconcilerExecutor-hivemq-controller-115] INFO  c.h.p.o.HiveMQPlatformReconciler - [helmmoni] Reconciling HiveMQ Platform 'test-hivemq-platform' in namespace 'helmmonitoringplatformit'
2025-01-29 17:07:20,429 INFO c.h.h.t.HelmChartContainer - [hivemq-test-hivemq-platform] [hivemq-platform-operator] [300fbfae] 17:07:20.426 [ReconcilerExecutor-hivemq-controller-115] DEBUG c.h.p.o.HiveMQPlatformReconciler - [helmmoni] Custom Resource Status STARTING - HiveMQ Platform is starting (READY)
2025-01-29 17:07:20,429 INFO c.h.h.t.HelmChartContainer - [hivemq-test-hivemq-platform] [hivemq-platform-operator] [300fbfae] 17:07:20.426 [ReconcilerExecutor-hivemq-controller-115] DEBUG c.h.p.o.HiveMQPlatformReconciler - [helmmoni] Custom Resource Spec (replicas: 2) (extensions: 1)
2025-01-29 17:07:20,430 INFO c.h.h.t.HelmChartContainer - [hivemq-test-hivemq-platform] [hivemq-platform-operator] [300fbfae] 17:07:20.429 [ReconcilerExecutor-hivemq-controller-115] DEBUG c.h.p.o.HiveMQPlatformReconciler - [helmmoni] StatefulSet Status (revision: test-hivemq-platform-64db946475, replicas: 2, available: 1, ready: 1, current: 2, updated: 2)
2025-01-29 17:07:20,430 INFO c.h.h.t.HelmChartContainer - [hivemq-test-hivemq-platform] [hivemq-platform-operator] [300fbfae] 17:07:20.429 [ReconcilerExecutor-hivemq-controller-115] DEBUG c.h.p.o.HiveMQPlatformReconciler - [helmmoni] StatefulSet Spec (replicas: 2, init containers: 1, containers: 1, volumes: 3)
2025-01-29 17:07:20,432 INFO c.h.h.t.HelmChartContainer - [hivemq-test-hivemq-platform] [hivemq-platform-operator] [300fbfae] 17:07:20.430 [ReconcilerExecutor-hivemq-controller-115] DEBUG c.h.p.o.h.HiveMQPlatformReconcilerErrorHandler - [helmmoni] Pod 'test-hivemq-platform-1' phase Pending
2025-01-29 17:07:20,432 INFO c.h.h.t.HelmChartContainer - [hivemq-test-hivemq-platform] [hivemq-platform-operator] [300fbfae] 17:07:20.431 [ReconcilerExecutor-hivemq-controller-115] DEBUG c.h.p.o.h.HiveMQPlatformReconcilerErrorHandler - [helmmoni] Pod 'test-hivemq-platform-1' condition 'PodReadyToStartContainers': False
2025-01-29 17:07:20,432 INFO c.h.h.t.HelmChartContainer - [hivemq-test-hivemq-platform] [hivemq-platform-operator] [300fbfae] 17:07:20.431 [ReconcilerExecutor-hivemq-controller-115] DEBUG c.h.p.o.h.HiveMQPlatformReconcilerErrorHandler - [helmmoni] Pod 'test-hivemq-platform-1' condition 'Initialized': False
2025-01-29 17:07:20,432 INFO c.h.h.t.HelmChartContainer - [hivemq-test-hivemq-platform] [hivemq-platform-operator] [300fbfae] 17:07:20.431 [ReconcilerExecutor-hivemq-controller-115] DEBUG c.h.p.o.h.HiveMQPlatformReconcilerErrorHandler - [helmmoni] Pod 'test-hivemq-platform-1' condition 'Ready': False
2025-01-29 17:07:20,432 INFO c.h.h.t.HelmChartContainer - [hivemq-test-hivemq-platform] [hivemq-platform-operator] [300fbfae] 17:07:20.431 [ReconcilerExecutor-hivemq-controller-115] DEBUG c.h.p.o.h.HiveMQPlatformReconcilerErrorHandler - [helmmoni] Pod 'test-hivemq-platform-1' condition 'ContainersReady': False
2025-01-29 17:07:20,432 INFO c.h.h.t.HelmChartContainer - [hivemq-test-hivemq-platform] [hivemq-platform-operator] [300fbfae] 17:07:20.431 [ReconcilerExecutor-hivemq-controller-115] DEBUG c.h.p.o.h.HiveMQPlatformReconcilerErrorHandler - [helmmoni] Pod 'test-hivemq-platform-1' condition 'PodScheduled': True
2025-01-29 17:07:20,432 INFO c.h.h.t.HelmChartContainer - [hivemq-test-hivemq-platform] [hivemq-platform-operator] [300fbfae] 17:07:20.431 [ReconcilerExecutor-hivemq-controller-115] DEBUG c.h.p.o.h.HiveMQPlatformReconcilerErrorHandler - [helmmoni] Pod 'test-hivemq-platform-1' containerStatus 'hivemq' (started: false) (ready: false) (waiting: [PodInitializing] null)
2025-01-29 17:07:20,434 INFO c.h.h.t.HelmChartContainer - [hivemq-test-hivemq-platform] [hivemq-platform-operator] [300fbfae] 17:07:20.433 [ReconcilerExecutor-hivemq-controller-115] DEBUG c.h.p.o.h.HiveMQPlatformReconcilerErrorHandler - [helmmoni] Pod 'test-hivemq-platform-0' phase Running
2025-01-29 17:07:20,435 INFO c.h.h.t.HelmChartContainer - [hivemq-test-hivemq-platform] [hivemq-platform-operator] [300fbfae] 17:07:20.434 [ReconcilerExecutor-hivemq-controller-115] INFO  c.h.p.o.h.HiveMQPlatformReconcilerBaseHandler - [helmmoni] HiveMQ Platform is starting, 1 of 2 replicas are ready
2025-01-29 17:07:20,438 INFO c.h.h.t.HelmChartContainer - [hivemq-test-hivemq-platform] [hivemq-platform-operator] [300fbfae] 17:07:20.437 [pool-6-thread-37] DEBUG c.h.p.o.d.PlatformServiceResource - [helmmoni] Desired Platform services (3 services)
2025-01-29 17:07:20,438 INFO c.h.h.t.HelmChartContainer - [hivemq-test-hivemq-platform] [hivemq-platform-operator] [300fbfae] 17:07:20.437 [pool-6-thread-35] DEBUG c.h.p.o.dependants.PodInfoConfigMap - [helmmoni] Desired PodInfo ConfigMap (1 extensions) (1 enabled)
2025-01-29 17:07:20,440 INFO c.h.h.t.HelmChartContainer - [hivemq-test-hivemq-platform] [hivemq-platform-operator] [300fbfae] 17:07:20.438 [pool-6-thread-35] DEBUG c.h.p.o.dependants.PodInfoConfigMap - [helmmoni] Desired PodInfo ConfigMap (metrics port: 9399) (metrics path: /)
2025-01-29 17:07:20,440 INFO c.h.h.t.HelmChartContainer - [hivemq-test-hivemq-platform] [hivemq-platform-operator] [300fbfae] 17:07:20.438 [pool-6-thread-35] DEBUG c.h.p.o.dependants.PodInfoConfigMap - [helmmoni] Desired PodInfo ConfigMap (extension state hash: -1817474005)
2025-01-29 17:07:20,441 INFO c.h.h.t.HelmChartContainer - [hivemq-test-hivemq-platform] [hivemq-platform-operator] [300fbfae] 17:07:20.440 [pool-6-thread-31] DEBUG c.h.p.o.d.PodServiceAccountResource - [helmmoni] Desired PodServiceAccountResource (serviceAccountName: hivemq-platform-pod-test-hivemq-platform)
2025-01-29 17:07:20,525 INFO c.h.h.t.HelmChartContainer - [hivemq-test-hivemq-platform] [hivemq-platform-operator] [300fbfae] 17:07:20.524 [pool-6-thread-37] DEBUG c.h.p.o.d.StatefulSetResource - [helmmoni] Desired StatefulSet (2 replicas) for status STARTING (READY)
2025-01-29 17:07:20,529 INFO c.h.h.t.HelmChartContainer - [hivemq-test-hivemq-platform] [hivemq-platform-operator] [300fbfae] 17:07:20.527 [ReconcilerExecutor-hivemq-controller-116] INFO  c.h.p.o.HiveMQPlatformReconciler - [helmmoni] Reconciling HiveMQ Platform 'test-hivemq-platform' in namespace 'helmmonitoringplatformit'
2025-01-29 17:07:20,529 INFO c.h.h.t.HelmChartContainer - [hivemq-test-hivemq-platform] [hivemq-platform-operator] [300fbfae] 17:07:20.527 [ReconcilerExecutor-hivemq-controller-116] DEBUG c.h.p.o.HiveMQPlatformReconciler - [helmmoni] Custom Resource Status STARTING - HiveMQ Platform is starting (READY)
2025-01-29 17:07:20,530 INFO c.h.h.t.HelmChartContainer - [hivemq-test-hivemq-platform] [hivemq-platform-operator] [300fbfae] 17:07:20.527 [ReconcilerExecutor-hivemq-controller-116] DEBUG c.h.p.o.HiveMQPlatformReconciler - [helmmoni] Custom Resource Spec (replicas: 2) (extensions: 1)
2025-01-29 17:07:20,531 INFO c.h.h.t.HelmChartContainer - [hivemq-test-hivemq-platform] [hivemq-platform-operator] [300fbfae] 17:07:20.528 [ReconcilerExecutor-hivemq-controller-116] DEBUG c.h.p.o.HiveMQPlatformReconciler - [helmmoni] StatefulSet Status (revision: test-hivemq-platform-64db946475, replicas: 2, available: 1, ready: 1, current: 2, updated: 2)
2025-01-29 17:07:20,531 INFO c.h.h.t.HelmChartContainer - [hivemq-test-hivemq-platform] [hivemq-platform-operator] [300fbfae] 17:07:20.528 [ReconcilerExecutor-hivemq-controller-116] DEBUG c.h.p.o.HiveMQPlatformReconciler - [helmmoni] StatefulSet Spec (replicas: 2, init containers: 1, containers: 1, volumes: 3)
2025-01-29 17:07:20,536 INFO c.h.h.t.HelmChartContainer - [hivemq-test-hivemq-platform] [hivemq-platform-operator] [300fbfae] 17:07:20.535 [ReconcilerExecutor-hivemq-controller-116] DEBUG c.h.p.o.h.HiveMQPlatformReconcilerErrorHandler - [helmmoni] Pod 'test-hivemq-platform-1' phase Pending
2025-01-29 17:07:20,536 INFO c.h.h.t.HelmChartContainer - [hivemq-test-hivemq-platform] [hivemq-platform-operator] [300fbfae] 17:07:20.535 [ReconcilerExecutor-hivemq-controller-116] DEBUG c.h.p.o.h.HiveMQPlatformReconcilerErrorHandler - [helmmoni] Pod 'test-hivemq-platform-1' condition 'PodReadyToStartContainers': False
2025-01-29 17:07:20,536 INFO c.h.h.t.HelmChartContainer - [hivemq-test-hivemq-platform] [hivemq-platform-operator] [300fbfae] 17:07:20.535 [ReconcilerExecutor-hivemq-controller-116] DEBUG c.h.p.o.h.HiveMQPlatformReconcilerErrorHandler - [helmmoni] Pod 'test-hivemq-platform-1' condition 'Initialized': False
2025-01-29 17:07:20,537 INFO c.h.h.t.HelmChartContainer - [hivemq-test-hivemq-platform] [hivemq-platform-operator] [300fbfae] 17:07:20.535 [ReconcilerExecutor-hivemq-controller-116] DEBUG c.h.p.o.h.HiveMQPlatformReconcilerErrorHandler - [helmmoni] Pod 'test-hivemq-platform-1' condition 'Ready': False
2025-01-29 17:07:20,622 INFO c.h.h.t.HelmChartContainer - [hivemq-test-hivemq-platform] [hivemq-platform-operator] [300fbfae] 17:07:20.536 [ReconcilerExecutor-hivemq-controller-116] DEBUG c.h.p.o.h.HiveMQPlatformReconcilerErrorHandler - [helmmoni] Pod 'test-hivemq-platform-1' condition 'ContainersReady': False
2025-01-29 17:07:20,623 INFO c.h.h.t.HelmChartContainer - [hivemq-test-hivemq-platform] [hivemq-platform-operator] [300fbfae] 17:07:20.620 [ReconcilerExecutor-hivemq-controller-116] DEBUG c.h.p.o.h.HiveMQPlatformReconcilerErrorHandler - [helmmoni] Pod 'test-hivemq-platform-1' condition 'PodScheduled': True
2025-01-29 17:07:20,623 INFO c.h.h.t.HelmChartContainer - [hivemq-test-hivemq-platform] [hivemq-platform-operator] [300fbfae] 17:07:20.620 [ReconcilerExecutor-hivemq-controller-116] DEBUG c.h.p.o.h.HiveMQPlatformReconcilerErrorHandler - [helmmoni] Pod 'test-hivemq-platform-1' containerStatus 'hivemq' (started: false) (ready: false) (waiting: [PodInitializing] null)
2025-01-29 17:07:20,623 INFO c.h.h.t.HelmChartContainer - [hivemq-test-hivemq-platform] [hivemq-platform-operator] [300fbfae] 17:07:20.622 [ReconcilerExecutor-hivemq-controller-116] DEBUG c.h.p.o.h.HiveMQPlatformReconcilerErrorHandler - [helmmoni] Pod 'test-hivemq-platform-0' phase Running
2025-01-29 17:07:20,624 INFO c.h.h.t.HelmChartContainer - [hivemq-test-hivemq-platform] [hivemq-platform-operator] [300fbfae] 17:07:20.623 [ReconcilerExecutor-hivemq-controller-116] INFO  c.h.p.o.h.HiveMQPlatformReconcilerBaseHandler - [helmmoni] HiveMQ Platform is starting, 1 of 2 replicas are ready
2025-01-29 17:07:20,660 INFO c.h.h.t.HelmChartContainer - [EVENT] Normal [Pulled] Container image "docker.io/hivemq/hivemq-platform-operator-init-test:snapshot" already present on machine [helmmonitoringplatformit:test-hivemq-platform-1]
2025-01-29 17:07:20,666 INFO c.h.h.t.HelmChartContainer - [EVENT] Normal [Created] Created container: hivemq-platform-operator-init [helmmonitoringplatformit:test-hivemq-platform-1]
2025-01-29 17:07:20,709 INFO c.h.h.t.HelmChartContainer - [EVENT] Normal [Started] Started container hivemq-platform-operator-init [helmmonitoringplatformit:test-hivemq-platform-1]
2025-01-29 17:07:21,696 INFO c.h.h.t.HelmChartContainer - [EVENT] Normal [Pulled] Container image "docker.io/hivemq/hivemq4:4.36.0" already present on machine [helmmonitoringplatformit:test-hivemq-platform-1]
2025-01-29 17:07:21,696 INFO c.h.h.t.HelmChartContainer - Received Pulled event for container hivemq in pod test-hivemq-platform-1 [9a6bff7b-b533-4b62-bd68-f429ef4601ce]
2025-01-29 17:07:21,702 INFO c.h.h.t.HelmChartContainer - [POD] test-hivemq-platform-1 [9a6bff7b-b533-4b62-bd68-f429ef4601ce] in helmmonitoringplatformit was MODIFIED
2025-01-29 17:07:21,707 INFO c.h.h.t.HelmChartContainer - [EVENT] Normal [Created] Created container: hivemq [helmmonitoringplatformit:test-hivemq-platform-1]
2025-01-29 17:07:21,707 INFO c.h.h.t.HelmChartContainer - Received Created event for container hivemq in pod test-hivemq-platform-1 [9a6bff7b-b533-4b62-bd68-f429ef4601ce]
2025-01-29 17:07:21,734 INFO c.h.h.t.HelmChartContainer - [hivemq-test-hivemq-platform] [hivemq-platform-operator] [300fbfae] 17:07:21.716 [pool-6-thread-49] DEBUG c.h.p.o.d.PlatformServiceResource - [helmmoni] Desired Platform services (3 services)
2025-01-29 17:07:21,734 INFO c.h.h.t.HelmChartContainer - [hivemq-test-hivemq-platform] [hivemq-platform-operator] [300fbfae] 17:07:21.717 [pool-6-thread-48] DEBUG c.h.p.o.d.PodServiceAccountResource - [helmmoni] Desired PodServiceAccountResource (serviceAccountName: hivemq-platform-pod-test-hivemq-platform)
2025-01-29 17:07:21,734 INFO c.h.h.t.HelmChartContainer - [hivemq-test-hivemq-platform] [hivemq-platform-operator] [300fbfae] 17:07:21.719 [pool-6-thread-45] DEBUG c.h.p.o.dependants.PodInfoConfigMap - [helmmoni] Desired PodInfo ConfigMap (1 extensions) (1 enabled)
2025-01-29 17:07:21,734 INFO c.h.h.t.HelmChartContainer - [hivemq-test-hivemq-platform] [hivemq-platform-operator] [300fbfae] 17:07:21.719 [pool-6-thread-45] DEBUG c.h.p.o.dependants.PodInfoConfigMap - [helmmoni] Desired PodInfo ConfigMap (metrics port: 9399) (metrics path: /)
2025-01-29 17:07:21,734 INFO c.h.h.t.HelmChartContainer - [hivemq-test-hivemq-platform] [hivemq-platform-operator] [300fbfae] 17:07:21.719 [pool-6-thread-45] DEBUG c.h.p.o.dependants.PodInfoConfigMap - [helmmoni] Desired PodInfo ConfigMap (extension state hash: -1817474005)
2025-01-29 17:07:21,735 INFO c.h.h.t.HelmChartContainer - [hivemq-test-hivemq-platform] [hivemq-platform-operator] [300fbfae] 17:07:21.724 [pool-6-thread-49] DEBUG c.h.p.o.d.StatefulSetResource - [helmmoni] Desired StatefulSet (2 replicas) for status STARTING (READY)
2025-01-29 17:07:21,735 INFO c.h.h.t.HelmChartContainer - [hivemq-test-hivemq-platform] [hivemq-platform-operator] [300fbfae] 17:07:21.729 [ReconcilerExecutor-hivemq-controller-117] INFO  c.h.p.o.HiveMQPlatformReconciler - [helmmoni] Reconciling HiveMQ Platform 'test-hivemq-platform' in namespace 'helmmonitoringplatformit'
2025-01-29 17:07:21,739 INFO c.h.h.t.HelmChartContainer - [hivemq-test-hivemq-platform] [hivemq-platform-operator] [300fbfae] 17:07:21.729 [ReconcilerExecutor-hivemq-controller-117] DEBUG c.h.p.o.HiveMQPlatformReconciler - [helmmoni] Custom Resource Status STARTING - HiveMQ Platform is starting (READY)
2025-01-29 17:07:21,739 INFO c.h.h.t.HelmChartContainer - [hivemq-test-hivemq-platform] [hivemq-platform-operator] [300fbfae] 17:07:21.729 [ReconcilerExecutor-hivemq-controller-117] DEBUG c.h.p.o.HiveMQPlatformReconciler - [helmmoni] Custom Resource Spec (replicas: 2) (extensions: 1)
2025-01-29 17:07:21,739 INFO c.h.h.t.HelmChartContainer - [hivemq-test-hivemq-platform] [hivemq-platform-operator] [300fbfae] 17:07:21.730 [ReconcilerExecutor-hivemq-controller-117] DEBUG c.h.p.o.HiveMQPlatformReconciler - [helmmoni] StatefulSet Status (revision: test-hivemq-platform-64db946475, replicas: 2, available: 1, ready: 1, current: 2, updated: 2)
2025-01-29 17:07:21,739 INFO c.h.h.t.HelmChartContainer - [hivemq-test-hivemq-platform] [hivemq-platform-operator] [300fbfae] 17:07:21.730 [ReconcilerExecutor-hivemq-controller-117] DEBUG c.h.p.o.HiveMQPlatformReconciler - [helmmoni] StatefulSet Spec (replicas: 2, init containers: 1, containers: 1, volumes: 3)
2025-01-29 17:07:21,739 INFO c.h.h.t.HelmChartContainer - [hivemq-test-hivemq-platform] [hivemq-platform-operator] [300fbfae] 17:07:21.731 [ReconcilerExecutor-hivemq-controller-117] DEBUG c.h.p.o.h.HiveMQPlatformReconcilerErrorHandler - [helmmoni] Pod 'test-hivemq-platform-1' phase Pending
2025-01-29 17:07:21,739 INFO c.h.h.t.HelmChartContainer - [hivemq-test-hivemq-platform] [hivemq-platform-operator] [300fbfae] 17:07:21.732 [ReconcilerExecutor-hivemq-controller-117] DEBUG c.h.p.o.h.HiveMQPlatformReconcilerErrorHandler - [helmmoni] Pod 'test-hivemq-platform-1' condition 'PodReadyToStartContainers': True
2025-01-29 17:07:21,739 INFO c.h.h.t.HelmChartContainer - [hivemq-test-hivemq-platform] [hivemq-platform-operator] [300fbfae] 17:07:21.732 [ReconcilerExecutor-hivemq-controller-117] DEBUG c.h.p.o.h.HiveMQPlatformReconcilerErrorHandler - [helmmoni] Pod 'test-hivemq-platform-1' condition 'Initialized': True
2025-01-29 17:07:21,739 INFO c.h.h.t.HelmChartContainer - [hivemq-test-hivemq-platform] [hivemq-platform-operator] [300fbfae] 17:07:21.732 [ReconcilerExecutor-hivemq-controller-117] DEBUG c.h.p.o.h.HiveMQPlatformReconcilerErrorHandler - [helmmoni] Pod 'test-hivemq-platform-1' condition 'Ready': False
2025-01-29 17:07:21,739 INFO c.h.h.t.HelmChartContainer - [hivemq-test-hivemq-platform] [hivemq-platform-operator] [300fbfae] 17:07:21.732 [ReconcilerExecutor-hivemq-controller-117] DEBUG c.h.p.o.h.HiveMQPlatformReconcilerErrorHandler - [helmmoni] Pod 'test-hivemq-platform-1' condition 'ContainersReady': False
2025-01-29 17:07:21,739 INFO c.h.h.t.HelmChartContainer - [hivemq-test-hivemq-platform] [hivemq-platform-operator] [300fbfae] 17:07:21.732 [ReconcilerExecutor-hivemq-controller-117] DEBUG c.h.p.o.h.HiveMQPlatformReconcilerErrorHandler - [helmmoni] Pod 'test-hivemq-platform-1' condition 'PodScheduled': True
2025-01-29 17:07:21,739 INFO c.h.h.t.HelmChartContainer - [hivemq-test-hivemq-platform] [hivemq-platform-operator] [300fbfae] 17:07:21.732 [ReconcilerExecutor-hivemq-controller-117] DEBUG c.h.p.o.h.HiveMQPlatformReconcilerErrorHandler - [helmmoni] Pod 'test-hivemq-platform-1' containerStatus 'hivemq' (started: false) (ready: false) (waiting: [PodInitializing] null)
2025-01-29 17:07:21,739 INFO c.h.h.t.HelmChartContainer - [hivemq-test-hivemq-platform] [hivemq-platform-operator] [300fbfae] 17:07:21.733 [ReconcilerExecutor-hivemq-controller-117] DEBUG c.h.p.o.h.HiveMQPlatformReconcilerErrorHandler - [helmmoni] Pod 'test-hivemq-platform-0' phase Running
2025-01-29 17:07:21,739 INFO c.h.h.t.HelmChartContainer - [hivemq-test-hivemq-platform] [hivemq-platform-operator] [300fbfae] 17:07:21.733 [ReconcilerExecutor-hivemq-controller-117] INFO  c.h.p.o.h.HiveMQPlatformReconcilerBaseHandler - [helmmoni] HiveMQ Platform is starting, 1 of 2 replicas are ready
2025-01-29 17:07:22,706 INFO c.h.h.t.HelmChartContainer - [POD] test-hivemq-platform-1 [9a6bff7b-b533-4b62-bd68-f429ef4601ce] in helmmonitoringplatformit was MODIFIED
2025-01-29 17:07:22,712 INFO c.h.h.t.HelmChartContainer - [hivemq-test-hivemq-platform] [hivemq-platform-operator] [300fbfae] 17:07:22.710 [pool-6-thread-1] DEBUG c.h.p.o.d.PlatformServiceResource - [helmmoni] Desired Platform services (3 services)
2025-01-29 17:07:22,712 INFO c.h.h.t.HelmChartContainer - [hivemq-test-hivemq-platform] [hivemq-platform-operator] [300fbfae] 17:07:22.711 [pool-6-thread-3] DEBUG c.h.p.o.dependants.PodInfoConfigMap - [helmmoni] Desired PodInfo ConfigMap (1 extensions) (1 enabled)
2025-01-29 17:07:22,715 INFO c.h.h.t.HelmChartContainer - [hivemq-test-hivemq-platform] [hivemq-platform-operator] [300fbfae] 17:07:22.712 [pool-6-thread-3] DEBUG c.h.p.o.dependants.PodInfoConfigMap - [helmmoni] Desired PodInfo ConfigMap (metrics port: 9399) (metrics path: /)
2025-01-29 17:07:22,715 INFO c.h.h.t.HelmChartContainer - [hivemq-test-hivemq-platform] [hivemq-platform-operator] [300fbfae] 17:07:22.712 [pool-6-thread-3] DEBUG c.h.p.o.dependants.PodInfoConfigMap - [helmmoni] Desired PodInfo ConfigMap (extension state hash: -1817474005)
2025-01-29 17:07:22,716 INFO c.h.h.t.HelmChartContainer - [EVENT] Normal [Started] Started container hivemq [helmmonitoringplatformit:test-hivemq-platform-1]
2025-01-29 17:07:22,716 INFO c.h.h.t.HelmChartContainer - Received Started event for container hivemq in pod test-hivemq-platform-1 [9a6bff7b-b533-4b62-bd68-f429ef4601ce]
2025-01-29 17:07:22,716 INFO c.h.h.t.HelmChartContainer - Started log watcher for hivemq in pod test-hivemq-platform-1 [9a6bff7b-b533-4b62-bd68-f429ef4601ce]
2025-01-29 17:07:22,717 INFO c.h.h.t.HelmChartContainer - [test-hivemq-platform] [hivemq] [9a6bff7b] Adding pre-installed HiveMQ Platform Operator extensions
2025-01-29 17:07:22,717 INFO c.h.h.t.HelmChartContainer - [test-hivemq-platform] [hivemq] [9a6bff7b] Running as user 10000
2025-01-29 17:07:22,717 INFO c.h.h.t.HelmChartContainer - [test-hivemq-platform] [hivemq] [9a6bff7b] Starting HiveMQ Platform Operator Init
2025-01-29 17:07:22,717 INFO c.h.h.t.HelmChartContainer - [hivemq-test-hivemq-platform] [hivemq-platform-operator] [300fbfae] 17:07:22.712 [pool-6-thread-2] DEBUG c.h.p.o.d.PodServiceAccountResource - [helmmoni] Desired PodServiceAccountResource (serviceAccountName: hivemq-platform-pod-test-hivemq-platform)
2025-01-29 17:07:22,720 INFO c.h.h.t.HelmChartContainer - [hivemq-test-hivemq-platform] [hivemq-platform-operator] [300fbfae] 17:07:22.719 [pool-6-thread-4] DEBUG c.h.p.o.d.StatefulSetResource - [helmmoni] Desired StatefulSet (2 replicas) for status STARTING (READY)
2025-01-29 17:07:22,729 INFO c.h.h.t.HelmChartContainer - [hivemq-test-hivemq-platform] [hivemq-platform-operator] [300fbfae] 17:07:22.727 [ReconcilerExecutor-hivemq-controller-118] INFO  c.h.p.o.HiveMQPlatformReconciler - [helmmoni] Reconciling HiveMQ Platform 'test-hivemq-platform' in namespace 'helmmonitoringplatformit'
2025-01-29 17:07:22,732 INFO c.h.h.t.HelmChartContainer - [hivemq-test-hivemq-platform] [hivemq-platform-operator] [300fbfae] 17:07:22.727 [ReconcilerExecutor-hivemq-controller-118] DEBUG c.h.p.o.HiveMQPlatformReconciler - [helmmoni] Custom Resource Status STARTING - HiveMQ Platform is starting (READY)
2025-01-29 17:07:22,733 INFO c.h.h.t.HelmChartContainer - [hivemq-test-hivemq-platform] [hivemq-platform-operator] [300fbfae] 17:07:22.729 [ReconcilerExecutor-hivemq-controller-118] DEBUG c.h.p.o.HiveMQPlatformReconciler - [helmmoni] Custom Resource Spec (replicas: 2) (extensions: 1)
2025-01-29 17:07:22,733 INFO c.h.h.t.HelmChartContainer - [hivemq-test-hivemq-platform] [hivemq-platform-operator] [300fbfae] 17:07:22.733 [ReconcilerExecutor-hivemq-controller-118] DEBUG c.h.p.o.HiveMQPlatformReconciler - [helmmoni] StatefulSet Status (revision: test-hivemq-platform-64db946475, replicas: 2, available: 1, ready: 1, current: 2, updated: 2)
2025-01-29 17:07:22,738 INFO c.h.h.t.HelmChartContainer - [hivemq-test-hivemq-platform] [hivemq-platform-operator] [300fbfae] 17:07:22.734 [ReconcilerExecutor-hivemq-controller-118] DEBUG c.h.p.o.HiveMQPlatformReconciler - [helmmoni] StatefulSet Spec (replicas: 2, init containers: 1, containers: 1, volumes: 3)
2025-01-29 17:07:22,740 INFO c.h.h.t.HelmChartContainer - [hivemq-test-hivemq-platform] [hivemq-platform-operator] [300fbfae] 17:07:22.738 [ReconcilerExecutor-hivemq-controller-118] DEBUG c.h.p.o.h.HiveMQPlatformReconcilerErrorHandler - [helmmoni] Pod 'test-hivemq-platform-1' phase Running
2025-01-29 17:07:22,740 INFO c.h.h.t.HelmChartContainer - [hivemq-test-hivemq-platform] [hivemq-platform-operator] [300fbfae] 17:07:22.739 [ReconcilerExecutor-hivemq-controller-118] DEBUG c.h.p.o.h.HiveMQPlatformReconcilerErrorHandler - [helmmoni] Pod 'test-hivemq-platform-0' phase Running
2025-01-29 17:07:22,741 INFO c.h.h.t.HelmChartContainer - [hivemq-test-hivemq-platform] [hivemq-platform-operator] [300fbfae] 17:07:22.740 [ReconcilerExecutor-hivemq-controller-118] INFO  c.h.p.o.h.HiveMQPlatformReconcilerBaseHandler - [helmmoni] HiveMQ Platform is starting, 1 of 2 replicas are ready
2025-01-29 17:07:23,031 INFO c.h.h.t.HelmChartContainer - [test-hivemq-platform] [hivemq] [9a6bff7b] INFO  - [HiveMQ Platform Operator Init 1.7.0-SNAPSHOT] HiveMQ Platform Operator Init 1.7.0-SNAPSHOT (commit: 8465ebf on branch: HEAD) built on Wed Jan 29 16:56:31 UTC 2025
2025-01-29 17:07:24,154 INFO c.h.h.t.HelmChartContainer - [test-hivemq-platform] [hivemq] [9a6bff7b] INFO  - [HiveMQ Platform Operator Init App 1.7.0-SNAPSHOT] Using bind address 10.42.0.18 from environment variable
2025-01-29 17:07:25,056 INFO c.h.h.t.HelmChartContainer - [test-hivemq-platform] [hivemq] [9a6bff7b] INFO  - [HiveMQ Platform Operator Init App 1.7.0-SNAPSHOT] HiveMQ Platform Operator Init App 1.7.0-SNAPSHOT (commit: 8465ebf on branch: HEAD) built on Wed Jan 29 16:56:31 UTC 2025
2025-01-29 17:07:25,056 INFO c.h.h.t.HelmChartContainer - [test-hivemq-platform] [hivemq] [9a6bff7b] INFO  - [HiveMQ Platform Operator Init App 1.7.0-SNAPSHOT] PodInfo ConfigMap directory: /etc/podinfo
2025-01-29 17:07:25,056 INFO c.h.h.t.HelmChartContainer - [test-hivemq-platform] [hivemq] [9a6bff7b] INFO  - [HiveMQ Platform Operator Init App 1.7.0-SNAPSHOT] HiveMQ home directory: /opt/hivemq
2025-01-29 17:07:25,056 INFO c.h.h.t.HelmChartContainer - [test-hivemq-platform] [hivemq] [9a6bff7b] INFO  - [HiveMQ Platform Operator Init App 1.7.0-SNAPSHOT] HiveMQ Logback folder: /opt/hivemq/conf
2025-01-29 17:07:25,056 INFO c.h.h.t.HelmChartContainer - [test-hivemq-platform] [hivemq] [9a6bff7b] INFO  - [HiveMQ Platform Operator Init App 1.7.0-SNAPSHOT] HiveMQ Config folder: /opt/hivemq/conf-k8s
2025-01-29 17:07:25,056 INFO c.h.h.t.HelmChartContainer - [test-hivemq-platform] [hivemq] [9a6bff7b] INFO  - [HiveMQ Platform Operator Init App 1.7.0-SNAPSHOT] Starting HiveMQ Platform Operator Init App
2025-01-29 17:07:25,056 INFO c.h.h.t.HelmChartContainer - [test-hivemq-platform] [hivemq] [9a6bff7b] INFO  - [HiveMQ Platform Operator Init App 1.7.0-SNAPSHOT] Starting Pod reconciler
2025-01-29 17:07:26,252 INFO c.h.h.t.HelmChartContainer - [test-hivemq-platform] [hivemq] [9a6bff7b] INFO  - [HiveMQ Platform Operator Init App 1.7.0-SNAPSHOT] Pod reconciler is scheduled (interval: 5000 ms)
2025-01-29 17:07:26,254 INFO c.h.h.t.HelmChartContainer - [test-hivemq-platform] [hivemq] [9a6bff7b] INFO  - [HiveMQ Platform Operator Init App 1.7.0-SNAPSHOT] Starting the REST API on 10.42.0.18:7979
2025-01-29 17:07:26,257 INFO c.h.h.t.HelmChartContainer - [test-hivemq-platform] [hivemq] [9a6bff7b] INFO  - [HiveMQ Platform Operator Init App 1.7.0-SNAPSHOT] Waiting up to 600s for at most 2 HiveMQ nodes in cluster service hivemq-test-hivemq-platform-cluster.helmmonitoringplatformit.svc
2025-01-29 17:07:26,636 INFO c.h.h.t.HelmChartContainer - [test-hivemq-platform] [hivemq] [9a6bff7b] INFO  - [HiveMQ Platform Operator Init App 1.7.0-SNAPSHOT] Resolved 2 IP addresses: [10.42.0.17, 10.42.0.18]
2025-01-29 17:07:26,636 INFO c.h.h.t.HelmChartContainer - [test-hivemq-platform] [hivemq] [9a6bff7b] INFO  - [HiveMQ Platform Operator Init App 1.7.0-SNAPSHOT] HiveMQ node count of 2 is within threshold of 2
2025-01-29 17:07:26,637 INFO c.h.h.t.HelmChartContainer - [test-hivemq-platform] [hivemq] [9a6bff7b] INFO  - [HiveMQ Platform Operator Init App 1.7.0-SNAPSHOT] Proceeding with container start
2025-01-29 17:07:26,732 INFO c.h.h.t.HelmChartContainer - [test-hivemq-platform] [hivemq] [9a6bff7b] INFO  - [HiveMQ Platform Operator Init App 1.7.0-SNAPSHOT] Initializing HiveMQ Platform extensions with initial configuration: {hivemq-allow-all-extension={start-priority=-1, skip-https-hostname-verification=false, restart=true, config-version=0, header-version=0, c-uri=, priority=-1, uri=preinstalled, skip-https-certificate-validation=false, enabled=true}, hivemq-prometheus-extension={enabled=true, restart=true, priority=-1, start-priority=-1, c-uri=, skip-https-hostname-verification=false, skip-https-certificate-validation=false, uri=preinstalled, request-header-path=no-request-headers}}
2025-01-29 17:07:27,148 INFO c.h.h.t.HelmChartContainer - [test-hivemq-platform] [hivemq] [9a6bff7b] INFO  - [HiveMQ Platform Operator Init App 1.7.0-SNAPSHOT] Extension hivemq-allow-all-extension was already enabled
2025-01-29 17:07:27,240 INFO c.h.h.t.HelmChartContainer - [test-hivemq-platform] [hivemq] [9a6bff7b] INFO  - [HiveMQ Platform Operator Init App 1.7.0-SNAPSHOT] Successfully enabled extension hivemq-prometheus-extension
2025-01-29 17:07:27,240 INFO c.h.h.t.HelmChartContainer - [test-hivemq-platform] [hivemq] [9a6bff7b] INFO  - [HiveMQ Platform Operator Init App 1.7.0-SNAPSHOT] Starting HiveMQ Platform version 4.36.0 (4.36.0)
2025-01-29 17:07:27,240 INFO c.h.h.t.HelmChartContainer - [test-hivemq-platform] [hivemq] [9a6bff7b] INFO  - [HiveMQ Platform Operator Init App 1.7.0-SNAPSHOT] Configuring the HiveMQ Platform
2025-01-29 17:07:27,332 INFO c.h.h.t.HelmChartContainer - [test-hivemq-platform] [hivemq] [9a6bff7b] INFO  - [HiveMQ Platform Operator Init App 1.7.0-SNAPSHOT] Changed logback.xml file scan period to 20 seconds
2025-01-29 17:07:27,427 INFO c.h.h.t.HelmChartContainer - [test-hivemq-platform] [hivemq] [9a6bff7b] INFO  - [HiveMQ Platform Operator Init App 1.7.0-SNAPSHOT] Starting the HiveMQ Platform
2025-01-29 17:07:27,430 INFO c.h.h.t.HelmChartContainer - [test-hivemq-platform] [hivemq] [9a6bff7b] -------------------------------------------------------------------------
2025-01-29 17:07:27,430 INFO c.h.h.t.HelmChartContainer - [test-hivemq-platform] [hivemq] [9a6bff7b] 
2025-01-29 17:07:27,430 INFO c.h.h.t.HelmChartContainer - [test-hivemq-platform] [hivemq] [9a6bff7b]                   _    _  _              __  __   ____
2025-01-29 17:07:27,430 INFO c.h.h.t.HelmChartContainer - [test-hivemq-platform] [hivemq] [9a6bff7b]                  | |  | |(_)            |  \/  | / __ \
2025-01-29 17:07:27,430 INFO c.h.h.t.HelmChartContainer - [test-hivemq-platform] [hivemq] [9a6bff7b]                  | |__| | _ __   __ ___ | \  / || |  | |
2025-01-29 17:07:27,430 INFO c.h.h.t.HelmChartContainer - [test-hivemq-platform] [hivemq] [9a6bff7b]                  |  __  || |\ \ / // _ \| |\/| || |  | |
2025-01-29 17:07:27,430 INFO c.h.h.t.HelmChartContainer - [test-hivemq-platform] [hivemq] [9a6bff7b]                  | |  | || | \ V /|  __/| |  | || |__| |
2025-01-29 17:07:27,430 INFO c.h.h.t.HelmChartContainer - [test-hivemq-platform] [hivemq] [9a6bff7b]                  |_|  |_||_|  \_/  \___||_|  |_| \___\_\
2025-01-29 17:07:27,430 INFO c.h.h.t.HelmChartContainer - [test-hivemq-platform] [hivemq] [9a6bff7b] 
2025-01-29 17:07:27,430 INFO c.h.h.t.HelmChartContainer - [test-hivemq-platform] [hivemq] [9a6bff7b] -------------------------------------------------------------------------
2025-01-29 17:07:27,430 INFO c.h.h.t.HelmChartContainer - [test-hivemq-platform] [hivemq] [9a6bff7b] 
2025-01-29 17:07:27,430 INFO c.h.h.t.HelmChartContainer - [test-hivemq-platform] [hivemq] [9a6bff7b]   HiveMQ Start Script for Linux/Unix v1.14
2025-01-29 17:07:27,430 INFO c.h.h.t.HelmChartContainer - [test-hivemq-platform] [hivemq] [9a6bff7b] 
2025-01-29 17:07:27,459 INFO c.h.h.t.HelmChartContainer - [test-hivemq-platform] [hivemq] [9a6bff7b] -------------------------------------------------------------------------
2025-01-29 17:07:27,459 INFO c.h.h.t.HelmChartContainer - [test-hivemq-platform] [hivemq] [9a6bff7b] 
2025-01-29 17:07:27,459 INFO c.h.h.t.HelmChartContainer - [test-hivemq-platform] [hivemq] [9a6bff7b]   HIVEMQ_HOME: /opt/hivemq
2025-01-29 17:07:27,459 INFO c.h.h.t.HelmChartContainer - [test-hivemq-platform] [hivemq] [9a6bff7b] 
2025-01-29 17:07:27,459 INFO c.h.h.t.HelmChartContainer - [test-hivemq-platform] [hivemq] [9a6bff7b]   JAVA_OPTS: -XX:+UnlockExperimentalVMOptions -XX:InitialRAMPercentage=50 -XX:MaxRAMPercentage=50 -Djava.net.preferIPv4Stack=true --add-opens java.base/java.lang=ALL-UNNAMED --add-opens java.base/java.nio=ALL-UNNAMED --add-opens java.base/sun.nio.ch=ALL-UNNAMED --add-opens jdk.management/com.sun.management.internal=ALL-UNNAMED --add-exports java.base/jdk.internal.misc=ALL-UNNAMED -Djava.security.egd=file:/dev/./urandom -Dcom.sun.management.jmxremote -Dcom.sun.management.jmxremote.port=9010 -Dcom.sun.management.jmxremote.local.only=false -Dcom.sun.management.jmxremote.authenticate=false -Dcom.sun.management.jmxremote.ssl=false -Duser.language=en -Duser.region=US -XX:+CrashOnOutOfMemoryError -XX:+HeapDumpOnOutOfMemoryError
2025-01-29 17:07:27,459 INFO c.h.h.t.HelmChartContainer - [test-hivemq-platform] [hivemq] [9a6bff7b] 
2025-01-29 17:07:27,459 INFO c.h.h.t.HelmChartContainer - [test-hivemq-platform] [hivemq] [9a6bff7b]   JAVA_VERSION: 21
2025-01-29 17:07:27,459 INFO c.h.h.t.HelmChartContainer - [test-hivemq-platform] [hivemq] [9a6bff7b] 
2025-01-29 17:07:27,459 INFO c.h.h.t.HelmChartContainer - [test-hivemq-platform] [hivemq] [9a6bff7b] -------------------------------------------------------------------------
2025-01-29 17:07:27,459 INFO c.h.h.t.HelmChartContainer - [test-hivemq-platform] [hivemq] [9a6bff7b] 
2025-01-29 17:07:28,736 INFO c.h.h.t.HelmChartContainer - [test-hivemq-platform] [hivemq] [9a6bff7b] INFO  - [HiveMQ Platform Operator Init App 1.7.0-SNAPSHOT] Returning default Health API response 503 for readiness
2025-01-29 17:07:29,236 INFO c.h.h.t.HelmChartContainer - [EVENT] Warning [Unhealthy] Readiness probe failed: HTTP probe failed with statuscode: 503 [helmmonitoringplatformit:test-hivemq-platform-1]
2025-01-29 17:07:29,236 INFO c.h.h.t.HelmChartContainer - Received Unhealthy event for container hivemq in pod test-hivemq-platform-1 [9a6bff7b-b533-4b62-bd68-f429ef4601ce]
2025-01-29 17:07:30,140 INFO c.h.h.t.HelmChartContainer - [test-hivemq-platform] [hivemq] [9a6bff7b] INFO  - Starting HiveMQ Enterprise Server
2025-01-29 17:07:30,228 INFO c.h.h.t.HelmChartContainer - [test-hivemq-platform] [hivemq] [9a6bff7b] INFO  - HiveMQ version: 4.36.0
2025-01-29 17:07:30,228 INFO c.h.h.t.HelmChartContainer - [test-hivemq-platform] [hivemq] [9a6bff7b] INFO  - HiveMQ home directory: /opt/hivemq
2025-01-29 17:07:30,228 INFO c.h.h.t.HelmChartContainer - [test-hivemq-platform] [hivemq] [9a6bff7b] INFO  - Log Configuration was overridden by /opt/hivemq/conf/logback.xml
2025-01-29 17:07:31,429 INFO c.h.h.t.HelmChartContainer - [test-hivemq-platform] [hivemq] [9a6bff7b] INFO  - Successfully loaded configuration from '/opt/hivemq/conf-k8s/config.xml'.
2025-01-29 17:07:32,027 INFO c.h.h.t.HelmChartContainer - [test-hivemq-platform] [hivemq] [9a6bff7b] INFO  - This node's ID is F1c2X
2025-01-29 17:07:32,027 INFO c.h.h.t.HelmChartContainer - [test-hivemq-platform] [hivemq] [9a6bff7b] INFO  - Clustering is enabled
2025-01-29 17:07:32,745 INFO c.h.h.t.HelmChartContainer - [hivemq-test-hivemq-platform] [hivemq-platform-operator] [300fbfae] 17:07:32.743 [pool-6-thread-15] DEBUG c.h.p.o.d.PlatformServiceResource - [helmmoni] Desired Platform services (3 services)
2025-01-29 17:07:32,746 INFO c.h.h.t.HelmChartContainer - [hivemq-test-hivemq-platform] [hivemq-platform-operator] [300fbfae] 17:07:32.745 [pool-6-thread-12] DEBUG c.h.p.o.d.PodServiceAccountResource - [helmmoni] Desired PodServiceAccountResource (serviceAccountName: hivemq-platform-pod-test-hivemq-platform)
2025-01-29 17:07:32,747 INFO c.h.h.t.HelmChartContainer - [hivemq-test-hivemq-platform] [hivemq-platform-operator] [300fbfae] 17:07:32.746 [pool-6-thread-18] DEBUG c.h.p.o.dependants.PodInfoConfigMap - [helmmoni] Desired PodInfo ConfigMap (1 extensions) (1 enabled)
2025-01-29 17:07:32,747 INFO c.h.h.t.HelmChartContainer - [hivemq-test-hivemq-platform] [hivemq-platform-operator] [300fbfae] 17:07:32.746 [pool-6-thread-18] DEBUG c.h.p.o.dependants.PodInfoConfigMap - [helmmoni] Desired PodInfo ConfigMap (metrics port: 9399) (metrics path: /)
2025-01-29 17:07:32,748 INFO c.h.h.t.HelmChartContainer - [hivemq-test-hivemq-platform] [hivemq-platform-operator] [300fbfae] 17:07:32.746 [pool-6-thread-18] DEBUG c.h.p.o.dependants.PodInfoConfigMap - [helmmoni] Desired PodInfo ConfigMap (extension state hash: -1817474005)
2025-01-29 17:07:32,750 INFO c.h.h.t.HelmChartContainer - [hivemq-test-hivemq-platform] [hivemq-platform-operator] [300fbfae] 17:07:32.749 [pool-6-thread-20] DEBUG c.h.p.o.d.StatefulSetResource - [helmmoni] Desired StatefulSet (2 replicas) for status STARTING (READY)
2025-01-29 17:07:32,754 INFO c.h.h.t.HelmChartContainer - [hivemq-test-hivemq-platform] [hivemq-platform-operator] [300fbfae] 17:07:32.752 [ReconcilerExecutor-hivemq-controller-119] INFO  c.h.p.o.HiveMQPlatformReconciler - [helmmoni] Reconciling HiveMQ Platform 'test-hivemq-platform' in namespace 'helmmonitoringplatformit'
2025-01-29 17:07:32,754 INFO c.h.h.t.HelmChartContainer - [hivemq-test-hivemq-platform] [hivemq-platform-operator] [300fbfae] 17:07:32.752 [ReconcilerExecutor-hivemq-controller-119] DEBUG c.h.p.o.HiveMQPlatformReconciler - [helmmoni] Custom Resource Status STARTING - HiveMQ Platform is starting (READY)
2025-01-29 17:07:32,754 INFO c.h.h.t.HelmChartContainer - [hivemq-test-hivemq-platform] [hivemq-platform-operator] [300fbfae] 17:07:32.752 [ReconcilerExecutor-hivemq-controller-119] DEBUG c.h.p.o.HiveMQPlatformReconciler - [helmmoni] Custom Resource Spec (replicas: 2) (extensions: 1)
2025-01-29 17:07:32,755 INFO c.h.h.t.HelmChartContainer - [hivemq-test-hivemq-platform] [hivemq-platform-operator] [300fbfae] 17:07:32.753 [ReconcilerExecutor-hivemq-controller-119] DEBUG c.h.p.o.HiveMQPlatformReconciler - [helmmoni] StatefulSet Status (revision: test-hivemq-platform-64db946475, replicas: 2, available: 1, ready: 1, current: 2, updated: 2)
2025-01-29 17:07:32,756 INFO c.h.h.t.HelmChartContainer - [hivemq-test-hivemq-platform] [hivemq-platform-operator] [300fbfae] 17:07:32.753 [ReconcilerExecutor-hivemq-controller-119] DEBUG c.h.p.o.HiveMQPlatformReconciler - [helmmoni] StatefulSet Spec (replicas: 2, init containers: 1, containers: 1, volumes: 3)
2025-01-29 17:07:32,757 INFO c.h.h.t.HelmChartContainer - [hivemq-test-hivemq-platform] [hivemq-platform-operator] [300fbfae] 17:07:32.755 [ReconcilerExecutor-hivemq-controller-119] DEBUG c.h.p.o.h.HiveMQPlatformReconcilerErrorHandler - [helmmoni] Pod 'test-hivemq-platform-1' phase Running
2025-01-29 17:07:32,758 INFO c.h.h.t.HelmChartContainer - [hivemq-test-hivemq-platform] [hivemq-platform-operator] [300fbfae] 17:07:32.757 [ReconcilerExecutor-hivemq-controller-119] DEBUG c.h.p.o.h.HiveMQPlatformReconcilerErrorHandler - [helmmoni] Pod 'test-hivemq-platform-0' phase Running
2025-01-29 17:07:32,758 INFO c.h.h.t.HelmChartContainer - [hivemq-test-hivemq-platform] [hivemq-platform-operator] [300fbfae] 17:07:32.758 [ReconcilerExecutor-hivemq-controller-119] INFO  c.h.p.o.h.HiveMQPlatformReconcilerBaseHandler - [helmmoni] HiveMQ Platform is starting, 1 of 2 replicas are ready
2025-01-29 17:07:34,135 INFO c.h.h.t.HelmChartContainer - [test-hivemq-platform] [hivemq] [9a6bff7b] WARN  - [HiveMQ Platform Operator Init App 1.7.0-SNAPSHOT] Cannot connect to Health API for readiness: null
2025-01-29 17:07:34,143 INFO c.h.h.t.HelmChartContainer - [EVENT] Warning [Unhealthy] Readiness probe failed: HTTP probe failed with statuscode: 503 [helmmonitoringplatformit:test-hivemq-platform-1]
2025-01-29 17:07:34,144 INFO c.h.h.t.HelmChartContainer - Received Unhealthy event for container hivemq in pod test-hivemq-platform-1 [9a6bff7b-b533-4b62-bd68-f429ef4601ce]
2025-01-29 17:07:35,260 INFO c.h.h.t.HelmChartContainer - [test-hivemq-platform] [hivemq] [a8e6e206] INFO  - [HiveMQ Platform Operator Init App 1.7.0-SNAPSHOT] Returning Health API response 200 for liveness
2025-01-29 17:07:37,633 INFO c.h.h.t.HelmChartContainer - [test-hivemq-platform] [hivemq] [9a6bff7b] Jan 29, 2025 5:07:37 PM io.vertx.core.impl.BlockedThreadChecker
2025-01-29 17:07:37,633 INFO c.h.h.t.HelmChartContainer - [test-hivemq-platform] [hivemq] [9a6bff7b] WARNING: Thread Thread[vert.x-eventloop-thread-1,5,main] has been blocked for 2895 ms, time limit is 2000 ms
2025-01-29 17:07:38,031 INFO c.h.h.t.HelmChartContainer - [test-hivemq-platform] [hivemq] [9a6bff7b] INFO  - [HiveMQ Platform Operator Init App 1.7.0-SNAPSHOT] Updating Pod HiveMQ Platform Operator Init App version annotation (version: 1.7.0-SNAPSHOT)
2025-01-29 17:07:38,648 INFO c.h.h.t.HelmChartContainer - [POD] test-hivemq-platform-1 [9a6bff7b-b533-4b62-bd68-f429ef4601ce] in helmmonitoringplatformit was MODIFIED
2025-01-29 17:07:38,656 INFO c.h.h.t.HelmChartContainer - [hivemq-test-hivemq-platform] [hivemq-platform-operator] [300fbfae] 17:07:38.654 [pool-6-thread-28] DEBUG c.h.p.o.d.PlatformServiceResource - [helmmoni] Desired Platform services (3 services)
2025-01-29 17:07:38,657 INFO c.h.h.t.HelmChartContainer - [hivemq-test-hivemq-platform] [hivemq-platform-operator] [300fbfae] 17:07:38.656 [pool-6-thread-22] DEBUG c.h.p.o.dependants.PodInfoConfigMap - [helmmoni] Desired PodInfo ConfigMap (1 extensions) (1 enabled)
2025-01-29 17:07:38,658 INFO c.h.h.t.HelmChartContainer - [hivemq-test-hivemq-platform] [hivemq-platform-operator] [300fbfae] 17:07:38.657 [pool-6-thread-22] DEBUG c.h.p.o.dependants.PodInfoConfigMap - [helmmoni] Desired PodInfo ConfigMap (metrics port: 9399) (metrics path: /)
2025-01-29 17:07:38,658 INFO c.h.h.t.HelmChartContainer - [hivemq-test-hivemq-platform] [hivemq-platform-operator] [300fbfae] 17:07:38.657 [pool-6-thread-22] DEBUG c.h.p.o.dependants.PodInfoConfigMap - [helmmoni] Desired PodInfo ConfigMap (extension state hash: -1817474005)
2025-01-29 17:07:38,663 INFO c.h.h.t.HelmChartContainer - [hivemq-test-hivemq-platform] [hivemq-platform-operator] [300fbfae] 17:07:38.658 [pool-6-thread-22] DEBUG c.h.p.o.d.PodServiceAccountResource - [helmmoni] Desired PodServiceAccountResource (serviceAccountName: hivemq-platform-pod-test-hivemq-platform)
2025-01-29 17:07:38,663 INFO c.h.h.t.HelmChartContainer - [hivemq-test-hivemq-platform] [hivemq-platform-operator] [300fbfae] 17:07:38.661 [pool-6-thread-28] DEBUG c.h.p.o.d.StatefulSetResource - [helmmoni] Desired StatefulSet (2 replicas) for status STARTING (READY)
2025-01-29 17:07:38,665 INFO c.h.h.t.HelmChartContainer - [hivemq-test-hivemq-platform] [hivemq-platform-operator] [300fbfae] 17:07:38.664 [ReconcilerExecutor-hivemq-controller-120] INFO  c.h.p.o.HiveMQPlatformReconciler - [helmmoni] Reconciling HiveMQ Platform 'test-hivemq-platform' in namespace 'helmmonitoringplatformit'
2025-01-29 17:07:38,665 INFO c.h.h.t.HelmChartContainer - [hivemq-test-hivemq-platform] [hivemq-platform-operator] [300fbfae] 17:07:38.664 [ReconcilerExecutor-hivemq-controller-120] DEBUG c.h.p.o.HiveMQPlatformReconciler - [helmmoni] Custom Resource Status STARTING - HiveMQ Platform is starting (READY)
2025-01-29 17:07:38,666 INFO c.h.h.t.HelmChartContainer - [hivemq-test-hivemq-platform] [hivemq-platform-operator] [300fbfae] 17:07:38.664 [ReconcilerExecutor-hivemq-controller-120] DEBUG c.h.p.o.HiveMQPlatformReconciler - [helmmoni] Custom Resource Spec (replicas: 2) (extensions: 1)
2025-01-29 17:07:38,667 INFO c.h.h.t.HelmChartContainer - [hivemq-test-hivemq-platform] [hivemq-platform-operator] [300fbfae] 17:07:38.666 [ReconcilerExecutor-hivemq-controller-120] DEBUG c.h.p.o.HiveMQPlatformReconciler - [helmmoni] StatefulSet Status (revision: test-hivemq-platform-64db946475, replicas: 2, available: 1, ready: 1, current: 2, updated: 2)
2025-01-29 17:07:38,667 INFO c.h.h.t.HelmChartContainer - [hivemq-test-hivemq-platform] [hivemq-platform-operator] [300fbfae] 17:07:38.666 [ReconcilerExecutor-hivemq-controller-120] DEBUG c.h.p.o.HiveMQPlatformReconciler - [helmmoni] StatefulSet Spec (replicas: 2, init containers: 1, containers: 1, volumes: 3)
2025-01-29 17:07:38,668 INFO c.h.h.t.HelmChartContainer - [hivemq-test-hivemq-platform] [hivemq-platform-operator] [300fbfae] 17:07:38.668 [ReconcilerExecutor-hivemq-controller-120] DEBUG c.h.p.o.h.HiveMQPlatformReconcilerErrorHandler - [helmmoni] Pod 'test-hivemq-platform-1' phase Running
2025-01-29 17:07:38,670 INFO c.h.h.t.HelmChartContainer - [hivemq-test-hivemq-platform] [hivemq-platform-operator] [300fbfae] 17:07:38.669 [ReconcilerExecutor-hivemq-controller-120] DEBUG c.h.p.o.h.HiveMQPlatformReconcilerErrorHandler - [helmmoni] Pod 'test-hivemq-platform-0' phase Running
2025-01-29 17:07:38,671 INFO c.h.h.t.HelmChartContainer - [hivemq-test-hivemq-platform] [hivemq-platform-operator] [300fbfae] 17:07:38.670 [ReconcilerExecutor-hivemq-controller-120] INFO  c.h.p.o.h.HiveMQPlatformReconcilerBaseHandler - [helmmoni] HiveMQ Platform is starting, 1 of 2 replicas are ready
2025-01-29 17:07:38,730 INFO c.h.h.t.HelmChartContainer - [test-hivemq-platform] [hivemq] [9a6bff7b] WARN  - [HiveMQ Platform Operator Init App 1.7.0-SNAPSHOT] Cannot connect to Health API for readiness: null
2025-01-29 17:07:38,732 INFO c.h.h.t.HelmChartContainer - [test-hivemq-platform] [hivemq] [9a6bff7b] INFO  - [HiveMQ Platform Operator Init App 1.7.0-SNAPSHOT] Successfully updated Pod HiveMQ Platform Operator Init App version annotation (version: 1.7.0-SNAPSHOT)
2025-01-29 17:07:38,737 INFO c.h.h.t.HelmChartContainer - [EVENT] Warning [Unhealthy] Readiness probe failed: HTTP probe failed with statuscode: 503 [helmmonitoringplatformit:test-hivemq-platform-1]
2025-01-29 17:07:38,737 INFO c.h.h.t.HelmChartContainer - Received Unhealthy event for container hivemq in pod test-hivemq-platform-1 [9a6bff7b-b533-4b62-bd68-f429ef4601ce]
2025-01-29 17:07:43,727 INFO c.h.h.t.HelmChartContainer - [test-hivemq-platform] [hivemq] [9a6bff7b] WARN  - [HiveMQ Platform Operator Init App 1.7.0-SNAPSHOT] Cannot connect to Health API for readiness: null
2025-01-29 17:07:43,731 INFO c.h.h.t.HelmChartContainer - [EVENT] Warning [Unhealthy] Readiness probe failed: HTTP probe failed with statuscode: 503 [helmmonitoringplatformit:test-hivemq-platform-1]
2025-01-29 17:07:43,731 INFO c.h.h.t.HelmChartContainer - Received Unhealthy event for container hivemq in pod test-hivemq-platform-1 [9a6bff7b-b533-4b62-bd68-f429ef4601ce]
2025-01-29 17:07:48,679 INFO c.h.h.t.HelmChartContainer - [hivemq-test-hivemq-platform] [hivemq-platform-operator] [300fbfae] 17:07:48.674 [pool-6-thread-35] DEBUG c.h.p.o.d.PlatformServiceResource - [helmmoni] Desired Platform services (3 services)
2025-01-29 17:07:48,679 INFO c.h.h.t.HelmChartContainer - [hivemq-test-hivemq-platform] [hivemq-platform-operator] [300fbfae] 17:07:48.675 [pool-6-thread-40] DEBUG c.h.p.o.d.PodServiceAccountResource - [helmmoni] Desired PodServiceAccountResource (serviceAccountName: hivemq-platform-pod-test-hivemq-platform)
2025-01-29 17:07:48,679 INFO c.h.h.t.HelmChartContainer - [hivemq-test-hivemq-platform] [hivemq-platform-operator] [300fbfae] 17:07:48.674 [pool-6-thread-31] DEBUG c.h.p.o.dependants.PodInfoConfigMap - [helmmoni] Desired PodInfo ConfigMap (1 extensions) (1 enabled)
2025-01-29 17:07:48,679 INFO c.h.h.t.HelmChartContainer - [hivemq-test-hivemq-platform] [hivemq-platform-operator] [300fbfae] 17:07:48.677 [pool-6-thread-31] DEBUG c.h.p.o.dependants.PodInfoConfigMap - [helmmoni] Desired PodInfo ConfigMap (metrics port: 9399) (metrics path: /)
2025-01-29 17:07:48,680 INFO c.h.h.t.HelmChartContainer - [hivemq-test-hivemq-platform] [hivemq-platform-operator] [300fbfae] 17:07:48.678 [pool-6-thread-31] DEBUG c.h.p.o.dependants.PodInfoConfigMap - [helmmoni] Desired PodInfo ConfigMap (extension state hash: -1817474005)
2025-01-29 17:07:48,682 INFO c.h.h.t.HelmChartContainer - [hivemq-test-hivemq-platform] [hivemq-platform-operator] [300fbfae] 17:07:48.679 [pool-6-thread-31] DEBUG c.h.p.o.d.StatefulSetResource - [helmmoni] Desired StatefulSet (2 replicas) for status STARTING (READY)
2025-01-29 17:07:48,683 INFO c.h.h.t.HelmChartContainer - [hivemq-test-hivemq-platform] [hivemq-platform-operator] [300fbfae] 17:07:48.682 [ReconcilerExecutor-hivemq-controller-121] INFO  c.h.p.o.HiveMQPlatformReconciler - [helmmoni] Reconciling HiveMQ Platform 'test-hivemq-platform' in namespace 'helmmonitoringplatformit'
2025-01-29 17:07:48,683 INFO c.h.h.t.HelmChartContainer - [hivemq-test-hivemq-platform] [hivemq-platform-operator] [300fbfae] 17:07:48.682 [ReconcilerExecutor-hivemq-controller-121] DEBUG c.h.p.o.HiveMQPlatformReconciler - [helmmoni] Custom Resource Status STARTING - HiveMQ Platform is starting (READY)
2025-01-29 17:07:48,683 INFO c.h.h.t.HelmChartContainer - [hivemq-test-hivemq-platform] [hivemq-platform-operator] [300fbfae] 17:07:48.682 [ReconcilerExecutor-hivemq-controller-121] DEBUG c.h.p.o.HiveMQPlatformReconciler - [helmmoni] Custom Resource Spec (replicas: 2) (extensions: 1)
2025-01-29 17:07:48,685 INFO c.h.h.t.HelmChartContainer - [hivemq-test-hivemq-platform] [hivemq-platform-operator] [300fbfae] 17:07:48.684 [ReconcilerExecutor-hivemq-controller-121] DEBUG c.h.p.o.HiveMQPlatformReconciler - [helmmoni] StatefulSet Status (revision: test-hivemq-platform-64db946475, replicas: 2, available: 1, ready: 1, current: 2, updated: 2)
2025-01-29 17:07:48,685 INFO c.h.h.t.HelmChartContainer - [hivemq-test-hivemq-platform] [hivemq-platform-operator] [300fbfae] 17:07:48.684 [ReconcilerExecutor-hivemq-controller-121] DEBUG c.h.p.o.HiveMQPlatformReconciler - [helmmoni] StatefulSet Spec (replicas: 2, init containers: 1, containers: 1, volumes: 3)
2025-01-29 17:07:48,687 INFO c.h.h.t.HelmChartContainer - [hivemq-test-hivemq-platform] [hivemq-platform-operator] [300fbfae] 17:07:48.685 [ReconcilerExecutor-hivemq-controller-121] DEBUG c.h.p.o.h.HiveMQPlatformReconcilerErrorHandler - [helmmoni] Pod 'test-hivemq-platform-1' phase Running
2025-01-29 17:07:48,689 INFO c.h.h.t.HelmChartContainer - [hivemq-test-hivemq-platform] [hivemq-platform-operator] [300fbfae] 17:07:48.687 [ReconcilerExecutor-hivemq-controller-121] DEBUG c.h.p.o.h.HiveMQPlatformReconcilerErrorHandler - [helmmoni] Pod 'test-hivemq-platform-0' phase Running
2025-01-29 17:07:48,689 INFO c.h.h.t.HelmChartContainer - [hivemq-test-hivemq-platform] [hivemq-platform-operator] [300fbfae] 17:07:48.687 [ReconcilerExecutor-hivemq-controller-121] INFO  c.h.p.o.h.HiveMQPlatformReconcilerBaseHandler - [helmmoni] HiveMQ Platform is starting, 1 of 2 replicas are ready
2025-01-29 17:07:48,732 INFO c.h.h.t.HelmChartContainer - [test-hivemq-platform] [hivemq] [9a6bff7b] WARN  - [HiveMQ Platform Operator Init App 1.7.0-SNAPSHOT] Cannot connect to Health API for readiness: null
2025-01-29 17:07:48,734 INFO c.h.h.t.HelmChartContainer - [EVENT] Warning [Unhealthy] Readiness probe failed: HTTP probe failed with statuscode: 503 [helmmonitoringplatformit:test-hivemq-platform-1]
2025-01-29 17:07:48,735 INFO c.h.h.t.HelmChartContainer - Received Unhealthy event for container hivemq in pod test-hivemq-platform-1 [9a6bff7b-b533-4b62-bd68-f429ef4601ce]
2025-01-29 17:07:49,831 INFO c.h.h.t.HelmChartContainer - [test-hivemq-platform] [hivemq] [9a6bff7b] INFO  - No valid license file found. Using trial license, restricted to 25 connections.
2025-01-29 17:07:50,630 INFO c.h.h.t.HelmChartContainer - [test-hivemq-platform] [hivemq] [9a6bff7b] WARN  - [HiveMQ Platform Operator Init App 1.7.0-SNAPSHOT] Cannot connect to Health API for liveness: null
2025-01-29 17:07:50,630 INFO c.h.h.t.HelmChartContainer - [test-hivemq-platform] [hivemq] [9a6bff7b] INFO  - [HiveMQ Platform Operator Init App 1.7.0-SNAPSHOT] Returning default Health API response 200 for liveness
2025-01-29 17:07:53,728 INFO c.h.h.t.HelmChartContainer - [test-hivemq-platform] [hivemq] [9a6bff7b] WARN  - [HiveMQ Platform Operator Init App 1.7.0-SNAPSHOT] Cannot connect to Health API for readiness: null
2025-01-29 17:07:53,732 INFO c.h.h.t.HelmChartContainer - [EVENT] Warning [Unhealthy] Readiness probe failed: HTTP probe failed with statuscode: 503 [helmmonitoringplatformit:test-hivemq-platform-1]
2025-01-29 17:07:53,732 INFO c.h.h.t.HelmChartContainer - Received Unhealthy event for container hivemq in pod test-hivemq-platform-1 [9a6bff7b-b533-4b62-bd68-f429ef4601ce]
2025-01-29 17:07:53,843 INFO c.h.h.t.HelmChartContainer - [test-hivemq-platform] [hivemq] [9a6bff7b] INFO  - No valid license file for Data Hub found. Using free license, restricted to 1 policy.
2025-01-29 17:07:55,046 INFO c.h.h.t.HelmChartContainer - [test-hivemq-platform] [hivemq] [9a6bff7b] INFO  - Audit Logger started.
2025-01-29 17:07:55,362 INFO c.h.h.t.HelmChartContainer - [test-hivemq-platform] [hivemq] [9a6bff7b] INFO  - This node uses '1' CPU cores.
2025-01-29 17:07:55,367 INFO c.h.h.t.HelmChartContainer - [test-hivemq-platform] [hivemq] [9a6bff7b] INFO  - Starting HiveMQ Health API on address 0.0.0.0 and port 8889
2025-01-29 17:07:56,238 INFO c.h.h.t.HelmChartContainer - [test-hivemq-platform] [hivemq] [9a6bff7b] INFO  - Started HiveMQ Health API in 871ms
2025-01-29 17:07:56,857 INFO c.h.h.t.HelmChartContainer - [test-hivemq-platform] [hivemq] [9a6bff7b] INFO  - Starting HiveMQ extension system.
2025-01-29 17:07:57,126 INFO c.h.h.t.HelmChartContainer - [test-hivemq-platform] [hivemq] [9a6bff7b] INFO  - Starting extension with id "hivemq-dns-cluster-discovery" at /opt/hivemq/extensions/hivemq-dns-cluster-discovery
2025-01-29 17:07:57,540 INFO c.h.h.t.HelmChartContainer - [test-hivemq-platform] [hivemq] [9a6bff7b] INFO  - Extension "DNS Cluster Discovery Extension" version 4.3.2 started successfully.
2025-01-29 17:07:57,540 INFO c.h.h.t.HelmChartContainer - [test-hivemq-platform] [hivemq] [9a6bff7b] INFO  - Starting extension with id "hivemq-prometheus-extension" at /opt/hivemq/extensions/hivemq-prometheus-extension
2025-01-29 17:07:57,827 INFO c.h.h.t.HelmChartContainer - [test-hivemq-platform] [hivemq] [9a6bff7b] INFO  - Using TCP cluster transport on address 10.42.0.18 and port 7000
2025-01-29 17:07:57,836 INFO c.h.h.t.HelmChartContainer - [test-hivemq-platform] [hivemq] [9a6bff7b] INFO  - Using extension cluster discovery
2025-01-29 17:07:58,633 INFO c.h.h.t.HelmChartContainer - [test-hivemq-platform] [hivemq] [9a6bff7b] INFO  - Started Jetty Server exposing Prometheus Servlet on URI http://0.0.0.0:9399/
2025-01-29 17:07:58,635 INFO c.h.h.t.HelmChartContainer - [test-hivemq-platform] [hivemq] [9a6bff7b] INFO  - Extension "Prometheus Monitoring Extension" version 4.0.12 started successfully.
2025-01-29 17:07:58,635 INFO c.h.h.t.HelmChartContainer - [test-hivemq-platform] [hivemq] [9a6bff7b] INFO  - Starting extension with id "hivemq-allow-all-extension" at /opt/hivemq/extensions/hivemq-allow-all-extension
2025-01-29 17:07:58,635 INFO c.h.h.t.HelmChartContainer - [test-hivemq-platform] [hivemq] [9a6bff7b] WARN  - 
2025-01-29 17:07:58,635 INFO c.h.h.t.HelmChartContainer - [test-hivemq-platform] [hivemq] [9a6bff7b] ################################################################################################################
2025-01-29 17:07:58,635 INFO c.h.h.t.HelmChartContainer - [test-hivemq-platform] [hivemq] [9a6bff7b] # This HiveMQ deployment is not secure! You are lacking Authentication and Authorization.                      #
2025-01-29 17:07:58,635 INFO c.h.h.t.HelmChartContainer - [test-hivemq-platform] [hivemq] [9a6bff7b] # Right now any MQTT client can connect to the broker with a full set of permissions.                          #
2025-01-29 17:07:58,635 INFO c.h.h.t.HelmChartContainer - [test-hivemq-platform] [hivemq] [9a6bff7b] # For production usage, add an appropriate security extension and remove the hivemq-allow-all extension.       #
2025-01-29 17:07:58,635 INFO c.h.h.t.HelmChartContainer - [test-hivemq-platform] [hivemq] [9a6bff7b] # You can download security extensions from the HiveMQ Marketplace (https://www.hivemq.com/extensions/).       #
2025-01-29 17:07:58,635 INFO c.h.h.t.HelmChartContainer - [test-hivemq-platform] [hivemq] [9a6bff7b] ################################################################################################################
2025-01-29 17:07:58,635 INFO c.h.h.t.HelmChartContainer - [test-hivemq-platform] [hivemq] [9a6bff7b] INFO  - Extension "Allow All Extension" version 1.1.1 started successfully.
2025-01-29 17:07:58,698 INFO c.h.h.t.HelmChartContainer - [hivemq-test-hivemq-platform] [hivemq-platform-operator] [300fbfae] 17:07:58.691 [pool-6-thread-42] DEBUG c.h.p.o.d.PlatformServiceResource - [helmmoni] Desired Platform services (3 services)
2025-01-29 17:07:58,699 INFO c.h.h.t.HelmChartContainer - [hivemq-test-hivemq-platform] [hivemq-platform-operator] [300fbfae] 17:07:58.692 [pool-6-thread-48] DEBUG c.h.p.o.dependants.PodInfoConfigMap - [helmmoni] Desired PodInfo ConfigMap (1 extensions) (1 enabled)
2025-01-29 17:07:58,699 INFO c.h.h.t.HelmChartContainer - [hivemq-test-hivemq-platform] [hivemq-platform-operator] [300fbfae] 17:07:58.692 [pool-6-thread-48] DEBUG c.h.p.o.dependants.PodInfoConfigMap - [helmmoni] Desired PodInfo ConfigMap (metrics port: 9399) (metrics path: /)
2025-01-29 17:07:58,699 INFO c.h.h.t.HelmChartContainer - [hivemq-test-hivemq-platform] [hivemq-platform-operator] [300fbfae] 17:07:58.692 [pool-6-thread-48] DEBUG c.h.p.o.dependants.PodInfoConfigMap - [helmmoni] Desired PodInfo ConfigMap (extension state hash: -1817474005)
2025-01-29 17:07:58,699 INFO c.h.h.t.HelmChartContainer - [hivemq-test-hivemq-platform] [hivemq-platform-operator] [300fbfae] 17:07:58.694 [pool-6-thread-48] DEBUG c.h.p.o.d.PodServiceAccountResource - [helmmoni] Desired PodServiceAccountResource (serviceAccountName: hivemq-platform-pod-test-hivemq-platform)
2025-01-29 17:07:58,699 INFO c.h.h.t.HelmChartContainer - [hivemq-test-hivemq-platform] [hivemq-platform-operator] [300fbfae] 17:07:58.697 [pool-6-thread-48] DEBUG c.h.p.o.d.StatefulSetResource - [helmmoni] Desired StatefulSet (2 replicas) for status STARTING (READY)
2025-01-29 17:07:58,702 INFO c.h.h.t.HelmChartContainer - [hivemq-test-hivemq-platform] [hivemq-platform-operator] [300fbfae] 17:07:58.701 [ReconcilerExecutor-hivemq-controller-122] INFO  c.h.p.o.HiveMQPlatformReconciler - [helmmoni] Reconciling HiveMQ Platform 'test-hivemq-platform' in namespace 'helmmonitoringplatformit'
2025-01-29 17:07:58,702 INFO c.h.h.t.HelmChartContainer - [hivemq-test-hivemq-platform] [hivemq-platform-operator] [300fbfae] 17:07:58.701 [ReconcilerExecutor-hivemq-controller-122] DEBUG c.h.p.o.HiveMQPlatformReconciler - [helmmoni] Custom Resource Status STARTING - HiveMQ Platform is starting (READY)
2025-01-29 17:07:58,702 INFO c.h.h.t.HelmChartContainer - [hivemq-test-hivemq-platform] [hivemq-platform-operator] [300fbfae] 17:07:58.701 [ReconcilerExecutor-hivemq-controller-122] DEBUG c.h.p.o.HiveMQPlatformReconciler - [helmmoni] Custom Resource Spec (replicas: 2) (extensions: 1)
2025-01-29 17:07:58,703 INFO c.h.h.t.HelmChartContainer - [hivemq-test-hivemq-platform] [hivemq-platform-operator] [300fbfae] 17:07:58.703 [ReconcilerExecutor-hivemq-controller-122] DEBUG c.h.p.o.HiveMQPlatformReconciler - [helmmoni] StatefulSet Status (revision: test-hivemq-platform-64db946475, replicas: 2, available: 1, ready: 1, current: 2, updated: 2)
2025-01-29 17:07:58,704 INFO c.h.h.t.HelmChartContainer - [hivemq-test-hivemq-platform] [hivemq-platform-operator] [300fbfae] 17:07:58.703 [ReconcilerExecutor-hivemq-controller-122] DEBUG c.h.p.o.HiveMQPlatformReconciler - [helmmoni] StatefulSet Spec (replicas: 2, init containers: 1, containers: 1, volumes: 3)
2025-01-29 17:07:58,705 INFO c.h.h.t.HelmChartContainer - [hivemq-test-hivemq-platform] [hivemq-platform-operator] [300fbfae] 17:07:58.704 [ReconcilerExecutor-hivemq-controller-122] DEBUG c.h.p.o.h.HiveMQPlatformReconcilerErrorHandler - [helmmoni] Pod 'test-hivemq-platform-1' phase Running
2025-01-29 17:07:58,706 INFO c.h.h.t.HelmChartContainer - [hivemq-test-hivemq-platform] [hivemq-platform-operator] [300fbfae] 17:07:58.706 [ReconcilerExecutor-hivemq-controller-122] DEBUG c.h.p.o.h.HiveMQPlatformReconcilerErrorHandler - [helmmoni] Pod 'test-hivemq-platform-0' phase Running
2025-01-29 17:07:58,707 INFO c.h.h.t.HelmChartContainer - [hivemq-test-hivemq-platform] [hivemq-platform-operator] [300fbfae] 17:07:58.706 [ReconcilerExecutor-hivemq-controller-122] INFO  c.h.p.o.h.HiveMQPlatformReconcilerBaseHandler - [helmmoni] HiveMQ Platform is starting, 1 of 2 replicas are ready
2025-01-29 17:07:58,836 INFO c.h.h.t.HelmChartContainer - [test-hivemq-platform] [hivemq] [a8e6e206] INFO  - Cluster nodes found by discovery: [AFndn|1] (2) [AFndn, F1c2X].
2025-01-29 17:07:58,930 INFO c.h.h.t.HelmChartContainer - [test-hivemq-platform] [hivemq] [9a6bff7b] INFO  - Cluster nodes found by discovery: [AFndn|1] (2) [AFndn, F1c2X].
2025-01-29 17:07:59,227 INFO c.h.h.t.HelmChartContainer - [test-hivemq-platform] [hivemq] [9a6bff7b] INFO  - Cluster size = 1, members : [AFndn].
2025-01-29 17:07:59,641 INFO c.h.h.t.HelmChartContainer - [test-hivemq-platform] [hivemq] [9a6bff7b] INFO  - [HiveMQ Platform Operator Init App 1.7.0-SNAPSHOT] Returning Health API response 503 for readiness
2025-01-29 17:07:59,645 INFO c.h.h.t.HelmChartContainer - [EVENT] Warning [Unhealthy] Readiness probe failed: HTTP probe failed with statuscode: 503 [helmmonitoringplatformit:test-hivemq-platform-1]
2025-01-29 17:07:59,645 INFO c.h.h.t.HelmChartContainer - Received Unhealthy event for container hivemq in pod test-hivemq-platform-1 [9a6bff7b-b533-4b62-bd68-f429ef4601ce]
2025-01-29 17:07:59,942 INFO c.h.h.t.HelmChartContainer - [test-hivemq-platform] [hivemq] [9a6bff7b] INFO  - Starting cluster join process. This may take a while. Please do not shut down HiveMQ.
2025-01-29 17:08:00,029 INFO c.h.h.t.HelmChartContainer - [test-hivemq-platform] [hivemq] [9a6bff7b] INFO  - Cluster join process is still ongoing. Please do not shut down HiveMQ.
2025-01-29 17:08:02,038 INFO c.h.h.t.HelmChartContainer - [test-hivemq-platform] [hivemq] [a8e6e206] INFO  - Cluster size = 2, members : [AFndn, F1c2X].
2025-01-29 17:08:02,051 INFO c.h.h.t.HelmChartContainer - [test-hivemq-platform] [hivemq] [9a6bff7b] INFO  - Cluster size = 2, members : [AFndn, F1c2X].
2025-01-29 17:08:02,055 INFO c.h.h.t.HelmChartContainer - [test-hivemq-platform] [hivemq] [9a6bff7b] INFO  - Finished cluster join process successfully.
2025-01-29 17:08:02,057 INFO c.h.h.t.HelmChartContainer - [test-hivemq-platform] [hivemq] [9a6bff7b] WARN  - No user for HiveMQ Control Center configured. Starting with default user
2025-01-29 17:08:02,058 INFO c.h.h.t.HelmChartContainer - [test-hivemq-platform] [hivemq] [9a6bff7b] INFO  - Starting HiveMQ Control Center on address 0.0.0.0 and port 8080
2025-01-29 17:08:02,125 INFO c.h.h.t.HelmChartContainer - [test-hivemq-platform] [hivemq] [9a6bff7b] INFO  - Mounting HiveMQ Control Center V2 Preview
2025-01-29 17:08:02,742 INFO c.h.h.t.HelmChartContainer - [test-hivemq-platform] [hivemq] [9a6bff7b] INFO  - Started HiveMQ Control Center in 685ms
2025-01-29 17:08:02,834 INFO c.h.h.t.HelmChartContainer - [test-hivemq-platform] [hivemq] [9a6bff7b] INFO  - Starting TCP listener on address 0.0.0.0 and port 1883
2025-01-29 17:08:02,847 INFO c.h.h.t.HelmChartContainer - [test-hivemq-platform] [hivemq] [9a6bff7b] INFO  - Started TCP Listener on address 0.0.0.0 and on port 1883.
2025-01-29 17:08:02,848 INFO c.h.h.t.HelmChartContainer - [test-hivemq-platform] [hivemq] [9a6bff7b] INFO  - Started HiveMQ in 33021ms
2025-01-29 17:08:03,652 INFO c.h.h.t.HelmChartContainer - [test-hivemq-platform] [hivemq] [9a6bff7b] INFO  - [HiveMQ Platform Operator Init App 1.7.0-SNAPSHOT] Returning Health API response 200 for readiness
2025-01-29 17:08:03,665 INFO c.h.h.t.HelmChartContainer - [POD] test-hivemq-platform-1 [9a6bff7b-b533-4b62-bd68-f429ef4601ce] in helmmonitoringplatformit was MODIFIED
2025-01-29 17:08:03,671 INFO c.h.h.t.HelmChartContainer - [hivemq-test-hivemq-platform] [hivemq-platform-operator] [300fbfae] 17:08:03.667 [pool-6-thread-3] DEBUG c.h.p.o.d.PlatformServiceResource - [helmmoni] Desired Platform services (3 services)
2025-01-29 17:08:03,671 INFO c.h.h.t.HelmChartContainer - [hivemq-test-hivemq-platform] [hivemq-platform-operator] [300fbfae] 17:08:03.668 [pool-6-thread-7] DEBUG c.h.p.o.d.PodServiceAccountResource - [helmmoni] Desired PodServiceAccountResource (serviceAccountName: hivemq-platform-pod-test-hivemq-platform)
2025-01-29 17:08:03,674 INFO c.h.h.t.HelmChartContainer - [hivemq-test-hivemq-platform] [hivemq-platform-operator] [300fbfae] 17:08:03.674 [pool-6-thread-1] DEBUG c.h.p.o.dependants.PodInfoConfigMap - [helmmoni] Desired PodInfo ConfigMap (1 extensions) (1 enabled)
2025-01-29 17:08:03,678 INFO c.h.h.t.HelmChartContainer - [hivemq-test-hivemq-platform] [hivemq-platform-operator] [300fbfae] 17:08:03.674 [pool-6-thread-1] DEBUG c.h.p.o.dependants.PodInfoConfigMap - [helmmoni] Desired PodInfo ConfigMap (metrics port: 9399) (metrics path: /)
2025-01-29 17:08:03,678 INFO c.h.h.t.HelmChartContainer - [hivemq-test-hivemq-platform] [hivemq-platform-operator] [300fbfae] 17:08:03.675 [pool-6-thread-1] DEBUG c.h.p.o.dependants.PodInfoConfigMap - [helmmoni] Desired PodInfo ConfigMap (extension state hash: -1817474005)
2025-01-29 17:08:03,681 INFO c.h.h.t.HelmChartContainer - [hivemq-test-hivemq-platform] [hivemq-platform-operator] [300fbfae] 17:08:03.680 [pool-6-thread-1] DEBUG c.h.p.o.d.StatefulSetResource - [helmmoni] Desired StatefulSet (2 replicas) for status STARTING (READY)
2025-01-29 17:08:03,688 INFO c.h.h.t.HelmChartContainer - [hivemq-test-hivemq-platform] [hivemq-platform-operator] [300fbfae] 17:08:03.685 [ReconcilerExecutor-hivemq-controller-123] INFO  c.h.p.o.HiveMQPlatformReconciler - [helmmoni] Reconciling HiveMQ Platform 'test-hivemq-platform' in namespace 'helmmonitoringplatformit'
2025-01-29 17:08:03,688 INFO c.h.h.t.HelmChartContainer - [hivemq-test-hivemq-platform] [hivemq-platform-operator] [300fbfae] 17:08:03.685 [ReconcilerExecutor-hivemq-controller-123] DEBUG c.h.p.o.HiveMQPlatformReconciler - [helmmoni] Custom Resource Status STARTING - HiveMQ Platform is starting (READY)
2025-01-29 17:08:03,688 INFO c.h.h.t.HelmChartContainer - [hivemq-test-hivemq-platform] [hivemq-platform-operator] [300fbfae] 17:08:03.685 [ReconcilerExecutor-hivemq-controller-123] DEBUG c.h.p.o.HiveMQPlatformReconciler - [helmmoni] Custom Resource Spec (replicas: 2) (extensions: 1)
2025-01-29 17:08:03,688 INFO c.h.h.t.HelmChartContainer - [hivemq-test-hivemq-platform] [hivemq-platform-operator] [300fbfae] 17:08:03.686 [ReconcilerExecutor-hivemq-controller-123] DEBUG c.h.p.o.HiveMQPlatformReconciler - [helmmoni] StatefulSet Status (revision: test-hivemq-platform-64db946475, replicas: 2, available: 2, ready: 2, current: 2, updated: 2)
2025-01-29 17:08:03,688 INFO c.h.h.t.HelmChartContainer - [hivemq-test-hivemq-platform] [hivemq-platform-operator] [300fbfae] 17:08:03.686 [ReconcilerExecutor-hivemq-controller-123] DEBUG c.h.p.o.HiveMQPlatformReconciler - [helmmoni] StatefulSet Spec (replicas: 2, init containers: 1, containers: 1, volumes: 3)
2025-01-29 17:08:03,688 INFO c.h.h.t.HelmChartContainer - [hivemq-test-hivemq-platform] [hivemq-platform-operator] [300fbfae] 17:08:03.687 [ReconcilerExecutor-hivemq-controller-123] DEBUG c.h.p.o.h.HiveMQPlatformReconcilerErrorHandler - [helmmoni] Pod 'test-hivemq-platform-1' phase Running
2025-01-29 17:08:03,690 INFO c.h.h.t.HelmChartContainer - [hivemq-test-hivemq-platform] [hivemq-platform-operator] [300fbfae] 17:08:03.689 [ReconcilerExecutor-hivemq-controller-123] DEBUG c.h.p.o.h.HiveMQPlatformReconcilerErrorHandler - [helmmoni] Pod 'test-hivemq-platform-0' phase Running
2025-01-29 17:08:03,691 INFO c.h.h.t.HelmChartContainer - [hivemq-test-hivemq-platform] [hivemq-platform-operator] [300fbfae] 17:08:03.689 [ReconcilerExecutor-hivemq-controller-123] INFO  c.h.p.o.h.HiveMQPlatformReconcilerBaseHandler - [helmmoni] HiveMQ Platform started successfully
2025-01-29 17:08:03,742 INFO c.h.h.t.HelmChartContainer - [hivemq-test-hivemq-platform] [hivemq-platform-operator] [300fbfae] 17:08:03.740 [ReconcilerExecutor-hivemq-controller-123] DEBUG c.h.p.operator.event.EventSender - [helmmoni] Creating K8s event hivemq-platform-ready: [Ready] HiveMQ Platform is ready
2025-01-29 17:08:03,745 INFO c.h.h.t.HelmChartContainer - [EVENT] Normal [Ready] HiveMQ Platform is ready [helmmonitoringplatformit:test-hivemq-platform]
2025-01-29 17:08:03,746 INFO c.h.h.t.HelmChartContainer - [hivemq-test-hivemq-platform] [hivemq-platform-operator] [300fbfae] 17:08:03.745 [ReconcilerExecutor-hivemq-controller-123] INFO  c.h.p.o.h.AbstractHiveMQReconcilerStateHandler - [helmmoni] Update HiveMQ Platform Status (STARTING [READY] -> RUNNING [READY]): HiveMQ Platform is ready
2025-01-29 17:08:03,827 DEBUG com.hivemq.helmcharts.util.K8sUtil - Comparing actual state 'RUNNING' and waiting for 'RUNNING'
2025-01-29 17:08:03,836 INFO c.h.h.t.HelmChartContainer - [hivemq-test-hivemq-platform] [hivemq-platform-operator] [300fbfae] 17:08:03.832 [pool-6-thread-17] DEBUG c.h.p.o.d.PlatformServiceResource - [helmmoni] Desired Platform services (3 services)
2025-01-29 17:08:03,837 INFO c.h.h.t.HelmChartContainer - [hivemq-test-hivemq-platform] [hivemq-platform-operator] [300fbfae] 17:08:03.834 [pool-6-thread-16] DEBUG c.h.p.o.dependants.PodInfoConfigMap - [helmmoni] Desired PodInfo ConfigMap (1 extensions) (1 enabled)
2025-01-29 17:08:03,837 INFO c.h.h.t.HelmChartContainer - [hivemq-test-hivemq-platform] [hivemq-platform-operator] [300fbfae] 17:08:03.834 [pool-6-thread-16] DEBUG c.h.p.o.dependants.PodInfoConfigMap - [helmmoni] Desired PodInfo ConfigMap (metrics port: 9399) (metrics path: /)
2025-01-29 17:08:03,837 INFO c.h.h.t.HelmChartContainer - [hivemq-test-hivemq-platform] [hivemq-platform-operator] [300fbfae] 17:08:03.834 [pool-6-thread-16] DEBUG c.h.p.o.dependants.PodInfoConfigMap - [helmmoni] Desired PodInfo ConfigMap (extension state hash: -1817474005)
2025-01-29 17:08:03,837 INFO c.h.h.t.HelmChartContainer - [hivemq-test-hivemq-platform] [hivemq-platform-operator] [300fbfae] 17:08:03.834 [pool-6-thread-12] DEBUG c.h.p.o.d.PodServiceAccountResource - [helmmoni] Desired PodServiceAccountResource (serviceAccountName: hivemq-platform-pod-test-hivemq-platform)
2025-01-29 17:08:03,837 INFO c.h.h.t.HelmChartContainer - [hivemq-test-hivemq-platform] [hivemq-platform-operator] [300fbfae] 17:08:03.834 [pool-6-thread-16] DEBUG c.h.p.o.dependants.PodInfoConfigMap - [helmmoni] Update PodInfo ConfigMap
2025-01-29 17:08:03,848 INFO c.h.h.t.HelmChartContainer - [hivemq-test-hivemq-platform] [hivemq-platform-operator] [300fbfae] 17:08:03.846 [pool-6-thread-16] DEBUG c.h.p.o.d.StatefulSetResource - [helmmoni] Desired StatefulSet (2 replicas) for status RUNNING (READY)
2025-01-29 17:08:03,921 INFO c.h.h.t.HelmChartContainer - [hivemq-test-hivemq-platform] [hivemq-platform-operator] [300fbfae] 17:08:03.920 [ReconcilerExecutor-hivemq-controller-124] INFO  c.h.p.o.HiveMQPlatformReconciler - [helmmoni] Reconciling HiveMQ Platform 'test-hivemq-platform' in namespace 'helmmonitoringplatformit'
2025-01-29 17:08:03,922 INFO c.h.h.t.HelmChartContainer - [hivemq-test-hivemq-platform] [hivemq-platform-operator] [300fbfae] 17:08:03.920 [ReconcilerExecutor-hivemq-controller-124] DEBUG c.h.p.o.HiveMQPlatformReconciler - [helmmoni] Custom Resource Status RUNNING - HiveMQ Platform is ready (READY)
2025-01-29 17:08:03,922 INFO c.h.h.t.HelmChartContainer - [hivemq-test-hivemq-platform] [hivemq-platform-operator] [300fbfae] 17:08:03.920 [ReconcilerExecutor-hivemq-controller-124] DEBUG c.h.p.o.HiveMQPlatformReconciler - [helmmoni] Custom Resource Spec (replicas: 2) (extensions: 1)
2025-01-29 17:08:03,923 INFO c.h.h.t.HelmChartContainer - [hivemq-test-hivemq-platform] [hivemq-platform-operator] [300fbfae] 17:08:03.921 [ReconcilerExecutor-hivemq-controller-124] DEBUG c.h.p.o.HiveMQPlatformReconciler - [helmmoni] StatefulSet Status (revision: test-hivemq-platform-64db946475, replicas: 2, available: 2, ready: 2, current: 2, updated: 2)
2025-01-29 17:08:03,923 INFO c.h.h.t.HelmChartContainer - [hivemq-test-hivemq-platform] [hivemq-platform-operator] [300fbfae] 17:08:03.921 [ReconcilerExecutor-hivemq-controller-124] DEBUG c.h.p.o.HiveMQPlatformReconciler - [helmmoni] StatefulSet Spec (replicas: 2, init containers: 1, containers: 1, volumes: 3)
2025-01-29 17:08:03,925 INFO c.h.h.t.HelmChartContainer - [hivemq-test-hivemq-platform] [hivemq-platform-operator] [300fbfae] 17:08:03.923 [ReconcilerExecutor-hivemq-controller-124] DEBUG c.h.p.o.h.HiveMQPlatformReconcilerErrorHandler - [helmmoni] Pod 'test-hivemq-platform-1' phase Running
2025-01-29 17:08:03,925 INFO c.h.h.t.HelmChartContainer - [hivemq-test-hivemq-platform] [hivemq-platform-operator] [300fbfae] 17:08:03.924 [ReconcilerExecutor-hivemq-controller-124] DEBUG c.h.p.o.h.HiveMQPlatformReconcilerErrorHandler - [helmmoni] Pod 'test-hivemq-platform-0' phase Running
Request method:	GET
Request URI:	http://localhost:41255/api/v1/query?query=com_hivemq_cluster_nodes_count
Proxy:			<none>
Request params:	query=com_hivemq_cluster_nodes_count
Query params:	<none>
Form params:	<none>
Path params:	<none>
Headers:		Accept=*/*
Cookies:		<none>
Multiparts:		<none>
Body:			<none>
HTTP/1.1 200 OK
Content-Encoding: gzip
Content-Type: application/json
Date: Wed, 29 Jan 2025 17:08:09 GMT
Content-Length: 267

{
    "status": "success",
    "data": {
        "resultType": "vector",
        "result": [
            {
                "metric": {
                    "__name__": "com_hivemq_cluster_nodes_count",
                    "container": "hivemq",
                    "endpoint": "metrics-9399",
                    "instance": "10.42.0.17:9399",
                    "job": "hivemq-test-hivemq-platform-metrics-9399",
                    "namespace": "helmmonitoringplatformit",
                    "pod": "test-hivemq-platform-0",
                    "service": "hivemq-test-hivemq-platform-metrics-9399"
                },
                "value": [
                    1738170489.447,
                    "2"
                ]
            },
            {
                "metric": {
                    "__name__": "com_hivemq_cluster_nodes_count",
                    "container": "hivemq",
                    "endpoint": "metrics-9399",
                    "instance": "10.42.0.18:9399",
                    "job": "hivemq-test-hivemq-platform-metrics-9399",
                    "namespace": "helmmonitoringplatformit",
                    "pod": "test-hivemq-platform-1",
                    "service": "hivemq-test-hivemq-platform-metrics-9399"
                },
                "value": [
                    1738170489.447,
                    "1"
                ]
            }
        ]
    }
}
2025-01-29 17:08:13,936 INFO c.h.h.t.HelmChartContainer - [hivemq-test-hivemq-platform] [hivemq-platform-operator] [300fbfae] 17:08:13.927 [pool-6-thread-30] DEBUG c.h.p.o.d.PlatformServiceResource - [helmmoni] Desired Platform services (3 services)
2025-01-29 17:08:13,937 INFO c.h.h.t.HelmChartContainer - [hivemq-test-hivemq-platform] [hivemq-platform-operator] [300fbfae] 17:08:13.927 [pool-6-thread-23] DEBUG c.h.p.o.dependants.PodInfoConfigMap - [helmmoni] Desired PodInfo ConfigMap (1 extensions) (1 enabled)
2025-01-29 17:08:13,938 INFO c.h.h.t.HelmChartContainer - [hivemq-test-hivemq-platform] [hivemq-platform-operator] [300fbfae] 17:08:13.927 [pool-6-thread-23] DEBUG c.h.p.o.dependants.PodInfoConfigMap - [helmmoni] Desired PodInfo ConfigMap (metrics port: 9399) (metrics path: /)
2025-01-29 17:08:13,938 INFO c.h.h.t.HelmChartContainer - [hivemq-test-hivemq-platform] [hivemq-platform-operator] [300fbfae] 17:08:13.928 [pool-6-thread-22] DEBUG c.h.p.o.d.PodServiceAccountResource - [helmmoni] Desired PodServiceAccountResource (serviceAccountName: hivemq-platform-pod-test-hivemq-platform)
2025-01-29 17:08:13,938 INFO c.h.h.t.HelmChartContainer - [hivemq-test-hivemq-platform] [hivemq-platform-operator] [300fbfae] 17:08:13.929 [pool-6-thread-23] DEBUG c.h.p.o.dependants.PodInfoConfigMap - [helmmoni] Desired PodInfo ConfigMap (extension state hash: -1817474005)
2025-01-29 17:08:13,938 INFO c.h.h.t.HelmChartContainer - [hivemq-test-hivemq-platform] [hivemq-platform-operator] [300fbfae] 17:08:13.932 [pool-6-thread-30] DEBUG c.h.p.o.d.StatefulSetResource - [helmmoni] Desired StatefulSet (2 replicas) for status RUNNING (READY)
2025-01-29 17:08:13,938 INFO c.h.h.t.HelmChartContainer - [hivemq-test-hivemq-platform] [hivemq-platform-operator] [300fbfae] 17:08:13.934 [ReconcilerExecutor-hivemq-controller-125] INFO  c.h.p.o.HiveMQPlatformReconciler - [helmmoni] Reconciling HiveMQ Platform 'test-hivemq-platform' in namespace 'helmmonitoringplatformit'
2025-01-29 17:08:13,938 INFO c.h.h.t.HelmChartContainer - [hivemq-test-hivemq-platform] [hivemq-platform-operator] [300fbfae] 17:08:13.934 [ReconcilerExecutor-hivemq-controller-125] DEBUG c.h.p.o.HiveMQPlatformReconciler - [helmmoni] Custom Resource Status RUNNING - HiveMQ Platform is ready (READY)
2025-01-29 17:08:13,939 INFO c.h.h.t.HelmChartContainer - [hivemq-test-hivemq-platform] [hivemq-platform-operator] [300fbfae] 17:08:13.934 [ReconcilerExecutor-hivemq-controller-125] DEBUG c.h.p.o.HiveMQPlatformReconciler - [helmmoni] Custom Resource Spec (replicas: 2) (extensions: 1)
2025-01-29 17:08:13,939 INFO c.h.h.t.HelmChartContainer - [hivemq-test-hivemq-platform] [hivemq-platform-operator] [300fbfae] 17:08:13.935 [ReconcilerExecutor-hivemq-controller-125] DEBUG c.h.p.o.HiveMQPlatformReconciler - [helmmoni] StatefulSet Status (revision: test-hivemq-platform-64db946475, replicas: 2, available: 2, ready: 2, current: 2, updated: 2)
2025-01-29 17:08:13,939 INFO c.h.h.t.HelmChartContainer - [hivemq-test-hivemq-platform] [hivemq-platform-operator] [300fbfae] 17:08:13.935 [ReconcilerExecutor-hivemq-controller-125] DEBUG c.h.p.o.HiveMQPlatformReconciler - [helmmoni] StatefulSet Spec (replicas: 2, init containers: 1, containers: 1, volumes: 3)
2025-01-29 17:08:13,939 INFO c.h.h.t.HelmChartContainer - [hivemq-test-hivemq-platform] [hivemq-platform-operator] [300fbfae] 17:08:13.936 [ReconcilerExecutor-hivemq-controller-125] DEBUG c.h.p.o.h.HiveMQPlatformReconcilerErrorHandler - [helmmoni] Pod 'test-hivemq-platform-1' phase Running
2025-01-29 17:08:13,940 INFO c.h.h.t.HelmChartContainer - [hivemq-test-hivemq-platform] [hivemq-platform-operator] [300fbfae] 17:08:13.939 [ReconcilerExecutor-hivemq-controller-125] DEBUG c.h.p.o.h.HiveMQPlatformReconcilerErrorHandler - [helmmoni] Pod 'test-hivemq-platform-0' phase Running
Request method:	GET
Request URI:	http://localhost:40361/api/v1/query?query=com_hivemq_cluster_nodes_count
Proxy:			<none>
Request params:	query=com_hivemq_cluster_nodes_count
Query params:	<none>
Form params:	<none>
Path params:	<none>
Headers:		Accept=*/*
Cookies:		<none>
Multiparts:		<none>
Body:			<none>
HTTP/1.1 200 OK
Content-Encoding: gzip
Content-Type: application/json
Date: Wed, 29 Jan 2025 17:08:14 GMT
Content-Length: 267

{
    "status": "success",
    "data": {
        "resultType": "vector",
        "result": [
            {
                "metric": {
                    "__name__": "com_hivemq_cluster_nodes_count",
                    "container": "hivemq",
                    "endpoint": "metrics-9399",
                    "instance": "10.42.0.17:9399",
                    "job": "hivemq-test-hivemq-platform-metrics-9399",
                    "namespace": "helmmonitoringplatformit",
                    "pod": "test-hivemq-platform-0",
                    "service": "hivemq-test-hivemq-platform-metrics-9399"
                },
                "value": [
                    1738170494.613,
                    "2"
                ]
            },
            {
                "metric": {
                    "__name__": "com_hivemq_cluster_nodes_count",
                    "container": "hivemq",
                    "endpoint": "metrics-9399",
                    "instance": "10.42.0.18:9399",
                    "job": "hivemq-test-hivemq-platform-metrics-9399",
                    "namespace": "helmmonitoringplatformit",
                    "pod": "test-hivemq-platform-1",
                    "service": "hivemq-test-hivemq-platform-metrics-9399"
                },
                "value": [
                    1738170494.613,
                    "1"
                ]
            }
        ]
    }
}
Request method:	GET
Request URI:	http://localhost:35663/api/v1/query?query=com_hivemq_cluster_nodes_count
Proxy:			<none>
Request params:	query=com_hivemq_cluster_nodes_count
Query params:	<none>
Form params:	<none>
Path params:	<none>
Headers:		Accept=*/*
Cookies:		<none>
Multiparts:		<none>
Body:			<none>
HTTP/1.1 200 OK
Content-Encoding: gzip
Content-Type: application/json
Date: Wed, 29 Jan 2025 17:08:19 GMT
Content-Length: 263

{
    "status": "success",
    "data": {
        "resultType": "vector",
        "result": [
            {
                "metric": {
                    "__name__": "com_hivemq_cluster_nodes_count",
                    "container": "hivemq",
                    "endpoint": "metrics-9399",
                    "instance": "10.42.0.17:9399",
                    "job": "hivemq-test-hivemq-platform-metrics-9399",
                    "namespace": "helmmonitoringplatformit",
                    "pod": "test-hivemq-platform-0",
                    "service": "hivemq-test-hivemq-platform-metrics-9399"
                },
                "value": [
                    1738170499.690,
                    "2"
                ]
            },
            {
                "metric": {
                    "__name__": "com_hivemq_cluster_nodes_count",
                    "container": "hivemq",
                    "endpoint": "metrics-9399",
                    "instance": "10.42.0.18:9399",
                    "job": "hivemq-test-hivemq-platform-metrics-9399",
                    "namespace": "helmmonitoringplatformit",
                    "pod": "test-hivemq-platform-1",
                    "service": "hivemq-test-hivemq-platform-metrics-9399"
                },
                "value": [
                    1738170499.690,
                    "2"
                ]
            }
        ]
    }
}
2025-01-29 17:08:20,585 INFO c.h.h.t.HelmChartContainer - [test-hivemq-platform] [hivemq] [9a6bff7b] INFO  - [HiveMQ Platform Operator Init App 1.7.0-SNAPSHOT] Returning Health API response 200 for liveness
2025-01-29 17:08:23,943 INFO c.h.h.t.HelmChartContainer - [hivemq-test-hivemq-platform] [hivemq-platform-operator] [300fbfae] 17:08:23.941 [pool-6-thread-33] DEBUG c.h.p.o.d.PlatformServiceResource - [helmmoni] Desired Platform services (3 services)
2025-01-29 17:08:23,944 INFO c.h.h.t.HelmChartContainer - [hivemq-test-hivemq-platform] [hivemq-platform-operator] [300fbfae] 17:08:23.942 [pool-6-thread-35] DEBUG c.h.p.o.d.PodServiceAccountResource - [helmmoni] Desired PodServiceAccountResource (serviceAccountName: hivemq-platform-pod-test-hivemq-platform)
2025-01-29 17:08:23,945 INFO c.h.h.t.HelmChartContainer - [hivemq-test-hivemq-platform] [hivemq-platform-operator] [300fbfae] 17:08:23.944 [pool-6-thread-40] DEBUG c.h.p.o.dependants.PodInfoConfigMap - [helmmoni] Desired PodInfo ConfigMap (1 extensions) (1 enabled)
2025-01-29 17:08:23,945 INFO c.h.h.t.HelmChartContainer - [hivemq-test-hivemq-platform] [hivemq-platform-operator] [300fbfae] 17:08:23.944 [pool-6-thread-40] DEBUG c.h.p.o.dependants.PodInfoConfigMap - [helmmoni] Desired PodInfo ConfigMap (metrics port: 9399) (metrics path: /)
2025-01-29 17:08:23,945 INFO c.h.h.t.HelmChartContainer - [hivemq-test-hivemq-platform] [hivemq-platform-operator] [300fbfae] 17:08:23.944 [pool-6-thread-40] DEBUG c.h.p.o.dependants.PodInfoConfigMap - [helmmoni] Desired PodInfo ConfigMap (extension state hash: -1817474005)
2025-01-29 17:08:23,948 INFO c.h.h.t.HelmChartContainer - [hivemq-test-hivemq-platform] [hivemq-platform-operator] [300fbfae] 17:08:23.947 [pool-6-thread-33] DEBUG c.h.p.o.d.StatefulSetResource - [helmmoni] Desired StatefulSet (2 replicas) for status RUNNING (READY)
2025-01-29 17:08:23,951 INFO c.h.h.t.HelmChartContainer - [hivemq-test-hivemq-platform] [hivemq-platform-operator] [300fbfae] 17:08:23.951 [ReconcilerExecutor-hivemq-controller-126] INFO  c.h.p.o.HiveMQPlatformReconciler - [helmmoni] Reconciling HiveMQ Platform 'test-hivemq-platform' in namespace 'helmmonitoringplatformit'
2025-01-29 17:08:23,953 INFO c.h.h.t.HelmChartContainer - [hivemq-test-hivemq-platform] [hivemq-platform-operator] [300fbfae] 17:08:23.951 [ReconcilerExecutor-hivemq-controller-126] DEBUG c.h.p.o.HiveMQPlatformReconciler - [helmmoni] Custom Resource Status RUNNING - HiveMQ Platform is ready (READY)
2025-01-29 17:08:23,953 INFO c.h.h.t.HelmChartContainer - [hivemq-test-hivemq-platform] [hivemq-platform-operator] [300fbfae] 17:08:23.951 [ReconcilerExecutor-hivemq-controller-126] DEBUG c.h.p.o.HiveMQPlatformReconciler - [helmmoni] Custom Resource Spec (replicas: 2) (extensions: 1)
2025-01-29 17:08:23,954 INFO c.h.h.t.HelmChartContainer - [hivemq-test-hivemq-platform] [hivemq-platform-operator] [300fbfae] 17:08:23.953 [ReconcilerExecutor-hivemq-controller-126] DEBUG c.h.p.o.HiveMQPlatformReconciler - [helmmoni] StatefulSet Status (revision: test-hivemq-platform-64db946475, replicas: 2, available: 2, ready: 2, current: 2, updated: 2)
2025-01-29 17:08:23,955 INFO c.h.h.t.HelmChartContainer - [hivemq-test-hivemq-platform] [hivemq-platform-operator] [300fbfae] 17:08:23.953 [ReconcilerExecutor-hivemq-controller-126] DEBUG c.h.p.o.HiveMQPlatformReconciler - [helmmoni] StatefulSet Spec (replicas: 2, init containers: 1, containers: 1, volumes: 3)
2025-01-29 17:08:23,956 INFO c.h.h.t.HelmChartContainer - [hivemq-test-hivemq-platform] [hivemq-platform-operator] [300fbfae] 17:08:23.954 [ReconcilerExecutor-hivemq-controller-126] DEBUG c.h.p.o.h.HiveMQPlatformReconcilerErrorHandler - [helmmoni] Pod 'test-hivemq-platform-1' phase Running
2025-01-29 17:08:23,959 INFO c.h.h.t.HelmChartContainer - [hivemq-test-hivemq-platform] [hivemq-platform-operator] [300fbfae] 17:08:23.957 [ReconcilerExecutor-hivemq-controller-126] DEBUG c.h.p.o.h.HiveMQPlatformReconcilerErrorHandler - [helmmoni] Pod 'test-hivemq-platform-0' phase Running
Request method:	GET
Request URI:	http://localhost:35281/api/search
Proxy:			<none>
Request params:	<none>
Query params:	<none>
Form params:	<none>
Path params:	<none>
Headers:		Authorization=Basic YWRtaW46cHJvbS1vcGVyYXRvcg==
				Accept=*/*
Cookies:		<none>
Multiparts:		<none>
Body:			<none>
HTTP/1.1 200 OK
Cache-Control: no-store
Content-Type: application/json
X-Content-Type-Options: nosniff
X-Frame-Options: deny
X-Xss-Protection: 1; mode=block
Date: Wed, 29 Jan 2025 17:08:24 GMT
Transfer-Encoding: chunked

[
    {
        "id": 1,
        "uid": "alertmanager-overview",
        "title": "Alertmanager / Overview",
        "uri": "db/alertmanager-overview",
        "url": "/d/alertmanager-overview/alertmanager-overview",
        "slug": "",
        "type": "dash-db",
        "tags": [
            "alertmanager-mixin"
        ],
        "isStarred": false,
        "sortMeta": 0,
        "isDeleted": false
    },
    {
        "id": 7,
        "uid": "vkQ0UHxik",
        "title": "CoreDNS",
        "uri": "db/coredns",
        "url": "/d/vkQ0UHxik/coredns",
        "slug": "",
        "type": "dash-db",
        "tags": [
            "coredns",
            "dns"
        ],
        "isStarred": false,
        "sortMeta": 0,
        "isDeleted": false
    },
    {
        "id": 5,
        "uid": "c2f4e12cdf69feb95caa41a5a1b423d9",
        "title": "etcd",
        "uri": "db/etcd",
        "url": "/d/c2f4e12cdf69feb95caa41a5a1b423d9/etcd",
        "slug": "",
        "type": "dash-db",
        "tags": [
            "etcd-mixin"
        ],
        "isStarred": false,
        "sortMeta": 0,
        "isDeleted": false
    },
    {
        "id": 6,
        "uid": "6be0s85Mk",
        "title": "Grafana Overview",
        "uri": "db/grafana-overview",
        "url": "/d/6be0s85Mk/grafana-overview",
        "slug": "",
        "type": "dash-db",
        "tags": [
            
        ],
        "isStarred": false,
        "sortMeta": 0,
        "isDeleted": false
    },
    {
        "id": 29,
        "uid": "febh0f4y52tq8c",
        "title": "HiveMQ Platform (Prometheus)",
        "uri": "db/hivemq-platform-prometheus",
        "url": "/d/febh0f4y52tq8c/hivemq-platform-prometheus",
        "slug": "",
        "type": "dash-db",
        "tags": [
            
        ],
        "isStarred": false,
        "sortMeta": 0,
        "isDeleted": false
    },
    {
        "id": 2,
        "uid": "09ec8aa1e996d6ffcd6817bbaff4db1b",
        "title": "Kubernetes / API server",
        "uri": "db/kubernetes-api-server",
        "url": "/d/09ec8aa1e996d6ffcd6817bbaff4db1b/kubernetes-api-server",
        "slug": "",
        "type": "dash-db",
        "tags": [
            "kubernetes-mixin"
        ],
        "isStarred": false,
        "sortMeta": 0,
        "isDeleted": false
    },
    {
        "id": 9,
        "uid": "b59e6c9f2fcbe2e16d77fc492374cc4f",
        "title": "Kubernetes / Compute Resources /  Multi-Cluster",
        "uri": "db/kubernetes-compute-resources-multi-cluster",
        "url": "/d/b59e6c9f2fcbe2e16d77fc492374cc4f/kubernetes-compute-resources-multi-cluster",
        "slug": "",
        "type": "dash-db",
        "tags": [
            "kubernetes-mixin"
        ],
        "isStarred": false,
        "sortMeta": 0,
        "isDeleted": false
    },
    {
        "id": 8,
        "uid": "efa86fd1d0c121a26444b636a3f509a8",
        "title": "Kubernetes / Compute Resources / Cluster",
        "uri": "db/kubernetes-compute-resources-cluster",
        "url": "/d/efa86fd1d0c121a26444b636a3f509a8/kubernetes-compute-resources-cluster",
        "slug": "",
        "type": "dash-db",
        "tags": [
            "kubernetes-mixin"
        ],
        "isStarred": false,
        "sortMeta": 0,
        "isDeleted": false
    },
    {
        "id": 10,
        "uid": "85a562078cdf77779eaa1add43ccec1e",
        "title": "Kubernetes / Compute Resources / Namespace (Pods)",
        "uri": "db/kubernetes-compute-resources-namespace-pods",
        "url": "/d/85a562078cdf77779eaa1add43ccec1e/kubernetes-compute-resources-namespace-pods",
        "slug": "",
        "type": "dash-db",
        "tags": [
            "kubernetes-mixin"
        ],
        "isStarred": false,
        "sortMeta": 0,
        "isDeleted": false
    },
    {
        "id": 14,
        "uid": "a87fb0d919ec0ea5f6543124e16c42a5",
        "title": "Kubernetes / Compute Resources / Namespace (Workloads)",
        "uri": "db/kubernetes-compute-resources-namespace-workloads",
        "url": "/d/a87fb0d919ec0ea5f6543124e16c42a5/kubernetes-compute-resources-namespace-workloads",
        "slug": "",
        "type": "dash-db",
        "tags": [
            "kubernetes-mixin"
        ],
        "isStarred": false,
        "sortMeta": 0,
        "isDeleted": false
    },
    {
        "id": 11,
        "uid": "200ac8fdbfbb74b39aff88118e4d1c2c",
        "title": "Kubernetes / Compute Resources / Node (Pods)",
        "uri": "db/kubernetes-compute-resources-node-pods",
        "url": "/d/200ac8fdbfbb74b39aff88118e4d1c2c/kubernetes-compute-resources-node-pods",
        "slug": "",
        "type": "dash-db",
        "tags": [
            "kubernetes-mixin"
        ],
        "isStarred": false,
        "sortMeta": 0,
        "isDeleted": false
    },
    {
        "id": 12,
        "uid": "6581e46e4e5c7ba40a07646395ef7b23",
        "title": "Kubernetes / Compute Resources / Pod",
        "uri": "db/kubernetes-compute-resources-pod",
        "url": "/d/6581e46e4e5c7ba40a07646395ef7b23/kubernetes-compute-resources-pod",
        "slug": "",
        "type": "dash-db",
        "tags": [
            "kubernetes-mixin"
        ],
        "isStarred": false,
        "sortMeta": 0,
        "isDeleted": false
    },
    {
        "id": 13,
        "uid": "a164a7f0339f99e89cea5cb47e9be617",
        "title": "Kubernetes / Compute Resources / Workload",
        "uri": "db/kubernetes-compute-resources-workload",
        "url": "/d/a164a7f0339f99e89cea5cb47e9be617/kubernetes-compute-resources-workload",
        "slug": "",
        "type": "dash-db",
        "tags": [
            "kubernetes-mixin"
        ],
        "isStarred": false,
        "sortMeta": 0,
        "isDeleted": false
    },
    {
        "id": 4,
        "uid": "72e0e05bef5099e5f049b05fdc429ed4",
        "title": "Kubernetes / Controller Manager",
        "uri": "db/kubernetes-controller-manager",
        "url": "/d/72e0e05bef5099e5f049b05fdc429ed4/kubernetes-controller-manager",
        "slug": "",
        "type": "dash-db",
        "tags": [
            "kubernetes-mixin"
        ],
        "isStarred": false,
        "sortMeta": 0,
        "isDeleted": false
    },
    {
        "id": 15,
        "uid": "3138fa155d5915769fbded898ac09fd9",
        "title": "Kubernetes / Kubelet",
        "uri": "db/kubernetes-kubelet",
        "url": "/d/3138fa155d5915769fbded898ac09fd9/kubernetes-kubelet",
        "slug": "",
        "type": "dash-db",
        "tags": [
            "kubernetes-mixin"
        ],
        "isStarred": false,
        "sortMeta": 0,
        "isDeleted": false
    },
    {
        "id": 3,
        "uid": "ff635a025bcfea7bc3dd4f508990a3e9",
        "title": "Kubernetes / Networking / Cluster",
        "uri": "db/kubernetes-networking-cluster",
        "url": "/d/ff635a025bcfea7bc3dd4f508990a3e9/kubernetes-networking-cluster",
        "slug": "",
        "type": "dash-db",
        "tags": [
            "kubernetes-mixin"
        ],
        "isStarred": false,
        "sortMeta": 0,
        "isDeleted": false
    },
    {
        "id": 16,
        "uid": "8b7a8b326d7a6f1f04244066368c67af",
        "title": "Kubernetes / Networking / Namespace (Pods)",
        "uri": "db/kubernetes-networking-namespace-pods",
        "url": "/d/8b7a8b326d7a6f1f04244066368c67af/kubernetes-networking-namespace-pods",
        "slug": "",
        "type": "dash-db",
        "tags": [
            "kubernetes-mixin"
        ],
        "isStarred": false,
        "sortMeta": 0,
        "isDeleted": false
    },
    {
        "id": 17,
        "uid": "bbb2a765a623ae38130206c7d94a160f",
        "title": "Kubernetes / Networking / Namespace (Workload)",
        "uri": "db/kubernetes-networking-namespace-workload",
        "url": "/d/bbb2a765a623ae38130206c7d94a160f/kubernetes-networking-namespace-workload",
        "slug": "",
        "type": "dash-db",
        "tags": [
            "kubernetes-mixin"
        ],
        "isStarred": false,
        "sortMeta": 0,
        "isDeleted": false
    },
    {
        "id": 24,
        "uid": "7a18067ce943a40ae25454675c19ff5c",
        "title": "Kubernetes / Networking / Pod",
        "uri": "db/kubernetes-networking-pod",
        "url": "/d/7a18067ce943a40ae25454675c19ff5c/kubernetes-networking-pod",
        "slug": "",
        "type": "dash-db",
        "tags": [
            "kubernetes-mixin"
        ],
        "isStarred": false,
        "sortMeta": 0,
        "isDeleted": false
    },
    {
        "id": 28,
        "uid": "728bf77cc1166d2f3133bf25846876cc",
        "title": "Kubernetes / Networking / Workload",
        "uri": "db/kubernetes-networking-workload",
        "url": "/d/728bf77cc1166d2f3133bf25846876cc/kubernetes-networking-workload",
        "slug": "",
        "type": "dash-db",
        "tags": [
            "kubernetes-mixin"
        ],
        "isStarred": false,
        "sortMeta": 0,
        "isDeleted": false
    },
    {
        "id": 23,
        "uid": "919b92a8e8041bd567af9edab12c840c",
        "title": "Kubernetes / Persistent Volumes",
        "uri": "db/kubernetes-persistent-volumes",
        "url": "/d/919b92a8e8041bd567af9edab12c840c/kubernetes-persistent-volumes",
        "slug": "",
        "type": "dash-db",
        "tags": [
            "kubernetes-mixin"
        ],
        "isStarred": false,
        "sortMeta": 0,
        "isDeleted": false
    },
    {
        "id": 26,
        "uid": "632e265de029684c40b21cb76bca4f94",
        "title": "Kubernetes / Proxy",
        "uri": "db/kubernetes-proxy",
        "url": "/d/632e265de029684c40b21cb76bca4f94/kubernetes-proxy",
        "slug": "",
        "type": "dash-db",
        "tags": [
            "kubernetes-mixin"
        ],
        "isStarred": false,
        "sortMeta": 0,
        "isDeleted": false
    },
    {
        "id": 27,
        "uid": "2e6b6a3b4bddf1427b3a55aa1311c656",
        "title": "Kubernetes / Scheduler",
        "uri": "db/kubernetes-scheduler",
        "url": "/d/2e6b6a3b4bddf1427b3a55aa1311c656/kubernetes-scheduler",
        "slug": "",
        "type": "dash-db",
        "tags": [
            "kubernetes-mixin"
        ],
        "isStarred": false,
        "sortMeta": 0,
        "isDeleted": false
    },
    {
        "id": 21,
        "uid": "7e0a61e486f727d763fb1d86fdd629c2",
        "title": "Node Exporter / AIX",
        "uri": "db/node-exporter-aix",
        "url": "/d/7e0a61e486f727d763fb1d86fdd629c2/node-exporter-aix",
        "slug": "",
        "type": "dash-db",
        "tags": [
            "node-exporter-mixin"
        ],
        "isStarred": false,
        "sortMeta": 0,
        "isDeleted": false
    },
    {
        "id": 22,
        "uid": "629701ea43bf69291922ea45f4a87d37",
        "title": "Node Exporter / MacOS",
        "uri": "db/node-exporter-macos",
        "url": "/d/629701ea43bf69291922ea45f4a87d37/node-exporter-macos",
        "slug": "",
        "type": "dash-db",
        "tags": [
            "node-exporter-mixin"
        ],
        "isStarred": false,
        "sortMeta": 0,
        "isDeleted": false
    },
    {
        "id": 20,
        "uid": "7d57716318ee0dddbac5a7f451fb7753",
        "title": "Node Exporter / Nodes",
        "uri": "db/node-exporter-nodes",
        "url": "/d/7d57716318ee0dddbac5a7f451fb7753/node-exporter-nodes",
        "slug": "",
        "type": "dash-db",
        "tags": [
            "node-exporter-mixin"
        ],
        "isStarred": false,
        "sortMeta": 0,
        "isDeleted": false
    },
    {
        "id": 18,
        "uid": "3e97d1d02672cdd0861f4c97c64f89b2",
        "title": "Node Exporter / USE Method / Cluster",
        "uri": "db/node-exporter-use-method-cluster",
        "url": "/d/3e97d1d02672cdd0861f4c97c64f89b2/node-exporter-use-method-cluster",
        "slug": "",
        "type": "dash-db",
        "tags": [
            "node-exporter-mixin"
        ],
        "isStarred": false,
        "sortMeta": 0,
        "isDeleted": false
    },
    {
        "id": 19,
        "uid": "fac67cfbe174d3ef53eb473d73d9212f",
        "title": "Node Exporter / USE Method / Node",
        "uri": "db/node-exporter-use-method-node",
        "url": "/d/fac67cfbe174d3ef53eb473d73d9212f/node-exporter-use-method-node",
        "slug": "",
        "type": "dash-db",
        "tags": [
            "node-exporter-mixin"
        ],
        "isStarred": false,
        "sortMeta": 0,
        "isDeleted": false
    },
    {
        "id": 25,
        "uid": "bebh0ee2regw0f",
        "title": "Prometheus / Overview",
        "uri": "db/prometheus-overview",
        "url": "/d/bebh0ee2regw0f/prometheus-overview",
        "slug": "",
        "type": "dash-db",
        "tags": [
            "prometheus-mixin"
        ],
        "isStarred": false,
        "sortMeta": 0,
        "isDeleted": false
    }
]
2025-01-29 17:08:24,814 INFO c.h.h.t.HelmChartContainer - Uninstalling release 'monitoring-stack' in namespace 'monitoring'...
2025-01-29 17:08:24,814 DEBUG c.h.h.t.HelmChartContainer - Executing helm command: /bin/helm --kubeconfig /etc/rancher/k3s/k3s.yaml uninstall monitoring-stack  --wait --timeout 5m0s --cascade foreground --namespace monitoring
2025-01-29 17:08:26,143 INFO c.h.h.t.HelmChartContainer - [K3S] [replica_set.go:679] "Finished syncing" kind="ReplicaSet" key="monitoring/monitoring-stack-kube-prom-operator-6998896c" duration="3.511538ms"
2025-01-29 17:08:26,143 INFO c.h.h.t.HelmChartContainer - [K3S] [replica_set.go:679] "Finished syncing" kind="ReplicaSet" key="monitoring/monitoring-stack-kube-prom-operator-6998896c" duration="41.879µs"
2025-01-29 17:08:26,720 INFO c.h.h.t.HelmChartContainer - [K3S] [replica_set.go:679] "Finished syncing" kind="ReplicaSet" key="monitoring/monitoring-stack-grafana-64c55fb967" duration="4.706095ms"
2025-01-29 17:08:26,720 INFO c.h.h.t.HelmChartContainer - [K3S] [replica_set.go:679] "Finished syncing" kind="ReplicaSet" key="monitoring/monitoring-stack-grafana-64c55fb967" duration="65.583µs"
2025-01-29 17:08:26,743 INFO c.h.h.t.HelmChartContainer - [K3S] [replica_set.go:679] "Finished syncing" kind="ReplicaSet" key="monitoring/monitoring-stack-kube-state-metrics-5bf5c7b54d" duration="3.020349ms"
2025-01-29 17:08:26,743 INFO c.h.h.t.HelmChartContainer - [K3S] [replica_set.go:679] "Finished syncing" kind="ReplicaSet" key="monitoring/monitoring-stack-kube-state-metrics-5bf5c7b54d" duration="36.909µs"
2025-01-29 17:08:26,891 INFO c.h.h.t.HelmChartContainer - [POD] monitoring-stack-prometheus-node-exporter-fpncc [fd4f21db-9e58-4767-9c60-a27b7c4aafd8] in monitoring was MODIFIED
2025-01-29 17:08:26,895 INFO c.h.h.t.HelmChartContainer - [EVENT] Normal [Killing] Stopping container node-exporter [monitoring:monitoring-stack-prometheus-node-exporter-fpncc]
2025-01-29 17:08:27,000 INFO c.h.h.t.HelmChartContainer - [POD] monitoring-stack-prometheus-node-exporter-fpncc [fd4f21db-9e58-4767-9c60-a27b7c4aafd8] in monitoring was MODIFIED
2025-01-29 17:08:27,121 INFO c.h.h.t.HelmChartContainer - [K3S] [reconciler_common.go:162] "operationExecutor.UnmountVolume started for volume \"sys\" (UniqueName: \"kubernetes.io/host-path/fd4f21db-9e58-4767-9c60-a27b7c4aafd8-sys\") pod \"fd4f21db-9e58-4767-9c60-a27b7c4aafd8\" (UID: \"fd4f21db-9e58-4767-9c60-a27b7c4aafd8\") "
2025-01-29 17:08:27,121 INFO c.h.h.t.HelmChartContainer - [K3S] [reconciler_common.go:162] "operationExecutor.UnmountVolume started for volume \"proc\" (UniqueName: \"kubernetes.io/host-path/fd4f21db-9e58-4767-9c60-a27b7c4aafd8-proc\") pod \"fd4f21db-9e58-4767-9c60-a27b7c4aafd8\" (UID: \"fd4f21db-9e58-4767-9c60-a27b7c4aafd8\") "
2025-01-29 17:08:27,221 INFO c.h.h.t.HelmChartContainer - [K3S] [reconciler_common.go:299] "Volume detached for volume \"proc\" (UniqueName: \"kubernetes.io/host-path/fd4f21db-9e58-4767-9c60-a27b7c4aafd8-proc\") on node \"2d154d5499dc\" DevicePath \"\""
2025-01-29 17:08:27,221 INFO c.h.h.t.HelmChartContainer - [K3S] [reconciler_common.go:299] "Volume detached for volume \"sys\" (UniqueName: \"kubernetes.io/host-path/fd4f21db-9e58-4767-9c60-a27b7c4aafd8-sys\") on node \"2d154d5499dc\" DevicePath \"\""
2025-01-29 17:08:27,807 INFO c.h.h.t.HelmChartContainer - [K3S] [scope.go:117] "RemoveContainer" containerID="3d249c0a0225a24063bf62fb164b0b502fac5abf6437dd68f6e51bd1ec90e4d5"
2025-01-29 17:08:27,812 INFO c.h.h.t.HelmChartContainer - [K3S] [scope.go:117] "RemoveContainer" containerID="3d249c0a0225a24063bf62fb164b0b502fac5abf6437dd68f6e51bd1ec90e4d5"
2025-01-29 17:08:27,820 INFO c.h.h.t.HelmChartContainer - [POD] monitoring-stack-prometheus-node-exporter-fpncc [fd4f21db-9e58-4767-9c60-a27b7c4aafd8] in monitoring was MODIFIED
2025-01-29 17:08:27,821 INFO c.h.h.t.HelmChartContainer - [POD] monitoring-stack-prometheus-node-exporter-fpncc [fd4f21db-9e58-4767-9c60-a27b7c4aafd8] in monitoring was DELETED
2025-01-29 17:08:28,095 INFO c.h.h.t.HelmChartContainer - [K3S] [kubelet_volumes.go:163] "Cleaned up orphaned pod volumes dir" podUID="fd4f21db-9e58-4767-9c60-a27b7c4aafd8" path="/var/lib/kubelet/pods/fd4f21db-9e58-4767-9c60-a27b7c4aafd8/volumes"
2025-01-29 17:08:32,152 INFO c.h.h.t.HelmChartContainer - [K3S] [secret.go:189] Couldn't get secret monitoring/alertmanager-monitoring-stack-kube-prom-alertmanager-web-config: secret "alertmanager-monitoring-stack-kube-prom-alertmanager-web-config" not found
2025-01-29 17:08:32,152 INFO c.h.h.t.HelmChartContainer - [K3S] [secret.go:189] Couldn't get secret monitoring/alertmanager-monitoring-stack-kube-prom-alertmanager-generated: secret "alertmanager-monitoring-stack-kube-prom-alertmanager-generated" not found
2025-01-29 17:08:32,152 INFO c.h.h.t.HelmChartContainer - [K3S] [nestedpendingoperations.go:348] Operation for "{volumeName:kubernetes.io/secret/5341220a-81a2-4c0f-9f72-599290f5bfa7-web-config podName:5341220a-81a2-4c0f-9f72-599290f5bfa7 nodeName:}" failed. No retries permitted until 2025-01-29 17:08:32.651643197 +0000 UTC m=+414.134664232 (durationBeforeRetry 500ms). Error: MountVolume.SetUp failed for volume "web-config" (UniqueName: "kubernetes.io/secret/5341220a-81a2-4c0f-9f72-599290f5bfa7-web-config") pod "alertmanager-monitoring-stack-kube-prom-alertmanager-0" (UID: "5341220a-81a2-4c0f-9f72-599290f5bfa7") : secret "alertmanager-monitoring-stack-kube-prom-alertmanager-web-config" not found
2025-01-29 17:08:32,152 INFO c.h.h.t.HelmChartContainer - [K3S] [nestedpendingoperations.go:348] Operation for "{volumeName:kubernetes.io/secret/5341220a-81a2-4c0f-9f72-599290f5bfa7-config-volume podName:5341220a-81a2-4c0f-9f72-599290f5bfa7 nodeName:}" failed. No retries permitted until 2025-01-29 17:08:32.651668515 +0000 UTC m=+414.134689550 (durationBeforeRetry 500ms). Error: MountVolume.SetUp failed for volume "config-volume" (UniqueName: "kubernetes.io/secret/5341220a-81a2-4c0f-9f72-599290f5bfa7-config-volume") pod "alertmanager-monitoring-stack-kube-prom-alertmanager-0" (UID: "5341220a-81a2-4c0f-9f72-599290f5bfa7") : secret "alertmanager-monitoring-stack-kube-prom-alertmanager-generated" not found
2025-01-29 17:08:32,152 INFO c.h.h.t.HelmChartContainer - [K3S] [projected.go:263] Couldn't get secret monitoring/alertmanager-monitoring-stack-kube-prom-alertmanager-tls-assets-0: secret "alertmanager-monitoring-stack-kube-prom-alertmanager-tls-assets-0" not found
2025-01-29 17:08:32,152 INFO c.h.h.t.HelmChartContainer - [K3S] [projected.go:194] Error preparing data for projected volume tls-assets for pod monitoring/alertmanager-monitoring-stack-kube-prom-alertmanager-0: secret "alertmanager-monitoring-stack-kube-prom-alertmanager-tls-assets-0" not found
2025-01-29 17:08:32,152 INFO c.h.h.t.HelmChartContainer - [K3S] [nestedpendingoperations.go:348] Operation for "{volumeName:kubernetes.io/projected/5341220a-81a2-4c0f-9f72-599290f5bfa7-tls-assets podName:5341220a-81a2-4c0f-9f72-599290f5bfa7 nodeName:}" failed. No retries permitted until 2025-01-29 17:08:32.65171113 +0000 UTC m=+414.134732175 (durationBeforeRetry 500ms). Error: MountVolume.SetUp failed for volume "tls-assets" (UniqueName: "kubernetes.io/projected/5341220a-81a2-4c0f-9f72-599290f5bfa7-tls-assets") pod "alertmanager-monitoring-stack-kube-prom-alertmanager-0" (UID: "5341220a-81a2-4c0f-9f72-599290f5bfa7") : secret "alertmanager-monitoring-stack-kube-prom-alertmanager-tls-assets-0" not found
2025-01-29 17:08:32,155 INFO c.h.h.t.HelmChartContainer - [EVENT] Warning [FailedMount] MountVolume.SetUp failed for volume "web-config" : secret "alertmanager-monitoring-stack-kube-prom-alertmanager-web-config" not found [monitoring:alertmanager-monitoring-stack-kube-prom-alertmanager-0]
2025-01-29 17:08:32,156 INFO c.h.h.t.HelmChartContainer - [EVENT] Warning [FailedMount] MountVolume.SetUp failed for volume "config-volume" : secret "alertmanager-monitoring-stack-kube-prom-alertmanager-generated" not found [monitoring:alertmanager-monitoring-stack-kube-prom-alertmanager-0]
2025-01-29 17:08:32,158 INFO c.h.h.t.HelmChartContainer - [EVENT] Warning [FailedMount] MountVolume.SetUp failed for volume "tls-assets" : secret "alertmanager-monitoring-stack-kube-prom-alertmanager-tls-assets-0" not found [monitoring:alertmanager-monitoring-stack-kube-prom-alertmanager-0]
2025-01-29 17:08:32,655 INFO c.h.h.t.HelmChartContainer - [K3S] [secret.go:189] Couldn't get secret monitoring/alertmanager-monitoring-stack-kube-prom-alertmanager-generated: secret "alertmanager-monitoring-stack-kube-prom-alertmanager-generated" not found
2025-01-29 17:08:32,655 INFO c.h.h.t.HelmChartContainer - [K3S] [projected.go:263] Couldn't get secret monitoring/alertmanager-monitoring-stack-kube-prom-alertmanager-tls-assets-0: secret "alertmanager-monitoring-stack-kube-prom-alertmanager-tls-assets-0" not found
2025-01-29 17:08:32,655 INFO c.h.h.t.HelmChartContainer - [K3S] [nestedpendingoperations.go:348] Operation for "{volumeName:kubernetes.io/secret/5341220a-81a2-4c0f-9f72-599290f5bfa7-config-volume podName:5341220a-81a2-4c0f-9f72-599290f5bfa7 nodeName:}" failed. No retries permitted until 2025-01-29 17:08:33.655009411 +0000 UTC m=+415.138030446 (durationBeforeRetry 1s). Error: MountVolume.SetUp failed for volume "config-volume" (UniqueName: "kubernetes.io/secret/5341220a-81a2-4c0f-9f72-599290f5bfa7-config-volume") pod "alertmanager-monitoring-stack-kube-prom-alertmanager-0" (UID: "5341220a-81a2-4c0f-9f72-599290f5bfa7") : secret "alertmanager-monitoring-stack-kube-prom-alertmanager-generated" not found
2025-01-29 17:08:32,655 INFO c.h.h.t.HelmChartContainer - [K3S] [projected.go:194] Error preparing data for projected volume tls-assets for pod monitoring/alertmanager-monitoring-stack-kube-prom-alertmanager-0: secret "alertmanager-monitoring-stack-kube-prom-alertmanager-tls-assets-0" not found
2025-01-29 17:08:32,655 INFO c.h.h.t.HelmChartContainer - [K3S] [nestedpendingoperations.go:348] Operation for "{volumeName:kubernetes.io/projected/5341220a-81a2-4c0f-9f72-599290f5bfa7-tls-assets podName:5341220a-81a2-4c0f-9f72-599290f5bfa7 nodeName:}" failed. No retries permitted until 2025-01-29 17:08:33.655042638 +0000 UTC m=+415.138063673 (durationBeforeRetry 1s). Error: MountVolume.SetUp failed for volume "tls-assets" (UniqueName: "kubernetes.io/projected/5341220a-81a2-4c0f-9f72-599290f5bfa7-tls-assets") pod "alertmanager-monitoring-stack-kube-prom-alertmanager-0" (UID: "5341220a-81a2-4c0f-9f72-599290f5bfa7") : secret "alertmanager-monitoring-stack-kube-prom-alertmanager-tls-assets-0" not found
2025-01-29 17:08:32,655 INFO c.h.h.t.HelmChartContainer - [K3S] [secret.go:189] Couldn't get secret monitoring/alertmanager-monitoring-stack-kube-prom-alertmanager-web-config: secret "alertmanager-monitoring-stack-kube-prom-alertmanager-web-config" not found
2025-01-29 17:08:32,655 INFO c.h.h.t.HelmChartContainer - [K3S] [nestedpendingoperations.go:348] Operation for "{volumeName:kubernetes.io/secret/5341220a-81a2-4c0f-9f72-599290f5bfa7-web-config podName:5341220a-81a2-4c0f-9f72-599290f5bfa7 nodeName:}" failed. No retries permitted until 2025-01-29 17:08:33.655093263 +0000 UTC m=+415.138114288 (durationBeforeRetry 1s). Error: MountVolume.SetUp failed for volume "web-config" (UniqueName: "kubernetes.io/secret/5341220a-81a2-4c0f-9f72-599290f5bfa7-web-config") pod "alertmanager-monitoring-stack-kube-prom-alertmanager-0" (UID: "5341220a-81a2-4c0f-9f72-599290f5bfa7") : secret "alertmanager-monitoring-stack-kube-prom-alertmanager-web-config" not found
2025-01-29 17:08:32,658 INFO c.h.h.t.HelmChartContainer - [EVENT] Warning [FailedMount] MountVolume.SetUp failed for volume "config-volume" : secret "alertmanager-monitoring-stack-kube-prom-alertmanager-generated" not found [monitoring:alertmanager-monitoring-stack-kube-prom-alertmanager-0]
2025-01-29 17:08:32,661 INFO c.h.h.t.HelmChartContainer - [EVENT] Warning [FailedMount] MountVolume.SetUp failed for volume "tls-assets" : secret "alertmanager-monitoring-stack-kube-prom-alertmanager-tls-assets-0" not found [monitoring:alertmanager-monitoring-stack-kube-prom-alertmanager-0]
2025-01-29 17:08:32,664 INFO c.h.h.t.HelmChartContainer - [EVENT] Warning [FailedMount] MountVolume.SetUp failed for volume "web-config" : secret "alertmanager-monitoring-stack-kube-prom-alertmanager-web-config" not found [monitoring:alertmanager-monitoring-stack-kube-prom-alertmanager-0]
2025-01-29 17:08:33,662 INFO c.h.h.t.HelmChartContainer - [K3S] [secret.go:189] Couldn't get secret monitoring/alertmanager-monitoring-stack-kube-prom-alertmanager-generated: secret "alertmanager-monitoring-stack-kube-prom-alertmanager-generated" not found
2025-01-29 17:08:33,662 INFO c.h.h.t.HelmChartContainer - [K3S] [projected.go:263] Couldn't get secret monitoring/alertmanager-monitoring-stack-kube-prom-alertmanager-tls-assets-0: secret "alertmanager-monitoring-stack-kube-prom-alertmanager-tls-assets-0" not found
2025-01-29 17:08:33,662 INFO c.h.h.t.HelmChartContainer - [K3S] [secret.go:189] Couldn't get secret monitoring/alertmanager-monitoring-stack-kube-prom-alertmanager-web-config: secret "alertmanager-monitoring-stack-kube-prom-alertmanager-web-config" not found
2025-01-29 17:08:33,662 INFO c.h.h.t.HelmChartContainer - [K3S] [projected.go:194] Error preparing data for projected volume tls-assets for pod monitoring/alertmanager-monitoring-stack-kube-prom-alertmanager-0: secret "alertmanager-monitoring-stack-kube-prom-alertmanager-tls-assets-0" not found
2025-01-29 17:08:33,662 INFO c.h.h.t.HelmChartContainer - [K3S] [nestedpendingoperations.go:348] Operation for "{volumeName:kubernetes.io/secret/5341220a-81a2-4c0f-9f72-599290f5bfa7-config-volume podName:5341220a-81a2-4c0f-9f72-599290f5bfa7 nodeName:}" failed. No retries permitted until 2025-01-29 17:08:35.66170815 +0000 UTC m=+417.144729185 (durationBeforeRetry 2s). Error: MountVolume.SetUp failed for volume "config-volume" (UniqueName: "kubernetes.io/secret/5341220a-81a2-4c0f-9f72-599290f5bfa7-config-volume") pod "alertmanager-monitoring-stack-kube-prom-alertmanager-0" (UID: "5341220a-81a2-4c0f-9f72-599290f5bfa7") : secret "alertmanager-monitoring-stack-kube-prom-alertmanager-generated" not found
2025-01-29 17:08:33,662 INFO c.h.h.t.HelmChartContainer - [K3S] [nestedpendingoperations.go:348] Operation for "{volumeName:kubernetes.io/projected/5341220a-81a2-4c0f-9f72-599290f5bfa7-tls-assets podName:5341220a-81a2-4c0f-9f72-599290f5bfa7 nodeName:}" failed. No retries permitted until 2025-01-29 17:08:35.66172929 +0000 UTC m=+417.144750325 (durationBeforeRetry 2s). Error: MountVolume.SetUp failed for volume "tls-assets" (UniqueName: "kubernetes.io/projected/5341220a-81a2-4c0f-9f72-599290f5bfa7-tls-assets") pod "alertmanager-monitoring-stack-kube-prom-alertmanager-0" (UID: "5341220a-81a2-4c0f-9f72-599290f5bfa7") : secret "alertmanager-monitoring-stack-kube-prom-alertmanager-tls-assets-0" not found
2025-01-29 17:08:33,662 INFO c.h.h.t.HelmChartContainer - [K3S] [nestedpendingoperations.go:348] Operation for "{volumeName:kubernetes.io/secret/5341220a-81a2-4c0f-9f72-599290f5bfa7-web-config podName:5341220a-81a2-4c0f-9f72-599290f5bfa7 nodeName:}" failed. No retries permitted until 2025-01-29 17:08:35.661743026 +0000 UTC m=+417.144764060 (durationBeforeRetry 2s). Error: MountVolume.SetUp failed for volume "web-config" (UniqueName: "kubernetes.io/secret/5341220a-81a2-4c0f-9f72-599290f5bfa7-web-config") pod "alertmanager-monitoring-stack-kube-prom-alertmanager-0" (UID: "5341220a-81a2-4c0f-9f72-599290f5bfa7") : secret "alertmanager-monitoring-stack-kube-prom-alertmanager-web-config" not found
2025-01-29 17:08:33,666 INFO c.h.h.t.HelmChartContainer - [EVENT] Warning [FailedMount] MountVolume.SetUp failed for volume "config-volume" : secret "alertmanager-monitoring-stack-kube-prom-alertmanager-generated" not found [monitoring:alertmanager-monitoring-stack-kube-prom-alertmanager-0]
2025-01-29 17:08:33,670 INFO c.h.h.t.HelmChartContainer - [EVENT] Warning [FailedMount] MountVolume.SetUp failed for volume "tls-assets" : secret "alertmanager-monitoring-stack-kube-prom-alertmanager-tls-assets-0" not found [monitoring:alertmanager-monitoring-stack-kube-prom-alertmanager-0]
2025-01-29 17:08:33,672 INFO c.h.h.t.HelmChartContainer - [EVENT] Warning [FailedMount] MountVolume.SetUp failed for volume "web-config" : secret "alertmanager-monitoring-stack-kube-prom-alertmanager-web-config" not found [monitoring:alertmanager-monitoring-stack-kube-prom-alertmanager-0]
2025-01-29 17:08:33,963 INFO c.h.h.t.HelmChartContainer - [hivemq-test-hivemq-platform] [hivemq-platform-operator] [300fbfae] 17:08:33.960 [pool-6-thread-47] DEBUG c.h.p.o.d.PlatformServiceResource - [helmmoni] Desired Platform services (3 services)
2025-01-29 17:08:33,964 INFO c.h.h.t.HelmChartContainer - [hivemq-test-hivemq-platform] [hivemq-platform-operator] [300fbfae] 17:08:33.961 [pool-6-thread-46] DEBUG c.h.p.o.d.PodServiceAccountResource - [helmmoni] Desired PodServiceAccountResource (serviceAccountName: hivemq-platform-pod-test-hivemq-platform)
2025-01-29 17:08:33,964 INFO c.h.h.t.HelmChartContainer - [hivemq-test-hivemq-platform] [hivemq-platform-operator] [300fbfae] 17:08:33.963 [pool-6-thread-42] DEBUG c.h.p.o.dependants.PodInfoConfigMap - [helmmoni] Desired PodInfo ConfigMap (1 extensions) (1 enabled)
2025-01-29 17:08:33,965 INFO c.h.h.t.HelmChartContainer - [hivemq-test-hivemq-platform] [hivemq-platform-operator] [300fbfae] 17:08:33.964 [pool-6-thread-42] DEBUG c.h.p.o.dependants.PodInfoConfigMap - [helmmoni] Desired PodInfo ConfigMap (metrics port: 9399) (metrics path: /)
2025-01-29 17:08:33,965 INFO c.h.h.t.HelmChartContainer - [hivemq-test-hivemq-platform] [hivemq-platform-operator] [300fbfae] 17:08:33.964 [pool-6-thread-42] DEBUG c.h.p.o.dependants.PodInfoConfigMap - [helmmoni] Desired PodInfo ConfigMap (extension state hash: -1817474005)
2025-01-29 17:08:33,967 INFO c.h.h.t.HelmChartContainer - [hivemq-test-hivemq-platform] [hivemq-platform-operator] [300fbfae] 17:08:33.966 [pool-6-thread-42] DEBUG c.h.p.o.d.StatefulSetResource - [helmmoni] Desired StatefulSet (2 replicas) for status RUNNING (READY)
2025-01-29 17:08:33,971 INFO c.h.h.t.HelmChartContainer - [hivemq-test-hivemq-platform] [hivemq-platform-operator] [300fbfae] 17:08:33.970 [ReconcilerExecutor-hivemq-controller-129] INFO  c.h.p.o.HiveMQPlatformReconciler - [helmmoni] Reconciling HiveMQ Platform 'test-hivemq-platform' in namespace 'helmmonitoringplatformit'
2025-01-29 17:08:33,971 INFO c.h.h.t.HelmChartContainer - [hivemq-test-hivemq-platform] [hivemq-platform-operator] [300fbfae] 17:08:33.970 [ReconcilerExecutor-hivemq-controller-129] DEBUG c.h.p.o.HiveMQPlatformReconciler - [helmmoni] Custom Resource Status RUNNING - HiveMQ Platform is ready (READY)
2025-01-29 17:08:33,972 INFO c.h.h.t.HelmChartContainer - [hivemq-test-hivemq-platform] [hivemq-platform-operator] [300fbfae] 17:08:33.970 [ReconcilerExecutor-hivemq-controller-129] DEBUG c.h.p.o.HiveMQPlatformReconciler - [helmmoni] Custom Resource Spec (replicas: 2) (extensions: 1)
2025-01-29 17:08:33,972 INFO c.h.h.t.HelmChartContainer - [hivemq-test-hivemq-platform] [hivemq-platform-operator] [300fbfae] 17:08:33.971 [ReconcilerExecutor-hivemq-controller-129] DEBUG c.h.p.o.HiveMQPlatformReconciler - [helmmoni] StatefulSet Status (revision: test-hivemq-platform-64db946475, replicas: 2, available: 2, ready: 2, current: 2, updated: 2)
2025-01-29 17:08:33,972 INFO c.h.h.t.HelmChartContainer - [hivemq-test-hivemq-platform] [hivemq-platform-operator] [300fbfae] 17:08:33.971 [ReconcilerExecutor-hivemq-controller-129] DEBUG c.h.p.o.HiveMQPlatformReconciler - [helmmoni] StatefulSet Spec (replicas: 2, init containers: 1, containers: 1, volumes: 3)
2025-01-29 17:08:33,974 INFO c.h.h.t.HelmChartContainer - [hivemq-test-hivemq-platform] [hivemq-platform-operator] [300fbfae] 17:08:33.973 [ReconcilerExecutor-hivemq-controller-129] DEBUG c.h.p.o.h.HiveMQPlatformReconcilerErrorHandler - [helmmoni] Pod 'test-hivemq-platform-1' phase Running
2025-01-29 17:08:33,975 INFO c.h.h.t.HelmChartContainer - [hivemq-test-hivemq-platform] [hivemq-platform-operator] [300fbfae] 17:08:33.974 [ReconcilerExecutor-hivemq-controller-129] DEBUG c.h.p.o.h.HiveMQPlatformReconcilerErrorHandler - [helmmoni] Pod 'test-hivemq-platform-0' phase Running
2025-01-29 17:08:35,675 INFO c.h.h.t.HelmChartContainer - [K3S] [secret.go:189] Couldn't get secret monitoring/alertmanager-monitoring-stack-kube-prom-alertmanager-generated: secret "alertmanager-monitoring-stack-kube-prom-alertmanager-generated" not found
2025-01-29 17:08:35,675 INFO c.h.h.t.HelmChartContainer - [K3S] [nestedpendingoperations.go:348] Operation for "{volumeName:kubernetes.io/secret/5341220a-81a2-4c0f-9f72-599290f5bfa7-config-volume podName:5341220a-81a2-4c0f-9f72-599290f5bfa7 nodeName:}" failed. No retries permitted until 2025-01-29 17:08:39.674928199 +0000 UTC m=+421.157949224 (durationBeforeRetry 4s). Error: MountVolume.SetUp failed for volume "config-volume" (UniqueName: "kubernetes.io/secret/5341220a-81a2-4c0f-9f72-599290f5bfa7-config-volume") pod "alertmanager-monitoring-stack-kube-prom-alertmanager-0" (UID: "5341220a-81a2-4c0f-9f72-599290f5bfa7") : secret "alertmanager-monitoring-stack-kube-prom-alertmanager-generated" not found
2025-01-29 17:08:35,675 INFO c.h.h.t.HelmChartContainer - [K3S] [projected.go:263] Couldn't get secret monitoring/alertmanager-monitoring-stack-kube-prom-alertmanager-tls-assets-0: secret "alertmanager-monitoring-stack-kube-prom-alertmanager-tls-assets-0" not found
2025-01-29 17:08:35,675 INFO c.h.h.t.HelmChartContainer - [K3S] [projected.go:194] Error preparing data for projected volume tls-assets for pod monitoring/alertmanager-monitoring-stack-kube-prom-alertmanager-0: secret "alertmanager-monitoring-stack-kube-prom-alertmanager-tls-assets-0" not found
2025-01-29 17:08:35,675 INFO c.h.h.t.HelmChartContainer - [K3S] [nestedpendingoperations.go:348] Operation for "{volumeName:kubernetes.io/projected/5341220a-81a2-4c0f-9f72-599290f5bfa7-tls-assets podName:5341220a-81a2-4c0f-9f72-599290f5bfa7 nodeName:}" failed. No retries permitted until 2025-01-29 17:08:39.675044233 +0000 UTC m=+421.158065268 (durationBeforeRetry 4s). Error: MountVolume.SetUp failed for volume "tls-assets" (UniqueName: "kubernetes.io/projected/5341220a-81a2-4c0f-9f72-599290f5bfa7-tls-assets") pod "alertmanager-monitoring-stack-kube-prom-alertmanager-0" (UID: "5341220a-81a2-4c0f-9f72-599290f5bfa7") : secret "alertmanager-monitoring-stack-kube-prom-alertmanager-tls-assets-0" not found
2025-01-29 17:08:35,675 INFO c.h.h.t.HelmChartContainer - [K3S] [secret.go:189] Couldn't get secret monitoring/alertmanager-monitoring-stack-kube-prom-alertmanager-web-config: secret "alertmanager-monitoring-stack-kube-prom-alertmanager-web-config" not found
2025-01-29 17:08:35,676 INFO c.h.h.t.HelmChartContainer - [K3S] [nestedpendingoperations.go:348] Operation for "{volumeName:kubernetes.io/secret/5341220a-81a2-4c0f-9f72-599290f5bfa7-web-config podName:5341220a-81a2-4c0f-9f72-599290f5bfa7 nodeName:}" failed. No retries permitted until 2025-01-29 17:08:39.675089819 +0000 UTC m=+421.158110864 (durationBeforeRetry 4s). Error: MountVolume.SetUp failed for volume "web-config" (UniqueName: "kubernetes.io/secret/5341220a-81a2-4c0f-9f72-599290f5bfa7-web-config") pod "alertmanager-monitoring-stack-kube-prom-alertmanager-0" (UID: "5341220a-81a2-4c0f-9f72-599290f5bfa7") : secret "alertmanager-monitoring-stack-kube-prom-alertmanager-web-config" not found
2025-01-29 17:08:35,680 INFO c.h.h.t.HelmChartContainer - [EVENT] Warning [FailedMount] MountVolume.SetUp failed for volume "config-volume" : secret "alertmanager-monitoring-stack-kube-prom-alertmanager-generated" not found [monitoring:alertmanager-monitoring-stack-kube-prom-alertmanager-0]
2025-01-29 17:08:35,683 INFO c.h.h.t.HelmChartContainer - [EVENT] Warning [FailedMount] MountVolume.SetUp failed for volume "tls-assets" : secret "alertmanager-monitoring-stack-kube-prom-alertmanager-tls-assets-0" not found [monitoring:alertmanager-monitoring-stack-kube-prom-alertmanager-0]
2025-01-29 17:08:35,686 INFO c.h.h.t.HelmChartContainer - [EVENT] Warning [FailedMount] MountVolume.SetUp failed for volume "web-config" : secret "alertmanager-monitoring-stack-kube-prom-alertmanager-web-config" not found [monitoring:alertmanager-monitoring-stack-kube-prom-alertmanager-0]
2025-01-29 17:08:36,001 INFO c.h.h.t.HelmChartContainer - [K3S] [authentication.go:74] "Unable to authenticate the request" err="[invalid bearer token, serviceaccounts \"monitoring-stack-kube-prom-operator\" not found]"
2025-01-29 17:08:36,004 INFO c.h.h.t.HelmChartContainer - [K3S] [authentication.go:74] "Unable to authenticate the request" err="[invalid bearer token, serviceaccounts \"monitoring-stack-kube-prom-operator\" not found]"
2025-01-29 17:08:36,441 INFO c.h.h.t.HelmChartContainer - [POD] monitoring-stack-kube-prom-operator-6998896c-7fnvq [307fb028-d614-471c-993e-d5c1cbab519e] in monitoring was MODIFIED
2025-01-29 17:08:36,445 INFO c.h.h.t.HelmChartContainer - [K3S] [replica_set.go:679] "Finished syncing" kind="ReplicaSet" key="monitoring/monitoring-stack-kube-prom-operator-6998896c" duration="4.806229ms"
2025-01-29 17:08:36,446 INFO c.h.h.t.HelmChartContainer - [K3S] [replica_set.go:679] "Finished syncing" kind="ReplicaSet" key="monitoring/monitoring-stack-kube-prom-operator-6998896c" duration="43.151µs"
2025-01-29 17:08:36,493 INFO c.h.h.t.HelmChartContainer - [POD] monitoring-stack-grafana-64c55fb967-n75mg [2e805c19-b7ce-431e-aa12-bd4c1355b48c] in monitoring was MODIFIED
2025-01-29 17:08:36,499 INFO c.h.h.t.HelmChartContainer - [EVENT] Normal [Killing] Stopping container grafana-sc-dashboard [monitoring:monitoring-stack-grafana-64c55fb967-n75mg]
2025-01-29 17:08:36,503 INFO c.h.h.t.HelmChartContainer - [EVENT] Normal [Killing] Stopping container grafana [monitoring:monitoring-stack-grafana-64c55fb967-n75mg]
2025-01-29 17:08:36,504 INFO c.h.h.t.HelmChartContainer - [K3S] [replica_set.go:679] "Finished syncing" kind="ReplicaSet" key="monitoring/monitoring-stack-grafana-64c55fb967" duration="11.088375ms"
2025-01-29 17:08:36,504 INFO c.h.h.t.HelmChartContainer - [K3S] [replica_set.go:679] "Finished syncing" kind="ReplicaSet" key="monitoring/monitoring-stack-grafana-64c55fb967" duration="46.778µs"
2025-01-29 17:08:36,505 INFO c.h.h.t.HelmChartContainer - [EVENT] Normal [Killing] Stopping container grafana-sc-datasources [monitoring:monitoring-stack-grafana-64c55fb967-n75mg]
2025-01-29 17:08:36,588 INFO c.h.h.t.HelmChartContainer - [EVENT] Warning [Unhealthy] Readiness probe failed: Get "http://10.42.0.12:3000/api/health": dial tcp 10.42.0.12:3000: connect: connection refused [monitoring:monitoring-stack-grafana-64c55fb967-n75mg]
2025-01-29 17:08:36,588 INFO c.h.h.t.HelmChartContainer - [POD] monitoring-stack-kube-state-metrics-5bf5c7b54d-589j9 [94619a1a-9f72-493c-b557-962d6f9d8332] in monitoring was MODIFIED
2025-01-29 17:08:36,593 INFO c.h.h.t.HelmChartContainer - [K3S] [replica_set.go:679] "Finished syncing" kind="ReplicaSet" key="monitoring/monitoring-stack-kube-state-metrics-5bf5c7b54d" duration="15.715313ms"
2025-01-29 17:08:36,593 INFO c.h.h.t.HelmChartContainer - [EVENT] Normal [Killing] Stopping container kube-state-metrics [monitoring:monitoring-stack-kube-state-metrics-5bf5c7b54d-589j9]
2025-01-29 17:08:36,593 INFO c.h.h.t.HelmChartContainer - [K3S] [replica_set.go:679] "Finished syncing" kind="ReplicaSet" key="monitoring/monitoring-stack-kube-state-metrics-5bf5c7b54d" duration="39.504µs"
2025-01-29 17:08:36,726 INFO c.h.h.t.HelmChartContainer - [POD] alertmanager-monitoring-stack-kube-prom-alertmanager-0 [5341220a-81a2-4c0f-9f72-599290f5bfa7] in monitoring was MODIFIED
2025-01-29 17:08:36,729 INFO c.h.h.t.HelmChartContainer - [EVENT] Normal [Killing] Stopping container config-reloader [monitoring:alertmanager-monitoring-stack-kube-prom-alertmanager-0]
2025-01-29 17:08:36,737 INFO c.h.h.t.HelmChartContainer - [EVENT] Normal [Killing] Stopping container alertmanager [monitoring:alertmanager-monitoring-stack-kube-prom-alertmanager-0]
2025-01-29 17:08:36,769 INFO c.h.h.t.HelmChartContainer - [K3S] [replica_set.go:679] "Finished syncing" kind="ReplicaSet" key="monitoring/monitoring-stack-kube-state-metrics-5bf5c7b54d" duration="52.068µs"
2025-01-29 17:08:36,770 INFO c.h.h.t.HelmChartContainer - [POD] monitoring-stack-kube-state-metrics-5bf5c7b54d-589j9 [94619a1a-9f72-493c-b557-962d6f9d8332] in monitoring was MODIFIED
2025-01-29 17:08:36,825 INFO c.h.h.t.HelmChartContainer - [K3S] [scope.go:117] "RemoveContainer" containerID="24cb1e78d4dd7a748c2943e60ea8e452b0793d5e1ad990b440e3cb37a320fd66"
2025-01-29 17:08:36,832 INFO c.h.h.t.HelmChartContainer - [K3S] [scope.go:117] "RemoveContainer" containerID="24cb1e78d4dd7a748c2943e60ea8e452b0793d5e1ad990b440e3cb37a320fd66"
2025-01-29 17:08:36,832 INFO c.h.h.t.HelmChartContainer - [K3S] [pod_container_deletor.go:80] "Container not found in pod's containers" containerID="6bd63a4f260d77b02c3ccf4f1e9df430caa5c8d6dbf26fa96cacf1cf29b5660a"
2025-01-29 17:08:36,836 INFO c.h.h.t.HelmChartContainer - [EVENT] Normal [Killing] Stopping container kube-prometheus-stack [monitoring:monitoring-stack-kube-prom-operator-6998896c-7fnvq]
2025-01-29 17:08:36,866 INFO c.h.h.t.HelmChartContainer - [POD] monitoring-stack-grafana-64c55fb967-n75mg [2e805c19-b7ce-431e-aa12-bd4c1355b48c] in monitoring was MODIFIED
2025-01-29 17:08:36,866 INFO c.h.h.t.HelmChartContainer - [K3S] [replica_set.go:679] "Finished syncing" kind="ReplicaSet" key="monitoring/monitoring-stack-grafana-64c55fb967" duration="59.292µs"
2025-01-29 17:08:36,883 INFO c.h.h.t.HelmChartContainer - [K3S] [reconciler_common.go:162] "operationExecutor.UnmountVolume started for volume \"kube-api-access-rppz5\" (UniqueName: \"kubernetes.io/projected/94619a1a-9f72-493c-b557-962d6f9d8332-kube-api-access-rppz5\") pod \"94619a1a-9f72-493c-b557-962d6f9d8332\" (UID: \"94619a1a-9f72-493c-b557-962d6f9d8332\") "
2025-01-29 17:08:36,922 INFO c.h.h.t.HelmChartContainer - [POD] alertmanager-monitoring-stack-kube-prom-alertmanager-0 [5341220a-81a2-4c0f-9f72-599290f5bfa7] in monitoring was MODIFIED
2025-01-29 17:08:36,983 INFO c.h.h.t.HelmChartContainer - [K3S] [reconciler_common.go:162] "operationExecutor.UnmountVolume started for volume \"sc-dashboard-provider\" (UniqueName: \"kubernetes.io/configmap/2e805c19-b7ce-431e-aa12-bd4c1355b48c-sc-dashboard-provider\") pod \"2e805c19-b7ce-431e-aa12-bd4c1355b48c\" (UID: \"2e805c19-b7ce-431e-aa12-bd4c1355b48c\") "
2025-01-29 17:08:36,983 INFO c.h.h.t.HelmChartContainer - [K3S] [reconciler_common.go:162] "operationExecutor.UnmountVolume started for volume \"kube-api-access-cv874\" (UniqueName: \"kubernetes.io/projected/5341220a-81a2-4c0f-9f72-599290f5bfa7-kube-api-access-cv874\") pod \"5341220a-81a2-4c0f-9f72-599290f5bfa7\" (UID: \"5341220a-81a2-4c0f-9f72-599290f5bfa7\") "
2025-01-29 17:08:36,985 INFO c.h.h.t.HelmChartContainer - [K3S] [reconciler_common.go:162] "operationExecutor.UnmountVolume started for volume \"config\" (UniqueName: \"kubernetes.io/configmap/2e805c19-b7ce-431e-aa12-bd4c1355b48c-config\") pod \"2e805c19-b7ce-431e-aa12-bd4c1355b48c\" (UID: \"2e805c19-b7ce-431e-aa12-bd4c1355b48c\") "
2025-01-29 17:08:36,985 INFO c.h.h.t.HelmChartContainer - [K3S] [reconciler_common.go:162] "operationExecutor.UnmountVolume started for volume \"storage\" (UniqueName: \"kubernetes.io/empty-dir/2e805c19-b7ce-431e-aa12-bd4c1355b48c-storage\") pod \"2e805c19-b7ce-431e-aa12-bd4c1355b48c\" (UID: \"2e805c19-b7ce-431e-aa12-bd4c1355b48c\") "
2025-01-29 17:08:36,985 INFO c.h.h.t.HelmChartContainer - [K3S] [reconciler_common.go:162] "operationExecutor.UnmountVolume started for volume \"sc-datasources-volume\" (UniqueName: \"kubernetes.io/empty-dir/2e805c19-b7ce-431e-aa12-bd4c1355b48c-sc-datasources-volume\") pod \"2e805c19-b7ce-431e-aa12-bd4c1355b48c\" (UID: \"2e805c19-b7ce-431e-aa12-bd4c1355b48c\") "
2025-01-29 17:08:36,985 INFO c.h.h.t.HelmChartContainer - [K3S] [reconciler_common.go:162] "operationExecutor.UnmountVolume started for volume \"web-config\" (UniqueName: \"kubernetes.io/secret/5341220a-81a2-4c0f-9f72-599290f5bfa7-web-config\") pod \"5341220a-81a2-4c0f-9f72-599290f5bfa7\" (UID: \"5341220a-81a2-4c0f-9f72-599290f5bfa7\") "
2025-01-29 17:08:36,985 INFO c.h.h.t.HelmChartContainer - [K3S] [reconciler_common.go:162] "operationExecutor.UnmountVolume started for volume \"sc-dashboard-volume\" (UniqueName: \"kubernetes.io/empty-dir/2e805c19-b7ce-431e-aa12-bd4c1355b48c-sc-dashboard-volume\") pod \"2e805c19-b7ce-431e-aa12-bd4c1355b48c\" (UID: \"2e805c19-b7ce-431e-aa12-bd4c1355b48c\") "
2025-01-29 17:08:36,985 INFO c.h.h.t.HelmChartContainer - [K3S] [reconciler_common.go:162] "operationExecutor.UnmountVolume started for volume \"kube-api-access-fsg59\" (UniqueName: \"kubernetes.io/projected/2e805c19-b7ce-431e-aa12-bd4c1355b48c-kube-api-access-fsg59\") pod \"2e805c19-b7ce-431e-aa12-bd4c1355b48c\" (UID: \"2e805c19-b7ce-431e-aa12-bd4c1355b48c\") "
2025-01-29 17:08:36,985 INFO c.h.h.t.HelmChartContainer - [K3S] [reconciler_common.go:162] "operationExecutor.UnmountVolume started for volume \"config-out\" (UniqueName: \"kubernetes.io/empty-dir/5341220a-81a2-4c0f-9f72-599290f5bfa7-config-out\") pod \"5341220a-81a2-4c0f-9f72-599290f5bfa7\" (UID: \"5341220a-81a2-4c0f-9f72-599290f5bfa7\") "
2025-01-29 17:08:36,985 INFO c.h.h.t.HelmChartContainer - [K3S] [reconciler_common.go:162] "operationExecutor.UnmountVolume started for volume \"alertmanager-monitoring-stack-kube-prom-alertmanager-db\" (UniqueName: \"kubernetes.io/empty-dir/5341220a-81a2-4c0f-9f72-599290f5bfa7-alertmanager-monitoring-stack-kube-prom-alertmanager-db\") pod \"5341220a-81a2-4c0f-9f72-599290f5bfa7\" (UID: \"5341220a-81a2-4c0f-9f72-599290f5bfa7\") "
2025-01-29 17:08:36,985 INFO c.h.h.t.HelmChartContainer - [K3S] [reconciler_common.go:162] "operationExecutor.UnmountVolume started for volume \"tls-assets\" (UniqueName: \"kubernetes.io/projected/5341220a-81a2-4c0f-9f72-599290f5bfa7-tls-assets\") pod \"5341220a-81a2-4c0f-9f72-599290f5bfa7\" (UID: \"5341220a-81a2-4c0f-9f72-599290f5bfa7\") "
2025-01-29 17:08:36,985 INFO c.h.h.t.HelmChartContainer - [K3S] [reconciler_common.go:162] "operationExecutor.UnmountVolume started for volume \"config-volume\" (UniqueName: \"kubernetes.io/secret/5341220a-81a2-4c0f-9f72-599290f5bfa7-config-volume\") pod \"5341220a-81a2-4c0f-9f72-599290f5bfa7\" (UID: \"5341220a-81a2-4c0f-9f72-599290f5bfa7\") "
2025-01-29 17:08:36,985 INFO c.h.h.t.HelmChartContainer - [K3S] [reconciler_common.go:299] "Volume detached for volume \"kube-api-access-rppz5\" (UniqueName: \"kubernetes.io/projected/94619a1a-9f72-493c-b557-962d6f9d8332-kube-api-access-rppz5\") on node \"2d154d5499dc\" DevicePath \"\""
2025-01-29 17:08:36,996 INFO c.h.h.t.HelmChartContainer - [K3S] [replica_set.go:679] "Finished syncing" kind="ReplicaSet" key="monitoring/monitoring-stack-kube-prom-operator-6998896c" duration="48.591µs"
2025-01-29 17:08:36,997 INFO c.h.h.t.HelmChartContainer - [POD] monitoring-stack-kube-prom-operator-6998896c-7fnvq [307fb028-d614-471c-993e-d5c1cbab519e] in monitoring was MODIFIED
2025-01-29 17:08:37,084 INFO c.h.h.t.HelmChartContainer - [K3S] [reconciler_common.go:162] "operationExecutor.UnmountVolume started for volume \"kube-api-access-p9zbr\" (UniqueName: \"kubernetes.io/projected/307fb028-d614-471c-993e-d5c1cbab519e-kube-api-access-p9zbr\") pod \"307fb028-d614-471c-993e-d5c1cbab519e\" (UID: \"307fb028-d614-471c-993e-d5c1cbab519e\") "
2025-01-29 17:08:37,084 INFO c.h.h.t.HelmChartContainer - [K3S] [reconciler_common.go:162] "operationExecutor.UnmountVolume started for volume \"tls-secret\" (UniqueName: \"kubernetes.io/secret/307fb028-d614-471c-993e-d5c1cbab519e-tls-secret\") pod \"307fb028-d614-471c-993e-d5c1cbab519e\" (UID: \"307fb028-d614-471c-993e-d5c1cbab519e\") "
2025-01-29 17:08:37,084 INFO c.h.h.t.HelmChartContainer - [K3S] [reconciler_common.go:299] "Volume detached for volume \"sc-dashboard-volume\" (UniqueName: \"kubernetes.io/empty-dir/2e805c19-b7ce-431e-aa12-bd4c1355b48c-sc-dashboard-volume\") on node \"2d154d5499dc\" DevicePath \"\""
2025-01-29 17:08:37,084 INFO c.h.h.t.HelmChartContainer - [K3S] [reconciler_common.go:299] "Volume detached for volume \"web-config\" (UniqueName: \"kubernetes.io/secret/5341220a-81a2-4c0f-9f72-599290f5bfa7-web-config\") on node \"2d154d5499dc\" DevicePath \"\""
2025-01-29 17:08:37,084 INFO c.h.h.t.HelmChartContainer - [K3S] [reconciler_common.go:299] "Volume detached for volume \"kube-api-access-fsg59\" (UniqueName: \"kubernetes.io/projected/2e805c19-b7ce-431e-aa12-bd4c1355b48c-kube-api-access-fsg59\") on node \"2d154d5499dc\" DevicePath \"\""
2025-01-29 17:08:37,084 INFO c.h.h.t.HelmChartContainer - [K3S] [reconciler_common.go:299] "Volume detached for volume \"alertmanager-monitoring-stack-kube-prom-alertmanager-db\" (UniqueName: \"kubernetes.io/empty-dir/5341220a-81a2-4c0f-9f72-599290f5bfa7-alertmanager-monitoring-stack-kube-prom-alertmanager-db\") on node \"2d154d5499dc\" DevicePath \"\""
2025-01-29 17:08:37,085 INFO c.h.h.t.HelmChartContainer - [K3S] [reconciler_common.go:299] "Volume detached for volume \"config-out\" (UniqueName: \"kubernetes.io/empty-dir/5341220a-81a2-4c0f-9f72-599290f5bfa7-config-out\") on node \"2d154d5499dc\" DevicePath \"\""
2025-01-29 17:08:37,085 INFO c.h.h.t.HelmChartContainer - [K3S] [reconciler_common.go:299] "Volume detached for volume \"tls-assets\" (UniqueName: \"kubernetes.io/projected/5341220a-81a2-4c0f-9f72-599290f5bfa7-tls-assets\") on node \"2d154d5499dc\" DevicePath \"\""
2025-01-29 17:08:37,085 INFO c.h.h.t.HelmChartContainer - [K3S] [reconciler_common.go:299] "Volume detached for volume \"config-volume\" (UniqueName: \"kubernetes.io/secret/5341220a-81a2-4c0f-9f72-599290f5bfa7-config-volume\") on node \"2d154d5499dc\" DevicePath \"\""
2025-01-29 17:08:37,085 INFO c.h.h.t.HelmChartContainer - [K3S] [reconciler_common.go:299] "Volume detached for volume \"sc-dashboard-provider\" (UniqueName: \"kubernetes.io/configmap/2e805c19-b7ce-431e-aa12-bd4c1355b48c-sc-dashboard-provider\") on node \"2d154d5499dc\" DevicePath \"\""
2025-01-29 17:08:37,085 INFO c.h.h.t.HelmChartContainer - [K3S] [reconciler_common.go:299] "Volume detached for volume \"kube-api-access-cv874\" (UniqueName: \"kubernetes.io/projected/5341220a-81a2-4c0f-9f72-599290f5bfa7-kube-api-access-cv874\") on node \"2d154d5499dc\" DevicePath \"\""
2025-01-29 17:08:37,085 INFO c.h.h.t.HelmChartContainer - [K3S] [reconciler_common.go:299] "Volume detached for volume \"config\" (UniqueName: \"kubernetes.io/configmap/2e805c19-b7ce-431e-aa12-bd4c1355b48c-config\") on node \"2d154d5499dc\" DevicePath \"\""
2025-01-29 17:08:37,085 INFO c.h.h.t.HelmChartContainer - [K3S] [reconciler_common.go:299] "Volume detached for volume \"storage\" (UniqueName: \"kubernetes.io/empty-dir/2e805c19-b7ce-431e-aa12-bd4c1355b48c-storage\") on node \"2d154d5499dc\" DevicePath \"\""
2025-01-29 17:08:37,086 INFO c.h.h.t.HelmChartContainer - [K3S] [reconciler_common.go:299] "Volume detached for volume \"sc-datasources-volume\" (UniqueName: \"kubernetes.io/empty-dir/2e805c19-b7ce-431e-aa12-bd4c1355b48c-sc-datasources-volume\") on node \"2d154d5499dc\" DevicePath \"\""
2025-01-29 17:08:37,137 INFO c.h.h.t.HelmChartContainer - [K3S] [replica_set.go:679] "Finished syncing" kind="ReplicaSet" key="monitoring/monitoring-stack-kube-state-metrics-5bf5c7b54d" duration="50.866µs"
2025-01-29 17:08:37,137 INFO c.h.h.t.HelmChartContainer - [POD] monitoring-stack-kube-state-metrics-5bf5c7b54d-589j9 [94619a1a-9f72-493c-b557-962d6f9d8332] in monitoring was MODIFIED
2025-01-29 17:08:37,140 INFO c.h.h.t.HelmChartContainer - [POD] monitoring-stack-kube-state-metrics-5bf5c7b54d-589j9 [94619a1a-9f72-493c-b557-962d6f9d8332] in monitoring was DELETED
2025-01-29 17:08:37,141 INFO c.h.h.t.HelmChartContainer - [K3S] [replica_set.go:679] "Finished syncing" kind="ReplicaSet" key="monitoring/monitoring-stack-kube-state-metrics-5bf5c7b54d" duration="41.287µs"
2025-01-29 17:08:37,172 INFO c.h.h.t.HelmChartContainer - [POD] prometheus-monitoring-stack-kube-prom-prometheus-0 [741c0ccd-4fe1-440a-a45e-7e20cd1315cc] in monitoring was MODIFIED
2025-01-29 17:08:37,177 INFO c.h.h.t.HelmChartContainer - [EVENT] Normal [Killing] Stopping container prometheus [monitoring:prometheus-monitoring-stack-kube-prom-prometheus-0]
2025-01-29 17:08:37,185 INFO c.h.h.t.HelmChartContainer - [EVENT] Normal [Killing] Stopping container config-reloader [monitoring:prometheus-monitoring-stack-kube-prom-prometheus-0]
2025-01-29 17:08:37,187 INFO c.h.h.t.HelmChartContainer - [K3S] [reconciler_common.go:299] "Volume detached for volume \"kube-api-access-p9zbr\" (UniqueName: \"kubernetes.io/projected/307fb028-d614-471c-993e-d5c1cbab519e-kube-api-access-p9zbr\") on node \"2d154d5499dc\" DevicePath \"\""
2025-01-29 17:08:37,188 INFO c.h.h.t.HelmChartContainer - [K3S] [reconciler_common.go:299] "Volume detached for volume \"tls-secret\" (UniqueName: \"kubernetes.io/secret/307fb028-d614-471c-993e-d5c1cbab519e-tls-secret\") on node \"2d154d5499dc\" DevicePath \"\""
2025-01-29 17:08:37,331 INFO c.h.h.t.HelmChartContainer - [POD] prometheus-monitoring-stack-kube-prom-prometheus-0 [741c0ccd-4fe1-440a-a45e-7e20cd1315cc] in monitoring was MODIFIED
2025-01-29 17:08:37,387 INFO c.h.h.t.HelmChartContainer - [K3S] [reconciler_common.go:162] "operationExecutor.UnmountVolume started for volume \"web-config\" (UniqueName: \"kubernetes.io/secret/741c0ccd-4fe1-440a-a45e-7e20cd1315cc-web-config\") pod \"741c0ccd-4fe1-440a-a45e-7e20cd1315cc\" (UID: \"741c0ccd-4fe1-440a-a45e-7e20cd1315cc\") "
2025-01-29 17:08:37,388 INFO c.h.h.t.HelmChartContainer - [K3S] [reconciler_common.go:162] "operationExecutor.UnmountVolume started for volume \"config-out\" (UniqueName: \"kubernetes.io/empty-dir/741c0ccd-4fe1-440a-a45e-7e20cd1315cc-config-out\") pod \"741c0ccd-4fe1-440a-a45e-7e20cd1315cc\" (UID: \"741c0ccd-4fe1-440a-a45e-7e20cd1315cc\") "
2025-01-29 17:08:37,388 INFO c.h.h.t.HelmChartContainer - [K3S] [reconciler_common.go:162] "operationExecutor.UnmountVolume started for volume \"config\" (UniqueName: \"kubernetes.io/secret/741c0ccd-4fe1-440a-a45e-7e20cd1315cc-config\") pod \"741c0ccd-4fe1-440a-a45e-7e20cd1315cc\" (UID: \"741c0ccd-4fe1-440a-a45e-7e20cd1315cc\") "
2025-01-29 17:08:37,389 INFO c.h.h.t.HelmChartContainer - [K3S] [reconciler_common.go:162] "operationExecutor.UnmountVolume started for volume \"prometheus-monitoring-stack-kube-prom-prometheus-db\" (UniqueName: \"kubernetes.io/empty-dir/741c0ccd-4fe1-440a-a45e-7e20cd1315cc-prometheus-monitoring-stack-kube-prom-prometheus-db\") pod \"741c0ccd-4fe1-440a-a45e-7e20cd1315cc\" (UID: \"741c0ccd-4fe1-440a-a45e-7e20cd1315cc\") "
2025-01-29 17:08:37,389 INFO c.h.h.t.HelmChartContainer - [K3S] [reconciler_common.go:162] "operationExecutor.UnmountVolume started for volume \"tls-assets\" (UniqueName: \"kubernetes.io/projected/741c0ccd-4fe1-440a-a45e-7e20cd1315cc-tls-assets\") pod \"741c0ccd-4fe1-440a-a45e-7e20cd1315cc\" (UID: \"741c0ccd-4fe1-440a-a45e-7e20cd1315cc\") "
2025-01-29 17:08:37,389 INFO c.h.h.t.HelmChartContainer - [K3S] [reconciler_common.go:162] "operationExecutor.UnmountVolume started for volume \"prometheus-monitoring-stack-kube-prom-prometheus-rulefiles-0\" (UniqueName: \"kubernetes.io/configmap/741c0ccd-4fe1-440a-a45e-7e20cd1315cc-prometheus-monitoring-stack-kube-prom-prometheus-rulefiles-0\") pod \"741c0ccd-4fe1-440a-a45e-7e20cd1315cc\" (UID: \"741c0ccd-4fe1-440a-a45e-7e20cd1315cc\") "
2025-01-29 17:08:37,390 INFO c.h.h.t.HelmChartContainer - [K3S] [reconciler_common.go:162] "operationExecutor.UnmountVolume started for volume \"kube-api-access-mgmqk\" (UniqueName: \"kubernetes.io/projected/741c0ccd-4fe1-440a-a45e-7e20cd1315cc-kube-api-access-mgmqk\") pod \"741c0ccd-4fe1-440a-a45e-7e20cd1315cc\" (UID: \"741c0ccd-4fe1-440a-a45e-7e20cd1315cc\") "
2025-01-29 17:08:37,487 INFO c.h.h.t.HelmChartContainer - [K3S] [reconciler_common.go:299] "Volume detached for volume \"config-out\" (UniqueName: \"kubernetes.io/empty-dir/741c0ccd-4fe1-440a-a45e-7e20cd1315cc-config-out\") on node \"2d154d5499dc\" DevicePath \"\""
2025-01-29 17:08:37,487 INFO c.h.h.t.HelmChartContainer - [K3S] [reconciler_common.go:299] "Volume detached for volume \"web-config\" (UniqueName: \"kubernetes.io/secret/741c0ccd-4fe1-440a-a45e-7e20cd1315cc-web-config\") on node \"2d154d5499dc\" DevicePath \"\""
2025-01-29 17:08:37,487 INFO c.h.h.t.HelmChartContainer - [K3S] [reconciler_common.go:299] "Volume detached for volume \"config\" (UniqueName: \"kubernetes.io/secret/741c0ccd-4fe1-440a-a45e-7e20cd1315cc-config\") on node \"2d154d5499dc\" DevicePath \"\""
2025-01-29 17:08:37,487 INFO c.h.h.t.HelmChartContainer - [K3S] [reconciler_common.go:299] "Volume detached for volume \"prometheus-monitoring-stack-kube-prom-prometheus-db\" (UniqueName: \"kubernetes.io/empty-dir/741c0ccd-4fe1-440a-a45e-7e20cd1315cc-prometheus-monitoring-stack-kube-prom-prometheus-db\") on node \"2d154d5499dc\" DevicePath \"\""
2025-01-29 17:08:37,487 INFO c.h.h.t.HelmChartContainer - [K3S] [reconciler_common.go:299] "Volume detached for volume \"tls-assets\" (UniqueName: \"kubernetes.io/projected/741c0ccd-4fe1-440a-a45e-7e20cd1315cc-tls-assets\") on node \"2d154d5499dc\" DevicePath \"\""
2025-01-29 17:08:37,487 INFO c.h.h.t.HelmChartContainer - [K3S] [reconciler_common.go:299] "Volume detached for volume \"prometheus-monitoring-stack-kube-prom-prometheus-rulefiles-0\" (UniqueName: \"kubernetes.io/configmap/741c0ccd-4fe1-440a-a45e-7e20cd1315cc-prometheus-monitoring-stack-kube-prom-prometheus-rulefiles-0\") on node \"2d154d5499dc\" DevicePath \"\""
2025-01-29 17:08:37,487 INFO c.h.h.t.HelmChartContainer - [K3S] [reconciler_common.go:299] "Volume detached for volume \"kube-api-access-mgmqk\" (UniqueName: \"kubernetes.io/projected/741c0ccd-4fe1-440a-a45e-7e20cd1315cc-kube-api-access-mgmqk\") on node \"2d154d5499dc\" DevicePath \"\""
2025-01-29 17:08:37,741 INFO c.h.h.t.HelmChartContainer - [K3S] [replica_set.go:679] "Finished syncing" kind="ReplicaSet" key="monitoring/monitoring-stack-kube-state-metrics-5bf5c7b54d" duration="6.513µs"
2025-01-29 17:08:37,840 INFO c.h.h.t.HelmChartContainer - [K3S] [scope.go:117] "RemoveContainer" containerID="74706ba38a65bb038fb6145ed9dc22ae8ecf3417b6fe507a40f55920a0d3597d"
2025-01-29 17:08:37,846 INFO c.h.h.t.HelmChartContainer - [K3S] [scope.go:117] "RemoveContainer" containerID="74706ba38a65bb038fb6145ed9dc22ae8ecf3417b6fe507a40f55920a0d3597d"
2025-01-29 17:08:37,846 INFO c.h.h.t.HelmChartContainer - [K3S] [scope.go:117] "RemoveContainer" containerID="d946e764af84011147138480a980b2c0f6927de7bece6a71ada2c7351caed547"
2025-01-29 17:08:37,850 INFO c.h.h.t.HelmChartContainer - [K3S] [scope.go:117] "RemoveContainer" containerID="e7ef5fc5d4f06b62cbe1507c944dc1048627896ea28f5a263cb2e821575de9ac"
2025-01-29 17:08:37,855 INFO c.h.h.t.HelmChartContainer - [K3S] [scope.go:117] "RemoveContainer" containerID="770b3f46858dcefd20e0b63cfb2bf3fae359c27417be63eac5ea5477bf5fbf07"
2025-01-29 17:08:37,860 INFO c.h.h.t.HelmChartContainer - [POD] monitoring-stack-kube-prom-operator-6998896c-7fnvq [307fb028-d614-471c-993e-d5c1cbab519e] in monitoring was MODIFIED
2025-01-29 17:08:37,860 INFO c.h.h.t.HelmChartContainer - [K3S] [replica_set.go:679] "Finished syncing" kind="ReplicaSet" key="monitoring/monitoring-stack-kube-prom-operator-6998896c" duration="47.56µs"
2025-01-29 17:08:37,860 INFO c.h.h.t.HelmChartContainer - [K3S] [scope.go:117] "RemoveContainer" containerID="d946e764af84011147138480a980b2c0f6927de7bece6a71ada2c7351caed547"
2025-01-29 17:08:37,861 INFO c.h.h.t.HelmChartContainer - [K3S] [scope.go:117] "RemoveContainer" containerID="e7ef5fc5d4f06b62cbe1507c944dc1048627896ea28f5a263cb2e821575de9ac"
2025-01-29 17:08:37,862 INFO c.h.h.t.HelmChartContainer - [K3S] [scope.go:117] "RemoveContainer" containerID="770b3f46858dcefd20e0b63cfb2bf3fae359c27417be63eac5ea5477bf5fbf07"
2025-01-29 17:08:37,863 INFO c.h.h.t.HelmChartContainer - [POD] monitoring-stack-kube-prom-operator-6998896c-7fnvq [307fb028-d614-471c-993e-d5c1cbab519e] in monitoring was DELETED
2025-01-29 17:08:37,864 INFO c.h.h.t.HelmChartContainer - [K3S] [scope.go:117] "RemoveContainer" containerID="d946e764af84011147138480a980b2c0f6927de7bece6a71ada2c7351caed547"
2025-01-29 17:08:37,865 INFO c.h.h.t.HelmChartContainer - [K3S] [replica_set.go:679] "Finished syncing" kind="ReplicaSet" key="monitoring/monitoring-stack-kube-prom-operator-6998896c" duration="44.754µs"
2025-01-29 17:08:37,866 INFO c.h.h.t.HelmChartContainer - [K3S] [scope.go:117] "RemoveContainer" containerID="e7ef5fc5d4f06b62cbe1507c944dc1048627896ea28f5a263cb2e821575de9ac"
2025-01-29 17:08:37,868 INFO c.h.h.t.HelmChartContainer - [K3S] [scope.go:117] "RemoveContainer" containerID="770b3f46858dcefd20e0b63cfb2bf3fae359c27417be63eac5ea5477bf5fbf07"
2025-01-29 17:08:37,868 INFO c.h.h.t.HelmChartContainer - [K3S] [scope.go:117] "RemoveContainer" containerID="9cae1755090a7f9e01c643cab97346d28a767aabb4baab3044c6f9eb73cd4329"
2025-01-29 17:08:37,872 INFO c.h.h.t.HelmChartContainer - [K3S] [scope.go:117] "RemoveContainer" containerID="4c7ae8e56dfa1c1ae0a1d1d537c4b054df8d7d557cb4e3a2219499e46412d528"
2025-01-29 17:08:37,877 INFO c.h.h.t.HelmChartContainer - [POD] alertmanager-monitoring-stack-kube-prom-alertmanager-0 [5341220a-81a2-4c0f-9f72-599290f5bfa7] in monitoring was MODIFIED
2025-01-29 17:08:37,883 INFO c.h.h.t.HelmChartContainer - [POD] alertmanager-monitoring-stack-kube-prom-alertmanager-0 [5341220a-81a2-4c0f-9f72-599290f5bfa7] in monitoring was DELETED
2025-01-29 17:08:37,884 INFO c.h.h.t.HelmChartContainer - [K3S] [scope.go:117] "RemoveContainer" containerID="a6317c27390c2c0912487e271d7eda6558b82db1a857cd403584abdc21751f63"
2025-01-29 17:08:37,895 INFO c.h.h.t.HelmChartContainer - [K3S] [replica_set.go:679] "Finished syncing" kind="ReplicaSet" key="monitoring/monitoring-stack-grafana-64c55fb967" duration="49.033µs"
2025-01-29 17:08:37,897 INFO c.h.h.t.HelmChartContainer - [POD] monitoring-stack-grafana-64c55fb967-n75mg [2e805c19-b7ce-431e-aa12-bd4c1355b48c] in monitoring was MODIFIED
2025-01-29 17:08:37,901 INFO c.h.h.t.HelmChartContainer - [K3S] [replica_set.go:679] "Finished syncing" kind="ReplicaSet" key="monitoring/monitoring-stack-grafana-64c55fb967" duration="46.538µs"
2025-01-29 17:08:37,903 INFO c.h.h.t.HelmChartContainer - [POD] monitoring-stack-grafana-64c55fb967-n75mg [2e805c19-b7ce-431e-aa12-bd4c1355b48c] in monitoring was DELETED
2025-01-29 17:08:37,914 INFO c.h.h.t.HelmChartContainer - [POD] prometheus-monitoring-stack-kube-prom-prometheus-0 [741c0ccd-4fe1-440a-a45e-7e20cd1315cc] in monitoring was MODIFIED
2025-01-29 17:08:37,919 INFO c.h.h.t.HelmChartContainer - [POD] prometheus-monitoring-stack-kube-prom-prometheus-0 [741c0ccd-4fe1-440a-a45e-7e20cd1315cc] in monitoring was DELETED
2025-01-29 17:08:38,095 INFO c.h.h.t.HelmChartContainer - [K3S] [kubelet_volumes.go:163] "Cleaned up orphaned pod volumes dir" podUID="2e805c19-b7ce-431e-aa12-bd4c1355b48c" path="/var/lib/kubelet/pods/2e805c19-b7ce-431e-aa12-bd4c1355b48c/volumes"
2025-01-29 17:08:38,096 INFO c.h.h.t.HelmChartContainer - [K3S] [kubelet_volumes.go:163] "Cleaned up orphaned pod volumes dir" podUID="307fb028-d614-471c-993e-d5c1cbab519e" path="/var/lib/kubelet/pods/307fb028-d614-471c-993e-d5c1cbab519e/volumes"
2025-01-29 17:08:38,096 INFO c.h.h.t.HelmChartContainer - [K3S] [kubelet_volumes.go:163] "Cleaned up orphaned pod volumes dir" podUID="5341220a-81a2-4c0f-9f72-599290f5bfa7" path="/var/lib/kubelet/pods/5341220a-81a2-4c0f-9f72-599290f5bfa7/volumes"
2025-01-29 17:08:38,097 INFO c.h.h.t.HelmChartContainer - [K3S] [kubelet_volumes.go:163] "Cleaned up orphaned pod volumes dir" podUID="741c0ccd-4fe1-440a-a45e-7e20cd1315cc" path="/var/lib/kubelet/pods/741c0ccd-4fe1-440a-a45e-7e20cd1315cc/volumes"
2025-01-29 17:08:38,098 INFO c.h.h.t.HelmChartContainer - [K3S] [kubelet_volumes.go:163] "Cleaned up orphaned pod volumes dir" podUID="94619a1a-9f72-493c-b557-962d6f9d8332" path="/var/lib/kubelet/pods/94619a1a-9f72-493c-b557-962d6f9d8332/volumes"
2025-01-29 17:08:38,191 INFO c.h.h.t.HelmChartContainer - [K3S] [replica_set.go:679] "Finished syncing" kind="ReplicaSet" key="monitoring/monitoring-stack-kube-prom-operator-6998896c" duration="6.382µs"
2025-01-29 17:08:38,268 INFO c.h.h.t.HelmChartContainer - [K3S] [replica_set.go:679] "Finished syncing" kind="ReplicaSet" key="monitoring/monitoring-stack-grafana-64c55fb967" duration="4.468µs"
2025-01-29 17:08:38,618 INFO c.h.h.t.HelmChartContainer - [K3S] [stateful_set.go:466] "StatefulSet has been deleted" key="monitoring/alertmanager-monitoring-stack-kube-prom-alertmanager"
2025-01-29 17:08:38,643 INFO c.h.h.t.HelmChartContainer - [K3S] [stateful_set.go:466] "StatefulSet has been deleted" key="monitoring/prometheus-monitoring-stack-kube-prom-prometheus"
2025-01-29 17:08:40,191 INFO c.h.h.t.HelmChartContainer - Deleting namespace 'monitoring'...
2025-01-29 17:08:42,326 INFO c.h.h.t.HelmChartContainer - [K3S] [scope.go:117] "RemoveContainer" containerID="1ce146b2fea4a147d0d682dc98766ea5712b5d73b99ccc3f71d084f3e06c1acf"
2025-01-29 17:08:42,329 INFO c.h.h.t.HelmChartContainer - [K3S] [scope.go:117] "RemoveContainer" containerID="52c4dd8669c0619a5fecb44dffdec07cb9f165f4d1efbb0fe193d7d4fcadd878"
2025-01-29 17:08:42,332 INFO c.h.h.t.HelmChartContainer - [K3S] [scope.go:117] "RemoveContainer" containerID="e58f371143826d43861f1a2e8e0d759ea66dc29be1f3abfc10d5709a932833c6"
2025-01-29 17:08:43,980 INFO c.h.h.t.HelmChartContainer - [hivemq-test-hivemq-platform] [hivemq-platform-operator] [300fbfae] 17:08:43.977 [pool-6-thread-10] DEBUG c.h.p.o.d.PlatformServiceResource - [helmmoni] Desired Platform services (3 services)
2025-01-29 17:08:43,980 INFO c.h.h.t.HelmChartContainer - [hivemq-test-hivemq-platform] [hivemq-platform-operator] [300fbfae] 17:08:43.978 [pool-6-thread-9] DEBUG c.h.p.o.dependants.PodInfoConfigMap - [helmmoni] Desired PodInfo ConfigMap (1 extensions) (1 enabled)
2025-01-29 17:08:43,980 INFO c.h.h.t.HelmChartContainer - [hivemq-test-hivemq-platform] [hivemq-platform-operator] [300fbfae] 17:08:43.978 [pool-6-thread-9] DEBUG c.h.p.o.dependants.PodInfoConfigMap - [helmmoni] Desired PodInfo ConfigMap (metrics port: 9399) (metrics path: /)
2025-01-29 17:08:43,980 INFO c.h.h.t.HelmChartContainer - [hivemq-test-hivemq-platform] [hivemq-platform-operator] [300fbfae] 17:08:43.978 [pool-6-thread-9] DEBUG c.h.p.o.dependants.PodInfoConfigMap - [helmmoni] Desired PodInfo ConfigMap (extension state hash: -1817474005)
2025-01-29 17:08:43,980 INFO c.h.h.t.HelmChartContainer - [hivemq-test-hivemq-platform] [hivemq-platform-operator] [300fbfae] 17:08:43.978 [pool-6-thread-9] DEBUG c.h.p.o.d.PodServiceAccountResource - [helmmoni] Desired PodServiceAccountResource (serviceAccountName: hivemq-platform-pod-test-hivemq-platform)
2025-01-29 17:08:43,983 INFO c.h.h.t.HelmChartContainer - [hivemq-test-hivemq-platform] [hivemq-platform-operator] [300fbfae] 17:08:43.982 [pool-6-thread-10] DEBUG c.h.p.o.d.StatefulSetResource - [helmmoni] Desired StatefulSet (2 replicas) for status RUNNING (READY)
2025-01-29 17:08:43,985 INFO c.h.h.t.HelmChartContainer - [hivemq-test-hivemq-platform] [hivemq-platform-operator] [300fbfae] 17:08:43.984 [ReconcilerExecutor-hivemq-controller-130] INFO  c.h.p.o.HiveMQPlatformReconciler - [helmmoni] Reconciling HiveMQ Platform 'test-hivemq-platform' in namespace 'helmmonitoringplatformit'
2025-01-29 17:08:43,986 INFO c.h.h.t.HelmChartContainer - [hivemq-test-hivemq-platform] [hivemq-platform-operator] [300fbfae] 17:08:43.984 [ReconcilerExecutor-hivemq-controller-130] DEBUG c.h.p.o.HiveMQPlatformReconciler - [helmmoni] Custom Resource Status RUNNING - HiveMQ Platform is ready (READY)
2025-01-29 17:08:43,986 INFO c.h.h.t.HelmChartContainer - [hivemq-test-hivemq-platform] [hivemq-platform-operator] [300fbfae] 17:08:43.984 [ReconcilerExecutor-hivemq-controller-130] DEBUG c.h.p.o.HiveMQPlatformReconciler - [helmmoni] Custom Resource Spec (replicas: 2) (extensions: 1)
2025-01-29 17:08:43,986 INFO c.h.h.t.HelmChartContainer - [hivemq-test-hivemq-platform] [hivemq-platform-operator] [300fbfae] 17:08:43.985 [ReconcilerExecutor-hivemq-controller-130] DEBUG c.h.p.o.HiveMQPlatformReconciler - [helmmoni] StatefulSet Status (revision: test-hivemq-platform-64db946475, replicas: 2, available: 2, ready: 2, current: 2, updated: 2)
2025-01-29 17:08:43,987 INFO c.h.h.t.HelmChartContainer - [hivemq-test-hivemq-platform] [hivemq-platform-operator] [300fbfae] 17:08:43.986 [ReconcilerExecutor-hivemq-controller-130] DEBUG c.h.p.o.HiveMQPlatformReconciler - [helmmoni] StatefulSet Spec (replicas: 2, init containers: 1, containers: 1, volumes: 3)
2025-01-29 17:08:43,987 INFO c.h.h.t.HelmChartContainer - [hivemq-test-hivemq-platform] [hivemq-platform-operator] [300fbfae] 17:08:43.987 [ReconcilerExecutor-hivemq-controller-130] DEBUG c.h.p.o.h.HiveMQPlatformReconcilerErrorHandler - [helmmoni] Pod 'test-hivemq-platform-1' phase Running
2025-01-29 17:08:43,989 INFO c.h.h.t.HelmChartContainer - [hivemq-test-hivemq-platform] [hivemq-platform-operator] [300fbfae] 17:08:43.988 [ReconcilerExecutor-hivemq-controller-130] DEBUG c.h.p.o.h.HiveMQPlatformReconcilerErrorHandler - [helmmoni] Pod 'test-hivemq-platform-0' phase Running
2025-01-29 17:08:45,617 INFO c.h.h.t.HelmChartContainer - Namespace 'monitoring' deleted
2025-01-29 17:08:45,617 INFO c.h.h.t.HelmChartContainer - Release 'monitoring-stack' in namespace 'monitoring' is uninstalled
2025-01-29 17:08:45,617 INFO c.h.h.t.HelmChartContainer - Uninstalling release 'test-hivemq-platform' in namespace 'helmmonitoringplatformit'...
2025-01-29 17:08:45,617 DEBUG c.h.h.t.HelmChartContainer - Executing helm command: /bin/helm --kubeconfig /etc/rancher/k3s/k3s.yaml uninstall test-hivemq-platform  --wait --timeout 5m0s --cascade foreground --namespace helmmonitoringplatformit
2025-01-29 17:08:45,885 INFO c.h.h.t.HelmChartContainer - [hivemq-test-hivemq-platform] [hivemq-platform-operator] [300fbfae] 17:08:45.878 [pool-6-thread-17] DEBUG c.h.p.o.d.PlatformServiceResource - [helmmoni] Desired Platform services (3 services)
2025-01-29 17:08:45,885 INFO c.h.h.t.HelmChartContainer - [hivemq-test-hivemq-platform] [hivemq-platform-operator] [300fbfae] 17:08:45.879 [pool-6-thread-19] DEBUG c.h.p.o.dependants.PodInfoConfigMap - [helmmoni] Desired PodInfo ConfigMap (1 extensions) (1 enabled)
2025-01-29 17:08:45,885 INFO c.h.h.t.HelmChartContainer - [hivemq-test-hivemq-platform] [hivemq-platform-operator] [300fbfae] 17:08:45.879 [pool-6-thread-19] DEBUG c.h.p.o.dependants.PodInfoConfigMap - [helmmoni] Desired PodInfo ConfigMap (metrics port: 9399) (metrics path: /)
2025-01-29 17:08:45,885 INFO c.h.h.t.HelmChartContainer - [hivemq-test-hivemq-platform] [hivemq-platform-operator] [300fbfae] 17:08:45.879 [pool-6-thread-19] DEBUG c.h.p.o.dependants.PodInfoConfigMap - [helmmoni] Desired PodInfo ConfigMap (extension state hash: -1817474005)
2025-01-29 17:08:45,885 INFO c.h.h.t.HelmChartContainer - [hivemq-test-hivemq-platform] [hivemq-platform-operator] [300fbfae] 17:08:45.880 [pool-6-thread-19] DEBUG c.h.p.o.d.PodServiceAccountResource - [helmmoni] Desired PodServiceAccountResource (serviceAccountName: hivemq-platform-pod-test-hivemq-platform)
2025-01-29 17:08:45,902 INFO c.h.h.t.HelmChartContainer - [hivemq-test-hivemq-platform] [hivemq-platform-operator] [300fbfae] 17:08:45.888 [pool-6-thread-17] DEBUG c.h.p.o.d.StatefulSetResource - [helmmoni] Desired StatefulSet (2 replicas) for status RUNNING (READY)
2025-01-29 17:08:45,911 INFO c.h.h.t.HelmChartContainer - [hivemq-test-hivemq-platform] [hivemq-platform-operator] [300fbfae] 17:08:45.893 [ReconcilerExecutor-hivemq-controller-131] INFO  c.h.p.o.HiveMQPlatformReconciler - [helmmoni] Reconciling HiveMQ Platform 'test-hivemq-platform' in namespace 'helmmonitoringplatformit'
2025-01-29 17:08:45,911 INFO c.h.h.t.HelmChartContainer - [hivemq-test-hivemq-platform] [hivemq-platform-operator] [300fbfae] 17:08:45.893 [ReconcilerExecutor-hivemq-controller-131] DEBUG c.h.p.o.HiveMQPlatformReconciler - [helmmoni] Custom Resource Status RUNNING - HiveMQ Platform is ready (READY)
2025-01-29 17:08:45,911 INFO c.h.h.t.HelmChartContainer - [hivemq-test-hivemq-platform] [hivemq-platform-operator] [300fbfae] 17:08:45.893 [ReconcilerExecutor-hivemq-controller-131] DEBUG c.h.p.o.HiveMQPlatformReconciler - [helmmoni] Custom Resource Spec (replicas: 2) (extensions: 1)
2025-01-29 17:08:45,911 INFO c.h.h.t.HelmChartContainer - [hivemq-test-hivemq-platform] [hivemq-platform-operator] [300fbfae] 17:08:45.894 [ReconcilerExecutor-hivemq-controller-131] DEBUG c.h.p.o.HiveMQPlatformReconciler - [helmmoni] StatefulSet Status (revision: test-hivemq-platform-64db946475, replicas: 2, available: 2, ready: 2, current: 2, updated: 2)
2025-01-29 17:08:45,911 INFO c.h.h.t.HelmChartContainer - [hivemq-test-hivemq-platform] [hivemq-platform-operator] [300fbfae] 17:08:45.894 [ReconcilerExecutor-hivemq-controller-131] DEBUG c.h.p.o.HiveMQPlatformReconciler - [helmmoni] StatefulSet Spec (replicas: 2, init containers: 1, containers: 1, volumes: 3)
2025-01-29 17:08:45,911 INFO c.h.h.t.HelmChartContainer - [hivemq-test-hivemq-platform] [hivemq-platform-operator] [300fbfae] 17:08:45.895 [ReconcilerExecutor-hivemq-controller-131] DEBUG c.h.p.o.h.HiveMQPlatformReconcilerErrorHandler - [helmmoni] Pod 'test-hivemq-platform-1' phase Running
2025-01-29 17:08:45,911 INFO c.h.h.t.HelmChartContainer - [hivemq-test-hivemq-platform] [hivemq-platform-operator] [300fbfae] 17:08:45.897 [ReconcilerExecutor-hivemq-controller-131] DEBUG c.h.p.o.h.HiveMQPlatformReconcilerErrorHandler - [helmmoni] Pod 'test-hivemq-platform-0' phase Running
2025-01-29 17:08:45,928 INFO c.h.h.t.HelmChartContainer - [hivemq-test-hivemq-platform] [hivemq-platform-operator] [300fbfae] 17:08:45.921 [ReconcilerExecutor-hivemq-controller-132] INFO  c.h.p.o.HiveMQPlatformReconciler - [helmmoni] Cleanup test-hivemq-platform - helmmonitoringplatformit HiveMQ Platform is shut down
2025-01-29 17:08:45,941 INFO c.h.h.t.HelmChartContainer - [K3S] [authentication.go:74] "Unable to authenticate the request" err="[invalid bearer token, serviceaccounts \"hivemq-platform-pod-test-hivemq-platform\" not found]"
2025-01-29 17:08:45,969 INFO c.h.h.t.HelmChartContainer - [K3S] [authentication.go:74] "Unable to authenticate the request" err="[invalid bearer token, serviceaccounts \"hivemq-platform-pod-test-hivemq-platform\" not found]"
2025-01-29 17:08:46,042 INFO c.h.h.t.HelmChartContainer - [test-hivemq-platform] [hivemq] [a8e6e206] WARN  - [HiveMQ Platform Operator Init App 1.7.0-SNAPSHOT] Could not update Pod annotations: Failure executing: GET at: https://10.43.0.1:443/api/v1/namespaces/helmmonitoringplatformit/pods/test-hivemq-platform-0. Message: Unauthorized. Received status: Status(apiVersion=v1, code=401, details=null, kind=Status, message=Unauthorized, metadata=ListMeta(_continue=null, remainingItemCount=null, resourceVersion=null, selfLink=null, additionalProperties={}), reason=Unauthorized, status=Failure, additionalProperties={}).
2025-01-29 17:08:46,465 INFO c.h.h.t.HelmChartContainer - [POD] test-hivemq-platform-0 [a8e6e206-4a17-4788-9955-792d38ed9b14] in helmmonitoringplatformit was MODIFIED
2025-01-29 17:08:46,474 INFO c.h.h.t.HelmChartContainer - [EVENT] Normal [Killing] Stopping container hivemq [helmmonitoringplatformit:test-hivemq-platform-0]
2025-01-29 17:08:46,474 INFO c.h.h.t.HelmChartContainer - Received Killing event for container hivemq in pod test-hivemq-platform-0 [a8e6e206-4a17-4788-9955-792d38ed9b14]
2025-01-29 17:08:46,474 INFO c.h.h.t.HelmChartContainer - Container [test-hivemq-platform-0] [hivemq] [a8e6e206-4a17-4788-9955-792d38ed9b14] was terminated
2025-01-29 17:08:46,474 INFO c.h.h.t.HelmChartContainer - Stopped log watcher for hivemq in pod test-hivemq-platform-0 [a8e6e206-4a17-4788-9955-792d38ed9b14]
2025-01-29 17:08:46,481 INFO c.h.h.t.HelmChartContainer - [test-hivemq-platform] [hivemq] [a8e6e206] INFO  - [HiveMQ Platform Operator Init App 1.7.0-SNAPSHOT] Shutting down
2025-01-29 17:08:46,482 INFO c.h.h.t.HelmChartContainer - [test-hivemq-platform] [hivemq] [a8e6e206] INFO  - [HiveMQ Platform Operator Init App 1.7.0-SNAPSHOT] Stopping the HiveMQ Platform
2025-01-29 17:08:46,513 INFO c.h.h.t.HelmChartContainer - [POD] test-hivemq-platform-1 [9a6bff7b-b533-4b62-bd68-f429ef4601ce] in helmmonitoringplatformit was MODIFIED
2025-01-29 17:08:46,522 INFO c.h.h.t.HelmChartContainer - [EVENT] Normal [Killing] Stopping container hivemq [helmmonitoringplatformit:test-hivemq-platform-1]
2025-01-29 17:08:46,523 INFO c.h.h.t.HelmChartContainer - Received Killing event for container hivemq in pod test-hivemq-platform-1 [9a6bff7b-b533-4b62-bd68-f429ef4601ce]
2025-01-29 17:08:46,523 INFO c.h.h.t.HelmChartContainer - Container [test-hivemq-platform-1] [hivemq] [9a6bff7b-b533-4b62-bd68-f429ef4601ce] was terminated
2025-01-29 17:08:46,523 INFO c.h.h.t.HelmChartContainer - Stopped log watcher for hivemq in pod test-hivemq-platform-1 [9a6bff7b-b533-4b62-bd68-f429ef4601ce]
2025-01-29 17:08:46,531 INFO c.h.h.t.HelmChartContainer - [test-hivemq-platform] [hivemq] [9a6bff7b] INFO  - [HiveMQ Platform Operator Init App 1.7.0-SNAPSHOT] Shutting down
2025-01-29 17:08:46,532 INFO c.h.h.t.HelmChartContainer - [test-hivemq-platform] [hivemq] [9a6bff7b] INFO  - [HiveMQ Platform Operator Init App 1.7.0-SNAPSHOT] Stopping the HiveMQ Platform
2025-01-29 17:08:46,649 INFO c.h.h.t.HelmChartContainer - [test-hivemq-platform] [hivemq] [a8e6e206] INFO  - Shutting down HiveMQ. Please wait, this could take a while...
2025-01-29 17:08:46,652 INFO c.h.h.t.HelmChartContainer - [test-hivemq-platform] [hivemq] [9a6bff7b] INFO  - Shutting down HiveMQ. Please wait, this could take a while...
2025-01-29 17:08:46,655 INFO c.h.h.t.HelmChartContainer - [test-hivemq-platform] [hivemq] [a8e6e206] INFO  - Shutting down listeners and clients
2025-01-29 17:08:46,657 INFO c.h.h.t.HelmChartContainer - [test-hivemq-platform] [hivemq] [a8e6e206] INFO  - Shutdown of listeners is done
2025-01-29 17:08:46,657 INFO c.h.h.t.HelmChartContainer - [test-hivemq-platform] [hivemq] [a8e6e206] INFO  - No clients are connected, proceeding with shutdown
2025-01-29 17:08:46,728 INFO c.h.h.t.HelmChartContainer - [test-hivemq-platform] [hivemq] [9a6bff7b] INFO  - Shutting down listeners and clients
2025-01-29 17:08:46,730 INFO c.h.h.t.HelmChartContainer - [test-hivemq-platform] [hivemq] [9a6bff7b] INFO  - Shutdown of listeners is done
2025-01-29 17:08:46,730 INFO c.h.h.t.HelmChartContainer - [test-hivemq-platform] [hivemq] [9a6bff7b] INFO  - No clients are connected, proceeding with shutdown
2025-01-29 17:08:47,953 INFO c.h.h.t.HelmChartContainer - Deleting namespace 'helmmonitoringplatformit'...
2025-01-29 17:08:48,647 INFO c.h.h.t.HelmChartContainer - [test-hivemq-platform] [hivemq] [9a6bff7b] INFO  - [HiveMQ Platform Operator Init App 1.7.0-SNAPSHOT] Returning shutdown Health API response 503 for readiness
2025-01-29 17:08:48,651 INFO c.h.h.t.HelmChartContainer - [EVENT] Warning [Unhealthy] Readiness probe failed: HTTP probe failed with statuscode: 503 [helmmonitoringplatformit:test-hivemq-platform-1]
2025-01-29 17:08:48,651 INFO c.h.h.t.HelmChartContainer - Received Unhealthy event for container hivemq in pod test-hivemq-platform-1 [9a6bff7b-b533-4b62-bd68-f429ef4601ce]
2025-01-29 17:08:49,111 INFO c.h.h.t.HelmChartContainer - [K3S] [authentication.go:74] "Unable to authenticate the request" err="[invalid bearer token, serviceaccounts \"hivemq-platform-pod-test-hivemq-platform\" not found]"
2025-01-29 17:08:49,134 INFO c.h.h.t.HelmChartContainer - [K3S] [authentication.go:74] "Unable to authenticate the request" err="[invalid bearer token, serviceaccounts \"hivemq-platform-pod-test-hivemq-platform\" not found]"
2025-01-29 17:08:49,144 INFO c.h.h.t.HelmChartContainer - [test-hivemq-platform] [hivemq] [9a6bff7b] WARN  - [HiveMQ Platform Operator Init App 1.7.0-SNAPSHOT] Could not update Pod annotations: Failure executing: GET at: https://10.43.0.1:443/api/v1/namespaces/helmmonitoringplatformit/pods/test-hivemq-platform-1. Message: Unauthorized. Received status: Status(apiVersion=v1, code=401, details=null, kind=Status, message=Unauthorized, metadata=ListMeta(_continue=null, remainingItemCount=null, resourceVersion=null, selfLink=null, additionalProperties={}), reason=Unauthorized, status=Failure, additionalProperties={}).
2025-01-29 17:08:49,152 INFO c.h.h.t.HelmChartContainer - [test-hivemq-platform] [hivemq] [a8e6e206] INFO  - Shutting down extension system
2025-01-29 17:08:49,154 INFO c.h.h.t.HelmChartContainer - [test-hivemq-platform] [hivemq] [a8e6e206] INFO  - Stopping extension with id hivemq-dns-cluster-discovery
2025-01-29 17:08:49,155 INFO c.h.h.t.HelmChartContainer - [test-hivemq-platform] [hivemq] [a8e6e206] INFO  - Extension "DNS Cluster Discovery Extension" version 4.3.2 stopped successfully.
2025-01-29 17:08:49,156 INFO c.h.h.t.HelmChartContainer - [test-hivemq-platform] [hivemq] [a8e6e206] INFO  - Stopping extension with id hivemq-prometheus-extension
2025-01-29 17:08:49,158 INFO c.h.h.t.HelmChartContainer - [test-hivemq-platform] [hivemq] [a8e6e206] INFO  - Extension "Prometheus Monitoring Extension" version 4.0.12 stopped successfully.
2025-01-29 17:08:49,159 INFO c.h.h.t.HelmChartContainer - [test-hivemq-platform] [hivemq] [a8e6e206] INFO  - Stopping extension with id hivemq-allow-all-extension
2025-01-29 17:08:49,159 INFO c.h.h.t.HelmChartContainer - [test-hivemq-platform] [hivemq] [a8e6e206] INFO  - Extension "Allow All Extension" version 1.1.1 stopped successfully.
2025-01-29 17:08:49,165 INFO c.h.h.t.HelmChartContainer - [test-hivemq-platform] [hivemq] [9a6bff7b] INFO  - Cluster nodes found by discovery: [F1c2X|2] (1) [F1c2X].
2025-01-29 17:08:49,228 INFO c.h.h.t.HelmChartContainer - [test-hivemq-platform] [hivemq] [9a6bff7b] INFO  - Cluster size = 1, members : [F1c2X].
2025-01-29 17:08:49,935 INFO c.h.h.t.HelmChartContainer - [test-hivemq-platform] [hivemq] [9a6bff7b] INFO  - Shutting down extension system
2025-01-29 17:08:49,937 INFO c.h.h.t.HelmChartContainer - [test-hivemq-platform] [hivemq] [9a6bff7b] INFO  - Stopping extension with id hivemq-dns-cluster-discovery
2025-01-29 17:08:49,938 INFO c.h.h.t.HelmChartContainer - [test-hivemq-platform] [hivemq] [9a6bff7b] INFO  - Extension "DNS Cluster Discovery Extension" version 4.3.2 stopped successfully.
2025-01-29 17:08:49,938 INFO c.h.h.t.HelmChartContainer - [test-hivemq-platform] [hivemq] [9a6bff7b] INFO  - Stopping extension with id hivemq-prometheus-extension
2025-01-29 17:08:49,941 INFO c.h.h.t.HelmChartContainer - [test-hivemq-platform] [hivemq] [9a6bff7b] INFO  - Extension "Prometheus Monitoring Extension" version 4.0.12 stopped successfully.
2025-01-29 17:08:49,942 INFO c.h.h.t.HelmChartContainer - [test-hivemq-platform] [hivemq] [9a6bff7b] INFO  - Stopping extension with id hivemq-allow-all-extension
2025-01-29 17:08:49,942 INFO c.h.h.t.HelmChartContainer - [test-hivemq-platform] [hivemq] [9a6bff7b] INFO  - Extension "Allow All Extension" version 1.1.1 stopped successfully.
2025-01-29 17:08:50,214 INFO c.h.h.t.HelmChartContainer - [test-hivemq-platform] [hivemq] [a8e6e206] INFO  - [HiveMQ Platform Operator Init App 1.7.0-SNAPSHOT] Returning shutdown Health API response 503 for readiness
2025-01-29 17:08:50,218 INFO c.h.h.t.HelmChartContainer - [EVENT] Warning [Unhealthy] Readiness probe failed: HTTP probe failed with statuscode: 503 [helmmonitoringplatformit:test-hivemq-platform-0]
2025-01-29 17:08:50,218 INFO c.h.h.t.HelmChartContainer - Received Unhealthy event for container hivemq in pod test-hivemq-platform-0 [a8e6e206-4a17-4788-9955-792d38ed9b14]
2025-01-29 17:08:50,595 INFO c.h.h.t.HelmChartContainer - [K3S] [namespace_controller.go:187] "Namespace has been deleted" namespace="monitoring"
2025-01-29 17:08:51,045 INFO c.h.h.t.HelmChartContainer - [K3S] [authentication.go:74] "Unable to authenticate the request" err="[invalid bearer token, serviceaccounts \"hivemq-platform-pod-test-hivemq-platform\" not found]"
2025-01-29 17:08:51,058 INFO c.h.h.t.HelmChartContainer - [K3S] [authentication.go:74] "Unable to authenticate the request" err="[invalid bearer token, serviceaccounts \"hivemq-platform-pod-test-hivemq-platform\" not found]"
2025-01-29 17:08:51,059 INFO c.h.h.t.HelmChartContainer - [test-hivemq-platform] [hivemq] [a8e6e206] WARN  - [HiveMQ Platform Operator Init App 1.7.0-SNAPSHOT] Could not update Pod annotations: Failure executing: GET at: https://10.43.0.1:443/api/v1/namespaces/helmmonitoringplatformit/pods/test-hivemq-platform-0. Message: Unauthorized. Received status: Status(apiVersion=v1, code=401, details=null, kind=Status, message=Unauthorized, metadata=ListMeta(_continue=null, remainingItemCount=null, resourceVersion=null, selfLink=null, additionalProperties={}), reason=Unauthorized, status=Failure, additionalProperties={}).
2025-01-29 17:08:51,458 INFO c.h.h.t.HelmChartContainer - [test-hivemq-platform] [hivemq] [a8e6e206] INFO  - Shutdown completed.
2025-01-29 17:08:51,810 INFO c.h.h.t.HelmChartContainer - [test-hivemq-platform] [hivemq] [a8e6e206] INFO  - [HiveMQ Platform Operator Init App 1.7.0-SNAPSHOT] The HiveMQ Platform exited with code 143
2025-01-29 17:08:51,810 INFO c.h.h.t.HelmChartContainer - [test-hivemq-platform] [hivemq] [a8e6e206] INFO  - [HiveMQ Platform Operator Init App 1.7.0-SNAPSHOT] Stopping the REST API
2025-01-29 17:08:51,816 INFO c.h.h.t.HelmChartContainer - [test-hivemq-platform] [hivemq] [a8e6e206] INFO  - [HiveMQ Platform Operator Init App 1.7.0-SNAPSHOT] Shutdown complete
2025-01-29 17:08:52,227 INFO c.h.h.t.HelmChartContainer - [test-hivemq-platform] [hivemq] [9a6bff7b] INFO  - Shutdown completed.
2025-01-29 17:08:52,284 INFO c.h.h.t.HelmChartContainer - [POD] test-hivemq-platform-0 [a8e6e206-4a17-4788-9955-792d38ed9b14] in helmmonitoringplatformit was MODIFIED
2025-01-29 17:08:52,285 INFO c.h.h.t.HelmChartContainer - [K3S] [stateful_set.go:438] "Unhandled Error" err="error syncing StatefulSet helmmonitoringplatformit/test-hivemq-platform, requeuing: controllerrevisions.apps \"test-hivemq-platform-64db946475\" is forbidden: unable to create new content in namespace helmmonitoringplatformit because it is being terminated"
2025-01-29 17:08:52,293 INFO c.h.h.t.HelmChartContainer - [K3S] [stateful_set.go:438] "Unhandled Error" err="error syncing StatefulSet helmmonitoringplatformit/test-hivemq-platform, requeuing: controllerrevisions.apps \"test-hivemq-platform-64db946475\" is forbidden: unable to create new content in namespace helmmonitoringplatformit because it is being terminated"
2025-01-29 17:08:52,306 INFO c.h.h.t.HelmChartContainer - [K3S] [stateful_set.go:438] "Unhandled Error" err="error syncing StatefulSet helmmonitoringplatformit/test-hivemq-platform, requeuing: controllerrevisions.apps \"test-hivemq-platform-64db946475\" is forbidden: unable to create new content in namespace helmmonitoringplatformit because it is being terminated"
2025-01-29 17:08:52,329 INFO c.h.h.t.HelmChartContainer - [K3S] [stateful_set.go:438] "Unhandled Error" err="error syncing StatefulSet helmmonitoringplatformit/test-hivemq-platform, requeuing: controllerrevisions.apps \"test-hivemq-platform-64db946475\" is forbidden: unable to create new content in namespace helmmonitoringplatformit because it is being terminated"
2025-01-29 17:08:52,370 INFO c.h.h.t.HelmChartContainer - [K3S] [reconciler_common.go:162] "operationExecutor.UnmountVolume started for volume \"broker-configuration\" (UniqueName: \"kubernetes.io/configmap/a8e6e206-4a17-4788-9955-792d38ed9b14-broker-configuration\") pod \"a8e6e206-4a17-4788-9955-792d38ed9b14\" (UID: \"a8e6e206-4a17-4788-9955-792d38ed9b14\") "
2025-01-29 17:08:52,370 INFO c.h.h.t.HelmChartContainer - [K3S] [reconciler_common.go:162] "operationExecutor.UnmountVolume started for volume \"kube-api-access-knw78\" (UniqueName: \"kubernetes.io/projected/a8e6e206-4a17-4788-9955-792d38ed9b14-kube-api-access-knw78\") pod \"a8e6e206-4a17-4788-9955-792d38ed9b14\" (UID: \"a8e6e206-4a17-4788-9955-792d38ed9b14\") "
2025-01-29 17:08:52,370 INFO c.h.h.t.HelmChartContainer - [K3S] [reconciler_common.go:162] "operationExecutor.UnmountVolume started for volume \"operator-init\" (UniqueName: \"kubernetes.io/empty-dir/a8e6e206-4a17-4788-9955-792d38ed9b14-operator-init\") pod \"a8e6e206-4a17-4788-9955-792d38ed9b14\" (UID: \"a8e6e206-4a17-4788-9955-792d38ed9b14\") "
2025-01-29 17:08:52,370 INFO c.h.h.t.HelmChartContainer - [K3S] [reconciler_common.go:162] "operationExecutor.UnmountVolume started for volume \"pod-info\" (UniqueName: \"kubernetes.io/configmap/a8e6e206-4a17-4788-9955-792d38ed9b14-pod-info\") pod \"a8e6e206-4a17-4788-9955-792d38ed9b14\" (UID: \"a8e6e206-4a17-4788-9955-792d38ed9b14\") "
2025-01-29 17:08:52,372 INFO c.h.h.t.HelmChartContainer - [K3S] [stateful_set.go:438] "Unhandled Error" err="error syncing StatefulSet helmmonitoringplatformit/test-hivemq-platform, requeuing: controllerrevisions.apps \"test-hivemq-platform-64db946475\" is forbidden: unable to create new content in namespace helmmonitoringplatformit because it is being terminated"
2025-01-29 17:08:52,456 INFO c.h.h.t.HelmChartContainer - [K3S] [stateful_set.go:438] "Unhandled Error" err="error syncing StatefulSet helmmonitoringplatformit/test-hivemq-platform, requeuing: controllerrevisions.apps \"test-hivemq-platform-64db946475\" is forbidden: unable to create new content in namespace helmmonitoringplatformit because it is being terminated"
2025-01-29 17:08:52,471 INFO c.h.h.t.HelmChartContainer - [K3S] [reconciler_common.go:299] "Volume detached for volume \"pod-info\" (UniqueName: \"kubernetes.io/configmap/a8e6e206-4a17-4788-9955-792d38ed9b14-pod-info\") on node \"2d154d5499dc\" DevicePath \"\""
2025-01-29 17:08:52,471 INFO c.h.h.t.HelmChartContainer - [K3S] [reconciler_common.go:299] "Volume detached for volume \"broker-configuration\" (UniqueName: \"kubernetes.io/configmap/a8e6e206-4a17-4788-9955-792d38ed9b14-broker-configuration\") on node \"2d154d5499dc\" DevicePath \"\""
2025-01-29 17:08:52,471 INFO c.h.h.t.HelmChartContainer - [K3S] [reconciler_common.go:299] "Volume detached for volume \"kube-api-access-knw78\" (UniqueName: \"kubernetes.io/projected/a8e6e206-4a17-4788-9955-792d38ed9b14-kube-api-access-knw78\") on node \"2d154d5499dc\" DevicePath \"\""
2025-01-29 17:08:52,471 INFO c.h.h.t.HelmChartContainer - [K3S] [reconciler_common.go:299] "Volume detached for volume \"operator-init\" (UniqueName: \"kubernetes.io/empty-dir/a8e6e206-4a17-4788-9955-792d38ed9b14-operator-init\") on node \"2d154d5499dc\" DevicePath \"\""
2025-01-29 17:08:52,578 INFO c.h.h.t.HelmChartContainer - [test-hivemq-platform] [hivemq] [9a6bff7b] INFO  - [HiveMQ Platform Operator Init App 1.7.0-SNAPSHOT] The HiveMQ Platform exited with code 143
2025-01-29 17:08:52,578 INFO c.h.h.t.HelmChartContainer - [test-hivemq-platform] [hivemq] [9a6bff7b] INFO  - [HiveMQ Platform Operator Init App 1.7.0-SNAPSHOT] Stopping the REST API
2025-01-29 17:08:52,586 INFO c.h.h.t.HelmChartContainer - [test-hivemq-platform] [hivemq] [9a6bff7b] INFO  - [HiveMQ Platform Operator Init App 1.7.0-SNAPSHOT] Shutdown complete
2025-01-29 17:08:52,620 INFO c.h.h.t.HelmChartContainer - [K3S] [stateful_set.go:438] "Unhandled Error" err="error syncing StatefulSet helmmonitoringplatformit/test-hivemq-platform, requeuing: controllerrevisions.apps \"test-hivemq-platform-64db946475\" is forbidden: unable to create new content in namespace helmmonitoringplatformit because it is being terminated"
2025-01-29 17:08:52,873 INFO c.h.h.t.HelmChartContainer - [K3S] [scope.go:117] "RemoveContainer" containerID="9183311c1e280f6d5c2b716f85024c0d02506b9ba6b04fa47f61d9000d851227"
2025-01-29 17:08:52,887 INFO c.h.h.t.HelmChartContainer - [POD] test-hivemq-platform-0 [a8e6e206-4a17-4788-9955-792d38ed9b14] in helmmonitoringplatformit was MODIFIED
2025-01-29 17:08:52,890 INFO c.h.h.t.HelmChartContainer - [K3S] [stateful_set.go:438] "Unhandled Error" err="error syncing StatefulSet helmmonitoringplatformit/test-hivemq-platform, requeuing: controllerrevisions.apps \"test-hivemq-platform-64db946475\" is forbidden: unable to create new content in namespace helmmonitoringplatformit because it is being terminated"
2025-01-29 17:08:52,893 INFO c.h.h.t.HelmChartContainer - [K3S] [stateful_set.go:438] "Unhandled Error" err="error syncing StatefulSet helmmonitoringplatformit/test-hivemq-platform, requeuing: controllerrevisions.apps \"test-hivemq-platform-64db946475\" is forbidden: unable to create new content in namespace helmmonitoringplatformit because it is being terminated"
2025-01-29 17:08:52,893 INFO c.h.h.t.HelmChartContainer - [POD] test-hivemq-platform-0 [a8e6e206-4a17-4788-9955-792d38ed9b14] in helmmonitoringplatformit was DELETED
2025-01-29 17:08:52,944 INFO c.h.h.t.HelmChartContainer - [K3S] [stateful_set.go:438] "Unhandled Error" err="error syncing StatefulSet helmmonitoringplatformit/test-hivemq-platform, requeuing: controllerrevisions.apps \"test-hivemq-platform-64db946475\" is forbidden: unable to create new content in namespace helmmonitoringplatformit because it is being terminated"
2025-01-29 17:08:52,999 INFO c.h.h.t.HelmChartContainer - [K3S] [scope.go:117] "RemoveContainer" containerID="957bc7acf3bf3589ebfe5ec2e7ffbdeb9388b6205d08686cc3eab172d1d48c54"
2025-01-29 17:08:53,003 INFO c.h.h.t.HelmChartContainer - [K3S] [scope.go:117] "RemoveContainer" containerID="9183311c1e280f6d5c2b716f85024c0d02506b9ba6b04fa47f61d9000d851227"
2025-01-29 17:08:53,005 INFO c.h.h.t.HelmChartContainer - [K3S] [scope.go:117] "RemoveContainer" containerID="957bc7acf3bf3589ebfe5ec2e7ffbdeb9388b6205d08686cc3eab172d1d48c54"
2025-01-29 17:08:53,036 INFO c.h.h.t.HelmChartContainer - [K3S] [stateful_set.go:466] "StatefulSet has been deleted" key="helmmonitoringplatformit/test-hivemq-platform"
2025-01-29 17:08:53,062 INFO c.h.h.t.HelmChartContainer - [POD] test-hivemq-platform-1 [9a6bff7b-b533-4b62-bd68-f429ef4601ce] in helmmonitoringplatformit was MODIFIED
2025-01-29 17:08:53,174 INFO c.h.h.t.HelmChartContainer - [K3S] [reconciler_common.go:162] "operationExecutor.UnmountVolume started for volume \"kube-api-access-g75f2\" (UniqueName: \"kubernetes.io/projected/9a6bff7b-b533-4b62-bd68-f429ef4601ce-kube-api-access-g75f2\") pod \"9a6bff7b-b533-4b62-bd68-f429ef4601ce\" (UID: \"9a6bff7b-b533-4b62-bd68-f429ef4601ce\") "
2025-01-29 17:08:53,174 INFO c.h.h.t.HelmChartContainer - [K3S] [reconciler_common.go:162] "operationExecutor.UnmountVolume started for volume \"pod-info\" (UniqueName: \"kubernetes.io/configmap/9a6bff7b-b533-4b62-bd68-f429ef4601ce-pod-info\") pod \"9a6bff7b-b533-4b62-bd68-f429ef4601ce\" (UID: \"9a6bff7b-b533-4b62-bd68-f429ef4601ce\") "
2025-01-29 17:08:53,174 INFO c.h.h.t.HelmChartContainer - [K3S] [reconciler_common.go:162] "operationExecutor.UnmountVolume started for volume \"broker-configuration\" (UniqueName: \"kubernetes.io/configmap/9a6bff7b-b533-4b62-bd68-f429ef4601ce-broker-configuration\") pod \"9a6bff7b-b533-4b62-bd68-f429ef4601ce\" (UID: \"9a6bff7b-b533-4b62-bd68-f429ef4601ce\") "
2025-01-29 17:08:53,175 INFO c.h.h.t.HelmChartContainer - [K3S] [reconciler_common.go:162] "operationExecutor.UnmountVolume started for volume \"operator-init\" (UniqueName: \"kubernetes.io/empty-dir/9a6bff7b-b533-4b62-bd68-f429ef4601ce-operator-init\") pod \"9a6bff7b-b533-4b62-bd68-f429ef4601ce\" (UID: \"9a6bff7b-b533-4b62-bd68-f429ef4601ce\") "
2025-01-29 17:08:53,274 INFO c.h.h.t.HelmChartContainer - [K3S] [reconciler_common.go:299] "Volume detached for volume \"kube-api-access-g75f2\" (UniqueName: \"kubernetes.io/projected/9a6bff7b-b533-4b62-bd68-f429ef4601ce-kube-api-access-g75f2\") on node \"2d154d5499dc\" DevicePath \"\""
2025-01-29 17:08:53,274 INFO c.h.h.t.HelmChartContainer - [K3S] [reconciler_common.go:299] "Volume detached for volume \"pod-info\" (UniqueName: \"kubernetes.io/configmap/9a6bff7b-b533-4b62-bd68-f429ef4601ce-pod-info\") on node \"2d154d5499dc\" DevicePath \"\""
2025-01-29 17:08:53,274 INFO c.h.h.t.HelmChartContainer - [K3S] [reconciler_common.go:299] "Volume detached for volume \"broker-configuration\" (UniqueName: \"kubernetes.io/configmap/9a6bff7b-b533-4b62-bd68-f429ef4601ce-broker-configuration\") on node \"2d154d5499dc\" DevicePath \"\""
2025-01-29 17:08:53,274 INFO c.h.h.t.HelmChartContainer - [K3S] [reconciler_common.go:299] "Volume detached for volume \"operator-init\" (UniqueName: \"kubernetes.io/empty-dir/9a6bff7b-b533-4b62-bd68-f429ef4601ce-operator-init\") on node \"2d154d5499dc\" DevicePath \"\""
2025-01-29 17:08:53,877 INFO c.h.h.t.HelmChartContainer - [K3S] [scope.go:117] "RemoveContainer" containerID="1f751b1b8df34cf4106b1bba7fae57603815b1c47ef8a1514be9e7a14f318f32"
2025-01-29 17:08:53,893 INFO c.h.h.t.HelmChartContainer - [POD] test-hivemq-platform-1 [9a6bff7b-b533-4b62-bd68-f429ef4601ce] in helmmonitoringplatformit was MODIFIED
2025-01-29 17:08:53,895 INFO c.h.h.t.HelmChartContainer - [POD] test-hivemq-platform-1 [9a6bff7b-b533-4b62-bd68-f429ef4601ce] in helmmonitoringplatformit was DELETED
2025-01-29 17:08:53,981 INFO c.h.h.t.HelmChartContainer - [K3S] [scope.go:117] "RemoveContainer" containerID="8049d74a7e8b03e41f39206185552a2b9394262a658a120b04dcf10bc245ab60"
2025-01-29 17:08:53,984 INFO c.h.h.t.HelmChartContainer - [K3S] [scope.go:117] "RemoveContainer" containerID="1f751b1b8df34cf4106b1bba7fae57603815b1c47ef8a1514be9e7a14f318f32"
2025-01-29 17:08:53,984 INFO c.h.h.t.HelmChartContainer - [K3S] [scope.go:117] "RemoveContainer" containerID="8049d74a7e8b03e41f39206185552a2b9394262a658a120b04dcf10bc245ab60"
2025-01-29 17:08:54,095 INFO c.h.h.t.HelmChartContainer - [K3S] [kubelet_volumes.go:163] "Cleaned up orphaned pod volumes dir" podUID="9a6bff7b-b533-4b62-bd68-f429ef4601ce" path="/var/lib/kubelet/pods/9a6bff7b-b533-4b62-bd68-f429ef4601ce/volumes"
2025-01-29 17:08:54,095 INFO c.h.h.t.HelmChartContainer - [K3S] [kubelet_volumes.go:163] "Cleaned up orphaned pod volumes dir" podUID="a8e6e206-4a17-4788-9955-792d38ed9b14" path="/var/lib/kubelet/pods/a8e6e206-4a17-4788-9955-792d38ed9b14/volumes"
2025-01-29 17:08:55,506 INFO c.h.h.t.HelmChartContainer - [K3S] [stateful_set.go:466] "StatefulSet has been deleted" key="helmmonitoringplatformit/test-hivemq-platform"
2025-01-29 17:08:58,381 INFO c.h.h.t.HelmChartContainer - Namespace 'helmmonitoringplatformit' deleted
2025-01-29 17:08:58,381 INFO c.h.h.t.HelmChartContainer - Release 'test-hivemq-platform' in namespace 'helmmonitoringplatformit' is uninstalled
2025-01-29 17:08:58,381 INFO c.h.h.t.HelmChartContainer - Uninstalling release 'test-hivemq-platform-operator' in namespace 'helmmonitoringplatformit-operator'...
2025-01-29 17:08:58,381 DEBUG c.h.h.t.HelmChartContainer - Executing helm command: /bin/helm --kubeconfig /etc/rancher/k3s/k3s.yaml uninstall test-hivemq-platform-operator  --wait --timeout 5m0s --cascade foreground --namespace helmmonitoringplatformit-operator
2025-01-29 17:08:58,545 INFO c.h.h.t.HelmChartContainer - [K3S] [replica_set.go:679] "Finished syncing" kind="ReplicaSet" key="helmmonitoringplatformit-operator/hivemq-test-hivemq-platform-operator-6966f96d65" duration="7.65071ms"
2025-01-29 17:08:58,545 INFO c.h.h.t.HelmChartContainer - [K3S] [replica_set.go:679] "Finished syncing" kind="ReplicaSet" key="helmmonitoringplatformit-operator/hivemq-test-hivemq-platform-operator-6966f96d65" duration="33.944µs"
2025-01-29 17:08:58,568 INFO c.h.h.t.HelmChartContainer - [POD] hivemq-test-hivemq-platform-operator-6966f96d65-t8n78 [300fbfae-427d-46a2-95b5-bc428493e8f0] in helmmonitoringplatformit-operator was MODIFIED
2025-01-29 17:08:58,576 INFO c.h.h.t.HelmChartContainer - [EVENT] Normal [Killing] Stopping container hivemq-platform-operator [helmmonitoringplatformit-operator:hivemq-test-hivemq-platform-operator-6966f96d65-t8n78]
2025-01-29 17:08:58,576 INFO c.h.h.t.HelmChartContainer - Received Killing event for container hivemq-platform-operator in pod hivemq-test-hivemq-platform-operator-6966f96d65-t8n78 [300fbfae-427d-46a2-95b5-bc428493e8f0]
2025-01-29 17:08:58,576 INFO c.h.h.t.HelmChartContainer - Container [hivemq-test-hivemq-platform-operator-6966f96d65-t8n78] [hivemq-platform-operator] [300fbfae-427d-46a2-95b5-bc428493e8f0] was terminated
2025-01-29 17:08:58,576 INFO c.h.h.t.HelmChartContainer - Stopped log watcher for hivemq-platform-operator in pod hivemq-test-hivemq-platform-operator-6966f96d65-t8n78 [300fbfae-427d-46a2-95b5-bc428493e8f0]
2025-01-29 17:08:58,577 INFO c.h.h.t.HelmChartContainer - [K3S] [replica_set.go:679] "Finished syncing" kind="ReplicaSet" key="helmmonitoringplatformit-operator/hivemq-test-hivemq-platform-operator-6966f96d65" duration="9.572389ms"
2025-01-29 17:08:58,577 INFO c.h.h.t.HelmChartContainer - [K3S] [replica_set.go:679] "Finished syncing" kind="ReplicaSet" key="helmmonitoringplatformit-operator/hivemq-test-hivemq-platform-operator-6966f96d65" duration="44.965µs"
2025-01-29 17:08:58,580 INFO c.h.h.t.HelmChartContainer - [hivemq-test-hivemq-platform] [hivemq-platform-operator] [300fbfae] 17:08:58.579 [application-shutdown-thread] INFO  c.h.p.o.HiveMQPlatformOperatorApplication - HiveMQ Platform Operator is stopping...
2025-01-29 17:08:58,580 INFO c.h.h.t.HelmChartContainer - [hivemq-test-hivemq-platform] [hivemq-platform-operator] [300fbfae] 17:08:58.579 [application-shutdown-thread] INFO  i.javaoperatorsdk.operator.Operator - Operator SDK 4.9.7 is shutting down...
2025-01-29 17:08:59,069 INFO c.h.h.t.HelmChartContainer - [K3S] [replica_set.go:679] "Finished syncing" kind="ReplicaSet" key="helmmonitoringplatformit-operator/hivemq-test-hivemq-platform-operator-6966f96d65" duration="63.069µs"
2025-01-29 17:08:59,070 INFO c.h.h.t.HelmChartContainer - [POD] hivemq-test-hivemq-platform-operator-6966f96d65-t8n78 [300fbfae-427d-46a2-95b5-bc428493e8f0] in helmmonitoringplatformit-operator was MODIFIED
2025-01-29 17:08:59,205 INFO c.h.h.t.HelmChartContainer - [K3S] [reconciler_common.go:162] "operationExecutor.UnmountVolume started for volume \"kube-api-access-z5nvl\" (UniqueName: \"kubernetes.io/projected/300fbfae-427d-46a2-95b5-bc428493e8f0-kube-api-access-z5nvl\") pod \"300fbfae-427d-46a2-95b5-bc428493e8f0\" (UID: \"300fbfae-427d-46a2-95b5-bc428493e8f0\") "
2025-01-29 17:08:59,305 INFO c.h.h.t.HelmChartContainer - [K3S] [reconciler_common.go:299] "Volume detached for volume \"kube-api-access-z5nvl\" (UniqueName: \"kubernetes.io/projected/300fbfae-427d-46a2-95b5-bc428493e8f0-kube-api-access-z5nvl\") on node \"2d154d5499dc\" DevicePath \"\""
2025-01-29 17:08:59,888 INFO c.h.h.t.HelmChartContainer - [K3S] [scope.go:117] "RemoveContainer" containerID="4a3e72a6aca6065680d639d74f10a7904448023eb1d3f2e072bf1659d57827c0"
2025-01-29 17:08:59,891 INFO c.h.h.t.HelmChartContainer - [K3S] [scope.go:117] "RemoveContainer" containerID="4a3e72a6aca6065680d639d74f10a7904448023eb1d3f2e072bf1659d57827c0"
2025-01-29 17:08:59,899 INFO c.h.h.t.HelmChartContainer - [K3S] [replica_set.go:679] "Finished syncing" kind="ReplicaSet" key="helmmonitoringplatformit-operator/hivemq-test-hivemq-platform-operator-6966f96d65" duration="49.773µs"
2025-01-29 17:08:59,900 INFO c.h.h.t.HelmChartContainer - [POD] hivemq-test-hivemq-platform-operator-6966f96d65-t8n78 [300fbfae-427d-46a2-95b5-bc428493e8f0] in helmmonitoringplatformit-operator was MODIFIED
2025-01-29 17:08:59,902 INFO c.h.h.t.HelmChartContainer - [K3S] [replica_set.go:679] "Finished syncing" kind="ReplicaSet" key="helmmonitoringplatformit-operator/hivemq-test-hivemq-platform-operator-6966f96d65" duration="33.263µs"
2025-01-29 17:08:59,902 INFO c.h.h.t.HelmChartContainer - [POD] hivemq-test-hivemq-platform-operator-6966f96d65-t8n78 [300fbfae-427d-46a2-95b5-bc428493e8f0] in helmmonitoringplatformit-operator was DELETED
2025-01-29 17:08:59,912 INFO c.h.h.t.HelmChartContainer - [K3S] [replica_set.go:679] "Finished syncing" kind="ReplicaSet" key="helmmonitoringplatformit-operator/hivemq-test-hivemq-platform-operator-6966f96d65" duration="6.062µs"
2025-01-29 17:09:00,094 INFO c.h.h.t.HelmChartContainer - [K3S] [kubelet_volumes.go:163] "Cleaned up orphaned pod volumes dir" podUID="300fbfae-427d-46a2-95b5-bc428493e8f0" path="/var/lib/kubelet/pods/300fbfae-427d-46a2-95b5-bc428493e8f0/volumes"
2025-01-29 17:09:00,585 INFO c.h.h.t.HelmChartContainer - Deleting namespace 'helmmonitoringplatformit-operator'...
2025-01-29 17:09:03,303 INFO c.h.h.t.HelmChartContainer - [K3S] [namespace_controller.go:187] "Namespace has been deleted" namespace="helmmonitoringplatformit"
2025-01-29 17:09:05,799 INFO c.h.h.t.HelmChartContainer - Namespace 'helmmonitoringplatformit-operator' deleted
2025-01-29 17:09:05,799 INFO c.h.h.t.HelmChartContainer - Release 'test-hivemq-platform-operator' in namespace 'helmmonitoringplatformit-operator' is uninstalled
2025-01-29 17:09:06,588 INFO c.h.helmcharts.AbstractHelmChartIT - Removed unused containers:

2025-01-29 17:09:10,744 INFO c.h.h.t.HelmChartContainer - [K3S] [namespace_controller.go:187] "Namespace has been deleted" namespace="helmmonitoringplatformit-operator"
2025-01-29 17:09:21,611 INFO c.h.helmcharts.AbstractHelmChartIT - Removed unused snapshots:
Removing snapshot sha256:03af251906410714c5aef9fa705b63f6bbc39c4a5e787de7361eeb18886c2ed2
Removing snapshot sha256:0c46b3b43cce082ce5ec34ffc6c294e0417d17b9d1e6f366d114b6aadc4f96dc
Removing snapshot sha256:0ce761beee59082d6ed5bcebd3a805b8ddd9b3426b617e4809e7fb7c6587ffec
Removing snapshot sha256:0df91287303208332c8ff6ba40ae4710105201739addbfbddfb955f1ad593664
Removing snapshot sha256:0f30b4526626599ad6853b13d715ed5f11e4dac30bdf22795ee36d8b73285c01
Removing snapshot sha256:1021ef88c7974bfff89c5a0ec4fd3160daac6c48a075f74cff721f85dd104e68
Removing snapshot sha256:10aba4953ddc18145dd38e3704709bc464aa20af60b56fe52caaff4b68411e62
Removing snapshot sha256:17b3230dbaa15b80ea4c59d385a510a1c6c669d654d4445b25f4122988ddf932
Removing snapshot sha256:1ab0a79eb9ae3bab99382d18e27cb1c587196d2929db9c8d1c79088bd5a8fa18
Removing snapshot sha256:1e604deea57dbda554a168861cff1238f93b8c6c69c863c43aed37d9d99c5fed
Removing snapshot sha256:2330d1b95992fe4dfdab1ed70e86e349f3f37a80a92140a1ec441a9c3169bcb7
Removing snapshot sha256:2573e0d8158209ed54ab25c87bcdcb00bd3d2539246960a3d592a1c599d70465
Removing snapshot sha256:3102b3958924e454ee4c19fe49136c5727bea4a438945b9d85ed7525ae7ad17a
Removing snapshot sha256:362a8a37f8bbc31925a8146adcf7cf51f9882f5c1dcbef67c5baa03a297543c0
Removing snapshot sha256:38300cd41e4e7621f1880dc17df1510a0b41c3700bba086c7d13695c2852c906
Removing snapshot sha256:3aea2e5ee60f1f0173fafb64e361c34847c160a755964b223b571f112b206391
Removing snapshot sha256:3d737060823899829eb7827e20ddb4021f5c31c4e7e348a380b528903c9051ae
Removing snapshot sha256:3fa4ad33f0ddc8fd45b39b6b4640f82a3a83619606cd975bfe89d8710ad2d4cd
Removing snapshot sha256:42508696bab4cddb098661270605482768f11b222c3b338a84e17c388a573539
Removing snapshot sha256:42b3566bfb67a7e1e92c7fb9a9d9fd9d5d1c68fb9234b2e7e8d57e3894c584c6
Removing snapshot sha256:43a7c979bbaba6838bc3102d6b10a1459f3ab050b87ccdfef84ef90cf43d3058
Removing snapshot sha256:43e32e0401181ce446773595aa5b45dd3de52a62bd17ce6321e472661bef46fc
Removing snapshot sha256:4ab04491cdf0d3267f08206fe30bd48f49f94b9cab2f016d6739220f722a64af
Removing snapshot sha256:4b6068250e89c96f263060261819c7d912855bfbd64b3eb4c4a8483299b8c295
Removing snapshot sha256:4e4a4c2a9fcafd941707917d9cb4c348229dcda7e6a77d20a5c9e977659e2acb
Removing snapshot sha256:580e69a0a8034ede1921139bbd2bfb72a69ebf276d008281896c32dd8bf74775
Removing snapshot sha256:597fcac6b802be96dede6dae530b1fd3d80ee2191e3c39bd5c3dfb528309801e
Removing snapshot sha256:59860db8e524598ca0913cb5a7821a1a1c1e56f61dec4fe619ad8a278bfd44c2
Removing snapshot sha256:5a9ba96b94a7acc2c16f45d7113265f2705262d850ff8d73abf339acec4e4283
Removing snapshot sha256:5d30ba46b27fe37484567ccc5242cadc78217b8da605f3f195ef25cbf7487904
Removing snapshot sha256:63ca1fbb43ae5034640e5e6cb3e083e05c290072c5366fcaa9d62435a4cced85
Removing snapshot sha256:67f702c6baae873bceb19487c8b1f27bd2b86077e4f2f0e480e6d60ab508b8f5
Removing snapshot sha256:6864348dd42806d552efdec384f1274be15e2d0c10ce44c1f04347af004c10a9
Removing snapshot sha256:6c7dee8f2c39b84b7dc2711c01d33de93514d9055499173e9290176fbe484b6c
Removing snapshot sha256:6d2198b9bba47eb108a6f8e064d85edb59b204d24ceb4d866ad96079b9ec1498
Removing snapshot sha256:711f0795be2fadadbf9fe1151ea3506c44bc3c41083e049b25f8bac1bd91851c
Removing snapshot sha256:74acea72c72664d31caa1810182a8d9f76600a5e41ed9d1eb2814c0bc090bfea
Removing snapshot sha256:75654b8eeebd3beae97271a102f57cdeb794cc91e442648544963a7e951e9558
Removing snapshot sha256:783ad6a93b23221db9f18c15f79aeb134655b6dd29a9a9bc7472ee50852d14a7
Removing snapshot sha256:81ed7e1a344eefb04664b5d772157e32be190d566bd3083af46ec0b8796ae9ae
Removing snapshot sha256:82753493a6d61ded36556292f02f31841a14c20d2f279f19eaad65afb661d5cd
Removing snapshot sha256:84a897f1c589cde259313d1efcd537ab957267a6526caa797d9703c4ee903204
Removing snapshot sha256:8a10d3db42c505ee0fcfa98417bdd7e39b304f6bcc0a06bb1b220797ff2cc63c
Removing snapshot sha256:8d297423f53775a6b77d49e57a5e9f47799fcfddca869a1164226d56c8299763
Removing snapshot sha256:8ec1e08a6c109c9698b32f46974375ee19470c62a5de0618346b3b4442919582
Removing snapshot sha256:94b728d964f60c89faa32d3296c8e524b6a15c163f95728001c8be4091968231
Removing snapshot sha256:9852f74557303324154e94d69646a117800c24f830d6dd3150a61f1cb1877bfb
Removing snapshot sha256:a0904247e36a7726c03c71ee48f3e64462021c88dafeb13f37fdaf613b27f11c
Removing snapshot sha256:a21e5b12dbac529ad45d976eb9ce45c881f3bedcc500fb30aba1e52aa1813418
Removing snapshot sha256:afb9d24a81528af822cc0a49b79c922afd1b6fb3355f0fe3683749f5ad2e2e5e
Removing snapshot sha256:b403bf5671b66322a4fb4fcf772687a9e487ab58804584befcae862807d8eb88
Removing snapshot sha256:b6fd44dc45c7bb3ab02c4c673c4b2e2b8e8119939958305455ef8015ab23e74f
Removing snapshot sha256:b8c8d85687c0d5b64887dfaf35dedad43ecac3954a798ffa91d79a5aeb500496
Removing snapshot sha256:b921e6c28969094157f9b8e7244677780319637afd14450b7cb6b2fdea558a0c
Removing snapshot sha256:bc27ecb5769a00e309cf99ebc763c4a4b958b618d1decc96ffac5bc05f02f5b7
Removing snapshot sha256:be3ccb6627a5332e309d45ef461d09b4879dd870c7394d89323d0ebc6ca6aa8a
Removing snapshot sha256:c261f7cbbc64211ee175ee47273acdb7b1a36a4450b397a064a8f2c026490095
Removing snapshot sha256:c34d9393647eea0c9e3557ab988efaf59f61d10a2a5613b439ef0958cca5ec10
Removing snapshot sha256:ccf3c4a0fa967a41c1c83497a2ce6fa5787965859df0adb32c4ca2cf7490bc2b
Removing snapshot sha256:cda334c60720b02c295deeee0739beb29d9283df72a19f0e73b54e50c89e8c00
Removing snapshot sha256:cf92d33f869417309692088c341cd0f223c178ea78a125f757317b22aa8f90e9
Removing snapshot sha256:d0037344cf2fb078884f1849f6a1f8cf9a33a3b6139b6a85833e5ee528e1f9a8
Removing snapshot sha256:d3b36d5b79273b1e98e7700470eaeff05a882e777124d84cebcc1505b85ecb36
Removing snapshot sha256:d65a44a37914602d12c611e5e22a50f11451d847e63015cc1c2aef92dee777a4
Removing snapshot sha256:d7698055289ea72fad6a712ae4a30a02f6f294e476718fac7d5eea9098793d8e
Removing snapshot sha256:deb8fe0e16fb632523b566bfa4819d4c8b7689407d4211b88d26b6988d84ef75
Removing snapshot sha256:e2dc0bae2455930f23ae570e019b7f32edc75c0f2d71cab084db837ff9051796
Removing snapshot sha256:e31519795c7e3df686c447a21ec8d2eb301388a5e39ccf7f20a25c6f6ce3a522
Removing snapshot sha256:e58151b46376c08fb48e2a2fbe134b6de223be0749d20b7b60bf475e526a2884
Removing snapshot sha256:e9e86ed11d9bebc0707dd6f1166c51237ebb44f98657241f943261b2675a5449
Removing snapshot sha256:eccbd24a99c60cd9e86ee5305dbfc4a4dc89f5ab4fb1f06c8d64797cecedef34
Removing snapshot sha256:edd1404c718ab99ca3456bdf222065033800bb67d4334a9642746685a24394cd
Removing snapshot sha256:f144bb4c7c7f0d2aa7eeffd36d934ec40db1ee167be727e326aad9fdc616f475
Removing snapshot sha256:f99d7ac177a11b4bd78d2492768f98c7e70e56ea5995450a1b55b8afd0a10ada

]]></system-out>
  </testcase>
  <system-out><![CDATA[2025-01-29 17:05:26,354 INFO c.h.h.t.HelmChartContainerExtension - Using cached HelmChartContainer instance
]]></system-out>
  <system-err><![CDATA[]]></system-err>
</testsuite>
