<?xml version="1.0" encoding="UTF-8"?>
<testsuite name="com.hivemq.helmcharts.containers.HelmInitContainerIT" tests="2" skipped="0" failures="0" errors="0" timestamp="2025-08-29T09:07:11" hostname="pkrvmccyg1gnepe" time="200.367">
  <properties/>
  <testcase name="whenAdditionalInitContainer_withConsulTemplate_thenLicenseUpdated()" classname="com.hivemq.helmcharts.containers.HelmInitContainerIT" time="104.964"/>
  <testcase name="withOverrideInitContainer_hivemqRunningWithVolumeMounts()" classname="com.hivemq.helmcharts.containers.HelmInitContainerIT" time="95.402"/>
</testsuite>
