<?xml version="1.0" encoding="UTF-8"?>
<testsuite name="com.hivemq.helmcharts.platform.HelmCustomConfigIT" tests="4" skipped="0" failures="0" errors="0" timestamp="2025-03-11T13:21:49" hostname="fv-az1665-585" time="526.399">
  <properties/>
  <testcase name="withCustomYml_hivemqRunning()" classname="com.hivemq.helmcharts.platform.HelmCustomConfigIT" time="68.496"/>
  <testcase name="withExistingConfigMap_customResourceCreated()" classname="com.hivemq.helmcharts.platform.HelmCustomConfigIT" time="154.423"/>
  <testcase name="withCustomEnvVars_hivemqRunning()" classname="com.hivemq.helmcharts.platform.HelmCustomConfigIT" time="150.683"/>
  <testcase name="withCustomXml_hivemqRunning()" classname="com.hivemq.helmcharts.platform.HelmCustomConfigIT" time="152.796"/>
</testsuite>
