<?xml version="1.0" encoding="UTF-8"?>
<testsuite name="com.hivemq.helmcharts.services.HelmWebsocketsIT" tests="2" skipped="0" failures="0" errors="0" timestamp="2025-02-25T14:53:47" hostname="fv-az1937-158" time="218.594">
  <properties/>
  <testcase name="platformChart_whenMtlsWebsocketEnabledWithDifferentPrivateKey_thenSendsReceivesMessage(Path)" classname="com.hivemq.helmcharts.services.HelmWebsocketsIT" time="105.731"/>
  <testcase name="platformChart_whenMtlsWebsocketEnabled_thenSendsReceivesMessage(Path)" classname="com.hivemq.helmcharts.services.HelmWebsocketsIT" time="112.863"/>
</testsuite>
