<?xml version="1.0" encoding="UTF-8"?>
<testsuite name="com.hivemq.helmcharts.operator.HelmRemoveNamespaceIT" tests="1" skipped="0" failures="0" errors="0" timestamp="2025-01-29T13:41:23" hostname="fv-az1674-484" time="97.549">
  <properties/>
  <testcase name="withSingleOperator_hivemqRunningThenDelete()" classname="com.hivemq.helmcharts.operator.HelmRemoveNamespaceIT" time="97.549">
    <system-out><![CDATA[2025-01-29 13:41:23,275 INFO c.h.h.t.HelmChartContainer - Creating namespace 'helmremovenamespaceit-operator'...
2025-01-29 13:41:23,282 INFO c.h.h.t.HelmChartContainer - Namespace 'helmremovenamespaceit-operator' created
2025-01-29 13:41:23,282 INFO c.h.h.t.HelmChartContainer - Creating namespace 'helmremovenamespaceit'...
2025-01-29 13:41:23,383 INFO c.h.h.t.HelmChartContainer - Namespace 'helmremovenamespaceit' created
2025-01-29 13:41:23,444 DEBUG c.h.h.t.HelmChartContainer - Executing helm command: /bin/helm --kubeconfig /etc/rancher/k3s/k3s.yaml install test-hivemq-platform-operator /charts/hivemq-platform-operator --wait --timeout 5m0s --set image.repository=docker.io/hivemq --set image.name=hivemq-platform-operator-test --set image.initImageName=hivemq-platform-operator-init-test --set image.tag=snapshot --set image.pullPolicy=Never --set logLevel=DEBUG --set resources.cpu=512m --namespace helmremovenamespaceit-operator
2025-01-29 13:41:23,742 INFO c.h.h.t.HelmChartContainer - [K3S] [alloc.go:330] "allocated clusterIPs" service="helmremovenamespaceit-operator/hivemq-platform-operator-test-hivemq-platform-operator" clusterIPs={"IPv4":"10.43.139.9"}
2025-01-29 13:41:23,757 INFO c.h.h.t.HelmChartContainer - [EVENT] Normal [ScalingReplicaSet] Scaled up replica set hivemq-test-hivemq-platform-operator-6966f96d65 from 0 to 1 [helmremovenamespaceit-operator:hivemq-test-hivemq-platform-operator]
2025-01-29 13:41:23,764 INFO c.h.h.t.HelmChartContainer - [EVENT] Normal [SuccessfulCreate] Created pod: hivemq-test-hivemq-platform-operator-6966f96d65-25dd5 [helmremovenamespaceit-operator:hivemq-test-hivemq-platform-operator-6966f96d65]
2025-01-29 13:41:23,764 INFO c.h.h.t.HelmChartContainer - [POD] hivemq-test-hivemq-platform-operator-6966f96d65-25dd5 [b7fed2a8-a831-4c1d-8df3-adbe49bf8e85] in helmremovenamespaceit-operator was ADDED
2025-01-29 13:41:23,769 INFO c.h.h.t.HelmChartContainer - [K3S] [replica_set.go:679] "Finished syncing" kind="ReplicaSet" key="helmremovenamespaceit-operator/hivemq-test-hivemq-platform-operator-6966f96d65" duration="17.04976ms"
2025-01-29 13:41:23,771 INFO c.h.h.t.HelmChartContainer - [K3S] [memory_manager.go:355] "RemoveStaleState removing state" podUID="c2ba9f28-15d8-4682-906a-f93347a503a3" containerName="hivemq-platform-operator"
2025-01-29 13:41:23,771 INFO c.h.h.t.HelmChartContainer - [K3S] [memory_manager.go:355] "RemoveStaleState removing state" podUID="8e36f991-8d18-4e2f-8463-60121964fa2d" containerName="hivemq"
2025-01-29 13:41:23,774 INFO c.h.h.t.HelmChartContainer - [POD] hivemq-test-hivemq-platform-operator-6966f96d65-25dd5 [b7fed2a8-a831-4c1d-8df3-adbe49bf8e85] in helmremovenamespaceit-operator was MODIFIED
2025-01-29 13:41:23,777 INFO c.h.h.t.HelmChartContainer - [EVENT] Normal [Scheduled] Successfully assigned helmremovenamespaceit-operator/hivemq-test-hivemq-platform-operator-6966f96d65-25dd5 to 13397d37f1ea [helmremovenamespaceit-operator:hivemq-test-hivemq-platform-operator-6966f96d65-25dd5]
2025-01-29 13:41:23,786 INFO c.h.h.t.HelmChartContainer - [K3S] [replica_set.go:679] "Finished syncing" kind="ReplicaSet" key="helmremovenamespaceit-operator/hivemq-test-hivemq-platform-operator-6966f96d65" duration="15.675656ms"
2025-01-29 13:41:23,789 INFO c.h.h.t.HelmChartContainer - [POD] hivemq-test-hivemq-platform-operator-6966f96d65-25dd5 [b7fed2a8-a831-4c1d-8df3-adbe49bf8e85] in helmremovenamespaceit-operator was MODIFIED
2025-01-29 13:41:23,798 INFO c.h.h.t.HelmChartContainer - [K3S] [replica_set.go:679] "Finished syncing" kind="ReplicaSet" key="helmremovenamespaceit-operator/hivemq-test-hivemq-platform-operator-6966f96d65" duration="13.04703ms"
2025-01-29 13:41:23,798 INFO c.h.h.t.HelmChartContainer - [K3S] [replica_set.go:679] "Finished syncing" kind="ReplicaSet" key="helmremovenamespaceit-operator/hivemq-test-hivemq-platform-operator-6966f96d65" duration="36.829µs"
2025-01-29 13:41:23,883 INFO c.h.h.t.HelmChartContainer - [K3S] [reconciler_common.go:251] "operationExecutor.VerifyControllerAttachedVolume started for volume \"kube-api-access-gg6q6\" (UniqueName: \"kubernetes.io/projected/b7fed2a8-a831-4c1d-8df3-adbe49bf8e85-kube-api-access-gg6q6\") pod \"hivemq-test-hivemq-platform-operator-6966f96d65-25dd5\" (UID: \"b7fed2a8-a831-4c1d-8df3-adbe49bf8e85\") " pod="helmremovenamespaceit-operator/hivemq-test-hivemq-platform-operator-6966f96d65-25dd5"
2025-01-29 13:41:24,157 INFO c.h.h.t.HelmChartContainer - [EVENT] Normal [Pulled] Container image "docker.io/hivemq/hivemq-platform-operator-test:snapshot" already present on machine [helmremovenamespaceit-operator:hivemq-test-hivemq-platform-operator-6966f96d65-25dd5]
2025-01-29 13:41:24,157 INFO c.h.h.t.HelmChartContainer - Received Pulled event for container hivemq-platform-operator in pod hivemq-test-hivemq-platform-operator-6966f96d65-25dd5 [b7fed2a8-a831-4c1d-8df3-adbe49bf8e85]
2025-01-29 13:41:25,397 INFO c.h.h.t.HelmChartContainer - [EVENT] Normal [Created] Created container: hivemq-platform-operator [helmremovenamespaceit-operator:hivemq-test-hivemq-platform-operator-6966f96d65-25dd5]
2025-01-29 13:41:25,397 INFO c.h.h.t.HelmChartContainer - Received Created event for container hivemq-platform-operator in pod hivemq-test-hivemq-platform-operator-6966f96d65-25dd5 [b7fed2a8-a831-4c1d-8df3-adbe49bf8e85]
2025-01-29 13:41:25,691 INFO c.h.h.t.HelmChartContainer - [K3S] [replica_set.go:679] "Finished syncing" kind="ReplicaSet" key="helmremovenamespaceit-operator/hivemq-test-hivemq-platform-operator-6966f96d65" duration="39.975µs"
2025-01-29 13:41:25,693 INFO c.h.h.t.HelmChartContainer - [POD] hivemq-test-hivemq-platform-operator-6966f96d65-25dd5 [b7fed2a8-a831-4c1d-8df3-adbe49bf8e85] in helmremovenamespaceit-operator was MODIFIED
2025-01-29 13:41:25,702 INFO c.h.h.t.HelmChartContainer - [EVENT] Normal [Started] Started container hivemq-platform-operator [helmremovenamespaceit-operator:hivemq-test-hivemq-platform-operator-6966f96d65-25dd5]
2025-01-29 13:41:25,702 INFO c.h.h.t.HelmChartContainer - Started log watcher for hivemq-platform-operator in pod hivemq-test-hivemq-platform-operator-6966f96d65-25dd5 [b7fed2a8-a831-4c1d-8df3-adbe49bf8e85]
2025-01-29 13:41:25,702 INFO c.h.h.t.HelmChartContainer - Received Started event for container hivemq-platform-operator in pod hivemq-test-hivemq-platform-operator-6966f96d65-25dd5 [b7fed2a8-a831-4c1d-8df3-adbe49bf8e85]
2025-01-29 13:41:25,702 INFO c.h.h.t.HelmChartContainer - [hivemq-test-hivemq-platform] [hivemq-platform-operator] [b7fed2a8] -------------------------------------------------------------------------
2025-01-29 13:41:25,702 INFO c.h.h.t.HelmChartContainer - [hivemq-test-hivemq-platform] [hivemq-platform-operator] [b7fed2a8] 
2025-01-29 13:41:25,702 INFO c.h.h.t.HelmChartContainer - [hivemq-test-hivemq-platform] [hivemq-platform-operator] [b7fed2a8]                   _    _  _              __  __   ____
2025-01-29 13:41:25,702 INFO c.h.h.t.HelmChartContainer - [hivemq-test-hivemq-platform] [hivemq-platform-operator] [b7fed2a8]                  | |  | |(_)            |  \/  | / __ \
2025-01-29 13:41:25,702 INFO c.h.h.t.HelmChartContainer - [hivemq-test-hivemq-platform] [hivemq-platform-operator] [b7fed2a8]                  | |__| | _ __   __ ___ | \  / || |  | |
2025-01-29 13:41:25,702 INFO c.h.h.t.HelmChartContainer - [hivemq-test-hivemq-platform] [hivemq-platform-operator] [b7fed2a8]                  |  __  || |\ \ / // _ \| |\/| || |  | |
2025-01-29 13:41:25,702 INFO c.h.h.t.HelmChartContainer - [hivemq-test-hivemq-platform] [hivemq-platform-operator] [b7fed2a8]                  | |  | || | \ V /|  __/| |  | || |__| |
2025-01-29 13:41:25,702 INFO c.h.h.t.HelmChartContainer - [hivemq-test-hivemq-platform] [hivemq-platform-operator] [b7fed2a8]                  |_|  |_||_|  \_/  \___||_|  |_| \___\_\
2025-01-29 13:41:25,702 INFO c.h.h.t.HelmChartContainer - [hivemq-test-hivemq-platform] [hivemq-platform-operator] [b7fed2a8] 
2025-01-29 13:41:25,702 INFO c.h.h.t.HelmChartContainer - [hivemq-test-hivemq-platform] [hivemq-platform-operator] [b7fed2a8] -------------------------------------------------------------------------
2025-01-29 13:41:25,702 INFO c.h.h.t.HelmChartContainer - [hivemq-test-hivemq-platform] [hivemq-platform-operator] [b7fed2a8] 
2025-01-29 13:41:25,702 INFO c.h.h.t.HelmChartContainer - [hivemq-test-hivemq-platform] [hivemq-platform-operator] [b7fed2a8]   HiveMQ Platform Operator Start Script v1.0
2025-01-29 13:41:25,702 INFO c.h.h.t.HelmChartContainer - [hivemq-test-hivemq-platform] [hivemq-platform-operator] [b7fed2a8] 
2025-01-29 13:41:25,702 INFO c.h.h.t.HelmChartContainer - [hivemq-test-hivemq-platform] [hivemq-platform-operator] [b7fed2a8] -------------------------------------------------------------------------
2025-01-29 13:41:25,702 INFO c.h.h.t.HelmChartContainer - [hivemq-test-hivemq-platform] [hivemq-platform-operator] [b7fed2a8] 
2025-01-29 13:41:25,702 INFO c.h.h.t.HelmChartContainer - [hivemq-test-hivemq-platform] [hivemq-platform-operator] [b7fed2a8]   JAVA_OPTS: -XX:+UnlockExperimentalVMOptions -XX:InitialRAMPercentage=75 -XX:MaxRAMPercentage=75 -Duser.language=en -Duser.region=US
2025-01-29 13:41:25,702 INFO c.h.h.t.HelmChartContainer - [hivemq-test-hivemq-platform] [hivemq-platform-operator] [b7fed2a8] 
2025-01-29 13:41:25,702 INFO c.h.h.t.HelmChartContainer - [hivemq-test-hivemq-platform] [hivemq-platform-operator] [b7fed2a8]   JAVA_VERSION: 21
2025-01-29 13:41:25,702 INFO c.h.h.t.HelmChartContainer - [hivemq-test-hivemq-platform] [hivemq-platform-operator] [b7fed2a8] 
2025-01-29 13:41:25,702 INFO c.h.h.t.HelmChartContainer - [hivemq-test-hivemq-platform] [hivemq-platform-operator] [b7fed2a8] -------------------------------------------------------------------------
2025-01-29 13:41:25,702 INFO c.h.h.t.HelmChartContainer - [hivemq-test-hivemq-platform] [hivemq-platform-operator] [b7fed2a8] 
2025-01-29 13:41:28,645 INFO c.h.h.t.HelmChartContainer - [hivemq-test-hivemq-platform] [hivemq-platform-operator] [b7fed2a8] 13:41:28.643 [main] DEBUG org.jboss.logging - Logging Provider: org.jboss.logging.Slf4jLoggerProvider
2025-01-29 13:41:28,776 INFO c.h.h.t.HelmChartContainer - [hivemq-test-hivemq-platform] [hivemq-platform-operator] [b7fed2a8] 13:41:28.775 [main] DEBUG io.smallrye.config - SRCFG01006: Loaded ConfigSource SysPropConfigSource with ordinal 400
2025-01-29 13:41:28,777 INFO c.h.h.t.HelmChartContainer - [hivemq-test-hivemq-platform] [hivemq-platform-operator] [b7fed2a8] 13:41:28.776 [main] DEBUG io.smallrye.config - SRCFG01006: Loaded ConfigSource EnvConfigSource with ordinal 300
2025-01-29 13:41:28,777 INFO c.h.h.t.HelmChartContainer - [hivemq-test-hivemq-platform] [hivemq-platform-operator] [b7fed2a8] 13:41:28.776 [main] DEBUG io.smallrye.config - SRCFG01006: Loaded ConfigSource PropertiesConfigSource[source=jar:file:///opt/hivemq-platform-operator/bin/hivemq-platform-operator.jar!/hivemq-platform-operator.properties] with ordinal 100
2025-01-29 13:41:28,777 INFO c.h.h.t.HelmChartContainer - [hivemq-test-hivemq-platform] [hivemq-platform-operator] [b7fed2a8] 13:41:28.776 [main] DEBUG io.smallrye.config - SRCFG01006: Loaded ConfigSource DefaultValuesConfigSource with ordinal -2147483648
2025-01-29 13:41:28,852 INFO c.h.h.t.HelmChartContainer - [hivemq-test-hivemq-platform] [hivemq-platform-operator] [b7fed2a8] 13:41:28.851 [main] DEBUG i.m.c.u.i.l.InternalLoggerFactory - Using SLF4J as the default logging framework
2025-01-29 13:41:29,036 INFO c.h.h.t.HelmChartContainer - [hivemq-test-hivemq-platform] [hivemq-platform-operator] [b7fed2a8] 13:41:29.028 [main] INFO  c.h.p.o.HiveMQPlatformOperatorApplication - HiveMQ Platform Operator 1.7.0-SNAPSHOT (commit: bebf408 on branch: HEAD) built on Sun Jan 26 20:47:47 UTC 2025
2025-01-29 13:41:29,036 INFO c.h.h.t.HelmChartContainer - [hivemq-test-hivemq-platform] [hivemq-platform-operator] [b7fed2a8] 13:41:29.035 [main] INFO  c.h.p.o.HiveMQPlatformOperatorApplication - HiveMQ Platform Operator is running in namespace: helmremovenamespaceit-operator
2025-01-29 13:41:29,036 INFO c.h.h.t.HelmChartContainer - [hivemq-test-hivemq-platform] [hivemq-platform-operator] [b7fed2a8] 13:41:29.035 [main] INFO  c.h.p.o.HiveMQPlatformOperatorApplication - Watching all namespaces
2025-01-29 13:41:29,036 INFO c.h.h.t.HelmChartContainer - [hivemq-test-hivemq-platform] [hivemq-platform-operator] [b7fed2a8] 13:41:29.035 [main] INFO  c.h.p.o.HiveMQPlatformOperatorApplication - Log level: DEBUG
2025-01-29 13:41:29,036 INFO c.h.h.t.HelmChartContainer - [hivemq-test-hivemq-platform] [hivemq-platform-operator] [b7fed2a8] 13:41:29.035 [main] INFO  c.h.p.o.HiveMQPlatformOperatorApplication - Release name: test-hivemq-platform-operator
2025-01-29 13:41:29,036 INFO c.h.h.t.HelmChartContainer - [hivemq-test-hivemq-platform] [hivemq-platform-operator] [b7fed2a8] 13:41:29.035 [main] INFO  c.h.p.o.HiveMQPlatformOperatorApplication - HiveMQ Platform Operator Init image: docker.io/hivemq/hivemq-platform-operator-init-test:snapshot
2025-01-29 13:41:29,036 INFO c.h.h.t.HelmChartContainer - [hivemq-test-hivemq-platform] [hivemq-platform-operator] [b7fed2a8] 13:41:29.035 [main] INFO  c.h.p.o.HiveMQPlatformOperatorApplication - HiveMQ Platform Operator Init App update URL: http://hivemq-platform-operator-test-hivemq-platform-operator.helmremovenamespaceit-operator.svc:8080/initAppUpdate/hivemq-platform-operator-init-app-1.7.0-SNAPSHOT.jar
2025-01-29 13:41:29,036 INFO c.h.h.t.HelmChartContainer - [hivemq-test-hivemq-platform] [hivemq-platform-operator] [b7fed2a8] 13:41:29.035 [main] INFO  c.h.p.o.HiveMQPlatformOperatorApplication - Additional imagePullSecret for all Platform deployments: none
2025-01-29 13:41:29,036 INFO c.h.h.t.HelmChartContainer - [hivemq-test-hivemq-platform] [hivemq-platform-operator] [b7fed2a8] 13:41:29.035 [main] INFO  c.h.p.o.HiveMQPlatformOperatorApplication - Apply HiveMQ Platform CRD: true
2025-01-29 13:41:29,037 INFO c.h.h.t.HelmChartContainer - [hivemq-test-hivemq-platform] [hivemq-platform-operator] [b7fed2a8] 13:41:29.035 [main] INFO  c.h.p.o.HiveMQPlatformOperatorApplication - Create Platform ServiceAccount: true
2025-01-29 13:41:29,037 INFO c.h.h.t.HelmChartContainer - [hivemq-test-hivemq-platform] [hivemq-platform-operator] [b7fed2a8] 13:41:29.035 [main] INFO  c.h.p.o.HiveMQPlatformOperatorApplication - Create Platform ServiceAccount permissions: true
2025-01-29 13:41:29,037 INFO c.h.h.t.HelmChartContainer - [hivemq-test-hivemq-platform] [hivemq-platform-operator] [b7fed2a8] 13:41:29.035 [main] INFO  c.h.p.o.HiveMQPlatformOperatorApplication - Validate Platform ServiceAccount: true
2025-01-29 13:41:29,037 INFO c.h.h.t.HelmChartContainer - [hivemq-test-hivemq-platform] [hivemq-platform-operator] [b7fed2a8] 13:41:29.035 [main] INFO  c.h.p.o.HiveMQPlatformOperatorApplication - Validate Platform ServiceAccount permissions: true
2025-01-29 13:41:29,153 INFO c.h.h.t.HelmChartContainer - [hivemq-test-hivemq-platform] [hivemq-platform-operator] [b7fed2a8] 13:41:29.152 [main] INFO  c.h.platform.operator.util.CRDUtil - Verifying deployed HiveMQ Platform CRD...
2025-01-29 13:41:31,575 INFO c.h.h.t.HelmChartContainer - [hivemq-test-hivemq-platform] [hivemq-platform-operator] [b7fed2a8] 13:41:31.574 [main] DEBUG c.h.platform.operator.util.CRDUtil - HiveMQ Platform CRD version v1 is up to date
2025-01-29 13:41:31,576 INFO c.h.h.t.HelmChartContainer - [hivemq-test-hivemq-platform] [hivemq-platform-operator] [b7fed2a8] 13:41:31.574 [main] INFO  c.h.platform.operator.util.CRDUtil - HiveMQ Platform CRD is up to date (version: V1_6_0)
2025-01-29 13:41:31,576 INFO c.h.h.t.HelmChartContainer - [hivemq-test-hivemq-platform] [hivemq-platform-operator] [b7fed2a8] 13:41:31.574 [main] INFO  c.h.platform.operator.util.CRDUtil - Waiting 10000 ms for HiveMQ Platform CRD 'hivemq-platforms.hivemq.com' to become ready...
2025-01-29 13:41:31,834 INFO c.h.h.t.HelmChartContainer - [hivemq-test-hivemq-platform] [hivemq-platform-operator] [b7fed2a8] 13:41:31.831 [vert.x-eventloop-thread-1] DEBUG c.h.platform.operator.util.CRDUtil - Checking CRD condition 'NamesAccepted' (status: 'True')
2025-01-29 13:41:31,834 INFO c.h.h.t.HelmChartContainer - [hivemq-test-hivemq-platform] [hivemq-platform-operator] [b7fed2a8] 13:41:31.831 [vert.x-eventloop-thread-1] DEBUG c.h.platform.operator.util.CRDUtil - Checking CRD condition 'Established' (status: 'True')
2025-01-29 13:41:31,834 INFO c.h.h.t.HelmChartContainer - [hivemq-test-hivemq-platform] [hivemq-platform-operator] [b7fed2a8] 13:41:31.832 [main] INFO  c.h.platform.operator.util.CRDUtil - HiveMQ Platform CRD 'hivemq-platforms.hivemq.com' is ready
2025-01-29 13:41:31,979 INFO c.h.h.t.HelmChartContainer - [hivemq-test-hivemq-platform] [hivemq-platform-operator] [b7fed2a8] 13:41:31.977 [main] INFO  c.h.p.o.HiveMQPlatformReconciler - HiveMQ Platform Operator is starting...
2025-01-29 13:41:32,128 INFO c.h.h.t.HelmChartContainer - [hivemq-test-hivemq-platform] [hivemq-platform-operator] [b7fed2a8] 13:41:32.127 [main] WARN  Default ConfigurationService implementation - Configuration for reconciler 'hivemq-controller' was not found. Known reconcilers: None.
2025-01-29 13:41:32,135 INFO c.h.h.t.HelmChartContainer - [hivemq-test-hivemq-platform] [hivemq-platform-operator] [b7fed2a8] 13:41:32.134 [main] INFO  Default ConfigurationService implementation - Created configuration for reconciler com.hivemq.platform.operator.HiveMQPlatformReconciler with name hivemq-controller
2025-01-29 13:41:32,238 INFO c.h.h.t.HelmChartContainer - [hivemq-test-hivemq-platform] [hivemq-platform-operator] [b7fed2a8] 13:41:32.237 [main] DEBUG c.h.p.o.HiveMQPlatformReconciler - HiveMQ Platform Operator is preparing EventSources
2025-01-29 13:41:32,277 INFO c.h.h.t.HelmChartContainer - [hivemq-test-hivemq-platform] [hivemq-platform-operator] [b7fed2a8] 13:41:32.276 [main] INFO  i.javaoperatorsdk.operator.Operator - Registered reconciler: 'hivemq-controller' for resource: 'class com.hivemq.platform.operator.v1.HiveMQPlatform' for namespace(s): [all namespaces]
2025-01-29 13:41:32,833 INFO c.h.h.t.HelmChartContainer - [hivemq-test-hivemq-platform] [hivemq-platform-operator] [b7fed2a8] 13:41:32.831 [main] INFO  c.h.p.operator.webserver.JettyServer - Starting Jetty server on port 8080
2025-01-29 13:41:32,930 INFO c.h.h.t.HelmChartContainer - [hivemq-test-hivemq-platform] [hivemq-platform-operator] [b7fed2a8] 13:41:32.929 [main] INFO  i.javaoperatorsdk.operator.Operator - Operator SDK 4.9.7 (commit: 2133d28) built on Wed Nov 20 12:56:20 UTC 2024 starting...
2025-01-29 13:41:32,930 INFO c.h.h.t.HelmChartContainer - [hivemq-test-hivemq-platform] [hivemq-platform-operator] [b7fed2a8] 13:41:32.929 [main] INFO  i.javaoperatorsdk.operator.Operator - Client version: 6.13.4
2025-01-29 13:41:32,931 INFO c.h.h.t.HelmChartContainer - [hivemq-test-hivemq-platform] [hivemq-platform-operator] [b7fed2a8] 13:41:32.930 [Controller Starter for: hivemq-controller] INFO  i.j.operator.processing.Controller - Starting 'hivemq-controller' controller for reconciler: com.hivemq.platform.operator.HiveMQPlatformReconciler, resource: com.hivemq.platform.operator.v1.HiveMQPlatform
2025-01-29 13:41:35,077 INFO c.h.h.t.HelmChartContainer - [hivemq-test-hivemq-platform] [hivemq-platform-operator] [b7fed2a8] 13:41:35.075 [Controller Starter for: hivemq-controller] INFO  i.j.operator.processing.Controller - 'hivemq-controller' controller started
2025-01-29 13:41:35,077 INFO c.h.h.t.HelmChartContainer - [hivemq-test-hivemq-platform] [hivemq-platform-operator] [b7fed2a8] 13:41:35.076 [main] INFO  c.h.p.o.HiveMQPlatformOperatorApplication - HiveMQ Platform Operator 1.7.0-SNAPSHOT started in 6047 ms
2025-01-29 13:41:36,701 INFO c.h.h.t.HelmChartContainer - [POD] hivemq-test-hivemq-platform-operator-6966f96d65-25dd5 [b7fed2a8-a831-4c1d-8df3-adbe49bf8e85] in helmremovenamespaceit-operator was MODIFIED
2025-01-29 13:41:36,705 INFO c.h.h.t.HelmChartContainer - [K3S] [replica_set.go:679] "Finished syncing" kind="ReplicaSet" key="helmremovenamespaceit-operator/hivemq-test-hivemq-platform-operator-6966f96d65" duration="10.150224ms"
2025-01-29 13:41:36,706 INFO c.h.h.t.HelmChartContainer - [K3S] [replica_set.go:679] "Finished syncing" kind="ReplicaSet" key="helmremovenamespaceit-operator/hivemq-test-hivemq-platform-operator-6966f96d65" duration="36.057µs"
2025-01-29 13:41:37,871 DEBUG c.h.h.t.HelmChartContainer - Executing helm command: /bin/helm --kubeconfig /etc/rancher/k3s/k3s.yaml install test-hivemq-platform /charts/hivemq-platform --wait --timeout 5m0s --set image.repository=docker.io/hivemq --set image.tag=4.36.0 --set image.pullPolicy=Never --set nodes.resources.cpu=512m -f /files/platform-values.yaml --namespace helmremovenamespaceit
2025-01-29 13:41:38,177 INFO c.h.h.t.HelmChartContainer - [hivemq-test-hivemq-platform] [hivemq-platform-operator] [b7fed2a8] 13:41:38.174 [-373097727-pool-1-thread-2] WARN  i.m.p.PrometheusMeterRegistry - The meter (MeterId{name='operator.sdk.events.received', tags=[tag(action=ADDED),tag(event=ResourceEvent),tag(group=hivemq.com),tag(kind=HiveMQPlatform),tag(name=test-hivemq-platform),tag(namespace=helmremovenamespaceit),tag(scope=namespace),tag(version=v1)]}) registration has failed: Prometheus requires that all meters with the same name have the same set of tag keys. There is already an existing meter named 'operator.sdk.events.received' containing tag keys [event, group, kind, name, namespace, scope, version]. The meter you are attempting to register has keys [action, event, group, kind, name, namespace, scope, version]. Note that subsequent logs will be logged at debug level.
2025-01-29 13:41:38,583 INFO c.h.h.t.HelmChartContainer - [hivemq-test-hivemq-platform] [hivemq-platform-operator] [b7fed2a8] 13:41:38.582 [pool-6-thread-3] DEBUG c.h.p.o.dependants.PodInfoConfigMap - [helmremo] Desired PodInfo ConfigMap (1 extensions) (1 enabled)
2025-01-29 13:41:38,585 INFO c.h.h.t.HelmChartContainer - [hivemq-test-hivemq-platform] [hivemq-platform-operator] [b7fed2a8] 13:41:38.583 [pool-6-thread-3] DEBUG c.h.p.o.dependants.PodInfoConfigMap - [helmremo] Desired PodInfo ConfigMap (metrics port: 9399) (metrics path: /)
2025-01-29 13:41:38,586 INFO c.h.h.t.HelmChartContainer - [hivemq-test-hivemq-platform] [hivemq-platform-operator] [b7fed2a8] 13:41:38.584 [pool-6-thread-3] DEBUG c.h.p.o.dependants.PodInfoConfigMap - [helmremo] Desired PodInfo ConfigMap (extension state hash: -1817474005)
2025-01-29 13:41:38,587 INFO c.h.h.t.HelmChartContainer - [hivemq-test-hivemq-platform] [hivemq-platform-operator] [b7fed2a8] 13:41:38.585 [pool-6-thread-3] DEBUG c.h.p.o.dependants.PodInfoConfigMap - [helmremo] Create PodInfo ConfigMap
2025-01-29 13:41:38,689 INFO c.h.h.t.HelmChartContainer - [hivemq-test-hivemq-platform] [hivemq-platform-operator] [b7fed2a8] 13:41:38.686 [pool-6-thread-5] DEBUG c.h.p.o.dependants.PodRoleResource - [helmremo] Create Role: Role(apiVersion=rbac.authorization.k8s.io/v1, kind=Role, metadata=ObjectMeta(annotations={meta.helm.sh/release-name=test-hivemq-platform, meta.helm.sh/release-namespace=helmremovenamespaceit}, creationTimestamp=null, deletionGracePeriodSeconds=null, deletionTimestamp=null, finalizers=[], generateName=null, generation=null, labels={helm.sh/chart=hivemq-platform-0.2.32, app.kubernetes.io/managed-by=Helm, app.kubernetes.io/name=hivemq-platform, hivemq-platform=test-hivemq-platform, app.kubernetes.io/instance=test-hivemq-platform, app.kubernetes.io/version=4.36.0}, managedFields=[], name=hivemq-platform-role-test-hivemq-platform, namespace=helmremovenamespaceit, ownerReferences=[OwnerReference(apiVersion=hivemq.com/v1, blockOwnerDeletion=null, controller=null, kind=HiveMQPlatform, name=test-hivemq-platform, uid=1675cd94-e74c-4ed2-a0d0-a60867a22ac0, additionalProperties={})], resourceVersion=null, selfLink=null, uid=null, additionalProperties={}), rules=[PolicyRule(apiGroups=[], nonResourceURLs=[], resourceNames=[], resources=[pods], verbs=[get, patch, update], additionalProperties={})], additionalProperties={})
2025-01-29 13:41:38,883 INFO c.h.h.t.HelmChartContainer - [hivemq-test-hivemq-platform] [hivemq-platform-operator] [b7fed2a8] 13:41:38.879 [pool-6-thread-7] DEBUG c.h.p.o.d.PodServiceAccountResource - [helmremo] Desired PodServiceAccountResource (serviceAccountName: hivemq-platform-pod-test-hivemq-platform)
2025-01-29 13:41:38,884 INFO c.h.h.t.HelmChartContainer - [hivemq-test-hivemq-platform] [hivemq-platform-operator] [b7fed2a8] 13:41:38.880 [pool-6-thread-7] DEBUG c.h.p.o.d.PodServiceAccountResource - [helmremo] Create ServiceAccount 'hivemq-platform-pod-test-hivemq-platform'
2025-01-29 13:41:38,981 INFO c.h.h.t.HelmChartContainer - [hivemq-test-hivemq-platform] [hivemq-platform-operator] [b7fed2a8] 13:41:38.980 [pool-6-thread-10] DEBUG c.h.p.o.d.PodRoleBindingResource - [helmremo] Create RoleBinding: RoleBinding(apiVersion=rbac.authorization.k8s.io/v1, kind=RoleBinding, metadata=ObjectMeta(annotations={meta.helm.sh/release-name=test-hivemq-platform, meta.helm.sh/release-namespace=helmremovenamespaceit}, creationTimestamp=null, deletionGracePeriodSeconds=null, deletionTimestamp=null, finalizers=[], generateName=null, generation=null, labels={helm.sh/chart=hivemq-platform-0.2.32, app.kubernetes.io/managed-by=Helm, app.kubernetes.io/name=hivemq-platform, hivemq-platform=test-hivemq-platform, app.kubernetes.io/instance=test-hivemq-platform, app.kubernetes.io/version=4.36.0}, managedFields=[], name=hivemq-platform-role-binding-test-hivemq-platform, namespace=helmremovenamespaceit, ownerReferences=[OwnerReference(apiVersion=hivemq.com/v1, blockOwnerDeletion=null, controller=null, kind=HiveMQPlatform, name=test-hivemq-platform, uid=1675cd94-e74c-4ed2-a0d0-a60867a22ac0, additionalProperties={})], resourceVersion=null, selfLink=null, uid=null, additionalProperties={}), roleRef=RoleRef(apiGroup=rbac.authorization.k8s.io, kind=Role, name=hivemq-platform-role-test-hivemq-platform, additionalProperties={}), subjects=[Subject(apiGroup=null, kind=ServiceAccount, name=hivemq-platform-pod-test-hivemq-platform, namespace=helmremovenamespaceit, additionalProperties={})], additionalProperties={})
2025-01-29 13:41:39,078 INFO c.h.h.t.HelmChartContainer - [hivemq-test-hivemq-platform] [hivemq-platform-operator] [b7fed2a8] 13:41:39.077 [ReconcilerExecutor-hivemq-controller-54] INFO  c.h.p.o.HiveMQPlatformReconciler - [helmremo] Reconciling HiveMQ Platform 'test-hivemq-platform' in namespace 'helmremovenamespaceit'
2025-01-29 13:41:39,079 INFO c.h.h.t.HelmChartContainer - [hivemq-test-hivemq-platform] [hivemq-platform-operator] [b7fed2a8] 13:41:39.077 [ReconcilerExecutor-hivemq-controller-54] DEBUG c.h.p.o.HiveMQPlatformReconciler - [helmremo] Custom Resource Status CREATED - HiveMQ Platform was created (READY)
2025-01-29 13:41:39,079 INFO c.h.h.t.HelmChartContainer - [hivemq-test-hivemq-platform] [hivemq-platform-operator] [b7fed2a8] 13:41:39.077 [ReconcilerExecutor-hivemq-controller-54] DEBUG c.h.p.o.HiveMQPlatformReconciler - [helmremo] Custom Resource Spec (replicas: 1) (extensions: 1)
2025-01-29 13:41:39,083 INFO c.h.h.t.HelmChartContainer - [hivemq-test-hivemq-platform] [hivemq-platform-operator] [b7fed2a8] 13:41:39.081 [ReconcilerExecutor-hivemq-controller-54] INFO  c.h.p.o.h.HiveMQPlatformReconcilerBaseHandler - [helmremo] HiveMQ Platform is starting
2025-01-29 13:41:39,189 INFO c.h.h.t.HelmChartContainer - [hivemq-test-hivemq-platform] [hivemq-platform-operator] [b7fed2a8] 13:41:39.189 [ReconcilerExecutor-hivemq-controller-54] DEBUG c.h.p.operator.event.EventSender - [helmremo] Creating K8s event hivemq-platform-starting: [Start] HiveMQ Platform is starting
2025-01-29 13:41:39,197 INFO c.h.h.t.HelmChartContainer - [EVENT] Normal [Start] HiveMQ Platform is starting [helmremovenamespaceit:test-hivemq-platform]
2025-01-29 13:41:39,279 INFO c.h.h.t.HelmChartContainer - [hivemq-test-hivemq-platform] [hivemq-platform-operator] [b7fed2a8] 13:41:39.278 [ReconcilerExecutor-hivemq-controller-54] INFO  c.h.p.o.h.AbstractHiveMQReconcilerStateHandler - [helmremo] Update HiveMQ Platform Status (CREATED [READY] -> STARTING [READY]): HiveMQ Platform is starting
2025-01-29 13:41:39,295 DEBUG com.hivemq.helmcharts.util.K8sUtil - Comparing actual state 'STARTING' and waiting for 'RUNNING'
2025-01-29 13:41:49,387 INFO c.h.h.t.HelmChartContainer - [hivemq-test-hivemq-platform] [hivemq-platform-operator] [b7fed2a8] 13:41:49.383 [pool-6-thread-12] DEBUG c.h.p.o.d.PlatformServiceResource - [helmremo] Desired Platform services (3 services)
2025-01-29 13:41:49,388 INFO c.h.h.t.HelmChartContainer - [hivemq-test-hivemq-platform] [hivemq-platform-operator] [b7fed2a8] 13:41:49.385 [pool-6-thread-13] DEBUG c.h.p.o.dependants.PodInfoConfigMap - [helmremo] Desired PodInfo ConfigMap (1 extensions) (1 enabled)
2025-01-29 13:41:49,388 INFO c.h.h.t.HelmChartContainer - [hivemq-test-hivemq-platform] [hivemq-platform-operator] [b7fed2a8] 13:41:49.385 [pool-6-thread-13] DEBUG c.h.p.o.dependants.PodInfoConfigMap - [helmremo] Desired PodInfo ConfigMap (metrics port: 9399) (metrics path: /)
2025-01-29 13:41:49,388 INFO c.h.h.t.HelmChartContainer - [hivemq-test-hivemq-platform] [hivemq-platform-operator] [b7fed2a8] 13:41:49.385 [pool-6-thread-13] DEBUG c.h.p.o.dependants.PodInfoConfigMap - [helmremo] Desired PodInfo ConfigMap (extension state hash: -1817474005)
2025-01-29 13:41:49,392 INFO c.h.h.t.HelmChartContainer - [hivemq-test-hivemq-platform] [hivemq-platform-operator] [b7fed2a8] 13:41:49.391 [pool-6-thread-17] DEBUG c.h.p.o.d.PodServiceAccountResource - [helmremo] Desired PodServiceAccountResource (serviceAccountName: hivemq-platform-pod-test-hivemq-platform)
2025-01-29 13:41:49,397 INFO c.h.h.t.HelmChartContainer - [hivemq-test-hivemq-platform] [hivemq-platform-operator] [b7fed2a8] 13:41:49.395 [pool-6-thread-13] DEBUG c.h.p.o.dependants.PodInfoConfigMap - [helmremo] Update PodInfo ConfigMap
2025-01-29 13:41:49,404 INFO c.h.h.t.HelmChartContainer - [K3S] [alloc.go:330] "allocated clusterIPs" service="helmremovenamespaceit/hivemq-test-hivemq-platform-metrics-9399" clusterIPs={"IPv4":"10.43.112.129"}
2025-01-29 13:41:49,491 INFO c.h.h.t.HelmChartContainer - [K3S] [alloc.go:330] "allocated clusterIPs" service="helmremovenamespaceit/hivemq-test-hivemq-platform-mqtt-1883" clusterIPs={"IPv4":"10.43.99.14"}
2025-01-29 13:41:49,582 INFO c.h.h.t.HelmChartContainer - [K3S] [alloc.go:330] "allocated clusterIPs" service="helmremovenamespaceit/hivemq-test-hivemq-platform-cc-8080" clusterIPs={"IPv4":"10.43.57.124"}
2025-01-29 13:41:49,592 INFO c.h.h.t.HelmChartContainer - [hivemq-test-hivemq-platform] [hivemq-platform-operator] [b7fed2a8] 13:41:49.591 [pool-6-thread-20] DEBUG c.h.p.o.d.StatefulSetResource - [helmremo] Desired StatefulSet (1 replicas) for status STARTING (READY)
2025-01-29 13:41:49,683 INFO c.h.h.t.HelmChartContainer - [hivemq-test-hivemq-platform] [hivemq-platform-operator] [b7fed2a8] 13:41:49.680 [pool-6-thread-20] DEBUG c.h.p.o.d.StatefulSetResource - [helmremo] Create StatefulSet
2025-01-29 13:41:49,706 INFO c.h.h.t.HelmChartContainer - [POD] test-hivemq-platform-0 [b535f0eb-038f-4573-8afd-cb3f2f51d985] in helmremovenamespaceit was ADDED
2025-01-29 13:41:49,708 INFO c.h.h.t.HelmChartContainer - [EVENT] Normal [SuccessfulCreate] create Pod test-hivemq-platform-0 in StatefulSet test-hivemq-platform successful [helmremovenamespaceit:test-hivemq-platform]
2025-01-29 13:41:49,713 INFO c.h.h.t.HelmChartContainer - [POD] test-hivemq-platform-0 [b535f0eb-038f-4573-8afd-cb3f2f51d985] in helmremovenamespaceit was MODIFIED
2025-01-29 13:41:49,713 INFO c.h.h.t.HelmChartContainer - [EVENT] Normal [Scheduled] Successfully assigned helmremovenamespaceit/test-hivemq-platform-0 to 13397d37f1ea [helmremovenamespaceit:test-hivemq-platform-0]
2025-01-29 13:41:49,723 INFO c.h.h.t.HelmChartContainer - [POD] test-hivemq-platform-0 [b535f0eb-038f-4573-8afd-cb3f2f51d985] in helmremovenamespaceit was MODIFIED
2025-01-29 13:41:49,784 INFO c.h.h.t.HelmChartContainer - [hivemq-test-hivemq-platform] [hivemq-platform-operator] [b7fed2a8] 13:41:49.782 [ReconcilerExecutor-hivemq-controller-65] INFO  c.h.p.o.HiveMQPlatformReconciler - [helmremo] Reconciling HiveMQ Platform 'test-hivemq-platform' in namespace 'helmremovenamespaceit'
2025-01-29 13:41:49,785 INFO c.h.h.t.HelmChartContainer - [hivemq-test-hivemq-platform] [hivemq-platform-operator] [b7fed2a8] 13:41:49.782 [ReconcilerExecutor-hivemq-controller-65] DEBUG c.h.p.o.HiveMQPlatformReconciler - [helmremo] Custom Resource Status STARTING - HiveMQ Platform is starting (READY)
2025-01-29 13:41:49,785 INFO c.h.h.t.HelmChartContainer - [hivemq-test-hivemq-platform] [hivemq-platform-operator] [b7fed2a8] 13:41:49.782 [ReconcilerExecutor-hivemq-controller-65] DEBUG c.h.p.o.HiveMQPlatformReconciler - [helmremo] Custom Resource Spec (replicas: 1) (extensions: 1)
2025-01-29 13:41:49,789 INFO c.h.h.t.HelmChartContainer - [hivemq-test-hivemq-platform] [hivemq-platform-operator] [b7fed2a8] 13:41:49.788 [ReconcilerExecutor-hivemq-controller-65] DEBUG c.h.p.o.HiveMQPlatformReconciler - [helmremo] StatefulSet Status (revision: test-hivemq-platform-bd687ff79, replicas: 1, available: 0, ready: 0, current: 1, updated: 1)
2025-01-29 13:41:49,789 INFO c.h.h.t.HelmChartContainer - [hivemq-test-hivemq-platform] [hivemq-platform-operator] [b7fed2a8] 13:41:49.788 [ReconcilerExecutor-hivemq-controller-65] DEBUG c.h.p.o.HiveMQPlatformReconciler - [helmremo] StatefulSet Spec (replicas: 1, init containers: 1, containers: 1, volumes: 3)
2025-01-29 13:41:49,826 INFO c.h.h.t.HelmChartContainer - [K3S] [reconciler_common.go:251] "operationExecutor.VerifyControllerAttachedVolume started for volume \"kube-api-access-flg92\" (UniqueName: \"kubernetes.io/projected/b535f0eb-038f-4573-8afd-cb3f2f51d985-kube-api-access-flg92\") pod \"test-hivemq-platform-0\" (UID: \"b535f0eb-038f-4573-8afd-cb3f2f51d985\") " pod="helmremovenamespaceit/test-hivemq-platform-0"
2025-01-29 13:41:49,826 INFO c.h.h.t.HelmChartContainer - [K3S] [reconciler_common.go:251] "operationExecutor.VerifyControllerAttachedVolume started for volume \"pod-info\" (UniqueName: \"kubernetes.io/configmap/b535f0eb-038f-4573-8afd-cb3f2f51d985-pod-info\") pod \"test-hivemq-platform-0\" (UID: \"b535f0eb-038f-4573-8afd-cb3f2f51d985\") " pod="helmremovenamespaceit/test-hivemq-platform-0"
2025-01-29 13:41:49,826 INFO c.h.h.t.HelmChartContainer - [K3S] [reconciler_common.go:251] "operationExecutor.VerifyControllerAttachedVolume started for volume \"broker-configuration\" (UniqueName: \"kubernetes.io/configmap/b535f0eb-038f-4573-8afd-cb3f2f51d985-broker-configuration\") pod \"test-hivemq-platform-0\" (UID: \"b535f0eb-038f-4573-8afd-cb3f2f51d985\") " pod="helmremovenamespaceit/test-hivemq-platform-0"
2025-01-29 13:41:49,826 INFO c.h.h.t.HelmChartContainer - [K3S] [reconciler_common.go:251] "operationExecutor.VerifyControllerAttachedVolume started for volume \"operator-init\" (UniqueName: \"kubernetes.io/empty-dir/b535f0eb-038f-4573-8afd-cb3f2f51d985-operator-init\") pod \"test-hivemq-platform-0\" (UID: \"b535f0eb-038f-4573-8afd-cb3f2f51d985\") " pod="helmremovenamespaceit/test-hivemq-platform-0"
2025-01-29 13:41:49,886 INFO c.h.h.t.HelmChartContainer - [hivemq-test-hivemq-platform] [hivemq-platform-operator] [b7fed2a8] 13:41:49.883 [ReconcilerExecutor-hivemq-controller-65] DEBUG c.h.p.o.h.HiveMQPlatformReconcilerErrorHandler - [helmremo] Pod 'test-hivemq-platform-0' phase Pending
2025-01-29 13:41:49,886 INFO c.h.h.t.HelmChartContainer - [hivemq-test-hivemq-platform] [hivemq-platform-operator] [b7fed2a8] 13:41:49.883 [ReconcilerExecutor-hivemq-controller-65] DEBUG c.h.p.o.h.HiveMQPlatformReconcilerErrorHandler - [helmremo] Pod 'test-hivemq-platform-0' condition 'PodReadyToStartContainers': False
2025-01-29 13:41:49,886 INFO c.h.h.t.HelmChartContainer - [hivemq-test-hivemq-platform] [hivemq-platform-operator] [b7fed2a8] 13:41:49.884 [ReconcilerExecutor-hivemq-controller-65] DEBUG c.h.p.o.h.HiveMQPlatformReconcilerErrorHandler - [helmremo] Pod 'test-hivemq-platform-0' condition 'Initialized': False
2025-01-29 13:41:49,886 INFO c.h.h.t.HelmChartContainer - [hivemq-test-hivemq-platform] [hivemq-platform-operator] [b7fed2a8] 13:41:49.884 [ReconcilerExecutor-hivemq-controller-65] DEBUG c.h.p.o.h.HiveMQPlatformReconcilerErrorHandler - [helmremo] Pod 'test-hivemq-platform-0' condition 'Ready': False
2025-01-29 13:41:49,886 INFO c.h.h.t.HelmChartContainer - [hivemq-test-hivemq-platform] [hivemq-platform-operator] [b7fed2a8] 13:41:49.884 [ReconcilerExecutor-hivemq-controller-65] DEBUG c.h.p.o.h.HiveMQPlatformReconcilerErrorHandler - [helmremo] Pod 'test-hivemq-platform-0' condition 'ContainersReady': False
2025-01-29 13:41:49,886 INFO c.h.h.t.HelmChartContainer - [hivemq-test-hivemq-platform] [hivemq-platform-operator] [b7fed2a8] 13:41:49.884 [ReconcilerExecutor-hivemq-controller-65] DEBUG c.h.p.o.h.HiveMQPlatformReconcilerErrorHandler - [helmremo] Pod 'test-hivemq-platform-0' condition 'PodScheduled': True
2025-01-29 13:41:49,886 INFO c.h.h.t.HelmChartContainer - [hivemq-test-hivemq-platform] [hivemq-platform-operator] [b7fed2a8] 13:41:49.884 [ReconcilerExecutor-hivemq-controller-65] DEBUG c.h.p.o.h.HiveMQPlatformReconcilerErrorHandler - [helmremo] Pod 'test-hivemq-platform-0' containerStatus 'hivemq' (started: false) (ready: false) (waiting: [PodInitializing] null)
2025-01-29 13:41:49,887 INFO c.h.h.t.HelmChartContainer - [hivemq-test-hivemq-platform] [hivemq-platform-operator] [b7fed2a8] 13:41:49.886 [ReconcilerExecutor-hivemq-controller-65] INFO  c.h.p.o.h.HiveMQPlatformReconcilerBaseHandler - [helmremo] HiveMQ Platform is starting, 0 of 1 replicas are ready
2025-01-29 13:41:49,975 INFO c.h.h.t.HelmChartContainer - [hivemq-test-hivemq-platform] [hivemq-platform-operator] [b7fed2a8] 13:41:49.974 [pool-6-thread-22] DEBUG c.h.p.o.d.PlatformServiceResource - [helmremo] Desired Platform services (3 services)
2025-01-29 13:41:49,980 INFO c.h.h.t.HelmChartContainer - [hivemq-test-hivemq-platform] [hivemq-platform-operator] [b7fed2a8] 13:41:49.979 [pool-6-thread-27] DEBUG c.h.p.o.d.PodServiceAccountResource - [helmremo] Desired PodServiceAccountResource (serviceAccountName: hivemq-platform-pod-test-hivemq-platform)
2025-01-29 13:41:49,981 INFO c.h.h.t.HelmChartContainer - [hivemq-test-hivemq-platform] [hivemq-platform-operator] [b7fed2a8] 13:41:49.980 [pool-6-thread-23] DEBUG c.h.p.o.dependants.PodInfoConfigMap - [helmremo] Desired PodInfo ConfigMap (1 extensions) (1 enabled)
2025-01-29 13:41:49,981 INFO c.h.h.t.HelmChartContainer - [hivemq-test-hivemq-platform] [hivemq-platform-operator] [b7fed2a8] 13:41:49.980 [pool-6-thread-23] DEBUG c.h.p.o.dependants.PodInfoConfigMap - [helmremo] Desired PodInfo ConfigMap (metrics port: 9399) (metrics path: /)
2025-01-29 13:41:49,981 INFO c.h.h.t.HelmChartContainer - [hivemq-test-hivemq-platform] [hivemq-platform-operator] [b7fed2a8] 13:41:49.980 [pool-6-thread-23] DEBUG c.h.p.o.dependants.PodInfoConfigMap - [helmremo] Desired PodInfo ConfigMap (extension state hash: -1817474005)
2025-01-29 13:41:49,987 INFO c.h.h.t.HelmChartContainer - [hivemq-test-hivemq-platform] [hivemq-platform-operator] [b7fed2a8] 13:41:49.986 [pool-6-thread-30] DEBUG c.h.p.o.d.StatefulSetResource - [helmremo] Desired StatefulSet (1 replicas) for status STARTING (READY)
2025-01-29 13:41:50,080 INFO c.h.h.t.HelmChartContainer - [hivemq-test-hivemq-platform] [hivemq-platform-operator] [b7fed2a8] 13:41:50.076 [ReconcilerExecutor-hivemq-controller-77] INFO  c.h.p.o.HiveMQPlatformReconciler - [helmremo] Reconciling HiveMQ Platform 'test-hivemq-platform' in namespace 'helmremovenamespaceit'
2025-01-29 13:41:50,080 INFO c.h.h.t.HelmChartContainer - [hivemq-test-hivemq-platform] [hivemq-platform-operator] [b7fed2a8] 13:41:50.077 [ReconcilerExecutor-hivemq-controller-77] DEBUG c.h.p.o.HiveMQPlatformReconciler - [helmremo] Custom Resource Status STARTING - HiveMQ Platform is starting (READY)
2025-01-29 13:41:50,080 INFO c.h.h.t.HelmChartContainer - [hivemq-test-hivemq-platform] [hivemq-platform-operator] [b7fed2a8] 13:41:50.077 [ReconcilerExecutor-hivemq-controller-77] DEBUG c.h.p.o.HiveMQPlatformReconciler - [helmremo] Custom Resource Spec (replicas: 1) (extensions: 1)
2025-01-29 13:41:50,081 INFO c.h.h.t.HelmChartContainer - [hivemq-test-hivemq-platform] [hivemq-platform-operator] [b7fed2a8] 13:41:50.080 [ReconcilerExecutor-hivemq-controller-77] DEBUG c.h.p.o.HiveMQPlatformReconciler - [helmremo] StatefulSet Status (revision: test-hivemq-platform-bd687ff79, replicas: 1, available: 0, ready: 0, current: 1, updated: 1)
2025-01-29 13:41:50,081 INFO c.h.h.t.HelmChartContainer - [hivemq-test-hivemq-platform] [hivemq-platform-operator] [b7fed2a8] 13:41:50.080 [ReconcilerExecutor-hivemq-controller-77] DEBUG c.h.p.o.HiveMQPlatformReconciler - [helmremo] StatefulSet Spec (replicas: 1, init containers: 1, containers: 1, volumes: 3)
2025-01-29 13:41:50,084 INFO c.h.h.t.HelmChartContainer - [hivemq-test-hivemq-platform] [hivemq-platform-operator] [b7fed2a8] 13:41:50.083 [ReconcilerExecutor-hivemq-controller-77] DEBUG c.h.p.o.h.HiveMQPlatformReconcilerErrorHandler - [helmremo] Pod 'test-hivemq-platform-0' phase Pending
2025-01-29 13:41:50,085 INFO c.h.h.t.HelmChartContainer - [hivemq-test-hivemq-platform] [hivemq-platform-operator] [b7fed2a8] 13:41:50.084 [ReconcilerExecutor-hivemq-controller-77] DEBUG c.h.p.o.h.HiveMQPlatformReconcilerErrorHandler - [helmremo] Pod 'test-hivemq-platform-0' condition 'PodReadyToStartContainers': False
2025-01-29 13:41:50,085 INFO c.h.h.t.HelmChartContainer - [hivemq-test-hivemq-platform] [hivemq-platform-operator] [b7fed2a8] 13:41:50.084 [ReconcilerExecutor-hivemq-controller-77] DEBUG c.h.p.o.h.HiveMQPlatformReconcilerErrorHandler - [helmremo] Pod 'test-hivemq-platform-0' condition 'Initialized': False
2025-01-29 13:41:50,085 INFO c.h.h.t.HelmChartContainer - [hivemq-test-hivemq-platform] [hivemq-platform-operator] [b7fed2a8] 13:41:50.084 [ReconcilerExecutor-hivemq-controller-77] DEBUG c.h.p.o.h.HiveMQPlatformReconcilerErrorHandler - [helmremo] Pod 'test-hivemq-platform-0' condition 'Ready': False
2025-01-29 13:41:50,088 INFO c.h.h.t.HelmChartContainer - [hivemq-test-hivemq-platform] [hivemq-platform-operator] [b7fed2a8] 13:41:50.084 [ReconcilerExecutor-hivemq-controller-77] DEBUG c.h.p.o.h.HiveMQPlatformReconcilerErrorHandler - [helmremo] Pod 'test-hivemq-platform-0' condition 'ContainersReady': False
2025-01-29 13:41:50,088 INFO c.h.h.t.HelmChartContainer - [hivemq-test-hivemq-platform] [hivemq-platform-operator] [b7fed2a8] 13:41:50.084 [ReconcilerExecutor-hivemq-controller-77] DEBUG c.h.p.o.h.HiveMQPlatformReconcilerErrorHandler - [helmremo] Pod 'test-hivemq-platform-0' condition 'PodScheduled': True
2025-01-29 13:41:50,088 INFO c.h.h.t.HelmChartContainer - [hivemq-test-hivemq-platform] [hivemq-platform-operator] [b7fed2a8] 13:41:50.084 [ReconcilerExecutor-hivemq-controller-77] DEBUG c.h.p.o.h.HiveMQPlatformReconcilerErrorHandler - [helmremo] Pod 'test-hivemq-platform-0' containerStatus 'hivemq' (started: false) (ready: false) (waiting: [PodInitializing] null)
2025-01-29 13:41:50,088 INFO c.h.h.t.HelmChartContainer - [hivemq-test-hivemq-platform] [hivemq-platform-operator] [b7fed2a8] 13:41:50.086 [ReconcilerExecutor-hivemq-controller-77] INFO  c.h.p.o.h.HiveMQPlatformReconcilerBaseHandler - [helmremo] HiveMQ Platform is starting, 0 of 1 replicas are ready
2025-01-29 13:41:50,113 INFO c.h.h.t.HelmChartContainer - [EVENT] Normal [Pulled] Container image "docker.io/hivemq/hivemq-platform-operator-init-test:snapshot" already present on machine [helmremovenamespaceit:test-hivemq-platform-0]
2025-01-29 13:41:50,218 INFO c.h.h.t.HelmChartContainer - [EVENT] Normal [Created] Created container: hivemq-platform-operator-init [helmremovenamespaceit:test-hivemq-platform-0]
2025-01-29 13:41:50,252 INFO c.h.h.t.HelmChartContainer - [EVENT] Normal [Started] Started container hivemq-platform-operator-init [helmremovenamespaceit:test-hivemq-platform-0]
2025-01-29 13:41:50,726 INFO c.h.h.t.HelmChartContainer - [EVENT] Normal [Pulled] Container image "docker.io/hivemq/hivemq4:4.36.0" already present on machine [helmremovenamespaceit:test-hivemq-platform-0]
2025-01-29 13:41:50,726 INFO c.h.h.t.HelmChartContainer - Received Pulled event for container hivemq in pod test-hivemq-platform-0 [b535f0eb-038f-4573-8afd-cb3f2f51d985]
2025-01-29 13:41:50,734 INFO c.h.h.t.HelmChartContainer - [POD] test-hivemq-platform-0 [b535f0eb-038f-4573-8afd-cb3f2f51d985] in helmremovenamespaceit was MODIFIED
2025-01-29 13:41:50,754 INFO c.h.h.t.HelmChartContainer - [hivemq-test-hivemq-platform] [hivemq-platform-operator] [b7fed2a8] 13:41:50.750 [pool-6-thread-32] DEBUG c.h.p.o.d.PlatformServiceResource - [helmremo] Desired Platform services (3 services)
2025-01-29 13:41:50,759 INFO c.h.h.t.HelmChartContainer - [hivemq-test-hivemq-platform] [hivemq-platform-operator] [b7fed2a8] 13:41:50.756 [pool-6-thread-33] DEBUG c.h.p.o.dependants.PodInfoConfigMap - [helmremo] Desired PodInfo ConfigMap (1 extensions) (1 enabled)
2025-01-29 13:41:50,759 INFO c.h.h.t.HelmChartContainer - [hivemq-test-hivemq-platform] [hivemq-platform-operator] [b7fed2a8] 13:41:50.756 [pool-6-thread-33] DEBUG c.h.p.o.dependants.PodInfoConfigMap - [helmremo] Desired PodInfo ConfigMap (metrics port: 9399) (metrics path: /)
2025-01-29 13:41:50,761 INFO c.h.h.t.HelmChartContainer - [hivemq-test-hivemq-platform] [hivemq-platform-operator] [b7fed2a8] 13:41:50.758 [pool-6-thread-33] DEBUG c.h.p.o.dependants.PodInfoConfigMap - [helmremo] Desired PodInfo ConfigMap (extension state hash: -1817474005)
2025-01-29 13:41:50,771 INFO c.h.h.t.HelmChartContainer - [hivemq-test-hivemq-platform] [hivemq-platform-operator] [b7fed2a8] 13:41:50.768 [pool-6-thread-37] DEBUG c.h.p.o.d.PodServiceAccountResource - [helmremo] Desired PodServiceAccountResource (serviceAccountName: hivemq-platform-pod-test-hivemq-platform)
2025-01-29 13:41:50,836 INFO c.h.h.t.HelmChartContainer - [hivemq-test-hivemq-platform] [hivemq-platform-operator] [b7fed2a8] 13:41:50.835 [pool-6-thread-39] DEBUG c.h.p.o.d.StatefulSetResource - [helmremo] Desired StatefulSet (1 replicas) for status STARTING (READY)
2025-01-29 13:41:50,845 INFO c.h.h.t.HelmChartContainer - [hivemq-test-hivemq-platform] [hivemq-platform-operator] [b7fed2a8] 13:41:50.843 [ReconcilerExecutor-hivemq-controller-88] INFO  c.h.p.o.HiveMQPlatformReconciler - [helmremo] Reconciling HiveMQ Platform 'test-hivemq-platform' in namespace 'helmremovenamespaceit'
2025-01-29 13:41:50,845 INFO c.h.h.t.HelmChartContainer - [hivemq-test-hivemq-platform] [hivemq-platform-operator] [b7fed2a8] 13:41:50.844 [ReconcilerExecutor-hivemq-controller-88] DEBUG c.h.p.o.HiveMQPlatformReconciler - [helmremo] Custom Resource Status STARTING - HiveMQ Platform is starting (READY)
2025-01-29 13:41:50,845 INFO c.h.h.t.HelmChartContainer - [hivemq-test-hivemq-platform] [hivemq-platform-operator] [b7fed2a8] 13:41:50.844 [ReconcilerExecutor-hivemq-controller-88] DEBUG c.h.p.o.HiveMQPlatformReconciler - [helmremo] Custom Resource Spec (replicas: 1) (extensions: 1)
2025-01-29 13:41:50,850 INFO c.h.h.t.HelmChartContainer - [hivemq-test-hivemq-platform] [hivemq-platform-operator] [b7fed2a8] 13:41:50.848 [ReconcilerExecutor-hivemq-controller-88] DEBUG c.h.p.o.HiveMQPlatformReconciler - [helmremo] StatefulSet Status (revision: test-hivemq-platform-bd687ff79, replicas: 1, available: 0, ready: 0, current: 1, updated: 1)
2025-01-29 13:41:50,852 INFO c.h.h.t.HelmChartContainer - [hivemq-test-hivemq-platform] [hivemq-platform-operator] [b7fed2a8] 13:41:50.848 [ReconcilerExecutor-hivemq-controller-88] DEBUG c.h.p.o.HiveMQPlatformReconciler - [helmremo] StatefulSet Spec (replicas: 1, init containers: 1, containers: 1, volumes: 3)
2025-01-29 13:41:50,931 INFO c.h.h.t.HelmChartContainer - [hivemq-test-hivemq-platform] [hivemq-platform-operator] [b7fed2a8] 13:41:50.928 [ReconcilerExecutor-hivemq-controller-88] DEBUG c.h.p.o.h.HiveMQPlatformReconcilerErrorHandler - [helmremo] Pod 'test-hivemq-platform-0' phase Pending
2025-01-29 13:41:50,932 INFO c.h.h.t.HelmChartContainer - [hivemq-test-hivemq-platform] [hivemq-platform-operator] [b7fed2a8] 13:41:50.929 [ReconcilerExecutor-hivemq-controller-88] DEBUG c.h.p.o.h.HiveMQPlatformReconcilerErrorHandler - [helmremo] Pod 'test-hivemq-platform-0' condition 'PodReadyToStartContainers': True
2025-01-29 13:41:50,932 INFO c.h.h.t.HelmChartContainer - [hivemq-test-hivemq-platform] [hivemq-platform-operator] [b7fed2a8] 13:41:50.929 [ReconcilerExecutor-hivemq-controller-88] DEBUG c.h.p.o.h.HiveMQPlatformReconcilerErrorHandler - [helmremo] Pod 'test-hivemq-platform-0' condition 'Initialized': True
2025-01-29 13:41:50,932 INFO c.h.h.t.HelmChartContainer - [hivemq-test-hivemq-platform] [hivemq-platform-operator] [b7fed2a8] 13:41:50.929 [ReconcilerExecutor-hivemq-controller-88] DEBUG c.h.p.o.h.HiveMQPlatformReconcilerErrorHandler - [helmremo] Pod 'test-hivemq-platform-0' condition 'Ready': False
2025-01-29 13:41:50,932 INFO c.h.h.t.HelmChartContainer - [hivemq-test-hivemq-platform] [hivemq-platform-operator] [b7fed2a8] 13:41:50.929 [ReconcilerExecutor-hivemq-controller-88] DEBUG c.h.p.o.h.HiveMQPlatformReconcilerErrorHandler - [helmremo] Pod 'test-hivemq-platform-0' condition 'ContainersReady': False
2025-01-29 13:41:50,933 INFO c.h.h.t.HelmChartContainer - [hivemq-test-hivemq-platform] [hivemq-platform-operator] [b7fed2a8] 13:41:50.929 [ReconcilerExecutor-hivemq-controller-88] DEBUG c.h.p.o.h.HiveMQPlatformReconcilerErrorHandler - [helmremo] Pod 'test-hivemq-platform-0' condition 'PodScheduled': True
2025-01-29 13:41:50,933 INFO c.h.h.t.HelmChartContainer - [hivemq-test-hivemq-platform] [hivemq-platform-operator] [b7fed2a8] 13:41:50.929 [ReconcilerExecutor-hivemq-controller-88] DEBUG c.h.p.o.h.HiveMQPlatformReconcilerErrorHandler - [helmremo] Pod 'test-hivemq-platform-0' containerStatus 'hivemq' (started: false) (ready: false) (waiting: [PodInitializing] null)
2025-01-29 13:41:50,933 INFO c.h.h.t.HelmChartContainer - [hivemq-test-hivemq-platform] [hivemq-platform-operator] [b7fed2a8] 13:41:50.930 [ReconcilerExecutor-hivemq-controller-88] INFO  c.h.p.o.h.HiveMQPlatformReconcilerBaseHandler - [helmremo] HiveMQ Platform is starting, 0 of 1 replicas are ready
2025-01-29 13:41:51,966 INFO c.h.h.t.HelmChartContainer - [EVENT] Normal [Created] Created container: hivemq [helmremovenamespaceit:test-hivemq-platform-0]
2025-01-29 13:41:51,966 INFO c.h.h.t.HelmChartContainer - Received Created event for container hivemq in pod test-hivemq-platform-0 [b535f0eb-038f-4573-8afd-cb3f2f51d985]
2025-01-29 13:41:52,739 INFO c.h.h.t.HelmChartContainer - [POD] test-hivemq-platform-0 [b535f0eb-038f-4573-8afd-cb3f2f51d985] in helmremovenamespaceit was MODIFIED
2025-01-29 13:41:52,750 INFO c.h.h.t.HelmChartContainer - [EVENT] Normal [Started] Started container hivemq [helmremovenamespaceit:test-hivemq-platform-0]
2025-01-29 13:41:52,750 INFO c.h.h.t.HelmChartContainer - Received Started event for container hivemq in pod test-hivemq-platform-0 [b535f0eb-038f-4573-8afd-cb3f2f51d985]
2025-01-29 13:41:52,751 INFO c.h.h.t.HelmChartContainer - Started log watcher for hivemq in pod test-hivemq-platform-0 [b535f0eb-038f-4573-8afd-cb3f2f51d985]
2025-01-29 13:41:52,751 INFO c.h.h.t.HelmChartContainer - [test-hivemq-platform] [hivemq] [b535f0eb] Adding pre-installed HiveMQ Platform Operator extensions
2025-01-29 13:41:52,751 INFO c.h.h.t.HelmChartContainer - [test-hivemq-platform] [hivemq] [b535f0eb] Running as user 10000
2025-01-29 13:41:52,751 INFO c.h.h.t.HelmChartContainer - [test-hivemq-platform] [hivemq] [b535f0eb] Starting HiveMQ Platform Operator Init
2025-01-29 13:41:52,761 INFO c.h.h.t.HelmChartContainer - [hivemq-test-hivemq-platform] [hivemq-platform-operator] [b7fed2a8] 13:41:52.758 [pool-6-thread-42] DEBUG c.h.p.o.d.PlatformServiceResource - [helmremo] Desired Platform services (3 services)
2025-01-29 13:41:52,764 INFO c.h.h.t.HelmChartContainer - [hivemq-test-hivemq-platform] [hivemq-platform-operator] [b7fed2a8] 13:41:52.760 [pool-6-thread-43] DEBUG c.h.p.o.dependants.PodInfoConfigMap - [helmremo] Desired PodInfo ConfigMap (1 extensions) (1 enabled)
2025-01-29 13:41:52,764 INFO c.h.h.t.HelmChartContainer - [hivemq-test-hivemq-platform] [hivemq-platform-operator] [b7fed2a8] 13:41:52.760 [pool-6-thread-43] DEBUG c.h.p.o.dependants.PodInfoConfigMap - [helmremo] Desired PodInfo ConfigMap (metrics port: 9399) (metrics path: /)
2025-01-29 13:41:52,764 INFO c.h.h.t.HelmChartContainer - [hivemq-test-hivemq-platform] [hivemq-platform-operator] [b7fed2a8] 13:41:52.760 [pool-6-thread-43] DEBUG c.h.p.o.dependants.PodInfoConfigMap - [helmremo] Desired PodInfo ConfigMap (extension state hash: -1817474005)
2025-01-29 13:41:52,769 INFO c.h.h.t.HelmChartContainer - [hivemq-test-hivemq-platform] [hivemq-platform-operator] [b7fed2a8] 13:41:52.768 [pool-6-thread-47] DEBUG c.h.p.o.d.PodServiceAccountResource - [helmremo] Desired PodServiceAccountResource (serviceAccountName: hivemq-platform-pod-test-hivemq-platform)
2025-01-29 13:41:52,777 INFO c.h.h.t.HelmChartContainer - [hivemq-test-hivemq-platform] [hivemq-platform-operator] [b7fed2a8] 13:41:52.776 [pool-6-thread-49] DEBUG c.h.p.o.d.StatefulSetResource - [helmremo] Desired StatefulSet (1 replicas) for status STARTING (READY)
2025-01-29 13:41:52,841 INFO c.h.h.t.HelmChartContainer - [hivemq-test-hivemq-platform] [hivemq-platform-operator] [b7fed2a8] 13:41:52.838 [ReconcilerExecutor-hivemq-controller-99] INFO  c.h.p.o.HiveMQPlatformReconciler - [helmremo] Reconciling HiveMQ Platform 'test-hivemq-platform' in namespace 'helmremovenamespaceit'
2025-01-29 13:41:52,841 INFO c.h.h.t.HelmChartContainer - [hivemq-test-hivemq-platform] [hivemq-platform-operator] [b7fed2a8] 13:41:52.838 [ReconcilerExecutor-hivemq-controller-99] DEBUG c.h.p.o.HiveMQPlatformReconciler - [helmremo] Custom Resource Status STARTING - HiveMQ Platform is starting (READY)
2025-01-29 13:41:52,841 INFO c.h.h.t.HelmChartContainer - [hivemq-test-hivemq-platform] [hivemq-platform-operator] [b7fed2a8] 13:41:52.838 [ReconcilerExecutor-hivemq-controller-99] DEBUG c.h.p.o.HiveMQPlatformReconciler - [helmremo] Custom Resource Spec (replicas: 1) (extensions: 1)
2025-01-29 13:41:52,842 INFO c.h.h.t.HelmChartContainer - [hivemq-test-hivemq-platform] [hivemq-platform-operator] [b7fed2a8] 13:41:52.841 [ReconcilerExecutor-hivemq-controller-99] DEBUG c.h.p.o.HiveMQPlatformReconciler - [helmremo] StatefulSet Status (revision: test-hivemq-platform-bd687ff79, replicas: 1, available: 0, ready: 0, current: 1, updated: 1)
2025-01-29 13:41:52,843 INFO c.h.h.t.HelmChartContainer - [hivemq-test-hivemq-platform] [hivemq-platform-operator] [b7fed2a8] 13:41:52.841 [ReconcilerExecutor-hivemq-controller-99] DEBUG c.h.p.o.HiveMQPlatformReconciler - [helmremo] StatefulSet Spec (replicas: 1, init containers: 1, containers: 1, volumes: 3)
2025-01-29 13:41:52,845 INFO c.h.h.t.HelmChartContainer - [hivemq-test-hivemq-platform] [hivemq-platform-operator] [b7fed2a8] 13:41:52.843 [ReconcilerExecutor-hivemq-controller-99] DEBUG c.h.p.o.h.HiveMQPlatformReconcilerErrorHandler - [helmremo] Pod 'test-hivemq-platform-0' phase Running
2025-01-29 13:41:52,845 INFO c.h.h.t.HelmChartContainer - [hivemq-test-hivemq-platform] [hivemq-platform-operator] [b7fed2a8] 13:41:52.844 [ReconcilerExecutor-hivemq-controller-99] INFO  c.h.p.o.h.HiveMQPlatformReconcilerBaseHandler - [helmremo] HiveMQ Platform is starting, 0 of 1 replicas are ready
2025-01-29 13:41:53,196 INFO c.h.h.t.HelmChartContainer - [test-hivemq-platform] [hivemq] [b535f0eb] INFO  - [HiveMQ Platform Operator Init 1.7.0-SNAPSHOT] HiveMQ Platform Operator Init 1.7.0-SNAPSHOT (commit: bebf408 on branch: HEAD) built on Sun Jan 26 20:47:47 UTC 2025
2025-01-29 13:41:54,332 INFO c.h.h.t.HelmChartContainer - [test-hivemq-platform] [hivemq] [b535f0eb] INFO  - [HiveMQ Platform Operator Init App 1.7.0-SNAPSHOT] Using bind address 10.42.0.10 from environment variable
2025-01-29 13:41:55,204 INFO c.h.h.t.HelmChartContainer - [test-hivemq-platform] [hivemq] [b535f0eb] INFO  - [HiveMQ Platform Operator Init App 1.7.0-SNAPSHOT] HiveMQ Platform Operator Init App 1.7.0-SNAPSHOT (commit: bebf408 on branch: HEAD) built on Sun Jan 26 20:47:47 UTC 2025
2025-01-29 13:41:55,204 INFO c.h.h.t.HelmChartContainer - [test-hivemq-platform] [hivemq] [b535f0eb] INFO  - [HiveMQ Platform Operator Init App 1.7.0-SNAPSHOT] PodInfo ConfigMap directory: /etc/podinfo
2025-01-29 13:41:55,204 INFO c.h.h.t.HelmChartContainer - [test-hivemq-platform] [hivemq] [b535f0eb] INFO  - [HiveMQ Platform Operator Init App 1.7.0-SNAPSHOT] HiveMQ home directory: /opt/hivemq
2025-01-29 13:41:55,204 INFO c.h.h.t.HelmChartContainer - [test-hivemq-platform] [hivemq] [b535f0eb] INFO  - [HiveMQ Platform Operator Init App 1.7.0-SNAPSHOT] HiveMQ Logback folder: /opt/hivemq/conf
2025-01-29 13:41:55,204 INFO c.h.h.t.HelmChartContainer - [test-hivemq-platform] [hivemq] [b535f0eb] INFO  - [HiveMQ Platform Operator Init App 1.7.0-SNAPSHOT] HiveMQ Config folder: /opt/hivemq/conf-k8s
2025-01-29 13:41:55,204 INFO c.h.h.t.HelmChartContainer - [test-hivemq-platform] [hivemq] [b535f0eb] INFO  - [HiveMQ Platform Operator Init App 1.7.0-SNAPSHOT] Starting HiveMQ Platform Operator Init App
2025-01-29 13:41:55,204 INFO c.h.h.t.HelmChartContainer - [test-hivemq-platform] [hivemq] [b535f0eb] INFO  - [HiveMQ Platform Operator Init App 1.7.0-SNAPSHOT] Starting Pod reconciler
2025-01-29 13:41:56,446 INFO c.h.h.t.HelmChartContainer - [test-hivemq-platform] [hivemq] [b535f0eb] INFO  - [HiveMQ Platform Operator Init App 1.7.0-SNAPSHOT] Pod reconciler is scheduled (interval: 5000 ms)
2025-01-29 13:41:56,486 INFO c.h.h.t.HelmChartContainer - [test-hivemq-platform] [hivemq] [b535f0eb] INFO  - [HiveMQ Platform Operator Init App 1.7.0-SNAPSHOT] Starting the REST API on 10.42.0.10:7979
2025-01-29 13:41:56,489 INFO c.h.h.t.HelmChartContainer - [test-hivemq-platform] [hivemq] [b535f0eb] INFO  - [HiveMQ Platform Operator Init App 1.7.0-SNAPSHOT] Waiting up to 600s for at most 1 HiveMQ nodes in cluster service hivemq-test-hivemq-platform-cluster.helmremovenamespaceit.svc
2025-01-29 13:41:56,842 INFO c.h.h.t.HelmChartContainer - [test-hivemq-platform] [hivemq] [b535f0eb] INFO  - [HiveMQ Platform Operator Init App 1.7.0-SNAPSHOT] Resolved 1 IP addresses: [10.42.0.10]
2025-01-29 13:41:56,842 INFO c.h.h.t.HelmChartContainer - [test-hivemq-platform] [hivemq] [b535f0eb] INFO  - [HiveMQ Platform Operator Init App 1.7.0-SNAPSHOT] HiveMQ node count of 1 is within threshold of 1
2025-01-29 13:41:56,842 INFO c.h.h.t.HelmChartContainer - [test-hivemq-platform] [hivemq] [b535f0eb] INFO  - [HiveMQ Platform Operator Init App 1.7.0-SNAPSHOT] Proceeding with container start
2025-01-29 13:41:56,942 INFO c.h.h.t.HelmChartContainer - [test-hivemq-platform] [hivemq] [b535f0eb] INFO  - [HiveMQ Platform Operator Init App 1.7.0-SNAPSHOT] Initializing HiveMQ Platform extensions with initial configuration: {hivemq-allow-all-extension={start-priority=-1, skip-https-hostname-verification=false, restart=true, config-version=0, header-version=0, c-uri=, priority=-1, uri=preinstalled, skip-https-certificate-validation=false, enabled=true}, hivemq-prometheus-extension={enabled=true, request-header-path=no-request-headers, uri=preinstalled, skip-https-certificate-validation=false, skip-https-hostname-verification=false, c-uri=, start-priority=-1, priority=-1, restart=true}}
2025-01-29 13:41:57,339 INFO c.h.h.t.HelmChartContainer - [test-hivemq-platform] [hivemq] [b535f0eb] INFO  - [HiveMQ Platform Operator Init App 1.7.0-SNAPSHOT] Extension hivemq-allow-all-extension was already enabled
2025-01-29 13:41:57,430 INFO c.h.h.t.HelmChartContainer - [test-hivemq-platform] [hivemq] [b535f0eb] INFO  - [HiveMQ Platform Operator Init App 1.7.0-SNAPSHOT] Successfully enabled extension hivemq-prometheus-extension
2025-01-29 13:41:57,432 INFO c.h.h.t.HelmChartContainer - [test-hivemq-platform] [hivemq] [b535f0eb] INFO  - [HiveMQ Platform Operator Init App 1.7.0-SNAPSHOT] Starting HiveMQ Platform version 4.36.0 (4.36.0)
2025-01-29 13:41:57,433 INFO c.h.h.t.HelmChartContainer - [test-hivemq-platform] [hivemq] [b535f0eb] INFO  - [HiveMQ Platform Operator Init App 1.7.0-SNAPSHOT] Configuring the HiveMQ Platform
2025-01-29 13:41:57,489 INFO c.h.h.t.HelmChartContainer - [test-hivemq-platform] [hivemq] [b535f0eb] INFO  - [HiveMQ Platform Operator Init App 1.7.0-SNAPSHOT] Changed logback.xml file scan period to 20 seconds
2025-01-29 13:41:57,533 INFO c.h.h.t.HelmChartContainer - [test-hivemq-platform] [hivemq] [b535f0eb] INFO  - [HiveMQ Platform Operator Init App 1.7.0-SNAPSHOT] Starting the HiveMQ Platform
2025-01-29 13:41:57,586 INFO c.h.h.t.HelmChartContainer - [test-hivemq-platform] [hivemq] [b535f0eb] -------------------------------------------------------------------------
2025-01-29 13:41:57,586 INFO c.h.h.t.HelmChartContainer - [test-hivemq-platform] [hivemq] [b535f0eb] 
2025-01-29 13:41:57,586 INFO c.h.h.t.HelmChartContainer - [test-hivemq-platform] [hivemq] [b535f0eb]                   _    _  _              __  __   ____
2025-01-29 13:41:57,586 INFO c.h.h.t.HelmChartContainer - [test-hivemq-platform] [hivemq] [b535f0eb]                  | |  | |(_)            |  \/  | / __ \
2025-01-29 13:41:57,586 INFO c.h.h.t.HelmChartContainer - [test-hivemq-platform] [hivemq] [b535f0eb]                  | |__| | _ __   __ ___ | \  / || |  | |
2025-01-29 13:41:57,587 INFO c.h.h.t.HelmChartContainer - [test-hivemq-platform] [hivemq] [b535f0eb]                  |  __  || |\ \ / // _ \| |\/| || |  | |
2025-01-29 13:41:57,587 INFO c.h.h.t.HelmChartContainer - [test-hivemq-platform] [hivemq] [b535f0eb]                  | |  | || | \ V /|  __/| |  | || |__| |
2025-01-29 13:41:57,587 INFO c.h.h.t.HelmChartContainer - [test-hivemq-platform] [hivemq] [b535f0eb]                  |_|  |_||_|  \_/  \___||_|  |_| \___\_\
2025-01-29 13:41:57,587 INFO c.h.h.t.HelmChartContainer - [test-hivemq-platform] [hivemq] [b535f0eb] 
2025-01-29 13:41:57,587 INFO c.h.h.t.HelmChartContainer - [test-hivemq-platform] [hivemq] [b535f0eb] -------------------------------------------------------------------------
2025-01-29 13:41:57,587 INFO c.h.h.t.HelmChartContainer - [test-hivemq-platform] [hivemq] [b535f0eb] 
2025-01-29 13:41:57,587 INFO c.h.h.t.HelmChartContainer - [test-hivemq-platform] [hivemq] [b535f0eb]   HiveMQ Start Script for Linux/Unix v1.14
2025-01-29 13:41:57,587 INFO c.h.h.t.HelmChartContainer - [test-hivemq-platform] [hivemq] [b535f0eb] 
2025-01-29 13:41:57,636 INFO c.h.h.t.HelmChartContainer - [test-hivemq-platform] [hivemq] [b535f0eb] -------------------------------------------------------------------------
2025-01-29 13:41:57,636 INFO c.h.h.t.HelmChartContainer - [test-hivemq-platform] [hivemq] [b535f0eb] 
2025-01-29 13:41:57,636 INFO c.h.h.t.HelmChartContainer - [test-hivemq-platform] [hivemq] [b535f0eb]   HIVEMQ_HOME: /opt/hivemq
2025-01-29 13:41:57,637 INFO c.h.h.t.HelmChartContainer - [test-hivemq-platform] [hivemq] [b535f0eb] 
2025-01-29 13:41:57,637 INFO c.h.h.t.HelmChartContainer - [test-hivemq-platform] [hivemq] [b535f0eb]   JAVA_OPTS: -XX:+UnlockExperimentalVMOptions -XX:InitialRAMPercentage=50 -XX:MaxRAMPercentage=50 -Djava.net.preferIPv4Stack=true --add-opens java.base/java.lang=ALL-UNNAMED --add-opens java.base/java.nio=ALL-UNNAMED --add-opens java.base/sun.nio.ch=ALL-UNNAMED --add-opens jdk.management/com.sun.management.internal=ALL-UNNAMED --add-exports java.base/jdk.internal.misc=ALL-UNNAMED -Djava.security.egd=file:/dev/./urandom -Dcom.sun.management.jmxremote -Dcom.sun.management.jmxremote.port=9010 -Dcom.sun.management.jmxremote.local.only=false -Dcom.sun.management.jmxremote.authenticate=false -Dcom.sun.management.jmxremote.ssl=false -Duser.language=en -Duser.region=US -XX:+CrashOnOutOfMemoryError -XX:+HeapDumpOnOutOfMemoryError
2025-01-29 13:41:57,637 INFO c.h.h.t.HelmChartContainer - [test-hivemq-platform] [hivemq] [b535f0eb] 
2025-01-29 13:41:57,637 INFO c.h.h.t.HelmChartContainer - [test-hivemq-platform] [hivemq] [b535f0eb]   JAVA_VERSION: 21
2025-01-29 13:41:57,637 INFO c.h.h.t.HelmChartContainer - [test-hivemq-platform] [hivemq] [b535f0eb] 
2025-01-29 13:41:57,637 INFO c.h.h.t.HelmChartContainer - [test-hivemq-platform] [hivemq] [b535f0eb] -------------------------------------------------------------------------
2025-01-29 13:41:57,637 INFO c.h.h.t.HelmChartContainer - [test-hivemq-platform] [hivemq] [b535f0eb] 
2025-01-29 13:41:58,788 INFO c.h.h.t.HelmChartContainer - [test-hivemq-platform] [hivemq] [b535f0eb] INFO  - [HiveMQ Platform Operator Init App 1.7.0-SNAPSHOT] Returning default Health API response 503 for readiness
2025-01-29 13:41:59,096 INFO c.h.h.t.HelmChartContainer - [EVENT] Warning [Unhealthy] Readiness probe failed: HTTP probe failed with statuscode: 503 [helmremovenamespaceit:test-hivemq-platform-0]
2025-01-29 13:41:59,096 INFO c.h.h.t.HelmChartContainer - Received Unhealthy event for container hivemq in pod test-hivemq-platform-0 [b535f0eb-038f-4573-8afd-cb3f2f51d985]
2025-01-29 13:42:00,230 INFO c.h.h.t.HelmChartContainer - [test-hivemq-platform] [hivemq] [b535f0eb] INFO  - Starting HiveMQ Enterprise Server
2025-01-29 13:42:00,287 INFO c.h.h.t.HelmChartContainer - [test-hivemq-platform] [hivemq] [b535f0eb] INFO  - HiveMQ version: 4.36.0
2025-01-29 13:42:00,287 INFO c.h.h.t.HelmChartContainer - [test-hivemq-platform] [hivemq] [b535f0eb] INFO  - HiveMQ home directory: /opt/hivemq
2025-01-29 13:42:00,287 INFO c.h.h.t.HelmChartContainer - [test-hivemq-platform] [hivemq] [b535f0eb] INFO  - Log Configuration was overridden by /opt/hivemq/conf/logback.xml
2025-01-29 13:42:01,337 INFO c.h.h.t.HelmChartContainer - [test-hivemq-platform] [hivemq] [b535f0eb] INFO  - Successfully loaded configuration from '/opt/hivemq/conf-k8s/config.xml'.
2025-01-29 13:42:01,988 INFO c.h.h.t.HelmChartContainer - [test-hivemq-platform] [hivemq] [b535f0eb] INFO  - This node's ID is IhgOD
2025-01-29 13:42:01,989 INFO c.h.h.t.HelmChartContainer - [test-hivemq-platform] [hivemq] [b535f0eb] INFO  - Clustering is enabled
2025-01-29 13:42:02,851 INFO c.h.h.t.HelmChartContainer - [hivemq-test-hivemq-platform] [hivemq-platform-operator] [b7fed2a8] 13:42:02.849 [pool-6-thread-3] DEBUG c.h.p.o.d.PlatformServiceResource - [helmremo] Desired Platform services (3 services)
2025-01-29 13:42:02,853 INFO c.h.h.t.HelmChartContainer - [hivemq-test-hivemq-platform] [hivemq-platform-operator] [b7fed2a8] 13:42:02.851 [pool-6-thread-5] DEBUG c.h.p.o.dependants.PodInfoConfigMap - [helmremo] Desired PodInfo ConfigMap (1 extensions) (1 enabled)
2025-01-29 13:42:02,853 INFO c.h.h.t.HelmChartContainer - [hivemq-test-hivemq-platform] [hivemq-platform-operator] [b7fed2a8] 13:42:02.852 [pool-6-thread-5] DEBUG c.h.p.o.dependants.PodInfoConfigMap - [helmremo] Desired PodInfo ConfigMap (metrics port: 9399) (metrics path: /)
2025-01-29 13:42:02,853 INFO c.h.h.t.HelmChartContainer - [hivemq-test-hivemq-platform] [hivemq-platform-operator] [b7fed2a8] 13:42:02.852 [pool-6-thread-5] DEBUG c.h.p.o.dependants.PodInfoConfigMap - [helmremo] Desired PodInfo ConfigMap (extension state hash: -1817474005)
2025-01-29 13:42:02,856 INFO c.h.h.t.HelmChartContainer - [hivemq-test-hivemq-platform] [hivemq-platform-operator] [b7fed2a8] 13:42:02.855 [pool-6-thread-1] DEBUG c.h.p.o.d.PodServiceAccountResource - [helmremo] Desired PodServiceAccountResource (serviceAccountName: hivemq-platform-pod-test-hivemq-platform)
2025-01-29 13:42:02,859 INFO c.h.h.t.HelmChartContainer - [hivemq-test-hivemq-platform] [hivemq-platform-operator] [b7fed2a8] 13:42:02.859 [pool-6-thread-3] DEBUG c.h.p.o.d.StatefulSetResource - [helmremo] Desired StatefulSet (1 replicas) for status STARTING (READY)
2025-01-29 13:42:02,863 INFO c.h.h.t.HelmChartContainer - [hivemq-test-hivemq-platform] [hivemq-platform-operator] [b7fed2a8] 13:42:02.862 [ReconcilerExecutor-hivemq-controller-110] INFO  c.h.p.o.HiveMQPlatformReconciler - [helmremo] Reconciling HiveMQ Platform 'test-hivemq-platform' in namespace 'helmremovenamespaceit'
2025-01-29 13:42:02,864 INFO c.h.h.t.HelmChartContainer - [hivemq-test-hivemq-platform] [hivemq-platform-operator] [b7fed2a8] 13:42:02.862 [ReconcilerExecutor-hivemq-controller-110] DEBUG c.h.p.o.HiveMQPlatformReconciler - [helmremo] Custom Resource Status STARTING - HiveMQ Platform is starting (READY)
2025-01-29 13:42:02,864 INFO c.h.h.t.HelmChartContainer - [hivemq-test-hivemq-platform] [hivemq-platform-operator] [b7fed2a8] 13:42:02.863 [ReconcilerExecutor-hivemq-controller-110] DEBUG c.h.p.o.HiveMQPlatformReconciler - [helmremo] Custom Resource Spec (replicas: 1) (extensions: 1)
2025-01-29 13:42:02,930 INFO c.h.h.t.HelmChartContainer - [hivemq-test-hivemq-platform] [hivemq-platform-operator] [b7fed2a8] 13:42:02.927 [ReconcilerExecutor-hivemq-controller-110] DEBUG c.h.p.o.HiveMQPlatformReconciler - [helmremo] StatefulSet Status (revision: test-hivemq-platform-bd687ff79, replicas: 1, available: 0, ready: 0, current: 1, updated: 1)
2025-01-29 13:42:02,930 INFO c.h.h.t.HelmChartContainer - [hivemq-test-hivemq-platform] [hivemq-platform-operator] [b7fed2a8] 13:42:02.927 [ReconcilerExecutor-hivemq-controller-110] DEBUG c.h.p.o.HiveMQPlatformReconciler - [helmremo] StatefulSet Spec (replicas: 1, init containers: 1, containers: 1, volumes: 3)
2025-01-29 13:42:02,934 INFO c.h.h.t.HelmChartContainer - [hivemq-test-hivemq-platform] [hivemq-platform-operator] [b7fed2a8] 13:42:02.932 [ReconcilerExecutor-hivemq-controller-110] DEBUG c.h.p.o.h.HiveMQPlatformReconcilerErrorHandler - [helmremo] Pod 'test-hivemq-platform-0' phase Running
2025-01-29 13:42:02,935 INFO c.h.h.t.HelmChartContainer - [hivemq-test-hivemq-platform] [hivemq-platform-operator] [b7fed2a8] 13:42:02.933 [ReconcilerExecutor-hivemq-controller-110] INFO  c.h.p.o.h.HiveMQPlatformReconcilerBaseHandler - [helmremo] HiveMQ Platform is starting, 0 of 1 replicas are ready
2025-01-29 13:42:04,233 INFO c.h.h.t.HelmChartContainer - [test-hivemq-platform] [hivemq] [b535f0eb] WARN  - [HiveMQ Platform Operator Init App 1.7.0-SNAPSHOT] Cannot connect to Health API for readiness: null
2025-01-29 13:42:04,238 INFO c.h.h.t.HelmChartContainer - [EVENT] Warning [Unhealthy] Readiness probe failed: HTTP probe failed with statuscode: 503 [helmremovenamespaceit:test-hivemq-platform-0]
2025-01-29 13:42:04,238 INFO c.h.h.t.HelmChartContainer - Received Unhealthy event for container hivemq in pod test-hivemq-platform-0 [b535f0eb-038f-4573-8afd-cb3f2f51d985]
2025-01-29 13:42:06,695 INFO c.h.h.t.HelmChartContainer - [test-hivemq-platform] [hivemq] [b535f0eb] Jan 29, 2025 1:42:06 PM io.vertx.core.impl.BlockedThreadChecker
2025-01-29 13:42:06,696 INFO c.h.h.t.HelmChartContainer - [test-hivemq-platform] [hivemq] [b535f0eb] WARNING: Thread Thread[vert.x-eventloop-thread-1,5,main] has been blocked for 2297 ms, time limit is 2000 ms
2025-01-29 13:42:07,388 INFO c.h.h.t.HelmChartContainer - [test-hivemq-platform] [hivemq] [b535f0eb] INFO  - [HiveMQ Platform Operator Init App 1.7.0-SNAPSHOT] Updating Pod HiveMQ Platform Operator Init App version annotation (version: 1.7.0-SNAPSHOT)
2025-01-29 13:42:07,802 INFO c.h.h.t.HelmChartContainer - [POD] test-hivemq-platform-0 [b535f0eb-038f-4573-8afd-cb3f2f51d985] in helmremovenamespaceit was MODIFIED
2025-01-29 13:42:07,811 INFO c.h.h.t.HelmChartContainer - [hivemq-test-hivemq-platform] [hivemq-platform-operator] [b7fed2a8] 13:42:07.809 [pool-6-thread-17] DEBUG c.h.p.o.dependants.PodInfoConfigMap - [helmremo] Desired PodInfo ConfigMap (1 extensions) (1 enabled)
2025-01-29 13:42:07,812 INFO c.h.h.t.HelmChartContainer - [hivemq-test-hivemq-platform] [hivemq-platform-operator] [b7fed2a8] 13:42:07.809 [pool-6-thread-17] DEBUG c.h.p.o.dependants.PodInfoConfigMap - [helmremo] Desired PodInfo ConfigMap (metrics port: 9399) (metrics path: /)
2025-01-29 13:42:07,812 INFO c.h.h.t.HelmChartContainer - [hivemq-test-hivemq-platform] [hivemq-platform-operator] [b7fed2a8] 13:42:07.810 [pool-6-thread-17] DEBUG c.h.p.o.dependants.PodInfoConfigMap - [helmremo] Desired PodInfo ConfigMap (extension state hash: -1817474005)
2025-01-29 13:42:07,813 INFO c.h.h.t.HelmChartContainer - [hivemq-test-hivemq-platform] [hivemq-platform-operator] [b7fed2a8] 13:42:07.808 [pool-6-thread-19] DEBUG c.h.p.o.d.PlatformServiceResource - [helmremo] Desired Platform services (3 services)
2025-01-29 13:42:07,814 INFO c.h.h.t.HelmChartContainer - [hivemq-test-hivemq-platform] [hivemq-platform-operator] [b7fed2a8] 13:42:07.814 [pool-6-thread-14] DEBUG c.h.p.o.d.PodServiceAccountResource - [helmremo] Desired PodServiceAccountResource (serviceAccountName: hivemq-platform-pod-test-hivemq-platform)
2025-01-29 13:42:07,821 INFO c.h.h.t.HelmChartContainer - [hivemq-test-hivemq-platform] [hivemq-platform-operator] [b7fed2a8] 13:42:07.819 [pool-6-thread-19] DEBUG c.h.p.o.d.StatefulSetResource - [helmremo] Desired StatefulSet (1 replicas) for status STARTING (READY)
2025-01-29 13:42:07,823 INFO c.h.h.t.HelmChartContainer - [hivemq-test-hivemq-platform] [hivemq-platform-operator] [b7fed2a8] 13:42:07.822 [ReconcilerExecutor-hivemq-controller-111] INFO  c.h.p.o.HiveMQPlatformReconciler - [helmremo] Reconciling HiveMQ Platform 'test-hivemq-platform' in namespace 'helmremovenamespaceit'
2025-01-29 13:42:07,824 INFO c.h.h.t.HelmChartContainer - [hivemq-test-hivemq-platform] [hivemq-platform-operator] [b7fed2a8] 13:42:07.823 [ReconcilerExecutor-hivemq-controller-111] DEBUG c.h.p.o.HiveMQPlatformReconciler - [helmremo] Custom Resource Status STARTING - HiveMQ Platform is starting (READY)
2025-01-29 13:42:07,824 INFO c.h.h.t.HelmChartContainer - [hivemq-test-hivemq-platform] [hivemq-platform-operator] [b7fed2a8] 13:42:07.823 [ReconcilerExecutor-hivemq-controller-111] DEBUG c.h.p.o.HiveMQPlatformReconciler - [helmremo] Custom Resource Spec (replicas: 1) (extensions: 1)
2025-01-29 13:42:07,825 INFO c.h.h.t.HelmChartContainer - [hivemq-test-hivemq-platform] [hivemq-platform-operator] [b7fed2a8] 13:42:07.824 [ReconcilerExecutor-hivemq-controller-111] DEBUG c.h.p.o.HiveMQPlatformReconciler - [helmremo] StatefulSet Status (revision: test-hivemq-platform-bd687ff79, replicas: 1, available: 0, ready: 0, current: 1, updated: 1)
2025-01-29 13:42:07,825 INFO c.h.h.t.HelmChartContainer - [hivemq-test-hivemq-platform] [hivemq-platform-operator] [b7fed2a8] 13:42:07.824 [ReconcilerExecutor-hivemq-controller-111] DEBUG c.h.p.o.HiveMQPlatformReconciler - [helmremo] StatefulSet Spec (replicas: 1, init containers: 1, containers: 1, volumes: 3)
2025-01-29 13:42:07,827 INFO c.h.h.t.HelmChartContainer - [hivemq-test-hivemq-platform] [hivemq-platform-operator] [b7fed2a8] 13:42:07.826 [ReconcilerExecutor-hivemq-controller-111] DEBUG c.h.p.o.h.HiveMQPlatformReconcilerErrorHandler - [helmremo] Pod 'test-hivemq-platform-0' phase Running
2025-01-29 13:42:07,874 INFO c.h.h.t.HelmChartContainer - [hivemq-test-hivemq-platform] [hivemq-platform-operator] [b7fed2a8] 13:42:07.873 [ReconcilerExecutor-hivemq-controller-111] INFO  c.h.p.o.h.HiveMQPlatformReconcilerBaseHandler - [helmremo] HiveMQ Platform is starting, 0 of 1 replicas are ready
2025-01-29 13:42:07,888 INFO c.h.h.t.HelmChartContainer - [test-hivemq-platform] [hivemq] [b535f0eb] WARN  - [HiveMQ Platform Operator Init App 1.7.0-SNAPSHOT] Cannot connect to Health API for readiness: null
2025-01-29 13:42:07,890 INFO c.h.h.t.HelmChartContainer - [test-hivemq-platform] [hivemq] [b535f0eb] INFO  - [HiveMQ Platform Operator Init App 1.7.0-SNAPSHOT] Successfully updated Pod HiveMQ Platform Operator Init App version annotation (version: 1.7.0-SNAPSHOT)
2025-01-29 13:42:07,895 INFO c.h.h.t.HelmChartContainer - [EVENT] Warning [Unhealthy] Readiness probe failed: HTTP probe failed with statuscode: 503 [helmremovenamespaceit:test-hivemq-platform-0]
2025-01-29 13:42:07,895 INFO c.h.h.t.HelmChartContainer - Received Unhealthy event for container hivemq in pod test-hivemq-platform-0 [b535f0eb-038f-4573-8afd-cb3f2f51d985]
2025-01-29 13:42:12,834 INFO c.h.h.t.HelmChartContainer - [test-hivemq-platform] [hivemq] [b535f0eb] WARN  - [HiveMQ Platform Operator Init App 1.7.0-SNAPSHOT] Cannot connect to Health API for readiness: null
2025-01-29 13:42:12,838 INFO c.h.h.t.HelmChartContainer - [EVENT] Warning [Unhealthy] Readiness probe failed: HTTP probe failed with statuscode: 503 [helmremovenamespaceit:test-hivemq-platform-0]
2025-01-29 13:42:12,838 INFO c.h.h.t.HelmChartContainer - Received Unhealthy event for container hivemq in pod test-hivemq-platform-0 [b535f0eb-038f-4573-8afd-cb3f2f51d985]
2025-01-29 13:42:17,835 INFO c.h.h.t.HelmChartContainer - [test-hivemq-platform] [hivemq] [b535f0eb] WARN  - [HiveMQ Platform Operator Init App 1.7.0-SNAPSHOT] Cannot connect to Health API for readiness: null
2025-01-29 13:42:17,839 INFO c.h.h.t.HelmChartContainer - [EVENT] Warning [Unhealthy] Readiness probe failed: HTTP probe failed with statuscode: 503 [helmremovenamespaceit:test-hivemq-platform-0]
2025-01-29 13:42:17,839 INFO c.h.h.t.HelmChartContainer - Received Unhealthy event for container hivemq in pod test-hivemq-platform-0 [b535f0eb-038f-4573-8afd-cb3f2f51d985]
2025-01-29 13:42:17,880 INFO c.h.h.t.HelmChartContainer - [hivemq-test-hivemq-platform] [hivemq-platform-operator] [b7fed2a8] 13:42:17.878 [pool-6-thread-27] DEBUG c.h.p.o.d.PlatformServiceResource - [helmremo] Desired Platform services (3 services)
2025-01-29 13:42:17,880 INFO c.h.h.t.HelmChartContainer - [hivemq-test-hivemq-platform] [hivemq-platform-operator] [b7fed2a8] 13:42:17.878 [pool-6-thread-26] DEBUG c.h.p.o.d.PodServiceAccountResource - [helmremo] Desired PodServiceAccountResource (serviceAccountName: hivemq-platform-pod-test-hivemq-platform)
2025-01-29 13:42:17,882 INFO c.h.h.t.HelmChartContainer - [hivemq-test-hivemq-platform] [hivemq-platform-operator] [b7fed2a8] 13:42:17.881 [pool-6-thread-23] DEBUG c.h.p.o.dependants.PodInfoConfigMap - [helmremo] Desired PodInfo ConfigMap (1 extensions) (1 enabled)
2025-01-29 13:42:17,883 INFO c.h.h.t.HelmChartContainer - [hivemq-test-hivemq-platform] [hivemq-platform-operator] [b7fed2a8] 13:42:17.881 [pool-6-thread-23] DEBUG c.h.p.o.dependants.PodInfoConfigMap - [helmremo] Desired PodInfo ConfigMap (metrics port: 9399) (metrics path: /)
2025-01-29 13:42:17,883 INFO c.h.h.t.HelmChartContainer - [hivemq-test-hivemq-platform] [hivemq-platform-operator] [b7fed2a8] 13:42:17.881 [pool-6-thread-23] DEBUG c.h.p.o.dependants.PodInfoConfigMap - [helmremo] Desired PodInfo ConfigMap (extension state hash: -1817474005)
2025-01-29 13:42:17,888 INFO c.h.h.t.HelmChartContainer - [hivemq-test-hivemq-platform] [hivemq-platform-operator] [b7fed2a8] 13:42:17.886 [pool-6-thread-27] DEBUG c.h.p.o.d.StatefulSetResource - [helmremo] Desired StatefulSet (1 replicas) for status STARTING (READY)
2025-01-29 13:42:17,893 INFO c.h.h.t.HelmChartContainer - [hivemq-test-hivemq-platform] [hivemq-platform-operator] [b7fed2a8] 13:42:17.890 [ReconcilerExecutor-hivemq-controller-112] INFO  c.h.p.o.HiveMQPlatformReconciler - [helmremo] Reconciling HiveMQ Platform 'test-hivemq-platform' in namespace 'helmremovenamespaceit'
2025-01-29 13:42:17,893 INFO c.h.h.t.HelmChartContainer - [hivemq-test-hivemq-platform] [hivemq-platform-operator] [b7fed2a8] 13:42:17.890 [ReconcilerExecutor-hivemq-controller-112] DEBUG c.h.p.o.HiveMQPlatformReconciler - [helmremo] Custom Resource Status STARTING - HiveMQ Platform is starting (READY)
2025-01-29 13:42:17,893 INFO c.h.h.t.HelmChartContainer - [hivemq-test-hivemq-platform] [hivemq-platform-operator] [b7fed2a8] 13:42:17.890 [ReconcilerExecutor-hivemq-controller-112] DEBUG c.h.p.o.HiveMQPlatformReconciler - [helmremo] Custom Resource Spec (replicas: 1) (extensions: 1)
2025-01-29 13:42:17,893 INFO c.h.h.t.HelmChartContainer - [hivemq-test-hivemq-platform] [hivemq-platform-operator] [b7fed2a8] 13:42:17.891 [ReconcilerExecutor-hivemq-controller-112] DEBUG c.h.p.o.HiveMQPlatformReconciler - [helmremo] StatefulSet Status (revision: test-hivemq-platform-bd687ff79, replicas: 1, available: 0, ready: 0, current: 1, updated: 1)
2025-01-29 13:42:17,893 INFO c.h.h.t.HelmChartContainer - [hivemq-test-hivemq-platform] [hivemq-platform-operator] [b7fed2a8] 13:42:17.891 [ReconcilerExecutor-hivemq-controller-112] DEBUG c.h.p.o.HiveMQPlatformReconciler - [helmremo] StatefulSet Spec (replicas: 1, init containers: 1, containers: 1, volumes: 3)
2025-01-29 13:42:17,893 INFO c.h.h.t.HelmChartContainer - [hivemq-test-hivemq-platform] [hivemq-platform-operator] [b7fed2a8] 13:42:17.892 [ReconcilerExecutor-hivemq-controller-112] DEBUG c.h.p.o.h.HiveMQPlatformReconcilerErrorHandler - [helmremo] Pod 'test-hivemq-platform-0' phase Running
2025-01-29 13:42:17,895 INFO c.h.h.t.HelmChartContainer - [hivemq-test-hivemq-platform] [hivemq-platform-operator] [b7fed2a8] 13:42:17.893 [ReconcilerExecutor-hivemq-controller-112] INFO  c.h.p.o.h.HiveMQPlatformReconcilerBaseHandler - [helmremo] HiveMQ Platform is starting, 0 of 1 replicas are ready
2025-01-29 13:42:18,932 INFO c.h.h.t.HelmChartContainer - [test-hivemq-platform] [hivemq] [b535f0eb] INFO  - No valid license file found. Using trial license, restricted to 25 connections.
2025-01-29 13:42:20,034 INFO c.h.h.t.HelmChartContainer - [test-hivemq-platform] [hivemq] [b535f0eb] WARN  - [HiveMQ Platform Operator Init App 1.7.0-SNAPSHOT] Cannot connect to Health API for liveness: null
2025-01-29 13:42:20,034 INFO c.h.h.t.HelmChartContainer - [test-hivemq-platform] [hivemq] [b535f0eb] INFO  - [HiveMQ Platform Operator Init App 1.7.0-SNAPSHOT] Returning default Health API response 200 for liveness
2025-01-29 13:42:22,739 INFO c.h.h.t.HelmChartContainer - [test-hivemq-platform] [hivemq] [b535f0eb] INFO  - No valid license file for Data Hub found. Using free license, restricted to 1 policy.
2025-01-29 13:42:22,836 INFO c.h.h.t.HelmChartContainer - [test-hivemq-platform] [hivemq] [b535f0eb] WARN  - [HiveMQ Platform Operator Init App 1.7.0-SNAPSHOT] Cannot connect to Health API for readiness: null
2025-01-29 13:42:22,840 INFO c.h.h.t.HelmChartContainer - [EVENT] Warning [Unhealthy] Readiness probe failed: HTTP probe failed with statuscode: 503 [helmremovenamespaceit:test-hivemq-platform-0]
2025-01-29 13:42:22,841 INFO c.h.h.t.HelmChartContainer - Received Unhealthy event for container hivemq in pod test-hivemq-platform-0 [b535f0eb-038f-4573-8afd-cb3f2f51d985]
2025-01-29 13:42:24,031 INFO c.h.h.t.HelmChartContainer - [test-hivemq-platform] [hivemq] [b535f0eb] INFO  - Audit Logger started.
2025-01-29 13:42:24,435 INFO c.h.h.t.HelmChartContainer - [test-hivemq-platform] [hivemq] [b535f0eb] INFO  - This node uses '1' CPU cores.
2025-01-29 13:42:24,440 INFO c.h.h.t.HelmChartContainer - [test-hivemq-platform] [hivemq] [b535f0eb] INFO  - Starting HiveMQ Health API on address 0.0.0.0 and port 8889
2025-01-29 13:42:25,330 INFO c.h.h.t.HelmChartContainer - [test-hivemq-platform] [hivemq] [b535f0eb] INFO  - Started HiveMQ Health API in 890ms
2025-01-29 13:42:25,835 INFO c.h.h.t.HelmChartContainer - [test-hivemq-platform] [hivemq] [b535f0eb] INFO  - Starting HiveMQ extension system.
2025-01-29 13:42:26,036 INFO c.h.h.t.HelmChartContainer - [test-hivemq-platform] [hivemq] [b535f0eb] INFO  - Starting extension with id "hivemq-dns-cluster-discovery" at /opt/hivemq/extensions/hivemq-dns-cluster-discovery
2025-01-29 13:42:26,538 INFO c.h.h.t.HelmChartContainer - [test-hivemq-platform] [hivemq] [b535f0eb] INFO  - Using TCP cluster transport on address 10.42.0.10 and port 7000
2025-01-29 13:42:26,586 INFO c.h.h.t.HelmChartContainer - [test-hivemq-platform] [hivemq] [b535f0eb] INFO  - Using extension cluster discovery
2025-01-29 13:42:26,588 INFO c.h.h.t.HelmChartContainer - [test-hivemq-platform] [hivemq] [b535f0eb] INFO  - Extension "DNS Cluster Discovery Extension" version 4.3.2 started successfully.
2025-01-29 13:42:26,588 INFO c.h.h.t.HelmChartContainer - [test-hivemq-platform] [hivemq] [b535f0eb] INFO  - Starting extension with id "hivemq-prometheus-extension" at /opt/hivemq/extensions/hivemq-prometheus-extension
2025-01-29 13:42:27,436 INFO c.h.h.t.HelmChartContainer - [test-hivemq-platform] [hivemq] [b535f0eb] INFO  - Started Jetty Server exposing Prometheus Servlet on URI http://0.0.0.0:9399/
2025-01-29 13:42:27,437 INFO c.h.h.t.HelmChartContainer - [test-hivemq-platform] [hivemq] [b535f0eb] INFO  - Extension "Prometheus Monitoring Extension" version 4.0.12 started successfully.
2025-01-29 13:42:27,437 INFO c.h.h.t.HelmChartContainer - [test-hivemq-platform] [hivemq] [b535f0eb] INFO  - Starting extension with id "hivemq-allow-all-extension" at /opt/hivemq/extensions/hivemq-allow-all-extension
2025-01-29 13:42:27,437 INFO c.h.h.t.HelmChartContainer - [test-hivemq-platform] [hivemq] [b535f0eb] WARN  - 
2025-01-29 13:42:27,437 INFO c.h.h.t.HelmChartContainer - [test-hivemq-platform] [hivemq] [b535f0eb] ################################################################################################################
2025-01-29 13:42:27,437 INFO c.h.h.t.HelmChartContainer - [test-hivemq-platform] [hivemq] [b535f0eb] # This HiveMQ deployment is not secure! You are lacking Authentication and Authorization.                      #
2025-01-29 13:42:27,437 INFO c.h.h.t.HelmChartContainer - [test-hivemq-platform] [hivemq] [b535f0eb] # Right now any MQTT client can connect to the broker with a full set of permissions.                          #
2025-01-29 13:42:27,437 INFO c.h.h.t.HelmChartContainer - [test-hivemq-platform] [hivemq] [b535f0eb] # For production usage, add an appropriate security extension and remove the hivemq-allow-all extension.       #
2025-01-29 13:42:27,437 INFO c.h.h.t.HelmChartContainer - [test-hivemq-platform] [hivemq] [b535f0eb] # You can download security extensions from the HiveMQ Marketplace (https://www.hivemq.com/extensions/).       #
2025-01-29 13:42:27,437 INFO c.h.h.t.HelmChartContainer - [test-hivemq-platform] [hivemq] [b535f0eb] ################################################################################################################
2025-01-29 13:42:27,437 INFO c.h.h.t.HelmChartContainer - [test-hivemq-platform] [hivemq] [b535f0eb] INFO  - Extension "Allow All Extension" version 1.1.1 started successfully.
2025-01-29 13:42:27,902 INFO c.h.h.t.HelmChartContainer - [hivemq-test-hivemq-platform] [hivemq-platform-operator] [b7fed2a8] 13:42:27.899 [pool-6-thread-38] DEBUG c.h.p.o.d.PlatformServiceResource - [helmremo] Desired Platform services (3 services)
2025-01-29 13:42:27,904 INFO c.h.h.t.HelmChartContainer - [hivemq-test-hivemq-platform] [hivemq-platform-operator] [b7fed2a8] 13:42:27.902 [pool-6-thread-32] DEBUG c.h.p.o.dependants.PodInfoConfigMap - [helmremo] Desired PodInfo ConfigMap (1 extensions) (1 enabled)
2025-01-29 13:42:27,905 INFO c.h.h.t.HelmChartContainer - [hivemq-test-hivemq-platform] [hivemq-platform-operator] [b7fed2a8] 13:42:27.903 [pool-6-thread-32] DEBUG c.h.p.o.dependants.PodInfoConfigMap - [helmremo] Desired PodInfo ConfigMap (metrics port: 9399) (metrics path: /)
2025-01-29 13:42:27,906 INFO c.h.h.t.HelmChartContainer - [hivemq-test-hivemq-platform] [hivemq-platform-operator] [b7fed2a8] 13:42:27.903 [pool-6-thread-32] DEBUG c.h.p.o.dependants.PodInfoConfigMap - [helmremo] Desired PodInfo ConfigMap (extension state hash: -1817474005)
2025-01-29 13:42:27,906 INFO c.h.h.t.HelmChartContainer - [hivemq-test-hivemq-platform] [hivemq-platform-operator] [b7fed2a8] 13:42:27.904 [pool-6-thread-36] DEBUG c.h.p.o.d.PodServiceAccountResource - [helmremo] Desired PodServiceAccountResource (serviceAccountName: hivemq-platform-pod-test-hivemq-platform)
2025-01-29 13:42:27,909 INFO c.h.h.t.HelmChartContainer - [hivemq-test-hivemq-platform] [hivemq-platform-operator] [b7fed2a8] 13:42:27.908 [pool-6-thread-39] DEBUG c.h.p.o.d.StatefulSetResource - [helmremo] Desired StatefulSet (1 replicas) for status STARTING (READY)
2025-01-29 13:42:27,913 INFO c.h.h.t.HelmChartContainer - [hivemq-test-hivemq-platform] [hivemq-platform-operator] [b7fed2a8] 13:42:27.912 [ReconcilerExecutor-hivemq-controller-113] INFO  c.h.p.o.HiveMQPlatformReconciler - [helmremo] Reconciling HiveMQ Platform 'test-hivemq-platform' in namespace 'helmremovenamespaceit'
2025-01-29 13:42:27,913 INFO c.h.h.t.HelmChartContainer - [hivemq-test-hivemq-platform] [hivemq-platform-operator] [b7fed2a8] 13:42:27.912 [ReconcilerExecutor-hivemq-controller-113] DEBUG c.h.p.o.HiveMQPlatformReconciler - [helmremo] Custom Resource Status STARTING - HiveMQ Platform is starting (READY)
2025-01-29 13:42:27,913 INFO c.h.h.t.HelmChartContainer - [hivemq-test-hivemq-platform] [hivemq-platform-operator] [b7fed2a8] 13:42:27.912 [ReconcilerExecutor-hivemq-controller-113] DEBUG c.h.p.o.HiveMQPlatformReconciler - [helmremo] Custom Resource Spec (replicas: 1) (extensions: 1)
2025-01-29 13:42:27,914 INFO c.h.h.t.HelmChartContainer - [hivemq-test-hivemq-platform] [hivemq-platform-operator] [b7fed2a8] 13:42:27.913 [ReconcilerExecutor-hivemq-controller-113] DEBUG c.h.p.o.HiveMQPlatformReconciler - [helmremo] StatefulSet Status (revision: test-hivemq-platform-bd687ff79, replicas: 1, available: 0, ready: 0, current: 1, updated: 1)
2025-01-29 13:42:27,915 INFO c.h.h.t.HelmChartContainer - [hivemq-test-hivemq-platform] [hivemq-platform-operator] [b7fed2a8] 13:42:27.913 [ReconcilerExecutor-hivemq-controller-113] DEBUG c.h.p.o.HiveMQPlatformReconciler - [helmremo] StatefulSet Spec (replicas: 1, init containers: 1, containers: 1, volumes: 3)
2025-01-29 13:42:27,916 INFO c.h.h.t.HelmChartContainer - [hivemq-test-hivemq-platform] [hivemq-platform-operator] [b7fed2a8] 13:42:27.915 [ReconcilerExecutor-hivemq-controller-113] DEBUG c.h.p.o.h.HiveMQPlatformReconcilerErrorHandler - [helmremo] Pod 'test-hivemq-platform-0' phase Running
2025-01-29 13:42:27,916 INFO c.h.h.t.HelmChartContainer - [hivemq-test-hivemq-platform] [hivemq-platform-operator] [b7fed2a8] 13:42:27.916 [ReconcilerExecutor-hivemq-controller-113] INFO  c.h.p.o.h.HiveMQPlatformReconcilerBaseHandler - [helmremo] HiveMQ Platform is starting, 0 of 1 replicas are ready
2025-01-29 13:42:28,133 INFO c.h.h.t.HelmChartContainer - [test-hivemq-platform] [hivemq] [b535f0eb] INFO  - [HiveMQ Platform Operator Init App 1.7.0-SNAPSHOT] Returning Health API response 503 for readiness
2025-01-29 13:42:28,137 INFO c.h.h.t.HelmChartContainer - [EVENT] Warning [Unhealthy] Readiness probe failed: HTTP probe failed with statuscode: 503 [helmremovenamespaceit:test-hivemq-platform-0]
2025-01-29 13:42:28,137 INFO c.h.h.t.HelmChartContainer - Received Unhealthy event for container hivemq in pod test-hivemq-platform-0 [b535f0eb-038f-4573-8afd-cb3f2f51d985]
2025-01-29 13:42:29,587 INFO c.h.h.t.HelmChartContainer - [test-hivemq-platform] [hivemq] [b535f0eb] INFO  - IhgOD: no members discovered after 2453 ms: creating cluster as first member
2025-01-29 13:42:29,595 INFO c.h.h.t.HelmChartContainer - [test-hivemq-platform] [hivemq] [b535f0eb] INFO  - Cluster nodes found by discovery: [IhgOD|0] (1) [IhgOD].
2025-01-29 13:42:29,688 INFO c.h.h.t.HelmChartContainer - [test-hivemq-platform] [hivemq] [b535f0eb] WARN  - No user for HiveMQ Control Center configured. Starting with default user
2025-01-29 13:42:29,688 INFO c.h.h.t.HelmChartContainer - [test-hivemq-platform] [hivemq] [b535f0eb] INFO  - Starting HiveMQ Control Center on address 0.0.0.0 and port 8080
2025-01-29 13:42:29,691 INFO c.h.h.t.HelmChartContainer - [test-hivemq-platform] [hivemq] [b535f0eb] INFO  - Mounting HiveMQ Control Center V2 Preview
2025-01-29 13:42:30,293 INFO c.h.h.t.HelmChartContainer - [test-hivemq-platform] [hivemq] [b535f0eb] INFO  - Started HiveMQ Control Center in 604ms
2025-01-29 13:42:30,306 INFO c.h.h.t.HelmChartContainer - [test-hivemq-platform] [hivemq] [b535f0eb] INFO  - Starting TCP listener on address 0.0.0.0 and port 1883
2025-01-29 13:42:30,400 INFO c.h.h.t.HelmChartContainer - [test-hivemq-platform] [hivemq] [b535f0eb] INFO  - Started TCP Listener on address 0.0.0.0 and on port 1883.
2025-01-29 13:42:30,400 INFO c.h.h.t.HelmChartContainer - [test-hivemq-platform] [hivemq] [b535f0eb] INFO  - Started HiveMQ in 30501ms
2025-01-29 13:42:32,806 INFO c.h.h.t.HelmChartContainer - [test-hivemq-platform] [hivemq] [b535f0eb] INFO  - [HiveMQ Platform Operator Init App 1.7.0-SNAPSHOT] Returning Health API response 200 for readiness
2025-01-29 13:42:32,816 INFO c.h.h.t.HelmChartContainer - [K3S] [INFO] COMPACT compactRev=0 targetCompactRev=2 currentRev=1128
2025-01-29 13:42:32,817 INFO c.h.h.t.HelmChartContainer - [K3S] [INFO] COMPACT deleted 0 rows from 2 revisions in 371.563µs - compacted to 2/1128
2025-01-29 13:42:32,817 INFO c.h.h.t.HelmChartContainer - [K3S] [INFO] COMPACT compacted from 0 to 2 in 1 transactions over 1ms
2025-01-29 13:42:32,818 INFO c.h.h.t.HelmChartContainer - [POD] test-hivemq-platform-0 [b535f0eb-038f-4573-8afd-cb3f2f51d985] in helmremovenamespaceit was MODIFIED
2025-01-29 13:42:32,832 INFO c.h.h.t.HelmChartContainer - [hivemq-test-hivemq-platform] [hivemq-platform-operator] [b7fed2a8] 13:42:32.826 [pool-6-thread-47] DEBUG c.h.p.o.d.PlatformServiceResource - [helmremo] Desired Platform services (3 services)
2025-01-29 13:42:32,833 INFO c.h.h.t.HelmChartContainer - [hivemq-test-hivemq-platform] [hivemq-platform-operator] [b7fed2a8] 13:42:32.826 [pool-6-thread-46] DEBUG c.h.p.o.dependants.PodInfoConfigMap - [helmremo] Desired PodInfo ConfigMap (1 extensions) (1 enabled)
2025-01-29 13:42:32,833 INFO c.h.h.t.HelmChartContainer - [hivemq-test-hivemq-platform] [hivemq-platform-operator] [b7fed2a8] 13:42:32.827 [pool-6-thread-42] DEBUG c.h.p.o.d.PodServiceAccountResource - [helmremo] Desired PodServiceAccountResource (serviceAccountName: hivemq-platform-pod-test-hivemq-platform)
2025-01-29 13:42:32,833 INFO c.h.h.t.HelmChartContainer - [hivemq-test-hivemq-platform] [hivemq-platform-operator] [b7fed2a8] 13:42:32.826 [pool-6-thread-46] DEBUG c.h.p.o.dependants.PodInfoConfigMap - [helmremo] Desired PodInfo ConfigMap (metrics port: 9399) (metrics path: /)
2025-01-29 13:42:32,833 INFO c.h.h.t.HelmChartContainer - [hivemq-test-hivemq-platform] [hivemq-platform-operator] [b7fed2a8] 13:42:32.828 [pool-6-thread-46] DEBUG c.h.p.o.dependants.PodInfoConfigMap - [helmremo] Desired PodInfo ConfigMap (extension state hash: -1817474005)
2025-01-29 13:42:32,843 INFO c.h.h.t.HelmChartContainer - [hivemq-test-hivemq-platform] [hivemq-platform-operator] [b7fed2a8] 13:42:32.841 [pool-6-thread-47] DEBUG c.h.p.o.d.StatefulSetResource - [helmremo] Desired StatefulSet (1 replicas) for status STARTING (READY)
2025-01-29 13:42:32,930 INFO c.h.h.t.HelmChartContainer - [hivemq-test-hivemq-platform] [hivemq-platform-operator] [b7fed2a8] 13:42:32.928 [ReconcilerExecutor-hivemq-controller-114] INFO  c.h.p.o.HiveMQPlatformReconciler - [helmremo] Reconciling HiveMQ Platform 'test-hivemq-platform' in namespace 'helmremovenamespaceit'
2025-01-29 13:42:32,930 INFO c.h.h.t.HelmChartContainer - [hivemq-test-hivemq-platform] [hivemq-platform-operator] [b7fed2a8] 13:42:32.929 [ReconcilerExecutor-hivemq-controller-114] DEBUG c.h.p.o.HiveMQPlatformReconciler - [helmremo] Custom Resource Status STARTING - HiveMQ Platform is starting (READY)
2025-01-29 13:42:32,930 INFO c.h.h.t.HelmChartContainer - [hivemq-test-hivemq-platform] [hivemq-platform-operator] [b7fed2a8] 13:42:32.929 [ReconcilerExecutor-hivemq-controller-114] DEBUG c.h.p.o.HiveMQPlatformReconciler - [helmremo] Custom Resource Spec (replicas: 1) (extensions: 1)
2025-01-29 13:42:32,932 INFO c.h.h.t.HelmChartContainer - [hivemq-test-hivemq-platform] [hivemq-platform-operator] [b7fed2a8] 13:42:32.931 [ReconcilerExecutor-hivemq-controller-114] DEBUG c.h.p.o.HiveMQPlatformReconciler - [helmremo] StatefulSet Status (revision: test-hivemq-platform-bd687ff79, replicas: 1, available: 1, ready: 1, current: 1, updated: 1)
2025-01-29 13:42:32,936 INFO c.h.h.t.HelmChartContainer - [hivemq-test-hivemq-platform] [hivemq-platform-operator] [b7fed2a8] 13:42:32.932 [ReconcilerExecutor-hivemq-controller-114] DEBUG c.h.p.o.HiveMQPlatformReconciler - [helmremo] StatefulSet Spec (replicas: 1, init containers: 1, containers: 1, volumes: 3)
2025-01-29 13:42:32,938 INFO c.h.h.t.HelmChartContainer - [hivemq-test-hivemq-platform] [hivemq-platform-operator] [b7fed2a8] 13:42:32.933 [ReconcilerExecutor-hivemq-controller-114] DEBUG c.h.p.o.h.HiveMQPlatformReconcilerErrorHandler - [helmremo] Pod 'test-hivemq-platform-0' phase Running
2025-01-29 13:42:32,938 INFO c.h.h.t.HelmChartContainer - [hivemq-test-hivemq-platform] [hivemq-platform-operator] [b7fed2a8] 13:42:32.935 [ReconcilerExecutor-hivemq-controller-114] INFO  c.h.p.o.h.HiveMQPlatformReconcilerBaseHandler - [helmremo] HiveMQ Platform started successfully
2025-01-29 13:42:33,031 INFO c.h.h.t.HelmChartContainer - [hivemq-test-hivemq-platform] [hivemq-platform-operator] [b7fed2a8] 13:42:33.030 [ReconcilerExecutor-hivemq-controller-114] DEBUG c.h.p.operator.event.EventSender - [helmremo] Creating K8s event hivemq-platform-ready: [Ready] HiveMQ Platform is ready
2025-01-29 13:42:33,034 INFO c.h.h.t.HelmChartContainer - [EVENT] Normal [Ready] HiveMQ Platform is ready [helmremovenamespaceit:test-hivemq-platform]
2025-01-29 13:42:33,035 INFO c.h.h.t.HelmChartContainer - [hivemq-test-hivemq-platform] [hivemq-platform-operator] [b7fed2a8] 13:42:33.034 [ReconcilerExecutor-hivemq-controller-114] INFO  c.h.p.o.h.AbstractHiveMQReconcilerStateHandler - [helmremo] Update HiveMQ Platform Status (STARTING [READY] -> RUNNING [READY]): HiveMQ Platform is ready
2025-01-29 13:42:33,043 DEBUG com.hivemq.helmcharts.util.K8sUtil - Comparing actual state 'RUNNING' and waiting for 'RUNNING'
2025-01-29 13:42:33,049 INFO c.h.h.t.HelmChartContainer - [hivemq-test-hivemq-platform] [hivemq-platform-operator] [b7fed2a8] 13:42:33.046 [pool-6-thread-9] DEBUG c.h.p.o.d.PlatformServiceResource - [helmremo] Desired Platform services (3 services)
2025-01-29 13:42:33,049 INFO c.h.h.t.HelmChartContainer - [hivemq-test-hivemq-platform] [hivemq-platform-operator] [b7fed2a8] 13:42:33.047 [pool-6-thread-5] DEBUG c.h.p.o.dependants.PodInfoConfigMap - [helmremo] Desired PodInfo ConfigMap (1 extensions) (1 enabled)
2025-01-29 13:42:33,049 INFO c.h.h.t.HelmChartContainer - [hivemq-test-hivemq-platform] [hivemq-platform-operator] [b7fed2a8] 13:42:33.048 [pool-6-thread-5] DEBUG c.h.p.o.dependants.PodInfoConfigMap - [helmremo] Desired PodInfo ConfigMap (metrics port: 9399) (metrics path: /)
2025-01-29 13:42:33,050 INFO c.h.h.t.HelmChartContainer - [hivemq-test-hivemq-platform] [hivemq-platform-operator] [b7fed2a8] 13:42:33.049 [pool-6-thread-5] DEBUG c.h.p.o.dependants.PodInfoConfigMap - [helmremo] Desired PodInfo ConfigMap (extension state hash: -1817474005)
2025-01-29 13:42:33,075 INFO c.h.h.t.HelmChartContainer - [hivemq-test-hivemq-platform] [hivemq-platform-operator] [b7fed2a8] 13:42:33.049 [pool-6-thread-4] DEBUG c.h.p.o.d.PodServiceAccountResource - [helmremo] Desired PodServiceAccountResource (serviceAccountName: hivemq-platform-pod-test-hivemq-platform)
2025-01-29 13:42:33,076 INFO c.h.h.t.HelmChartContainer - [hivemq-test-hivemq-platform] [hivemq-platform-operator] [b7fed2a8] 13:42:33.074 [pool-6-thread-5] DEBUG c.h.p.o.dependants.PodInfoConfigMap - [helmremo] Update PodInfo ConfigMap
2025-01-29 13:42:33,135 INFO c.h.h.t.HelmChartContainer - [hivemq-test-hivemq-platform] [hivemq-platform-operator] [b7fed2a8] 13:42:33.134 [pool-6-thread-5] DEBUG c.h.p.o.d.StatefulSetResource - [helmremo] Desired StatefulSet (1 replicas) for status RUNNING (READY)
2025-01-29 13:42:33,139 INFO c.h.h.t.HelmChartContainer - [hivemq-test-hivemq-platform] [hivemq-platform-operator] [b7fed2a8] 13:42:33.137 [ReconcilerExecutor-hivemq-controller-115] INFO  c.h.p.o.HiveMQPlatformReconciler - [helmremo] Reconciling HiveMQ Platform 'test-hivemq-platform' in namespace 'helmremovenamespaceit'
2025-01-29 13:42:33,140 INFO c.h.h.t.HelmChartContainer - [hivemq-test-hivemq-platform] [hivemq-platform-operator] [b7fed2a8] 13:42:33.138 [ReconcilerExecutor-hivemq-controller-115] DEBUG c.h.p.o.HiveMQPlatformReconciler - [helmremo] Custom Resource Status RUNNING - HiveMQ Platform is ready (READY)
2025-01-29 13:42:33,140 INFO c.h.h.t.HelmChartContainer - [hivemq-test-hivemq-platform] [hivemq-platform-operator] [b7fed2a8] 13:42:33.138 [ReconcilerExecutor-hivemq-controller-115] DEBUG c.h.p.o.HiveMQPlatformReconciler - [helmremo] Custom Resource Spec (replicas: 1) (extensions: 1)
2025-01-29 13:42:33,141 INFO c.h.h.t.HelmChartContainer - [hivemq-test-hivemq-platform] [hivemq-platform-operator] [b7fed2a8] 13:42:33.139 [ReconcilerExecutor-hivemq-controller-115] DEBUG c.h.p.o.HiveMQPlatformReconciler - [helmremo] StatefulSet Status (revision: test-hivemq-platform-bd687ff79, replicas: 1, available: 1, ready: 1, current: 1, updated: 1)
2025-01-29 13:42:33,141 INFO c.h.h.t.HelmChartContainer - [hivemq-test-hivemq-platform] [hivemq-platform-operator] [b7fed2a8] 13:42:33.139 [ReconcilerExecutor-hivemq-controller-115] DEBUG c.h.p.o.HiveMQPlatformReconciler - [helmremo] StatefulSet Spec (replicas: 1, init containers: 1, containers: 1, volumes: 3)
2025-01-29 13:42:33,141 INFO c.h.h.t.HelmChartContainer - [hivemq-test-hivemq-platform] [hivemq-platform-operator] [b7fed2a8] 13:42:33.140 [ReconcilerExecutor-hivemq-controller-115] DEBUG c.h.p.o.h.HiveMQPlatformReconcilerErrorHandler - [helmremo] Pod 'test-hivemq-platform-0' phase Running
2025-01-29 13:42:33,176 INFO c.h.h.t.HelmChartContainer - [hivemq-test-hivemq-platform] [hivemq-platform-operator] [b7fed2a8] 13:42:33.176 [ReconcilerExecutor-hivemq-controller-116] INFO  c.h.p.o.HiveMQPlatformReconciler - [helmremo] Cleanup test-hivemq-platform - helmremovenamespaceit HiveMQ Platform is shut down
2025-01-29 13:42:33,262 INFO c.h.h.t.HelmChartContainer - [K3S] [stateful_set.go:466] "StatefulSet has been deleted" key="helmremovenamespaceit/test-hivemq-platform"
2025-01-29 13:42:33,280 INFO c.h.h.t.HelmChartContainer - [POD] test-hivemq-platform-0 [b535f0eb-038f-4573-8afd-cb3f2f51d985] in helmremovenamespaceit was MODIFIED
2025-01-29 13:42:33,793 INFO c.h.h.t.HelmChartContainer - [test-hivemq-platform] [hivemq] [b535f0eb] INFO  - [HiveMQ Platform Operator Init App 1.7.0-SNAPSHOT] Shutting down
2025-01-29 13:42:33,793 INFO c.h.h.t.HelmChartContainer - [test-hivemq-platform] [hivemq] [b535f0eb] INFO  - [HiveMQ Platform Operator Init App 1.7.0-SNAPSHOT] Stopping the HiveMQ Platform
2025-01-29 13:42:33,900 INFO c.h.h.t.HelmChartContainer - [test-hivemq-platform] [hivemq] [b535f0eb] INFO  - Shutting down HiveMQ. Please wait, this could take a while...
2025-01-29 13:42:33,905 INFO c.h.h.t.HelmChartContainer - [test-hivemq-platform] [hivemq] [b535f0eb] INFO  - Shutting down listeners and clients
2025-01-29 13:42:33,906 INFO c.h.h.t.HelmChartContainer - [test-hivemq-platform] [hivemq] [b535f0eb] INFO  - Shutdown of listeners is done
2025-01-29 13:42:33,906 INFO c.h.h.t.HelmChartContainer - [test-hivemq-platform] [hivemq] [b535f0eb] INFO  - No clients are connected, proceeding with shutdown
2025-01-29 13:42:36,325 INFO c.h.h.t.HelmChartContainer - [K3S] [info.go:53] Couldn't collect info from any of the files in "/etc/machine-id,/var/lib/dbus/machine-id"
2025-01-29 13:42:36,842 INFO c.h.h.t.HelmChartContainer - [test-hivemq-platform] [hivemq] [b535f0eb] INFO  - Shutting down extension system
2025-01-29 13:42:36,844 INFO c.h.h.t.HelmChartContainer - [test-hivemq-platform] [hivemq] [b535f0eb] INFO  - Stopping extension with id hivemq-dns-cluster-discovery
2025-01-29 13:42:36,844 INFO c.h.h.t.HelmChartContainer - [test-hivemq-platform] [hivemq] [b535f0eb] INFO  - Extension "DNS Cluster Discovery Extension" version 4.3.2 stopped successfully.
2025-01-29 13:42:36,845 INFO c.h.h.t.HelmChartContainer - [test-hivemq-platform] [hivemq] [b535f0eb] INFO  - Stopping extension with id hivemq-prometheus-extension
2025-01-29 13:42:36,850 INFO c.h.h.t.HelmChartContainer - [test-hivemq-platform] [hivemq] [b535f0eb] INFO  - Extension "Prometheus Monitoring Extension" version 4.0.12 stopped successfully.
2025-01-29 13:42:36,850 INFO c.h.h.t.HelmChartContainer - [test-hivemq-platform] [hivemq] [b535f0eb] INFO  - Stopping extension with id hivemq-allow-all-extension
2025-01-29 13:42:36,851 INFO c.h.h.t.HelmChartContainer - [test-hivemq-platform] [hivemq] [b535f0eb] INFO  - Extension "Allow All Extension" version 1.1.1 stopped successfully.
2025-01-29 13:42:37,803 INFO c.h.h.t.HelmChartContainer - [test-hivemq-platform] [hivemq] [b535f0eb] INFO  - [HiveMQ Platform Operator Init App 1.7.0-SNAPSHOT] Returning shutdown Health API response 503 for readiness
2025-01-29 13:42:37,807 INFO c.h.h.t.HelmChartContainer - [EVENT] Warning [Unhealthy] Readiness probe failed: HTTP probe failed with statuscode: 503 [helmremovenamespaceit:test-hivemq-platform-0]
2025-01-29 13:42:37,807 INFO c.h.h.t.HelmChartContainer - Received Unhealthy event for container hivemq in pod test-hivemq-platform-0 [b535f0eb-038f-4573-8afd-cb3f2f51d985]
2025-01-29 13:42:38,239 INFO c.h.h.t.HelmChartContainer - [K3S] [authentication.go:74] "Unable to authenticate the request" err="[invalid bearer token, serviceaccounts \"hivemq-platform-pod-test-hivemq-platform\" not found]"
2025-01-29 13:42:38,260 INFO c.h.h.t.HelmChartContainer - [K3S] [authentication.go:74] "Unable to authenticate the request" err="[invalid bearer token, serviceaccounts \"hivemq-platform-pod-test-hivemq-platform\" not found]"
2025-01-29 13:42:38,338 INFO c.h.h.t.HelmChartContainer - [test-hivemq-platform] [hivemq] [b535f0eb] WARN  - [HiveMQ Platform Operator Init App 1.7.0-SNAPSHOT] Could not update Pod annotations: Failure executing: GET at: https://10.43.0.1:443/api/v1/namespaces/helmremovenamespaceit/pods/test-hivemq-platform-0. Message: Unauthorized. Received status: Status(apiVersion=v1, code=401, details=null, kind=Status, message=Unauthorized, metadata=ListMeta(_continue=null, remainingItemCount=null, resourceVersion=null, selfLink=null, additionalProperties={}), reason=Unauthorized, status=Failure, additionalProperties={}).
2025-01-29 13:42:39,193 INFO c.h.h.t.HelmChartContainer - [test-hivemq-platform] [hivemq] [b535f0eb] INFO  - Shutdown completed.
2025-01-29 13:42:39,540 INFO c.h.h.t.HelmChartContainer - [test-hivemq-platform] [hivemq] [b535f0eb] INFO  - [HiveMQ Platform Operator Init App 1.7.0-SNAPSHOT] The HiveMQ Platform exited with code 143
2025-01-29 13:42:39,540 INFO c.h.h.t.HelmChartContainer - [test-hivemq-platform] [hivemq] [b535f0eb] INFO  - [HiveMQ Platform Operator Init App 1.7.0-SNAPSHOT] Stopping the REST API
2025-01-29 13:42:39,545 INFO c.h.h.t.HelmChartContainer - [test-hivemq-platform] [hivemq] [b535f0eb] INFO  - [HiveMQ Platform Operator Init App 1.7.0-SNAPSHOT] Shutdown complete
2025-01-29 13:42:39,993 INFO c.h.h.t.HelmChartContainer - [POD] test-hivemq-platform-0 [b535f0eb-038f-4573-8afd-cb3f2f51d985] in helmremovenamespaceit was MODIFIED
2025-01-29 13:42:40,124 INFO c.h.h.t.HelmChartContainer - [K3S] [reconciler_common.go:162] "operationExecutor.UnmountVolume started for volume \"kube-api-access-flg92\" (UniqueName: \"kubernetes.io/projected/b535f0eb-038f-4573-8afd-cb3f2f51d985-kube-api-access-flg92\") pod \"b535f0eb-038f-4573-8afd-cb3f2f51d985\" (UID: \"b535f0eb-038f-4573-8afd-cb3f2f51d985\") "
2025-01-29 13:42:40,124 INFO c.h.h.t.HelmChartContainer - [K3S] [reconciler_common.go:162] "operationExecutor.UnmountVolume started for volume \"pod-info\" (UniqueName: \"kubernetes.io/configmap/b535f0eb-038f-4573-8afd-cb3f2f51d985-pod-info\") pod \"b535f0eb-038f-4573-8afd-cb3f2f51d985\" (UID: \"b535f0eb-038f-4573-8afd-cb3f2f51d985\") "
2025-01-29 13:42:40,124 INFO c.h.h.t.HelmChartContainer - [K3S] [reconciler_common.go:162] "operationExecutor.UnmountVolume started for volume \"broker-configuration\" (UniqueName: \"kubernetes.io/configmap/b535f0eb-038f-4573-8afd-cb3f2f51d985-broker-configuration\") pod \"b535f0eb-038f-4573-8afd-cb3f2f51d985\" (UID: \"b535f0eb-038f-4573-8afd-cb3f2f51d985\") "
2025-01-29 13:42:40,124 INFO c.h.h.t.HelmChartContainer - [K3S] [reconciler_common.go:162] "operationExecutor.UnmountVolume started for volume \"operator-init\" (UniqueName: \"kubernetes.io/empty-dir/b535f0eb-038f-4573-8afd-cb3f2f51d985-operator-init\") pod \"b535f0eb-038f-4573-8afd-cb3f2f51d985\" (UID: \"b535f0eb-038f-4573-8afd-cb3f2f51d985\") "
2025-01-29 13:42:40,223 INFO c.h.h.t.HelmChartContainer - [K3S] [reconciler_common.go:299] "Volume detached for volume \"kube-api-access-flg92\" (UniqueName: \"kubernetes.io/projected/b535f0eb-038f-4573-8afd-cb3f2f51d985-kube-api-access-flg92\") on node \"13397d37f1ea\" DevicePath \"\""
2025-01-29 13:42:40,224 INFO c.h.h.t.HelmChartContainer - [K3S] [reconciler_common.go:299] "Volume detached for volume \"pod-info\" (UniqueName: \"kubernetes.io/configmap/b535f0eb-038f-4573-8afd-cb3f2f51d985-pod-info\") on node \"13397d37f1ea\" DevicePath \"\""
2025-01-29 13:42:40,224 INFO c.h.h.t.HelmChartContainer - [K3S] [reconciler_common.go:299] "Volume detached for volume \"broker-configuration\" (UniqueName: \"kubernetes.io/configmap/b535f0eb-038f-4573-8afd-cb3f2f51d985-broker-configuration\") on node \"13397d37f1ea\" DevicePath \"\""
2025-01-29 13:42:40,224 INFO c.h.h.t.HelmChartContainer - [K3S] [reconciler_common.go:299] "Volume detached for volume \"operator-init\" (UniqueName: \"kubernetes.io/empty-dir/b535f0eb-038f-4573-8afd-cb3f2f51d985-operator-init\") on node \"13397d37f1ea\" DevicePath \"\""
2025-01-29 13:42:40,551 INFO c.h.h.t.HelmChartContainer - Stopped log watcher for hivemq in pod test-hivemq-platform-0 [b535f0eb-038f-4573-8afd-cb3f2f51d985]
2025-01-29 13:42:40,796 INFO c.h.h.t.HelmChartContainer - [K3S] [scope.go:117] "RemoveContainer" containerID="b2f4f8aac3e187152549d0553d5ac0b1c6c49d977cb5d390f8a61bc04258c467"
2025-01-29 13:42:40,807 INFO c.h.h.t.HelmChartContainer - [POD] test-hivemq-platform-0 [b535f0eb-038f-4573-8afd-cb3f2f51d985] in helmremovenamespaceit was MODIFIED
2025-01-29 13:42:40,811 INFO c.h.h.t.HelmChartContainer - [POD] test-hivemq-platform-0 [b535f0eb-038f-4573-8afd-cb3f2f51d985] in helmremovenamespaceit was DELETED
2025-01-29 13:42:40,893 INFO c.h.h.t.HelmChartContainer - [K3S] [scope.go:117] "RemoveContainer" containerID="870de834fed7dbbdc42dde129c1b9d79dec6a57ebbbf49b082a112d2a367ffd4"
2025-01-29 13:42:40,916 INFO c.h.h.t.HelmChartContainer - [K3S] [scope.go:117] "RemoveContainer" containerID="b2f4f8aac3e187152549d0553d5ac0b1c6c49d977cb5d390f8a61bc04258c467"
2025-01-29 13:42:40,916 INFO c.h.h.t.HelmChartContainer - [K3S] [scope.go:117] "RemoveContainer" containerID="870de834fed7dbbdc42dde129c1b9d79dec6a57ebbbf49b082a112d2a367ffd4"
2025-01-29 13:42:42,309 INFO c.h.h.t.HelmChartContainer - [K3S] [kubelet_volumes.go:163] "Cleaned up orphaned pod volumes dir" podUID="b535f0eb-038f-4573-8afd-cb3f2f51d985" path="/var/lib/kubelet/pods/b535f0eb-038f-4573-8afd-cb3f2f51d985/volumes"
2025-01-29 13:42:45,068 INFO c.h.h.t.HelmChartContainer - Uninstalling release 'test-hivemq-platform-operator' in namespace 'helmremovenamespaceit-operator'...
2025-01-29 13:42:45,069 DEBUG c.h.h.t.HelmChartContainer - Executing helm command: /bin/helm --kubeconfig /etc/rancher/k3s/k3s.yaml uninstall test-hivemq-platform-operator  --wait --timeout 5m0s --cascade foreground --namespace helmremovenamespaceit-operator
2025-01-29 13:42:45,226 INFO c.h.h.t.HelmChartContainer - [K3S] [replica_set.go:679] "Finished syncing" kind="ReplicaSet" key="helmremovenamespaceit-operator/hivemq-test-hivemq-platform-operator-6966f96d65" duration="7.64733ms"
2025-01-29 13:42:45,227 INFO c.h.h.t.HelmChartContainer - [K3S] [replica_set.go:679] "Finished syncing" kind="ReplicaSet" key="helmremovenamespaceit-operator/hivemq-test-hivemq-platform-operator-6966f96d65" duration="23.103µs"
2025-01-29 13:42:45,239 INFO c.h.h.t.HelmChartContainer - [POD] hivemq-test-hivemq-platform-operator-6966f96d65-25dd5 [b7fed2a8-a831-4c1d-8df3-adbe49bf8e85] in helmremovenamespaceit-operator was MODIFIED
2025-01-29 13:42:45,254 INFO c.h.h.t.HelmChartContainer - [EVENT] Normal [Killing] Stopping container hivemq-platform-operator [helmremovenamespaceit-operator:hivemq-test-hivemq-platform-operator-6966f96d65-25dd5]
2025-01-29 13:42:45,254 INFO c.h.h.t.HelmChartContainer - Received Killing event for container hivemq-platform-operator in pod hivemq-test-hivemq-platform-operator-6966f96d65-25dd5 [b7fed2a8-a831-4c1d-8df3-adbe49bf8e85]
2025-01-29 13:42:45,254 INFO c.h.h.t.HelmChartContainer - Container [hivemq-test-hivemq-platform-operator-6966f96d65-25dd5] [hivemq-platform-operator] [b7fed2a8-a831-4c1d-8df3-adbe49bf8e85] was terminated
2025-01-29 13:42:45,255 INFO c.h.h.t.HelmChartContainer - Stopped log watcher for hivemq-platform-operator in pod hivemq-test-hivemq-platform-operator-6966f96d65-25dd5 [b7fed2a8-a831-4c1d-8df3-adbe49bf8e85]
2025-01-29 13:42:45,258 INFO c.h.h.t.HelmChartContainer - [hivemq-test-hivemq-platform] [hivemq-platform-operator] [b7fed2a8] 13:42:45.254 [application-shutdown-thread] INFO  c.h.p.o.HiveMQPlatformOperatorApplication - HiveMQ Platform Operator is stopping...
2025-01-29 13:42:45,261 INFO c.h.h.t.HelmChartContainer - [hivemq-test-hivemq-platform] [hivemq-platform-operator] [b7fed2a8] 13:42:45.254 [application-shutdown-thread] INFO  i.javaoperatorsdk.operator.Operator - Operator SDK 4.9.7 is shutting down...
2025-01-29 13:42:45,269 INFO c.h.h.t.HelmChartContainer - [K3S] [replica_set.go:679] "Finished syncing" kind="ReplicaSet" key="helmremovenamespaceit-operator/hivemq-test-hivemq-platform-operator-6966f96d65" duration="27.378988ms"
2025-01-29 13:42:45,271 INFO c.h.h.t.HelmChartContainer - [K3S] [replica_set.go:679] "Finished syncing" kind="ReplicaSet" key="helmremovenamespaceit-operator/hivemq-test-hivemq-platform-operator-6966f96d65" duration="34.876µs"
2025-01-29 13:42:45,852 INFO c.h.h.t.HelmChartContainer - [K3S] [replica_set.go:679] "Finished syncing" kind="ReplicaSet" key="helmremovenamespaceit-operator/hivemq-test-hivemq-platform-operator-6966f96d65" duration="38.362µs"
2025-01-29 13:42:45,853 INFO c.h.h.t.HelmChartContainer - [POD] hivemq-test-hivemq-platform-operator-6966f96d65-25dd5 [b7fed2a8-a831-4c1d-8df3-adbe49bf8e85] in helmremovenamespaceit-operator was MODIFIED
2025-01-29 13:42:45,955 INFO c.h.h.t.HelmChartContainer - [K3S] [reconciler_common.go:162] "operationExecutor.UnmountVolume started for volume \"kube-api-access-gg6q6\" (UniqueName: \"kubernetes.io/projected/b7fed2a8-a831-4c1d-8df3-adbe49bf8e85-kube-api-access-gg6q6\") pod \"b7fed2a8-a831-4c1d-8df3-adbe49bf8e85\" (UID: \"b7fed2a8-a831-4c1d-8df3-adbe49bf8e85\") "
2025-01-29 13:42:46,055 INFO c.h.h.t.HelmChartContainer - [K3S] [reconciler_common.go:299] "Volume detached for volume \"kube-api-access-gg6q6\" (UniqueName: \"kubernetes.io/projected/b7fed2a8-a831-4c1d-8df3-adbe49bf8e85-kube-api-access-gg6q6\") on node \"13397d37f1ea\" DevicePath \"\""
2025-01-29 13:42:46,806 INFO c.h.h.t.HelmChartContainer - [K3S] [scope.go:117] "RemoveContainer" containerID="556df4745908a6cce93819eace187a726c60deb30ee1b14ac57f7c8489da20b8"
2025-01-29 13:42:46,815 INFO c.h.h.t.HelmChartContainer - [K3S] [replica_set.go:679] "Finished syncing" kind="ReplicaSet" key="helmremovenamespaceit-operator/hivemq-test-hivemq-platform-operator-6966f96d65" duration="46.838µs"
2025-01-29 13:42:46,816 INFO c.h.h.t.HelmChartContainer - [POD] hivemq-test-hivemq-platform-operator-6966f96d65-25dd5 [b7fed2a8-a831-4c1d-8df3-adbe49bf8e85] in helmremovenamespaceit-operator was MODIFIED
2025-01-29 13:42:46,817 INFO c.h.h.t.HelmChartContainer - [K3S] [replica_set.go:679] "Finished syncing" kind="ReplicaSet" key="helmremovenamespaceit-operator/hivemq-test-hivemq-platform-operator-6966f96d65" duration="27.832µs"
2025-01-29 13:42:46,818 INFO c.h.h.t.HelmChartContainer - [POD] hivemq-test-hivemq-platform-operator-6966f96d65-25dd5 [b7fed2a8-a831-4c1d-8df3-adbe49bf8e85] in helmremovenamespaceit-operator was DELETED
2025-01-29 13:42:46,828 INFO c.h.h.t.HelmChartContainer - [K3S] [replica_set.go:679] "Finished syncing" kind="ReplicaSet" key="helmremovenamespaceit-operator/hivemq-test-hivemq-platform-operator-6966f96d65" duration="5.81µs"
2025-01-29 13:42:47,276 INFO c.h.h.t.HelmChartContainer - Deleting namespace 'helmremovenamespaceit-operator'...
2025-01-29 13:42:48,309 INFO c.h.h.t.HelmChartContainer - [K3S] [namespace_controller.go:187] "Namespace has been deleted" namespace="helmremovenamespaceit"
2025-01-29 13:42:48,309 INFO c.h.h.t.HelmChartContainer - [K3S] [kubelet_volumes.go:163] "Cleaned up orphaned pod volumes dir" podUID="b7fed2a8-a831-4c1d-8df3-adbe49bf8e85" path="/var/lib/kubelet/pods/b7fed2a8-a831-4c1d-8df3-adbe49bf8e85/volumes"
2025-01-29 13:42:52,490 INFO c.h.h.t.HelmChartContainer - Namespace 'helmremovenamespaceit-operator' deleted
2025-01-29 13:42:52,490 INFO c.h.h.t.HelmChartContainer - Release 'test-hivemq-platform-operator' in namespace 'helmremovenamespaceit-operator' is uninstalled
2025-01-29 13:42:53,207 INFO c.h.helmcharts.AbstractHelmChartIT - Removed unused containers:

2025-01-29 13:42:57,393 INFO c.h.h.t.HelmChartContainer - [K3S] [namespace_controller.go:187] "Namespace has been deleted" namespace="helmremovenamespaceit-operator"
2025-01-29 13:43:00,822 INFO c.h.helmcharts.AbstractHelmChartIT - Removed unused snapshots:
Removing snapshot sha256:03af251906410714c5aef9fa705b63f6bbc39c4a5e787de7361eeb18886c2ed2
Removing snapshot sha256:0c46b3b43cce082ce5ec34ffc6c294e0417d17b9d1e6f366d114b6aadc4f96dc
Removing snapshot sha256:0ce761beee59082d6ed5bcebd3a805b8ddd9b3426b617e4809e7fb7c6587ffec
Removing snapshot sha256:0df91287303208332c8ff6ba40ae4710105201739addbfbddfb955f1ad593664
Removing snapshot sha256:1021ef88c7974bfff89c5a0ec4fd3160daac6c48a075f74cff721f85dd104e68
Removing snapshot sha256:10aba4953ddc18145dd38e3704709bc464aa20af60b56fe52caaff4b68411e62
Removing snapshot sha256:2573e0d8158209ed54ab25c87bcdcb00bd3d2539246960a3d592a1c599d70465
Removing snapshot sha256:362a8a37f8bbc31925a8146adcf7cf51f9882f5c1dcbef67c5baa03a297543c0
Removing snapshot sha256:3fa4ad33f0ddc8fd45b39b6b4640f82a3a83619606cd975bfe89d8710ad2d4cd
Removing snapshot sha256:43a7c979bbaba6838bc3102d6b10a1459f3ab050b87ccdfef84ef90cf43d3058
Removing snapshot sha256:4ab04491cdf0d3267f08206fe30bd48f49f94b9cab2f016d6739220f722a64af
Removing snapshot sha256:4b6068250e89c96f263060261819c7d912855bfbd64b3eb4c4a8483299b8c295
Removing snapshot sha256:580e69a0a8034ede1921139bbd2bfb72a69ebf276d008281896c32dd8bf74775
Removing snapshot sha256:5d30ba46b27fe37484567ccc5242cadc78217b8da605f3f195ef25cbf7487904
Removing snapshot sha256:63c4225c3b5e8d51b8dfd656c126ce1b9c0387d2a720754ae6f651db5f705e67
Removing snapshot sha256:63ca1fbb43ae5034640e5e6cb3e083e05c290072c5366fcaa9d62435a4cced85
Removing snapshot sha256:67f702c6baae873bceb19487c8b1f27bd2b86077e4f2f0e480e6d60ab508b8f5
Removing snapshot sha256:6864348dd42806d552efdec384f1274be15e2d0c10ce44c1f04347af004c10a9
Removing snapshot sha256:6c7dee8f2c39b84b7dc2711c01d33de93514d9055499173e9290176fbe484b6c
Removing snapshot sha256:82753493a6d61ded36556292f02f31841a14c20d2f279f19eaad65afb661d5cd
Removing snapshot sha256:8a10d3db42c505ee0fcfa98417bdd7e39b304f6bcc0a06bb1b220797ff2cc63c
Removing snapshot sha256:a0904247e36a7726c03c71ee48f3e64462021c88dafeb13f37fdaf613b27f11c
Removing snapshot sha256:a21e5b12dbac529ad45d976eb9ce45c881f3bedcc500fb30aba1e52aa1813418
Removing snapshot sha256:b921e6c28969094157f9b8e7244677780319637afd14450b7cb6b2fdea558a0c
Removing snapshot sha256:bc27ecb5769a00e309cf99ebc763c4a4b958b618d1decc96ffac5bc05f02f5b7
Removing snapshot sha256:be3ccb6627a5332e309d45ef461d09b4879dd870c7394d89323d0ebc6ca6aa8a
Removing snapshot sha256:c261f7cbbc64211ee175ee47273acdb7b1a36a4450b397a064a8f2c026490095
Removing snapshot sha256:c34d9393647eea0c9e3557ab988efaf59f61d10a2a5613b439ef0958cca5ec10
Removing snapshot sha256:ccf3c4a0fa967a41c1c83497a2ce6fa5787965859df0adb32c4ca2cf7490bc2b
Removing snapshot sha256:cf92d33f869417309692088c341cd0f223c178ea78a125f757317b22aa8f90e9
Removing snapshot sha256:d0037344cf2fb078884f1849f6a1f8cf9a33a3b6139b6a85833e5ee528e1f9a8
Removing snapshot sha256:d3b36d5b79273b1e98e7700470eaeff05a882e777124d84cebcc1505b85ecb36
Removing snapshot sha256:d65a44a37914602d12c611e5e22a50f11451d847e63015cc1c2aef92dee777a4
Removing snapshot sha256:e2dc0bae2455930f23ae570e019b7f32edc75c0f2d71cab084db837ff9051796
Removing snapshot sha256:eccbd24a99c60cd9e86ee5305dbfc4a4dc89f5ab4fb1f06c8d64797cecedef34
Removing snapshot sha256:f144bb4c7c7f0d2aa7eeffd36d934ec40db1ee167be727e326aad9fdc616f475
Removing snapshot sha256:f15fefa3e464e70bcf719af1d7ab9a1ca7c75ab370defa0ebf647f14669752ba

]]></system-out>
  </testcase>
  <system-out><![CDATA[2025-01-29 13:41:23,274 INFO c.h.h.t.HelmChartContainerExtension - Using cached HelmChartContainer instance
]]></system-out>
  <system-err><![CDATA[]]></system-err>
</testsuite>
