<?xml version="1.0" encoding="UTF-8"?>
<testsuite name="com.hivemq.helmcharts.services.HelmRestApiIT" tests="3" skipped="0" failures="0" errors="0" timestamp="2025-01-29T17:03:38" hostname="fv-az1928-742" time="323.123">
  <properties/>
  <testcase name="platformChart_whenAuthEnabled_thenCallsEndpoint()" classname="com.hivemq.helmcharts.services.HelmRestApiIT" time="110.525">
    <system-out><![CDATA[2025-01-29 17:03:38,184 INFO c.h.h.t.HelmChartContainer - Creating namespace 'helmrestapiit-operator'...
2025-01-29 17:03:38,196 INFO c.h.h.t.HelmChartContainer - Namespace 'helmrestapiit-operator' created
2025-01-29 17:03:38,196 INFO c.h.h.t.HelmChartContainer - Creating namespace 'helmrestapiit'...
2025-01-29 17:03:38,205 INFO c.h.h.t.HelmChartContainer - Namespace 'helmrestapiit' created
2025-01-29 17:03:38,274 DEBUG c.h.h.t.HelmChartContainer - Executing helm command: /bin/helm --kubeconfig /etc/rancher/k3s/k3s.yaml install test-hivemq-platform-operator /charts/hivemq-platform-operator --wait --timeout 5m0s --set image.repository=docker.io/hivemq --set image.name=hivemq-platform-operator-test --set image.initImageName=hivemq-platform-operator-init-test --set image.tag=snapshot --set image.pullPolicy=Never --set logLevel=DEBUG --set resources.cpu=512m --namespace helmrestapiit-operator
2025-01-29 17:03:38,595 INFO c.h.h.t.HelmChartContainer - [K3S] [alloc.go:330] "allocated clusterIPs" service="helmrestapiit-operator/hivemq-platform-operator-test-hivemq-platform-operator" clusterIPs={"IPv4":"10.43.34.78"}
2025-01-29 17:03:38,616 INFO c.h.h.t.HelmChartContainer - [POD] hivemq-test-hivemq-platform-operator-6966f96d65-knmn9 [48025727-54ba-4d39-a6ca-3cb2e07b3cfd] in helmrestapiit-operator was ADDED
2025-01-29 17:03:38,619 INFO c.h.h.t.HelmChartContainer - [K3S] [replica_set.go:679] "Finished syncing" kind="ReplicaSet" key="helmrestapiit-operator/hivemq-test-hivemq-platform-operator-6966f96d65" duration="11.521036ms"
2025-01-29 17:03:38,631 INFO c.h.h.t.HelmChartContainer - [EVENT] Normal [SuccessfulCreate] Created pod: hivemq-test-hivemq-platform-operator-6966f96d65-knmn9 [helmrestapiit-operator:hivemq-test-hivemq-platform-operator-6966f96d65]
2025-01-29 17:03:38,632 INFO c.h.h.t.HelmChartContainer - [K3S] [memory_manager.go:355] "RemoveStaleState removing state" podUID="22b27129-d79d-4334-8024-1b22f4643eab" containerName="hivemq-platform-operator"
2025-01-29 17:03:38,633 INFO c.h.h.t.HelmChartContainer - [EVENT] Normal [ScalingReplicaSet] Scaled up replica set hivemq-test-hivemq-platform-operator-6966f96d65 from 0 to 1 [helmrestapiit-operator:hivemq-test-hivemq-platform-operator]
2025-01-29 17:03:38,633 INFO c.h.h.t.HelmChartContainer - [POD] hivemq-test-hivemq-platform-operator-6966f96d65-knmn9 [48025727-54ba-4d39-a6ca-3cb2e07b3cfd] in helmrestapiit-operator was MODIFIED
2025-01-29 17:03:38,637 INFO c.h.h.t.HelmChartContainer - [K3S] [replica_set.go:679] "Finished syncing" kind="ReplicaSet" key="helmrestapiit-operator/hivemq-test-hivemq-platform-operator-6966f96d65" duration="17.684385ms"
2025-01-29 17:03:38,637 INFO c.h.h.t.HelmChartContainer - [K3S] [replica_set.go:679] "Finished syncing" kind="ReplicaSet" key="helmrestapiit-operator/hivemq-test-hivemq-platform-operator-6966f96d65" duration="45.245µs"
2025-01-29 17:03:38,640 INFO c.h.h.t.HelmChartContainer - [EVENT] Normal [Scheduled] Successfully assigned helmrestapiit-operator/hivemq-test-hivemq-platform-operator-6966f96d65-knmn9 to afb1a753e501 [helmrestapiit-operator:hivemq-test-hivemq-platform-operator-6966f96d65-knmn9]
2025-01-29 17:03:38,648 INFO c.h.h.t.HelmChartContainer - [K3S] [replica_set.go:679] "Finished syncing" kind="ReplicaSet" key="helmrestapiit-operator/hivemq-test-hivemq-platform-operator-6966f96d65" duration="35.727µs"
2025-01-29 17:03:38,649 INFO c.h.h.t.HelmChartContainer - [POD] hivemq-test-hivemq-platform-operator-6966f96d65-knmn9 [48025727-54ba-4d39-a6ca-3cb2e07b3cfd] in helmrestapiit-operator was MODIFIED
2025-01-29 17:03:38,709 INFO c.h.h.t.HelmChartContainer - [K3S] [reconciler_common.go:251] "operationExecutor.VerifyControllerAttachedVolume started for volume \"kube-api-access-rp2ck\" (UniqueName: \"kubernetes.io/projected/48025727-54ba-4d39-a6ca-3cb2e07b3cfd-kube-api-access-rp2ck\") pod \"hivemq-test-hivemq-platform-operator-6966f96d65-knmn9\" (UID: \"48025727-54ba-4d39-a6ca-3cb2e07b3cfd\") " pod="helmrestapiit-operator/hivemq-test-hivemq-platform-operator-6966f96d65-knmn9"
2025-01-29 17:03:39,026 INFO c.h.h.t.HelmChartContainer - [EVENT] Normal [Pulled] Container image "docker.io/hivemq/hivemq-platform-operator-test:snapshot" already present on machine [helmrestapiit-operator:hivemq-test-hivemq-platform-operator-6966f96d65-knmn9]
2025-01-29 17:03:39,026 INFO c.h.h.t.HelmChartContainer - Received Pulled event for container hivemq-platform-operator in pod hivemq-test-hivemq-platform-operator-6966f96d65-knmn9 [48025727-54ba-4d39-a6ca-3cb2e07b3cfd]
2025-01-29 17:03:40,279 INFO c.h.h.t.HelmChartContainer - [EVENT] Normal [Created] Created container: hivemq-platform-operator [helmrestapiit-operator:hivemq-test-hivemq-platform-operator-6966f96d65-knmn9]
2025-01-29 17:03:40,279 INFO c.h.h.t.HelmChartContainer - Received Created event for container hivemq-platform-operator in pod hivemq-test-hivemq-platform-operator-6966f96d65-knmn9 [48025727-54ba-4d39-a6ca-3cb2e07b3cfd]
2025-01-29 17:03:40,616 INFO c.h.h.t.HelmChartContainer - [K3S] [replica_set.go:679] "Finished syncing" kind="ReplicaSet" key="helmrestapiit-operator/hivemq-test-hivemq-platform-operator-6966f96d65" duration="40.546µs"
2025-01-29 17:03:40,621 INFO c.h.h.t.HelmChartContainer - [POD] hivemq-test-hivemq-platform-operator-6966f96d65-knmn9 [48025727-54ba-4d39-a6ca-3cb2e07b3cfd] in helmrestapiit-operator was MODIFIED
2025-01-29 17:03:40,628 INFO c.h.h.t.HelmChartContainer - [EVENT] Normal [Started] Started container hivemq-platform-operator [helmrestapiit-operator:hivemq-test-hivemq-platform-operator-6966f96d65-knmn9]
2025-01-29 17:03:40,628 INFO c.h.h.t.HelmChartContainer - Started log watcher for hivemq-platform-operator in pod hivemq-test-hivemq-platform-operator-6966f96d65-knmn9 [48025727-54ba-4d39-a6ca-3cb2e07b3cfd]
2025-01-29 17:03:40,628 INFO c.h.h.t.HelmChartContainer - Received Started event for container hivemq-platform-operator in pod hivemq-test-hivemq-platform-operator-6966f96d65-knmn9 [48025727-54ba-4d39-a6ca-3cb2e07b3cfd]
2025-01-29 17:03:40,629 INFO c.h.h.t.HelmChartContainer - [hivemq-test-hivemq-platform] [hivemq-platform-operator] [48025727] -------------------------------------------------------------------------
2025-01-29 17:03:40,629 INFO c.h.h.t.HelmChartContainer - [hivemq-test-hivemq-platform] [hivemq-platform-operator] [48025727] 
2025-01-29 17:03:40,629 INFO c.h.h.t.HelmChartContainer - [hivemq-test-hivemq-platform] [hivemq-platform-operator] [48025727]                   _    _  _              __  __   ____
2025-01-29 17:03:40,629 INFO c.h.h.t.HelmChartContainer - [hivemq-test-hivemq-platform] [hivemq-platform-operator] [48025727]                  | |  | |(_)            |  \/  | / __ \
2025-01-29 17:03:40,629 INFO c.h.h.t.HelmChartContainer - [hivemq-test-hivemq-platform] [hivemq-platform-operator] [48025727]                  | |__| | _ __   __ ___ | \  / || |  | |
2025-01-29 17:03:40,630 INFO c.h.h.t.HelmChartContainer - [hivemq-test-hivemq-platform] [hivemq-platform-operator] [48025727]                  |  __  || |\ \ / // _ \| |\/| || |  | |
2025-01-29 17:03:40,630 INFO c.h.h.t.HelmChartContainer - [hivemq-test-hivemq-platform] [hivemq-platform-operator] [48025727]                  | |  | || | \ V /|  __/| |  | || |__| |
2025-01-29 17:03:40,630 INFO c.h.h.t.HelmChartContainer - [hivemq-test-hivemq-platform] [hivemq-platform-operator] [48025727]                  |_|  |_||_|  \_/  \___||_|  |_| \___\_\
2025-01-29 17:03:40,630 INFO c.h.h.t.HelmChartContainer - [hivemq-test-hivemq-platform] [hivemq-platform-operator] [48025727] 
2025-01-29 17:03:40,630 INFO c.h.h.t.HelmChartContainer - [hivemq-test-hivemq-platform] [hivemq-platform-operator] [48025727] -------------------------------------------------------------------------
2025-01-29 17:03:40,630 INFO c.h.h.t.HelmChartContainer - [hivemq-test-hivemq-platform] [hivemq-platform-operator] [48025727] 
2025-01-29 17:03:40,630 INFO c.h.h.t.HelmChartContainer - [hivemq-test-hivemq-platform] [hivemq-platform-operator] [48025727]   HiveMQ Platform Operator Start Script v1.0
2025-01-29 17:03:40,630 INFO c.h.h.t.HelmChartContainer - [hivemq-test-hivemq-platform] [hivemq-platform-operator] [48025727] 
2025-01-29 17:03:40,630 INFO c.h.h.t.HelmChartContainer - [hivemq-test-hivemq-platform] [hivemq-platform-operator] [48025727] -------------------------------------------------------------------------
2025-01-29 17:03:40,630 INFO c.h.h.t.HelmChartContainer - [hivemq-test-hivemq-platform] [hivemq-platform-operator] [48025727] 
2025-01-29 17:03:40,630 INFO c.h.h.t.HelmChartContainer - [hivemq-test-hivemq-platform] [hivemq-platform-operator] [48025727]   JAVA_OPTS: -XX:+UnlockExperimentalVMOptions -XX:InitialRAMPercentage=75 -XX:MaxRAMPercentage=75 -Duser.language=en -Duser.region=US
2025-01-29 17:03:40,630 INFO c.h.h.t.HelmChartContainer - [hivemq-test-hivemq-platform] [hivemq-platform-operator] [48025727] 
2025-01-29 17:03:40,630 INFO c.h.h.t.HelmChartContainer - [hivemq-test-hivemq-platform] [hivemq-platform-operator] [48025727]   JAVA_VERSION: 21
2025-01-29 17:03:40,630 INFO c.h.h.t.HelmChartContainer - [hivemq-test-hivemq-platform] [hivemq-platform-operator] [48025727] 
2025-01-29 17:03:40,630 INFO c.h.h.t.HelmChartContainer - [hivemq-test-hivemq-platform] [hivemq-platform-operator] [48025727] -------------------------------------------------------------------------
2025-01-29 17:03:40,630 INFO c.h.h.t.HelmChartContainer - [hivemq-test-hivemq-platform] [hivemq-platform-operator] [48025727] 
2025-01-29 17:03:43,801 INFO c.h.h.t.HelmChartContainer - [hivemq-test-hivemq-platform] [hivemq-platform-operator] [48025727] 17:03:43.798 [main] DEBUG org.jboss.logging - Logging Provider: org.jboss.logging.Slf4jLoggerProvider
2025-01-29 17:03:43,903 INFO c.h.h.t.HelmChartContainer - [hivemq-test-hivemq-platform] [hivemq-platform-operator] [48025727] 17:03:43.902 [main] DEBUG io.smallrye.config - SRCFG01006: Loaded ConfigSource SysPropConfigSource with ordinal 400
2025-01-29 17:03:43,903 INFO c.h.h.t.HelmChartContainer - [hivemq-test-hivemq-platform] [hivemq-platform-operator] [48025727] 17:03:43.902 [main] DEBUG io.smallrye.config - SRCFG01006: Loaded ConfigSource EnvConfigSource with ordinal 300
2025-01-29 17:03:43,903 INFO c.h.h.t.HelmChartContainer - [hivemq-test-hivemq-platform] [hivemq-platform-operator] [48025727] 17:03:43.902 [main] DEBUG io.smallrye.config - SRCFG01006: Loaded ConfigSource PropertiesConfigSource[source=jar:file:///opt/hivemq-platform-operator/bin/hivemq-platform-operator.jar!/hivemq-platform-operator.properties] with ordinal 100
2025-01-29 17:03:43,903 INFO c.h.h.t.HelmChartContainer - [hivemq-test-hivemq-platform] [hivemq-platform-operator] [48025727] 17:03:43.902 [main] DEBUG io.smallrye.config - SRCFG01006: Loaded ConfigSource DefaultValuesConfigSource with ordinal -2147483648
2025-01-29 17:03:44,014 INFO c.h.h.t.HelmChartContainer - [hivemq-test-hivemq-platform] [hivemq-platform-operator] [48025727] 17:03:44.013 [main] DEBUG i.m.c.u.i.l.InternalLoggerFactory - Using SLF4J as the default logging framework
2025-01-29 17:03:44,197 INFO c.h.h.t.HelmChartContainer - [hivemq-test-hivemq-platform] [hivemq-platform-operator] [48025727] 17:03:44.188 [main] INFO  c.h.p.o.HiveMQPlatformOperatorApplication - HiveMQ Platform Operator 1.7.0-SNAPSHOT (commit: 8465ebf on branch: HEAD) built on Wed Jan 29 16:56:31 UTC 2025
2025-01-29 17:03:44,198 INFO c.h.h.t.HelmChartContainer - [hivemq-test-hivemq-platform] [hivemq-platform-operator] [48025727] 17:03:44.197 [main] INFO  c.h.p.o.HiveMQPlatformOperatorApplication - HiveMQ Platform Operator is running in namespace: helmrestapiit-operator
2025-01-29 17:03:44,198 INFO c.h.h.t.HelmChartContainer - [hivemq-test-hivemq-platform] [hivemq-platform-operator] [48025727] 17:03:44.197 [main] INFO  c.h.p.o.HiveMQPlatformOperatorApplication - Watching all namespaces
2025-01-29 17:03:44,198 INFO c.h.h.t.HelmChartContainer - [hivemq-test-hivemq-platform] [hivemq-platform-operator] [48025727] 17:03:44.197 [main] INFO  c.h.p.o.HiveMQPlatformOperatorApplication - Log level: DEBUG
2025-01-29 17:03:44,198 INFO c.h.h.t.HelmChartContainer - [hivemq-test-hivemq-platform] [hivemq-platform-operator] [48025727] 17:03:44.197 [main] INFO  c.h.p.o.HiveMQPlatformOperatorApplication - Release name: test-hivemq-platform-operator
2025-01-29 17:03:44,199 INFO c.h.h.t.HelmChartContainer - [hivemq-test-hivemq-platform] [hivemq-platform-operator] [48025727] 17:03:44.197 [main] INFO  c.h.p.o.HiveMQPlatformOperatorApplication - HiveMQ Platform Operator Init image: docker.io/hivemq/hivemq-platform-operator-init-test:snapshot
2025-01-29 17:03:44,199 INFO c.h.h.t.HelmChartContainer - [hivemq-test-hivemq-platform] [hivemq-platform-operator] [48025727] 17:03:44.197 [main] INFO  c.h.p.o.HiveMQPlatformOperatorApplication - HiveMQ Platform Operator Init App update URL: http://hivemq-platform-operator-test-hivemq-platform-operator.helmrestapiit-operator.svc:8080/initAppUpdate/hivemq-platform-operator-init-app-1.7.0-SNAPSHOT.jar
2025-01-29 17:03:44,199 INFO c.h.h.t.HelmChartContainer - [hivemq-test-hivemq-platform] [hivemq-platform-operator] [48025727] 17:03:44.197 [main] INFO  c.h.p.o.HiveMQPlatformOperatorApplication - Additional imagePullSecret for all Platform deployments: none
2025-01-29 17:03:44,199 INFO c.h.h.t.HelmChartContainer - [hivemq-test-hivemq-platform] [hivemq-platform-operator] [48025727] 17:03:44.197 [main] INFO  c.h.p.o.HiveMQPlatformOperatorApplication - Apply HiveMQ Platform CRD: true
2025-01-29 17:03:44,199 INFO c.h.h.t.HelmChartContainer - [hivemq-test-hivemq-platform] [hivemq-platform-operator] [48025727] 17:03:44.197 [main] INFO  c.h.p.o.HiveMQPlatformOperatorApplication - Create Platform ServiceAccount: true
2025-01-29 17:03:44,200 INFO c.h.h.t.HelmChartContainer - [hivemq-test-hivemq-platform] [hivemq-platform-operator] [48025727] 17:03:44.197 [main] INFO  c.h.p.o.HiveMQPlatformOperatorApplication - Create Platform ServiceAccount permissions: true
2025-01-29 17:03:44,200 INFO c.h.h.t.HelmChartContainer - [hivemq-test-hivemq-platform] [hivemq-platform-operator] [48025727] 17:03:44.197 [main] INFO  c.h.p.o.HiveMQPlatformOperatorApplication - Validate Platform ServiceAccount: true
2025-01-29 17:03:44,200 INFO c.h.h.t.HelmChartContainer - [hivemq-test-hivemq-platform] [hivemq-platform-operator] [48025727] 17:03:44.197 [main] INFO  c.h.p.o.HiveMQPlatformOperatorApplication - Validate Platform ServiceAccount permissions: true
2025-01-29 17:03:44,396 INFO c.h.h.t.HelmChartContainer - [hivemq-test-hivemq-platform] [hivemq-platform-operator] [48025727] 17:03:44.395 [main] INFO  c.h.platform.operator.util.CRDUtil - Verifying deployed HiveMQ Platform CRD...
2025-01-29 17:03:46,899 INFO c.h.h.t.HelmChartContainer - [hivemq-test-hivemq-platform] [hivemq-platform-operator] [48025727] 17:03:46.897 [main] DEBUG c.h.platform.operator.util.CRDUtil - HiveMQ Platform CRD version v1 is up to date
2025-01-29 17:03:46,900 INFO c.h.h.t.HelmChartContainer - [hivemq-test-hivemq-platform] [hivemq-platform-operator] [48025727] 17:03:46.898 [main] INFO  c.h.platform.operator.util.CRDUtil - HiveMQ Platform CRD is up to date (version: V1_6_0)
2025-01-29 17:03:46,900 INFO c.h.h.t.HelmChartContainer - [hivemq-test-hivemq-platform] [hivemq-platform-operator] [48025727] 17:03:46.898 [main] INFO  c.h.platform.operator.util.CRDUtil - Waiting 10000 ms for HiveMQ Platform CRD 'hivemq-platforms.hivemq.com' to become ready...
2025-01-29 17:03:47,290 INFO c.h.h.t.HelmChartContainer - [hivemq-test-hivemq-platform] [hivemq-platform-operator] [48025727] 17:03:47.288 [vert.x-eventloop-thread-1] DEBUG c.h.platform.operator.util.CRDUtil - Checking CRD condition 'NamesAccepted' (status: 'True')
2025-01-29 17:03:47,291 INFO c.h.h.t.HelmChartContainer - [hivemq-test-hivemq-platform] [hivemq-platform-operator] [48025727] 17:03:47.289 [vert.x-eventloop-thread-1] DEBUG c.h.platform.operator.util.CRDUtil - Checking CRD condition 'Established' (status: 'True')
2025-01-29 17:03:47,292 INFO c.h.h.t.HelmChartContainer - [hivemq-test-hivemq-platform] [hivemq-platform-operator] [48025727] 17:03:47.290 [main] INFO  c.h.platform.operator.util.CRDUtil - HiveMQ Platform CRD 'hivemq-platforms.hivemq.com' is ready
2025-01-29 17:03:47,490 INFO c.h.h.t.HelmChartContainer - [hivemq-test-hivemq-platform] [hivemq-platform-operator] [48025727] 17:03:47.489 [main] INFO  c.h.p.o.HiveMQPlatformReconciler - HiveMQ Platform Operator is starting...
2025-01-29 17:03:47,596 INFO c.h.h.t.HelmChartContainer - [hivemq-test-hivemq-platform] [hivemq-platform-operator] [48025727] 17:03:47.595 [main] WARN  Default ConfigurationService implementation - Configuration for reconciler 'hivemq-controller' was not found. Known reconcilers: None.
2025-01-29 17:03:47,603 INFO c.h.h.t.HelmChartContainer - [hivemq-test-hivemq-platform] [hivemq-platform-operator] [48025727] 17:03:47.602 [main] INFO  Default ConfigurationService implementation - Created configuration for reconciler com.hivemq.platform.operator.HiveMQPlatformReconciler with name hivemq-controller
2025-01-29 17:03:47,705 INFO c.h.h.t.HelmChartContainer - [hivemq-test-hivemq-platform] [hivemq-platform-operator] [48025727] 17:03:47.704 [main] DEBUG c.h.p.o.HiveMQPlatformReconciler - HiveMQ Platform Operator is preparing EventSources
2025-01-29 17:03:47,797 INFO c.h.h.t.HelmChartContainer - [hivemq-test-hivemq-platform] [hivemq-platform-operator] [48025727] 17:03:47.796 [main] INFO  i.javaoperatorsdk.operator.Operator - Registered reconciler: 'hivemq-controller' for resource: 'class com.hivemq.platform.operator.v1.HiveMQPlatform' for namespace(s): [all namespaces]
2025-01-29 17:03:48,406 INFO c.h.h.t.HelmChartContainer - [hivemq-test-hivemq-platform] [hivemq-platform-operator] [48025727] 17:03:48.404 [main] INFO  c.h.p.operator.webserver.JettyServer - Starting Jetty server on port 8080
2025-01-29 17:03:48,505 INFO c.h.h.t.HelmChartContainer - [hivemq-test-hivemq-platform] [hivemq-platform-operator] [48025727] 17:03:48.504 [main] INFO  i.javaoperatorsdk.operator.Operator - Operator SDK 4.9.7 (commit: 2133d28) built on Wed Nov 20 12:56:20 UTC 2024 starting...
2025-01-29 17:03:48,505 INFO c.h.h.t.HelmChartContainer - [hivemq-test-hivemq-platform] [hivemq-platform-operator] [48025727] 17:03:48.504 [main] INFO  i.javaoperatorsdk.operator.Operator - Client version: 6.13.5
2025-01-29 17:03:48,506 INFO c.h.h.t.HelmChartContainer - [hivemq-test-hivemq-platform] [hivemq-platform-operator] [48025727] 17:03:48.506 [Controller Starter for: hivemq-controller] INFO  i.j.operator.processing.Controller - Starting 'hivemq-controller' controller for reconciler: com.hivemq.platform.operator.HiveMQPlatformReconciler, resource: com.hivemq.platform.operator.v1.HiveMQPlatform
2025-01-29 17:03:51,094 INFO c.h.h.t.HelmChartContainer - [hivemq-test-hivemq-platform] [hivemq-platform-operator] [48025727] 17:03:51.093 [Controller Starter for: hivemq-controller] INFO  i.j.operator.processing.Controller - 'hivemq-controller' controller started
2025-01-29 17:03:51,094 INFO c.h.h.t.HelmChartContainer - [hivemq-test-hivemq-platform] [hivemq-platform-operator] [48025727] 17:03:51.093 [main] INFO  c.h.p.o.HiveMQPlatformOperatorApplication - HiveMQ Platform Operator 1.7.0-SNAPSHOT started in 6904 ms
2025-01-29 17:03:51,623 INFO c.h.h.t.HelmChartContainer - [POD] hivemq-test-hivemq-platform-operator-6966f96d65-knmn9 [48025727-54ba-4d39-a6ca-3cb2e07b3cfd] in helmrestapiit-operator was MODIFIED
2025-01-29 17:03:51,637 INFO c.h.h.t.HelmChartContainer - [K3S] [replica_set.go:679] "Finished syncing" kind="ReplicaSet" key="helmrestapiit-operator/hivemq-test-hivemq-platform-operator-6966f96d65" duration="15.408315ms"
2025-01-29 17:03:51,637 INFO c.h.h.t.HelmChartContainer - [K3S] [replica_set.go:679] "Finished syncing" kind="ReplicaSet" key="helmrestapiit-operator/hivemq-test-hivemq-platform-operator-6966f96d65" duration="44.804µs"
2025-01-29 17:03:52,795 DEBUG c.h.h.t.HelmChartContainer - Executing helm command: /bin/helm --kubeconfig /etc/rancher/k3s/k3s.yaml install test-hivemq-platform /charts/hivemq-platform --wait --timeout 5m0s --set image.repository=docker.io/hivemq --set image.tag=4.36.0 --set image.pullPolicy=Never --set nodes.resources.cpu=512m -f /files/rest-api-with-auth-values.yaml --namespace helmrestapiit
2025-01-29 17:03:53,050 INFO c.h.h.t.HelmChartContainer - [hivemq-test-hivemq-platform] [hivemq-platform-operator] [48025727] 17:03:53.048 [-2082509879-pool-1-thread-2] WARN  i.m.p.PrometheusMeterRegistry - The meter (MeterId{name='operator.sdk.events.received', tags=[tag(action=ADDED),tag(event=ResourceEvent),tag(group=hivemq.com),tag(kind=HiveMQPlatform),tag(name=test-hivemq-platform),tag(namespace=helmrestapiit),tag(scope=namespace),tag(version=v1)]}) registration has failed: Prometheus requires that all meters with the same name have the same set of tag keys. There is already an existing meter named 'operator.sdk.events.received' containing tag keys [event, group, kind, name, namespace, scope, version]. The meter you are attempting to register has keys [action, event, group, kind, name, namespace, scope, version]. Note that subsequent logs will be logged at debug level.
2025-01-29 17:03:53,589 INFO c.h.h.t.HelmChartContainer - [hivemq-test-hivemq-platform] [hivemq-platform-operator] [48025727] 17:03:53.588 [pool-6-thread-3] DEBUG c.h.p.o.dependants.PodInfoConfigMap - [helmrest] Desired PodInfo ConfigMap (2 extensions) (1 enabled)
2025-01-29 17:03:53,591 INFO c.h.h.t.HelmChartContainer - [hivemq-test-hivemq-platform] [hivemq-platform-operator] [48025727] 17:03:53.589 [pool-6-thread-3] DEBUG c.h.p.o.dependants.PodInfoConfigMap - [helmrest] Desired PodInfo ConfigMap (metrics port: 9399) (metrics path: /)
2025-01-29 17:03:53,591 INFO c.h.h.t.HelmChartContainer - [hivemq-test-hivemq-platform] [hivemq-platform-operator] [48025727] 17:03:53.590 [pool-6-thread-3] DEBUG c.h.p.o.dependants.PodInfoConfigMap - [helmrest] Desired PodInfo ConfigMap (extension state hash: -582416871)
2025-01-29 17:03:53,593 INFO c.h.h.t.HelmChartContainer - [hivemq-test-hivemq-platform] [hivemq-platform-operator] [48025727] 17:03:53.592 [pool-6-thread-3] DEBUG c.h.p.o.dependants.PodInfoConfigMap - [helmrest] Create PodInfo ConfigMap
2025-01-29 17:03:53,690 INFO c.h.h.t.HelmChartContainer - [hivemq-test-hivemq-platform] [hivemq-platform-operator] [48025727] 17:03:53.687 [pool-6-thread-5] DEBUG c.h.p.o.dependants.PodRoleResource - [helmrest] Create Role: Role(apiVersion=rbac.authorization.k8s.io/v1, kind=Role, metadata=ObjectMeta(annotations={meta.helm.sh/release-name=test-hivemq-platform, meta.helm.sh/release-namespace=helmrestapiit}, creationTimestamp=null, deletionGracePeriodSeconds=null, deletionTimestamp=null, finalizers=[], generateName=null, generation=null, labels={helm.sh/chart=hivemq-platform-0.2.32, app.kubernetes.io/managed-by=Helm, app.kubernetes.io/name=hivemq-platform, hivemq-platform=test-hivemq-platform, app.kubernetes.io/instance=test-hivemq-platform, app.kubernetes.io/version=4.36.0}, managedFields=[], name=hivemq-platform-role-test-hivemq-platform, namespace=helmrestapiit, ownerReferences=[OwnerReference(apiVersion=hivemq.com/v1, blockOwnerDeletion=null, controller=null, kind=HiveMQPlatform, name=test-hivemq-platform, uid=ed5bd6a8-483a-422d-b97d-527dd854a873, additionalProperties={})], resourceVersion=null, selfLink=null, uid=null, additionalProperties={}), rules=[PolicyRule(apiGroups=[], nonResourceURLs=[], resourceNames=[], resources=[pods], verbs=[get, patch, update], additionalProperties={})], additionalProperties={})
2025-01-29 17:03:53,802 INFO c.h.h.t.HelmChartContainer - [hivemq-test-hivemq-platform] [hivemq-platform-operator] [48025727] 17:03:53.798 [pool-6-thread-7] DEBUG c.h.p.o.d.PodServiceAccountResource - [helmrest] Desired PodServiceAccountResource (serviceAccountName: hivemq-platform-pod-test-hivemq-platform)
2025-01-29 17:03:53,802 INFO c.h.h.t.HelmChartContainer - [hivemq-test-hivemq-platform] [hivemq-platform-operator] [48025727] 17:03:53.799 [pool-6-thread-7] DEBUG c.h.p.o.d.PodServiceAccountResource - [helmrest] Create ServiceAccount 'hivemq-platform-pod-test-hivemq-platform'
2025-01-29 17:03:53,992 INFO c.h.h.t.HelmChartContainer - [hivemq-test-hivemq-platform] [hivemq-platform-operator] [48025727] 17:03:53.990 [pool-6-thread-10] DEBUG c.h.p.o.d.PodRoleBindingResource - [helmrest] Create RoleBinding: RoleBinding(apiVersion=rbac.authorization.k8s.io/v1, kind=RoleBinding, metadata=ObjectMeta(annotations={meta.helm.sh/release-name=test-hivemq-platform, meta.helm.sh/release-namespace=helmrestapiit}, creationTimestamp=null, deletionGracePeriodSeconds=null, deletionTimestamp=null, finalizers=[], generateName=null, generation=null, labels={helm.sh/chart=hivemq-platform-0.2.32, app.kubernetes.io/managed-by=Helm, app.kubernetes.io/name=hivemq-platform, hivemq-platform=test-hivemq-platform, app.kubernetes.io/instance=test-hivemq-platform, app.kubernetes.io/version=4.36.0}, managedFields=[], name=hivemq-platform-role-binding-test-hivemq-platform, namespace=helmrestapiit, ownerReferences=[OwnerReference(apiVersion=hivemq.com/v1, blockOwnerDeletion=null, controller=null, kind=HiveMQPlatform, name=test-hivemq-platform, uid=ed5bd6a8-483a-422d-b97d-527dd854a873, additionalProperties={})], resourceVersion=null, selfLink=null, uid=null, additionalProperties={}), roleRef=RoleRef(apiGroup=rbac.authorization.k8s.io, kind=Role, name=hivemq-platform-role-test-hivemq-platform, additionalProperties={}), subjects=[Subject(apiGroup=null, kind=ServiceAccount, name=hivemq-platform-pod-test-hivemq-platform, namespace=helmrestapiit, additionalProperties={})], additionalProperties={})
2025-01-29 17:03:54,087 INFO c.h.h.t.HelmChartContainer - [hivemq-test-hivemq-platform] [hivemq-platform-operator] [48025727] 17:03:54.086 [ReconcilerExecutor-hivemq-controller-54] INFO  c.h.p.o.HiveMQPlatformReconciler - [helmrest] Reconciling HiveMQ Platform 'test-hivemq-platform' in namespace 'helmrestapiit'
2025-01-29 17:03:54,087 INFO c.h.h.t.HelmChartContainer - [hivemq-test-hivemq-platform] [hivemq-platform-operator] [48025727] 17:03:54.086 [ReconcilerExecutor-hivemq-controller-54] DEBUG c.h.p.o.HiveMQPlatformReconciler - [helmrest] Custom Resource Status CREATED - HiveMQ Platform was created (READY)
2025-01-29 17:03:54,088 INFO c.h.h.t.HelmChartContainer - [hivemq-test-hivemq-platform] [hivemq-platform-operator] [48025727] 17:03:54.086 [ReconcilerExecutor-hivemq-controller-54] DEBUG c.h.p.o.HiveMQPlatformReconciler - [helmrest] Custom Resource Spec (replicas: 1) (extensions: 2)
2025-01-29 17:03:54,092 INFO c.h.h.t.HelmChartContainer - [hivemq-test-hivemq-platform] [hivemq-platform-operator] [48025727] 17:03:54.091 [ReconcilerExecutor-hivemq-controller-54] INFO  c.h.p.o.h.HiveMQPlatformReconcilerBaseHandler - [helmrest] HiveMQ Platform is starting
2025-01-29 17:03:54,190 INFO c.h.h.t.HelmChartContainer - [hivemq-test-hivemq-platform] [hivemq-platform-operator] [48025727] 17:03:54.189 [ReconcilerExecutor-hivemq-controller-54] DEBUG c.h.p.operator.event.EventSender - [helmrest] Creating K8s event hivemq-platform-starting: [Start] HiveMQ Platform is starting
2025-01-29 17:03:54,201 INFO c.h.h.t.HelmChartContainer - [EVENT] Normal [Start] HiveMQ Platform is starting [helmrestapiit:test-hivemq-platform]
2025-01-29 17:03:54,206 INFO c.h.h.t.HelmChartContainer - [hivemq-test-hivemq-platform] [hivemq-platform-operator] [48025727] 17:03:54.204 [ReconcilerExecutor-hivemq-controller-54] INFO  c.h.p.o.h.AbstractHiveMQReconcilerStateHandler - [helmrest] Update HiveMQ Platform Status (CREATED [READY] -> STARTING [READY]): HiveMQ Platform is starting
2025-01-29 17:03:54,292 DEBUG com.hivemq.helmcharts.util.K8sUtil - Comparing actual state 'STARTING' and waiting for 'RUNNING'
2025-01-29 17:04:04,306 INFO c.h.h.t.HelmChartContainer - [hivemq-test-hivemq-platform] [hivemq-platform-operator] [48025727] 17:04:04.301 [pool-6-thread-12] DEBUG c.h.p.o.d.PlatformServiceResource - [helmrest] Desired Platform services (2 services)
2025-01-29 17:04:04,308 INFO c.h.h.t.HelmChartContainer - [hivemq-test-hivemq-platform] [hivemq-platform-operator] [48025727] 17:04:04.306 [pool-6-thread-13] DEBUG c.h.p.o.dependants.PodInfoConfigMap - [helmrest] Desired PodInfo ConfigMap (2 extensions) (1 enabled)
2025-01-29 17:04:04,309 INFO c.h.h.t.HelmChartContainer - [hivemq-test-hivemq-platform] [hivemq-platform-operator] [48025727] 17:04:04.308 [pool-6-thread-13] DEBUG c.h.p.o.dependants.PodInfoConfigMap - [helmrest] Desired PodInfo ConfigMap (metrics port: 9399) (metrics path: /)
2025-01-29 17:04:04,309 INFO c.h.h.t.HelmChartContainer - [hivemq-test-hivemq-platform] [hivemq-platform-operator] [48025727] 17:04:04.309 [pool-6-thread-13] DEBUG c.h.p.o.dependants.PodInfoConfigMap - [helmrest] Desired PodInfo ConfigMap (extension state hash: -582416871)
2025-01-29 17:04:04,311 INFO c.h.h.t.HelmChartContainer - [hivemq-test-hivemq-platform] [hivemq-platform-operator] [48025727] 17:04:04.307 [pool-6-thread-17] DEBUG c.h.p.o.d.PodServiceAccountResource - [helmrest] Desired PodServiceAccountResource (serviceAccountName: hivemq-platform-pod-test-hivemq-platform)
2025-01-29 17:04:04,322 INFO c.h.h.t.HelmChartContainer - [K3S] [alloc.go:330] "allocated clusterIPs" service="helmrestapiit/hivemq-test-hivemq-platform-rest-8890" clusterIPs={"IPv4":"10.43.129.3"}
2025-01-29 17:04:04,389 INFO c.h.h.t.HelmChartContainer - [hivemq-test-hivemq-platform] [hivemq-platform-operator] [48025727] 17:04:04.388 [pool-6-thread-13] DEBUG c.h.p.o.dependants.PodInfoConfigMap - [helmrest] Update PodInfo ConfigMap
2025-01-29 17:04:04,401 INFO c.h.h.t.HelmChartContainer - [K3S] [alloc.go:330] "allocated clusterIPs" service="helmrestapiit/hivemq-test-hivemq-platform-metrics-9399" clusterIPs={"IPv4":"10.43.134.192"}
2025-01-29 17:04:04,489 INFO c.h.h.t.HelmChartContainer - [hivemq-test-hivemq-platform] [hivemq-platform-operator] [48025727] 17:04:04.487 [pool-6-thread-20] DEBUG c.h.p.o.d.StatefulSetResource - [helmrest] Desired StatefulSet (1 replicas) for status STARTING (READY)
2025-01-29 17:04:04,503 INFO c.h.h.t.HelmChartContainer - [hivemq-test-hivemq-platform] [hivemq-platform-operator] [48025727] 17:04:04.502 [pool-6-thread-20] DEBUG c.h.p.o.d.StatefulSetResource - [helmrest] Create StatefulSet
2025-01-29 17:04:04,605 INFO c.h.h.t.HelmChartContainer - [hivemq-test-hivemq-platform] [hivemq-platform-operator] [48025727] 17:04:04.602 [ReconcilerExecutor-hivemq-controller-65] INFO  c.h.p.o.HiveMQPlatformReconciler - [helmrest] Reconciling HiveMQ Platform 'test-hivemq-platform' in namespace 'helmrestapiit'
2025-01-29 17:04:04,605 INFO c.h.h.t.HelmChartContainer - [hivemq-test-hivemq-platform] [hivemq-platform-operator] [48025727] 17:04:04.603 [ReconcilerExecutor-hivemq-controller-65] DEBUG c.h.p.o.HiveMQPlatformReconciler - [helmrest] Custom Resource Status STARTING - HiveMQ Platform is starting (READY)
2025-01-29 17:04:04,605 INFO c.h.h.t.HelmChartContainer - [hivemq-test-hivemq-platform] [hivemq-platform-operator] [48025727] 17:04:04.603 [ReconcilerExecutor-hivemq-controller-65] DEBUG c.h.p.o.HiveMQPlatformReconciler - [helmrest] Custom Resource Spec (replicas: 1) (extensions: 2)
2025-01-29 17:04:04,618 INFO c.h.h.t.HelmChartContainer - [POD] test-hivemq-platform-0 [8f486402-ba3c-486b-9cf4-5943903854c5] in helmrestapiit was ADDED
2025-01-29 17:04:04,618 INFO c.h.h.t.HelmChartContainer - [EVENT] Normal [SuccessfulCreate] create Pod test-hivemq-platform-0 in StatefulSet test-hivemq-platform successful [helmrestapiit:test-hivemq-platform]
2025-01-29 17:04:04,622 INFO c.h.h.t.HelmChartContainer - [EVENT] Normal [Scheduled] Successfully assigned helmrestapiit/test-hivemq-platform-0 to afb1a753e501 [helmrestapiit:test-hivemq-platform-0]
2025-01-29 17:04:04,624 INFO c.h.h.t.HelmChartContainer - [POD] test-hivemq-platform-0 [8f486402-ba3c-486b-9cf4-5943903854c5] in helmrestapiit was MODIFIED
2025-01-29 17:04:04,634 INFO c.h.h.t.HelmChartContainer - [POD] test-hivemq-platform-0 [8f486402-ba3c-486b-9cf4-5943903854c5] in helmrestapiit was MODIFIED
2025-01-29 17:04:04,689 INFO c.h.h.t.HelmChartContainer - [hivemq-test-hivemq-platform] [hivemq-platform-operator] [48025727] 17:04:04.686 [ReconcilerExecutor-hivemq-controller-65] DEBUG c.h.p.o.HiveMQPlatformReconciler - [helmrest] StatefulSet Status (revision: null, replicas: 0, available: 0, ready: 0, current: 0, updated: 0)
2025-01-29 17:04:04,689 INFO c.h.h.t.HelmChartContainer - [hivemq-test-hivemq-platform] [hivemq-platform-operator] [48025727] 17:04:04.687 [ReconcilerExecutor-hivemq-controller-65] DEBUG c.h.p.o.HiveMQPlatformReconciler - [helmrest] StatefulSet Spec (replicas: 1, init containers: 1, containers: 1, volumes: 5)
2025-01-29 17:04:04,692 INFO c.h.h.t.HelmChartContainer - [hivemq-test-hivemq-platform] [hivemq-platform-operator] [48025727] 17:04:04.691 [ReconcilerExecutor-hivemq-controller-65] INFO  c.h.p.o.h.HiveMQPlatformReconcilerBaseHandler - [helmrest] HiveMQ Platform is starting, 0 of 1 replicas are ready
2025-01-29 17:04:04,698 INFO c.h.h.t.HelmChartContainer - [hivemq-test-hivemq-platform] [hivemq-platform-operator] [48025727] 17:04:04.696 [pool-6-thread-22] DEBUG c.h.p.o.d.PlatformServiceResource - [helmrest] Desired Platform services (2 services)
2025-01-29 17:04:04,753 INFO c.h.h.t.HelmChartContainer - [K3S] [reconciler_common.go:251] "operationExecutor.VerifyControllerAttachedVolume started for volume \"pod-info\" (UniqueName: \"kubernetes.io/configmap/8f486402-ba3c-486b-9cf4-5943903854c5-pod-info\") pod \"test-hivemq-platform-0\" (UID: \"8f486402-ba3c-486b-9cf4-5943903854c5\") " pod="helmrestapiit/test-hivemq-platform-0"
2025-01-29 17:04:04,753 INFO c.h.h.t.HelmChartContainer - [K3S] [reconciler_common.go:251] "operationExecutor.VerifyControllerAttachedVolume started for volume \"extension-configuration-hivemq-enterprise-security-extension\" (UniqueName: \"kubernetes.io/configmap/8f486402-ba3c-486b-9cf4-5943903854c5-extension-configuration-hivemq-enterprise-security-extension\") pod \"test-hivemq-platform-0\" (UID: \"8f486402-ba3c-486b-9cf4-5943903854c5\") " pod="helmrestapiit/test-hivemq-platform-0"
2025-01-29 17:04:04,753 INFO c.h.h.t.HelmChartContainer - [K3S] [reconciler_common.go:251] "operationExecutor.VerifyControllerAttachedVolume started for volume \"kube-api-access-6npqx\" (UniqueName: \"kubernetes.io/projected/8f486402-ba3c-486b-9cf4-5943903854c5-kube-api-access-6npqx\") pod \"test-hivemq-platform-0\" (UID: \"8f486402-ba3c-486b-9cf4-5943903854c5\") " pod="helmrestapiit/test-hivemq-platform-0"
2025-01-29 17:04:04,753 INFO c.h.h.t.HelmChartContainer - [K3S] [reconciler_common.go:251] "operationExecutor.VerifyControllerAttachedVolume started for volume \"ese-file-realm\" (UniqueName: \"kubernetes.io/configmap/8f486402-ba3c-486b-9cf4-5943903854c5-ese-file-realm\") pod \"test-hivemq-platform-0\" (UID: \"8f486402-ba3c-486b-9cf4-5943903854c5\") " pod="helmrestapiit/test-hivemq-platform-0"
2025-01-29 17:04:04,753 INFO c.h.h.t.HelmChartContainer - [K3S] [reconciler_common.go:251] "operationExecutor.VerifyControllerAttachedVolume started for volume \"broker-configuration\" (UniqueName: \"kubernetes.io/configmap/8f486402-ba3c-486b-9cf4-5943903854c5-broker-configuration\") pod \"test-hivemq-platform-0\" (UID: \"8f486402-ba3c-486b-9cf4-5943903854c5\") " pod="helmrestapiit/test-hivemq-platform-0"
2025-01-29 17:04:04,753 INFO c.h.h.t.HelmChartContainer - [K3S] [reconciler_common.go:251] "operationExecutor.VerifyControllerAttachedVolume started for volume \"operator-init\" (UniqueName: \"kubernetes.io/empty-dir/8f486402-ba3c-486b-9cf4-5943903854c5-operator-init\") pod \"test-hivemq-platform-0\" (UID: \"8f486402-ba3c-486b-9cf4-5943903854c5\") " pod="helmrestapiit/test-hivemq-platform-0"
2025-01-29 17:04:04,787 INFO c.h.h.t.HelmChartContainer - [hivemq-test-hivemq-platform] [hivemq-platform-operator] [48025727] 17:04:04.786 [pool-6-thread-23] DEBUG c.h.p.o.dependants.PodInfoConfigMap - [helmrest] Desired PodInfo ConfigMap (2 extensions) (1 enabled)
2025-01-29 17:04:04,790 INFO c.h.h.t.HelmChartContainer - [hivemq-test-hivemq-platform] [hivemq-platform-operator] [48025727] 17:04:04.786 [pool-6-thread-23] DEBUG c.h.p.o.dependants.PodInfoConfigMap - [helmrest] Desired PodInfo ConfigMap (metrics port: 9399) (metrics path: /)
2025-01-29 17:04:04,791 INFO c.h.h.t.HelmChartContainer - [hivemq-test-hivemq-platform] [hivemq-platform-operator] [48025727] 17:04:04.786 [pool-6-thread-23] DEBUG c.h.p.o.dependants.PodInfoConfigMap - [helmrest] Desired PodInfo ConfigMap (extension state hash: -582416871)
2025-01-29 17:04:04,791 INFO c.h.h.t.HelmChartContainer - [hivemq-test-hivemq-platform] [hivemq-platform-operator] [48025727] 17:04:04.788 [pool-6-thread-27] DEBUG c.h.p.o.d.PodServiceAccountResource - [helmrest] Desired PodServiceAccountResource (serviceAccountName: hivemq-platform-pod-test-hivemq-platform)
2025-01-29 17:04:04,802 INFO c.h.h.t.HelmChartContainer - [hivemq-test-hivemq-platform] [hivemq-platform-operator] [48025727] 17:04:04.801 [pool-6-thread-30] DEBUG c.h.p.o.d.StatefulSetResource - [helmrest] Desired StatefulSet (1 replicas) for status STARTING (READY)
2025-01-29 17:04:04,893 INFO c.h.h.t.HelmChartContainer - [hivemq-test-hivemq-platform] [hivemq-platform-operator] [48025727] 17:04:04.892 [ReconcilerExecutor-hivemq-controller-76] INFO  c.h.p.o.HiveMQPlatformReconciler - [helmrest] Reconciling HiveMQ Platform 'test-hivemq-platform' in namespace 'helmrestapiit'
2025-01-29 17:04:04,894 INFO c.h.h.t.HelmChartContainer - [hivemq-test-hivemq-platform] [hivemq-platform-operator] [48025727] 17:04:04.892 [ReconcilerExecutor-hivemq-controller-76] DEBUG c.h.p.o.HiveMQPlatformReconciler - [helmrest] Custom Resource Status STARTING - HiveMQ Platform is starting (READY)
2025-01-29 17:04:04,894 INFO c.h.h.t.HelmChartContainer - [hivemq-test-hivemq-platform] [hivemq-platform-operator] [48025727] 17:04:04.892 [ReconcilerExecutor-hivemq-controller-76] DEBUG c.h.p.o.HiveMQPlatformReconciler - [helmrest] Custom Resource Spec (replicas: 1) (extensions: 2)
2025-01-29 17:04:04,897 INFO c.h.h.t.HelmChartContainer - [hivemq-test-hivemq-platform] [hivemq-platform-operator] [48025727] 17:04:04.896 [ReconcilerExecutor-hivemq-controller-76] DEBUG c.h.p.o.HiveMQPlatformReconciler - [helmrest] StatefulSet Status (revision: test-hivemq-platform-bbf59449c, replicas: 1, available: 0, ready: 0, current: 1, updated: 1)
2025-01-29 17:04:04,897 INFO c.h.h.t.HelmChartContainer - [hivemq-test-hivemq-platform] [hivemq-platform-operator] [48025727] 17:04:04.897 [ReconcilerExecutor-hivemq-controller-76] DEBUG c.h.p.o.HiveMQPlatformReconciler - [helmrest] StatefulSet Spec (replicas: 1, init containers: 1, containers: 1, volumes: 5)
2025-01-29 17:04:04,993 INFO c.h.h.t.HelmChartContainer - [hivemq-test-hivemq-platform] [hivemq-platform-operator] [48025727] 17:04:04.991 [ReconcilerExecutor-hivemq-controller-76] DEBUG c.h.p.o.h.HiveMQPlatformReconcilerErrorHandler - [helmrest] Pod 'test-hivemq-platform-0' phase Pending
2025-01-29 17:04:04,994 INFO c.h.h.t.HelmChartContainer - [hivemq-test-hivemq-platform] [hivemq-platform-operator] [48025727] 17:04:04.992 [ReconcilerExecutor-hivemq-controller-76] DEBUG c.h.p.o.h.HiveMQPlatformReconcilerErrorHandler - [helmrest] Pod 'test-hivemq-platform-0' condition 'PodReadyToStartContainers': False
2025-01-29 17:04:04,995 INFO c.h.h.t.HelmChartContainer - [hivemq-test-hivemq-platform] [hivemq-platform-operator] [48025727] 17:04:04.992 [ReconcilerExecutor-hivemq-controller-76] DEBUG c.h.p.o.h.HiveMQPlatformReconcilerErrorHandler - [helmrest] Pod 'test-hivemq-platform-0' condition 'Initialized': False
2025-01-29 17:04:04,995 INFO c.h.h.t.HelmChartContainer - [hivemq-test-hivemq-platform] [hivemq-platform-operator] [48025727] 17:04:04.993 [ReconcilerExecutor-hivemq-controller-76] DEBUG c.h.p.o.h.HiveMQPlatformReconcilerErrorHandler - [helmrest] Pod 'test-hivemq-platform-0' condition 'Ready': False
2025-01-29 17:04:04,996 INFO c.h.h.t.HelmChartContainer - [hivemq-test-hivemq-platform] [hivemq-platform-operator] [48025727] 17:04:04.993 [ReconcilerExecutor-hivemq-controller-76] DEBUG c.h.p.o.h.HiveMQPlatformReconcilerErrorHandler - [helmrest] Pod 'test-hivemq-platform-0' condition 'ContainersReady': False
2025-01-29 17:04:04,997 INFO c.h.h.t.HelmChartContainer - [hivemq-test-hivemq-platform] [hivemq-platform-operator] [48025727] 17:04:04.994 [ReconcilerExecutor-hivemq-controller-76] DEBUG c.h.p.o.h.HiveMQPlatformReconcilerErrorHandler - [helmrest] Pod 'test-hivemq-platform-0' condition 'PodScheduled': True
2025-01-29 17:04:04,997 INFO c.h.h.t.HelmChartContainer - [hivemq-test-hivemq-platform] [hivemq-platform-operator] [48025727] 17:04:04.994 [ReconcilerExecutor-hivemq-controller-76] DEBUG c.h.p.o.h.HiveMQPlatformReconcilerErrorHandler - [helmrest] Pod 'test-hivemq-platform-0' containerStatus 'hivemq' (started: false) (ready: false) (waiting: [PodInitializing] null)
2025-01-29 17:04:04,999 INFO c.h.h.t.HelmChartContainer - [hivemq-test-hivemq-platform] [hivemq-platform-operator] [48025727] 17:04:04.998 [ReconcilerExecutor-hivemq-controller-76] INFO  c.h.p.o.h.HiveMQPlatformReconcilerBaseHandler - [helmrest] HiveMQ Platform is starting, 0 of 1 replicas are ready
2025-01-29 17:04:05,021 INFO c.h.h.t.HelmChartContainer - [EVENT] Normal [Pulled] Container image "docker.io/hivemq/hivemq-platform-operator-init-test:snapshot" already present on machine [helmrestapiit:test-hivemq-platform-0]
2025-01-29 17:04:05,086 INFO c.h.h.t.HelmChartContainer - [hivemq-test-hivemq-platform] [hivemq-platform-operator] [48025727] 17:04:05.084 [pool-6-thread-32] DEBUG c.h.p.o.d.PlatformServiceResource - [helmrest] Desired Platform services (2 services)
2025-01-29 17:04:05,091 INFO c.h.h.t.HelmChartContainer - [hivemq-test-hivemq-platform] [hivemq-platform-operator] [48025727] 17:04:05.090 [pool-6-thread-33] DEBUG c.h.p.o.dependants.PodInfoConfigMap - [helmrest] Desired PodInfo ConfigMap (2 extensions) (1 enabled)
2025-01-29 17:04:05,094 INFO c.h.h.t.HelmChartContainer - [hivemq-test-hivemq-platform] [hivemq-platform-operator] [48025727] 17:04:05.092 [pool-6-thread-33] DEBUG c.h.p.o.dependants.PodInfoConfigMap - [helmrest] Desired PodInfo ConfigMap (metrics port: 9399) (metrics path: /)
2025-01-29 17:04:05,095 INFO c.h.h.t.HelmChartContainer - [hivemq-test-hivemq-platform] [hivemq-platform-operator] [48025727] 17:04:05.092 [pool-6-thread-37] DEBUG c.h.p.o.d.PodServiceAccountResource - [helmrest] Desired PodServiceAccountResource (serviceAccountName: hivemq-platform-pod-test-hivemq-platform)
2025-01-29 17:04:05,096 INFO c.h.h.t.HelmChartContainer - [hivemq-test-hivemq-platform] [hivemq-platform-operator] [48025727] 17:04:05.095 [pool-6-thread-33] DEBUG c.h.p.o.dependants.PodInfoConfigMap - [helmrest] Desired PodInfo ConfigMap (extension state hash: -582416871)
2025-01-29 17:04:05,103 INFO c.h.h.t.HelmChartContainer - [hivemq-test-hivemq-platform] [hivemq-platform-operator] [48025727] 17:04:05.100 [pool-6-thread-40] DEBUG c.h.p.o.d.StatefulSetResource - [helmrest] Desired StatefulSet (1 replicas) for status STARTING (READY)
2025-01-29 17:04:05,107 INFO c.h.h.t.HelmChartContainer - [hivemq-test-hivemq-platform] [hivemq-platform-operator] [48025727] 17:04:05.106 [ReconcilerExecutor-hivemq-controller-87] INFO  c.h.p.o.HiveMQPlatformReconciler - [helmrest] Reconciling HiveMQ Platform 'test-hivemq-platform' in namespace 'helmrestapiit'
2025-01-29 17:04:05,107 INFO c.h.h.t.HelmChartContainer - [hivemq-test-hivemq-platform] [hivemq-platform-operator] [48025727] 17:04:05.106 [ReconcilerExecutor-hivemq-controller-87] DEBUG c.h.p.o.HiveMQPlatformReconciler - [helmrest] Custom Resource Status STARTING - HiveMQ Platform is starting (READY)
2025-01-29 17:04:05,107 INFO c.h.h.t.HelmChartContainer - [hivemq-test-hivemq-platform] [hivemq-platform-operator] [48025727] 17:04:05.106 [ReconcilerExecutor-hivemq-controller-87] DEBUG c.h.p.o.HiveMQPlatformReconciler - [helmrest] Custom Resource Spec (replicas: 1) (extensions: 2)
2025-01-29 17:04:05,190 INFO c.h.h.t.HelmChartContainer - [hivemq-test-hivemq-platform] [hivemq-platform-operator] [48025727] 17:04:05.187 [ReconcilerExecutor-hivemq-controller-87] DEBUG c.h.p.o.HiveMQPlatformReconciler - [helmrest] StatefulSet Status (revision: test-hivemq-platform-bbf59449c, replicas: 1, available: 0, ready: 0, current: 1, updated: 1)
2025-01-29 17:04:05,191 INFO c.h.h.t.HelmChartContainer - [hivemq-test-hivemq-platform] [hivemq-platform-operator] [48025727] 17:04:05.187 [ReconcilerExecutor-hivemq-controller-87] DEBUG c.h.p.o.HiveMQPlatformReconciler - [helmrest] StatefulSet Spec (replicas: 1, init containers: 1, containers: 1, volumes: 5)
2025-01-29 17:04:05,191 INFO c.h.h.t.HelmChartContainer - [hivemq-test-hivemq-platform] [hivemq-platform-operator] [48025727] 17:04:05.189 [ReconcilerExecutor-hivemq-controller-87] DEBUG c.h.p.o.h.HiveMQPlatformReconcilerErrorHandler - [helmrest] Pod 'test-hivemq-platform-0' phase Pending
2025-01-29 17:04:05,195 INFO c.h.h.t.HelmChartContainer - [hivemq-test-hivemq-platform] [hivemq-platform-operator] [48025727] 17:04:05.190 [ReconcilerExecutor-hivemq-controller-87] DEBUG c.h.p.o.h.HiveMQPlatformReconcilerErrorHandler - [helmrest] Pod 'test-hivemq-platform-0' condition 'PodReadyToStartContainers': False
2025-01-29 17:04:05,196 INFO c.h.h.t.HelmChartContainer - [hivemq-test-hivemq-platform] [hivemq-platform-operator] [48025727] 17:04:05.190 [ReconcilerExecutor-hivemq-controller-87] DEBUG c.h.p.o.h.HiveMQPlatformReconcilerErrorHandler - [helmrest] Pod 'test-hivemq-platform-0' condition 'Initialized': False
2025-01-29 17:04:05,196 INFO c.h.h.t.HelmChartContainer - [hivemq-test-hivemq-platform] [hivemq-platform-operator] [48025727] 17:04:05.190 [ReconcilerExecutor-hivemq-controller-87] DEBUG c.h.p.o.h.HiveMQPlatformReconcilerErrorHandler - [helmrest] Pod 'test-hivemq-platform-0' condition 'Ready': False
2025-01-29 17:04:05,196 INFO c.h.h.t.HelmChartContainer - [hivemq-test-hivemq-platform] [hivemq-platform-operator] [48025727] 17:04:05.190 [ReconcilerExecutor-hivemq-controller-87] DEBUG c.h.p.o.h.HiveMQPlatformReconcilerErrorHandler - [helmrest] Pod 'test-hivemq-platform-0' condition 'ContainersReady': False
2025-01-29 17:04:05,196 INFO c.h.h.t.HelmChartContainer - [hivemq-test-hivemq-platform] [hivemq-platform-operator] [48025727] 17:04:05.192 [ReconcilerExecutor-hivemq-controller-87] DEBUG c.h.p.o.h.HiveMQPlatformReconcilerErrorHandler - [helmrest] Pod 'test-hivemq-platform-0' condition 'PodScheduled': True
2025-01-29 17:04:05,196 INFO c.h.h.t.HelmChartContainer - [hivemq-test-hivemq-platform] [hivemq-platform-operator] [48025727] 17:04:05.192 [ReconcilerExecutor-hivemq-controller-87] DEBUG c.h.p.o.h.HiveMQPlatformReconcilerErrorHandler - [helmrest] Pod 'test-hivemq-platform-0' containerStatus 'hivemq' (started: false) (ready: false) (waiting: [PodInitializing] null)
2025-01-29 17:04:05,196 INFO c.h.h.t.HelmChartContainer - [hivemq-test-hivemq-platform] [hivemq-platform-operator] [48025727] 17:04:05.194 [ReconcilerExecutor-hivemq-controller-87] INFO  c.h.p.o.h.HiveMQPlatformReconcilerBaseHandler - [helmrest] HiveMQ Platform is starting, 0 of 1 replicas are ready
2025-01-29 17:04:05,200 INFO c.h.h.t.HelmChartContainer - [EVENT] Normal [Created] Created container: hivemq-platform-operator-init [helmrestapiit:test-hivemq-platform-0]
2025-01-29 17:04:05,239 INFO c.h.h.t.HelmChartContainer - [EVENT] Normal [Started] Started container hivemq-platform-operator-init [helmrestapiit:test-hivemq-platform-0]
2025-01-29 17:04:05,724 INFO c.h.h.t.HelmChartContainer - [POD] test-hivemq-platform-0 [8f486402-ba3c-486b-9cf4-5943903854c5] in helmrestapiit was MODIFIED
2025-01-29 17:04:05,744 INFO c.h.h.t.HelmChartContainer - [hivemq-test-hivemq-platform] [hivemq-platform-operator] [48025727] 17:04:05.735 [pool-6-thread-42] DEBUG c.h.p.o.d.PlatformServiceResource - [helmrest] Desired Platform services (2 services)
2025-01-29 17:04:05,744 INFO c.h.h.t.HelmChartContainer - [hivemq-test-hivemq-platform] [hivemq-platform-operator] [48025727] 17:04:05.737 [pool-6-thread-43] DEBUG c.h.p.o.dependants.PodInfoConfigMap - [helmrest] Desired PodInfo ConfigMap (2 extensions) (1 enabled)
2025-01-29 17:04:05,744 INFO c.h.h.t.HelmChartContainer - [hivemq-test-hivemq-platform] [hivemq-platform-operator] [48025727] 17:04:05.738 [pool-6-thread-43] DEBUG c.h.p.o.dependants.PodInfoConfigMap - [helmrest] Desired PodInfo ConfigMap (metrics port: 9399) (metrics path: /)
2025-01-29 17:04:05,744 INFO c.h.h.t.HelmChartContainer - [hivemq-test-hivemq-platform] [hivemq-platform-operator] [48025727] 17:04:05.738 [pool-6-thread-43] DEBUG c.h.p.o.dependants.PodInfoConfigMap - [helmrest] Desired PodInfo ConfigMap (extension state hash: -582416871)
2025-01-29 17:04:05,754 INFO c.h.h.t.HelmChartContainer - [hivemq-test-hivemq-platform] [hivemq-platform-operator] [48025727] 17:04:05.751 [pool-6-thread-47] DEBUG c.h.p.o.d.PodServiceAccountResource - [helmrest] Desired PodServiceAccountResource (serviceAccountName: hivemq-platform-pod-test-hivemq-platform)
2025-01-29 17:04:05,794 INFO c.h.h.t.HelmChartContainer - [hivemq-test-hivemq-platform] [hivemq-platform-operator] [48025727] 17:04:05.792 [pool-6-thread-49] DEBUG c.h.p.o.d.StatefulSetResource - [helmrest] Desired StatefulSet (1 replicas) for status STARTING (READY)
2025-01-29 17:04:05,808 INFO c.h.h.t.HelmChartContainer - [hivemq-test-hivemq-platform] [hivemq-platform-operator] [48025727] 17:04:05.798 [ReconcilerExecutor-hivemq-controller-98] INFO  c.h.p.o.HiveMQPlatformReconciler - [helmrest] Reconciling HiveMQ Platform 'test-hivemq-platform' in namespace 'helmrestapiit'
2025-01-29 17:04:05,809 INFO c.h.h.t.HelmChartContainer - [hivemq-test-hivemq-platform] [hivemq-platform-operator] [48025727] 17:04:05.799 [ReconcilerExecutor-hivemq-controller-98] DEBUG c.h.p.o.HiveMQPlatformReconciler - [helmrest] Custom Resource Status STARTING - HiveMQ Platform is starting (READY)
2025-01-29 17:04:05,809 INFO c.h.h.t.HelmChartContainer - [hivemq-test-hivemq-platform] [hivemq-platform-operator] [48025727] 17:04:05.799 [ReconcilerExecutor-hivemq-controller-98] DEBUG c.h.p.o.HiveMQPlatformReconciler - [helmrest] Custom Resource Spec (replicas: 1) (extensions: 2)
2025-01-29 17:04:05,810 INFO c.h.h.t.HelmChartContainer - [hivemq-test-hivemq-platform] [hivemq-platform-operator] [48025727] 17:04:05.807 [ReconcilerExecutor-hivemq-controller-98] DEBUG c.h.p.o.HiveMQPlatformReconciler - [helmrest] StatefulSet Status (revision: test-hivemq-platform-bbf59449c, replicas: 1, available: 0, ready: 0, current: 1, updated: 1)
2025-01-29 17:04:05,810 INFO c.h.h.t.HelmChartContainer - [hivemq-test-hivemq-platform] [hivemq-platform-operator] [48025727] 17:04:05.808 [ReconcilerExecutor-hivemq-controller-98] DEBUG c.h.p.o.HiveMQPlatformReconciler - [helmrest] StatefulSet Spec (replicas: 1, init containers: 1, containers: 1, volumes: 5)
2025-01-29 17:04:05,888 INFO c.h.h.t.HelmChartContainer - [hivemq-test-hivemq-platform] [hivemq-platform-operator] [48025727] 17:04:05.886 [ReconcilerExecutor-hivemq-controller-98] DEBUG c.h.p.o.h.HiveMQPlatformReconcilerErrorHandler - [helmrest] Pod 'test-hivemq-platform-0' phase Pending
2025-01-29 17:04:05,889 INFO c.h.h.t.HelmChartContainer - [hivemq-test-hivemq-platform] [hivemq-platform-operator] [48025727] 17:04:05.887 [ReconcilerExecutor-hivemq-controller-98] DEBUG c.h.p.o.h.HiveMQPlatformReconcilerErrorHandler - [helmrest] Pod 'test-hivemq-platform-0' condition 'PodReadyToStartContainers': True
2025-01-29 17:04:05,889 INFO c.h.h.t.HelmChartContainer - [hivemq-test-hivemq-platform] [hivemq-platform-operator] [48025727] 17:04:05.887 [ReconcilerExecutor-hivemq-controller-98] DEBUG c.h.p.o.h.HiveMQPlatformReconcilerErrorHandler - [helmrest] Pod 'test-hivemq-platform-0' condition 'Initialized': False
2025-01-29 17:04:05,889 INFO c.h.h.t.HelmChartContainer - [hivemq-test-hivemq-platform] [hivemq-platform-operator] [48025727] 17:04:05.887 [ReconcilerExecutor-hivemq-controller-98] DEBUG c.h.p.o.h.HiveMQPlatformReconcilerErrorHandler - [helmrest] Pod 'test-hivemq-platform-0' condition 'Ready': False
2025-01-29 17:04:05,889 INFO c.h.h.t.HelmChartContainer - [hivemq-test-hivemq-platform] [hivemq-platform-operator] [48025727] 17:04:05.887 [ReconcilerExecutor-hivemq-controller-98] DEBUG c.h.p.o.h.HiveMQPlatformReconcilerErrorHandler - [helmrest] Pod 'test-hivemq-platform-0' condition 'ContainersReady': False
2025-01-29 17:04:05,889 INFO c.h.h.t.HelmChartContainer - [hivemq-test-hivemq-platform] [hivemq-platform-operator] [48025727] 17:04:05.887 [ReconcilerExecutor-hivemq-controller-98] DEBUG c.h.p.o.h.HiveMQPlatformReconcilerErrorHandler - [helmrest] Pod 'test-hivemq-platform-0' condition 'PodScheduled': True
2025-01-29 17:04:05,889 INFO c.h.h.t.HelmChartContainer - [hivemq-test-hivemq-platform] [hivemq-platform-operator] [48025727] 17:04:05.887 [ReconcilerExecutor-hivemq-controller-98] DEBUG c.h.p.o.h.HiveMQPlatformReconcilerErrorHandler - [helmrest] Pod 'test-hivemq-platform-0' containerStatus 'hivemq' (started: false) (ready: false) (waiting: [PodInitializing] null)
2025-01-29 17:04:05,890 INFO c.h.h.t.HelmChartContainer - [hivemq-test-hivemq-platform] [hivemq-platform-operator] [48025727] 17:04:05.888 [ReconcilerExecutor-hivemq-controller-98] INFO  c.h.p.o.h.HiveMQPlatformReconcilerBaseHandler - [helmrest] HiveMQ Platform is starting, 0 of 1 replicas are ready
2025-01-29 17:04:06,646 INFO c.h.h.t.HelmChartContainer - [EVENT] Normal [Pulled] Container image "docker.io/hivemq/hivemq4:4.36.0" already present on machine [helmrestapiit:test-hivemq-platform-0]
2025-01-29 17:04:06,646 INFO c.h.h.t.HelmChartContainer - Received Pulled event for container hivemq in pod test-hivemq-platform-0 [8f486402-ba3c-486b-9cf4-5943903854c5]
2025-01-29 17:04:06,653 INFO c.h.h.t.HelmChartContainer - [POD] test-hivemq-platform-0 [8f486402-ba3c-486b-9cf4-5943903854c5] in helmrestapiit was MODIFIED
2025-01-29 17:04:06,662 INFO c.h.h.t.HelmChartContainer - [hivemq-test-hivemq-platform] [hivemq-platform-operator] [48025727] 17:04:06.660 [pool-6-thread-9] DEBUG c.h.p.o.d.PlatformServiceResource - [helmrest] Desired Platform services (2 services)
2025-01-29 17:04:06,663 INFO c.h.h.t.HelmChartContainer - [hivemq-test-hivemq-platform] [hivemq-platform-operator] [48025727] 17:04:06.662 [pool-6-thread-3] DEBUG c.h.p.o.d.PodServiceAccountResource - [helmrest] Desired PodServiceAccountResource (serviceAccountName: hivemq-platform-pod-test-hivemq-platform)
2025-01-29 17:04:06,669 INFO c.h.h.t.HelmChartContainer - [hivemq-test-hivemq-platform] [hivemq-platform-operator] [48025727] 17:04:06.666 [pool-6-thread-6] DEBUG c.h.p.o.dependants.PodInfoConfigMap - [helmrest] Desired PodInfo ConfigMap (2 extensions) (1 enabled)
2025-01-29 17:04:06,669 INFO c.h.h.t.HelmChartContainer - [hivemq-test-hivemq-platform] [hivemq-platform-operator] [48025727] 17:04:06.667 [pool-6-thread-6] DEBUG c.h.p.o.dependants.PodInfoConfigMap - [helmrest] Desired PodInfo ConfigMap (metrics port: 9399) (metrics path: /)
2025-01-29 17:04:06,669 INFO c.h.h.t.HelmChartContainer - [hivemq-test-hivemq-platform] [hivemq-platform-operator] [48025727] 17:04:06.667 [pool-6-thread-6] DEBUG c.h.p.o.dependants.PodInfoConfigMap - [helmrest] Desired PodInfo ConfigMap (extension state hash: -582416871)
2025-01-29 17:04:06,674 INFO c.h.h.t.HelmChartContainer - [hivemq-test-hivemq-platform] [hivemq-platform-operator] [48025727] 17:04:06.672 [pool-6-thread-9] DEBUG c.h.p.o.d.StatefulSetResource - [helmrest] Desired StatefulSet (1 replicas) for status STARTING (READY)
2025-01-29 17:04:06,758 INFO c.h.h.t.HelmChartContainer - [hivemq-test-hivemq-platform] [hivemq-platform-operator] [48025727] 17:04:06.757 [ReconcilerExecutor-hivemq-controller-109] INFO  c.h.p.o.HiveMQPlatformReconciler - [helmrest] Reconciling HiveMQ Platform 'test-hivemq-platform' in namespace 'helmrestapiit'
2025-01-29 17:04:06,759 INFO c.h.h.t.HelmChartContainer - [hivemq-test-hivemq-platform] [hivemq-platform-operator] [48025727] 17:04:06.757 [ReconcilerExecutor-hivemq-controller-109] DEBUG c.h.p.o.HiveMQPlatformReconciler - [helmrest] Custom Resource Status STARTING - HiveMQ Platform is starting (READY)
2025-01-29 17:04:06,759 INFO c.h.h.t.HelmChartContainer - [hivemq-test-hivemq-platform] [hivemq-platform-operator] [48025727] 17:04:06.757 [ReconcilerExecutor-hivemq-controller-109] DEBUG c.h.p.o.HiveMQPlatformReconciler - [helmrest] Custom Resource Spec (replicas: 1) (extensions: 2)
2025-01-29 17:04:06,762 INFO c.h.h.t.HelmChartContainer - [hivemq-test-hivemq-platform] [hivemq-platform-operator] [48025727] 17:04:06.760 [ReconcilerExecutor-hivemq-controller-109] DEBUG c.h.p.o.HiveMQPlatformReconciler - [helmrest] StatefulSet Status (revision: test-hivemq-platform-bbf59449c, replicas: 1, available: 0, ready: 0, current: 1, updated: 1)
2025-01-29 17:04:06,764 INFO c.h.h.t.HelmChartContainer - [hivemq-test-hivemq-platform] [hivemq-platform-operator] [48025727] 17:04:06.760 [ReconcilerExecutor-hivemq-controller-109] DEBUG c.h.p.o.HiveMQPlatformReconciler - [helmrest] StatefulSet Spec (replicas: 1, init containers: 1, containers: 1, volumes: 5)
2025-01-29 17:04:06,766 INFO c.h.h.t.HelmChartContainer - [hivemq-test-hivemq-platform] [hivemq-platform-operator] [48025727] 17:04:06.763 [ReconcilerExecutor-hivemq-controller-109] DEBUG c.h.p.o.h.HiveMQPlatformReconcilerErrorHandler - [helmrest] Pod 'test-hivemq-platform-0' phase Pending
2025-01-29 17:04:06,766 INFO c.h.h.t.HelmChartContainer - [hivemq-test-hivemq-platform] [hivemq-platform-operator] [48025727] 17:04:06.763 [ReconcilerExecutor-hivemq-controller-109] DEBUG c.h.p.o.h.HiveMQPlatformReconcilerErrorHandler - [helmrest] Pod 'test-hivemq-platform-0' condition 'PodReadyToStartContainers': True
2025-01-29 17:04:06,766 INFO c.h.h.t.HelmChartContainer - [hivemq-test-hivemq-platform] [hivemq-platform-operator] [48025727] 17:04:06.763 [ReconcilerExecutor-hivemq-controller-109] DEBUG c.h.p.o.h.HiveMQPlatformReconcilerErrorHandler - [helmrest] Pod 'test-hivemq-platform-0' condition 'Initialized': True
2025-01-29 17:04:06,766 INFO c.h.h.t.HelmChartContainer - [hivemq-test-hivemq-platform] [hivemq-platform-operator] [48025727] 17:04:06.763 [ReconcilerExecutor-hivemq-controller-109] DEBUG c.h.p.o.h.HiveMQPlatformReconcilerErrorHandler - [helmrest] Pod 'test-hivemq-platform-0' condition 'Ready': False
2025-01-29 17:04:06,766 INFO c.h.h.t.HelmChartContainer - [hivemq-test-hivemq-platform] [hivemq-platform-operator] [48025727] 17:04:06.763 [ReconcilerExecutor-hivemq-controller-109] DEBUG c.h.p.o.h.HiveMQPlatformReconcilerErrorHandler - [helmrest] Pod 'test-hivemq-platform-0' condition 'ContainersReady': False
2025-01-29 17:04:06,766 INFO c.h.h.t.HelmChartContainer - [hivemq-test-hivemq-platform] [hivemq-platform-operator] [48025727] 17:04:06.763 [ReconcilerExecutor-hivemq-controller-109] DEBUG c.h.p.o.h.HiveMQPlatformReconcilerErrorHandler - [helmrest] Pod 'test-hivemq-platform-0' condition 'PodScheduled': True
2025-01-29 17:04:06,766 INFO c.h.h.t.HelmChartContainer - [hivemq-test-hivemq-platform] [hivemq-platform-operator] [48025727] 17:04:06.763 [ReconcilerExecutor-hivemq-controller-109] DEBUG c.h.p.o.h.HiveMQPlatformReconcilerErrorHandler - [helmrest] Pod 'test-hivemq-platform-0' containerStatus 'hivemq' (started: false) (ready: false) (waiting: [PodInitializing] null)
2025-01-29 17:04:06,766 INFO c.h.h.t.HelmChartContainer - [hivemq-test-hivemq-platform] [hivemq-platform-operator] [48025727] 17:04:06.764 [ReconcilerExecutor-hivemq-controller-109] INFO  c.h.p.o.h.HiveMQPlatformReconcilerBaseHandler - [helmrest] HiveMQ Platform is starting, 0 of 1 replicas are ready
2025-01-29 17:04:08,127 INFO c.h.h.t.HelmChartContainer - [EVENT] Normal [Created] Created container: hivemq [helmrestapiit:test-hivemq-platform-0]
2025-01-29 17:04:08,127 INFO c.h.h.t.HelmChartContainer - Received Created event for container hivemq in pod test-hivemq-platform-0 [8f486402-ba3c-486b-9cf4-5943903854c5]
2025-01-29 17:04:08,657 INFO c.h.h.t.HelmChartContainer - [POD] test-hivemq-platform-0 [8f486402-ba3c-486b-9cf4-5943903854c5] in helmrestapiit was MODIFIED
2025-01-29 17:04:08,665 INFO c.h.h.t.HelmChartContainer - Started log watcher for hivemq in pod test-hivemq-platform-0 [8f486402-ba3c-486b-9cf4-5943903854c5]
2025-01-29 17:04:08,666 INFO c.h.h.t.HelmChartContainer - [test-hivemq-platform] [hivemq] [8f486402] Adding pre-installed HiveMQ Platform Operator extensions
2025-01-29 17:04:08,666 INFO c.h.h.t.HelmChartContainer - [test-hivemq-platform] [hivemq] [8f486402] Running as user 10000
2025-01-29 17:04:08,666 INFO c.h.h.t.HelmChartContainer - [test-hivemq-platform] [hivemq] [8f486402] Starting HiveMQ Platform Operator Init
2025-01-29 17:04:08,666 INFO c.h.h.t.HelmChartContainer - [EVENT] Normal [Started] Started container hivemq [helmrestapiit:test-hivemq-platform-0]
2025-01-29 17:04:08,666 INFO c.h.h.t.HelmChartContainer - Received Started event for container hivemq in pod test-hivemq-platform-0 [8f486402-ba3c-486b-9cf4-5943903854c5]
2025-01-29 17:04:08,681 INFO c.h.h.t.HelmChartContainer - [hivemq-test-hivemq-platform] [hivemq-platform-operator] [48025727] 17:04:08.676 [pool-6-thread-15] DEBUG c.h.p.o.d.PlatformServiceResource - [helmrest] Desired Platform services (2 services)
2025-01-29 17:04:08,681 INFO c.h.h.t.HelmChartContainer - [hivemq-test-hivemq-platform] [hivemq-platform-operator] [48025727] 17:04:08.678 [pool-6-thread-11] DEBUG c.h.p.o.d.PodServiceAccountResource - [helmrest] Desired PodServiceAccountResource (serviceAccountName: hivemq-platform-pod-test-hivemq-platform)
2025-01-29 17:04:08,687 INFO c.h.h.t.HelmChartContainer - [hivemq-test-hivemq-platform] [hivemq-platform-operator] [48025727] 17:04:08.683 [pool-6-thread-17] DEBUG c.h.p.o.dependants.PodInfoConfigMap - [helmrest] Desired PodInfo ConfigMap (2 extensions) (1 enabled)
2025-01-29 17:04:08,690 INFO c.h.h.t.HelmChartContainer - [hivemq-test-hivemq-platform] [hivemq-platform-operator] [48025727] 17:04:08.686 [pool-6-thread-17] DEBUG c.h.p.o.dependants.PodInfoConfigMap - [helmrest] Desired PodInfo ConfigMap (metrics port: 9399) (metrics path: /)
2025-01-29 17:04:08,690 INFO c.h.h.t.HelmChartContainer - [hivemq-test-hivemq-platform] [hivemq-platform-operator] [48025727] 17:04:08.687 [pool-6-thread-17] DEBUG c.h.p.o.dependants.PodInfoConfigMap - [helmrest] Desired PodInfo ConfigMap (extension state hash: -582416871)
2025-01-29 17:04:08,754 INFO c.h.h.t.HelmChartContainer - [hivemq-test-hivemq-platform] [hivemq-platform-operator] [48025727] 17:04:08.752 [pool-6-thread-20] DEBUG c.h.p.o.d.StatefulSetResource - [helmrest] Desired StatefulSet (1 replicas) for status STARTING (READY)
2025-01-29 17:04:08,760 INFO c.h.h.t.HelmChartContainer - [hivemq-test-hivemq-platform] [hivemq-platform-operator] [48025727] 17:04:08.758 [ReconcilerExecutor-hivemq-controller-110] INFO  c.h.p.o.HiveMQPlatformReconciler - [helmrest] Reconciling HiveMQ Platform 'test-hivemq-platform' in namespace 'helmrestapiit'
2025-01-29 17:04:08,761 INFO c.h.h.t.HelmChartContainer - [hivemq-test-hivemq-platform] [hivemq-platform-operator] [48025727] 17:04:08.759 [ReconcilerExecutor-hivemq-controller-110] DEBUG c.h.p.o.HiveMQPlatformReconciler - [helmrest] Custom Resource Status STARTING - HiveMQ Platform is starting (READY)
2025-01-29 17:04:08,761 INFO c.h.h.t.HelmChartContainer - [hivemq-test-hivemq-platform] [hivemq-platform-operator] [48025727] 17:04:08.759 [ReconcilerExecutor-hivemq-controller-110] DEBUG c.h.p.o.HiveMQPlatformReconciler - [helmrest] Custom Resource Spec (replicas: 1) (extensions: 2)
2025-01-29 17:04:08,764 INFO c.h.h.t.HelmChartContainer - [hivemq-test-hivemq-platform] [hivemq-platform-operator] [48025727] 17:04:08.763 [ReconcilerExecutor-hivemq-controller-110] DEBUG c.h.p.o.HiveMQPlatformReconciler - [helmrest] StatefulSet Status (revision: test-hivemq-platform-bbf59449c, replicas: 1, available: 0, ready: 0, current: 1, updated: 1)
2025-01-29 17:04:08,765 INFO c.h.h.t.HelmChartContainer - [hivemq-test-hivemq-platform] [hivemq-platform-operator] [48025727] 17:04:08.763 [ReconcilerExecutor-hivemq-controller-110] DEBUG c.h.p.o.HiveMQPlatformReconciler - [helmrest] StatefulSet Spec (replicas: 1, init containers: 1, containers: 1, volumes: 5)
2025-01-29 17:04:08,768 INFO c.h.h.t.HelmChartContainer - [hivemq-test-hivemq-platform] [hivemq-platform-operator] [48025727] 17:04:08.766 [ReconcilerExecutor-hivemq-controller-110] DEBUG c.h.p.o.h.HiveMQPlatformReconcilerErrorHandler - [helmrest] Pod 'test-hivemq-platform-0' phase Running
2025-01-29 17:04:08,770 INFO c.h.h.t.HelmChartContainer - [hivemq-test-hivemq-platform] [hivemq-platform-operator] [48025727] 17:04:08.769 [ReconcilerExecutor-hivemq-controller-110] INFO  c.h.p.o.h.HiveMQPlatformReconcilerBaseHandler - [helmrest] HiveMQ Platform is starting, 0 of 1 replicas are ready
2025-01-29 17:04:09,470 INFO c.h.h.t.HelmChartContainer - [test-hivemq-platform] [hivemq] [8f486402] INFO  - [HiveMQ Platform Operator Init 1.7.0-SNAPSHOT] HiveMQ Platform Operator Init 1.7.0-SNAPSHOT (commit: 8465ebf on branch: HEAD) built on Wed Jan 29 16:56:31 UTC 2025
2025-01-29 17:04:10,772 INFO c.h.h.t.HelmChartContainer - [test-hivemq-platform] [hivemq] [8f486402] INFO  - [HiveMQ Platform Operator Init App 1.7.0-SNAPSHOT] Using bind address 10.42.0.9 from environment variable
2025-01-29 17:04:11,667 INFO c.h.h.t.HelmChartContainer - [test-hivemq-platform] [hivemq] [8f486402] INFO  - [HiveMQ Platform Operator Init App 1.7.0-SNAPSHOT] HiveMQ Platform Operator Init App 1.7.0-SNAPSHOT (commit: 8465ebf on branch: HEAD) built on Wed Jan 29 16:56:31 UTC 2025
2025-01-29 17:04:11,667 INFO c.h.h.t.HelmChartContainer - [test-hivemq-platform] [hivemq] [8f486402] INFO  - [HiveMQ Platform Operator Init App 1.7.0-SNAPSHOT] PodInfo ConfigMap directory: /etc/podinfo
2025-01-29 17:04:11,667 INFO c.h.h.t.HelmChartContainer - [test-hivemq-platform] [hivemq] [8f486402] INFO  - [HiveMQ Platform Operator Init App 1.7.0-SNAPSHOT] HiveMQ home directory: /opt/hivemq
2025-01-29 17:04:11,667 INFO c.h.h.t.HelmChartContainer - [test-hivemq-platform] [hivemq] [8f486402] INFO  - [HiveMQ Platform Operator Init App 1.7.0-SNAPSHOT] HiveMQ Logback folder: /opt/hivemq/conf
2025-01-29 17:04:11,667 INFO c.h.h.t.HelmChartContainer - [test-hivemq-platform] [hivemq] [8f486402] INFO  - [HiveMQ Platform Operator Init App 1.7.0-SNAPSHOT] HiveMQ Config folder: /opt/hivemq/conf-k8s
2025-01-29 17:04:11,669 INFO c.h.h.t.HelmChartContainer - [test-hivemq-platform] [hivemq] [8f486402] INFO  - [HiveMQ Platform Operator Init App 1.7.0-SNAPSHOT] Starting HiveMQ Platform Operator Init App
2025-01-29 17:04:11,669 INFO c.h.h.t.HelmChartContainer - [test-hivemq-platform] [hivemq] [8f486402] INFO  - [HiveMQ Platform Operator Init App 1.7.0-SNAPSHOT] Starting Pod reconciler
2025-01-29 17:04:12,965 INFO c.h.h.t.HelmChartContainer - [test-hivemq-platform] [hivemq] [8f486402] INFO  - [HiveMQ Platform Operator Init App 1.7.0-SNAPSHOT] Pod reconciler is scheduled (interval: 5000 ms)
2025-01-29 17:04:12,966 INFO c.h.h.t.HelmChartContainer - [test-hivemq-platform] [hivemq] [8f486402] INFO  - [HiveMQ Platform Operator Init App 1.7.0-SNAPSHOT] Starting the REST API on 10.42.0.9:7979
2025-01-29 17:04:12,970 INFO c.h.h.t.HelmChartContainer - [test-hivemq-platform] [hivemq] [8f486402] INFO  - [HiveMQ Platform Operator Init App 1.7.0-SNAPSHOT] Waiting up to 600s for at most 1 HiveMQ nodes in cluster service hivemq-test-hivemq-platform-cluster.helmrestapiit.svc
2025-01-29 17:04:13,286 INFO c.h.h.t.HelmChartContainer - [test-hivemq-platform] [hivemq] [8f486402] INFO  - [HiveMQ Platform Operator Init App 1.7.0-SNAPSHOT] Resolved 1 IP addresses: [10.42.0.9]
2025-01-29 17:04:13,286 INFO c.h.h.t.HelmChartContainer - [test-hivemq-platform] [hivemq] [8f486402] INFO  - [HiveMQ Platform Operator Init App 1.7.0-SNAPSHOT] HiveMQ node count of 1 is within threshold of 1
2025-01-29 17:04:13,286 INFO c.h.h.t.HelmChartContainer - [test-hivemq-platform] [hivemq] [8f486402] INFO  - [HiveMQ Platform Operator Init App 1.7.0-SNAPSHOT] Proceeding with container start
2025-01-29 17:04:13,387 INFO c.h.h.t.HelmChartContainer - [test-hivemq-platform] [hivemq] [8f486402] INFO  - [HiveMQ Platform Operator Init App 1.7.0-SNAPSHOT] Initializing HiveMQ Platform extensions with initial configuration: {hivemq-allow-all-extension={start-priority=-1, skip-https-hostname-verification=false, restart=true, config-version=0, header-version=0, c-uri=, priority=-1, uri=preinstalled, skip-https-certificate-validation=false, enabled=false}, hivemq-enterprise-security-extension={start-priority=-1, skip-https-hostname-verification=false, restart=true, config-version=792, header-version=0, c-uri=, priority=-1, uri=preinstalled, skip-https-certificate-validation=false, enabled=true}, hivemq-prometheus-extension={priority=-1, start-priority=-1, c-uri=, skip-https-hostname-verification=false, skip-https-certificate-validation=false, uri=preinstalled, request-header-path=no-request-headers, enabled=true, restart=true}}
2025-01-29 17:04:13,388 INFO c.h.h.t.HelmChartContainer - [test-hivemq-platform] [hivemq] [8f486402] INFO  - [HiveMQ Platform Operator Init App 1.7.0-SNAPSHOT] Successfully disabled extension hivemq-allow-all-extension
2025-01-29 17:04:13,946 INFO c.h.h.t.HelmChartContainer - [test-hivemq-platform] [hivemq] [8f486402] INFO  - [HiveMQ Platform Operator Init App 1.7.0-SNAPSHOT] Successfully enabled extension hivemq-enterprise-security-extension
2025-01-29 17:04:13,971 INFO c.h.h.t.HelmChartContainer - [test-hivemq-platform] [hivemq] [8f486402] INFO  - [HiveMQ Platform Operator Init App 1.7.0-SNAPSHOT] Successfully enabled extension hivemq-prometheus-extension
2025-01-29 17:04:13,972 INFO c.h.h.t.HelmChartContainer - [test-hivemq-platform] [hivemq] [8f486402] INFO  - [HiveMQ Platform Operator Init App 1.7.0-SNAPSHOT] Starting HiveMQ Platform version 4.36.0 (4.36.0)
2025-01-29 17:04:13,972 INFO c.h.h.t.HelmChartContainer - [test-hivemq-platform] [hivemq] [8f486402] INFO  - [HiveMQ Platform Operator Init App 1.7.0-SNAPSHOT] Configuring the HiveMQ Platform
2025-01-29 17:04:14,047 INFO c.h.h.t.HelmChartContainer - [test-hivemq-platform] [hivemq] [8f486402] INFO  - [HiveMQ Platform Operator Init App 1.7.0-SNAPSHOT] Changed logback.xml file scan period to 20 seconds
2025-01-29 17:04:14,073 INFO c.h.h.t.HelmChartContainer - [test-hivemq-platform] [hivemq] [8f486402] INFO  - [HiveMQ Platform Operator Init App 1.7.0-SNAPSHOT] Starting the HiveMQ Platform
2025-01-29 17:04:14,075 INFO c.h.h.t.HelmChartContainer - [test-hivemq-platform] [hivemq] [8f486402] -------------------------------------------------------------------------
2025-01-29 17:04:14,075 INFO c.h.h.t.HelmChartContainer - [test-hivemq-platform] [hivemq] [8f486402] 
2025-01-29 17:04:14,075 INFO c.h.h.t.HelmChartContainer - [test-hivemq-platform] [hivemq] [8f486402]                   _    _  _              __  __   ____
2025-01-29 17:04:14,077 INFO c.h.h.t.HelmChartContainer - [test-hivemq-platform] [hivemq] [8f486402]                  | |  | |(_)            |  \/  | / __ \
2025-01-29 17:04:14,077 INFO c.h.h.t.HelmChartContainer - [test-hivemq-platform] [hivemq] [8f486402]                  | |__| | _ __   __ ___ | \  / || |  | |
2025-01-29 17:04:14,077 INFO c.h.h.t.HelmChartContainer - [test-hivemq-platform] [hivemq] [8f486402]                  |  __  || |\ \ / // _ \| |\/| || |  | |
2025-01-29 17:04:14,077 INFO c.h.h.t.HelmChartContainer - [test-hivemq-platform] [hivemq] [8f486402]                  | |  | || | \ V /|  __/| |  | || |__| |
2025-01-29 17:04:14,077 INFO c.h.h.t.HelmChartContainer - [test-hivemq-platform] [hivemq] [8f486402]                  |_|  |_||_|  \_/  \___||_|  |_| \___\_\
2025-01-29 17:04:14,077 INFO c.h.h.t.HelmChartContainer - [test-hivemq-platform] [hivemq] [8f486402] 
2025-01-29 17:04:14,077 INFO c.h.h.t.HelmChartContainer - [test-hivemq-platform] [hivemq] [8f486402] -------------------------------------------------------------------------
2025-01-29 17:04:14,077 INFO c.h.h.t.HelmChartContainer - [test-hivemq-platform] [hivemq] [8f486402] 
2025-01-29 17:04:14,077 INFO c.h.h.t.HelmChartContainer - [test-hivemq-platform] [hivemq] [8f486402]   HiveMQ Start Script for Linux/Unix v1.14
2025-01-29 17:04:14,077 INFO c.h.h.t.HelmChartContainer - [test-hivemq-platform] [hivemq] [8f486402] 
2025-01-29 17:04:14,183 INFO c.h.h.t.HelmChartContainer - [test-hivemq-platform] [hivemq] [8f486402] -------------------------------------------------------------------------
2025-01-29 17:04:14,183 INFO c.h.h.t.HelmChartContainer - [test-hivemq-platform] [hivemq] [8f486402] 
2025-01-29 17:04:14,183 INFO c.h.h.t.HelmChartContainer - [test-hivemq-platform] [hivemq] [8f486402]   HIVEMQ_HOME: /opt/hivemq
2025-01-29 17:04:14,183 INFO c.h.h.t.HelmChartContainer - [test-hivemq-platform] [hivemq] [8f486402] 
2025-01-29 17:04:14,183 INFO c.h.h.t.HelmChartContainer - [test-hivemq-platform] [hivemq] [8f486402]   JAVA_OPTS: -XX:+UnlockExperimentalVMOptions -XX:InitialRAMPercentage=50 -XX:MaxRAMPercentage=50 -Djava.net.preferIPv4Stack=true --add-opens java.base/java.lang=ALL-UNNAMED --add-opens java.base/java.nio=ALL-UNNAMED --add-opens java.base/sun.nio.ch=ALL-UNNAMED --add-opens jdk.management/com.sun.management.internal=ALL-UNNAMED --add-exports java.base/jdk.internal.misc=ALL-UNNAMED -Djava.security.egd=file:/dev/./urandom -Dcom.sun.management.jmxremote -Dcom.sun.management.jmxremote.port=9010 -Dcom.sun.management.jmxremote.local.only=false -Dcom.sun.management.jmxremote.authenticate=false -Dcom.sun.management.jmxremote.ssl=false -Duser.language=en -Duser.region=US -XX:+CrashOnOutOfMemoryError -XX:+HeapDumpOnOutOfMemoryError
2025-01-29 17:04:14,183 INFO c.h.h.t.HelmChartContainer - [test-hivemq-platform] [hivemq] [8f486402] 
2025-01-29 17:04:14,183 INFO c.h.h.t.HelmChartContainer - [test-hivemq-platform] [hivemq] [8f486402]   JAVA_VERSION: 21
2025-01-29 17:04:14,183 INFO c.h.h.t.HelmChartContainer - [test-hivemq-platform] [hivemq] [8f486402] 
2025-01-29 17:04:14,183 INFO c.h.h.t.HelmChartContainer - [test-hivemq-platform] [hivemq] [8f486402] -------------------------------------------------------------------------
2025-01-29 17:04:14,183 INFO c.h.h.t.HelmChartContainer - [test-hivemq-platform] [hivemq] [8f486402] 
2025-01-29 17:04:14,746 INFO c.h.h.t.HelmChartContainer - [test-hivemq-platform] [hivemq] [8f486402] INFO  - [HiveMQ Platform Operator Init App 1.7.0-SNAPSHOT] Returning default Health API response 503 for readiness
2025-01-29 17:04:15,071 INFO c.h.h.t.HelmChartContainer - [EVENT] Warning [Unhealthy] Readiness probe failed: HTTP probe failed with statuscode: 503 [helmrestapiit:test-hivemq-platform-0]
2025-01-29 17:04:15,071 INFO c.h.h.t.HelmChartContainer - Received Unhealthy event for container hivemq in pod test-hivemq-platform-0 [8f486402-ba3c-486b-9cf4-5943903854c5]
2025-01-29 17:04:16,877 INFO c.h.h.t.HelmChartContainer - [test-hivemq-platform] [hivemq] [8f486402] INFO  - Starting HiveMQ Enterprise Server
2025-01-29 17:04:16,965 INFO c.h.h.t.HelmChartContainer - [test-hivemq-platform] [hivemq] [8f486402] INFO  - HiveMQ version: 4.36.0
2025-01-29 17:04:16,966 INFO c.h.h.t.HelmChartContainer - [test-hivemq-platform] [hivemq] [8f486402] INFO  - HiveMQ home directory: /opt/hivemq
2025-01-29 17:04:16,966 INFO c.h.h.t.HelmChartContainer - [test-hivemq-platform] [hivemq] [8f486402] INFO  - Log Configuration was overridden by /opt/hivemq/conf/logback.xml
2025-01-29 17:04:18,364 INFO c.h.h.t.HelmChartContainer - [test-hivemq-platform] [hivemq] [8f486402] INFO  - Successfully loaded configuration from '/opt/hivemq/conf-k8s/config.xml'.
2025-01-29 17:04:18,779 INFO c.h.h.t.HelmChartContainer - [hivemq-test-hivemq-platform] [hivemq-platform-operator] [48025727] 17:04:18.775 [pool-6-thread-26] DEBUG c.h.p.o.d.PlatformServiceResource - [helmrest] Desired Platform services (2 services)
2025-01-29 17:04:18,779 INFO c.h.h.t.HelmChartContainer - [hivemq-test-hivemq-platform] [hivemq-platform-operator] [48025727] 17:04:18.777 [pool-6-thread-21] DEBUG c.h.p.o.d.PodServiceAccountResource - [helmrest] Desired PodServiceAccountResource (serviceAccountName: hivemq-platform-pod-test-hivemq-platform)
2025-01-29 17:04:18,780 INFO c.h.h.t.HelmChartContainer - [hivemq-test-hivemq-platform] [hivemq-platform-operator] [48025727] 17:04:18.778 [pool-6-thread-27] DEBUG c.h.p.o.dependants.PodInfoConfigMap - [helmrest] Desired PodInfo ConfigMap (2 extensions) (1 enabled)
2025-01-29 17:04:18,780 INFO c.h.h.t.HelmChartContainer - [hivemq-test-hivemq-platform] [hivemq-platform-operator] [48025727] 17:04:18.779 [pool-6-thread-27] DEBUG c.h.p.o.dependants.PodInfoConfigMap - [helmrest] Desired PodInfo ConfigMap (metrics port: 9399) (metrics path: /)
2025-01-29 17:04:18,780 INFO c.h.h.t.HelmChartContainer - [hivemq-test-hivemq-platform] [hivemq-platform-operator] [48025727] 17:04:18.779 [pool-6-thread-27] DEBUG c.h.p.o.dependants.PodInfoConfigMap - [helmrest] Desired PodInfo ConfigMap (extension state hash: -582416871)
2025-01-29 17:04:18,783 INFO c.h.h.t.HelmChartContainer - [hivemq-test-hivemq-platform] [hivemq-platform-operator] [48025727] 17:04:18.782 [pool-6-thread-27] DEBUG c.h.p.o.d.StatefulSetResource - [helmrest] Desired StatefulSet (1 replicas) for status STARTING (READY)
2025-01-29 17:04:18,788 INFO c.h.h.t.HelmChartContainer - [hivemq-test-hivemq-platform] [hivemq-platform-operator] [48025727] 17:04:18.786 [ReconcilerExecutor-hivemq-controller-111] INFO  c.h.p.o.HiveMQPlatformReconciler - [helmrest] Reconciling HiveMQ Platform 'test-hivemq-platform' in namespace 'helmrestapiit'
2025-01-29 17:04:18,788 INFO c.h.h.t.HelmChartContainer - [hivemq-test-hivemq-platform] [hivemq-platform-operator] [48025727] 17:04:18.786 [ReconcilerExecutor-hivemq-controller-111] DEBUG c.h.p.o.HiveMQPlatformReconciler - [helmrest] Custom Resource Status STARTING - HiveMQ Platform is starting (READY)
2025-01-29 17:04:18,788 INFO c.h.h.t.HelmChartContainer - [hivemq-test-hivemq-platform] [hivemq-platform-operator] [48025727] 17:04:18.786 [ReconcilerExecutor-hivemq-controller-111] DEBUG c.h.p.o.HiveMQPlatformReconciler - [helmrest] Custom Resource Spec (replicas: 1) (extensions: 2)
2025-01-29 17:04:18,789 INFO c.h.h.t.HelmChartContainer - [hivemq-test-hivemq-platform] [hivemq-platform-operator] [48025727] 17:04:18.788 [ReconcilerExecutor-hivemq-controller-111] DEBUG c.h.p.o.HiveMQPlatformReconciler - [helmrest] StatefulSet Status (revision: test-hivemq-platform-bbf59449c, replicas: 1, available: 0, ready: 0, current: 1, updated: 1)
2025-01-29 17:04:18,789 INFO c.h.h.t.HelmChartContainer - [hivemq-test-hivemq-platform] [hivemq-platform-operator] [48025727] 17:04:18.788 [ReconcilerExecutor-hivemq-controller-111] DEBUG c.h.p.o.HiveMQPlatformReconciler - [helmrest] StatefulSet Spec (replicas: 1, init containers: 1, containers: 1, volumes: 5)
2025-01-29 17:04:18,790 INFO c.h.h.t.HelmChartContainer - [hivemq-test-hivemq-platform] [hivemq-platform-operator] [48025727] 17:04:18.790 [ReconcilerExecutor-hivemq-controller-111] DEBUG c.h.p.o.h.HiveMQPlatformReconcilerErrorHandler - [helmrest] Pod 'test-hivemq-platform-0' phase Running
2025-01-29 17:04:18,852 INFO c.h.h.t.HelmChartContainer - [hivemq-test-hivemq-platform] [hivemq-platform-operator] [48025727] 17:04:18.851 [ReconcilerExecutor-hivemq-controller-111] INFO  c.h.p.o.h.HiveMQPlatformReconcilerBaseHandler - [helmrest] HiveMQ Platform is starting, 0 of 1 replicas are ready
2025-01-29 17:04:19,173 INFO c.h.h.t.HelmChartContainer - [test-hivemq-platform] [hivemq] [8f486402] INFO  - This node's ID is eSX0q
2025-01-29 17:04:19,173 INFO c.h.h.t.HelmChartContainer - [test-hivemq-platform] [hivemq] [8f486402] INFO  - Clustering is enabled
2025-01-29 17:04:20,266 INFO c.h.h.t.HelmChartContainer - [test-hivemq-platform] [hivemq] [8f486402] WARN  - [HiveMQ Platform Operator Init App 1.7.0-SNAPSHOT] Cannot connect to Health API for readiness: null
2025-01-29 17:04:20,271 INFO c.h.h.t.HelmChartContainer - [EVENT] Warning [Unhealthy] Readiness probe failed: HTTP probe failed with statuscode: 503 [helmrestapiit:test-hivemq-platform-0]
2025-01-29 17:04:20,271 INFO c.h.h.t.HelmChartContainer - Received Unhealthy event for container hivemq in pod test-hivemq-platform-0 [8f486402-ba3c-486b-9cf4-5943903854c5]
2025-01-29 17:04:24,273 INFO c.h.h.t.HelmChartContainer - [test-hivemq-platform] [hivemq] [8f486402] Jan 29, 2025 5:04:24 PM io.vertx.core.impl.BlockedThreadChecker
2025-01-29 17:04:24,274 INFO c.h.h.t.HelmChartContainer - [test-hivemq-platform] [hivemq] [8f486402] WARNING: Thread Thread[vert.x-eventloop-thread-1,5,main] has been blocked for 2803 ms, time limit is 2000 ms
2025-01-29 17:04:24,670 INFO c.h.h.t.HelmChartContainer - [test-hivemq-platform] [hivemq] [8f486402] WARN  - [HiveMQ Platform Operator Init App 1.7.0-SNAPSHOT] Cannot connect to Health API for readiness: null
2025-01-29 17:04:24,748 INFO c.h.h.t.HelmChartContainer - [EVENT] Warning [Unhealthy] Readiness probe failed: HTTP probe failed with statuscode: 503 [helmrestapiit:test-hivemq-platform-0]
2025-01-29 17:04:24,748 INFO c.h.h.t.HelmChartContainer - Received Unhealthy event for container hivemq in pod test-hivemq-platform-0 [8f486402-ba3c-486b-9cf4-5943903854c5]
2025-01-29 17:04:24,874 INFO c.h.h.t.HelmChartContainer - [test-hivemq-platform] [hivemq] [8f486402] INFO  - [HiveMQ Platform Operator Init App 1.7.0-SNAPSHOT] Updating Pod HiveMQ Platform Operator Init App version annotation (version: 1.7.0-SNAPSHOT)
2025-01-29 17:04:25,582 INFO c.h.h.t.HelmChartContainer - [POD] test-hivemq-platform-0 [8f486402-ba3c-486b-9cf4-5943903854c5] in helmrestapiit was MODIFIED
2025-01-29 17:04:25,591 INFO c.h.h.t.HelmChartContainer - [hivemq-test-hivemq-platform] [hivemq-platform-operator] [48025727] 17:04:25.590 [pool-6-thread-38] DEBUG c.h.p.o.dependants.PodInfoConfigMap - [helmrest] Desired PodInfo ConfigMap (2 extensions) (1 enabled)
2025-01-29 17:04:25,591 INFO c.h.h.t.HelmChartContainer - [hivemq-test-hivemq-platform] [hivemq-platform-operator] [48025727] 17:04:25.590 [pool-6-thread-38] DEBUG c.h.p.o.dependants.PodInfoConfigMap - [helmrest] Desired PodInfo ConfigMap (metrics port: 9399) (metrics path: /)
2025-01-29 17:04:25,591 INFO c.h.h.t.HelmChartContainer - [hivemq-test-hivemq-platform] [hivemq-platform-operator] [48025727] 17:04:25.590 [pool-6-thread-38] DEBUG c.h.p.o.dependants.PodInfoConfigMap - [helmrest] Desired PodInfo ConfigMap (extension state hash: -582416871)
2025-01-29 17:04:25,592 INFO c.h.h.t.HelmChartContainer - [hivemq-test-hivemq-platform] [hivemq-platform-operator] [48025727] 17:04:25.590 [pool-6-thread-31] DEBUG c.h.p.o.d.PlatformServiceResource - [helmrest] Desired Platform services (2 services)
2025-01-29 17:04:25,594 INFO c.h.h.t.HelmChartContainer - [hivemq-test-hivemq-platform] [hivemq-platform-operator] [48025727] 17:04:25.592 [pool-6-thread-36] DEBUG c.h.p.o.d.PodServiceAccountResource - [helmrest] Desired PodServiceAccountResource (serviceAccountName: hivemq-platform-pod-test-hivemq-platform)
2025-01-29 17:04:25,596 INFO c.h.h.t.HelmChartContainer - [hivemq-test-hivemq-platform] [hivemq-platform-operator] [48025727] 17:04:25.596 [pool-6-thread-31] DEBUG c.h.p.o.d.StatefulSetResource - [helmrest] Desired StatefulSet (1 replicas) for status STARTING (READY)
2025-01-29 17:04:25,600 INFO c.h.h.t.HelmChartContainer - [hivemq-test-hivemq-platform] [hivemq-platform-operator] [48025727] 17:04:25.599 [ReconcilerExecutor-hivemq-controller-112] INFO  c.h.p.o.HiveMQPlatformReconciler - [helmrest] Reconciling HiveMQ Platform 'test-hivemq-platform' in namespace 'helmrestapiit'
2025-01-29 17:04:25,601 INFO c.h.h.t.HelmChartContainer - [hivemq-test-hivemq-platform] [hivemq-platform-operator] [48025727] 17:04:25.599 [ReconcilerExecutor-hivemq-controller-112] DEBUG c.h.p.o.HiveMQPlatformReconciler - [helmrest] Custom Resource Status STARTING - HiveMQ Platform is starting (READY)
2025-01-29 17:04:25,601 INFO c.h.h.t.HelmChartContainer - [hivemq-test-hivemq-platform] [hivemq-platform-operator] [48025727] 17:04:25.599 [ReconcilerExecutor-hivemq-controller-112] DEBUG c.h.p.o.HiveMQPlatformReconciler - [helmrest] Custom Resource Spec (replicas: 1) (extensions: 2)
2025-01-29 17:04:25,664 INFO c.h.h.t.HelmChartContainer - [hivemq-test-hivemq-platform] [hivemq-platform-operator] [48025727] 17:04:25.652 [ReconcilerExecutor-hivemq-controller-112] DEBUG c.h.p.o.HiveMQPlatformReconciler - [helmrest] StatefulSet Status (revision: test-hivemq-platform-bbf59449c, replicas: 1, available: 0, ready: 0, current: 1, updated: 1)
2025-01-29 17:04:25,664 INFO c.h.h.t.HelmChartContainer - [hivemq-test-hivemq-platform] [hivemq-platform-operator] [48025727] 17:04:25.652 [ReconcilerExecutor-hivemq-controller-112] DEBUG c.h.p.o.HiveMQPlatformReconciler - [helmrest] StatefulSet Spec (replicas: 1, init containers: 1, containers: 1, volumes: 5)
2025-01-29 17:04:25,664 INFO c.h.h.t.HelmChartContainer - [hivemq-test-hivemq-platform] [hivemq-platform-operator] [48025727] 17:04:25.654 [ReconcilerExecutor-hivemq-controller-112] DEBUG c.h.p.o.h.HiveMQPlatformReconcilerErrorHandler - [helmrest] Pod 'test-hivemq-platform-0' phase Running
2025-01-29 17:04:25,664 INFO c.h.h.t.HelmChartContainer - [hivemq-test-hivemq-platform] [hivemq-platform-operator] [48025727] 17:04:25.655 [ReconcilerExecutor-hivemq-controller-112] INFO  c.h.p.o.h.HiveMQPlatformReconcilerBaseHandler - [helmrest] HiveMQ Platform is starting, 0 of 1 replicas are ready
2025-01-29 17:04:25,666 INFO c.h.h.t.HelmChartContainer - [test-hivemq-platform] [hivemq] [8f486402] WARN  - [HiveMQ Platform Operator Init App 1.7.0-SNAPSHOT] Cannot connect to Health API for readiness: null
2025-01-29 17:04:25,672 INFO c.h.h.t.HelmChartContainer - [test-hivemq-platform] [hivemq] [8f486402] INFO  - [HiveMQ Platform Operator Init App 1.7.0-SNAPSHOT] Successfully updated Pod HiveMQ Platform Operator Init App version annotation (version: 1.7.0-SNAPSHOT)
2025-01-29 17:04:25,674 INFO c.h.h.t.HelmChartContainer - [EVENT] Warning [Unhealthy] Readiness probe failed: HTTP probe failed with statuscode: 503 [helmrestapiit:test-hivemq-platform-0]
2025-01-29 17:04:25,674 INFO c.h.h.t.HelmChartContainer - Received Unhealthy event for container hivemq in pod test-hivemq-platform-0 [8f486402-ba3c-486b-9cf4-5943903854c5]
2025-01-29 17:04:30,586 INFO c.h.h.t.HelmChartContainer - [test-hivemq-platform] [hivemq] [8f486402] WARN  - [HiveMQ Platform Operator Init App 1.7.0-SNAPSHOT] Cannot connect to Health API for readiness: null
2025-01-29 17:04:30,590 INFO c.h.h.t.HelmChartContainer - [EVENT] Warning [Unhealthy] Readiness probe failed: HTTP probe failed with statuscode: 503 [helmrestapiit:test-hivemq-platform-0]
2025-01-29 17:04:30,590 INFO c.h.h.t.HelmChartContainer - Received Unhealthy event for container hivemq in pod test-hivemq-platform-0 [8f486402-ba3c-486b-9cf4-5943903854c5]
2025-01-29 17:04:34,968 INFO c.h.h.t.HelmChartContainer - [test-hivemq-platform] [hivemq] [8f486402] WARN  - [HiveMQ Platform Operator Init App 1.7.0-SNAPSHOT] Cannot connect to Health API for liveness: null
2025-01-29 17:04:34,968 INFO c.h.h.t.HelmChartContainer - [test-hivemq-platform] [hivemq] [8f486402] INFO  - [HiveMQ Platform Operator Init App 1.7.0-SNAPSHOT] Returning default Health API response 200 for liveness
2025-01-29 17:04:35,664 INFO c.h.h.t.HelmChartContainer - [hivemq-test-hivemq-platform] [hivemq-platform-operator] [48025727] 17:04:35.659 [pool-6-thread-46] DEBUG c.h.p.o.d.PlatformServiceResource - [helmrest] Desired Platform services (2 services)
2025-01-29 17:04:35,664 INFO c.h.h.t.HelmChartContainer - [hivemq-test-hivemq-platform] [hivemq-platform-operator] [48025727] 17:04:35.662 [pool-6-thread-42] DEBUG c.h.p.o.d.PodServiceAccountResource - [helmrest] Desired PodServiceAccountResource (serviceAccountName: hivemq-platform-pod-test-hivemq-platform)
2025-01-29 17:04:35,666 INFO c.h.h.t.HelmChartContainer - [hivemq-test-hivemq-platform] [hivemq-platform-operator] [48025727] 17:04:35.664 [pool-6-thread-47] DEBUG c.h.p.o.dependants.PodInfoConfigMap - [helmrest] Desired PodInfo ConfigMap (2 extensions) (1 enabled)
2025-01-29 17:04:35,666 INFO c.h.h.t.HelmChartContainer - [hivemq-test-hivemq-platform] [hivemq-platform-operator] [48025727] 17:04:35.665 [pool-6-thread-47] DEBUG c.h.p.o.dependants.PodInfoConfigMap - [helmrest] Desired PodInfo ConfigMap (metrics port: 9399) (metrics path: /)
2025-01-29 17:04:35,666 INFO c.h.h.t.HelmChartContainer - [hivemq-test-hivemq-platform] [hivemq-platform-operator] [48025727] 17:04:35.665 [pool-6-thread-47] DEBUG c.h.p.o.dependants.PodInfoConfigMap - [helmrest] Desired PodInfo ConfigMap (extension state hash: -582416871)
2025-01-29 17:04:35,670 INFO c.h.h.t.HelmChartContainer - [hivemq-test-hivemq-platform] [hivemq-platform-operator] [48025727] 17:04:35.668 [pool-6-thread-47] DEBUG c.h.p.o.d.StatefulSetResource - [helmrest] Desired StatefulSet (1 replicas) for status STARTING (READY)
2025-01-29 17:04:35,676 INFO c.h.h.t.HelmChartContainer - [hivemq-test-hivemq-platform] [hivemq-platform-operator] [48025727] 17:04:35.674 [ReconcilerExecutor-hivemq-controller-113] INFO  c.h.p.o.HiveMQPlatformReconciler - [helmrest] Reconciling HiveMQ Platform 'test-hivemq-platform' in namespace 'helmrestapiit'
2025-01-29 17:04:35,677 INFO c.h.h.t.HelmChartContainer - [hivemq-test-hivemq-platform] [hivemq-platform-operator] [48025727] 17:04:35.674 [ReconcilerExecutor-hivemq-controller-113] DEBUG c.h.p.o.HiveMQPlatformReconciler - [helmrest] Custom Resource Status STARTING - HiveMQ Platform is starting (READY)
2025-01-29 17:04:35,677 INFO c.h.h.t.HelmChartContainer - [hivemq-test-hivemq-platform] [hivemq-platform-operator] [48025727] 17:04:35.674 [ReconcilerExecutor-hivemq-controller-113] DEBUG c.h.p.o.HiveMQPlatformReconciler - [helmrest] Custom Resource Spec (replicas: 1) (extensions: 2)
2025-01-29 17:04:35,681 INFO c.h.h.t.HelmChartContainer - [test-hivemq-platform] [hivemq] [8f486402] WARN  - [HiveMQ Platform Operator Init App 1.7.0-SNAPSHOT] Cannot connect to Health API for readiness: null
2025-01-29 17:04:35,750 INFO c.h.h.t.HelmChartContainer - [EVENT] Warning [Unhealthy] Readiness probe failed: HTTP probe failed with statuscode: 503 [helmrestapiit:test-hivemq-platform-0]
2025-01-29 17:04:35,750 INFO c.h.h.t.HelmChartContainer - Received Unhealthy event for container hivemq in pod test-hivemq-platform-0 [8f486402-ba3c-486b-9cf4-5943903854c5]
2025-01-29 17:04:35,753 INFO c.h.h.t.HelmChartContainer - [hivemq-test-hivemq-platform] [hivemq-platform-operator] [48025727] 17:04:35.751 [ReconcilerExecutor-hivemq-controller-113] DEBUG c.h.p.o.HiveMQPlatformReconciler - [helmrest] StatefulSet Status (revision: test-hivemq-platform-bbf59449c, replicas: 1, available: 0, ready: 0, current: 1, updated: 1)
2025-01-29 17:04:35,753 INFO c.h.h.t.HelmChartContainer - [hivemq-test-hivemq-platform] [hivemq-platform-operator] [48025727] 17:04:35.751 [ReconcilerExecutor-hivemq-controller-113] DEBUG c.h.p.o.HiveMQPlatformReconciler - [helmrest] StatefulSet Spec (replicas: 1, init containers: 1, containers: 1, volumes: 5)
2025-01-29 17:04:35,755 INFO c.h.h.t.HelmChartContainer - [hivemq-test-hivemq-platform] [hivemq-platform-operator] [48025727] 17:04:35.754 [ReconcilerExecutor-hivemq-controller-113] DEBUG c.h.p.o.h.HiveMQPlatformReconcilerErrorHandler - [helmrest] Pod 'test-hivemq-platform-0' phase Running
2025-01-29 17:04:35,756 INFO c.h.h.t.HelmChartContainer - [hivemq-test-hivemq-platform] [hivemq-platform-operator] [48025727] 17:04:35.755 [ReconcilerExecutor-hivemq-controller-113] INFO  c.h.p.o.h.HiveMQPlatformReconcilerBaseHandler - [helmrest] HiveMQ Platform is starting, 0 of 1 replicas are ready
2025-01-29 17:04:37,967 INFO c.h.h.t.HelmChartContainer - [test-hivemq-platform] [hivemq] [8f486402] INFO  - No valid license file found. Using trial license, restricted to 25 connections.
2025-01-29 17:04:40,666 INFO c.h.h.t.HelmChartContainer - [test-hivemq-platform] [hivemq] [8f486402] WARN  - [HiveMQ Platform Operator Init App 1.7.0-SNAPSHOT] Cannot connect to Health API for readiness: null
2025-01-29 17:04:40,673 INFO c.h.h.t.HelmChartContainer - [EVENT] Warning [Unhealthy] Readiness probe failed: HTTP probe failed with statuscode: 503 [helmrestapiit:test-hivemq-platform-0]
2025-01-29 17:04:40,673 INFO c.h.h.t.HelmChartContainer - Received Unhealthy event for container hivemq in pod test-hivemq-platform-0 [8f486402-ba3c-486b-9cf4-5943903854c5]
2025-01-29 17:04:41,170 INFO c.h.h.t.HelmChartContainer - [test-hivemq-platform] [hivemq] [8f486402] INFO  - No valid license file for Data Hub found. Using free license, restricted to 1 policy.
2025-01-29 17:04:42,474 INFO c.h.h.t.HelmChartContainer - [test-hivemq-platform] [hivemq] [8f486402] INFO  - Audit Logger started.
2025-01-29 17:04:42,975 INFO c.h.h.t.HelmChartContainer - [test-hivemq-platform] [hivemq] [8f486402] INFO  - This node uses '1' CPU cores.
2025-01-29 17:04:43,045 INFO c.h.h.t.HelmChartContainer - [test-hivemq-platform] [hivemq] [8f486402] INFO  - Starting HiveMQ Health API on address 0.0.0.0 and port 8889
2025-01-29 17:04:43,967 INFO c.h.h.t.HelmChartContainer - [test-hivemq-platform] [hivemq] [8f486402] INFO  - Started HiveMQ Health API in 986ms
2025-01-29 17:04:44,485 INFO c.h.h.t.HelmChartContainer - [test-hivemq-platform] [hivemq] [8f486402] INFO  - Starting HiveMQ extension system.
2025-01-29 17:04:45,767 INFO c.h.h.t.HelmChartContainer - [hivemq-test-hivemq-platform] [hivemq-platform-operator] [48025727] 17:04:45.763 [pool-6-thread-1] DEBUG c.h.p.o.d.PodServiceAccountResource - [helmrest] Desired PodServiceAccountResource (serviceAccountName: hivemq-platform-pod-test-hivemq-platform)
2025-01-29 17:04:45,768 INFO c.h.h.t.HelmChartContainer - [hivemq-test-hivemq-platform] [hivemq-platform-operator] [48025727] 17:04:45.766 [pool-6-thread-4] DEBUG c.h.p.o.d.PlatformServiceResource - [helmrest] Desired Platform services (2 services)
2025-01-29 17:04:45,771 INFO c.h.h.t.HelmChartContainer - [hivemq-test-hivemq-platform] [hivemq-platform-operator] [48025727] 17:04:45.767 [pool-6-thread-3] DEBUG c.h.p.o.dependants.PodInfoConfigMap - [helmrest] Desired PodInfo ConfigMap (2 extensions) (1 enabled)
2025-01-29 17:04:45,771 INFO c.h.h.t.HelmChartContainer - [hivemq-test-hivemq-platform] [hivemq-platform-operator] [48025727] 17:04:45.770 [pool-6-thread-3] DEBUG c.h.p.o.dependants.PodInfoConfigMap - [helmrest] Desired PodInfo ConfigMap (metrics port: 9399) (metrics path: /)
2025-01-29 17:04:45,771 INFO c.h.h.t.HelmChartContainer - [hivemq-test-hivemq-platform] [hivemq-platform-operator] [48025727] 17:04:45.770 [pool-6-thread-3] DEBUG c.h.p.o.dependants.PodInfoConfigMap - [helmrest] Desired PodInfo ConfigMap (extension state hash: -582416871)
2025-01-29 17:04:45,776 INFO c.h.h.t.HelmChartContainer - [hivemq-test-hivemq-platform] [hivemq-platform-operator] [48025727] 17:04:45.775 [pool-6-thread-4] DEBUG c.h.p.o.d.StatefulSetResource - [helmrest] Desired StatefulSet (1 replicas) for status STARTING (READY)
2025-01-29 17:04:45,784 INFO c.h.h.t.HelmChartContainer - [hivemq-test-hivemq-platform] [hivemq-platform-operator] [48025727] 17:04:45.781 [ReconcilerExecutor-hivemq-controller-114] INFO  c.h.p.o.HiveMQPlatformReconciler - [helmrest] Reconciling HiveMQ Platform 'test-hivemq-platform' in namespace 'helmrestapiit'
2025-01-29 17:04:45,785 INFO c.h.h.t.HelmChartContainer - [hivemq-test-hivemq-platform] [hivemq-platform-operator] [48025727] 17:04:45.782 [ReconcilerExecutor-hivemq-controller-114] DEBUG c.h.p.o.HiveMQPlatformReconciler - [helmrest] Custom Resource Status STARTING - HiveMQ Platform is starting (READY)
2025-01-29 17:04:45,785 INFO c.h.h.t.HelmChartContainer - [hivemq-test-hivemq-platform] [hivemq-platform-operator] [48025727] 17:04:45.783 [ReconcilerExecutor-hivemq-controller-114] DEBUG c.h.p.o.HiveMQPlatformReconciler - [helmrest] Custom Resource Spec (replicas: 1) (extensions: 2)
2025-01-29 17:04:45,853 INFO c.h.h.t.HelmChartContainer - [hivemq-test-hivemq-platform] [hivemq-platform-operator] [48025727] 17:04:45.852 [ReconcilerExecutor-hivemq-controller-114] DEBUG c.h.p.o.HiveMQPlatformReconciler - [helmrest] StatefulSet Status (revision: test-hivemq-platform-bbf59449c, replicas: 1, available: 0, ready: 0, current: 1, updated: 1)
2025-01-29 17:04:45,853 INFO c.h.h.t.HelmChartContainer - [hivemq-test-hivemq-platform] [hivemq-platform-operator] [48025727] 17:04:45.852 [ReconcilerExecutor-hivemq-controller-114] DEBUG c.h.p.o.HiveMQPlatformReconciler - [helmrest] StatefulSet Spec (replicas: 1, init containers: 1, containers: 1, volumes: 5)
2025-01-29 17:04:45,856 INFO c.h.h.t.HelmChartContainer - [hivemq-test-hivemq-platform] [hivemq-platform-operator] [48025727] 17:04:45.853 [ReconcilerExecutor-hivemq-controller-114] DEBUG c.h.p.o.h.HiveMQPlatformReconcilerErrorHandler - [helmrest] Pod 'test-hivemq-platform-0' phase Running
2025-01-29 17:04:45,856 INFO c.h.h.t.HelmChartContainer - [hivemq-test-hivemq-platform] [hivemq-platform-operator] [48025727] 17:04:45.854 [ReconcilerExecutor-hivemq-controller-114] INFO  c.h.p.o.h.HiveMQPlatformReconcilerBaseHandler - [helmrest] HiveMQ Platform is starting, 0 of 1 replicas are ready
2025-01-29 17:04:46,564 INFO c.h.h.t.HelmChartContainer - [test-hivemq-platform] [hivemq] [8f486402] INFO  - [HiveMQ Platform Operator Init App 1.7.0-SNAPSHOT] Returning Health API response 503 for readiness
2025-01-29 17:04:46,569 INFO c.h.h.t.HelmChartContainer - [EVENT] Warning [Unhealthy] Readiness probe failed: HTTP probe failed with statuscode: 503 [helmrestapiit:test-hivemq-platform-0]
2025-01-29 17:04:46,570 INFO c.h.h.t.HelmChartContainer - Received Unhealthy event for container hivemq in pod test-hivemq-platform-0 [8f486402-ba3c-486b-9cf4-5943903854c5]
2025-01-29 17:04:48,462 INFO c.h.h.t.HelmChartContainer - [test-hivemq-platform] [hivemq] [8f486402] INFO  - No license found for enterprise extension with name "HiveMQ Enterprise Security Extension". Entering extension trial mode. "HiveMQ Enterprise Security Extension" will be disabled in 5 hours.
2025-01-29 17:04:48,665 INFO c.h.h.t.HelmChartContainer - [test-hivemq-platform] [hivemq] [8f486402] INFO  - Starting extension with id "hivemq-dns-cluster-discovery" at /opt/hivemq/extensions/hivemq-dns-cluster-discovery
2025-01-29 17:04:49,164 INFO c.h.h.t.HelmChartContainer - [test-hivemq-platform] [hivemq] [8f486402] INFO  - Using TCP cluster transport on address 10.42.0.9 and port 7000
2025-01-29 17:04:49,170 INFO c.h.h.t.HelmChartContainer - [test-hivemq-platform] [hivemq] [8f486402] INFO  - Using extension cluster discovery
2025-01-29 17:04:49,275 INFO c.h.h.t.HelmChartContainer - [test-hivemq-platform] [hivemq] [8f486402] INFO  - Extension "DNS Cluster Discovery Extension" version 4.3.2 started successfully.
2025-01-29 17:04:49,275 INFO c.h.h.t.HelmChartContainer - [test-hivemq-platform] [hivemq] [8f486402] INFO  - Starting extension with id "hivemq-enterprise-security-extension" at /opt/hivemq/extensions/hivemq-enterprise-security-extension
2025-01-29 17:04:50,749 INFO c.h.h.t.HelmChartContainer - [EVENT] Warning [Unhealthy] Readiness probe failed: HTTP probe failed with statuscode: 503 [helmrestapiit:test-hivemq-platform-0]
2025-01-29 17:04:50,749 INFO c.h.h.t.HelmChartContainer - Received Unhealthy event for container hivemq in pod test-hivemq-platform-0 [8f486402-ba3c-486b-9cf4-5943903854c5]
2025-01-29 17:04:50,970 INFO c.h.h.t.HelmChartContainer - [test-hivemq-platform] [hivemq] [8f486402] INFO  - HiveMQ Enterprise Security Extension: Successfully loaded configuration from '/opt/hivemq/extensions/hivemq-enterprise-security-extension/conf/config.xml'.
2025-01-29 17:04:50,974 INFO c.h.h.t.HelmChartContainer - [test-hivemq-platform] [hivemq] [8f486402] INFO  - HiveMQ Enterprise Security Extension: Starting HiveMQ Enterprise Security Extension.
2025-01-29 17:04:51,269 INFO c.h.h.t.HelmChartContainer - [test-hivemq-platform] [hivemq] [8f486402] INFO  - HiveMQ Enterprise Security Extension: Access log is written to /opt/hivemq/log/access/access.log.
2025-01-29 17:04:51,567 INFO c.h.h.t.HelmChartContainer - [test-hivemq-platform] [hivemq] [8f486402] INFO  - HiveMQ Enterprise Security Extension: Started HiveMQ Enterprise Security Extension successfully in 2291ms.
2025-01-29 17:04:51,568 INFO c.h.h.t.HelmChartContainer - [test-hivemq-platform] [hivemq] [8f486402] INFO  - Extension "HiveMQ Enterprise Security Extension" version 4.36.0 started successfully.
2025-01-29 17:04:51,568 INFO c.h.h.t.HelmChartContainer - [test-hivemq-platform] [hivemq] [8f486402] INFO  - Starting extension with id "hivemq-prometheus-extension" at /opt/hivemq/extensions/hivemq-prometheus-extension
2025-01-29 17:04:51,979 INFO c.h.h.t.HelmChartContainer - [test-hivemq-platform] [hivemq] [8f486402] INFO  - Started Jetty Server exposing Prometheus Servlet on URI http://0.0.0.0:9399/
2025-01-29 17:04:51,979 INFO c.h.h.t.HelmChartContainer - [test-hivemq-platform] [hivemq] [8f486402] INFO  - Extension "Prometheus Monitoring Extension" version 4.0.12 started successfully.
2025-01-29 17:04:51,979 INFO c.h.h.t.HelmChartContainer - [test-hivemq-platform] [hivemq] [8f486402] WARN  - 
2025-01-29 17:04:51,979 INFO c.h.h.t.HelmChartContainer - [test-hivemq-platform] [hivemq] [8f486402] ###############################################################################
2025-01-29 17:04:51,979 INFO c.h.h.t.HelmChartContainer - [test-hivemq-platform] [hivemq] [8f486402] # No security extension present, MQTT clients can not connect to this broker. #
2025-01-29 17:04:51,979 INFO c.h.h.t.HelmChartContainer - [test-hivemq-platform] [hivemq] [8f486402] ###############################################################################
2025-01-29 17:04:52,665 INFO c.h.h.t.HelmChartContainer - [test-hivemq-platform] [hivemq] [8f486402] INFO  - eSX0q: no members discovered after 2898 ms: creating cluster as first member
2025-01-29 17:04:52,673 INFO c.h.h.t.HelmChartContainer - [test-hivemq-platform] [hivemq] [8f486402] INFO  - Cluster nodes found by discovery: [eSX0q|0] (1) [eSX0q].
2025-01-29 17:04:52,769 INFO c.h.h.t.HelmChartContainer - [test-hivemq-platform] [hivemq] [8f486402] INFO  - Starting HiveMQ REST API on address 0.0.0.0 and port 8890
2025-01-29 17:04:53,178 INFO c.h.h.t.HelmChartContainer - [test-hivemq-platform] [hivemq] [8f486402] INFO  - Started HiveMQ REST API in 409ms
2025-01-29 17:04:53,179 INFO c.h.h.t.HelmChartContainer - [test-hivemq-platform] [hivemq] [8f486402] WARN  - No user for HiveMQ Control Center configured. Starting with default user
2025-01-29 17:04:53,179 INFO c.h.h.t.HelmChartContainer - [test-hivemq-platform] [hivemq] [8f486402] INFO  - Starting HiveMQ Control Center on address 127.0.0.1 and port 8080
2025-01-29 17:04:53,262 INFO c.h.h.t.HelmChartContainer - [test-hivemq-platform] [hivemq] [8f486402] INFO  - Mounting HiveMQ Control Center V2 Preview
2025-01-29 17:04:53,879 INFO c.h.h.t.HelmChartContainer - [test-hivemq-platform] [hivemq] [8f486402] INFO  - Started HiveMQ Control Center in 701ms
2025-01-29 17:04:53,970 INFO c.h.h.t.HelmChartContainer - [test-hivemq-platform] [hivemq] [8f486402] INFO  - Starting TCP listener on address 0.0.0.0 and port 1883
2025-01-29 17:04:53,987 INFO c.h.h.t.HelmChartContainer - [test-hivemq-platform] [hivemq] [8f486402] INFO  - Started TCP Listener on address 0.0.0.0 and on port 1883.
2025-01-29 17:04:53,988 INFO c.h.h.t.HelmChartContainer - [test-hivemq-platform] [hivemq] [8f486402] INFO  - Started HiveMQ in 37423ms
2025-01-29 17:04:55,588 INFO c.h.h.t.HelmChartContainer - [test-hivemq-platform] [hivemq] [8f486402] INFO  - [HiveMQ Platform Operator Init App 1.7.0-SNAPSHOT] Returning Health API response 200 for readiness
2025-01-29 17:04:55,603 INFO c.h.h.t.HelmChartContainer - [POD] test-hivemq-platform-0 [8f486402-ba3c-486b-9cf4-5943903854c5] in helmrestapiit was MODIFIED
2025-01-29 17:04:55,611 INFO c.h.h.t.HelmChartContainer - [hivemq-test-hivemq-platform] [hivemq-platform-operator] [48025727] 17:04:55.607 [pool-6-thread-19] DEBUG c.h.p.o.d.PlatformServiceResource - [helmrest] Desired Platform services (2 services)
2025-01-29 17:04:55,619 INFO c.h.h.t.HelmChartContainer - [hivemq-test-hivemq-platform] [hivemq-platform-operator] [48025727] 17:04:55.613 [pool-6-thread-16] DEBUG c.h.p.o.dependants.PodInfoConfigMap - [helmrest] Desired PodInfo ConfigMap (2 extensions) (1 enabled)
2025-01-29 17:04:55,619 INFO c.h.h.t.HelmChartContainer - [hivemq-test-hivemq-platform] [hivemq-platform-operator] [48025727] 17:04:55.613 [pool-6-thread-16] DEBUG c.h.p.o.dependants.PodInfoConfigMap - [helmrest] Desired PodInfo ConfigMap (metrics port: 9399) (metrics path: /)
2025-01-29 17:04:55,619 INFO c.h.h.t.HelmChartContainer - [hivemq-test-hivemq-platform] [hivemq-platform-operator] [48025727] 17:04:55.613 [pool-6-thread-16] DEBUG c.h.p.o.dependants.PodInfoConfigMap - [helmrest] Desired PodInfo ConfigMap (extension state hash: -582416871)
2025-01-29 17:04:55,619 INFO c.h.h.t.HelmChartContainer - [hivemq-test-hivemq-platform] [hivemq-platform-operator] [48025727] 17:04:55.618 [pool-6-thread-12] DEBUG c.h.p.o.d.PodServiceAccountResource - [helmrest] Desired PodServiceAccountResource (serviceAccountName: hivemq-platform-pod-test-hivemq-platform)
2025-01-29 17:04:55,627 INFO c.h.h.t.HelmChartContainer - [hivemq-test-hivemq-platform] [hivemq-platform-operator] [48025727] 17:04:55.625 [pool-6-thread-13] DEBUG c.h.p.o.d.StatefulSetResource - [helmrest] Desired StatefulSet (1 replicas) for status STARTING (READY)
2025-01-29 17:04:55,687 INFO c.h.h.t.HelmChartContainer - [hivemq-test-hivemq-platform] [hivemq-platform-operator] [48025727] 17:04:55.685 [ReconcilerExecutor-hivemq-controller-115] INFO  c.h.p.o.HiveMQPlatformReconciler - [helmrest] Reconciling HiveMQ Platform 'test-hivemq-platform' in namespace 'helmrestapiit'
2025-01-29 17:04:55,687 INFO c.h.h.t.HelmChartContainer - [hivemq-test-hivemq-platform] [hivemq-platform-operator] [48025727] 17:04:55.685 [ReconcilerExecutor-hivemq-controller-115] DEBUG c.h.p.o.HiveMQPlatformReconciler - [helmrest] Custom Resource Status STARTING - HiveMQ Platform is starting (READY)
2025-01-29 17:04:55,687 INFO c.h.h.t.HelmChartContainer - [hivemq-test-hivemq-platform] [hivemq-platform-operator] [48025727] 17:04:55.685 [ReconcilerExecutor-hivemq-controller-115] DEBUG c.h.p.o.HiveMQPlatformReconciler - [helmrest] Custom Resource Spec (replicas: 1) (extensions: 2)
2025-01-29 17:04:55,689 INFO c.h.h.t.HelmChartContainer - [hivemq-test-hivemq-platform] [hivemq-platform-operator] [48025727] 17:04:55.688 [ReconcilerExecutor-hivemq-controller-115] DEBUG c.h.p.o.HiveMQPlatformReconciler - [helmrest] StatefulSet Status (revision: test-hivemq-platform-bbf59449c, replicas: 1, available: 1, ready: 1, current: 1, updated: 1)
2025-01-29 17:04:55,689 INFO c.h.h.t.HelmChartContainer - [hivemq-test-hivemq-platform] [hivemq-platform-operator] [48025727] 17:04:55.688 [ReconcilerExecutor-hivemq-controller-115] DEBUG c.h.p.o.HiveMQPlatformReconciler - [helmrest] StatefulSet Spec (replicas: 1, init containers: 1, containers: 1, volumes: 5)
2025-01-29 17:04:55,690 INFO c.h.h.t.HelmChartContainer - [hivemq-test-hivemq-platform] [hivemq-platform-operator] [48025727] 17:04:55.689 [ReconcilerExecutor-hivemq-controller-115] DEBUG c.h.p.o.h.HiveMQPlatformReconcilerErrorHandler - [helmrest] Pod 'test-hivemq-platform-0' phase Running
2025-01-29 17:04:55,691 INFO c.h.h.t.HelmChartContainer - [hivemq-test-hivemq-platform] [hivemq-platform-operator] [48025727] 17:04:55.690 [ReconcilerExecutor-hivemq-controller-115] INFO  c.h.p.o.h.HiveMQPlatformReconcilerBaseHandler - [helmrest] HiveMQ Platform started successfully
2025-01-29 17:04:55,797 INFO c.h.h.t.HelmChartContainer - [hivemq-test-hivemq-platform] [hivemq-platform-operator] [48025727] 17:04:55.796 [ReconcilerExecutor-hivemq-controller-115] DEBUG c.h.p.operator.event.EventSender - [helmrest] Creating K8s event hivemq-platform-ready: [Ready] HiveMQ Platform is ready
2025-01-29 17:04:55,802 INFO c.h.h.t.HelmChartContainer - [EVENT] Normal [Ready] HiveMQ Platform is ready [helmrestapiit:test-hivemq-platform]
2025-01-29 17:04:55,804 INFO c.h.h.t.HelmChartContainer - [hivemq-test-hivemq-platform] [hivemq-platform-operator] [48025727] 17:04:55.802 [ReconcilerExecutor-hivemq-controller-115] INFO  c.h.p.o.h.AbstractHiveMQReconcilerStateHandler - [helmrest] Update HiveMQ Platform Status (STARTING [READY] -> RUNNING [READY]): HiveMQ Platform is ready
2025-01-29 17:04:55,814 DEBUG com.hivemq.helmcharts.util.K8sUtil - Comparing actual state 'RUNNING' and waiting for 'RUNNING'
2025-01-29 17:04:55,824 INFO c.hivemq.helmcharts.util.RestAPIUtil - Checking authorization for REST API on hivemq-test-hivemq-platform-rest-8890:8890 (username: user) (password: password) (endpoint path: /api/v1/mqtt/clients)
2025-01-29 17:04:55,896 INFO c.h.h.t.HelmChartContainer - [hivemq-test-hivemq-platform] [hivemq-platform-operator] [48025727] 17:04:55.892 [pool-6-thread-21] DEBUG c.h.p.o.d.PlatformServiceResource - [helmrest] Desired Platform services (2 services)
2025-01-29 17:04:55,902 INFO c.h.h.t.HelmChartContainer - [hivemq-test-hivemq-platform] [hivemq-platform-operator] [48025727] 17:04:55.901 [pool-6-thread-24] DEBUG c.h.p.o.dependants.PodInfoConfigMap - [helmrest] Desired PodInfo ConfigMap (2 extensions) (1 enabled)
2025-01-29 17:04:55,902 INFO c.h.h.t.HelmChartContainer - [hivemq-test-hivemq-platform] [hivemq-platform-operator] [48025727] 17:04:55.902 [pool-6-thread-24] DEBUG c.h.p.o.dependants.PodInfoConfigMap - [helmrest] Desired PodInfo ConfigMap (metrics port: 9399) (metrics path: /)
2025-01-29 17:04:55,903 INFO c.h.h.t.HelmChartContainer - [hivemq-test-hivemq-platform] [hivemq-platform-operator] [48025727] 17:04:55.902 [pool-6-thread-24] DEBUG c.h.p.o.dependants.PodInfoConfigMap - [helmrest] Desired PodInfo ConfigMap (extension state hash: -582416871)
2025-01-29 17:04:55,904 INFO c.h.h.t.HelmChartContainer - [hivemq-test-hivemq-platform] [hivemq-platform-operator] [48025727] 17:04:55.903 [pool-6-thread-24] DEBUG c.h.p.o.dependants.PodInfoConfigMap - [helmrest] Update PodInfo ConfigMap
2025-01-29 17:04:55,906 INFO c.h.h.t.HelmChartContainer - [hivemq-test-hivemq-platform] [hivemq-platform-operator] [48025727] 17:04:55.894 [pool-6-thread-25] DEBUG c.h.p.o.d.PodServiceAccountResource - [helmrest] Desired PodServiceAccountResource (serviceAccountName: hivemq-platform-pod-test-hivemq-platform)
2025-01-29 17:04:55,992 INFO c.h.h.t.HelmChartContainer - [hivemq-test-hivemq-platform] [hivemq-platform-operator] [48025727] 17:04:55.989 [pool-6-thread-24] DEBUG c.h.p.o.d.StatefulSetResource - [helmrest] Desired StatefulSet (1 replicas) for status RUNNING (READY)
2025-01-29 17:04:56,002 INFO c.h.h.t.HelmChartContainer - [hivemq-test-hivemq-platform] [hivemq-platform-operator] [48025727] 17:04:56.000 [ReconcilerExecutor-hivemq-controller-116] INFO  c.h.p.o.HiveMQPlatformReconciler - [helmrest] Reconciling HiveMQ Platform 'test-hivemq-platform' in namespace 'helmrestapiit'
2025-01-29 17:04:56,007 INFO c.h.h.t.HelmChartContainer - [hivemq-test-hivemq-platform] [hivemq-platform-operator] [48025727] 17:04:56.000 [ReconcilerExecutor-hivemq-controller-116] DEBUG c.h.p.o.HiveMQPlatformReconciler - [helmrest] Custom Resource Status RUNNING - HiveMQ Platform is ready (READY)
2025-01-29 17:04:56,007 INFO c.h.h.t.HelmChartContainer - [hivemq-test-hivemq-platform] [hivemq-platform-operator] [48025727] 17:04:56.000 [ReconcilerExecutor-hivemq-controller-116] DEBUG c.h.p.o.HiveMQPlatformReconciler - [helmrest] Custom Resource Spec (replicas: 1) (extensions: 2)
2025-01-29 17:04:56,011 INFO c.h.h.t.HelmChartContainer - [hivemq-test-hivemq-platform] [hivemq-platform-operator] [48025727] 17:04:56.008 [ReconcilerExecutor-hivemq-controller-116] DEBUG c.h.p.o.HiveMQPlatformReconciler - [helmrest] StatefulSet Status (revision: test-hivemq-platform-bbf59449c, replicas: 1, available: 1, ready: 1, current: 1, updated: 1)
2025-01-29 17:04:56,011 INFO c.h.h.t.HelmChartContainer - [hivemq-test-hivemq-platform] [hivemq-platform-operator] [48025727] 17:04:56.009 [ReconcilerExecutor-hivemq-controller-116] DEBUG c.h.p.o.HiveMQPlatformReconciler - [helmrest] StatefulSet Spec (replicas: 1, init containers: 1, containers: 1, volumes: 5)
2025-01-29 17:04:56,088 INFO c.h.h.t.HelmChartContainer - [hivemq-test-hivemq-platform] [hivemq-platform-operator] [48025727] 17:04:56.085 [ReconcilerExecutor-hivemq-controller-116] DEBUG c.h.p.o.h.HiveMQPlatformReconcilerErrorHandler - [helmrest] Pod 'test-hivemq-platform-0' phase Running
2025-01-29 17:04:56,805 INFO c.hivemq.helmcharts.util.RestAPIUtil - Checking authorization for REST API on hivemq-test-hivemq-platform-rest-8890:8890 (username: user) (password: wrong-password) (endpoint path: /api/v1/mqtt/clients)
HTTP/1.1 401 Unauthorized
Content-Type: application/json;charset=utf-8
WWW-Authenticate: Basic charset="UTF-8"
Content-Length: 39

{
    "errors": [
        {
            "title": "Not authorized"
        }
    ]
}
2025-01-29 17:04:59,716 INFO c.hivemq.helmcharts.util.RestAPIUtil - Checking authorization for REST API on hivemq-test-hivemq-platform-rest-8890:8890 (username: user) (password: password) (endpoint path: /api/v1/management/backups)
HTTP/1.1 403 Forbidden
Content-Type: application/json;charset=utf-8
Content-Length: 49

{
    "errors": [
        {
            "title": "Insufficient permissions"
        }
    ]
}
2025-01-29 17:04:59,802 INFO c.h.h.t.HelmChartContainer - Uninstalling release 'test-hivemq-platform' in namespace 'helmrestapiit'...
2025-01-29 17:04:59,802 DEBUG c.h.h.t.HelmChartContainer - Executing helm command: /bin/helm --kubeconfig /etc/rancher/k3s/k3s.yaml uninstall test-hivemq-platform  --wait --timeout 5m0s --cascade foreground --namespace helmrestapiit
2025-01-29 17:05:00,004 INFO c.h.h.t.HelmChartContainer - [hivemq-test-hivemq-platform] [hivemq-platform-operator] [48025727] 17:04:59.999 [pool-6-thread-32] DEBUG c.h.p.o.d.PlatformServiceResource - [helmrest] Desired Platform services (2 services)
2025-01-29 17:05:00,008 INFO c.h.h.t.HelmChartContainer - [hivemq-test-hivemq-platform] [hivemq-platform-operator] [48025727] 17:05:00.000 [pool-6-thread-34] DEBUG c.h.p.o.d.PodServiceAccountResource - [helmrest] Desired PodServiceAccountResource (serviceAccountName: hivemq-platform-pod-test-hivemq-platform)
2025-01-29 17:05:00,012 INFO c.h.h.t.HelmChartContainer - [hivemq-test-hivemq-platform] [hivemq-platform-operator] [48025727] 17:05:00.003 [pool-6-thread-36] DEBUG c.h.p.o.dependants.PodInfoConfigMap - [helmrest] Desired PodInfo ConfigMap (2 extensions) (1 enabled)
2025-01-29 17:05:00,012 INFO c.h.h.t.HelmChartContainer - [hivemq-test-hivemq-platform] [hivemq-platform-operator] [48025727] 17:05:00.003 [pool-6-thread-36] DEBUG c.h.p.o.dependants.PodInfoConfigMap - [helmrest] Desired PodInfo ConfigMap (metrics port: 9399) (metrics path: /)
2025-01-29 17:05:00,012 INFO c.h.h.t.HelmChartContainer - [hivemq-test-hivemq-platform] [hivemq-platform-operator] [48025727] 17:05:00.003 [pool-6-thread-36] DEBUG c.h.p.o.dependants.PodInfoConfigMap - [helmrest] Desired PodInfo ConfigMap (extension state hash: -582416871)
2025-01-29 17:05:00,012 INFO c.h.h.t.HelmChartContainer - [hivemq-test-hivemq-platform] [hivemq-platform-operator] [48025727] 17:05:00.005 [pool-6-thread-36] DEBUG c.h.p.o.d.StatefulSetResource - [helmrest] Desired StatefulSet (1 replicas) for status RUNNING (READY)
2025-01-29 17:05:00,087 INFO c.h.h.t.HelmChartContainer - [hivemq-test-hivemq-platform] [hivemq-platform-operator] [48025727] 17:05:00.084 [ReconcilerExecutor-hivemq-controller-117] INFO  c.h.p.o.HiveMQPlatformReconciler - [helmrest] Reconciling HiveMQ Platform 'test-hivemq-platform' in namespace 'helmrestapiit'
2025-01-29 17:05:00,087 INFO c.h.h.t.HelmChartContainer - [hivemq-test-hivemq-platform] [hivemq-platform-operator] [48025727] 17:05:00.084 [ReconcilerExecutor-hivemq-controller-117] DEBUG c.h.p.o.HiveMQPlatformReconciler - [helmrest] Custom Resource Status RUNNING - HiveMQ Platform is ready (READY)
2025-01-29 17:05:00,087 INFO c.h.h.t.HelmChartContainer - [hivemq-test-hivemq-platform] [hivemq-platform-operator] [48025727] 17:05:00.084 [ReconcilerExecutor-hivemq-controller-117] DEBUG c.h.p.o.HiveMQPlatformReconciler - [helmrest] Custom Resource Spec (replicas: 1) (extensions: 2)
2025-01-29 17:05:00,089 INFO c.h.h.t.HelmChartContainer - [hivemq-test-hivemq-platform] [hivemq-platform-operator] [48025727] 17:05:00.088 [ReconcilerExecutor-hivemq-controller-117] DEBUG c.h.p.o.HiveMQPlatformReconciler - [helmrest] StatefulSet Status (revision: test-hivemq-platform-bbf59449c, replicas: 1, available: 1, ready: 1, current: 1, updated: 1)
2025-01-29 17:05:00,089 INFO c.h.h.t.HelmChartContainer - [hivemq-test-hivemq-platform] [hivemq-platform-operator] [48025727] 17:05:00.088 [ReconcilerExecutor-hivemq-controller-117] DEBUG c.h.p.o.HiveMQPlatformReconciler - [helmrest] StatefulSet Spec (replicas: 1, init containers: 1, containers: 1, volumes: 5)
2025-01-29 17:05:00,092 INFO c.h.h.t.HelmChartContainer - [hivemq-test-hivemq-platform] [hivemq-platform-operator] [48025727] 17:05:00.090 [ReconcilerExecutor-hivemq-controller-117] DEBUG c.h.p.o.h.HiveMQPlatformReconcilerErrorHandler - [helmrest] Pod 'test-hivemq-platform-0' phase Running
2025-01-29 17:05:00,155 INFO c.h.h.t.HelmChartContainer - [hivemq-test-hivemq-platform] [hivemq-platform-operator] [48025727] 17:05:00.154 [ReconcilerExecutor-hivemq-controller-122] INFO  c.h.p.o.HiveMQPlatformReconciler - [helmrest] Cleanup test-hivemq-platform - helmrestapiit HiveMQ Platform is shut down
2025-01-29 17:05:00,616 INFO c.h.h.t.HelmChartContainer - [EVENT] Normal [Killing] Stopping container hivemq [helmrestapiit:test-hivemq-platform-0]
2025-01-29 17:05:00,617 INFO c.h.h.t.HelmChartContainer - [POD] test-hivemq-platform-0 [8f486402-ba3c-486b-9cf4-5943903854c5] in helmrestapiit was MODIFIED
2025-01-29 17:05:00,618 INFO c.h.h.t.HelmChartContainer - Received Killing event for container hivemq in pod test-hivemq-platform-0 [8f486402-ba3c-486b-9cf4-5943903854c5]
2025-01-29 17:05:00,618 INFO c.h.h.t.HelmChartContainer - Container [test-hivemq-platform-0] [hivemq] [8f486402-ba3c-486b-9cf4-5943903854c5] was terminated
2025-01-29 17:05:00,618 INFO c.h.h.t.HelmChartContainer - Stopped log watcher for hivemq in pod test-hivemq-platform-0 [8f486402-ba3c-486b-9cf4-5943903854c5]
2025-01-29 17:05:00,624 INFO c.h.h.t.HelmChartContainer - [test-hivemq-platform] [hivemq] [8f486402] INFO  - [HiveMQ Platform Operator Init App 1.7.0-SNAPSHOT] Shutting down
2025-01-29 17:05:00,624 INFO c.h.h.t.HelmChartContainer - [test-hivemq-platform] [hivemq] [8f486402] INFO  - [HiveMQ Platform Operator Init App 1.7.0-SNAPSHOT] Stopping the HiveMQ Platform
2025-01-29 17:05:00,772 INFO c.h.h.t.HelmChartContainer - [test-hivemq-platform] [hivemq] [8f486402] INFO  - Shutting down HiveMQ. Please wait, this could take a while...
2025-01-29 17:05:00,861 INFO c.h.h.t.HelmChartContainer - [test-hivemq-platform] [hivemq] [8f486402] INFO  - Shutting down listeners and clients
2025-01-29 17:05:00,862 INFO c.h.h.t.HelmChartContainer - [test-hivemq-platform] [hivemq] [8f486402] INFO  - Shutdown of listeners is done
2025-01-29 17:05:00,862 INFO c.h.h.t.HelmChartContainer - [test-hivemq-platform] [hivemq] [8f486402] INFO  - No clients are connected, proceeding with shutdown
2025-01-29 17:05:01,193 INFO c.h.h.t.HelmChartContainer - [test-hivemq-platform] [hivemq] [8f486402] WARN  - [HiveMQ Platform Operator Init App 1.7.0-SNAPSHOT] Could not update Pod annotations: Failure executing: GET at: https://10.43.0.1:443/api/v1/namespaces/helmrestapiit/pods/test-hivemq-platform-0. Message: pods "test-hivemq-platform-0" is forbidden: User "system:serviceaccount:helmrestapiit:hivemq-platform-pod-test-hivemq-platform" cannot get resource "pods" in API group "" in the namespace "helmrestapiit". Received status: Status(apiVersion=v1, code=403, details=StatusDetails(causes=[], group=null, kind=pods, name=test-hivemq-platform-0, retryAfterSeconds=null, uid=null, additionalProperties={}), kind=Status, message=pods "test-hivemq-platform-0" is forbidden: User "system:serviceaccount:helmrestapiit:hivemq-platform-pod-test-hivemq-platform" cannot get resource "pods" in API group "" in the namespace "helmrestapiit", metadata=ListMeta(_continue=null, remainingItemCount=null, resourceVersion=null, selfLink=null, additionalProperties={}), reason=Forbidden, status=Failure, additionalProperties={}).
2025-01-29 17:05:02,058 INFO c.h.h.t.HelmChartContainer - Deleting namespace 'helmrestapiit'...
2025-01-29 17:05:03,566 INFO c.h.h.t.HelmChartContainer - [test-hivemq-platform] [hivemq] [8f486402] INFO  - Shutting down extension system
2025-01-29 17:05:03,568 INFO c.h.h.t.HelmChartContainer - [test-hivemq-platform] [hivemq] [8f486402] INFO  - Stopping extension with id hivemq-dns-cluster-discovery
2025-01-29 17:05:03,569 INFO c.h.h.t.HelmChartContainer - [test-hivemq-platform] [hivemq] [8f486402] INFO  - Extension "DNS Cluster Discovery Extension" version 4.3.2 stopped successfully.
2025-01-29 17:05:03,570 INFO c.h.h.t.HelmChartContainer - [test-hivemq-platform] [hivemq] [8f486402] INFO  - Stopping extension with id hivemq-prometheus-extension
2025-01-29 17:05:03,574 INFO c.h.h.t.HelmChartContainer - [test-hivemq-platform] [hivemq] [8f486402] INFO  - Extension "Prometheus Monitoring Extension" version 4.0.12 stopped successfully.
2025-01-29 17:05:03,575 INFO c.h.h.t.HelmChartContainer - [test-hivemq-platform] [hivemq] [8f486402] INFO  - Stopping extension with id hivemq-enterprise-security-extension
2025-01-29 17:05:03,575 INFO c.h.h.t.HelmChartContainer - [test-hivemq-platform] [hivemq] [8f486402] INFO  - HiveMQ Enterprise Security Extension: Shutting down HiveMQ Enterprise Security Extension.
2025-01-29 17:05:05,582 INFO c.h.h.t.HelmChartContainer - [test-hivemq-platform] [hivemq] [8f486402] INFO  - [HiveMQ Platform Operator Init App 1.7.0-SNAPSHOT] Returning shutdown Health API response 503 for readiness
2025-01-29 17:05:05,586 INFO c.h.h.t.HelmChartContainer - [EVENT] Warning [Unhealthy] Readiness probe failed: HTTP probe failed with statuscode: 503 [helmrestapiit:test-hivemq-platform-0]
2025-01-29 17:05:05,586 INFO c.h.h.t.HelmChartContainer - Received Unhealthy event for container hivemq in pod test-hivemq-platform-0 [8f486402-ba3c-486b-9cf4-5943903854c5]
2025-01-29 17:05:06,192 INFO c.h.h.t.HelmChartContainer - [K3S] [authentication.go:74] "Unable to authenticate the request" err="[invalid bearer token, serviceaccounts \"hivemq-platform-pod-test-hivemq-platform\" not found]"
2025-01-29 17:05:06,212 INFO c.h.h.t.HelmChartContainer - [K3S] [authentication.go:74] "Unable to authenticate the request" err="[invalid bearer token, serviceaccounts \"hivemq-platform-pod-test-hivemq-platform\" not found]"
2025-01-29 17:05:06,245 INFO c.h.h.t.HelmChartContainer - [test-hivemq-platform] [hivemq] [8f486402] WARN  - [HiveMQ Platform Operator Init App 1.7.0-SNAPSHOT] Could not update Pod annotations: Failure executing: GET at: https://10.43.0.1:443/api/v1/namespaces/helmrestapiit/pods/test-hivemq-platform-0. Message: Unauthorized. Received status: Status(apiVersion=v1, code=401, details=null, kind=Status, message=Unauthorized, metadata=ListMeta(_continue=null, remainingItemCount=null, resourceVersion=null, selfLink=null, additionalProperties={}), reason=Unauthorized, status=Failure, additionalProperties={}).
2025-01-29 17:05:06,578 INFO c.h.h.t.HelmChartContainer - [test-hivemq-platform] [hivemq] [8f486402] INFO  - HiveMQ Enterprise Security Extension: Stopped HiveMQ Enterprise Security Extension successfully in 3002ms.
2025-01-29 17:05:06,578 INFO c.h.h.t.HelmChartContainer - [test-hivemq-platform] [hivemq] [8f486402] INFO  - Extension "HiveMQ Enterprise Security Extension" version 4.36.0 stopped successfully.
2025-01-29 17:05:07,153 INFO c.h.h.t.HelmChartContainer - [K3S] [stateful_set.go:466] "StatefulSet has been deleted" key="helmrestapiit/test-hivemq-platform"
2025-01-29 17:05:09,464 INFO c.h.h.t.HelmChartContainer - [test-hivemq-platform] [hivemq] [8f486402] INFO  - Shutdown completed.
2025-01-29 17:05:09,862 INFO c.h.h.t.HelmChartContainer - [test-hivemq-platform] [hivemq] [8f486402] INFO  - [HiveMQ Platform Operator Init App 1.7.0-SNAPSHOT] The HiveMQ Platform exited with code 143
2025-01-29 17:05:09,862 INFO c.h.h.t.HelmChartContainer - [test-hivemq-platform] [hivemq] [8f486402] INFO  - [HiveMQ Platform Operator Init App 1.7.0-SNAPSHOT] Stopping the REST API
2025-01-29 17:05:09,868 INFO c.h.h.t.HelmChartContainer - [test-hivemq-platform] [hivemq] [8f486402] INFO  - [HiveMQ Platform Operator Init App 1.7.0-SNAPSHOT] Shutdown complete
2025-01-29 17:05:10,338 INFO c.h.h.t.HelmChartContainer - [POD] test-hivemq-platform-0 [8f486402-ba3c-486b-9cf4-5943903854c5] in helmrestapiit was MODIFIED
2025-01-29 17:05:10,354 INFO c.h.h.t.HelmChartContainer - [K3S] [reconciler_common.go:162] "operationExecutor.UnmountVolume started for volume \"kube-api-access-6npqx\" (UniqueName: \"kubernetes.io/projected/8f486402-ba3c-486b-9cf4-5943903854c5-kube-api-access-6npqx\") pod \"8f486402-ba3c-486b-9cf4-5943903854c5\" (UID: \"8f486402-ba3c-486b-9cf4-5943903854c5\") "
2025-01-29 17:05:10,354 INFO c.h.h.t.HelmChartContainer - [K3S] [reconciler_common.go:162] "operationExecutor.UnmountVolume started for volume \"operator-init\" (UniqueName: \"kubernetes.io/empty-dir/8f486402-ba3c-486b-9cf4-5943903854c5-operator-init\") pod \"8f486402-ba3c-486b-9cf4-5943903854c5\" (UID: \"8f486402-ba3c-486b-9cf4-5943903854c5\") "
2025-01-29 17:05:10,355 INFO c.h.h.t.HelmChartContainer - [K3S] [reconciler_common.go:162] "operationExecutor.UnmountVolume started for volume \"ese-file-realm\" (UniqueName: \"kubernetes.io/configmap/8f486402-ba3c-486b-9cf4-5943903854c5-ese-file-realm\") pod \"8f486402-ba3c-486b-9cf4-5943903854c5\" (UID: \"8f486402-ba3c-486b-9cf4-5943903854c5\") "
2025-01-29 17:05:10,356 INFO c.h.h.t.HelmChartContainer - [K3S] [reconciler_common.go:162] "operationExecutor.UnmountVolume started for volume \"broker-configuration\" (UniqueName: \"kubernetes.io/configmap/8f486402-ba3c-486b-9cf4-5943903854c5-broker-configuration\") pod \"8f486402-ba3c-486b-9cf4-5943903854c5\" (UID: \"8f486402-ba3c-486b-9cf4-5943903854c5\") "
2025-01-29 17:05:10,356 INFO c.h.h.t.HelmChartContainer - [K3S] [reconciler_common.go:162] "operationExecutor.UnmountVolume started for volume \"extension-configuration-hivemq-enterprise-security-extension\" (UniqueName: \"kubernetes.io/configmap/8f486402-ba3c-486b-9cf4-5943903854c5-extension-configuration-hivemq-enterprise-security-extension\") pod \"8f486402-ba3c-486b-9cf4-5943903854c5\" (UID: \"8f486402-ba3c-486b-9cf4-5943903854c5\") "
2025-01-29 17:05:10,356 INFO c.h.h.t.HelmChartContainer - [K3S] [reconciler_common.go:162] "operationExecutor.UnmountVolume started for volume \"pod-info\" (UniqueName: \"kubernetes.io/configmap/8f486402-ba3c-486b-9cf4-5943903854c5-pod-info\") pod \"8f486402-ba3c-486b-9cf4-5943903854c5\" (UID: \"8f486402-ba3c-486b-9cf4-5943903854c5\") "
2025-01-29 17:05:10,455 INFO c.h.h.t.HelmChartContainer - [K3S] [reconciler_common.go:299] "Volume detached for volume \"kube-api-access-6npqx\" (UniqueName: \"kubernetes.io/projected/8f486402-ba3c-486b-9cf4-5943903854c5-kube-api-access-6npqx\") on node \"afb1a753e501\" DevicePath \"\""
2025-01-29 17:05:10,455 INFO c.h.h.t.HelmChartContainer - [K3S] [reconciler_common.go:299] "Volume detached for volume \"operator-init\" (UniqueName: \"kubernetes.io/empty-dir/8f486402-ba3c-486b-9cf4-5943903854c5-operator-init\") on node \"afb1a753e501\" DevicePath \"\""
2025-01-29 17:05:10,455 INFO c.h.h.t.HelmChartContainer - [K3S] [reconciler_common.go:299] "Volume detached for volume \"ese-file-realm\" (UniqueName: \"kubernetes.io/configmap/8f486402-ba3c-486b-9cf4-5943903854c5-ese-file-realm\") on node \"afb1a753e501\" DevicePath \"\""
2025-01-29 17:05:10,455 INFO c.h.h.t.HelmChartContainer - [K3S] [reconciler_common.go:299] "Volume detached for volume \"broker-configuration\" (UniqueName: \"kubernetes.io/configmap/8f486402-ba3c-486b-9cf4-5943903854c5-broker-configuration\") on node \"afb1a753e501\" DevicePath \"\""
2025-01-29 17:05:10,455 INFO c.h.h.t.HelmChartContainer - [K3S] [reconciler_common.go:299] "Volume detached for volume \"pod-info\" (UniqueName: \"kubernetes.io/configmap/8f486402-ba3c-486b-9cf4-5943903854c5-pod-info\") on node \"afb1a753e501\" DevicePath \"\""
2025-01-29 17:05:10,455 INFO c.h.h.t.HelmChartContainer - [K3S] [reconciler_common.go:299] "Volume detached for volume \"extension-configuration-hivemq-enterprise-security-extension\" (UniqueName: \"kubernetes.io/configmap/8f486402-ba3c-486b-9cf4-5943903854c5-extension-configuration-hivemq-enterprise-security-extension\") on node \"afb1a753e501\" DevicePath \"\""
2025-01-29 17:05:10,742 INFO c.h.h.t.HelmChartContainer - [K3S] [scope.go:117] "RemoveContainer" containerID="8c295d25c847751c2e92bafaf2009753d07842322f389ac87dec0c35ca472a49"
2025-01-29 17:05:10,759 INFO c.h.h.t.HelmChartContainer - [POD] test-hivemq-platform-0 [8f486402-ba3c-486b-9cf4-5943903854c5] in helmrestapiit was MODIFIED
2025-01-29 17:05:10,768 INFO c.h.h.t.HelmChartContainer - [POD] test-hivemq-platform-0 [8f486402-ba3c-486b-9cf4-5943903854c5] in helmrestapiit was DELETED
2025-01-29 17:05:10,849 INFO c.h.h.t.HelmChartContainer - [K3S] [scope.go:117] "RemoveContainer" containerID="6e878ea7616f4942b7f2e6d580115c97ef58a4bcab3f815c3e13170147d06fb9"
2025-01-29 17:05:10,852 INFO c.h.h.t.HelmChartContainer - [K3S] [scope.go:117] "RemoveContainer" containerID="8c295d25c847751c2e92bafaf2009753d07842322f389ac87dec0c35ca472a49"
2025-01-29 17:05:10,853 INFO c.h.h.t.HelmChartContainer - [K3S] [scope.go:117] "RemoveContainer" containerID="6e878ea7616f4942b7f2e6d580115c97ef58a4bcab3f815c3e13170147d06fb9"
2025-01-29 17:05:11,377 INFO c.h.h.t.HelmChartContainer - [K3S] [kubelet_volumes.go:163] "Cleaned up orphaned pod volumes dir" podUID="8f486402-ba3c-486b-9cf4-5943903854c5" path="/var/lib/kubelet/pods/8f486402-ba3c-486b-9cf4-5943903854c5/volumes"
2025-01-29 17:05:12,395 INFO c.h.h.t.HelmChartContainer - Namespace 'helmrestapiit' deleted
2025-01-29 17:05:12,395 INFO c.h.h.t.HelmChartContainer - Release 'test-hivemq-platform' in namespace 'helmrestapiit' is uninstalled
2025-01-29 17:05:12,395 INFO c.h.h.t.HelmChartContainer - Uninstalling release 'test-hivemq-platform-operator' in namespace 'helmrestapiit-operator'...
2025-01-29 17:05:12,395 DEBUG c.h.h.t.HelmChartContainer - Executing helm command: /bin/helm --kubeconfig /etc/rancher/k3s/k3s.yaml uninstall test-hivemq-platform-operator  --wait --timeout 5m0s --cascade foreground --namespace helmrestapiit-operator
2025-01-29 17:05:12,597 INFO c.h.h.t.HelmChartContainer - [K3S] [replica_set.go:679] "Finished syncing" kind="ReplicaSet" key="helmrestapiit-operator/hivemq-test-hivemq-platform-operator-6966f96d65" duration="7.705136ms"
2025-01-29 17:05:12,598 INFO c.h.h.t.HelmChartContainer - [K3S] [replica_set.go:679] "Finished syncing" kind="ReplicaSet" key="helmrestapiit-operator/hivemq-test-hivemq-platform-operator-6966f96d65" duration="18.575µs"
2025-01-29 17:05:12,612 INFO c.h.h.t.HelmChartContainer - [POD] hivemq-test-hivemq-platform-operator-6966f96d65-knmn9 [48025727-54ba-4d39-a6ca-3cb2e07b3cfd] in helmrestapiit-operator was MODIFIED
2025-01-29 17:05:12,622 INFO c.h.h.t.HelmChartContainer - [EVENT] Normal [Killing] Stopping container hivemq-platform-operator [helmrestapiit-operator:hivemq-test-hivemq-platform-operator-6966f96d65-knmn9]
2025-01-29 17:05:12,622 INFO c.h.h.t.HelmChartContainer - Received Killing event for container hivemq-platform-operator in pod hivemq-test-hivemq-platform-operator-6966f96d65-knmn9 [48025727-54ba-4d39-a6ca-3cb2e07b3cfd]
2025-01-29 17:05:12,622 INFO c.h.h.t.HelmChartContainer - Container [hivemq-test-hivemq-platform-operator-6966f96d65-knmn9] [hivemq-platform-operator] [48025727-54ba-4d39-a6ca-3cb2e07b3cfd] was terminated
2025-01-29 17:05:12,622 INFO c.h.h.t.HelmChartContainer - Stopped log watcher for hivemq-platform-operator in pod hivemq-test-hivemq-platform-operator-6966f96d65-knmn9 [48025727-54ba-4d39-a6ca-3cb2e07b3cfd]
2025-01-29 17:05:12,627 INFO c.h.h.t.HelmChartContainer - [K3S] [replica_set.go:679] "Finished syncing" kind="ReplicaSet" key="helmrestapiit-operator/hivemq-test-hivemq-platform-operator-6966f96d65" duration="16.549232ms"
2025-01-29 17:05:12,632 INFO c.h.h.t.HelmChartContainer - [K3S] [replica_set.go:679] "Finished syncing" kind="ReplicaSet" key="helmrestapiit-operator/hivemq-test-hivemq-platform-operator-6966f96d65" duration="33.673µs"
2025-01-29 17:05:12,665 INFO c.h.h.t.HelmChartContainer - [hivemq-test-hivemq-platform] [hivemq-platform-operator] [48025727] 17:05:12.664 [application-shutdown-thread] INFO  c.h.p.o.HiveMQPlatformOperatorApplication - HiveMQ Platform Operator is stopping...
2025-01-29 17:05:12,665 INFO c.h.h.t.HelmChartContainer - [hivemq-test-hivemq-platform] [hivemq-platform-operator] [48025727] 17:05:12.664 [application-shutdown-thread] INFO  i.javaoperatorsdk.operator.Operator - Operator SDK 4.9.7 is shutting down...
2025-01-29 17:05:13,290 INFO c.h.h.t.HelmChartContainer - [K3S] [replica_set.go:679] "Finished syncing" kind="ReplicaSet" key="helmrestapiit-operator/hivemq-test-hivemq-platform-operator-6966f96d65" duration="67.466µs"
2025-01-29 17:05:13,291 INFO c.h.h.t.HelmChartContainer - [POD] hivemq-test-hivemq-platform-operator-6966f96d65-knmn9 [48025727-54ba-4d39-a6ca-3cb2e07b3cfd] in helmrestapiit-operator was MODIFIED
2025-01-29 17:05:13,369 INFO c.h.h.t.HelmChartContainer - [K3S] [reconciler_common.go:162] "operationExecutor.UnmountVolume started for volume \"kube-api-access-rp2ck\" (UniqueName: \"kubernetes.io/projected/48025727-54ba-4d39-a6ca-3cb2e07b3cfd-kube-api-access-rp2ck\") pod \"48025727-54ba-4d39-a6ca-3cb2e07b3cfd\" (UID: \"48025727-54ba-4d39-a6ca-3cb2e07b3cfd\") "
2025-01-29 17:05:13,470 INFO c.h.h.t.HelmChartContainer - [K3S] [reconciler_common.go:299] "Volume detached for volume \"kube-api-access-rp2ck\" (UniqueName: \"kubernetes.io/projected/48025727-54ba-4d39-a6ca-3cb2e07b3cfd-kube-api-access-rp2ck\") on node \"afb1a753e501\" DevicePath \"\""
2025-01-29 17:05:13,749 INFO c.h.h.t.HelmChartContainer - [K3S] [scope.go:117] "RemoveContainer" containerID="aa86ed6209bfb06174f5805e7aa285d4a1f29387e43ffe6fccb6398693e86907"
2025-01-29 17:05:13,752 INFO c.h.h.t.HelmChartContainer - [K3S] [scope.go:117] "RemoveContainer" containerID="aa86ed6209bfb06174f5805e7aa285d4a1f29387e43ffe6fccb6398693e86907"
2025-01-29 17:05:13,758 INFO c.h.h.t.HelmChartContainer - [K3S] [replica_set.go:679] "Finished syncing" kind="ReplicaSet" key="helmrestapiit-operator/hivemq-test-hivemq-platform-operator-6966f96d65" duration="49.032µs"
2025-01-29 17:05:13,760 INFO c.h.h.t.HelmChartContainer - [POD] hivemq-test-hivemq-platform-operator-6966f96d65-knmn9 [48025727-54ba-4d39-a6ca-3cb2e07b3cfd] in helmrestapiit-operator was MODIFIED
2025-01-29 17:05:13,761 INFO c.h.h.t.HelmChartContainer - [K3S] [replica_set.go:679] "Finished syncing" kind="ReplicaSet" key="helmrestapiit-operator/hivemq-test-hivemq-platform-operator-6966f96d65" duration="50.354µs"
2025-01-29 17:05:13,763 INFO c.h.h.t.HelmChartContainer - [POD] hivemq-test-hivemq-platform-operator-6966f96d65-knmn9 [48025727-54ba-4d39-a6ca-3cb2e07b3cfd] in helmrestapiit-operator was DELETED
2025-01-29 17:05:13,772 INFO c.h.h.t.HelmChartContainer - [K3S] [replica_set.go:679] "Finished syncing" kind="ReplicaSet" key="helmrestapiit-operator/hivemq-test-hivemq-platform-operator-6966f96d65" duration="6.802µs"
2025-01-29 17:05:14,643 INFO c.h.h.t.HelmChartContainer - Deleting namespace 'helmrestapiit-operator'...
2025-01-29 17:05:15,377 INFO c.h.h.t.HelmChartContainer - [K3S] [kubelet_volumes.go:163] "Cleaned up orphaned pod volumes dir" podUID="48025727-54ba-4d39-a6ca-3cb2e07b3cfd" path="/var/lib/kubelet/pods/48025727-54ba-4d39-a6ca-3cb2e07b3cfd/volumes"
2025-01-29 17:05:17,329 INFO c.h.h.t.HelmChartContainer - [K3S] [namespace_controller.go:187] "Namespace has been deleted" namespace="helmrestapiit"
2025-01-29 17:05:19,862 INFO c.h.h.t.HelmChartContainer - Namespace 'helmrestapiit-operator' deleted
2025-01-29 17:05:19,862 INFO c.h.h.t.HelmChartContainer - Release 'test-hivemq-platform-operator' in namespace 'helmrestapiit-operator' is uninstalled
2025-01-29 17:05:20,606 INFO c.h.helmcharts.AbstractHelmChartIT - Removed unused containers:

2025-01-29 17:05:24,770 INFO c.h.h.t.HelmChartContainer - [K3S] [namespace_controller.go:187] "Namespace has been deleted" namespace="helmrestapiit-operator"
2025-01-29 17:05:28,707 INFO c.h.helmcharts.AbstractHelmChartIT - Removed unused snapshots:
Removing snapshot sha256:03af251906410714c5aef9fa705b63f6bbc39c4a5e787de7361eeb18886c2ed2
Removing snapshot sha256:0c46b3b43cce082ce5ec34ffc6c294e0417d17b9d1e6f366d114b6aadc4f96dc
Removing snapshot sha256:0ce761beee59082d6ed5bcebd3a805b8ddd9b3426b617e4809e7fb7c6587ffec
Removing snapshot sha256:0df91287303208332c8ff6ba40ae4710105201739addbfbddfb955f1ad593664
Removing snapshot sha256:1021ef88c7974bfff89c5a0ec4fd3160daac6c48a075f74cff721f85dd104e68
Removing snapshot sha256:10aba4953ddc18145dd38e3704709bc464aa20af60b56fe52caaff4b68411e62
Removing snapshot sha256:2573e0d8158209ed54ab25c87bcdcb00bd3d2539246960a3d592a1c599d70465
Removing snapshot sha256:362a8a37f8bbc31925a8146adcf7cf51f9882f5c1dcbef67c5baa03a297543c0
Removing snapshot sha256:395fb074c552292debdfc8d5ee1f5cbb0bce620ae1c6dd9868e2875bfb83ca86
Removing snapshot sha256:43a7c979bbaba6838bc3102d6b10a1459f3ab050b87ccdfef84ef90cf43d3058
Removing snapshot sha256:4ab04491cdf0d3267f08206fe30bd48f49f94b9cab2f016d6739220f722a64af
Removing snapshot sha256:4b6068250e89c96f263060261819c7d912855bfbd64b3eb4c4a8483299b8c295
Removing snapshot sha256:580e69a0a8034ede1921139bbd2bfb72a69ebf276d008281896c32dd8bf74775
Removing snapshot sha256:5d30ba46b27fe37484567ccc5242cadc78217b8da605f3f195ef25cbf7487904
Removing snapshot sha256:63ca1fbb43ae5034640e5e6cb3e083e05c290072c5366fcaa9d62435a4cced85
Removing snapshot sha256:67f702c6baae873bceb19487c8b1f27bd2b86077e4f2f0e480e6d60ab508b8f5
Removing snapshot sha256:6864348dd42806d552efdec384f1274be15e2d0c10ce44c1f04347af004c10a9
Removing snapshot sha256:6c7dee8f2c39b84b7dc2711c01d33de93514d9055499173e9290176fbe484b6c
Removing snapshot sha256:82753493a6d61ded36556292f02f31841a14c20d2f279f19eaad65afb661d5cd
Removing snapshot sha256:8a10d3db42c505ee0fcfa98417bdd7e39b304f6bcc0a06bb1b220797ff2cc63c
Removing snapshot sha256:a0904247e36a7726c03c71ee48f3e64462021c88dafeb13f37fdaf613b27f11c
Removing snapshot sha256:a21e5b12dbac529ad45d976eb9ce45c881f3bedcc500fb30aba1e52aa1813418
Removing snapshot sha256:b921e6c28969094157f9b8e7244677780319637afd14450b7cb6b2fdea558a0c
Removing snapshot sha256:bc27ecb5769a00e309cf99ebc763c4a4b958b618d1decc96ffac5bc05f02f5b7
Removing snapshot sha256:be3ccb6627a5332e309d45ef461d09b4879dd870c7394d89323d0ebc6ca6aa8a
Removing snapshot sha256:c261f7cbbc64211ee175ee47273acdb7b1a36a4450b397a064a8f2c026490095
Removing snapshot sha256:c34d9393647eea0c9e3557ab988efaf59f61d10a2a5613b439ef0958cca5ec10
Removing snapshot sha256:ccf3c4a0fa967a41c1c83497a2ce6fa5787965859df0adb32c4ca2cf7490bc2b
Removing snapshot sha256:cf92d33f869417309692088c341cd0f223c178ea78a125f757317b22aa8f90e9
Removing snapshot sha256:d0037344cf2fb078884f1849f6a1f8cf9a33a3b6139b6a85833e5ee528e1f9a8
Removing snapshot sha256:d3b36d5b79273b1e98e7700470eaeff05a882e777124d84cebcc1505b85ecb36
Removing snapshot sha256:d65a44a37914602d12c611e5e22a50f11451d847e63015cc1c2aef92dee777a4
Removing snapshot sha256:e2dc0bae2455930f23ae570e019b7f32edc75c0f2d71cab084db837ff9051796
Removing snapshot sha256:eccbd24a99c60cd9e86ee5305dbfc4a4dc89f5ab4fb1f06c8d64797cecedef34
Removing snapshot sha256:f144bb4c7c7f0d2aa7eeffd36d934ec40db1ee167be727e326aad9fdc616f475
Removing snapshot sha256:f84e8cd70365fc0e318b51d172ce05c9de1ec153df302059cbc08da86a4beeb8

]]></system-out>
  </testcase>
  <testcase name="platformChart_withCustomServiceName_thenCallsEndpoint()" classname="com.hivemq.helmcharts.services.HelmRestApiIT" time="107.384">
    <system-out><![CDATA[2025-01-29 17:05:28,709 INFO c.h.h.t.HelmChartContainer - Creating namespace 'helmrestapiit-operator'...
2025-01-29 17:05:28,714 INFO c.h.h.t.HelmChartContainer - Namespace 'helmrestapiit-operator' created
2025-01-29 17:05:28,714 INFO c.h.h.t.HelmChartContainer - Creating namespace 'helmrestapiit'...
2025-01-29 17:05:28,720 INFO c.h.h.t.HelmChartContainer - Namespace 'helmrestapiit' created
2025-01-29 17:05:28,793 DEBUG c.h.h.t.HelmChartContainer - Executing helm command: /bin/helm --kubeconfig /etc/rancher/k3s/k3s.yaml install test-hivemq-platform-operator /charts/hivemq-platform-operator --wait --timeout 5m0s --set image.repository=docker.io/hivemq --set image.name=hivemq-platform-operator-test --set image.initImageName=hivemq-platform-operator-init-test --set image.tag=snapshot --set image.pullPolicy=Never --set logLevel=DEBUG --set resources.cpu=512m --namespace helmrestapiit-operator
2025-01-29 17:05:29,120 INFO c.h.h.t.HelmChartContainer - [K3S] [alloc.go:330] "allocated clusterIPs" service="helmrestapiit-operator/hivemq-platform-operator-test-hivemq-platform-operator" clusterIPs={"IPv4":"10.43.56.241"}
2025-01-29 17:05:29,145 INFO c.h.h.t.HelmChartContainer - [EVENT] Normal [ScalingReplicaSet] Scaled up replica set hivemq-test-hivemq-platform-operator-6966f96d65 from 0 to 1 [helmrestapiit-operator:hivemq-test-hivemq-platform-operator]
2025-01-29 17:05:29,148 INFO c.h.h.t.HelmChartContainer - [POD] hivemq-test-hivemq-platform-operator-6966f96d65-6746v [45fd5018-bee6-4f28-befb-4bafa789e978] in helmrestapiit-operator was ADDED
2025-01-29 17:05:29,158 INFO c.h.h.t.HelmChartContainer - [EVENT] Normal [SuccessfulCreate] Created pod: hivemq-test-hivemq-platform-operator-6966f96d65-6746v [helmrestapiit-operator:hivemq-test-hivemq-platform-operator-6966f96d65]
2025-01-29 17:05:29,160 INFO c.h.h.t.HelmChartContainer - [POD] hivemq-test-hivemq-platform-operator-6966f96d65-6746v [45fd5018-bee6-4f28-befb-4bafa789e978] in helmrestapiit-operator was MODIFIED
2025-01-29 17:05:29,160 INFO c.h.h.t.HelmChartContainer - [K3S] [memory_manager.go:355] "RemoveStaleState removing state" podUID="48025727-54ba-4d39-a6ca-3cb2e07b3cfd" containerName="hivemq-platform-operator"
2025-01-29 17:05:29,162 INFO c.h.h.t.HelmChartContainer - [K3S] [memory_manager.go:355] "RemoveStaleState removing state" podUID="8f486402-ba3c-486b-9cf4-5943903854c5" containerName="hivemq"
2025-01-29 17:05:29,165 INFO c.h.h.t.HelmChartContainer - [K3S] [replica_set.go:679] "Finished syncing" kind="ReplicaSet" key="helmrestapiit-operator/hivemq-test-hivemq-platform-operator-6966f96d65" duration="29.828144ms"
2025-01-29 17:05:29,168 INFO c.h.h.t.HelmChartContainer - [EVENT] Normal [Scheduled] Successfully assigned helmrestapiit-operator/hivemq-test-hivemq-platform-operator-6966f96d65-6746v to afb1a753e501 [helmrestapiit-operator:hivemq-test-hivemq-platform-operator-6966f96d65-6746v]
2025-01-29 17:05:29,175 INFO c.h.h.t.HelmChartContainer - [POD] hivemq-test-hivemq-platform-operator-6966f96d65-6746v [45fd5018-bee6-4f28-befb-4bafa789e978] in helmrestapiit-operator was MODIFIED
2025-01-29 17:05:29,183 INFO c.h.h.t.HelmChartContainer - [K3S] [replica_set.go:679] "Finished syncing" kind="ReplicaSet" key="helmrestapiit-operator/hivemq-test-hivemq-platform-operator-6966f96d65" duration="16.046306ms"
2025-01-29 17:05:29,198 INFO c.h.h.t.HelmChartContainer - [K3S] [replica_set.go:679] "Finished syncing" kind="ReplicaSet" key="helmrestapiit-operator/hivemq-test-hivemq-platform-operator-6966f96d65" duration="16.938185ms"
2025-01-29 17:05:29,198 INFO c.h.h.t.HelmChartContainer - [K3S] [replica_set.go:679] "Finished syncing" kind="ReplicaSet" key="helmrestapiit-operator/hivemq-test-hivemq-platform-operator-6966f96d65" duration="52.108µs"
2025-01-29 17:05:29,358 INFO c.h.h.t.HelmChartContainer - [K3S] [reconciler_common.go:251] "operationExecutor.VerifyControllerAttachedVolume started for volume \"kube-api-access-n57dv\" (UniqueName: \"kubernetes.io/projected/45fd5018-bee6-4f28-befb-4bafa789e978-kube-api-access-n57dv\") pod \"hivemq-test-hivemq-platform-operator-6966f96d65-6746v\" (UID: \"45fd5018-bee6-4f28-befb-4bafa789e978\") " pod="helmrestapiit-operator/hivemq-test-hivemq-platform-operator-6966f96d65-6746v"
2025-01-29 17:05:29,855 INFO c.h.h.t.HelmChartContainer - [EVENT] Normal [Pulled] Container image "docker.io/hivemq/hivemq-platform-operator-test:snapshot" already present on machine [helmrestapiit-operator:hivemq-test-hivemq-platform-operator-6966f96d65-6746v]
2025-01-29 17:05:29,855 INFO c.h.h.t.HelmChartContainer - Received Pulled event for container hivemq-platform-operator in pod hivemq-test-hivemq-platform-operator-6966f96d65-6746v [45fd5018-bee6-4f28-befb-4bafa789e978]
2025-01-29 17:05:31,113 INFO c.h.h.t.HelmChartContainer - [EVENT] Normal [Created] Created container: hivemq-platform-operator [helmrestapiit-operator:hivemq-test-hivemq-platform-operator-6966f96d65-6746v]
2025-01-29 17:05:31,113 INFO c.h.h.t.HelmChartContainer - Received Created event for container hivemq-platform-operator in pod hivemq-test-hivemq-platform-operator-6966f96d65-6746v [45fd5018-bee6-4f28-befb-4bafa789e978]
2025-01-29 17:05:31,791 INFO c.h.h.t.HelmChartContainer - [K3S] [replica_set.go:679] "Finished syncing" kind="ReplicaSet" key="helmrestapiit-operator/hivemq-test-hivemq-platform-operator-6966f96d65" duration="38.873µs"
2025-01-29 17:05:31,792 INFO c.h.h.t.HelmChartContainer - [POD] hivemq-test-hivemq-platform-operator-6966f96d65-6746v [45fd5018-bee6-4f28-befb-4bafa789e978] in helmrestapiit-operator was MODIFIED
2025-01-29 17:05:31,801 INFO c.h.h.t.HelmChartContainer - [EVENT] Normal [Started] Started container hivemq-platform-operator [helmrestapiit-operator:hivemq-test-hivemq-platform-operator-6966f96d65-6746v]
2025-01-29 17:05:31,801 INFO c.h.h.t.HelmChartContainer - Received Started event for container hivemq-platform-operator in pod hivemq-test-hivemq-platform-operator-6966f96d65-6746v [45fd5018-bee6-4f28-befb-4bafa789e978]
2025-01-29 17:05:31,801 INFO c.h.h.t.HelmChartContainer - Started log watcher for hivemq-platform-operator in pod hivemq-test-hivemq-platform-operator-6966f96d65-6746v [45fd5018-bee6-4f28-befb-4bafa789e978]
2025-01-29 17:05:31,803 INFO c.h.h.t.HelmChartContainer - [hivemq-test-hivemq-platform] [hivemq-platform-operator] [45fd5018] -------------------------------------------------------------------------
2025-01-29 17:05:31,803 INFO c.h.h.t.HelmChartContainer - [hivemq-test-hivemq-platform] [hivemq-platform-operator] [45fd5018] 
2025-01-29 17:05:31,803 INFO c.h.h.t.HelmChartContainer - [hivemq-test-hivemq-platform] [hivemq-platform-operator] [45fd5018]                   _    _  _              __  __   ____
2025-01-29 17:05:31,803 INFO c.h.h.t.HelmChartContainer - [hivemq-test-hivemq-platform] [hivemq-platform-operator] [45fd5018]                  | |  | |(_)            |  \/  | / __ \
2025-01-29 17:05:31,803 INFO c.h.h.t.HelmChartContainer - [hivemq-test-hivemq-platform] [hivemq-platform-operator] [45fd5018]                  | |__| | _ __   __ ___ | \  / || |  | |
2025-01-29 17:05:31,803 INFO c.h.h.t.HelmChartContainer - [hivemq-test-hivemq-platform] [hivemq-platform-operator] [45fd5018]                  |  __  || |\ \ / // _ \| |\/| || |  | |
2025-01-29 17:05:31,803 INFO c.h.h.t.HelmChartContainer - [hivemq-test-hivemq-platform] [hivemq-platform-operator] [45fd5018]                  | |  | || | \ V /|  __/| |  | || |__| |
2025-01-29 17:05:31,803 INFO c.h.h.t.HelmChartContainer - [hivemq-test-hivemq-platform] [hivemq-platform-operator] [45fd5018]                  |_|  |_||_|  \_/  \___||_|  |_| \___\_\
2025-01-29 17:05:31,803 INFO c.h.h.t.HelmChartContainer - [hivemq-test-hivemq-platform] [hivemq-platform-operator] [45fd5018] 
2025-01-29 17:05:31,804 INFO c.h.h.t.HelmChartContainer - [hivemq-test-hivemq-platform] [hivemq-platform-operator] [45fd5018] -------------------------------------------------------------------------
2025-01-29 17:05:31,804 INFO c.h.h.t.HelmChartContainer - [hivemq-test-hivemq-platform] [hivemq-platform-operator] [45fd5018] 
2025-01-29 17:05:31,804 INFO c.h.h.t.HelmChartContainer - [hivemq-test-hivemq-platform] [hivemq-platform-operator] [45fd5018]   HiveMQ Platform Operator Start Script v1.0
2025-01-29 17:05:31,804 INFO c.h.h.t.HelmChartContainer - [hivemq-test-hivemq-platform] [hivemq-platform-operator] [45fd5018] 
2025-01-29 17:05:31,804 INFO c.h.h.t.HelmChartContainer - [hivemq-test-hivemq-platform] [hivemq-platform-operator] [45fd5018] -------------------------------------------------------------------------
2025-01-29 17:05:31,804 INFO c.h.h.t.HelmChartContainer - [hivemq-test-hivemq-platform] [hivemq-platform-operator] [45fd5018] 
2025-01-29 17:05:31,804 INFO c.h.h.t.HelmChartContainer - [hivemq-test-hivemq-platform] [hivemq-platform-operator] [45fd5018]   JAVA_OPTS: -XX:+UnlockExperimentalVMOptions -XX:InitialRAMPercentage=75 -XX:MaxRAMPercentage=75 -Duser.language=en -Duser.region=US
2025-01-29 17:05:31,804 INFO c.h.h.t.HelmChartContainer - [hivemq-test-hivemq-platform] [hivemq-platform-operator] [45fd5018] 
2025-01-29 17:05:31,804 INFO c.h.h.t.HelmChartContainer - [hivemq-test-hivemq-platform] [hivemq-platform-operator] [45fd5018]   JAVA_VERSION: 21
2025-01-29 17:05:31,805 INFO c.h.h.t.HelmChartContainer - [hivemq-test-hivemq-platform] [hivemq-platform-operator] [45fd5018] 
2025-01-29 17:05:31,805 INFO c.h.h.t.HelmChartContainer - [hivemq-test-hivemq-platform] [hivemq-platform-operator] [45fd5018] -------------------------------------------------------------------------
2025-01-29 17:05:31,805 INFO c.h.h.t.HelmChartContainer - [hivemq-test-hivemq-platform] [hivemq-platform-operator] [45fd5018] 
2025-01-29 17:05:34,528 INFO c.h.h.t.HelmChartContainer - [hivemq-test-hivemq-platform] [hivemq-platform-operator] [45fd5018] 17:05:34.525 [main] DEBUG org.jboss.logging - Logging Provider: org.jboss.logging.Slf4jLoggerProvider
2025-01-29 17:05:34,631 INFO c.h.h.t.HelmChartContainer - [hivemq-test-hivemq-platform] [hivemq-platform-operator] [45fd5018] 17:05:34.630 [main] DEBUG io.smallrye.config - SRCFG01006: Loaded ConfigSource SysPropConfigSource with ordinal 400
2025-01-29 17:05:34,631 INFO c.h.h.t.HelmChartContainer - [hivemq-test-hivemq-platform] [hivemq-platform-operator] [45fd5018] 17:05:34.630 [main] DEBUG io.smallrye.config - SRCFG01006: Loaded ConfigSource EnvConfigSource with ordinal 300
2025-01-29 17:05:34,631 INFO c.h.h.t.HelmChartContainer - [hivemq-test-hivemq-platform] [hivemq-platform-operator] [45fd5018] 17:05:34.630 [main] DEBUG io.smallrye.config - SRCFG01006: Loaded ConfigSource PropertiesConfigSource[source=jar:file:///opt/hivemq-platform-operator/bin/hivemq-platform-operator.jar!/hivemq-platform-operator.properties] with ordinal 100
2025-01-29 17:05:34,631 INFO c.h.h.t.HelmChartContainer - [hivemq-test-hivemq-platform] [hivemq-platform-operator] [45fd5018] 17:05:34.630 [main] DEBUG io.smallrye.config - SRCFG01006: Loaded ConfigSource DefaultValuesConfigSource with ordinal -2147483648
2025-01-29 17:05:34,739 INFO c.h.h.t.HelmChartContainer - [hivemq-test-hivemq-platform] [hivemq-platform-operator] [45fd5018] 17:05:34.738 [main] DEBUG i.m.c.u.i.l.InternalLoggerFactory - Using SLF4J as the default logging framework
2025-01-29 17:05:34,927 INFO c.h.h.t.HelmChartContainer - [hivemq-test-hivemq-platform] [hivemq-platform-operator] [45fd5018] 17:05:34.879 [main] INFO  c.h.p.o.HiveMQPlatformOperatorApplication - HiveMQ Platform Operator 1.7.0-SNAPSHOT (commit: 8465ebf on branch: HEAD) built on Wed Jan 29 16:56:31 UTC 2025
2025-01-29 17:05:34,929 INFO c.h.h.t.HelmChartContainer - [hivemq-test-hivemq-platform] [hivemq-platform-operator] [45fd5018] 17:05:34.927 [main] INFO  c.h.p.o.HiveMQPlatformOperatorApplication - HiveMQ Platform Operator is running in namespace: helmrestapiit-operator
2025-01-29 17:05:34,929 INFO c.h.h.t.HelmChartContainer - [hivemq-test-hivemq-platform] [hivemq-platform-operator] [45fd5018] 17:05:34.927 [main] INFO  c.h.p.o.HiveMQPlatformOperatorApplication - Watching all namespaces
2025-01-29 17:05:34,929 INFO c.h.h.t.HelmChartContainer - [hivemq-test-hivemq-platform] [hivemq-platform-operator] [45fd5018] 17:05:34.927 [main] INFO  c.h.p.o.HiveMQPlatformOperatorApplication - Log level: DEBUG
2025-01-29 17:05:34,929 INFO c.h.h.t.HelmChartContainer - [hivemq-test-hivemq-platform] [hivemq-platform-operator] [45fd5018] 17:05:34.927 [main] INFO  c.h.p.o.HiveMQPlatformOperatorApplication - Release name: test-hivemq-platform-operator
2025-01-29 17:05:34,929 INFO c.h.h.t.HelmChartContainer - [hivemq-test-hivemq-platform] [hivemq-platform-operator] [45fd5018] 17:05:34.927 [main] INFO  c.h.p.o.HiveMQPlatformOperatorApplication - HiveMQ Platform Operator Init image: docker.io/hivemq/hivemq-platform-operator-init-test:snapshot
2025-01-29 17:05:34,929 INFO c.h.h.t.HelmChartContainer - [hivemq-test-hivemq-platform] [hivemq-platform-operator] [45fd5018] 17:05:34.927 [main] INFO  c.h.p.o.HiveMQPlatformOperatorApplication - HiveMQ Platform Operator Init App update URL: http://hivemq-platform-operator-test-hivemq-platform-operator.helmrestapiit-operator.svc:8080/initAppUpdate/hivemq-platform-operator-init-app-1.7.0-SNAPSHOT.jar
2025-01-29 17:05:34,929 INFO c.h.h.t.HelmChartContainer - [hivemq-test-hivemq-platform] [hivemq-platform-operator] [45fd5018] 17:05:34.927 [main] INFO  c.h.p.o.HiveMQPlatformOperatorApplication - Additional imagePullSecret for all Platform deployments: none
2025-01-29 17:05:34,929 INFO c.h.h.t.HelmChartContainer - [hivemq-test-hivemq-platform] [hivemq-platform-operator] [45fd5018] 17:05:34.927 [main] INFO  c.h.p.o.HiveMQPlatformOperatorApplication - Apply HiveMQ Platform CRD: true
2025-01-29 17:05:34,929 INFO c.h.h.t.HelmChartContainer - [hivemq-test-hivemq-platform] [hivemq-platform-operator] [45fd5018] 17:05:34.927 [main] INFO  c.h.p.o.HiveMQPlatformOperatorApplication - Create Platform ServiceAccount: true
2025-01-29 17:05:34,929 INFO c.h.h.t.HelmChartContainer - [hivemq-test-hivemq-platform] [hivemq-platform-operator] [45fd5018] 17:05:34.927 [main] INFO  c.h.p.o.HiveMQPlatformOperatorApplication - Create Platform ServiceAccount permissions: true
2025-01-29 17:05:34,929 INFO c.h.h.t.HelmChartContainer - [hivemq-test-hivemq-platform] [hivemq-platform-operator] [45fd5018] 17:05:34.927 [main] INFO  c.h.p.o.HiveMQPlatformOperatorApplication - Validate Platform ServiceAccount: true
2025-01-29 17:05:34,929 INFO c.h.h.t.HelmChartContainer - [hivemq-test-hivemq-platform] [hivemq-platform-operator] [45fd5018] 17:05:34.927 [main] INFO  c.h.p.o.HiveMQPlatformOperatorApplication - Validate Platform ServiceAccount permissions: true
2025-01-29 17:05:35,081 INFO c.h.h.t.HelmChartContainer - [hivemq-test-hivemq-platform] [hivemq-platform-operator] [45fd5018] 17:05:35.080 [main] INFO  c.h.platform.operator.util.CRDUtil - Verifying deployed HiveMQ Platform CRD...
2025-01-29 17:05:37,626 INFO c.h.h.t.HelmChartContainer - [hivemq-test-hivemq-platform] [hivemq-platform-operator] [45fd5018] 17:05:37.624 [main] DEBUG c.h.platform.operator.util.CRDUtil - HiveMQ Platform CRD version v1 is up to date
2025-01-29 17:05:37,626 INFO c.h.h.t.HelmChartContainer - [hivemq-test-hivemq-platform] [hivemq-platform-operator] [45fd5018] 17:05:37.625 [main] INFO  c.h.platform.operator.util.CRDUtil - HiveMQ Platform CRD is up to date (version: V1_6_0)
2025-01-29 17:05:37,626 INFO c.h.h.t.HelmChartContainer - [hivemq-test-hivemq-platform] [hivemq-platform-operator] [45fd5018] 17:05:37.625 [main] INFO  c.h.platform.operator.util.CRDUtil - Waiting 10000 ms for HiveMQ Platform CRD 'hivemq-platforms.hivemq.com' to become ready...
2025-01-29 17:05:37,938 INFO c.h.h.t.HelmChartContainer - [hivemq-test-hivemq-platform] [hivemq-platform-operator] [45fd5018] 17:05:37.936 [vert.x-eventloop-thread-1] DEBUG c.h.platform.operator.util.CRDUtil - Checking CRD condition 'NamesAccepted' (status: 'True')
2025-01-29 17:05:37,938 INFO c.h.h.t.HelmChartContainer - [hivemq-test-hivemq-platform] [hivemq-platform-operator] [45fd5018] 17:05:37.936 [vert.x-eventloop-thread-1] DEBUG c.h.platform.operator.util.CRDUtil - Checking CRD condition 'Established' (status: 'True')
2025-01-29 17:05:37,938 INFO c.h.h.t.HelmChartContainer - [hivemq-test-hivemq-platform] [hivemq-platform-operator] [45fd5018] 17:05:37.937 [main] INFO  c.h.platform.operator.util.CRDUtil - HiveMQ Platform CRD 'hivemq-platforms.hivemq.com' is ready
2025-01-29 17:05:38,139 INFO c.h.h.t.HelmChartContainer - [hivemq-test-hivemq-platform] [hivemq-platform-operator] [45fd5018] 17:05:38.138 [main] INFO  c.h.p.o.HiveMQPlatformReconciler - HiveMQ Platform Operator is starting...
2025-01-29 17:05:38,279 INFO c.h.h.t.HelmChartContainer - [hivemq-test-hivemq-platform] [hivemq-platform-operator] [45fd5018] 17:05:38.277 [main] WARN  Default ConfigurationService implementation - Configuration for reconciler 'hivemq-controller' was not found. Known reconcilers: None.
2025-01-29 17:05:38,329 INFO c.h.h.t.HelmChartContainer - [hivemq-test-hivemq-platform] [hivemq-platform-operator] [45fd5018] 17:05:38.328 [main] INFO  Default ConfigurationService implementation - Created configuration for reconciler com.hivemq.platform.operator.HiveMQPlatformReconciler with name hivemq-controller
2025-01-29 17:05:38,436 INFO c.h.h.t.HelmChartContainer - [hivemq-test-hivemq-platform] [hivemq-platform-operator] [45fd5018] 17:05:38.435 [main] DEBUG c.h.p.o.HiveMQPlatformReconciler - HiveMQ Platform Operator is preparing EventSources
2025-01-29 17:05:38,526 INFO c.h.h.t.HelmChartContainer - [hivemq-test-hivemq-platform] [hivemq-platform-operator] [45fd5018] 17:05:38.525 [main] INFO  i.javaoperatorsdk.operator.Operator - Registered reconciler: 'hivemq-controller' for resource: 'class com.hivemq.platform.operator.v1.HiveMQPlatform' for namespace(s): [all namespaces]
2025-01-29 17:05:39,223 INFO c.h.h.t.HelmChartContainer - [hivemq-test-hivemq-platform] [hivemq-platform-operator] [45fd5018] 17:05:39.222 [main] INFO  c.h.p.operator.webserver.JettyServer - Starting Jetty server on port 8080
2025-01-29 17:05:39,244 INFO c.h.h.t.HelmChartContainer - [hivemq-test-hivemq-platform] [hivemq-platform-operator] [45fd5018] 17:05:39.243 [main] INFO  i.javaoperatorsdk.operator.Operator - Operator SDK 4.9.7 (commit: 2133d28) built on Wed Nov 20 12:56:20 UTC 2024 starting...
2025-01-29 17:05:39,244 INFO c.h.h.t.HelmChartContainer - [hivemq-test-hivemq-platform] [hivemq-platform-operator] [45fd5018] 17:05:39.243 [main] INFO  i.javaoperatorsdk.operator.Operator - Client version: 6.13.5
2025-01-29 17:05:39,280 INFO c.h.h.t.HelmChartContainer - [hivemq-test-hivemq-platform] [hivemq-platform-operator] [45fd5018] 17:05:39.279 [Controller Starter for: hivemq-controller] INFO  i.j.operator.processing.Controller - Starting 'hivemq-controller' controller for reconciler: com.hivemq.platform.operator.HiveMQPlatformReconciler, resource: com.hivemq.platform.operator.v1.HiveMQPlatform
2025-01-29 17:05:41,726 INFO c.h.h.t.HelmChartContainer - [hivemq-test-hivemq-platform] [hivemq-platform-operator] [45fd5018] 17:05:41.724 [Controller Starter for: hivemq-controller] INFO  i.j.operator.processing.Controller - 'hivemq-controller' controller started
2025-01-29 17:05:41,726 INFO c.h.h.t.HelmChartContainer - [hivemq-test-hivemq-platform] [hivemq-platform-operator] [45fd5018] 17:05:41.724 [main] INFO  c.h.p.o.HiveMQPlatformOperatorApplication - HiveMQ Platform Operator 1.7.0-SNAPSHOT started in 6844 ms
2025-01-29 17:05:42,798 INFO c.h.h.t.HelmChartContainer - [POD] hivemq-test-hivemq-platform-operator-6966f96d65-6746v [45fd5018-bee6-4f28-befb-4bafa789e978] in helmrestapiit-operator was MODIFIED
2025-01-29 17:05:42,811 INFO c.h.h.t.HelmChartContainer - [K3S] [replica_set.go:679] "Finished syncing" kind="ReplicaSet" key="helmrestapiit-operator/hivemq-test-hivemq-platform-operator-6966f96d65" duration="13.211555ms"
2025-01-29 17:05:42,812 INFO c.h.h.t.HelmChartContainer - [K3S] [replica_set.go:679] "Finished syncing" kind="ReplicaSet" key="helmrestapiit-operator/hivemq-test-hivemq-platform-operator-6966f96d65" duration="50.264µs"
2025-01-29 17:05:43,316 DEBUG c.h.h.t.HelmChartContainer - Executing helm command: /bin/helm --kubeconfig /etc/rancher/k3s/k3s.yaml install test-hivemq-platform /charts/hivemq-platform --wait --timeout 5m0s --set image.repository=docker.io/hivemq --set image.tag=4.36.0 --set image.pullPolicy=Never --set nodes.resources.cpu=512m -f /files/custom-service-names-values.yaml --namespace helmrestapiit
2025-01-29 17:05:43,686 INFO c.h.h.t.HelmChartContainer - [hivemq-test-hivemq-platform] [hivemq-platform-operator] [45fd5018] 17:05:43.681 [-2082509879-pool-1-thread-1] WARN  i.m.p.PrometheusMeterRegistry - The meter (MeterId{name='operator.sdk.events.received', tags=[tag(action=ADDED),tag(event=ResourceEvent),tag(group=hivemq.com),tag(kind=HiveMQPlatform),tag(name=test-hivemq-platform),tag(namespace=helmrestapiit),tag(scope=namespace),tag(version=v1)]}) registration has failed: Prometheus requires that all meters with the same name have the same set of tag keys. There is already an existing meter named 'operator.sdk.events.received' containing tag keys [event, group, kind, name, namespace, scope, version]. The meter you are attempting to register has keys [action, event, group, kind, name, namespace, scope, version]. Note that subsequent logs will be logged at debug level.
2025-01-29 17:05:44,186 INFO c.h.h.t.HelmChartContainer - [hivemq-test-hivemq-platform] [hivemq-platform-operator] [45fd5018] 17:05:44.184 [pool-6-thread-3] DEBUG c.h.p.o.dependants.PodInfoConfigMap - [helmrest] Desired PodInfo ConfigMap (1 extensions) (1 enabled)
2025-01-29 17:05:44,186 INFO c.h.h.t.HelmChartContainer - [hivemq-test-hivemq-platform] [hivemq-platform-operator] [45fd5018] 17:05:44.185 [pool-6-thread-3] DEBUG c.h.p.o.dependants.PodInfoConfigMap - [helmrest] Desired PodInfo ConfigMap (metrics port: 9399) (metrics path: /)
2025-01-29 17:05:44,186 INFO c.h.h.t.HelmChartContainer - [hivemq-test-hivemq-platform] [hivemq-platform-operator] [45fd5018] 17:05:44.185 [pool-6-thread-3] DEBUG c.h.p.o.dependants.PodInfoConfigMap - [helmrest] Desired PodInfo ConfigMap (extension state hash: -1817474005)
2025-01-29 17:05:44,188 INFO c.h.h.t.HelmChartContainer - [hivemq-test-hivemq-platform] [hivemq-platform-operator] [45fd5018] 17:05:44.187 [pool-6-thread-3] DEBUG c.h.p.o.dependants.PodInfoConfigMap - [helmrest] Create PodInfo ConfigMap
2025-01-29 17:05:44,380 INFO c.h.h.t.HelmChartContainer - [hivemq-test-hivemq-platform] [hivemq-platform-operator] [45fd5018] 17:05:44.293 [pool-6-thread-5] DEBUG c.h.p.o.dependants.PodRoleResource - [helmrest] Create Role: Role(apiVersion=rbac.authorization.k8s.io/v1, kind=Role, metadata=ObjectMeta(annotations={meta.helm.sh/release-name=test-hivemq-platform, meta.helm.sh/release-namespace=helmrestapiit}, creationTimestamp=null, deletionGracePeriodSeconds=null, deletionTimestamp=null, finalizers=[], generateName=null, generation=null, labels={helm.sh/chart=hivemq-platform-0.2.32, app.kubernetes.io/managed-by=Helm, app.kubernetes.io/name=hivemq-platform, hivemq-platform=test-hivemq-platform, app.kubernetes.io/instance=test-hivemq-platform, app.kubernetes.io/version=4.36.0}, managedFields=[], name=hivemq-platform-role-test-hivemq-platform, namespace=helmrestapiit, ownerReferences=[OwnerReference(apiVersion=hivemq.com/v1, blockOwnerDeletion=null, controller=null, kind=HiveMQPlatform, name=test-hivemq-platform, uid=56158fee-fa87-424e-b172-9172a9973bf9, additionalProperties={})], resourceVersion=null, selfLink=null, uid=null, additionalProperties={}), rules=[PolicyRule(apiGroups=[], nonResourceURLs=[], resourceNames=[], resources=[pods], verbs=[get, patch, update], additionalProperties={})], additionalProperties={})
2025-01-29 17:05:44,490 INFO c.h.h.t.HelmChartContainer - [hivemq-test-hivemq-platform] [hivemq-platform-operator] [45fd5018] 17:05:44.488 [pool-6-thread-7] DEBUG c.h.p.o.d.PodServiceAccountResource - [helmrest] Desired PodServiceAccountResource (serviceAccountName: hivemq-platform-pod-test-hivemq-platform)
2025-01-29 17:05:44,491 INFO c.h.h.t.HelmChartContainer - [hivemq-test-hivemq-platform] [hivemq-platform-operator] [45fd5018] 17:05:44.489 [pool-6-thread-7] DEBUG c.h.p.o.d.PodServiceAccountResource - [helmrest] Create ServiceAccount 'hivemq-platform-pod-test-hivemq-platform'
2025-01-29 17:05:44,596 INFO c.h.h.t.HelmChartContainer - [hivemq-test-hivemq-platform] [hivemq-platform-operator] [45fd5018] 17:05:44.594 [pool-6-thread-10] DEBUG c.h.p.o.d.PodRoleBindingResource - [helmrest] Create RoleBinding: RoleBinding(apiVersion=rbac.authorization.k8s.io/v1, kind=RoleBinding, metadata=ObjectMeta(annotations={meta.helm.sh/release-name=test-hivemq-platform, meta.helm.sh/release-namespace=helmrestapiit}, creationTimestamp=null, deletionGracePeriodSeconds=null, deletionTimestamp=null, finalizers=[], generateName=null, generation=null, labels={helm.sh/chart=hivemq-platform-0.2.32, app.kubernetes.io/managed-by=Helm, app.kubernetes.io/name=hivemq-platform, hivemq-platform=test-hivemq-platform, app.kubernetes.io/instance=test-hivemq-platform, app.kubernetes.io/version=4.36.0}, managedFields=[], name=hivemq-platform-role-binding-test-hivemq-platform, namespace=helmrestapiit, ownerReferences=[OwnerReference(apiVersion=hivemq.com/v1, blockOwnerDeletion=null, controller=null, kind=HiveMQPlatform, name=test-hivemq-platform, uid=56158fee-fa87-424e-b172-9172a9973bf9, additionalProperties={})], resourceVersion=null, selfLink=null, uid=null, additionalProperties={}), roleRef=RoleRef(apiGroup=rbac.authorization.k8s.io, kind=Role, name=hivemq-platform-role-test-hivemq-platform, additionalProperties={}), subjects=[Subject(apiGroup=null, kind=ServiceAccount, name=hivemq-platform-pod-test-hivemq-platform, namespace=helmrestapiit, additionalProperties={})], additionalProperties={})
2025-01-29 17:05:44,696 INFO c.h.h.t.HelmChartContainer - [hivemq-test-hivemq-platform] [hivemq-platform-operator] [45fd5018] 17:05:44.695 [ReconcilerExecutor-hivemq-controller-53] INFO  c.h.p.o.HiveMQPlatformReconciler - [helmrest] Reconciling HiveMQ Platform 'test-hivemq-platform' in namespace 'helmrestapiit'
2025-01-29 17:05:44,698 INFO c.h.h.t.HelmChartContainer - [hivemq-test-hivemq-platform] [hivemq-platform-operator] [45fd5018] 17:05:44.695 [ReconcilerExecutor-hivemq-controller-53] DEBUG c.h.p.o.HiveMQPlatformReconciler - [helmrest] Custom Resource Status CREATED - HiveMQ Platform was created (READY)
2025-01-29 17:05:44,698 INFO c.h.h.t.HelmChartContainer - [hivemq-test-hivemq-platform] [hivemq-platform-operator] [45fd5018] 17:05:44.695 [ReconcilerExecutor-hivemq-controller-53] DEBUG c.h.p.o.HiveMQPlatformReconciler - [helmrest] Custom Resource Spec (replicas: 1) (extensions: 1)
2025-01-29 17:05:44,700 INFO c.h.h.t.HelmChartContainer - [hivemq-test-hivemq-platform] [hivemq-platform-operator] [45fd5018] 17:05:44.699 [ReconcilerExecutor-hivemq-controller-53] INFO  c.h.p.o.h.HiveMQPlatformReconcilerBaseHandler - [helmrest] HiveMQ Platform is starting
2025-01-29 17:05:44,884 INFO c.h.h.t.HelmChartContainer - [hivemq-test-hivemq-platform] [hivemq-platform-operator] [45fd5018] 17:05:44.882 [ReconcilerExecutor-hivemq-controller-53] DEBUG c.h.p.operator.event.EventSender - [helmrest] Creating K8s event hivemq-platform-starting: [Start] HiveMQ Platform is starting
2025-01-29 17:05:44,893 INFO c.h.h.t.HelmChartContainer - [EVENT] Normal [Start] HiveMQ Platform is starting [helmrestapiit:test-hivemq-platform]
2025-01-29 17:05:44,921 INFO c.h.h.t.HelmChartContainer - [hivemq-test-hivemq-platform] [hivemq-platform-operator] [45fd5018] 17:05:44.920 [ReconcilerExecutor-hivemq-controller-53] INFO  c.h.p.o.h.AbstractHiveMQReconcilerStateHandler - [helmrest] Update HiveMQ Platform Status (CREATED [READY] -> STARTING [READY]): HiveMQ Platform is starting
2025-01-29 17:05:44,992 DEBUG com.hivemq.helmcharts.util.K8sUtil - Comparing actual state 'STARTING' and waiting for 'RUNNING'
2025-01-29 17:05:55,007 INFO c.h.h.t.HelmChartContainer - [hivemq-test-hivemq-platform] [hivemq-platform-operator] [45fd5018] 17:05:55.002 [pool-6-thread-12] DEBUG c.h.p.o.d.PlatformServiceResource - [helmrest] Desired Platform services (4 services)
2025-01-29 17:05:55,008 INFO c.h.h.t.HelmChartContainer - [hivemq-test-hivemq-platform] [hivemq-platform-operator] [45fd5018] 17:05:55.004 [pool-6-thread-13] DEBUG c.h.p.o.dependants.PodInfoConfigMap - [helmrest] Desired PodInfo ConfigMap (1 extensions) (1 enabled)
2025-01-29 17:05:55,008 INFO c.h.h.t.HelmChartContainer - [hivemq-test-hivemq-platform] [hivemq-platform-operator] [45fd5018] 17:05:55.004 [pool-6-thread-13] DEBUG c.h.p.o.dependants.PodInfoConfigMap - [helmrest] Desired PodInfo ConfigMap (metrics port: 9399) (metrics path: /)
2025-01-29 17:05:55,008 INFO c.h.h.t.HelmChartContainer - [hivemq-test-hivemq-platform] [hivemq-platform-operator] [45fd5018] 17:05:55.004 [pool-6-thread-13] DEBUG c.h.p.o.dependants.PodInfoConfigMap - [helmrest] Desired PodInfo ConfigMap (extension state hash: -1817474005)
2025-01-29 17:05:55,011 INFO c.h.h.t.HelmChartContainer - [hivemq-test-hivemq-platform] [hivemq-platform-operator] [45fd5018] 17:05:55.010 [pool-6-thread-13] DEBUG c.h.p.o.dependants.PodInfoConfigMap - [helmrest] Update PodInfo ConfigMap
2025-01-29 17:05:55,015 INFO c.h.h.t.HelmChartContainer - [hivemq-test-hivemq-platform] [hivemq-platform-operator] [45fd5018] 17:05:55.014 [pool-6-thread-17] DEBUG c.h.p.o.d.PodServiceAccountResource - [helmrest] Desired PodServiceAccountResource (serviceAccountName: hivemq-platform-pod-test-hivemq-platform)
2025-01-29 17:05:55,019 INFO c.h.h.t.HelmChartContainer - [K3S] [alloc.go:330] "allocated clusterIPs" service="helmrestapiit/mqtt-service" clusterIPs={"IPv4":"10.43.81.31"}
2025-01-29 17:05:55,091 INFO c.h.h.t.HelmChartContainer - [K3S] [alloc.go:330] "allocated clusterIPs" service="helmrestapiit/control-center-service" clusterIPs={"IPv4":"10.43.48.131"}
2025-01-29 17:05:55,187 INFO c.h.h.t.HelmChartContainer - [K3S] [alloc.go:330] "allocated clusterIPs" service="helmrestapiit/metrics-service" clusterIPs={"IPv4":"10.43.231.122"}
2025-01-29 17:05:55,199 INFO c.h.h.t.HelmChartContainer - [K3S] [alloc.go:330] "allocated clusterIPs" service="helmrestapiit/rest-api-service" clusterIPs={"IPv4":"10.43.239.120"}
2025-01-29 17:05:55,281 INFO c.h.h.t.HelmChartContainer - [hivemq-test-hivemq-platform] [hivemq-platform-operator] [45fd5018] 17:05:55.278 [pool-6-thread-20] DEBUG c.h.p.o.d.StatefulSetResource - [helmrest] Desired StatefulSet (1 replicas) for status STARTING (READY)
2025-01-29 17:05:55,293 INFO c.h.h.t.HelmChartContainer - [hivemq-test-hivemq-platform] [hivemq-platform-operator] [45fd5018] 17:05:55.291 [pool-6-thread-20] DEBUG c.h.p.o.d.StatefulSetResource - [helmrest] Create StatefulSet
2025-01-29 17:05:55,418 INFO c.h.h.t.HelmChartContainer - [POD] test-hivemq-platform-0 [c4ef175a-5c53-4198-9c50-f74b28dc6539] in helmrestapiit was ADDED
2025-01-29 17:05:55,424 INFO c.h.h.t.HelmChartContainer - [EVENT] Normal [SuccessfulCreate] create Pod test-hivemq-platform-0 in StatefulSet test-hivemq-platform successful [helmrestapiit:test-hivemq-platform]
2025-01-29 17:05:55,425 INFO c.h.h.t.HelmChartContainer - [EVENT] Normal [Scheduled] Successfully assigned helmrestapiit/test-hivemq-platform-0 to afb1a753e501 [helmrestapiit:test-hivemq-platform-0]
2025-01-29 17:05:55,425 INFO c.h.h.t.HelmChartContainer - [POD] test-hivemq-platform-0 [c4ef175a-5c53-4198-9c50-f74b28dc6539] in helmrestapiit was MODIFIED
2025-01-29 17:05:55,435 INFO c.h.h.t.HelmChartContainer - [POD] test-hivemq-platform-0 [c4ef175a-5c53-4198-9c50-f74b28dc6539] in helmrestapiit was MODIFIED
2025-01-29 17:05:55,485 INFO c.h.h.t.HelmChartContainer - [hivemq-test-hivemq-platform] [hivemq-platform-operator] [45fd5018] 17:05:55.483 [ReconcilerExecutor-hivemq-controller-64] INFO  c.h.p.o.HiveMQPlatformReconciler - [helmrest] Reconciling HiveMQ Platform 'test-hivemq-platform' in namespace 'helmrestapiit'
2025-01-29 17:05:55,486 INFO c.h.h.t.HelmChartContainer - [hivemq-test-hivemq-platform] [hivemq-platform-operator] [45fd5018] 17:05:55.484 [ReconcilerExecutor-hivemq-controller-64] DEBUG c.h.p.o.HiveMQPlatformReconciler - [helmrest] Custom Resource Status STARTING - HiveMQ Platform is starting (READY)
2025-01-29 17:05:55,487 INFO c.h.h.t.HelmChartContainer - [hivemq-test-hivemq-platform] [hivemq-platform-operator] [45fd5018] 17:05:55.484 [ReconcilerExecutor-hivemq-controller-64] DEBUG c.h.p.o.HiveMQPlatformReconciler - [helmrest] Custom Resource Spec (replicas: 1) (extensions: 1)
2025-01-29 17:05:55,490 INFO c.h.h.t.HelmChartContainer - [hivemq-test-hivemq-platform] [hivemq-platform-operator] [45fd5018] 17:05:55.489 [ReconcilerExecutor-hivemq-controller-64] DEBUG c.h.p.o.HiveMQPlatformReconciler - [helmrest] StatefulSet Status (revision: null, replicas: 0, available: 0, ready: 0, current: 0, updated: 0)
2025-01-29 17:05:55,491 INFO c.h.h.t.HelmChartContainer - [hivemq-test-hivemq-platform] [hivemq-platform-operator] [45fd5018] 17:05:55.489 [ReconcilerExecutor-hivemq-controller-64] DEBUG c.h.p.o.HiveMQPlatformReconciler - [helmrest] StatefulSet Spec (replicas: 1, init containers: 1, containers: 1, volumes: 3)
2025-01-29 17:05:55,528 INFO c.h.h.t.HelmChartContainer - [K3S] [reconciler_common.go:251] "operationExecutor.VerifyControllerAttachedVolume started for volume \"operator-init\" (UniqueName: \"kubernetes.io/empty-dir/c4ef175a-5c53-4198-9c50-f74b28dc6539-operator-init\") pod \"test-hivemq-platform-0\" (UID: \"c4ef175a-5c53-4198-9c50-f74b28dc6539\") " pod="helmrestapiit/test-hivemq-platform-0"
2025-01-29 17:05:55,528 INFO c.h.h.t.HelmChartContainer - [K3S] [reconciler_common.go:251] "operationExecutor.VerifyControllerAttachedVolume started for volume \"kube-api-access-dpfth\" (UniqueName: \"kubernetes.io/projected/c4ef175a-5c53-4198-9c50-f74b28dc6539-kube-api-access-dpfth\") pod \"test-hivemq-platform-0\" (UID: \"c4ef175a-5c53-4198-9c50-f74b28dc6539\") " pod="helmrestapiit/test-hivemq-platform-0"
2025-01-29 17:05:55,528 INFO c.h.h.t.HelmChartContainer - [K3S] [reconciler_common.go:251] "operationExecutor.VerifyControllerAttachedVolume started for volume \"pod-info\" (UniqueName: \"kubernetes.io/configmap/c4ef175a-5c53-4198-9c50-f74b28dc6539-pod-info\") pod \"test-hivemq-platform-0\" (UID: \"c4ef175a-5c53-4198-9c50-f74b28dc6539\") " pod="helmrestapiit/test-hivemq-platform-0"
2025-01-29 17:05:55,528 INFO c.h.h.t.HelmChartContainer - [K3S] [reconciler_common.go:251] "operationExecutor.VerifyControllerAttachedVolume started for volume \"broker-configuration\" (UniqueName: \"kubernetes.io/configmap/c4ef175a-5c53-4198-9c50-f74b28dc6539-broker-configuration\") pod \"test-hivemq-platform-0\" (UID: \"c4ef175a-5c53-4198-9c50-f74b28dc6539\") " pod="helmrestapiit/test-hivemq-platform-0"
2025-01-29 17:05:55,593 INFO c.h.h.t.HelmChartContainer - [hivemq-test-hivemq-platform] [hivemq-platform-operator] [45fd5018] 17:05:55.592 [ReconcilerExecutor-hivemq-controller-64] DEBUG c.h.p.o.h.HiveMQPlatformReconcilerErrorHandler - [helmrest] Pod 'test-hivemq-platform-0' phase Pending
2025-01-29 17:05:55,594 INFO c.h.h.t.HelmChartContainer - [hivemq-test-hivemq-platform] [hivemq-platform-operator] [45fd5018] 17:05:55.593 [ReconcilerExecutor-hivemq-controller-64] DEBUG c.h.p.o.h.HiveMQPlatformReconcilerErrorHandler - [helmrest] Pod 'test-hivemq-platform-0' condition 'PodReadyToStartContainers': False
2025-01-29 17:05:55,595 INFO c.h.h.t.HelmChartContainer - [hivemq-test-hivemq-platform] [hivemq-platform-operator] [45fd5018] 17:05:55.593 [ReconcilerExecutor-hivemq-controller-64] DEBUG c.h.p.o.h.HiveMQPlatformReconcilerErrorHandler - [helmrest] Pod 'test-hivemq-platform-0' condition 'Initialized': False
2025-01-29 17:05:55,595 INFO c.h.h.t.HelmChartContainer - [hivemq-test-hivemq-platform] [hivemq-platform-operator] [45fd5018] 17:05:55.593 [ReconcilerExecutor-hivemq-controller-64] DEBUG c.h.p.o.h.HiveMQPlatformReconcilerErrorHandler - [helmrest] Pod 'test-hivemq-platform-0' condition 'Ready': False
2025-01-29 17:05:55,595 INFO c.h.h.t.HelmChartContainer - [hivemq-test-hivemq-platform] [hivemq-platform-operator] [45fd5018] 17:05:55.593 [ReconcilerExecutor-hivemq-controller-64] DEBUG c.h.p.o.h.HiveMQPlatformReconcilerErrorHandler - [helmrest] Pod 'test-hivemq-platform-0' condition 'ContainersReady': False
2025-01-29 17:05:55,595 INFO c.h.h.t.HelmChartContainer - [hivemq-test-hivemq-platform] [hivemq-platform-operator] [45fd5018] 17:05:55.593 [ReconcilerExecutor-hivemq-controller-64] DEBUG c.h.p.o.h.HiveMQPlatformReconcilerErrorHandler - [helmrest] Pod 'test-hivemq-platform-0' condition 'PodScheduled': True
2025-01-29 17:05:55,595 INFO c.h.h.t.HelmChartContainer - [hivemq-test-hivemq-platform] [hivemq-platform-operator] [45fd5018] 17:05:55.593 [ReconcilerExecutor-hivemq-controller-64] DEBUG c.h.p.o.h.HiveMQPlatformReconcilerErrorHandler - [helmrest] Pod 'test-hivemq-platform-0' containerStatus 'hivemq' (started: false) (ready: false) (waiting: [PodInitializing] null)
2025-01-29 17:05:55,680 INFO c.h.h.t.HelmChartContainer - [hivemq-test-hivemq-platform] [hivemq-platform-operator] [45fd5018] 17:05:55.679 [ReconcilerExecutor-hivemq-controller-64] INFO  c.h.p.o.h.HiveMQPlatformReconcilerBaseHandler - [helmrest] HiveMQ Platform is starting, 0 of 1 replicas are ready
2025-01-29 17:05:55,689 INFO c.h.h.t.HelmChartContainer - [hivemq-test-hivemq-platform] [hivemq-platform-operator] [45fd5018] 17:05:55.686 [pool-6-thread-22] DEBUG c.h.p.o.d.PlatformServiceResource - [helmrest] Desired Platform services (4 services)
2025-01-29 17:05:55,689 INFO c.h.h.t.HelmChartContainer - [hivemq-test-hivemq-platform] [hivemq-platform-operator] [45fd5018] 17:05:55.688 [pool-6-thread-23] DEBUG c.h.p.o.dependants.PodInfoConfigMap - [helmrest] Desired PodInfo ConfigMap (1 extensions) (1 enabled)
2025-01-29 17:05:55,690 INFO c.h.h.t.HelmChartContainer - [hivemq-test-hivemq-platform] [hivemq-platform-operator] [45fd5018] 17:05:55.689 [pool-6-thread-23] DEBUG c.h.p.o.dependants.PodInfoConfigMap - [helmrest] Desired PodInfo ConfigMap (metrics port: 9399) (metrics path: /)
2025-01-29 17:05:55,690 INFO c.h.h.t.HelmChartContainer - [hivemq-test-hivemq-platform] [hivemq-platform-operator] [45fd5018] 17:05:55.689 [pool-6-thread-23] DEBUG c.h.p.o.dependants.PodInfoConfigMap - [helmrest] Desired PodInfo ConfigMap (extension state hash: -1817474005)
2025-01-29 17:05:55,723 INFO c.h.h.t.HelmChartContainer - [hivemq-test-hivemq-platform] [hivemq-platform-operator] [45fd5018] 17:05:55.722 [pool-6-thread-27] DEBUG c.h.p.o.d.PodServiceAccountResource - [helmrest] Desired PodServiceAccountResource (serviceAccountName: hivemq-platform-pod-test-hivemq-platform)
2025-01-29 17:05:55,792 INFO c.h.h.t.HelmChartContainer - [hivemq-test-hivemq-platform] [hivemq-platform-operator] [45fd5018] 17:05:55.791 [pool-6-thread-30] DEBUG c.h.p.o.d.StatefulSetResource - [helmrest] Desired StatefulSet (1 replicas) for status STARTING (READY)
2025-01-29 17:05:55,828 INFO c.h.h.t.HelmChartContainer - [EVENT] Normal [Pulled] Container image "docker.io/hivemq/hivemq-platform-operator-init-test:snapshot" already present on machine [helmrestapiit:test-hivemq-platform-0]
2025-01-29 17:05:55,886 INFO c.h.h.t.HelmChartContainer - [hivemq-test-hivemq-platform] [hivemq-platform-operator] [45fd5018] 17:05:55.883 [ReconcilerExecutor-hivemq-controller-77] INFO  c.h.p.o.HiveMQPlatformReconciler - [helmrest] Reconciling HiveMQ Platform 'test-hivemq-platform' in namespace 'helmrestapiit'
2025-01-29 17:05:55,886 INFO c.h.h.t.HelmChartContainer - [hivemq-test-hivemq-platform] [hivemq-platform-operator] [45fd5018] 17:05:55.885 [ReconcilerExecutor-hivemq-controller-77] DEBUG c.h.p.o.HiveMQPlatformReconciler - [helmrest] Custom Resource Status STARTING - HiveMQ Platform is starting (READY)
2025-01-29 17:05:55,887 INFO c.h.h.t.HelmChartContainer - [hivemq-test-hivemq-platform] [hivemq-platform-operator] [45fd5018] 17:05:55.886 [ReconcilerExecutor-hivemq-controller-77] DEBUG c.h.p.o.HiveMQPlatformReconciler - [helmrest] Custom Resource Spec (replicas: 1) (extensions: 1)
2025-01-29 17:05:55,892 INFO c.h.h.t.HelmChartContainer - [hivemq-test-hivemq-platform] [hivemq-platform-operator] [45fd5018] 17:05:55.889 [ReconcilerExecutor-hivemq-controller-77] DEBUG c.h.p.o.HiveMQPlatformReconciler - [helmrest] StatefulSet Status (revision: test-hivemq-platform-5997c57dcb, replicas: 1, available: 0, ready: 0, current: 1, updated: 1)
2025-01-29 17:05:55,892 INFO c.h.h.t.HelmChartContainer - [hivemq-test-hivemq-platform] [hivemq-platform-operator] [45fd5018] 17:05:55.890 [ReconcilerExecutor-hivemq-controller-77] DEBUG c.h.p.o.HiveMQPlatformReconciler - [helmrest] StatefulSet Spec (replicas: 1, init containers: 1, containers: 1, volumes: 3)
2025-01-29 17:05:55,897 INFO c.h.h.t.HelmChartContainer - [hivemq-test-hivemq-platform] [hivemq-platform-operator] [45fd5018] 17:05:55.892 [ReconcilerExecutor-hivemq-controller-77] DEBUG c.h.p.o.h.HiveMQPlatformReconcilerErrorHandler - [helmrest] Pod 'test-hivemq-platform-0' phase Pending
2025-01-29 17:05:55,897 INFO c.h.h.t.HelmChartContainer - [hivemq-test-hivemq-platform] [hivemq-platform-operator] [45fd5018] 17:05:55.893 [ReconcilerExecutor-hivemq-controller-77] DEBUG c.h.p.o.h.HiveMQPlatformReconcilerErrorHandler - [helmrest] Pod 'test-hivemq-platform-0' condition 'PodReadyToStartContainers': False
2025-01-29 17:05:55,897 INFO c.h.h.t.HelmChartContainer - [hivemq-test-hivemq-platform] [hivemq-platform-operator] [45fd5018] 17:05:55.893 [ReconcilerExecutor-hivemq-controller-77] DEBUG c.h.p.o.h.HiveMQPlatformReconcilerErrorHandler - [helmrest] Pod 'test-hivemq-platform-0' condition 'Initialized': False
2025-01-29 17:05:55,897 INFO c.h.h.t.HelmChartContainer - [hivemq-test-hivemq-platform] [hivemq-platform-operator] [45fd5018] 17:05:55.894 [ReconcilerExecutor-hivemq-controller-77] DEBUG c.h.p.o.h.HiveMQPlatformReconcilerErrorHandler - [helmrest] Pod 'test-hivemq-platform-0' condition 'Ready': False
2025-01-29 17:05:55,897 INFO c.h.h.t.HelmChartContainer - [hivemq-test-hivemq-platform] [hivemq-platform-operator] [45fd5018] 17:05:55.895 [ReconcilerExecutor-hivemq-controller-77] DEBUG c.h.p.o.h.HiveMQPlatformReconcilerErrorHandler - [helmrest] Pod 'test-hivemq-platform-0' condition 'ContainersReady': False
2025-01-29 17:05:55,897 INFO c.h.h.t.HelmChartContainer - [hivemq-test-hivemq-platform] [hivemq-platform-operator] [45fd5018] 17:05:55.895 [ReconcilerExecutor-hivemq-controller-77] DEBUG c.h.p.o.h.HiveMQPlatformReconcilerErrorHandler - [helmrest] Pod 'test-hivemq-platform-0' condition 'PodScheduled': True
2025-01-29 17:05:55,897 INFO c.h.h.t.HelmChartContainer - [hivemq-test-hivemq-platform] [hivemq-platform-operator] [45fd5018] 17:05:55.895 [ReconcilerExecutor-hivemq-controller-77] DEBUG c.h.p.o.h.HiveMQPlatformReconcilerErrorHandler - [helmrest] Pod 'test-hivemq-platform-0' containerStatus 'hivemq' (started: false) (ready: false) (waiting: [PodInitializing] null)
2025-01-29 17:05:55,955 INFO c.h.h.t.HelmChartContainer - [EVENT] Normal [Created] Created container: hivemq-platform-operator-init [helmrestapiit:test-hivemq-platform-0]
2025-01-29 17:05:55,979 INFO c.h.h.t.HelmChartContainer - [hivemq-test-hivemq-platform] [hivemq-platform-operator] [45fd5018] 17:05:55.977 [ReconcilerExecutor-hivemq-controller-77] INFO  c.h.p.o.h.HiveMQPlatformReconcilerBaseHandler - [helmrest] HiveMQ Platform is starting, 0 of 1 replicas are ready
2025-01-29 17:05:55,998 INFO c.h.h.t.HelmChartContainer - [EVENT] Normal [Started] Started container hivemq-platform-operator-init [helmrestapiit:test-hivemq-platform-0]
2025-01-29 17:05:56,825 INFO c.h.h.t.HelmChartContainer - [EVENT] Normal [Pulled] Container image "docker.io/hivemq/hivemq4:4.36.0" already present on machine [helmrestapiit:test-hivemq-platform-0]
2025-01-29 17:05:56,825 INFO c.h.h.t.HelmChartContainer - Received Pulled event for container hivemq in pod test-hivemq-platform-0 [c4ef175a-5c53-4198-9c50-f74b28dc6539]
2025-01-29 17:05:56,842 INFO c.h.h.t.HelmChartContainer - [POD] test-hivemq-platform-0 [c4ef175a-5c53-4198-9c50-f74b28dc6539] in helmrestapiit was MODIFIED
2025-01-29 17:05:56,867 INFO c.h.h.t.HelmChartContainer - [hivemq-test-hivemq-platform] [hivemq-platform-operator] [45fd5018] 17:05:56.862 [pool-6-thread-32] DEBUG c.h.p.o.d.PlatformServiceResource - [helmrest] Desired Platform services (4 services)
2025-01-29 17:05:56,871 INFO c.h.h.t.HelmChartContainer - [hivemq-test-hivemq-platform] [hivemq-platform-operator] [45fd5018] 17:05:56.866 [pool-6-thread-33] DEBUG c.h.p.o.dependants.PodInfoConfigMap - [helmrest] Desired PodInfo ConfigMap (1 extensions) (1 enabled)
2025-01-29 17:05:56,871 INFO c.h.h.t.HelmChartContainer - [hivemq-test-hivemq-platform] [hivemq-platform-operator] [45fd5018] 17:05:56.866 [pool-6-thread-33] DEBUG c.h.p.o.dependants.PodInfoConfigMap - [helmrest] Desired PodInfo ConfigMap (metrics port: 9399) (metrics path: /)
2025-01-29 17:05:56,871 INFO c.h.h.t.HelmChartContainer - [hivemq-test-hivemq-platform] [hivemq-platform-operator] [45fd5018] 17:05:56.866 [pool-6-thread-33] DEBUG c.h.p.o.dependants.PodInfoConfigMap - [helmrest] Desired PodInfo ConfigMap (extension state hash: -1817474005)
2025-01-29 17:05:56,877 INFO c.h.h.t.HelmChartContainer - [hivemq-test-hivemq-platform] [hivemq-platform-operator] [45fd5018] 17:05:56.873 [pool-6-thread-37] DEBUG c.h.p.o.d.PodServiceAccountResource - [helmrest] Desired PodServiceAccountResource (serviceAccountName: hivemq-platform-pod-test-hivemq-platform)
2025-01-29 17:05:56,922 INFO c.h.h.t.HelmChartContainer - [hivemq-test-hivemq-platform] [hivemq-platform-operator] [45fd5018] 17:05:56.920 [pool-6-thread-40] DEBUG c.h.p.o.d.StatefulSetResource - [helmrest] Desired StatefulSet (1 replicas) for status STARTING (READY)
2025-01-29 17:05:56,926 INFO c.h.h.t.HelmChartContainer - [hivemq-test-hivemq-platform] [hivemq-platform-operator] [45fd5018] 17:05:56.925 [ReconcilerExecutor-hivemq-controller-88] INFO  c.h.p.o.HiveMQPlatformReconciler - [helmrest] Reconciling HiveMQ Platform 'test-hivemq-platform' in namespace 'helmrestapiit'
2025-01-29 17:05:56,928 INFO c.h.h.t.HelmChartContainer - [hivemq-test-hivemq-platform] [hivemq-platform-operator] [45fd5018] 17:05:56.926 [ReconcilerExecutor-hivemq-controller-88] DEBUG c.h.p.o.HiveMQPlatformReconciler - [helmrest] Custom Resource Status STARTING - HiveMQ Platform is starting (READY)
2025-01-29 17:05:56,928 INFO c.h.h.t.HelmChartContainer - [hivemq-test-hivemq-platform] [hivemq-platform-operator] [45fd5018] 17:05:56.926 [ReconcilerExecutor-hivemq-controller-88] DEBUG c.h.p.o.HiveMQPlatformReconciler - [helmrest] Custom Resource Spec (replicas: 1) (extensions: 1)
2025-01-29 17:05:56,930 INFO c.h.h.t.HelmChartContainer - [hivemq-test-hivemq-platform] [hivemq-platform-operator] [45fd5018] 17:05:56.929 [ReconcilerExecutor-hivemq-controller-88] DEBUG c.h.p.o.HiveMQPlatformReconciler - [helmrest] StatefulSet Status (revision: test-hivemq-platform-5997c57dcb, replicas: 1, available: 0, ready: 0, current: 1, updated: 1)
2025-01-29 17:05:56,930 INFO c.h.h.t.HelmChartContainer - [hivemq-test-hivemq-platform] [hivemq-platform-operator] [45fd5018] 17:05:56.929 [ReconcilerExecutor-hivemq-controller-88] DEBUG c.h.p.o.HiveMQPlatformReconciler - [helmrest] StatefulSet Spec (replicas: 1, init containers: 1, containers: 1, volumes: 3)
2025-01-29 17:05:56,934 INFO c.h.h.t.HelmChartContainer - [hivemq-test-hivemq-platform] [hivemq-platform-operator] [45fd5018] 17:05:56.932 [ReconcilerExecutor-hivemq-controller-88] DEBUG c.h.p.o.h.HiveMQPlatformReconcilerErrorHandler - [helmrest] Pod 'test-hivemq-platform-0' phase Pending
2025-01-29 17:05:56,935 INFO c.h.h.t.HelmChartContainer - [hivemq-test-hivemq-platform] [hivemq-platform-operator] [45fd5018] 17:05:56.933 [ReconcilerExecutor-hivemq-controller-88] DEBUG c.h.p.o.h.HiveMQPlatformReconcilerErrorHandler - [helmrest] Pod 'test-hivemq-platform-0' condition 'PodReadyToStartContainers': True
2025-01-29 17:05:56,935 INFO c.h.h.t.HelmChartContainer - [hivemq-test-hivemq-platform] [hivemq-platform-operator] [45fd5018] 17:05:56.933 [ReconcilerExecutor-hivemq-controller-88] DEBUG c.h.p.o.h.HiveMQPlatformReconcilerErrorHandler - [helmrest] Pod 'test-hivemq-platform-0' condition 'Initialized': True
2025-01-29 17:05:56,935 INFO c.h.h.t.HelmChartContainer - [hivemq-test-hivemq-platform] [hivemq-platform-operator] [45fd5018] 17:05:56.933 [ReconcilerExecutor-hivemq-controller-88] DEBUG c.h.p.o.h.HiveMQPlatformReconcilerErrorHandler - [helmrest] Pod 'test-hivemq-platform-0' condition 'Ready': False
2025-01-29 17:05:56,935 INFO c.h.h.t.HelmChartContainer - [hivemq-test-hivemq-platform] [hivemq-platform-operator] [45fd5018] 17:05:56.933 [ReconcilerExecutor-hivemq-controller-88] DEBUG c.h.p.o.h.HiveMQPlatformReconcilerErrorHandler - [helmrest] Pod 'test-hivemq-platform-0' condition 'ContainersReady': False
2025-01-29 17:05:56,935 INFO c.h.h.t.HelmChartContainer - [hivemq-test-hivemq-platform] [hivemq-platform-operator] [45fd5018] 17:05:56.933 [ReconcilerExecutor-hivemq-controller-88] DEBUG c.h.p.o.h.HiveMQPlatformReconcilerErrorHandler - [helmrest] Pod 'test-hivemq-platform-0' condition 'PodScheduled': True
2025-01-29 17:05:56,935 INFO c.h.h.t.HelmChartContainer - [hivemq-test-hivemq-platform] [hivemq-platform-operator] [45fd5018] 17:05:56.933 [ReconcilerExecutor-hivemq-controller-88] DEBUG c.h.p.o.h.HiveMQPlatformReconcilerErrorHandler - [helmrest] Pod 'test-hivemq-platform-0' containerStatus 'hivemq' (started: false) (ready: false) (waiting: [PodInitializing] null)
2025-01-29 17:05:56,936 INFO c.h.h.t.HelmChartContainer - [hivemq-test-hivemq-platform] [hivemq-platform-operator] [45fd5018] 17:05:56.934 [ReconcilerExecutor-hivemq-controller-88] INFO  c.h.p.o.h.HiveMQPlatformReconcilerBaseHandler - [helmrest] HiveMQ Platform is starting, 0 of 1 replicas are ready
2025-01-29 17:05:58,374 INFO c.h.h.t.HelmChartContainer - [EVENT] Normal [Created] Created container: hivemq [helmrestapiit:test-hivemq-platform-0]
2025-01-29 17:05:58,374 INFO c.h.h.t.HelmChartContainer - Received Created event for container hivemq in pod test-hivemq-platform-0 [c4ef175a-5c53-4198-9c50-f74b28dc6539]
2025-01-29 17:05:58,838 INFO c.h.h.t.HelmChartContainer - [POD] test-hivemq-platform-0 [c4ef175a-5c53-4198-9c50-f74b28dc6539] in helmrestapiit was MODIFIED
2025-01-29 17:05:58,853 INFO c.h.h.t.HelmChartContainer - Started log watcher for hivemq in pod test-hivemq-platform-0 [c4ef175a-5c53-4198-9c50-f74b28dc6539]
2025-01-29 17:05:58,853 INFO c.h.h.t.HelmChartContainer - [EVENT] Normal [Started] Started container hivemq [helmrestapiit:test-hivemq-platform-0]
2025-01-29 17:05:58,853 INFO c.h.h.t.HelmChartContainer - Received Started event for container hivemq in pod test-hivemq-platform-0 [c4ef175a-5c53-4198-9c50-f74b28dc6539]
2025-01-29 17:05:58,855 INFO c.h.h.t.HelmChartContainer - [test-hivemq-platform] [hivemq] [c4ef175a] Adding pre-installed HiveMQ Platform Operator extensions
2025-01-29 17:05:58,855 INFO c.h.h.t.HelmChartContainer - [test-hivemq-platform] [hivemq] [c4ef175a] Running as user 10000
2025-01-29 17:05:58,855 INFO c.h.h.t.HelmChartContainer - [test-hivemq-platform] [hivemq] [c4ef175a] Starting HiveMQ Platform Operator Init
2025-01-29 17:05:58,877 INFO c.h.h.t.HelmChartContainer - [hivemq-test-hivemq-platform] [hivemq-platform-operator] [45fd5018] 17:05:58.869 [pool-6-thread-42] DEBUG c.h.p.o.d.PlatformServiceResource - [helmrest] Desired Platform services (4 services)
2025-01-29 17:05:58,880 INFO c.h.h.t.HelmChartContainer - [hivemq-test-hivemq-platform] [hivemq-platform-operator] [45fd5018] 17:05:58.874 [pool-6-thread-43] DEBUG c.h.p.o.dependants.PodInfoConfigMap - [helmrest] Desired PodInfo ConfigMap (1 extensions) (1 enabled)
2025-01-29 17:05:58,880 INFO c.h.h.t.HelmChartContainer - [hivemq-test-hivemq-platform] [hivemq-platform-operator] [45fd5018] 17:05:58.875 [pool-6-thread-43] DEBUG c.h.p.o.dependants.PodInfoConfigMap - [helmrest] Desired PodInfo ConfigMap (metrics port: 9399) (metrics path: /)
2025-01-29 17:05:58,880 INFO c.h.h.t.HelmChartContainer - [hivemq-test-hivemq-platform] [hivemq-platform-operator] [45fd5018] 17:05:58.876 [pool-6-thread-43] DEBUG c.h.p.o.dependants.PodInfoConfigMap - [helmrest] Desired PodInfo ConfigMap (extension state hash: -1817474005)
2025-01-29 17:05:58,926 INFO c.h.h.t.HelmChartContainer - [hivemq-test-hivemq-platform] [hivemq-platform-operator] [45fd5018] 17:05:58.921 [pool-6-thread-47] DEBUG c.h.p.o.d.PodServiceAccountResource - [helmrest] Desired PodServiceAccountResource (serviceAccountName: hivemq-platform-pod-test-hivemq-platform)
2025-01-29 17:05:58,932 INFO c.h.h.t.HelmChartContainer - [hivemq-test-hivemq-platform] [hivemq-platform-operator] [45fd5018] 17:05:58.930 [pool-6-thread-50] DEBUG c.h.p.o.d.StatefulSetResource - [helmrest] Desired StatefulSet (1 replicas) for status STARTING (READY)
2025-01-29 17:05:59,022 INFO c.h.h.t.HelmChartContainer - [hivemq-test-hivemq-platform] [hivemq-platform-operator] [45fd5018] 17:05:59.021 [ReconcilerExecutor-hivemq-controller-99] INFO  c.h.p.o.HiveMQPlatformReconciler - [helmrest] Reconciling HiveMQ Platform 'test-hivemq-platform' in namespace 'helmrestapiit'
2025-01-29 17:05:59,023 INFO c.h.h.t.HelmChartContainer - [hivemq-test-hivemq-platform] [hivemq-platform-operator] [45fd5018] 17:05:59.021 [ReconcilerExecutor-hivemq-controller-99] DEBUG c.h.p.o.HiveMQPlatformReconciler - [helmrest] Custom Resource Status STARTING - HiveMQ Platform is starting (READY)
2025-01-29 17:05:59,023 INFO c.h.h.t.HelmChartContainer - [hivemq-test-hivemq-platform] [hivemq-platform-operator] [45fd5018] 17:05:59.021 [ReconcilerExecutor-hivemq-controller-99] DEBUG c.h.p.o.HiveMQPlatformReconciler - [helmrest] Custom Resource Spec (replicas: 1) (extensions: 1)
2025-01-29 17:05:59,026 INFO c.h.h.t.HelmChartContainer - [hivemq-test-hivemq-platform] [hivemq-platform-operator] [45fd5018] 17:05:59.025 [ReconcilerExecutor-hivemq-controller-99] DEBUG c.h.p.o.HiveMQPlatformReconciler - [helmrest] StatefulSet Status (revision: test-hivemq-platform-5997c57dcb, replicas: 1, available: 0, ready: 0, current: 1, updated: 1)
2025-01-29 17:05:59,026 INFO c.h.h.t.HelmChartContainer - [hivemq-test-hivemq-platform] [hivemq-platform-operator] [45fd5018] 17:05:59.025 [ReconcilerExecutor-hivemq-controller-99] DEBUG c.h.p.o.HiveMQPlatformReconciler - [helmrest] StatefulSet Spec (replicas: 1, init containers: 1, containers: 1, volumes: 3)
2025-01-29 17:05:59,029 INFO c.h.h.t.HelmChartContainer - [hivemq-test-hivemq-platform] [hivemq-platform-operator] [45fd5018] 17:05:59.029 [ReconcilerExecutor-hivemq-controller-99] DEBUG c.h.p.o.h.HiveMQPlatformReconcilerErrorHandler - [helmrest] Pod 'test-hivemq-platform-0' phase Running
2025-01-29 17:05:59,031 INFO c.h.h.t.HelmChartContainer - [hivemq-test-hivemq-platform] [hivemq-platform-operator] [45fd5018] 17:05:59.030 [ReconcilerExecutor-hivemq-controller-99] INFO  c.h.p.o.h.HiveMQPlatformReconcilerBaseHandler - [helmrest] HiveMQ Platform is starting, 0 of 1 replicas are ready
2025-01-29 17:05:59,782 INFO c.h.h.t.HelmChartContainer - [test-hivemq-platform] [hivemq] [c4ef175a] INFO  - [HiveMQ Platform Operator Init 1.7.0-SNAPSHOT] HiveMQ Platform Operator Init 1.7.0-SNAPSHOT (commit: 8465ebf on branch: HEAD) built on Wed Jan 29 16:56:31 UTC 2025
2025-01-29 17:06:00,949 INFO c.h.h.t.HelmChartContainer - [test-hivemq-platform] [hivemq] [c4ef175a] INFO  - [HiveMQ Platform Operator Init App 1.7.0-SNAPSHOT] Using bind address 10.42.0.11 from environment variable
2025-01-29 17:06:01,936 INFO c.h.h.t.HelmChartContainer - [test-hivemq-platform] [hivemq] [c4ef175a] INFO  - [HiveMQ Platform Operator Init App 1.7.0-SNAPSHOT] HiveMQ Platform Operator Init App 1.7.0-SNAPSHOT (commit: 8465ebf on branch: HEAD) built on Wed Jan 29 16:56:31 UTC 2025
2025-01-29 17:06:01,937 INFO c.h.h.t.HelmChartContainer - [test-hivemq-platform] [hivemq] [c4ef175a] INFO  - [HiveMQ Platform Operator Init App 1.7.0-SNAPSHOT] PodInfo ConfigMap directory: /etc/podinfo
2025-01-29 17:06:01,937 INFO c.h.h.t.HelmChartContainer - [test-hivemq-platform] [hivemq] [c4ef175a] INFO  - [HiveMQ Platform Operator Init App 1.7.0-SNAPSHOT] HiveMQ home directory: /opt/hivemq
2025-01-29 17:06:01,937 INFO c.h.h.t.HelmChartContainer - [test-hivemq-platform] [hivemq] [c4ef175a] INFO  - [HiveMQ Platform Operator Init App 1.7.0-SNAPSHOT] HiveMQ Logback folder: /opt/hivemq/conf
2025-01-29 17:06:01,937 INFO c.h.h.t.HelmChartContainer - [test-hivemq-platform] [hivemq] [c4ef175a] INFO  - [HiveMQ Platform Operator Init App 1.7.0-SNAPSHOT] HiveMQ Config folder: /opt/hivemq/conf-k8s
2025-01-29 17:06:01,938 INFO c.h.h.t.HelmChartContainer - [test-hivemq-platform] [hivemq] [c4ef175a] INFO  - [HiveMQ Platform Operator Init App 1.7.0-SNAPSHOT] Starting HiveMQ Platform Operator Init App
2025-01-29 17:06:01,938 INFO c.h.h.t.HelmChartContainer - [test-hivemq-platform] [hivemq] [c4ef175a] INFO  - [HiveMQ Platform Operator Init App 1.7.0-SNAPSHOT] Starting Pod reconciler
2025-01-29 17:06:03,283 INFO c.h.h.t.HelmChartContainer - [test-hivemq-platform] [hivemq] [c4ef175a] INFO  - [HiveMQ Platform Operator Init App 1.7.0-SNAPSHOT] Pod reconciler is scheduled (interval: 5000 ms)
2025-01-29 17:06:03,285 INFO c.h.h.t.HelmChartContainer - [test-hivemq-platform] [hivemq] [c4ef175a] INFO  - [HiveMQ Platform Operator Init App 1.7.0-SNAPSHOT] Starting the REST API on 10.42.0.11:7979
2025-01-29 17:06:03,287 INFO c.h.h.t.HelmChartContainer - [test-hivemq-platform] [hivemq] [c4ef175a] INFO  - [HiveMQ Platform Operator Init App 1.7.0-SNAPSHOT] Waiting up to 600s for at most 1 HiveMQ nodes in cluster service hivemq-test-hivemq-platform-cluster.helmrestapiit.svc
2025-01-29 17:06:03,635 INFO c.h.h.t.HelmChartContainer - [test-hivemq-platform] [hivemq] [c4ef175a] INFO  - [HiveMQ Platform Operator Init App 1.7.0-SNAPSHOT] Resolved 1 IP addresses: [10.42.0.11]
2025-01-29 17:06:03,635 INFO c.h.h.t.HelmChartContainer - [test-hivemq-platform] [hivemq] [c4ef175a] INFO  - [HiveMQ Platform Operator Init App 1.7.0-SNAPSHOT] HiveMQ node count of 1 is within threshold of 1
2025-01-29 17:06:03,635 INFO c.h.h.t.HelmChartContainer - [test-hivemq-platform] [hivemq] [c4ef175a] INFO  - [HiveMQ Platform Operator Init App 1.7.0-SNAPSHOT] Proceeding with container start
2025-01-29 17:06:03,689 INFO c.h.h.t.HelmChartContainer - [test-hivemq-platform] [hivemq] [c4ef175a] INFO  - [HiveMQ Platform Operator Init App 1.7.0-SNAPSHOT] Initializing HiveMQ Platform extensions with initial configuration: {hivemq-allow-all-extension={start-priority=-1, skip-https-hostname-verification=false, restart=true, config-version=0, header-version=0, c-uri=, priority=-1, uri=preinstalled, skip-https-certificate-validation=false, enabled=true}, hivemq-prometheus-extension={request-header-path=no-request-headers, uri=preinstalled, skip-https-certificate-validation=false, skip-https-hostname-verification=false, c-uri=, start-priority=-1, priority=-1, restart=true, enabled=true}}
2025-01-29 17:06:04,236 INFO c.h.h.t.HelmChartContainer - [test-hivemq-platform] [hivemq] [c4ef175a] INFO  - [HiveMQ Platform Operator Init App 1.7.0-SNAPSHOT] Extension hivemq-allow-all-extension was already enabled
2025-01-29 17:06:04,332 INFO c.h.h.t.HelmChartContainer - [test-hivemq-platform] [hivemq] [c4ef175a] INFO  - [HiveMQ Platform Operator Init App 1.7.0-SNAPSHOT] Successfully enabled extension hivemq-prometheus-extension
2025-01-29 17:06:04,334 INFO c.h.h.t.HelmChartContainer - [test-hivemq-platform] [hivemq] [c4ef175a] INFO  - [HiveMQ Platform Operator Init App 1.7.0-SNAPSHOT] Starting HiveMQ Platform version 4.36.0 (4.36.0)
2025-01-29 17:06:04,334 INFO c.h.h.t.HelmChartContainer - [test-hivemq-platform] [hivemq] [c4ef175a] INFO  - [HiveMQ Platform Operator Init App 1.7.0-SNAPSHOT] Configuring the HiveMQ Platform
2025-01-29 17:06:04,387 INFO c.h.h.t.HelmChartContainer - [test-hivemq-platform] [hivemq] [c4ef175a] INFO  - [HiveMQ Platform Operator Init App 1.7.0-SNAPSHOT] Changed logback.xml file scan period to 20 seconds
2025-01-29 17:06:04,482 INFO c.h.h.t.HelmChartContainer - [test-hivemq-platform] [hivemq] [c4ef175a] INFO  - [HiveMQ Platform Operator Init App 1.7.0-SNAPSHOT] Starting the HiveMQ Platform
2025-01-29 17:06:04,486 INFO c.h.h.t.HelmChartContainer - [test-hivemq-platform] [hivemq] [c4ef175a] -------------------------------------------------------------------------
2025-01-29 17:06:04,486 INFO c.h.h.t.HelmChartContainer - [test-hivemq-platform] [hivemq] [c4ef175a] 
2025-01-29 17:06:04,486 INFO c.h.h.t.HelmChartContainer - [test-hivemq-platform] [hivemq] [c4ef175a]                   _    _  _              __  __   ____
2025-01-29 17:06:04,486 INFO c.h.h.t.HelmChartContainer - [test-hivemq-platform] [hivemq] [c4ef175a]                  | |  | |(_)            |  \/  | / __ \
2025-01-29 17:06:04,486 INFO c.h.h.t.HelmChartContainer - [test-hivemq-platform] [hivemq] [c4ef175a]                  | |__| | _ __   __ ___ | \  / || |  | |
2025-01-29 17:06:04,486 INFO c.h.h.t.HelmChartContainer - [test-hivemq-platform] [hivemq] [c4ef175a]                  |  __  || |\ \ / // _ \| |\/| || |  | |
2025-01-29 17:06:04,486 INFO c.h.h.t.HelmChartContainer - [test-hivemq-platform] [hivemq] [c4ef175a]                  | |  | || | \ V /|  __/| |  | || |__| |
2025-01-29 17:06:04,486 INFO c.h.h.t.HelmChartContainer - [test-hivemq-platform] [hivemq] [c4ef175a]                  |_|  |_||_|  \_/  \___||_|  |_| \___\_\
2025-01-29 17:06:04,486 INFO c.h.h.t.HelmChartContainer - [test-hivemq-platform] [hivemq] [c4ef175a] 
2025-01-29 17:06:04,486 INFO c.h.h.t.HelmChartContainer - [test-hivemq-platform] [hivemq] [c4ef175a] -------------------------------------------------------------------------
2025-01-29 17:06:04,486 INFO c.h.h.t.HelmChartContainer - [test-hivemq-platform] [hivemq] [c4ef175a] 
2025-01-29 17:06:04,486 INFO c.h.h.t.HelmChartContainer - [test-hivemq-platform] [hivemq] [c4ef175a]   HiveMQ Start Script for Linux/Unix v1.14
2025-01-29 17:06:04,486 INFO c.h.h.t.HelmChartContainer - [test-hivemq-platform] [hivemq] [c4ef175a] 
2025-01-29 17:06:04,556 INFO c.h.h.t.HelmChartContainer - [test-hivemq-platform] [hivemq] [c4ef175a] -------------------------------------------------------------------------
2025-01-29 17:06:04,556 INFO c.h.h.t.HelmChartContainer - [test-hivemq-platform] [hivemq] [c4ef175a] 
2025-01-29 17:06:04,556 INFO c.h.h.t.HelmChartContainer - [test-hivemq-platform] [hivemq] [c4ef175a]   HIVEMQ_HOME: /opt/hivemq
2025-01-29 17:06:04,556 INFO c.h.h.t.HelmChartContainer - [test-hivemq-platform] [hivemq] [c4ef175a] 
2025-01-29 17:06:04,556 INFO c.h.h.t.HelmChartContainer - [test-hivemq-platform] [hivemq] [c4ef175a]   JAVA_OPTS: -XX:+UnlockExperimentalVMOptions -XX:InitialRAMPercentage=50 -XX:MaxRAMPercentage=50 -Djava.net.preferIPv4Stack=true --add-opens java.base/java.lang=ALL-UNNAMED --add-opens java.base/java.nio=ALL-UNNAMED --add-opens java.base/sun.nio.ch=ALL-UNNAMED --add-opens jdk.management/com.sun.management.internal=ALL-UNNAMED --add-exports java.base/jdk.internal.misc=ALL-UNNAMED -Djava.security.egd=file:/dev/./urandom -Dcom.sun.management.jmxremote -Dcom.sun.management.jmxremote.port=9010 -Dcom.sun.management.jmxremote.local.only=false -Dcom.sun.management.jmxremote.authenticate=false -Dcom.sun.management.jmxremote.ssl=false -Duser.language=en -Duser.region=US -XX:+CrashOnOutOfMemoryError -XX:+HeapDumpOnOutOfMemoryError
2025-01-29 17:06:04,556 INFO c.h.h.t.HelmChartContainer - [test-hivemq-platform] [hivemq] [c4ef175a] 
2025-01-29 17:06:04,556 INFO c.h.h.t.HelmChartContainer - [test-hivemq-platform] [hivemq] [c4ef175a]   JAVA_VERSION: 21
2025-01-29 17:06:04,556 INFO c.h.h.t.HelmChartContainer - [test-hivemq-platform] [hivemq] [c4ef175a] 
2025-01-29 17:06:04,557 INFO c.h.h.t.HelmChartContainer - [test-hivemq-platform] [hivemq] [c4ef175a] -------------------------------------------------------------------------
2025-01-29 17:06:04,557 INFO c.h.h.t.HelmChartContainer - [test-hivemq-platform] [hivemq] [c4ef175a] 
2025-01-29 17:06:04,882 INFO c.h.h.t.HelmChartContainer - [test-hivemq-platform] [hivemq] [c4ef175a] INFO  - [HiveMQ Platform Operator Init App 1.7.0-SNAPSHOT] Returning default Health API response 503 for readiness
2025-01-29 17:06:05,191 INFO c.h.h.t.HelmChartContainer - [EVENT] Warning [Unhealthy] Readiness probe failed: HTTP probe failed with statuscode: 503 [helmrestapiit:test-hivemq-platform-0]
2025-01-29 17:06:05,191 INFO c.h.h.t.HelmChartContainer - Received Unhealthy event for container hivemq in pod test-hivemq-platform-0 [c4ef175a-5c53-4198-9c50-f74b28dc6539]
2025-01-29 17:06:07,530 INFO c.h.h.t.HelmChartContainer - [test-hivemq-platform] [hivemq] [c4ef175a] INFO  - Starting HiveMQ Enterprise Server
2025-01-29 17:06:07,538 INFO c.h.h.t.HelmChartContainer - [test-hivemq-platform] [hivemq] [c4ef175a] INFO  - HiveMQ version: 4.36.0
2025-01-29 17:06:07,538 INFO c.h.h.t.HelmChartContainer - [test-hivemq-platform] [hivemq] [c4ef175a] INFO  - HiveMQ home directory: /opt/hivemq
2025-01-29 17:06:07,539 INFO c.h.h.t.HelmChartContainer - [test-hivemq-platform] [hivemq] [c4ef175a] INFO  - Log Configuration was overridden by /opt/hivemq/conf/logback.xml
2025-01-29 17:06:09,042 INFO c.h.h.t.HelmChartContainer - [hivemq-test-hivemq-platform] [hivemq-platform-operator] [45fd5018] 17:06:09.039 [pool-6-thread-5] DEBUG c.h.p.o.d.PlatformServiceResource - [helmrest] Desired Platform services (4 services)
2025-01-29 17:06:09,045 INFO c.h.h.t.HelmChartContainer - [hivemq-test-hivemq-platform] [hivemq-platform-operator] [45fd5018] 17:06:09.043 [pool-6-thread-6] DEBUG c.h.p.o.dependants.PodInfoConfigMap - [helmrest] Desired PodInfo ConfigMap (1 extensions) (1 enabled)
2025-01-29 17:06:09,046 INFO c.h.h.t.HelmChartContainer - [hivemq-test-hivemq-platform] [hivemq-platform-operator] [45fd5018] 17:06:09.043 [pool-6-thread-6] DEBUG c.h.p.o.dependants.PodInfoConfigMap - [helmrest] Desired PodInfo ConfigMap (metrics port: 9399) (metrics path: /)
2025-01-29 17:06:09,046 INFO c.h.h.t.HelmChartContainer - [hivemq-test-hivemq-platform] [hivemq-platform-operator] [45fd5018] 17:06:09.043 [pool-6-thread-6] DEBUG c.h.p.o.dependants.PodInfoConfigMap - [helmrest] Desired PodInfo ConfigMap (extension state hash: -1817474005)
2025-01-29 17:06:09,046 INFO c.h.h.t.HelmChartContainer - [hivemq-test-hivemq-platform] [hivemq-platform-operator] [45fd5018] 17:06:09.044 [pool-6-thread-2] DEBUG c.h.p.o.d.PodServiceAccountResource - [helmrest] Desired PodServiceAccountResource (serviceAccountName: hivemq-platform-pod-test-hivemq-platform)
2025-01-29 17:06:09,053 INFO c.h.h.t.HelmChartContainer - [hivemq-test-hivemq-platform] [hivemq-platform-operator] [45fd5018] 17:06:09.052 [pool-6-thread-5] DEBUG c.h.p.o.d.StatefulSetResource - [helmrest] Desired StatefulSet (1 replicas) for status STARTING (READY)
2025-01-29 17:06:09,057 INFO c.h.h.t.HelmChartContainer - [hivemq-test-hivemq-platform] [hivemq-platform-operator] [45fd5018] 17:06:09.056 [ReconcilerExecutor-hivemq-controller-110] INFO  c.h.p.o.HiveMQPlatformReconciler - [helmrest] Reconciling HiveMQ Platform 'test-hivemq-platform' in namespace 'helmrestapiit'
2025-01-29 17:06:09,057 INFO c.h.h.t.HelmChartContainer - [hivemq-test-hivemq-platform] [hivemq-platform-operator] [45fd5018] 17:06:09.056 [ReconcilerExecutor-hivemq-controller-110] DEBUG c.h.p.o.HiveMQPlatformReconciler - [helmrest] Custom Resource Status STARTING - HiveMQ Platform is starting (READY)
2025-01-29 17:06:09,057 INFO c.h.h.t.HelmChartContainer - [hivemq-test-hivemq-platform] [hivemq-platform-operator] [45fd5018] 17:06:09.056 [ReconcilerExecutor-hivemq-controller-110] DEBUG c.h.p.o.HiveMQPlatformReconciler - [helmrest] Custom Resource Spec (replicas: 1) (extensions: 1)
2025-01-29 17:06:09,123 INFO c.h.h.t.HelmChartContainer - [hivemq-test-hivemq-platform] [hivemq-platform-operator] [45fd5018] 17:06:09.121 [ReconcilerExecutor-hivemq-controller-110] DEBUG c.h.p.o.HiveMQPlatformReconciler - [helmrest] StatefulSet Status (revision: test-hivemq-platform-5997c57dcb, replicas: 1, available: 0, ready: 0, current: 1, updated: 1)
2025-01-29 17:06:09,123 INFO c.h.h.t.HelmChartContainer - [hivemq-test-hivemq-platform] [hivemq-platform-operator] [45fd5018] 17:06:09.121 [ReconcilerExecutor-hivemq-controller-110] DEBUG c.h.p.o.HiveMQPlatformReconciler - [helmrest] StatefulSet Spec (replicas: 1, init containers: 1, containers: 1, volumes: 3)
2025-01-29 17:06:09,125 INFO c.h.h.t.HelmChartContainer - [hivemq-test-hivemq-platform] [hivemq-platform-operator] [45fd5018] 17:06:09.123 [ReconcilerExecutor-hivemq-controller-110] DEBUG c.h.p.o.h.HiveMQPlatformReconcilerErrorHandler - [helmrest] Pod 'test-hivemq-platform-0' phase Running
2025-01-29 17:06:09,126 INFO c.h.h.t.HelmChartContainer - [hivemq-test-hivemq-platform] [hivemq-platform-operator] [45fd5018] 17:06:09.124 [ReconcilerExecutor-hivemq-controller-110] INFO  c.h.p.o.h.HiveMQPlatformReconcilerBaseHandler - [helmrest] HiveMQ Platform is starting, 0 of 1 replicas are ready
2025-01-29 17:06:09,342 INFO c.h.h.t.HelmChartContainer - [test-hivemq-platform] [hivemq] [c4ef175a] INFO  - Successfully loaded configuration from '/opt/hivemq/conf-k8s/config.xml'.
2025-01-29 17:06:10,383 INFO c.h.h.t.HelmChartContainer - [test-hivemq-platform] [hivemq] [c4ef175a] WARN  - [HiveMQ Platform Operator Init App 1.7.0-SNAPSHOT] Cannot connect to Health API for readiness: null
2025-01-29 17:06:10,437 INFO c.h.h.t.HelmChartContainer - [EVENT] Warning [Unhealthy] Readiness probe failed: HTTP probe failed with statuscode: 503 [helmrestapiit:test-hivemq-platform-0]
2025-01-29 17:06:10,437 INFO c.h.h.t.HelmChartContainer - Received Unhealthy event for container hivemq in pod test-hivemq-platform-0 [c4ef175a-5c53-4198-9c50-f74b28dc6539]
2025-01-29 17:06:10,736 INFO c.h.h.t.HelmChartContainer - [test-hivemq-platform] [hivemq] [c4ef175a] INFO  - This node's ID is D7XIe
2025-01-29 17:06:10,736 INFO c.h.h.t.HelmChartContainer - [test-hivemq-platform] [hivemq] [c4ef175a] INFO  - Clustering is enabled
2025-01-29 17:06:13,538 INFO c.h.h.t.HelmChartContainer - [test-hivemq-platform] [hivemq] [c4ef175a] Jan 29, 2025 5:06:13 PM io.vertx.core.impl.BlockedThreadChecker
2025-01-29 17:06:13,539 INFO c.h.h.t.HelmChartContainer - [test-hivemq-platform] [hivemq] [c4ef175a] WARNING: Thread Thread[vert.x-eventloop-thread-1,5,main] has been blocked for 2050 ms, time limit is 2000 ms
2025-01-29 17:06:14,535 INFO c.h.h.t.HelmChartContainer - [test-hivemq-platform] [hivemq] [c4ef175a] Jan 29, 2025 5:06:14 PM io.vertx.core.impl.BlockedThreadChecker
2025-01-29 17:06:14,535 INFO c.h.h.t.HelmChartContainer - [test-hivemq-platform] [hivemq] [c4ef175a] WARNING: Thread Thread[vert.x-eventloop-thread-1,5,main] has been blocked for 3050 ms, time limit is 2000 ms
2025-01-29 17:06:14,933 INFO c.h.h.t.HelmChartContainer - [test-hivemq-platform] [hivemq] [c4ef175a] WARN  - [HiveMQ Platform Operator Init App 1.7.0-SNAPSHOT] Cannot connect to Health API for readiness: null
2025-01-29 17:06:14,935 INFO c.h.h.t.HelmChartContainer - [test-hivemq-platform] [hivemq] [c4ef175a] INFO  - [HiveMQ Platform Operator Init App 1.7.0-SNAPSHOT] Updating Pod HiveMQ Platform Operator Init App version annotation (version: 1.7.0-SNAPSHOT)
2025-01-29 17:06:14,941 INFO c.h.h.t.HelmChartContainer - [EVENT] Warning [Unhealthy] Readiness probe failed: HTTP probe failed with statuscode: 503 [helmrestapiit:test-hivemq-platform-0]
2025-01-29 17:06:14,941 INFO c.h.h.t.HelmChartContainer - Received Unhealthy event for container hivemq in pod test-hivemq-platform-0 [c4ef175a-5c53-4198-9c50-f74b28dc6539]
2025-01-29 17:06:15,647 INFO c.h.h.t.HelmChartContainer - [POD] test-hivemq-platform-0 [c4ef175a-5c53-4198-9c50-f74b28dc6539] in helmrestapiit was MODIFIED
2025-01-29 17:06:15,654 INFO c.h.h.t.HelmChartContainer - [hivemq-test-hivemq-platform] [hivemq-platform-operator] [45fd5018] 17:06:15.652 [pool-6-thread-11] DEBUG c.h.p.o.d.PlatformServiceResource - [helmrest] Desired Platform services (4 services)
2025-01-29 17:06:15,654 INFO c.h.h.t.HelmChartContainer - [hivemq-test-hivemq-platform] [hivemq-platform-operator] [45fd5018] 17:06:15.652 [pool-6-thread-14] DEBUG c.h.p.o.dependants.PodInfoConfigMap - [helmrest] Desired PodInfo ConfigMap (1 extensions) (1 enabled)
2025-01-29 17:06:15,654 INFO c.h.h.t.HelmChartContainer - [hivemq-test-hivemq-platform] [hivemq-platform-operator] [45fd5018] 17:06:15.652 [pool-6-thread-14] DEBUG c.h.p.o.dependants.PodInfoConfigMap - [helmrest] Desired PodInfo ConfigMap (metrics port: 9399) (metrics path: /)
2025-01-29 17:06:15,654 INFO c.h.h.t.HelmChartContainer - [hivemq-test-hivemq-platform] [hivemq-platform-operator] [45fd5018] 17:06:15.652 [pool-6-thread-14] DEBUG c.h.p.o.dependants.PodInfoConfigMap - [helmrest] Desired PodInfo ConfigMap (extension state hash: -1817474005)
2025-01-29 17:06:15,656 INFO c.h.h.t.HelmChartContainer - [hivemq-test-hivemq-platform] [hivemq-platform-operator] [45fd5018] 17:06:15.656 [pool-6-thread-16] DEBUG c.h.p.o.d.PodServiceAccountResource - [helmrest] Desired PodServiceAccountResource (serviceAccountName: hivemq-platform-pod-test-hivemq-platform)
2025-01-29 17:06:15,661 INFO c.h.h.t.HelmChartContainer - [hivemq-test-hivemq-platform] [hivemq-platform-operator] [45fd5018] 17:06:15.659 [pool-6-thread-14] DEBUG c.h.p.o.d.StatefulSetResource - [helmrest] Desired StatefulSet (1 replicas) for status STARTING (READY)
2025-01-29 17:06:15,723 INFO c.h.h.t.HelmChartContainer - [hivemq-test-hivemq-platform] [hivemq-platform-operator] [45fd5018] 17:06:15.721 [ReconcilerExecutor-hivemq-controller-111] INFO  c.h.p.o.HiveMQPlatformReconciler - [helmrest] Reconciling HiveMQ Platform 'test-hivemq-platform' in namespace 'helmrestapiit'
2025-01-29 17:06:15,723 INFO c.h.h.t.HelmChartContainer - [hivemq-test-hivemq-platform] [hivemq-platform-operator] [45fd5018] 17:06:15.721 [ReconcilerExecutor-hivemq-controller-111] DEBUG c.h.p.o.HiveMQPlatformReconciler - [helmrest] Custom Resource Status STARTING - HiveMQ Platform is starting (READY)
2025-01-29 17:06:15,723 INFO c.h.h.t.HelmChartContainer - [hivemq-test-hivemq-platform] [hivemq-platform-operator] [45fd5018] 17:06:15.721 [ReconcilerExecutor-hivemq-controller-111] DEBUG c.h.p.o.HiveMQPlatformReconciler - [helmrest] Custom Resource Spec (replicas: 1) (extensions: 1)
2025-01-29 17:06:15,725 INFO c.h.h.t.HelmChartContainer - [hivemq-test-hivemq-platform] [hivemq-platform-operator] [45fd5018] 17:06:15.723 [ReconcilerExecutor-hivemq-controller-111] DEBUG c.h.p.o.HiveMQPlatformReconciler - [helmrest] StatefulSet Status (revision: test-hivemq-platform-5997c57dcb, replicas: 1, available: 0, ready: 0, current: 1, updated: 1)
2025-01-29 17:06:15,725 INFO c.h.h.t.HelmChartContainer - [hivemq-test-hivemq-platform] [hivemq-platform-operator] [45fd5018] 17:06:15.723 [ReconcilerExecutor-hivemq-controller-111] DEBUG c.h.p.o.HiveMQPlatformReconciler - [helmrest] StatefulSet Spec (replicas: 1, init containers: 1, containers: 1, volumes: 3)
2025-01-29 17:06:15,726 INFO c.h.h.t.HelmChartContainer - [hivemq-test-hivemq-platform] [hivemq-platform-operator] [45fd5018] 17:06:15.725 [ReconcilerExecutor-hivemq-controller-111] DEBUG c.h.p.o.h.HiveMQPlatformReconcilerErrorHandler - [helmrest] Pod 'test-hivemq-platform-0' phase Running
2025-01-29 17:06:15,727 INFO c.h.h.t.HelmChartContainer - [hivemq-test-hivemq-platform] [hivemq-platform-operator] [45fd5018] 17:06:15.726 [ReconcilerExecutor-hivemq-controller-111] INFO  c.h.p.o.h.HiveMQPlatformReconcilerBaseHandler - [helmrest] HiveMQ Platform is starting, 0 of 1 replicas are ready
2025-01-29 17:06:15,735 INFO c.h.h.t.HelmChartContainer - [test-hivemq-platform] [hivemq] [c4ef175a] WARN  - [HiveMQ Platform Operator Init App 1.7.0-SNAPSHOT] Cannot connect to Health API for readiness: null
2025-01-29 17:06:15,742 INFO c.h.h.t.HelmChartContainer - [EVENT] Warning [Unhealthy] Readiness probe failed: HTTP probe failed with statuscode: 503 [helmrestapiit:test-hivemq-platform-0]
2025-01-29 17:06:15,742 INFO c.h.h.t.HelmChartContainer - Received Unhealthy event for container hivemq in pod test-hivemq-platform-0 [c4ef175a-5c53-4198-9c50-f74b28dc6539]
2025-01-29 17:06:15,832 INFO c.h.h.t.HelmChartContainer - [test-hivemq-platform] [hivemq] [c4ef175a] INFO  - [HiveMQ Platform Operator Init App 1.7.0-SNAPSHOT] Successfully updated Pod HiveMQ Platform Operator Init App version annotation (version: 1.7.0-SNAPSHOT)
2025-01-29 17:06:17,513 INFO c.h.h.t.HelmChartContainer - [K3S] [range_allocator.go:247] "Successfully synced" key="afb1a753e501"
2025-01-29 17:06:20,685 INFO c.h.h.t.HelmChartContainer - [test-hivemq-platform] [hivemq] [c4ef175a] WARN  - [HiveMQ Platform Operator Init App 1.7.0-SNAPSHOT] Cannot connect to Health API for readiness: null
2025-01-29 17:06:20,690 INFO c.h.h.t.HelmChartContainer - [EVENT] Warning [Unhealthy] Readiness probe failed: HTTP probe failed with statuscode: 503 [helmrestapiit:test-hivemq-platform-0]
2025-01-29 17:06:20,690 INFO c.h.h.t.HelmChartContainer - Received Unhealthy event for container hivemq in pod test-hivemq-platform-0 [c4ef175a-5c53-4198-9c50-f74b28dc6539]
2025-01-29 17:06:25,686 INFO c.h.h.t.HelmChartContainer - [test-hivemq-platform] [hivemq] [c4ef175a] WARN  - [HiveMQ Platform Operator Init App 1.7.0-SNAPSHOT] Cannot connect to Health API for readiness: null
2025-01-29 17:06:25,691 INFO c.h.h.t.HelmChartContainer - [EVENT] Warning [Unhealthy] Readiness probe failed: HTTP probe failed with statuscode: 503 [helmrestapiit:test-hivemq-platform-0]
2025-01-29 17:06:25,691 INFO c.h.h.t.HelmChartContainer - Received Unhealthy event for container hivemq in pod test-hivemq-platform-0 [c4ef175a-5c53-4198-9c50-f74b28dc6539]
2025-01-29 17:06:25,734 INFO c.h.h.t.HelmChartContainer - [hivemq-test-hivemq-platform] [hivemq-platform-operator] [45fd5018] 17:06:25.731 [pool-6-thread-26] DEBUG c.h.p.o.d.PlatformServiceResource - [helmrest] Desired Platform services (4 services)
2025-01-29 17:06:25,735 INFO c.h.h.t.HelmChartContainer - [hivemq-test-hivemq-platform] [hivemq-platform-operator] [45fd5018] 17:06:25.734 [pool-6-thread-25] DEBUG c.h.p.o.dependants.PodInfoConfigMap - [helmrest] Desired PodInfo ConfigMap (1 extensions) (1 enabled)
2025-01-29 17:06:25,737 INFO c.h.h.t.HelmChartContainer - [hivemq-test-hivemq-platform] [hivemq-platform-operator] [45fd5018] 17:06:25.734 [pool-6-thread-25] DEBUG c.h.p.o.dependants.PodInfoConfigMap - [helmrest] Desired PodInfo ConfigMap (metrics port: 9399) (metrics path: /)
2025-01-29 17:06:25,738 INFO c.h.h.t.HelmChartContainer - [hivemq-test-hivemq-platform] [hivemq-platform-operator] [45fd5018] 17:06:25.734 [pool-6-thread-25] DEBUG c.h.p.o.dependants.PodInfoConfigMap - [helmrest] Desired PodInfo ConfigMap (extension state hash: -1817474005)
2025-01-29 17:06:25,743 INFO c.h.h.t.HelmChartContainer - [hivemq-test-hivemq-platform] [hivemq-platform-operator] [45fd5018] 17:06:25.739 [pool-6-thread-24] DEBUG c.h.p.o.d.PodServiceAccountResource - [helmrest] Desired PodServiceAccountResource (serviceAccountName: hivemq-platform-pod-test-hivemq-platform)
2025-01-29 17:06:25,748 INFO c.h.h.t.HelmChartContainer - [test-hivemq-platform] [hivemq] [c4ef175a] WARN  - [HiveMQ Platform Operator Init App 1.7.0-SNAPSHOT] Cannot connect to Health API for liveness: null
2025-01-29 17:06:25,750 INFO c.h.h.t.HelmChartContainer - [test-hivemq-platform] [hivemq] [c4ef175a] INFO  - [HiveMQ Platform Operator Init App 1.7.0-SNAPSHOT] Returning default Health API response 200 for liveness
2025-01-29 17:06:25,823 INFO c.h.h.t.HelmChartContainer - [hivemq-test-hivemq-platform] [hivemq-platform-operator] [45fd5018] 17:06:25.821 [pool-6-thread-26] DEBUG c.h.p.o.d.StatefulSetResource - [helmrest] Desired StatefulSet (1 replicas) for status STARTING (READY)
2025-01-29 17:06:25,828 INFO c.h.h.t.HelmChartContainer - [hivemq-test-hivemq-platform] [hivemq-platform-operator] [45fd5018] 17:06:25.827 [ReconcilerExecutor-hivemq-controller-112] INFO  c.h.p.o.HiveMQPlatformReconciler - [helmrest] Reconciling HiveMQ Platform 'test-hivemq-platform' in namespace 'helmrestapiit'
2025-01-29 17:06:25,829 INFO c.h.h.t.HelmChartContainer - [hivemq-test-hivemq-platform] [hivemq-platform-operator] [45fd5018] 17:06:25.827 [ReconcilerExecutor-hivemq-controller-112] DEBUG c.h.p.o.HiveMQPlatformReconciler - [helmrest] Custom Resource Status STARTING - HiveMQ Platform is starting (READY)
2025-01-29 17:06:25,829 INFO c.h.h.t.HelmChartContainer - [hivemq-test-hivemq-platform] [hivemq-platform-operator] [45fd5018] 17:06:25.827 [ReconcilerExecutor-hivemq-controller-112] DEBUG c.h.p.o.HiveMQPlatformReconciler - [helmrest] Custom Resource Spec (replicas: 1) (extensions: 1)
2025-01-29 17:06:25,831 INFO c.h.h.t.HelmChartContainer - [hivemq-test-hivemq-platform] [hivemq-platform-operator] [45fd5018] 17:06:25.830 [ReconcilerExecutor-hivemq-controller-112] DEBUG c.h.p.o.HiveMQPlatformReconciler - [helmrest] StatefulSet Status (revision: test-hivemq-platform-5997c57dcb, replicas: 1, available: 0, ready: 0, current: 1, updated: 1)
2025-01-29 17:06:25,833 INFO c.h.h.t.HelmChartContainer - [hivemq-test-hivemq-platform] [hivemq-platform-operator] [45fd5018] 17:06:25.830 [ReconcilerExecutor-hivemq-controller-112] DEBUG c.h.p.o.HiveMQPlatformReconciler - [helmrest] StatefulSet Spec (replicas: 1, init containers: 1, containers: 1, volumes: 3)
2025-01-29 17:06:25,833 INFO c.h.h.t.HelmChartContainer - [hivemq-test-hivemq-platform] [hivemq-platform-operator] [45fd5018] 17:06:25.831 [ReconcilerExecutor-hivemq-controller-112] DEBUG c.h.p.o.h.HiveMQPlatformReconcilerErrorHandler - [helmrest] Pod 'test-hivemq-platform-0' phase Running
2025-01-29 17:06:25,835 INFO c.h.h.t.HelmChartContainer - [hivemq-test-hivemq-platform] [hivemq-platform-operator] [45fd5018] 17:06:25.834 [ReconcilerExecutor-hivemq-controller-112] INFO  c.h.p.o.h.HiveMQPlatformReconcilerBaseHandler - [helmrest] HiveMQ Platform is starting, 0 of 1 replicas are ready
2025-01-29 17:06:28,786 INFO c.h.h.t.HelmChartContainer - [K3S] [INFO] COMPACT compactRev=0 targetCompactRev=2 currentRev=1117
2025-01-29 17:06:28,787 INFO c.h.h.t.HelmChartContainer - [K3S] [INFO] COMPACT deleted 0 rows from 2 revisions in 646.439µs - compacted to 2/1117
2025-01-29 17:06:28,787 INFO c.h.h.t.HelmChartContainer - [K3S] [INFO] COMPACT compacted from 0 to 2 in 1 transactions over 1ms
2025-01-29 17:06:29,383 INFO c.h.h.t.HelmChartContainer - [test-hivemq-platform] [hivemq] [c4ef175a] INFO  - No valid license file found. Using trial license, restricted to 25 connections.
2025-01-29 17:06:30,685 INFO c.h.h.t.HelmChartContainer - [test-hivemq-platform] [hivemq] [c4ef175a] WARN  - [HiveMQ Platform Operator Init App 1.7.0-SNAPSHOT] Cannot connect to Health API for readiness: null
2025-01-29 17:06:30,691 INFO c.h.h.t.HelmChartContainer - [EVENT] Warning [Unhealthy] Readiness probe failed: HTTP probe failed with statuscode: 503 [helmrestapiit:test-hivemq-platform-0]
2025-01-29 17:06:30,691 INFO c.h.h.t.HelmChartContainer - Received Unhealthy event for container hivemq in pod test-hivemq-platform-0 [c4ef175a-5c53-4198-9c50-f74b28dc6539]
2025-01-29 17:06:31,342 INFO c.h.h.t.HelmChartContainer - [K3S] [info.go:53] Couldn't collect info from any of the files in "/etc/machine-id,/var/lib/dbus/machine-id"
2025-01-29 17:06:34,432 INFO c.h.h.t.HelmChartContainer - [test-hivemq-platform] [hivemq] [c4ef175a] INFO  - No valid license file for Data Hub found. Using free license, restricted to 1 policy.
2025-01-29 17:06:35,686 INFO c.h.h.t.HelmChartContainer - [test-hivemq-platform] [hivemq] [c4ef175a] INFO  - Audit Logger started.
2025-01-29 17:06:35,686 INFO c.h.h.t.HelmChartContainer - [test-hivemq-platform] [hivemq] [c4ef175a] WARN  - [HiveMQ Platform Operator Init App 1.7.0-SNAPSHOT] Cannot connect to Health API for readiness: null
2025-01-29 17:06:35,691 INFO c.h.h.t.HelmChartContainer - [EVENT] Warning [Unhealthy] Readiness probe failed: HTTP probe failed with statuscode: 503 [helmrestapiit:test-hivemq-platform-0]
2025-01-29 17:06:35,691 INFO c.h.h.t.HelmChartContainer - Received Unhealthy event for container hivemq in pod test-hivemq-platform-0 [c4ef175a-5c53-4198-9c50-f74b28dc6539]
2025-01-29 17:06:35,841 INFO c.h.h.t.HelmChartContainer - [hivemq-test-hivemq-platform] [hivemq-platform-operator] [45fd5018] 17:06:35.840 [pool-6-thread-37] DEBUG c.h.p.o.d.PlatformServiceResource - [helmrest] Desired Platform services (4 services)
2025-01-29 17:06:35,845 INFO c.h.h.t.HelmChartContainer - [hivemq-test-hivemq-platform] [hivemq-platform-operator] [45fd5018] 17:06:35.843 [pool-6-thread-35] DEBUG c.h.p.o.dependants.PodInfoConfigMap - [helmrest] Desired PodInfo ConfigMap (1 extensions) (1 enabled)
2025-01-29 17:06:35,846 INFO c.h.h.t.HelmChartContainer - [hivemq-test-hivemq-platform] [hivemq-platform-operator] [45fd5018] 17:06:35.843 [pool-6-thread-35] DEBUG c.h.p.o.dependants.PodInfoConfigMap - [helmrest] Desired PodInfo ConfigMap (metrics port: 9399) (metrics path: /)
2025-01-29 17:06:35,846 INFO c.h.h.t.HelmChartContainer - [hivemq-test-hivemq-platform] [hivemq-platform-operator] [45fd5018] 17:06:35.843 [pool-6-thread-35] DEBUG c.h.p.o.dependants.PodInfoConfigMap - [helmrest] Desired PodInfo ConfigMap (extension state hash: -1817474005)
2025-01-29 17:06:35,846 INFO c.h.h.t.HelmChartContainer - [hivemq-test-hivemq-platform] [hivemq-platform-operator] [45fd5018] 17:06:35.843 [pool-6-thread-34] DEBUG c.h.p.o.d.PodServiceAccountResource - [helmrest] Desired PodServiceAccountResource (serviceAccountName: hivemq-platform-pod-test-hivemq-platform)
2025-01-29 17:06:35,851 INFO c.h.h.t.HelmChartContainer - [hivemq-test-hivemq-platform] [hivemq-platform-operator] [45fd5018] 17:06:35.850 [pool-6-thread-37] DEBUG c.h.p.o.d.StatefulSetResource - [helmrest] Desired StatefulSet (1 replicas) for status STARTING (READY)
2025-01-29 17:06:35,856 INFO c.h.h.t.HelmChartContainer - [hivemq-test-hivemq-platform] [hivemq-platform-operator] [45fd5018] 17:06:35.854 [ReconcilerExecutor-hivemq-controller-113] INFO  c.h.p.o.HiveMQPlatformReconciler - [helmrest] Reconciling HiveMQ Platform 'test-hivemq-platform' in namespace 'helmrestapiit'
2025-01-29 17:06:35,856 INFO c.h.h.t.HelmChartContainer - [hivemq-test-hivemq-platform] [hivemq-platform-operator] [45fd5018] 17:06:35.854 [ReconcilerExecutor-hivemq-controller-113] DEBUG c.h.p.o.HiveMQPlatformReconciler - [helmrest] Custom Resource Status STARTING - HiveMQ Platform is starting (READY)
2025-01-29 17:06:35,856 INFO c.h.h.t.HelmChartContainer - [hivemq-test-hivemq-platform] [hivemq-platform-operator] [45fd5018] 17:06:35.854 [ReconcilerExecutor-hivemq-controller-113] DEBUG c.h.p.o.HiveMQPlatformReconciler - [helmrest] Custom Resource Spec (replicas: 1) (extensions: 1)
2025-01-29 17:06:35,922 INFO c.h.h.t.HelmChartContainer - [hivemq-test-hivemq-platform] [hivemq-platform-operator] [45fd5018] 17:06:35.920 [ReconcilerExecutor-hivemq-controller-113] DEBUG c.h.p.o.HiveMQPlatformReconciler - [helmrest] StatefulSet Status (revision: test-hivemq-platform-5997c57dcb, replicas: 1, available: 0, ready: 0, current: 1, updated: 1)
2025-01-29 17:06:35,922 INFO c.h.h.t.HelmChartContainer - [hivemq-test-hivemq-platform] [hivemq-platform-operator] [45fd5018] 17:06:35.921 [ReconcilerExecutor-hivemq-controller-113] DEBUG c.h.p.o.HiveMQPlatformReconciler - [helmrest] StatefulSet Spec (replicas: 1, init containers: 1, containers: 1, volumes: 3)
2025-01-29 17:06:35,925 INFO c.h.h.t.HelmChartContainer - [hivemq-test-hivemq-platform] [hivemq-platform-operator] [45fd5018] 17:06:35.923 [ReconcilerExecutor-hivemq-controller-113] DEBUG c.h.p.o.h.HiveMQPlatformReconcilerErrorHandler - [helmrest] Pod 'test-hivemq-platform-0' phase Running
2025-01-29 17:06:35,926 INFO c.h.h.t.HelmChartContainer - [hivemq-test-hivemq-platform] [hivemq-platform-operator] [45fd5018] 17:06:35.924 [ReconcilerExecutor-hivemq-controller-113] INFO  c.h.p.o.h.HiveMQPlatformReconcilerBaseHandler - [helmrest] HiveMQ Platform is starting, 0 of 1 replicas are ready
2025-01-29 17:06:36,007 INFO c.h.h.t.HelmChartContainer - [test-hivemq-platform] [hivemq] [c4ef175a] INFO  - This node uses '1' CPU cores.
2025-01-29 17:06:36,035 INFO c.h.h.t.HelmChartContainer - [test-hivemq-platform] [hivemq] [c4ef175a] INFO  - Starting HiveMQ Health API on address 0.0.0.0 and port 8889
2025-01-29 17:06:37,033 INFO c.h.h.t.HelmChartContainer - [test-hivemq-platform] [hivemq] [c4ef175a] INFO  - Started HiveMQ Health API in 999ms
2025-01-29 17:06:37,990 INFO c.h.h.t.HelmChartContainer - [test-hivemq-platform] [hivemq] [c4ef175a] INFO  - Starting HiveMQ extension system.
2025-01-29 17:06:38,285 INFO c.h.h.t.HelmChartContainer - [test-hivemq-platform] [hivemq] [c4ef175a] INFO  - Starting extension with id "hivemq-dns-cluster-discovery" at /opt/hivemq/extensions/hivemq-dns-cluster-discovery
2025-01-29 17:06:38,889 INFO c.h.h.t.HelmChartContainer - [test-hivemq-platform] [hivemq] [c4ef175a] INFO  - Extension "DNS Cluster Discovery Extension" version 4.3.2 started successfully.
2025-01-29 17:06:38,889 INFO c.h.h.t.HelmChartContainer - [test-hivemq-platform] [hivemq] [c4ef175a] INFO  - Starting extension with id "hivemq-prometheus-extension" at /opt/hivemq/extensions/hivemq-prometheus-extension
2025-01-29 17:06:38,984 INFO c.h.h.t.HelmChartContainer - [test-hivemq-platform] [hivemq] [c4ef175a] INFO  - Using TCP cluster transport on address 10.42.0.11 and port 7000
2025-01-29 17:06:39,034 INFO c.h.h.t.HelmChartContainer - [test-hivemq-platform] [hivemq] [c4ef175a] INFO  - Using extension cluster discovery
2025-01-29 17:06:39,986 INFO c.h.h.t.HelmChartContainer - [test-hivemq-platform] [hivemq] [c4ef175a] INFO  - Started Jetty Server exposing Prometheus Servlet on URI http://0.0.0.0:9399/
2025-01-29 17:06:39,986 INFO c.h.h.t.HelmChartContainer - [test-hivemq-platform] [hivemq] [c4ef175a] INFO  - Extension "Prometheus Monitoring Extension" version 4.0.12 started successfully.
2025-01-29 17:06:39,987 INFO c.h.h.t.HelmChartContainer - [test-hivemq-platform] [hivemq] [c4ef175a] INFO  - Starting extension with id "hivemq-allow-all-extension" at /opt/hivemq/extensions/hivemq-allow-all-extension
2025-01-29 17:06:39,987 INFO c.h.h.t.HelmChartContainer - [test-hivemq-platform] [hivemq] [c4ef175a] WARN  - 
2025-01-29 17:06:39,987 INFO c.h.h.t.HelmChartContainer - [test-hivemq-platform] [hivemq] [c4ef175a] ################################################################################################################
2025-01-29 17:06:39,987 INFO c.h.h.t.HelmChartContainer - [test-hivemq-platform] [hivemq] [c4ef175a] # This HiveMQ deployment is not secure! You are lacking Authentication and Authorization.                      #
2025-01-29 17:06:39,988 INFO c.h.h.t.HelmChartContainer - [test-hivemq-platform] [hivemq] [c4ef175a] # Right now any MQTT client can connect to the broker with a full set of permissions.                          #
2025-01-29 17:06:39,988 INFO c.h.h.t.HelmChartContainer - [test-hivemq-platform] [hivemq] [c4ef175a] # For production usage, add an appropriate security extension and remove the hivemq-allow-all extension.       #
2025-01-29 17:06:39,988 INFO c.h.h.t.HelmChartContainer - [test-hivemq-platform] [hivemq] [c4ef175a] # You can download security extensions from the HiveMQ Marketplace (https://www.hivemq.com/extensions/).       #
2025-01-29 17:06:39,988 INFO c.h.h.t.HelmChartContainer - [test-hivemq-platform] [hivemq] [c4ef175a] ################################################################################################################
2025-01-29 17:06:39,988 INFO c.h.h.t.HelmChartContainer - [test-hivemq-platform] [hivemq] [c4ef175a] INFO  - Extension "Allow All Extension" version 1.1.1 started successfully.
2025-01-29 17:06:41,047 INFO c.h.h.t.HelmChartContainer - [test-hivemq-platform] [hivemq] [c4ef175a] INFO  - [HiveMQ Platform Operator Init App 1.7.0-SNAPSHOT] Returning Health API response 503 for readiness
2025-01-29 17:06:41,051 INFO c.h.h.t.HelmChartContainer - [EVENT] Warning [Unhealthy] Readiness probe failed: HTTP probe failed with statuscode: 503 [helmrestapiit:test-hivemq-platform-0]
2025-01-29 17:06:41,051 INFO c.h.h.t.HelmChartContainer - Received Unhealthy event for container hivemq in pod test-hivemq-platform-0 [c4ef175a-5c53-4198-9c50-f74b28dc6539]
2025-01-29 17:06:42,036 INFO c.h.h.t.HelmChartContainer - [test-hivemq-platform] [hivemq] [c4ef175a] INFO  - D7XIe: no members discovered after 2351 ms: creating cluster as first member
2025-01-29 17:06:42,042 INFO c.h.h.t.HelmChartContainer - [test-hivemq-platform] [hivemq] [c4ef175a] INFO  - Cluster nodes found by discovery: [D7XIe|0] (1) [D7XIe].
2025-01-29 17:06:42,132 INFO c.h.h.t.HelmChartContainer - [test-hivemq-platform] [hivemq] [c4ef175a] INFO  - Starting HiveMQ REST API on address 0.0.0.0 and port 8890
2025-01-29 17:06:42,538 INFO c.h.h.t.HelmChartContainer - [test-hivemq-platform] [hivemq] [c4ef175a] INFO  - Started HiveMQ REST API in 405ms
2025-01-29 17:06:42,538 INFO c.h.h.t.HelmChartContainer - [test-hivemq-platform] [hivemq] [c4ef175a] WARN  - No user for HiveMQ Control Center configured. Starting with default user
2025-01-29 17:06:42,538 INFO c.h.h.t.HelmChartContainer - [test-hivemq-platform] [hivemq] [c4ef175a] INFO  - Starting HiveMQ Control Center on address 0.0.0.0 and port 8081
2025-01-29 17:06:42,553 INFO c.h.h.t.HelmChartContainer - [test-hivemq-platform] [hivemq] [c4ef175a] INFO  - Mounting HiveMQ Control Center V2 Preview
2025-01-29 17:06:43,237 INFO c.h.h.t.HelmChartContainer - [test-hivemq-platform] [hivemq] [c4ef175a] INFO  - Started HiveMQ Control Center in 699ms
2025-01-29 17:06:43,252 INFO c.h.h.t.HelmChartContainer - [test-hivemq-platform] [hivemq] [c4ef175a] INFO  - Starting TCP listener on address 0.0.0.0 and port 1883
2025-01-29 17:06:43,349 INFO c.h.h.t.HelmChartContainer - [test-hivemq-platform] [hivemq] [c4ef175a] INFO  - Started TCP Listener on address 0.0.0.0 and on port 1883.
2025-01-29 17:06:43,349 INFO c.h.h.t.HelmChartContainer - [test-hivemq-platform] [hivemq] [c4ef175a] INFO  - Started HiveMQ in 36264ms
2025-01-29 17:06:45,652 INFO c.h.h.t.HelmChartContainer - [test-hivemq-platform] [hivemq] [c4ef175a] INFO  - [HiveMQ Platform Operator Init App 1.7.0-SNAPSHOT] Returning Health API response 200 for readiness
2025-01-29 17:06:45,665 INFO c.h.h.t.HelmChartContainer - [POD] test-hivemq-platform-0 [c4ef175a-5c53-4198-9c50-f74b28dc6539] in helmrestapiit was MODIFIED
2025-01-29 17:06:45,687 INFO c.h.h.t.HelmChartContainer - [hivemq-test-hivemq-platform] [hivemq-platform-operator] [45fd5018] 17:06:45.678 [pool-6-thread-46] DEBUG c.h.p.o.d.PlatformServiceResource - [helmrest] Desired Platform services (4 services)
2025-01-29 17:06:45,687 INFO c.h.h.t.HelmChartContainer - [hivemq-test-hivemq-platform] [hivemq-platform-operator] [45fd5018] 17:06:45.680 [pool-6-thread-47] DEBUG c.h.p.o.dependants.PodInfoConfigMap - [helmrest] Desired PodInfo ConfigMap (1 extensions) (1 enabled)
2025-01-29 17:06:45,687 INFO c.h.h.t.HelmChartContainer - [hivemq-test-hivemq-platform] [hivemq-platform-operator] [45fd5018] 17:06:45.680 [pool-6-thread-47] DEBUG c.h.p.o.dependants.PodInfoConfigMap - [helmrest] Desired PodInfo ConfigMap (metrics port: 9399) (metrics path: /)
2025-01-29 17:06:45,687 INFO c.h.h.t.HelmChartContainer - [hivemq-test-hivemq-platform] [hivemq-platform-operator] [45fd5018] 17:06:45.680 [pool-6-thread-47] DEBUG c.h.p.o.dependants.PodInfoConfigMap - [helmrest] Desired PodInfo ConfigMap (extension state hash: -1817474005)
2025-01-29 17:06:45,687 INFO c.h.h.t.HelmChartContainer - [hivemq-test-hivemq-platform] [hivemq-platform-operator] [45fd5018] 17:06:45.682 [pool-6-thread-45] DEBUG c.h.p.o.d.PodServiceAccountResource - [helmrest] Desired PodServiceAccountResource (serviceAccountName: hivemq-platform-pod-test-hivemq-platform)
2025-01-29 17:06:45,729 INFO c.h.h.t.HelmChartContainer - [hivemq-test-hivemq-platform] [hivemq-platform-operator] [45fd5018] 17:06:45.727 [pool-6-thread-46] DEBUG c.h.p.o.d.StatefulSetResource - [helmrest] Desired StatefulSet (1 replicas) for status STARTING (READY)
2025-01-29 17:06:45,783 INFO c.h.h.t.HelmChartContainer - [hivemq-test-hivemq-platform] [hivemq-platform-operator] [45fd5018] 17:06:45.778 [ReconcilerExecutor-hivemq-controller-114] INFO  c.h.p.o.HiveMQPlatformReconciler - [helmrest] Reconciling HiveMQ Platform 'test-hivemq-platform' in namespace 'helmrestapiit'
2025-01-29 17:06:45,783 INFO c.h.h.t.HelmChartContainer - [hivemq-test-hivemq-platform] [hivemq-platform-operator] [45fd5018] 17:06:45.779 [ReconcilerExecutor-hivemq-controller-114] DEBUG c.h.p.o.HiveMQPlatformReconciler - [helmrest] Custom Resource Status STARTING - HiveMQ Platform is starting (READY)
2025-01-29 17:06:45,783 INFO c.h.h.t.HelmChartContainer - [hivemq-test-hivemq-platform] [hivemq-platform-operator] [45fd5018] 17:06:45.779 [ReconcilerExecutor-hivemq-controller-114] DEBUG c.h.p.o.HiveMQPlatformReconciler - [helmrest] Custom Resource Spec (replicas: 1) (extensions: 1)
2025-01-29 17:06:45,788 INFO c.h.h.t.HelmChartContainer - [hivemq-test-hivemq-platform] [hivemq-platform-operator] [45fd5018] 17:06:45.784 [ReconcilerExecutor-hivemq-controller-114] DEBUG c.h.p.o.HiveMQPlatformReconciler - [helmrest] StatefulSet Status (revision: test-hivemq-platform-5997c57dcb, replicas: 1, available: 1, ready: 1, current: 1, updated: 1)
2025-01-29 17:06:45,788 INFO c.h.h.t.HelmChartContainer - [hivemq-test-hivemq-platform] [hivemq-platform-operator] [45fd5018] 17:06:45.784 [ReconcilerExecutor-hivemq-controller-114] DEBUG c.h.p.o.HiveMQPlatformReconciler - [helmrest] StatefulSet Spec (replicas: 1, init containers: 1, containers: 1, volumes: 3)
2025-01-29 17:06:45,788 INFO c.h.h.t.HelmChartContainer - [hivemq-test-hivemq-platform] [hivemq-platform-operator] [45fd5018] 17:06:45.786 [ReconcilerExecutor-hivemq-controller-114] DEBUG c.h.p.o.h.HiveMQPlatformReconcilerErrorHandler - [helmrest] Pod 'test-hivemq-platform-0' phase Running
2025-01-29 17:06:45,788 INFO c.h.h.t.HelmChartContainer - [hivemq-test-hivemq-platform] [hivemq-platform-operator] [45fd5018] 17:06:45.787 [ReconcilerExecutor-hivemq-controller-114] INFO  c.h.p.o.h.HiveMQPlatformReconcilerBaseHandler - [helmrest] HiveMQ Platform started successfully
2025-01-29 17:06:45,889 INFO c.h.h.t.HelmChartContainer - [hivemq-test-hivemq-platform] [hivemq-platform-operator] [45fd5018] 17:06:45.888 [ReconcilerExecutor-hivemq-controller-114] DEBUG c.h.p.operator.event.EventSender - [helmrest] Creating K8s event hivemq-platform-ready: [Ready] HiveMQ Platform is ready
2025-01-29 17:06:45,928 INFO c.h.h.t.HelmChartContainer - [hivemq-test-hivemq-platform] [hivemq-platform-operator] [45fd5018] 17:06:45.926 [ReconcilerExecutor-hivemq-controller-114] INFO  c.h.p.o.h.AbstractHiveMQReconcilerStateHandler - [helmrest] Update HiveMQ Platform Status (STARTING [READY] -> RUNNING [READY]): HiveMQ Platform is ready
2025-01-29 17:06:45,928 INFO c.h.h.t.HelmChartContainer - [EVENT] Normal [Ready] HiveMQ Platform is ready [helmrestapiit:test-hivemq-platform]
2025-01-29 17:06:45,987 DEBUG com.hivemq.helmcharts.util.K8sUtil - Comparing actual state 'RUNNING' and waiting for 'RUNNING'
2025-01-29 17:06:45,993 INFO c.h.h.t.HelmChartContainer - [hivemq-test-hivemq-platform] [hivemq-platform-operator] [45fd5018] 17:06:45.991 [pool-6-thread-1] DEBUG c.h.p.o.d.PlatformServiceResource - [helmrest] Desired Platform services (4 services)
2025-01-29 17:06:46,026 INFO c.h.h.t.HelmChartContainer - [hivemq-test-hivemq-platform] [hivemq-platform-operator] [45fd5018] 17:06:45.992 [pool-6-thread-4] DEBUG c.h.p.o.dependants.PodInfoConfigMap - [helmrest] Desired PodInfo ConfigMap (1 extensions) (1 enabled)
2025-01-29 17:06:46,026 INFO c.h.h.t.HelmChartContainer - [hivemq-test-hivemq-platform] [hivemq-platform-operator] [45fd5018] 17:06:46.024 [pool-6-thread-4] DEBUG c.h.p.o.dependants.PodInfoConfigMap - [helmrest] Desired PodInfo ConfigMap (metrics port: 9399) (metrics path: /)
2025-01-29 17:06:46,026 INFO c.h.h.t.HelmChartContainer - [hivemq-test-hivemq-platform] [hivemq-platform-operator] [45fd5018] 17:06:46.024 [pool-6-thread-4] DEBUG c.h.p.o.dependants.PodInfoConfigMap - [helmrest] Desired PodInfo ConfigMap (extension state hash: -1817474005)
2025-01-29 17:06:46,026 INFO c.h.h.t.HelmChartContainer - [hivemq-test-hivemq-platform] [hivemq-platform-operator] [45fd5018] 17:06:46.025 [pool-6-thread-4] DEBUG c.h.p.o.dependants.PodInfoConfigMap - [helmrest] Update PodInfo ConfigMap
2025-01-29 17:06:46,029 INFO c.h.h.t.HelmChartContainer - [hivemq-test-hivemq-platform] [hivemq-platform-operator] [45fd5018] 17:06:45.992 [pool-6-thread-2] DEBUG c.h.p.o.d.PodServiceAccountResource - [helmrest] Desired PodServiceAccountResource (serviceAccountName: hivemq-platform-pod-test-hivemq-platform)
2025-01-29 17:06:46,124 INFO c.h.h.t.HelmChartContainer - [hivemq-test-hivemq-platform] [hivemq-platform-operator] [45fd5018] 17:06:46.123 [pool-6-thread-4] DEBUG c.h.p.o.d.StatefulSetResource - [helmrest] Desired StatefulSet (1 replicas) for status RUNNING (READY)
2025-01-29 17:06:46,128 INFO c.h.h.t.HelmChartContainer - [hivemq-test-hivemq-platform] [hivemq-platform-operator] [45fd5018] 17:06:46.127 [ReconcilerExecutor-hivemq-controller-115] INFO  c.h.p.o.HiveMQPlatformReconciler - [helmrest] Reconciling HiveMQ Platform 'test-hivemq-platform' in namespace 'helmrestapiit'
2025-01-29 17:06:46,128 INFO c.h.h.t.HelmChartContainer - [hivemq-test-hivemq-platform] [hivemq-platform-operator] [45fd5018] 17:06:46.127 [ReconcilerExecutor-hivemq-controller-115] DEBUG c.h.p.o.HiveMQPlatformReconciler - [helmrest] Custom Resource Status RUNNING - HiveMQ Platform is ready (READY)
2025-01-29 17:06:46,129 INFO c.h.h.t.HelmChartContainer - [hivemq-test-hivemq-platform] [hivemq-platform-operator] [45fd5018] 17:06:46.127 [ReconcilerExecutor-hivemq-controller-115] DEBUG c.h.p.o.HiveMQPlatformReconciler - [helmrest] Custom Resource Spec (replicas: 1) (extensions: 1)
2025-01-29 17:06:46,189 INFO c.h.h.t.HelmChartContainer - [hivemq-test-hivemq-platform] [hivemq-platform-operator] [45fd5018] 17:06:46.180 [ReconcilerExecutor-hivemq-controller-115] DEBUG c.h.p.o.HiveMQPlatformReconciler - [helmrest] StatefulSet Status (revision: test-hivemq-platform-5997c57dcb, replicas: 1, available: 1, ready: 1, current: 1, updated: 1)
2025-01-29 17:06:46,189 INFO c.h.h.t.HelmChartContainer - [hivemq-test-hivemq-platform] [hivemq-platform-operator] [45fd5018] 17:06:46.180 [ReconcilerExecutor-hivemq-controller-115] DEBUG c.h.p.o.HiveMQPlatformReconciler - [helmrest] StatefulSet Spec (replicas: 1, init containers: 1, containers: 1, volumes: 3)
2025-01-29 17:06:46,190 INFO c.h.h.t.HelmChartContainer - [hivemq-test-hivemq-platform] [hivemq-platform-operator] [45fd5018] 17:06:46.182 [ReconcilerExecutor-hivemq-controller-115] DEBUG c.h.p.o.h.HiveMQPlatformReconcilerErrorHandler - [helmrest] Pod 'test-hivemq-platform-0' phase Running
2025-01-29 17:06:46,530 INFO c.h.h.t.HelmChartContainer - Uninstalling release 'test-hivemq-platform' in namespace 'helmrestapiit'...
2025-01-29 17:06:46,530 DEBUG c.h.h.t.HelmChartContainer - Executing helm command: /bin/helm --kubeconfig /etc/rancher/k3s/k3s.yaml uninstall test-hivemq-platform  --wait --timeout 5m0s --cascade foreground --namespace helmrestapiit
2025-01-29 17:06:46,725 INFO c.h.h.t.HelmChartContainer - [hivemq-test-hivemq-platform] [hivemq-platform-operator] [45fd5018] 17:06:46.724 [pool-6-thread-17] DEBUG c.h.p.o.d.PlatformServiceResource - [helmrest] Desired Platform services (4 services)
2025-01-29 17:06:46,733 INFO c.h.h.t.HelmChartContainer - [hivemq-test-hivemq-platform] [hivemq-platform-operator] [45fd5018] 17:06:46.725 [pool-6-thread-15] DEBUG c.h.p.o.dependants.PodInfoConfigMap - [helmrest] Desired PodInfo ConfigMap (1 extensions) (1 enabled)
2025-01-29 17:06:46,733 INFO c.h.h.t.HelmChartContainer - [hivemq-test-hivemq-platform] [hivemq-platform-operator] [45fd5018] 17:06:46.728 [pool-6-thread-15] DEBUG c.h.p.o.dependants.PodInfoConfigMap - [helmrest] Desired PodInfo ConfigMap (metrics port: 9399) (metrics path: /)
2025-01-29 17:06:46,733 INFO c.h.h.t.HelmChartContainer - [hivemq-test-hivemq-platform] [hivemq-platform-operator] [45fd5018] 17:06:46.728 [pool-6-thread-15] DEBUG c.h.p.o.dependants.PodInfoConfigMap - [helmrest] Desired PodInfo ConfigMap (extension state hash: -1817474005)
2025-01-29 17:06:46,733 INFO c.h.h.t.HelmChartContainer - [hivemq-test-hivemq-platform] [hivemq-platform-operator] [45fd5018] 17:06:46.728 [pool-6-thread-16] DEBUG c.h.p.o.d.PodServiceAccountResource - [helmrest] Desired PodServiceAccountResource (serviceAccountName: hivemq-platform-pod-test-hivemq-platform)
2025-01-29 17:06:46,782 INFO c.h.h.t.HelmChartContainer - [hivemq-test-hivemq-platform] [hivemq-platform-operator] [45fd5018] 17:06:46.780 [pool-6-thread-18] DEBUG c.h.p.o.d.StatefulSetResource - [helmrest] Desired StatefulSet (1 replicas) for status RUNNING (READY)
2025-01-29 17:06:46,824 INFO c.h.h.t.HelmChartContainer - [hivemq-test-hivemq-platform] [hivemq-platform-operator] [45fd5018] 17:06:46.822 [pool-6-thread-18] DEBUG c.h.p.o.d.StatefulSetResource - [helmrest] Update StatefulSet (replicas: 1 -> 1)
2025-01-29 17:06:46,826 INFO c.h.h.t.HelmChartContainer - [hivemq-test-hivemq-platform] [hivemq-platform-operator] [45fd5018] 17:06:46.824 [pool-6-thread-18] DEBUG c.h.p.o.d.StatefulSetResource - [helmrest] Detected change in StatefulSet specification (path: /template/metadata/annotations/kubernetes-resource-versions) (actual value: {broker-configuration-v2=-382267829}) (target value: {broker-configuration-v2=0})
2025-01-29 17:06:46,826 INFO c.h.h.t.HelmChartContainer - [hivemq-test-hivemq-platform] [hivemq-platform-operator] [45fd5018] 17:06:46.824 [pool-6-thread-18] INFO  c.h.p.o.d.StatefulSetResource - [helmrest] StatefulSet spec was updated, triggering rolling restart
2025-01-29 17:06:46,981 INFO c.h.h.t.HelmChartContainer - [hivemq-test-hivemq-platform] [hivemq-platform-operator] [45fd5018] 17:06:46.979 [ReconcilerExecutor-hivemq-controller-116] INFO  c.h.p.o.HiveMQPlatformReconciler - [helmrest] Reconciling HiveMQ Platform 'test-hivemq-platform' in namespace 'helmrestapiit'
2025-01-29 17:06:46,981 INFO c.h.h.t.HelmChartContainer - [hivemq-test-hivemq-platform] [hivemq-platform-operator] [45fd5018] 17:06:46.979 [ReconcilerExecutor-hivemq-controller-116] DEBUG c.h.p.o.HiveMQPlatformReconciler - [helmrest] Custom Resource Status RUNNING - HiveMQ Platform is ready (READY) (reconciliation requests: REQUESTS_UPDATED, ROLLING_RESTART)
2025-01-29 17:06:46,981 INFO c.h.h.t.HelmChartContainer - [hivemq-test-hivemq-platform] [hivemq-platform-operator] [45fd5018] 17:06:46.979 [ReconcilerExecutor-hivemq-controller-116] DEBUG c.h.p.o.HiveMQPlatformReconciler - [helmrest] Custom Resource Spec (replicas: 1) (extensions: 1)
2025-01-29 17:06:46,981 INFO c.h.h.t.HelmChartContainer - [hivemq-test-hivemq-platform] [hivemq-platform-operator] [45fd5018] 17:06:46.980 [ReconcilerExecutor-hivemq-controller-116] WARN  c.h.p.o.h.HiveMQPlatformReconcilerErrorHandler - [helmrest] Could not find ConfigMap 'hivemq-configuration-test-hivemq-platform' for HiveMQ Platform configuration
2025-01-29 17:06:47,036 INFO c.h.h.t.HelmChartContainer - [hivemq-test-hivemq-platform] [hivemq-platform-operator] [45fd5018] 17:06:47.035 [ReconcilerExecutor-hivemq-controller-116] DEBUG c.h.p.operator.event.EventSender - [helmrest] Creating K8s event hivemq-platform-invalid-configuration: [Start] Could not find ConfigMap 'hivemq-configuration-test-hivemq-platform' for HiveMQ Platform configuration
2025-01-29 17:06:47,082 INFO c.h.h.t.HelmChartContainer - [EVENT] Warning [Start] Could not find ConfigMap 'hivemq-configuration-test-hivemq-platform' for HiveMQ Platform configuration [helmrestapiit:test-hivemq-platform]
2025-01-29 17:06:47,084 INFO c.h.h.t.HelmChartContainer - [hivemq-test-hivemq-platform] [hivemq-platform-operator] [45fd5018] 17:06:47.083 [ReconcilerExecutor-hivemq-controller-116] INFO  c.h.p.o.h.AbstractHiveMQReconcilerStateHandler - [helmrest] Update HiveMQ Platform Status (RUNNING [READY] -> ERROR [INVALID_CONFIG_MAP]): Could not find ConfigMap 'hivemq-configuration-test-hivemq-platform' for HiveMQ Platform configuration (reconciliation requests: ROLLING_RESTART)
2025-01-29 17:06:47,125 INFO c.h.h.t.HelmChartContainer - [hivemq-test-hivemq-platform] [hivemq-platform-operator] [45fd5018] 17:06:47.122 [ReconcilerExecutor-hivemq-controller-116] ERROR i.j.o.p.event.EventProcessor - Error during event processing ExecutionScope{ resource id: ResourceID{name='test-hivemq-platform', namespace='helmrestapiit'}, version: 1137}
2025-01-29 17:06:47,125 INFO c.h.h.t.HelmChartContainer - [hivemq-test-hivemq-platform] [hivemq-platform-operator] [45fd5018] io.fabric8.kubernetes.client.KubernetesClientException: Failure executing: PUT at: https://10.43.0.1:443/apis/hivemq.com/v1/namespaces/helmrestapiit/hivemq-platforms/test-hivemq-platform/status. Message: Operation cannot be fulfilled on hivemq-platforms.hivemq.com "test-hivemq-platform": the object has been modified; please apply your changes to the latest version and try again. Received status: Status(apiVersion=v1, code=409, details=StatusDetails(causes=[], group=hivemq.com, kind=hivemq-platforms, name=test-hivemq-platform, retryAfterSeconds=null, uid=null, additionalProperties={}), kind=Status, message=Operation cannot be fulfilled on hivemq-platforms.hivemq.com "test-hivemq-platform": the object has been modified; please apply your changes to the latest version and try again, metadata=ListMeta(_continue=null, remainingItemCount=null, resourceVersion=null, selfLink=null, additionalProperties={}), reason=Conflict, status=Failure, additionalProperties={}).
2025-01-29 17:06:47,125 INFO c.h.h.t.HelmChartContainer - [hivemq-test-hivemq-platform] [hivemq-platform-operator] [45fd5018] 	at io.fabric8.kubernetes.client.KubernetesClientException.copyAsCause(KubernetesClientException.java:238)
2025-01-29 17:06:47,125 INFO c.h.h.t.HelmChartContainer - [hivemq-test-hivemq-platform] [hivemq-platform-operator] [45fd5018] 	at io.fabric8.kubernetes.client.dsl.internal.OperationSupport.waitForResult(OperationSupport.java:507)
2025-01-29 17:06:47,125 INFO c.h.h.t.HelmChartContainer - [hivemq-test-hivemq-platform] [hivemq-platform-operator] [45fd5018] 	at io.fabric8.kubernetes.client.dsl.internal.OperationSupport.handleResponse(OperationSupport.java:524)
2025-01-29 17:06:47,127 INFO c.h.h.t.HelmChartContainer - [hivemq-test-hivemq-platform] [hivemq-platform-operator] [45fd5018] 	at io.fabric8.kubernetes.client.dsl.internal.OperationSupport.handleUpdate(OperationSupport.java:358)
2025-01-29 17:06:47,127 INFO c.h.h.t.HelmChartContainer - [hivemq-test-hivemq-platform] [hivemq-platform-operator] [45fd5018] 	at io.fabric8.kubernetes.client.dsl.internal.BaseOperation.handleUpdate(BaseOperation.java:759)
2025-01-29 17:06:47,127 INFO c.h.h.t.HelmChartContainer - [hivemq-test-hivemq-platform] [hivemq-platform-operator] [45fd5018] 	at io.fabric8.kubernetes.client.dsl.internal.HasMetadataOperation.update(HasMetadataOperation.java:138)
2025-01-29 17:06:47,127 INFO c.h.h.t.HelmChartContainer - [hivemq-test-hivemq-platform] [hivemq-platform-operator] [45fd5018] 	at io.fabric8.kubernetes.client.dsl.internal.HasMetadataOperation.update(HasMetadataOperation.java:121)
2025-01-29 17:06:47,127 INFO c.h.h.t.HelmChartContainer - [hivemq-test-hivemq-platform] [hivemq-platform-operator] [45fd5018] 	at io.fabric8.kubernetes.client.dsl.internal.HasMetadataOperation.updateStatus(HasMetadataOperation.java:126)
2025-01-29 17:06:47,127 INFO c.h.h.t.HelmChartContainer - [hivemq-test-hivemq-platform] [hivemq-platform-operator] [45fd5018] 	at io.fabric8.kubernetes.client.dsl.internal.HasMetadataOperation.updateStatus(HasMetadataOperation.java:44)
2025-01-29 17:06:47,127 INFO c.h.h.t.HelmChartContainer - [hivemq-test-hivemq-platform] [hivemq-platform-operator] [45fd5018] 	at io.javaoperatorsdk.operator.processing.event.ReconciliationDispatcher$CustomResourceFacade.updateStatus(ReconciliationDispatcher.java:408)
2025-01-29 17:06:47,127 INFO c.h.h.t.HelmChartContainer - [hivemq-test-hivemq-platform] [hivemq-platform-operator] [45fd5018] 	at io.javaoperatorsdk.operator.processing.event.ReconciliationDispatcher.updateStatusGenerationAware(ReconciliationDispatcher.java:228)
2025-01-29 17:06:47,127 INFO c.h.h.t.HelmChartContainer - [hivemq-test-hivemq-platform] [hivemq-platform-operator] [45fd5018] 	at io.javaoperatorsdk.operator.processing.event.ReconciliationDispatcher.reconcileExecution(ReconciliationDispatcher.java:150)
2025-01-29 17:06:47,127 INFO c.h.h.t.HelmChartContainer - [hivemq-test-hivemq-platform] [hivemq-platform-operator] [45fd5018] 	at io.javaoperatorsdk.operator.processing.event.ReconciliationDispatcher.handleReconcile(ReconciliationDispatcher.java:117)
2025-01-29 17:06:47,127 INFO c.h.h.t.HelmChartContainer - [hivemq-test-hivemq-platform] [hivemq-platform-operator] [45fd5018] 	at io.javaoperatorsdk.operator.processing.event.ReconciliationDispatcher.handleDispatch(ReconciliationDispatcher.java:91)
2025-01-29 17:06:47,127 INFO c.h.h.t.HelmChartContainer - [hivemq-test-hivemq-platform] [hivemq-platform-operator] [45fd5018] 	at io.javaoperatorsdk.operator.processing.event.ReconciliationDispatcher.handleExecution(ReconciliationDispatcher.java:64)
2025-01-29 17:06:47,127 INFO c.h.h.t.HelmChartContainer - [hivemq-test-hivemq-platform] [hivemq-platform-operator] [45fd5018] 	at io.javaoperatorsdk.operator.processing.event.EventProcessor$ReconcilerExecutor.run(EventProcessor.java:452)
2025-01-29 17:06:47,127 INFO c.h.h.t.HelmChartContainer - [hivemq-test-hivemq-platform] [hivemq-platform-operator] [45fd5018] 	at java.base/java.util.concurrent.ThreadPoolExecutor.runWorker(Unknown Source)
2025-01-29 17:06:47,127 INFO c.h.h.t.HelmChartContainer - [hivemq-test-hivemq-platform] [hivemq-platform-operator] [45fd5018] 	at java.base/java.util.concurrent.ThreadPoolExecutor$Worker.run(Unknown Source)
2025-01-29 17:06:47,127 INFO c.h.h.t.HelmChartContainer - [hivemq-test-hivemq-platform] [hivemq-platform-operator] [45fd5018] 	at java.base/java.lang.Thread.run(Unknown Source)
2025-01-29 17:06:47,127 INFO c.h.h.t.HelmChartContainer - [hivemq-test-hivemq-platform] [hivemq-platform-operator] [45fd5018] Caused by: io.fabric8.kubernetes.client.KubernetesClientException: Failure executing: PUT at: https://10.43.0.1:443/apis/hivemq.com/v1/namespaces/helmrestapiit/hivemq-platforms/test-hivemq-platform/status. Message: Operation cannot be fulfilled on hivemq-platforms.hivemq.com "test-hivemq-platform": the object has been modified; please apply your changes to the latest version and try again. Received status: Status(apiVersion=v1, code=409, details=StatusDetails(causes=[], group=hivemq.com, kind=hivemq-platforms, name=test-hivemq-platform, retryAfterSeconds=null, uid=null, additionalProperties={}), kind=Status, message=Operation cannot be fulfilled on hivemq-platforms.hivemq.com "test-hivemq-platform": the object has been modified; please apply your changes to the latest version and try again, metadata=ListMeta(_continue=null, remainingItemCount=null, resourceVersion=null, selfLink=null, additionalProperties={}), reason=Conflict, status=Failure, additionalProperties={}).
2025-01-29 17:06:47,127 INFO c.h.h.t.HelmChartContainer - [hivemq-test-hivemq-platform] [hivemq-platform-operator] [45fd5018] 	at io.fabric8.kubernetes.client.dsl.internal.OperationSupport.requestFailure(OperationSupport.java:660)
2025-01-29 17:06:47,127 INFO c.h.h.t.HelmChartContainer - [hivemq-test-hivemq-platform] [hivemq-platform-operator] [45fd5018] 	at io.fabric8.kubernetes.client.dsl.internal.OperationSupport.requestFailure(OperationSupport.java:640)
2025-01-29 17:06:47,128 INFO c.h.h.t.HelmChartContainer - [hivemq-test-hivemq-platform] [hivemq-platform-operator] [45fd5018] 	at io.fabric8.kubernetes.client.dsl.internal.OperationSupport.assertResponseCode(OperationSupport.java:589)
2025-01-29 17:06:47,128 INFO c.h.h.t.HelmChartContainer - [hivemq-test-hivemq-platform] [hivemq-platform-operator] [45fd5018] 	at io.fabric8.kubernetes.client.dsl.internal.OperationSupport.lambda$handleResponse$0(OperationSupport.java:549)
2025-01-29 17:06:47,128 INFO c.h.h.t.HelmChartContainer - [hivemq-test-hivemq-platform] [hivemq-platform-operator] [45fd5018] 	at java.base/java.util.concurrent.CompletableFuture$UniApply.tryFire(Unknown Source)
2025-01-29 17:06:47,128 INFO c.h.h.t.HelmChartContainer - [hivemq-test-hivemq-platform] [hivemq-platform-operator] [45fd5018] 	at java.base/java.util.concurrent.CompletableFuture.postComplete(Unknown Source)
2025-01-29 17:06:47,128 INFO c.h.h.t.HelmChartContainer - [hivemq-test-hivemq-platform] [hivemq-platform-operator] [45fd5018] 	at java.base/java.util.concurrent.CompletableFuture.complete(Unknown Source)
2025-01-29 17:06:47,128 INFO c.h.h.t.HelmChartContainer - [hivemq-test-hivemq-platform] [hivemq-platform-operator] [45fd5018] 	at io.fabric8.kubernetes.client.http.StandardHttpClient.lambda$completeOrCancel$10(StandardHttpClient.java:141)
2025-01-29 17:06:47,128 INFO c.h.h.t.HelmChartContainer - [hivemq-test-hivemq-platform] [hivemq-platform-operator] [45fd5018] 	at java.base/java.util.concurrent.CompletableFuture.uniWhenComplete(Unknown Source)
2025-01-29 17:06:47,128 INFO c.h.h.t.HelmChartContainer - [hivemq-test-hivemq-platform] [hivemq-platform-operator] [45fd5018] 	at java.base/java.util.concurrent.CompletableFuture$UniWhenComplete.tryFire(Unknown Source)
2025-01-29 17:06:47,128 INFO c.h.h.t.HelmChartContainer - [hivemq-test-hivemq-platform] [hivemq-platform-operator] [45fd5018] 	at java.base/java.util.concurrent.CompletableFuture.postComplete(Unknown Source)
2025-01-29 17:06:47,128 INFO c.h.h.t.HelmChartContainer - [hivemq-test-hivemq-platform] [hivemq-platform-operator] [45fd5018] 	at java.base/java.util.concurrent.CompletableFuture.complete(Unknown Source)
2025-01-29 17:06:47,128 INFO c.h.h.t.HelmChartContainer - [hivemq-test-hivemq-platform] [hivemq-platform-operator] [45fd5018] 	at io.fabric8.kubernetes.client.http.ByteArrayBodyHandler.onBodyDone(ByteArrayBodyHandler.java:51)
2025-01-29 17:06:47,128 INFO c.h.h.t.HelmChartContainer - [hivemq-test-hivemq-platform] [hivemq-platform-operator] [45fd5018] 	at java.base/java.util.concurrent.CompletableFuture.uniWhenComplete(Unknown Source)
2025-01-29 17:06:47,128 INFO c.h.h.t.HelmChartContainer - [hivemq-test-hivemq-platform] [hivemq-platform-operator] [45fd5018] 	at java.base/java.util.concurrent.CompletableFuture$UniWhenComplete.tryFire(Unknown Source)
2025-01-29 17:06:47,128 INFO c.h.h.t.HelmChartContainer - [hivemq-test-hivemq-platform] [hivemq-platform-operator] [45fd5018] 	at java.base/java.util.concurrent.CompletableFuture.postComplete(Unknown Source)
2025-01-29 17:06:47,128 INFO c.h.h.t.HelmChartContainer - [hivemq-test-hivemq-platform] [hivemq-platform-operator] [45fd5018] 	at java.base/java.util.concurrent.CompletableFuture.complete(Unknown Source)
2025-01-29 17:06:47,128 INFO c.h.h.t.HelmChartContainer - [hivemq-test-hivemq-platform] [hivemq-platform-operator] [45fd5018] 	at io.fabric8.kubernetes.client.vertx.VertxHttpRequest.lambda$null$1(VertxHttpRequest.java:121)
2025-01-29 17:06:47,128 INFO c.h.h.t.HelmChartContainer - [hivemq-test-hivemq-platform] [hivemq-platform-operator] [45fd5018] 	at io.vertx.core.impl.ContextInternal.dispatch(ContextInternal.java:279)
2025-01-29 17:06:47,128 INFO c.h.h.t.HelmChartContainer - [hivemq-test-hivemq-platform] [hivemq-platform-operator] [45fd5018] 	at io.vertx.core.impl.ContextInternal.dispatch(ContextInternal.java:261)
2025-01-29 17:06:47,128 INFO c.h.h.t.HelmChartContainer - [hivemq-test-hivemq-platform] [hivemq-platform-operator] [45fd5018] 	at io.vertx.core.http.impl.HttpEventHandler.handleEnd(HttpEventHandler.java:76)
2025-01-29 17:06:47,128 INFO c.h.h.t.HelmChartContainer - [hivemq-test-hivemq-platform] [hivemq-platform-operator] [45fd5018] 	at io.vertx.core.http.impl.HttpClientResponseImpl.handleEnd(HttpClientResponseImpl.java:250)
2025-01-29 17:06:47,128 INFO c.h.h.t.HelmChartContainer - [hivemq-test-hivemq-platform] [hivemq-platform-operator] [45fd5018] 	at io.vertx.core.http.impl.Http1xClientConnection$StreamImpl.lambda$new$0(Http1xClientConnection.java:421)
2025-01-29 17:06:47,128 INFO c.h.h.t.HelmChartContainer - [hivemq-test-hivemq-platform] [hivemq-platform-operator] [45fd5018] 	at io.vertx.core.streams.impl.InboundBuffer.handleEvent(InboundBuffer.java:279)
2025-01-29 17:06:47,128 INFO c.h.h.t.HelmChartContainer - [hivemq-test-hivemq-platform] [hivemq-platform-operator] [45fd5018] 	at io.vertx.core.streams.impl.InboundBuffer.write(InboundBuffer.java:157)
2025-01-29 17:06:47,128 INFO c.h.h.t.HelmChartContainer - [hivemq-test-hivemq-platform] [hivemq-platform-operator] [45fd5018] 	at io.vertx.core.http.impl.Http1xClientConnection$StreamImpl.handleEnd(Http1xClientConnection.java:709)
2025-01-29 17:06:47,128 INFO c.h.h.t.HelmChartContainer - [hivemq-test-hivemq-platform] [hivemq-platform-operator] [45fd5018] 	at io.vertx.core.impl.ContextImpl.execute(ContextImpl.java:313)
2025-01-29 17:06:47,128 INFO c.h.h.t.HelmChartContainer - [hivemq-test-hivemq-platform] [hivemq-platform-operator] [45fd5018] 	at io.vertx.core.impl.ContextImpl.execute(ContextImpl.java:293)
2025-01-29 17:06:47,128 INFO c.h.h.t.HelmChartContainer - [hivemq-test-hivemq-platform] [hivemq-platform-operator] [45fd5018] 	at io.vertx.core.http.impl.Http1xClientConnection.handleResponseEnd(Http1xClientConnection.java:940)
2025-01-29 17:06:47,128 INFO c.h.h.t.HelmChartContainer - [hivemq-test-hivemq-platform] [hivemq-platform-operator] [45fd5018] 	at io.vertx.core.http.impl.Http1xClientConnection.handleHttpMessage(Http1xClientConnection.java:810)
2025-01-29 17:06:47,128 INFO c.h.h.t.HelmChartContainer - [hivemq-test-hivemq-platform] [hivemq-platform-operator] [45fd5018] 	at io.vertx.core.http.impl.Http1xClientConnection.handleMessage(Http1xClientConnection.java:774)
2025-01-29 17:06:47,128 INFO c.h.h.t.HelmChartContainer - [hivemq-test-hivemq-platform] [hivemq-platform-operator] [45fd5018] 	at io.vertx.core.net.impl.ConnectionBase.read(ConnectionBase.java:159)
2025-01-29 17:06:47,128 INFO c.h.h.t.HelmChartContainer - [hivemq-test-hivemq-platform] [hivemq-platform-operator] [45fd5018] 	at io.vertx.core.net.impl.VertxHandler.channelRead(VertxHandler.java:153)
2025-01-29 17:06:47,128 INFO c.h.h.t.HelmChartContainer - [hivemq-test-hivemq-platform] [hivemq-platform-operator] [45fd5018] 	at io.netty.channel.AbstractChannelHandlerContext.invokeChannelRead(AbstractChannelHandlerContext.java:442)
2025-01-29 17:06:47,128 INFO c.h.h.t.HelmChartContainer - [hivemq-test-hivemq-platform] [hivemq-platform-operator] [45fd5018] 	at io.netty.channel.AbstractChannelHandlerContext.invokeChannelRead(AbstractChannelHandlerContext.java:420)
2025-01-29 17:06:47,128 INFO c.h.h.t.HelmChartContainer - [hivemq-test-hivemq-platform] [hivemq-platform-operator] [45fd5018] 	at io.netty.channel.AbstractChannelHandlerContext.fireChannelRead(AbstractChannelHandlerContext.java:412)
2025-01-29 17:06:47,128 INFO c.h.h.t.HelmChartContainer - [hivemq-test-hivemq-platform] [hivemq-platform-operator] [45fd5018] 	at io.netty.channel.CombinedChannelDuplexHandler$DelegatingChannelHandlerContext.fireChannelRead(CombinedChannelDuplexHandler.java:436)
2025-01-29 17:06:47,131 INFO c.h.h.t.HelmChartContainer - [hivemq-test-hivemq-platform] [hivemq-platform-operator] [45fd5018] 	at io.netty.handler.codec.ByteToMessageDecoder.fireChannelRead(ByteToMessageDecoder.java:346)
2025-01-29 17:06:47,131 INFO c.h.h.t.HelmChartContainer - [hivemq-test-hivemq-platform] [hivemq-platform-operator] [45fd5018] 	at io.netty.handler.codec.ByteToMessageDecoder.channelRead(ByteToMessageDecoder.java:318)
2025-01-29 17:06:47,131 INFO c.h.h.t.HelmChartContainer - [hivemq-test-hivemq-platform] [hivemq-platform-operator] [45fd5018] 	at io.netty.channel.CombinedChannelDuplexHandler.channelRead(CombinedChannelDuplexHandler.java:251)
2025-01-29 17:06:47,131 INFO c.h.h.t.HelmChartContainer - [hivemq-test-hivemq-platform] [hivemq-platform-operator] [45fd5018] 	at io.netty.channel.AbstractChannelHandlerContext.invokeChannelRead(AbstractChannelHandlerContext.java:442)
2025-01-29 17:06:47,131 INFO c.h.h.t.HelmChartContainer - [hivemq-test-hivemq-platform] [hivemq-platform-operator] [45fd5018] 	at io.netty.channel.AbstractChannelHandlerContext.invokeChannelRead(AbstractChannelHandlerContext.java:420)
2025-01-29 17:06:47,131 INFO c.h.h.t.HelmChartContainer - [hivemq-test-hivemq-platform] [hivemq-platform-operator] [45fd5018] 	at io.netty.channel.AbstractChannelHandlerContext.fireChannelRead(AbstractChannelHandlerContext.java:412)
2025-01-29 17:06:47,131 INFO c.h.h.t.HelmChartContainer - [hivemq-test-hivemq-platform] [hivemq-platform-operator] [45fd5018] 	at io.netty.handler.ssl.SslHandler.unwrap(SslHandler.java:1475)
2025-01-29 17:06:47,131 INFO c.h.h.t.HelmChartContainer - [hivemq-test-hivemq-platform] [hivemq-platform-operator] [45fd5018] 	at io.netty.handler.ssl.SslHandler.decodeJdkCompatible(SslHandler.java:1338)
2025-01-29 17:06:47,131 INFO c.h.h.t.HelmChartContainer - [hivemq-test-hivemq-platform] [hivemq-platform-operator] [45fd5018] 	at io.netty.handler.ssl.SslHandler.decode(SslHandler.java:1387)
2025-01-29 17:06:47,131 INFO c.h.h.t.HelmChartContainer - [hivemq-test-hivemq-platform] [hivemq-platform-operator] [45fd5018] 	at io.netty.handler.codec.ByteToMessageDecoder.decodeRemovalReentryProtection(ByteToMessageDecoder.java:530)
2025-01-29 17:06:47,131 INFO c.h.h.t.HelmChartContainer - [hivemq-test-hivemq-platform] [hivemq-platform-operator] [45fd5018] 	at io.netty.handler.codec.ByteToMessageDecoder.callDecode(ByteToMessageDecoder.java:469)
2025-01-29 17:06:47,131 INFO c.h.h.t.HelmChartContainer - [hivemq-test-hivemq-platform] [hivemq-platform-operator] [45fd5018] 	at io.netty.handler.codec.ByteToMessageDecoder.channelRead(ByteToMessageDecoder.java:290)
2025-01-29 17:06:47,131 INFO c.h.h.t.HelmChartContainer - [hivemq-test-hivemq-platform] [hivemq-platform-operator] [45fd5018] 	at io.netty.channel.AbstractChannelHandlerContext.invokeChannelRead(AbstractChannelHandlerContext.java:444)
2025-01-29 17:06:47,131 INFO c.h.h.t.HelmChartContainer - [hivemq-test-hivemq-platform] [hivemq-platform-operator] [45fd5018] 	at io.netty.channel.AbstractChannelHandlerContext.invokeChannelRead(AbstractChannelHandlerContext.java:420)
2025-01-29 17:06:47,131 INFO c.h.h.t.HelmChartContainer - [hivemq-test-hivemq-platform] [hivemq-platform-operator] [45fd5018] 	at io.netty.channel.AbstractChannelHandlerContext.fireChannelRead(AbstractChannelHandlerContext.java:412)
2025-01-29 17:06:47,131 INFO c.h.h.t.HelmChartContainer - [hivemq-test-hivemq-platform] [hivemq-platform-operator] [45fd5018] 	at io.netty.channel.DefaultChannelPipeline$HeadContext.channelRead(DefaultChannelPipeline.java:1407)
2025-01-29 17:06:47,131 INFO c.h.h.t.HelmChartContainer - [hivemq-test-hivemq-platform] [hivemq-platform-operator] [45fd5018] 	at io.netty.channel.AbstractChannelHandlerContext.invokeChannelRead(AbstractChannelHandlerContext.java:440)
2025-01-29 17:06:47,131 INFO c.h.h.t.HelmChartContainer - [hivemq-test-hivemq-platform] [hivemq-platform-operator] [45fd5018] 	at io.netty.channel.AbstractChannelHandlerContext.invokeChannelRead(AbstractChannelHandlerContext.java:420)
2025-01-29 17:06:47,131 INFO c.h.h.t.HelmChartContainer - [hivemq-test-hivemq-platform] [hivemq-platform-operator] [45fd5018] 	at io.netty.channel.DefaultChannelPipeline.fireChannelRead(DefaultChannelPipeline.java:918)
2025-01-29 17:06:47,131 INFO c.h.h.t.HelmChartContainer - [hivemq-test-hivemq-platform] [hivemq-platform-operator] [45fd5018] 	at io.netty.channel.nio.AbstractNioByteChannel$NioByteUnsafe.read(AbstractNioByteChannel.java:166)
2025-01-29 17:06:47,132 INFO c.h.h.t.HelmChartContainer - [hivemq-test-hivemq-platform] [hivemq-platform-operator] [45fd5018] 	at io.netty.channel.nio.NioEventLoop.processSelectedKey(NioEventLoop.java:788)
2025-01-29 17:06:47,132 INFO c.h.h.t.HelmChartContainer - [hivemq-test-hivemq-platform] [hivemq-platform-operator] [45fd5018] 	at io.netty.channel.nio.NioEventLoop.processSelectedKeysOptimized(NioEventLoop.java:724)
2025-01-29 17:06:47,132 INFO c.h.h.t.HelmChartContainer - [hivemq-test-hivemq-platform] [hivemq-platform-operator] [45fd5018] 	at io.netty.channel.nio.NioEventLoop.processSelectedKeys(NioEventLoop.java:650)
2025-01-29 17:06:47,132 INFO c.h.h.t.HelmChartContainer - [hivemq-test-hivemq-platform] [hivemq-platform-operator] [45fd5018] 	at io.netty.channel.nio.NioEventLoop.run(NioEventLoop.java:562)
2025-01-29 17:06:47,132 INFO c.h.h.t.HelmChartContainer - [hivemq-test-hivemq-platform] [hivemq-platform-operator] [45fd5018] 	at io.netty.util.concurrent.SingleThreadEventExecutor$4.run(SingleThreadEventExecutor.java:997)
2025-01-29 17:06:47,132 INFO c.h.h.t.HelmChartContainer - [hivemq-test-hivemq-platform] [hivemq-platform-operator] [45fd5018] 	at io.netty.util.internal.ThreadExecutorMap$2.run(ThreadExecutorMap.java:74)
2025-01-29 17:06:47,132 INFO c.h.h.t.HelmChartContainer - [hivemq-test-hivemq-platform] [hivemq-platform-operator] [45fd5018] 	at io.netty.util.concurrent.FastThreadLocalRunnable.run(FastThreadLocalRunnable.java:30)
2025-01-29 17:06:47,132 INFO c.h.h.t.HelmChartContainer - [hivemq-test-hivemq-platform] [hivemq-platform-operator] [45fd5018] 	... 1 common frames omitted
2025-01-29 17:06:47,134 INFO c.h.h.t.HelmChartContainer - [hivemq-test-hivemq-platform] [hivemq-platform-operator] [45fd5018] 17:06:47.133 [ReconcilerExecutor-hivemq-controller-122] INFO  c.h.p.o.HiveMQPlatformReconciler - [helmrest] Cleanup test-hivemq-platform - helmrestapiit HiveMQ Platform is shut down
2025-01-29 17:06:47,759 INFO c.h.h.t.HelmChartContainer - [POD] test-hivemq-platform-0 [c4ef175a-5c53-4198-9c50-f74b28dc6539] in helmrestapiit was MODIFIED
2025-01-29 17:06:47,766 INFO c.h.h.t.HelmChartContainer - [EVENT] Normal [Killing] Stopping container hivemq [helmrestapiit:test-hivemq-platform-0]
2025-01-29 17:06:47,766 INFO c.h.h.t.HelmChartContainer - Received Killing event for container hivemq in pod test-hivemq-platform-0 [c4ef175a-5c53-4198-9c50-f74b28dc6539]
2025-01-29 17:06:47,766 INFO c.h.h.t.HelmChartContainer - Container [test-hivemq-platform-0] [hivemq] [c4ef175a-5c53-4198-9c50-f74b28dc6539] was terminated
2025-01-29 17:06:47,766 INFO c.h.h.t.HelmChartContainer - Stopped log watcher for hivemq in pod test-hivemq-platform-0 [c4ef175a-5c53-4198-9c50-f74b28dc6539]
2025-01-29 17:06:47,782 INFO c.h.h.t.HelmChartContainer - [test-hivemq-platform] [hivemq] [c4ef175a] INFO  - [HiveMQ Platform Operator Init App 1.7.0-SNAPSHOT] Shutting down
2025-01-29 17:06:47,783 INFO c.h.h.t.HelmChartContainer - [test-hivemq-platform] [hivemq] [c4ef175a] INFO  - [HiveMQ Platform Operator Init App 1.7.0-SNAPSHOT] Stopping the HiveMQ Platform
2025-01-29 17:06:47,899 INFO c.h.h.t.HelmChartContainer - [test-hivemq-platform] [hivemq] [c4ef175a] INFO  - Shutting down HiveMQ. Please wait, this could take a while...
2025-01-29 17:06:47,989 INFO c.h.h.t.HelmChartContainer - [test-hivemq-platform] [hivemq] [c4ef175a] INFO  - Shutting down listeners and clients
2025-01-29 17:06:47,990 INFO c.h.h.t.HelmChartContainer - [test-hivemq-platform] [hivemq] [c4ef175a] INFO  - Shutdown of listeners is done
2025-01-29 17:06:47,990 INFO c.h.h.t.HelmChartContainer - [test-hivemq-platform] [hivemq] [c4ef175a] INFO  - No clients are connected, proceeding with shutdown
2025-01-29 17:06:48,790 INFO c.h.h.t.HelmChartContainer - Deleting namespace 'helmrestapiit'...
2025-01-29 17:06:50,648 INFO c.h.h.t.HelmChartContainer - [test-hivemq-platform] [hivemq] [c4ef175a] INFO  - [HiveMQ Platform Operator Init App 1.7.0-SNAPSHOT] Returning shutdown Health API response 503 for readiness
2025-01-29 17:06:50,653 INFO c.h.h.t.HelmChartContainer - [EVENT] Warning [Unhealthy] Readiness probe failed: HTTP probe failed with statuscode: 503 [helmrestapiit:test-hivemq-platform-0]
2025-01-29 17:06:50,653 INFO c.h.h.t.HelmChartContainer - Received Unhealthy event for container hivemq in pod test-hivemq-platform-0 [c4ef175a-5c53-4198-9c50-f74b28dc6539]
2025-01-29 17:06:51,035 INFO c.h.h.t.HelmChartContainer - [test-hivemq-platform] [hivemq] [c4ef175a] INFO  - Shutting down extension system
2025-01-29 17:06:51,038 INFO c.h.h.t.HelmChartContainer - [test-hivemq-platform] [hivemq] [c4ef175a] INFO  - Stopping extension with id hivemq-dns-cluster-discovery
2025-01-29 17:06:51,039 INFO c.h.h.t.HelmChartContainer - [test-hivemq-platform] [hivemq] [c4ef175a] INFO  - Extension "DNS Cluster Discovery Extension" version 4.3.2 stopped successfully.
2025-01-29 17:06:51,039 INFO c.h.h.t.HelmChartContainer - [test-hivemq-platform] [hivemq] [c4ef175a] INFO  - Stopping extension with id hivemq-prometheus-extension
2025-01-29 17:06:51,043 INFO c.h.h.t.HelmChartContainer - [test-hivemq-platform] [hivemq] [c4ef175a] INFO  - Extension "Prometheus Monitoring Extension" version 4.0.12 stopped successfully.
2025-01-29 17:06:51,044 INFO c.h.h.t.HelmChartContainer - [test-hivemq-platform] [hivemq] [c4ef175a] INFO  - Stopping extension with id hivemq-allow-all-extension
2025-01-29 17:06:51,044 INFO c.h.h.t.HelmChartContainer - [test-hivemq-platform] [hivemq] [c4ef175a] INFO  - Extension "Allow All Extension" version 1.1.1 stopped successfully.
2025-01-29 17:06:51,259 INFO c.h.h.t.HelmChartContainer - [test-hivemq-platform] [hivemq] [c4ef175a] WARN  - [HiveMQ Platform Operator Init App 1.7.0-SNAPSHOT] Could not update Pod annotations: Failure executing: GET at: https://10.43.0.1:443/api/v1/namespaces/helmrestapiit/pods/test-hivemq-platform-0. Message: pods "test-hivemq-platform-0" is forbidden: User "system:serviceaccount:helmrestapiit:hivemq-platform-pod-test-hivemq-platform" cannot get resource "pods" in API group "" in the namespace "helmrestapiit". Received status: Status(apiVersion=v1, code=403, details=StatusDetails(causes=[], group=null, kind=pods, name=test-hivemq-platform-0, retryAfterSeconds=null, uid=null, additionalProperties={}), kind=Status, message=pods "test-hivemq-platform-0" is forbidden: User "system:serviceaccount:helmrestapiit:hivemq-platform-pod-test-hivemq-platform" cannot get resource "pods" in API group "" in the namespace "helmrestapiit", metadata=ListMeta(_continue=null, remainingItemCount=null, resourceVersion=null, selfLink=null, additionalProperties={}), reason=Forbidden, status=Failure, additionalProperties={}).
2025-01-29 17:06:53,383 INFO c.h.h.t.HelmChartContainer - [test-hivemq-platform] [hivemq] [c4ef175a] INFO  - Shutdown completed.
2025-01-29 17:06:53,731 INFO c.h.h.t.HelmChartContainer - [test-hivemq-platform] [hivemq] [c4ef175a] INFO  - [HiveMQ Platform Operator Init App 1.7.0-SNAPSHOT] The HiveMQ Platform exited with code 143
2025-01-29 17:06:53,731 INFO c.h.h.t.HelmChartContainer - [test-hivemq-platform] [hivemq] [c4ef175a] INFO  - [HiveMQ Platform Operator Init App 1.7.0-SNAPSHOT] Stopping the REST API
2025-01-29 17:06:53,738 INFO c.h.h.t.HelmChartContainer - [test-hivemq-platform] [hivemq] [c4ef175a] INFO  - [HiveMQ Platform Operator Init App 1.7.0-SNAPSHOT] Shutdown complete
2025-01-29 17:06:53,859 INFO c.h.h.t.HelmChartContainer - [K3S] [stateful_set.go:466] "StatefulSet has been deleted" key="helmrestapiit/test-hivemq-platform"
2025-01-29 17:06:54,190 INFO c.h.h.t.HelmChartContainer - [POD] test-hivemq-platform-0 [c4ef175a-5c53-4198-9c50-f74b28dc6539] in helmrestapiit was MODIFIED
2025-01-29 17:06:54,279 INFO c.h.h.t.HelmChartContainer - [K3S] [reconciler_common.go:162] "operationExecutor.UnmountVolume started for volume \"broker-configuration\" (UniqueName: \"kubernetes.io/configmap/c4ef175a-5c53-4198-9c50-f74b28dc6539-broker-configuration\") pod \"c4ef175a-5c53-4198-9c50-f74b28dc6539\" (UID: \"c4ef175a-5c53-4198-9c50-f74b28dc6539\") "
2025-01-29 17:06:54,279 INFO c.h.h.t.HelmChartContainer - [K3S] [reconciler_common.go:162] "operationExecutor.UnmountVolume started for volume \"pod-info\" (UniqueName: \"kubernetes.io/configmap/c4ef175a-5c53-4198-9c50-f74b28dc6539-pod-info\") pod \"c4ef175a-5c53-4198-9c50-f74b28dc6539\" (UID: \"c4ef175a-5c53-4198-9c50-f74b28dc6539\") "
2025-01-29 17:06:54,279 INFO c.h.h.t.HelmChartContainer - [K3S] [reconciler_common.go:162] "operationExecutor.UnmountVolume started for volume \"kube-api-access-dpfth\" (UniqueName: \"kubernetes.io/projected/c4ef175a-5c53-4198-9c50-f74b28dc6539-kube-api-access-dpfth\") pod \"c4ef175a-5c53-4198-9c50-f74b28dc6539\" (UID: \"c4ef175a-5c53-4198-9c50-f74b28dc6539\") "
2025-01-29 17:06:54,279 INFO c.h.h.t.HelmChartContainer - [K3S] [reconciler_common.go:162] "operationExecutor.UnmountVolume started for volume \"operator-init\" (UniqueName: \"kubernetes.io/empty-dir/c4ef175a-5c53-4198-9c50-f74b28dc6539-operator-init\") pod \"c4ef175a-5c53-4198-9c50-f74b28dc6539\" (UID: \"c4ef175a-5c53-4198-9c50-f74b28dc6539\") "
2025-01-29 17:06:54,379 INFO c.h.h.t.HelmChartContainer - [K3S] [reconciler_common.go:299] "Volume detached for volume \"pod-info\" (UniqueName: \"kubernetes.io/configmap/c4ef175a-5c53-4198-9c50-f74b28dc6539-pod-info\") on node \"afb1a753e501\" DevicePath \"\""
2025-01-29 17:06:54,379 INFO c.h.h.t.HelmChartContainer - [K3S] [reconciler_common.go:299] "Volume detached for volume \"operator-init\" (UniqueName: \"kubernetes.io/empty-dir/c4ef175a-5c53-4198-9c50-f74b28dc6539-operator-init\") on node \"afb1a753e501\" DevicePath \"\""
2025-01-29 17:06:54,379 INFO c.h.h.t.HelmChartContainer - [K3S] [reconciler_common.go:299] "Volume detached for volume \"kube-api-access-dpfth\" (UniqueName: \"kubernetes.io/projected/c4ef175a-5c53-4198-9c50-f74b28dc6539-kube-api-access-dpfth\") on node \"afb1a753e501\" DevicePath \"\""
2025-01-29 17:06:54,379 INFO c.h.h.t.HelmChartContainer - [K3S] [reconciler_common.go:299] "Volume detached for volume \"broker-configuration\" (UniqueName: \"kubernetes.io/configmap/c4ef175a-5c53-4198-9c50-f74b28dc6539-broker-configuration\") on node \"afb1a753e501\" DevicePath \"\""
2025-01-29 17:06:54,918 INFO c.h.h.t.HelmChartContainer - [K3S] [scope.go:117] "RemoveContainer" containerID="2b4f28a8ad4325f5270b9682fa867da12f46d27342be3c19f09009a75e59641b"
2025-01-29 17:06:54,933 INFO c.h.h.t.HelmChartContainer - [POD] test-hivemq-platform-0 [c4ef175a-5c53-4198-9c50-f74b28dc6539] in helmrestapiit was MODIFIED
2025-01-29 17:06:54,935 INFO c.h.h.t.HelmChartContainer - [POD] test-hivemq-platform-0 [c4ef175a-5c53-4198-9c50-f74b28dc6539] in helmrestapiit was DELETED
2025-01-29 17:06:55,023 INFO c.h.h.t.HelmChartContainer - [K3S] [scope.go:117] "RemoveContainer" containerID="17080231b05f42e318ceb74e9ca81b903640a995eea0d3f1692c8be588680ef8"
2025-01-29 17:06:55,027 INFO c.h.h.t.HelmChartContainer - [K3S] [scope.go:117] "RemoveContainer" containerID="2b4f28a8ad4325f5270b9682fa867da12f46d27342be3c19f09009a75e59641b"
2025-01-29 17:06:55,027 INFO c.h.h.t.HelmChartContainer - [K3S] [scope.go:117] "RemoveContainer" containerID="17080231b05f42e318ceb74e9ca81b903640a995eea0d3f1692c8be588680ef8"
2025-01-29 17:06:55,377 INFO c.h.h.t.HelmChartContainer - [K3S] [kubelet_volumes.go:163] "Cleaned up orphaned pod volumes dir" podUID="c4ef175a-5c53-4198-9c50-f74b28dc6539" path="/var/lib/kubelet/pods/c4ef175a-5c53-4198-9c50-f74b28dc6539/volumes"
2025-01-29 17:06:59,126 INFO c.h.h.t.HelmChartContainer - Namespace 'helmrestapiit' deleted
2025-01-29 17:06:59,126 INFO c.h.h.t.HelmChartContainer - Release 'test-hivemq-platform' in namespace 'helmrestapiit' is uninstalled
2025-01-29 17:06:59,126 INFO c.h.h.t.HelmChartContainer - Uninstalling release 'test-hivemq-platform-operator' in namespace 'helmrestapiit-operator'...
2025-01-29 17:06:59,126 DEBUG c.h.h.t.HelmChartContainer - Executing helm command: /bin/helm --kubeconfig /etc/rancher/k3s/k3s.yaml uninstall test-hivemq-platform-operator  --wait --timeout 5m0s --cascade foreground --namespace helmrestapiit-operator
2025-01-29 17:06:59,288 INFO c.h.h.t.HelmChartContainer - [K3S] [replica_set.go:679] "Finished syncing" kind="ReplicaSet" key="helmrestapiit-operator/hivemq-test-hivemq-platform-operator-6966f96d65" duration="8.113681ms"
2025-01-29 17:06:59,288 INFO c.h.h.t.HelmChartContainer - [K3S] [replica_set.go:679] "Finished syncing" kind="ReplicaSet" key="helmrestapiit-operator/hivemq-test-hivemq-platform-operator-6966f96d65" duration="40.806µs"
2025-01-29 17:06:59,303 INFO c.h.h.t.HelmChartContainer - [POD] hivemq-test-hivemq-platform-operator-6966f96d65-6746v [45fd5018-bee6-4f28-befb-4bafa789e978] in helmrestapiit-operator was MODIFIED
2025-01-29 17:06:59,316 INFO c.h.h.t.HelmChartContainer - [EVENT] Normal [Killing] Stopping container hivemq-platform-operator [helmrestapiit-operator:hivemq-test-hivemq-platform-operator-6966f96d65-6746v]
2025-01-29 17:06:59,316 INFO c.h.h.t.HelmChartContainer - Received Killing event for container hivemq-platform-operator in pod hivemq-test-hivemq-platform-operator-6966f96d65-6746v [45fd5018-bee6-4f28-befb-4bafa789e978]
2025-01-29 17:06:59,316 INFO c.h.h.t.HelmChartContainer - Container [hivemq-test-hivemq-platform-operator-6966f96d65-6746v] [hivemq-platform-operator] [45fd5018-bee6-4f28-befb-4bafa789e978] was terminated
2025-01-29 17:06:59,316 INFO c.h.h.t.HelmChartContainer - Stopped log watcher for hivemq-platform-operator in pod hivemq-test-hivemq-platform-operator-6966f96d65-6746v [45fd5018-bee6-4f28-befb-4bafa789e978]
2025-01-29 17:06:59,320 INFO c.h.h.t.HelmChartContainer - [hivemq-test-hivemq-platform] [hivemq-platform-operator] [45fd5018] 17:06:59.318 [application-shutdown-thread] INFO  c.h.p.o.HiveMQPlatformOperatorApplication - HiveMQ Platform Operator is stopping...
2025-01-29 17:06:59,320 INFO c.h.h.t.HelmChartContainer - [hivemq-test-hivemq-platform] [hivemq-platform-operator] [45fd5018] 17:06:59.318 [application-shutdown-thread] INFO  i.javaoperatorsdk.operator.Operator - Operator SDK 4.9.7 is shutting down...
2025-01-29 17:06:59,325 INFO c.h.h.t.HelmChartContainer - [K3S] [replica_set.go:679] "Finished syncing" kind="ReplicaSet" key="helmrestapiit-operator/hivemq-test-hivemq-platform-operator-6966f96d65" duration="19.756763ms"
2025-01-29 17:06:59,327 INFO c.h.h.t.HelmChartContainer - [K3S] [replica_set.go:679] "Finished syncing" kind="ReplicaSet" key="helmrestapiit-operator/hivemq-test-hivemq-platform-operator-6966f96d65" duration="30.858µs"
2025-01-29 17:06:59,928 INFO c.h.h.t.HelmChartContainer - [K3S] [pod_container_deletor.go:80] "Container not found in pod's containers" containerID="0e5a50a8b1e761fff770b809a1c196e62758b4c71e713b1410c0dd5ebea4723e"
2025-01-29 17:06:59,942 INFO c.h.h.t.HelmChartContainer - [K3S] [replica_set.go:679] "Finished syncing" kind="ReplicaSet" key="helmrestapiit-operator/hivemq-test-hivemq-platform-operator-6966f96d65" duration="43.12µs"
2025-01-29 17:06:59,944 INFO c.h.h.t.HelmChartContainer - [POD] hivemq-test-hivemq-platform-operator-6966f96d65-6746v [45fd5018-bee6-4f28-befb-4bafa789e978] in helmrestapiit-operator was MODIFIED
2025-01-29 17:07:00,012 INFO c.h.h.t.HelmChartContainer - [K3S] [reconciler_common.go:162] "operationExecutor.UnmountVolume started for volume \"kube-api-access-n57dv\" (UniqueName: \"kubernetes.io/projected/45fd5018-bee6-4f28-befb-4bafa789e978-kube-api-access-n57dv\") pod \"45fd5018-bee6-4f28-befb-4bafa789e978\" (UID: \"45fd5018-bee6-4f28-befb-4bafa789e978\") "
2025-01-29 17:07:00,112 INFO c.h.h.t.HelmChartContainer - [K3S] [reconciler_common.go:299] "Volume detached for volume \"kube-api-access-n57dv\" (UniqueName: \"kubernetes.io/projected/45fd5018-bee6-4f28-befb-4bafa789e978-kube-api-access-n57dv\") on node \"afb1a753e501\" DevicePath \"\""
2025-01-29 17:07:00,941 INFO c.h.h.t.HelmChartContainer - [K3S] [replica_set.go:679] "Finished syncing" kind="ReplicaSet" key="helmrestapiit-operator/hivemq-test-hivemq-platform-operator-6966f96d65" duration="33.462µs"
2025-01-29 17:07:00,941 INFO c.h.h.t.HelmChartContainer - [POD] hivemq-test-hivemq-platform-operator-6966f96d65-6746v [45fd5018-bee6-4f28-befb-4bafa789e978] in helmrestapiit-operator was MODIFIED
2025-01-29 17:07:00,943 INFO c.h.h.t.HelmChartContainer - [POD] hivemq-test-hivemq-platform-operator-6966f96d65-6746v [45fd5018-bee6-4f28-befb-4bafa789e978] in helmrestapiit-operator was DELETED
2025-01-29 17:07:00,944 INFO c.h.h.t.HelmChartContainer - [K3S] [replica_set.go:679] "Finished syncing" kind="ReplicaSet" key="helmrestapiit-operator/hivemq-test-hivemq-platform-operator-6966f96d65" duration="34.554µs"
2025-01-29 17:07:00,954 INFO c.h.h.t.HelmChartContainer - [K3S] [replica_set.go:679] "Finished syncing" kind="ReplicaSet" key="helmrestapiit-operator/hivemq-test-hivemq-platform-operator-6966f96d65" duration="6.312µs"
2025-01-29 17:07:01,369 INFO c.h.h.t.HelmChartContainer - Deleting namespace 'helmrestapiit-operator'...
2025-01-29 17:07:01,379 INFO c.h.h.t.HelmChartContainer - [K3S] [kubelet_volumes.go:163] "Cleaned up orphaned pod volumes dir" podUID="45fd5018-bee6-4f28-befb-4bafa789e978" path="/var/lib/kubelet/pods/45fd5018-bee6-4f28-befb-4bafa789e978/volumes"
2025-01-29 17:07:04,041 INFO c.h.h.t.HelmChartContainer - [K3S] [namespace_controller.go:187] "Namespace has been deleted" namespace="helmrestapiit"
2025-01-29 17:07:06,591 INFO c.h.h.t.HelmChartContainer - Namespace 'helmrestapiit-operator' deleted
2025-01-29 17:07:06,591 INFO c.h.h.t.HelmChartContainer - Release 'test-hivemq-platform-operator' in namespace 'helmrestapiit-operator' is uninstalled
2025-01-29 17:07:07,431 INFO c.h.helmcharts.AbstractHelmChartIT - Removed unused containers:

2025-01-29 17:07:11,498 INFO c.h.h.t.HelmChartContainer - [K3S] [namespace_controller.go:187] "Namespace has been deleted" namespace="helmrestapiit-operator"
2025-01-29 17:07:16,091 INFO c.h.helmcharts.AbstractHelmChartIT - Removed unused snapshots:
Removing snapshot sha256:03af251906410714c5aef9fa705b63f6bbc39c4a5e787de7361eeb18886c2ed2
Removing snapshot sha256:0c46b3b43cce082ce5ec34ffc6c294e0417d17b9d1e6f366d114b6aadc4f96dc
Removing snapshot sha256:0ce761beee59082d6ed5bcebd3a805b8ddd9b3426b617e4809e7fb7c6587ffec
Removing snapshot sha256:0df91287303208332c8ff6ba40ae4710105201739addbfbddfb955f1ad593664
Removing snapshot sha256:1021ef88c7974bfff89c5a0ec4fd3160daac6c48a075f74cff721f85dd104e68
Removing snapshot sha256:10aba4953ddc18145dd38e3704709bc464aa20af60b56fe52caaff4b68411e62
Removing snapshot sha256:2573e0d8158209ed54ab25c87bcdcb00bd3d2539246960a3d592a1c599d70465
Removing snapshot sha256:362a8a37f8bbc31925a8146adcf7cf51f9882f5c1dcbef67c5baa03a297543c0
Removing snapshot sha256:395fb074c552292debdfc8d5ee1f5cbb0bce620ae1c6dd9868e2875bfb83ca86
Removing snapshot sha256:3fa4ad33f0ddc8fd45b39b6b4640f82a3a83619606cd975bfe89d8710ad2d4cd
Removing snapshot sha256:43a7c979bbaba6838bc3102d6b10a1459f3ab050b87ccdfef84ef90cf43d3058
Removing snapshot sha256:4ab04491cdf0d3267f08206fe30bd48f49f94b9cab2f016d6739220f722a64af
Removing snapshot sha256:4b6068250e89c96f263060261819c7d912855bfbd64b3eb4c4a8483299b8c295
Removing snapshot sha256:580e69a0a8034ede1921139bbd2bfb72a69ebf276d008281896c32dd8bf74775
Removing snapshot sha256:5d30ba46b27fe37484567ccc5242cadc78217b8da605f3f195ef25cbf7487904
Removing snapshot sha256:63ca1fbb43ae5034640e5e6cb3e083e05c290072c5366fcaa9d62435a4cced85
Removing snapshot sha256:67f702c6baae873bceb19487c8b1f27bd2b86077e4f2f0e480e6d60ab508b8f5
Removing snapshot sha256:6864348dd42806d552efdec384f1274be15e2d0c10ce44c1f04347af004c10a9
Removing snapshot sha256:6c7dee8f2c39b84b7dc2711c01d33de93514d9055499173e9290176fbe484b6c
Removing snapshot sha256:82753493a6d61ded36556292f02f31841a14c20d2f279f19eaad65afb661d5cd
Removing snapshot sha256:8a10d3db42c505ee0fcfa98417bdd7e39b304f6bcc0a06bb1b220797ff2cc63c
Removing snapshot sha256:a0904247e36a7726c03c71ee48f3e64462021c88dafeb13f37fdaf613b27f11c
Removing snapshot sha256:a21e5b12dbac529ad45d976eb9ce45c881f3bedcc500fb30aba1e52aa1813418
Removing snapshot sha256:b921e6c28969094157f9b8e7244677780319637afd14450b7cb6b2fdea558a0c
Removing snapshot sha256:bc27ecb5769a00e309cf99ebc763c4a4b958b618d1decc96ffac5bc05f02f5b7
Removing snapshot sha256:be3ccb6627a5332e309d45ef461d09b4879dd870c7394d89323d0ebc6ca6aa8a
Removing snapshot sha256:c261f7cbbc64211ee175ee47273acdb7b1a36a4450b397a064a8f2c026490095
Removing snapshot sha256:c34d9393647eea0c9e3557ab988efaf59f61d10a2a5613b439ef0958cca5ec10
Removing snapshot sha256:ccf3c4a0fa967a41c1c83497a2ce6fa5787965859df0adb32c4ca2cf7490bc2b
Removing snapshot sha256:cf92d33f869417309692088c341cd0f223c178ea78a125f757317b22aa8f90e9
Removing snapshot sha256:d0037344cf2fb078884f1849f6a1f8cf9a33a3b6139b6a85833e5ee528e1f9a8
Removing snapshot sha256:d3b36d5b79273b1e98e7700470eaeff05a882e777124d84cebcc1505b85ecb36
Removing snapshot sha256:d65a44a37914602d12c611e5e22a50f11451d847e63015cc1c2aef92dee777a4
Removing snapshot sha256:e2dc0bae2455930f23ae570e019b7f32edc75c0f2d71cab084db837ff9051796
Removing snapshot sha256:e31519795c7e3df686c447a21ec8d2eb301388a5e39ccf7f20a25c6f6ce3a522
Removing snapshot sha256:e9e86ed11d9bebc0707dd6f1166c51237ebb44f98657241f943261b2675a5449
Removing snapshot sha256:eccbd24a99c60cd9e86ee5305dbfc4a4dc89f5ab4fb1f06c8d64797cecedef34
Removing snapshot sha256:edd1404c718ab99ca3456bdf222065033800bb67d4334a9642746685a24394cd
Removing snapshot sha256:f144bb4c7c7f0d2aa7eeffd36d934ec40db1ee167be727e326aad9fdc616f475
Removing snapshot sha256:f84e8cd70365fc0e318b51d172ce05c9de1ec153df302059cbc08da86a4beeb8

]]></system-out>
  </testcase>
  <testcase name="platformChart_whenRestApiEnabled_thenCallsEndpoint()" classname="com.hivemq.helmcharts.services.HelmRestApiIT" time="105.214">
    <system-out><![CDATA[2025-01-29 17:07:16,093 INFO c.h.h.t.HelmChartContainer - Creating namespace 'helmrestapiit-operator'...
2025-01-29 17:07:16,098 INFO c.h.h.t.HelmChartContainer - Namespace 'helmrestapiit-operator' created
2025-01-29 17:07:16,098 INFO c.h.h.t.HelmChartContainer - Creating namespace 'helmrestapiit'...
2025-01-29 17:07:16,105 INFO c.h.h.t.HelmChartContainer - Namespace 'helmrestapiit' created
2025-01-29 17:07:16,173 DEBUG c.h.h.t.HelmChartContainer - Executing helm command: /bin/helm --kubeconfig /etc/rancher/k3s/k3s.yaml install test-hivemq-platform-operator /charts/hivemq-platform-operator --wait --timeout 5m0s --set image.repository=docker.io/hivemq --set image.name=hivemq-platform-operator-test --set image.initImageName=hivemq-platform-operator-init-test --set image.tag=snapshot --set image.pullPolicy=Never --set logLevel=DEBUG --set resources.cpu=512m --namespace helmrestapiit-operator
2025-01-29 17:07:16,510 INFO c.h.h.t.HelmChartContainer - [K3S] [alloc.go:330] "allocated clusterIPs" service="helmrestapiit-operator/hivemq-platform-operator-test-hivemq-platform-operator" clusterIPs={"IPv4":"10.43.239.120"}
2025-01-29 17:07:16,534 INFO c.h.h.t.HelmChartContainer - [EVENT] Normal [ScalingReplicaSet] Scaled up replica set hivemq-test-hivemq-platform-operator-6966f96d65 from 0 to 1 [helmrestapiit-operator:hivemq-test-hivemq-platform-operator]
2025-01-29 17:07:16,539 INFO c.h.h.t.HelmChartContainer - [POD] hivemq-test-hivemq-platform-operator-6966f96d65-cc4ts [fd610676-0b51-4a16-a308-5a047f2f6038] in helmrestapiit-operator was ADDED
2025-01-29 17:07:16,545 INFO c.h.h.t.HelmChartContainer - [EVENT] Normal [SuccessfulCreate] Created pod: hivemq-test-hivemq-platform-operator-6966f96d65-cc4ts [helmrestapiit-operator:hivemq-test-hivemq-platform-operator-6966f96d65]
2025-01-29 17:07:16,551 INFO c.h.h.t.HelmChartContainer - [K3S] [replica_set.go:679] "Finished syncing" kind="ReplicaSet" key="helmrestapiit-operator/hivemq-test-hivemq-platform-operator-6966f96d65" duration="26.362619ms"
2025-01-29 17:07:16,553 INFO c.h.h.t.HelmChartContainer - [K3S] [memory_manager.go:355] "RemoveStaleState removing state" podUID="45fd5018-bee6-4f28-befb-4bafa789e978" containerName="hivemq-platform-operator"
2025-01-29 17:07:16,554 INFO c.h.h.t.HelmChartContainer - [K3S] [memory_manager.go:355] "RemoveStaleState removing state" podUID="c4ef175a-5c53-4198-9c50-f74b28dc6539" containerName="hivemq"
2025-01-29 17:07:16,555 INFO c.h.h.t.HelmChartContainer - [POD] hivemq-test-hivemq-platform-operator-6966f96d65-cc4ts [fd610676-0b51-4a16-a308-5a047f2f6038] in helmrestapiit-operator was MODIFIED
2025-01-29 17:07:16,563 INFO c.h.h.t.HelmChartContainer - [K3S] [replica_set.go:679] "Finished syncing" kind="ReplicaSet" key="helmrestapiit-operator/hivemq-test-hivemq-platform-operator-6966f96d65" duration="11.174589ms"
2025-01-29 17:07:16,563 INFO c.h.h.t.HelmChartContainer - [K3S] [replica_set.go:679] "Finished syncing" kind="ReplicaSet" key="helmrestapiit-operator/hivemq-test-hivemq-platform-operator-6966f96d65" duration="40.065µs"
2025-01-29 17:07:16,563 INFO c.h.h.t.HelmChartContainer - [EVENT] Normal [Scheduled] Successfully assigned helmrestapiit-operator/hivemq-test-hivemq-platform-operator-6966f96d65-cc4ts to afb1a753e501 [helmrestapiit-operator:hivemq-test-hivemq-platform-operator-6966f96d65-cc4ts]
2025-01-29 17:07:16,569 INFO c.h.h.t.HelmChartContainer - [K3S] [replica_set.go:679] "Finished syncing" kind="ReplicaSet" key="helmrestapiit-operator/hivemq-test-hivemq-platform-operator-6966f96d65" duration="31.119µs"
2025-01-29 17:07:16,570 INFO c.h.h.t.HelmChartContainer - [POD] hivemq-test-hivemq-platform-operator-6966f96d65-cc4ts [fd610676-0b51-4a16-a308-5a047f2f6038] in helmrestapiit-operator was MODIFIED
2025-01-29 17:07:16,614 INFO c.h.h.t.HelmChartContainer - [K3S] [reconciler_common.go:251] "operationExecutor.VerifyControllerAttachedVolume started for volume \"kube-api-access-wx5qs\" (UniqueName: \"kubernetes.io/projected/fd610676-0b51-4a16-a308-5a047f2f6038-kube-api-access-wx5qs\") pod \"hivemq-test-hivemq-platform-operator-6966f96d65-cc4ts\" (UID: \"fd610676-0b51-4a16-a308-5a047f2f6038\") " pod="helmrestapiit-operator/hivemq-test-hivemq-platform-operator-6966f96d65-cc4ts"
2025-01-29 17:07:16,953 INFO c.h.h.t.HelmChartContainer - [EVENT] Normal [Pulled] Container image "docker.io/hivemq/hivemq-platform-operator-test:snapshot" already present on machine [helmrestapiit-operator:hivemq-test-hivemq-platform-operator-6966f96d65-cc4ts]
2025-01-29 17:07:16,953 INFO c.h.h.t.HelmChartContainer - Received Pulled event for container hivemq-platform-operator in pod hivemq-test-hivemq-platform-operator-6966f96d65-cc4ts [fd610676-0b51-4a16-a308-5a047f2f6038]
2025-01-29 17:07:16,960 INFO c.h.h.t.HelmChartContainer - [EVENT] Normal [Created] Created container: hivemq-platform-operator [helmrestapiit-operator:hivemq-test-hivemq-platform-operator-6966f96d65-cc4ts]
2025-01-29 17:07:16,961 INFO c.h.h.t.HelmChartContainer - Received Created event for container hivemq-platform-operator in pod hivemq-test-hivemq-platform-operator-6966f96d65-cc4ts [fd610676-0b51-4a16-a308-5a047f2f6038]
2025-01-29 17:07:17,972 INFO c.h.h.t.HelmChartContainer - [K3S] [replica_set.go:679] "Finished syncing" kind="ReplicaSet" key="helmrestapiit-operator/hivemq-test-hivemq-platform-operator-6966f96d65" duration="44.513µs"
2025-01-29 17:07:17,974 INFO c.h.h.t.HelmChartContainer - [POD] hivemq-test-hivemq-platform-operator-6966f96d65-cc4ts [fd610676-0b51-4a16-a308-5a047f2f6038] in helmrestapiit-operator was MODIFIED
2025-01-29 17:07:17,982 INFO c.h.h.t.HelmChartContainer - [EVENT] Normal [Started] Started container hivemq-platform-operator [helmrestapiit-operator:hivemq-test-hivemq-platform-operator-6966f96d65-cc4ts]
2025-01-29 17:07:17,982 INFO c.h.h.t.HelmChartContainer - Received Started event for container hivemq-platform-operator in pod hivemq-test-hivemq-platform-operator-6966f96d65-cc4ts [fd610676-0b51-4a16-a308-5a047f2f6038]
2025-01-29 17:07:17,982 INFO c.h.h.t.HelmChartContainer - Started log watcher for hivemq-platform-operator in pod hivemq-test-hivemq-platform-operator-6966f96d65-cc4ts [fd610676-0b51-4a16-a308-5a047f2f6038]
2025-01-29 17:07:17,982 INFO c.h.h.t.HelmChartContainer - [hivemq-test-hivemq-platform] [hivemq-platform-operator] [fd610676] -------------------------------------------------------------------------
2025-01-29 17:07:17,982 INFO c.h.h.t.HelmChartContainer - [hivemq-test-hivemq-platform] [hivemq-platform-operator] [fd610676] 
2025-01-29 17:07:17,982 INFO c.h.h.t.HelmChartContainer - [hivemq-test-hivemq-platform] [hivemq-platform-operator] [fd610676]                   _    _  _              __  __   ____
2025-01-29 17:07:17,982 INFO c.h.h.t.HelmChartContainer - [hivemq-test-hivemq-platform] [hivemq-platform-operator] [fd610676]                  | |  | |(_)            |  \/  | / __ \
2025-01-29 17:07:17,982 INFO c.h.h.t.HelmChartContainer - [hivemq-test-hivemq-platform] [hivemq-platform-operator] [fd610676]                  | |__| | _ __   __ ___ | \  / || |  | |
2025-01-29 17:07:17,982 INFO c.h.h.t.HelmChartContainer - [hivemq-test-hivemq-platform] [hivemq-platform-operator] [fd610676]                  |  __  || |\ \ / // _ \| |\/| || |  | |
2025-01-29 17:07:17,982 INFO c.h.h.t.HelmChartContainer - [hivemq-test-hivemq-platform] [hivemq-platform-operator] [fd610676]                  | |  | || | \ V /|  __/| |  | || |__| |
2025-01-29 17:07:17,983 INFO c.h.h.t.HelmChartContainer - [hivemq-test-hivemq-platform] [hivemq-platform-operator] [fd610676]                  |_|  |_||_|  \_/  \___||_|  |_| \___\_\
2025-01-29 17:07:17,983 INFO c.h.h.t.HelmChartContainer - [hivemq-test-hivemq-platform] [hivemq-platform-operator] [fd610676] 
2025-01-29 17:07:17,983 INFO c.h.h.t.HelmChartContainer - [hivemq-test-hivemq-platform] [hivemq-platform-operator] [fd610676] -------------------------------------------------------------------------
2025-01-29 17:07:17,983 INFO c.h.h.t.HelmChartContainer - [hivemq-test-hivemq-platform] [hivemq-platform-operator] [fd610676] 
2025-01-29 17:07:17,983 INFO c.h.h.t.HelmChartContainer - [hivemq-test-hivemq-platform] [hivemq-platform-operator] [fd610676]   HiveMQ Platform Operator Start Script v1.0
2025-01-29 17:07:17,983 INFO c.h.h.t.HelmChartContainer - [hivemq-test-hivemq-platform] [hivemq-platform-operator] [fd610676] 
2025-01-29 17:07:17,983 INFO c.h.h.t.HelmChartContainer - [hivemq-test-hivemq-platform] [hivemq-platform-operator] [fd610676] -------------------------------------------------------------------------
2025-01-29 17:07:17,983 INFO c.h.h.t.HelmChartContainer - [hivemq-test-hivemq-platform] [hivemq-platform-operator] [fd610676] 
2025-01-29 17:07:17,983 INFO c.h.h.t.HelmChartContainer - [hivemq-test-hivemq-platform] [hivemq-platform-operator] [fd610676]   JAVA_OPTS: -XX:+UnlockExperimentalVMOptions -XX:InitialRAMPercentage=75 -XX:MaxRAMPercentage=75 -Duser.language=en -Duser.region=US
2025-01-29 17:07:17,983 INFO c.h.h.t.HelmChartContainer - [hivemq-test-hivemq-platform] [hivemq-platform-operator] [fd610676] 
2025-01-29 17:07:17,983 INFO c.h.h.t.HelmChartContainer - [hivemq-test-hivemq-platform] [hivemq-platform-operator] [fd610676]   JAVA_VERSION: 21
2025-01-29 17:07:17,983 INFO c.h.h.t.HelmChartContainer - [hivemq-test-hivemq-platform] [hivemq-platform-operator] [fd610676] 
2025-01-29 17:07:17,983 INFO c.h.h.t.HelmChartContainer - [hivemq-test-hivemq-platform] [hivemq-platform-operator] [fd610676] -------------------------------------------------------------------------
2025-01-29 17:07:17,983 INFO c.h.h.t.HelmChartContainer - [hivemq-test-hivemq-platform] [hivemq-platform-operator] [fd610676] 
2025-01-29 17:07:20,458 INFO c.h.h.t.HelmChartContainer - [hivemq-test-hivemq-platform] [hivemq-platform-operator] [fd610676] 17:07:20.455 [main] DEBUG org.jboss.logging - Logging Provider: org.jboss.logging.Slf4jLoggerProvider
2025-01-29 17:07:20,632 INFO c.h.h.t.HelmChartContainer - [hivemq-test-hivemq-platform] [hivemq-platform-operator] [fd610676] 17:07:20.630 [main] DEBUG io.smallrye.config - SRCFG01006: Loaded ConfigSource SysPropConfigSource with ordinal 400
2025-01-29 17:07:20,632 INFO c.h.h.t.HelmChartContainer - [hivemq-test-hivemq-platform] [hivemq-platform-operator] [fd610676] 17:07:20.630 [main] DEBUG io.smallrye.config - SRCFG01006: Loaded ConfigSource EnvConfigSource with ordinal 300
2025-01-29 17:07:20,632 INFO c.h.h.t.HelmChartContainer - [hivemq-test-hivemq-platform] [hivemq-platform-operator] [fd610676] 17:07:20.630 [main] DEBUG io.smallrye.config - SRCFG01006: Loaded ConfigSource PropertiesConfigSource[source=jar:file:///opt/hivemq-platform-operator/bin/hivemq-platform-operator.jar!/hivemq-platform-operator.properties] with ordinal 100
2025-01-29 17:07:20,633 INFO c.h.h.t.HelmChartContainer - [hivemq-test-hivemq-platform] [hivemq-platform-operator] [fd610676] 17:07:20.631 [main] DEBUG io.smallrye.config - SRCFG01006: Loaded ConfigSource DefaultValuesConfigSource with ordinal -2147483648
2025-01-29 17:07:20,753 INFO c.h.h.t.HelmChartContainer - [hivemq-test-hivemq-platform] [hivemq-platform-operator] [fd610676] 17:07:20.752 [main] DEBUG i.m.c.u.i.l.InternalLoggerFactory - Using SLF4J as the default logging framework
2025-01-29 17:07:20,926 INFO c.h.h.t.HelmChartContainer - [hivemq-test-hivemq-platform] [hivemq-platform-operator] [fd610676] 17:07:20.857 [main] INFO  c.h.p.o.HiveMQPlatformOperatorApplication - HiveMQ Platform Operator 1.7.0-SNAPSHOT (commit: 8465ebf on branch: HEAD) built on Wed Jan 29 16:56:31 UTC 2025
2025-01-29 17:07:20,929 INFO c.h.h.t.HelmChartContainer - [hivemq-test-hivemq-platform] [hivemq-platform-operator] [fd610676] 17:07:20.926 [main] INFO  c.h.p.o.HiveMQPlatformOperatorApplication - HiveMQ Platform Operator is running in namespace: helmrestapiit-operator
2025-01-29 17:07:20,929 INFO c.h.h.t.HelmChartContainer - [hivemq-test-hivemq-platform] [hivemq-platform-operator] [fd610676] 17:07:20.926 [main] INFO  c.h.p.o.HiveMQPlatformOperatorApplication - Watching all namespaces
2025-01-29 17:07:20,929 INFO c.h.h.t.HelmChartContainer - [hivemq-test-hivemq-platform] [hivemq-platform-operator] [fd610676] 17:07:20.926 [main] INFO  c.h.p.o.HiveMQPlatformOperatorApplication - Log level: DEBUG
2025-01-29 17:07:20,929 INFO c.h.h.t.HelmChartContainer - [hivemq-test-hivemq-platform] [hivemq-platform-operator] [fd610676] 17:07:20.926 [main] INFO  c.h.p.o.HiveMQPlatformOperatorApplication - Release name: test-hivemq-platform-operator
2025-01-29 17:07:20,929 INFO c.h.h.t.HelmChartContainer - [hivemq-test-hivemq-platform] [hivemq-platform-operator] [fd610676] 17:07:20.926 [main] INFO  c.h.p.o.HiveMQPlatformOperatorApplication - HiveMQ Platform Operator Init image: docker.io/hivemq/hivemq-platform-operator-init-test:snapshot
2025-01-29 17:07:20,929 INFO c.h.h.t.HelmChartContainer - [hivemq-test-hivemq-platform] [hivemq-platform-operator] [fd610676] 17:07:20.926 [main] INFO  c.h.p.o.HiveMQPlatformOperatorApplication - HiveMQ Platform Operator Init App update URL: http://hivemq-platform-operator-test-hivemq-platform-operator.helmrestapiit-operator.svc:8080/initAppUpdate/hivemq-platform-operator-init-app-1.7.0-SNAPSHOT.jar
2025-01-29 17:07:20,929 INFO c.h.h.t.HelmChartContainer - [hivemq-test-hivemq-platform] [hivemq-platform-operator] [fd610676] 17:07:20.926 [main] INFO  c.h.p.o.HiveMQPlatformOperatorApplication - Additional imagePullSecret for all Platform deployments: none
2025-01-29 17:07:20,929 INFO c.h.h.t.HelmChartContainer - [hivemq-test-hivemq-platform] [hivemq-platform-operator] [fd610676] 17:07:20.926 [main] INFO  c.h.p.o.HiveMQPlatformOperatorApplication - Apply HiveMQ Platform CRD: true
2025-01-29 17:07:20,929 INFO c.h.h.t.HelmChartContainer - [hivemq-test-hivemq-platform] [hivemq-platform-operator] [fd610676] 17:07:20.926 [main] INFO  c.h.p.o.HiveMQPlatformOperatorApplication - Create Platform ServiceAccount: true
2025-01-29 17:07:20,929 INFO c.h.h.t.HelmChartContainer - [hivemq-test-hivemq-platform] [hivemq-platform-operator] [fd610676] 17:07:20.926 [main] INFO  c.h.p.o.HiveMQPlatformOperatorApplication - Create Platform ServiceAccount permissions: true
2025-01-29 17:07:20,929 INFO c.h.h.t.HelmChartContainer - [hivemq-test-hivemq-platform] [hivemq-platform-operator] [fd610676] 17:07:20.926 [main] INFO  c.h.p.o.HiveMQPlatformOperatorApplication - Validate Platform ServiceAccount: true
2025-01-29 17:07:20,929 INFO c.h.h.t.HelmChartContainer - [hivemq-test-hivemq-platform] [hivemq-platform-operator] [fd610676] 17:07:20.926 [main] INFO  c.h.p.o.HiveMQPlatformOperatorApplication - Validate Platform ServiceAccount permissions: true
2025-01-29 17:07:21,051 INFO c.h.h.t.HelmChartContainer - [hivemq-test-hivemq-platform] [hivemq-platform-operator] [fd610676] 17:07:21.050 [main] INFO  c.h.platform.operator.util.CRDUtil - Verifying deployed HiveMQ Platform CRD...
2025-01-29 17:07:23,730 INFO c.h.h.t.HelmChartContainer - [hivemq-test-hivemq-platform] [hivemq-platform-operator] [fd610676] 17:07:23.729 [main] DEBUG c.h.platform.operator.util.CRDUtil - HiveMQ Platform CRD version v1 is up to date
2025-01-29 17:07:23,731 INFO c.h.h.t.HelmChartContainer - [hivemq-test-hivemq-platform] [hivemq-platform-operator] [fd610676] 17:07:23.729 [main] INFO  c.h.platform.operator.util.CRDUtil - HiveMQ Platform CRD is up to date (version: V1_6_0)
2025-01-29 17:07:23,731 INFO c.h.h.t.HelmChartContainer - [hivemq-test-hivemq-platform] [hivemq-platform-operator] [fd610676] 17:07:23.730 [main] INFO  c.h.platform.operator.util.CRDUtil - Waiting 10000 ms for HiveMQ Platform CRD 'hivemq-platforms.hivemq.com' to become ready...
2025-01-29 17:07:24,029 INFO c.h.h.t.HelmChartContainer - [hivemq-test-hivemq-platform] [hivemq-platform-operator] [fd610676] 17:07:24.026 [vert.x-eventloop-thread-1] DEBUG c.h.platform.operator.util.CRDUtil - Checking CRD condition 'NamesAccepted' (status: 'True')
2025-01-29 17:07:24,029 INFO c.h.h.t.HelmChartContainer - [hivemq-test-hivemq-platform] [hivemq-platform-operator] [fd610676] 17:07:24.026 [vert.x-eventloop-thread-1] DEBUG c.h.platform.operator.util.CRDUtil - Checking CRD condition 'Established' (status: 'True')
2025-01-29 17:07:24,029 INFO c.h.h.t.HelmChartContainer - [hivemq-test-hivemq-platform] [hivemq-platform-operator] [fd610676] 17:07:24.027 [main] INFO  c.h.platform.operator.util.CRDUtil - HiveMQ Platform CRD 'hivemq-platforms.hivemq.com' is ready
2025-01-29 17:07:24,138 INFO c.h.h.t.HelmChartContainer - [hivemq-test-hivemq-platform] [hivemq-platform-operator] [fd610676] 17:07:24.137 [main] INFO  c.h.p.o.HiveMQPlatformReconciler - HiveMQ Platform Operator is starting...
2025-01-29 17:07:24,228 INFO c.h.h.t.HelmChartContainer - [hivemq-test-hivemq-platform] [hivemq-platform-operator] [fd610676] 17:07:24.227 [main] WARN  Default ConfigurationService implementation - Configuration for reconciler 'hivemq-controller' was not found. Known reconcilers: None.
2025-01-29 17:07:24,252 INFO c.h.h.t.HelmChartContainer - [hivemq-test-hivemq-platform] [hivemq-platform-operator] [fd610676] 17:07:24.251 [main] INFO  Default ConfigurationService implementation - Created configuration for reconciler com.hivemq.platform.operator.HiveMQPlatformReconciler with name hivemq-controller
2025-01-29 17:07:24,355 INFO c.h.h.t.HelmChartContainer - [hivemq-test-hivemq-platform] [hivemq-platform-operator] [fd610676] 17:07:24.354 [main] DEBUG c.h.p.o.HiveMQPlatformReconciler - HiveMQ Platform Operator is preparing EventSources
2025-01-29 17:07:24,430 INFO c.h.h.t.HelmChartContainer - [hivemq-test-hivemq-platform] [hivemq-platform-operator] [fd610676] 17:07:24.429 [main] INFO  i.javaoperatorsdk.operator.Operator - Registered reconciler: 'hivemq-controller' for resource: 'class com.hivemq.platform.operator.v1.HiveMQPlatform' for namespace(s): [all namespaces]
2025-01-29 17:07:25,029 INFO c.h.h.t.HelmChartContainer - [hivemq-test-hivemq-platform] [hivemq-platform-operator] [fd610676] 17:07:25.028 [main] INFO  c.h.p.operator.webserver.JettyServer - Starting Jetty server on port 8080
2025-01-29 17:07:25,128 INFO c.h.h.t.HelmChartContainer - [hivemq-test-hivemq-platform] [hivemq-platform-operator] [fd610676] 17:07:25.127 [main] INFO  i.javaoperatorsdk.operator.Operator - Operator SDK 4.9.7 (commit: 2133d28) built on Wed Nov 20 12:56:20 UTC 2024 starting...
2025-01-29 17:07:25,128 INFO c.h.h.t.HelmChartContainer - [hivemq-test-hivemq-platform] [hivemq-platform-operator] [fd610676] 17:07:25.127 [main] INFO  i.javaoperatorsdk.operator.Operator - Client version: 6.13.5
2025-01-29 17:07:25,129 INFO c.h.h.t.HelmChartContainer - [hivemq-test-hivemq-platform] [hivemq-platform-operator] [fd610676] 17:07:25.128 [Controller Starter for: hivemq-controller] INFO  i.j.operator.processing.Controller - Starting 'hivemq-controller' controller for reconciler: com.hivemq.platform.operator.HiveMQPlatformReconciler, resource: com.hivemq.platform.operator.v1.HiveMQPlatform
2025-01-29 17:07:27,626 INFO c.h.h.t.HelmChartContainer - [hivemq-test-hivemq-platform] [hivemq-platform-operator] [fd610676] 17:07:27.625 [Controller Starter for: hivemq-controller] INFO  i.j.operator.processing.Controller - 'hivemq-controller' controller started
2025-01-29 17:07:27,627 INFO c.h.h.t.HelmChartContainer - [hivemq-test-hivemq-platform] [hivemq-platform-operator] [fd610676] 17:07:27.625 [main] INFO  c.h.p.o.HiveMQPlatformOperatorApplication - HiveMQ Platform Operator 1.7.0-SNAPSHOT started in 6767 ms
2025-01-29 17:07:28,978 INFO c.h.h.t.HelmChartContainer - [POD] hivemq-test-hivemq-platform-operator-6966f96d65-cc4ts [fd610676-0b51-4a16-a308-5a047f2f6038] in helmrestapiit-operator was MODIFIED
2025-01-29 17:07:28,987 INFO c.h.h.t.HelmChartContainer - [K3S] [replica_set.go:679] "Finished syncing" kind="ReplicaSet" key="helmrestapiit-operator/hivemq-test-hivemq-platform-operator-6966f96d65" duration="11.177956ms"
2025-01-29 17:07:28,990 INFO c.h.h.t.HelmChartContainer - [K3S] [replica_set.go:679] "Finished syncing" kind="ReplicaSet" key="helmrestapiit-operator/hivemq-test-hivemq-platform-operator-6966f96d65" duration="139.091µs"
2025-01-29 17:07:30,650 DEBUG c.h.h.t.HelmChartContainer - Executing helm command: /bin/helm --kubeconfig /etc/rancher/k3s/k3s.yaml install test-hivemq-platform /charts/hivemq-platform --wait --timeout 5m0s --set image.repository=docker.io/hivemq --set image.tag=4.36.0 --set image.pullPolicy=Never --set nodes.resources.cpu=512m -f /files/rest-api-values.yaml --namespace helmrestapiit
2025-01-29 17:07:30,954 INFO c.h.h.t.HelmChartContainer - [hivemq-test-hivemq-platform] [hivemq-platform-operator] [fd610676] 17:07:30.952 [-2082509879-pool-1-thread-4] WARN  i.m.p.PrometheusMeterRegistry - The meter (MeterId{name='operator.sdk.events.received', tags=[tag(action=ADDED),tag(event=ResourceEvent),tag(group=hivemq.com),tag(kind=HiveMQPlatform),tag(name=test-hivemq-platform),tag(namespace=helmrestapiit),tag(scope=namespace),tag(version=v1)]}) registration has failed: Prometheus requires that all meters with the same name have the same set of tag keys. There is already an existing meter named 'operator.sdk.events.received' containing tag keys [event, group, kind, name, namespace, scope, version]. The meter you are attempting to register has keys [action, event, group, kind, name, namespace, scope, version]. Note that subsequent logs will be logged at debug level.
2025-01-29 17:07:31,363 INFO c.h.h.t.HelmChartContainer - [hivemq-test-hivemq-platform] [hivemq-platform-operator] [fd610676] 17:07:31.357 [pool-6-thread-3] DEBUG c.h.p.o.dependants.PodInfoConfigMap - [helmrest] Desired PodInfo ConfigMap (1 extensions) (1 enabled)
2025-01-29 17:07:31,363 INFO c.h.h.t.HelmChartContainer - [hivemq-test-hivemq-platform] [hivemq-platform-operator] [fd610676] 17:07:31.358 [pool-6-thread-3] DEBUG c.h.p.o.dependants.PodInfoConfigMap - [helmrest] Desired PodInfo ConfigMap (metrics port: 9399) (metrics path: /)
2025-01-29 17:07:31,363 INFO c.h.h.t.HelmChartContainer - [hivemq-test-hivemq-platform] [hivemq-platform-operator] [fd610676] 17:07:31.358 [pool-6-thread-3] DEBUG c.h.p.o.dependants.PodInfoConfigMap - [helmrest] Desired PodInfo ConfigMap (extension state hash: -1817474005)
2025-01-29 17:07:31,363 INFO c.h.h.t.HelmChartContainer - [hivemq-test-hivemq-platform] [hivemq-platform-operator] [fd610676] 17:07:31.361 [pool-6-thread-3] DEBUG c.h.p.o.dependants.PodInfoConfigMap - [helmrest] Create PodInfo ConfigMap
2025-01-29 17:07:31,420 INFO c.h.h.t.HelmChartContainer - [K3S] [scope.go:117] "RemoveContainer" containerID="6f25e3c07e2e33b871acd2d68dc4443bcdbecc4b159bf446935d0ba92a2e65a5"
2025-01-29 17:07:31,467 INFO c.h.h.t.HelmChartContainer - [hivemq-test-hivemq-platform] [hivemq-platform-operator] [fd610676] 17:07:31.464 [pool-6-thread-5] DEBUG c.h.p.o.dependants.PodRoleResource - [helmrest] Create Role: Role(apiVersion=rbac.authorization.k8s.io/v1, kind=Role, metadata=ObjectMeta(annotations={meta.helm.sh/release-name=test-hivemq-platform, meta.helm.sh/release-namespace=helmrestapiit}, creationTimestamp=null, deletionGracePeriodSeconds=null, deletionTimestamp=null, finalizers=[], generateName=null, generation=null, labels={helm.sh/chart=hivemq-platform-0.2.32, app.kubernetes.io/managed-by=Helm, app.kubernetes.io/name=hivemq-platform, hivemq-platform=test-hivemq-platform, app.kubernetes.io/instance=test-hivemq-platform, app.kubernetes.io/version=4.36.0}, managedFields=[], name=hivemq-platform-role-test-hivemq-platform, namespace=helmrestapiit, ownerReferences=[OwnerReference(apiVersion=hivemq.com/v1, blockOwnerDeletion=null, controller=null, kind=HiveMQPlatform, name=test-hivemq-platform, uid=dd17f7c1-99dd-4b6e-a66c-b6a12a7d0941, additionalProperties={})], resourceVersion=null, selfLink=null, uid=null, additionalProperties={}), rules=[PolicyRule(apiGroups=[], nonResourceURLs=[], resourceNames=[], resources=[pods], verbs=[get, patch, update], additionalProperties={})], additionalProperties={})
2025-01-29 17:07:31,655 INFO c.h.h.t.HelmChartContainer - [hivemq-test-hivemq-platform] [hivemq-platform-operator] [fd610676] 17:07:31.654 [pool-6-thread-7] DEBUG c.h.p.o.d.PodServiceAccountResource - [helmrest] Desired PodServiceAccountResource (serviceAccountName: hivemq-platform-pod-test-hivemq-platform)
2025-01-29 17:07:31,656 INFO c.h.h.t.HelmChartContainer - [hivemq-test-hivemq-platform] [hivemq-platform-operator] [fd610676] 17:07:31.654 [pool-6-thread-7] DEBUG c.h.p.o.d.PodServiceAccountResource - [helmrest] Create ServiceAccount 'hivemq-platform-pod-test-hivemq-platform'
2025-01-29 17:07:31,761 INFO c.h.h.t.HelmChartContainer - [hivemq-test-hivemq-platform] [hivemq-platform-operator] [fd610676] 17:07:31.760 [pool-6-thread-10] DEBUG c.h.p.o.d.PodRoleBindingResource - [helmrest] Create RoleBinding: RoleBinding(apiVersion=rbac.authorization.k8s.io/v1, kind=RoleBinding, metadata=ObjectMeta(annotations={meta.helm.sh/release-name=test-hivemq-platform, meta.helm.sh/release-namespace=helmrestapiit}, creationTimestamp=null, deletionGracePeriodSeconds=null, deletionTimestamp=null, finalizers=[], generateName=null, generation=null, labels={helm.sh/chart=hivemq-platform-0.2.32, app.kubernetes.io/managed-by=Helm, app.kubernetes.io/name=hivemq-platform, hivemq-platform=test-hivemq-platform, app.kubernetes.io/instance=test-hivemq-platform, app.kubernetes.io/version=4.36.0}, managedFields=[], name=hivemq-platform-role-binding-test-hivemq-platform, namespace=helmrestapiit, ownerReferences=[OwnerReference(apiVersion=hivemq.com/v1, blockOwnerDeletion=null, controller=null, kind=HiveMQPlatform, name=test-hivemq-platform, uid=dd17f7c1-99dd-4b6e-a66c-b6a12a7d0941, additionalProperties={})], resourceVersion=null, selfLink=null, uid=null, additionalProperties={}), roleRef=RoleRef(apiGroup=rbac.authorization.k8s.io, kind=Role, name=hivemq-platform-role-test-hivemq-platform, additionalProperties={}), subjects=[Subject(apiGroup=null, kind=ServiceAccount, name=hivemq-platform-pod-test-hivemq-platform, namespace=helmrestapiit, additionalProperties={})], additionalProperties={})
2025-01-29 17:07:31,856 INFO c.h.h.t.HelmChartContainer - [hivemq-test-hivemq-platform] [hivemq-platform-operator] [fd610676] 17:07:31.854 [ReconcilerExecutor-hivemq-controller-53] INFO  c.h.p.o.HiveMQPlatformReconciler - [helmrest] Reconciling HiveMQ Platform 'test-hivemq-platform' in namespace 'helmrestapiit'
2025-01-29 17:07:31,856 INFO c.h.h.t.HelmChartContainer - [hivemq-test-hivemq-platform] [hivemq-platform-operator] [fd610676] 17:07:31.854 [ReconcilerExecutor-hivemq-controller-53] DEBUG c.h.p.o.HiveMQPlatformReconciler - [helmrest] Custom Resource Status CREATED - HiveMQ Platform was created (READY)
2025-01-29 17:07:31,856 INFO c.h.h.t.HelmChartContainer - [hivemq-test-hivemq-platform] [hivemq-platform-operator] [fd610676] 17:07:31.855 [ReconcilerExecutor-hivemq-controller-53] DEBUG c.h.p.o.HiveMQPlatformReconciler - [helmrest] Custom Resource Spec (replicas: 1) (extensions: 1)
2025-01-29 17:07:31,860 INFO c.h.h.t.HelmChartContainer - [hivemq-test-hivemq-platform] [hivemq-platform-operator] [fd610676] 17:07:31.859 [ReconcilerExecutor-hivemq-controller-53] INFO  c.h.p.o.h.HiveMQPlatformReconcilerBaseHandler - [helmrest] HiveMQ Platform is starting
2025-01-29 17:07:31,972 INFO c.h.h.t.HelmChartContainer - [hivemq-test-hivemq-platform] [hivemq-platform-operator] [fd610676] 17:07:31.971 [ReconcilerExecutor-hivemq-controller-53] DEBUG c.h.p.operator.event.EventSender - [helmrest] Creating K8s event hivemq-platform-starting: [Start] HiveMQ Platform is starting
2025-01-29 17:07:32,060 INFO c.h.h.t.HelmChartContainer - [EVENT] Normal [Start] HiveMQ Platform is starting [helmrestapiit:test-hivemq-platform]
2025-01-29 17:07:32,065 INFO c.h.h.t.HelmChartContainer - [hivemq-test-hivemq-platform] [hivemq-platform-operator] [fd610676] 17:07:32.063 [ReconcilerExecutor-hivemq-controller-53] INFO  c.h.p.o.h.AbstractHiveMQReconcilerStateHandler - [helmrest] Update HiveMQ Platform Status (CREATED [READY] -> STARTING [READY]): HiveMQ Platform is starting
2025-01-29 17:07:32,158 DEBUG com.hivemq.helmcharts.util.K8sUtil - Comparing actual state 'STARTING' and waiting for 'RUNNING'
2025-01-29 17:07:42,169 INFO c.h.h.t.HelmChartContainer - [hivemq-test-hivemq-platform] [hivemq-platform-operator] [fd610676] 17:07:42.166 [pool-6-thread-12] DEBUG c.h.p.o.d.PlatformServiceResource - [helmrest] Desired Platform services (2 services)
2025-01-29 17:07:42,170 INFO c.h.h.t.HelmChartContainer - [hivemq-test-hivemq-platform] [hivemq-platform-operator] [fd610676] 17:07:42.168 [pool-6-thread-13] DEBUG c.h.p.o.dependants.PodInfoConfigMap - [helmrest] Desired PodInfo ConfigMap (1 extensions) (1 enabled)
2025-01-29 17:07:42,170 INFO c.h.h.t.HelmChartContainer - [hivemq-test-hivemq-platform] [hivemq-platform-operator] [fd610676] 17:07:42.168 [pool-6-thread-13] DEBUG c.h.p.o.dependants.PodInfoConfigMap - [helmrest] Desired PodInfo ConfigMap (metrics port: 9399) (metrics path: /)
2025-01-29 17:07:42,170 INFO c.h.h.t.HelmChartContainer - [hivemq-test-hivemq-platform] [hivemq-platform-operator] [fd610676] 17:07:42.168 [pool-6-thread-13] DEBUG c.h.p.o.dependants.PodInfoConfigMap - [helmrest] Desired PodInfo ConfigMap (extension state hash: -1817474005)
2025-01-29 17:07:42,176 INFO c.h.h.t.HelmChartContainer - [hivemq-test-hivemq-platform] [hivemq-platform-operator] [fd610676] 17:07:42.175 [pool-6-thread-17] DEBUG c.h.p.o.d.PodServiceAccountResource - [helmrest] Desired PodServiceAccountResource (serviceAccountName: hivemq-platform-pod-test-hivemq-platform)
2025-01-29 17:07:42,182 INFO c.h.h.t.HelmChartContainer - [K3S] [alloc.go:330] "allocated clusterIPs" service="helmrestapiit/hivemq-test-hivemq-platform-rest-8890" clusterIPs={"IPv4":"10.43.147.87"}
2025-01-29 17:07:42,254 INFO c.h.h.t.HelmChartContainer - [hivemq-test-hivemq-platform] [hivemq-platform-operator] [fd610676] 17:07:42.251 [pool-6-thread-13] DEBUG c.h.p.o.dependants.PodInfoConfigMap - [helmrest] Update PodInfo ConfigMap
2025-01-29 17:07:42,277 INFO c.h.h.t.HelmChartContainer - [K3S] [alloc.go:330] "allocated clusterIPs" service="helmrestapiit/hivemq-test-hivemq-platform-metrics-9399" clusterIPs={"IPv4":"10.43.67.136"}
2025-01-29 17:07:42,356 INFO c.h.h.t.HelmChartContainer - [hivemq-test-hivemq-platform] [hivemq-platform-operator] [fd610676] 17:07:42.355 [pool-6-thread-20] DEBUG c.h.p.o.d.StatefulSetResource - [helmrest] Desired StatefulSet (1 replicas) for status STARTING (READY)
2025-01-29 17:07:42,455 INFO c.h.h.t.HelmChartContainer - [hivemq-test-hivemq-platform] [hivemq-platform-operator] [fd610676] 17:07:42.453 [pool-6-thread-20] DEBUG c.h.p.o.d.StatefulSetResource - [helmrest] Create StatefulSet
2025-01-29 17:07:42,483 INFO c.h.h.t.HelmChartContainer - [POD] test-hivemq-platform-0 [83e0ef03-56b5-4b91-b1cb-4869ba1e29ed] in helmrestapiit was ADDED
2025-01-29 17:07:42,499 INFO c.h.h.t.HelmChartContainer - [POD] test-hivemq-platform-0 [83e0ef03-56b5-4b91-b1cb-4869ba1e29ed] in helmrestapiit was MODIFIED
2025-01-29 17:07:42,501 INFO c.h.h.t.HelmChartContainer - [EVENT] Normal [SuccessfulCreate] create Pod test-hivemq-platform-0 in StatefulSet test-hivemq-platform successful [helmrestapiit:test-hivemq-platform]
2025-01-29 17:07:42,502 INFO c.h.h.t.HelmChartContainer - [EVENT] Normal [Scheduled] Successfully assigned helmrestapiit/test-hivemq-platform-0 to afb1a753e501 [helmrestapiit:test-hivemq-platform-0]
2025-01-29 17:07:42,505 INFO c.h.h.t.HelmChartContainer - [POD] test-hivemq-platform-0 [83e0ef03-56b5-4b91-b1cb-4869ba1e29ed] in helmrestapiit was MODIFIED
2025-01-29 17:07:42,563 INFO c.h.h.t.HelmChartContainer - [K3S] [reconciler_common.go:251] "operationExecutor.VerifyControllerAttachedVolume started for volume \"operator-init\" (UniqueName: \"kubernetes.io/empty-dir/83e0ef03-56b5-4b91-b1cb-4869ba1e29ed-operator-init\") pod \"test-hivemq-platform-0\" (UID: \"83e0ef03-56b5-4b91-b1cb-4869ba1e29ed\") " pod="helmrestapiit/test-hivemq-platform-0"
2025-01-29 17:07:42,575 INFO c.h.h.t.HelmChartContainer - [hivemq-test-hivemq-platform] [hivemq-platform-operator] [fd610676] 17:07:42.563 [ReconcilerExecutor-hivemq-controller-64] INFO  c.h.p.o.HiveMQPlatformReconciler - [helmrest] Reconciling HiveMQ Platform 'test-hivemq-platform' in namespace 'helmrestapiit'
2025-01-29 17:07:42,576 INFO c.h.h.t.HelmChartContainer - [hivemq-test-hivemq-platform] [hivemq-platform-operator] [fd610676] 17:07:42.563 [ReconcilerExecutor-hivemq-controller-64] DEBUG c.h.p.o.HiveMQPlatformReconciler - [helmrest] Custom Resource Status STARTING - HiveMQ Platform is starting (READY)
2025-01-29 17:07:42,576 INFO c.h.h.t.HelmChartContainer - [hivemq-test-hivemq-platform] [hivemq-platform-operator] [fd610676] 17:07:42.563 [ReconcilerExecutor-hivemq-controller-64] DEBUG c.h.p.o.HiveMQPlatformReconciler - [helmrest] Custom Resource Spec (replicas: 1) (extensions: 1)
2025-01-29 17:07:42,576 INFO c.h.h.t.HelmChartContainer - [K3S] [reconciler_common.go:251] "operationExecutor.VerifyControllerAttachedVolume started for volume \"kube-api-access-sf7r8\" (UniqueName: \"kubernetes.io/projected/83e0ef03-56b5-4b91-b1cb-4869ba1e29ed-kube-api-access-sf7r8\") pod \"test-hivemq-platform-0\" (UID: \"83e0ef03-56b5-4b91-b1cb-4869ba1e29ed\") " pod="helmrestapiit/test-hivemq-platform-0"
2025-01-29 17:07:42,576 INFO c.h.h.t.HelmChartContainer - [K3S] [reconciler_common.go:251] "operationExecutor.VerifyControllerAttachedVolume started for volume \"broker-configuration\" (UniqueName: \"kubernetes.io/configmap/83e0ef03-56b5-4b91-b1cb-4869ba1e29ed-broker-configuration\") pod \"test-hivemq-platform-0\" (UID: \"83e0ef03-56b5-4b91-b1cb-4869ba1e29ed\") " pod="helmrestapiit/test-hivemq-platform-0"
2025-01-29 17:07:42,576 INFO c.h.h.t.HelmChartContainer - [K3S] [reconciler_common.go:251] "operationExecutor.VerifyControllerAttachedVolume started for volume \"pod-info\" (UniqueName: \"kubernetes.io/configmap/83e0ef03-56b5-4b91-b1cb-4869ba1e29ed-pod-info\") pod \"test-hivemq-platform-0\" (UID: \"83e0ef03-56b5-4b91-b1cb-4869ba1e29ed\") " pod="helmrestapiit/test-hivemq-platform-0"
2025-01-29 17:07:42,653 INFO c.h.h.t.HelmChartContainer - [hivemq-test-hivemq-platform] [hivemq-platform-operator] [fd610676] 17:07:42.651 [ReconcilerExecutor-hivemq-controller-64] DEBUG c.h.p.o.HiveMQPlatformReconciler - [helmrest] StatefulSet Status (revision: test-hivemq-platform-54dd684c8, replicas: 1, available: 0, ready: 0, current: 1, updated: 1)
2025-01-29 17:07:42,653 INFO c.h.h.t.HelmChartContainer - [hivemq-test-hivemq-platform] [hivemq-platform-operator] [fd610676] 17:07:42.652 [ReconcilerExecutor-hivemq-controller-64] DEBUG c.h.p.o.HiveMQPlatformReconciler - [helmrest] StatefulSet Spec (replicas: 1, init containers: 1, containers: 1, volumes: 3)
2025-01-29 17:07:42,669 INFO c.h.h.t.HelmChartContainer - [hivemq-test-hivemq-platform] [hivemq-platform-operator] [fd610676] 17:07:42.667 [ReconcilerExecutor-hivemq-controller-64] DEBUG c.h.p.o.h.HiveMQPlatformReconcilerErrorHandler - [helmrest] Pod 'test-hivemq-platform-0' phase Pending
2025-01-29 17:07:42,669 INFO c.h.h.t.HelmChartContainer - [hivemq-test-hivemq-platform] [hivemq-platform-operator] [fd610676] 17:07:42.668 [ReconcilerExecutor-hivemq-controller-64] DEBUG c.h.p.o.h.HiveMQPlatformReconcilerErrorHandler - [helmrest] Pod 'test-hivemq-platform-0' condition 'PodReadyToStartContainers': False
2025-01-29 17:07:42,670 INFO c.h.h.t.HelmChartContainer - [hivemq-test-hivemq-platform] [hivemq-platform-operator] [fd610676] 17:07:42.669 [ReconcilerExecutor-hivemq-controller-64] DEBUG c.h.p.o.h.HiveMQPlatformReconcilerErrorHandler - [helmrest] Pod 'test-hivemq-platform-0' condition 'Initialized': False
2025-01-29 17:07:42,670 INFO c.h.h.t.HelmChartContainer - [hivemq-test-hivemq-platform] [hivemq-platform-operator] [fd610676] 17:07:42.669 [ReconcilerExecutor-hivemq-controller-64] DEBUG c.h.p.o.h.HiveMQPlatformReconcilerErrorHandler - [helmrest] Pod 'test-hivemq-platform-0' condition 'Ready': False
2025-01-29 17:07:42,670 INFO c.h.h.t.HelmChartContainer - [hivemq-test-hivemq-platform] [hivemq-platform-operator] [fd610676] 17:07:42.669 [ReconcilerExecutor-hivemq-controller-64] DEBUG c.h.p.o.h.HiveMQPlatformReconcilerErrorHandler - [helmrest] Pod 'test-hivemq-platform-0' condition 'ContainersReady': False
2025-01-29 17:07:42,670 INFO c.h.h.t.HelmChartContainer - [hivemq-test-hivemq-platform] [hivemq-platform-operator] [fd610676] 17:07:42.669 [ReconcilerExecutor-hivemq-controller-64] DEBUG c.h.p.o.h.HiveMQPlatformReconcilerErrorHandler - [helmrest] Pod 'test-hivemq-platform-0' condition 'PodScheduled': True
2025-01-29 17:07:42,670 INFO c.h.h.t.HelmChartContainer - [hivemq-test-hivemq-platform] [hivemq-platform-operator] [fd610676] 17:07:42.669 [ReconcilerExecutor-hivemq-controller-64] DEBUG c.h.p.o.h.HiveMQPlatformReconcilerErrorHandler - [helmrest] Pod 'test-hivemq-platform-0' containerStatus 'hivemq' (started: false) (ready: false) (waiting: [PodInitializing] null)
2025-01-29 17:07:42,754 INFO c.h.h.t.HelmChartContainer - [hivemq-test-hivemq-platform] [hivemq-platform-operator] [fd610676] 17:07:42.752 [ReconcilerExecutor-hivemq-controller-64] INFO  c.h.p.o.h.HiveMQPlatformReconcilerBaseHandler - [helmrest] HiveMQ Platform is starting, 0 of 1 replicas are ready
2025-01-29 17:07:42,761 INFO c.h.h.t.HelmChartContainer - [hivemq-test-hivemq-platform] [hivemq-platform-operator] [fd610676] 17:07:42.757 [pool-6-thread-22] DEBUG c.h.p.o.d.PlatformServiceResource - [helmrest] Desired Platform services (2 services)
2025-01-29 17:07:42,762 INFO c.h.h.t.HelmChartContainer - [hivemq-test-hivemq-platform] [hivemq-platform-operator] [fd610676] 17:07:42.760 [pool-6-thread-23] DEBUG c.h.p.o.dependants.PodInfoConfigMap - [helmrest] Desired PodInfo ConfigMap (1 extensions) (1 enabled)
2025-01-29 17:07:42,762 INFO c.h.h.t.HelmChartContainer - [hivemq-test-hivemq-platform] [hivemq-platform-operator] [fd610676] 17:07:42.760 [pool-6-thread-23] DEBUG c.h.p.o.dependants.PodInfoConfigMap - [helmrest] Desired PodInfo ConfigMap (metrics port: 9399) (metrics path: /)
2025-01-29 17:07:42,763 INFO c.h.h.t.HelmChartContainer - [hivemq-test-hivemq-platform] [hivemq-platform-operator] [fd610676] 17:07:42.760 [pool-6-thread-23] DEBUG c.h.p.o.dependants.PodInfoConfigMap - [helmrest] Desired PodInfo ConfigMap (extension state hash: -1817474005)
2025-01-29 17:07:42,854 INFO c.h.h.t.HelmChartContainer - [hivemq-test-hivemq-platform] [hivemq-platform-operator] [fd610676] 17:07:42.851 [pool-6-thread-27] DEBUG c.h.p.o.d.PodServiceAccountResource - [helmrest] Desired PodServiceAccountResource (serviceAccountName: hivemq-platform-pod-test-hivemq-platform)
2025-01-29 17:07:42,857 INFO c.h.h.t.HelmChartContainer - [hivemq-test-hivemq-platform] [hivemq-platform-operator] [fd610676] 17:07:42.856 [pool-6-thread-30] DEBUG c.h.p.o.d.StatefulSetResource - [helmrest] Desired StatefulSet (1 replicas) for status STARTING (READY)
2025-01-29 17:07:42,864 INFO c.h.h.t.HelmChartContainer - [hivemq-test-hivemq-platform] [hivemq-platform-operator] [fd610676] 17:07:42.863 [ReconcilerExecutor-hivemq-controller-75] INFO  c.h.p.o.HiveMQPlatformReconciler - [helmrest] Reconciling HiveMQ Platform 'test-hivemq-platform' in namespace 'helmrestapiit'
2025-01-29 17:07:42,866 INFO c.h.h.t.HelmChartContainer - [hivemq-test-hivemq-platform] [hivemq-platform-operator] [fd610676] 17:07:42.863 [ReconcilerExecutor-hivemq-controller-75] DEBUG c.h.p.o.HiveMQPlatformReconciler - [helmrest] Custom Resource Status STARTING - HiveMQ Platform is starting (READY)
2025-01-29 17:07:42,866 INFO c.h.h.t.HelmChartContainer - [hivemq-test-hivemq-platform] [hivemq-platform-operator] [fd610676] 17:07:42.864 [ReconcilerExecutor-hivemq-controller-75] DEBUG c.h.p.o.HiveMQPlatformReconciler - [helmrest] Custom Resource Spec (replicas: 1) (extensions: 1)
2025-01-29 17:07:42,869 INFO c.h.h.t.HelmChartContainer - [hivemq-test-hivemq-platform] [hivemq-platform-operator] [fd610676] 17:07:42.868 [ReconcilerExecutor-hivemq-controller-75] DEBUG c.h.p.o.HiveMQPlatformReconciler - [helmrest] StatefulSet Status (revision: test-hivemq-platform-54dd684c8, replicas: 1, available: 0, ready: 0, current: 1, updated: 1)
2025-01-29 17:07:42,869 INFO c.h.h.t.HelmChartContainer - [hivemq-test-hivemq-platform] [hivemq-platform-operator] [fd610676] 17:07:42.868 [ReconcilerExecutor-hivemq-controller-75] DEBUG c.h.p.o.HiveMQPlatformReconciler - [helmrest] StatefulSet Spec (replicas: 1, init containers: 1, containers: 1, volumes: 3)
2025-01-29 17:07:42,894 INFO c.h.h.t.HelmChartContainer - [EVENT] Normal [Pulled] Container image "docker.io/hivemq/hivemq-platform-operator-init-test:snapshot" already present on machine [helmrestapiit:test-hivemq-platform-0]
2025-01-29 17:07:42,953 INFO c.h.h.t.HelmChartContainer - [hivemq-test-hivemq-platform] [hivemq-platform-operator] [fd610676] 17:07:42.951 [ReconcilerExecutor-hivemq-controller-75] DEBUG c.h.p.o.h.HiveMQPlatformReconcilerErrorHandler - [helmrest] Pod 'test-hivemq-platform-0' phase Pending
2025-01-29 17:07:42,953 INFO c.h.h.t.HelmChartContainer - [hivemq-test-hivemq-platform] [hivemq-platform-operator] [fd610676] 17:07:42.951 [ReconcilerExecutor-hivemq-controller-75] DEBUG c.h.p.o.h.HiveMQPlatformReconcilerErrorHandler - [helmrest] Pod 'test-hivemq-platform-0' condition 'PodReadyToStartContainers': False
2025-01-29 17:07:42,953 INFO c.h.h.t.HelmChartContainer - [hivemq-test-hivemq-platform] [hivemq-platform-operator] [fd610676] 17:07:42.951 [ReconcilerExecutor-hivemq-controller-75] DEBUG c.h.p.o.h.HiveMQPlatformReconcilerErrorHandler - [helmrest] Pod 'test-hivemq-platform-0' condition 'Initialized': False
2025-01-29 17:07:42,953 INFO c.h.h.t.HelmChartContainer - [hivemq-test-hivemq-platform] [hivemq-platform-operator] [fd610676] 17:07:42.951 [ReconcilerExecutor-hivemq-controller-75] DEBUG c.h.p.o.h.HiveMQPlatformReconcilerErrorHandler - [helmrest] Pod 'test-hivemq-platform-0' condition 'Ready': False
2025-01-29 17:07:42,953 INFO c.h.h.t.HelmChartContainer - [hivemq-test-hivemq-platform] [hivemq-platform-operator] [fd610676] 17:07:42.951 [ReconcilerExecutor-hivemq-controller-75] DEBUG c.h.p.o.h.HiveMQPlatformReconcilerErrorHandler - [helmrest] Pod 'test-hivemq-platform-0' condition 'ContainersReady': False
2025-01-29 17:07:42,953 INFO c.h.h.t.HelmChartContainer - [hivemq-test-hivemq-platform] [hivemq-platform-operator] [fd610676] 17:07:42.951 [ReconcilerExecutor-hivemq-controller-75] DEBUG c.h.p.o.h.HiveMQPlatformReconcilerErrorHandler - [helmrest] Pod 'test-hivemq-platform-0' condition 'PodScheduled': True
2025-01-29 17:07:42,953 INFO c.h.h.t.HelmChartContainer - [hivemq-test-hivemq-platform] [hivemq-platform-operator] [fd610676] 17:07:42.951 [ReconcilerExecutor-hivemq-controller-75] DEBUG c.h.p.o.h.HiveMQPlatformReconcilerErrorHandler - [helmrest] Pod 'test-hivemq-platform-0' containerStatus 'hivemq' (started: false) (ready: false) (waiting: [PodInitializing] null)
2025-01-29 17:07:42,955 INFO c.h.h.t.HelmChartContainer - [hivemq-test-hivemq-platform] [hivemq-platform-operator] [fd610676] 17:07:42.953 [ReconcilerExecutor-hivemq-controller-75] INFO  c.h.p.o.h.HiveMQPlatformReconcilerBaseHandler - [helmrest] HiveMQ Platform is starting, 0 of 1 replicas are ready
2025-01-29 17:07:43,017 INFO c.h.h.t.HelmChartContainer - [EVENT] Normal [Created] Created container: hivemq-platform-operator-init [helmrestapiit:test-hivemq-platform-0]
2025-01-29 17:07:43,058 INFO c.h.h.t.HelmChartContainer - [EVENT] Normal [Started] Started container hivemq-platform-operator-init [helmrestapiit:test-hivemq-platform-0]
2025-01-29 17:07:44,001 INFO c.h.h.t.HelmChartContainer - [EVENT] Normal [Pulled] Container image "docker.io/hivemq/hivemq4:4.36.0" already present on machine [helmrestapiit:test-hivemq-platform-0]
2025-01-29 17:07:44,001 INFO c.h.h.t.HelmChartContainer - Received Pulled event for container hivemq in pod test-hivemq-platform-0 [83e0ef03-56b5-4b91-b1cb-4869ba1e29ed]
2025-01-29 17:07:44,014 INFO c.h.h.t.HelmChartContainer - [POD] test-hivemq-platform-0 [83e0ef03-56b5-4b91-b1cb-4869ba1e29ed] in helmrestapiit was MODIFIED
2025-01-29 17:07:44,037 INFO c.h.h.t.HelmChartContainer - [hivemq-test-hivemq-platform] [hivemq-platform-operator] [fd610676] 17:07:44.032 [pool-6-thread-32] DEBUG c.h.p.o.d.PlatformServiceResource - [helmrest] Desired Platform services (2 services)
2025-01-29 17:07:44,040 INFO c.h.h.t.HelmChartContainer - [hivemq-test-hivemq-platform] [hivemq-platform-operator] [fd610676] 17:07:44.036 [pool-6-thread-33] DEBUG c.h.p.o.dependants.PodInfoConfigMap - [helmrest] Desired PodInfo ConfigMap (1 extensions) (1 enabled)
2025-01-29 17:07:44,042 INFO c.h.h.t.HelmChartContainer - [hivemq-test-hivemq-platform] [hivemq-platform-operator] [fd610676] 17:07:44.036 [pool-6-thread-33] DEBUG c.h.p.o.dependants.PodInfoConfigMap - [helmrest] Desired PodInfo ConfigMap (metrics port: 9399) (metrics path: /)
2025-01-29 17:07:44,042 INFO c.h.h.t.HelmChartContainer - [hivemq-test-hivemq-platform] [hivemq-platform-operator] [fd610676] 17:07:44.036 [pool-6-thread-33] DEBUG c.h.p.o.dependants.PodInfoConfigMap - [helmrest] Desired PodInfo ConfigMap (extension state hash: -1817474005)
2025-01-29 17:07:44,042 INFO c.h.h.t.HelmChartContainer - [hivemq-test-hivemq-platform] [hivemq-platform-operator] [fd610676] 17:07:44.040 [pool-6-thread-37] DEBUG c.h.p.o.d.PodServiceAccountResource - [helmrest] Desired PodServiceAccountResource (serviceAccountName: hivemq-platform-pod-test-hivemq-platform)
2025-01-29 17:07:44,044 INFO c.h.h.t.HelmChartContainer - [hivemq-test-hivemq-platform] [hivemq-platform-operator] [fd610676] 17:07:44.043 [pool-6-thread-39] DEBUG c.h.p.o.d.StatefulSetResource - [helmrest] Desired StatefulSet (1 replicas) for status STARTING (READY)
2025-01-29 17:07:44,125 INFO c.h.h.t.HelmChartContainer - [hivemq-test-hivemq-platform] [hivemq-platform-operator] [fd610676] 17:07:44.123 [ReconcilerExecutor-hivemq-controller-86] INFO  c.h.p.o.HiveMQPlatformReconciler - [helmrest] Reconciling HiveMQ Platform 'test-hivemq-platform' in namespace 'helmrestapiit'
2025-01-29 17:07:44,126 INFO c.h.h.t.HelmChartContainer - [hivemq-test-hivemq-platform] [hivemq-platform-operator] [fd610676] 17:07:44.123 [ReconcilerExecutor-hivemq-controller-86] DEBUG c.h.p.o.HiveMQPlatformReconciler - [helmrest] Custom Resource Status STARTING - HiveMQ Platform is starting (READY)
2025-01-29 17:07:44,126 INFO c.h.h.t.HelmChartContainer - [hivemq-test-hivemq-platform] [hivemq-platform-operator] [fd610676] 17:07:44.123 [ReconcilerExecutor-hivemq-controller-86] DEBUG c.h.p.o.HiveMQPlatformReconciler - [helmrest] Custom Resource Spec (replicas: 1) (extensions: 1)
2025-01-29 17:07:44,129 INFO c.h.h.t.HelmChartContainer - [hivemq-test-hivemq-platform] [hivemq-platform-operator] [fd610676] 17:07:44.128 [ReconcilerExecutor-hivemq-controller-86] DEBUG c.h.p.o.HiveMQPlatformReconciler - [helmrest] StatefulSet Status (revision: test-hivemq-platform-54dd684c8, replicas: 1, available: 0, ready: 0, current: 1, updated: 1)
2025-01-29 17:07:44,131 INFO c.h.h.t.HelmChartContainer - [hivemq-test-hivemq-platform] [hivemq-platform-operator] [fd610676] 17:07:44.128 [ReconcilerExecutor-hivemq-controller-86] DEBUG c.h.p.o.HiveMQPlatformReconciler - [helmrest] StatefulSet Spec (replicas: 1, init containers: 1, containers: 1, volumes: 3)
2025-01-29 17:07:44,135 INFO c.h.h.t.HelmChartContainer - [hivemq-test-hivemq-platform] [hivemq-platform-operator] [fd610676] 17:07:44.134 [ReconcilerExecutor-hivemq-controller-86] DEBUG c.h.p.o.h.HiveMQPlatformReconcilerErrorHandler - [helmrest] Pod 'test-hivemq-platform-0' phase Pending
2025-01-29 17:07:44,136 INFO c.h.h.t.HelmChartContainer - [hivemq-test-hivemq-platform] [hivemq-platform-operator] [fd610676] 17:07:44.134 [ReconcilerExecutor-hivemq-controller-86] DEBUG c.h.p.o.h.HiveMQPlatformReconcilerErrorHandler - [helmrest] Pod 'test-hivemq-platform-0' condition 'PodReadyToStartContainers': True
2025-01-29 17:07:44,136 INFO c.h.h.t.HelmChartContainer - [hivemq-test-hivemq-platform] [hivemq-platform-operator] [fd610676] 17:07:44.134 [ReconcilerExecutor-hivemq-controller-86] DEBUG c.h.p.o.h.HiveMQPlatformReconcilerErrorHandler - [helmrest] Pod 'test-hivemq-platform-0' condition 'Initialized': True
2025-01-29 17:07:44,136 INFO c.h.h.t.HelmChartContainer - [hivemq-test-hivemq-platform] [hivemq-platform-operator] [fd610676] 17:07:44.134 [ReconcilerExecutor-hivemq-controller-86] DEBUG c.h.p.o.h.HiveMQPlatformReconcilerErrorHandler - [helmrest] Pod 'test-hivemq-platform-0' condition 'Ready': False
2025-01-29 17:07:44,136 INFO c.h.h.t.HelmChartContainer - [hivemq-test-hivemq-platform] [hivemq-platform-operator] [fd610676] 17:07:44.134 [ReconcilerExecutor-hivemq-controller-86] DEBUG c.h.p.o.h.HiveMQPlatformReconcilerErrorHandler - [helmrest] Pod 'test-hivemq-platform-0' condition 'ContainersReady': False
2025-01-29 17:07:44,136 INFO c.h.h.t.HelmChartContainer - [hivemq-test-hivemq-platform] [hivemq-platform-operator] [fd610676] 17:07:44.135 [ReconcilerExecutor-hivemq-controller-86] DEBUG c.h.p.o.h.HiveMQPlatformReconcilerErrorHandler - [helmrest] Pod 'test-hivemq-platform-0' condition 'PodScheduled': True
2025-01-29 17:07:44,136 INFO c.h.h.t.HelmChartContainer - [hivemq-test-hivemq-platform] [hivemq-platform-operator] [fd610676] 17:07:44.135 [ReconcilerExecutor-hivemq-controller-86] DEBUG c.h.p.o.h.HiveMQPlatformReconcilerErrorHandler - [helmrest] Pod 'test-hivemq-platform-0' containerStatus 'hivemq' (started: false) (ready: false) (waiting: [PodInitializing] null)
2025-01-29 17:07:44,137 INFO c.h.h.t.HelmChartContainer - [hivemq-test-hivemq-platform] [hivemq-platform-operator] [fd610676] 17:07:44.136 [ReconcilerExecutor-hivemq-controller-86] INFO  c.h.p.o.h.HiveMQPlatformReconcilerBaseHandler - [helmrest] HiveMQ Platform is starting, 0 of 1 replicas are ready
2025-01-29 17:07:45,180 INFO c.h.h.t.HelmChartContainer - [EVENT] Normal [Created] Created container: hivemq [helmrestapiit:test-hivemq-platform-0]
2025-01-29 17:07:45,180 INFO c.h.h.t.HelmChartContainer - Received Created event for container hivemq in pod test-hivemq-platform-0 [83e0ef03-56b5-4b91-b1cb-4869ba1e29ed]
2025-01-29 17:07:46,012 INFO c.h.h.t.HelmChartContainer - [POD] test-hivemq-platform-0 [83e0ef03-56b5-4b91-b1cb-4869ba1e29ed] in helmrestapiit was MODIFIED
2025-01-29 17:07:46,027 INFO c.h.h.t.HelmChartContainer - [EVENT] Normal [Started] Started container hivemq [helmrestapiit:test-hivemq-platform-0]
2025-01-29 17:07:46,027 INFO c.h.h.t.HelmChartContainer - Received Started event for container hivemq in pod test-hivemq-platform-0 [83e0ef03-56b5-4b91-b1cb-4869ba1e29ed]
2025-01-29 17:07:46,027 INFO c.h.h.t.HelmChartContainer - Started log watcher for hivemq in pod test-hivemq-platform-0 [83e0ef03-56b5-4b91-b1cb-4869ba1e29ed]
2025-01-29 17:07:46,028 INFO c.h.h.t.HelmChartContainer - [test-hivemq-platform] [hivemq] [83e0ef03] Adding pre-installed HiveMQ Platform Operator extensions
2025-01-29 17:07:46,028 INFO c.h.h.t.HelmChartContainer - [test-hivemq-platform] [hivemq] [83e0ef03] Running as user 10000
2025-01-29 17:07:46,028 INFO c.h.h.t.HelmChartContainer - [test-hivemq-platform] [hivemq] [83e0ef03] Starting HiveMQ Platform Operator Init
2025-01-29 17:07:46,035 INFO c.h.h.t.HelmChartContainer - [hivemq-test-hivemq-platform] [hivemq-platform-operator] [fd610676] 17:07:46.030 [pool-6-thread-42] DEBUG c.h.p.o.d.PlatformServiceResource - [helmrest] Desired Platform services (2 services)
2025-01-29 17:07:46,035 INFO c.h.h.t.HelmChartContainer - [hivemq-test-hivemq-platform] [hivemq-platform-operator] [fd610676] 17:07:46.032 [pool-6-thread-43] DEBUG c.h.p.o.dependants.PodInfoConfigMap - [helmrest] Desired PodInfo ConfigMap (1 extensions) (1 enabled)
2025-01-29 17:07:46,035 INFO c.h.h.t.HelmChartContainer - [hivemq-test-hivemq-platform] [hivemq-platform-operator] [fd610676] 17:07:46.032 [pool-6-thread-43] DEBUG c.h.p.o.dependants.PodInfoConfigMap - [helmrest] Desired PodInfo ConfigMap (metrics port: 9399) (metrics path: /)
2025-01-29 17:07:46,035 INFO c.h.h.t.HelmChartContainer - [hivemq-test-hivemq-platform] [hivemq-platform-operator] [fd610676] 17:07:46.032 [pool-6-thread-43] DEBUG c.h.p.o.dependants.PodInfoConfigMap - [helmrest] Desired PodInfo ConfigMap (extension state hash: -1817474005)
2025-01-29 17:07:46,038 INFO c.h.h.t.HelmChartContainer - [hivemq-test-hivemq-platform] [hivemq-platform-operator] [fd610676] 17:07:46.037 [pool-6-thread-47] DEBUG c.h.p.o.d.PodServiceAccountResource - [helmrest] Desired PodServiceAccountResource (serviceAccountName: hivemq-platform-pod-test-hivemq-platform)
2025-01-29 17:07:46,054 INFO c.h.h.t.HelmChartContainer - [hivemq-test-hivemq-platform] [hivemq-platform-operator] [fd610676] 17:07:46.053 [pool-6-thread-50] DEBUG c.h.p.o.d.StatefulSetResource - [helmrest] Desired StatefulSet (1 replicas) for status STARTING (READY)
2025-01-29 17:07:46,127 INFO c.h.h.t.HelmChartContainer - [hivemq-test-hivemq-platform] [hivemq-platform-operator] [fd610676] 17:07:46.123 [ReconcilerExecutor-hivemq-controller-97] INFO  c.h.p.o.HiveMQPlatformReconciler - [helmrest] Reconciling HiveMQ Platform 'test-hivemq-platform' in namespace 'helmrestapiit'
2025-01-29 17:07:46,127 INFO c.h.h.t.HelmChartContainer - [hivemq-test-hivemq-platform] [hivemq-platform-operator] [fd610676] 17:07:46.123 [ReconcilerExecutor-hivemq-controller-97] DEBUG c.h.p.o.HiveMQPlatformReconciler - [helmrest] Custom Resource Status STARTING - HiveMQ Platform is starting (READY)
2025-01-29 17:07:46,127 INFO c.h.h.t.HelmChartContainer - [hivemq-test-hivemq-platform] [hivemq-platform-operator] [fd610676] 17:07:46.123 [ReconcilerExecutor-hivemq-controller-97] DEBUG c.h.p.o.HiveMQPlatformReconciler - [helmrest] Custom Resource Spec (replicas: 1) (extensions: 1)
2025-01-29 17:07:46,128 INFO c.h.h.t.HelmChartContainer - [hivemq-test-hivemq-platform] [hivemq-platform-operator] [fd610676] 17:07:46.126 [ReconcilerExecutor-hivemq-controller-97] DEBUG c.h.p.o.HiveMQPlatformReconciler - [helmrest] StatefulSet Status (revision: test-hivemq-platform-54dd684c8, replicas: 1, available: 0, ready: 0, current: 1, updated: 1)
2025-01-29 17:07:46,128 INFO c.h.h.t.HelmChartContainer - [hivemq-test-hivemq-platform] [hivemq-platform-operator] [fd610676] 17:07:46.127 [ReconcilerExecutor-hivemq-controller-97] DEBUG c.h.p.o.HiveMQPlatformReconciler - [helmrest] StatefulSet Spec (replicas: 1, init containers: 1, containers: 1, volumes: 3)
2025-01-29 17:07:46,131 INFO c.h.h.t.HelmChartContainer - [hivemq-test-hivemq-platform] [hivemq-platform-operator] [fd610676] 17:07:46.129 [ReconcilerExecutor-hivemq-controller-97] DEBUG c.h.p.o.h.HiveMQPlatformReconcilerErrorHandler - [helmrest] Pod 'test-hivemq-platform-0' phase Running
2025-01-29 17:07:46,132 INFO c.h.h.t.HelmChartContainer - [hivemq-test-hivemq-platform] [hivemq-platform-operator] [fd610676] 17:07:46.131 [ReconcilerExecutor-hivemq-controller-97] INFO  c.h.p.o.h.HiveMQPlatformReconcilerBaseHandler - [helmrest] HiveMQ Platform is starting, 0 of 1 replicas are ready
2025-01-29 17:07:46,538 INFO c.h.h.t.HelmChartContainer - [test-hivemq-platform] [hivemq] [83e0ef03] INFO  - [HiveMQ Platform Operator Init 1.7.0-SNAPSHOT] HiveMQ Platform Operator Init 1.7.0-SNAPSHOT (commit: 8465ebf on branch: HEAD) built on Wed Jan 29 16:56:31 UTC 2025
2025-01-29 17:07:47,727 INFO c.h.h.t.HelmChartContainer - [test-hivemq-platform] [hivemq] [83e0ef03] INFO  - [HiveMQ Platform Operator Init App 1.7.0-SNAPSHOT] Using bind address 10.42.0.13 from environment variable
2025-01-29 17:07:48,736 INFO c.h.h.t.HelmChartContainer - [test-hivemq-platform] [hivemq] [83e0ef03] INFO  - [HiveMQ Platform Operator Init App 1.7.0-SNAPSHOT] HiveMQ Platform Operator Init App 1.7.0-SNAPSHOT (commit: 8465ebf on branch: HEAD) built on Wed Jan 29 16:56:31 UTC 2025
2025-01-29 17:07:48,736 INFO c.h.h.t.HelmChartContainer - [test-hivemq-platform] [hivemq] [83e0ef03] INFO  - [HiveMQ Platform Operator Init App 1.7.0-SNAPSHOT] PodInfo ConfigMap directory: /etc/podinfo
2025-01-29 17:07:48,736 INFO c.h.h.t.HelmChartContainer - [test-hivemq-platform] [hivemq] [83e0ef03] INFO  - [HiveMQ Platform Operator Init App 1.7.0-SNAPSHOT] HiveMQ home directory: /opt/hivemq
2025-01-29 17:07:48,736 INFO c.h.h.t.HelmChartContainer - [test-hivemq-platform] [hivemq] [83e0ef03] INFO  - [HiveMQ Platform Operator Init App 1.7.0-SNAPSHOT] HiveMQ Logback folder: /opt/hivemq/conf
2025-01-29 17:07:48,736 INFO c.h.h.t.HelmChartContainer - [test-hivemq-platform] [hivemq] [83e0ef03] INFO  - [HiveMQ Platform Operator Init App 1.7.0-SNAPSHOT] HiveMQ Config folder: /opt/hivemq/conf-k8s
2025-01-29 17:07:48,738 INFO c.h.h.t.HelmChartContainer - [test-hivemq-platform] [hivemq] [83e0ef03] INFO  - [HiveMQ Platform Operator Init App 1.7.0-SNAPSHOT] Starting HiveMQ Platform Operator Init App
2025-01-29 17:07:48,738 INFO c.h.h.t.HelmChartContainer - [test-hivemq-platform] [hivemq] [83e0ef03] INFO  - [HiveMQ Platform Operator Init App 1.7.0-SNAPSHOT] Starting Pod reconciler
2025-01-29 17:07:49,949 INFO c.h.h.t.HelmChartContainer - [test-hivemq-platform] [hivemq] [83e0ef03] INFO  - [HiveMQ Platform Operator Init App 1.7.0-SNAPSHOT] Pod reconciler is scheduled (interval: 5000 ms)
2025-01-29 17:07:49,950 INFO c.h.h.t.HelmChartContainer - [test-hivemq-platform] [hivemq] [83e0ef03] INFO  - [HiveMQ Platform Operator Init App 1.7.0-SNAPSHOT] Starting the REST API on 10.42.0.13:7979
2025-01-29 17:07:49,952 INFO c.h.h.t.HelmChartContainer - [test-hivemq-platform] [hivemq] [83e0ef03] INFO  - [HiveMQ Platform Operator Init App 1.7.0-SNAPSHOT] Waiting up to 600s for at most 1 HiveMQ nodes in cluster service hivemq-test-hivemq-platform-cluster.helmrestapiit.svc
2025-01-29 17:07:50,351 INFO c.h.h.t.HelmChartContainer - [test-hivemq-platform] [hivemq] [83e0ef03] INFO  - [HiveMQ Platform Operator Init App 1.7.0-SNAPSHOT] Resolved 1 IP addresses: [10.42.0.13]
2025-01-29 17:07:50,351 INFO c.h.h.t.HelmChartContainer - [test-hivemq-platform] [hivemq] [83e0ef03] INFO  - [HiveMQ Platform Operator Init App 1.7.0-SNAPSHOT] HiveMQ node count of 1 is within threshold of 1
2025-01-29 17:07:50,351 INFO c.h.h.t.HelmChartContainer - [test-hivemq-platform] [hivemq] [83e0ef03] INFO  - [HiveMQ Platform Operator Init App 1.7.0-SNAPSHOT] Proceeding with container start
2025-01-29 17:07:50,444 INFO c.h.h.t.HelmChartContainer - [test-hivemq-platform] [hivemq] [83e0ef03] INFO  - [HiveMQ Platform Operator Init App 1.7.0-SNAPSHOT] Initializing HiveMQ Platform extensions with initial configuration: {hivemq-allow-all-extension={start-priority=-1, skip-https-hostname-verification=false, restart=true, config-version=0, header-version=0, c-uri=, priority=-1, uri=preinstalled, skip-https-certificate-validation=false, enabled=true}, hivemq-prometheus-extension={priority=-1, restart=true, enabled=true, request-header-path=no-request-headers, uri=preinstalled, skip-https-certificate-validation=false, skip-https-hostname-verification=false, c-uri=, start-priority=-1}}
2025-01-29 17:07:51,020 INFO c.h.h.t.HelmChartContainer - [test-hivemq-platform] [hivemq] [83e0ef03] INFO  - [HiveMQ Platform Operator Init App 1.7.0-SNAPSHOT] Extension hivemq-allow-all-extension was already enabled
2025-01-29 17:07:51,046 INFO c.h.h.t.HelmChartContainer - [test-hivemq-platform] [hivemq] [83e0ef03] INFO  - [HiveMQ Platform Operator Init App 1.7.0-SNAPSHOT] Successfully enabled extension hivemq-prometheus-extension
2025-01-29 17:07:51,119 INFO c.h.h.t.HelmChartContainer - [test-hivemq-platform] [hivemq] [83e0ef03] INFO  - [HiveMQ Platform Operator Init App 1.7.0-SNAPSHOT] Starting HiveMQ Platform version 4.36.0 (4.36.0)
2025-01-29 17:07:51,119 INFO c.h.h.t.HelmChartContainer - [test-hivemq-platform] [hivemq] [83e0ef03] INFO  - [HiveMQ Platform Operator Init App 1.7.0-SNAPSHOT] Configuring the HiveMQ Platform
2025-01-29 17:07:51,140 INFO c.h.h.t.HelmChartContainer - [test-hivemq-platform] [hivemq] [83e0ef03] INFO  - [HiveMQ Platform Operator Init App 1.7.0-SNAPSHOT] Changed logback.xml file scan period to 20 seconds
2025-01-29 17:07:51,221 INFO c.h.h.t.HelmChartContainer - [test-hivemq-platform] [hivemq] [83e0ef03] INFO  - [HiveMQ Platform Operator Init App 1.7.0-SNAPSHOT] Starting the HiveMQ Platform
2025-01-29 17:07:51,223 INFO c.h.h.t.HelmChartContainer - [test-hivemq-platform] [hivemq] [83e0ef03] -------------------------------------------------------------------------
2025-01-29 17:07:51,224 INFO c.h.h.t.HelmChartContainer - [test-hivemq-platform] [hivemq] [83e0ef03] 
2025-01-29 17:07:51,224 INFO c.h.h.t.HelmChartContainer - [test-hivemq-platform] [hivemq] [83e0ef03]                   _    _  _              __  __   ____
2025-01-29 17:07:51,224 INFO c.h.h.t.HelmChartContainer - [test-hivemq-platform] [hivemq] [83e0ef03]                  | |  | |(_)            |  \/  | / __ \
2025-01-29 17:07:51,224 INFO c.h.h.t.HelmChartContainer - [test-hivemq-platform] [hivemq] [83e0ef03]                  | |__| | _ __   __ ___ | \  / || |  | |
2025-01-29 17:07:51,224 INFO c.h.h.t.HelmChartContainer - [test-hivemq-platform] [hivemq] [83e0ef03]                  |  __  || |\ \ / // _ \| |\/| || |  | |
2025-01-29 17:07:51,224 INFO c.h.h.t.HelmChartContainer - [test-hivemq-platform] [hivemq] [83e0ef03]                  | |  | || | \ V /|  __/| |  | || |__| |
2025-01-29 17:07:51,224 INFO c.h.h.t.HelmChartContainer - [test-hivemq-platform] [hivemq] [83e0ef03]                  |_|  |_||_|  \_/  \___||_|  |_| \___\_\
2025-01-29 17:07:51,224 INFO c.h.h.t.HelmChartContainer - [test-hivemq-platform] [hivemq] [83e0ef03] 
2025-01-29 17:07:51,224 INFO c.h.h.t.HelmChartContainer - [test-hivemq-platform] [hivemq] [83e0ef03] -------------------------------------------------------------------------
2025-01-29 17:07:51,224 INFO c.h.h.t.HelmChartContainer - [test-hivemq-platform] [hivemq] [83e0ef03] 
2025-01-29 17:07:51,224 INFO c.h.h.t.HelmChartContainer - [test-hivemq-platform] [hivemq] [83e0ef03]   HiveMQ Start Script for Linux/Unix v1.14
2025-01-29 17:07:51,224 INFO c.h.h.t.HelmChartContainer - [test-hivemq-platform] [hivemq] [83e0ef03] 
2025-01-29 17:07:51,322 INFO c.h.h.t.HelmChartContainer - [test-hivemq-platform] [hivemq] [83e0ef03] -------------------------------------------------------------------------
2025-01-29 17:07:51,323 INFO c.h.h.t.HelmChartContainer - [test-hivemq-platform] [hivemq] [83e0ef03] 
2025-01-29 17:07:51,323 INFO c.h.h.t.HelmChartContainer - [test-hivemq-platform] [hivemq] [83e0ef03]   HIVEMQ_HOME: /opt/hivemq
2025-01-29 17:07:51,323 INFO c.h.h.t.HelmChartContainer - [test-hivemq-platform] [hivemq] [83e0ef03] 
2025-01-29 17:07:51,323 INFO c.h.h.t.HelmChartContainer - [test-hivemq-platform] [hivemq] [83e0ef03]   JAVA_OPTS: -XX:+UnlockExperimentalVMOptions -XX:InitialRAMPercentage=50 -XX:MaxRAMPercentage=50 -Djava.net.preferIPv4Stack=true --add-opens java.base/java.lang=ALL-UNNAMED --add-opens java.base/java.nio=ALL-UNNAMED --add-opens java.base/sun.nio.ch=ALL-UNNAMED --add-opens jdk.management/com.sun.management.internal=ALL-UNNAMED --add-exports java.base/jdk.internal.misc=ALL-UNNAMED -Djava.security.egd=file:/dev/./urandom -Dcom.sun.management.jmxremote -Dcom.sun.management.jmxremote.port=9010 -Dcom.sun.management.jmxremote.local.only=false -Dcom.sun.management.jmxremote.authenticate=false -Dcom.sun.management.jmxremote.ssl=false -Duser.language=en -Duser.region=US -XX:+CrashOnOutOfMemoryError -XX:+HeapDumpOnOutOfMemoryError
2025-01-29 17:07:51,323 INFO c.h.h.t.HelmChartContainer - [test-hivemq-platform] [hivemq] [83e0ef03] 
2025-01-29 17:07:51,323 INFO c.h.h.t.HelmChartContainer - [test-hivemq-platform] [hivemq] [83e0ef03]   JAVA_VERSION: 21
2025-01-29 17:07:51,323 INFO c.h.h.t.HelmChartContainer - [test-hivemq-platform] [hivemq] [83e0ef03] 
2025-01-29 17:07:51,323 INFO c.h.h.t.HelmChartContainer - [test-hivemq-platform] [hivemq] [83e0ef03] -------------------------------------------------------------------------
2025-01-29 17:07:51,323 INFO c.h.h.t.HelmChartContainer - [test-hivemq-platform] [hivemq] [83e0ef03] 
2025-01-29 17:07:52,038 INFO c.h.h.t.HelmChartContainer - [test-hivemq-platform] [hivemq] [83e0ef03] INFO  - [HiveMQ Platform Operator Init App 1.7.0-SNAPSHOT] Returning default Health API response 503 for readiness
2025-01-29 17:07:52,524 INFO c.h.h.t.HelmChartContainer - [EVENT] Warning [Unhealthy] Readiness probe failed: HTTP probe failed with statuscode: 503 [helmrestapiit:test-hivemq-platform-0]
2025-01-29 17:07:52,525 INFO c.h.h.t.HelmChartContainer - Received Unhealthy event for container hivemq in pod test-hivemq-platform-0 [83e0ef03-56b5-4b91-b1cb-4869ba1e29ed]
2025-01-29 17:07:54,142 INFO c.h.h.t.HelmChartContainer - [test-hivemq-platform] [hivemq] [83e0ef03] INFO  - Starting HiveMQ Enterprise Server
2025-01-29 17:07:54,148 INFO c.h.h.t.HelmChartContainer - [test-hivemq-platform] [hivemq] [83e0ef03] INFO  - HiveMQ version: 4.36.0
2025-01-29 17:07:54,148 INFO c.h.h.t.HelmChartContainer - [test-hivemq-platform] [hivemq] [83e0ef03] INFO  - HiveMQ home directory: /opt/hivemq
2025-01-29 17:07:54,149 INFO c.h.h.t.HelmChartContainer - [test-hivemq-platform] [hivemq] [83e0ef03] INFO  - Log Configuration was overridden by /opt/hivemq/conf/logback.xml
2025-01-29 17:07:56,118 INFO c.h.h.t.HelmChartContainer - [test-hivemq-platform] [hivemq] [83e0ef03] INFO  - Successfully loaded configuration from '/opt/hivemq/conf-k8s/config.xml'.
2025-01-29 17:07:56,142 INFO c.h.h.t.HelmChartContainer - [hivemq-test-hivemq-platform] [hivemq-platform-operator] [fd610676] 17:07:56.135 [pool-6-thread-8] DEBUG c.h.p.o.d.PlatformServiceResource - [helmrest] Desired Platform services (2 services)
2025-01-29 17:07:56,142 INFO c.h.h.t.HelmChartContainer - [hivemq-test-hivemq-platform] [hivemq-platform-operator] [fd610676] 17:07:56.138 [pool-6-thread-5] DEBUG c.h.p.o.dependants.PodInfoConfigMap - [helmrest] Desired PodInfo ConfigMap (1 extensions) (1 enabled)
2025-01-29 17:07:56,142 INFO c.h.h.t.HelmChartContainer - [hivemq-test-hivemq-platform] [hivemq-platform-operator] [fd610676] 17:07:56.138 [pool-6-thread-5] DEBUG c.h.p.o.dependants.PodInfoConfigMap - [helmrest] Desired PodInfo ConfigMap (metrics port: 9399) (metrics path: /)
2025-01-29 17:07:56,142 INFO c.h.h.t.HelmChartContainer - [hivemq-test-hivemq-platform] [hivemq-platform-operator] [fd610676] 17:07:56.138 [pool-6-thread-5] DEBUG c.h.p.o.dependants.PodInfoConfigMap - [helmrest] Desired PodInfo ConfigMap (extension state hash: -1817474005)
2025-01-29 17:07:56,143 INFO c.h.h.t.HelmChartContainer - [hivemq-test-hivemq-platform] [hivemq-platform-operator] [fd610676] 17:07:56.139 [pool-6-thread-5] DEBUG c.h.p.o.d.PodServiceAccountResource - [helmrest] Desired PodServiceAccountResource (serviceAccountName: hivemq-platform-pod-test-hivemq-platform)
2025-01-29 17:07:56,151 INFO c.h.h.t.HelmChartContainer - [hivemq-test-hivemq-platform] [hivemq-platform-operator] [fd610676] 17:07:56.149 [pool-6-thread-3] DEBUG c.h.p.o.d.StatefulSetResource - [helmrest] Desired StatefulSet (1 replicas) for status STARTING (READY)
2025-01-29 17:07:56,224 INFO c.h.h.t.HelmChartContainer - [hivemq-test-hivemq-platform] [hivemq-platform-operator] [fd610676] 17:07:56.223 [ReconcilerExecutor-hivemq-controller-108] INFO  c.h.p.o.HiveMQPlatformReconciler - [helmrest] Reconciling HiveMQ Platform 'test-hivemq-platform' in namespace 'helmrestapiit'
2025-01-29 17:07:56,225 INFO c.h.h.t.HelmChartContainer - [hivemq-test-hivemq-platform] [hivemq-platform-operator] [fd610676] 17:07:56.223 [ReconcilerExecutor-hivemq-controller-108] DEBUG c.h.p.o.HiveMQPlatformReconciler - [helmrest] Custom Resource Status STARTING - HiveMQ Platform is starting (READY)
2025-01-29 17:07:56,225 INFO c.h.h.t.HelmChartContainer - [hivemq-test-hivemq-platform] [hivemq-platform-operator] [fd610676] 17:07:56.223 [ReconcilerExecutor-hivemq-controller-108] DEBUG c.h.p.o.HiveMQPlatformReconciler - [helmrest] Custom Resource Spec (replicas: 1) (extensions: 1)
2025-01-29 17:07:56,228 INFO c.h.h.t.HelmChartContainer - [hivemq-test-hivemq-platform] [hivemq-platform-operator] [fd610676] 17:07:56.226 [ReconcilerExecutor-hivemq-controller-108] DEBUG c.h.p.o.HiveMQPlatformReconciler - [helmrest] StatefulSet Status (revision: test-hivemq-platform-54dd684c8, replicas: 1, available: 0, ready: 0, current: 1, updated: 1)
2025-01-29 17:07:56,229 INFO c.h.h.t.HelmChartContainer - [hivemq-test-hivemq-platform] [hivemq-platform-operator] [fd610676] 17:07:56.226 [ReconcilerExecutor-hivemq-controller-108] DEBUG c.h.p.o.HiveMQPlatformReconciler - [helmrest] StatefulSet Spec (replicas: 1, init containers: 1, containers: 1, volumes: 3)
2025-01-29 17:07:56,231 INFO c.h.h.t.HelmChartContainer - [hivemq-test-hivemq-platform] [hivemq-platform-operator] [fd610676] 17:07:56.230 [ReconcilerExecutor-hivemq-controller-108] DEBUG c.h.p.o.h.HiveMQPlatformReconcilerErrorHandler - [helmrest] Pod 'test-hivemq-platform-0' phase Running
2025-01-29 17:07:56,232 INFO c.h.h.t.HelmChartContainer - [hivemq-test-hivemq-platform] [hivemq-platform-operator] [fd610676] 17:07:56.231 [ReconcilerExecutor-hivemq-controller-108] INFO  c.h.p.o.h.HiveMQPlatformReconcilerBaseHandler - [helmrest] HiveMQ Platform is starting, 0 of 1 replicas are ready
2025-01-29 17:07:57,242 INFO c.h.h.t.HelmChartContainer - [test-hivemq-platform] [hivemq] [83e0ef03] INFO  - This node's ID is 0gmk9
2025-01-29 17:07:57,243 INFO c.h.h.t.HelmChartContainer - [test-hivemq-platform] [hivemq] [83e0ef03] INFO  - Clustering is enabled
2025-01-29 17:07:57,620 INFO c.h.h.t.HelmChartContainer - [test-hivemq-platform] [hivemq] [83e0ef03] WARN  - [HiveMQ Platform Operator Init App 1.7.0-SNAPSHOT] Cannot connect to Health API for readiness: null
2025-01-29 17:07:57,623 INFO c.h.h.t.HelmChartContainer - [EVENT] Warning [Unhealthy] Readiness probe failed: HTTP probe failed with statuscode: 503 [helmrestapiit:test-hivemq-platform-0]
2025-01-29 17:07:57,624 INFO c.h.h.t.HelmChartContainer - Received Unhealthy event for container hivemq in pod test-hivemq-platform-0 [83e0ef03-56b5-4b91-b1cb-4869ba1e29ed]
2025-01-29 17:08:00,245 INFO c.h.h.t.HelmChartContainer - [test-hivemq-platform] [hivemq] [83e0ef03] Jan 29, 2025 5:08:00 PM io.vertx.core.impl.BlockedThreadChecker
2025-01-29 17:08:00,245 INFO c.h.h.t.HelmChartContainer - [test-hivemq-platform] [hivemq] [83e0ef03] WARNING: Thread Thread[vert.x-eventloop-thread-1,5,main] has been blocked for 2095 ms, time limit is 2000 ms
2025-01-29 17:08:01,140 INFO c.h.h.t.HelmChartContainer - [test-hivemq-platform] [hivemq] [83e0ef03] INFO  - [HiveMQ Platform Operator Init App 1.7.0-SNAPSHOT] Updating Pod HiveMQ Platform Operator Init App version annotation (version: 1.7.0-SNAPSHOT)
2025-01-29 17:08:02,043 INFO c.h.h.t.HelmChartContainer - [test-hivemq-platform] [hivemq] [83e0ef03] WARN  - [HiveMQ Platform Operator Init App 1.7.0-SNAPSHOT] Cannot connect to Health API for readiness: null
2025-01-29 17:08:02,049 INFO c.h.h.t.HelmChartContainer - [EVENT] Warning [Unhealthy] Readiness probe failed: HTTP probe failed with statuscode: 503 [helmrestapiit:test-hivemq-platform-0]
2025-01-29 17:08:02,049 INFO c.h.h.t.HelmChartContainer - Received Unhealthy event for container hivemq in pod test-hivemq-platform-0 [83e0ef03-56b5-4b91-b1cb-4869ba1e29ed]
2025-01-29 17:08:02,053 INFO c.h.h.t.HelmChartContainer - [POD] test-hivemq-platform-0 [83e0ef03-56b5-4b91-b1cb-4869ba1e29ed] in helmrestapiit was MODIFIED
2025-01-29 17:08:02,063 INFO c.h.h.t.HelmChartContainer - [hivemq-test-hivemq-platform] [hivemq-platform-operator] [fd610676] 17:08:02.059 [pool-6-thread-11] DEBUG c.h.p.o.d.PlatformServiceResource - [helmrest] Desired Platform services (2 services)
2025-01-29 17:08:02,063 INFO c.h.h.t.HelmChartContainer - [hivemq-test-hivemq-platform] [hivemq-platform-operator] [fd610676] 17:08:02.060 [pool-6-thread-14] DEBUG c.h.p.o.dependants.PodInfoConfigMap - [helmrest] Desired PodInfo ConfigMap (1 extensions) (1 enabled)
2025-01-29 17:08:02,063 INFO c.h.h.t.HelmChartContainer - [hivemq-test-hivemq-platform] [hivemq-platform-operator] [fd610676] 17:08:02.060 [pool-6-thread-14] DEBUG c.h.p.o.dependants.PodInfoConfigMap - [helmrest] Desired PodInfo ConfigMap (metrics port: 9399) (metrics path: /)
2025-01-29 17:08:02,063 INFO c.h.h.t.HelmChartContainer - [hivemq-test-hivemq-platform] [hivemq-platform-operator] [fd610676] 17:08:02.060 [pool-6-thread-14] DEBUG c.h.p.o.dependants.PodInfoConfigMap - [helmrest] Desired PodInfo ConfigMap (extension state hash: -1817474005)
2025-01-29 17:08:02,063 INFO c.h.h.t.HelmChartContainer - [hivemq-test-hivemq-platform] [hivemq-platform-operator] [fd610676] 17:08:02.061 [pool-6-thread-16] DEBUG c.h.p.o.d.PodServiceAccountResource - [helmrest] Desired PodServiceAccountResource (serviceAccountName: hivemq-platform-pod-test-hivemq-platform)
2025-01-29 17:08:02,067 INFO c.h.h.t.HelmChartContainer - [hivemq-test-hivemq-platform] [hivemq-platform-operator] [fd610676] 17:08:02.066 [pool-6-thread-11] DEBUG c.h.p.o.d.StatefulSetResource - [helmrest] Desired StatefulSet (1 replicas) for status STARTING (READY)
2025-01-29 17:08:02,072 INFO c.h.h.t.HelmChartContainer - [hivemq-test-hivemq-platform] [hivemq-platform-operator] [fd610676] 17:08:02.071 [ReconcilerExecutor-hivemq-controller-109] INFO  c.h.p.o.HiveMQPlatformReconciler - [helmrest] Reconciling HiveMQ Platform 'test-hivemq-platform' in namespace 'helmrestapiit'
2025-01-29 17:08:02,072 INFO c.h.h.t.HelmChartContainer - [hivemq-test-hivemq-platform] [hivemq-platform-operator] [fd610676] 17:08:02.071 [ReconcilerExecutor-hivemq-controller-109] DEBUG c.h.p.o.HiveMQPlatformReconciler - [helmrest] Custom Resource Status STARTING - HiveMQ Platform is starting (READY)
2025-01-29 17:08:02,072 INFO c.h.h.t.HelmChartContainer - [hivemq-test-hivemq-platform] [hivemq-platform-operator] [fd610676] 17:08:02.071 [ReconcilerExecutor-hivemq-controller-109] DEBUG c.h.p.o.HiveMQPlatformReconciler - [helmrest] Custom Resource Spec (replicas: 1) (extensions: 1)
2025-01-29 17:08:02,144 INFO c.h.h.t.HelmChartContainer - [test-hivemq-platform] [hivemq] [83e0ef03] WARN  - [HiveMQ Platform Operator Init App 1.7.0-SNAPSHOT] Cannot connect to Health API for readiness: null
2025-01-29 17:08:02,147 INFO c.h.h.t.HelmChartContainer - [EVENT] Warning [Unhealthy] Readiness probe failed: HTTP probe failed with statuscode: 503 [helmrestapiit:test-hivemq-platform-0]
2025-01-29 17:08:02,147 INFO c.h.h.t.HelmChartContainer - Received Unhealthy event for container hivemq in pod test-hivemq-platform-0 [83e0ef03-56b5-4b91-b1cb-4869ba1e29ed]
2025-01-29 17:08:02,154 INFO c.h.h.t.HelmChartContainer - [hivemq-test-hivemq-platform] [hivemq-platform-operator] [fd610676] 17:08:02.152 [ReconcilerExecutor-hivemq-controller-109] DEBUG c.h.p.o.HiveMQPlatformReconciler - [helmrest] StatefulSet Status (revision: test-hivemq-platform-54dd684c8, replicas: 1, available: 0, ready: 0, current: 1, updated: 1)
2025-01-29 17:08:02,154 INFO c.h.h.t.HelmChartContainer - [hivemq-test-hivemq-platform] [hivemq-platform-operator] [fd610676] 17:08:02.152 [ReconcilerExecutor-hivemq-controller-109] DEBUG c.h.p.o.HiveMQPlatformReconciler - [helmrest] StatefulSet Spec (replicas: 1, init containers: 1, containers: 1, volumes: 3)
2025-01-29 17:08:02,156 INFO c.h.h.t.HelmChartContainer - [hivemq-test-hivemq-platform] [hivemq-platform-operator] [fd610676] 17:08:02.155 [ReconcilerExecutor-hivemq-controller-109] DEBUG c.h.p.o.h.HiveMQPlatformReconcilerErrorHandler - [helmrest] Pod 'test-hivemq-platform-0' phase Running
2025-01-29 17:08:02,157 INFO c.h.h.t.HelmChartContainer - [hivemq-test-hivemq-platform] [hivemq-platform-operator] [fd610676] 17:08:02.156 [ReconcilerExecutor-hivemq-controller-109] INFO  c.h.p.o.h.HiveMQPlatformReconcilerBaseHandler - [helmrest] HiveMQ Platform is starting, 0 of 1 replicas are ready
2025-01-29 17:08:02,238 INFO c.h.h.t.HelmChartContainer - [test-hivemq-platform] [hivemq] [83e0ef03] INFO  - [HiveMQ Platform Operator Init App 1.7.0-SNAPSHOT] Successfully updated Pod HiveMQ Platform Operator Init App version annotation (version: 1.7.0-SNAPSHOT)
2025-01-29 17:08:07,060 INFO c.h.h.t.HelmChartContainer - [test-hivemq-platform] [hivemq] [83e0ef03] WARN  - [HiveMQ Platform Operator Init App 1.7.0-SNAPSHOT] Cannot connect to Health API for readiness: null
2025-01-29 17:08:07,065 INFO c.h.h.t.HelmChartContainer - [EVENT] Warning [Unhealthy] Readiness probe failed: HTTP probe failed with statuscode: 503 [helmrestapiit:test-hivemq-platform-0]
2025-01-29 17:08:07,065 INFO c.h.h.t.HelmChartContainer - Received Unhealthy event for container hivemq in pod test-hivemq-platform-0 [83e0ef03-56b5-4b91-b1cb-4869ba1e29ed]
2025-01-29 17:08:12,140 INFO c.h.h.t.HelmChartContainer - [test-hivemq-platform] [hivemq] [83e0ef03] WARN  - [HiveMQ Platform Operator Init App 1.7.0-SNAPSHOT] Cannot connect to Health API for readiness: null
2025-01-29 17:08:12,147 INFO c.h.h.t.HelmChartContainer - [EVENT] Warning [Unhealthy] Readiness probe failed: HTTP probe failed with statuscode: 503 [helmrestapiit:test-hivemq-platform-0]
2025-01-29 17:08:12,147 INFO c.h.h.t.HelmChartContainer - Received Unhealthy event for container hivemq in pod test-hivemq-platform-0 [83e0ef03-56b5-4b91-b1cb-4869ba1e29ed]
2025-01-29 17:08:12,165 INFO c.h.h.t.HelmChartContainer - [hivemq-test-hivemq-platform] [hivemq-platform-operator] [fd610676] 17:08:12.162 [pool-6-thread-24] DEBUG c.h.p.o.d.PodServiceAccountResource - [helmrest] Desired PodServiceAccountResource (serviceAccountName: hivemq-platform-pod-test-hivemq-platform)
2025-01-29 17:08:12,165 INFO c.h.h.t.HelmChartContainer - [hivemq-test-hivemq-platform] [hivemq-platform-operator] [fd610676] 17:08:12.163 [pool-6-thread-22] DEBUG c.h.p.o.d.PlatformServiceResource - [helmrest] Desired Platform services (2 services)
2025-01-29 17:08:12,167 INFO c.h.h.t.HelmChartContainer - [hivemq-test-hivemq-platform] [hivemq-platform-operator] [fd610676] 17:08:12.166 [pool-6-thread-25] DEBUG c.h.p.o.dependants.PodInfoConfigMap - [helmrest] Desired PodInfo ConfigMap (1 extensions) (1 enabled)
2025-01-29 17:08:12,167 INFO c.h.h.t.HelmChartContainer - [hivemq-test-hivemq-platform] [hivemq-platform-operator] [fd610676] 17:08:12.167 [pool-6-thread-25] DEBUG c.h.p.o.dependants.PodInfoConfigMap - [helmrest] Desired PodInfo ConfigMap (metrics port: 9399) (metrics path: /)
2025-01-29 17:08:12,168 INFO c.h.h.t.HelmChartContainer - [hivemq-test-hivemq-platform] [hivemq-platform-operator] [fd610676] 17:08:12.167 [pool-6-thread-25] DEBUG c.h.p.o.dependants.PodInfoConfigMap - [helmrest] Desired PodInfo ConfigMap (extension state hash: -1817474005)
2025-01-29 17:08:12,170 INFO c.h.h.t.HelmChartContainer - [hivemq-test-hivemq-platform] [hivemq-platform-operator] [fd610676] 17:08:12.169 [pool-6-thread-22] DEBUG c.h.p.o.d.StatefulSetResource - [helmrest] Desired StatefulSet (1 replicas) for status STARTING (READY)
2025-01-29 17:08:12,175 INFO c.h.h.t.HelmChartContainer - [hivemq-test-hivemq-platform] [hivemq-platform-operator] [fd610676] 17:08:12.174 [ReconcilerExecutor-hivemq-controller-110] INFO  c.h.p.o.HiveMQPlatformReconciler - [helmrest] Reconciling HiveMQ Platform 'test-hivemq-platform' in namespace 'helmrestapiit'
2025-01-29 17:08:12,175 INFO c.h.h.t.HelmChartContainer - [hivemq-test-hivemq-platform] [hivemq-platform-operator] [fd610676] 17:08:12.174 [ReconcilerExecutor-hivemq-controller-110] DEBUG c.h.p.o.HiveMQPlatformReconciler - [helmrest] Custom Resource Status STARTING - HiveMQ Platform is starting (READY)
2025-01-29 17:08:12,175 INFO c.h.h.t.HelmChartContainer - [hivemq-test-hivemq-platform] [hivemq-platform-operator] [fd610676] 17:08:12.174 [ReconcilerExecutor-hivemq-controller-110] DEBUG c.h.p.o.HiveMQPlatformReconciler - [helmrest] Custom Resource Spec (replicas: 1) (extensions: 1)
2025-01-29 17:08:12,263 INFO c.h.h.t.HelmChartContainer - [hivemq-test-hivemq-platform] [hivemq-platform-operator] [fd610676] 17:08:12.253 [ReconcilerExecutor-hivemq-controller-110] DEBUG c.h.p.o.HiveMQPlatformReconciler - [helmrest] StatefulSet Status (revision: test-hivemq-platform-54dd684c8, replicas: 1, available: 0, ready: 0, current: 1, updated: 1)
2025-01-29 17:08:12,263 INFO c.h.h.t.HelmChartContainer - [hivemq-test-hivemq-platform] [hivemq-platform-operator] [fd610676] 17:08:12.253 [ReconcilerExecutor-hivemq-controller-110] DEBUG c.h.p.o.HiveMQPlatformReconciler - [helmrest] StatefulSet Spec (replicas: 1, init containers: 1, containers: 1, volumes: 3)
2025-01-29 17:08:12,263 INFO c.h.h.t.HelmChartContainer - [hivemq-test-hivemq-platform] [hivemq-platform-operator] [fd610676] 17:08:12.255 [ReconcilerExecutor-hivemq-controller-110] DEBUG c.h.p.o.h.HiveMQPlatformReconcilerErrorHandler - [helmrest] Pod 'test-hivemq-platform-0' phase Running
2025-01-29 17:08:12,263 INFO c.h.h.t.HelmChartContainer - [hivemq-test-hivemq-platform] [hivemq-platform-operator] [fd610676] 17:08:12.256 [ReconcilerExecutor-hivemq-controller-110] INFO  c.h.p.o.h.HiveMQPlatformReconcilerBaseHandler - [helmrest] HiveMQ Platform is starting, 0 of 1 replicas are ready
2025-01-29 17:08:12,841 INFO c.h.h.t.HelmChartContainer - [test-hivemq-platform] [hivemq] [83e0ef03] WARN  - [HiveMQ Platform Operator Init App 1.7.0-SNAPSHOT] Cannot connect to Health API for liveness: null
2025-01-29 17:08:12,841 INFO c.h.h.t.HelmChartContainer - [test-hivemq-platform] [hivemq] [83e0ef03] INFO  - [HiveMQ Platform Operator Init App 1.7.0-SNAPSHOT] Returning default Health API response 200 for liveness
2025-01-29 17:08:15,238 INFO c.h.h.t.HelmChartContainer - [test-hivemq-platform] [hivemq] [83e0ef03] INFO  - No valid license file found. Using trial license, restricted to 25 connections.
2025-01-29 17:08:17,141 INFO c.h.h.t.HelmChartContainer - [test-hivemq-platform] [hivemq] [83e0ef03] WARN  - [HiveMQ Platform Operator Init App 1.7.0-SNAPSHOT] Cannot connect to Health API for readiness: null
2025-01-29 17:08:17,145 INFO c.h.h.t.HelmChartContainer - [EVENT] Warning [Unhealthy] Readiness probe failed: HTTP probe failed with statuscode: 503 [helmrestapiit:test-hivemq-platform-0]
2025-01-29 17:08:17,145 INFO c.h.h.t.HelmChartContainer - Received Unhealthy event for container hivemq in pod test-hivemq-platform-0 [83e0ef03-56b5-4b91-b1cb-4869ba1e29ed]
2025-01-29 17:08:19,358 INFO c.h.h.t.HelmChartContainer - [test-hivemq-platform] [hivemq] [83e0ef03] INFO  - No valid license file for Data Hub found. Using free license, restricted to 1 policy.
2025-01-29 17:08:20,663 INFO c.h.h.t.HelmChartContainer - [test-hivemq-platform] [hivemq] [83e0ef03] INFO  - Audit Logger started.
2025-01-29 17:08:20,972 INFO c.h.h.t.HelmChartContainer - [test-hivemq-platform] [hivemq] [83e0ef03] INFO  - This node uses '1' CPU cores.
2025-01-29 17:08:20,977 INFO c.h.h.t.HelmChartContainer - [test-hivemq-platform] [hivemq] [83e0ef03] INFO  - Starting HiveMQ Health API on address 0.0.0.0 and port 8889
2025-01-29 17:08:21,846 INFO c.h.h.t.HelmChartContainer - [test-hivemq-platform] [hivemq] [83e0ef03] INFO  - Started HiveMQ Health API in 869ms
2025-01-29 17:08:22,263 INFO c.h.h.t.HelmChartContainer - [hivemq-test-hivemq-platform] [hivemq-platform-operator] [fd610676] 17:08:22.259 [pool-6-thread-38] DEBUG c.h.p.o.d.PlatformServiceResource - [helmrest] Desired Platform services (2 services)
2025-01-29 17:08:22,263 INFO c.h.h.t.HelmChartContainer - [hivemq-test-hivemq-platform] [hivemq-platform-operator] [fd610676] 17:08:22.260 [pool-6-thread-36] DEBUG c.h.p.o.dependants.PodInfoConfigMap - [helmrest] Desired PodInfo ConfigMap (1 extensions) (1 enabled)
2025-01-29 17:08:22,263 INFO c.h.h.t.HelmChartContainer - [hivemq-test-hivemq-platform] [hivemq-platform-operator] [fd610676] 17:08:22.261 [pool-6-thread-36] DEBUG c.h.p.o.dependants.PodInfoConfigMap - [helmrest] Desired PodInfo ConfigMap (metrics port: 9399) (metrics path: /)
2025-01-29 17:08:22,263 INFO c.h.h.t.HelmChartContainer - [hivemq-test-hivemq-platform] [hivemq-platform-operator] [fd610676] 17:08:22.261 [pool-6-thread-36] DEBUG c.h.p.o.dependants.PodInfoConfigMap - [helmrest] Desired PodInfo ConfigMap (extension state hash: -1817474005)
2025-01-29 17:08:22,264 INFO c.h.h.t.HelmChartContainer - [hivemq-test-hivemq-platform] [hivemq-platform-operator] [fd610676] 17:08:22.262 [pool-6-thread-36] DEBUG c.h.p.o.d.PodServiceAccountResource - [helmrest] Desired PodServiceAccountResource (serviceAccountName: hivemq-platform-pod-test-hivemq-platform)
2025-01-29 17:08:22,265 INFO c.h.h.t.HelmChartContainer - [hivemq-test-hivemq-platform] [hivemq-platform-operator] [fd610676] 17:08:22.264 [pool-6-thread-38] DEBUG c.h.p.o.d.StatefulSetResource - [helmrest] Desired StatefulSet (1 replicas) for status STARTING (READY)
2025-01-29 17:08:22,270 INFO c.h.h.t.HelmChartContainer - [hivemq-test-hivemq-platform] [hivemq-platform-operator] [fd610676] 17:08:22.268 [ReconcilerExecutor-hivemq-controller-111] INFO  c.h.p.o.HiveMQPlatformReconciler - [helmrest] Reconciling HiveMQ Platform 'test-hivemq-platform' in namespace 'helmrestapiit'
2025-01-29 17:08:22,270 INFO c.h.h.t.HelmChartContainer - [hivemq-test-hivemq-platform] [hivemq-platform-operator] [fd610676] 17:08:22.269 [ReconcilerExecutor-hivemq-controller-111] DEBUG c.h.p.o.HiveMQPlatformReconciler - [helmrest] Custom Resource Status STARTING - HiveMQ Platform is starting (READY)
2025-01-29 17:08:22,271 INFO c.h.h.t.HelmChartContainer - [hivemq-test-hivemq-platform] [hivemq-platform-operator] [fd610676] 17:08:22.269 [ReconcilerExecutor-hivemq-controller-111] DEBUG c.h.p.o.HiveMQPlatformReconciler - [helmrest] Custom Resource Spec (replicas: 1) (extensions: 1)
2025-01-29 17:08:22,271 INFO c.h.h.t.HelmChartContainer - [hivemq-test-hivemq-platform] [hivemq-platform-operator] [fd610676] 17:08:22.270 [ReconcilerExecutor-hivemq-controller-111] DEBUG c.h.p.o.HiveMQPlatformReconciler - [helmrest] StatefulSet Status (revision: test-hivemq-platform-54dd684c8, replicas: 1, available: 0, ready: 0, current: 1, updated: 1)
2025-01-29 17:08:22,271 INFO c.h.h.t.HelmChartContainer - [hivemq-test-hivemq-platform] [hivemq-platform-operator] [fd610676] 17:08:22.270 [ReconcilerExecutor-hivemq-controller-111] DEBUG c.h.p.o.HiveMQPlatformReconciler - [helmrest] StatefulSet Spec (replicas: 1, init containers: 1, containers: 1, volumes: 3)
2025-01-29 17:08:22,274 INFO c.h.h.t.HelmChartContainer - [hivemq-test-hivemq-platform] [hivemq-platform-operator] [fd610676] 17:08:22.271 [ReconcilerExecutor-hivemq-controller-111] DEBUG c.h.p.o.h.HiveMQPlatformReconcilerErrorHandler - [helmrest] Pod 'test-hivemq-platform-0' phase Running
2025-01-29 17:08:22,274 INFO c.h.h.t.HelmChartContainer - [hivemq-test-hivemq-platform] [hivemq-platform-operator] [fd610676] 17:08:22.272 [ReconcilerExecutor-hivemq-controller-111] INFO  c.h.p.o.h.HiveMQPlatformReconcilerBaseHandler - [helmrest] HiveMQ Platform is starting, 0 of 1 replicas are ready
2025-01-29 17:08:22,942 INFO c.h.h.t.HelmChartContainer - [test-hivemq-platform] [hivemq] [83e0ef03] INFO  - [HiveMQ Platform Operator Init App 1.7.0-SNAPSHOT] Returning Health API response 503 for readiness
2025-01-29 17:08:22,948 INFO c.h.h.t.HelmChartContainer - [EVENT] Warning [Unhealthy] Readiness probe failed: HTTP probe failed with statuscode: 503 [helmrestapiit:test-hivemq-platform-0]
2025-01-29 17:08:22,948 INFO c.h.h.t.HelmChartContainer - Received Unhealthy event for container hivemq in pod test-hivemq-platform-0 [83e0ef03-56b5-4b91-b1cb-4869ba1e29ed]
2025-01-29 17:08:23,139 INFO c.h.h.t.HelmChartContainer - [test-hivemq-platform] [hivemq] [83e0ef03] INFO  - Starting HiveMQ extension system.
2025-01-29 17:08:23,418 INFO c.h.h.t.HelmChartContainer - [test-hivemq-platform] [hivemq] [83e0ef03] INFO  - Starting extension with id "hivemq-dns-cluster-discovery" at /opt/hivemq/extensions/hivemq-dns-cluster-discovery
2025-01-29 17:08:23,939 INFO c.h.h.t.HelmChartContainer - [test-hivemq-platform] [hivemq] [83e0ef03] INFO  - Using TCP cluster transport on address 10.42.0.13 and port 7000
2025-01-29 17:08:23,947 INFO c.h.h.t.HelmChartContainer - [test-hivemq-platform] [hivemq] [83e0ef03] INFO  - Using extension cluster discovery
2025-01-29 17:08:24,037 INFO c.h.h.t.HelmChartContainer - [test-hivemq-platform] [hivemq] [83e0ef03] INFO  - Extension "DNS Cluster Discovery Extension" version 4.3.2 started successfully.
2025-01-29 17:08:24,040 INFO c.h.h.t.HelmChartContainer - [test-hivemq-platform] [hivemq] [83e0ef03] INFO  - Starting extension with id "hivemq-prometheus-extension" at /opt/hivemq/extensions/hivemq-prometheus-extension
2025-01-29 17:08:24,939 INFO c.h.h.t.HelmChartContainer - [test-hivemq-platform] [hivemq] [83e0ef03] INFO  - Started Jetty Server exposing Prometheus Servlet on URI http://0.0.0.0:9399/
2025-01-29 17:08:24,939 INFO c.h.h.t.HelmChartContainer - [test-hivemq-platform] [hivemq] [83e0ef03] INFO  - Extension "Prometheus Monitoring Extension" version 4.0.12 started successfully.
2025-01-29 17:08:24,939 INFO c.h.h.t.HelmChartContainer - [test-hivemq-platform] [hivemq] [83e0ef03] INFO  - Starting extension with id "hivemq-allow-all-extension" at /opt/hivemq/extensions/hivemq-allow-all-extension
2025-01-29 17:08:24,940 INFO c.h.h.t.HelmChartContainer - [test-hivemq-platform] [hivemq] [83e0ef03] WARN  - 
2025-01-29 17:08:24,940 INFO c.h.h.t.HelmChartContainer - [test-hivemq-platform] [hivemq] [83e0ef03] ################################################################################################################
2025-01-29 17:08:24,940 INFO c.h.h.t.HelmChartContainer - [test-hivemq-platform] [hivemq] [83e0ef03] # This HiveMQ deployment is not secure! You are lacking Authentication and Authorization.                      #
2025-01-29 17:08:24,940 INFO c.h.h.t.HelmChartContainer - [test-hivemq-platform] [hivemq] [83e0ef03] # Right now any MQTT client can connect to the broker with a full set of permissions.                          #
2025-01-29 17:08:24,940 INFO c.h.h.t.HelmChartContainer - [test-hivemq-platform] [hivemq] [83e0ef03] # For production usage, add an appropriate security extension and remove the hivemq-allow-all extension.       #
2025-01-29 17:08:24,941 INFO c.h.h.t.HelmChartContainer - [test-hivemq-platform] [hivemq] [83e0ef03] # You can download security extensions from the HiveMQ Marketplace (https://www.hivemq.com/extensions/).       #
2025-01-29 17:08:24,941 INFO c.h.h.t.HelmChartContainer - [test-hivemq-platform] [hivemq] [83e0ef03] ################################################################################################################
2025-01-29 17:08:24,942 INFO c.h.h.t.HelmChartContainer - [test-hivemq-platform] [hivemq] [83e0ef03] INFO  - Extension "Allow All Extension" version 1.1.1 started successfully.
2025-01-29 17:08:27,064 INFO c.h.h.t.HelmChartContainer - [EVENT] Warning [Unhealthy] Readiness probe failed: HTTP probe failed with statuscode: 503 [helmrestapiit:test-hivemq-platform-0]
2025-01-29 17:08:27,065 INFO c.h.h.t.HelmChartContainer - Received Unhealthy event for container hivemq in pod test-hivemq-platform-0 [83e0ef03-56b5-4b91-b1cb-4869ba1e29ed]
2025-01-29 17:08:27,149 INFO c.h.h.t.HelmChartContainer - [test-hivemq-platform] [hivemq] [83e0ef03] INFO  - 0gmk9: no members discovered after 2612 ms: creating cluster as first member
2025-01-29 17:08:27,157 INFO c.h.h.t.HelmChartContainer - [test-hivemq-platform] [hivemq] [83e0ef03] INFO  - Cluster nodes found by discovery: [0gmk9|0] (1) [0gmk9].
2025-01-29 17:08:27,248 INFO c.h.h.t.HelmChartContainer - [test-hivemq-platform] [hivemq] [83e0ef03] INFO  - Starting HiveMQ REST API on address 0.0.0.0 and port 8890
2025-01-29 17:08:27,842 INFO c.h.h.t.HelmChartContainer - [test-hivemq-platform] [hivemq] [83e0ef03] INFO  - Started HiveMQ REST API in 594ms
2025-01-29 17:08:27,843 INFO c.h.h.t.HelmChartContainer - [test-hivemq-platform] [hivemq] [83e0ef03] WARN  - No user for HiveMQ Control Center configured. Starting with default user
2025-01-29 17:08:27,843 INFO c.h.h.t.HelmChartContainer - [test-hivemq-platform] [hivemq] [83e0ef03] INFO  - Starting HiveMQ Control Center on address 127.0.0.1 and port 8080
2025-01-29 17:08:27,845 INFO c.h.h.t.HelmChartContainer - [test-hivemq-platform] [hivemq] [83e0ef03] INFO  - Mounting HiveMQ Control Center V2 Preview
2025-01-29 17:08:28,537 INFO c.h.h.t.HelmChartContainer - [test-hivemq-platform] [hivemq] [83e0ef03] INFO  - Started HiveMQ Control Center in 694ms
2025-01-29 17:08:28,553 INFO c.h.h.t.HelmChartContainer - [test-hivemq-platform] [hivemq] [83e0ef03] INFO  - Starting TCP listener on address 0.0.0.0 and port 1883
2025-01-29 17:08:28,568 INFO c.h.h.t.HelmChartContainer - [test-hivemq-platform] [hivemq] [83e0ef03] INFO  - Started TCP Listener on address 0.0.0.0 and on port 1883.
2025-01-29 17:08:28,568 INFO c.h.h.t.HelmChartContainer - [test-hivemq-platform] [hivemq] [83e0ef03] INFO  - Started HiveMQ in 34828ms
2025-01-29 17:08:32,062 INFO c.h.h.t.HelmChartContainer - [test-hivemq-platform] [hivemq] [83e0ef03] INFO  - [HiveMQ Platform Operator Init App 1.7.0-SNAPSHOT] Returning Health API response 200 for readiness
2025-01-29 17:08:32,076 INFO c.h.h.t.HelmChartContainer - [POD] test-hivemq-platform-0 [83e0ef03-56b5-4b91-b1cb-4869ba1e29ed] in helmrestapiit was MODIFIED
2025-01-29 17:08:32,089 INFO c.h.h.t.HelmChartContainer - [hivemq-test-hivemq-platform] [hivemq-platform-operator] [fd610676] 17:08:32.084 [pool-6-thread-45] DEBUG c.h.p.o.d.PlatformServiceResource - [helmrest] Desired Platform services (2 services)
2025-01-29 17:08:32,091 INFO c.h.h.t.HelmChartContainer - [hivemq-test-hivemq-platform] [hivemq-platform-operator] [fd610676] 17:08:32.086 [pool-6-thread-41] DEBUG c.h.p.o.d.PodServiceAccountResource - [helmrest] Desired PodServiceAccountResource (serviceAccountName: hivemq-platform-pod-test-hivemq-platform)
2025-01-29 17:08:32,091 INFO c.h.h.t.HelmChartContainer - [hivemq-test-hivemq-platform] [hivemq-platform-operator] [fd610676] 17:08:32.087 [pool-6-thread-43] DEBUG c.h.p.o.dependants.PodInfoConfigMap - [helmrest] Desired PodInfo ConfigMap (1 extensions) (1 enabled)
2025-01-29 17:08:32,091 INFO c.h.h.t.HelmChartContainer - [hivemq-test-hivemq-platform] [hivemq-platform-operator] [fd610676] 17:08:32.087 [pool-6-thread-43] DEBUG c.h.p.o.dependants.PodInfoConfigMap - [helmrest] Desired PodInfo ConfigMap (metrics port: 9399) (metrics path: /)
2025-01-29 17:08:32,091 INFO c.h.h.t.HelmChartContainer - [hivemq-test-hivemq-platform] [hivemq-platform-operator] [fd610676] 17:08:32.087 [pool-6-thread-43] DEBUG c.h.p.o.dependants.PodInfoConfigMap - [helmrest] Desired PodInfo ConfigMap (extension state hash: -1817474005)
2025-01-29 17:08:32,099 INFO c.h.h.t.HelmChartContainer - [hivemq-test-hivemq-platform] [hivemq-platform-operator] [fd610676] 17:08:32.097 [pool-6-thread-45] DEBUG c.h.p.o.d.StatefulSetResource - [helmrest] Desired StatefulSet (1 replicas) for status STARTING (READY)
2025-01-29 17:08:32,159 INFO c.h.h.t.HelmChartContainer - [hivemq-test-hivemq-platform] [hivemq-platform-operator] [fd610676] 17:08:32.157 [ReconcilerExecutor-hivemq-controller-112] INFO  c.h.p.o.HiveMQPlatformReconciler - [helmrest] Reconciling HiveMQ Platform 'test-hivemq-platform' in namespace 'helmrestapiit'
2025-01-29 17:08:32,159 INFO c.h.h.t.HelmChartContainer - [hivemq-test-hivemq-platform] [hivemq-platform-operator] [fd610676] 17:08:32.158 [ReconcilerExecutor-hivemq-controller-112] DEBUG c.h.p.o.HiveMQPlatformReconciler - [helmrest] Custom Resource Status STARTING - HiveMQ Platform is starting (READY)
2025-01-29 17:08:32,159 INFO c.h.h.t.HelmChartContainer - [hivemq-test-hivemq-platform] [hivemq-platform-operator] [fd610676] 17:08:32.158 [ReconcilerExecutor-hivemq-controller-112] DEBUG c.h.p.o.HiveMQPlatformReconciler - [helmrest] Custom Resource Spec (replicas: 1) (extensions: 1)
2025-01-29 17:08:32,161 INFO c.h.h.t.HelmChartContainer - [hivemq-test-hivemq-platform] [hivemq-platform-operator] [fd610676] 17:08:32.161 [ReconcilerExecutor-hivemq-controller-112] DEBUG c.h.p.o.HiveMQPlatformReconciler - [helmrest] StatefulSet Status (revision: test-hivemq-platform-54dd684c8, replicas: 1, available: 1, ready: 1, current: 1, updated: 1)
2025-01-29 17:08:32,161 INFO c.h.h.t.HelmChartContainer - [hivemq-test-hivemq-platform] [hivemq-platform-operator] [fd610676] 17:08:32.161 [ReconcilerExecutor-hivemq-controller-112] DEBUG c.h.p.o.HiveMQPlatformReconciler - [helmrest] StatefulSet Spec (replicas: 1, init containers: 1, containers: 1, volumes: 3)
2025-01-29 17:08:32,163 INFO c.h.h.t.HelmChartContainer - [hivemq-test-hivemq-platform] [hivemq-platform-operator] [fd610676] 17:08:32.162 [ReconcilerExecutor-hivemq-controller-112] DEBUG c.h.p.o.h.HiveMQPlatformReconcilerErrorHandler - [helmrest] Pod 'test-hivemq-platform-0' phase Running
2025-01-29 17:08:32,164 INFO c.h.h.t.HelmChartContainer - [hivemq-test-hivemq-platform] [hivemq-platform-operator] [fd610676] 17:08:32.163 [ReconcilerExecutor-hivemq-controller-112] INFO  c.h.p.o.h.HiveMQPlatformReconcilerBaseHandler - [helmrest] HiveMQ Platform started successfully
2025-01-29 17:08:32,260 INFO c.h.h.t.HelmChartContainer - [hivemq-test-hivemq-platform] [hivemq-platform-operator] [fd610676] 17:08:32.258 [ReconcilerExecutor-hivemq-controller-112] DEBUG c.h.p.operator.event.EventSender - [helmrest] Creating K8s event hivemq-platform-ready: [Ready] HiveMQ Platform is ready
2025-01-29 17:08:32,264 INFO c.h.h.t.HelmChartContainer - [EVENT] Normal [Ready] HiveMQ Platform is ready [helmrestapiit:test-hivemq-platform]
2025-01-29 17:08:32,266 INFO c.h.h.t.HelmChartContainer - [hivemq-test-hivemq-platform] [hivemq-platform-operator] [fd610676] 17:08:32.265 [ReconcilerExecutor-hivemq-controller-112] INFO  c.h.p.o.h.AbstractHiveMQReconcilerStateHandler - [helmrest] Update HiveMQ Platform Status (STARTING [READY] -> RUNNING [READY]): HiveMQ Platform is ready
2025-01-29 17:08:32,275 DEBUG com.hivemq.helmcharts.util.K8sUtil - Comparing actual state 'RUNNING' and waiting for 'RUNNING'
2025-01-29 17:08:32,357 INFO c.h.h.t.HelmChartContainer - [hivemq-test-hivemq-platform] [hivemq-platform-operator] [fd610676] 17:08:32.355 [pool-6-thread-1] DEBUG c.h.p.o.d.PlatformServiceResource - [helmrest] Desired Platform services (2 services)
2025-01-29 17:08:32,364 INFO c.h.h.t.HelmChartContainer - [hivemq-test-hivemq-platform] [hivemq-platform-operator] [fd610676] 17:08:32.360 [pool-6-thread-6] DEBUG c.h.p.o.d.PodServiceAccountResource - [helmrest] Desired PodServiceAccountResource (serviceAccountName: hivemq-platform-pod-test-hivemq-platform)
2025-01-29 17:08:32,364 INFO c.h.h.t.HelmChartContainer - [hivemq-test-hivemq-platform] [hivemq-platform-operator] [fd610676] 17:08:32.360 [pool-6-thread-2] DEBUG c.h.p.o.dependants.PodInfoConfigMap - [helmrest] Desired PodInfo ConfigMap (1 extensions) (1 enabled)
2025-01-29 17:08:32,366 INFO c.h.h.t.HelmChartContainer - [hivemq-test-hivemq-platform] [hivemq-platform-operator] [fd610676] 17:08:32.362 [pool-6-thread-2] DEBUG c.h.p.o.dependants.PodInfoConfigMap - [helmrest] Desired PodInfo ConfigMap (metrics port: 9399) (metrics path: /)
2025-01-29 17:08:32,366 INFO c.h.h.t.HelmChartContainer - [hivemq-test-hivemq-platform] [hivemq-platform-operator] [fd610676] 17:08:32.362 [pool-6-thread-2] DEBUG c.h.p.o.dependants.PodInfoConfigMap - [helmrest] Desired PodInfo ConfigMap (extension state hash: -1817474005)
2025-01-29 17:08:32,366 INFO c.h.h.t.HelmChartContainer - [hivemq-test-hivemq-platform] [hivemq-platform-operator] [fd610676] 17:08:32.363 [pool-6-thread-2] DEBUG c.h.p.o.dependants.PodInfoConfigMap - [helmrest] Update PodInfo ConfigMap
2025-01-29 17:08:32,450 INFO c.h.h.t.HelmChartContainer - Uninstalling release 'test-hivemq-platform' in namespace 'helmrestapiit'...
2025-01-29 17:08:32,450 DEBUG c.h.h.t.HelmChartContainer - Executing helm command: /bin/helm --kubeconfig /etc/rancher/k3s/k3s.yaml uninstall test-hivemq-platform  --wait --timeout 5m0s --cascade foreground --namespace helmrestapiit
2025-01-29 17:08:32,461 INFO c.h.h.t.HelmChartContainer - [hivemq-test-hivemq-platform] [hivemq-platform-operator] [fd610676] 17:08:32.459 [pool-6-thread-2] DEBUG c.h.p.o.d.StatefulSetResource - [helmrest] Desired StatefulSet (1 replicas) for status RUNNING (READY)
2025-01-29 17:08:32,469 INFO c.h.h.t.HelmChartContainer - [hivemq-test-hivemq-platform] [hivemq-platform-operator] [fd610676] 17:08:32.466 [ReconcilerExecutor-hivemq-controller-113] INFO  c.h.p.o.HiveMQPlatformReconciler - [helmrest] Reconciling HiveMQ Platform 'test-hivemq-platform' in namespace 'helmrestapiit'
2025-01-29 17:08:32,470 INFO c.h.h.t.HelmChartContainer - [hivemq-test-hivemq-platform] [hivemq-platform-operator] [fd610676] 17:08:32.466 [ReconcilerExecutor-hivemq-controller-113] DEBUG c.h.p.o.HiveMQPlatformReconciler - [helmrest] Custom Resource Status RUNNING - HiveMQ Platform is ready (READY)
2025-01-29 17:08:32,470 INFO c.h.h.t.HelmChartContainer - [hivemq-test-hivemq-platform] [hivemq-platform-operator] [fd610676] 17:08:32.467 [ReconcilerExecutor-hivemq-controller-113] DEBUG c.h.p.o.HiveMQPlatformReconciler - [helmrest] Custom Resource Spec (replicas: 1) (extensions: 1)
2025-01-29 17:08:32,471 INFO c.h.h.t.HelmChartContainer - [hivemq-test-hivemq-platform] [hivemq-platform-operator] [fd610676] 17:08:32.470 [ReconcilerExecutor-hivemq-controller-113] DEBUG c.h.p.o.HiveMQPlatformReconciler - [helmrest] StatefulSet Status (revision: test-hivemq-platform-54dd684c8, replicas: 1, available: 1, ready: 1, current: 1, updated: 1)
2025-01-29 17:08:32,472 INFO c.h.h.t.HelmChartContainer - [hivemq-test-hivemq-platform] [hivemq-platform-operator] [fd610676] 17:08:32.471 [ReconcilerExecutor-hivemq-controller-113] DEBUG c.h.p.o.HiveMQPlatformReconciler - [helmrest] StatefulSet Spec (replicas: 1, init containers: 1, containers: 1, volumes: 3)
2025-01-29 17:08:32,474 INFO c.h.h.t.HelmChartContainer - [hivemq-test-hivemq-platform] [hivemq-platform-operator] [fd610676] 17:08:32.473 [ReconcilerExecutor-hivemq-controller-113] DEBUG c.h.p.o.h.HiveMQPlatformReconcilerErrorHandler - [helmrest] Pod 'test-hivemq-platform-0' phase Running
2025-01-29 17:08:32,651 INFO c.h.h.t.HelmChartContainer - [hivemq-test-hivemq-platform] [hivemq-platform-operator] [fd610676] 17:08:32.648 [pool-6-thread-14] DEBUG c.h.p.o.d.PlatformServiceResource - [helmrest] Desired Platform services (2 services)
2025-01-29 17:08:32,653 INFO c.h.h.t.HelmChartContainer - [hivemq-test-hivemq-platform] [hivemq-platform-operator] [fd610676] 17:08:32.651 [pool-6-thread-15] DEBUG c.h.p.o.d.PodServiceAccountResource - [helmrest] Desired PodServiceAccountResource (serviceAccountName: hivemq-platform-pod-test-hivemq-platform)
2025-01-29 17:08:32,663 INFO c.h.h.t.HelmChartContainer - [hivemq-test-hivemq-platform] [hivemq-platform-operator] [fd610676] 17:08:32.655 [pool-6-thread-19] DEBUG c.h.p.o.dependants.PodInfoConfigMap - [helmrest] Desired PodInfo ConfigMap (1 extensions) (1 enabled)
2025-01-29 17:08:32,664 INFO c.h.h.t.HelmChartContainer - [hivemq-test-hivemq-platform] [hivemq-platform-operator] [fd610676] 17:08:32.657 [pool-6-thread-19] DEBUG c.h.p.o.dependants.PodInfoConfigMap - [helmrest] Desired PodInfo ConfigMap (metrics port: 9399) (metrics path: /)
2025-01-29 17:08:32,664 INFO c.h.h.t.HelmChartContainer - [hivemq-test-hivemq-platform] [hivemq-platform-operator] [fd610676] 17:08:32.658 [pool-6-thread-19] DEBUG c.h.p.o.dependants.PodInfoConfigMap - [helmrest] Desired PodInfo ConfigMap (extension state hash: -1817474005)
2025-01-29 17:08:32,664 INFO c.h.h.t.HelmChartContainer - [hivemq-test-hivemq-platform] [hivemq-platform-operator] [fd610676] 17:08:32.660 [pool-6-thread-19] DEBUG c.h.p.o.d.StatefulSetResource - [helmrest] Desired StatefulSet (1 replicas) for status RUNNING (READY)
2025-01-29 17:08:32,730 INFO c.h.h.t.HelmChartContainer - [hivemq-test-hivemq-platform] [hivemq-platform-operator] [fd610676] 17:08:32.728 [ReconcilerExecutor-hivemq-controller-114] INFO  c.h.p.o.HiveMQPlatformReconciler - [helmrest] Reconciling HiveMQ Platform 'test-hivemq-platform' in namespace 'helmrestapiit'
2025-01-29 17:08:32,730 INFO c.h.h.t.HelmChartContainer - [hivemq-test-hivemq-platform] [hivemq-platform-operator] [fd610676] 17:08:32.728 [ReconcilerExecutor-hivemq-controller-114] DEBUG c.h.p.o.HiveMQPlatformReconciler - [helmrest] Custom Resource Status RUNNING - HiveMQ Platform is ready (READY)
2025-01-29 17:08:32,731 INFO c.h.h.t.HelmChartContainer - [hivemq-test-hivemq-platform] [hivemq-platform-operator] [fd610676] 17:08:32.728 [ReconcilerExecutor-hivemq-controller-114] DEBUG c.h.p.o.HiveMQPlatformReconciler - [helmrest] Custom Resource Spec (replicas: 1) (extensions: 1)
2025-01-29 17:08:32,731 INFO c.h.h.t.HelmChartContainer - [hivemq-test-hivemq-platform] [hivemq-platform-operator] [fd610676] 17:08:32.729 [ReconcilerExecutor-hivemq-controller-114] WARN  c.h.p.o.h.HiveMQPlatformReconcilerErrorHandler - [helmrest] Could not find ConfigMap 'hivemq-configuration-test-hivemq-platform' for HiveMQ Platform configuration
2025-01-29 17:08:32,855 INFO c.h.h.t.HelmChartContainer - [hivemq-test-hivemq-platform] [hivemq-platform-operator] [fd610676] 17:08:32.854 [ReconcilerExecutor-hivemq-controller-114] DEBUG c.h.p.operator.event.EventSender - [helmrest] Creating K8s event hivemq-platform-invalid-configuration: [Start] Could not find ConfigMap 'hivemq-configuration-test-hivemq-platform' for HiveMQ Platform configuration
2025-01-29 17:08:32,929 INFO c.h.h.t.HelmChartContainer - [EVENT] Warning [Start] Could not find ConfigMap 'hivemq-configuration-test-hivemq-platform' for HiveMQ Platform configuration [helmrestapiit:test-hivemq-platform]
2025-01-29 17:08:32,932 INFO c.h.h.t.HelmChartContainer - [hivemq-test-hivemq-platform] [hivemq-platform-operator] [fd610676] 17:08:32.930 [ReconcilerExecutor-hivemq-controller-114] INFO  c.h.p.o.h.AbstractHiveMQReconcilerStateHandler - [helmrest] Update HiveMQ Platform Status (RUNNING [READY] -> ERROR [INVALID_CONFIG_MAP]): Could not find ConfigMap 'hivemq-configuration-test-hivemq-platform' for HiveMQ Platform configuration
2025-01-29 17:08:32,953 INFO c.h.h.t.HelmChartContainer - [hivemq-test-hivemq-platform] [hivemq-platform-operator] [fd610676] 17:08:32.941 [ReconcilerExecutor-hivemq-controller-114] ERROR i.j.o.p.event.EventProcessor - Error during event processing ExecutionScope{ resource id: ResourceID{name='test-hivemq-platform', namespace='helmrestapiit'}, version: 1395}
2025-01-29 17:08:32,953 INFO c.h.h.t.HelmChartContainer - [hivemq-test-hivemq-platform] [hivemq-platform-operator] [fd610676] io.fabric8.kubernetes.client.KubernetesClientException: Failure executing: PUT at: https://10.43.0.1:443/apis/hivemq.com/v1/namespaces/helmrestapiit/hivemq-platforms/test-hivemq-platform/status. Message: Operation cannot be fulfilled on hivemq-platforms.hivemq.com "test-hivemq-platform": the object has been modified; please apply your changes to the latest version and try again. Received status: Status(apiVersion=v1, code=409, details=StatusDetails(causes=[], group=hivemq.com, kind=hivemq-platforms, name=test-hivemq-platform, retryAfterSeconds=null, uid=null, additionalProperties={}), kind=Status, message=Operation cannot be fulfilled on hivemq-platforms.hivemq.com "test-hivemq-platform": the object has been modified; please apply your changes to the latest version and try again, metadata=ListMeta(_continue=null, remainingItemCount=null, resourceVersion=null, selfLink=null, additionalProperties={}), reason=Conflict, status=Failure, additionalProperties={}).
2025-01-29 17:08:32,954 INFO c.h.h.t.HelmChartContainer - [hivemq-test-hivemq-platform] [hivemq-platform-operator] [fd610676] 	at io.fabric8.kubernetes.client.KubernetesClientException.copyAsCause(KubernetesClientException.java:238)
2025-01-29 17:08:32,954 INFO c.h.h.t.HelmChartContainer - [hivemq-test-hivemq-platform] [hivemq-platform-operator] [fd610676] 	at io.fabric8.kubernetes.client.dsl.internal.OperationSupport.waitForResult(OperationSupport.java:507)
2025-01-29 17:08:32,954 INFO c.h.h.t.HelmChartContainer - [hivemq-test-hivemq-platform] [hivemq-platform-operator] [fd610676] 	at io.fabric8.kubernetes.client.dsl.internal.OperationSupport.handleResponse(OperationSupport.java:524)
2025-01-29 17:08:32,954 INFO c.h.h.t.HelmChartContainer - [hivemq-test-hivemq-platform] [hivemq-platform-operator] [fd610676] 	at io.fabric8.kubernetes.client.dsl.internal.OperationSupport.handleUpdate(OperationSupport.java:358)
2025-01-29 17:08:32,954 INFO c.h.h.t.HelmChartContainer - [hivemq-test-hivemq-platform] [hivemq-platform-operator] [fd610676] 	at io.fabric8.kubernetes.client.dsl.internal.BaseOperation.handleUpdate(BaseOperation.java:759)
2025-01-29 17:08:32,954 INFO c.h.h.t.HelmChartContainer - [hivemq-test-hivemq-platform] [hivemq-platform-operator] [fd610676] 	at io.fabric8.kubernetes.client.dsl.internal.HasMetadataOperation.update(HasMetadataOperation.java:138)
2025-01-29 17:08:32,954 INFO c.h.h.t.HelmChartContainer - [hivemq-test-hivemq-platform] [hivemq-platform-operator] [fd610676] 	at io.fabric8.kubernetes.client.dsl.internal.HasMetadataOperation.update(HasMetadataOperation.java:121)
2025-01-29 17:08:32,954 INFO c.h.h.t.HelmChartContainer - [hivemq-test-hivemq-platform] [hivemq-platform-operator] [fd610676] 	at io.fabric8.kubernetes.client.dsl.internal.HasMetadataOperation.updateStatus(HasMetadataOperation.java:126)
2025-01-29 17:08:32,954 INFO c.h.h.t.HelmChartContainer - [hivemq-test-hivemq-platform] [hivemq-platform-operator] [fd610676] 	at io.fabric8.kubernetes.client.dsl.internal.HasMetadataOperation.updateStatus(HasMetadataOperation.java:44)
2025-01-29 17:08:32,954 INFO c.h.h.t.HelmChartContainer - [hivemq-test-hivemq-platform] [hivemq-platform-operator] [fd610676] 	at io.javaoperatorsdk.operator.processing.event.ReconciliationDispatcher$CustomResourceFacade.updateStatus(ReconciliationDispatcher.java:408)
2025-01-29 17:08:32,954 INFO c.h.h.t.HelmChartContainer - [hivemq-test-hivemq-platform] [hivemq-platform-operator] [fd610676] 	at io.javaoperatorsdk.operator.processing.event.ReconciliationDispatcher.updateStatusGenerationAware(ReconciliationDispatcher.java:228)
2025-01-29 17:08:32,954 INFO c.h.h.t.HelmChartContainer - [hivemq-test-hivemq-platform] [hivemq-platform-operator] [fd610676] 	at io.javaoperatorsdk.operator.processing.event.ReconciliationDispatcher.reconcileExecution(ReconciliationDispatcher.java:150)
2025-01-29 17:08:32,954 INFO c.h.h.t.HelmChartContainer - [hivemq-test-hivemq-platform] [hivemq-platform-operator] [fd610676] 	at io.javaoperatorsdk.operator.processing.event.ReconciliationDispatcher.handleReconcile(ReconciliationDispatcher.java:117)
2025-01-29 17:08:32,954 INFO c.h.h.t.HelmChartContainer - [hivemq-test-hivemq-platform] [hivemq-platform-operator] [fd610676] 	at io.javaoperatorsdk.operator.processing.event.ReconciliationDispatcher.handleDispatch(ReconciliationDispatcher.java:91)
2025-01-29 17:08:32,954 INFO c.h.h.t.HelmChartContainer - [hivemq-test-hivemq-platform] [hivemq-platform-operator] [fd610676] 	at io.javaoperatorsdk.operator.processing.event.ReconciliationDispatcher.handleExecution(ReconciliationDispatcher.java:64)
2025-01-29 17:08:32,954 INFO c.h.h.t.HelmChartContainer - [hivemq-test-hivemq-platform] [hivemq-platform-operator] [fd610676] 	at io.javaoperatorsdk.operator.processing.event.EventProcessor$ReconcilerExecutor.run(EventProcessor.java:452)
2025-01-29 17:08:32,954 INFO c.h.h.t.HelmChartContainer - [hivemq-test-hivemq-platform] [hivemq-platform-operator] [fd610676] 	at java.base/java.util.concurrent.ThreadPoolExecutor.runWorker(Unknown Source)
2025-01-29 17:08:32,954 INFO c.h.h.t.HelmChartContainer - [hivemq-test-hivemq-platform] [hivemq-platform-operator] [fd610676] 	at java.base/java.util.concurrent.ThreadPoolExecutor$Worker.run(Unknown Source)
2025-01-29 17:08:32,954 INFO c.h.h.t.HelmChartContainer - [hivemq-test-hivemq-platform] [hivemq-platform-operator] [fd610676] 	at java.base/java.lang.Thread.run(Unknown Source)
2025-01-29 17:08:32,954 INFO c.h.h.t.HelmChartContainer - [hivemq-test-hivemq-platform] [hivemq-platform-operator] [fd610676] Caused by: io.fabric8.kubernetes.client.KubernetesClientException: Failure executing: PUT at: https://10.43.0.1:443/apis/hivemq.com/v1/namespaces/helmrestapiit/hivemq-platforms/test-hivemq-platform/status. Message: Operation cannot be fulfilled on hivemq-platforms.hivemq.com "test-hivemq-platform": the object has been modified; please apply your changes to the latest version and try again. Received status: Status(apiVersion=v1, code=409, details=StatusDetails(causes=[], group=hivemq.com, kind=hivemq-platforms, name=test-hivemq-platform, retryAfterSeconds=null, uid=null, additionalProperties={}), kind=Status, message=Operation cannot be fulfilled on hivemq-platforms.hivemq.com "test-hivemq-platform": the object has been modified; please apply your changes to the latest version and try again, metadata=ListMeta(_continue=null, remainingItemCount=null, resourceVersion=null, selfLink=null, additionalProperties={}), reason=Conflict, status=Failure, additionalProperties={}).
2025-01-29 17:08:32,954 INFO c.h.h.t.HelmChartContainer - [hivemq-test-hivemq-platform] [hivemq-platform-operator] [fd610676] 	at io.fabric8.kubernetes.client.dsl.internal.OperationSupport.requestFailure(OperationSupport.java:660)
2025-01-29 17:08:32,954 INFO c.h.h.t.HelmChartContainer - [hivemq-test-hivemq-platform] [hivemq-platform-operator] [fd610676] 	at io.fabric8.kubernetes.client.dsl.internal.OperationSupport.requestFailure(OperationSupport.java:640)
2025-01-29 17:08:32,954 INFO c.h.h.t.HelmChartContainer - [hivemq-test-hivemq-platform] [hivemq-platform-operator] [fd610676] 	at io.fabric8.kubernetes.client.dsl.internal.OperationSupport.assertResponseCode(OperationSupport.java:589)
2025-01-29 17:08:32,954 INFO c.h.h.t.HelmChartContainer - [hivemq-test-hivemq-platform] [hivemq-platform-operator] [fd610676] 	at io.fabric8.kubernetes.client.dsl.internal.OperationSupport.lambda$handleResponse$0(OperationSupport.java:549)
2025-01-29 17:08:32,954 INFO c.h.h.t.HelmChartContainer - [hivemq-test-hivemq-platform] [hivemq-platform-operator] [fd610676] 	at java.base/java.util.concurrent.CompletableFuture$UniApply.tryFire(Unknown Source)
2025-01-29 17:08:32,954 INFO c.h.h.t.HelmChartContainer - [hivemq-test-hivemq-platform] [hivemq-platform-operator] [fd610676] 	at java.base/java.util.concurrent.CompletableFuture.postComplete(Unknown Source)
2025-01-29 17:08:32,954 INFO c.h.h.t.HelmChartContainer - [hivemq-test-hivemq-platform] [hivemq-platform-operator] [fd610676] 	at java.base/java.util.concurrent.CompletableFuture.complete(Unknown Source)
2025-01-29 17:08:32,954 INFO c.h.h.t.HelmChartContainer - [hivemq-test-hivemq-platform] [hivemq-platform-operator] [fd610676] 	at io.fabric8.kubernetes.client.http.StandardHttpClient.lambda$completeOrCancel$10(StandardHttpClient.java:141)
2025-01-29 17:08:32,954 INFO c.h.h.t.HelmChartContainer - [hivemq-test-hivemq-platform] [hivemq-platform-operator] [fd610676] 	at java.base/java.util.concurrent.CompletableFuture.uniWhenComplete(Unknown Source)
2025-01-29 17:08:32,954 INFO c.h.h.t.HelmChartContainer - [hivemq-test-hivemq-platform] [hivemq-platform-operator] [fd610676] 	at java.base/java.util.concurrent.CompletableFuture$UniWhenComplete.tryFire(Unknown Source)
2025-01-29 17:08:32,954 INFO c.h.h.t.HelmChartContainer - [hivemq-test-hivemq-platform] [hivemq-platform-operator] [fd610676] 	at java.base/java.util.concurrent.CompletableFuture.postComplete(Unknown Source)
2025-01-29 17:08:32,954 INFO c.h.h.t.HelmChartContainer - [hivemq-test-hivemq-platform] [hivemq-platform-operator] [fd610676] 	at java.base/java.util.concurrent.CompletableFuture.complete(Unknown Source)
2025-01-29 17:08:32,954 INFO c.h.h.t.HelmChartContainer - [hivemq-test-hivemq-platform] [hivemq-platform-operator] [fd610676] 	at io.fabric8.kubernetes.client.http.ByteArrayBodyHandler.onBodyDone(ByteArrayBodyHandler.java:51)
2025-01-29 17:08:32,954 INFO c.h.h.t.HelmChartContainer - [hivemq-test-hivemq-platform] [hivemq-platform-operator] [fd610676] 	at java.base/java.util.concurrent.CompletableFuture.uniWhenComplete(Unknown Source)
2025-01-29 17:08:32,954 INFO c.h.h.t.HelmChartContainer - [hivemq-test-hivemq-platform] [hivemq-platform-operator] [fd610676] 	at java.base/java.util.concurrent.CompletableFuture$UniWhenComplete.tryFire(Unknown Source)
2025-01-29 17:08:32,954 INFO c.h.h.t.HelmChartContainer - [hivemq-test-hivemq-platform] [hivemq-platform-operator] [fd610676] 	at java.base/java.util.concurrent.CompletableFuture.postComplete(Unknown Source)
2025-01-29 17:08:32,954 INFO c.h.h.t.HelmChartContainer - [hivemq-test-hivemq-platform] [hivemq-platform-operator] [fd610676] 	at java.base/java.util.concurrent.CompletableFuture.complete(Unknown Source)
2025-01-29 17:08:32,954 INFO c.h.h.t.HelmChartContainer - [hivemq-test-hivemq-platform] [hivemq-platform-operator] [fd610676] 	at io.fabric8.kubernetes.client.vertx.VertxHttpRequest.lambda$null$1(VertxHttpRequest.java:121)
2025-01-29 17:08:32,954 INFO c.h.h.t.HelmChartContainer - [hivemq-test-hivemq-platform] [hivemq-platform-operator] [fd610676] 	at io.vertx.core.impl.ContextInternal.dispatch(ContextInternal.java:279)
2025-01-29 17:08:32,954 INFO c.h.h.t.HelmChartContainer - [hivemq-test-hivemq-platform] [hivemq-platform-operator] [fd610676] 	at io.vertx.core.impl.ContextInternal.dispatch(ContextInternal.java:261)
2025-01-29 17:08:32,954 INFO c.h.h.t.HelmChartContainer - [hivemq-test-hivemq-platform] [hivemq-platform-operator] [fd610676] 	at io.vertx.core.http.impl.HttpEventHandler.handleEnd(HttpEventHandler.java:76)
2025-01-29 17:08:32,954 INFO c.h.h.t.HelmChartContainer - [hivemq-test-hivemq-platform] [hivemq-platform-operator] [fd610676] 	at io.vertx.core.http.impl.HttpClientResponseImpl.handleEnd(HttpClientResponseImpl.java:250)
2025-01-29 17:08:32,954 INFO c.h.h.t.HelmChartContainer - [hivemq-test-hivemq-platform] [hivemq-platform-operator] [fd610676] 	at io.vertx.core.http.impl.Http1xClientConnection$StreamImpl.lambda$new$0(Http1xClientConnection.java:421)
2025-01-29 17:08:32,955 INFO c.h.h.t.HelmChartContainer - [hivemq-test-hivemq-platform] [hivemq-platform-operator] [fd610676] 	at io.vertx.core.streams.impl.InboundBuffer.handleEvent(InboundBuffer.java:279)
2025-01-29 17:08:32,955 INFO c.h.h.t.HelmChartContainer - [hivemq-test-hivemq-platform] [hivemq-platform-operator] [fd610676] 	at io.vertx.core.streams.impl.InboundBuffer.write(InboundBuffer.java:157)
2025-01-29 17:08:32,955 INFO c.h.h.t.HelmChartContainer - [hivemq-test-hivemq-platform] [hivemq-platform-operator] [fd610676] 	at io.vertx.core.http.impl.Http1xClientConnection$StreamImpl.handleEnd(Http1xClientConnection.java:709)
2025-01-29 17:08:32,955 INFO c.h.h.t.HelmChartContainer - [hivemq-test-hivemq-platform] [hivemq-platform-operator] [fd610676] 	at io.vertx.core.impl.ContextImpl.execute(ContextImpl.java:313)
2025-01-29 17:08:32,955 INFO c.h.h.t.HelmChartContainer - [hivemq-test-hivemq-platform] [hivemq-platform-operator] [fd610676] 	at io.vertx.core.impl.ContextImpl.execute(ContextImpl.java:293)
2025-01-29 17:08:32,955 INFO c.h.h.t.HelmChartContainer - [hivemq-test-hivemq-platform] [hivemq-platform-operator] [fd610676] 	at io.vertx.core.http.impl.Http1xClientConnection.handleResponseEnd(Http1xClientConnection.java:940)
2025-01-29 17:08:32,955 INFO c.h.h.t.HelmChartContainer - [hivemq-test-hivemq-platform] [hivemq-platform-operator] [fd610676] 	at io.vertx.core.http.impl.Http1xClientConnection.handleHttpMessage(Http1xClientConnection.java:810)
2025-01-29 17:08:32,955 INFO c.h.h.t.HelmChartContainer - [hivemq-test-hivemq-platform] [hivemq-platform-operator] [fd610676] 	at io.vertx.core.http.impl.Http1xClientConnection.handleMessage(Http1xClientConnection.java:774)
2025-01-29 17:08:32,955 INFO c.h.h.t.HelmChartContainer - [hivemq-test-hivemq-platform] [hivemq-platform-operator] [fd610676] 	at io.vertx.core.net.impl.ConnectionBase.read(ConnectionBase.java:159)
2025-01-29 17:08:32,955 INFO c.h.h.t.HelmChartContainer - [hivemq-test-hivemq-platform] [hivemq-platform-operator] [fd610676] 	at io.vertx.core.net.impl.VertxHandler.channelRead(VertxHandler.java:153)
2025-01-29 17:08:32,955 INFO c.h.h.t.HelmChartContainer - [hivemq-test-hivemq-platform] [hivemq-platform-operator] [fd610676] 	at io.netty.channel.AbstractChannelHandlerContext.invokeChannelRead(AbstractChannelHandlerContext.java:442)
2025-01-29 17:08:32,955 INFO c.h.h.t.HelmChartContainer - [hivemq-test-hivemq-platform] [hivemq-platform-operator] [fd610676] 	at io.netty.channel.AbstractChannelHandlerContext.invokeChannelRead(AbstractChannelHandlerContext.java:420)
2025-01-29 17:08:32,955 INFO c.h.h.t.HelmChartContainer - [hivemq-test-hivemq-platform] [hivemq-platform-operator] [fd610676] 	at io.netty.channel.AbstractChannelHandlerContext.fireChannelRead(AbstractChannelHandlerContext.java:412)
2025-01-29 17:08:32,955 INFO c.h.h.t.HelmChartContainer - [hivemq-test-hivemq-platform] [hivemq-platform-operator] [fd610676] 	at io.netty.channel.CombinedChannelDuplexHandler$DelegatingChannelHandlerContext.fireChannelRead(CombinedChannelDuplexHandler.java:436)
2025-01-29 17:08:32,955 INFO c.h.h.t.HelmChartContainer - [hivemq-test-hivemq-platform] [hivemq-platform-operator] [fd610676] 	at io.netty.handler.codec.ByteToMessageDecoder.fireChannelRead(ByteToMessageDecoder.java:346)
2025-01-29 17:08:32,955 INFO c.h.h.t.HelmChartContainer - [hivemq-test-hivemq-platform] [hivemq-platform-operator] [fd610676] 	at io.netty.handler.codec.ByteToMessageDecoder.channelRead(ByteToMessageDecoder.java:318)
2025-01-29 17:08:32,955 INFO c.h.h.t.HelmChartContainer - [hivemq-test-hivemq-platform] [hivemq-platform-operator] [fd610676] 	at io.netty.channel.CombinedChannelDuplexHandler.channelRead(CombinedChannelDuplexHandler.java:251)
2025-01-29 17:08:32,955 INFO c.h.h.t.HelmChartContainer - [hivemq-test-hivemq-platform] [hivemq-platform-operator] [fd610676] 	at io.netty.channel.AbstractChannelHandlerContext.invokeChannelRead(AbstractChannelHandlerContext.java:442)
2025-01-29 17:08:32,955 INFO c.h.h.t.HelmChartContainer - [hivemq-test-hivemq-platform] [hivemq-platform-operator] [fd610676] 	at io.netty.channel.AbstractChannelHandlerContext.invokeChannelRead(AbstractChannelHandlerContext.java:420)
2025-01-29 17:08:32,955 INFO c.h.h.t.HelmChartContainer - [hivemq-test-hivemq-platform] [hivemq-platform-operator] [fd610676] 	at io.netty.channel.AbstractChannelHandlerContext.fireChannelRead(AbstractChannelHandlerContext.java:412)
2025-01-29 17:08:32,955 INFO c.h.h.t.HelmChartContainer - [hivemq-test-hivemq-platform] [hivemq-platform-operator] [fd610676] 	at io.netty.handler.ssl.SslHandler.unwrap(SslHandler.java:1475)
2025-01-29 17:08:32,955 INFO c.h.h.t.HelmChartContainer - [hivemq-test-hivemq-platform] [hivemq-platform-operator] [fd610676] 	at io.netty.handler.ssl.SslHandler.decodeJdkCompatible(SslHandler.java:1338)
2025-01-29 17:08:32,955 INFO c.h.h.t.HelmChartContainer - [hivemq-test-hivemq-platform] [hivemq-platform-operator] [fd610676] 	at io.netty.handler.ssl.SslHandler.decode(SslHandler.java:1387)
2025-01-29 17:08:32,955 INFO c.h.h.t.HelmChartContainer - [hivemq-test-hivemq-platform] [hivemq-platform-operator] [fd610676] 	at io.netty.handler.codec.ByteToMessageDecoder.decodeRemovalReentryProtection(ByteToMessageDecoder.java:530)
2025-01-29 17:08:32,955 INFO c.h.h.t.HelmChartContainer - [hivemq-test-hivemq-platform] [hivemq-platform-operator] [fd610676] 	at io.netty.handler.codec.ByteToMessageDecoder.callDecode(ByteToMessageDecoder.java:469)
2025-01-29 17:08:32,955 INFO c.h.h.t.HelmChartContainer - [hivemq-test-hivemq-platform] [hivemq-platform-operator] [fd610676] 	at io.netty.handler.codec.ByteToMessageDecoder.channelRead(ByteToMessageDecoder.java:290)
2025-01-29 17:08:32,955 INFO c.h.h.t.HelmChartContainer - [hivemq-test-hivemq-platform] [hivemq-platform-operator] [fd610676] 	at io.netty.channel.AbstractChannelHandlerContext.invokeChannelRead(AbstractChannelHandlerContext.java:444)
2025-01-29 17:08:32,955 INFO c.h.h.t.HelmChartContainer - [hivemq-test-hivemq-platform] [hivemq-platform-operator] [fd610676] 	at io.netty.channel.AbstractChannelHandlerContext.invokeChannelRead(AbstractChannelHandlerContext.java:420)
2025-01-29 17:08:32,955 INFO c.h.h.t.HelmChartContainer - [hivemq-test-hivemq-platform] [hivemq-platform-operator] [fd610676] 	at io.netty.channel.AbstractChannelHandlerContext.fireChannelRead(AbstractChannelHandlerContext.java:412)
2025-01-29 17:08:32,955 INFO c.h.h.t.HelmChartContainer - [hivemq-test-hivemq-platform] [hivemq-platform-operator] [fd610676] 	at io.netty.channel.DefaultChannelPipeline$HeadContext.channelRead(DefaultChannelPipeline.java:1407)
2025-01-29 17:08:32,955 INFO c.h.h.t.HelmChartContainer - [hivemq-test-hivemq-platform] [hivemq-platform-operator] [fd610676] 	at io.netty.channel.AbstractChannelHandlerContext.invokeChannelRead(AbstractChannelHandlerContext.java:440)
2025-01-29 17:08:32,955 INFO c.h.h.t.HelmChartContainer - [hivemq-test-hivemq-platform] [hivemq-platform-operator] [fd610676] 	at io.netty.channel.AbstractChannelHandlerContext.invokeChannelRead(AbstractChannelHandlerContext.java:420)
2025-01-29 17:08:32,955 INFO c.h.h.t.HelmChartContainer - [hivemq-test-hivemq-platform] [hivemq-platform-operator] [fd610676] 	at io.netty.channel.DefaultChannelPipeline.fireChannelRead(DefaultChannelPipeline.java:918)
2025-01-29 17:08:32,955 INFO c.h.h.t.HelmChartContainer - [hivemq-test-hivemq-platform] [hivemq-platform-operator] [fd610676] 	at io.netty.channel.nio.AbstractNioByteChannel$NioByteUnsafe.read(AbstractNioByteChannel.java:166)
2025-01-29 17:08:32,955 INFO c.h.h.t.HelmChartContainer - [hivemq-test-hivemq-platform] [hivemq-platform-operator] [fd610676] 	at io.netty.channel.nio.NioEventLoop.processSelectedKey(NioEventLoop.java:788)
2025-01-29 17:08:32,955 INFO c.h.h.t.HelmChartContainer - [hivemq-test-hivemq-platform] [hivemq-platform-operator] [fd610676] 	at io.netty.channel.nio.NioEventLoop.processSelectedKeysOptimized(NioEventLoop.java:724)
2025-01-29 17:08:32,955 INFO c.h.h.t.HelmChartContainer - [hivemq-test-hivemq-platform] [hivemq-platform-operator] [fd610676] 	at io.netty.channel.nio.NioEventLoop.processSelectedKeys(NioEventLoop.java:650)
2025-01-29 17:08:32,955 INFO c.h.h.t.HelmChartContainer - [hivemq-test-hivemq-platform] [hivemq-platform-operator] [fd610676] 	at io.netty.channel.nio.NioEventLoop.run(NioEventLoop.java:562)
2025-01-29 17:08:32,955 INFO c.h.h.t.HelmChartContainer - [hivemq-test-hivemq-platform] [hivemq-platform-operator] [fd610676] 	at io.netty.util.concurrent.SingleThreadEventExecutor$4.run(SingleThreadEventExecutor.java:997)
2025-01-29 17:08:32,955 INFO c.h.h.t.HelmChartContainer - [hivemq-test-hivemq-platform] [hivemq-platform-operator] [fd610676] 	at io.netty.util.internal.ThreadExecutorMap$2.run(ThreadExecutorMap.java:74)
2025-01-29 17:08:32,955 INFO c.h.h.t.HelmChartContainer - [hivemq-test-hivemq-platform] [hivemq-platform-operator] [fd610676] 	at io.netty.util.concurrent.FastThreadLocalRunnable.run(FastThreadLocalRunnable.java:30)
2025-01-29 17:08:32,955 INFO c.h.h.t.HelmChartContainer - [hivemq-test-hivemq-platform] [hivemq-platform-operator] [fd610676] 	... 1 common frames omitted
2025-01-29 17:08:32,959 INFO c.h.h.t.HelmChartContainer - [hivemq-test-hivemq-platform] [hivemq-platform-operator] [fd610676] 17:08:32.957 [ReconcilerExecutor-hivemq-controller-119] INFO  c.h.p.o.HiveMQPlatformReconciler - [helmrest] Cleanup test-hivemq-platform - helmrestapiit HiveMQ Platform is shut down
2025-01-29 17:08:33,306 INFO c.h.h.t.HelmChartContainer - [POD] test-hivemq-platform-0 [83e0ef03-56b5-4b91-b1cb-4869ba1e29ed] in helmrestapiit was MODIFIED
2025-01-29 17:08:33,319 INFO c.h.h.t.HelmChartContainer - [test-hivemq-platform] [hivemq] [83e0ef03] INFO  - [HiveMQ Platform Operator Init App 1.7.0-SNAPSHOT] Shutting down
2025-01-29 17:08:33,319 INFO c.h.h.t.HelmChartContainer - [test-hivemq-platform] [hivemq] [83e0ef03] INFO  - [HiveMQ Platform Operator Init App 1.7.0-SNAPSHOT] Stopping the HiveMQ Platform
2025-01-29 17:08:33,321 INFO c.h.h.t.HelmChartContainer - [EVENT] Normal [Killing] Stopping container hivemq [helmrestapiit:test-hivemq-platform-0]
2025-01-29 17:08:33,321 INFO c.h.h.t.HelmChartContainer - Received Killing event for container hivemq in pod test-hivemq-platform-0 [83e0ef03-56b5-4b91-b1cb-4869ba1e29ed]
2025-01-29 17:08:33,321 INFO c.h.h.t.HelmChartContainer - Container [test-hivemq-platform-0] [hivemq] [83e0ef03-56b5-4b91-b1cb-4869ba1e29ed] was terminated
2025-01-29 17:08:33,322 INFO c.h.h.t.HelmChartContainer - Stopped log watcher for hivemq in pod test-hivemq-platform-0 [83e0ef03-56b5-4b91-b1cb-4869ba1e29ed]
2025-01-29 17:08:33,450 INFO c.h.h.t.HelmChartContainer - [test-hivemq-platform] [hivemq] [83e0ef03] INFO  - Shutting down HiveMQ. Please wait, this could take a while...
2025-01-29 17:08:33,541 INFO c.h.h.t.HelmChartContainer - [test-hivemq-platform] [hivemq] [83e0ef03] INFO  - Shutting down listeners and clients
2025-01-29 17:08:33,541 INFO c.h.h.t.HelmChartContainer - [test-hivemq-platform] [hivemq] [83e0ef03] INFO  - Shutdown of listeners is done
2025-01-29 17:08:33,541 INFO c.h.h.t.HelmChartContainer - [test-hivemq-platform] [hivemq] [83e0ef03] INFO  - No clients are connected, proceeding with shutdown
2025-01-29 17:08:34,705 INFO c.h.h.t.HelmChartContainer - Deleting namespace 'helmrestapiit'...
2025-01-29 17:08:37,055 INFO c.h.h.t.HelmChartContainer - [test-hivemq-platform] [hivemq] [83e0ef03] INFO  - [HiveMQ Platform Operator Init App 1.7.0-SNAPSHOT] Returning shutdown Health API response 503 for readiness
2025-01-29 17:08:37,060 INFO c.h.h.t.HelmChartContainer - [EVENT] Warning [Unhealthy] Readiness probe failed: HTTP probe failed with statuscode: 503 [helmrestapiit:test-hivemq-platform-0]
2025-01-29 17:08:37,060 INFO c.h.h.t.HelmChartContainer - Received Unhealthy event for container hivemq in pod test-hivemq-platform-0 [83e0ef03-56b5-4b91-b1cb-4869ba1e29ed]
2025-01-29 17:08:37,143 INFO c.h.h.t.HelmChartContainer - [test-hivemq-platform] [hivemq] [83e0ef03] INFO  - Shutting down extension system
2025-01-29 17:08:37,146 INFO c.h.h.t.HelmChartContainer - [test-hivemq-platform] [hivemq] [83e0ef03] INFO  - Stopping extension with id hivemq-dns-cluster-discovery
2025-01-29 17:08:37,147 INFO c.h.h.t.HelmChartContainer - [test-hivemq-platform] [hivemq] [83e0ef03] INFO  - Extension "DNS Cluster Discovery Extension" version 4.3.2 stopped successfully.
2025-01-29 17:08:37,147 INFO c.h.h.t.HelmChartContainer - [test-hivemq-platform] [hivemq] [83e0ef03] INFO  - Stopping extension with id hivemq-prometheus-extension
2025-01-29 17:08:37,152 INFO c.h.h.t.HelmChartContainer - [test-hivemq-platform] [hivemq] [83e0ef03] INFO  - Extension "Prometheus Monitoring Extension" version 4.0.12 stopped successfully.
2025-01-29 17:08:37,152 INFO c.h.h.t.HelmChartContainer - [test-hivemq-platform] [hivemq] [83e0ef03] INFO  - Stopping extension with id hivemq-allow-all-extension
2025-01-29 17:08:37,153 INFO c.h.h.t.HelmChartContainer - [test-hivemq-platform] [hivemq] [83e0ef03] INFO  - Extension "Allow All Extension" version 1.1.1 stopped successfully.
2025-01-29 17:08:37,567 INFO c.h.h.t.HelmChartContainer - [test-hivemq-platform] [hivemq] [83e0ef03] WARN  - [HiveMQ Platform Operator Init App 1.7.0-SNAPSHOT] Could not update Pod annotations: Failure executing: GET at: https://10.43.0.1:443/api/v1/namespaces/helmrestapiit/pods/test-hivemq-platform-0. Message: pods "test-hivemq-platform-0" is forbidden: User "system:serviceaccount:helmrestapiit:hivemq-platform-pod-test-hivemq-platform" cannot get resource "pods" in API group "" in the namespace "helmrestapiit". Received status: Status(apiVersion=v1, code=403, details=StatusDetails(causes=[], group=null, kind=pods, name=test-hivemq-platform-0, retryAfterSeconds=null, uid=null, additionalProperties={}), kind=Status, message=pods "test-hivemq-platform-0" is forbidden: User "system:serviceaccount:helmrestapiit:hivemq-platform-pod-test-hivemq-platform" cannot get resource "pods" in API group "" in the namespace "helmrestapiit", metadata=ListMeta(_continue=null, remainingItemCount=null, resourceVersion=null, selfLink=null, additionalProperties={}), reason=Forbidden, status=Failure, additionalProperties={}).
2025-01-29 17:08:39,540 INFO c.h.h.t.HelmChartContainer - [test-hivemq-platform] [hivemq] [83e0ef03] INFO  - Shutdown completed.
2025-01-29 17:08:39,724 INFO c.h.h.t.HelmChartContainer - [K3S] [stateful_set.go:466] "StatefulSet has been deleted" key="helmrestapiit/test-hivemq-platform"
2025-01-29 17:08:39,890 INFO c.h.h.t.HelmChartContainer - [test-hivemq-platform] [hivemq] [83e0ef03] INFO  - [HiveMQ Platform Operator Init App 1.7.0-SNAPSHOT] The HiveMQ Platform exited with code 143
2025-01-29 17:08:39,891 INFO c.h.h.t.HelmChartContainer - [test-hivemq-platform] [hivemq] [83e0ef03] INFO  - [HiveMQ Platform Operator Init App 1.7.0-SNAPSHOT] Stopping the REST API
2025-01-29 17:08:39,937 INFO c.h.h.t.HelmChartContainer - [test-hivemq-platform] [hivemq] [83e0ef03] INFO  - [HiveMQ Platform Operator Init App 1.7.0-SNAPSHOT] Shutdown complete
2025-01-29 17:08:40,394 INFO c.h.h.t.HelmChartContainer - [POD] test-hivemq-platform-0 [83e0ef03-56b5-4b91-b1cb-4869ba1e29ed] in helmrestapiit was MODIFIED
2025-01-29 17:08:40,493 INFO c.h.h.t.HelmChartContainer - [K3S] [reconciler_common.go:162] "operationExecutor.UnmountVolume started for volume \"kube-api-access-sf7r8\" (UniqueName: \"kubernetes.io/projected/83e0ef03-56b5-4b91-b1cb-4869ba1e29ed-kube-api-access-sf7r8\") pod \"83e0ef03-56b5-4b91-b1cb-4869ba1e29ed\" (UID: \"83e0ef03-56b5-4b91-b1cb-4869ba1e29ed\") "
2025-01-29 17:08:40,494 INFO c.h.h.t.HelmChartContainer - [K3S] [reconciler_common.go:162] "operationExecutor.UnmountVolume started for volume \"broker-configuration\" (UniqueName: \"kubernetes.io/configmap/83e0ef03-56b5-4b91-b1cb-4869ba1e29ed-broker-configuration\") pod \"83e0ef03-56b5-4b91-b1cb-4869ba1e29ed\" (UID: \"83e0ef03-56b5-4b91-b1cb-4869ba1e29ed\") "
2025-01-29 17:08:40,494 INFO c.h.h.t.HelmChartContainer - [K3S] [reconciler_common.go:162] "operationExecutor.UnmountVolume started for volume \"operator-init\" (UniqueName: \"kubernetes.io/empty-dir/83e0ef03-56b5-4b91-b1cb-4869ba1e29ed-operator-init\") pod \"83e0ef03-56b5-4b91-b1cb-4869ba1e29ed\" (UID: \"83e0ef03-56b5-4b91-b1cb-4869ba1e29ed\") "
2025-01-29 17:08:40,494 INFO c.h.h.t.HelmChartContainer - [K3S] [reconciler_common.go:162] "operationExecutor.UnmountVolume started for volume \"pod-info\" (UniqueName: \"kubernetes.io/configmap/83e0ef03-56b5-4b91-b1cb-4869ba1e29ed-pod-info\") pod \"83e0ef03-56b5-4b91-b1cb-4869ba1e29ed\" (UID: \"83e0ef03-56b5-4b91-b1cb-4869ba1e29ed\") "
2025-01-29 17:08:40,593 INFO c.h.h.t.HelmChartContainer - [K3S] [reconciler_common.go:299] "Volume detached for volume \"operator-init\" (UniqueName: \"kubernetes.io/empty-dir/83e0ef03-56b5-4b91-b1cb-4869ba1e29ed-operator-init\") on node \"afb1a753e501\" DevicePath \"\""
2025-01-29 17:08:40,593 INFO c.h.h.t.HelmChartContainer - [K3S] [reconciler_common.go:299] "Volume detached for volume \"pod-info\" (UniqueName: \"kubernetes.io/configmap/83e0ef03-56b5-4b91-b1cb-4869ba1e29ed-pod-info\") on node \"afb1a753e501\" DevicePath \"\""
2025-01-29 17:08:40,594 INFO c.h.h.t.HelmChartContainer - [K3S] [reconciler_common.go:299] "Volume detached for volume \"kube-api-access-sf7r8\" (UniqueName: \"kubernetes.io/projected/83e0ef03-56b5-4b91-b1cb-4869ba1e29ed-kube-api-access-sf7r8\") on node \"afb1a753e501\" DevicePath \"\""
2025-01-29 17:08:40,594 INFO c.h.h.t.HelmChartContainer - [K3S] [reconciler_common.go:299] "Volume detached for volume \"broker-configuration\" (UniqueName: \"kubernetes.io/configmap/83e0ef03-56b5-4b91-b1cb-4869ba1e29ed-broker-configuration\") on node \"afb1a753e501\" DevicePath \"\""
2025-01-29 17:08:41,105 INFO c.h.h.t.HelmChartContainer - [K3S] [scope.go:117] "RemoveContainer" containerID="acb478d90b95c4ddaae01473698fd49a71738e402124fab975367dec6ad39687"
2025-01-29 17:08:41,119 INFO c.h.h.t.HelmChartContainer - [POD] test-hivemq-platform-0 [83e0ef03-56b5-4b91-b1cb-4869ba1e29ed] in helmrestapiit was MODIFIED
2025-01-29 17:08:41,122 INFO c.h.h.t.HelmChartContainer - [POD] test-hivemq-platform-0 [83e0ef03-56b5-4b91-b1cb-4869ba1e29ed] in helmrestapiit was DELETED
2025-01-29 17:08:41,210 INFO c.h.h.t.HelmChartContainer - [K3S] [scope.go:117] "RemoveContainer" containerID="6792c719a00fe95fa7d6927064d98de8049bb919859b9996cf94cbb7e6961fdf"
2025-01-29 17:08:41,213 INFO c.h.h.t.HelmChartContainer - [K3S] [scope.go:117] "RemoveContainer" containerID="acb478d90b95c4ddaae01473698fd49a71738e402124fab975367dec6ad39687"
2025-01-29 17:08:41,214 INFO c.h.h.t.HelmChartContainer - [K3S] [scope.go:117] "RemoveContainer" containerID="6792c719a00fe95fa7d6927064d98de8049bb919859b9996cf94cbb7e6961fdf"
2025-01-29 17:08:41,377 INFO c.h.h.t.HelmChartContainer - [K3S] [kubelet_volumes.go:163] "Cleaned up orphaned pod volumes dir" podUID="83e0ef03-56b5-4b91-b1cb-4869ba1e29ed" path="/var/lib/kubelet/pods/83e0ef03-56b5-4b91-b1cb-4869ba1e29ed/volumes"
2025-01-29 17:08:45,036 INFO c.h.h.t.HelmChartContainer - Namespace 'helmrestapiit' deleted
2025-01-29 17:08:45,036 INFO c.h.h.t.HelmChartContainer - Release 'test-hivemq-platform' in namespace 'helmrestapiit' is uninstalled
2025-01-29 17:08:45,036 INFO c.h.h.t.HelmChartContainer - Uninstalling release 'test-hivemq-platform-operator' in namespace 'helmrestapiit-operator'...
2025-01-29 17:08:45,036 DEBUG c.h.h.t.HelmChartContainer - Executing helm command: /bin/helm --kubeconfig /etc/rancher/k3s/k3s.yaml uninstall test-hivemq-platform-operator  --wait --timeout 5m0s --cascade foreground --namespace helmrestapiit-operator
2025-01-29 17:08:45,200 INFO c.h.h.t.HelmChartContainer - [K3S] [replica_set.go:679] "Finished syncing" kind="ReplicaSet" key="helmrestapiit-operator/hivemq-test-hivemq-platform-operator-6966f96d65" duration="10.653533ms"
2025-01-29 17:08:45,201 INFO c.h.h.t.HelmChartContainer - [K3S] [replica_set.go:679] "Finished syncing" kind="ReplicaSet" key="helmrestapiit-operator/hivemq-test-hivemq-platform-operator-6966f96d65" duration="38.813µs"
2025-01-29 17:08:45,222 INFO c.h.h.t.HelmChartContainer - [POD] hivemq-test-hivemq-platform-operator-6966f96d65-cc4ts [fd610676-0b51-4a16-a308-5a047f2f6038] in helmrestapiit-operator was MODIFIED
2025-01-29 17:08:45,238 INFO c.h.h.t.HelmChartContainer - [K3S] [replica_set.go:679] "Finished syncing" kind="ReplicaSet" key="helmrestapiit-operator/hivemq-test-hivemq-platform-operator-6966f96d65" duration="15.693206ms"
2025-01-29 17:08:45,239 INFO c.h.h.t.HelmChartContainer - [K3S] [replica_set.go:679] "Finished syncing" kind="ReplicaSet" key="helmrestapiit-operator/hivemq-test-hivemq-platform-operator-6966f96d65" duration="38.021µs"
2025-01-29 17:08:45,239 INFO c.h.h.t.HelmChartContainer - [EVENT] Normal [Killing] Stopping container hivemq-platform-operator [helmrestapiit-operator:hivemq-test-hivemq-platform-operator-6966f96d65-cc4ts]
2025-01-29 17:08:45,239 INFO c.h.h.t.HelmChartContainer - Received Killing event for container hivemq-platform-operator in pod hivemq-test-hivemq-platform-operator-6966f96d65-cc4ts [fd610676-0b51-4a16-a308-5a047f2f6038]
2025-01-29 17:08:45,239 INFO c.h.h.t.HelmChartContainer - Container [hivemq-test-hivemq-platform-operator-6966f96d65-cc4ts] [hivemq-platform-operator] [fd610676-0b51-4a16-a308-5a047f2f6038] was terminated
2025-01-29 17:08:45,239 INFO c.h.h.t.HelmChartContainer - Stopped log watcher for hivemq-platform-operator in pod hivemq-test-hivemq-platform-operator-6966f96d65-cc4ts [fd610676-0b51-4a16-a308-5a047f2f6038]
2025-01-29 17:08:45,239 INFO c.h.h.t.HelmChartContainer - [hivemq-test-hivemq-platform] [hivemq-platform-operator] [fd610676] 17:08:45.234 [application-shutdown-thread] INFO  c.h.p.o.HiveMQPlatformOperatorApplication - HiveMQ Platform Operator is stopping...
2025-01-29 17:08:45,239 INFO c.h.h.t.HelmChartContainer - [hivemq-test-hivemq-platform] [hivemq-platform-operator] [fd610676] 17:08:45.234 [application-shutdown-thread] INFO  i.javaoperatorsdk.operator.Operator - Operator SDK 4.9.7 is shutting down...
2025-01-29 17:08:45,878 INFO c.h.h.t.HelmChartContainer - [K3S] [replica_set.go:679] "Finished syncing" kind="ReplicaSet" key="helmrestapiit-operator/hivemq-test-hivemq-platform-operator-6966f96d65" duration="41.738µs"
2025-01-29 17:08:45,878 INFO c.h.h.t.HelmChartContainer - [POD] hivemq-test-hivemq-platform-operator-6966f96d65-cc4ts [fd610676-0b51-4a16-a308-5a047f2f6038] in helmrestapiit-operator was MODIFIED
2025-01-29 17:08:45,925 INFO c.h.h.t.HelmChartContainer - [K3S] [reconciler_common.go:162] "operationExecutor.UnmountVolume started for volume \"kube-api-access-wx5qs\" (UniqueName: \"kubernetes.io/projected/fd610676-0b51-4a16-a308-5a047f2f6038-kube-api-access-wx5qs\") pod \"fd610676-0b51-4a16-a308-5a047f2f6038\" (UID: \"fd610676-0b51-4a16-a308-5a047f2f6038\") "
2025-01-29 17:08:46,026 INFO c.h.h.t.HelmChartContainer - [K3S] [reconciler_common.go:299] "Volume detached for volume \"kube-api-access-wx5qs\" (UniqueName: \"kubernetes.io/projected/fd610676-0b51-4a16-a308-5a047f2f6038-kube-api-access-wx5qs\") on node \"afb1a753e501\" DevicePath \"\""
2025-01-29 17:08:46,113 INFO c.h.h.t.HelmChartContainer - [K3S] [scope.go:117] "RemoveContainer" containerID="8bdd96352cc9463d4657bdf4e19667f011abf926c4c78cccde87a5c357e28da1"
2025-01-29 17:08:46,117 INFO c.h.h.t.HelmChartContainer - [K3S] [scope.go:117] "RemoveContainer" containerID="8bdd96352cc9463d4657bdf4e19667f011abf926c4c78cccde87a5c357e28da1"
2025-01-29 17:08:46,127 INFO c.h.h.t.HelmChartContainer - [POD] hivemq-test-hivemq-platform-operator-6966f96d65-cc4ts [fd610676-0b51-4a16-a308-5a047f2f6038] in helmrestapiit-operator was MODIFIED
2025-01-29 17:08:46,127 INFO c.h.h.t.HelmChartContainer - [K3S] [replica_set.go:679] "Finished syncing" kind="ReplicaSet" key="helmrestapiit-operator/hivemq-test-hivemq-platform-operator-6966f96d65" duration="47.309µs"
2025-01-29 17:08:46,130 INFO c.h.h.t.HelmChartContainer - [K3S] [replica_set.go:679] "Finished syncing" kind="ReplicaSet" key="helmrestapiit-operator/hivemq-test-hivemq-platform-operator-6966f96d65" duration="27.932µs"
2025-01-29 17:08:46,131 INFO c.h.h.t.HelmChartContainer - [POD] hivemq-test-hivemq-platform-operator-6966f96d65-cc4ts [fd610676-0b51-4a16-a308-5a047f2f6038] in helmrestapiit-operator was DELETED
2025-01-29 17:08:46,144 INFO c.h.h.t.HelmChartContainer - [K3S] [replica_set.go:679] "Finished syncing" kind="ReplicaSet" key="helmrestapiit-operator/hivemq-test-hivemq-platform-operator-6966f96d65" duration="8.175µs"
2025-01-29 17:08:47,253 INFO c.h.h.t.HelmChartContainer - Deleting namespace 'helmrestapiit-operator'...
2025-01-29 17:08:47,377 INFO c.h.h.t.HelmChartContainer - [K3S] [kubelet_volumes.go:163] "Cleaned up orphaned pod volumes dir" podUID="fd610676-0b51-4a16-a308-5a047f2f6038" path="/var/lib/kubelet/pods/fd610676-0b51-4a16-a308-5a047f2f6038/volumes"
2025-01-29 17:08:49,954 INFO c.h.h.t.HelmChartContainer - [K3S] [namespace_controller.go:187] "Namespace has been deleted" namespace="helmrestapiit"
2025-01-29 17:08:52,472 INFO c.h.h.t.HelmChartContainer - Namespace 'helmrestapiit-operator' deleted
2025-01-29 17:08:52,472 INFO c.h.h.t.HelmChartContainer - Release 'test-hivemq-platform-operator' in namespace 'helmrestapiit-operator' is uninstalled
2025-01-29 17:08:53,237 INFO c.h.helmcharts.AbstractHelmChartIT - Removed unused containers:

2025-01-29 17:08:57,395 INFO c.h.h.t.HelmChartContainer - [K3S] [namespace_controller.go:187] "Namespace has been deleted" namespace="helmrestapiit-operator"
2025-01-29 17:09:01,306 INFO c.h.helmcharts.AbstractHelmChartIT - Removed unused snapshots:
Removing snapshot sha256:03af251906410714c5aef9fa705b63f6bbc39c4a5e787de7361eeb18886c2ed2
Removing snapshot sha256:0c46b3b43cce082ce5ec34ffc6c294e0417d17b9d1e6f366d114b6aadc4f96dc
Removing snapshot sha256:0ce761beee59082d6ed5bcebd3a805b8ddd9b3426b617e4809e7fb7c6587ffec
Removing snapshot sha256:0df91287303208332c8ff6ba40ae4710105201739addbfbddfb955f1ad593664
Removing snapshot sha256:1021ef88c7974bfff89c5a0ec4fd3160daac6c48a075f74cff721f85dd104e68
Removing snapshot sha256:10aba4953ddc18145dd38e3704709bc464aa20af60b56fe52caaff4b68411e62
Removing snapshot sha256:2573e0d8158209ed54ab25c87bcdcb00bd3d2539246960a3d592a1c599d70465
Removing snapshot sha256:362a8a37f8bbc31925a8146adcf7cf51f9882f5c1dcbef67c5baa03a297543c0
Removing snapshot sha256:395fb074c552292debdfc8d5ee1f5cbb0bce620ae1c6dd9868e2875bfb83ca86
Removing snapshot sha256:43a7c979bbaba6838bc3102d6b10a1459f3ab050b87ccdfef84ef90cf43d3058
Removing snapshot sha256:4ab04491cdf0d3267f08206fe30bd48f49f94b9cab2f016d6739220f722a64af
Removing snapshot sha256:4b6068250e89c96f263060261819c7d912855bfbd64b3eb4c4a8483299b8c295
Removing snapshot sha256:580e69a0a8034ede1921139bbd2bfb72a69ebf276d008281896c32dd8bf74775
Removing snapshot sha256:5d30ba46b27fe37484567ccc5242cadc78217b8da605f3f195ef25cbf7487904
Removing snapshot sha256:63ca1fbb43ae5034640e5e6cb3e083e05c290072c5366fcaa9d62435a4cced85
Removing snapshot sha256:67f702c6baae873bceb19487c8b1f27bd2b86077e4f2f0e480e6d60ab508b8f5
Removing snapshot sha256:6864348dd42806d552efdec384f1274be15e2d0c10ce44c1f04347af004c10a9
Removing snapshot sha256:6c7dee8f2c39b84b7dc2711c01d33de93514d9055499173e9290176fbe484b6c
Removing snapshot sha256:82753493a6d61ded36556292f02f31841a14c20d2f279f19eaad65afb661d5cd
Removing snapshot sha256:8a10d3db42c505ee0fcfa98417bdd7e39b304f6bcc0a06bb1b220797ff2cc63c
Removing snapshot sha256:a0904247e36a7726c03c71ee48f3e64462021c88dafeb13f37fdaf613b27f11c
Removing snapshot sha256:a21e5b12dbac529ad45d976eb9ce45c881f3bedcc500fb30aba1e52aa1813418
Removing snapshot sha256:b921e6c28969094157f9b8e7244677780319637afd14450b7cb6b2fdea558a0c
Removing snapshot sha256:bc27ecb5769a00e309cf99ebc763c4a4b958b618d1decc96ffac5bc05f02f5b7
Removing snapshot sha256:be3ccb6627a5332e309d45ef461d09b4879dd870c7394d89323d0ebc6ca6aa8a
Removing snapshot sha256:c261f7cbbc64211ee175ee47273acdb7b1a36a4450b397a064a8f2c026490095
Removing snapshot sha256:c34d9393647eea0c9e3557ab988efaf59f61d10a2a5613b439ef0958cca5ec10
Removing snapshot sha256:ccf3c4a0fa967a41c1c83497a2ce6fa5787965859df0adb32c4ca2cf7490bc2b
Removing snapshot sha256:cf92d33f869417309692088c341cd0f223c178ea78a125f757317b22aa8f90e9
Removing snapshot sha256:d0037344cf2fb078884f1849f6a1f8cf9a33a3b6139b6a85833e5ee528e1f9a8
Removing snapshot sha256:d3b36d5b79273b1e98e7700470eaeff05a882e777124d84cebcc1505b85ecb36
Removing snapshot sha256:d65a44a37914602d12c611e5e22a50f11451d847e63015cc1c2aef92dee777a4
Removing snapshot sha256:e2dc0bae2455930f23ae570e019b7f32edc75c0f2d71cab084db837ff9051796
Removing snapshot sha256:eccbd24a99c60cd9e86ee5305dbfc4a4dc89f5ab4fb1f06c8d64797cecedef34
Removing snapshot sha256:f144bb4c7c7f0d2aa7eeffd36d934ec40db1ee167be727e326aad9fdc616f475
Removing snapshot sha256:f84e8cd70365fc0e318b51d172ce05c9de1ec153df302059cbc08da86a4beeb8

]]></system-out>
  </testcase>
  <system-out><![CDATA[2025-01-29 17:03:38,183 INFO c.h.h.t.HelmChartContainerExtension - Using cached HelmChartContainer instance
]]></system-out>
  <system-err><![CDATA[]]></system-err>
</testsuite>
