<?xml version="1.0" encoding="UTF-8"?>
<testsuite name="com.hivemq.helmcharts.license.HelmDataHubLicensesIT" tests="2" skipped="0" failures="0" errors="0" timestamp="2025-02-18T16:16:02" hostname="fv-az1374-933" time="200.963">
  <properties/>
  <testcase name="withDataHubLicenseFileContent_statefulSetWithLicenseSecretMounted()" classname="com.hivemq.helmcharts.license.HelmDataHubLicensesIT" time="96.599"/>
  <testcase name="withExistingDataHubLicenseFileContent_statefulSetWithLicenseSecretMounted()" classname="com.hivemq.helmcharts.license.HelmDataHubLicensesIT" time="104.363"/>
</testsuite>
