<?xml version="1.0" encoding="UTF-8"?>
<testsuite name="com.hivemq.helmcharts.operator.HelmApplyCrdIT" tests="3" skipped="0" failures="0" errors="0" timestamp="2025-10-06T13:21:27" hostname="runnervmwhb2z" time="78.443">
  <properties/>
  <testcase name="withCrdNotDeployed_withDisabledCrdApply_operatorIsFailing()" classname="com.hivemq.helmcharts.operator.HelmApplyCrdIT" time="17.774"/>
  <testcase name="withCrdNotDeployed_operatorIsRunning()" classname="com.hivemq.helmcharts.operator.HelmApplyCrdIT" time="29.954"/>
  <testcase name="withOutdatedCrd_operatorIsRunning()" classname="com.hivemq.helmcharts.operator.HelmApplyCrdIT" time="30.715"/>
</testsuite>
