<?xml version="1.0" encoding="UTF-8"?>
<testsuite name="com.hivemq.helmcharts.license.HelmExtensionLicensesIT" tests="2" skipped="0" failures="0" errors="0" timestamp="2025-01-30T18:31:07" hostname="fv-az1721-166" time="221.283">
  <properties/>
  <testcase name="withExtensionLicenseFileContent_statefulSetWithLicenseSecretMounted()" classname="com.hivemq.helmcharts.license.HelmExtensionLicensesIT" time="110.42">
    <system-out><![CDATA[2025-01-30 18:31:07,221 INFO c.h.h.t.HelmChartContainer - Creating namespace 'helmextensionlicensesit-operator'...
2025-01-30 18:31:07,227 INFO c.h.h.t.HelmChartContainer - Namespace 'helmextensionlicensesit-operator' created
2025-01-30 18:31:07,227 INFO c.h.h.t.HelmChartContainer - Creating namespace 'helmextensionlicensesit'...
2025-01-30 18:31:07,327 INFO c.h.h.t.HelmChartContainer - Namespace 'helmextensionlicensesit' created
2025-01-30 18:31:07,391 DEBUG c.h.h.t.HelmChartContainer - Executing helm command: /bin/helm --kubeconfig /etc/rancher/k3s/k3s.yaml install test-hivemq-platform-operator /charts/hivemq-platform-operator --wait --timeout 5m0s --set image.repository=docker.io/hivemq --set image.name=hivemq-platform-operator-test --set image.initImageName=hivemq-platform-operator-init-test --set image.tag=snapshot --set image.pullPolicy=Never --set logLevel=DEBUG --set resources.cpu=512m --namespace helmextensionlicensesit-operator
2025-01-30 18:31:07,690 INFO c.h.h.t.HelmChartContainer - [K3S] [alloc.go:330] "allocated clusterIPs" service="helmextensionlicensesit-operator/hivemq-platform-operator-test-hivemq-platform-operator" clusterIPs={"IPv4":"10.43.223.61"}
2025-01-30 18:31:07,708 INFO c.h.h.t.HelmChartContainer - [EVENT] Normal [ScalingReplicaSet] Scaled up replica set hivemq-test-hivemq-platform-operator-6966f96d65 from 0 to 1 [helmextensionlicensesit-operator:hivemq-test-hivemq-platform-operator]
2025-01-30 18:31:07,712 INFO c.h.h.t.HelmChartContainer - [POD] hivemq-test-hivemq-platform-operator-6966f96d65-hnnzg [03c36cec-7da1-4735-a035-70362eac71aa] in helmextensionlicensesit-operator was ADDED
2025-01-30 18:31:07,716 INFO c.h.h.t.HelmChartContainer - [EVENT] Normal [SuccessfulCreate] Created pod: hivemq-test-hivemq-platform-operator-6966f96d65-hnnzg [helmextensionlicensesit-operator:hivemq-test-hivemq-platform-operator-6966f96d65]
2025-01-30 18:31:07,717 INFO c.h.h.t.HelmChartContainer - [POD] hivemq-test-hivemq-platform-operator-6966f96d65-hnnzg [03c36cec-7da1-4735-a035-70362eac71aa] in helmextensionlicensesit-operator was MODIFIED
2025-01-30 18:31:07,718 INFO c.h.h.t.HelmChartContainer - [K3S] [memory_manager.go:355] "RemoveStaleState removing state" podUID="a0fafda0-b3ed-4b47-8071-bc0d6cdd1b6e" containerName="hivemq-platform-operator"
2025-01-30 18:31:07,718 INFO c.h.h.t.HelmChartContainer - [K3S] [memory_manager.go:355] "RemoveStaleState removing state" podUID="49db34c8-f619-4bad-932f-1fe9a6799422" containerName="hivemq"
2025-01-30 18:31:07,718 INFO c.h.h.t.HelmChartContainer - [K3S] [replica_set.go:679] "Finished syncing" kind="ReplicaSet" key="helmextensionlicensesit-operator/hivemq-test-hivemq-platform-operator-6966f96d65" duration="19.068989ms"
2025-01-30 18:31:07,723 INFO c.h.h.t.HelmChartContainer - [EVENT] Normal [Scheduled] Successfully assigned helmextensionlicensesit-operator/hivemq-test-hivemq-platform-operator-6966f96d65-hnnzg to 794c46978a70 [helmextensionlicensesit-operator:hivemq-test-hivemq-platform-operator-6966f96d65-hnnzg]
2025-01-30 18:31:07,737 INFO c.h.h.t.HelmChartContainer - [K3S] [replica_set.go:679] "Finished syncing" kind="ReplicaSet" key="helmextensionlicensesit-operator/hivemq-test-hivemq-platform-operator-6966f96d65" duration="18.236438ms"
2025-01-30 18:31:07,737 INFO c.h.h.t.HelmChartContainer - [K3S] [replica_set.go:679] "Finished syncing" kind="ReplicaSet" key="helmextensionlicensesit-operator/hivemq-test-hivemq-platform-operator-6966f96d65" duration="72.606µs"
2025-01-30 18:31:07,738 INFO c.h.h.t.HelmChartContainer - [POD] hivemq-test-hivemq-platform-operator-6966f96d65-hnnzg [03c36cec-7da1-4735-a035-70362eac71aa] in helmextensionlicensesit-operator was MODIFIED
2025-01-30 18:31:07,804 INFO c.h.h.t.HelmChartContainer - [K3S] [reconciler_common.go:251] "operationExecutor.VerifyControllerAttachedVolume started for volume \"kube-api-access-wrdct\" (UniqueName: \"kubernetes.io/projected/03c36cec-7da1-4735-a035-70362eac71aa-kube-api-access-wrdct\") pod \"hivemq-test-hivemq-platform-operator-6966f96d65-hnnzg\" (UID: \"03c36cec-7da1-4735-a035-70362eac71aa\") " pod="helmextensionlicensesit-operator/hivemq-test-hivemq-platform-operator-6966f96d65-hnnzg"
2025-01-30 18:31:08,108 INFO c.h.h.t.HelmChartContainer - [EVENT] Normal [Pulled] Container image "docker.io/hivemq/hivemq-platform-operator-test:snapshot" already present on machine [helmextensionlicensesit-operator:hivemq-test-hivemq-platform-operator-6966f96d65-hnnzg]
2025-01-30 18:31:08,108 INFO c.h.h.t.HelmChartContainer - Received Pulled event for container hivemq-platform-operator in pod hivemq-test-hivemq-platform-operator-6966f96d65-hnnzg [03c36cec-7da1-4735-a035-70362eac71aa]
2025-01-30 18:31:09,368 INFO c.h.h.t.HelmChartContainer - [EVENT] Normal [Created] Created container: hivemq-platform-operator [helmextensionlicensesit-operator:hivemq-test-hivemq-platform-operator-6966f96d65-hnnzg]
2025-01-30 18:31:09,368 INFO c.h.h.t.HelmChartContainer - Received Created event for container hivemq-platform-operator in pod hivemq-test-hivemq-platform-operator-6966f96d65-hnnzg [03c36cec-7da1-4735-a035-70362eac71aa]
2025-01-30 18:31:10,329 INFO c.h.h.t.HelmChartContainer - [K3S] [replica_set.go:679] "Finished syncing" kind="ReplicaSet" key="helmextensionlicensesit-operator/hivemq-test-hivemq-platform-operator-6966f96d65" duration="42.74µs"
2025-01-30 18:31:10,332 INFO c.h.h.t.HelmChartContainer - [POD] hivemq-test-hivemq-platform-operator-6966f96d65-hnnzg [03c36cec-7da1-4735-a035-70362eac71aa] in helmextensionlicensesit-operator was MODIFIED
2025-01-30 18:31:10,338 INFO c.h.h.t.HelmChartContainer - Started log watcher for hivemq-platform-operator in pod hivemq-test-hivemq-platform-operator-6966f96d65-hnnzg [03c36cec-7da1-4735-a035-70362eac71aa]
2025-01-30 18:31:10,338 INFO c.h.h.t.HelmChartContainer - [EVENT] Normal [Started] Started container hivemq-platform-operator [helmextensionlicensesit-operator:hivemq-test-hivemq-platform-operator-6966f96d65-hnnzg]
2025-01-30 18:31:10,339 INFO c.h.h.t.HelmChartContainer - Received Started event for container hivemq-platform-operator in pod hivemq-test-hivemq-platform-operator-6966f96d65-hnnzg [03c36cec-7da1-4735-a035-70362eac71aa]
2025-01-30 18:31:10,340 INFO c.h.h.t.HelmChartContainer - [hivemq-test-hivemq-platform] [hivemq-platform-operator] [03c36cec] -------------------------------------------------------------------------
2025-01-30 18:31:10,340 INFO c.h.h.t.HelmChartContainer - [hivemq-test-hivemq-platform] [hivemq-platform-operator] [03c36cec] 
2025-01-30 18:31:10,340 INFO c.h.h.t.HelmChartContainer - [hivemq-test-hivemq-platform] [hivemq-platform-operator] [03c36cec]                   _    _  _              __  __   ____
2025-01-30 18:31:10,340 INFO c.h.h.t.HelmChartContainer - [hivemq-test-hivemq-platform] [hivemq-platform-operator] [03c36cec]                  | |  | |(_)            |  \/  | / __ \
2025-01-30 18:31:10,340 INFO c.h.h.t.HelmChartContainer - [hivemq-test-hivemq-platform] [hivemq-platform-operator] [03c36cec]                  | |__| | _ __   __ ___ | \  / || |  | |
2025-01-30 18:31:10,340 INFO c.h.h.t.HelmChartContainer - [hivemq-test-hivemq-platform] [hivemq-platform-operator] [03c36cec]                  |  __  || |\ \ / // _ \| |\/| || |  | |
2025-01-30 18:31:10,340 INFO c.h.h.t.HelmChartContainer - [hivemq-test-hivemq-platform] [hivemq-platform-operator] [03c36cec]                  | |  | || | \ V /|  __/| |  | || |__| |
2025-01-30 18:31:10,340 INFO c.h.h.t.HelmChartContainer - [hivemq-test-hivemq-platform] [hivemq-platform-operator] [03c36cec]                  |_|  |_||_|  \_/  \___||_|  |_| \___\_\
2025-01-30 18:31:10,340 INFO c.h.h.t.HelmChartContainer - [hivemq-test-hivemq-platform] [hivemq-platform-operator] [03c36cec] 
2025-01-30 18:31:10,340 INFO c.h.h.t.HelmChartContainer - [hivemq-test-hivemq-platform] [hivemq-platform-operator] [03c36cec] -------------------------------------------------------------------------
2025-01-30 18:31:10,340 INFO c.h.h.t.HelmChartContainer - [hivemq-test-hivemq-platform] [hivemq-platform-operator] [03c36cec] 
2025-01-30 18:31:10,340 INFO c.h.h.t.HelmChartContainer - [hivemq-test-hivemq-platform] [hivemq-platform-operator] [03c36cec]   HiveMQ Platform Operator Start Script v1.0
2025-01-30 18:31:10,340 INFO c.h.h.t.HelmChartContainer - [hivemq-test-hivemq-platform] [hivemq-platform-operator] [03c36cec] 
2025-01-30 18:31:10,340 INFO c.h.h.t.HelmChartContainer - [hivemq-test-hivemq-platform] [hivemq-platform-operator] [03c36cec] -------------------------------------------------------------------------
2025-01-30 18:31:10,340 INFO c.h.h.t.HelmChartContainer - [hivemq-test-hivemq-platform] [hivemq-platform-operator] [03c36cec] 
2025-01-30 18:31:10,340 INFO c.h.h.t.HelmChartContainer - [hivemq-test-hivemq-platform] [hivemq-platform-operator] [03c36cec]   JAVA_OPTS: -XX:+UnlockExperimentalVMOptions -XX:InitialRAMPercentage=75 -XX:MaxRAMPercentage=75 -Duser.language=en -Duser.region=US
2025-01-30 18:31:10,340 INFO c.h.h.t.HelmChartContainer - [hivemq-test-hivemq-platform] [hivemq-platform-operator] [03c36cec] 
2025-01-30 18:31:10,340 INFO c.h.h.t.HelmChartContainer - [hivemq-test-hivemq-platform] [hivemq-platform-operator] [03c36cec]   JAVA_VERSION: 21
2025-01-30 18:31:10,340 INFO c.h.h.t.HelmChartContainer - [hivemq-test-hivemq-platform] [hivemq-platform-operator] [03c36cec] 
2025-01-30 18:31:10,340 INFO c.h.h.t.HelmChartContainer - [hivemq-test-hivemq-platform] [hivemq-platform-operator] [03c36cec] -------------------------------------------------------------------------
2025-01-30 18:31:10,340 INFO c.h.h.t.HelmChartContainer - [hivemq-test-hivemq-platform] [hivemq-platform-operator] [03c36cec] 
2025-01-30 18:31:12,628 INFO c.h.h.t.HelmChartContainer - [hivemq-test-hivemq-platform] [hivemq-platform-operator] [03c36cec] 18:31:12.625 [main] DEBUG org.jboss.logging - Logging Provider: org.jboss.logging.Slf4jLoggerProvider
2025-01-30 18:31:12,729 INFO c.h.h.t.HelmChartContainer - [hivemq-test-hivemq-platform] [hivemq-platform-operator] [03c36cec] 18:31:12.728 [main] DEBUG io.smallrye.config - SRCFG01006: Loaded ConfigSource SysPropConfigSource with ordinal 400
2025-01-30 18:31:12,732 INFO c.h.h.t.HelmChartContainer - [hivemq-test-hivemq-platform] [hivemq-platform-operator] [03c36cec] 18:31:12.731 [main] DEBUG io.smallrye.config - SRCFG01006: Loaded ConfigSource EnvConfigSource with ordinal 300
2025-01-30 18:31:12,732 INFO c.h.h.t.HelmChartContainer - [hivemq-test-hivemq-platform] [hivemq-platform-operator] [03c36cec] 18:31:12.731 [main] DEBUG io.smallrye.config - SRCFG01006: Loaded ConfigSource PropertiesConfigSource[source=jar:file:///opt/hivemq-platform-operator/bin/hivemq-platform-operator.jar!/hivemq-platform-operator.properties] with ordinal 100
2025-01-30 18:31:12,732 INFO c.h.h.t.HelmChartContainer - [hivemq-test-hivemq-platform] [hivemq-platform-operator] [03c36cec] 18:31:12.731 [main] DEBUG io.smallrye.config - SRCFG01006: Loaded ConfigSource DefaultValuesConfigSource with ordinal -2147483648
2025-01-30 18:31:12,834 INFO c.h.h.t.HelmChartContainer - [hivemq-test-hivemq-platform] [hivemq-platform-operator] [03c36cec] 18:31:12.833 [main] DEBUG i.m.c.u.i.l.InternalLoggerFactory - Using SLF4J as the default logging framework
2025-01-30 18:31:12,946 INFO c.h.h.t.HelmChartContainer - [hivemq-test-hivemq-platform] [hivemq-platform-operator] [03c36cec] 18:31:12.937 [main] INFO  c.h.p.o.HiveMQPlatformOperatorApplication - HiveMQ Platform Operator 1.7.0-SNAPSHOT (commit: 47e3375 on branch: HEAD) built on Thu Jan 30 03:55:50 UTC 2025
2025-01-30 18:31:12,948 INFO c.h.h.t.HelmChartContainer - [hivemq-test-hivemq-platform] [hivemq-platform-operator] [03c36cec] 18:31:12.945 [main] INFO  c.h.p.o.HiveMQPlatformOperatorApplication - HiveMQ Platform Operator is running in namespace: helmextensionlicensesit-operator
2025-01-30 18:31:12,948 INFO c.h.h.t.HelmChartContainer - [hivemq-test-hivemq-platform] [hivemq-platform-operator] [03c36cec] 18:31:12.945 [main] INFO  c.h.p.o.HiveMQPlatformOperatorApplication - Watching all namespaces
2025-01-30 18:31:12,952 INFO c.h.h.t.HelmChartContainer - [hivemq-test-hivemq-platform] [hivemq-platform-operator] [03c36cec] 18:31:12.945 [main] INFO  c.h.p.o.HiveMQPlatformOperatorApplication - Log level: DEBUG
2025-01-30 18:31:12,952 INFO c.h.h.t.HelmChartContainer - [hivemq-test-hivemq-platform] [hivemq-platform-operator] [03c36cec] 18:31:12.945 [main] INFO  c.h.p.o.HiveMQPlatformOperatorApplication - Release name: test-hivemq-platform-operator
2025-01-30 18:31:12,952 INFO c.h.h.t.HelmChartContainer - [hivemq-test-hivemq-platform] [hivemq-platform-operator] [03c36cec] 18:31:12.945 [main] INFO  c.h.p.o.HiveMQPlatformOperatorApplication - HiveMQ Platform Operator Init image: docker.io/hivemq/hivemq-platform-operator-init-test:snapshot
2025-01-30 18:31:12,952 INFO c.h.h.t.HelmChartContainer - [hivemq-test-hivemq-platform] [hivemq-platform-operator] [03c36cec] 18:31:12.945 [main] INFO  c.h.p.o.HiveMQPlatformOperatorApplication - HiveMQ Platform Operator Init App update URL: http://hivemq-platform-operator-test-hivemq-platform-operator.helmextensionlicensesit-operator.svc:8080/initAppUpdate/hivemq-platform-operator-init-app-1.7.0-SNAPSHOT.jar
2025-01-30 18:31:12,952 INFO c.h.h.t.HelmChartContainer - [hivemq-test-hivemq-platform] [hivemq-platform-operator] [03c36cec] 18:31:12.945 [main] INFO  c.h.p.o.HiveMQPlatformOperatorApplication - Additional imagePullSecret for all Platform deployments: none
2025-01-30 18:31:12,952 INFO c.h.h.t.HelmChartContainer - [hivemq-test-hivemq-platform] [hivemq-platform-operator] [03c36cec] 18:31:12.945 [main] INFO  c.h.p.o.HiveMQPlatformOperatorApplication - Apply HiveMQ Platform CRD: true
2025-01-30 18:31:12,952 INFO c.h.h.t.HelmChartContainer - [hivemq-test-hivemq-platform] [hivemq-platform-operator] [03c36cec] 18:31:12.945 [main] INFO  c.h.p.o.HiveMQPlatformOperatorApplication - Create Platform ServiceAccount: true
2025-01-30 18:31:12,952 INFO c.h.h.t.HelmChartContainer - [hivemq-test-hivemq-platform] [hivemq-platform-operator] [03c36cec] 18:31:12.945 [main] INFO  c.h.p.o.HiveMQPlatformOperatorApplication - Create Platform ServiceAccount permissions: true
2025-01-30 18:31:12,952 INFO c.h.h.t.HelmChartContainer - [hivemq-test-hivemq-platform] [hivemq-platform-operator] [03c36cec] 18:31:12.945 [main] INFO  c.h.p.o.HiveMQPlatformOperatorApplication - Validate Platform ServiceAccount: true
2025-01-30 18:31:12,952 INFO c.h.h.t.HelmChartContainer - [hivemq-test-hivemq-platform] [hivemq-platform-operator] [03c36cec] 18:31:12.945 [main] INFO  c.h.p.o.HiveMQPlatformOperatorApplication - Validate Platform ServiceAccount permissions: true
2025-01-30 18:31:13,066 INFO c.h.h.t.HelmChartContainer - [hivemq-test-hivemq-platform] [hivemq-platform-operator] [03c36cec] 18:31:13.064 [main] INFO  c.h.platform.operator.util.CRDUtil - Verifying deployed HiveMQ Platform CRD...
2025-01-30 18:31:15,447 INFO c.h.h.t.HelmChartContainer - [hivemq-test-hivemq-platform] [hivemq-platform-operator] [03c36cec] 18:31:15.446 [main] DEBUG c.h.platform.operator.util.CRDUtil - HiveMQ Platform CRD version v1 is up to date
2025-01-30 18:31:15,447 INFO c.h.h.t.HelmChartContainer - [hivemq-test-hivemq-platform] [hivemq-platform-operator] [03c36cec] 18:31:15.446 [main] INFO  c.h.platform.operator.util.CRDUtil - HiveMQ Platform CRD is up to date (version: V1_6_0)
2025-01-30 18:31:15,447 INFO c.h.h.t.HelmChartContainer - [hivemq-test-hivemq-platform] [hivemq-platform-operator] [03c36cec] 18:31:15.446 [main] INFO  c.h.platform.operator.util.CRDUtil - Waiting 10000 ms for HiveMQ Platform CRD 'hivemq-platforms.hivemq.com' to become ready...
2025-01-30 18:31:15,748 INFO c.h.h.t.HelmChartContainer - [hivemq-test-hivemq-platform] [hivemq-platform-operator] [03c36cec] 18:31:15.747 [vert.x-eventloop-thread-1] DEBUG c.h.platform.operator.util.CRDUtil - Checking CRD condition 'NamesAccepted' (status: 'True')
2025-01-30 18:31:15,825 INFO c.h.h.t.HelmChartContainer - [hivemq-test-hivemq-platform] [hivemq-platform-operator] [03c36cec] 18:31:15.824 [vert.x-eventloop-thread-1] DEBUG c.h.platform.operator.util.CRDUtil - Checking CRD condition 'Established' (status: 'True')
2025-01-30 18:31:15,826 INFO c.h.h.t.HelmChartContainer - [hivemq-test-hivemq-platform] [hivemq-platform-operator] [03c36cec] 18:31:15.825 [main] INFO  c.h.platform.operator.util.CRDUtil - HiveMQ Platform CRD 'hivemq-platforms.hivemq.com' is ready
2025-01-30 18:31:15,942 INFO c.h.h.t.HelmChartContainer - [hivemq-test-hivemq-platform] [hivemq-platform-operator] [03c36cec] 18:31:15.941 [main] INFO  c.h.p.o.HiveMQPlatformReconciler - HiveMQ Platform Operator is starting...
2025-01-30 18:31:16,047 INFO c.h.h.t.HelmChartContainer - [hivemq-test-hivemq-platform] [hivemq-platform-operator] [03c36cec] 18:31:16.043 [main] WARN  Default ConfigurationService implementation - Configuration for reconciler 'hivemq-controller' was not found. Known reconcilers: None.
2025-01-30 18:31:16,054 INFO c.h.h.t.HelmChartContainer - [hivemq-test-hivemq-platform] [hivemq-platform-operator] [03c36cec] 18:31:16.051 [main] INFO  Default ConfigurationService implementation - Created configuration for reconciler com.hivemq.platform.operator.HiveMQPlatformReconciler with name hivemq-controller
2025-01-30 18:31:16,234 INFO c.h.h.t.HelmChartContainer - [hivemq-test-hivemq-platform] [hivemq-platform-operator] [03c36cec] 18:31:16.233 [main] DEBUG c.h.p.o.HiveMQPlatformReconciler - HiveMQ Platform Operator is preparing EventSources
2025-01-30 18:31:16,246 INFO c.h.h.t.HelmChartContainer - [hivemq-test-hivemq-platform] [hivemq-platform-operator] [03c36cec] 18:31:16.245 [main] INFO  i.javaoperatorsdk.operator.Operator - Registered reconciler: 'hivemq-controller' for resource: 'class com.hivemq.platform.operator.v1.HiveMQPlatform' for namespace(s): [all namespaces]
2025-01-30 18:31:16,827 INFO c.h.h.t.HelmChartContainer - [hivemq-test-hivemq-platform] [hivemq-platform-operator] [03c36cec] 18:31:16.826 [main] INFO  c.h.p.operator.webserver.JettyServer - Starting Jetty server on port 8080
2025-01-30 18:31:16,851 INFO c.h.h.t.HelmChartContainer - [hivemq-test-hivemq-platform] [hivemq-platform-operator] [03c36cec] 18:31:16.850 [main] INFO  i.javaoperatorsdk.operator.Operator - Operator SDK 4.9.7 (commit: 2133d28) built on Wed Nov 20 12:56:20 UTC 2024 starting...
2025-01-30 18:31:16,851 INFO c.h.h.t.HelmChartContainer - [hivemq-test-hivemq-platform] [hivemq-platform-operator] [03c36cec] 18:31:16.850 [main] INFO  i.javaoperatorsdk.operator.Operator - Client version: 6.13.5
2025-01-30 18:31:16,852 INFO c.h.h.t.HelmChartContainer - [hivemq-test-hivemq-platform] [hivemq-platform-operator] [03c36cec] 18:31:16.851 [Controller Starter for: hivemq-controller] INFO  i.j.operator.processing.Controller - Starting 'hivemq-controller' controller for reconciler: com.hivemq.platform.operator.HiveMQPlatformReconciler, resource: com.hivemq.platform.operator.v1.HiveMQPlatform
2025-01-30 18:31:19,038 INFO c.h.h.t.HelmChartContainer - [hivemq-test-hivemq-platform] [hivemq-platform-operator] [03c36cec] 18:31:19.036 [Controller Starter for: hivemq-controller] INFO  i.j.operator.processing.Controller - 'hivemq-controller' controller started
2025-01-30 18:31:19,038 INFO c.h.h.t.HelmChartContainer - [hivemq-test-hivemq-platform] [hivemq-platform-operator] [03c36cec] 18:31:19.037 [main] INFO  c.h.p.o.HiveMQPlatformOperatorApplication - HiveMQ Platform Operator 1.7.0-SNAPSHOT started in 6099 ms
2025-01-30 18:31:21,335 INFO c.h.h.t.HelmChartContainer - [POD] hivemq-test-hivemq-platform-operator-6966f96d65-hnnzg [03c36cec-7da1-4735-a035-70362eac71aa] in helmextensionlicensesit-operator was MODIFIED
2025-01-30 18:31:21,340 INFO c.h.h.t.HelmChartContainer - [K3S] [replica_set.go:679] "Finished syncing" kind="ReplicaSet" key="helmextensionlicensesit-operator/hivemq-test-hivemq-platform-operator-6966f96d65" duration="7.770568ms"
2025-01-30 18:31:21,340 INFO c.h.h.t.HelmChartContainer - [K3S] [replica_set.go:679] "Finished syncing" kind="ReplicaSet" key="helmextensionlicensesit-operator/hivemq-test-hivemq-platform-operator-6966f96d65" duration="42.268µs"
2025-01-30 18:31:21,772 INFO c.h.h.testcontainer.LogWaiterUtil - TEST Waiting for log pattern on 'test-hivemq-platform-0': .*Extension "HiveMQ Enterprise Distributed Tracing Extension" version .* started successfully.
2025-01-30 18:31:21,772 INFO c.h.h.testcontainer.LogWaiterUtil - TEST Waiting for log pattern on 'test-hivemq-platform-0': .*License file tracing.elic is corrupt.
2025-01-30 18:31:21,830 DEBUG c.h.h.t.HelmChartContainer - Executing helm command: /bin/helm --kubeconfig /etc/rancher/k3s/k3s.yaml install test-hivemq-platform /charts/hivemq-platform --wait --timeout 5m0s --set image.repository=docker.io/hivemq --set image.tag=4.36.0 --set image.pullPolicy=Never --set nodes.resources.cpu=512m -f /files/distributed-tracing-extension-values.yaml --set license.create=true --set-file license.extensions.tracing.overrideLicense=/files/mock-extension-license.elic --namespace helmextensionlicensesit
2025-01-30 18:31:22,148 INFO c.h.h.t.HelmChartContainer - [hivemq-test-hivemq-platform] [hivemq-platform-operator] [03c36cec] 18:31:22.147 [-2082509879-pool-1-thread-3] WARN  i.m.p.PrometheusMeterRegistry - The meter (MeterId{name='operator.sdk.events.received', tags=[tag(action=ADDED),tag(event=ResourceEvent),tag(group=hivemq.com),tag(kind=HiveMQPlatform),tag(name=test-hivemq-platform),tag(namespace=helmextensionlicensesit),tag(scope=namespace),tag(version=v1)]}) registration has failed: Prometheus requires that all meters with the same name have the same set of tag keys. There is already an existing meter named 'operator.sdk.events.received' containing tag keys [event, group, kind, name, namespace, scope, version]. The meter you are attempting to register has keys [action, event, group, kind, name, namespace, scope, version]. Note that subsequent logs will be logged at debug level.
2025-01-30 18:31:22,639 INFO c.h.h.t.HelmChartContainer - [hivemq-test-hivemq-platform] [hivemq-platform-operator] [03c36cec] 18:31:22.638 [pool-6-thread-3] DEBUG c.h.p.o.dependants.PodInfoConfigMap - [helmexte] Desired PodInfo ConfigMap (1 extensions) (1 enabled)
2025-01-30 18:31:22,642 INFO c.h.h.t.HelmChartContainer - [hivemq-test-hivemq-platform] [hivemq-platform-operator] [03c36cec] 18:31:22.639 [pool-6-thread-3] DEBUG c.h.p.o.dependants.PodInfoConfigMap - [helmexte] Desired PodInfo ConfigMap (metrics port: 9399) (metrics path: /)
2025-01-30 18:31:22,642 INFO c.h.h.t.HelmChartContainer - [hivemq-test-hivemq-platform] [hivemq-platform-operator] [03c36cec] 18:31:22.639 [pool-6-thread-3] DEBUG c.h.p.o.dependants.PodInfoConfigMap - [helmexte] Desired PodInfo ConfigMap (extension state hash: -53618194)
2025-01-30 18:31:22,642 INFO c.h.h.t.HelmChartContainer - [hivemq-test-hivemq-platform] [hivemq-platform-operator] [03c36cec] 18:31:22.642 [pool-6-thread-3] DEBUG c.h.p.o.dependants.PodInfoConfigMap - [helmexte] Create PodInfo ConfigMap
2025-01-30 18:31:22,742 INFO c.h.h.t.HelmChartContainer - [hivemq-test-hivemq-platform] [hivemq-platform-operator] [03c36cec] 18:31:22.740 [pool-6-thread-5] DEBUG c.h.p.o.dependants.PodRoleResource - [helmexte] Create Role: Role(apiVersion=rbac.authorization.k8s.io/v1, kind=Role, metadata=ObjectMeta(annotations={meta.helm.sh/release-name=test-hivemq-platform, meta.helm.sh/release-namespace=helmextensionlicensesit}, creationTimestamp=null, deletionGracePeriodSeconds=null, deletionTimestamp=null, finalizers=[], generateName=null, generation=null, labels={helm.sh/chart=hivemq-platform-0.2.32, app.kubernetes.io/managed-by=Helm, app.kubernetes.io/name=hivemq-platform, hivemq-platform=test-hivemq-platform, app.kubernetes.io/instance=test-hivemq-platform, app.kubernetes.io/version=4.36.0}, managedFields=[], name=hivemq-platform-role-test-hivemq-platform, namespace=helmextensionlicensesit, ownerReferences=[OwnerReference(apiVersion=hivemq.com/v1, blockOwnerDeletion=null, controller=null, kind=HiveMQPlatform, name=test-hivemq-platform, uid=494eeafe-c5dd-4e5c-8653-758e3aa37769, additionalProperties={})], resourceVersion=null, selfLink=null, uid=null, additionalProperties={}), rules=[PolicyRule(apiGroups=[], nonResourceURLs=[], resourceNames=[], resources=[pods], verbs=[get, patch, update], additionalProperties={})], additionalProperties={})
2025-01-30 18:31:22,849 INFO c.h.h.t.HelmChartContainer - [hivemq-test-hivemq-platform] [hivemq-platform-operator] [03c36cec] 18:31:22.848 [pool-6-thread-7] DEBUG c.h.p.o.d.PodServiceAccountResource - [helmexte] Desired PodServiceAccountResource (serviceAccountName: hivemq-platform-pod-test-hivemq-platform)
2025-01-30 18:31:22,849 INFO c.h.h.t.HelmChartContainer - [hivemq-test-hivemq-platform] [hivemq-platform-operator] [03c36cec] 18:31:22.848 [pool-6-thread-7] DEBUG c.h.p.o.d.PodServiceAccountResource - [helmexte] Create ServiceAccount 'hivemq-platform-pod-test-hivemq-platform'
2025-01-30 18:31:23,034 INFO c.h.h.t.HelmChartContainer - [hivemq-test-hivemq-platform] [hivemq-platform-operator] [03c36cec] 18:31:23.033 [pool-6-thread-9] DEBUG c.h.p.o.d.PodRoleBindingResource - [helmexte] Create RoleBinding: RoleBinding(apiVersion=rbac.authorization.k8s.io/v1, kind=RoleBinding, metadata=ObjectMeta(annotations={meta.helm.sh/release-name=test-hivemq-platform, meta.helm.sh/release-namespace=helmextensionlicensesit}, creationTimestamp=null, deletionGracePeriodSeconds=null, deletionTimestamp=null, finalizers=[], generateName=null, generation=null, labels={helm.sh/chart=hivemq-platform-0.2.32, app.kubernetes.io/managed-by=Helm, app.kubernetes.io/name=hivemq-platform, hivemq-platform=test-hivemq-platform, app.kubernetes.io/instance=test-hivemq-platform, app.kubernetes.io/version=4.36.0}, managedFields=[], name=hivemq-platform-role-binding-test-hivemq-platform, namespace=helmextensionlicensesit, ownerReferences=[OwnerReference(apiVersion=hivemq.com/v1, blockOwnerDeletion=null, controller=null, kind=HiveMQPlatform, name=test-hivemq-platform, uid=494eeafe-c5dd-4e5c-8653-758e3aa37769, additionalProperties={})], resourceVersion=null, selfLink=null, uid=null, additionalProperties={}), roleRef=RoleRef(apiGroup=rbac.authorization.k8s.io, kind=Role, name=hivemq-platform-role-test-hivemq-platform, additionalProperties={}), subjects=[Subject(apiGroup=null, kind=ServiceAccount, name=hivemq-platform-pod-test-hivemq-platform, namespace=helmextensionlicensesit, additionalProperties={})], additionalProperties={})
2025-01-30 18:31:23,051 INFO c.h.h.t.HelmChartContainer - [hivemq-test-hivemq-platform] [hivemq-platform-operator] [03c36cec] 18:31:23.050 [ReconcilerExecutor-hivemq-controller-53] INFO  c.h.p.o.HiveMQPlatformReconciler - [helmexte] Reconciling HiveMQ Platform 'test-hivemq-platform' in namespace 'helmextensionlicensesit'
2025-01-30 18:31:23,052 INFO c.h.h.t.HelmChartContainer - [hivemq-test-hivemq-platform] [hivemq-platform-operator] [03c36cec] 18:31:23.051 [ReconcilerExecutor-hivemq-controller-53] DEBUG c.h.p.o.HiveMQPlatformReconciler - [helmexte] Custom Resource Status CREATED - HiveMQ Platform was created (READY)
2025-01-30 18:31:23,052 INFO c.h.h.t.HelmChartContainer - [hivemq-test-hivemq-platform] [hivemq-platform-operator] [03c36cec] 18:31:23.051 [ReconcilerExecutor-hivemq-controller-53] DEBUG c.h.p.o.HiveMQPlatformReconciler - [helmexte] Custom Resource Spec (replicas: 1) (extensions: 1)
2025-01-30 18:31:23,056 INFO c.h.h.t.HelmChartContainer - [hivemq-test-hivemq-platform] [hivemq-platform-operator] [03c36cec] 18:31:23.055 [ReconcilerExecutor-hivemq-controller-53] INFO  c.h.p.o.h.HiveMQPlatformReconcilerBaseHandler - [helmexte] HiveMQ Platform is starting
2025-01-30 18:31:23,233 INFO c.h.h.t.HelmChartContainer - [hivemq-test-hivemq-platform] [hivemq-platform-operator] [03c36cec] 18:31:23.232 [ReconcilerExecutor-hivemq-controller-53] DEBUG c.h.p.operator.event.EventSender - [helmexte] Creating K8s event hivemq-platform-starting: [Start] HiveMQ Platform is starting
2025-01-30 18:31:23,244 INFO c.h.h.t.HelmChartContainer - [EVENT] Normal [Start] HiveMQ Platform is starting [helmextensionlicensesit:test-hivemq-platform]
2025-01-30 18:31:23,247 INFO c.h.h.t.HelmChartContainer - [hivemq-test-hivemq-platform] [hivemq-platform-operator] [03c36cec] 18:31:23.245 [ReconcilerExecutor-hivemq-controller-53] INFO  c.h.p.o.h.AbstractHiveMQReconcilerStateHandler - [helmexte] Update HiveMQ Platform Status (CREATED [READY] -> STARTING [READY]): HiveMQ Platform is starting
2025-01-30 18:31:23,258 DEBUG com.hivemq.helmcharts.util.K8sUtil - Comparing actual state 'STARTING' and waiting for 'RUNNING'
2025-01-30 18:31:33,344 INFO c.h.h.t.HelmChartContainer - [hivemq-test-hivemq-platform] [hivemq-platform-operator] [03c36cec] 18:31:33.342 [pool-6-thread-12] DEBUG c.h.p.o.d.PlatformServiceResource - [helmexte] Desired Platform services (3 services)
2025-01-30 18:31:33,346 INFO c.h.h.t.HelmChartContainer - [hivemq-test-hivemq-platform] [hivemq-platform-operator] [03c36cec] 18:31:33.344 [pool-6-thread-13] DEBUG c.h.p.o.dependants.PodInfoConfigMap - [helmexte] Desired PodInfo ConfigMap (1 extensions) (1 enabled)
2025-01-30 18:31:33,346 INFO c.h.h.t.HelmChartContainer - [hivemq-test-hivemq-platform] [hivemq-platform-operator] [03c36cec] 18:31:33.344 [pool-6-thread-13] DEBUG c.h.p.o.dependants.PodInfoConfigMap - [helmexte] Desired PodInfo ConfigMap (metrics port: 9399) (metrics path: /)
2025-01-30 18:31:33,346 INFO c.h.h.t.HelmChartContainer - [hivemq-test-hivemq-platform] [hivemq-platform-operator] [03c36cec] 18:31:33.344 [pool-6-thread-13] DEBUG c.h.p.o.dependants.PodInfoConfigMap - [helmexte] Desired PodInfo ConfigMap (extension state hash: -53618194)
2025-01-30 18:31:33,353 INFO c.h.h.t.HelmChartContainer - [hivemq-test-hivemq-platform] [hivemq-platform-operator] [03c36cec] 18:31:33.350 [pool-6-thread-17] DEBUG c.h.p.o.d.PodServiceAccountResource - [helmexte] Desired PodServiceAccountResource (serviceAccountName: hivemq-platform-pod-test-hivemq-platform)
2025-01-30 18:31:33,358 INFO c.h.h.t.HelmChartContainer - [K3S] [alloc.go:330] "allocated clusterIPs" service="helmextensionlicensesit/hivemq-test-hivemq-platform-metrics-9399" clusterIPs={"IPv4":"10.43.38.214"}
2025-01-30 18:31:33,438 INFO c.h.h.t.HelmChartContainer - [hivemq-test-hivemq-platform] [hivemq-platform-operator] [03c36cec] 18:31:33.436 [pool-6-thread-13] DEBUG c.h.p.o.dependants.PodInfoConfigMap - [helmexte] Update PodInfo ConfigMap
2025-01-30 18:31:33,449 INFO c.h.h.t.HelmChartContainer - [K3S] [alloc.go:330] "allocated clusterIPs" service="helmextensionlicensesit/hivemq-test-hivemq-platform-cc-8080" clusterIPs={"IPv4":"10.43.99.87"}
2025-01-30 18:31:33,541 INFO c.h.h.t.HelmChartContainer - [K3S] [alloc.go:330] "allocated clusterIPs" service="helmextensionlicensesit/hivemq-test-hivemq-platform-mqtt-1883" clusterIPs={"IPv4":"10.43.57.141"}
2025-01-30 18:31:33,548 INFO c.h.h.t.HelmChartContainer - [hivemq-test-hivemq-platform] [hivemq-platform-operator] [03c36cec] 18:31:33.544 [pool-6-thread-20] DEBUG c.h.p.o.d.StatefulSetResource - [helmexte] Desired StatefulSet (1 replicas) for status STARTING (READY)
2025-01-30 18:31:33,638 INFO c.h.h.t.HelmChartContainer - [hivemq-test-hivemq-platform] [hivemq-platform-operator] [03c36cec] 18:31:33.636 [pool-6-thread-20] DEBUG c.h.p.o.d.StatefulSetResource - [helmexte] Create StatefulSet
2025-01-30 18:31:33,657 INFO c.h.h.t.HelmChartContainer - [hivemq-test-hivemq-platform] [hivemq-platform-operator] [03c36cec] 18:31:33.655 [ReconcilerExecutor-hivemq-controller-64] INFO  c.h.p.o.HiveMQPlatformReconciler - [helmexte] Reconciling HiveMQ Platform 'test-hivemq-platform' in namespace 'helmextensionlicensesit'
2025-01-30 18:31:33,657 INFO c.h.h.t.HelmChartContainer - [hivemq-test-hivemq-platform] [hivemq-platform-operator] [03c36cec] 18:31:33.656 [ReconcilerExecutor-hivemq-controller-64] DEBUG c.h.p.o.HiveMQPlatformReconciler - [helmexte] Custom Resource Status STARTING - HiveMQ Platform is starting (READY)
2025-01-30 18:31:33,659 INFO c.h.h.t.HelmChartContainer - [hivemq-test-hivemq-platform] [hivemq-platform-operator] [03c36cec] 18:31:33.657 [ReconcilerExecutor-hivemq-controller-64] DEBUG c.h.p.o.HiveMQPlatformReconciler - [helmexte] Custom Resource Spec (replicas: 1) (extensions: 1)
2025-01-30 18:31:33,663 INFO c.h.h.t.HelmChartContainer - [POD] test-hivemq-platform-0 [2633fbed-6fc3-4428-808b-7bd9eb5fba15] in helmextensionlicensesit was ADDED
2025-01-30 18:31:33,673 INFO c.h.h.t.HelmChartContainer - [POD] test-hivemq-platform-0 [2633fbed-6fc3-4428-808b-7bd9eb5fba15] in helmextensionlicensesit was MODIFIED
2025-01-30 18:31:33,673 INFO c.h.h.t.HelmChartContainer - [EVENT] Normal [SuccessfulCreate] create Pod test-hivemq-platform-0 in StatefulSet test-hivemq-platform successful [helmextensionlicensesit:test-hivemq-platform]
2025-01-30 18:31:33,674 INFO c.h.h.t.HelmChartContainer - [EVENT] Normal [Scheduled] Successfully assigned helmextensionlicensesit/test-hivemq-platform-0 to 794c46978a70 [helmextensionlicensesit:test-hivemq-platform-0]
2025-01-30 18:31:33,685 INFO c.h.h.t.HelmChartContainer - [POD] test-hivemq-platform-0 [2633fbed-6fc3-4428-808b-7bd9eb5fba15] in helmextensionlicensesit was MODIFIED
2025-01-30 18:31:33,741 INFO c.h.h.t.HelmChartContainer - [hivemq-test-hivemq-platform] [hivemq-platform-operator] [03c36cec] 18:31:33.739 [ReconcilerExecutor-hivemq-controller-64] DEBUG c.h.p.o.HiveMQPlatformReconciler - [helmexte] StatefulSet Status (revision: null, replicas: 0, available: 0, ready: 0, current: 0, updated: 0)
2025-01-30 18:31:33,741 INFO c.h.h.t.HelmChartContainer - [hivemq-test-hivemq-platform] [hivemq-platform-operator] [03c36cec] 18:31:33.739 [ReconcilerExecutor-hivemq-controller-64] DEBUG c.h.p.o.HiveMQPlatformReconciler - [helmexte] StatefulSet Spec (replicas: 1, init containers: 1, containers: 1, volumes: 5)
2025-01-30 18:31:33,842 INFO c.h.h.t.HelmChartContainer - [hivemq-test-hivemq-platform] [hivemq-platform-operator] [03c36cec] 18:31:33.841 [ReconcilerExecutor-hivemq-controller-64] DEBUG c.h.p.o.h.HiveMQPlatformReconcilerErrorHandler - [helmexte] Pod 'test-hivemq-platform-0' phase Pending
2025-01-30 18:31:33,843 INFO c.h.h.t.HelmChartContainer - [hivemq-test-hivemq-platform] [hivemq-platform-operator] [03c36cec] 18:31:33.842 [ReconcilerExecutor-hivemq-controller-64] DEBUG c.h.p.o.h.HiveMQPlatformReconcilerErrorHandler - [helmexte] Pod 'test-hivemq-platform-0' condition 'PodReadyToStartContainers': False
2025-01-30 18:31:33,843 INFO c.h.h.t.HelmChartContainer - [hivemq-test-hivemq-platform] [hivemq-platform-operator] [03c36cec] 18:31:33.842 [ReconcilerExecutor-hivemq-controller-64] DEBUG c.h.p.o.h.HiveMQPlatformReconcilerErrorHandler - [helmexte] Pod 'test-hivemq-platform-0' condition 'Initialized': False
2025-01-30 18:31:33,845 INFO c.h.h.t.HelmChartContainer - [hivemq-test-hivemq-platform] [hivemq-platform-operator] [03c36cec] 18:31:33.842 [ReconcilerExecutor-hivemq-controller-64] DEBUG c.h.p.o.h.HiveMQPlatformReconcilerErrorHandler - [helmexte] Pod 'test-hivemq-platform-0' condition 'Ready': False
2025-01-30 18:31:33,846 INFO c.h.h.t.HelmChartContainer - [hivemq-test-hivemq-platform] [hivemq-platform-operator] [03c36cec] 18:31:33.842 [ReconcilerExecutor-hivemq-controller-64] DEBUG c.h.p.o.h.HiveMQPlatformReconcilerErrorHandler - [helmexte] Pod 'test-hivemq-platform-0' condition 'ContainersReady': False
2025-01-30 18:31:33,846 INFO c.h.h.t.HelmChartContainer - [hivemq-test-hivemq-platform] [hivemq-platform-operator] [03c36cec] 18:31:33.842 [ReconcilerExecutor-hivemq-controller-64] DEBUG c.h.p.o.h.HiveMQPlatformReconcilerErrorHandler - [helmexte] Pod 'test-hivemq-platform-0' condition 'PodScheduled': True
2025-01-30 18:31:33,846 INFO c.h.h.t.HelmChartContainer - [hivemq-test-hivemq-platform] [hivemq-platform-operator] [03c36cec] 18:31:33.842 [ReconcilerExecutor-hivemq-controller-64] DEBUG c.h.p.o.h.HiveMQPlatformReconcilerErrorHandler - [helmexte] Pod 'test-hivemq-platform-0' containerStatus 'hivemq' (started: false) (ready: false) (waiting: [PodInitializing] null)
2025-01-30 18:31:33,846 INFO c.h.h.t.HelmChartContainer - [hivemq-test-hivemq-platform] [hivemq-platform-operator] [03c36cec] 18:31:33.844 [ReconcilerExecutor-hivemq-controller-64] INFO  c.h.p.o.h.HiveMQPlatformReconcilerBaseHandler - [helmexte] HiveMQ Platform is starting, 0 of 1 replicas are ready
2025-01-30 18:31:33,852 INFO c.h.h.t.HelmChartContainer - [K3S] [reconciler_common.go:251] "operationExecutor.VerifyControllerAttachedVolume started for volume \"operator-init\" (UniqueName: \"kubernetes.io/empty-dir/2633fbed-6fc3-4428-808b-7bd9eb5fba15-operator-init\") pod \"test-hivemq-platform-0\" (UID: \"2633fbed-6fc3-4428-808b-7bd9eb5fba15\") " pod="helmextensionlicensesit/test-hivemq-platform-0"
2025-01-30 18:31:33,852 INFO c.h.h.t.HelmChartContainer - [K3S] [reconciler_common.go:251] "operationExecutor.VerifyControllerAttachedVolume started for volume \"kube-api-access-5c5s9\" (UniqueName: \"kubernetes.io/projected/2633fbed-6fc3-4428-808b-7bd9eb5fba15-kube-api-access-5c5s9\") pod \"test-hivemq-platform-0\" (UID: \"2633fbed-6fc3-4428-808b-7bd9eb5fba15\") " pod="helmextensionlicensesit/test-hivemq-platform-0"
2025-01-30 18:31:33,852 INFO c.h.h.t.HelmChartContainer - [K3S] [reconciler_common.go:251] "operationExecutor.VerifyControllerAttachedVolume started for volume \"pod-info\" (UniqueName: \"kubernetes.io/configmap/2633fbed-6fc3-4428-808b-7bd9eb5fba15-pod-info\") pod \"test-hivemq-platform-0\" (UID: \"2633fbed-6fc3-4428-808b-7bd9eb5fba15\") " pod="helmextensionlicensesit/test-hivemq-platform-0"
2025-01-30 18:31:33,852 INFO c.h.h.t.HelmChartContainer - [K3S] [reconciler_common.go:251] "operationExecutor.VerifyControllerAttachedVolume started for volume \"broker-configuration\" (UniqueName: \"kubernetes.io/configmap/2633fbed-6fc3-4428-808b-7bd9eb5fba15-broker-configuration\") pod \"test-hivemq-platform-0\" (UID: \"2633fbed-6fc3-4428-808b-7bd9eb5fba15\") " pod="helmextensionlicensesit/test-hivemq-platform-0"
2025-01-30 18:31:33,852 INFO c.h.h.t.HelmChartContainer - [K3S] [reconciler_common.go:251] "operationExecutor.VerifyControllerAttachedVolume started for volume \"extension-configuration-hivemq-distributed-tracing-extension\" (UniqueName: \"kubernetes.io/configmap/2633fbed-6fc3-4428-808b-7bd9eb5fba15-extension-configuration-hivemq-distributed-tracing-extension\") pod \"test-hivemq-platform-0\" (UID: \"2633fbed-6fc3-4428-808b-7bd9eb5fba15\") " pod="helmextensionlicensesit/test-hivemq-platform-0"
2025-01-30 18:31:33,852 INFO c.h.h.t.HelmChartContainer - [K3S] [reconciler_common.go:251] "operationExecutor.VerifyControllerAttachedVolume started for volume \"licenses\" (UniqueName: \"kubernetes.io/secret/2633fbed-6fc3-4428-808b-7bd9eb5fba15-licenses\") pod \"test-hivemq-platform-0\" (UID: \"2633fbed-6fc3-4428-808b-7bd9eb5fba15\") " pod="helmextensionlicensesit/test-hivemq-platform-0"
2025-01-30 18:31:33,934 INFO c.h.h.t.HelmChartContainer - [hivemq-test-hivemq-platform] [hivemq-platform-operator] [03c36cec] 18:31:33.932 [pool-6-thread-22] DEBUG c.h.p.o.d.PlatformServiceResource - [helmexte] Desired Platform services (3 services)
2025-01-30 18:31:33,938 INFO c.h.h.t.HelmChartContainer - [hivemq-test-hivemq-platform] [hivemq-platform-operator] [03c36cec] 18:31:33.936 [pool-6-thread-23] DEBUG c.h.p.o.dependants.PodInfoConfigMap - [helmexte] Desired PodInfo ConfigMap (1 extensions) (1 enabled)
2025-01-30 18:31:33,938 INFO c.h.h.t.HelmChartContainer - [hivemq-test-hivemq-platform] [hivemq-platform-operator] [03c36cec] 18:31:33.936 [pool-6-thread-23] DEBUG c.h.p.o.dependants.PodInfoConfigMap - [helmexte] Desired PodInfo ConfigMap (metrics port: 9399) (metrics path: /)
2025-01-30 18:31:33,939 INFO c.h.h.t.HelmChartContainer - [hivemq-test-hivemq-platform] [hivemq-platform-operator] [03c36cec] 18:31:33.936 [pool-6-thread-23] DEBUG c.h.p.o.dependants.PodInfoConfigMap - [helmexte] Desired PodInfo ConfigMap (extension state hash: -53618194)
2025-01-30 18:31:33,941 INFO c.h.h.t.HelmChartContainer - [hivemq-test-hivemq-platform] [hivemq-platform-operator] [03c36cec] 18:31:33.939 [pool-6-thread-27] DEBUG c.h.p.o.d.PodServiceAccountResource - [helmexte] Desired PodServiceAccountResource (serviceAccountName: hivemq-platform-pod-test-hivemq-platform)
2025-01-30 18:31:33,946 INFO c.h.h.t.HelmChartContainer - [hivemq-test-hivemq-platform] [hivemq-platform-operator] [03c36cec] 18:31:33.946 [pool-6-thread-30] DEBUG c.h.p.o.d.StatefulSetResource - [helmexte] Desired StatefulSet (1 replicas) for status STARTING (READY)
2025-01-30 18:31:34,034 INFO c.h.h.t.HelmChartContainer - [hivemq-test-hivemq-platform] [hivemq-platform-operator] [03c36cec] 18:31:34.033 [ReconcilerExecutor-hivemq-controller-76] INFO  c.h.p.o.HiveMQPlatformReconciler - [helmexte] Reconciling HiveMQ Platform 'test-hivemq-platform' in namespace 'helmextensionlicensesit'
2025-01-30 18:31:34,037 INFO c.h.h.t.HelmChartContainer - [hivemq-test-hivemq-platform] [hivemq-platform-operator] [03c36cec] 18:31:34.033 [ReconcilerExecutor-hivemq-controller-76] DEBUG c.h.p.o.HiveMQPlatformReconciler - [helmexte] Custom Resource Status STARTING - HiveMQ Platform is starting (READY)
2025-01-30 18:31:34,037 INFO c.h.h.t.HelmChartContainer - [hivemq-test-hivemq-platform] [hivemq-platform-operator] [03c36cec] 18:31:34.033 [ReconcilerExecutor-hivemq-controller-76] DEBUG c.h.p.o.HiveMQPlatformReconciler - [helmexte] Custom Resource Spec (replicas: 1) (extensions: 1)
2025-01-30 18:31:34,038 INFO c.h.h.t.HelmChartContainer - [hivemq-test-hivemq-platform] [hivemq-platform-operator] [03c36cec] 18:31:34.037 [ReconcilerExecutor-hivemq-controller-76] DEBUG c.h.p.o.HiveMQPlatformReconciler - [helmexte] StatefulSet Status (revision: test-hivemq-platform-6bcc7896c5, replicas: 1, available: 0, ready: 0, current: 1, updated: 1)
2025-01-30 18:31:34,039 INFO c.h.h.t.HelmChartContainer - [hivemq-test-hivemq-platform] [hivemq-platform-operator] [03c36cec] 18:31:34.037 [ReconcilerExecutor-hivemq-controller-76] DEBUG c.h.p.o.HiveMQPlatformReconciler - [helmexte] StatefulSet Spec (replicas: 1, init containers: 1, containers: 1, volumes: 5)
2025-01-30 18:31:34,040 INFO c.h.h.t.HelmChartContainer - [hivemq-test-hivemq-platform] [hivemq-platform-operator] [03c36cec] 18:31:34.039 [ReconcilerExecutor-hivemq-controller-76] DEBUG c.h.p.o.h.HiveMQPlatformReconcilerErrorHandler - [helmexte] Pod 'test-hivemq-platform-0' phase Pending
2025-01-30 18:31:34,041 INFO c.h.h.t.HelmChartContainer - [hivemq-test-hivemq-platform] [hivemq-platform-operator] [03c36cec] 18:31:34.040 [ReconcilerExecutor-hivemq-controller-76] DEBUG c.h.p.o.h.HiveMQPlatformReconcilerErrorHandler - [helmexte] Pod 'test-hivemq-platform-0' condition 'PodReadyToStartContainers': False
2025-01-30 18:31:34,042 INFO c.h.h.t.HelmChartContainer - [hivemq-test-hivemq-platform] [hivemq-platform-operator] [03c36cec] 18:31:34.040 [ReconcilerExecutor-hivemq-controller-76] DEBUG c.h.p.o.h.HiveMQPlatformReconcilerErrorHandler - [helmexte] Pod 'test-hivemq-platform-0' condition 'Initialized': False
2025-01-30 18:31:34,042 INFO c.h.h.t.HelmChartContainer - [hivemq-test-hivemq-platform] [hivemq-platform-operator] [03c36cec] 18:31:34.040 [ReconcilerExecutor-hivemq-controller-76] DEBUG c.h.p.o.h.HiveMQPlatformReconcilerErrorHandler - [helmexte] Pod 'test-hivemq-platform-0' condition 'Ready': False
2025-01-30 18:31:34,042 INFO c.h.h.t.HelmChartContainer - [hivemq-test-hivemq-platform] [hivemq-platform-operator] [03c36cec] 18:31:34.040 [ReconcilerExecutor-hivemq-controller-76] DEBUG c.h.p.o.h.HiveMQPlatformReconcilerErrorHandler - [helmexte] Pod 'test-hivemq-platform-0' condition 'ContainersReady': False
2025-01-30 18:31:34,042 INFO c.h.h.t.HelmChartContainer - [hivemq-test-hivemq-platform] [hivemq-platform-operator] [03c36cec] 18:31:34.040 [ReconcilerExecutor-hivemq-controller-76] DEBUG c.h.p.o.h.HiveMQPlatformReconcilerErrorHandler - [helmexte] Pod 'test-hivemq-platform-0' condition 'PodScheduled': True
2025-01-30 18:31:34,042 INFO c.h.h.t.HelmChartContainer - [hivemq-test-hivemq-platform] [hivemq-platform-operator] [03c36cec] 18:31:34.040 [ReconcilerExecutor-hivemq-controller-76] DEBUG c.h.p.o.h.HiveMQPlatformReconcilerErrorHandler - [helmexte] Pod 'test-hivemq-platform-0' containerStatus 'hivemq' (started: false) (ready: false) (waiting: [PodInitializing] null)
2025-01-30 18:31:34,044 INFO c.h.h.t.HelmChartContainer - [hivemq-test-hivemq-platform] [hivemq-platform-operator] [03c36cec] 18:31:34.041 [ReconcilerExecutor-hivemq-controller-76] INFO  c.h.p.o.h.HiveMQPlatformReconcilerBaseHandler - [helmexte] HiveMQ Platform is starting, 0 of 1 replicas are ready
2025-01-30 18:31:34,058 INFO c.h.h.t.HelmChartContainer - [EVENT] Normal [Pulled] Container image "docker.io/hivemq/hivemq-platform-operator-init-test:snapshot" already present on machine [helmextensionlicensesit:test-hivemq-platform-0]
2025-01-30 18:31:34,170 INFO c.h.h.t.HelmChartContainer - [EVENT] Normal [Created] Created container: hivemq-platform-operator-init [helmextensionlicensesit:test-hivemq-platform-0]
2025-01-30 18:31:34,212 INFO c.h.h.t.HelmChartContainer - [EVENT] Normal [Started] Started container hivemq-platform-operator-init [helmextensionlicensesit:test-hivemq-platform-0]
2025-01-30 18:31:34,385 INFO c.h.h.t.HelmChartContainer - [POD] test-hivemq-platform-0 [2633fbed-6fc3-4428-808b-7bd9eb5fba15] in helmextensionlicensesit was MODIFIED
2025-01-30 18:31:34,389 INFO c.h.h.t.HelmChartContainer - [hivemq-test-hivemq-platform] [hivemq-platform-operator] [03c36cec] 18:31:34.382 [pool-6-thread-32] DEBUG c.h.p.o.d.PlatformServiceResource - [helmexte] Desired Platform services (3 services)
2025-01-30 18:31:34,395 INFO c.h.h.t.HelmChartContainer - [hivemq-test-hivemq-platform] [hivemq-platform-operator] [03c36cec] 18:31:34.390 [pool-6-thread-33] DEBUG c.h.p.o.dependants.PodInfoConfigMap - [helmexte] Desired PodInfo ConfigMap (1 extensions) (1 enabled)
2025-01-30 18:31:34,395 INFO c.h.h.t.HelmChartContainer - [hivemq-test-hivemq-platform] [hivemq-platform-operator] [03c36cec] 18:31:34.391 [pool-6-thread-33] DEBUG c.h.p.o.dependants.PodInfoConfigMap - [helmexte] Desired PodInfo ConfigMap (metrics port: 9399) (metrics path: /)
2025-01-30 18:31:34,395 INFO c.h.h.t.HelmChartContainer - [hivemq-test-hivemq-platform] [hivemq-platform-operator] [03c36cec] 18:31:34.391 [pool-6-thread-33] DEBUG c.h.p.o.dependants.PodInfoConfigMap - [helmexte] Desired PodInfo ConfigMap (extension state hash: -53618194)
2025-01-30 18:31:34,396 INFO c.h.h.t.HelmChartContainer - [hivemq-test-hivemq-platform] [hivemq-platform-operator] [03c36cec] 18:31:34.391 [pool-6-thread-37] DEBUG c.h.p.o.d.PodServiceAccountResource - [helmexte] Desired PodServiceAccountResource (serviceAccountName: hivemq-platform-pod-test-hivemq-platform)
2025-01-30 18:31:34,437 INFO c.h.h.t.HelmChartContainer - [hivemq-test-hivemq-platform] [hivemq-platform-operator] [03c36cec] 18:31:34.435 [pool-6-thread-40] DEBUG c.h.p.o.d.StatefulSetResource - [helmexte] Desired StatefulSet (1 replicas) for status STARTING (READY)
2025-01-30 18:31:34,443 INFO c.h.h.t.HelmChartContainer - [hivemq-test-hivemq-platform] [hivemq-platform-operator] [03c36cec] 18:31:34.440 [ReconcilerExecutor-hivemq-controller-87] INFO  c.h.p.o.HiveMQPlatformReconciler - [helmexte] Reconciling HiveMQ Platform 'test-hivemq-platform' in namespace 'helmextensionlicensesit'
2025-01-30 18:31:34,444 INFO c.h.h.t.HelmChartContainer - [hivemq-test-hivemq-platform] [hivemq-platform-operator] [03c36cec] 18:31:34.441 [ReconcilerExecutor-hivemq-controller-87] DEBUG c.h.p.o.HiveMQPlatformReconciler - [helmexte] Custom Resource Status STARTING - HiveMQ Platform is starting (READY)
2025-01-30 18:31:34,444 INFO c.h.h.t.HelmChartContainer - [hivemq-test-hivemq-platform] [hivemq-platform-operator] [03c36cec] 18:31:34.441 [ReconcilerExecutor-hivemq-controller-87] DEBUG c.h.p.o.HiveMQPlatformReconciler - [helmexte] Custom Resource Spec (replicas: 1) (extensions: 1)
2025-01-30 18:31:34,447 INFO c.h.h.t.HelmChartContainer - [hivemq-test-hivemq-platform] [hivemq-platform-operator] [03c36cec] 18:31:34.443 [ReconcilerExecutor-hivemq-controller-87] DEBUG c.h.p.o.HiveMQPlatformReconciler - [helmexte] StatefulSet Status (revision: test-hivemq-platform-6bcc7896c5, replicas: 1, available: 0, ready: 0, current: 1, updated: 1)
2025-01-30 18:31:34,447 INFO c.h.h.t.HelmChartContainer - [hivemq-test-hivemq-platform] [hivemq-platform-operator] [03c36cec] 18:31:34.443 [ReconcilerExecutor-hivemq-controller-87] DEBUG c.h.p.o.HiveMQPlatformReconciler - [helmexte] StatefulSet Spec (replicas: 1, init containers: 1, containers: 1, volumes: 5)
2025-01-30 18:31:34,451 INFO c.h.h.t.HelmChartContainer - [hivemq-test-hivemq-platform] [hivemq-platform-operator] [03c36cec] 18:31:34.447 [ReconcilerExecutor-hivemq-controller-87] DEBUG c.h.p.o.h.HiveMQPlatformReconcilerErrorHandler - [helmexte] Pod 'test-hivemq-platform-0' phase Pending
2025-01-30 18:31:34,451 INFO c.h.h.t.HelmChartContainer - [hivemq-test-hivemq-platform] [hivemq-platform-operator] [03c36cec] 18:31:34.447 [ReconcilerExecutor-hivemq-controller-87] DEBUG c.h.p.o.h.HiveMQPlatformReconcilerErrorHandler - [helmexte] Pod 'test-hivemq-platform-0' condition 'PodReadyToStartContainers': True
2025-01-30 18:31:34,451 INFO c.h.h.t.HelmChartContainer - [hivemq-test-hivemq-platform] [hivemq-platform-operator] [03c36cec] 18:31:34.447 [ReconcilerExecutor-hivemq-controller-87] DEBUG c.h.p.o.h.HiveMQPlatformReconcilerErrorHandler - [helmexte] Pod 'test-hivemq-platform-0' condition 'Initialized': False
2025-01-30 18:31:34,451 INFO c.h.h.t.HelmChartContainer - [hivemq-test-hivemq-platform] [hivemq-platform-operator] [03c36cec] 18:31:34.448 [ReconcilerExecutor-hivemq-controller-87] DEBUG c.h.p.o.h.HiveMQPlatformReconcilerErrorHandler - [helmexte] Pod 'test-hivemq-platform-0' condition 'Ready': False
2025-01-30 18:31:34,451 INFO c.h.h.t.HelmChartContainer - [hivemq-test-hivemq-platform] [hivemq-platform-operator] [03c36cec] 18:31:34.448 [ReconcilerExecutor-hivemq-controller-87] DEBUG c.h.p.o.h.HiveMQPlatformReconcilerErrorHandler - [helmexte] Pod 'test-hivemq-platform-0' condition 'ContainersReady': False
2025-01-30 18:31:34,451 INFO c.h.h.t.HelmChartContainer - [hivemq-test-hivemq-platform] [hivemq-platform-operator] [03c36cec] 18:31:34.448 [ReconcilerExecutor-hivemq-controller-87] DEBUG c.h.p.o.h.HiveMQPlatformReconcilerErrorHandler - [helmexte] Pod 'test-hivemq-platform-0' condition 'PodScheduled': True
2025-01-30 18:31:34,451 INFO c.h.h.t.HelmChartContainer - [hivemq-test-hivemq-platform] [hivemq-platform-operator] [03c36cec] 18:31:34.448 [ReconcilerExecutor-hivemq-controller-87] DEBUG c.h.p.o.h.HiveMQPlatformReconcilerErrorHandler - [helmexte] Pod 'test-hivemq-platform-0' containerStatus 'hivemq' (started: false) (ready: false) (waiting: [PodInitializing] null)
2025-01-30 18:31:34,451 INFO c.h.h.t.HelmChartContainer - [hivemq-test-hivemq-platform] [hivemq-platform-operator] [03c36cec] 18:31:34.449 [ReconcilerExecutor-hivemq-controller-87] INFO  c.h.p.o.h.HiveMQPlatformReconcilerBaseHandler - [helmexte] HiveMQ Platform is starting, 0 of 1 replicas are ready
2025-01-30 18:31:35,356 INFO c.h.h.t.HelmChartContainer - [EVENT] Normal [Pulled] Container image "docker.io/hivemq/hivemq4:4.36.0" already present on machine [helmextensionlicensesit:test-hivemq-platform-0]
2025-01-30 18:31:35,356 INFO c.h.h.t.HelmChartContainer - Received Pulled event for container hivemq in pod test-hivemq-platform-0 [2633fbed-6fc3-4428-808b-7bd9eb5fba15]
2025-01-30 18:31:35,363 INFO c.h.h.t.HelmChartContainer - [POD] test-hivemq-platform-0 [2633fbed-6fc3-4428-808b-7bd9eb5fba15] in helmextensionlicensesit was MODIFIED
2025-01-30 18:31:35,373 INFO c.h.h.t.HelmChartContainer - [hivemq-test-hivemq-platform] [hivemq-platform-operator] [03c36cec] 18:31:35.372 [pool-6-thread-42] DEBUG c.h.p.o.d.PlatformServiceResource - [helmexte] Desired Platform services (3 services)
2025-01-30 18:31:35,377 INFO c.h.h.t.HelmChartContainer - [hivemq-test-hivemq-platform] [hivemq-platform-operator] [03c36cec] 18:31:35.376 [pool-6-thread-43] DEBUG c.h.p.o.dependants.PodInfoConfigMap - [helmexte] Desired PodInfo ConfigMap (1 extensions) (1 enabled)
2025-01-30 18:31:35,378 INFO c.h.h.t.HelmChartContainer - [hivemq-test-hivemq-platform] [hivemq-platform-operator] [03c36cec] 18:31:35.377 [pool-6-thread-43] DEBUG c.h.p.o.dependants.PodInfoConfigMap - [helmexte] Desired PodInfo ConfigMap (metrics port: 9399) (metrics path: /)
2025-01-30 18:31:35,378 INFO c.h.h.t.HelmChartContainer - [hivemq-test-hivemq-platform] [hivemq-platform-operator] [03c36cec] 18:31:35.377 [pool-6-thread-43] DEBUG c.h.p.o.dependants.PodInfoConfigMap - [helmexte] Desired PodInfo ConfigMap (extension state hash: -53618194)
2025-01-30 18:31:35,381 INFO c.h.h.t.HelmChartContainer - [hivemq-test-hivemq-platform] [hivemq-platform-operator] [03c36cec] 18:31:35.380 [pool-6-thread-47] DEBUG c.h.p.o.d.PodServiceAccountResource - [helmexte] Desired PodServiceAccountResource (serviceAccountName: hivemq-platform-pod-test-hivemq-platform)
2025-01-30 18:31:35,438 INFO c.h.h.t.HelmChartContainer - [hivemq-test-hivemq-platform] [hivemq-platform-operator] [03c36cec] 18:31:35.435 [pool-6-thread-50] DEBUG c.h.p.o.d.StatefulSetResource - [helmexte] Desired StatefulSet (1 replicas) for status STARTING (READY)
2025-01-30 18:31:35,446 INFO c.h.h.t.HelmChartContainer - [hivemq-test-hivemq-platform] [hivemq-platform-operator] [03c36cec] 18:31:35.444 [ReconcilerExecutor-hivemq-controller-98] INFO  c.h.p.o.HiveMQPlatformReconciler - [helmexte] Reconciling HiveMQ Platform 'test-hivemq-platform' in namespace 'helmextensionlicensesit'
2025-01-30 18:31:35,446 INFO c.h.h.t.HelmChartContainer - [hivemq-test-hivemq-platform] [hivemq-platform-operator] [03c36cec] 18:31:35.445 [ReconcilerExecutor-hivemq-controller-98] DEBUG c.h.p.o.HiveMQPlatformReconciler - [helmexte] Custom Resource Status STARTING - HiveMQ Platform is starting (READY)
2025-01-30 18:31:35,447 INFO c.h.h.t.HelmChartContainer - [hivemq-test-hivemq-platform] [hivemq-platform-operator] [03c36cec] 18:31:35.445 [ReconcilerExecutor-hivemq-controller-98] DEBUG c.h.p.o.HiveMQPlatformReconciler - [helmexte] Custom Resource Spec (replicas: 1) (extensions: 1)
2025-01-30 18:31:35,449 INFO c.h.h.t.HelmChartContainer - [hivemq-test-hivemq-platform] [hivemq-platform-operator] [03c36cec] 18:31:35.448 [ReconcilerExecutor-hivemq-controller-98] DEBUG c.h.p.o.HiveMQPlatformReconciler - [helmexte] StatefulSet Status (revision: test-hivemq-platform-6bcc7896c5, replicas: 1, available: 0, ready: 0, current: 1, updated: 1)
2025-01-30 18:31:35,449 INFO c.h.h.t.HelmChartContainer - [hivemq-test-hivemq-platform] [hivemq-platform-operator] [03c36cec] 18:31:35.448 [ReconcilerExecutor-hivemq-controller-98] DEBUG c.h.p.o.HiveMQPlatformReconciler - [helmexte] StatefulSet Spec (replicas: 1, init containers: 1, containers: 1, volumes: 5)
2025-01-30 18:31:35,454 INFO c.h.h.t.HelmChartContainer - [hivemq-test-hivemq-platform] [hivemq-platform-operator] [03c36cec] 18:31:35.451 [ReconcilerExecutor-hivemq-controller-98] DEBUG c.h.p.o.h.HiveMQPlatformReconcilerErrorHandler - [helmexte] Pod 'test-hivemq-platform-0' phase Pending
2025-01-30 18:31:35,454 INFO c.h.h.t.HelmChartContainer - [hivemq-test-hivemq-platform] [hivemq-platform-operator] [03c36cec] 18:31:35.452 [ReconcilerExecutor-hivemq-controller-98] DEBUG c.h.p.o.h.HiveMQPlatformReconcilerErrorHandler - [helmexte] Pod 'test-hivemq-platform-0' condition 'PodReadyToStartContainers': True
2025-01-30 18:31:35,454 INFO c.h.h.t.HelmChartContainer - [hivemq-test-hivemq-platform] [hivemq-platform-operator] [03c36cec] 18:31:35.452 [ReconcilerExecutor-hivemq-controller-98] DEBUG c.h.p.o.h.HiveMQPlatformReconcilerErrorHandler - [helmexte] Pod 'test-hivemq-platform-0' condition 'Initialized': True
2025-01-30 18:31:35,454 INFO c.h.h.t.HelmChartContainer - [hivemq-test-hivemq-platform] [hivemq-platform-operator] [03c36cec] 18:31:35.452 [ReconcilerExecutor-hivemq-controller-98] DEBUG c.h.p.o.h.HiveMQPlatformReconcilerErrorHandler - [helmexte] Pod 'test-hivemq-platform-0' condition 'Ready': False
2025-01-30 18:31:35,454 INFO c.h.h.t.HelmChartContainer - [hivemq-test-hivemq-platform] [hivemq-platform-operator] [03c36cec] 18:31:35.452 [ReconcilerExecutor-hivemq-controller-98] DEBUG c.h.p.o.h.HiveMQPlatformReconcilerErrorHandler - [helmexte] Pod 'test-hivemq-platform-0' condition 'ContainersReady': False
2025-01-30 18:31:35,454 INFO c.h.h.t.HelmChartContainer - [hivemq-test-hivemq-platform] [hivemq-platform-operator] [03c36cec] 18:31:35.452 [ReconcilerExecutor-hivemq-controller-98] DEBUG c.h.p.o.h.HiveMQPlatformReconcilerErrorHandler - [helmexte] Pod 'test-hivemq-platform-0' condition 'PodScheduled': True
2025-01-30 18:31:35,454 INFO c.h.h.t.HelmChartContainer - [hivemq-test-hivemq-platform] [hivemq-platform-operator] [03c36cec] 18:31:35.452 [ReconcilerExecutor-hivemq-controller-98] DEBUG c.h.p.o.h.HiveMQPlatformReconcilerErrorHandler - [helmexte] Pod 'test-hivemq-platform-0' containerStatus 'hivemq' (started: false) (ready: false) (waiting: [PodInitializing] null)
2025-01-30 18:31:35,455 INFO c.h.h.t.HelmChartContainer - [hivemq-test-hivemq-platform] [hivemq-platform-operator] [03c36cec] 18:31:35.453 [ReconcilerExecutor-hivemq-controller-98] INFO  c.h.p.o.h.HiveMQPlatformReconcilerBaseHandler - [helmexte] HiveMQ Platform is starting, 0 of 1 replicas are ready
2025-01-30 18:31:36,550 INFO c.h.h.t.HelmChartContainer - [EVENT] Normal [Created] Created container: hivemq [helmextensionlicensesit:test-hivemq-platform-0]
2025-01-30 18:31:36,550 INFO c.h.h.t.HelmChartContainer - Received Created event for container hivemq in pod test-hivemq-platform-0 [2633fbed-6fc3-4428-808b-7bd9eb5fba15]
2025-01-30 18:31:37,374 INFO c.h.h.t.HelmChartContainer - [POD] test-hivemq-platform-0 [2633fbed-6fc3-4428-808b-7bd9eb5fba15] in helmextensionlicensesit was MODIFIED
2025-01-30 18:31:37,389 INFO c.h.h.t.HelmChartContainer - Started log watcher for hivemq in pod test-hivemq-platform-0 [2633fbed-6fc3-4428-808b-7bd9eb5fba15]
2025-01-30 18:31:37,389 INFO c.h.h.t.HelmChartContainer - [test-hivemq-platform] [hivemq] [2633fbed] Adding pre-installed HiveMQ Platform Operator extensions
2025-01-30 18:31:37,389 INFO c.h.h.t.HelmChartContainer - [test-hivemq-platform] [hivemq] [2633fbed] Running as user 10000
2025-01-30 18:31:37,389 INFO c.h.h.t.HelmChartContainer - [test-hivemq-platform] [hivemq] [2633fbed] Starting HiveMQ Platform Operator Init
2025-01-30 18:31:37,389 INFO c.h.h.t.HelmChartContainer - [EVENT] Normal [Started] Started container hivemq [helmextensionlicensesit:test-hivemq-platform-0]
2025-01-30 18:31:37,389 INFO c.h.h.t.HelmChartContainer - Received Started event for container hivemq in pod test-hivemq-platform-0 [2633fbed-6fc3-4428-808b-7bd9eb5fba15]
2025-01-30 18:31:37,396 INFO c.h.h.t.HelmChartContainer - [hivemq-test-hivemq-platform] [hivemq-platform-operator] [03c36cec] 18:31:37.390 [pool-6-thread-5] DEBUG c.h.p.o.d.PlatformServiceResource - [helmexte] Desired Platform services (3 services)
2025-01-30 18:31:37,398 INFO c.h.h.t.HelmChartContainer - [hivemq-test-hivemq-platform] [hivemq-platform-operator] [03c36cec] 18:31:37.397 [pool-6-thread-1] DEBUG c.h.p.o.d.PodServiceAccountResource - [helmexte] Desired PodServiceAccountResource (serviceAccountName: hivemq-platform-pod-test-hivemq-platform)
2025-01-30 18:31:37,434 INFO c.h.h.t.HelmChartContainer - [hivemq-test-hivemq-platform] [hivemq-platform-operator] [03c36cec] 18:31:37.432 [pool-6-thread-3] DEBUG c.h.p.o.dependants.PodInfoConfigMap - [helmexte] Desired PodInfo ConfigMap (1 extensions) (1 enabled)
2025-01-30 18:31:37,434 INFO c.h.h.t.HelmChartContainer - [hivemq-test-hivemq-platform] [hivemq-platform-operator] [03c36cec] 18:31:37.433 [pool-6-thread-3] DEBUG c.h.p.o.dependants.PodInfoConfigMap - [helmexte] Desired PodInfo ConfigMap (metrics port: 9399) (metrics path: /)
2025-01-30 18:31:37,435 INFO c.h.h.t.HelmChartContainer - [hivemq-test-hivemq-platform] [hivemq-platform-operator] [03c36cec] 18:31:37.433 [pool-6-thread-3] DEBUG c.h.p.o.dependants.PodInfoConfigMap - [helmexte] Desired PodInfo ConfigMap (extension state hash: -53618194)
2025-01-30 18:31:37,438 INFO c.h.h.t.HelmChartContainer - [hivemq-test-hivemq-platform] [hivemq-platform-operator] [03c36cec] 18:31:37.437 [pool-6-thread-3] DEBUG c.h.p.o.d.StatefulSetResource - [helmexte] Desired StatefulSet (1 replicas) for status STARTING (READY)
2025-01-30 18:31:37,444 INFO c.h.h.t.HelmChartContainer - [hivemq-test-hivemq-platform] [hivemq-platform-operator] [03c36cec] 18:31:37.442 [ReconcilerExecutor-hivemq-controller-109] INFO  c.h.p.o.HiveMQPlatformReconciler - [helmexte] Reconciling HiveMQ Platform 'test-hivemq-platform' in namespace 'helmextensionlicensesit'
2025-01-30 18:31:37,444 INFO c.h.h.t.HelmChartContainer - [hivemq-test-hivemq-platform] [hivemq-platform-operator] [03c36cec] 18:31:37.442 [ReconcilerExecutor-hivemq-controller-109] DEBUG c.h.p.o.HiveMQPlatformReconciler - [helmexte] Custom Resource Status STARTING - HiveMQ Platform is starting (READY)
2025-01-30 18:31:37,444 INFO c.h.h.t.HelmChartContainer - [hivemq-test-hivemq-platform] [hivemq-platform-operator] [03c36cec] 18:31:37.442 [ReconcilerExecutor-hivemq-controller-109] DEBUG c.h.p.o.HiveMQPlatformReconciler - [helmexte] Custom Resource Spec (replicas: 1) (extensions: 1)
2025-01-30 18:31:37,446 INFO c.h.h.t.HelmChartContainer - [hivemq-test-hivemq-platform] [hivemq-platform-operator] [03c36cec] 18:31:37.446 [ReconcilerExecutor-hivemq-controller-109] DEBUG c.h.p.o.HiveMQPlatformReconciler - [helmexte] StatefulSet Status (revision: test-hivemq-platform-6bcc7896c5, replicas: 1, available: 0, ready: 0, current: 1, updated: 1)
2025-01-30 18:31:37,447 INFO c.h.h.t.HelmChartContainer - [hivemq-test-hivemq-platform] [hivemq-platform-operator] [03c36cec] 18:31:37.446 [ReconcilerExecutor-hivemq-controller-109] DEBUG c.h.p.o.HiveMQPlatformReconciler - [helmexte] StatefulSet Spec (replicas: 1, init containers: 1, containers: 1, volumes: 5)
2025-01-30 18:31:37,449 INFO c.h.h.t.HelmChartContainer - [hivemq-test-hivemq-platform] [hivemq-platform-operator] [03c36cec] 18:31:37.448 [ReconcilerExecutor-hivemq-controller-109] DEBUG c.h.p.o.h.HiveMQPlatformReconcilerErrorHandler - [helmexte] Pod 'test-hivemq-platform-0' phase Running
2025-01-30 18:31:37,449 INFO c.h.h.t.HelmChartContainer - [hivemq-test-hivemq-platform] [hivemq-platform-operator] [03c36cec] 18:31:37.449 [ReconcilerExecutor-hivemq-controller-109] INFO  c.h.p.o.h.HiveMQPlatformReconcilerBaseHandler - [helmexte] HiveMQ Platform is starting, 0 of 1 replicas are ready
2025-01-30 18:31:37,867 INFO c.h.h.t.HelmChartContainer - [test-hivemq-platform] [hivemq] [2633fbed] INFO  - [HiveMQ Platform Operator Init 1.7.0-SNAPSHOT] HiveMQ Platform Operator Init 1.7.0-SNAPSHOT (commit: 47e3375 on branch: HEAD) built on Thu Jan 30 03:55:50 UTC 2025
2025-01-30 18:31:38,983 INFO c.h.h.t.HelmChartContainer - [test-hivemq-platform] [hivemq] [2633fbed] INFO  - [HiveMQ Platform Operator Init App 1.7.0-SNAPSHOT] Using bind address 10.42.0.10 from environment variable
2025-01-30 18:31:39,919 INFO c.h.h.t.HelmChartContainer - [test-hivemq-platform] [hivemq] [2633fbed] INFO  - [HiveMQ Platform Operator Init App 1.7.0-SNAPSHOT] HiveMQ Platform Operator Init App 1.7.0-SNAPSHOT (commit: 47e3375 on branch: HEAD) built on Thu Jan 30 03:55:50 UTC 2025
2025-01-30 18:31:39,919 INFO c.h.h.t.HelmChartContainer - [test-hivemq-platform] [hivemq] [2633fbed] INFO  - [HiveMQ Platform Operator Init App 1.7.0-SNAPSHOT] PodInfo ConfigMap directory: /etc/podinfo
2025-01-30 18:31:39,919 INFO c.h.h.t.HelmChartContainer - [test-hivemq-platform] [hivemq] [2633fbed] INFO  - [HiveMQ Platform Operator Init App 1.7.0-SNAPSHOT] HiveMQ home directory: /opt/hivemq
2025-01-30 18:31:39,919 INFO c.h.h.t.HelmChartContainer - [test-hivemq-platform] [hivemq] [2633fbed] INFO  - [HiveMQ Platform Operator Init App 1.7.0-SNAPSHOT] HiveMQ Logback folder: /opt/hivemq/conf
2025-01-30 18:31:39,919 INFO c.h.h.t.HelmChartContainer - [test-hivemq-platform] [hivemq] [2633fbed] INFO  - [HiveMQ Platform Operator Init App 1.7.0-SNAPSHOT] HiveMQ Config folder: /opt/hivemq/conf-k8s
2025-01-30 18:31:39,920 INFO c.h.h.t.HelmChartContainer - [test-hivemq-platform] [hivemq] [2633fbed] INFO  - [HiveMQ Platform Operator Init App 1.7.0-SNAPSHOT] Starting HiveMQ Platform Operator Init App
2025-01-30 18:31:39,920 INFO c.h.h.t.HelmChartContainer - [test-hivemq-platform] [hivemq] [2633fbed] INFO  - [HiveMQ Platform Operator Init App 1.7.0-SNAPSHOT] Starting Pod reconciler
2025-01-30 18:31:41,069 INFO c.h.h.t.HelmChartContainer - [test-hivemq-platform] [hivemq] [2633fbed] INFO  - [HiveMQ Platform Operator Init App 1.7.0-SNAPSHOT] Pod reconciler is scheduled (interval: 5000 ms)
2025-01-30 18:31:41,114 INFO c.h.h.t.HelmChartContainer - [test-hivemq-platform] [hivemq] [2633fbed] INFO  - [HiveMQ Platform Operator Init App 1.7.0-SNAPSHOT] Starting the REST API on 10.42.0.10:7979
2025-01-30 18:31:41,117 INFO c.h.h.t.HelmChartContainer - [test-hivemq-platform] [hivemq] [2633fbed] INFO  - [HiveMQ Platform Operator Init App 1.7.0-SNAPSHOT] Waiting up to 600s for at most 1 HiveMQ nodes in cluster service hivemq-test-hivemq-platform-cluster.helmextensionlicensesit.svc
2025-01-30 18:31:41,471 INFO c.h.h.t.HelmChartContainer - [test-hivemq-platform] [hivemq] [2633fbed] INFO  - [HiveMQ Platform Operator Init App 1.7.0-SNAPSHOT] Resolved 1 IP addresses: [10.42.0.10]
2025-01-30 18:31:41,471 INFO c.h.h.t.HelmChartContainer - [test-hivemq-platform] [hivemq] [2633fbed] INFO  - [HiveMQ Platform Operator Init App 1.7.0-SNAPSHOT] HiveMQ node count of 1 is within threshold of 1
2025-01-30 18:31:41,471 INFO c.h.h.t.HelmChartContainer - [test-hivemq-platform] [hivemq] [2633fbed] INFO  - [HiveMQ Platform Operator Init App 1.7.0-SNAPSHOT] Proceeding with container start
2025-01-30 18:31:41,574 INFO c.h.h.t.HelmChartContainer - [test-hivemq-platform] [hivemq] [2633fbed] INFO  - [HiveMQ Platform Operator Init App 1.7.0-SNAPSHOT] Initializing HiveMQ Platform extensions with initial configuration: {hivemq-distributed-tracing-extension={start-priority=-1, skip-https-hostname-verification=false, restart=false, config-version=1027, header-version=0, c-uri=, priority=-1, uri=preinstalled, skip-https-certificate-validation=false, enabled=true}, hivemq-prometheus-extension={start-priority=-1, priority=-1, restart=true, enabled=true, request-header-path=no-request-headers, uri=preinstalled, skip-https-certificate-validation=false, skip-https-hostname-verification=false, c-uri=}}
2025-01-30 18:31:42,020 INFO c.h.h.t.HelmChartContainer - [test-hivemq-platform] [hivemq] [2633fbed] INFO  - [HiveMQ Platform Operator Init App 1.7.0-SNAPSHOT] Successfully enabled extension hivemq-distributed-tracing-extension
2025-01-30 18:31:42,069 INFO c.h.h.t.HelmChartContainer - [test-hivemq-platform] [hivemq] [2633fbed] INFO  - [HiveMQ Platform Operator Init App 1.7.0-SNAPSHOT] Successfully enabled extension hivemq-prometheus-extension
2025-01-30 18:31:42,115 INFO c.h.h.t.HelmChartContainer - [test-hivemq-platform] [hivemq] [2633fbed] INFO  - [HiveMQ Platform Operator Init App 1.7.0-SNAPSHOT] Starting HiveMQ Platform version 4.36.0 (4.36.0)
2025-01-30 18:31:42,115 INFO c.h.h.t.HelmChartContainer - [test-hivemq-platform] [hivemq] [2633fbed] INFO  - [HiveMQ Platform Operator Init App 1.7.0-SNAPSHOT] Configuring the HiveMQ Platform
2025-01-30 18:31:42,167 INFO c.h.h.t.HelmChartContainer - [test-hivemq-platform] [hivemq] [2633fbed] INFO  - [HiveMQ Platform Operator Init App 1.7.0-SNAPSHOT] Changed logback.xml file scan period to 20 seconds
2025-01-30 18:31:42,260 INFO c.h.h.t.HelmChartContainer - [test-hivemq-platform] [hivemq] [2633fbed] INFO  - [HiveMQ Platform Operator Init App 1.7.0-SNAPSHOT] Starting the HiveMQ Platform
2025-01-30 18:31:42,263 INFO c.h.h.t.HelmChartContainer - [test-hivemq-platform] [hivemq] [2633fbed] -------------------------------------------------------------------------
2025-01-30 18:31:42,264 INFO c.h.h.t.HelmChartContainer - [test-hivemq-platform] [hivemq] [2633fbed] 
2025-01-30 18:31:42,264 INFO c.h.h.t.HelmChartContainer - [test-hivemq-platform] [hivemq] [2633fbed]                   _    _  _              __  __   ____
2025-01-30 18:31:42,264 INFO c.h.h.t.HelmChartContainer - [test-hivemq-platform] [hivemq] [2633fbed]                  | |  | |(_)            |  \/  | / __ \
2025-01-30 18:31:42,264 INFO c.h.h.t.HelmChartContainer - [test-hivemq-platform] [hivemq] [2633fbed]                  | |__| | _ __   __ ___ | \  / || |  | |
2025-01-30 18:31:42,264 INFO c.h.h.t.HelmChartContainer - [test-hivemq-platform] [hivemq] [2633fbed]                  |  __  || |\ \ / // _ \| |\/| || |  | |
2025-01-30 18:31:42,264 INFO c.h.h.t.HelmChartContainer - [test-hivemq-platform] [hivemq] [2633fbed]                  | |  | || | \ V /|  __/| |  | || |__| |
2025-01-30 18:31:42,264 INFO c.h.h.t.HelmChartContainer - [test-hivemq-platform] [hivemq] [2633fbed]                  |_|  |_||_|  \_/  \___||_|  |_| \___\_\
2025-01-30 18:31:42,264 INFO c.h.h.t.HelmChartContainer - [test-hivemq-platform] [hivemq] [2633fbed] 
2025-01-30 18:31:42,264 INFO c.h.h.t.HelmChartContainer - [test-hivemq-platform] [hivemq] [2633fbed] -------------------------------------------------------------------------
2025-01-30 18:31:42,264 INFO c.h.h.t.HelmChartContainer - [test-hivemq-platform] [hivemq] [2633fbed] 
2025-01-30 18:31:42,265 INFO c.h.h.t.HelmChartContainer - [test-hivemq-platform] [hivemq] [2633fbed]   HiveMQ Start Script for Linux/Unix v1.14
2025-01-30 18:31:42,265 INFO c.h.h.t.HelmChartContainer - [test-hivemq-platform] [hivemq] [2633fbed] 
2025-01-30 18:31:42,358 INFO c.h.h.t.HelmChartContainer - [test-hivemq-platform] [hivemq] [2633fbed] -------------------------------------------------------------------------
2025-01-30 18:31:42,358 INFO c.h.h.t.HelmChartContainer - [test-hivemq-platform] [hivemq] [2633fbed] 
2025-01-30 18:31:42,358 INFO c.h.h.t.HelmChartContainer - [test-hivemq-platform] [hivemq] [2633fbed]   HIVEMQ_HOME: /opt/hivemq
2025-01-30 18:31:42,358 INFO c.h.h.t.HelmChartContainer - [test-hivemq-platform] [hivemq] [2633fbed] 
2025-01-30 18:31:42,359 INFO c.h.h.t.HelmChartContainer - [test-hivemq-platform] [hivemq] [2633fbed]   JAVA_OPTS: -XX:+UnlockExperimentalVMOptions -XX:InitialRAMPercentage=50 -XX:MaxRAMPercentage=50 -Djava.net.preferIPv4Stack=true --add-opens java.base/java.lang=ALL-UNNAMED --add-opens java.base/java.nio=ALL-UNNAMED --add-opens java.base/sun.nio.ch=ALL-UNNAMED --add-opens jdk.management/com.sun.management.internal=ALL-UNNAMED --add-exports java.base/jdk.internal.misc=ALL-UNNAMED -Djava.security.egd=file:/dev/./urandom -Dcom.sun.management.jmxremote -Dcom.sun.management.jmxremote.port=9010 -Dcom.sun.management.jmxremote.local.only=false -Dcom.sun.management.jmxremote.authenticate=false -Dcom.sun.management.jmxremote.ssl=false -Duser.language=en -Duser.region=US -XX:+CrashOnOutOfMemoryError -XX:+HeapDumpOnOutOfMemoryError
2025-01-30 18:31:42,359 INFO c.h.h.t.HelmChartContainer - [test-hivemq-platform] [hivemq] [2633fbed] 
2025-01-30 18:31:42,359 INFO c.h.h.t.HelmChartContainer - [test-hivemq-platform] [hivemq] [2633fbed]   JAVA_VERSION: 21
2025-01-30 18:31:42,359 INFO c.h.h.t.HelmChartContainer - [test-hivemq-platform] [hivemq] [2633fbed] 
2025-01-30 18:31:42,359 INFO c.h.h.t.HelmChartContainer - [test-hivemq-platform] [hivemq] [2633fbed] -------------------------------------------------------------------------
2025-01-30 18:31:42,359 INFO c.h.h.t.HelmChartContainer - [test-hivemq-platform] [hivemq] [2633fbed] 
2025-01-30 18:31:43,415 INFO c.h.h.t.HelmChartContainer - [test-hivemq-platform] [hivemq] [2633fbed] INFO  - [HiveMQ Platform Operator Init App 1.7.0-SNAPSHOT] Returning default Health API response 503 for readiness
2025-01-30 18:31:43,669 INFO c.h.h.t.HelmChartContainer - [EVENT] Warning [Unhealthy] Readiness probe failed: HTTP probe failed with statuscode: 503 [helmextensionlicensesit:test-hivemq-platform-0]
2025-01-30 18:31:43,669 INFO c.h.h.t.HelmChartContainer - Received Unhealthy event for container hivemq in pod test-hivemq-platform-0 [2633fbed-6fc3-4428-808b-7bd9eb5fba15]
2025-01-30 18:31:44,769 INFO c.h.h.t.HelmChartContainer - [test-hivemq-platform] [hivemq] [2633fbed] INFO  - Starting HiveMQ Enterprise Server
2025-01-30 18:31:44,818 INFO c.h.h.t.HelmChartContainer - [test-hivemq-platform] [hivemq] [2633fbed] INFO  - HiveMQ version: 4.36.0
2025-01-30 18:31:44,818 INFO c.h.h.t.HelmChartContainer - [test-hivemq-platform] [hivemq] [2633fbed] INFO  - HiveMQ home directory: /opt/hivemq
2025-01-30 18:31:44,818 INFO c.h.h.t.HelmChartContainer - [test-hivemq-platform] [hivemq] [2633fbed] INFO  - Log Configuration was overridden by /opt/hivemq/conf/logback.xml
2025-01-30 18:31:46,065 INFO c.h.h.t.HelmChartContainer - [test-hivemq-platform] [hivemq] [2633fbed] INFO  - Successfully loaded configuration from '/opt/hivemq/conf-k8s/config.xml'.
2025-01-30 18:31:46,659 INFO c.h.h.t.HelmChartContainer - [test-hivemq-platform] [hivemq] [2633fbed] INFO  - This node's ID is ZuQsE
2025-01-30 18:31:46,659 INFO c.h.h.t.HelmChartContainer - [test-hivemq-platform] [hivemq] [2633fbed] INFO  - Clustering is enabled
2025-01-30 18:31:47,456 INFO c.h.h.t.HelmChartContainer - [hivemq-test-hivemq-platform] [hivemq-platform-operator] [03c36cec] 18:31:47.452 [pool-6-thread-17] DEBUG c.h.p.o.d.PlatformServiceResource - [helmexte] Desired Platform services (3 services)
2025-01-30 18:31:47,456 INFO c.h.h.t.HelmChartContainer - [hivemq-test-hivemq-platform] [hivemq-platform-operator] [03c36cec] 18:31:47.453 [pool-6-thread-15] DEBUG c.h.p.o.dependants.PodInfoConfigMap - [helmexte] Desired PodInfo ConfigMap (1 extensions) (1 enabled)
2025-01-30 18:31:47,456 INFO c.h.h.t.HelmChartContainer - [hivemq-test-hivemq-platform] [hivemq-platform-operator] [03c36cec] 18:31:47.453 [pool-6-thread-15] DEBUG c.h.p.o.dependants.PodInfoConfigMap - [helmexte] Desired PodInfo ConfigMap (metrics port: 9399) (metrics path: /)
2025-01-30 18:31:47,456 INFO c.h.h.t.HelmChartContainer - [hivemq-test-hivemq-platform] [hivemq-platform-operator] [03c36cec] 18:31:47.454 [pool-6-thread-15] DEBUG c.h.p.o.dependants.PodInfoConfigMap - [helmexte] Desired PodInfo ConfigMap (extension state hash: -53618194)
2025-01-30 18:31:47,456 INFO c.h.h.t.HelmChartContainer - [hivemq-test-hivemq-platform] [hivemq-platform-operator] [03c36cec] 18:31:47.455 [pool-6-thread-14] DEBUG c.h.p.o.d.PodServiceAccountResource - [helmexte] Desired PodServiceAccountResource (serviceAccountName: hivemq-platform-pod-test-hivemq-platform)
2025-01-30 18:31:47,463 INFO c.h.h.t.HelmChartContainer - [hivemq-test-hivemq-platform] [hivemq-platform-operator] [03c36cec] 18:31:47.462 [pool-6-thread-17] DEBUG c.h.p.o.d.StatefulSetResource - [helmexte] Desired StatefulSet (1 replicas) for status STARTING (READY)
2025-01-30 18:31:47,472 INFO c.h.h.t.HelmChartContainer - [hivemq-test-hivemq-platform] [hivemq-platform-operator] [03c36cec] 18:31:47.471 [ReconcilerExecutor-hivemq-controller-110] INFO  c.h.p.o.HiveMQPlatformReconciler - [helmexte] Reconciling HiveMQ Platform 'test-hivemq-platform' in namespace 'helmextensionlicensesit'
2025-01-30 18:31:47,472 INFO c.h.h.t.HelmChartContainer - [hivemq-test-hivemq-platform] [hivemq-platform-operator] [03c36cec] 18:31:47.471 [ReconcilerExecutor-hivemq-controller-110] DEBUG c.h.p.o.HiveMQPlatformReconciler - [helmexte] Custom Resource Status STARTING - HiveMQ Platform is starting (READY)
2025-01-30 18:31:47,472 INFO c.h.h.t.HelmChartContainer - [hivemq-test-hivemq-platform] [hivemq-platform-operator] [03c36cec] 18:31:47.471 [ReconcilerExecutor-hivemq-controller-110] DEBUG c.h.p.o.HiveMQPlatformReconciler - [helmexte] Custom Resource Spec (replicas: 1) (extensions: 1)
2025-01-30 18:31:47,533 INFO c.h.h.t.HelmChartContainer - [hivemq-test-hivemq-platform] [hivemq-platform-operator] [03c36cec] 18:31:47.532 [ReconcilerExecutor-hivemq-controller-110] DEBUG c.h.p.o.HiveMQPlatformReconciler - [helmexte] StatefulSet Status (revision: test-hivemq-platform-6bcc7896c5, replicas: 1, available: 0, ready: 0, current: 1, updated: 1)
2025-01-30 18:31:47,534 INFO c.h.h.t.HelmChartContainer - [hivemq-test-hivemq-platform] [hivemq-platform-operator] [03c36cec] 18:31:47.532 [ReconcilerExecutor-hivemq-controller-110] DEBUG c.h.p.o.HiveMQPlatformReconciler - [helmexte] StatefulSet Spec (replicas: 1, init containers: 1, containers: 1, volumes: 5)
2025-01-30 18:31:47,537 INFO c.h.h.t.HelmChartContainer - [hivemq-test-hivemq-platform] [hivemq-platform-operator] [03c36cec] 18:31:47.534 [ReconcilerExecutor-hivemq-controller-110] DEBUG c.h.p.o.h.HiveMQPlatformReconcilerErrorHandler - [helmexte] Pod 'test-hivemq-platform-0' phase Running
2025-01-30 18:31:47,537 INFO c.h.h.t.HelmChartContainer - [hivemq-test-hivemq-platform] [hivemq-platform-operator] [03c36cec] 18:31:47.536 [ReconcilerExecutor-hivemq-controller-110] INFO  c.h.p.o.h.HiveMQPlatformReconcilerBaseHandler - [helmexte] HiveMQ Platform is starting, 0 of 1 replicas are ready
2025-01-30 18:31:49,016 INFO c.h.h.t.HelmChartContainer - [test-hivemq-platform] [hivemq] [2633fbed] WARN  - [HiveMQ Platform Operator Init App 1.7.0-SNAPSHOT] Cannot connect to Health API for readiness: null
2025-01-30 18:31:49,021 INFO c.h.h.t.HelmChartContainer - [EVENT] Warning [Unhealthy] Readiness probe failed: HTTP probe failed with statuscode: 503 [helmextensionlicensesit:test-hivemq-platform-0]
2025-01-30 18:31:49,021 INFO c.h.h.t.HelmChartContainer - Received Unhealthy event for container hivemq in pod test-hivemq-platform-0 [2633fbed-6fc3-4428-808b-7bd9eb5fba15]
2025-01-30 18:31:51,365 INFO c.h.h.t.HelmChartContainer - [test-hivemq-platform] [hivemq] [2633fbed] Jan 30, 2025 6:31:51 PM io.vertx.core.impl.BlockedThreadChecker
2025-01-30 18:31:51,365 INFO c.h.h.t.HelmChartContainer - [test-hivemq-platform] [hivemq] [2633fbed] WARNING: Thread Thread[vert.x-eventloop-thread-1,5,main] has been blocked for 2541 ms, time limit is 2000 ms
2025-01-30 18:31:52,361 INFO c.h.h.t.HelmChartContainer - [test-hivemq-platform] [hivemq] [2633fbed] Jan 30, 2025 6:31:52 PM io.vertx.core.impl.BlockedThreadChecker
2025-01-30 18:31:52,361 INFO c.h.h.t.HelmChartContainer - [test-hivemq-platform] [hivemq] [2633fbed] WARNING: Thread Thread[vert.x-eventloop-thread-1,5,main] has been blocked for 3541 ms, time limit is 2000 ms
2025-01-30 18:31:52,419 INFO c.h.h.t.HelmChartContainer - [test-hivemq-platform] [hivemq] [2633fbed] INFO  - [HiveMQ Platform Operator Init App 1.7.0-SNAPSHOT] Updating Pod HiveMQ Platform Operator Init App version annotation (version: 1.7.0-SNAPSHOT)
2025-01-30 18:31:53,127 INFO c.h.h.t.HelmChartContainer - [POD] test-hivemq-platform-0 [2633fbed-6fc3-4428-808b-7bd9eb5fba15] in helmextensionlicensesit was MODIFIED
2025-01-30 18:31:53,132 INFO c.h.h.t.HelmChartContainer - [hivemq-test-hivemq-platform] [hivemq-platform-operator] [03c36cec] 18:31:53.131 [pool-6-thread-23] DEBUG c.h.p.o.d.PlatformServiceResource - [helmexte] Desired Platform services (3 services)
2025-01-30 18:31:53,136 INFO c.h.h.t.HelmChartContainer - [hivemq-test-hivemq-platform] [hivemq-platform-operator] [03c36cec] 18:31:53.134 [pool-6-thread-27] DEBUG c.h.p.o.dependants.PodInfoConfigMap - [helmexte] Desired PodInfo ConfigMap (1 extensions) (1 enabled)
2025-01-30 18:31:53,136 INFO c.h.h.t.HelmChartContainer - [hivemq-test-hivemq-platform] [hivemq-platform-operator] [03c36cec] 18:31:53.135 [pool-6-thread-27] DEBUG c.h.p.o.dependants.PodInfoConfigMap - [helmexte] Desired PodInfo ConfigMap (metrics port: 9399) (metrics path: /)
2025-01-30 18:31:53,137 INFO c.h.h.t.HelmChartContainer - [hivemq-test-hivemq-platform] [hivemq-platform-operator] [03c36cec] 18:31:53.135 [pool-6-thread-27] DEBUG c.h.p.o.dependants.PodInfoConfigMap - [helmexte] Desired PodInfo ConfigMap (extension state hash: -53618194)
2025-01-30 18:31:53,138 INFO c.h.h.t.HelmChartContainer - [hivemq-test-hivemq-platform] [hivemq-platform-operator] [03c36cec] 18:31:53.134 [pool-6-thread-26] DEBUG c.h.p.o.d.PodServiceAccountResource - [helmexte] Desired PodServiceAccountResource (serviceAccountName: hivemq-platform-pod-test-hivemq-platform)
2025-01-30 18:31:53,143 INFO c.h.h.t.HelmChartContainer - [hivemq-test-hivemq-platform] [hivemq-platform-operator] [03c36cec] 18:31:53.139 [pool-6-thread-25] DEBUG c.h.p.o.d.StatefulSetResource - [helmexte] Desired StatefulSet (1 replicas) for status STARTING (READY)
2025-01-30 18:31:53,143 INFO c.h.h.t.HelmChartContainer - [hivemq-test-hivemq-platform] [hivemq-platform-operator] [03c36cec] 18:31:53.142 [ReconcilerExecutor-hivemq-controller-111] INFO  c.h.p.o.HiveMQPlatformReconciler - [helmexte] Reconciling HiveMQ Platform 'test-hivemq-platform' in namespace 'helmextensionlicensesit'
2025-01-30 18:31:53,143 INFO c.h.h.t.HelmChartContainer - [hivemq-test-hivemq-platform] [hivemq-platform-operator] [03c36cec] 18:31:53.143 [ReconcilerExecutor-hivemq-controller-111] DEBUG c.h.p.o.HiveMQPlatformReconciler - [helmexte] Custom Resource Status STARTING - HiveMQ Platform is starting (READY)
2025-01-30 18:31:53,143 INFO c.h.h.t.HelmChartContainer - [hivemq-test-hivemq-platform] [hivemq-platform-operator] [03c36cec] 18:31:53.143 [ReconcilerExecutor-hivemq-controller-111] DEBUG c.h.p.o.HiveMQPlatformReconciler - [helmexte] Custom Resource Spec (replicas: 1) (extensions: 1)
2025-01-30 18:31:53,145 INFO c.h.h.t.HelmChartContainer - [hivemq-test-hivemq-platform] [hivemq-platform-operator] [03c36cec] 18:31:53.144 [ReconcilerExecutor-hivemq-controller-111] DEBUG c.h.p.o.HiveMQPlatformReconciler - [helmexte] StatefulSet Status (revision: test-hivemq-platform-6bcc7896c5, replicas: 1, available: 0, ready: 0, current: 1, updated: 1)
2025-01-30 18:31:53,145 INFO c.h.h.t.HelmChartContainer - [hivemq-test-hivemq-platform] [hivemq-platform-operator] [03c36cec] 18:31:53.145 [ReconcilerExecutor-hivemq-controller-111] DEBUG c.h.p.o.HiveMQPlatformReconciler - [helmexte] StatefulSet Spec (replicas: 1, init containers: 1, containers: 1, volumes: 5)
2025-01-30 18:31:53,147 INFO c.h.h.t.HelmChartContainer - [hivemq-test-hivemq-platform] [hivemq-platform-operator] [03c36cec] 18:31:53.146 [ReconcilerExecutor-hivemq-controller-111] DEBUG c.h.p.o.h.HiveMQPlatformReconcilerErrorHandler - [helmexte] Pod 'test-hivemq-platform-0' phase Running
2025-01-30 18:31:53,148 INFO c.h.h.t.HelmChartContainer - [hivemq-test-hivemq-platform] [hivemq-platform-operator] [03c36cec] 18:31:53.148 [ReconcilerExecutor-hivemq-controller-111] INFO  c.h.p.o.h.HiveMQPlatformReconcilerBaseHandler - [helmexte] HiveMQ Platform is starting, 0 of 1 replicas are ready
2025-01-30 18:31:53,162 INFO c.h.h.t.HelmChartContainer - [test-hivemq-platform] [hivemq] [2633fbed] WARN  - [HiveMQ Platform Operator Init App 1.7.0-SNAPSHOT] Cannot connect to Health API for readiness: null
2025-01-30 18:31:53,169 INFO c.h.h.t.HelmChartContainer - [EVENT] Warning [Unhealthy] Readiness probe failed: HTTP probe failed with statuscode: 503 [helmextensionlicensesit:test-hivemq-platform-0]
2025-01-30 18:31:53,169 INFO c.h.h.t.HelmChartContainer - Received Unhealthy event for container hivemq in pod test-hivemq-platform-0 [2633fbed-6fc3-4428-808b-7bd9eb5fba15]
2025-01-30 18:31:53,216 INFO c.h.h.t.HelmChartContainer - [test-hivemq-platform] [hivemq] [2633fbed] INFO  - [HiveMQ Platform Operator Init App 1.7.0-SNAPSHOT] Successfully updated Pod HiveMQ Platform Operator Init App version annotation (version: 1.7.0-SNAPSHOT)
2025-01-30 18:31:58,162 INFO c.h.h.t.HelmChartContainer - [test-hivemq-platform] [hivemq] [2633fbed] WARN  - [HiveMQ Platform Operator Init App 1.7.0-SNAPSHOT] Cannot connect to Health API for readiness: null
2025-01-30 18:31:58,167 INFO c.h.h.t.HelmChartContainer - [EVENT] Warning [Unhealthy] Readiness probe failed: HTTP probe failed with statuscode: 503 [helmextensionlicensesit:test-hivemq-platform-0]
2025-01-30 18:31:58,167 INFO c.h.h.t.HelmChartContainer - Received Unhealthy event for container hivemq in pod test-hivemq-platform-0 [2633fbed-6fc3-4428-808b-7bd9eb5fba15]
2025-01-30 18:32:03,155 INFO c.h.h.t.HelmChartContainer - [hivemq-test-hivemq-platform] [hivemq-platform-operator] [03c36cec] 18:32:03.152 [pool-6-thread-31] DEBUG c.h.p.o.d.PlatformServiceResource - [helmexte] Desired Platform services (3 services)
2025-01-30 18:32:03,156 INFO c.h.h.t.HelmChartContainer - [hivemq-test-hivemq-platform] [hivemq-platform-operator] [03c36cec] 18:32:03.153 [pool-6-thread-38] DEBUG c.h.p.o.dependants.PodInfoConfigMap - [helmexte] Desired PodInfo ConfigMap (1 extensions) (1 enabled)
2025-01-30 18:32:03,156 INFO c.h.h.t.HelmChartContainer - [hivemq-test-hivemq-platform] [hivemq-platform-operator] [03c36cec] 18:32:03.153 [pool-6-thread-38] DEBUG c.h.p.o.dependants.PodInfoConfigMap - [helmexte] Desired PodInfo ConfigMap (metrics port: 9399) (metrics path: /)
2025-01-30 18:32:03,156 INFO c.h.h.t.HelmChartContainer - [hivemq-test-hivemq-platform] [hivemq-platform-operator] [03c36cec] 18:32:03.153 [pool-6-thread-38] DEBUG c.h.p.o.dependants.PodInfoConfigMap - [helmexte] Desired PodInfo ConfigMap (extension state hash: -53618194)
2025-01-30 18:32:03,156 INFO c.h.h.t.HelmChartContainer - [hivemq-test-hivemq-platform] [hivemq-platform-operator] [03c36cec] 18:32:03.155 [pool-6-thread-37] DEBUG c.h.p.o.d.PodServiceAccountResource - [helmexte] Desired PodServiceAccountResource (serviceAccountName: hivemq-platform-pod-test-hivemq-platform)
2025-01-30 18:32:03,161 INFO c.h.h.t.HelmChartContainer - [hivemq-test-hivemq-platform] [hivemq-platform-operator] [03c36cec] 18:32:03.159 [pool-6-thread-31] DEBUG c.h.p.o.d.StatefulSetResource - [helmexte] Desired StatefulSet (1 replicas) for status STARTING (READY)
2025-01-30 18:32:03,165 INFO c.h.h.t.HelmChartContainer - [test-hivemq-platform] [hivemq] [2633fbed] WARN  - [HiveMQ Platform Operator Init App 1.7.0-SNAPSHOT] Cannot connect to Health API for readiness: null
2025-01-30 18:32:03,172 INFO c.h.h.t.HelmChartContainer - [hivemq-test-hivemq-platform] [hivemq-platform-operator] [03c36cec] 18:32:03.170 [ReconcilerExecutor-hivemq-controller-112] INFO  c.h.p.o.HiveMQPlatformReconciler - [helmexte] Reconciling HiveMQ Platform 'test-hivemq-platform' in namespace 'helmextensionlicensesit'
2025-01-30 18:32:03,172 INFO c.h.h.t.HelmChartContainer - [hivemq-test-hivemq-platform] [hivemq-platform-operator] [03c36cec] 18:32:03.170 [ReconcilerExecutor-hivemq-controller-112] DEBUG c.h.p.o.HiveMQPlatformReconciler - [helmexte] Custom Resource Status STARTING - HiveMQ Platform is starting (READY)
2025-01-30 18:32:03,172 INFO c.h.h.t.HelmChartContainer - [hivemq-test-hivemq-platform] [hivemq-platform-operator] [03c36cec] 18:32:03.170 [ReconcilerExecutor-hivemq-controller-112] DEBUG c.h.p.o.HiveMQPlatformReconciler - [helmexte] Custom Resource Spec (replicas: 1) (extensions: 1)
2025-01-30 18:32:03,175 INFO c.h.h.t.HelmChartContainer - [EVENT] Warning [Unhealthy] Readiness probe failed: HTTP probe failed with statuscode: 503 [helmextensionlicensesit:test-hivemq-platform-0]
2025-01-30 18:32:03,175 INFO c.h.h.t.HelmChartContainer - Received Unhealthy event for container hivemq in pod test-hivemq-platform-0 [2633fbed-6fc3-4428-808b-7bd9eb5fba15]
2025-01-30 18:32:03,233 INFO c.h.h.t.HelmChartContainer - [hivemq-test-hivemq-platform] [hivemq-platform-operator] [03c36cec] 18:32:03.232 [ReconcilerExecutor-hivemq-controller-112] DEBUG c.h.p.o.HiveMQPlatformReconciler - [helmexte] StatefulSet Status (revision: test-hivemq-platform-6bcc7896c5, replicas: 1, available: 0, ready: 0, current: 1, updated: 1)
2025-01-30 18:32:03,233 INFO c.h.h.t.HelmChartContainer - [hivemq-test-hivemq-platform] [hivemq-platform-operator] [03c36cec] 18:32:03.232 [ReconcilerExecutor-hivemq-controller-112] DEBUG c.h.p.o.HiveMQPlatformReconciler - [helmexte] StatefulSet Spec (replicas: 1, init containers: 1, containers: 1, volumes: 5)
2025-01-30 18:32:03,235 INFO c.h.h.t.HelmChartContainer - [hivemq-test-hivemq-platform] [hivemq-platform-operator] [03c36cec] 18:32:03.234 [ReconcilerExecutor-hivemq-controller-112] DEBUG c.h.p.o.h.HiveMQPlatformReconcilerErrorHandler - [helmexte] Pod 'test-hivemq-platform-0' phase Running
2025-01-30 18:32:03,236 INFO c.h.h.t.HelmChartContainer - [hivemq-test-hivemq-platform] [hivemq-platform-operator] [03c36cec] 18:32:03.235 [ReconcilerExecutor-hivemq-controller-112] INFO  c.h.p.o.h.HiveMQPlatformReconcilerBaseHandler - [helmexte] HiveMQ Platform is starting, 0 of 1 replicas are ready
2025-01-30 18:32:04,017 INFO c.h.h.t.HelmChartContainer - [test-hivemq-platform] [hivemq] [2633fbed] WARN  - [HiveMQ Platform Operator Init App 1.7.0-SNAPSHOT] Cannot connect to Health API for liveness: null
2025-01-30 18:32:04,017 INFO c.h.h.t.HelmChartContainer - [test-hivemq-platform] [hivemq] [2633fbed] INFO  - [HiveMQ Platform Operator Init App 1.7.0-SNAPSHOT] Returning default Health API response 200 for liveness
2025-01-30 18:32:04,869 INFO c.h.h.t.HelmChartContainer - [test-hivemq-platform] [hivemq] [2633fbed] INFO  - No valid license file found. Using trial license, restricted to 25 connections.
2025-01-30 18:32:08,164 INFO c.h.h.t.HelmChartContainer - [test-hivemq-platform] [hivemq] [2633fbed] WARN  - [HiveMQ Platform Operator Init App 1.7.0-SNAPSHOT] Cannot connect to Health API for readiness: null
2025-01-30 18:32:08,169 INFO c.h.h.t.HelmChartContainer - [EVENT] Warning [Unhealthy] Readiness probe failed: HTTP probe failed with statuscode: 503 [helmextensionlicensesit:test-hivemq-platform-0]
2025-01-30 18:32:08,169 INFO c.h.h.t.HelmChartContainer - Received Unhealthy event for container hivemq in pod test-hivemq-platform-0 [2633fbed-6fc3-4428-808b-7bd9eb5fba15]
2025-01-30 18:32:08,869 INFO c.h.h.t.HelmChartContainer - [test-hivemq-platform] [hivemq] [2633fbed] INFO  - No valid license file for Data Hub found. Using free license, restricted to 1 policy.
2025-01-30 18:32:10,070 INFO c.h.h.t.HelmChartContainer - [test-hivemq-platform] [hivemq] [2633fbed] INFO  - Audit Logger started.
2025-01-30 18:32:10,330 INFO c.h.h.t.HelmChartContainer - [test-hivemq-platform] [hivemq] [2633fbed] INFO  - This node uses '1' CPU cores.
2025-01-30 18:32:10,363 INFO c.h.h.t.HelmChartContainer - [test-hivemq-platform] [hivemq] [2633fbed] INFO  - Starting HiveMQ Health API on address 0.0.0.0 and port 8889
2025-01-30 18:32:11,067 INFO c.h.h.t.HelmChartContainer - [test-hivemq-platform] [hivemq] [2633fbed] INFO  - Started HiveMQ Health API in 703ms
2025-01-30 18:32:11,774 INFO c.h.h.t.HelmChartContainer - [test-hivemq-platform] [hivemq] [2633fbed] INFO  - Starting HiveMQ extension system.
2025-01-30 18:32:13,242 INFO c.h.h.t.HelmChartContainer - [hivemq-test-hivemq-platform] [hivemq-platform-operator] [03c36cec] 18:32:13.239 [pool-6-thread-42] DEBUG c.h.p.o.d.PlatformServiceResource - [helmexte] Desired Platform services (3 services)
2025-01-30 18:32:13,242 INFO c.h.h.t.HelmChartContainer - [hivemq-test-hivemq-platform] [hivemq-platform-operator] [03c36cec] 18:32:13.241 [pool-6-thread-45] DEBUG c.h.p.o.d.PodServiceAccountResource - [helmexte] Desired PodServiceAccountResource (serviceAccountName: hivemq-platform-pod-test-hivemq-platform)
2025-01-30 18:32:13,244 INFO c.h.h.t.HelmChartContainer - [hivemq-test-hivemq-platform] [hivemq-platform-operator] [03c36cec] 18:32:13.241 [pool-6-thread-47] DEBUG c.h.p.o.dependants.PodInfoConfigMap - [helmexte] Desired PodInfo ConfigMap (1 extensions) (1 enabled)
2025-01-30 18:32:13,244 INFO c.h.h.t.HelmChartContainer - [hivemq-test-hivemq-platform] [hivemq-platform-operator] [03c36cec] 18:32:13.242 [pool-6-thread-47] DEBUG c.h.p.o.dependants.PodInfoConfigMap - [helmexte] Desired PodInfo ConfigMap (metrics port: 9399) (metrics path: /)
2025-01-30 18:32:13,244 INFO c.h.h.t.HelmChartContainer - [hivemq-test-hivemq-platform] [hivemq-platform-operator] [03c36cec] 18:32:13.242 [pool-6-thread-47] DEBUG c.h.p.o.dependants.PodInfoConfigMap - [helmexte] Desired PodInfo ConfigMap (extension state hash: -53618194)
2025-01-30 18:32:13,247 INFO c.h.h.t.HelmChartContainer - [hivemq-test-hivemq-platform] [hivemq-platform-operator] [03c36cec] 18:32:13.246 [pool-6-thread-42] DEBUG c.h.p.o.d.StatefulSetResource - [helmexte] Desired StatefulSet (1 replicas) for status STARTING (READY)
2025-01-30 18:32:13,254 INFO c.h.h.t.HelmChartContainer - [hivemq-test-hivemq-platform] [hivemq-platform-operator] [03c36cec] 18:32:13.252 [ReconcilerExecutor-hivemq-controller-113] INFO  c.h.p.o.HiveMQPlatformReconciler - [helmexte] Reconciling HiveMQ Platform 'test-hivemq-platform' in namespace 'helmextensionlicensesit'
2025-01-30 18:32:13,255 INFO c.h.h.t.HelmChartContainer - [hivemq-test-hivemq-platform] [hivemq-platform-operator] [03c36cec] 18:32:13.252 [ReconcilerExecutor-hivemq-controller-113] DEBUG c.h.p.o.HiveMQPlatformReconciler - [helmexte] Custom Resource Status STARTING - HiveMQ Platform is starting (READY)
2025-01-30 18:32:13,255 INFO c.h.h.t.HelmChartContainer - [hivemq-test-hivemq-platform] [hivemq-platform-operator] [03c36cec] 18:32:13.252 [ReconcilerExecutor-hivemq-controller-113] DEBUG c.h.p.o.HiveMQPlatformReconciler - [helmexte] Custom Resource Spec (replicas: 1) (extensions: 1)
2025-01-30 18:32:13,255 INFO c.h.h.t.HelmChartContainer - [hivemq-test-hivemq-platform] [hivemq-platform-operator] [03c36cec] 18:32:13.254 [ReconcilerExecutor-hivemq-controller-113] DEBUG c.h.p.o.HiveMQPlatformReconciler - [helmexte] StatefulSet Status (revision: test-hivemq-platform-6bcc7896c5, replicas: 1, available: 0, ready: 0, current: 1, updated: 1)
2025-01-30 18:32:13,255 INFO c.h.h.t.HelmChartContainer - [hivemq-test-hivemq-platform] [hivemq-platform-operator] [03c36cec] 18:32:13.254 [ReconcilerExecutor-hivemq-controller-113] DEBUG c.h.p.o.HiveMQPlatformReconciler - [helmexte] StatefulSet Spec (replicas: 1, init containers: 1, containers: 1, volumes: 5)
2025-01-30 18:32:13,336 INFO c.h.h.t.HelmChartContainer - [hivemq-test-hivemq-platform] [hivemq-platform-operator] [03c36cec] 18:32:13.334 [ReconcilerExecutor-hivemq-controller-113] DEBUG c.h.p.o.h.HiveMQPlatformReconcilerErrorHandler - [helmexte] Pod 'test-hivemq-platform-0' phase Running
2025-01-30 18:32:13,336 INFO c.h.h.t.HelmChartContainer - [hivemq-test-hivemq-platform] [hivemq-platform-operator] [03c36cec] 18:32:13.335 [ReconcilerExecutor-hivemq-controller-113] INFO  c.h.p.o.h.HiveMQPlatformReconcilerBaseHandler - [helmexte] HiveMQ Platform is starting, 0 of 1 replicas are ready
2025-01-30 18:32:13,916 INFO c.h.h.t.HelmChartContainer - [test-hivemq-platform] [hivemq] [2633fbed] WARN  - License file tracing.elic is corrupt.
2025-01-30 18:32:13,916 INFO c.h.h.testcontainer.LogWaiterUtil - TEST Found log pattern on 'test-hivemq-platform-0': .*License file tracing.elic is corrupt.
2025-01-30 18:32:13,916 INFO c.h.h.t.HelmChartContainer - [test-hivemq-platform] [hivemq] [2633fbed] INFO  - No license found for enterprise extension with name "HiveMQ Enterprise Distributed Tracing Extension". Entering extension trial mode. "HiveMQ Enterprise Distributed Tracing Extension" will be disabled in 5 hours.
2025-01-30 18:32:13,960 INFO c.h.h.t.HelmChartContainer - [test-hivemq-platform] [hivemq] [2633fbed] INFO  - [HiveMQ Platform Operator Init App 1.7.0-SNAPSHOT] Returning Health API response 503 for readiness
2025-01-30 18:32:13,965 INFO c.h.h.t.HelmChartContainer - [EVENT] Warning [Unhealthy] Readiness probe failed: HTTP probe failed with statuscode: 503 [helmextensionlicensesit:test-hivemq-platform-0]
2025-01-30 18:32:13,965 INFO c.h.h.t.HelmChartContainer - Received Unhealthy event for container hivemq in pod test-hivemq-platform-0 [2633fbed-6fc3-4428-808b-7bd9eb5fba15]
2025-01-30 18:32:14,267 INFO c.h.h.t.HelmChartContainer - [test-hivemq-platform] [hivemq] [2633fbed] INFO  - Starting extension with id "hivemq-dns-cluster-discovery" at /opt/hivemq/extensions/hivemq-dns-cluster-discovery
2025-01-30 18:32:14,863 INFO c.h.h.t.HelmChartContainer - [test-hivemq-platform] [hivemq] [2633fbed] INFO  - Extension "DNS Cluster Discovery Extension" version 4.3.2 started successfully.
2025-01-30 18:32:14,863 INFO c.h.h.t.HelmChartContainer - [test-hivemq-platform] [hivemq] [2633fbed] INFO  - Starting extension with id "hivemq-distributed-tracing-extension" at /opt/hivemq/extensions/hivemq-distributed-tracing-extension
2025-01-30 18:32:14,966 INFO c.h.h.t.HelmChartContainer - [test-hivemq-platform] [hivemq] [2633fbed] INFO  - Using TCP cluster transport on address 10.42.0.10 and port 7000
2025-01-30 18:32:15,064 INFO c.h.h.t.HelmChartContainer - [test-hivemq-platform] [hivemq] [2633fbed] INFO  - Using extension cluster discovery
2025-01-30 18:32:17,114 INFO c.h.h.t.HelmChartContainer - [test-hivemq-platform] [hivemq] [2633fbed] INFO  - HiveMQ Enterprise Distributed Tracing Extension: Successfully loaded configuration from '/opt/hivemq/extensions/hivemq-distributed-tracing-extension/conf/config.xml'.
2025-01-30 18:32:17,119 INFO c.h.h.t.HelmChartContainer - [test-hivemq-platform] [hivemq] [2633fbed] INFO  - HiveMQ Enterprise Distributed Tracing Extension: Configured OTLP gRPC exporter 'my-otlp-grpc-exporter'.
2025-01-30 18:32:17,176 INFO c.h.h.t.HelmChartContainer - [test-hivemq-platform] [hivemq] [2633fbed] INFO  - HiveMQ Enterprise Distributed Tracing Extension: Configured W3C trace propagation.
2025-01-30 18:32:17,215 INFO c.h.h.t.HelmChartContainer - [test-hivemq-platform] [hivemq] [2633fbed] INFO  - Extension "HiveMQ Enterprise Distributed Tracing Extension" version 4.36.0 started successfully.
2025-01-30 18:32:17,215 INFO c.h.h.testcontainer.LogWaiterUtil - TEST Found log pattern on 'test-hivemq-platform-0': .*Extension "HiveMQ Enterprise Distributed Tracing Extension" version .* started successfully.
2025-01-30 18:32:17,215 INFO c.h.h.t.HelmChartContainer - [test-hivemq-platform] [hivemq] [2633fbed] INFO  - Starting extension with id "hivemq-prometheus-extension" at /opt/hivemq/extensions/hivemq-prometheus-extension
2025-01-30 18:32:17,521 INFO c.h.h.t.HelmChartContainer - [test-hivemq-platform] [hivemq] [2633fbed] INFO  - Started Jetty Server exposing Prometheus Servlet on URI http://0.0.0.0:9399/
2025-01-30 18:32:17,521 INFO c.h.h.t.HelmChartContainer - [test-hivemq-platform] [hivemq] [2633fbed] INFO  - Extension "Prometheus Monitoring Extension" version 4.0.12 started successfully.
2025-01-30 18:32:17,521 INFO c.h.h.t.HelmChartContainer - [test-hivemq-platform] [hivemq] [2633fbed] INFO  - Starting extension with id "hivemq-allow-all-extension" at /opt/hivemq/extensions/hivemq-allow-all-extension
2025-01-30 18:32:17,558 INFO c.h.h.t.HelmChartContainer - [test-hivemq-platform] [hivemq] [2633fbed] WARN  - 
2025-01-30 18:32:17,558 INFO c.h.h.t.HelmChartContainer - [test-hivemq-platform] [hivemq] [2633fbed] ################################################################################################################
2025-01-30 18:32:17,558 INFO c.h.h.t.HelmChartContainer - [test-hivemq-platform] [hivemq] [2633fbed] # This HiveMQ deployment is not secure! You are lacking Authentication and Authorization.                      #
2025-01-30 18:32:17,559 INFO c.h.h.t.HelmChartContainer - [test-hivemq-platform] [hivemq] [2633fbed] # Right now any MQTT client can connect to the broker with a full set of permissions.                          #
2025-01-30 18:32:17,559 INFO c.h.h.t.HelmChartContainer - [test-hivemq-platform] [hivemq] [2633fbed] # For production usage, add an appropriate security extension and remove the hivemq-allow-all extension.       #
2025-01-30 18:32:17,559 INFO c.h.h.t.HelmChartContainer - [test-hivemq-platform] [hivemq] [2633fbed] # You can download security extensions from the HiveMQ Marketplace (https://www.hivemq.com/extensions/).       #
2025-01-30 18:32:17,559 INFO c.h.h.t.HelmChartContainer - [test-hivemq-platform] [hivemq] [2633fbed] ################################################################################################################
2025-01-30 18:32:17,559 INFO c.h.h.t.HelmChartContainer - [test-hivemq-platform] [hivemq] [2633fbed] INFO  - Extension "Allow All Extension" version 1.1.1 started successfully.
2025-01-30 18:32:17,964 INFO c.h.h.t.HelmChartContainer - [test-hivemq-platform] [hivemq] [2633fbed] INFO  - ZuQsE: no members discovered after 2405 ms: creating cluster as first member
2025-01-30 18:32:17,970 INFO c.h.h.t.HelmChartContainer - [test-hivemq-platform] [hivemq] [2633fbed] INFO  - Cluster nodes found by discovery: [ZuQsE|0] (1) [ZuQsE].
2025-01-30 18:32:18,072 INFO c.h.h.t.HelmChartContainer - [test-hivemq-platform] [hivemq] [2633fbed] INFO  - Updated rules for sampling and tracing propagation.
2025-01-30 18:32:18,072 INFO c.h.h.t.HelmChartContainer - [test-hivemq-platform] [hivemq] [2633fbed] INFO  - HiveMQ: Successfully loaded configuration from '/opt/hivemq/conf-k8s/tracing.xml'.
2025-01-30 18:32:18,072 INFO c.h.h.t.HelmChartContainer - [test-hivemq-platform] [hivemq] [2633fbed] WARN  - No user for HiveMQ Control Center configured. Starting with default user
2025-01-30 18:32:18,072 INFO c.h.h.t.HelmChartContainer - [test-hivemq-platform] [hivemq] [2633fbed] INFO  - Starting HiveMQ Control Center on address 0.0.0.0 and port 8080
2025-01-30 18:32:18,078 INFO c.h.h.t.HelmChartContainer - [test-hivemq-platform] [hivemq] [2633fbed] INFO  - Mounting HiveMQ Control Center V2 Preview
2025-01-30 18:32:18,168 INFO c.h.h.t.HelmChartContainer - [EVENT] Warning [Unhealthy] Readiness probe failed: HTTP probe failed with statuscode: 503 [helmextensionlicensesit:test-hivemq-platform-0]
2025-01-30 18:32:18,168 INFO c.h.h.t.HelmChartContainer - Received Unhealthy event for container hivemq in pod test-hivemq-platform-0 [2633fbed-6fc3-4428-808b-7bd9eb5fba15]
2025-01-30 18:32:18,861 INFO c.h.h.t.HelmChartContainer - [test-hivemq-platform] [hivemq] [2633fbed] INFO  - Started HiveMQ Control Center in 789ms
2025-01-30 18:32:18,875 INFO c.h.h.t.HelmChartContainer - [test-hivemq-platform] [hivemq] [2633fbed] INFO  - Starting TCP listener on address 0.0.0.0 and port 1883
2025-01-30 18:32:18,965 INFO c.h.h.t.HelmChartContainer - [test-hivemq-platform] [hivemq] [2633fbed] INFO  - Started TCP Listener on address 0.0.0.0 and on port 1883.
2025-01-30 18:32:18,965 INFO c.h.h.t.HelmChartContainer - [test-hivemq-platform] [hivemq] [2633fbed] INFO  - Started HiveMQ in 34500ms
2025-01-30 18:32:23,131 INFO c.h.h.t.HelmChartContainer - [test-hivemq-platform] [hivemq] [2633fbed] INFO  - [HiveMQ Platform Operator Init App 1.7.0-SNAPSHOT] Returning Health API response 200 for readiness
2025-01-30 18:32:23,143 INFO c.h.h.t.HelmChartContainer - [POD] test-hivemq-platform-0 [2633fbed-6fc3-4428-808b-7bd9eb5fba15] in helmextensionlicensesit was MODIFIED
2025-01-30 18:32:23,155 INFO c.h.h.t.HelmChartContainer - [hivemq-test-hivemq-platform] [hivemq-platform-operator] [03c36cec] 18:32:23.150 [pool-6-thread-2] DEBUG c.h.p.o.d.PlatformServiceResource - [helmexte] Desired Platform services (3 services)
2025-01-30 18:32:23,156 INFO c.h.h.t.HelmChartContainer - [hivemq-test-hivemq-platform] [hivemq-platform-operator] [03c36cec] 18:32:23.152 [pool-6-thread-4] DEBUG c.h.p.o.dependants.PodInfoConfigMap - [helmexte] Desired PodInfo ConfigMap (1 extensions) (1 enabled)
2025-01-30 18:32:23,156 INFO c.h.h.t.HelmChartContainer - [hivemq-test-hivemq-platform] [hivemq-platform-operator] [03c36cec] 18:32:23.152 [pool-6-thread-4] DEBUG c.h.p.o.dependants.PodInfoConfigMap - [helmexte] Desired PodInfo ConfigMap (metrics port: 9399) (metrics path: /)
2025-01-30 18:32:23,156 INFO c.h.h.t.HelmChartContainer - [hivemq-test-hivemq-platform] [hivemq-platform-operator] [03c36cec] 18:32:23.152 [pool-6-thread-4] DEBUG c.h.p.o.dependants.PodInfoConfigMap - [helmexte] Desired PodInfo ConfigMap (extension state hash: -53618194)
2025-01-30 18:32:23,156 INFO c.h.h.t.HelmChartContainer - [hivemq-test-hivemq-platform] [hivemq-platform-operator] [03c36cec] 18:32:23.153 [pool-6-thread-8] DEBUG c.h.p.o.d.PodServiceAccountResource - [helmexte] Desired PodServiceAccountResource (serviceAccountName: hivemq-platform-pod-test-hivemq-platform)
2025-01-30 18:32:23,164 INFO c.h.h.t.HelmChartContainer - [hivemq-test-hivemq-platform] [hivemq-platform-operator] [03c36cec] 18:32:23.163 [pool-6-thread-2] DEBUG c.h.p.o.d.StatefulSetResource - [helmexte] Desired StatefulSet (1 replicas) for status STARTING (READY)
2025-01-30 18:32:23,236 INFO c.h.h.t.HelmChartContainer - [hivemq-test-hivemq-platform] [hivemq-platform-operator] [03c36cec] 18:32:23.234 [ReconcilerExecutor-hivemq-controller-114] INFO  c.h.p.o.HiveMQPlatformReconciler - [helmexte] Reconciling HiveMQ Platform 'test-hivemq-platform' in namespace 'helmextensionlicensesit'
2025-01-30 18:32:23,236 INFO c.h.h.t.HelmChartContainer - [hivemq-test-hivemq-platform] [hivemq-platform-operator] [03c36cec] 18:32:23.235 [ReconcilerExecutor-hivemq-controller-114] DEBUG c.h.p.o.HiveMQPlatformReconciler - [helmexte] Custom Resource Status STARTING - HiveMQ Platform is starting (READY)
2025-01-30 18:32:23,236 INFO c.h.h.t.HelmChartContainer - [hivemq-test-hivemq-platform] [hivemq-platform-operator] [03c36cec] 18:32:23.235 [ReconcilerExecutor-hivemq-controller-114] DEBUG c.h.p.o.HiveMQPlatformReconciler - [helmexte] Custom Resource Spec (replicas: 1) (extensions: 1)
2025-01-30 18:32:23,238 INFO c.h.h.t.HelmChartContainer - [hivemq-test-hivemq-platform] [hivemq-platform-operator] [03c36cec] 18:32:23.237 [ReconcilerExecutor-hivemq-controller-114] DEBUG c.h.p.o.HiveMQPlatformReconciler - [helmexte] StatefulSet Status (revision: test-hivemq-platform-6bcc7896c5, replicas: 1, available: 1, ready: 1, current: 1, updated: 1)
2025-01-30 18:32:23,238 INFO c.h.h.t.HelmChartContainer - [hivemq-test-hivemq-platform] [hivemq-platform-operator] [03c36cec] 18:32:23.237 [ReconcilerExecutor-hivemq-controller-114] DEBUG c.h.p.o.HiveMQPlatformReconciler - [helmexte] StatefulSet Spec (replicas: 1, init containers: 1, containers: 1, volumes: 5)
2025-01-30 18:32:23,240 INFO c.h.h.t.HelmChartContainer - [hivemq-test-hivemq-platform] [hivemq-platform-operator] [03c36cec] 18:32:23.239 [ReconcilerExecutor-hivemq-controller-114] DEBUG c.h.p.o.h.HiveMQPlatformReconcilerErrorHandler - [helmexte] Pod 'test-hivemq-platform-0' phase Running
2025-01-30 18:32:23,241 INFO c.h.h.t.HelmChartContainer - [hivemq-test-hivemq-platform] [hivemq-platform-operator] [03c36cec] 18:32:23.240 [ReconcilerExecutor-hivemq-controller-114] INFO  c.h.p.o.h.HiveMQPlatformReconcilerBaseHandler - [helmexte] HiveMQ Platform started successfully
2025-01-30 18:32:23,338 INFO c.h.h.t.HelmChartContainer - [hivemq-test-hivemq-platform] [hivemq-platform-operator] [03c36cec] 18:32:23.336 [ReconcilerExecutor-hivemq-controller-114] DEBUG c.h.p.operator.event.EventSender - [helmexte] Creating K8s event hivemq-platform-ready: [Ready] HiveMQ Platform is ready
2025-01-30 18:32:23,342 INFO c.h.h.t.HelmChartContainer - [EVENT] Normal [Ready] HiveMQ Platform is ready [helmextensionlicensesit:test-hivemq-platform]
2025-01-30 18:32:23,342 INFO c.h.h.t.HelmChartContainer - [hivemq-test-hivemq-platform] [hivemq-platform-operator] [03c36cec] 18:32:23.341 [ReconcilerExecutor-hivemq-controller-114] INFO  c.h.p.o.h.AbstractHiveMQReconcilerStateHandler - [helmexte] Update HiveMQ Platform Status (STARTING [READY] -> RUNNING [READY]): HiveMQ Platform is ready
2025-01-30 18:32:23,349 DEBUG com.hivemq.helmcharts.util.K8sUtil - Comparing actual state 'RUNNING' and waiting for 'RUNNING'
2025-01-30 18:32:23,354 INFO c.h.h.t.HelmChartContainer - [hivemq-test-hivemq-platform] [hivemq-platform-operator] [03c36cec] 18:32:23.352 [pool-6-thread-15] DEBUG c.h.p.o.d.PlatformServiceResource - [helmexte] Desired Platform services (3 services)
2025-01-30 18:32:23,356 INFO c.h.h.t.HelmChartContainer - [hivemq-test-hivemq-platform] [hivemq-platform-operator] [03c36cec] 18:32:23.355 [pool-6-thread-14] DEBUG c.h.p.o.dependants.PodInfoConfigMap - [helmexte] Desired PodInfo ConfigMap (1 extensions) (1 enabled)
2025-01-30 18:32:23,433 INFO c.h.h.t.HelmChartContainer - [hivemq-test-hivemq-platform] [hivemq-platform-operator] [03c36cec] 18:32:23.356 [pool-6-thread-19] DEBUG c.h.p.o.d.PodServiceAccountResource - [helmexte] Desired PodServiceAccountResource (serviceAccountName: hivemq-platform-pod-test-hivemq-platform)
2025-01-30 18:32:23,434 INFO c.h.h.t.HelmChartContainer - [hivemq-test-hivemq-platform] [hivemq-platform-operator] [03c36cec] 18:32:23.432 [pool-6-thread-14] DEBUG c.h.p.o.dependants.PodInfoConfigMap - [helmexte] Desired PodInfo ConfigMap (metrics port: 9399) (metrics path: /)
2025-01-30 18:32:23,435 INFO c.h.h.t.HelmChartContainer - [hivemq-test-hivemq-platform] [hivemq-platform-operator] [03c36cec] 18:32:23.432 [pool-6-thread-14] DEBUG c.h.p.o.dependants.PodInfoConfigMap - [helmexte] Desired PodInfo ConfigMap (extension state hash: -53618194)
2025-01-30 18:32:23,435 INFO c.h.h.t.HelmChartContainer - [hivemq-test-hivemq-platform] [hivemq-platform-operator] [03c36cec] 18:32:23.433 [pool-6-thread-14] DEBUG c.h.p.o.dependants.PodInfoConfigMap - [helmexte] Update PodInfo ConfigMap
2025-01-30 18:32:23,446 INFO c.h.h.t.HelmChartContainer - [hivemq-test-hivemq-platform] [hivemq-platform-operator] [03c36cec] 18:32:23.442 [pool-6-thread-14] DEBUG c.h.p.o.d.StatefulSetResource - [helmexte] Desired StatefulSet (1 replicas) for status RUNNING (READY)
2025-01-30 18:32:23,448 INFO c.h.h.t.HelmChartContainer - [hivemq-test-hivemq-platform] [hivemq-platform-operator] [03c36cec] 18:32:23.447 [ReconcilerExecutor-hivemq-controller-115] INFO  c.h.p.o.HiveMQPlatformReconciler - [helmexte] Reconciling HiveMQ Platform 'test-hivemq-platform' in namespace 'helmextensionlicensesit'
2025-01-30 18:32:23,448 INFO c.h.h.t.HelmChartContainer - [hivemq-test-hivemq-platform] [hivemq-platform-operator] [03c36cec] 18:32:23.447 [ReconcilerExecutor-hivemq-controller-115] DEBUG c.h.p.o.HiveMQPlatformReconciler - [helmexte] Custom Resource Status RUNNING - HiveMQ Platform is ready (READY)
2025-01-30 18:32:23,448 INFO c.h.h.t.HelmChartContainer - [hivemq-test-hivemq-platform] [hivemq-platform-operator] [03c36cec] 18:32:23.447 [ReconcilerExecutor-hivemq-controller-115] DEBUG c.h.p.o.HiveMQPlatformReconciler - [helmexte] Custom Resource Spec (replicas: 1) (extensions: 1)
2025-01-30 18:32:23,450 INFO c.h.h.t.HelmChartContainer - [hivemq-test-hivemq-platform] [hivemq-platform-operator] [03c36cec] 18:32:23.450 [ReconcilerExecutor-hivemq-controller-115] DEBUG c.h.p.o.HiveMQPlatformReconciler - [helmexte] StatefulSet Status (revision: test-hivemq-platform-6bcc7896c5, replicas: 1, available: 1, ready: 1, current: 1, updated: 1)
2025-01-30 18:32:23,450 INFO c.h.h.t.HelmChartContainer - [hivemq-test-hivemq-platform] [hivemq-platform-operator] [03c36cec] 18:32:23.450 [ReconcilerExecutor-hivemq-controller-115] DEBUG c.h.p.o.HiveMQPlatformReconciler - [helmexte] StatefulSet Spec (replicas: 1, init containers: 1, containers: 1, volumes: 5)
2025-01-30 18:32:23,452 INFO c.h.h.t.HelmChartContainer - [hivemq-test-hivemq-platform] [hivemq-platform-operator] [03c36cec] 18:32:23.451 [ReconcilerExecutor-hivemq-controller-115] DEBUG c.h.p.o.h.HiveMQPlatformReconcilerErrorHandler - [helmexte] Pod 'test-hivemq-platform-0' phase Running
2025-01-30 18:32:29,373 INFO c.h.h.t.HelmChartContainer - Uninstalling release 'test-hivemq-platform' in namespace 'helmextensionlicensesit'...
2025-01-30 18:32:29,373 DEBUG c.h.h.t.HelmChartContainer - Executing helm command: /bin/helm --kubeconfig /etc/rancher/k3s/k3s.yaml uninstall test-hivemq-platform  --wait --timeout 5m0s --cascade foreground --namespace helmextensionlicensesit
2025-01-30 18:32:29,568 INFO c.h.h.t.HelmChartContainer - [hivemq-test-hivemq-platform] [hivemq-platform-operator] [03c36cec] 18:32:29.564 [pool-6-thread-27] DEBUG c.h.p.o.dependants.PodInfoConfigMap - [helmexte] Desired PodInfo ConfigMap (1 extensions) (1 enabled)
2025-01-30 18:32:29,568 INFO c.h.h.t.HelmChartContainer - [hivemq-test-hivemq-platform] [hivemq-platform-operator] [03c36cec] 18:32:29.564 [pool-6-thread-27] DEBUG c.h.p.o.dependants.PodInfoConfigMap - [helmexte] Desired PodInfo ConfigMap (metrics port: 9399) (metrics path: /)
2025-01-30 18:32:29,568 INFO c.h.h.t.HelmChartContainer - [hivemq-test-hivemq-platform] [hivemq-platform-operator] [03c36cec] 18:32:29.564 [pool-6-thread-27] DEBUG c.h.p.o.dependants.PodInfoConfigMap - [helmexte] Desired PodInfo ConfigMap (extension state hash: -53618194)
2025-01-30 18:32:29,572 INFO c.h.h.t.HelmChartContainer - [hivemq-test-hivemq-platform] [hivemq-platform-operator] [03c36cec] 18:32:29.566 [pool-6-thread-23] DEBUG c.h.p.o.d.PlatformServiceResource - [helmexte] Desired Platform services (3 services)
2025-01-30 18:32:29,577 INFO c.h.h.t.HelmChartContainer - [hivemq-test-hivemq-platform] [hivemq-platform-operator] [03c36cec] 18:32:29.570 [pool-6-thread-29] DEBUG c.h.p.o.d.PodServiceAccountResource - [helmexte] Desired PodServiceAccountResource (serviceAccountName: hivemq-platform-pod-test-hivemq-platform)
2025-01-30 18:32:29,646 INFO c.h.h.t.HelmChartContainer - [hivemq-test-hivemq-platform] [hivemq-platform-operator] [03c36cec] 18:32:29.635 [pool-6-thread-24] DEBUG c.h.p.o.d.StatefulSetResource - [helmexte] Desired StatefulSet (1 replicas) for status RUNNING (READY)
2025-01-30 18:32:29,646 INFO c.h.h.t.HelmChartContainer - [hivemq-test-hivemq-platform] [hivemq-platform-operator] [03c36cec] 18:32:29.639 [pool-6-thread-24] DEBUG c.h.p.o.d.StatefulSetResource - [helmexte] Update StatefulSet (replicas: 1 -> 1)
2025-01-30 18:32:29,646 INFO c.h.h.t.HelmChartContainer - [hivemq-test-hivemq-platform] [hivemq-platform-operator] [03c36cec] 18:32:29.644 [pool-6-thread-24] DEBUG c.h.p.o.d.StatefulSetResource - [helmexte] Detected change in StatefulSet specification (path: /template/metadata/annotations/kubernetes-resource-versions) (actual value: {broker-configuration-v2=-2089688360}) (target value: {broker-configuration-v2=0})
2025-01-30 18:32:29,646 INFO c.h.h.t.HelmChartContainer - [hivemq-test-hivemq-platform] [hivemq-platform-operator] [03c36cec] 18:32:29.644 [pool-6-thread-24] INFO  c.h.p.o.d.StatefulSetResource - [helmexte] StatefulSet spec was updated, triggering rolling restart
2025-01-30 18:32:29,744 INFO c.h.h.t.HelmChartContainer - [hivemq-test-hivemq-platform] [hivemq-platform-operator] [03c36cec] 18:32:29.742 [ReconcilerExecutor-hivemq-controller-116] INFO  c.h.p.o.HiveMQPlatformReconciler - [helmexte] Reconciling HiveMQ Platform 'test-hivemq-platform' in namespace 'helmextensionlicensesit'
2025-01-30 18:32:29,744 INFO c.h.h.t.HelmChartContainer - [hivemq-test-hivemq-platform] [hivemq-platform-operator] [03c36cec] 18:32:29.743 [ReconcilerExecutor-hivemq-controller-116] DEBUG c.h.p.o.HiveMQPlatformReconciler - [helmexte] Custom Resource Status RUNNING - HiveMQ Platform is ready (READY) (reconciliation requests: ROLLING_RESTART, REQUESTS_UPDATED)
2025-01-30 18:32:29,744 INFO c.h.h.t.HelmChartContainer - [hivemq-test-hivemq-platform] [hivemq-platform-operator] [03c36cec] 18:32:29.743 [ReconcilerExecutor-hivemq-controller-116] DEBUG c.h.p.o.HiveMQPlatformReconciler - [helmexte] Custom Resource Spec (replicas: 1) (extensions: 1)
2025-01-30 18:32:29,744 INFO c.h.h.t.HelmChartContainer - [hivemq-test-hivemq-platform] [hivemq-platform-operator] [03c36cec] 18:32:29.743 [ReconcilerExecutor-hivemq-controller-116] WARN  c.h.p.o.h.HiveMQPlatformReconcilerErrorHandler - [helmexte] Could not find ConfigMap 'hivemq-configuration-test-hivemq-platform' for HiveMQ Platform configuration
2025-01-30 18:32:29,845 INFO c.h.h.t.HelmChartContainer - [hivemq-test-hivemq-platform] [hivemq-platform-operator] [03c36cec] 18:32:29.844 [ReconcilerExecutor-hivemq-controller-116] DEBUG c.h.p.operator.event.EventSender - [helmexte] Creating K8s event hivemq-platform-invalid-configuration: [Start] Could not find ConfigMap 'hivemq-configuration-test-hivemq-platform' for HiveMQ Platform configuration
2025-01-30 18:32:29,849 INFO c.h.h.t.HelmChartContainer - [EVENT] Warning [Start] Could not find ConfigMap 'hivemq-configuration-test-hivemq-platform' for HiveMQ Platform configuration [helmextensionlicensesit:test-hivemq-platform]
2025-01-30 18:32:29,850 INFO c.h.h.t.HelmChartContainer - [hivemq-test-hivemq-platform] [hivemq-platform-operator] [03c36cec] 18:32:29.849 [ReconcilerExecutor-hivemq-controller-116] INFO  c.h.p.o.h.AbstractHiveMQReconcilerStateHandler - [helmexte] Update HiveMQ Platform Status (RUNNING [READY] -> ERROR [INVALID_CONFIG_MAP]): Could not find ConfigMap 'hivemq-configuration-test-hivemq-platform' for HiveMQ Platform configuration (reconciliation requests: ROLLING_RESTART)
2025-01-30 18:32:29,936 INFO c.h.h.t.HelmChartContainer - [hivemq-test-hivemq-platform] [hivemq-platform-operator] [03c36cec] 18:32:29.931 [ReconcilerExecutor-hivemq-controller-116] ERROR i.j.o.p.event.EventProcessor - Error during event processing ExecutionScope{ resource id: ResourceID{name='test-hivemq-platform', namespace='helmextensionlicensesit'}, version: 1119}
2025-01-30 18:32:29,936 INFO c.h.h.t.HelmChartContainer - [hivemq-test-hivemq-platform] [hivemq-platform-operator] [03c36cec] io.fabric8.kubernetes.client.KubernetesClientException: Failure executing: PUT at: https://10.43.0.1:443/apis/hivemq.com/v1/namespaces/helmextensionlicensesit/hivemq-platforms/test-hivemq-platform/status. Message: Operation cannot be fulfilled on hivemq-platforms.hivemq.com "test-hivemq-platform": the object has been modified; please apply your changes to the latest version and try again. Received status: Status(apiVersion=v1, code=409, details=StatusDetails(causes=[], group=hivemq.com, kind=hivemq-platforms, name=test-hivemq-platform, retryAfterSeconds=null, uid=null, additionalProperties={}), kind=Status, message=Operation cannot be fulfilled on hivemq-platforms.hivemq.com "test-hivemq-platform": the object has been modified; please apply your changes to the latest version and try again, metadata=ListMeta(_continue=null, remainingItemCount=null, resourceVersion=null, selfLink=null, additionalProperties={}), reason=Conflict, status=Failure, additionalProperties={}).
2025-01-30 18:32:29,936 INFO c.h.h.t.HelmChartContainer - [hivemq-test-hivemq-platform] [hivemq-platform-operator] [03c36cec] 	at io.fabric8.kubernetes.client.KubernetesClientException.copyAsCause(KubernetesClientException.java:238)
2025-01-30 18:32:29,936 INFO c.h.h.t.HelmChartContainer - [hivemq-test-hivemq-platform] [hivemq-platform-operator] [03c36cec] 	at io.fabric8.kubernetes.client.dsl.internal.OperationSupport.waitForResult(OperationSupport.java:507)
2025-01-30 18:32:29,936 INFO c.h.h.t.HelmChartContainer - [hivemq-test-hivemq-platform] [hivemq-platform-operator] [03c36cec] 	at io.fabric8.kubernetes.client.dsl.internal.OperationSupport.handleResponse(OperationSupport.java:524)
2025-01-30 18:32:29,936 INFO c.h.h.t.HelmChartContainer - [hivemq-test-hivemq-platform] [hivemq-platform-operator] [03c36cec] 	at io.fabric8.kubernetes.client.dsl.internal.OperationSupport.handleUpdate(OperationSupport.java:358)
2025-01-30 18:32:29,936 INFO c.h.h.t.HelmChartContainer - [hivemq-test-hivemq-platform] [hivemq-platform-operator] [03c36cec] 	at io.fabric8.kubernetes.client.dsl.internal.BaseOperation.handleUpdate(BaseOperation.java:759)
2025-01-30 18:32:29,936 INFO c.h.h.t.HelmChartContainer - [hivemq-test-hivemq-platform] [hivemq-platform-operator] [03c36cec] 	at io.fabric8.kubernetes.client.dsl.internal.HasMetadataOperation.update(HasMetadataOperation.java:138)
2025-01-30 18:32:29,936 INFO c.h.h.t.HelmChartContainer - [hivemq-test-hivemq-platform] [hivemq-platform-operator] [03c36cec] 	at io.fabric8.kubernetes.client.dsl.internal.HasMetadataOperation.update(HasMetadataOperation.java:121)
2025-01-30 18:32:29,936 INFO c.h.h.t.HelmChartContainer - [hivemq-test-hivemq-platform] [hivemq-platform-operator] [03c36cec] 	at io.fabric8.kubernetes.client.dsl.internal.HasMetadataOperation.updateStatus(HasMetadataOperation.java:126)
2025-01-30 18:32:29,936 INFO c.h.h.t.HelmChartContainer - [hivemq-test-hivemq-platform] [hivemq-platform-operator] [03c36cec] 	at io.fabric8.kubernetes.client.dsl.internal.HasMetadataOperation.updateStatus(HasMetadataOperation.java:44)
2025-01-30 18:32:29,936 INFO c.h.h.t.HelmChartContainer - [hivemq-test-hivemq-platform] [hivemq-platform-operator] [03c36cec] 	at io.javaoperatorsdk.operator.processing.event.ReconciliationDispatcher$CustomResourceFacade.updateStatus(ReconciliationDispatcher.java:408)
2025-01-30 18:32:29,936 INFO c.h.h.t.HelmChartContainer - [hivemq-test-hivemq-platform] [hivemq-platform-operator] [03c36cec] 	at io.javaoperatorsdk.operator.processing.event.ReconciliationDispatcher.updateStatusGenerationAware(ReconciliationDispatcher.java:228)
2025-01-30 18:32:29,936 INFO c.h.h.t.HelmChartContainer - [hivemq-test-hivemq-platform] [hivemq-platform-operator] [03c36cec] 	at io.javaoperatorsdk.operator.processing.event.ReconciliationDispatcher.reconcileExecution(ReconciliationDispatcher.java:150)
2025-01-30 18:32:29,936 INFO c.h.h.t.HelmChartContainer - [hivemq-test-hivemq-platform] [hivemq-platform-operator] [03c36cec] 	at io.javaoperatorsdk.operator.processing.event.ReconciliationDispatcher.handleReconcile(ReconciliationDispatcher.java:117)
2025-01-30 18:32:29,936 INFO c.h.h.t.HelmChartContainer - [hivemq-test-hivemq-platform] [hivemq-platform-operator] [03c36cec] 	at io.javaoperatorsdk.operator.processing.event.ReconciliationDispatcher.handleDispatch(ReconciliationDispatcher.java:91)
2025-01-30 18:32:29,936 INFO c.h.h.t.HelmChartContainer - [hivemq-test-hivemq-platform] [hivemq-platform-operator] [03c36cec] 	at io.javaoperatorsdk.operator.processing.event.ReconciliationDispatcher.handleExecution(ReconciliationDispatcher.java:64)
2025-01-30 18:32:29,936 INFO c.h.h.t.HelmChartContainer - [hivemq-test-hivemq-platform] [hivemq-platform-operator] [03c36cec] 	at io.javaoperatorsdk.operator.processing.event.EventProcessor$ReconcilerExecutor.run(EventProcessor.java:452)
2025-01-30 18:32:29,936 INFO c.h.h.t.HelmChartContainer - [hivemq-test-hivemq-platform] [hivemq-platform-operator] [03c36cec] 	at java.base/java.util.concurrent.ThreadPoolExecutor.runWorker(Unknown Source)
2025-01-30 18:32:29,936 INFO c.h.h.t.HelmChartContainer - [hivemq-test-hivemq-platform] [hivemq-platform-operator] [03c36cec] 	at java.base/java.util.concurrent.ThreadPoolExecutor$Worker.run(Unknown Source)
2025-01-30 18:32:29,936 INFO c.h.h.t.HelmChartContainer - [hivemq-test-hivemq-platform] [hivemq-platform-operator] [03c36cec] 	at java.base/java.lang.Thread.run(Unknown Source)
2025-01-30 18:32:29,936 INFO c.h.h.t.HelmChartContainer - [hivemq-test-hivemq-platform] [hivemq-platform-operator] [03c36cec] Caused by: io.fabric8.kubernetes.client.KubernetesClientException: Failure executing: PUT at: https://10.43.0.1:443/apis/hivemq.com/v1/namespaces/helmextensionlicensesit/hivemq-platforms/test-hivemq-platform/status. Message: Operation cannot be fulfilled on hivemq-platforms.hivemq.com "test-hivemq-platform": the object has been modified; please apply your changes to the latest version and try again. Received status: Status(apiVersion=v1, code=409, details=StatusDetails(causes=[], group=hivemq.com, kind=hivemq-platforms, name=test-hivemq-platform, retryAfterSeconds=null, uid=null, additionalProperties={}), kind=Status, message=Operation cannot be fulfilled on hivemq-platforms.hivemq.com "test-hivemq-platform": the object has been modified; please apply your changes to the latest version and try again, metadata=ListMeta(_continue=null, remainingItemCount=null, resourceVersion=null, selfLink=null, additionalProperties={}), reason=Conflict, status=Failure, additionalProperties={}).
2025-01-30 18:32:29,936 INFO c.h.h.t.HelmChartContainer - [hivemq-test-hivemq-platform] [hivemq-platform-operator] [03c36cec] 	at io.fabric8.kubernetes.client.dsl.internal.OperationSupport.requestFailure(OperationSupport.java:660)
2025-01-30 18:32:29,936 INFO c.h.h.t.HelmChartContainer - [hivemq-test-hivemq-platform] [hivemq-platform-operator] [03c36cec] 	at io.fabric8.kubernetes.client.dsl.internal.OperationSupport.requestFailure(OperationSupport.java:640)
2025-01-30 18:32:29,936 INFO c.h.h.t.HelmChartContainer - [hivemq-test-hivemq-platform] [hivemq-platform-operator] [03c36cec] 	at io.fabric8.kubernetes.client.dsl.internal.OperationSupport.assertResponseCode(OperationSupport.java:589)
2025-01-30 18:32:29,936 INFO c.h.h.t.HelmChartContainer - [hivemq-test-hivemq-platform] [hivemq-platform-operator] [03c36cec] 	at io.fabric8.kubernetes.client.dsl.internal.OperationSupport.lambda$handleResponse$0(OperationSupport.java:549)
2025-01-30 18:32:29,936 INFO c.h.h.t.HelmChartContainer - [hivemq-test-hivemq-platform] [hivemq-platform-operator] [03c36cec] 	at java.base/java.util.concurrent.CompletableFuture$UniApply.tryFire(Unknown Source)
2025-01-30 18:32:29,936 INFO c.h.h.t.HelmChartContainer - [hivemq-test-hivemq-platform] [hivemq-platform-operator] [03c36cec] 	at java.base/java.util.concurrent.CompletableFuture.postComplete(Unknown Source)
2025-01-30 18:32:29,936 INFO c.h.h.t.HelmChartContainer - [hivemq-test-hivemq-platform] [hivemq-platform-operator] [03c36cec] 	at java.base/java.util.concurrent.CompletableFuture.complete(Unknown Source)
2025-01-30 18:32:29,936 INFO c.h.h.t.HelmChartContainer - [hivemq-test-hivemq-platform] [hivemq-platform-operator] [03c36cec] 	at io.fabric8.kubernetes.client.http.StandardHttpClient.lambda$completeOrCancel$10(StandardHttpClient.java:141)
2025-01-30 18:32:29,936 INFO c.h.h.t.HelmChartContainer - [hivemq-test-hivemq-platform] [hivemq-platform-operator] [03c36cec] 	at java.base/java.util.concurrent.CompletableFuture.uniWhenComplete(Unknown Source)
2025-01-30 18:32:29,936 INFO c.h.h.t.HelmChartContainer - [hivemq-test-hivemq-platform] [hivemq-platform-operator] [03c36cec] 	at java.base/java.util.concurrent.CompletableFuture$UniWhenComplete.tryFire(Unknown Source)
2025-01-30 18:32:29,936 INFO c.h.h.t.HelmChartContainer - [hivemq-test-hivemq-platform] [hivemq-platform-operator] [03c36cec] 	at java.base/java.util.concurrent.CompletableFuture.postComplete(Unknown Source)
2025-01-30 18:32:29,936 INFO c.h.h.t.HelmChartContainer - [hivemq-test-hivemq-platform] [hivemq-platform-operator] [03c36cec] 	at java.base/java.util.concurrent.CompletableFuture.complete(Unknown Source)
2025-01-30 18:32:29,936 INFO c.h.h.t.HelmChartContainer - [hivemq-test-hivemq-platform] [hivemq-platform-operator] [03c36cec] 	at io.fabric8.kubernetes.client.http.ByteArrayBodyHandler.onBodyDone(ByteArrayBodyHandler.java:51)
2025-01-30 18:32:29,936 INFO c.h.h.t.HelmChartContainer - [hivemq-test-hivemq-platform] [hivemq-platform-operator] [03c36cec] 	at java.base/java.util.concurrent.CompletableFuture.uniWhenComplete(Unknown Source)
2025-01-30 18:32:29,936 INFO c.h.h.t.HelmChartContainer - [hivemq-test-hivemq-platform] [hivemq-platform-operator] [03c36cec] 	at java.base/java.util.concurrent.CompletableFuture$UniWhenComplete.tryFire(Unknown Source)
2025-01-30 18:32:29,936 INFO c.h.h.t.HelmChartContainer - [hivemq-test-hivemq-platform] [hivemq-platform-operator] [03c36cec] 	at java.base/java.util.concurrent.CompletableFuture.postComplete(Unknown Source)
2025-01-30 18:32:29,936 INFO c.h.h.t.HelmChartContainer - [hivemq-test-hivemq-platform] [hivemq-platform-operator] [03c36cec] 	at java.base/java.util.concurrent.CompletableFuture.complete(Unknown Source)
2025-01-30 18:32:29,936 INFO c.h.h.t.HelmChartContainer - [hivemq-test-hivemq-platform] [hivemq-platform-operator] [03c36cec] 	at io.fabric8.kubernetes.client.vertx.VertxHttpRequest.lambda$null$1(VertxHttpRequest.java:121)
2025-01-30 18:32:29,936 INFO c.h.h.t.HelmChartContainer - [hivemq-test-hivemq-platform] [hivemq-platform-operator] [03c36cec] 	at io.vertx.core.impl.ContextInternal.dispatch(ContextInternal.java:279)
2025-01-30 18:32:29,936 INFO c.h.h.t.HelmChartContainer - [hivemq-test-hivemq-platform] [hivemq-platform-operator] [03c36cec] 	at io.vertx.core.impl.ContextInternal.dispatch(ContextInternal.java:261)
2025-01-30 18:32:29,936 INFO c.h.h.t.HelmChartContainer - [hivemq-test-hivemq-platform] [hivemq-platform-operator] [03c36cec] 	at io.vertx.core.http.impl.HttpEventHandler.handleEnd(HttpEventHandler.java:76)
2025-01-30 18:32:29,936 INFO c.h.h.t.HelmChartContainer - [hivemq-test-hivemq-platform] [hivemq-platform-operator] [03c36cec] 	at io.vertx.core.http.impl.HttpClientResponseImpl.handleEnd(HttpClientResponseImpl.java:250)
2025-01-30 18:32:29,936 INFO c.h.h.t.HelmChartContainer - [hivemq-test-hivemq-platform] [hivemq-platform-operator] [03c36cec] 	at io.vertx.core.http.impl.Http1xClientConnection$StreamImpl.lambda$new$0(Http1xClientConnection.java:421)
2025-01-30 18:32:29,936 INFO c.h.h.t.HelmChartContainer - [hivemq-test-hivemq-platform] [hivemq-platform-operator] [03c36cec] 	at io.vertx.core.streams.impl.InboundBuffer.handleEvent(InboundBuffer.java:279)
2025-01-30 18:32:29,936 INFO c.h.h.t.HelmChartContainer - [hivemq-test-hivemq-platform] [hivemq-platform-operator] [03c36cec] 	at io.vertx.core.streams.impl.InboundBuffer.write(InboundBuffer.java:157)
2025-01-30 18:32:29,936 INFO c.h.h.t.HelmChartContainer - [hivemq-test-hivemq-platform] [hivemq-platform-operator] [03c36cec] 	at io.vertx.core.http.impl.Http1xClientConnection$StreamImpl.handleEnd(Http1xClientConnection.java:709)
2025-01-30 18:32:29,936 INFO c.h.h.t.HelmChartContainer - [hivemq-test-hivemq-platform] [hivemq-platform-operator] [03c36cec] 	at io.vertx.core.impl.ContextImpl.lambda$execute$4(ContextImpl.java:315)
2025-01-30 18:32:29,936 INFO c.h.h.t.HelmChartContainer - [hivemq-test-hivemq-platform] [hivemq-platform-operator] [03c36cec] 	at io.netty.util.concurrent.AbstractEventExecutor.runTask(AbstractEventExecutor.java:173)
2025-01-30 18:32:29,936 INFO c.h.h.t.HelmChartContainer - [hivemq-test-hivemq-platform] [hivemq-platform-operator] [03c36cec] 	at io.netty.util.concurrent.AbstractEventExecutor.safeExecute(AbstractEventExecutor.java:166)
2025-01-30 18:32:29,936 INFO c.h.h.t.HelmChartContainer - [hivemq-test-hivemq-platform] [hivemq-platform-operator] [03c36cec] 	at io.netty.util.concurrent.SingleThreadEventExecutor.runAllTasks(SingleThreadEventExecutor.java:472)
2025-01-30 18:32:29,936 INFO c.h.h.t.HelmChartContainer - [hivemq-test-hivemq-platform] [hivemq-platform-operator] [03c36cec] 	at io.netty.channel.nio.NioEventLoop.run(NioEventLoop.java:569)
2025-01-30 18:32:29,937 INFO c.h.h.t.HelmChartContainer - [hivemq-test-hivemq-platform] [hivemq-platform-operator] [03c36cec] 	at io.netty.util.concurrent.SingleThreadEventExecutor$4.run(SingleThreadEventExecutor.java:997)
2025-01-30 18:32:29,937 INFO c.h.h.t.HelmChartContainer - [hivemq-test-hivemq-platform] [hivemq-platform-operator] [03c36cec] 	at io.netty.util.internal.ThreadExecutorMap$2.run(ThreadExecutorMap.java:74)
2025-01-30 18:32:29,937 INFO c.h.h.t.HelmChartContainer - [hivemq-test-hivemq-platform] [hivemq-platform-operator] [03c36cec] 	at io.netty.util.concurrent.FastThreadLocalRunnable.run(FastThreadLocalRunnable.java:30)
2025-01-30 18:32:29,937 INFO c.h.h.t.HelmChartContainer - [hivemq-test-hivemq-platform] [hivemq-platform-operator] [03c36cec] 	... 1 common frames omitted
2025-01-30 18:32:29,941 INFO c.h.h.t.HelmChartContainer - [hivemq-test-hivemq-platform] [hivemq-platform-operator] [03c36cec] 18:32:29.940 [ReconcilerExecutor-hivemq-controller-117] INFO  c.h.p.o.HiveMQPlatformReconciler - [helmexte] Cleanup test-hivemq-platform - helmextensionlicensesit HiveMQ Platform is shut down
2025-01-30 18:32:30,472 INFO c.h.h.t.HelmChartContainer - [POD] test-hivemq-platform-0 [2633fbed-6fc3-4428-808b-7bd9eb5fba15] in helmextensionlicensesit was MODIFIED
2025-01-30 18:32:30,475 INFO c.h.h.t.HelmChartContainer - [EVENT] Normal [Killing] Stopping container hivemq [helmextensionlicensesit:test-hivemq-platform-0]
2025-01-30 18:32:30,475 INFO c.h.h.t.HelmChartContainer - Received Killing event for container hivemq in pod test-hivemq-platform-0 [2633fbed-6fc3-4428-808b-7bd9eb5fba15]
2025-01-30 18:32:30,476 INFO c.h.h.t.HelmChartContainer - Container [test-hivemq-platform-0] [hivemq] [2633fbed-6fc3-4428-808b-7bd9eb5fba15] was terminated
2025-01-30 18:32:30,476 INFO c.h.h.t.HelmChartContainer - Stopped log watcher for hivemq in pod test-hivemq-platform-0 [2633fbed-6fc3-4428-808b-7bd9eb5fba15]
2025-01-30 18:32:30,485 INFO c.h.h.t.HelmChartContainer - [test-hivemq-platform] [hivemq] [2633fbed] INFO  - [HiveMQ Platform Operator Init App 1.7.0-SNAPSHOT] Shutting down
2025-01-30 18:32:30,485 INFO c.h.h.t.HelmChartContainer - [test-hivemq-platform] [hivemq] [2633fbed] INFO  - [HiveMQ Platform Operator Init App 1.7.0-SNAPSHOT] Stopping the HiveMQ Platform
2025-01-30 18:32:30,574 INFO c.h.h.t.HelmChartContainer - [test-hivemq-platform] [hivemq] [2633fbed] INFO  - Shutting down HiveMQ. Please wait, this could take a while...
2025-01-30 18:32:30,577 INFO c.h.h.t.HelmChartContainer - [test-hivemq-platform] [hivemq] [2633fbed] INFO  - Shutting down listeners and clients
2025-01-30 18:32:30,578 INFO c.h.h.t.HelmChartContainer - [test-hivemq-platform] [hivemq] [2633fbed] INFO  - Shutdown of listeners is done
2025-01-30 18:32:30,579 INFO c.h.h.t.HelmChartContainer - [test-hivemq-platform] [hivemq] [2633fbed] INFO  - No clients are connected, proceeding with shutdown
2025-01-30 18:32:31,628 INFO c.h.h.t.HelmChartContainer - Deleting namespace 'helmextensionlicensesit'...
2025-01-30 18:32:33,127 INFO c.h.h.t.HelmChartContainer - [test-hivemq-platform] [hivemq] [2633fbed] INFO  - [HiveMQ Platform Operator Init App 1.7.0-SNAPSHOT] Returning shutdown Health API response 503 for readiness
2025-01-30 18:32:33,131 INFO c.h.h.t.HelmChartContainer - [EVENT] Warning [Unhealthy] Readiness probe failed: HTTP probe failed with statuscode: 503 [helmextensionlicensesit:test-hivemq-platform-0]
2025-01-30 18:32:33,131 INFO c.h.h.t.HelmChartContainer - Received Unhealthy event for container hivemq in pod test-hivemq-platform-0 [2633fbed-6fc3-4428-808b-7bd9eb5fba15]
2025-01-30 18:32:33,692 INFO c.h.h.t.HelmChartContainer - [K3S] [authentication.go:74] "Unable to authenticate the request" err="[invalid bearer token, serviceaccounts \"hivemq-platform-pod-test-hivemq-platform\" not found]"
2025-01-30 18:32:33,715 INFO c.h.h.t.HelmChartContainer - [K3S] [authentication.go:74] "Unable to authenticate the request" err="[invalid bearer token, serviceaccounts \"hivemq-platform-pod-test-hivemq-platform\" not found]"
2025-01-30 18:32:33,771 INFO c.h.h.t.HelmChartContainer - [test-hivemq-platform] [hivemq] [2633fbed] WARN  - [HiveMQ Platform Operator Init App 1.7.0-SNAPSHOT] Could not update Pod annotations: Failure executing: GET at: https://10.43.0.1:443/api/v1/namespaces/helmextensionlicensesit/pods/test-hivemq-platform-0. Message: Unauthorized. Received status: Status(apiVersion=v1, code=401, details=null, kind=Status, message=Unauthorized, metadata=ListMeta(_continue=null, remainingItemCount=null, resourceVersion=null, selfLink=null, additionalProperties={}), reason=Unauthorized, status=Failure, additionalProperties={}).
2025-01-30 18:32:33,824 INFO c.h.h.t.HelmChartContainer - [test-hivemq-platform] [hivemq] [2633fbed] INFO  - Shutting down extension system
2025-01-30 18:32:33,826 INFO c.h.h.t.HelmChartContainer - [test-hivemq-platform] [hivemq] [2633fbed] INFO  - Stopping extension with id hivemq-dns-cluster-discovery
2025-01-30 18:32:33,826 INFO c.h.h.t.HelmChartContainer - [test-hivemq-platform] [hivemq] [2633fbed] INFO  - Extension "DNS Cluster Discovery Extension" version 4.3.2 stopped successfully.
2025-01-30 18:32:33,827 INFO c.h.h.t.HelmChartContainer - [test-hivemq-platform] [hivemq] [2633fbed] INFO  - Stopping extension with id hivemq-distributed-tracing-extension
2025-01-30 18:32:33,829 INFO c.h.h.t.HelmChartContainer - [test-hivemq-platform] [hivemq] [2633fbed] INFO  - Extension "HiveMQ Enterprise Distributed Tracing Extension" version 4.36.0 stopped successfully.
2025-01-30 18:32:33,829 INFO c.h.h.t.HelmChartContainer - [test-hivemq-platform] [hivemq] [2633fbed] INFO  - Stopping extension with id hivemq-prometheus-extension
2025-01-30 18:32:33,861 INFO c.h.h.t.HelmChartContainer - [test-hivemq-platform] [hivemq] [2633fbed] INFO  - Extension "Prometheus Monitoring Extension" version 4.0.12 stopped successfully.
2025-01-30 18:32:33,861 INFO c.h.h.t.HelmChartContainer - [test-hivemq-platform] [hivemq] [2633fbed] INFO  - Stopping extension with id hivemq-allow-all-extension
2025-01-30 18:32:33,861 INFO c.h.h.t.HelmChartContainer - [test-hivemq-platform] [hivemq] [2633fbed] INFO  - Extension "Allow All Extension" version 1.1.1 stopped successfully.
2025-01-30 18:32:36,214 INFO c.h.h.t.HelmChartContainer - [test-hivemq-platform] [hivemq] [2633fbed] INFO  - Shutdown completed.
2025-01-30 18:32:36,573 INFO c.h.h.t.HelmChartContainer - [test-hivemq-platform] [hivemq] [2633fbed] INFO  - [HiveMQ Platform Operator Init App 1.7.0-SNAPSHOT] The HiveMQ Platform exited with code 143
2025-01-30 18:32:36,573 INFO c.h.h.t.HelmChartContainer - [test-hivemq-platform] [hivemq] [2633fbed] INFO  - [HiveMQ Platform Operator Init App 1.7.0-SNAPSHOT] Stopping the REST API
2025-01-30 18:32:36,617 INFO c.h.h.t.HelmChartContainer - [test-hivemq-platform] [hivemq] [2633fbed] INFO  - [HiveMQ Platform Operator Init App 1.7.0-SNAPSHOT] Shutdown complete
2025-01-30 18:32:36,736 INFO c.h.h.t.HelmChartContainer - [K3S] [stateful_set.go:466] "StatefulSet has been deleted" key="helmextensionlicensesit/test-hivemq-platform"
2025-01-30 18:32:37,071 INFO c.h.h.t.HelmChartContainer - [POD] test-hivemq-platform-0 [2633fbed-6fc3-4428-808b-7bd9eb5fba15] in helmextensionlicensesit was MODIFIED
2025-01-30 18:32:37,206 INFO c.h.h.t.HelmChartContainer - [K3S] [reconciler_common.go:162] "operationExecutor.UnmountVolume started for volume \"extension-configuration-hivemq-distributed-tracing-extension\" (UniqueName: \"kubernetes.io/configmap/2633fbed-6fc3-4428-808b-7bd9eb5fba15-extension-configuration-hivemq-distributed-tracing-extension\") pod \"2633fbed-6fc3-4428-808b-7bd9eb5fba15\" (UID: \"2633fbed-6fc3-4428-808b-7bd9eb5fba15\") "
2025-01-30 18:32:37,206 INFO c.h.h.t.HelmChartContainer - [K3S] [reconciler_common.go:162] "operationExecutor.UnmountVolume started for volume \"broker-configuration\" (UniqueName: \"kubernetes.io/configmap/2633fbed-6fc3-4428-808b-7bd9eb5fba15-broker-configuration\") pod \"2633fbed-6fc3-4428-808b-7bd9eb5fba15\" (UID: \"2633fbed-6fc3-4428-808b-7bd9eb5fba15\") "
2025-01-30 18:32:37,206 INFO c.h.h.t.HelmChartContainer - [K3S] [reconciler_common.go:162] "operationExecutor.UnmountVolume started for volume \"licenses\" (UniqueName: \"kubernetes.io/secret/2633fbed-6fc3-4428-808b-7bd9eb5fba15-licenses\") pod \"2633fbed-6fc3-4428-808b-7bd9eb5fba15\" (UID: \"2633fbed-6fc3-4428-808b-7bd9eb5fba15\") "
2025-01-30 18:32:37,206 INFO c.h.h.t.HelmChartContainer - [K3S] [reconciler_common.go:162] "operationExecutor.UnmountVolume started for volume \"kube-api-access-5c5s9\" (UniqueName: \"kubernetes.io/projected/2633fbed-6fc3-4428-808b-7bd9eb5fba15-kube-api-access-5c5s9\") pod \"2633fbed-6fc3-4428-808b-7bd9eb5fba15\" (UID: \"2633fbed-6fc3-4428-808b-7bd9eb5fba15\") "
2025-01-30 18:32:37,206 INFO c.h.h.t.HelmChartContainer - [K3S] [reconciler_common.go:162] "operationExecutor.UnmountVolume started for volume \"pod-info\" (UniqueName: \"kubernetes.io/configmap/2633fbed-6fc3-4428-808b-7bd9eb5fba15-pod-info\") pod \"2633fbed-6fc3-4428-808b-7bd9eb5fba15\" (UID: \"2633fbed-6fc3-4428-808b-7bd9eb5fba15\") "
2025-01-30 18:32:37,206 INFO c.h.h.t.HelmChartContainer - [K3S] [reconciler_common.go:162] "operationExecutor.UnmountVolume started for volume \"operator-init\" (UniqueName: \"kubernetes.io/empty-dir/2633fbed-6fc3-4428-808b-7bd9eb5fba15-operator-init\") pod \"2633fbed-6fc3-4428-808b-7bd9eb5fba15\" (UID: \"2633fbed-6fc3-4428-808b-7bd9eb5fba15\") "
2025-01-30 18:32:37,306 INFO c.h.h.t.HelmChartContainer - [K3S] [reconciler_common.go:299] "Volume detached for volume \"pod-info\" (UniqueName: \"kubernetes.io/configmap/2633fbed-6fc3-4428-808b-7bd9eb5fba15-pod-info\") on node \"794c46978a70\" DevicePath \"\""
2025-01-30 18:32:37,306 INFO c.h.h.t.HelmChartContainer - [K3S] [reconciler_common.go:299] "Volume detached for volume \"operator-init\" (UniqueName: \"kubernetes.io/empty-dir/2633fbed-6fc3-4428-808b-7bd9eb5fba15-operator-init\") on node \"794c46978a70\" DevicePath \"\""
2025-01-30 18:32:37,306 INFO c.h.h.t.HelmChartContainer - [K3S] [reconciler_common.go:299] "Volume detached for volume \"extension-configuration-hivemq-distributed-tracing-extension\" (UniqueName: \"kubernetes.io/configmap/2633fbed-6fc3-4428-808b-7bd9eb5fba15-extension-configuration-hivemq-distributed-tracing-extension\") on node \"794c46978a70\" DevicePath \"\""
2025-01-30 18:32:37,306 INFO c.h.h.t.HelmChartContainer - [K3S] [reconciler_common.go:299] "Volume detached for volume \"broker-configuration\" (UniqueName: \"kubernetes.io/configmap/2633fbed-6fc3-4428-808b-7bd9eb5fba15-broker-configuration\") on node \"794c46978a70\" DevicePath \"\""
2025-01-30 18:32:37,306 INFO c.h.h.t.HelmChartContainer - [K3S] [reconciler_common.go:299] "Volume detached for volume \"licenses\" (UniqueName: \"kubernetes.io/secret/2633fbed-6fc3-4428-808b-7bd9eb5fba15-licenses\") on node \"794c46978a70\" DevicePath \"\""
2025-01-30 18:32:37,307 INFO c.h.h.t.HelmChartContainer - [K3S] [reconciler_common.go:299] "Volume detached for volume \"kube-api-access-5c5s9\" (UniqueName: \"kubernetes.io/projected/2633fbed-6fc3-4428-808b-7bd9eb5fba15-kube-api-access-5c5s9\") on node \"794c46978a70\" DevicePath \"\""
2025-01-30 18:32:37,441 INFO c.h.h.t.HelmChartContainer - [K3S] [scope.go:117] "RemoveContainer" containerID="da91143d9365c02f5650161b8cfd910b718aab76a8bf06496e3276ebc8085ae2"
2025-01-30 18:32:37,456 INFO c.h.h.t.HelmChartContainer - [POD] test-hivemq-platform-0 [2633fbed-6fc3-4428-808b-7bd9eb5fba15] in helmextensionlicensesit was MODIFIED
2025-01-30 18:32:37,460 INFO c.h.h.t.HelmChartContainer - [POD] test-hivemq-platform-0 [2633fbed-6fc3-4428-808b-7bd9eb5fba15] in helmextensionlicensesit was DELETED
2025-01-30 18:32:37,552 INFO c.h.h.t.HelmChartContainer - [K3S] [scope.go:117] "RemoveContainer" containerID="75ff78fb0f87ecb9e471bbe5dfe6379930d94933fcfda535ba44f953d4b2c8a3"
2025-01-30 18:32:37,555 INFO c.h.h.t.HelmChartContainer - [K3S] [scope.go:117] "RemoveContainer" containerID="da91143d9365c02f5650161b8cfd910b718aab76a8bf06496e3276ebc8085ae2"
2025-01-30 18:32:37,555 INFO c.h.h.t.HelmChartContainer - [K3S] [scope.go:117] "RemoveContainer" containerID="75ff78fb0f87ecb9e471bbe5dfe6379930d94933fcfda535ba44f953d4b2c8a3"
2025-01-30 18:32:37,561 INFO c.h.h.t.HelmChartContainer - [K3S] [INFO] COMPACT compactRev=0 targetCompactRev=2 currentRev=1196
2025-01-30 18:32:37,562 INFO c.h.h.t.HelmChartContainer - [K3S] [INFO] COMPACT deleted 0 rows from 2 revisions in 454.06µs - compacted to 2/1196
2025-01-30 18:32:37,562 INFO c.h.h.t.HelmChartContainer - [K3S] [INFO] COMPACT compacted from 0 to 2 in 1 transactions over 1ms
2025-01-30 18:32:38,981 INFO c.h.h.t.HelmChartContainer - [K3S] [kubelet_volumes.go:163] "Cleaned up orphaned pod volumes dir" podUID="2633fbed-6fc3-4428-808b-7bd9eb5fba15" path="/var/lib/kubelet/pods/2633fbed-6fc3-4428-808b-7bd9eb5fba15/volumes"
2025-01-30 18:32:40,998 INFO c.h.h.t.HelmChartContainer - [K3S] [info.go:53] Couldn't collect info from any of the files in "/etc/machine-id,/var/lib/dbus/machine-id"
2025-01-30 18:32:41,955 INFO c.h.h.t.HelmChartContainer - Namespace 'helmextensionlicensesit' deleted
2025-01-30 18:32:41,955 INFO c.h.h.t.HelmChartContainer - Release 'test-hivemq-platform' in namespace 'helmextensionlicensesit' is uninstalled
2025-01-30 18:32:41,955 INFO c.h.h.t.HelmChartContainer - Uninstalling release 'test-hivemq-platform-operator' in namespace 'helmextensionlicensesit-operator'...
2025-01-30 18:32:41,955 DEBUG c.h.h.t.HelmChartContainer - Executing helm command: /bin/helm --kubeconfig /etc/rancher/k3s/k3s.yaml uninstall test-hivemq-platform-operator  --wait --timeout 5m0s --cascade foreground --namespace helmextensionlicensesit-operator
2025-01-30 18:32:42,120 INFO c.h.h.t.HelmChartContainer - [K3S] [replica_set.go:679] "Finished syncing" kind="ReplicaSet" key="helmextensionlicensesit-operator/hivemq-test-hivemq-platform-operator-6966f96d65" duration="10.448896ms"
2025-01-30 18:32:42,121 INFO c.h.h.t.HelmChartContainer - [K3S] [replica_set.go:679] "Finished syncing" kind="ReplicaSet" key="helmextensionlicensesit-operator/hivemq-test-hivemq-platform-operator-6966f96d65" duration="37.821µs"
2025-01-30 18:32:42,134 INFO c.h.h.t.HelmChartContainer - [POD] hivemq-test-hivemq-platform-operator-6966f96d65-hnnzg [03c36cec-7da1-4735-a035-70362eac71aa] in helmextensionlicensesit-operator was MODIFIED
2025-01-30 18:32:42,144 INFO c.h.h.t.HelmChartContainer - [hivemq-test-hivemq-platform] [hivemq-platform-operator] [03c36cec] 18:32:42.143 [application-shutdown-thread] INFO  c.h.p.o.HiveMQPlatformOperatorApplication - HiveMQ Platform Operator is stopping...
2025-01-30 18:32:42,148 INFO c.h.h.t.HelmChartContainer - [hivemq-test-hivemq-platform] [hivemq-platform-operator] [03c36cec] 18:32:42.143 [application-shutdown-thread] INFO  i.javaoperatorsdk.operator.Operator - Operator SDK 4.9.7 is shutting down...
2025-01-30 18:32:42,149 INFO c.h.h.t.HelmChartContainer - [K3S] [replica_set.go:679] "Finished syncing" kind="ReplicaSet" key="helmextensionlicensesit-operator/hivemq-test-hivemq-platform-operator-6966f96d65" duration="18.146527ms"
2025-01-30 18:32:42,149 INFO c.h.h.t.HelmChartContainer - [EVENT] Normal [Killing] Stopping container hivemq-platform-operator [helmextensionlicensesit-operator:hivemq-test-hivemq-platform-operator-6966f96d65-hnnzg]
2025-01-30 18:32:42,149 INFO c.h.h.t.HelmChartContainer - Received Killing event for container hivemq-platform-operator in pod hivemq-test-hivemq-platform-operator-6966f96d65-hnnzg [03c36cec-7da1-4735-a035-70362eac71aa]
2025-01-30 18:32:42,149 INFO c.h.h.t.HelmChartContainer - Container [hivemq-test-hivemq-platform-operator-6966f96d65-hnnzg] [hivemq-platform-operator] [03c36cec-7da1-4735-a035-70362eac71aa] was terminated
2025-01-30 18:32:42,149 INFO c.h.h.t.HelmChartContainer - Stopped log watcher for hivemq-platform-operator in pod hivemq-test-hivemq-platform-operator-6966f96d65-hnnzg [03c36cec-7da1-4735-a035-70362eac71aa]
2025-01-30 18:32:42,150 INFO c.h.h.t.HelmChartContainer - [K3S] [replica_set.go:679] "Finished syncing" kind="ReplicaSet" key="helmextensionlicensesit-operator/hivemq-test-hivemq-platform-operator-6966f96d65" duration="37.66µs"
2025-01-30 18:32:42,767 INFO c.h.h.t.HelmChartContainer - [K3S] [replica_set.go:679] "Finished syncing" kind="ReplicaSet" key="helmextensionlicensesit-operator/hivemq-test-hivemq-platform-operator-6966f96d65" duration="37.48µs"
2025-01-30 18:32:42,768 INFO c.h.h.t.HelmChartContainer - [POD] hivemq-test-hivemq-platform-operator-6966f96d65-hnnzg [03c36cec-7da1-4735-a035-70362eac71aa] in helmextensionlicensesit-operator was MODIFIED
2025-01-30 18:32:42,844 INFO c.h.h.t.HelmChartContainer - [K3S] [reconciler_common.go:162] "operationExecutor.UnmountVolume started for volume \"kube-api-access-wrdct\" (UniqueName: \"kubernetes.io/projected/03c36cec-7da1-4735-a035-70362eac71aa-kube-api-access-wrdct\") pod \"03c36cec-7da1-4735-a035-70362eac71aa\" (UID: \"03c36cec-7da1-4735-a035-70362eac71aa\") "
2025-01-30 18:32:42,944 INFO c.h.h.t.HelmChartContainer - [K3S] [reconciler_common.go:299] "Volume detached for volume \"kube-api-access-wrdct\" (UniqueName: \"kubernetes.io/projected/03c36cec-7da1-4735-a035-70362eac71aa-kube-api-access-wrdct\") on node \"794c46978a70\" DevicePath \"\""
2025-01-30 18:32:43,451 INFO c.h.h.t.HelmChartContainer - [K3S] [scope.go:117] "RemoveContainer" containerID="f3b66fe7f7772ae871299d152938081c87c113619e60be4f3d01e7119cd96b4a"
2025-01-30 18:32:43,454 INFO c.h.h.t.HelmChartContainer - [K3S] [scope.go:117] "RemoveContainer" containerID="f3b66fe7f7772ae871299d152938081c87c113619e60be4f3d01e7119cd96b4a"
2025-01-30 18:32:43,459 INFO c.h.h.t.HelmChartContainer - [K3S] [replica_set.go:679] "Finished syncing" kind="ReplicaSet" key="helmextensionlicensesit-operator/hivemq-test-hivemq-platform-operator-6966f96d65" duration="45.555µs"
2025-01-30 18:32:43,460 INFO c.h.h.t.HelmChartContainer - [POD] hivemq-test-hivemq-platform-operator-6966f96d65-hnnzg [03c36cec-7da1-4735-a035-70362eac71aa] in helmextensionlicensesit-operator was MODIFIED
2025-01-30 18:32:43,461 INFO c.h.h.t.HelmChartContainer - [K3S] [replica_set.go:679] "Finished syncing" kind="ReplicaSet" key="helmextensionlicensesit-operator/hivemq-test-hivemq-platform-operator-6966f96d65" duration="30.497µs"
2025-01-30 18:32:43,462 INFO c.h.h.t.HelmChartContainer - [POD] hivemq-test-hivemq-platform-operator-6966f96d65-hnnzg [03c36cec-7da1-4735-a035-70362eac71aa] in helmextensionlicensesit-operator was DELETED
2025-01-30 18:32:43,471 INFO c.h.h.t.HelmChartContainer - [K3S] [replica_set.go:679] "Finished syncing" kind="ReplicaSet" key="helmextensionlicensesit-operator/hivemq-test-hivemq-platform-operator-6966f96d65" duration="5.691µs"
2025-01-30 18:32:44,183 INFO c.h.h.t.HelmChartContainer - Deleting namespace 'helmextensionlicensesit-operator'...
2025-01-30 18:32:44,980 INFO c.h.h.t.HelmChartContainer - [K3S] [kubelet_volumes.go:163] "Cleaned up orphaned pod volumes dir" podUID="03c36cec-7da1-4735-a035-70362eac71aa" path="/var/lib/kubelet/pods/03c36cec-7da1-4735-a035-70362eac71aa/volumes"
2025-01-30 18:32:46,860 INFO c.h.h.t.HelmChartContainer - [K3S] [namespace_controller.go:187] "Namespace has been deleted" namespace="helmextensionlicensesit"
2025-01-30 18:32:49,400 INFO c.h.h.t.HelmChartContainer - Namespace 'helmextensionlicensesit-operator' deleted
2025-01-30 18:32:49,400 INFO c.h.h.t.HelmChartContainer - Release 'test-hivemq-platform-operator' in namespace 'helmextensionlicensesit-operator' is uninstalled
2025-01-30 18:32:50,021 INFO c.h.helmcharts.AbstractHelmChartIT - Removed unused containers:

2025-01-30 18:32:54,302 INFO c.h.h.t.HelmChartContainer - [K3S] [namespace_controller.go:187] "Namespace has been deleted" namespace="helmextensionlicensesit-operator"
2025-01-30 18:32:57,639 INFO c.h.helmcharts.AbstractHelmChartIT - Removed unused snapshots:
Removing snapshot sha256:03af251906410714c5aef9fa705b63f6bbc39c4a5e787de7361eeb18886c2ed2
Removing snapshot sha256:0c46b3b43cce082ce5ec34ffc6c294e0417d17b9d1e6f366d114b6aadc4f96dc
Removing snapshot sha256:0ce761beee59082d6ed5bcebd3a805b8ddd9b3426b617e4809e7fb7c6587ffec
Removing snapshot sha256:0df91287303208332c8ff6ba40ae4710105201739addbfbddfb955f1ad593664
Removing snapshot sha256:1021ef88c7974bfff89c5a0ec4fd3160daac6c48a075f74cff721f85dd104e68
Removing snapshot sha256:10aba4953ddc18145dd38e3704709bc464aa20af60b56fe52caaff4b68411e62
Removing snapshot sha256:2573e0d8158209ed54ab25c87bcdcb00bd3d2539246960a3d592a1c599d70465
Removing snapshot sha256:362a8a37f8bbc31925a8146adcf7cf51f9882f5c1dcbef67c5baa03a297543c0
Removing snapshot sha256:3fa4ad33f0ddc8fd45b39b6b4640f82a3a83619606cd975bfe89d8710ad2d4cd
Removing snapshot sha256:43a7c979bbaba6838bc3102d6b10a1459f3ab050b87ccdfef84ef90cf43d3058
Removing snapshot sha256:4ab04491cdf0d3267f08206fe30bd48f49f94b9cab2f016d6739220f722a64af
Removing snapshot sha256:4b6068250e89c96f263060261819c7d912855bfbd64b3eb4c4a8483299b8c295
Removing snapshot sha256:580e69a0a8034ede1921139bbd2bfb72a69ebf276d008281896c32dd8bf74775
Removing snapshot sha256:5d30ba46b27fe37484567ccc5242cadc78217b8da605f3f195ef25cbf7487904
Removing snapshot sha256:63ca1fbb43ae5034640e5e6cb3e083e05c290072c5366fcaa9d62435a4cced85
Removing snapshot sha256:67f702c6baae873bceb19487c8b1f27bd2b86077e4f2f0e480e6d60ab508b8f5
Removing snapshot sha256:6864348dd42806d552efdec384f1274be15e2d0c10ce44c1f04347af004c10a9
Removing snapshot sha256:6c7dee8f2c39b84b7dc2711c01d33de93514d9055499173e9290176fbe484b6c
Removing snapshot sha256:6e934cf9cafa9d6dfba23deebeccf953e430fd1e23b1d98419a8a26ec913b93c
Removing snapshot sha256:82753493a6d61ded36556292f02f31841a14c20d2f279f19eaad65afb661d5cd
Removing snapshot sha256:8a10d3db42c505ee0fcfa98417bdd7e39b304f6bcc0a06bb1b220797ff2cc63c
Removing snapshot sha256:a0904247e36a7726c03c71ee48f3e64462021c88dafeb13f37fdaf613b27f11c
Removing snapshot sha256:a21e5b12dbac529ad45d976eb9ce45c881f3bedcc500fb30aba1e52aa1813418
Removing snapshot sha256:a52d3a2797b78d5a66a091baf6d81aee8ee135c1648782128f32dd670c509c47
Removing snapshot sha256:b921e6c28969094157f9b8e7244677780319637afd14450b7cb6b2fdea558a0c
Removing snapshot sha256:bc27ecb5769a00e309cf99ebc763c4a4b958b618d1decc96ffac5bc05f02f5b7
Removing snapshot sha256:be3ccb6627a5332e309d45ef461d09b4879dd870c7394d89323d0ebc6ca6aa8a
Removing snapshot sha256:c261f7cbbc64211ee175ee47273acdb7b1a36a4450b397a064a8f2c026490095
Removing snapshot sha256:c34d9393647eea0c9e3557ab988efaf59f61d10a2a5613b439ef0958cca5ec10
Removing snapshot sha256:ccf3c4a0fa967a41c1c83497a2ce6fa5787965859df0adb32c4ca2cf7490bc2b
Removing snapshot sha256:cf92d33f869417309692088c341cd0f223c178ea78a125f757317b22aa8f90e9
Removing snapshot sha256:d0037344cf2fb078884f1849f6a1f8cf9a33a3b6139b6a85833e5ee528e1f9a8
Removing snapshot sha256:d3b36d5b79273b1e98e7700470eaeff05a882e777124d84cebcc1505b85ecb36
Removing snapshot sha256:d65a44a37914602d12c611e5e22a50f11451d847e63015cc1c2aef92dee777a4
Removing snapshot sha256:e2dc0bae2455930f23ae570e019b7f32edc75c0f2d71cab084db837ff9051796
Removing snapshot sha256:eccbd24a99c60cd9e86ee5305dbfc4a4dc89f5ab4fb1f06c8d64797cecedef34
Removing snapshot sha256:f144bb4c7c7f0d2aa7eeffd36d934ec40db1ee167be727e326aad9fdc616f475

]]></system-out>
  </testcase>
  <testcase name="withExistingExtensionLicenseSecret_statefulSetWithLicenseSecretMounted()" classname="com.hivemq.helmcharts.license.HelmExtensionLicensesIT" time="110.863">
    <system-out><![CDATA[2025-01-30 18:32:57,641 INFO c.h.h.t.HelmChartContainer - Creating namespace 'helmextensionlicensesit-operator'...
2025-01-30 18:32:57,646 INFO c.h.h.t.HelmChartContainer - Namespace 'helmextensionlicensesit-operator' created
2025-01-30 18:32:57,646 INFO c.h.h.t.HelmChartContainer - Creating namespace 'helmextensionlicensesit'...
2025-01-30 18:32:57,654 INFO c.h.h.t.HelmChartContainer - Namespace 'helmextensionlicensesit' created
2025-01-30 18:32:57,717 DEBUG c.h.h.t.HelmChartContainer - Executing helm command: /bin/helm --kubeconfig /etc/rancher/k3s/k3s.yaml install test-hivemq-platform-operator /charts/hivemq-platform-operator --wait --timeout 5m0s --set image.repository=docker.io/hivemq --set image.name=hivemq-platform-operator-test --set image.initImageName=hivemq-platform-operator-init-test --set image.tag=snapshot --set image.pullPolicy=Never --set logLevel=DEBUG --set resources.cpu=512m --namespace helmextensionlicensesit-operator
2025-01-30 18:32:58,018 INFO c.h.h.t.HelmChartContainer - [K3S] [alloc.go:330] "allocated clusterIPs" service="helmextensionlicensesit-operator/hivemq-platform-operator-test-hivemq-platform-operator" clusterIPs={"IPv4":"10.43.48.177"}
2025-01-30 18:32:58,042 INFO c.h.h.t.HelmChartContainer - [EVENT] Normal [ScalingReplicaSet] Scaled up replica set hivemq-test-hivemq-platform-operator-6966f96d65 from 0 to 1 [helmextensionlicensesit-operator:hivemq-test-hivemq-platform-operator]
2025-01-30 18:32:58,045 INFO c.h.h.t.HelmChartContainer - [POD] hivemq-test-hivemq-platform-operator-6966f96d65-g5n2s [28830dc9-c2e6-42cd-825d-f63efa472224] in helmextensionlicensesit-operator was ADDED
2025-01-30 18:32:58,053 INFO c.h.h.t.HelmChartContainer - [POD] hivemq-test-hivemq-platform-operator-6966f96d65-g5n2s [28830dc9-c2e6-42cd-825d-f63efa472224] in helmextensionlicensesit-operator was MODIFIED
2025-01-30 18:32:58,053 INFO c.h.h.t.HelmChartContainer - [K3S] [memory_manager.go:355] "RemoveStaleState removing state" podUID="03c36cec-7da1-4735-a035-70362eac71aa" containerName="hivemq-platform-operator"
2025-01-30 18:32:58,053 INFO c.h.h.t.HelmChartContainer - [K3S] [memory_manager.go:355] "RemoveStaleState removing state" podUID="2633fbed-6fc3-4428-808b-7bd9eb5fba15" containerName="hivemq"
2025-01-30 18:32:58,056 INFO c.h.h.t.HelmChartContainer - [EVENT] Normal [SuccessfulCreate] Created pod: hivemq-test-hivemq-platform-operator-6966f96d65-g5n2s [helmextensionlicensesit-operator:hivemq-test-hivemq-platform-operator-6966f96d65]
2025-01-30 18:32:58,058 INFO c.h.h.t.HelmChartContainer - [K3S] [replica_set.go:679] "Finished syncing" kind="ReplicaSet" key="helmextensionlicensesit-operator/hivemq-test-hivemq-platform-operator-6966f96d65" duration="25.40966ms"
2025-01-30 18:32:58,060 INFO c.h.h.t.HelmChartContainer - [EVENT] Normal [Scheduled] Successfully assigned helmextensionlicensesit-operator/hivemq-test-hivemq-platform-operator-6966f96d65-g5n2s to 794c46978a70 [helmextensionlicensesit-operator:hivemq-test-hivemq-platform-operator-6966f96d65-g5n2s]
2025-01-30 18:32:58,066 INFO c.h.h.t.HelmChartContainer - [K3S] [replica_set.go:679] "Finished syncing" kind="ReplicaSet" key="helmextensionlicensesit-operator/hivemq-test-hivemq-platform-operator-6966f96d65" duration="8.059618ms"
2025-01-30 18:32:58,067 INFO c.h.h.t.HelmChartContainer - [K3S] [replica_set.go:679] "Finished syncing" kind="ReplicaSet" key="helmextensionlicensesit-operator/hivemq-test-hivemq-platform-operator-6966f96d65" duration="30.086µs"
2025-01-30 18:32:58,070 INFO c.h.h.t.HelmChartContainer - [POD] hivemq-test-hivemq-platform-operator-6966f96d65-g5n2s [28830dc9-c2e6-42cd-825d-f63efa472224] in helmextensionlicensesit-operator was MODIFIED
2025-01-30 18:32:58,070 INFO c.h.h.t.HelmChartContainer - [K3S] [replica_set.go:679] "Finished syncing" kind="ReplicaSet" key="helmextensionlicensesit-operator/hivemq-test-hivemq-platform-operator-6966f96d65" duration="31.169µs"
2025-01-30 18:32:58,130 INFO c.h.h.t.HelmChartContainer - [K3S] [reconciler_common.go:251] "operationExecutor.VerifyControllerAttachedVolume started for volume \"kube-api-access-4xknk\" (UniqueName: \"kubernetes.io/projected/28830dc9-c2e6-42cd-825d-f63efa472224-kube-api-access-4xknk\") pod \"hivemq-test-hivemq-platform-operator-6966f96d65-g5n2s\" (UID: \"28830dc9-c2e6-42cd-825d-f63efa472224\") " pod="helmextensionlicensesit-operator/hivemq-test-hivemq-platform-operator-6966f96d65-g5n2s"
2025-01-30 18:32:58,438 INFO c.h.h.t.HelmChartContainer - [EVENT] Normal [Pulled] Container image "docker.io/hivemq/hivemq-platform-operator-test:snapshot" already present on machine [helmextensionlicensesit-operator:hivemq-test-hivemq-platform-operator-6966f96d65-g5n2s]
2025-01-30 18:32:58,438 INFO c.h.h.t.HelmChartContainer - Received Pulled event for container hivemq-platform-operator in pod hivemq-test-hivemq-platform-operator-6966f96d65-g5n2s [28830dc9-c2e6-42cd-825d-f63efa472224]
2025-01-30 18:32:59,795 INFO c.h.h.t.HelmChartContainer - [EVENT] Normal [Created] Created container: hivemq-platform-operator [helmextensionlicensesit-operator:hivemq-test-hivemq-platform-operator-6966f96d65-g5n2s]
2025-01-30 18:32:59,795 INFO c.h.h.t.HelmChartContainer - Received Created event for container hivemq-platform-operator in pod hivemq-test-hivemq-platform-operator-6966f96d65-g5n2s [28830dc9-c2e6-42cd-825d-f63efa472224]
2025-01-30 18:33:00,490 INFO c.h.h.t.HelmChartContainer - [K3S] [replica_set.go:679] "Finished syncing" kind="ReplicaSet" key="helmextensionlicensesit-operator/hivemq-test-hivemq-platform-operator-6966f96d65" duration="38.682µs"
2025-01-30 18:33:00,494 INFO c.h.h.t.HelmChartContainer - [POD] hivemq-test-hivemq-platform-operator-6966f96d65-g5n2s [28830dc9-c2e6-42cd-825d-f63efa472224] in helmextensionlicensesit-operator was MODIFIED
2025-01-30 18:33:00,503 INFO c.h.h.t.HelmChartContainer - Started log watcher for hivemq-platform-operator in pod hivemq-test-hivemq-platform-operator-6966f96d65-g5n2s [28830dc9-c2e6-42cd-825d-f63efa472224]
2025-01-30 18:33:00,504 INFO c.h.h.t.HelmChartContainer - [EVENT] Normal [Started] Started container hivemq-platform-operator [helmextensionlicensesit-operator:hivemq-test-hivemq-platform-operator-6966f96d65-g5n2s]
2025-01-30 18:33:00,504 INFO c.h.h.t.HelmChartContainer - Received Started event for container hivemq-platform-operator in pod hivemq-test-hivemq-platform-operator-6966f96d65-g5n2s [28830dc9-c2e6-42cd-825d-f63efa472224]
2025-01-30 18:33:00,505 INFO c.h.h.t.HelmChartContainer - [hivemq-test-hivemq-platform] [hivemq-platform-operator] [28830dc9] -------------------------------------------------------------------------
2025-01-30 18:33:00,505 INFO c.h.h.t.HelmChartContainer - [hivemq-test-hivemq-platform] [hivemq-platform-operator] [28830dc9] 
2025-01-30 18:33:00,505 INFO c.h.h.t.HelmChartContainer - [hivemq-test-hivemq-platform] [hivemq-platform-operator] [28830dc9]                   _    _  _              __  __   ____
2025-01-30 18:33:00,505 INFO c.h.h.t.HelmChartContainer - [hivemq-test-hivemq-platform] [hivemq-platform-operator] [28830dc9]                  | |  | |(_)            |  \/  | / __ \
2025-01-30 18:33:00,505 INFO c.h.h.t.HelmChartContainer - [hivemq-test-hivemq-platform] [hivemq-platform-operator] [28830dc9]                  | |__| | _ __   __ ___ | \  / || |  | |
2025-01-30 18:33:00,505 INFO c.h.h.t.HelmChartContainer - [hivemq-test-hivemq-platform] [hivemq-platform-operator] [28830dc9]                  |  __  || |\ \ / // _ \| |\/| || |  | |
2025-01-30 18:33:00,505 INFO c.h.h.t.HelmChartContainer - [hivemq-test-hivemq-platform] [hivemq-platform-operator] [28830dc9]                  | |  | || | \ V /|  __/| |  | || |__| |
2025-01-30 18:33:00,505 INFO c.h.h.t.HelmChartContainer - [hivemq-test-hivemq-platform] [hivemq-platform-operator] [28830dc9]                  |_|  |_||_|  \_/  \___||_|  |_| \___\_\
2025-01-30 18:33:00,505 INFO c.h.h.t.HelmChartContainer - [hivemq-test-hivemq-platform] [hivemq-platform-operator] [28830dc9] 
2025-01-30 18:33:00,505 INFO c.h.h.t.HelmChartContainer - [hivemq-test-hivemq-platform] [hivemq-platform-operator] [28830dc9] -------------------------------------------------------------------------
2025-01-30 18:33:00,505 INFO c.h.h.t.HelmChartContainer - [hivemq-test-hivemq-platform] [hivemq-platform-operator] [28830dc9] 
2025-01-30 18:33:00,505 INFO c.h.h.t.HelmChartContainer - [hivemq-test-hivemq-platform] [hivemq-platform-operator] [28830dc9]   HiveMQ Platform Operator Start Script v1.0
2025-01-30 18:33:00,505 INFO c.h.h.t.HelmChartContainer - [hivemq-test-hivemq-platform] [hivemq-platform-operator] [28830dc9] 
2025-01-30 18:33:00,505 INFO c.h.h.t.HelmChartContainer - [hivemq-test-hivemq-platform] [hivemq-platform-operator] [28830dc9] -------------------------------------------------------------------------
2025-01-30 18:33:00,505 INFO c.h.h.t.HelmChartContainer - [hivemq-test-hivemq-platform] [hivemq-platform-operator] [28830dc9] 
2025-01-30 18:33:00,505 INFO c.h.h.t.HelmChartContainer - [hivemq-test-hivemq-platform] [hivemq-platform-operator] [28830dc9]   JAVA_OPTS: -XX:+UnlockExperimentalVMOptions -XX:InitialRAMPercentage=75 -XX:MaxRAMPercentage=75 -Duser.language=en -Duser.region=US
2025-01-30 18:33:00,505 INFO c.h.h.t.HelmChartContainer - [hivemq-test-hivemq-platform] [hivemq-platform-operator] [28830dc9] 
2025-01-30 18:33:00,505 INFO c.h.h.t.HelmChartContainer - [hivemq-test-hivemq-platform] [hivemq-platform-operator] [28830dc9]   JAVA_VERSION: 21
2025-01-30 18:33:00,505 INFO c.h.h.t.HelmChartContainer - [hivemq-test-hivemq-platform] [hivemq-platform-operator] [28830dc9] 
2025-01-30 18:33:00,505 INFO c.h.h.t.HelmChartContainer - [hivemq-test-hivemq-platform] [hivemq-platform-operator] [28830dc9] -------------------------------------------------------------------------
2025-01-30 18:33:00,505 INFO c.h.h.t.HelmChartContainer - [hivemq-test-hivemq-platform] [hivemq-platform-operator] [28830dc9] 
2025-01-30 18:33:02,978 INFO c.h.h.t.HelmChartContainer - [hivemq-test-hivemq-platform] [hivemq-platform-operator] [28830dc9] 18:33:02.976 [main] DEBUG org.jboss.logging - Logging Provider: org.jboss.logging.Slf4jLoggerProvider
2025-01-30 18:33:03,082 INFO c.h.h.t.HelmChartContainer - [hivemq-test-hivemq-platform] [hivemq-platform-operator] [28830dc9] 18:33:03.081 [main] DEBUG io.smallrye.config - SRCFG01006: Loaded ConfigSource SysPropConfigSource with ordinal 400
2025-01-30 18:33:03,082 INFO c.h.h.t.HelmChartContainer - [hivemq-test-hivemq-platform] [hivemq-platform-operator] [28830dc9] 18:33:03.081 [main] DEBUG io.smallrye.config - SRCFG01006: Loaded ConfigSource EnvConfigSource with ordinal 300
2025-01-30 18:33:03,082 INFO c.h.h.t.HelmChartContainer - [hivemq-test-hivemq-platform] [hivemq-platform-operator] [28830dc9] 18:33:03.081 [main] DEBUG io.smallrye.config - SRCFG01006: Loaded ConfigSource PropertiesConfigSource[source=jar:file:///opt/hivemq-platform-operator/bin/hivemq-platform-operator.jar!/hivemq-platform-operator.properties] with ordinal 100
2025-01-30 18:33:03,082 INFO c.h.h.t.HelmChartContainer - [hivemq-test-hivemq-platform] [hivemq-platform-operator] [28830dc9] 18:33:03.081 [main] DEBUG io.smallrye.config - SRCFG01006: Loaded ConfigSource DefaultValuesConfigSource with ordinal -2147483648
2025-01-30 18:33:03,180 INFO c.h.h.t.HelmChartContainer - [hivemq-test-hivemq-platform] [hivemq-platform-operator] [28830dc9] 18:33:03.179 [main] DEBUG i.m.c.u.i.l.InternalLoggerFactory - Using SLF4J as the default logging framework
2025-01-30 18:33:03,349 INFO c.h.h.t.HelmChartContainer - [hivemq-test-hivemq-platform] [hivemq-platform-operator] [28830dc9] 18:33:03.279 [main] INFO  c.h.p.o.HiveMQPlatformOperatorApplication - HiveMQ Platform Operator 1.7.0-SNAPSHOT (commit: 47e3375 on branch: HEAD) built on Thu Jan 30 03:55:50 UTC 2025
2025-01-30 18:33:03,349 INFO c.h.h.t.HelmChartContainer - [hivemq-test-hivemq-platform] [hivemq-platform-operator] [28830dc9] 18:33:03.347 [main] INFO  c.h.p.o.HiveMQPlatformOperatorApplication - HiveMQ Platform Operator is running in namespace: helmextensionlicensesit-operator
2025-01-30 18:33:03,349 INFO c.h.h.t.HelmChartContainer - [hivemq-test-hivemq-platform] [hivemq-platform-operator] [28830dc9] 18:33:03.348 [main] INFO  c.h.p.o.HiveMQPlatformOperatorApplication - Watching all namespaces
2025-01-30 18:33:03,349 INFO c.h.h.t.HelmChartContainer - [hivemq-test-hivemq-platform] [hivemq-platform-operator] [28830dc9] 18:33:03.348 [main] INFO  c.h.p.o.HiveMQPlatformOperatorApplication - Log level: DEBUG
2025-01-30 18:33:03,349 INFO c.h.h.t.HelmChartContainer - [hivemq-test-hivemq-platform] [hivemq-platform-operator] [28830dc9] 18:33:03.348 [main] INFO  c.h.p.o.HiveMQPlatformOperatorApplication - Release name: test-hivemq-platform-operator
2025-01-30 18:33:03,349 INFO c.h.h.t.HelmChartContainer - [hivemq-test-hivemq-platform] [hivemq-platform-operator] [28830dc9] 18:33:03.348 [main] INFO  c.h.p.o.HiveMQPlatformOperatorApplication - HiveMQ Platform Operator Init image: docker.io/hivemq/hivemq-platform-operator-init-test:snapshot
2025-01-30 18:33:03,349 INFO c.h.h.t.HelmChartContainer - [hivemq-test-hivemq-platform] [hivemq-platform-operator] [28830dc9] 18:33:03.348 [main] INFO  c.h.p.o.HiveMQPlatformOperatorApplication - HiveMQ Platform Operator Init App update URL: http://hivemq-platform-operator-test-hivemq-platform-operator.helmextensionlicensesit-operator.svc:8080/initAppUpdate/hivemq-platform-operator-init-app-1.7.0-SNAPSHOT.jar
2025-01-30 18:33:03,349 INFO c.h.h.t.HelmChartContainer - [hivemq-test-hivemq-platform] [hivemq-platform-operator] [28830dc9] 18:33:03.348 [main] INFO  c.h.p.o.HiveMQPlatformOperatorApplication - Additional imagePullSecret for all Platform deployments: none
2025-01-30 18:33:03,350 INFO c.h.h.t.HelmChartContainer - [hivemq-test-hivemq-platform] [hivemq-platform-operator] [28830dc9] 18:33:03.348 [main] INFO  c.h.p.o.HiveMQPlatformOperatorApplication - Apply HiveMQ Platform CRD: true
2025-01-30 18:33:03,350 INFO c.h.h.t.HelmChartContainer - [hivemq-test-hivemq-platform] [hivemq-platform-operator] [28830dc9] 18:33:03.348 [main] INFO  c.h.p.o.HiveMQPlatformOperatorApplication - Create Platform ServiceAccount: true
2025-01-30 18:33:03,350 INFO c.h.h.t.HelmChartContainer - [hivemq-test-hivemq-platform] [hivemq-platform-operator] [28830dc9] 18:33:03.348 [main] INFO  c.h.p.o.HiveMQPlatformOperatorApplication - Create Platform ServiceAccount permissions: true
2025-01-30 18:33:03,350 INFO c.h.h.t.HelmChartContainer - [hivemq-test-hivemq-platform] [hivemq-platform-operator] [28830dc9] 18:33:03.348 [main] INFO  c.h.p.o.HiveMQPlatformOperatorApplication - Validate Platform ServiceAccount: true
2025-01-30 18:33:03,350 INFO c.h.h.t.HelmChartContainer - [hivemq-test-hivemq-platform] [hivemq-platform-operator] [28830dc9] 18:33:03.348 [main] INFO  c.h.p.o.HiveMQPlatformOperatorApplication - Validate Platform ServiceAccount permissions: true
2025-01-30 18:33:03,467 INFO c.h.h.t.HelmChartContainer - [hivemq-test-hivemq-platform] [hivemq-platform-operator] [28830dc9] 18:33:03.466 [main] INFO  c.h.platform.operator.util.CRDUtil - Verifying deployed HiveMQ Platform CRD...
2025-01-30 18:33:05,779 INFO c.h.h.t.HelmChartContainer - [hivemq-test-hivemq-platform] [hivemq-platform-operator] [28830dc9] 18:33:05.778 [main] DEBUG c.h.platform.operator.util.CRDUtil - HiveMQ Platform CRD version v1 is up to date
2025-01-30 18:33:05,779 INFO c.h.h.t.HelmChartContainer - [hivemq-test-hivemq-platform] [hivemq-platform-operator] [28830dc9] 18:33:05.778 [main] INFO  c.h.platform.operator.util.CRDUtil - HiveMQ Platform CRD is up to date (version: V1_6_0)
2025-01-30 18:33:05,779 INFO c.h.h.t.HelmChartContainer - [hivemq-test-hivemq-platform] [hivemq-platform-operator] [28830dc9] 18:33:05.778 [main] INFO  c.h.platform.operator.util.CRDUtil - Waiting 10000 ms for HiveMQ Platform CRD 'hivemq-platforms.hivemq.com' to become ready...
2025-01-30 18:33:06,074 INFO c.h.h.t.HelmChartContainer - [hivemq-test-hivemq-platform] [hivemq-platform-operator] [28830dc9] 18:33:06.072 [vert.x-eventloop-thread-1] DEBUG c.h.platform.operator.util.CRDUtil - Checking CRD condition 'NamesAccepted' (status: 'True')
2025-01-30 18:33:06,075 INFO c.h.h.t.HelmChartContainer - [hivemq-test-hivemq-platform] [hivemq-platform-operator] [28830dc9] 18:33:06.073 [vert.x-eventloop-thread-1] DEBUG c.h.platform.operator.util.CRDUtil - Checking CRD condition 'Established' (status: 'True')
2025-01-30 18:33:06,076 INFO c.h.h.t.HelmChartContainer - [hivemq-test-hivemq-platform] [hivemq-platform-operator] [28830dc9] 18:33:06.074 [main] INFO  c.h.platform.operator.util.CRDUtil - HiveMQ Platform CRD 'hivemq-platforms.hivemq.com' is ready
2025-01-30 18:33:06,250 INFO c.h.h.t.HelmChartContainer - [hivemq-test-hivemq-platform] [hivemq-platform-operator] [28830dc9] 18:33:06.249 [main] INFO  c.h.p.o.HiveMQPlatformReconciler - HiveMQ Platform Operator is starting...
2025-01-30 18:33:06,348 INFO c.h.h.t.HelmChartContainer - [hivemq-test-hivemq-platform] [hivemq-platform-operator] [28830dc9] 18:33:06.347 [main] WARN  Default ConfigurationService implementation - Configuration for reconciler 'hivemq-controller' was not found. Known reconcilers: None.
2025-01-30 18:33:06,355 INFO c.h.h.t.HelmChartContainer - [hivemq-test-hivemq-platform] [hivemq-platform-operator] [28830dc9] 18:33:06.354 [main] INFO  Default ConfigurationService implementation - Created configuration for reconciler com.hivemq.platform.operator.HiveMQPlatformReconciler with name hivemq-controller
2025-01-30 18:33:06,457 INFO c.h.h.t.HelmChartContainer - [hivemq-test-hivemq-platform] [hivemq-platform-operator] [28830dc9] 18:33:06.456 [main] DEBUG c.h.p.o.HiveMQPlatformReconciler - HiveMQ Platform Operator is preparing EventSources
2025-01-30 18:33:06,480 INFO c.h.h.t.HelmChartContainer - [hivemq-test-hivemq-platform] [hivemq-platform-operator] [28830dc9] 18:33:06.479 [main] INFO  i.javaoperatorsdk.operator.Operator - Registered reconciler: 'hivemq-controller' for resource: 'class com.hivemq.platform.operator.v1.HiveMQPlatform' for namespace(s): [all namespaces]
2025-01-30 18:33:07,078 INFO c.h.h.t.HelmChartContainer - [hivemq-test-hivemq-platform] [hivemq-platform-operator] [28830dc9] 18:33:07.077 [main] INFO  c.h.p.operator.webserver.JettyServer - Starting Jetty server on port 8080
2025-01-30 18:33:07,156 INFO c.h.h.t.HelmChartContainer - [hivemq-test-hivemq-platform] [hivemq-platform-operator] [28830dc9] 18:33:07.155 [main] INFO  i.javaoperatorsdk.operator.Operator - Operator SDK 4.9.7 (commit: 2133d28) built on Wed Nov 20 12:56:20 UTC 2024 starting...
2025-01-30 18:33:07,156 INFO c.h.h.t.HelmChartContainer - [hivemq-test-hivemq-platform] [hivemq-platform-operator] [28830dc9] 18:33:07.155 [main] INFO  i.javaoperatorsdk.operator.Operator - Client version: 6.13.5
2025-01-30 18:33:07,174 INFO c.h.h.t.HelmChartContainer - [hivemq-test-hivemq-platform] [hivemq-platform-operator] [28830dc9] 18:33:07.173 [Controller Starter for: hivemq-controller] INFO  i.j.operator.processing.Controller - Starting 'hivemq-controller' controller for reconciler: com.hivemq.platform.operator.HiveMQPlatformReconciler, resource: com.hivemq.platform.operator.v1.HiveMQPlatform
2025-01-30 18:33:09,251 INFO c.h.h.t.HelmChartContainer - [hivemq-test-hivemq-platform] [hivemq-platform-operator] [28830dc9] 18:33:09.250 [Controller Starter for: hivemq-controller] INFO  i.j.operator.processing.Controller - 'hivemq-controller' controller started
2025-01-30 18:33:09,253 INFO c.h.h.t.HelmChartContainer - [hivemq-test-hivemq-platform] [hivemq-platform-operator] [28830dc9] 18:33:09.252 [main] INFO  c.h.p.o.HiveMQPlatformOperatorApplication - HiveMQ Platform Operator 1.7.0-SNAPSHOT started in 5972 ms
2025-01-30 18:33:11,496 INFO c.h.h.t.HelmChartContainer - [POD] hivemq-test-hivemq-platform-operator-6966f96d65-g5n2s [28830dc9-c2e6-42cd-825d-f63efa472224] in helmextensionlicensesit-operator was MODIFIED
2025-01-30 18:33:11,505 INFO c.h.h.t.HelmChartContainer - [K3S] [replica_set.go:679] "Finished syncing" kind="ReplicaSet" key="helmextensionlicensesit-operator/hivemq-test-hivemq-platform-operator-6966f96d65" duration="10.746526ms"
2025-01-30 18:33:11,506 INFO c.h.h.t.HelmChartContainer - [K3S] [replica_set.go:679] "Finished syncing" kind="ReplicaSet" key="helmextensionlicensesit-operator/hivemq-test-hivemq-platform-operator-6966f96d65" duration="42.59µs"
2025-01-30 18:33:12,102 INFO c.h.h.testcontainer.LogWaiterUtil - TEST Waiting for log pattern on 'test-hivemq-platform-0': .*Extension "HiveMQ Enterprise Distributed Tracing Extension" version .* started successfully.
2025-01-30 18:33:12,102 INFO c.h.h.testcontainer.LogWaiterUtil - TEST Waiting for log pattern on 'test-hivemq-platform-0': .*License file tracing.elic is corrupt.
2025-01-30 18:33:12,162 DEBUG c.h.h.t.HelmChartContainer - Executing helm command: /bin/helm --kubeconfig /etc/rancher/k3s/k3s.yaml install test-hivemq-platform /charts/hivemq-platform --wait --timeout 5m0s --set image.repository=docker.io/hivemq --set image.tag=4.36.0 --set image.pullPolicy=Never --set nodes.resources.cpu=512m -f /files/distributed-tracing-extension-values.yaml --set license.name=tracing-extension-secret-license --namespace helmextensionlicensesit
2025-01-30 18:33:12,674 INFO c.h.h.t.HelmChartContainer - [hivemq-test-hivemq-platform] [hivemq-platform-operator] [28830dc9] 18:33:12.673 [-2082509879-pool-1-thread-2] WARN  i.m.p.PrometheusMeterRegistry - The meter (MeterId{name='operator.sdk.events.received', tags=[tag(action=ADDED),tag(event=ResourceEvent),tag(group=hivemq.com),tag(kind=HiveMQPlatform),tag(name=test-hivemq-platform),tag(namespace=helmextensionlicensesit),tag(scope=namespace),tag(version=v1)]}) registration has failed: Prometheus requires that all meters with the same name have the same set of tag keys. There is already an existing meter named 'operator.sdk.events.received' containing tag keys [event, group, kind, name, namespace, scope, version]. The meter you are attempting to register has keys [action, event, group, kind, name, namespace, scope, version]. Note that subsequent logs will be logged at debug level.
2025-01-30 18:33:13,084 INFO c.h.h.t.HelmChartContainer - [hivemq-test-hivemq-platform] [hivemq-platform-operator] [28830dc9] 18:33:13.082 [pool-6-thread-3] DEBUG c.h.p.o.dependants.PodInfoConfigMap - [helmexte] Desired PodInfo ConfigMap (1 extensions) (1 enabled)
2025-01-30 18:33:13,086 INFO c.h.h.t.HelmChartContainer - [hivemq-test-hivemq-platform] [hivemq-platform-operator] [28830dc9] 18:33:13.083 [pool-6-thread-3] DEBUG c.h.p.o.dependants.PodInfoConfigMap - [helmexte] Desired PodInfo ConfigMap (metrics port: 9399) (metrics path: /)
2025-01-30 18:33:13,086 INFO c.h.h.t.HelmChartContainer - [hivemq-test-hivemq-platform] [hivemq-platform-operator] [28830dc9] 18:33:13.083 [pool-6-thread-3] DEBUG c.h.p.o.dependants.PodInfoConfigMap - [helmexte] Desired PodInfo ConfigMap (extension state hash: -634454925)
2025-01-30 18:33:13,087 INFO c.h.h.t.HelmChartContainer - [hivemq-test-hivemq-platform] [hivemq-platform-operator] [28830dc9] 18:33:13.085 [pool-6-thread-3] DEBUG c.h.p.o.dependants.PodInfoConfigMap - [helmexte] Create PodInfo ConfigMap
2025-01-30 18:33:13,182 INFO c.h.h.t.HelmChartContainer - [hivemq-test-hivemq-platform] [hivemq-platform-operator] [28830dc9] 18:33:13.178 [pool-6-thread-5] DEBUG c.h.p.o.dependants.PodRoleResource - [helmexte] Create Role: Role(apiVersion=rbac.authorization.k8s.io/v1, kind=Role, metadata=ObjectMeta(annotations={meta.helm.sh/release-name=test-hivemq-platform, meta.helm.sh/release-namespace=helmextensionlicensesit}, creationTimestamp=null, deletionGracePeriodSeconds=null, deletionTimestamp=null, finalizers=[], generateName=null, generation=null, labels={helm.sh/chart=hivemq-platform-0.2.32, app.kubernetes.io/managed-by=Helm, app.kubernetes.io/name=hivemq-platform, hivemq-platform=test-hivemq-platform, app.kubernetes.io/instance=test-hivemq-platform, app.kubernetes.io/version=4.36.0}, managedFields=[], name=hivemq-platform-role-test-hivemq-platform, namespace=helmextensionlicensesit, ownerReferences=[OwnerReference(apiVersion=hivemq.com/v1, blockOwnerDeletion=null, controller=null, kind=HiveMQPlatform, name=test-hivemq-platform, uid=96ce6222-706d-483b-bd83-4b7edf50b3d1, additionalProperties={})], resourceVersion=null, selfLink=null, uid=null, additionalProperties={}), rules=[PolicyRule(apiGroups=[], nonResourceURLs=[], resourceNames=[], resources=[pods], verbs=[get, patch, update], additionalProperties={})], additionalProperties={})
2025-01-30 18:33:13,293 INFO c.h.h.t.HelmChartContainer - [hivemq-test-hivemq-platform] [hivemq-platform-operator] [28830dc9] 18:33:13.290 [pool-6-thread-7] DEBUG c.h.p.o.d.PodServiceAccountResource - [helmexte] Desired PodServiceAccountResource (serviceAccountName: hivemq-platform-pod-test-hivemq-platform)
2025-01-30 18:33:13,293 INFO c.h.h.t.HelmChartContainer - [hivemq-test-hivemq-platform] [hivemq-platform-operator] [28830dc9] 18:33:13.291 [pool-6-thread-7] DEBUG c.h.p.o.d.PodServiceAccountResource - [helmexte] Create ServiceAccount 'hivemq-platform-pod-test-hivemq-platform'
2025-01-30 18:33:13,388 INFO c.h.h.t.HelmChartContainer - [hivemq-test-hivemq-platform] [hivemq-platform-operator] [28830dc9] 18:33:13.387 [pool-6-thread-10] DEBUG c.h.p.o.d.PodRoleBindingResource - [helmexte] Create RoleBinding: RoleBinding(apiVersion=rbac.authorization.k8s.io/v1, kind=RoleBinding, metadata=ObjectMeta(annotations={meta.helm.sh/release-name=test-hivemq-platform, meta.helm.sh/release-namespace=helmextensionlicensesit}, creationTimestamp=null, deletionGracePeriodSeconds=null, deletionTimestamp=null, finalizers=[], generateName=null, generation=null, labels={helm.sh/chart=hivemq-platform-0.2.32, app.kubernetes.io/managed-by=Helm, app.kubernetes.io/name=hivemq-platform, hivemq-platform=test-hivemq-platform, app.kubernetes.io/instance=test-hivemq-platform, app.kubernetes.io/version=4.36.0}, managedFields=[], name=hivemq-platform-role-binding-test-hivemq-platform, namespace=helmextensionlicensesit, ownerReferences=[OwnerReference(apiVersion=hivemq.com/v1, blockOwnerDeletion=null, controller=null, kind=HiveMQPlatform, name=test-hivemq-platform, uid=96ce6222-706d-483b-bd83-4b7edf50b3d1, additionalProperties={})], resourceVersion=null, selfLink=null, uid=null, additionalProperties={}), roleRef=RoleRef(apiGroup=rbac.authorization.k8s.io, kind=Role, name=hivemq-platform-role-test-hivemq-platform, additionalProperties={}), subjects=[Subject(apiGroup=null, kind=ServiceAccount, name=hivemq-platform-pod-test-hivemq-platform, namespace=helmextensionlicensesit, additionalProperties={})], additionalProperties={})
2025-01-30 18:33:13,489 INFO c.h.h.t.HelmChartContainer - [hivemq-test-hivemq-platform] [hivemq-platform-operator] [28830dc9] 18:33:13.488 [ReconcilerExecutor-hivemq-controller-54] INFO  c.h.p.o.HiveMQPlatformReconciler - [helmexte] Reconciling HiveMQ Platform 'test-hivemq-platform' in namespace 'helmextensionlicensesit'
2025-01-30 18:33:13,489 INFO c.h.h.t.HelmChartContainer - [hivemq-test-hivemq-platform] [hivemq-platform-operator] [28830dc9] 18:33:13.488 [ReconcilerExecutor-hivemq-controller-54] DEBUG c.h.p.o.HiveMQPlatformReconciler - [helmexte] Custom Resource Status CREATED - HiveMQ Platform was created (READY)
2025-01-30 18:33:13,489 INFO c.h.h.t.HelmChartContainer - [hivemq-test-hivemq-platform] [hivemq-platform-operator] [28830dc9] 18:33:13.488 [ReconcilerExecutor-hivemq-controller-54] DEBUG c.h.p.o.HiveMQPlatformReconciler - [helmexte] Custom Resource Spec (replicas: 1) (extensions: 1)
2025-01-30 18:33:13,493 INFO c.h.h.t.HelmChartContainer - [hivemq-test-hivemq-platform] [hivemq-platform-operator] [28830dc9] 18:33:13.492 [ReconcilerExecutor-hivemq-controller-54] INFO  c.h.p.o.h.HiveMQPlatformReconcilerBaseHandler - [helmexte] HiveMQ Platform is starting
2025-01-30 18:33:13,675 INFO c.h.h.t.HelmChartContainer - [hivemq-test-hivemq-platform] [hivemq-platform-operator] [28830dc9] 18:33:13.674 [ReconcilerExecutor-hivemq-controller-54] DEBUG c.h.p.operator.event.EventSender - [helmexte] Creating K8s event hivemq-platform-starting: [Start] HiveMQ Platform is starting
2025-01-30 18:33:13,683 INFO c.h.h.t.HelmChartContainer - [EVENT] Normal [Start] HiveMQ Platform is starting [helmextensionlicensesit:test-hivemq-platform]
2025-01-30 18:33:13,687 INFO c.h.h.t.HelmChartContainer - [hivemq-test-hivemq-platform] [hivemq-platform-operator] [28830dc9] 18:33:13.686 [ReconcilerExecutor-hivemq-controller-54] INFO  c.h.p.o.h.AbstractHiveMQReconcilerStateHandler - [helmexte] Update HiveMQ Platform Status (CREATED [READY] -> STARTING [READY]): HiveMQ Platform is starting
2025-01-30 18:33:13,697 DEBUG com.hivemq.helmcharts.util.K8sUtil - Comparing actual state 'STARTING' and waiting for 'RUNNING'
2025-01-30 18:33:23,785 INFO c.h.h.t.HelmChartContainer - [hivemq-test-hivemq-platform] [hivemq-platform-operator] [28830dc9] 18:33:23.782 [pool-6-thread-12] DEBUG c.h.p.o.d.PlatformServiceResource - [helmexte] Desired Platform services (3 services)
2025-01-30 18:33:23,789 INFO c.h.h.t.HelmChartContainer - [hivemq-test-hivemq-platform] [hivemq-platform-operator] [28830dc9] 18:33:23.788 [pool-6-thread-17] DEBUG c.h.p.o.d.PodServiceAccountResource - [helmexte] Desired PodServiceAccountResource (serviceAccountName: hivemq-platform-pod-test-hivemq-platform)
2025-01-30 18:33:23,792 INFO c.h.h.t.HelmChartContainer - [hivemq-test-hivemq-platform] [hivemq-platform-operator] [28830dc9] 18:33:23.789 [pool-6-thread-13] DEBUG c.h.p.o.dependants.PodInfoConfigMap - [helmexte] Desired PodInfo ConfigMap (1 extensions) (1 enabled)
2025-01-30 18:33:23,792 INFO c.h.h.t.HelmChartContainer - [hivemq-test-hivemq-platform] [hivemq-platform-operator] [28830dc9] 18:33:23.789 [pool-6-thread-13] DEBUG c.h.p.o.dependants.PodInfoConfigMap - [helmexte] Desired PodInfo ConfigMap (metrics port: 9399) (metrics path: /)
2025-01-30 18:33:23,792 INFO c.h.h.t.HelmChartContainer - [hivemq-test-hivemq-platform] [hivemq-platform-operator] [28830dc9] 18:33:23.789 [pool-6-thread-13] DEBUG c.h.p.o.dependants.PodInfoConfigMap - [helmexte] Desired PodInfo ConfigMap (extension state hash: -634454925)
2025-01-30 18:33:23,796 INFO c.h.h.t.HelmChartContainer - [hivemq-test-hivemq-platform] [hivemq-platform-operator] [28830dc9] 18:33:23.795 [pool-6-thread-13] DEBUG c.h.p.o.dependants.PodInfoConfigMap - [helmexte] Update PodInfo ConfigMap
2025-01-30 18:33:23,878 INFO c.h.h.t.HelmChartContainer - [K3S] [alloc.go:330] "allocated clusterIPs" service="helmextensionlicensesit/hivemq-test-hivemq-platform-metrics-9399" clusterIPs={"IPv4":"10.43.161.218"}
2025-01-30 18:33:23,891 INFO c.h.h.t.HelmChartContainer - [K3S] [alloc.go:330] "allocated clusterIPs" service="helmextensionlicensesit/hivemq-test-hivemq-platform-cc-8080" clusterIPs={"IPv4":"10.43.15.220"}
2025-01-30 18:33:23,979 INFO c.h.h.t.HelmChartContainer - [K3S] [alloc.go:330] "allocated clusterIPs" service="helmextensionlicensesit/hivemq-test-hivemq-platform-mqtt-1883" clusterIPs={"IPv4":"10.43.128.42"}
2025-01-30 18:33:23,989 INFO c.h.h.t.HelmChartContainer - [hivemq-test-hivemq-platform] [hivemq-platform-operator] [28830dc9] 18:33:23.986 [pool-6-thread-20] DEBUG c.h.p.o.d.StatefulSetResource - [helmexte] Desired StatefulSet (1 replicas) for status STARTING (READY)
2025-01-30 18:33:24,083 INFO c.h.h.t.HelmChartContainer - [hivemq-test-hivemq-platform] [hivemq-platform-operator] [28830dc9] 18:33:24.082 [pool-6-thread-20] DEBUG c.h.p.o.d.StatefulSetResource - [helmexte] Create StatefulSet
2025-01-30 18:33:24,108 INFO c.h.h.t.HelmChartContainer - [POD] test-hivemq-platform-0 [0c793225-0eaa-42d7-acc8-af6d6cec0524] in helmextensionlicensesit was ADDED
2025-01-30 18:33:24,109 INFO c.h.h.t.HelmChartContainer - [EVENT] Normal [SuccessfulCreate] create Pod test-hivemq-platform-0 in StatefulSet test-hivemq-platform successful [helmextensionlicensesit:test-hivemq-platform]
2025-01-30 18:33:24,112 INFO c.h.h.t.HelmChartContainer - [POD] test-hivemq-platform-0 [0c793225-0eaa-42d7-acc8-af6d6cec0524] in helmextensionlicensesit was MODIFIED
2025-01-30 18:33:24,115 INFO c.h.h.t.HelmChartContainer - [EVENT] Normal [Scheduled] Successfully assigned helmextensionlicensesit/test-hivemq-platform-0 to 794c46978a70 [helmextensionlicensesit:test-hivemq-platform-0]
2025-01-30 18:33:24,124 INFO c.h.h.t.HelmChartContainer - [POD] test-hivemq-platform-0 [0c793225-0eaa-42d7-acc8-af6d6cec0524] in helmextensionlicensesit was MODIFIED
2025-01-30 18:33:24,183 INFO c.h.h.t.HelmChartContainer - [K3S] [reconciler_common.go:251] "operationExecutor.VerifyControllerAttachedVolume started for volume \"pod-info\" (UniqueName: \"kubernetes.io/configmap/0c793225-0eaa-42d7-acc8-af6d6cec0524-pod-info\") pod \"test-hivemq-platform-0\" (UID: \"0c793225-0eaa-42d7-acc8-af6d6cec0524\") " pod="helmextensionlicensesit/test-hivemq-platform-0"
2025-01-30 18:33:24,183 INFO c.h.h.t.HelmChartContainer - [K3S] [reconciler_common.go:251] "operationExecutor.VerifyControllerAttachedVolume started for volume \"operator-init\" (UniqueName: \"kubernetes.io/empty-dir/0c793225-0eaa-42d7-acc8-af6d6cec0524-operator-init\") pod \"test-hivemq-platform-0\" (UID: \"0c793225-0eaa-42d7-acc8-af6d6cec0524\") " pod="helmextensionlicensesit/test-hivemq-platform-0"
2025-01-30 18:33:24,183 INFO c.h.h.t.HelmChartContainer - [K3S] [reconciler_common.go:251] "operationExecutor.VerifyControllerAttachedVolume started for volume \"licenses\" (UniqueName: \"kubernetes.io/secret/0c793225-0eaa-42d7-acc8-af6d6cec0524-licenses\") pod \"test-hivemq-platform-0\" (UID: \"0c793225-0eaa-42d7-acc8-af6d6cec0524\") " pod="helmextensionlicensesit/test-hivemq-platform-0"
2025-01-30 18:33:24,183 INFO c.h.h.t.HelmChartContainer - [K3S] [reconciler_common.go:251] "operationExecutor.VerifyControllerAttachedVolume started for volume \"extension-configuration-hivemq-distributed-tracing-extension\" (UniqueName: \"kubernetes.io/configmap/0c793225-0eaa-42d7-acc8-af6d6cec0524-extension-configuration-hivemq-distributed-tracing-extension\") pod \"test-hivemq-platform-0\" (UID: \"0c793225-0eaa-42d7-acc8-af6d6cec0524\") " pod="helmextensionlicensesit/test-hivemq-platform-0"
2025-01-30 18:33:24,183 INFO c.h.h.t.HelmChartContainer - [K3S] [reconciler_common.go:251] "operationExecutor.VerifyControllerAttachedVolume started for volume \"kube-api-access-cchrm\" (UniqueName: \"kubernetes.io/projected/0c793225-0eaa-42d7-acc8-af6d6cec0524-kube-api-access-cchrm\") pod \"test-hivemq-platform-0\" (UID: \"0c793225-0eaa-42d7-acc8-af6d6cec0524\") " pod="helmextensionlicensesit/test-hivemq-platform-0"
2025-01-30 18:33:24,183 INFO c.h.h.t.HelmChartContainer - [K3S] [reconciler_common.go:251] "operationExecutor.VerifyControllerAttachedVolume started for volume \"broker-configuration\" (UniqueName: \"kubernetes.io/configmap/0c793225-0eaa-42d7-acc8-af6d6cec0524-broker-configuration\") pod \"test-hivemq-platform-0\" (UID: \"0c793225-0eaa-42d7-acc8-af6d6cec0524\") " pod="helmextensionlicensesit/test-hivemq-platform-0"
2025-01-30 18:33:24,184 INFO c.h.h.t.HelmChartContainer - [hivemq-test-hivemq-platform] [hivemq-platform-operator] [28830dc9] 18:33:24.183 [ReconcilerExecutor-hivemq-controller-65] INFO  c.h.p.o.HiveMQPlatformReconciler - [helmexte] Reconciling HiveMQ Platform 'test-hivemq-platform' in namespace 'helmextensionlicensesit'
2025-01-30 18:33:24,185 INFO c.h.h.t.HelmChartContainer - [hivemq-test-hivemq-platform] [hivemq-platform-operator] [28830dc9] 18:33:24.183 [ReconcilerExecutor-hivemq-controller-65] DEBUG c.h.p.o.HiveMQPlatformReconciler - [helmexte] Custom Resource Status STARTING - HiveMQ Platform is starting (READY)
2025-01-30 18:33:24,185 INFO c.h.h.t.HelmChartContainer - [hivemq-test-hivemq-platform] [hivemq-platform-operator] [28830dc9] 18:33:24.183 [ReconcilerExecutor-hivemq-controller-65] DEBUG c.h.p.o.HiveMQPlatformReconciler - [helmexte] Custom Resource Spec (replicas: 1) (extensions: 1)
2025-01-30 18:33:24,275 INFO c.h.h.t.HelmChartContainer - [hivemq-test-hivemq-platform] [hivemq-platform-operator] [28830dc9] 18:33:24.274 [ReconcilerExecutor-hivemq-controller-65] DEBUG c.h.p.o.HiveMQPlatformReconciler - [helmexte] StatefulSet Status (revision: test-hivemq-platform-784f65f8f4, replicas: 1, available: 0, ready: 0, current: 1, updated: 1)
2025-01-30 18:33:24,276 INFO c.h.h.t.HelmChartContainer - [hivemq-test-hivemq-platform] [hivemq-platform-operator] [28830dc9] 18:33:24.274 [ReconcilerExecutor-hivemq-controller-65] DEBUG c.h.p.o.HiveMQPlatformReconciler - [helmexte] StatefulSet Spec (replicas: 1, init containers: 1, containers: 1, volumes: 5)
2025-01-30 18:33:24,287 INFO c.h.h.t.HelmChartContainer - [hivemq-test-hivemq-platform] [hivemq-platform-operator] [28830dc9] 18:33:24.286 [ReconcilerExecutor-hivemq-controller-65] DEBUG c.h.p.o.h.HiveMQPlatformReconcilerErrorHandler - [helmexte] Pod 'test-hivemq-platform-0' phase Pending
2025-01-30 18:33:24,289 INFO c.h.h.t.HelmChartContainer - [hivemq-test-hivemq-platform] [hivemq-platform-operator] [28830dc9] 18:33:24.287 [ReconcilerExecutor-hivemq-controller-65] DEBUG c.h.p.o.h.HiveMQPlatformReconcilerErrorHandler - [helmexte] Pod 'test-hivemq-platform-0' condition 'PodReadyToStartContainers': False
2025-01-30 18:33:24,289 INFO c.h.h.t.HelmChartContainer - [hivemq-test-hivemq-platform] [hivemq-platform-operator] [28830dc9] 18:33:24.287 [ReconcilerExecutor-hivemq-controller-65] DEBUG c.h.p.o.h.HiveMQPlatformReconcilerErrorHandler - [helmexte] Pod 'test-hivemq-platform-0' condition 'Initialized': False
2025-01-30 18:33:24,290 INFO c.h.h.t.HelmChartContainer - [hivemq-test-hivemq-platform] [hivemq-platform-operator] [28830dc9] 18:33:24.287 [ReconcilerExecutor-hivemq-controller-65] DEBUG c.h.p.o.h.HiveMQPlatformReconcilerErrorHandler - [helmexte] Pod 'test-hivemq-platform-0' condition 'Ready': False
2025-01-30 18:33:24,290 INFO c.h.h.t.HelmChartContainer - [hivemq-test-hivemq-platform] [hivemq-platform-operator] [28830dc9] 18:33:24.287 [ReconcilerExecutor-hivemq-controller-65] DEBUG c.h.p.o.h.HiveMQPlatformReconcilerErrorHandler - [helmexte] Pod 'test-hivemq-platform-0' condition 'ContainersReady': False
2025-01-30 18:33:24,290 INFO c.h.h.t.HelmChartContainer - [hivemq-test-hivemq-platform] [hivemq-platform-operator] [28830dc9] 18:33:24.287 [ReconcilerExecutor-hivemq-controller-65] DEBUG c.h.p.o.h.HiveMQPlatformReconcilerErrorHandler - [helmexte] Pod 'test-hivemq-platform-0' condition 'PodScheduled': True
2025-01-30 18:33:24,290 INFO c.h.h.t.HelmChartContainer - [hivemq-test-hivemq-platform] [hivemq-platform-operator] [28830dc9] 18:33:24.288 [ReconcilerExecutor-hivemq-controller-65] DEBUG c.h.p.o.h.HiveMQPlatformReconcilerErrorHandler - [helmexte] Pod 'test-hivemq-platform-0' containerStatus 'hivemq' (started: false) (ready: false) (waiting: [PodInitializing] null)
2025-01-30 18:33:24,292 INFO c.h.h.t.HelmChartContainer - [hivemq-test-hivemq-platform] [hivemq-platform-operator] [28830dc9] 18:33:24.291 [ReconcilerExecutor-hivemq-controller-65] INFO  c.h.p.o.h.HiveMQPlatformReconcilerBaseHandler - [helmexte] HiveMQ Platform is starting, 0 of 1 replicas are ready
2025-01-30 18:33:24,379 INFO c.h.h.t.HelmChartContainer - [hivemq-test-hivemq-platform] [hivemq-platform-operator] [28830dc9] 18:33:24.376 [pool-6-thread-22] DEBUG c.h.p.o.d.PlatformServiceResource - [helmexte] Desired Platform services (3 services)
2025-01-30 18:33:24,381 INFO c.h.h.t.HelmChartContainer - [hivemq-test-hivemq-platform] [hivemq-platform-operator] [28830dc9] 18:33:24.380 [pool-6-thread-23] DEBUG c.h.p.o.dependants.PodInfoConfigMap - [helmexte] Desired PodInfo ConfigMap (1 extensions) (1 enabled)
2025-01-30 18:33:24,381 INFO c.h.h.t.HelmChartContainer - [hivemq-test-hivemq-platform] [hivemq-platform-operator] [28830dc9] 18:33:24.380 [pool-6-thread-23] DEBUG c.h.p.o.dependants.PodInfoConfigMap - [helmexte] Desired PodInfo ConfigMap (metrics port: 9399) (metrics path: /)
2025-01-30 18:33:24,381 INFO c.h.h.t.HelmChartContainer - [hivemq-test-hivemq-platform] [hivemq-platform-operator] [28830dc9] 18:33:24.380 [pool-6-thread-23] DEBUG c.h.p.o.dependants.PodInfoConfigMap - [helmexte] Desired PodInfo ConfigMap (extension state hash: -634454925)
2025-01-30 18:33:24,384 INFO c.h.h.t.HelmChartContainer - [hivemq-test-hivemq-platform] [hivemq-platform-operator] [28830dc9] 18:33:24.383 [pool-6-thread-27] DEBUG c.h.p.o.d.PodServiceAccountResource - [helmexte] Desired PodServiceAccountResource (serviceAccountName: hivemq-platform-pod-test-hivemq-platform)
2025-01-30 18:33:24,482 INFO c.h.h.t.HelmChartContainer - [hivemq-test-hivemq-platform] [hivemq-platform-operator] [28830dc9] 18:33:24.477 [pool-6-thread-29] DEBUG c.h.p.o.d.StatefulSetResource - [helmexte] Desired StatefulSet (1 replicas) for status STARTING (READY)
2025-01-30 18:33:24,485 INFO c.h.h.t.HelmChartContainer - [hivemq-test-hivemq-platform] [hivemq-platform-operator] [28830dc9] 18:33:24.484 [ReconcilerExecutor-hivemq-controller-76] INFO  c.h.p.o.HiveMQPlatformReconciler - [helmexte] Reconciling HiveMQ Platform 'test-hivemq-platform' in namespace 'helmextensionlicensesit'
2025-01-30 18:33:24,485 INFO c.h.h.t.HelmChartContainer - [hivemq-test-hivemq-platform] [hivemq-platform-operator] [28830dc9] 18:33:24.484 [ReconcilerExecutor-hivemq-controller-76] DEBUG c.h.p.o.HiveMQPlatformReconciler - [helmexte] Custom Resource Status STARTING - HiveMQ Platform is starting (READY)
2025-01-30 18:33:24,486 INFO c.h.h.t.HelmChartContainer - [hivemq-test-hivemq-platform] [hivemq-platform-operator] [28830dc9] 18:33:24.484 [ReconcilerExecutor-hivemq-controller-76] DEBUG c.h.p.o.HiveMQPlatformReconciler - [helmexte] Custom Resource Spec (replicas: 1) (extensions: 1)
2025-01-30 18:33:24,490 INFO c.h.h.t.HelmChartContainer - [hivemq-test-hivemq-platform] [hivemq-platform-operator] [28830dc9] 18:33:24.489 [ReconcilerExecutor-hivemq-controller-76] DEBUG c.h.p.o.HiveMQPlatformReconciler - [helmexte] StatefulSet Status (revision: test-hivemq-platform-784f65f8f4, replicas: 1, available: 0, ready: 0, current: 1, updated: 1)
2025-01-30 18:33:24,492 INFO c.h.h.t.HelmChartContainer - [hivemq-test-hivemq-platform] [hivemq-platform-operator] [28830dc9] 18:33:24.490 [ReconcilerExecutor-hivemq-controller-76] DEBUG c.h.p.o.HiveMQPlatformReconciler - [helmexte] StatefulSet Spec (replicas: 1, init containers: 1, containers: 1, volumes: 5)
2025-01-30 18:33:24,507 INFO c.h.h.t.HelmChartContainer - [EVENT] Normal [Pulled] Container image "docker.io/hivemq/hivemq-platform-operator-init-test:snapshot" already present on machine [helmextensionlicensesit:test-hivemq-platform-0]
2025-01-30 18:33:24,576 INFO c.h.h.t.HelmChartContainer - [hivemq-test-hivemq-platform] [hivemq-platform-operator] [28830dc9] 18:33:24.573 [ReconcilerExecutor-hivemq-controller-76] DEBUG c.h.p.o.h.HiveMQPlatformReconcilerErrorHandler - [helmexte] Pod 'test-hivemq-platform-0' phase Pending
2025-01-30 18:33:24,576 INFO c.h.h.t.HelmChartContainer - [hivemq-test-hivemq-platform] [hivemq-platform-operator] [28830dc9] 18:33:24.573 [ReconcilerExecutor-hivemq-controller-76] DEBUG c.h.p.o.h.HiveMQPlatformReconcilerErrorHandler - [helmexte] Pod 'test-hivemq-platform-0' condition 'PodReadyToStartContainers': False
2025-01-30 18:33:24,576 INFO c.h.h.t.HelmChartContainer - [hivemq-test-hivemq-platform] [hivemq-platform-operator] [28830dc9] 18:33:24.573 [ReconcilerExecutor-hivemq-controller-76] DEBUG c.h.p.o.h.HiveMQPlatformReconcilerErrorHandler - [helmexte] Pod 'test-hivemq-platform-0' condition 'Initialized': False
2025-01-30 18:33:24,576 INFO c.h.h.t.HelmChartContainer - [hivemq-test-hivemq-platform] [hivemq-platform-operator] [28830dc9] 18:33:24.573 [ReconcilerExecutor-hivemq-controller-76] DEBUG c.h.p.o.h.HiveMQPlatformReconcilerErrorHandler - [helmexte] Pod 'test-hivemq-platform-0' condition 'Ready': False
2025-01-30 18:33:24,576 INFO c.h.h.t.HelmChartContainer - [hivemq-test-hivemq-platform] [hivemq-platform-operator] [28830dc9] 18:33:24.573 [ReconcilerExecutor-hivemq-controller-76] DEBUG c.h.p.o.h.HiveMQPlatformReconcilerErrorHandler - [helmexte] Pod 'test-hivemq-platform-0' condition 'ContainersReady': False
2025-01-30 18:33:24,576 INFO c.h.h.t.HelmChartContainer - [hivemq-test-hivemq-platform] [hivemq-platform-operator] [28830dc9] 18:33:24.573 [ReconcilerExecutor-hivemq-controller-76] DEBUG c.h.p.o.h.HiveMQPlatformReconcilerErrorHandler - [helmexte] Pod 'test-hivemq-platform-0' condition 'PodScheduled': True
2025-01-30 18:33:24,576 INFO c.h.h.t.HelmChartContainer - [hivemq-test-hivemq-platform] [hivemq-platform-operator] [28830dc9] 18:33:24.573 [ReconcilerExecutor-hivemq-controller-76] DEBUG c.h.p.o.h.HiveMQPlatformReconcilerErrorHandler - [helmexte] Pod 'test-hivemq-platform-0' containerStatus 'hivemq' (started: false) (ready: false) (waiting: [PodInitializing] null)
2025-01-30 18:33:24,577 INFO c.h.h.t.HelmChartContainer - [hivemq-test-hivemq-platform] [hivemq-platform-operator] [28830dc9] 18:33:24.575 [ReconcilerExecutor-hivemq-controller-76] INFO  c.h.p.o.h.HiveMQPlatformReconcilerBaseHandler - [helmexte] HiveMQ Platform is starting, 0 of 1 replicas are ready
2025-01-30 18:33:24,623 INFO c.h.h.t.HelmChartContainer - [EVENT] Normal [Created] Created container: hivemq-platform-operator-init [helmextensionlicensesit:test-hivemq-platform-0]
2025-01-30 18:33:24,662 INFO c.h.h.t.HelmChartContainer - [EVENT] Normal [Started] Started container hivemq-platform-operator-init [helmextensionlicensesit:test-hivemq-platform-0]
2025-01-30 18:33:25,527 INFO c.h.h.t.HelmChartContainer - [POD] test-hivemq-platform-0 [0c793225-0eaa-42d7-acc8-af6d6cec0524] in helmextensionlicensesit was MODIFIED
2025-01-30 18:33:25,540 INFO c.h.h.t.HelmChartContainer - [hivemq-test-hivemq-platform] [hivemq-platform-operator] [28830dc9] 18:33:25.535 [pool-6-thread-32] DEBUG c.h.p.o.d.PlatformServiceResource - [helmexte] Desired Platform services (3 services)
2025-01-30 18:33:25,544 INFO c.h.h.t.HelmChartContainer - [hivemq-test-hivemq-platform] [hivemq-platform-operator] [28830dc9] 18:33:25.541 [pool-6-thread-33] DEBUG c.h.p.o.dependants.PodInfoConfigMap - [helmexte] Desired PodInfo ConfigMap (1 extensions) (1 enabled)
2025-01-30 18:33:25,544 INFO c.h.h.t.HelmChartContainer - [hivemq-test-hivemq-platform] [hivemq-platform-operator] [28830dc9] 18:33:25.542 [pool-6-thread-33] DEBUG c.h.p.o.dependants.PodInfoConfigMap - [helmexte] Desired PodInfo ConfigMap (metrics port: 9399) (metrics path: /)
2025-01-30 18:33:25,544 INFO c.h.h.t.HelmChartContainer - [hivemq-test-hivemq-platform] [hivemq-platform-operator] [28830dc9] 18:33:25.543 [pool-6-thread-33] DEBUG c.h.p.o.dependants.PodInfoConfigMap - [helmexte] Desired PodInfo ConfigMap (extension state hash: -634454925)
2025-01-30 18:33:25,546 INFO c.h.h.t.HelmChartContainer - [hivemq-test-hivemq-platform] [hivemq-platform-operator] [28830dc9] 18:33:25.545 [pool-6-thread-37] DEBUG c.h.p.o.d.PodServiceAccountResource - [helmexte] Desired PodServiceAccountResource (serviceAccountName: hivemq-platform-pod-test-hivemq-platform)
2025-01-30 18:33:25,581 INFO c.h.h.t.HelmChartContainer - [hivemq-test-hivemq-platform] [hivemq-platform-operator] [28830dc9] 18:33:25.578 [pool-6-thread-40] DEBUG c.h.p.o.d.StatefulSetResource - [helmexte] Desired StatefulSet (1 replicas) for status STARTING (READY)
2025-01-30 18:33:25,584 INFO c.h.h.t.HelmChartContainer - [hivemq-test-hivemq-platform] [hivemq-platform-operator] [28830dc9] 18:33:25.583 [ReconcilerExecutor-hivemq-controller-87] INFO  c.h.p.o.HiveMQPlatformReconciler - [helmexte] Reconciling HiveMQ Platform 'test-hivemq-platform' in namespace 'helmextensionlicensesit'
2025-01-30 18:33:25,584 INFO c.h.h.t.HelmChartContainer - [hivemq-test-hivemq-platform] [hivemq-platform-operator] [28830dc9] 18:33:25.583 [ReconcilerExecutor-hivemq-controller-87] DEBUG c.h.p.o.HiveMQPlatformReconciler - [helmexte] Custom Resource Status STARTING - HiveMQ Platform is starting (READY)
2025-01-30 18:33:25,584 INFO c.h.h.t.HelmChartContainer - [hivemq-test-hivemq-platform] [hivemq-platform-operator] [28830dc9] 18:33:25.583 [ReconcilerExecutor-hivemq-controller-87] DEBUG c.h.p.o.HiveMQPlatformReconciler - [helmexte] Custom Resource Spec (replicas: 1) (extensions: 1)
2025-01-30 18:33:25,587 INFO c.h.h.t.HelmChartContainer - [hivemq-test-hivemq-platform] [hivemq-platform-operator] [28830dc9] 18:33:25.586 [ReconcilerExecutor-hivemq-controller-87] DEBUG c.h.p.o.HiveMQPlatformReconciler - [helmexte] StatefulSet Status (revision: test-hivemq-platform-784f65f8f4, replicas: 1, available: 0, ready: 0, current: 1, updated: 1)
2025-01-30 18:33:25,587 INFO c.h.h.t.HelmChartContainer - [hivemq-test-hivemq-platform] [hivemq-platform-operator] [28830dc9] 18:33:25.587 [ReconcilerExecutor-hivemq-controller-87] DEBUG c.h.p.o.HiveMQPlatformReconciler - [helmexte] StatefulSet Spec (replicas: 1, init containers: 1, containers: 1, volumes: 5)
2025-01-30 18:33:25,649 INFO c.h.h.t.HelmChartContainer - [hivemq-test-hivemq-platform] [hivemq-platform-operator] [28830dc9] 18:33:25.648 [ReconcilerExecutor-hivemq-controller-87] DEBUG c.h.p.o.h.HiveMQPlatformReconcilerErrorHandler - [helmexte] Pod 'test-hivemq-platform-0' phase Pending
2025-01-30 18:33:25,650 INFO c.h.h.t.HelmChartContainer - [hivemq-test-hivemq-platform] [hivemq-platform-operator] [28830dc9] 18:33:25.649 [ReconcilerExecutor-hivemq-controller-87] DEBUG c.h.p.o.h.HiveMQPlatformReconcilerErrorHandler - [helmexte] Pod 'test-hivemq-platform-0' condition 'PodReadyToStartContainers': True
2025-01-30 18:33:25,651 INFO c.h.h.t.HelmChartContainer - [hivemq-test-hivemq-platform] [hivemq-platform-operator] [28830dc9] 18:33:25.649 [ReconcilerExecutor-hivemq-controller-87] DEBUG c.h.p.o.h.HiveMQPlatformReconcilerErrorHandler - [helmexte] Pod 'test-hivemq-platform-0' condition 'Initialized': False
2025-01-30 18:33:25,651 INFO c.h.h.t.HelmChartContainer - [hivemq-test-hivemq-platform] [hivemq-platform-operator] [28830dc9] 18:33:25.649 [ReconcilerExecutor-hivemq-controller-87] DEBUG c.h.p.o.h.HiveMQPlatformReconcilerErrorHandler - [helmexte] Pod 'test-hivemq-platform-0' condition 'Ready': False
2025-01-30 18:33:25,651 INFO c.h.h.t.HelmChartContainer - [hivemq-test-hivemq-platform] [hivemq-platform-operator] [28830dc9] 18:33:25.649 [ReconcilerExecutor-hivemq-controller-87] DEBUG c.h.p.o.h.HiveMQPlatformReconcilerErrorHandler - [helmexte] Pod 'test-hivemq-platform-0' condition 'ContainersReady': False
2025-01-30 18:33:25,651 INFO c.h.h.t.HelmChartContainer - [hivemq-test-hivemq-platform] [hivemq-platform-operator] [28830dc9] 18:33:25.649 [ReconcilerExecutor-hivemq-controller-87] DEBUG c.h.p.o.h.HiveMQPlatformReconcilerErrorHandler - [helmexte] Pod 'test-hivemq-platform-0' condition 'PodScheduled': True
2025-01-30 18:33:25,651 INFO c.h.h.t.HelmChartContainer - [hivemq-test-hivemq-platform] [hivemq-platform-operator] [28830dc9] 18:33:25.649 [ReconcilerExecutor-hivemq-controller-87] DEBUG c.h.p.o.h.HiveMQPlatformReconcilerErrorHandler - [helmexte] Pod 'test-hivemq-platform-0' containerStatus 'hivemq' (started: false) (ready: false) (waiting: [PodInitializing] null)
2025-01-30 18:33:25,652 INFO c.h.h.t.HelmChartContainer - [hivemq-test-hivemq-platform] [hivemq-platform-operator] [28830dc9] 18:33:25.650 [ReconcilerExecutor-hivemq-controller-87] INFO  c.h.p.o.h.HiveMQPlatformReconcilerBaseHandler - [helmexte] HiveMQ Platform is starting, 0 of 1 replicas are ready
2025-01-30 18:33:26,523 INFO c.h.h.t.HelmChartContainer - [EVENT] Normal [Pulled] Container image "docker.io/hivemq/hivemq4:4.36.0" already present on machine [helmextensionlicensesit:test-hivemq-platform-0]
2025-01-30 18:33:26,523 INFO c.h.h.t.HelmChartContainer - Received Pulled event for container hivemq in pod test-hivemq-platform-0 [0c793225-0eaa-42d7-acc8-af6d6cec0524]
2025-01-30 18:33:26,533 INFO c.h.h.t.HelmChartContainer - [POD] test-hivemq-platform-0 [0c793225-0eaa-42d7-acc8-af6d6cec0524] in helmextensionlicensesit was MODIFIED
2025-01-30 18:33:26,547 INFO c.h.h.t.HelmChartContainer - [hivemq-test-hivemq-platform] [hivemq-platform-operator] [28830dc9] 18:33:26.544 [pool-6-thread-42] DEBUG c.h.p.o.d.PlatformServiceResource - [helmexte] Desired Platform services (3 services)
2025-01-30 18:33:26,547 INFO c.h.h.t.HelmChartContainer - [hivemq-test-hivemq-platform] [hivemq-platform-operator] [28830dc9] 18:33:26.546 [pool-6-thread-43] DEBUG c.h.p.o.dependants.PodInfoConfigMap - [helmexte] Desired PodInfo ConfigMap (1 extensions) (1 enabled)
2025-01-30 18:33:26,548 INFO c.h.h.t.HelmChartContainer - [hivemq-test-hivemq-platform] [hivemq-platform-operator] [28830dc9] 18:33:26.546 [pool-6-thread-43] DEBUG c.h.p.o.dependants.PodInfoConfigMap - [helmexte] Desired PodInfo ConfigMap (metrics port: 9399) (metrics path: /)
2025-01-30 18:33:26,548 INFO c.h.h.t.HelmChartContainer - [hivemq-test-hivemq-platform] [hivemq-platform-operator] [28830dc9] 18:33:26.546 [pool-6-thread-43] DEBUG c.h.p.o.dependants.PodInfoConfigMap - [helmexte] Desired PodInfo ConfigMap (extension state hash: -634454925)
2025-01-30 18:33:26,554 INFO c.h.h.t.HelmChartContainer - [hivemq-test-hivemq-platform] [hivemq-platform-operator] [28830dc9] 18:33:26.551 [pool-6-thread-47] DEBUG c.h.p.o.d.PodServiceAccountResource - [helmexte] Desired PodServiceAccountResource (serviceAccountName: hivemq-platform-pod-test-hivemq-platform)
2025-01-30 18:33:26,579 INFO c.h.h.t.HelmChartContainer - [hivemq-test-hivemq-platform] [hivemq-platform-operator] [28830dc9] 18:33:26.578 [pool-6-thread-50] DEBUG c.h.p.o.d.StatefulSetResource - [helmexte] Desired StatefulSet (1 replicas) for status STARTING (READY)
2025-01-30 18:33:26,650 INFO c.h.h.t.HelmChartContainer - [hivemq-test-hivemq-platform] [hivemq-platform-operator] [28830dc9] 18:33:26.648 [ReconcilerExecutor-hivemq-controller-98] INFO  c.h.p.o.HiveMQPlatformReconciler - [helmexte] Reconciling HiveMQ Platform 'test-hivemq-platform' in namespace 'helmextensionlicensesit'
2025-01-30 18:33:26,652 INFO c.h.h.t.HelmChartContainer - [hivemq-test-hivemq-platform] [hivemq-platform-operator] [28830dc9] 18:33:26.649 [ReconcilerExecutor-hivemq-controller-98] DEBUG c.h.p.o.HiveMQPlatformReconciler - [helmexte] Custom Resource Status STARTING - HiveMQ Platform is starting (READY)
2025-01-30 18:33:26,652 INFO c.h.h.t.HelmChartContainer - [hivemq-test-hivemq-platform] [hivemq-platform-operator] [28830dc9] 18:33:26.649 [ReconcilerExecutor-hivemq-controller-98] DEBUG c.h.p.o.HiveMQPlatformReconciler - [helmexte] Custom Resource Spec (replicas: 1) (extensions: 1)
2025-01-30 18:33:26,654 INFO c.h.h.t.HelmChartContainer - [hivemq-test-hivemq-platform] [hivemq-platform-operator] [28830dc9] 18:33:26.653 [ReconcilerExecutor-hivemq-controller-98] DEBUG c.h.p.o.HiveMQPlatformReconciler - [helmexte] StatefulSet Status (revision: test-hivemq-platform-784f65f8f4, replicas: 1, available: 0, ready: 0, current: 1, updated: 1)
2025-01-30 18:33:26,654 INFO c.h.h.t.HelmChartContainer - [hivemq-test-hivemq-platform] [hivemq-platform-operator] [28830dc9] 18:33:26.654 [ReconcilerExecutor-hivemq-controller-98] DEBUG c.h.p.o.HiveMQPlatformReconciler - [helmexte] StatefulSet Spec (replicas: 1, init containers: 1, containers: 1, volumes: 5)
2025-01-30 18:33:26,681 INFO c.h.h.t.HelmChartContainer - [hivemq-test-hivemq-platform] [hivemq-platform-operator] [28830dc9] 18:33:26.677 [ReconcilerExecutor-hivemq-controller-98] DEBUG c.h.p.o.h.HiveMQPlatformReconcilerErrorHandler - [helmexte] Pod 'test-hivemq-platform-0' phase Pending
2025-01-30 18:33:26,681 INFO c.h.h.t.HelmChartContainer - [hivemq-test-hivemq-platform] [hivemq-platform-operator] [28830dc9] 18:33:26.678 [ReconcilerExecutor-hivemq-controller-98] DEBUG c.h.p.o.h.HiveMQPlatformReconcilerErrorHandler - [helmexte] Pod 'test-hivemq-platform-0' condition 'PodReadyToStartContainers': True
2025-01-30 18:33:26,681 INFO c.h.h.t.HelmChartContainer - [hivemq-test-hivemq-platform] [hivemq-platform-operator] [28830dc9] 18:33:26.678 [ReconcilerExecutor-hivemq-controller-98] DEBUG c.h.p.o.h.HiveMQPlatformReconcilerErrorHandler - [helmexte] Pod 'test-hivemq-platform-0' condition 'Initialized': True
2025-01-30 18:33:26,681 INFO c.h.h.t.HelmChartContainer - [hivemq-test-hivemq-platform] [hivemq-platform-operator] [28830dc9] 18:33:26.678 [ReconcilerExecutor-hivemq-controller-98] DEBUG c.h.p.o.h.HiveMQPlatformReconcilerErrorHandler - [helmexte] Pod 'test-hivemq-platform-0' condition 'Ready': False
2025-01-30 18:33:26,681 INFO c.h.h.t.HelmChartContainer - [hivemq-test-hivemq-platform] [hivemq-platform-operator] [28830dc9] 18:33:26.678 [ReconcilerExecutor-hivemq-controller-98] DEBUG c.h.p.o.h.HiveMQPlatformReconcilerErrorHandler - [helmexte] Pod 'test-hivemq-platform-0' condition 'ContainersReady': False
2025-01-30 18:33:26,681 INFO c.h.h.t.HelmChartContainer - [hivemq-test-hivemq-platform] [hivemq-platform-operator] [28830dc9] 18:33:26.678 [ReconcilerExecutor-hivemq-controller-98] DEBUG c.h.p.o.h.HiveMQPlatformReconcilerErrorHandler - [helmexte] Pod 'test-hivemq-platform-0' condition 'PodScheduled': True
2025-01-30 18:33:26,681 INFO c.h.h.t.HelmChartContainer - [hivemq-test-hivemq-platform] [hivemq-platform-operator] [28830dc9] 18:33:26.679 [ReconcilerExecutor-hivemq-controller-98] DEBUG c.h.p.o.h.HiveMQPlatformReconcilerErrorHandler - [helmexte] Pod 'test-hivemq-platform-0' containerStatus 'hivemq' (started: false) (ready: false) (waiting: [PodInitializing] null)
2025-01-30 18:33:26,683 INFO c.h.h.t.HelmChartContainer - [hivemq-test-hivemq-platform] [hivemq-platform-operator] [28830dc9] 18:33:26.682 [ReconcilerExecutor-hivemq-controller-98] INFO  c.h.p.o.h.HiveMQPlatformReconcilerBaseHandler - [helmexte] HiveMQ Platform is starting, 0 of 1 replicas are ready
2025-01-30 18:33:27,569 INFO c.h.h.t.HelmChartContainer - [EVENT] Normal [Created] Created container: hivemq [helmextensionlicensesit:test-hivemq-platform-0]
2025-01-30 18:33:27,569 INFO c.h.h.t.HelmChartContainer - Received Created event for container hivemq in pod test-hivemq-platform-0 [0c793225-0eaa-42d7-acc8-af6d6cec0524]
2025-01-30 18:33:28,534 INFO c.h.h.t.HelmChartContainer - [POD] test-hivemq-platform-0 [0c793225-0eaa-42d7-acc8-af6d6cec0524] in helmextensionlicensesit was MODIFIED
2025-01-30 18:33:28,547 INFO c.h.h.t.HelmChartContainer - [EVENT] Normal [Started] Started container hivemq [helmextensionlicensesit:test-hivemq-platform-0]
2025-01-30 18:33:28,547 INFO c.h.h.t.HelmChartContainer - Received Started event for container hivemq in pod test-hivemq-platform-0 [0c793225-0eaa-42d7-acc8-af6d6cec0524]
2025-01-30 18:33:28,547 INFO c.h.h.t.HelmChartContainer - Started log watcher for hivemq in pod test-hivemq-platform-0 [0c793225-0eaa-42d7-acc8-af6d6cec0524]
2025-01-30 18:33:28,552 INFO c.h.h.t.HelmChartContainer - [test-hivemq-platform] [hivemq] [0c793225] Adding pre-installed HiveMQ Platform Operator extensions
2025-01-30 18:33:28,552 INFO c.h.h.t.HelmChartContainer - [test-hivemq-platform] [hivemq] [0c793225] Running as user 10000
2025-01-30 18:33:28,552 INFO c.h.h.t.HelmChartContainer - [test-hivemq-platform] [hivemq] [0c793225] Starting HiveMQ Platform Operator Init
2025-01-30 18:33:28,553 INFO c.h.h.t.HelmChartContainer - [hivemq-test-hivemq-platform] [hivemq-platform-operator] [28830dc9] 18:33:28.542 [pool-6-thread-5] DEBUG c.h.p.o.d.PlatformServiceResource - [helmexte] Desired Platform services (3 services)
2025-01-30 18:33:28,553 INFO c.h.h.t.HelmChartContainer - [hivemq-test-hivemq-platform] [hivemq-platform-operator] [28830dc9] 18:33:28.546 [pool-6-thread-3] DEBUG c.h.p.o.dependants.PodInfoConfigMap - [helmexte] Desired PodInfo ConfigMap (1 extensions) (1 enabled)
2025-01-30 18:33:28,553 INFO c.h.h.t.HelmChartContainer - [hivemq-test-hivemq-platform] [hivemq-platform-operator] [28830dc9] 18:33:28.546 [pool-6-thread-3] DEBUG c.h.p.o.dependants.PodInfoConfigMap - [helmexte] Desired PodInfo ConfigMap (metrics port: 9399) (metrics path: /)
2025-01-30 18:33:28,553 INFO c.h.h.t.HelmChartContainer - [hivemq-test-hivemq-platform] [hivemq-platform-operator] [28830dc9] 18:33:28.546 [pool-6-thread-3] DEBUG c.h.p.o.dependants.PodInfoConfigMap - [helmexte] Desired PodInfo ConfigMap (extension state hash: -634454925)
2025-01-30 18:33:28,553 INFO c.h.h.t.HelmChartContainer - [hivemq-test-hivemq-platform] [hivemq-platform-operator] [28830dc9] 18:33:28.549 [pool-6-thread-2] DEBUG c.h.p.o.d.PodServiceAccountResource - [helmexte] Desired PodServiceAccountResource (serviceAccountName: hivemq-platform-pod-test-hivemq-platform)
2025-01-30 18:33:28,562 INFO c.h.h.t.HelmChartContainer - [hivemq-test-hivemq-platform] [hivemq-platform-operator] [28830dc9] 18:33:28.561 [pool-6-thread-7] DEBUG c.h.p.o.d.StatefulSetResource - [helmexte] Desired StatefulSet (1 replicas) for status STARTING (READY)
2025-01-30 18:33:28,578 INFO c.h.h.t.HelmChartContainer - [hivemq-test-hivemq-platform] [hivemq-platform-operator] [28830dc9] 18:33:28.576 [ReconcilerExecutor-hivemq-controller-109] INFO  c.h.p.o.HiveMQPlatformReconciler - [helmexte] Reconciling HiveMQ Platform 'test-hivemq-platform' in namespace 'helmextensionlicensesit'
2025-01-30 18:33:28,578 INFO c.h.h.t.HelmChartContainer - [hivemq-test-hivemq-platform] [hivemq-platform-operator] [28830dc9] 18:33:28.576 [ReconcilerExecutor-hivemq-controller-109] DEBUG c.h.p.o.HiveMQPlatformReconciler - [helmexte] Custom Resource Status STARTING - HiveMQ Platform is starting (READY)
2025-01-30 18:33:28,578 INFO c.h.h.t.HelmChartContainer - [hivemq-test-hivemq-platform] [hivemq-platform-operator] [28830dc9] 18:33:28.576 [ReconcilerExecutor-hivemq-controller-109] DEBUG c.h.p.o.HiveMQPlatformReconciler - [helmexte] Custom Resource Spec (replicas: 1) (extensions: 1)
2025-01-30 18:33:28,581 INFO c.h.h.t.HelmChartContainer - [hivemq-test-hivemq-platform] [hivemq-platform-operator] [28830dc9] 18:33:28.580 [ReconcilerExecutor-hivemq-controller-109] DEBUG c.h.p.o.HiveMQPlatformReconciler - [helmexte] StatefulSet Status (revision: test-hivemq-platform-784f65f8f4, replicas: 1, available: 0, ready: 0, current: 1, updated: 1)
2025-01-30 18:33:28,581 INFO c.h.h.t.HelmChartContainer - [hivemq-test-hivemq-platform] [hivemq-platform-operator] [28830dc9] 18:33:28.580 [ReconcilerExecutor-hivemq-controller-109] DEBUG c.h.p.o.HiveMQPlatformReconciler - [helmexte] StatefulSet Spec (replicas: 1, init containers: 1, containers: 1, volumes: 5)
2025-01-30 18:33:28,584 INFO c.h.h.t.HelmChartContainer - [hivemq-test-hivemq-platform] [hivemq-platform-operator] [28830dc9] 18:33:28.581 [ReconcilerExecutor-hivemq-controller-109] DEBUG c.h.p.o.h.HiveMQPlatformReconcilerErrorHandler - [helmexte] Pod 'test-hivemq-platform-0' phase Running
2025-01-30 18:33:28,584 INFO c.h.h.t.HelmChartContainer - [hivemq-test-hivemq-platform] [hivemq-platform-operator] [28830dc9] 18:33:28.582 [ReconcilerExecutor-hivemq-controller-109] INFO  c.h.p.o.h.HiveMQPlatformReconcilerBaseHandler - [helmexte] HiveMQ Platform is starting, 0 of 1 replicas are ready
2025-01-30 18:33:28,822 INFO c.h.h.t.HelmChartContainer - [test-hivemq-platform] [hivemq] [0c793225] INFO  - [HiveMQ Platform Operator Init 1.7.0-SNAPSHOT] HiveMQ Platform Operator Init 1.7.0-SNAPSHOT (commit: 47e3375 on branch: HEAD) built on Thu Jan 30 03:55:50 UTC 2025
2025-01-30 18:33:30,016 INFO c.h.h.t.HelmChartContainer - [test-hivemq-platform] [hivemq] [0c793225] INFO  - [HiveMQ Platform Operator Init App 1.7.0-SNAPSHOT] Using bind address 10.42.0.12 from environment variable
2025-01-30 18:33:30,825 INFO c.h.h.t.HelmChartContainer - [test-hivemq-platform] [hivemq] [0c793225] INFO  - [HiveMQ Platform Operator Init App 1.7.0-SNAPSHOT] HiveMQ Platform Operator Init App 1.7.0-SNAPSHOT (commit: 47e3375 on branch: HEAD) built on Thu Jan 30 03:55:50 UTC 2025
2025-01-30 18:33:30,826 INFO c.h.h.t.HelmChartContainer - [test-hivemq-platform] [hivemq] [0c793225] INFO  - [HiveMQ Platform Operator Init App 1.7.0-SNAPSHOT] PodInfo ConfigMap directory: /etc/podinfo
2025-01-30 18:33:30,826 INFO c.h.h.t.HelmChartContainer - [test-hivemq-platform] [hivemq] [0c793225] INFO  - [HiveMQ Platform Operator Init App 1.7.0-SNAPSHOT] HiveMQ home directory: /opt/hivemq
2025-01-30 18:33:30,826 INFO c.h.h.t.HelmChartContainer - [test-hivemq-platform] [hivemq] [0c793225] INFO  - [HiveMQ Platform Operator Init App 1.7.0-SNAPSHOT] HiveMQ Logback folder: /opt/hivemq/conf
2025-01-30 18:33:30,826 INFO c.h.h.t.HelmChartContainer - [test-hivemq-platform] [hivemq] [0c793225] INFO  - [HiveMQ Platform Operator Init App 1.7.0-SNAPSHOT] HiveMQ Config folder: /opt/hivemq/conf-k8s
2025-01-30 18:33:30,826 INFO c.h.h.t.HelmChartContainer - [test-hivemq-platform] [hivemq] [0c793225] INFO  - [HiveMQ Platform Operator Init App 1.7.0-SNAPSHOT] Starting HiveMQ Platform Operator Init App
2025-01-30 18:33:30,826 INFO c.h.h.t.HelmChartContainer - [test-hivemq-platform] [hivemq] [0c793225] INFO  - [HiveMQ Platform Operator Init App 1.7.0-SNAPSHOT] Starting Pod reconciler
2025-01-30 18:33:31,570 INFO c.h.h.t.HelmChartContainer - [EVENT] Warning [Unhealthy] Readiness probe failed: Get "http://10.42.0.12:7979/readiness": context deadline exceeded (Client.Timeout exceeded while awaiting headers) [helmextensionlicensesit:test-hivemq-platform-0]
2025-01-30 18:33:31,570 INFO c.h.h.t.HelmChartContainer - Received Unhealthy event for container hivemq in pod test-hivemq-platform-0 [0c793225-0eaa-42d7-acc8-af6d6cec0524]
2025-01-30 18:33:32,016 INFO c.h.h.t.HelmChartContainer - [test-hivemq-platform] [hivemq] [0c793225] INFO  - [HiveMQ Platform Operator Init App 1.7.0-SNAPSHOT] Pod reconciler is scheduled (interval: 5000 ms)
2025-01-30 18:33:32,017 INFO c.h.h.t.HelmChartContainer - [test-hivemq-platform] [hivemq] [0c793225] INFO  - [HiveMQ Platform Operator Init App 1.7.0-SNAPSHOT] Starting the REST API on 10.42.0.12:7979
2025-01-30 18:33:32,020 INFO c.h.h.t.HelmChartContainer - [test-hivemq-platform] [hivemq] [0c793225] INFO  - [HiveMQ Platform Operator Init App 1.7.0-SNAPSHOT] Waiting up to 600s for at most 1 HiveMQ nodes in cluster service hivemq-test-hivemq-platform-cluster.helmextensionlicensesit.svc
2025-01-30 18:33:32,026 INFO c.h.h.t.HelmChartContainer - [test-hivemq-platform] [hivemq] [0c793225] INFO  - [HiveMQ Platform Operator Init App 1.7.0-SNAPSHOT] Returning default Health API response 503 for readiness
2025-01-30 18:33:32,623 INFO c.h.h.t.HelmChartContainer - [test-hivemq-platform] [hivemq] [0c793225] INFO  - [HiveMQ Platform Operator Init App 1.7.0-SNAPSHOT] Resolved 1 IP addresses: [10.42.0.12]
2025-01-30 18:33:32,623 INFO c.h.h.t.HelmChartContainer - [test-hivemq-platform] [hivemq] [0c793225] INFO  - [HiveMQ Platform Operator Init App 1.7.0-SNAPSHOT] HiveMQ node count of 1 is within threshold of 1
2025-01-30 18:33:32,623 INFO c.h.h.t.HelmChartContainer - [test-hivemq-platform] [hivemq] [0c793225] INFO  - [HiveMQ Platform Operator Init App 1.7.0-SNAPSHOT] Proceeding with container start
2025-01-30 18:33:32,651 INFO c.h.h.t.HelmChartContainer - [test-hivemq-platform] [hivemq] [0c793225] INFO  - [HiveMQ Platform Operator Init App 1.7.0-SNAPSHOT] Initializing HiveMQ Platform extensions with initial configuration: {hivemq-distributed-tracing-extension={start-priority=-1, skip-https-hostname-verification=false, restart=false, config-version=1291, header-version=0, c-uri=, priority=-1, uri=preinstalled, skip-https-certificate-validation=false, enabled=true}, hivemq-prometheus-extension={restart=true, priority=-1, start-priority=-1, c-uri=, skip-https-hostname-verification=false, skip-https-certificate-validation=false, uri=preinstalled, request-header-path=no-request-headers, enabled=true}}
2025-01-30 18:33:33,115 INFO c.h.h.t.HelmChartContainer - [test-hivemq-platform] [hivemq] [0c793225] INFO  - [HiveMQ Platform Operator Init App 1.7.0-SNAPSHOT] Successfully enabled extension hivemq-distributed-tracing-extension
2025-01-30 18:33:33,149 INFO c.h.h.t.HelmChartContainer - [test-hivemq-platform] [hivemq] [0c793225] INFO  - [HiveMQ Platform Operator Init App 1.7.0-SNAPSHOT] Successfully enabled extension hivemq-prometheus-extension
2025-01-30 18:33:33,150 INFO c.h.h.t.HelmChartContainer - [test-hivemq-platform] [hivemq] [0c793225] INFO  - [HiveMQ Platform Operator Init App 1.7.0-SNAPSHOT] Starting HiveMQ Platform version 4.36.0 (4.36.0)
2025-01-30 18:33:33,150 INFO c.h.h.t.HelmChartContainer - [test-hivemq-platform] [hivemq] [0c793225] INFO  - [HiveMQ Platform Operator Init App 1.7.0-SNAPSHOT] Configuring the HiveMQ Platform
2025-01-30 18:33:33,220 INFO c.h.h.t.HelmChartContainer - [test-hivemq-platform] [hivemq] [0c793225] INFO  - [HiveMQ Platform Operator Init App 1.7.0-SNAPSHOT] Changed logback.xml file scan period to 20 seconds
2025-01-30 18:33:33,314 INFO c.h.h.t.HelmChartContainer - [test-hivemq-platform] [hivemq] [0c793225] INFO  - [HiveMQ Platform Operator Init App 1.7.0-SNAPSHOT] Starting the HiveMQ Platform
2025-01-30 18:33:33,317 INFO c.h.h.t.HelmChartContainer - [test-hivemq-platform] [hivemq] [0c793225] -------------------------------------------------------------------------
2025-01-30 18:33:33,317 INFO c.h.h.t.HelmChartContainer - [test-hivemq-platform] [hivemq] [0c793225] 
2025-01-30 18:33:33,317 INFO c.h.h.t.HelmChartContainer - [test-hivemq-platform] [hivemq] [0c793225]                   _    _  _              __  __   ____
2025-01-30 18:33:33,317 INFO c.h.h.t.HelmChartContainer - [test-hivemq-platform] [hivemq] [0c793225]                  | |  | |(_)            |  \/  | / __ \
2025-01-30 18:33:33,317 INFO c.h.h.t.HelmChartContainer - [test-hivemq-platform] [hivemq] [0c793225]                  | |__| | _ __   __ ___ | \  / || |  | |
2025-01-30 18:33:33,317 INFO c.h.h.t.HelmChartContainer - [test-hivemq-platform] [hivemq] [0c793225]                  |  __  || |\ \ / // _ \| |\/| || |  | |
2025-01-30 18:33:33,317 INFO c.h.h.t.HelmChartContainer - [test-hivemq-platform] [hivemq] [0c793225]                  | |  | || | \ V /|  __/| |  | || |__| |
2025-01-30 18:33:33,319 INFO c.h.h.t.HelmChartContainer - [test-hivemq-platform] [hivemq] [0c793225]                  |_|  |_||_|  \_/  \___||_|  |_| \___\_\
2025-01-30 18:33:33,319 INFO c.h.h.t.HelmChartContainer - [test-hivemq-platform] [hivemq] [0c793225] 
2025-01-30 18:33:33,319 INFO c.h.h.t.HelmChartContainer - [test-hivemq-platform] [hivemq] [0c793225] -------------------------------------------------------------------------
2025-01-30 18:33:33,319 INFO c.h.h.t.HelmChartContainer - [test-hivemq-platform] [hivemq] [0c793225] 
2025-01-30 18:33:33,319 INFO c.h.h.t.HelmChartContainer - [test-hivemq-platform] [hivemq] [0c793225]   HiveMQ Start Script for Linux/Unix v1.14
2025-01-30 18:33:33,319 INFO c.h.h.t.HelmChartContainer - [test-hivemq-platform] [hivemq] [0c793225] 
2025-01-30 18:33:33,416 INFO c.h.h.t.HelmChartContainer - [test-hivemq-platform] [hivemq] [0c793225] -------------------------------------------------------------------------
2025-01-30 18:33:33,416 INFO c.h.h.t.HelmChartContainer - [test-hivemq-platform] [hivemq] [0c793225] 
2025-01-30 18:33:33,416 INFO c.h.h.t.HelmChartContainer - [test-hivemq-platform] [hivemq] [0c793225]   HIVEMQ_HOME: /opt/hivemq
2025-01-30 18:33:33,416 INFO c.h.h.t.HelmChartContainer - [test-hivemq-platform] [hivemq] [0c793225] 
2025-01-30 18:33:33,416 INFO c.h.h.t.HelmChartContainer - [test-hivemq-platform] [hivemq] [0c793225]   JAVA_OPTS: -XX:+UnlockExperimentalVMOptions -XX:InitialRAMPercentage=50 -XX:MaxRAMPercentage=50 -Djava.net.preferIPv4Stack=true --add-opens java.base/java.lang=ALL-UNNAMED --add-opens java.base/java.nio=ALL-UNNAMED --add-opens java.base/sun.nio.ch=ALL-UNNAMED --add-opens jdk.management/com.sun.management.internal=ALL-UNNAMED --add-exports java.base/jdk.internal.misc=ALL-UNNAMED -Djava.security.egd=file:/dev/./urandom -Dcom.sun.management.jmxremote -Dcom.sun.management.jmxremote.port=9010 -Dcom.sun.management.jmxremote.local.only=false -Dcom.sun.management.jmxremote.authenticate=false -Dcom.sun.management.jmxremote.ssl=false -Duser.language=en -Duser.region=US -XX:+CrashOnOutOfMemoryError -XX:+HeapDumpOnOutOfMemoryError
2025-01-30 18:33:33,416 INFO c.h.h.t.HelmChartContainer - [test-hivemq-platform] [hivemq] [0c793225] 
2025-01-30 18:33:33,416 INFO c.h.h.t.HelmChartContainer - [test-hivemq-platform] [hivemq] [0c793225]   JAVA_VERSION: 21
2025-01-30 18:33:33,416 INFO c.h.h.t.HelmChartContainer - [test-hivemq-platform] [hivemq] [0c793225] 
2025-01-30 18:33:33,416 INFO c.h.h.t.HelmChartContainer - [test-hivemq-platform] [hivemq] [0c793225] -------------------------------------------------------------------------
2025-01-30 18:33:33,416 INFO c.h.h.t.HelmChartContainer - [test-hivemq-platform] [hivemq] [0c793225] 
2025-01-30 18:33:35,554 INFO c.h.h.t.HelmChartContainer - [EVENT] Warning [Unhealthy] Readiness probe failed: HTTP probe failed with statuscode: 503 [helmextensionlicensesit:test-hivemq-platform-0]
2025-01-30 18:33:35,554 INFO c.h.h.t.HelmChartContainer - Received Unhealthy event for container hivemq in pod test-hivemq-platform-0 [0c793225-0eaa-42d7-acc8-af6d6cec0524]
2025-01-30 18:33:35,725 INFO c.h.h.t.HelmChartContainer - [test-hivemq-platform] [hivemq] [0c793225] INFO  - Starting HiveMQ Enterprise Server
2025-01-30 18:33:35,754 INFO c.h.h.t.HelmChartContainer - [test-hivemq-platform] [hivemq] [0c793225] INFO  - HiveMQ version: 4.36.0
2025-01-30 18:33:35,754 INFO c.h.h.t.HelmChartContainer - [test-hivemq-platform] [hivemq] [0c793225] INFO  - HiveMQ home directory: /opt/hivemq
2025-01-30 18:33:35,809 INFO c.h.h.t.HelmChartContainer - [test-hivemq-platform] [hivemq] [0c793225] INFO  - Log Configuration was overridden by /opt/hivemq/conf/logback.xml
2025-01-30 18:33:37,021 INFO c.h.h.t.HelmChartContainer - [test-hivemq-platform] [hivemq] [0c793225] INFO  - Successfully loaded configuration from '/opt/hivemq/conf-k8s/config.xml'.
2025-01-30 18:33:37,718 INFO c.h.h.t.HelmChartContainer - [test-hivemq-platform] [hivemq] [0c793225] INFO  - This node's ID is B0wzD
2025-01-30 18:33:37,719 INFO c.h.h.t.HelmChartContainer - [test-hivemq-platform] [hivemq] [0c793225] INFO  - Clustering is enabled
2025-01-30 18:33:38,652 INFO c.h.h.t.HelmChartContainer - [hivemq-test-hivemq-platform] [hivemq-platform-operator] [28830dc9] 18:33:38.650 [pool-6-thread-14] DEBUG c.h.p.o.d.PlatformServiceResource - [helmexte] Desired Platform services (3 services)
2025-01-30 18:33:38,653 INFO c.h.h.t.HelmChartContainer - [hivemq-test-hivemq-platform] [hivemq-platform-operator] [28830dc9] 18:33:38.652 [pool-6-thread-19] DEBUG c.h.p.o.d.PodServiceAccountResource - [helmexte] Desired PodServiceAccountResource (serviceAccountName: hivemq-platform-pod-test-hivemq-platform)
2025-01-30 18:33:38,654 INFO c.h.h.t.HelmChartContainer - [hivemq-test-hivemq-platform] [hivemq-platform-operator] [28830dc9] 18:33:38.651 [pool-6-thread-11] DEBUG c.h.p.o.dependants.PodInfoConfigMap - [helmexte] Desired PodInfo ConfigMap (1 extensions) (1 enabled)
2025-01-30 18:33:38,655 INFO c.h.h.t.HelmChartContainer - [hivemq-test-hivemq-platform] [hivemq-platform-operator] [28830dc9] 18:33:38.653 [pool-6-thread-11] DEBUG c.h.p.o.dependants.PodInfoConfigMap - [helmexte] Desired PodInfo ConfigMap (metrics port: 9399) (metrics path: /)
2025-01-30 18:33:38,655 INFO c.h.h.t.HelmChartContainer - [hivemq-test-hivemq-platform] [hivemq-platform-operator] [28830dc9] 18:33:38.654 [pool-6-thread-11] DEBUG c.h.p.o.dependants.PodInfoConfigMap - [helmexte] Desired PodInfo ConfigMap (extension state hash: -634454925)
2025-01-30 18:33:38,660 INFO c.h.h.t.HelmChartContainer - [hivemq-test-hivemq-platform] [hivemq-platform-operator] [28830dc9] 18:33:38.659 [pool-6-thread-14] DEBUG c.h.p.o.d.StatefulSetResource - [helmexte] Desired StatefulSet (1 replicas) for status STARTING (READY)
2025-01-30 18:33:38,665 INFO c.h.h.t.HelmChartContainer - [hivemq-test-hivemq-platform] [hivemq-platform-operator] [28830dc9] 18:33:38.664 [ReconcilerExecutor-hivemq-controller-110] INFO  c.h.p.o.HiveMQPlatformReconciler - [helmexte] Reconciling HiveMQ Platform 'test-hivemq-platform' in namespace 'helmextensionlicensesit'
2025-01-30 18:33:38,666 INFO c.h.h.t.HelmChartContainer - [hivemq-test-hivemq-platform] [hivemq-platform-operator] [28830dc9] 18:33:38.664 [ReconcilerExecutor-hivemq-controller-110] DEBUG c.h.p.o.HiveMQPlatformReconciler - [helmexte] Custom Resource Status STARTING - HiveMQ Platform is starting (READY)
2025-01-30 18:33:38,667 INFO c.h.h.t.HelmChartContainer - [hivemq-test-hivemq-platform] [hivemq-platform-operator] [28830dc9] 18:33:38.664 [ReconcilerExecutor-hivemq-controller-110] DEBUG c.h.p.o.HiveMQPlatformReconciler - [helmexte] Custom Resource Spec (replicas: 1) (extensions: 1)
2025-01-30 18:33:38,667 INFO c.h.h.t.HelmChartContainer - [hivemq-test-hivemq-platform] [hivemq-platform-operator] [28830dc9] 18:33:38.666 [ReconcilerExecutor-hivemq-controller-110] DEBUG c.h.p.o.HiveMQPlatformReconciler - [helmexte] StatefulSet Status (revision: test-hivemq-platform-784f65f8f4, replicas: 1, available: 0, ready: 0, current: 1, updated: 1)
2025-01-30 18:33:38,667 INFO c.h.h.t.HelmChartContainer - [hivemq-test-hivemq-platform] [hivemq-platform-operator] [28830dc9] 18:33:38.666 [ReconcilerExecutor-hivemq-controller-110] DEBUG c.h.p.o.HiveMQPlatformReconciler - [helmexte] StatefulSet Spec (replicas: 1, init containers: 1, containers: 1, volumes: 5)
2025-01-30 18:33:38,747 INFO c.h.h.t.HelmChartContainer - [hivemq-test-hivemq-platform] [hivemq-platform-operator] [28830dc9] 18:33:38.745 [ReconcilerExecutor-hivemq-controller-110] DEBUG c.h.p.o.h.HiveMQPlatformReconcilerErrorHandler - [helmexte] Pod 'test-hivemq-platform-0' phase Running
2025-01-30 18:33:38,749 INFO c.h.h.t.HelmChartContainer - [hivemq-test-hivemq-platform] [hivemq-platform-operator] [28830dc9] 18:33:38.747 [ReconcilerExecutor-hivemq-controller-110] INFO  c.h.p.o.h.HiveMQPlatformReconcilerBaseHandler - [helmexte] HiveMQ Platform is starting, 0 of 1 replicas are ready
2025-01-30 18:33:41,220 INFO c.h.h.t.HelmChartContainer - [test-hivemq-platform] [hivemq] [0c793225] WARN  - [HiveMQ Platform Operator Init App 1.7.0-SNAPSHOT] Cannot connect to Health API for readiness: null
2025-01-30 18:33:41,222 INFO c.h.h.t.HelmChartContainer - [EVENT] Warning [Unhealthy] Readiness probe failed: HTTP probe failed with statuscode: 503 [helmextensionlicensesit:test-hivemq-platform-0]
2025-01-30 18:33:41,222 INFO c.h.h.t.HelmChartContainer - Received Unhealthy event for container hivemq in pod test-hivemq-platform-0 [0c793225-0eaa-42d7-acc8-af6d6cec0524]
2025-01-30 18:33:42,252 INFO c.h.h.t.HelmChartContainer - [test-hivemq-platform] [hivemq] [0c793225] Jan 30, 2025 6:33:42 PM io.vertx.core.impl.BlockedThreadChecker
2025-01-30 18:33:42,252 INFO c.h.h.t.HelmChartContainer - [test-hivemq-platform] [hivemq] [0c793225] WARNING: Thread Thread[vert.x-eventloop-thread-1,5,main] has been blocked for 2428 ms, time limit is 2000 ms
2025-01-30 18:33:43,055 INFO c.h.h.t.HelmChartContainer - [test-hivemq-platform] [hivemq] [0c793225] INFO  - [HiveMQ Platform Operator Init App 1.7.0-SNAPSHOT] Updating Pod HiveMQ Platform Operator Init App version annotation (version: 1.7.0-SNAPSHOT)
2025-01-30 18:33:43,828 INFO c.h.h.t.HelmChartContainer - [POD] test-hivemq-platform-0 [0c793225-0eaa-42d7-acc8-af6d6cec0524] in helmextensionlicensesit was MODIFIED
2025-01-30 18:33:43,834 INFO c.h.h.t.HelmChartContainer - [hivemq-test-hivemq-platform] [hivemq-platform-operator] [28830dc9] 18:33:43.832 [pool-6-thread-22] DEBUG c.h.p.o.d.PlatformServiceResource - [helmexte] Desired Platform services (3 services)
2025-01-30 18:33:43,835 INFO c.h.h.t.HelmChartContainer - [hivemq-test-hivemq-platform] [hivemq-platform-operator] [28830dc9] 18:33:43.833 [pool-6-thread-26] DEBUG c.h.p.o.d.PodServiceAccountResource - [helmexte] Desired PodServiceAccountResource (serviceAccountName: hivemq-platform-pod-test-hivemq-platform)
2025-01-30 18:33:43,837 INFO c.h.h.t.HelmChartContainer - [hivemq-test-hivemq-platform] [hivemq-platform-operator] [28830dc9] 18:33:43.835 [pool-6-thread-21] DEBUG c.h.p.o.dependants.PodInfoConfigMap - [helmexte] Desired PodInfo ConfigMap (1 extensions) (1 enabled)
2025-01-30 18:33:43,838 INFO c.h.h.t.HelmChartContainer - [hivemq-test-hivemq-platform] [hivemq-platform-operator] [28830dc9] 18:33:43.836 [pool-6-thread-21] DEBUG c.h.p.o.dependants.PodInfoConfigMap - [helmexte] Desired PodInfo ConfigMap (metrics port: 9399) (metrics path: /)
2025-01-30 18:33:43,838 INFO c.h.h.t.HelmChartContainer - [hivemq-test-hivemq-platform] [hivemq-platform-operator] [28830dc9] 18:33:43.836 [pool-6-thread-21] DEBUG c.h.p.o.dependants.PodInfoConfigMap - [helmexte] Desired PodInfo ConfigMap (extension state hash: -634454925)
2025-01-30 18:33:43,842 INFO c.h.h.t.HelmChartContainer - [hivemq-test-hivemq-platform] [hivemq-platform-operator] [28830dc9] 18:33:43.841 [pool-6-thread-22] DEBUG c.h.p.o.d.StatefulSetResource - [helmexte] Desired StatefulSet (1 replicas) for status STARTING (READY)
2025-01-30 18:33:43,911 INFO c.h.h.t.HelmChartContainer - [EVENT] Warning [Unhealthy] Readiness probe failed: HTTP probe failed with statuscode: 503 [helmextensionlicensesit:test-hivemq-platform-0]
2025-01-30 18:33:43,912 INFO c.h.h.t.HelmChartContainer - [test-hivemq-platform] [hivemq] [0c793225] WARN  - [HiveMQ Platform Operator Init App 1.7.0-SNAPSHOT] Cannot connect to Health API for readiness: null
2025-01-30 18:33:43,912 INFO c.h.h.t.HelmChartContainer - [hivemq-test-hivemq-platform] [hivemq-platform-operator] [28830dc9] 18:33:43.874 [ReconcilerExecutor-hivemq-controller-111] INFO  c.h.p.o.HiveMQPlatformReconciler - [helmexte] Reconciling HiveMQ Platform 'test-hivemq-platform' in namespace 'helmextensionlicensesit'
2025-01-30 18:33:43,912 INFO c.h.h.t.HelmChartContainer - [hivemq-test-hivemq-platform] [hivemq-platform-operator] [28830dc9] 18:33:43.874 [ReconcilerExecutor-hivemq-controller-111] DEBUG c.h.p.o.HiveMQPlatformReconciler - [helmexte] Custom Resource Status STARTING - HiveMQ Platform is starting (READY)
2025-01-30 18:33:43,912 INFO c.h.h.t.HelmChartContainer - [hivemq-test-hivemq-platform] [hivemq-platform-operator] [28830dc9] 18:33:43.874 [ReconcilerExecutor-hivemq-controller-111] DEBUG c.h.p.o.HiveMQPlatformReconciler - [helmexte] Custom Resource Spec (replicas: 1) (extensions: 1)
2025-01-30 18:33:43,912 INFO c.h.h.t.HelmChartContainer - [hivemq-test-hivemq-platform] [hivemq-platform-operator] [28830dc9] 18:33:43.876 [ReconcilerExecutor-hivemq-controller-111] DEBUG c.h.p.o.HiveMQPlatformReconciler - [helmexte] StatefulSet Status (revision: test-hivemq-platform-784f65f8f4, replicas: 1, available: 0, ready: 0, current: 1, updated: 1)
2025-01-30 18:33:43,912 INFO c.h.h.t.HelmChartContainer - [hivemq-test-hivemq-platform] [hivemq-platform-operator] [28830dc9] 18:33:43.876 [ReconcilerExecutor-hivemq-controller-111] DEBUG c.h.p.o.HiveMQPlatformReconciler - [helmexte] StatefulSet Spec (replicas: 1, init containers: 1, containers: 1, volumes: 5)
2025-01-30 18:33:43,912 INFO c.h.h.t.HelmChartContainer - [hivemq-test-hivemq-platform] [hivemq-platform-operator] [28830dc9] 18:33:43.878 [ReconcilerExecutor-hivemq-controller-111] DEBUG c.h.p.o.h.HiveMQPlatformReconcilerErrorHandler - [helmexte] Pod 'test-hivemq-platform-0' phase Running
2025-01-30 18:33:43,912 INFO c.h.h.t.HelmChartContainer - [hivemq-test-hivemq-platform] [hivemq-platform-operator] [28830dc9] 18:33:43.878 [ReconcilerExecutor-hivemq-controller-111] INFO  c.h.p.o.h.HiveMQPlatformReconcilerBaseHandler - [helmexte] HiveMQ Platform is starting, 0 of 1 replicas are ready
2025-01-30 18:33:43,912 INFO c.h.h.t.HelmChartContainer - Received Unhealthy event for container hivemq in pod test-hivemq-platform-0 [0c793225-0eaa-42d7-acc8-af6d6cec0524]
2025-01-30 18:33:43,920 INFO c.h.h.t.HelmChartContainer - [test-hivemq-platform] [hivemq] [0c793225] INFO  - [HiveMQ Platform Operator Init App 1.7.0-SNAPSHOT] Successfully updated Pod HiveMQ Platform Operator Init App version annotation (version: 1.7.0-SNAPSHOT)
2025-01-30 18:33:48,852 INFO c.h.h.t.HelmChartContainer - [test-hivemq-platform] [hivemq] [0c793225] WARN  - [HiveMQ Platform Operator Init App 1.7.0-SNAPSHOT] Cannot connect to Health API for readiness: null
2025-01-30 18:33:48,857 INFO c.h.h.t.HelmChartContainer - [EVENT] Warning [Unhealthy] Readiness probe failed: HTTP probe failed with statuscode: 503 [helmextensionlicensesit:test-hivemq-platform-0]
2025-01-30 18:33:48,857 INFO c.h.h.t.HelmChartContainer - Received Unhealthy event for container hivemq in pod test-hivemq-platform-0 [0c793225-0eaa-42d7-acc8-af6d6cec0524]
2025-01-30 18:33:53,852 INFO c.h.h.t.HelmChartContainer - [test-hivemq-platform] [hivemq] [0c793225] WARN  - [HiveMQ Platform Operator Init App 1.7.0-SNAPSHOT] Cannot connect to Health API for readiness: null
2025-01-30 18:33:53,858 INFO c.h.h.t.HelmChartContainer - [EVENT] Warning [Unhealthy] Readiness probe failed: HTTP probe failed with statuscode: 503 [helmextensionlicensesit:test-hivemq-platform-0]
2025-01-30 18:33:53,858 INFO c.h.h.t.HelmChartContainer - Received Unhealthy event for container hivemq in pod test-hivemq-platform-0 [0c793225-0eaa-42d7-acc8-af6d6cec0524]
2025-01-30 18:33:53,884 INFO c.h.h.t.HelmChartContainer - [hivemq-test-hivemq-platform] [hivemq-platform-operator] [28830dc9] 18:33:53.883 [pool-6-thread-36] DEBUG c.h.p.o.d.PlatformServiceResource - [helmexte] Desired Platform services (3 services)
2025-01-30 18:33:53,885 INFO c.h.h.t.HelmChartContainer - [hivemq-test-hivemq-platform] [hivemq-platform-operator] [28830dc9] 18:33:53.883 [pool-6-thread-34] DEBUG c.h.p.o.dependants.PodInfoConfigMap - [helmexte] Desired PodInfo ConfigMap (1 extensions) (1 enabled)
2025-01-30 18:33:53,885 INFO c.h.h.t.HelmChartContainer - [hivemq-test-hivemq-platform] [hivemq-platform-operator] [28830dc9] 18:33:53.884 [pool-6-thread-34] DEBUG c.h.p.o.dependants.PodInfoConfigMap - [helmexte] Desired PodInfo ConfigMap (metrics port: 9399) (metrics path: /)
2025-01-30 18:33:53,885 INFO c.h.h.t.HelmChartContainer - [hivemq-test-hivemq-platform] [hivemq-platform-operator] [28830dc9] 18:33:53.884 [pool-6-thread-34] DEBUG c.h.p.o.dependants.PodInfoConfigMap - [helmexte] Desired PodInfo ConfigMap (extension state hash: -634454925)
2025-01-30 18:33:53,888 INFO c.h.h.t.HelmChartContainer - [hivemq-test-hivemq-platform] [hivemq-platform-operator] [28830dc9] 18:33:53.884 [pool-6-thread-37] DEBUG c.h.p.o.d.PodServiceAccountResource - [helmexte] Desired PodServiceAccountResource (serviceAccountName: hivemq-platform-pod-test-hivemq-platform)
2025-01-30 18:33:53,889 INFO c.h.h.t.HelmChartContainer - [hivemq-test-hivemq-platform] [hivemq-platform-operator] [28830dc9] 18:33:53.889 [pool-6-thread-36] DEBUG c.h.p.o.d.StatefulSetResource - [helmexte] Desired StatefulSet (1 replicas) for status STARTING (READY)
2025-01-30 18:33:53,895 INFO c.h.h.t.HelmChartContainer - [hivemq-test-hivemq-platform] [hivemq-platform-operator] [28830dc9] 18:33:53.894 [ReconcilerExecutor-hivemq-controller-112] INFO  c.h.p.o.HiveMQPlatformReconciler - [helmexte] Reconciling HiveMQ Platform 'test-hivemq-platform' in namespace 'helmextensionlicensesit'
2025-01-30 18:33:53,897 INFO c.h.h.t.HelmChartContainer - [hivemq-test-hivemq-platform] [hivemq-platform-operator] [28830dc9] 18:33:53.895 [ReconcilerExecutor-hivemq-controller-112] DEBUG c.h.p.o.HiveMQPlatformReconciler - [helmexte] Custom Resource Status STARTING - HiveMQ Platform is starting (READY)
2025-01-30 18:33:53,898 INFO c.h.h.t.HelmChartContainer - [hivemq-test-hivemq-platform] [hivemq-platform-operator] [28830dc9] 18:33:53.895 [ReconcilerExecutor-hivemq-controller-112] DEBUG c.h.p.o.HiveMQPlatformReconciler - [helmexte] Custom Resource Spec (replicas: 1) (extensions: 1)
2025-01-30 18:33:53,899 INFO c.h.h.t.HelmChartContainer - [hivemq-test-hivemq-platform] [hivemq-platform-operator] [28830dc9] 18:33:53.897 [ReconcilerExecutor-hivemq-controller-112] DEBUG c.h.p.o.HiveMQPlatformReconciler - [helmexte] StatefulSet Status (revision: test-hivemq-platform-784f65f8f4, replicas: 1, available: 0, ready: 0, current: 1, updated: 1)
2025-01-30 18:33:53,899 INFO c.h.h.t.HelmChartContainer - [hivemq-test-hivemq-platform] [hivemq-platform-operator] [28830dc9] 18:33:53.897 [ReconcilerExecutor-hivemq-controller-112] DEBUG c.h.p.o.HiveMQPlatformReconciler - [helmexte] StatefulSet Spec (replicas: 1, init containers: 1, containers: 1, volumes: 5)
2025-01-30 18:33:53,974 INFO c.h.h.t.HelmChartContainer - [hivemq-test-hivemq-platform] [hivemq-platform-operator] [28830dc9] 18:33:53.972 [ReconcilerExecutor-hivemq-controller-112] DEBUG c.h.p.o.h.HiveMQPlatformReconcilerErrorHandler - [helmexte] Pod 'test-hivemq-platform-0' phase Running
2025-01-30 18:33:53,975 INFO c.h.h.t.HelmChartContainer - [hivemq-test-hivemq-platform] [hivemq-platform-operator] [28830dc9] 18:33:53.974 [ReconcilerExecutor-hivemq-controller-112] INFO  c.h.p.o.h.HiveMQPlatformReconcilerBaseHandler - [helmexte] HiveMQ Platform is starting, 0 of 1 replicas are ready
2025-01-30 18:33:54,452 INFO c.h.h.t.HelmChartContainer - [test-hivemq-platform] [hivemq] [0c793225] WARN  - [HiveMQ Platform Operator Init App 1.7.0-SNAPSHOT] Cannot connect to Health API for liveness: null
2025-01-30 18:33:54,454 INFO c.h.h.t.HelmChartContainer - [test-hivemq-platform] [hivemq] [0c793225] INFO  - [HiveMQ Platform Operator Init App 1.7.0-SNAPSHOT] Returning default Health API response 200 for liveness
2025-01-30 18:33:55,314 INFO c.h.h.t.HelmChartContainer - [test-hivemq-platform] [hivemq] [0c793225] INFO  - No valid license file found. Using trial license, restricted to 25 connections.
2025-01-30 18:33:58,176 INFO c.h.h.t.HelmChartContainer - [K3S] [range_allocator.go:247] "Successfully synced" key="794c46978a70"
2025-01-30 18:33:58,762 INFO c.h.h.t.HelmChartContainer - [test-hivemq-platform] [hivemq] [0c793225] INFO  - No valid license file for Data Hub found. Using free license, restricted to 1 policy.
2025-01-30 18:33:58,853 INFO c.h.h.t.HelmChartContainer - [test-hivemq-platform] [hivemq] [0c793225] WARN  - [HiveMQ Platform Operator Init App 1.7.0-SNAPSHOT] Cannot connect to Health API for readiness: null
2025-01-30 18:33:58,858 INFO c.h.h.t.HelmChartContainer - [EVENT] Warning [Unhealthy] Readiness probe failed: HTTP probe failed with statuscode: 503 [helmextensionlicensesit:test-hivemq-platform-0]
2025-01-30 18:33:58,858 INFO c.h.h.t.HelmChartContainer - Received Unhealthy event for container hivemq in pod test-hivemq-platform-0 [0c793225-0eaa-42d7-acc8-af6d6cec0524]
2025-01-30 18:34:00,054 INFO c.h.h.t.HelmChartContainer - [test-hivemq-platform] [hivemq] [0c793225] INFO  - Audit Logger started.
2025-01-30 18:34:00,272 INFO c.h.h.t.HelmChartContainer - [test-hivemq-platform] [hivemq] [0c793225] INFO  - This node uses '1' CPU cores.
2025-01-30 18:34:00,312 INFO c.h.h.t.HelmChartContainer - [test-hivemq-platform] [hivemq] [0c793225] INFO  - Starting HiveMQ Health API on address 0.0.0.0 and port 8889
2025-01-30 18:34:01,019 INFO c.h.h.t.HelmChartContainer - [test-hivemq-platform] [hivemq] [0c793225] INFO  - Started HiveMQ Health API in 707ms
2025-01-30 18:34:01,655 INFO c.h.h.t.HelmChartContainer - [test-hivemq-platform] [hivemq] [0c793225] INFO  - Starting HiveMQ extension system.
2025-01-30 18:34:03,652 INFO c.h.h.t.HelmChartContainer - [test-hivemq-platform] [hivemq] [0c793225] WARN  - License file tracing.elic is corrupt.
2025-01-30 18:34:03,652 INFO c.h.h.testcontainer.LogWaiterUtil - TEST Found log pattern on 'test-hivemq-platform-0': .*License file tracing.elic is corrupt.
2025-01-30 18:34:03,653 INFO c.h.h.t.HelmChartContainer - [test-hivemq-platform] [hivemq] [0c793225] INFO  - No license found for enterprise extension with name "HiveMQ Enterprise Distributed Tracing Extension". Entering extension trial mode. "HiveMQ Enterprise Distributed Tracing Extension" will be disabled in 5 hours.
2025-01-30 18:34:03,762 INFO c.h.h.t.HelmChartContainer - [test-hivemq-platform] [hivemq] [0c793225] INFO  - Starting extension with id "hivemq-dns-cluster-discovery" at /opt/hivemq/extensions/hivemq-dns-cluster-discovery
2025-01-30 18:34:03,981 INFO c.h.h.t.HelmChartContainer - [hivemq-test-hivemq-platform] [hivemq-platform-operator] [28830dc9] 18:34:03.978 [pool-6-thread-46] DEBUG c.h.p.o.d.PlatformServiceResource - [helmexte] Desired Platform services (3 services)
2025-01-30 18:34:03,981 INFO c.h.h.t.HelmChartContainer - [hivemq-test-hivemq-platform] [hivemq-platform-operator] [28830dc9] 18:34:03.979 [pool-6-thread-43] DEBUG c.h.p.o.dependants.PodInfoConfigMap - [helmexte] Desired PodInfo ConfigMap (1 extensions) (1 enabled)
2025-01-30 18:34:03,982 INFO c.h.h.t.HelmChartContainer - [hivemq-test-hivemq-platform] [hivemq-platform-operator] [28830dc9] 18:34:03.979 [pool-6-thread-43] DEBUG c.h.p.o.dependants.PodInfoConfigMap - [helmexte] Desired PodInfo ConfigMap (metrics port: 9399) (metrics path: /)
2025-01-30 18:34:03,982 INFO c.h.h.t.HelmChartContainer - [hivemq-test-hivemq-platform] [hivemq-platform-operator] [28830dc9] 18:34:03.979 [pool-6-thread-43] DEBUG c.h.p.o.dependants.PodInfoConfigMap - [helmexte] Desired PodInfo ConfigMap (extension state hash: -634454925)
2025-01-30 18:34:03,982 INFO c.h.h.t.HelmChartContainer - [hivemq-test-hivemq-platform] [hivemq-platform-operator] [28830dc9] 18:34:03.980 [pool-6-thread-43] DEBUG c.h.p.o.d.PodServiceAccountResource - [helmexte] Desired PodServiceAccountResource (serviceAccountName: hivemq-platform-pod-test-hivemq-platform)
2025-01-30 18:34:03,987 INFO c.h.h.t.HelmChartContainer - [hivemq-test-hivemq-platform] [hivemq-platform-operator] [28830dc9] 18:34:03.983 [pool-6-thread-47] DEBUG c.h.p.o.d.StatefulSetResource - [helmexte] Desired StatefulSet (1 replicas) for status STARTING (READY)
2025-01-30 18:34:03,994 INFO c.h.h.t.HelmChartContainer - [hivemq-test-hivemq-platform] [hivemq-platform-operator] [28830dc9] 18:34:03.993 [ReconcilerExecutor-hivemq-controller-113] INFO  c.h.p.o.HiveMQPlatformReconciler - [helmexte] Reconciling HiveMQ Platform 'test-hivemq-platform' in namespace 'helmextensionlicensesit'
2025-01-30 18:34:03,994 INFO c.h.h.t.HelmChartContainer - [hivemq-test-hivemq-platform] [hivemq-platform-operator] [28830dc9] 18:34:03.993 [ReconcilerExecutor-hivemq-controller-113] DEBUG c.h.p.o.HiveMQPlatformReconciler - [helmexte] Custom Resource Status STARTING - HiveMQ Platform is starting (READY)
2025-01-30 18:34:03,994 INFO c.h.h.t.HelmChartContainer - [hivemq-test-hivemq-platform] [hivemq-platform-operator] [28830dc9] 18:34:03.993 [ReconcilerExecutor-hivemq-controller-113] DEBUG c.h.p.o.HiveMQPlatformReconciler - [helmexte] Custom Resource Spec (replicas: 1) (extensions: 1)
2025-01-30 18:34:03,997 INFO c.h.h.t.HelmChartContainer - [hivemq-test-hivemq-platform] [hivemq-platform-operator] [28830dc9] 18:34:03.996 [ReconcilerExecutor-hivemq-controller-113] DEBUG c.h.p.o.HiveMQPlatformReconciler - [helmexte] StatefulSet Status (revision: test-hivemq-platform-784f65f8f4, replicas: 1, available: 0, ready: 0, current: 1, updated: 1)
2025-01-30 18:34:03,997 INFO c.h.h.t.HelmChartContainer - [hivemq-test-hivemq-platform] [hivemq-platform-operator] [28830dc9] 18:34:03.996 [ReconcilerExecutor-hivemq-controller-113] DEBUG c.h.p.o.HiveMQPlatformReconciler - [helmexte] StatefulSet Spec (replicas: 1, init containers: 1, containers: 1, volumes: 5)
2025-01-30 18:34:03,998 INFO c.h.h.t.HelmChartContainer - [hivemq-test-hivemq-platform] [hivemq-platform-operator] [28830dc9] 18:34:03.997 [ReconcilerExecutor-hivemq-controller-113] DEBUG c.h.p.o.h.HiveMQPlatformReconcilerErrorHandler - [helmexte] Pod 'test-hivemq-platform-0' phase Running
2025-01-30 18:34:04,074 INFO c.h.h.t.HelmChartContainer - [hivemq-test-hivemq-platform] [hivemq-platform-operator] [28830dc9] 18:34:04.073 [ReconcilerExecutor-hivemq-controller-113] INFO  c.h.p.o.h.HiveMQPlatformReconcilerBaseHandler - [helmexte] HiveMQ Platform is starting, 0 of 1 replicas are ready
2025-01-30 18:34:04,554 INFO c.h.h.t.HelmChartContainer - [test-hivemq-platform] [hivemq] [0c793225] INFO  - Using TCP cluster transport on address 10.42.0.12 and port 7000
2025-01-30 18:34:04,559 INFO c.h.h.t.HelmChartContainer - [test-hivemq-platform] [hivemq] [0c793225] INFO  - Using extension cluster discovery
2025-01-30 18:34:04,650 INFO c.h.h.t.HelmChartContainer - [test-hivemq-platform] [hivemq] [0c793225] INFO  - Extension "DNS Cluster Discovery Extension" version 4.3.2 started successfully.
2025-01-30 18:34:04,650 INFO c.h.h.t.HelmChartContainer - [test-hivemq-platform] [hivemq] [0c793225] INFO  - Starting extension with id "hivemq-distributed-tracing-extension" at /opt/hivemq/extensions/hivemq-distributed-tracing-extension
2025-01-30 18:34:04,874 INFO c.h.h.t.HelmChartContainer - [EVENT] Warning [Unhealthy] Readiness probe failed: Get "http://10.42.0.12:7979/readiness": context deadline exceeded (Client.Timeout exceeded while awaiting headers) [helmextensionlicensesit:test-hivemq-platform-0]
2025-01-30 18:34:04,875 INFO c.h.h.t.HelmChartContainer - Received Unhealthy event for container hivemq in pod test-hivemq-platform-0 [0c793225-0eaa-42d7-acc8-af6d6cec0524]
2025-01-30 18:34:05,350 INFO c.h.h.t.HelmChartContainer - [test-hivemq-platform] [hivemq] [0c793225] INFO  - [HiveMQ Platform Operator Init App 1.7.0-SNAPSHOT] Returning Health API response 503 for readiness
2025-01-30 18:34:07,371 INFO c.h.h.t.HelmChartContainer - [test-hivemq-platform] [hivemq] [0c793225] INFO  - HiveMQ Enterprise Distributed Tracing Extension: Successfully loaded configuration from '/opt/hivemq/extensions/hivemq-distributed-tracing-extension/conf/config.xml'.
2025-01-30 18:34:07,450 INFO c.h.h.t.HelmChartContainer - [test-hivemq-platform] [hivemq] [0c793225] INFO  - HiveMQ Enterprise Distributed Tracing Extension: Configured OTLP gRPC exporter 'my-otlp-grpc-exporter'.
2025-01-30 18:34:07,471 INFO c.h.h.t.HelmChartContainer - [test-hivemq-platform] [hivemq] [0c793225] INFO  - HiveMQ Enterprise Distributed Tracing Extension: Configured W3C trace propagation.
2025-01-30 18:34:07,473 INFO c.h.h.t.HelmChartContainer - [test-hivemq-platform] [hivemq] [0c793225] INFO  - Extension "HiveMQ Enterprise Distributed Tracing Extension" version 4.36.0 started successfully.
2025-01-30 18:34:07,474 INFO c.h.h.testcontainer.LogWaiterUtil - TEST Found log pattern on 'test-hivemq-platform-0': .*Extension "HiveMQ Enterprise Distributed Tracing Extension" version .* started successfully.
2025-01-30 18:34:07,474 INFO c.h.h.t.HelmChartContainer - [test-hivemq-platform] [hivemq] [0c793225] INFO  - Starting extension with id "hivemq-prometheus-extension" at /opt/hivemq/extensions/hivemq-prometheus-extension
2025-01-30 18:34:07,957 INFO c.h.h.t.HelmChartContainer - [test-hivemq-platform] [hivemq] [0c793225] INFO  - Started Jetty Server exposing Prometheus Servlet on URI http://0.0.0.0:9399/
2025-01-30 18:34:07,957 INFO c.h.h.t.HelmChartContainer - [test-hivemq-platform] [hivemq] [0c793225] INFO  - Extension "Prometheus Monitoring Extension" version 4.0.12 started successfully.
2025-01-30 18:34:07,957 INFO c.h.h.t.HelmChartContainer - [test-hivemq-platform] [hivemq] [0c793225] INFO  - Starting extension with id "hivemq-allow-all-extension" at /opt/hivemq/extensions/hivemq-allow-all-extension
2025-01-30 18:34:07,958 INFO c.h.h.t.HelmChartContainer - [test-hivemq-platform] [hivemq] [0c793225] WARN  - 
2025-01-30 18:34:07,959 INFO c.h.h.t.HelmChartContainer - [test-hivemq-platform] [hivemq] [0c793225] ################################################################################################################
2025-01-30 18:34:07,959 INFO c.h.h.t.HelmChartContainer - [test-hivemq-platform] [hivemq] [0c793225] # This HiveMQ deployment is not secure! You are lacking Authentication and Authorization.                      #
2025-01-30 18:34:07,959 INFO c.h.h.t.HelmChartContainer - [test-hivemq-platform] [hivemq] [0c793225] # Right now any MQTT client can connect to the broker with a full set of permissions.                          #
2025-01-30 18:34:07,959 INFO c.h.h.t.HelmChartContainer - [test-hivemq-platform] [hivemq] [0c793225] # For production usage, add an appropriate security extension and remove the hivemq-allow-all extension.       #
2025-01-30 18:34:07,959 INFO c.h.h.t.HelmChartContainer - [test-hivemq-platform] [hivemq] [0c793225] # You can download security extensions from the HiveMQ Marketplace (https://www.hivemq.com/extensions/).       #
2025-01-30 18:34:07,959 INFO c.h.h.t.HelmChartContainer - [test-hivemq-platform] [hivemq] [0c793225] ################################################################################################################
2025-01-30 18:34:07,959 INFO c.h.h.t.HelmChartContainer - [test-hivemq-platform] [hivemq] [0c793225] INFO  - Extension "Allow All Extension" version 1.1.1 started successfully.
2025-01-30 18:34:08,255 INFO c.h.h.t.HelmChartContainer - [test-hivemq-platform] [hivemq] [0c793225] INFO  - B0wzD: no members discovered after 2997 ms: creating cluster as first member
2025-01-30 18:34:08,263 INFO c.h.h.t.HelmChartContainer - [test-hivemq-platform] [hivemq] [0c793225] INFO  - Cluster nodes found by discovery: [B0wzD|0] (1) [B0wzD].
2025-01-30 18:34:08,410 INFO c.h.h.t.HelmChartContainer - [test-hivemq-platform] [hivemq] [0c793225] INFO  - Updated rules for sampling and tracing propagation.
2025-01-30 18:34:08,410 INFO c.h.h.t.HelmChartContainer - [test-hivemq-platform] [hivemq] [0c793225] INFO  - HiveMQ: Successfully loaded configuration from '/opt/hivemq/conf-k8s/tracing.xml'.
2025-01-30 18:34:08,411 INFO c.h.h.t.HelmChartContainer - [test-hivemq-platform] [hivemq] [0c793225] WARN  - No user for HiveMQ Control Center configured. Starting with default user
2025-01-30 18:34:08,411 INFO c.h.h.t.HelmChartContainer - [test-hivemq-platform] [hivemq] [0c793225] INFO  - Starting HiveMQ Control Center on address 0.0.0.0 and port 8080
2025-01-30 18:34:08,418 INFO c.h.h.t.HelmChartContainer - [test-hivemq-platform] [hivemq] [0c793225] INFO  - Mounting HiveMQ Control Center V2 Preview
2025-01-30 18:34:08,859 INFO c.h.h.t.HelmChartContainer - [EVENT] Warning [Unhealthy] Readiness probe failed: HTTP probe failed with statuscode: 503 [helmextensionlicensesit:test-hivemq-platform-0]
2025-01-30 18:34:08,859 INFO c.h.h.t.HelmChartContainer - Received Unhealthy event for container hivemq in pod test-hivemq-platform-0 [0c793225-0eaa-42d7-acc8-af6d6cec0524]
2025-01-30 18:34:09,069 INFO c.h.h.t.HelmChartContainer - [test-hivemq-platform] [hivemq] [0c793225] INFO  - Started HiveMQ Control Center in 657ms
2025-01-30 18:34:09,165 INFO c.h.h.t.HelmChartContainer - [test-hivemq-platform] [hivemq] [0c793225] INFO  - Starting TCP listener on address 0.0.0.0 and port 1883
2025-01-30 18:34:09,258 INFO c.h.h.t.HelmChartContainer - [test-hivemq-platform] [hivemq] [0c793225] INFO  - Started TCP Listener on address 0.0.0.0 and on port 1883.
2025-01-30 18:34:09,258 INFO c.h.h.t.HelmChartContainer - [test-hivemq-platform] [hivemq] [0c793225] INFO  - Started HiveMQ in 33844ms
2025-01-30 18:34:13,834 INFO c.h.h.t.HelmChartContainer - [test-hivemq-platform] [hivemq] [0c793225] INFO  - [HiveMQ Platform Operator Init App 1.7.0-SNAPSHOT] Returning Health API response 200 for readiness
2025-01-30 18:34:13,848 INFO c.h.h.t.HelmChartContainer - [POD] test-hivemq-platform-0 [0c793225-0eaa-42d7-acc8-af6d6cec0524] in helmextensionlicensesit was MODIFIED
2025-01-30 18:34:13,859 INFO c.h.h.t.HelmChartContainer - [hivemq-test-hivemq-platform] [hivemq-platform-operator] [28830dc9] 18:34:13.852 [pool-6-thread-9] DEBUG c.h.p.o.d.PlatformServiceResource - [helmexte] Desired Platform services (3 services)
2025-01-30 18:34:13,862 INFO c.h.h.t.HelmChartContainer - [hivemq-test-hivemq-platform] [hivemq-platform-operator] [28830dc9] 18:34:13.856 [pool-6-thread-2] DEBUG c.h.p.o.dependants.PodInfoConfigMap - [helmexte] Desired PodInfo ConfigMap (1 extensions) (1 enabled)
2025-01-30 18:34:13,862 INFO c.h.h.t.HelmChartContainer - [hivemq-test-hivemq-platform] [hivemq-platform-operator] [28830dc9] 18:34:13.858 [pool-6-thread-2] DEBUG c.h.p.o.dependants.PodInfoConfigMap - [helmexte] Desired PodInfo ConfigMap (metrics port: 9399) (metrics path: /)
2025-01-30 18:34:13,862 INFO c.h.h.t.HelmChartContainer - [hivemq-test-hivemq-platform] [hivemq-platform-operator] [28830dc9] 18:34:13.859 [pool-6-thread-2] DEBUG c.h.p.o.dependants.PodInfoConfigMap - [helmexte] Desired PodInfo ConfigMap (extension state hash: -634454925)
2025-01-30 18:34:13,869 INFO c.h.h.t.HelmChartContainer - [hivemq-test-hivemq-platform] [hivemq-platform-operator] [28830dc9] 18:34:13.861 [pool-6-thread-4] DEBUG c.h.p.o.d.PodServiceAccountResource - [helmexte] Desired PodServiceAccountResource (serviceAccountName: hivemq-platform-pod-test-hivemq-platform)
2025-01-30 18:34:13,870 INFO c.h.h.t.HelmChartContainer - [hivemq-test-hivemq-platform] [hivemq-platform-operator] [28830dc9] 18:34:13.866 [pool-6-thread-3] DEBUG c.h.p.o.d.StatefulSetResource - [helmexte] Desired StatefulSet (1 replicas) for status STARTING (READY)
2025-01-30 18:34:13,947 INFO c.h.h.t.HelmChartContainer - [hivemq-test-hivemq-platform] [hivemq-platform-operator] [28830dc9] 18:34:13.945 [ReconcilerExecutor-hivemq-controller-114] INFO  c.h.p.o.HiveMQPlatformReconciler - [helmexte] Reconciling HiveMQ Platform 'test-hivemq-platform' in namespace 'helmextensionlicensesit'
2025-01-30 18:34:13,947 INFO c.h.h.t.HelmChartContainer - [hivemq-test-hivemq-platform] [hivemq-platform-operator] [28830dc9] 18:34:13.945 [ReconcilerExecutor-hivemq-controller-114] DEBUG c.h.p.o.HiveMQPlatformReconciler - [helmexte] Custom Resource Status STARTING - HiveMQ Platform is starting (READY)
2025-01-30 18:34:13,947 INFO c.h.h.t.HelmChartContainer - [hivemq-test-hivemq-platform] [hivemq-platform-operator] [28830dc9] 18:34:13.945 [ReconcilerExecutor-hivemq-controller-114] DEBUG c.h.p.o.HiveMQPlatformReconciler - [helmexte] Custom Resource Spec (replicas: 1) (extensions: 1)
2025-01-30 18:34:13,949 INFO c.h.h.t.HelmChartContainer - [hivemq-test-hivemq-platform] [hivemq-platform-operator] [28830dc9] 18:34:13.948 [ReconcilerExecutor-hivemq-controller-114] DEBUG c.h.p.o.HiveMQPlatformReconciler - [helmexte] StatefulSet Status (revision: test-hivemq-platform-784f65f8f4, replicas: 1, available: 1, ready: 1, current: 1, updated: 1)
2025-01-30 18:34:13,949 INFO c.h.h.t.HelmChartContainer - [hivemq-test-hivemq-platform] [hivemq-platform-operator] [28830dc9] 18:34:13.948 [ReconcilerExecutor-hivemq-controller-114] DEBUG c.h.p.o.HiveMQPlatformReconciler - [helmexte] StatefulSet Spec (replicas: 1, init containers: 1, containers: 1, volumes: 5)
2025-01-30 18:34:13,950 INFO c.h.h.t.HelmChartContainer - [hivemq-test-hivemq-platform] [hivemq-platform-operator] [28830dc9] 18:34:13.949 [ReconcilerExecutor-hivemq-controller-114] DEBUG c.h.p.o.h.HiveMQPlatformReconcilerErrorHandler - [helmexte] Pod 'test-hivemq-platform-0' phase Running
2025-01-30 18:34:13,951 INFO c.h.h.t.HelmChartContainer - [hivemq-test-hivemq-platform] [hivemq-platform-operator] [28830dc9] 18:34:13.950 [ReconcilerExecutor-hivemq-controller-114] INFO  c.h.p.o.h.HiveMQPlatformReconcilerBaseHandler - [helmexte] HiveMQ Platform started successfully
2025-01-30 18:34:14,047 INFO c.h.h.t.HelmChartContainer - [hivemq-test-hivemq-platform] [hivemq-platform-operator] [28830dc9] 18:34:14.046 [ReconcilerExecutor-hivemq-controller-114] DEBUG c.h.p.operator.event.EventSender - [helmexte] Creating K8s event hivemq-platform-ready: [Ready] HiveMQ Platform is ready
2025-01-30 18:34:14,051 INFO c.h.h.t.HelmChartContainer - [EVENT] Normal [Ready] HiveMQ Platform is ready [helmextensionlicensesit:test-hivemq-platform]
2025-01-30 18:34:14,055 INFO c.h.h.t.HelmChartContainer - [hivemq-test-hivemq-platform] [hivemq-platform-operator] [28830dc9] 18:34:14.051 [ReconcilerExecutor-hivemq-controller-114] INFO  c.h.p.o.h.AbstractHiveMQReconcilerStateHandler - [helmexte] Update HiveMQ Platform Status (STARTING [READY] -> RUNNING [READY]): HiveMQ Platform is ready
2025-01-30 18:34:14,063 DEBUG com.hivemq.helmcharts.util.K8sUtil - Comparing actual state 'RUNNING' and waiting for 'RUNNING'
2025-01-30 18:34:14,073 INFO c.h.h.t.HelmChartContainer - [hivemq-test-hivemq-platform] [hivemq-platform-operator] [28830dc9] 18:34:14.070 [pool-6-thread-13] DEBUG c.h.p.o.d.PlatformServiceResource - [helmexte] Desired Platform services (3 services)
2025-01-30 18:34:14,147 INFO c.h.h.t.HelmChartContainer - [hivemq-test-hivemq-platform] [hivemq-platform-operator] [28830dc9] 18:34:14.145 [pool-6-thread-18] DEBUG c.h.p.o.dependants.PodInfoConfigMap - [helmexte] Desired PodInfo ConfigMap (1 extensions) (1 enabled)
2025-01-30 18:34:14,148 INFO c.h.h.t.HelmChartContainer - [hivemq-test-hivemq-platform] [hivemq-platform-operator] [28830dc9] 18:34:14.145 [pool-6-thread-18] DEBUG c.h.p.o.dependants.PodInfoConfigMap - [helmexte] Desired PodInfo ConfigMap (metrics port: 9399) (metrics path: /)
2025-01-30 18:34:14,148 INFO c.h.h.t.HelmChartContainer - [hivemq-test-hivemq-platform] [hivemq-platform-operator] [28830dc9] 18:34:14.145 [pool-6-thread-18] DEBUG c.h.p.o.dependants.PodInfoConfigMap - [helmexte] Desired PodInfo ConfigMap (extension state hash: -634454925)
2025-01-30 18:34:14,148 INFO c.h.h.t.HelmChartContainer - [hivemq-test-hivemq-platform] [hivemq-platform-operator] [28830dc9] 18:34:14.071 [pool-6-thread-19] DEBUG c.h.p.o.d.PodServiceAccountResource - [helmexte] Desired PodServiceAccountResource (serviceAccountName: hivemq-platform-pod-test-hivemq-platform)
2025-01-30 18:34:14,148 INFO c.h.h.t.HelmChartContainer - [hivemq-test-hivemq-platform] [hivemq-platform-operator] [28830dc9] 18:34:14.146 [pool-6-thread-18] DEBUG c.h.p.o.dependants.PodInfoConfigMap - [helmexte] Update PodInfo ConfigMap
2025-01-30 18:34:14,157 INFO c.h.h.t.HelmChartContainer - [hivemq-test-hivemq-platform] [hivemq-platform-operator] [28830dc9] 18:34:14.157 [pool-6-thread-18] DEBUG c.h.p.o.d.StatefulSetResource - [helmexte] Desired StatefulSet (1 replicas) for status RUNNING (READY)
2025-01-30 18:34:14,161 INFO c.h.h.t.HelmChartContainer - [hivemq-test-hivemq-platform] [hivemq-platform-operator] [28830dc9] 18:34:14.160 [ReconcilerExecutor-hivemq-controller-115] INFO  c.h.p.o.HiveMQPlatformReconciler - [helmexte] Reconciling HiveMQ Platform 'test-hivemq-platform' in namespace 'helmextensionlicensesit'
2025-01-30 18:34:14,161 INFO c.h.h.t.HelmChartContainer - [hivemq-test-hivemq-platform] [hivemq-platform-operator] [28830dc9] 18:34:14.160 [ReconcilerExecutor-hivemq-controller-115] DEBUG c.h.p.o.HiveMQPlatformReconciler - [helmexte] Custom Resource Status RUNNING - HiveMQ Platform is ready (READY)
2025-01-30 18:34:14,162 INFO c.h.h.t.HelmChartContainer - [hivemq-test-hivemq-platform] [hivemq-platform-operator] [28830dc9] 18:34:14.160 [ReconcilerExecutor-hivemq-controller-115] DEBUG c.h.p.o.HiveMQPlatformReconciler - [helmexte] Custom Resource Spec (replicas: 1) (extensions: 1)
2025-01-30 18:34:14,163 INFO c.h.h.t.HelmChartContainer - [hivemq-test-hivemq-platform] [hivemq-platform-operator] [28830dc9] 18:34:14.162 [ReconcilerExecutor-hivemq-controller-115] DEBUG c.h.p.o.HiveMQPlatformReconciler - [helmexte] StatefulSet Status (revision: test-hivemq-platform-784f65f8f4, replicas: 1, available: 1, ready: 1, current: 1, updated: 1)
2025-01-30 18:34:14,163 INFO c.h.h.t.HelmChartContainer - [hivemq-test-hivemq-platform] [hivemq-platform-operator] [28830dc9] 18:34:14.162 [ReconcilerExecutor-hivemq-controller-115] DEBUG c.h.p.o.HiveMQPlatformReconciler - [helmexte] StatefulSet Spec (replicas: 1, init containers: 1, containers: 1, volumes: 5)
2025-01-30 18:34:14,247 INFO c.h.h.t.HelmChartContainer - [hivemq-test-hivemq-platform] [hivemq-platform-operator] [28830dc9] 18:34:14.246 [ReconcilerExecutor-hivemq-controller-115] DEBUG c.h.p.o.h.HiveMQPlatformReconcilerErrorHandler - [helmexte] Pod 'test-hivemq-platform-0' phase Running
2025-01-30 18:34:20,082 INFO c.h.h.t.HelmChartContainer - Uninstalling release 'test-hivemq-platform' in namespace 'helmextensionlicensesit'...
2025-01-30 18:34:20,082 DEBUG c.h.h.t.HelmChartContainer - Executing helm command: /bin/helm --kubeconfig /etc/rancher/k3s/k3s.yaml uninstall test-hivemq-platform  --wait --timeout 5m0s --cascade foreground --namespace helmextensionlicensesit
2025-01-30 18:34:20,277 INFO c.h.h.t.HelmChartContainer - [hivemq-test-hivemq-platform] [hivemq-platform-operator] [28830dc9] 18:34:20.267 [pool-6-thread-27] DEBUG c.h.p.o.d.PlatformServiceResource - [helmexte] Desired Platform services (3 services)
2025-01-30 18:34:20,277 INFO c.h.h.t.HelmChartContainer - [hivemq-test-hivemq-platform] [hivemq-platform-operator] [28830dc9] 18:34:20.271 [pool-6-thread-28] DEBUG c.h.p.o.dependants.PodInfoConfigMap - [helmexte] Desired PodInfo ConfigMap (1 extensions) (1 enabled)
2025-01-30 18:34:20,349 INFO c.h.h.t.HelmChartContainer - [hivemq-test-hivemq-platform] [hivemq-platform-operator] [28830dc9] 18:34:20.347 [pool-6-thread-28] DEBUG c.h.p.o.dependants.PodInfoConfigMap - [helmexte] Desired PodInfo ConfigMap (metrics port: 9399) (metrics path: /)
2025-01-30 18:34:20,349 INFO c.h.h.t.HelmChartContainer - [hivemq-test-hivemq-platform] [hivemq-platform-operator] [28830dc9] 18:34:20.347 [pool-6-thread-28] DEBUG c.h.p.o.dependants.PodInfoConfigMap - [helmexte] Desired PodInfo ConfigMap (extension state hash: -634454925)
2025-01-30 18:34:20,351 INFO c.h.h.t.HelmChartContainer - [hivemq-test-hivemq-platform] [hivemq-platform-operator] [28830dc9] 18:34:20.345 [pool-6-thread-25] DEBUG c.h.p.o.d.PodServiceAccountResource - [helmexte] Desired PodServiceAccountResource (serviceAccountName: hivemq-platform-pod-test-hivemq-platform)
2025-01-30 18:34:20,354 INFO c.h.h.t.HelmChartContainer - [hivemq-test-hivemq-platform] [hivemq-platform-operator] [28830dc9] 18:34:20.353 [pool-6-thread-27] DEBUG c.h.p.o.d.StatefulSetResource - [helmexte] Desired StatefulSet (1 replicas) for status RUNNING (READY)
2025-01-30 18:34:20,363 INFO c.h.h.t.HelmChartContainer - [hivemq-test-hivemq-platform] [hivemq-platform-operator] [28830dc9] 18:34:20.357 [pool-6-thread-27] DEBUG c.h.p.o.d.StatefulSetResource - [helmexte] Update StatefulSet (replicas: 1 -> 1)
2025-01-30 18:34:20,363 INFO c.h.h.t.HelmChartContainer - [hivemq-test-hivemq-platform] [hivemq-platform-operator] [28830dc9] 18:34:20.359 [pool-6-thread-27] DEBUG c.h.p.o.d.StatefulSetResource - [helmexte] Detected change in StatefulSet specification (path: /template/metadata/annotations/kubernetes-resource-versions) (actual value: {broker-configuration-v2=-2089688360}) (target value: {broker-configuration-v2=0})
2025-01-30 18:34:20,363 INFO c.h.h.t.HelmChartContainer - [hivemq-test-hivemq-platform] [hivemq-platform-operator] [28830dc9] 18:34:20.359 [pool-6-thread-27] INFO  c.h.p.o.d.StatefulSetResource - [helmexte] StatefulSet spec was updated, triggering rolling restart
2025-01-30 18:34:20,455 INFO c.h.h.t.HelmChartContainer - [hivemq-test-hivemq-platform] [hivemq-platform-operator] [28830dc9] 18:34:20.454 [ReconcilerExecutor-hivemq-controller-116] INFO  c.h.p.o.HiveMQPlatformReconciler - [helmexte] Reconciling HiveMQ Platform 'test-hivemq-platform' in namespace 'helmextensionlicensesit'
2025-01-30 18:34:20,456 INFO c.h.h.t.HelmChartContainer - [hivemq-test-hivemq-platform] [hivemq-platform-operator] [28830dc9] 18:34:20.454 [ReconcilerExecutor-hivemq-controller-116] DEBUG c.h.p.o.HiveMQPlatformReconciler - [helmexte] Custom Resource Status RUNNING - HiveMQ Platform is ready (READY) (reconciliation requests: REQUESTS_UPDATED, ROLLING_RESTART)
2025-01-30 18:34:20,456 INFO c.h.h.t.HelmChartContainer - [hivemq-test-hivemq-platform] [hivemq-platform-operator] [28830dc9] 18:34:20.454 [ReconcilerExecutor-hivemq-controller-116] DEBUG c.h.p.o.HiveMQPlatformReconciler - [helmexte] Custom Resource Spec (replicas: 1) (extensions: 1)
2025-01-30 18:34:20,457 INFO c.h.h.t.HelmChartContainer - [hivemq-test-hivemq-platform] [hivemq-platform-operator] [28830dc9] 18:34:20.455 [ReconcilerExecutor-hivemq-controller-116] WARN  c.h.p.o.h.HiveMQPlatformReconcilerErrorHandler - [helmexte] Could not find ConfigMap 'hivemq-configuration-test-hivemq-platform' for HiveMQ Platform configuration
2025-01-30 18:34:20,556 INFO c.h.h.t.HelmChartContainer - [hivemq-test-hivemq-platform] [hivemq-platform-operator] [28830dc9] 18:34:20.554 [ReconcilerExecutor-hivemq-controller-116] DEBUG c.h.p.operator.event.EventSender - [helmexte] Creating K8s event hivemq-platform-invalid-configuration: [Start] Could not find ConfigMap 'hivemq-configuration-test-hivemq-platform' for HiveMQ Platform configuration
2025-01-30 18:34:20,559 INFO c.h.h.t.HelmChartContainer - [EVENT] Warning [Start] Could not find ConfigMap 'hivemq-configuration-test-hivemq-platform' for HiveMQ Platform configuration [helmextensionlicensesit:test-hivemq-platform]
2025-01-30 18:34:20,561 INFO c.h.h.t.HelmChartContainer - [hivemq-test-hivemq-platform] [hivemq-platform-operator] [28830dc9] 18:34:20.560 [ReconcilerExecutor-hivemq-controller-116] INFO  c.h.p.o.h.AbstractHiveMQReconcilerStateHandler - [helmexte] Update HiveMQ Platform Status (RUNNING [READY] -> ERROR [INVALID_CONFIG_MAP]): Could not find ConfigMap 'hivemq-configuration-test-hivemq-platform' for HiveMQ Platform configuration (reconciliation requests: ROLLING_RESTART)
2025-01-30 18:34:20,647 INFO c.h.h.t.HelmChartContainer - [hivemq-test-hivemq-platform] [hivemq-platform-operator] [28830dc9] 18:34:20.569 [ReconcilerExecutor-hivemq-controller-116] ERROR i.j.o.p.event.EventProcessor - Error during event processing ExecutionScope{ resource id: ResourceID{name='test-hivemq-platform', namespace='helmextensionlicensesit'}, version: 1385}
2025-01-30 18:34:20,647 INFO c.h.h.t.HelmChartContainer - [hivemq-test-hivemq-platform] [hivemq-platform-operator] [28830dc9] io.fabric8.kubernetes.client.KubernetesClientException: Failure executing: PUT at: https://10.43.0.1:443/apis/hivemq.com/v1/namespaces/helmextensionlicensesit/hivemq-platforms/test-hivemq-platform/status. Message: Operation cannot be fulfilled on hivemq-platforms.hivemq.com "test-hivemq-platform": the object has been modified; please apply your changes to the latest version and try again. Received status: Status(apiVersion=v1, code=409, details=StatusDetails(causes=[], group=hivemq.com, kind=hivemq-platforms, name=test-hivemq-platform, retryAfterSeconds=null, uid=null, additionalProperties={}), kind=Status, message=Operation cannot be fulfilled on hivemq-platforms.hivemq.com "test-hivemq-platform": the object has been modified; please apply your changes to the latest version and try again, metadata=ListMeta(_continue=null, remainingItemCount=null, resourceVersion=null, selfLink=null, additionalProperties={}), reason=Conflict, status=Failure, additionalProperties={}).
2025-01-30 18:34:20,648 INFO c.h.h.t.HelmChartContainer - [hivemq-test-hivemq-platform] [hivemq-platform-operator] [28830dc9] 	at io.fabric8.kubernetes.client.KubernetesClientException.copyAsCause(KubernetesClientException.java:238)
2025-01-30 18:34:20,648 INFO c.h.h.t.HelmChartContainer - [hivemq-test-hivemq-platform] [hivemq-platform-operator] [28830dc9] 	at io.fabric8.kubernetes.client.dsl.internal.OperationSupport.waitForResult(OperationSupport.java:507)
2025-01-30 18:34:20,648 INFO c.h.h.t.HelmChartContainer - [hivemq-test-hivemq-platform] [hivemq-platform-operator] [28830dc9] 	at io.fabric8.kubernetes.client.dsl.internal.OperationSupport.handleResponse(OperationSupport.java:524)
2025-01-30 18:34:20,648 INFO c.h.h.t.HelmChartContainer - [hivemq-test-hivemq-platform] [hivemq-platform-operator] [28830dc9] 	at io.fabric8.kubernetes.client.dsl.internal.OperationSupport.handleUpdate(OperationSupport.java:358)
2025-01-30 18:34:20,648 INFO c.h.h.t.HelmChartContainer - [hivemq-test-hivemq-platform] [hivemq-platform-operator] [28830dc9] 	at io.fabric8.kubernetes.client.dsl.internal.BaseOperation.handleUpdate(BaseOperation.java:759)
2025-01-30 18:34:20,648 INFO c.h.h.t.HelmChartContainer - [hivemq-test-hivemq-platform] [hivemq-platform-operator] [28830dc9] 	at io.fabric8.kubernetes.client.dsl.internal.HasMetadataOperation.update(HasMetadataOperation.java:138)
2025-01-30 18:34:20,648 INFO c.h.h.t.HelmChartContainer - [hivemq-test-hivemq-platform] [hivemq-platform-operator] [28830dc9] 	at io.fabric8.kubernetes.client.dsl.internal.HasMetadataOperation.update(HasMetadataOperation.java:121)
2025-01-30 18:34:20,648 INFO c.h.h.t.HelmChartContainer - [hivemq-test-hivemq-platform] [hivemq-platform-operator] [28830dc9] 	at io.fabric8.kubernetes.client.dsl.internal.HasMetadataOperation.updateStatus(HasMetadataOperation.java:126)
2025-01-30 18:34:20,648 INFO c.h.h.t.HelmChartContainer - [hivemq-test-hivemq-platform] [hivemq-platform-operator] [28830dc9] 	at io.fabric8.kubernetes.client.dsl.internal.HasMetadataOperation.updateStatus(HasMetadataOperation.java:44)
2025-01-30 18:34:20,648 INFO c.h.h.t.HelmChartContainer - [hivemq-test-hivemq-platform] [hivemq-platform-operator] [28830dc9] 	at io.javaoperatorsdk.operator.processing.event.ReconciliationDispatcher$CustomResourceFacade.updateStatus(ReconciliationDispatcher.java:408)
2025-01-30 18:34:20,648 INFO c.h.h.t.HelmChartContainer - [hivemq-test-hivemq-platform] [hivemq-platform-operator] [28830dc9] 	at io.javaoperatorsdk.operator.processing.event.ReconciliationDispatcher.updateStatusGenerationAware(ReconciliationDispatcher.java:228)
2025-01-30 18:34:20,648 INFO c.h.h.t.HelmChartContainer - [hivemq-test-hivemq-platform] [hivemq-platform-operator] [28830dc9] 	at io.javaoperatorsdk.operator.processing.event.ReconciliationDispatcher.reconcileExecution(ReconciliationDispatcher.java:150)
2025-01-30 18:34:20,648 INFO c.h.h.t.HelmChartContainer - [hivemq-test-hivemq-platform] [hivemq-platform-operator] [28830dc9] 	at io.javaoperatorsdk.operator.processing.event.ReconciliationDispatcher.handleReconcile(ReconciliationDispatcher.java:117)
2025-01-30 18:34:20,648 INFO c.h.h.t.HelmChartContainer - [hivemq-test-hivemq-platform] [hivemq-platform-operator] [28830dc9] 	at io.javaoperatorsdk.operator.processing.event.ReconciliationDispatcher.handleDispatch(ReconciliationDispatcher.java:91)
2025-01-30 18:34:20,648 INFO c.h.h.t.HelmChartContainer - [hivemq-test-hivemq-platform] [hivemq-platform-operator] [28830dc9] 	at io.javaoperatorsdk.operator.processing.event.ReconciliationDispatcher.handleExecution(ReconciliationDispatcher.java:64)
2025-01-30 18:34:20,648 INFO c.h.h.t.HelmChartContainer - [hivemq-test-hivemq-platform] [hivemq-platform-operator] [28830dc9] 	at io.javaoperatorsdk.operator.processing.event.EventProcessor$ReconcilerExecutor.run(EventProcessor.java:452)
2025-01-30 18:34:20,648 INFO c.h.h.t.HelmChartContainer - [hivemq-test-hivemq-platform] [hivemq-platform-operator] [28830dc9] 	at java.base/java.util.concurrent.ThreadPoolExecutor.runWorker(Unknown Source)
2025-01-30 18:34:20,648 INFO c.h.h.t.HelmChartContainer - [hivemq-test-hivemq-platform] [hivemq-platform-operator] [28830dc9] 	at java.base/java.util.concurrent.ThreadPoolExecutor$Worker.run(Unknown Source)
2025-01-30 18:34:20,649 INFO c.h.h.t.HelmChartContainer - [hivemq-test-hivemq-platform] [hivemq-platform-operator] [28830dc9] 	at java.base/java.lang.Thread.run(Unknown Source)
2025-01-30 18:34:20,649 INFO c.h.h.t.HelmChartContainer - [hivemq-test-hivemq-platform] [hivemq-platform-operator] [28830dc9] Caused by: io.fabric8.kubernetes.client.KubernetesClientException: Failure executing: PUT at: https://10.43.0.1:443/apis/hivemq.com/v1/namespaces/helmextensionlicensesit/hivemq-platforms/test-hivemq-platform/status. Message: Operation cannot be fulfilled on hivemq-platforms.hivemq.com "test-hivemq-platform": the object has been modified; please apply your changes to the latest version and try again. Received status: Status(apiVersion=v1, code=409, details=StatusDetails(causes=[], group=hivemq.com, kind=hivemq-platforms, name=test-hivemq-platform, retryAfterSeconds=null, uid=null, additionalProperties={}), kind=Status, message=Operation cannot be fulfilled on hivemq-platforms.hivemq.com "test-hivemq-platform": the object has been modified; please apply your changes to the latest version and try again, metadata=ListMeta(_continue=null, remainingItemCount=null, resourceVersion=null, selfLink=null, additionalProperties={}), reason=Conflict, status=Failure, additionalProperties={}).
2025-01-30 18:34:20,649 INFO c.h.h.t.HelmChartContainer - [hivemq-test-hivemq-platform] [hivemq-platform-operator] [28830dc9] 	at io.fabric8.kubernetes.client.dsl.internal.OperationSupport.requestFailure(OperationSupport.java:660)
2025-01-30 18:34:20,649 INFO c.h.h.t.HelmChartContainer - [hivemq-test-hivemq-platform] [hivemq-platform-operator] [28830dc9] 	at io.fabric8.kubernetes.client.dsl.internal.OperationSupport.requestFailure(OperationSupport.java:640)
2025-01-30 18:34:20,649 INFO c.h.h.t.HelmChartContainer - [hivemq-test-hivemq-platform] [hivemq-platform-operator] [28830dc9] 	at io.fabric8.kubernetes.client.dsl.internal.OperationSupport.assertResponseCode(OperationSupport.java:589)
2025-01-30 18:34:20,649 INFO c.h.h.t.HelmChartContainer - [hivemq-test-hivemq-platform] [hivemq-platform-operator] [28830dc9] 	at io.fabric8.kubernetes.client.dsl.internal.OperationSupport.lambda$handleResponse$0(OperationSupport.java:549)
2025-01-30 18:34:20,649 INFO c.h.h.t.HelmChartContainer - [hivemq-test-hivemq-platform] [hivemq-platform-operator] [28830dc9] 	at java.base/java.util.concurrent.CompletableFuture$UniApply.tryFire(Unknown Source)
2025-01-30 18:34:20,649 INFO c.h.h.t.HelmChartContainer - [hivemq-test-hivemq-platform] [hivemq-platform-operator] [28830dc9] 	at java.base/java.util.concurrent.CompletableFuture.postComplete(Unknown Source)
2025-01-30 18:34:20,649 INFO c.h.h.t.HelmChartContainer - [hivemq-test-hivemq-platform] [hivemq-platform-operator] [28830dc9] 	at java.base/java.util.concurrent.CompletableFuture.complete(Unknown Source)
2025-01-30 18:34:20,649 INFO c.h.h.t.HelmChartContainer - [hivemq-test-hivemq-platform] [hivemq-platform-operator] [28830dc9] 	at io.fabric8.kubernetes.client.http.StandardHttpClient.lambda$completeOrCancel$10(StandardHttpClient.java:141)
2025-01-30 18:34:20,649 INFO c.h.h.t.HelmChartContainer - [hivemq-test-hivemq-platform] [hivemq-platform-operator] [28830dc9] 	at java.base/java.util.concurrent.CompletableFuture.uniWhenComplete(Unknown Source)
2025-01-30 18:34:20,649 INFO c.h.h.t.HelmChartContainer - [hivemq-test-hivemq-platform] [hivemq-platform-operator] [28830dc9] 	at java.base/java.util.concurrent.CompletableFuture$UniWhenComplete.tryFire(Unknown Source)
2025-01-30 18:34:20,649 INFO c.h.h.t.HelmChartContainer - [hivemq-test-hivemq-platform] [hivemq-platform-operator] [28830dc9] 	at java.base/java.util.concurrent.CompletableFuture.postComplete(Unknown Source)
2025-01-30 18:34:20,649 INFO c.h.h.t.HelmChartContainer - [hivemq-test-hivemq-platform] [hivemq-platform-operator] [28830dc9] 	at java.base/java.util.concurrent.CompletableFuture.complete(Unknown Source)
2025-01-30 18:34:20,649 INFO c.h.h.t.HelmChartContainer - [hivemq-test-hivemq-platform] [hivemq-platform-operator] [28830dc9] 	at io.fabric8.kubernetes.client.http.ByteArrayBodyHandler.onBodyDone(ByteArrayBodyHandler.java:51)
2025-01-30 18:34:20,649 INFO c.h.h.t.HelmChartContainer - [hivemq-test-hivemq-platform] [hivemq-platform-operator] [28830dc9] 	at java.base/java.util.concurrent.CompletableFuture.uniWhenComplete(Unknown Source)
2025-01-30 18:34:20,649 INFO c.h.h.t.HelmChartContainer - [hivemq-test-hivemq-platform] [hivemq-platform-operator] [28830dc9] 	at java.base/java.util.concurrent.CompletableFuture$UniWhenComplete.tryFire(Unknown Source)
2025-01-30 18:34:20,650 INFO c.h.h.t.HelmChartContainer - [hivemq-test-hivemq-platform] [hivemq-platform-operator] [28830dc9] 	at java.base/java.util.concurrent.CompletableFuture.postComplete(Unknown Source)
2025-01-30 18:34:20,650 INFO c.h.h.t.HelmChartContainer - [hivemq-test-hivemq-platform] [hivemq-platform-operator] [28830dc9] 	at java.base/java.util.concurrent.CompletableFuture.complete(Unknown Source)
2025-01-30 18:34:20,650 INFO c.h.h.t.HelmChartContainer - [hivemq-test-hivemq-platform] [hivemq-platform-operator] [28830dc9] 	at io.fabric8.kubernetes.client.vertx.VertxHttpRequest.lambda$null$1(VertxHttpRequest.java:121)
2025-01-30 18:34:20,650 INFO c.h.h.t.HelmChartContainer - [hivemq-test-hivemq-platform] [hivemq-platform-operator] [28830dc9] 	at io.vertx.core.impl.ContextInternal.dispatch(ContextInternal.java:279)
2025-01-30 18:34:20,650 INFO c.h.h.t.HelmChartContainer - [hivemq-test-hivemq-platform] [hivemq-platform-operator] [28830dc9] 	at io.vertx.core.impl.ContextInternal.dispatch(ContextInternal.java:261)
2025-01-30 18:34:20,650 INFO c.h.h.t.HelmChartContainer - [hivemq-test-hivemq-platform] [hivemq-platform-operator] [28830dc9] 	at io.vertx.core.http.impl.HttpEventHandler.handleEnd(HttpEventHandler.java:76)
2025-01-30 18:34:20,650 INFO c.h.h.t.HelmChartContainer - [hivemq-test-hivemq-platform] [hivemq-platform-operator] [28830dc9] 	at io.vertx.core.http.impl.HttpClientResponseImpl.handleEnd(HttpClientResponseImpl.java:250)
2025-01-30 18:34:20,650 INFO c.h.h.t.HelmChartContainer - [hivemq-test-hivemq-platform] [hivemq-platform-operator] [28830dc9] 	at io.vertx.core.http.impl.Http1xClientConnection$StreamImpl.lambda$new$0(Http1xClientConnection.java:421)
2025-01-30 18:34:20,650 INFO c.h.h.t.HelmChartContainer - [hivemq-test-hivemq-platform] [hivemq-platform-operator] [28830dc9] 	at io.vertx.core.streams.impl.InboundBuffer.handleEvent(InboundBuffer.java:279)
2025-01-30 18:34:20,650 INFO c.h.h.t.HelmChartContainer - [hivemq-test-hivemq-platform] [hivemq-platform-operator] [28830dc9] 	at io.vertx.core.streams.impl.InboundBuffer.write(InboundBuffer.java:157)
2025-01-30 18:34:20,650 INFO c.h.h.t.HelmChartContainer - [hivemq-test-hivemq-platform] [hivemq-platform-operator] [28830dc9] 	at io.vertx.core.http.impl.Http1xClientConnection$StreamImpl.handleEnd(Http1xClientConnection.java:709)
2025-01-30 18:34:20,650 INFO c.h.h.t.HelmChartContainer - [hivemq-test-hivemq-platform] [hivemq-platform-operator] [28830dc9] 	at io.vertx.core.impl.ContextImpl.execute(ContextImpl.java:313)
2025-01-30 18:34:20,650 INFO c.h.h.t.HelmChartContainer - [hivemq-test-hivemq-platform] [hivemq-platform-operator] [28830dc9] 	at io.vertx.core.impl.ContextImpl.execute(ContextImpl.java:293)
2025-01-30 18:34:20,650 INFO c.h.h.t.HelmChartContainer - [hivemq-test-hivemq-platform] [hivemq-platform-operator] [28830dc9] 	at io.vertx.core.http.impl.Http1xClientConnection.handleResponseEnd(Http1xClientConnection.java:940)
2025-01-30 18:34:20,650 INFO c.h.h.t.HelmChartContainer - [hivemq-test-hivemq-platform] [hivemq-platform-operator] [28830dc9] 	at io.vertx.core.http.impl.Http1xClientConnection.handleHttpMessage(Http1xClientConnection.java:810)
2025-01-30 18:34:20,650 INFO c.h.h.t.HelmChartContainer - [hivemq-test-hivemq-platform] [hivemq-platform-operator] [28830dc9] 	at io.vertx.core.http.impl.Http1xClientConnection.handleMessage(Http1xClientConnection.java:774)
2025-01-30 18:34:20,650 INFO c.h.h.t.HelmChartContainer - [hivemq-test-hivemq-platform] [hivemq-platform-operator] [28830dc9] 	at io.vertx.core.net.impl.ConnectionBase.read(ConnectionBase.java:159)
2025-01-30 18:34:20,650 INFO c.h.h.t.HelmChartContainer - [hivemq-test-hivemq-platform] [hivemq-platform-operator] [28830dc9] 	at io.vertx.core.net.impl.VertxHandler.channelRead(VertxHandler.java:153)
2025-01-30 18:34:20,650 INFO c.h.h.t.HelmChartContainer - [hivemq-test-hivemq-platform] [hivemq-platform-operator] [28830dc9] 	at io.netty.channel.AbstractChannelHandlerContext.invokeChannelRead(AbstractChannelHandlerContext.java:442)
2025-01-30 18:34:20,650 INFO c.h.h.t.HelmChartContainer - [hivemq-test-hivemq-platform] [hivemq-platform-operator] [28830dc9] 	at io.netty.channel.AbstractChannelHandlerContext.invokeChannelRead(AbstractChannelHandlerContext.java:420)
2025-01-30 18:34:20,650 INFO c.h.h.t.HelmChartContainer - [hivemq-test-hivemq-platform] [hivemq-platform-operator] [28830dc9] 	at io.netty.channel.AbstractChannelHandlerContext.fireChannelRead(AbstractChannelHandlerContext.java:412)
2025-01-30 18:34:20,650 INFO c.h.h.t.HelmChartContainer - [hivemq-test-hivemq-platform] [hivemq-platform-operator] [28830dc9] 	at io.netty.channel.CombinedChannelDuplexHandler$DelegatingChannelHandlerContext.fireChannelRead(CombinedChannelDuplexHandler.java:436)
2025-01-30 18:34:20,650 INFO c.h.h.t.HelmChartContainer - [hivemq-test-hivemq-platform] [hivemq-platform-operator] [28830dc9] 	at io.netty.handler.codec.ByteToMessageDecoder.fireChannelRead(ByteToMessageDecoder.java:346)
2025-01-30 18:34:20,650 INFO c.h.h.t.HelmChartContainer - [hivemq-test-hivemq-platform] [hivemq-platform-operator] [28830dc9] 	at io.netty.handler.codec.ByteToMessageDecoder.channelRead(ByteToMessageDecoder.java:318)
2025-01-30 18:34:20,650 INFO c.h.h.t.HelmChartContainer - [hivemq-test-hivemq-platform] [hivemq-platform-operator] [28830dc9] 	at io.netty.channel.CombinedChannelDuplexHandler.channelRead(CombinedChannelDuplexHandler.java:251)
2025-01-30 18:34:20,650 INFO c.h.h.t.HelmChartContainer - [hivemq-test-hivemq-platform] [hivemq-platform-operator] [28830dc9] 	at io.netty.channel.AbstractChannelHandlerContext.invokeChannelRead(AbstractChannelHandlerContext.java:442)
2025-01-30 18:34:20,650 INFO c.h.h.t.HelmChartContainer - [hivemq-test-hivemq-platform] [hivemq-platform-operator] [28830dc9] 	at io.netty.channel.AbstractChannelHandlerContext.invokeChannelRead(AbstractChannelHandlerContext.java:420)
2025-01-30 18:34:20,650 INFO c.h.h.t.HelmChartContainer - [hivemq-test-hivemq-platform] [hivemq-platform-operator] [28830dc9] 	at io.netty.channel.AbstractChannelHandlerContext.fireChannelRead(AbstractChannelHandlerContext.java:412)
2025-01-30 18:34:20,650 INFO c.h.h.t.HelmChartContainer - [hivemq-test-hivemq-platform] [hivemq-platform-operator] [28830dc9] 	at io.netty.handler.ssl.SslHandler.unwrap(SslHandler.java:1475)
2025-01-30 18:34:20,650 INFO c.h.h.t.HelmChartContainer - [hivemq-test-hivemq-platform] [hivemq-platform-operator] [28830dc9] 	at io.netty.handler.ssl.SslHandler.decodeJdkCompatible(SslHandler.java:1338)
2025-01-30 18:34:20,650 INFO c.h.h.t.HelmChartContainer - [hivemq-test-hivemq-platform] [hivemq-platform-operator] [28830dc9] 	at io.netty.handler.ssl.SslHandler.decode(SslHandler.java:1387)
2025-01-30 18:34:20,650 INFO c.h.h.t.HelmChartContainer - [hivemq-test-hivemq-platform] [hivemq-platform-operator] [28830dc9] 	at io.netty.handler.codec.ByteToMessageDecoder.decodeRemovalReentryProtection(ByteToMessageDecoder.java:530)
2025-01-30 18:34:20,650 INFO c.h.h.t.HelmChartContainer - [hivemq-test-hivemq-platform] [hivemq-platform-operator] [28830dc9] 	at io.netty.handler.codec.ByteToMessageDecoder.callDecode(ByteToMessageDecoder.java:469)
2025-01-30 18:34:20,650 INFO c.h.h.t.HelmChartContainer - [hivemq-test-hivemq-platform] [hivemq-platform-operator] [28830dc9] 	at io.netty.handler.codec.ByteToMessageDecoder.channelRead(ByteToMessageDecoder.java:290)
2025-01-30 18:34:20,650 INFO c.h.h.t.HelmChartContainer - [hivemq-test-hivemq-platform] [hivemq-platform-operator] [28830dc9] 	at io.netty.channel.AbstractChannelHandlerContext.invokeChannelRead(AbstractChannelHandlerContext.java:444)
2025-01-30 18:34:20,650 INFO c.h.h.t.HelmChartContainer - [hivemq-test-hivemq-platform] [hivemq-platform-operator] [28830dc9] 	at io.netty.channel.AbstractChannelHandlerContext.invokeChannelRead(AbstractChannelHandlerContext.java:420)
2025-01-30 18:34:20,650 INFO c.h.h.t.HelmChartContainer - [hivemq-test-hivemq-platform] [hivemq-platform-operator] [28830dc9] 	at io.netty.channel.AbstractChannelHandlerContext.fireChannelRead(AbstractChannelHandlerContext.java:412)
2025-01-30 18:34:20,650 INFO c.h.h.t.HelmChartContainer - [hivemq-test-hivemq-platform] [hivemq-platform-operator] [28830dc9] 	at io.netty.channel.DefaultChannelPipeline$HeadContext.channelRead(DefaultChannelPipeline.java:1407)
2025-01-30 18:34:20,650 INFO c.h.h.t.HelmChartContainer - [hivemq-test-hivemq-platform] [hivemq-platform-operator] [28830dc9] 	at io.netty.channel.AbstractChannelHandlerContext.invokeChannelRead(AbstractChannelHandlerContext.java:440)
2025-01-30 18:34:20,650 INFO c.h.h.t.HelmChartContainer - [hivemq-test-hivemq-platform] [hivemq-platform-operator] [28830dc9] 	at io.netty.channel.AbstractChannelHandlerContext.invokeChannelRead(AbstractChannelHandlerContext.java:420)
2025-01-30 18:34:20,650 INFO c.h.h.t.HelmChartContainer - [hivemq-test-hivemq-platform] [hivemq-platform-operator] [28830dc9] 	at io.netty.channel.DefaultChannelPipeline.fireChannelRead(DefaultChannelPipeline.java:918)
2025-01-30 18:34:20,650 INFO c.h.h.t.HelmChartContainer - [hivemq-test-hivemq-platform] [hivemq-platform-operator] [28830dc9] 	at io.netty.channel.nio.AbstractNioByteChannel$NioByteUnsafe.read(AbstractNioByteChannel.java:166)
2025-01-30 18:34:20,650 INFO c.h.h.t.HelmChartContainer - [hivemq-test-hivemq-platform] [hivemq-platform-operator] [28830dc9] 	at io.netty.channel.nio.NioEventLoop.processSelectedKey(NioEventLoop.java:788)
2025-01-30 18:34:20,650 INFO c.h.h.t.HelmChartContainer - [hivemq-test-hivemq-platform] [hivemq-platform-operator] [28830dc9] 	at io.netty.channel.nio.NioEventLoop.processSelectedKeysOptimized(NioEventLoop.java:724)
2025-01-30 18:34:20,650 INFO c.h.h.t.HelmChartContainer - [hivemq-test-hivemq-platform] [hivemq-platform-operator] [28830dc9] 	at io.netty.channel.nio.NioEventLoop.processSelectedKeys(NioEventLoop.java:650)
2025-01-30 18:34:20,650 INFO c.h.h.t.HelmChartContainer - [hivemq-test-hivemq-platform] [hivemq-platform-operator] [28830dc9] 	at io.netty.channel.nio.NioEventLoop.run(NioEventLoop.java:562)
2025-01-30 18:34:20,650 INFO c.h.h.t.HelmChartContainer - [hivemq-test-hivemq-platform] [hivemq-platform-operator] [28830dc9] 	at io.netty.util.concurrent.SingleThreadEventExecutor$4.run(SingleThreadEventExecutor.java:997)
2025-01-30 18:34:20,650 INFO c.h.h.t.HelmChartContainer - [hivemq-test-hivemq-platform] [hivemq-platform-operator] [28830dc9] 	at io.netty.util.internal.ThreadExecutorMap$2.run(ThreadExecutorMap.java:74)
2025-01-30 18:34:20,650 INFO c.h.h.t.HelmChartContainer - [hivemq-test-hivemq-platform] [hivemq-platform-operator] [28830dc9] 	at io.netty.util.concurrent.FastThreadLocalRunnable.run(FastThreadLocalRunnable.java:30)
2025-01-30 18:34:20,650 INFO c.h.h.t.HelmChartContainer - [hivemq-test-hivemq-platform] [hivemq-platform-operator] [28830dc9] 	... 1 common frames omitted
2025-01-30 18:34:20,656 INFO c.h.h.t.HelmChartContainer - [hivemq-test-hivemq-platform] [hivemq-platform-operator] [28830dc9] 18:34:20.651 [ReconcilerExecutor-hivemq-controller-120] INFO  c.h.p.o.HiveMQPlatformReconciler - [helmexte] Cleanup test-hivemq-platform - helmextensionlicensesit HiveMQ Platform is shut down
2025-01-30 18:34:20,915 INFO c.h.h.t.HelmChartContainer - [K3S] [stateful_set.go:466] "StatefulSet has been deleted" key="helmextensionlicensesit/test-hivemq-platform"
2025-01-30 18:34:21,168 INFO c.h.h.t.HelmChartContainer - [POD] test-hivemq-platform-0 [0c793225-0eaa-42d7-acc8-af6d6cec0524] in helmextensionlicensesit was MODIFIED
2025-01-30 18:34:21,171 INFO c.h.h.t.HelmChartContainer - [EVENT] Normal [Killing] Stopping container hivemq [helmextensionlicensesit:test-hivemq-platform-0]
2025-01-30 18:34:21,171 INFO c.h.h.t.HelmChartContainer - Received Killing event for container hivemq in pod test-hivemq-platform-0 [0c793225-0eaa-42d7-acc8-af6d6cec0524]
2025-01-30 18:34:21,171 INFO c.h.h.t.HelmChartContainer - Container [test-hivemq-platform-0] [hivemq] [0c793225-0eaa-42d7-acc8-af6d6cec0524] was terminated
2025-01-30 18:34:21,171 INFO c.h.h.t.HelmChartContainer - Stopped log watcher for hivemq in pod test-hivemq-platform-0 [0c793225-0eaa-42d7-acc8-af6d6cec0524]
2025-01-30 18:34:21,175 INFO c.h.h.t.HelmChartContainer - [test-hivemq-platform] [hivemq] [0c793225] INFO  - [HiveMQ Platform Operator Init App 1.7.0-SNAPSHOT] Shutting down
2025-01-30 18:34:21,175 INFO c.h.h.t.HelmChartContainer - [test-hivemq-platform] [hivemq] [0c793225] INFO  - [HiveMQ Platform Operator Init App 1.7.0-SNAPSHOT] Stopping the HiveMQ Platform
2025-01-30 18:34:21,266 INFO c.h.h.t.HelmChartContainer - [test-hivemq-platform] [hivemq] [0c793225] INFO  - Shutting down HiveMQ. Please wait, this could take a while...
2025-01-30 18:34:21,353 INFO c.h.h.t.HelmChartContainer - [test-hivemq-platform] [hivemq] [0c793225] INFO  - Shutting down listeners and clients
2025-01-30 18:34:21,353 INFO c.h.h.t.HelmChartContainer - [test-hivemq-platform] [hivemq] [0c793225] INFO  - Shutdown of listeners is done
2025-01-30 18:34:21,354 INFO c.h.h.t.HelmChartContainer - [test-hivemq-platform] [hivemq] [0c793225] INFO  - No clients are connected, proceeding with shutdown
2025-01-30 18:34:22,354 INFO c.h.h.t.HelmChartContainer - Deleting namespace 'helmextensionlicensesit'...
2025-01-30 18:34:23,829 INFO c.h.h.t.HelmChartContainer - [test-hivemq-platform] [hivemq] [0c793225] INFO  - [HiveMQ Platform Operator Init App 1.7.0-SNAPSHOT] Returning shutdown Health API response 503 for readiness
2025-01-30 18:34:23,833 INFO c.h.h.t.HelmChartContainer - [EVENT] Warning [Unhealthy] Readiness probe failed: HTTP probe failed with statuscode: 503 [helmextensionlicensesit:test-hivemq-platform-0]
2025-01-30 18:34:23,833 INFO c.h.h.t.HelmChartContainer - Received Unhealthy event for container hivemq in pod test-hivemq-platform-0 [0c793225-0eaa-42d7-acc8-af6d6cec0524]
2025-01-30 18:34:24,382 INFO c.h.h.t.HelmChartContainer - [K3S] [authentication.go:74] "Unable to authenticate the request" err="[invalid bearer token, serviceaccounts \"hivemq-platform-pod-test-hivemq-platform\" not found]"
2025-01-30 18:34:24,397 INFO c.h.h.t.HelmChartContainer - [K3S] [authentication.go:74] "Unable to authenticate the request" err="[invalid bearer token, serviceaccounts \"hivemq-platform-pod-test-hivemq-platform\" not found]"
2025-01-30 18:34:24,456 INFO c.h.h.t.HelmChartContainer - [test-hivemq-platform] [hivemq] [0c793225] WARN  - [HiveMQ Platform Operator Init App 1.7.0-SNAPSHOT] Could not update Pod annotations: Failure executing: GET at: https://10.43.0.1:443/api/v1/namespaces/helmextensionlicensesit/pods/test-hivemq-platform-0. Message: Unauthorized. Received status: Status(apiVersion=v1, code=401, details=null, kind=Status, message=Unauthorized, metadata=ListMeta(_continue=null, remainingItemCount=null, resourceVersion=null, selfLink=null, additionalProperties={}), reason=Unauthorized, status=Failure, additionalProperties={}).
2025-01-30 18:34:24,664 INFO c.h.h.t.HelmChartContainer - [test-hivemq-platform] [hivemq] [0c793225] INFO  - Shutting down extension system
2025-01-30 18:34:24,670 INFO c.h.h.t.HelmChartContainer - [test-hivemq-platform] [hivemq] [0c793225] INFO  - Stopping extension with id hivemq-dns-cluster-discovery
2025-01-30 18:34:24,670 INFO c.h.h.t.HelmChartContainer - [test-hivemq-platform] [hivemq] [0c793225] INFO  - Extension "DNS Cluster Discovery Extension" version 4.3.2 stopped successfully.
2025-01-30 18:34:24,670 INFO c.h.h.t.HelmChartContainer - [test-hivemq-platform] [hivemq] [0c793225] INFO  - Stopping extension with id hivemq-distributed-tracing-extension
2025-01-30 18:34:24,672 INFO c.h.h.t.HelmChartContainer - [test-hivemq-platform] [hivemq] [0c793225] INFO  - Extension "HiveMQ Enterprise Distributed Tracing Extension" version 4.36.0 stopped successfully.
2025-01-30 18:34:24,672 INFO c.h.h.t.HelmChartContainer - [test-hivemq-platform] [hivemq] [0c793225] INFO  - Stopping extension with id hivemq-prometheus-extension
2025-01-30 18:34:24,676 INFO c.h.h.t.HelmChartContainer - [test-hivemq-platform] [hivemq] [0c793225] INFO  - Extension "Prometheus Monitoring Extension" version 4.0.12 stopped successfully.
2025-01-30 18:34:24,676 INFO c.h.h.t.HelmChartContainer - [test-hivemq-platform] [hivemq] [0c793225] INFO  - Stopping extension with id hivemq-allow-all-extension
2025-01-30 18:34:24,676 INFO c.h.h.t.HelmChartContainer - [test-hivemq-platform] [hivemq] [0c793225] INFO  - Extension "Allow All Extension" version 1.1.1 stopped successfully.
2025-01-30 18:34:27,058 INFO c.h.h.t.HelmChartContainer - [test-hivemq-platform] [hivemq] [0c793225] INFO  - Shutdown completed.
2025-01-30 18:34:27,453 INFO c.h.h.t.HelmChartContainer - [test-hivemq-platform] [hivemq] [0c793225] INFO  - [HiveMQ Platform Operator Init App 1.7.0-SNAPSHOT] The HiveMQ Platform exited with code 143
2025-01-30 18:34:27,454 INFO c.h.h.t.HelmChartContainer - [test-hivemq-platform] [hivemq] [0c793225] INFO  - [HiveMQ Platform Operator Init App 1.7.0-SNAPSHOT] Stopping the REST API
2025-01-30 18:34:27,461 INFO c.h.h.t.HelmChartContainer - [test-hivemq-platform] [hivemq] [0c793225] INFO  - [HiveMQ Platform Operator Init App 1.7.0-SNAPSHOT] Shutdown complete
2025-01-30 18:34:27,903 INFO c.h.h.t.HelmChartContainer - [POD] test-hivemq-platform-0 [0c793225-0eaa-42d7-acc8-af6d6cec0524] in helmextensionlicensesit was MODIFIED
2025-01-30 18:34:28,061 INFO c.h.h.t.HelmChartContainer - [K3S] [reconciler_common.go:162] "operationExecutor.UnmountVolume started for volume \"extension-configuration-hivemq-distributed-tracing-extension\" (UniqueName: \"kubernetes.io/configmap/0c793225-0eaa-42d7-acc8-af6d6cec0524-extension-configuration-hivemq-distributed-tracing-extension\") pod \"0c793225-0eaa-42d7-acc8-af6d6cec0524\" (UID: \"0c793225-0eaa-42d7-acc8-af6d6cec0524\") "
2025-01-30 18:34:28,062 INFO c.h.h.t.HelmChartContainer - [K3S] [reconciler_common.go:162] "operationExecutor.UnmountVolume started for volume \"licenses\" (UniqueName: \"kubernetes.io/secret/0c793225-0eaa-42d7-acc8-af6d6cec0524-licenses\") pod \"0c793225-0eaa-42d7-acc8-af6d6cec0524\" (UID: \"0c793225-0eaa-42d7-acc8-af6d6cec0524\") "
2025-01-30 18:34:28,062 INFO c.h.h.t.HelmChartContainer - [K3S] [reconciler_common.go:162] "operationExecutor.UnmountVolume started for volume \"operator-init\" (UniqueName: \"kubernetes.io/empty-dir/0c793225-0eaa-42d7-acc8-af6d6cec0524-operator-init\") pod \"0c793225-0eaa-42d7-acc8-af6d6cec0524\" (UID: \"0c793225-0eaa-42d7-acc8-af6d6cec0524\") "
2025-01-30 18:34:28,062 INFO c.h.h.t.HelmChartContainer - [K3S] [reconciler_common.go:162] "operationExecutor.UnmountVolume started for volume \"kube-api-access-cchrm\" (UniqueName: \"kubernetes.io/projected/0c793225-0eaa-42d7-acc8-af6d6cec0524-kube-api-access-cchrm\") pod \"0c793225-0eaa-42d7-acc8-af6d6cec0524\" (UID: \"0c793225-0eaa-42d7-acc8-af6d6cec0524\") "
2025-01-30 18:34:28,062 INFO c.h.h.t.HelmChartContainer - [K3S] [reconciler_common.go:162] "operationExecutor.UnmountVolume started for volume \"broker-configuration\" (UniqueName: \"kubernetes.io/configmap/0c793225-0eaa-42d7-acc8-af6d6cec0524-broker-configuration\") pod \"0c793225-0eaa-42d7-acc8-af6d6cec0524\" (UID: \"0c793225-0eaa-42d7-acc8-af6d6cec0524\") "
2025-01-30 18:34:28,062 INFO c.h.h.t.HelmChartContainer - [K3S] [reconciler_common.go:162] "operationExecutor.UnmountVolume started for volume \"pod-info\" (UniqueName: \"kubernetes.io/configmap/0c793225-0eaa-42d7-acc8-af6d6cec0524-pod-info\") pod \"0c793225-0eaa-42d7-acc8-af6d6cec0524\" (UID: \"0c793225-0eaa-42d7-acc8-af6d6cec0524\") "
2025-01-30 18:34:28,162 INFO c.h.h.t.HelmChartContainer - [K3S] [reconciler_common.go:299] "Volume detached for volume \"broker-configuration\" (UniqueName: \"kubernetes.io/configmap/0c793225-0eaa-42d7-acc8-af6d6cec0524-broker-configuration\") on node \"794c46978a70\" DevicePath \"\""
2025-01-30 18:34:28,162 INFO c.h.h.t.HelmChartContainer - [K3S] [reconciler_common.go:299] "Volume detached for volume \"pod-info\" (UniqueName: \"kubernetes.io/configmap/0c793225-0eaa-42d7-acc8-af6d6cec0524-pod-info\") on node \"794c46978a70\" DevicePath \"\""
2025-01-30 18:34:28,162 INFO c.h.h.t.HelmChartContainer - [K3S] [reconciler_common.go:299] "Volume detached for volume \"kube-api-access-cchrm\" (UniqueName: \"kubernetes.io/projected/0c793225-0eaa-42d7-acc8-af6d6cec0524-kube-api-access-cchrm\") on node \"794c46978a70\" DevicePath \"\""
2025-01-30 18:34:28,162 INFO c.h.h.t.HelmChartContainer - [K3S] [reconciler_common.go:299] "Volume detached for volume \"extension-configuration-hivemq-distributed-tracing-extension\" (UniqueName: \"kubernetes.io/configmap/0c793225-0eaa-42d7-acc8-af6d6cec0524-extension-configuration-hivemq-distributed-tracing-extension\") on node \"794c46978a70\" DevicePath \"\""
2025-01-30 18:34:28,162 INFO c.h.h.t.HelmChartContainer - [K3S] [reconciler_common.go:299] "Volume detached for volume \"licenses\" (UniqueName: \"kubernetes.io/secret/0c793225-0eaa-42d7-acc8-af6d6cec0524-licenses\") on node \"794c46978a70\" DevicePath \"\""
2025-01-30 18:34:28,162 INFO c.h.h.t.HelmChartContainer - [K3S] [reconciler_common.go:299] "Volume detached for volume \"operator-init\" (UniqueName: \"kubernetes.io/empty-dir/0c793225-0eaa-42d7-acc8-af6d6cec0524-operator-init\") on node \"794c46978a70\" DevicePath \"\""
2025-01-30 18:34:28,609 INFO c.h.h.t.HelmChartContainer - [K3S] [scope.go:117] "RemoveContainer" containerID="8df7efef73fa1ec64d537a4e1407a0096d97ccda99608ad5334c728e6c845bb6"
2025-01-30 18:34:28,628 INFO c.h.h.t.HelmChartContainer - [POD] test-hivemq-platform-0 [0c793225-0eaa-42d7-acc8-af6d6cec0524] in helmextensionlicensesit was MODIFIED
2025-01-30 18:34:28,637 INFO c.h.h.t.HelmChartContainer - [POD] test-hivemq-platform-0 [0c793225-0eaa-42d7-acc8-af6d6cec0524] in helmextensionlicensesit was DELETED
2025-01-30 18:34:28,709 INFO c.h.h.t.HelmChartContainer - [K3S] [scope.go:117] "RemoveContainer" containerID="dac61a97eac60dd49f0551e0499cc24015a71e5347365b752a1496fce9a98e57"
2025-01-30 18:34:28,712 INFO c.h.h.t.HelmChartContainer - [K3S] [scope.go:117] "RemoveContainer" containerID="8df7efef73fa1ec64d537a4e1407a0096d97ccda99608ad5334c728e6c845bb6"
2025-01-30 18:34:28,712 INFO c.h.h.t.HelmChartContainer - [K3S] [scope.go:117] "RemoveContainer" containerID="dac61a97eac60dd49f0551e0499cc24015a71e5347365b752a1496fce9a98e57"
2025-01-30 18:34:28,981 INFO c.h.h.t.HelmChartContainer - [K3S] [kubelet_volumes.go:163] "Cleaned up orphaned pod volumes dir" podUID="0c793225-0eaa-42d7-acc8-af6d6cec0524" path="/var/lib/kubelet/pods/0c793225-0eaa-42d7-acc8-af6d6cec0524/volumes"
2025-01-30 18:34:32,678 INFO c.h.h.t.HelmChartContainer - Namespace 'helmextensionlicensesit' deleted
2025-01-30 18:34:32,678 INFO c.h.h.t.HelmChartContainer - Release 'test-hivemq-platform' in namespace 'helmextensionlicensesit' is uninstalled
2025-01-30 18:34:32,678 INFO c.h.h.t.HelmChartContainer - Uninstalling release 'test-hivemq-platform-operator' in namespace 'helmextensionlicensesit-operator'...
2025-01-30 18:34:32,678 DEBUG c.h.h.t.HelmChartContainer - Executing helm command: /bin/helm --kubeconfig /etc/rancher/k3s/k3s.yaml uninstall test-hivemq-platform-operator  --wait --timeout 5m0s --cascade foreground --namespace helmextensionlicensesit-operator
2025-01-30 18:34:32,831 INFO c.h.h.t.HelmChartContainer - [K3S] [replica_set.go:679] "Finished syncing" kind="ReplicaSet" key="helmextensionlicensesit-operator/hivemq-test-hivemq-platform-operator-6966f96d65" duration="8.068731ms"
2025-01-30 18:34:32,831 INFO c.h.h.t.HelmChartContainer - [K3S] [replica_set.go:679] "Finished syncing" kind="ReplicaSet" key="helmextensionlicensesit-operator/hivemq-test-hivemq-platform-operator-6966f96d65" duration="60.243µs"
2025-01-30 18:34:32,843 INFO c.h.h.t.HelmChartContainer - [POD] hivemq-test-hivemq-platform-operator-6966f96d65-g5n2s [28830dc9-c2e6-42cd-825d-f63efa472224] in helmextensionlicensesit-operator was MODIFIED
2025-01-30 18:34:32,863 INFO c.h.h.t.HelmChartContainer - [EVENT] Normal [Killing] Stopping container hivemq-platform-operator [helmextensionlicensesit-operator:hivemq-test-hivemq-platform-operator-6966f96d65-g5n2s]
2025-01-30 18:34:32,863 INFO c.h.h.t.HelmChartContainer - Received Killing event for container hivemq-platform-operator in pod hivemq-test-hivemq-platform-operator-6966f96d65-g5n2s [28830dc9-c2e6-42cd-825d-f63efa472224]
2025-01-30 18:34:32,863 INFO c.h.h.t.HelmChartContainer - Container [hivemq-test-hivemq-platform-operator-6966f96d65-g5n2s] [hivemq-platform-operator] [28830dc9-c2e6-42cd-825d-f63efa472224] was terminated
2025-01-30 18:34:32,863 INFO c.h.h.t.HelmChartContainer - Stopped log watcher for hivemq-platform-operator in pod hivemq-test-hivemq-platform-operator-6966f96d65-g5n2s [28830dc9-c2e6-42cd-825d-f63efa472224]
2025-01-30 18:34:32,865 INFO c.h.h.t.HelmChartContainer - [K3S] [replica_set.go:679] "Finished syncing" kind="ReplicaSet" key="helmextensionlicensesit-operator/hivemq-test-hivemq-platform-operator-6966f96d65" duration="18.332081ms"
2025-01-30 18:34:32,868 INFO c.h.h.t.HelmChartContainer - [K3S] [replica_set.go:679] "Finished syncing" kind="ReplicaSet" key="helmextensionlicensesit-operator/hivemq-test-hivemq-platform-operator-6966f96d65" duration="36.208µs"
2025-01-30 18:34:32,892 INFO c.h.h.t.HelmChartContainer - [hivemq-test-hivemq-platform] [hivemq-platform-operator] [28830dc9] 18:34:32.890 [application-shutdown-thread] INFO  c.h.p.o.HiveMQPlatformOperatorApplication - HiveMQ Platform Operator is stopping...
2025-01-30 18:34:32,892 INFO c.h.h.t.HelmChartContainer - [hivemq-test-hivemq-platform] [hivemq-platform-operator] [28830dc9] 18:34:32.890 [application-shutdown-thread] INFO  i.javaoperatorsdk.operator.Operator - Operator SDK 4.9.7 is shutting down...
2025-01-30 18:34:33,475 INFO c.h.h.t.HelmChartContainer - [K3S] [replica_set.go:679] "Finished syncing" kind="ReplicaSet" key="helmextensionlicensesit-operator/hivemq-test-hivemq-platform-operator-6966f96d65" duration="53.891µs"
2025-01-30 18:34:33,477 INFO c.h.h.t.HelmChartContainer - [POD] hivemq-test-hivemq-platform-operator-6966f96d65-g5n2s [28830dc9-c2e6-42cd-825d-f63efa472224] in helmextensionlicensesit-operator was MODIFIED
2025-01-30 18:34:33,588 INFO c.h.h.t.HelmChartContainer - [K3S] [reconciler_common.go:162] "operationExecutor.UnmountVolume started for volume \"kube-api-access-4xknk\" (UniqueName: \"kubernetes.io/projected/28830dc9-c2e6-42cd-825d-f63efa472224-kube-api-access-4xknk\") pod \"28830dc9-c2e6-42cd-825d-f63efa472224\" (UID: \"28830dc9-c2e6-42cd-825d-f63efa472224\") "
2025-01-30 18:34:33,619 INFO c.h.h.t.HelmChartContainer - [K3S] [scope.go:117] "RemoveContainer" containerID="00549d58196e8c9ec190a21234179d7b03a53b48350db1158eb782b30354125d"
2025-01-30 18:34:33,622 INFO c.h.h.t.HelmChartContainer - [K3S] [scope.go:117] "RemoveContainer" containerID="00549d58196e8c9ec190a21234179d7b03a53b48350db1158eb782b30354125d"
2025-01-30 18:34:33,630 INFO c.h.h.t.HelmChartContainer - [K3S] [replica_set.go:679] "Finished syncing" kind="ReplicaSet" key="helmextensionlicensesit-operator/hivemq-test-hivemq-platform-operator-6966f96d65" duration="301.795µs"
2025-01-30 18:34:33,630 INFO c.h.h.t.HelmChartContainer - [POD] hivemq-test-hivemq-platform-operator-6966f96d65-g5n2s [28830dc9-c2e6-42cd-825d-f63efa472224] in helmextensionlicensesit-operator was MODIFIED
2025-01-30 18:34:33,632 INFO c.h.h.t.HelmChartContainer - [POD] hivemq-test-hivemq-platform-operator-6966f96d65-g5n2s [28830dc9-c2e6-42cd-825d-f63efa472224] in helmextensionlicensesit-operator was DELETED
2025-01-30 18:34:33,632 INFO c.h.h.t.HelmChartContainer - [K3S] [replica_set.go:679] "Finished syncing" kind="ReplicaSet" key="helmextensionlicensesit-operator/hivemq-test-hivemq-platform-operator-6966f96d65" duration="27.892µs"
2025-01-30 18:34:33,643 INFO c.h.h.t.HelmChartContainer - [K3S] [replica_set.go:679] "Finished syncing" kind="ReplicaSet" key="helmextensionlicensesit-operator/hivemq-test-hivemq-platform-operator-6966f96d65" duration="5.751µs"
2025-01-30 18:34:33,688 INFO c.h.h.t.HelmChartContainer - [K3S] [reconciler_common.go:299] "Volume detached for volume \"kube-api-access-4xknk\" (UniqueName: \"kubernetes.io/projected/28830dc9-c2e6-42cd-825d-f63efa472224-kube-api-access-4xknk\") on node \"794c46978a70\" DevicePath \"\""
2025-01-30 18:34:34,884 INFO c.h.h.t.HelmChartContainer - Deleting namespace 'helmextensionlicensesit-operator'...
2025-01-30 18:34:34,981 INFO c.h.h.t.HelmChartContainer - [K3S] [kubelet_volumes.go:163] "Cleaned up orphaned pod volumes dir" podUID="28830dc9-c2e6-42cd-825d-f63efa472224" path="/var/lib/kubelet/pods/28830dc9-c2e6-42cd-825d-f63efa472224/volumes"
2025-01-30 18:34:37,601 INFO c.h.h.t.HelmChartContainer - [K3S] [namespace_controller.go:187] "Namespace has been deleted" namespace="helmextensionlicensesit"
2025-01-30 18:34:40,100 INFO c.h.h.t.HelmChartContainer - Namespace 'helmextensionlicensesit-operator' deleted
2025-01-30 18:34:40,100 INFO c.h.h.t.HelmChartContainer - Release 'test-hivemq-platform-operator' in namespace 'helmextensionlicensesit-operator' is uninstalled
2025-01-30 18:34:40,806 INFO c.h.helmcharts.AbstractHelmChartIT - Removed unused containers:

2025-01-30 18:34:45,005 INFO c.h.h.t.HelmChartContainer - [K3S] [namespace_controller.go:187] "Namespace has been deleted" namespace="helmextensionlicensesit-operator"
2025-01-30 18:34:48,502 INFO c.h.helmcharts.AbstractHelmChartIT - Removed unused snapshots:
Removing snapshot sha256:03af251906410714c5aef9fa705b63f6bbc39c4a5e787de7361eeb18886c2ed2
Removing snapshot sha256:0c46b3b43cce082ce5ec34ffc6c294e0417d17b9d1e6f366d114b6aadc4f96dc
Removing snapshot sha256:0ce761beee59082d6ed5bcebd3a805b8ddd9b3426b617e4809e7fb7c6587ffec
Removing snapshot sha256:0df91287303208332c8ff6ba40ae4710105201739addbfbddfb955f1ad593664
Removing snapshot sha256:1021ef88c7974bfff89c5a0ec4fd3160daac6c48a075f74cff721f85dd104e68
Removing snapshot sha256:10aba4953ddc18145dd38e3704709bc464aa20af60b56fe52caaff4b68411e62
Removing snapshot sha256:2573e0d8158209ed54ab25c87bcdcb00bd3d2539246960a3d592a1c599d70465
Removing snapshot sha256:362a8a37f8bbc31925a8146adcf7cf51f9882f5c1dcbef67c5baa03a297543c0
Removing snapshot sha256:3fa4ad33f0ddc8fd45b39b6b4640f82a3a83619606cd975bfe89d8710ad2d4cd
Removing snapshot sha256:43a7c979bbaba6838bc3102d6b10a1459f3ab050b87ccdfef84ef90cf43d3058
Removing snapshot sha256:4ab04491cdf0d3267f08206fe30bd48f49f94b9cab2f016d6739220f722a64af
Removing snapshot sha256:4b6068250e89c96f263060261819c7d912855bfbd64b3eb4c4a8483299b8c295
Removing snapshot sha256:580e69a0a8034ede1921139bbd2bfb72a69ebf276d008281896c32dd8bf74775
Removing snapshot sha256:5d30ba46b27fe37484567ccc5242cadc78217b8da605f3f195ef25cbf7487904
Removing snapshot sha256:63ca1fbb43ae5034640e5e6cb3e083e05c290072c5366fcaa9d62435a4cced85
Removing snapshot sha256:67f702c6baae873bceb19487c8b1f27bd2b86077e4f2f0e480e6d60ab508b8f5
Removing snapshot sha256:6864348dd42806d552efdec384f1274be15e2d0c10ce44c1f04347af004c10a9
Removing snapshot sha256:6c7dee8f2c39b84b7dc2711c01d33de93514d9055499173e9290176fbe484b6c
Removing snapshot sha256:6e934cf9cafa9d6dfba23deebeccf953e430fd1e23b1d98419a8a26ec913b93c
Removing snapshot sha256:82753493a6d61ded36556292f02f31841a14c20d2f279f19eaad65afb661d5cd
Removing snapshot sha256:8a10d3db42c505ee0fcfa98417bdd7e39b304f6bcc0a06bb1b220797ff2cc63c
Removing snapshot sha256:a0904247e36a7726c03c71ee48f3e64462021c88dafeb13f37fdaf613b27f11c
Removing snapshot sha256:a21e5b12dbac529ad45d976eb9ce45c881f3bedcc500fb30aba1e52aa1813418
Removing snapshot sha256:a52d3a2797b78d5a66a091baf6d81aee8ee135c1648782128f32dd670c509c47
Removing snapshot sha256:b921e6c28969094157f9b8e7244677780319637afd14450b7cb6b2fdea558a0c
Removing snapshot sha256:bc27ecb5769a00e309cf99ebc763c4a4b958b618d1decc96ffac5bc05f02f5b7
Removing snapshot sha256:be3ccb6627a5332e309d45ef461d09b4879dd870c7394d89323d0ebc6ca6aa8a
Removing snapshot sha256:c261f7cbbc64211ee175ee47273acdb7b1a36a4450b397a064a8f2c026490095
Removing snapshot sha256:c34d9393647eea0c9e3557ab988efaf59f61d10a2a5613b439ef0958cca5ec10
Removing snapshot sha256:ccf3c4a0fa967a41c1c83497a2ce6fa5787965859df0adb32c4ca2cf7490bc2b
Removing snapshot sha256:cf92d33f869417309692088c341cd0f223c178ea78a125f757317b22aa8f90e9
Removing snapshot sha256:d0037344cf2fb078884f1849f6a1f8cf9a33a3b6139b6a85833e5ee528e1f9a8
Removing snapshot sha256:d3b36d5b79273b1e98e7700470eaeff05a882e777124d84cebcc1505b85ecb36
Removing snapshot sha256:d65a44a37914602d12c611e5e22a50f11451d847e63015cc1c2aef92dee777a4
Removing snapshot sha256:e2dc0bae2455930f23ae570e019b7f32edc75c0f2d71cab084db837ff9051796
Removing snapshot sha256:eccbd24a99c60cd9e86ee5305dbfc4a4dc89f5ab4fb1f06c8d64797cecedef34
Removing snapshot sha256:f144bb4c7c7f0d2aa7eeffd36d934ec40db1ee167be727e326aad9fdc616f475

]]></system-out>
  </testcase>
  <system-out><![CDATA[2025-01-30 18:31:07,220 INFO c.h.h.t.HelmChartContainerExtension - Using cached HelmChartContainer instance
]]></system-out>
  <system-err><![CDATA[]]></system-err>
</testsuite>
