<?xml version="1.0" encoding="UTF-8"?>
<testsuite name="com.hivemq.helmcharts.platform.HelmRollingUpgradePlatformIT" tests="1" skipped="0" failures="0" errors="0" timestamp="2025-10-02T11:13:28" hostname="runnervm3ublj" time="103.899">
  <properties/>
  <testcase name="withPreviousPlatformInstalled_upgradeToLatestChartVersion()" classname="com.hivemq.helmcharts.platform.HelmRollingUpgradePlatformIT" time="103.899"/>
</testsuite>
