<?xml version="1.0" encoding="UTF-8"?>
<testsuite name="com.hivemq.helmcharts.services.HelmMqttIT" tests="5" skipped="0" failures="0" errors="0" timestamp="2025-02-11T11:34:12" hostname="fv-az1680-246" time="498.678">
  <properties/>
  <testcase name="platformChart_withCustomServiceName_thenSendsReceivesMessage()" classname="com.hivemq.helmcharts.services.HelmMqttIT" time="108.799"/>
  <testcase name="platformChart_whenMqttNodePortEnabled_thenSendsReceivesMessage()" classname="com.hivemq.helmcharts.services.HelmMqttIT" time="102.841"/>
  <testcase name="platformChart_whenMqttLoadBalancerEnabled_thenSendsReceivesMessage()" classname="com.hivemq.helmcharts.services.HelmMqttIT" time="97.662"/>
  <testcase name="platformChart_whenMqttAnnotationsEnabled_thenAnnotationsExist()" classname="com.hivemq.helmcharts.services.HelmMqttIT" time="97.608"/>
  <testcase name="platformChart_whenMqttEnabled_thenSendsReceivesMessage()" classname="com.hivemq.helmcharts.services.HelmMqttIT" time="91.767"/>
</testsuite>
