<?xml version="1.0" encoding="UTF-8"?>
<testsuite name="com.hivemq.helmcharts.extensions.HelmUpgradeExtensionIT" tests="2" skipped="0" failures="0" errors="0" timestamp="2025-01-28T21:17:15" hostname="fv-az1768-191" time="515.778">
  <properties/>
  <testcase name="withBridgeConfiguration_enableDisableBridge()" classname="com.hivemq.helmcharts.extensions.HelmUpgradeExtensionIT" time="214.546">
    <system-out><![CDATA[2025-01-28 21:17:15,760 INFO c.h.h.t.HelmChartContainer - Creating namespace 'helmupgradeextensionit-operator'...
2025-01-28 21:17:15,974 INFO c.h.h.t.HelmChartContainer - Namespace 'helmupgradeextensionit-operator' created
2025-01-28 21:17:15,975 INFO c.h.h.t.HelmChartContainer - Creating namespace 'helmupgradeextensionit'...
2025-01-28 21:17:15,975 INFO c.h.h.t.HelmChartContainer - [POD] coredns-ff8999cc5-cdcg6 [4980d0e8-288b-4661-851c-ac86365cfec6] in kube-system was ADDED
2025-01-28 21:17:15,977 INFO c.h.h.t.HelmChartContainer - [POD] local-path-provisioner-698b58967b-r8jdb [30bf2b64-e331-4376-80fe-656d05f8df90] in kube-system was ADDED
2025-01-28 21:17:15,979 INFO c.h.h.t.HelmChartContainer - [POD] metrics-server-8584b5786c-qqkv4 [0fc764f7-bcd7-4d5d-ad20-834214650e6f] in kube-system was ADDED
2025-01-28 21:17:15,983 INFO c.h.h.t.HelmChartContainer - Namespace 'helmupgradeextensionit' created
2025-01-28 21:17:16,049 DEBUG c.h.h.t.HelmChartContainer - Executing helm command: /bin/helm --kubeconfig /etc/rancher/k3s/k3s.yaml install test-hivemq-platform-operator /charts/hivemq-platform-operator --wait --timeout 5m0s --set image.repository=docker.io/hivemq --set image.name=hivemq-platform-operator-test --set image.initImageName=hivemq-platform-operator-init-test --set image.tag=snapshot --set image.pullPolicy=Never --set logLevel=DEBUG --set resources.cpu=512m --namespace helmupgradeextensionit-operator
2025-01-28 21:17:18,398 INFO c.h.h.t.HelmChartContainer - [K3S] [alloc.go:330] "allocated clusterIPs" service="helmupgradeextensionit-operator/hivemq-platform-operator-test-hivemq-platform-operator" clusterIPs={"IPv4":"10.43.254.190"}
2025-01-28 21:17:18,413 INFO c.h.h.t.HelmChartContainer - [EVENT] Normal [ScalingReplicaSet] Scaled up replica set hivemq-test-hivemq-platform-operator-6966f96d65 from 0 to 1 [helmupgradeextensionit-operator:hivemq-test-hivemq-platform-operator]
2025-01-28 21:17:18,424 INFO c.h.h.t.HelmChartContainer - [K3S] [replica_set.go:679] "Finished syncing" kind="ReplicaSet" key="helmupgradeextensionit-operator/hivemq-test-hivemq-platform-operator-6966f96d65" duration="13.480124ms"
2025-01-28 21:17:18,428 INFO c.h.h.t.HelmChartContainer - [POD] hivemq-test-hivemq-platform-operator-6966f96d65-mqcv8 [229cbb2e-d244-45ac-ae80-ab9737fa60c0] in helmupgradeextensionit-operator was ADDED
2025-01-28 21:17:18,440 INFO c.h.h.t.HelmChartContainer - [EVENT] Normal [Scheduled] Successfully assigned helmupgradeextensionit-operator/hivemq-test-hivemq-platform-operator-6966f96d65-mqcv8 to 42ea5d3d1b91 [helmupgradeextensionit-operator:hivemq-test-hivemq-platform-operator-6966f96d65-mqcv8]
2025-01-28 21:17:18,441 INFO c.h.h.t.HelmChartContainer - [EVENT] Normal [SuccessfulCreate] Created pod: hivemq-test-hivemq-platform-operator-6966f96d65-mqcv8 [helmupgradeextensionit-operator:hivemq-test-hivemq-platform-operator-6966f96d65]
2025-01-28 21:17:18,444 INFO c.h.h.t.HelmChartContainer - [POD] hivemq-test-hivemq-platform-operator-6966f96d65-mqcv8 [229cbb2e-d244-45ac-ae80-ab9737fa60c0] in helmupgradeextensionit-operator was MODIFIED
2025-01-28 21:17:18,455 INFO c.h.h.t.HelmChartContainer - [K3S] [replica_set.go:679] "Finished syncing" kind="ReplicaSet" key="helmupgradeextensionit-operator/hivemq-test-hivemq-platform-operator-6966f96d65" duration="29.626248ms"
2025-01-28 21:17:18,457 INFO c.h.h.t.HelmChartContainer - [POD] hivemq-test-hivemq-platform-operator-6966f96d65-mqcv8 [229cbb2e-d244-45ac-ae80-ab9737fa60c0] in helmupgradeextensionit-operator was MODIFIED
2025-01-28 21:17:18,466 INFO c.h.h.t.HelmChartContainer - [K3S] [replica_set.go:679] "Finished syncing" kind="ReplicaSet" key="helmupgradeextensionit-operator/hivemq-test-hivemq-platform-operator-6966f96d65" duration="13.201631ms"
2025-01-28 21:17:18,467 INFO c.h.h.t.HelmChartContainer - [K3S] [replica_set.go:679] "Finished syncing" kind="ReplicaSet" key="helmupgradeextensionit-operator/hivemq-test-hivemq-platform-operator-6966f96d65" duration="34.925µs"
2025-01-28 21:17:18,619 INFO c.h.h.t.HelmChartContainer - [K3S] [reconciler_common.go:251] "operationExecutor.VerifyControllerAttachedVolume started for volume \"kube-api-access-jfdg2\" (UniqueName: \"kubernetes.io/projected/229cbb2e-d244-45ac-ae80-ab9737fa60c0-kube-api-access-jfdg2\") pod \"hivemq-test-hivemq-platform-operator-6966f96d65-mqcv8\" (UID: \"229cbb2e-d244-45ac-ae80-ab9737fa60c0\") " pod="helmupgradeextensionit-operator/hivemq-test-hivemq-platform-operator-6966f96d65-mqcv8"
2025-01-28 21:17:18,835 INFO c.h.h.t.HelmChartContainer - [EVENT] Normal [Pulled] Container image "docker.io/hivemq/hivemq-platform-operator-test:snapshot" already present on machine [helmupgradeextensionit-operator:hivemq-test-hivemq-platform-operator-6966f96d65-mqcv8]
2025-01-28 21:17:18,836 INFO c.h.h.t.HelmChartContainer - Received Pulled event for container hivemq-platform-operator in pod hivemq-test-hivemq-platform-operator-6966f96d65-mqcv8 [229cbb2e-d244-45ac-ae80-ab9737fa60c0]
2025-01-28 21:17:18,842 INFO c.h.h.t.HelmChartContainer - [EVENT] Normal [Created] Created container: hivemq-platform-operator [helmupgradeextensionit-operator:hivemq-test-hivemq-platform-operator-6966f96d65-mqcv8]
2025-01-28 21:17:18,843 INFO c.h.h.t.HelmChartContainer - Received Created event for container hivemq-platform-operator in pod hivemq-test-hivemq-platform-operator-6966f96d65-mqcv8 [229cbb2e-d244-45ac-ae80-ab9737fa60c0]
2025-01-28 21:17:19,317 INFO c.h.h.t.HelmChartContainer - [K3S] [replica_set.go:679] "Finished syncing" kind="ReplicaSet" key="helmupgradeextensionit-operator/hivemq-test-hivemq-platform-operator-6966f96d65" duration="45.345µs"
2025-01-28 21:17:19,323 INFO c.h.h.t.HelmChartContainer - [POD] hivemq-test-hivemq-platform-operator-6966f96d65-mqcv8 [229cbb2e-d244-45ac-ae80-ab9737fa60c0] in helmupgradeextensionit-operator was MODIFIED
2025-01-28 21:17:19,338 INFO c.h.h.t.HelmChartContainer - [EVENT] Normal [Started] Started container hivemq-platform-operator [helmupgradeextensionit-operator:hivemq-test-hivemq-platform-operator-6966f96d65-mqcv8]
2025-01-28 21:17:19,338 INFO c.h.h.t.HelmChartContainer - Received Started event for container hivemq-platform-operator in pod hivemq-test-hivemq-platform-operator-6966f96d65-mqcv8 [229cbb2e-d244-45ac-ae80-ab9737fa60c0]
2025-01-28 21:17:19,338 INFO c.h.h.t.HelmChartContainer - Started log watcher for hivemq-platform-operator in pod hivemq-test-hivemq-platform-operator-6966f96d65-mqcv8 [229cbb2e-d244-45ac-ae80-ab9737fa60c0]
2025-01-28 21:17:19,340 INFO c.h.h.t.HelmChartContainer - [hivemq-test-hivemq-platform] [hivemq-platform-operator] [229cbb2e] -------------------------------------------------------------------------
2025-01-28 21:17:19,340 INFO c.h.h.t.HelmChartContainer - [hivemq-test-hivemq-platform] [hivemq-platform-operator] [229cbb2e] 
2025-01-28 21:17:19,340 INFO c.h.h.t.HelmChartContainer - [hivemq-test-hivemq-platform] [hivemq-platform-operator] [229cbb2e]                   _    _  _              __  __   ____
2025-01-28 21:17:19,340 INFO c.h.h.t.HelmChartContainer - [hivemq-test-hivemq-platform] [hivemq-platform-operator] [229cbb2e]                  | |  | |(_)            |  \/  | / __ \
2025-01-28 21:17:19,340 INFO c.h.h.t.HelmChartContainer - [hivemq-test-hivemq-platform] [hivemq-platform-operator] [229cbb2e]                  | |__| | _ __   __ ___ | \  / || |  | |
2025-01-28 21:17:19,340 INFO c.h.h.t.HelmChartContainer - [hivemq-test-hivemq-platform] [hivemq-platform-operator] [229cbb2e]                  |  __  || |\ \ / // _ \| |\/| || |  | |
2025-01-28 21:17:19,340 INFO c.h.h.t.HelmChartContainer - [hivemq-test-hivemq-platform] [hivemq-platform-operator] [229cbb2e]                  | |  | || | \ V /|  __/| |  | || |__| |
2025-01-28 21:17:19,340 INFO c.h.h.t.HelmChartContainer - [hivemq-test-hivemq-platform] [hivemq-platform-operator] [229cbb2e]                  |_|  |_||_|  \_/  \___||_|  |_| \___\_\
2025-01-28 21:17:19,340 INFO c.h.h.t.HelmChartContainer - [hivemq-test-hivemq-platform] [hivemq-platform-operator] [229cbb2e] 
2025-01-28 21:17:19,340 INFO c.h.h.t.HelmChartContainer - [hivemq-test-hivemq-platform] [hivemq-platform-operator] [229cbb2e] -------------------------------------------------------------------------
2025-01-28 21:17:19,340 INFO c.h.h.t.HelmChartContainer - [hivemq-test-hivemq-platform] [hivemq-platform-operator] [229cbb2e] 
2025-01-28 21:17:19,340 INFO c.h.h.t.HelmChartContainer - [hivemq-test-hivemq-platform] [hivemq-platform-operator] [229cbb2e]   HiveMQ Platform Operator Start Script v1.0
2025-01-28 21:17:19,340 INFO c.h.h.t.HelmChartContainer - [hivemq-test-hivemq-platform] [hivemq-platform-operator] [229cbb2e] 
2025-01-28 21:17:19,340 INFO c.h.h.t.HelmChartContainer - [hivemq-test-hivemq-platform] [hivemq-platform-operator] [229cbb2e] -------------------------------------------------------------------------
2025-01-28 21:17:19,340 INFO c.h.h.t.HelmChartContainer - [hivemq-test-hivemq-platform] [hivemq-platform-operator] [229cbb2e] 
2025-01-28 21:17:19,340 INFO c.h.h.t.HelmChartContainer - [hivemq-test-hivemq-platform] [hivemq-platform-operator] [229cbb2e]   JAVA_OPTS: -XX:+UnlockExperimentalVMOptions -XX:InitialRAMPercentage=75 -XX:MaxRAMPercentage=75 -Duser.language=en -Duser.region=US
2025-01-28 21:17:19,340 INFO c.h.h.t.HelmChartContainer - [hivemq-test-hivemq-platform] [hivemq-platform-operator] [229cbb2e] 
2025-01-28 21:17:19,340 INFO c.h.h.t.HelmChartContainer - [hivemq-test-hivemq-platform] [hivemq-platform-operator] [229cbb2e]   JAVA_VERSION: 21
2025-01-28 21:17:19,340 INFO c.h.h.t.HelmChartContainer - [hivemq-test-hivemq-platform] [hivemq-platform-operator] [229cbb2e] 
2025-01-28 21:17:19,340 INFO c.h.h.t.HelmChartContainer - [hivemq-test-hivemq-platform] [hivemq-platform-operator] [229cbb2e] -------------------------------------------------------------------------
2025-01-28 21:17:19,340 INFO c.h.h.t.HelmChartContainer - [hivemq-test-hivemq-platform] [hivemq-platform-operator] [229cbb2e] 
2025-01-28 21:17:23,393 INFO c.h.h.t.HelmChartContainer - [hivemq-test-hivemq-platform] [hivemq-platform-operator] [229cbb2e] 21:17:23.390 [main] DEBUG org.jboss.logging - Logging Provider: org.jboss.logging.Slf4jLoggerProvider
2025-01-28 21:17:23,490 INFO c.h.h.t.HelmChartContainer - [hivemq-test-hivemq-platform] [hivemq-platform-operator] [229cbb2e] 21:17:23.488 [main] DEBUG io.smallrye.config - SRCFG01006: Loaded ConfigSource SysPropConfigSource with ordinal 400
2025-01-28 21:17:23,491 INFO c.h.h.t.HelmChartContainer - [hivemq-test-hivemq-platform] [hivemq-platform-operator] [229cbb2e] 21:17:23.489 [main] DEBUG io.smallrye.config - SRCFG01006: Loaded ConfigSource EnvConfigSource with ordinal 300
2025-01-28 21:17:23,491 INFO c.h.h.t.HelmChartContainer - [hivemq-test-hivemq-platform] [hivemq-platform-operator] [229cbb2e] 21:17:23.489 [main] DEBUG io.smallrye.config - SRCFG01006: Loaded ConfigSource PropertiesConfigSource[source=jar:file:///opt/hivemq-platform-operator/bin/hivemq-platform-operator.jar!/hivemq-platform-operator.properties] with ordinal 100
2025-01-28 21:17:23,491 INFO c.h.h.t.HelmChartContainer - [hivemq-test-hivemq-platform] [hivemq-platform-operator] [229cbb2e] 21:17:23.489 [main] DEBUG io.smallrye.config - SRCFG01006: Loaded ConfigSource DefaultValuesConfigSource with ordinal -2147483648
2025-01-28 21:17:23,593 INFO c.h.h.t.HelmChartContainer - [hivemq-test-hivemq-platform] [hivemq-platform-operator] [229cbb2e] 21:17:23.591 [main] DEBUG i.m.c.u.i.l.InternalLoggerFactory - Using SLF4J as the default logging framework
2025-01-28 21:17:23,699 INFO c.h.h.t.HelmChartContainer - [hivemq-test-hivemq-platform] [hivemq-platform-operator] [229cbb2e] 21:17:23.692 [main] INFO  c.h.p.o.HiveMQPlatformOperatorApplication - HiveMQ Platform Operator 1.7.0-SNAPSHOT (commit: bebf408 on branch: HEAD) built on Sun Jan 26 20:47:47 UTC 2025
2025-01-28 21:17:23,702 INFO c.h.h.t.HelmChartContainer - [hivemq-test-hivemq-platform] [hivemq-platform-operator] [229cbb2e] 21:17:23.698 [main] INFO  c.h.p.o.HiveMQPlatformOperatorApplication - HiveMQ Platform Operator is running in namespace: helmupgradeextensionit-operator
2025-01-28 21:17:23,702 INFO c.h.h.t.HelmChartContainer - [hivemq-test-hivemq-platform] [hivemq-platform-operator] [229cbb2e] 21:17:23.698 [main] INFO  c.h.p.o.HiveMQPlatformOperatorApplication - Watching all namespaces
2025-01-28 21:17:23,703 INFO c.h.h.t.HelmChartContainer - [hivemq-test-hivemq-platform] [hivemq-platform-operator] [229cbb2e] 21:17:23.698 [main] INFO  c.h.p.o.HiveMQPlatformOperatorApplication - Log level: DEBUG
2025-01-28 21:17:23,703 INFO c.h.h.t.HelmChartContainer - [hivemq-test-hivemq-platform] [hivemq-platform-operator] [229cbb2e] 21:17:23.698 [main] INFO  c.h.p.o.HiveMQPlatformOperatorApplication - Release name: test-hivemq-platform-operator
2025-01-28 21:17:23,703 INFO c.h.h.t.HelmChartContainer - [hivemq-test-hivemq-platform] [hivemq-platform-operator] [229cbb2e] 21:17:23.698 [main] INFO  c.h.p.o.HiveMQPlatformOperatorApplication - HiveMQ Platform Operator Init image: docker.io/hivemq/hivemq-platform-operator-init-test:snapshot
2025-01-28 21:17:23,703 INFO c.h.h.t.HelmChartContainer - [hivemq-test-hivemq-platform] [hivemq-platform-operator] [229cbb2e] 21:17:23.699 [main] INFO  c.h.p.o.HiveMQPlatformOperatorApplication - HiveMQ Platform Operator Init App update URL: http://hivemq-platform-operator-test-hivemq-platform-operator.helmupgradeextensionit-operator.svc:8080/initAppUpdate/hivemq-platform-operator-init-app-1.7.0-SNAPSHOT.jar
2025-01-28 21:17:23,703 INFO c.h.h.t.HelmChartContainer - [hivemq-test-hivemq-platform] [hivemq-platform-operator] [229cbb2e] 21:17:23.699 [main] INFO  c.h.p.o.HiveMQPlatformOperatorApplication - Additional imagePullSecret for all Platform deployments: none
2025-01-28 21:17:23,703 INFO c.h.h.t.HelmChartContainer - [hivemq-test-hivemq-platform] [hivemq-platform-operator] [229cbb2e] 21:17:23.699 [main] INFO  c.h.p.o.HiveMQPlatformOperatorApplication - Apply HiveMQ Platform CRD: true
2025-01-28 21:17:23,703 INFO c.h.h.t.HelmChartContainer - [hivemq-test-hivemq-platform] [hivemq-platform-operator] [229cbb2e] 21:17:23.699 [main] INFO  c.h.p.o.HiveMQPlatformOperatorApplication - Create Platform ServiceAccount: true
2025-01-28 21:17:23,703 INFO c.h.h.t.HelmChartContainer - [hivemq-test-hivemq-platform] [hivemq-platform-operator] [229cbb2e] 21:17:23.699 [main] INFO  c.h.p.o.HiveMQPlatformOperatorApplication - Create Platform ServiceAccount permissions: true
2025-01-28 21:17:23,703 INFO c.h.h.t.HelmChartContainer - [hivemq-test-hivemq-platform] [hivemq-platform-operator] [229cbb2e] 21:17:23.699 [main] INFO  c.h.p.o.HiveMQPlatformOperatorApplication - Validate Platform ServiceAccount: true
2025-01-28 21:17:23,703 INFO c.h.h.t.HelmChartContainer - [hivemq-test-hivemq-platform] [hivemq-platform-operator] [229cbb2e] 21:17:23.699 [main] INFO  c.h.p.o.HiveMQPlatformOperatorApplication - Validate Platform ServiceAccount permissions: true
2025-01-28 21:17:23,797 INFO c.h.h.t.HelmChartContainer - [hivemq-test-hivemq-platform] [hivemq-platform-operator] [229cbb2e] 21:17:23.796 [main] INFO  c.h.platform.operator.util.CRDUtil - Verifying deployed HiveMQ Platform CRD...
2025-01-28 21:17:26,314 INFO c.h.h.t.HelmChartContainer - [POD] metrics-server-8584b5786c-qqkv4 [0fc764f7-bcd7-4d5d-ad20-834214650e6f] in kube-system was MODIFIED
2025-01-28 21:17:26,319 INFO c.h.h.t.HelmChartContainer - [K3S] [replica_set.go:679] "Finished syncing" kind="ReplicaSet" key="kube-system/metrics-server-8584b5786c" duration="7.529923ms"
2025-01-28 21:17:26,321 INFO c.h.h.t.HelmChartContainer - [K3S] [replica_set.go:679] "Finished syncing" kind="ReplicaSet" key="kube-system/metrics-server-8584b5786c" duration="33.192µs"
2025-01-28 21:17:26,494 INFO c.h.h.t.HelmChartContainer - [hivemq-test-hivemq-platform] [hivemq-platform-operator] [229cbb2e] 21:17:26.493 [main] DEBUG c.h.platform.operator.util.CRDUtil - HiveMQ Platform CRD version v1 is up to date
2025-01-28 21:17:26,496 INFO c.h.h.t.HelmChartContainer - [hivemq-test-hivemq-platform] [hivemq-platform-operator] [229cbb2e] 21:17:26.493 [main] INFO  c.h.platform.operator.util.CRDUtil - HiveMQ Platform CRD is up to date (version: V1_6_0)
2025-01-28 21:17:26,496 INFO c.h.h.t.HelmChartContainer - [hivemq-test-hivemq-platform] [hivemq-platform-operator] [229cbb2e] 21:17:26.493 [main] INFO  c.h.platform.operator.util.CRDUtil - Waiting 10000 ms for HiveMQ Platform CRD 'hivemq-platforms.hivemq.com' to become ready...
2025-01-28 21:17:26,803 INFO c.h.h.t.HelmChartContainer - [hivemq-test-hivemq-platform] [hivemq-platform-operator] [229cbb2e] 21:17:26.800 [vert.x-eventloop-thread-1] DEBUG c.h.platform.operator.util.CRDUtil - Checking CRD condition 'NamesAccepted' (status: 'True')
2025-01-28 21:17:26,803 INFO c.h.h.t.HelmChartContainer - [hivemq-test-hivemq-platform] [hivemq-platform-operator] [229cbb2e] 21:17:26.801 [vert.x-eventloop-thread-1] DEBUG c.h.platform.operator.util.CRDUtil - Checking CRD condition 'Established' (status: 'True')
2025-01-28 21:17:26,803 INFO c.h.h.t.HelmChartContainer - [hivemq-test-hivemq-platform] [hivemq-platform-operator] [229cbb2e] 21:17:26.801 [main] INFO  c.h.platform.operator.util.CRDUtil - HiveMQ Platform CRD 'hivemq-platforms.hivemq.com' is ready
2025-01-28 21:17:26,993 INFO c.h.h.t.HelmChartContainer - [hivemq-test-hivemq-platform] [hivemq-platform-operator] [229cbb2e] 21:17:26.992 [main] INFO  c.h.p.o.HiveMQPlatformReconciler - HiveMQ Platform Operator is starting...
2025-01-28 21:17:27,022 INFO c.h.h.t.HelmChartContainer - [hivemq-test-hivemq-platform] [hivemq-platform-operator] [229cbb2e] 21:17:27.021 [main] WARN  Default ConfigurationService implementation - Configuration for reconciler 'hivemq-controller' was not found. Known reconcilers: None.
2025-01-28 21:17:27,095 INFO c.h.h.t.HelmChartContainer - [hivemq-test-hivemq-platform] [hivemq-platform-operator] [229cbb2e] 21:17:27.093 [main] INFO  Default ConfigurationService implementation - Created configuration for reconciler com.hivemq.platform.operator.HiveMQPlatformReconciler with name hivemq-controller
2025-01-28 21:17:27,197 INFO c.h.h.t.HelmChartContainer - [hivemq-test-hivemq-platform] [hivemq-platform-operator] [229cbb2e] 21:17:27.196 [main] DEBUG c.h.p.o.HiveMQPlatformReconciler - HiveMQ Platform Operator is preparing EventSources
2025-01-28 21:17:27,208 INFO c.h.h.t.HelmChartContainer - [hivemq-test-hivemq-platform] [hivemq-platform-operator] [229cbb2e] 21:17:27.208 [main] INFO  i.javaoperatorsdk.operator.Operator - Registered reconciler: 'hivemq-controller' for resource: 'class com.hivemq.platform.operator.v1.HiveMQPlatform' for namespace(s): [all namespaces]
2025-01-28 21:17:27,792 INFO c.h.h.t.HelmChartContainer - [hivemq-test-hivemq-platform] [hivemq-platform-operator] [229cbb2e] 21:17:27.791 [main] INFO  c.h.p.operator.webserver.JettyServer - Starting Jetty server on port 8080
2025-01-28 21:17:27,889 INFO c.h.h.t.HelmChartContainer - [hivemq-test-hivemq-platform] [hivemq-platform-operator] [229cbb2e] 21:17:27.888 [main] INFO  i.javaoperatorsdk.operator.Operator - Operator SDK 4.9.7 (commit: 2133d28) built on Wed Nov 20 12:56:20 UTC 2024 starting...
2025-01-28 21:17:27,893 INFO c.h.h.t.HelmChartContainer - [hivemq-test-hivemq-platform] [hivemq-platform-operator] [229cbb2e] 21:17:27.888 [main] INFO  i.javaoperatorsdk.operator.Operator - Client version: 6.13.4
2025-01-28 21:17:27,894 INFO c.h.h.t.HelmChartContainer - [hivemq-test-hivemq-platform] [hivemq-platform-operator] [229cbb2e] 21:17:27.889 [Controller Starter for: hivemq-controller] INFO  i.j.operator.processing.Controller - Starting 'hivemq-controller' controller for reconciler: com.hivemq.platform.operator.HiveMQPlatformReconciler, resource: com.hivemq.platform.operator.v1.HiveMQPlatform
2025-01-28 21:17:28,264 INFO c.h.h.t.HelmChartContainer - [K3S] [range_allocator.go:247] "Successfully synced" key="42ea5d3d1b91"
2025-01-28 21:17:30,500 INFO c.h.h.t.HelmChartContainer - [hivemq-test-hivemq-platform] [hivemq-platform-operator] [229cbb2e] 21:17:30.498 [Controller Starter for: hivemq-controller] INFO  i.j.operator.processing.Controller - 'hivemq-controller' controller started
2025-01-28 21:17:30,501 INFO c.h.h.t.HelmChartContainer - [hivemq-test-hivemq-platform] [hivemq-platform-operator] [229cbb2e] 21:17:30.499 [main] INFO  c.h.p.o.HiveMQPlatformOperatorApplication - HiveMQ Platform Operator 1.7.0-SNAPSHOT started in 6807 ms
2025-01-28 21:17:30,593 INFO c.h.h.t.HelmChartContainer - [POD] hivemq-test-hivemq-platform-operator-6966f96d65-mqcv8 [229cbb2e-d244-45ac-ae80-ab9737fa60c0] in helmupgradeextensionit-operator was MODIFIED
2025-01-28 21:17:30,600 INFO c.h.h.t.HelmChartContainer - [K3S] [replica_set.go:679] "Finished syncing" kind="ReplicaSet" key="helmupgradeextensionit-operator/hivemq-test-hivemq-platform-operator-6966f96d65" duration="11.245207ms"
2025-01-28 21:17:30,601 INFO c.h.h.t.HelmChartContainer - [K3S] [replica_set.go:679] "Finished syncing" kind="ReplicaSet" key="helmupgradeextensionit-operator/hivemq-test-hivemq-platform-operator-6966f96d65" duration="36.177µs"
2025-01-28 21:17:32,511 INFO c.h.h.testcontainer.LogWaiterUtil - TEST Waiting for log pattern on 'test-hivemq-platform-0': .*\[HiveMQ Platform Operator Init App [A-Z0-9.-]+\] Successfully enabled extension hivemq-bridge-extension
2025-01-28 21:17:32,512 INFO c.h.h.testcontainer.LogWaiterUtil - TEST Waiting for log pattern on 'test-hivemq-platform-0': .*Extension "HiveMQ Enterprise Bridge Extension" version .* started successfully.
2025-01-28 21:17:32,583 DEBUG c.h.h.t.HelmChartContainer - Executing helm command: /bin/helm --kubeconfig /etc/rancher/k3s/k3s.yaml install test-hivemq-platform /charts/hivemq-platform --wait --timeout 5m0s --set image.repository=docker.io/hivemq --set image.tag=4.36.0 --set image.pullPolicy=Never --set nodes.resources.cpu=512m -f /files/bridge-values.yaml --namespace helmupgradeextensionit
2025-01-28 21:17:32,811 INFO c.h.h.t.HelmChartContainer - [hivemq-test-hivemq-platform] [hivemq-platform-operator] [229cbb2e] 21:17:32.809 [-373097727-pool-1-thread-3] WARN  i.m.p.PrometheusMeterRegistry - The meter (MeterId{name='operator.sdk.events.received', tags=[tag(action=ADDED),tag(event=ResourceEvent),tag(group=hivemq.com),tag(kind=HiveMQPlatform),tag(name=test-hivemq-platform),tag(namespace=helmupgradeextensionit),tag(scope=namespace),tag(version=v1)]}) registration has failed: Prometheus requires that all meters with the same name have the same set of tag keys. There is already an existing meter named 'operator.sdk.events.received' containing tag keys [event, group, kind, name, namespace, scope, version]. The meter you are attempting to register has keys [action, event, group, kind, name, namespace, scope, version]. Note that subsequent logs will be logged at debug level.
2025-01-28 21:17:33,296 INFO c.h.h.t.HelmChartContainer - [hivemq-test-hivemq-platform] [hivemq-platform-operator] [229cbb2e] 21:17:33.293 [pool-6-thread-3] DEBUG c.h.p.o.dependants.PodInfoConfigMap - [helmupgr] Desired PodInfo ConfigMap (1 extensions) (1 enabled)
2025-01-28 21:17:33,296 INFO c.h.h.t.HelmChartContainer - [hivemq-test-hivemq-platform] [hivemq-platform-operator] [229cbb2e] 21:17:33.294 [pool-6-thread-3] DEBUG c.h.p.o.dependants.PodInfoConfigMap - [helmupgr] Desired PodInfo ConfigMap (metrics port: 9399) (metrics path: /)
2025-01-28 21:17:33,296 INFO c.h.h.t.HelmChartContainer - [hivemq-test-hivemq-platform] [hivemq-platform-operator] [229cbb2e] 21:17:33.295 [pool-6-thread-3] DEBUG c.h.p.o.dependants.PodInfoConfigMap - [helmupgr] Desired PodInfo ConfigMap (extension state hash: -1918807284)
2025-01-28 21:17:33,300 INFO c.h.h.t.HelmChartContainer - [hivemq-test-hivemq-platform] [hivemq-platform-operator] [229cbb2e] 21:17:33.299 [pool-6-thread-3] DEBUG c.h.p.o.dependants.PodInfoConfigMap - [helmupgr] Create PodInfo ConfigMap
2025-01-28 21:17:33,399 INFO c.h.h.t.HelmChartContainer - [hivemq-test-hivemq-platform] [hivemq-platform-operator] [229cbb2e] 21:17:33.396 [pool-6-thread-5] DEBUG c.h.p.o.dependants.PodRoleResource - [helmupgr] Create Role: Role(apiVersion=rbac.authorization.k8s.io/v1, kind=Role, metadata=ObjectMeta(annotations={meta.helm.sh/release-name=test-hivemq-platform, meta.helm.sh/release-namespace=helmupgradeextensionit}, creationTimestamp=null, deletionGracePeriodSeconds=null, deletionTimestamp=null, finalizers=[], generateName=null, generation=null, labels={helm.sh/chart=hivemq-platform-0.2.32, app.kubernetes.io/managed-by=Helm, app.kubernetes.io/name=hivemq-platform, hivemq-platform=test-hivemq-platform, app.kubernetes.io/instance=test-hivemq-platform, app.kubernetes.io/version=4.36.0}, managedFields=[], name=hivemq-platform-role-test-hivemq-platform, namespace=helmupgradeextensionit, ownerReferences=[OwnerReference(apiVersion=hivemq.com/v1, blockOwnerDeletion=null, controller=null, kind=HiveMQPlatform, name=test-hivemq-platform, uid=aa539a2c-2c37-42cb-be0a-b247ea63a2da, additionalProperties={})], resourceVersion=null, selfLink=null, uid=null, additionalProperties={}), rules=[PolicyRule(apiGroups=[], nonResourceURLs=[], resourceNames=[], resources=[pods], verbs=[get, patch, update], additionalProperties={})], additionalProperties={})
2025-01-28 21:17:33,502 INFO c.h.h.t.HelmChartContainer - [hivemq-test-hivemq-platform] [hivemq-platform-operator] [229cbb2e] 21:17:33.500 [pool-6-thread-7] DEBUG c.h.p.o.d.PodServiceAccountResource - [helmupgr] Desired PodServiceAccountResource (serviceAccountName: hivemq-platform-pod-test-hivemq-platform)
2025-01-28 21:17:33,503 INFO c.h.h.t.HelmChartContainer - [hivemq-test-hivemq-platform] [hivemq-platform-operator] [229cbb2e] 21:17:33.502 [pool-6-thread-7] DEBUG c.h.p.o.d.PodServiceAccountResource - [helmupgr] Create ServiceAccount 'hivemq-platform-pod-test-hivemq-platform'
2025-01-28 21:17:33,691 INFO c.h.h.t.HelmChartContainer - [hivemq-test-hivemq-platform] [hivemq-platform-operator] [229cbb2e] 21:17:33.690 [pool-6-thread-10] DEBUG c.h.p.o.d.PodRoleBindingResource - [helmupgr] Create RoleBinding: RoleBinding(apiVersion=rbac.authorization.k8s.io/v1, kind=RoleBinding, metadata=ObjectMeta(annotations={meta.helm.sh/release-name=test-hivemq-platform, meta.helm.sh/release-namespace=helmupgradeextensionit}, creationTimestamp=null, deletionGracePeriodSeconds=null, deletionTimestamp=null, finalizers=[], generateName=null, generation=null, labels={helm.sh/chart=hivemq-platform-0.2.32, app.kubernetes.io/managed-by=Helm, app.kubernetes.io/name=hivemq-platform, hivemq-platform=test-hivemq-platform, app.kubernetes.io/instance=test-hivemq-platform, app.kubernetes.io/version=4.36.0}, managedFields=[], name=hivemq-platform-role-binding-test-hivemq-platform, namespace=helmupgradeextensionit, ownerReferences=[OwnerReference(apiVersion=hivemq.com/v1, blockOwnerDeletion=null, controller=null, kind=HiveMQPlatform, name=test-hivemq-platform, uid=aa539a2c-2c37-42cb-be0a-b247ea63a2da, additionalProperties={})], resourceVersion=null, selfLink=null, uid=null, additionalProperties={}), roleRef=RoleRef(apiGroup=rbac.authorization.k8s.io, kind=Role, name=hivemq-platform-role-test-hivemq-platform, additionalProperties={}), subjects=[Subject(apiGroup=null, kind=ServiceAccount, name=hivemq-platform-pod-test-hivemq-platform, namespace=helmupgradeextensionit, additionalProperties={})], additionalProperties={})
2025-01-28 21:17:33,789 INFO c.h.h.t.HelmChartContainer - [hivemq-test-hivemq-platform] [hivemq-platform-operator] [229cbb2e] 21:17:33.787 [ReconcilerExecutor-hivemq-controller-53] INFO  c.h.p.o.HiveMQPlatformReconciler - [helmupgr] Reconciling HiveMQ Platform 'test-hivemq-platform' in namespace 'helmupgradeextensionit'
2025-01-28 21:17:33,790 INFO c.h.h.t.HelmChartContainer - [hivemq-test-hivemq-platform] [hivemq-platform-operator] [229cbb2e] 21:17:33.788 [ReconcilerExecutor-hivemq-controller-53] DEBUG c.h.p.o.HiveMQPlatformReconciler - [helmupgr] Custom Resource Status CREATED - HiveMQ Platform was created (READY)
2025-01-28 21:17:33,790 INFO c.h.h.t.HelmChartContainer - [hivemq-test-hivemq-platform] [hivemq-platform-operator] [229cbb2e] 21:17:33.788 [ReconcilerExecutor-hivemq-controller-53] DEBUG c.h.p.o.HiveMQPlatformReconciler - [helmupgr] Custom Resource Spec (replicas: 1) (extensions: 1)
2025-01-28 21:17:33,794 INFO c.h.h.t.HelmChartContainer - [hivemq-test-hivemq-platform] [hivemq-platform-operator] [229cbb2e] 21:17:33.793 [ReconcilerExecutor-hivemq-controller-53] INFO  c.h.p.o.h.HiveMQPlatformReconcilerBaseHandler - [helmupgr] HiveMQ Platform is starting
2025-01-28 21:17:33,892 INFO c.h.h.t.HelmChartContainer - [hivemq-test-hivemq-platform] [hivemq-platform-operator] [229cbb2e] 21:17:33.891 [ReconcilerExecutor-hivemq-controller-53] DEBUG c.h.p.operator.event.EventSender - [helmupgr] Creating K8s event hivemq-platform-starting: [Start] HiveMQ Platform is starting
2025-01-28 21:17:33,904 INFO c.h.h.t.HelmChartContainer - [EVENT] Normal [Start] HiveMQ Platform is starting [helmupgradeextensionit:test-hivemq-platform]
2025-01-28 21:17:33,982 INFO c.h.h.t.HelmChartContainer - [hivemq-test-hivemq-platform] [hivemq-platform-operator] [229cbb2e] 21:17:33.981 [ReconcilerExecutor-hivemq-controller-53] INFO  c.h.p.o.h.AbstractHiveMQReconcilerStateHandler - [helmupgr] Update HiveMQ Platform Status (CREATED [READY] -> STARTING [READY]): HiveMQ Platform is starting
2025-01-28 21:17:34,003 DEBUG com.hivemq.helmcharts.util.K8sUtil - Comparing actual state 'STARTING' and waiting for 'RUNNING'
2025-01-28 21:17:44,090 INFO c.h.h.t.HelmChartContainer - [hivemq-test-hivemq-platform] [hivemq-platform-operator] [229cbb2e] 21:17:44.086 [pool-6-thread-12] DEBUG c.h.p.o.d.PlatformServiceResource - [helmupgr] Desired Platform services (3 services)
2025-01-28 21:17:44,091 INFO c.h.h.t.HelmChartContainer - [hivemq-test-hivemq-platform] [hivemq-platform-operator] [229cbb2e] 21:17:44.089 [pool-6-thread-13] DEBUG c.h.p.o.dependants.PodInfoConfigMap - [helmupgr] Desired PodInfo ConfigMap (1 extensions) (1 enabled)
2025-01-28 21:17:44,094 INFO c.h.h.t.HelmChartContainer - [hivemq-test-hivemq-platform] [hivemq-platform-operator] [229cbb2e] 21:17:44.090 [pool-6-thread-13] DEBUG c.h.p.o.dependants.PodInfoConfigMap - [helmupgr] Desired PodInfo ConfigMap (metrics port: 9399) (metrics path: /)
2025-01-28 21:17:44,094 INFO c.h.h.t.HelmChartContainer - [hivemq-test-hivemq-platform] [hivemq-platform-operator] [229cbb2e] 21:17:44.090 [pool-6-thread-13] DEBUG c.h.p.o.dependants.PodInfoConfigMap - [helmupgr] Desired PodInfo ConfigMap (extension state hash: -1918807284)
2025-01-28 21:17:44,096 INFO c.h.h.t.HelmChartContainer - [hivemq-test-hivemq-platform] [hivemq-platform-operator] [229cbb2e] 21:17:44.094 [pool-6-thread-17] DEBUG c.h.p.o.d.PodServiceAccountResource - [helmupgr] Desired PodServiceAccountResource (serviceAccountName: hivemq-platform-pod-test-hivemq-platform)
2025-01-28 21:17:44,101 INFO c.h.h.t.HelmChartContainer - [hivemq-test-hivemq-platform] [hivemq-platform-operator] [229cbb2e] 21:17:44.099 [pool-6-thread-13] DEBUG c.h.p.o.dependants.PodInfoConfigMap - [helmupgr] Update PodInfo ConfigMap
2025-01-28 21:17:44,109 INFO c.h.h.t.HelmChartContainer - [K3S] [alloc.go:330] "allocated clusterIPs" service="helmupgradeextensionit/hivemq-test-hivemq-platform-cc-8080" clusterIPs={"IPv4":"10.43.150.23"}
2025-01-28 21:17:44,197 INFO c.h.h.t.HelmChartContainer - [K3S] [alloc.go:330] "allocated clusterIPs" service="helmupgradeextensionit/hivemq-test-hivemq-platform-mqtt-1883" clusterIPs={"IPv4":"10.43.196.75"}
2025-01-28 21:17:44,293 INFO c.h.h.t.HelmChartContainer - [K3S] [alloc.go:330] "allocated clusterIPs" service="helmupgradeextensionit/hivemq-test-hivemq-platform-metrics-9399" clusterIPs={"IPv4":"10.43.81.178"}
2025-01-28 21:17:44,305 INFO c.h.h.t.HelmChartContainer - [hivemq-test-hivemq-platform] [hivemq-platform-operator] [229cbb2e] 21:17:44.304 [pool-6-thread-20] DEBUG c.h.p.o.d.StatefulSetResource - [helmupgr] Desired StatefulSet (1 replicas) for status STARTING (READY)
2025-01-28 21:17:44,390 INFO c.h.h.t.HelmChartContainer - [hivemq-test-hivemq-platform] [hivemq-platform-operator] [229cbb2e] 21:17:44.388 [pool-6-thread-20] DEBUG c.h.p.o.d.StatefulSetResource - [helmupgr] Create StatefulSet
2025-01-28 21:17:44,495 INFO c.h.h.t.HelmChartContainer - [hivemq-test-hivemq-platform] [hivemq-platform-operator] [229cbb2e] 21:17:44.490 [ReconcilerExecutor-hivemq-controller-64] INFO  c.h.p.o.HiveMQPlatformReconciler - [helmupgr] Reconciling HiveMQ Platform 'test-hivemq-platform' in namespace 'helmupgradeextensionit'
2025-01-28 21:17:44,495 INFO c.h.h.t.HelmChartContainer - [hivemq-test-hivemq-platform] [hivemq-platform-operator] [229cbb2e] 21:17:44.490 [ReconcilerExecutor-hivemq-controller-64] DEBUG c.h.p.o.HiveMQPlatformReconciler - [helmupgr] Custom Resource Status STARTING - HiveMQ Platform is starting (READY)
2025-01-28 21:17:44,495 INFO c.h.h.t.HelmChartContainer - [hivemq-test-hivemq-platform] [hivemq-platform-operator] [229cbb2e] 21:17:44.490 [ReconcilerExecutor-hivemq-controller-64] DEBUG c.h.p.o.HiveMQPlatformReconciler - [helmupgr] Custom Resource Spec (replicas: 1) (extensions: 1)
2025-01-28 21:17:44,503 INFO c.h.h.t.HelmChartContainer - [hivemq-test-hivemq-platform] [hivemq-platform-operator] [229cbb2e] 21:17:44.497 [ReconcilerExecutor-hivemq-controller-64] DEBUG c.h.p.o.HiveMQPlatformReconciler - [helmupgr] StatefulSet Status (revision: null, replicas: 0, available: 0, ready: 0, current: 0, updated: 0)
2025-01-28 21:17:44,503 INFO c.h.h.t.HelmChartContainer - [hivemq-test-hivemq-platform] [hivemq-platform-operator] [229cbb2e] 21:17:44.497 [ReconcilerExecutor-hivemq-controller-64] DEBUG c.h.p.o.HiveMQPlatformReconciler - [helmupgr] StatefulSet Spec (replicas: 1, init containers: 1, containers: 1, volumes: 4)
2025-01-28 21:17:44,505 INFO c.h.h.t.HelmChartContainer - [hivemq-test-hivemq-platform] [hivemq-platform-operator] [229cbb2e] 21:17:44.503 [ReconcilerExecutor-hivemq-controller-64] INFO  c.h.p.o.h.HiveMQPlatformReconcilerBaseHandler - [helmupgr] HiveMQ Platform is starting, 0 of 1 replicas are ready
2025-01-28 21:17:44,513 INFO c.h.h.t.HelmChartContainer - [POD] test-hivemq-platform-0 [3948e493-bae2-48d0-be20-36bc5fa0099c] in helmupgradeextensionit was ADDED
2025-01-28 21:17:44,514 INFO c.h.h.t.HelmChartContainer - [EVENT] Normal [SuccessfulCreate] create Pod test-hivemq-platform-0 in StatefulSet test-hivemq-platform successful [helmupgradeextensionit:test-hivemq-platform]
2025-01-28 21:17:44,522 INFO c.h.h.t.HelmChartContainer - [EVENT] Normal [Scheduled] Successfully assigned helmupgradeextensionit/test-hivemq-platform-0 to 42ea5d3d1b91 [helmupgradeextensionit:test-hivemq-platform-0]
2025-01-28 21:17:44,523 INFO c.h.h.t.HelmChartContainer - [POD] test-hivemq-platform-0 [3948e493-bae2-48d0-be20-36bc5fa0099c] in helmupgradeextensionit was MODIFIED
2025-01-28 21:17:44,531 INFO c.h.h.t.HelmChartContainer - [POD] test-hivemq-platform-0 [3948e493-bae2-48d0-be20-36bc5fa0099c] in helmupgradeextensionit was MODIFIED
2025-01-28 21:17:44,591 INFO c.h.h.t.HelmChartContainer - [hivemq-test-hivemq-platform] [hivemq-platform-operator] [229cbb2e] 21:17:44.589 [pool-6-thread-22] DEBUG c.h.p.o.d.PlatformServiceResource - [helmupgr] Desired Platform services (3 services)
2025-01-28 21:17:44,598 INFO c.h.h.t.HelmChartContainer - [hivemq-test-hivemq-platform] [hivemq-platform-operator] [229cbb2e] 21:17:44.595 [pool-6-thread-23] DEBUG c.h.p.o.dependants.PodInfoConfigMap - [helmupgr] Desired PodInfo ConfigMap (1 extensions) (1 enabled)
2025-01-28 21:17:44,598 INFO c.h.h.t.HelmChartContainer - [hivemq-test-hivemq-platform] [hivemq-platform-operator] [229cbb2e] 21:17:44.597 [pool-6-thread-23] DEBUG c.h.p.o.dependants.PodInfoConfigMap - [helmupgr] Desired PodInfo ConfigMap (metrics port: 9399) (metrics path: /)
2025-01-28 21:17:44,598 INFO c.h.h.t.HelmChartContainer - [hivemq-test-hivemq-platform] [hivemq-platform-operator] [229cbb2e] 21:17:44.597 [pool-6-thread-23] DEBUG c.h.p.o.dependants.PodInfoConfigMap - [helmupgr] Desired PodInfo ConfigMap (extension state hash: -1918807284)
2025-01-28 21:17:44,669 INFO c.h.h.t.HelmChartContainer - [K3S] [reconciler_common.go:251] "operationExecutor.VerifyControllerAttachedVolume started for volume \"pod-info\" (UniqueName: \"kubernetes.io/configmap/3948e493-bae2-48d0-be20-36bc5fa0099c-pod-info\") pod \"test-hivemq-platform-0\" (UID: \"3948e493-bae2-48d0-be20-36bc5fa0099c\") " pod="helmupgradeextensionit/test-hivemq-platform-0"
2025-01-28 21:17:44,670 INFO c.h.h.t.HelmChartContainer - [K3S] [reconciler_common.go:251] "operationExecutor.VerifyControllerAttachedVolume started for volume \"broker-configuration\" (UniqueName: \"kubernetes.io/configmap/3948e493-bae2-48d0-be20-36bc5fa0099c-broker-configuration\") pod \"test-hivemq-platform-0\" (UID: \"3948e493-bae2-48d0-be20-36bc5fa0099c\") " pod="helmupgradeextensionit/test-hivemq-platform-0"
2025-01-28 21:17:44,670 INFO c.h.h.t.HelmChartContainer - [K3S] [reconciler_common.go:251] "operationExecutor.VerifyControllerAttachedVolume started for volume \"extension-configuration-hivemq-bridge-extension\" (UniqueName: \"kubernetes.io/configmap/3948e493-bae2-48d0-be20-36bc5fa0099c-extension-configuration-hivemq-bridge-extension\") pod \"test-hivemq-platform-0\" (UID: \"3948e493-bae2-48d0-be20-36bc5fa0099c\") " pod="helmupgradeextensionit/test-hivemq-platform-0"
2025-01-28 21:17:44,670 INFO c.h.h.t.HelmChartContainer - [K3S] [reconciler_common.go:251] "operationExecutor.VerifyControllerAttachedVolume started for volume \"operator-init\" (UniqueName: \"kubernetes.io/empty-dir/3948e493-bae2-48d0-be20-36bc5fa0099c-operator-init\") pod \"test-hivemq-platform-0\" (UID: \"3948e493-bae2-48d0-be20-36bc5fa0099c\") " pod="helmupgradeextensionit/test-hivemq-platform-0"
2025-01-28 21:17:44,670 INFO c.h.h.t.HelmChartContainer - [K3S] [reconciler_common.go:251] "operationExecutor.VerifyControllerAttachedVolume started for volume \"kube-api-access-msfmk\" (UniqueName: \"kubernetes.io/projected/3948e493-bae2-48d0-be20-36bc5fa0099c-kube-api-access-msfmk\") pod \"test-hivemq-platform-0\" (UID: \"3948e493-bae2-48d0-be20-36bc5fa0099c\") " pod="helmupgradeextensionit/test-hivemq-platform-0"
2025-01-28 21:17:44,688 INFO c.h.h.t.HelmChartContainer - [hivemq-test-hivemq-platform] [hivemq-platform-operator] [229cbb2e] 21:17:44.686 [pool-6-thread-27] DEBUG c.h.p.o.d.PodServiceAccountResource - [helmupgr] Desired PodServiceAccountResource (serviceAccountName: hivemq-platform-pod-test-hivemq-platform)
2025-01-28 21:17:44,697 INFO c.h.h.t.HelmChartContainer - [hivemq-test-hivemq-platform] [hivemq-platform-operator] [229cbb2e] 21:17:44.696 [pool-6-thread-30] DEBUG c.h.p.o.d.StatefulSetResource - [helmupgr] Desired StatefulSet (1 replicas) for status STARTING (READY)
2025-01-28 21:17:44,790 INFO c.h.h.t.HelmChartContainer - [hivemq-test-hivemq-platform] [hivemq-platform-operator] [229cbb2e] 21:17:44.788 [ReconcilerExecutor-hivemq-controller-75] INFO  c.h.p.o.HiveMQPlatformReconciler - [helmupgr] Reconciling HiveMQ Platform 'test-hivemq-platform' in namespace 'helmupgradeextensionit'
2025-01-28 21:17:44,790 INFO c.h.h.t.HelmChartContainer - [hivemq-test-hivemq-platform] [hivemq-platform-operator] [229cbb2e] 21:17:44.788 [ReconcilerExecutor-hivemq-controller-75] DEBUG c.h.p.o.HiveMQPlatformReconciler - [helmupgr] Custom Resource Status STARTING - HiveMQ Platform is starting (READY)
2025-01-28 21:17:44,790 INFO c.h.h.t.HelmChartContainer - [hivemq-test-hivemq-platform] [hivemq-platform-operator] [229cbb2e] 21:17:44.788 [ReconcilerExecutor-hivemq-controller-75] DEBUG c.h.p.o.HiveMQPlatformReconciler - [helmupgr] Custom Resource Spec (replicas: 1) (extensions: 1)
2025-01-28 21:17:44,793 INFO c.h.h.t.HelmChartContainer - [hivemq-test-hivemq-platform] [hivemq-platform-operator] [229cbb2e] 21:17:44.792 [ReconcilerExecutor-hivemq-controller-75] DEBUG c.h.p.o.HiveMQPlatformReconciler - [helmupgr] StatefulSet Status (revision: test-hivemq-platform-5b6c7575b6, replicas: 1, available: 0, ready: 0, current: 1, updated: 1)
2025-01-28 21:17:44,793 INFO c.h.h.t.HelmChartContainer - [hivemq-test-hivemq-platform] [hivemq-platform-operator] [229cbb2e] 21:17:44.792 [ReconcilerExecutor-hivemq-controller-75] DEBUG c.h.p.o.HiveMQPlatformReconciler - [helmupgr] StatefulSet Spec (replicas: 1, init containers: 1, containers: 1, volumes: 4)
2025-01-28 21:17:44,881 INFO c.h.h.t.HelmChartContainer - [hivemq-test-hivemq-platform] [hivemq-platform-operator] [229cbb2e] 21:17:44.879 [ReconcilerExecutor-hivemq-controller-75] DEBUG c.h.p.o.h.HiveMQPlatformReconcilerErrorHandler - [helmupgr] Pod 'test-hivemq-platform-0' phase Pending
2025-01-28 21:17:44,882 INFO c.h.h.t.HelmChartContainer - [hivemq-test-hivemq-platform] [hivemq-platform-operator] [229cbb2e] 21:17:44.880 [ReconcilerExecutor-hivemq-controller-75] DEBUG c.h.p.o.h.HiveMQPlatformReconcilerErrorHandler - [helmupgr] Pod 'test-hivemq-platform-0' condition 'PodReadyToStartContainers': False
2025-01-28 21:17:44,882 INFO c.h.h.t.HelmChartContainer - [hivemq-test-hivemq-platform] [hivemq-platform-operator] [229cbb2e] 21:17:44.880 [ReconcilerExecutor-hivemq-controller-75] DEBUG c.h.p.o.h.HiveMQPlatformReconcilerErrorHandler - [helmupgr] Pod 'test-hivemq-platform-0' condition 'Initialized': False
2025-01-28 21:17:44,882 INFO c.h.h.t.HelmChartContainer - [hivemq-test-hivemq-platform] [hivemq-platform-operator] [229cbb2e] 21:17:44.880 [ReconcilerExecutor-hivemq-controller-75] DEBUG c.h.p.o.h.HiveMQPlatformReconcilerErrorHandler - [helmupgr] Pod 'test-hivemq-platform-0' condition 'Ready': False
2025-01-28 21:17:44,883 INFO c.h.h.t.HelmChartContainer - [hivemq-test-hivemq-platform] [hivemq-platform-operator] [229cbb2e] 21:17:44.880 [ReconcilerExecutor-hivemq-controller-75] DEBUG c.h.p.o.h.HiveMQPlatformReconcilerErrorHandler - [helmupgr] Pod 'test-hivemq-platform-0' condition 'ContainersReady': False
2025-01-28 21:17:44,883 INFO c.h.h.t.HelmChartContainer - [hivemq-test-hivemq-platform] [hivemq-platform-operator] [229cbb2e] 21:17:44.880 [ReconcilerExecutor-hivemq-controller-75] DEBUG c.h.p.o.h.HiveMQPlatformReconcilerErrorHandler - [helmupgr] Pod 'test-hivemq-platform-0' condition 'PodScheduled': True
2025-01-28 21:17:44,883 INFO c.h.h.t.HelmChartContainer - [hivemq-test-hivemq-platform] [hivemq-platform-operator] [229cbb2e] 21:17:44.881 [ReconcilerExecutor-hivemq-controller-75] DEBUG c.h.p.o.h.HiveMQPlatformReconcilerErrorHandler - [helmupgr] Pod 'test-hivemq-platform-0' containerStatus 'hivemq' (started: false) (ready: false) (waiting: [PodInitializing] null)
2025-01-28 21:17:44,892 INFO c.h.h.t.HelmChartContainer - [hivemq-test-hivemq-platform] [hivemq-platform-operator] [229cbb2e] 21:17:44.888 [ReconcilerExecutor-hivemq-controller-75] INFO  c.h.p.o.h.HiveMQPlatformReconcilerBaseHandler - [helmupgr] HiveMQ Platform is starting, 0 of 1 replicas are ready
2025-01-28 21:17:44,895 INFO c.h.h.t.HelmChartContainer - [hivemq-test-hivemq-platform] [hivemq-platform-operator] [229cbb2e] 21:17:44.893 [pool-6-thread-32] DEBUG c.h.p.o.d.PlatformServiceResource - [helmupgr] Desired Platform services (3 services)
2025-01-28 21:17:44,898 INFO c.h.h.t.HelmChartContainer - [hivemq-test-hivemq-platform] [hivemq-platform-operator] [229cbb2e] 21:17:44.897 [pool-6-thread-33] DEBUG c.h.p.o.dependants.PodInfoConfigMap - [helmupgr] Desired PodInfo ConfigMap (1 extensions) (1 enabled)
2025-01-28 21:17:44,901 INFO c.h.h.t.HelmChartContainer - [hivemq-test-hivemq-platform] [hivemq-platform-operator] [229cbb2e] 21:17:44.900 [pool-6-thread-33] DEBUG c.h.p.o.dependants.PodInfoConfigMap - [helmupgr] Desired PodInfo ConfigMap (metrics port: 9399) (metrics path: /)
2025-01-28 21:17:44,903 INFO c.h.h.t.HelmChartContainer - [hivemq-test-hivemq-platform] [hivemq-platform-operator] [229cbb2e] 21:17:44.900 [pool-6-thread-33] DEBUG c.h.p.o.dependants.PodInfoConfigMap - [helmupgr] Desired PodInfo ConfigMap (extension state hash: -1918807284)
2025-01-28 21:17:44,904 INFO c.h.h.t.HelmChartContainer - [hivemq-test-hivemq-platform] [hivemq-platform-operator] [229cbb2e] 21:17:44.901 [pool-6-thread-37] DEBUG c.h.p.o.d.PodServiceAccountResource - [helmupgr] Desired PodServiceAccountResource (serviceAccountName: hivemq-platform-pod-test-hivemq-platform)
2025-01-28 21:17:44,920 INFO c.h.h.t.HelmChartContainer - [EVENT] Normal [Pulled] Container image "docker.io/hivemq/hivemq-platform-operator-init-test:snapshot" already present on machine [helmupgradeextensionit:test-hivemq-platform-0]
2025-01-28 21:17:44,929 INFO c.h.h.t.HelmChartContainer - [EVENT] Normal [Created] Created container: hivemq-platform-operator-init [helmupgradeextensionit:test-hivemq-platform-0]
2025-01-28 21:17:44,968 INFO c.h.h.t.HelmChartContainer - [EVENT] Normal [Started] Started container hivemq-platform-operator-init [helmupgradeextensionit:test-hivemq-platform-0]
2025-01-28 21:17:44,992 INFO c.h.h.t.HelmChartContainer - [hivemq-test-hivemq-platform] [hivemq-platform-operator] [229cbb2e] 21:17:44.989 [pool-6-thread-40] DEBUG c.h.p.o.d.StatefulSetResource - [helmupgr] Desired StatefulSet (1 replicas) for status STARTING (READY)
2025-01-28 21:17:44,996 INFO c.h.h.t.HelmChartContainer - [hivemq-test-hivemq-platform] [hivemq-platform-operator] [229cbb2e] 21:17:44.995 [ReconcilerExecutor-hivemq-controller-86] INFO  c.h.p.o.HiveMQPlatformReconciler - [helmupgr] Reconciling HiveMQ Platform 'test-hivemq-platform' in namespace 'helmupgradeextensionit'
2025-01-28 21:17:44,997 INFO c.h.h.t.HelmChartContainer - [hivemq-test-hivemq-platform] [hivemq-platform-operator] [229cbb2e] 21:17:44.995 [ReconcilerExecutor-hivemq-controller-86] DEBUG c.h.p.o.HiveMQPlatformReconciler - [helmupgr] Custom Resource Status STARTING - HiveMQ Platform is starting (READY)
2025-01-28 21:17:45,001 INFO c.h.h.t.HelmChartContainer - [hivemq-test-hivemq-platform] [hivemq-platform-operator] [229cbb2e] 21:17:44.995 [ReconcilerExecutor-hivemq-controller-86] DEBUG c.h.p.o.HiveMQPlatformReconciler - [helmupgr] Custom Resource Spec (replicas: 1) (extensions: 1)
2025-01-28 21:17:45,001 INFO c.h.h.t.HelmChartContainer - [hivemq-test-hivemq-platform] [hivemq-platform-operator] [229cbb2e] 21:17:44.999 [ReconcilerExecutor-hivemq-controller-86] DEBUG c.h.p.o.HiveMQPlatformReconciler - [helmupgr] StatefulSet Status (revision: test-hivemq-platform-5b6c7575b6, replicas: 1, available: 0, ready: 0, current: 1, updated: 1)
2025-01-28 21:17:45,002 INFO c.h.h.t.HelmChartContainer - [hivemq-test-hivemq-platform] [hivemq-platform-operator] [229cbb2e] 21:17:44.999 [ReconcilerExecutor-hivemq-controller-86] DEBUG c.h.p.o.HiveMQPlatformReconciler - [helmupgr] StatefulSet Spec (replicas: 1, init containers: 1, containers: 1, volumes: 4)
2025-01-28 21:17:45,003 INFO c.h.h.t.HelmChartContainer - [hivemq-test-hivemq-platform] [hivemq-platform-operator] [229cbb2e] 21:17:45.000 [ReconcilerExecutor-hivemq-controller-86] DEBUG c.h.p.o.h.HiveMQPlatformReconcilerErrorHandler - [helmupgr] Pod 'test-hivemq-platform-0' phase Pending
2025-01-28 21:17:45,003 INFO c.h.h.t.HelmChartContainer - [hivemq-test-hivemq-platform] [hivemq-platform-operator] [229cbb2e] 21:17:45.001 [ReconcilerExecutor-hivemq-controller-86] DEBUG c.h.p.o.h.HiveMQPlatformReconcilerErrorHandler - [helmupgr] Pod 'test-hivemq-platform-0' condition 'PodReadyToStartContainers': False
2025-01-28 21:17:45,003 INFO c.h.h.t.HelmChartContainer - [hivemq-test-hivemq-platform] [hivemq-platform-operator] [229cbb2e] 21:17:45.002 [ReconcilerExecutor-hivemq-controller-86] DEBUG c.h.p.o.h.HiveMQPlatformReconcilerErrorHandler - [helmupgr] Pod 'test-hivemq-platform-0' condition 'Initialized': False
2025-01-28 21:17:45,003 INFO c.h.h.t.HelmChartContainer - [hivemq-test-hivemq-platform] [hivemq-platform-operator] [229cbb2e] 21:17:45.002 [ReconcilerExecutor-hivemq-controller-86] DEBUG c.h.p.o.h.HiveMQPlatformReconcilerErrorHandler - [helmupgr] Pod 'test-hivemq-platform-0' condition 'Ready': False
2025-01-28 21:17:45,004 INFO c.h.h.t.HelmChartContainer - [hivemq-test-hivemq-platform] [hivemq-platform-operator] [229cbb2e] 21:17:45.002 [ReconcilerExecutor-hivemq-controller-86] DEBUG c.h.p.o.h.HiveMQPlatformReconcilerErrorHandler - [helmupgr] Pod 'test-hivemq-platform-0' condition 'ContainersReady': False
2025-01-28 21:17:45,004 INFO c.h.h.t.HelmChartContainer - [hivemq-test-hivemq-platform] [hivemq-platform-operator] [229cbb2e] 21:17:45.002 [ReconcilerExecutor-hivemq-controller-86] DEBUG c.h.p.o.h.HiveMQPlatformReconcilerErrorHandler - [helmupgr] Pod 'test-hivemq-platform-0' condition 'PodScheduled': True
2025-01-28 21:17:45,005 INFO c.h.h.t.HelmChartContainer - [hivemq-test-hivemq-platform] [hivemq-platform-operator] [229cbb2e] 21:17:45.002 [ReconcilerExecutor-hivemq-controller-86] DEBUG c.h.p.o.h.HiveMQPlatformReconcilerErrorHandler - [helmupgr] Pod 'test-hivemq-platform-0' containerStatus 'hivemq' (started: false) (ready: false) (waiting: [PodInitializing] null)
2025-01-28 21:17:45,081 INFO c.h.h.t.HelmChartContainer - [hivemq-test-hivemq-platform] [hivemq-platform-operator] [229cbb2e] 21:17:45.079 [ReconcilerExecutor-hivemq-controller-86] INFO  c.h.p.o.h.HiveMQPlatformReconcilerBaseHandler - [helmupgr] HiveMQ Platform is starting, 0 of 1 replicas are ready
2025-01-28 21:17:45,367 INFO c.h.h.t.HelmChartContainer - [POD] test-hivemq-platform-0 [3948e493-bae2-48d0-be20-36bc5fa0099c] in helmupgradeextensionit was MODIFIED
2025-01-28 21:17:45,377 INFO c.h.h.t.HelmChartContainer - [hivemq-test-hivemq-platform] [hivemq-platform-operator] [229cbb2e] 21:17:45.371 [pool-6-thread-42] DEBUG c.h.p.o.d.PlatformServiceResource - [helmupgr] Desired Platform services (3 services)
2025-01-28 21:17:45,382 INFO c.h.h.t.HelmChartContainer - [hivemq-test-hivemq-platform] [hivemq-platform-operator] [229cbb2e] 21:17:45.380 [pool-6-thread-43] DEBUG c.h.p.o.dependants.PodInfoConfigMap - [helmupgr] Desired PodInfo ConfigMap (1 extensions) (1 enabled)
2025-01-28 21:17:45,382 INFO c.h.h.t.HelmChartContainer - [hivemq-test-hivemq-platform] [hivemq-platform-operator] [229cbb2e] 21:17:45.380 [pool-6-thread-43] DEBUG c.h.p.o.dependants.PodInfoConfigMap - [helmupgr] Desired PodInfo ConfigMap (metrics port: 9399) (metrics path: /)
2025-01-28 21:17:45,385 INFO c.h.h.t.HelmChartContainer - [hivemq-test-hivemq-platform] [hivemq-platform-operator] [229cbb2e] 21:17:45.383 [pool-6-thread-43] DEBUG c.h.p.o.dependants.PodInfoConfigMap - [helmupgr] Desired PodInfo ConfigMap (extension state hash: -1918807284)
2025-01-28 21:17:45,389 INFO c.h.h.t.HelmChartContainer - [hivemq-test-hivemq-platform] [hivemq-platform-operator] [229cbb2e] 21:17:45.383 [pool-6-thread-47] DEBUG c.h.p.o.d.PodServiceAccountResource - [helmupgr] Desired PodServiceAccountResource (serviceAccountName: hivemq-platform-pod-test-hivemq-platform)
2025-01-28 21:17:45,395 INFO c.h.h.t.HelmChartContainer - [hivemq-test-hivemq-platform] [hivemq-platform-operator] [229cbb2e] 21:17:45.393 [pool-6-thread-50] DEBUG c.h.p.o.d.StatefulSetResource - [helmupgr] Desired StatefulSet (1 replicas) for status STARTING (READY)
2025-01-28 21:17:45,406 INFO c.h.h.t.HelmChartContainer - [hivemq-test-hivemq-platform] [hivemq-platform-operator] [229cbb2e] 21:17:45.402 [ReconcilerExecutor-hivemq-controller-97] INFO  c.h.p.o.HiveMQPlatformReconciler - [helmupgr] Reconciling HiveMQ Platform 'test-hivemq-platform' in namespace 'helmupgradeextensionit'
2025-01-28 21:17:45,406 INFO c.h.h.t.HelmChartContainer - [hivemq-test-hivemq-platform] [hivemq-platform-operator] [229cbb2e] 21:17:45.402 [ReconcilerExecutor-hivemq-controller-97] DEBUG c.h.p.o.HiveMQPlatformReconciler - [helmupgr] Custom Resource Status STARTING - HiveMQ Platform is starting (READY)
2025-01-28 21:17:45,406 INFO c.h.h.t.HelmChartContainer - [hivemq-test-hivemq-platform] [hivemq-platform-operator] [229cbb2e] 21:17:45.402 [ReconcilerExecutor-hivemq-controller-97] DEBUG c.h.p.o.HiveMQPlatformReconciler - [helmupgr] Custom Resource Spec (replicas: 1) (extensions: 1)
2025-01-28 21:17:45,410 INFO c.h.h.t.HelmChartContainer - [hivemq-test-hivemq-platform] [hivemq-platform-operator] [229cbb2e] 21:17:45.408 [ReconcilerExecutor-hivemq-controller-97] DEBUG c.h.p.o.HiveMQPlatformReconciler - [helmupgr] StatefulSet Status (revision: test-hivemq-platform-5b6c7575b6, replicas: 1, available: 0, ready: 0, current: 1, updated: 1)
2025-01-28 21:17:45,410 INFO c.h.h.t.HelmChartContainer - [hivemq-test-hivemq-platform] [hivemq-platform-operator] [229cbb2e] 21:17:45.408 [ReconcilerExecutor-hivemq-controller-97] DEBUG c.h.p.o.HiveMQPlatformReconciler - [helmupgr] StatefulSet Spec (replicas: 1, init containers: 1, containers: 1, volumes: 4)
2025-01-28 21:17:45,482 INFO c.h.h.t.HelmChartContainer - [hivemq-test-hivemq-platform] [hivemq-platform-operator] [229cbb2e] 21:17:45.480 [ReconcilerExecutor-hivemq-controller-97] DEBUG c.h.p.o.h.HiveMQPlatformReconcilerErrorHandler - [helmupgr] Pod 'test-hivemq-platform-0' phase Pending
2025-01-28 21:17:45,482 INFO c.h.h.t.HelmChartContainer - [hivemq-test-hivemq-platform] [hivemq-platform-operator] [229cbb2e] 21:17:45.480 [ReconcilerExecutor-hivemq-controller-97] DEBUG c.h.p.o.h.HiveMQPlatformReconcilerErrorHandler - [helmupgr] Pod 'test-hivemq-platform-0' condition 'PodReadyToStartContainers': True
2025-01-28 21:17:45,482 INFO c.h.h.t.HelmChartContainer - [hivemq-test-hivemq-platform] [hivemq-platform-operator] [229cbb2e] 21:17:45.480 [ReconcilerExecutor-hivemq-controller-97] DEBUG c.h.p.o.h.HiveMQPlatformReconcilerErrorHandler - [helmupgr] Pod 'test-hivemq-platform-0' condition 'Initialized': False
2025-01-28 21:17:45,482 INFO c.h.h.t.HelmChartContainer - [hivemq-test-hivemq-platform] [hivemq-platform-operator] [229cbb2e] 21:17:45.480 [ReconcilerExecutor-hivemq-controller-97] DEBUG c.h.p.o.h.HiveMQPlatformReconcilerErrorHandler - [helmupgr] Pod 'test-hivemq-platform-0' condition 'Ready': False
2025-01-28 21:17:45,482 INFO c.h.h.t.HelmChartContainer - [hivemq-test-hivemq-platform] [hivemq-platform-operator] [229cbb2e] 21:17:45.480 [ReconcilerExecutor-hivemq-controller-97] DEBUG c.h.p.o.h.HiveMQPlatformReconcilerErrorHandler - [helmupgr] Pod 'test-hivemq-platform-0' condition 'ContainersReady': False
2025-01-28 21:17:45,482 INFO c.h.h.t.HelmChartContainer - [hivemq-test-hivemq-platform] [hivemq-platform-operator] [229cbb2e] 21:17:45.480 [ReconcilerExecutor-hivemq-controller-97] DEBUG c.h.p.o.h.HiveMQPlatformReconcilerErrorHandler - [helmupgr] Pod 'test-hivemq-platform-0' condition 'PodScheduled': True
2025-01-28 21:17:45,482 INFO c.h.h.t.HelmChartContainer - [hivemq-test-hivemq-platform] [hivemq-platform-operator] [229cbb2e] 21:17:45.480 [ReconcilerExecutor-hivemq-controller-97] DEBUG c.h.p.o.h.HiveMQPlatformReconcilerErrorHandler - [helmupgr] Pod 'test-hivemq-platform-0' containerStatus 'hivemq' (started: false) (ready: false) (waiting: [PodInitializing] null)
2025-01-28 21:17:45,488 INFO c.h.h.t.HelmChartContainer - [hivemq-test-hivemq-platform] [hivemq-platform-operator] [229cbb2e] 21:17:45.487 [ReconcilerExecutor-hivemq-controller-97] INFO  c.h.p.o.h.HiveMQPlatformReconcilerBaseHandler - [helmupgr] HiveMQ Platform is starting, 0 of 1 replicas are ready
2025-01-28 21:17:46,348 INFO c.h.h.t.HelmChartContainer - [EVENT] Normal [Pulled] Container image "docker.io/hivemq/hivemq4:4.36.0" already present on machine [helmupgradeextensionit:test-hivemq-platform-0]
2025-01-28 21:17:46,348 INFO c.h.h.t.HelmChartContainer - Received Pulled event for container hivemq in pod test-hivemq-platform-0 [3948e493-bae2-48d0-be20-36bc5fa0099c]
2025-01-28 21:17:46,356 INFO c.h.h.t.HelmChartContainer - [POD] test-hivemq-platform-0 [3948e493-bae2-48d0-be20-36bc5fa0099c] in helmupgradeextensionit was MODIFIED
2025-01-28 21:17:46,369 INFO c.h.h.t.HelmChartContainer - [hivemq-test-hivemq-platform] [hivemq-platform-operator] [229cbb2e] 21:17:46.364 [pool-6-thread-9] DEBUG c.h.p.o.d.PlatformServiceResource - [helmupgr] Desired Platform services (3 services)
2025-01-28 21:17:46,373 INFO c.h.h.t.HelmChartContainer - [EVENT] Normal [Created] Created container: hivemq [helmupgradeextensionit:test-hivemq-platform-0]
2025-01-28 21:17:46,373 INFO c.h.h.t.HelmChartContainer - Received Created event for container hivemq in pod test-hivemq-platform-0 [3948e493-bae2-48d0-be20-36bc5fa0099c]
2025-01-28 21:17:46,375 INFO c.h.h.t.HelmChartContainer - [hivemq-test-hivemq-platform] [hivemq-platform-operator] [229cbb2e] 21:17:46.368 [pool-6-thread-1] DEBUG c.h.p.o.d.PodServiceAccountResource - [helmupgr] Desired PodServiceAccountResource (serviceAccountName: hivemq-platform-pod-test-hivemq-platform)
2025-01-28 21:17:46,375 INFO c.h.h.t.HelmChartContainer - [hivemq-test-hivemq-platform] [hivemq-platform-operator] [229cbb2e] 21:17:46.370 [pool-6-thread-6] DEBUG c.h.p.o.dependants.PodInfoConfigMap - [helmupgr] Desired PodInfo ConfigMap (1 extensions) (1 enabled)
2025-01-28 21:17:46,375 INFO c.h.h.t.HelmChartContainer - [hivemq-test-hivemq-platform] [hivemq-platform-operator] [229cbb2e] 21:17:46.370 [pool-6-thread-6] DEBUG c.h.p.o.dependants.PodInfoConfigMap - [helmupgr] Desired PodInfo ConfigMap (metrics port: 9399) (metrics path: /)
2025-01-28 21:17:46,375 INFO c.h.h.t.HelmChartContainer - [hivemq-test-hivemq-platform] [hivemq-platform-operator] [229cbb2e] 21:17:46.370 [pool-6-thread-6] DEBUG c.h.p.o.dependants.PodInfoConfigMap - [helmupgr] Desired PodInfo ConfigMap (extension state hash: -1918807284)
2025-01-28 21:17:46,394 INFO c.h.h.t.HelmChartContainer - [hivemq-test-hivemq-platform] [hivemq-platform-operator] [229cbb2e] 21:17:46.391 [pool-6-thread-9] DEBUG c.h.p.o.d.StatefulSetResource - [helmupgr] Desired StatefulSet (1 replicas) for status STARTING (READY)
2025-01-28 21:17:46,406 INFO c.h.h.t.HelmChartContainer - [hivemq-test-hivemq-platform] [hivemq-platform-operator] [229cbb2e] 21:17:46.404 [ReconcilerExecutor-hivemq-controller-108] INFO  c.h.p.o.HiveMQPlatformReconciler - [helmupgr] Reconciling HiveMQ Platform 'test-hivemq-platform' in namespace 'helmupgradeextensionit'
2025-01-28 21:17:46,409 INFO c.h.h.t.HelmChartContainer - [hivemq-test-hivemq-platform] [hivemq-platform-operator] [229cbb2e] 21:17:46.404 [ReconcilerExecutor-hivemq-controller-108] DEBUG c.h.p.o.HiveMQPlatformReconciler - [helmupgr] Custom Resource Status STARTING - HiveMQ Platform is starting (READY)
2025-01-28 21:17:46,409 INFO c.h.h.t.HelmChartContainer - [hivemq-test-hivemq-platform] [hivemq-platform-operator] [229cbb2e] 21:17:46.404 [ReconcilerExecutor-hivemq-controller-108] DEBUG c.h.p.o.HiveMQPlatformReconciler - [helmupgr] Custom Resource Spec (replicas: 1) (extensions: 1)
2025-01-28 21:17:46,414 INFO c.h.h.t.HelmChartContainer - [hivemq-test-hivemq-platform] [hivemq-platform-operator] [229cbb2e] 21:17:46.409 [ReconcilerExecutor-hivemq-controller-108] DEBUG c.h.p.o.HiveMQPlatformReconciler - [helmupgr] StatefulSet Status (revision: test-hivemq-platform-5b6c7575b6, replicas: 1, available: 0, ready: 0, current: 1, updated: 1)
2025-01-28 21:17:46,414 INFO c.h.h.t.HelmChartContainer - [hivemq-test-hivemq-platform] [hivemq-platform-operator] [229cbb2e] 21:17:46.409 [ReconcilerExecutor-hivemq-controller-108] DEBUG c.h.p.o.HiveMQPlatformReconciler - [helmupgr] StatefulSet Spec (replicas: 1, init containers: 1, containers: 1, volumes: 4)
2025-01-28 21:17:46,414 INFO c.h.h.t.HelmChartContainer - [hivemq-test-hivemq-platform] [hivemq-platform-operator] [229cbb2e] 21:17:46.412 [ReconcilerExecutor-hivemq-controller-108] DEBUG c.h.p.o.h.HiveMQPlatformReconcilerErrorHandler - [helmupgr] Pod 'test-hivemq-platform-0' phase Pending
2025-01-28 21:17:46,415 INFO c.h.h.t.HelmChartContainer - [hivemq-test-hivemq-platform] [hivemq-platform-operator] [229cbb2e] 21:17:46.413 [ReconcilerExecutor-hivemq-controller-108] DEBUG c.h.p.o.h.HiveMQPlatformReconcilerErrorHandler - [helmupgr] Pod 'test-hivemq-platform-0' condition 'PodReadyToStartContainers': True
2025-01-28 21:17:46,415 INFO c.h.h.t.HelmChartContainer - [hivemq-test-hivemq-platform] [hivemq-platform-operator] [229cbb2e] 21:17:46.414 [ReconcilerExecutor-hivemq-controller-108] DEBUG c.h.p.o.h.HiveMQPlatformReconcilerErrorHandler - [helmupgr] Pod 'test-hivemq-platform-0' condition 'Initialized': True
2025-01-28 21:17:46,420 INFO c.h.h.t.HelmChartContainer - [hivemq-test-hivemq-platform] [hivemq-platform-operator] [229cbb2e] 21:17:46.415 [ReconcilerExecutor-hivemq-controller-108] DEBUG c.h.p.o.h.HiveMQPlatformReconcilerErrorHandler - [helmupgr] Pod 'test-hivemq-platform-0' condition 'Ready': False
2025-01-28 21:17:46,420 INFO c.h.h.t.HelmChartContainer - [hivemq-test-hivemq-platform] [hivemq-platform-operator] [229cbb2e] 21:17:46.417 [ReconcilerExecutor-hivemq-controller-108] DEBUG c.h.p.o.h.HiveMQPlatformReconcilerErrorHandler - [helmupgr] Pod 'test-hivemq-platform-0' condition 'ContainersReady': False
2025-01-28 21:17:46,420 INFO c.h.h.t.HelmChartContainer - [hivemq-test-hivemq-platform] [hivemq-platform-operator] [229cbb2e] 21:17:46.418 [ReconcilerExecutor-hivemq-controller-108] DEBUG c.h.p.o.h.HiveMQPlatformReconcilerErrorHandler - [helmupgr] Pod 'test-hivemq-platform-0' condition 'PodScheduled': True
2025-01-28 21:17:46,420 INFO c.h.h.t.HelmChartContainer - [hivemq-test-hivemq-platform] [hivemq-platform-operator] [229cbb2e] 21:17:46.419 [ReconcilerExecutor-hivemq-controller-108] DEBUG c.h.p.o.h.HiveMQPlatformReconcilerErrorHandler - [helmupgr] Pod 'test-hivemq-platform-0' containerStatus 'hivemq' (started: false) (ready: false) (waiting: [PodInitializing] null)
2025-01-28 21:17:46,423 INFO c.h.h.t.HelmChartContainer - [hivemq-test-hivemq-platform] [hivemq-platform-operator] [229cbb2e] 21:17:46.422 [ReconcilerExecutor-hivemq-controller-108] INFO  c.h.p.o.h.HiveMQPlatformReconcilerBaseHandler - [helmupgr] HiveMQ Platform is starting, 0 of 1 replicas are ready
2025-01-28 21:17:47,360 INFO c.h.h.t.HelmChartContainer - [POD] test-hivemq-platform-0 [3948e493-bae2-48d0-be20-36bc5fa0099c] in helmupgradeextensionit was MODIFIED
2025-01-28 21:17:47,379 INFO c.h.h.t.HelmChartContainer - [hivemq-test-hivemq-platform] [hivemq-platform-operator] [229cbb2e] 21:17:47.374 [pool-6-thread-14] DEBUG c.h.p.o.d.PlatformServiceResource - [helmupgr] Desired Platform services (3 services)
2025-01-28 21:17:47,382 INFO c.h.h.t.HelmChartContainer - [hivemq-test-hivemq-platform] [hivemq-platform-operator] [229cbb2e] 21:17:47.376 [pool-6-thread-16] DEBUG c.h.p.o.dependants.PodInfoConfigMap - [helmupgr] Desired PodInfo ConfigMap (1 extensions) (1 enabled)
2025-01-28 21:17:47,382 INFO c.h.h.t.HelmChartContainer - [hivemq-test-hivemq-platform] [hivemq-platform-operator] [229cbb2e] 21:17:47.376 [pool-6-thread-16] DEBUG c.h.p.o.dependants.PodInfoConfigMap - [helmupgr] Desired PodInfo ConfigMap (metrics port: 9399) (metrics path: /)
2025-01-28 21:17:47,382 INFO c.h.h.t.HelmChartContainer - [hivemq-test-hivemq-platform] [hivemq-platform-operator] [229cbb2e] 21:17:47.376 [pool-6-thread-16] DEBUG c.h.p.o.dependants.PodInfoConfigMap - [helmupgr] Desired PodInfo ConfigMap (extension state hash: -1918807284)
2025-01-28 21:17:47,382 INFO c.h.h.t.HelmChartContainer - [hivemq-test-hivemq-platform] [hivemq-platform-operator] [229cbb2e] 21:17:47.377 [pool-6-thread-18] DEBUG c.h.p.o.d.PodServiceAccountResource - [helmupgr] Desired PodServiceAccountResource (serviceAccountName: hivemq-platform-pod-test-hivemq-platform)
2025-01-28 21:17:47,383 INFO c.h.h.t.HelmChartContainer - [EVENT] Normal [Started] Started container hivemq [helmupgradeextensionit:test-hivemq-platform-0]
2025-01-28 21:17:47,383 INFO c.h.h.t.HelmChartContainer - Started log watcher for hivemq in pod test-hivemq-platform-0 [3948e493-bae2-48d0-be20-36bc5fa0099c]
2025-01-28 21:17:47,383 INFO c.h.h.t.HelmChartContainer - Received Started event for container hivemq in pod test-hivemq-platform-0 [3948e493-bae2-48d0-be20-36bc5fa0099c]
2025-01-28 21:17:47,383 INFO c.h.h.t.HelmChartContainer - [test-hivemq-platform] [hivemq] [3948e493] Adding pre-installed HiveMQ Platform Operator extensions
2025-01-28 21:17:47,384 INFO c.h.h.t.HelmChartContainer - [test-hivemq-platform] [hivemq] [3948e493] Running as user 10000
2025-01-28 21:17:47,384 INFO c.h.h.t.HelmChartContainer - [test-hivemq-platform] [hivemq] [3948e493] Starting HiveMQ Platform Operator Init
2025-01-28 21:17:47,396 INFO c.h.h.t.HelmChartContainer - [hivemq-test-hivemq-platform] [hivemq-platform-operator] [229cbb2e] 21:17:47.393 [pool-6-thread-14] DEBUG c.h.p.o.d.StatefulSetResource - [helmupgr] Desired StatefulSet (1 replicas) for status STARTING (READY)
2025-01-28 21:17:47,406 INFO c.h.h.t.HelmChartContainer - [hivemq-test-hivemq-platform] [hivemq-platform-operator] [229cbb2e] 21:17:47.404 [ReconcilerExecutor-hivemq-controller-109] INFO  c.h.p.o.HiveMQPlatformReconciler - [helmupgr] Reconciling HiveMQ Platform 'test-hivemq-platform' in namespace 'helmupgradeextensionit'
2025-01-28 21:17:47,406 INFO c.h.h.t.HelmChartContainer - [hivemq-test-hivemq-platform] [hivemq-platform-operator] [229cbb2e] 21:17:47.405 [ReconcilerExecutor-hivemq-controller-109] DEBUG c.h.p.o.HiveMQPlatformReconciler - [helmupgr] Custom Resource Status STARTING - HiveMQ Platform is starting (READY)
2025-01-28 21:17:47,408 INFO c.h.h.t.HelmChartContainer - [hivemq-test-hivemq-platform] [hivemq-platform-operator] [229cbb2e] 21:17:47.405 [ReconcilerExecutor-hivemq-controller-109] DEBUG c.h.p.o.HiveMQPlatformReconciler - [helmupgr] Custom Resource Spec (replicas: 1) (extensions: 1)
2025-01-28 21:17:47,412 INFO c.h.h.t.HelmChartContainer - [hivemq-test-hivemq-platform] [hivemq-platform-operator] [229cbb2e] 21:17:47.411 [ReconcilerExecutor-hivemq-controller-109] DEBUG c.h.p.o.HiveMQPlatformReconciler - [helmupgr] StatefulSet Status (revision: test-hivemq-platform-5b6c7575b6, replicas: 1, available: 0, ready: 0, current: 1, updated: 1)
2025-01-28 21:17:47,414 INFO c.h.h.t.HelmChartContainer - [hivemq-test-hivemq-platform] [hivemq-platform-operator] [229cbb2e] 21:17:47.411 [ReconcilerExecutor-hivemq-controller-109] DEBUG c.h.p.o.HiveMQPlatformReconciler - [helmupgr] StatefulSet Spec (replicas: 1, init containers: 1, containers: 1, volumes: 4)
2025-01-28 21:17:47,415 INFO c.h.h.t.HelmChartContainer - [hivemq-test-hivemq-platform] [hivemq-platform-operator] [229cbb2e] 21:17:47.412 [ReconcilerExecutor-hivemq-controller-109] DEBUG c.h.p.o.h.HiveMQPlatformReconcilerErrorHandler - [helmupgr] Pod 'test-hivemq-platform-0' phase Running
2025-01-28 21:17:47,416 INFO c.h.h.t.HelmChartContainer - [hivemq-test-hivemq-platform] [hivemq-platform-operator] [229cbb2e] 21:17:47.414 [ReconcilerExecutor-hivemq-controller-109] INFO  c.h.p.o.h.HiveMQPlatformReconcilerBaseHandler - [helmupgr] HiveMQ Platform is starting, 0 of 1 replicas are ready
2025-01-28 21:17:47,653 INFO c.h.h.t.HelmChartContainer - [test-hivemq-platform] [hivemq] [3948e493] INFO  - [HiveMQ Platform Operator Init 1.7.0-SNAPSHOT] HiveMQ Platform Operator Init 1.7.0-SNAPSHOT (commit: bebf408 on branch: HEAD) built on Sun Jan 26 20:47:47 UTC 2025
2025-01-28 21:17:48,690 INFO c.h.h.t.HelmChartContainer - [test-hivemq-platform] [hivemq] [3948e493] INFO  - [HiveMQ Platform Operator Init App 1.7.0-SNAPSHOT] Using bind address 10.42.0.6 from environment variable
2025-01-28 21:17:49,652 INFO c.h.h.t.HelmChartContainer - [test-hivemq-platform] [hivemq] [3948e493] INFO  - [HiveMQ Platform Operator Init App 1.7.0-SNAPSHOT] HiveMQ Platform Operator Init App 1.7.0-SNAPSHOT (commit: bebf408 on branch: HEAD) built on Sun Jan 26 20:47:47 UTC 2025
2025-01-28 21:17:49,653 INFO c.h.h.t.HelmChartContainer - [test-hivemq-platform] [hivemq] [3948e493] INFO  - [HiveMQ Platform Operator Init App 1.7.0-SNAPSHOT] PodInfo ConfigMap directory: /etc/podinfo
2025-01-28 21:17:49,653 INFO c.h.h.t.HelmChartContainer - [test-hivemq-platform] [hivemq] [3948e493] INFO  - [HiveMQ Platform Operator Init App 1.7.0-SNAPSHOT] HiveMQ home directory: /opt/hivemq
2025-01-28 21:17:49,653 INFO c.h.h.t.HelmChartContainer - [test-hivemq-platform] [hivemq] [3948e493] INFO  - [HiveMQ Platform Operator Init App 1.7.0-SNAPSHOT] HiveMQ Logback folder: /opt/hivemq/conf
2025-01-28 21:17:49,653 INFO c.h.h.t.HelmChartContainer - [test-hivemq-platform] [hivemq] [3948e493] INFO  - [HiveMQ Platform Operator Init App 1.7.0-SNAPSHOT] HiveMQ Config folder: /opt/hivemq/conf-k8s
2025-01-28 21:17:49,654 INFO c.h.h.t.HelmChartContainer - [test-hivemq-platform] [hivemq] [3948e493] INFO  - [HiveMQ Platform Operator Init App 1.7.0-SNAPSHOT] Starting HiveMQ Platform Operator Init App
2025-01-28 21:17:49,654 INFO c.h.h.t.HelmChartContainer - [test-hivemq-platform] [hivemq] [3948e493] INFO  - [HiveMQ Platform Operator Init App 1.7.0-SNAPSHOT] Starting Pod reconciler
2025-01-28 21:17:50,846 INFO c.h.h.t.HelmChartContainer - [test-hivemq-platform] [hivemq] [3948e493] INFO  - [HiveMQ Platform Operator Init App 1.7.0-SNAPSHOT] Pod reconciler is scheduled (interval: 5000 ms)
2025-01-28 21:17:50,847 INFO c.h.h.t.HelmChartContainer - [test-hivemq-platform] [hivemq] [3948e493] INFO  - [HiveMQ Platform Operator Init App 1.7.0-SNAPSHOT] Starting the REST API on 10.42.0.6:7979
2025-01-28 21:17:50,850 INFO c.h.h.t.HelmChartContainer - [test-hivemq-platform] [hivemq] [3948e493] INFO  - [HiveMQ Platform Operator Init App 1.7.0-SNAPSHOT] Waiting up to 600s for at most 1 HiveMQ nodes in cluster service hivemq-test-hivemq-platform-cluster.helmupgradeextensionit.svc
2025-01-28 21:17:51,169 INFO c.h.h.t.HelmChartContainer - [test-hivemq-platform] [hivemq] [3948e493] INFO  - [HiveMQ Platform Operator Init App 1.7.0-SNAPSHOT] Resolved 1 IP addresses: [10.42.0.6]
2025-01-28 21:17:51,169 INFO c.h.h.t.HelmChartContainer - [test-hivemq-platform] [hivemq] [3948e493] INFO  - [HiveMQ Platform Operator Init App 1.7.0-SNAPSHOT] HiveMQ node count of 1 is within threshold of 1
2025-01-28 21:17:51,169 INFO c.h.h.t.HelmChartContainer - [test-hivemq-platform] [hivemq] [3948e493] INFO  - [HiveMQ Platform Operator Init App 1.7.0-SNAPSHOT] Proceeding with container start
2025-01-28 21:17:51,257 INFO c.h.h.t.HelmChartContainer - [test-hivemq-platform] [hivemq] [3948e493] INFO  - [HiveMQ Platform Operator Init App 1.7.0-SNAPSHOT] Initializing HiveMQ Platform extensions with initial configuration: {hivemq-bridge-extension={start-priority=-1, skip-https-hostname-verification=false, restart=true, config-version=517, header-version=0, c-uri=, priority=-1, uri=preinstalled, skip-https-certificate-validation=false, enabled=true}, hivemq-prometheus-extension={priority=-1, start-priority=-1, c-uri=, skip-https-hostname-verification=false, skip-https-certificate-validation=false, uri=preinstalled, request-header-path=no-request-headers, enabled=true, restart=true}}
2025-01-28 21:17:51,748 INFO c.h.h.t.HelmChartContainer - [test-hivemq-platform] [hivemq] [3948e493] INFO  - [HiveMQ Platform Operator Init App 1.7.0-SNAPSHOT] Successfully enabled extension hivemq-bridge-extension
2025-01-28 21:17:51,748 INFO c.h.h.testcontainer.LogWaiterUtil - TEST Found log pattern on 'test-hivemq-platform-0': .*\[HiveMQ Platform Operator Init App [A-Z0-9.-]+\] Successfully enabled extension hivemq-bridge-extension
2025-01-28 21:17:51,772 INFO c.h.h.t.HelmChartContainer - [test-hivemq-platform] [hivemq] [3948e493] INFO  - [HiveMQ Platform Operator Init App 1.7.0-SNAPSHOT] Successfully enabled extension hivemq-prometheus-extension
2025-01-28 21:17:51,774 INFO c.h.h.t.HelmChartContainer - [test-hivemq-platform] [hivemq] [3948e493] INFO  - [HiveMQ Platform Operator Init App 1.7.0-SNAPSHOT] Starting HiveMQ Platform version 4.36.0 (4.36.0)
2025-01-28 21:17:51,774 INFO c.h.h.t.HelmChartContainer - [test-hivemq-platform] [hivemq] [3948e493] INFO  - [HiveMQ Platform Operator Init App 1.7.0-SNAPSHOT] Configuring the HiveMQ Platform
2025-01-28 21:17:51,868 INFO c.h.h.t.HelmChartContainer - [test-hivemq-platform] [hivemq] [3948e493] INFO  - [HiveMQ Platform Operator Init App 1.7.0-SNAPSHOT] Changed logback.xml file scan period to 20 seconds
2025-01-28 21:17:51,878 INFO c.h.h.t.HelmChartContainer - [test-hivemq-platform] [hivemq] [3948e493] INFO  - [HiveMQ Platform Operator Init App 1.7.0-SNAPSHOT] Starting the HiveMQ Platform
2025-01-28 21:17:51,881 INFO c.h.h.t.HelmChartContainer - [test-hivemq-platform] [hivemq] [3948e493] -------------------------------------------------------------------------
2025-01-28 21:17:51,881 INFO c.h.h.t.HelmChartContainer - [test-hivemq-platform] [hivemq] [3948e493] 
2025-01-28 21:17:51,882 INFO c.h.h.t.HelmChartContainer - [test-hivemq-platform] [hivemq] [3948e493]                   _    _  _              __  __   ____
2025-01-28 21:17:51,882 INFO c.h.h.t.HelmChartContainer - [test-hivemq-platform] [hivemq] [3948e493]                  | |  | |(_)            |  \/  | / __ \
2025-01-28 21:17:51,882 INFO c.h.h.t.HelmChartContainer - [test-hivemq-platform] [hivemq] [3948e493]                  | |__| | _ __   __ ___ | \  / || |  | |
2025-01-28 21:17:51,882 INFO c.h.h.t.HelmChartContainer - [test-hivemq-platform] [hivemq] [3948e493]                  |  __  || |\ \ / // _ \| |\/| || |  | |
2025-01-28 21:17:51,882 INFO c.h.h.t.HelmChartContainer - [test-hivemq-platform] [hivemq] [3948e493]                  | |  | || | \ V /|  __/| |  | || |__| |
2025-01-28 21:17:51,882 INFO c.h.h.t.HelmChartContainer - [test-hivemq-platform] [hivemq] [3948e493]                  |_|  |_||_|  \_/  \___||_|  |_| \___\_\
2025-01-28 21:17:51,882 INFO c.h.h.t.HelmChartContainer - [test-hivemq-platform] [hivemq] [3948e493] 
2025-01-28 21:17:51,882 INFO c.h.h.t.HelmChartContainer - [test-hivemq-platform] [hivemq] [3948e493] -------------------------------------------------------------------------
2025-01-28 21:17:51,882 INFO c.h.h.t.HelmChartContainer - [test-hivemq-platform] [hivemq] [3948e493] 
2025-01-28 21:17:51,882 INFO c.h.h.t.HelmChartContainer - [test-hivemq-platform] [hivemq] [3948e493]   HiveMQ Start Script for Linux/Unix v1.14
2025-01-28 21:17:51,882 INFO c.h.h.t.HelmChartContainer - [test-hivemq-platform] [hivemq] [3948e493] 
2025-01-28 21:17:51,989 INFO c.h.h.t.HelmChartContainer - [test-hivemq-platform] [hivemq] [3948e493] -------------------------------------------------------------------------
2025-01-28 21:17:51,990 INFO c.h.h.t.HelmChartContainer - [test-hivemq-platform] [hivemq] [3948e493] 
2025-01-28 21:17:51,990 INFO c.h.h.t.HelmChartContainer - [test-hivemq-platform] [hivemq] [3948e493]   HIVEMQ_HOME: /opt/hivemq
2025-01-28 21:17:51,990 INFO c.h.h.t.HelmChartContainer - [test-hivemq-platform] [hivemq] [3948e493] 
2025-01-28 21:17:51,990 INFO c.h.h.t.HelmChartContainer - [test-hivemq-platform] [hivemq] [3948e493]   JAVA_OPTS: -XX:+UnlockExperimentalVMOptions -XX:InitialRAMPercentage=50 -XX:MaxRAMPercentage=50 -Djava.net.preferIPv4Stack=true --add-opens java.base/java.lang=ALL-UNNAMED --add-opens java.base/java.nio=ALL-UNNAMED --add-opens java.base/sun.nio.ch=ALL-UNNAMED --add-opens jdk.management/com.sun.management.internal=ALL-UNNAMED --add-exports java.base/jdk.internal.misc=ALL-UNNAMED -Djava.security.egd=file:/dev/./urandom -Dcom.sun.management.jmxremote -Dcom.sun.management.jmxremote.port=9010 -Dcom.sun.management.jmxremote.local.only=false -Dcom.sun.management.jmxremote.authenticate=false -Dcom.sun.management.jmxremote.ssl=false -Duser.language=en -Duser.region=US -XX:+CrashOnOutOfMemoryError -XX:+HeapDumpOnOutOfMemoryError
2025-01-28 21:17:51,990 INFO c.h.h.t.HelmChartContainer - [test-hivemq-platform] [hivemq] [3948e493] 
2025-01-28 21:17:51,990 INFO c.h.h.t.HelmChartContainer - [test-hivemq-platform] [hivemq] [3948e493]   JAVA_VERSION: 21
2025-01-28 21:17:51,990 INFO c.h.h.t.HelmChartContainer - [test-hivemq-platform] [hivemq] [3948e493] 
2025-01-28 21:17:51,990 INFO c.h.h.t.HelmChartContainer - [test-hivemq-platform] [hivemq] [3948e493] -------------------------------------------------------------------------
2025-01-28 21:17:51,990 INFO c.h.h.t.HelmChartContainer - [test-hivemq-platform] [hivemq] [3948e493] 
2025-01-28 21:17:53,376 INFO c.h.h.t.HelmChartContainer - [test-hivemq-platform] [hivemq] [3948e493] INFO  - [HiveMQ Platform Operator Init App 1.7.0-SNAPSHOT] Returning default Health API response 503 for readiness
2025-01-28 21:17:53,778 INFO c.h.h.t.HelmChartContainer - [EVENT] Warning [Unhealthy] Readiness probe failed: HTTP probe failed with statuscode: 503 [helmupgradeextensionit:test-hivemq-platform-0]
2025-01-28 21:17:53,778 INFO c.h.h.t.HelmChartContainer - Received Unhealthy event for container hivemq in pod test-hivemq-platform-0 [3948e493-bae2-48d0-be20-36bc5fa0099c]
2025-01-28 21:17:54,575 INFO c.h.h.t.HelmChartContainer - [test-hivemq-platform] [hivemq] [3948e493] INFO  - Starting HiveMQ Enterprise Server
2025-01-28 21:17:54,581 INFO c.h.h.t.HelmChartContainer - [test-hivemq-platform] [hivemq] [3948e493] INFO  - HiveMQ version: 4.36.0
2025-01-28 21:17:54,581 INFO c.h.h.t.HelmChartContainer - [test-hivemq-platform] [hivemq] [3948e493] INFO  - HiveMQ home directory: /opt/hivemq
2025-01-28 21:17:54,581 INFO c.h.h.t.HelmChartContainer - [test-hivemq-platform] [hivemq] [3948e493] INFO  - Log Configuration was overridden by /opt/hivemq/conf/logback.xml
2025-01-28 21:17:55,868 INFO c.h.h.t.HelmChartContainer - [test-hivemq-platform] [hivemq] [3948e493] INFO  - Successfully loaded configuration from '/opt/hivemq/conf-k8s/config.xml'.
2025-01-28 21:17:56,673 INFO c.h.h.t.HelmChartContainer - [test-hivemq-platform] [hivemq] [3948e493] INFO  - This node's ID is nxqj7
2025-01-28 21:17:56,673 INFO c.h.h.t.HelmChartContainer - [test-hivemq-platform] [hivemq] [3948e493] INFO  - Clustering is enabled
2025-01-28 21:17:57,419 INFO c.h.h.t.HelmChartContainer - [hivemq-test-hivemq-platform] [hivemq-platform-operator] [229cbb2e] 21:17:57.417 [pool-6-thread-22] DEBUG c.h.p.o.d.PlatformServiceResource - [helmupgr] Desired Platform services (3 services)
2025-01-28 21:17:57,419 INFO c.h.h.t.HelmChartContainer - [hivemq-test-hivemq-platform] [hivemq-platform-operator] [229cbb2e] 21:17:57.418 [pool-6-thread-25] DEBUG c.h.p.o.d.PodServiceAccountResource - [helmupgr] Desired PodServiceAccountResource (serviceAccountName: hivemq-platform-pod-test-hivemq-platform)
2025-01-28 21:17:57,422 INFO c.h.h.t.HelmChartContainer - [hivemq-test-hivemq-platform] [hivemq-platform-operator] [229cbb2e] 21:17:57.420 [pool-6-thread-26] DEBUG c.h.p.o.dependants.PodInfoConfigMap - [helmupgr] Desired PodInfo ConfigMap (1 extensions) (1 enabled)
2025-01-28 21:17:57,422 INFO c.h.h.t.HelmChartContainer - [hivemq-test-hivemq-platform] [hivemq-platform-operator] [229cbb2e] 21:17:57.421 [pool-6-thread-26] DEBUG c.h.p.o.dependants.PodInfoConfigMap - [helmupgr] Desired PodInfo ConfigMap (metrics port: 9399) (metrics path: /)
2025-01-28 21:17:57,422 INFO c.h.h.t.HelmChartContainer - [hivemq-test-hivemq-platform] [hivemq-platform-operator] [229cbb2e] 21:17:57.421 [pool-6-thread-26] DEBUG c.h.p.o.dependants.PodInfoConfigMap - [helmupgr] Desired PodInfo ConfigMap (extension state hash: -1918807284)
2025-01-28 21:17:57,425 INFO c.h.h.t.HelmChartContainer - [hivemq-test-hivemq-platform] [hivemq-platform-operator] [229cbb2e] 21:17:57.424 [pool-6-thread-22] DEBUG c.h.p.o.d.StatefulSetResource - [helmupgr] Desired StatefulSet (1 replicas) for status STARTING (READY)
2025-01-28 21:17:57,428 INFO c.h.h.t.HelmChartContainer - [hivemq-test-hivemq-platform] [hivemq-platform-operator] [229cbb2e] 21:17:57.428 [ReconcilerExecutor-hivemq-controller-110] INFO  c.h.p.o.HiveMQPlatformReconciler - [helmupgr] Reconciling HiveMQ Platform 'test-hivemq-platform' in namespace 'helmupgradeextensionit'
2025-01-28 21:17:57,430 INFO c.h.h.t.HelmChartContainer - [hivemq-test-hivemq-platform] [hivemq-platform-operator] [229cbb2e] 21:17:57.428 [ReconcilerExecutor-hivemq-controller-110] DEBUG c.h.p.o.HiveMQPlatformReconciler - [helmupgr] Custom Resource Status STARTING - HiveMQ Platform is starting (READY)
2025-01-28 21:17:57,430 INFO c.h.h.t.HelmChartContainer - [hivemq-test-hivemq-platform] [hivemq-platform-operator] [229cbb2e] 21:17:57.428 [ReconcilerExecutor-hivemq-controller-110] DEBUG c.h.p.o.HiveMQPlatformReconciler - [helmupgr] Custom Resource Spec (replicas: 1) (extensions: 1)
2025-01-28 21:17:57,432 INFO c.h.h.t.HelmChartContainer - [hivemq-test-hivemq-platform] [hivemq-platform-operator] [229cbb2e] 21:17:57.431 [ReconcilerExecutor-hivemq-controller-110] DEBUG c.h.p.o.HiveMQPlatformReconciler - [helmupgr] StatefulSet Status (revision: test-hivemq-platform-5b6c7575b6, replicas: 1, available: 0, ready: 0, current: 1, updated: 1)
2025-01-28 21:17:57,433 INFO c.h.h.t.HelmChartContainer - [hivemq-test-hivemq-platform] [hivemq-platform-operator] [229cbb2e] 21:17:57.431 [ReconcilerExecutor-hivemq-controller-110] DEBUG c.h.p.o.HiveMQPlatformReconciler - [helmupgr] StatefulSet Spec (replicas: 1, init containers: 1, containers: 1, volumes: 4)
2025-01-28 21:17:57,436 INFO c.h.h.t.HelmChartContainer - [hivemq-test-hivemq-platform] [hivemq-platform-operator] [229cbb2e] 21:17:57.435 [ReconcilerExecutor-hivemq-controller-110] DEBUG c.h.p.o.h.HiveMQPlatformReconcilerErrorHandler - [helmupgr] Pod 'test-hivemq-platform-0' phase Running
2025-01-28 21:17:57,437 INFO c.h.h.t.HelmChartContainer - [hivemq-test-hivemq-platform] [hivemq-platform-operator] [229cbb2e] 21:17:57.436 [ReconcilerExecutor-hivemq-controller-110] INFO  c.h.p.o.h.HiveMQPlatformReconcilerBaseHandler - [helmupgr] HiveMQ Platform is starting, 0 of 1 replicas are ready
2025-01-28 21:17:58,971 INFO c.h.h.t.HelmChartContainer - [test-hivemq-platform] [hivemq] [3948e493] WARN  - [HiveMQ Platform Operator Init App 1.7.0-SNAPSHOT] Cannot connect to Health API for readiness: null
2025-01-28 21:17:58,977 INFO c.h.h.t.HelmChartContainer - [EVENT] Warning [Unhealthy] Readiness probe failed: HTTP probe failed with statuscode: 503 [helmupgradeextensionit:test-hivemq-platform-0]
2025-01-28 21:17:58,977 INFO c.h.h.t.HelmChartContainer - Received Unhealthy event for container hivemq in pod test-hivemq-platform-0 [3948e493-bae2-48d0-be20-36bc5fa0099c]
2025-01-28 21:18:02,176 INFO c.h.h.t.HelmChartContainer - [test-hivemq-platform] [hivemq] [3948e493] INFO  - [HiveMQ Platform Operator Init App 1.7.0-SNAPSHOT] Updating Pod HiveMQ Platform Operator Init App version annotation (version: 1.7.0-SNAPSHOT)
2025-01-28 21:18:02,268 INFO c.h.h.t.HelmChartContainer - [test-hivemq-platform] [hivemq] [3948e493] Jan 28, 2025 9:18:02 PM io.vertx.core.impl.BlockedThreadChecker
2025-01-28 21:18:02,268 INFO c.h.h.t.HelmChartContainer - [test-hivemq-platform] [hivemq] [3948e493] WARNING: Thread Thread[vert.x-eventloop-thread-1,5,main] has been blocked for 2798 ms, time limit is 2000 ms
2025-01-28 21:18:02,784 INFO c.h.h.t.HelmChartContainer - [POD] test-hivemq-platform-0 [3948e493-bae2-48d0-be20-36bc5fa0099c] in helmupgradeextensionit was MODIFIED
2025-01-28 21:18:02,792 INFO c.h.h.t.HelmChartContainer - [hivemq-test-hivemq-platform] [hivemq-platform-operator] [229cbb2e] 21:18:02.791 [pool-6-thread-35] DEBUG c.h.p.o.d.PlatformServiceResource - [helmupgr] Desired Platform services (3 services)
2025-01-28 21:18:02,800 INFO c.h.h.t.HelmChartContainer - [hivemq-test-hivemq-platform] [hivemq-platform-operator] [229cbb2e] 21:18:02.799 [pool-6-thread-37] DEBUG c.h.p.o.d.PodServiceAccountResource - [helmupgr] Desired PodServiceAccountResource (serviceAccountName: hivemq-platform-pod-test-hivemq-platform)
2025-01-28 21:18:02,812 INFO c.h.h.t.HelmChartContainer - [hivemq-test-hivemq-platform] [hivemq-platform-operator] [229cbb2e] 21:18:02.802 [pool-6-thread-39] DEBUG c.h.p.o.dependants.PodInfoConfigMap - [helmupgr] Desired PodInfo ConfigMap (1 extensions) (1 enabled)
2025-01-28 21:18:02,812 INFO c.h.h.t.HelmChartContainer - [hivemq-test-hivemq-platform] [hivemq-platform-operator] [229cbb2e] 21:18:02.810 [pool-6-thread-39] DEBUG c.h.p.o.dependants.PodInfoConfigMap - [helmupgr] Desired PodInfo ConfigMap (metrics port: 9399) (metrics path: /)
2025-01-28 21:18:02,812 INFO c.h.h.t.HelmChartContainer - [hivemq-test-hivemq-platform] [hivemq-platform-operator] [229cbb2e] 21:18:02.810 [pool-6-thread-39] DEBUG c.h.p.o.dependants.PodInfoConfigMap - [helmupgr] Desired PodInfo ConfigMap (extension state hash: -1918807284)
2025-01-28 21:18:02,849 INFO c.h.h.t.HelmChartContainer - [test-hivemq-platform] [hivemq] [3948e493] WARN  - [HiveMQ Platform Operator Init App 1.7.0-SNAPSHOT] Cannot connect to Health API for readiness: null
2025-01-28 21:18:02,853 INFO c.h.h.t.HelmChartContainer - [EVENT] Warning [Unhealthy] Readiness probe failed: HTTP probe failed with statuscode: 503 [helmupgradeextensionit:test-hivemq-platform-0]
2025-01-28 21:18:02,853 INFO c.h.h.t.HelmChartContainer - Received Unhealthy event for container hivemq in pod test-hivemq-platform-0 [3948e493-bae2-48d0-be20-36bc5fa0099c]
2025-01-28 21:18:02,871 INFO c.h.h.t.HelmChartContainer - [test-hivemq-platform] [hivemq] [3948e493] INFO  - [HiveMQ Platform Operator Init App 1.7.0-SNAPSHOT] Successfully updated Pod HiveMQ Platform Operator Init App version annotation (version: 1.7.0-SNAPSHOT)
2025-01-28 21:18:02,880 INFO c.h.h.t.HelmChartContainer - [hivemq-test-hivemq-platform] [hivemq-platform-operator] [229cbb2e] 21:18:02.879 [pool-6-thread-35] DEBUG c.h.p.o.d.StatefulSetResource - [helmupgr] Desired StatefulSet (1 replicas) for status STARTING (READY)
2025-01-28 21:18:02,888 INFO c.h.h.t.HelmChartContainer - [hivemq-test-hivemq-platform] [hivemq-platform-operator] [229cbb2e] 21:18:02.887 [ReconcilerExecutor-hivemq-controller-111] INFO  c.h.p.o.HiveMQPlatformReconciler - [helmupgr] Reconciling HiveMQ Platform 'test-hivemq-platform' in namespace 'helmupgradeextensionit'
2025-01-28 21:18:02,891 INFO c.h.h.t.HelmChartContainer - [hivemq-test-hivemq-platform] [hivemq-platform-operator] [229cbb2e] 21:18:02.887 [ReconcilerExecutor-hivemq-controller-111] DEBUG c.h.p.o.HiveMQPlatformReconciler - [helmupgr] Custom Resource Status STARTING - HiveMQ Platform is starting (READY)
2025-01-28 21:18:02,891 INFO c.h.h.t.HelmChartContainer - [hivemq-test-hivemq-platform] [hivemq-platform-operator] [229cbb2e] 21:18:02.887 [ReconcilerExecutor-hivemq-controller-111] DEBUG c.h.p.o.HiveMQPlatformReconciler - [helmupgr] Custom Resource Spec (replicas: 1) (extensions: 1)
2025-01-28 21:18:02,892 INFO c.h.h.t.HelmChartContainer - [hivemq-test-hivemq-platform] [hivemq-platform-operator] [229cbb2e] 21:18:02.891 [ReconcilerExecutor-hivemq-controller-111] DEBUG c.h.p.o.HiveMQPlatformReconciler - [helmupgr] StatefulSet Status (revision: test-hivemq-platform-5b6c7575b6, replicas: 1, available: 0, ready: 0, current: 1, updated: 1)
2025-01-28 21:18:02,893 INFO c.h.h.t.HelmChartContainer - [hivemq-test-hivemq-platform] [hivemq-platform-operator] [229cbb2e] 21:18:02.891 [ReconcilerExecutor-hivemq-controller-111] DEBUG c.h.p.o.HiveMQPlatformReconciler - [helmupgr] StatefulSet Spec (replicas: 1, init containers: 1, containers: 1, volumes: 4)
2025-01-28 21:18:02,896 INFO c.h.h.t.HelmChartContainer - [hivemq-test-hivemq-platform] [hivemq-platform-operator] [229cbb2e] 21:18:02.893 [ReconcilerExecutor-hivemq-controller-111] DEBUG c.h.p.o.h.HiveMQPlatformReconcilerErrorHandler - [helmupgr] Pod 'test-hivemq-platform-0' phase Running
2025-01-28 21:18:02,896 INFO c.h.h.t.HelmChartContainer - [hivemq-test-hivemq-platform] [hivemq-platform-operator] [229cbb2e] 21:18:02.894 [ReconcilerExecutor-hivemq-controller-111] INFO  c.h.p.o.h.HiveMQPlatformReconcilerBaseHandler - [helmupgr] HiveMQ Platform is starting, 0 of 1 replicas are ready
2025-01-28 21:18:07,848 INFO c.h.h.t.HelmChartContainer - [test-hivemq-platform] [hivemq] [3948e493] WARN  - [HiveMQ Platform Operator Init App 1.7.0-SNAPSHOT] Cannot connect to Health API for readiness: null
2025-01-28 21:18:07,853 INFO c.h.h.t.HelmChartContainer - [EVENT] Warning [Unhealthy] Readiness probe failed: HTTP probe failed with statuscode: 503 [helmupgradeextensionit:test-hivemq-platform-0]
2025-01-28 21:18:07,853 INFO c.h.h.t.HelmChartContainer - Received Unhealthy event for container hivemq in pod test-hivemq-platform-0 [3948e493-bae2-48d0-be20-36bc5fa0099c]
2025-01-28 21:18:12,782 INFO c.h.h.t.HelmChartContainer - [test-hivemq-platform] [hivemq] [3948e493] WARN  - [HiveMQ Platform Operator Init App 1.7.0-SNAPSHOT] Cannot connect to Health API for readiness: null
2025-01-28 21:18:12,786 INFO c.h.h.t.HelmChartContainer - [EVENT] Warning [Unhealthy] Readiness probe failed: HTTP probe failed with statuscode: 503 [helmupgradeextensionit:test-hivemq-platform-0]
2025-01-28 21:18:12,786 INFO c.h.h.t.HelmChartContainer - Received Unhealthy event for container hivemq in pod test-hivemq-platform-0 [3948e493-bae2-48d0-be20-36bc5fa0099c]
2025-01-28 21:18:12,902 INFO c.h.h.t.HelmChartContainer - [hivemq-test-hivemq-platform] [hivemq-platform-operator] [229cbb2e] 21:18:12.898 [pool-6-thread-43] DEBUG c.h.p.o.d.PlatformServiceResource - [helmupgr] Desired Platform services (3 services)
2025-01-28 21:18:12,902 INFO c.h.h.t.HelmChartContainer - [hivemq-test-hivemq-platform] [hivemq-platform-operator] [229cbb2e] 21:18:12.899 [pool-6-thread-42] DEBUG c.h.p.o.dependants.PodInfoConfigMap - [helmupgr] Desired PodInfo ConfigMap (1 extensions) (1 enabled)
2025-01-28 21:18:12,903 INFO c.h.h.t.HelmChartContainer - [hivemq-test-hivemq-platform] [hivemq-platform-operator] [229cbb2e] 21:18:12.899 [pool-6-thread-42] DEBUG c.h.p.o.dependants.PodInfoConfigMap - [helmupgr] Desired PodInfo ConfigMap (metrics port: 9399) (metrics path: /)
2025-01-28 21:18:12,903 INFO c.h.h.t.HelmChartContainer - [hivemq-test-hivemq-platform] [hivemq-platform-operator] [229cbb2e] 21:18:12.899 [pool-6-thread-42] DEBUG c.h.p.o.dependants.PodInfoConfigMap - [helmupgr] Desired PodInfo ConfigMap (extension state hash: -1918807284)
2025-01-28 21:18:12,903 INFO c.h.h.t.HelmChartContainer - [hivemq-test-hivemq-platform] [hivemq-platform-operator] [229cbb2e] 21:18:12.900 [pool-6-thread-47] DEBUG c.h.p.o.d.PodServiceAccountResource - [helmupgr] Desired PodServiceAccountResource (serviceAccountName: hivemq-platform-pod-test-hivemq-platform)
2025-01-28 21:18:12,907 INFO c.h.h.t.HelmChartContainer - [hivemq-test-hivemq-platform] [hivemq-platform-operator] [229cbb2e] 21:18:12.906 [pool-6-thread-43] DEBUG c.h.p.o.d.StatefulSetResource - [helmupgr] Desired StatefulSet (1 replicas) for status STARTING (READY)
2025-01-28 21:18:12,911 INFO c.h.h.t.HelmChartContainer - [hivemq-test-hivemq-platform] [hivemq-platform-operator] [229cbb2e] 21:18:12.909 [ReconcilerExecutor-hivemq-controller-112] INFO  c.h.p.o.HiveMQPlatformReconciler - [helmupgr] Reconciling HiveMQ Platform 'test-hivemq-platform' in namespace 'helmupgradeextensionit'
2025-01-28 21:18:12,911 INFO c.h.h.t.HelmChartContainer - [hivemq-test-hivemq-platform] [hivemq-platform-operator] [229cbb2e] 21:18:12.909 [ReconcilerExecutor-hivemq-controller-112] DEBUG c.h.p.o.HiveMQPlatformReconciler - [helmupgr] Custom Resource Status STARTING - HiveMQ Platform is starting (READY)
2025-01-28 21:18:12,911 INFO c.h.h.t.HelmChartContainer - [hivemq-test-hivemq-platform] [hivemq-platform-operator] [229cbb2e] 21:18:12.910 [ReconcilerExecutor-hivemq-controller-112] DEBUG c.h.p.o.HiveMQPlatformReconciler - [helmupgr] Custom Resource Spec (replicas: 1) (extensions: 1)
2025-01-28 21:18:12,913 INFO c.h.h.t.HelmChartContainer - [hivemq-test-hivemq-platform] [hivemq-platform-operator] [229cbb2e] 21:18:12.912 [ReconcilerExecutor-hivemq-controller-112] DEBUG c.h.p.o.HiveMQPlatformReconciler - [helmupgr] StatefulSet Status (revision: test-hivemq-platform-5b6c7575b6, replicas: 1, available: 0, ready: 0, current: 1, updated: 1)
2025-01-28 21:18:12,913 INFO c.h.h.t.HelmChartContainer - [hivemq-test-hivemq-platform] [hivemq-platform-operator] [229cbb2e] 21:18:12.912 [ReconcilerExecutor-hivemq-controller-112] DEBUG c.h.p.o.HiveMQPlatformReconciler - [helmupgr] StatefulSet Spec (replicas: 1, init containers: 1, containers: 1, volumes: 4)
2025-01-28 21:18:12,991 INFO c.h.h.t.HelmChartContainer - [hivemq-test-hivemq-platform] [hivemq-platform-operator] [229cbb2e] 21:18:12.988 [ReconcilerExecutor-hivemq-controller-112] DEBUG c.h.p.o.h.HiveMQPlatformReconcilerErrorHandler - [helmupgr] Pod 'test-hivemq-platform-0' phase Running
2025-01-28 21:18:12,991 INFO c.h.h.t.HelmChartContainer - [hivemq-test-hivemq-platform] [hivemq-platform-operator] [229cbb2e] 21:18:12.989 [ReconcilerExecutor-hivemq-controller-112] INFO  c.h.p.o.h.HiveMQPlatformReconcilerBaseHandler - [helmupgr] HiveMQ Platform is starting, 0 of 1 replicas are ready
2025-01-28 21:18:13,669 INFO c.h.h.t.HelmChartContainer - [test-hivemq-platform] [hivemq] [3948e493] INFO  - No valid license file found. Using trial license, restricted to 25 connections.
2025-01-28 21:18:14,870 INFO c.h.h.t.HelmChartContainer - [test-hivemq-platform] [hivemq] [3948e493] WARN  - [HiveMQ Platform Operator Init App 1.7.0-SNAPSHOT] Cannot connect to Health API for liveness: null
2025-01-28 21:18:14,870 INFO c.h.h.t.HelmChartContainer - [test-hivemq-platform] [hivemq] [3948e493] INFO  - [HiveMQ Platform Operator Init App 1.7.0-SNAPSHOT] Returning default Health API response 200 for liveness
2025-01-28 21:18:16,968 INFO c.h.h.t.HelmChartContainer - [test-hivemq-platform] [hivemq] [3948e493] INFO  - No valid license file for Data Hub found. Using free license, restricted to 1 policy.
2025-01-28 21:18:17,782 INFO c.h.h.t.HelmChartContainer - [test-hivemq-platform] [hivemq] [3948e493] WARN  - [HiveMQ Platform Operator Init App 1.7.0-SNAPSHOT] Cannot connect to Health API for readiness: null
2025-01-28 21:18:17,786 INFO c.h.h.t.HelmChartContainer - [EVENT] Warning [Unhealthy] Readiness probe failed: HTTP probe failed with statuscode: 503 [helmupgradeextensionit:test-hivemq-platform-0]
2025-01-28 21:18:17,786 INFO c.h.h.t.HelmChartContainer - Received Unhealthy event for container hivemq in pod test-hivemq-platform-0 [3948e493-bae2-48d0-be20-36bc5fa0099c]
2025-01-28 21:18:18,268 INFO c.h.h.t.HelmChartContainer - [test-hivemq-platform] [hivemq] [3948e493] INFO  - Audit Logger started.
2025-01-28 21:18:18,495 INFO c.h.h.t.HelmChartContainer - [test-hivemq-platform] [hivemq] [3948e493] INFO  - This node uses '1' CPU cores.
2025-01-28 21:18:18,500 INFO c.h.h.t.HelmChartContainer - [test-hivemq-platform] [hivemq] [3948e493] INFO  - Starting HiveMQ Health API on address 0.0.0.0 and port 8889
2025-01-28 21:18:19,267 INFO c.h.h.t.HelmChartContainer - [test-hivemq-platform] [hivemq] [3948e493] INFO  - Started HiveMQ Health API in 767ms
2025-01-28 21:18:19,875 INFO c.h.h.t.HelmChartContainer - [test-hivemq-platform] [hivemq] [3948e493] INFO  - Starting HiveMQ extension system.
2025-01-28 21:18:21,673 INFO c.h.h.t.HelmChartContainer - [test-hivemq-platform] [hivemq] [3948e493] INFO  - No license found for enterprise extension with name "HiveMQ Enterprise Bridge Extension". Entering extension trial mode. "HiveMQ Enterprise Bridge Extension" will be disabled in 5 hours.
2025-01-28 21:18:21,872 INFO c.h.h.t.HelmChartContainer - [test-hivemq-platform] [hivemq] [3948e493] INFO  - Starting extension with id "hivemq-dns-cluster-discovery" at /opt/hivemq/extensions/hivemq-dns-cluster-discovery
2025-01-28 21:18:22,377 INFO c.h.h.t.HelmChartContainer - [test-hivemq-platform] [hivemq] [3948e493] INFO  - Extension "DNS Cluster Discovery Extension" version 4.3.2 started successfully.
2025-01-28 21:18:22,377 INFO c.h.h.t.HelmChartContainer - [test-hivemq-platform] [hivemq] [3948e493] INFO  - Starting extension with id "hivemq-bridge-extension" at /opt/hivemq/extensions/hivemq-bridge-extension
2025-01-28 21:18:22,379 INFO c.h.h.t.HelmChartContainer - [test-hivemq-platform] [hivemq] [3948e493] INFO  - Using TCP cluster transport on address 10.42.0.6 and port 7000
2025-01-28 21:18:22,475 INFO c.h.h.t.HelmChartContainer - [test-hivemq-platform] [hivemq] [3948e493] INFO  - Using extension cluster discovery
2025-01-28 21:18:22,998 INFO c.h.h.t.HelmChartContainer - [hivemq-test-hivemq-platform] [hivemq-platform-operator] [229cbb2e] 21:18:22.994 [pool-6-thread-3] DEBUG c.h.p.o.d.PlatformServiceResource - [helmupgr] Desired Platform services (3 services)
2025-01-28 21:18:22,999 INFO c.h.h.t.HelmChartContainer - [hivemq-test-hivemq-platform] [hivemq-platform-operator] [229cbb2e] 21:18:22.995 [pool-6-thread-6] DEBUG c.h.p.o.dependants.PodInfoConfigMap - [helmupgr] Desired PodInfo ConfigMap (1 extensions) (1 enabled)
2025-01-28 21:18:22,999 INFO c.h.h.t.HelmChartContainer - [hivemq-test-hivemq-platform] [hivemq-platform-operator] [229cbb2e] 21:18:22.995 [pool-6-thread-6] DEBUG c.h.p.o.dependants.PodInfoConfigMap - [helmupgr] Desired PodInfo ConfigMap (metrics port: 9399) (metrics path: /)
2025-01-28 21:18:22,999 INFO c.h.h.t.HelmChartContainer - [hivemq-test-hivemq-platform] [hivemq-platform-operator] [229cbb2e] 21:18:22.995 [pool-6-thread-6] DEBUG c.h.p.o.dependants.PodInfoConfigMap - [helmupgr] Desired PodInfo ConfigMap (extension state hash: -1918807284)
2025-01-28 21:18:22,999 INFO c.h.h.t.HelmChartContainer - [hivemq-test-hivemq-platform] [hivemq-platform-operator] [229cbb2e] 21:18:22.996 [pool-6-thread-4] DEBUG c.h.p.o.d.PodServiceAccountResource - [helmupgr] Desired PodServiceAccountResource (serviceAccountName: hivemq-platform-pod-test-hivemq-platform)
2025-01-28 21:18:23,002 INFO c.h.h.t.HelmChartContainer - [hivemq-test-hivemq-platform] [hivemq-platform-operator] [229cbb2e] 21:18:23.002 [pool-6-thread-9] DEBUG c.h.p.o.d.StatefulSetResource - [helmupgr] Desired StatefulSet (1 replicas) for status STARTING (READY)
2025-01-28 21:18:23,010 INFO c.h.h.t.HelmChartContainer - [hivemq-test-hivemq-platform] [hivemq-platform-operator] [229cbb2e] 21:18:23.006 [ReconcilerExecutor-hivemq-controller-113] INFO  c.h.p.o.HiveMQPlatformReconciler - [helmupgr] Reconciling HiveMQ Platform 'test-hivemq-platform' in namespace 'helmupgradeextensionit'
2025-01-28 21:18:23,011 INFO c.h.h.t.HelmChartContainer - [hivemq-test-hivemq-platform] [hivemq-platform-operator] [229cbb2e] 21:18:23.007 [ReconcilerExecutor-hivemq-controller-113] DEBUG c.h.p.o.HiveMQPlatformReconciler - [helmupgr] Custom Resource Status STARTING - HiveMQ Platform is starting (READY)
2025-01-28 21:18:23,013 INFO c.h.h.t.HelmChartContainer - [hivemq-test-hivemq-platform] [hivemq-platform-operator] [229cbb2e] 21:18:23.007 [ReconcilerExecutor-hivemq-controller-113] DEBUG c.h.p.o.HiveMQPlatformReconciler - [helmupgr] Custom Resource Spec (replicas: 1) (extensions: 1)
2025-01-28 21:18:23,014 INFO c.h.h.t.HelmChartContainer - [hivemq-test-hivemq-platform] [hivemq-platform-operator] [229cbb2e] 21:18:23.008 [ReconcilerExecutor-hivemq-controller-113] DEBUG c.h.p.o.HiveMQPlatformReconciler - [helmupgr] StatefulSet Status (revision: test-hivemq-platform-5b6c7575b6, replicas: 1, available: 0, ready: 0, current: 1, updated: 1)
2025-01-28 21:18:23,014 INFO c.h.h.t.HelmChartContainer - [hivemq-test-hivemq-platform] [hivemq-platform-operator] [229cbb2e] 21:18:23.009 [ReconcilerExecutor-hivemq-controller-113] DEBUG c.h.p.o.HiveMQPlatformReconciler - [helmupgr] StatefulSet Spec (replicas: 1, init containers: 1, containers: 1, volumes: 4)
2025-01-28 21:18:23,014 INFO c.h.h.t.HelmChartContainer - [hivemq-test-hivemq-platform] [hivemq-platform-operator] [229cbb2e] 21:18:23.010 [ReconcilerExecutor-hivemq-controller-113] DEBUG c.h.p.o.h.HiveMQPlatformReconcilerErrorHandler - [helmupgr] Pod 'test-hivemq-platform-0' phase Running
2025-01-28 21:18:23,014 INFO c.h.h.t.HelmChartContainer - [hivemq-test-hivemq-platform] [hivemq-platform-operator] [229cbb2e] 21:18:23.010 [ReconcilerExecutor-hivemq-controller-113] INFO  c.h.p.o.h.HiveMQPlatformReconcilerBaseHandler - [helmupgr] HiveMQ Platform is starting, 0 of 1 replicas are ready
2025-01-28 21:18:23,576 INFO c.h.h.t.HelmChartContainer - [test-hivemq-platform] [hivemq] [3948e493] INFO  - HiveMQ Enterprise Bridge Extension: Successfully loaded configuration from '/opt/hivemq/extensions/hivemq-bridge-extension/conf/config.xml'.
2025-01-28 21:18:23,823 INFO c.h.h.t.HelmChartContainer - [EVENT] Warning [Unhealthy] Readiness probe failed: Get "http://10.42.0.6:7979/readiness": context deadline exceeded (Client.Timeout exceeded while awaiting headers) [helmupgradeextensionit:test-hivemq-platform-0]
2025-01-28 21:18:23,823 INFO c.h.h.t.HelmChartContainer - Received Unhealthy event for container hivemq in pod test-hivemq-platform-0 [3948e493-bae2-48d0-be20-36bc5fa0099c]
2025-01-28 21:18:24,278 INFO c.h.h.t.HelmChartContainer - [test-hivemq-platform] [hivemq] [3948e493] INFO  - [HiveMQ Platform Operator Init App 1.7.0-SNAPSHOT] Returning Health API response 503 for readiness
2025-01-28 21:18:24,380 INFO c.h.h.t.HelmChartContainer - [test-hivemq-platform] [hivemq] [3948e493] INFO  - Bridge Extension: Connecting to remote brokers...
2025-01-28 21:18:25,769 INFO c.h.h.t.HelmChartContainer - [test-hivemq-platform] [hivemq] [3948e493] INFO  - nxqj7: no members discovered after 2699 ms: creating cluster as first member
2025-01-28 21:18:25,775 INFO c.h.h.t.HelmChartContainer - [test-hivemq-platform] [hivemq] [3948e493] INFO  - Cluster nodes found by discovery: [nxqj7|0] (1) [nxqj7].
2025-01-28 21:18:27,788 INFO c.h.h.t.HelmChartContainer - [EVENT] Warning [Unhealthy] Readiness probe failed: HTTP probe failed with statuscode: 503 [helmupgradeextensionit:test-hivemq-platform-0]
2025-01-28 21:18:27,788 INFO c.h.h.t.HelmChartContainer - Received Unhealthy event for container hivemq in pod test-hivemq-platform-0 [3948e493-bae2-48d0-be20-36bc5fa0099c]
2025-01-28 21:18:32,787 INFO c.h.h.t.HelmChartContainer - [EVENT] Warning [Unhealthy] Readiness probe failed: HTTP probe failed with statuscode: 503 [helmupgradeextensionit:test-hivemq-platform-0]
2025-01-28 21:18:32,788 INFO c.h.h.t.HelmChartContainer - Received Unhealthy event for container hivemq in pod test-hivemq-platform-0 [3948e493-bae2-48d0-be20-36bc5fa0099c]
2025-01-28 21:18:33,016 INFO c.h.h.t.HelmChartContainer - [hivemq-test-hivemq-platform] [hivemq-platform-operator] [229cbb2e] 21:18:33.014 [pool-6-thread-11] DEBUG c.h.p.o.d.PlatformServiceResource - [helmupgr] Desired Platform services (3 services)
2025-01-28 21:18:33,016 INFO c.h.h.t.HelmChartContainer - [hivemq-test-hivemq-platform] [hivemq-platform-operator] [229cbb2e] 21:18:33.015 [pool-6-thread-19] DEBUG c.h.p.o.d.PodServiceAccountResource - [helmupgr] Desired PodServiceAccountResource (serviceAccountName: hivemq-platform-pod-test-hivemq-platform)
2025-01-28 21:18:33,018 INFO c.h.h.t.HelmChartContainer - [hivemq-test-hivemq-platform] [hivemq-platform-operator] [229cbb2e] 21:18:33.015 [pool-6-thread-18] DEBUG c.h.p.o.dependants.PodInfoConfigMap - [helmupgr] Desired PodInfo ConfigMap (1 extensions) (1 enabled)
2025-01-28 21:18:33,018 INFO c.h.h.t.HelmChartContainer - [hivemq-test-hivemq-platform] [hivemq-platform-operator] [229cbb2e] 21:18:33.017 [pool-6-thread-18] DEBUG c.h.p.o.dependants.PodInfoConfigMap - [helmupgr] Desired PodInfo ConfigMap (metrics port: 9399) (metrics path: /)
2025-01-28 21:18:33,018 INFO c.h.h.t.HelmChartContainer - [hivemq-test-hivemq-platform] [hivemq-platform-operator] [229cbb2e] 21:18:33.017 [pool-6-thread-18] DEBUG c.h.p.o.dependants.PodInfoConfigMap - [helmupgr] Desired PodInfo ConfigMap (extension state hash: -1918807284)
2025-01-28 21:18:33,023 INFO c.h.h.t.HelmChartContainer - [hivemq-test-hivemq-platform] [hivemq-platform-operator] [229cbb2e] 21:18:33.022 [pool-6-thread-11] DEBUG c.h.p.o.d.StatefulSetResource - [helmupgr] Desired StatefulSet (1 replicas) for status STARTING (READY)
2025-01-28 21:18:33,027 INFO c.h.h.t.HelmChartContainer - [hivemq-test-hivemq-platform] [hivemq-platform-operator] [229cbb2e] 21:18:33.026 [ReconcilerExecutor-hivemq-controller-114] INFO  c.h.p.o.HiveMQPlatformReconciler - [helmupgr] Reconciling HiveMQ Platform 'test-hivemq-platform' in namespace 'helmupgradeextensionit'
2025-01-28 21:18:33,027 INFO c.h.h.t.HelmChartContainer - [hivemq-test-hivemq-platform] [hivemq-platform-operator] [229cbb2e] 21:18:33.026 [ReconcilerExecutor-hivemq-controller-114] DEBUG c.h.p.o.HiveMQPlatformReconciler - [helmupgr] Custom Resource Status STARTING - HiveMQ Platform is starting (READY)
2025-01-28 21:18:33,028 INFO c.h.h.t.HelmChartContainer - [hivemq-test-hivemq-platform] [hivemq-platform-operator] [229cbb2e] 21:18:33.026 [ReconcilerExecutor-hivemq-controller-114] DEBUG c.h.p.o.HiveMQPlatformReconciler - [helmupgr] Custom Resource Spec (replicas: 1) (extensions: 1)
2025-01-28 21:18:33,030 INFO c.h.h.t.HelmChartContainer - [hivemq-test-hivemq-platform] [hivemq-platform-operator] [229cbb2e] 21:18:33.029 [ReconcilerExecutor-hivemq-controller-114] DEBUG c.h.p.o.HiveMQPlatformReconciler - [helmupgr] StatefulSet Status (revision: test-hivemq-platform-5b6c7575b6, replicas: 1, available: 0, ready: 0, current: 1, updated: 1)
2025-01-28 21:18:33,030 INFO c.h.h.t.HelmChartContainer - [hivemq-test-hivemq-platform] [hivemq-platform-operator] [229cbb2e] 21:18:33.029 [ReconcilerExecutor-hivemq-controller-114] DEBUG c.h.p.o.HiveMQPlatformReconciler - [helmupgr] StatefulSet Spec (replicas: 1, init containers: 1, containers: 1, volumes: 4)
2025-01-28 21:18:33,031 INFO c.h.h.t.HelmChartContainer - [hivemq-test-hivemq-platform] [hivemq-platform-operator] [229cbb2e] 21:18:33.030 [ReconcilerExecutor-hivemq-controller-114] DEBUG c.h.p.o.h.HiveMQPlatformReconcilerErrorHandler - [helmupgr] Pod 'test-hivemq-platform-0' phase Running
2025-01-28 21:18:33,031 INFO c.h.h.t.HelmChartContainer - [hivemq-test-hivemq-platform] [hivemq-platform-operator] [229cbb2e] 21:18:33.031 [ReconcilerExecutor-hivemq-controller-114] INFO  c.h.p.o.h.HiveMQPlatformReconcilerBaseHandler - [helmupgr] HiveMQ Platform is starting, 0 of 1 replicas are ready
2025-01-28 21:18:35,085 INFO c.h.h.t.HelmChartContainer - [test-hivemq-platform] [hivemq] [3948e493] WARN  - Bridge Extension: Connect to bridge 'testbridge' failed for the 1 time, reason: connection timed out after 10000 ms: /172.17.0.3:1883
2025-01-28 21:18:35,089 INFO c.h.h.t.HelmChartContainer - [test-hivemq-platform] [hivemq] [3948e493] WARN  - Bridge Extension: Connect to bridge 'testbridge' failed for the 1 time, reason: connection timed out after 10000 ms: /172.17.0.3:1883
2025-01-28 21:18:37,787 INFO c.h.h.t.HelmChartContainer - [EVENT] Warning [Unhealthy] Readiness probe failed: HTTP probe failed with statuscode: 503 [helmupgradeextensionit:test-hivemq-platform-0]
2025-01-28 21:18:37,787 INFO c.h.h.t.HelmChartContainer - Received Unhealthy event for container hivemq in pod test-hivemq-platform-0 [3948e493-bae2-48d0-be20-36bc5fa0099c]
2025-01-28 21:18:42,787 INFO c.h.h.t.HelmChartContainer - [EVENT] Warning [Unhealthy] Readiness probe failed: HTTP probe failed with statuscode: 503 [helmupgradeextensionit:test-hivemq-platform-0]
2025-01-28 21:18:42,787 INFO c.h.h.t.HelmChartContainer - Received Unhealthy event for container hivemq in pod test-hivemq-platform-0 [3948e493-bae2-48d0-be20-36bc5fa0099c]
2025-01-28 21:18:43,036 INFO c.h.h.t.HelmChartContainer - [hivemq-test-hivemq-platform] [hivemq-platform-operator] [229cbb2e] 21:18:43.034 [pool-6-thread-29] DEBUG c.h.p.o.d.PlatformServiceResource - [helmupgr] Desired Platform services (3 services)
2025-01-28 21:18:43,037 INFO c.h.h.t.HelmChartContainer - [hivemq-test-hivemq-platform] [hivemq-platform-operator] [229cbb2e] 21:18:43.035 [pool-6-thread-21] DEBUG c.h.p.o.dependants.PodInfoConfigMap - [helmupgr] Desired PodInfo ConfigMap (1 extensions) (1 enabled)
2025-01-28 21:18:43,037 INFO c.h.h.t.HelmChartContainer - [hivemq-test-hivemq-platform] [hivemq-platform-operator] [229cbb2e] 21:18:43.035 [pool-6-thread-21] DEBUG c.h.p.o.dependants.PodInfoConfigMap - [helmupgr] Desired PodInfo ConfigMap (metrics port: 9399) (metrics path: /)
2025-01-28 21:18:43,037 INFO c.h.h.t.HelmChartContainer - [hivemq-test-hivemq-platform] [hivemq-platform-operator] [229cbb2e] 21:18:43.035 [pool-6-thread-26] DEBUG c.h.p.o.d.PodServiceAccountResource - [helmupgr] Desired PodServiceAccountResource (serviceAccountName: hivemq-platform-pod-test-hivemq-platform)
2025-01-28 21:18:43,037 INFO c.h.h.t.HelmChartContainer - [hivemq-test-hivemq-platform] [hivemq-platform-operator] [229cbb2e] 21:18:43.036 [pool-6-thread-21] DEBUG c.h.p.o.dependants.PodInfoConfigMap - [helmupgr] Desired PodInfo ConfigMap (extension state hash: -1918807284)
2025-01-28 21:18:43,041 INFO c.h.h.t.HelmChartContainer - [hivemq-test-hivemq-platform] [hivemq-platform-operator] [229cbb2e] 21:18:43.040 [pool-6-thread-29] DEBUG c.h.p.o.d.StatefulSetResource - [helmupgr] Desired StatefulSet (1 replicas) for status STARTING (READY)
2025-01-28 21:18:43,045 INFO c.h.h.t.HelmChartContainer - [hivemq-test-hivemq-platform] [hivemq-platform-operator] [229cbb2e] 21:18:43.044 [ReconcilerExecutor-hivemq-controller-115] INFO  c.h.p.o.HiveMQPlatformReconciler - [helmupgr] Reconciling HiveMQ Platform 'test-hivemq-platform' in namespace 'helmupgradeextensionit'
2025-01-28 21:18:43,045 INFO c.h.h.t.HelmChartContainer - [hivemq-test-hivemq-platform] [hivemq-platform-operator] [229cbb2e] 21:18:43.044 [ReconcilerExecutor-hivemq-controller-115] DEBUG c.h.p.o.HiveMQPlatformReconciler - [helmupgr] Custom Resource Status STARTING - HiveMQ Platform is starting (READY)
2025-01-28 21:18:43,045 INFO c.h.h.t.HelmChartContainer - [hivemq-test-hivemq-platform] [hivemq-platform-operator] [229cbb2e] 21:18:43.044 [ReconcilerExecutor-hivemq-controller-115] DEBUG c.h.p.o.HiveMQPlatformReconciler - [helmupgr] Custom Resource Spec (replicas: 1) (extensions: 1)
2025-01-28 21:18:43,046 INFO c.h.h.t.HelmChartContainer - [hivemq-test-hivemq-platform] [hivemq-platform-operator] [229cbb2e] 21:18:43.046 [ReconcilerExecutor-hivemq-controller-115] DEBUG c.h.p.o.HiveMQPlatformReconciler - [helmupgr] StatefulSet Status (revision: test-hivemq-platform-5b6c7575b6, replicas: 1, available: 0, ready: 0, current: 1, updated: 1)
2025-01-28 21:18:43,048 INFO c.h.h.t.HelmChartContainer - [hivemq-test-hivemq-platform] [hivemq-platform-operator] [229cbb2e] 21:18:43.046 [ReconcilerExecutor-hivemq-controller-115] DEBUG c.h.p.o.HiveMQPlatformReconciler - [helmupgr] StatefulSet Spec (replicas: 1, init containers: 1, containers: 1, volumes: 4)
2025-01-28 21:18:43,049 INFO c.h.h.t.HelmChartContainer - [hivemq-test-hivemq-platform] [hivemq-platform-operator] [229cbb2e] 21:18:43.047 [ReconcilerExecutor-hivemq-controller-115] DEBUG c.h.p.o.h.HiveMQPlatformReconcilerErrorHandler - [helmupgr] Pod 'test-hivemq-platform-0' phase Running
2025-01-28 21:18:43,050 INFO c.h.h.t.HelmChartContainer - [hivemq-test-hivemq-platform] [hivemq-platform-operator] [229cbb2e] 21:18:43.048 [ReconcilerExecutor-hivemq-controller-115] INFO  c.h.p.o.h.HiveMQPlatformReconcilerBaseHandler - [helmupgr] HiveMQ Platform is starting, 0 of 1 replicas are ready
2025-01-28 21:18:44,828 INFO c.h.h.t.HelmChartContainer - [test-hivemq-platform] [hivemq] [3948e493] INFO  - [HiveMQ Platform Operator Init App 1.7.0-SNAPSHOT] Returning Health API response 200 for liveness
2025-01-28 21:18:46,849 INFO c.h.h.t.HelmChartContainer - [test-hivemq-platform] [hivemq] [3948e493] WARN  - Bridge Extension: Connect to bridge 'testbridge' failed for the 2 time, reason: connection timed out after 10000 ms: /172.17.0.3:1883
2025-01-28 21:18:46,852 INFO c.h.h.t.HelmChartContainer - [test-hivemq-platform] [hivemq] [3948e493] WARN  - Bridge Extension: Connect to bridge 'testbridge' failed for the 2 time, reason: connection timed out after 10000 ms: /172.17.0.3:1883
2025-01-28 21:18:46,852 INFO c.h.h.t.HelmChartContainer - [test-hivemq-platform] [hivemq] [3948e493] WARN  - Bridge Extension: Not all clients could connect successfully to remote brokers. The clients will retry the connection.
2025-01-28 21:18:46,949 INFO c.h.h.t.HelmChartContainer - [test-hivemq-platform] [hivemq] [3948e493] INFO  - Extension "HiveMQ Enterprise Bridge Extension" version 4.36.0 started successfully.
2025-01-28 21:18:46,950 INFO c.h.h.testcontainer.LogWaiterUtil - TEST Found log pattern on 'test-hivemq-platform-0': .*Extension "HiveMQ Enterprise Bridge Extension" version .* started successfully.
2025-01-28 21:18:46,950 INFO c.h.h.t.HelmChartContainer - [test-hivemq-platform] [hivemq] [3948e493] INFO  - Starting extension with id "hivemq-prometheus-extension" at /opt/hivemq/extensions/hivemq-prometheus-extension
2025-01-28 21:18:47,359 INFO c.h.h.t.HelmChartContainer - [test-hivemq-platform] [hivemq] [3948e493] INFO  - Started Jetty Server exposing Prometheus Servlet on URI http://0.0.0.0:9399/
2025-01-28 21:18:47,359 INFO c.h.h.t.HelmChartContainer - [test-hivemq-platform] [hivemq] [3948e493] INFO  - Extension "Prometheus Monitoring Extension" version 4.0.12 started successfully.
2025-01-28 21:18:47,359 INFO c.h.h.t.HelmChartContainer - [test-hivemq-platform] [hivemq] [3948e493] INFO  - Starting extension with id "hivemq-allow-all-extension" at /opt/hivemq/extensions/hivemq-allow-all-extension
2025-01-28 21:18:47,359 INFO c.h.h.t.HelmChartContainer - [test-hivemq-platform] [hivemq] [3948e493] WARN  - 
2025-01-28 21:18:47,359 INFO c.h.h.t.HelmChartContainer - [test-hivemq-platform] [hivemq] [3948e493] ################################################################################################################
2025-01-28 21:18:47,359 INFO c.h.h.t.HelmChartContainer - [test-hivemq-platform] [hivemq] [3948e493] # This HiveMQ deployment is not secure! You are lacking Authentication and Authorization.                      #
2025-01-28 21:18:47,359 INFO c.h.h.t.HelmChartContainer - [test-hivemq-platform] [hivemq] [3948e493] # Right now any MQTT client can connect to the broker with a full set of permissions.                          #
2025-01-28 21:18:47,359 INFO c.h.h.t.HelmChartContainer - [test-hivemq-platform] [hivemq] [3948e493] # For production usage, add an appropriate security extension and remove the hivemq-allow-all extension.       #
2025-01-28 21:18:47,359 INFO c.h.h.t.HelmChartContainer - [test-hivemq-platform] [hivemq] [3948e493] # You can download security extensions from the HiveMQ Marketplace (https://www.hivemq.com/extensions/).       #
2025-01-28 21:18:47,359 INFO c.h.h.t.HelmChartContainer - [test-hivemq-platform] [hivemq] [3948e493] ################################################################################################################
2025-01-28 21:18:47,359 INFO c.h.h.t.HelmChartContainer - [test-hivemq-platform] [hivemq] [3948e493] INFO  - Extension "Allow All Extension" version 1.1.1 started successfully.
2025-01-28 21:18:47,360 INFO c.h.h.t.HelmChartContainer - [test-hivemq-platform] [hivemq] [3948e493] WARN  - No user for HiveMQ Control Center configured. Starting with default user
2025-01-28 21:18:47,360 INFO c.h.h.t.HelmChartContainer - [test-hivemq-platform] [hivemq] [3948e493] INFO  - Starting HiveMQ Control Center on address 0.0.0.0 and port 8080
2025-01-28 21:18:47,364 INFO c.h.h.t.HelmChartContainer - [test-hivemq-platform] [hivemq] [3948e493] INFO  - Mounting HiveMQ Control Center V2 Preview
2025-01-28 21:18:47,856 INFO c.h.h.t.HelmChartContainer - [EVENT] Warning [Unhealthy] Readiness probe failed: HTTP probe failed with statuscode: 503 [helmupgradeextensionit:test-hivemq-platform-0]
2025-01-28 21:18:47,856 INFO c.h.h.t.HelmChartContainer - Received Unhealthy event for container hivemq in pod test-hivemq-platform-0 [3948e493-bae2-48d0-be20-36bc5fa0099c]
2025-01-28 21:18:47,967 INFO c.h.h.t.HelmChartContainer - [test-hivemq-platform] [hivemq] [3948e493] INFO  - Started HiveMQ Control Center in 608ms
2025-01-28 21:18:48,054 INFO c.h.h.t.HelmChartContainer - [test-hivemq-platform] [hivemq] [3948e493] INFO  - Starting TCP listener on address 0.0.0.0 and port 1883
2025-01-28 21:18:48,148 INFO c.h.h.t.HelmChartContainer - [test-hivemq-platform] [hivemq] [3948e493] INFO  - Started TCP Listener on address 0.0.0.0 and on port 1883.
2025-01-28 21:18:48,148 INFO c.h.h.t.HelmChartContainer - [test-hivemq-platform] [hivemq] [3948e493] INFO  - Started HiveMQ in 53963ms
2025-01-28 21:18:52,783 INFO c.h.h.t.HelmChartContainer - [test-hivemq-platform] [hivemq] [3948e493] INFO  - [HiveMQ Platform Operator Init App 1.7.0-SNAPSHOT] Returning Health API response 200 for readiness
2025-01-28 21:18:52,797 INFO c.h.h.t.HelmChartContainer - [POD] test-hivemq-platform-0 [3948e493-bae2-48d0-be20-36bc5fa0099c] in helmupgradeextensionit was MODIFIED
2025-01-28 21:18:52,812 INFO c.h.h.t.HelmChartContainer - [hivemq-test-hivemq-platform] [hivemq-platform-operator] [229cbb2e] 21:18:52.806 [pool-6-thread-31] DEBUG c.h.p.o.dependants.PodInfoConfigMap - [helmupgr] Desired PodInfo ConfigMap (1 extensions) (1 enabled)
2025-01-28 21:18:52,815 INFO c.h.h.t.HelmChartContainer - [hivemq-test-hivemq-platform] [hivemq-platform-operator] [229cbb2e] 21:18:52.806 [pool-6-thread-31] DEBUG c.h.p.o.dependants.PodInfoConfigMap - [helmupgr] Desired PodInfo ConfigMap (metrics port: 9399) (metrics path: /)
2025-01-28 21:18:52,816 INFO c.h.h.t.HelmChartContainer - [hivemq-test-hivemq-platform] [hivemq-platform-operator] [229cbb2e] 21:18:52.806 [pool-6-thread-31] DEBUG c.h.p.o.dependants.PodInfoConfigMap - [helmupgr] Desired PodInfo ConfigMap (extension state hash: -1918807284)
2025-01-28 21:18:52,816 INFO c.h.h.t.HelmChartContainer - [hivemq-test-hivemq-platform] [hivemq-platform-operator] [229cbb2e] 21:18:52.812 [pool-6-thread-38] DEBUG c.h.p.o.d.PodServiceAccountResource - [helmupgr] Desired PodServiceAccountResource (serviceAccountName: hivemq-platform-pod-test-hivemq-platform)
2025-01-28 21:18:52,818 INFO c.h.h.t.HelmChartContainer - [hivemq-test-hivemq-platform] [hivemq-platform-operator] [229cbb2e] 21:18:52.812 [pool-6-thread-34] DEBUG c.h.p.o.d.PlatformServiceResource - [helmupgr] Desired Platform services (3 services)
2025-01-28 21:18:52,821 INFO c.h.h.t.HelmChartContainer - [hivemq-test-hivemq-platform] [hivemq-platform-operator] [229cbb2e] 21:18:52.820 [pool-6-thread-34] DEBUG c.h.p.o.d.StatefulSetResource - [helmupgr] Desired StatefulSet (1 replicas) for status STARTING (READY)
2025-01-28 21:18:52,891 INFO c.h.h.t.HelmChartContainer - [hivemq-test-hivemq-platform] [hivemq-platform-operator] [229cbb2e] 21:18:52.888 [ReconcilerExecutor-hivemq-controller-116] INFO  c.h.p.o.HiveMQPlatformReconciler - [helmupgr] Reconciling HiveMQ Platform 'test-hivemq-platform' in namespace 'helmupgradeextensionit'
2025-01-28 21:18:52,892 INFO c.h.h.t.HelmChartContainer - [hivemq-test-hivemq-platform] [hivemq-platform-operator] [229cbb2e] 21:18:52.889 [ReconcilerExecutor-hivemq-controller-116] DEBUG c.h.p.o.HiveMQPlatformReconciler - [helmupgr] Custom Resource Status STARTING - HiveMQ Platform is starting (READY)
2025-01-28 21:18:52,892 INFO c.h.h.t.HelmChartContainer - [hivemq-test-hivemq-platform] [hivemq-platform-operator] [229cbb2e] 21:18:52.889 [ReconcilerExecutor-hivemq-controller-116] DEBUG c.h.p.o.HiveMQPlatformReconciler - [helmupgr] Custom Resource Spec (replicas: 1) (extensions: 1)
2025-01-28 21:18:52,893 INFO c.h.h.t.HelmChartContainer - [hivemq-test-hivemq-platform] [hivemq-platform-operator] [229cbb2e] 21:18:52.891 [ReconcilerExecutor-hivemq-controller-116] DEBUG c.h.p.o.HiveMQPlatformReconciler - [helmupgr] StatefulSet Status (revision: test-hivemq-platform-5b6c7575b6, replicas: 1, available: 1, ready: 1, current: 1, updated: 1)
2025-01-28 21:18:52,894 INFO c.h.h.t.HelmChartContainer - [hivemq-test-hivemq-platform] [hivemq-platform-operator] [229cbb2e] 21:18:52.891 [ReconcilerExecutor-hivemq-controller-116] DEBUG c.h.p.o.HiveMQPlatformReconciler - [helmupgr] StatefulSet Spec (replicas: 1, init containers: 1, containers: 1, volumes: 4)
2025-01-28 21:18:52,895 INFO c.h.h.t.HelmChartContainer - [hivemq-test-hivemq-platform] [hivemq-platform-operator] [229cbb2e] 21:18:52.892 [ReconcilerExecutor-hivemq-controller-116] DEBUG c.h.p.o.h.HiveMQPlatformReconcilerErrorHandler - [helmupgr] Pod 'test-hivemq-platform-0' phase Running
2025-01-28 21:18:52,896 INFO c.h.h.t.HelmChartContainer - [hivemq-test-hivemq-platform] [hivemq-platform-operator] [229cbb2e] 21:18:52.893 [ReconcilerExecutor-hivemq-controller-116] INFO  c.h.p.o.h.HiveMQPlatformReconcilerBaseHandler - [helmupgr] HiveMQ Platform started successfully
2025-01-28 21:18:52,998 INFO c.h.h.t.HelmChartContainer - [hivemq-test-hivemq-platform] [hivemq-platform-operator] [229cbb2e] 21:18:52.997 [ReconcilerExecutor-hivemq-controller-116] DEBUG c.h.p.operator.event.EventSender - [helmupgr] Creating K8s event hivemq-platform-ready: [Ready] HiveMQ Platform is ready
2025-01-28 21:18:53,001 INFO c.h.h.t.HelmChartContainer - [EVENT] Normal [Ready] HiveMQ Platform is ready [helmupgradeextensionit:test-hivemq-platform]
2025-01-28 21:18:53,003 INFO c.h.h.t.HelmChartContainer - [hivemq-test-hivemq-platform] [hivemq-platform-operator] [229cbb2e] 21:18:53.002 [ReconcilerExecutor-hivemq-controller-116] INFO  c.h.p.o.h.AbstractHiveMQReconcilerStateHandler - [helmupgr] Update HiveMQ Platform Status (STARTING [READY] -> RUNNING [READY]): HiveMQ Platform is ready
2025-01-28 21:18:53,011 DEBUG com.hivemq.helmcharts.util.K8sUtil - Comparing actual state 'RUNNING' and waiting for 'RUNNING'
2025-01-28 21:18:53,092 INFO c.h.h.t.HelmChartContainer - [hivemq-test-hivemq-platform] [hivemq-platform-operator] [229cbb2e] 21:18:53.088 [pool-6-thread-49] DEBUG c.h.p.o.d.PlatformServiceResource - [helmupgr] Desired Platform services (3 services)
2025-01-28 21:18:53,092 INFO c.h.h.t.HelmChartContainer - [hivemq-test-hivemq-platform] [hivemq-platform-operator] [229cbb2e] 21:18:53.089 [pool-6-thread-45] DEBUG c.h.p.o.dependants.PodInfoConfigMap - [helmupgr] Desired PodInfo ConfigMap (1 extensions) (1 enabled)
2025-01-28 21:18:53,092 INFO c.h.h.t.HelmChartContainer - [hivemq-test-hivemq-platform] [hivemq-platform-operator] [229cbb2e] 21:18:53.089 [pool-6-thread-45] DEBUG c.h.p.o.dependants.PodInfoConfigMap - [helmupgr] Desired PodInfo ConfigMap (metrics port: 9399) (metrics path: /)
2025-01-28 21:18:53,092 INFO c.h.h.t.HelmChartContainer - [hivemq-test-hivemq-platform] [hivemq-platform-operator] [229cbb2e] 21:18:53.089 [pool-6-thread-45] DEBUG c.h.p.o.dependants.PodInfoConfigMap - [helmupgr] Desired PodInfo ConfigMap (extension state hash: -1918807284)
2025-01-28 21:18:53,094 INFO c.h.h.t.HelmChartContainer - [hivemq-test-hivemq-platform] [hivemq-platform-operator] [229cbb2e] 21:18:53.089 [pool-6-thread-41] DEBUG c.h.p.o.d.PodServiceAccountResource - [helmupgr] Desired PodServiceAccountResource (serviceAccountName: hivemq-platform-pod-test-hivemq-platform)
2025-01-28 21:18:53,094 INFO c.h.h.t.HelmChartContainer - [hivemq-test-hivemq-platform] [hivemq-platform-operator] [229cbb2e] 21:18:53.089 [pool-6-thread-45] DEBUG c.h.p.o.dependants.PodInfoConfigMap - [helmupgr] Update PodInfo ConfigMap
2025-01-28 21:18:53,111 INFO c.h.h.t.HelmChartContainer - [hivemq-test-hivemq-platform] [hivemq-platform-operator] [229cbb2e] 21:18:53.108 [pool-6-thread-45] DEBUG c.h.p.o.d.StatefulSetResource - [helmupgr] Desired StatefulSet (1 replicas) for status RUNNING (READY)
2025-01-28 21:18:53,188 INFO c.h.h.t.HelmChartContainer - [hivemq-test-hivemq-platform] [hivemq-platform-operator] [229cbb2e] 21:18:53.187 [ReconcilerExecutor-hivemq-controller-117] INFO  c.h.p.o.HiveMQPlatformReconciler - [helmupgr] Reconciling HiveMQ Platform 'test-hivemq-platform' in namespace 'helmupgradeextensionit'
2025-01-28 21:18:53,189 INFO c.h.h.t.HelmChartContainer - [hivemq-test-hivemq-platform] [hivemq-platform-operator] [229cbb2e] 21:18:53.187 [ReconcilerExecutor-hivemq-controller-117] DEBUG c.h.p.o.HiveMQPlatformReconciler - [helmupgr] Custom Resource Status RUNNING - HiveMQ Platform is ready (READY)
2025-01-28 21:18:53,189 INFO c.h.h.t.HelmChartContainer - [hivemq-test-hivemq-platform] [hivemq-platform-operator] [229cbb2e] 21:18:53.187 [ReconcilerExecutor-hivemq-controller-117] DEBUG c.h.p.o.HiveMQPlatformReconciler - [helmupgr] Custom Resource Spec (replicas: 1) (extensions: 1)
2025-01-28 21:18:53,195 INFO c.h.h.t.HelmChartContainer - [hivemq-test-hivemq-platform] [hivemq-platform-operator] [229cbb2e] 21:18:53.194 [ReconcilerExecutor-hivemq-controller-117] DEBUG c.h.p.o.HiveMQPlatformReconciler - [helmupgr] StatefulSet Status (revision: test-hivemq-platform-5b6c7575b6, replicas: 1, available: 1, ready: 1, current: 1, updated: 1)
2025-01-28 21:18:53,195 INFO c.h.h.t.HelmChartContainer - [hivemq-test-hivemq-platform] [hivemq-platform-operator] [229cbb2e] 21:18:53.194 [ReconcilerExecutor-hivemq-controller-117] DEBUG c.h.p.o.HiveMQPlatformReconciler - [helmupgr] StatefulSet Spec (replicas: 1, init containers: 1, containers: 1, volumes: 4)
2025-01-28 21:18:53,197 INFO c.h.h.t.HelmChartContainer - [hivemq-test-hivemq-platform] [hivemq-platform-operator] [229cbb2e] 21:18:53.195 [ReconcilerExecutor-hivemq-controller-117] DEBUG c.h.p.o.h.HiveMQPlatformReconcilerErrorHandler - [helmupgr] Pod 'test-hivemq-platform-0' phase Running
2025-01-28 21:18:57,027 INFO c.h.h.testcontainer.LogWaiterUtil - TEST Waiting for log pattern on 'test-hivemq-platform-0': .*Extension "HiveMQ Enterprise Bridge Extension" version .* stopped successfully.
2025-01-28 21:18:57,027 INFO c.h.h.testcontainer.LogWaiterUtil - TEST Waiting for log pattern on 'test-hivemq-platform-0': .*\[HiveMQ Platform Operator Init App [A-Z0-9.-]+\] Successfully stopped extension hivemq-bridge-extension
2025-01-28 21:18:57,027 INFO c.h.h.testcontainer.LogWaiterUtil - TEST Waiting for log pattern on 'test-hivemq-platform-0': .*\[HiveMQ Platform Operator Init App [A-Z0-9.-]+\] Extension update is done \(0 errors\)
2025-01-28 21:18:57,087 DEBUG c.h.h.t.HelmChartContainer - Executing helm command: /bin/helm --kubeconfig /etc/rancher/k3s/k3s.yaml upgrade test-hivemq-platform /charts/hivemq-platform --wait --timeout 5m0s --set image.repository=docker.io/hivemq --set image.tag=4.36.0 --set image.pullPolicy=Never --set nodes.resources.cpu=512m -f /files/disable-bridge-values.yaml --namespace helmupgradeextensionit
2025-01-28 21:18:57,432 INFO c.h.h.t.HelmChartContainer - [hivemq-test-hivemq-platform] [hivemq-platform-operator] [229cbb2e] 21:18:57.428 [pool-6-thread-2] DEBUG c.h.p.o.d.PlatformServiceResource - [helmupgr] Desired Platform services (3 services)
2025-01-28 21:18:57,434 INFO c.h.h.t.HelmChartContainer - [hivemq-test-hivemq-platform] [hivemq-platform-operator] [229cbb2e] 21:18:57.429 [pool-6-thread-8] DEBUG c.h.p.o.d.PodServiceAccountResource - [helmupgr] Desired PodServiceAccountResource (serviceAccountName: hivemq-platform-pod-test-hivemq-platform)
2025-01-28 21:18:57,434 INFO c.h.h.t.HelmChartContainer - [hivemq-test-hivemq-platform] [hivemq-platform-operator] [229cbb2e] 21:18:57.430 [pool-6-thread-7] DEBUG c.h.p.o.dependants.PodInfoConfigMap - [helmupgr] Desired PodInfo ConfigMap (1 extensions) (0 enabled)
2025-01-28 21:18:57,434 INFO c.h.h.t.HelmChartContainer - [hivemq-test-hivemq-platform] [hivemq-platform-operator] [229cbb2e] 21:18:57.431 [pool-6-thread-7] DEBUG c.h.p.o.dependants.PodInfoConfigMap - [helmupgr] Desired PodInfo ConfigMap (metrics port: 9399) (metrics path: /)
2025-01-28 21:18:57,434 INFO c.h.h.t.HelmChartContainer - [hivemq-test-hivemq-platform] [hivemq-platform-operator] [229cbb2e] 21:18:57.431 [pool-6-thread-7] DEBUG c.h.p.o.dependants.PodInfoConfigMap - [helmupgr] Desired PodInfo ConfigMap (extension state hash: 549625241)
2025-01-28 21:18:57,434 INFO c.h.h.t.HelmChartContainer - [hivemq-test-hivemq-platform] [hivemq-platform-operator] [229cbb2e] 21:18:57.431 [pool-6-thread-7] DEBUG c.h.p.o.dependants.PodInfoConfigMap - [helmupgr] Update PodInfo ConfigMap
2025-01-28 21:18:57,434 INFO c.h.h.t.HelmChartContainer - [hivemq-test-hivemq-platform] [hivemq-platform-operator] [229cbb2e] 21:18:57.432 [pool-6-thread-7] DEBUG c.h.p.o.dependants.PodInfoConfigMap - [helmupgr] Detected change in configuration of extension 'hivemq-bridge-extension' ({skip-https-hostname-verification=false, restart=true, config-version=517, header-version=0, c-uri=, uri=preinstalled, skip-https-certificate-validation=false, enabled=true} -> {skip-https-hostname-verification=false, restart=true, config-version=517, header-version=0, c-uri=, uri=preinstalled, skip-https-certificate-validation=false, enabled=false})
2025-01-28 21:18:57,434 INFO c.h.h.t.HelmChartContainer - [hivemq-test-hivemq-platform] [hivemq-platform-operator] [229cbb2e] 21:18:57.432 [pool-6-thread-7] INFO  c.h.p.o.dependants.PodInfoConfigMap - [helmupgr] Extension configuration was updated, restarting extensions: [hivemq-bridge-extension]
2025-01-28 21:18:57,492 INFO c.h.h.t.HelmChartContainer - [hivemq-test-hivemq-platform] [hivemq-platform-operator] [229cbb2e] 21:18:57.491 [pool-6-thread-7] DEBUG c.h.p.o.d.StatefulSetResource - [helmupgr] Desired StatefulSet (1 replicas) for status RUNNING (READY)
2025-01-28 21:18:57,495 INFO c.h.h.t.HelmChartContainer - [hivemq-test-hivemq-platform] [hivemq-platform-operator] [229cbb2e] 21:18:57.493 [pool-6-thread-7] DEBUG c.h.p.o.u.VolumeAndVolumeMountUtil - [helmupgr] Creating volume mount for available ConfigMap 'test-bridge-configuration' of disabled extension 'hivemq-bridge-extension'
2025-01-28 21:18:57,498 INFO c.h.h.t.HelmChartContainer - [hivemq-test-hivemq-platform] [hivemq-platform-operator] [229cbb2e] 21:18:57.497 [ReconcilerExecutor-hivemq-controller-120] INFO  c.h.p.o.HiveMQPlatformReconciler - [helmupgr] Reconciling HiveMQ Platform 'test-hivemq-platform' in namespace 'helmupgradeextensionit'
2025-01-28 21:18:57,499 INFO c.h.h.t.HelmChartContainer - [hivemq-test-hivemq-platform] [hivemq-platform-operator] [229cbb2e] 21:18:57.498 [ReconcilerExecutor-hivemq-controller-120] DEBUG c.h.p.o.HiveMQPlatformReconciler - [helmupgr] Custom Resource Status RUNNING - HiveMQ Platform is ready (READY) (reconciliation requests: RESTART_EXTENSIONS, REQUESTS_UPDATED)
2025-01-28 21:18:57,499 INFO c.h.h.t.HelmChartContainer - [hivemq-test-hivemq-platform] [hivemq-platform-operator] [229cbb2e] 21:18:57.498 [ReconcilerExecutor-hivemq-controller-120] DEBUG c.h.p.o.HiveMQPlatformReconciler - [helmupgr] Custom Resource Spec (replicas: 1) (extensions: 1)
2025-01-28 21:18:57,501 INFO c.h.h.t.HelmChartContainer - [hivemq-test-hivemq-platform] [hivemq-platform-operator] [229cbb2e] 21:18:57.500 [ReconcilerExecutor-hivemq-controller-120] DEBUG c.h.p.o.HiveMQPlatformReconciler - [helmupgr] StatefulSet Status (revision: test-hivemq-platform-5b6c7575b6, replicas: 1, available: 1, ready: 1, current: 1, updated: 1)
2025-01-28 21:18:57,502 INFO c.h.h.t.HelmChartContainer - [hivemq-test-hivemq-platform] [hivemq-platform-operator] [229cbb2e] 21:18:57.500 [ReconcilerExecutor-hivemq-controller-120] DEBUG c.h.p.o.HiveMQPlatformReconciler - [helmupgr] StatefulSet Spec (replicas: 1, init containers: 1, containers: 1, volumes: 4)
2025-01-28 21:18:57,504 INFO c.h.h.t.HelmChartContainer - [hivemq-test-hivemq-platform] [hivemq-platform-operator] [229cbb2e] 21:18:57.501 [ReconcilerExecutor-hivemq-controller-120] DEBUG c.h.p.o.h.HiveMQPlatformReconcilerErrorHandler - [helmupgr] Pod 'test-hivemq-platform-0' phase Running
2025-01-28 21:18:57,607 INFO c.h.h.t.HelmChartContainer - [hivemq-test-hivemq-platform] [hivemq-platform-operator] [229cbb2e] 21:18:57.606 [ReconcilerExecutor-hivemq-controller-120] DEBUG c.h.p.operator.event.EventSender - [helmupgr] Creating K8s event restart-extension-started: [RestartExtension] HiveMQ Platform is restarting extensions (hivemq-bridge-extension)
2025-01-28 21:18:57,616 DEBUG com.hivemq.helmcharts.util.K8sUtil - Comparing actual state 'RUNNING' and waiting for 'RESTART_EXTENSIONS'
2025-01-28 21:18:57,696 INFO c.h.h.t.HelmChartContainer - [hivemq-test-hivemq-platform] [hivemq-platform-operator] [229cbb2e] 21:18:57.695 [ReconcilerExecutor-hivemq-controller-120] INFO  c.h.p.o.h.AbstractHiveMQReconcilerStateHandler - [helmupgr] Update HiveMQ Platform Status (RUNNING [READY] -> RESTART_EXTENSIONS [RESTART_EXTENSIONS]): HiveMQ Platform is restarting extensions (hivemq-bridge-extension)
2025-01-28 21:18:57,697 INFO c.h.h.t.HelmChartContainer - [EVENT] Normal [RestartExtension] HiveMQ Platform is restarting extensions (hivemq-bridge-extension) [helmupgradeextensionit:test-hivemq-platform]
2025-01-28 21:18:57,707 DEBUG com.hivemq.helmcharts.util.K8sUtil - Comparing actual state 'RESTART_EXTENSIONS' and waiting for 'RESTART_EXTENSIONS'
2025-01-28 21:18:57,712 DEBUG com.hivemq.helmcharts.util.K8sUtil - Comparing actual state 'RESTART_EXTENSIONS' and waiting for 'RUNNING'
2025-01-28 21:19:00,641 INFO c.h.h.t.HelmChartContainer - [test-hivemq-platform] [hivemq] [3948e493] WARN  - Bridge Extension: Connect to bridge 'testbridge' failed for the 3 time, reason: connection timed out after 10000 ms: /172.17.0.3:1883
2025-01-28 21:19:00,931 INFO c.h.h.t.HelmChartContainer - [test-hivemq-platform] [hivemq] [3948e493] WARN  - Bridge Extension: Connect to bridge 'testbridge' failed for the 3 time, reason: connection timed out after 10000 ms: /172.17.0.3:1883
2025-01-28 21:19:07,713 INFO c.h.h.t.HelmChartContainer - [hivemq-test-hivemq-platform] [hivemq-platform-operator] [229cbb2e] 21:19:07.710 [pool-6-thread-13] DEBUG c.h.p.o.d.PlatformServiceResource - [helmupgr] Desired Platform services (3 services)
2025-01-28 21:19:07,713 INFO c.h.h.t.HelmChartContainer - [hivemq-test-hivemq-platform] [hivemq-platform-operator] [229cbb2e] 21:19:07.711 [pool-6-thread-20] DEBUG c.h.p.o.dependants.PodInfoConfigMap - [helmupgr] Desired PodInfo ConfigMap (1 extensions) (0 enabled)
2025-01-28 21:19:07,713 INFO c.h.h.t.HelmChartContainer - [hivemq-test-hivemq-platform] [hivemq-platform-operator] [229cbb2e] 21:19:07.711 [pool-6-thread-20] DEBUG c.h.p.o.dependants.PodInfoConfigMap - [helmupgr] Desired PodInfo ConfigMap (metrics port: 9399) (metrics path: /)
2025-01-28 21:19:07,713 INFO c.h.h.t.HelmChartContainer - [hivemq-test-hivemq-platform] [hivemq-platform-operator] [229cbb2e] 21:19:07.711 [pool-6-thread-20] DEBUG c.h.p.o.dependants.PodInfoConfigMap - [helmupgr] Desired PodInfo ConfigMap (extension state hash: 549625241)
2025-01-28 21:19:07,713 INFO c.h.h.t.HelmChartContainer - [hivemq-test-hivemq-platform] [hivemq-platform-operator] [229cbb2e] 21:19:07.711 [pool-6-thread-19] DEBUG c.h.p.o.d.PodServiceAccountResource - [helmupgr] Desired PodServiceAccountResource (serviceAccountName: hivemq-platform-pod-test-hivemq-platform)
2025-01-28 21:19:07,713 INFO c.h.h.t.HelmChartContainer - [hivemq-test-hivemq-platform] [hivemq-platform-operator] [229cbb2e] 21:19:07.712 [pool-6-thread-20] DEBUG c.h.p.o.dependants.PodInfoConfigMap - [helmupgr] Update PodInfo ConfigMap
2025-01-28 21:19:07,795 INFO c.h.h.t.HelmChartContainer - [hivemq-test-hivemq-platform] [hivemq-platform-operator] [229cbb2e] 21:19:07.794 [pool-6-thread-20] DEBUG c.h.p.o.d.StatefulSetResource - [helmupgr] Desired StatefulSet (1 replicas) for status RESTART_EXTENSIONS (RESTART_EXTENSIONS)
2025-01-28 21:19:07,796 INFO c.h.h.t.HelmChartContainer - [hivemq-test-hivemq-platform] [hivemq-platform-operator] [229cbb2e] 21:19:07.795 [pool-6-thread-20] DEBUG c.h.p.o.u.VolumeAndVolumeMountUtil - [helmupgr] Creating volume mount for available ConfigMap 'test-bridge-configuration' of disabled extension 'hivemq-bridge-extension'
2025-01-28 21:19:07,798 INFO c.h.h.t.HelmChartContainer - [hivemq-test-hivemq-platform] [hivemq-platform-operator] [229cbb2e] 21:19:07.798 [ReconcilerExecutor-hivemq-controller-121] INFO  c.h.p.o.HiveMQPlatformReconciler - [helmupgr] Reconciling HiveMQ Platform 'test-hivemq-platform' in namespace 'helmupgradeextensionit'
2025-01-28 21:19:07,799 INFO c.h.h.t.HelmChartContainer - [hivemq-test-hivemq-platform] [hivemq-platform-operator] [229cbb2e] 21:19:07.798 [ReconcilerExecutor-hivemq-controller-121] DEBUG c.h.p.o.HiveMQPlatformReconciler - [helmupgr] Custom Resource Status RESTART_EXTENSIONS - HiveMQ Platform is restarting extensions (hivemq-bridge-extension) (RESTART_EXTENSIONS)
2025-01-28 21:19:07,799 INFO c.h.h.t.HelmChartContainer - [hivemq-test-hivemq-platform] [hivemq-platform-operator] [229cbb2e] 21:19:07.798 [ReconcilerExecutor-hivemq-controller-121] DEBUG c.h.p.o.HiveMQPlatformReconciler - [helmupgr] Custom Resource Spec (replicas: 1) (extensions: 1)
2025-01-28 21:19:07,801 INFO c.h.h.t.HelmChartContainer - [hivemq-test-hivemq-platform] [hivemq-platform-operator] [229cbb2e] 21:19:07.799 [ReconcilerExecutor-hivemq-controller-121] DEBUG c.h.p.o.HiveMQPlatformReconciler - [helmupgr] StatefulSet Status (revision: test-hivemq-platform-5b6c7575b6, replicas: 1, available: 1, ready: 1, current: 1, updated: 1)
2025-01-28 21:19:07,802 INFO c.h.h.t.HelmChartContainer - [hivemq-test-hivemq-platform] [hivemq-platform-operator] [229cbb2e] 21:19:07.800 [ReconcilerExecutor-hivemq-controller-121] DEBUG c.h.p.o.HiveMQPlatformReconciler - [helmupgr] StatefulSet Spec (replicas: 1, init containers: 1, containers: 1, volumes: 4)
2025-01-28 21:19:07,803 INFO c.h.h.t.HelmChartContainer - [hivemq-test-hivemq-platform] [hivemq-platform-operator] [229cbb2e] 21:19:07.801 [ReconcilerExecutor-hivemq-controller-121] DEBUG c.h.p.o.h.HiveMQPlatformReconcilerErrorHandler - [helmupgr] Pod 'test-hivemq-platform-0' phase Running
2025-01-28 21:19:07,811 INFO c.h.h.t.HelmChartContainer - [hivemq-test-hivemq-platform] [hivemq-platform-operator] [229cbb2e] 21:19:07.810 [ReconcilerExecutor-hivemq-controller-121] DEBUG c.h.p.o.h.HiveMQPlatformReconcilerRestartExtensionsHandler - [helmupgr] Update extensions on Pod 'test-hivemq-platform-0'
2025-01-28 21:19:07,989 INFO c.h.h.t.HelmChartContainer - [test-hivemq-platform] [hivemq] [3948e493] INFO  - [HiveMQ Platform Operator Init App 1.7.0-SNAPSHOT] Updating HiveMQ Platform extensions: [hivemq-bridge-extension]
2025-01-28 21:19:08,005 INFO c.h.h.t.HelmChartContainer - [hivemq-test-hivemq-platform] [hivemq-platform-operator] [229cbb2e] 21:19:08.004 [vert.x-eventloop-thread-1] DEBUG c.h.platform.operator.util.PodUtil - Received status for command '[curl, -s, http://10.42.0.6:7979/updateExtension?hash=549625241&extensions=hivemq-bridge-extension]' on Pod 'test-hivemq-platform-0' (exit code: 0)
2025-01-28 21:19:08,989 INFO c.h.h.t.HelmChartContainer - [test-hivemq-platform] [hivemq] [3948e493] INFO  - [HiveMQ Platform Operator Init App 1.7.0-SNAPSHOT] Waiting for extension ConfigMap sync (expected hash: 549625241) (current hash: -1918807284)
2025-01-28 21:19:08,994 INFO c.h.h.t.HelmChartContainer - [hivemq-test-hivemq-platform] [hivemq-platform-operator] [229cbb2e] 21:19:08.991 [pool-6-thread-25] DEBUG c.h.p.o.d.PlatformServiceResource - [helmupgr] Desired Platform services (3 services)
2025-01-28 21:19:08,994 INFO c.h.h.t.HelmChartContainer - [hivemq-test-hivemq-platform] [hivemq-platform-operator] [229cbb2e] 21:19:08.992 [pool-6-thread-23] DEBUG c.h.p.o.dependants.PodInfoConfigMap - [helmupgr] Desired PodInfo ConfigMap (1 extensions) (0 enabled)
2025-01-28 21:19:08,994 INFO c.h.h.t.HelmChartContainer - [hivemq-test-hivemq-platform] [hivemq-platform-operator] [229cbb2e] 21:19:08.992 [pool-6-thread-23] DEBUG c.h.p.o.dependants.PodInfoConfigMap - [helmupgr] Desired PodInfo ConfigMap (metrics port: 9399) (metrics path: /)
2025-01-28 21:19:08,994 INFO c.h.h.t.HelmChartContainer - [hivemq-test-hivemq-platform] [hivemq-platform-operator] [229cbb2e] 21:19:08.992 [pool-6-thread-23] DEBUG c.h.p.o.dependants.PodInfoConfigMap - [helmupgr] Desired PodInfo ConfigMap (extension state hash: 549625241)
2025-01-28 21:19:08,998 INFO c.h.h.t.HelmChartContainer - [hivemq-test-hivemq-platform] [hivemq-platform-operator] [229cbb2e] 21:19:08.993 [pool-6-thread-28] DEBUG c.h.p.o.d.PodServiceAccountResource - [helmupgr] Desired PodServiceAccountResource (serviceAccountName: hivemq-platform-pod-test-hivemq-platform)
2025-01-28 21:19:09,000 INFO c.h.h.t.HelmChartContainer - [hivemq-test-hivemq-platform] [hivemq-platform-operator] [229cbb2e] 21:19:08.999 [pool-6-thread-25] DEBUG c.h.p.o.d.StatefulSetResource - [helmupgr] Desired StatefulSet (1 replicas) for status RESTART_EXTENSIONS (RESTART_EXTENSIONS)
2025-01-28 21:19:09,001 INFO c.h.h.t.HelmChartContainer - [hivemq-test-hivemq-platform] [hivemq-platform-operator] [229cbb2e] 21:19:09.000 [pool-6-thread-25] DEBUG c.h.p.o.u.VolumeAndVolumeMountUtil - [helmupgr] Creating volume mount for available ConfigMap 'test-bridge-configuration' of disabled extension 'hivemq-bridge-extension'
2025-01-28 21:19:09,004 INFO c.h.h.t.HelmChartContainer - [hivemq-test-hivemq-platform] [hivemq-platform-operator] [229cbb2e] 21:19:09.003 [ReconcilerExecutor-hivemq-controller-122] INFO  c.h.p.o.HiveMQPlatformReconciler - [helmupgr] Reconciling HiveMQ Platform 'test-hivemq-platform' in namespace 'helmupgradeextensionit'
2025-01-28 21:19:09,004 INFO c.h.h.t.HelmChartContainer - [hivemq-test-hivemq-platform] [hivemq-platform-operator] [229cbb2e] 21:19:09.003 [ReconcilerExecutor-hivemq-controller-122] DEBUG c.h.p.o.HiveMQPlatformReconciler - [helmupgr] Custom Resource Status RESTART_EXTENSIONS - HiveMQ Platform is restarting extensions (hivemq-bridge-extension) (RESTART_EXTENSIONS)
2025-01-28 21:19:09,004 INFO c.h.h.t.HelmChartContainer - [hivemq-test-hivemq-platform] [hivemq-platform-operator] [229cbb2e] 21:19:09.003 [ReconcilerExecutor-hivemq-controller-122] DEBUG c.h.p.o.HiveMQPlatformReconciler - [helmupgr] Custom Resource Spec (replicas: 1) (extensions: 1)
2025-01-28 21:19:09,005 INFO c.h.h.t.HelmChartContainer - [hivemq-test-hivemq-platform] [hivemq-platform-operator] [229cbb2e] 21:19:09.005 [ReconcilerExecutor-hivemq-controller-122] DEBUG c.h.p.o.HiveMQPlatformReconciler - [helmupgr] StatefulSet Status (revision: test-hivemq-platform-5b6c7575b6, replicas: 1, available: 1, ready: 1, current: 1, updated: 1)
2025-01-28 21:19:09,006 INFO c.h.h.t.HelmChartContainer - [hivemq-test-hivemq-platform] [hivemq-platform-operator] [229cbb2e] 21:19:09.005 [ReconcilerExecutor-hivemq-controller-122] DEBUG c.h.p.o.HiveMQPlatformReconciler - [helmupgr] StatefulSet Spec (replicas: 1, init containers: 1, containers: 1, volumes: 4)
2025-01-28 21:19:09,006 INFO c.h.h.t.HelmChartContainer - [hivemq-test-hivemq-platform] [hivemq-platform-operator] [229cbb2e] 21:19:09.006 [ReconcilerExecutor-hivemq-controller-122] DEBUG c.h.p.o.h.HiveMQPlatformReconcilerErrorHandler - [helmupgr] Pod 'test-hivemq-platform-0' phase Running
2025-01-28 21:19:09,100 INFO c.h.h.t.HelmChartContainer - [hivemq-test-hivemq-platform] [hivemq-platform-operator] [229cbb2e] 21:19:09.098 [ReconcilerExecutor-hivemq-controller-122] DEBUG c.h.p.operator.event.EventSender - [helmupgr] Creating K8s event restart-extension-in-progress: [RestartExtension] HiveMQ Platform is waiting for extension restart (hivemq-bridge-extension)
2025-01-28 21:19:09,104 INFO c.h.h.t.HelmChartContainer - [EVENT] Normal [RestartExtension] HiveMQ Platform is waiting for extension restart (hivemq-bridge-extension) [helmupgradeextensionit:test-hivemq-platform]
2025-01-28 21:19:09,107 INFO c.h.h.t.HelmChartContainer - [hivemq-test-hivemq-platform] [hivemq-platform-operator] [229cbb2e] 21:19:09.106 [ReconcilerExecutor-hivemq-controller-122] INFO  c.h.p.o.h.AbstractHiveMQReconcilerStateHandler - [helmupgr] Update HiveMQ Platform Status (RESTART_EXTENSIONS [RESTART_EXTENSIONS] -> RESTART_EXTENSIONS [WAIT_FOR_EXTENSION_RESTART]): HiveMQ Platform is waiting for extension restart (hivemq-bridge-extension)
2025-01-28 21:19:09,118 DEBUG com.hivemq.helmcharts.util.K8sUtil - Comparing actual state 'RESTART_EXTENSIONS' and waiting for 'RUNNING'
2025-01-28 21:19:09,990 INFO c.h.h.t.HelmChartContainer - [test-hivemq-platform] [hivemq] [3948e493] INFO  - [HiveMQ Platform Operator Init App 1.7.0-SNAPSHOT] Waiting for extension ConfigMap sync (expected hash: 549625241) (current hash: -1918807284)
2025-01-28 21:19:10,990 INFO c.h.h.t.HelmChartContainer - [test-hivemq-platform] [hivemq] [3948e493] INFO  - [HiveMQ Platform Operator Init App 1.7.0-SNAPSHOT] Waiting for extension ConfigMap sync (expected hash: 549625241) (current hash: -1918807284)
2025-01-28 21:19:11,991 INFO c.h.h.t.HelmChartContainer - [test-hivemq-platform] [hivemq] [3948e493] INFO  - [HiveMQ Platform Operator Init App 1.7.0-SNAPSHOT] Waiting for extension ConfigMap sync (expected hash: 549625241) (current hash: -1918807284)
2025-01-28 21:19:12,991 INFO c.h.h.t.HelmChartContainer - [test-hivemq-platform] [hivemq] [3948e493] INFO  - [HiveMQ Platform Operator Init App 1.7.0-SNAPSHOT] Waiting for extension ConfigMap sync (expected hash: 549625241) (current hash: -1918807284)
2025-01-28 21:19:13,992 INFO c.h.h.t.HelmChartContainer - [test-hivemq-platform] [hivemq] [3948e493] INFO  - [HiveMQ Platform Operator Init App 1.7.0-SNAPSHOT] Waiting for extension ConfigMap sync (expected hash: 549625241) (current hash: -1918807284)
2025-01-28 21:19:14,992 INFO c.h.h.t.HelmChartContainer - [test-hivemq-platform] [hivemq] [3948e493] INFO  - [HiveMQ Platform Operator Init App 1.7.0-SNAPSHOT] Waiting for extension ConfigMap sync (expected hash: 549625241) (current hash: -1918807284)
2025-01-28 21:19:15,993 INFO c.h.h.t.HelmChartContainer - [test-hivemq-platform] [hivemq] [3948e493] INFO  - [HiveMQ Platform Operator Init App 1.7.0-SNAPSHOT] Waiting for extension ConfigMap sync (expected hash: 549625241) (current hash: -1918807284)
2025-01-28 21:19:16,767 INFO c.h.h.t.HelmChartContainer - [test-hivemq-platform] [hivemq] [3948e493] WARN  - Bridge Extension: Connect to bridge 'testbridge' failed for the 4 time, reason: connection timed out after 10000 ms: /172.17.0.3:1883
2025-01-28 21:19:16,993 INFO c.h.h.t.HelmChartContainer - [test-hivemq-platform] [hivemq] [3948e493] INFO  - [HiveMQ Platform Operator Init App 1.7.0-SNAPSHOT] Waiting for extension ConfigMap sync (expected hash: 549625241) (current hash: -1918807284)
2025-01-28 21:19:17,460 INFO c.h.h.t.HelmChartContainer - [test-hivemq-platform] [hivemq] [3948e493] WARN  - Bridge Extension: Connect to bridge 'testbridge' failed for the 4 time, reason: connection timed out after 10000 ms: /172.17.0.3:1883
2025-01-28 21:19:17,994 INFO c.h.h.t.HelmChartContainer - [test-hivemq-platform] [hivemq] [3948e493] INFO  - [HiveMQ Platform Operator Init App 1.7.0-SNAPSHOT] Waiting for extension ConfigMap sync (expected hash: 549625241) (current hash: -1918807284)
2025-01-28 21:19:18,994 INFO c.h.h.t.HelmChartContainer - [test-hivemq-platform] [hivemq] [3948e493] INFO  - [HiveMQ Platform Operator Init App 1.7.0-SNAPSHOT] Waiting for extension ConfigMap sync (expected hash: 549625241) (current hash: -1918807284)
2025-01-28 21:19:19,123 INFO c.h.h.t.HelmChartContainer - [hivemq-test-hivemq-platform] [hivemq-platform-operator] [229cbb2e] 21:19:19.119 [pool-6-thread-33] DEBUG c.h.p.o.d.PlatformServiceResource - [helmupgr] Desired Platform services (3 services)
2025-01-28 21:19:19,123 INFO c.h.h.t.HelmChartContainer - [hivemq-test-hivemq-platform] [hivemq-platform-operator] [229cbb2e] 21:19:19.120 [pool-6-thread-32] DEBUG c.h.p.o.dependants.PodInfoConfigMap - [helmupgr] Desired PodInfo ConfigMap (1 extensions) (0 enabled)
2025-01-28 21:19:19,123 INFO c.h.h.t.HelmChartContainer - [hivemq-test-hivemq-platform] [hivemq-platform-operator] [229cbb2e] 21:19:19.120 [pool-6-thread-32] DEBUG c.h.p.o.dependants.PodInfoConfigMap - [helmupgr] Desired PodInfo ConfigMap (metrics port: 9399) (metrics path: /)
2025-01-28 21:19:19,123 INFO c.h.h.t.HelmChartContainer - [hivemq-test-hivemq-platform] [hivemq-platform-operator] [229cbb2e] 21:19:19.120 [pool-6-thread-32] DEBUG c.h.p.o.dependants.PodInfoConfigMap - [helmupgr] Desired PodInfo ConfigMap (extension state hash: 549625241)
2025-01-28 21:19:19,123 INFO c.h.h.t.HelmChartContainer - [hivemq-test-hivemq-platform] [hivemq-platform-operator] [229cbb2e] 21:19:19.122 [pool-6-thread-38] DEBUG c.h.p.o.d.PodServiceAccountResource - [helmupgr] Desired PodServiceAccountResource (serviceAccountName: hivemq-platform-pod-test-hivemq-platform)
2025-01-28 21:19:19,124 INFO c.h.h.t.HelmChartContainer - [hivemq-test-hivemq-platform] [hivemq-platform-operator] [229cbb2e] 21:19:19.124 [pool-6-thread-33] DEBUG c.h.p.o.d.StatefulSetResource - [helmupgr] Desired StatefulSet (1 replicas) for status RESTART_EXTENSIONS (WAIT_FOR_EXTENSION_RESTART)
2025-01-28 21:19:19,126 INFO c.h.h.t.HelmChartContainer - [hivemq-test-hivemq-platform] [hivemq-platform-operator] [229cbb2e] 21:19:19.125 [pool-6-thread-33] DEBUG c.h.p.o.u.VolumeAndVolumeMountUtil - [helmupgr] Creating volume mount for available ConfigMap 'test-bridge-configuration' of disabled extension 'hivemq-bridge-extension'
2025-01-28 21:19:19,128 INFO c.h.h.t.HelmChartContainer - [hivemq-test-hivemq-platform] [hivemq-platform-operator] [229cbb2e] 21:19:19.127 [ReconcilerExecutor-hivemq-controller-123] INFO  c.h.p.o.HiveMQPlatformReconciler - [helmupgr] Reconciling HiveMQ Platform 'test-hivemq-platform' in namespace 'helmupgradeextensionit'
2025-01-28 21:19:19,128 INFO c.h.h.t.HelmChartContainer - [hivemq-test-hivemq-platform] [hivemq-platform-operator] [229cbb2e] 21:19:19.127 [ReconcilerExecutor-hivemq-controller-123] DEBUG c.h.p.o.HiveMQPlatformReconciler - [helmupgr] Custom Resource Status RESTART_EXTENSIONS - HiveMQ Platform is waiting for extension restart (hivemq-bridge-extension) (WAIT_FOR_EXTENSION_RESTART)
2025-01-28 21:19:19,129 INFO c.h.h.t.HelmChartContainer - [hivemq-test-hivemq-platform] [hivemq-platform-operator] [229cbb2e] 21:19:19.127 [ReconcilerExecutor-hivemq-controller-123] DEBUG c.h.p.o.HiveMQPlatformReconciler - [helmupgr] Custom Resource Spec (replicas: 1) (extensions: 1)
2025-01-28 21:19:19,130 INFO c.h.h.t.HelmChartContainer - [hivemq-test-hivemq-platform] [hivemq-platform-operator] [229cbb2e] 21:19:19.129 [ReconcilerExecutor-hivemq-controller-123] DEBUG c.h.p.o.HiveMQPlatformReconciler - [helmupgr] StatefulSet Status (revision: test-hivemq-platform-5b6c7575b6, replicas: 1, available: 1, ready: 1, current: 1, updated: 1)
2025-01-28 21:19:19,130 INFO c.h.h.t.HelmChartContainer - [hivemq-test-hivemq-platform] [hivemq-platform-operator] [229cbb2e] 21:19:19.129 [ReconcilerExecutor-hivemq-controller-123] DEBUG c.h.p.o.HiveMQPlatformReconciler - [helmupgr] StatefulSet Spec (replicas: 1, init containers: 1, containers: 1, volumes: 4)
2025-01-28 21:19:19,131 INFO c.h.h.t.HelmChartContainer - [hivemq-test-hivemq-platform] [hivemq-platform-operator] [229cbb2e] 21:19:19.130 [ReconcilerExecutor-hivemq-controller-123] DEBUG c.h.p.o.h.HiveMQPlatformReconcilerErrorHandler - [helmupgr] Pod 'test-hivemq-platform-0' phase Running
2025-01-28 21:19:19,137 INFO c.h.h.t.HelmChartContainer - [hivemq-test-hivemq-platform] [hivemq-platform-operator] [229cbb2e] 21:19:19.136 [ReconcilerExecutor-hivemq-controller-123] DEBUG c.h.p.o.h.HiveMQPlatformReconcilerRestartExtensionsHandler - [helmupgr] Checking update extension status on Pod 'test-hivemq-platform-0'
2025-01-28 21:19:19,235 INFO c.h.h.t.HelmChartContainer - [test-hivemq-platform] [hivemq] [3948e493] INFO  - [HiveMQ Platform Operator Init App 1.7.0-SNAPSHOT] Extension update is pending (0 errors)
2025-01-28 21:19:19,239 INFO c.h.h.t.HelmChartContainer - [hivemq-test-hivemq-platform] [hivemq-platform-operator] [229cbb2e] 21:19:19.238 [vert.x-eventloop-thread-1] DEBUG c.h.platform.operator.util.PodUtil - Received status for command '[curl, -s, http://10.42.0.6:7979/updateExtensionStatus]' on Pod 'test-hivemq-platform-0' (exit code: 0)
2025-01-28 21:19:19,994 INFO c.h.h.t.HelmChartContainer - [test-hivemq-platform] [hivemq] [3948e493] INFO  - [HiveMQ Platform Operator Init App 1.7.0-SNAPSHOT] Waiting for extension ConfigMap sync (expected hash: 549625241) (current hash: -1918807284)
2025-01-28 21:19:20,216 INFO c.h.h.t.HelmChartContainer - [hivemq-test-hivemq-platform] [hivemq-platform-operator] [229cbb2e] 21:19:20.214 [pool-6-thread-48] DEBUG c.h.p.o.d.PlatformServiceResource - [helmupgr] Desired Platform services (3 services)
2025-01-28 21:19:20,218 INFO c.h.h.t.HelmChartContainer - [hivemq-test-hivemq-platform] [hivemq-platform-operator] [229cbb2e] 21:19:20.215 [pool-6-thread-42] DEBUG c.h.p.o.dependants.PodInfoConfigMap - [helmupgr] Desired PodInfo ConfigMap (1 extensions) (0 enabled)
2025-01-28 21:19:20,218 INFO c.h.h.t.HelmChartContainer - [hivemq-test-hivemq-platform] [hivemq-platform-operator] [229cbb2e] 21:19:20.215 [pool-6-thread-44] DEBUG c.h.p.o.d.PodServiceAccountResource - [helmupgr] Desired PodServiceAccountResource (serviceAccountName: hivemq-platform-pod-test-hivemq-platform)
2025-01-28 21:19:20,218 INFO c.h.h.t.HelmChartContainer - [hivemq-test-hivemq-platform] [hivemq-platform-operator] [229cbb2e] 21:19:20.215 [pool-6-thread-42] DEBUG c.h.p.o.dependants.PodInfoConfigMap - [helmupgr] Desired PodInfo ConfigMap (metrics port: 9399) (metrics path: /)
2025-01-28 21:19:20,218 INFO c.h.h.t.HelmChartContainer - [hivemq-test-hivemq-platform] [hivemq-platform-operator] [229cbb2e] 21:19:20.216 [pool-6-thread-42] DEBUG c.h.p.o.dependants.PodInfoConfigMap - [helmupgr] Desired PodInfo ConfigMap (extension state hash: 549625241)
2025-01-28 21:19:20,219 INFO c.h.h.t.HelmChartContainer - [hivemq-test-hivemq-platform] [hivemq-platform-operator] [229cbb2e] 21:19:20.218 [pool-6-thread-48] DEBUG c.h.p.o.d.StatefulSetResource - [helmupgr] Desired StatefulSet (1 replicas) for status RESTART_EXTENSIONS (WAIT_FOR_EXTENSION_RESTART)
2025-01-28 21:19:20,221 INFO c.h.h.t.HelmChartContainer - [hivemq-test-hivemq-platform] [hivemq-platform-operator] [229cbb2e] 21:19:20.220 [pool-6-thread-48] DEBUG c.h.p.o.u.VolumeAndVolumeMountUtil - [helmupgr] Creating volume mount for available ConfigMap 'test-bridge-configuration' of disabled extension 'hivemq-bridge-extension'
2025-01-28 21:19:20,223 INFO c.h.h.t.HelmChartContainer - [hivemq-test-hivemq-platform] [hivemq-platform-operator] [229cbb2e] 21:19:20.222 [ReconcilerExecutor-hivemq-controller-124] INFO  c.h.p.o.HiveMQPlatformReconciler - [helmupgr] Reconciling HiveMQ Platform 'test-hivemq-platform' in namespace 'helmupgradeextensionit'
2025-01-28 21:19:20,224 INFO c.h.h.t.HelmChartContainer - [hivemq-test-hivemq-platform] [hivemq-platform-operator] [229cbb2e] 21:19:20.222 [ReconcilerExecutor-hivemq-controller-124] DEBUG c.h.p.o.HiveMQPlatformReconciler - [helmupgr] Custom Resource Status RESTART_EXTENSIONS - HiveMQ Platform is waiting for extension restart (hivemq-bridge-extension) (WAIT_FOR_EXTENSION_RESTART)
2025-01-28 21:19:20,224 INFO c.h.h.t.HelmChartContainer - [hivemq-test-hivemq-platform] [hivemq-platform-operator] [229cbb2e] 21:19:20.222 [ReconcilerExecutor-hivemq-controller-124] DEBUG c.h.p.o.HiveMQPlatformReconciler - [helmupgr] Custom Resource Spec (replicas: 1) (extensions: 1)
2025-01-28 21:19:20,225 INFO c.h.h.t.HelmChartContainer - [hivemq-test-hivemq-platform] [hivemq-platform-operator] [229cbb2e] 21:19:20.224 [ReconcilerExecutor-hivemq-controller-124] DEBUG c.h.p.o.HiveMQPlatformReconciler - [helmupgr] StatefulSet Status (revision: test-hivemq-platform-5b6c7575b6, replicas: 1, available: 1, ready: 1, current: 1, updated: 1)
2025-01-28 21:19:20,225 INFO c.h.h.t.HelmChartContainer - [hivemq-test-hivemq-platform] [hivemq-platform-operator] [229cbb2e] 21:19:20.224 [ReconcilerExecutor-hivemq-controller-124] DEBUG c.h.p.o.HiveMQPlatformReconciler - [helmupgr] StatefulSet Spec (replicas: 1, init containers: 1, containers: 1, volumes: 4)
2025-01-28 21:19:20,226 INFO c.h.h.t.HelmChartContainer - [hivemq-test-hivemq-platform] [hivemq-platform-operator] [229cbb2e] 21:19:20.225 [ReconcilerExecutor-hivemq-controller-124] DEBUG c.h.p.o.h.HiveMQPlatformReconcilerErrorHandler - [helmupgr] Pod 'test-hivemq-platform-0' phase Running
2025-01-28 21:19:20,227 INFO c.h.h.t.HelmChartContainer - [hivemq-test-hivemq-platform] [hivemq-platform-operator] [229cbb2e] 21:19:20.226 [ReconcilerExecutor-hivemq-controller-124] INFO  c.h.p.o.h.HiveMQPlatformReconcilerRestartExtensionsHandler - [helmupgr] Extension update on Pod 'test-hivemq-platform-0' is still pending
2025-01-28 21:19:20,995 INFO c.h.h.t.HelmChartContainer - [test-hivemq-platform] [hivemq] [3948e493] INFO  - [HiveMQ Platform Operator Init App 1.7.0-SNAPSHOT] Waiting for extension ConfigMap sync (expected hash: 549625241) (current hash: -1918807284)
2025-01-28 21:19:21,995 INFO c.h.h.t.HelmChartContainer - [test-hivemq-platform] [hivemq] [3948e493] INFO  - [HiveMQ Platform Operator Init App 1.7.0-SNAPSHOT] Waiting for extension ConfigMap sync (expected hash: 549625241) (current hash: -1918807284)
2025-01-28 21:19:22,996 INFO c.h.h.t.HelmChartContainer - [test-hivemq-platform] [hivemq] [3948e493] INFO  - [HiveMQ Platform Operator Init App 1.7.0-SNAPSHOT] Waiting for extension ConfigMap sync (expected hash: 549625241) (current hash: -1918807284)
2025-01-28 21:19:23,996 INFO c.h.h.t.HelmChartContainer - [test-hivemq-platform] [hivemq] [3948e493] INFO  - [HiveMQ Platform Operator Init App 1.7.0-SNAPSHOT] Waiting for extension ConfigMap sync (expected hash: 549625241) (current hash: -1918807284)
2025-01-28 21:19:24,996 INFO c.h.h.t.HelmChartContainer - [test-hivemq-platform] [hivemq] [3948e493] INFO  - [HiveMQ Platform Operator Init App 1.7.0-SNAPSHOT] Waiting for extension ConfigMap sync (expected hash: 549625241) (current hash: -1918807284)
2025-01-28 21:19:25,997 INFO c.h.h.t.HelmChartContainer - [test-hivemq-platform] [hivemq] [3948e493] INFO  - [HiveMQ Platform Operator Init App 1.7.0-SNAPSHOT] Waiting for extension ConfigMap sync (expected hash: 549625241) (current hash: -1918807284)
2025-01-28 21:19:26,997 INFO c.h.h.t.HelmChartContainer - [test-hivemq-platform] [hivemq] [3948e493] INFO  - [HiveMQ Platform Operator Init App 1.7.0-SNAPSHOT] Waiting for extension ConfigMap sync (expected hash: 549625241) (current hash: -1918807284)
2025-01-28 21:19:27,998 INFO c.h.h.t.HelmChartContainer - [test-hivemq-platform] [hivemq] [3948e493] INFO  - [HiveMQ Platform Operator Init App 1.7.0-SNAPSHOT] Waiting for extension ConfigMap sync (expected hash: 549625241) (current hash: -1918807284)
2025-01-28 21:19:28,998 INFO c.h.h.t.HelmChartContainer - [test-hivemq-platform] [hivemq] [3948e493] INFO  - [HiveMQ Platform Operator Init App 1.7.0-SNAPSHOT] Waiting for extension ConfigMap sync (expected hash: 549625241) (current hash: -1918807284)
2025-01-28 21:19:29,998 INFO c.h.h.t.HelmChartContainer - [test-hivemq-platform] [hivemq] [3948e493] INFO  - [HiveMQ Platform Operator Init App 1.7.0-SNAPSHOT] Waiting for extension ConfigMap sync (expected hash: 549625241) (current hash: -1918807284)
2025-01-28 21:19:30,232 INFO c.h.h.t.HelmChartContainer - [hivemq-test-hivemq-platform] [hivemq-platform-operator] [229cbb2e] 21:19:30.229 [pool-6-thread-8] DEBUG c.h.p.o.d.PlatformServiceResource - [helmupgr] Desired Platform services (3 services)
2025-01-28 21:19:30,232 INFO c.h.h.t.HelmChartContainer - [hivemq-test-hivemq-platform] [hivemq-platform-operator] [229cbb2e] 21:19:30.230 [pool-6-thread-4] DEBUG c.h.p.o.dependants.PodInfoConfigMap - [helmupgr] Desired PodInfo ConfigMap (1 extensions) (0 enabled)
2025-01-28 21:19:30,232 INFO c.h.h.t.HelmChartContainer - [hivemq-test-hivemq-platform] [hivemq-platform-operator] [229cbb2e] 21:19:30.231 [pool-6-thread-4] DEBUG c.h.p.o.dependants.PodInfoConfigMap - [helmupgr] Desired PodInfo ConfigMap (metrics port: 9399) (metrics path: /)
2025-01-28 21:19:30,232 INFO c.h.h.t.HelmChartContainer - [hivemq-test-hivemq-platform] [hivemq-platform-operator] [229cbb2e] 21:19:30.231 [pool-6-thread-4] DEBUG c.h.p.o.dependants.PodInfoConfigMap - [helmupgr] Desired PodInfo ConfigMap (extension state hash: 549625241)
2025-01-28 21:19:30,233 INFO c.h.h.t.HelmChartContainer - [hivemq-test-hivemq-platform] [hivemq-platform-operator] [229cbb2e] 21:19:30.232 [pool-6-thread-5] DEBUG c.h.p.o.d.PodServiceAccountResource - [helmupgr] Desired PodServiceAccountResource (serviceAccountName: hivemq-platform-pod-test-hivemq-platform)
2025-01-28 21:19:30,235 INFO c.h.h.t.HelmChartContainer - [hivemq-test-hivemq-platform] [hivemq-platform-operator] [229cbb2e] 21:19:30.234 [pool-6-thread-3] DEBUG c.h.p.o.d.StatefulSetResource - [helmupgr] Desired StatefulSet (1 replicas) for status RESTART_EXTENSIONS (WAIT_FOR_EXTENSION_RESTART)
2025-01-28 21:19:30,236 INFO c.h.h.t.HelmChartContainer - [hivemq-test-hivemq-platform] [hivemq-platform-operator] [229cbb2e] 21:19:30.235 [pool-6-thread-3] DEBUG c.h.p.o.u.VolumeAndVolumeMountUtil - [helmupgr] Creating volume mount for available ConfigMap 'test-bridge-configuration' of disabled extension 'hivemq-bridge-extension'
2025-01-28 21:19:30,239 INFO c.h.h.t.HelmChartContainer - [hivemq-test-hivemq-platform] [hivemq-platform-operator] [229cbb2e] 21:19:30.238 [ReconcilerExecutor-hivemq-controller-125] INFO  c.h.p.o.HiveMQPlatformReconciler - [helmupgr] Reconciling HiveMQ Platform 'test-hivemq-platform' in namespace 'helmupgradeextensionit'
2025-01-28 21:19:30,239 INFO c.h.h.t.HelmChartContainer - [hivemq-test-hivemq-platform] [hivemq-platform-operator] [229cbb2e] 21:19:30.238 [ReconcilerExecutor-hivemq-controller-125] DEBUG c.h.p.o.HiveMQPlatformReconciler - [helmupgr] Custom Resource Status RESTART_EXTENSIONS - HiveMQ Platform is waiting for extension restart (hivemq-bridge-extension) (WAIT_FOR_EXTENSION_RESTART)
2025-01-28 21:19:30,241 INFO c.h.h.t.HelmChartContainer - [hivemq-test-hivemq-platform] [hivemq-platform-operator] [229cbb2e] 21:19:30.238 [ReconcilerExecutor-hivemq-controller-125] DEBUG c.h.p.o.HiveMQPlatformReconciler - [helmupgr] Custom Resource Spec (replicas: 1) (extensions: 1)
2025-01-28 21:19:30,241 INFO c.h.h.t.HelmChartContainer - [hivemq-test-hivemq-platform] [hivemq-platform-operator] [229cbb2e] 21:19:30.239 [ReconcilerExecutor-hivemq-controller-125] DEBUG c.h.p.o.HiveMQPlatformReconciler - [helmupgr] StatefulSet Status (revision: test-hivemq-platform-5b6c7575b6, replicas: 1, available: 1, ready: 1, current: 1, updated: 1)
2025-01-28 21:19:30,241 INFO c.h.h.t.HelmChartContainer - [hivemq-test-hivemq-platform] [hivemq-platform-operator] [229cbb2e] 21:19:30.239 [ReconcilerExecutor-hivemq-controller-125] DEBUG c.h.p.o.HiveMQPlatformReconciler - [helmupgr] StatefulSet Spec (replicas: 1, init containers: 1, containers: 1, volumes: 4)
2025-01-28 21:19:30,242 INFO c.h.h.t.HelmChartContainer - [hivemq-test-hivemq-platform] [hivemq-platform-operator] [229cbb2e] 21:19:30.241 [ReconcilerExecutor-hivemq-controller-125] DEBUG c.h.p.o.h.HiveMQPlatformReconcilerErrorHandler - [helmupgr] Pod 'test-hivemq-platform-0' phase Running
2025-01-28 21:19:30,248 INFO c.h.h.t.HelmChartContainer - [hivemq-test-hivemq-platform] [hivemq-platform-operator] [229cbb2e] 21:19:30.247 [ReconcilerExecutor-hivemq-controller-125] DEBUG c.h.p.o.h.HiveMQPlatformReconcilerRestartExtensionsHandler - [helmupgr] Checking update extension status on Pod 'test-hivemq-platform-0'
2025-01-28 21:19:30,328 INFO c.h.h.t.HelmChartContainer - [test-hivemq-platform] [hivemq] [3948e493] INFO  - [HiveMQ Platform Operator Init App 1.7.0-SNAPSHOT] Extension update is pending (0 errors)
2025-01-28 21:19:30,332 INFO c.h.h.t.HelmChartContainer - [hivemq-test-hivemq-platform] [hivemq-platform-operator] [229cbb2e] 21:19:30.332 [vert.x-eventloop-thread-0] DEBUG c.h.platform.operator.util.PodUtil - Received status for command '[curl, -s, http://10.42.0.6:7979/updateExtensionStatus]' on Pod 'test-hivemq-platform-0' (exit code: 0)
2025-01-28 21:19:30,999 INFO c.h.h.t.HelmChartContainer - [test-hivemq-platform] [hivemq] [3948e493] INFO  - [HiveMQ Platform Operator Init App 1.7.0-SNAPSHOT] Waiting for extension ConfigMap sync (expected hash: 549625241) (current hash: -1918807284)
2025-01-28 21:19:31,309 INFO c.h.h.t.HelmChartContainer - [hivemq-test-hivemq-platform] [hivemq-platform-operator] [229cbb2e] 21:19:31.307 [pool-6-thread-18] DEBUG c.h.p.o.d.PlatformServiceResource - [helmupgr] Desired Platform services (3 services)
2025-01-28 21:19:31,309 INFO c.h.h.t.HelmChartContainer - [hivemq-test-hivemq-platform] [hivemq-platform-operator] [229cbb2e] 21:19:31.308 [pool-6-thread-19] DEBUG c.h.p.o.dependants.PodInfoConfigMap - [helmupgr] Desired PodInfo ConfigMap (1 extensions) (0 enabled)
2025-01-28 21:19:31,309 INFO c.h.h.t.HelmChartContainer - [hivemq-test-hivemq-platform] [hivemq-platform-operator] [229cbb2e] 21:19:31.308 [pool-6-thread-19] DEBUG c.h.p.o.dependants.PodInfoConfigMap - [helmupgr] Desired PodInfo ConfigMap (metrics port: 9399) (metrics path: /)
2025-01-28 21:19:31,309 INFO c.h.h.t.HelmChartContainer - [hivemq-test-hivemq-platform] [hivemq-platform-operator] [229cbb2e] 21:19:31.308 [pool-6-thread-19] DEBUG c.h.p.o.dependants.PodInfoConfigMap - [helmupgr] Desired PodInfo ConfigMap (extension state hash: 549625241)
2025-01-28 21:19:31,310 INFO c.h.h.t.HelmChartContainer - [hivemq-test-hivemq-platform] [hivemq-platform-operator] [229cbb2e] 21:19:31.309 [pool-6-thread-19] DEBUG c.h.p.o.d.PodServiceAccountResource - [helmupgr] Desired PodServiceAccountResource (serviceAccountName: hivemq-platform-pod-test-hivemq-platform)
2025-01-28 21:19:31,313 INFO c.h.h.t.HelmChartContainer - [hivemq-test-hivemq-platform] [hivemq-platform-operator] [229cbb2e] 21:19:31.312 [pool-6-thread-18] DEBUG c.h.p.o.d.StatefulSetResource - [helmupgr] Desired StatefulSet (1 replicas) for status RESTART_EXTENSIONS (WAIT_FOR_EXTENSION_RESTART)
2025-01-28 21:19:31,314 INFO c.h.h.t.HelmChartContainer - [hivemq-test-hivemq-platform] [hivemq-platform-operator] [229cbb2e] 21:19:31.313 [pool-6-thread-18] DEBUG c.h.p.o.u.VolumeAndVolumeMountUtil - [helmupgr] Creating volume mount for available ConfigMap 'test-bridge-configuration' of disabled extension 'hivemq-bridge-extension'
2025-01-28 21:19:31,316 INFO c.h.h.t.HelmChartContainer - [hivemq-test-hivemq-platform] [hivemq-platform-operator] [229cbb2e] 21:19:31.315 [ReconcilerExecutor-hivemq-controller-126] INFO  c.h.p.o.HiveMQPlatformReconciler - [helmupgr] Reconciling HiveMQ Platform 'test-hivemq-platform' in namespace 'helmupgradeextensionit'
2025-01-28 21:19:31,316 INFO c.h.h.t.HelmChartContainer - [hivemq-test-hivemq-platform] [hivemq-platform-operator] [229cbb2e] 21:19:31.315 [ReconcilerExecutor-hivemq-controller-126] DEBUG c.h.p.o.HiveMQPlatformReconciler - [helmupgr] Custom Resource Status RESTART_EXTENSIONS - HiveMQ Platform is waiting for extension restart (hivemq-bridge-extension) (WAIT_FOR_EXTENSION_RESTART)
2025-01-28 21:19:31,317 INFO c.h.h.t.HelmChartContainer - [hivemq-test-hivemq-platform] [hivemq-platform-operator] [229cbb2e] 21:19:31.315 [ReconcilerExecutor-hivemq-controller-126] DEBUG c.h.p.o.HiveMQPlatformReconciler - [helmupgr] Custom Resource Spec (replicas: 1) (extensions: 1)
2025-01-28 21:19:31,317 INFO c.h.h.t.HelmChartContainer - [hivemq-test-hivemq-platform] [hivemq-platform-operator] [229cbb2e] 21:19:31.317 [ReconcilerExecutor-hivemq-controller-126] DEBUG c.h.p.o.HiveMQPlatformReconciler - [helmupgr] StatefulSet Status (revision: test-hivemq-platform-5b6c7575b6, replicas: 1, available: 1, ready: 1, current: 1, updated: 1)
2025-01-28 21:19:31,317 INFO c.h.h.t.HelmChartContainer - [hivemq-test-hivemq-platform] [hivemq-platform-operator] [229cbb2e] 21:19:31.317 [ReconcilerExecutor-hivemq-controller-126] DEBUG c.h.p.o.HiveMQPlatformReconciler - [helmupgr] StatefulSet Spec (replicas: 1, init containers: 1, containers: 1, volumes: 4)
2025-01-28 21:19:31,318 INFO c.h.h.t.HelmChartContainer - [hivemq-test-hivemq-platform] [hivemq-platform-operator] [229cbb2e] 21:19:31.318 [ReconcilerExecutor-hivemq-controller-126] DEBUG c.h.p.o.h.HiveMQPlatformReconcilerErrorHandler - [helmupgr] Pod 'test-hivemq-platform-0' phase Running
2025-01-28 21:19:31,319 INFO c.h.h.t.HelmChartContainer - [hivemq-test-hivemq-platform] [hivemq-platform-operator] [229cbb2e] 21:19:31.319 [ReconcilerExecutor-hivemq-controller-126] INFO  c.h.p.o.h.HiveMQPlatformReconcilerRestartExtensionsHandler - [helmupgr] Extension update on Pod 'test-hivemq-platform-0' is still pending
2025-01-28 21:19:31,999 INFO c.h.h.t.HelmChartContainer - [test-hivemq-platform] [hivemq] [3948e493] INFO  - [HiveMQ Platform Operator Init App 1.7.0-SNAPSHOT] Waiting for extension ConfigMap sync (expected hash: 549625241) (current hash: -1918807284)
2025-01-28 21:19:33,000 INFO c.h.h.t.HelmChartContainer - [test-hivemq-platform] [hivemq] [3948e493] INFO  - [HiveMQ Platform Operator Init App 1.7.0-SNAPSHOT] Waiting for extension ConfigMap sync (expected hash: 549625241) (current hash: -1918807284)
2025-01-28 21:19:34,000 INFO c.h.h.t.HelmChartContainer - [test-hivemq-platform] [hivemq] [3948e493] INFO  - [HiveMQ Platform Operator Init App 1.7.0-SNAPSHOT] Waiting for extension ConfigMap sync (expected hash: 549625241) (current hash: -1918807284)
2025-01-28 21:19:35,001 INFO c.h.h.t.HelmChartContainer - [test-hivemq-platform] [hivemq] [3948e493] INFO  - [HiveMQ Platform Operator Init App 1.7.0-SNAPSHOT] Waiting for extension ConfigMap sync (expected hash: 549625241) (current hash: -1918807284)
2025-01-28 21:19:36,001 INFO c.h.h.t.HelmChartContainer - [test-hivemq-platform] [hivemq] [3948e493] INFO  - [HiveMQ Platform Operator Init App 1.7.0-SNAPSHOT] Waiting for extension ConfigMap sync (expected hash: 549625241) (current hash: -1918807284)
2025-01-28 21:19:37,002 INFO c.h.h.t.HelmChartContainer - [test-hivemq-platform] [hivemq] [3948e493] INFO  - [HiveMQ Platform Operator Init App 1.7.0-SNAPSHOT] Waiting for extension ConfigMap sync (expected hash: 549625241) (current hash: -1918807284)
2025-01-28 21:19:38,002 INFO c.h.h.t.HelmChartContainer - [test-hivemq-platform] [hivemq] [3948e493] INFO  - [HiveMQ Platform Operator Init App 1.7.0-SNAPSHOT] Waiting for extension ConfigMap sync (expected hash: 549625241) (current hash: -1918807284)
2025-01-28 21:19:38,814 INFO c.h.h.t.HelmChartContainer - [test-hivemq-platform] [hivemq] [3948e493] WARN  - Bridge Extension: Connect to bridge 'testbridge' failed for the 5 time, reason: connection timed out after 10000 ms: /172.17.0.3:1883
2025-01-28 21:19:39,002 INFO c.h.h.t.HelmChartContainer - [test-hivemq-platform] [hivemq] [3948e493] INFO  - [HiveMQ Platform Operator Init App 1.7.0-SNAPSHOT] Waiting for extension ConfigMap sync (expected hash: 549625241) (current hash: -1918807284)
2025-01-28 21:19:40,003 INFO c.h.h.t.HelmChartContainer - [test-hivemq-platform] [hivemq] [3948e493] INFO  - [HiveMQ Platform Operator Init App 1.7.0-SNAPSHOT] Waiting for extension ConfigMap sync (expected hash: 549625241) (current hash: -1918807284)
2025-01-28 21:19:41,003 INFO c.h.h.t.HelmChartContainer - [test-hivemq-platform] [hivemq] [3948e493] INFO  - [HiveMQ Platform Operator Init App 1.7.0-SNAPSHOT] Waiting for extension ConfigMap sync (expected hash: 549625241) (current hash: -1918807284)
2025-01-28 21:19:41,322 INFO c.h.h.t.HelmChartContainer - [hivemq-test-hivemq-platform] [hivemq-platform-operator] [229cbb2e] 21:19:41.321 [pool-6-thread-21] DEBUG c.h.p.o.d.PlatformServiceResource - [helmupgr] Desired Platform services (3 services)
2025-01-28 21:19:41,324 INFO c.h.h.t.HelmChartContainer - [hivemq-test-hivemq-platform] [hivemq-platform-operator] [229cbb2e] 21:19:41.322 [pool-6-thread-27] DEBUG c.h.p.o.dependants.PodInfoConfigMap - [helmupgr] Desired PodInfo ConfigMap (1 extensions) (0 enabled)
2025-01-28 21:19:41,325 INFO c.h.h.t.HelmChartContainer - [hivemq-test-hivemq-platform] [hivemq-platform-operator] [229cbb2e] 21:19:41.322 [pool-6-thread-27] DEBUG c.h.p.o.dependants.PodInfoConfigMap - [helmupgr] Desired PodInfo ConfigMap (metrics port: 9399) (metrics path: /)
2025-01-28 21:19:41,325 INFO c.h.h.t.HelmChartContainer - [hivemq-test-hivemq-platform] [hivemq-platform-operator] [229cbb2e] 21:19:41.322 [pool-6-thread-27] DEBUG c.h.p.o.dependants.PodInfoConfigMap - [helmupgr] Desired PodInfo ConfigMap (extension state hash: 549625241)
2025-01-28 21:19:41,325 INFO c.h.h.t.HelmChartContainer - [hivemq-test-hivemq-platform] [hivemq-platform-operator] [229cbb2e] 21:19:41.323 [pool-6-thread-23] DEBUG c.h.p.o.d.PodServiceAccountResource - [helmupgr] Desired PodServiceAccountResource (serviceAccountName: hivemq-platform-pod-test-hivemq-platform)
2025-01-28 21:19:41,328 INFO c.h.h.t.HelmChartContainer - [hivemq-test-hivemq-platform] [hivemq-platform-operator] [229cbb2e] 21:19:41.327 [pool-6-thread-24] DEBUG c.h.p.o.d.StatefulSetResource - [helmupgr] Desired StatefulSet (1 replicas) for status RESTART_EXTENSIONS (WAIT_FOR_EXTENSION_RESTART)
2025-01-28 21:19:41,329 INFO c.h.h.t.HelmChartContainer - [hivemq-test-hivemq-platform] [hivemq-platform-operator] [229cbb2e] 21:19:41.328 [pool-6-thread-24] DEBUG c.h.p.o.u.VolumeAndVolumeMountUtil - [helmupgr] Creating volume mount for available ConfigMap 'test-bridge-configuration' of disabled extension 'hivemq-bridge-extension'
2025-01-28 21:19:41,331 INFO c.h.h.t.HelmChartContainer - [hivemq-test-hivemq-platform] [hivemq-platform-operator] [229cbb2e] 21:19:41.330 [ReconcilerExecutor-hivemq-controller-127] INFO  c.h.p.o.HiveMQPlatformReconciler - [helmupgr] Reconciling HiveMQ Platform 'test-hivemq-platform' in namespace 'helmupgradeextensionit'
2025-01-28 21:19:41,331 INFO c.h.h.t.HelmChartContainer - [hivemq-test-hivemq-platform] [hivemq-platform-operator] [229cbb2e] 21:19:41.330 [ReconcilerExecutor-hivemq-controller-127] DEBUG c.h.p.o.HiveMQPlatformReconciler - [helmupgr] Custom Resource Status RESTART_EXTENSIONS - HiveMQ Platform is waiting for extension restart (hivemq-bridge-extension) (WAIT_FOR_EXTENSION_RESTART)
2025-01-28 21:19:41,331 INFO c.h.h.t.HelmChartContainer - [hivemq-test-hivemq-platform] [hivemq-platform-operator] [229cbb2e] 21:19:41.330 [ReconcilerExecutor-hivemq-controller-127] DEBUG c.h.p.o.HiveMQPlatformReconciler - [helmupgr] Custom Resource Spec (replicas: 1) (extensions: 1)
2025-01-28 21:19:41,332 INFO c.h.h.t.HelmChartContainer - [hivemq-test-hivemq-platform] [hivemq-platform-operator] [229cbb2e] 21:19:41.332 [ReconcilerExecutor-hivemq-controller-127] DEBUG c.h.p.o.HiveMQPlatformReconciler - [helmupgr] StatefulSet Status (revision: test-hivemq-platform-5b6c7575b6, replicas: 1, available: 1, ready: 1, current: 1, updated: 1)
2025-01-28 21:19:41,333 INFO c.h.h.t.HelmChartContainer - [hivemq-test-hivemq-platform] [hivemq-platform-operator] [229cbb2e] 21:19:41.332 [ReconcilerExecutor-hivemq-controller-127] DEBUG c.h.p.o.HiveMQPlatformReconciler - [helmupgr] StatefulSet Spec (replicas: 1, init containers: 1, containers: 1, volumes: 4)
2025-01-28 21:19:41,334 INFO c.h.h.t.HelmChartContainer - [hivemq-test-hivemq-platform] [hivemq-platform-operator] [229cbb2e] 21:19:41.333 [ReconcilerExecutor-hivemq-controller-127] DEBUG c.h.p.o.h.HiveMQPlatformReconcilerErrorHandler - [helmupgr] Pod 'test-hivemq-platform-0' phase Running
2025-01-28 21:19:41,340 INFO c.h.h.t.HelmChartContainer - [hivemq-test-hivemq-platform] [hivemq-platform-operator] [229cbb2e] 21:19:41.339 [ReconcilerExecutor-hivemq-controller-127] DEBUG c.h.p.o.h.HiveMQPlatformReconcilerRestartExtensionsHandler - [helmupgr] Checking update extension status on Pod 'test-hivemq-platform-0'
2025-01-28 21:19:41,429 INFO c.h.h.t.HelmChartContainer - [test-hivemq-platform] [hivemq] [3948e493] INFO  - [HiveMQ Platform Operator Init App 1.7.0-SNAPSHOT] Extension update is pending (0 errors)
2025-01-28 21:19:41,432 INFO c.h.h.t.HelmChartContainer - [hivemq-test-hivemq-platform] [hivemq-platform-operator] [229cbb2e] 21:19:41.431 [vert.x-eventloop-thread-1] DEBUG c.h.platform.operator.util.PodUtil - Received status for command '[curl, -s, http://10.42.0.6:7979/updateExtensionStatus]' on Pod 'test-hivemq-platform-0' (exit code: 0)
2025-01-28 21:19:42,004 INFO c.h.h.t.HelmChartContainer - [test-hivemq-platform] [hivemq] [3948e493] INFO  - [HiveMQ Platform Operator Init App 1.7.0-SNAPSHOT] Waiting for extension ConfigMap sync (expected hash: 549625241) (current hash: -1918807284)
2025-01-28 21:19:42,404 INFO c.h.h.t.HelmChartContainer - [hivemq-test-hivemq-platform] [hivemq-platform-operator] [229cbb2e] 21:19:42.402 [pool-6-thread-36] DEBUG c.h.p.o.d.PlatformServiceResource - [helmupgr] Desired Platform services (3 services)
2025-01-28 21:19:42,404 INFO c.h.h.t.HelmChartContainer - [hivemq-test-hivemq-platform] [hivemq-platform-operator] [229cbb2e] 21:19:42.402 [pool-6-thread-37] DEBUG c.h.p.o.dependants.PodInfoConfigMap - [helmupgr] Desired PodInfo ConfigMap (1 extensions) (0 enabled)
2025-01-28 21:19:42,404 INFO c.h.h.t.HelmChartContainer - [hivemq-test-hivemq-platform] [hivemq-platform-operator] [229cbb2e] 21:19:42.402 [pool-6-thread-37] DEBUG c.h.p.o.dependants.PodInfoConfigMap - [helmupgr] Desired PodInfo ConfigMap (metrics port: 9399) (metrics path: /)
2025-01-28 21:19:42,404 INFO c.h.h.t.HelmChartContainer - [hivemq-test-hivemq-platform] [hivemq-platform-operator] [229cbb2e] 21:19:42.402 [pool-6-thread-37] DEBUG c.h.p.o.dependants.PodInfoConfigMap - [helmupgr] Desired PodInfo ConfigMap (extension state hash: 549625241)
2025-01-28 21:19:42,407 INFO c.h.h.t.HelmChartContainer - [hivemq-test-hivemq-platform] [hivemq-platform-operator] [229cbb2e] 21:19:42.405 [pool-6-thread-40] DEBUG c.h.p.o.d.PodServiceAccountResource - [helmupgr] Desired PodServiceAccountResource (serviceAccountName: hivemq-platform-pod-test-hivemq-platform)
2025-01-28 21:19:42,407 INFO c.h.h.t.HelmChartContainer - [hivemq-test-hivemq-platform] [hivemq-platform-operator] [229cbb2e] 21:19:42.406 [pool-6-thread-36] DEBUG c.h.p.o.d.StatefulSetResource - [helmupgr] Desired StatefulSet (1 replicas) for status RESTART_EXTENSIONS (WAIT_FOR_EXTENSION_RESTART)
2025-01-28 21:19:42,409 INFO c.h.h.t.HelmChartContainer - [hivemq-test-hivemq-platform] [hivemq-platform-operator] [229cbb2e] 21:19:42.408 [pool-6-thread-36] DEBUG c.h.p.o.u.VolumeAndVolumeMountUtil - [helmupgr] Creating volume mount for available ConfigMap 'test-bridge-configuration' of disabled extension 'hivemq-bridge-extension'
2025-01-28 21:19:42,412 INFO c.h.h.t.HelmChartContainer - [hivemq-test-hivemq-platform] [hivemq-platform-operator] [229cbb2e] 21:19:42.411 [ReconcilerExecutor-hivemq-controller-128] INFO  c.h.p.o.HiveMQPlatformReconciler - [helmupgr] Reconciling HiveMQ Platform 'test-hivemq-platform' in namespace 'helmupgradeextensionit'
2025-01-28 21:19:42,412 INFO c.h.h.t.HelmChartContainer - [hivemq-test-hivemq-platform] [hivemq-platform-operator] [229cbb2e] 21:19:42.411 [ReconcilerExecutor-hivemq-controller-128] DEBUG c.h.p.o.HiveMQPlatformReconciler - [helmupgr] Custom Resource Status RESTART_EXTENSIONS - HiveMQ Platform is waiting for extension restart (hivemq-bridge-extension) (WAIT_FOR_EXTENSION_RESTART)
2025-01-28 21:19:42,414 INFO c.h.h.t.HelmChartContainer - [hivemq-test-hivemq-platform] [hivemq-platform-operator] [229cbb2e] 21:19:42.411 [ReconcilerExecutor-hivemq-controller-128] DEBUG c.h.p.o.HiveMQPlatformReconciler - [helmupgr] Custom Resource Spec (replicas: 1) (extensions: 1)
2025-01-28 21:19:42,414 INFO c.h.h.t.HelmChartContainer - [hivemq-test-hivemq-platform] [hivemq-platform-operator] [229cbb2e] 21:19:42.412 [ReconcilerExecutor-hivemq-controller-128] DEBUG c.h.p.o.HiveMQPlatformReconciler - [helmupgr] StatefulSet Status (revision: test-hivemq-platform-5b6c7575b6, replicas: 1, available: 1, ready: 1, current: 1, updated: 1)
2025-01-28 21:19:42,414 INFO c.h.h.t.HelmChartContainer - [hivemq-test-hivemq-platform] [hivemq-platform-operator] [229cbb2e] 21:19:42.413 [ReconcilerExecutor-hivemq-controller-128] DEBUG c.h.p.o.HiveMQPlatformReconciler - [helmupgr] StatefulSet Spec (replicas: 1, init containers: 1, containers: 1, volumes: 4)
2025-01-28 21:19:42,414 INFO c.h.h.t.HelmChartContainer - [hivemq-test-hivemq-platform] [hivemq-platform-operator] [229cbb2e] 21:19:42.414 [ReconcilerExecutor-hivemq-controller-128] DEBUG c.h.p.o.h.HiveMQPlatformReconcilerErrorHandler - [helmupgr] Pod 'test-hivemq-platform-0' phase Running
2025-01-28 21:19:42,415 INFO c.h.h.t.HelmChartContainer - [hivemq-test-hivemq-platform] [hivemq-platform-operator] [229cbb2e] 21:19:42.415 [ReconcilerExecutor-hivemq-controller-128] INFO  c.h.p.o.h.HiveMQPlatformReconcilerRestartExtensionsHandler - [helmupgr] Extension update on Pod 'test-hivemq-platform-0' is still pending
2025-01-28 21:19:43,004 INFO c.h.h.t.HelmChartContainer - [test-hivemq-platform] [hivemq] [3948e493] INFO  - [HiveMQ Platform Operator Init App 1.7.0-SNAPSHOT] Waiting for extension ConfigMap sync (expected hash: 549625241) (current hash: -1918807284)
2025-01-28 21:19:44,004 INFO c.h.h.t.HelmChartContainer - [test-hivemq-platform] [hivemq] [3948e493] INFO  - [HiveMQ Platform Operator Init App 1.7.0-SNAPSHOT] Waiting for extension ConfigMap sync (expected hash: 549625241) (current hash: -1918807284)
2025-01-28 21:19:45,005 INFO c.h.h.t.HelmChartContainer - [test-hivemq-platform] [hivemq] [3948e493] INFO  - [HiveMQ Platform Operator Init App 1.7.0-SNAPSHOT] Waiting for extension ConfigMap sync (expected hash: 549625241) (current hash: -1918807284)
2025-01-28 21:19:45,608 INFO c.h.h.t.HelmChartContainer - [test-hivemq-platform] [hivemq] [3948e493] WARN  - Bridge Extension: Connect to bridge 'testbridge' failed for the 5 time, reason: connection timed out after 10000 ms: /172.17.0.3:1883
2025-01-28 21:19:46,005 INFO c.h.h.t.HelmChartContainer - [test-hivemq-platform] [hivemq] [3948e493] INFO  - [HiveMQ Platform Operator Init App 1.7.0-SNAPSHOT] Waiting for extension ConfigMap sync (expected hash: 549625241) (current hash: -1918807284)
2025-01-28 21:19:47,008 INFO c.h.h.t.HelmChartContainer - [test-hivemq-platform] [hivemq] [3948e493] INFO  - [HiveMQ Platform Operator Init App 1.7.0-SNAPSHOT] Waiting for extension ConfigMap sync (expected hash: 549625241) (current hash: -1918807284)
2025-01-28 21:19:48,006 INFO c.h.h.t.HelmChartContainer - [test-hivemq-platform] [hivemq] [3948e493] INFO  - [HiveMQ Platform Operator Init App 1.7.0-SNAPSHOT] Waiting for extension ConfigMap sync (expected hash: 549625241) (current hash: -1918807284)
2025-01-28 21:19:49,007 INFO c.h.h.t.HelmChartContainer - [test-hivemq-platform] [hivemq] [3948e493] INFO  - [HiveMQ Platform Operator Init App 1.7.0-SNAPSHOT] Waiting for extension ConfigMap sync (expected hash: 549625241) (current hash: -1918807284)
2025-01-28 21:19:50,007 INFO c.h.h.t.HelmChartContainer - [test-hivemq-platform] [hivemq] [3948e493] INFO  - [HiveMQ Platform Operator Init App 1.7.0-SNAPSHOT] Waiting for extension ConfigMap sync (expected hash: 549625241) (current hash: -1918807284)
2025-01-28 21:19:51,007 INFO c.h.h.t.HelmChartContainer - [test-hivemq-platform] [hivemq] [3948e493] INFO  - [HiveMQ Platform Operator Init App 1.7.0-SNAPSHOT] Waiting for extension ConfigMap sync (expected hash: 549625241) (current hash: -1918807284)
2025-01-28 21:19:52,008 INFO c.h.h.t.HelmChartContainer - [test-hivemq-platform] [hivemq] [3948e493] INFO  - [HiveMQ Platform Operator Init App 1.7.0-SNAPSHOT] Waiting for extension ConfigMap sync (expected hash: 549625241) (current hash: -1918807284)
2025-01-28 21:19:52,419 INFO c.h.h.t.HelmChartContainer - [hivemq-test-hivemq-platform] [hivemq-platform-operator] [229cbb2e] 21:19:52.417 [pool-6-thread-50] DEBUG c.h.p.o.d.PlatformServiceResource - [helmupgr] Desired Platform services (3 services)
2025-01-28 21:19:52,419 INFO c.h.h.t.HelmChartContainer - [hivemq-test-hivemq-platform] [hivemq-platform-operator] [229cbb2e] 21:19:52.418 [pool-6-thread-47] DEBUG c.h.p.o.dependants.PodInfoConfigMap - [helmupgr] Desired PodInfo ConfigMap (1 extensions) (0 enabled)
2025-01-28 21:19:52,419 INFO c.h.h.t.HelmChartContainer - [hivemq-test-hivemq-platform] [hivemq-platform-operator] [229cbb2e] 21:19:52.418 [pool-6-thread-47] DEBUG c.h.p.o.dependants.PodInfoConfigMap - [helmupgr] Desired PodInfo ConfigMap (metrics port: 9399) (metrics path: /)
2025-01-28 21:19:52,419 INFO c.h.h.t.HelmChartContainer - [hivemq-test-hivemq-platform] [hivemq-platform-operator] [229cbb2e] 21:19:52.418 [pool-6-thread-49] DEBUG c.h.p.o.d.PodServiceAccountResource - [helmupgr] Desired PodServiceAccountResource (serviceAccountName: hivemq-platform-pod-test-hivemq-platform)
2025-01-28 21:19:52,419 INFO c.h.h.t.HelmChartContainer - [hivemq-test-hivemq-platform] [hivemq-platform-operator] [229cbb2e] 21:19:52.418 [pool-6-thread-47] DEBUG c.h.p.o.dependants.PodInfoConfigMap - [helmupgr] Desired PodInfo ConfigMap (extension state hash: 549625241)
2025-01-28 21:19:52,424 INFO c.h.h.t.HelmChartContainer - [hivemq-test-hivemq-platform] [hivemq-platform-operator] [229cbb2e] 21:19:52.424 [pool-6-thread-48] DEBUG c.h.p.o.d.StatefulSetResource - [helmupgr] Desired StatefulSet (1 replicas) for status RESTART_EXTENSIONS (WAIT_FOR_EXTENSION_RESTART)
2025-01-28 21:19:52,426 INFO c.h.h.t.HelmChartContainer - [hivemq-test-hivemq-platform] [hivemq-platform-operator] [229cbb2e] 21:19:52.425 [pool-6-thread-48] DEBUG c.h.p.o.u.VolumeAndVolumeMountUtil - [helmupgr] Creating volume mount for available ConfigMap 'test-bridge-configuration' of disabled extension 'hivemq-bridge-extension'
2025-01-28 21:19:52,430 INFO c.h.h.t.HelmChartContainer - [hivemq-test-hivemq-platform] [hivemq-platform-operator] [229cbb2e] 21:19:52.429 [ReconcilerExecutor-hivemq-controller-129] INFO  c.h.p.o.HiveMQPlatformReconciler - [helmupgr] Reconciling HiveMQ Platform 'test-hivemq-platform' in namespace 'helmupgradeextensionit'
2025-01-28 21:19:52,430 INFO c.h.h.t.HelmChartContainer - [hivemq-test-hivemq-platform] [hivemq-platform-operator] [229cbb2e] 21:19:52.429 [ReconcilerExecutor-hivemq-controller-129] DEBUG c.h.p.o.HiveMQPlatformReconciler - [helmupgr] Custom Resource Status RESTART_EXTENSIONS - HiveMQ Platform is waiting for extension restart (hivemq-bridge-extension) (WAIT_FOR_EXTENSION_RESTART)
2025-01-28 21:19:52,430 INFO c.h.h.t.HelmChartContainer - [hivemq-test-hivemq-platform] [hivemq-platform-operator] [229cbb2e] 21:19:52.429 [ReconcilerExecutor-hivemq-controller-129] DEBUG c.h.p.o.HiveMQPlatformReconciler - [helmupgr] Custom Resource Spec (replicas: 1) (extensions: 1)
2025-01-28 21:19:52,432 INFO c.h.h.t.HelmChartContainer - [hivemq-test-hivemq-platform] [hivemq-platform-operator] [229cbb2e] 21:19:52.430 [ReconcilerExecutor-hivemq-controller-129] DEBUG c.h.p.o.HiveMQPlatformReconciler - [helmupgr] StatefulSet Status (revision: test-hivemq-platform-5b6c7575b6, replicas: 1, available: 1, ready: 1, current: 1, updated: 1)
2025-01-28 21:19:52,432 INFO c.h.h.t.HelmChartContainer - [hivemq-test-hivemq-platform] [hivemq-platform-operator] [229cbb2e] 21:19:52.430 [ReconcilerExecutor-hivemq-controller-129] DEBUG c.h.p.o.HiveMQPlatformReconciler - [helmupgr] StatefulSet Spec (replicas: 1, init containers: 1, containers: 1, volumes: 4)
2025-01-28 21:19:52,433 INFO c.h.h.t.HelmChartContainer - [hivemq-test-hivemq-platform] [hivemq-platform-operator] [229cbb2e] 21:19:52.431 [ReconcilerExecutor-hivemq-controller-129] DEBUG c.h.p.o.h.HiveMQPlatformReconcilerErrorHandler - [helmupgr] Pod 'test-hivemq-platform-0' phase Running
2025-01-28 21:19:52,437 INFO c.h.h.t.HelmChartContainer - [hivemq-test-hivemq-platform] [hivemq-platform-operator] [229cbb2e] 21:19:52.437 [ReconcilerExecutor-hivemq-controller-129] DEBUG c.h.p.o.h.HiveMQPlatformReconcilerRestartExtensionsHandler - [helmupgr] Checking update extension status on Pod 'test-hivemq-platform-0'
2025-01-28 21:19:52,528 INFO c.h.h.t.HelmChartContainer - [test-hivemq-platform] [hivemq] [3948e493] INFO  - [HiveMQ Platform Operator Init App 1.7.0-SNAPSHOT] Extension update is pending (0 errors)
2025-01-28 21:19:52,532 INFO c.h.h.t.HelmChartContainer - [hivemq-test-hivemq-platform] [hivemq-platform-operator] [229cbb2e] 21:19:52.531 [vert.x-eventloop-thread-0] DEBUG c.h.platform.operator.util.PodUtil - Received status for command '[curl, -s, http://10.42.0.6:7979/updateExtensionStatus]' on Pod 'test-hivemq-platform-0' (exit code: 0)
2025-01-28 21:19:53,008 INFO c.h.h.t.HelmChartContainer - [test-hivemq-platform] [hivemq] [3948e493] INFO  - [HiveMQ Platform Operator Init App 1.7.0-SNAPSHOT] Waiting for extension ConfigMap sync (expected hash: 549625241) (current hash: -1918807284)
2025-01-28 21:19:53,510 INFO c.h.h.t.HelmChartContainer - [hivemq-test-hivemq-platform] [hivemq-platform-operator] [229cbb2e] 21:19:53.507 [pool-6-thread-2] DEBUG c.h.p.o.d.PlatformServiceResource - [helmupgr] Desired Platform services (3 services)
2025-01-28 21:19:53,510 INFO c.h.h.t.HelmChartContainer - [hivemq-test-hivemq-platform] [hivemq-platform-operator] [229cbb2e] 21:19:53.508 [pool-6-thread-1] DEBUG c.h.p.o.dependants.PodInfoConfigMap - [helmupgr] Desired PodInfo ConfigMap (1 extensions) (0 enabled)
2025-01-28 21:19:53,510 INFO c.h.h.t.HelmChartContainer - [hivemq-test-hivemq-platform] [hivemq-platform-operator] [229cbb2e] 21:19:53.508 [pool-6-thread-1] DEBUG c.h.p.o.dependants.PodInfoConfigMap - [helmupgr] Desired PodInfo ConfigMap (metrics port: 9399) (metrics path: /)
2025-01-28 21:19:53,510 INFO c.h.h.t.HelmChartContainer - [hivemq-test-hivemq-platform] [hivemq-platform-operator] [229cbb2e] 21:19:53.508 [pool-6-thread-1] DEBUG c.h.p.o.dependants.PodInfoConfigMap - [helmupgr] Desired PodInfo ConfigMap (extension state hash: 549625241)
2025-01-28 21:19:53,510 INFO c.h.h.t.HelmChartContainer - [hivemq-test-hivemq-platform] [hivemq-platform-operator] [229cbb2e] 21:19:53.509 [pool-6-thread-1] DEBUG c.h.p.o.d.PodServiceAccountResource - [helmupgr] Desired PodServiceAccountResource (serviceAccountName: hivemq-platform-pod-test-hivemq-platform)
2025-01-28 21:19:53,517 INFO c.h.h.t.HelmChartContainer - [hivemq-test-hivemq-platform] [hivemq-platform-operator] [229cbb2e] 21:19:53.514 [pool-6-thread-2] DEBUG c.h.p.o.d.StatefulSetResource - [helmupgr] Desired StatefulSet (1 replicas) for status RESTART_EXTENSIONS (WAIT_FOR_EXTENSION_RESTART)
2025-01-28 21:19:53,517 INFO c.h.h.t.HelmChartContainer - [hivemq-test-hivemq-platform] [hivemq-platform-operator] [229cbb2e] 21:19:53.515 [pool-6-thread-2] DEBUG c.h.p.o.u.VolumeAndVolumeMountUtil - [helmupgr] Creating volume mount for available ConfigMap 'test-bridge-configuration' of disabled extension 'hivemq-bridge-extension'
2025-01-28 21:19:53,518 INFO c.h.h.t.HelmChartContainer - [hivemq-test-hivemq-platform] [hivemq-platform-operator] [229cbb2e] 21:19:53.518 [ReconcilerExecutor-hivemq-controller-130] INFO  c.h.p.o.HiveMQPlatformReconciler - [helmupgr] Reconciling HiveMQ Platform 'test-hivemq-platform' in namespace 'helmupgradeextensionit'
2025-01-28 21:19:53,518 INFO c.h.h.t.HelmChartContainer - [hivemq-test-hivemq-platform] [hivemq-platform-operator] [229cbb2e] 21:19:53.518 [ReconcilerExecutor-hivemq-controller-130] DEBUG c.h.p.o.HiveMQPlatformReconciler - [helmupgr] Custom Resource Status RESTART_EXTENSIONS - HiveMQ Platform is waiting for extension restart (hivemq-bridge-extension) (WAIT_FOR_EXTENSION_RESTART)
2025-01-28 21:19:53,518 INFO c.h.h.t.HelmChartContainer - [hivemq-test-hivemq-platform] [hivemq-platform-operator] [229cbb2e] 21:19:53.518 [ReconcilerExecutor-hivemq-controller-130] DEBUG c.h.p.o.HiveMQPlatformReconciler - [helmupgr] Custom Resource Spec (replicas: 1) (extensions: 1)
2025-01-28 21:19:53,521 INFO c.h.h.t.HelmChartContainer - [hivemq-test-hivemq-platform] [hivemq-platform-operator] [229cbb2e] 21:19:53.519 [ReconcilerExecutor-hivemq-controller-130] DEBUG c.h.p.o.HiveMQPlatformReconciler - [helmupgr] StatefulSet Status (revision: test-hivemq-platform-5b6c7575b6, replicas: 1, available: 1, ready: 1, current: 1, updated: 1)
2025-01-28 21:19:53,521 INFO c.h.h.t.HelmChartContainer - [hivemq-test-hivemq-platform] [hivemq-platform-operator] [229cbb2e] 21:19:53.520 [ReconcilerExecutor-hivemq-controller-130] DEBUG c.h.p.o.HiveMQPlatformReconciler - [helmupgr] StatefulSet Spec (replicas: 1, init containers: 1, containers: 1, volumes: 4)
2025-01-28 21:19:53,522 INFO c.h.h.t.HelmChartContainer - [hivemq-test-hivemq-platform] [hivemq-platform-operator] [229cbb2e] 21:19:53.521 [ReconcilerExecutor-hivemq-controller-130] DEBUG c.h.p.o.h.HiveMQPlatformReconcilerErrorHandler - [helmupgr] Pod 'test-hivemq-platform-0' phase Running
2025-01-28 21:19:53,522 INFO c.h.h.t.HelmChartContainer - [hivemq-test-hivemq-platform] [hivemq-platform-operator] [229cbb2e] 21:19:53.521 [ReconcilerExecutor-hivemq-controller-130] INFO  c.h.p.o.h.HiveMQPlatformReconcilerRestartExtensionsHandler - [helmupgr] Extension update on Pod 'test-hivemq-platform-0' is still pending
2025-01-28 21:19:54,009 INFO c.h.h.t.HelmChartContainer - [test-hivemq-platform] [hivemq] [3948e493] INFO  - [HiveMQ Platform Operator Init App 1.7.0-SNAPSHOT] Waiting for extension ConfigMap sync (expected hash: 549625241) (current hash: -1918807284)
2025-01-28 21:19:55,009 INFO c.h.h.t.HelmChartContainer - [test-hivemq-platform] [hivemq] [3948e493] INFO  - [HiveMQ Platform Operator Init App 1.7.0-SNAPSHOT] Waiting for extension ConfigMap sync (expected hash: 549625241) (current hash: -1918807284)
2025-01-28 21:19:56,010 INFO c.h.h.t.HelmChartContainer - [test-hivemq-platform] [hivemq] [3948e493] INFO  - [HiveMQ Platform Operator Init App 1.7.0-SNAPSHOT] Waiting for extension ConfigMap sync (expected hash: 549625241) (current hash: -1918807284)
2025-01-28 21:19:57,010 INFO c.h.h.t.HelmChartContainer - [test-hivemq-platform] [hivemq] [3948e493] INFO  - [HiveMQ Platform Operator Init App 1.7.0-SNAPSHOT] Waiting for extension ConfigMap sync (expected hash: 549625241) (current hash: -1918807284)
2025-01-28 21:19:58,010 INFO c.h.h.t.HelmChartContainer - [test-hivemq-platform] [hivemq] [3948e493] INFO  - [HiveMQ Platform Operator Init App 1.7.0-SNAPSHOT] Waiting for extension ConfigMap sync (expected hash: 549625241) (current hash: -1918807284)
2025-01-28 21:19:59,011 INFO c.h.h.t.HelmChartContainer - [test-hivemq-platform] [hivemq] [3948e493] INFO  - [HiveMQ Platform Operator Init App 1.7.0-SNAPSHOT] Waiting for extension ConfigMap sync (expected hash: 549625241) (current hash: -1918807284)
2025-01-28 21:20:00,011 INFO c.h.h.t.HelmChartContainer - [test-hivemq-platform] [hivemq] [3948e493] INFO  - [HiveMQ Platform Operator Init App 1.7.0-SNAPSHOT] Waiting for extension ConfigMap sync (expected hash: 549625241) (current hash: -1918807284)
2025-01-28 21:20:01,011 INFO c.h.h.t.HelmChartContainer - [test-hivemq-platform] [hivemq] [3948e493] INFO  - [HiveMQ Platform Operator Init App 1.7.0-SNAPSHOT] Waiting for extension ConfigMap sync (expected hash: 549625241) (current hash: -1918807284)
2025-01-28 21:20:02,012 INFO c.h.h.t.HelmChartContainer - [test-hivemq-platform] [hivemq] [3948e493] INFO  - [HiveMQ Platform Operator Init App 1.7.0-SNAPSHOT] Waiting for extension ConfigMap sync (expected hash: 549625241) (current hash: -1918807284)
2025-01-28 21:20:03,012 INFO c.h.h.t.HelmChartContainer - [test-hivemq-platform] [hivemq] [3948e493] INFO  - [HiveMQ Platform Operator Init App 1.7.0-SNAPSHOT] Waiting for extension ConfigMap sync (expected hash: 549625241) (current hash: -1918807284)
2025-01-28 21:20:03,527 INFO c.h.h.t.HelmChartContainer - [hivemq-test-hivemq-platform] [hivemq-platform-operator] [229cbb2e] 21:20:03.524 [pool-6-thread-16] DEBUG c.h.p.o.d.PlatformServiceResource - [helmupgr] Desired Platform services (3 services)
2025-01-28 21:20:03,527 INFO c.h.h.t.HelmChartContainer - [hivemq-test-hivemq-platform] [hivemq-platform-operator] [229cbb2e] 21:20:03.525 [pool-6-thread-17] DEBUG c.h.p.o.dependants.PodInfoConfigMap - [helmupgr] Desired PodInfo ConfigMap (1 extensions) (0 enabled)
2025-01-28 21:20:03,528 INFO c.h.h.t.HelmChartContainer - [hivemq-test-hivemq-platform] [hivemq-platform-operator] [229cbb2e] 21:20:03.526 [pool-6-thread-17] DEBUG c.h.p.o.dependants.PodInfoConfigMap - [helmupgr] Desired PodInfo ConfigMap (metrics port: 9399) (metrics path: /)
2025-01-28 21:20:03,528 INFO c.h.h.t.HelmChartContainer - [hivemq-test-hivemq-platform] [hivemq-platform-operator] [229cbb2e] 21:20:03.526 [pool-6-thread-17] DEBUG c.h.p.o.dependants.PodInfoConfigMap - [helmupgr] Desired PodInfo ConfigMap (extension state hash: 549625241)
2025-01-28 21:20:03,528 INFO c.h.h.t.HelmChartContainer - [hivemq-test-hivemq-platform] [hivemq-platform-operator] [229cbb2e] 21:20:03.525 [pool-6-thread-14] DEBUG c.h.p.o.d.PodServiceAccountResource - [helmupgr] Desired PodServiceAccountResource (serviceAccountName: hivemq-platform-pod-test-hivemq-platform)
2025-01-28 21:20:03,531 INFO c.h.h.t.HelmChartContainer - [hivemq-test-hivemq-platform] [hivemq-platform-operator] [229cbb2e] 21:20:03.530 [pool-6-thread-16] DEBUG c.h.p.o.d.StatefulSetResource - [helmupgr] Desired StatefulSet (1 replicas) for status RESTART_EXTENSIONS (WAIT_FOR_EXTENSION_RESTART)
2025-01-28 21:20:03,531 INFO c.h.h.t.HelmChartContainer - [hivemq-test-hivemq-platform] [hivemq-platform-operator] [229cbb2e] 21:20:03.531 [pool-6-thread-16] DEBUG c.h.p.o.u.VolumeAndVolumeMountUtil - [helmupgr] Creating volume mount for available ConfigMap 'test-bridge-configuration' of disabled extension 'hivemq-bridge-extension'
2025-01-28 21:20:03,535 INFO c.h.h.t.HelmChartContainer - [hivemq-test-hivemq-platform] [hivemq-platform-operator] [229cbb2e] 21:20:03.533 [ReconcilerExecutor-hivemq-controller-131] INFO  c.h.p.o.HiveMQPlatformReconciler - [helmupgr] Reconciling HiveMQ Platform 'test-hivemq-platform' in namespace 'helmupgradeextensionit'
2025-01-28 21:20:03,535 INFO c.h.h.t.HelmChartContainer - [hivemq-test-hivemq-platform] [hivemq-platform-operator] [229cbb2e] 21:20:03.533 [ReconcilerExecutor-hivemq-controller-131] DEBUG c.h.p.o.HiveMQPlatformReconciler - [helmupgr] Custom Resource Status RESTART_EXTENSIONS - HiveMQ Platform is waiting for extension restart (hivemq-bridge-extension) (WAIT_FOR_EXTENSION_RESTART)
2025-01-28 21:20:03,535 INFO c.h.h.t.HelmChartContainer - [hivemq-test-hivemq-platform] [hivemq-platform-operator] [229cbb2e] 21:20:03.533 [ReconcilerExecutor-hivemq-controller-131] DEBUG c.h.p.o.HiveMQPlatformReconciler - [helmupgr] Custom Resource Spec (replicas: 1) (extensions: 1)
2025-01-28 21:20:03,536 INFO c.h.h.t.HelmChartContainer - [hivemq-test-hivemq-platform] [hivemq-platform-operator] [229cbb2e] 21:20:03.535 [ReconcilerExecutor-hivemq-controller-131] DEBUG c.h.p.o.HiveMQPlatformReconciler - [helmupgr] StatefulSet Status (revision: test-hivemq-platform-5b6c7575b6, replicas: 1, available: 1, ready: 1, current: 1, updated: 1)
2025-01-28 21:20:03,536 INFO c.h.h.t.HelmChartContainer - [hivemq-test-hivemq-platform] [hivemq-platform-operator] [229cbb2e] 21:20:03.535 [ReconcilerExecutor-hivemq-controller-131] DEBUG c.h.p.o.HiveMQPlatformReconciler - [helmupgr] StatefulSet Spec (replicas: 1, init containers: 1, containers: 1, volumes: 4)
2025-01-28 21:20:03,537 INFO c.h.h.t.HelmChartContainer - [hivemq-test-hivemq-platform] [hivemq-platform-operator] [229cbb2e] 21:20:03.536 [ReconcilerExecutor-hivemq-controller-131] DEBUG c.h.p.o.h.HiveMQPlatformReconcilerErrorHandler - [helmupgr] Pod 'test-hivemq-platform-0' phase Running
2025-01-28 21:20:03,545 INFO c.h.h.t.HelmChartContainer - [hivemq-test-hivemq-platform] [hivemq-platform-operator] [229cbb2e] 21:20:03.543 [ReconcilerExecutor-hivemq-controller-131] DEBUG c.h.p.o.h.HiveMQPlatformReconcilerRestartExtensionsHandler - [helmupgr] Checking update extension status on Pod 'test-hivemq-platform-0'
2025-01-28 21:20:03,636 INFO c.h.h.t.HelmChartContainer - [test-hivemq-platform] [hivemq] [3948e493] INFO  - [HiveMQ Platform Operator Init App 1.7.0-SNAPSHOT] Extension update is pending (0 errors)
2025-01-28 21:20:03,639 INFO c.h.h.t.HelmChartContainer - [hivemq-test-hivemq-platform] [hivemq-platform-operator] [229cbb2e] 21:20:03.639 [vert.x-eventloop-thread-1] DEBUG c.h.platform.operator.util.PodUtil - Received status for command '[curl, -s, http://10.42.0.6:7979/updateExtensionStatus]' on Pod 'test-hivemq-platform-0' (exit code: 0)
2025-01-28 21:20:04,013 INFO c.h.h.t.HelmChartContainer - [test-hivemq-platform] [hivemq] [3948e493] INFO  - [HiveMQ Platform Operator Init App 1.7.0-SNAPSHOT] Waiting for extension ConfigMap sync (expected hash: 549625241) (current hash: -1918807284)
2025-01-28 21:20:04,614 INFO c.h.h.t.HelmChartContainer - [hivemq-test-hivemq-platform] [hivemq-platform-operator] [229cbb2e] 21:20:04.612 [pool-6-thread-28] DEBUG c.h.p.o.d.PodServiceAccountResource - [helmupgr] Desired PodServiceAccountResource (serviceAccountName: hivemq-platform-pod-test-hivemq-platform)
2025-01-28 21:20:04,614 INFO c.h.h.t.HelmChartContainer - [hivemq-test-hivemq-platform] [hivemq-platform-operator] [229cbb2e] 21:20:04.612 [pool-6-thread-26] DEBUG c.h.p.o.d.PlatformServiceResource - [helmupgr] Desired Platform services (3 services)
2025-01-28 21:20:04,614 INFO c.h.h.t.HelmChartContainer - [hivemq-test-hivemq-platform] [hivemq-platform-operator] [229cbb2e] 21:20:04.612 [pool-6-thread-23] DEBUG c.h.p.o.dependants.PodInfoConfigMap - [helmupgr] Desired PodInfo ConfigMap (1 extensions) (0 enabled)
2025-01-28 21:20:04,615 INFO c.h.h.t.HelmChartContainer - [hivemq-test-hivemq-platform] [hivemq-platform-operator] [229cbb2e] 21:20:04.614 [pool-6-thread-23] DEBUG c.h.p.o.dependants.PodInfoConfigMap - [helmupgr] Desired PodInfo ConfigMap (metrics port: 9399) (metrics path: /)
2025-01-28 21:20:04,615 INFO c.h.h.t.HelmChartContainer - [hivemq-test-hivemq-platform] [hivemq-platform-operator] [229cbb2e] 21:20:04.614 [pool-6-thread-23] DEBUG c.h.p.o.dependants.PodInfoConfigMap - [helmupgr] Desired PodInfo ConfigMap (extension state hash: 549625241)
2025-01-28 21:20:04,618 INFO c.h.h.t.HelmChartContainer - [hivemq-test-hivemq-platform] [hivemq-platform-operator] [229cbb2e] 21:20:04.617 [pool-6-thread-26] DEBUG c.h.p.o.d.StatefulSetResource - [helmupgr] Desired StatefulSet (1 replicas) for status RESTART_EXTENSIONS (WAIT_FOR_EXTENSION_RESTART)
2025-01-28 21:20:04,619 INFO c.h.h.t.HelmChartContainer - [hivemq-test-hivemq-platform] [hivemq-platform-operator] [229cbb2e] 21:20:04.618 [pool-6-thread-26] DEBUG c.h.p.o.u.VolumeAndVolumeMountUtil - [helmupgr] Creating volume mount for available ConfigMap 'test-bridge-configuration' of disabled extension 'hivemq-bridge-extension'
2025-01-28 21:20:04,623 INFO c.h.h.t.HelmChartContainer - [hivemq-test-hivemq-platform] [hivemq-platform-operator] [229cbb2e] 21:20:04.621 [ReconcilerExecutor-hivemq-controller-132] INFO  c.h.p.o.HiveMQPlatformReconciler - [helmupgr] Reconciling HiveMQ Platform 'test-hivemq-platform' in namespace 'helmupgradeextensionit'
2025-01-28 21:20:04,623 INFO c.h.h.t.HelmChartContainer - [hivemq-test-hivemq-platform] [hivemq-platform-operator] [229cbb2e] 21:20:04.621 [ReconcilerExecutor-hivemq-controller-132] DEBUG c.h.p.o.HiveMQPlatformReconciler - [helmupgr] Custom Resource Status RESTART_EXTENSIONS - HiveMQ Platform is waiting for extension restart (hivemq-bridge-extension) (WAIT_FOR_EXTENSION_RESTART)
2025-01-28 21:20:04,623 INFO c.h.h.t.HelmChartContainer - [hivemq-test-hivemq-platform] [hivemq-platform-operator] [229cbb2e] 21:20:04.621 [ReconcilerExecutor-hivemq-controller-132] DEBUG c.h.p.o.HiveMQPlatformReconciler - [helmupgr] Custom Resource Spec (replicas: 1) (extensions: 1)
2025-01-28 21:20:04,624 INFO c.h.h.t.HelmChartContainer - [hivemq-test-hivemq-platform] [hivemq-platform-operator] [229cbb2e] 21:20:04.623 [ReconcilerExecutor-hivemq-controller-132] DEBUG c.h.p.o.HiveMQPlatformReconciler - [helmupgr] StatefulSet Status (revision: test-hivemq-platform-5b6c7575b6, replicas: 1, available: 1, ready: 1, current: 1, updated: 1)
2025-01-28 21:20:04,625 INFO c.h.h.t.HelmChartContainer - [hivemq-test-hivemq-platform] [hivemq-platform-operator] [229cbb2e] 21:20:04.623 [ReconcilerExecutor-hivemq-controller-132] DEBUG c.h.p.o.HiveMQPlatformReconciler - [helmupgr] StatefulSet Spec (replicas: 1, init containers: 1, containers: 1, volumes: 4)
2025-01-28 21:20:04,626 INFO c.h.h.t.HelmChartContainer - [hivemq-test-hivemq-platform] [hivemq-platform-operator] [229cbb2e] 21:20:04.625 [ReconcilerExecutor-hivemq-controller-132] DEBUG c.h.p.o.h.HiveMQPlatformReconcilerErrorHandler - [helmupgr] Pod 'test-hivemq-platform-0' phase Running
2025-01-28 21:20:04,627 INFO c.h.h.t.HelmChartContainer - [hivemq-test-hivemq-platform] [hivemq-platform-operator] [229cbb2e] 21:20:04.626 [ReconcilerExecutor-hivemq-controller-132] INFO  c.h.p.o.h.HiveMQPlatformReconcilerRestartExtensionsHandler - [helmupgr] Extension update on Pod 'test-hivemq-platform-0' is still pending
2025-01-28 21:20:05,013 INFO c.h.h.t.HelmChartContainer - [test-hivemq-platform] [hivemq] [3948e493] INFO  - [HiveMQ Platform Operator Init App 1.7.0-SNAPSHOT] Waiting for extension ConfigMap sync (expected hash: 549625241) (current hash: -1918807284)
2025-01-28 21:20:06,014 INFO c.h.h.t.HelmChartContainer - [test-hivemq-platform] [hivemq] [3948e493] INFO  - [HiveMQ Platform Operator Init App 1.7.0-SNAPSHOT] Waiting for extension ConfigMap sync (expected hash: 549625241) (current hash: -1918807284)
2025-01-28 21:20:07,014 INFO c.h.h.t.HelmChartContainer - [test-hivemq-platform] [hivemq] [3948e493] INFO  - [HiveMQ Platform Operator Init App 1.7.0-SNAPSHOT] Waiting for extension ConfigMap sync (expected hash: 549625241) (current hash: -1918807284)
2025-01-28 21:20:08,015 INFO c.h.h.t.HelmChartContainer - [test-hivemq-platform] [hivemq] [3948e493] INFO  - [HiveMQ Platform Operator Init App 1.7.0-SNAPSHOT] Waiting for extension ConfigMap sync (expected hash: 549625241) (current hash: -1918807284)
2025-01-28 21:20:09,015 INFO c.h.h.t.HelmChartContainer - [test-hivemq-platform] [hivemq] [3948e493] INFO  - [HiveMQ Platform Operator Init App 1.7.0-SNAPSHOT] Waiting for extension ConfigMap sync (expected hash: 549625241) (current hash: -1918807284)
2025-01-28 21:20:10,015 INFO c.h.h.t.HelmChartContainer - [test-hivemq-platform] [hivemq] [3948e493] INFO  - [HiveMQ Platform Operator Init App 1.7.0-SNAPSHOT] Waiting for extension ConfigMap sync (expected hash: 549625241) (current hash: -1918807284)
2025-01-28 21:20:11,016 INFO c.h.h.t.HelmChartContainer - [test-hivemq-platform] [hivemq] [3948e493] INFO  - [HiveMQ Platform Operator Init App 1.7.0-SNAPSHOT] Waiting for extension ConfigMap sync (expected hash: 549625241) (current hash: 549625241)
2025-01-28 21:20:11,017 INFO c.h.h.t.HelmChartContainer - [test-hivemq-platform] [hivemq] [3948e493] INFO  - [HiveMQ Platform Operator Init App 1.7.0-SNAPSHOT] Updating HiveMQ Platform extension: hivemq-bridge-extension
2025-01-28 21:20:11,018 INFO c.h.h.t.HelmChartContainer - [test-hivemq-platform] [hivemq] [3948e493] INFO  - [HiveMQ Platform Operator Init App 1.7.0-SNAPSHOT] Stopping preinstalled extension hivemq-bridge-extension
2025-01-28 21:20:11,020 INFO c.h.h.t.HelmChartContainer - [test-hivemq-platform] [hivemq] [3948e493] INFO  - [HiveMQ Platform Operator Init App 1.7.0-SNAPSHOT] Successfully disabled extension hivemq-bridge-extension
2025-01-28 21:20:11,074 INFO c.h.h.t.HelmChartContainer - [test-hivemq-platform] [hivemq] [3948e493] INFO  - Stopping extension with id hivemq-bridge-extension
2025-01-28 21:20:11,077 INFO c.h.h.t.HelmChartContainer - [test-hivemq-platform] [hivemq] [3948e493] INFO  - Bridge Extension: Stopping extension
2025-01-28 21:20:11,170 INFO c.h.h.t.HelmChartContainer - [test-hivemq-platform] [hivemq] [3948e493] ERROR - Bridge Extension: Error when disconnecting client "testbridge-0-6581cdf5-9eb1-424a-91f1-2c3ec9dea566". Reason: MQTT client is not connected.
2025-01-28 21:20:11,170 INFO c.h.h.t.HelmChartContainer - [test-hivemq-platform] [hivemq] [3948e493] ERROR - Bridge Extension: Error when disconnecting client "testbridge-1-6581cdf5-9eb1-424a-91f1-2c3ec9dea566". Reason: MQTT client is not connected.
2025-01-28 21:20:11,170 INFO c.h.h.t.HelmChartContainer - [test-hivemq-platform] [hivemq] [3948e493] INFO  - Extension "HiveMQ Enterprise Bridge Extension" version 4.36.0 stopped successfully.
2025-01-28 21:20:11,170 INFO c.h.h.testcontainer.LogWaiterUtil - TEST Found log pattern on 'test-hivemq-platform-0': .*Extension "HiveMQ Enterprise Bridge Extension" version .* stopped successfully.
2025-01-28 21:20:11,173 INFO c.h.h.t.HelmChartContainer - [test-hivemq-platform] [hivemq] [3948e493] INFO  - [HiveMQ Platform Operator Init App 1.7.0-SNAPSHOT] Waiting for extension hivemq-bridge-extension to stop
2025-01-28 21:20:11,679 INFO c.h.h.t.HelmChartContainer - [test-hivemq-platform] [hivemq] [3948e493] INFO  - [HiveMQ Platform Operator Init App 1.7.0-SNAPSHOT] Successfully stopped extension hivemq-bridge-extension
2025-01-28 21:20:11,679 INFO c.h.h.testcontainer.LogWaiterUtil - TEST Found log pattern on 'test-hivemq-platform-0': .*\[HiveMQ Platform Operator Init App [A-Z0-9.-]+\] Successfully stopped extension hivemq-bridge-extension
2025-01-28 21:20:14,633 INFO c.h.h.t.HelmChartContainer - [hivemq-test-hivemq-platform] [hivemq-platform-operator] [229cbb2e] 21:20:14.630 [pool-6-thread-37] DEBUG c.h.p.o.d.PlatformServiceResource - [helmupgr] Desired Platform services (3 services)
2025-01-28 21:20:14,633 INFO c.h.h.t.HelmChartContainer - [hivemq-test-hivemq-platform] [hivemq-platform-operator] [229cbb2e] 21:20:14.630 [pool-6-thread-35] DEBUG c.h.p.o.d.PodServiceAccountResource - [helmupgr] Desired PodServiceAccountResource (serviceAccountName: hivemq-platform-pod-test-hivemq-platform)
2025-01-28 21:20:14,633 INFO c.h.h.t.HelmChartContainer - [hivemq-test-hivemq-platform] [hivemq-platform-operator] [229cbb2e] 21:20:14.630 [pool-6-thread-32] DEBUG c.h.p.o.dependants.PodInfoConfigMap - [helmupgr] Desired PodInfo ConfigMap (1 extensions) (0 enabled)
2025-01-28 21:20:14,633 INFO c.h.h.t.HelmChartContainer - [hivemq-test-hivemq-platform] [hivemq-platform-operator] [229cbb2e] 21:20:14.631 [pool-6-thread-32] DEBUG c.h.p.o.dependants.PodInfoConfigMap - [helmupgr] Desired PodInfo ConfigMap (metrics port: 9399) (metrics path: /)
2025-01-28 21:20:14,633 INFO c.h.h.t.HelmChartContainer - [hivemq-test-hivemq-platform] [hivemq-platform-operator] [229cbb2e] 21:20:14.631 [pool-6-thread-32] DEBUG c.h.p.o.dependants.PodInfoConfigMap - [helmupgr] Desired PodInfo ConfigMap (extension state hash: 549625241)
2025-01-28 21:20:14,634 INFO c.h.h.t.HelmChartContainer - [hivemq-test-hivemq-platform] [hivemq-platform-operator] [229cbb2e] 21:20:14.634 [pool-6-thread-37] DEBUG c.h.p.o.d.StatefulSetResource - [helmupgr] Desired StatefulSet (1 replicas) for status RESTART_EXTENSIONS (WAIT_FOR_EXTENSION_RESTART)
2025-01-28 21:20:14,635 INFO c.h.h.t.HelmChartContainer - [hivemq-test-hivemq-platform] [hivemq-platform-operator] [229cbb2e] 21:20:14.634 [pool-6-thread-37] DEBUG c.h.p.o.u.VolumeAndVolumeMountUtil - [helmupgr] Creating volume mount for available ConfigMap 'test-bridge-configuration' of disabled extension 'hivemq-bridge-extension'
2025-01-28 21:20:14,637 INFO c.h.h.t.HelmChartContainer - [hivemq-test-hivemq-platform] [hivemq-platform-operator] [229cbb2e] 21:20:14.636 [ReconcilerExecutor-hivemq-controller-133] INFO  c.h.p.o.HiveMQPlatformReconciler - [helmupgr] Reconciling HiveMQ Platform 'test-hivemq-platform' in namespace 'helmupgradeextensionit'
2025-01-28 21:20:14,637 INFO c.h.h.t.HelmChartContainer - [hivemq-test-hivemq-platform] [hivemq-platform-operator] [229cbb2e] 21:20:14.637 [ReconcilerExecutor-hivemq-controller-133] DEBUG c.h.p.o.HiveMQPlatformReconciler - [helmupgr] Custom Resource Status RESTART_EXTENSIONS - HiveMQ Platform is waiting for extension restart (hivemq-bridge-extension) (WAIT_FOR_EXTENSION_RESTART)
2025-01-28 21:20:14,637 INFO c.h.h.t.HelmChartContainer - [hivemq-test-hivemq-platform] [hivemq-platform-operator] [229cbb2e] 21:20:14.637 [ReconcilerExecutor-hivemq-controller-133] DEBUG c.h.p.o.HiveMQPlatformReconciler - [helmupgr] Custom Resource Spec (replicas: 1) (extensions: 1)
2025-01-28 21:20:14,639 INFO c.h.h.t.HelmChartContainer - [hivemq-test-hivemq-platform] [hivemq-platform-operator] [229cbb2e] 21:20:14.638 [ReconcilerExecutor-hivemq-controller-133] DEBUG c.h.p.o.HiveMQPlatformReconciler - [helmupgr] StatefulSet Status (revision: test-hivemq-platform-5b6c7575b6, replicas: 1, available: 1, ready: 1, current: 1, updated: 1)
2025-01-28 21:20:14,639 INFO c.h.h.t.HelmChartContainer - [hivemq-test-hivemq-platform] [hivemq-platform-operator] [229cbb2e] 21:20:14.638 [ReconcilerExecutor-hivemq-controller-133] DEBUG c.h.p.o.HiveMQPlatformReconciler - [helmupgr] StatefulSet Spec (replicas: 1, init containers: 1, containers: 1, volumes: 4)
2025-01-28 21:20:14,639 INFO c.h.h.t.HelmChartContainer - [hivemq-test-hivemq-platform] [hivemq-platform-operator] [229cbb2e] 21:20:14.639 [ReconcilerExecutor-hivemq-controller-133] DEBUG c.h.p.o.h.HiveMQPlatformReconcilerErrorHandler - [helmupgr] Pod 'test-hivemq-platform-0' phase Running
2025-01-28 21:20:14,645 INFO c.h.h.t.HelmChartContainer - [hivemq-test-hivemq-platform] [hivemq-platform-operator] [229cbb2e] 21:20:14.644 [ReconcilerExecutor-hivemq-controller-133] DEBUG c.h.p.o.h.HiveMQPlatformReconcilerRestartExtensionsHandler - [helmupgr] Checking update extension status on Pod 'test-hivemq-platform-0'
2025-01-28 21:20:14,728 INFO c.h.h.t.HelmChartContainer - [test-hivemq-platform] [hivemq] [3948e493] INFO  - [HiveMQ Platform Operator Init App 1.7.0-SNAPSHOT] Extension update is done (0 errors)
2025-01-28 21:20:14,728 INFO c.h.h.testcontainer.LogWaiterUtil - TEST Found log pattern on 'test-hivemq-platform-0': .*\[HiveMQ Platform Operator Init App [A-Z0-9.-]+\] Extension update is done \(0 errors\)
2025-01-28 21:20:14,732 INFO c.h.h.t.HelmChartContainer - [hivemq-test-hivemq-platform] [hivemq-platform-operator] [229cbb2e] 21:20:14.731 [vert.x-eventloop-thread-0] DEBUG c.h.platform.operator.util.PodUtil - Received status for command '[curl, -s, http://10.42.0.6:7979/updateExtensionStatus]' on Pod 'test-hivemq-platform-0' (exit code: 0)
2025-01-28 21:20:15,703 INFO c.h.h.t.HelmChartContainer - [hivemq-test-hivemq-platform] [hivemq-platform-operator] [229cbb2e] 21:20:15.700 [pool-6-thread-43] DEBUG c.h.p.o.d.PlatformServiceResource - [helmupgr] Desired Platform services (3 services)
2025-01-28 21:20:15,703 INFO c.h.h.t.HelmChartContainer - [hivemq-test-hivemq-platform] [hivemq-platform-operator] [229cbb2e] 21:20:15.700 [pool-6-thread-41] DEBUG c.h.p.o.d.PodServiceAccountResource - [helmupgr] Desired PodServiceAccountResource (serviceAccountName: hivemq-platform-pod-test-hivemq-platform)
2025-01-28 21:20:15,703 INFO c.h.h.t.HelmChartContainer - [hivemq-test-hivemq-platform] [hivemq-platform-operator] [229cbb2e] 21:20:15.701 [pool-6-thread-45] DEBUG c.h.p.o.dependants.PodInfoConfigMap - [helmupgr] Desired PodInfo ConfigMap (1 extensions) (0 enabled)
2025-01-28 21:20:15,703 INFO c.h.h.t.HelmChartContainer - [hivemq-test-hivemq-platform] [hivemq-platform-operator] [229cbb2e] 21:20:15.701 [pool-6-thread-45] DEBUG c.h.p.o.dependants.PodInfoConfigMap - [helmupgr] Desired PodInfo ConfigMap (metrics port: 9399) (metrics path: /)
2025-01-28 21:20:15,703 INFO c.h.h.t.HelmChartContainer - [hivemq-test-hivemq-platform] [hivemq-platform-operator] [229cbb2e] 21:20:15.701 [pool-6-thread-45] DEBUG c.h.p.o.dependants.PodInfoConfigMap - [helmupgr] Desired PodInfo ConfigMap (extension state hash: 549625241)
2025-01-28 21:20:15,705 INFO c.h.h.t.HelmChartContainer - [hivemq-test-hivemq-platform] [hivemq-platform-operator] [229cbb2e] 21:20:15.705 [pool-6-thread-43] DEBUG c.h.p.o.d.StatefulSetResource - [helmupgr] Desired StatefulSet (1 replicas) for status RESTART_EXTENSIONS (WAIT_FOR_EXTENSION_RESTART)
2025-01-28 21:20:15,707 INFO c.h.h.t.HelmChartContainer - [hivemq-test-hivemq-platform] [hivemq-platform-operator] [229cbb2e] 21:20:15.706 [pool-6-thread-43] DEBUG c.h.p.o.u.VolumeAndVolumeMountUtil - [helmupgr] Creating volume mount for available ConfigMap 'test-bridge-configuration' of disabled extension 'hivemq-bridge-extension'
2025-01-28 21:20:15,710 INFO c.h.h.t.HelmChartContainer - [hivemq-test-hivemq-platform] [hivemq-platform-operator] [229cbb2e] 21:20:15.709 [ReconcilerExecutor-hivemq-controller-134] INFO  c.h.p.o.HiveMQPlatformReconciler - [helmupgr] Reconciling HiveMQ Platform 'test-hivemq-platform' in namespace 'helmupgradeextensionit'
2025-01-28 21:20:15,710 INFO c.h.h.t.HelmChartContainer - [hivemq-test-hivemq-platform] [hivemq-platform-operator] [229cbb2e] 21:20:15.709 [ReconcilerExecutor-hivemq-controller-134] DEBUG c.h.p.o.HiveMQPlatformReconciler - [helmupgr] Custom Resource Status RESTART_EXTENSIONS - HiveMQ Platform is waiting for extension restart (hivemq-bridge-extension) (WAIT_FOR_EXTENSION_RESTART)
2025-01-28 21:20:15,710 INFO c.h.h.t.HelmChartContainer - [hivemq-test-hivemq-platform] [hivemq-platform-operator] [229cbb2e] 21:20:15.709 [ReconcilerExecutor-hivemq-controller-134] DEBUG c.h.p.o.HiveMQPlatformReconciler - [helmupgr] Custom Resource Spec (replicas: 1) (extensions: 1)
2025-01-28 21:20:15,711 INFO c.h.h.t.HelmChartContainer - [hivemq-test-hivemq-platform] [hivemq-platform-operator] [229cbb2e] 21:20:15.710 [ReconcilerExecutor-hivemq-controller-134] DEBUG c.h.p.o.HiveMQPlatformReconciler - [helmupgr] StatefulSet Status (revision: test-hivemq-platform-5b6c7575b6, replicas: 1, available: 1, ready: 1, current: 1, updated: 1)
2025-01-28 21:20:15,711 INFO c.h.h.t.HelmChartContainer - [hivemq-test-hivemq-platform] [hivemq-platform-operator] [229cbb2e] 21:20:15.710 [ReconcilerExecutor-hivemq-controller-134] DEBUG c.h.p.o.HiveMQPlatformReconciler - [helmupgr] StatefulSet Spec (replicas: 1, init containers: 1, containers: 1, volumes: 4)
2025-01-28 21:20:15,713 INFO c.h.h.t.HelmChartContainer - [hivemq-test-hivemq-platform] [hivemq-platform-operator] [229cbb2e] 21:20:15.711 [ReconcilerExecutor-hivemq-controller-134] DEBUG c.h.p.o.h.HiveMQPlatformReconcilerErrorHandler - [helmupgr] Pod 'test-hivemq-platform-0' phase Running
2025-01-28 21:20:15,713 INFO c.h.h.t.HelmChartContainer - [hivemq-test-hivemq-platform] [hivemq-platform-operator] [229cbb2e] 21:20:15.712 [ReconcilerExecutor-hivemq-controller-134] INFO  c.h.p.o.h.HiveMQPlatformReconcilerRestartExtensionsHandler - [helmupgr] Successfully updated extensions on all Pods
2025-01-28 21:20:15,722 INFO c.h.h.t.HelmChartContainer - [EVENT] Normal [Ready] HiveMQ Platform is ready [helmupgradeextensionit:test-hivemq-platform]
2025-01-28 21:20:15,722 INFO c.h.h.t.HelmChartContainer - [hivemq-test-hivemq-platform] [hivemq-platform-operator] [229cbb2e] 21:20:15.721 [ReconcilerExecutor-hivemq-controller-134] DEBUG c.h.p.operator.event.EventSender - [helmupgr] Updating K8s event hivemq-platform-ready: [Ready] HiveMQ Platform is ready
2025-01-28 21:20:15,722 INFO c.h.h.t.HelmChartContainer - [hivemq-test-hivemq-platform] [hivemq-platform-operator] [229cbb2e] 21:20:15.721 [ReconcilerExecutor-hivemq-controller-134] INFO  c.h.p.o.h.AbstractHiveMQReconcilerStateHandler - [helmupgr] Update HiveMQ Platform Status (RESTART_EXTENSIONS [WAIT_FOR_EXTENSION_RESTART] -> RUNNING [READY]): HiveMQ Platform is ready
2025-01-28 21:20:15,794 DEBUG com.hivemq.helmcharts.util.K8sUtil - Comparing actual state 'RUNNING' and waiting for 'RUNNING'
2025-01-28 21:20:21,804 INFO c.h.h.t.HelmChartContainer - Uninstalling release 'test-hivemq-platform' in namespace 'helmupgradeextensionit'...
2025-01-28 21:20:21,804 DEBUG c.h.h.t.HelmChartContainer - Executing helm command: /bin/helm --kubeconfig /etc/rancher/k3s/k3s.yaml uninstall test-hivemq-platform  --wait --timeout 5m0s --cascade foreground --namespace helmupgradeextensionit
2025-01-28 21:20:21,997 INFO c.h.h.t.HelmChartContainer - [hivemq-test-hivemq-platform] [hivemq-platform-operator] [229cbb2e] 21:20:21.995 [pool-6-thread-6] DEBUG c.h.p.o.d.PlatformServiceResource - [helmupgr] Desired Platform services (3 services)
2025-01-28 21:20:22,000 INFO c.h.h.t.HelmChartContainer - [hivemq-test-hivemq-platform] [hivemq-platform-operator] [229cbb2e] 21:20:21.998 [pool-6-thread-9] DEBUG c.h.p.o.dependants.PodInfoConfigMap - [helmupgr] Desired PodInfo ConfigMap (1 extensions) (0 enabled)
2025-01-28 21:20:22,000 INFO c.h.h.t.HelmChartContainer - [hivemq-test-hivemq-platform] [hivemq-platform-operator] [229cbb2e] 21:20:21.998 [pool-6-thread-9] DEBUG c.h.p.o.dependants.PodInfoConfigMap - [helmupgr] Desired PodInfo ConfigMap (metrics port: 9399) (metrics path: /)
2025-01-28 21:20:22,000 INFO c.h.h.t.HelmChartContainer - [hivemq-test-hivemq-platform] [hivemq-platform-operator] [229cbb2e] 21:20:21.998 [pool-6-thread-9] DEBUG c.h.p.o.dependants.PodInfoConfigMap - [helmupgr] Desired PodInfo ConfigMap (extension state hash: 549625241)
2025-01-28 21:20:22,000 INFO c.h.h.t.HelmChartContainer - [hivemq-test-hivemq-platform] [hivemq-platform-operator] [229cbb2e] 21:20:21.998 [pool-6-thread-9] DEBUG c.h.p.o.dependants.PodInfoConfigMap - [helmupgr] Update PodInfo ConfigMap
2025-01-28 21:20:22,000 INFO c.h.h.t.HelmChartContainer - [hivemq-test-hivemq-platform] [hivemq-platform-operator] [229cbb2e] 21:20:21.998 [pool-6-thread-8] DEBUG c.h.p.o.d.PodServiceAccountResource - [helmupgr] Desired PodServiceAccountResource (serviceAccountName: hivemq-platform-pod-test-hivemq-platform)
2025-01-28 21:20:22,089 INFO c.h.h.t.HelmChartContainer - [hivemq-test-hivemq-platform] [hivemq-platform-operator] [229cbb2e] 21:20:22.088 [pool-6-thread-9] DEBUG c.h.p.o.d.StatefulSetResource - [helmupgr] Desired StatefulSet (1 replicas) for status RUNNING (READY)
2025-01-28 21:20:22,090 INFO c.h.h.t.HelmChartContainer - [hivemq-test-hivemq-platform] [hivemq-platform-operator] [229cbb2e] 21:20:22.089 [pool-6-thread-9] DEBUG c.h.p.o.u.VolumeAndVolumeMountUtil - [helmupgr] Creating volume mount for available ConfigMap 'test-bridge-configuration' of disabled extension 'hivemq-bridge-extension'
2025-01-28 21:20:22,096 INFO c.h.h.t.HelmChartContainer - [hivemq-test-hivemq-platform] [hivemq-platform-operator] [229cbb2e] 21:20:22.093 [pool-6-thread-9] DEBUG c.h.p.o.d.StatefulSetResource - [helmupgr] Update StatefulSet (replicas: 1 -> 1)
2025-01-28 21:20:22,096 INFO c.h.h.t.HelmChartContainer - [hivemq-test-hivemq-platform] [hivemq-platform-operator] [229cbb2e] 21:20:22.094 [pool-6-thread-9] DEBUG c.h.p.o.d.StatefulSetResource - [helmupgr] Detected change in StatefulSet specification (path: /template/metadata/annotations/kubernetes-resource-versions) (actual value: {broker-configuration-v2=-2089688360}) (target value: {broker-configuration-v2=0})
2025-01-28 21:20:22,096 INFO c.h.h.t.HelmChartContainer - [hivemq-test-hivemq-platform] [hivemq-platform-operator] [229cbb2e] 21:20:22.094 [pool-6-thread-9] INFO  c.h.p.o.d.StatefulSetResource - [helmupgr] StatefulSet spec was updated, triggering rolling restart
2025-01-28 21:20:22,197 INFO c.h.h.t.HelmChartContainer - [hivemq-test-hivemq-platform] [hivemq-platform-operator] [229cbb2e] 21:20:22.195 [ReconcilerExecutor-hivemq-controller-136] INFO  c.h.p.o.HiveMQPlatformReconciler - [helmupgr] Reconciling HiveMQ Platform 'test-hivemq-platform' in namespace 'helmupgradeextensionit'
2025-01-28 21:20:22,198 INFO c.h.h.t.HelmChartContainer - [hivemq-test-hivemq-platform] [hivemq-platform-operator] [229cbb2e] 21:20:22.196 [ReconcilerExecutor-hivemq-controller-136] DEBUG c.h.p.o.HiveMQPlatformReconciler - [helmupgr] Custom Resource Status RUNNING - HiveMQ Platform is ready (READY) (reconciliation requests: ROLLING_RESTART, REQUESTS_UPDATED)
2025-01-28 21:20:22,198 INFO c.h.h.t.HelmChartContainer - [hivemq-test-hivemq-platform] [hivemq-platform-operator] [229cbb2e] 21:20:22.196 [ReconcilerExecutor-hivemq-controller-136] DEBUG c.h.p.o.HiveMQPlatformReconciler - [helmupgr] Custom Resource Spec (replicas: 1) (extensions: 1)
2025-01-28 21:20:22,198 INFO c.h.h.t.HelmChartContainer - [hivemq-test-hivemq-platform] [hivemq-platform-operator] [229cbb2e] 21:20:22.196 [ReconcilerExecutor-hivemq-controller-136] WARN  c.h.p.o.h.HiveMQPlatformReconcilerErrorHandler - [helmupgr] Could not find ConfigMap 'hivemq-configuration-test-hivemq-platform' for HiveMQ Platform configuration
2025-01-28 21:20:22,294 INFO c.h.h.t.HelmChartContainer - [hivemq-test-hivemq-platform] [hivemq-platform-operator] [229cbb2e] 21:20:22.293 [ReconcilerExecutor-hivemq-controller-136] DEBUG c.h.p.operator.event.EventSender - [helmupgr] Creating K8s event hivemq-platform-invalid-configuration: [Start] Could not find ConfigMap 'hivemq-configuration-test-hivemq-platform' for HiveMQ Platform configuration
2025-01-28 21:20:22,297 INFO c.h.h.t.HelmChartContainer - [EVENT] Warning [Start] Could not find ConfigMap 'hivemq-configuration-test-hivemq-platform' for HiveMQ Platform configuration [helmupgradeextensionit:test-hivemq-platform]
2025-01-28 21:20:22,298 INFO c.h.h.t.HelmChartContainer - [hivemq-test-hivemq-platform] [hivemq-platform-operator] [229cbb2e] 21:20:22.298 [ReconcilerExecutor-hivemq-controller-136] INFO  c.h.p.o.h.AbstractHiveMQReconcilerStateHandler - [helmupgr] Update HiveMQ Platform Status (RUNNING [READY] -> ERROR [INVALID_CONFIG_MAP]): Could not find ConfigMap 'hivemq-configuration-test-hivemq-platform' for HiveMQ Platform configuration (reconciliation requests: ROLLING_RESTART)
2025-01-28 21:20:22,309 INFO c.h.h.t.HelmChartContainer - [hivemq-test-hivemq-platform] [hivemq-platform-operator] [229cbb2e] 21:20:22.306 [ReconcilerExecutor-hivemq-controller-136] ERROR i.j.o.p.event.EventProcessor - Error during event processing ExecutionScope{ resource id: ResourceID{name='test-hivemq-platform', namespace='helmupgradeextensionit'}, version: 655}
2025-01-28 21:20:22,309 INFO c.h.h.t.HelmChartContainer - [hivemq-test-hivemq-platform] [hivemq-platform-operator] [229cbb2e] io.fabric8.kubernetes.client.KubernetesClientException: Failure executing: PUT at: https://10.43.0.1:443/apis/hivemq.com/v1/namespaces/helmupgradeextensionit/hivemq-platforms/test-hivemq-platform/status. Message: Operation cannot be fulfilled on hivemq-platforms.hivemq.com "test-hivemq-platform": the object has been modified; please apply your changes to the latest version and try again. Received status: Status(apiVersion=v1, code=409, details=StatusDetails(causes=[], group=hivemq.com, kind=hivemq-platforms, name=test-hivemq-platform, retryAfterSeconds=null, uid=null, additionalProperties={}), kind=Status, message=Operation cannot be fulfilled on hivemq-platforms.hivemq.com "test-hivemq-platform": the object has been modified; please apply your changes to the latest version and try again, metadata=ListMeta(_continue=null, remainingItemCount=null, resourceVersion=null, selfLink=null, additionalProperties={}), reason=Conflict, status=Failure, additionalProperties={}).
2025-01-28 21:20:22,309 INFO c.h.h.t.HelmChartContainer - [hivemq-test-hivemq-platform] [hivemq-platform-operator] [229cbb2e] 	at io.fabric8.kubernetes.client.KubernetesClientException.copyAsCause(KubernetesClientException.java:238)
2025-01-28 21:20:22,309 INFO c.h.h.t.HelmChartContainer - [hivemq-test-hivemq-platform] [hivemq-platform-operator] [229cbb2e] 	at io.fabric8.kubernetes.client.dsl.internal.OperationSupport.waitForResult(OperationSupport.java:507)
2025-01-28 21:20:22,309 INFO c.h.h.t.HelmChartContainer - [hivemq-test-hivemq-platform] [hivemq-platform-operator] [229cbb2e] 	at io.fabric8.kubernetes.client.dsl.internal.OperationSupport.handleResponse(OperationSupport.java:524)
2025-01-28 21:20:22,309 INFO c.h.h.t.HelmChartContainer - [hivemq-test-hivemq-platform] [hivemq-platform-operator] [229cbb2e] 	at io.fabric8.kubernetes.client.dsl.internal.OperationSupport.handleUpdate(OperationSupport.java:358)
2025-01-28 21:20:22,309 INFO c.h.h.t.HelmChartContainer - [hivemq-test-hivemq-platform] [hivemq-platform-operator] [229cbb2e] 	at io.fabric8.kubernetes.client.dsl.internal.BaseOperation.handleUpdate(BaseOperation.java:759)
2025-01-28 21:20:22,309 INFO c.h.h.t.HelmChartContainer - [hivemq-test-hivemq-platform] [hivemq-platform-operator] [229cbb2e] 	at io.fabric8.kubernetes.client.dsl.internal.HasMetadataOperation.update(HasMetadataOperation.java:138)
2025-01-28 21:20:22,309 INFO c.h.h.t.HelmChartContainer - [hivemq-test-hivemq-platform] [hivemq-platform-operator] [229cbb2e] 	at io.fabric8.kubernetes.client.dsl.internal.HasMetadataOperation.update(HasMetadataOperation.java:121)
2025-01-28 21:20:22,309 INFO c.h.h.t.HelmChartContainer - [hivemq-test-hivemq-platform] [hivemq-platform-operator] [229cbb2e] 	at io.fabric8.kubernetes.client.dsl.internal.HasMetadataOperation.updateStatus(HasMetadataOperation.java:126)
2025-01-28 21:20:22,309 INFO c.h.h.t.HelmChartContainer - [hivemq-test-hivemq-platform] [hivemq-platform-operator] [229cbb2e] 	at io.fabric8.kubernetes.client.dsl.internal.HasMetadataOperation.updateStatus(HasMetadataOperation.java:44)
2025-01-28 21:20:22,309 INFO c.h.h.t.HelmChartContainer - [hivemq-test-hivemq-platform] [hivemq-platform-operator] [229cbb2e] 	at io.javaoperatorsdk.operator.processing.event.ReconciliationDispatcher$CustomResourceFacade.updateStatus(ReconciliationDispatcher.java:408)
2025-01-28 21:20:22,309 INFO c.h.h.t.HelmChartContainer - [hivemq-test-hivemq-platform] [hivemq-platform-operator] [229cbb2e] 	at io.javaoperatorsdk.operator.processing.event.ReconciliationDispatcher.updateStatusGenerationAware(ReconciliationDispatcher.java:228)
2025-01-28 21:20:22,309 INFO c.h.h.t.HelmChartContainer - [hivemq-test-hivemq-platform] [hivemq-platform-operator] [229cbb2e] 	at io.javaoperatorsdk.operator.processing.event.ReconciliationDispatcher.reconcileExecution(ReconciliationDispatcher.java:150)
2025-01-28 21:20:22,309 INFO c.h.h.t.HelmChartContainer - [hivemq-test-hivemq-platform] [hivemq-platform-operator] [229cbb2e] 	at io.javaoperatorsdk.operator.processing.event.ReconciliationDispatcher.handleReconcile(ReconciliationDispatcher.java:117)
2025-01-28 21:20:22,309 INFO c.h.h.t.HelmChartContainer - [hivemq-test-hivemq-platform] [hivemq-platform-operator] [229cbb2e] 	at io.javaoperatorsdk.operator.processing.event.ReconciliationDispatcher.handleDispatch(ReconciliationDispatcher.java:91)
2025-01-28 21:20:22,310 INFO c.h.h.t.HelmChartContainer - [hivemq-test-hivemq-platform] [hivemq-platform-operator] [229cbb2e] 	at io.javaoperatorsdk.operator.processing.event.ReconciliationDispatcher.handleExecution(ReconciliationDispatcher.java:64)
2025-01-28 21:20:22,310 INFO c.h.h.t.HelmChartContainer - [hivemq-test-hivemq-platform] [hivemq-platform-operator] [229cbb2e] 	at io.javaoperatorsdk.operator.processing.event.EventProcessor$ReconcilerExecutor.run(EventProcessor.java:452)
2025-01-28 21:20:22,310 INFO c.h.h.t.HelmChartContainer - [hivemq-test-hivemq-platform] [hivemq-platform-operator] [229cbb2e] 	at java.base/java.util.concurrent.ThreadPoolExecutor.runWorker(Unknown Source)
2025-01-28 21:20:22,310 INFO c.h.h.t.HelmChartContainer - [hivemq-test-hivemq-platform] [hivemq-platform-operator] [229cbb2e] 	at java.base/java.util.concurrent.ThreadPoolExecutor$Worker.run(Unknown Source)
2025-01-28 21:20:22,310 INFO c.h.h.t.HelmChartContainer - [hivemq-test-hivemq-platform] [hivemq-platform-operator] [229cbb2e] 	at java.base/java.lang.Thread.run(Unknown Source)
2025-01-28 21:20:22,310 INFO c.h.h.t.HelmChartContainer - [hivemq-test-hivemq-platform] [hivemq-platform-operator] [229cbb2e] Caused by: io.fabric8.kubernetes.client.KubernetesClientException: Failure executing: PUT at: https://10.43.0.1:443/apis/hivemq.com/v1/namespaces/helmupgradeextensionit/hivemq-platforms/test-hivemq-platform/status. Message: Operation cannot be fulfilled on hivemq-platforms.hivemq.com "test-hivemq-platform": the object has been modified; please apply your changes to the latest version and try again. Received status: Status(apiVersion=v1, code=409, details=StatusDetails(causes=[], group=hivemq.com, kind=hivemq-platforms, name=test-hivemq-platform, retryAfterSeconds=null, uid=null, additionalProperties={}), kind=Status, message=Operation cannot be fulfilled on hivemq-platforms.hivemq.com "test-hivemq-platform": the object has been modified; please apply your changes to the latest version and try again, metadata=ListMeta(_continue=null, remainingItemCount=null, resourceVersion=null, selfLink=null, additionalProperties={}), reason=Conflict, status=Failure, additionalProperties={}).
2025-01-28 21:20:22,310 INFO c.h.h.t.HelmChartContainer - [hivemq-test-hivemq-platform] [hivemq-platform-operator] [229cbb2e] 	at io.fabric8.kubernetes.client.dsl.internal.OperationSupport.requestFailure(OperationSupport.java:660)
2025-01-28 21:20:22,310 INFO c.h.h.t.HelmChartContainer - [hivemq-test-hivemq-platform] [hivemq-platform-operator] [229cbb2e] 	at io.fabric8.kubernetes.client.dsl.internal.OperationSupport.requestFailure(OperationSupport.java:640)
2025-01-28 21:20:22,310 INFO c.h.h.t.HelmChartContainer - [hivemq-test-hivemq-platform] [hivemq-platform-operator] [229cbb2e] 	at io.fabric8.kubernetes.client.dsl.internal.OperationSupport.assertResponseCode(OperationSupport.java:589)
2025-01-28 21:20:22,310 INFO c.h.h.t.HelmChartContainer - [hivemq-test-hivemq-platform] [hivemq-platform-operator] [229cbb2e] 	at io.fabric8.kubernetes.client.dsl.internal.OperationSupport.lambda$handleResponse$0(OperationSupport.java:549)
2025-01-28 21:20:22,310 INFO c.h.h.t.HelmChartContainer - [hivemq-test-hivemq-platform] [hivemq-platform-operator] [229cbb2e] 	at java.base/java.util.concurrent.CompletableFuture$UniApply.tryFire(Unknown Source)
2025-01-28 21:20:22,310 INFO c.h.h.t.HelmChartContainer - [hivemq-test-hivemq-platform] [hivemq-platform-operator] [229cbb2e] 	at java.base/java.util.concurrent.CompletableFuture.postComplete(Unknown Source)
2025-01-28 21:20:22,310 INFO c.h.h.t.HelmChartContainer - [hivemq-test-hivemq-platform] [hivemq-platform-operator] [229cbb2e] 	at java.base/java.util.concurrent.CompletableFuture.complete(Unknown Source)
2025-01-28 21:20:22,310 INFO c.h.h.t.HelmChartContainer - [hivemq-test-hivemq-platform] [hivemq-platform-operator] [229cbb2e] 	at io.fabric8.kubernetes.client.http.StandardHttpClient.lambda$completeOrCancel$10(StandardHttpClient.java:141)
2025-01-28 21:20:22,310 INFO c.h.h.t.HelmChartContainer - [hivemq-test-hivemq-platform] [hivemq-platform-operator] [229cbb2e] 	at java.base/java.util.concurrent.CompletableFuture.uniWhenComplete(Unknown Source)
2025-01-28 21:20:22,310 INFO c.h.h.t.HelmChartContainer - [hivemq-test-hivemq-platform] [hivemq-platform-operator] [229cbb2e] 	at java.base/java.util.concurrent.CompletableFuture$UniWhenComplete.tryFire(Unknown Source)
2025-01-28 21:20:22,310 INFO c.h.h.t.HelmChartContainer - [hivemq-test-hivemq-platform] [hivemq-platform-operator] [229cbb2e] 	at java.base/java.util.concurrent.CompletableFuture.postComplete(Unknown Source)
2025-01-28 21:20:22,310 INFO c.h.h.t.HelmChartContainer - [hivemq-test-hivemq-platform] [hivemq-platform-operator] [229cbb2e] 	at java.base/java.util.concurrent.CompletableFuture.complete(Unknown Source)
2025-01-28 21:20:22,310 INFO c.h.h.t.HelmChartContainer - [hivemq-test-hivemq-platform] [hivemq-platform-operator] [229cbb2e] 	at io.fabric8.kubernetes.client.http.ByteArrayBodyHandler.onBodyDone(ByteArrayBodyHandler.java:51)
2025-01-28 21:20:22,310 INFO c.h.h.t.HelmChartContainer - [hivemq-test-hivemq-platform] [hivemq-platform-operator] [229cbb2e] 	at java.base/java.util.concurrent.CompletableFuture.uniWhenComplete(Unknown Source)
2025-01-28 21:20:22,310 INFO c.h.h.t.HelmChartContainer - [hivemq-test-hivemq-platform] [hivemq-platform-operator] [229cbb2e] 	at java.base/java.util.concurrent.CompletableFuture$UniWhenComplete.tryFire(Unknown Source)
2025-01-28 21:20:22,310 INFO c.h.h.t.HelmChartContainer - [hivemq-test-hivemq-platform] [hivemq-platform-operator] [229cbb2e] 	at java.base/java.util.concurrent.CompletableFuture.postComplete(Unknown Source)
2025-01-28 21:20:22,310 INFO c.h.h.t.HelmChartContainer - [hivemq-test-hivemq-platform] [hivemq-platform-operator] [229cbb2e] 	at java.base/java.util.concurrent.CompletableFuture.complete(Unknown Source)
2025-01-28 21:20:22,310 INFO c.h.h.t.HelmChartContainer - [hivemq-test-hivemq-platform] [hivemq-platform-operator] [229cbb2e] 	at io.fabric8.kubernetes.client.vertx.VertxHttpRequest.lambda$null$1(VertxHttpRequest.java:121)
2025-01-28 21:20:22,310 INFO c.h.h.t.HelmChartContainer - [hivemq-test-hivemq-platform] [hivemq-platform-operator] [229cbb2e] 	at io.vertx.core.impl.ContextInternal.dispatch(ContextInternal.java:279)
2025-01-28 21:20:22,310 INFO c.h.h.t.HelmChartContainer - [hivemq-test-hivemq-platform] [hivemq-platform-operator] [229cbb2e] 	at io.vertx.core.impl.ContextInternal.dispatch(ContextInternal.java:261)
2025-01-28 21:20:22,310 INFO c.h.h.t.HelmChartContainer - [hivemq-test-hivemq-platform] [hivemq-platform-operator] [229cbb2e] 	at io.vertx.core.http.impl.HttpEventHandler.handleEnd(HttpEventHandler.java:76)
2025-01-28 21:20:22,311 INFO c.h.h.t.HelmChartContainer - [hivemq-test-hivemq-platform] [hivemq-platform-operator] [229cbb2e] 	at io.vertx.core.http.impl.HttpClientResponseImpl.handleEnd(HttpClientResponseImpl.java:250)
2025-01-28 21:20:22,311 INFO c.h.h.t.HelmChartContainer - [hivemq-test-hivemq-platform] [hivemq-platform-operator] [229cbb2e] 	at io.vertx.core.http.impl.Http1xClientConnection$StreamImpl.lambda$new$0(Http1xClientConnection.java:421)
2025-01-28 21:20:22,311 INFO c.h.h.t.HelmChartContainer - [hivemq-test-hivemq-platform] [hivemq-platform-operator] [229cbb2e] 	at io.vertx.core.streams.impl.InboundBuffer.handleEvent(InboundBuffer.java:279)
2025-01-28 21:20:22,311 INFO c.h.h.t.HelmChartContainer - [hivemq-test-hivemq-platform] [hivemq-platform-operator] [229cbb2e] 	at io.vertx.core.streams.impl.InboundBuffer.write(InboundBuffer.java:157)
2025-01-28 21:20:22,311 INFO c.h.h.t.HelmChartContainer - [hivemq-test-hivemq-platform] [hivemq-platform-operator] [229cbb2e] 	at io.vertx.core.http.impl.Http1xClientConnection$StreamImpl.handleEnd(Http1xClientConnection.java:709)
2025-01-28 21:20:22,311 INFO c.h.h.t.HelmChartContainer - [hivemq-test-hivemq-platform] [hivemq-platform-operator] [229cbb2e] 	at io.vertx.core.impl.ContextImpl.lambda$execute$4(ContextImpl.java:315)
2025-01-28 21:20:22,311 INFO c.h.h.t.HelmChartContainer - [hivemq-test-hivemq-platform] [hivemq-platform-operator] [229cbb2e] 	at io.netty.util.concurrent.AbstractEventExecutor.runTask(AbstractEventExecutor.java:173)
2025-01-28 21:20:22,311 INFO c.h.h.t.HelmChartContainer - [hivemq-test-hivemq-platform] [hivemq-platform-operator] [229cbb2e] 	at io.netty.util.concurrent.AbstractEventExecutor.safeExecute(AbstractEventExecutor.java:166)
2025-01-28 21:20:22,311 INFO c.h.h.t.HelmChartContainer - [hivemq-test-hivemq-platform] [hivemq-platform-operator] [229cbb2e] 	at io.netty.util.concurrent.SingleThreadEventExecutor.runAllTasks(SingleThreadEventExecutor.java:472)
2025-01-28 21:20:22,311 INFO c.h.h.t.HelmChartContainer - [hivemq-test-hivemq-platform] [hivemq-platform-operator] [229cbb2e] 	at io.netty.channel.nio.NioEventLoop.run(NioEventLoop.java:569)
2025-01-28 21:20:22,311 INFO c.h.h.t.HelmChartContainer - [hivemq-test-hivemq-platform] [hivemq-platform-operator] [229cbb2e] 	at io.netty.util.concurrent.SingleThreadEventExecutor$4.run(SingleThreadEventExecutor.java:997)
2025-01-28 21:20:22,311 INFO c.h.h.t.HelmChartContainer - [hivemq-test-hivemq-platform] [hivemq-platform-operator] [229cbb2e] 	at io.netty.util.internal.ThreadExecutorMap$2.run(ThreadExecutorMap.java:74)
2025-01-28 21:20:22,311 INFO c.h.h.t.HelmChartContainer - [hivemq-test-hivemq-platform] [hivemq-platform-operator] [229cbb2e] 	at io.netty.util.concurrent.FastThreadLocalRunnable.run(FastThreadLocalRunnable.java:30)
2025-01-28 21:20:22,311 INFO c.h.h.t.HelmChartContainer - [hivemq-test-hivemq-platform] [hivemq-platform-operator] [229cbb2e] 	... 1 common frames omitted
2025-01-28 21:20:22,380 INFO c.h.h.t.HelmChartContainer - [hivemq-test-hivemq-platform] [hivemq-platform-operator] [229cbb2e] 21:20:22.379 [ReconcilerExecutor-hivemq-controller-146] INFO  c.h.p.o.HiveMQPlatformReconciler - [helmupgr] Cleanup test-hivemq-platform - helmupgradeextensionit HiveMQ Platform is shut down
2025-01-28 21:20:22,787 INFO c.h.h.t.HelmChartContainer - [POD] test-hivemq-platform-0 [3948e493-bae2-48d0-be20-36bc5fa0099c] in helmupgradeextensionit was MODIFIED
2025-01-28 21:20:22,795 INFO c.h.h.t.HelmChartContainer - [test-hivemq-platform] [hivemq] [3948e493] INFO  - [HiveMQ Platform Operator Init App 1.7.0-SNAPSHOT] Shutting down
2025-01-28 21:20:22,797 INFO c.h.h.t.HelmChartContainer - [test-hivemq-platform] [hivemq] [3948e493] INFO  - [HiveMQ Platform Operator Init App 1.7.0-SNAPSHOT] Stopping the HiveMQ Platform
2025-01-28 21:20:22,799 INFO c.h.h.t.HelmChartContainer - [EVENT] Normal [Killing] Stopping container hivemq [helmupgradeextensionit:test-hivemq-platform-0]
2025-01-28 21:20:22,800 INFO c.h.h.t.HelmChartContainer - Received Killing event for container hivemq in pod test-hivemq-platform-0 [3948e493-bae2-48d0-be20-36bc5fa0099c]
2025-01-28 21:20:22,800 INFO c.h.h.t.HelmChartContainer - Container [test-hivemq-platform-0] [hivemq] [3948e493-bae2-48d0-be20-36bc5fa0099c] was terminated
2025-01-28 21:20:22,800 INFO c.h.h.t.HelmChartContainer - Stopped log watcher for hivemq in pod test-hivemq-platform-0 [3948e493-bae2-48d0-be20-36bc5fa0099c]
2025-01-28 21:20:22,970 INFO c.h.h.t.HelmChartContainer - [test-hivemq-platform] [hivemq] [3948e493] INFO  - Shutting down HiveMQ. Please wait, this could take a while...
2025-01-28 21:20:22,974 INFO c.h.h.t.HelmChartContainer - [test-hivemq-platform] [hivemq] [3948e493] INFO  - Shutting down listeners and clients
2025-01-28 21:20:22,975 INFO c.h.h.t.HelmChartContainer - [test-hivemq-platform] [hivemq] [3948e493] INFO  - Shutdown of listeners is done
2025-01-28 21:20:22,976 INFO c.h.h.t.HelmChartContainer - [test-hivemq-platform] [hivemq] [3948e493] INFO  - No clients are connected, proceeding with shutdown
2025-01-28 21:20:23,333 INFO c.h.h.t.HelmChartContainer - [K3S] [authentication.go:74] "Unable to authenticate the request" err="[invalid bearer token, serviceaccounts \"hivemq-platform-pod-test-hivemq-platform\" not found]"
2025-01-28 21:20:23,351 INFO c.h.h.t.HelmChartContainer - [K3S] [authentication.go:74] "Unable to authenticate the request" err="[invalid bearer token, serviceaccounts \"hivemq-platform-pod-test-hivemq-platform\" not found]"
2025-01-28 21:20:23,370 INFO c.h.h.t.HelmChartContainer - [test-hivemq-platform] [hivemq] [3948e493] WARN  - [HiveMQ Platform Operator Init App 1.7.0-SNAPSHOT] Could not update Pod annotations: Failure executing: GET at: https://10.43.0.1:443/api/v1/namespaces/helmupgradeextensionit/pods/test-hivemq-platform-0. Message: Unauthorized. Received status: Status(apiVersion=v1, code=401, details=null, kind=Status, message=Unauthorized, metadata=ListMeta(_continue=null, remainingItemCount=null, resourceVersion=null, selfLink=null, additionalProperties={}), reason=Unauthorized, status=Failure, additionalProperties={}).
2025-01-28 21:20:24,089 INFO c.h.h.t.HelmChartContainer - Deleting namespace 'helmupgradeextensionit'...
2025-01-28 21:20:26,980 INFO c.h.h.t.HelmChartContainer - [test-hivemq-platform] [hivemq] [3948e493] INFO  - Shutting down extension system
2025-01-28 21:20:26,982 INFO c.h.h.t.HelmChartContainer - [test-hivemq-platform] [hivemq] [3948e493] INFO  - Stopping extension with id hivemq-dns-cluster-discovery
2025-01-28 21:20:26,983 INFO c.h.h.t.HelmChartContainer - [test-hivemq-platform] [hivemq] [3948e493] INFO  - Extension "DNS Cluster Discovery Extension" version 4.3.2 stopped successfully.
2025-01-28 21:20:26,983 INFO c.h.h.t.HelmChartContainer - [test-hivemq-platform] [hivemq] [3948e493] INFO  - Stopping extension with id hivemq-prometheus-extension
2025-01-28 21:20:26,986 INFO c.h.h.t.HelmChartContainer - [test-hivemq-platform] [hivemq] [3948e493] INFO  - Extension "Prometheus Monitoring Extension" version 4.0.12 stopped successfully.
2025-01-28 21:20:26,986 INFO c.h.h.t.HelmChartContainer - [test-hivemq-platform] [hivemq] [3948e493] INFO  - Stopping extension with id hivemq-allow-all-extension
2025-01-28 21:20:26,987 INFO c.h.h.t.HelmChartContainer - [test-hivemq-platform] [hivemq] [3948e493] INFO  - Extension "Allow All Extension" version 1.1.1 stopped successfully.
2025-01-28 21:20:27,779 INFO c.h.h.t.HelmChartContainer - [test-hivemq-platform] [hivemq] [3948e493] INFO  - [HiveMQ Platform Operator Init App 1.7.0-SNAPSHOT] Returning shutdown Health API response 503 for readiness
2025-01-28 21:20:27,783 INFO c.h.h.t.HelmChartContainer - [EVENT] Warning [Unhealthy] Readiness probe failed: HTTP probe failed with statuscode: 503 [helmupgradeextensionit:test-hivemq-platform-0]
2025-01-28 21:20:27,783 INFO c.h.h.t.HelmChartContainer - Received Unhealthy event for container hivemq in pod test-hivemq-platform-0 [3948e493-bae2-48d0-be20-36bc5fa0099c]
2025-01-28 21:20:28,373 INFO c.h.h.t.HelmChartContainer - [K3S] [authentication.go:74] "Unable to authenticate the request" err="[invalid bearer token, serviceaccounts \"hivemq-platform-pod-test-hivemq-platform\" not found]"
2025-01-28 21:20:28,383 INFO c.h.h.t.HelmChartContainer - [K3S] [authentication.go:74] "Unable to authenticate the request" err="[invalid bearer token, serviceaccounts \"hivemq-platform-pod-test-hivemq-platform\" not found]"
2025-01-28 21:20:28,385 INFO c.h.h.t.HelmChartContainer - [test-hivemq-platform] [hivemq] [3948e493] WARN  - [HiveMQ Platform Operator Init App 1.7.0-SNAPSHOT] Could not update Pod annotations: Failure executing: GET at: https://10.43.0.1:443/api/v1/namespaces/helmupgradeextensionit/pods/test-hivemq-platform-0. Message: Unauthorized. Received status: Status(apiVersion=v1, code=401, details=null, kind=Status, message=Unauthorized, metadata=ListMeta(_continue=null, remainingItemCount=null, resourceVersion=null, selfLink=null, additionalProperties={}), reason=Unauthorized, status=Failure, additionalProperties={}).
2025-01-28 21:20:29,181 INFO c.h.h.t.HelmChartContainer - [K3S] [stateful_set.go:466] "StatefulSet has been deleted" key="helmupgradeextensionit/test-hivemq-platform"
2025-01-28 21:20:29,277 INFO c.h.h.t.HelmChartContainer - [test-hivemq-platform] [hivemq] [3948e493] INFO  - Shutdown completed.
2025-01-28 21:20:29,709 INFO c.h.h.t.HelmChartContainer - [test-hivemq-platform] [hivemq] [3948e493] INFO  - [HiveMQ Platform Operator Init App 1.7.0-SNAPSHOT] The HiveMQ Platform exited with code 143
2025-01-28 21:20:29,709 INFO c.h.h.t.HelmChartContainer - [test-hivemq-platform] [hivemq] [3948e493] INFO  - [HiveMQ Platform Operator Init App 1.7.0-SNAPSHOT] Stopping the REST API
2025-01-28 21:20:29,750 INFO c.h.h.t.HelmChartContainer - [test-hivemq-platform] [hivemq] [3948e493] INFO  - [HiveMQ Platform Operator Init App 1.7.0-SNAPSHOT] Shutdown complete
2025-01-28 21:20:30,207 INFO c.h.h.t.HelmChartContainer - [POD] test-hivemq-platform-0 [3948e493-bae2-48d0-be20-36bc5fa0099c] in helmupgradeextensionit was MODIFIED
2025-01-28 21:20:30,243 INFO c.h.h.t.HelmChartContainer - [K3S] [reconciler_common.go:162] "operationExecutor.UnmountVolume started for volume \"pod-info\" (UniqueName: \"kubernetes.io/configmap/3948e493-bae2-48d0-be20-36bc5fa0099c-pod-info\") pod \"3948e493-bae2-48d0-be20-36bc5fa0099c\" (UID: \"3948e493-bae2-48d0-be20-36bc5fa0099c\") "
2025-01-28 21:20:30,243 INFO c.h.h.t.HelmChartContainer - [K3S] [reconciler_common.go:162] "operationExecutor.UnmountVolume started for volume \"broker-configuration\" (UniqueName: \"kubernetes.io/configmap/3948e493-bae2-48d0-be20-36bc5fa0099c-broker-configuration\") pod \"3948e493-bae2-48d0-be20-36bc5fa0099c\" (UID: \"3948e493-bae2-48d0-be20-36bc5fa0099c\") "
2025-01-28 21:20:30,243 INFO c.h.h.t.HelmChartContainer - [K3S] [reconciler_common.go:162] "operationExecutor.UnmountVolume started for volume \"extension-configuration-hivemq-bridge-extension\" (UniqueName: \"kubernetes.io/configmap/3948e493-bae2-48d0-be20-36bc5fa0099c-extension-configuration-hivemq-bridge-extension\") pod \"3948e493-bae2-48d0-be20-36bc5fa0099c\" (UID: \"3948e493-bae2-48d0-be20-36bc5fa0099c\") "
2025-01-28 21:20:30,244 INFO c.h.h.t.HelmChartContainer - [K3S] [reconciler_common.go:162] "operationExecutor.UnmountVolume started for volume \"kube-api-access-msfmk\" (UniqueName: \"kubernetes.io/projected/3948e493-bae2-48d0-be20-36bc5fa0099c-kube-api-access-msfmk\") pod \"3948e493-bae2-48d0-be20-36bc5fa0099c\" (UID: \"3948e493-bae2-48d0-be20-36bc5fa0099c\") "
2025-01-28 21:20:30,245 INFO c.h.h.t.HelmChartContainer - [K3S] [reconciler_common.go:162] "operationExecutor.UnmountVolume started for volume \"operator-init\" (UniqueName: \"kubernetes.io/empty-dir/3948e493-bae2-48d0-be20-36bc5fa0099c-operator-init\") pod \"3948e493-bae2-48d0-be20-36bc5fa0099c\" (UID: \"3948e493-bae2-48d0-be20-36bc5fa0099c\") "
2025-01-28 21:20:30,344 INFO c.h.h.t.HelmChartContainer - [K3S] [reconciler_common.go:299] "Volume detached for volume \"operator-init\" (UniqueName: \"kubernetes.io/empty-dir/3948e493-bae2-48d0-be20-36bc5fa0099c-operator-init\") on node \"42ea5d3d1b91\" DevicePath \"\""
2025-01-28 21:20:30,344 INFO c.h.h.t.HelmChartContainer - [K3S] [reconciler_common.go:299] "Volume detached for volume \"extension-configuration-hivemq-bridge-extension\" (UniqueName: \"kubernetes.io/configmap/3948e493-bae2-48d0-be20-36bc5fa0099c-extension-configuration-hivemq-bridge-extension\") on node \"42ea5d3d1b91\" DevicePath \"\""
2025-01-28 21:20:30,344 INFO c.h.h.t.HelmChartContainer - [K3S] [reconciler_common.go:299] "Volume detached for volume \"kube-api-access-msfmk\" (UniqueName: \"kubernetes.io/projected/3948e493-bae2-48d0-be20-36bc5fa0099c-kube-api-access-msfmk\") on node \"42ea5d3d1b91\" DevicePath \"\""
2025-01-28 21:20:30,344 INFO c.h.h.t.HelmChartContainer - [K3S] [reconciler_common.go:299] "Volume detached for volume \"broker-configuration\" (UniqueName: \"kubernetes.io/configmap/3948e493-bae2-48d0-be20-36bc5fa0099c-broker-configuration\") on node \"42ea5d3d1b91\" DevicePath \"\""
2025-01-28 21:20:30,344 INFO c.h.h.t.HelmChartContainer - [K3S] [reconciler_common.go:299] "Volume detached for volume \"pod-info\" (UniqueName: \"kubernetes.io/configmap/3948e493-bae2-48d0-be20-36bc5fa0099c-pod-info\") on node \"42ea5d3d1b91\" DevicePath \"\""
2025-01-28 21:20:30,585 INFO c.h.h.t.HelmChartContainer - [K3S] [scope.go:117] "RemoveContainer" containerID="154918f96f1cc2105b6f9c58ab95c27f381e3f54d928c2d679efa1f972bc4b0b"
2025-01-28 21:20:30,601 INFO c.h.h.t.HelmChartContainer - [POD] test-hivemq-platform-0 [3948e493-bae2-48d0-be20-36bc5fa0099c] in helmupgradeextensionit was MODIFIED
2025-01-28 21:20:30,607 INFO c.h.h.t.HelmChartContainer - [POD] test-hivemq-platform-0 [3948e493-bae2-48d0-be20-36bc5fa0099c] in helmupgradeextensionit was DELETED
2025-01-28 21:20:30,687 INFO c.h.h.t.HelmChartContainer - [K3S] [scope.go:117] "RemoveContainer" containerID="016ed505b0aa281dbaa211fb2899681f924fe299a74a425e552f23045bd58d86"
2025-01-28 21:20:30,690 INFO c.h.h.t.HelmChartContainer - [K3S] [scope.go:117] "RemoveContainer" containerID="154918f96f1cc2105b6f9c58ab95c27f381e3f54d928c2d679efa1f972bc4b0b"
2025-01-28 21:20:30,690 INFO c.h.h.t.HelmChartContainer - [K3S] [scope.go:117] "RemoveContainer" containerID="016ed505b0aa281dbaa211fb2899681f924fe299a74a425e552f23045bd58d86"
2025-01-28 21:20:31,255 INFO c.h.h.t.HelmChartContainer - [K3S] [kubelet_volumes.go:163] "Cleaned up orphaned pod volumes dir" podUID="3948e493-bae2-48d0-be20-36bc5fa0099c" path="/var/lib/kubelet/pods/3948e493-bae2-48d0-be20-36bc5fa0099c/volumes"
2025-01-28 21:20:34,433 INFO c.h.h.t.HelmChartContainer - Namespace 'helmupgradeextensionit' deleted
2025-01-28 21:20:34,433 INFO c.h.h.t.HelmChartContainer - Release 'test-hivemq-platform' in namespace 'helmupgradeextensionit' is uninstalled
2025-01-28 21:20:34,433 INFO c.h.h.t.HelmChartContainer - Uninstalling release 'test-hivemq-platform-operator' in namespace 'helmupgradeextensionit-operator'...
2025-01-28 21:20:34,433 DEBUG c.h.h.t.HelmChartContainer - Executing helm command: /bin/helm --kubeconfig /etc/rancher/k3s/k3s.yaml uninstall test-hivemq-platform-operator  --wait --timeout 5m0s --cascade foreground --namespace helmupgradeextensionit-operator
2025-01-28 21:20:34,595 INFO c.h.h.t.HelmChartContainer - [K3S] [replica_set.go:679] "Finished syncing" kind="ReplicaSet" key="helmupgradeextensionit-operator/hivemq-test-hivemq-platform-operator-6966f96d65" duration="10.588313ms"
2025-01-28 21:20:34,595 INFO c.h.h.t.HelmChartContainer - [K3S] [replica_set.go:679] "Finished syncing" kind="ReplicaSet" key="helmupgradeextensionit-operator/hivemq-test-hivemq-platform-operator-6966f96d65" duration="38.632µs"
2025-01-28 21:20:34,607 INFO c.h.h.t.HelmChartContainer - [POD] hivemq-test-hivemq-platform-operator-6966f96d65-mqcv8 [229cbb2e-d244-45ac-ae80-ab9737fa60c0] in helmupgradeextensionit-operator was MODIFIED
2025-01-28 21:20:34,616 INFO c.h.h.t.HelmChartContainer - [EVENT] Normal [Killing] Stopping container hivemq-platform-operator [helmupgradeextensionit-operator:hivemq-test-hivemq-platform-operator-6966f96d65-mqcv8]
2025-01-28 21:20:34,616 INFO c.h.h.t.HelmChartContainer - Received Killing event for container hivemq-platform-operator in pod hivemq-test-hivemq-platform-operator-6966f96d65-mqcv8 [229cbb2e-d244-45ac-ae80-ab9737fa60c0]
2025-01-28 21:20:34,616 INFO c.h.h.t.HelmChartContainer - Container [hivemq-test-hivemq-platform-operator-6966f96d65-mqcv8] [hivemq-platform-operator] [229cbb2e-d244-45ac-ae80-ab9737fa60c0] was terminated
2025-01-28 21:20:34,616 INFO c.h.h.t.HelmChartContainer - Stopped log watcher for hivemq-platform-operator in pod hivemq-test-hivemq-platform-operator-6966f96d65-mqcv8 [229cbb2e-d244-45ac-ae80-ab9737fa60c0]
2025-01-28 21:20:34,618 INFO c.h.h.t.HelmChartContainer - [hivemq-test-hivemq-platform] [hivemq-platform-operator] [229cbb2e] 21:20:34.614 [application-shutdown-thread] INFO  c.h.p.o.HiveMQPlatformOperatorApplication - HiveMQ Platform Operator is stopping...
2025-01-28 21:20:34,622 INFO c.h.h.t.HelmChartContainer - [hivemq-test-hivemq-platform] [hivemq-platform-operator] [229cbb2e] 21:20:34.614 [application-shutdown-thread] INFO  i.javaoperatorsdk.operator.Operator - Operator SDK 4.9.7 is shutting down...
2025-01-28 21:20:34,634 INFO c.h.h.t.HelmChartContainer - [EVENT] Warning [FailedToUpdateEndpoint] Failed to update endpoint helmupgradeextensionit-operator/hivemq-platform-operator-test-hivemq-platform-operator: Operation cannot be fulfilled on endpoints "hivemq-platform-operator-test-hivemq-platform-operator": StorageError: invalid object, Code: 4, Key: /registry/services/endpoints/helmupgradeextensionit-operator/hivemq-platform-operator-test-hivemq-platform-operator, ResourceVersion: 0, AdditionalErrorMsg: Precondition failed: UID in precondition: 92564f26-37e8-4f51-8c78-3193592c0188, UID in object meta:  [helmupgradeextensionit-operator:hivemq-platform-operator-test-hivemq-platform-operator]
2025-01-28 21:20:34,644 INFO c.h.h.t.HelmChartContainer - [K3S] [replica_set.go:679] "Finished syncing" kind="ReplicaSet" key="helmupgradeextensionit-operator/hivemq-test-hivemq-platform-operator-6966f96d65" duration="40.025127ms"
2025-01-28 21:20:34,644 INFO c.h.h.t.HelmChartContainer - [K3S] [replica_set.go:679] "Finished syncing" kind="ReplicaSet" key="helmupgradeextensionit-operator/hivemq-test-hivemq-platform-operator-6966f96d65" duration="40.686µs"
2025-01-28 21:20:35,128 INFO c.h.h.t.HelmChartContainer - [K3S] [replica_set.go:679] "Finished syncing" kind="ReplicaSet" key="helmupgradeextensionit-operator/hivemq-test-hivemq-platform-operator-6966f96d65" duration="46.277µs"
2025-01-28 21:20:35,129 INFO c.h.h.t.HelmChartContainer - [POD] hivemq-test-hivemq-platform-operator-6966f96d65-mqcv8 [229cbb2e-d244-45ac-ae80-ab9737fa60c0] in helmupgradeextensionit-operator was MODIFIED
2025-01-28 21:20:35,167 INFO c.h.h.t.HelmChartContainer - [K3S] [reconciler_common.go:162] "operationExecutor.UnmountVolume started for volume \"kube-api-access-jfdg2\" (UniqueName: \"kubernetes.io/projected/229cbb2e-d244-45ac-ae80-ab9737fa60c0-kube-api-access-jfdg2\") pod \"229cbb2e-d244-45ac-ae80-ab9737fa60c0\" (UID: \"229cbb2e-d244-45ac-ae80-ab9737fa60c0\") "
2025-01-28 21:20:35,268 INFO c.h.h.t.HelmChartContainer - [K3S] [reconciler_common.go:299] "Volume detached for volume \"kube-api-access-jfdg2\" (UniqueName: \"kubernetes.io/projected/229cbb2e-d244-45ac-ae80-ab9737fa60c0-kube-api-access-jfdg2\") on node \"42ea5d3d1b91\" DevicePath \"\""
2025-01-28 21:20:35,595 INFO c.h.h.t.HelmChartContainer - [K3S] [scope.go:117] "RemoveContainer" containerID="7bd104f57984a0a32d6e52c86fb55820ee60838749f62ad39bd9dd1fc903f34c"
2025-01-28 21:20:35,599 INFO c.h.h.t.HelmChartContainer - [K3S] [scope.go:117] "RemoveContainer" containerID="7bd104f57984a0a32d6e52c86fb55820ee60838749f62ad39bd9dd1fc903f34c"
2025-01-28 21:20:35,605 INFO c.h.h.t.HelmChartContainer - [K3S] [replica_set.go:679] "Finished syncing" kind="ReplicaSet" key="helmupgradeextensionit-operator/hivemq-test-hivemq-platform-operator-6966f96d65" duration="49.101µs"
2025-01-28 21:20:35,606 INFO c.h.h.t.HelmChartContainer - [POD] hivemq-test-hivemq-platform-operator-6966f96d65-mqcv8 [229cbb2e-d244-45ac-ae80-ab9737fa60c0] in helmupgradeextensionit-operator was MODIFIED
2025-01-28 21:20:35,607 INFO c.h.h.t.HelmChartContainer - [K3S] [replica_set.go:679] "Finished syncing" kind="ReplicaSet" key="helmupgradeextensionit-operator/hivemq-test-hivemq-platform-operator-6966f96d65" duration="37.941µs"
2025-01-28 21:20:35,610 INFO c.h.h.t.HelmChartContainer - [POD] hivemq-test-hivemq-platform-operator-6966f96d65-mqcv8 [229cbb2e-d244-45ac-ae80-ab9737fa60c0] in helmupgradeextensionit-operator was DELETED
2025-01-28 21:20:35,619 INFO c.h.h.t.HelmChartContainer - [K3S] [replica_set.go:679] "Finished syncing" kind="ReplicaSet" key="helmupgradeextensionit-operator/hivemq-test-hivemq-platform-operator-6966f96d65" duration="6.102µs"
2025-01-28 21:20:36,637 INFO c.h.h.t.HelmChartContainer - Deleting namespace 'helmupgradeextensionit-operator'...
2025-01-28 21:20:37,255 INFO c.h.h.t.HelmChartContainer - [K3S] [kubelet_volumes.go:163] "Cleaned up orphaned pod volumes dir" podUID="229cbb2e-d244-45ac-ae80-ab9737fa60c0" path="/var/lib/kubelet/pods/229cbb2e-d244-45ac-ae80-ab9737fa60c0/volumes"
2025-01-28 21:20:39,340 INFO c.h.h.t.HelmChartContainer - [K3S] [namespace_controller.go:187] "Namespace has been deleted" namespace="helmupgradeextensionit"
2025-01-28 21:20:41,857 INFO c.h.h.t.HelmChartContainer - Namespace 'helmupgradeextensionit-operator' deleted
2025-01-28 21:20:41,857 INFO c.h.h.t.HelmChartContainer - Release 'test-hivemq-platform-operator' in namespace 'helmupgradeextensionit-operator' is uninstalled
2025-01-28 21:20:42,579 INFO c.h.helmcharts.AbstractHelmChartIT - Removed unused containers:

2025-01-28 21:20:46,758 INFO c.h.h.t.HelmChartContainer - [K3S] [namespace_controller.go:187] "Namespace has been deleted" namespace="helmupgradeextensionit-operator"
2025-01-28 21:20:50,295 INFO c.h.helmcharts.AbstractHelmChartIT - Removed unused snapshots:
Removing snapshot sha256:03af251906410714c5aef9fa705b63f6bbc39c4a5e787de7361eeb18886c2ed2
Removing snapshot sha256:0c46b3b43cce082ce5ec34ffc6c294e0417d17b9d1e6f366d114b6aadc4f96dc
Removing snapshot sha256:0ce761beee59082d6ed5bcebd3a805b8ddd9b3426b617e4809e7fb7c6587ffec
Removing snapshot sha256:0df91287303208332c8ff6ba40ae4710105201739addbfbddfb955f1ad593664
Removing snapshot sha256:1021ef88c7974bfff89c5a0ec4fd3160daac6c48a075f74cff721f85dd104e68
Removing snapshot sha256:10aba4953ddc18145dd38e3704709bc464aa20af60b56fe52caaff4b68411e62
Removing snapshot sha256:2573e0d8158209ed54ab25c87bcdcb00bd3d2539246960a3d592a1c599d70465
Removing snapshot sha256:3041a665ea634c8b4c1d34db8a0c4fc4d52f0a732d126a2fae0688e8bbb3fe5a
Removing snapshot sha256:362a8a37f8bbc31925a8146adcf7cf51f9882f5c1dcbef67c5baa03a297543c0
Removing snapshot sha256:3fa4ad33f0ddc8fd45b39b6b4640f82a3a83619606cd975bfe89d8710ad2d4cd
Removing snapshot sha256:43a7c979bbaba6838bc3102d6b10a1459f3ab050b87ccdfef84ef90cf43d3058
Removing snapshot sha256:4ab04491cdf0d3267f08206fe30bd48f49f94b9cab2f016d6739220f722a64af
Removing snapshot sha256:4b6068250e89c96f263060261819c7d912855bfbd64b3eb4c4a8483299b8c295
Removing snapshot sha256:580e69a0a8034ede1921139bbd2bfb72a69ebf276d008281896c32dd8bf74775
Removing snapshot sha256:5d30ba46b27fe37484567ccc5242cadc78217b8da605f3f195ef25cbf7487904
Removing snapshot sha256:63ca1fbb43ae5034640e5e6cb3e083e05c290072c5366fcaa9d62435a4cced85
Removing snapshot sha256:67f702c6baae873bceb19487c8b1f27bd2b86077e4f2f0e480e6d60ab508b8f5
Removing snapshot sha256:6864348dd42806d552efdec384f1274be15e2d0c10ce44c1f04347af004c10a9
Removing snapshot sha256:6c7dee8f2c39b84b7dc2711c01d33de93514d9055499173e9290176fbe484b6c
Removing snapshot sha256:82753493a6d61ded36556292f02f31841a14c20d2f279f19eaad65afb661d5cd
Removing snapshot sha256:8a10d3db42c505ee0fcfa98417bdd7e39b304f6bcc0a06bb1b220797ff2cc63c
Removing snapshot sha256:a21e5b12dbac529ad45d976eb9ce45c881f3bedcc500fb30aba1e52aa1813418
Removing snapshot sha256:b921e6c28969094157f9b8e7244677780319637afd14450b7cb6b2fdea558a0c
Removing snapshot sha256:bc27ecb5769a00e309cf99ebc763c4a4b958b618d1decc96ffac5bc05f02f5b7
Removing snapshot sha256:be3ccb6627a5332e309d45ef461d09b4879dd870c7394d89323d0ebc6ca6aa8a
Removing snapshot sha256:c261f7cbbc64211ee175ee47273acdb7b1a36a4450b397a064a8f2c026490095
Removing snapshot sha256:c34d9393647eea0c9e3557ab988efaf59f61d10a2a5613b439ef0958cca5ec10
Removing snapshot sha256:ccf3c4a0fa967a41c1c83497a2ce6fa5787965859df0adb32c4ca2cf7490bc2b
Removing snapshot sha256:cf92d33f869417309692088c341cd0f223c178ea78a125f757317b22aa8f90e9
Removing snapshot sha256:d0037344cf2fb078884f1849f6a1f8cf9a33a3b6139b6a85833e5ee528e1f9a8
Removing snapshot sha256:d3b36d5b79273b1e98e7700470eaeff05a882e777124d84cebcc1505b85ecb36
Removing snapshot sha256:d65a44a37914602d12c611e5e22a50f11451d847e63015cc1c2aef92dee777a4
Removing snapshot sha256:d86b40562bb26341afb760e7246fc76289b00b1dacd269ade934a183177fbcd0
Removing snapshot sha256:e2dc0bae2455930f23ae570e019b7f32edc75c0f2d71cab084db837ff9051796
Removing snapshot sha256:eccbd24a99c60cd9e86ee5305dbfc4a4dc89f5ab4fb1f06c8d64797cecedef34
Removing snapshot sha256:f144bb4c7c7f0d2aa7eeffd36d934ec40db1ee167be727e326aad9fdc616f475

]]></system-out>
  </testcase>
  <testcase name="withBridgeConfiguration_updateExtensionWithNewConfig()" classname="com.hivemq.helmcharts.extensions.HelmUpgradeExtensionIT" time="301.23">
    <system-out><![CDATA[2025-01-28 21:20:50,306 INFO c.h.h.t.HelmChartContainer - Creating namespace 'helmupgradeextensionit-operator'...
2025-01-28 21:20:50,311 INFO c.h.h.t.HelmChartContainer - Namespace 'helmupgradeextensionit-operator' created
2025-01-28 21:20:50,311 INFO c.h.h.t.HelmChartContainer - Creating namespace 'helmupgradeextensionit'...
2025-01-28 21:20:50,318 INFO c.h.h.t.HelmChartContainer - Namespace 'helmupgradeextensionit' created
2025-01-28 21:20:50,402 DEBUG c.h.h.t.HelmChartContainer - Executing helm command: /bin/helm --kubeconfig /etc/rancher/k3s/k3s.yaml install test-hivemq-platform-operator /charts/hivemq-platform-operator --wait --timeout 5m0s --set image.repository=docker.io/hivemq --set image.name=hivemq-platform-operator-test --set image.initImageName=hivemq-platform-operator-init-test --set image.tag=snapshot --set image.pullPolicy=Never --set logLevel=DEBUG --set resources.cpu=512m --namespace helmupgradeextensionit-operator
2025-01-28 21:20:50,805 INFO c.h.h.t.HelmChartContainer - [K3S] [alloc.go:330] "allocated clusterIPs" service="helmupgradeextensionit-operator/hivemq-platform-operator-test-hivemq-platform-operator" clusterIPs={"IPv4":"10.43.47.73"}
2025-01-28 21:20:50,834 INFO c.h.h.t.HelmChartContainer - [EVENT] Normal [ScalingReplicaSet] Scaled up replica set hivemq-test-hivemq-platform-operator-6966f96d65 from 0 to 1 [helmupgradeextensionit-operator:hivemq-test-hivemq-platform-operator]
2025-01-28 21:20:50,838 INFO c.h.h.t.HelmChartContainer - [POD] hivemq-test-hivemq-platform-operator-6966f96d65-n4brq [8912da67-6623-47ef-9c33-4a80728d0662] in helmupgradeextensionit-operator was ADDED
2025-01-28 21:20:50,843 INFO c.h.h.t.HelmChartContainer - [EVENT] Normal [SuccessfulCreate] Created pod: hivemq-test-hivemq-platform-operator-6966f96d65-n4brq [helmupgradeextensionit-operator:hivemq-test-hivemq-platform-operator-6966f96d65]
2025-01-28 21:20:50,850 INFO c.h.h.t.HelmChartContainer - [K3S] [memory_manager.go:355] "RemoveStaleState removing state" podUID="229cbb2e-d244-45ac-ae80-ab9737fa60c0" containerName="hivemq-platform-operator"
2025-01-28 21:20:50,850 INFO c.h.h.t.HelmChartContainer - [K3S] [memory_manager.go:355] "RemoveStaleState removing state" podUID="3948e493-bae2-48d0-be20-36bc5fa0099c" containerName="hivemq"
2025-01-28 21:20:50,851 INFO c.h.h.t.HelmChartContainer - [K3S] [replica_set.go:679] "Finished syncing" kind="ReplicaSet" key="helmupgradeextensionit-operator/hivemq-test-hivemq-platform-operator-6966f96d65" duration="29.958262ms"
2025-01-28 21:20:50,853 INFO c.h.h.t.HelmChartContainer - [POD] hivemq-test-hivemq-platform-operator-6966f96d65-n4brq [8912da67-6623-47ef-9c33-4a80728d0662] in helmupgradeextensionit-operator was MODIFIED
2025-01-28 21:20:50,856 INFO c.h.h.t.HelmChartContainer - [EVENT] Normal [Scheduled] Successfully assigned helmupgradeextensionit-operator/hivemq-test-hivemq-platform-operator-6966f96d65-n4brq to 42ea5d3d1b91 [helmupgradeextensionit-operator:hivemq-test-hivemq-platform-operator-6966f96d65-n4brq]
2025-01-28 21:20:50,861 INFO c.h.h.t.HelmChartContainer - [K3S] [replica_set.go:679] "Finished syncing" kind="ReplicaSet" key="helmupgradeextensionit-operator/hivemq-test-hivemq-platform-operator-6966f96d65" duration="10.207207ms"
2025-01-28 21:20:50,861 INFO c.h.h.t.HelmChartContainer - [K3S] [reconciler_common.go:251] "operationExecutor.VerifyControllerAttachedVolume started for volume \"kube-api-access-lg6wv\" (UniqueName: \"kubernetes.io/projected/8912da67-6623-47ef-9c33-4a80728d0662-kube-api-access-lg6wv\") pod \"hivemq-test-hivemq-platform-operator-6966f96d65-n4brq\" (UID: \"8912da67-6623-47ef-9c33-4a80728d0662\") " pod="helmupgradeextensionit-operator/hivemq-test-hivemq-platform-operator-6966f96d65-n4brq"
2025-01-28 21:20:50,863 INFO c.h.h.t.HelmChartContainer - [K3S] [replica_set.go:679] "Finished syncing" kind="ReplicaSet" key="helmupgradeextensionit-operator/hivemq-test-hivemq-platform-operator-6966f96d65" duration="34.224µs"
2025-01-28 21:20:50,870 INFO c.h.h.t.HelmChartContainer - [POD] hivemq-test-hivemq-platform-operator-6966f96d65-n4brq [8912da67-6623-47ef-9c33-4a80728d0662] in helmupgradeextensionit-operator was MODIFIED
2025-01-28 21:20:50,871 INFO c.h.h.t.HelmChartContainer - [K3S] [replica_set.go:679] "Finished syncing" kind="ReplicaSet" key="helmupgradeextensionit-operator/hivemq-test-hivemq-platform-operator-6966f96d65" duration="144.58µs"
2025-01-28 21:20:51,252 INFO c.h.h.t.HelmChartContainer - [EVENT] Normal [Pulled] Container image "docker.io/hivemq/hivemq-platform-operator-test:snapshot" already present on machine [helmupgradeextensionit-operator:hivemq-test-hivemq-platform-operator-6966f96d65-n4brq]
2025-01-28 21:20:51,252 INFO c.h.h.t.HelmChartContainer - Received Pulled event for container hivemq-platform-operator in pod hivemq-test-hivemq-platform-operator-6966f96d65-n4brq [8912da67-6623-47ef-9c33-4a80728d0662]
2025-01-28 21:20:52,661 INFO c.h.h.t.HelmChartContainer - [EVENT] Normal [Created] Created container: hivemq-platform-operator [helmupgradeextensionit-operator:hivemq-test-hivemq-platform-operator-6966f96d65-n4brq]
2025-01-28 21:20:52,661 INFO c.h.h.t.HelmChartContainer - Received Created event for container hivemq-platform-operator in pod hivemq-test-hivemq-platform-operator-6966f96d65-n4brq [8912da67-6623-47ef-9c33-4a80728d0662]
2025-01-28 21:20:53,633 INFO c.h.h.t.HelmChartContainer - [K3S] [replica_set.go:679] "Finished syncing" kind="ReplicaSet" key="helmupgradeextensionit-operator/hivemq-test-hivemq-platform-operator-6966f96d65" duration="40.756µs"
2025-01-28 21:20:53,639 INFO c.h.h.t.HelmChartContainer - [POD] hivemq-test-hivemq-platform-operator-6966f96d65-n4brq [8912da67-6623-47ef-9c33-4a80728d0662] in helmupgradeextensionit-operator was MODIFIED
2025-01-28 21:20:53,649 INFO c.h.h.t.HelmChartContainer - Started log watcher for hivemq-platform-operator in pod hivemq-test-hivemq-platform-operator-6966f96d65-n4brq [8912da67-6623-47ef-9c33-4a80728d0662]
2025-01-28 21:20:53,649 INFO c.h.h.t.HelmChartContainer - [EVENT] Normal [Started] Started container hivemq-platform-operator [helmupgradeextensionit-operator:hivemq-test-hivemq-platform-operator-6966f96d65-n4brq]
2025-01-28 21:20:53,649 INFO c.h.h.t.HelmChartContainer - Received Started event for container hivemq-platform-operator in pod hivemq-test-hivemq-platform-operator-6966f96d65-n4brq [8912da67-6623-47ef-9c33-4a80728d0662]
2025-01-28 21:20:53,649 INFO c.h.h.t.HelmChartContainer - [hivemq-test-hivemq-platform] [hivemq-platform-operator] [8912da67] -------------------------------------------------------------------------
2025-01-28 21:20:53,650 INFO c.h.h.t.HelmChartContainer - [hivemq-test-hivemq-platform] [hivemq-platform-operator] [8912da67] 
2025-01-28 21:20:53,650 INFO c.h.h.t.HelmChartContainer - [hivemq-test-hivemq-platform] [hivemq-platform-operator] [8912da67]                   _    _  _              __  __   ____
2025-01-28 21:20:53,650 INFO c.h.h.t.HelmChartContainer - [hivemq-test-hivemq-platform] [hivemq-platform-operator] [8912da67]                  | |  | |(_)            |  \/  | / __ \
2025-01-28 21:20:53,650 INFO c.h.h.t.HelmChartContainer - [hivemq-test-hivemq-platform] [hivemq-platform-operator] [8912da67]                  | |__| | _ __   __ ___ | \  / || |  | |
2025-01-28 21:20:53,650 INFO c.h.h.t.HelmChartContainer - [hivemq-test-hivemq-platform] [hivemq-platform-operator] [8912da67]                  |  __  || |\ \ / // _ \| |\/| || |  | |
2025-01-28 21:20:53,650 INFO c.h.h.t.HelmChartContainer - [hivemq-test-hivemq-platform] [hivemq-platform-operator] [8912da67]                  | |  | || | \ V /|  __/| |  | || |__| |
2025-01-28 21:20:53,650 INFO c.h.h.t.HelmChartContainer - [hivemq-test-hivemq-platform] [hivemq-platform-operator] [8912da67]                  |_|  |_||_|  \_/  \___||_|  |_| \___\_\
2025-01-28 21:20:53,650 INFO c.h.h.t.HelmChartContainer - [hivemq-test-hivemq-platform] [hivemq-platform-operator] [8912da67] 
2025-01-28 21:20:53,650 INFO c.h.h.t.HelmChartContainer - [hivemq-test-hivemq-platform] [hivemq-platform-operator] [8912da67] -------------------------------------------------------------------------
2025-01-28 21:20:53,650 INFO c.h.h.t.HelmChartContainer - [hivemq-test-hivemq-platform] [hivemq-platform-operator] [8912da67] 
2025-01-28 21:20:53,650 INFO c.h.h.t.HelmChartContainer - [hivemq-test-hivemq-platform] [hivemq-platform-operator] [8912da67]   HiveMQ Platform Operator Start Script v1.0
2025-01-28 21:20:53,650 INFO c.h.h.t.HelmChartContainer - [hivemq-test-hivemq-platform] [hivemq-platform-operator] [8912da67] 
2025-01-28 21:20:53,650 INFO c.h.h.t.HelmChartContainer - [hivemq-test-hivemq-platform] [hivemq-platform-operator] [8912da67] -------------------------------------------------------------------------
2025-01-28 21:20:53,650 INFO c.h.h.t.HelmChartContainer - [hivemq-test-hivemq-platform] [hivemq-platform-operator] [8912da67] 
2025-01-28 21:20:53,651 INFO c.h.h.t.HelmChartContainer - [hivemq-test-hivemq-platform] [hivemq-platform-operator] [8912da67]   JAVA_OPTS: -XX:+UnlockExperimentalVMOptions -XX:InitialRAMPercentage=75 -XX:MaxRAMPercentage=75 -Duser.language=en -Duser.region=US
2025-01-28 21:20:53,651 INFO c.h.h.t.HelmChartContainer - [hivemq-test-hivemq-platform] [hivemq-platform-operator] [8912da67] 
2025-01-28 21:20:53,651 INFO c.h.h.t.HelmChartContainer - [hivemq-test-hivemq-platform] [hivemq-platform-operator] [8912da67]   JAVA_VERSION: 21
2025-01-28 21:20:53,651 INFO c.h.h.t.HelmChartContainer - [hivemq-test-hivemq-platform] [hivemq-platform-operator] [8912da67] 
2025-01-28 21:20:53,651 INFO c.h.h.t.HelmChartContainer - [hivemq-test-hivemq-platform] [hivemq-platform-operator] [8912da67] -------------------------------------------------------------------------
2025-01-28 21:20:53,651 INFO c.h.h.t.HelmChartContainer - [hivemq-test-hivemq-platform] [hivemq-platform-operator] [8912da67] 
2025-01-28 21:20:55,988 INFO c.h.h.t.HelmChartContainer - [hivemq-test-hivemq-platform] [hivemq-platform-operator] [8912da67] 21:20:55.986 [main] DEBUG org.jboss.logging - Logging Provider: org.jboss.logging.Slf4jLoggerProvider
2025-01-28 21:20:56,092 INFO c.h.h.t.HelmChartContainer - [hivemq-test-hivemq-platform] [hivemq-platform-operator] [8912da67] 21:20:56.091 [main] DEBUG io.smallrye.config - SRCFG01006: Loaded ConfigSource SysPropConfigSource with ordinal 400
2025-01-28 21:20:56,093 INFO c.h.h.t.HelmChartContainer - [hivemq-test-hivemq-platform] [hivemq-platform-operator] [8912da67] 21:20:56.092 [main] DEBUG io.smallrye.config - SRCFG01006: Loaded ConfigSource EnvConfigSource with ordinal 300
2025-01-28 21:20:56,093 INFO c.h.h.t.HelmChartContainer - [hivemq-test-hivemq-platform] [hivemq-platform-operator] [8912da67] 21:20:56.092 [main] DEBUG io.smallrye.config - SRCFG01006: Loaded ConfigSource PropertiesConfigSource[source=jar:file:///opt/hivemq-platform-operator/bin/hivemq-platform-operator.jar!/hivemq-platform-operator.properties] with ordinal 100
2025-01-28 21:20:56,093 INFO c.h.h.t.HelmChartContainer - [hivemq-test-hivemq-platform] [hivemq-platform-operator] [8912da67] 21:20:56.092 [main] DEBUG io.smallrye.config - SRCFG01006: Loaded ConfigSource DefaultValuesConfigSource with ordinal -2147483648
2025-01-28 21:20:56,194 INFO c.h.h.t.HelmChartContainer - [hivemq-test-hivemq-platform] [hivemq-platform-operator] [8912da67] 21:20:56.193 [main] DEBUG i.m.c.u.i.l.InternalLoggerFactory - Using SLF4J as the default logging framework
2025-01-28 21:20:56,317 INFO c.h.h.t.HelmChartContainer - [hivemq-test-hivemq-platform] [hivemq-platform-operator] [8912da67] 21:20:56.294 [main] INFO  c.h.p.o.HiveMQPlatformOperatorApplication - HiveMQ Platform Operator 1.7.0-SNAPSHOT (commit: bebf408 on branch: HEAD) built on Sun Jan 26 20:47:47 UTC 2025
2025-01-28 21:20:56,318 INFO c.h.h.t.HelmChartContainer - [hivemq-test-hivemq-platform] [hivemq-platform-operator] [8912da67] 21:20:56.317 [main] INFO  c.h.p.o.HiveMQPlatformOperatorApplication - HiveMQ Platform Operator is running in namespace: helmupgradeextensionit-operator
2025-01-28 21:20:56,319 INFO c.h.h.t.HelmChartContainer - [hivemq-test-hivemq-platform] [hivemq-platform-operator] [8912da67] 21:20:56.317 [main] INFO  c.h.p.o.HiveMQPlatformOperatorApplication - Watching all namespaces
2025-01-28 21:20:56,319 INFO c.h.h.t.HelmChartContainer - [hivemq-test-hivemq-platform] [hivemq-platform-operator] [8912da67] 21:20:56.317 [main] INFO  c.h.p.o.HiveMQPlatformOperatorApplication - Log level: DEBUG
2025-01-28 21:20:56,320 INFO c.h.h.t.HelmChartContainer - [hivemq-test-hivemq-platform] [hivemq-platform-operator] [8912da67] 21:20:56.317 [main] INFO  c.h.p.o.HiveMQPlatformOperatorApplication - Release name: test-hivemq-platform-operator
2025-01-28 21:20:56,320 INFO c.h.h.t.HelmChartContainer - [hivemq-test-hivemq-platform] [hivemq-platform-operator] [8912da67] 21:20:56.317 [main] INFO  c.h.p.o.HiveMQPlatformOperatorApplication - HiveMQ Platform Operator Init image: docker.io/hivemq/hivemq-platform-operator-init-test:snapshot
2025-01-28 21:20:56,320 INFO c.h.h.t.HelmChartContainer - [hivemq-test-hivemq-platform] [hivemq-platform-operator] [8912da67] 21:20:56.317 [main] INFO  c.h.p.o.HiveMQPlatformOperatorApplication - HiveMQ Platform Operator Init App update URL: http://hivemq-platform-operator-test-hivemq-platform-operator.helmupgradeextensionit-operator.svc:8080/initAppUpdate/hivemq-platform-operator-init-app-1.7.0-SNAPSHOT.jar
2025-01-28 21:20:56,320 INFO c.h.h.t.HelmChartContainer - [hivemq-test-hivemq-platform] [hivemq-platform-operator] [8912da67] 21:20:56.317 [main] INFO  c.h.p.o.HiveMQPlatformOperatorApplication - Additional imagePullSecret for all Platform deployments: none
2025-01-28 21:20:56,320 INFO c.h.h.t.HelmChartContainer - [hivemq-test-hivemq-platform] [hivemq-platform-operator] [8912da67] 21:20:56.317 [main] INFO  c.h.p.o.HiveMQPlatformOperatorApplication - Apply HiveMQ Platform CRD: true
2025-01-28 21:20:56,320 INFO c.h.h.t.HelmChartContainer - [hivemq-test-hivemq-platform] [hivemq-platform-operator] [8912da67] 21:20:56.317 [main] INFO  c.h.p.o.HiveMQPlatformOperatorApplication - Create Platform ServiceAccount: true
2025-01-28 21:20:56,320 INFO c.h.h.t.HelmChartContainer - [hivemq-test-hivemq-platform] [hivemq-platform-operator] [8912da67] 21:20:56.317 [main] INFO  c.h.p.o.HiveMQPlatformOperatorApplication - Create Platform ServiceAccount permissions: true
2025-01-28 21:20:56,320 INFO c.h.h.t.HelmChartContainer - [hivemq-test-hivemq-platform] [hivemq-platform-operator] [8912da67] 21:20:56.317 [main] INFO  c.h.p.o.HiveMQPlatformOperatorApplication - Validate Platform ServiceAccount: true
2025-01-28 21:20:56,320 INFO c.h.h.t.HelmChartContainer - [hivemq-test-hivemq-platform] [hivemq-platform-operator] [8912da67] 21:20:56.317 [main] INFO  c.h.p.o.HiveMQPlatformOperatorApplication - Validate Platform ServiceAccount permissions: true
2025-01-28 21:20:56,393 INFO c.h.h.t.HelmChartContainer - [hivemq-test-hivemq-platform] [hivemq-platform-operator] [8912da67] 21:20:56.392 [main] INFO  c.h.platform.operator.util.CRDUtil - Verifying deployed HiveMQ Platform CRD...
2025-01-28 21:20:58,990 INFO c.h.h.t.HelmChartContainer - [hivemq-test-hivemq-platform] [hivemq-platform-operator] [8912da67] 21:20:58.989 [main] DEBUG c.h.platform.operator.util.CRDUtil - HiveMQ Platform CRD version v1 is up to date
2025-01-28 21:20:58,990 INFO c.h.h.t.HelmChartContainer - [hivemq-test-hivemq-platform] [hivemq-platform-operator] [8912da67] 21:20:58.989 [main] INFO  c.h.platform.operator.util.CRDUtil - HiveMQ Platform CRD is up to date (version: V1_6_0)
2025-01-28 21:20:58,990 INFO c.h.h.t.HelmChartContainer - [hivemq-test-hivemq-platform] [hivemq-platform-operator] [8912da67] 21:20:58.989 [main] INFO  c.h.platform.operator.util.CRDUtil - Waiting 10000 ms for HiveMQ Platform CRD 'hivemq-platforms.hivemq.com' to become ready...
2025-01-28 21:20:59,317 INFO c.h.h.t.HelmChartContainer - [hivemq-test-hivemq-platform] [hivemq-platform-operator] [8912da67] 21:20:59.315 [vert.x-eventloop-thread-1] DEBUG c.h.platform.operator.util.CRDUtil - Checking CRD condition 'NamesAccepted' (status: 'True')
2025-01-28 21:20:59,317 INFO c.h.h.t.HelmChartContainer - [hivemq-test-hivemq-platform] [hivemq-platform-operator] [8912da67] 21:20:59.315 [vert.x-eventloop-thread-1] DEBUG c.h.platform.operator.util.CRDUtil - Checking CRD condition 'Established' (status: 'True')
2025-01-28 21:20:59,317 INFO c.h.h.t.HelmChartContainer - [hivemq-test-hivemq-platform] [hivemq-platform-operator] [8912da67] 21:20:59.316 [main] INFO  c.h.platform.operator.util.CRDUtil - HiveMQ Platform CRD 'hivemq-platforms.hivemq.com' is ready
2025-01-28 21:20:59,517 INFO c.h.h.t.HelmChartContainer - [hivemq-test-hivemq-platform] [hivemq-platform-operator] [8912da67] 21:20:59.516 [main] INFO  c.h.p.o.HiveMQPlatformReconciler - HiveMQ Platform Operator is starting...
2025-01-28 21:20:59,596 INFO c.h.h.t.HelmChartContainer - [hivemq-test-hivemq-platform] [hivemq-platform-operator] [8912da67] 21:20:59.595 [main] WARN  Default ConfigurationService implementation - Configuration for reconciler 'hivemq-controller' was not found. Known reconcilers: None.
2025-01-28 21:20:59,616 INFO c.h.h.t.HelmChartContainer - [hivemq-test-hivemq-platform] [hivemq-platform-operator] [8912da67] 21:20:59.615 [main] INFO  Default ConfigurationService implementation - Created configuration for reconciler com.hivemq.platform.operator.HiveMQPlatformReconciler with name hivemq-controller
2025-01-28 21:20:59,788 INFO c.h.h.t.HelmChartContainer - [hivemq-test-hivemq-platform] [hivemq-platform-operator] [8912da67] 21:20:59.787 [main] DEBUG c.h.p.o.HiveMQPlatformReconciler - HiveMQ Platform Operator is preparing EventSources
2025-01-28 21:20:59,819 INFO c.h.h.t.HelmChartContainer - [hivemq-test-hivemq-platform] [hivemq-platform-operator] [8912da67] 21:20:59.818 [main] INFO  i.javaoperatorsdk.operator.Operator - Registered reconciler: 'hivemq-controller' for resource: 'class com.hivemq.platform.operator.v1.HiveMQPlatform' for namespace(s): [all namespaces]
2025-01-28 21:21:00,416 INFO c.h.h.t.HelmChartContainer - [hivemq-test-hivemq-platform] [hivemq-platform-operator] [8912da67] 21:21:00.415 [main] INFO  c.h.p.operator.webserver.JettyServer - Starting Jetty server on port 8080
2025-01-28 21:21:00,496 INFO c.h.h.t.HelmChartContainer - [hivemq-test-hivemq-platform] [hivemq-platform-operator] [8912da67] 21:21:00.495 [main] INFO  i.javaoperatorsdk.operator.Operator - Operator SDK 4.9.7 (commit: 2133d28) built on Wed Nov 20 12:56:20 UTC 2024 starting...
2025-01-28 21:21:00,496 INFO c.h.h.t.HelmChartContainer - [hivemq-test-hivemq-platform] [hivemq-platform-operator] [8912da67] 21:21:00.495 [main] INFO  i.javaoperatorsdk.operator.Operator - Client version: 6.13.4
2025-01-28 21:21:00,497 INFO c.h.h.t.HelmChartContainer - [hivemq-test-hivemq-platform] [hivemq-platform-operator] [8912da67] 21:21:00.497 [Controller Starter for: hivemq-controller] INFO  i.j.operator.processing.Controller - Starting 'hivemq-controller' controller for reconciler: com.hivemq.platform.operator.HiveMQPlatformReconciler, resource: com.hivemq.platform.operator.v1.HiveMQPlatform
2025-01-28 21:21:02,921 INFO c.h.h.t.HelmChartContainer - [hivemq-test-hivemq-platform] [hivemq-platform-operator] [8912da67] 21:21:02.919 [Controller Starter for: hivemq-controller] INFO  i.j.operator.processing.Controller - 'hivemq-controller' controller started
2025-01-28 21:21:02,921 INFO c.h.h.t.HelmChartContainer - [hivemq-test-hivemq-platform] [hivemq-platform-operator] [8912da67] 21:21:02.920 [main] INFO  c.h.p.o.HiveMQPlatformOperatorApplication - HiveMQ Platform Operator 1.7.0-SNAPSHOT started in 6625 ms
2025-01-28 21:21:04,640 INFO c.h.h.t.HelmChartContainer - [POD] hivemq-test-hivemq-platform-operator-6966f96d65-n4brq [8912da67-6623-47ef-9c33-4a80728d0662] in helmupgradeextensionit-operator was MODIFIED
2025-01-28 21:21:04,649 INFO c.h.h.t.HelmChartContainer - [K3S] [replica_set.go:679] "Finished syncing" kind="ReplicaSet" key="helmupgradeextensionit-operator/hivemq-test-hivemq-platform-operator-6966f96d65" duration="7.581362ms"
2025-01-28 21:21:04,649 INFO c.h.h.t.HelmChartContainer - [K3S] [replica_set.go:679] "Finished syncing" kind="ReplicaSet" key="helmupgradeextensionit-operator/hivemq-test-hivemq-platform-operator-6966f96d65" duration="35.717µs"
2025-01-28 21:21:04,894 INFO c.h.h.testcontainer.LogWaiterUtil - TEST Waiting for log pattern on 'test-hivemq-platform-0': .*\[HiveMQ Platform Operator Init App [A-Z0-9.-]+\] Successfully enabled extension hivemq-bridge-extension
2025-01-28 21:21:04,894 INFO c.h.h.testcontainer.LogWaiterUtil - TEST Waiting for log pattern on 'test-hivemq-platform-0': .*Extension "HiveMQ Enterprise Bridge Extension" version .* started successfully.
2025-01-28 21:21:04,980 DEBUG c.h.h.t.HelmChartContainer - Executing helm command: /bin/helm --kubeconfig /etc/rancher/k3s/k3s.yaml install test-hivemq-platform /charts/hivemq-platform --wait --timeout 5m0s --set image.repository=docker.io/hivemq --set image.tag=4.36.0 --set image.pullPolicy=Never --set nodes.resources.cpu=512m -f /files/bridge-values.yaml --namespace helmupgradeextensionit
2025-01-28 21:21:05,421 INFO c.h.h.t.HelmChartContainer - [hivemq-test-hivemq-platform] [hivemq-platform-operator] [8912da67] 21:21:05.420 [-373097727-pool-1-thread-2] WARN  i.m.p.PrometheusMeterRegistry - The meter (MeterId{name='operator.sdk.events.received', tags=[tag(action=ADDED),tag(event=ResourceEvent),tag(group=hivemq.com),tag(kind=HiveMQPlatform),tag(name=test-hivemq-platform),tag(namespace=helmupgradeextensionit),tag(scope=namespace),tag(version=v1)]}) registration has failed: Prometheus requires that all meters with the same name have the same set of tag keys. There is already an existing meter named 'operator.sdk.events.received' containing tag keys [event, group, kind, name, namespace, scope, version]. The meter you are attempting to register has keys [action, event, group, kind, name, namespace, scope, version]. Note that subsequent logs will be logged at debug level.
2025-01-28 21:21:06,025 INFO c.h.h.t.HelmChartContainer - [hivemq-test-hivemq-platform] [hivemq-platform-operator] [8912da67] 21:21:06.023 [pool-6-thread-3] DEBUG c.h.p.o.dependants.PodInfoConfigMap - [helmupgr] Desired PodInfo ConfigMap (1 extensions) (1 enabled)
2025-01-28 21:21:06,026 INFO c.h.h.t.HelmChartContainer - [hivemq-test-hivemq-platform] [hivemq-platform-operator] [8912da67] 21:21:06.023 [pool-6-thread-3] DEBUG c.h.p.o.dependants.PodInfoConfigMap - [helmupgr] Desired PodInfo ConfigMap (metrics port: 9399) (metrics path: /)
2025-01-28 21:21:06,026 INFO c.h.h.t.HelmChartContainer - [hivemq-test-hivemq-platform] [hivemq-platform-operator] [8912da67] 21:21:06.023 [pool-6-thread-3] DEBUG c.h.p.o.dependants.PodInfoConfigMap - [helmupgr] Desired PodInfo ConfigMap (extension state hash: -796743002)
2025-01-28 21:21:06,027 INFO c.h.h.t.HelmChartContainer - [hivemq-test-hivemq-platform] [hivemq-platform-operator] [8912da67] 21:21:06.026 [pool-6-thread-3] DEBUG c.h.p.o.dependants.PodInfoConfigMap - [helmupgr] Create PodInfo ConfigMap
2025-01-28 21:21:06,126 INFO c.h.h.t.HelmChartContainer - [hivemq-test-hivemq-platform] [hivemq-platform-operator] [8912da67] 21:21:06.122 [pool-6-thread-5] DEBUG c.h.p.o.dependants.PodRoleResource - [helmupgr] Create Role: Role(apiVersion=rbac.authorization.k8s.io/v1, kind=Role, metadata=ObjectMeta(annotations={meta.helm.sh/release-name=test-hivemq-platform, meta.helm.sh/release-namespace=helmupgradeextensionit}, creationTimestamp=null, deletionGracePeriodSeconds=null, deletionTimestamp=null, finalizers=[], generateName=null, generation=null, labels={helm.sh/chart=hivemq-platform-0.2.32, app.kubernetes.io/managed-by=Helm, app.kubernetes.io/name=hivemq-platform, hivemq-platform=test-hivemq-platform, app.kubernetes.io/instance=test-hivemq-platform, app.kubernetes.io/version=4.36.0}, managedFields=[], name=hivemq-platform-role-test-hivemq-platform, namespace=helmupgradeextensionit, ownerReferences=[OwnerReference(apiVersion=hivemq.com/v1, blockOwnerDeletion=null, controller=null, kind=HiveMQPlatform, name=test-hivemq-platform, uid=91c19362-76a1-4d0b-a205-6e7508224af6, additionalProperties={})], resourceVersion=null, selfLink=null, uid=null, additionalProperties={}), rules=[PolicyRule(apiGroups=[], nonResourceURLs=[], resourceNames=[], resources=[pods], verbs=[get, patch, update], additionalProperties={})], additionalProperties={})
2025-01-28 21:21:06,233 INFO c.h.h.t.HelmChartContainer - [hivemq-test-hivemq-platform] [hivemq-platform-operator] [8912da67] 21:21:06.231 [pool-6-thread-7] DEBUG c.h.p.o.d.PodServiceAccountResource - [helmupgr] Desired PodServiceAccountResource (serviceAccountName: hivemq-platform-pod-test-hivemq-platform)
2025-01-28 21:21:06,233 INFO c.h.h.t.HelmChartContainer - [hivemq-test-hivemq-platform] [hivemq-platform-operator] [8912da67] 21:21:06.232 [pool-6-thread-7] DEBUG c.h.p.o.d.PodServiceAccountResource - [helmupgr] Create ServiceAccount 'hivemq-platform-pod-test-hivemq-platform'
2025-01-28 21:21:06,424 INFO c.h.h.t.HelmChartContainer - [hivemq-test-hivemq-platform] [hivemq-platform-operator] [8912da67] 21:21:06.423 [pool-6-thread-10] DEBUG c.h.p.o.d.PodRoleBindingResource - [helmupgr] Create RoleBinding: RoleBinding(apiVersion=rbac.authorization.k8s.io/v1, kind=RoleBinding, metadata=ObjectMeta(annotations={meta.helm.sh/release-name=test-hivemq-platform, meta.helm.sh/release-namespace=helmupgradeextensionit}, creationTimestamp=null, deletionGracePeriodSeconds=null, deletionTimestamp=null, finalizers=[], generateName=null, generation=null, labels={helm.sh/chart=hivemq-platform-0.2.32, app.kubernetes.io/managed-by=Helm, app.kubernetes.io/name=hivemq-platform, hivemq-platform=test-hivemq-platform, app.kubernetes.io/instance=test-hivemq-platform, app.kubernetes.io/version=4.36.0}, managedFields=[], name=hivemq-platform-role-binding-test-hivemq-platform, namespace=helmupgradeextensionit, ownerReferences=[OwnerReference(apiVersion=hivemq.com/v1, blockOwnerDeletion=null, controller=null, kind=HiveMQPlatform, name=test-hivemq-platform, uid=91c19362-76a1-4d0b-a205-6e7508224af6, additionalProperties={})], resourceVersion=null, selfLink=null, uid=null, additionalProperties={}), roleRef=RoleRef(apiGroup=rbac.authorization.k8s.io, kind=Role, name=hivemq-platform-role-test-hivemq-platform, additionalProperties={}), subjects=[Subject(apiGroup=null, kind=ServiceAccount, name=hivemq-platform-pod-test-hivemq-platform, namespace=helmupgradeextensionit, additionalProperties={})], additionalProperties={})
2025-01-28 21:21:06,519 INFO c.h.h.t.HelmChartContainer - [hivemq-test-hivemq-platform] [hivemq-platform-operator] [8912da67] 21:21:06.518 [ReconcilerExecutor-hivemq-controller-54] INFO  c.h.p.o.HiveMQPlatformReconciler - [helmupgr] Reconciling HiveMQ Platform 'test-hivemq-platform' in namespace 'helmupgradeextensionit'
2025-01-28 21:21:06,520 INFO c.h.h.t.HelmChartContainer - [hivemq-test-hivemq-platform] [hivemq-platform-operator] [8912da67] 21:21:06.518 [ReconcilerExecutor-hivemq-controller-54] DEBUG c.h.p.o.HiveMQPlatformReconciler - [helmupgr] Custom Resource Status CREATED - HiveMQ Platform was created (READY)
2025-01-28 21:21:06,520 INFO c.h.h.t.HelmChartContainer - [hivemq-test-hivemq-platform] [hivemq-platform-operator] [8912da67] 21:21:06.518 [ReconcilerExecutor-hivemq-controller-54] DEBUG c.h.p.o.HiveMQPlatformReconciler - [helmupgr] Custom Resource Spec (replicas: 1) (extensions: 1)
2025-01-28 21:21:06,523 INFO c.h.h.t.HelmChartContainer - [hivemq-test-hivemq-platform] [hivemq-platform-operator] [8912da67] 21:21:06.522 [ReconcilerExecutor-hivemq-controller-54] INFO  c.h.p.o.h.HiveMQPlatformReconcilerBaseHandler - [helmupgr] HiveMQ Platform is starting
2025-01-28 21:21:06,629 INFO c.h.h.t.HelmChartContainer - [hivemq-test-hivemq-platform] [hivemq-platform-operator] [8912da67] 21:21:06.628 [ReconcilerExecutor-hivemq-controller-54] DEBUG c.h.p.operator.event.EventSender - [helmupgr] Creating K8s event hivemq-platform-starting: [Start] HiveMQ Platform is starting
2025-01-28 21:21:06,637 INFO c.h.h.t.HelmChartContainer - [EVENT] Normal [Start] HiveMQ Platform is starting [helmupgradeextensionit:test-hivemq-platform]
2025-01-28 21:21:06,719 INFO c.h.h.t.HelmChartContainer - [hivemq-test-hivemq-platform] [hivemq-platform-operator] [8912da67] 21:21:06.717 [ReconcilerExecutor-hivemq-controller-54] INFO  c.h.p.o.h.AbstractHiveMQReconcilerStateHandler - [helmupgr] Update HiveMQ Platform Status (CREATED [READY] -> STARTING [READY]): HiveMQ Platform is starting
2025-01-28 21:21:06,733 DEBUG com.hivemq.helmcharts.util.K8sUtil - Comparing actual state 'STARTING' and waiting for 'RUNNING'
2025-01-28 21:21:16,822 INFO c.h.h.t.HelmChartContainer - [hivemq-test-hivemq-platform] [hivemq-platform-operator] [8912da67] 21:21:16.821 [pool-6-thread-12] DEBUG c.h.p.o.d.PlatformServiceResource - [helmupgr] Desired Platform services (3 services)
2025-01-28 21:21:16,827 INFO c.h.h.t.HelmChartContainer - [hivemq-test-hivemq-platform] [hivemq-platform-operator] [8912da67] 21:21:16.826 [pool-6-thread-13] DEBUG c.h.p.o.dependants.PodInfoConfigMap - [helmupgr] Desired PodInfo ConfigMap (1 extensions) (1 enabled)
2025-01-28 21:21:16,830 INFO c.h.h.t.HelmChartContainer - [hivemq-test-hivemq-platform] [hivemq-platform-operator] [8912da67] 21:21:16.826 [pool-6-thread-13] DEBUG c.h.p.o.dependants.PodInfoConfigMap - [helmupgr] Desired PodInfo ConfigMap (metrics port: 9399) (metrics path: /)
2025-01-28 21:21:16,830 INFO c.h.h.t.HelmChartContainer - [hivemq-test-hivemq-platform] [hivemq-platform-operator] [8912da67] 21:21:16.826 [pool-6-thread-13] DEBUG c.h.p.o.dependants.PodInfoConfigMap - [helmupgr] Desired PodInfo ConfigMap (extension state hash: -796743002)
2025-01-28 21:21:16,830 INFO c.h.h.t.HelmChartContainer - [hivemq-test-hivemq-platform] [hivemq-platform-operator] [8912da67] 21:21:16.827 [pool-6-thread-17] DEBUG c.h.p.o.d.PodServiceAccountResource - [helmupgr] Desired PodServiceAccountResource (serviceAccountName: hivemq-platform-pod-test-hivemq-platform)
2025-01-28 21:21:16,917 INFO c.h.h.t.HelmChartContainer - [hivemq-test-hivemq-platform] [hivemq-platform-operator] [8912da67] 21:21:16.916 [pool-6-thread-13] DEBUG c.h.p.o.dependants.PodInfoConfigMap - [helmupgr] Update PodInfo ConfigMap
2025-01-28 21:21:16,926 INFO c.h.h.t.HelmChartContainer - [K3S] [alloc.go:330] "allocated clusterIPs" service="helmupgradeextensionit/hivemq-test-hivemq-platform-cc-8080" clusterIPs={"IPv4":"10.43.143.42"}
2025-01-28 21:21:17,026 INFO c.h.h.t.HelmChartContainer - [K3S] [alloc.go:330] "allocated clusterIPs" service="helmupgradeextensionit/hivemq-test-hivemq-platform-mqtt-1883" clusterIPs={"IPv4":"10.43.91.252"}
2025-01-28 21:21:17,037 INFO c.h.h.t.HelmChartContainer - [K3S] [alloc.go:330] "allocated clusterIPs" service="helmupgradeextensionit/hivemq-test-hivemq-platform-metrics-9399" clusterIPs={"IPv4":"10.43.230.59"}
2025-01-28 21:21:17,118 INFO c.h.h.t.HelmChartContainer - [hivemq-test-hivemq-platform] [hivemq-platform-operator] [8912da67] 21:21:17.116 [pool-6-thread-20] DEBUG c.h.p.o.d.StatefulSetResource - [helmupgr] Desired StatefulSet (1 replicas) for status STARTING (READY)
2025-01-28 21:21:17,134 INFO c.h.h.t.HelmChartContainer - [hivemq-test-hivemq-platform] [hivemq-platform-operator] [8912da67] 21:21:17.133 [pool-6-thread-20] DEBUG c.h.p.o.d.StatefulSetResource - [helmupgr] Create StatefulSet
2025-01-28 21:21:17,238 INFO c.h.h.t.HelmChartContainer - [hivemq-test-hivemq-platform] [hivemq-platform-operator] [8912da67] 21:21:17.235 [ReconcilerExecutor-hivemq-controller-65] INFO  c.h.p.o.HiveMQPlatformReconciler - [helmupgr] Reconciling HiveMQ Platform 'test-hivemq-platform' in namespace 'helmupgradeextensionit'
2025-01-28 21:21:17,238 INFO c.h.h.t.HelmChartContainer - [hivemq-test-hivemq-platform] [hivemq-platform-operator] [8912da67] 21:21:17.236 [ReconcilerExecutor-hivemq-controller-65] DEBUG c.h.p.o.HiveMQPlatformReconciler - [helmupgr] Custom Resource Status STARTING - HiveMQ Platform is starting (READY)
2025-01-28 21:21:17,238 INFO c.h.h.t.HelmChartContainer - [hivemq-test-hivemq-platform] [hivemq-platform-operator] [8912da67] 21:21:17.236 [ReconcilerExecutor-hivemq-controller-65] DEBUG c.h.p.o.HiveMQPlatformReconciler - [helmupgr] Custom Resource Spec (replicas: 1) (extensions: 1)
2025-01-28 21:21:17,247 INFO c.h.h.t.HelmChartContainer - [POD] test-hivemq-platform-0 [e344728f-43a0-4813-bd47-171934cbb33f] in helmupgradeextensionit was ADDED
2025-01-28 21:21:17,248 INFO c.h.h.t.HelmChartContainer - [EVENT] Normal [SuccessfulCreate] create Pod test-hivemq-platform-0 in StatefulSet test-hivemq-platform successful [helmupgradeextensionit:test-hivemq-platform]
2025-01-28 21:21:17,255 INFO c.h.h.t.HelmChartContainer - [POD] test-hivemq-platform-0 [e344728f-43a0-4813-bd47-171934cbb33f] in helmupgradeextensionit was MODIFIED
2025-01-28 21:21:17,258 INFO c.h.h.t.HelmChartContainer - [EVENT] Normal [Scheduled] Successfully assigned helmupgradeextensionit/test-hivemq-platform-0 to 42ea5d3d1b91 [helmupgradeextensionit:test-hivemq-platform-0]
2025-01-28 21:21:17,265 INFO c.h.h.t.HelmChartContainer - [POD] test-hivemq-platform-0 [e344728f-43a0-4813-bd47-171934cbb33f] in helmupgradeextensionit was MODIFIED
2025-01-28 21:21:17,320 INFO c.h.h.t.HelmChartContainer - [K3S] [reconciler_common.go:251] "operationExecutor.VerifyControllerAttachedVolume started for volume \"broker-configuration\" (UniqueName: \"kubernetes.io/configmap/e344728f-43a0-4813-bd47-171934cbb33f-broker-configuration\") pod \"test-hivemq-platform-0\" (UID: \"e344728f-43a0-4813-bd47-171934cbb33f\") " pod="helmupgradeextensionit/test-hivemq-platform-0"
2025-01-28 21:21:17,320 INFO c.h.h.t.HelmChartContainer - [K3S] [reconciler_common.go:251] "operationExecutor.VerifyControllerAttachedVolume started for volume \"extension-configuration-hivemq-bridge-extension\" (UniqueName: \"kubernetes.io/configmap/e344728f-43a0-4813-bd47-171934cbb33f-extension-configuration-hivemq-bridge-extension\") pod \"test-hivemq-platform-0\" (UID: \"e344728f-43a0-4813-bd47-171934cbb33f\") " pod="helmupgradeextensionit/test-hivemq-platform-0"
2025-01-28 21:21:17,320 INFO c.h.h.t.HelmChartContainer - [K3S] [reconciler_common.go:251] "operationExecutor.VerifyControllerAttachedVolume started for volume \"operator-init\" (UniqueName: \"kubernetes.io/empty-dir/e344728f-43a0-4813-bd47-171934cbb33f-operator-init\") pod \"test-hivemq-platform-0\" (UID: \"e344728f-43a0-4813-bd47-171934cbb33f\") " pod="helmupgradeextensionit/test-hivemq-platform-0"
2025-01-28 21:21:17,323 INFO c.h.h.t.HelmChartContainer - [K3S] [reconciler_common.go:251] "operationExecutor.VerifyControllerAttachedVolume started for volume \"kube-api-access-kxffn\" (UniqueName: \"kubernetes.io/projected/e344728f-43a0-4813-bd47-171934cbb33f-kube-api-access-kxffn\") pod \"test-hivemq-platform-0\" (UID: \"e344728f-43a0-4813-bd47-171934cbb33f\") " pod="helmupgradeextensionit/test-hivemq-platform-0"
2025-01-28 21:21:17,323 INFO c.h.h.t.HelmChartContainer - [K3S] [reconciler_common.go:251] "operationExecutor.VerifyControllerAttachedVolume started for volume \"pod-info\" (UniqueName: \"kubernetes.io/configmap/e344728f-43a0-4813-bd47-171934cbb33f-pod-info\") pod \"test-hivemq-platform-0\" (UID: \"e344728f-43a0-4813-bd47-171934cbb33f\") " pod="helmupgradeextensionit/test-hivemq-platform-0"
2025-01-28 21:21:17,326 INFO c.h.h.t.HelmChartContainer - [hivemq-test-hivemq-platform] [hivemq-platform-operator] [8912da67] 21:21:17.323 [ReconcilerExecutor-hivemq-controller-65] DEBUG c.h.p.o.HiveMQPlatformReconciler - [helmupgr] StatefulSet Status (revision: null, replicas: 0, available: 0, ready: 0, current: 0, updated: 0)
2025-01-28 21:21:17,326 INFO c.h.h.t.HelmChartContainer - [hivemq-test-hivemq-platform] [hivemq-platform-operator] [8912da67] 21:21:17.324 [ReconcilerExecutor-hivemq-controller-65] DEBUG c.h.p.o.HiveMQPlatformReconciler - [helmupgr] StatefulSet Spec (replicas: 1, init containers: 1, containers: 1, volumes: 4)
2025-01-28 21:21:17,430 INFO c.h.h.t.HelmChartContainer - [hivemq-test-hivemq-platform] [hivemq-platform-operator] [8912da67] 21:21:17.425 [ReconcilerExecutor-hivemq-controller-65] DEBUG c.h.p.o.h.HiveMQPlatformReconcilerErrorHandler - [helmupgr] Pod 'test-hivemq-platform-0' phase Pending
2025-01-28 21:21:17,430 INFO c.h.h.t.HelmChartContainer - [hivemq-test-hivemq-platform] [hivemq-platform-operator] [8912da67] 21:21:17.425 [ReconcilerExecutor-hivemq-controller-65] DEBUG c.h.p.o.h.HiveMQPlatformReconcilerErrorHandler - [helmupgr] Pod 'test-hivemq-platform-0' condition 'PodReadyToStartContainers': False
2025-01-28 21:21:17,430 INFO c.h.h.t.HelmChartContainer - [hivemq-test-hivemq-platform] [hivemq-platform-operator] [8912da67] 21:21:17.426 [ReconcilerExecutor-hivemq-controller-65] DEBUG c.h.p.o.h.HiveMQPlatformReconcilerErrorHandler - [helmupgr] Pod 'test-hivemq-platform-0' condition 'Initialized': False
2025-01-28 21:21:17,430 INFO c.h.h.t.HelmChartContainer - [hivemq-test-hivemq-platform] [hivemq-platform-operator] [8912da67] 21:21:17.426 [ReconcilerExecutor-hivemq-controller-65] DEBUG c.h.p.o.h.HiveMQPlatformReconcilerErrorHandler - [helmupgr] Pod 'test-hivemq-platform-0' condition 'Ready': False
2025-01-28 21:21:17,430 INFO c.h.h.t.HelmChartContainer - [hivemq-test-hivemq-platform] [hivemq-platform-operator] [8912da67] 21:21:17.426 [ReconcilerExecutor-hivemq-controller-65] DEBUG c.h.p.o.h.HiveMQPlatformReconcilerErrorHandler - [helmupgr] Pod 'test-hivemq-platform-0' condition 'ContainersReady': False
2025-01-28 21:21:17,430 INFO c.h.h.t.HelmChartContainer - [hivemq-test-hivemq-platform] [hivemq-platform-operator] [8912da67] 21:21:17.426 [ReconcilerExecutor-hivemq-controller-65] DEBUG c.h.p.o.h.HiveMQPlatformReconcilerErrorHandler - [helmupgr] Pod 'test-hivemq-platform-0' condition 'PodScheduled': True
2025-01-28 21:21:17,430 INFO c.h.h.t.HelmChartContainer - [hivemq-test-hivemq-platform] [hivemq-platform-operator] [8912da67] 21:21:17.426 [ReconcilerExecutor-hivemq-controller-65] DEBUG c.h.p.o.h.HiveMQPlatformReconcilerErrorHandler - [helmupgr] Pod 'test-hivemq-platform-0' containerStatus 'hivemq' (started: false) (ready: false) (waiting: [PodInitializing] null)
2025-01-28 21:21:17,433 INFO c.h.h.t.HelmChartContainer - [hivemq-test-hivemq-platform] [hivemq-platform-operator] [8912da67] 21:21:17.429 [ReconcilerExecutor-hivemq-controller-65] INFO  c.h.p.o.h.HiveMQPlatformReconcilerBaseHandler - [helmupgr] HiveMQ Platform is starting, 0 of 1 replicas are ready
2025-01-28 21:21:17,520 INFO c.h.h.t.HelmChartContainer - [hivemq-test-hivemq-platform] [hivemq-platform-operator] [8912da67] 21:21:17.514 [pool-6-thread-22] DEBUG c.h.p.o.d.PlatformServiceResource - [helmupgr] Desired Platform services (3 services)
2025-01-28 21:21:17,523 INFO c.h.h.t.HelmChartContainer - [hivemq-test-hivemq-platform] [hivemq-platform-operator] [8912da67] 21:21:17.520 [pool-6-thread-23] DEBUG c.h.p.o.dependants.PodInfoConfigMap - [helmupgr] Desired PodInfo ConfigMap (1 extensions) (1 enabled)
2025-01-28 21:21:17,523 INFO c.h.h.t.HelmChartContainer - [hivemq-test-hivemq-platform] [hivemq-platform-operator] [8912da67] 21:21:17.521 [pool-6-thread-23] DEBUG c.h.p.o.dependants.PodInfoConfigMap - [helmupgr] Desired PodInfo ConfigMap (metrics port: 9399) (metrics path: /)
2025-01-28 21:21:17,523 INFO c.h.h.t.HelmChartContainer - [hivemq-test-hivemq-platform] [hivemq-platform-operator] [8912da67] 21:21:17.521 [pool-6-thread-23] DEBUG c.h.p.o.dependants.PodInfoConfigMap - [helmupgr] Desired PodInfo ConfigMap (extension state hash: -796743002)
2025-01-28 21:21:17,523 INFO c.h.h.t.HelmChartContainer - [hivemq-test-hivemq-platform] [hivemq-platform-operator] [8912da67] 21:21:17.522 [pool-6-thread-27] DEBUG c.h.p.o.d.PodServiceAccountResource - [helmupgr] Desired PodServiceAccountResource (serviceAccountName: hivemq-platform-pod-test-hivemq-platform)
2025-01-28 21:21:17,530 INFO c.h.h.t.HelmChartContainer - [hivemq-test-hivemq-platform] [hivemq-platform-operator] [8912da67] 21:21:17.530 [pool-6-thread-30] DEBUG c.h.p.o.d.StatefulSetResource - [helmupgr] Desired StatefulSet (1 replicas) for status STARTING (READY)
2025-01-28 21:21:17,627 INFO c.h.h.t.HelmChartContainer - [hivemq-test-hivemq-platform] [hivemq-platform-operator] [8912da67] 21:21:17.617 [ReconcilerExecutor-hivemq-controller-76] INFO  c.h.p.o.HiveMQPlatformReconciler - [helmupgr] Reconciling HiveMQ Platform 'test-hivemq-platform' in namespace 'helmupgradeextensionit'
2025-01-28 21:21:17,627 INFO c.h.h.t.HelmChartContainer - [hivemq-test-hivemq-platform] [hivemq-platform-operator] [8912da67] 21:21:17.617 [ReconcilerExecutor-hivemq-controller-76] DEBUG c.h.p.o.HiveMQPlatformReconciler - [helmupgr] Custom Resource Status STARTING - HiveMQ Platform is starting (READY)
2025-01-28 21:21:17,627 INFO c.h.h.t.HelmChartContainer - [hivemq-test-hivemq-platform] [hivemq-platform-operator] [8912da67] 21:21:17.617 [ReconcilerExecutor-hivemq-controller-76] DEBUG c.h.p.o.HiveMQPlatformReconciler - [helmupgr] Custom Resource Spec (replicas: 1) (extensions: 1)
2025-01-28 21:21:17,627 INFO c.h.h.t.HelmChartContainer - [hivemq-test-hivemq-platform] [hivemq-platform-operator] [8912da67] 21:21:17.623 [ReconcilerExecutor-hivemq-controller-76] DEBUG c.h.p.o.HiveMQPlatformReconciler - [helmupgr] StatefulSet Status (revision: test-hivemq-platform-5b6c7575b6, replicas: 1, available: 0, ready: 0, current: 1, updated: 1)
2025-01-28 21:21:17,627 INFO c.h.h.t.HelmChartContainer - [hivemq-test-hivemq-platform] [hivemq-platform-operator] [8912da67] 21:21:17.623 [ReconcilerExecutor-hivemq-controller-76] DEBUG c.h.p.o.HiveMQPlatformReconciler - [helmupgr] StatefulSet Spec (replicas: 1, init containers: 1, containers: 1, volumes: 4)
2025-01-28 21:21:17,627 INFO c.h.h.t.HelmChartContainer - [hivemq-test-hivemq-platform] [hivemq-platform-operator] [8912da67] 21:21:17.625 [ReconcilerExecutor-hivemq-controller-76] DEBUG c.h.p.o.h.HiveMQPlatformReconcilerErrorHandler - [helmupgr] Pod 'test-hivemq-platform-0' phase Pending
2025-01-28 21:21:17,627 INFO c.h.h.t.HelmChartContainer - [hivemq-test-hivemq-platform] [hivemq-platform-operator] [8912da67] 21:21:17.625 [ReconcilerExecutor-hivemq-controller-76] DEBUG c.h.p.o.h.HiveMQPlatformReconcilerErrorHandler - [helmupgr] Pod 'test-hivemq-platform-0' condition 'PodReadyToStartContainers': False
2025-01-28 21:21:17,627 INFO c.h.h.t.HelmChartContainer - [hivemq-test-hivemq-platform] [hivemq-platform-operator] [8912da67] 21:21:17.625 [ReconcilerExecutor-hivemq-controller-76] DEBUG c.h.p.o.h.HiveMQPlatformReconcilerErrorHandler - [helmupgr] Pod 'test-hivemq-platform-0' condition 'Initialized': False
2025-01-28 21:21:17,628 INFO c.h.h.t.HelmChartContainer - [hivemq-test-hivemq-platform] [hivemq-platform-operator] [8912da67] 21:21:17.625 [ReconcilerExecutor-hivemq-controller-76] DEBUG c.h.p.o.h.HiveMQPlatformReconcilerErrorHandler - [helmupgr] Pod 'test-hivemq-platform-0' condition 'Ready': False
2025-01-28 21:21:17,628 INFO c.h.h.t.HelmChartContainer - [hivemq-test-hivemq-platform] [hivemq-platform-operator] [8912da67] 21:21:17.625 [ReconcilerExecutor-hivemq-controller-76] DEBUG c.h.p.o.h.HiveMQPlatformReconcilerErrorHandler - [helmupgr] Pod 'test-hivemq-platform-0' condition 'ContainersReady': False
2025-01-28 21:21:17,628 INFO c.h.h.t.HelmChartContainer - [hivemq-test-hivemq-platform] [hivemq-platform-operator] [8912da67] 21:21:17.625 [ReconcilerExecutor-hivemq-controller-76] DEBUG c.h.p.o.h.HiveMQPlatformReconcilerErrorHandler - [helmupgr] Pod 'test-hivemq-platform-0' condition 'PodScheduled': True
2025-01-28 21:21:17,628 INFO c.h.h.t.HelmChartContainer - [hivemq-test-hivemq-platform] [hivemq-platform-operator] [8912da67] 21:21:17.625 [ReconcilerExecutor-hivemq-controller-76] DEBUG c.h.p.o.h.HiveMQPlatformReconcilerErrorHandler - [helmupgr] Pod 'test-hivemq-platform-0' containerStatus 'hivemq' (started: false) (ready: false) (waiting: [PodInitializing] null)
2025-01-28 21:21:17,629 INFO c.h.h.t.HelmChartContainer - [hivemq-test-hivemq-platform] [hivemq-platform-operator] [8912da67] 21:21:17.626 [ReconcilerExecutor-hivemq-controller-76] INFO  c.h.p.o.h.HiveMQPlatformReconcilerBaseHandler - [helmupgr] HiveMQ Platform is starting, 0 of 1 replicas are ready
2025-01-28 21:21:17,653 INFO c.h.h.t.HelmChartContainer - [EVENT] Normal [Pulled] Container image "docker.io/hivemq/hivemq-platform-operator-init-test:snapshot" already present on machine [helmupgradeextensionit:test-hivemq-platform-0]
2025-01-28 21:21:17,796 INFO c.h.h.t.HelmChartContainer - [EVENT] Normal [Created] Created container: hivemq-platform-operator-init [helmupgradeextensionit:test-hivemq-platform-0]
2025-01-28 21:21:17,841 INFO c.h.h.t.HelmChartContainer - [EVENT] Normal [Started] Started container hivemq-platform-operator-init [helmupgradeextensionit:test-hivemq-platform-0]
2025-01-28 21:21:18,659 INFO c.h.h.t.HelmChartContainer - [EVENT] Normal [Pulled] Container image "docker.io/hivemq/hivemq4:4.36.0" already present on machine [helmupgradeextensionit:test-hivemq-platform-0]
2025-01-28 21:21:18,659 INFO c.h.h.t.HelmChartContainer - Received Pulled event for container hivemq in pod test-hivemq-platform-0 [e344728f-43a0-4813-bd47-171934cbb33f]
2025-01-28 21:21:18,673 INFO c.h.h.t.HelmChartContainer - [POD] test-hivemq-platform-0 [e344728f-43a0-4813-bd47-171934cbb33f] in helmupgradeextensionit was MODIFIED
2025-01-28 21:21:18,697 INFO c.h.h.t.HelmChartContainer - [hivemq-test-hivemq-platform] [hivemq-platform-operator] [8912da67] 21:21:18.687 [pool-6-thread-32] DEBUG c.h.p.o.d.PlatformServiceResource - [helmupgr] Desired Platform services (3 services)
2025-01-28 21:21:18,699 INFO c.h.h.t.HelmChartContainer - [hivemq-test-hivemq-platform] [hivemq-platform-operator] [8912da67] 21:21:18.689 [pool-6-thread-33] DEBUG c.h.p.o.dependants.PodInfoConfigMap - [helmupgr] Desired PodInfo ConfigMap (1 extensions) (1 enabled)
2025-01-28 21:21:18,699 INFO c.h.h.t.HelmChartContainer - [hivemq-test-hivemq-platform] [hivemq-platform-operator] [8912da67] 21:21:18.695 [pool-6-thread-33] DEBUG c.h.p.o.dependants.PodInfoConfigMap - [helmupgr] Desired PodInfo ConfigMap (metrics port: 9399) (metrics path: /)
2025-01-28 21:21:18,700 INFO c.h.h.t.HelmChartContainer - [hivemq-test-hivemq-platform] [hivemq-platform-operator] [8912da67] 21:21:18.695 [pool-6-thread-33] DEBUG c.h.p.o.dependants.PodInfoConfigMap - [helmupgr] Desired PodInfo ConfigMap (extension state hash: -796743002)
2025-01-28 21:21:18,720 INFO c.h.h.t.HelmChartContainer - [hivemq-test-hivemq-platform] [hivemq-platform-operator] [8912da67] 21:21:18.718 [pool-6-thread-37] DEBUG c.h.p.o.d.PodServiceAccountResource - [helmupgr] Desired PodServiceAccountResource (serviceAccountName: hivemq-platform-pod-test-hivemq-platform)
2025-01-28 21:21:18,792 INFO c.h.h.t.HelmChartContainer - [hivemq-test-hivemq-platform] [hivemq-platform-operator] [8912da67] 21:21:18.791 [pool-6-thread-40] DEBUG c.h.p.o.d.StatefulSetResource - [helmupgr] Desired StatefulSet (1 replicas) for status STARTING (READY)
2025-01-28 21:21:18,821 INFO c.h.h.t.HelmChartContainer - [hivemq-test-hivemq-platform] [hivemq-platform-operator] [8912da67] 21:21:18.815 [ReconcilerExecutor-hivemq-controller-87] INFO  c.h.p.o.HiveMQPlatformReconciler - [helmupgr] Reconciling HiveMQ Platform 'test-hivemq-platform' in namespace 'helmupgradeextensionit'
2025-01-28 21:21:18,821 INFO c.h.h.t.HelmChartContainer - [hivemq-test-hivemq-platform] [hivemq-platform-operator] [8912da67] 21:21:18.815 [ReconcilerExecutor-hivemq-controller-87] DEBUG c.h.p.o.HiveMQPlatformReconciler - [helmupgr] Custom Resource Status STARTING - HiveMQ Platform is starting (READY)
2025-01-28 21:21:18,821 INFO c.h.h.t.HelmChartContainer - [hivemq-test-hivemq-platform] [hivemq-platform-operator] [8912da67] 21:21:18.815 [ReconcilerExecutor-hivemq-controller-87] DEBUG c.h.p.o.HiveMQPlatformReconciler - [helmupgr] Custom Resource Spec (replicas: 1) (extensions: 1)
2025-01-28 21:21:18,822 INFO c.h.h.t.HelmChartContainer - [hivemq-test-hivemq-platform] [hivemq-platform-operator] [8912da67] 21:21:18.820 [ReconcilerExecutor-hivemq-controller-87] DEBUG c.h.p.o.HiveMQPlatformReconciler - [helmupgr] StatefulSet Status (revision: test-hivemq-platform-5b6c7575b6, replicas: 1, available: 0, ready: 0, current: 1, updated: 1)
2025-01-28 21:21:18,823 INFO c.h.h.t.HelmChartContainer - [hivemq-test-hivemq-platform] [hivemq-platform-operator] [8912da67] 21:21:18.821 [ReconcilerExecutor-hivemq-controller-87] DEBUG c.h.p.o.HiveMQPlatformReconciler - [helmupgr] StatefulSet Spec (replicas: 1, init containers: 1, containers: 1, volumes: 4)
2025-01-28 21:21:18,892 INFO c.h.h.t.HelmChartContainer - [hivemq-test-hivemq-platform] [hivemq-platform-operator] [8912da67] 21:21:18.889 [ReconcilerExecutor-hivemq-controller-87] DEBUG c.h.p.o.h.HiveMQPlatformReconcilerErrorHandler - [helmupgr] Pod 'test-hivemq-platform-0' phase Pending
2025-01-28 21:21:18,892 INFO c.h.h.t.HelmChartContainer - [hivemq-test-hivemq-platform] [hivemq-platform-operator] [8912da67] 21:21:18.889 [ReconcilerExecutor-hivemq-controller-87] DEBUG c.h.p.o.h.HiveMQPlatformReconcilerErrorHandler - [helmupgr] Pod 'test-hivemq-platform-0' condition 'PodReadyToStartContainers': True
2025-01-28 21:21:18,892 INFO c.h.h.t.HelmChartContainer - [hivemq-test-hivemq-platform] [hivemq-platform-operator] [8912da67] 21:21:18.889 [ReconcilerExecutor-hivemq-controller-87] DEBUG c.h.p.o.h.HiveMQPlatformReconcilerErrorHandler - [helmupgr] Pod 'test-hivemq-platform-0' condition 'Initialized': True
2025-01-28 21:21:18,892 INFO c.h.h.t.HelmChartContainer - [hivemq-test-hivemq-platform] [hivemq-platform-operator] [8912da67] 21:21:18.889 [ReconcilerExecutor-hivemq-controller-87] DEBUG c.h.p.o.h.HiveMQPlatformReconcilerErrorHandler - [helmupgr] Pod 'test-hivemq-platform-0' condition 'Ready': False
2025-01-28 21:21:18,892 INFO c.h.h.t.HelmChartContainer - [hivemq-test-hivemq-platform] [hivemq-platform-operator] [8912da67] 21:21:18.889 [ReconcilerExecutor-hivemq-controller-87] DEBUG c.h.p.o.h.HiveMQPlatformReconcilerErrorHandler - [helmupgr] Pod 'test-hivemq-platform-0' condition 'ContainersReady': False
2025-01-28 21:21:18,892 INFO c.h.h.t.HelmChartContainer - [hivemq-test-hivemq-platform] [hivemq-platform-operator] [8912da67] 21:21:18.889 [ReconcilerExecutor-hivemq-controller-87] DEBUG c.h.p.o.h.HiveMQPlatformReconcilerErrorHandler - [helmupgr] Pod 'test-hivemq-platform-0' condition 'PodScheduled': True
2025-01-28 21:21:18,892 INFO c.h.h.t.HelmChartContainer - [hivemq-test-hivemq-platform] [hivemq-platform-operator] [8912da67] 21:21:18.889 [ReconcilerExecutor-hivemq-controller-87] DEBUG c.h.p.o.h.HiveMQPlatformReconcilerErrorHandler - [helmupgr] Pod 'test-hivemq-platform-0' containerStatus 'hivemq' (started: false) (ready: false) (waiting: [PodInitializing] null)
2025-01-28 21:21:18,892 INFO c.h.h.t.HelmChartContainer - [hivemq-test-hivemq-platform] [hivemq-platform-operator] [8912da67] 21:21:18.890 [ReconcilerExecutor-hivemq-controller-87] INFO  c.h.p.o.h.HiveMQPlatformReconcilerBaseHandler - [helmupgr] HiveMQ Platform is starting, 0 of 1 replicas are ready
2025-01-28 21:21:19,788 INFO c.h.h.t.HelmChartContainer - [EVENT] Normal [Created] Created container: hivemq [helmupgradeextensionit:test-hivemq-platform-0]
2025-01-28 21:21:19,788 INFO c.h.h.t.HelmChartContainer - Received Created event for container hivemq in pod test-hivemq-platform-0 [e344728f-43a0-4813-bd47-171934cbb33f]
2025-01-28 21:21:20,675 INFO c.h.h.t.HelmChartContainer - [POD] test-hivemq-platform-0 [e344728f-43a0-4813-bd47-171934cbb33f] in helmupgradeextensionit was MODIFIED
2025-01-28 21:21:20,682 INFO c.h.h.t.HelmChartContainer - [EVENT] Normal [Started] Started container hivemq [helmupgradeextensionit:test-hivemq-platform-0]
2025-01-28 21:21:20,682 INFO c.h.h.t.HelmChartContainer - Received Started event for container hivemq in pod test-hivemq-platform-0 [e344728f-43a0-4813-bd47-171934cbb33f]
2025-01-28 21:21:20,682 INFO c.h.h.t.HelmChartContainer - Started log watcher for hivemq in pod test-hivemq-platform-0 [e344728f-43a0-4813-bd47-171934cbb33f]
2025-01-28 21:21:20,683 INFO c.h.h.t.HelmChartContainer - [test-hivemq-platform] [hivemq] [e344728f] Adding pre-installed HiveMQ Platform Operator extensions
2025-01-28 21:21:20,683 INFO c.h.h.t.HelmChartContainer - [test-hivemq-platform] [hivemq] [e344728f] Running as user 10000
2025-01-28 21:21:20,683 INFO c.h.h.t.HelmChartContainer - [test-hivemq-platform] [hivemq] [e344728f] Starting HiveMQ Platform Operator Init
2025-01-28 21:21:20,694 INFO c.h.h.t.HelmChartContainer - [hivemq-test-hivemq-platform] [hivemq-platform-operator] [8912da67] 21:21:20.691 [pool-6-thread-42] DEBUG c.h.p.o.d.PlatformServiceResource - [helmupgr] Desired Platform services (3 services)
2025-01-28 21:21:20,699 INFO c.h.h.t.HelmChartContainer - [hivemq-test-hivemq-platform] [hivemq-platform-operator] [8912da67] 21:21:20.697 [pool-6-thread-47] DEBUG c.h.p.o.d.PodServiceAccountResource - [helmupgr] Desired PodServiceAccountResource (serviceAccountName: hivemq-platform-pod-test-hivemq-platform)
2025-01-28 21:21:20,699 INFO c.h.h.t.HelmChartContainer - [hivemq-test-hivemq-platform] [hivemq-platform-operator] [8912da67] 21:21:20.698 [pool-6-thread-43] DEBUG c.h.p.o.dependants.PodInfoConfigMap - [helmupgr] Desired PodInfo ConfigMap (1 extensions) (1 enabled)
2025-01-28 21:21:20,699 INFO c.h.h.t.HelmChartContainer - [hivemq-test-hivemq-platform] [hivemq-platform-operator] [8912da67] 21:21:20.698 [pool-6-thread-43] DEBUG c.h.p.o.dependants.PodInfoConfigMap - [helmupgr] Desired PodInfo ConfigMap (metrics port: 9399) (metrics path: /)
2025-01-28 21:21:20,699 INFO c.h.h.t.HelmChartContainer - [hivemq-test-hivemq-platform] [hivemq-platform-operator] [8912da67] 21:21:20.698 [pool-6-thread-43] DEBUG c.h.p.o.dependants.PodInfoConfigMap - [helmupgr] Desired PodInfo ConfigMap (extension state hash: -796743002)
2025-01-28 21:21:20,720 INFO c.h.h.t.HelmChartContainer - [hivemq-test-hivemq-platform] [hivemq-platform-operator] [8912da67] 21:21:20.719 [pool-6-thread-50] DEBUG c.h.p.o.d.StatefulSetResource - [helmupgr] Desired StatefulSet (1 replicas) for status STARTING (READY)
2025-01-28 21:21:20,787 INFO c.h.h.t.HelmChartContainer - [hivemq-test-hivemq-platform] [hivemq-platform-operator] [8912da67] 21:21:20.785 [ReconcilerExecutor-hivemq-controller-98] INFO  c.h.p.o.HiveMQPlatformReconciler - [helmupgr] Reconciling HiveMQ Platform 'test-hivemq-platform' in namespace 'helmupgradeextensionit'
2025-01-28 21:21:20,788 INFO c.h.h.t.HelmChartContainer - [hivemq-test-hivemq-platform] [hivemq-platform-operator] [8912da67] 21:21:20.785 [ReconcilerExecutor-hivemq-controller-98] DEBUG c.h.p.o.HiveMQPlatformReconciler - [helmupgr] Custom Resource Status STARTING - HiveMQ Platform is starting (READY)
2025-01-28 21:21:20,788 INFO c.h.h.t.HelmChartContainer - [hivemq-test-hivemq-platform] [hivemq-platform-operator] [8912da67] 21:21:20.785 [ReconcilerExecutor-hivemq-controller-98] DEBUG c.h.p.o.HiveMQPlatformReconciler - [helmupgr] Custom Resource Spec (replicas: 1) (extensions: 1)
2025-01-28 21:21:20,789 INFO c.h.h.t.HelmChartContainer - [hivemq-test-hivemq-platform] [hivemq-platform-operator] [8912da67] 21:21:20.789 [ReconcilerExecutor-hivemq-controller-98] DEBUG c.h.p.o.HiveMQPlatformReconciler - [helmupgr] StatefulSet Status (revision: test-hivemq-platform-5b6c7575b6, replicas: 1, available: 0, ready: 0, current: 1, updated: 1)
2025-01-28 21:21:20,791 INFO c.h.h.t.HelmChartContainer - [hivemq-test-hivemq-platform] [hivemq-platform-operator] [8912da67] 21:21:20.789 [ReconcilerExecutor-hivemq-controller-98] DEBUG c.h.p.o.HiveMQPlatformReconciler - [helmupgr] StatefulSet Spec (replicas: 1, init containers: 1, containers: 1, volumes: 4)
2025-01-28 21:21:20,793 INFO c.h.h.t.HelmChartContainer - [hivemq-test-hivemq-platform] [hivemq-platform-operator] [8912da67] 21:21:20.792 [ReconcilerExecutor-hivemq-controller-98] DEBUG c.h.p.o.h.HiveMQPlatformReconcilerErrorHandler - [helmupgr] Pod 'test-hivemq-platform-0' phase Running
2025-01-28 21:21:20,795 INFO c.h.h.t.HelmChartContainer - [hivemq-test-hivemq-platform] [hivemq-platform-operator] [8912da67] 21:21:20.794 [ReconcilerExecutor-hivemq-controller-98] INFO  c.h.p.o.h.HiveMQPlatformReconcilerBaseHandler - [helmupgr] HiveMQ Platform is starting, 0 of 1 replicas are ready
2025-01-28 21:21:21,041 INFO c.h.h.t.HelmChartContainer - [test-hivemq-platform] [hivemq] [e344728f] INFO  - [HiveMQ Platform Operator Init 1.7.0-SNAPSHOT] HiveMQ Platform Operator Init 1.7.0-SNAPSHOT (commit: bebf408 on branch: HEAD) built on Sun Jan 26 20:47:47 UTC 2025
2025-01-28 21:21:22,188 INFO c.h.h.t.HelmChartContainer - [test-hivemq-platform] [hivemq] [e344728f] INFO  - [HiveMQ Platform Operator Init App 1.7.0-SNAPSHOT] Using bind address 10.42.0.8 from environment variable
2025-01-28 21:21:23,166 INFO c.h.h.t.HelmChartContainer - [test-hivemq-platform] [hivemq] [e344728f] INFO  - [HiveMQ Platform Operator Init App 1.7.0-SNAPSHOT] HiveMQ Platform Operator Init App 1.7.0-SNAPSHOT (commit: bebf408 on branch: HEAD) built on Sun Jan 26 20:47:47 UTC 2025
2025-01-28 21:21:23,166 INFO c.h.h.t.HelmChartContainer - [test-hivemq-platform] [hivemq] [e344728f] INFO  - [HiveMQ Platform Operator Init App 1.7.0-SNAPSHOT] PodInfo ConfigMap directory: /etc/podinfo
2025-01-28 21:21:23,166 INFO c.h.h.t.HelmChartContainer - [test-hivemq-platform] [hivemq] [e344728f] INFO  - [HiveMQ Platform Operator Init App 1.7.0-SNAPSHOT] HiveMQ home directory: /opt/hivemq
2025-01-28 21:21:23,167 INFO c.h.h.t.HelmChartContainer - [test-hivemq-platform] [hivemq] [e344728f] INFO  - [HiveMQ Platform Operator Init App 1.7.0-SNAPSHOT] HiveMQ Logback folder: /opt/hivemq/conf
2025-01-28 21:21:23,167 INFO c.h.h.t.HelmChartContainer - [test-hivemq-platform] [hivemq] [e344728f] INFO  - [HiveMQ Platform Operator Init App 1.7.0-SNAPSHOT] HiveMQ Config folder: /opt/hivemq/conf-k8s
2025-01-28 21:21:23,167 INFO c.h.h.t.HelmChartContainer - [test-hivemq-platform] [hivemq] [e344728f] INFO  - [HiveMQ Platform Operator Init App 1.7.0-SNAPSHOT] Starting HiveMQ Platform Operator Init App
2025-01-28 21:21:23,167 INFO c.h.h.t.HelmChartContainer - [test-hivemq-platform] [hivemq] [e344728f] INFO  - [HiveMQ Platform Operator Init App 1.7.0-SNAPSHOT] Starting Pod reconciler
2025-01-28 21:21:24,379 INFO c.h.h.t.HelmChartContainer - [test-hivemq-platform] [hivemq] [e344728f] INFO  - [HiveMQ Platform Operator Init App 1.7.0-SNAPSHOT] Pod reconciler is scheduled (interval: 5000 ms)
2025-01-28 21:21:24,380 INFO c.h.h.t.HelmChartContainer - [test-hivemq-platform] [hivemq] [e344728f] INFO  - [HiveMQ Platform Operator Init App 1.7.0-SNAPSHOT] Starting the REST API on 10.42.0.8:7979
2025-01-28 21:21:24,433 INFO c.h.h.t.HelmChartContainer - [test-hivemq-platform] [hivemq] [e344728f] INFO  - [HiveMQ Platform Operator Init App 1.7.0-SNAPSHOT] Waiting up to 600s for at most 1 HiveMQ nodes in cluster service hivemq-test-hivemq-platform-cluster.helmupgradeextensionit.svc
2025-01-28 21:21:24,767 INFO c.h.h.t.HelmChartContainer - [test-hivemq-platform] [hivemq] [e344728f] INFO  - [HiveMQ Platform Operator Init App 1.7.0-SNAPSHOT] Resolved 1 IP addresses: [10.42.0.8]
2025-01-28 21:21:24,767 INFO c.h.h.t.HelmChartContainer - [test-hivemq-platform] [hivemq] [e344728f] INFO  - [HiveMQ Platform Operator Init App 1.7.0-SNAPSHOT] HiveMQ node count of 1 is within threshold of 1
2025-01-28 21:21:24,767 INFO c.h.h.t.HelmChartContainer - [test-hivemq-platform] [hivemq] [e344728f] INFO  - [HiveMQ Platform Operator Init App 1.7.0-SNAPSHOT] Proceeding with container start
2025-01-28 21:21:24,842 INFO c.h.h.t.HelmChartContainer - [test-hivemq-platform] [hivemq] [e344728f] INFO  - [HiveMQ Platform Operator Init App 1.7.0-SNAPSHOT] Initializing HiveMQ Platform extensions with initial configuration: {hivemq-bridge-extension={start-priority=-1, skip-https-hostname-verification=false, restart=true, config-version=832, header-version=0, c-uri=, priority=-1, uri=preinstalled, skip-https-certificate-validation=false, enabled=true}, hivemq-prometheus-extension={start-priority=-1, c-uri=, skip-https-hostname-verification=false, skip-https-certificate-validation=false, uri=preinstalled, request-header-path=no-request-headers, enabled=true, restart=true, priority=-1}}
2025-01-28 21:21:25,336 INFO c.h.h.t.HelmChartContainer - [test-hivemq-platform] [hivemq] [e344728f] INFO  - [HiveMQ Platform Operator Init App 1.7.0-SNAPSHOT] Successfully enabled extension hivemq-bridge-extension
2025-01-28 21:21:25,337 INFO c.h.h.testcontainer.LogWaiterUtil - TEST Found log pattern on 'test-hivemq-platform-0': .*\[HiveMQ Platform Operator Init App [A-Z0-9.-]+\] Successfully enabled extension hivemq-bridge-extension
2025-01-28 21:21:25,371 INFO c.h.h.t.HelmChartContainer - [test-hivemq-platform] [hivemq] [e344728f] INFO  - [HiveMQ Platform Operator Init App 1.7.0-SNAPSHOT] Successfully enabled extension hivemq-prometheus-extension
2025-01-28 21:21:25,433 INFO c.h.h.t.HelmChartContainer - [test-hivemq-platform] [hivemq] [e344728f] INFO  - [HiveMQ Platform Operator Init App 1.7.0-SNAPSHOT] Starting HiveMQ Platform version 4.36.0 (4.36.0)
2025-01-28 21:21:25,433 INFO c.h.h.t.HelmChartContainer - [test-hivemq-platform] [hivemq] [e344728f] INFO  - [HiveMQ Platform Operator Init App 1.7.0-SNAPSHOT] Configuring the HiveMQ Platform
2025-01-28 21:21:25,444 INFO c.h.h.t.HelmChartContainer - [test-hivemq-platform] [hivemq] [e344728f] INFO  - [HiveMQ Platform Operator Init App 1.7.0-SNAPSHOT] Changed logback.xml file scan period to 20 seconds
2025-01-28 21:21:25,535 INFO c.h.h.t.HelmChartContainer - [test-hivemq-platform] [hivemq] [e344728f] INFO  - [HiveMQ Platform Operator Init App 1.7.0-SNAPSHOT] Starting the HiveMQ Platform
2025-01-28 21:21:25,538 INFO c.h.h.t.HelmChartContainer - [test-hivemq-platform] [hivemq] [e344728f] -------------------------------------------------------------------------
2025-01-28 21:21:25,538 INFO c.h.h.t.HelmChartContainer - [test-hivemq-platform] [hivemq] [e344728f] 
2025-01-28 21:21:25,538 INFO c.h.h.t.HelmChartContainer - [test-hivemq-platform] [hivemq] [e344728f]                   _    _  _              __  __   ____
2025-01-28 21:21:25,538 INFO c.h.h.t.HelmChartContainer - [test-hivemq-platform] [hivemq] [e344728f]                  | |  | |(_)            |  \/  | / __ \
2025-01-28 21:21:25,538 INFO c.h.h.t.HelmChartContainer - [test-hivemq-platform] [hivemq] [e344728f]                  | |__| | _ __   __ ___ | \  / || |  | |
2025-01-28 21:21:25,538 INFO c.h.h.t.HelmChartContainer - [test-hivemq-platform] [hivemq] [e344728f]                  |  __  || |\ \ / // _ \| |\/| || |  | |
2025-01-28 21:21:25,539 INFO c.h.h.t.HelmChartContainer - [test-hivemq-platform] [hivemq] [e344728f]                  | |  | || | \ V /|  __/| |  | || |__| |
2025-01-28 21:21:25,539 INFO c.h.h.t.HelmChartContainer - [test-hivemq-platform] [hivemq] [e344728f]                  |_|  |_||_|  \_/  \___||_|  |_| \___\_\
2025-01-28 21:21:25,539 INFO c.h.h.t.HelmChartContainer - [test-hivemq-platform] [hivemq] [e344728f] 
2025-01-28 21:21:25,539 INFO c.h.h.t.HelmChartContainer - [test-hivemq-platform] [hivemq] [e344728f] -------------------------------------------------------------------------
2025-01-28 21:21:25,539 INFO c.h.h.t.HelmChartContainer - [test-hivemq-platform] [hivemq] [e344728f] 
2025-01-28 21:21:25,539 INFO c.h.h.t.HelmChartContainer - [test-hivemq-platform] [hivemq] [e344728f]   HiveMQ Start Script for Linux/Unix v1.14
2025-01-28 21:21:25,539 INFO c.h.h.t.HelmChartContainer - [test-hivemq-platform] [hivemq] [e344728f] 
2025-01-28 21:21:25,637 INFO c.h.h.t.HelmChartContainer - [test-hivemq-platform] [hivemq] [e344728f] -------------------------------------------------------------------------
2025-01-28 21:21:25,637 INFO c.h.h.t.HelmChartContainer - [test-hivemq-platform] [hivemq] [e344728f] 
2025-01-28 21:21:25,637 INFO c.h.h.t.HelmChartContainer - [test-hivemq-platform] [hivemq] [e344728f]   HIVEMQ_HOME: /opt/hivemq
2025-01-28 21:21:25,637 INFO c.h.h.t.HelmChartContainer - [test-hivemq-platform] [hivemq] [e344728f] 
2025-01-28 21:21:25,637 INFO c.h.h.t.HelmChartContainer - [test-hivemq-platform] [hivemq] [e344728f]   JAVA_OPTS: -XX:+UnlockExperimentalVMOptions -XX:InitialRAMPercentage=50 -XX:MaxRAMPercentage=50 -Djava.net.preferIPv4Stack=true --add-opens java.base/java.lang=ALL-UNNAMED --add-opens java.base/java.nio=ALL-UNNAMED --add-opens java.base/sun.nio.ch=ALL-UNNAMED --add-opens jdk.management/com.sun.management.internal=ALL-UNNAMED --add-exports java.base/jdk.internal.misc=ALL-UNNAMED -Djava.security.egd=file:/dev/./urandom -Dcom.sun.management.jmxremote -Dcom.sun.management.jmxremote.port=9010 -Dcom.sun.management.jmxremote.local.only=false -Dcom.sun.management.jmxremote.authenticate=false -Dcom.sun.management.jmxremote.ssl=false -Duser.language=en -Duser.region=US -XX:+CrashOnOutOfMemoryError -XX:+HeapDumpOnOutOfMemoryError
2025-01-28 21:21:25,637 INFO c.h.h.t.HelmChartContainer - [test-hivemq-platform] [hivemq] [e344728f] 
2025-01-28 21:21:25,637 INFO c.h.h.t.HelmChartContainer - [test-hivemq-platform] [hivemq] [e344728f]   JAVA_VERSION: 21
2025-01-28 21:21:25,637 INFO c.h.h.t.HelmChartContainer - [test-hivemq-platform] [hivemq] [e344728f] 
2025-01-28 21:21:25,637 INFO c.h.h.t.HelmChartContainer - [test-hivemq-platform] [hivemq] [e344728f] -------------------------------------------------------------------------
2025-01-28 21:21:25,638 INFO c.h.h.t.HelmChartContainer - [test-hivemq-platform] [hivemq] [e344728f] 
2025-01-28 21:21:26,737 INFO c.h.h.t.HelmChartContainer - [test-hivemq-platform] [hivemq] [e344728f] INFO  - [HiveMQ Platform Operator Init App 1.7.0-SNAPSHOT] Returning default Health API response 503 for readiness
2025-01-28 21:21:27,069 INFO c.h.h.t.HelmChartContainer - [EVENT] Warning [Unhealthy] Readiness probe failed: HTTP probe failed with statuscode: 503 [helmupgradeextensionit:test-hivemq-platform-0]
2025-01-28 21:21:27,070 INFO c.h.h.t.HelmChartContainer - Received Unhealthy event for container hivemq in pod test-hivemq-platform-0 [e344728f-43a0-4813-bd47-171934cbb33f]
2025-01-28 21:21:28,369 INFO c.h.h.t.HelmChartContainer - [test-hivemq-platform] [hivemq] [e344728f] INFO  - Starting HiveMQ Enterprise Server
2025-01-28 21:21:28,375 INFO c.h.h.t.HelmChartContainer - [test-hivemq-platform] [hivemq] [e344728f] INFO  - HiveMQ version: 4.36.0
2025-01-28 21:21:28,375 INFO c.h.h.t.HelmChartContainer - [test-hivemq-platform] [hivemq] [e344728f] INFO  - HiveMQ home directory: /opt/hivemq
2025-01-28 21:21:28,376 INFO c.h.h.t.HelmChartContainer - [test-hivemq-platform] [hivemq] [e344728f] INFO  - Log Configuration was overridden by /opt/hivemq/conf/logback.xml
2025-01-28 21:21:29,769 INFO c.h.h.t.HelmChartContainer - [test-hivemq-platform] [hivemq] [e344728f] INFO  - Successfully loaded configuration from '/opt/hivemq/conf-k8s/config.xml'.
2025-01-28 21:21:30,668 INFO c.h.h.t.HelmChartContainer - [test-hivemq-platform] [hivemq] [e344728f] INFO  - This node's ID is 1DcXn
2025-01-28 21:21:30,669 INFO c.h.h.t.HelmChartContainer - [test-hivemq-platform] [hivemq] [e344728f] INFO  - Clustering is enabled
2025-01-28 21:21:30,802 INFO c.h.h.t.HelmChartContainer - [hivemq-test-hivemq-platform] [hivemq-platform-operator] [8912da67] 21:21:30.799 [pool-6-thread-6] DEBUG c.h.p.o.d.PlatformServiceResource - [helmupgr] Desired Platform services (3 services)
2025-01-28 21:21:30,803 INFO c.h.h.t.HelmChartContainer - [hivemq-test-hivemq-platform] [hivemq-platform-operator] [8912da67] 21:21:30.800 [pool-6-thread-5] DEBUG c.h.p.o.dependants.PodInfoConfigMap - [helmupgr] Desired PodInfo ConfigMap (1 extensions) (1 enabled)
2025-01-28 21:21:30,803 INFO c.h.h.t.HelmChartContainer - [hivemq-test-hivemq-platform] [hivemq-platform-operator] [8912da67] 21:21:30.801 [pool-6-thread-5] DEBUG c.h.p.o.dependants.PodInfoConfigMap - [helmupgr] Desired PodInfo ConfigMap (metrics port: 9399) (metrics path: /)
2025-01-28 21:21:30,803 INFO c.h.h.t.HelmChartContainer - [hivemq-test-hivemq-platform] [hivemq-platform-operator] [8912da67] 21:21:30.801 [pool-6-thread-5] DEBUG c.h.p.o.dependants.PodInfoConfigMap - [helmupgr] Desired PodInfo ConfigMap (extension state hash: -796743002)
2025-01-28 21:21:30,804 INFO c.h.h.t.HelmChartContainer - [hivemq-test-hivemq-platform] [hivemq-platform-operator] [8912da67] 21:21:30.803 [pool-6-thread-5] DEBUG c.h.p.o.d.PodServiceAccountResource - [helmupgr] Desired PodServiceAccountResource (serviceAccountName: hivemq-platform-pod-test-hivemq-platform)
2025-01-28 21:21:30,811 INFO c.h.h.t.HelmChartContainer - [hivemq-test-hivemq-platform] [hivemq-platform-operator] [8912da67] 21:21:30.808 [pool-6-thread-6] DEBUG c.h.p.o.d.StatefulSetResource - [helmupgr] Desired StatefulSet (1 replicas) for status STARTING (READY)
2025-01-28 21:21:30,814 INFO c.h.h.t.HelmChartContainer - [hivemq-test-hivemq-platform] [hivemq-platform-operator] [8912da67] 21:21:30.813 [ReconcilerExecutor-hivemq-controller-109] INFO  c.h.p.o.HiveMQPlatformReconciler - [helmupgr] Reconciling HiveMQ Platform 'test-hivemq-platform' in namespace 'helmupgradeextensionit'
2025-01-28 21:21:30,816 INFO c.h.h.t.HelmChartContainer - [hivemq-test-hivemq-platform] [hivemq-platform-operator] [8912da67] 21:21:30.813 [ReconcilerExecutor-hivemq-controller-109] DEBUG c.h.p.o.HiveMQPlatformReconciler - [helmupgr] Custom Resource Status STARTING - HiveMQ Platform is starting (READY)
2025-01-28 21:21:30,816 INFO c.h.h.t.HelmChartContainer - [hivemq-test-hivemq-platform] [hivemq-platform-operator] [8912da67] 21:21:30.813 [ReconcilerExecutor-hivemq-controller-109] DEBUG c.h.p.o.HiveMQPlatformReconciler - [helmupgr] Custom Resource Spec (replicas: 1) (extensions: 1)
2025-01-28 21:21:30,889 INFO c.h.h.t.HelmChartContainer - [hivemq-test-hivemq-platform] [hivemq-platform-operator] [8912da67] 21:21:30.815 [ReconcilerExecutor-hivemq-controller-109] DEBUG c.h.p.o.HiveMQPlatformReconciler - [helmupgr] StatefulSet Status (revision: test-hivemq-platform-5b6c7575b6, replicas: 1, available: 0, ready: 0, current: 1, updated: 1)
2025-01-28 21:21:30,889 INFO c.h.h.t.HelmChartContainer - [hivemq-test-hivemq-platform] [hivemq-platform-operator] [8912da67] 21:21:30.885 [ReconcilerExecutor-hivemq-controller-109] DEBUG c.h.p.o.HiveMQPlatformReconciler - [helmupgr] StatefulSet Spec (replicas: 1, init containers: 1, containers: 1, volumes: 4)
2025-01-28 21:21:30,889 INFO c.h.h.t.HelmChartContainer - [hivemq-test-hivemq-platform] [hivemq-platform-operator] [8912da67] 21:21:30.887 [ReconcilerExecutor-hivemq-controller-109] DEBUG c.h.p.o.h.HiveMQPlatformReconcilerErrorHandler - [helmupgr] Pod 'test-hivemq-platform-0' phase Running
2025-01-28 21:21:30,892 INFO c.h.h.t.HelmChartContainer - [hivemq-test-hivemq-platform] [hivemq-platform-operator] [8912da67] 21:21:30.891 [ReconcilerExecutor-hivemq-controller-109] INFO  c.h.p.o.h.HiveMQPlatformReconcilerBaseHandler - [helmupgr] HiveMQ Platform is starting, 0 of 1 replicas are ready
2025-01-28 21:21:32,270 INFO c.h.h.t.HelmChartContainer - [test-hivemq-platform] [hivemq] [e344728f] WARN  - [HiveMQ Platform Operator Init App 1.7.0-SNAPSHOT] Cannot connect to Health API for readiness: null
2025-01-28 21:21:32,276 INFO c.h.h.t.HelmChartContainer - [EVENT] Warning [Unhealthy] Readiness probe failed: HTTP probe failed with statuscode: 503 [helmupgradeextensionit:test-hivemq-platform-0]
2025-01-28 21:21:32,276 INFO c.h.h.t.HelmChartContainer - Received Unhealthy event for container hivemq in pod test-hivemq-platform-0 [e344728f-43a0-4813-bd47-171934cbb33f]
2025-01-28 21:21:34,768 INFO c.h.h.t.HelmChartContainer - [test-hivemq-platform] [hivemq] [e344728f] Jan 28, 2025 9:21:34 PM io.vertx.core.impl.BlockedThreadChecker
2025-01-28 21:21:34,769 INFO c.h.h.t.HelmChartContainer - [test-hivemq-platform] [hivemq] [e344728f] WARNING: Thread Thread[vert.x-eventloop-thread-1,5,main] has been blocked for 2195 ms, time limit is 2000 ms
2025-01-28 21:21:35,433 INFO c.h.h.t.HelmChartContainer - [test-hivemq-platform] [hivemq] [e344728f] INFO  - [HiveMQ Platform Operator Init App 1.7.0-SNAPSHOT] Updating Pod HiveMQ Platform Operator Init App version annotation (version: 1.7.0-SNAPSHOT)
2025-01-28 21:21:36,277 INFO c.h.h.t.HelmChartContainer - [POD] test-hivemq-platform-0 [e344728f-43a0-4813-bd47-171934cbb33f] in helmupgradeextensionit was MODIFIED
2025-01-28 21:21:36,286 INFO c.h.h.t.HelmChartContainer - [hivemq-test-hivemq-platform] [hivemq-platform-operator] [8912da67] 21:21:36.282 [pool-6-thread-16] DEBUG c.h.p.o.d.PlatformServiceResource - [helmupgr] Desired Platform services (3 services)
2025-01-28 21:21:36,286 INFO c.h.h.t.HelmChartContainer - [hivemq-test-hivemq-platform] [hivemq-platform-operator] [8912da67] 21:21:36.283 [pool-6-thread-11] DEBUG c.h.p.o.dependants.PodInfoConfigMap - [helmupgr] Desired PodInfo ConfigMap (1 extensions) (1 enabled)
2025-01-28 21:21:36,287 INFO c.h.h.t.HelmChartContainer - [hivemq-test-hivemq-platform] [hivemq-platform-operator] [8912da67] 21:21:36.283 [pool-6-thread-11] DEBUG c.h.p.o.dependants.PodInfoConfigMap - [helmupgr] Desired PodInfo ConfigMap (metrics port: 9399) (metrics path: /)
2025-01-28 21:21:36,287 INFO c.h.h.t.HelmChartContainer - [hivemq-test-hivemq-platform] [hivemq-platform-operator] [8912da67] 21:21:36.283 [pool-6-thread-11] DEBUG c.h.p.o.dependants.PodInfoConfigMap - [helmupgr] Desired PodInfo ConfigMap (extension state hash: -796743002)
2025-01-28 21:21:36,287 INFO c.h.h.t.HelmChartContainer - [hivemq-test-hivemq-platform] [hivemq-platform-operator] [8912da67] 21:21:36.284 [pool-6-thread-11] DEBUG c.h.p.o.d.PodServiceAccountResource - [helmupgr] Desired PodServiceAccountResource (serviceAccountName: hivemq-platform-pod-test-hivemq-platform)
2025-01-28 21:21:36,289 INFO c.h.h.t.HelmChartContainer - [hivemq-test-hivemq-platform] [hivemq-platform-operator] [8912da67] 21:21:36.289 [pool-6-thread-16] DEBUG c.h.p.o.d.StatefulSetResource - [helmupgr] Desired StatefulSet (1 replicas) for status STARTING (READY)
2025-01-28 21:21:36,295 INFO c.h.h.t.HelmChartContainer - [hivemq-test-hivemq-platform] [hivemq-platform-operator] [8912da67] 21:21:36.294 [ReconcilerExecutor-hivemq-controller-110] INFO  c.h.p.o.HiveMQPlatformReconciler - [helmupgr] Reconciling HiveMQ Platform 'test-hivemq-platform' in namespace 'helmupgradeextensionit'
2025-01-28 21:21:36,295 INFO c.h.h.t.HelmChartContainer - [hivemq-test-hivemq-platform] [hivemq-platform-operator] [8912da67] 21:21:36.294 [ReconcilerExecutor-hivemq-controller-110] DEBUG c.h.p.o.HiveMQPlatformReconciler - [helmupgr] Custom Resource Status STARTING - HiveMQ Platform is starting (READY)
2025-01-28 21:21:36,295 INFO c.h.h.t.HelmChartContainer - [hivemq-test-hivemq-platform] [hivemq-platform-operator] [8912da67] 21:21:36.294 [ReconcilerExecutor-hivemq-controller-110] DEBUG c.h.p.o.HiveMQPlatformReconciler - [helmupgr] Custom Resource Spec (replicas: 1) (extensions: 1)
2025-01-28 21:21:36,317 INFO c.h.h.t.HelmChartContainer - [hivemq-test-hivemq-platform] [hivemq-platform-operator] [8912da67] 21:21:36.296 [ReconcilerExecutor-hivemq-controller-110] DEBUG c.h.p.o.HiveMQPlatformReconciler - [helmupgr] StatefulSet Status (revision: test-hivemq-platform-5b6c7575b6, replicas: 1, available: 0, ready: 0, current: 1, updated: 1)
2025-01-28 21:21:36,317 INFO c.h.h.t.HelmChartContainer - [hivemq-test-hivemq-platform] [hivemq-platform-operator] [8912da67] 21:21:36.314 [ReconcilerExecutor-hivemq-controller-110] DEBUG c.h.p.o.HiveMQPlatformReconciler - [helmupgr] StatefulSet Spec (replicas: 1, init containers: 1, containers: 1, volumes: 4)
2025-01-28 21:21:36,317 INFO c.h.h.t.HelmChartContainer - [hivemq-test-hivemq-platform] [hivemq-platform-operator] [8912da67] 21:21:36.316 [ReconcilerExecutor-hivemq-controller-110] DEBUG c.h.p.o.h.HiveMQPlatformReconcilerErrorHandler - [helmupgr] Pod 'test-hivemq-platform-0' phase Running
2025-01-28 21:21:36,318 INFO c.h.h.t.HelmChartContainer - [hivemq-test-hivemq-platform] [hivemq-platform-operator] [8912da67] 21:21:36.318 [ReconcilerExecutor-hivemq-controller-110] INFO  c.h.p.o.h.HiveMQPlatformReconcilerBaseHandler - [helmupgr] HiveMQ Platform is starting, 0 of 1 replicas are ready
2025-01-28 21:21:36,336 INFO c.h.h.t.HelmChartContainer - [test-hivemq-platform] [hivemq] [e344728f] WARN  - [HiveMQ Platform Operator Init App 1.7.0-SNAPSHOT] Cannot connect to Health API for readiness: null
2025-01-28 21:21:36,368 INFO c.h.h.t.HelmChartContainer - [EVENT] Warning [Unhealthy] Readiness probe failed: HTTP probe failed with statuscode: 503 [helmupgradeextensionit:test-hivemq-platform-0]
2025-01-28 21:21:36,369 INFO c.h.h.t.HelmChartContainer - [test-hivemq-platform] [hivemq] [e344728f] INFO  - [HiveMQ Platform Operator Init App 1.7.0-SNAPSHOT] Successfully updated Pod HiveMQ Platform Operator Init App version annotation (version: 1.7.0-SNAPSHOT)
2025-01-28 21:21:36,369 INFO c.h.h.t.HelmChartContainer - Received Unhealthy event for container hivemq in pod test-hivemq-platform-0 [e344728f-43a0-4813-bd47-171934cbb33f]
2025-01-28 21:21:41,334 INFO c.h.h.t.HelmChartContainer - [test-hivemq-platform] [hivemq] [e344728f] WARN  - [HiveMQ Platform Operator Init App 1.7.0-SNAPSHOT] Cannot connect to Health API for readiness: null
2025-01-28 21:21:41,338 INFO c.h.h.t.HelmChartContainer - [EVENT] Warning [Unhealthy] Readiness probe failed: HTTP probe failed with statuscode: 503 [helmupgradeextensionit:test-hivemq-platform-0]
2025-01-28 21:21:41,338 INFO c.h.h.t.HelmChartContainer - Received Unhealthy event for container hivemq in pod test-hivemq-platform-0 [e344728f-43a0-4813-bd47-171934cbb33f]
2025-01-28 21:21:43,542 INFO c.h.h.t.HelmChartContainer - [K3S] [range_allocator.go:247] "Successfully synced" key="42ea5d3d1b91"
2025-01-28 21:21:46,323 INFO c.h.h.t.HelmChartContainer - [hivemq-test-hivemq-platform] [hivemq-platform-operator] [8912da67] 21:21:46.322 [pool-6-thread-26] DEBUG c.h.p.o.d.PlatformServiceResource - [helmupgr] Desired Platform services (3 services)
2025-01-28 21:21:46,327 INFO c.h.h.t.HelmChartContainer - [hivemq-test-hivemq-platform] [hivemq-platform-operator] [8912da67] 21:21:46.324 [pool-6-thread-23] DEBUG c.h.p.o.dependants.PodInfoConfigMap - [helmupgr] Desired PodInfo ConfigMap (1 extensions) (1 enabled)
2025-01-28 21:21:46,327 INFO c.h.h.t.HelmChartContainer - [hivemq-test-hivemq-platform] [hivemq-platform-operator] [8912da67] 21:21:46.324 [pool-6-thread-23] DEBUG c.h.p.o.dependants.PodInfoConfigMap - [helmupgr] Desired PodInfo ConfigMap (metrics port: 9399) (metrics path: /)
2025-01-28 21:21:46,327 INFO c.h.h.t.HelmChartContainer - [hivemq-test-hivemq-platform] [hivemq-platform-operator] [8912da67] 21:21:46.324 [pool-6-thread-23] DEBUG c.h.p.o.dependants.PodInfoConfigMap - [helmupgr] Desired PodInfo ConfigMap (extension state hash: -796743002)
2025-01-28 21:21:46,327 INFO c.h.h.t.HelmChartContainer - [hivemq-test-hivemq-platform] [hivemq-platform-operator] [8912da67] 21:21:46.326 [pool-6-thread-22] DEBUG c.h.p.o.d.PodServiceAccountResource - [helmupgr] Desired PodServiceAccountResource (serviceAccountName: hivemq-platform-pod-test-hivemq-platform)
2025-01-28 21:21:46,330 INFO c.h.h.t.HelmChartContainer - [hivemq-test-hivemq-platform] [hivemq-platform-operator] [8912da67] 21:21:46.329 [pool-6-thread-26] DEBUG c.h.p.o.d.StatefulSetResource - [helmupgr] Desired StatefulSet (1 replicas) for status STARTING (READY)
2025-01-28 21:21:46,339 INFO c.h.h.t.HelmChartContainer - [test-hivemq-platform] [hivemq] [e344728f] WARN  - [HiveMQ Platform Operator Init App 1.7.0-SNAPSHOT] Cannot connect to Health API for readiness: null
2025-01-28 21:21:46,345 INFO c.h.h.t.HelmChartContainer - [EVENT] Warning [Unhealthy] Readiness probe failed: HTTP probe failed with statuscode: 503 [helmupgradeextensionit:test-hivemq-platform-0]
2025-01-28 21:21:46,345 INFO c.h.h.t.HelmChartContainer - Received Unhealthy event for container hivemq in pod test-hivemq-platform-0 [e344728f-43a0-4813-bd47-171934cbb33f]
2025-01-28 21:21:46,418 INFO c.h.h.t.HelmChartContainer - [hivemq-test-hivemq-platform] [hivemq-platform-operator] [8912da67] 21:21:46.417 [ReconcilerExecutor-hivemq-controller-111] INFO  c.h.p.o.HiveMQPlatformReconciler - [helmupgr] Reconciling HiveMQ Platform 'test-hivemq-platform' in namespace 'helmupgradeextensionit'
2025-01-28 21:21:46,420 INFO c.h.h.t.HelmChartContainer - [hivemq-test-hivemq-platform] [hivemq-platform-operator] [8912da67] 21:21:46.417 [ReconcilerExecutor-hivemq-controller-111] DEBUG c.h.p.o.HiveMQPlatformReconciler - [helmupgr] Custom Resource Status STARTING - HiveMQ Platform is starting (READY)
2025-01-28 21:21:46,420 INFO c.h.h.t.HelmChartContainer - [hivemq-test-hivemq-platform] [hivemq-platform-operator] [8912da67] 21:21:46.417 [ReconcilerExecutor-hivemq-controller-111] DEBUG c.h.p.o.HiveMQPlatformReconciler - [helmupgr] Custom Resource Spec (replicas: 1) (extensions: 1)
2025-01-28 21:21:46,421 INFO c.h.h.t.HelmChartContainer - [hivemq-test-hivemq-platform] [hivemq-platform-operator] [8912da67] 21:21:46.420 [ReconcilerExecutor-hivemq-controller-111] DEBUG c.h.p.o.HiveMQPlatformReconciler - [helmupgr] StatefulSet Status (revision: test-hivemq-platform-5b6c7575b6, replicas: 1, available: 0, ready: 0, current: 1, updated: 1)
2025-01-28 21:21:46,423 INFO c.h.h.t.HelmChartContainer - [hivemq-test-hivemq-platform] [hivemq-platform-operator] [8912da67] 21:21:46.420 [ReconcilerExecutor-hivemq-controller-111] DEBUG c.h.p.o.HiveMQPlatformReconciler - [helmupgr] StatefulSet Spec (replicas: 1, init containers: 1, containers: 1, volumes: 4)
2025-01-28 21:21:46,423 INFO c.h.h.t.HelmChartContainer - [hivemq-test-hivemq-platform] [hivemq-platform-operator] [8912da67] 21:21:46.422 [ReconcilerExecutor-hivemq-controller-111] DEBUG c.h.p.o.h.HiveMQPlatformReconcilerErrorHandler - [helmupgr] Pod 'test-hivemq-platform-0' phase Running
2025-01-28 21:21:46,424 INFO c.h.h.t.HelmChartContainer - [hivemq-test-hivemq-platform] [hivemq-platform-operator] [8912da67] 21:21:46.423 [ReconcilerExecutor-hivemq-controller-111] INFO  c.h.p.o.h.HiveMQPlatformReconcilerBaseHandler - [helmupgr] HiveMQ Platform is starting, 0 of 1 replicas are ready
2025-01-28 21:21:47,566 INFO c.h.h.t.HelmChartContainer - [test-hivemq-platform] [hivemq] [e344728f] WARN  - [HiveMQ Platform Operator Init App 1.7.0-SNAPSHOT] Cannot connect to Health API for liveness: null
2025-01-28 21:21:47,566 INFO c.h.h.t.HelmChartContainer - [test-hivemq-platform] [hivemq] [e344728f] INFO  - [HiveMQ Platform Operator Init App 1.7.0-SNAPSHOT] Returning default Health API response 200 for liveness
2025-01-28 21:21:47,734 INFO c.h.h.t.HelmChartContainer - [test-hivemq-platform] [hivemq] [e344728f] INFO  - No valid license file found. Using trial license, restricted to 25 connections.
2025-01-28 21:21:51,072 INFO c.h.h.t.HelmChartContainer - [test-hivemq-platform] [hivemq] [e344728f] INFO  - No valid license file for Data Hub found. Using free license, restricted to 1 policy.
2025-01-28 21:21:51,370 INFO c.h.h.t.HelmChartContainer - [test-hivemq-platform] [hivemq] [e344728f] WARN  - [HiveMQ Platform Operator Init App 1.7.0-SNAPSHOT] Cannot connect to Health API for readiness: null
2025-01-28 21:21:51,376 INFO c.h.h.t.HelmChartContainer - [EVENT] Warning [Unhealthy] Readiness probe failed: HTTP probe failed with statuscode: 503 [helmupgradeextensionit:test-hivemq-platform-0]
2025-01-28 21:21:51,376 INFO c.h.h.t.HelmChartContainer - Received Unhealthy event for container hivemq in pod test-hivemq-platform-0 [e344728f-43a0-4813-bd47-171934cbb33f]
2025-01-28 21:21:52,285 INFO c.h.h.t.HelmChartContainer - [test-hivemq-platform] [hivemq] [e344728f] INFO  - Audit Logger started.
2025-01-28 21:21:52,589 INFO c.h.h.t.HelmChartContainer - [test-hivemq-platform] [hivemq] [e344728f] INFO  - This node uses '1' CPU cores.
2025-01-28 21:21:52,633 INFO c.h.h.t.HelmChartContainer - [test-hivemq-platform] [hivemq] [e344728f] INFO  - Starting HiveMQ Health API on address 0.0.0.0 and port 8889
2025-01-28 21:21:53,569 INFO c.h.h.t.HelmChartContainer - [test-hivemq-platform] [hivemq] [e344728f] INFO  - Started HiveMQ Health API in 937ms
2025-01-28 21:21:54,165 INFO c.h.h.t.HelmChartContainer - [test-hivemq-platform] [hivemq] [e344728f] INFO  - Starting HiveMQ extension system.
2025-01-28 21:21:55,867 INFO c.h.h.t.HelmChartContainer - [test-hivemq-platform] [hivemq] [e344728f] INFO  - No license found for enterprise extension with name "HiveMQ Enterprise Bridge Extension". Entering extension trial mode. "HiveMQ Enterprise Bridge Extension" will be disabled in 5 hours.
2025-01-28 21:21:56,036 INFO c.h.h.t.HelmChartContainer - [test-hivemq-platform] [hivemq] [e344728f] INFO  - Starting extension with id "hivemq-dns-cluster-discovery" at /opt/hivemq/extensions/hivemq-dns-cluster-discovery
2025-01-28 21:21:56,428 INFO c.h.h.t.HelmChartContainer - [hivemq-test-hivemq-platform] [hivemq-platform-operator] [8912da67] 21:21:56.425 [pool-6-thread-36] DEBUG c.h.p.o.d.PlatformServiceResource - [helmupgr] Desired Platform services (3 services)
2025-01-28 21:21:56,429 INFO c.h.h.t.HelmChartContainer - [hivemq-test-hivemq-platform] [hivemq-platform-operator] [8912da67] 21:21:56.426 [pool-6-thread-34] DEBUG c.h.p.o.d.PodServiceAccountResource - [helmupgr] Desired PodServiceAccountResource (serviceAccountName: hivemq-platform-pod-test-hivemq-platform)
2025-01-28 21:21:56,430 INFO c.h.h.t.HelmChartContainer - [hivemq-test-hivemq-platform] [hivemq-platform-operator] [8912da67] 21:21:56.429 [pool-6-thread-35] DEBUG c.h.p.o.dependants.PodInfoConfigMap - [helmupgr] Desired PodInfo ConfigMap (1 extensions) (1 enabled)
2025-01-28 21:21:56,430 INFO c.h.h.t.HelmChartContainer - [hivemq-test-hivemq-platform] [hivemq-platform-operator] [8912da67] 21:21:56.429 [pool-6-thread-35] DEBUG c.h.p.o.dependants.PodInfoConfigMap - [helmupgr] Desired PodInfo ConfigMap (metrics port: 9399) (metrics path: /)
2025-01-28 21:21:56,430 INFO c.h.h.t.HelmChartContainer - [hivemq-test-hivemq-platform] [hivemq-platform-operator] [8912da67] 21:21:56.429 [pool-6-thread-35] DEBUG c.h.p.o.dependants.PodInfoConfigMap - [helmupgr] Desired PodInfo ConfigMap (extension state hash: -796743002)
2025-01-28 21:21:56,434 INFO c.h.h.t.HelmChartContainer - [hivemq-test-hivemq-platform] [hivemq-platform-operator] [8912da67] 21:21:56.433 [pool-6-thread-31] DEBUG c.h.p.o.d.StatefulSetResource - [helmupgr] Desired StatefulSet (1 replicas) for status STARTING (READY)
2025-01-28 21:21:56,440 INFO c.h.h.t.HelmChartContainer - [hivemq-test-hivemq-platform] [hivemq-platform-operator] [8912da67] 21:21:56.439 [ReconcilerExecutor-hivemq-controller-112] INFO  c.h.p.o.HiveMQPlatformReconciler - [helmupgr] Reconciling HiveMQ Platform 'test-hivemq-platform' in namespace 'helmupgradeextensionit'
2025-01-28 21:21:56,441 INFO c.h.h.t.HelmChartContainer - [hivemq-test-hivemq-platform] [hivemq-platform-operator] [8912da67] 21:21:56.439 [ReconcilerExecutor-hivemq-controller-112] DEBUG c.h.p.o.HiveMQPlatformReconciler - [helmupgr] Custom Resource Status STARTING - HiveMQ Platform is starting (READY)
2025-01-28 21:21:56,442 INFO c.h.h.t.HelmChartContainer - [hivemq-test-hivemq-platform] [hivemq-platform-operator] [8912da67] 21:21:56.439 [ReconcilerExecutor-hivemq-controller-112] DEBUG c.h.p.o.HiveMQPlatformReconciler - [helmupgr] Custom Resource Spec (replicas: 1) (extensions: 1)
2025-01-28 21:21:56,443 INFO c.h.h.t.HelmChartContainer - [hivemq-test-hivemq-platform] [hivemq-platform-operator] [8912da67] 21:21:56.441 [ReconcilerExecutor-hivemq-controller-112] DEBUG c.h.p.o.HiveMQPlatformReconciler - [helmupgr] StatefulSet Status (revision: test-hivemq-platform-5b6c7575b6, replicas: 1, available: 0, ready: 0, current: 1, updated: 1)
2025-01-28 21:21:56,443 INFO c.h.h.t.HelmChartContainer - [hivemq-test-hivemq-platform] [hivemq-platform-operator] [8912da67] 21:21:56.441 [ReconcilerExecutor-hivemq-controller-112] DEBUG c.h.p.o.HiveMQPlatformReconciler - [helmupgr] StatefulSet Spec (replicas: 1, init containers: 1, containers: 1, volumes: 4)
2025-01-28 21:21:56,515 INFO c.h.h.t.HelmChartContainer - [hivemq-test-hivemq-platform] [hivemq-platform-operator] [8912da67] 21:21:56.514 [ReconcilerExecutor-hivemq-controller-112] DEBUG c.h.p.o.h.HiveMQPlatformReconcilerErrorHandler - [helmupgr] Pod 'test-hivemq-platform-0' phase Running
2025-01-28 21:21:56,517 INFO c.h.h.t.HelmChartContainer - [hivemq-test-hivemq-platform] [hivemq-platform-operator] [8912da67] 21:21:56.516 [ReconcilerExecutor-hivemq-controller-112] INFO  c.h.p.o.h.HiveMQPlatformReconcilerBaseHandler - [helmupgr] HiveMQ Platform is starting, 0 of 1 replicas are ready
2025-01-28 21:21:56,673 INFO c.h.h.t.HelmChartContainer - [test-hivemq-platform] [hivemq] [e344728f] INFO  - Using TCP cluster transport on address 10.42.0.8 and port 7000
2025-01-28 21:21:56,771 INFO c.h.h.t.HelmChartContainer - [test-hivemq-platform] [hivemq] [e344728f] INFO  - Using extension cluster discovery
2025-01-28 21:21:56,965 INFO c.h.h.t.HelmChartContainer - [test-hivemq-platform] [hivemq] [e344728f] INFO  - Extension "DNS Cluster Discovery Extension" version 4.3.2 started successfully.
2025-01-28 21:21:56,966 INFO c.h.h.t.HelmChartContainer - [test-hivemq-platform] [hivemq] [e344728f] INFO  - Starting extension with id "hivemq-bridge-extension" at /opt/hivemq/extensions/hivemq-bridge-extension
2025-01-28 21:21:57,255 INFO c.h.h.t.HelmChartContainer - [K3S] [info.go:53] Couldn't collect info from any of the files in "/etc/machine-id,/var/lib/dbus/machine-id"
2025-01-28 21:21:57,320 INFO c.h.h.t.HelmChartContainer - [EVENT] Warning [Unhealthy] Readiness probe failed: Get "http://10.42.0.8:7979/readiness": context deadline exceeded (Client.Timeout exceeded while awaiting headers) [helmupgradeextensionit:test-hivemq-platform-0]
2025-01-28 21:21:57,320 INFO c.h.h.t.HelmChartContainer - Received Unhealthy event for container hivemq in pod test-hivemq-platform-0 [e344728f-43a0-4813-bd47-171934cbb33f]
2025-01-28 21:21:57,833 INFO c.h.h.t.HelmChartContainer - [test-hivemq-platform] [hivemq] [e344728f] INFO  - [HiveMQ Platform Operator Init App 1.7.0-SNAPSHOT] Returning Health API response 503 for readiness
2025-01-28 21:21:58,065 INFO c.h.h.t.HelmChartContainer - [test-hivemq-platform] [hivemq] [e344728f] INFO  - HiveMQ Enterprise Bridge Extension: Successfully loaded configuration from '/opt/hivemq/extensions/hivemq-bridge-extension/conf/config.xml'.
2025-01-28 21:21:58,764 INFO c.h.h.t.HelmChartContainer - [test-hivemq-platform] [hivemq] [e344728f] INFO  - Bridge Extension: Connecting to remote brokers...
2025-01-28 21:22:00,665 INFO c.h.h.t.HelmChartContainer - [test-hivemq-platform] [hivemq] [e344728f] INFO  - 1DcXn: no members discovered after 3197 ms: creating cluster as first member
2025-01-28 21:22:00,671 INFO c.h.h.t.HelmChartContainer - [test-hivemq-platform] [hivemq] [e344728f] INFO  - Cluster nodes found by discovery: [1DcXn|0] (1) [1DcXn].
2025-01-28 21:22:01,285 INFO c.h.h.t.HelmChartContainer - [EVENT] Warning [Unhealthy] Readiness probe failed: HTTP probe failed with statuscode: 503 [helmupgradeextensionit:test-hivemq-platform-0]
2025-01-28 21:22:01,285 INFO c.h.h.t.HelmChartContainer - Received Unhealthy event for container hivemq in pod test-hivemq-platform-0 [e344728f-43a0-4813-bd47-171934cbb33f]
2025-01-28 21:22:06,285 INFO c.h.h.t.HelmChartContainer - [EVENT] Warning [Unhealthy] Readiness probe failed: HTTP probe failed with statuscode: 503 [helmupgradeextensionit:test-hivemq-platform-0]
2025-01-28 21:22:06,285 INFO c.h.h.t.HelmChartContainer - Received Unhealthy event for container hivemq in pod test-hivemq-platform-0 [e344728f-43a0-4813-bd47-171934cbb33f]
2025-01-28 21:22:06,524 INFO c.h.h.t.HelmChartContainer - [hivemq-test-hivemq-platform] [hivemq-platform-operator] [8912da67] 21:22:06.520 [pool-6-thread-49] DEBUG c.h.p.o.d.PlatformServiceResource - [helmupgr] Desired Platform services (3 services)
2025-01-28 21:22:06,525 INFO c.h.h.t.HelmChartContainer - [hivemq-test-hivemq-platform] [hivemq-platform-operator] [8912da67] 21:22:06.521 [pool-6-thread-45] DEBUG c.h.p.o.d.PodServiceAccountResource - [helmupgr] Desired PodServiceAccountResource (serviceAccountName: hivemq-platform-pod-test-hivemq-platform)
2025-01-28 21:22:06,525 INFO c.h.h.t.HelmChartContainer - [hivemq-test-hivemq-platform] [hivemq-platform-operator] [8912da67] 21:22:06.521 [pool-6-thread-44] DEBUG c.h.p.o.dependants.PodInfoConfigMap - [helmupgr] Desired PodInfo ConfigMap (1 extensions) (1 enabled)
2025-01-28 21:22:06,525 INFO c.h.h.t.HelmChartContainer - [hivemq-test-hivemq-platform] [hivemq-platform-operator] [8912da67] 21:22:06.524 [pool-6-thread-44] DEBUG c.h.p.o.dependants.PodInfoConfigMap - [helmupgr] Desired PodInfo ConfigMap (metrics port: 9399) (metrics path: /)
2025-01-28 21:22:06,527 INFO c.h.h.t.HelmChartContainer - [hivemq-test-hivemq-platform] [hivemq-platform-operator] [8912da67] 21:22:06.524 [pool-6-thread-44] DEBUG c.h.p.o.dependants.PodInfoConfigMap - [helmupgr] Desired PodInfo ConfigMap (extension state hash: -796743002)
2025-01-28 21:22:06,528 INFO c.h.h.t.HelmChartContainer - [hivemq-test-hivemq-platform] [hivemq-platform-operator] [8912da67] 21:22:06.527 [pool-6-thread-44] DEBUG c.h.p.o.d.StatefulSetResource - [helmupgr] Desired StatefulSet (1 replicas) for status STARTING (READY)
2025-01-28 21:22:06,616 INFO c.h.h.t.HelmChartContainer - [hivemq-test-hivemq-platform] [hivemq-platform-operator] [8912da67] 21:22:06.614 [ReconcilerExecutor-hivemq-controller-113] INFO  c.h.p.o.HiveMQPlatformReconciler - [helmupgr] Reconciling HiveMQ Platform 'test-hivemq-platform' in namespace 'helmupgradeextensionit'
2025-01-28 21:22:06,616 INFO c.h.h.t.HelmChartContainer - [hivemq-test-hivemq-platform] [hivemq-platform-operator] [8912da67] 21:22:06.614 [ReconcilerExecutor-hivemq-controller-113] DEBUG c.h.p.o.HiveMQPlatformReconciler - [helmupgr] Custom Resource Status STARTING - HiveMQ Platform is starting (READY)
2025-01-28 21:22:06,616 INFO c.h.h.t.HelmChartContainer - [hivemq-test-hivemq-platform] [hivemq-platform-operator] [8912da67] 21:22:06.615 [ReconcilerExecutor-hivemq-controller-113] DEBUG c.h.p.o.HiveMQPlatformReconciler - [helmupgr] Custom Resource Spec (replicas: 1) (extensions: 1)
2025-01-28 21:22:06,619 INFO c.h.h.t.HelmChartContainer - [hivemq-test-hivemq-platform] [hivemq-platform-operator] [8912da67] 21:22:06.617 [ReconcilerExecutor-hivemq-controller-113] DEBUG c.h.p.o.HiveMQPlatformReconciler - [helmupgr] StatefulSet Status (revision: test-hivemq-platform-5b6c7575b6, replicas: 1, available: 0, ready: 0, current: 1, updated: 1)
2025-01-28 21:22:06,619 INFO c.h.h.t.HelmChartContainer - [hivemq-test-hivemq-platform] [hivemq-platform-operator] [8912da67] 21:22:06.617 [ReconcilerExecutor-hivemq-controller-113] DEBUG c.h.p.o.HiveMQPlatformReconciler - [helmupgr] StatefulSet Spec (replicas: 1, init containers: 1, containers: 1, volumes: 4)
2025-01-28 21:22:06,622 INFO c.h.h.t.HelmChartContainer - [hivemq-test-hivemq-platform] [hivemq-platform-operator] [8912da67] 21:22:06.621 [ReconcilerExecutor-hivemq-controller-113] DEBUG c.h.p.o.h.HiveMQPlatformReconcilerErrorHandler - [helmupgr] Pod 'test-hivemq-platform-0' phase Running
2025-01-28 21:22:06,623 INFO c.h.h.t.HelmChartContainer - [hivemq-test-hivemq-platform] [hivemq-platform-operator] [8912da67] 21:22:06.622 [ReconcilerExecutor-hivemq-controller-113] INFO  c.h.p.o.h.HiveMQPlatformReconcilerBaseHandler - [helmupgr] HiveMQ Platform is starting, 0 of 1 replicas are ready
2025-01-28 21:22:09,274 INFO c.h.h.t.HelmChartContainer - [test-hivemq-platform] [hivemq] [e344728f] WARN  - Bridge Extension: Connect to bridge 'testbridge' failed for the 1 time, reason: connection timed out after 10000 ms: /172.17.0.3:1883
2025-01-28 21:22:09,275 INFO c.h.h.t.HelmChartContainer - [test-hivemq-platform] [hivemq] [e344728f] WARN  - Bridge Extension: Connect to bridge 'testbridge' failed for the 1 time, reason: connection timed out after 10000 ms: /172.17.0.3:1883
2025-01-28 21:22:11,284 INFO c.h.h.t.HelmChartContainer - [EVENT] Warning [Unhealthy] Readiness probe failed: HTTP probe failed with statuscode: 503 [helmupgradeextensionit:test-hivemq-platform-0]
2025-01-28 21:22:11,285 INFO c.h.h.t.HelmChartContainer - Received Unhealthy event for container hivemq in pod test-hivemq-platform-0 [e344728f-43a0-4813-bd47-171934cbb33f]
2025-01-28 21:22:16,285 INFO c.h.h.t.HelmChartContainer - [EVENT] Warning [Unhealthy] Readiness probe failed: HTTP probe failed with statuscode: 503 [helmupgradeextensionit:test-hivemq-platform-0]
2025-01-28 21:22:16,285 INFO c.h.h.t.HelmChartContainer - Received Unhealthy event for container hivemq in pod test-hivemq-platform-0 [e344728f-43a0-4813-bd47-171934cbb33f]
2025-01-28 21:22:16,628 INFO c.h.h.t.HelmChartContainer - [hivemq-test-hivemq-platform] [hivemq-platform-operator] [8912da67] 21:22:16.625 [pool-6-thread-5] DEBUG c.h.p.o.d.PlatformServiceResource - [helmupgr] Desired Platform services (3 services)
2025-01-28 21:22:16,629 INFO c.h.h.t.HelmChartContainer - [hivemq-test-hivemq-platform] [hivemq-platform-operator] [8912da67] 21:22:16.626 [pool-6-thread-3] DEBUG c.h.p.o.dependants.PodInfoConfigMap - [helmupgr] Desired PodInfo ConfigMap (1 extensions) (1 enabled)
2025-01-28 21:22:16,629 INFO c.h.h.t.HelmChartContainer - [hivemq-test-hivemq-platform] [hivemq-platform-operator] [8912da67] 21:22:16.626 [pool-6-thread-3] DEBUG c.h.p.o.dependants.PodInfoConfigMap - [helmupgr] Desired PodInfo ConfigMap (metrics port: 9399) (metrics path: /)
2025-01-28 21:22:16,629 INFO c.h.h.t.HelmChartContainer - [hivemq-test-hivemq-platform] [hivemq-platform-operator] [8912da67] 21:22:16.626 [pool-6-thread-3] DEBUG c.h.p.o.dependants.PodInfoConfigMap - [helmupgr] Desired PodInfo ConfigMap (extension state hash: -796743002)
2025-01-28 21:22:16,629 INFO c.h.h.t.HelmChartContainer - [hivemq-test-hivemq-platform] [hivemq-platform-operator] [8912da67] 21:22:16.628 [pool-6-thread-3] DEBUG c.h.p.o.d.PodServiceAccountResource - [helmupgr] Desired PodServiceAccountResource (serviceAccountName: hivemq-platform-pod-test-hivemq-platform)
2025-01-28 21:22:16,634 INFO c.h.h.t.HelmChartContainer - [hivemq-test-hivemq-platform] [hivemq-platform-operator] [8912da67] 21:22:16.633 [pool-6-thread-5] DEBUG c.h.p.o.d.StatefulSetResource - [helmupgr] Desired StatefulSet (1 replicas) for status STARTING (READY)
2025-01-28 21:22:16,636 INFO c.h.h.t.HelmChartContainer - [hivemq-test-hivemq-platform] [hivemq-platform-operator] [8912da67] 21:22:16.635 [ReconcilerExecutor-hivemq-controller-114] INFO  c.h.p.o.HiveMQPlatformReconciler - [helmupgr] Reconciling HiveMQ Platform 'test-hivemq-platform' in namespace 'helmupgradeextensionit'
2025-01-28 21:22:16,638 INFO c.h.h.t.HelmChartContainer - [hivemq-test-hivemq-platform] [hivemq-platform-operator] [8912da67] 21:22:16.636 [ReconcilerExecutor-hivemq-controller-114] DEBUG c.h.p.o.HiveMQPlatformReconciler - [helmupgr] Custom Resource Status STARTING - HiveMQ Platform is starting (READY)
2025-01-28 21:22:16,638 INFO c.h.h.t.HelmChartContainer - [hivemq-test-hivemq-platform] [hivemq-platform-operator] [8912da67] 21:22:16.636 [ReconcilerExecutor-hivemq-controller-114] DEBUG c.h.p.o.HiveMQPlatformReconciler - [helmupgr] Custom Resource Spec (replicas: 1) (extensions: 1)
2025-01-28 21:22:16,638 INFO c.h.h.t.HelmChartContainer - [hivemq-test-hivemq-platform] [hivemq-platform-operator] [8912da67] 21:22:16.637 [ReconcilerExecutor-hivemq-controller-114] DEBUG c.h.p.o.HiveMQPlatformReconciler - [helmupgr] StatefulSet Status (revision: test-hivemq-platform-5b6c7575b6, replicas: 1, available: 0, ready: 0, current: 1, updated: 1)
2025-01-28 21:22:16,638 INFO c.h.h.t.HelmChartContainer - [hivemq-test-hivemq-platform] [hivemq-platform-operator] [8912da67] 21:22:16.638 [ReconcilerExecutor-hivemq-controller-114] DEBUG c.h.p.o.HiveMQPlatformReconciler - [helmupgr] StatefulSet Spec (replicas: 1, init containers: 1, containers: 1, volumes: 4)
2025-01-28 21:22:16,640 INFO c.h.h.t.HelmChartContainer - [hivemq-test-hivemq-platform] [hivemq-platform-operator] [8912da67] 21:22:16.639 [ReconcilerExecutor-hivemq-controller-114] DEBUG c.h.p.o.h.HiveMQPlatformReconcilerErrorHandler - [helmupgr] Pod 'test-hivemq-platform-0' phase Running
2025-01-28 21:22:16,641 INFO c.h.h.t.HelmChartContainer - [hivemq-test-hivemq-platform] [hivemq-platform-operator] [8912da67] 21:22:16.639 [ReconcilerExecutor-hivemq-controller-114] INFO  c.h.p.o.h.HiveMQPlatformReconcilerBaseHandler - [helmupgr] HiveMQ Platform is starting, 0 of 1 replicas are ready
2025-01-28 21:22:17,560 INFO c.h.h.t.HelmChartContainer - [test-hivemq-platform] [hivemq] [e344728f] INFO  - [HiveMQ Platform Operator Init App 1.7.0-SNAPSHOT] Returning Health API response 200 for liveness
2025-01-28 21:22:21,068 INFO c.h.h.t.HelmChartContainer - [test-hivemq-platform] [hivemq] [e344728f] WARN  - Bridge Extension: Connect to bridge 'testbridge' failed for the 2 time, reason: connection timed out after 10000 ms: /172.17.0.3:1883
2025-01-28 21:22:21,285 INFO c.h.h.t.HelmChartContainer - [EVENT] Warning [Unhealthy] Readiness probe failed: HTTP probe failed with statuscode: 503 [helmupgradeextensionit:test-hivemq-platform-0]
2025-01-28 21:22:21,285 INFO c.h.h.t.HelmChartContainer - Received Unhealthy event for container hivemq in pod test-hivemq-platform-0 [e344728f-43a0-4813-bd47-171934cbb33f]
2025-01-28 21:22:21,293 INFO c.h.h.t.HelmChartContainer - [test-hivemq-platform] [hivemq] [e344728f] WARN  - Bridge Extension: Connect to bridge 'testbridge' failed for the 2 time, reason: connection timed out after 10000 ms: /172.17.0.3:1883
2025-01-28 21:22:21,294 INFO c.h.h.t.HelmChartContainer - [test-hivemq-platform] [hivemq] [e344728f] WARN  - Bridge Extension: Not all clients could connect successfully to remote brokers. The clients will retry the connection.
2025-01-28 21:22:21,369 INFO c.h.h.t.HelmChartContainer - [test-hivemq-platform] [hivemq] [e344728f] INFO  - Extension "HiveMQ Enterprise Bridge Extension" version 4.36.0 started successfully.
2025-01-28 21:22:21,369 INFO c.h.h.testcontainer.LogWaiterUtil - TEST Found log pattern on 'test-hivemq-platform-0': .*Extension "HiveMQ Enterprise Bridge Extension" version .* started successfully.
2025-01-28 21:22:21,369 INFO c.h.h.t.HelmChartContainer - [test-hivemq-platform] [hivemq] [e344728f] INFO  - Starting extension with id "hivemq-prometheus-extension" at /opt/hivemq/extensions/hivemq-prometheus-extension
2025-01-28 21:22:21,773 INFO c.h.h.t.HelmChartContainer - [test-hivemq-platform] [hivemq] [e344728f] INFO  - Started Jetty Server exposing Prometheus Servlet on URI http://0.0.0.0:9399/
2025-01-28 21:22:21,773 INFO c.h.h.t.HelmChartContainer - [test-hivemq-platform] [hivemq] [e344728f] INFO  - Extension "Prometheus Monitoring Extension" version 4.0.12 started successfully.
2025-01-28 21:22:21,774 INFO c.h.h.t.HelmChartContainer - [test-hivemq-platform] [hivemq] [e344728f] INFO  - Starting extension with id "hivemq-allow-all-extension" at /opt/hivemq/extensions/hivemq-allow-all-extension
2025-01-28 21:22:21,774 INFO c.h.h.t.HelmChartContainer - [test-hivemq-platform] [hivemq] [e344728f] WARN  - 
2025-01-28 21:22:21,774 INFO c.h.h.t.HelmChartContainer - [test-hivemq-platform] [hivemq] [e344728f] ################################################################################################################
2025-01-28 21:22:21,775 INFO c.h.h.t.HelmChartContainer - [test-hivemq-platform] [hivemq] [e344728f] # This HiveMQ deployment is not secure! You are lacking Authentication and Authorization.                      #
2025-01-28 21:22:21,775 INFO c.h.h.t.HelmChartContainer - [test-hivemq-platform] [hivemq] [e344728f] # Right now any MQTT client can connect to the broker with a full set of permissions.                          #
2025-01-28 21:22:21,776 INFO c.h.h.t.HelmChartContainer - [test-hivemq-platform] [hivemq] [e344728f] # For production usage, add an appropriate security extension and remove the hivemq-allow-all extension.       #
2025-01-28 21:22:21,776 INFO c.h.h.t.HelmChartContainer - [test-hivemq-platform] [hivemq] [e344728f] # You can download security extensions from the HiveMQ Marketplace (https://www.hivemq.com/extensions/).       #
2025-01-28 21:22:21,776 INFO c.h.h.t.HelmChartContainer - [test-hivemq-platform] [hivemq] [e344728f] ################################################################################################################
2025-01-28 21:22:21,776 INFO c.h.h.t.HelmChartContainer - [test-hivemq-platform] [hivemq] [e344728f] INFO  - Extension "Allow All Extension" version 1.1.1 started successfully.
2025-01-28 21:22:21,777 INFO c.h.h.t.HelmChartContainer - [test-hivemq-platform] [hivemq] [e344728f] WARN  - No user for HiveMQ Control Center configured. Starting with default user
2025-01-28 21:22:21,778 INFO c.h.h.t.HelmChartContainer - [test-hivemq-platform] [hivemq] [e344728f] INFO  - Starting HiveMQ Control Center on address 0.0.0.0 and port 8080
2025-01-28 21:22:21,781 INFO c.h.h.t.HelmChartContainer - [test-hivemq-platform] [hivemq] [e344728f] INFO  - Mounting HiveMQ Control Center V2 Preview
2025-01-28 21:22:22,472 INFO c.h.h.t.HelmChartContainer - [test-hivemq-platform] [hivemq] [e344728f] INFO  - Started HiveMQ Control Center in 694ms
2025-01-28 21:22:22,565 INFO c.h.h.t.HelmChartContainer - [test-hivemq-platform] [hivemq] [e344728f] INFO  - Starting TCP listener on address 0.0.0.0 and port 1883
2025-01-28 21:22:22,585 INFO c.h.h.t.HelmChartContainer - [test-hivemq-platform] [hivemq] [e344728f] INFO  - Started TCP Listener on address 0.0.0.0 and on port 1883.
2025-01-28 21:22:22,585 INFO c.h.h.t.HelmChartContainer - [test-hivemq-platform] [hivemq] [e344728f] INFO  - Started HiveMQ in 54610ms
2025-01-28 21:22:26,280 INFO c.h.h.t.HelmChartContainer - [test-hivemq-platform] [hivemq] [e344728f] INFO  - [HiveMQ Platform Operator Init App 1.7.0-SNAPSHOT] Returning Health API response 200 for readiness
2025-01-28 21:22:26,291 INFO c.h.h.t.HelmChartContainer - [POD] test-hivemq-platform-0 [e344728f-43a0-4813-bd47-171934cbb33f] in helmupgradeextensionit was MODIFIED
2025-01-28 21:22:26,306 INFO c.h.h.t.HelmChartContainer - [hivemq-test-hivemq-platform] [hivemq-platform-operator] [8912da67] 21:22:26.302 [pool-6-thread-14] DEBUG c.h.p.o.d.PlatformServiceResource - [helmupgr] Desired Platform services (3 services)
2025-01-28 21:22:26,312 INFO c.h.h.t.HelmChartContainer - [hivemq-test-hivemq-platform] [hivemq-platform-operator] [8912da67] 21:22:26.303 [pool-6-thread-11] DEBUG c.h.p.o.dependants.PodInfoConfigMap - [helmupgr] Desired PodInfo ConfigMap (1 extensions) (1 enabled)
2025-01-28 21:22:26,312 INFO c.h.h.t.HelmChartContainer - [hivemq-test-hivemq-platform] [hivemq-platform-operator] [8912da67] 21:22:26.303 [pool-6-thread-11] DEBUG c.h.p.o.dependants.PodInfoConfigMap - [helmupgr] Desired PodInfo ConfigMap (metrics port: 9399) (metrics path: /)
2025-01-28 21:22:26,312 INFO c.h.h.t.HelmChartContainer - [hivemq-test-hivemq-platform] [hivemq-platform-operator] [8912da67] 21:22:26.303 [pool-6-thread-11] DEBUG c.h.p.o.dependants.PodInfoConfigMap - [helmupgr] Desired PodInfo ConfigMap (extension state hash: -796743002)
2025-01-28 21:22:26,312 INFO c.h.h.t.HelmChartContainer - [hivemq-test-hivemq-platform] [hivemq-platform-operator] [8912da67] 21:22:26.304 [pool-6-thread-15] DEBUG c.h.p.o.d.PodServiceAccountResource - [helmupgr] Desired PodServiceAccountResource (serviceAccountName: hivemq-platform-pod-test-hivemq-platform)
2025-01-28 21:22:26,386 INFO c.h.h.t.HelmChartContainer - [hivemq-test-hivemq-platform] [hivemq-platform-operator] [8912da67] 21:22:26.318 [pool-6-thread-14] DEBUG c.h.p.o.d.StatefulSetResource - [helmupgr] Desired StatefulSet (1 replicas) for status STARTING (READY)
2025-01-28 21:22:26,392 INFO c.h.h.t.HelmChartContainer - [hivemq-test-hivemq-platform] [hivemq-platform-operator] [8912da67] 21:22:26.390 [ReconcilerExecutor-hivemq-controller-115] INFO  c.h.p.o.HiveMQPlatformReconciler - [helmupgr] Reconciling HiveMQ Platform 'test-hivemq-platform' in namespace 'helmupgradeextensionit'
2025-01-28 21:22:26,392 INFO c.h.h.t.HelmChartContainer - [hivemq-test-hivemq-platform] [hivemq-platform-operator] [8912da67] 21:22:26.390 [ReconcilerExecutor-hivemq-controller-115] DEBUG c.h.p.o.HiveMQPlatformReconciler - [helmupgr] Custom Resource Status STARTING - HiveMQ Platform is starting (READY)
2025-01-28 21:22:26,392 INFO c.h.h.t.HelmChartContainer - [hivemq-test-hivemq-platform] [hivemq-platform-operator] [8912da67] 21:22:26.390 [ReconcilerExecutor-hivemq-controller-115] DEBUG c.h.p.o.HiveMQPlatformReconciler - [helmupgr] Custom Resource Spec (replicas: 1) (extensions: 1)
2025-01-28 21:22:26,393 INFO c.h.h.t.HelmChartContainer - [hivemq-test-hivemq-platform] [hivemq-platform-operator] [8912da67] 21:22:26.392 [ReconcilerExecutor-hivemq-controller-115] DEBUG c.h.p.o.HiveMQPlatformReconciler - [helmupgr] StatefulSet Status (revision: test-hivemq-platform-5b6c7575b6, replicas: 1, available: 1, ready: 1, current: 1, updated: 1)
2025-01-28 21:22:26,394 INFO c.h.h.t.HelmChartContainer - [hivemq-test-hivemq-platform] [hivemq-platform-operator] [8912da67] 21:22:26.392 [ReconcilerExecutor-hivemq-controller-115] DEBUG c.h.p.o.HiveMQPlatformReconciler - [helmupgr] StatefulSet Spec (replicas: 1, init containers: 1, containers: 1, volumes: 4)
2025-01-28 21:22:26,395 INFO c.h.h.t.HelmChartContainer - [hivemq-test-hivemq-platform] [hivemq-platform-operator] [8912da67] 21:22:26.394 [ReconcilerExecutor-hivemq-controller-115] DEBUG c.h.p.o.h.HiveMQPlatformReconcilerErrorHandler - [helmupgr] Pod 'test-hivemq-platform-0' phase Running
2025-01-28 21:22:26,396 INFO c.h.h.t.HelmChartContainer - [hivemq-test-hivemq-platform] [hivemq-platform-operator] [8912da67] 21:22:26.395 [ReconcilerExecutor-hivemq-controller-115] INFO  c.h.p.o.h.HiveMQPlatformReconcilerBaseHandler - [helmupgr] HiveMQ Platform started successfully
2025-01-28 21:22:26,503 INFO c.h.h.t.HelmChartContainer - [hivemq-test-hivemq-platform] [hivemq-platform-operator] [8912da67] 21:22:26.501 [ReconcilerExecutor-hivemq-controller-115] DEBUG c.h.p.operator.event.EventSender - [helmupgr] Creating K8s event hivemq-platform-ready: [Ready] HiveMQ Platform is ready
2025-01-28 21:22:26,506 INFO c.h.h.t.HelmChartContainer - [EVENT] Normal [Ready] HiveMQ Platform is ready [helmupgradeextensionit:test-hivemq-platform]
2025-01-28 21:22:26,516 INFO c.h.h.t.HelmChartContainer - [hivemq-test-hivemq-platform] [hivemq-platform-operator] [8912da67] 21:22:26.515 [ReconcilerExecutor-hivemq-controller-115] INFO  c.h.p.o.h.AbstractHiveMQReconcilerStateHandler - [helmupgr] Update HiveMQ Platform Status (STARTING [READY] -> RUNNING [READY]): HiveMQ Platform is ready
2025-01-28 21:22:26,593 DEBUG com.hivemq.helmcharts.util.K8sUtil - Comparing actual state 'RUNNING' and waiting for 'RUNNING'
2025-01-28 21:22:26,603 INFO c.h.h.t.HelmChartContainer - [hivemq-test-hivemq-platform] [hivemq-platform-operator] [8912da67] 21:22:26.599 [pool-6-thread-22] DEBUG c.h.p.o.d.PlatformServiceResource - [helmupgr] Desired Platform services (3 services)
2025-01-28 21:22:26,604 INFO c.h.h.t.HelmChartContainer - [hivemq-test-hivemq-platform] [hivemq-platform-operator] [8912da67] 21:22:26.601 [pool-6-thread-27] DEBUG c.h.p.o.dependants.PodInfoConfigMap - [helmupgr] Desired PodInfo ConfigMap (1 extensions) (1 enabled)
2025-01-28 21:22:26,604 INFO c.h.h.t.HelmChartContainer - [hivemq-test-hivemq-platform] [hivemq-platform-operator] [8912da67] 21:22:26.601 [pool-6-thread-27] DEBUG c.h.p.o.dependants.PodInfoConfigMap - [helmupgr] Desired PodInfo ConfigMap (metrics port: 9399) (metrics path: /)
2025-01-28 21:22:26,604 INFO c.h.h.t.HelmChartContainer - [hivemq-test-hivemq-platform] [hivemq-platform-operator] [8912da67] 21:22:26.601 [pool-6-thread-27] DEBUG c.h.p.o.dependants.PodInfoConfigMap - [helmupgr] Desired PodInfo ConfigMap (extension state hash: -796743002)
2025-01-28 21:22:26,604 INFO c.h.h.t.HelmChartContainer - [hivemq-test-hivemq-platform] [hivemq-platform-operator] [8912da67] 21:22:26.602 [pool-6-thread-24] DEBUG c.h.p.o.d.PodServiceAccountResource - [helmupgr] Desired PodServiceAccountResource (serviceAccountName: hivemq-platform-pod-test-hivemq-platform)
2025-01-28 21:22:26,604 INFO c.h.h.t.HelmChartContainer - [hivemq-test-hivemq-platform] [hivemq-platform-operator] [8912da67] 21:22:26.602 [pool-6-thread-27] DEBUG c.h.p.o.dependants.PodInfoConfigMap - [helmupgr] Update PodInfo ConfigMap
2025-01-28 21:22:26,695 INFO c.h.h.t.HelmChartContainer - [hivemq-test-hivemq-platform] [hivemq-platform-operator] [8912da67] 21:22:26.693 [pool-6-thread-27] DEBUG c.h.p.o.d.StatefulSetResource - [helmupgr] Desired StatefulSet (1 replicas) for status RUNNING (READY)
2025-01-28 21:22:26,700 INFO c.h.h.t.HelmChartContainer - [hivemq-test-hivemq-platform] [hivemq-platform-operator] [8912da67] 21:22:26.699 [ReconcilerExecutor-hivemq-controller-116] INFO  c.h.p.o.HiveMQPlatformReconciler - [helmupgr] Reconciling HiveMQ Platform 'test-hivemq-platform' in namespace 'helmupgradeextensionit'
2025-01-28 21:22:26,700 INFO c.h.h.t.HelmChartContainer - [hivemq-test-hivemq-platform] [hivemq-platform-operator] [8912da67] 21:22:26.699 [ReconcilerExecutor-hivemq-controller-116] DEBUG c.h.p.o.HiveMQPlatformReconciler - [helmupgr] Custom Resource Status RUNNING - HiveMQ Platform is ready (READY)
2025-01-28 21:22:26,703 INFO c.h.h.t.HelmChartContainer - [hivemq-test-hivemq-platform] [hivemq-platform-operator] [8912da67] 21:22:26.700 [ReconcilerExecutor-hivemq-controller-116] DEBUG c.h.p.o.HiveMQPlatformReconciler - [helmupgr] Custom Resource Spec (replicas: 1) (extensions: 1)
2025-01-28 21:22:26,704 INFO c.h.h.t.HelmChartContainer - [hivemq-test-hivemq-platform] [hivemq-platform-operator] [8912da67] 21:22:26.703 [ReconcilerExecutor-hivemq-controller-116] DEBUG c.h.p.o.HiveMQPlatformReconciler - [helmupgr] StatefulSet Status (revision: test-hivemq-platform-5b6c7575b6, replicas: 1, available: 1, ready: 1, current: 1, updated: 1)
2025-01-28 21:22:26,705 INFO c.h.h.t.HelmChartContainer - [hivemq-test-hivemq-platform] [hivemq-platform-operator] [8912da67] 21:22:26.704 [ReconcilerExecutor-hivemq-controller-116] DEBUG c.h.p.o.HiveMQPlatformReconciler - [helmupgr] StatefulSet Spec (replicas: 1, init containers: 1, containers: 1, volumes: 4)
2025-01-28 21:22:26,788 INFO c.h.h.t.HelmChartContainer - [hivemq-test-hivemq-platform] [hivemq-platform-operator] [8912da67] 21:22:26.786 [ReconcilerExecutor-hivemq-controller-116] DEBUG c.h.p.o.h.HiveMQPlatformReconcilerErrorHandler - [helmupgr] Pod 'test-hivemq-platform-0' phase Running
2025-01-28 21:22:30,614 INFO c.h.h.testcontainer.LogWaiterUtil - TEST Waiting for log pattern on 'test-hivemq-platform-0': .*\[HiveMQ Platform Operator Init App [A-Z0-9.-]+\] Successfully enabled extension hivemq-bridge-extension
2025-01-28 21:22:30,614 INFO c.h.h.testcontainer.LogWaiterUtil - TEST Waiting for log pattern on 'test-hivemq-platform-0': .*Extension "HiveMQ Enterprise Bridge Extension" version .* started successfully.
2025-01-28 21:22:30,680 DEBUG c.h.h.t.HelmChartContainer - Executing helm command: /bin/helm --kubeconfig /etc/rancher/k3s/k3s.yaml upgrade test-hivemq-platform /charts/hivemq-platform --wait --timeout 5m0s --set image.repository=docker.io/hivemq --set image.tag=4.36.0 --set image.pullPolicy=Never --set nodes.resources.cpu=512m -f /files/bridge-updated-values.yaml --namespace helmupgradeextensionit
2025-01-28 21:22:31,068 INFO c.h.h.t.HelmChartContainer - [hivemq-test-hivemq-platform] [hivemq-platform-operator] [8912da67] 21:22:31.065 [pool-6-thread-33] DEBUG c.h.p.o.d.PlatformServiceResource - [helmupgr] Desired Platform services (3 services)
2025-01-28 21:22:31,071 INFO c.h.h.t.HelmChartContainer - [hivemq-test-hivemq-platform] [hivemq-platform-operator] [8912da67] 21:22:31.069 [pool-6-thread-39] DEBUG c.h.p.o.d.PodServiceAccountResource - [helmupgr] Desired PodServiceAccountResource (serviceAccountName: hivemq-platform-pod-test-hivemq-platform)
2025-01-28 21:22:31,072 INFO c.h.h.t.HelmChartContainer - [hivemq-test-hivemq-platform] [hivemq-platform-operator] [8912da67] 21:22:31.066 [pool-6-thread-37] DEBUG c.h.p.o.dependants.PodInfoConfigMap - [helmupgr] Desired PodInfo ConfigMap (1 extensions) (1 enabled)
2025-01-28 21:22:31,072 INFO c.h.h.t.HelmChartContainer - [hivemq-test-hivemq-platform] [hivemq-platform-operator] [8912da67] 21:22:31.071 [pool-6-thread-37] DEBUG c.h.p.o.dependants.PodInfoConfigMap - [helmupgr] Desired PodInfo ConfigMap (metrics port: 9399) (metrics path: /)
2025-01-28 21:22:31,072 INFO c.h.h.t.HelmChartContainer - [hivemq-test-hivemq-platform] [hivemq-platform-operator] [8912da67] 21:22:31.071 [pool-6-thread-37] DEBUG c.h.p.o.dependants.PodInfoConfigMap - [helmupgr] Desired PodInfo ConfigMap (extension state hash: -1104086761)
2025-01-28 21:22:31,077 INFO c.h.h.t.HelmChartContainer - [hivemq-test-hivemq-platform] [hivemq-platform-operator] [8912da67] 21:22:31.072 [pool-6-thread-37] DEBUG c.h.p.o.dependants.PodInfoConfigMap - [helmupgr] Update PodInfo ConfigMap
2025-01-28 21:22:31,079 INFO c.h.h.t.HelmChartContainer - [hivemq-test-hivemq-platform] [hivemq-platform-operator] [8912da67] 21:22:31.076 [pool-6-thread-37] DEBUG c.h.p.o.dependants.PodInfoConfigMap - [helmupgr] Detected change in configuration of extension 'hivemq-bridge-extension' ({skip-https-hostname-verification=false, restart=true, config-version=832, header-version=0, c-uri=, uri=preinstalled, skip-https-certificate-validation=false, enabled=true} -> {skip-https-hostname-verification=false, restart=true, config-version=937, header-version=0, c-uri=, uri=preinstalled, skip-https-certificate-validation=false, enabled=true})
2025-01-28 21:22:31,079 INFO c.h.h.t.HelmChartContainer - [hivemq-test-hivemq-platform] [hivemq-platform-operator] [8912da67] 21:22:31.076 [pool-6-thread-37] INFO  c.h.p.o.dependants.PodInfoConfigMap - [helmupgr] Extension configuration was updated, restarting extensions: [hivemq-bridge-extension]
2025-01-28 21:22:31,126 INFO c.h.h.t.HelmChartContainer - [hivemq-test-hivemq-platform] [hivemq-platform-operator] [8912da67] 21:22:31.123 [pool-6-thread-37] DEBUG c.h.p.o.d.StatefulSetResource - [helmupgr] Desired StatefulSet (1 replicas) for status RUNNING (READY)
2025-01-28 21:22:31,129 INFO c.h.h.t.HelmChartContainer - [hivemq-test-hivemq-platform] [hivemq-platform-operator] [8912da67] 21:22:31.127 [pool-6-thread-37] DEBUG c.h.p.o.d.StatefulSetResource - [helmupgr] Update StatefulSet (replicas: 1 -> 1)
2025-01-28 21:22:31,223 INFO c.h.h.t.HelmChartContainer - [hivemq-test-hivemq-platform] [hivemq-platform-operator] [8912da67] 21:22:31.217 [pool-6-thread-37] DEBUG c.h.p.o.d.StatefulSetResource - [helmupgr] Detected change in StatefulSet specification (path: /template/spec/volumes/2/configMap/name) (actual value: "test-bridge-configuration") (target value: "updated-test-bridge-configuration")
2025-01-28 21:22:31,227 INFO c.h.h.t.HelmChartContainer - [hivemq-test-hivemq-platform] [hivemq-platform-operator] [8912da67] 21:22:31.222 [pool-6-thread-37] INFO  c.h.p.o.d.StatefulSetResource - [helmupgr] StatefulSet spec was updated, triggering rolling restart
2025-01-28 21:22:31,249 DEBUG com.hivemq.helmcharts.util.K8sUtil - Comparing actual state 'RUNNING' and waiting for 'ROLLING_RESTART'
2025-01-28 21:22:31,331 INFO c.h.h.t.HelmChartContainer - [hivemq-test-hivemq-platform] [hivemq-platform-operator] [8912da67] 21:22:31.330 [ReconcilerExecutor-hivemq-controller-118] INFO  c.h.p.o.HiveMQPlatformReconciler - [helmupgr] Reconciling HiveMQ Platform 'test-hivemq-platform' in namespace 'helmupgradeextensionit'
2025-01-28 21:22:31,331 INFO c.h.h.t.HelmChartContainer - [hivemq-test-hivemq-platform] [hivemq-platform-operator] [8912da67] 21:22:31.330 [ReconcilerExecutor-hivemq-controller-118] DEBUG c.h.p.o.HiveMQPlatformReconciler - [helmupgr] Custom Resource Status RUNNING - HiveMQ Platform is ready (READY) (reconciliation requests: REQUESTS_UPDATED, RESTART_EXTENSIONS, ROLLING_RESTART)
2025-01-28 21:22:31,332 INFO c.h.h.t.HelmChartContainer - [hivemq-test-hivemq-platform] [hivemq-platform-operator] [8912da67] 21:22:31.330 [ReconcilerExecutor-hivemq-controller-118] DEBUG c.h.p.o.HiveMQPlatformReconciler - [helmupgr] Custom Resource Spec (replicas: 1) (extensions: 1)
2025-01-28 21:22:31,334 INFO c.h.h.t.HelmChartContainer - [hivemq-test-hivemq-platform] [hivemq-platform-operator] [8912da67] 21:22:31.333 [ReconcilerExecutor-hivemq-controller-118] DEBUG c.h.p.o.HiveMQPlatformReconciler - [helmupgr] StatefulSet Status (revision: test-hivemq-platform-5b6c7575b6, replicas: 1, available: 1, ready: 1, current: 1, updated: 1)
2025-01-28 21:22:31,415 INFO c.h.h.t.HelmChartContainer - [hivemq-test-hivemq-platform] [hivemq-platform-operator] [8912da67] 21:22:31.414 [ReconcilerExecutor-hivemq-controller-118] DEBUG c.h.p.o.HiveMQPlatformReconciler - [helmupgr] StatefulSet Spec (replicas: 1, init containers: 1, containers: 1, volumes: 4)
2025-01-28 21:22:31,417 INFO c.h.h.t.HelmChartContainer - [hivemq-test-hivemq-platform] [hivemq-platform-operator] [8912da67] 21:22:31.416 [ReconcilerExecutor-hivemq-controller-118] DEBUG c.h.p.o.h.HiveMQPlatformReconcilerErrorHandler - [helmupgr] Pod 'test-hivemq-platform-0' phase Running
2025-01-28 21:22:31,419 INFO c.h.h.t.HelmChartContainer - [hivemq-test-hivemq-platform] [hivemq-platform-operator] [8912da67] 21:22:31.418 [ReconcilerExecutor-hivemq-controller-118] INFO  c.h.p.o.h.HiveMQPlatformReconcilerBaseHandler - [helmupgr] Started rolling restart (scaling to 2 replicas)
2025-01-28 21:22:31,436 INFO c.h.h.t.HelmChartContainer - [hivemq-test-hivemq-platform] [hivemq-platform-operator] [8912da67] 21:22:31.435 [ReconcilerExecutor-hivemq-controller-118] DEBUG c.h.p.operator.event.EventSender - [helmupgr] Creating K8s event rolling-restart-started: [RollingRestart] HiveMQ Platform is starting a surge Pod (rolling restart)
2025-01-28 21:22:31,518 INFO c.h.h.t.HelmChartContainer - [EVENT] Normal [RollingRestart] HiveMQ Platform is starting a surge Pod (rolling restart) [helmupgradeextensionit:test-hivemq-platform]
2025-01-28 21:22:31,519 INFO c.h.h.t.HelmChartContainer - [hivemq-test-hivemq-platform] [hivemq-platform-operator] [8912da67] 21:22:31.519 [ReconcilerExecutor-hivemq-controller-118] INFO  c.h.p.o.h.AbstractHiveMQReconcilerStateHandler - [helmupgr] Update HiveMQ Platform Status (RUNNING [READY] -> ROLLING_RESTART [SURGE_IN_PROGRESS]): HiveMQ Platform is starting a surge Pod (rolling restart)
2025-01-28 21:22:31,528 DEBUG com.hivemq.helmcharts.util.K8sUtil - Comparing actual state 'ROLLING_RESTART' and waiting for 'ROLLING_RESTART'
2025-01-28 21:22:31,532 INFO c.h.h.t.HelmChartContainer - [hivemq-test-hivemq-platform] [hivemq-platform-operator] [8912da67] 21:22:31.531 [pool-6-thread-42] DEBUG c.h.p.o.d.PlatformServiceResource - [helmupgr] Desired Platform services (3 services)
2025-01-28 21:22:31,534 INFO c.h.h.t.HelmChartContainer - [hivemq-test-hivemq-platform] [hivemq-platform-operator] [8912da67] 21:22:31.532 [pool-6-thread-43] DEBUG c.h.p.o.d.PodServiceAccountResource - [helmupgr] Desired PodServiceAccountResource (serviceAccountName: hivemq-platform-pod-test-hivemq-platform)
2025-01-28 21:22:31,536 DEBUG com.hivemq.helmcharts.util.K8sUtil - Comparing actual state 'ROLLING_RESTART' and waiting for 'RUNNING'
2025-01-28 21:22:31,536 INFO c.h.h.t.HelmChartContainer - [hivemq-test-hivemq-platform] [hivemq-platform-operator] [8912da67] 21:22:31.535 [pool-6-thread-48] DEBUG c.h.p.o.dependants.PodInfoConfigMap - [helmupgr] Desired PodInfo ConfigMap (1 extensions) (1 enabled)
2025-01-28 21:22:31,537 INFO c.h.h.t.HelmChartContainer - [hivemq-test-hivemq-platform] [hivemq-platform-operator] [8912da67] 21:22:31.536 [pool-6-thread-48] DEBUG c.h.p.o.dependants.PodInfoConfigMap - [helmupgr] Desired PodInfo ConfigMap (metrics port: 9399) (metrics path: /)
2025-01-28 21:22:31,537 INFO c.h.h.t.HelmChartContainer - [hivemq-test-hivemq-platform] [hivemq-platform-operator] [8912da67] 21:22:31.536 [pool-6-thread-48] DEBUG c.h.p.o.dependants.PodInfoConfigMap - [helmupgr] Desired PodInfo ConfigMap (extension state hash: -1104086761)
2025-01-28 21:22:31,538 INFO c.h.h.t.HelmChartContainer - [hivemq-test-hivemq-platform] [hivemq-platform-operator] [8912da67] 21:22:31.537 [pool-6-thread-48] DEBUG c.h.p.o.dependants.PodInfoConfigMap - [helmupgr] Update PodInfo ConfigMap
2025-01-28 21:22:31,618 INFO c.h.h.t.HelmChartContainer - [hivemq-test-hivemq-platform] [hivemq-platform-operator] [8912da67] 21:22:31.617 [pool-6-thread-48] DEBUG c.h.p.o.d.StatefulSetResource - [helmupgr] Desired StatefulSet (2 replicas) for status ROLLING_RESTART (SURGE_IN_PROGRESS)
2025-01-28 21:22:31,621 INFO c.h.h.t.HelmChartContainer - [hivemq-test-hivemq-platform] [hivemq-platform-operator] [8912da67] 21:22:31.620 [pool-6-thread-48] DEBUG c.h.p.o.d.StatefulSetResource - [helmupgr] Update StatefulSet (replicas: 1 -> 2)
2025-01-28 21:22:31,640 INFO c.h.h.t.HelmChartContainer - [hivemq-test-hivemq-platform] [hivemq-platform-operator] [8912da67] 21:22:31.634 [ReconcilerExecutor-hivemq-controller-119] INFO  c.h.p.o.HiveMQPlatformReconciler - [helmupgr] Reconciling HiveMQ Platform 'test-hivemq-platform' in namespace 'helmupgradeextensionit'
2025-01-28 21:22:31,640 INFO c.h.h.t.HelmChartContainer - [hivemq-test-hivemq-platform] [hivemq-platform-operator] [8912da67] 21:22:31.634 [ReconcilerExecutor-hivemq-controller-119] DEBUG c.h.p.o.HiveMQPlatformReconciler - [helmupgr] Custom Resource Status ROLLING_RESTART - HiveMQ Platform is starting a surge Pod (rolling restart) (SURGE_IN_PROGRESS)
2025-01-28 21:22:31,640 INFO c.h.h.t.HelmChartContainer - [hivemq-test-hivemq-platform] [hivemq-platform-operator] [8912da67] 21:22:31.634 [ReconcilerExecutor-hivemq-controller-119] DEBUG c.h.p.o.HiveMQPlatformReconciler - [helmupgr] Custom Resource Spec (replicas: 1) (extensions: 1)
2025-01-28 21:22:31,640 INFO c.h.h.t.HelmChartContainer - [POD] test-hivemq-platform-1 [4d357a77-09ec-429a-b8e5-f0723ebb76ad] in helmupgradeextensionit was ADDED
2025-01-28 21:22:31,642 INFO c.h.h.t.HelmChartContainer - [EVENT] Normal [SuccessfulCreate] create Pod test-hivemq-platform-1 in StatefulSet test-hivemq-platform successful [helmupgradeextensionit:test-hivemq-platform]
2025-01-28 21:22:31,646 INFO c.h.h.t.HelmChartContainer - [POD] test-hivemq-platform-1 [4d357a77-09ec-429a-b8e5-f0723ebb76ad] in helmupgradeextensionit was MODIFIED
2025-01-28 21:22:31,654 INFO c.h.h.t.HelmChartContainer - [EVENT] Normal [Scheduled] Successfully assigned helmupgradeextensionit/test-hivemq-platform-1 to 42ea5d3d1b91 [helmupgradeextensionit:test-hivemq-platform-1]
2025-01-28 21:22:31,660 INFO c.h.h.t.HelmChartContainer - [POD] test-hivemq-platform-1 [4d357a77-09ec-429a-b8e5-f0723ebb76ad] in helmupgradeextensionit was MODIFIED
2025-01-28 21:22:31,725 INFO c.h.h.t.HelmChartContainer - [hivemq-test-hivemq-platform] [hivemq-platform-operator] [8912da67] 21:22:31.718 [ReconcilerExecutor-hivemq-controller-119] DEBUG c.h.p.o.HiveMQPlatformReconciler - [helmupgr] StatefulSet Status (revision: test-hivemq-platform-7c6d7d4d7b, replicas: 1, available: 1, ready: 1, current: 1, updated: 0)
2025-01-28 21:22:31,726 INFO c.h.h.t.HelmChartContainer - [hivemq-test-hivemq-platform] [hivemq-platform-operator] [8912da67] 21:22:31.720 [ReconcilerExecutor-hivemq-controller-119] DEBUG c.h.p.o.HiveMQPlatformReconciler - [helmupgr] StatefulSet Spec (replicas: 2, init containers: 1, containers: 1, volumes: 4)
2025-01-28 21:22:31,729 INFO c.h.h.t.HelmChartContainer - [hivemq-test-hivemq-platform] [hivemq-platform-operator] [8912da67] 21:22:31.722 [ReconcilerExecutor-hivemq-controller-119] DEBUG c.h.p.o.h.HiveMQPlatformReconcilerErrorHandler - [helmupgr] Pod 'test-hivemq-platform-1' phase Pending
2025-01-28 21:22:31,730 INFO c.h.h.t.HelmChartContainer - [hivemq-test-hivemq-platform] [hivemq-platform-operator] [8912da67] 21:22:31.724 [ReconcilerExecutor-hivemq-controller-119] DEBUG c.h.p.o.h.HiveMQPlatformReconcilerErrorHandler - [helmupgr] Pod 'test-hivemq-platform-1' condition 'PodReadyToStartContainers': False
2025-01-28 21:22:31,730 INFO c.h.h.t.HelmChartContainer - [hivemq-test-hivemq-platform] [hivemq-platform-operator] [8912da67] 21:22:31.724 [ReconcilerExecutor-hivemq-controller-119] DEBUG c.h.p.o.h.HiveMQPlatformReconcilerErrorHandler - [helmupgr] Pod 'test-hivemq-platform-1' condition 'Initialized': False
2025-01-28 21:22:31,730 INFO c.h.h.t.HelmChartContainer - [hivemq-test-hivemq-platform] [hivemq-platform-operator] [8912da67] 21:22:31.724 [ReconcilerExecutor-hivemq-controller-119] DEBUG c.h.p.o.h.HiveMQPlatformReconcilerErrorHandler - [helmupgr] Pod 'test-hivemq-platform-1' condition 'Ready': False
2025-01-28 21:22:31,730 INFO c.h.h.t.HelmChartContainer - [hivemq-test-hivemq-platform] [hivemq-platform-operator] [8912da67] 21:22:31.724 [ReconcilerExecutor-hivemq-controller-119] DEBUG c.h.p.o.h.HiveMQPlatformReconcilerErrorHandler - [helmupgr] Pod 'test-hivemq-platform-1' condition 'ContainersReady': False
2025-01-28 21:22:31,730 INFO c.h.h.t.HelmChartContainer - [hivemq-test-hivemq-platform] [hivemq-platform-operator] [8912da67] 21:22:31.724 [ReconcilerExecutor-hivemq-controller-119] DEBUG c.h.p.o.h.HiveMQPlatformReconcilerErrorHandler - [helmupgr] Pod 'test-hivemq-platform-1' condition 'PodScheduled': True
2025-01-28 21:22:31,730 INFO c.h.h.t.HelmChartContainer - [hivemq-test-hivemq-platform] [hivemq-platform-operator] [8912da67] 21:22:31.725 [ReconcilerExecutor-hivemq-controller-119] DEBUG c.h.p.o.h.HiveMQPlatformReconcilerErrorHandler - [helmupgr] Pod 'test-hivemq-platform-1' containerStatus 'hivemq' (started: false) (ready: false) (waiting: [PodInitializing] null)
2025-01-28 21:22:31,731 INFO c.h.h.t.HelmChartContainer - [hivemq-test-hivemq-platform] [hivemq-platform-operator] [8912da67] 21:22:31.730 [ReconcilerExecutor-hivemq-controller-119] DEBUG c.h.p.o.h.HiveMQPlatformReconcilerErrorHandler - [helmupgr] Pod 'test-hivemq-platform-0' phase Running
2025-01-28 21:22:31,768 INFO c.h.h.t.HelmChartContainer - [K3S] [reconciler_common.go:251] "operationExecutor.VerifyControllerAttachedVolume started for volume \"pod-info\" (UniqueName: \"kubernetes.io/configmap/4d357a77-09ec-429a-b8e5-f0723ebb76ad-pod-info\") pod \"test-hivemq-platform-1\" (UID: \"4d357a77-09ec-429a-b8e5-f0723ebb76ad\") " pod="helmupgradeextensionit/test-hivemq-platform-1"
2025-01-28 21:22:31,768 INFO c.h.h.t.HelmChartContainer - [K3S] [reconciler_common.go:251] "operationExecutor.VerifyControllerAttachedVolume started for volume \"operator-init\" (UniqueName: \"kubernetes.io/empty-dir/4d357a77-09ec-429a-b8e5-f0723ebb76ad-operator-init\") pod \"test-hivemq-platform-1\" (UID: \"4d357a77-09ec-429a-b8e5-f0723ebb76ad\") " pod="helmupgradeextensionit/test-hivemq-platform-1"
2025-01-28 21:22:31,769 INFO c.h.h.t.HelmChartContainer - [K3S] [reconciler_common.go:251] "operationExecutor.VerifyControllerAttachedVolume started for volume \"kube-api-access-8dhx4\" (UniqueName: \"kubernetes.io/projected/4d357a77-09ec-429a-b8e5-f0723ebb76ad-kube-api-access-8dhx4\") pod \"test-hivemq-platform-1\" (UID: \"4d357a77-09ec-429a-b8e5-f0723ebb76ad\") " pod="helmupgradeextensionit/test-hivemq-platform-1"
2025-01-28 21:22:31,769 INFO c.h.h.t.HelmChartContainer - [K3S] [reconciler_common.go:251] "operationExecutor.VerifyControllerAttachedVolume started for volume \"extension-configuration-hivemq-bridge-extension\" (UniqueName: \"kubernetes.io/configmap/4d357a77-09ec-429a-b8e5-f0723ebb76ad-extension-configuration-hivemq-bridge-extension\") pod \"test-hivemq-platform-1\" (UID: \"4d357a77-09ec-429a-b8e5-f0723ebb76ad\") " pod="helmupgradeextensionit/test-hivemq-platform-1"
2025-01-28 21:22:31,769 INFO c.h.h.t.HelmChartContainer - [K3S] [reconciler_common.go:251] "operationExecutor.VerifyControllerAttachedVolume started for volume \"broker-configuration\" (UniqueName: \"kubernetes.io/configmap/4d357a77-09ec-429a-b8e5-f0723ebb76ad-broker-configuration\") pod \"test-hivemq-platform-1\" (UID: \"4d357a77-09ec-429a-b8e5-f0723ebb76ad\") " pod="helmupgradeextensionit/test-hivemq-platform-1"
2025-01-28 21:22:31,816 INFO c.h.h.t.HelmChartContainer - [hivemq-test-hivemq-platform] [hivemq-platform-operator] [8912da67] 21:22:31.815 [ReconcilerExecutor-hivemq-controller-119] DEBUG c.h.p.o.h.HiveMQPlatformReconcilerRollingRestartHandler - [helmupgr] Rolling restart is waiting for 1 of 2 replicas
2025-01-28 21:22:31,821 INFO c.h.h.t.HelmChartContainer - [hivemq-test-hivemq-platform] [hivemq-platform-operator] [8912da67] 21:22:31.818 [pool-6-thread-2] DEBUG c.h.p.o.d.PlatformServiceResource - [helmupgr] Desired Platform services (3 services)
2025-01-28 21:22:31,821 INFO c.h.h.t.HelmChartContainer - [hivemq-test-hivemq-platform] [hivemq-platform-operator] [8912da67] 21:22:31.820 [pool-6-thread-4] DEBUG c.h.p.o.dependants.PodInfoConfigMap - [helmupgr] Desired PodInfo ConfigMap (1 extensions) (1 enabled)
2025-01-28 21:22:31,823 INFO c.h.h.t.HelmChartContainer - [hivemq-test-hivemq-platform] [hivemq-platform-operator] [8912da67] 21:22:31.820 [pool-6-thread-4] DEBUG c.h.p.o.dependants.PodInfoConfigMap - [helmupgr] Desired PodInfo ConfigMap (metrics port: 9399) (metrics path: /)
2025-01-28 21:22:31,824 INFO c.h.h.t.HelmChartContainer - [hivemq-test-hivemq-platform] [hivemq-platform-operator] [8912da67] 21:22:31.823 [pool-6-thread-4] DEBUG c.h.p.o.dependants.PodInfoConfigMap - [helmupgr] Desired PodInfo ConfigMap (extension state hash: -1104086761)
2025-01-28 21:22:31,826 INFO c.h.h.t.HelmChartContainer - [hivemq-test-hivemq-platform] [hivemq-platform-operator] [8912da67] 21:22:31.824 [pool-6-thread-3] DEBUG c.h.p.o.d.PodServiceAccountResource - [helmupgr] Desired PodServiceAccountResource (serviceAccountName: hivemq-platform-pod-test-hivemq-platform)
2025-01-28 21:22:31,828 INFO c.h.h.t.HelmChartContainer - [hivemq-test-hivemq-platform] [hivemq-platform-operator] [8912da67] 21:22:31.827 [pool-6-thread-4] DEBUG c.h.p.o.d.StatefulSetResource - [helmupgr] Desired StatefulSet (2 replicas) for status ROLLING_RESTART (SURGE_IN_PROGRESS)
2025-01-28 21:22:31,832 INFO c.h.h.t.HelmChartContainer - [hivemq-test-hivemq-platform] [hivemq-platform-operator] [8912da67] 21:22:31.831 [ReconcilerExecutor-hivemq-controller-120] INFO  c.h.p.o.HiveMQPlatformReconciler - [helmupgr] Reconciling HiveMQ Platform 'test-hivemq-platform' in namespace 'helmupgradeextensionit'
2025-01-28 21:22:31,833 INFO c.h.h.t.HelmChartContainer - [hivemq-test-hivemq-platform] [hivemq-platform-operator] [8912da67] 21:22:31.831 [ReconcilerExecutor-hivemq-controller-120] DEBUG c.h.p.o.HiveMQPlatformReconciler - [helmupgr] Custom Resource Status ROLLING_RESTART - HiveMQ Platform is starting a surge Pod (rolling restart) (SURGE_IN_PROGRESS)
2025-01-28 21:22:31,833 INFO c.h.h.t.HelmChartContainer - [hivemq-test-hivemq-platform] [hivemq-platform-operator] [8912da67] 21:22:31.831 [ReconcilerExecutor-hivemq-controller-120] DEBUG c.h.p.o.HiveMQPlatformReconciler - [helmupgr] Custom Resource Spec (replicas: 1) (extensions: 1)
2025-01-28 21:22:31,917 INFO c.h.h.t.HelmChartContainer - [hivemq-test-hivemq-platform] [hivemq-platform-operator] [8912da67] 21:22:31.916 [ReconcilerExecutor-hivemq-controller-120] DEBUG c.h.p.o.HiveMQPlatformReconciler - [helmupgr] StatefulSet Status (revision: test-hivemq-platform-7c6d7d4d7b, replicas: 2, available: 1, ready: 1, current: 1, updated: 1)
2025-01-28 21:22:31,917 INFO c.h.h.t.HelmChartContainer - [hivemq-test-hivemq-platform] [hivemq-platform-operator] [8912da67] 21:22:31.916 [ReconcilerExecutor-hivemq-controller-120] DEBUG c.h.p.o.HiveMQPlatformReconciler - [helmupgr] StatefulSet Spec (replicas: 2, init containers: 1, containers: 1, volumes: 4)
2025-01-28 21:22:31,919 INFO c.h.h.t.HelmChartContainer - [hivemq-test-hivemq-platform] [hivemq-platform-operator] [8912da67] 21:22:31.917 [ReconcilerExecutor-hivemq-controller-120] DEBUG c.h.p.o.h.HiveMQPlatformReconcilerErrorHandler - [helmupgr] Pod 'test-hivemq-platform-1' phase Pending
2025-01-28 21:22:31,919 INFO c.h.h.t.HelmChartContainer - [hivemq-test-hivemq-platform] [hivemq-platform-operator] [8912da67] 21:22:31.917 [ReconcilerExecutor-hivemq-controller-120] DEBUG c.h.p.o.h.HiveMQPlatformReconcilerErrorHandler - [helmupgr] Pod 'test-hivemq-platform-1' condition 'PodReadyToStartContainers': False
2025-01-28 21:22:31,919 INFO c.h.h.t.HelmChartContainer - [hivemq-test-hivemq-platform] [hivemq-platform-operator] [8912da67] 21:22:31.917 [ReconcilerExecutor-hivemq-controller-120] DEBUG c.h.p.o.h.HiveMQPlatformReconcilerErrorHandler - [helmupgr] Pod 'test-hivemq-platform-1' condition 'Initialized': False
2025-01-28 21:22:31,919 INFO c.h.h.t.HelmChartContainer - [hivemq-test-hivemq-platform] [hivemq-platform-operator] [8912da67] 21:22:31.917 [ReconcilerExecutor-hivemq-controller-120] DEBUG c.h.p.o.h.HiveMQPlatformReconcilerErrorHandler - [helmupgr] Pod 'test-hivemq-platform-1' condition 'Ready': False
2025-01-28 21:22:31,919 INFO c.h.h.t.HelmChartContainer - [hivemq-test-hivemq-platform] [hivemq-platform-operator] [8912da67] 21:22:31.917 [ReconcilerExecutor-hivemq-controller-120] DEBUG c.h.p.o.h.HiveMQPlatformReconcilerErrorHandler - [helmupgr] Pod 'test-hivemq-platform-1' condition 'ContainersReady': False
2025-01-28 21:22:31,919 INFO c.h.h.t.HelmChartContainer - [hivemq-test-hivemq-platform] [hivemq-platform-operator] [8912da67] 21:22:31.917 [ReconcilerExecutor-hivemq-controller-120] DEBUG c.h.p.o.h.HiveMQPlatformReconcilerErrorHandler - [helmupgr] Pod 'test-hivemq-platform-1' condition 'PodScheduled': True
2025-01-28 21:22:31,919 INFO c.h.h.t.HelmChartContainer - [hivemq-test-hivemq-platform] [hivemq-platform-operator] [8912da67] 21:22:31.918 [ReconcilerExecutor-hivemq-controller-120] DEBUG c.h.p.o.h.HiveMQPlatformReconcilerErrorHandler - [helmupgr] Pod 'test-hivemq-platform-1' containerStatus 'hivemq' (started: false) (ready: false) (waiting: [PodInitializing] null)
2025-01-28 21:22:31,920 INFO c.h.h.t.HelmChartContainer - [hivemq-test-hivemq-platform] [hivemq-platform-operator] [8912da67] 21:22:31.918 [ReconcilerExecutor-hivemq-controller-120] DEBUG c.h.p.o.h.HiveMQPlatformReconcilerErrorHandler - [helmupgr] Pod 'test-hivemq-platform-0' phase Running
2025-01-28 21:22:31,920 INFO c.h.h.t.HelmChartContainer - [hivemq-test-hivemq-platform] [hivemq-platform-operator] [8912da67] 21:22:31.919 [ReconcilerExecutor-hivemq-controller-120] DEBUG c.h.p.o.h.HiveMQPlatformReconcilerRollingRestartHandler - [helmupgr] Rolling restart is waiting for 1 of 2 replicas
2025-01-28 21:22:32,034 INFO c.h.h.t.HelmChartContainer - [EVENT] Normal [Pulled] Container image "docker.io/hivemq/hivemq-platform-operator-init-test:snapshot" already present on machine [helmupgradeextensionit:test-hivemq-platform-1]
2025-01-28 21:22:32,041 INFO c.h.h.t.HelmChartContainer - [EVENT] Normal [Created] Created container: hivemq-platform-operator-init [helmupgradeextensionit:test-hivemq-platform-1]
2025-01-28 21:22:32,081 INFO c.h.h.t.HelmChartContainer - [EVENT] Normal [Started] Started container hivemq-platform-operator-init [helmupgradeextensionit:test-hivemq-platform-1]
2025-01-28 21:22:32,766 INFO c.h.h.t.HelmChartContainer - [EVENT] Normal [Pulled] Container image "docker.io/hivemq/hivemq4:4.36.0" already present on machine [helmupgradeextensionit:test-hivemq-platform-1]
2025-01-28 21:22:32,766 INFO c.h.h.t.HelmChartContainer - Received Pulled event for container hivemq in pod test-hivemq-platform-1 [4d357a77-09ec-429a-b8e5-f0723ebb76ad]
2025-01-28 21:22:32,774 INFO c.h.h.t.HelmChartContainer - [POD] test-hivemq-platform-1 [4d357a77-09ec-429a-b8e5-f0723ebb76ad] in helmupgradeextensionit was MODIFIED
2025-01-28 21:22:32,792 INFO c.h.h.t.HelmChartContainer - [EVENT] Normal [Created] Created container: hivemq [helmupgradeextensionit:test-hivemq-platform-1]
2025-01-28 21:22:32,792 INFO c.h.h.t.HelmChartContainer - Received Created event for container hivemq in pod test-hivemq-platform-1 [4d357a77-09ec-429a-b8e5-f0723ebb76ad]
2025-01-28 21:22:32,847 INFO c.h.h.t.HelmChartContainer - [hivemq-test-hivemq-platform] [hivemq-platform-operator] [8912da67] 21:22:32.845 [pool-6-thread-19] DEBUG c.h.p.o.d.PlatformServiceResource - [helmupgr] Desired Platform services (3 services)
2025-01-28 21:22:32,889 INFO c.h.h.t.HelmChartContainer - [hivemq-test-hivemq-platform] [hivemq-platform-operator] [8912da67] 21:22:32.887 [pool-6-thread-15] DEBUG c.h.p.o.d.PodServiceAccountResource - [helmupgr] Desired PodServiceAccountResource (serviceAccountName: hivemq-platform-pod-test-hivemq-platform)
2025-01-28 21:22:32,919 INFO c.h.h.t.HelmChartContainer - [hivemq-test-hivemq-platform] [hivemq-platform-operator] [8912da67] 21:22:32.914 [pool-6-thread-17] DEBUG c.h.p.o.dependants.PodInfoConfigMap - [helmupgr] Desired PodInfo ConfigMap (1 extensions) (1 enabled)
2025-01-28 21:22:32,919 INFO c.h.h.t.HelmChartContainer - [hivemq-test-hivemq-platform] [hivemq-platform-operator] [8912da67] 21:22:32.914 [pool-6-thread-17] DEBUG c.h.p.o.dependants.PodInfoConfigMap - [helmupgr] Desired PodInfo ConfigMap (metrics port: 9399) (metrics path: /)
2025-01-28 21:22:32,919 INFO c.h.h.t.HelmChartContainer - [hivemq-test-hivemq-platform] [hivemq-platform-operator] [8912da67] 21:22:32.914 [pool-6-thread-17] DEBUG c.h.p.o.dependants.PodInfoConfigMap - [helmupgr] Desired PodInfo ConfigMap (extension state hash: -1104086761)
2025-01-28 21:22:32,919 INFO c.h.h.t.HelmChartContainer - [hivemq-test-hivemq-platform] [hivemq-platform-operator] [8912da67] 21:22:32.918 [pool-6-thread-19] DEBUG c.h.p.o.d.StatefulSetResource - [helmupgr] Desired StatefulSet (2 replicas) for status ROLLING_RESTART (SURGE_IN_PROGRESS)
2025-01-28 21:22:32,923 INFO c.h.h.t.HelmChartContainer - [hivemq-test-hivemq-platform] [hivemq-platform-operator] [8912da67] 21:22:32.922 [ReconcilerExecutor-hivemq-controller-121] INFO  c.h.p.o.HiveMQPlatformReconciler - [helmupgr] Reconciling HiveMQ Platform 'test-hivemq-platform' in namespace 'helmupgradeextensionit'
2025-01-28 21:22:32,923 INFO c.h.h.t.HelmChartContainer - [hivemq-test-hivemq-platform] [hivemq-platform-operator] [8912da67] 21:22:32.922 [ReconcilerExecutor-hivemq-controller-121] DEBUG c.h.p.o.HiveMQPlatformReconciler - [helmupgr] Custom Resource Status ROLLING_RESTART - HiveMQ Platform is starting a surge Pod (rolling restart) (SURGE_IN_PROGRESS)
2025-01-28 21:22:32,928 INFO c.h.h.t.HelmChartContainer - [hivemq-test-hivemq-platform] [hivemq-platform-operator] [8912da67] 21:22:32.922 [ReconcilerExecutor-hivemq-controller-121] DEBUG c.h.p.o.HiveMQPlatformReconciler - [helmupgr] Custom Resource Spec (replicas: 1) (extensions: 1)
2025-01-28 21:22:32,928 INFO c.h.h.t.HelmChartContainer - [hivemq-test-hivemq-platform] [hivemq-platform-operator] [8912da67] 21:22:32.925 [ReconcilerExecutor-hivemq-controller-121] DEBUG c.h.p.o.HiveMQPlatformReconciler - [helmupgr] StatefulSet Status (revision: test-hivemq-platform-7c6d7d4d7b, replicas: 2, available: 1, ready: 1, current: 1, updated: 1)
2025-01-28 21:22:32,928 INFO c.h.h.t.HelmChartContainer - [hivemq-test-hivemq-platform] [hivemq-platform-operator] [8912da67] 21:22:32.925 [ReconcilerExecutor-hivemq-controller-121] DEBUG c.h.p.o.HiveMQPlatformReconciler - [helmupgr] StatefulSet Spec (replicas: 2, init containers: 1, containers: 1, volumes: 4)
2025-01-28 21:22:32,929 INFO c.h.h.t.HelmChartContainer - [hivemq-test-hivemq-platform] [hivemq-platform-operator] [8912da67] 21:22:32.926 [ReconcilerExecutor-hivemq-controller-121] DEBUG c.h.p.o.h.HiveMQPlatformReconcilerErrorHandler - [helmupgr] Pod 'test-hivemq-platform-1' phase Pending
2025-01-28 21:22:32,930 INFO c.h.h.t.HelmChartContainer - [hivemq-test-hivemq-platform] [hivemq-platform-operator] [8912da67] 21:22:32.927 [ReconcilerExecutor-hivemq-controller-121] DEBUG c.h.p.o.h.HiveMQPlatformReconcilerErrorHandler - [helmupgr] Pod 'test-hivemq-platform-1' condition 'PodReadyToStartContainers': True
2025-01-28 21:22:32,930 INFO c.h.h.t.HelmChartContainer - [hivemq-test-hivemq-platform] [hivemq-platform-operator] [8912da67] 21:22:32.927 [ReconcilerExecutor-hivemq-controller-121] DEBUG c.h.p.o.h.HiveMQPlatformReconcilerErrorHandler - [helmupgr] Pod 'test-hivemq-platform-1' condition 'Initialized': True
2025-01-28 21:22:32,930 INFO c.h.h.t.HelmChartContainer - [hivemq-test-hivemq-platform] [hivemq-platform-operator] [8912da67] 21:22:32.927 [ReconcilerExecutor-hivemq-controller-121] DEBUG c.h.p.o.h.HiveMQPlatformReconcilerErrorHandler - [helmupgr] Pod 'test-hivemq-platform-1' condition 'Ready': False
2025-01-28 21:22:32,930 INFO c.h.h.t.HelmChartContainer - [hivemq-test-hivemq-platform] [hivemq-platform-operator] [8912da67] 21:22:32.927 [ReconcilerExecutor-hivemq-controller-121] DEBUG c.h.p.o.h.HiveMQPlatformReconcilerErrorHandler - [helmupgr] Pod 'test-hivemq-platform-1' condition 'ContainersReady': False
2025-01-28 21:22:32,930 INFO c.h.h.t.HelmChartContainer - [hivemq-test-hivemq-platform] [hivemq-platform-operator] [8912da67] 21:22:32.927 [ReconcilerExecutor-hivemq-controller-121] DEBUG c.h.p.o.h.HiveMQPlatformReconcilerErrorHandler - [helmupgr] Pod 'test-hivemq-platform-1' condition 'PodScheduled': True
2025-01-28 21:22:32,930 INFO c.h.h.t.HelmChartContainer - [hivemq-test-hivemq-platform] [hivemq-platform-operator] [8912da67] 21:22:32.927 [ReconcilerExecutor-hivemq-controller-121] DEBUG c.h.p.o.h.HiveMQPlatformReconcilerErrorHandler - [helmupgr] Pod 'test-hivemq-platform-1' containerStatus 'hivemq' (started: false) (ready: false) (waiting: [PodInitializing] null)
2025-01-28 21:22:32,987 INFO c.h.h.t.HelmChartContainer - [hivemq-test-hivemq-platform] [hivemq-platform-operator] [8912da67] 21:22:32.986 [ReconcilerExecutor-hivemq-controller-121] DEBUG c.h.p.o.h.HiveMQPlatformReconcilerErrorHandler - [helmupgr] Pod 'test-hivemq-platform-0' phase Running
2025-01-28 21:22:32,988 INFO c.h.h.t.HelmChartContainer - [hivemq-test-hivemq-platform] [hivemq-platform-operator] [8912da67] 21:22:32.988 [ReconcilerExecutor-hivemq-controller-121] DEBUG c.h.p.o.h.HiveMQPlatformReconcilerRollingRestartHandler - [helmupgr] Rolling restart is waiting for 1 of 2 replicas
2025-01-28 21:22:33,779 INFO c.h.h.t.HelmChartContainer - [POD] test-hivemq-platform-1 [4d357a77-09ec-429a-b8e5-f0723ebb76ad] in helmupgradeextensionit was MODIFIED
2025-01-28 21:22:33,786 INFO c.h.h.t.HelmChartContainer - [hivemq-test-hivemq-platform] [hivemq-platform-operator] [8912da67] 21:22:33.784 [pool-6-thread-23] DEBUG c.h.p.o.d.PlatformServiceResource - [helmupgr] Desired Platform services (3 services)
2025-01-28 21:22:33,793 INFO c.h.h.t.HelmChartContainer - [hivemq-test-hivemq-platform] [hivemq-platform-operator] [8912da67] 21:22:33.787 [pool-6-thread-21] DEBUG c.h.p.o.dependants.PodInfoConfigMap - [helmupgr] Desired PodInfo ConfigMap (1 extensions) (1 enabled)
2025-01-28 21:22:33,793 INFO c.h.h.t.HelmChartContainer - [hivemq-test-hivemq-platform] [hivemq-platform-operator] [8912da67] 21:22:33.787 [pool-6-thread-21] DEBUG c.h.p.o.dependants.PodInfoConfigMap - [helmupgr] Desired PodInfo ConfigMap (metrics port: 9399) (metrics path: /)
2025-01-28 21:22:33,793 INFO c.h.h.t.HelmChartContainer - [hivemq-test-hivemq-platform] [hivemq-platform-operator] [8912da67] 21:22:33.787 [pool-6-thread-21] DEBUG c.h.p.o.dependants.PodInfoConfigMap - [helmupgr] Desired PodInfo ConfigMap (extension state hash: -1104086761)
2025-01-28 21:22:33,793 INFO c.h.h.t.HelmChartContainer - [hivemq-test-hivemq-platform] [hivemq-platform-operator] [8912da67] 21:22:33.787 [pool-6-thread-29] DEBUG c.h.p.o.d.PodServiceAccountResource - [helmupgr] Desired PodServiceAccountResource (serviceAccountName: hivemq-platform-pod-test-hivemq-platform)
2025-01-28 21:22:33,793 INFO c.h.h.t.HelmChartContainer - [EVENT] Normal [Started] Started container hivemq [helmupgradeextensionit:test-hivemq-platform-1]
2025-01-28 21:22:33,793 INFO c.h.h.t.HelmChartContainer - Started log watcher for hivemq in pod test-hivemq-platform-1 [4d357a77-09ec-429a-b8e5-f0723ebb76ad]
2025-01-28 21:22:33,793 INFO c.h.h.t.HelmChartContainer - Received Started event for container hivemq in pod test-hivemq-platform-1 [4d357a77-09ec-429a-b8e5-f0723ebb76ad]
2025-01-28 21:22:33,793 INFO c.h.h.t.HelmChartContainer - [test-hivemq-platform] [hivemq] [4d357a77] Adding pre-installed HiveMQ Platform Operator extensions
2025-01-28 21:22:33,793 INFO c.h.h.t.HelmChartContainer - [test-hivemq-platform] [hivemq] [4d357a77] Running as user 10000
2025-01-28 21:22:33,793 INFO c.h.h.t.HelmChartContainer - [test-hivemq-platform] [hivemq] [4d357a77] Starting HiveMQ Platform Operator Init
2025-01-28 21:22:33,797 INFO c.h.h.t.HelmChartContainer - [hivemq-test-hivemq-platform] [hivemq-platform-operator] [8912da67] 21:22:33.795 [pool-6-thread-21] DEBUG c.h.p.o.d.StatefulSetResource - [helmupgr] Desired StatefulSet (2 replicas) for status ROLLING_RESTART (SURGE_IN_PROGRESS)
2025-01-28 21:22:33,800 INFO c.h.h.t.HelmChartContainer - [hivemq-test-hivemq-platform] [hivemq-platform-operator] [8912da67] 21:22:33.799 [ReconcilerExecutor-hivemq-controller-122] INFO  c.h.p.o.HiveMQPlatformReconciler - [helmupgr] Reconciling HiveMQ Platform 'test-hivemq-platform' in namespace 'helmupgradeextensionit'
2025-01-28 21:22:33,801 INFO c.h.h.t.HelmChartContainer - [hivemq-test-hivemq-platform] [hivemq-platform-operator] [8912da67] 21:22:33.799 [ReconcilerExecutor-hivemq-controller-122] DEBUG c.h.p.o.HiveMQPlatformReconciler - [helmupgr] Custom Resource Status ROLLING_RESTART - HiveMQ Platform is starting a surge Pod (rolling restart) (SURGE_IN_PROGRESS)
2025-01-28 21:22:33,801 INFO c.h.h.t.HelmChartContainer - [hivemq-test-hivemq-platform] [hivemq-platform-operator] [8912da67] 21:22:33.800 [ReconcilerExecutor-hivemq-controller-122] DEBUG c.h.p.o.HiveMQPlatformReconciler - [helmupgr] Custom Resource Spec (replicas: 1) (extensions: 1)
2025-01-28 21:22:33,802 INFO c.h.h.t.HelmChartContainer - [hivemq-test-hivemq-platform] [hivemq-platform-operator] [8912da67] 21:22:33.801 [ReconcilerExecutor-hivemq-controller-122] DEBUG c.h.p.o.HiveMQPlatformReconciler - [helmupgr] StatefulSet Status (revision: test-hivemq-platform-7c6d7d4d7b, replicas: 2, available: 1, ready: 1, current: 1, updated: 1)
2025-01-28 21:22:33,802 INFO c.h.h.t.HelmChartContainer - [hivemq-test-hivemq-platform] [hivemq-platform-operator] [8912da67] 21:22:33.802 [ReconcilerExecutor-hivemq-controller-122] DEBUG c.h.p.o.HiveMQPlatformReconciler - [helmupgr] StatefulSet Spec (replicas: 2, init containers: 1, containers: 1, volumes: 4)
2025-01-28 21:22:33,804 INFO c.h.h.t.HelmChartContainer - [hivemq-test-hivemq-platform] [hivemq-platform-operator] [8912da67] 21:22:33.803 [ReconcilerExecutor-hivemq-controller-122] DEBUG c.h.p.o.h.HiveMQPlatformReconcilerErrorHandler - [helmupgr] Pod 'test-hivemq-platform-1' phase Running
2025-01-28 21:22:33,805 INFO c.h.h.t.HelmChartContainer - [hivemq-test-hivemq-platform] [hivemq-platform-operator] [8912da67] 21:22:33.804 [ReconcilerExecutor-hivemq-controller-122] DEBUG c.h.p.o.h.HiveMQPlatformReconcilerErrorHandler - [helmupgr] Pod 'test-hivemq-platform-0' phase Running
2025-01-28 21:22:33,822 INFO c.h.h.t.HelmChartContainer - [hivemq-test-hivemq-platform] [hivemq-platform-operator] [8912da67] 21:22:33.816 [ReconcilerExecutor-hivemq-controller-122] DEBUG c.h.p.o.h.HiveMQPlatformReconcilerRollingRestartHandler - [helmupgr] Rolling restart is waiting for 1 of 2 replicas
2025-01-28 21:22:34,023 INFO c.h.h.t.HelmChartContainer - [test-hivemq-platform] [hivemq] [4d357a77] INFO  - [HiveMQ Platform Operator Init 1.7.0-SNAPSHOT] HiveMQ Platform Operator Init 1.7.0-SNAPSHOT (commit: bebf408 on branch: HEAD) built on Sun Jan 26 20:47:47 UTC 2025
2025-01-28 21:22:34,123 INFO c.h.h.t.HelmChartContainer - [test-hivemq-platform] [hivemq] [e344728f] WARN  - Bridge Extension: Connect to bridge 'testbridge' failed for the 3 time, reason: connection timed out after 10000 ms: /172.17.0.3:1883
2025-01-28 21:22:34,389 INFO c.h.h.t.HelmChartContainer - [test-hivemq-platform] [hivemq] [e344728f] WARN  - Bridge Extension: Connect to bridge 'testbridge' failed for the 3 time, reason: connection timed out after 10000 ms: /172.17.0.3:1883
2025-01-28 21:22:35,175 INFO c.h.h.t.HelmChartContainer - [test-hivemq-platform] [hivemq] [4d357a77] INFO  - [HiveMQ Platform Operator Init App 1.7.0-SNAPSHOT] Using bind address 10.42.0.9 from environment variable
2025-01-28 21:22:36,119 INFO c.h.h.t.HelmChartContainer - [test-hivemq-platform] [hivemq] [4d357a77] INFO  - [HiveMQ Platform Operator Init App 1.7.0-SNAPSHOT] HiveMQ Platform Operator Init App 1.7.0-SNAPSHOT (commit: bebf408 on branch: HEAD) built on Sun Jan 26 20:47:47 UTC 2025
2025-01-28 21:22:36,120 INFO c.h.h.t.HelmChartContainer - [test-hivemq-platform] [hivemq] [4d357a77] INFO  - [HiveMQ Platform Operator Init App 1.7.0-SNAPSHOT] PodInfo ConfigMap directory: /etc/podinfo
2025-01-28 21:22:36,120 INFO c.h.h.t.HelmChartContainer - [test-hivemq-platform] [hivemq] [4d357a77] INFO  - [HiveMQ Platform Operator Init App 1.7.0-SNAPSHOT] HiveMQ home directory: /opt/hivemq
2025-01-28 21:22:36,120 INFO c.h.h.t.HelmChartContainer - [test-hivemq-platform] [hivemq] [4d357a77] INFO  - [HiveMQ Platform Operator Init App 1.7.0-SNAPSHOT] HiveMQ Logback folder: /opt/hivemq/conf
2025-01-28 21:22:36,120 INFO c.h.h.t.HelmChartContainer - [test-hivemq-platform] [hivemq] [4d357a77] INFO  - [HiveMQ Platform Operator Init App 1.7.0-SNAPSHOT] HiveMQ Config folder: /opt/hivemq/conf-k8s
2025-01-28 21:22:36,121 INFO c.h.h.t.HelmChartContainer - [test-hivemq-platform] [hivemq] [4d357a77] INFO  - [HiveMQ Platform Operator Init App 1.7.0-SNAPSHOT] Starting HiveMQ Platform Operator Init App
2025-01-28 21:22:36,121 INFO c.h.h.t.HelmChartContainer - [test-hivemq-platform] [hivemq] [4d357a77] INFO  - [HiveMQ Platform Operator Init App 1.7.0-SNAPSHOT] Starting Pod reconciler
2025-01-28 21:22:37,326 INFO c.h.h.t.HelmChartContainer - [test-hivemq-platform] [hivemq] [4d357a77] INFO  - [HiveMQ Platform Operator Init App 1.7.0-SNAPSHOT] Pod reconciler is scheduled (interval: 5000 ms)
2025-01-28 21:22:37,327 INFO c.h.h.t.HelmChartContainer - [test-hivemq-platform] [hivemq] [4d357a77] INFO  - [HiveMQ Platform Operator Init App 1.7.0-SNAPSHOT] Starting the REST API on 10.42.0.9:7979
2025-01-28 21:22:37,330 INFO c.h.h.t.HelmChartContainer - [test-hivemq-platform] [hivemq] [4d357a77] INFO  - [HiveMQ Platform Operator Init App 1.7.0-SNAPSHOT] Waiting up to 600s for at most 2 HiveMQ nodes in cluster service hivemq-test-hivemq-platform-cluster.helmupgradeextensionit.svc
2025-01-28 21:22:37,672 INFO c.h.h.t.HelmChartContainer - [test-hivemq-platform] [hivemq] [4d357a77] INFO  - [HiveMQ Platform Operator Init App 1.7.0-SNAPSHOT] Resolved 2 IP addresses: [10.42.0.8, 10.42.0.9]
2025-01-28 21:22:37,672 INFO c.h.h.t.HelmChartContainer - [test-hivemq-platform] [hivemq] [4d357a77] INFO  - [HiveMQ Platform Operator Init App 1.7.0-SNAPSHOT] HiveMQ node count of 2 is within threshold of 2
2025-01-28 21:22:37,672 INFO c.h.h.t.HelmChartContainer - [test-hivemq-platform] [hivemq] [4d357a77] INFO  - [HiveMQ Platform Operator Init App 1.7.0-SNAPSHOT] Waiting 15s for previous shutdown replication to finish...
2025-01-28 21:22:39,776 INFO c.h.h.t.HelmChartContainer - [test-hivemq-platform] [hivemq] [4d357a77] INFO  - [HiveMQ Platform Operator Init App 1.7.0-SNAPSHOT] Returning default Health API response 503 for readiness
2025-01-28 21:22:39,887 INFO c.h.h.t.HelmChartContainer - [EVENT] Warning [Unhealthy] Readiness probe failed: HTTP probe failed with statuscode: 503 [helmupgradeextensionit:test-hivemq-platform-1]
2025-01-28 21:22:39,887 INFO c.h.h.t.HelmChartContainer - Received Unhealthy event for container hivemq in pod test-hivemq-platform-1 [4d357a77-09ec-429a-b8e5-f0723ebb76ad]
2025-01-28 21:22:43,825 INFO c.h.h.t.HelmChartContainer - [hivemq-test-hivemq-platform] [hivemq-platform-operator] [8912da67] 21:22:43.822 [pool-6-thread-36] DEBUG c.h.p.o.d.PlatformServiceResource - [helmupgr] Desired Platform services (3 services)
2025-01-28 21:22:43,825 INFO c.h.h.t.HelmChartContainer - [hivemq-test-hivemq-platform] [hivemq-platform-operator] [8912da67] 21:22:43.823 [pool-6-thread-34] DEBUG c.h.p.o.dependants.PodInfoConfigMap - [helmupgr] Desired PodInfo ConfigMap (1 extensions) (1 enabled)
2025-01-28 21:22:43,825 INFO c.h.h.t.HelmChartContainer - [hivemq-test-hivemq-platform] [hivemq-platform-operator] [8912da67] 21:22:43.823 [pool-6-thread-34] DEBUG c.h.p.o.dependants.PodInfoConfigMap - [helmupgr] Desired PodInfo ConfigMap (metrics port: 9399) (metrics path: /)
2025-01-28 21:22:43,825 INFO c.h.h.t.HelmChartContainer - [hivemq-test-hivemq-platform] [hivemq-platform-operator] [8912da67] 21:22:43.823 [pool-6-thread-34] DEBUG c.h.p.o.dependants.PodInfoConfigMap - [helmupgr] Desired PodInfo ConfigMap (extension state hash: -1104086761)
2025-01-28 21:22:43,827 INFO c.h.h.t.HelmChartContainer - [hivemq-test-hivemq-platform] [hivemq-platform-operator] [8912da67] 21:22:43.825 [pool-6-thread-32] DEBUG c.h.p.o.d.PodServiceAccountResource - [helmupgr] Desired PodServiceAccountResource (serviceAccountName: hivemq-platform-pod-test-hivemq-platform)
2025-01-28 21:22:43,834 INFO c.h.h.t.HelmChartContainer - [hivemq-test-hivemq-platform] [hivemq-platform-operator] [8912da67] 21:22:43.833 [pool-6-thread-39] DEBUG c.h.p.o.d.StatefulSetResource - [helmupgr] Desired StatefulSet (2 replicas) for status ROLLING_RESTART (SURGE_IN_PROGRESS)
2025-01-28 21:22:43,838 INFO c.h.h.t.HelmChartContainer - [hivemq-test-hivemq-platform] [hivemq-platform-operator] [8912da67] 21:22:43.837 [ReconcilerExecutor-hivemq-controller-123] INFO  c.h.p.o.HiveMQPlatformReconciler - [helmupgr] Reconciling HiveMQ Platform 'test-hivemq-platform' in namespace 'helmupgradeextensionit'
2025-01-28 21:22:43,839 INFO c.h.h.t.HelmChartContainer - [hivemq-test-hivemq-platform] [hivemq-platform-operator] [8912da67] 21:22:43.837 [ReconcilerExecutor-hivemq-controller-123] DEBUG c.h.p.o.HiveMQPlatformReconciler - [helmupgr] Custom Resource Status ROLLING_RESTART - HiveMQ Platform is starting a surge Pod (rolling restart) (SURGE_IN_PROGRESS)
2025-01-28 21:22:43,839 INFO c.h.h.t.HelmChartContainer - [hivemq-test-hivemq-platform] [hivemq-platform-operator] [8912da67] 21:22:43.837 [ReconcilerExecutor-hivemq-controller-123] DEBUG c.h.p.o.HiveMQPlatformReconciler - [helmupgr] Custom Resource Spec (replicas: 1) (extensions: 1)
2025-01-28 21:22:43,840 INFO c.h.h.t.HelmChartContainer - [hivemq-test-hivemq-platform] [hivemq-platform-operator] [8912da67] 21:22:43.839 [ReconcilerExecutor-hivemq-controller-123] DEBUG c.h.p.o.HiveMQPlatformReconciler - [helmupgr] StatefulSet Status (revision: test-hivemq-platform-7c6d7d4d7b, replicas: 2, available: 1, ready: 1, current: 1, updated: 1)
2025-01-28 21:22:43,842 INFO c.h.h.t.HelmChartContainer - [hivemq-test-hivemq-platform] [hivemq-platform-operator] [8912da67] 21:22:43.840 [ReconcilerExecutor-hivemq-controller-123] DEBUG c.h.p.o.HiveMQPlatformReconciler - [helmupgr] StatefulSet Spec (replicas: 2, init containers: 1, containers: 1, volumes: 4)
2025-01-28 21:22:43,843 INFO c.h.h.t.HelmChartContainer - [hivemq-test-hivemq-platform] [hivemq-platform-operator] [8912da67] 21:22:43.841 [ReconcilerExecutor-hivemq-controller-123] DEBUG c.h.p.o.h.HiveMQPlatformReconcilerErrorHandler - [helmupgr] Pod 'test-hivemq-platform-1' phase Running
2025-01-28 21:22:43,844 INFO c.h.h.t.HelmChartContainer - [hivemq-test-hivemq-platform] [hivemq-platform-operator] [8912da67] 21:22:43.842 [ReconcilerExecutor-hivemq-controller-123] DEBUG c.h.p.o.h.HiveMQPlatformReconcilerErrorHandler - [helmupgr] Pod 'test-hivemq-platform-0' phase Running
2025-01-28 21:22:43,844 INFO c.h.h.t.HelmChartContainer - [hivemq-test-hivemq-platform] [hivemq-platform-operator] [8912da67] 21:22:43.843 [ReconcilerExecutor-hivemq-controller-123] DEBUG c.h.p.o.h.HiveMQPlatformReconcilerRollingRestartHandler - [helmupgr] Rolling restart is waiting for 1 of 2 replicas
2025-01-28 21:22:44,714 INFO c.h.h.t.HelmChartContainer - [test-hivemq-platform] [hivemq] [4d357a77] INFO  - [HiveMQ Platform Operator Init App 1.7.0-SNAPSHOT] Updating Pod HiveMQ Platform Operator Init App version annotation (version: 1.7.0-SNAPSHOT)
2025-01-28 21:22:44,822 INFO c.h.h.t.HelmChartContainer - [EVENT] Warning [Unhealthy] Readiness probe failed: HTTP probe failed with statuscode: 503 [helmupgradeextensionit:test-hivemq-platform-1]
2025-01-28 21:22:44,822 INFO c.h.h.t.HelmChartContainer - Received Unhealthy event for container hivemq in pod test-hivemq-platform-1 [4d357a77-09ec-429a-b8e5-f0723ebb76ad]
2025-01-28 21:22:45,024 INFO c.h.h.t.HelmChartContainer - [POD] test-hivemq-platform-1 [4d357a77-09ec-429a-b8e5-f0723ebb76ad] in helmupgradeextensionit was MODIFIED
2025-01-28 21:22:45,032 INFO c.h.h.t.HelmChartContainer - [test-hivemq-platform] [hivemq] [4d357a77] INFO  - [HiveMQ Platform Operator Init App 1.7.0-SNAPSHOT] Successfully updated Pod HiveMQ Platform Operator Init App version annotation (version: 1.7.0-SNAPSHOT)
2025-01-28 21:22:45,032 INFO c.h.h.t.HelmChartContainer - [hivemq-test-hivemq-platform] [hivemq-platform-operator] [8912da67] 21:22:45.030 [pool-6-thread-47] DEBUG c.h.p.o.d.PlatformServiceResource - [helmupgr] Desired Platform services (3 services)
2025-01-28 21:22:45,035 INFO c.h.h.t.HelmChartContainer - [hivemq-test-hivemq-platform] [hivemq-platform-operator] [8912da67] 21:22:45.033 [pool-6-thread-49] DEBUG c.h.p.o.d.PodServiceAccountResource - [helmupgr] Desired PodServiceAccountResource (serviceAccountName: hivemq-platform-pod-test-hivemq-platform)
2025-01-28 21:22:45,037 INFO c.h.h.t.HelmChartContainer - [hivemq-test-hivemq-platform] [hivemq-platform-operator] [8912da67] 21:22:45.036 [pool-6-thread-43] DEBUG c.h.p.o.dependants.PodInfoConfigMap - [helmupgr] Desired PodInfo ConfigMap (1 extensions) (1 enabled)
2025-01-28 21:22:45,040 INFO c.h.h.t.HelmChartContainer - [hivemq-test-hivemq-platform] [hivemq-platform-operator] [8912da67] 21:22:45.037 [pool-6-thread-43] DEBUG c.h.p.o.dependants.PodInfoConfigMap - [helmupgr] Desired PodInfo ConfigMap (metrics port: 9399) (metrics path: /)
2025-01-28 21:22:45,040 INFO c.h.h.t.HelmChartContainer - [hivemq-test-hivemq-platform] [hivemq-platform-operator] [8912da67] 21:22:45.037 [pool-6-thread-43] DEBUG c.h.p.o.dependants.PodInfoConfigMap - [helmupgr] Desired PodInfo ConfigMap (extension state hash: -1104086761)
2025-01-28 21:22:45,040 INFO c.h.h.t.HelmChartContainer - [hivemq-test-hivemq-platform] [hivemq-platform-operator] [8912da67] 21:22:45.039 [pool-6-thread-43] DEBUG c.h.p.o.d.StatefulSetResource - [helmupgr] Desired StatefulSet (2 replicas) for status ROLLING_RESTART (SURGE_IN_PROGRESS)
2025-01-28 21:22:45,043 INFO c.h.h.t.HelmChartContainer - [hivemq-test-hivemq-platform] [hivemq-platform-operator] [8912da67] 21:22:45.042 [ReconcilerExecutor-hivemq-controller-124] INFO  c.h.p.o.HiveMQPlatformReconciler - [helmupgr] Reconciling HiveMQ Platform 'test-hivemq-platform' in namespace 'helmupgradeextensionit'
2025-01-28 21:22:45,043 INFO c.h.h.t.HelmChartContainer - [hivemq-test-hivemq-platform] [hivemq-platform-operator] [8912da67] 21:22:45.042 [ReconcilerExecutor-hivemq-controller-124] DEBUG c.h.p.o.HiveMQPlatformReconciler - [helmupgr] Custom Resource Status ROLLING_RESTART - HiveMQ Platform is starting a surge Pod (rolling restart) (SURGE_IN_PROGRESS)
2025-01-28 21:22:45,044 INFO c.h.h.t.HelmChartContainer - [hivemq-test-hivemq-platform] [hivemq-platform-operator] [8912da67] 21:22:45.043 [ReconcilerExecutor-hivemq-controller-124] DEBUG c.h.p.o.HiveMQPlatformReconciler - [helmupgr] Custom Resource Spec (replicas: 1) (extensions: 1)
2025-01-28 21:22:45,048 INFO c.h.h.t.HelmChartContainer - [hivemq-test-hivemq-platform] [hivemq-platform-operator] [8912da67] 21:22:45.046 [ReconcilerExecutor-hivemq-controller-124] DEBUG c.h.p.o.HiveMQPlatformReconciler - [helmupgr] StatefulSet Status (revision: test-hivemq-platform-7c6d7d4d7b, replicas: 2, available: 1, ready: 1, current: 1, updated: 1)
2025-01-28 21:22:45,048 INFO c.h.h.t.HelmChartContainer - [hivemq-test-hivemq-platform] [hivemq-platform-operator] [8912da67] 21:22:45.047 [ReconcilerExecutor-hivemq-controller-124] DEBUG c.h.p.o.HiveMQPlatformReconciler - [helmupgr] StatefulSet Spec (replicas: 2, init containers: 1, containers: 1, volumes: 4)
2025-01-28 21:22:45,052 INFO c.h.h.t.HelmChartContainer - [hivemq-test-hivemq-platform] [hivemq-platform-operator] [8912da67] 21:22:45.050 [ReconcilerExecutor-hivemq-controller-124] DEBUG c.h.p.o.h.HiveMQPlatformReconcilerErrorHandler - [helmupgr] Pod 'test-hivemq-platform-1' phase Running
2025-01-28 21:22:45,054 INFO c.h.h.t.HelmChartContainer - [hivemq-test-hivemq-platform] [hivemq-platform-operator] [8912da67] 21:22:45.051 [ReconcilerExecutor-hivemq-controller-124] DEBUG c.h.p.o.h.HiveMQPlatformReconcilerErrorHandler - [helmupgr] Pod 'test-hivemq-platform-0' phase Running
2025-01-28 21:22:45,054 INFO c.h.h.t.HelmChartContainer - [EVENT] Warning [Unhealthy] Readiness probe failed: HTTP probe failed with statuscode: 503 [helmupgradeextensionit:test-hivemq-platform-1]
2025-01-28 21:22:45,055 INFO c.h.h.t.HelmChartContainer - Received Unhealthy event for container hivemq in pod test-hivemq-platform-1 [4d357a77-09ec-429a-b8e5-f0723ebb76ad]
2025-01-28 21:22:45,115 INFO c.h.h.t.HelmChartContainer - [hivemq-test-hivemq-platform] [hivemq-platform-operator] [8912da67] 21:22:45.114 [ReconcilerExecutor-hivemq-controller-124] DEBUG c.h.p.o.h.HiveMQPlatformReconcilerRollingRestartHandler - [helmupgr] Rolling restart is waiting for 1 of 2 replicas
2025-01-28 21:22:50,037 INFO c.h.h.t.HelmChartContainer - [EVENT] Warning [Unhealthy] Readiness probe failed: HTTP probe failed with statuscode: 503 [helmupgradeextensionit:test-hivemq-platform-1]
2025-01-28 21:22:50,037 INFO c.h.h.t.HelmChartContainer - Received Unhealthy event for container hivemq in pod test-hivemq-platform-1 [4d357a77-09ec-429a-b8e5-f0723ebb76ad]
2025-01-28 21:22:52,672 INFO c.h.h.t.HelmChartContainer - [test-hivemq-platform] [hivemq] [4d357a77] INFO  - [HiveMQ Platform Operator Init App 1.7.0-SNAPSHOT] Proceeding with container start
2025-01-28 21:22:52,675 INFO c.h.h.t.HelmChartContainer - [test-hivemq-platform] [hivemq] [4d357a77] INFO  - [HiveMQ Platform Operator Init App 1.7.0-SNAPSHOT] Initializing HiveMQ Platform extensions with initial configuration: {hivemq-bridge-extension={start-priority=-1, skip-https-hostname-verification=false, restart=true, config-version=937, header-version=0, c-uri=, priority=-1, uri=preinstalled, skip-https-certificate-validation=false, enabled=true}, hivemq-prometheus-extension={request-header-path=no-request-headers, uri=preinstalled, skip-https-certificate-validation=false, skip-https-hostname-verification=false, c-uri=, start-priority=-1, priority=-1, restart=true, enabled=true}}
2025-01-28 21:22:52,879 INFO c.h.h.t.HelmChartContainer - [test-hivemq-platform] [hivemq] [e344728f] WARN  - Bridge Extension: Connect to bridge 'testbridge' failed for the 4 time, reason: connection timed out after 10000 ms: /172.17.0.3:1883
2025-01-28 21:22:53,079 INFO c.h.h.t.HelmChartContainer - [test-hivemq-platform] [hivemq] [4d357a77] INFO  - [HiveMQ Platform Operator Init App 1.7.0-SNAPSHOT] Successfully enabled extension hivemq-bridge-extension
2025-01-28 21:22:53,088 INFO c.h.h.t.HelmChartContainer - [test-hivemq-platform] [hivemq] [4d357a77] INFO  - [HiveMQ Platform Operator Init App 1.7.0-SNAPSHOT] Successfully enabled extension hivemq-prometheus-extension
2025-01-28 21:22:53,114 INFO c.h.h.t.HelmChartContainer - [test-hivemq-platform] [hivemq] [4d357a77] INFO  - [HiveMQ Platform Operator Init App 1.7.0-SNAPSHOT] Starting HiveMQ Platform version 4.36.0 (4.36.0)
2025-01-28 21:22:53,114 INFO c.h.h.t.HelmChartContainer - [test-hivemq-platform] [hivemq] [4d357a77] INFO  - [HiveMQ Platform Operator Init App 1.7.0-SNAPSHOT] Configuring the HiveMQ Platform
2025-01-28 21:22:53,177 INFO c.h.h.t.HelmChartContainer - [test-hivemq-platform] [hivemq] [4d357a77] INFO  - [HiveMQ Platform Operator Init App 1.7.0-SNAPSHOT] Changed logback.xml file scan period to 20 seconds
2025-01-28 21:22:53,271 INFO c.h.h.t.HelmChartContainer - [test-hivemq-platform] [hivemq] [4d357a77] INFO  - [HiveMQ Platform Operator Init App 1.7.0-SNAPSHOT] Starting the HiveMQ Platform
2025-01-28 21:22:53,274 INFO c.h.h.t.HelmChartContainer - [test-hivemq-platform] [hivemq] [4d357a77] -------------------------------------------------------------------------
2025-01-28 21:22:53,274 INFO c.h.h.t.HelmChartContainer - [test-hivemq-platform] [hivemq] [4d357a77] 
2025-01-28 21:22:53,274 INFO c.h.h.t.HelmChartContainer - [test-hivemq-platform] [hivemq] [4d357a77]                   _    _  _              __  __   ____
2025-01-28 21:22:53,274 INFO c.h.h.t.HelmChartContainer - [test-hivemq-platform] [hivemq] [4d357a77]                  | |  | |(_)            |  \/  | / __ \
2025-01-28 21:22:53,274 INFO c.h.h.t.HelmChartContainer - [test-hivemq-platform] [hivemq] [4d357a77]                  | |__| | _ __   __ ___ | \  / || |  | |
2025-01-28 21:22:53,274 INFO c.h.h.t.HelmChartContainer - [test-hivemq-platform] [hivemq] [4d357a77]                  |  __  || |\ \ / // _ \| |\/| || |  | |
2025-01-28 21:22:53,274 INFO c.h.h.t.HelmChartContainer - [test-hivemq-platform] [hivemq] [4d357a77]                  | |  | || | \ V /|  __/| |  | || |__| |
2025-01-28 21:22:53,274 INFO c.h.h.t.HelmChartContainer - [test-hivemq-platform] [hivemq] [4d357a77]                  |_|  |_||_|  \_/  \___||_|  |_| \___\_\
2025-01-28 21:22:53,274 INFO c.h.h.t.HelmChartContainer - [test-hivemq-platform] [hivemq] [4d357a77] 
2025-01-28 21:22:53,274 INFO c.h.h.t.HelmChartContainer - [test-hivemq-platform] [hivemq] [4d357a77] -------------------------------------------------------------------------
2025-01-28 21:22:53,274 INFO c.h.h.t.HelmChartContainer - [test-hivemq-platform] [hivemq] [4d357a77] 
2025-01-28 21:22:53,274 INFO c.h.h.t.HelmChartContainer - [test-hivemq-platform] [hivemq] [4d357a77]   HiveMQ Start Script for Linux/Unix v1.14
2025-01-28 21:22:53,275 INFO c.h.h.t.HelmChartContainer - [test-hivemq-platform] [hivemq] [4d357a77] 
2025-01-28 21:22:53,386 INFO c.h.h.t.HelmChartContainer - [test-hivemq-platform] [hivemq] [4d357a77] -------------------------------------------------------------------------
2025-01-28 21:22:53,386 INFO c.h.h.t.HelmChartContainer - [test-hivemq-platform] [hivemq] [4d357a77] 
2025-01-28 21:22:53,386 INFO c.h.h.t.HelmChartContainer - [test-hivemq-platform] [hivemq] [4d357a77]   HIVEMQ_HOME: /opt/hivemq
2025-01-28 21:22:53,386 INFO c.h.h.t.HelmChartContainer - [test-hivemq-platform] [hivemq] [4d357a77] 
2025-01-28 21:22:53,386 INFO c.h.h.t.HelmChartContainer - [test-hivemq-platform] [hivemq] [4d357a77]   JAVA_OPTS: -XX:+UnlockExperimentalVMOptions -XX:InitialRAMPercentage=50 -XX:MaxRAMPercentage=50 -Djava.net.preferIPv4Stack=true --add-opens java.base/java.lang=ALL-UNNAMED --add-opens java.base/java.nio=ALL-UNNAMED --add-opens java.base/sun.nio.ch=ALL-UNNAMED --add-opens jdk.management/com.sun.management.internal=ALL-UNNAMED --add-exports java.base/jdk.internal.misc=ALL-UNNAMED -Djava.security.egd=file:/dev/./urandom -Dcom.sun.management.jmxremote -Dcom.sun.management.jmxremote.port=9010 -Dcom.sun.management.jmxremote.local.only=false -Dcom.sun.management.jmxremote.authenticate=false -Dcom.sun.management.jmxremote.ssl=false -Duser.language=en -Duser.region=US -XX:+CrashOnOutOfMemoryError -XX:+HeapDumpOnOutOfMemoryError
2025-01-28 21:22:53,386 INFO c.h.h.t.HelmChartContainer - [test-hivemq-platform] [hivemq] [4d357a77] 
2025-01-28 21:22:53,386 INFO c.h.h.t.HelmChartContainer - [test-hivemq-platform] [hivemq] [4d357a77]   JAVA_VERSION: 21
2025-01-28 21:22:53,386 INFO c.h.h.t.HelmChartContainer - [test-hivemq-platform] [hivemq] [4d357a77] 
2025-01-28 21:22:53,386 INFO c.h.h.t.HelmChartContainer - [test-hivemq-platform] [hivemq] [4d357a77] -------------------------------------------------------------------------
2025-01-28 21:22:53,386 INFO c.h.h.t.HelmChartContainer - [test-hivemq-platform] [hivemq] [4d357a77] 
2025-01-28 21:22:53,709 INFO c.h.h.t.HelmChartContainer - [test-hivemq-platform] [hivemq] [e344728f] WARN  - Bridge Extension: Connect to bridge 'testbridge' failed for the 4 time, reason: connection timed out after 10000 ms: /172.17.0.3:1883
2025-01-28 21:22:55,084 INFO c.h.h.t.HelmChartContainer - [EVENT] Warning [Unhealthy] Readiness probe failed: HTTP probe failed with statuscode: 503 [helmupgradeextensionit:test-hivemq-platform-1]
2025-01-28 21:22:55,084 INFO c.h.h.t.HelmChartContainer - Received Unhealthy event for container hivemq in pod test-hivemq-platform-1 [4d357a77-09ec-429a-b8e5-f0723ebb76ad]
2025-01-28 21:22:55,120 INFO c.h.h.t.HelmChartContainer - [hivemq-test-hivemq-platform] [hivemq-platform-operator] [8912da67] 21:22:55.117 [pool-6-thread-2] DEBUG c.h.p.o.d.PlatformServiceResource - [helmupgr] Desired Platform services (3 services)
2025-01-28 21:22:55,120 INFO c.h.h.t.HelmChartContainer - [hivemq-test-hivemq-platform] [hivemq-platform-operator] [8912da67] 21:22:55.118 [pool-6-thread-7] DEBUG c.h.p.o.dependants.PodInfoConfigMap - [helmupgr] Desired PodInfo ConfigMap (1 extensions) (1 enabled)
2025-01-28 21:22:55,121 INFO c.h.h.t.HelmChartContainer - [hivemq-test-hivemq-platform] [hivemq-platform-operator] [8912da67] 21:22:55.119 [pool-6-thread-7] DEBUG c.h.p.o.dependants.PodInfoConfigMap - [helmupgr] Desired PodInfo ConfigMap (metrics port: 9399) (metrics path: /)
2025-01-28 21:22:55,121 INFO c.h.h.t.HelmChartContainer - [hivemq-test-hivemq-platform] [hivemq-platform-operator] [8912da67] 21:22:55.119 [pool-6-thread-7] DEBUG c.h.p.o.dependants.PodInfoConfigMap - [helmupgr] Desired PodInfo ConfigMap (extension state hash: -1104086761)
2025-01-28 21:22:55,121 INFO c.h.h.t.HelmChartContainer - [hivemq-test-hivemq-platform] [hivemq-platform-operator] [8912da67] 21:22:55.119 [pool-6-thread-3] DEBUG c.h.p.o.d.PodServiceAccountResource - [helmupgr] Desired PodServiceAccountResource (serviceAccountName: hivemq-platform-pod-test-hivemq-platform)
2025-01-28 21:22:55,125 INFO c.h.h.t.HelmChartContainer - [hivemq-test-hivemq-platform] [hivemq-platform-operator] [8912da67] 21:22:55.125 [pool-6-thread-2] DEBUG c.h.p.o.d.StatefulSetResource - [helmupgr] Desired StatefulSet (2 replicas) for status ROLLING_RESTART (SURGE_IN_PROGRESS)
2025-01-28 21:22:55,131 INFO c.h.h.t.HelmChartContainer - [hivemq-test-hivemq-platform] [hivemq-platform-operator] [8912da67] 21:22:55.129 [ReconcilerExecutor-hivemq-controller-125] INFO  c.h.p.o.HiveMQPlatformReconciler - [helmupgr] Reconciling HiveMQ Platform 'test-hivemq-platform' in namespace 'helmupgradeextensionit'
2025-01-28 21:22:55,131 INFO c.h.h.t.HelmChartContainer - [hivemq-test-hivemq-platform] [hivemq-platform-operator] [8912da67] 21:22:55.129 [ReconcilerExecutor-hivemq-controller-125] DEBUG c.h.p.o.HiveMQPlatformReconciler - [helmupgr] Custom Resource Status ROLLING_RESTART - HiveMQ Platform is starting a surge Pod (rolling restart) (SURGE_IN_PROGRESS)
2025-01-28 21:22:55,131 INFO c.h.h.t.HelmChartContainer - [hivemq-test-hivemq-platform] [hivemq-platform-operator] [8912da67] 21:22:55.129 [ReconcilerExecutor-hivemq-controller-125] DEBUG c.h.p.o.HiveMQPlatformReconciler - [helmupgr] Custom Resource Spec (replicas: 1) (extensions: 1)
2025-01-28 21:22:55,132 INFO c.h.h.t.HelmChartContainer - [hivemq-test-hivemq-platform] [hivemq-platform-operator] [8912da67] 21:22:55.130 [ReconcilerExecutor-hivemq-controller-125] DEBUG c.h.p.o.HiveMQPlatformReconciler - [helmupgr] StatefulSet Status (revision: test-hivemq-platform-7c6d7d4d7b, replicas: 2, available: 1, ready: 1, current: 1, updated: 1)
2025-01-28 21:22:55,132 INFO c.h.h.t.HelmChartContainer - [hivemq-test-hivemq-platform] [hivemq-platform-operator] [8912da67] 21:22:55.130 [ReconcilerExecutor-hivemq-controller-125] DEBUG c.h.p.o.HiveMQPlatformReconciler - [helmupgr] StatefulSet Spec (replicas: 2, init containers: 1, containers: 1, volumes: 4)
2025-01-28 21:22:55,134 INFO c.h.h.t.HelmChartContainer - [hivemq-test-hivemq-platform] [hivemq-platform-operator] [8912da67] 21:22:55.133 [ReconcilerExecutor-hivemq-controller-125] DEBUG c.h.p.o.h.HiveMQPlatformReconcilerErrorHandler - [helmupgr] Pod 'test-hivemq-platform-1' phase Running
2025-01-28 21:22:55,217 INFO c.h.h.t.HelmChartContainer - [hivemq-test-hivemq-platform] [hivemq-platform-operator] [8912da67] 21:22:55.216 [ReconcilerExecutor-hivemq-controller-125] DEBUG c.h.p.o.h.HiveMQPlatformReconcilerErrorHandler - [helmupgr] Pod 'test-hivemq-platform-0' phase Running
2025-01-28 21:22:55,217 INFO c.h.h.t.HelmChartContainer - [hivemq-test-hivemq-platform] [hivemq-platform-operator] [8912da67] 21:22:55.216 [ReconcilerExecutor-hivemq-controller-125] DEBUG c.h.p.o.h.HiveMQPlatformReconcilerRollingRestartHandler - [helmupgr] Rolling restart is waiting for 1 of 2 replicas
2025-01-28 21:22:55,888 INFO c.h.h.t.HelmChartContainer - [test-hivemq-platform] [hivemq] [4d357a77] INFO  - Starting HiveMQ Enterprise Server
2025-01-28 21:22:55,973 INFO c.h.h.t.HelmChartContainer - [test-hivemq-platform] [hivemq] [4d357a77] INFO  - HiveMQ version: 4.36.0
2025-01-28 21:22:55,973 INFO c.h.h.t.HelmChartContainer - [test-hivemq-platform] [hivemq] [4d357a77] INFO  - HiveMQ home directory: /opt/hivemq
2025-01-28 21:22:55,973 INFO c.h.h.t.HelmChartContainer - [test-hivemq-platform] [hivemq] [4d357a77] INFO  - Log Configuration was overridden by /opt/hivemq/conf/logback.xml
2025-01-28 21:22:57,171 INFO c.h.h.t.HelmChartContainer - [test-hivemq-platform] [hivemq] [4d357a77] INFO  - Successfully loaded configuration from '/opt/hivemq/conf-k8s/config.xml'.
2025-01-28 21:22:57,486 INFO c.h.h.t.HelmChartContainer - [test-hivemq-platform] [hivemq] [4d357a77] INFO  - This node's ID is GxQMO
2025-01-28 21:22:57,487 INFO c.h.h.t.HelmChartContainer - [test-hivemq-platform] [hivemq] [4d357a77] INFO  - Clustering is enabled
2025-01-28 21:23:00,275 INFO c.h.h.t.HelmChartContainer - [test-hivemq-platform] [hivemq] [4d357a77] WARN  - [HiveMQ Platform Operator Init App 1.7.0-SNAPSHOT] Cannot connect to Health API for readiness: null
2025-01-28 21:23:00,280 INFO c.h.h.t.HelmChartContainer - [EVENT] Warning [Unhealthy] Readiness probe failed: HTTP probe failed with statuscode: 503 [helmupgradeextensionit:test-hivemq-platform-1]
2025-01-28 21:23:00,280 INFO c.h.h.t.HelmChartContainer - Received Unhealthy event for container hivemq in pod test-hivemq-platform-1 [4d357a77-09ec-429a-b8e5-f0723ebb76ad]
2025-01-28 21:23:01,973 INFO c.h.h.t.HelmChartContainer - [test-hivemq-platform] [hivemq] [4d357a77] WARN  - [HiveMQ Platform Operator Init App 1.7.0-SNAPSHOT] Cannot connect to Health API for liveness: null
2025-01-28 21:23:01,973 INFO c.h.h.t.HelmChartContainer - [test-hivemq-platform] [hivemq] [4d357a77] INFO  - [HiveMQ Platform Operator Init App 1.7.0-SNAPSHOT] Returning default Health API response 200 for liveness
2025-01-28 21:23:05,078 INFO c.h.h.t.HelmChartContainer - [test-hivemq-platform] [hivemq] [4d357a77] WARN  - [HiveMQ Platform Operator Init App 1.7.0-SNAPSHOT] Cannot connect to Health API for readiness: null
2025-01-28 21:23:05,082 INFO c.h.h.t.HelmChartContainer - [EVENT] Warning [Unhealthy] Readiness probe failed: HTTP probe failed with statuscode: 503 [helmupgradeextensionit:test-hivemq-platform-1]
2025-01-28 21:23:05,082 INFO c.h.h.t.HelmChartContainer - Received Unhealthy event for container hivemq in pod test-hivemq-platform-1 [4d357a77-09ec-429a-b8e5-f0723ebb76ad]
2025-01-28 21:23:05,222 INFO c.h.h.t.HelmChartContainer - [hivemq-test-hivemq-platform] [hivemq-platform-operator] [8912da67] 21:23:05.220 [pool-6-thread-12] DEBUG c.h.p.o.dependants.PodInfoConfigMap - [helmupgr] Desired PodInfo ConfigMap (1 extensions) (1 enabled)
2025-01-28 21:23:05,223 INFO c.h.h.t.HelmChartContainer - [hivemq-test-hivemq-platform] [hivemq-platform-operator] [8912da67] 21:23:05.221 [pool-6-thread-20] DEBUG c.h.p.o.d.PodServiceAccountResource - [helmupgr] Desired PodServiceAccountResource (serviceAccountName: hivemq-platform-pod-test-hivemq-platform)
2025-01-28 21:23:05,223 INFO c.h.h.t.HelmChartContainer - [hivemq-test-hivemq-platform] [hivemq-platform-operator] [8912da67] 21:23:05.221 [pool-6-thread-12] DEBUG c.h.p.o.dependants.PodInfoConfigMap - [helmupgr] Desired PodInfo ConfigMap (metrics port: 9399) (metrics path: /)
2025-01-28 21:23:05,224 INFO c.h.h.t.HelmChartContainer - [hivemq-test-hivemq-platform] [hivemq-platform-operator] [8912da67] 21:23:05.221 [pool-6-thread-12] DEBUG c.h.p.o.dependants.PodInfoConfigMap - [helmupgr] Desired PodInfo ConfigMap (extension state hash: -1104086761)
2025-01-28 21:23:05,224 INFO c.h.h.t.HelmChartContainer - [hivemq-test-hivemq-platform] [hivemq-platform-operator] [8912da67] 21:23:05.221 [pool-6-thread-13] DEBUG c.h.p.o.d.PlatformServiceResource - [helmupgr] Desired Platform services (3 services)
2025-01-28 21:23:05,226 INFO c.h.h.t.HelmChartContainer - [hivemq-test-hivemq-platform] [hivemq-platform-operator] [8912da67] 21:23:05.225 [pool-6-thread-13] DEBUG c.h.p.o.d.StatefulSetResource - [helmupgr] Desired StatefulSet (2 replicas) for status ROLLING_RESTART (SURGE_IN_PROGRESS)
2025-01-28 21:23:05,231 INFO c.h.h.t.HelmChartContainer - [hivemq-test-hivemq-platform] [hivemq-platform-operator] [8912da67] 21:23:05.228 [ReconcilerExecutor-hivemq-controller-126] INFO  c.h.p.o.HiveMQPlatformReconciler - [helmupgr] Reconciling HiveMQ Platform 'test-hivemq-platform' in namespace 'helmupgradeextensionit'
2025-01-28 21:23:05,231 INFO c.h.h.t.HelmChartContainer - [hivemq-test-hivemq-platform] [hivemq-platform-operator] [8912da67] 21:23:05.228 [ReconcilerExecutor-hivemq-controller-126] DEBUG c.h.p.o.HiveMQPlatformReconciler - [helmupgr] Custom Resource Status ROLLING_RESTART - HiveMQ Platform is starting a surge Pod (rolling restart) (SURGE_IN_PROGRESS)
2025-01-28 21:23:05,231 INFO c.h.h.t.HelmChartContainer - [hivemq-test-hivemq-platform] [hivemq-platform-operator] [8912da67] 21:23:05.228 [ReconcilerExecutor-hivemq-controller-126] DEBUG c.h.p.o.HiveMQPlatformReconciler - [helmupgr] Custom Resource Spec (replicas: 1) (extensions: 1)
2025-01-28 21:23:05,231 INFO c.h.h.t.HelmChartContainer - [hivemq-test-hivemq-platform] [hivemq-platform-operator] [8912da67] 21:23:05.229 [ReconcilerExecutor-hivemq-controller-126] DEBUG c.h.p.o.HiveMQPlatformReconciler - [helmupgr] StatefulSet Status (revision: test-hivemq-platform-7c6d7d4d7b, replicas: 2, available: 1, ready: 1, current: 1, updated: 1)
2025-01-28 21:23:05,231 INFO c.h.h.t.HelmChartContainer - [hivemq-test-hivemq-platform] [hivemq-platform-operator] [8912da67] 21:23:05.230 [ReconcilerExecutor-hivemq-controller-126] DEBUG c.h.p.o.HiveMQPlatformReconciler - [helmupgr] StatefulSet Spec (replicas: 2, init containers: 1, containers: 1, volumes: 4)
2025-01-28 21:23:05,232 INFO c.h.h.t.HelmChartContainer - [hivemq-test-hivemq-platform] [hivemq-platform-operator] [8912da67] 21:23:05.231 [ReconcilerExecutor-hivemq-controller-126] DEBUG c.h.p.o.h.HiveMQPlatformReconcilerErrorHandler - [helmupgr] Pod 'test-hivemq-platform-1' phase Running
2025-01-28 21:23:05,233 INFO c.h.h.t.HelmChartContainer - [hivemq-test-hivemq-platform] [hivemq-platform-operator] [8912da67] 21:23:05.233 [ReconcilerExecutor-hivemq-controller-126] DEBUG c.h.p.o.h.HiveMQPlatformReconcilerErrorHandler - [helmupgr] Pod 'test-hivemq-platform-0' phase Running
2025-01-28 21:23:05,234 INFO c.h.h.t.HelmChartContainer - [hivemq-test-hivemq-platform] [hivemq-platform-operator] [8912da67] 21:23:05.233 [ReconcilerExecutor-hivemq-controller-126] DEBUG c.h.p.o.h.HiveMQPlatformReconcilerRollingRestartHandler - [helmupgr] Rolling restart is waiting for 1 of 2 replicas
2025-01-28 21:23:10,073 INFO c.h.h.t.HelmChartContainer - [test-hivemq-platform] [hivemq] [4d357a77] WARN  - [HiveMQ Platform Operator Init App 1.7.0-SNAPSHOT] Cannot connect to Health API for readiness: null
2025-01-28 21:23:10,079 INFO c.h.h.t.HelmChartContainer - [EVENT] Warning [Unhealthy] Readiness probe failed: HTTP probe failed with statuscode: 503 [helmupgradeextensionit:test-hivemq-platform-1]
2025-01-28 21:23:10,079 INFO c.h.h.t.HelmChartContainer - Received Unhealthy event for container hivemq in pod test-hivemq-platform-1 [4d357a77-09ec-429a-b8e5-f0723ebb76ad]
2025-01-28 21:23:11,087 INFO c.h.h.t.HelmChartContainer - [test-hivemq-platform] [hivemq] [4d357a77] INFO  - No valid license file found. Using trial license, restricted to 25 connections.
2025-01-28 21:23:15,075 INFO c.h.h.t.HelmChartContainer - [test-hivemq-platform] [hivemq] [4d357a77] WARN  - [HiveMQ Platform Operator Init App 1.7.0-SNAPSHOT] Cannot connect to Health API for readiness: null
2025-01-28 21:23:15,080 INFO c.h.h.t.HelmChartContainer - [EVENT] Warning [Unhealthy] Readiness probe failed: HTTP probe failed with statuscode: 503 [helmupgradeextensionit:test-hivemq-platform-1]
2025-01-28 21:23:15,080 INFO c.h.h.t.HelmChartContainer - Received Unhealthy event for container hivemq in pod test-hivemq-platform-1 [4d357a77-09ec-429a-b8e5-f0723ebb76ad]
2025-01-28 21:23:15,173 INFO c.h.h.t.HelmChartContainer - [test-hivemq-platform] [hivemq] [4d357a77] INFO  - No valid license file for Data Hub found. Using free license, restricted to 1 policy.
2025-01-28 21:23:15,239 INFO c.h.h.t.HelmChartContainer - [hivemq-test-hivemq-platform] [hivemq-platform-operator] [8912da67] 21:23:15.236 [pool-6-thread-24] DEBUG c.h.p.o.d.PlatformServiceResource - [helmupgr] Desired Platform services (3 services)
2025-01-28 21:23:15,239 INFO c.h.h.t.HelmChartContainer - [hivemq-test-hivemq-platform] [hivemq-platform-operator] [8912da67] 21:23:15.237 [pool-6-thread-29] DEBUG c.h.p.o.d.PodServiceAccountResource - [helmupgr] Desired PodServiceAccountResource (serviceAccountName: hivemq-platform-pod-test-hivemq-platform)
2025-01-28 21:23:15,239 INFO c.h.h.t.HelmChartContainer - [hivemq-test-hivemq-platform] [hivemq-platform-operator] [8912da67] 21:23:15.237 [pool-6-thread-25] DEBUG c.h.p.o.dependants.PodInfoConfigMap - [helmupgr] Desired PodInfo ConfigMap (1 extensions) (1 enabled)
2025-01-28 21:23:15,239 INFO c.h.h.t.HelmChartContainer - [hivemq-test-hivemq-platform] [hivemq-platform-operator] [8912da67] 21:23:15.237 [pool-6-thread-25] DEBUG c.h.p.o.dependants.PodInfoConfigMap - [helmupgr] Desired PodInfo ConfigMap (metrics port: 9399) (metrics path: /)
2025-01-28 21:23:15,239 INFO c.h.h.t.HelmChartContainer - [hivemq-test-hivemq-platform] [hivemq-platform-operator] [8912da67] 21:23:15.237 [pool-6-thread-25] DEBUG c.h.p.o.dependants.PodInfoConfigMap - [helmupgr] Desired PodInfo ConfigMap (extension state hash: -1104086761)
2025-01-28 21:23:15,242 INFO c.h.h.t.HelmChartContainer - [hivemq-test-hivemq-platform] [hivemq-platform-operator] [8912da67] 21:23:15.241 [pool-6-thread-24] DEBUG c.h.p.o.d.StatefulSetResource - [helmupgr] Desired StatefulSet (2 replicas) for status ROLLING_RESTART (SURGE_IN_PROGRESS)
2025-01-28 21:23:15,245 INFO c.h.h.t.HelmChartContainer - [hivemq-test-hivemq-platform] [hivemq-platform-operator] [8912da67] 21:23:15.243 [ReconcilerExecutor-hivemq-controller-127] INFO  c.h.p.o.HiveMQPlatformReconciler - [helmupgr] Reconciling HiveMQ Platform 'test-hivemq-platform' in namespace 'helmupgradeextensionit'
2025-01-28 21:23:15,245 INFO c.h.h.t.HelmChartContainer - [hivemq-test-hivemq-platform] [hivemq-platform-operator] [8912da67] 21:23:15.244 [ReconcilerExecutor-hivemq-controller-127] DEBUG c.h.p.o.HiveMQPlatformReconciler - [helmupgr] Custom Resource Status ROLLING_RESTART - HiveMQ Platform is starting a surge Pod (rolling restart) (SURGE_IN_PROGRESS)
2025-01-28 21:23:15,245 INFO c.h.h.t.HelmChartContainer - [hivemq-test-hivemq-platform] [hivemq-platform-operator] [8912da67] 21:23:15.244 [ReconcilerExecutor-hivemq-controller-127] DEBUG c.h.p.o.HiveMQPlatformReconciler - [helmupgr] Custom Resource Spec (replicas: 1) (extensions: 1)
2025-01-28 21:23:15,246 INFO c.h.h.t.HelmChartContainer - [hivemq-test-hivemq-platform] [hivemq-platform-operator] [8912da67] 21:23:15.245 [ReconcilerExecutor-hivemq-controller-127] DEBUG c.h.p.o.HiveMQPlatformReconciler - [helmupgr] StatefulSet Status (revision: test-hivemq-platform-7c6d7d4d7b, replicas: 2, available: 1, ready: 1, current: 1, updated: 1)
2025-01-28 21:23:15,246 INFO c.h.h.t.HelmChartContainer - [hivemq-test-hivemq-platform] [hivemq-platform-operator] [8912da67] 21:23:15.245 [ReconcilerExecutor-hivemq-controller-127] DEBUG c.h.p.o.HiveMQPlatformReconciler - [helmupgr] StatefulSet Spec (replicas: 2, init containers: 1, containers: 1, volumes: 4)
2025-01-28 21:23:15,246 INFO c.h.h.t.HelmChartContainer - [hivemq-test-hivemq-platform] [hivemq-platform-operator] [8912da67] 21:23:15.246 [ReconcilerExecutor-hivemq-controller-127] DEBUG c.h.p.o.h.HiveMQPlatformReconcilerErrorHandler - [helmupgr] Pod 'test-hivemq-platform-1' phase Running
2025-01-28 21:23:15,247 INFO c.h.h.t.HelmChartContainer - [hivemq-test-hivemq-platform] [hivemq-platform-operator] [8912da67] 21:23:15.247 [ReconcilerExecutor-hivemq-controller-127] DEBUG c.h.p.o.h.HiveMQPlatformReconcilerErrorHandler - [helmupgr] Pod 'test-hivemq-platform-0' phase Running
2025-01-28 21:23:15,248 INFO c.h.h.t.HelmChartContainer - [hivemq-test-hivemq-platform] [hivemq-platform-operator] [8912da67] 21:23:15.247 [ReconcilerExecutor-hivemq-controller-127] DEBUG c.h.p.o.h.HiveMQPlatformReconcilerRollingRestartHandler - [helmupgr] Rolling restart is waiting for 1 of 2 replicas
2025-01-28 21:23:16,282 INFO c.h.h.t.HelmChartContainer - [test-hivemq-platform] [hivemq] [4d357a77] INFO  - Audit Logger started.
2025-01-28 21:23:16,489 INFO c.h.h.t.HelmChartContainer - [test-hivemq-platform] [hivemq] [e344728f] WARN  - Bridge Extension: Connect to bridge 'testbridge' failed for the 5 time, reason: connection timed out after 10000 ms: /172.17.0.3:1883
2025-01-28 21:23:16,517 INFO c.h.h.t.HelmChartContainer - [test-hivemq-platform] [hivemq] [4d357a77] INFO  - This node uses '1' CPU cores.
2025-01-28 21:23:16,573 INFO c.h.h.t.HelmChartContainer - [test-hivemq-platform] [hivemq] [4d357a77] INFO  - Starting HiveMQ Health API on address 0.0.0.0 and port 8889
2025-01-28 21:23:17,614 INFO c.h.h.t.HelmChartContainer - [test-hivemq-platform] [hivemq] [4d357a77] INFO  - Started HiveMQ Health API in 1015ms
2025-01-28 21:23:18,276 INFO c.h.h.t.HelmChartContainer - [test-hivemq-platform] [hivemq] [4d357a77] INFO  - Starting HiveMQ extension system.
2025-01-28 21:23:20,173 INFO c.h.h.t.HelmChartContainer - [test-hivemq-platform] [hivemq] [4d357a77] INFO  - No license found for enterprise extension with name "HiveMQ Enterprise Bridge Extension". Entering extension trial mode. "HiveMQ Enterprise Bridge Extension" will be disabled in 5 hours.
2025-01-28 21:23:20,473 INFO c.h.h.t.HelmChartContainer - [test-hivemq-platform] [hivemq] [4d357a77] INFO  - Starting extension with id "hivemq-dns-cluster-discovery" at /opt/hivemq/extensions/hivemq-dns-cluster-discovery
2025-01-28 21:23:21,075 INFO c.h.h.t.HelmChartContainer - [EVENT] Warning [Unhealthy] Readiness probe failed: Get "http://10.42.0.9:7979/readiness": context deadline exceeded (Client.Timeout exceeded while awaiting headers) [helmupgradeextensionit:test-hivemq-platform-1]
2025-01-28 21:23:21,075 INFO c.h.h.t.HelmChartContainer - Received Unhealthy event for container hivemq in pod test-hivemq-platform-1 [4d357a77-09ec-429a-b8e5-f0723ebb76ad]
2025-01-28 21:23:21,272 INFO c.h.h.t.HelmChartContainer - [test-hivemq-platform] [hivemq] [4d357a77] INFO  - Extension "DNS Cluster Discovery Extension" version 4.3.2 started successfully.
2025-01-28 21:23:21,272 INFO c.h.h.t.HelmChartContainer - [test-hivemq-platform] [hivemq] [4d357a77] INFO  - Starting extension with id "hivemq-bridge-extension" at /opt/hivemq/extensions/hivemq-bridge-extension
2025-01-28 21:23:21,274 INFO c.h.h.t.HelmChartContainer - [test-hivemq-platform] [hivemq] [4d357a77] INFO  - Using TCP cluster transport on address 10.42.0.9 and port 7000
2025-01-28 21:23:21,279 INFO c.h.h.t.HelmChartContainer - [test-hivemq-platform] [hivemq] [4d357a77] INFO  - [HiveMQ Platform Operator Init App 1.7.0-SNAPSHOT] Returning Health API response 503 for readiness
2025-01-28 21:23:21,374 INFO c.h.h.t.HelmChartContainer - [test-hivemq-platform] [hivemq] [4d357a77] INFO  - Using extension cluster discovery
2025-01-28 21:23:22,027 INFO c.h.h.t.HelmChartContainer - [test-hivemq-platform] [hivemq] [e344728f] WARN  - Bridge Extension: Connect to bridge 'testbridge' failed for the 5 time, reason: connection timed out after 10000 ms: /172.17.0.3:1883
2025-01-28 21:23:22,374 INFO c.h.h.t.HelmChartContainer - [test-hivemq-platform] [hivemq] [4d357a77] INFO  - HiveMQ Enterprise Bridge Extension: Successfully loaded configuration from '/opt/hivemq/extensions/hivemq-bridge-extension/conf/config.xml'.
2025-01-28 21:23:22,579 INFO c.h.h.t.HelmChartContainer - [test-hivemq-platform] [hivemq] [e344728f] INFO  - Cluster nodes found by discovery: [1DcXn|1] (2) [1DcXn, GxQMO].
2025-01-28 21:23:22,680 INFO c.h.h.t.HelmChartContainer - [test-hivemq-platform] [hivemq] [4d357a77] INFO  - Cluster nodes found by discovery: [1DcXn|1] (2) [1DcXn, GxQMO].
2025-01-28 21:23:22,977 INFO c.h.h.t.HelmChartContainer - [test-hivemq-platform] [hivemq] [4d357a77] INFO  - Cluster size = 1, members : [1DcXn].
2025-01-28 21:23:23,088 INFO c.h.h.t.HelmChartContainer - [test-hivemq-platform] [hivemq] [4d357a77] INFO  - Bridge Extension: Connecting to remote brokers...
2025-01-28 21:23:23,486 INFO c.h.h.t.HelmChartContainer - [test-hivemq-platform] [hivemq] [4d357a77] INFO  - Starting cluster join process. This may take a while. Please do not shut down HiveMQ.
2025-01-28 21:23:23,515 INFO c.h.h.t.HelmChartContainer - [test-hivemq-platform] [hivemq] [4d357a77] INFO  - Cluster join process is still ongoing. Please do not shut down HiveMQ.
2025-01-28 21:23:25,038 INFO c.h.h.t.HelmChartContainer - [EVENT] Warning [Unhealthy] Readiness probe failed: HTTP probe failed with statuscode: 503 [helmupgradeextensionit:test-hivemq-platform-1]
2025-01-28 21:23:25,038 INFO c.h.h.t.HelmChartContainer - Received Unhealthy event for container hivemq in pod test-hivemq-platform-1 [4d357a77-09ec-429a-b8e5-f0723ebb76ad]
2025-01-28 21:23:25,254 INFO c.h.h.t.HelmChartContainer - [hivemq-test-hivemq-platform] [hivemq-platform-operator] [8912da67] 21:23:25.250 [pool-6-thread-32] DEBUG c.h.p.o.d.PlatformServiceResource - [helmupgr] Desired Platform services (3 services)
2025-01-28 21:23:25,254 INFO c.h.h.t.HelmChartContainer - [hivemq-test-hivemq-platform] [hivemq-platform-operator] [8912da67] 21:23:25.251 [pool-6-thread-40] DEBUG c.h.p.o.d.PodServiceAccountResource - [helmupgr] Desired PodServiceAccountResource (serviceAccountName: hivemq-platform-pod-test-hivemq-platform)
2025-01-28 21:23:25,255 INFO c.h.h.t.HelmChartContainer - [hivemq-test-hivemq-platform] [hivemq-platform-operator] [8912da67] 21:23:25.252 [pool-6-thread-36] DEBUG c.h.p.o.dependants.PodInfoConfigMap - [helmupgr] Desired PodInfo ConfigMap (1 extensions) (1 enabled)
2025-01-28 21:23:25,255 INFO c.h.h.t.HelmChartContainer - [hivemq-test-hivemq-platform] [hivemq-platform-operator] [8912da67] 21:23:25.253 [pool-6-thread-36] DEBUG c.h.p.o.dependants.PodInfoConfigMap - [helmupgr] Desired PodInfo ConfigMap (metrics port: 9399) (metrics path: /)
2025-01-28 21:23:25,255 INFO c.h.h.t.HelmChartContainer - [hivemq-test-hivemq-platform] [hivemq-platform-operator] [8912da67] 21:23:25.253 [pool-6-thread-36] DEBUG c.h.p.o.dependants.PodInfoConfigMap - [helmupgr] Desired PodInfo ConfigMap (extension state hash: -1104086761)
2025-01-28 21:23:25,257 INFO c.h.h.t.HelmChartContainer - [hivemq-test-hivemq-platform] [hivemq-platform-operator] [8912da67] 21:23:25.255 [pool-6-thread-36] DEBUG c.h.p.o.d.StatefulSetResource - [helmupgr] Desired StatefulSet (2 replicas) for status ROLLING_RESTART (SURGE_IN_PROGRESS)
2025-01-28 21:23:25,260 INFO c.h.h.t.HelmChartContainer - [hivemq-test-hivemq-platform] [hivemq-platform-operator] [8912da67] 21:23:25.259 [ReconcilerExecutor-hivemq-controller-128] INFO  c.h.p.o.HiveMQPlatformReconciler - [helmupgr] Reconciling HiveMQ Platform 'test-hivemq-platform' in namespace 'helmupgradeextensionit'
2025-01-28 21:23:25,260 INFO c.h.h.t.HelmChartContainer - [hivemq-test-hivemq-platform] [hivemq-platform-operator] [8912da67] 21:23:25.259 [ReconcilerExecutor-hivemq-controller-128] DEBUG c.h.p.o.HiveMQPlatformReconciler - [helmupgr] Custom Resource Status ROLLING_RESTART - HiveMQ Platform is starting a surge Pod (rolling restart) (SURGE_IN_PROGRESS)
2025-01-28 21:23:25,260 INFO c.h.h.t.HelmChartContainer - [hivemq-test-hivemq-platform] [hivemq-platform-operator] [8912da67] 21:23:25.259 [ReconcilerExecutor-hivemq-controller-128] DEBUG c.h.p.o.HiveMQPlatformReconciler - [helmupgr] Custom Resource Spec (replicas: 1) (extensions: 1)
2025-01-28 21:23:25,261 INFO c.h.h.t.HelmChartContainer - [hivemq-test-hivemq-platform] [hivemq-platform-operator] [8912da67] 21:23:25.260 [ReconcilerExecutor-hivemq-controller-128] DEBUG c.h.p.o.HiveMQPlatformReconciler - [helmupgr] StatefulSet Status (revision: test-hivemq-platform-7c6d7d4d7b, replicas: 2, available: 1, ready: 1, current: 1, updated: 1)
2025-01-28 21:23:25,261 INFO c.h.h.t.HelmChartContainer - [hivemq-test-hivemq-platform] [hivemq-platform-operator] [8912da67] 21:23:25.260 [ReconcilerExecutor-hivemq-controller-128] DEBUG c.h.p.o.HiveMQPlatformReconciler - [helmupgr] StatefulSet Spec (replicas: 2, init containers: 1, containers: 1, volumes: 4)
2025-01-28 21:23:25,264 INFO c.h.h.t.HelmChartContainer - [hivemq-test-hivemq-platform] [hivemq-platform-operator] [8912da67] 21:23:25.263 [ReconcilerExecutor-hivemq-controller-128] DEBUG c.h.p.o.h.HiveMQPlatformReconcilerErrorHandler - [helmupgr] Pod 'test-hivemq-platform-1' phase Running
2025-01-28 21:23:25,265 INFO c.h.h.t.HelmChartContainer - [hivemq-test-hivemq-platform] [hivemq-platform-operator] [8912da67] 21:23:25.264 [ReconcilerExecutor-hivemq-controller-128] DEBUG c.h.p.o.h.HiveMQPlatformReconcilerErrorHandler - [helmupgr] Pod 'test-hivemq-platform-0' phase Running
2025-01-28 21:23:25,266 INFO c.h.h.t.HelmChartContainer - [hivemq-test-hivemq-platform] [hivemq-platform-operator] [8912da67] 21:23:25.265 [ReconcilerExecutor-hivemq-controller-128] DEBUG c.h.p.o.h.HiveMQPlatformReconcilerRollingRestartHandler - [helmupgr] Rolling restart is waiting for 1 of 2 replicas
2025-01-28 21:23:25,526 INFO c.h.h.t.HelmChartContainer - [test-hivemq-platform] [hivemq] [e344728f] INFO  - Cluster size = 2, members : [GxQMO, 1DcXn].
2025-01-28 21:23:25,538 INFO c.h.h.t.HelmChartContainer - [test-hivemq-platform] [hivemq] [4d357a77] INFO  - Cluster size = 2, members : [GxQMO, 1DcXn].
2025-01-28 21:23:25,544 INFO c.h.h.t.HelmChartContainer - [test-hivemq-platform] [hivemq] [4d357a77] INFO  - Finished cluster join process successfully.
2025-01-28 21:23:30,037 INFO c.h.h.t.HelmChartContainer - [EVENT] Warning [Unhealthy] Readiness probe failed: HTTP probe failed with statuscode: 503 [helmupgradeextensionit:test-hivemq-platform-1]
2025-01-28 21:23:30,037 INFO c.h.h.t.HelmChartContainer - Received Unhealthy event for container hivemq in pod test-hivemq-platform-1 [4d357a77-09ec-429a-b8e5-f0723ebb76ad]
2025-01-28 21:23:31,957 INFO c.h.h.t.HelmChartContainer - [test-hivemq-platform] [hivemq] [4d357a77] INFO  - [HiveMQ Platform Operator Init App 1.7.0-SNAPSHOT] Returning Health API response 200 for liveness
2025-01-28 21:23:33,795 INFO c.h.h.t.HelmChartContainer - [test-hivemq-platform] [hivemq] [4d357a77] WARN  - Bridge Extension: Connect to bridge 'testbridge' failed for the 1 time, reason: connection timed out after 10000 ms: /172.17.0.3:1883
2025-01-28 21:23:33,799 INFO c.h.h.t.HelmChartContainer - [test-hivemq-platform] [hivemq] [4d357a77] WARN  - Bridge Extension: Connect to bridge 'testbridge' failed for the 1 time, reason: connection timed out after 10000 ms: /172.17.0.3:1883
2025-01-28 21:23:35,038 INFO c.h.h.t.HelmChartContainer - [EVENT] Warning [Unhealthy] Readiness probe failed: HTTP probe failed with statuscode: 503 [helmupgradeextensionit:test-hivemq-platform-1]
2025-01-28 21:23:35,039 INFO c.h.h.t.HelmChartContainer - Received Unhealthy event for container hivemq in pod test-hivemq-platform-1 [4d357a77-09ec-429a-b8e5-f0723ebb76ad]
2025-01-28 21:23:35,270 INFO c.h.h.t.HelmChartContainer - [hivemq-test-hivemq-platform] [hivemq-platform-operator] [8912da67] 21:23:35.268 [pool-6-thread-42] DEBUG c.h.p.o.d.PodServiceAccountResource - [helmupgr] Desired PodServiceAccountResource (serviceAccountName: hivemq-platform-pod-test-hivemq-platform)
2025-01-28 21:23:35,270 INFO c.h.h.t.HelmChartContainer - [hivemq-test-hivemq-platform] [hivemq-platform-operator] [8912da67] 21:23:35.267 [pool-6-thread-45] DEBUG c.h.p.o.d.PlatformServiceResource - [helmupgr] Desired Platform services (3 services)
2025-01-28 21:23:35,271 INFO c.h.h.t.HelmChartContainer - [hivemq-test-hivemq-platform] [hivemq-platform-operator] [8912da67] 21:23:35.269 [pool-6-thread-41] DEBUG c.h.p.o.dependants.PodInfoConfigMap - [helmupgr] Desired PodInfo ConfigMap (1 extensions) (1 enabled)
2025-01-28 21:23:35,271 INFO c.h.h.t.HelmChartContainer - [hivemq-test-hivemq-platform] [hivemq-platform-operator] [8912da67] 21:23:35.269 [pool-6-thread-41] DEBUG c.h.p.o.dependants.PodInfoConfigMap - [helmupgr] Desired PodInfo ConfigMap (metrics port: 9399) (metrics path: /)
2025-01-28 21:23:35,271 INFO c.h.h.t.HelmChartContainer - [hivemq-test-hivemq-platform] [hivemq-platform-operator] [8912da67] 21:23:35.269 [pool-6-thread-41] DEBUG c.h.p.o.dependants.PodInfoConfigMap - [helmupgr] Desired PodInfo ConfigMap (extension state hash: -1104086761)
2025-01-28 21:23:35,274 INFO c.h.h.t.HelmChartContainer - [hivemq-test-hivemq-platform] [hivemq-platform-operator] [8912da67] 21:23:35.273 [pool-6-thread-45] DEBUG c.h.p.o.d.StatefulSetResource - [helmupgr] Desired StatefulSet (2 replicas) for status ROLLING_RESTART (SURGE_IN_PROGRESS)
2025-01-28 21:23:35,277 INFO c.h.h.t.HelmChartContainer - [hivemq-test-hivemq-platform] [hivemq-platform-operator] [8912da67] 21:23:35.276 [ReconcilerExecutor-hivemq-controller-129] INFO  c.h.p.o.HiveMQPlatformReconciler - [helmupgr] Reconciling HiveMQ Platform 'test-hivemq-platform' in namespace 'helmupgradeextensionit'
2025-01-28 21:23:35,277 INFO c.h.h.t.HelmChartContainer - [hivemq-test-hivemq-platform] [hivemq-platform-operator] [8912da67] 21:23:35.276 [ReconcilerExecutor-hivemq-controller-129] DEBUG c.h.p.o.HiveMQPlatformReconciler - [helmupgr] Custom Resource Status ROLLING_RESTART - HiveMQ Platform is starting a surge Pod (rolling restart) (SURGE_IN_PROGRESS)
2025-01-28 21:23:35,277 INFO c.h.h.t.HelmChartContainer - [hivemq-test-hivemq-platform] [hivemq-platform-operator] [8912da67] 21:23:35.276 [ReconcilerExecutor-hivemq-controller-129] DEBUG c.h.p.o.HiveMQPlatformReconciler - [helmupgr] Custom Resource Spec (replicas: 1) (extensions: 1)
2025-01-28 21:23:35,278 INFO c.h.h.t.HelmChartContainer - [hivemq-test-hivemq-platform] [hivemq-platform-operator] [8912da67] 21:23:35.277 [ReconcilerExecutor-hivemq-controller-129] DEBUG c.h.p.o.HiveMQPlatformReconciler - [helmupgr] StatefulSet Status (revision: test-hivemq-platform-7c6d7d4d7b, replicas: 2, available: 1, ready: 1, current: 1, updated: 1)
2025-01-28 21:23:35,280 INFO c.h.h.t.HelmChartContainer - [hivemq-test-hivemq-platform] [hivemq-platform-operator] [8912da67] 21:23:35.278 [ReconcilerExecutor-hivemq-controller-129] DEBUG c.h.p.o.HiveMQPlatformReconciler - [helmupgr] StatefulSet Spec (replicas: 2, init containers: 1, containers: 1, volumes: 4)
2025-01-28 21:23:35,280 INFO c.h.h.t.HelmChartContainer - [hivemq-test-hivemq-platform] [hivemq-platform-operator] [8912da67] 21:23:35.279 [ReconcilerExecutor-hivemq-controller-129] DEBUG c.h.p.o.h.HiveMQPlatformReconcilerErrorHandler - [helmupgr] Pod 'test-hivemq-platform-1' phase Running
2025-01-28 21:23:35,281 INFO c.h.h.t.HelmChartContainer - [hivemq-test-hivemq-platform] [hivemq-platform-operator] [8912da67] 21:23:35.279 [ReconcilerExecutor-hivemq-controller-129] DEBUG c.h.p.o.h.HiveMQPlatformReconcilerErrorHandler - [helmupgr] Pod 'test-hivemq-platform-0' phase Running
2025-01-28 21:23:35,281 INFO c.h.h.t.HelmChartContainer - [hivemq-test-hivemq-platform] [hivemq-platform-operator] [8912da67] 21:23:35.280 [ReconcilerExecutor-hivemq-controller-129] DEBUG c.h.p.o.h.HiveMQPlatformReconcilerRollingRestartHandler - [helmupgr] Rolling restart is waiting for 1 of 2 replicas
2025-01-28 21:23:40,038 INFO c.h.h.t.HelmChartContainer - [EVENT] Warning [Unhealthy] Readiness probe failed: HTTP probe failed with statuscode: 503 [helmupgradeextensionit:test-hivemq-platform-1]
2025-01-28 21:23:40,038 INFO c.h.h.t.HelmChartContainer - Received Unhealthy event for container hivemq in pod test-hivemq-platform-1 [4d357a77-09ec-429a-b8e5-f0723ebb76ad]
2025-01-28 21:23:45,038 INFO c.h.h.t.HelmChartContainer - [EVENT] Warning [Unhealthy] Readiness probe failed: HTTP probe failed with statuscode: 503 [helmupgradeextensionit:test-hivemq-platform-1]
2025-01-28 21:23:45,038 INFO c.h.h.t.HelmChartContainer - Received Unhealthy event for container hivemq in pod test-hivemq-platform-1 [4d357a77-09ec-429a-b8e5-f0723ebb76ad]
2025-01-28 21:23:45,286 INFO c.h.h.t.HelmChartContainer - [hivemq-test-hivemq-platform] [hivemq-platform-operator] [8912da67] 21:23:45.283 [pool-6-thread-8] DEBUG c.h.p.o.d.PlatformServiceResource - [helmupgr] Desired Platform services (3 services)
2025-01-28 21:23:45,286 INFO c.h.h.t.HelmChartContainer - [hivemq-test-hivemq-platform] [hivemq-platform-operator] [8912da67] 21:23:45.284 [pool-6-thread-9] DEBUG c.h.p.o.d.PodServiceAccountResource - [helmupgr] Desired PodServiceAccountResource (serviceAccountName: hivemq-platform-pod-test-hivemq-platform)
2025-01-28 21:23:45,286 INFO c.h.h.t.HelmChartContainer - [hivemq-test-hivemq-platform] [hivemq-platform-operator] [8912da67] 21:23:45.284 [pool-6-thread-7] DEBUG c.h.p.o.dependants.PodInfoConfigMap - [helmupgr] Desired PodInfo ConfigMap (1 extensions) (1 enabled)
2025-01-28 21:23:45,287 INFO c.h.h.t.HelmChartContainer - [hivemq-test-hivemq-platform] [hivemq-platform-operator] [8912da67] 21:23:45.284 [pool-6-thread-7] DEBUG c.h.p.o.dependants.PodInfoConfigMap - [helmupgr] Desired PodInfo ConfigMap (metrics port: 9399) (metrics path: /)
2025-01-28 21:23:45,287 INFO c.h.h.t.HelmChartContainer - [hivemq-test-hivemq-platform] [hivemq-platform-operator] [8912da67] 21:23:45.284 [pool-6-thread-7] DEBUG c.h.p.o.dependants.PodInfoConfigMap - [helmupgr] Desired PodInfo ConfigMap (extension state hash: -1104086761)
2025-01-28 21:23:45,289 INFO c.h.h.t.HelmChartContainer - [hivemq-test-hivemq-platform] [hivemq-platform-operator] [8912da67] 21:23:45.288 [pool-6-thread-2] DEBUG c.h.p.o.d.StatefulSetResource - [helmupgr] Desired StatefulSet (2 replicas) for status ROLLING_RESTART (SURGE_IN_PROGRESS)
2025-01-28 21:23:45,292 INFO c.h.h.t.HelmChartContainer - [hivemq-test-hivemq-platform] [hivemq-platform-operator] [8912da67] 21:23:45.291 [ReconcilerExecutor-hivemq-controller-130] INFO  c.h.p.o.HiveMQPlatformReconciler - [helmupgr] Reconciling HiveMQ Platform 'test-hivemq-platform' in namespace 'helmupgradeextensionit'
2025-01-28 21:23:45,292 INFO c.h.h.t.HelmChartContainer - [hivemq-test-hivemq-platform] [hivemq-platform-operator] [8912da67] 21:23:45.291 [ReconcilerExecutor-hivemq-controller-130] DEBUG c.h.p.o.HiveMQPlatformReconciler - [helmupgr] Custom Resource Status ROLLING_RESTART - HiveMQ Platform is starting a surge Pod (rolling restart) (SURGE_IN_PROGRESS)
2025-01-28 21:23:45,292 INFO c.h.h.t.HelmChartContainer - [hivemq-test-hivemq-platform] [hivemq-platform-operator] [8912da67] 21:23:45.291 [ReconcilerExecutor-hivemq-controller-130] DEBUG c.h.p.o.HiveMQPlatformReconciler - [helmupgr] Custom Resource Spec (replicas: 1) (extensions: 1)
2025-01-28 21:23:45,293 INFO c.h.h.t.HelmChartContainer - [hivemq-test-hivemq-platform] [hivemq-platform-operator] [8912da67] 21:23:45.292 [ReconcilerExecutor-hivemq-controller-130] DEBUG c.h.p.o.HiveMQPlatformReconciler - [helmupgr] StatefulSet Status (revision: test-hivemq-platform-7c6d7d4d7b, replicas: 2, available: 1, ready: 1, current: 1, updated: 1)
2025-01-28 21:23:45,293 INFO c.h.h.t.HelmChartContainer - [hivemq-test-hivemq-platform] [hivemq-platform-operator] [8912da67] 21:23:45.292 [ReconcilerExecutor-hivemq-controller-130] DEBUG c.h.p.o.HiveMQPlatformReconciler - [helmupgr] StatefulSet Spec (replicas: 2, init containers: 1, containers: 1, volumes: 4)
2025-01-28 21:23:45,294 INFO c.h.h.t.HelmChartContainer - [hivemq-test-hivemq-platform] [hivemq-platform-operator] [8912da67] 21:23:45.293 [ReconcilerExecutor-hivemq-controller-130] DEBUG c.h.p.o.h.HiveMQPlatformReconcilerErrorHandler - [helmupgr] Pod 'test-hivemq-platform-1' phase Running
2025-01-28 21:23:45,295 INFO c.h.h.t.HelmChartContainer - [hivemq-test-hivemq-platform] [hivemq-platform-operator] [8912da67] 21:23:45.294 [ReconcilerExecutor-hivemq-controller-130] DEBUG c.h.p.o.h.HiveMQPlatformReconcilerErrorHandler - [helmupgr] Pod 'test-hivemq-platform-0' phase Running
2025-01-28 21:23:45,296 INFO c.h.h.t.HelmChartContainer - [hivemq-test-hivemq-platform] [hivemq-platform-operator] [8912da67] 21:23:45.295 [ReconcilerExecutor-hivemq-controller-130] DEBUG c.h.p.o.h.HiveMQPlatformReconcilerRollingRestartHandler - [helmupgr] Rolling restart is waiting for 1 of 2 replicas
2025-01-28 21:23:45,827 INFO c.h.h.t.HelmChartContainer - [test-hivemq-platform] [hivemq] [4d357a77] WARN  - Bridge Extension: Connect to bridge 'testbridge' failed for the 2 time, reason: connection timed out after 10000 ms: /172.17.0.3:1883
2025-01-28 21:23:46,049 INFO c.h.h.t.HelmChartContainer - [test-hivemq-platform] [hivemq] [4d357a77] WARN  - Bridge Extension: Connect to bridge 'testbridge' failed for the 2 time, reason: connection timed out after 10000 ms: /172.17.0.3:1883
2025-01-28 21:23:46,049 INFO c.h.h.t.HelmChartContainer - [test-hivemq-platform] [hivemq] [4d357a77] WARN  - Bridge Extension: Not all clients could connect successfully to remote brokers. The clients will retry the connection.
2025-01-28 21:23:46,116 INFO c.h.h.t.HelmChartContainer - [test-hivemq-platform] [hivemq] [4d357a77] INFO  - Extension "HiveMQ Enterprise Bridge Extension" version 4.36.0 started successfully.
2025-01-28 21:23:46,116 INFO c.h.h.t.HelmChartContainer - [test-hivemq-platform] [hivemq] [4d357a77] INFO  - Starting extension with id "hivemq-prometheus-extension" at /opt/hivemq/extensions/hivemq-prometheus-extension
2025-01-28 21:23:46,520 INFO c.h.h.t.HelmChartContainer - [test-hivemq-platform] [hivemq] [4d357a77] INFO  - Started Jetty Server exposing Prometheus Servlet on URI http://0.0.0.0:9399/
2025-01-28 21:23:46,520 INFO c.h.h.t.HelmChartContainer - [test-hivemq-platform] [hivemq] [4d357a77] INFO  - Extension "Prometheus Monitoring Extension" version 4.0.12 started successfully.
2025-01-28 21:23:46,521 INFO c.h.h.t.HelmChartContainer - [test-hivemq-platform] [hivemq] [4d357a77] INFO  - Starting extension with id "hivemq-allow-all-extension" at /opt/hivemq/extensions/hivemq-allow-all-extension
2025-01-28 21:23:46,521 INFO c.h.h.t.HelmChartContainer - [test-hivemq-platform] [hivemq] [4d357a77] WARN  - 
2025-01-28 21:23:46,521 INFO c.h.h.t.HelmChartContainer - [test-hivemq-platform] [hivemq] [4d357a77] ################################################################################################################
2025-01-28 21:23:46,521 INFO c.h.h.t.HelmChartContainer - [test-hivemq-platform] [hivemq] [4d357a77] # This HiveMQ deployment is not secure! You are lacking Authentication and Authorization.                      #
2025-01-28 21:23:46,521 INFO c.h.h.t.HelmChartContainer - [test-hivemq-platform] [hivemq] [4d357a77] # Right now any MQTT client can connect to the broker with a full set of permissions.                          #
2025-01-28 21:23:46,521 INFO c.h.h.t.HelmChartContainer - [test-hivemq-platform] [hivemq] [4d357a77] # For production usage, add an appropriate security extension and remove the hivemq-allow-all extension.       #
2025-01-28 21:23:46,521 INFO c.h.h.t.HelmChartContainer - [test-hivemq-platform] [hivemq] [4d357a77] # You can download security extensions from the HiveMQ Marketplace (https://www.hivemq.com/extensions/).       #
2025-01-28 21:23:46,521 INFO c.h.h.t.HelmChartContainer - [test-hivemq-platform] [hivemq] [4d357a77] ################################################################################################################
2025-01-28 21:23:46,521 INFO c.h.h.t.HelmChartContainer - [test-hivemq-platform] [hivemq] [4d357a77] INFO  - Extension "Allow All Extension" version 1.1.1 started successfully.
2025-01-28 21:23:46,522 INFO c.h.h.t.HelmChartContainer - [test-hivemq-platform] [hivemq] [4d357a77] WARN  - No user for HiveMQ Control Center configured. Starting with default user
2025-01-28 21:23:46,522 INFO c.h.h.t.HelmChartContainer - [test-hivemq-platform] [hivemq] [4d357a77] INFO  - Starting HiveMQ Control Center on address 0.0.0.0 and port 8080
2025-01-28 21:23:46,525 INFO c.h.h.t.HelmChartContainer - [test-hivemq-platform] [hivemq] [4d357a77] INFO  - Mounting HiveMQ Control Center V2 Preview
2025-01-28 21:23:47,140 INFO c.h.h.t.HelmChartContainer - [test-hivemq-platform] [hivemq] [4d357a77] INFO  - Started HiveMQ Control Center in 619ms
2025-01-28 21:23:47,227 INFO c.h.h.t.HelmChartContainer - [test-hivemq-platform] [hivemq] [4d357a77] INFO  - Starting TCP listener on address 0.0.0.0 and port 1883
2025-01-28 21:23:47,240 INFO c.h.h.t.HelmChartContainer - [test-hivemq-platform] [hivemq] [4d357a77] INFO  - Started TCP Listener on address 0.0.0.0 and on port 1883.
2025-01-28 21:23:47,240 INFO c.h.h.t.HelmChartContainer - [test-hivemq-platform] [hivemq] [4d357a77] INFO  - Started HiveMQ in 51760ms
2025-01-28 21:23:50,034 INFO c.h.h.t.HelmChartContainer - [test-hivemq-platform] [hivemq] [4d357a77] INFO  - [HiveMQ Platform Operator Init App 1.7.0-SNAPSHOT] Returning Health API response 200 for readiness
2025-01-28 21:23:50,046 INFO c.h.h.t.HelmChartContainer - [POD] test-hivemq-platform-1 [4d357a77-09ec-429a-b8e5-f0723ebb76ad] in helmupgradeextensionit was MODIFIED
2025-01-28 21:23:50,052 INFO c.h.h.t.HelmChartContainer - [hivemq-test-hivemq-platform] [hivemq-platform-operator] [8912da67] 21:23:50.049 [pool-6-thread-11] DEBUG c.h.p.o.d.PlatformServiceResource - [helmupgr] Desired Platform services (3 services)
2025-01-28 21:23:50,060 INFO c.h.h.t.HelmChartContainer - [hivemq-test-hivemq-platform] [hivemq-platform-operator] [8912da67] 21:23:50.051 [pool-6-thread-17] DEBUG c.h.p.o.d.PodServiceAccountResource - [helmupgr] Desired PodServiceAccountResource (serviceAccountName: hivemq-platform-pod-test-hivemq-platform)
2025-01-28 21:23:50,060 INFO c.h.h.t.HelmChartContainer - [hivemq-test-hivemq-platform] [hivemq-platform-operator] [8912da67] 21:23:50.054 [pool-6-thread-15] DEBUG c.h.p.o.dependants.PodInfoConfigMap - [helmupgr] Desired PodInfo ConfigMap (1 extensions) (1 enabled)
2025-01-28 21:23:50,060 INFO c.h.h.t.HelmChartContainer - [hivemq-test-hivemq-platform] [hivemq-platform-operator] [8912da67] 21:23:50.059 [pool-6-thread-15] DEBUG c.h.p.o.dependants.PodInfoConfigMap - [helmupgr] Desired PodInfo ConfigMap (metrics port: 9399) (metrics path: /)
2025-01-28 21:23:50,062 INFO c.h.h.t.HelmChartContainer - [hivemq-test-hivemq-platform] [hivemq-platform-operator] [8912da67] 21:23:50.059 [pool-6-thread-15] DEBUG c.h.p.o.dependants.PodInfoConfigMap - [helmupgr] Desired PodInfo ConfigMap (extension state hash: -1104086761)
2025-01-28 21:23:50,063 INFO c.h.h.t.HelmChartContainer - [hivemq-test-hivemq-platform] [hivemq-platform-operator] [8912da67] 21:23:50.062 [pool-6-thread-16] DEBUG c.h.p.o.d.StatefulSetResource - [helmupgr] Desired StatefulSet (2 replicas) for status ROLLING_RESTART (SURGE_IN_PROGRESS)
2025-01-28 21:23:50,068 INFO c.h.h.t.HelmChartContainer - [hivemq-test-hivemq-platform] [hivemq-platform-operator] [8912da67] 21:23:50.066 [ReconcilerExecutor-hivemq-controller-133] INFO  c.h.p.o.HiveMQPlatformReconciler - [helmupgr] Reconciling HiveMQ Platform 'test-hivemq-platform' in namespace 'helmupgradeextensionit'
2025-01-28 21:23:50,068 INFO c.h.h.t.HelmChartContainer - [hivemq-test-hivemq-platform] [hivemq-platform-operator] [8912da67] 21:23:50.066 [ReconcilerExecutor-hivemq-controller-133] DEBUG c.h.p.o.HiveMQPlatformReconciler - [helmupgr] Custom Resource Status ROLLING_RESTART - HiveMQ Platform is starting a surge Pod (rolling restart) (SURGE_IN_PROGRESS)
2025-01-28 21:23:50,068 INFO c.h.h.t.HelmChartContainer - [hivemq-test-hivemq-platform] [hivemq-platform-operator] [8912da67] 21:23:50.066 [ReconcilerExecutor-hivemq-controller-133] DEBUG c.h.p.o.HiveMQPlatformReconciler - [helmupgr] Custom Resource Spec (replicas: 1) (extensions: 1)
2025-01-28 21:23:50,068 INFO c.h.h.t.HelmChartContainer - [hivemq-test-hivemq-platform] [hivemq-platform-operator] [8912da67] 21:23:50.068 [ReconcilerExecutor-hivemq-controller-133] DEBUG c.h.p.o.HiveMQPlatformReconciler - [helmupgr] StatefulSet Status (revision: test-hivemq-platform-7c6d7d4d7b, replicas: 2, available: 2, ready: 2, current: 1, updated: 1)
2025-01-28 21:23:50,068 INFO c.h.h.t.HelmChartContainer - [hivemq-test-hivemq-platform] [hivemq-platform-operator] [8912da67] 21:23:50.068 [ReconcilerExecutor-hivemq-controller-133] DEBUG c.h.p.o.HiveMQPlatformReconciler - [helmupgr] StatefulSet Spec (replicas: 2, init containers: 1, containers: 1, volumes: 4)
2025-01-28 21:23:50,069 INFO c.h.h.t.HelmChartContainer - [hivemq-test-hivemq-platform] [hivemq-platform-operator] [8912da67] 21:23:50.069 [ReconcilerExecutor-hivemq-controller-133] DEBUG c.h.p.o.h.HiveMQPlatformReconcilerErrorHandler - [helmupgr] Pod 'test-hivemq-platform-1' phase Running
2025-01-28 21:23:50,071 INFO c.h.h.t.HelmChartContainer - [hivemq-test-hivemq-platform] [hivemq-platform-operator] [8912da67] 21:23:50.070 [ReconcilerExecutor-hivemq-controller-133] DEBUG c.h.p.o.h.HiveMQPlatformReconcilerErrorHandler - [helmupgr] Pod 'test-hivemq-platform-0' phase Running
2025-01-28 21:23:50,072 INFO c.h.h.t.HelmChartContainer - [hivemq-test-hivemq-platform] [hivemq-platform-operator] [8912da67] 21:23:50.071 [ReconcilerExecutor-hivemq-controller-133] INFO  c.h.p.o.h.HiveMQPlatformReconcilerRollingRestartHandler - [helmupgr] Surge Pod started successfully
2025-01-28 21:23:50,132 INFO c.h.h.t.HelmChartContainer - [hivemq-test-hivemq-platform] [hivemq-platform-operator] [8912da67] 21:23:50.131 [ReconcilerExecutor-hivemq-controller-133] DEBUG c.h.p.operator.event.EventSender - [helmupgr] Creating K8s event rolling-restart-surge-in-progress: [RollingRestart] HiveMQ Platform is restarting Pods (rolling restart)
2025-01-28 21:23:50,135 INFO c.h.h.t.HelmChartContainer - [EVENT] Normal [RollingRestart] HiveMQ Platform is restarting Pods (rolling restart) [helmupgradeextensionit:test-hivemq-platform]
2025-01-28 21:23:50,137 INFO c.h.h.t.HelmChartContainer - [hivemq-test-hivemq-platform] [hivemq-platform-operator] [8912da67] 21:23:50.135 [ReconcilerExecutor-hivemq-controller-133] INFO  c.h.p.o.h.AbstractHiveMQReconcilerStateHandler - [helmupgr] Update HiveMQ Platform Status (ROLLING_RESTART [SURGE_IN_PROGRESS] -> ROLLING_RESTART [RESTART_PODS_IN_PROGRESS]): HiveMQ Platform is restarting Pods (rolling restart)
2025-01-28 21:23:50,143 DEBUG com.hivemq.helmcharts.util.K8sUtil - Comparing actual state 'ROLLING_RESTART' and waiting for 'RUNNING'
2025-01-28 21:23:50,218 INFO c.h.h.t.HelmChartContainer - [hivemq-test-hivemq-platform] [hivemq-platform-operator] [8912da67] 21:23:50.216 [pool-6-thread-26] DEBUG c.h.p.o.d.PodServiceAccountResource - [helmupgr] Desired PodServiceAccountResource (serviceAccountName: hivemq-platform-pod-test-hivemq-platform)
2025-01-28 21:23:50,219 INFO c.h.h.t.HelmChartContainer - [hivemq-test-hivemq-platform] [hivemq-platform-operator] [8912da67] 21:23:50.217 [pool-6-thread-29] DEBUG c.h.p.o.d.PlatformServiceResource - [helmupgr] Desired Platform services (3 services)
2025-01-28 21:23:50,219 INFO c.h.h.t.HelmChartContainer - [hivemq-test-hivemq-platform] [hivemq-platform-operator] [8912da67] 21:23:50.218 [pool-6-thread-23] DEBUG c.h.p.o.dependants.PodInfoConfigMap - [helmupgr] Desired PodInfo ConfigMap (1 extensions) (1 enabled)
2025-01-28 21:23:50,220 INFO c.h.h.t.HelmChartContainer - [hivemq-test-hivemq-platform] [hivemq-platform-operator] [8912da67] 21:23:50.218 [pool-6-thread-23] DEBUG c.h.p.o.dependants.PodInfoConfigMap - [helmupgr] Desired PodInfo ConfigMap (metrics port: 9399) (metrics path: /)
2025-01-28 21:23:50,220 INFO c.h.h.t.HelmChartContainer - [hivemq-test-hivemq-platform] [hivemq-platform-operator] [8912da67] 21:23:50.218 [pool-6-thread-23] DEBUG c.h.p.o.dependants.PodInfoConfigMap - [helmupgr] Desired PodInfo ConfigMap (extension state hash: -1104086761)
2025-01-28 21:23:50,222 INFO c.h.h.t.HelmChartContainer - [hivemq-test-hivemq-platform] [hivemq-platform-operator] [8912da67] 21:23:50.222 [pool-6-thread-29] DEBUG c.h.p.o.d.StatefulSetResource - [helmupgr] Desired StatefulSet (2 replicas) for status ROLLING_RESTART (RESTART_PODS_IN_PROGRESS)
2025-01-28 21:23:50,225 INFO c.h.h.t.HelmChartContainer - [hivemq-test-hivemq-platform] [hivemq-platform-operator] [8912da67] 21:23:50.225 [ReconcilerExecutor-hivemq-controller-134] INFO  c.h.p.o.HiveMQPlatformReconciler - [helmupgr] Reconciling HiveMQ Platform 'test-hivemq-platform' in namespace 'helmupgradeextensionit'
2025-01-28 21:23:50,225 INFO c.h.h.t.HelmChartContainer - [hivemq-test-hivemq-platform] [hivemq-platform-operator] [8912da67] 21:23:50.225 [ReconcilerExecutor-hivemq-controller-134] DEBUG c.h.p.o.HiveMQPlatformReconciler - [helmupgr] Custom Resource Status ROLLING_RESTART - HiveMQ Platform is restarting Pods (rolling restart) (RESTART_PODS_IN_PROGRESS)
2025-01-28 21:23:50,226 INFO c.h.h.t.HelmChartContainer - [hivemq-test-hivemq-platform] [hivemq-platform-operator] [8912da67] 21:23:50.225 [ReconcilerExecutor-hivemq-controller-134] DEBUG c.h.p.o.HiveMQPlatformReconciler - [helmupgr] Custom Resource Spec (replicas: 1) (extensions: 1)
2025-01-28 21:23:50,227 INFO c.h.h.t.HelmChartContainer - [hivemq-test-hivemq-platform] [hivemq-platform-operator] [8912da67] 21:23:50.226 [ReconcilerExecutor-hivemq-controller-134] DEBUG c.h.p.o.HiveMQPlatformReconciler - [helmupgr] StatefulSet Status (revision: test-hivemq-platform-7c6d7d4d7b, replicas: 2, available: 2, ready: 2, current: 1, updated: 1)
2025-01-28 21:23:50,228 INFO c.h.h.t.HelmChartContainer - [hivemq-test-hivemq-platform] [hivemq-platform-operator] [8912da67] 21:23:50.226 [ReconcilerExecutor-hivemq-controller-134] DEBUG c.h.p.o.HiveMQPlatformReconciler - [helmupgr] StatefulSet Spec (replicas: 2, init containers: 1, containers: 1, volumes: 4)
2025-01-28 21:23:50,230 INFO c.h.h.t.HelmChartContainer - [hivemq-test-hivemq-platform] [hivemq-platform-operator] [8912da67] 21:23:50.228 [ReconcilerExecutor-hivemq-controller-134] DEBUG c.h.p.o.h.HiveMQPlatformReconcilerErrorHandler - [helmupgr] Pod 'test-hivemq-platform-1' phase Running
2025-01-28 21:23:50,232 INFO c.h.h.t.HelmChartContainer - [hivemq-test-hivemq-platform] [hivemq-platform-operator] [8912da67] 21:23:50.230 [ReconcilerExecutor-hivemq-controller-134] DEBUG c.h.p.o.h.HiveMQPlatformReconcilerErrorHandler - [helmupgr] Pod 'test-hivemq-platform-0' phase Running
2025-01-28 21:23:50,237 INFO c.h.h.t.HelmChartContainer - [hivemq-test-hivemq-platform] [hivemq-platform-operator] [8912da67] 21:23:50.236 [ReconcilerExecutor-hivemq-controller-134] DEBUG c.h.p.o.h.HiveMQPlatformReconcilerRollingRestartHandler - [helmupgr] Skipping Pod test-hivemq-platform-1 as it's already on the controller update revision (update revision: test-hivemq-platform-7c6d7d4d7b, pod revision: test-hivemq-platform-7c6d7d4d7b)
2025-01-28 21:23:50,324 INFO c.h.h.t.HelmChartContainer - [hivemq-test-hivemq-platform] [hivemq-platform-operator] [8912da67] 21:23:50.322 [ReconcilerExecutor-hivemq-controller-134] DEBUG c.h.p.o.h.HiveMQPlatformReconcilerRollingRestartHandler - [helmupgr] The last Pod is running for 79 seconds, the next Pod can be restarted
2025-01-28 21:23:50,324 INFO c.h.h.t.HelmChartContainer - [hivemq-test-hivemq-platform] [hivemq-platform-operator] [8912da67] 21:23:50.322 [ReconcilerExecutor-hivemq-controller-134] INFO  c.h.p.o.h.HiveMQPlatformReconcilerRollingRestartHandler - [helmupgr] Restarting Pod test-hivemq-platform-0 as it's not matching the controller update revision (update revision: test-hivemq-platform-7c6d7d4d7b, pod revision: test-hivemq-platform-5b6c7575b6)
2025-01-28 21:23:50,341 INFO c.h.h.t.HelmChartContainer - [POD] test-hivemq-platform-0 [e344728f-43a0-4813-bd47-171934cbb33f] in helmupgradeextensionit was MODIFIED
2025-01-28 21:23:50,345 INFO c.h.h.t.HelmChartContainer - [EVENT] Normal [Killing] Stopping container hivemq [helmupgradeextensionit:test-hivemq-platform-0]
2025-01-28 21:23:50,346 INFO c.h.h.t.HelmChartContainer - Received Killing event for container hivemq in pod test-hivemq-platform-0 [e344728f-43a0-4813-bd47-171934cbb33f]
2025-01-28 21:23:50,346 INFO c.h.h.t.HelmChartContainer - Container [test-hivemq-platform-0] [hivemq] [e344728f-43a0-4813-bd47-171934cbb33f] was terminated
2025-01-28 21:23:50,346 INFO c.h.h.t.HelmChartContainer - Stopped log watcher for hivemq in pod test-hivemq-platform-0 [e344728f-43a0-4813-bd47-171934cbb33f]
2025-01-28 21:23:50,354 INFO c.h.h.t.HelmChartContainer - [test-hivemq-platform] [hivemq] [e344728f] INFO  - [HiveMQ Platform Operator Init App 1.7.0-SNAPSHOT] Shutting down
2025-01-28 21:23:50,354 INFO c.h.h.t.HelmChartContainer - [test-hivemq-platform] [hivemq] [e344728f] INFO  - [HiveMQ Platform Operator Init App 1.7.0-SNAPSHOT] Stopping the HiveMQ Platform
2025-01-28 21:23:50,416 INFO c.h.h.t.HelmChartContainer - [hivemq-test-hivemq-platform] [hivemq-platform-operator] [8912da67] 21:23:50.415 [pool-6-thread-38] DEBUG c.h.p.o.dependants.PodInfoConfigMap - [helmupgr] Desired PodInfo ConfigMap (1 extensions) (1 enabled)
2025-01-28 21:23:50,417 INFO c.h.h.t.HelmChartContainer - [hivemq-test-hivemq-platform] [hivemq-platform-operator] [8912da67] 21:23:50.415 [pool-6-thread-38] DEBUG c.h.p.o.dependants.PodInfoConfigMap - [helmupgr] Desired PodInfo ConfigMap (metrics port: 9399) (metrics path: /)
2025-01-28 21:23:50,417 INFO c.h.h.t.HelmChartContainer - [hivemq-test-hivemq-platform] [hivemq-platform-operator] [8912da67] 21:23:50.415 [pool-6-thread-38] DEBUG c.h.p.o.dependants.PodInfoConfigMap - [helmupgr] Desired PodInfo ConfigMap (extension state hash: -1104086761)
2025-01-28 21:23:50,419 INFO c.h.h.t.HelmChartContainer - [hivemq-test-hivemq-platform] [hivemq-platform-operator] [8912da67] 21:23:50.416 [pool-6-thread-38] DEBUG c.h.p.o.d.PodServiceAccountResource - [helmupgr] Desired PodServiceAccountResource (serviceAccountName: hivemq-platform-pod-test-hivemq-platform)
2025-01-28 21:23:50,419 INFO c.h.h.t.HelmChartContainer - [hivemq-test-hivemq-platform] [hivemq-platform-operator] [8912da67] 21:23:50.416 [pool-6-thread-34] DEBUG c.h.p.o.d.PlatformServiceResource - [helmupgr] Desired Platform services (3 services)
2025-01-28 21:23:50,422 INFO c.h.h.t.HelmChartContainer - [hivemq-test-hivemq-platform] [hivemq-platform-operator] [8912da67] 21:23:50.421 [pool-6-thread-38] DEBUG c.h.p.o.d.StatefulSetResource - [helmupgr] Desired StatefulSet (2 replicas) for status ROLLING_RESTART (RESTART_PODS_IN_PROGRESS)
2025-01-28 21:23:50,424 INFO c.h.h.t.HelmChartContainer - [hivemq-test-hivemq-platform] [hivemq-platform-operator] [8912da67] 21:23:50.423 [ReconcilerExecutor-hivemq-controller-135] INFO  c.h.p.o.HiveMQPlatformReconciler - [helmupgr] Reconciling HiveMQ Platform 'test-hivemq-platform' in namespace 'helmupgradeextensionit'
2025-01-28 21:23:50,424 INFO c.h.h.t.HelmChartContainer - [hivemq-test-hivemq-platform] [hivemq-platform-operator] [8912da67] 21:23:50.423 [ReconcilerExecutor-hivemq-controller-135] DEBUG c.h.p.o.HiveMQPlatformReconciler - [helmupgr] Custom Resource Status ROLLING_RESTART - HiveMQ Platform is restarting Pods (rolling restart) (RESTART_PODS_IN_PROGRESS)
2025-01-28 21:23:50,424 INFO c.h.h.t.HelmChartContainer - [hivemq-test-hivemq-platform] [hivemq-platform-operator] [8912da67] 21:23:50.423 [ReconcilerExecutor-hivemq-controller-135] DEBUG c.h.p.o.HiveMQPlatformReconciler - [helmupgr] Custom Resource Spec (replicas: 1) (extensions: 1)
2025-01-28 21:23:50,426 INFO c.h.h.t.HelmChartContainer - [hivemq-test-hivemq-platform] [hivemq-platform-operator] [8912da67] 21:23:50.425 [ReconcilerExecutor-hivemq-controller-135] DEBUG c.h.p.o.HiveMQPlatformReconciler - [helmupgr] StatefulSet Status (revision: test-hivemq-platform-7c6d7d4d7b, replicas: 2, available: 2, ready: 2, current: 0, updated: 1)
2025-01-28 21:23:50,426 INFO c.h.h.t.HelmChartContainer - [hivemq-test-hivemq-platform] [hivemq-platform-operator] [8912da67] 21:23:50.425 [ReconcilerExecutor-hivemq-controller-135] DEBUG c.h.p.o.HiveMQPlatformReconciler - [helmupgr] StatefulSet Spec (replicas: 2, init containers: 1, containers: 1, volumes: 4)
2025-01-28 21:23:50,427 INFO c.h.h.t.HelmChartContainer - [hivemq-test-hivemq-platform] [hivemq-platform-operator] [8912da67] 21:23:50.426 [ReconcilerExecutor-hivemq-controller-135] DEBUG c.h.p.o.h.HiveMQPlatformReconcilerErrorHandler - [helmupgr] Pod 'test-hivemq-platform-1' phase Running
2025-01-28 21:23:50,430 INFO c.h.h.t.HelmChartContainer - [hivemq-test-hivemq-platform] [hivemq-platform-operator] [8912da67] 21:23:50.429 [ReconcilerExecutor-hivemq-controller-135] DEBUG c.h.p.o.h.HiveMQPlatformReconcilerErrorHandler - [helmupgr] Pod 'test-hivemq-platform-0' phase Running
2025-01-28 21:23:50,515 INFO c.h.h.t.HelmChartContainer - [hivemq-test-hivemq-platform] [hivemq-platform-operator] [8912da67] 21:23:50.514 [ReconcilerExecutor-hivemq-controller-135] DEBUG c.h.p.o.h.HiveMQPlatformReconcilerRollingRestartHandler - [helmupgr] Skipping Pod test-hivemq-platform-1 as it's already on the controller update revision (update revision: test-hivemq-platform-7c6d7d4d7b, pod revision: test-hivemq-platform-7c6d7d4d7b)
2025-01-28 21:23:50,527 INFO c.h.h.t.HelmChartContainer - [hivemq-test-hivemq-platform] [hivemq-platform-operator] [8912da67] 21:23:50.526 [ReconcilerExecutor-hivemq-controller-135] DEBUG c.h.p.o.h.HiveMQPlatformReconcilerRollingRestartHandler - [helmupgr] The last Pod is running for 79 seconds, the next Pod can be restarted
2025-01-28 21:23:50,528 INFO c.h.h.t.HelmChartContainer - [hivemq-test-hivemq-platform] [hivemq-platform-operator] [8912da67] 21:23:50.527 [ReconcilerExecutor-hivemq-controller-135] INFO  c.h.p.o.h.HiveMQPlatformReconcilerRollingRestartHandler - [helmupgr] Restarting Pod test-hivemq-platform-0 as it's not matching the controller update revision (update revision: test-hivemq-platform-7c6d7d4d7b, pod revision: test-hivemq-platform-5b6c7575b6)
2025-01-28 21:23:50,533 INFO c.h.h.t.HelmChartContainer - [test-hivemq-platform] [hivemq] [e344728f] INFO  - Shutting down HiveMQ. Please wait, this could take a while...
2025-01-28 21:23:50,538 INFO c.h.h.t.HelmChartContainer - [test-hivemq-platform] [hivemq] [e344728f] INFO  - Shutting down listeners and clients
2025-01-28 21:23:50,540 INFO c.h.h.t.HelmChartContainer - [test-hivemq-platform] [hivemq] [e344728f] INFO  - Shutdown of listeners is done
2025-01-28 21:23:50,540 INFO c.h.h.t.HelmChartContainer - [test-hivemq-platform] [hivemq] [e344728f] INFO  - No clients are connected, proceeding with shutdown
2025-01-28 21:23:50,547 INFO c.h.h.t.HelmChartContainer - [hivemq-test-hivemq-platform] [hivemq-platform-operator] [8912da67] 21:23:50.546 [pool-6-thread-44] DEBUG c.h.p.o.d.PlatformServiceResource - [helmupgr] Desired Platform services (3 services)
2025-01-28 21:23:50,616 INFO c.h.h.t.HelmChartContainer - [hivemq-test-hivemq-platform] [hivemq-platform-operator] [8912da67] 21:23:50.614 [pool-6-thread-41] DEBUG c.h.p.o.d.PodServiceAccountResource - [helmupgr] Desired PodServiceAccountResource (serviceAccountName: hivemq-platform-pod-test-hivemq-platform)
2025-01-28 21:23:50,617 INFO c.h.h.t.HelmChartContainer - [hivemq-test-hivemq-platform] [hivemq-platform-operator] [8912da67] 21:23:50.616 [pool-6-thread-42] DEBUG c.h.p.o.dependants.PodInfoConfigMap - [helmupgr] Desired PodInfo ConfigMap (1 extensions) (1 enabled)
2025-01-28 21:23:50,617 INFO c.h.h.t.HelmChartContainer - [hivemq-test-hivemq-platform] [hivemq-platform-operator] [8912da67] 21:23:50.616 [pool-6-thread-42] DEBUG c.h.p.o.dependants.PodInfoConfigMap - [helmupgr] Desired PodInfo ConfigMap (metrics port: 9399) (metrics path: /)
2025-01-28 21:23:50,617 INFO c.h.h.t.HelmChartContainer - [hivemq-test-hivemq-platform] [hivemq-platform-operator] [8912da67] 21:23:50.616 [pool-6-thread-42] DEBUG c.h.p.o.dependants.PodInfoConfigMap - [helmupgr] Desired PodInfo ConfigMap (extension state hash: -1104086761)
2025-01-28 21:23:50,620 INFO c.h.h.t.HelmChartContainer - [hivemq-test-hivemq-platform] [hivemq-platform-operator] [8912da67] 21:23:50.619 [pool-6-thread-44] DEBUG c.h.p.o.d.StatefulSetResource - [helmupgr] Desired StatefulSet (2 replicas) for status ROLLING_RESTART (RESTART_PODS_IN_PROGRESS)
2025-01-28 21:23:50,623 INFO c.h.h.t.HelmChartContainer - [hivemq-test-hivemq-platform] [hivemq-platform-operator] [8912da67] 21:23:50.622 [ReconcilerExecutor-hivemq-controller-136] INFO  c.h.p.o.HiveMQPlatformReconciler - [helmupgr] Reconciling HiveMQ Platform 'test-hivemq-platform' in namespace 'helmupgradeextensionit'
2025-01-28 21:23:50,623 INFO c.h.h.t.HelmChartContainer - [hivemq-test-hivemq-platform] [hivemq-platform-operator] [8912da67] 21:23:50.622 [ReconcilerExecutor-hivemq-controller-136] DEBUG c.h.p.o.HiveMQPlatformReconciler - [helmupgr] Custom Resource Status ROLLING_RESTART - HiveMQ Platform is restarting Pods (rolling restart) (RESTART_PODS_IN_PROGRESS)
2025-01-28 21:23:50,623 INFO c.h.h.t.HelmChartContainer - [hivemq-test-hivemq-platform] [hivemq-platform-operator] [8912da67] 21:23:50.622 [ReconcilerExecutor-hivemq-controller-136] DEBUG c.h.p.o.HiveMQPlatformReconciler - [helmupgr] Custom Resource Spec (replicas: 1) (extensions: 1)
2025-01-28 21:23:50,624 INFO c.h.h.t.HelmChartContainer - [hivemq-test-hivemq-platform] [hivemq-platform-operator] [8912da67] 21:23:50.623 [ReconcilerExecutor-hivemq-controller-136] DEBUG c.h.p.o.HiveMQPlatformReconciler - [helmupgr] StatefulSet Status (revision: test-hivemq-platform-7c6d7d4d7b, replicas: 2, available: 2, ready: 2, current: 0, updated: 1)
2025-01-28 21:23:50,624 INFO c.h.h.t.HelmChartContainer - [hivemq-test-hivemq-platform] [hivemq-platform-operator] [8912da67] 21:23:50.624 [ReconcilerExecutor-hivemq-controller-136] DEBUG c.h.p.o.HiveMQPlatformReconciler - [helmupgr] StatefulSet Spec (replicas: 2, init containers: 1, containers: 1, volumes: 4)
2025-01-28 21:23:50,625 INFO c.h.h.t.HelmChartContainer - [hivemq-test-hivemq-platform] [hivemq-platform-operator] [8912da67] 21:23:50.625 [ReconcilerExecutor-hivemq-controller-136] DEBUG c.h.p.o.h.HiveMQPlatformReconcilerErrorHandler - [helmupgr] Pod 'test-hivemq-platform-1' phase Running
2025-01-28 21:23:50,627 INFO c.h.h.t.HelmChartContainer - [hivemq-test-hivemq-platform] [hivemq-platform-operator] [8912da67] 21:23:50.626 [ReconcilerExecutor-hivemq-controller-136] DEBUG c.h.p.o.h.HiveMQPlatformReconcilerErrorHandler - [helmupgr] Pod 'test-hivemq-platform-0' phase Running
2025-01-28 21:23:50,632 INFO c.h.h.t.HelmChartContainer - [hivemq-test-hivemq-platform] [hivemq-platform-operator] [8912da67] 21:23:50.632 [ReconcilerExecutor-hivemq-controller-136] DEBUG c.h.p.o.h.HiveMQPlatformReconcilerRollingRestartHandler - [helmupgr] Skipping Pod test-hivemq-platform-1 as it's already on the controller update revision (update revision: test-hivemq-platform-7c6d7d4d7b, pod revision: test-hivemq-platform-7c6d7d4d7b)
2025-01-28 21:23:50,721 INFO c.h.h.t.HelmChartContainer - [hivemq-test-hivemq-platform] [hivemq-platform-operator] [8912da67] 21:23:50.719 [ReconcilerExecutor-hivemq-controller-136] DEBUG c.h.p.o.h.HiveMQPlatformReconcilerRollingRestartHandler - [helmupgr] The last Pod is running for 79 seconds, the next Pod can be restarted
2025-01-28 21:23:50,721 INFO c.h.h.t.HelmChartContainer - [hivemq-test-hivemq-platform] [hivemq-platform-operator] [8912da67] 21:23:50.719 [ReconcilerExecutor-hivemq-controller-136] INFO  c.h.p.o.h.HiveMQPlatformReconcilerRollingRestartHandler - [helmupgr] Restarting Pod test-hivemq-platform-0 as it's not matching the controller update revision (update revision: test-hivemq-platform-7c6d7d4d7b, pod revision: test-hivemq-platform-5b6c7575b6)
2025-01-28 21:23:50,769 INFO c.h.h.t.HelmChartContainer - [test-hivemq-platform] [hivemq] [e344728f] WARN  - Bridge Extension: Connect to bridge 'testbridge' failed for the 6 time, reason: connection timed out after 10000 ms: /172.17.0.3:1883
2025-01-28 21:23:51,278 INFO c.h.h.t.HelmChartContainer - [test-hivemq-platform] [hivemq] [e344728f] INFO  - [HiveMQ Platform Operator Init App 1.7.0-SNAPSHOT] Returning shutdown Health API response 503 for readiness
2025-01-28 21:23:51,281 INFO c.h.h.t.HelmChartContainer - [EVENT] Warning [Unhealthy] Readiness probe failed: HTTP probe failed with statuscode: 503 [helmupgradeextensionit:test-hivemq-platform-0]
2025-01-28 21:23:51,281 INFO c.h.h.t.HelmChartContainer - Received Unhealthy event for container hivemq in pod test-hivemq-platform-0 [e344728f-43a0-4813-bd47-171934cbb33f]
2025-01-28 21:23:53,186 INFO c.h.h.t.HelmChartContainer - [test-hivemq-platform] [hivemq] [e344728f] INFO  - Shutting down extension system
2025-01-28 21:23:53,187 INFO c.h.h.t.HelmChartContainer - [test-hivemq-platform] [hivemq] [e344728f] INFO  - Stopping extension with id hivemq-dns-cluster-discovery
2025-01-28 21:23:53,189 INFO c.h.h.t.HelmChartContainer - [test-hivemq-platform] [hivemq] [e344728f] INFO  - Extension "DNS Cluster Discovery Extension" version 4.3.2 stopped successfully.
2025-01-28 21:23:53,189 INFO c.h.h.t.HelmChartContainer - [test-hivemq-platform] [hivemq] [e344728f] INFO  - Stopping extension with id hivemq-bridge-extension
2025-01-28 21:23:53,194 INFO c.h.h.t.HelmChartContainer - [test-hivemq-platform] [hivemq] [e344728f] INFO  - Bridge Extension: Stopping extension
2025-01-28 21:23:53,202 INFO c.h.h.t.HelmChartContainer - [test-hivemq-platform] [hivemq] [e344728f] ERROR - Bridge Extension: Error when disconnecting client "testbridge-0-99d283cd-2813-496e-a004-16b3124148b1". Reason: MQTT client is not connected.
2025-01-28 21:23:53,202 INFO c.h.h.t.HelmChartContainer - [test-hivemq-platform] [hivemq] [e344728f] ERROR - Bridge Extension: Error when disconnecting client "testbridge-1-99d283cd-2813-496e-a004-16b3124148b1". Reason: MQTT client is not connected.
2025-01-28 21:23:53,202 INFO c.h.h.t.HelmChartContainer - [test-hivemq-platform] [hivemq] [e344728f] INFO  - Extension "HiveMQ Enterprise Bridge Extension" version 4.36.0 stopped successfully.
2025-01-28 21:23:53,202 INFO c.h.h.t.HelmChartContainer - [test-hivemq-platform] [hivemq] [e344728f] INFO  - Stopping extension with id hivemq-prometheus-extension
2025-01-28 21:23:53,209 INFO c.h.h.t.HelmChartContainer - [test-hivemq-platform] [hivemq] [e344728f] INFO  - Extension "Prometheus Monitoring Extension" version 4.0.12 stopped successfully.
2025-01-28 21:23:53,209 INFO c.h.h.t.HelmChartContainer - [test-hivemq-platform] [hivemq] [e344728f] INFO  - Stopping extension with id hivemq-allow-all-extension
2025-01-28 21:23:53,209 INFO c.h.h.t.HelmChartContainer - [test-hivemq-platform] [hivemq] [e344728f] INFO  - Extension "Allow All Extension" version 1.1.1 stopped successfully.
2025-01-28 21:23:53,215 INFO c.h.h.t.HelmChartContainer - [test-hivemq-platform] [hivemq] [4d357a77] INFO  - Cluster nodes found by discovery: [GxQMO|2] (1) [GxQMO].
2025-01-28 21:23:53,219 INFO c.h.h.t.HelmChartContainer - [test-hivemq-platform] [hivemq] [4d357a77] INFO  - Cluster size = 1, members : [GxQMO].
2025-01-28 21:23:55,566 INFO c.h.h.t.HelmChartContainer - [test-hivemq-platform] [hivemq] [e344728f] INFO  - Shutdown completed.
2025-01-28 21:23:55,927 INFO c.h.h.t.HelmChartContainer - [test-hivemq-platform] [hivemq] [e344728f] INFO  - [HiveMQ Platform Operator Init App 1.7.0-SNAPSHOT] The HiveMQ Platform exited with code 143
2025-01-28 21:23:55,927 INFO c.h.h.t.HelmChartContainer - [test-hivemq-platform] [hivemq] [e344728f] INFO  - [HiveMQ Platform Operator Init App 1.7.0-SNAPSHOT] Stopping the REST API
2025-01-28 21:23:55,966 INFO c.h.h.t.HelmChartContainer - [test-hivemq-platform] [hivemq] [e344728f] INFO  - [HiveMQ Platform Operator Init App 1.7.0-SNAPSHOT] Shutdown complete
2025-01-28 21:23:56,278 INFO c.h.h.t.HelmChartContainer - [EVENT] Warning [Unhealthy] Readiness probe failed: Get "http://10.42.0.8:7979/readiness": dial tcp 10.42.0.8:7979: connect: connection refused [helmupgradeextensionit:test-hivemq-platform-0]
2025-01-28 21:23:56,278 INFO c.h.h.t.HelmChartContainer - Received Unhealthy event for container hivemq in pod test-hivemq-platform-0 [e344728f-43a0-4813-bd47-171934cbb33f]
2025-01-28 21:23:56,397 INFO c.h.h.t.HelmChartContainer - [POD] test-hivemq-platform-0 [e344728f-43a0-4813-bd47-171934cbb33f] in helmupgradeextensionit was MODIFIED
2025-01-28 21:23:56,408 INFO c.h.h.t.HelmChartContainer - [hivemq-test-hivemq-platform] [hivemq-platform-operator] [8912da67] 21:23:56.406 [pool-6-thread-9] DEBUG c.h.p.o.d.PlatformServiceResource - [helmupgr] Desired Platform services (3 services)
2025-01-28 21:23:56,411 INFO c.h.h.t.HelmChartContainer - [hivemq-test-hivemq-platform] [hivemq-platform-operator] [8912da67] 21:23:56.406 [pool-6-thread-5] DEBUG c.h.p.o.d.PodServiceAccountResource - [helmupgr] Desired PodServiceAccountResource (serviceAccountName: hivemq-platform-pod-test-hivemq-platform)
2025-01-28 21:23:56,411 INFO c.h.h.t.HelmChartContainer - [hivemq-test-hivemq-platform] [hivemq-platform-operator] [8912da67] 21:23:56.410 [pool-6-thread-1] DEBUG c.h.p.o.dependants.PodInfoConfigMap - [helmupgr] Desired PodInfo ConfigMap (1 extensions) (1 enabled)
2025-01-28 21:23:56,411 INFO c.h.h.t.HelmChartContainer - [hivemq-test-hivemq-platform] [hivemq-platform-operator] [8912da67] 21:23:56.410 [pool-6-thread-1] DEBUG c.h.p.o.dependants.PodInfoConfigMap - [helmupgr] Desired PodInfo ConfigMap (metrics port: 9399) (metrics path: /)
2025-01-28 21:23:56,414 INFO c.h.h.t.HelmChartContainer - [hivemq-test-hivemq-platform] [hivemq-platform-operator] [8912da67] 21:23:56.410 [pool-6-thread-1] DEBUG c.h.p.o.dependants.PodInfoConfigMap - [helmupgr] Desired PodInfo ConfigMap (extension state hash: -1104086761)
2025-01-28 21:23:56,414 INFO c.h.h.t.HelmChartContainer - [hivemq-test-hivemq-platform] [hivemq-platform-operator] [8912da67] 21:23:56.412 [pool-6-thread-9] DEBUG c.h.p.o.d.StatefulSetResource - [helmupgr] Desired StatefulSet (2 replicas) for status ROLLING_RESTART (RESTART_PODS_IN_PROGRESS)
2025-01-28 21:23:56,417 INFO c.h.h.t.HelmChartContainer - [hivemq-test-hivemq-platform] [hivemq-platform-operator] [8912da67] 21:23:56.416 [ReconcilerExecutor-hivemq-controller-137] INFO  c.h.p.o.HiveMQPlatformReconciler - [helmupgr] Reconciling HiveMQ Platform 'test-hivemq-platform' in namespace 'helmupgradeextensionit'
2025-01-28 21:23:56,417 INFO c.h.h.t.HelmChartContainer - [hivemq-test-hivemq-platform] [hivemq-platform-operator] [8912da67] 21:23:56.416 [ReconcilerExecutor-hivemq-controller-137] DEBUG c.h.p.o.HiveMQPlatformReconciler - [helmupgr] Custom Resource Status ROLLING_RESTART - HiveMQ Platform is restarting Pods (rolling restart) (RESTART_PODS_IN_PROGRESS)
2025-01-28 21:23:56,417 INFO c.h.h.t.HelmChartContainer - [hivemq-test-hivemq-platform] [hivemq-platform-operator] [8912da67] 21:23:56.416 [ReconcilerExecutor-hivemq-controller-137] DEBUG c.h.p.o.HiveMQPlatformReconciler - [helmupgr] Custom Resource Spec (replicas: 1) (extensions: 1)
2025-01-28 21:23:56,420 INFO c.h.h.t.HelmChartContainer - [hivemq-test-hivemq-platform] [hivemq-platform-operator] [8912da67] 21:23:56.417 [ReconcilerExecutor-hivemq-controller-137] DEBUG c.h.p.o.HiveMQPlatformReconciler - [helmupgr] StatefulSet Status (revision: test-hivemq-platform-7c6d7d4d7b, replicas: 2, available: 1, ready: 1, current: 0, updated: 1)
2025-01-28 21:23:56,420 INFO c.h.h.t.HelmChartContainer - [hivemq-test-hivemq-platform] [hivemq-platform-operator] [8912da67] 21:23:56.417 [ReconcilerExecutor-hivemq-controller-137] DEBUG c.h.p.o.HiveMQPlatformReconciler - [helmupgr] StatefulSet Spec (replicas: 2, init containers: 1, containers: 1, volumes: 4)
2025-01-28 21:23:56,421 INFO c.h.h.t.HelmChartContainer - [hivemq-test-hivemq-platform] [hivemq-platform-operator] [8912da67] 21:23:56.418 [ReconcilerExecutor-hivemq-controller-137] DEBUG c.h.p.o.h.HiveMQPlatformReconcilerErrorHandler - [helmupgr] Pod 'test-hivemq-platform-1' phase Running
2025-01-28 21:23:56,421 INFO c.h.h.t.HelmChartContainer - [hivemq-test-hivemq-platform] [hivemq-platform-operator] [8912da67] 21:23:56.419 [ReconcilerExecutor-hivemq-controller-137] DEBUG c.h.p.o.h.HiveMQPlatformReconcilerErrorHandler - [helmupgr] Pod 'test-hivemq-platform-0' phase Failed
2025-01-28 21:23:56,421 INFO c.h.h.t.HelmChartContainer - [hivemq-test-hivemq-platform] [hivemq-platform-operator] [8912da67] 21:23:56.420 [ReconcilerExecutor-hivemq-controller-137] DEBUG c.h.p.o.h.HiveMQPlatformReconcilerErrorHandler - [helmupgr] Pod 'test-hivemq-platform-0' condition 'PodReadyToStartContainers': False
2025-01-28 21:23:56,421 INFO c.h.h.t.HelmChartContainer - [hivemq-test-hivemq-platform] [hivemq-platform-operator] [8912da67] 21:23:56.420 [ReconcilerExecutor-hivemq-controller-137] DEBUG c.h.p.o.h.HiveMQPlatformReconcilerErrorHandler - [helmupgr] Pod 'test-hivemq-platform-0' condition 'Initialized': True
2025-01-28 21:23:56,421 INFO c.h.h.t.HelmChartContainer - [hivemq-test-hivemq-platform] [hivemq-platform-operator] [8912da67] 21:23:56.420 [ReconcilerExecutor-hivemq-controller-137] DEBUG c.h.p.o.h.HiveMQPlatformReconcilerErrorHandler - [helmupgr] Pod 'test-hivemq-platform-0' condition 'Ready': False
2025-01-28 21:23:56,421 INFO c.h.h.t.HelmChartContainer - [hivemq-test-hivemq-platform] [hivemq-platform-operator] [8912da67] 21:23:56.420 [ReconcilerExecutor-hivemq-controller-137] DEBUG c.h.p.o.h.HiveMQPlatformReconcilerErrorHandler - [helmupgr] Pod 'test-hivemq-platform-0' condition 'ContainersReady': False
2025-01-28 21:23:56,421 INFO c.h.h.t.HelmChartContainer - [hivemq-test-hivemq-platform] [hivemq-platform-operator] [8912da67] 21:23:56.420 [ReconcilerExecutor-hivemq-controller-137] DEBUG c.h.p.o.h.HiveMQPlatformReconcilerErrorHandler - [helmupgr] Pod 'test-hivemq-platform-0' condition 'PodScheduled': True
2025-01-28 21:23:56,421 INFO c.h.h.t.HelmChartContainer - [hivemq-test-hivemq-platform] [hivemq-platform-operator] [8912da67] 21:23:56.420 [ReconcilerExecutor-hivemq-controller-137] DEBUG c.h.p.o.h.HiveMQPlatformReconcilerErrorHandler - [helmupgr] Pod 'test-hivemq-platform-0' containerStatus 'hivemq' (started: false) (ready: false) (waiting: [Unknown] no message)
2025-01-28 21:23:56,421 INFO c.h.h.t.HelmChartContainer - [hivemq-test-hivemq-platform] [hivemq-platform-operator] [8912da67] 21:23:56.420 [ReconcilerExecutor-hivemq-controller-137] DEBUG c.h.p.o.h.HiveMQPlatformReconcilerRollingRestartHandler - [helmupgr] Rolling restart is waiting for 1 of 2 replicas
2025-01-28 21:23:56,477 INFO c.h.h.t.HelmChartContainer - [K3S] [reconciler_common.go:162] "operationExecutor.UnmountVolume started for volume \"pod-info\" (UniqueName: \"kubernetes.io/configmap/e344728f-43a0-4813-bd47-171934cbb33f-pod-info\") pod \"e344728f-43a0-4813-bd47-171934cbb33f\" (UID: \"e344728f-43a0-4813-bd47-171934cbb33f\") "
2025-01-28 21:23:56,477 INFO c.h.h.t.HelmChartContainer - [K3S] [reconciler_common.go:162] "operationExecutor.UnmountVolume started for volume \"kube-api-access-kxffn\" (UniqueName: \"kubernetes.io/projected/e344728f-43a0-4813-bd47-171934cbb33f-kube-api-access-kxffn\") pod \"e344728f-43a0-4813-bd47-171934cbb33f\" (UID: \"e344728f-43a0-4813-bd47-171934cbb33f\") "
2025-01-28 21:23:56,477 INFO c.h.h.t.HelmChartContainer - [K3S] [reconciler_common.go:162] "operationExecutor.UnmountVolume started for volume \"broker-configuration\" (UniqueName: \"kubernetes.io/configmap/e344728f-43a0-4813-bd47-171934cbb33f-broker-configuration\") pod \"e344728f-43a0-4813-bd47-171934cbb33f\" (UID: \"e344728f-43a0-4813-bd47-171934cbb33f\") "
2025-01-28 21:23:56,477 INFO c.h.h.t.HelmChartContainer - [K3S] [reconciler_common.go:162] "operationExecutor.UnmountVolume started for volume \"extension-configuration-hivemq-bridge-extension\" (UniqueName: \"kubernetes.io/configmap/e344728f-43a0-4813-bd47-171934cbb33f-extension-configuration-hivemq-bridge-extension\") pod \"e344728f-43a0-4813-bd47-171934cbb33f\" (UID: \"e344728f-43a0-4813-bd47-171934cbb33f\") "
2025-01-28 21:23:56,477 INFO c.h.h.t.HelmChartContainer - [K3S] [reconciler_common.go:162] "operationExecutor.UnmountVolume started for volume \"operator-init\" (UniqueName: \"kubernetes.io/empty-dir/e344728f-43a0-4813-bd47-171934cbb33f-operator-init\") pod \"e344728f-43a0-4813-bd47-171934cbb33f\" (UID: \"e344728f-43a0-4813-bd47-171934cbb33f\") "
2025-01-28 21:23:56,490 INFO c.h.h.t.HelmChartContainer - [hivemq-test-hivemq-platform] [hivemq-platform-operator] [8912da67] 21:23:56.488 [pool-6-thread-14] DEBUG c.h.p.o.d.PlatformServiceResource - [helmupgr] Desired Platform services (3 services)
2025-01-28 21:23:56,492 INFO c.h.h.t.HelmChartContainer - [hivemq-test-hivemq-platform] [hivemq-platform-operator] [8912da67] 21:23:56.489 [pool-6-thread-20] DEBUG c.h.p.o.dependants.PodInfoConfigMap - [helmupgr] Desired PodInfo ConfigMap (1 extensions) (1 enabled)
2025-01-28 21:23:56,492 INFO c.h.h.t.HelmChartContainer - [hivemq-test-hivemq-platform] [hivemq-platform-operator] [8912da67] 21:23:56.489 [pool-6-thread-20] DEBUG c.h.p.o.dependants.PodInfoConfigMap - [helmupgr] Desired PodInfo ConfigMap (metrics port: 9399) (metrics path: /)
2025-01-28 21:23:56,492 INFO c.h.h.t.HelmChartContainer - [hivemq-test-hivemq-platform] [hivemq-platform-operator] [8912da67] 21:23:56.489 [pool-6-thread-20] DEBUG c.h.p.o.dependants.PodInfoConfigMap - [helmupgr] Desired PodInfo ConfigMap (extension state hash: -1104086761)
2025-01-28 21:23:56,492 INFO c.h.h.t.HelmChartContainer - [hivemq-test-hivemq-platform] [hivemq-platform-operator] [8912da67] 21:23:56.491 [pool-6-thread-18] DEBUG c.h.p.o.d.PodServiceAccountResource - [helmupgr] Desired PodServiceAccountResource (serviceAccountName: hivemq-platform-pod-test-hivemq-platform)
2025-01-28 21:23:56,494 INFO c.h.h.t.HelmChartContainer - [hivemq-test-hivemq-platform] [hivemq-platform-operator] [8912da67] 21:23:56.493 [pool-6-thread-19] DEBUG c.h.p.o.d.StatefulSetResource - [helmupgr] Desired StatefulSet (2 replicas) for status ROLLING_RESTART (RESTART_PODS_IN_PROGRESS)
2025-01-28 21:23:56,516 INFO c.h.h.t.HelmChartContainer - [hivemq-test-hivemq-platform] [hivemq-platform-operator] [8912da67] 21:23:56.515 [ReconcilerExecutor-hivemq-controller-138] INFO  c.h.p.o.HiveMQPlatformReconciler - [helmupgr] Reconciling HiveMQ Platform 'test-hivemq-platform' in namespace 'helmupgradeextensionit'
2025-01-28 21:23:56,516 INFO c.h.h.t.HelmChartContainer - [hivemq-test-hivemq-platform] [hivemq-platform-operator] [8912da67] 21:23:56.515 [ReconcilerExecutor-hivemq-controller-138] DEBUG c.h.p.o.HiveMQPlatformReconciler - [helmupgr] Custom Resource Status ROLLING_RESTART - HiveMQ Platform is restarting Pods (rolling restart) (RESTART_PODS_IN_PROGRESS)
2025-01-28 21:23:56,516 INFO c.h.h.t.HelmChartContainer - [hivemq-test-hivemq-platform] [hivemq-platform-operator] [8912da67] 21:23:56.515 [ReconcilerExecutor-hivemq-controller-138] DEBUG c.h.p.o.HiveMQPlatformReconciler - [helmupgr] Custom Resource Spec (replicas: 1) (extensions: 1)
2025-01-28 21:23:56,518 INFO c.h.h.t.HelmChartContainer - [hivemq-test-hivemq-platform] [hivemq-platform-operator] [8912da67] 21:23:56.517 [ReconcilerExecutor-hivemq-controller-138] DEBUG c.h.p.o.HiveMQPlatformReconciler - [helmupgr] StatefulSet Status (revision: test-hivemq-platform-7c6d7d4d7b, replicas: 2, available: 1, ready: 1, current: 0, updated: 1)
2025-01-28 21:23:56,518 INFO c.h.h.t.HelmChartContainer - [hivemq-test-hivemq-platform] [hivemq-platform-operator] [8912da67] 21:23:56.517 [ReconcilerExecutor-hivemq-controller-138] DEBUG c.h.p.o.HiveMQPlatformReconciler - [helmupgr] StatefulSet Spec (replicas: 2, init containers: 1, containers: 1, volumes: 4)
2025-01-28 21:23:56,519 INFO c.h.h.t.HelmChartContainer - [hivemq-test-hivemq-platform] [hivemq-platform-operator] [8912da67] 21:23:56.518 [ReconcilerExecutor-hivemq-controller-138] DEBUG c.h.p.o.h.HiveMQPlatformReconcilerErrorHandler - [helmupgr] Pod 'test-hivemq-platform-1' phase Running
2025-01-28 21:23:56,520 INFO c.h.h.t.HelmChartContainer - [hivemq-test-hivemq-platform] [hivemq-platform-operator] [8912da67] 21:23:56.519 [ReconcilerExecutor-hivemq-controller-138] DEBUG c.h.p.o.h.HiveMQPlatformReconcilerErrorHandler - [helmupgr] Pod 'test-hivemq-platform-0' phase Failed
2025-01-28 21:23:56,520 INFO c.h.h.t.HelmChartContainer - [hivemq-test-hivemq-platform] [hivemq-platform-operator] [8912da67] 21:23:56.519 [ReconcilerExecutor-hivemq-controller-138] DEBUG c.h.p.o.h.HiveMQPlatformReconcilerErrorHandler - [helmupgr] Pod 'test-hivemq-platform-0' condition 'PodReadyToStartContainers': False
2025-01-28 21:23:56,520 INFO c.h.h.t.HelmChartContainer - [hivemq-test-hivemq-platform] [hivemq-platform-operator] [8912da67] 21:23:56.519 [ReconcilerExecutor-hivemq-controller-138] DEBUG c.h.p.o.h.HiveMQPlatformReconcilerErrorHandler - [helmupgr] Pod 'test-hivemq-platform-0' condition 'Initialized': True
2025-01-28 21:23:56,520 INFO c.h.h.t.HelmChartContainer - [hivemq-test-hivemq-platform] [hivemq-platform-operator] [8912da67] 21:23:56.519 [ReconcilerExecutor-hivemq-controller-138] DEBUG c.h.p.o.h.HiveMQPlatformReconcilerErrorHandler - [helmupgr] Pod 'test-hivemq-platform-0' condition 'Ready': False
2025-01-28 21:23:56,521 INFO c.h.h.t.HelmChartContainer - [hivemq-test-hivemq-platform] [hivemq-platform-operator] [8912da67] 21:23:56.519 [ReconcilerExecutor-hivemq-controller-138] DEBUG c.h.p.o.h.HiveMQPlatformReconcilerErrorHandler - [helmupgr] Pod 'test-hivemq-platform-0' condition 'ContainersReady': False
2025-01-28 21:23:56,521 INFO c.h.h.t.HelmChartContainer - [hivemq-test-hivemq-platform] [hivemq-platform-operator] [8912da67] 21:23:56.519 [ReconcilerExecutor-hivemq-controller-138] DEBUG c.h.p.o.h.HiveMQPlatformReconcilerErrorHandler - [helmupgr] Pod 'test-hivemq-platform-0' condition 'PodScheduled': True
2025-01-28 21:23:56,521 INFO c.h.h.t.HelmChartContainer - [hivemq-test-hivemq-platform] [hivemq-platform-operator] [8912da67] 21:23:56.519 [ReconcilerExecutor-hivemq-controller-138] DEBUG c.h.p.o.h.HiveMQPlatformReconcilerErrorHandler - [helmupgr] Pod 'test-hivemq-platform-0' containerStatus 'hivemq' (started: false) (ready: false) (waiting: [Unknown] no message)
2025-01-28 21:23:56,521 INFO c.h.h.t.HelmChartContainer - [hivemq-test-hivemq-platform] [hivemq-platform-operator] [8912da67] 21:23:56.519 [ReconcilerExecutor-hivemq-controller-138] DEBUG c.h.p.o.h.HiveMQPlatformReconcilerRollingRestartHandler - [helmupgr] Rolling restart is waiting for 1 of 2 replicas
2025-01-28 21:23:56,577 INFO c.h.h.t.HelmChartContainer - [K3S] [reconciler_common.go:299] "Volume detached for volume \"kube-api-access-kxffn\" (UniqueName: \"kubernetes.io/projected/e344728f-43a0-4813-bd47-171934cbb33f-kube-api-access-kxffn\") on node \"42ea5d3d1b91\" DevicePath \"\""
2025-01-28 21:23:56,577 INFO c.h.h.t.HelmChartContainer - [K3S] [reconciler_common.go:299] "Volume detached for volume \"broker-configuration\" (UniqueName: \"kubernetes.io/configmap/e344728f-43a0-4813-bd47-171934cbb33f-broker-configuration\") on node \"42ea5d3d1b91\" DevicePath \"\""
2025-01-28 21:23:56,577 INFO c.h.h.t.HelmChartContainer - [K3S] [reconciler_common.go:299] "Volume detached for volume \"extension-configuration-hivemq-bridge-extension\" (UniqueName: \"kubernetes.io/configmap/e344728f-43a0-4813-bd47-171934cbb33f-extension-configuration-hivemq-bridge-extension\") on node \"42ea5d3d1b91\" DevicePath \"\""
2025-01-28 21:23:56,577 INFO c.h.h.t.HelmChartContainer - [K3S] [reconciler_common.go:299] "Volume detached for volume \"operator-init\" (UniqueName: \"kubernetes.io/empty-dir/e344728f-43a0-4813-bd47-171934cbb33f-operator-init\") on node \"42ea5d3d1b91\" DevicePath \"\""
2025-01-28 21:23:56,577 INFO c.h.h.t.HelmChartContainer - [K3S] [reconciler_common.go:299] "Volume detached for volume \"pod-info\" (UniqueName: \"kubernetes.io/configmap/e344728f-43a0-4813-bd47-171934cbb33f-pod-info\") on node \"42ea5d3d1b91\" DevicePath \"\""
2025-01-28 21:23:56,886 INFO c.h.h.t.HelmChartContainer - [K3S] [scope.go:117] "RemoveContainer" containerID="88c6c4d3275d48cdbb232a390624f08cd327ace0f2496660a99ecdbe702bd03a"
2025-01-28 21:23:56,901 INFO c.h.h.t.HelmChartContainer - [POD] test-hivemq-platform-0 [e344728f-43a0-4813-bd47-171934cbb33f] in helmupgradeextensionit was MODIFIED
2025-01-28 21:23:56,905 INFO c.h.h.t.HelmChartContainer - [POD] test-hivemq-platform-0 [e344728f-43a0-4813-bd47-171934cbb33f] in helmupgradeextensionit was DELETED
2025-01-28 21:23:56,916 INFO c.h.h.t.HelmChartContainer - [hivemq-test-hivemq-platform] [hivemq-platform-operator] [8912da67] 21:23:56.906 [pool-6-thread-26] DEBUG c.h.p.o.d.PlatformServiceResource - [helmupgr] Desired Platform services (3 services)
2025-01-28 21:23:56,916 INFO c.h.h.t.HelmChartContainer - [hivemq-test-hivemq-platform] [hivemq-platform-operator] [8912da67] 21:23:56.911 [pool-6-thread-25] DEBUG c.h.p.o.dependants.PodInfoConfigMap - [helmupgr] Desired PodInfo ConfigMap (1 extensions) (1 enabled)
2025-01-28 21:23:56,916 INFO c.h.h.t.HelmChartContainer - [hivemq-test-hivemq-platform] [hivemq-platform-operator] [8912da67] 21:23:56.911 [pool-6-thread-25] DEBUG c.h.p.o.dependants.PodInfoConfigMap - [helmupgr] Desired PodInfo ConfigMap (metrics port: 9399) (metrics path: /)
2025-01-28 21:23:56,916 INFO c.h.h.t.HelmChartContainer - [hivemq-test-hivemq-platform] [hivemq-platform-operator] [8912da67] 21:23:56.911 [pool-6-thread-25] DEBUG c.h.p.o.dependants.PodInfoConfigMap - [helmupgr] Desired PodInfo ConfigMap (extension state hash: -1104086761)
2025-01-28 21:23:56,916 INFO c.h.h.t.HelmChartContainer - [hivemq-test-hivemq-platform] [hivemq-platform-operator] [8912da67] 21:23:56.911 [pool-6-thread-25] DEBUG c.h.p.o.d.PodServiceAccountResource - [helmupgr] Desired PodServiceAccountResource (serviceAccountName: hivemq-platform-pod-test-hivemq-platform)
2025-01-28 21:23:56,922 INFO c.h.h.t.HelmChartContainer - [hivemq-test-hivemq-platform] [hivemq-platform-operator] [8912da67] 21:23:56.920 [pool-6-thread-26] DEBUG c.h.p.o.d.StatefulSetResource - [helmupgr] Desired StatefulSet (2 replicas) for status ROLLING_RESTART (RESTART_PODS_IN_PROGRESS)
2025-01-28 21:23:56,930 INFO c.h.h.t.HelmChartContainer - [hivemq-test-hivemq-platform] [hivemq-platform-operator] [8912da67] 21:23:56.928 [ReconcilerExecutor-hivemq-controller-139] INFO  c.h.p.o.HiveMQPlatformReconciler - [helmupgr] Reconciling HiveMQ Platform 'test-hivemq-platform' in namespace 'helmupgradeextensionit'
2025-01-28 21:23:56,930 INFO c.h.h.t.HelmChartContainer - [hivemq-test-hivemq-platform] [hivemq-platform-operator] [8912da67] 21:23:56.928 [ReconcilerExecutor-hivemq-controller-139] DEBUG c.h.p.o.HiveMQPlatformReconciler - [helmupgr] Custom Resource Status ROLLING_RESTART - HiveMQ Platform is restarting Pods (rolling restart) (RESTART_PODS_IN_PROGRESS)
2025-01-28 21:23:56,930 INFO c.h.h.t.HelmChartContainer - [hivemq-test-hivemq-platform] [hivemq-platform-operator] [8912da67] 21:23:56.928 [ReconcilerExecutor-hivemq-controller-139] DEBUG c.h.p.o.HiveMQPlatformReconciler - [helmupgr] Custom Resource Spec (replicas: 1) (extensions: 1)
2025-01-28 21:23:56,935 INFO c.h.h.t.HelmChartContainer - [POD] test-hivemq-platform-0 [4c730e4f-4905-4846-9132-8c3451ada361] in helmupgradeextensionit was ADDED
2025-01-28 21:23:56,943 INFO c.h.h.t.HelmChartContainer - [POD] test-hivemq-platform-0 [4c730e4f-4905-4846-9132-8c3451ada361] in helmupgradeextensionit was MODIFIED
2025-01-28 21:23:56,943 INFO c.h.h.t.HelmChartContainer - [K3S] [memory_manager.go:355] "RemoveStaleState removing state" podUID="e344728f-43a0-4813-bd47-171934cbb33f" containerName="hivemq"
2025-01-28 21:23:56,954 INFO c.h.h.t.HelmChartContainer - [EVENT] Normal [SuccessfulCreate] create Pod test-hivemq-platform-0 in StatefulSet test-hivemq-platform successful [helmupgradeextensionit:test-hivemq-platform]
2025-01-28 21:23:56,957 INFO c.h.h.t.HelmChartContainer - [EVENT] Normal [Scheduled] Successfully assigned helmupgradeextensionit/test-hivemq-platform-0 to 42ea5d3d1b91 [helmupgradeextensionit:test-hivemq-platform-0]
2025-01-28 21:23:56,966 INFO c.h.h.t.HelmChartContainer - [POD] test-hivemq-platform-0 [4c730e4f-4905-4846-9132-8c3451ada361] in helmupgradeextensionit was MODIFIED
2025-01-28 21:23:56,992 INFO c.h.h.t.HelmChartContainer - [hivemq-test-hivemq-platform] [hivemq-platform-operator] [8912da67] 21:23:56.986 [ReconcilerExecutor-hivemq-controller-139] DEBUG c.h.p.o.HiveMQPlatformReconciler - [helmupgr] StatefulSet Status (revision: test-hivemq-platform-7c6d7d4d7b, replicas: 2, available: 1, ready: 1, current: 0, updated: 1)
2025-01-28 21:23:56,992 INFO c.h.h.t.HelmChartContainer - [hivemq-test-hivemq-platform] [hivemq-platform-operator] [8912da67] 21:23:56.986 [ReconcilerExecutor-hivemq-controller-139] DEBUG c.h.p.o.HiveMQPlatformReconciler - [helmupgr] StatefulSet Spec (replicas: 2, init containers: 1, containers: 1, volumes: 4)
2025-01-28 21:23:56,998 INFO c.h.h.t.HelmChartContainer - [hivemq-test-hivemq-platform] [hivemq-platform-operator] [8912da67] 21:23:56.987 [ReconcilerExecutor-hivemq-controller-139] DEBUG c.h.p.o.h.HiveMQPlatformReconcilerErrorHandler - [helmupgr] Pod 'test-hivemq-platform-1' phase Running
2025-01-28 21:23:56,998 INFO c.h.h.t.HelmChartContainer - [hivemq-test-hivemq-platform] [hivemq-platform-operator] [8912da67] 21:23:56.988 [ReconcilerExecutor-hivemq-controller-139] DEBUG c.h.p.o.h.HiveMQPlatformReconcilerRollingRestartHandler - [helmupgr] Rolling restart is waiting for 1 of 2 replicas
2025-01-28 21:23:56,998 INFO c.h.h.t.HelmChartContainer - [hivemq-test-hivemq-platform] [hivemq-platform-operator] [8912da67] 21:23:56.992 [pool-6-thread-40] DEBUG c.h.p.o.d.PlatformServiceResource - [helmupgr] Desired Platform services (3 services)
2025-01-28 21:23:57,000 INFO c.h.h.t.HelmChartContainer - [hivemq-test-hivemq-platform] [hivemq-platform-operator] [8912da67] 21:23:56.995 [pool-6-thread-35] DEBUG c.h.p.o.dependants.PodInfoConfigMap - [helmupgr] Desired PodInfo ConfigMap (1 extensions) (1 enabled)
2025-01-28 21:23:57,001 INFO c.h.h.t.HelmChartContainer - [hivemq-test-hivemq-platform] [hivemq-platform-operator] [8912da67] 21:23:56.995 [pool-6-thread-35] DEBUG c.h.p.o.dependants.PodInfoConfigMap - [helmupgr] Desired PodInfo ConfigMap (metrics port: 9399) (metrics path: /)
2025-01-28 21:23:57,001 INFO c.h.h.t.HelmChartContainer - [hivemq-test-hivemq-platform] [hivemq-platform-operator] [8912da67] 21:23:56.995 [pool-6-thread-35] DEBUG c.h.p.o.dependants.PodInfoConfigMap - [helmupgr] Desired PodInfo ConfigMap (extension state hash: -1104086761)
2025-01-28 21:23:57,022 INFO c.h.h.t.HelmChartContainer - [hivemq-test-hivemq-platform] [hivemq-platform-operator] [8912da67] 21:23:57.016 [pool-6-thread-34] DEBUG c.h.p.o.d.PodServiceAccountResource - [helmupgr] Desired PodServiceAccountResource (serviceAccountName: hivemq-platform-pod-test-hivemq-platform)
2025-01-28 21:23:57,061 INFO c.h.h.t.HelmChartContainer - [K3S] [scope.go:117] "RemoveContainer" containerID="3956138cf6e7526293f924eced847e8794c3cdf35a5d895c90f889d3d09f3553"
2025-01-28 21:23:57,065 INFO c.h.h.t.HelmChartContainer - [K3S] [scope.go:117] "RemoveContainer" containerID="88c6c4d3275d48cdbb232a390624f08cd327ace0f2496660a99ecdbe702bd03a"
2025-01-28 21:23:57,066 INFO c.h.h.t.HelmChartContainer - [K3S] [scope.go:117] "RemoveContainer" containerID="3956138cf6e7526293f924eced847e8794c3cdf35a5d895c90f889d3d09f3553"
2025-01-28 21:23:57,079 INFO c.h.h.t.HelmChartContainer - [K3S] [reconciler_common.go:251] "operationExecutor.VerifyControllerAttachedVolume started for volume \"broker-configuration\" (UniqueName: \"kubernetes.io/configmap/4c730e4f-4905-4846-9132-8c3451ada361-broker-configuration\") pod \"test-hivemq-platform-0\" (UID: \"4c730e4f-4905-4846-9132-8c3451ada361\") " pod="helmupgradeextensionit/test-hivemq-platform-0"
2025-01-28 21:23:57,079 INFO c.h.h.t.HelmChartContainer - [K3S] [reconciler_common.go:251] "operationExecutor.VerifyControllerAttachedVolume started for volume \"operator-init\" (UniqueName: \"kubernetes.io/empty-dir/4c730e4f-4905-4846-9132-8c3451ada361-operator-init\") pod \"test-hivemq-platform-0\" (UID: \"4c730e4f-4905-4846-9132-8c3451ada361\") " pod="helmupgradeextensionit/test-hivemq-platform-0"
2025-01-28 21:23:57,079 INFO c.h.h.t.HelmChartContainer - [K3S] [reconciler_common.go:251] "operationExecutor.VerifyControllerAttachedVolume started for volume \"extension-configuration-hivemq-bridge-extension\" (UniqueName: \"kubernetes.io/configmap/4c730e4f-4905-4846-9132-8c3451ada361-extension-configuration-hivemq-bridge-extension\") pod \"test-hivemq-platform-0\" (UID: \"4c730e4f-4905-4846-9132-8c3451ada361\") " pod="helmupgradeextensionit/test-hivemq-platform-0"
2025-01-28 21:23:57,079 INFO c.h.h.t.HelmChartContainer - [K3S] [reconciler_common.go:251] "operationExecutor.VerifyControllerAttachedVolume started for volume \"pod-info\" (UniqueName: \"kubernetes.io/configmap/4c730e4f-4905-4846-9132-8c3451ada361-pod-info\") pod \"test-hivemq-platform-0\" (UID: \"4c730e4f-4905-4846-9132-8c3451ada361\") " pod="helmupgradeextensionit/test-hivemq-platform-0"
2025-01-28 21:23:57,079 INFO c.h.h.t.HelmChartContainer - [K3S] [reconciler_common.go:251] "operationExecutor.VerifyControllerAttachedVolume started for volume \"kube-api-access-qhfwf\" (UniqueName: \"kubernetes.io/projected/4c730e4f-4905-4846-9132-8c3451ada361-kube-api-access-qhfwf\") pod \"test-hivemq-platform-0\" (UID: \"4c730e4f-4905-4846-9132-8c3451ada361\") " pod="helmupgradeextensionit/test-hivemq-platform-0"
2025-01-28 21:23:57,087 INFO c.h.h.t.HelmChartContainer - [hivemq-test-hivemq-platform] [hivemq-platform-operator] [8912da67] 21:23:57.086 [pool-6-thread-40] DEBUG c.h.p.o.d.StatefulSetResource - [helmupgr] Desired StatefulSet (2 replicas) for status ROLLING_RESTART (RESTART_PODS_IN_PROGRESS)
2025-01-28 21:23:57,090 INFO c.h.h.t.HelmChartContainer - [hivemq-test-hivemq-platform] [hivemq-platform-operator] [8912da67] 21:23:57.089 [ReconcilerExecutor-hivemq-controller-140] INFO  c.h.p.o.HiveMQPlatformReconciler - [helmupgr] Reconciling HiveMQ Platform 'test-hivemq-platform' in namespace 'helmupgradeextensionit'
2025-01-28 21:23:57,090 INFO c.h.h.t.HelmChartContainer - [hivemq-test-hivemq-platform] [hivemq-platform-operator] [8912da67] 21:23:57.089 [ReconcilerExecutor-hivemq-controller-140] DEBUG c.h.p.o.HiveMQPlatformReconciler - [helmupgr] Custom Resource Status ROLLING_RESTART - HiveMQ Platform is restarting Pods (rolling restart) (RESTART_PODS_IN_PROGRESS)
2025-01-28 21:23:57,090 INFO c.h.h.t.HelmChartContainer - [hivemq-test-hivemq-platform] [hivemq-platform-operator] [8912da67] 21:23:57.089 [ReconcilerExecutor-hivemq-controller-140] DEBUG c.h.p.o.HiveMQPlatformReconciler - [helmupgr] Custom Resource Spec (replicas: 1) (extensions: 1)
2025-01-28 21:23:57,091 INFO c.h.h.t.HelmChartContainer - [hivemq-test-hivemq-platform] [hivemq-platform-operator] [8912da67] 21:23:57.090 [ReconcilerExecutor-hivemq-controller-140] DEBUG c.h.p.o.HiveMQPlatformReconciler - [helmupgr] StatefulSet Status (revision: test-hivemq-platform-7c6d7d4d7b, replicas: 2, available: 1, ready: 1, current: 0, updated: 2)
2025-01-28 21:23:57,091 INFO c.h.h.t.HelmChartContainer - [hivemq-test-hivemq-platform] [hivemq-platform-operator] [8912da67] 21:23:57.090 [ReconcilerExecutor-hivemq-controller-140] DEBUG c.h.p.o.HiveMQPlatformReconciler - [helmupgr] StatefulSet Spec (replicas: 2, init containers: 1, containers: 1, volumes: 4)
2025-01-28 21:23:57,093 INFO c.h.h.t.HelmChartContainer - [hivemq-test-hivemq-platform] [hivemq-platform-operator] [8912da67] 21:23:57.091 [ReconcilerExecutor-hivemq-controller-140] DEBUG c.h.p.o.h.HiveMQPlatformReconcilerErrorHandler - [helmupgr] Pod 'test-hivemq-platform-1' phase Running
2025-01-28 21:23:57,094 INFO c.h.h.t.HelmChartContainer - [hivemq-test-hivemq-platform] [hivemq-platform-operator] [8912da67] 21:23:57.093 [ReconcilerExecutor-hivemq-controller-140] DEBUG c.h.p.o.h.HiveMQPlatformReconcilerErrorHandler - [helmupgr] Pod 'test-hivemq-platform-0' phase Pending
2025-01-28 21:23:57,094 INFO c.h.h.t.HelmChartContainer - [hivemq-test-hivemq-platform] [hivemq-platform-operator] [8912da67] 21:23:57.093 [ReconcilerExecutor-hivemq-controller-140] DEBUG c.h.p.o.h.HiveMQPlatformReconcilerErrorHandler - [helmupgr] Pod 'test-hivemq-platform-0' condition 'PodReadyToStartContainers': False
2025-01-28 21:23:57,095 INFO c.h.h.t.HelmChartContainer - [hivemq-test-hivemq-platform] [hivemq-platform-operator] [8912da67] 21:23:57.093 [ReconcilerExecutor-hivemq-controller-140] DEBUG c.h.p.o.h.HiveMQPlatformReconcilerErrorHandler - [helmupgr] Pod 'test-hivemq-platform-0' condition 'Initialized': False
2025-01-28 21:23:57,095 INFO c.h.h.t.HelmChartContainer - [hivemq-test-hivemq-platform] [hivemq-platform-operator] [8912da67] 21:23:57.093 [ReconcilerExecutor-hivemq-controller-140] DEBUG c.h.p.o.h.HiveMQPlatformReconcilerErrorHandler - [helmupgr] Pod 'test-hivemq-platform-0' condition 'Ready': False
2025-01-28 21:23:57,095 INFO c.h.h.t.HelmChartContainer - [hivemq-test-hivemq-platform] [hivemq-platform-operator] [8912da67] 21:23:57.093 [ReconcilerExecutor-hivemq-controller-140] DEBUG c.h.p.o.h.HiveMQPlatformReconcilerErrorHandler - [helmupgr] Pod 'test-hivemq-platform-0' condition 'ContainersReady': False
2025-01-28 21:23:57,095 INFO c.h.h.t.HelmChartContainer - [hivemq-test-hivemq-platform] [hivemq-platform-operator] [8912da67] 21:23:57.093 [ReconcilerExecutor-hivemq-controller-140] DEBUG c.h.p.o.h.HiveMQPlatformReconcilerErrorHandler - [helmupgr] Pod 'test-hivemq-platform-0' condition 'PodScheduled': True
2025-01-28 21:23:57,095 INFO c.h.h.t.HelmChartContainer - [hivemq-test-hivemq-platform] [hivemq-platform-operator] [8912da67] 21:23:57.093 [ReconcilerExecutor-hivemq-controller-140] DEBUG c.h.p.o.h.HiveMQPlatformReconcilerErrorHandler - [helmupgr] Pod 'test-hivemq-platform-0' containerStatus 'hivemq' (started: false) (ready: false) (waiting: [PodInitializing] null)
2025-01-28 21:23:57,095 INFO c.h.h.t.HelmChartContainer - [hivemq-test-hivemq-platform] [hivemq-platform-operator] [8912da67] 21:23:57.093 [ReconcilerExecutor-hivemq-controller-140] DEBUG c.h.p.o.h.HiveMQPlatformReconcilerRollingRestartHandler - [helmupgr] Rolling restart is waiting for 1 of 2 replicas
2025-01-28 21:23:57,098 INFO c.h.h.t.HelmChartContainer - [hivemq-test-hivemq-platform] [hivemq-platform-operator] [8912da67] 21:23:57.096 [pool-6-thread-49] DEBUG c.h.p.o.d.PlatformServiceResource - [helmupgr] Desired Platform services (3 services)
2025-01-28 21:23:57,098 INFO c.h.h.t.HelmChartContainer - [hivemq-test-hivemq-platform] [hivemq-platform-operator] [8912da67] 21:23:57.097 [pool-6-thread-46] DEBUG c.h.p.o.dependants.PodInfoConfigMap - [helmupgr] Desired PodInfo ConfigMap (1 extensions) (1 enabled)
2025-01-28 21:23:57,098 INFO c.h.h.t.HelmChartContainer - [hivemq-test-hivemq-platform] [hivemq-platform-operator] [8912da67] 21:23:57.097 [pool-6-thread-46] DEBUG c.h.p.o.dependants.PodInfoConfigMap - [helmupgr] Desired PodInfo ConfigMap (metrics port: 9399) (metrics path: /)
2025-01-28 21:23:57,098 INFO c.h.h.t.HelmChartContainer - [hivemq-test-hivemq-platform] [hivemq-platform-operator] [8912da67] 21:23:57.097 [pool-6-thread-46] DEBUG c.h.p.o.dependants.PodInfoConfigMap - [helmupgr] Desired PodInfo ConfigMap (extension state hash: -1104086761)
2025-01-28 21:23:57,098 INFO c.h.h.t.HelmChartContainer - [hivemq-test-hivemq-platform] [hivemq-platform-operator] [8912da67] 21:23:57.098 [pool-6-thread-43] DEBUG c.h.p.o.d.PodServiceAccountResource - [helmupgr] Desired PodServiceAccountResource (serviceAccountName: hivemq-platform-pod-test-hivemq-platform)
2025-01-28 21:23:57,117 INFO c.h.h.t.HelmChartContainer - [hivemq-test-hivemq-platform] [hivemq-platform-operator] [8912da67] 21:23:57.116 [pool-6-thread-44] DEBUG c.h.p.o.d.StatefulSetResource - [helmupgr] Desired StatefulSet (2 replicas) for status ROLLING_RESTART (RESTART_PODS_IN_PROGRESS)
2025-01-28 21:23:57,119 INFO c.h.h.t.HelmChartContainer - [hivemq-test-hivemq-platform] [hivemq-platform-operator] [8912da67] 21:23:57.118 [ReconcilerExecutor-hivemq-controller-142] INFO  c.h.p.o.HiveMQPlatformReconciler - [helmupgr] Reconciling HiveMQ Platform 'test-hivemq-platform' in namespace 'helmupgradeextensionit'
2025-01-28 21:23:57,120 INFO c.h.h.t.HelmChartContainer - [hivemq-test-hivemq-platform] [hivemq-platform-operator] [8912da67] 21:23:57.119 [ReconcilerExecutor-hivemq-controller-142] DEBUG c.h.p.o.HiveMQPlatformReconciler - [helmupgr] Custom Resource Status ROLLING_RESTART - HiveMQ Platform is restarting Pods (rolling restart) (RESTART_PODS_IN_PROGRESS)
2025-01-28 21:23:57,120 INFO c.h.h.t.HelmChartContainer - [hivemq-test-hivemq-platform] [hivemq-platform-operator] [8912da67] 21:23:57.119 [ReconcilerExecutor-hivemq-controller-142] DEBUG c.h.p.o.HiveMQPlatformReconciler - [helmupgr] Custom Resource Spec (replicas: 1) (extensions: 1)
2025-01-28 21:23:57,189 INFO c.h.h.t.HelmChartContainer - [hivemq-test-hivemq-platform] [hivemq-platform-operator] [8912da67] 21:23:57.188 [ReconcilerExecutor-hivemq-controller-142] DEBUG c.h.p.o.HiveMQPlatformReconciler - [helmupgr] StatefulSet Status (revision: test-hivemq-platform-7c6d7d4d7b, replicas: 2, available: 1, ready: 1, current: 0, updated: 2)
2025-01-28 21:23:57,189 INFO c.h.h.t.HelmChartContainer - [hivemq-test-hivemq-platform] [hivemq-platform-operator] [8912da67] 21:23:57.188 [ReconcilerExecutor-hivemq-controller-142] DEBUG c.h.p.o.HiveMQPlatformReconciler - [helmupgr] StatefulSet Spec (replicas: 2, init containers: 1, containers: 1, volumes: 4)
2025-01-28 21:23:57,190 INFO c.h.h.t.HelmChartContainer - [hivemq-test-hivemq-platform] [hivemq-platform-operator] [8912da67] 21:23:57.190 [ReconcilerExecutor-hivemq-controller-142] DEBUG c.h.p.o.h.HiveMQPlatformReconcilerErrorHandler - [helmupgr] Pod 'test-hivemq-platform-1' phase Running
2025-01-28 21:23:57,191 INFO c.h.h.t.HelmChartContainer - [hivemq-test-hivemq-platform] [hivemq-platform-operator] [8912da67] 21:23:57.191 [ReconcilerExecutor-hivemq-controller-142] DEBUG c.h.p.o.h.HiveMQPlatformReconcilerErrorHandler - [helmupgr] Pod 'test-hivemq-platform-0' phase Pending
2025-01-28 21:23:57,192 INFO c.h.h.t.HelmChartContainer - [hivemq-test-hivemq-platform] [hivemq-platform-operator] [8912da67] 21:23:57.191 [ReconcilerExecutor-hivemq-controller-142] DEBUG c.h.p.o.h.HiveMQPlatformReconcilerErrorHandler - [helmupgr] Pod 'test-hivemq-platform-0' condition 'PodReadyToStartContainers': False
2025-01-28 21:23:57,192 INFO c.h.h.t.HelmChartContainer - [hivemq-test-hivemq-platform] [hivemq-platform-operator] [8912da67] 21:23:57.191 [ReconcilerExecutor-hivemq-controller-142] DEBUG c.h.p.o.h.HiveMQPlatformReconcilerErrorHandler - [helmupgr] Pod 'test-hivemq-platform-0' condition 'Initialized': False
2025-01-28 21:23:57,192 INFO c.h.h.t.HelmChartContainer - [hivemq-test-hivemq-platform] [hivemq-platform-operator] [8912da67] 21:23:57.191 [ReconcilerExecutor-hivemq-controller-142] DEBUG c.h.p.o.h.HiveMQPlatformReconcilerErrorHandler - [helmupgr] Pod 'test-hivemq-platform-0' condition 'Ready': False
2025-01-28 21:23:57,192 INFO c.h.h.t.HelmChartContainer - [hivemq-test-hivemq-platform] [hivemq-platform-operator] [8912da67] 21:23:57.191 [ReconcilerExecutor-hivemq-controller-142] DEBUG c.h.p.o.h.HiveMQPlatformReconcilerErrorHandler - [helmupgr] Pod 'test-hivemq-platform-0' condition 'ContainersReady': False
2025-01-28 21:23:57,192 INFO c.h.h.t.HelmChartContainer - [hivemq-test-hivemq-platform] [hivemq-platform-operator] [8912da67] 21:23:57.191 [ReconcilerExecutor-hivemq-controller-142] DEBUG c.h.p.o.h.HiveMQPlatformReconcilerErrorHandler - [helmupgr] Pod 'test-hivemq-platform-0' condition 'PodScheduled': True
2025-01-28 21:23:57,194 INFO c.h.h.t.HelmChartContainer - [hivemq-test-hivemq-platform] [hivemq-platform-operator] [8912da67] 21:23:57.192 [ReconcilerExecutor-hivemq-controller-142] DEBUG c.h.p.o.h.HiveMQPlatformReconcilerErrorHandler - [helmupgr] Pod 'test-hivemq-platform-0' containerStatus 'hivemq' (started: false) (ready: false) (waiting: [PodInitializing] null)
2025-01-28 21:23:57,195 INFO c.h.h.t.HelmChartContainer - [hivemq-test-hivemq-platform] [hivemq-platform-operator] [8912da67] 21:23:57.195 [ReconcilerExecutor-hivemq-controller-142] DEBUG c.h.p.o.h.HiveMQPlatformReconcilerRollingRestartHandler - [helmupgr] Rolling restart is waiting for 1 of 2 replicas
2025-01-28 21:23:57,257 INFO c.h.h.t.HelmChartContainer - [K3S] [kubelet_volumes.go:163] "Cleaned up orphaned pod volumes dir" podUID="e344728f-43a0-4813-bd47-171934cbb33f" path="/var/lib/kubelet/pods/e344728f-43a0-4813-bd47-171934cbb33f/volumes"
2025-01-28 21:23:57,357 INFO c.h.h.t.HelmChartContainer - [EVENT] Normal [Pulled] Container image "docker.io/hivemq/hivemq-platform-operator-init-test:snapshot" already present on machine [helmupgradeextensionit:test-hivemq-platform-0]
2025-01-28 21:23:57,365 INFO c.h.h.t.HelmChartContainer - [EVENT] Normal [Created] Created container: hivemq-platform-operator-init [helmupgradeextensionit:test-hivemq-platform-0]
2025-01-28 21:23:57,402 INFO c.h.h.t.HelmChartContainer - [EVENT] Normal [Started] Started container hivemq-platform-operator-init [helmupgradeextensionit:test-hivemq-platform-0]
2025-01-28 21:23:57,892 INFO c.h.h.t.HelmChartContainer - [EVENT] Normal [Pulled] Container image "docker.io/hivemq/hivemq4:4.36.0" already present on machine [helmupgradeextensionit:test-hivemq-platform-0]
2025-01-28 21:23:57,893 INFO c.h.h.t.HelmChartContainer - Received Pulled event for container hivemq in pod test-hivemq-platform-0 [4c730e4f-4905-4846-9132-8c3451ada361]
2025-01-28 21:23:57,898 INFO c.h.h.t.HelmChartContainer - [POD] test-hivemq-platform-0 [4c730e4f-4905-4846-9132-8c3451ada361] in helmupgradeextensionit was MODIFIED
2025-01-28 21:23:57,918 INFO c.h.h.t.HelmChartContainer - [hivemq-test-hivemq-platform] [hivemq-platform-operator] [8912da67] 21:23:57.907 [pool-6-thread-5] DEBUG c.h.p.o.d.PlatformServiceResource - [helmupgr] Desired Platform services (3 services)
2025-01-28 21:23:57,924 INFO c.h.h.t.HelmChartContainer - [hivemq-test-hivemq-platform] [hivemq-platform-operator] [8912da67] 21:23:57.913 [pool-6-thread-6] DEBUG c.h.p.o.dependants.PodInfoConfigMap - [helmupgr] Desired PodInfo ConfigMap (1 extensions) (1 enabled)
2025-01-28 21:23:57,924 INFO c.h.h.t.HelmChartContainer - [hivemq-test-hivemq-platform] [hivemq-platform-operator] [8912da67] 21:23:57.913 [pool-6-thread-6] DEBUG c.h.p.o.dependants.PodInfoConfigMap - [helmupgr] Desired PodInfo ConfigMap (metrics port: 9399) (metrics path: /)
2025-01-28 21:23:57,924 INFO c.h.h.t.HelmChartContainer - [hivemq-test-hivemq-platform] [hivemq-platform-operator] [8912da67] 21:23:57.913 [pool-6-thread-6] DEBUG c.h.p.o.dependants.PodInfoConfigMap - [helmupgr] Desired PodInfo ConfigMap (extension state hash: -1104086761)
2025-01-28 21:23:57,924 INFO c.h.h.t.HelmChartContainer - [hivemq-test-hivemq-platform] [hivemq-platform-operator] [8912da67] 21:23:57.915 [pool-6-thread-4] DEBUG c.h.p.o.d.PodServiceAccountResource - [helmupgr] Desired PodServiceAccountResource (serviceAccountName: hivemq-platform-pod-test-hivemq-platform)
2025-01-28 21:23:57,924 INFO c.h.h.t.HelmChartContainer - [hivemq-test-hivemq-platform] [hivemq-platform-operator] [8912da67] 21:23:57.919 [pool-6-thread-4] DEBUG c.h.p.o.d.StatefulSetResource - [helmupgr] Desired StatefulSet (2 replicas) for status ROLLING_RESTART (RESTART_PODS_IN_PROGRESS)
2025-01-28 21:23:57,924 INFO c.h.h.t.HelmChartContainer - [hivemq-test-hivemq-platform] [hivemq-platform-operator] [8912da67] 21:23:57.922 [ReconcilerExecutor-hivemq-controller-143] INFO  c.h.p.o.HiveMQPlatformReconciler - [helmupgr] Reconciling HiveMQ Platform 'test-hivemq-platform' in namespace 'helmupgradeextensionit'
2025-01-28 21:23:57,926 INFO c.h.h.t.HelmChartContainer - [EVENT] Normal [Created] Created container: hivemq [helmupgradeextensionit:test-hivemq-platform-0]
2025-01-28 21:23:57,926 INFO c.h.h.t.HelmChartContainer - Received Created event for container hivemq in pod test-hivemq-platform-0 [4c730e4f-4905-4846-9132-8c3451ada361]
2025-01-28 21:23:57,931 INFO c.h.h.t.HelmChartContainer - [hivemq-test-hivemq-platform] [hivemq-platform-operator] [8912da67] 21:23:57.922 [ReconcilerExecutor-hivemq-controller-143] DEBUG c.h.p.o.HiveMQPlatformReconciler - [helmupgr] Custom Resource Status ROLLING_RESTART - HiveMQ Platform is restarting Pods (rolling restart) (RESTART_PODS_IN_PROGRESS)
2025-01-28 21:23:57,931 INFO c.h.h.t.HelmChartContainer - [hivemq-test-hivemq-platform] [hivemq-platform-operator] [8912da67] 21:23:57.922 [ReconcilerExecutor-hivemq-controller-143] DEBUG c.h.p.o.HiveMQPlatformReconciler - [helmupgr] Custom Resource Spec (replicas: 1) (extensions: 1)
2025-01-28 21:23:57,931 INFO c.h.h.t.HelmChartContainer - [hivemq-test-hivemq-platform] [hivemq-platform-operator] [8912da67] 21:23:57.924 [ReconcilerExecutor-hivemq-controller-143] DEBUG c.h.p.o.HiveMQPlatformReconciler - [helmupgr] StatefulSet Status (revision: test-hivemq-platform-7c6d7d4d7b, replicas: 2, available: 1, ready: 1, current: 0, updated: 2)
2025-01-28 21:23:57,931 INFO c.h.h.t.HelmChartContainer - [hivemq-test-hivemq-platform] [hivemq-platform-operator] [8912da67] 21:23:57.924 [ReconcilerExecutor-hivemq-controller-143] DEBUG c.h.p.o.HiveMQPlatformReconciler - [helmupgr] StatefulSet Spec (replicas: 2, init containers: 1, containers: 1, volumes: 4)
2025-01-28 21:23:57,931 INFO c.h.h.t.HelmChartContainer - [hivemq-test-hivemq-platform] [hivemq-platform-operator] [8912da67] 21:23:57.925 [ReconcilerExecutor-hivemq-controller-143] DEBUG c.h.p.o.h.HiveMQPlatformReconcilerErrorHandler - [helmupgr] Pod 'test-hivemq-platform-1' phase Running
2025-01-28 21:23:57,934 INFO c.h.h.t.HelmChartContainer - [hivemq-test-hivemq-platform] [hivemq-platform-operator] [8912da67] 21:23:57.927 [ReconcilerExecutor-hivemq-controller-143] DEBUG c.h.p.o.h.HiveMQPlatformReconcilerErrorHandler - [helmupgr] Pod 'test-hivemq-platform-0' phase Pending
2025-01-28 21:23:57,934 INFO c.h.h.t.HelmChartContainer - [hivemq-test-hivemq-platform] [hivemq-platform-operator] [8912da67] 21:23:57.927 [ReconcilerExecutor-hivemq-controller-143] DEBUG c.h.p.o.h.HiveMQPlatformReconcilerErrorHandler - [helmupgr] Pod 'test-hivemq-platform-0' condition 'PodReadyToStartContainers': True
2025-01-28 21:23:57,934 INFO c.h.h.t.HelmChartContainer - [hivemq-test-hivemq-platform] [hivemq-platform-operator] [8912da67] 21:23:57.927 [ReconcilerExecutor-hivemq-controller-143] DEBUG c.h.p.o.h.HiveMQPlatformReconcilerErrorHandler - [helmupgr] Pod 'test-hivemq-platform-0' condition 'Initialized': True
2025-01-28 21:23:57,934 INFO c.h.h.t.HelmChartContainer - [hivemq-test-hivemq-platform] [hivemq-platform-operator] [8912da67] 21:23:57.927 [ReconcilerExecutor-hivemq-controller-143] DEBUG c.h.p.o.h.HiveMQPlatformReconcilerErrorHandler - [helmupgr] Pod 'test-hivemq-platform-0' condition 'Ready': False
2025-01-28 21:23:57,934 INFO c.h.h.t.HelmChartContainer - [hivemq-test-hivemq-platform] [hivemq-platform-operator] [8912da67] 21:23:57.927 [ReconcilerExecutor-hivemq-controller-143] DEBUG c.h.p.o.h.HiveMQPlatformReconcilerErrorHandler - [helmupgr] Pod 'test-hivemq-platform-0' condition 'ContainersReady': False
2025-01-28 21:23:57,934 INFO c.h.h.t.HelmChartContainer - [hivemq-test-hivemq-platform] [hivemq-platform-operator] [8912da67] 21:23:57.927 [ReconcilerExecutor-hivemq-controller-143] DEBUG c.h.p.o.h.HiveMQPlatformReconcilerErrorHandler - [helmupgr] Pod 'test-hivemq-platform-0' condition 'PodScheduled': True
2025-01-28 21:23:57,934 INFO c.h.h.t.HelmChartContainer - [hivemq-test-hivemq-platform] [hivemq-platform-operator] [8912da67] 21:23:57.927 [ReconcilerExecutor-hivemq-controller-143] DEBUG c.h.p.o.h.HiveMQPlatformReconcilerErrorHandler - [helmupgr] Pod 'test-hivemq-platform-0' containerStatus 'hivemq' (started: false) (ready: false) (waiting: [PodInitializing] null)
2025-01-28 21:23:57,934 INFO c.h.h.t.HelmChartContainer - [hivemq-test-hivemq-platform] [hivemq-platform-operator] [8912da67] 21:23:57.928 [ReconcilerExecutor-hivemq-controller-143] DEBUG c.h.p.o.h.HiveMQPlatformReconcilerRollingRestartHandler - [helmupgr] Rolling restart is waiting for 1 of 2 replicas
2025-01-28 21:23:58,903 INFO c.h.h.t.HelmChartContainer - [POD] test-hivemq-platform-0 [4c730e4f-4905-4846-9132-8c3451ada361] in helmupgradeextensionit was MODIFIED
2025-01-28 21:23:58,910 INFO c.h.h.t.HelmChartContainer - [hivemq-test-hivemq-platform] [hivemq-platform-operator] [8912da67] 21:23:58.904 [pool-6-thread-14] DEBUG c.h.p.o.d.PlatformServiceResource - [helmupgr] Desired Platform services (3 services)
2025-01-28 21:23:58,910 INFO c.h.h.t.HelmChartContainer - [hivemq-test-hivemq-platform] [hivemq-platform-operator] [8912da67] 21:23:58.907 [pool-6-thread-18] DEBUG c.h.p.o.dependants.PodInfoConfigMap - [helmupgr] Desired PodInfo ConfigMap (1 extensions) (1 enabled)
2025-01-28 21:23:58,910 INFO c.h.h.t.HelmChartContainer - [hivemq-test-hivemq-platform] [hivemq-platform-operator] [8912da67] 21:23:58.907 [pool-6-thread-18] DEBUG c.h.p.o.dependants.PodInfoConfigMap - [helmupgr] Desired PodInfo ConfigMap (metrics port: 9399) (metrics path: /)
2025-01-28 21:23:58,910 INFO c.h.h.t.HelmChartContainer - [hivemq-test-hivemq-platform] [hivemq-platform-operator] [8912da67] 21:23:58.907 [pool-6-thread-18] DEBUG c.h.p.o.dependants.PodInfoConfigMap - [helmupgr] Desired PodInfo ConfigMap (extension state hash: -1104086761)
2025-01-28 21:23:58,916 INFO c.h.h.t.HelmChartContainer - [hivemq-test-hivemq-platform] [hivemq-platform-operator] [8912da67] 21:23:58.907 [pool-6-thread-18] DEBUG c.h.p.o.d.PodServiceAccountResource - [helmupgr] Desired PodServiceAccountResource (serviceAccountName: hivemq-platform-pod-test-hivemq-platform)
2025-01-28 21:23:58,916 INFO c.h.h.t.HelmChartContainer - [hivemq-test-hivemq-platform] [hivemq-platform-operator] [8912da67] 21:23:58.912 [pool-6-thread-12] DEBUG c.h.p.o.d.StatefulSetResource - [helmupgr] Desired StatefulSet (2 replicas) for status ROLLING_RESTART (RESTART_PODS_IN_PROGRESS)
2025-01-28 21:23:58,918 INFO c.h.h.t.HelmChartContainer - Started log watcher for hivemq in pod test-hivemq-platform-0 [4c730e4f-4905-4846-9132-8c3451ada361]
2025-01-28 21:23:58,918 INFO c.h.h.t.HelmChartContainer - [EVENT] Normal [Started] Started container hivemq [helmupgradeextensionit:test-hivemq-platform-0]
2025-01-28 21:23:58,919 INFO c.h.h.t.HelmChartContainer - Received Started event for container hivemq in pod test-hivemq-platform-0 [4c730e4f-4905-4846-9132-8c3451ada361]
2025-01-28 21:23:58,920 INFO c.h.h.t.HelmChartContainer - [hivemq-test-hivemq-platform] [hivemq-platform-operator] [8912da67] 21:23:58.916 [ReconcilerExecutor-hivemq-controller-144] INFO  c.h.p.o.HiveMQPlatformReconciler - [helmupgr] Reconciling HiveMQ Platform 'test-hivemq-platform' in namespace 'helmupgradeextensionit'
2025-01-28 21:23:58,920 INFO c.h.h.t.HelmChartContainer - [hivemq-test-hivemq-platform] [hivemq-platform-operator] [8912da67] 21:23:58.917 [ReconcilerExecutor-hivemq-controller-144] DEBUG c.h.p.o.HiveMQPlatformReconciler - [helmupgr] Custom Resource Status ROLLING_RESTART - HiveMQ Platform is restarting Pods (rolling restart) (RESTART_PODS_IN_PROGRESS)
2025-01-28 21:23:58,920 INFO c.h.h.t.HelmChartContainer - [hivemq-test-hivemq-platform] [hivemq-platform-operator] [8912da67] 21:23:58.917 [ReconcilerExecutor-hivemq-controller-144] DEBUG c.h.p.o.HiveMQPlatformReconciler - [helmupgr] Custom Resource Spec (replicas: 1) (extensions: 1)
2025-01-28 21:23:58,920 INFO c.h.h.t.HelmChartContainer - [test-hivemq-platform] [hivemq] [4c730e4f] Adding pre-installed HiveMQ Platform Operator extensions
2025-01-28 21:23:58,920 INFO c.h.h.t.HelmChartContainer - [test-hivemq-platform] [hivemq] [4c730e4f] Running as user 10000
2025-01-28 21:23:58,920 INFO c.h.h.t.HelmChartContainer - [test-hivemq-platform] [hivemq] [4c730e4f] Starting HiveMQ Platform Operator Init
2025-01-28 21:23:58,923 INFO c.h.h.t.HelmChartContainer - [hivemq-test-hivemq-platform] [hivemq-platform-operator] [8912da67] 21:23:58.918 [ReconcilerExecutor-hivemq-controller-144] DEBUG c.h.p.o.HiveMQPlatformReconciler - [helmupgr] StatefulSet Status (revision: test-hivemq-platform-7c6d7d4d7b, replicas: 2, available: 1, ready: 1, current: 0, updated: 2)
2025-01-28 21:23:58,924 INFO c.h.h.t.HelmChartContainer - [hivemq-test-hivemq-platform] [hivemq-platform-operator] [8912da67] 21:23:58.918 [ReconcilerExecutor-hivemq-controller-144] DEBUG c.h.p.o.HiveMQPlatformReconciler - [helmupgr] StatefulSet Spec (replicas: 2, init containers: 1, containers: 1, volumes: 4)
2025-01-28 21:23:58,924 INFO c.h.h.t.HelmChartContainer - [hivemq-test-hivemq-platform] [hivemq-platform-operator] [8912da67] 21:23:58.919 [ReconcilerExecutor-hivemq-controller-144] DEBUG c.h.p.o.h.HiveMQPlatformReconcilerErrorHandler - [helmupgr] Pod 'test-hivemq-platform-1' phase Running
2025-01-28 21:23:58,924 INFO c.h.h.t.HelmChartContainer - [hivemq-test-hivemq-platform] [hivemq-platform-operator] [8912da67] 21:23:58.921 [ReconcilerExecutor-hivemq-controller-144] DEBUG c.h.p.o.h.HiveMQPlatformReconcilerErrorHandler - [helmupgr] Pod 'test-hivemq-platform-0' phase Running
2025-01-28 21:23:58,924 INFO c.h.h.t.HelmChartContainer - [hivemq-test-hivemq-platform] [hivemq-platform-operator] [8912da67] 21:23:58.922 [ReconcilerExecutor-hivemq-controller-144] DEBUG c.h.p.o.h.HiveMQPlatformReconcilerRollingRestartHandler - [helmupgr] Rolling restart is waiting for 1 of 2 replicas
2025-01-28 21:23:59,170 INFO c.h.h.t.HelmChartContainer - [test-hivemq-platform] [hivemq] [4c730e4f] INFO  - [HiveMQ Platform Operator Init 1.7.0-SNAPSHOT] HiveMQ Platform Operator Init 1.7.0-SNAPSHOT (commit: bebf408 on branch: HEAD) built on Sun Jan 26 20:47:47 UTC 2025
2025-01-28 21:24:00,043 INFO c.h.h.t.HelmChartContainer - [test-hivemq-platform] [hivemq] [4d357a77] WARN  - Bridge Extension: Connect to bridge 'testbridge' failed for the 3 time, reason: connection timed out after 10000 ms: /172.17.0.3:1883
2025-01-28 21:24:00,267 INFO c.h.h.t.HelmChartContainer - [test-hivemq-platform] [hivemq] [4d357a77] WARN  - Bridge Extension: Connect to bridge 'testbridge' failed for the 3 time, reason: connection timed out after 10000 ms: /172.17.0.3:1883
2025-01-28 21:24:00,307 INFO c.h.h.t.HelmChartContainer - [test-hivemq-platform] [hivemq] [4c730e4f] INFO  - [HiveMQ Platform Operator Init App 1.7.0-SNAPSHOT] Using bind address 10.42.0.10 from environment variable
2025-01-28 21:24:01,303 INFO c.h.h.t.HelmChartContainer - [test-hivemq-platform] [hivemq] [4c730e4f] INFO  - [HiveMQ Platform Operator Init App 1.7.0-SNAPSHOT] HiveMQ Platform Operator Init App 1.7.0-SNAPSHOT (commit: bebf408 on branch: HEAD) built on Sun Jan 26 20:47:47 UTC 2025
2025-01-28 21:24:01,303 INFO c.h.h.t.HelmChartContainer - [test-hivemq-platform] [hivemq] [4c730e4f] INFO  - [HiveMQ Platform Operator Init App 1.7.0-SNAPSHOT] PodInfo ConfigMap directory: /etc/podinfo
2025-01-28 21:24:01,303 INFO c.h.h.t.HelmChartContainer - [test-hivemq-platform] [hivemq] [4c730e4f] INFO  - [HiveMQ Platform Operator Init App 1.7.0-SNAPSHOT] HiveMQ home directory: /opt/hivemq
2025-01-28 21:24:01,303 INFO c.h.h.t.HelmChartContainer - [test-hivemq-platform] [hivemq] [4c730e4f] INFO  - [HiveMQ Platform Operator Init App 1.7.0-SNAPSHOT] HiveMQ Logback folder: /opt/hivemq/conf
2025-01-28 21:24:01,303 INFO c.h.h.t.HelmChartContainer - [test-hivemq-platform] [hivemq] [4c730e4f] INFO  - [HiveMQ Platform Operator Init App 1.7.0-SNAPSHOT] HiveMQ Config folder: /opt/hivemq/conf-k8s
2025-01-28 21:24:01,304 INFO c.h.h.t.HelmChartContainer - [test-hivemq-platform] [hivemq] [4c730e4f] INFO  - [HiveMQ Platform Operator Init App 1.7.0-SNAPSHOT] Starting HiveMQ Platform Operator Init App
2025-01-28 21:24:01,304 INFO c.h.h.t.HelmChartContainer - [test-hivemq-platform] [hivemq] [4c730e4f] INFO  - [HiveMQ Platform Operator Init App 1.7.0-SNAPSHOT] Starting Pod reconciler
2025-01-28 21:24:02,468 INFO c.h.h.t.HelmChartContainer - [test-hivemq-platform] [hivemq] [4c730e4f] INFO  - [HiveMQ Platform Operator Init App 1.7.0-SNAPSHOT] Pod reconciler is scheduled (interval: 5000 ms)
2025-01-28 21:24:02,469 INFO c.h.h.t.HelmChartContainer - [test-hivemq-platform] [hivemq] [4c730e4f] INFO  - [HiveMQ Platform Operator Init App 1.7.0-SNAPSHOT] Starting the REST API on 10.42.0.10:7979
2025-01-28 21:24:02,471 INFO c.h.h.t.HelmChartContainer - [test-hivemq-platform] [hivemq] [4c730e4f] INFO  - [HiveMQ Platform Operator Init App 1.7.0-SNAPSHOT] Waiting up to 600s for at most 2 HiveMQ nodes in cluster service hivemq-test-hivemq-platform-cluster.helmupgradeextensionit.svc
2025-01-28 21:24:02,777 INFO c.h.h.t.HelmChartContainer - [test-hivemq-platform] [hivemq] [4c730e4f] INFO  - [HiveMQ Platform Operator Init App 1.7.0-SNAPSHOT] Resolved 2 IP addresses: [10.42.0.10, 10.42.0.9]
2025-01-28 21:24:02,777 INFO c.h.h.t.HelmChartContainer - [test-hivemq-platform] [hivemq] [4c730e4f] INFO  - [HiveMQ Platform Operator Init App 1.7.0-SNAPSHOT] HiveMQ node count of 2 is within threshold of 2
2025-01-28 21:24:02,777 INFO c.h.h.t.HelmChartContainer - [test-hivemq-platform] [hivemq] [4c730e4f] INFO  - [HiveMQ Platform Operator Init App 1.7.0-SNAPSHOT] Waiting 15s for previous shutdown replication to finish...
2025-01-28 21:24:04,901 INFO c.h.h.t.HelmChartContainer - [test-hivemq-platform] [hivemq] [4c730e4f] INFO  - [HiveMQ Platform Operator Init App 1.7.0-SNAPSHOT] Returning default Health API response 503 for readiness
2025-01-28 21:24:05,020 INFO c.h.h.t.HelmChartContainer - [EVENT] Warning [Unhealthy] Readiness probe failed: HTTP probe failed with statuscode: 503 [helmupgradeextensionit:test-hivemq-platform-0]
2025-01-28 21:24:05,021 INFO c.h.h.t.HelmChartContainer - Received Unhealthy event for container hivemq in pod test-hivemq-platform-0 [4c730e4f-4905-4846-9132-8c3451ada361]
2025-01-28 21:24:08,927 INFO c.h.h.t.HelmChartContainer - [hivemq-test-hivemq-platform] [hivemq-platform-operator] [8912da67] 21:24:08.926 [pool-6-thread-28] DEBUG c.h.p.o.d.PlatformServiceResource - [helmupgr] Desired Platform services (3 services)
2025-01-28 21:24:08,927 INFO c.h.h.t.HelmChartContainer - [hivemq-test-hivemq-platform] [hivemq-platform-operator] [8912da67] 21:24:08.926 [pool-6-thread-23] DEBUG c.h.p.o.d.PodServiceAccountResource - [helmupgr] Desired PodServiceAccountResource (serviceAccountName: hivemq-platform-pod-test-hivemq-platform)
2025-01-28 21:24:08,929 INFO c.h.h.t.HelmChartContainer - [hivemq-test-hivemq-platform] [hivemq-platform-operator] [8912da67] 21:24:08.927 [pool-6-thread-27] DEBUG c.h.p.o.dependants.PodInfoConfigMap - [helmupgr] Desired PodInfo ConfigMap (1 extensions) (1 enabled)
2025-01-28 21:24:08,929 INFO c.h.h.t.HelmChartContainer - [hivemq-test-hivemq-platform] [hivemq-platform-operator] [8912da67] 21:24:08.927 [pool-6-thread-27] DEBUG c.h.p.o.dependants.PodInfoConfigMap - [helmupgr] Desired PodInfo ConfigMap (metrics port: 9399) (metrics path: /)
2025-01-28 21:24:08,929 INFO c.h.h.t.HelmChartContainer - [hivemq-test-hivemq-platform] [hivemq-platform-operator] [8912da67] 21:24:08.927 [pool-6-thread-27] DEBUG c.h.p.o.dependants.PodInfoConfigMap - [helmupgr] Desired PodInfo ConfigMap (extension state hash: -1104086761)
2025-01-28 21:24:08,931 INFO c.h.h.t.HelmChartContainer - [hivemq-test-hivemq-platform] [hivemq-platform-operator] [8912da67] 21:24:08.930 [pool-6-thread-28] DEBUG c.h.p.o.d.StatefulSetResource - [helmupgr] Desired StatefulSet (2 replicas) for status ROLLING_RESTART (RESTART_PODS_IN_PROGRESS)
2025-01-28 21:24:08,933 INFO c.h.h.t.HelmChartContainer - [hivemq-test-hivemq-platform] [hivemq-platform-operator] [8912da67] 21:24:08.933 [ReconcilerExecutor-hivemq-controller-145] INFO  c.h.p.o.HiveMQPlatformReconciler - [helmupgr] Reconciling HiveMQ Platform 'test-hivemq-platform' in namespace 'helmupgradeextensionit'
2025-01-28 21:24:08,933 INFO c.h.h.t.HelmChartContainer - [hivemq-test-hivemq-platform] [hivemq-platform-operator] [8912da67] 21:24:08.933 [ReconcilerExecutor-hivemq-controller-145] DEBUG c.h.p.o.HiveMQPlatformReconciler - [helmupgr] Custom Resource Status ROLLING_RESTART - HiveMQ Platform is restarting Pods (rolling restart) (RESTART_PODS_IN_PROGRESS)
2025-01-28 21:24:08,933 INFO c.h.h.t.HelmChartContainer - [hivemq-test-hivemq-platform] [hivemq-platform-operator] [8912da67] 21:24:08.933 [ReconcilerExecutor-hivemq-controller-145] DEBUG c.h.p.o.HiveMQPlatformReconciler - [helmupgr] Custom Resource Spec (replicas: 1) (extensions: 1)
2025-01-28 21:24:08,936 INFO c.h.h.t.HelmChartContainer - [hivemq-test-hivemq-platform] [hivemq-platform-operator] [8912da67] 21:24:08.934 [ReconcilerExecutor-hivemq-controller-145] DEBUG c.h.p.o.HiveMQPlatformReconciler - [helmupgr] StatefulSet Status (revision: test-hivemq-platform-7c6d7d4d7b, replicas: 2, available: 1, ready: 1, current: 0, updated: 2)
2025-01-28 21:24:08,937 INFO c.h.h.t.HelmChartContainer - [hivemq-test-hivemq-platform] [hivemq-platform-operator] [8912da67] 21:24:08.934 [ReconcilerExecutor-hivemq-controller-145] DEBUG c.h.p.o.HiveMQPlatformReconciler - [helmupgr] StatefulSet Spec (replicas: 2, init containers: 1, containers: 1, volumes: 4)
2025-01-28 21:24:08,937 INFO c.h.h.t.HelmChartContainer - [hivemq-test-hivemq-platform] [hivemq-platform-operator] [8912da67] 21:24:08.935 [ReconcilerExecutor-hivemq-controller-145] DEBUG c.h.p.o.h.HiveMQPlatformReconcilerErrorHandler - [helmupgr] Pod 'test-hivemq-platform-1' phase Running
2025-01-28 21:24:08,938 INFO c.h.h.t.HelmChartContainer - [hivemq-test-hivemq-platform] [hivemq-platform-operator] [8912da67] 21:24:08.936 [ReconcilerExecutor-hivemq-controller-145] DEBUG c.h.p.o.h.HiveMQPlatformReconcilerErrorHandler - [helmupgr] Pod 'test-hivemq-platform-0' phase Running
2025-01-28 21:24:08,938 INFO c.h.h.t.HelmChartContainer - [hivemq-test-hivemq-platform] [hivemq-platform-operator] [8912da67] 21:24:08.937 [ReconcilerExecutor-hivemq-controller-145] DEBUG c.h.p.o.h.HiveMQPlatformReconcilerRollingRestartHandler - [helmupgr] Rolling restart is waiting for 1 of 2 replicas
2025-01-28 21:24:09,871 INFO c.h.h.t.HelmChartContainer - [test-hivemq-platform] [hivemq] [4c730e4f] INFO  - [HiveMQ Platform Operator Init App 1.7.0-SNAPSHOT] Updating Pod HiveMQ Platform Operator Init App version annotation (version: 1.7.0-SNAPSHOT)
2025-01-28 21:24:09,906 INFO c.h.h.t.HelmChartContainer - [EVENT] Warning [Unhealthy] Readiness probe failed: HTTP probe failed with statuscode: 503 [helmupgradeextensionit:test-hivemq-platform-0]
2025-01-28 21:24:09,906 INFO c.h.h.t.HelmChartContainer - Received Unhealthy event for container hivemq in pod test-hivemq-platform-0 [4c730e4f-4905-4846-9132-8c3451ada361]
2025-01-28 21:24:10,277 INFO c.h.h.t.HelmChartContainer - [POD] test-hivemq-platform-0 [4c730e4f-4905-4846-9132-8c3451ada361] in helmupgradeextensionit was MODIFIED
2025-01-28 21:24:10,282 INFO c.h.h.t.HelmChartContainer - [test-hivemq-platform] [hivemq] [4c730e4f] INFO  - [HiveMQ Platform Operator Init App 1.7.0-SNAPSHOT] Successfully updated Pod HiveMQ Platform Operator Init App version annotation (version: 1.7.0-SNAPSHOT)
2025-01-28 21:24:10,283 INFO c.h.h.t.HelmChartContainer - [EVENT] Warning [Unhealthy] Readiness probe failed: HTTP probe failed with statuscode: 503 [helmupgradeextensionit:test-hivemq-platform-0]
2025-01-28 21:24:10,283 INFO c.h.h.t.HelmChartContainer - Received Unhealthy event for container hivemq in pod test-hivemq-platform-0 [4c730e4f-4905-4846-9132-8c3451ada361]
2025-01-28 21:24:10,286 INFO c.h.h.t.HelmChartContainer - [hivemq-test-hivemq-platform] [hivemq-platform-operator] [8912da67] 21:24:10.284 [pool-6-thread-31] DEBUG c.h.p.o.dependants.PodInfoConfigMap - [helmupgr] Desired PodInfo ConfigMap (1 extensions) (1 enabled)
2025-01-28 21:24:10,286 INFO c.h.h.t.HelmChartContainer - [hivemq-test-hivemq-platform] [hivemq-platform-operator] [8912da67] 21:24:10.285 [pool-6-thread-31] DEBUG c.h.p.o.dependants.PodInfoConfigMap - [helmupgr] Desired PodInfo ConfigMap (metrics port: 9399) (metrics path: /)
2025-01-28 21:24:10,286 INFO c.h.h.t.HelmChartContainer - [hivemq-test-hivemq-platform] [hivemq-platform-operator] [8912da67] 21:24:10.285 [pool-6-thread-31] DEBUG c.h.p.o.dependants.PodInfoConfigMap - [helmupgr] Desired PodInfo ConfigMap (extension state hash: -1104086761)
2025-01-28 21:24:10,287 INFO c.h.h.t.HelmChartContainer - [hivemq-test-hivemq-platform] [hivemq-platform-operator] [8912da67] 21:24:10.285 [pool-6-thread-34] DEBUG c.h.p.o.d.PodServiceAccountResource - [helmupgr] Desired PodServiceAccountResource (serviceAccountName: hivemq-platform-pod-test-hivemq-platform)
2025-01-28 21:24:10,288 INFO c.h.h.t.HelmChartContainer - [hivemq-test-hivemq-platform] [hivemq-platform-operator] [8912da67] 21:24:10.286 [pool-6-thread-35] DEBUG c.h.p.o.d.PlatformServiceResource - [helmupgr] Desired Platform services (3 services)
2025-01-28 21:24:10,292 INFO c.h.h.t.HelmChartContainer - [hivemq-test-hivemq-platform] [hivemq-platform-operator] [8912da67] 21:24:10.292 [pool-6-thread-37] DEBUG c.h.p.o.d.StatefulSetResource - [helmupgr] Desired StatefulSet (2 replicas) for status ROLLING_RESTART (RESTART_PODS_IN_PROGRESS)
2025-01-28 21:24:10,298 INFO c.h.h.t.HelmChartContainer - [hivemq-test-hivemq-platform] [hivemq-platform-operator] [8912da67] 21:24:10.296 [ReconcilerExecutor-hivemq-controller-146] INFO  c.h.p.o.HiveMQPlatformReconciler - [helmupgr] Reconciling HiveMQ Platform 'test-hivemq-platform' in namespace 'helmupgradeextensionit'
2025-01-28 21:24:10,299 INFO c.h.h.t.HelmChartContainer - [hivemq-test-hivemq-platform] [hivemq-platform-operator] [8912da67] 21:24:10.296 [ReconcilerExecutor-hivemq-controller-146] DEBUG c.h.p.o.HiveMQPlatformReconciler - [helmupgr] Custom Resource Status ROLLING_RESTART - HiveMQ Platform is restarting Pods (rolling restart) (RESTART_PODS_IN_PROGRESS)
2025-01-28 21:24:10,299 INFO c.h.h.t.HelmChartContainer - [hivemq-test-hivemq-platform] [hivemq-platform-operator] [8912da67] 21:24:10.296 [ReconcilerExecutor-hivemq-controller-146] DEBUG c.h.p.o.HiveMQPlatformReconciler - [helmupgr] Custom Resource Spec (replicas: 1) (extensions: 1)
2025-01-28 21:24:10,300 INFO c.h.h.t.HelmChartContainer - [hivemq-test-hivemq-platform] [hivemq-platform-operator] [8912da67] 21:24:10.300 [ReconcilerExecutor-hivemq-controller-146] DEBUG c.h.p.o.HiveMQPlatformReconciler - [helmupgr] StatefulSet Status (revision: test-hivemq-platform-7c6d7d4d7b, replicas: 2, available: 1, ready: 1, current: 0, updated: 2)
2025-01-28 21:24:10,302 INFO c.h.h.t.HelmChartContainer - [hivemq-test-hivemq-platform] [hivemq-platform-operator] [8912da67] 21:24:10.300 [ReconcilerExecutor-hivemq-controller-146] DEBUG c.h.p.o.HiveMQPlatformReconciler - [helmupgr] StatefulSet Spec (replicas: 2, init containers: 1, containers: 1, volumes: 4)
2025-01-28 21:24:10,305 INFO c.h.h.t.HelmChartContainer - [hivemq-test-hivemq-platform] [hivemq-platform-operator] [8912da67] 21:24:10.303 [ReconcilerExecutor-hivemq-controller-146] DEBUG c.h.p.o.h.HiveMQPlatformReconcilerErrorHandler - [helmupgr] Pod 'test-hivemq-platform-1' phase Running
2025-01-28 21:24:10,307 INFO c.h.h.t.HelmChartContainer - [hivemq-test-hivemq-platform] [hivemq-platform-operator] [8912da67] 21:24:10.306 [ReconcilerExecutor-hivemq-controller-146] DEBUG c.h.p.o.h.HiveMQPlatformReconcilerErrorHandler - [helmupgr] Pod 'test-hivemq-platform-0' phase Running
2025-01-28 21:24:10,308 INFO c.h.h.t.HelmChartContainer - [hivemq-test-hivemq-platform] [hivemq-platform-operator] [8912da67] 21:24:10.307 [ReconcilerExecutor-hivemq-controller-146] DEBUG c.h.p.o.h.HiveMQPlatformReconcilerRollingRestartHandler - [helmupgr] Rolling restart is waiting for 1 of 2 replicas
2025-01-28 21:24:15,278 INFO c.h.h.t.HelmChartContainer - [EVENT] Warning [Unhealthy] Readiness probe failed: HTTP probe failed with statuscode: 503 [helmupgradeextensionit:test-hivemq-platform-0]
2025-01-28 21:24:15,278 INFO c.h.h.t.HelmChartContainer - Received Unhealthy event for container hivemq in pod test-hivemq-platform-0 [4c730e4f-4905-4846-9132-8c3451ada361]
2025-01-28 21:24:16,507 INFO c.h.h.t.HelmChartContainer - [test-hivemq-platform] [hivemq] [4d357a77] WARN  - Bridge Extension: Connect to bridge 'testbridge' failed for the 4 time, reason: connection timed out after 10000 ms: /172.17.0.3:1883
2025-01-28 21:24:17,334 INFO c.h.h.t.HelmChartContainer - [test-hivemq-platform] [hivemq] [4d357a77] WARN  - Bridge Extension: Connect to bridge 'testbridge' failed for the 4 time, reason: connection timed out after 10000 ms: /172.17.0.3:1883
2025-01-28 21:24:17,777 INFO c.h.h.t.HelmChartContainer - [test-hivemq-platform] [hivemq] [4c730e4f] INFO  - [HiveMQ Platform Operator Init App 1.7.0-SNAPSHOT] Proceeding with container start
2025-01-28 21:24:17,781 INFO c.h.h.t.HelmChartContainer - [test-hivemq-platform] [hivemq] [4c730e4f] INFO  - [HiveMQ Platform Operator Init App 1.7.0-SNAPSHOT] Initializing HiveMQ Platform extensions with initial configuration: {hivemq-bridge-extension={start-priority=-1, skip-https-hostname-verification=false, restart=true, config-version=937, header-version=0, c-uri=, priority=-1, uri=preinstalled, skip-https-certificate-validation=false, enabled=true}, hivemq-prometheus-extension={request-header-path=no-request-headers, uri=preinstalled, skip-https-certificate-validation=false, skip-https-hostname-verification=false, c-uri=, start-priority=-1, priority=-1, restart=true, enabled=true}}
2025-01-28 21:24:18,166 INFO c.h.h.t.HelmChartContainer - [test-hivemq-platform] [hivemq] [4c730e4f] INFO  - [HiveMQ Platform Operator Init App 1.7.0-SNAPSHOT] Successfully enabled extension hivemq-bridge-extension
2025-01-28 21:24:18,166 INFO c.h.h.testcontainer.LogWaiterUtil - TEST Found log pattern on 'test-hivemq-platform-0': .*\[HiveMQ Platform Operator Init App [A-Z0-9.-]+\] Successfully enabled extension hivemq-bridge-extension
2025-01-28 21:24:18,262 INFO c.h.h.t.HelmChartContainer - [test-hivemq-platform] [hivemq] [4c730e4f] INFO  - [HiveMQ Platform Operator Init App 1.7.0-SNAPSHOT] Successfully enabled extension hivemq-prometheus-extension
2025-01-28 21:24:18,264 INFO c.h.h.t.HelmChartContainer - [test-hivemq-platform] [hivemq] [4c730e4f] INFO  - [HiveMQ Platform Operator Init App 1.7.0-SNAPSHOT] Starting HiveMQ Platform version 4.36.0 (4.36.0)
2025-01-28 21:24:18,265 INFO c.h.h.t.HelmChartContainer - [test-hivemq-platform] [hivemq] [4c730e4f] INFO  - [HiveMQ Platform Operator Init App 1.7.0-SNAPSHOT] Configuring the HiveMQ Platform
2025-01-28 21:24:18,275 INFO c.h.h.t.HelmChartContainer - [test-hivemq-platform] [hivemq] [4c730e4f] INFO  - [HiveMQ Platform Operator Init App 1.7.0-SNAPSHOT] Changed logback.xml file scan period to 20 seconds
2025-01-28 21:24:18,369 INFO c.h.h.t.HelmChartContainer - [test-hivemq-platform] [hivemq] [4c730e4f] INFO  - [HiveMQ Platform Operator Init App 1.7.0-SNAPSHOT] Starting the HiveMQ Platform
2025-01-28 21:24:18,372 INFO c.h.h.t.HelmChartContainer - [test-hivemq-platform] [hivemq] [4c730e4f] -------------------------------------------------------------------------
2025-01-28 21:24:18,372 INFO c.h.h.t.HelmChartContainer - [test-hivemq-platform] [hivemq] [4c730e4f] 
2025-01-28 21:24:18,372 INFO c.h.h.t.HelmChartContainer - [test-hivemq-platform] [hivemq] [4c730e4f]                   _    _  _              __  __   ____
2025-01-28 21:24:18,372 INFO c.h.h.t.HelmChartContainer - [test-hivemq-platform] [hivemq] [4c730e4f]                  | |  | |(_)            |  \/  | / __ \
2025-01-28 21:24:18,372 INFO c.h.h.t.HelmChartContainer - [test-hivemq-platform] [hivemq] [4c730e4f]                  | |__| | _ __   __ ___ | \  / || |  | |
2025-01-28 21:24:18,372 INFO c.h.h.t.HelmChartContainer - [test-hivemq-platform] [hivemq] [4c730e4f]                  |  __  || |\ \ / // _ \| |\/| || |  | |
2025-01-28 21:24:18,372 INFO c.h.h.t.HelmChartContainer - [test-hivemq-platform] [hivemq] [4c730e4f]                  | |  | || | \ V /|  __/| |  | || |__| |
2025-01-28 21:24:18,372 INFO c.h.h.t.HelmChartContainer - [test-hivemq-platform] [hivemq] [4c730e4f]                  |_|  |_||_|  \_/  \___||_|  |_| \___\_\
2025-01-28 21:24:18,372 INFO c.h.h.t.HelmChartContainer - [test-hivemq-platform] [hivemq] [4c730e4f] 
2025-01-28 21:24:18,372 INFO c.h.h.t.HelmChartContainer - [test-hivemq-platform] [hivemq] [4c730e4f] -------------------------------------------------------------------------
2025-01-28 21:24:18,372 INFO c.h.h.t.HelmChartContainer - [test-hivemq-platform] [hivemq] [4c730e4f] 
2025-01-28 21:24:18,372 INFO c.h.h.t.HelmChartContainer - [test-hivemq-platform] [hivemq] [4c730e4f]   HiveMQ Start Script for Linux/Unix v1.14
2025-01-28 21:24:18,372 INFO c.h.h.t.HelmChartContainer - [test-hivemq-platform] [hivemq] [4c730e4f] 
2025-01-28 21:24:18,473 INFO c.h.h.t.HelmChartContainer - [test-hivemq-platform] [hivemq] [4c730e4f] -------------------------------------------------------------------------
2025-01-28 21:24:18,473 INFO c.h.h.t.HelmChartContainer - [test-hivemq-platform] [hivemq] [4c730e4f] 
2025-01-28 21:24:18,473 INFO c.h.h.t.HelmChartContainer - [test-hivemq-platform] [hivemq] [4c730e4f]   HIVEMQ_HOME: /opt/hivemq
2025-01-28 21:24:18,473 INFO c.h.h.t.HelmChartContainer - [test-hivemq-platform] [hivemq] [4c730e4f] 
2025-01-28 21:24:18,473 INFO c.h.h.t.HelmChartContainer - [test-hivemq-platform] [hivemq] [4c730e4f]   JAVA_OPTS: -XX:+UnlockExperimentalVMOptions -XX:InitialRAMPercentage=50 -XX:MaxRAMPercentage=50 -Djava.net.preferIPv4Stack=true --add-opens java.base/java.lang=ALL-UNNAMED --add-opens java.base/java.nio=ALL-UNNAMED --add-opens java.base/sun.nio.ch=ALL-UNNAMED --add-opens jdk.management/com.sun.management.internal=ALL-UNNAMED --add-exports java.base/jdk.internal.misc=ALL-UNNAMED -Djava.security.egd=file:/dev/./urandom -Dcom.sun.management.jmxremote -Dcom.sun.management.jmxremote.port=9010 -Dcom.sun.management.jmxremote.local.only=false -Dcom.sun.management.jmxremote.authenticate=false -Dcom.sun.management.jmxremote.ssl=false -Duser.language=en -Duser.region=US -XX:+CrashOnOutOfMemoryError -XX:+HeapDumpOnOutOfMemoryError
2025-01-28 21:24:18,473 INFO c.h.h.t.HelmChartContainer - [test-hivemq-platform] [hivemq] [4c730e4f] 
2025-01-28 21:24:18,473 INFO c.h.h.t.HelmChartContainer - [test-hivemq-platform] [hivemq] [4c730e4f]   JAVA_VERSION: 21
2025-01-28 21:24:18,473 INFO c.h.h.t.HelmChartContainer - [test-hivemq-platform] [hivemq] [4c730e4f] 
2025-01-28 21:24:18,473 INFO c.h.h.t.HelmChartContainer - [test-hivemq-platform] [hivemq] [4c730e4f] -------------------------------------------------------------------------
2025-01-28 21:24:18,473 INFO c.h.h.t.HelmChartContainer - [test-hivemq-platform] [hivemq] [4c730e4f] 
2025-01-28 21:24:20,279 INFO c.h.h.t.HelmChartContainer - [EVENT] Warning [Unhealthy] Readiness probe failed: HTTP probe failed with statuscode: 503 [helmupgradeextensionit:test-hivemq-platform-0]
2025-01-28 21:24:20,279 INFO c.h.h.t.HelmChartContainer - Received Unhealthy event for container hivemq in pod test-hivemq-platform-0 [4c730e4f-4905-4846-9132-8c3451ada361]
2025-01-28 21:24:20,312 INFO c.h.h.t.HelmChartContainer - [hivemq-test-hivemq-platform] [hivemq-platform-operator] [8912da67] 21:24:20.311 [pool-6-thread-48] DEBUG c.h.p.o.d.PlatformServiceResource - [helmupgr] Desired Platform services (3 services)
2025-01-28 21:24:20,313 INFO c.h.h.t.HelmChartContainer - [hivemq-test-hivemq-platform] [hivemq-platform-operator] [8912da67] 21:24:20.311 [pool-6-thread-50] DEBUG c.h.p.o.dependants.PodInfoConfigMap - [helmupgr] Desired PodInfo ConfigMap (1 extensions) (1 enabled)
2025-01-28 21:24:20,313 INFO c.h.h.t.HelmChartContainer - [hivemq-test-hivemq-platform] [hivemq-platform-operator] [8912da67] 21:24:20.311 [pool-6-thread-50] DEBUG c.h.p.o.dependants.PodInfoConfigMap - [helmupgr] Desired PodInfo ConfigMap (metrics port: 9399) (metrics path: /)
2025-01-28 21:24:20,313 INFO c.h.h.t.HelmChartContainer - [hivemq-test-hivemq-platform] [hivemq-platform-operator] [8912da67] 21:24:20.311 [pool-6-thread-50] DEBUG c.h.p.o.dependants.PodInfoConfigMap - [helmupgr] Desired PodInfo ConfigMap (extension state hash: -1104086761)
2025-01-28 21:24:20,313 INFO c.h.h.t.HelmChartContainer - [hivemq-test-hivemq-platform] [hivemq-platform-operator] [8912da67] 21:24:20.311 [pool-6-thread-47] DEBUG c.h.p.o.d.PodServiceAccountResource - [helmupgr] Desired PodServiceAccountResource (serviceAccountName: hivemq-platform-pod-test-hivemq-platform)
2025-01-28 21:24:20,315 INFO c.h.h.t.HelmChartContainer - [hivemq-test-hivemq-platform] [hivemq-platform-operator] [8912da67] 21:24:20.315 [pool-6-thread-48] DEBUG c.h.p.o.d.StatefulSetResource - [helmupgr] Desired StatefulSet (2 replicas) for status ROLLING_RESTART (RESTART_PODS_IN_PROGRESS)
2025-01-28 21:24:20,318 INFO c.h.h.t.HelmChartContainer - [hivemq-test-hivemq-platform] [hivemq-platform-operator] [8912da67] 21:24:20.317 [ReconcilerExecutor-hivemq-controller-147] INFO  c.h.p.o.HiveMQPlatformReconciler - [helmupgr] Reconciling HiveMQ Platform 'test-hivemq-platform' in namespace 'helmupgradeextensionit'
2025-01-28 21:24:20,318 INFO c.h.h.t.HelmChartContainer - [hivemq-test-hivemq-platform] [hivemq-platform-operator] [8912da67] 21:24:20.317 [ReconcilerExecutor-hivemq-controller-147] DEBUG c.h.p.o.HiveMQPlatformReconciler - [helmupgr] Custom Resource Status ROLLING_RESTART - HiveMQ Platform is restarting Pods (rolling restart) (RESTART_PODS_IN_PROGRESS)
2025-01-28 21:24:20,318 INFO c.h.h.t.HelmChartContainer - [hivemq-test-hivemq-platform] [hivemq-platform-operator] [8912da67] 21:24:20.317 [ReconcilerExecutor-hivemq-controller-147] DEBUG c.h.p.o.HiveMQPlatformReconciler - [helmupgr] Custom Resource Spec (replicas: 1) (extensions: 1)
2025-01-28 21:24:20,319 INFO c.h.h.t.HelmChartContainer - [hivemq-test-hivemq-platform] [hivemq-platform-operator] [8912da67] 21:24:20.318 [ReconcilerExecutor-hivemq-controller-147] DEBUG c.h.p.o.HiveMQPlatformReconciler - [helmupgr] StatefulSet Status (revision: test-hivemq-platform-7c6d7d4d7b, replicas: 2, available: 1, ready: 1, current: 0, updated: 2)
2025-01-28 21:24:20,319 INFO c.h.h.t.HelmChartContainer - [hivemq-test-hivemq-platform] [hivemq-platform-operator] [8912da67] 21:24:20.318 [ReconcilerExecutor-hivemq-controller-147] DEBUG c.h.p.o.HiveMQPlatformReconciler - [helmupgr] StatefulSet Spec (replicas: 2, init containers: 1, containers: 1, volumes: 4)
2025-01-28 21:24:20,321 INFO c.h.h.t.HelmChartContainer - [hivemq-test-hivemq-platform] [hivemq-platform-operator] [8912da67] 21:24:20.320 [ReconcilerExecutor-hivemq-controller-147] DEBUG c.h.p.o.h.HiveMQPlatformReconcilerErrorHandler - [helmupgr] Pod 'test-hivemq-platform-1' phase Running
2025-01-28 21:24:20,325 INFO c.h.h.t.HelmChartContainer - [hivemq-test-hivemq-platform] [hivemq-platform-operator] [8912da67] 21:24:20.324 [ReconcilerExecutor-hivemq-controller-147] DEBUG c.h.p.o.h.HiveMQPlatformReconcilerErrorHandler - [helmupgr] Pod 'test-hivemq-platform-0' phase Running
2025-01-28 21:24:20,326 INFO c.h.h.t.HelmChartContainer - [hivemq-test-hivemq-platform] [hivemq-platform-operator] [8912da67] 21:24:20.324 [ReconcilerExecutor-hivemq-controller-147] DEBUG c.h.p.o.h.HiveMQPlatformReconcilerRollingRestartHandler - [helmupgr] Rolling restart is waiting for 1 of 2 replicas
2025-01-28 21:24:20,876 INFO c.h.h.t.HelmChartContainer - [test-hivemq-platform] [hivemq] [4c730e4f] INFO  - Starting HiveMQ Enterprise Server
2025-01-28 21:24:20,903 INFO c.h.h.t.HelmChartContainer - [test-hivemq-platform] [hivemq] [4c730e4f] INFO  - HiveMQ version: 4.36.0
2025-01-28 21:24:20,904 INFO c.h.h.t.HelmChartContainer - [test-hivemq-platform] [hivemq] [4c730e4f] INFO  - HiveMQ home directory: /opt/hivemq
2025-01-28 21:24:20,904 INFO c.h.h.t.HelmChartContainer - [test-hivemq-platform] [hivemq] [4c730e4f] INFO  - Log Configuration was overridden by /opt/hivemq/conf/logback.xml
2025-01-28 21:24:22,266 INFO c.h.h.t.HelmChartContainer - [test-hivemq-platform] [hivemq] [4c730e4f] INFO  - Successfully loaded configuration from '/opt/hivemq/conf-k8s/config.xml'.
2025-01-28 21:24:22,566 INFO c.h.h.t.HelmChartContainer - [test-hivemq-platform] [hivemq] [4c730e4f] INFO  - This node's ID is 9Qu0G
2025-01-28 21:24:22,566 INFO c.h.h.t.HelmChartContainer - [test-hivemq-platform] [hivemq] [4c730e4f] INFO  - Clustering is enabled
2025-01-28 21:24:25,565 INFO c.h.h.t.HelmChartContainer - [test-hivemq-platform] [hivemq] [4c730e4f] WARN  - [HiveMQ Platform Operator Init App 1.7.0-SNAPSHOT] Cannot connect to Health API for readiness: null
2025-01-28 21:24:25,571 INFO c.h.h.t.HelmChartContainer - [EVENT] Warning [Unhealthy] Readiness probe failed: HTTP probe failed with statuscode: 503 [helmupgradeextensionit:test-hivemq-platform-0]
2025-01-28 21:24:25,571 INFO c.h.h.t.HelmChartContainer - Received Unhealthy event for container hivemq in pod test-hivemq-platform-0 [4c730e4f-4905-4846-9132-8c3451ada361]
2025-01-28 21:24:27,264 INFO c.h.h.t.HelmChartContainer - [test-hivemq-platform] [hivemq] [4c730e4f] WARN  - [HiveMQ Platform Operator Init App 1.7.0-SNAPSHOT] Cannot connect to Health API for liveness: null
2025-01-28 21:24:27,265 INFO c.h.h.t.HelmChartContainer - [test-hivemq-platform] [hivemq] [4c730e4f] INFO  - [HiveMQ Platform Operator Init App 1.7.0-SNAPSHOT] Returning default Health API response 200 for liveness
2025-01-28 21:24:30,276 INFO c.h.h.t.HelmChartContainer - [test-hivemq-platform] [hivemq] [4c730e4f] WARN  - [HiveMQ Platform Operator Init App 1.7.0-SNAPSHOT] Cannot connect to Health API for readiness: null
2025-01-28 21:24:30,281 INFO c.h.h.t.HelmChartContainer - [EVENT] Warning [Unhealthy] Readiness probe failed: HTTP probe failed with statuscode: 503 [helmupgradeextensionit:test-hivemq-platform-0]
2025-01-28 21:24:30,281 INFO c.h.h.t.HelmChartContainer - Received Unhealthy event for container hivemq in pod test-hivemq-platform-0 [4c730e4f-4905-4846-9132-8c3451ada361]
2025-01-28 21:24:30,330 INFO c.h.h.t.HelmChartContainer - [hivemq-test-hivemq-platform] [hivemq-platform-operator] [8912da67] 21:24:30.326 [pool-6-thread-7] DEBUG c.h.p.o.d.PlatformServiceResource - [helmupgr] Desired Platform services (3 services)
2025-01-28 21:24:30,330 INFO c.h.h.t.HelmChartContainer - [hivemq-test-hivemq-platform] [hivemq-platform-operator] [8912da67] 21:24:30.327 [pool-6-thread-3] DEBUG c.h.p.o.d.PodServiceAccountResource - [helmupgr] Desired PodServiceAccountResource (serviceAccountName: hivemq-platform-pod-test-hivemq-platform)
2025-01-28 21:24:30,330 INFO c.h.h.t.HelmChartContainer - [hivemq-test-hivemq-platform] [hivemq-platform-operator] [8912da67] 21:24:30.327 [pool-6-thread-5] DEBUG c.h.p.o.dependants.PodInfoConfigMap - [helmupgr] Desired PodInfo ConfigMap (1 extensions) (1 enabled)
2025-01-28 21:24:30,330 INFO c.h.h.t.HelmChartContainer - [hivemq-test-hivemq-platform] [hivemq-platform-operator] [8912da67] 21:24:30.327 [pool-6-thread-5] DEBUG c.h.p.o.dependants.PodInfoConfigMap - [helmupgr] Desired PodInfo ConfigMap (metrics port: 9399) (metrics path: /)
2025-01-28 21:24:30,330 INFO c.h.h.t.HelmChartContainer - [hivemq-test-hivemq-platform] [hivemq-platform-operator] [8912da67] 21:24:30.327 [pool-6-thread-5] DEBUG c.h.p.o.dependants.PodInfoConfigMap - [helmupgr] Desired PodInfo ConfigMap (extension state hash: -1104086761)
2025-01-28 21:24:30,331 INFO c.h.h.t.HelmChartContainer - [hivemq-test-hivemq-platform] [hivemq-platform-operator] [8912da67] 21:24:30.330 [pool-6-thread-4] DEBUG c.h.p.o.d.StatefulSetResource - [helmupgr] Desired StatefulSet (2 replicas) for status ROLLING_RESTART (RESTART_PODS_IN_PROGRESS)
2025-01-28 21:24:30,334 INFO c.h.h.t.HelmChartContainer - [hivemq-test-hivemq-platform] [hivemq-platform-operator] [8912da67] 21:24:30.333 [ReconcilerExecutor-hivemq-controller-148] INFO  c.h.p.o.HiveMQPlatformReconciler - [helmupgr] Reconciling HiveMQ Platform 'test-hivemq-platform' in namespace 'helmupgradeextensionit'
2025-01-28 21:24:30,335 INFO c.h.h.t.HelmChartContainer - [hivemq-test-hivemq-platform] [hivemq-platform-operator] [8912da67] 21:24:30.333 [ReconcilerExecutor-hivemq-controller-148] DEBUG c.h.p.o.HiveMQPlatformReconciler - [helmupgr] Custom Resource Status ROLLING_RESTART - HiveMQ Platform is restarting Pods (rolling restart) (RESTART_PODS_IN_PROGRESS)
2025-01-28 21:24:30,337 INFO c.h.h.t.HelmChartContainer - [hivemq-test-hivemq-platform] [hivemq-platform-operator] [8912da67] 21:24:30.333 [ReconcilerExecutor-hivemq-controller-148] DEBUG c.h.p.o.HiveMQPlatformReconciler - [helmupgr] Custom Resource Spec (replicas: 1) (extensions: 1)
2025-01-28 21:24:30,337 INFO c.h.h.t.HelmChartContainer - [hivemq-test-hivemq-platform] [hivemq-platform-operator] [8912da67] 21:24:30.334 [ReconcilerExecutor-hivemq-controller-148] DEBUG c.h.p.o.HiveMQPlatformReconciler - [helmupgr] StatefulSet Status (revision: test-hivemq-platform-7c6d7d4d7b, replicas: 2, available: 1, ready: 1, current: 0, updated: 2)
2025-01-28 21:24:30,337 INFO c.h.h.t.HelmChartContainer - [hivemq-test-hivemq-platform] [hivemq-platform-operator] [8912da67] 21:24:30.334 [ReconcilerExecutor-hivemq-controller-148] DEBUG c.h.p.o.HiveMQPlatformReconciler - [helmupgr] StatefulSet Spec (replicas: 2, init containers: 1, containers: 1, volumes: 4)
2025-01-28 21:24:30,337 INFO c.h.h.t.HelmChartContainer - [hivemq-test-hivemq-platform] [hivemq-platform-operator] [8912da67] 21:24:30.335 [ReconcilerExecutor-hivemq-controller-148] DEBUG c.h.p.o.h.HiveMQPlatformReconcilerErrorHandler - [helmupgr] Pod 'test-hivemq-platform-1' phase Running
2025-01-28 21:24:30,338 INFO c.h.h.t.HelmChartContainer - [hivemq-test-hivemq-platform] [hivemq-platform-operator] [8912da67] 21:24:30.336 [ReconcilerExecutor-hivemq-controller-148] DEBUG c.h.p.o.h.HiveMQPlatformReconcilerErrorHandler - [helmupgr] Pod 'test-hivemq-platform-0' phase Running
2025-01-28 21:24:30,339 INFO c.h.h.t.HelmChartContainer - [hivemq-test-hivemq-platform] [hivemq-platform-operator] [8912da67] 21:24:30.337 [ReconcilerExecutor-hivemq-controller-148] DEBUG c.h.p.o.h.HiveMQPlatformReconcilerRollingRestartHandler - [helmupgr] Rolling restart is waiting for 1 of 2 replicas
2025-01-28 21:24:35,274 INFO c.h.h.t.HelmChartContainer - [test-hivemq-platform] [hivemq] [4c730e4f] WARN  - [HiveMQ Platform Operator Init App 1.7.0-SNAPSHOT] Cannot connect to Health API for readiness: null
2025-01-28 21:24:35,279 INFO c.h.h.t.HelmChartContainer - [EVENT] Warning [Unhealthy] Readiness probe failed: HTTP probe failed with statuscode: 503 [helmupgradeextensionit:test-hivemq-platform-0]
2025-01-28 21:24:35,279 INFO c.h.h.t.HelmChartContainer - Received Unhealthy event for container hivemq in pod test-hivemq-platform-0 [4c730e4f-4905-4846-9132-8c3451ada361]
2025-01-28 21:24:35,366 INFO c.h.h.t.HelmChartContainer - [test-hivemq-platform] [hivemq] [4c730e4f] INFO  - No valid license file found. Using trial license, restricted to 25 connections.
2025-01-28 21:24:38,963 INFO c.h.h.t.HelmChartContainer - [test-hivemq-platform] [hivemq] [4c730e4f] INFO  - No valid license file for Data Hub found. Using free license, restricted to 1 policy.
2025-01-28 21:24:40,070 INFO c.h.h.t.HelmChartContainer - [test-hivemq-platform] [hivemq] [4c730e4f] INFO  - Audit Logger started.
2025-01-28 21:24:40,275 INFO c.h.h.t.HelmChartContainer - [test-hivemq-platform] [hivemq] [4c730e4f] WARN  - [HiveMQ Platform Operator Init App 1.7.0-SNAPSHOT] Cannot connect to Health API for readiness: null
2025-01-28 21:24:40,279 INFO c.h.h.t.HelmChartContainer - [EVENT] Warning [Unhealthy] Readiness probe failed: HTTP probe failed with statuscode: 503 [helmupgradeextensionit:test-hivemq-platform-0]
2025-01-28 21:24:40,279 INFO c.h.h.t.HelmChartContainer - Received Unhealthy event for container hivemq in pod test-hivemq-platform-0 [4c730e4f-4905-4846-9132-8c3451ada361]
2025-01-28 21:24:40,307 INFO c.h.h.t.HelmChartContainer - [test-hivemq-platform] [hivemq] [4c730e4f] INFO  - This node uses '1' CPU cores.
2025-01-28 21:24:40,341 INFO c.h.h.t.HelmChartContainer - [hivemq-test-hivemq-platform] [hivemq-platform-operator] [8912da67] 21:24:40.339 [pool-6-thread-14] DEBUG c.h.p.o.d.PlatformServiceResource - [helmupgr] Desired Platform services (3 services)
2025-01-28 21:24:40,342 INFO c.h.h.t.HelmChartContainer - [hivemq-test-hivemq-platform] [hivemq-platform-operator] [8912da67] 21:24:40.340 [pool-6-thread-15] DEBUG c.h.p.o.d.PodServiceAccountResource - [helmupgr] Desired PodServiceAccountResource (serviceAccountName: hivemq-platform-pod-test-hivemq-platform)
2025-01-28 21:24:40,343 INFO c.h.h.t.HelmChartContainer - [hivemq-test-hivemq-platform] [hivemq-platform-operator] [8912da67] 21:24:40.340 [pool-6-thread-18] DEBUG c.h.p.o.dependants.PodInfoConfigMap - [helmupgr] Desired PodInfo ConfigMap (1 extensions) (1 enabled)
2025-01-28 21:24:40,344 INFO c.h.h.t.HelmChartContainer - [hivemq-test-hivemq-platform] [hivemq-platform-operator] [8912da67] 21:24:40.342 [pool-6-thread-18] DEBUG c.h.p.o.dependants.PodInfoConfigMap - [helmupgr] Desired PodInfo ConfigMap (metrics port: 9399) (metrics path: /)
2025-01-28 21:24:40,344 INFO c.h.h.t.HelmChartContainer - [hivemq-test-hivemq-platform] [hivemq-platform-operator] [8912da67] 21:24:40.342 [pool-6-thread-18] DEBUG c.h.p.o.dependants.PodInfoConfigMap - [helmupgr] Desired PodInfo ConfigMap (extension state hash: -1104086761)
2025-01-28 21:24:40,344 INFO c.h.h.t.HelmChartContainer - [hivemq-test-hivemq-platform] [hivemq-platform-operator] [8912da67] 21:24:40.343 [pool-6-thread-13] DEBUG c.h.p.o.d.StatefulSetResource - [helmupgr] Desired StatefulSet (2 replicas) for status ROLLING_RESTART (RESTART_PODS_IN_PROGRESS)
2025-01-28 21:24:40,347 INFO c.h.h.t.HelmChartContainer - [hivemq-test-hivemq-platform] [hivemq-platform-operator] [8912da67] 21:24:40.346 [ReconcilerExecutor-hivemq-controller-149] INFO  c.h.p.o.HiveMQPlatformReconciler - [helmupgr] Reconciling HiveMQ Platform 'test-hivemq-platform' in namespace 'helmupgradeextensionit'
2025-01-28 21:24:40,347 INFO c.h.h.t.HelmChartContainer - [hivemq-test-hivemq-platform] [hivemq-platform-operator] [8912da67] 21:24:40.346 [ReconcilerExecutor-hivemq-controller-149] DEBUG c.h.p.o.HiveMQPlatformReconciler - [helmupgr] Custom Resource Status ROLLING_RESTART - HiveMQ Platform is restarting Pods (rolling restart) (RESTART_PODS_IN_PROGRESS)
2025-01-28 21:24:40,347 INFO c.h.h.t.HelmChartContainer - [hivemq-test-hivemq-platform] [hivemq-platform-operator] [8912da67] 21:24:40.346 [ReconcilerExecutor-hivemq-controller-149] DEBUG c.h.p.o.HiveMQPlatformReconciler - [helmupgr] Custom Resource Spec (replicas: 1) (extensions: 1)
2025-01-28 21:24:40,348 INFO c.h.h.t.HelmChartContainer - [hivemq-test-hivemq-platform] [hivemq-platform-operator] [8912da67] 21:24:40.347 [ReconcilerExecutor-hivemq-controller-149] DEBUG c.h.p.o.HiveMQPlatformReconciler - [helmupgr] StatefulSet Status (revision: test-hivemq-platform-7c6d7d4d7b, replicas: 2, available: 1, ready: 1, current: 0, updated: 2)
2025-01-28 21:24:40,348 INFO c.h.h.t.HelmChartContainer - [hivemq-test-hivemq-platform] [hivemq-platform-operator] [8912da67] 21:24:40.347 [ReconcilerExecutor-hivemq-controller-149] DEBUG c.h.p.o.HiveMQPlatformReconciler - [helmupgr] StatefulSet Spec (replicas: 2, init containers: 1, containers: 1, volumes: 4)
2025-01-28 21:24:40,349 INFO c.h.h.t.HelmChartContainer - [hivemq-test-hivemq-platform] [hivemq-platform-operator] [8912da67] 21:24:40.348 [ReconcilerExecutor-hivemq-controller-149] DEBUG c.h.p.o.h.HiveMQPlatformReconcilerErrorHandler - [helmupgr] Pod 'test-hivemq-platform-1' phase Running
2025-01-28 21:24:40,350 INFO c.h.h.t.HelmChartContainer - [hivemq-test-hivemq-platform] [hivemq-platform-operator] [8912da67] 21:24:40.349 [ReconcilerExecutor-hivemq-controller-149] DEBUG c.h.p.o.h.HiveMQPlatformReconcilerErrorHandler - [helmupgr] Pod 'test-hivemq-platform-0' phase Running
2025-01-28 21:24:40,350 INFO c.h.h.t.HelmChartContainer - [hivemq-test-hivemq-platform] [hivemq-platform-operator] [8912da67] 21:24:40.350 [ReconcilerExecutor-hivemq-controller-149] DEBUG c.h.p.o.h.HiveMQPlatformReconcilerRollingRestartHandler - [helmupgr] Rolling restart is waiting for 1 of 2 replicas
2025-01-28 21:24:40,366 INFO c.h.h.t.HelmChartContainer - [test-hivemq-platform] [hivemq] [4c730e4f] INFO  - Starting HiveMQ Health API on address 0.0.0.0 and port 8889
2025-01-28 21:24:40,395 INFO c.h.h.t.HelmChartContainer - [test-hivemq-platform] [hivemq] [4d357a77] WARN  - Bridge Extension: Connect to bridge 'testbridge' failed for the 5 time, reason: connection timed out after 10000 ms: /172.17.0.3:1883
2025-01-28 21:24:41,167 INFO c.h.h.t.HelmChartContainer - [test-hivemq-platform] [hivemq] [4c730e4f] INFO  - Started HiveMQ Health API in 800ms
2025-01-28 21:24:41,867 INFO c.h.h.t.HelmChartContainer - [test-hivemq-platform] [hivemq] [4c730e4f] INFO  - Starting HiveMQ extension system.
2025-01-28 21:24:42,631 INFO c.h.h.t.HelmChartContainer - [test-hivemq-platform] [hivemq] [4d357a77] WARN  - Bridge Extension: Connect to bridge 'testbridge' failed for the 5 time, reason: connection timed out after 10000 ms: /172.17.0.3:1883
2025-01-28 21:24:44,075 INFO c.h.h.t.HelmChartContainer - [test-hivemq-platform] [hivemq] [4c730e4f] INFO  - No license found for enterprise extension with name "HiveMQ Enterprise Bridge Extension". Entering extension trial mode. "HiveMQ Enterprise Bridge Extension" will be disabled in 5 hours.
2025-01-28 21:24:44,272 INFO c.h.h.t.HelmChartContainer - [test-hivemq-platform] [hivemq] [4c730e4f] INFO  - Starting extension with id "hivemq-dns-cluster-discovery" at /opt/hivemq/extensions/hivemq-dns-cluster-discovery
2025-01-28 21:24:44,766 INFO c.h.h.t.HelmChartContainer - [test-hivemq-platform] [hivemq] [4c730e4f] INFO  - Extension "DNS Cluster Discovery Extension" version 4.3.2 started successfully.
2025-01-28 21:24:44,766 INFO c.h.h.t.HelmChartContainer - [test-hivemq-platform] [hivemq] [4c730e4f] INFO  - Starting extension with id "hivemq-bridge-extension" at /opt/hivemq/extensions/hivemq-bridge-extension
2025-01-28 21:24:44,864 INFO c.h.h.t.HelmChartContainer - [test-hivemq-platform] [hivemq] [4c730e4f] INFO  - Using TCP cluster transport on address 10.42.0.10 and port 7000
2025-01-28 21:24:44,872 INFO c.h.h.t.HelmChartContainer - [test-hivemq-platform] [hivemq] [4c730e4f] INFO  - Using extension cluster discovery
2025-01-28 21:24:45,870 INFO c.h.h.t.HelmChartContainer - [test-hivemq-platform] [hivemq] [4c730e4f] INFO  - HiveMQ Enterprise Bridge Extension: Successfully loaded configuration from '/opt/hivemq/extensions/hivemq-bridge-extension/conf/config.xml'.
2025-01-28 21:24:46,315 INFO c.h.h.t.HelmChartContainer - [EVENT] Warning [Unhealthy] Readiness probe failed: Get "http://10.42.0.10:7979/readiness": context deadline exceeded (Client.Timeout exceeded while awaiting headers) [helmupgradeextensionit:test-hivemq-platform-0]
2025-01-28 21:24:46,315 INFO c.h.h.t.HelmChartContainer - Received Unhealthy event for container hivemq in pod test-hivemq-platform-0 [4c730e4f-4905-4846-9132-8c3451ada361]
2025-01-28 21:24:46,569 INFO c.h.h.t.HelmChartContainer - [test-hivemq-platform] [hivemq] [4d357a77] INFO  - Cluster nodes found by discovery: [GxQMO|3] (2) [GxQMO, 9Qu0G].
2025-01-28 21:24:46,671 INFO c.h.h.t.HelmChartContainer - [test-hivemq-platform] [hivemq] [4c730e4f] INFO  - Cluster nodes found by discovery: [GxQMO|3] (2) [GxQMO, 9Qu0G].
2025-01-28 21:24:46,769 INFO c.h.h.t.HelmChartContainer - [test-hivemq-platform] [hivemq] [4c730e4f] INFO  - Bridge Extension: Connecting to remote brokers...
2025-01-28 21:24:47,066 INFO c.h.h.t.HelmChartContainer - [test-hivemq-platform] [hivemq] [4c730e4f] INFO  - Cluster size = 1, members : [GxQMO].
2025-01-28 21:24:47,102 INFO c.h.h.t.HelmChartContainer - [test-hivemq-platform] [hivemq] [4c730e4f] INFO  - [HiveMQ Platform Operator Init App 1.7.0-SNAPSHOT] Returning Health API response 503 for readiness
2025-01-28 21:24:47,776 INFO c.h.h.t.HelmChartContainer - [test-hivemq-platform] [hivemq] [4c730e4f] INFO  - Starting cluster join process. This may take a while. Please do not shut down HiveMQ.
2025-01-28 21:24:47,866 INFO c.h.h.t.HelmChartContainer - [test-hivemq-platform] [hivemq] [4c730e4f] INFO  - Cluster join process is still ongoing. Please do not shut down HiveMQ.
2025-01-28 21:24:49,809 INFO c.h.h.t.HelmChartContainer - [test-hivemq-platform] [hivemq] [4d357a77] INFO  - Cluster size = 2, members : [GxQMO, 9Qu0G].
2025-01-28 21:24:49,822 INFO c.h.h.t.HelmChartContainer - [test-hivemq-platform] [hivemq] [4c730e4f] INFO  - Cluster size = 2, members : [GxQMO, 9Qu0G].
2025-01-28 21:24:49,825 INFO c.h.h.t.HelmChartContainer - [test-hivemq-platform] [hivemq] [4c730e4f] INFO  - Finished cluster join process successfully.
2025-01-28 21:24:50,284 INFO c.h.h.t.HelmChartContainer - [EVENT] Warning [Unhealthy] Readiness probe failed: HTTP probe failed with statuscode: 503 [helmupgradeextensionit:test-hivemq-platform-0]
2025-01-28 21:24:50,284 INFO c.h.h.t.HelmChartContainer - Received Unhealthy event for container hivemq in pod test-hivemq-platform-0 [4c730e4f-4905-4846-9132-8c3451ada361]
2025-01-28 21:24:50,355 INFO c.h.h.t.HelmChartContainer - [hivemq-test-hivemq-platform] [hivemq-platform-operator] [8912da67] 21:24:50.353 [pool-6-thread-21] DEBUG c.h.p.o.d.PlatformServiceResource - [helmupgr] Desired Platform services (3 services)
2025-01-28 21:24:50,356 INFO c.h.h.t.HelmChartContainer - [hivemq-test-hivemq-platform] [hivemq-platform-operator] [8912da67] 21:24:50.353 [pool-6-thread-25] DEBUG c.h.p.o.dependants.PodInfoConfigMap - [helmupgr] Desired PodInfo ConfigMap (1 extensions) (1 enabled)
2025-01-28 21:24:50,356 INFO c.h.h.t.HelmChartContainer - [hivemq-test-hivemq-platform] [hivemq-platform-operator] [8912da67] 21:24:50.353 [pool-6-thread-25] DEBUG c.h.p.o.dependants.PodInfoConfigMap - [helmupgr] Desired PodInfo ConfigMap (metrics port: 9399) (metrics path: /)
2025-01-28 21:24:50,356 INFO c.h.h.t.HelmChartContainer - [hivemq-test-hivemq-platform] [hivemq-platform-operator] [8912da67] 21:24:50.353 [pool-6-thread-25] DEBUG c.h.p.o.dependants.PodInfoConfigMap - [helmupgr] Desired PodInfo ConfigMap (extension state hash: -1104086761)
2025-01-28 21:24:50,356 INFO c.h.h.t.HelmChartContainer - [hivemq-test-hivemq-platform] [hivemq-platform-operator] [8912da67] 21:24:50.354 [pool-6-thread-25] DEBUG c.h.p.o.d.PodServiceAccountResource - [helmupgr] Desired PodServiceAccountResource (serviceAccountName: hivemq-platform-pod-test-hivemq-platform)
2025-01-28 21:24:50,358 INFO c.h.h.t.HelmChartContainer - [hivemq-test-hivemq-platform] [hivemq-platform-operator] [8912da67] 21:24:50.357 [pool-6-thread-21] DEBUG c.h.p.o.d.StatefulSetResource - [helmupgr] Desired StatefulSet (2 replicas) for status ROLLING_RESTART (RESTART_PODS_IN_PROGRESS)
2025-01-28 21:24:50,361 INFO c.h.h.t.HelmChartContainer - [hivemq-test-hivemq-platform] [hivemq-platform-operator] [8912da67] 21:24:50.360 [ReconcilerExecutor-hivemq-controller-150] INFO  c.h.p.o.HiveMQPlatformReconciler - [helmupgr] Reconciling HiveMQ Platform 'test-hivemq-platform' in namespace 'helmupgradeextensionit'
2025-01-28 21:24:50,361 INFO c.h.h.t.HelmChartContainer - [hivemq-test-hivemq-platform] [hivemq-platform-operator] [8912da67] 21:24:50.360 [ReconcilerExecutor-hivemq-controller-150] DEBUG c.h.p.o.HiveMQPlatformReconciler - [helmupgr] Custom Resource Status ROLLING_RESTART - HiveMQ Platform is restarting Pods (rolling restart) (RESTART_PODS_IN_PROGRESS)
2025-01-28 21:24:50,362 INFO c.h.h.t.HelmChartContainer - [hivemq-test-hivemq-platform] [hivemq-platform-operator] [8912da67] 21:24:50.360 [ReconcilerExecutor-hivemq-controller-150] DEBUG c.h.p.o.HiveMQPlatformReconciler - [helmupgr] Custom Resource Spec (replicas: 1) (extensions: 1)
2025-01-28 21:24:50,362 INFO c.h.h.t.HelmChartContainer - [hivemq-test-hivemq-platform] [hivemq-platform-operator] [8912da67] 21:24:50.361 [ReconcilerExecutor-hivemq-controller-150] DEBUG c.h.p.o.HiveMQPlatformReconciler - [helmupgr] StatefulSet Status (revision: test-hivemq-platform-7c6d7d4d7b, replicas: 2, available: 1, ready: 1, current: 0, updated: 2)
2025-01-28 21:24:50,362 INFO c.h.h.t.HelmChartContainer - [hivemq-test-hivemq-platform] [hivemq-platform-operator] [8912da67] 21:24:50.361 [ReconcilerExecutor-hivemq-controller-150] DEBUG c.h.p.o.HiveMQPlatformReconciler - [helmupgr] StatefulSet Spec (replicas: 2, init containers: 1, containers: 1, volumes: 4)
2025-01-28 21:24:50,363 INFO c.h.h.t.HelmChartContainer - [hivemq-test-hivemq-platform] [hivemq-platform-operator] [8912da67] 21:24:50.362 [ReconcilerExecutor-hivemq-controller-150] DEBUG c.h.p.o.h.HiveMQPlatformReconcilerErrorHandler - [helmupgr] Pod 'test-hivemq-platform-1' phase Running
2025-01-28 21:24:50,364 INFO c.h.h.t.HelmChartContainer - [hivemq-test-hivemq-platform] [hivemq-platform-operator] [8912da67] 21:24:50.363 [ReconcilerExecutor-hivemq-controller-150] DEBUG c.h.p.o.h.HiveMQPlatformReconcilerErrorHandler - [helmupgr] Pod 'test-hivemq-platform-0' phase Running
2025-01-28 21:24:50,366 INFO c.h.h.t.HelmChartContainer - [hivemq-test-hivemq-platform] [hivemq-platform-operator] [8912da67] 21:24:50.365 [ReconcilerExecutor-hivemq-controller-150] DEBUG c.h.p.o.h.HiveMQPlatformReconcilerRollingRestartHandler - [helmupgr] Rolling restart is waiting for 1 of 2 replicas
2025-01-28 21:24:55,281 INFO c.h.h.t.HelmChartContainer - [EVENT] Warning [Unhealthy] Readiness probe failed: HTTP probe failed with statuscode: 503 [helmupgradeextensionit:test-hivemq-platform-0]
2025-01-28 21:24:55,281 INFO c.h.h.t.HelmChartContainer - Received Unhealthy event for container hivemq in pod test-hivemq-platform-0 [4c730e4f-4905-4846-9132-8c3451ada361]
2025-01-28 21:24:57,256 INFO c.h.h.t.HelmChartContainer - [test-hivemq-platform] [hivemq] [4c730e4f] INFO  - [HiveMQ Platform Operator Init App 1.7.0-SNAPSHOT] Returning Health API response 200 for liveness
2025-01-28 21:24:58,173 INFO c.h.h.t.HelmChartContainer - [test-hivemq-platform] [hivemq] [4c730e4f] WARN  - Bridge Extension: Connect to bridge 'testbridge' failed for the 1 time, reason: connection timed out after 10000 ms: /172.17.0.3:1883
2025-01-28 21:24:58,177 INFO c.h.h.t.HelmChartContainer - [test-hivemq-platform] [hivemq] [4c730e4f] WARN  - Bridge Extension: Connect to bridge 'testbridge' failed for the 1 time, reason: connection timed out after 10000 ms: /172.17.0.3:1883
2025-01-28 21:25:00,280 INFO c.h.h.t.HelmChartContainer - [EVENT] Warning [Unhealthy] Readiness probe failed: HTTP probe failed with statuscode: 503 [helmupgradeextensionit:test-hivemq-platform-0]
2025-01-28 21:25:00,281 INFO c.h.h.t.HelmChartContainer - Received Unhealthy event for container hivemq in pod test-hivemq-platform-0 [4c730e4f-4905-4846-9132-8c3451ada361]
2025-01-28 21:25:00,370 INFO c.h.h.t.HelmChartContainer - [hivemq-test-hivemq-platform] [hivemq-platform-operator] [8912da67] 21:25:00.367 [pool-6-thread-34] DEBUG c.h.p.o.d.PlatformServiceResource - [helmupgr] Desired Platform services (3 services)
2025-01-28 21:25:00,371 INFO c.h.h.t.HelmChartContainer - [hivemq-test-hivemq-platform] [hivemq-platform-operator] [8912da67] 21:25:00.368 [pool-6-thread-31] DEBUG c.h.p.o.dependants.PodInfoConfigMap - [helmupgr] Desired PodInfo ConfigMap (1 extensions) (1 enabled)
2025-01-28 21:25:00,371 INFO c.h.h.t.HelmChartContainer - [hivemq-test-hivemq-platform] [hivemq-platform-operator] [8912da67] 21:25:00.368 [pool-6-thread-31] DEBUG c.h.p.o.dependants.PodInfoConfigMap - [helmupgr] Desired PodInfo ConfigMap (metrics port: 9399) (metrics path: /)
2025-01-28 21:25:00,371 INFO c.h.h.t.HelmChartContainer - [hivemq-test-hivemq-platform] [hivemq-platform-operator] [8912da67] 21:25:00.368 [pool-6-thread-31] DEBUG c.h.p.o.dependants.PodInfoConfigMap - [helmupgr] Desired PodInfo ConfigMap (extension state hash: -1104086761)
2025-01-28 21:25:00,371 INFO c.h.h.t.HelmChartContainer - [hivemq-test-hivemq-platform] [hivemq-platform-operator] [8912da67] 21:25:00.371 [pool-6-thread-32] DEBUG c.h.p.o.d.PodServiceAccountResource - [helmupgr] Desired PodServiceAccountResource (serviceAccountName: hivemq-platform-pod-test-hivemq-platform)
2025-01-28 21:25:00,375 INFO c.h.h.t.HelmChartContainer - [hivemq-test-hivemq-platform] [hivemq-platform-operator] [8912da67] 21:25:00.374 [pool-6-thread-34] DEBUG c.h.p.o.d.StatefulSetResource - [helmupgr] Desired StatefulSet (2 replicas) for status ROLLING_RESTART (RESTART_PODS_IN_PROGRESS)
2025-01-28 21:25:00,379 INFO c.h.h.t.HelmChartContainer - [hivemq-test-hivemq-platform] [hivemq-platform-operator] [8912da67] 21:25:00.378 [ReconcilerExecutor-hivemq-controller-151] INFO  c.h.p.o.HiveMQPlatformReconciler - [helmupgr] Reconciling HiveMQ Platform 'test-hivemq-platform' in namespace 'helmupgradeextensionit'
2025-01-28 21:25:00,379 INFO c.h.h.t.HelmChartContainer - [hivemq-test-hivemq-platform] [hivemq-platform-operator] [8912da67] 21:25:00.378 [ReconcilerExecutor-hivemq-controller-151] DEBUG c.h.p.o.HiveMQPlatformReconciler - [helmupgr] Custom Resource Status ROLLING_RESTART - HiveMQ Platform is restarting Pods (rolling restart) (RESTART_PODS_IN_PROGRESS)
2025-01-28 21:25:00,379 INFO c.h.h.t.HelmChartContainer - [hivemq-test-hivemq-platform] [hivemq-platform-operator] [8912da67] 21:25:00.378 [ReconcilerExecutor-hivemq-controller-151] DEBUG c.h.p.o.HiveMQPlatformReconciler - [helmupgr] Custom Resource Spec (replicas: 1) (extensions: 1)
2025-01-28 21:25:00,380 INFO c.h.h.t.HelmChartContainer - [hivemq-test-hivemq-platform] [hivemq-platform-operator] [8912da67] 21:25:00.379 [ReconcilerExecutor-hivemq-controller-151] DEBUG c.h.p.o.HiveMQPlatformReconciler - [helmupgr] StatefulSet Status (revision: test-hivemq-platform-7c6d7d4d7b, replicas: 2, available: 1, ready: 1, current: 0, updated: 2)
2025-01-28 21:25:00,380 INFO c.h.h.t.HelmChartContainer - [hivemq-test-hivemq-platform] [hivemq-platform-operator] [8912da67] 21:25:00.379 [ReconcilerExecutor-hivemq-controller-151] DEBUG c.h.p.o.HiveMQPlatformReconciler - [helmupgr] StatefulSet Spec (replicas: 2, init containers: 1, containers: 1, volumes: 4)
2025-01-28 21:25:00,381 INFO c.h.h.t.HelmChartContainer - [hivemq-test-hivemq-platform] [hivemq-platform-operator] [8912da67] 21:25:00.380 [ReconcilerExecutor-hivemq-controller-151] DEBUG c.h.p.o.h.HiveMQPlatformReconcilerErrorHandler - [helmupgr] Pod 'test-hivemq-platform-1' phase Running
2025-01-28 21:25:00,382 INFO c.h.h.t.HelmChartContainer - [hivemq-test-hivemq-platform] [hivemq-platform-operator] [8912da67] 21:25:00.381 [ReconcilerExecutor-hivemq-controller-151] DEBUG c.h.p.o.h.HiveMQPlatformReconcilerErrorHandler - [helmupgr] Pod 'test-hivemq-platform-0' phase Running
2025-01-28 21:25:00,382 INFO c.h.h.t.HelmChartContainer - [hivemq-test-hivemq-platform] [hivemq-platform-operator] [8912da67] 21:25:00.381 [ReconcilerExecutor-hivemq-controller-151] DEBUG c.h.p.o.h.HiveMQPlatformReconcilerRollingRestartHandler - [helmupgr] Rolling restart is waiting for 1 of 2 replicas
2025-01-28 21:25:05,281 INFO c.h.h.t.HelmChartContainer - [EVENT] Warning [Unhealthy] Readiness probe failed: HTTP probe failed with statuscode: 503 [helmupgradeextensionit:test-hivemq-platform-0]
2025-01-28 21:25:05,281 INFO c.h.h.t.HelmChartContainer - Received Unhealthy event for container hivemq in pod test-hivemq-platform-0 [4c730e4f-4905-4846-9132-8c3451ada361]
2025-01-28 21:25:09,745 INFO c.h.h.t.HelmChartContainer - [test-hivemq-platform] [hivemq] [4c730e4f] WARN  - Bridge Extension: Connect to bridge 'testbridge' failed for the 2 time, reason: connection timed out after 10000 ms: /172.17.0.3:1883
2025-01-28 21:25:09,878 INFO c.h.h.t.HelmChartContainer - [test-hivemq-platform] [hivemq] [4c730e4f] WARN  - Bridge Extension: Connect to bridge 'testbridge' failed for the 2 time, reason: connection timed out after 10000 ms: /172.17.0.3:1883
2025-01-28 21:25:09,878 INFO c.h.h.t.HelmChartContainer - [test-hivemq-platform] [hivemq] [4c730e4f] WARN  - Bridge Extension: Not all clients could connect successfully to remote brokers. The clients will retry the connection.
2025-01-28 21:25:09,896 INFO c.h.h.t.HelmChartContainer - [test-hivemq-platform] [hivemq] [4c730e4f] INFO  - Extension "HiveMQ Enterprise Bridge Extension" version 4.36.0 started successfully.
2025-01-28 21:25:09,896 INFO c.h.h.testcontainer.LogWaiterUtil - TEST Found log pattern on 'test-hivemq-platform-0': .*Extension "HiveMQ Enterprise Bridge Extension" version .* started successfully.
2025-01-28 21:25:09,896 INFO c.h.h.t.HelmChartContainer - [test-hivemq-platform] [hivemq] [4c730e4f] INFO  - Starting extension with id "hivemq-prometheus-extension" at /opt/hivemq/extensions/hivemq-prometheus-extension
2025-01-28 21:25:10,170 INFO c.h.h.t.HelmChartContainer - [test-hivemq-platform] [hivemq] [4c730e4f] INFO  - Started Jetty Server exposing Prometheus Servlet on URI http://0.0.0.0:9399/
2025-01-28 21:25:10,171 INFO c.h.h.t.HelmChartContainer - [test-hivemq-platform] [hivemq] [4c730e4f] INFO  - Extension "Prometheus Monitoring Extension" version 4.0.12 started successfully.
2025-01-28 21:25:10,171 INFO c.h.h.t.HelmChartContainer - [test-hivemq-platform] [hivemq] [4c730e4f] INFO  - Starting extension with id "hivemq-allow-all-extension" at /opt/hivemq/extensions/hivemq-allow-all-extension
2025-01-28 21:25:10,171 INFO c.h.h.t.HelmChartContainer - [test-hivemq-platform] [hivemq] [4c730e4f] WARN  - 
2025-01-28 21:25:10,171 INFO c.h.h.t.HelmChartContainer - [test-hivemq-platform] [hivemq] [4c730e4f] ################################################################################################################
2025-01-28 21:25:10,171 INFO c.h.h.t.HelmChartContainer - [test-hivemq-platform] [hivemq] [4c730e4f] # This HiveMQ deployment is not secure! You are lacking Authentication and Authorization.                      #
2025-01-28 21:25:10,171 INFO c.h.h.t.HelmChartContainer - [test-hivemq-platform] [hivemq] [4c730e4f] # Right now any MQTT client can connect to the broker with a full set of permissions.                          #
2025-01-28 21:25:10,171 INFO c.h.h.t.HelmChartContainer - [test-hivemq-platform] [hivemq] [4c730e4f] # For production usage, add an appropriate security extension and remove the hivemq-allow-all extension.       #
2025-01-28 21:25:10,171 INFO c.h.h.t.HelmChartContainer - [test-hivemq-platform] [hivemq] [4c730e4f] # You can download security extensions from the HiveMQ Marketplace (https://www.hivemq.com/extensions/).       #
2025-01-28 21:25:10,171 INFO c.h.h.t.HelmChartContainer - [test-hivemq-platform] [hivemq] [4c730e4f] ################################################################################################################
2025-01-28 21:25:10,171 INFO c.h.h.t.HelmChartContainer - [test-hivemq-platform] [hivemq] [4c730e4f] INFO  - Extension "Allow All Extension" version 1.1.1 started successfully.
2025-01-28 21:25:10,172 INFO c.h.h.t.HelmChartContainer - [test-hivemq-platform] [hivemq] [4c730e4f] WARN  - No user for HiveMQ Control Center configured. Starting with default user
2025-01-28 21:25:10,173 INFO c.h.h.t.HelmChartContainer - [test-hivemq-platform] [hivemq] [4c730e4f] INFO  - Starting HiveMQ Control Center on address 0.0.0.0 and port 8080
2025-01-28 21:25:10,180 INFO c.h.h.t.HelmChartContainer - [test-hivemq-platform] [hivemq] [4c730e4f] INFO  - Mounting HiveMQ Control Center V2 Preview
2025-01-28 21:25:10,282 INFO c.h.h.t.HelmChartContainer - [EVENT] Warning [Unhealthy] Readiness probe failed: HTTP probe failed with statuscode: 503 [helmupgradeextensionit:test-hivemq-platform-0]
2025-01-28 21:25:10,283 INFO c.h.h.t.HelmChartContainer - Received Unhealthy event for container hivemq in pod test-hivemq-platform-0 [4c730e4f-4905-4846-9132-8c3451ada361]
2025-01-28 21:25:10,385 INFO c.h.h.t.HelmChartContainer - [hivemq-test-hivemq-platform] [hivemq-platform-operator] [8912da67] 21:25:10.384 [pool-6-thread-50] DEBUG c.h.p.o.d.PlatformServiceResource - [helmupgr] Desired Platform services (3 services)
2025-01-28 21:25:10,387 INFO c.h.h.t.HelmChartContainer - [hivemq-test-hivemq-platform] [hivemq-platform-operator] [8912da67] 21:25:10.385 [pool-6-thread-46] DEBUG c.h.p.o.dependants.PodInfoConfigMap - [helmupgr] Desired PodInfo ConfigMap (1 extensions) (1 enabled)
2025-01-28 21:25:10,387 INFO c.h.h.t.HelmChartContainer - [hivemq-test-hivemq-platform] [hivemq-platform-operator] [8912da67] 21:25:10.385 [pool-6-thread-46] DEBUG c.h.p.o.dependants.PodInfoConfigMap - [helmupgr] Desired PodInfo ConfigMap (metrics port: 9399) (metrics path: /)
2025-01-28 21:25:10,387 INFO c.h.h.t.HelmChartContainer - [hivemq-test-hivemq-platform] [hivemq-platform-operator] [8912da67] 21:25:10.385 [pool-6-thread-46] DEBUG c.h.p.o.dependants.PodInfoConfigMap - [helmupgr] Desired PodInfo ConfigMap (extension state hash: -1104086761)
2025-01-28 21:25:10,387 INFO c.h.h.t.HelmChartContainer - [hivemq-test-hivemq-platform] [hivemq-platform-operator] [8912da67] 21:25:10.385 [pool-6-thread-45] DEBUG c.h.p.o.d.PodServiceAccountResource - [helmupgr] Desired PodServiceAccountResource (serviceAccountName: hivemq-platform-pod-test-hivemq-platform)
2025-01-28 21:25:10,390 INFO c.h.h.t.HelmChartContainer - [hivemq-test-hivemq-platform] [hivemq-platform-operator] [8912da67] 21:25:10.389 [pool-6-thread-50] DEBUG c.h.p.o.d.StatefulSetResource - [helmupgr] Desired StatefulSet (2 replicas) for status ROLLING_RESTART (RESTART_PODS_IN_PROGRESS)
2025-01-28 21:25:10,393 INFO c.h.h.t.HelmChartContainer - [hivemq-test-hivemq-platform] [hivemq-platform-operator] [8912da67] 21:25:10.392 [ReconcilerExecutor-hivemq-controller-152] INFO  c.h.p.o.HiveMQPlatformReconciler - [helmupgr] Reconciling HiveMQ Platform 'test-hivemq-platform' in namespace 'helmupgradeextensionit'
2025-01-28 21:25:10,393 INFO c.h.h.t.HelmChartContainer - [hivemq-test-hivemq-platform] [hivemq-platform-operator] [8912da67] 21:25:10.392 [ReconcilerExecutor-hivemq-controller-152] DEBUG c.h.p.o.HiveMQPlatformReconciler - [helmupgr] Custom Resource Status ROLLING_RESTART - HiveMQ Platform is restarting Pods (rolling restart) (RESTART_PODS_IN_PROGRESS)
2025-01-28 21:25:10,394 INFO c.h.h.t.HelmChartContainer - [hivemq-test-hivemq-platform] [hivemq-platform-operator] [8912da67] 21:25:10.392 [ReconcilerExecutor-hivemq-controller-152] DEBUG c.h.p.o.HiveMQPlatformReconciler - [helmupgr] Custom Resource Spec (replicas: 1) (extensions: 1)
2025-01-28 21:25:10,395 INFO c.h.h.t.HelmChartContainer - [hivemq-test-hivemq-platform] [hivemq-platform-operator] [8912da67] 21:25:10.394 [ReconcilerExecutor-hivemq-controller-152] DEBUG c.h.p.o.HiveMQPlatformReconciler - [helmupgr] StatefulSet Status (revision: test-hivemq-platform-7c6d7d4d7b, replicas: 2, available: 1, ready: 1, current: 0, updated: 2)
2025-01-28 21:25:10,396 INFO c.h.h.t.HelmChartContainer - [hivemq-test-hivemq-platform] [hivemq-platform-operator] [8912da67] 21:25:10.395 [ReconcilerExecutor-hivemq-controller-152] DEBUG c.h.p.o.HiveMQPlatformReconciler - [helmupgr] StatefulSet Spec (replicas: 2, init containers: 1, containers: 1, volumes: 4)
2025-01-28 21:25:10,397 INFO c.h.h.t.HelmChartContainer - [hivemq-test-hivemq-platform] [hivemq-platform-operator] [8912da67] 21:25:10.396 [ReconcilerExecutor-hivemq-controller-152] DEBUG c.h.p.o.h.HiveMQPlatformReconcilerErrorHandler - [helmupgr] Pod 'test-hivemq-platform-1' phase Running
2025-01-28 21:25:10,398 INFO c.h.h.t.HelmChartContainer - [hivemq-test-hivemq-platform] [hivemq-platform-operator] [8912da67] 21:25:10.397 [ReconcilerExecutor-hivemq-controller-152] DEBUG c.h.p.o.h.HiveMQPlatformReconcilerErrorHandler - [helmupgr] Pod 'test-hivemq-platform-0' phase Running
2025-01-28 21:25:10,399 INFO c.h.h.t.HelmChartContainer - [hivemq-test-hivemq-platform] [hivemq-platform-operator] [8912da67] 21:25:10.397 [ReconcilerExecutor-hivemq-controller-152] DEBUG c.h.p.o.h.HiveMQPlatformReconcilerRollingRestartHandler - [helmupgr] Rolling restart is waiting for 1 of 2 replicas
2025-01-28 21:25:10,975 INFO c.h.h.t.HelmChartContainer - [test-hivemq-platform] [hivemq] [4c730e4f] INFO  - Started HiveMQ Control Center in 802ms
2025-01-28 21:25:11,069 INFO c.h.h.t.HelmChartContainer - [test-hivemq-platform] [hivemq] [4c730e4f] INFO  - Starting TCP listener on address 0.0.0.0 and port 1883
2025-01-28 21:25:11,162 INFO c.h.h.t.HelmChartContainer - [test-hivemq-platform] [hivemq] [4c730e4f] INFO  - Started TCP Listener on address 0.0.0.0 and on port 1883.
2025-01-28 21:25:11,162 INFO c.h.h.t.HelmChartContainer - [test-hivemq-platform] [hivemq] [4c730e4f] INFO  - Started HiveMQ in 50595ms
2025-01-28 21:25:15,277 INFO c.h.h.t.HelmChartContainer - [test-hivemq-platform] [hivemq] [4c730e4f] INFO  - [HiveMQ Platform Operator Init App 1.7.0-SNAPSHOT] Returning Health API response 200 for readiness
2025-01-28 21:25:15,291 INFO c.h.h.t.HelmChartContainer - [POD] test-hivemq-platform-0 [4c730e4f-4905-4846-9132-8c3451ada361] in helmupgradeextensionit was MODIFIED
2025-01-28 21:25:15,307 INFO c.h.h.t.HelmChartContainer - [hivemq-test-hivemq-platform] [hivemq-platform-operator] [8912da67] 21:25:15.297 [pool-6-thread-3] DEBUG c.h.p.o.d.PlatformServiceResource - [helmupgr] Desired Platform services (3 services)
2025-01-28 21:25:15,307 INFO c.h.h.t.HelmChartContainer - [hivemq-test-hivemq-platform] [hivemq-platform-operator] [8912da67] 21:25:15.299 [pool-6-thread-1] DEBUG c.h.p.o.d.PodServiceAccountResource - [helmupgr] Desired PodServiceAccountResource (serviceAccountName: hivemq-platform-pod-test-hivemq-platform)
2025-01-28 21:25:15,307 INFO c.h.h.t.HelmChartContainer - [hivemq-test-hivemq-platform] [hivemq-platform-operator] [8912da67] 21:25:15.301 [pool-6-thread-10] DEBUG c.h.p.o.dependants.PodInfoConfigMap - [helmupgr] Desired PodInfo ConfigMap (1 extensions) (1 enabled)
2025-01-28 21:25:15,307 INFO c.h.h.t.HelmChartContainer - [hivemq-test-hivemq-platform] [hivemq-platform-operator] [8912da67] 21:25:15.301 [pool-6-thread-10] DEBUG c.h.p.o.dependants.PodInfoConfigMap - [helmupgr] Desired PodInfo ConfigMap (metrics port: 9399) (metrics path: /)
2025-01-28 21:25:15,307 INFO c.h.h.t.HelmChartContainer - [hivemq-test-hivemq-platform] [hivemq-platform-operator] [8912da67] 21:25:15.302 [pool-6-thread-10] DEBUG c.h.p.o.dependants.PodInfoConfigMap - [helmupgr] Desired PodInfo ConfigMap (extension state hash: -1104086761)
2025-01-28 21:25:15,307 INFO c.h.h.t.HelmChartContainer - [hivemq-test-hivemq-platform] [hivemq-platform-operator] [8912da67] 21:25:15.303 [pool-6-thread-10] DEBUG c.h.p.o.d.StatefulSetResource - [helmupgr] Desired StatefulSet (2 replicas) for status ROLLING_RESTART (RESTART_PODS_IN_PROGRESS)
2025-01-28 21:25:15,309 INFO c.h.h.t.HelmChartContainer - [hivemq-test-hivemq-platform] [hivemq-platform-operator] [8912da67] 21:25:15.308 [ReconcilerExecutor-hivemq-controller-155] INFO  c.h.p.o.HiveMQPlatformReconciler - [helmupgr] Reconciling HiveMQ Platform 'test-hivemq-platform' in namespace 'helmupgradeextensionit'
2025-01-28 21:25:15,309 INFO c.h.h.t.HelmChartContainer - [hivemq-test-hivemq-platform] [hivemq-platform-operator] [8912da67] 21:25:15.308 [ReconcilerExecutor-hivemq-controller-155] DEBUG c.h.p.o.HiveMQPlatformReconciler - [helmupgr] Custom Resource Status ROLLING_RESTART - HiveMQ Platform is restarting Pods (rolling restart) (RESTART_PODS_IN_PROGRESS)
2025-01-28 21:25:15,309 INFO c.h.h.t.HelmChartContainer - [hivemq-test-hivemq-platform] [hivemq-platform-operator] [8912da67] 21:25:15.308 [ReconcilerExecutor-hivemq-controller-155] DEBUG c.h.p.o.HiveMQPlatformReconciler - [helmupgr] Custom Resource Spec (replicas: 1) (extensions: 1)
2025-01-28 21:25:15,311 INFO c.h.h.t.HelmChartContainer - [hivemq-test-hivemq-platform] [hivemq-platform-operator] [8912da67] 21:25:15.310 [ReconcilerExecutor-hivemq-controller-155] DEBUG c.h.p.o.HiveMQPlatformReconciler - [helmupgr] StatefulSet Status (revision: test-hivemq-platform-7c6d7d4d7b, replicas: 2, available: 2, ready: 2, current: 0, updated: 2)
2025-01-28 21:25:15,311 INFO c.h.h.t.HelmChartContainer - [hivemq-test-hivemq-platform] [hivemq-platform-operator] [8912da67] 21:25:15.310 [ReconcilerExecutor-hivemq-controller-155] DEBUG c.h.p.o.HiveMQPlatformReconciler - [helmupgr] StatefulSet Spec (replicas: 2, init containers: 1, containers: 1, volumes: 4)
2025-01-28 21:25:15,312 INFO c.h.h.t.HelmChartContainer - [hivemq-test-hivemq-platform] [hivemq-platform-operator] [8912da67] 21:25:15.311 [ReconcilerExecutor-hivemq-controller-155] DEBUG c.h.p.o.h.HiveMQPlatformReconcilerErrorHandler - [helmupgr] Pod 'test-hivemq-platform-1' phase Running
2025-01-28 21:25:15,315 INFO c.h.h.t.HelmChartContainer - [hivemq-test-hivemq-platform] [hivemq-platform-operator] [8912da67] 21:25:15.312 [ReconcilerExecutor-hivemq-controller-155] DEBUG c.h.p.o.h.HiveMQPlatformReconcilerErrorHandler - [helmupgr] Pod 'test-hivemq-platform-0' phase Running
2025-01-28 21:25:15,393 INFO c.h.h.t.HelmChartContainer - [hivemq-test-hivemq-platform] [hivemq-platform-operator] [8912da67] 21:25:15.391 [ReconcilerExecutor-hivemq-controller-155] DEBUG c.h.p.o.h.HiveMQPlatformReconcilerRollingRestartHandler - [helmupgr] Skipping Pod test-hivemq-platform-1 as it's already on the controller update revision (update revision: test-hivemq-platform-7c6d7d4d7b, pod revision: test-hivemq-platform-7c6d7d4d7b)
2025-01-28 21:25:15,400 INFO c.h.h.t.HelmChartContainer - [hivemq-test-hivemq-platform] [hivemq-platform-operator] [8912da67] 21:25:15.399 [ReconcilerExecutor-hivemq-controller-155] DEBUG c.h.p.o.h.HiveMQPlatformReconcilerRollingRestartHandler - [helmupgr] Skipping Pod test-hivemq-platform-0 as it's already on the controller update revision (update revision: test-hivemq-platform-7c6d7d4d7b, pod revision: test-hivemq-platform-7c6d7d4d7b)
2025-01-28 21:25:15,400 INFO c.h.h.t.HelmChartContainer - [hivemq-test-hivemq-platform] [hivemq-platform-operator] [8912da67] 21:25:15.399 [ReconcilerExecutor-hivemq-controller-155] INFO  c.h.p.o.h.HiveMQPlatformReconcilerRollingRestartHandler - [helmupgr] Stopping surge Pod
2025-01-28 21:25:15,413 INFO c.h.h.t.HelmChartContainer - [hivemq-test-hivemq-platform] [hivemq-platform-operator] [8912da67] 21:25:15.412 [ReconcilerExecutor-hivemq-controller-155] DEBUG c.h.p.operator.event.EventSender - [helmupgr] Creating K8s event rolling-restart-scale-down-in-progress: [RollingRestart] HiveMQ Platform is stopping the surge Pod (rolling restart)
2025-01-28 21:25:15,417 INFO c.h.h.t.HelmChartContainer - [EVENT] Normal [RollingRestart] HiveMQ Platform is stopping the surge Pod (rolling restart) [helmupgradeextensionit:test-hivemq-platform]
2025-01-28 21:25:15,488 INFO c.h.h.t.HelmChartContainer - [hivemq-test-hivemq-platform] [hivemq-platform-operator] [8912da67] 21:25:15.486 [ReconcilerExecutor-hivemq-controller-155] INFO  c.h.p.o.h.AbstractHiveMQReconcilerStateHandler - [helmupgr] Update HiveMQ Platform Status (ROLLING_RESTART [RESTART_PODS_IN_PROGRESS] -> ROLLING_RESTART [SCALE_DOWN_IN_PROGRESS]): HiveMQ Platform is stopping the surge Pod (rolling restart)
2025-01-28 21:25:15,495 DEBUG com.hivemq.helmcharts.util.K8sUtil - Comparing actual state 'ROLLING_RESTART' and waiting for 'RUNNING'
2025-01-28 21:25:15,501 INFO c.h.h.t.HelmChartContainer - [hivemq-test-hivemq-platform] [hivemq-platform-operator] [8912da67] 21:25:15.497 [pool-6-thread-15] DEBUG c.h.p.o.d.PlatformServiceResource - [helmupgr] Desired Platform services (3 services)
2025-01-28 21:25:15,501 INFO c.h.h.t.HelmChartContainer - [hivemq-test-hivemq-platform] [hivemq-platform-operator] [8912da67] 21:25:15.497 [pool-6-thread-11] DEBUG c.h.p.o.dependants.PodInfoConfigMap - [helmupgr] Desired PodInfo ConfigMap (1 extensions) (1 enabled)
2025-01-28 21:25:15,501 INFO c.h.h.t.HelmChartContainer - [hivemq-test-hivemq-platform] [hivemq-platform-operator] [8912da67] 21:25:15.497 [pool-6-thread-11] DEBUG c.h.p.o.dependants.PodInfoConfigMap - [helmupgr] Desired PodInfo ConfigMap (metrics port: 9399) (metrics path: /)
2025-01-28 21:25:15,501 INFO c.h.h.t.HelmChartContainer - [hivemq-test-hivemq-platform] [hivemq-platform-operator] [8912da67] 21:25:15.497 [pool-6-thread-11] DEBUG c.h.p.o.dependants.PodInfoConfigMap - [helmupgr] Desired PodInfo ConfigMap (extension state hash: -1104086761)
2025-01-28 21:25:15,501 INFO c.h.h.t.HelmChartContainer - [hivemq-test-hivemq-platform] [hivemq-platform-operator] [8912da67] 21:25:15.498 [pool-6-thread-11] DEBUG c.h.p.o.dependants.PodInfoConfigMap - [helmupgr] Update PodInfo ConfigMap
2025-01-28 21:25:15,501 INFO c.h.h.t.HelmChartContainer - [hivemq-test-hivemq-platform] [hivemq-platform-operator] [8912da67] 21:25:15.499 [pool-6-thread-19] DEBUG c.h.p.o.d.PodServiceAccountResource - [helmupgr] Desired PodServiceAccountResource (serviceAccountName: hivemq-platform-pod-test-hivemq-platform)
2025-01-28 21:25:15,507 INFO c.h.h.t.HelmChartContainer - [hivemq-test-hivemq-platform] [hivemq-platform-operator] [8912da67] 21:25:15.506 [pool-6-thread-11] DEBUG c.h.p.o.d.StatefulSetResource - [helmupgr] Desired StatefulSet (1 replicas) for status ROLLING_RESTART (SCALE_DOWN_IN_PROGRESS)
2025-01-28 21:25:15,510 INFO c.h.h.t.HelmChartContainer - [hivemq-test-hivemq-platform] [hivemq-platform-operator] [8912da67] 21:25:15.508 [pool-6-thread-11] DEBUG c.h.p.o.d.StatefulSetResource - [helmupgr] Update StatefulSet (replicas: 2 -> 1)
2025-01-28 21:25:15,599 INFO c.h.h.t.HelmChartContainer - [hivemq-test-hivemq-platform] [hivemq-platform-operator] [8912da67] 21:25:15.597 [ReconcilerExecutor-hivemq-controller-156] INFO  c.h.p.o.HiveMQPlatformReconciler - [helmupgr] Reconciling HiveMQ Platform 'test-hivemq-platform' in namespace 'helmupgradeextensionit'
2025-01-28 21:25:15,599 INFO c.h.h.t.HelmChartContainer - [hivemq-test-hivemq-platform] [hivemq-platform-operator] [8912da67] 21:25:15.597 [ReconcilerExecutor-hivemq-controller-156] DEBUG c.h.p.o.HiveMQPlatformReconciler - [helmupgr] Custom Resource Status ROLLING_RESTART - HiveMQ Platform is stopping the surge Pod (rolling restart) (SCALE_DOWN_IN_PROGRESS)
2025-01-28 21:25:15,599 INFO c.h.h.t.HelmChartContainer - [hivemq-test-hivemq-platform] [hivemq-platform-operator] [8912da67] 21:25:15.597 [ReconcilerExecutor-hivemq-controller-156] DEBUG c.h.p.o.HiveMQPlatformReconciler - [helmupgr] Custom Resource Spec (replicas: 1) (extensions: 1)
2025-01-28 21:25:15,599 INFO c.h.h.t.HelmChartContainer - [hivemq-test-hivemq-platform] [hivemq-platform-operator] [8912da67] 21:25:15.598 [ReconcilerExecutor-hivemq-controller-156] DEBUG c.h.p.o.HiveMQPlatformReconciler - [helmupgr] StatefulSet Status (revision: test-hivemq-platform-7c6d7d4d7b, replicas: 2, available: 2, ready: 2, current: 0, updated: 2)
2025-01-28 21:25:15,599 INFO c.h.h.t.HelmChartContainer - [hivemq-test-hivemq-platform] [hivemq-platform-operator] [8912da67] 21:25:15.599 [ReconcilerExecutor-hivemq-controller-156] DEBUG c.h.p.o.HiveMQPlatformReconciler - [helmupgr] StatefulSet Spec (replicas: 1, init containers: 1, containers: 1, volumes: 4)
2025-01-28 21:25:15,606 INFO c.h.h.t.HelmChartContainer - [POD] test-hivemq-platform-1 [4d357a77-09ec-429a-b8e5-f0723ebb76ad] in helmupgradeextensionit was MODIFIED
2025-01-28 21:25:15,608 INFO c.h.h.t.HelmChartContainer - [hivemq-test-hivemq-platform] [hivemq-platform-operator] [8912da67] 21:25:15.601 [ReconcilerExecutor-hivemq-controller-156] DEBUG c.h.p.o.h.HiveMQPlatformReconcilerErrorHandler - [helmupgr] Pod 'test-hivemq-platform-0' phase Running
2025-01-28 21:25:15,608 INFO c.h.h.t.HelmChartContainer - [hivemq-test-hivemq-platform] [hivemq-platform-operator] [8912da67] 21:25:15.601 [ReconcilerExecutor-hivemq-controller-156] DEBUG c.h.p.o.h.HiveMQPlatformReconcilerRollingRestartHandler - [helmupgr] Rolling restart is waiting for 2 of 1 replicas
2025-01-28 21:25:15,615 INFO c.h.h.t.HelmChartContainer - [EVENT] Normal [SuccessfulDelete] delete Pod test-hivemq-platform-1 in StatefulSet test-hivemq-platform successful [helmupgradeextensionit:test-hivemq-platform]
2025-01-28 21:25:15,623 INFO c.h.h.t.HelmChartContainer - [hivemq-test-hivemq-platform] [hivemq-platform-operator] [8912da67] 21:25:15.612 [pool-6-thread-22] DEBUG c.h.p.o.d.PlatformServiceResource - [helmupgr] Desired Platform services (3 services)
2025-01-28 21:25:15,623 INFO c.h.h.t.HelmChartContainer - [hivemq-test-hivemq-platform] [hivemq-platform-operator] [8912da67] 21:25:15.613 [pool-6-thread-23] DEBUG c.h.p.o.dependants.PodInfoConfigMap - [helmupgr] Desired PodInfo ConfigMap (1 extensions) (1 enabled)
2025-01-28 21:25:15,625 INFO c.h.h.t.HelmChartContainer - [EVENT] Normal [Killing] Stopping container hivemq [helmupgradeextensionit:test-hivemq-platform-1]
2025-01-28 21:25:15,625 INFO c.h.h.t.HelmChartContainer - Received Killing event for container hivemq in pod test-hivemq-platform-1 [4d357a77-09ec-429a-b8e5-f0723ebb76ad]
2025-01-28 21:25:15,625 INFO c.h.h.t.HelmChartContainer - Container [test-hivemq-platform-1] [hivemq] [4d357a77-09ec-429a-b8e5-f0723ebb76ad] was terminated
2025-01-28 21:25:15,625 INFO c.h.h.t.HelmChartContainer - Stopped log watcher for hivemq in pod test-hivemq-platform-1 [4d357a77-09ec-429a-b8e5-f0723ebb76ad]
2025-01-28 21:25:15,627 INFO c.h.h.t.HelmChartContainer - [hivemq-test-hivemq-platform] [hivemq-platform-operator] [8912da67] 21:25:15.615 [pool-6-thread-27] DEBUG c.h.p.o.d.PodServiceAccountResource - [helmupgr] Desired PodServiceAccountResource (serviceAccountName: hivemq-platform-pod-test-hivemq-platform)
2025-01-28 21:25:15,627 INFO c.h.h.t.HelmChartContainer - [hivemq-test-hivemq-platform] [hivemq-platform-operator] [8912da67] 21:25:15.615 [pool-6-thread-23] DEBUG c.h.p.o.dependants.PodInfoConfigMap - [helmupgr] Desired PodInfo ConfigMap (metrics port: 9399) (metrics path: /)
2025-01-28 21:25:15,627 INFO c.h.h.t.HelmChartContainer - [hivemq-test-hivemq-platform] [hivemq-platform-operator] [8912da67] 21:25:15.615 [pool-6-thread-23] DEBUG c.h.p.o.dependants.PodInfoConfigMap - [helmupgr] Desired PodInfo ConfigMap (extension state hash: -1104086761)
2025-01-28 21:25:15,627 INFO c.h.h.t.HelmChartContainer - [hivemq-test-hivemq-platform] [hivemq-platform-operator] [8912da67] 21:25:15.620 [pool-6-thread-22] DEBUG c.h.p.o.d.StatefulSetResource - [helmupgr] Desired StatefulSet (1 replicas) for status ROLLING_RESTART (SCALE_DOWN_IN_PROGRESS)
2025-01-28 21:25:15,627 INFO c.h.h.t.HelmChartContainer - [hivemq-test-hivemq-platform] [hivemq-platform-operator] [8912da67] 21:25:15.622 [ReconcilerExecutor-hivemq-controller-158] INFO  c.h.p.o.HiveMQPlatformReconciler - [helmupgr] Reconciling HiveMQ Platform 'test-hivemq-platform' in namespace 'helmupgradeextensionit'
2025-01-28 21:25:15,627 INFO c.h.h.t.HelmChartContainer - [hivemq-test-hivemq-platform] [hivemq-platform-operator] [8912da67] 21:25:15.622 [ReconcilerExecutor-hivemq-controller-158] DEBUG c.h.p.o.HiveMQPlatformReconciler - [helmupgr] Custom Resource Status ROLLING_RESTART - HiveMQ Platform is stopping the surge Pod (rolling restart) (SCALE_DOWN_IN_PROGRESS)
2025-01-28 21:25:15,627 INFO c.h.h.t.HelmChartContainer - [hivemq-test-hivemq-platform] [hivemq-platform-operator] [8912da67] 21:25:15.622 [ReconcilerExecutor-hivemq-controller-158] DEBUG c.h.p.o.HiveMQPlatformReconciler - [helmupgr] Custom Resource Spec (replicas: 1) (extensions: 1)
2025-01-28 21:25:15,628 INFO c.h.h.t.HelmChartContainer - [hivemq-test-hivemq-platform] [hivemq-platform-operator] [8912da67] 21:25:15.624 [ReconcilerExecutor-hivemq-controller-158] DEBUG c.h.p.o.HiveMQPlatformReconciler - [helmupgr] StatefulSet Status (revision: test-hivemq-platform-7c6d7d4d7b, replicas: 2, available: 2, ready: 2, current: 0, updated: 2)
2025-01-28 21:25:15,628 INFO c.h.h.t.HelmChartContainer - [hivemq-test-hivemq-platform] [hivemq-platform-operator] [8912da67] 21:25:15.624 [ReconcilerExecutor-hivemq-controller-158] DEBUG c.h.p.o.HiveMQPlatformReconciler - [helmupgr] StatefulSet Spec (replicas: 1, init containers: 1, containers: 1, volumes: 4)
2025-01-28 21:25:15,629 INFO c.h.h.t.HelmChartContainer - [test-hivemq-platform] [hivemq] [4d357a77] INFO  - [HiveMQ Platform Operator Init App 1.7.0-SNAPSHOT] Shutting down
2025-01-28 21:25:15,630 INFO c.h.h.t.HelmChartContainer - [test-hivemq-platform] [hivemq] [4d357a77] INFO  - [HiveMQ Platform Operator Init App 1.7.0-SNAPSHOT] Stopping the HiveMQ Platform
2025-01-28 21:25:15,689 INFO c.h.h.t.HelmChartContainer - [hivemq-test-hivemq-platform] [hivemq-platform-operator] [8912da67] 21:25:15.687 [ReconcilerExecutor-hivemq-controller-158] DEBUG c.h.p.o.h.HiveMQPlatformReconcilerErrorHandler - [helmupgr] Pod 'test-hivemq-platform-0' phase Running
2025-01-28 21:25:15,689 INFO c.h.h.t.HelmChartContainer - [hivemq-test-hivemq-platform] [hivemq-platform-operator] [8912da67] 21:25:15.688 [ReconcilerExecutor-hivemq-controller-158] DEBUG c.h.p.o.h.HiveMQPlatformReconcilerRollingRestartHandler - [helmupgr] Rolling restart is waiting for 2 of 1 replicas
2025-01-28 21:25:15,695 INFO c.h.h.t.HelmChartContainer - [hivemq-test-hivemq-platform] [hivemq-platform-operator] [8912da67] 21:25:15.693 [pool-6-thread-38] DEBUG c.h.p.o.d.PlatformServiceResource - [helmupgr] Desired Platform services (3 services)
2025-01-28 21:25:15,695 INFO c.h.h.t.HelmChartContainer - [hivemq-test-hivemq-platform] [hivemq-platform-operator] [8912da67] 21:25:15.694 [pool-6-thread-40] DEBUG c.h.p.o.d.PodServiceAccountResource - [helmupgr] Desired PodServiceAccountResource (serviceAccountName: hivemq-platform-pod-test-hivemq-platform)
2025-01-28 21:25:15,698 INFO c.h.h.t.HelmChartContainer - [hivemq-test-hivemq-platform] [hivemq-platform-operator] [8912da67] 21:25:15.697 [pool-6-thread-36] DEBUG c.h.p.o.dependants.PodInfoConfigMap - [helmupgr] Desired PodInfo ConfigMap (1 extensions) (1 enabled)
2025-01-28 21:25:15,698 INFO c.h.h.t.HelmChartContainer - [hivemq-test-hivemq-platform] [hivemq-platform-operator] [8912da67] 21:25:15.697 [pool-6-thread-36] DEBUG c.h.p.o.dependants.PodInfoConfigMap - [helmupgr] Desired PodInfo ConfigMap (metrics port: 9399) (metrics path: /)
2025-01-28 21:25:15,698 INFO c.h.h.t.HelmChartContainer - [hivemq-test-hivemq-platform] [hivemq-platform-operator] [8912da67] 21:25:15.697 [pool-6-thread-36] DEBUG c.h.p.o.dependants.PodInfoConfigMap - [helmupgr] Desired PodInfo ConfigMap (extension state hash: -1104086761)
2025-01-28 21:25:15,701 INFO c.h.h.t.HelmChartContainer - [hivemq-test-hivemq-platform] [hivemq-platform-operator] [8912da67] 21:25:15.700 [pool-6-thread-38] DEBUG c.h.p.o.d.StatefulSetResource - [helmupgr] Desired StatefulSet (1 replicas) for status ROLLING_RESTART (SCALE_DOWN_IN_PROGRESS)
2025-01-28 21:25:15,719 INFO c.h.h.t.HelmChartContainer - [hivemq-test-hivemq-platform] [hivemq-platform-operator] [8912da67] 21:25:15.716 [ReconcilerExecutor-hivemq-controller-159] INFO  c.h.p.o.HiveMQPlatformReconciler - [helmupgr] Reconciling HiveMQ Platform 'test-hivemq-platform' in namespace 'helmupgradeextensionit'
2025-01-28 21:25:15,720 INFO c.h.h.t.HelmChartContainer - [hivemq-test-hivemq-platform] [hivemq-platform-operator] [8912da67] 21:25:15.716 [ReconcilerExecutor-hivemq-controller-159] DEBUG c.h.p.o.HiveMQPlatformReconciler - [helmupgr] Custom Resource Status ROLLING_RESTART - HiveMQ Platform is stopping the surge Pod (rolling restart) (SCALE_DOWN_IN_PROGRESS)
2025-01-28 21:25:15,720 INFO c.h.h.t.HelmChartContainer - [hivemq-test-hivemq-platform] [hivemq-platform-operator] [8912da67] 21:25:15.716 [ReconcilerExecutor-hivemq-controller-159] DEBUG c.h.p.o.HiveMQPlatformReconciler - [helmupgr] Custom Resource Spec (replicas: 1) (extensions: 1)
2025-01-28 21:25:15,787 INFO c.h.h.t.HelmChartContainer - [hivemq-test-hivemq-platform] [hivemq-platform-operator] [8912da67] 21:25:15.717 [ReconcilerExecutor-hivemq-controller-159] DEBUG c.h.p.o.HiveMQPlatformReconciler - [helmupgr] StatefulSet Status (revision: test-hivemq-platform-7c6d7d4d7b, replicas: 2, available: 2, ready: 2, current: 0, updated: 1)
2025-01-28 21:25:15,787 INFO c.h.h.t.HelmChartContainer - [hivemq-test-hivemq-platform] [hivemq-platform-operator] [8912da67] 21:25:15.785 [ReconcilerExecutor-hivemq-controller-159] DEBUG c.h.p.o.HiveMQPlatformReconciler - [helmupgr] StatefulSet Spec (replicas: 1, init containers: 1, containers: 1, volumes: 4)
2025-01-28 21:25:15,788 INFO c.h.h.t.HelmChartContainer - [hivemq-test-hivemq-platform] [hivemq-platform-operator] [8912da67] 21:25:15.787 [ReconcilerExecutor-hivemq-controller-159] DEBUG c.h.p.o.h.HiveMQPlatformReconcilerErrorHandler - [helmupgr] Pod 'test-hivemq-platform-0' phase Running
2025-01-28 21:25:15,790 INFO c.h.h.t.HelmChartContainer - [hivemq-test-hivemq-platform] [hivemq-platform-operator] [8912da67] 21:25:15.789 [ReconcilerExecutor-hivemq-controller-159] DEBUG c.h.p.o.h.HiveMQPlatformReconcilerRollingRestartHandler - [helmupgr] Rolling restart is waiting for 2 of 1 replicas
2025-01-28 21:25:15,792 INFO c.h.h.t.HelmChartContainer - [hivemq-test-hivemq-platform] [hivemq-platform-operator] [8912da67] 21:25:15.791 [pool-6-thread-47] DEBUG c.h.p.o.d.PlatformServiceResource - [helmupgr] Desired Platform services (3 services)
2025-01-28 21:25:15,792 INFO c.h.h.t.HelmChartContainer - [hivemq-test-hivemq-platform] [hivemq-platform-operator] [8912da67] 21:25:15.791 [pool-6-thread-46] DEBUG c.h.p.o.d.PodServiceAccountResource - [helmupgr] Desired PodServiceAccountResource (serviceAccountName: hivemq-platform-pod-test-hivemq-platform)
2025-01-28 21:25:15,793 INFO c.h.h.t.HelmChartContainer - [hivemq-test-hivemq-platform] [hivemq-platform-operator] [8912da67] 21:25:15.791 [pool-6-thread-41] DEBUG c.h.p.o.dependants.PodInfoConfigMap - [helmupgr] Desired PodInfo ConfigMap (1 extensions) (1 enabled)
2025-01-28 21:25:15,793 INFO c.h.h.t.HelmChartContainer - [hivemq-test-hivemq-platform] [hivemq-platform-operator] [8912da67] 21:25:15.791 [pool-6-thread-41] DEBUG c.h.p.o.dependants.PodInfoConfigMap - [helmupgr] Desired PodInfo ConfigMap (metrics port: 9399) (metrics path: /)
2025-01-28 21:25:15,793 INFO c.h.h.t.HelmChartContainer - [hivemq-test-hivemq-platform] [hivemq-platform-operator] [8912da67] 21:25:15.791 [pool-6-thread-41] DEBUG c.h.p.o.dependants.PodInfoConfigMap - [helmupgr] Desired PodInfo ConfigMap (extension state hash: -1104086761)
2025-01-28 21:25:15,795 INFO c.h.h.t.HelmChartContainer - [hivemq-test-hivemq-platform] [hivemq-platform-operator] [8912da67] 21:25:15.794 [pool-6-thread-47] DEBUG c.h.p.o.d.StatefulSetResource - [helmupgr] Desired StatefulSet (1 replicas) for status ROLLING_RESTART (SCALE_DOWN_IN_PROGRESS)
2025-01-28 21:25:15,798 INFO c.h.h.t.HelmChartContainer - [hivemq-test-hivemq-platform] [hivemq-platform-operator] [8912da67] 21:25:15.797 [ReconcilerExecutor-hivemq-controller-159] INFO  c.h.p.o.HiveMQPlatformReconciler - [helmupgr] Reconciling HiveMQ Platform 'test-hivemq-platform' in namespace 'helmupgradeextensionit'
2025-01-28 21:25:15,799 INFO c.h.h.t.HelmChartContainer - [hivemq-test-hivemq-platform] [hivemq-platform-operator] [8912da67] 21:25:15.798 [ReconcilerExecutor-hivemq-controller-159] DEBUG c.h.p.o.HiveMQPlatformReconciler - [helmupgr] Custom Resource Status ROLLING_RESTART - HiveMQ Platform is stopping the surge Pod (rolling restart) (SCALE_DOWN_IN_PROGRESS)
2025-01-28 21:25:15,799 INFO c.h.h.t.HelmChartContainer - [hivemq-test-hivemq-platform] [hivemq-platform-operator] [8912da67] 21:25:15.798 [ReconcilerExecutor-hivemq-controller-159] DEBUG c.h.p.o.HiveMQPlatformReconciler - [helmupgr] Custom Resource Spec (replicas: 1) (extensions: 1)
2025-01-28 21:25:15,800 INFO c.h.h.t.HelmChartContainer - [hivemq-test-hivemq-platform] [hivemq-platform-operator] [8912da67] 21:25:15.799 [ReconcilerExecutor-hivemq-controller-159] DEBUG c.h.p.o.HiveMQPlatformReconciler - [helmupgr] StatefulSet Status (revision: test-hivemq-platform-7c6d7d4d7b, replicas: 2, available: 2, ready: 2, current: 0, updated: 1)
2025-01-28 21:25:15,800 INFO c.h.h.t.HelmChartContainer - [hivemq-test-hivemq-platform] [hivemq-platform-operator] [8912da67] 21:25:15.799 [ReconcilerExecutor-hivemq-controller-159] DEBUG c.h.p.o.HiveMQPlatformReconciler - [helmupgr] StatefulSet Spec (replicas: 1, init containers: 1, containers: 1, volumes: 4)
2025-01-28 21:25:15,804 INFO c.h.h.t.HelmChartContainer - [hivemq-test-hivemq-platform] [hivemq-platform-operator] [8912da67] 21:25:15.804 [ReconcilerExecutor-hivemq-controller-159] DEBUG c.h.p.o.h.HiveMQPlatformReconcilerErrorHandler - [helmupgr] Pod 'test-hivemq-platform-0' phase Running
2025-01-28 21:25:15,818 INFO c.h.h.t.HelmChartContainer - [test-hivemq-platform] [hivemq] [4d357a77] INFO  - Shutting down HiveMQ. Please wait, this could take a while...
2025-01-28 21:25:15,823 INFO c.h.h.t.HelmChartContainer - [test-hivemq-platform] [hivemq] [4d357a77] INFO  - Shutting down listeners and clients
2025-01-28 21:25:15,823 INFO c.h.h.t.HelmChartContainer - [test-hivemq-platform] [hivemq] [4d357a77] INFO  - Shutdown of listeners is done
2025-01-28 21:25:15,825 INFO c.h.h.t.HelmChartContainer - [test-hivemq-platform] [hivemq] [4d357a77] INFO  - No clients are connected, proceeding with shutdown
2025-01-28 21:25:15,886 INFO c.h.h.t.HelmChartContainer - [hivemq-test-hivemq-platform] [hivemq-platform-operator] [8912da67] 21:25:15.885 [ReconcilerExecutor-hivemq-controller-159] DEBUG c.h.p.o.h.HiveMQPlatformReconcilerRollingRestartHandler - [helmupgr] Rolling restart is waiting for 2 of 1 replicas
2025-01-28 21:25:19,327 INFO c.h.h.t.HelmChartContainer - [test-hivemq-platform] [hivemq] [4d357a77] INFO  - Shutting down extension system
2025-01-28 21:25:19,329 INFO c.h.h.t.HelmChartContainer - [test-hivemq-platform] [hivemq] [4d357a77] INFO  - Stopping extension with id hivemq-dns-cluster-discovery
2025-01-28 21:25:19,330 INFO c.h.h.t.HelmChartContainer - [test-hivemq-platform] [hivemq] [4d357a77] INFO  - Extension "DNS Cluster Discovery Extension" version 4.3.2 stopped successfully.
2025-01-28 21:25:19,330 INFO c.h.h.t.HelmChartContainer - [test-hivemq-platform] [hivemq] [4d357a77] INFO  - Stopping extension with id hivemq-bridge-extension
2025-01-28 21:25:19,333 INFO c.h.h.t.HelmChartContainer - [test-hivemq-platform] [hivemq] [4d357a77] INFO  - Bridge Extension: Stopping extension
2025-01-28 21:25:19,345 INFO c.h.h.t.HelmChartContainer - [test-hivemq-platform] [hivemq] [4d357a77] ERROR - Bridge Extension: Error when disconnecting client "testbridge-0-7697f321-5bb6-461d-99b6-64347bf0eb97". Reason: MQTT client is not connected.
2025-01-28 21:25:19,345 INFO c.h.h.t.HelmChartContainer - [test-hivemq-platform] [hivemq] [4d357a77] ERROR - Bridge Extension: Error when disconnecting client "testbridge-1-7697f321-5bb6-461d-99b6-64347bf0eb97". Reason: MQTT client is not connected.
2025-01-28 21:25:19,345 INFO c.h.h.t.HelmChartContainer - [test-hivemq-platform] [hivemq] [4d357a77] INFO  - Extension "HiveMQ Enterprise Bridge Extension" version 4.36.0 stopped successfully.
2025-01-28 21:25:19,345 INFO c.h.h.t.HelmChartContainer - [test-hivemq-platform] [hivemq] [4d357a77] INFO  - Stopping extension with id hivemq-prometheus-extension
2025-01-28 21:25:19,418 INFO c.h.h.t.HelmChartContainer - [test-hivemq-platform] [hivemq] [4d357a77] INFO  - Extension "Prometheus Monitoring Extension" version 4.0.12 stopped successfully.
2025-01-28 21:25:19,419 INFO c.h.h.t.HelmChartContainer - [test-hivemq-platform] [hivemq] [4d357a77] INFO  - Stopping extension with id hivemq-allow-all-extension
2025-01-28 21:25:19,419 INFO c.h.h.t.HelmChartContainer - [test-hivemq-platform] [hivemq] [4d357a77] INFO  - Extension "Allow All Extension" version 1.1.1 stopped successfully.
2025-01-28 21:25:19,427 INFO c.h.h.t.HelmChartContainer - [test-hivemq-platform] [hivemq] [4c730e4f] INFO  - Cluster nodes found by discovery: [9Qu0G|4] (1) [9Qu0G].
2025-01-28 21:25:19,429 INFO c.h.h.t.HelmChartContainer - [test-hivemq-platform] [hivemq] [4c730e4f] INFO  - Cluster size = 1, members : [9Qu0G].
2025-01-28 21:25:20,030 INFO c.h.h.t.HelmChartContainer - [test-hivemq-platform] [hivemq] [4d357a77] INFO  - [HiveMQ Platform Operator Init App 1.7.0-SNAPSHOT] Returning shutdown Health API response 503 for readiness
2025-01-28 21:25:20,035 INFO c.h.h.t.HelmChartContainer - [EVENT] Warning [Unhealthy] Readiness probe failed: HTTP probe failed with statuscode: 503 [helmupgradeextensionit:test-hivemq-platform-1]
2025-01-28 21:25:20,035 INFO c.h.h.t.HelmChartContainer - Received Unhealthy event for container hivemq in pod test-hivemq-platform-1 [4d357a77-09ec-429a-b8e5-f0723ebb76ad]
2025-01-28 21:25:21,774 INFO c.h.h.t.HelmChartContainer - [test-hivemq-platform] [hivemq] [4d357a77] INFO  - Shutdown completed.
2025-01-28 21:25:22,136 INFO c.h.h.t.HelmChartContainer - [test-hivemq-platform] [hivemq] [4d357a77] INFO  - [HiveMQ Platform Operator Init App 1.7.0-SNAPSHOT] The HiveMQ Platform exited with code 143
2025-01-28 21:25:22,136 INFO c.h.h.t.HelmChartContainer - [test-hivemq-platform] [hivemq] [4d357a77] INFO  - [HiveMQ Platform Operator Init App 1.7.0-SNAPSHOT] Stopping the REST API
2025-01-28 21:25:22,173 INFO c.h.h.t.HelmChartContainer - [test-hivemq-platform] [hivemq] [4d357a77] INFO  - [HiveMQ Platform Operator Init App 1.7.0-SNAPSHOT] Shutdown complete
2025-01-28 21:25:22,664 INFO c.h.h.t.HelmChartContainer - [POD] test-hivemq-platform-1 [4d357a77-09ec-429a-b8e5-f0723ebb76ad] in helmupgradeextensionit was MODIFIED
2025-01-28 21:25:22,673 INFO c.h.h.t.HelmChartContainer - [hivemq-test-hivemq-platform] [hivemq-platform-operator] [8912da67] 21:25:22.668 [pool-6-thread-6] DEBUG c.h.p.o.dependants.PodInfoConfigMap - [helmupgr] Desired PodInfo ConfigMap (1 extensions) (1 enabled)
2025-01-28 21:25:22,675 INFO c.h.h.t.HelmChartContainer - [hivemq-test-hivemq-platform] [hivemq-platform-operator] [8912da67] 21:25:22.668 [pool-6-thread-6] DEBUG c.h.p.o.dependants.PodInfoConfigMap - [helmupgr] Desired PodInfo ConfigMap (metrics port: 9399) (metrics path: /)
2025-01-28 21:25:22,676 INFO c.h.h.t.HelmChartContainer - [hivemq-test-hivemq-platform] [hivemq-platform-operator] [8912da67] 21:25:22.668 [pool-6-thread-6] DEBUG c.h.p.o.dependants.PodInfoConfigMap - [helmupgr] Desired PodInfo ConfigMap (extension state hash: -1104086761)
2025-01-28 21:25:22,676 INFO c.h.h.t.HelmChartContainer - [hivemq-test-hivemq-platform] [hivemq-platform-operator] [8912da67] 21:25:22.668 [pool-6-thread-8] DEBUG c.h.p.o.d.PodServiceAccountResource - [helmupgr] Desired PodServiceAccountResource (serviceAccountName: hivemq-platform-pod-test-hivemq-platform)
2025-01-28 21:25:22,676 INFO c.h.h.t.HelmChartContainer - [hivemq-test-hivemq-platform] [hivemq-platform-operator] [8912da67] 21:25:22.670 [pool-6-thread-2] DEBUG c.h.p.o.d.PlatformServiceResource - [helmupgr] Desired Platform services (3 services)
2025-01-28 21:25:22,677 INFO c.h.h.t.HelmChartContainer - [hivemq-test-hivemq-platform] [hivemq-platform-operator] [8912da67] 21:25:22.673 [pool-6-thread-2] DEBUG c.h.p.o.d.StatefulSetResource - [helmupgr] Desired StatefulSet (1 replicas) for status ROLLING_RESTART (SCALE_DOWN_IN_PROGRESS)
2025-01-28 21:25:22,684 INFO c.h.h.t.HelmChartContainer - [hivemq-test-hivemq-platform] [hivemq-platform-operator] [8912da67] 21:25:22.679 [ReconcilerExecutor-hivemq-controller-54] INFO  c.h.p.o.HiveMQPlatformReconciler - [helmupgr] Reconciling HiveMQ Platform 'test-hivemq-platform' in namespace 'helmupgradeextensionit'
2025-01-28 21:25:22,686 INFO c.h.h.t.HelmChartContainer - [hivemq-test-hivemq-platform] [hivemq-platform-operator] [8912da67] 21:25:22.680 [ReconcilerExecutor-hivemq-controller-54] DEBUG c.h.p.o.HiveMQPlatformReconciler - [helmupgr] Custom Resource Status ROLLING_RESTART - HiveMQ Platform is stopping the surge Pod (rolling restart) (SCALE_DOWN_IN_PROGRESS)
2025-01-28 21:25:22,686 INFO c.h.h.t.HelmChartContainer - [hivemq-test-hivemq-platform] [hivemq-platform-operator] [8912da67] 21:25:22.681 [ReconcilerExecutor-hivemq-controller-54] DEBUG c.h.p.o.HiveMQPlatformReconciler - [helmupgr] Custom Resource Spec (replicas: 1) (extensions: 1)
2025-01-28 21:25:22,689 INFO c.h.h.t.HelmChartContainer - [hivemq-test-hivemq-platform] [hivemq-platform-operator] [8912da67] 21:25:22.684 [ReconcilerExecutor-hivemq-controller-54] DEBUG c.h.p.o.HiveMQPlatformReconciler - [helmupgr] StatefulSet Status (revision: test-hivemq-platform-7c6d7d4d7b, replicas: 2, available: 1, ready: 1, current: 0, updated: 1)
2025-01-28 21:25:22,689 INFO c.h.h.t.HelmChartContainer - [hivemq-test-hivemq-platform] [hivemq-platform-operator] [8912da67] 21:25:22.684 [ReconcilerExecutor-hivemq-controller-54] DEBUG c.h.p.o.HiveMQPlatformReconciler - [helmupgr] StatefulSet Spec (replicas: 1, init containers: 1, containers: 1, volumes: 4)
2025-01-28 21:25:22,689 INFO c.h.h.t.HelmChartContainer - [hivemq-test-hivemq-platform] [hivemq-platform-operator] [8912da67] 21:25:22.686 [ReconcilerExecutor-hivemq-controller-54] DEBUG c.h.p.o.h.HiveMQPlatformReconcilerErrorHandler - [helmupgr] Pod 'test-hivemq-platform-0' phase Running
2025-01-28 21:25:22,691 INFO c.h.h.t.HelmChartContainer - [hivemq-test-hivemq-platform] [hivemq-platform-operator] [8912da67] 21:25:22.689 [ReconcilerExecutor-hivemq-controller-54] INFO  c.h.p.o.h.HiveMQPlatformReconcilerRollingRestartHandler - [helmupgr] Rolling restart is done
2025-01-28 21:25:22,702 INFO c.h.h.t.HelmChartContainer - [EVENT] Normal [Ready] HiveMQ Platform is ready [helmupgradeextensionit:test-hivemq-platform]
2025-01-28 21:25:22,703 INFO c.h.h.t.HelmChartContainer - [hivemq-test-hivemq-platform] [hivemq-platform-operator] [8912da67] 21:25:22.701 [ReconcilerExecutor-hivemq-controller-54] DEBUG c.h.p.operator.event.EventSender - [helmupgr] Updating K8s event hivemq-platform-ready: [Ready] HiveMQ Platform is ready
2025-01-28 21:25:22,703 INFO c.h.h.t.HelmChartContainer - [hivemq-test-hivemq-platform] [hivemq-platform-operator] [8912da67] 21:25:22.701 [ReconcilerExecutor-hivemq-controller-54] INFO  c.h.p.o.h.AbstractHiveMQReconcilerStateHandler - [helmupgr] Update HiveMQ Platform Status (ROLLING_RESTART [SCALE_DOWN_IN_PROGRESS] -> RUNNING [READY]): HiveMQ Platform is ready
2025-01-28 21:25:22,710 DEBUG com.hivemq.helmcharts.util.K8sUtil - Comparing actual state 'RUNNING' and waiting for 'RUNNING'
2025-01-28 21:25:22,717 INFO c.h.h.t.HelmChartContainer - [hivemq-test-hivemq-platform] [hivemq-platform-operator] [8912da67] 21:25:22.716 [pool-6-thread-16] DEBUG c.h.p.o.dependants.PodInfoConfigMap - [helmupgr] Desired PodInfo ConfigMap (1 extensions) (1 enabled)
2025-01-28 21:25:22,718 INFO c.h.h.t.HelmChartContainer - [hivemq-test-hivemq-platform] [hivemq-platform-operator] [8912da67] 21:25:22.715 [pool-6-thread-14] DEBUG c.h.p.o.d.PlatformServiceResource - [helmupgr] Desired Platform services (3 services)
2025-01-28 21:25:22,722 INFO c.h.h.t.HelmChartContainer - [hivemq-test-hivemq-platform] [hivemq-platform-operator] [8912da67] 21:25:22.717 [pool-6-thread-16] DEBUG c.h.p.o.dependants.PodInfoConfigMap - [helmupgr] Desired PodInfo ConfigMap (metrics port: 9399) (metrics path: /)
2025-01-28 21:25:22,723 INFO c.h.h.t.HelmChartContainer - [hivemq-test-hivemq-platform] [hivemq-platform-operator] [8912da67] 21:25:22.720 [pool-6-thread-16] DEBUG c.h.p.o.dependants.PodInfoConfigMap - [helmupgr] Desired PodInfo ConfigMap (extension state hash: -1104086761)
2025-01-28 21:25:22,723 INFO c.h.h.t.HelmChartContainer - [hivemq-test-hivemq-platform] [hivemq-platform-operator] [8912da67] 21:25:22.721 [pool-6-thread-16] DEBUG c.h.p.o.dependants.PodInfoConfigMap - [helmupgr] Update PodInfo ConfigMap
2025-01-28 21:25:22,723 INFO c.h.h.t.HelmChartContainer - [hivemq-test-hivemq-platform] [hivemq-platform-operator] [8912da67] 21:25:22.717 [pool-6-thread-15] DEBUG c.h.p.o.d.PodServiceAccountResource - [helmupgr] Desired PodServiceAccountResource (serviceAccountName: hivemq-platform-pod-test-hivemq-platform)
2025-01-28 21:25:22,736 INFO c.h.h.t.HelmChartContainer - [hivemq-test-hivemq-platform] [hivemq-platform-operator] [8912da67] 21:25:22.730 [pool-6-thread-16] DEBUG c.h.p.o.d.StatefulSetResource - [helmupgr] Desired StatefulSet (1 replicas) for status RUNNING (READY)
2025-01-28 21:25:22,736 INFO c.h.h.t.HelmChartContainer - [hivemq-test-hivemq-platform] [hivemq-platform-operator] [8912da67] 21:25:22.733 [ReconcilerExecutor-hivemq-controller-54] INFO  c.h.p.o.HiveMQPlatformReconciler - [helmupgr] Reconciling HiveMQ Platform 'test-hivemq-platform' in namespace 'helmupgradeextensionit'
2025-01-28 21:25:22,736 INFO c.h.h.t.HelmChartContainer - [hivemq-test-hivemq-platform] [hivemq-platform-operator] [8912da67] 21:25:22.733 [ReconcilerExecutor-hivemq-controller-54] DEBUG c.h.p.o.HiveMQPlatformReconciler - [helmupgr] Custom Resource Status RUNNING - HiveMQ Platform is ready (READY)
2025-01-28 21:25:22,736 INFO c.h.h.t.HelmChartContainer - [hivemq-test-hivemq-platform] [hivemq-platform-operator] [8912da67] 21:25:22.733 [ReconcilerExecutor-hivemq-controller-54] DEBUG c.h.p.o.HiveMQPlatformReconciler - [helmupgr] Custom Resource Spec (replicas: 1) (extensions: 1)
2025-01-28 21:25:22,737 INFO c.h.h.t.HelmChartContainer - [hivemq-test-hivemq-platform] [hivemq-platform-operator] [8912da67] 21:25:22.736 [ReconcilerExecutor-hivemq-controller-54] DEBUG c.h.p.o.HiveMQPlatformReconciler - [helmupgr] StatefulSet Status (revision: test-hivemq-platform-7c6d7d4d7b, replicas: 2, available: 1, ready: 1, current: 0, updated: 1)
2025-01-28 21:25:22,778 INFO c.h.h.t.HelmChartContainer - [K3S] [reconciler_common.go:162] "operationExecutor.UnmountVolume started for volume \"kube-api-access-8dhx4\" (UniqueName: \"kubernetes.io/projected/4d357a77-09ec-429a-b8e5-f0723ebb76ad-kube-api-access-8dhx4\") pod \"4d357a77-09ec-429a-b8e5-f0723ebb76ad\" (UID: \"4d357a77-09ec-429a-b8e5-f0723ebb76ad\") "
2025-01-28 21:25:22,779 INFO c.h.h.t.HelmChartContainer - [K3S] [reconciler_common.go:162] "operationExecutor.UnmountVolume started for volume \"extension-configuration-hivemq-bridge-extension\" (UniqueName: \"kubernetes.io/configmap/4d357a77-09ec-429a-b8e5-f0723ebb76ad-extension-configuration-hivemq-bridge-extension\") pod \"4d357a77-09ec-429a-b8e5-f0723ebb76ad\" (UID: \"4d357a77-09ec-429a-b8e5-f0723ebb76ad\") "
2025-01-28 21:25:22,779 INFO c.h.h.t.HelmChartContainer - [K3S] [reconciler_common.go:162] "operationExecutor.UnmountVolume started for volume \"broker-configuration\" (UniqueName: \"kubernetes.io/configmap/4d357a77-09ec-429a-b8e5-f0723ebb76ad-broker-configuration\") pod \"4d357a77-09ec-429a-b8e5-f0723ebb76ad\" (UID: \"4d357a77-09ec-429a-b8e5-f0723ebb76ad\") "
2025-01-28 21:25:22,779 INFO c.h.h.t.HelmChartContainer - [K3S] [reconciler_common.go:162] "operationExecutor.UnmountVolume started for volume \"pod-info\" (UniqueName: \"kubernetes.io/configmap/4d357a77-09ec-429a-b8e5-f0723ebb76ad-pod-info\") pod \"4d357a77-09ec-429a-b8e5-f0723ebb76ad\" (UID: \"4d357a77-09ec-429a-b8e5-f0723ebb76ad\") "
2025-01-28 21:25:22,779 INFO c.h.h.t.HelmChartContainer - [K3S] [reconciler_common.go:162] "operationExecutor.UnmountVolume started for volume \"operator-init\" (UniqueName: \"kubernetes.io/empty-dir/4d357a77-09ec-429a-b8e5-f0723ebb76ad-operator-init\") pod \"4d357a77-09ec-429a-b8e5-f0723ebb76ad\" (UID: \"4d357a77-09ec-429a-b8e5-f0723ebb76ad\") "
2025-01-28 21:25:22,786 INFO c.h.h.t.HelmChartContainer - [hivemq-test-hivemq-platform] [hivemq-platform-operator] [8912da67] 21:25:22.785 [ReconcilerExecutor-hivemq-controller-54] DEBUG c.h.p.o.HiveMQPlatformReconciler - [helmupgr] StatefulSet Spec (replicas: 1, init containers: 1, containers: 1, volumes: 4)
2025-01-28 21:25:22,788 INFO c.h.h.t.HelmChartContainer - [hivemq-test-hivemq-platform] [hivemq-platform-operator] [8912da67] 21:25:22.787 [ReconcilerExecutor-hivemq-controller-54] DEBUG c.h.p.o.h.HiveMQPlatformReconcilerErrorHandler - [helmupgr] Pod 'test-hivemq-platform-0' phase Running
2025-01-28 21:25:22,878 INFO c.h.h.t.HelmChartContainer - [K3S] [reconciler_common.go:299] "Volume detached for volume \"broker-configuration\" (UniqueName: \"kubernetes.io/configmap/4d357a77-09ec-429a-b8e5-f0723ebb76ad-broker-configuration\") on node \"42ea5d3d1b91\" DevicePath \"\""
2025-01-28 21:25:22,879 INFO c.h.h.t.HelmChartContainer - [K3S] [reconciler_common.go:299] "Volume detached for volume \"pod-info\" (UniqueName: \"kubernetes.io/configmap/4d357a77-09ec-429a-b8e5-f0723ebb76ad-pod-info\") on node \"42ea5d3d1b91\" DevicePath \"\""
2025-01-28 21:25:22,879 INFO c.h.h.t.HelmChartContainer - [K3S] [reconciler_common.go:299] "Volume detached for volume \"operator-init\" (UniqueName: \"kubernetes.io/empty-dir/4d357a77-09ec-429a-b8e5-f0723ebb76ad-operator-init\") on node \"42ea5d3d1b91\" DevicePath \"\""
2025-01-28 21:25:22,879 INFO c.h.h.t.HelmChartContainer - [K3S] [reconciler_common.go:299] "Volume detached for volume \"kube-api-access-8dhx4\" (UniqueName: \"kubernetes.io/projected/4d357a77-09ec-429a-b8e5-f0723ebb76ad-kube-api-access-8dhx4\") on node \"42ea5d3d1b91\" DevicePath \"\""
2025-01-28 21:25:22,879 INFO c.h.h.t.HelmChartContainer - [K3S] [reconciler_common.go:299] "Volume detached for volume \"extension-configuration-hivemq-bridge-extension\" (UniqueName: \"kubernetes.io/configmap/4d357a77-09ec-429a-b8e5-f0723ebb76ad-extension-configuration-hivemq-bridge-extension\") on node \"42ea5d3d1b91\" DevicePath \"\""
2025-01-28 21:25:23,013 INFO c.h.h.t.HelmChartContainer - [K3S] [scope.go:117] "RemoveContainer" containerID="2c333ad94d193d9f3a6321c02fab9e8bc0c7aa6df88c87d2ad8888db2ab06733"
2025-01-28 21:25:23,041 INFO c.h.h.t.HelmChartContainer - [POD] test-hivemq-platform-1 [4d357a77-09ec-429a-b8e5-f0723ebb76ad] in helmupgradeextensionit was MODIFIED
2025-01-28 21:25:23,047 INFO c.h.h.t.HelmChartContainer - [POD] test-hivemq-platform-1 [4d357a77-09ec-429a-b8e5-f0723ebb76ad] in helmupgradeextensionit was DELETED
2025-01-28 21:25:23,047 INFO c.h.h.t.HelmChartContainer - [hivemq-test-hivemq-platform] [hivemq-platform-operator] [8912da67] 21:25:23.042 [pool-6-thread-25] DEBUG c.h.p.o.d.PlatformServiceResource - [helmupgr] Desired Platform services (3 services)
2025-01-28 21:25:23,047 INFO c.h.h.t.HelmChartContainer - [hivemq-test-hivemq-platform] [hivemq-platform-operator] [8912da67] 21:25:23.044 [pool-6-thread-30] DEBUG c.h.p.o.d.PodServiceAccountResource - [helmupgr] Desired PodServiceAccountResource (serviceAccountName: hivemq-platform-pod-test-hivemq-platform)
2025-01-28 21:25:23,049 INFO c.h.h.t.HelmChartContainer - [hivemq-test-hivemq-platform] [hivemq-platform-operator] [8912da67] 21:25:23.047 [pool-6-thread-23] DEBUG c.h.p.o.dependants.PodInfoConfigMap - [helmupgr] Desired PodInfo ConfigMap (1 extensions) (1 enabled)
2025-01-28 21:25:23,049 INFO c.h.h.t.HelmChartContainer - [hivemq-test-hivemq-platform] [hivemq-platform-operator] [8912da67] 21:25:23.047 [pool-6-thread-23] DEBUG c.h.p.o.dependants.PodInfoConfigMap - [helmupgr] Desired PodInfo ConfigMap (metrics port: 9399) (metrics path: /)
2025-01-28 21:25:23,049 INFO c.h.h.t.HelmChartContainer - [hivemq-test-hivemq-platform] [hivemq-platform-operator] [8912da67] 21:25:23.047 [pool-6-thread-23] DEBUG c.h.p.o.dependants.PodInfoConfigMap - [helmupgr] Desired PodInfo ConfigMap (extension state hash: -1104086761)
2025-01-28 21:25:23,051 INFO c.h.h.t.HelmChartContainer - [hivemq-test-hivemq-platform] [hivemq-platform-operator] [8912da67] 21:25:23.050 [pool-6-thread-22] DEBUG c.h.p.o.d.StatefulSetResource - [helmupgr] Desired StatefulSet (1 replicas) for status RUNNING (READY)
2025-01-28 21:25:23,055 INFO c.h.h.t.HelmChartContainer - [hivemq-test-hivemq-platform] [hivemq-platform-operator] [8912da67] 21:25:23.054 [ReconcilerExecutor-hivemq-controller-76] INFO  c.h.p.o.HiveMQPlatformReconciler - [helmupgr] Reconciling HiveMQ Platform 'test-hivemq-platform' in namespace 'helmupgradeextensionit'
2025-01-28 21:25:23,055 INFO c.h.h.t.HelmChartContainer - [hivemq-test-hivemq-platform] [hivemq-platform-operator] [8912da67] 21:25:23.054 [ReconcilerExecutor-hivemq-controller-76] DEBUG c.h.p.o.HiveMQPlatformReconciler - [helmupgr] Custom Resource Status RUNNING - HiveMQ Platform is ready (READY)
2025-01-28 21:25:23,055 INFO c.h.h.t.HelmChartContainer - [hivemq-test-hivemq-platform] [hivemq-platform-operator] [8912da67] 21:25:23.054 [ReconcilerExecutor-hivemq-controller-76] DEBUG c.h.p.o.HiveMQPlatformReconciler - [helmupgr] Custom Resource Spec (replicas: 1) (extensions: 1)
2025-01-28 21:25:23,056 INFO c.h.h.t.HelmChartContainer - [hivemq-test-hivemq-platform] [hivemq-platform-operator] [8912da67] 21:25:23.055 [ReconcilerExecutor-hivemq-controller-76] DEBUG c.h.p.o.HiveMQPlatformReconciler - [helmupgr] StatefulSet Status (revision: test-hivemq-platform-7c6d7d4d7b, replicas: 1, available: 1, ready: 1, current: 0, updated: 1)
2025-01-28 21:25:23,056 INFO c.h.h.t.HelmChartContainer - [hivemq-test-hivemq-platform] [hivemq-platform-operator] [8912da67] 21:25:23.055 [ReconcilerExecutor-hivemq-controller-76] DEBUG c.h.p.o.HiveMQPlatformReconciler - [helmupgr] StatefulSet Spec (replicas: 1, init containers: 1, containers: 1, volumes: 4)
2025-01-28 21:25:23,060 INFO c.h.h.t.HelmChartContainer - [hivemq-test-hivemq-platform] [hivemq-platform-operator] [8912da67] 21:25:23.058 [ReconcilerExecutor-hivemq-controller-76] DEBUG c.h.p.o.h.HiveMQPlatformReconcilerErrorHandler - [helmupgr] Pod 'test-hivemq-platform-0' phase Running
2025-01-28 21:25:23,063 INFO c.h.h.t.HelmChartContainer - [hivemq-test-hivemq-platform] [hivemq-platform-operator] [8912da67] 21:25:23.062 [pool-6-thread-39] DEBUG c.h.p.o.d.PlatformServiceResource - [helmupgr] Desired Platform services (3 services)
2025-01-28 21:25:23,066 INFO c.h.h.t.HelmChartContainer - [hivemq-test-hivemq-platform] [hivemq-platform-operator] [8912da67] 21:25:23.065 [pool-6-thread-32] DEBUG c.h.p.o.dependants.PodInfoConfigMap - [helmupgr] Desired PodInfo ConfigMap (1 extensions) (1 enabled)
2025-01-28 21:25:23,066 INFO c.h.h.t.HelmChartContainer - [hivemq-test-hivemq-platform] [hivemq-platform-operator] [8912da67] 21:25:23.065 [pool-6-thread-32] DEBUG c.h.p.o.dependants.PodInfoConfigMap - [helmupgr] Desired PodInfo ConfigMap (metrics port: 9399) (metrics path: /)
2025-01-28 21:25:23,066 INFO c.h.h.t.HelmChartContainer - [hivemq-test-hivemq-platform] [hivemq-platform-operator] [8912da67] 21:25:23.065 [pool-6-thread-32] DEBUG c.h.p.o.dependants.PodInfoConfigMap - [helmupgr] Desired PodInfo ConfigMap (extension state hash: -1104086761)
2025-01-28 21:25:23,066 INFO c.h.h.t.HelmChartContainer - [hivemq-test-hivemq-platform] [hivemq-platform-operator] [8912da67] 21:25:23.065 [pool-6-thread-32] DEBUG c.h.p.o.d.PodServiceAccountResource - [helmupgr] Desired PodServiceAccountResource (serviceAccountName: hivemq-platform-pod-test-hivemq-platform)
2025-01-28 21:25:23,122 INFO c.h.h.t.HelmChartContainer - [hivemq-test-hivemq-platform] [hivemq-platform-operator] [8912da67] 21:25:23.119 [pool-6-thread-32] DEBUG c.h.p.o.d.StatefulSetResource - [helmupgr] Desired StatefulSet (1 replicas) for status RUNNING (READY)
2025-01-28 21:25:23,125 INFO c.h.h.t.HelmChartContainer - [hivemq-test-hivemq-platform] [hivemq-platform-operator] [8912da67] 21:25:23.121 [ReconcilerExecutor-hivemq-controller-76] INFO  c.h.p.o.HiveMQPlatformReconciler - [helmupgr] Reconciling HiveMQ Platform 'test-hivemq-platform' in namespace 'helmupgradeextensionit'
2025-01-28 21:25:23,125 INFO c.h.h.t.HelmChartContainer - [hivemq-test-hivemq-platform] [hivemq-platform-operator] [8912da67] 21:25:23.121 [ReconcilerExecutor-hivemq-controller-76] DEBUG c.h.p.o.HiveMQPlatformReconciler - [helmupgr] Custom Resource Status RUNNING - HiveMQ Platform is ready (READY)
2025-01-28 21:25:23,125 INFO c.h.h.t.HelmChartContainer - [hivemq-test-hivemq-platform] [hivemq-platform-operator] [8912da67] 21:25:23.121 [ReconcilerExecutor-hivemq-controller-76] DEBUG c.h.p.o.HiveMQPlatformReconciler - [helmupgr] Custom Resource Spec (replicas: 1) (extensions: 1)
2025-01-28 21:25:23,125 INFO c.h.h.t.HelmChartContainer - [hivemq-test-hivemq-platform] [hivemq-platform-operator] [8912da67] 21:25:23.123 [ReconcilerExecutor-hivemq-controller-76] DEBUG c.h.p.o.HiveMQPlatformReconciler - [helmupgr] StatefulSet Status (revision: test-hivemq-platform-7c6d7d4d7b, replicas: 1, available: 1, ready: 1, current: 0, updated: 1)
2025-01-28 21:25:23,125 INFO c.h.h.t.HelmChartContainer - [hivemq-test-hivemq-platform] [hivemq-platform-operator] [8912da67] 21:25:23.123 [ReconcilerExecutor-hivemq-controller-76] DEBUG c.h.p.o.HiveMQPlatformReconciler - [helmupgr] StatefulSet Spec (replicas: 1, init containers: 1, containers: 1, volumes: 4)
2025-01-28 21:25:23,125 INFO c.h.h.t.HelmChartContainer - [hivemq-test-hivemq-platform] [hivemq-platform-operator] [8912da67] 21:25:23.124 [ReconcilerExecutor-hivemq-controller-76] DEBUG c.h.p.o.h.HiveMQPlatformReconcilerErrorHandler - [helmupgr] Pod 'test-hivemq-platform-0' phase Running
2025-01-28 21:25:23,142 INFO c.h.h.t.HelmChartContainer - [K3S] [scope.go:117] "RemoveContainer" containerID="2c135289a293d763b6ea946e96bce6f5001465a442639d3953aa60effa0fc25d"
2025-01-28 21:25:23,147 INFO c.h.h.t.HelmChartContainer - [K3S] [scope.go:117] "RemoveContainer" containerID="2c333ad94d193d9f3a6321c02fab9e8bc0c7aa6df88c87d2ad8888db2ab06733"
2025-01-28 21:25:23,147 INFO c.h.h.t.HelmChartContainer - [K3S] [scope.go:117] "RemoveContainer" containerID="2c135289a293d763b6ea946e96bce6f5001465a442639d3953aa60effa0fc25d"
2025-01-28 21:25:23,255 INFO c.h.h.t.HelmChartContainer - [K3S] [kubelet_volumes.go:163] "Cleaned up orphaned pod volumes dir" podUID="4d357a77-09ec-429a-b8e5-f0723ebb76ad" path="/var/lib/kubelet/pods/4d357a77-09ec-429a-b8e5-f0723ebb76ad/volumes"
2025-01-28 21:25:23,605 INFO c.h.h.t.HelmChartContainer - [test-hivemq-platform] [hivemq] [4c730e4f] WARN  - Bridge Extension: Connect to bridge 'testbridge' failed for the 3 time, reason: connection timed out after 10000 ms: /172.17.0.3:1883
2025-01-28 21:25:23,658 INFO c.h.h.t.HelmChartContainer - [test-hivemq-platform] [hivemq] [4c730e4f] WARN  - Bridge Extension: Connect to bridge 'testbridge' failed for the 3 time, reason: connection timed out after 10000 ms: /172.17.0.3:1883
2025-01-28 21:25:26,738 INFO c.h.h.t.HelmChartContainer - Uninstalling release 'test-hivemq-platform' in namespace 'helmupgradeextensionit'...
2025-01-28 21:25:26,738 DEBUG c.h.h.t.HelmChartContainer - Executing helm command: /bin/helm --kubeconfig /etc/rancher/k3s/k3s.yaml uninstall test-hivemq-platform  --wait --timeout 5m0s --cascade foreground --namespace helmupgradeextensionit
2025-01-28 21:25:26,973 INFO c.h.h.t.HelmChartContainer - [hivemq-test-hivemq-platform] [hivemq-platform-operator] [8912da67] 21:25:26.958 [ReconcilerExecutor-hivemq-controller-98] INFO  c.h.p.o.HiveMQPlatformReconciler - [helmupgr] Cleanup test-hivemq-platform - helmupgradeextensionit HiveMQ Platform is shut down
2025-01-28 21:25:27,763 INFO c.h.h.t.HelmChartContainer - [POD] test-hivemq-platform-0 [4c730e4f-4905-4846-9132-8c3451ada361] in helmupgradeextensionit was MODIFIED
2025-01-28 21:25:27,770 INFO c.h.h.t.HelmChartContainer - [EVENT] Normal [Killing] Stopping container hivemq [helmupgradeextensionit:test-hivemq-platform-0]
2025-01-28 21:25:27,770 INFO c.h.h.t.HelmChartContainer - Received Killing event for container hivemq in pod test-hivemq-platform-0 [4c730e4f-4905-4846-9132-8c3451ada361]
2025-01-28 21:25:27,770 INFO c.h.h.t.HelmChartContainer - Container [test-hivemq-platform-0] [hivemq] [4c730e4f-4905-4846-9132-8c3451ada361] was terminated
2025-01-28 21:25:27,770 INFO c.h.h.t.HelmChartContainer - Stopped log watcher for hivemq in pod test-hivemq-platform-0 [4c730e4f-4905-4846-9132-8c3451ada361]
2025-01-28 21:25:27,770 INFO c.h.h.t.HelmChartContainer - [test-hivemq-platform] [hivemq] [4c730e4f] INFO  - [HiveMQ Platform Operator Init App 1.7.0-SNAPSHOT] Shutting down
2025-01-28 21:25:27,770 INFO c.h.h.t.HelmChartContainer - [test-hivemq-platform] [hivemq] [4c730e4f] INFO  - [HiveMQ Platform Operator Init App 1.7.0-SNAPSHOT] Stopping the HiveMQ Platform
2025-01-28 21:25:27,882 INFO c.h.h.t.HelmChartContainer - [test-hivemq-platform] [hivemq] [4c730e4f] INFO  - Shutting down HiveMQ. Please wait, this could take a while...
2025-01-28 21:25:27,965 INFO c.h.h.t.HelmChartContainer - [test-hivemq-platform] [hivemq] [4c730e4f] INFO  - Shutting down listeners and clients
2025-01-28 21:25:27,966 INFO c.h.h.t.HelmChartContainer - [test-hivemq-platform] [hivemq] [4c730e4f] INFO  - Shutdown of listeners is done
2025-01-28 21:25:27,967 INFO c.h.h.t.HelmChartContainer - [test-hivemq-platform] [hivemq] [4c730e4f] INFO  - No clients are connected, proceeding with shutdown
2025-01-28 21:25:29,045 INFO c.h.h.t.HelmChartContainer - Deleting namespace 'helmupgradeextensionit'...
2025-01-28 21:25:30,272 INFO c.h.h.t.HelmChartContainer - [test-hivemq-platform] [hivemq] [4c730e4f] INFO  - [HiveMQ Platform Operator Init App 1.7.0-SNAPSHOT] Returning shutdown Health API response 503 for readiness
2025-01-28 21:25:30,276 INFO c.h.h.t.HelmChartContainer - [EVENT] Warning [Unhealthy] Readiness probe failed: HTTP probe failed with statuscode: 503 [helmupgradeextensionit:test-hivemq-platform-0]
2025-01-28 21:25:30,277 INFO c.h.h.t.HelmChartContainer - Received Unhealthy event for container hivemq in pod test-hivemq-platform-0 [4c730e4f-4905-4846-9132-8c3451ada361]
2025-01-28 21:25:30,880 INFO c.h.h.t.HelmChartContainer - [test-hivemq-platform] [hivemq] [4c730e4f] INFO  - Shutting down extension system
2025-01-28 21:25:30,883 INFO c.h.h.t.HelmChartContainer - [test-hivemq-platform] [hivemq] [4c730e4f] INFO  - Stopping extension with id hivemq-dns-cluster-discovery
2025-01-28 21:25:30,883 INFO c.h.h.t.HelmChartContainer - [test-hivemq-platform] [hivemq] [4c730e4f] INFO  - Extension "DNS Cluster Discovery Extension" version 4.3.2 stopped successfully.
2025-01-28 21:25:30,883 INFO c.h.h.t.HelmChartContainer - [test-hivemq-platform] [hivemq] [4c730e4f] INFO  - Stopping extension with id hivemq-bridge-extension
2025-01-28 21:25:30,886 INFO c.h.h.t.HelmChartContainer - [test-hivemq-platform] [hivemq] [4c730e4f] INFO  - Bridge Extension: Stopping extension
2025-01-28 21:25:30,891 INFO c.h.h.t.HelmChartContainer - [K3S] [authentication.go:74] "Unable to authenticate the request" err="[invalid bearer token, serviceaccounts \"hivemq-platform-pod-test-hivemq-platform\" not found]"
2025-01-28 21:25:30,963 INFO c.h.h.t.HelmChartContainer - [test-hivemq-platform] [hivemq] [4c730e4f] ERROR - Bridge Extension: Error when disconnecting client "testbridge-0-626db4d1-790e-4935-a766-fa8533733585". Reason: MQTT client is not connected.
2025-01-28 21:25:30,963 INFO c.h.h.t.HelmChartContainer - [test-hivemq-platform] [hivemq] [4c730e4f] ERROR - Bridge Extension: Error when disconnecting client "testbridge-1-626db4d1-790e-4935-a766-fa8533733585". Reason: MQTT client is not connected.
2025-01-28 21:25:30,963 INFO c.h.h.t.HelmChartContainer - [test-hivemq-platform] [hivemq] [4c730e4f] INFO  - Extension "HiveMQ Enterprise Bridge Extension" version 4.36.0 stopped successfully.
2025-01-28 21:25:30,963 INFO c.h.h.t.HelmChartContainer - [test-hivemq-platform] [hivemq] [4c730e4f] INFO  - Stopping extension with id hivemq-prometheus-extension
2025-01-28 21:25:30,968 INFO c.h.h.t.HelmChartContainer - [test-hivemq-platform] [hivemq] [4c730e4f] INFO  - Extension "Prometheus Monitoring Extension" version 4.0.12 stopped successfully.
2025-01-28 21:25:30,968 INFO c.h.h.t.HelmChartContainer - [test-hivemq-platform] [hivemq] [4c730e4f] INFO  - Stopping extension with id hivemq-allow-all-extension
2025-01-28 21:25:30,968 INFO c.h.h.t.HelmChartContainer - [test-hivemq-platform] [hivemq] [4c730e4f] INFO  - Extension "Allow All Extension" version 1.1.1 stopped successfully.
2025-01-28 21:25:30,979 INFO c.h.h.t.HelmChartContainer - [K3S] [authentication.go:74] "Unable to authenticate the request" err="[invalid bearer token, serviceaccounts \"hivemq-platform-pod-test-hivemq-platform\" not found]"
2025-01-28 21:25:31,164 INFO c.h.h.t.HelmChartContainer - [test-hivemq-platform] [hivemq] [4c730e4f] WARN  - [HiveMQ Platform Operator Init App 1.7.0-SNAPSHOT] Could not update Pod annotations: Failure executing: GET at: https://10.43.0.1:443/api/v1/namespaces/helmupgradeextensionit/pods/test-hivemq-platform-0. Message: Unauthorized. Received status: Status(apiVersion=v1, code=401, details=null, kind=Status, message=Unauthorized, metadata=ListMeta(_continue=null, remainingItemCount=null, resourceVersion=null, selfLink=null, additionalProperties={}), reason=Unauthorized, status=Failure, additionalProperties={}).
2025-01-28 21:25:33,319 INFO c.h.h.t.HelmChartContainer - [test-hivemq-platform] [hivemq] [4c730e4f] INFO  - Shutdown completed.
2025-01-28 21:25:33,681 INFO c.h.h.t.HelmChartContainer - [test-hivemq-platform] [hivemq] [4c730e4f] INFO  - [HiveMQ Platform Operator Init App 1.7.0-SNAPSHOT] The HiveMQ Platform exited with code 143
2025-01-28 21:25:33,681 INFO c.h.h.t.HelmChartContainer - [test-hivemq-platform] [hivemq] [4c730e4f] INFO  - [HiveMQ Platform Operator Init App 1.7.0-SNAPSHOT] Stopping the REST API
2025-01-28 21:25:33,704 INFO c.h.h.t.HelmChartContainer - [test-hivemq-platform] [hivemq] [4c730e4f] INFO  - [HiveMQ Platform Operator Init App 1.7.0-SNAPSHOT] Shutdown complete
2025-01-28 21:25:34,069 INFO c.h.h.t.HelmChartContainer - [K3S] [stateful_set.go:466] "StatefulSet has been deleted" key="helmupgradeextensionit/test-hivemq-platform"
2025-01-28 21:25:34,175 INFO c.h.h.t.HelmChartContainer - [POD] test-hivemq-platform-0 [4c730e4f-4905-4846-9132-8c3451ada361] in helmupgradeextensionit was MODIFIED
2025-01-28 21:25:34,236 INFO c.h.h.t.HelmChartContainer - [K3S] [reconciler_common.go:162] "operationExecutor.UnmountVolume started for volume \"operator-init\" (UniqueName: \"kubernetes.io/empty-dir/4c730e4f-4905-4846-9132-8c3451ada361-operator-init\") pod \"4c730e4f-4905-4846-9132-8c3451ada361\" (UID: \"4c730e4f-4905-4846-9132-8c3451ada361\") "
2025-01-28 21:25:34,236 INFO c.h.h.t.HelmChartContainer - [K3S] [reconciler_common.go:162] "operationExecutor.UnmountVolume started for volume \"kube-api-access-qhfwf\" (UniqueName: \"kubernetes.io/projected/4c730e4f-4905-4846-9132-8c3451ada361-kube-api-access-qhfwf\") pod \"4c730e4f-4905-4846-9132-8c3451ada361\" (UID: \"4c730e4f-4905-4846-9132-8c3451ada361\") "
2025-01-28 21:25:34,236 INFO c.h.h.t.HelmChartContainer - [K3S] [reconciler_common.go:162] "operationExecutor.UnmountVolume started for volume \"pod-info\" (UniqueName: \"kubernetes.io/configmap/4c730e4f-4905-4846-9132-8c3451ada361-pod-info\") pod \"4c730e4f-4905-4846-9132-8c3451ada361\" (UID: \"4c730e4f-4905-4846-9132-8c3451ada361\") "
2025-01-28 21:25:34,236 INFO c.h.h.t.HelmChartContainer - [K3S] [reconciler_common.go:162] "operationExecutor.UnmountVolume started for volume \"extension-configuration-hivemq-bridge-extension\" (UniqueName: \"kubernetes.io/configmap/4c730e4f-4905-4846-9132-8c3451ada361-extension-configuration-hivemq-bridge-extension\") pod \"4c730e4f-4905-4846-9132-8c3451ada361\" (UID: \"4c730e4f-4905-4846-9132-8c3451ada361\") "
2025-01-28 21:25:34,237 INFO c.h.h.t.HelmChartContainer - [K3S] [reconciler_common.go:162] "operationExecutor.UnmountVolume started for volume \"broker-configuration\" (UniqueName: \"kubernetes.io/configmap/4c730e4f-4905-4846-9132-8c3451ada361-broker-configuration\") pod \"4c730e4f-4905-4846-9132-8c3451ada361\" (UID: \"4c730e4f-4905-4846-9132-8c3451ada361\") "
2025-01-28 21:25:34,302 INFO c.h.h.t.HelmChartContainer - [K3S] [namespace_controller.go:164] "Unhandled Error" err="deletion of namespace helmupgradeextensionit failed: unexpected items still remain in namespace: helmupgradeextensionit for gvr: /v1, Resource=pods"
2025-01-28 21:25:34,336 INFO c.h.h.t.HelmChartContainer - [K3S] [reconciler_common.go:299] "Volume detached for volume \"operator-init\" (UniqueName: \"kubernetes.io/empty-dir/4c730e4f-4905-4846-9132-8c3451ada361-operator-init\") on node \"42ea5d3d1b91\" DevicePath \"\""
2025-01-28 21:25:34,336 INFO c.h.h.t.HelmChartContainer - [K3S] [reconciler_common.go:299] "Volume detached for volume \"kube-api-access-qhfwf\" (UniqueName: \"kubernetes.io/projected/4c730e4f-4905-4846-9132-8c3451ada361-kube-api-access-qhfwf\") on node \"42ea5d3d1b91\" DevicePath \"\""
2025-01-28 21:25:34,336 INFO c.h.h.t.HelmChartContainer - [K3S] [reconciler_common.go:299] "Volume detached for volume \"extension-configuration-hivemq-bridge-extension\" (UniqueName: \"kubernetes.io/configmap/4c730e4f-4905-4846-9132-8c3451ada361-extension-configuration-hivemq-bridge-extension\") on node \"42ea5d3d1b91\" DevicePath \"\""
2025-01-28 21:25:34,336 INFO c.h.h.t.HelmChartContainer - [K3S] [reconciler_common.go:299] "Volume detached for volume \"pod-info\" (UniqueName: \"kubernetes.io/configmap/4c730e4f-4905-4846-9132-8c3451ada361-pod-info\") on node \"42ea5d3d1b91\" DevicePath \"\""
2025-01-28 21:25:34,336 INFO c.h.h.t.HelmChartContainer - [K3S] [reconciler_common.go:299] "Volume detached for volume \"broker-configuration\" (UniqueName: \"kubernetes.io/configmap/4c730e4f-4905-4846-9132-8c3451ada361-broker-configuration\") on node \"42ea5d3d1b91\" DevicePath \"\""
2025-01-28 21:25:34,460 INFO c.h.h.t.HelmChartContainer - [K3S] [namespace_controller.go:164] "Unhandled Error" err="deletion of namespace helmupgradeextensionit failed: unexpected items still remain in namespace: helmupgradeextensionit for gvr: /v1, Resource=pods"
2025-01-28 21:25:34,564 INFO c.h.h.t.HelmChartContainer - [K3S] [namespace_controller.go:164] "Unhandled Error" err="deletion of namespace helmupgradeextensionit failed: unexpected items still remain in namespace: helmupgradeextensionit for gvr: /v1, Resource=pods"
2025-01-28 21:25:34,676 INFO c.h.h.t.HelmChartContainer - [K3S] [namespace_controller.go:164] "Unhandled Error" err="deletion of namespace helmupgradeextensionit failed: unexpected items still remain in namespace: helmupgradeextensionit for gvr: /v1, Resource=pods"
2025-01-28 21:25:34,805 INFO c.h.h.t.HelmChartContainer - [K3S] [namespace_controller.go:164] "Unhandled Error" err="deletion of namespace helmupgradeextensionit failed: unexpected items still remain in namespace: helmupgradeextensionit for gvr: /v1, Resource=pods"
2025-01-28 21:25:34,973 INFO c.h.h.t.HelmChartContainer - [K3S] [namespace_controller.go:164] "Unhandled Error" err="deletion of namespace helmupgradeextensionit failed: unexpected items still remain in namespace: helmupgradeextensionit for gvr: /v1, Resource=pods"
2025-01-28 21:25:35,032 INFO c.h.h.t.HelmChartContainer - [K3S] [scope.go:117] "RemoveContainer" containerID="771651b1652a233efb8d45006a9b3041f96d77d3367f7e10576ceaa889de4a83"
2025-01-28 21:25:35,050 INFO c.h.h.t.HelmChartContainer - [POD] test-hivemq-platform-0 [4c730e4f-4905-4846-9132-8c3451ada361] in helmupgradeextensionit was MODIFIED
2025-01-28 21:25:35,064 INFO c.h.h.t.HelmChartContainer - [POD] test-hivemq-platform-0 [4c730e4f-4905-4846-9132-8c3451ada361] in helmupgradeextensionit was DELETED
2025-01-28 21:25:35,160 INFO c.h.h.t.HelmChartContainer - [K3S] [scope.go:117] "RemoveContainer" containerID="b1f15249c517a86b6b9ca508a20100da0559803dec252335067d20c6a8868f4c"
2025-01-28 21:25:35,163 INFO c.h.h.t.HelmChartContainer - [K3S] [scope.go:117] "RemoveContainer" containerID="771651b1652a233efb8d45006a9b3041f96d77d3367f7e10576ceaa889de4a83"
2025-01-28 21:25:35,164 INFO c.h.h.t.HelmChartContainer - [K3S] [scope.go:117] "RemoveContainer" containerID="b1f15249c517a86b6b9ca508a20100da0559803dec252335067d20c6a8868f4c"
2025-01-28 21:25:35,254 INFO c.h.h.t.HelmChartContainer - [K3S] [kubelet_volumes.go:163] "Cleaned up orphaned pod volumes dir" podUID="4c730e4f-4905-4846-9132-8c3451ada361" path="/var/lib/kubelet/pods/4c730e4f-4905-4846-9132-8c3451ada361/volumes"
2025-01-28 21:25:35,268 INFO c.h.h.t.HelmChartContainer - Namespace 'helmupgradeextensionit' deleted
2025-01-28 21:25:35,268 INFO c.h.h.t.HelmChartContainer - Release 'test-hivemq-platform' in namespace 'helmupgradeextensionit' is uninstalled
2025-01-28 21:25:35,268 INFO c.h.h.t.HelmChartContainer - Uninstalling release 'test-hivemq-platform-operator' in namespace 'helmupgradeextensionit-operator'...
2025-01-28 21:25:35,268 DEBUG c.h.h.t.HelmChartContainer - Executing helm command: /bin/helm --kubeconfig /etc/rancher/k3s/k3s.yaml uninstall test-hivemq-platform-operator  --wait --timeout 5m0s --cascade foreground --namespace helmupgradeextensionit-operator
2025-01-28 21:25:35,423 INFO c.h.h.t.HelmChartContainer - [K3S] [replica_set.go:679] "Finished syncing" kind="ReplicaSet" key="helmupgradeextensionit-operator/hivemq-test-hivemq-platform-operator-6966f96d65" duration="8.843262ms"
2025-01-28 21:25:35,423 INFO c.h.h.t.HelmChartContainer - [K3S] [replica_set.go:679] "Finished syncing" kind="ReplicaSet" key="helmupgradeextensionit-operator/hivemq-test-hivemq-platform-operator-6966f96d65" duration="35.887µs"
2025-01-28 21:25:35,433 INFO c.h.h.t.HelmChartContainer - [POD] hivemq-test-hivemq-platform-operator-6966f96d65-n4brq [8912da67-6623-47ef-9c33-4a80728d0662] in helmupgradeextensionit-operator was MODIFIED
2025-01-28 21:25:35,446 INFO c.h.h.t.HelmChartContainer - [EVENT] Normal [Killing] Stopping container hivemq-platform-operator [helmupgradeextensionit-operator:hivemq-test-hivemq-platform-operator-6966f96d65-n4brq]
2025-01-28 21:25:35,447 INFO c.h.h.t.HelmChartContainer - Received Killing event for container hivemq-platform-operator in pod hivemq-test-hivemq-platform-operator-6966f96d65-n4brq [8912da67-6623-47ef-9c33-4a80728d0662]
2025-01-28 21:25:35,447 INFO c.h.h.t.HelmChartContainer - Container [hivemq-test-hivemq-platform-operator-6966f96d65-n4brq] [hivemq-platform-operator] [8912da67-6623-47ef-9c33-4a80728d0662] was terminated
2025-01-28 21:25:35,447 INFO c.h.h.t.HelmChartContainer - Stopped log watcher for hivemq-platform-operator in pod hivemq-test-hivemq-platform-operator-6966f96d65-n4brq [8912da67-6623-47ef-9c33-4a80728d0662]
2025-01-28 21:25:35,449 INFO c.h.h.t.HelmChartContainer - [hivemq-test-hivemq-platform] [hivemq-platform-operator] [8912da67] 21:25:35.446 [application-shutdown-thread] INFO  c.h.p.o.HiveMQPlatformOperatorApplication - HiveMQ Platform Operator is stopping...
2025-01-28 21:25:35,450 INFO c.h.h.t.HelmChartContainer - [hivemq-test-hivemq-platform] [hivemq-platform-operator] [8912da67] 21:25:35.446 [application-shutdown-thread] INFO  i.javaoperatorsdk.operator.Operator - Operator SDK 4.9.7 is shutting down...
2025-01-28 21:25:35,453 INFO c.h.h.t.HelmChartContainer - [K3S] [replica_set.go:679] "Finished syncing" kind="ReplicaSet" key="helmupgradeextensionit-operator/hivemq-test-hivemq-platform-operator-6966f96d65" duration="18.686607ms"
2025-01-28 21:25:35,454 INFO c.h.h.t.HelmChartContainer - [K3S] [replica_set.go:679] "Finished syncing" kind="ReplicaSet" key="helmupgradeextensionit-operator/hivemq-test-hivemq-platform-operator-6966f96d65" duration="36.337µs"
2025-01-28 21:25:35,961 INFO c.h.h.t.HelmChartContainer - [K3S] [replica_set.go:679] "Finished syncing" kind="ReplicaSet" key="helmupgradeextensionit-operator/hivemq-test-hivemq-platform-operator-6966f96d65" duration="39.143µs"
2025-01-28 21:25:35,962 INFO c.h.h.t.HelmChartContainer - [POD] hivemq-test-hivemq-platform-operator-6966f96d65-n4brq [8912da67-6623-47ef-9c33-4a80728d0662] in helmupgradeextensionit-operator was MODIFIED
2025-01-28 21:25:36,034 INFO c.h.h.t.HelmChartContainer - [K3S] [scope.go:117] "RemoveContainer" containerID="d2f55d6feece1df83d025415c39253d701543e30edbe7df25a68056e76d0e8df"
2025-01-28 21:25:36,037 INFO c.h.h.t.HelmChartContainer - [K3S] [scope.go:117] "RemoveContainer" containerID="d2f55d6feece1df83d025415c39253d701543e30edbe7df25a68056e76d0e8df"
2025-01-28 21:25:36,045 INFO c.h.h.t.HelmChartContainer - [K3S] [reconciler_common.go:162] "operationExecutor.UnmountVolume started for volume \"kube-api-access-lg6wv\" (UniqueName: \"kubernetes.io/projected/8912da67-6623-47ef-9c33-4a80728d0662-kube-api-access-lg6wv\") pod \"8912da67-6623-47ef-9c33-4a80728d0662\" (UID: \"8912da67-6623-47ef-9c33-4a80728d0662\") "
2025-01-28 21:25:36,146 INFO c.h.h.t.HelmChartContainer - [K3S] [reconciler_common.go:299] "Volume detached for volume \"kube-api-access-lg6wv\" (UniqueName: \"kubernetes.io/projected/8912da67-6623-47ef-9c33-4a80728d0662-kube-api-access-lg6wv\") on node \"42ea5d3d1b91\" DevicePath \"\""
2025-01-28 21:25:36,346 INFO c.h.h.t.HelmChartContainer - [K3S] [replica_set.go:679] "Finished syncing" kind="ReplicaSet" key="helmupgradeextensionit-operator/hivemq-test-hivemq-platform-operator-6966f96d65" duration="42.65µs"
2025-01-28 21:25:36,346 INFO c.h.h.t.HelmChartContainer - [POD] hivemq-test-hivemq-platform-operator-6966f96d65-n4brq [8912da67-6623-47ef-9c33-4a80728d0662] in helmupgradeextensionit-operator was MODIFIED
2025-01-28 21:25:36,348 INFO c.h.h.t.HelmChartContainer - [K3S] [replica_set.go:679] "Finished syncing" kind="ReplicaSet" key="helmupgradeextensionit-operator/hivemq-test-hivemq-platform-operator-6966f96d65" duration="28.223µs"
2025-01-28 21:25:36,348 INFO c.h.h.t.HelmChartContainer - [POD] hivemq-test-hivemq-platform-operator-6966f96d65-n4brq [8912da67-6623-47ef-9c33-4a80728d0662] in helmupgradeextensionit-operator was DELETED
2025-01-28 21:25:36,358 INFO c.h.h.t.HelmChartContainer - [K3S] [replica_set.go:679] "Finished syncing" kind="ReplicaSet" key="helmupgradeextensionit-operator/hivemq-test-hivemq-platform-operator-6966f96d65" duration="6.572µs"
2025-01-28 21:25:37,255 INFO c.h.h.t.HelmChartContainer - [K3S] [kubelet_volumes.go:163] "Cleaned up orphaned pod volumes dir" podUID="8912da67-6623-47ef-9c33-4a80728d0662" path="/var/lib/kubelet/pods/8912da67-6623-47ef-9c33-4a80728d0662/volumes"
2025-01-28 21:25:37,478 INFO c.h.h.t.HelmChartContainer - Deleting namespace 'helmupgradeextensionit-operator'...
2025-01-28 21:25:40,232 INFO c.h.h.t.HelmChartContainer - [K3S] [namespace_controller.go:187] "Namespace has been deleted" namespace="helmupgradeextensionit"
2025-01-28 21:25:42,702 INFO c.h.h.t.HelmChartContainer - Namespace 'helmupgradeextensionit-operator' deleted
2025-01-28 21:25:42,702 INFO c.h.h.t.HelmChartContainer - Release 'test-hivemq-platform-operator' in namespace 'helmupgradeextensionit-operator' is uninstalled
2025-01-28 21:25:43,515 INFO c.h.helmcharts.AbstractHelmChartIT - Removed unused containers:

2025-01-28 21:25:47,608 INFO c.h.h.t.HelmChartContainer - [K3S] [namespace_controller.go:187] "Namespace has been deleted" namespace="helmupgradeextensionit-operator"
2025-01-28 21:25:51,533 INFO c.h.helmcharts.AbstractHelmChartIT - Removed unused snapshots:
Removing snapshot sha256:03af251906410714c5aef9fa705b63f6bbc39c4a5e787de7361eeb18886c2ed2
Removing snapshot sha256:0c46b3b43cce082ce5ec34ffc6c294e0417d17b9d1e6f366d114b6aadc4f96dc
Removing snapshot sha256:0ce761beee59082d6ed5bcebd3a805b8ddd9b3426b617e4809e7fb7c6587ffec
Removing snapshot sha256:0df91287303208332c8ff6ba40ae4710105201739addbfbddfb955f1ad593664
Removing snapshot sha256:1021ef88c7974bfff89c5a0ec4fd3160daac6c48a075f74cff721f85dd104e68
Removing snapshot sha256:10aba4953ddc18145dd38e3704709bc464aa20af60b56fe52caaff4b68411e62
Removing snapshot sha256:2573e0d8158209ed54ab25c87bcdcb00bd3d2539246960a3d592a1c599d70465
Removing snapshot sha256:3041a665ea634c8b4c1d34db8a0c4fc4d52f0a732d126a2fae0688e8bbb3fe5a
Removing snapshot sha256:362a8a37f8bbc31925a8146adcf7cf51f9882f5c1dcbef67c5baa03a297543c0
Removing snapshot sha256:3fa4ad33f0ddc8fd45b39b6b4640f82a3a83619606cd975bfe89d8710ad2d4cd
Removing snapshot sha256:43a7c979bbaba6838bc3102d6b10a1459f3ab050b87ccdfef84ef90cf43d3058
Removing snapshot sha256:4ab04491cdf0d3267f08206fe30bd48f49f94b9cab2f016d6739220f722a64af
Removing snapshot sha256:4b6068250e89c96f263060261819c7d912855bfbd64b3eb4c4a8483299b8c295
Removing snapshot sha256:580e69a0a8034ede1921139bbd2bfb72a69ebf276d008281896c32dd8bf74775
Removing snapshot sha256:5d30ba46b27fe37484567ccc5242cadc78217b8da605f3f195ef25cbf7487904
Removing snapshot sha256:63ca1fbb43ae5034640e5e6cb3e083e05c290072c5366fcaa9d62435a4cced85
Removing snapshot sha256:67f702c6baae873bceb19487c8b1f27bd2b86077e4f2f0e480e6d60ab508b8f5
Removing snapshot sha256:6864348dd42806d552efdec384f1274be15e2d0c10ce44c1f04347af004c10a9
Removing snapshot sha256:6c7dee8f2c39b84b7dc2711c01d33de93514d9055499173e9290176fbe484b6c
Removing snapshot sha256:82753493a6d61ded36556292f02f31841a14c20d2f279f19eaad65afb661d5cd
Removing snapshot sha256:8a10d3db42c505ee0fcfa98417bdd7e39b304f6bcc0a06bb1b220797ff2cc63c
Removing snapshot sha256:a21e5b12dbac529ad45d976eb9ce45c881f3bedcc500fb30aba1e52aa1813418
Removing snapshot sha256:b921e6c28969094157f9b8e7244677780319637afd14450b7cb6b2fdea558a0c
Removing snapshot sha256:bc27ecb5769a00e309cf99ebc763c4a4b958b618d1decc96ffac5bc05f02f5b7
Removing snapshot sha256:be3ccb6627a5332e309d45ef461d09b4879dd870c7394d89323d0ebc6ca6aa8a
Removing snapshot sha256:c261f7cbbc64211ee175ee47273acdb7b1a36a4450b397a064a8f2c026490095
Removing snapshot sha256:c34d9393647eea0c9e3557ab988efaf59f61d10a2a5613b439ef0958cca5ec10
Removing snapshot sha256:ccf3c4a0fa967a41c1c83497a2ce6fa5787965859df0adb32c4ca2cf7490bc2b
Removing snapshot sha256:cf92d33f869417309692088c341cd0f223c178ea78a125f757317b22aa8f90e9
Removing snapshot sha256:d0037344cf2fb078884f1849f6a1f8cf9a33a3b6139b6a85833e5ee528e1f9a8
Removing snapshot sha256:d3b36d5b79273b1e98e7700470eaeff05a882e777124d84cebcc1505b85ecb36
Removing snapshot sha256:d65a44a37914602d12c611e5e22a50f11451d847e63015cc1c2aef92dee777a4
Removing snapshot sha256:d86b40562bb26341afb760e7246fc76289b00b1dacd269ade934a183177fbcd0
Removing snapshot sha256:e2dc0bae2455930f23ae570e019b7f32edc75c0f2d71cab084db837ff9051796
Removing snapshot sha256:eccbd24a99c60cd9e86ee5305dbfc4a4dc89f5ab4fb1f06c8d64797cecedef34
Removing snapshot sha256:f144bb4c7c7f0d2aa7eeffd36d934ec40db1ee167be727e326aad9fdc616f475

]]></system-out>
  </testcase>
  <system-out><![CDATA[2025-01-28 21:16:19,654 INFO o.testcontainers.images.PullPolicy - Image pull policy will be performed by: DefaultPullPolicy()
2025-01-28 21:16:19,659 INFO o.t.utility.ImageNameSubstitutor - Image name substitution will be performed by: DefaultImageNameSubstitutor (composite of 'ConfigurationFileImageNameSubstitutor' and 'PrefixingImageNameSubstitutor')
2025-01-28 21:16:19,669 INFO o.testcontainers.DockerClientFactory - Testcontainers version: 1.20.4
2025-01-28 21:16:20,040 INFO o.t.d.DockerClientProviderStrategy - Found Docker environment with local Unix socket (unix:///var/run/docker.sock)
2025-01-28 21:16:20,049 INFO o.testcontainers.DockerClientFactory - Docker host IP address is localhost
2025-01-28 21:16:20,066 INFO o.testcontainers.DockerClientFactory - Connected to docker: 
  Server Version: 26.1.3
  API Version: 1.45
  Operating System: Ubuntu 24.04.1 LTS
  Total Memory: 15990 MB
2025-01-28 21:16:20,091 INFO tc.testcontainers/ryuk:0.11.0 - Pulling docker image: testcontainers/ryuk:0.11.0. Please be patient; this may take some time but only needs to be done once.
2025-01-28 21:16:21,107 INFO tc.testcontainers/ryuk:0.11.0 - Starting to pull image
2025-01-28 21:16:21,123 INFO tc.testcontainers/ryuk:0.11.0 - Pulling image layers:  0 pending,  0 downloaded,  0 extracted, (0 bytes/0 bytes)
2025-01-28 21:16:21,630 INFO tc.testcontainers/ryuk:0.11.0 - Pulling image layers:  2 pending,  1 downloaded,  0 extracted, (108 KB/? MB)
2025-01-28 21:16:21,648 INFO tc.testcontainers/ryuk:0.11.0 - Pulling image layers:  1 pending,  2 downloaded,  0 extracted, (144 KB/? MB)
2025-01-28 21:16:21,676 INFO tc.testcontainers/ryuk:0.11.0 - Pulling image layers:  0 pending,  3 downloaded,  0 extracted, (144 KB/10 MB)
2025-01-28 21:16:21,737 INFO tc.testcontainers/ryuk:0.11.0 - Pulling image layers:  0 pending,  3 downloaded,  1 extracted, (3 MB/10 MB)
2025-01-28 21:16:21,883 INFO tc.testcontainers/ryuk:0.11.0 - Pulling image layers:  0 pending,  3 downloaded,  2 extracted, (4 MB/10 MB)
2025-01-28 21:16:21,920 INFO tc.testcontainers/ryuk:0.11.0 - Pulling image layers:  0 pending,  3 downloaded,  3 extracted, (10 MB/10 MB)
2025-01-28 21:16:21,926 INFO tc.testcontainers/ryuk:0.11.0 - Image testcontainers/ryuk:0.11.0 pull took PT1.834970607S
2025-01-28 21:16:21,942 INFO tc.testcontainers/ryuk:0.11.0 - Creating container for image: testcontainers/ryuk:0.11.0
2025-01-28 21:16:22,002 INFO tc.testcontainers/ryuk:0.11.0 - Container testcontainers/ryuk:0.11.0 is starting: 290681d2fdfe6d5ef5ab6f139900822680ceff0c95b87959fa4e70b4eda5fbec
2025-01-28 21:16:22,238 INFO tc.testcontainers/ryuk:0.11.0 - Container testcontainers/ryuk:0.11.0 started in PT0.295876598S
2025-01-28 21:16:22,242 INFO o.t.utility.RyukResourceReaper - Ryuk started - will monitor and terminate Testcontainers containers on JVM exit
2025-01-28 21:16:22,242 INFO o.testcontainers.DockerClientFactory - Checking the system...
2025-01-28 21:16:22,242 INFO o.testcontainers.DockerClientFactory - ✔︎ Docker server version should be at least 1.6.0
2025-01-28 21:16:22,243 INFO tc.hivemq/hivemq4:4.36.0 - Creating container for image: hivemq/hivemq4:4.36.0
2025-01-28 21:16:22,260 INFO tc.hivemq/hivemq4:4.36.0 - Container hivemq/hivemq4:4.36.0 is starting: a924891780a3657502a54b93c58c014caeba8406bf99e480fc9d74480995eadd
2025-01-28 21:16:29,898 INFO tc.hivemq/hivemq4:4.36.0 - Container hivemq/hivemq4:4.36.0 started in PT7.654477257S
2025-01-28 21:16:29,899 INFO c.h.h.t.HelmChartContainerExtension - Using cached HelmChartContainer instance
2025-01-28 21:16:29,901 INFO c.h.h.t.HelmChartContainerExtension - Creating cached HelmChartContainer instance
2025-01-28 21:16:29,981 INFO o.t.i.builder.ImageFromDockerfile - Pre-emptively checking local images for 'ubuntu:noble-20241118.1@sha256:80dd3c3b9c6cecb9f1667e9290b3bc61b78c2678c02cbdae5f0fea92cc6734ab', referenced via a Dockerfile. If not available, it will be pulled.
2025-01-28 21:16:29,983 INFO t.u.1@sha256:80dd3c... - Pulling docker image: ubuntu:noble-20241118.1@sha256:80dd3c3b9c6cecb9f1667e9290b3bc61b78c2678c02cbdae5f0fea92cc6734ab. Please be patient; this may take some time but only needs to be done once.
2025-01-28 21:16:30,689 INFO t.u.1@sha256:80dd3c... - Starting to pull image
2025-01-28 21:16:30,690 INFO t.u.1@sha256:80dd3c... - Pulling image layers:  0 pending,  0 downloaded,  0 extracted, (0 bytes/0 bytes)
2025-01-28 21:16:31,358 INFO t.u.1@sha256:80dd3c... - Pulling image layers:  0 pending,  1 downloaded,  0 extracted, (18 MB/28 MB)
2025-01-28 21:16:32,303 INFO t.u.1@sha256:80dd3c... - Pulling image layers:  0 pending,  1 downloaded,  1 extracted, (28 MB/28 MB)
2025-01-28 21:16:32,309 INFO t.u.1@sha256:80dd3c... - Pull complete. 1 layers, pulled in 1s (downloaded 28 MB at 28 MB/s)
2025-01-28 21:16:32,309 INFO t.u.1@sha256:80dd3c... - Image ubuntu:noble-20241118.1@sha256:80dd3c3b9c6cecb9f1667e9290b3bc61b78c2678c02cbdae5f0fea92cc6734ab pull took PT2.325882349S
2025-01-28 21:16:32,312 INFO o.t.i.builder.ImageFromDockerfile - Pre-emptively checking local images for 'rancher/k3s:v1.32.1-k3s1', referenced via a Dockerfile. If not available, it will be pulled.
2025-01-28 21:16:32,313 INFO tc.rancher/k3s:v1.32.1-k3s1 - Pulling docker image: rancher/k3s:v1.32.1-k3s1. Please be patient; this may take some time but only needs to be done once.
2025-01-28 21:16:33,288 INFO tc.rancher/k3s:v1.32.1-k3s1 - Starting to pull image
2025-01-28 21:16:33,289 INFO tc.rancher/k3s:v1.32.1-k3s1 - Pulling image layers:  0 pending,  0 downloaded,  0 extracted, (0 bytes/0 bytes)
2025-01-28 21:16:34,519 INFO tc.rancher/k3s:v1.32.1-k3s1 - Pulling image layers:  0 pending,  1 downloaded,  0 extracted, (57 MB/71 MB)
2025-01-28 21:16:35,574 INFO tc.rancher/k3s:v1.32.1-k3s1 - Pulling image layers:  0 pending,  1 downloaded,  1 extracted, (71 MB/71 MB)
2025-01-28 21:16:35,582 INFO tc.rancher/k3s:v1.32.1-k3s1 - Pull complete. 1 layers, pulled in 2s (downloaded 71 MB at 35 MB/s)
2025-01-28 21:16:35,582 INFO tc.rancher/k3s:v1.32.1-k3s1 - Image rancher/k3s:v1.32.1-k3s1 pull took PT3.269462052S
2025-01-28 21:16:35,588 INFO o.t.i.builder.ImageFromDockerfile - Transferred 0 bytes to Docker daemon
2025-01-28 21:16:52,018 INFO c.h.h.t.HelmChartContainer - Starting HelmChartContainer...
2025-01-28 21:16:52,021 INFO t.localhost/testcontainers/6556yhgxvraubjfk:latest - Creating container for image: localhost/testcontainers/6556yhgxvraubjfk:latest
2025-01-28 21:16:52,085 INFO tc.alpine:3.17 - Pulling docker image: alpine:3.17. Please be patient; this may take some time but only needs to be done once.
2025-01-28 21:16:53,211 INFO tc.alpine:3.17 - Starting to pull image
2025-01-28 21:16:53,211 INFO tc.alpine:3.17 - Pulling image layers:  0 pending,  0 downloaded,  0 extracted, (0 bytes/0 bytes)
2025-01-28 21:16:53,726 INFO tc.alpine:3.17 - Pulling image layers:  0 pending,  1 downloaded,  0 extracted, (33 KB/3 MB)
2025-01-28 21:16:53,823 INFO tc.alpine:3.17 - Pulling image layers:  0 pending,  1 downloaded,  1 extracted, (3 MB/3 MB)
2025-01-28 21:16:53,828 INFO tc.alpine:3.17 - Image alpine:3.17 pull took PT1.742390745S
2025-01-28 21:16:54,357 INFO t.localhost/testcontainers/6556yhgxvraubjfk:latest - Container localhost/testcontainers/6556yhgxvraubjfk:latest is starting: 42ea5d3d1b91b0678237663d0b71fe56ca7bb31ea0008c0e956ac78e6d2421be
2025-01-28 21:16:54,732 INFO c.h.h.t.HelmChartContainer - [K3S] [INFO] Starting k3s v1.32.1+k3s1 (6a322f12)
2025-01-28 21:16:54,735 INFO c.h.h.t.HelmChartContainer - [K3S] [INFO] Configuring sqlite3 database connection pooling: maxIdleConns=2, maxOpenConns=0, connMaxLifetime=0s
2025-01-28 21:16:54,735 INFO c.h.h.t.HelmChartContainer - [K3S] [INFO] Configuring database table schema and indexes, this may take a moment...
2025-01-28 21:16:54,738 INFO c.h.h.t.HelmChartContainer - [K3S] [INFO] Database tables and indexes are up to date
2025-01-28 21:16:54,740 INFO c.h.h.t.HelmChartContainer - [K3S] [INFO] Kine available at unix://kine.sock
2025-01-28 21:16:54,816 INFO c.h.h.t.HelmChartContainer - [K3S] [INFO] Saving cluster bootstrap data to datastore
2025-01-28 21:16:54,817 INFO c.h.h.t.HelmChartContainer - [K3S] [WARNING] dynamiclistener [::]:6443: no cached certificate available for preload - deferring certificate load until storage initialization or first client request
2025-01-28 21:16:54,818 INFO c.h.h.t.HelmChartContainer - [K3S] [INFO] Active TLS secret / (ver=) (count 10): map[listener.cattle.io/cn-10.43.0.1:10.43.0.1 listener.cattle.io/cn-127.0.0.1:127.0.0.1 listener.cattle.io/cn-172.18.0.2:172.18.0.2 listener.cattle.io/cn-42ea5d3d1b91:42ea5d3d1b91 listener.cattle.io/cn-__1-f16284:::1 listener.cattle.io/cn-kubernetes:kubernetes listener.cattle.io/cn-kubernetes.default:kubernetes.default listener.cattle.io/cn-kubernetes.default.svc:kubernetes.default.svc listener.cattle.io/cn-kubernetes.default.svc.cluster.local:kubernetes.default.svc.cluster.local listener.cattle.io/cn-localhost:localhost listener.cattle.io/fingerprint:SHA1=284A9840D4E7AF3F43EF791FA05338DA0D0455D6]
2025-01-28 21:16:54,979 INFO c.h.h.t.HelmChartContainer - [K3S] [INFO] Running kube-apiserver --advertise-port=6443 --allow-privileged=true --anonymous-auth=false --api-audiences=https://kubernetes.default.svc.cluster.local,k3s --authorization-mode=Node,RBAC --bind-address=127.0.0.1 --cert-dir=/var/lib/rancher/k3s/server/tls/temporary-certs --client-ca-file=/var/lib/rancher/k3s/server/tls/client-ca.crt --egress-selector-config-file=/var/lib/rancher/k3s/server/etc/egress-selector-config.yaml --enable-admission-plugins=NodeRestriction --enable-aggregator-routing=true --enable-bootstrap-token-auth=true --etcd-compaction-interval=0s --etcd-servers=unix://kine.sock --kubelet-certificate-authority=/var/lib/rancher/k3s/server/tls/server-ca.crt --kubelet-client-certificate=/var/lib/rancher/k3s/server/tls/client-kube-apiserver.crt --kubelet-client-key=/var/lib/rancher/k3s/server/tls/client-kube-apiserver.key --kubelet-preferred-address-types=InternalIP,ExternalIP,Hostname --profiling=false --proxy-client-cert-file=/var/lib/rancher/k3s/server/tls/client-auth-proxy.crt --proxy-client-key-file=/var/lib/rancher/k3s/server/tls/client-auth-proxy.key --requestheader-allowed-names=system:auth-proxy --requestheader-client-ca-file=/var/lib/rancher/k3s/server/tls/request-header-ca.crt --requestheader-extra-headers-prefix=X-Remote-Extra- --requestheader-group-headers=X-Remote-Group --requestheader-username-headers=X-Remote-User --secure-port=6444 --service-account-issuer=https://kubernetes.default.svc.cluster.local --service-account-key-file=/var/lib/rancher/k3s/server/tls/service.key --service-account-signing-key-file=/var/lib/rancher/k3s/server/tls/service.current.key --service-cluster-ip-range=10.43.0.0/16 --service-node-port-range=30000-32767 --storage-backend=etcd3 --tls-cert-file=/var/lib/rancher/k3s/server/tls/serving-kube-apiserver.crt --tls-cipher-suites=TLS_ECDHE_ECDSA_WITH_AES_256_GCM_SHA384,TLS_ECDHE_RSA_WITH_AES_256_GCM_SHA384,TLS_ECDHE_ECDSA_WITH_AES_128_GCM_SHA256,TLS_ECDHE_RSA_WITH_AES_128_GCM_SHA256,TLS_ECDHE_ECDSA_WITH_CHACHA20_POLY1305,TLS_ECDHE_RSA_WITH_CHACHA20_POLY1305 --tls-private-key-file=/var/lib/rancher/k3s/server/tls/serving-kube-apiserver.key
2025-01-28 21:16:54,979 INFO c.h.h.t.HelmChartContainer - [K3S] [INFO] Running kube-scheduler --authentication-kubeconfig=/var/lib/rancher/k3s/server/cred/scheduler.kubeconfig --authorization-kubeconfig=/var/lib/rancher/k3s/server/cred/scheduler.kubeconfig --bind-address=127.0.0.1 --kubeconfig=/var/lib/rancher/k3s/server/cred/scheduler.kubeconfig --leader-elect=false --profiling=false --secure-port=10259
2025-01-28 21:16:54,980 INFO c.h.h.t.HelmChartContainer - [K3S] [INFO] Waiting for API server to become available
2025-01-28 21:16:54,980 INFO c.h.h.t.HelmChartContainer - [K3S] [registry.go:256] calling componentGlobalsRegistry.AddFlags more than once, the registry will be set by the latest flags
2025-01-28 21:16:54,980 INFO c.h.h.t.HelmChartContainer - [K3S] [INFO] Running kube-controller-manager --allocate-node-cidrs=true --authentication-kubeconfig=/var/lib/rancher/k3s/server/cred/controller.kubeconfig --authorization-kubeconfig=/var/lib/rancher/k3s/server/cred/controller.kubeconfig --bind-address=127.0.0.1 --cluster-cidr=10.42.0.0/16 --cluster-signing-kube-apiserver-client-cert-file=/var/lib/rancher/k3s/server/tls/client-ca.nochain.crt --cluster-signing-kube-apiserver-client-key-file=/var/lib/rancher/k3s/server/tls/client-ca.key --cluster-signing-kubelet-client-cert-file=/var/lib/rancher/k3s/server/tls/client-ca.nochain.crt --cluster-signing-kubelet-client-key-file=/var/lib/rancher/k3s/server/tls/client-ca.key --cluster-signing-kubelet-serving-cert-file=/var/lib/rancher/k3s/server/tls/server-ca.nochain.crt --cluster-signing-kubelet-serving-key-file=/var/lib/rancher/k3s/server/tls/server-ca.key --cluster-signing-legacy-unknown-cert-file=/var/lib/rancher/k3s/server/tls/server-ca.nochain.crt --cluster-signing-legacy-unknown-key-file=/var/lib/rancher/k3s/server/tls/server-ca.key --configure-cloud-routes=false --controllers=*,tokencleaner,-service,-route,-cloud-node-lifecycle --kubeconfig=/var/lib/rancher/k3s/server/cred/controller.kubeconfig --leader-elect=false --profiling=false --root-ca-file=/var/lib/rancher/k3s/server/tls/server-ca.crt --secure-port=10257 --service-account-private-key-file=/var/lib/rancher/k3s/server/tls/service.current.key --service-cluster-ip-range=10.43.0.0/16 --use-service-account-credentials=true
2025-01-28 21:16:54,981 INFO c.h.h.t.HelmChartContainer - [K3S] [options.go:299] unable to set WatchListClient feature gate, err: cannot override default for feature "WatchListClient": gates already added to a flag set
2025-01-28 21:16:54,981 INFO c.h.h.t.HelmChartContainer - [K3S] [registry.go:256] calling componentGlobalsRegistry.AddFlags more than once, the registry will be set by the latest flags
2025-01-28 21:16:54,981 INFO c.h.h.t.HelmChartContainer - [K3S] [INFO] Running cloud-controller-manager --allocate-node-cidrs=true --authentication-kubeconfig=/var/lib/rancher/k3s/server/cred/cloud-controller.kubeconfig --authorization-kubeconfig=/var/lib/rancher/k3s/server/cred/cloud-controller.kubeconfig --bind-address=127.0.0.1 --cloud-config=/var/lib/rancher/k3s/server/etc/cloud-config.yaml --cloud-provider=k3s --cluster-cidr=10.42.0.0/16 --configure-cloud-routes=false --controllers=*,-route --kubeconfig=/var/lib/rancher/k3s/server/cred/cloud-controller.kubeconfig --leader-elect=false --leader-elect-resource-name=k3s-cloud-controller-manager --node-status-update-frequency=1m0s --profiling=false
2025-01-28 21:16:54,981 INFO c.h.h.t.HelmChartContainer - [K3S] [INFO] Server node token is available at /var/lib/rancher/k3s/server/token
2025-01-28 21:16:54,983 INFO c.h.h.t.HelmChartContainer - [K3S] [INFO] To join server node to cluster: k3s server -s https://172.18.0.2:6443 -t ${SERVER_NODE_TOKEN}
2025-01-28 21:16:54,984 INFO c.h.h.t.HelmChartContainer - [K3S] [INFO] Agent node token is available at /var/lib/rancher/k3s/server/agent-token
2025-01-28 21:16:54,984 INFO c.h.h.t.HelmChartContainer - [K3S] [INFO] To join agent node to cluster: k3s agent -s https://172.18.0.2:6443 -t ${AGENT_NODE_TOKEN}
2025-01-28 21:16:54,984 INFO c.h.h.t.HelmChartContainer - [K3S] [registry.go:256] calling componentGlobalsRegistry.AddFlags more than once, the registry will be set by the latest flags
2025-01-28 21:16:54,984 INFO c.h.h.t.HelmChartContainer - [K3S] [INFO] Wrote kubeconfig /etc/rancher/k3s/k3s.yaml
2025-01-28 21:16:54,984 INFO c.h.h.t.HelmChartContainer - [K3S] [INFO] Run: k3s kubectl
2025-01-28 21:16:54,984 INFO c.h.h.t.HelmChartContainer - [K3S] [options.go:238] external host was not specified, using 172.18.0.2
2025-01-28 21:16:54,986 INFO c.h.h.t.HelmChartContainer - [K3S] [server.go:151] Version: v1.32.1+k3s1
2025-01-28 21:16:54,986 INFO c.h.h.t.HelmChartContainer - [K3S] [server.go:153] "Golang settings" GOGC="" GOMAXPROCS="" GOTRACEBACK=""
2025-01-28 21:16:55,289 INFO c.h.h.t.HelmChartContainer - [K3S] [plugins.go:157] Loaded 13 mutating admission controller(s) successfully in the following order: NamespaceLifecycle,LimitRanger,ServiceAccount,NodeRestriction,TaintNodesByCondition,Priority,DefaultTolerationSeconds,DefaultStorageClass,StorageObjectInUseProtection,RuntimeClass,DefaultIngressClass,MutatingAdmissionPolicy,MutatingAdmissionWebhook.
2025-01-28 21:16:55,289 INFO c.h.h.t.HelmChartContainer - [K3S] [plugins.go:160] Loaded 13 validating admission controller(s) successfully in the following order: LimitRanger,ServiceAccount,PodSecurity,Priority,PersistentVolumeClaimResize,RuntimeClass,CertificateApproval,CertificateSigning,ClusterTrustBundleAttest,CertificateSubjectRestriction,ValidatingAdmissionPolicy,ValidatingAdmissionWebhook,ResourceQuota.
2025-01-28 21:16:55,289 INFO c.h.h.t.HelmChartContainer - [K3S] [instance.go:233] Using reconciler: lease
2025-01-28 21:16:55,355 INFO c.h.h.t.HelmChartContainer - [K3S] [apis.go:106] API group "internal.apiserver.k8s.io" is not enabled, skipping.
2025-01-28 21:16:55,398 INFO c.h.h.t.HelmChartContainer - [K3S] [apis.go:106] API group "storagemigration.k8s.io" is not enabled, skipping.
2025-01-28 21:16:55,422 INFO c.h.h.t.HelmChartContainer - [K3S] [apis.go:106] API group "resource.k8s.io" is not enabled, skipping.
2025-01-28 21:16:55,618 INFO c.h.h.t.HelmChartContainer - [K3S] [INFO] Password verified locally for node 42ea5d3d1b91
2025-01-28 21:16:55,789 INFO c.h.h.t.HelmChartContainer - [K3S] [dynamic_cafile_content.go:161] "Starting controller" name="client-ca-bundle::/var/lib/rancher/k3s/server/tls/client-ca.crt"
2025-01-28 21:16:55,790 INFO c.h.h.t.HelmChartContainer - [K3S] [dynamic_cafile_content.go:161] "Starting controller" name="request-header::/var/lib/rancher/k3s/server/tls/request-header-ca.crt"
2025-01-28 21:16:55,790 INFO c.h.h.t.HelmChartContainer - [K3S] [dynamic_serving_content.go:135] "Starting controller" name="serving-cert::/var/lib/rancher/k3s/server/tls/serving-kube-apiserver.crt::/var/lib/rancher/k3s/server/tls/serving-kube-apiserver.key"
2025-01-28 21:16:55,790 INFO c.h.h.t.HelmChartContainer - [K3S] [secure_serving.go:213] Serving securely on 127.0.0.1:6444
2025-01-28 21:16:55,790 INFO c.h.h.t.HelmChartContainer - [K3S] [tlsconfig.go:243] "Starting DynamicServingCertificateController"
2025-01-28 21:16:55,790 INFO c.h.h.t.HelmChartContainer - [K3S] [local_available_controller.go:156] Starting LocalAvailability controller
2025-01-28 21:16:55,790 INFO c.h.h.t.HelmChartContainer - [K3S] [controller.go:80] Starting OpenAPI V3 AggregationController
2025-01-28 21:16:55,790 INFO c.h.h.t.HelmChartContainer - [K3S] [apiservice_controller.go:100] Starting APIServiceRegistrationController
2025-01-28 21:16:55,790 INFO c.h.h.t.HelmChartContainer - [K3S] [cluster_authentication_trust_controller.go:462] Starting cluster_authentication_trust_controller controller
2025-01-28 21:16:55,790 INFO c.h.h.t.HelmChartContainer - [K3S] [dynamic_serving_content.go:135] "Starting controller" name="aggregator-proxy-cert::/var/lib/rancher/k3s/server/tls/client-auth-proxy.crt::/var/lib/rancher/k3s/server/tls/client-auth-proxy.key"
2025-01-28 21:16:55,791 INFO c.h.h.t.HelmChartContainer - [K3S] [system_namespaces_controller.go:66] Starting system namespaces controller
2025-01-28 21:16:55,791 INFO c.h.h.t.HelmChartContainer - [K3S] [apf_controller.go:377] Starting API Priority and Fairness config controller
2025-01-28 21:16:55,791 INFO c.h.h.t.HelmChartContainer - [K3S] [aggregator.go:169] waiting for initial CRD sync...
2025-01-28 21:16:55,791 INFO c.h.h.t.HelmChartContainer - [K3S] [controller.go:78] Starting OpenAPI AggregationController
2025-01-28 21:16:55,791 INFO c.h.h.t.HelmChartContainer - [K3S] [controller.go:119] Starting legacy_token_tracking_controller
2025-01-28 21:16:55,796 INFO c.h.h.t.HelmChartContainer - [K3S] [customresource_discovery_controller.go:292] Starting DiscoveryController
2025-01-28 21:16:55,797 INFO c.h.h.t.HelmChartContainer - [K3S] [remote_available_controller.go:411] Starting RemoteAvailability controller
2025-01-28 21:16:55,797 INFO c.h.h.t.HelmChartContainer - [K3S] [dynamic_cafile_content.go:161] "Starting controller" name="client-ca-bundle::/var/lib/rancher/k3s/server/tls/client-ca.crt"
2025-01-28 21:16:55,797 INFO c.h.h.t.HelmChartContainer - [K3S] [dynamic_cafile_content.go:161] "Starting controller" name="request-header::/var/lib/rancher/k3s/server/tls/request-header-ca.crt"
2025-01-28 21:16:55,797 INFO c.h.h.t.HelmChartContainer - [K3S] [controller.go:142] Starting OpenAPI controller
2025-01-28 21:16:55,797 INFO c.h.h.t.HelmChartContainer - [K3S] [controller.go:90] Starting OpenAPI V3 controller
2025-01-28 21:16:55,798 INFO c.h.h.t.HelmChartContainer - [K3S] [naming_controller.go:294] Starting NamingConditionController
2025-01-28 21:16:55,799 INFO c.h.h.t.HelmChartContainer - [K3S] [establishing_controller.go:81] Starting EstablishingController
2025-01-28 21:16:55,799 INFO c.h.h.t.HelmChartContainer - [K3S] [nonstructuralschema_controller.go:195] Starting NonStructuralSchemaConditionController
2025-01-28 21:16:55,799 INFO c.h.h.t.HelmChartContainer - [K3S] [apiapproval_controller.go:189] Starting KubernetesAPIApprovalPolicyConformantConditionController
2025-01-28 21:16:55,800 INFO c.h.h.t.HelmChartContainer - [K3S] [crd_finalizer.go:269] Starting CRDFinalizer
2025-01-28 21:16:55,801 INFO c.h.h.t.HelmChartContainer - [K3S] [gc_controller.go:78] Starting apiserver lease garbage collector
2025-01-28 21:16:55,802 INFO c.h.h.t.HelmChartContainer - [K3S] [crdregistration_controller.go:114] Starting crd-autoregister controller
2025-01-28 21:16:55,875 INFO c.h.h.t.HelmChartContainer - [K3S] [controller.go:145] "Failed to ensure lease exists, will retry" err="namespaces \"kube-system\" not found" interval="200ms"
2025-01-28 21:16:55,883 INFO c.h.h.t.HelmChartContainer - [K3S] [policy_source.go:240] refreshing policies
2025-01-28 21:16:55,891 INFO c.h.h.t.HelmChartContainer - [K3S] [apf_controller.go:382] Running API Priority and Fairness config worker
2025-01-28 21:16:55,891 INFO c.h.h.t.HelmChartContainer - [K3S] [apf_controller.go:385] Running API Priority and Fairness periodic rebalancing process
2025-01-28 21:16:55,891 INFO c.h.h.t.HelmChartContainer - [K3S] [handler_discovery.go:451] Starting ResourceDiscoveryManager
2025-01-28 21:16:55,895 INFO c.h.h.t.HelmChartContainer - [K3S] [aggregator.go:171] initial CRD sync complete...
2025-01-28 21:16:55,896 INFO c.h.h.t.HelmChartContainer - [K3S] [autoregister_controller.go:144] Starting autoregister controller
2025-01-28 21:16:55,948 INFO c.h.h.t.HelmChartContainer - [K3S] [controller.go:95] Unable to perform initial Kubernetes service initialization: namespaces "default" not found
2025-01-28 21:16:56,138 INFO c.h.h.t.HelmChartContainer - [K3S] [WARNING] Host resolv.conf includes loopback or multicast nameservers - kubelet will use autogenerated resolv.conf with nameserver 8.8.8.8
2025-01-28 21:16:56,148 INFO c.h.h.t.HelmChartContainer - [K3S] [INFO] Module overlay was already loaded
2025-01-28 21:16:56,148 INFO c.h.h.t.HelmChartContainer - [K3S] [INFO] Module nf_conntrack was already loaded
2025-01-28 21:16:56,148 INFO c.h.h.t.HelmChartContainer - [K3S] [INFO] Module br_netfilter was already loaded
2025-01-28 21:16:56,152 INFO c.h.h.t.HelmChartContainer - [K3S] [INFO] Set sysctl 'net/netfilter/nf_conntrack_max' to 131072
2025-01-28 21:16:56,153 INFO c.h.h.t.HelmChartContainer - [K3S] [INFO] Set sysctl 'net/netfilter/nf_conntrack_tcp_timeout_established' to 86400
2025-01-28 21:16:56,153 INFO c.h.h.t.HelmChartContainer - [K3S] [INFO] Set sysctl 'net/netfilter/nf_conntrack_tcp_timeout_close_wait' to 3600
2025-01-28 21:16:56,154 INFO c.h.h.t.HelmChartContainer - [K3S] [INFO] Logging containerd to /var/lib/rancher/k3s/agent/containerd/containerd.log
2025-01-28 21:16:56,154 INFO c.h.h.t.HelmChartContainer - [K3S] [INFO] Running containerd -c /var/lib/rancher/k3s/agent/etc/containerd/config.toml -a /run/k3s/containerd/containerd.sock --state /run/k3s/containerd --root /var/lib/rancher/k3s/agent/containerd
2025-01-28 21:16:56,792 INFO c.h.h.t.HelmChartContainer - [K3S] [storage_scheduling.go:95] created PriorityClass system-node-critical with value 2000001000
2025-01-28 21:16:56,796 INFO c.h.h.t.HelmChartContainer - [K3S] [storage_scheduling.go:95] created PriorityClass system-cluster-critical with value 2000000000
2025-01-28 21:16:56,796 INFO c.h.h.t.HelmChartContainer - [K3S] [storage_scheduling.go:111] all system priority classes are created successfully or already exist.
2025-01-28 21:16:57,154 INFO c.h.h.t.HelmChartContainer - [K3S] [alloc.go:330] "allocated clusterIPs" service="default/kubernetes" clusterIPs={"IPv4":"10.43.0.1"}
2025-01-28 21:16:57,162 INFO c.h.h.t.HelmChartContainer - [K3S] [INFO] containerd is now running
2025-01-28 21:16:57,162 INFO c.h.h.t.HelmChartContainer - [K3S] [lease.go:265] Resetting endpoints for master service "kubernetes" to [172.18.0.2]
2025-01-28 21:16:57,165 INFO c.h.h.t.HelmChartContainer - [K3S] [INFO] Connecting to proxy" url="wss://127.0.0.1:6443/v1-k3s/connect
2025-01-28 21:16:57,167 INFO c.h.h.t.HelmChartContainer - [K3S] [INFO] Creating k3s-cert-monitor event broadcaster
2025-01-28 21:16:57,169 INFO c.h.h.t.HelmChartContainer - [K3S] [INFO] Running kubelet --cloud-provider=external --config-dir=/var/lib/rancher/k3s/agent/etc/kubelet.conf.d --containerd=/run/k3s/containerd/containerd.sock --hostname-override=42ea5d3d1b91 --kubeconfig=/var/lib/rancher/k3s/agent/kubelet.kubeconfig --node-ip=172.18.0.2 --node-labels=
2025-01-28 21:16:57,170 INFO c.h.h.t.HelmChartContainer - [K3S] [INFO] Handling backend connection request [42ea5d3d1b91]
2025-01-28 21:16:57,171 INFO c.h.h.t.HelmChartContainer - [K3S] [INFO] Remotedialer connected to proxy" url="wss://127.0.0.1:6443/v1-k3s/connect
2025-01-28 21:16:57,174 INFO c.h.h.t.HelmChartContainer - [K3S] Flag --containerd has been deprecated, This is a cadvisor flag that was mistakenly registered with the Kubelet. Due to legacy concerns, it will follow the standard CLI deprecation timeline before being removed.
2025-01-28 21:16:57,178 INFO c.h.h.t.HelmChartContainer - [K3S] [server.go:515] "Kubelet version" kubeletVersion="v1.32.1+k3s1"
2025-01-28 21:16:57,178 INFO c.h.h.t.HelmChartContainer - [K3S] [server.go:517] "Golang settings" GOGC="" GOMAXPROCS="" GOTRACEBACK=""
2025-01-28 21:16:57,179 INFO c.h.h.t.HelmChartContainer - [K3S] [dynamic_cafile_content.go:161] "Starting controller" name="client-ca-bundle::/var/lib/rancher/k3s/agent/client-ca.crt"
2025-01-28 21:16:57,181 INFO c.h.h.t.HelmChartContainer - [K3S] [log.go:32] "RuntimeConfig from runtime service failed" err="rpc error: code = Unimplemented desc = method RuntimeConfig not implemented"
2025-01-28 21:16:57,181 INFO c.h.h.t.HelmChartContainer - [K3S] [server.go:1416] "CRI implementation should be updated to support RuntimeConfig when KubeletCgroupDriverFromCRI feature gate has been enabled. Falling back to using cgroupDriver from kubelet config."
2025-01-28 21:16:57,184 INFO c.h.h.t.HelmChartContainer - [K3S] [info.go:53] Couldn't collect info from any of the files in "/etc/machine-id,/var/lib/dbus/machine-id"
2025-01-28 21:16:57,185 INFO c.h.h.t.HelmChartContainer - [K3S] [server.go:767] "--cgroups-per-qos enabled, but --cgroup-root was not specified.  defaulting to /"
2025-01-28 21:16:57,186 INFO c.h.h.t.HelmChartContainer - [K3S] [server.go:836] "NoSwap is set due to memorySwapBehavior not specified" memorySwapBehavior="" FailSwapOn=false
2025-01-28 21:16:57,186 INFO c.h.h.t.HelmChartContainer - [K3S] [swap_util.go:115] "Swap is on" /proc/swaps contents=<
2025-01-28 21:16:57,186 INFO c.h.h.t.HelmChartContainer - [K3S] 	Filename				Type		Size		Used		Priority
2025-01-28 21:16:57,186 INFO c.h.h.t.HelmChartContainer - [K3S] 	/mnt/swapfile                           file		4194300		0		-2
2025-01-28 21:16:57,186 INFO c.h.h.t.HelmChartContainer - [K3S]  >
2025-01-28 21:16:57,186 INFO c.h.h.t.HelmChartContainer - [K3S] [container_manager_linux.go:268] "Container manager verified user specified cgroup-root exists" cgroupRoot=[]
2025-01-28 21:16:57,186 INFO c.h.h.t.HelmChartContainer - [K3S] [container_manager_linux.go:273] "Creating Container Manager object based on Node Config" nodeConfig={"NodeName":"42ea5d3d1b91","RuntimeCgroupsName":"","SystemCgroupsName":"","KubeletCgroupsName":"/k3s","KubeletOOMScoreAdj":-999,"ContainerRuntime":"","CgroupsPerQOS":true,"CgroupRoot":"/","CgroupDriver":"cgroupfs","KubeletRootDir":"/var/lib/kubelet","ProtectKernelDefaults":false,"KubeReservedCgroupName":"","SystemReservedCgroupName":"","ReservedSystemCPUs":{},"EnforceNodeAllocatable":{"pods":{}},"KubeReserved":null,"SystemReserved":null,"HardEvictionThresholds":[{"Signal":"imagefs.available","Operator":"LessThan","Value":{"Quantity":null,"Percentage":0.05},"GracePeriod":0,"MinReclaim":null},{"Signal":"nodefs.available","Operator":"LessThan","Value":{"Quantity":null,"Percentage":0.05},"GracePeriod":0,"MinReclaim":null}],"QOSReserved":{},"CPUManagerPolicy":"none","CPUManagerPolicyOptions":null,"TopologyManagerScope":"container","CPUManagerReconcilePeriod":10000000000,"ExperimentalMemoryManagerPolicy":"None","ExperimentalMemoryManagerReservedMemory":null,"PodPidsLimit":-1,"EnforceCPULimits":true,"CPUCFSQuotaPeriod":100000000,"TopologyManagerPolicy":"none","TopologyManagerPolicyOptions":null,"CgroupVersion":2}
2025-01-28 21:16:57,186 INFO c.h.h.t.HelmChartContainer - [K3S] [topology_manager.go:138] "Creating topology manager with none policy"
2025-01-28 21:16:57,187 INFO c.h.h.t.HelmChartContainer - [K3S] [container_manager_linux.go:304] "Creating device plugin manager"
2025-01-28 21:16:57,187 INFO c.h.h.t.HelmChartContainer - [K3S] [state_mem.go:36] "Initialized new in-memory state store"
2025-01-28 21:16:57,187 INFO c.h.h.t.HelmChartContainer - [K3S] [kubelet.go:446] "Attempting to sync node with API server"
2025-01-28 21:16:57,187 INFO c.h.h.t.HelmChartContainer - [K3S] [kubelet.go:341] "Adding static pod path" path="/var/lib/rancher/k3s/agent/pod-manifests"
2025-01-28 21:16:57,187 INFO c.h.h.t.HelmChartContainer - [K3S] [kubelet.go:352] "Adding apiserver pod source"
2025-01-28 21:16:57,188 INFO c.h.h.t.HelmChartContainer - [K3S] [apiserver.go:42] "Waiting for node sync before watching apiserver pods"
2025-01-28 21:16:57,190 INFO c.h.h.t.HelmChartContainer - [K3S] [kuberuntime_manager.go:269] "Container runtime initialized" containerRuntime="containerd" version="v1.7.23-k3s2" apiVersion="v1"
2025-01-28 21:16:57,191 INFO c.h.h.t.HelmChartContainer - [K3S] [kubelet.go:890] "Not starting ClusterTrustBundle informer because we are in static kubelet mode"
2025-01-28 21:16:57,191 INFO c.h.h.t.HelmChartContainer - [K3S] [probe.go:272] Flexvolume plugin directory at /usr/libexec/kubernetes/kubelet-plugins/volume/exec/ does not exist. Recreating.
2025-01-28 21:16:57,192 INFO c.h.h.t.HelmChartContainer - [K3S] [watchdog_linux.go:99] "Systemd watchdog is not enabled"
2025-01-28 21:16:57,196 INFO c.h.h.t.HelmChartContainer - [K3S] [server.go:169] "Starting to listen" address="0.0.0.0" port=10250
2025-01-28 21:16:57,196 INFO c.h.h.t.HelmChartContainer - [K3S] [server.go:1282] "Started kubelet"
2025-01-28 21:16:57,197 INFO c.h.h.t.HelmChartContainer - [K3S] [server.go:208] "Starting to listen read-only" address="0.0.0.0" port=10255
2025-01-28 21:16:57,197 INFO c.h.h.t.HelmChartContainer - [K3S] [ratelimit.go:55] "Setting rate limiting for endpoint" service="podresources" qps=100 burstTokens=10
2025-01-28 21:16:57,197 INFO c.h.h.t.HelmChartContainer - [K3S] [server.go:243] "Starting to serve the podresources API" endpoint="unix:/var/lib/kubelet/pod-resources/kubelet.sock"
2025-01-28 21:16:57,197 INFO c.h.h.t.HelmChartContainer - [K3S] [server.go:490] "Adding debug handlers to kubelet server"
2025-01-28 21:16:57,200 INFO c.h.h.t.HelmChartContainer - [K3S] [fs_resource_analyzer.go:67] "Starting FS ResourceAnalyzer"
2025-01-28 21:16:57,201 INFO c.h.h.t.HelmChartContainer - [K3S] [dynamic_serving_content.go:135] "Starting controller" name="kubelet-server-cert-files::/var/lib/rancher/k3s/agent/serving-kubelet.crt::/var/lib/rancher/k3s/agent/serving-kubelet.key"
2025-01-28 21:16:57,201 INFO c.h.h.t.HelmChartContainer - [K3S] [volume_manager.go:297] "Starting Kubelet Volume Manager"
2025-01-28 21:16:57,202 INFO c.h.h.t.HelmChartContainer - [K3S] [desired_state_of_world_populator.go:149] "Desired state populator starts to run"
2025-01-28 21:16:57,205 INFO c.h.h.t.HelmChartContainer - [K3S] [reconciler.go:26] "Reconciler: start to sync state"
2025-01-28 21:16:57,205 INFO c.h.h.t.HelmChartContainer - [K3S] [kubelet.go:1561] "Image garbage collection failed once. Stats initialization may not have completed yet" err="invalid capacity 0 on image filesystem"
2025-01-28 21:16:57,205 INFO c.h.h.t.HelmChartContainer - [K3S] [kubelet_node_status.go:467] "Error getting the current node from lister" err="node \"42ea5d3d1b91\" not found"
2025-01-28 21:16:57,208 INFO c.h.h.t.HelmChartContainer - [K3S] [factory.go:221] Registration of the systemd container factory successfully
2025-01-28 21:16:57,208 INFO c.h.h.t.HelmChartContainer - [K3S] [factory.go:219] Registration of the crio container factory failed: Get "http://%2Fvar%2Frun%2Fcrio%2Fcrio.sock/info": dial unix /var/run/crio/crio.sock: connect: no such file or directory
2025-01-28 21:16:57,214 INFO c.h.h.t.HelmChartContainer - [K3S] [factory.go:221] Registration of the containerd container factory successfully
2025-01-28 21:16:57,217 INFO c.h.h.t.HelmChartContainer - [K3S] [nodelease.go:49] "Failed to get node when trying to set owner ref to the node lease" err="nodes \"42ea5d3d1b91\" not found" node="42ea5d3d1b91"
2025-01-28 21:16:57,242 INFO c.h.h.t.HelmChartContainer - [K3S] [kubelet_network_linux.go:50] "Initialized iptables rules." protocol="IPv4"
2025-01-28 21:16:57,252 INFO c.h.h.t.HelmChartContainer - [K3S] [kubelet_network_linux.go:50] "Initialized iptables rules." protocol="IPv6"
2025-01-28 21:16:57,252 INFO c.h.h.t.HelmChartContainer - [K3S] [status_manager.go:227] "Starting to sync pod status with apiserver"
2025-01-28 21:16:57,252 INFO c.h.h.t.HelmChartContainer - [K3S] [watchdog_linux.go:127] "Systemd watchdog is not enabled or the interval is invalid, so health checking will not be started."
2025-01-28 21:16:57,252 INFO c.h.h.t.HelmChartContainer - [K3S] [kubelet.go:2388] "Starting kubelet main sync loop"
2025-01-28 21:16:57,252 INFO c.h.h.t.HelmChartContainer - [K3S] [kubelet.go:2412] "Skipping pod synchronization" err="[container runtime status check may not have completed yet, PLEG is not healthy: pleg has yet to be successful]"
2025-01-28 21:16:57,262 INFO c.h.h.t.HelmChartContainer - [K3S] [cpu_manager.go:221] "Starting CPU manager" policy="none"
2025-01-28 21:16:57,263 INFO c.h.h.t.HelmChartContainer - [K3S] [cpu_manager.go:222] "Reconciling" reconcilePeriod="10s"
2025-01-28 21:16:57,263 INFO c.h.h.t.HelmChartContainer - [K3S] [state_mem.go:36] "Initialized new in-memory state store"
2025-01-28 21:16:57,268 INFO c.h.h.t.HelmChartContainer - [K3S] [policy_none.go:49] "None policy: Start"
2025-01-28 21:16:57,270 INFO c.h.h.t.HelmChartContainer - [K3S] [memory_manager.go:186] "Starting memorymanager" policy="None"
2025-01-28 21:16:57,270 INFO c.h.h.t.HelmChartContainer - [K3S] [state_mem.go:35] "Initializing new in-memory state store"
2025-01-28 21:16:57,276 INFO c.h.h.t.HelmChartContainer - [K3S] [manager.go:519] "Failed to read data from checkpoint" checkpoint="kubelet_internal_checkpoint" err="checkpoint is not found"
2025-01-28 21:16:57,276 INFO c.h.h.t.HelmChartContainer - [K3S] [eviction_manager.go:189] "Eviction manager: starting control loop"
2025-01-28 21:16:57,276 INFO c.h.h.t.HelmChartContainer - [K3S] [container_log_manager.go:189] "Initializing container log rotate workers" workers=1 monitorPeriod="10s"
2025-01-28 21:16:57,276 INFO c.h.h.t.HelmChartContainer - [K3S] [plugin_manager.go:118] "Starting Kubelet Plugin Manager"
2025-01-28 21:16:57,281 INFO c.h.h.t.HelmChartContainer - [K3S] [eviction_manager.go:267] "eviction manager: failed to check if we have separate container filesystem. Ignoring." err="no imagefs label for configured runtime"
2025-01-28 21:16:57,281 INFO c.h.h.t.HelmChartContainer - [K3S] [eviction_manager.go:292] "Eviction manager: failed to get summary stats" err="failed to get node info: node \"42ea5d3d1b91\" not found"
2025-01-28 21:16:57,320 INFO c.h.h.t.HelmChartContainer - [K3S] [ERROR] Sending HTTP/1.1 503 response to 127.0.0.1:42902: runtime core not ready
2025-01-28 21:16:57,375 INFO c.h.h.t.HelmChartContainer - [K3S] [kubelet_node_status.go:76] "Attempting to register node" node="42ea5d3d1b91"
2025-01-28 21:16:57,383 INFO c.h.h.t.HelmChartContainer - [K3S] [kubelet_node_status.go:79] "Successfully registered node" node="42ea5d3d1b91"
2025-01-28 21:16:57,388 INFO c.h.h.t.HelmChartContainer - [K3S] [INFO] Annotations and labels have been set successfully on node: 42ea5d3d1b91
2025-01-28 21:16:57,389 INFO c.h.h.t.HelmChartContainer - [K3S] [INFO] Starting flannel with backend vxlan
2025-01-28 21:16:57,422 INFO c.h.h.t.HelmChartContainer - [K3S] [INFO] Running kube-proxy --cluster-cidr=10.42.0.0/16 --conntrack-max-per-core=0 --conntrack-tcp-timeout-close-wait=0s --conntrack-tcp-timeout-established=0s --healthz-bind-address=127.0.0.1 --hostname-override=42ea5d3d1b91 --kubeconfig=/var/lib/rancher/k3s/agent/kubeproxy.kubeconfig --proxy-mode=iptables
2025-01-28 21:16:57,466 INFO c.h.h.t.HelmChartContainer - [K3S] [server.go:698] "Successfully retrieved node IP(s)" IPs=["172.18.0.2"]
2025-01-28 21:16:57,466 INFO c.h.h.t.HelmChartContainer - [K3S] [server.go:234] "Kube-proxy configuration may be incomplete or incorrect" err="nodePortAddresses is unset; NodePort connections will be accepted on all local IPs. Consider using `--nodeport-addresses primary`"
2025-01-28 21:16:57,469 INFO c.h.h.t.HelmChartContainer - [K3S] [server.go:243] "kube-proxy running in dual-stack mode" primary ipFamily="IPv4"
2025-01-28 21:16:57,469 INFO c.h.h.t.HelmChartContainer - [K3S] [server_linux.go:170] "Using iptables Proxier"
2025-01-28 21:16:57,470 INFO c.h.h.t.HelmChartContainer - [K3S] [proxier.go:255] "Setting route_localnet=1 to allow node-ports on localhost; to change this either disable iptables.localhostNodePorts (--iptables-localhost-nodeports) or set nodePortAddresses (--nodeport-addresses) to filter loopback addresses"
2025-01-28 21:16:57,477 INFO c.h.h.t.HelmChartContainer - [K3S] [server.go:497] "Version info" version="v1.32.1+k3s1"
2025-01-28 21:16:57,477 INFO c.h.h.t.HelmChartContainer - [K3S] [server.go:499] "Golang settings" GOGC="" GOMAXPROCS="" GOTRACEBACK=""
2025-01-28 21:16:57,477 INFO c.h.h.t.HelmChartContainer - [K3S] [config.go:199] "Starting service config controller"
2025-01-28 21:16:57,477 INFO c.h.h.t.HelmChartContainer - [K3S] [config.go:105] "Starting endpoint slice config controller"
2025-01-28 21:16:57,477 INFO c.h.h.t.HelmChartContainer - [K3S] [config.go:329] "Starting node config controller"
2025-01-28 21:16:57,588 INFO c.h.h.t.HelmChartContainer - [K3S] [kubelet_node_status.go:502] "Fast updating node status as it just became ready"
2025-01-28 21:16:57,985 INFO c.h.h.t.HelmChartContainer - [K3S] [INFO] Waiting for untainted node
2025-01-28 21:16:57,986 INFO c.h.h.t.HelmChartContainer - [K3S] [INFO] Waiting for cloud-controller-manager privileges to become available
2025-01-28 21:16:57,988 INFO c.h.h.t.HelmChartContainer - [K3S] [INFO] Kube API server is now running
2025-01-28 21:16:57,990 INFO c.h.h.t.HelmChartContainer - [K3S] [INFO] ETCD server is now running
2025-01-28 21:16:57,990 INFO c.h.h.t.HelmChartContainer - [K3S] [INFO] k3s is up and running
2025-01-28 21:16:57,990 INFO c.h.h.t.HelmChartContainer - [K3S] [INFO] Creating k3s-supervisor event broadcaster
2025-01-28 21:16:57,994 INFO c.h.h.t.HelmChartContainer - [K3S] [INFO] Applying CRD addons.k3s.cattle.io
2025-01-28 21:16:58,006 INFO c.h.h.t.HelmChartContainer - [K3S] [INFO] Applying CRD etcdsnapshotfiles.k3s.cattle.io
2025-01-28 21:16:58,018 INFO c.h.h.t.HelmChartContainer - [K3S] [INFO] Applying CRD helmcharts.helm.cattle.io
2025-01-28 21:16:58,030 INFO c.h.h.t.HelmChartContainer - [K3S] [INFO] Applying CRD helmchartconfigs.helm.cattle.io
2025-01-28 21:16:58,047 INFO c.h.h.t.HelmChartContainer - [K3S] [INFO] Waiting for CRD helmcharts.helm.cattle.io to become available
2025-01-28 21:16:58,189 INFO c.h.h.t.HelmChartContainer - [K3S] [apiserver.go:52] "Watching apiserver"
2025-01-28 21:16:58,203 INFO c.h.h.t.HelmChartContainer - [K3S] [desired_state_of_world_populator.go:157] "Finished populating initial desired state of world"
2025-01-28 21:16:58,286 INFO c.h.h.t.HelmChartContainer - [K3S] [serving.go:392] Generated self-signed cert in-memory
2025-01-28 21:16:58,550 INFO c.h.h.t.HelmChartContainer - [K3S] [INFO] Done waiting for CRD helmcharts.helm.cattle.io to become available
2025-01-28 21:16:58,550 INFO c.h.h.t.HelmChartContainer - [K3S] [INFO] Waiting for CRD helmchartconfigs.helm.cattle.io to become available
2025-01-28 21:16:58,587 INFO c.h.h.t.HelmChartContainer - [K3S] [controllermanager.go:185] "Starting" version="v1.32.1+k3s1"
2025-01-28 21:16:58,587 INFO c.h.h.t.HelmChartContainer - [K3S] [controllermanager.go:187] "Golang settings" GOGC="" GOMAXPROCS="" GOTRACEBACK=""
2025-01-28 21:16:58,591 INFO c.h.h.t.HelmChartContainer - [K3S] [requestheader_controller.go:180] Starting RequestHeaderAuthRequestController
2025-01-28 21:16:58,593 INFO c.h.h.t.HelmChartContainer - [K3S] [configmap_cafile_content.go:205] "Starting controller" name="client-ca::kube-system::extension-apiserver-authentication::client-ca-file"
2025-01-28 21:16:58,593 INFO c.h.h.t.HelmChartContainer - [K3S] [configmap_cafile_content.go:205] "Starting controller" name="client-ca::kube-system::extension-apiserver-authentication::requestheader-client-ca-file"
2025-01-28 21:16:58,593 INFO c.h.h.t.HelmChartContainer - [K3S] [secure_serving.go:213] Serving securely on 127.0.0.1:10257
2025-01-28 21:16:58,593 INFO c.h.h.t.HelmChartContainer - [K3S] [tlsconfig.go:243] "Starting DynamicServingCertificateController"
2025-01-28 21:16:58,595 INFO c.h.h.t.HelmChartContainer - [K3S] [controllermanager.go:765] "Started controller" controller="serviceaccount-token-controller"
2025-01-28 21:16:58,595 INFO c.h.h.t.HelmChartContainer - [K3S] [controllermanager.go:723] "Skipping a cloud provider controller" controller="service-lb-controller"
2025-01-28 21:16:58,596 INFO c.h.h.t.HelmChartContainer - [K3S] [controllermanager.go:723] "Skipping a cloud provider controller" controller="node-route-controller"
2025-01-28 21:16:58,603 INFO c.h.h.t.HelmChartContainer - [K3S] [controllermanager.go:765] "Started controller" controller="persistentvolume-expander-controller"
2025-01-28 21:16:58,603 INFO c.h.h.t.HelmChartContainer - [K3S] [expand_controller.go:329] "Starting expand controller"
2025-01-28 21:16:58,609 INFO c.h.h.t.HelmChartContainer - [K3S] [controllermanager.go:765] "Started controller" controller="ttl-after-finished-controller"
2025-01-28 21:16:58,609 INFO c.h.h.t.HelmChartContainer - [K3S] [ttlafterfinished_controller.go:112] "Starting TTL after finished controller"
2025-01-28 21:16:58,609 INFO c.h.h.t.HelmChartContainer - [K3S] [controllermanager.go:717] "Controller is disabled by a feature gate" controller="resourceclaim-controller" requiredFeatureGates=["DynamicResourceAllocation"]
2025-01-28 21:16:58,615 INFO c.h.h.t.HelmChartContainer - [K3S] [controllermanager.go:765] "Started controller" controller="endpointslice-mirroring-controller"
2025-01-28 21:16:58,615 INFO c.h.h.t.HelmChartContainer - [K3S] [endpointslicemirroring_controller.go:227] "Starting EndpointSliceMirroring controller"
2025-01-28 21:16:58,620 INFO c.h.h.t.HelmChartContainer - [K3S] [controllermanager.go:765] "Started controller" controller="replicaset-controller"
2025-01-28 21:16:58,620 INFO c.h.h.t.HelmChartContainer - [K3S] [replica_set.go:217] "Starting controller" name="replicaset"
2025-01-28 21:16:58,627 INFO c.h.h.t.HelmChartContainer - [K3S] [controllermanager.go:765] "Started controller" controller="persistentvolume-protection-controller"
2025-01-28 21:16:58,627 INFO c.h.h.t.HelmChartContainer - [K3S] [controllermanager.go:717] "Controller is disabled by a feature gate" controller="kube-apiserver-serving-clustertrustbundle-publisher-controller" requiredFeatureGates=["ClusterTrustBundle"]
2025-01-28 21:16:58,627 INFO c.h.h.t.HelmChartContainer - [K3S] [pv_protection_controller.go:81] "Starting PV protection controller"
2025-01-28 21:16:58,633 INFO c.h.h.t.HelmChartContainer - [K3S] [controllermanager.go:765] "Started controller" controller="disruption-controller"
2025-01-28 21:16:58,634 INFO c.h.h.t.HelmChartContainer - [K3S] [disruption.go:452] "Sending events to api server."
2025-01-28 21:16:58,634 INFO c.h.h.t.HelmChartContainer - [K3S] [disruption.go:463] "Starting disruption controller"
2025-01-28 21:16:58,639 INFO c.h.h.t.HelmChartContainer - [K3S] [certificate_controller.go:120] "Starting certificate controller" name="csrsigning-kubelet-serving"
2025-01-28 21:16:58,639 INFO c.h.h.t.HelmChartContainer - [K3S] [dynamic_serving_content.go:135] "Starting controller" name="csr-controller::/var/lib/rancher/k3s/server/tls/server-ca.nochain.crt::/var/lib/rancher/k3s/server/tls/server-ca.key"
2025-01-28 21:16:58,639 INFO c.h.h.t.HelmChartContainer - [K3S] [dynamic_serving_content.go:135] "Starting controller" name="csr-controller::/var/lib/rancher/k3s/server/tls/client-ca.nochain.crt::/var/lib/rancher/k3s/server/tls/client-ca.key"
2025-01-28 21:16:58,640 INFO c.h.h.t.HelmChartContainer - [K3S] [certificate_controller.go:120] "Starting certificate controller" name="csrsigning-kubelet-client"
2025-01-28 21:16:58,640 INFO c.h.h.t.HelmChartContainer - [K3S] [certificate_controller.go:120] "Starting certificate controller" name="csrsigning-kube-apiserver-client"
2025-01-28 21:16:58,640 INFO c.h.h.t.HelmChartContainer - [K3S] [dynamic_serving_content.go:135] "Starting controller" name="csr-controller::/var/lib/rancher/k3s/server/tls/client-ca.nochain.crt::/var/lib/rancher/k3s/server/tls/client-ca.key"
2025-01-28 21:16:58,640 INFO c.h.h.t.HelmChartContainer - [K3S] [controllermanager.go:765] "Started controller" controller="certificatesigningrequest-signing-controller"
2025-01-28 21:16:58,640 INFO c.h.h.t.HelmChartContainer - [K3S] [certificate_controller.go:120] "Starting certificate controller" name="csrsigning-legacy-unknown"
2025-01-28 21:16:58,640 INFO c.h.h.t.HelmChartContainer - [K3S] [dynamic_serving_content.go:135] "Starting controller" name="csr-controller::/var/lib/rancher/k3s/server/tls/server-ca.nochain.crt::/var/lib/rancher/k3s/server/tls/server-ca.key"
2025-01-28 21:16:58,646 INFO c.h.h.t.HelmChartContainer - [K3S] [controllermanager.go:765] "Started controller" controller="root-ca-certificate-publisher-controller"
2025-01-28 21:16:58,646 INFO c.h.h.t.HelmChartContainer - [K3S] [controllermanager.go:717] "Controller is disabled by a feature gate" controller="selinux-warning-controller" requiredFeatureGates=["SELinuxChangePolicy"]
2025-01-28 21:16:58,646 INFO c.h.h.t.HelmChartContainer - [K3S] [publisher.go:107] "Starting root CA cert publisher controller"
2025-01-28 21:16:58,651 INFO c.h.h.t.HelmChartContainer - [K3S] [controllermanager.go:765] "Started controller" controller="endpointslice-controller"
2025-01-28 21:16:58,652 INFO c.h.h.t.HelmChartContainer - [K3S] [endpointslice_controller.go:281] "Starting endpoint slice controller"
2025-01-28 21:16:58,657 INFO c.h.h.t.HelmChartContainer - [K3S] [controllermanager.go:765] "Started controller" controller="cronjob-controller"
2025-01-28 21:16:58,657 INFO c.h.h.t.HelmChartContainer - [K3S] [cronjob_controllerv2.go:145] "Starting cronjob controller v2"
2025-01-28 21:16:58,798 INFO c.h.h.t.HelmChartContainer - [K3S] [controllermanager.go:765] "Started controller" controller="job-controller"
2025-01-28 21:16:58,798 INFO c.h.h.t.HelmChartContainer - [K3S] [job_controller.go:243] "Starting job controller"
2025-01-28 21:16:59,052 INFO c.h.h.t.HelmChartContainer - [K3S] [INFO] Done waiting for CRD helmchartconfigs.helm.cattle.io to become available
2025-01-28 21:16:59,054 INFO c.h.h.t.HelmChartContainer - [K3S] [INFO] Writing static file: /var/lib/rancher/k3s/server/static/charts/traefik-27.0.201+up27.0.2.tgz
2025-01-28 21:16:59,054 INFO c.h.h.t.HelmChartContainer - [K3S] [INFO] Writing static file: /var/lib/rancher/k3s/server/static/charts/traefik-crd-27.0.201+up27.0.2.tgz
2025-01-28 21:16:59,055 INFO c.h.h.t.HelmChartContainer - [K3S] [INFO] Writing manifest: /var/lib/rancher/k3s/server/manifests/metrics-server/aggregated-metrics-reader.yaml
2025-01-28 21:16:59,055 INFO c.h.h.t.HelmChartContainer - [K3S] [INFO] Writing manifest: /var/lib/rancher/k3s/server/manifests/metrics-server/auth-delegator.yaml
2025-01-28 21:16:59,055 INFO c.h.h.t.HelmChartContainer - [K3S] [INFO] Writing manifest: /var/lib/rancher/k3s/server/manifests/metrics-server/resource-reader.yaml
2025-01-28 21:16:59,055 INFO c.h.h.t.HelmChartContainer - [K3S] [INFO] Writing manifest: /var/lib/rancher/k3s/server/manifests/rolebindings.yaml
2025-01-28 21:16:59,055 INFO c.h.h.t.HelmChartContainer - [K3S] [INFO] Writing manifest: /var/lib/rancher/k3s/server/manifests/coredns.yaml
2025-01-28 21:16:59,056 INFO c.h.h.t.HelmChartContainer - [K3S] [INFO] Writing manifest: /var/lib/rancher/k3s/server/manifests/local-storage.yaml
2025-01-28 21:16:59,056 INFO c.h.h.t.HelmChartContainer - [K3S] [INFO] Writing manifest: /var/lib/rancher/k3s/server/manifests/metrics-server/metrics-apiservice.yaml
2025-01-28 21:16:59,056 INFO c.h.h.t.HelmChartContainer - [K3S] [INFO] Writing manifest: /var/lib/rancher/k3s/server/manifests/metrics-server/metrics-server-deployment.yaml
2025-01-28 21:16:59,056 INFO c.h.h.t.HelmChartContainer - [K3S] [INFO] Writing manifest: /var/lib/rancher/k3s/server/manifests/metrics-server/metrics-server-service.yaml
2025-01-28 21:16:59,057 INFO c.h.h.t.HelmChartContainer - [K3S] [INFO] Writing manifest: /var/lib/rancher/k3s/server/manifests/runtimes.yaml
2025-01-28 21:16:59,057 INFO c.h.h.t.HelmChartContainer - [K3S] [INFO] Writing manifest: /var/lib/rancher/k3s/server/manifests/ccm.yaml
2025-01-28 21:16:59,057 INFO c.h.h.t.HelmChartContainer - [K3S] [INFO] Writing manifest: /var/lib/rancher/k3s/server/manifests/metrics-server/auth-reader.yaml
2025-01-28 21:16:59,057 INFO c.h.h.t.HelmChartContainer - [K3S] [INFO] Tunnel server egress proxy mode: agent
2025-01-28 21:16:59,057 INFO c.h.h.t.HelmChartContainer - [K3S] [INFO] Starting dynamiclistener CN filter node controller with SANs: [localhost 127.0.0.1 ::1 localhost 42ea5d3d1b91 172.18.0.2 10.43.0.1 kubernetes kubernetes.default kubernetes.default.svc kubernetes.default.svc.cluster.local]
2025-01-28 21:16:59,097 INFO c.h.h.t.HelmChartContainer - [K3S] [controllermanager.go:765] "Started controller" controller="horizontal-pod-autoscaler-controller"
2025-01-28 21:16:59,097 INFO c.h.h.t.HelmChartContainer - [K3S] [controllermanager.go:723] "Skipping a cloud provider controller" controller="cloud-node-lifecycle-controller"
2025-01-28 21:16:59,097 INFO c.h.h.t.HelmChartContainer - [K3S] [horizontal.go:201] "Starting HPA controller"
2025-01-28 21:16:59,162 INFO c.h.h.t.HelmChartContainer - [K3S] [INFO] Starting k3s.cattle.io/v1, Kind=Addon controller
2025-01-28 21:16:59,162 INFO c.h.h.t.HelmChartContainer - [K3S] [INFO] Creating deploy event broadcaster
2025-01-28 21:16:59,248 INFO c.h.h.t.HelmChartContainer - [K3S] [controllermanager.go:765] "Started controller" controller="persistentvolume-attach-detach-controller"
2025-01-28 21:16:59,248 INFO c.h.h.t.HelmChartContainer - [K3S] [attach_detach_controller.go:338] "Starting attach detach controller"
2025-01-28 21:16:59,266 INFO c.h.h.t.HelmChartContainer - [K3S] [INFO] Starting /v1, Kind=Node controller
2025-01-28 21:16:59,266 INFO c.h.h.t.HelmChartContainer - [K3S] [INFO] Creating helm-controller event broadcaster
2025-01-28 21:16:59,287 INFO c.h.h.t.HelmChartContainer - [K3S] [INFO] Labels and annotations have been set successfully on node: 42ea5d3d1b91
2025-01-28 21:16:59,287 INFO c.h.h.t.HelmChartContainer - [K3S] [INFO] Cluster dns configmap has been set successfully
2025-01-28 21:16:59,375 INFO c.h.h.t.HelmChartContainer - [K3S] [INFO] Starting helm.cattle.io/v1, Kind=HelmChartConfig controller
2025-01-28 21:16:59,375 INFO c.h.h.t.HelmChartContainer - [K3S] [INFO] Starting helm.cattle.io/v1, Kind=HelmChart controller
2025-01-28 21:16:59,377 INFO c.h.h.t.HelmChartContainer - [K3S] [INFO] Starting rbac.authorization.k8s.io/v1, Kind=ClusterRoleBinding controller
2025-01-28 21:16:59,380 INFO c.h.h.t.HelmChartContainer - [K3S] [INFO] Starting batch/v1, Kind=Job controller
2025-01-28 21:16:59,380 INFO c.h.h.t.HelmChartContainer - [K3S] [INFO] Starting /v1, Kind=Secret controller
2025-01-28 21:16:59,380 INFO c.h.h.t.HelmChartContainer - [K3S] [INFO] Starting /v1, Kind=ConfigMap controller
2025-01-28 21:16:59,380 INFO c.h.h.t.HelmChartContainer - [K3S] [INFO] Starting /v1, Kind=ServiceAccount controller
2025-01-28 21:16:59,398 INFO c.h.h.t.HelmChartContainer - [K3S] [controllermanager.go:765] "Started controller" controller="clusterrole-aggregation-controller"
2025-01-28 21:16:59,398 INFO c.h.h.t.HelmChartContainer - [K3S] [controllermanager.go:717] "Controller is disabled by a feature gate" controller="volumeattributesclass-protection-controller" requiredFeatureGates=["VolumeAttributesClass"]
2025-01-28 21:16:59,398 INFO c.h.h.t.HelmChartContainer - [K3S] [clusterroleaggregation_controller.go:194] "Starting ClusterRoleAggregator controller"
2025-01-28 21:16:59,547 INFO c.h.h.t.HelmChartContainer - [K3S] [controllermanager.go:765] "Started controller" controller="daemonset-controller"
2025-01-28 21:16:59,547 INFO c.h.h.t.HelmChartContainer - [K3S] [controllermanager.go:728] "Warning: controller is disabled" controller="bootstrap-signer-controller"
2025-01-28 21:16:59,547 INFO c.h.h.t.HelmChartContainer - [K3S] [daemon_controller.go:294] "Starting daemon sets controller"
2025-01-28 21:16:59,698 INFO c.h.h.t.HelmChartContainer - [K3S] [node_lifecycle_controller.go:432] "Controller will reconcile labels"
2025-01-28 21:16:59,699 INFO c.h.h.t.HelmChartContainer - [K3S] [controllermanager.go:765] "Started controller" controller="node-lifecycle-controller"
2025-01-28 21:16:59,699 INFO c.h.h.t.HelmChartContainer - [K3S] [node_lifecycle_controller.go:466] "Sending events to api server"
2025-01-28 21:16:59,699 INFO c.h.h.t.HelmChartContainer - [K3S] [node_lifecycle_controller.go:477] "Starting node controller"
2025-01-28 21:16:59,822 INFO c.h.h.t.HelmChartContainer - [K3S] [INFO] Updating TLS secret for kube-system/k3s-serving (count: 10): map[listener.cattle.io/cn-10.43.0.1:10.43.0.1 listener.cattle.io/cn-127.0.0.1:127.0.0.1 listener.cattle.io/cn-172.18.0.2:172.18.0.2 listener.cattle.io/cn-42ea5d3d1b91:42ea5d3d1b91 listener.cattle.io/cn-__1-f16284:::1 listener.cattle.io/cn-kubernetes:kubernetes listener.cattle.io/cn-kubernetes.default:kubernetes.default listener.cattle.io/cn-kubernetes.default.svc:kubernetes.default.svc listener.cattle.io/cn-kubernetes.default.svc.cluster.local:kubernetes.default.svc.cluster.local listener.cattle.io/cn-localhost:localhost listener.cattle.io/fingerprint:SHA1=284A9840D4E7AF3F43EF791FA05338DA0D0455D6]
2025-01-28 21:16:59,827 INFO c.h.h.t.HelmChartContainer - [K3S] [INFO] Active TLS secret kube-system/k3s-serving (ver=246) (count 10): map[listener.cattle.io/cn-10.43.0.1:10.43.0.1 listener.cattle.io/cn-127.0.0.1:127.0.0.1 listener.cattle.io/cn-172.18.0.2:172.18.0.2 listener.cattle.io/cn-42ea5d3d1b91:42ea5d3d1b91 listener.cattle.io/cn-__1-f16284:::1 listener.cattle.io/cn-kubernetes:kubernetes listener.cattle.io/cn-kubernetes.default:kubernetes.default listener.cattle.io/cn-kubernetes.default.svc:kubernetes.default.svc listener.cattle.io/cn-kubernetes.default.svc.cluster.local:kubernetes.default.svc.cluster.local listener.cattle.io/cn-localhost:localhost listener.cattle.io/fingerprint:SHA1=284A9840D4E7AF3F43EF791FA05338DA0D0455D6]
2025-01-28 21:16:59,862 INFO c.h.h.t.HelmChartContainer - [K3S] [controllermanager.go:765] "Started controller" controller="persistentvolume-binder-controller"
2025-01-28 21:16:59,862 INFO c.h.h.t.HelmChartContainer - [K3S] [pv_controller_base.go:308] "Starting persistent volume controller"
2025-01-28 21:16:59,920 INFO c.h.h.t.HelmChartContainer - [K3S] [INFO] Updating TLS secret for kube-system/k3s-serving (count: 10): map[listener.cattle.io/cn-10.43.0.1:10.43.0.1 listener.cattle.io/cn-127.0.0.1:127.0.0.1 listener.cattle.io/cn-172.18.0.2:172.18.0.2 listener.cattle.io/cn-42ea5d3d1b91:42ea5d3d1b91 listener.cattle.io/cn-__1-f16284:::1 listener.cattle.io/cn-kubernetes:kubernetes listener.cattle.io/cn-kubernetes.default:kubernetes.default listener.cattle.io/cn-kubernetes.default.svc:kubernetes.default.svc listener.cattle.io/cn-kubernetes.default.svc.cluster.local:kubernetes.default.svc.cluster.local listener.cattle.io/cn-localhost:localhost listener.cattle.io/fingerprint:SHA1=284A9840D4E7AF3F43EF791FA05338DA0D0455D6]
2025-01-28 21:16:59,998 INFO c.h.h.t.HelmChartContainer - [K3S] [controllermanager.go:765] "Started controller" controller="persistentvolumeclaim-protection-controller"
2025-01-28 21:16:59,998 INFO c.h.h.t.HelmChartContainer - [K3S] [pvc_protection_controller.go:168] "Starting PVC protection controller"
2025-01-28 21:17:00,253 INFO c.h.h.t.HelmChartContainer - [K3S] [controllermanager.go:765] "Started controller" controller="namespace-controller"
2025-01-28 21:17:00,253 INFO c.h.h.t.HelmChartContainer - [K3S] [namespace_controller.go:202] "Starting namespace controller"
2025-01-28 21:17:00,399 INFO c.h.h.t.HelmChartContainer - [K3S] [controllermanager.go:765] "Started controller" controller="statefulset-controller"
2025-01-28 21:17:00,399 INFO c.h.h.t.HelmChartContainer - [K3S] [stateful_set.go:166] "Starting stateful set controller"
2025-01-28 21:17:00,648 INFO c.h.h.t.HelmChartContainer - [K3S] [controllermanager.go:765] "Started controller" controller="garbage-collector-controller"
2025-01-28 21:17:00,649 INFO c.h.h.t.HelmChartContainer - [K3S] [graph_builder.go:351] "Running" component="GraphBuilder"
2025-01-28 21:17:00,728 INFO c.h.h.t.HelmChartContainer - [K3S] [event.go:389] "Event occurred" object="42ea5d3d1b91" fieldPath="" kind="Node" apiVersion="" type="Normal" reason="NodePasswordValidationComplete" message="Deferred node password secret validation complete"
2025-01-28 21:17:00,898 INFO c.h.h.t.HelmChartContainer - [K3S] [controllermanager.go:765] "Started controller" controller="token-cleaner-controller"
2025-01-28 21:17:00,898 INFO c.h.h.t.HelmChartContainer - [K3S] [tokencleaner.go:117] "Starting token cleaner controller"
2025-01-28 21:17:01,050 INFO c.h.h.t.HelmChartContainer - [K3S] [range_allocator.go:112] "No Secondary Service CIDR provided. Skipping filtering out secondary service addresses"
2025-01-28 21:17:01,050 INFO c.h.h.t.HelmChartContainer - [K3S] [controllermanager.go:765] "Started controller" controller="node-ipam-controller"
2025-01-28 21:17:01,050 INFO c.h.h.t.HelmChartContainer - [K3S] [node_ipam_controller.go:141] "Starting ipam controller"
2025-01-28 21:17:01,169 INFO c.h.h.t.HelmChartContainer - [K3S] [event.go:389] "Event occurred" object="kube-system/ccm" fieldPath="" kind="Addon" apiVersion="k3s.cattle.io/v1" type="Normal" reason="ApplyingManifest" message="Applying manifest at \"/var/lib/rancher/k3s/server/manifests/ccm.yaml\""
2025-01-28 21:17:01,188 INFO c.h.h.t.HelmChartContainer - [K3S] [event.go:389] "Event occurred" object="kube-system/ccm" fieldPath="" kind="Addon" apiVersion="k3s.cattle.io/v1" type="Normal" reason="AppliedManifest" message="Applied manifest at \"/var/lib/rancher/k3s/server/manifests/ccm.yaml\""
2025-01-28 21:17:01,197 INFO c.h.h.t.HelmChartContainer - [K3S] [event.go:389] "Event occurred" object="kube-system/coredns" fieldPath="" kind="Addon" apiVersion="k3s.cattle.io/v1" type="Normal" reason="ApplyingManifest" message="Applying manifest at \"/var/lib/rancher/k3s/server/manifests/coredns.yaml\""
2025-01-28 21:17:01,198 INFO c.h.h.t.HelmChartContainer - [K3S] [controllermanager.go:765] "Started controller" controller="ephemeral-volume-controller"
2025-01-28 21:17:01,198 INFO c.h.h.t.HelmChartContainer - [K3S] [controller.go:173] "Starting ephemeral volume controller"
2025-01-28 21:17:01,301 INFO c.h.h.t.HelmChartContainer - [K3S] [alloc.go:330] "allocated clusterIPs" service="kube-system/kube-dns" clusterIPs={"IPv4":"10.43.0.10"}
2025-01-28 21:17:01,304 INFO c.h.h.t.HelmChartContainer - [K3S] [event.go:389] "Event occurred" object="kube-system/coredns" fieldPath="" kind="Addon" apiVersion="k3s.cattle.io/v1" type="Normal" reason="AppliedManifest" message="Applied manifest at \"/var/lib/rancher/k3s/server/manifests/coredns.yaml\""
2025-01-28 21:17:01,309 INFO c.h.h.t.HelmChartContainer - [K3S] [event.go:389] "Event occurred" object="kube-system/local-storage" fieldPath="" kind="Addon" apiVersion="k3s.cattle.io/v1" type="Normal" reason="ApplyingManifest" message="Applying manifest at \"/var/lib/rancher/k3s/server/manifests/local-storage.yaml\""
2025-01-28 21:17:01,348 INFO c.h.h.t.HelmChartContainer - [K3S] [controllermanager.go:765] "Started controller" controller="endpoints-controller"
2025-01-28 21:17:01,348 INFO c.h.h.t.HelmChartContainer - [K3S] [endpoints_controller.go:182] "Starting endpoint controller"
2025-01-28 21:17:01,403 INFO c.h.h.t.HelmChartContainer - [K3S] [event.go:389] "Event occurred" object="kube-system/local-storage" fieldPath="" kind="Addon" apiVersion="k3s.cattle.io/v1" type="Normal" reason="AppliedManifest" message="Applied manifest at \"/var/lib/rancher/k3s/server/manifests/local-storage.yaml\""
2025-01-28 21:17:01,409 INFO c.h.h.t.HelmChartContainer - [K3S] [event.go:389] "Event occurred" object="kube-system/aggregated-metrics-reader" fieldPath="" kind="Addon" apiVersion="k3s.cattle.io/v1" type="Normal" reason="ApplyingManifest" message="Applying manifest at \"/var/lib/rancher/k3s/server/manifests/metrics-server/aggregated-metrics-reader.yaml\""
2025-01-28 21:17:01,476 INFO c.h.h.t.HelmChartContainer - [K3S] [event.go:389] "Event occurred" object="kube-system/aggregated-metrics-reader" fieldPath="" kind="Addon" apiVersion="k3s.cattle.io/v1" type="Normal" reason="AppliedManifest" message="Applied manifest at \"/var/lib/rancher/k3s/server/manifests/metrics-server/aggregated-metrics-reader.yaml\""
2025-01-28 21:17:01,482 INFO c.h.h.t.HelmChartContainer - [K3S] [event.go:389] "Event occurred" object="kube-system/auth-delegator" fieldPath="" kind="Addon" apiVersion="k3s.cattle.io/v1" type="Normal" reason="ApplyingManifest" message="Applying manifest at \"/var/lib/rancher/k3s/server/manifests/metrics-server/auth-delegator.yaml\""
2025-01-28 21:17:01,486 INFO c.h.h.t.HelmChartContainer - [K3S] [event.go:389] "Event occurred" object="kube-system/auth-delegator" fieldPath="" kind="Addon" apiVersion="k3s.cattle.io/v1" type="Normal" reason="AppliedManifest" message="Applied manifest at \"/var/lib/rancher/k3s/server/manifests/metrics-server/auth-delegator.yaml\""
2025-01-28 21:17:01,492 INFO c.h.h.t.HelmChartContainer - [K3S] [event.go:389] "Event occurred" object="kube-system/auth-reader" fieldPath="" kind="Addon" apiVersion="k3s.cattle.io/v1" type="Normal" reason="ApplyingManifest" message="Applying manifest at \"/var/lib/rancher/k3s/server/manifests/metrics-server/auth-reader.yaml\""
2025-01-28 21:17:01,498 INFO c.h.h.t.HelmChartContainer - [K3S] [controllermanager.go:765] "Started controller" controller="pod-garbage-collector-controller"
2025-01-28 21:17:01,498 INFO c.h.h.t.HelmChartContainer - [K3S] [controllermanager.go:717] "Controller is disabled by a feature gate" controller="storageversion-garbage-collector-controller" requiredFeatureGates=["APIServerIdentity","StorageVersionAPI"]
2025-01-28 21:17:01,499 INFO c.h.h.t.HelmChartContainer - [K3S] [event.go:389] "Event occurred" object="kube-system/auth-reader" fieldPath="" kind="Addon" apiVersion="k3s.cattle.io/v1" type="Normal" reason="AppliedManifest" message="Applied manifest at \"/var/lib/rancher/k3s/server/manifests/metrics-server/auth-reader.yaml\""
2025-01-28 21:17:01,499 INFO c.h.h.t.HelmChartContainer - [K3S] [gc_controller.go:99] "Starting GC controller"
2025-01-28 21:17:01,507 INFO c.h.h.t.HelmChartContainer - [K3S] [event.go:389] "Event occurred" object="kube-system/metrics-apiservice" fieldPath="" kind="Addon" apiVersion="k3s.cattle.io/v1" type="Normal" reason="ApplyingManifest" message="Applying manifest at \"/var/lib/rancher/k3s/server/manifests/metrics-server/metrics-apiservice.yaml\""
2025-01-28 21:17:01,511 INFO c.h.h.t.HelmChartContainer - [K3S] [event.go:389] "Event occurred" object="kube-system/metrics-apiservice" fieldPath="" kind="Addon" apiVersion="k3s.cattle.io/v1" type="Normal" reason="AppliedManifest" message="Applied manifest at \"/var/lib/rancher/k3s/server/manifests/metrics-server/metrics-apiservice.yaml\""
2025-01-28 21:17:01,515 INFO c.h.h.t.HelmChartContainer - [K3S] [handler_proxy.go:99] no RequestInfo found in the context
2025-01-28 21:17:01,515 INFO c.h.h.t.HelmChartContainer - [K3S] [controller.go:146] "Unhandled Error" err=<
2025-01-28 21:17:01,515 INFO c.h.h.t.HelmChartContainer - [K3S] 	, Header: map[Content-Type:[text/plain; charset=utf-8] X-Content-Type-Options:[nosniff]]
2025-01-28 21:17:01,516 INFO c.h.h.t.HelmChartContainer - [K3S]  >
2025-01-28 21:17:01,516 INFO c.h.h.t.HelmChartContainer - [K3S] [handler_proxy.go:143] error resolving kube-system/metrics-server: service "metrics-server" not found
2025-01-28 21:17:01,521 INFO c.h.h.t.HelmChartContainer - [K3S] [event.go:389] "Event occurred" object="kube-system/metrics-server-deployment" fieldPath="" kind="Addon" apiVersion="k3s.cattle.io/v1" type="Normal" reason="ApplyingManifest" message="Applying manifest at \"/var/lib/rancher/k3s/server/manifests/metrics-server/metrics-server-deployment.yaml\""
2025-01-28 21:17:01,539 INFO c.h.h.t.HelmChartContainer - [K3S] [event.go:389] "Event occurred" object="kube-system/metrics-server-deployment" fieldPath="" kind="Addon" apiVersion="k3s.cattle.io/v1" type="Normal" reason="AppliedManifest" message="Applied manifest at \"/var/lib/rancher/k3s/server/manifests/metrics-server/metrics-server-deployment.yaml\""
2025-01-28 21:17:01,551 INFO c.h.h.t.HelmChartContainer - [K3S] [event.go:389] "Event occurred" object="kube-system/metrics-server-service" fieldPath="" kind="Addon" apiVersion="k3s.cattle.io/v1" type="Normal" reason="ApplyingManifest" message="Applying manifest at \"/var/lib/rancher/k3s/server/manifests/metrics-server/metrics-server-service.yaml\""
2025-01-28 21:17:01,563 INFO c.h.h.t.HelmChartContainer - [K3S] [alloc.go:330] "allocated clusterIPs" service="kube-system/metrics-server" clusterIPs={"IPv4":"10.43.148.248"}
2025-01-28 21:17:01,565 INFO c.h.h.t.HelmChartContainer - [K3S] [event.go:389] "Event occurred" object="kube-system/metrics-server-service" fieldPath="" kind="Addon" apiVersion="k3s.cattle.io/v1" type="Normal" reason="AppliedManifest" message="Applied manifest at \"/var/lib/rancher/k3s/server/manifests/metrics-server/metrics-server-service.yaml\""
2025-01-28 21:17:01,572 INFO c.h.h.t.HelmChartContainer - [K3S] [handler_proxy.go:99] no RequestInfo found in the context
2025-01-28 21:17:01,574 INFO c.h.h.t.HelmChartContainer - [K3S] [controller.go:146] "Unhandled Error" err=<
2025-01-28 21:17:01,574 INFO c.h.h.t.HelmChartContainer - [K3S] 	, Header: map[Content-Type:[text/plain; charset=utf-8] X-Content-Type-Options:[nosniff]]
2025-01-28 21:17:01,576 INFO c.h.h.t.HelmChartContainer - [K3S]  >
2025-01-28 21:17:01,586 INFO c.h.h.t.HelmChartContainer - [K3S] [handler_proxy.go:143] error resolving kube-system/metrics-server: endpoints "metrics-server" not found
2025-01-28 21:17:01,589 INFO c.h.h.t.HelmChartContainer - [K3S] [event.go:389] "Event occurred" object="kube-system/resource-reader" fieldPath="" kind="Addon" apiVersion="k3s.cattle.io/v1" type="Normal" reason="ApplyingManifest" message="Applying manifest at \"/var/lib/rancher/k3s/server/manifests/metrics-server/resource-reader.yaml\""
2025-01-28 21:17:01,597 INFO c.h.h.t.HelmChartContainer - [K3S] [event.go:389] "Event occurred" object="kube-system/resource-reader" fieldPath="" kind="Addon" apiVersion="k3s.cattle.io/v1" type="Normal" reason="AppliedManifest" message="Applied manifest at \"/var/lib/rancher/k3s/server/manifests/metrics-server/resource-reader.yaml\""
2025-01-28 21:17:01,603 INFO c.h.h.t.HelmChartContainer - [K3S] [event.go:389] "Event occurred" object="kube-system/rolebindings" fieldPath="" kind="Addon" apiVersion="k3s.cattle.io/v1" type="Normal" reason="ApplyingManifest" message="Applying manifest at \"/var/lib/rancher/k3s/server/manifests/rolebindings.yaml\""
2025-01-28 21:17:01,697 INFO c.h.h.t.HelmChartContainer - [K3S] [controllermanager.go:765] "Started controller" controller="validatingadmissionpolicy-status-controller"
2025-01-28 21:17:01,697 INFO c.h.h.t.HelmChartContainer - [K3S] [controllermanager.go:717] "Controller is disabled by a feature gate" controller="service-cidr-controller" requiredFeatureGates=["MultiCIDRServiceAllocator"]
2025-01-28 21:17:01,711 INFO c.h.h.t.HelmChartContainer - [K3S] [event.go:389] "Event occurred" object="kube-system/rolebindings" fieldPath="" kind="Addon" apiVersion="k3s.cattle.io/v1" type="Normal" reason="AppliedManifest" message="Applied manifest at \"/var/lib/rancher/k3s/server/manifests/rolebindings.yaml\""
2025-01-28 21:17:01,718 INFO c.h.h.t.HelmChartContainer - [K3S] [event.go:389] "Event occurred" object="kube-system/runtimes" fieldPath="" kind="Addon" apiVersion="k3s.cattle.io/v1" type="Normal" reason="ApplyingManifest" message="Applying manifest at \"/var/lib/rancher/k3s/server/manifests/runtimes.yaml\""
2025-01-28 21:17:01,744 INFO c.h.h.t.HelmChartContainer - [K3S] [event.go:389] "Event occurred" object="kube-system/runtimes" fieldPath="" kind="Addon" apiVersion="k3s.cattle.io/v1" type="Normal" reason="AppliedManifest" message="Applied manifest at \"/var/lib/rancher/k3s/server/manifests/runtimes.yaml\""
2025-01-28 21:17:01,848 INFO c.h.h.t.HelmChartContainer - [K3S] [controllermanager.go:765] "Started controller" controller="deployment-controller"
2025-01-28 21:17:01,848 INFO c.h.h.t.HelmChartContainer - [K3S] [deployment_controller.go:173] "Starting controller" controller="deployment"
2025-01-28 21:17:01,998 INFO c.h.h.t.HelmChartContainer - [K3S] [controllermanager.go:765] "Started controller" controller="ttl-controller"
2025-01-28 21:17:01,998 INFO c.h.h.t.HelmChartContainer - [K3S] [ttl_controller.go:127] "Starting TTL controller"
2025-01-28 21:17:02,149 INFO c.h.h.t.HelmChartContainer - [K3S] [controllermanager.go:765] "Started controller" controller="serviceaccount-controller"
2025-01-28 21:17:02,149 INFO c.h.h.t.HelmChartContainer - [K3S] [serviceaccounts_controller.go:114] "Starting service account controller"
2025-01-28 21:17:02,176 INFO c.h.h.t.HelmChartContainer - [K3S] [INFO] Tunnel authorizer set Kubelet Port 0.0.0.0:10250
2025-01-28 21:17:02,198 INFO c.h.h.t.HelmChartContainer - [K3S] [controllermanager.go:765] "Started controller" controller="certificatesigningrequest-approving-controller"
2025-01-28 21:17:02,199 INFO c.h.h.t.HelmChartContainer - [K3S] [certificate_controller.go:120] "Starting certificate controller" name="csrapproving"
2025-01-28 21:17:02,248 INFO c.h.h.t.HelmChartContainer - [K3S] [controllermanager.go:765] "Started controller" controller="certificatesigningrequest-cleaner-controller"
2025-01-28 21:17:02,249 INFO c.h.h.t.HelmChartContainer - [K3S] [cleaner.go:83] "Starting CSR cleaner controller"
2025-01-28 21:17:02,398 INFO c.h.h.t.HelmChartContainer - [K3S] [controllermanager.go:765] "Started controller" controller="legacy-serviceaccount-token-cleaner-controller"
2025-01-28 21:17:02,398 INFO c.h.h.t.HelmChartContainer - [K3S] [legacy_serviceaccount_token_cleaner.go:103] "Starting legacy service account token cleaner controller"
2025-01-28 21:17:02,448 INFO c.h.h.t.HelmChartContainer - [K3S] [controllermanager.go:765] "Started controller" controller="taint-eviction-controller"
2025-01-28 21:17:02,448 INFO c.h.h.t.HelmChartContainer - [K3S] [controllermanager.go:743] "Warning: skipping controller" controller="storage-version-migrator-controller"
2025-01-28 21:17:02,448 INFO c.h.h.t.HelmChartContainer - [K3S] [taint_eviction.go:281] "Starting" controller="taint-eviction-controller"
2025-01-28 21:17:02,448 INFO c.h.h.t.HelmChartContainer - [K3S] [taint_eviction.go:287] "Sending events to api server"
2025-01-28 21:17:02,454 INFO c.h.h.t.HelmChartContainer - [K3S] [serving.go:392] Generated self-signed cert in-memory
2025-01-28 21:17:02,512 INFO c.h.h.t.HelmChartContainer - [K3S] [handler_proxy.go:99] no RequestInfo found in the context
2025-01-28 21:17:02,512 INFO c.h.h.t.HelmChartContainer - [K3S] [handler_proxy.go:99] no RequestInfo found in the context
2025-01-28 21:17:02,512 INFO c.h.h.t.HelmChartContainer - [K3S] [controller.go:102] "Unhandled Error" err=<
2025-01-28 21:17:02,512 INFO c.h.h.t.HelmChartContainer - [K3S] 	, Header: map[Content-Type:[text/plain; charset=utf-8] X-Content-Type-Options:[nosniff]]
2025-01-28 21:17:02,512 INFO c.h.h.t.HelmChartContainer - [K3S]  >
2025-01-28 21:17:02,603 INFO c.h.h.t.HelmChartContainer - [K3S] [controllermanager.go:765] "Started controller" controller="replicationcontroller-controller"
2025-01-28 21:17:02,604 INFO c.h.h.t.HelmChartContainer - [K3S] [replica_set.go:217] "Starting controller" name="replicationcontroller"
2025-01-28 21:17:02,812 INFO c.h.h.t.HelmChartContainer - [K3S] [serving.go:392] Generated self-signed cert in-memory
2025-01-28 21:17:02,904 INFO c.h.h.t.HelmChartContainer - [K3S] [controllermanager.go:765] "Started controller" controller="resourcequota-controller"
2025-01-28 21:17:02,904 INFO c.h.h.t.HelmChartContainer - [K3S] [resource_quota_controller.go:300] "Starting resource quota controller"
2025-01-28 21:17:03,062 INFO c.h.h.t.HelmChartContainer - [K3S] [controllermanager.go:160] Version: v1.32.1+k3s1
2025-01-28 21:17:03,064 INFO c.h.h.t.HelmChartContainer - [K3S] [requestheader_controller.go:180] Starting RequestHeaderAuthRequestController
2025-01-28 21:17:03,064 INFO c.h.h.t.HelmChartContainer - [K3S] [configmap_cafile_content.go:205] "Starting controller" name="client-ca::kube-system::extension-apiserver-authentication::client-ca-file"
2025-01-28 21:17:03,064 INFO c.h.h.t.HelmChartContainer - [K3S] [configmap_cafile_content.go:205] "Starting controller" name="client-ca::kube-system::extension-apiserver-authentication::requestheader-client-ca-file"
2025-01-28 21:17:03,065 INFO c.h.h.t.HelmChartContainer - [K3S] [secure_serving.go:213] Serving securely on 127.0.0.1:10258
2025-01-28 21:17:03,065 INFO c.h.h.t.HelmChartContainer - [K3S] [tlsconfig.go:243] "Starting DynamicServingCertificateController"
2025-01-28 21:17:03,069 INFO c.h.h.t.HelmChartContainer - [K3S] [INFO] Creating service-lb-controller event broadcaster
2025-01-28 21:17:03,159 INFO c.h.h.t.HelmChartContainer - [K3S] [actual_state_of_world.go:541] "Failed to update statusUpdateNeeded field in actual state of world" err="Failed to set statusUpdateNeeded to needed true, because nodeName=\"42ea5d3d1b91\" does not exist"
2025-01-28 21:17:03,176 INFO c.h.h.t.HelmChartContainer - [K3S] [INFO] Started tunnel to 172.18.0.2:6443
2025-01-28 21:17:03,176 INFO c.h.h.t.HelmChartContainer - [K3S] [INFO] Stopped tunnel to 127.0.0.1:6443
2025-01-28 21:17:03,176 INFO c.h.h.t.HelmChartContainer - [K3S] [INFO] Connecting to proxy" url="wss://172.18.0.2:6443/v1-k3s/connect
2025-01-28 21:17:03,176 INFO c.h.h.t.HelmChartContainer - [K3S] [INFO] Proxy done" err="context canceled" url="wss://127.0.0.1:6443/v1-k3s/connect
2025-01-28 21:17:03,176 INFO c.h.h.t.HelmChartContainer - [K3S] [INFO] error in remotedialer server [400]: websocket: close 1006 (abnormal closure): unexpected EOF
2025-01-28 21:17:03,179 INFO c.h.h.t.HelmChartContainer - [K3S] [INFO] Handling backend connection request [42ea5d3d1b91]
2025-01-28 21:17:03,179 INFO c.h.h.t.HelmChartContainer - [K3S] [INFO] Remotedialer connected to proxy" url="wss://172.18.0.2:6443/v1-k3s/connect
2025-01-28 21:17:03,183 INFO c.h.h.t.HelmChartContainer - [K3S] [INFO] Starting /v1, Kind=Node controller
2025-01-28 21:17:03,186 INFO c.h.h.t.HelmChartContainer - [K3S] [INFO] Starting /v1, Kind=Pod controller
2025-01-28 21:17:03,189 INFO c.h.h.t.HelmChartContainer - [K3S] [INFO] Starting apps/v1, Kind=DaemonSet controller
2025-01-28 21:17:03,193 INFO c.h.h.t.HelmChartContainer - [K3S] [INFO] Starting discovery.k8s.io/v1, Kind=EndpointSlice controller
2025-01-28 21:17:03,193 INFO c.h.h.t.HelmChartContainer - [K3S] [controllermanager.go:329] Started "cloud-node-controller"
2025-01-28 21:17:03,194 INFO c.h.h.t.HelmChartContainer - [K3S] [node_controller.go:176] Sending events to api server.
2025-01-28 21:17:03,194 INFO c.h.h.t.HelmChartContainer - [K3S] [node_controller.go:185] Waiting for informer caches to sync
2025-01-28 21:17:03,194 INFO c.h.h.t.HelmChartContainer - [K3S] [controllermanager.go:329] Started "cloud-node-lifecycle-controller"
2025-01-28 21:17:03,194 INFO c.h.h.t.HelmChartContainer - [K3S] [node_lifecycle_controller.go:112] Sending events to api server
2025-01-28 21:17:03,195 INFO c.h.h.t.HelmChartContainer - [K3S] [controllermanager.go:329] Started "service-lb-controller"
2025-01-28 21:17:03,195 INFO c.h.h.t.HelmChartContainer - [K3S] [controllermanager.go:306] "node-route-controller" is disabled
2025-01-28 21:17:03,195 INFO c.h.h.t.HelmChartContainer - [K3S] [controller.go:234] Starting service controller
2025-01-28 21:17:03,199 INFO c.h.h.t.HelmChartContainer - [K3S] [node_lifecycle_controller.go:1234] "Initializing eviction metric for zone" zone=""
2025-01-28 21:17:03,199 INFO c.h.h.t.HelmChartContainer - [K3S] [node_lifecycle_controller.go:886] "Missing timestamp for Node. Assuming now as a timestamp" node="42ea5d3d1b91"
2025-01-28 21:17:03,199 INFO c.h.h.t.HelmChartContainer - [K3S] [node_lifecycle_controller.go:1080] "Controller detected that zone is now in new state" zone="" newState="Normal"
2025-01-28 21:17:03,208 INFO c.h.h.t.HelmChartContainer - [K3S] [INFO] Updated coredns NodeHosts entry for 42ea5d3d1b91
2025-01-28 21:17:03,250 INFO c.h.h.t.HelmChartContainer - [K3S] [range_allocator.go:177] "Sending events to api server"
2025-01-28 21:17:03,250 INFO c.h.h.t.HelmChartContainer - [K3S] [range_allocator.go:183] "Starting range CIDR allocator"
2025-01-28 21:17:03,254 INFO c.h.h.t.HelmChartContainer - [K3S] [range_allocator.go:428] "Set node PodCIDR" node="42ea5d3d1b91" podCIDRs=["10.42.0.0/24"]
2025-01-28 21:17:03,254 INFO c.h.h.t.HelmChartContainer - [K3S] [range_allocator.go:247] "Successfully synced" key="42ea5d3d1b91"
2025-01-28 21:17:03,257 INFO c.h.h.t.HelmChartContainer - [K3S] [range_allocator.go:247] "Successfully synced" key="42ea5d3d1b91"
2025-01-28 21:17:03,258 INFO c.h.h.t.HelmChartContainer - [K3S] [INFO] Flannel found PodCIDR assigned for node 42ea5d3d1b91
2025-01-28 21:17:03,258 INFO c.h.h.t.HelmChartContainer - [K3S] [handler_proxy.go:99] no RequestInfo found in the context
2025-01-28 21:17:03,258 INFO c.h.h.t.HelmChartContainer - [K3S] [controller.go:146] "Unhandled Error" err=<
2025-01-28 21:17:03,258 INFO c.h.h.t.HelmChartContainer - [K3S] 	, Header: map[Content-Type:[text/plain; charset=utf-8] X-Content-Type-Options:[nosniff]]
2025-01-28 21:17:03,258 INFO c.h.h.t.HelmChartContainer - [K3S]  >
2025-01-28 21:17:03,258 INFO c.h.h.t.HelmChartContainer - [K3S] [INFO] The interface eth0 with ipv4 address 172.18.0.2 will be used by flannel
2025-01-28 21:17:03,258 INFO c.h.h.t.HelmChartContainer - [K3S] [handler_proxy.go:143] error resolving kube-system/metrics-server: no endpoints available for service "metrics-server"
2025-01-28 21:17:03,258 INFO c.h.h.t.HelmChartContainer - [K3S] [kube.go:139] Waiting 10m0s for node controller to sync
2025-01-28 21:17:03,258 INFO c.h.h.t.HelmChartContainer - [K3S] [kube.go:469] Starting kube subnet manager
2025-01-28 21:17:03,265 INFO c.h.h.t.HelmChartContainer - [K3S] [INFO] Network policy controller waiting for removal of node.cloudprovider.kubernetes.io/uninitialized taint
2025-01-28 21:17:03,294 INFO c.h.h.t.HelmChartContainer - [K3S] [node_controller.go:429] Initializing node 42ea5d3d1b91 with cloud provider
2025-01-28 21:17:03,298 INFO c.h.h.t.HelmChartContainer - [K3S] [node_controller.go:474] Successfully initialized node 42ea5d3d1b91 with cloud provider
2025-01-28 21:17:03,299 INFO c.h.h.t.HelmChartContainer - [K3S] [event.go:389] "Event occurred" object="42ea5d3d1b91" fieldPath="" kind="Node" apiVersion="v1" type="Normal" reason="Synced" message="Node synced successfully"
2025-01-28 21:17:03,299 INFO c.h.h.t.HelmChartContainer - [K3S] [range_allocator.go:247] "Successfully synced" key="42ea5d3d1b91"
2025-01-28 21:17:03,653 INFO c.h.h.t.HelmChartContainer - [K3S] [range_allocator.go:247] "Successfully synced" key="42ea5d3d1b91"
2025-01-28 21:17:03,812 INFO c.h.h.t.HelmChartContainer - [K3S] [replica_set.go:679] "Finished syncing" kind="ReplicaSet" key="kube-system/coredns-ff8999cc5" duration="205.462798ms"
2025-01-28 21:17:03,813 INFO c.h.h.t.HelmChartContainer - [K3S] [replica_set.go:679] "Finished syncing" kind="ReplicaSet" key="kube-system/local-path-provisioner-698b58967b" duration="207.575987ms"
2025-01-28 21:17:03,815 INFO c.h.h.t.HelmChartContainer - [K3S] [replica_set.go:679] "Finished syncing" kind="ReplicaSet" key="kube-system/metrics-server-8584b5786c" duration="211.545383ms"
2025-01-28 21:17:03,816 INFO c.h.h.t.HelmChartContainer - [K3S] [replica_set.go:679] "Finished syncing" kind="ReplicaSet" key="kube-system/local-path-provisioner-698b58967b" duration="5.546764ms"
2025-01-28 21:17:03,818 INFO c.h.h.t.HelmChartContainer - [K3S] [replica_set.go:679] "Finished syncing" kind="ReplicaSet" key="kube-system/local-path-provisioner-698b58967b" duration="325.316µs"
2025-01-28 21:17:03,818 INFO c.h.h.t.HelmChartContainer - [K3S] [replica_set.go:679] "Finished syncing" kind="ReplicaSet" key="kube-system/coredns-ff8999cc5" duration="6.426875ms"
2025-01-28 21:17:03,818 INFO c.h.h.t.HelmChartContainer - [K3S] [replica_set.go:679] "Finished syncing" kind="ReplicaSet" key="kube-system/coredns-ff8999cc5" duration="26.479µs"
2025-01-28 21:17:03,820 INFO c.h.h.t.HelmChartContainer - [K3S] [replica_set.go:679] "Finished syncing" kind="ReplicaSet" key="kube-system/metrics-server-8584b5786c" duration="5.426781ms"
2025-01-28 21:17:03,821 INFO c.h.h.t.HelmChartContainer - [K3S] [replica_set.go:679] "Finished syncing" kind="ReplicaSet" key="kube-system/metrics-server-8584b5786c" duration="30.807µs"
2025-01-28 21:17:03,986 INFO c.h.h.t.HelmChartContainer - [K3S] [serving.go:392] Generated self-signed cert in-memory
2025-01-28 21:17:04,258 INFO c.h.h.t.HelmChartContainer - [K3S] [kube.go:146] Node controller sync successful
2025-01-28 21:17:04,258 INFO c.h.h.t.HelmChartContainer - [K3S] [handler_proxy.go:99] no RequestInfo found in the context
2025-01-28 21:17:04,258 INFO c.h.h.t.HelmChartContainer - [K3S] [handler_proxy.go:99] no RequestInfo found in the context
2025-01-28 21:17:04,258 INFO c.h.h.t.HelmChartContainer - [K3S] [vxlan.go:141] VXLAN config: VNI=1 Port=0 GBP=false Learning=false DirectRouting=false
2025-01-28 21:17:04,258 INFO c.h.h.t.HelmChartContainer - [K3S] [controller.go:102] "Unhandled Error" err=<
2025-01-28 21:17:04,259 INFO c.h.h.t.HelmChartContainer - [K3S] 	, Header: map[Content-Type:[text/plain; charset=utf-8] X-Content-Type-Options:[nosniff]]
2025-01-28 21:17:04,259 INFO c.h.h.t.HelmChartContainer - [K3S]  >
2025-01-28 21:17:04,261 INFO c.h.h.t.HelmChartContainer - [K3S] [kube.go:636] List of node(42ea5d3d1b91) annotations: map[string]string{"alpha.kubernetes.io/provided-node-ip":"172.18.0.2", "k3s.io/hostname":"42ea5d3d1b91", "k3s.io/internal-ip":"172.18.0.2", "k3s.io/node-args":"[\"server\",\"--etcd-arg\",\"unsafe-no-fsync\",\"--etcd-arg\",\"snapshot-count=10000\",\"--etcd-arg\",\"auto-compaction-mode=revision\",\"--etcd-arg\",\"auto-compaction-retention=1000000\",\"--kube-apiserver-arg\",\"etcd-compaction-interval=0s\",\"--disable\",\"traefik\",\"--tls-san\",\"localhost\"]", "k3s.io/node-config-hash":"2QNNT5M5XUBFOLO5XPGEVGOM5UDLHHTIVMSRUPAUHE5DU3HUYQUQ====", "k3s.io/node-env":"{}", "node.alpha.kubernetes.io/ttl":"0", "volumes.kubernetes.io/controller-managed-attach-detach":"true"}
2025-01-28 21:17:04,267 INFO c.h.h.t.HelmChartContainer - [K3S] [iptables.go:51] Starting flannel in iptables mode...
2025-01-28 21:17:04,267 INFO c.h.h.t.HelmChartContainer - [K3S] [WARNING] no subnet found for key: FLANNEL_NETWORK in file: /run/flannel/subnet.env
2025-01-28 21:17:04,267 INFO c.h.h.t.HelmChartContainer - [K3S] [WARNING] no subnet found for key: FLANNEL_SUBNET in file: /run/flannel/subnet.env
2025-01-28 21:17:04,267 INFO c.h.h.t.HelmChartContainer - [K3S] [WARNING] no subnet found for key: FLANNEL_IPV6_NETWORK in file: /run/flannel/subnet.env
2025-01-28 21:17:04,267 INFO c.h.h.t.HelmChartContainer - [K3S] [WARNING] no subnet found for key: FLANNEL_IPV6_SUBNET in file: /run/flannel/subnet.env
2025-01-28 21:17:04,267 INFO c.h.h.t.HelmChartContainer - [K3S] [iptables.go:115] Current network or subnet (10.42.0.0/16, 10.42.0.0/24) is not equal to previous one (0.0.0.0/0, 0.0.0.0/0), trying to recycle old iptables rules
2025-01-28 21:17:04,268 INFO c.h.h.t.HelmChartContainer - [K3S] [kube.go:490] Creating the node lease for IPv4. This is the n.Spec.PodCIDRs: [10.42.0.0/24]
2025-01-28 21:17:04,268 INFO c.h.h.t.HelmChartContainer - [K3S] [range_allocator.go:247] "Successfully synced" key="42ea5d3d1b91"
2025-01-28 21:17:04,276 INFO c.h.h.t.HelmChartContainer - [K3S] [iptables.go:125] Setting up masking rules
2025-01-28 21:17:04,278 INFO c.h.h.t.HelmChartContainer - [K3S] [iptables.go:226] Changing default FORWARD chain policy to ACCEPT
2025-01-28 21:17:04,280 INFO c.h.h.t.HelmChartContainer - [K3S] [INFO] Wrote flannel subnet file to /run/flannel/subnet.env
2025-01-28 21:17:04,281 INFO c.h.h.t.HelmChartContainer - [K3S] [INFO] Running flannel backend.
2025-01-28 21:17:04,282 INFO c.h.h.t.HelmChartContainer - [K3S] [vxlan_network.go:65] watching for new subnet leases
2025-01-28 21:17:04,291 INFO c.h.h.t.HelmChartContainer - [K3S] [iptables.go:372] bootstrap done
2025-01-28 21:17:04,295 INFO c.h.h.t.HelmChartContainer - [K3S] [iptables.go:372] bootstrap done
2025-01-28 21:17:04,500 INFO c.h.h.t.HelmChartContainer - [K3S] [server.go:164] "Starting Kubernetes Scheduler" version="v1.32.1+k3s1"
2025-01-28 21:17:04,500 INFO c.h.h.t.HelmChartContainer - [K3S] [server.go:166] "Golang settings" GOGC="" GOMAXPROCS="" GOTRACEBACK=""
2025-01-28 21:17:04,505 INFO c.h.h.t.HelmChartContainer - [K3S] [requestheader_controller.go:180] Starting RequestHeaderAuthRequestController
2025-01-28 21:17:04,505 INFO c.h.h.t.HelmChartContainer - [K3S] [configmap_cafile_content.go:205] "Starting controller" name="client-ca::kube-system::extension-apiserver-authentication::client-ca-file"
2025-01-28 21:17:04,505 INFO c.h.h.t.HelmChartContainer - [K3S] [configmap_cafile_content.go:205] "Starting controller" name="client-ca::kube-system::extension-apiserver-authentication::requestheader-client-ca-file"
2025-01-28 21:17:04,505 INFO c.h.h.t.HelmChartContainer - [K3S] [secure_serving.go:213] Serving securely on 127.0.0.1:10259
2025-01-28 21:17:04,505 INFO c.h.h.t.HelmChartContainer - [K3S] [tlsconfig.go:243] "Starting DynamicServingCertificateController"
2025-01-28 21:17:04,609 INFO c.h.h.t.HelmChartContainer - [K3S] [replica_set.go:679] "Finished syncing" kind="ReplicaSet" key="kube-system/local-path-provisioner-698b58967b" duration="69.609µs"
2025-01-28 21:17:04,610 INFO c.h.h.t.HelmChartContainer - [K3S] [replica_set.go:679] "Finished syncing" kind="ReplicaSet" key="kube-system/metrics-server-8584b5786c" duration="26.129µs"
2025-01-28 21:17:04,617 INFO c.h.h.t.HelmChartContainer - [K3S] [replica_set.go:679] "Finished syncing" kind="ReplicaSet" key="kube-system/coredns-ff8999cc5" duration="34.234µs"
2025-01-28 21:17:04,649 INFO c.h.h.t.HelmChartContainer - [K3S] [replica_set.go:679] "Finished syncing" kind="ReplicaSet" key="kube-system/local-path-provisioner-698b58967b" duration="56.976µs"
2025-01-28 21:17:04,669 INFO c.h.h.t.HelmChartContainer - [K3S] [replica_set.go:679] "Finished syncing" kind="ReplicaSet" key="kube-system/metrics-server-8584b5786c" duration="48.731µs"
2025-01-28 21:17:04,687 INFO c.h.h.t.HelmChartContainer - [K3S] [replica_set.go:679] "Finished syncing" kind="ReplicaSet" key="kube-system/coredns-ff8999cc5" duration="57.667µs"
2025-01-28 21:17:04,744 INFO c.h.h.t.HelmChartContainer - [K3S] [reconciler_common.go:251] "operationExecutor.VerifyControllerAttachedVolume started for volume \"config-volume\" (UniqueName: \"kubernetes.io/configmap/4980d0e8-288b-4661-851c-ac86365cfec6-config-volume\") pod \"coredns-ff8999cc5-cdcg6\" (UID: \"4980d0e8-288b-4661-851c-ac86365cfec6\") " pod="kube-system/coredns-ff8999cc5-cdcg6"
2025-01-28 21:17:04,744 INFO c.h.h.t.HelmChartContainer - [K3S] [reconciler_common.go:251] "operationExecutor.VerifyControllerAttachedVolume started for volume \"custom-config-volume\" (UniqueName: \"kubernetes.io/configmap/4980d0e8-288b-4661-851c-ac86365cfec6-custom-config-volume\") pod \"coredns-ff8999cc5-cdcg6\" (UID: \"4980d0e8-288b-4661-851c-ac86365cfec6\") " pod="kube-system/coredns-ff8999cc5-cdcg6"
2025-01-28 21:17:04,744 INFO c.h.h.t.HelmChartContainer - [K3S] [reconciler_common.go:251] "operationExecutor.VerifyControllerAttachedVolume started for volume \"kube-api-access-nkrfx\" (UniqueName: \"kubernetes.io/projected/4980d0e8-288b-4661-851c-ac86365cfec6-kube-api-access-nkrfx\") pod \"coredns-ff8999cc5-cdcg6\" (UID: \"4980d0e8-288b-4661-851c-ac86365cfec6\") " pod="kube-system/coredns-ff8999cc5-cdcg6"
2025-01-28 21:17:04,745 INFO c.h.h.t.HelmChartContainer - [K3S] [reconciler_common.go:251] "operationExecutor.VerifyControllerAttachedVolume started for volume \"config-volume\" (UniqueName: \"kubernetes.io/configmap/30bf2b64-e331-4376-80fe-656d05f8df90-config-volume\") pod \"local-path-provisioner-698b58967b-r8jdb\" (UID: \"30bf2b64-e331-4376-80fe-656d05f8df90\") " pod="kube-system/local-path-provisioner-698b58967b-r8jdb"
2025-01-28 21:17:04,745 INFO c.h.h.t.HelmChartContainer - [K3S] [reconciler_common.go:251] "operationExecutor.VerifyControllerAttachedVolume started for volume \"kube-api-access-wzsjf\" (UniqueName: \"kubernetes.io/projected/30bf2b64-e331-4376-80fe-656d05f8df90-kube-api-access-wzsjf\") pod \"local-path-provisioner-698b58967b-r8jdb\" (UID: \"30bf2b64-e331-4376-80fe-656d05f8df90\") " pod="kube-system/local-path-provisioner-698b58967b-r8jdb"
2025-01-28 21:17:04,745 INFO c.h.h.t.HelmChartContainer - [K3S] [reconciler_common.go:251] "operationExecutor.VerifyControllerAttachedVolume started for volume \"tmp-dir\" (UniqueName: \"kubernetes.io/empty-dir/0fc764f7-bcd7-4d5d-ad20-834214650e6f-tmp-dir\") pod \"metrics-server-8584b5786c-qqkv4\" (UID: \"0fc764f7-bcd7-4d5d-ad20-834214650e6f\") " pod="kube-system/metrics-server-8584b5786c-qqkv4"
2025-01-28 21:17:04,745 INFO c.h.h.t.HelmChartContainer - [K3S] [reconciler_common.go:251] "operationExecutor.VerifyControllerAttachedVolume started for volume \"kube-api-access-psxsq\" (UniqueName: \"kubernetes.io/projected/0fc764f7-bcd7-4d5d-ad20-834214650e6f-kube-api-access-psxsq\") pod \"metrics-server-8584b5786c-qqkv4\" (UID: \"0fc764f7-bcd7-4d5d-ad20-834214650e6f\") " pod="kube-system/metrics-server-8584b5786c-qqkv4"
2025-01-28 21:17:05,372 INFO c.h.h.t.HelmChartContainer - [K3S] [INFO] Starting network policy controller version v2.2.1, built on 2025-01-28T18:27:08Z, go1.23.4
2025-01-28 21:17:05,372 INFO c.h.h.t.HelmChartContainer - [K3S] [network_policy_controller.go:164] Starting network policy controller
2025-01-28 21:17:05,410 INFO c.h.h.t.HelmChartContainer - [K3S] [network_policy_controller.go:176] Starting network policy controller full sync goroutine
2025-01-28 21:17:07,528 DEBUG c.h.h.t.HelmChartContainer - Image file loaded 'hivemq-platform-operator.tar'
2025-01-28 21:17:07,694 INFO c.h.h.t.HelmChartContainer - [K3S] [kuberuntime_manager.go:1702] "Updating runtime config through cri with podcidr" CIDR="10.42.0.0/24"
2025-01-28 21:17:07,695 INFO c.h.h.t.HelmChartContainer - [K3S] [kubelet_network.go:61] "Updating Pod CIDR" originalPodCIDR="" newPodCIDR="10.42.0.0/24"
2025-01-28 21:17:07,702 INFO c.h.h.t.HelmChartContainer - [K3S] [range_allocator.go:247] "Successfully synced" key="42ea5d3d1b91"
2025-01-28 21:17:07,985 DEBUG c.h.h.t.HelmChartContainer - Image file loaded 'hivemq-platform-operator-init.tar'
2025-01-28 21:17:10,300 INFO c.h.h.t.HelmChartContainer - [K3S] [replica_set.go:679] "Finished syncing" kind="ReplicaSet" key="kube-system/coredns-ff8999cc5" duration="44.022µs"
2025-01-28 21:17:10,324 INFO c.h.h.t.HelmChartContainer - [K3S] [replica_set.go:679] "Finished syncing" kind="ReplicaSet" key="kube-system/local-path-provisioner-698b58967b" duration="8.593441ms"
2025-01-28 21:17:10,324 INFO c.h.h.t.HelmChartContainer - [K3S] [replica_set.go:679] "Finished syncing" kind="ReplicaSet" key="kube-system/local-path-provisioner-698b58967b" duration="30.457µs"
2025-01-28 21:17:10,330 INFO c.h.h.t.HelmChartContainer - [K3S] [replica_set.go:679] "Finished syncing" kind="ReplicaSet" key="kube-system/metrics-server-8584b5786c" duration="35.005µs"
2025-01-28 21:17:10,375 INFO c.h.h.t.HelmChartContainer - [K3S] [replica_set.go:679] "Finished syncing" kind="ReplicaSet" key="kube-system/coredns-ff8999cc5" duration="28.083487ms"
2025-01-28 21:17:10,376 INFO c.h.h.t.HelmChartContainer - [K3S] [replica_set.go:679] "Finished syncing" kind="ReplicaSet" key="kube-system/coredns-ff8999cc5" duration="32.831µs"
2025-01-28 21:17:14,426 DEBUG c.h.h.t.HelmChartContainer - Image file loaded 'hivemq-platform.tar'
2025-01-28 21:17:14,426 DEBUG c.h.h.t.HelmChartContainer - Successful Helm chart Container startup
2025-01-28 21:17:14,438 INFO t.localhost/testcontainers/6556yhgxvraubjfk:latest - Container localhost/testcontainers/6556yhgxvraubjfk:latest started in PT22.417039396S
2025-01-28 21:17:14,447 DEBUG c.h.h.t.HelmChartContainer - Executing helm command: /bin/helm --kubeconfig /etc/rancher/k3s/k3s.yaml repo add hivemq https://hivemq.github.io/helm-charts
2025-01-28 21:17:15,716 INFO c.h.h.t.HelmChartContainer - [EVENT] Normal [Starting] Starting kubelet. [null:42ea5d3d1b91]
2025-01-28 21:17:15,717 INFO c.h.h.t.HelmChartContainer - [EVENT] Warning [InvalidDiskCapacity] invalid capacity 0 on image filesystem [null:42ea5d3d1b91]
2025-01-28 21:17:15,718 INFO c.h.h.t.HelmChartContainer - [EVENT] Normal [NodeHasSufficientMemory] Node 42ea5d3d1b91 status is now: NodeHasSufficientMemory [null:42ea5d3d1b91]
2025-01-28 21:17:15,718 INFO c.h.h.t.HelmChartContainer - [EVENT] Normal [NodeHasNoDiskPressure] Node 42ea5d3d1b91 status is now: NodeHasNoDiskPressure [null:42ea5d3d1b91]
2025-01-28 21:17:15,719 INFO c.h.h.t.HelmChartContainer - [EVENT] Normal [NodeHasSufficientPID] Node 42ea5d3d1b91 status is now: NodeHasSufficientPID [null:42ea5d3d1b91]
2025-01-28 21:17:15,720 INFO c.h.h.t.HelmChartContainer - [EVENT] Normal [NodeAllocatableEnforced] Updated Node Allocatable limit across pods [null:42ea5d3d1b91]
2025-01-28 21:17:15,722 INFO c.h.h.t.HelmChartContainer - [EVENT] Normal [NodeReady] Node 42ea5d3d1b91 status is now: NodeReady [null:42ea5d3d1b91]
2025-01-28 21:17:15,722 INFO c.h.h.t.HelmChartContainer - [EVENT] Normal [NodePasswordValidationComplete] Deferred node password secret validation complete [null:42ea5d3d1b91]
2025-01-28 21:17:15,723 INFO c.h.h.t.HelmChartContainer - [EVENT] Normal [RegisteredNode] Node 42ea5d3d1b91 event: Registered Node 42ea5d3d1b91 in Controller [null:42ea5d3d1b91]
2025-01-28 21:17:15,724 INFO c.h.h.t.HelmChartContainer - [EVENT] Normal [Synced] Node synced successfully [null:42ea5d3d1b91]
2025-01-28 21:17:15,730 INFO c.h.h.t.HelmChartContainer - Saved kubeconfig file on /tmp/kubeconfig-17936760276278846341.yaml
2025-01-28 21:17:15,730 INFO c.h.h.t.HelmChartContainer - HelmChartContainer is started
]]></system-out>
  <system-err><![CDATA[]]></system-err>
</testsuite>
