<?xml version="1.0" encoding="UTF-8"?>
<testsuite name="com.hivemq.helmcharts.extensions.HelmDataHubIT" tests="1" skipped="0" failures="0" errors="0" timestamp="2025-01-29T22:11:48" hostname="fv-az1370-382" time="100.268">
  <properties/>
  <testcase name="withDataHubEnabled_messagesValidated()" classname="com.hivemq.helmcharts.extensions.HelmDataHubIT" time="100.268">
    <system-out><![CDATA[2025-01-29 22:11:48,717 INFO c.h.h.t.HelmChartContainer - Creating namespace 'helmdatahubit-operator'...
2025-01-29 22:11:48,937 INFO c.h.h.t.HelmChartContainer - Namespace 'helmdatahubit-operator' created
2025-01-29 22:11:48,938 INFO c.h.h.t.HelmChartContainer - Creating namespace 'helmdatahubit'...
2025-01-29 22:11:48,939 INFO c.h.h.t.HelmChartContainer - [POD] coredns-ff8999cc5-mhjb8 [503381ba-440e-4455-a93d-7b734d3b8ae7] in kube-system was ADDED
2025-01-29 22:11:48,941 INFO c.h.h.t.HelmChartContainer - [POD] local-path-provisioner-698b58967b-prkzp [69cc784d-8639-4dd3-8447-0cf95bf2d31b] in kube-system was ADDED
2025-01-29 22:11:48,944 INFO c.h.h.t.HelmChartContainer - [POD] metrics-server-8584b5786c-bc2nj [fd36dccc-3fa7-4d82-8f7b-a9b5f5eab2a7] in kube-system was ADDED
2025-01-29 22:11:48,950 INFO c.h.h.t.HelmChartContainer - Namespace 'helmdatahubit' created
2025-01-29 22:11:49,020 DEBUG c.h.h.t.HelmChartContainer - Executing helm command: /bin/helm --kubeconfig /etc/rancher/k3s/k3s.yaml install test-hivemq-platform-operator /charts/hivemq-platform-operator --wait --timeout 5m0s --set image.repository=docker.io/hivemq --set image.name=hivemq-platform-operator-test --set image.initImageName=hivemq-platform-operator-init-test --set image.tag=snapshot --set image.pullPolicy=Never --set logLevel=DEBUG --set resources.cpu=512m --namespace helmdatahubit-operator
2025-01-29 22:11:51,415 INFO c.h.h.t.HelmChartContainer - [K3S] [alloc.go:330] "allocated clusterIPs" service="helmdatahubit-operator/hivemq-platform-operator-test-hivemq-platform-operator" clusterIPs={"IPv4":"10.43.211.213"}
2025-01-29 22:11:51,435 INFO c.h.h.t.HelmChartContainer - [EVENT] Normal [ScalingReplicaSet] Scaled up replica set hivemq-test-hivemq-platform-operator-6966f96d65 from 0 to 1 [helmdatahubit-operator:hivemq-test-hivemq-platform-operator]
2025-01-29 22:11:51,447 INFO c.h.h.t.HelmChartContainer - [POD] hivemq-test-hivemq-platform-operator-6966f96d65-srdpv [60614892-9a36-4237-8fb0-39cf4165bc17] in helmdatahubit-operator was ADDED
2025-01-29 22:11:51,453 INFO c.h.h.t.HelmChartContainer - [K3S] [replica_set.go:679] "Finished syncing" kind="ReplicaSet" key="helmdatahubit-operator/hivemq-test-hivemq-platform-operator-6966f96d65" duration="24.536571ms"
2025-01-29 22:11:51,455 INFO c.h.h.t.HelmChartContainer - [POD] hivemq-test-hivemq-platform-operator-6966f96d65-srdpv [60614892-9a36-4237-8fb0-39cf4165bc17] in helmdatahubit-operator was MODIFIED
2025-01-29 22:11:51,462 INFO c.h.h.t.HelmChartContainer - [EVENT] Normal [SuccessfulCreate] Created pod: hivemq-test-hivemq-platform-operator-6966f96d65-srdpv [helmdatahubit-operator:hivemq-test-hivemq-platform-operator-6966f96d65]
2025-01-29 22:11:51,462 INFO c.h.h.t.HelmChartContainer - [EVENT] Normal [Scheduled] Successfully assigned helmdatahubit-operator/hivemq-test-hivemq-platform-operator-6966f96d65-srdpv to 981f98d14cb3 [helmdatahubit-operator:hivemq-test-hivemq-platform-operator-6966f96d65-srdpv]
2025-01-29 22:11:51,471 INFO c.h.h.t.HelmChartContainer - [K3S] [replica_set.go:679] "Finished syncing" kind="ReplicaSet" key="helmdatahubit-operator/hivemq-test-hivemq-platform-operator-6966f96d65" duration="17.558404ms"
2025-01-29 22:11:51,472 INFO c.h.h.t.HelmChartContainer - [K3S] [replica_set.go:679] "Finished syncing" kind="ReplicaSet" key="helmdatahubit-operator/hivemq-test-hivemq-platform-operator-6966f96d65" duration="33.812µs"
2025-01-29 22:11:51,487 INFO c.h.h.t.HelmChartContainer - [POD] hivemq-test-hivemq-platform-operator-6966f96d65-srdpv [60614892-9a36-4237-8fb0-39cf4165bc17] in helmdatahubit-operator was MODIFIED
2025-01-29 22:11:51,556 INFO c.h.h.t.HelmChartContainer - [K3S] [reconciler_common.go:251] "operationExecutor.VerifyControllerAttachedVolume started for volume \"kube-api-access-knbd8\" (UniqueName: \"kubernetes.io/projected/60614892-9a36-4237-8fb0-39cf4165bc17-kube-api-access-knbd8\") pod \"hivemq-test-hivemq-platform-operator-6966f96d65-srdpv\" (UID: \"60614892-9a36-4237-8fb0-39cf4165bc17\") " pod="helmdatahubit-operator/hivemq-test-hivemq-platform-operator-6966f96d65-srdpv"
2025-01-29 22:11:51,848 INFO c.h.h.t.HelmChartContainer - [EVENT] Normal [Pulled] Container image "docker.io/hivemq/hivemq-platform-operator-test:snapshot" already present on machine [helmdatahubit-operator:hivemq-test-hivemq-platform-operator-6966f96d65-srdpv]
2025-01-29 22:11:51,849 INFO c.h.h.t.HelmChartContainer - Received Pulled event for container hivemq-platform-operator in pod hivemq-test-hivemq-platform-operator-6966f96d65-srdpv [60614892-9a36-4237-8fb0-39cf4165bc17]
2025-01-29 22:11:51,857 INFO c.h.h.t.HelmChartContainer - [EVENT] Normal [Created] Created container: hivemq-platform-operator [helmdatahubit-operator:hivemq-test-hivemq-platform-operator-6966f96d65-srdpv]
2025-01-29 22:11:51,857 INFO c.h.h.t.HelmChartContainer - Received Created event for container hivemq-platform-operator in pod hivemq-test-hivemq-platform-operator-6966f96d65-srdpv [60614892-9a36-4237-8fb0-39cf4165bc17]
2025-01-29 22:11:52,269 INFO c.h.h.t.HelmChartContainer - [K3S] [replica_set.go:679] "Finished syncing" kind="ReplicaSet" key="helmdatahubit-operator/hivemq-test-hivemq-platform-operator-6966f96d65" duration="64.069µs"
2025-01-29 22:11:52,271 INFO c.h.h.t.HelmChartContainer - [POD] hivemq-test-hivemq-platform-operator-6966f96d65-srdpv [60614892-9a36-4237-8fb0-39cf4165bc17] in helmdatahubit-operator was MODIFIED
2025-01-29 22:11:52,290 INFO c.h.h.t.HelmChartContainer - [EVENT] Normal [Started] Started container hivemq-platform-operator [helmdatahubit-operator:hivemq-test-hivemq-platform-operator-6966f96d65-srdpv]
2025-01-29 22:11:52,290 INFO c.h.h.t.HelmChartContainer - Received Started event for container hivemq-platform-operator in pod hivemq-test-hivemq-platform-operator-6966f96d65-srdpv [60614892-9a36-4237-8fb0-39cf4165bc17]
2025-01-29 22:11:52,290 INFO c.h.h.t.HelmChartContainer - Started log watcher for hivemq-platform-operator in pod hivemq-test-hivemq-platform-operator-6966f96d65-srdpv [60614892-9a36-4237-8fb0-39cf4165bc17]
2025-01-29 22:11:52,291 INFO c.h.h.t.HelmChartContainer - [hivemq-test-hivemq-platform] [hivemq-platform-operator] [60614892] -------------------------------------------------------------------------
2025-01-29 22:11:52,291 INFO c.h.h.t.HelmChartContainer - [hivemq-test-hivemq-platform] [hivemq-platform-operator] [60614892] 
2025-01-29 22:11:52,291 INFO c.h.h.t.HelmChartContainer - [hivemq-test-hivemq-platform] [hivemq-platform-operator] [60614892]                   _    _  _              __  __   ____
2025-01-29 22:11:52,291 INFO c.h.h.t.HelmChartContainer - [hivemq-test-hivemq-platform] [hivemq-platform-operator] [60614892]                  | |  | |(_)            |  \/  | / __ \
2025-01-29 22:11:52,291 INFO c.h.h.t.HelmChartContainer - [hivemq-test-hivemq-platform] [hivemq-platform-operator] [60614892]                  | |__| | _ __   __ ___ | \  / || |  | |
2025-01-29 22:11:52,291 INFO c.h.h.t.HelmChartContainer - [hivemq-test-hivemq-platform] [hivemq-platform-operator] [60614892]                  |  __  || |\ \ / // _ \| |\/| || |  | |
2025-01-29 22:11:52,291 INFO c.h.h.t.HelmChartContainer - [hivemq-test-hivemq-platform] [hivemq-platform-operator] [60614892]                  | |  | || | \ V /|  __/| |  | || |__| |
2025-01-29 22:11:52,291 INFO c.h.h.t.HelmChartContainer - [hivemq-test-hivemq-platform] [hivemq-platform-operator] [60614892]                  |_|  |_||_|  \_/  \___||_|  |_| \___\_\
2025-01-29 22:11:52,292 INFO c.h.h.t.HelmChartContainer - [hivemq-test-hivemq-platform] [hivemq-platform-operator] [60614892] 
2025-01-29 22:11:52,292 INFO c.h.h.t.HelmChartContainer - [hivemq-test-hivemq-platform] [hivemq-platform-operator] [60614892] -------------------------------------------------------------------------
2025-01-29 22:11:52,292 INFO c.h.h.t.HelmChartContainer - [hivemq-test-hivemq-platform] [hivemq-platform-operator] [60614892] 
2025-01-29 22:11:52,292 INFO c.h.h.t.HelmChartContainer - [hivemq-test-hivemq-platform] [hivemq-platform-operator] [60614892]   HiveMQ Platform Operator Start Script v1.0
2025-01-29 22:11:52,292 INFO c.h.h.t.HelmChartContainer - [hivemq-test-hivemq-platform] [hivemq-platform-operator] [60614892] 
2025-01-29 22:11:52,292 INFO c.h.h.t.HelmChartContainer - [hivemq-test-hivemq-platform] [hivemq-platform-operator] [60614892] -------------------------------------------------------------------------
2025-01-29 22:11:52,292 INFO c.h.h.t.HelmChartContainer - [hivemq-test-hivemq-platform] [hivemq-platform-operator] [60614892] 
2025-01-29 22:11:52,292 INFO c.h.h.t.HelmChartContainer - [hivemq-test-hivemq-platform] [hivemq-platform-operator] [60614892]   JAVA_OPTS: -XX:+UnlockExperimentalVMOptions -XX:InitialRAMPercentage=75 -XX:MaxRAMPercentage=75 -Duser.language=en -Duser.region=US
2025-01-29 22:11:52,292 INFO c.h.h.t.HelmChartContainer - [hivemq-test-hivemq-platform] [hivemq-platform-operator] [60614892] 
2025-01-29 22:11:52,292 INFO c.h.h.t.HelmChartContainer - [hivemq-test-hivemq-platform] [hivemq-platform-operator] [60614892]   JAVA_VERSION: 21
2025-01-29 22:11:52,292 INFO c.h.h.t.HelmChartContainer - [hivemq-test-hivemq-platform] [hivemq-platform-operator] [60614892] 
2025-01-29 22:11:52,292 INFO c.h.h.t.HelmChartContainer - [hivemq-test-hivemq-platform] [hivemq-platform-operator] [60614892] -------------------------------------------------------------------------
2025-01-29 22:11:52,292 INFO c.h.h.t.HelmChartContainer - [hivemq-test-hivemq-platform] [hivemq-platform-operator] [60614892] 
2025-01-29 22:11:55,114 INFO c.h.h.t.HelmChartContainer - [hivemq-test-hivemq-platform] [hivemq-platform-operator] [60614892] 22:11:55.111 [main] DEBUG org.jboss.logging - Logging Provider: org.jboss.logging.Slf4jLoggerProvider
2025-01-29 22:11:55,252 INFO c.h.h.t.HelmChartContainer - [hivemq-test-hivemq-platform] [hivemq-platform-operator] [60614892] 22:11:55.248 [main] DEBUG io.smallrye.config - SRCFG01006: Loaded ConfigSource SysPropConfigSource with ordinal 400
2025-01-29 22:11:55,252 INFO c.h.h.t.HelmChartContainer - [hivemq-test-hivemq-platform] [hivemq-platform-operator] [60614892] 22:11:55.249 [main] DEBUG io.smallrye.config - SRCFG01006: Loaded ConfigSource EnvConfigSource with ordinal 300
2025-01-29 22:11:55,252 INFO c.h.h.t.HelmChartContainer - [hivemq-test-hivemq-platform] [hivemq-platform-operator] [60614892] 22:11:55.249 [main] DEBUG io.smallrye.config - SRCFG01006: Loaded ConfigSource PropertiesConfigSource[source=jar:file:///opt/hivemq-platform-operator/bin/hivemq-platform-operator.jar!/hivemq-platform-operator.properties] with ordinal 100
2025-01-29 22:11:55,252 INFO c.h.h.t.HelmChartContainer - [hivemq-test-hivemq-platform] [hivemq-platform-operator] [60614892] 22:11:55.249 [main] DEBUG io.smallrye.config - SRCFG01006: Loaded ConfigSource DefaultValuesConfigSource with ordinal -2147483648
2025-01-29 22:11:55,351 INFO c.h.h.t.HelmChartContainer - [hivemq-test-hivemq-platform] [hivemq-platform-operator] [60614892] 22:11:55.349 [main] DEBUG i.m.c.u.i.l.InternalLoggerFactory - Using SLF4J as the default logging framework
2025-01-29 22:11:55,515 INFO c.h.h.t.HelmChartContainer - [hivemq-test-hivemq-platform] [hivemq-platform-operator] [60614892] 22:11:55.505 [main] INFO  c.h.p.o.HiveMQPlatformOperatorApplication - HiveMQ Platform Operator 1.7.0-SNAPSHOT (commit: 3bc9484 on branch: HEAD) built on Wed Jan 29 22:06:36 UTC 2025
2025-01-29 22:11:55,515 INFO c.h.h.t.HelmChartContainer - [hivemq-test-hivemq-platform] [hivemq-platform-operator] [60614892] 22:11:55.513 [main] INFO  c.h.p.o.HiveMQPlatformOperatorApplication - HiveMQ Platform Operator is running in namespace: helmdatahubit-operator
2025-01-29 22:11:55,515 INFO c.h.h.t.HelmChartContainer - [hivemq-test-hivemq-platform] [hivemq-platform-operator] [60614892] 22:11:55.513 [main] INFO  c.h.p.o.HiveMQPlatformOperatorApplication - Watching all namespaces
2025-01-29 22:11:55,515 INFO c.h.h.t.HelmChartContainer - [hivemq-test-hivemq-platform] [hivemq-platform-operator] [60614892] 22:11:55.513 [main] INFO  c.h.p.o.HiveMQPlatformOperatorApplication - Log level: DEBUG
2025-01-29 22:11:55,515 INFO c.h.h.t.HelmChartContainer - [hivemq-test-hivemq-platform] [hivemq-platform-operator] [60614892] 22:11:55.513 [main] INFO  c.h.p.o.HiveMQPlatformOperatorApplication - Release name: test-hivemq-platform-operator
2025-01-29 22:11:55,516 INFO c.h.h.t.HelmChartContainer - [hivemq-test-hivemq-platform] [hivemq-platform-operator] [60614892] 22:11:55.513 [main] INFO  c.h.p.o.HiveMQPlatformOperatorApplication - HiveMQ Platform Operator Init image: docker.io/hivemq/hivemq-platform-operator-init-test:snapshot
2025-01-29 22:11:55,516 INFO c.h.h.t.HelmChartContainer - [hivemq-test-hivemq-platform] [hivemq-platform-operator] [60614892] 22:11:55.513 [main] INFO  c.h.p.o.HiveMQPlatformOperatorApplication - HiveMQ Platform Operator Init App update URL: http://hivemq-platform-operator-test-hivemq-platform-operator.helmdatahubit-operator.svc:8080/initAppUpdate/hivemq-platform-operator-init-app-1.7.0-SNAPSHOT.jar
2025-01-29 22:11:55,516 INFO c.h.h.t.HelmChartContainer - [hivemq-test-hivemq-platform] [hivemq-platform-operator] [60614892] 22:11:55.513 [main] INFO  c.h.p.o.HiveMQPlatformOperatorApplication - Additional imagePullSecret for all Platform deployments: none
2025-01-29 22:11:55,516 INFO c.h.h.t.HelmChartContainer - [hivemq-test-hivemq-platform] [hivemq-platform-operator] [60614892] 22:11:55.513 [main] INFO  c.h.p.o.HiveMQPlatformOperatorApplication - Apply HiveMQ Platform CRD: true
2025-01-29 22:11:55,516 INFO c.h.h.t.HelmChartContainer - [hivemq-test-hivemq-platform] [hivemq-platform-operator] [60614892] 22:11:55.513 [main] INFO  c.h.p.o.HiveMQPlatformOperatorApplication - Create Platform ServiceAccount: true
2025-01-29 22:11:55,516 INFO c.h.h.t.HelmChartContainer - [hivemq-test-hivemq-platform] [hivemq-platform-operator] [60614892] 22:11:55.514 [main] INFO  c.h.p.o.HiveMQPlatformOperatorApplication - Create Platform ServiceAccount permissions: true
2025-01-29 22:11:55,516 INFO c.h.h.t.HelmChartContainer - [hivemq-test-hivemq-platform] [hivemq-platform-operator] [60614892] 22:11:55.514 [main] INFO  c.h.p.o.HiveMQPlatformOperatorApplication - Validate Platform ServiceAccount: true
2025-01-29 22:11:55,516 INFO c.h.h.t.HelmChartContainer - [hivemq-test-hivemq-platform] [hivemq-platform-operator] [60614892] 22:11:55.514 [main] INFO  c.h.p.o.HiveMQPlatformOperatorApplication - Validate Platform ServiceAccount permissions: true
2025-01-29 22:11:55,705 INFO c.h.h.t.HelmChartContainer - [hivemq-test-hivemq-platform] [hivemq-platform-operator] [60614892] 22:11:55.703 [main] INFO  c.h.platform.operator.util.CRDUtil - Verifying deployed HiveMQ Platform CRD...
2025-01-29 22:11:57,256 INFO c.h.h.t.HelmChartContainer - [POD] metrics-server-8584b5786c-bc2nj [fd36dccc-3fa7-4d82-8f7b-a9b5f5eab2a7] in kube-system was MODIFIED
2025-01-29 22:11:57,262 INFO c.h.h.t.HelmChartContainer - [K3S] [replica_set.go:679] "Finished syncing" kind="ReplicaSet" key="kube-system/metrics-server-8584b5786c" duration="5.279904ms"
2025-01-29 22:11:57,263 INFO c.h.h.t.HelmChartContainer - [K3S] [replica_set.go:679] "Finished syncing" kind="ReplicaSet" key="kube-system/metrics-server-8584b5786c" duration="38.572µs"
2025-01-29 22:11:57,280 INFO c.h.h.t.HelmChartContainer - [K3S] [WARNING] Proxy error: write failed: write tcp 127.0.0.1:6443->127.0.0.1:59470: write: broken pipe
2025-01-29 22:11:58,257 INFO c.h.h.t.HelmChartContainer - [hivemq-test-hivemq-platform] [hivemq-platform-operator] [60614892] 22:11:58.255 [main] DEBUG c.h.platform.operator.util.CRDUtil - HiveMQ Platform CRD version v1 is up to date
2025-01-29 22:11:58,257 INFO c.h.h.t.HelmChartContainer - [hivemq-test-hivemq-platform] [hivemq-platform-operator] [60614892] 22:11:58.256 [main] INFO  c.h.platform.operator.util.CRDUtil - HiveMQ Platform CRD is up to date (version: V1_6_0)
2025-01-29 22:11:58,258 INFO c.h.h.t.HelmChartContainer - [hivemq-test-hivemq-platform] [hivemq-platform-operator] [60614892] 22:11:58.256 [main] INFO  c.h.platform.operator.util.CRDUtil - Waiting 10000 ms for HiveMQ Platform CRD 'hivemq-platforms.hivemq.com' to become ready...
2025-01-29 22:11:58,605 INFO c.h.h.t.HelmChartContainer - [hivemq-test-hivemq-platform] [hivemq-platform-operator] [60614892] 22:11:58.554 [vert.x-eventloop-thread-1] DEBUG c.h.platform.operator.util.CRDUtil - Checking CRD condition 'NamesAccepted' (status: 'True')
2025-01-29 22:11:58,605 INFO c.h.h.t.HelmChartContainer - [hivemq-test-hivemq-platform] [hivemq-platform-operator] [60614892] 22:11:58.602 [vert.x-eventloop-thread-1] DEBUG c.h.platform.operator.util.CRDUtil - Checking CRD condition 'Established' (status: 'True')
2025-01-29 22:11:58,605 INFO c.h.h.t.HelmChartContainer - [hivemq-test-hivemq-platform] [hivemq-platform-operator] [60614892] 22:11:58.603 [main] INFO  c.h.platform.operator.util.CRDUtil - HiveMQ Platform CRD 'hivemq-platforms.hivemq.com' is ready
2025-01-29 22:11:58,849 INFO c.h.h.t.HelmChartContainer - [hivemq-test-hivemq-platform] [hivemq-platform-operator] [60614892] 22:11:58.848 [main] INFO  c.h.p.o.HiveMQPlatformReconciler - HiveMQ Platform Operator is starting...
2025-01-29 22:11:58,957 INFO c.h.h.t.HelmChartContainer - [hivemq-test-hivemq-platform] [hivemq-platform-operator] [60614892] 22:11:58.956 [main] WARN  Default ConfigurationService implementation - Configuration for reconciler 'hivemq-controller' was not found. Known reconcilers: None.
2025-01-29 22:11:59,006 INFO c.h.h.t.HelmChartContainer - [hivemq-test-hivemq-platform] [hivemq-platform-operator] [60614892] 22:11:59.005 [main] INFO  Default ConfigurationService implementation - Created configuration for reconciler com.hivemq.platform.operator.HiveMQPlatformReconciler with name hivemq-controller
2025-01-29 22:11:59,112 INFO c.h.h.t.HelmChartContainer - [hivemq-test-hivemq-platform] [hivemq-platform-operator] [60614892] 22:11:59.111 [main] DEBUG c.h.p.o.HiveMQPlatformReconciler - HiveMQ Platform Operator is preparing EventSources
2025-01-29 22:11:59,157 INFO c.h.h.t.HelmChartContainer - [hivemq-test-hivemq-platform] [hivemq-platform-operator] [60614892] 22:11:59.156 [main] INFO  i.javaoperatorsdk.operator.Operator - Registered reconciler: 'hivemq-controller' for resource: 'class com.hivemq.platform.operator.v1.HiveMQPlatform' for namespace(s): [all namespaces]
2025-01-29 22:11:59,759 INFO c.h.h.t.HelmChartContainer - [hivemq-test-hivemq-platform] [hivemq-platform-operator] [60614892] 22:11:59.757 [main] INFO  c.h.p.operator.webserver.JettyServer - Starting Jetty server on port 8080
2025-01-29 22:11:59,851 INFO c.h.h.t.HelmChartContainer - [hivemq-test-hivemq-platform] [hivemq-platform-operator] [60614892] 22:11:59.849 [main] INFO  i.javaoperatorsdk.operator.Operator - Operator SDK 4.9.7 (commit: 2133d28) built on Wed Nov 20 12:56:20 UTC 2024 starting...
2025-01-29 22:11:59,851 INFO c.h.h.t.HelmChartContainer - [hivemq-test-hivemq-platform] [hivemq-platform-operator] [60614892] 22:11:59.850 [main] INFO  i.javaoperatorsdk.operator.Operator - Client version: 6.13.5
2025-01-29 22:11:59,852 INFO c.h.h.t.HelmChartContainer - [hivemq-test-hivemq-platform] [hivemq-platform-operator] [60614892] 22:11:59.851 [Controller Starter for: hivemq-controller] INFO  i.j.operator.processing.Controller - Starting 'hivemq-controller' controller for reconciler: com.hivemq.platform.operator.HiveMQPlatformReconciler, resource: com.hivemq.platform.operator.v1.HiveMQPlatform
2025-01-29 22:12:01,069 INFO c.h.h.t.HelmChartContainer - [K3S] [range_allocator.go:247] "Successfully synced" key="981f98d14cb3"
2025-01-29 22:12:02,252 INFO c.h.h.t.HelmChartContainer - [hivemq-test-hivemq-platform] [hivemq-platform-operator] [60614892] 22:12:02.249 [Controller Starter for: hivemq-controller] INFO  i.j.operator.processing.Controller - 'hivemq-controller' controller started
2025-01-29 22:12:02,253 INFO c.h.h.t.HelmChartContainer - [hivemq-test-hivemq-platform] [hivemq-platform-operator] [60614892] 22:12:02.250 [main] INFO  c.h.p.o.HiveMQPlatformOperatorApplication - HiveMQ Platform Operator 1.7.0-SNAPSHOT started in 6744 ms
2025-01-29 22:12:03,276 INFO c.h.h.t.HelmChartContainer - [POD] hivemq-test-hivemq-platform-operator-6966f96d65-srdpv [60614892-9a36-4237-8fb0-39cf4165bc17] in helmdatahubit-operator was MODIFIED
2025-01-29 22:12:03,283 INFO c.h.h.t.HelmChartContainer - [K3S] [replica_set.go:679] "Finished syncing" kind="ReplicaSet" key="helmdatahubit-operator/hivemq-test-hivemq-platform-operator-6966f96d65" duration="13.607389ms"
2025-01-29 22:12:03,284 INFO c.h.h.t.HelmChartContainer - [K3S] [replica_set.go:679] "Finished syncing" kind="ReplicaSet" key="helmdatahubit-operator/hivemq-test-hivemq-platform-operator-6966f96d65" duration="40.525µs"
2025-01-29 22:12:03,569 DEBUG c.h.h.t.HelmChartContainer - Executing helm command: /bin/helm --kubeconfig /etc/rancher/k3s/k3s.yaml install test-hivemq-platform /charts/hivemq-platform --wait --timeout 5m0s --set image.repository=docker.io/hivemq --set image.tag=4.36.0 --set image.pullPolicy=Never --set nodes.resources.cpu=512m -f /files/data-hub-values.yaml --namespace helmdatahubit
2025-01-29 22:12:04,162 INFO c.h.h.t.HelmChartContainer - [hivemq-test-hivemq-platform] [hivemq-platform-operator] [60614892] 22:12:04.161 [-2082509879-pool-1-thread-6] WARN  i.m.p.PrometheusMeterRegistry - The meter (MeterId{name='operator.sdk.events.received', tags=[tag(action=ADDED),tag(event=ResourceEvent),tag(group=hivemq.com),tag(kind=HiveMQPlatform),tag(name=test-hivemq-platform),tag(namespace=helmdatahubit),tag(scope=namespace),tag(version=v1)]}) registration has failed: Prometheus requires that all meters with the same name have the same set of tag keys. There is already an existing meter named 'operator.sdk.events.received' containing tag keys [event, group, kind, name, namespace, scope, version]. The meter you are attempting to register has keys [action, event, group, kind, name, namespace, scope, version]. Note that subsequent logs will be logged at debug level.
2025-01-29 22:12:04,564 INFO c.h.h.t.HelmChartContainer - [hivemq-test-hivemq-platform] [hivemq-platform-operator] [60614892] 22:12:04.562 [pool-6-thread-3] DEBUG c.h.p.o.dependants.PodInfoConfigMap - [helmdata] Desired PodInfo ConfigMap (1 extensions) (1 enabled)
2025-01-29 22:12:04,649 INFO c.h.h.t.HelmChartContainer - [hivemq-test-hivemq-platform] [hivemq-platform-operator] [60614892] 22:12:04.645 [pool-6-thread-3] DEBUG c.h.p.o.dependants.PodInfoConfigMap - [helmdata] Desired PodInfo ConfigMap (metrics port: 9399) (metrics path: /)
2025-01-29 22:12:04,649 INFO c.h.h.t.HelmChartContainer - [hivemq-test-hivemq-platform] [hivemq-platform-operator] [60614892] 22:12:04.645 [pool-6-thread-3] DEBUG c.h.p.o.dependants.PodInfoConfigMap - [helmdata] Desired PodInfo ConfigMap (extension state hash: -1817474005)
2025-01-29 22:12:04,650 INFO c.h.h.t.HelmChartContainer - [hivemq-test-hivemq-platform] [hivemq-platform-operator] [60614892] 22:12:04.647 [pool-6-thread-3] DEBUG c.h.p.o.dependants.PodInfoConfigMap - [helmdata] Create PodInfo ConfigMap
2025-01-29 22:12:04,661 INFO c.h.h.t.HelmChartContainer - [hivemq-test-hivemq-platform] [hivemq-platform-operator] [60614892] 22:12:04.657 [pool-6-thread-5] DEBUG c.h.p.o.dependants.PodRoleResource - [helmdata] Create Role: Role(apiVersion=rbac.authorization.k8s.io/v1, kind=Role, metadata=ObjectMeta(annotations={meta.helm.sh/release-name=test-hivemq-platform, meta.helm.sh/release-namespace=helmdatahubit}, creationTimestamp=null, deletionGracePeriodSeconds=null, deletionTimestamp=null, finalizers=[], generateName=null, generation=null, labels={helm.sh/chart=hivemq-platform-0.2.32, app.kubernetes.io/managed-by=Helm, app.kubernetes.io/name=hivemq-platform, hivemq-platform=test-hivemq-platform, app.kubernetes.io/instance=test-hivemq-platform, app.kubernetes.io/version=4.36.0}, managedFields=[], name=hivemq-platform-role-test-hivemq-platform, namespace=helmdatahubit, ownerReferences=[OwnerReference(apiVersion=hivemq.com/v1, blockOwnerDeletion=null, controller=null, kind=HiveMQPlatform, name=test-hivemq-platform, uid=726a4066-d916-4602-8fe7-8ae0da8116a7, additionalProperties={})], resourceVersion=null, selfLink=null, uid=null, additionalProperties={}), rules=[PolicyRule(apiGroups=[], nonResourceURLs=[], resourceNames=[], resources=[pods], verbs=[get, patch, update], additionalProperties={})], additionalProperties={})
2025-01-29 22:12:04,855 INFO c.h.h.t.HelmChartContainer - [hivemq-test-hivemq-platform] [hivemq-platform-operator] [60614892] 22:12:04.851 [pool-6-thread-7] DEBUG c.h.p.o.d.PodServiceAccountResource - [helmdata] Desired PodServiceAccountResource (serviceAccountName: hivemq-platform-pod-test-hivemq-platform)
2025-01-29 22:12:04,855 INFO c.h.h.t.HelmChartContainer - [hivemq-test-hivemq-platform] [hivemq-platform-operator] [60614892] 22:12:04.851 [pool-6-thread-7] DEBUG c.h.p.o.d.PodServiceAccountResource - [helmdata] Create ServiceAccount 'hivemq-platform-pod-test-hivemq-platform'
2025-01-29 22:12:04,958 INFO c.h.h.t.HelmChartContainer - [hivemq-test-hivemq-platform] [hivemq-platform-operator] [60614892] 22:12:04.957 [pool-6-thread-9] DEBUG c.h.p.o.d.PodRoleBindingResource - [helmdata] Create RoleBinding: RoleBinding(apiVersion=rbac.authorization.k8s.io/v1, kind=RoleBinding, metadata=ObjectMeta(annotations={meta.helm.sh/release-name=test-hivemq-platform, meta.helm.sh/release-namespace=helmdatahubit}, creationTimestamp=null, deletionGracePeriodSeconds=null, deletionTimestamp=null, finalizers=[], generateName=null, generation=null, labels={helm.sh/chart=hivemq-platform-0.2.32, app.kubernetes.io/managed-by=Helm, app.kubernetes.io/name=hivemq-platform, hivemq-platform=test-hivemq-platform, app.kubernetes.io/instance=test-hivemq-platform, app.kubernetes.io/version=4.36.0}, managedFields=[], name=hivemq-platform-role-binding-test-hivemq-platform, namespace=helmdatahubit, ownerReferences=[OwnerReference(apiVersion=hivemq.com/v1, blockOwnerDeletion=null, controller=null, kind=HiveMQPlatform, name=test-hivemq-platform, uid=726a4066-d916-4602-8fe7-8ae0da8116a7, additionalProperties={})], resourceVersion=null, selfLink=null, uid=null, additionalProperties={}), roleRef=RoleRef(apiGroup=rbac.authorization.k8s.io, kind=Role, name=hivemq-platform-role-test-hivemq-platform, additionalProperties={}), subjects=[Subject(apiGroup=null, kind=ServiceAccount, name=hivemq-platform-pod-test-hivemq-platform, namespace=helmdatahubit, additionalProperties={})], additionalProperties={})
2025-01-29 22:12:04,975 INFO c.h.h.t.HelmChartContainer - [hivemq-test-hivemq-platform] [hivemq-platform-operator] [60614892] 22:12:04.974 [ReconcilerExecutor-hivemq-controller-55] INFO  c.h.p.o.HiveMQPlatformReconciler - [helmdata] Reconciling HiveMQ Platform 'test-hivemq-platform' in namespace 'helmdatahubit'
2025-01-29 22:12:05,046 INFO c.h.h.t.HelmChartContainer - [hivemq-test-hivemq-platform] [hivemq-platform-operator] [60614892] 22:12:04.975 [ReconcilerExecutor-hivemq-controller-55] DEBUG c.h.p.o.HiveMQPlatformReconciler - [helmdata] Custom Resource Status CREATED - HiveMQ Platform was created (READY)
2025-01-29 22:12:05,047 INFO c.h.h.t.HelmChartContainer - [hivemq-test-hivemq-platform] [hivemq-platform-operator] [60614892] 22:12:05.045 [ReconcilerExecutor-hivemq-controller-55] DEBUG c.h.p.o.HiveMQPlatformReconciler - [helmdata] Custom Resource Spec (replicas: 1) (extensions: 1)
2025-01-29 22:12:05,050 INFO c.h.h.t.HelmChartContainer - [hivemq-test-hivemq-platform] [hivemq-platform-operator] [60614892] 22:12:05.049 [ReconcilerExecutor-hivemq-controller-55] INFO  c.h.p.o.h.HiveMQPlatformReconcilerBaseHandler - [helmdata] HiveMQ Platform is starting
2025-01-29 22:12:05,151 INFO c.h.h.t.HelmChartContainer - [hivemq-test-hivemq-platform] [hivemq-platform-operator] [60614892] 22:12:05.150 [ReconcilerExecutor-hivemq-controller-55] DEBUG c.h.p.operator.event.EventSender - [helmdata] Creating K8s event hivemq-platform-starting: [Start] HiveMQ Platform is starting
2025-01-29 22:12:05,159 INFO c.h.h.t.HelmChartContainer - [EVENT] Normal [Start] HiveMQ Platform is starting [helmdatahubit:test-hivemq-platform]
2025-01-29 22:12:05,164 INFO c.h.h.t.HelmChartContainer - [hivemq-test-hivemq-platform] [hivemq-platform-operator] [60614892] 22:12:05.163 [ReconcilerExecutor-hivemq-controller-55] INFO  c.h.p.o.h.AbstractHiveMQReconcilerStateHandler - [helmdata] Update HiveMQ Platform Status (CREATED [READY] -> STARTING [READY]): HiveMQ Platform is starting
2025-01-29 22:12:05,252 DEBUG com.hivemq.helmcharts.util.K8sUtil - Comparing actual state 'STARTING' and waiting for 'RUNNING'
2025-01-29 22:12:15,262 INFO c.h.h.t.HelmChartContainer - [hivemq-test-hivemq-platform] [hivemq-platform-operator] [60614892] 22:12:15.259 [pool-6-thread-12] DEBUG c.h.p.o.d.PlatformServiceResource - [helmdata] Desired Platform services (3 services)
2025-01-29 22:12:15,264 INFO c.h.h.t.HelmChartContainer - [hivemq-test-hivemq-platform] [hivemq-platform-operator] [60614892] 22:12:15.261 [pool-6-thread-13] DEBUG c.h.p.o.dependants.PodInfoConfigMap - [helmdata] Desired PodInfo ConfigMap (1 extensions) (1 enabled)
2025-01-29 22:12:15,265 INFO c.h.h.t.HelmChartContainer - [hivemq-test-hivemq-platform] [hivemq-platform-operator] [60614892] 22:12:15.261 [pool-6-thread-13] DEBUG c.h.p.o.dependants.PodInfoConfigMap - [helmdata] Desired PodInfo ConfigMap (metrics port: 9399) (metrics path: /)
2025-01-29 22:12:15,265 INFO c.h.h.t.HelmChartContainer - [hivemq-test-hivemq-platform] [hivemq-platform-operator] [60614892] 22:12:15.261 [pool-6-thread-13] DEBUG c.h.p.o.dependants.PodInfoConfigMap - [helmdata] Desired PodInfo ConfigMap (extension state hash: -1817474005)
2025-01-29 22:12:15,272 INFO c.h.h.t.HelmChartContainer - [hivemq-test-hivemq-platform] [hivemq-platform-operator] [60614892] 22:12:15.268 [pool-6-thread-13] DEBUG c.h.p.o.dependants.PodInfoConfigMap - [helmdata] Update PodInfo ConfigMap
2025-01-29 22:12:15,278 INFO c.h.h.t.HelmChartContainer - [hivemq-test-hivemq-platform] [hivemq-platform-operator] [60614892] 22:12:15.277 [pool-6-thread-17] DEBUG c.h.p.o.d.PodServiceAccountResource - [helmdata] Desired PodServiceAccountResource (serviceAccountName: hivemq-platform-pod-test-hivemq-platform)
2025-01-29 22:12:15,281 INFO c.h.h.t.HelmChartContainer - [K3S] [alloc.go:330] "allocated clusterIPs" service="helmdatahubit/hivemq-test-hivemq-platform-rest-8890" clusterIPs={"IPv4":"10.43.19.249"}
2025-01-29 22:12:15,361 INFO c.h.h.t.HelmChartContainer - [K3S] [alloc.go:330] "allocated clusterIPs" service="helmdatahubit/hivemq-test-hivemq-platform-mqtt-1883" clusterIPs={"IPv4":"10.43.17.72"}
2025-01-29 22:12:15,454 INFO c.h.h.t.HelmChartContainer - [K3S] [alloc.go:330] "allocated clusterIPs" service="helmdatahubit/hivemq-test-hivemq-platform-metrics-9399" clusterIPs={"IPv4":"10.43.72.64"}
2025-01-29 22:12:15,462 INFO c.h.h.t.HelmChartContainer - [hivemq-test-hivemq-platform] [hivemq-platform-operator] [60614892] 22:12:15.459 [pool-6-thread-20] DEBUG c.h.p.o.d.StatefulSetResource - [helmdata] Desired StatefulSet (1 replicas) for status STARTING (READY)
2025-01-29 22:12:15,559 INFO c.h.h.t.HelmChartContainer - [hivemq-test-hivemq-platform] [hivemq-platform-operator] [60614892] 22:12:15.558 [pool-6-thread-20] DEBUG c.h.p.o.d.StatefulSetResource - [helmdata] Create StatefulSet
2025-01-29 22:12:15,665 INFO c.h.h.t.HelmChartContainer - [hivemq-test-hivemq-platform] [hivemq-platform-operator] [60614892] 22:12:15.664 [ReconcilerExecutor-hivemq-controller-66] INFO  c.h.p.o.HiveMQPlatformReconciler - [helmdata] Reconciling HiveMQ Platform 'test-hivemq-platform' in namespace 'helmdatahubit'
2025-01-29 22:12:15,665 INFO c.h.h.t.HelmChartContainer - [hivemq-test-hivemq-platform] [hivemq-platform-operator] [60614892] 22:12:15.664 [ReconcilerExecutor-hivemq-controller-66] DEBUG c.h.p.o.HiveMQPlatformReconciler - [helmdata] Custom Resource Status STARTING - HiveMQ Platform is starting (READY)
2025-01-29 22:12:15,665 INFO c.h.h.t.HelmChartContainer - [hivemq-test-hivemq-platform] [hivemq-platform-operator] [60614892] 22:12:15.664 [ReconcilerExecutor-hivemq-controller-66] DEBUG c.h.p.o.HiveMQPlatformReconciler - [helmdata] Custom Resource Spec (replicas: 1) (extensions: 1)
2025-01-29 22:12:15,675 INFO c.h.h.t.HelmChartContainer - [POD] test-hivemq-platform-0 [30ced92d-bdc2-4dc7-b8f1-44fb00aaa14a] in helmdatahubit was ADDED
2025-01-29 22:12:15,675 INFO c.h.h.t.HelmChartContainer - [EVENT] Normal [SuccessfulCreate] create Pod test-hivemq-platform-0 in StatefulSet test-hivemq-platform successful [helmdatahubit:test-hivemq-platform]
2025-01-29 22:12:15,682 INFO c.h.h.t.HelmChartContainer - [EVENT] Normal [Scheduled] Successfully assigned helmdatahubit/test-hivemq-platform-0 to 981f98d14cb3 [helmdatahubit:test-hivemq-platform-0]
2025-01-29 22:12:15,687 INFO c.h.h.t.HelmChartContainer - [POD] test-hivemq-platform-0 [30ced92d-bdc2-4dc7-b8f1-44fb00aaa14a] in helmdatahubit was MODIFIED
2025-01-29 22:12:15,692 INFO c.h.h.t.HelmChartContainer - [POD] test-hivemq-platform-0 [30ced92d-bdc2-4dc7-b8f1-44fb00aaa14a] in helmdatahubit was MODIFIED
2025-01-29 22:12:15,750 INFO c.h.h.t.HelmChartContainer - [hivemq-test-hivemq-platform] [hivemq-platform-operator] [60614892] 22:12:15.747 [ReconcilerExecutor-hivemq-controller-66] DEBUG c.h.p.o.HiveMQPlatformReconciler - [helmdata] StatefulSet Status (revision: null, replicas: 0, available: 0, ready: 0, current: 0, updated: 0)
2025-01-29 22:12:15,750 INFO c.h.h.t.HelmChartContainer - [hivemq-test-hivemq-platform] [hivemq-platform-operator] [60614892] 22:12:15.748 [ReconcilerExecutor-hivemq-controller-66] DEBUG c.h.p.o.HiveMQPlatformReconciler - [helmdata] StatefulSet Spec (replicas: 1, init containers: 1, containers: 1, volumes: 3)
2025-01-29 22:12:15,761 INFO c.h.h.t.HelmChartContainer - [hivemq-test-hivemq-platform] [hivemq-platform-operator] [60614892] 22:12:15.760 [ReconcilerExecutor-hivemq-controller-66] DEBUG c.h.p.o.h.HiveMQPlatformReconcilerErrorHandler - [helmdata] Pod 'test-hivemq-platform-0' phase Pending
2025-01-29 22:12:15,761 INFO c.h.h.t.HelmChartContainer - [hivemq-test-hivemq-platform] [hivemq-platform-operator] [60614892] 22:12:15.760 [ReconcilerExecutor-hivemq-controller-66] DEBUG c.h.p.o.h.HiveMQPlatformReconcilerErrorHandler - [helmdata] Pod 'test-hivemq-platform-0' condition 'PodScheduled': True
2025-01-29 22:12:15,792 INFO c.h.h.t.HelmChartContainer - [K3S] [reconciler_common.go:251] "operationExecutor.VerifyControllerAttachedVolume started for volume \"kube-api-access-bxsxp\" (UniqueName: \"kubernetes.io/projected/30ced92d-bdc2-4dc7-b8f1-44fb00aaa14a-kube-api-access-bxsxp\") pod \"test-hivemq-platform-0\" (UID: \"30ced92d-bdc2-4dc7-b8f1-44fb00aaa14a\") " pod="helmdatahubit/test-hivemq-platform-0"
2025-01-29 22:12:15,792 INFO c.h.h.t.HelmChartContainer - [K3S] [reconciler_common.go:251] "operationExecutor.VerifyControllerAttachedVolume started for volume \"pod-info\" (UniqueName: \"kubernetes.io/configmap/30ced92d-bdc2-4dc7-b8f1-44fb00aaa14a-pod-info\") pod \"test-hivemq-platform-0\" (UID: \"30ced92d-bdc2-4dc7-b8f1-44fb00aaa14a\") " pod="helmdatahubit/test-hivemq-platform-0"
2025-01-29 22:12:15,792 INFO c.h.h.t.HelmChartContainer - [K3S] [reconciler_common.go:251] "operationExecutor.VerifyControllerAttachedVolume started for volume \"broker-configuration\" (UniqueName: \"kubernetes.io/configmap/30ced92d-bdc2-4dc7-b8f1-44fb00aaa14a-broker-configuration\") pod \"test-hivemq-platform-0\" (UID: \"30ced92d-bdc2-4dc7-b8f1-44fb00aaa14a\") " pod="helmdatahubit/test-hivemq-platform-0"
2025-01-29 22:12:15,792 INFO c.h.h.t.HelmChartContainer - [K3S] [reconciler_common.go:251] "operationExecutor.VerifyControllerAttachedVolume started for volume \"operator-init\" (UniqueName: \"kubernetes.io/empty-dir/30ced92d-bdc2-4dc7-b8f1-44fb00aaa14a-operator-init\") pod \"test-hivemq-platform-0\" (UID: \"30ced92d-bdc2-4dc7-b8f1-44fb00aaa14a\") " pod="helmdatahubit/test-hivemq-platform-0"
2025-01-29 22:12:15,849 INFO c.h.h.t.HelmChartContainer - [hivemq-test-hivemq-platform] [hivemq-platform-operator] [60614892] 22:12:15.847 [ReconcilerExecutor-hivemq-controller-66] INFO  c.h.p.o.h.HiveMQPlatformReconcilerBaseHandler - [helmdata] HiveMQ Platform is starting, 0 of 1 replicas are ready
2025-01-29 22:12:15,858 INFO c.h.h.t.HelmChartContainer - [hivemq-test-hivemq-platform] [hivemq-platform-operator] [60614892] 22:12:15.852 [pool-6-thread-22] DEBUG c.h.p.o.d.PlatformServiceResource - [helmdata] Desired Platform services (3 services)
2025-01-29 22:12:15,859 INFO c.h.h.t.HelmChartContainer - [hivemq-test-hivemq-platform] [hivemq-platform-operator] [60614892] 22:12:15.854 [pool-6-thread-23] DEBUG c.h.p.o.dependants.PodInfoConfigMap - [helmdata] Desired PodInfo ConfigMap (1 extensions) (1 enabled)
2025-01-29 22:12:15,859 INFO c.h.h.t.HelmChartContainer - [hivemq-test-hivemq-platform] [hivemq-platform-operator] [60614892] 22:12:15.854 [pool-6-thread-23] DEBUG c.h.p.o.dependants.PodInfoConfigMap - [helmdata] Desired PodInfo ConfigMap (metrics port: 9399) (metrics path: /)
2025-01-29 22:12:15,859 INFO c.h.h.t.HelmChartContainer - [hivemq-test-hivemq-platform] [hivemq-platform-operator] [60614892] 22:12:15.854 [pool-6-thread-23] DEBUG c.h.p.o.dependants.PodInfoConfigMap - [helmdata] Desired PodInfo ConfigMap (extension state hash: -1817474005)
2025-01-29 22:12:15,861 INFO c.h.h.t.HelmChartContainer - [hivemq-test-hivemq-platform] [hivemq-platform-operator] [60614892] 22:12:15.861 [pool-6-thread-27] DEBUG c.h.p.o.d.PodServiceAccountResource - [helmdata] Desired PodServiceAccountResource (serviceAccountName: hivemq-platform-pod-test-hivemq-platform)
2025-01-29 22:12:15,954 INFO c.h.h.t.HelmChartContainer - [hivemq-test-hivemq-platform] [hivemq-platform-operator] [60614892] 22:12:15.950 [pool-6-thread-30] DEBUG c.h.p.o.d.StatefulSetResource - [helmdata] Desired StatefulSet (1 replicas) for status STARTING (READY)
2025-01-29 22:12:15,957 INFO c.h.h.t.HelmChartContainer - [hivemq-test-hivemq-platform] [hivemq-platform-operator] [60614892] 22:12:15.955 [ReconcilerExecutor-hivemq-controller-77] INFO  c.h.p.o.HiveMQPlatformReconciler - [helmdata] Reconciling HiveMQ Platform 'test-hivemq-platform' in namespace 'helmdatahubit'
2025-01-29 22:12:15,958 INFO c.h.h.t.HelmChartContainer - [hivemq-test-hivemq-platform] [hivemq-platform-operator] [60614892] 22:12:15.956 [ReconcilerExecutor-hivemq-controller-77] DEBUG c.h.p.o.HiveMQPlatformReconciler - [helmdata] Custom Resource Status STARTING - HiveMQ Platform is starting (READY)
2025-01-29 22:12:15,959 INFO c.h.h.t.HelmChartContainer - [hivemq-test-hivemq-platform] [hivemq-platform-operator] [60614892] 22:12:15.956 [ReconcilerExecutor-hivemq-controller-77] DEBUG c.h.p.o.HiveMQPlatformReconciler - [helmdata] Custom Resource Spec (replicas: 1) (extensions: 1)
2025-01-29 22:12:15,961 INFO c.h.h.t.HelmChartContainer - [hivemq-test-hivemq-platform] [hivemq-platform-operator] [60614892] 22:12:15.959 [ReconcilerExecutor-hivemq-controller-77] DEBUG c.h.p.o.HiveMQPlatformReconciler - [helmdata] StatefulSet Status (revision: test-hivemq-platform-7bf9498d96, replicas: 1, available: 0, ready: 0, current: 1, updated: 1)
2025-01-29 22:12:15,962 INFO c.h.h.t.HelmChartContainer - [hivemq-test-hivemq-platform] [hivemq-platform-operator] [60614892] 22:12:15.959 [ReconcilerExecutor-hivemq-controller-77] DEBUG c.h.p.o.HiveMQPlatformReconciler - [helmdata] StatefulSet Spec (replicas: 1, init containers: 1, containers: 1, volumes: 3)
2025-01-29 22:12:16,048 INFO c.h.h.t.HelmChartContainer - [hivemq-test-hivemq-platform] [hivemq-platform-operator] [60614892] 22:12:16.045 [ReconcilerExecutor-hivemq-controller-77] DEBUG c.h.p.o.h.HiveMQPlatformReconcilerErrorHandler - [helmdata] Pod 'test-hivemq-platform-0' phase Pending
2025-01-29 22:12:16,049 INFO c.h.h.t.HelmChartContainer - [hivemq-test-hivemq-platform] [hivemq-platform-operator] [60614892] 22:12:16.046 [ReconcilerExecutor-hivemq-controller-77] DEBUG c.h.p.o.h.HiveMQPlatformReconcilerErrorHandler - [helmdata] Pod 'test-hivemq-platform-0' condition 'PodReadyToStartContainers': False
2025-01-29 22:12:16,049 INFO c.h.h.t.HelmChartContainer - [hivemq-test-hivemq-platform] [hivemq-platform-operator] [60614892] 22:12:16.046 [ReconcilerExecutor-hivemq-controller-77] DEBUG c.h.p.o.h.HiveMQPlatformReconcilerErrorHandler - [helmdata] Pod 'test-hivemq-platform-0' condition 'Initialized': False
2025-01-29 22:12:16,051 INFO c.h.h.t.HelmChartContainer - [hivemq-test-hivemq-platform] [hivemq-platform-operator] [60614892] 22:12:16.046 [ReconcilerExecutor-hivemq-controller-77] DEBUG c.h.p.o.h.HiveMQPlatformReconcilerErrorHandler - [helmdata] Pod 'test-hivemq-platform-0' condition 'Ready': False
2025-01-29 22:12:16,051 INFO c.h.h.t.HelmChartContainer - [hivemq-test-hivemq-platform] [hivemq-platform-operator] [60614892] 22:12:16.046 [ReconcilerExecutor-hivemq-controller-77] DEBUG c.h.p.o.h.HiveMQPlatformReconcilerErrorHandler - [helmdata] Pod 'test-hivemq-platform-0' condition 'ContainersReady': False
2025-01-29 22:12:16,051 INFO c.h.h.t.HelmChartContainer - [hivemq-test-hivemq-platform] [hivemq-platform-operator] [60614892] 22:12:16.046 [ReconcilerExecutor-hivemq-controller-77] DEBUG c.h.p.o.h.HiveMQPlatformReconcilerErrorHandler - [helmdata] Pod 'test-hivemq-platform-0' condition 'PodScheduled': True
2025-01-29 22:12:16,051 INFO c.h.h.t.HelmChartContainer - [hivemq-test-hivemq-platform] [hivemq-platform-operator] [60614892] 22:12:16.046 [ReconcilerExecutor-hivemq-controller-77] DEBUG c.h.p.o.h.HiveMQPlatformReconcilerErrorHandler - [helmdata] Pod 'test-hivemq-platform-0' containerStatus 'hivemq' (started: false) (ready: false) (waiting: [PodInitializing] null)
2025-01-29 22:12:16,052 INFO c.h.h.t.HelmChartContainer - [hivemq-test-hivemq-platform] [hivemq-platform-operator] [60614892] 22:12:16.049 [ReconcilerExecutor-hivemq-controller-77] INFO  c.h.p.o.h.HiveMQPlatformReconcilerBaseHandler - [helmdata] HiveMQ Platform is starting, 0 of 1 replicas are ready
2025-01-29 22:12:16,070 INFO c.h.h.t.HelmChartContainer - [EVENT] Normal [Pulled] Container image "docker.io/hivemq/hivemq-platform-operator-init-test:snapshot" already present on machine [helmdatahubit:test-hivemq-platform-0]
2025-01-29 22:12:16,081 INFO c.h.h.t.HelmChartContainer - [EVENT] Normal [Created] Created container: hivemq-platform-operator-init [helmdatahubit:test-hivemq-platform-0]
2025-01-29 22:12:16,123 INFO c.h.h.t.HelmChartContainer - [EVENT] Normal [Started] Started container hivemq-platform-operator-init [helmdatahubit:test-hivemq-platform-0]
2025-01-29 22:12:16,302 INFO c.h.h.t.HelmChartContainer - [EVENT] Normal [Pulled] Container image "docker.io/hivemq/hivemq4:4.36.0" already present on machine [helmdatahubit:test-hivemq-platform-0]
2025-01-29 22:12:16,302 INFO c.h.h.t.HelmChartContainer - Received Pulled event for container hivemq in pod test-hivemq-platform-0 [30ced92d-bdc2-4dc7-b8f1-44fb00aaa14a]
2025-01-29 22:12:16,317 INFO c.h.h.t.HelmChartContainer - [POD] test-hivemq-platform-0 [30ced92d-bdc2-4dc7-b8f1-44fb00aaa14a] in helmdatahubit was MODIFIED
2025-01-29 22:12:16,336 INFO c.h.h.t.HelmChartContainer - [EVENT] Normal [Created] Created container: hivemq [helmdatahubit:test-hivemq-platform-0]
2025-01-29 22:12:16,337 INFO c.h.h.t.HelmChartContainer - Received Created event for container hivemq in pod test-hivemq-platform-0 [30ced92d-bdc2-4dc7-b8f1-44fb00aaa14a]
2025-01-29 22:12:16,358 INFO c.h.h.t.HelmChartContainer - [hivemq-test-hivemq-platform] [hivemq-platform-operator] [60614892] 22:12:16.350 [pool-6-thread-32] DEBUG c.h.p.o.d.PlatformServiceResource - [helmdata] Desired Platform services (3 services)
2025-01-29 22:12:16,358 INFO c.h.h.t.HelmChartContainer - [hivemq-test-hivemq-platform] [hivemq-platform-operator] [60614892] 22:12:16.352 [pool-6-thread-33] DEBUG c.h.p.o.dependants.PodInfoConfigMap - [helmdata] Desired PodInfo ConfigMap (1 extensions) (1 enabled)
2025-01-29 22:12:16,358 INFO c.h.h.t.HelmChartContainer - [hivemq-test-hivemq-platform] [hivemq-platform-operator] [60614892] 22:12:16.352 [pool-6-thread-33] DEBUG c.h.p.o.dependants.PodInfoConfigMap - [helmdata] Desired PodInfo ConfigMap (metrics port: 9399) (metrics path: /)
2025-01-29 22:12:16,358 INFO c.h.h.t.HelmChartContainer - [hivemq-test-hivemq-platform] [hivemq-platform-operator] [60614892] 22:12:16.353 [pool-6-thread-33] DEBUG c.h.p.o.dependants.PodInfoConfigMap - [helmdata] Desired PodInfo ConfigMap (extension state hash: -1817474005)
2025-01-29 22:12:16,359 INFO c.h.h.t.HelmChartContainer - [hivemq-test-hivemq-platform] [hivemq-platform-operator] [60614892] 22:12:16.356 [pool-6-thread-37] DEBUG c.h.p.o.d.PodServiceAccountResource - [helmdata] Desired PodServiceAccountResource (serviceAccountName: hivemq-platform-pod-test-hivemq-platform)
2025-01-29 22:12:16,407 INFO c.h.h.t.HelmChartContainer - [hivemq-test-hivemq-platform] [hivemq-platform-operator] [60614892] 22:12:16.405 [pool-6-thread-40] DEBUG c.h.p.o.d.StatefulSetResource - [helmdata] Desired StatefulSet (1 replicas) for status STARTING (READY)
2025-01-29 22:12:16,447 INFO c.h.h.t.HelmChartContainer - [hivemq-test-hivemq-platform] [hivemq-platform-operator] [60614892] 22:12:16.445 [ReconcilerExecutor-hivemq-controller-88] INFO  c.h.p.o.HiveMQPlatformReconciler - [helmdata] Reconciling HiveMQ Platform 'test-hivemq-platform' in namespace 'helmdatahubit'
2025-01-29 22:12:16,448 INFO c.h.h.t.HelmChartContainer - [hivemq-test-hivemq-platform] [hivemq-platform-operator] [60614892] 22:12:16.445 [ReconcilerExecutor-hivemq-controller-88] DEBUG c.h.p.o.HiveMQPlatformReconciler - [helmdata] Custom Resource Status STARTING - HiveMQ Platform is starting (READY)
2025-01-29 22:12:16,448 INFO c.h.h.t.HelmChartContainer - [hivemq-test-hivemq-platform] [hivemq-platform-operator] [60614892] 22:12:16.445 [ReconcilerExecutor-hivemq-controller-88] DEBUG c.h.p.o.HiveMQPlatformReconciler - [helmdata] Custom Resource Spec (replicas: 1) (extensions: 1)
2025-01-29 22:12:16,452 INFO c.h.h.t.HelmChartContainer - [hivemq-test-hivemq-platform] [hivemq-platform-operator] [60614892] 22:12:16.448 [ReconcilerExecutor-hivemq-controller-88] DEBUG c.h.p.o.HiveMQPlatformReconciler - [helmdata] StatefulSet Status (revision: test-hivemq-platform-7bf9498d96, replicas: 1, available: 0, ready: 0, current: 1, updated: 1)
2025-01-29 22:12:16,452 INFO c.h.h.t.HelmChartContainer - [hivemq-test-hivemq-platform] [hivemq-platform-operator] [60614892] 22:12:16.448 [ReconcilerExecutor-hivemq-controller-88] DEBUG c.h.p.o.HiveMQPlatformReconciler - [helmdata] StatefulSet Spec (replicas: 1, init containers: 1, containers: 1, volumes: 3)
2025-01-29 22:12:16,453 INFO c.h.h.t.HelmChartContainer - [hivemq-test-hivemq-platform] [hivemq-platform-operator] [60614892] 22:12:16.451 [ReconcilerExecutor-hivemq-controller-88] DEBUG c.h.p.o.h.HiveMQPlatformReconcilerErrorHandler - [helmdata] Pod 'test-hivemq-platform-0' phase Pending
2025-01-29 22:12:16,453 INFO c.h.h.t.HelmChartContainer - [hivemq-test-hivemq-platform] [hivemq-platform-operator] [60614892] 22:12:16.452 [ReconcilerExecutor-hivemq-controller-88] DEBUG c.h.p.o.h.HiveMQPlatformReconcilerErrorHandler - [helmdata] Pod 'test-hivemq-platform-0' condition 'PodReadyToStartContainers': True
2025-01-29 22:12:16,457 INFO c.h.h.t.HelmChartContainer - [hivemq-test-hivemq-platform] [hivemq-platform-operator] [60614892] 22:12:16.452 [ReconcilerExecutor-hivemq-controller-88] DEBUG c.h.p.o.h.HiveMQPlatformReconcilerErrorHandler - [helmdata] Pod 'test-hivemq-platform-0' condition 'Initialized': True
2025-01-29 22:12:16,457 INFO c.h.h.t.HelmChartContainer - [hivemq-test-hivemq-platform] [hivemq-platform-operator] [60614892] 22:12:16.452 [ReconcilerExecutor-hivemq-controller-88] DEBUG c.h.p.o.h.HiveMQPlatformReconcilerErrorHandler - [helmdata] Pod 'test-hivemq-platform-0' condition 'Ready': False
2025-01-29 22:12:16,457 INFO c.h.h.t.HelmChartContainer - [hivemq-test-hivemq-platform] [hivemq-platform-operator] [60614892] 22:12:16.452 [ReconcilerExecutor-hivemq-controller-88] DEBUG c.h.p.o.h.HiveMQPlatformReconcilerErrorHandler - [helmdata] Pod 'test-hivemq-platform-0' condition 'ContainersReady': False
2025-01-29 22:12:16,457 INFO c.h.h.t.HelmChartContainer - [hivemq-test-hivemq-platform] [hivemq-platform-operator] [60614892] 22:12:16.452 [ReconcilerExecutor-hivemq-controller-88] DEBUG c.h.p.o.h.HiveMQPlatformReconcilerErrorHandler - [helmdata] Pod 'test-hivemq-platform-0' condition 'PodScheduled': True
2025-01-29 22:12:16,457 INFO c.h.h.t.HelmChartContainer - [hivemq-test-hivemq-platform] [hivemq-platform-operator] [60614892] 22:12:16.452 [ReconcilerExecutor-hivemq-controller-88] DEBUG c.h.p.o.h.HiveMQPlatformReconcilerErrorHandler - [helmdata] Pod 'test-hivemq-platform-0' containerStatus 'hivemq' (started: false) (ready: false) (waiting: [PodInitializing] null)
2025-01-29 22:12:16,457 INFO c.h.h.t.HelmChartContainer - [hivemq-test-hivemq-platform] [hivemq-platform-operator] [60614892] 22:12:16.455 [ReconcilerExecutor-hivemq-controller-88] INFO  c.h.p.o.h.HiveMQPlatformReconcilerBaseHandler - [helmdata] HiveMQ Platform is starting, 0 of 1 replicas are ready
2025-01-29 22:12:17,315 INFO c.h.h.t.HelmChartContainer - [POD] test-hivemq-platform-0 [30ced92d-bdc2-4dc7-b8f1-44fb00aaa14a] in helmdatahubit was MODIFIED
2025-01-29 22:12:17,328 INFO c.h.h.t.HelmChartContainer - Started log watcher for hivemq in pod test-hivemq-platform-0 [30ced92d-bdc2-4dc7-b8f1-44fb00aaa14a]
2025-01-29 22:12:17,328 INFO c.h.h.t.HelmChartContainer - [EVENT] Normal [Started] Started container hivemq [helmdatahubit:test-hivemq-platform-0]
2025-01-29 22:12:17,328 INFO c.h.h.t.HelmChartContainer - Received Started event for container hivemq in pod test-hivemq-platform-0 [30ced92d-bdc2-4dc7-b8f1-44fb00aaa14a]
2025-01-29 22:12:17,331 INFO c.h.h.t.HelmChartContainer - [test-hivemq-platform] [hivemq] [30ced92d] Adding pre-installed HiveMQ Platform Operator extensions
2025-01-29 22:12:17,331 INFO c.h.h.t.HelmChartContainer - [hivemq-test-hivemq-platform] [hivemq-platform-operator] [60614892] 22:12:17.326 [pool-6-thread-43] DEBUG c.h.p.o.dependants.PodInfoConfigMap - [helmdata] Desired PodInfo ConfigMap (1 extensions) (1 enabled)
2025-01-29 22:12:17,332 INFO c.h.h.t.HelmChartContainer - [hivemq-test-hivemq-platform] [hivemq-platform-operator] [60614892] 22:12:17.326 [pool-6-thread-43] DEBUG c.h.p.o.dependants.PodInfoConfigMap - [helmdata] Desired PodInfo ConfigMap (metrics port: 9399) (metrics path: /)
2025-01-29 22:12:17,332 INFO c.h.h.t.HelmChartContainer - [hivemq-test-hivemq-platform] [hivemq-platform-operator] [60614892] 22:12:17.326 [pool-6-thread-43] DEBUG c.h.p.o.dependants.PodInfoConfigMap - [helmdata] Desired PodInfo ConfigMap (extension state hash: -1817474005)
2025-01-29 22:12:17,332 INFO c.h.h.t.HelmChartContainer - [test-hivemq-platform] [hivemq] [30ced92d] Running as user 10000
2025-01-29 22:12:17,332 INFO c.h.h.t.HelmChartContainer - [test-hivemq-platform] [hivemq] [30ced92d] Starting HiveMQ Platform Operator Init
2025-01-29 22:12:17,333 INFO c.h.h.t.HelmChartContainer - [hivemq-test-hivemq-platform] [hivemq-platform-operator] [60614892] 22:12:17.328 [pool-6-thread-42] DEBUG c.h.p.o.d.PlatformServiceResource - [helmdata] Desired Platform services (3 services)
2025-01-29 22:12:17,405 INFO c.h.h.t.HelmChartContainer - [hivemq-test-hivemq-platform] [hivemq-platform-operator] [60614892] 22:12:17.403 [pool-6-thread-47] DEBUG c.h.p.o.d.PodServiceAccountResource - [helmdata] Desired PodServiceAccountResource (serviceAccountName: hivemq-platform-pod-test-hivemq-platform)
2025-01-29 22:12:17,408 INFO c.h.h.t.HelmChartContainer - [hivemq-test-hivemq-platform] [hivemq-platform-operator] [60614892] 22:12:17.407 [pool-6-thread-50] DEBUG c.h.p.o.d.StatefulSetResource - [helmdata] Desired StatefulSet (1 replicas) for status STARTING (READY)
2025-01-29 22:12:17,413 INFO c.h.h.t.HelmChartContainer - [hivemq-test-hivemq-platform] [hivemq-platform-operator] [60614892] 22:12:17.412 [ReconcilerExecutor-hivemq-controller-99] INFO  c.h.p.o.HiveMQPlatformReconciler - [helmdata] Reconciling HiveMQ Platform 'test-hivemq-platform' in namespace 'helmdatahubit'
2025-01-29 22:12:17,414 INFO c.h.h.t.HelmChartContainer - [hivemq-test-hivemq-platform] [hivemq-platform-operator] [60614892] 22:12:17.412 [ReconcilerExecutor-hivemq-controller-99] DEBUG c.h.p.o.HiveMQPlatformReconciler - [helmdata] Custom Resource Status STARTING - HiveMQ Platform is starting (READY)
2025-01-29 22:12:17,416 INFO c.h.h.t.HelmChartContainer - [hivemq-test-hivemq-platform] [hivemq-platform-operator] [60614892] 22:12:17.414 [ReconcilerExecutor-hivemq-controller-99] DEBUG c.h.p.o.HiveMQPlatformReconciler - [helmdata] Custom Resource Spec (replicas: 1) (extensions: 1)
2025-01-29 22:12:17,418 INFO c.h.h.t.HelmChartContainer - [hivemq-test-hivemq-platform] [hivemq-platform-operator] [60614892] 22:12:17.417 [ReconcilerExecutor-hivemq-controller-99] DEBUG c.h.p.o.HiveMQPlatformReconciler - [helmdata] StatefulSet Status (revision: test-hivemq-platform-7bf9498d96, replicas: 1, available: 0, ready: 0, current: 1, updated: 1)
2025-01-29 22:12:17,418 INFO c.h.h.t.HelmChartContainer - [hivemq-test-hivemq-platform] [hivemq-platform-operator] [60614892] 22:12:17.417 [ReconcilerExecutor-hivemq-controller-99] DEBUG c.h.p.o.HiveMQPlatformReconciler - [helmdata] StatefulSet Spec (replicas: 1, init containers: 1, containers: 1, volumes: 3)
2025-01-29 22:12:17,420 INFO c.h.h.t.HelmChartContainer - [hivemq-test-hivemq-platform] [hivemq-platform-operator] [60614892] 22:12:17.420 [ReconcilerExecutor-hivemq-controller-99] DEBUG c.h.p.o.h.HiveMQPlatformReconcilerErrorHandler - [helmdata] Pod 'test-hivemq-platform-0' phase Running
2025-01-29 22:12:17,422 INFO c.h.h.t.HelmChartContainer - [hivemq-test-hivemq-platform] [hivemq-platform-operator] [60614892] 22:12:17.421 [ReconcilerExecutor-hivemq-controller-99] INFO  c.h.p.o.h.HiveMQPlatformReconcilerBaseHandler - [helmdata] HiveMQ Platform is starting, 0 of 1 replicas are ready
2025-01-29 22:12:17,574 INFO c.h.h.t.HelmChartContainer - [test-hivemq-platform] [hivemq] [30ced92d] INFO  - [HiveMQ Platform Operator Init 1.7.0-SNAPSHOT] HiveMQ Platform Operator Init 1.7.0-SNAPSHOT (commit: 3bc9484 on branch: HEAD) built on Wed Jan 29 22:06:36 UTC 2025
2025-01-29 22:12:18,701 INFO c.h.h.t.HelmChartContainer - [test-hivemq-platform] [hivemq] [30ced92d] INFO  - [HiveMQ Platform Operator Init App 1.7.0-SNAPSHOT] Using bind address 10.42.0.6 from environment variable
2025-01-29 22:12:19,589 INFO c.h.h.t.HelmChartContainer - [test-hivemq-platform] [hivemq] [30ced92d] INFO  - [HiveMQ Platform Operator Init App 1.7.0-SNAPSHOT] HiveMQ Platform Operator Init App 1.7.0-SNAPSHOT (commit: 3bc9484 on branch: HEAD) built on Wed Jan 29 22:06:36 UTC 2025
2025-01-29 22:12:19,589 INFO c.h.h.t.HelmChartContainer - [test-hivemq-platform] [hivemq] [30ced92d] INFO  - [HiveMQ Platform Operator Init App 1.7.0-SNAPSHOT] PodInfo ConfigMap directory: /etc/podinfo
2025-01-29 22:12:19,589 INFO c.h.h.t.HelmChartContainer - [test-hivemq-platform] [hivemq] [30ced92d] INFO  - [HiveMQ Platform Operator Init App 1.7.0-SNAPSHOT] HiveMQ home directory: /opt/hivemq
2025-01-29 22:12:19,590 INFO c.h.h.t.HelmChartContainer - [test-hivemq-platform] [hivemq] [30ced92d] INFO  - [HiveMQ Platform Operator Init App 1.7.0-SNAPSHOT] HiveMQ Logback folder: /opt/hivemq/conf
2025-01-29 22:12:19,590 INFO c.h.h.t.HelmChartContainer - [test-hivemq-platform] [hivemq] [30ced92d] INFO  - [HiveMQ Platform Operator Init App 1.7.0-SNAPSHOT] HiveMQ Config folder: /opt/hivemq/conf-k8s
2025-01-29 22:12:19,590 INFO c.h.h.t.HelmChartContainer - [test-hivemq-platform] [hivemq] [30ced92d] INFO  - [HiveMQ Platform Operator Init App 1.7.0-SNAPSHOT] Starting HiveMQ Platform Operator Init App
2025-01-29 22:12:19,590 INFO c.h.h.t.HelmChartContainer - [test-hivemq-platform] [hivemq] [30ced92d] INFO  - [HiveMQ Platform Operator Init App 1.7.0-SNAPSHOT] Starting Pod reconciler
2025-01-29 22:12:20,772 INFO c.h.h.t.HelmChartContainer - [test-hivemq-platform] [hivemq] [30ced92d] INFO  - [HiveMQ Platform Operator Init App 1.7.0-SNAPSHOT] Pod reconciler is scheduled (interval: 5000 ms)
2025-01-29 22:12:20,773 INFO c.h.h.t.HelmChartContainer - [test-hivemq-platform] [hivemq] [30ced92d] INFO  - [HiveMQ Platform Operator Init App 1.7.0-SNAPSHOT] Starting the REST API on 10.42.0.6:7979
2025-01-29 22:12:20,775 INFO c.h.h.t.HelmChartContainer - [test-hivemq-platform] [hivemq] [30ced92d] INFO  - [HiveMQ Platform Operator Init App 1.7.0-SNAPSHOT] Waiting up to 600s for at most 1 HiveMQ nodes in cluster service hivemq-test-hivemq-platform-cluster.helmdatahubit.svc
2025-01-29 22:12:21,161 INFO c.h.h.t.HelmChartContainer - [test-hivemq-platform] [hivemq] [30ced92d] INFO  - [HiveMQ Platform Operator Init App 1.7.0-SNAPSHOT] Resolved 1 IP addresses: [10.42.0.6]
2025-01-29 22:12:21,161 INFO c.h.h.t.HelmChartContainer - [test-hivemq-platform] [hivemq] [30ced92d] INFO  - [HiveMQ Platform Operator Init App 1.7.0-SNAPSHOT] HiveMQ node count of 1 is within threshold of 1
2025-01-29 22:12:21,161 INFO c.h.h.t.HelmChartContainer - [test-hivemq-platform] [hivemq] [30ced92d] INFO  - [HiveMQ Platform Operator Init App 1.7.0-SNAPSHOT] Proceeding with container start
2025-01-29 22:12:21,185 INFO c.h.h.t.HelmChartContainer - [test-hivemq-platform] [hivemq] [30ced92d] INFO  - [HiveMQ Platform Operator Init App 1.7.0-SNAPSHOT] Initializing HiveMQ Platform extensions with initial configuration: {hivemq-allow-all-extension={start-priority=-1, skip-https-hostname-verification=false, restart=true, config-version=0, header-version=0, c-uri=, priority=-1, uri=preinstalled, skip-https-certificate-validation=false, enabled=true}, hivemq-prometheus-extension={restart=true, priority=-1, start-priority=-1, c-uri=, skip-https-hostname-verification=false, skip-https-certificate-validation=false, uri=preinstalled, request-header-path=no-request-headers, enabled=true}}
2025-01-29 22:12:21,667 INFO c.h.h.t.HelmChartContainer - [test-hivemq-platform] [hivemq] [30ced92d] INFO  - [HiveMQ Platform Operator Init App 1.7.0-SNAPSHOT] Extension hivemq-allow-all-extension was already enabled
2025-01-29 22:12:21,758 INFO c.h.h.t.HelmChartContainer - [test-hivemq-platform] [hivemq] [30ced92d] INFO  - [HiveMQ Platform Operator Init App 1.7.0-SNAPSHOT] Successfully enabled extension hivemq-prometheus-extension
2025-01-29 22:12:21,761 INFO c.h.h.t.HelmChartContainer - [test-hivemq-platform] [hivemq] [30ced92d] INFO  - [HiveMQ Platform Operator Init App 1.7.0-SNAPSHOT] Starting HiveMQ Platform version 4.36.0 (4.36.0)
2025-01-29 22:12:21,763 INFO c.h.h.t.HelmChartContainer - [test-hivemq-platform] [hivemq] [30ced92d] INFO  - [HiveMQ Platform Operator Init App 1.7.0-SNAPSHOT] Configuring the HiveMQ Platform
2025-01-29 22:12:21,776 INFO c.h.h.t.HelmChartContainer - [test-hivemq-platform] [hivemq] [30ced92d] INFO  - [HiveMQ Platform Operator Init App 1.7.0-SNAPSHOT] Changed logback.xml file scan period to 20 seconds
2025-01-29 22:12:21,859 INFO c.h.h.t.HelmChartContainer - [test-hivemq-platform] [hivemq] [30ced92d] INFO  - [HiveMQ Platform Operator Init App 1.7.0-SNAPSHOT] Starting the HiveMQ Platform
2025-01-29 22:12:21,862 INFO c.h.h.t.HelmChartContainer - [test-hivemq-platform] [hivemq] [30ced92d] -------------------------------------------------------------------------
2025-01-29 22:12:21,863 INFO c.h.h.t.HelmChartContainer - [test-hivemq-platform] [hivemq] [30ced92d] 
2025-01-29 22:12:21,863 INFO c.h.h.t.HelmChartContainer - [test-hivemq-platform] [hivemq] [30ced92d]                   _    _  _              __  __   ____
2025-01-29 22:12:21,863 INFO c.h.h.t.HelmChartContainer - [test-hivemq-platform] [hivemq] [30ced92d]                  | |  | |(_)            |  \/  | / __ \
2025-01-29 22:12:21,863 INFO c.h.h.t.HelmChartContainer - [test-hivemq-platform] [hivemq] [30ced92d]                  | |__| | _ __   __ ___ | \  / || |  | |
2025-01-29 22:12:21,863 INFO c.h.h.t.HelmChartContainer - [test-hivemq-platform] [hivemq] [30ced92d]                  |  __  || |\ \ / // _ \| |\/| || |  | |
2025-01-29 22:12:21,863 INFO c.h.h.t.HelmChartContainer - [test-hivemq-platform] [hivemq] [30ced92d]                  | |  | || | \ V /|  __/| |  | || |__| |
2025-01-29 22:12:21,863 INFO c.h.h.t.HelmChartContainer - [test-hivemq-platform] [hivemq] [30ced92d]                  |_|  |_||_|  \_/  \___||_|  |_| \___\_\
2025-01-29 22:12:21,863 INFO c.h.h.t.HelmChartContainer - [test-hivemq-platform] [hivemq] [30ced92d] 
2025-01-29 22:12:21,863 INFO c.h.h.t.HelmChartContainer - [test-hivemq-platform] [hivemq] [30ced92d] -------------------------------------------------------------------------
2025-01-29 22:12:21,863 INFO c.h.h.t.HelmChartContainer - [test-hivemq-platform] [hivemq] [30ced92d] 
2025-01-29 22:12:21,863 INFO c.h.h.t.HelmChartContainer - [test-hivemq-platform] [hivemq] [30ced92d]   HiveMQ Start Script for Linux/Unix v1.14
2025-01-29 22:12:21,863 INFO c.h.h.t.HelmChartContainer - [test-hivemq-platform] [hivemq] [30ced92d] 
2025-01-29 22:12:21,963 INFO c.h.h.t.HelmChartContainer - [test-hivemq-platform] [hivemq] [30ced92d] -------------------------------------------------------------------------
2025-01-29 22:12:21,963 INFO c.h.h.t.HelmChartContainer - [test-hivemq-platform] [hivemq] [30ced92d] 
2025-01-29 22:12:21,963 INFO c.h.h.t.HelmChartContainer - [test-hivemq-platform] [hivemq] [30ced92d]   HIVEMQ_HOME: /opt/hivemq
2025-01-29 22:12:21,963 INFO c.h.h.t.HelmChartContainer - [test-hivemq-platform] [hivemq] [30ced92d] 
2025-01-29 22:12:21,963 INFO c.h.h.t.HelmChartContainer - [test-hivemq-platform] [hivemq] [30ced92d]   JAVA_OPTS: -XX:+UnlockExperimentalVMOptions -XX:InitialRAMPercentage=50 -XX:MaxRAMPercentage=50 -Djava.net.preferIPv4Stack=true --add-opens java.base/java.lang=ALL-UNNAMED --add-opens java.base/java.nio=ALL-UNNAMED --add-opens java.base/sun.nio.ch=ALL-UNNAMED --add-opens jdk.management/com.sun.management.internal=ALL-UNNAMED --add-exports java.base/jdk.internal.misc=ALL-UNNAMED -Djava.security.egd=file:/dev/./urandom -Dcom.sun.management.jmxremote -Dcom.sun.management.jmxremote.port=9010 -Dcom.sun.management.jmxremote.local.only=false -Dcom.sun.management.jmxremote.authenticate=false -Dcom.sun.management.jmxremote.ssl=false -Duser.language=en -Duser.region=US -XX:+CrashOnOutOfMemoryError -XX:+HeapDumpOnOutOfMemoryError
2025-01-29 22:12:21,963 INFO c.h.h.t.HelmChartContainer - [test-hivemq-platform] [hivemq] [30ced92d] 
2025-01-29 22:12:21,963 INFO c.h.h.t.HelmChartContainer - [test-hivemq-platform] [hivemq] [30ced92d]   JAVA_VERSION: 21
2025-01-29 22:12:21,963 INFO c.h.h.t.HelmChartContainer - [test-hivemq-platform] [hivemq] [30ced92d] 
2025-01-29 22:12:21,963 INFO c.h.h.t.HelmChartContainer - [test-hivemq-platform] [hivemq] [30ced92d] -------------------------------------------------------------------------
2025-01-29 22:12:21,963 INFO c.h.h.t.HelmChartContainer - [test-hivemq-platform] [hivemq] [30ced92d] 
2025-01-29 22:12:23,459 INFO c.h.h.t.HelmChartContainer - [test-hivemq-platform] [hivemq] [30ced92d] INFO  - [HiveMQ Platform Operator Init App 1.7.0-SNAPSHOT] Returning default Health API response 503 for readiness
2025-01-29 22:12:23,862 INFO c.h.h.t.HelmChartContainer - [EVENT] Warning [Unhealthy] Readiness probe failed: HTTP probe failed with statuscode: 503 [helmdatahubit:test-hivemq-platform-0]
2025-01-29 22:12:23,863 INFO c.h.h.t.HelmChartContainer - Received Unhealthy event for container hivemq in pod test-hivemq-platform-0 [30ced92d-bdc2-4dc7-b8f1-44fb00aaa14a]
2025-01-29 22:12:24,470 INFO c.h.h.t.HelmChartContainer - [test-hivemq-platform] [hivemq] [30ced92d] INFO  - Starting HiveMQ Enterprise Server
2025-01-29 22:12:24,475 INFO c.h.h.t.HelmChartContainer - [test-hivemq-platform] [hivemq] [30ced92d] INFO  - HiveMQ version: 4.36.0
2025-01-29 22:12:24,476 INFO c.h.h.t.HelmChartContainer - [test-hivemq-platform] [hivemq] [30ced92d] INFO  - HiveMQ home directory: /opt/hivemq
2025-01-29 22:12:24,476 INFO c.h.h.t.HelmChartContainer - [test-hivemq-platform] [hivemq] [30ced92d] INFO  - Log Configuration was overridden by /opt/hivemq/conf/logback.xml
2025-01-29 22:12:25,682 INFO c.h.h.t.HelmChartContainer - [test-hivemq-platform] [hivemq] [30ced92d] INFO  - Successfully loaded configuration from '/opt/hivemq/conf-k8s/config.xml'.
2025-01-29 22:12:26,336 INFO c.h.h.t.HelmChartContainer - [test-hivemq-platform] [hivemq] [30ced92d] INFO  - This node's ID is f47qw
2025-01-29 22:12:26,358 INFO c.h.h.t.HelmChartContainer - [test-hivemq-platform] [hivemq] [30ced92d] INFO  - Clustering is enabled
2025-01-29 22:12:27,428 INFO c.h.h.t.HelmChartContainer - [hivemq-test-hivemq-platform] [hivemq-platform-operator] [60614892] 22:12:27.425 [pool-6-thread-3] DEBUG c.h.p.o.d.PlatformServiceResource - [helmdata] Desired Platform services (3 services)
2025-01-29 22:12:27,429 INFO c.h.h.t.HelmChartContainer - [hivemq-test-hivemq-platform] [hivemq-platform-operator] [60614892] 22:12:27.426 [pool-6-thread-6] DEBUG c.h.p.o.dependants.PodInfoConfigMap - [helmdata] Desired PodInfo ConfigMap (1 extensions) (1 enabled)
2025-01-29 22:12:27,429 INFO c.h.h.t.HelmChartContainer - [hivemq-test-hivemq-platform] [hivemq-platform-operator] [60614892] 22:12:27.427 [pool-6-thread-6] DEBUG c.h.p.o.dependants.PodInfoConfigMap - [helmdata] Desired PodInfo ConfigMap (metrics port: 9399) (metrics path: /)
2025-01-29 22:12:27,429 INFO c.h.h.t.HelmChartContainer - [hivemq-test-hivemq-platform] [hivemq-platform-operator] [60614892] 22:12:27.428 [pool-6-thread-6] DEBUG c.h.p.o.dependants.PodInfoConfigMap - [helmdata] Desired PodInfo ConfigMap (extension state hash: -1817474005)
2025-01-29 22:12:27,431 INFO c.h.h.t.HelmChartContainer - [hivemq-test-hivemq-platform] [hivemq-platform-operator] [60614892] 22:12:27.426 [pool-6-thread-2] DEBUG c.h.p.o.d.PodServiceAccountResource - [helmdata] Desired PodServiceAccountResource (serviceAccountName: hivemq-platform-pod-test-hivemq-platform)
2025-01-29 22:12:27,436 INFO c.h.h.t.HelmChartContainer - [hivemq-test-hivemq-platform] [hivemq-platform-operator] [60614892] 22:12:27.435 [pool-6-thread-5] DEBUG c.h.p.o.d.StatefulSetResource - [helmdata] Desired StatefulSet (1 replicas) for status STARTING (READY)
2025-01-29 22:12:27,441 INFO c.h.h.t.HelmChartContainer - [hivemq-test-hivemq-platform] [hivemq-platform-operator] [60614892] 22:12:27.440 [ReconcilerExecutor-hivemq-controller-110] INFO  c.h.p.o.HiveMQPlatformReconciler - [helmdata] Reconciling HiveMQ Platform 'test-hivemq-platform' in namespace 'helmdatahubit'
2025-01-29 22:12:27,441 INFO c.h.h.t.HelmChartContainer - [hivemq-test-hivemq-platform] [hivemq-platform-operator] [60614892] 22:12:27.440 [ReconcilerExecutor-hivemq-controller-110] DEBUG c.h.p.o.HiveMQPlatformReconciler - [helmdata] Custom Resource Status STARTING - HiveMQ Platform is starting (READY)
2025-01-29 22:12:27,441 INFO c.h.h.t.HelmChartContainer - [hivemq-test-hivemq-platform] [hivemq-platform-operator] [60614892] 22:12:27.440 [ReconcilerExecutor-hivemq-controller-110] DEBUG c.h.p.o.HiveMQPlatformReconciler - [helmdata] Custom Resource Spec (replicas: 1) (extensions: 1)
2025-01-29 22:12:27,505 INFO c.h.h.t.HelmChartContainer - [hivemq-test-hivemq-platform] [hivemq-platform-operator] [60614892] 22:12:27.504 [ReconcilerExecutor-hivemq-controller-110] DEBUG c.h.p.o.HiveMQPlatformReconciler - [helmdata] StatefulSet Status (revision: test-hivemq-platform-7bf9498d96, replicas: 1, available: 0, ready: 0, current: 1, updated: 1)
2025-01-29 22:12:27,506 INFO c.h.h.t.HelmChartContainer - [hivemq-test-hivemq-platform] [hivemq-platform-operator] [60614892] 22:12:27.504 [ReconcilerExecutor-hivemq-controller-110] DEBUG c.h.p.o.HiveMQPlatformReconciler - [helmdata] StatefulSet Spec (replicas: 1, init containers: 1, containers: 1, volumes: 3)
2025-01-29 22:12:27,506 INFO c.h.h.t.HelmChartContainer - [hivemq-test-hivemq-platform] [hivemq-platform-operator] [60614892] 22:12:27.505 [ReconcilerExecutor-hivemq-controller-110] DEBUG c.h.p.o.h.HiveMQPlatformReconcilerErrorHandler - [helmdata] Pod 'test-hivemq-platform-0' phase Running
2025-01-29 22:12:27,508 INFO c.h.h.t.HelmChartContainer - [hivemq-test-hivemq-platform] [hivemq-platform-operator] [60614892] 22:12:27.506 [ReconcilerExecutor-hivemq-controller-110] INFO  c.h.p.o.h.HiveMQPlatformReconcilerBaseHandler - [helmdata] HiveMQ Platform is starting, 0 of 1 replicas are ready
2025-01-29 22:12:28,863 INFO c.h.h.t.HelmChartContainer - [test-hivemq-platform] [hivemq] [30ced92d] WARN  - [HiveMQ Platform Operator Init App 1.7.0-SNAPSHOT] Cannot connect to Health API for readiness: null
2025-01-29 22:12:28,871 INFO c.h.h.t.HelmChartContainer - [EVENT] Warning [Unhealthy] Readiness probe failed: HTTP probe failed with statuscode: 503 [helmdatahubit:test-hivemq-platform-0]
2025-01-29 22:12:28,871 INFO c.h.h.t.HelmChartContainer - Received Unhealthy event for container hivemq in pod test-hivemq-platform-0 [30ced92d-bdc2-4dc7-b8f1-44fb00aaa14a]
2025-01-29 22:12:32,256 INFO c.h.h.t.HelmChartContainer - [test-hivemq-platform] [hivemq] [30ced92d] Jan 29, 2025 10:12:32 PM io.vertx.core.impl.BlockedThreadChecker
2025-01-29 22:12:32,256 INFO c.h.h.t.HelmChartContainer - [test-hivemq-platform] [hivemq] [30ced92d] WARNING: Thread Thread[vert.x-eventloop-thread-1,5,main] has been blocked for 2793 ms, time limit is 2000 ms
2025-01-29 22:12:32,460 INFO c.h.h.t.HelmChartContainer - [test-hivemq-platform] [hivemq] [30ced92d] INFO  - [HiveMQ Platform Operator Init App 1.7.0-SNAPSHOT] Updating Pod HiveMQ Platform Operator Init App version annotation (version: 1.7.0-SNAPSHOT)
2025-01-29 22:12:33,083 INFO c.h.h.t.HelmChartContainer - [POD] test-hivemq-platform-0 [30ced92d-bdc2-4dc7-b8f1-44fb00aaa14a] in helmdatahubit was MODIFIED
2025-01-29 22:12:33,084 INFO c.h.h.t.HelmChartContainer - [hivemq-test-hivemq-platform] [hivemq-platform-operator] [60614892] 22:12:33.080 [pool-6-thread-17] DEBUG c.h.p.o.d.PlatformServiceResource - [helmdata] Desired Platform services (3 services)
2025-01-29 22:12:33,086 INFO c.h.h.t.HelmChartContainer - [hivemq-test-hivemq-platform] [hivemq-platform-operator] [60614892] 22:12:33.083 [pool-6-thread-15] DEBUG c.h.p.o.dependants.PodInfoConfigMap - [helmdata] Desired PodInfo ConfigMap (1 extensions) (1 enabled)
2025-01-29 22:12:33,086 INFO c.h.h.t.HelmChartContainer - [hivemq-test-hivemq-platform] [hivemq-platform-operator] [60614892] 22:12:33.083 [pool-6-thread-15] DEBUG c.h.p.o.dependants.PodInfoConfigMap - [helmdata] Desired PodInfo ConfigMap (metrics port: 9399) (metrics path: /)
2025-01-29 22:12:33,086 INFO c.h.h.t.HelmChartContainer - [hivemq-test-hivemq-platform] [hivemq-platform-operator] [60614892] 22:12:33.083 [pool-6-thread-15] DEBUG c.h.p.o.dependants.PodInfoConfigMap - [helmdata] Desired PodInfo ConfigMap (extension state hash: -1817474005)
2025-01-29 22:12:33,086 INFO c.h.h.t.HelmChartContainer - [hivemq-test-hivemq-platform] [hivemq-platform-operator] [60614892] 22:12:33.084 [pool-6-thread-14] DEBUG c.h.p.o.d.PodServiceAccountResource - [helmdata] Desired PodServiceAccountResource (serviceAccountName: hivemq-platform-pod-test-hivemq-platform)
2025-01-29 22:12:33,092 INFO c.h.h.t.HelmChartContainer - [hivemq-test-hivemq-platform] [hivemq-platform-operator] [60614892] 22:12:33.089 [pool-6-thread-13] DEBUG c.h.p.o.d.StatefulSetResource - [helmdata] Desired StatefulSet (1 replicas) for status STARTING (READY)
2025-01-29 22:12:33,097 INFO c.h.h.t.HelmChartContainer - [hivemq-test-hivemq-platform] [hivemq-platform-operator] [60614892] 22:12:33.095 [ReconcilerExecutor-hivemq-controller-111] INFO  c.h.p.o.HiveMQPlatformReconciler - [helmdata] Reconciling HiveMQ Platform 'test-hivemq-platform' in namespace 'helmdatahubit'
2025-01-29 22:12:33,097 INFO c.h.h.t.HelmChartContainer - [hivemq-test-hivemq-platform] [hivemq-platform-operator] [60614892] 22:12:33.095 [ReconcilerExecutor-hivemq-controller-111] DEBUG c.h.p.o.HiveMQPlatformReconciler - [helmdata] Custom Resource Status STARTING - HiveMQ Platform is starting (READY)
2025-01-29 22:12:33,097 INFO c.h.h.t.HelmChartContainer - [hivemq-test-hivemq-platform] [hivemq-platform-operator] [60614892] 22:12:33.095 [ReconcilerExecutor-hivemq-controller-111] DEBUG c.h.p.o.HiveMQPlatformReconciler - [helmdata] Custom Resource Spec (replicas: 1) (extensions: 1)
2025-01-29 22:12:33,148 INFO c.h.h.t.HelmChartContainer - [hivemq-test-hivemq-platform] [hivemq-platform-operator] [60614892] 22:12:33.145 [ReconcilerExecutor-hivemq-controller-111] DEBUG c.h.p.o.HiveMQPlatformReconciler - [helmdata] StatefulSet Status (revision: test-hivemq-platform-7bf9498d96, replicas: 1, available: 0, ready: 0, current: 1, updated: 1)
2025-01-29 22:12:33,148 INFO c.h.h.t.HelmChartContainer - [hivemq-test-hivemq-platform] [hivemq-platform-operator] [60614892] 22:12:33.146 [ReconcilerExecutor-hivemq-controller-111] DEBUG c.h.p.o.HiveMQPlatformReconciler - [helmdata] StatefulSet Spec (replicas: 1, init containers: 1, containers: 1, volumes: 3)
2025-01-29 22:12:33,149 INFO c.h.h.t.HelmChartContainer - [hivemq-test-hivemq-platform] [hivemq-platform-operator] [60614892] 22:12:33.148 [ReconcilerExecutor-hivemq-controller-111] DEBUG c.h.p.o.h.HiveMQPlatformReconcilerErrorHandler - [helmdata] Pod 'test-hivemq-platform-0' phase Running
2025-01-29 22:12:33,149 INFO c.h.h.t.HelmChartContainer - [hivemq-test-hivemq-platform] [hivemq-platform-operator] [60614892] 22:12:33.149 [ReconcilerExecutor-hivemq-controller-111] INFO  c.h.p.o.h.HiveMQPlatformReconcilerBaseHandler - [helmdata] HiveMQ Platform is starting, 0 of 1 replicas are ready
2025-01-29 22:12:33,167 INFO c.h.h.t.HelmChartContainer - [test-hivemq-platform] [hivemq] [30ced92d] WARN  - [HiveMQ Platform Operator Init App 1.7.0-SNAPSHOT] Cannot connect to Health API for readiness: null
2025-01-29 22:12:33,171 INFO c.h.h.t.HelmChartContainer - [test-hivemq-platform] [hivemq] [30ced92d] INFO  - [HiveMQ Platform Operator Init App 1.7.0-SNAPSHOT] Successfully updated Pod HiveMQ Platform Operator Init App version annotation (version: 1.7.0-SNAPSHOT)
2025-01-29 22:12:33,174 INFO c.h.h.t.HelmChartContainer - [EVENT] Warning [Unhealthy] Readiness probe failed: HTTP probe failed with statuscode: 503 [helmdatahubit:test-hivemq-platform-0]
2025-01-29 22:12:33,175 INFO c.h.h.t.HelmChartContainer - Received Unhealthy event for container hivemq in pod test-hivemq-platform-0 [30ced92d-bdc2-4dc7-b8f1-44fb00aaa14a]
2025-01-29 22:12:38,137 INFO c.h.h.t.HelmChartContainer - [test-hivemq-platform] [hivemq] [30ced92d] WARN  - [HiveMQ Platform Operator Init App 1.7.0-SNAPSHOT] Cannot connect to Health API for readiness: null
2025-01-29 22:12:38,141 INFO c.h.h.t.HelmChartContainer - [EVENT] Warning [Unhealthy] Readiness probe failed: HTTP probe failed with statuscode: 503 [helmdatahubit:test-hivemq-platform-0]
2025-01-29 22:12:38,141 INFO c.h.h.t.HelmChartContainer - Received Unhealthy event for container hivemq in pod test-hivemq-platform-0 [30ced92d-bdc2-4dc7-b8f1-44fb00aaa14a]
2025-01-29 22:12:43,155 INFO c.h.h.t.HelmChartContainer - [hivemq-test-hivemq-platform] [hivemq-platform-operator] [60614892] 22:12:43.152 [pool-6-thread-27] DEBUG c.h.p.o.d.PlatformServiceResource - [helmdata] Desired Platform services (3 services)
2025-01-29 22:12:43,156 INFO c.h.h.t.HelmChartContainer - [hivemq-test-hivemq-platform] [hivemq-platform-operator] [60614892] 22:12:43.153 [pool-6-thread-26] DEBUG c.h.p.o.dependants.PodInfoConfigMap - [helmdata] Desired PodInfo ConfigMap (1 extensions) (1 enabled)
2025-01-29 22:12:43,156 INFO c.h.h.t.HelmChartContainer - [hivemq-test-hivemq-platform] [hivemq-platform-operator] [60614892] 22:12:43.154 [pool-6-thread-26] DEBUG c.h.p.o.dependants.PodInfoConfigMap - [helmdata] Desired PodInfo ConfigMap (metrics port: 9399) (metrics path: /)
2025-01-29 22:12:43,160 INFO c.h.h.t.HelmChartContainer - [hivemq-test-hivemq-platform] [hivemq-platform-operator] [60614892] 22:12:43.154 [pool-6-thread-26] DEBUG c.h.p.o.dependants.PodInfoConfigMap - [helmdata] Desired PodInfo ConfigMap (extension state hash: -1817474005)
2025-01-29 22:12:43,162 INFO c.h.h.t.HelmChartContainer - [hivemq-test-hivemq-platform] [hivemq-platform-operator] [60614892] 22:12:43.155 [pool-6-thread-24] DEBUG c.h.p.o.d.PodServiceAccountResource - [helmdata] Desired PodServiceAccountResource (serviceAccountName: hivemq-platform-pod-test-hivemq-platform)
2025-01-29 22:12:43,165 INFO c.h.h.t.HelmChartContainer - [hivemq-test-hivemq-platform] [hivemq-platform-operator] [60614892] 22:12:43.163 [pool-6-thread-26] DEBUG c.h.p.o.d.StatefulSetResource - [helmdata] Desired StatefulSet (1 replicas) for status STARTING (READY)
2025-01-29 22:12:43,175 INFO c.h.h.t.HelmChartContainer - [hivemq-test-hivemq-platform] [hivemq-platform-operator] [60614892] 22:12:43.174 [ReconcilerExecutor-hivemq-controller-112] INFO  c.h.p.o.HiveMQPlatformReconciler - [helmdata] Reconciling HiveMQ Platform 'test-hivemq-platform' in namespace 'helmdatahubit'
2025-01-29 22:12:43,176 INFO c.h.h.t.HelmChartContainer - [hivemq-test-hivemq-platform] [hivemq-platform-operator] [60614892] 22:12:43.175 [ReconcilerExecutor-hivemq-controller-112] DEBUG c.h.p.o.HiveMQPlatformReconciler - [helmdata] Custom Resource Status STARTING - HiveMQ Platform is starting (READY)
2025-01-29 22:12:43,176 INFO c.h.h.t.HelmChartContainer - [hivemq-test-hivemq-platform] [hivemq-platform-operator] [60614892] 22:12:43.175 [ReconcilerExecutor-hivemq-controller-112] DEBUG c.h.p.o.HiveMQPlatformReconciler - [helmdata] Custom Resource Spec (replicas: 1) (extensions: 1)
2025-01-29 22:12:43,177 INFO c.h.h.t.HelmChartContainer - [test-hivemq-platform] [hivemq] [30ced92d] WARN  - [HiveMQ Platform Operator Init App 1.7.0-SNAPSHOT] Cannot connect to Health API for readiness: null
2025-01-29 22:12:43,180 INFO c.h.h.t.HelmChartContainer - [hivemq-test-hivemq-platform] [hivemq-platform-operator] [60614892] 22:12:43.176 [ReconcilerExecutor-hivemq-controller-112] DEBUG c.h.p.o.HiveMQPlatformReconciler - [helmdata] StatefulSet Status (revision: test-hivemq-platform-7bf9498d96, replicas: 1, available: 0, ready: 0, current: 1, updated: 1)
2025-01-29 22:12:43,181 INFO c.h.h.t.HelmChartContainer - [hivemq-test-hivemq-platform] [hivemq-platform-operator] [60614892] 22:12:43.176 [ReconcilerExecutor-hivemq-controller-112] DEBUG c.h.p.o.HiveMQPlatformReconciler - [helmdata] StatefulSet Spec (replicas: 1, init containers: 1, containers: 1, volumes: 3)
2025-01-29 22:12:43,181 INFO c.h.h.t.HelmChartContainer - [hivemq-test-hivemq-platform] [hivemq-platform-operator] [60614892] 22:12:43.179 [ReconcilerExecutor-hivemq-controller-112] DEBUG c.h.p.o.h.HiveMQPlatformReconcilerErrorHandler - [helmdata] Pod 'test-hivemq-platform-0' phase Running
2025-01-29 22:12:43,181 INFO c.h.h.t.HelmChartContainer - [hivemq-test-hivemq-platform] [hivemq-platform-operator] [60614892] 22:12:43.179 [ReconcilerExecutor-hivemq-controller-112] INFO  c.h.p.o.h.HiveMQPlatformReconcilerBaseHandler - [helmdata] HiveMQ Platform is starting, 0 of 1 replicas are ready
2025-01-29 22:12:43,184 INFO c.h.h.t.HelmChartContainer - [EVENT] Warning [Unhealthy] Readiness probe failed: HTTP probe failed with statuscode: 503 [helmdatahubit:test-hivemq-platform-0]
2025-01-29 22:12:43,184 INFO c.h.h.t.HelmChartContainer - Received Unhealthy event for container hivemq in pod test-hivemq-platform-0 [30ced92d-bdc2-4dc7-b8f1-44fb00aaa14a]
2025-01-29 22:12:44,258 INFO c.h.h.t.HelmChartContainer - [test-hivemq-platform] [hivemq] [30ced92d] INFO  - No valid license file found. Using trial license, restricted to 25 connections.
2025-01-29 22:12:46,061 INFO c.h.h.t.HelmChartContainer - [test-hivemq-platform] [hivemq] [30ced92d] WARN  - [HiveMQ Platform Operator Init App 1.7.0-SNAPSHOT] Cannot connect to Health API for liveness: null
2025-01-29 22:12:46,061 INFO c.h.h.t.HelmChartContainer - [test-hivemq-platform] [hivemq] [30ced92d] INFO  - [HiveMQ Platform Operator Init App 1.7.0-SNAPSHOT] Returning default Health API response 200 for liveness
2025-01-29 22:12:47,575 INFO c.h.h.t.HelmChartContainer - [test-hivemq-platform] [hivemq] [30ced92d] INFO  - No valid license file for Data Hub found. Using free license, restricted to 1 policy.
2025-01-29 22:12:48,161 INFO c.h.h.t.HelmChartContainer - [test-hivemq-platform] [hivemq] [30ced92d] WARN  - [HiveMQ Platform Operator Init App 1.7.0-SNAPSHOT] Cannot connect to Health API for readiness: null
2025-01-29 22:12:48,166 INFO c.h.h.t.HelmChartContainer - [EVENT] Warning [Unhealthy] Readiness probe failed: HTTP probe failed with statuscode: 503 [helmdatahubit:test-hivemq-platform-0]
2025-01-29 22:12:48,167 INFO c.h.h.t.HelmChartContainer - Received Unhealthy event for container hivemq in pod test-hivemq-platform-0 [30ced92d-bdc2-4dc7-b8f1-44fb00aaa14a]
2025-01-29 22:12:48,788 INFO c.h.h.t.HelmChartContainer - [test-hivemq-platform] [hivemq] [30ced92d] INFO  - Audit Logger started.
2025-01-29 22:12:49,082 INFO c.h.h.t.HelmChartContainer - [test-hivemq-platform] [hivemq] [30ced92d] INFO  - This node uses '1' CPU cores.
2025-01-29 22:12:49,087 INFO c.h.h.t.HelmChartContainer - [test-hivemq-platform] [hivemq] [30ced92d] INFO  - Starting HiveMQ Health API on address 0.0.0.0 and port 8889
2025-01-29 22:12:49,971 INFO c.h.h.t.HelmChartContainer - [test-hivemq-platform] [hivemq] [30ced92d] INFO  - Started HiveMQ Health API in 883ms
2025-01-29 22:12:50,778 INFO c.h.h.t.HelmChartContainer - [test-hivemq-platform] [hivemq] [30ced92d] INFO  - Starting HiveMQ extension system.
2025-01-29 22:12:51,064 INFO c.h.h.t.HelmChartContainer - [test-hivemq-platform] [hivemq] [30ced92d] INFO  - Starting extension with id "hivemq-dns-cluster-discovery" at /opt/hivemq/extensions/hivemq-dns-cluster-discovery
2025-01-29 22:12:51,468 INFO c.h.h.t.HelmChartContainer - [test-hivemq-platform] [hivemq] [30ced92d] INFO  - Extension "DNS Cluster Discovery Extension" version 4.3.2 started successfully.
2025-01-29 22:12:51,468 INFO c.h.h.t.HelmChartContainer - [test-hivemq-platform] [hivemq] [30ced92d] INFO  - Starting extension with id "hivemq-prometheus-extension" at /opt/hivemq/extensions/hivemq-prometheus-extension
2025-01-29 22:12:51,568 INFO c.h.h.t.HelmChartContainer - [test-hivemq-platform] [hivemq] [30ced92d] INFO  - Using TCP cluster transport on address 10.42.0.6 and port 7000
2025-01-29 22:12:51,664 INFO c.h.h.t.HelmChartContainer - [test-hivemq-platform] [hivemq] [30ced92d] INFO  - Using extension cluster discovery
2025-01-29 22:12:52,468 INFO c.h.h.t.HelmChartContainer - [test-hivemq-platform] [hivemq] [30ced92d] INFO  - Started Jetty Server exposing Prometheus Servlet on URI http://0.0.0.0:9399/
2025-01-29 22:12:52,468 INFO c.h.h.t.HelmChartContainer - [test-hivemq-platform] [hivemq] [30ced92d] INFO  - Extension "Prometheus Monitoring Extension" version 4.0.12 started successfully.
2025-01-29 22:12:52,468 INFO c.h.h.t.HelmChartContainer - [test-hivemq-platform] [hivemq] [30ced92d] INFO  - Starting extension with id "hivemq-allow-all-extension" at /opt/hivemq/extensions/hivemq-allow-all-extension
2025-01-29 22:12:52,470 INFO c.h.h.t.HelmChartContainer - [test-hivemq-platform] [hivemq] [30ced92d] WARN  - 
2025-01-29 22:12:52,470 INFO c.h.h.t.HelmChartContainer - [test-hivemq-platform] [hivemq] [30ced92d] ################################################################################################################
2025-01-29 22:12:52,470 INFO c.h.h.t.HelmChartContainer - [test-hivemq-platform] [hivemq] [30ced92d] # This HiveMQ deployment is not secure! You are lacking Authentication and Authorization.                      #
2025-01-29 22:12:52,470 INFO c.h.h.t.HelmChartContainer - [test-hivemq-platform] [hivemq] [30ced92d] # Right now any MQTT client can connect to the broker with a full set of permissions.                          #
2025-01-29 22:12:52,470 INFO c.h.h.t.HelmChartContainer - [test-hivemq-platform] [hivemq] [30ced92d] # For production usage, add an appropriate security extension and remove the hivemq-allow-all extension.       #
2025-01-29 22:12:52,470 INFO c.h.h.t.HelmChartContainer - [test-hivemq-platform] [hivemq] [30ced92d] # You can download security extensions from the HiveMQ Marketplace (https://www.hivemq.com/extensions/).       #
2025-01-29 22:12:52,470 INFO c.h.h.t.HelmChartContainer - [test-hivemq-platform] [hivemq] [30ced92d] ################################################################################################################
2025-01-29 22:12:52,470 INFO c.h.h.t.HelmChartContainer - [test-hivemq-platform] [hivemq] [30ced92d] INFO  - Extension "Allow All Extension" version 1.1.1 started successfully.
2025-01-29 22:12:53,189 INFO c.h.h.t.HelmChartContainer - [hivemq-test-hivemq-platform] [hivemq-platform-operator] [60614892] 22:12:53.185 [pool-6-thread-31] DEBUG c.h.p.o.dependants.PodInfoConfigMap - [helmdata] Desired PodInfo ConfigMap (1 extensions) (1 enabled)
2025-01-29 22:12:53,189 INFO c.h.h.t.HelmChartContainer - [hivemq-test-hivemq-platform] [hivemq-platform-operator] [60614892] 22:12:53.185 [pool-6-thread-31] DEBUG c.h.p.o.dependants.PodInfoConfigMap - [helmdata] Desired PodInfo ConfigMap (metrics port: 9399) (metrics path: /)
2025-01-29 22:12:53,189 INFO c.h.h.t.HelmChartContainer - [hivemq-test-hivemq-platform] [hivemq-platform-operator] [60614892] 22:12:53.185 [pool-6-thread-31] DEBUG c.h.p.o.dependants.PodInfoConfigMap - [helmdata] Desired PodInfo ConfigMap (extension state hash: -1817474005)
2025-01-29 22:12:53,189 INFO c.h.h.t.HelmChartContainer - [hivemq-test-hivemq-platform] [hivemq-platform-operator] [60614892] 22:12:53.184 [pool-6-thread-37] DEBUG c.h.p.o.d.PlatformServiceResource - [helmdata] Desired Platform services (3 services)
2025-01-29 22:12:53,189 INFO c.h.h.t.HelmChartContainer - [hivemq-test-hivemq-platform] [hivemq-platform-operator] [60614892] 22:12:53.186 [pool-6-thread-36] DEBUG c.h.p.o.d.PodServiceAccountResource - [helmdata] Desired PodServiceAccountResource (serviceAccountName: hivemq-platform-pod-test-hivemq-platform)
2025-01-29 22:12:53,192 INFO c.h.h.t.HelmChartContainer - [hivemq-test-hivemq-platform] [hivemq-platform-operator] [60614892] 22:12:53.190 [pool-6-thread-37] DEBUG c.h.p.o.d.StatefulSetResource - [helmdata] Desired StatefulSet (1 replicas) for status STARTING (READY)
2025-01-29 22:12:53,194 INFO c.h.h.t.HelmChartContainer - [hivemq-test-hivemq-platform] [hivemq-platform-operator] [60614892] 22:12:53.193 [ReconcilerExecutor-hivemq-controller-113] INFO  c.h.p.o.HiveMQPlatformReconciler - [helmdata] Reconciling HiveMQ Platform 'test-hivemq-platform' in namespace 'helmdatahubit'
2025-01-29 22:12:53,194 INFO c.h.h.t.HelmChartContainer - [hivemq-test-hivemq-platform] [hivemq-platform-operator] [60614892] 22:12:53.193 [ReconcilerExecutor-hivemq-controller-113] DEBUG c.h.p.o.HiveMQPlatformReconciler - [helmdata] Custom Resource Status STARTING - HiveMQ Platform is starting (READY)
2025-01-29 22:12:53,194 INFO c.h.h.t.HelmChartContainer - [hivemq-test-hivemq-platform] [hivemq-platform-operator] [60614892] 22:12:53.193 [ReconcilerExecutor-hivemq-controller-113] DEBUG c.h.p.o.HiveMQPlatformReconciler - [helmdata] Custom Resource Spec (replicas: 1) (extensions: 1)
2025-01-29 22:12:53,196 INFO c.h.h.t.HelmChartContainer - [hivemq-test-hivemq-platform] [hivemq-platform-operator] [60614892] 22:12:53.195 [ReconcilerExecutor-hivemq-controller-113] DEBUG c.h.p.o.HiveMQPlatformReconciler - [helmdata] StatefulSet Status (revision: test-hivemq-platform-7bf9498d96, replicas: 1, available: 0, ready: 0, current: 1, updated: 1)
2025-01-29 22:12:53,198 INFO c.h.h.t.HelmChartContainer - [hivemq-test-hivemq-platform] [hivemq-platform-operator] [60614892] 22:12:53.195 [ReconcilerExecutor-hivemq-controller-113] DEBUG c.h.p.o.HiveMQPlatformReconciler - [helmdata] StatefulSet Spec (replicas: 1, init containers: 1, containers: 1, volumes: 3)
2025-01-29 22:12:53,198 INFO c.h.h.t.HelmChartContainer - [hivemq-test-hivemq-platform] [hivemq-platform-operator] [60614892] 22:12:53.196 [ReconcilerExecutor-hivemq-controller-113] DEBUG c.h.p.o.h.HiveMQPlatformReconcilerErrorHandler - [helmdata] Pod 'test-hivemq-platform-0' phase Running
2025-01-29 22:12:53,199 INFO c.h.h.t.HelmChartContainer - [hivemq-test-hivemq-platform] [hivemq-platform-operator] [60614892] 22:12:53.197 [ReconcilerExecutor-hivemq-controller-113] INFO  c.h.p.o.h.HiveMQPlatformReconcilerBaseHandler - [helmdata] HiveMQ Platform is starting, 0 of 1 replicas are ready
2025-01-29 22:12:53,567 INFO c.h.h.t.HelmChartContainer - [test-hivemq-platform] [hivemq] [30ced92d] INFO  - [HiveMQ Platform Operator Init App 1.7.0-SNAPSHOT] Returning Health API response 503 for readiness
2025-01-29 22:12:53,572 INFO c.h.h.t.HelmChartContainer - [EVENT] Warning [Unhealthy] Readiness probe failed: HTTP probe failed with statuscode: 503 [helmdatahubit:test-hivemq-platform-0]
2025-01-29 22:12:53,572 INFO c.h.h.t.HelmChartContainer - Received Unhealthy event for container hivemq in pod test-hivemq-platform-0 [30ced92d-bdc2-4dc7-b8f1-44fb00aaa14a]
2025-01-29 22:12:54,563 INFO c.h.h.t.HelmChartContainer - [test-hivemq-platform] [hivemq] [30ced92d] INFO  - f47qw: no members discovered after 2298 ms: creating cluster as first member
2025-01-29 22:12:54,569 INFO c.h.h.t.HelmChartContainer - [test-hivemq-platform] [hivemq] [30ced92d] INFO  - Cluster nodes found by discovery: [f47qw|0] (1) [f47qw].
2025-01-29 22:12:54,660 INFO c.h.h.t.HelmChartContainer - [test-hivemq-platform] [hivemq] [30ced92d] INFO  - Starting HiveMQ REST API on address 0.0.0.0 and port 8890
2025-01-29 22:12:55,071 INFO c.h.h.t.HelmChartContainer - [test-hivemq-platform] [hivemq] [30ced92d] INFO  - Started HiveMQ REST API in 411ms
2025-01-29 22:12:55,072 INFO c.h.h.t.HelmChartContainer - [test-hivemq-platform] [hivemq] [30ced92d] WARN  - No user for HiveMQ Control Center configured. Starting with default user
2025-01-29 22:12:55,073 INFO c.h.h.t.HelmChartContainer - [test-hivemq-platform] [hivemq] [30ced92d] INFO  - Starting HiveMQ Control Center on address 127.0.0.1 and port 8080
2025-01-29 22:12:55,073 INFO c.h.h.t.HelmChartContainer - [test-hivemq-platform] [hivemq] [30ced92d] INFO  - Mounting HiveMQ Control Center V2 Preview
2025-01-29 22:12:55,664 INFO c.h.h.t.HelmChartContainer - [test-hivemq-platform] [hivemq] [30ced92d] INFO  - Started HiveMQ Control Center in 593ms
2025-01-29 22:12:55,677 INFO c.h.h.t.HelmChartContainer - [test-hivemq-platform] [hivemq] [30ced92d] INFO  - Starting TCP listener on address 0.0.0.0 and port 1883
2025-01-29 22:12:55,768 INFO c.h.h.t.HelmChartContainer - [test-hivemq-platform] [hivemq] [30ced92d] INFO  - Started TCP Listener on address 0.0.0.0 and on port 1883.
2025-01-29 22:12:55,768 INFO c.h.h.t.HelmChartContainer - [test-hivemq-platform] [hivemq] [30ced92d] INFO  - Started HiveMQ in 31598ms
2025-01-29 22:12:58,086 INFO c.h.h.t.HelmChartContainer - [test-hivemq-platform] [hivemq] [30ced92d] INFO  - [HiveMQ Platform Operator Init App 1.7.0-SNAPSHOT] Returning Health API response 200 for readiness
2025-01-29 22:12:58,105 INFO c.h.h.t.HelmChartContainer - [POD] test-hivemq-platform-0 [30ced92d-bdc2-4dc7-b8f1-44fb00aaa14a] in helmdatahubit was MODIFIED
2025-01-29 22:12:58,115 INFO c.h.h.t.HelmChartContainer - [hivemq-test-hivemq-platform] [hivemq-platform-operator] [60614892] 22:12:58.106 [pool-6-thread-42] DEBUG c.h.p.o.d.PlatformServiceResource - [helmdata] Desired Platform services (3 services)
2025-01-29 22:12:58,115 INFO c.h.h.t.HelmChartContainer - [hivemq-test-hivemq-platform] [hivemq-platform-operator] [60614892] 22:12:58.107 [pool-6-thread-46] DEBUG c.h.p.o.dependants.PodInfoConfigMap - [helmdata] Desired PodInfo ConfigMap (1 extensions) (1 enabled)
2025-01-29 22:12:58,115 INFO c.h.h.t.HelmChartContainer - [hivemq-test-hivemq-platform] [hivemq-platform-operator] [60614892] 22:12:58.107 [pool-6-thread-44] DEBUG c.h.p.o.d.PodServiceAccountResource - [helmdata] Desired PodServiceAccountResource (serviceAccountName: hivemq-platform-pod-test-hivemq-platform)
2025-01-29 22:12:58,115 INFO c.h.h.t.HelmChartContainer - [hivemq-test-hivemq-platform] [hivemq-platform-operator] [60614892] 22:12:58.107 [pool-6-thread-46] DEBUG c.h.p.o.dependants.PodInfoConfigMap - [helmdata] Desired PodInfo ConfigMap (metrics port: 9399) (metrics path: /)
2025-01-29 22:12:58,115 INFO c.h.h.t.HelmChartContainer - [hivemq-test-hivemq-platform] [hivemq-platform-operator] [60614892] 22:12:58.107 [pool-6-thread-46] DEBUG c.h.p.o.dependants.PodInfoConfigMap - [helmdata] Desired PodInfo ConfigMap (extension state hash: -1817474005)
2025-01-29 22:12:58,150 INFO c.h.h.t.HelmChartContainer - [hivemq-test-hivemq-platform] [hivemq-platform-operator] [60614892] 22:12:58.149 [pool-6-thread-42] DEBUG c.h.p.o.d.StatefulSetResource - [helmdata] Desired StatefulSet (1 replicas) for status STARTING (READY)
2025-01-29 22:12:58,153 INFO c.h.h.t.HelmChartContainer - [hivemq-test-hivemq-platform] [hivemq-platform-operator] [60614892] 22:12:58.152 [ReconcilerExecutor-hivemq-controller-114] INFO  c.h.p.o.HiveMQPlatformReconciler - [helmdata] Reconciling HiveMQ Platform 'test-hivemq-platform' in namespace 'helmdatahubit'
2025-01-29 22:12:58,153 INFO c.h.h.t.HelmChartContainer - [hivemq-test-hivemq-platform] [hivemq-platform-operator] [60614892] 22:12:58.152 [ReconcilerExecutor-hivemq-controller-114] DEBUG c.h.p.o.HiveMQPlatformReconciler - [helmdata] Custom Resource Status STARTING - HiveMQ Platform is starting (READY)
2025-01-29 22:12:58,153 INFO c.h.h.t.HelmChartContainer - [hivemq-test-hivemq-platform] [hivemq-platform-operator] [60614892] 22:12:58.152 [ReconcilerExecutor-hivemq-controller-114] DEBUG c.h.p.o.HiveMQPlatformReconciler - [helmdata] Custom Resource Spec (replicas: 1) (extensions: 1)
2025-01-29 22:12:58,205 INFO c.h.h.t.HelmChartContainer - [hivemq-test-hivemq-platform] [hivemq-platform-operator] [60614892] 22:12:58.202 [ReconcilerExecutor-hivemq-controller-114] DEBUG c.h.p.o.HiveMQPlatformReconciler - [helmdata] StatefulSet Status (revision: test-hivemq-platform-7bf9498d96, replicas: 1, available: 1, ready: 1, current: 1, updated: 1)
2025-01-29 22:12:58,205 INFO c.h.h.t.HelmChartContainer - [hivemq-test-hivemq-platform] [hivemq-platform-operator] [60614892] 22:12:58.202 [ReconcilerExecutor-hivemq-controller-114] DEBUG c.h.p.o.HiveMQPlatformReconciler - [helmdata] StatefulSet Spec (replicas: 1, init containers: 1, containers: 1, volumes: 3)
2025-01-29 22:12:58,205 INFO c.h.h.t.HelmChartContainer - [hivemq-test-hivemq-platform] [hivemq-platform-operator] [60614892] 22:12:58.204 [ReconcilerExecutor-hivemq-controller-114] DEBUG c.h.p.o.h.HiveMQPlatformReconcilerErrorHandler - [helmdata] Pod 'test-hivemq-platform-0' phase Running
2025-01-29 22:12:58,206 INFO c.h.h.t.HelmChartContainer - [hivemq-test-hivemq-platform] [hivemq-platform-operator] [60614892] 22:12:58.205 [ReconcilerExecutor-hivemq-controller-114] INFO  c.h.p.o.h.HiveMQPlatformReconcilerBaseHandler - [helmdata] HiveMQ Platform started successfully
2025-01-29 22:12:58,307 INFO c.h.h.t.HelmChartContainer - [hivemq-test-hivemq-platform] [hivemq-platform-operator] [60614892] 22:12:58.306 [ReconcilerExecutor-hivemq-controller-114] DEBUG c.h.p.operator.event.EventSender - [helmdata] Creating K8s event hivemq-platform-ready: [Ready] HiveMQ Platform is ready
2025-01-29 22:12:58,311 INFO c.h.h.t.HelmChartContainer - [EVENT] Normal [Ready] HiveMQ Platform is ready [helmdatahubit:test-hivemq-platform]
2025-01-29 22:12:58,314 INFO c.h.h.t.HelmChartContainer - [hivemq-test-hivemq-platform] [hivemq-platform-operator] [60614892] 22:12:58.310 [ReconcilerExecutor-hivemq-controller-114] INFO  c.h.p.o.h.AbstractHiveMQReconcilerStateHandler - [helmdata] Update HiveMQ Platform Status (STARTING [READY] -> RUNNING [READY]): HiveMQ Platform is ready
2025-01-29 22:12:58,320 DEBUG com.hivemq.helmcharts.util.K8sUtil - Comparing actual state 'RUNNING' and waiting for 'RUNNING'
2025-01-29 22:12:58,326 INFO c.h.h.t.HelmChartContainer - [hivemq-test-hivemq-platform] [hivemq-platform-operator] [60614892] 22:12:58.324 [pool-6-thread-8] DEBUG c.h.p.o.d.PlatformServiceResource - [helmdata] Desired Platform services (3 services)
2025-01-29 22:12:58,326 INFO c.h.h.t.HelmChartContainer - [hivemq-test-hivemq-platform] [hivemq-platform-operator] [60614892] 22:12:58.325 [pool-6-thread-7] DEBUG c.h.p.o.dependants.PodInfoConfigMap - [helmdata] Desired PodInfo ConfigMap (1 extensions) (1 enabled)
2025-01-29 22:12:58,352 INFO c.h.h.t.HelmChartContainer - [hivemq-test-hivemq-platform] [hivemq-platform-operator] [60614892] 22:12:58.348 [pool-6-thread-7] DEBUG c.h.p.o.dependants.PodInfoConfigMap - [helmdata] Desired PodInfo ConfigMap (metrics port: 9399) (metrics path: /)
2025-01-29 22:12:58,352 INFO c.h.h.t.HelmChartContainer - [hivemq-test-hivemq-platform] [hivemq-platform-operator] [60614892] 22:12:58.348 [pool-6-thread-7] DEBUG c.h.p.o.dependants.PodInfoConfigMap - [helmdata] Desired PodInfo ConfigMap (extension state hash: -1817474005)
2025-01-29 22:12:58,352 INFO c.h.h.t.HelmChartContainer - [hivemq-test-hivemq-platform] [hivemq-platform-operator] [60614892] 22:12:58.348 [pool-6-thread-7] DEBUG c.h.p.o.dependants.PodInfoConfigMap - [helmdata] Update PodInfo ConfigMap
2025-01-29 22:12:58,352 INFO c.h.h.t.HelmChartContainer - [hivemq-test-hivemq-platform] [hivemq-platform-operator] [60614892] 22:12:58.346 [pool-6-thread-6] DEBUG c.h.p.o.d.PodServiceAccountResource - [helmdata] Desired PodServiceAccountResource (serviceAccountName: hivemq-platform-pod-test-hivemq-platform)
2025-01-29 22:12:58,423 INFO c.h.h.t.HelmChartContainer - [hivemq-test-hivemq-platform] [hivemq-platform-operator] [60614892] 22:12:58.419 [pool-6-thread-7] DEBUG c.h.p.o.d.StatefulSetResource - [helmdata] Desired StatefulSet (1 replicas) for status RUNNING (READY)
2025-01-29 22:12:58,455 INFO c.h.h.t.HelmChartContainer - [hivemq-test-hivemq-platform] [hivemq-platform-operator] [60614892] 22:12:58.451 [ReconcilerExecutor-hivemq-controller-115] INFO  c.h.p.o.HiveMQPlatformReconciler - [helmdata] Reconciling HiveMQ Platform 'test-hivemq-platform' in namespace 'helmdatahubit'
2025-01-29 22:12:58,456 INFO c.h.h.t.HelmChartContainer - [hivemq-test-hivemq-platform] [hivemq-platform-operator] [60614892] 22:12:58.451 [ReconcilerExecutor-hivemq-controller-115] DEBUG c.h.p.o.HiveMQPlatformReconciler - [helmdata] Custom Resource Status RUNNING - HiveMQ Platform is ready (READY)
2025-01-29 22:12:58,456 INFO c.h.h.t.HelmChartContainer - [hivemq-test-hivemq-platform] [hivemq-platform-operator] [60614892] 22:12:58.451 [ReconcilerExecutor-hivemq-controller-115] DEBUG c.h.p.o.HiveMQPlatformReconciler - [helmdata] Custom Resource Spec (replicas: 1) (extensions: 1)
2025-01-29 22:12:58,510 INFO c.h.h.t.HelmChartContainer - [hivemq-test-hivemq-platform] [hivemq-platform-operator] [60614892] 22:12:58.502 [ReconcilerExecutor-hivemq-controller-115] DEBUG c.h.p.o.HiveMQPlatformReconciler - [helmdata] StatefulSet Status (revision: test-hivemq-platform-7bf9498d96, replicas: 1, available: 1, ready: 1, current: 1, updated: 1)
2025-01-29 22:12:58,512 INFO c.h.h.t.HelmChartContainer - [hivemq-test-hivemq-platform] [hivemq-platform-operator] [60614892] 22:12:58.503 [ReconcilerExecutor-hivemq-controller-115] DEBUG c.h.p.o.HiveMQPlatformReconciler - [helmdata] StatefulSet Spec (replicas: 1, init containers: 1, containers: 1, volumes: 3)
2025-01-29 22:12:58,512 INFO c.h.h.t.HelmChartContainer - [hivemq-test-hivemq-platform] [hivemq-platform-operator] [60614892] 22:12:58.506 [ReconcilerExecutor-hivemq-controller-115] DEBUG c.h.p.o.h.HiveMQPlatformReconcilerErrorHandler - [helmdata] Pod 'test-hivemq-platform-0' phase Running
2025-01-29 22:13:00,569 INFO c.h.h.t.HelmChartContainer - Uninstalling release 'test-hivemq-platform' in namespace 'helmdatahubit'...
2025-01-29 22:13:00,570 DEBUG c.h.h.t.HelmChartContainer - Executing helm command: /bin/helm --kubeconfig /etc/rancher/k3s/k3s.yaml uninstall test-hivemq-platform  --wait --timeout 5m0s --cascade foreground --namespace helmdatahubit
2025-01-29 22:13:00,762 INFO c.h.h.t.HelmChartContainer - [hivemq-test-hivemq-platform] [hivemq-platform-operator] [60614892] 22:13:00.758 [pool-6-thread-11] DEBUG c.h.p.o.d.PodServiceAccountResource - [helmdata] Desired PodServiceAccountResource (serviceAccountName: hivemq-platform-pod-test-hivemq-platform)
2025-01-29 22:13:00,765 INFO c.h.h.t.HelmChartContainer - [hivemq-test-hivemq-platform] [hivemq-platform-operator] [60614892] 22:13:00.760 [pool-6-thread-14] DEBUG c.h.p.o.d.PlatformServiceResource - [helmdata] Desired Platform services (3 services)
2025-01-29 22:13:00,765 INFO c.h.h.t.HelmChartContainer - [hivemq-test-hivemq-platform] [hivemq-platform-operator] [60614892] 22:13:00.760 [pool-6-thread-16] DEBUG c.h.p.o.dependants.PodInfoConfigMap - [helmdata] Desired PodInfo ConfigMap (1 extensions) (1 enabled)
2025-01-29 22:13:00,765 INFO c.h.h.t.HelmChartContainer - [hivemq-test-hivemq-platform] [hivemq-platform-operator] [60614892] 22:13:00.760 [pool-6-thread-16] DEBUG c.h.p.o.dependants.PodInfoConfigMap - [helmdata] Desired PodInfo ConfigMap (metrics port: 9399) (metrics path: /)
2025-01-29 22:13:00,765 INFO c.h.h.t.HelmChartContainer - [hivemq-test-hivemq-platform] [hivemq-platform-operator] [60614892] 22:13:00.760 [pool-6-thread-16] DEBUG c.h.p.o.dependants.PodInfoConfigMap - [helmdata] Desired PodInfo ConfigMap (extension state hash: -1817474005)
2025-01-29 22:13:00,776 INFO c.h.h.t.HelmChartContainer - [hivemq-test-hivemq-platform] [hivemq-platform-operator] [60614892] 22:13:00.772 [pool-6-thread-14] DEBUG c.h.p.o.d.StatefulSetResource - [helmdata] Desired StatefulSet (1 replicas) for status RUNNING (READY)
2025-01-29 22:13:00,852 INFO c.h.h.t.HelmChartContainer - [hivemq-test-hivemq-platform] [hivemq-platform-operator] [60614892] 22:13:00.850 [ReconcilerExecutor-hivemq-controller-116] INFO  c.h.p.o.HiveMQPlatformReconciler - [helmdata] Reconciling HiveMQ Platform 'test-hivemq-platform' in namespace 'helmdatahubit'
2025-01-29 22:13:00,853 INFO c.h.h.t.HelmChartContainer - [hivemq-test-hivemq-platform] [hivemq-platform-operator] [60614892] 22:13:00.850 [ReconcilerExecutor-hivemq-controller-116] DEBUG c.h.p.o.HiveMQPlatformReconciler - [helmdata] Custom Resource Status RUNNING - HiveMQ Platform is ready (READY)
2025-01-29 22:13:00,853 INFO c.h.h.t.HelmChartContainer - [hivemq-test-hivemq-platform] [hivemq-platform-operator] [60614892] 22:13:00.850 [ReconcilerExecutor-hivemq-controller-116] DEBUG c.h.p.o.HiveMQPlatformReconciler - [helmdata] Custom Resource Spec (replicas: 1) (extensions: 1)
2025-01-29 22:13:00,860 INFO c.h.h.t.HelmChartContainer - [hivemq-test-hivemq-platform] [hivemq-platform-operator] [60614892] 22:13:00.857 [ReconcilerExecutor-hivemq-controller-116] DEBUG c.h.p.o.HiveMQPlatformReconciler - [helmdata] StatefulSet Status (revision: test-hivemq-platform-7bf9498d96, replicas: 1, available: 1, ready: 1, current: 1, updated: 1)
2025-01-29 22:13:00,861 INFO c.h.h.t.HelmChartContainer - [hivemq-test-hivemq-platform] [hivemq-platform-operator] [60614892] 22:13:00.858 [ReconcilerExecutor-hivemq-controller-116] DEBUG c.h.p.o.HiveMQPlatformReconciler - [helmdata] StatefulSet Spec (replicas: 1, init containers: 1, containers: 1, volumes: 3)
2025-01-29 22:13:00,864 INFO c.h.h.t.HelmChartContainer - [hivemq-test-hivemq-platform] [hivemq-platform-operator] [60614892] 22:13:00.863 [ReconcilerExecutor-hivemq-controller-116] DEBUG c.h.p.o.h.HiveMQPlatformReconcilerErrorHandler - [helmdata] Pod 'test-hivemq-platform-0' phase Running
2025-01-29 22:13:00,903 INFO c.h.h.t.HelmChartContainer - [hivemq-test-hivemq-platform] [hivemq-platform-operator] [60614892] 22:13:00.902 [ReconcilerExecutor-hivemq-controller-116] DEBUG c.h.p.o.HiveMQPlatformReconciler - [helmdata] PodInfoConfigMap is not ready yet
2025-01-29 22:13:00,949 INFO c.h.h.t.HelmChartContainer - [hivemq-test-hivemq-platform] [hivemq-platform-operator] [60614892] 22:13:00.948 [ReconcilerExecutor-hivemq-controller-120] INFO  c.h.p.o.HiveMQPlatformReconciler - [helmdata] Cleanup test-hivemq-platform - helmdatahubit HiveMQ Platform is shut down
2025-01-29 22:13:01,373 INFO c.h.h.t.HelmChartContainer - [POD] test-hivemq-platform-0 [30ced92d-bdc2-4dc7-b8f1-44fb00aaa14a] in helmdatahubit was MODIFIED
2025-01-29 22:13:01,377 INFO c.h.h.t.HelmChartContainer - [EVENT] Normal [Killing] Stopping container hivemq [helmdatahubit:test-hivemq-platform-0]
2025-01-29 22:13:01,377 INFO c.h.h.t.HelmChartContainer - Received Killing event for container hivemq in pod test-hivemq-platform-0 [30ced92d-bdc2-4dc7-b8f1-44fb00aaa14a]
2025-01-29 22:13:01,377 INFO c.h.h.t.HelmChartContainer - Container [test-hivemq-platform-0] [hivemq] [30ced92d-bdc2-4dc7-b8f1-44fb00aaa14a] was terminated
2025-01-29 22:13:01,378 INFO c.h.h.t.HelmChartContainer - Stopped log watcher for hivemq in pod test-hivemq-platform-0 [30ced92d-bdc2-4dc7-b8f1-44fb00aaa14a]
2025-01-29 22:13:01,388 INFO c.h.h.t.HelmChartContainer - [test-hivemq-platform] [hivemq] [30ced92d] INFO  - [HiveMQ Platform Operator Init App 1.7.0-SNAPSHOT] Shutting down
2025-01-29 22:13:01,389 INFO c.h.h.t.HelmChartContainer - [test-hivemq-platform] [hivemq] [30ced92d] INFO  - [HiveMQ Platform Operator Init App 1.7.0-SNAPSHOT] Stopping the HiveMQ Platform
2025-01-29 22:13:01,560 INFO c.h.h.t.HelmChartContainer - [test-hivemq-platform] [hivemq] [30ced92d] INFO  - Shutting down HiveMQ. Please wait, this could take a while...
2025-01-29 22:13:01,570 INFO c.h.h.t.HelmChartContainer - [test-hivemq-platform] [hivemq] [30ced92d] INFO  - Shutting down listeners and clients
2025-01-29 22:13:01,571 INFO c.h.h.t.HelmChartContainer - [test-hivemq-platform] [hivemq] [30ced92d] INFO  - Shutdown of listeners is done
2025-01-29 22:13:01,571 INFO c.h.h.t.HelmChartContainer - [test-hivemq-platform] [hivemq] [30ced92d] INFO  - No clients are connected, proceeding with shutdown
2025-01-29 22:13:02,808 INFO c.h.h.t.HelmChartContainer - Deleting namespace 'helmdatahubit'...
2025-01-29 22:13:03,081 INFO c.h.h.t.HelmChartContainer - [test-hivemq-platform] [hivemq] [30ced92d] INFO  - [HiveMQ Platform Operator Init App 1.7.0-SNAPSHOT] Returning shutdown Health API response 503 for readiness
2025-01-29 22:13:03,085 INFO c.h.h.t.HelmChartContainer - [EVENT] Warning [Unhealthy] Readiness probe failed: HTTP probe failed with statuscode: 503 [helmdatahubit:test-hivemq-platform-0]
2025-01-29 22:13:03,085 INFO c.h.h.t.HelmChartContainer - Received Unhealthy event for container hivemq in pod test-hivemq-platform-0 [30ced92d-bdc2-4dc7-b8f1-44fb00aaa14a]
2025-01-29 22:13:03,474 INFO c.h.h.t.HelmChartContainer - [K3S] [authentication.go:74] "Unable to authenticate the request" err="[invalid bearer token, serviceaccounts \"hivemq-platform-pod-test-hivemq-platform\" not found]"
2025-01-29 22:13:03,492 INFO c.h.h.t.HelmChartContainer - [K3S] [authentication.go:74] "Unable to authenticate the request" err="[invalid bearer token, serviceaccounts \"hivemq-platform-pod-test-hivemq-platform\" not found]"
2025-01-29 22:13:03,556 INFO c.h.h.t.HelmChartContainer - [test-hivemq-platform] [hivemq] [30ced92d] WARN  - [HiveMQ Platform Operator Init App 1.7.0-SNAPSHOT] Could not update Pod annotations: Failure executing: GET at: https://10.43.0.1:443/api/v1/namespaces/helmdatahubit/pods/test-hivemq-platform-0. Message: Unauthorized. Received status: Status(apiVersion=v1, code=401, details=null, kind=Status, message=Unauthorized, metadata=ListMeta(_continue=null, remainingItemCount=null, resourceVersion=null, selfLink=null, additionalProperties={}), reason=Unauthorized, status=Failure, additionalProperties={}).
2025-01-29 22:13:04,863 INFO c.h.h.t.HelmChartContainer - [test-hivemq-platform] [hivemq] [30ced92d] INFO  - Shutting down extension system
2025-01-29 22:13:04,865 INFO c.h.h.t.HelmChartContainer - [test-hivemq-platform] [hivemq] [30ced92d] INFO  - Stopping extension with id hivemq-dns-cluster-discovery
2025-01-29 22:13:04,866 INFO c.h.h.t.HelmChartContainer - [test-hivemq-platform] [hivemq] [30ced92d] INFO  - Extension "DNS Cluster Discovery Extension" version 4.3.2 stopped successfully.
2025-01-29 22:13:04,866 INFO c.h.h.t.HelmChartContainer - [test-hivemq-platform] [hivemq] [30ced92d] INFO  - Stopping extension with id hivemq-prometheus-extension
2025-01-29 22:13:04,870 INFO c.h.h.t.HelmChartContainer - [test-hivemq-platform] [hivemq] [30ced92d] INFO  - Extension "Prometheus Monitoring Extension" version 4.0.12 stopped successfully.
2025-01-29 22:13:04,870 INFO c.h.h.t.HelmChartContainer - [test-hivemq-platform] [hivemq] [30ced92d] INFO  - Stopping extension with id hivemq-allow-all-extension
2025-01-29 22:13:04,870 INFO c.h.h.t.HelmChartContainer - [test-hivemq-platform] [hivemq] [30ced92d] INFO  - Extension "Allow All Extension" version 1.1.1 stopped successfully.
2025-01-29 22:13:07,144 INFO c.h.h.t.HelmChartContainer - [test-hivemq-platform] [hivemq] [30ced92d] INFO  - Shutdown completed.
2025-01-29 22:13:07,494 INFO c.h.h.t.HelmChartContainer - [test-hivemq-platform] [hivemq] [30ced92d] INFO  - [HiveMQ Platform Operator Init App 1.7.0-SNAPSHOT] The HiveMQ Platform exited with code 143
2025-01-29 22:13:07,494 INFO c.h.h.t.HelmChartContainer - [test-hivemq-platform] [hivemq] [30ced92d] INFO  - [HiveMQ Platform Operator Init App 1.7.0-SNAPSHOT] Stopping the REST API
2025-01-29 22:13:07,500 INFO c.h.h.t.HelmChartContainer - [test-hivemq-platform] [hivemq] [30ced92d] INFO  - [HiveMQ Platform Operator Init App 1.7.0-SNAPSHOT] Shutdown complete
2025-01-29 22:13:07,974 INFO c.h.h.t.HelmChartContainer - [K3S] [stateful_set.go:466] "StatefulSet has been deleted" key="helmdatahubit/test-hivemq-platform"
2025-01-29 22:13:07,978 INFO c.h.h.t.HelmChartContainer - [POD] test-hivemq-platform-0 [30ced92d-bdc2-4dc7-b8f1-44fb00aaa14a] in helmdatahubit was MODIFIED
2025-01-29 22:13:08,104 INFO c.h.h.t.HelmChartContainer - [K3S] [reconciler_common.go:162] "operationExecutor.UnmountVolume started for volume \"pod-info\" (UniqueName: \"kubernetes.io/configmap/30ced92d-bdc2-4dc7-b8f1-44fb00aaa14a-pod-info\") pod \"30ced92d-bdc2-4dc7-b8f1-44fb00aaa14a\" (UID: \"30ced92d-bdc2-4dc7-b8f1-44fb00aaa14a\") "
2025-01-29 22:13:08,104 INFO c.h.h.t.HelmChartContainer - [K3S] [reconciler_common.go:162] "operationExecutor.UnmountVolume started for volume \"broker-configuration\" (UniqueName: \"kubernetes.io/configmap/30ced92d-bdc2-4dc7-b8f1-44fb00aaa14a-broker-configuration\") pod \"30ced92d-bdc2-4dc7-b8f1-44fb00aaa14a\" (UID: \"30ced92d-bdc2-4dc7-b8f1-44fb00aaa14a\") "
2025-01-29 22:13:08,104 INFO c.h.h.t.HelmChartContainer - [K3S] [reconciler_common.go:162] "operationExecutor.UnmountVolume started for volume \"operator-init\" (UniqueName: \"kubernetes.io/empty-dir/30ced92d-bdc2-4dc7-b8f1-44fb00aaa14a-operator-init\") pod \"30ced92d-bdc2-4dc7-b8f1-44fb00aaa14a\" (UID: \"30ced92d-bdc2-4dc7-b8f1-44fb00aaa14a\") "
2025-01-29 22:13:08,104 INFO c.h.h.t.HelmChartContainer - [K3S] [reconciler_common.go:162] "operationExecutor.UnmountVolume started for volume \"kube-api-access-bxsxp\" (UniqueName: \"kubernetes.io/projected/30ced92d-bdc2-4dc7-b8f1-44fb00aaa14a-kube-api-access-bxsxp\") pod \"30ced92d-bdc2-4dc7-b8f1-44fb00aaa14a\" (UID: \"30ced92d-bdc2-4dc7-b8f1-44fb00aaa14a\") "
2025-01-29 22:13:08,204 INFO c.h.h.t.HelmChartContainer - [K3S] [reconciler_common.go:299] "Volume detached for volume \"kube-api-access-bxsxp\" (UniqueName: \"kubernetes.io/projected/30ced92d-bdc2-4dc7-b8f1-44fb00aaa14a-kube-api-access-bxsxp\") on node \"981f98d14cb3\" DevicePath \"\""
2025-01-29 22:13:08,204 INFO c.h.h.t.HelmChartContainer - [K3S] [reconciler_common.go:299] "Volume detached for volume \"operator-init\" (UniqueName: \"kubernetes.io/empty-dir/30ced92d-bdc2-4dc7-b8f1-44fb00aaa14a-operator-init\") on node \"981f98d14cb3\" DevicePath \"\""
2025-01-29 22:13:08,204 INFO c.h.h.t.HelmChartContainer - [K3S] [reconciler_common.go:299] "Volume detached for volume \"broker-configuration\" (UniqueName: \"kubernetes.io/configmap/30ced92d-bdc2-4dc7-b8f1-44fb00aaa14a-broker-configuration\") on node \"981f98d14cb3\" DevicePath \"\""
2025-01-29 22:13:08,204 INFO c.h.h.t.HelmChartContainer - [K3S] [reconciler_common.go:299] "Volume detached for volume \"pod-info\" (UniqueName: \"kubernetes.io/configmap/30ced92d-bdc2-4dc7-b8f1-44fb00aaa14a-pod-info\") on node \"981f98d14cb3\" DevicePath \"\""
2025-01-29 22:13:08,371 INFO c.h.h.t.HelmChartContainer - [K3S] [scope.go:117] "RemoveContainer" containerID="11479991678ab81c9172816637e56c5b911d75a1aa9173af257f2459c1cc6950"
2025-01-29 22:13:08,390 INFO c.h.h.t.HelmChartContainer - [POD] test-hivemq-platform-0 [30ced92d-bdc2-4dc7-b8f1-44fb00aaa14a] in helmdatahubit was MODIFIED
2025-01-29 22:13:08,392 INFO c.h.h.t.HelmChartContainer - [POD] test-hivemq-platform-0 [30ced92d-bdc2-4dc7-b8f1-44fb00aaa14a] in helmdatahubit was DELETED
2025-01-29 22:13:08,477 INFO c.h.h.t.HelmChartContainer - [K3S] [scope.go:117] "RemoveContainer" containerID="418e4496a2c5beff2cda9f32f4b9ea8151d24a7f6172320f8e8dc59562e6c1f0"
2025-01-29 22:13:08,480 INFO c.h.h.t.HelmChartContainer - [K3S] [scope.go:117] "RemoveContainer" containerID="11479991678ab81c9172816637e56c5b911d75a1aa9173af257f2459c1cc6950"
2025-01-29 22:13:08,480 INFO c.h.h.t.HelmChartContainer - [K3S] [scope.go:117] "RemoveContainer" containerID="418e4496a2c5beff2cda9f32f4b9ea8151d24a7f6172320f8e8dc59562e6c1f0"
2025-01-29 22:13:10,213 INFO c.h.h.t.HelmChartContainer - [K3S] [kubelet_volumes.go:163] "Cleaned up orphaned pod volumes dir" podUID="30ced92d-bdc2-4dc7-b8f1-44fb00aaa14a" path="/var/lib/kubelet/pods/30ced92d-bdc2-4dc7-b8f1-44fb00aaa14a/volumes"
2025-01-29 22:13:13,243 INFO c.h.h.t.HelmChartContainer - Namespace 'helmdatahubit' deleted
2025-01-29 22:13:13,243 INFO c.h.h.t.HelmChartContainer - Release 'test-hivemq-platform' in namespace 'helmdatahubit' is uninstalled
2025-01-29 22:13:13,243 INFO c.h.h.t.HelmChartContainer - Uninstalling release 'test-hivemq-platform-operator' in namespace 'helmdatahubit-operator'...
2025-01-29 22:13:13,243 DEBUG c.h.h.t.HelmChartContainer - Executing helm command: /bin/helm --kubeconfig /etc/rancher/k3s/k3s.yaml uninstall test-hivemq-platform-operator  --wait --timeout 5m0s --cascade foreground --namespace helmdatahubit-operator
2025-01-29 22:13:13,406 INFO c.h.h.t.HelmChartContainer - [K3S] [replica_set.go:679] "Finished syncing" kind="ReplicaSet" key="helmdatahubit-operator/hivemq-test-hivemq-platform-operator-6966f96d65" duration="9.125101ms"
2025-01-29 22:13:13,407 INFO c.h.h.t.HelmChartContainer - [K3S] [replica_set.go:679] "Finished syncing" kind="ReplicaSet" key="helmdatahubit-operator/hivemq-test-hivemq-platform-operator-6966f96d65" duration="32.541µs"
2025-01-29 22:13:13,416 INFO c.h.h.t.HelmChartContainer - [POD] hivemq-test-hivemq-platform-operator-6966f96d65-srdpv [60614892-9a36-4237-8fb0-39cf4165bc17] in helmdatahubit-operator was MODIFIED
2025-01-29 22:13:13,430 INFO c.h.h.t.HelmChartContainer - [EVENT] Normal [Killing] Stopping container hivemq-platform-operator [helmdatahubit-operator:hivemq-test-hivemq-platform-operator-6966f96d65-srdpv]
2025-01-29 22:13:13,430 INFO c.h.h.t.HelmChartContainer - Received Killing event for container hivemq-platform-operator in pod hivemq-test-hivemq-platform-operator-6966f96d65-srdpv [60614892-9a36-4237-8fb0-39cf4165bc17]
2025-01-29 22:13:13,430 INFO c.h.h.t.HelmChartContainer - Container [hivemq-test-hivemq-platform-operator-6966f96d65-srdpv] [hivemq-platform-operator] [60614892-9a36-4237-8fb0-39cf4165bc17] was terminated
2025-01-29 22:13:13,430 INFO c.h.h.t.HelmChartContainer - Stopped log watcher for hivemq-platform-operator in pod hivemq-test-hivemq-platform-operator-6966f96d65-srdpv [60614892-9a36-4237-8fb0-39cf4165bc17]
2025-01-29 22:13:13,433 INFO c.h.h.t.HelmChartContainer - [hivemq-test-hivemq-platform] [hivemq-platform-operator] [60614892] 22:13:13.431 [application-shutdown-thread] INFO  c.h.p.o.HiveMQPlatformOperatorApplication - HiveMQ Platform Operator is stopping...
2025-01-29 22:13:13,433 INFO c.h.h.t.HelmChartContainer - [hivemq-test-hivemq-platform] [hivemq-platform-operator] [60614892] 22:13:13.431 [application-shutdown-thread] INFO  i.javaoperatorsdk.operator.Operator - Operator SDK 4.9.7 is shutting down...
2025-01-29 22:13:13,434 INFO c.h.h.t.HelmChartContainer - [K3S] [replica_set.go:679] "Finished syncing" kind="ReplicaSet" key="helmdatahubit-operator/hivemq-test-hivemq-platform-operator-6966f96d65" duration="16.271008ms"
2025-01-29 22:13:13,434 INFO c.h.h.t.HelmChartContainer - [K3S] [replica_set.go:679] "Finished syncing" kind="ReplicaSet" key="helmdatahubit-operator/hivemq-test-hivemq-platform-operator-6966f96d65" duration="673.997µs"
2025-01-29 22:13:14,040 INFO c.h.h.t.HelmChartContainer - [K3S] [replica_set.go:679] "Finished syncing" kind="ReplicaSet" key="helmdatahubit-operator/hivemq-test-hivemq-platform-operator-6966f96d65" duration="82.553µs"
2025-01-29 22:13:14,041 INFO c.h.h.t.HelmChartContainer - [POD] hivemq-test-hivemq-platform-operator-6966f96d65-srdpv [60614892-9a36-4237-8fb0-39cf4165bc17] in helmdatahubit-operator was MODIFIED
2025-01-29 22:13:14,136 INFO c.h.h.t.HelmChartContainer - [K3S] [reconciler_common.go:162] "operationExecutor.UnmountVolume started for volume \"kube-api-access-knbd8\" (UniqueName: \"kubernetes.io/projected/60614892-9a36-4237-8fb0-39cf4165bc17-kube-api-access-knbd8\") pod \"60614892-9a36-4237-8fb0-39cf4165bc17\" (UID: \"60614892-9a36-4237-8fb0-39cf4165bc17\") "
2025-01-29 22:13:14,236 INFO c.h.h.t.HelmChartContainer - [K3S] [reconciler_common.go:299] "Volume detached for volume \"kube-api-access-knbd8\" (UniqueName: \"kubernetes.io/projected/60614892-9a36-4237-8fb0-39cf4165bc17-kube-api-access-knbd8\") on node \"981f98d14cb3\" DevicePath \"\""
2025-01-29 22:13:14,382 INFO c.h.h.t.HelmChartContainer - [K3S] [scope.go:117] "RemoveContainer" containerID="e6be82a60ed62759aaf66e85a7b76b4c5ff874f10cf45977a5066151af67297d"
2025-01-29 22:13:14,385 INFO c.h.h.t.HelmChartContainer - [K3S] [scope.go:117] "RemoveContainer" containerID="e6be82a60ed62759aaf66e85a7b76b4c5ff874f10cf45977a5066151af67297d"
2025-01-29 22:13:14,391 INFO c.h.h.t.HelmChartContainer - [K3S] [replica_set.go:679] "Finished syncing" kind="ReplicaSet" key="helmdatahubit-operator/hivemq-test-hivemq-platform-operator-6966f96d65" duration="59.781µs"
2025-01-29 22:13:14,392 INFO c.h.h.t.HelmChartContainer - [POD] hivemq-test-hivemq-platform-operator-6966f96d65-srdpv [60614892-9a36-4237-8fb0-39cf4165bc17] in helmdatahubit-operator was MODIFIED
2025-01-29 22:13:14,393 INFO c.h.h.t.HelmChartContainer - [K3S] [replica_set.go:679] "Finished syncing" kind="ReplicaSet" key="helmdatahubit-operator/hivemq-test-hivemq-platform-operator-6966f96d65" duration="32.08µs"
2025-01-29 22:13:14,396 INFO c.h.h.t.HelmChartContainer - [POD] hivemq-test-hivemq-platform-operator-6966f96d65-srdpv [60614892-9a36-4237-8fb0-39cf4165bc17] in helmdatahubit-operator was DELETED
2025-01-29 22:13:14,406 INFO c.h.h.t.HelmChartContainer - [K3S] [replica_set.go:679] "Finished syncing" kind="ReplicaSet" key="helmdatahubit-operator/hivemq-test-hivemq-platform-operator-6966f96d65" duration="6.232µs"
2025-01-29 22:13:15,440 INFO c.h.h.t.HelmChartContainer - Deleting namespace 'helmdatahubit-operator'...
2025-01-29 22:13:16,213 INFO c.h.h.t.HelmChartContainer - [K3S] [kubelet_volumes.go:163] "Cleaned up orphaned pod volumes dir" podUID="60614892-9a36-4237-8fb0-39cf4165bc17" path="/var/lib/kubelet/pods/60614892-9a36-4237-8fb0-39cf4165bc17/volumes"
2025-01-29 22:13:18,158 INFO c.h.h.t.HelmChartContainer - [K3S] [namespace_controller.go:187] "Namespace has been deleted" namespace="helmdatahubit"
2025-01-29 22:13:20,657 INFO c.h.h.t.HelmChartContainer - Namespace 'helmdatahubit-operator' deleted
2025-01-29 22:13:20,657 INFO c.h.h.t.HelmChartContainer - Release 'test-hivemq-platform-operator' in namespace 'helmdatahubit-operator' is uninstalled
2025-01-29 22:13:21,354 INFO c.h.helmcharts.AbstractHelmChartIT - Removed unused containers:

2025-01-29 22:13:25,573 INFO c.h.h.t.HelmChartContainer - [K3S] [namespace_controller.go:187] "Namespace has been deleted" namespace="helmdatahubit-operator"
2025-01-29 22:13:28,975 INFO c.h.helmcharts.AbstractHelmChartIT - Removed unused snapshots:
Removing snapshot sha256:03af251906410714c5aef9fa705b63f6bbc39c4a5e787de7361eeb18886c2ed2
Removing snapshot sha256:0c46b3b43cce082ce5ec34ffc6c294e0417d17b9d1e6f366d114b6aadc4f96dc
Removing snapshot sha256:0ce761beee59082d6ed5bcebd3a805b8ddd9b3426b617e4809e7fb7c6587ffec
Removing snapshot sha256:0df91287303208332c8ff6ba40ae4710105201739addbfbddfb955f1ad593664
Removing snapshot sha256:1021ef88c7974bfff89c5a0ec4fd3160daac6c48a075f74cff721f85dd104e68
Removing snapshot sha256:10aba4953ddc18145dd38e3704709bc464aa20af60b56fe52caaff4b68411e62
Removing snapshot sha256:2573e0d8158209ed54ab25c87bcdcb00bd3d2539246960a3d592a1c599d70465
Removing snapshot sha256:362a8a37f8bbc31925a8146adcf7cf51f9882f5c1dcbef67c5baa03a297543c0
Removing snapshot sha256:36dd619422852553056b79319d51d2c575320f244be8617a2383450160ae13d9
Removing snapshot sha256:3fa4ad33f0ddc8fd45b39b6b4640f82a3a83619606cd975bfe89d8710ad2d4cd
Removing snapshot sha256:43a7c979bbaba6838bc3102d6b10a1459f3ab050b87ccdfef84ef90cf43d3058
Removing snapshot sha256:4ab04491cdf0d3267f08206fe30bd48f49f94b9cab2f016d6739220f722a64af
Removing snapshot sha256:4b6068250e89c96f263060261819c7d912855bfbd64b3eb4c4a8483299b8c295
Removing snapshot sha256:580e69a0a8034ede1921139bbd2bfb72a69ebf276d008281896c32dd8bf74775
Removing snapshot sha256:5d30ba46b27fe37484567ccc5242cadc78217b8da605f3f195ef25cbf7487904
Removing snapshot sha256:63ca1fbb43ae5034640e5e6cb3e083e05c290072c5366fcaa9d62435a4cced85
Removing snapshot sha256:67f702c6baae873bceb19487c8b1f27bd2b86077e4f2f0e480e6d60ab508b8f5
Removing snapshot sha256:6864348dd42806d552efdec384f1274be15e2d0c10ce44c1f04347af004c10a9
Removing snapshot sha256:6c7dee8f2c39b84b7dc2711c01d33de93514d9055499173e9290176fbe484b6c
Removing snapshot sha256:82753493a6d61ded36556292f02f31841a14c20d2f279f19eaad65afb661d5cd
Removing snapshot sha256:8a10d3db42c505ee0fcfa98417bdd7e39b304f6bcc0a06bb1b220797ff2cc63c
Removing snapshot sha256:a0904247e36a7726c03c71ee48f3e64462021c88dafeb13f37fdaf613b27f11c
Removing snapshot sha256:a21e5b12dbac529ad45d976eb9ce45c881f3bedcc500fb30aba1e52aa1813418
Removing snapshot sha256:b921e6c28969094157f9b8e7244677780319637afd14450b7cb6b2fdea558a0c
Removing snapshot sha256:bbe75f44402cdb9557be3c5027b8f13569582651db3733ba7332aa1ef9f35842
Removing snapshot sha256:bc27ecb5769a00e309cf99ebc763c4a4b958b618d1decc96ffac5bc05f02f5b7
Removing snapshot sha256:be3ccb6627a5332e309d45ef461d09b4879dd870c7394d89323d0ebc6ca6aa8a
Removing snapshot sha256:c261f7cbbc64211ee175ee47273acdb7b1a36a4450b397a064a8f2c026490095
Removing snapshot sha256:c34d9393647eea0c9e3557ab988efaf59f61d10a2a5613b439ef0958cca5ec10
Removing snapshot sha256:ccf3c4a0fa967a41c1c83497a2ce6fa5787965859df0adb32c4ca2cf7490bc2b
Removing snapshot sha256:cf92d33f869417309692088c341cd0f223c178ea78a125f757317b22aa8f90e9
Removing snapshot sha256:d0037344cf2fb078884f1849f6a1f8cf9a33a3b6139b6a85833e5ee528e1f9a8
Removing snapshot sha256:d3b36d5b79273b1e98e7700470eaeff05a882e777124d84cebcc1505b85ecb36
Removing snapshot sha256:d65a44a37914602d12c611e5e22a50f11451d847e63015cc1c2aef92dee777a4
Removing snapshot sha256:e2dc0bae2455930f23ae570e019b7f32edc75c0f2d71cab084db837ff9051796
Removing snapshot sha256:eccbd24a99c60cd9e86ee5305dbfc4a4dc89f5ab4fb1f06c8d64797cecedef34
Removing snapshot sha256:f144bb4c7c7f0d2aa7eeffd36d934ec40db1ee167be727e326aad9fdc616f475

]]></system-out>
  </testcase>
  <system-out><![CDATA[2025-01-29 22:11:05,069 INFO c.h.h.t.HelmChartContainerExtension - Using cached HelmChartContainer instance
2025-01-29 22:11:05,074 INFO c.h.h.t.HelmChartContainerExtension - Creating cached HelmChartContainer instance
2025-01-29 22:11:05,092 INFO o.testcontainers.DockerClientFactory - Testcontainers version: 1.20.4
2025-01-29 22:11:05,498 INFO o.t.d.DockerClientProviderStrategy - Found Docker environment with local Unix socket (unix:///var/run/docker.sock)
2025-01-29 22:11:05,507 INFO o.testcontainers.DockerClientFactory - Docker host IP address is localhost
2025-01-29 22:11:05,523 INFO o.testcontainers.DockerClientFactory - Connected to docker: 
  Server Version: 26.1.3
  API Version: 1.45
  Operating System: Ubuntu 24.04.1 LTS
  Total Memory: 15990 MB
2025-01-29 22:11:05,531 INFO o.testcontainers.images.PullPolicy - Image pull policy will be performed by: DefaultPullPolicy()
2025-01-29 22:11:05,533 INFO o.t.utility.ImageNameSubstitutor - Image name substitution will be performed by: DefaultImageNameSubstitutor (composite of 'ConfigurationFileImageNameSubstitutor' and 'PrefixingImageNameSubstitutor')
2025-01-29 22:11:05,564 INFO tc.testcontainers/ryuk:0.11.0 - Pulling docker image: testcontainers/ryuk:0.11.0. Please be patient; this may take some time but only needs to be done once.
2025-01-29 22:11:05,986 INFO tc.testcontainers/ryuk:0.11.0 - Starting to pull image
2025-01-29 22:11:06,000 INFO tc.testcontainers/ryuk:0.11.0 - Pulling image layers:  0 pending,  0 downloaded,  0 extracted, (0 bytes/0 bytes)
2025-01-29 22:11:06,187 INFO tc.testcontainers/ryuk:0.11.0 - Pulling image layers:  2 pending,  1 downloaded,  0 extracted, (879 KB/? MB)
2025-01-29 22:11:06,221 INFO tc.testcontainers/ryuk:0.11.0 - Pulling image layers:  1 pending,  2 downloaded,  0 extracted, (879 KB/? MB)
2025-01-29 22:11:06,268 INFO tc.testcontainers/ryuk:0.11.0 - Pulling image layers:  0 pending,  3 downloaded,  0 extracted, (907 KB/10 MB)
2025-01-29 22:11:06,323 INFO tc.testcontainers/ryuk:0.11.0 - Pulling image layers:  0 pending,  3 downloaded,  1 extracted, (4 MB/10 MB)
2025-01-29 22:11:06,469 INFO tc.testcontainers/ryuk:0.11.0 - Pulling image layers:  0 pending,  3 downloaded,  2 extracted, (4 MB/10 MB)
2025-01-29 22:11:06,509 INFO tc.testcontainers/ryuk:0.11.0 - Pulling image layers:  0 pending,  3 downloaded,  3 extracted, (10 MB/10 MB)
2025-01-29 22:11:06,516 INFO tc.testcontainers/ryuk:0.11.0 - Image testcontainers/ryuk:0.11.0 pull took PT0.951926092S
2025-01-29 22:11:06,534 INFO tc.testcontainers/ryuk:0.11.0 - Creating container for image: testcontainers/ryuk:0.11.0
2025-01-29 22:11:06,583 INFO tc.testcontainers/ryuk:0.11.0 - Container testcontainers/ryuk:0.11.0 is starting: 63a834d2409a63eb6c57dd14a65040b4a0a11360252c9748aee3e58238517c2b
2025-01-29 22:11:06,835 INFO tc.testcontainers/ryuk:0.11.0 - Container testcontainers/ryuk:0.11.0 started in PT0.301182632S
2025-01-29 22:11:06,838 INFO o.t.utility.RyukResourceReaper - Ryuk started - will monitor and terminate Testcontainers containers on JVM exit
2025-01-29 22:11:06,839 INFO o.testcontainers.DockerClientFactory - Checking the system...
2025-01-29 22:11:06,839 INFO o.testcontainers.DockerClientFactory - ✔︎ Docker server version should be at least 1.6.0
2025-01-29 22:11:06,915 INFO o.t.i.builder.ImageFromDockerfile - Pre-emptively checking local images for 'ubuntu:noble-20241118.1@sha256:80dd3c3b9c6cecb9f1667e9290b3bc61b78c2678c02cbdae5f0fea92cc6734ab', referenced via a Dockerfile. If not available, it will be pulled.
2025-01-29 22:11:06,918 INFO t.u.1@sha256:80dd3c... - Pulling docker image: ubuntu:noble-20241118.1@sha256:80dd3c3b9c6cecb9f1667e9290b3bc61b78c2678c02cbdae5f0fea92cc6734ab. Please be patient; this may take some time but only needs to be done once.
2025-01-29 22:11:07,192 INFO t.u.1@sha256:80dd3c... - Starting to pull image
2025-01-29 22:11:07,193 INFO t.u.1@sha256:80dd3c... - Pulling image layers:  0 pending,  0 downloaded,  0 extracted, (0 bytes/0 bytes)
2025-01-29 22:11:07,717 INFO t.u.1@sha256:80dd3c... - Pulling image layers:  0 pending,  1 downloaded,  0 extracted, (15 MB/28 MB)
2025-01-29 22:11:08,644 INFO t.u.1@sha256:80dd3c... - Pulling image layers:  0 pending,  1 downloaded,  1 extracted, (28 MB/28 MB)
2025-01-29 22:11:08,649 INFO t.u.1@sha256:80dd3c... - Image ubuntu:noble-20241118.1@sha256:80dd3c3b9c6cecb9f1667e9290b3bc61b78c2678c02cbdae5f0fea92cc6734ab pull took PT1.730770373S
2025-01-29 22:11:08,649 INFO t.u.1@sha256:80dd3c... - Pull complete. 1 layers, pulled in 1s (downloaded 28 MB at 28 MB/s)
2025-01-29 22:11:08,651 INFO o.t.i.builder.ImageFromDockerfile - Pre-emptively checking local images for 'rancher/k3s:v1.32.1-k3s1', referenced via a Dockerfile. If not available, it will be pulled.
2025-01-29 22:11:08,653 INFO tc.rancher/k3s:v1.32.1-k3s1 - Pulling docker image: rancher/k3s:v1.32.1-k3s1. Please be patient; this may take some time but only needs to be done once.
2025-01-29 22:11:09,010 INFO tc.rancher/k3s:v1.32.1-k3s1 - Starting to pull image
2025-01-29 22:11:09,010 INFO tc.rancher/k3s:v1.32.1-k3s1 - Pulling image layers:  0 pending,  0 downloaded,  0 extracted, (0 bytes/0 bytes)
2025-01-29 22:11:09,892 INFO tc.rancher/k3s:v1.32.1-k3s1 - Pulling image layers:  0 pending,  1 downloaded,  0 extracted, (69 MB/71 MB)
2025-01-29 22:11:10,931 INFO tc.rancher/k3s:v1.32.1-k3s1 - Pulling image layers:  0 pending,  1 downloaded,  1 extracted, (71 MB/71 MB)
2025-01-29 22:11:10,939 INFO tc.rancher/k3s:v1.32.1-k3s1 - Pull complete. 1 layers, pulled in 1s (downloaded 71 MB at 71 MB/s)
2025-01-29 22:11:10,939 INFO tc.rancher/k3s:v1.32.1-k3s1 - Image rancher/k3s:v1.32.1-k3s1 pull took PT2.28601525S
2025-01-29 22:11:10,945 INFO o.t.i.builder.ImageFromDockerfile - Transferred 0 bytes to Docker daemon
2025-01-29 22:11:26,020 INFO c.h.h.t.HelmChartContainer - Starting HelmChartContainer...
2025-01-29 22:11:26,023 INFO t.localhost/testcontainers/nrtc9lrnefev9u9z:latest - Creating container for image: localhost/testcontainers/nrtc9lrnefev9u9z:latest
2025-01-29 22:11:26,089 INFO tc.alpine:3.17 - Pulling docker image: alpine:3.17. Please be patient; this may take some time but only needs to be done once.
2025-01-29 22:11:26,452 INFO tc.alpine:3.17 - Starting to pull image
2025-01-29 22:11:26,453 INFO tc.alpine:3.17 - Pulling image layers:  0 pending,  0 downloaded,  0 extracted, (0 bytes/0 bytes)
2025-01-29 22:11:26,689 INFO tc.alpine:3.17 - Pulling image layers:  0 pending,  1 downloaded,  0 extracted, (33 KB/3 MB)
2025-01-29 22:11:26,783 INFO tc.alpine:3.17 - Pulling image layers:  0 pending,  1 downloaded,  1 extracted, (3 MB/3 MB)
2025-01-29 22:11:26,790 INFO tc.alpine:3.17 - Image alpine:3.17 pull took PT0.701030666S
2025-01-29 22:11:27,353 INFO t.localhost/testcontainers/nrtc9lrnefev9u9z:latest - Container localhost/testcontainers/nrtc9lrnefev9u9z:latest is starting: 981f98d14cb3b17694289f98136589c6e1b9cb4169850e0f1853766aa97cb4a9
2025-01-29 22:11:27,725 INFO c.h.h.t.HelmChartContainer - [K3S] [INFO] Starting k3s v1.32.1+k3s1 (6a322f12)
2025-01-29 22:11:27,728 INFO c.h.h.t.HelmChartContainer - [K3S] [INFO] Configuring sqlite3 database connection pooling: maxIdleConns=2, maxOpenConns=0, connMaxLifetime=0s
2025-01-29 22:11:27,728 INFO c.h.h.t.HelmChartContainer - [K3S] [INFO] Configuring database table schema and indexes, this may take a moment...
2025-01-29 22:11:27,731 INFO c.h.h.t.HelmChartContainer - [K3S] [INFO] Database tables and indexes are up to date
2025-01-29 22:11:27,734 INFO c.h.h.t.HelmChartContainer - [K3S] [INFO] Kine available at unix://kine.sock
2025-01-29 22:11:27,823 INFO c.h.h.t.HelmChartContainer - [K3S] [INFO] Saving cluster bootstrap data to datastore
2025-01-29 22:11:27,824 INFO c.h.h.t.HelmChartContainer - [K3S] [WARNING] dynamiclistener [::]:6443: no cached certificate available for preload - deferring certificate load until storage initialization or first client request
2025-01-29 22:11:27,824 INFO c.h.h.t.HelmChartContainer - [K3S] [INFO] Active TLS secret / (ver=) (count 10): map[listener.cattle.io/cn-10.43.0.1:10.43.0.1 listener.cattle.io/cn-127.0.0.1:127.0.0.1 listener.cattle.io/cn-172.18.0.2:172.18.0.2 listener.cattle.io/cn-981f98d14cb3:981f98d14cb3 listener.cattle.io/cn-__1-f16284:::1 listener.cattle.io/cn-kubernetes:kubernetes listener.cattle.io/cn-kubernetes.default:kubernetes.default listener.cattle.io/cn-kubernetes.default.svc:kubernetes.default.svc listener.cattle.io/cn-kubernetes.default.svc.cluster.local:kubernetes.default.svc.cluster.local listener.cattle.io/cn-localhost:localhost listener.cattle.io/fingerprint:SHA1=3486039FE81B9D34D021B87E76E839EB5EB9CEE3]
2025-01-29 22:11:27,985 INFO c.h.h.t.HelmChartContainer - [K3S] [INFO] Running kube-apiserver --advertise-port=6443 --allow-privileged=true --anonymous-auth=false --api-audiences=https://kubernetes.default.svc.cluster.local,k3s --authorization-mode=Node,RBAC --bind-address=127.0.0.1 --cert-dir=/var/lib/rancher/k3s/server/tls/temporary-certs --client-ca-file=/var/lib/rancher/k3s/server/tls/client-ca.crt --egress-selector-config-file=/var/lib/rancher/k3s/server/etc/egress-selector-config.yaml --enable-admission-plugins=NodeRestriction --enable-aggregator-routing=true --enable-bootstrap-token-auth=true --etcd-compaction-interval=0s --etcd-servers=unix://kine.sock --kubelet-certificate-authority=/var/lib/rancher/k3s/server/tls/server-ca.crt --kubelet-client-certificate=/var/lib/rancher/k3s/server/tls/client-kube-apiserver.crt --kubelet-client-key=/var/lib/rancher/k3s/server/tls/client-kube-apiserver.key --kubelet-preferred-address-types=InternalIP,ExternalIP,Hostname --profiling=false --proxy-client-cert-file=/var/lib/rancher/k3s/server/tls/client-auth-proxy.crt --proxy-client-key-file=/var/lib/rancher/k3s/server/tls/client-auth-proxy.key --requestheader-allowed-names=system:auth-proxy --requestheader-client-ca-file=/var/lib/rancher/k3s/server/tls/request-header-ca.crt --requestheader-extra-headers-prefix=X-Remote-Extra- --requestheader-group-headers=X-Remote-Group --requestheader-username-headers=X-Remote-User --secure-port=6444 --service-account-issuer=https://kubernetes.default.svc.cluster.local --service-account-key-file=/var/lib/rancher/k3s/server/tls/service.key --service-account-signing-key-file=/var/lib/rancher/k3s/server/tls/service.current.key --service-cluster-ip-range=10.43.0.0/16 --service-node-port-range=30000-32767 --storage-backend=etcd3 --tls-cert-file=/var/lib/rancher/k3s/server/tls/serving-kube-apiserver.crt --tls-cipher-suites=TLS_ECDHE_ECDSA_WITH_AES_256_GCM_SHA384,TLS_ECDHE_RSA_WITH_AES_256_GCM_SHA384,TLS_ECDHE_ECDSA_WITH_AES_128_GCM_SHA256,TLS_ECDHE_RSA_WITH_AES_128_GCM_SHA256,TLS_ECDHE_ECDSA_WITH_CHACHA20_POLY1305,TLS_ECDHE_RSA_WITH_CHACHA20_POLY1305 --tls-private-key-file=/var/lib/rancher/k3s/server/tls/serving-kube-apiserver.key
2025-01-29 22:11:27,985 INFO c.h.h.t.HelmChartContainer - [K3S] [INFO] Running kube-scheduler --authentication-kubeconfig=/var/lib/rancher/k3s/server/cred/scheduler.kubeconfig --authorization-kubeconfig=/var/lib/rancher/k3s/server/cred/scheduler.kubeconfig --bind-address=127.0.0.1 --kubeconfig=/var/lib/rancher/k3s/server/cred/scheduler.kubeconfig --leader-elect=false --profiling=false --secure-port=10259
2025-01-29 22:11:27,986 INFO c.h.h.t.HelmChartContainer - [K3S] [registry.go:256] calling componentGlobalsRegistry.AddFlags more than once, the registry will be set by the latest flags
2025-01-29 22:11:27,986 INFO c.h.h.t.HelmChartContainer - [K3S] [INFO] Waiting for API server to become available
2025-01-29 22:11:27,987 INFO c.h.h.t.HelmChartContainer - [K3S] [INFO] Running kube-controller-manager --allocate-node-cidrs=true --authentication-kubeconfig=/var/lib/rancher/k3s/server/cred/controller.kubeconfig --authorization-kubeconfig=/var/lib/rancher/k3s/server/cred/controller.kubeconfig --bind-address=127.0.0.1 --cluster-cidr=10.42.0.0/16 --cluster-signing-kube-apiserver-client-cert-file=/var/lib/rancher/k3s/server/tls/client-ca.nochain.crt --cluster-signing-kube-apiserver-client-key-file=/var/lib/rancher/k3s/server/tls/client-ca.key --cluster-signing-kubelet-client-cert-file=/var/lib/rancher/k3s/server/tls/client-ca.nochain.crt --cluster-signing-kubelet-client-key-file=/var/lib/rancher/k3s/server/tls/client-ca.key --cluster-signing-kubelet-serving-cert-file=/var/lib/rancher/k3s/server/tls/server-ca.nochain.crt --cluster-signing-kubelet-serving-key-file=/var/lib/rancher/k3s/server/tls/server-ca.key --cluster-signing-legacy-unknown-cert-file=/var/lib/rancher/k3s/server/tls/server-ca.nochain.crt --cluster-signing-legacy-unknown-key-file=/var/lib/rancher/k3s/server/tls/server-ca.key --configure-cloud-routes=false --controllers=*,tokencleaner,-service,-route,-cloud-node-lifecycle --kubeconfig=/var/lib/rancher/k3s/server/cred/controller.kubeconfig --leader-elect=false --profiling=false --root-ca-file=/var/lib/rancher/k3s/server/tls/server-ca.crt --secure-port=10257 --service-account-private-key-file=/var/lib/rancher/k3s/server/tls/service.current.key --service-cluster-ip-range=10.43.0.0/16 --use-service-account-credentials=true
2025-01-29 22:11:27,987 INFO c.h.h.t.HelmChartContainer - [K3S] [options.go:299] unable to set WatchListClient feature gate, err: cannot override default for feature "WatchListClient": gates already added to a flag set
2025-01-29 22:11:27,988 INFO c.h.h.t.HelmChartContainer - [K3S] [registry.go:256] calling componentGlobalsRegistry.AddFlags more than once, the registry will be set by the latest flags
2025-01-29 22:11:27,988 INFO c.h.h.t.HelmChartContainer - [K3S] [options.go:238] external host was not specified, using 172.18.0.2
2025-01-29 22:11:27,988 INFO c.h.h.t.HelmChartContainer - [K3S] [registry.go:256] calling componentGlobalsRegistry.AddFlags more than once, the registry will be set by the latest flags
2025-01-29 22:11:27,988 INFO c.h.h.t.HelmChartContainer - [K3S] [INFO] Running cloud-controller-manager --allocate-node-cidrs=true --authentication-kubeconfig=/var/lib/rancher/k3s/server/cred/cloud-controller.kubeconfig --authorization-kubeconfig=/var/lib/rancher/k3s/server/cred/cloud-controller.kubeconfig --bind-address=127.0.0.1 --cloud-config=/var/lib/rancher/k3s/server/etc/cloud-config.yaml --cloud-provider=k3s --cluster-cidr=10.42.0.0/16 --configure-cloud-routes=false --controllers=*,-route --kubeconfig=/var/lib/rancher/k3s/server/cred/cloud-controller.kubeconfig --leader-elect=false --leader-elect-resource-name=k3s-cloud-controller-manager --node-status-update-frequency=1m0s --profiling=false
2025-01-29 22:11:27,990 INFO c.h.h.t.HelmChartContainer - [K3S] [INFO] Server node token is available at /var/lib/rancher/k3s/server/token
2025-01-29 22:11:27,991 INFO c.h.h.t.HelmChartContainer - [K3S] [INFO] To join server node to cluster: k3s server -s https://172.18.0.2:6443 -t ${SERVER_NODE_TOKEN}
2025-01-29 22:11:27,991 INFO c.h.h.t.HelmChartContainer - [K3S] [INFO] Agent node token is available at /var/lib/rancher/k3s/server/agent-token
2025-01-29 22:11:27,991 INFO c.h.h.t.HelmChartContainer - [K3S] [INFO] To join agent node to cluster: k3s agent -s https://172.18.0.2:6443 -t ${AGENT_NODE_TOKEN}
2025-01-29 22:11:27,991 INFO c.h.h.t.HelmChartContainer - [K3S] [server.go:151] Version: v1.32.1+k3s1
2025-01-29 22:11:27,991 INFO c.h.h.t.HelmChartContainer - [K3S] [server.go:153] "Golang settings" GOGC="" GOMAXPROCS="" GOTRACEBACK=""
2025-01-29 22:11:27,992 INFO c.h.h.t.HelmChartContainer - [K3S] [INFO] Wrote kubeconfig /etc/rancher/k3s/k3s.yaml
2025-01-29 22:11:27,992 INFO c.h.h.t.HelmChartContainer - [K3S] [INFO] Run: k3s kubectl
2025-01-29 22:11:28,319 INFO c.h.h.t.HelmChartContainer - [K3S] [plugins.go:157] Loaded 13 mutating admission controller(s) successfully in the following order: NamespaceLifecycle,LimitRanger,ServiceAccount,NodeRestriction,TaintNodesByCondition,Priority,DefaultTolerationSeconds,DefaultStorageClass,StorageObjectInUseProtection,RuntimeClass,DefaultIngressClass,MutatingAdmissionPolicy,MutatingAdmissionWebhook.
2025-01-29 22:11:28,319 INFO c.h.h.t.HelmChartContainer - [K3S] [plugins.go:160] Loaded 13 validating admission controller(s) successfully in the following order: LimitRanger,ServiceAccount,PodSecurity,Priority,PersistentVolumeClaimResize,RuntimeClass,CertificateApproval,CertificateSigning,ClusterTrustBundleAttest,CertificateSubjectRestriction,ValidatingAdmissionPolicy,ValidatingAdmissionWebhook,ResourceQuota.
2025-01-29 22:11:28,320 INFO c.h.h.t.HelmChartContainer - [K3S] [instance.go:233] Using reconciler: lease
2025-01-29 22:11:28,392 INFO c.h.h.t.HelmChartContainer - [K3S] [apis.go:106] API group "internal.apiserver.k8s.io" is not enabled, skipping.
2025-01-29 22:11:28,445 INFO c.h.h.t.HelmChartContainer - [K3S] [apis.go:106] API group "storagemigration.k8s.io" is not enabled, skipping.
2025-01-29 22:11:28,474 INFO c.h.h.t.HelmChartContainer - [K3S] [apis.go:106] API group "resource.k8s.io" is not enabled, skipping.
2025-01-29 22:11:28,608 INFO c.h.h.t.HelmChartContainer - [K3S] [INFO] Password verified locally for node 981f98d14cb3
2025-01-29 22:11:28,797 INFO c.h.h.t.HelmChartContainer - [K3S] [dynamic_cafile_content.go:161] "Starting controller" name="request-header::/var/lib/rancher/k3s/server/tls/request-header-ca.crt"
2025-01-29 22:11:28,797 INFO c.h.h.t.HelmChartContainer - [K3S] [dynamic_cafile_content.go:161] "Starting controller" name="client-ca-bundle::/var/lib/rancher/k3s/server/tls/client-ca.crt"
2025-01-29 22:11:28,798 INFO c.h.h.t.HelmChartContainer - [K3S] [dynamic_serving_content.go:135] "Starting controller" name="serving-cert::/var/lib/rancher/k3s/server/tls/serving-kube-apiserver.crt::/var/lib/rancher/k3s/server/tls/serving-kube-apiserver.key"
2025-01-29 22:11:28,798 INFO c.h.h.t.HelmChartContainer - [K3S] [secure_serving.go:213] Serving securely on 127.0.0.1:6444
2025-01-29 22:11:28,798 INFO c.h.h.t.HelmChartContainer - [K3S] [tlsconfig.go:243] "Starting DynamicServingCertificateController"
2025-01-29 22:11:28,800 INFO c.h.h.t.HelmChartContainer - [K3S] [system_namespaces_controller.go:66] Starting system namespaces controller
2025-01-29 22:11:28,801 INFO c.h.h.t.HelmChartContainer - [K3S] [controller.go:80] Starting OpenAPI V3 AggregationController
2025-01-29 22:11:28,801 INFO c.h.h.t.HelmChartContainer - [K3S] [aggregator.go:169] waiting for initial CRD sync...
2025-01-29 22:11:28,801 INFO c.h.h.t.HelmChartContainer - [K3S] [controller.go:78] Starting OpenAPI AggregationController
2025-01-29 22:11:28,801 INFO c.h.h.t.HelmChartContainer - [K3S] [controller.go:119] Starting legacy_token_tracking_controller
2025-01-29 22:11:28,802 INFO c.h.h.t.HelmChartContainer - [K3S] [apiservice_controller.go:100] Starting APIServiceRegistrationController
2025-01-29 22:11:28,802 INFO c.h.h.t.HelmChartContainer - [K3S] [apf_controller.go:377] Starting API Priority and Fairness config controller
2025-01-29 22:11:28,803 INFO c.h.h.t.HelmChartContainer - [K3S] [dynamic_serving_content.go:135] "Starting controller" name="aggregator-proxy-cert::/var/lib/rancher/k3s/server/tls/client-auth-proxy.crt::/var/lib/rancher/k3s/server/tls/client-auth-proxy.key"
2025-01-29 22:11:28,803 INFO c.h.h.t.HelmChartContainer - [K3S] [local_available_controller.go:156] Starting LocalAvailability controller
2025-01-29 22:11:28,803 INFO c.h.h.t.HelmChartContainer - [K3S] [remote_available_controller.go:411] Starting RemoteAvailability controller
2025-01-29 22:11:28,803 INFO c.h.h.t.HelmChartContainer - [K3S] [customresource_discovery_controller.go:292] Starting DiscoveryController
2025-01-29 22:11:28,803 INFO c.h.h.t.HelmChartContainer - [K3S] [gc_controller.go:78] Starting apiserver lease garbage collector
2025-01-29 22:11:28,804 INFO c.h.h.t.HelmChartContainer - [K3S] [cluster_authentication_trust_controller.go:462] Starting cluster_authentication_trust_controller controller
2025-01-29 22:11:28,804 INFO c.h.h.t.HelmChartContainer - [K3S] [controller.go:142] Starting OpenAPI controller
2025-01-29 22:11:28,804 INFO c.h.h.t.HelmChartContainer - [K3S] [controller.go:90] Starting OpenAPI V3 controller
2025-01-29 22:11:28,804 INFO c.h.h.t.HelmChartContainer - [K3S] [naming_controller.go:294] Starting NamingConditionController
2025-01-29 22:11:28,804 INFO c.h.h.t.HelmChartContainer - [K3S] [establishing_controller.go:81] Starting EstablishingController
2025-01-29 22:11:28,805 INFO c.h.h.t.HelmChartContainer - [K3S] [nonstructuralschema_controller.go:195] Starting NonStructuralSchemaConditionController
2025-01-29 22:11:28,805 INFO c.h.h.t.HelmChartContainer - [K3S] [apiapproval_controller.go:189] Starting KubernetesAPIApprovalPolicyConformantConditionController
2025-01-29 22:11:28,806 INFO c.h.h.t.HelmChartContainer - [K3S] [crd_finalizer.go:269] Starting CRDFinalizer
2025-01-29 22:11:28,806 INFO c.h.h.t.HelmChartContainer - [K3S] [crdregistration_controller.go:114] Starting crd-autoregister controller
2025-01-29 22:11:28,807 INFO c.h.h.t.HelmChartContainer - [K3S] [dynamic_cafile_content.go:161] "Starting controller" name="client-ca-bundle::/var/lib/rancher/k3s/server/tls/client-ca.crt"
2025-01-29 22:11:28,807 INFO c.h.h.t.HelmChartContainer - [K3S] [dynamic_cafile_content.go:161] "Starting controller" name="request-header::/var/lib/rancher/k3s/server/tls/request-header-ca.crt"
2025-01-29 22:11:28,900 INFO c.h.h.t.HelmChartContainer - [K3S] [apf_controller.go:382] Running API Priority and Fairness config worker
2025-01-29 22:11:28,900 INFO c.h.h.t.HelmChartContainer - [K3S] [apf_controller.go:385] Running API Priority and Fairness periodic rebalancing process
2025-01-29 22:11:28,900 INFO c.h.h.t.HelmChartContainer - [K3S] [handler_discovery.go:451] Starting ResourceDiscoveryManager
2025-01-29 22:11:28,903 INFO c.h.h.t.HelmChartContainer - [K3S] [aggregator.go:171] initial CRD sync complete...
2025-01-29 22:11:28,904 INFO c.h.h.t.HelmChartContainer - [K3S] [autoregister_controller.go:144] Starting autoregister controller
2025-01-29 22:11:28,904 INFO c.h.h.t.HelmChartContainer - [K3S] [controller.go:145] "Failed to ensure lease exists, will retry" err="namespaces \"kube-system\" not found" interval="200ms"
2025-01-29 22:11:28,916 INFO c.h.h.t.HelmChartContainer - [K3S] [policy_source.go:240] refreshing policies
2025-01-29 22:11:28,951 INFO c.h.h.t.HelmChartContainer - [K3S] [controller.go:95] Unable to perform initial Kubernetes service initialization: namespaces "default" not found
2025-01-29 22:11:28,953 INFO c.h.h.t.HelmChartContainer - [K3S] [controller.go:148] "Unhandled Error" err="while syncing ConfigMap \"kube-system/kube-apiserver-legacy-service-account-token-tracking\", err: namespaces \"kube-system\" not found" logger="UnhandledError"
2025-01-29 22:11:29,130 INFO c.h.h.t.HelmChartContainer - [K3S] [WARNING] Host resolv.conf includes loopback or multicast nameservers - kubelet will use autogenerated resolv.conf with nameserver 8.8.8.8
2025-01-29 22:11:29,138 INFO c.h.h.t.HelmChartContainer - [K3S] [INFO] Module overlay was already loaded
2025-01-29 22:11:29,138 INFO c.h.h.t.HelmChartContainer - [K3S] [INFO] Module nf_conntrack was already loaded
2025-01-29 22:11:29,138 INFO c.h.h.t.HelmChartContainer - [K3S] [INFO] Module br_netfilter was already loaded
2025-01-29 22:11:29,143 INFO c.h.h.t.HelmChartContainer - [K3S] [INFO] Set sysctl 'net/netfilter/nf_conntrack_tcp_timeout_close_wait' to 3600
2025-01-29 22:11:29,143 INFO c.h.h.t.HelmChartContainer - [K3S] [INFO] Set sysctl 'net/netfilter/nf_conntrack_max' to 131072
2025-01-29 22:11:29,145 INFO c.h.h.t.HelmChartContainer - [K3S] [INFO] Set sysctl 'net/netfilter/nf_conntrack_tcp_timeout_established' to 86400
2025-01-29 22:11:29,145 INFO c.h.h.t.HelmChartContainer - [K3S] [INFO] Logging containerd to /var/lib/rancher/k3s/agent/containerd/containerd.log
2025-01-29 22:11:29,146 INFO c.h.h.t.HelmChartContainer - [K3S] [INFO] Running containerd -c /var/lib/rancher/k3s/agent/etc/containerd/config.toml -a /run/k3s/containerd/containerd.sock --state /run/k3s/containerd --root /var/lib/rancher/k3s/agent/containerd
2025-01-29 22:11:29,802 INFO c.h.h.t.HelmChartContainer - [K3S] [storage_scheduling.go:95] created PriorityClass system-node-critical with value 2000001000
2025-01-29 22:11:29,805 INFO c.h.h.t.HelmChartContainer - [K3S] [storage_scheduling.go:95] created PriorityClass system-cluster-critical with value 2000000000
2025-01-29 22:11:29,805 INFO c.h.h.t.HelmChartContainer - [K3S] [storage_scheduling.go:111] all system priority classes are created successfully or already exist.
2025-01-29 22:11:30,148 INFO c.h.h.t.HelmChartContainer - [K3S] [INFO] containerd is now running
2025-01-29 22:11:30,151 INFO c.h.h.t.HelmChartContainer - [K3S] [INFO] Connecting to proxy" url="wss://127.0.0.1:6443/v1-k3s/connect
2025-01-29 22:11:30,152 INFO c.h.h.t.HelmChartContainer - [K3S] [INFO] Creating k3s-cert-monitor event broadcaster
2025-01-29 22:11:30,154 INFO c.h.h.t.HelmChartContainer - [K3S] [INFO] Running kubelet --cloud-provider=external --config-dir=/var/lib/rancher/k3s/agent/etc/kubelet.conf.d --containerd=/run/k3s/containerd/containerd.sock --hostname-override=981f98d14cb3 --kubeconfig=/var/lib/rancher/k3s/agent/kubelet.kubeconfig --node-ip=172.18.0.2 --node-labels=
2025-01-29 22:11:30,154 INFO c.h.h.t.HelmChartContainer - [K3S] [INFO] Handling backend connection request [981f98d14cb3]
2025-01-29 22:11:30,155 INFO c.h.h.t.HelmChartContainer - [K3S] [INFO] Remotedialer connected to proxy" url="wss://127.0.0.1:6443/v1-k3s/connect
2025-01-29 22:11:30,160 INFO c.h.h.t.HelmChartContainer - [K3S] Flag --containerd has been deprecated, This is a cadvisor flag that was mistakenly registered with the Kubelet. Due to legacy concerns, it will follow the standard CLI deprecation timeline before being removed.
2025-01-29 22:11:30,163 INFO c.h.h.t.HelmChartContainer - [K3S] [alloc.go:330] "allocated clusterIPs" service="default/kubernetes" clusterIPs={"IPv4":"10.43.0.1"}
2025-01-29 22:11:30,164 INFO c.h.h.t.HelmChartContainer - [K3S] [server.go:515] "Kubelet version" kubeletVersion="v1.32.1+k3s1"
2025-01-29 22:11:30,164 INFO c.h.h.t.HelmChartContainer - [K3S] [server.go:517] "Golang settings" GOGC="" GOMAXPROCS="" GOTRACEBACK=""
2025-01-29 22:11:30,165 INFO c.h.h.t.HelmChartContainer - [K3S] [lease.go:265] Resetting endpoints for master service "kubernetes" to [172.18.0.2]
2025-01-29 22:11:30,166 INFO c.h.h.t.HelmChartContainer - [K3S] [dynamic_cafile_content.go:161] "Starting controller" name="client-ca-bundle::/var/lib/rancher/k3s/agent/client-ca.crt"
2025-01-29 22:11:30,169 INFO c.h.h.t.HelmChartContainer - [K3S] [log.go:32] "RuntimeConfig from runtime service failed" err="rpc error: code = Unimplemented desc = method RuntimeConfig not implemented"
2025-01-29 22:11:30,169 INFO c.h.h.t.HelmChartContainer - [K3S] [server.go:1416] "CRI implementation should be updated to support RuntimeConfig when KubeletCgroupDriverFromCRI feature gate has been enabled. Falling back to using cgroupDriver from kubelet config."
2025-01-29 22:11:30,176 INFO c.h.h.t.HelmChartContainer - [K3S] [info.go:53] Couldn't collect info from any of the files in "/etc/machine-id,/var/lib/dbus/machine-id"
2025-01-29 22:11:30,176 INFO c.h.h.t.HelmChartContainer - [K3S] [server.go:767] "--cgroups-per-qos enabled, but --cgroup-root was not specified.  defaulting to /"
2025-01-29 22:11:30,176 INFO c.h.h.t.HelmChartContainer - [K3S] [server.go:836] "NoSwap is set due to memorySwapBehavior not specified" memorySwapBehavior="" FailSwapOn=false
2025-01-29 22:11:30,176 INFO c.h.h.t.HelmChartContainer - [K3S] [swap_util.go:115] "Swap is on" /proc/swaps contents=<
2025-01-29 22:11:30,176 INFO c.h.h.t.HelmChartContainer - [K3S] 	Filename				Type		Size		Used		Priority
2025-01-29 22:11:30,176 INFO c.h.h.t.HelmChartContainer - [K3S] 	/mnt/swapfile                           file		4194300		0		-2
2025-01-29 22:11:30,177 INFO c.h.h.t.HelmChartContainer - [K3S]  >
2025-01-29 22:11:30,177 INFO c.h.h.t.HelmChartContainer - [K3S] [container_manager_linux.go:268] "Container manager verified user specified cgroup-root exists" cgroupRoot=[]
2025-01-29 22:11:30,177 INFO c.h.h.t.HelmChartContainer - [K3S] [container_manager_linux.go:273] "Creating Container Manager object based on Node Config" nodeConfig={"NodeName":"981f98d14cb3","RuntimeCgroupsName":"","SystemCgroupsName":"","KubeletCgroupsName":"/k3s","KubeletOOMScoreAdj":-999,"ContainerRuntime":"","CgroupsPerQOS":true,"CgroupRoot":"/","CgroupDriver":"cgroupfs","KubeletRootDir":"/var/lib/kubelet","ProtectKernelDefaults":false,"KubeReservedCgroupName":"","SystemReservedCgroupName":"","ReservedSystemCPUs":{},"EnforceNodeAllocatable":{"pods":{}},"KubeReserved":null,"SystemReserved":null,"HardEvictionThresholds":[{"Signal":"imagefs.available","Operator":"LessThan","Value":{"Quantity":null,"Percentage":0.05},"GracePeriod":0,"MinReclaim":null},{"Signal":"nodefs.available","Operator":"LessThan","Value":{"Quantity":null,"Percentage":0.05},"GracePeriod":0,"MinReclaim":null}],"QOSReserved":{},"CPUManagerPolicy":"none","CPUManagerPolicyOptions":null,"TopologyManagerScope":"container","CPUManagerReconcilePeriod":10000000000,"ExperimentalMemoryManagerPolicy":"None","ExperimentalMemoryManagerReservedMemory":null,"PodPidsLimit":-1,"EnforceCPULimits":true,"CPUCFSQuotaPeriod":100000000,"TopologyManagerPolicy":"none","TopologyManagerPolicyOptions":null,"CgroupVersion":2}
2025-01-29 22:11:30,177 INFO c.h.h.t.HelmChartContainer - [K3S] [topology_manager.go:138] "Creating topology manager with none policy"
2025-01-29 22:11:30,178 INFO c.h.h.t.HelmChartContainer - [K3S] [container_manager_linux.go:304] "Creating device plugin manager"
2025-01-29 22:11:30,180 INFO c.h.h.t.HelmChartContainer - [K3S] [state_mem.go:36] "Initialized new in-memory state store"
2025-01-29 22:11:30,180 INFO c.h.h.t.HelmChartContainer - [K3S] [kubelet.go:446] "Attempting to sync node with API server"
2025-01-29 22:11:30,180 INFO c.h.h.t.HelmChartContainer - [K3S] [kubelet.go:341] "Adding static pod path" path="/var/lib/rancher/k3s/agent/pod-manifests"
2025-01-29 22:11:30,180 INFO c.h.h.t.HelmChartContainer - [K3S] [kubelet.go:352] "Adding apiserver pod source"
2025-01-29 22:11:30,180 INFO c.h.h.t.HelmChartContainer - [K3S] [apiserver.go:42] "Waiting for node sync before watching apiserver pods"
2025-01-29 22:11:30,180 INFO c.h.h.t.HelmChartContainer - [K3S] [kuberuntime_manager.go:269] "Container runtime initialized" containerRuntime="containerd" version="v1.7.23-k3s2" apiVersion="v1"
2025-01-29 22:11:30,180 INFO c.h.h.t.HelmChartContainer - [K3S] [kubelet.go:890] "Not starting ClusterTrustBundle informer because we are in static kubelet mode"
2025-01-29 22:11:30,180 INFO c.h.h.t.HelmChartContainer - [K3S] [probe.go:272] Flexvolume plugin directory at /usr/libexec/kubernetes/kubelet-plugins/volume/exec/ does not exist. Recreating.
2025-01-29 22:11:30,181 INFO c.h.h.t.HelmChartContainer - [K3S] [watchdog_linux.go:99] "Systemd watchdog is not enabled"
2025-01-29 22:11:30,181 INFO c.h.h.t.HelmChartContainer - [K3S] [server.go:1282] "Started kubelet"
2025-01-29 22:11:30,182 INFO c.h.h.t.HelmChartContainer - [K3S] [server.go:208] "Starting to listen read-only" address="0.0.0.0" port=10255
2025-01-29 22:11:30,182 INFO c.h.h.t.HelmChartContainer - [K3S] [ratelimit.go:55] "Setting rate limiting for endpoint" service="podresources" qps=100 burstTokens=10
2025-01-29 22:11:30,183 INFO c.h.h.t.HelmChartContainer - [K3S] [server.go:243] "Starting to serve the podresources API" endpoint="unix:/var/lib/kubelet/pod-resources/kubelet.sock"
2025-01-29 22:11:30,186 INFO c.h.h.t.HelmChartContainer - [K3S] [fs_resource_analyzer.go:67] "Starting FS ResourceAnalyzer"
2025-01-29 22:11:30,186 INFO c.h.h.t.HelmChartContainer - [K3S] [server.go:169] "Starting to listen" address="0.0.0.0" port=10250
2025-01-29 22:11:30,186 INFO c.h.h.t.HelmChartContainer - [K3S] [server.go:490] "Adding debug handlers to kubelet server"
2025-01-29 22:11:30,188 INFO c.h.h.t.HelmChartContainer - [K3S] [dynamic_serving_content.go:135] "Starting controller" name="kubelet-server-cert-files::/var/lib/rancher/k3s/agent/serving-kubelet.crt::/var/lib/rancher/k3s/agent/serving-kubelet.key"
2025-01-29 22:11:30,188 INFO c.h.h.t.HelmChartContainer - [K3S] [kubelet.go:1561] "Image garbage collection failed once. Stats initialization may not have completed yet" err="invalid capacity 0 on image filesystem"
2025-01-29 22:11:30,191 INFO c.h.h.t.HelmChartContainer - [K3S] [volume_manager.go:297] "Starting Kubelet Volume Manager"
2025-01-29 22:11:30,191 INFO c.h.h.t.HelmChartContainer - [K3S] [kubelet_node_status.go:467] "Error getting the current node from lister" err="node \"981f98d14cb3\" not found"
2025-01-29 22:11:30,192 INFO c.h.h.t.HelmChartContainer - [K3S] [desired_state_of_world_populator.go:149] "Desired state populator starts to run"
2025-01-29 22:11:30,195 INFO c.h.h.t.HelmChartContainer - [K3S] [reconciler.go:26] "Reconciler: start to sync state"
2025-01-29 22:11:30,197 INFO c.h.h.t.HelmChartContainer - [K3S] [factory.go:221] Registration of the systemd container factory successfully
2025-01-29 22:11:30,197 INFO c.h.h.t.HelmChartContainer - [K3S] [factory.go:219] Registration of the crio container factory failed: Get "http://%2Fvar%2Frun%2Fcrio%2Fcrio.sock/info": dial unix /var/run/crio/crio.sock: connect: no such file or directory
2025-01-29 22:11:30,199 INFO c.h.h.t.HelmChartContainer - [K3S] [factory.go:221] Registration of the containerd container factory successfully
2025-01-29 22:11:30,200 INFO c.h.h.t.HelmChartContainer - [K3S] [nodelease.go:49] "Failed to get node when trying to set owner ref to the node lease" err="nodes \"981f98d14cb3\" not found" node="981f98d14cb3"
2025-01-29 22:11:30,209 INFO c.h.h.t.HelmChartContainer - [K3S] [kubelet_network_linux.go:50] "Initialized iptables rules." protocol="IPv4"
2025-01-29 22:11:30,211 INFO c.h.h.t.HelmChartContainer - [K3S] [kubelet_network_linux.go:50] "Initialized iptables rules." protocol="IPv6"
2025-01-29 22:11:30,211 INFO c.h.h.t.HelmChartContainer - [K3S] [status_manager.go:227] "Starting to sync pod status with apiserver"
2025-01-29 22:11:30,211 INFO c.h.h.t.HelmChartContainer - [K3S] [watchdog_linux.go:127] "Systemd watchdog is not enabled or the interval is invalid, so health checking will not be started."
2025-01-29 22:11:30,211 INFO c.h.h.t.HelmChartContainer - [K3S] [kubelet.go:2388] "Starting kubelet main sync loop"
2025-01-29 22:11:30,211 INFO c.h.h.t.HelmChartContainer - [K3S] [kubelet.go:2412] "Skipping pod synchronization" err="[container runtime status check may not have completed yet, PLEG is not healthy: pleg has yet to be successful]"
2025-01-29 22:11:30,225 INFO c.h.h.t.HelmChartContainer - [K3S] [cpu_manager.go:221] "Starting CPU manager" policy="none"
2025-01-29 22:11:30,226 INFO c.h.h.t.HelmChartContainer - [K3S] [cpu_manager.go:222] "Reconciling" reconcilePeriod="10s"
2025-01-29 22:11:30,226 INFO c.h.h.t.HelmChartContainer - [K3S] [state_mem.go:36] "Initialized new in-memory state store"
2025-01-29 22:11:30,227 INFO c.h.h.t.HelmChartContainer - [K3S] [policy_none.go:49] "None policy: Start"
2025-01-29 22:11:30,228 INFO c.h.h.t.HelmChartContainer - [K3S] [memory_manager.go:186] "Starting memorymanager" policy="None"
2025-01-29 22:11:30,228 INFO c.h.h.t.HelmChartContainer - [K3S] [state_mem.go:35] "Initializing new in-memory state store"
2025-01-29 22:11:30,231 INFO c.h.h.t.HelmChartContainer - [K3S] [manager.go:519] "Failed to read data from checkpoint" checkpoint="kubelet_internal_checkpoint" err="checkpoint is not found"
2025-01-29 22:11:30,232 INFO c.h.h.t.HelmChartContainer - [K3S] [eviction_manager.go:189] "Eviction manager: starting control loop"
2025-01-29 22:11:30,234 INFO c.h.h.t.HelmChartContainer - [K3S] [container_log_manager.go:189] "Initializing container log rotate workers" workers=1 monitorPeriod="10s"
2025-01-29 22:11:30,242 INFO c.h.h.t.HelmChartContainer - [K3S] [eviction_manager.go:267] "eviction manager: failed to check if we have separate container filesystem. Ignoring." err="no imagefs label for configured runtime"
2025-01-29 22:11:30,243 INFO c.h.h.t.HelmChartContainer - [K3S] [eviction_manager.go:292] "Eviction manager: failed to get summary stats" err="failed to get node info: node \"981f98d14cb3\" not found"
2025-01-29 22:11:30,243 INFO c.h.h.t.HelmChartContainer - [K3S] [plugin_manager.go:118] "Starting Kubelet Plugin Manager"
2025-01-29 22:11:30,272 INFO c.h.h.t.HelmChartContainer - [K3S] [ERROR] Sending HTTP/1.1 503 response to 127.0.0.1:43690: runtime core not ready
2025-01-29 22:11:30,334 INFO c.h.h.t.HelmChartContainer - [K3S] [kubelet_node_status.go:76] "Attempting to register node" node="981f98d14cb3"
2025-01-29 22:11:30,338 INFO c.h.h.t.HelmChartContainer - [K3S] [kubelet_node_status.go:79] "Successfully registered node" node="981f98d14cb3"
2025-01-29 22:11:30,338 INFO c.h.h.t.HelmChartContainer - [K3S] [kubelet_node_status.go:549] "Error updating node status, will retry" err="error getting node \"981f98d14cb3\": node \"981f98d14cb3\" not found"
2025-01-29 22:11:30,345 INFO c.h.h.t.HelmChartContainer - [K3S] [INFO] Annotations and labels have been set successfully on node: 981f98d14cb3
2025-01-29 22:11:30,346 INFO c.h.h.t.HelmChartContainer - [K3S] [INFO] Starting flannel with backend vxlan
2025-01-29 22:11:30,369 INFO c.h.h.t.HelmChartContainer - [K3S] [INFO] Running kube-proxy --cluster-cidr=10.42.0.0/16 --conntrack-max-per-core=0 --conntrack-tcp-timeout-close-wait=0s --conntrack-tcp-timeout-established=0s --healthz-bind-address=127.0.0.1 --hostname-override=981f98d14cb3 --kubeconfig=/var/lib/rancher/k3s/agent/kubeproxy.kubeconfig --proxy-mode=iptables
2025-01-29 22:11:30,408 INFO c.h.h.t.HelmChartContainer - [K3S] [server.go:698] "Successfully retrieved node IP(s)" IPs=["172.18.0.2"]
2025-01-29 22:11:30,408 INFO c.h.h.t.HelmChartContainer - [K3S] [server.go:234] "Kube-proxy configuration may be incomplete or incorrect" err="nodePortAddresses is unset; NodePort connections will be accepted on all local IPs. Consider using `--nodeport-addresses primary`"
2025-01-29 22:11:30,411 INFO c.h.h.t.HelmChartContainer - [K3S] [server.go:243] "kube-proxy running in dual-stack mode" primary ipFamily="IPv4"
2025-01-29 22:11:30,411 INFO c.h.h.t.HelmChartContainer - [K3S] [server_linux.go:170] "Using iptables Proxier"
2025-01-29 22:11:30,412 INFO c.h.h.t.HelmChartContainer - [K3S] [proxier.go:255] "Setting route_localnet=1 to allow node-ports on localhost; to change this either disable iptables.localhostNodePorts (--iptables-localhost-nodeports) or set nodePortAddresses (--nodeport-addresses) to filter loopback addresses"
2025-01-29 22:11:30,416 INFO c.h.h.t.HelmChartContainer - [K3S] [server.go:497] "Version info" version="v1.32.1+k3s1"
2025-01-29 22:11:30,416 INFO c.h.h.t.HelmChartContainer - [K3S] [server.go:499] "Golang settings" GOGC="" GOMAXPROCS="" GOTRACEBACK=""
2025-01-29 22:11:30,416 INFO c.h.h.t.HelmChartContainer - [K3S] [config.go:199] "Starting service config controller"
2025-01-29 22:11:30,418 INFO c.h.h.t.HelmChartContainer - [K3S] [config.go:329] "Starting node config controller"
2025-01-29 22:11:30,418 INFO c.h.h.t.HelmChartContainer - [K3S] [config.go:105] "Starting endpoint slice config controller"
2025-01-29 22:11:30,650 INFO c.h.h.t.HelmChartContainer - [K3S] [kubelet_node_status.go:502] "Fast updating node status as it just became ready"
2025-01-29 22:11:30,995 INFO c.h.h.t.HelmChartContainer - [K3S] [INFO] Waiting for untainted node
2025-01-29 22:11:30,995 INFO c.h.h.t.HelmChartContainer - [K3S] [INFO] Kube API server is now running
2025-01-29 22:11:30,995 INFO c.h.h.t.HelmChartContainer - [K3S] [INFO] ETCD server is now running
2025-01-29 22:11:30,995 INFO c.h.h.t.HelmChartContainer - [K3S] [INFO] k3s is up and running
2025-01-29 22:11:30,996 INFO c.h.h.t.HelmChartContainer - [K3S] [INFO] Waiting for cloud-controller-manager privileges to become available
2025-01-29 22:11:30,996 INFO c.h.h.t.HelmChartContainer - [K3S] [INFO] Creating k3s-supervisor event broadcaster
2025-01-29 22:11:31,002 INFO c.h.h.t.HelmChartContainer - [K3S] [INFO] Applying CRD addons.k3s.cattle.io
2025-01-29 22:11:31,012 INFO c.h.h.t.HelmChartContainer - [K3S] [INFO] Applying CRD etcdsnapshotfiles.k3s.cattle.io
2025-01-29 22:11:31,025 INFO c.h.h.t.HelmChartContainer - [K3S] [INFO] Applying CRD helmcharts.helm.cattle.io
2025-01-29 22:11:31,037 INFO c.h.h.t.HelmChartContainer - [K3S] [INFO] Applying CRD helmchartconfigs.helm.cattle.io
2025-01-29 22:11:31,050 INFO c.h.h.t.HelmChartContainer - [K3S] [INFO] Waiting for CRD helmcharts.helm.cattle.io to become available
2025-01-29 22:11:31,179 INFO c.h.h.t.HelmChartContainer - [K3S] [apiserver.go:52] "Watching apiserver"
2025-01-29 22:11:31,193 INFO c.h.h.t.HelmChartContainer - [K3S] [desired_state_of_world_populator.go:157] "Finished populating initial desired state of world"
2025-01-29 22:11:31,554 INFO c.h.h.t.HelmChartContainer - [K3S] [INFO] Done waiting for CRD helmcharts.helm.cattle.io to become available
2025-01-29 22:11:31,555 INFO c.h.h.t.HelmChartContainer - [K3S] [INFO] Waiting for CRD helmchartconfigs.helm.cattle.io to become available
2025-01-29 22:11:31,678 INFO c.h.h.t.HelmChartContainer - [K3S] [serving.go:392] Generated self-signed cert in-memory
2025-01-29 22:11:31,919 INFO c.h.h.t.HelmChartContainer - [K3S] [controllermanager.go:185] "Starting" version="v1.32.1+k3s1"
2025-01-29 22:11:31,920 INFO c.h.h.t.HelmChartContainer - [K3S] [controllermanager.go:187] "Golang settings" GOGC="" GOMAXPROCS="" GOTRACEBACK=""
2025-01-29 22:11:31,922 INFO c.h.h.t.HelmChartContainer - [K3S] [configmap_cafile_content.go:205] "Starting controller" name="client-ca::kube-system::extension-apiserver-authentication::client-ca-file"
2025-01-29 22:11:31,922 INFO c.h.h.t.HelmChartContainer - [K3S] [configmap_cafile_content.go:205] "Starting controller" name="client-ca::kube-system::extension-apiserver-authentication::requestheader-client-ca-file"
2025-01-29 22:11:31,922 INFO c.h.h.t.HelmChartContainer - [K3S] [requestheader_controller.go:180] Starting RequestHeaderAuthRequestController
2025-01-29 22:11:31,922 INFO c.h.h.t.HelmChartContainer - [K3S] [secure_serving.go:213] Serving securely on 127.0.0.1:10257
2025-01-29 22:11:31,922 INFO c.h.h.t.HelmChartContainer - [K3S] [tlsconfig.go:243] "Starting DynamicServingCertificateController"
2025-01-29 22:11:31,927 INFO c.h.h.t.HelmChartContainer - [K3S] [controllermanager.go:765] "Started controller" controller="serviceaccount-token-controller"
2025-01-29 22:11:31,942 INFO c.h.h.t.HelmChartContainer - [K3S] [controllermanager.go:765] "Started controller" controller="resourcequota-controller"
2025-01-29 22:11:31,942 INFO c.h.h.t.HelmChartContainer - [K3S] [resource_quota_controller.go:300] "Starting resource quota controller"
2025-01-29 22:11:31,948 INFO c.h.h.t.HelmChartContainer - [K3S] [controllermanager.go:765] "Started controller" controller="statefulset-controller"
2025-01-29 22:11:31,949 INFO c.h.h.t.HelmChartContainer - [K3S] [controllermanager.go:717] "Controller is disabled by a feature gate" controller="volumeattributesclass-protection-controller" requiredFeatureGates=["VolumeAttributesClass"]
2025-01-29 22:11:31,949 INFO c.h.h.t.HelmChartContainer - [K3S] [stateful_set.go:166] "Starting stateful set controller"
2025-01-29 22:11:31,954 INFO c.h.h.t.HelmChartContainer - [K3S] [controllermanager.go:765] "Started controller" controller="legacy-serviceaccount-token-cleaner-controller"
2025-01-29 22:11:31,954 INFO c.h.h.t.HelmChartContainer - [K3S] [legacy_serviceaccount_token_cleaner.go:103] "Starting legacy service account token cleaner controller"
2025-01-29 22:11:31,958 INFO c.h.h.t.HelmChartContainer - [K3S] [controllermanager.go:765] "Started controller" controller="endpoints-controller"
2025-01-29 22:11:31,959 INFO c.h.h.t.HelmChartContainer - [K3S] [endpoints_controller.go:182] "Starting endpoint controller"
2025-01-29 22:11:31,964 INFO c.h.h.t.HelmChartContainer - [K3S] [controllermanager.go:765] "Started controller" controller="job-controller"
2025-01-29 22:11:31,964 INFO c.h.h.t.HelmChartContainer - [K3S] [job_controller.go:243] "Starting job controller"
2025-01-29 22:11:31,975 INFO c.h.h.t.HelmChartContainer - [K3S] [range_allocator.go:112] "No Secondary Service CIDR provided. Skipping filtering out secondary service addresses"
2025-01-29 22:11:31,975 INFO c.h.h.t.HelmChartContainer - [K3S] [controllermanager.go:765] "Started controller" controller="node-ipam-controller"
2025-01-29 22:11:31,975 INFO c.h.h.t.HelmChartContainer - [K3S] [controllermanager.go:723] "Skipping a cloud provider controller" controller="service-lb-controller"
2025-01-29 22:11:31,975 INFO c.h.h.t.HelmChartContainer - [K3S] [controllermanager.go:743] "Warning: skipping controller" controller="storage-version-migrator-controller"
2025-01-29 22:11:31,975 INFO c.h.h.t.HelmChartContainer - [K3S] [node_ipam_controller.go:141] "Starting ipam controller"
2025-01-29 22:11:31,981 INFO c.h.h.t.HelmChartContainer - [K3S] [controllermanager.go:765] "Started controller" controller="replicaset-controller"
2025-01-29 22:11:31,982 INFO c.h.h.t.HelmChartContainer - [K3S] [replica_set.go:217] "Starting controller" name="replicaset"
2025-01-29 22:11:31,987 INFO c.h.h.t.HelmChartContainer - [K3S] [controllermanager.go:765] "Started controller" controller="ttl-controller"
2025-01-29 22:11:31,987 INFO c.h.h.t.HelmChartContainer - [K3S] [controllermanager.go:723] "Skipping a cloud provider controller" controller="node-route-controller"
2025-01-29 22:11:31,987 INFO c.h.h.t.HelmChartContainer - [K3S] [ttl_controller.go:127] "Starting TTL controller"
2025-01-29 22:11:32,029 INFO c.h.h.t.HelmChartContainer - [K3S] [controllermanager.go:765] "Started controller" controller="ttl-after-finished-controller"
2025-01-29 22:11:32,029 INFO c.h.h.t.HelmChartContainer - [K3S] [ttlafterfinished_controller.go:112] "Starting TTL after finished controller"
2025-01-29 22:11:32,057 INFO c.h.h.t.HelmChartContainer - [K3S] [INFO] Done waiting for CRD helmchartconfigs.helm.cattle.io to become available
2025-01-29 22:11:32,057 INFO c.h.h.t.HelmChartContainer - [K3S] [INFO] Writing static file: /var/lib/rancher/k3s/server/static/charts/traefik-27.0.201+up27.0.2.tgz
2025-01-29 22:11:32,058 INFO c.h.h.t.HelmChartContainer - [K3S] [INFO] Writing static file: /var/lib/rancher/k3s/server/static/charts/traefik-crd-27.0.201+up27.0.2.tgz
2025-01-29 22:11:32,058 INFO c.h.h.t.HelmChartContainer - [K3S] [INFO] Writing manifest: /var/lib/rancher/k3s/server/manifests/ccm.yaml
2025-01-29 22:11:32,059 INFO c.h.h.t.HelmChartContainer - [K3S] [INFO] Writing manifest: /var/lib/rancher/k3s/server/manifests/coredns.yaml
2025-01-29 22:11:32,059 INFO c.h.h.t.HelmChartContainer - [K3S] [INFO] Writing manifest: /var/lib/rancher/k3s/server/manifests/metrics-server/aggregated-metrics-reader.yaml
2025-01-29 22:11:32,059 INFO c.h.h.t.HelmChartContainer - [K3S] [INFO] Writing manifest: /var/lib/rancher/k3s/server/manifests/metrics-server/auth-delegator.yaml
2025-01-29 22:11:32,060 INFO c.h.h.t.HelmChartContainer - [K3S] [INFO] Writing manifest: /var/lib/rancher/k3s/server/manifests/metrics-server/auth-reader.yaml
2025-01-29 22:11:32,060 INFO c.h.h.t.HelmChartContainer - [K3S] [INFO] Writing manifest: /var/lib/rancher/k3s/server/manifests/metrics-server/metrics-server-deployment.yaml
2025-01-29 22:11:32,060 INFO c.h.h.t.HelmChartContainer - [K3S] [INFO] Writing manifest: /var/lib/rancher/k3s/server/manifests/runtimes.yaml
2025-01-29 22:11:32,060 INFO c.h.h.t.HelmChartContainer - [K3S] [INFO] Writing manifest: /var/lib/rancher/k3s/server/manifests/local-storage.yaml
2025-01-29 22:11:32,060 INFO c.h.h.t.HelmChartContainer - [K3S] [INFO] Writing manifest: /var/lib/rancher/k3s/server/manifests/metrics-server/metrics-apiservice.yaml
2025-01-29 22:11:32,060 INFO c.h.h.t.HelmChartContainer - [K3S] [INFO] Writing manifest: /var/lib/rancher/k3s/server/manifests/metrics-server/metrics-server-service.yaml
2025-01-29 22:11:32,060 INFO c.h.h.t.HelmChartContainer - [K3S] [INFO] Writing manifest: /var/lib/rancher/k3s/server/manifests/metrics-server/resource-reader.yaml
2025-01-29 22:11:32,060 INFO c.h.h.t.HelmChartContainer - [K3S] [INFO] Writing manifest: /var/lib/rancher/k3s/server/manifests/rolebindings.yaml
2025-01-29 22:11:32,061 INFO c.h.h.t.HelmChartContainer - [K3S] [INFO] Starting dynamiclistener CN filter node controller with SANs: [localhost 127.0.0.1 ::1 localhost 981f98d14cb3 172.18.0.2 10.43.0.1 kubernetes kubernetes.default kubernetes.default.svc kubernetes.default.svc.cluster.local]
2025-01-29 22:11:32,061 INFO c.h.h.t.HelmChartContainer - [K3S] [INFO] Tunnel server egress proxy mode: agent
2025-01-29 22:11:32,079 INFO c.h.h.t.HelmChartContainer - [K3S] [controllermanager.go:765] "Started controller" controller="taint-eviction-controller"
2025-01-29 22:11:32,079 INFO c.h.h.t.HelmChartContainer - [K3S] [taint_eviction.go:281] "Starting" controller="taint-eviction-controller"
2025-01-29 22:11:32,079 INFO c.h.h.t.HelmChartContainer - [K3S] [taint_eviction.go:287] "Sending events to api server"
2025-01-29 22:11:32,166 INFO c.h.h.t.HelmChartContainer - [K3S] [INFO] Starting k3s.cattle.io/v1, Kind=Addon controller
2025-01-29 22:11:32,166 INFO c.h.h.t.HelmChartContainer - [K3S] [INFO] Creating deploy event broadcaster
2025-01-29 22:11:32,228 INFO c.h.h.t.HelmChartContainer - [K3S] [controllermanager.go:765] "Started controller" controller="pod-garbage-collector-controller"
2025-01-29 22:11:32,228 INFO c.h.h.t.HelmChartContainer - [K3S] [gc_controller.go:99] "Starting GC controller"
2025-01-29 22:11:32,270 INFO c.h.h.t.HelmChartContainer - [K3S] [INFO] Starting /v1, Kind=Node controller
2025-01-29 22:11:32,270 INFO c.h.h.t.HelmChartContainer - [K3S] [INFO] Creating helm-controller event broadcaster
2025-01-29 22:11:32,279 INFO c.h.h.t.HelmChartContainer - [K3S] [INFO] Labels and annotations have been set successfully on node: 981f98d14cb3
2025-01-29 22:11:32,282 INFO c.h.h.t.HelmChartContainer - [K3S] [INFO] Cluster dns configmap has been set successfully
2025-01-29 22:11:32,378 INFO c.h.h.t.HelmChartContainer - [K3S] [INFO] Starting helm.cattle.io/v1, Kind=HelmChart controller
2025-01-29 22:11:32,378 INFO c.h.h.t.HelmChartContainer - [K3S] [INFO] Starting helm.cattle.io/v1, Kind=HelmChartConfig controller
2025-01-29 22:11:32,379 INFO c.h.h.t.HelmChartContainer - [K3S] [controllermanager.go:765] "Started controller" controller="serviceaccount-controller"
2025-01-29 22:11:32,379 INFO c.h.h.t.HelmChartContainer - [K3S] [serviceaccounts_controller.go:114] "Starting service account controller"
2025-01-29 22:11:32,381 INFO c.h.h.t.HelmChartContainer - [K3S] [INFO] Starting rbac.authorization.k8s.io/v1, Kind=ClusterRoleBinding controller
2025-01-29 22:11:32,383 INFO c.h.h.t.HelmChartContainer - [K3S] [INFO] Starting batch/v1, Kind=Job controller
2025-01-29 22:11:32,383 INFO c.h.h.t.HelmChartContainer - [K3S] [INFO] Starting /v1, Kind=ServiceAccount controller
2025-01-29 22:11:32,383 INFO c.h.h.t.HelmChartContainer - [K3S] [INFO] Starting /v1, Kind=Secret controller
2025-01-29 22:11:32,383 INFO c.h.h.t.HelmChartContainer - [K3S] [INFO] Starting /v1, Kind=ConfigMap controller
2025-01-29 22:11:32,530 INFO c.h.h.t.HelmChartContainer - [K3S] [controllermanager.go:765] "Started controller" controller="cronjob-controller"
2025-01-29 22:11:32,530 INFO c.h.h.t.HelmChartContainer - [K3S] [controllermanager.go:717] "Controller is disabled by a feature gate" controller="storageversion-garbage-collector-controller" requiredFeatureGates=["APIServerIdentity","StorageVersionAPI"]
2025-01-29 22:11:32,530 INFO c.h.h.t.HelmChartContainer - [K3S] [controllermanager.go:717] "Controller is disabled by a feature gate" controller="service-cidr-controller" requiredFeatureGates=["MultiCIDRServiceAllocator"]
2025-01-29 22:11:32,530 INFO c.h.h.t.HelmChartContainer - [K3S] [controllermanager.go:717] "Controller is disabled by a feature gate" controller="kube-apiserver-serving-clustertrustbundle-publisher-controller" requiredFeatureGates=["ClusterTrustBundle"]
2025-01-29 22:11:32,530 INFO c.h.h.t.HelmChartContainer - [K3S] [controllermanager.go:717] "Controller is disabled by a feature gate" controller="resourceclaim-controller" requiredFeatureGates=["DynamicResourceAllocation"]
2025-01-29 22:11:32,530 INFO c.h.h.t.HelmChartContainer - [K3S] [cronjob_controllerv2.go:145] "Starting cronjob controller v2"
2025-01-29 22:11:32,729 INFO c.h.h.t.HelmChartContainer - [K3S] [controllermanager.go:765] "Started controller" controller="validatingadmissionpolicy-status-controller"
2025-01-29 22:11:32,829 INFO c.h.h.t.HelmChartContainer - [K3S] [INFO] Updating TLS secret for kube-system/k3s-serving (count: 10): map[listener.cattle.io/cn-10.43.0.1:10.43.0.1 listener.cattle.io/cn-127.0.0.1:127.0.0.1 listener.cattle.io/cn-172.18.0.2:172.18.0.2 listener.cattle.io/cn-981f98d14cb3:981f98d14cb3 listener.cattle.io/cn-__1-f16284:::1 listener.cattle.io/cn-kubernetes:kubernetes listener.cattle.io/cn-kubernetes.default:kubernetes.default listener.cattle.io/cn-kubernetes.default.svc:kubernetes.default.svc listener.cattle.io/cn-kubernetes.default.svc.cluster.local:kubernetes.default.svc.cluster.local listener.cattle.io/cn-localhost:localhost listener.cattle.io/fingerprint:SHA1=3486039FE81B9D34D021B87E76E839EB5EB9CEE3]
2025-01-29 22:11:32,831 INFO c.h.h.t.HelmChartContainer - [K3S] [INFO] Active TLS secret kube-system/k3s-serving (ver=243) (count 10): map[listener.cattle.io/cn-10.43.0.1:10.43.0.1 listener.cattle.io/cn-127.0.0.1:127.0.0.1 listener.cattle.io/cn-172.18.0.2:172.18.0.2 listener.cattle.io/cn-981f98d14cb3:981f98d14cb3 listener.cattle.io/cn-__1-f16284:::1 listener.cattle.io/cn-kubernetes:kubernetes listener.cattle.io/cn-kubernetes.default:kubernetes.default listener.cattle.io/cn-kubernetes.default.svc:kubernetes.default.svc listener.cattle.io/cn-kubernetes.default.svc.cluster.local:kubernetes.default.svc.cluster.local listener.cattle.io/cn-localhost:localhost listener.cattle.io/fingerprint:SHA1=3486039FE81B9D34D021B87E76E839EB5EB9CEE3]
2025-01-29 22:11:32,878 INFO c.h.h.t.HelmChartContainer - [K3S] [controllermanager.go:765] "Started controller" controller="replicationcontroller-controller"
2025-01-29 22:11:32,879 INFO c.h.h.t.HelmChartContainer - [K3S] [replica_set.go:217] "Starting controller" name="replicationcontroller"
2025-01-29 22:11:32,926 INFO c.h.h.t.HelmChartContainer - [K3S] [INFO] Updating TLS secret for kube-system/k3s-serving (count: 10): map[listener.cattle.io/cn-10.43.0.1:10.43.0.1 listener.cattle.io/cn-127.0.0.1:127.0.0.1 listener.cattle.io/cn-172.18.0.2:172.18.0.2 listener.cattle.io/cn-981f98d14cb3:981f98d14cb3 listener.cattle.io/cn-__1-f16284:::1 listener.cattle.io/cn-kubernetes:kubernetes listener.cattle.io/cn-kubernetes.default:kubernetes.default listener.cattle.io/cn-kubernetes.default.svc:kubernetes.default.svc listener.cattle.io/cn-kubernetes.default.svc.cluster.local:kubernetes.default.svc.cluster.local listener.cattle.io/cn-localhost:localhost listener.cattle.io/fingerprint:SHA1=3486039FE81B9D34D021B87E76E839EB5EB9CEE3]
2025-01-29 22:11:33,029 INFO c.h.h.t.HelmChartContainer - [K3S] [controllermanager.go:765] "Started controller" controller="deployment-controller"
2025-01-29 22:11:33,029 INFO c.h.h.t.HelmChartContainer - [K3S] [deployment_controller.go:173] "Starting controller" controller="deployment"
2025-01-29 22:11:33,179 INFO c.h.h.t.HelmChartContainer - [K3S] [certificate_controller.go:120] "Starting certificate controller" name="csrsigning-kubelet-serving"
2025-01-29 22:11:33,180 INFO c.h.h.t.HelmChartContainer - [K3S] [dynamic_serving_content.go:135] "Starting controller" name="csr-controller::/var/lib/rancher/k3s/server/tls/server-ca.nochain.crt::/var/lib/rancher/k3s/server/tls/server-ca.key"
2025-01-29 22:11:33,180 INFO c.h.h.t.HelmChartContainer - [K3S] [certificate_controller.go:120] "Starting certificate controller" name="csrsigning-kubelet-client"
2025-01-29 22:11:33,180 INFO c.h.h.t.HelmChartContainer - [K3S] [dynamic_serving_content.go:135] "Starting controller" name="csr-controller::/var/lib/rancher/k3s/server/tls/client-ca.nochain.crt::/var/lib/rancher/k3s/server/tls/client-ca.key"
2025-01-29 22:11:33,180 INFO c.h.h.t.HelmChartContainer - [K3S] [certificate_controller.go:120] "Starting certificate controller" name="csrsigning-kube-apiserver-client"
2025-01-29 22:11:33,180 INFO c.h.h.t.HelmChartContainer - [K3S] [dynamic_serving_content.go:135] "Starting controller" name="csr-controller::/var/lib/rancher/k3s/server/tls/client-ca.nochain.crt::/var/lib/rancher/k3s/server/tls/client-ca.key"
2025-01-29 22:11:33,181 INFO c.h.h.t.HelmChartContainer - [K3S] [controllermanager.go:765] "Started controller" controller="certificatesigningrequest-signing-controller"
2025-01-29 22:11:33,181 INFO c.h.h.t.HelmChartContainer - [K3S] [controllermanager.go:723] "Skipping a cloud provider controller" controller="cloud-node-lifecycle-controller"
2025-01-29 22:11:33,181 INFO c.h.h.t.HelmChartContainer - [K3S] [certificate_controller.go:120] "Starting certificate controller" name="csrsigning-legacy-unknown"
2025-01-29 22:11:33,181 INFO c.h.h.t.HelmChartContainer - [K3S] [dynamic_serving_content.go:135] "Starting controller" name="csr-controller::/var/lib/rancher/k3s/server/tls/server-ca.nochain.crt::/var/lib/rancher/k3s/server/tls/server-ca.key"
2025-01-29 22:11:33,332 INFO c.h.h.t.HelmChartContainer - [K3S] [controllermanager.go:765] "Started controller" controller="persistentvolume-binder-controller"
2025-01-29 22:11:33,332 INFO c.h.h.t.HelmChartContainer - [K3S] [pv_controller_base.go:308] "Starting persistent volume controller"
2025-01-29 22:11:33,479 INFO c.h.h.t.HelmChartContainer - [K3S] [controllermanager.go:765] "Started controller" controller="persistentvolume-expander-controller"
2025-01-29 22:11:33,479 INFO c.h.h.t.HelmChartContainer - [K3S] [controllermanager.go:717] "Controller is disabled by a feature gate" controller="selinux-warning-controller" requiredFeatureGates=["SELinuxChangePolicy"]
2025-01-29 22:11:33,480 INFO c.h.h.t.HelmChartContainer - [K3S] [expand_controller.go:329] "Starting expand controller"
2025-01-29 22:11:33,630 INFO c.h.h.t.HelmChartContainer - [K3S] [controllermanager.go:765] "Started controller" controller="endpointslice-controller"
2025-01-29 22:11:33,630 INFO c.h.h.t.HelmChartContainer - [K3S] [endpointslice_controller.go:281] "Starting endpoint slice controller"
2025-01-29 22:11:33,697 INFO c.h.h.t.HelmChartContainer - [K3S] [event.go:389] "Event occurred" object="981f98d14cb3" fieldPath="" kind="Node" apiVersion="" type="Normal" reason="NodePasswordValidationComplete" message="Deferred node password secret validation complete"
2025-01-29 22:11:33,779 INFO c.h.h.t.HelmChartContainer - [K3S] [controllermanager.go:765] "Started controller" controller="endpointslice-mirroring-controller"
2025-01-29 22:11:33,779 INFO c.h.h.t.HelmChartContainer - [K3S] [endpointslicemirroring_controller.go:227] "Starting EndpointSliceMirroring controller"
2025-01-29 22:11:33,930 INFO c.h.h.t.HelmChartContainer - [K3S] [controllermanager.go:765] "Started controller" controller="daemonset-controller"
2025-01-29 22:11:33,930 INFO c.h.h.t.HelmChartContainer - [K3S] [daemon_controller.go:294] "Starting daemon sets controller"
2025-01-29 22:11:34,079 INFO c.h.h.t.HelmChartContainer - [K3S] [controllermanager.go:765] "Started controller" controller="token-cleaner-controller"
2025-01-29 22:11:34,079 INFO c.h.h.t.HelmChartContainer - [K3S] [tokencleaner.go:117] "Starting token cleaner controller"
2025-01-29 22:11:34,129 INFO c.h.h.t.HelmChartContainer - [K3S] [node_lifecycle_controller.go:432] "Controller will reconcile labels"
2025-01-29 22:11:34,129 INFO c.h.h.t.HelmChartContainer - [K3S] [controllermanager.go:765] "Started controller" controller="node-lifecycle-controller"
2025-01-29 22:11:34,129 INFO c.h.h.t.HelmChartContainer - [K3S] [node_lifecycle_controller.go:466] "Sending events to api server"
2025-01-29 22:11:34,129 INFO c.h.h.t.HelmChartContainer - [K3S] [node_lifecycle_controller.go:477] "Starting node controller"
2025-01-29 22:11:34,171 INFO c.h.h.t.HelmChartContainer - [K3S] [event.go:389] "Event occurred" object="kube-system/ccm" fieldPath="" kind="Addon" apiVersion="k3s.cattle.io/v1" type="Normal" reason="ApplyingManifest" message="Applying manifest at \"/var/lib/rancher/k3s/server/manifests/ccm.yaml\""
2025-01-29 22:11:34,189 INFO c.h.h.t.HelmChartContainer - [K3S] [event.go:389] "Event occurred" object="kube-system/ccm" fieldPath="" kind="Addon" apiVersion="k3s.cattle.io/v1" type="Normal" reason="AppliedManifest" message="Applied manifest at \"/var/lib/rancher/k3s/server/manifests/ccm.yaml\""
2025-01-29 22:11:34,198 INFO c.h.h.t.HelmChartContainer - [K3S] [event.go:389] "Event occurred" object="kube-system/coredns" fieldPath="" kind="Addon" apiVersion="k3s.cattle.io/v1" type="Normal" reason="ApplyingManifest" message="Applying manifest at \"/var/lib/rancher/k3s/server/manifests/coredns.yaml\""
2025-01-29 22:11:34,279 INFO c.h.h.t.HelmChartContainer - [K3S] [controllermanager.go:765] "Started controller" controller="persistentvolume-protection-controller"
2025-01-29 22:11:34,279 INFO c.h.h.t.HelmChartContainer - [K3S] [pv_protection_controller.go:81] "Starting PV protection controller"
2025-01-29 22:11:34,303 INFO c.h.h.t.HelmChartContainer - [K3S] [alloc.go:330] "allocated clusterIPs" service="kube-system/kube-dns" clusterIPs={"IPv4":"10.43.0.10"}
2025-01-29 22:11:34,305 INFO c.h.h.t.HelmChartContainer - [K3S] [event.go:389] "Event occurred" object="kube-system/coredns" fieldPath="" kind="Addon" apiVersion="k3s.cattle.io/v1" type="Normal" reason="AppliedManifest" message="Applied manifest at \"/var/lib/rancher/k3s/server/manifests/coredns.yaml\""
2025-01-29 22:11:34,313 INFO c.h.h.t.HelmChartContainer - [K3S] [event.go:389] "Event occurred" object="kube-system/local-storage" fieldPath="" kind="Addon" apiVersion="k3s.cattle.io/v1" type="Normal" reason="ApplyingManifest" message="Applying manifest at \"/var/lib/rancher/k3s/server/manifests/local-storage.yaml\""
2025-01-29 22:11:34,403 INFO c.h.h.t.HelmChartContainer - [K3S] [event.go:389] "Event occurred" object="kube-system/local-storage" fieldPath="" kind="Addon" apiVersion="k3s.cattle.io/v1" type="Normal" reason="AppliedManifest" message="Applied manifest at \"/var/lib/rancher/k3s/server/manifests/local-storage.yaml\""
2025-01-29 22:11:34,409 INFO c.h.h.t.HelmChartContainer - [K3S] [event.go:389] "Event occurred" object="kube-system/aggregated-metrics-reader" fieldPath="" kind="Addon" apiVersion="k3s.cattle.io/v1" type="Normal" reason="ApplyingManifest" message="Applying manifest at \"/var/lib/rancher/k3s/server/manifests/metrics-server/aggregated-metrics-reader.yaml\""
2025-01-29 22:11:34,479 INFO c.h.h.t.HelmChartContainer - [K3S] [event.go:389] "Event occurred" object="kube-system/aggregated-metrics-reader" fieldPath="" kind="Addon" apiVersion="k3s.cattle.io/v1" type="Normal" reason="AppliedManifest" message="Applied manifest at \"/var/lib/rancher/k3s/server/manifests/metrics-server/aggregated-metrics-reader.yaml\""
2025-01-29 22:11:34,484 INFO c.h.h.t.HelmChartContainer - [K3S] [event.go:389] "Event occurred" object="kube-system/auth-delegator" fieldPath="" kind="Addon" apiVersion="k3s.cattle.io/v1" type="Normal" reason="ApplyingManifest" message="Applying manifest at \"/var/lib/rancher/k3s/server/manifests/metrics-server/auth-delegator.yaml\""
2025-01-29 22:11:34,489 INFO c.h.h.t.HelmChartContainer - [K3S] [event.go:389] "Event occurred" object="kube-system/auth-delegator" fieldPath="" kind="Addon" apiVersion="k3s.cattle.io/v1" type="Normal" reason="AppliedManifest" message="Applied manifest at \"/var/lib/rancher/k3s/server/manifests/metrics-server/auth-delegator.yaml\""
2025-01-29 22:11:34,494 INFO c.h.h.t.HelmChartContainer - [K3S] [event.go:389] "Event occurred" object="kube-system/auth-reader" fieldPath="" kind="Addon" apiVersion="k3s.cattle.io/v1" type="Normal" reason="ApplyingManifest" message="Applying manifest at \"/var/lib/rancher/k3s/server/manifests/metrics-server/auth-reader.yaml\""
2025-01-29 22:11:34,499 INFO c.h.h.t.HelmChartContainer - [K3S] [event.go:389] "Event occurred" object="kube-system/auth-reader" fieldPath="" kind="Addon" apiVersion="k3s.cattle.io/v1" type="Normal" reason="AppliedManifest" message="Applied manifest at \"/var/lib/rancher/k3s/server/manifests/metrics-server/auth-reader.yaml\""
2025-01-29 22:11:34,508 INFO c.h.h.t.HelmChartContainer - [K3S] [event.go:389] "Event occurred" object="kube-system/metrics-apiservice" fieldPath="" kind="Addon" apiVersion="k3s.cattle.io/v1" type="Normal" reason="ApplyingManifest" message="Applying manifest at \"/var/lib/rancher/k3s/server/manifests/metrics-server/metrics-apiservice.yaml\""
2025-01-29 22:11:34,522 INFO c.h.h.t.HelmChartContainer - [K3S] [event.go:389] "Event occurred" object="kube-system/metrics-apiservice" fieldPath="" kind="Addon" apiVersion="k3s.cattle.io/v1" type="Normal" reason="AppliedManifest" message="Applied manifest at \"/var/lib/rancher/k3s/server/manifests/metrics-server/metrics-apiservice.yaml\""
2025-01-29 22:11:34,530 INFO c.h.h.t.HelmChartContainer - [K3S] [handler_proxy.go:99] no RequestInfo found in the context
2025-01-29 22:11:34,531 INFO c.h.h.t.HelmChartContainer - [K3S] [controller.go:146] "Unhandled Error" err=<
2025-01-29 22:11:34,532 INFO c.h.h.t.HelmChartContainer - [K3S] 	, Header: map[Content-Type:[text/plain; charset=utf-8] X-Content-Type-Options:[nosniff]]
2025-01-29 22:11:34,532 INFO c.h.h.t.HelmChartContainer - [K3S]  >
2025-01-29 22:11:34,532 INFO c.h.h.t.HelmChartContainer - [K3S] [handler_proxy.go:143] error resolving kube-system/metrics-server: service "metrics-server" not found
2025-01-29 22:11:34,539 INFO c.h.h.t.HelmChartContainer - [K3S] [event.go:389] "Event occurred" object="kube-system/metrics-server-deployment" fieldPath="" kind="Addon" apiVersion="k3s.cattle.io/v1" type="Normal" reason="ApplyingManifest" message="Applying manifest at \"/var/lib/rancher/k3s/server/manifests/metrics-server/metrics-server-deployment.yaml\""
2025-01-29 22:11:34,547 INFO c.h.h.t.HelmChartContainer - [K3S] [controllermanager.go:765] "Started controller" controller="namespace-controller"
2025-01-29 22:11:34,549 INFO c.h.h.t.HelmChartContainer - [K3S] [namespace_controller.go:202] "Starting namespace controller"
2025-01-29 22:11:34,559 INFO c.h.h.t.HelmChartContainer - [K3S] [event.go:389] "Event occurred" object="kube-system/metrics-server-deployment" fieldPath="" kind="Addon" apiVersion="k3s.cattle.io/v1" type="Normal" reason="AppliedManifest" message="Applied manifest at \"/var/lib/rancher/k3s/server/manifests/metrics-server/metrics-server-deployment.yaml\""
2025-01-29 22:11:34,568 INFO c.h.h.t.HelmChartContainer - [K3S] [event.go:389] "Event occurred" object="kube-system/metrics-server-service" fieldPath="" kind="Addon" apiVersion="k3s.cattle.io/v1" type="Normal" reason="ApplyingManifest" message="Applying manifest at \"/var/lib/rancher/k3s/server/manifests/metrics-server/metrics-server-service.yaml\""
2025-01-29 22:11:34,582 INFO c.h.h.t.HelmChartContainer - [K3S] [alloc.go:330] "allocated clusterIPs" service="kube-system/metrics-server" clusterIPs={"IPv4":"10.43.153.114"}
2025-01-29 22:11:34,582 INFO c.h.h.t.HelmChartContainer - [K3S] [event.go:389] "Event occurred" object="kube-system/metrics-server-service" fieldPath="" kind="Addon" apiVersion="k3s.cattle.io/v1" type="Normal" reason="AppliedManifest" message="Applied manifest at \"/var/lib/rancher/k3s/server/manifests/metrics-server/metrics-server-service.yaml\""
2025-01-29 22:11:34,587 INFO c.h.h.t.HelmChartContainer - [K3S] [handler_proxy.go:99] no RequestInfo found in the context
2025-01-29 22:11:34,587 INFO c.h.h.t.HelmChartContainer - [K3S] [controller.go:146] "Unhandled Error" err=<
2025-01-29 22:11:34,587 INFO c.h.h.t.HelmChartContainer - [K3S] 	, Header: map[Content-Type:[text/plain; charset=utf-8] X-Content-Type-Options:[nosniff]]
2025-01-29 22:11:34,587 INFO c.h.h.t.HelmChartContainer - [K3S]  >
2025-01-29 22:11:34,588 INFO c.h.h.t.HelmChartContainer - [K3S] [handler_proxy.go:143] error resolving kube-system/metrics-server: endpoints "metrics-server" not found
2025-01-29 22:11:34,591 INFO c.h.h.t.HelmChartContainer - [K3S] [event.go:389] "Event occurred" object="kube-system/resource-reader" fieldPath="" kind="Addon" apiVersion="k3s.cattle.io/v1" type="Normal" reason="ApplyingManifest" message="Applying manifest at \"/var/lib/rancher/k3s/server/manifests/metrics-server/resource-reader.yaml\""
2025-01-29 22:11:34,607 INFO c.h.h.t.HelmChartContainer - [K3S] [event.go:389] "Event occurred" object="kube-system/resource-reader" fieldPath="" kind="Addon" apiVersion="k3s.cattle.io/v1" type="Normal" reason="AppliedManifest" message="Applied manifest at \"/var/lib/rancher/k3s/server/manifests/metrics-server/resource-reader.yaml\""
2025-01-29 22:11:34,613 INFO c.h.h.t.HelmChartContainer - [K3S] [event.go:389] "Event occurred" object="kube-system/rolebindings" fieldPath="" kind="Addon" apiVersion="k3s.cattle.io/v1" type="Normal" reason="ApplyingManifest" message="Applying manifest at \"/var/lib/rancher/k3s/server/manifests/rolebindings.yaml\""
2025-01-29 22:11:34,717 INFO c.h.h.t.HelmChartContainer - [K3S] [event.go:389] "Event occurred" object="kube-system/rolebindings" fieldPath="" kind="Addon" apiVersion="k3s.cattle.io/v1" type="Normal" reason="AppliedManifest" message="Applied manifest at \"/var/lib/rancher/k3s/server/manifests/rolebindings.yaml\""
2025-01-29 22:11:34,724 INFO c.h.h.t.HelmChartContainer - [K3S] [event.go:389] "Event occurred" object="kube-system/runtimes" fieldPath="" kind="Addon" apiVersion="k3s.cattle.io/v1" type="Normal" reason="ApplyingManifest" message="Applying manifest at \"/var/lib/rancher/k3s/server/manifests/runtimes.yaml\""
2025-01-29 22:11:34,750 INFO c.h.h.t.HelmChartContainer - [K3S] [event.go:389] "Event occurred" object="kube-system/runtimes" fieldPath="" kind="Addon" apiVersion="k3s.cattle.io/v1" type="Normal" reason="AppliedManifest" message="Applied manifest at \"/var/lib/rancher/k3s/server/manifests/runtimes.yaml\""
2025-01-29 22:11:34,828 INFO c.h.h.t.HelmChartContainer - [K3S] [controllermanager.go:765] "Started controller" controller="horizontal-pod-autoscaler-controller"
2025-01-29 22:11:34,828 INFO c.h.h.t.HelmChartContainer - [K3S] [controllermanager.go:728] "Warning: controller is disabled" controller="bootstrap-signer-controller"
2025-01-29 22:11:34,829 INFO c.h.h.t.HelmChartContainer - [K3S] [horizontal.go:201] "Starting HPA controller"
2025-01-29 22:11:34,979 INFO c.h.h.t.HelmChartContainer - [K3S] [controllermanager.go:765] "Started controller" controller="clusterrole-aggregation-controller"
2025-01-29 22:11:34,979 INFO c.h.h.t.HelmChartContainer - [K3S] [clusterroleaggregation_controller.go:194] "Starting ClusterRoleAggregator controller"
2025-01-29 22:11:35,130 INFO c.h.h.t.HelmChartContainer - [K3S] [controllermanager.go:765] "Started controller" controller="persistentvolumeclaim-protection-controller"
2025-01-29 22:11:35,130 INFO c.h.h.t.HelmChartContainer - [K3S] [pvc_protection_controller.go:168] "Starting PVC protection controller"
2025-01-29 22:11:35,160 INFO c.h.h.t.HelmChartContainer - [K3S] [INFO] Tunnel authorizer set Kubelet Port 0.0.0.0:10250
2025-01-29 22:11:35,281 INFO c.h.h.t.HelmChartContainer - [K3S] [controllermanager.go:765] "Started controller" controller="persistentvolume-attach-detach-controller"
2025-01-29 22:11:35,281 INFO c.h.h.t.HelmChartContainer - [K3S] [attach_detach_controller.go:338] "Starting attach detach controller"
2025-01-29 22:11:35,438 INFO c.h.h.t.HelmChartContainer - [K3S] [controllermanager.go:765] "Started controller" controller="root-ca-certificate-publisher-controller"
2025-01-29 22:11:35,438 INFO c.h.h.t.HelmChartContainer - [K3S] [publisher.go:107] "Starting root CA cert publisher controller"
2025-01-29 22:11:35,524 INFO c.h.h.t.HelmChartContainer - [K3S] [handler_proxy.go:99] no RequestInfo found in the context
2025-01-29 22:11:35,524 INFO c.h.h.t.HelmChartContainer - [K3S] [handler_proxy.go:99] no RequestInfo found in the context
2025-01-29 22:11:35,524 INFO c.h.h.t.HelmChartContainer - [K3S] [controller.go:102] "Unhandled Error" err=<
2025-01-29 22:11:35,524 INFO c.h.h.t.HelmChartContainer - [K3S] 	, Header: map[Content-Type:[text/plain; charset=utf-8] X-Content-Type-Options:[nosniff]]
2025-01-29 22:11:35,524 INFO c.h.h.t.HelmChartContainer - [K3S]  >
2025-01-29 22:11:35,561 INFO c.h.h.t.HelmChartContainer - [K3S] [serving.go:392] Generated self-signed cert in-memory
2025-01-29 22:11:35,580 INFO c.h.h.t.HelmChartContainer - [K3S] [controllermanager.go:765] "Started controller" controller="ephemeral-volume-controller"
2025-01-29 22:11:35,580 INFO c.h.h.t.HelmChartContainer - [K3S] [controller.go:173] "Starting ephemeral volume controller"
2025-01-29 22:11:35,694 INFO c.h.h.t.HelmChartContainer - [K3S] [serving.go:392] Generated self-signed cert in-memory
2025-01-29 22:11:35,828 INFO c.h.h.t.HelmChartContainer - [K3S] [graph_builder.go:351] "Running" component="GraphBuilder"
2025-01-29 22:11:35,829 INFO c.h.h.t.HelmChartContainer - [K3S] [controllermanager.go:765] "Started controller" controller="garbage-collector-controller"
2025-01-29 22:11:36,128 INFO c.h.h.t.HelmChartContainer - [K3S] [controllermanager.go:765] "Started controller" controller="disruption-controller"
2025-01-29 22:11:36,129 INFO c.h.h.t.HelmChartContainer - [K3S] [disruption.go:452] "Sending events to api server."
2025-01-29 22:11:36,129 INFO c.h.h.t.HelmChartContainer - [K3S] [disruption.go:463] "Starting disruption controller"
2025-01-29 22:11:36,162 INFO c.h.h.t.HelmChartContainer - [K3S] [INFO] Started tunnel to 172.18.0.2:6443
2025-01-29 22:11:36,163 INFO c.h.h.t.HelmChartContainer - [K3S] [INFO] Stopped tunnel to 127.0.0.1:6443
2025-01-29 22:11:36,163 INFO c.h.h.t.HelmChartContainer - [K3S] [INFO] Connecting to proxy" url="wss://172.18.0.2:6443/v1-k3s/connect
2025-01-29 22:11:36,163 INFO c.h.h.t.HelmChartContainer - [K3S] [INFO] Proxy done" err="context canceled" url="wss://127.0.0.1:6443/v1-k3s/connect
2025-01-29 22:11:36,163 INFO c.h.h.t.HelmChartContainer - [K3S] [INFO] error in remotedialer server [400]: websocket: close 1006 (abnormal closure): unexpected EOF
2025-01-29 22:11:36,165 INFO c.h.h.t.HelmChartContainer - [K3S] [INFO] Handling backend connection request [981f98d14cb3]
2025-01-29 22:11:36,166 INFO c.h.h.t.HelmChartContainer - [K3S] [INFO] Remotedialer connected to proxy" url="wss://172.18.0.2:6443/v1-k3s/connect
2025-01-29 22:11:36,180 INFO c.h.h.t.HelmChartContainer - [K3S] [controllermanager.go:765] "Started controller" controller="certificatesigningrequest-approving-controller"
2025-01-29 22:11:36,180 INFO c.h.h.t.HelmChartContainer - [K3S] [certificate_controller.go:120] "Starting certificate controller" name="csrapproving"
2025-01-29 22:11:36,205 INFO c.h.h.t.HelmChartContainer - [K3S] [controllermanager.go:160] Version: v1.32.1+k3s1
2025-01-29 22:11:36,209 INFO c.h.h.t.HelmChartContainer - [K3S] [requestheader_controller.go:180] Starting RequestHeaderAuthRequestController
2025-01-29 22:11:36,209 INFO c.h.h.t.HelmChartContainer - [K3S] [configmap_cafile_content.go:205] "Starting controller" name="client-ca::kube-system::extension-apiserver-authentication::requestheader-client-ca-file"
2025-01-29 22:11:36,209 INFO c.h.h.t.HelmChartContainer - [K3S] [configmap_cafile_content.go:205] "Starting controller" name="client-ca::kube-system::extension-apiserver-authentication::client-ca-file"
2025-01-29 22:11:36,209 INFO c.h.h.t.HelmChartContainer - [K3S] [secure_serving.go:213] Serving securely on 127.0.0.1:10258
2025-01-29 22:11:36,209 INFO c.h.h.t.HelmChartContainer - [K3S] [tlsconfig.go:243] "Starting DynamicServingCertificateController"
2025-01-29 22:11:36,214 INFO c.h.h.t.HelmChartContainer - [K3S] [INFO] Creating service-lb-controller event broadcaster
2025-01-29 22:11:36,230 INFO c.h.h.t.HelmChartContainer - [K3S] [controllermanager.go:765] "Started controller" controller="certificatesigningrequest-cleaner-controller"
2025-01-29 22:11:36,230 INFO c.h.h.t.HelmChartContainer - [K3S] [cleaner.go:83] "Starting CSR cleaner controller"
2025-01-29 22:11:36,250 INFO c.h.h.t.HelmChartContainer - [K3S] [actual_state_of_world.go:541] "Failed to update statusUpdateNeeded field in actual state of world" err="Failed to set statusUpdateNeeded to needed true, because nodeName=\"981f98d14cb3\" does not exist"
2025-01-29 22:11:36,276 INFO c.h.h.t.HelmChartContainer - [K3S] [range_allocator.go:177] "Sending events to api server"
2025-01-29 22:11:36,277 INFO c.h.h.t.HelmChartContainer - [K3S] [range_allocator.go:183] "Starting range CIDR allocator"
2025-01-29 22:11:36,282 INFO c.h.h.t.HelmChartContainer - [K3S] [INFO] Flannel found PodCIDR assigned for node 981f98d14cb3
2025-01-29 22:11:36,283 INFO c.h.h.t.HelmChartContainer - [K3S] [range_allocator.go:428] "Set node PodCIDR" node="981f98d14cb3" podCIDRs=["10.42.0.0/24"]
2025-01-29 22:11:36,283 INFO c.h.h.t.HelmChartContainer - [K3S] [range_allocator.go:247] "Successfully synced" key="981f98d14cb3"
2025-01-29 22:11:36,283 INFO c.h.h.t.HelmChartContainer - [K3S] [range_allocator.go:247] "Successfully synced" key="981f98d14cb3"
2025-01-29 22:11:36,285 INFO c.h.h.t.HelmChartContainer - [K3S] [INFO] The interface eth0 with ipv4 address 172.18.0.2 will be used by flannel
2025-01-29 22:11:36,287 INFO c.h.h.t.HelmChartContainer - [K3S] [kube.go:139] Waiting 10m0s for node controller to sync
2025-01-29 22:11:36,288 INFO c.h.h.t.HelmChartContainer - [K3S] [kube.go:469] Starting kube subnet manager
2025-01-29 22:11:36,292 INFO c.h.h.t.HelmChartContainer - [K3S] [INFO] Updated coredns NodeHosts entry for 981f98d14cb3
2025-01-29 22:11:36,295 INFO c.h.h.t.HelmChartContainer - [K3S] [INFO] Network policy controller waiting for removal of node.cloudprovider.kubernetes.io/uninitialized taint
2025-01-29 22:11:36,329 INFO c.h.h.t.HelmChartContainer - [K3S] [INFO] Starting /v1, Kind=Node controller
2025-01-29 22:11:36,329 INFO c.h.h.t.HelmChartContainer - [K3S] [node_lifecycle_controller.go:1234] "Initializing eviction metric for zone" zone=""
2025-01-29 22:11:36,329 INFO c.h.h.t.HelmChartContainer - [K3S] [node_lifecycle_controller.go:886] "Missing timestamp for Node. Assuming now as a timestamp" node="981f98d14cb3"
2025-01-29 22:11:36,334 INFO c.h.h.t.HelmChartContainer - [K3S] [node_lifecycle_controller.go:1080] "Controller detected that zone is now in new state" zone="" newState="Normal"
2025-01-29 22:11:36,335 INFO c.h.h.t.HelmChartContainer - [K3S] [INFO] Starting /v1, Kind=Pod controller
2025-01-29 22:11:36,339 INFO c.h.h.t.HelmChartContainer - [K3S] [range_allocator.go:247] "Successfully synced" key="981f98d14cb3"
2025-01-29 22:11:36,340 INFO c.h.h.t.HelmChartContainer - [K3S] [INFO] Starting apps/v1, Kind=DaemonSet controller
2025-01-29 22:11:36,343 INFO c.h.h.t.HelmChartContainer - [K3S] [controllermanager.go:306] "node-route-controller" is disabled
2025-01-29 22:11:36,343 INFO c.h.h.t.HelmChartContainer - [K3S] [INFO] Starting discovery.k8s.io/v1, Kind=EndpointSlice controller
2025-01-29 22:11:36,345 INFO c.h.h.t.HelmChartContainer - [K3S] [controllermanager.go:329] Started "cloud-node-controller"
2025-01-29 22:11:36,345 INFO c.h.h.t.HelmChartContainer - [K3S] [node_controller.go:176] Sending events to api server.
2025-01-29 22:11:36,345 INFO c.h.h.t.HelmChartContainer - [K3S] [node_controller.go:185] Waiting for informer caches to sync
2025-01-29 22:11:36,345 INFO c.h.h.t.HelmChartContainer - [K3S] [controllermanager.go:329] Started "cloud-node-lifecycle-controller"
2025-01-29 22:11:36,345 INFO c.h.h.t.HelmChartContainer - [K3S] [node_lifecycle_controller.go:112] Sending events to api server
2025-01-29 22:11:36,345 INFO c.h.h.t.HelmChartContainer - [K3S] [controllermanager.go:329] Started "service-lb-controller"
2025-01-29 22:11:36,345 INFO c.h.h.t.HelmChartContainer - [K3S] [controller.go:234] Starting service controller
2025-01-29 22:11:36,444 INFO c.h.h.t.HelmChartContainer - [K3S] [node_controller.go:429] Initializing node 981f98d14cb3 with cloud provider
2025-01-29 22:11:36,449 INFO c.h.h.t.HelmChartContainer - [K3S] [node_controller.go:474] Successfully initialized node 981f98d14cb3 with cloud provider
2025-01-29 22:11:36,449 INFO c.h.h.t.HelmChartContainer - [K3S] [event.go:389] "Event occurred" object="981f98d14cb3" fieldPath="" kind="Node" apiVersion="v1" type="Normal" reason="Synced" message="Node synced successfully"
2025-01-29 22:11:36,450 INFO c.h.h.t.HelmChartContainer - [K3S] [range_allocator.go:247] "Successfully synced" key="981f98d14cb3"
2025-01-29 22:11:36,836 INFO c.h.h.t.HelmChartContainer - [K3S] [range_allocator.go:247] "Successfully synced" key="981f98d14cb3"
2025-01-29 22:11:36,842 INFO c.h.h.t.HelmChartContainer - [K3S] [serving.go:392] Generated self-signed cert in-memory
2025-01-29 22:11:37,036 INFO c.h.h.t.HelmChartContainer - [K3S] [handler_proxy.go:99] no RequestInfo found in the context
2025-01-29 22:11:37,036 INFO c.h.h.t.HelmChartContainer - [K3S] [controller.go:146] "Unhandled Error" err=<
2025-01-29 22:11:37,036 INFO c.h.h.t.HelmChartContainer - [K3S] 	, Header: map[Content-Type:[text/plain; charset=utf-8] X-Content-Type-Options:[nosniff]]
2025-01-29 22:11:37,036 INFO c.h.h.t.HelmChartContainer - [K3S]  >
2025-01-29 22:11:37,037 INFO c.h.h.t.HelmChartContainer - [K3S] [handler_proxy.go:143] error resolving kube-system/metrics-server: no endpoints available for service "metrics-server"
2025-01-29 22:11:37,133 INFO c.h.h.t.HelmChartContainer - [K3S] [server.go:164] "Starting Kubernetes Scheduler" version="v1.32.1+k3s1"
2025-01-29 22:11:37,133 INFO c.h.h.t.HelmChartContainer - [K3S] [server.go:166] "Golang settings" GOGC="" GOMAXPROCS="" GOTRACEBACK=""
2025-01-29 22:11:37,136 INFO c.h.h.t.HelmChartContainer - [K3S] [secure_serving.go:213] Serving securely on 127.0.0.1:10259
2025-01-29 22:11:37,136 INFO c.h.h.t.HelmChartContainer - [K3S] [requestheader_controller.go:180] Starting RequestHeaderAuthRequestController
2025-01-29 22:11:37,136 INFO c.h.h.t.HelmChartContainer - [K3S] [tlsconfig.go:243] "Starting DynamicServingCertificateController"
2025-01-29 22:11:37,139 INFO c.h.h.t.HelmChartContainer - [K3S] [configmap_cafile_content.go:205] "Starting controller" name="client-ca::kube-system::extension-apiserver-authentication::client-ca-file"
2025-01-29 22:11:37,139 INFO c.h.h.t.HelmChartContainer - [K3S] [configmap_cafile_content.go:205] "Starting controller" name="client-ca::kube-system::extension-apiserver-authentication::requestheader-client-ca-file"
2025-01-29 22:11:37,153 INFO c.h.h.t.HelmChartContainer - [K3S] [replica_set.go:679] "Finished syncing" kind="ReplicaSet" key="kube-system/metrics-server-8584b5786c" duration="260.749768ms"
2025-01-29 22:11:37,157 INFO c.h.h.t.HelmChartContainer - [K3S] [replica_set.go:679] "Finished syncing" kind="ReplicaSet" key="kube-system/local-path-provisioner-698b58967b" duration="270.525083ms"
2025-01-29 22:11:37,159 INFO c.h.h.t.HelmChartContainer - [K3S] [replica_set.go:679] "Finished syncing" kind="ReplicaSet" key="kube-system/coredns-ff8999cc5" duration="267.660945ms"
2025-01-29 22:11:37,162 INFO c.h.h.t.HelmChartContainer - [K3S] [replica_set.go:679] "Finished syncing" kind="ReplicaSet" key="kube-system/local-path-provisioner-698b58967b" duration="4.634335ms"
2025-01-29 22:11:37,162 INFO c.h.h.t.HelmChartContainer - [K3S] [replica_set.go:679] "Finished syncing" kind="ReplicaSet" key="kube-system/local-path-provisioner-698b58967b" duration="27.13µs"
2025-01-29 22:11:37,165 INFO c.h.h.t.HelmChartContainer - [K3S] [replica_set.go:679] "Finished syncing" kind="ReplicaSet" key="kube-system/metrics-server-8584b5786c" duration="11.156308ms"
2025-01-29 22:11:37,165 INFO c.h.h.t.HelmChartContainer - [K3S] [replica_set.go:679] "Finished syncing" kind="ReplicaSet" key="kube-system/metrics-server-8584b5786c" duration="25.999µs"
2025-01-29 22:11:37,172 INFO c.h.h.t.HelmChartContainer - [K3S] [replica_set.go:679] "Finished syncing" kind="ReplicaSet" key="kube-system/coredns-ff8999cc5" duration="12.17882ms"
2025-01-29 22:11:37,180 INFO c.h.h.t.HelmChartContainer - [K3S] [replica_set.go:679] "Finished syncing" kind="ReplicaSet" key="kube-system/coredns-ff8999cc5" duration="8.302966ms"
2025-01-29 22:11:37,180 INFO c.h.h.t.HelmChartContainer - [K3S] [replica_set.go:679] "Finished syncing" kind="ReplicaSet" key="kube-system/coredns-ff8999cc5" duration="32.371µs"
2025-01-29 22:11:37,242 INFO c.h.h.t.HelmChartContainer - [K3S] [replica_set.go:679] "Finished syncing" kind="ReplicaSet" key="kube-system/metrics-server-8584b5786c" duration="34.655µs"
2025-01-29 22:11:37,243 INFO c.h.h.t.HelmChartContainer - [K3S] [replica_set.go:679] "Finished syncing" kind="ReplicaSet" key="kube-system/local-path-provisioner-698b58967b" duration="24.936µs"
2025-01-29 22:11:37,245 INFO c.h.h.t.HelmChartContainer - [K3S] [replica_set.go:679] "Finished syncing" kind="ReplicaSet" key="kube-system/coredns-ff8999cc5" duration="34.905µs"
2025-01-29 22:11:37,245 INFO c.h.h.t.HelmChartContainer - [K3S] [reflector.go:569] object-"kube-system"/"coredns": failed to list *v1.ConfigMap: configmaps "coredns" is forbidden: User "system:node:981f98d14cb3" cannot list resource "configmaps" in API group "" in the namespace "kube-system": no relationship found between node '981f98d14cb3' and this object
2025-01-29 22:11:37,246 INFO c.h.h.t.HelmChartContainer - [K3S] [reflector.go:166] "Unhandled Error" err="object-\"kube-system\"/\"coredns\": Failed to watch *v1.ConfigMap: failed to list *v1.ConfigMap: configmaps \"coredns\" is forbidden: User \"system:node:981f98d14cb3\" cannot list resource \"configmaps\" in API group \"\" in the namespace \"kube-system\": no relationship found between node '981f98d14cb3' and this object"
2025-01-29 22:11:37,246 INFO c.h.h.t.HelmChartContainer - [K3S] [reflector.go:569] object-"kube-system"/"coredns-custom": failed to list *v1.ConfigMap: configmaps "coredns-custom" is forbidden: User "system:node:981f98d14cb3" cannot list resource "configmaps" in API group "" in the namespace "kube-system": no relationship found between node '981f98d14cb3' and this object
2025-01-29 22:11:37,246 INFO c.h.h.t.HelmChartContainer - [K3S] [reflector.go:166] "Unhandled Error" err="object-\"kube-system\"/\"coredns-custom\": Failed to watch *v1.ConfigMap: failed to list *v1.ConfigMap: configmaps \"coredns-custom\" is forbidden: User \"system:node:981f98d14cb3\" cannot list resource \"configmaps\" in API group \"\" in the namespace \"kube-system\": no relationship found between node '981f98d14cb3' and this object"
2025-01-29 22:11:37,269 INFO c.h.h.t.HelmChartContainer - [K3S] [replica_set.go:679] "Finished syncing" kind="ReplicaSet" key="kube-system/local-path-provisioner-698b58967b" duration="30.777µs"
2025-01-29 22:11:37,278 INFO c.h.h.t.HelmChartContainer - [K3S] [replica_set.go:679] "Finished syncing" kind="ReplicaSet" key="kube-system/coredns-ff8999cc5" duration="53.61µs"
2025-01-29 22:11:37,283 INFO c.h.h.t.HelmChartContainer - [K3S] [replica_set.go:679] "Finished syncing" kind="ReplicaSet" key="kube-system/metrics-server-8584b5786c" duration="25.537µs"
2025-01-29 22:11:37,288 INFO c.h.h.t.HelmChartContainer - [K3S] [kube.go:146] Node controller sync successful
2025-01-29 22:11:37,289 INFO c.h.h.t.HelmChartContainer - [K3S] [vxlan.go:141] VXLAN config: VNI=1 Port=0 GBP=false Learning=false DirectRouting=false
2025-01-29 22:11:37,290 INFO c.h.h.t.HelmChartContainer - [K3S] [kube.go:636] List of node(981f98d14cb3) annotations: map[string]string{"alpha.kubernetes.io/provided-node-ip":"172.18.0.2", "k3s.io/hostname":"981f98d14cb3", "k3s.io/internal-ip":"172.18.0.2", "k3s.io/node-args":"[\"server\",\"--etcd-arg\",\"unsafe-no-fsync\",\"--etcd-arg\",\"snapshot-count=10000\",\"--etcd-arg\",\"auto-compaction-mode=revision\",\"--etcd-arg\",\"auto-compaction-retention=1000000\",\"--kube-apiserver-arg\",\"etcd-compaction-interval=0s\",\"--disable\",\"traefik\",\"--tls-san\",\"localhost\"]", "k3s.io/node-config-hash":"2QNNT5M5XUBFOLO5XPGEVGOM5UDLHHTIVMSRUPAUHE5DU3HUYQUQ====", "k3s.io/node-env":"{}", "node.alpha.kubernetes.io/ttl":"0", "volumes.kubernetes.io/controller-managed-attach-detach":"true"}
2025-01-29 22:11:37,295 INFO c.h.h.t.HelmChartContainer - [K3S] [kube.go:490] Creating the node lease for IPv4. This is the n.Spec.PodCIDRs: [10.42.0.0/24]
2025-01-29 22:11:37,295 INFO c.h.h.t.HelmChartContainer - [K3S] [range_allocator.go:247] "Successfully synced" key="981f98d14cb3"
2025-01-29 22:11:37,296 INFO c.h.h.t.HelmChartContainer - [K3S] [iptables.go:51] Starting flannel in iptables mode...
2025-01-29 22:11:37,296 INFO c.h.h.t.HelmChartContainer - [K3S] [WARNING] no subnet found for key: FLANNEL_NETWORK in file: /run/flannel/subnet.env
2025-01-29 22:11:37,296 INFO c.h.h.t.HelmChartContainer - [K3S] [WARNING] no subnet found for key: FLANNEL_SUBNET in file: /run/flannel/subnet.env
2025-01-29 22:11:37,296 INFO c.h.h.t.HelmChartContainer - [K3S] [WARNING] no subnet found for key: FLANNEL_IPV6_NETWORK in file: /run/flannel/subnet.env
2025-01-29 22:11:37,296 INFO c.h.h.t.HelmChartContainer - [K3S] [WARNING] no subnet found for key: FLANNEL_IPV6_SUBNET in file: /run/flannel/subnet.env
2025-01-29 22:11:37,296 INFO c.h.h.t.HelmChartContainer - [K3S] [iptables.go:115] Current network or subnet (10.42.0.0/16, 10.42.0.0/24) is not equal to previous one (0.0.0.0/0, 0.0.0.0/0), trying to recycle old iptables rules
2025-01-29 22:11:37,304 INFO c.h.h.t.HelmChartContainer - [K3S] [iptables.go:125] Setting up masking rules
2025-01-29 22:11:37,306 INFO c.h.h.t.HelmChartContainer - [K3S] [iptables.go:226] Changing default FORWARD chain policy to ACCEPT
2025-01-29 22:11:37,309 INFO c.h.h.t.HelmChartContainer - [K3S] [INFO] Wrote flannel subnet file to /run/flannel/subnet.env
2025-01-29 22:11:37,309 INFO c.h.h.t.HelmChartContainer - [K3S] [INFO] Running flannel backend.
2025-01-29 22:11:37,309 INFO c.h.h.t.HelmChartContainer - [K3S] [vxlan_network.go:65] watching for new subnet leases
2025-01-29 22:11:37,317 INFO c.h.h.t.HelmChartContainer - [K3S] [iptables.go:372] bootstrap done
2025-01-29 22:11:37,323 INFO c.h.h.t.HelmChartContainer - [K3S] [iptables.go:372] bootstrap done
2025-01-29 22:11:37,354 INFO c.h.h.t.HelmChartContainer - [K3S] [reconciler_common.go:251] "operationExecutor.VerifyControllerAttachedVolume started for volume \"config-volume\" (UniqueName: \"kubernetes.io/configmap/503381ba-440e-4455-a93d-7b734d3b8ae7-config-volume\") pod \"coredns-ff8999cc5-mhjb8\" (UID: \"503381ba-440e-4455-a93d-7b734d3b8ae7\") " pod="kube-system/coredns-ff8999cc5-mhjb8"
2025-01-29 22:11:37,354 INFO c.h.h.t.HelmChartContainer - [K3S] [reconciler_common.go:251] "operationExecutor.VerifyControllerAttachedVolume started for volume \"custom-config-volume\" (UniqueName: \"kubernetes.io/configmap/503381ba-440e-4455-a93d-7b734d3b8ae7-custom-config-volume\") pod \"coredns-ff8999cc5-mhjb8\" (UID: \"503381ba-440e-4455-a93d-7b734d3b8ae7\") " pod="kube-system/coredns-ff8999cc5-mhjb8"
2025-01-29 22:11:37,354 INFO c.h.h.t.HelmChartContainer - [K3S] [reconciler_common.go:251] "operationExecutor.VerifyControllerAttachedVolume started for volume \"kube-api-access-jqhn8\" (UniqueName: \"kubernetes.io/projected/503381ba-440e-4455-a93d-7b734d3b8ae7-kube-api-access-jqhn8\") pod \"coredns-ff8999cc5-mhjb8\" (UID: \"503381ba-440e-4455-a93d-7b734d3b8ae7\") " pod="kube-system/coredns-ff8999cc5-mhjb8"
2025-01-29 22:11:37,354 INFO c.h.h.t.HelmChartContainer - [K3S] [reconciler_common.go:251] "operationExecutor.VerifyControllerAttachedVolume started for volume \"tmp-dir\" (UniqueName: \"kubernetes.io/empty-dir/fd36dccc-3fa7-4d82-8f7b-a9b5f5eab2a7-tmp-dir\") pod \"metrics-server-8584b5786c-bc2nj\" (UID: \"fd36dccc-3fa7-4d82-8f7b-a9b5f5eab2a7\") " pod="kube-system/metrics-server-8584b5786c-bc2nj"
2025-01-29 22:11:37,354 INFO c.h.h.t.HelmChartContainer - [K3S] [reconciler_common.go:251] "operationExecutor.VerifyControllerAttachedVolume started for volume \"kube-api-access-mb2c2\" (UniqueName: \"kubernetes.io/projected/fd36dccc-3fa7-4d82-8f7b-a9b5f5eab2a7-kube-api-access-mb2c2\") pod \"metrics-server-8584b5786c-bc2nj\" (UID: \"fd36dccc-3fa7-4d82-8f7b-a9b5f5eab2a7\") " pod="kube-system/metrics-server-8584b5786c-bc2nj"
2025-01-29 22:11:37,354 INFO c.h.h.t.HelmChartContainer - [K3S] [reconciler_common.go:251] "operationExecutor.VerifyControllerAttachedVolume started for volume \"config-volume\" (UniqueName: \"kubernetes.io/configmap/69cc784d-8639-4dd3-8447-0cf95bf2d31b-config-volume\") pod \"local-path-provisioner-698b58967b-prkzp\" (UID: \"69cc784d-8639-4dd3-8447-0cf95bf2d31b\") " pod="kube-system/local-path-provisioner-698b58967b-prkzp"
2025-01-29 22:11:37,354 INFO c.h.h.t.HelmChartContainer - [K3S] [reconciler_common.go:251] "operationExecutor.VerifyControllerAttachedVolume started for volume \"kube-api-access-zv42x\" (UniqueName: \"kubernetes.io/projected/69cc784d-8639-4dd3-8447-0cf95bf2d31b-kube-api-access-zv42x\") pod \"local-path-provisioner-698b58967b-prkzp\" (UID: \"69cc784d-8639-4dd3-8447-0cf95bf2d31b\") " pod="kube-system/local-path-provisioner-698b58967b-prkzp"
2025-01-29 22:11:38,037 INFO c.h.h.t.HelmChartContainer - [K3S] [handler_proxy.go:99] no RequestInfo found in the context
2025-01-29 22:11:38,038 INFO c.h.h.t.HelmChartContainer - [K3S] [handler_proxy.go:99] no RequestInfo found in the context
2025-01-29 22:11:38,038 INFO c.h.h.t.HelmChartContainer - [K3S] [controller.go:102] "Unhandled Error" err=<
2025-01-29 22:11:38,038 INFO c.h.h.t.HelmChartContainer - [K3S] 	, Header: map[Content-Type:[text/plain; charset=utf-8] X-Content-Type-Options:[nosniff]]
2025-01-29 22:11:38,038 INFO c.h.h.t.HelmChartContainer - [K3S]  >
2025-01-29 22:11:38,400 INFO c.h.h.t.HelmChartContainer - [K3S] [INFO] Starting network policy controller version v2.2.1, built on 2025-01-28T18:27:08Z, go1.23.4
2025-01-29 22:11:38,402 INFO c.h.h.t.HelmChartContainer - [K3S] [network_policy_controller.go:164] Starting network policy controller
2025-01-29 22:11:38,441 INFO c.h.h.t.HelmChartContainer - [K3S] [network_policy_controller.go:176] Starting network policy controller full sync goroutine
2025-01-29 22:11:38,462 INFO c.h.h.t.HelmChartContainer - [K3S] [configmap.go:193] Couldn't get configMap kube-system/coredns: failed to sync configmap cache: timed out waiting for the condition
2025-01-29 22:11:38,462 INFO c.h.h.t.HelmChartContainer - [K3S] [nestedpendingoperations.go:348] Operation for "{volumeName:kubernetes.io/configmap/503381ba-440e-4455-a93d-7b734d3b8ae7-config-volume podName:503381ba-440e-4455-a93d-7b734d3b8ae7 nodeName:}" failed. No retries permitted until 2025-01-29 22:11:38.956230679 +0000 UTC m=+11.297022685 (durationBeforeRetry 500ms). Error: MountVolume.SetUp failed for volume "config-volume" (UniqueName: "kubernetes.io/configmap/503381ba-440e-4455-a93d-7b734d3b8ae7-config-volume") pod "coredns-ff8999cc5-mhjb8" (UID: "503381ba-440e-4455-a93d-7b734d3b8ae7") : failed to sync configmap cache: timed out waiting for the condition
2025-01-29 22:11:40,257 INFO c.h.h.t.HelmChartContainer - [K3S] [replica_set.go:679] "Finished syncing" kind="ReplicaSet" key="kube-system/metrics-server-8584b5786c" duration="40.846µs"
2025-01-29 22:11:40,274 INFO c.h.h.t.HelmChartContainer - [K3S] [replica_set.go:679] "Finished syncing" kind="ReplicaSet" key="kube-system/local-path-provisioner-698b58967b" duration="4.696562ms"
2025-01-29 22:11:40,275 INFO c.h.h.t.HelmChartContainer - [K3S] [replica_set.go:679] "Finished syncing" kind="ReplicaSet" key="kube-system/local-path-provisioner-698b58967b" duration="27.421µs"
2025-01-29 22:11:40,637 INFO c.h.h.t.HelmChartContainer - [K3S] [kuberuntime_manager.go:1702] "Updating runtime config through cri with podcidr" CIDR="10.42.0.0/24"
2025-01-29 22:11:40,641 INFO c.h.h.t.HelmChartContainer - [K3S] [kubelet_network.go:61] "Updating Pod CIDR" originalPodCIDR="" newPodCIDR="10.42.0.0/24"
2025-01-29 22:11:40,650 INFO c.h.h.t.HelmChartContainer - [K3S] [range_allocator.go:247] "Successfully synced" key="981f98d14cb3"
2025-01-29 22:11:41,134 DEBUG c.h.h.t.HelmChartContainer - Image file loaded 'hivemq-platform-operator.tar'
2025-01-29 22:11:41,256 INFO c.h.h.t.HelmChartContainer - [K3S] [replica_set.go:679] "Finished syncing" kind="ReplicaSet" key="kube-system/coredns-ff8999cc5" duration="37.389µs"
2025-01-29 22:11:41,585 DEBUG c.h.h.t.HelmChartContainer - Image file loaded 'hivemq-platform-operator-init.tar'
2025-01-29 22:11:42,270 INFO c.h.h.t.HelmChartContainer - [K3S] [replica_set.go:679] "Finished syncing" kind="ReplicaSet" key="kube-system/coredns-ff8999cc5" duration="15.71023ms"
2025-01-29 22:11:42,271 INFO c.h.h.t.HelmChartContainer - [K3S] [replica_set.go:679] "Finished syncing" kind="ReplicaSet" key="kube-system/coredns-ff8999cc5" duration="35.876µs"
2025-01-29 22:11:47,384 DEBUG c.h.h.t.HelmChartContainer - Image file loaded 'hivemq-platform.tar'
2025-01-29 22:11:47,384 DEBUG c.h.h.t.HelmChartContainer - Successful Helm chart Container startup
2025-01-29 22:11:47,398 INFO t.localhost/testcontainers/nrtc9lrnefev9u9z:latest - Container localhost/testcontainers/nrtc9lrnefev9u9z:latest started in PT21.375508821S
2025-01-29 22:11:47,415 DEBUG c.h.h.t.HelmChartContainer - Executing helm command: /bin/helm --kubeconfig /etc/rancher/k3s/k3s.yaml repo add hivemq https://hivemq.github.io/helm-charts
2025-01-29 22:11:48,677 INFO c.h.h.t.HelmChartContainer - [EVENT] Normal [Starting] Starting kubelet. [null:981f98d14cb3]
2025-01-29 22:11:48,678 INFO c.h.h.t.HelmChartContainer - [EVENT] Warning [InvalidDiskCapacity] invalid capacity 0 on image filesystem [null:981f98d14cb3]
2025-01-29 22:11:48,679 INFO c.h.h.t.HelmChartContainer - [EVENT] Normal [NodeHasSufficientMemory] Node 981f98d14cb3 status is now: NodeHasSufficientMemory [null:981f98d14cb3]
2025-01-29 22:11:48,680 INFO c.h.h.t.HelmChartContainer - [EVENT] Normal [NodeHasNoDiskPressure] Node 981f98d14cb3 status is now: NodeHasNoDiskPressure [null:981f98d14cb3]
2025-01-29 22:11:48,681 INFO c.h.h.t.HelmChartContainer - [EVENT] Normal [NodeHasSufficientPID] Node 981f98d14cb3 status is now: NodeHasSufficientPID [null:981f98d14cb3]
2025-01-29 22:11:48,681 INFO c.h.h.t.HelmChartContainer - [EVENT] Normal [NodeAllocatableEnforced] Updated Node Allocatable limit across pods [null:981f98d14cb3]
2025-01-29 22:11:48,683 INFO c.h.h.t.HelmChartContainer - [EVENT] Normal [NodeReady] Node 981f98d14cb3 status is now: NodeReady [null:981f98d14cb3]
2025-01-29 22:11:48,684 INFO c.h.h.t.HelmChartContainer - [EVENT] Normal [NodePasswordValidationComplete] Deferred node password secret validation complete [null:981f98d14cb3]
2025-01-29 22:11:48,684 INFO c.h.h.t.HelmChartContainer - [EVENT] Normal [RegisteredNode] Node 981f98d14cb3 event: Registered Node 981f98d14cb3 in Controller [null:981f98d14cb3]
2025-01-29 22:11:48,685 INFO c.h.h.t.HelmChartContainer - [EVENT] Normal [Synced] Node synced successfully [null:981f98d14cb3]
2025-01-29 22:11:48,691 INFO c.h.h.t.HelmChartContainer - Saved kubeconfig file on /tmp/kubeconfig-13854329051465494250.yaml
2025-01-29 22:11:48,691 INFO c.h.h.t.HelmChartContainer - HelmChartContainer is started
]]></system-out>
  <system-err><![CDATA[]]></system-err>
</testsuite>
