<?xml version="1.0" encoding="UTF-8"?>
<testsuite name="com.hivemq.helmcharts.migration.HelmLegacyStatefulSetMigrationIT" tests="1" skipped="0" failures="0" errors="0" timestamp="2025-01-30T04:00:17" hostname="fv-az1043-855" time="311.79">
  <properties/>
  <testcase name="migrateToCurrentPlatformOperator()" classname="com.hivemq.helmcharts.migration.HelmLegacyStatefulSetMigrationIT" time="311.79">
    <system-out><![CDATA[2025-01-30 04:00:17,671 INFO c.h.h.t.HelmChartContainer - Creating namespace 'helmlegacystatefulsetmigrationit-operator'...
2025-01-30 04:00:17,894 INFO c.h.h.t.HelmChartContainer - Namespace 'helmlegacystatefulsetmigrationit-operator' created
2025-01-30 04:00:17,894 INFO c.h.h.t.HelmChartContainer - Creating namespace 'helmlegacystatefulsetmigrationit'...
2025-01-30 04:00:17,895 INFO c.h.h.t.HelmChartContainer - [POD] coredns-ff8999cc5-29jfm [e1bdf4c7-4f75-41d9-9c4a-7d4dac021eb7] in kube-system was ADDED
2025-01-30 04:00:17,897 INFO c.h.h.t.HelmChartContainer - [POD] local-path-provisioner-698b58967b-c7sdr [651a0a7c-4d98-410f-b7ab-ffb89ff9d43c] in kube-system was ADDED
2025-01-30 04:00:17,899 INFO c.h.h.t.HelmChartContainer - [POD] metrics-server-8584b5786c-v2hxg [0555ae54-adb8-4859-a6d3-4c50e797e68b] in kube-system was ADDED
2025-01-30 04:00:17,904 INFO c.h.h.t.HelmChartContainer - Namespace 'helmlegacystatefulsetmigrationit' created
2025-01-30 04:00:17,972 DEBUG c.h.h.t.HelmChartContainer - Executing helm command: /bin/helm --kubeconfig /etc/rancher/k3s/k3s.yaml install test-hivemq-platform-operator /charts/hivemq-platform-operator --wait --timeout 5m0s --set image.repository=docker.io/hivemq --set image.name=hivemq-platform-operator-test --set image.initImageName=hivemq-platform-operator-init-test --set image.tag=snapshot --set image.pullPolicy=Never --set logLevel=DEBUG --set resources.cpu=512m --namespace helmlegacystatefulsetmigrationit-operator
2025-01-30 04:00:20,329 INFO c.h.h.t.HelmChartContainer - [K3S] [alloc.go:330] "allocated clusterIPs" service="helmlegacystatefulsetmigrationit-operator/hivemq-platform-operator-test-hivemq-platform-operator" clusterIPs={"IPv4":"10.43.71.225"}
2025-01-30 04:00:20,347 INFO c.h.h.t.HelmChartContainer - [EVENT] Normal [ScalingReplicaSet] Scaled up replica set hivemq-test-hivemq-platform-operator-6966f96d65 from 0 to 1 [helmlegacystatefulsetmigrationit-operator:hivemq-test-hivemq-platform-operator]
2025-01-30 04:00:20,363 INFO c.h.h.t.HelmChartContainer - [POD] hivemq-test-hivemq-platform-operator-6966f96d65-4k929 [d3eeb85c-9e5d-4a23-8bc6-01893bc3daff] in helmlegacystatefulsetmigrationit-operator was ADDED
2025-01-30 04:00:20,382 INFO c.h.h.t.HelmChartContainer - [K3S] [replica_set.go:679] "Finished syncing" kind="ReplicaSet" key="helmlegacystatefulsetmigrationit-operator/hivemq-test-hivemq-platform-operator-6966f96d65" duration="39.784035ms"
2025-01-30 04:00:20,386 INFO c.h.h.t.HelmChartContainer - [EVENT] Normal [SuccessfulCreate] Created pod: hivemq-test-hivemq-platform-operator-6966f96d65-4k929 [helmlegacystatefulsetmigrationit-operator:hivemq-test-hivemq-platform-operator-6966f96d65]
2025-01-30 04:00:20,388 INFO c.h.h.t.HelmChartContainer - [EVENT] Normal [Scheduled] Successfully assigned helmlegacystatefulsetmigrationit-operator/hivemq-test-hivemq-platform-operator-6966f96d65-4k929 to eb90bc493249 [helmlegacystatefulsetmigrationit-operator:hivemq-test-hivemq-platform-operator-6966f96d65-4k929]
2025-01-30 04:00:20,391 INFO c.h.h.t.HelmChartContainer - [POD] hivemq-test-hivemq-platform-operator-6966f96d65-4k929 [d3eeb85c-9e5d-4a23-8bc6-01893bc3daff] in helmlegacystatefulsetmigrationit-operator was MODIFIED
2025-01-30 04:00:20,400 INFO c.h.h.t.HelmChartContainer - [K3S] [replica_set.go:679] "Finished syncing" kind="ReplicaSet" key="helmlegacystatefulsetmigrationit-operator/hivemq-test-hivemq-platform-operator-6966f96d65" duration="17.889097ms"
2025-01-30 04:00:20,419 INFO c.h.h.t.HelmChartContainer - [POD] hivemq-test-hivemq-platform-operator-6966f96d65-4k929 [d3eeb85c-9e5d-4a23-8bc6-01893bc3daff] in helmlegacystatefulsetmigrationit-operator was MODIFIED
2025-01-30 04:00:20,440 INFO c.h.h.t.HelmChartContainer - [K3S] [replica_set.go:679] "Finished syncing" kind="ReplicaSet" key="helmlegacystatefulsetmigrationit-operator/hivemq-test-hivemq-platform-operator-6966f96d65" duration="36.460269ms"
2025-01-30 04:00:20,441 INFO c.h.h.t.HelmChartContainer - [K3S] [replica_set.go:679] "Finished syncing" kind="ReplicaSet" key="helmlegacystatefulsetmigrationit-operator/hivemq-test-hivemq-platform-operator-6966f96d65" duration="57.098µs"
2025-01-30 04:00:20,441 INFO c.h.h.t.HelmChartContainer - [K3S] [reconciler_common.go:251] "operationExecutor.VerifyControllerAttachedVolume started for volume \"kube-api-access-spt8f\" (UniqueName: \"kubernetes.io/projected/d3eeb85c-9e5d-4a23-8bc6-01893bc3daff-kube-api-access-spt8f\") pod \"hivemq-test-hivemq-platform-operator-6966f96d65-4k929\" (UID: \"d3eeb85c-9e5d-4a23-8bc6-01893bc3daff\") " pod="helmlegacystatefulsetmigrationit-operator/hivemq-test-hivemq-platform-operator-6966f96d65-4k929"
2025-01-30 04:00:20,771 INFO c.h.h.t.HelmChartContainer - [EVENT] Normal [Pulled] Container image "docker.io/hivemq/hivemq-platform-operator-test:snapshot" already present on machine [helmlegacystatefulsetmigrationit-operator:hivemq-test-hivemq-platform-operator-6966f96d65-4k929]
2025-01-30 04:00:20,772 INFO c.h.h.t.HelmChartContainer - Received Pulled event for container hivemq-platform-operator in pod hivemq-test-hivemq-platform-operator-6966f96d65-4k929 [d3eeb85c-9e5d-4a23-8bc6-01893bc3daff]
2025-01-30 04:00:20,778 INFO c.h.h.t.HelmChartContainer - [EVENT] Normal [Created] Created container: hivemq-platform-operator [helmlegacystatefulsetmigrationit-operator:hivemq-test-hivemq-platform-operator-6966f96d65-4k929]
2025-01-30 04:00:20,778 INFO c.h.h.t.HelmChartContainer - Received Created event for container hivemq-platform-operator in pod hivemq-test-hivemq-platform-operator-6966f96d65-4k929 [d3eeb85c-9e5d-4a23-8bc6-01893bc3daff]
2025-01-30 04:00:21,411 INFO c.h.h.t.HelmChartContainer - [K3S] [replica_set.go:679] "Finished syncing" kind="ReplicaSet" key="helmlegacystatefulsetmigrationit-operator/hivemq-test-hivemq-platform-operator-6966f96d65" duration="44.954µs"
2025-01-30 04:00:21,414 INFO c.h.h.t.HelmChartContainer - [POD] hivemq-test-hivemq-platform-operator-6966f96d65-4k929 [d3eeb85c-9e5d-4a23-8bc6-01893bc3daff] in helmlegacystatefulsetmigrationit-operator was MODIFIED
2025-01-30 04:00:21,438 INFO c.h.h.t.HelmChartContainer - Started log watcher for hivemq-platform-operator in pod hivemq-test-hivemq-platform-operator-6966f96d65-4k929 [d3eeb85c-9e5d-4a23-8bc6-01893bc3daff]
2025-01-30 04:00:21,438 INFO c.h.h.t.HelmChartContainer - [hivemq-test-hivemq-platform] [hivemq-platform-operator] [d3eeb85c] -------------------------------------------------------------------------
2025-01-30 04:00:21,438 INFO c.h.h.t.HelmChartContainer - [hivemq-test-hivemq-platform] [hivemq-platform-operator] [d3eeb85c] 
2025-01-30 04:00:21,438 INFO c.h.h.t.HelmChartContainer - [hivemq-test-hivemq-platform] [hivemq-platform-operator] [d3eeb85c]                   _    _  _              __  __   ____
2025-01-30 04:00:21,438 INFO c.h.h.t.HelmChartContainer - [hivemq-test-hivemq-platform] [hivemq-platform-operator] [d3eeb85c]                  | |  | |(_)            |  \/  | / __ \
2025-01-30 04:00:21,438 INFO c.h.h.t.HelmChartContainer - [hivemq-test-hivemq-platform] [hivemq-platform-operator] [d3eeb85c]                  | |__| | _ __   __ ___ | \  / || |  | |
2025-01-30 04:00:21,438 INFO c.h.h.t.HelmChartContainer - [hivemq-test-hivemq-platform] [hivemq-platform-operator] [d3eeb85c]                  |  __  || |\ \ / // _ \| |\/| || |  | |
2025-01-30 04:00:21,438 INFO c.h.h.t.HelmChartContainer - [hivemq-test-hivemq-platform] [hivemq-platform-operator] [d3eeb85c]                  | |  | || | \ V /|  __/| |  | || |__| |
2025-01-30 04:00:21,438 INFO c.h.h.t.HelmChartContainer - [hivemq-test-hivemq-platform] [hivemq-platform-operator] [d3eeb85c]                  |_|  |_||_|  \_/  \___||_|  |_| \___\_\
2025-01-30 04:00:21,438 INFO c.h.h.t.HelmChartContainer - [hivemq-test-hivemq-platform] [hivemq-platform-operator] [d3eeb85c] 
2025-01-30 04:00:21,439 INFO c.h.h.t.HelmChartContainer - [hivemq-test-hivemq-platform] [hivemq-platform-operator] [d3eeb85c] -------------------------------------------------------------------------
2025-01-30 04:00:21,439 INFO c.h.h.t.HelmChartContainer - [hivemq-test-hivemq-platform] [hivemq-platform-operator] [d3eeb85c] 
2025-01-30 04:00:21,439 INFO c.h.h.t.HelmChartContainer - [hivemq-test-hivemq-platform] [hivemq-platform-operator] [d3eeb85c]   HiveMQ Platform Operator Start Script v1.0
2025-01-30 04:00:21,439 INFO c.h.h.t.HelmChartContainer - [hivemq-test-hivemq-platform] [hivemq-platform-operator] [d3eeb85c] 
2025-01-30 04:00:21,439 INFO c.h.h.t.HelmChartContainer - [hivemq-test-hivemq-platform] [hivemq-platform-operator] [d3eeb85c] -------------------------------------------------------------------------
2025-01-30 04:00:21,439 INFO c.h.h.t.HelmChartContainer - [hivemq-test-hivemq-platform] [hivemq-platform-operator] [d3eeb85c] 
2025-01-30 04:00:21,439 INFO c.h.h.t.HelmChartContainer - [hivemq-test-hivemq-platform] [hivemq-platform-operator] [d3eeb85c]   JAVA_OPTS: -XX:+UnlockExperimentalVMOptions -XX:InitialRAMPercentage=75 -XX:MaxRAMPercentage=75 -Duser.language=en -Duser.region=US
2025-01-30 04:00:21,439 INFO c.h.h.t.HelmChartContainer - [hivemq-test-hivemq-platform] [hivemq-platform-operator] [d3eeb85c] 
2025-01-30 04:00:21,439 INFO c.h.h.t.HelmChartContainer - [hivemq-test-hivemq-platform] [hivemq-platform-operator] [d3eeb85c]   JAVA_VERSION: 21
2025-01-30 04:00:21,439 INFO c.h.h.t.HelmChartContainer - [hivemq-test-hivemq-platform] [hivemq-platform-operator] [d3eeb85c] 
2025-01-30 04:00:21,439 INFO c.h.h.t.HelmChartContainer - [hivemq-test-hivemq-platform] [hivemq-platform-operator] [d3eeb85c] -------------------------------------------------------------------------
2025-01-30 04:00:21,439 INFO c.h.h.t.HelmChartContainer - [hivemq-test-hivemq-platform] [hivemq-platform-operator] [d3eeb85c] 
2025-01-30 04:00:21,439 INFO c.h.h.t.HelmChartContainer - [EVENT] Normal [Started] Started container hivemq-platform-operator [helmlegacystatefulsetmigrationit-operator:hivemq-test-hivemq-platform-operator-6966f96d65-4k929]
2025-01-30 04:00:21,439 INFO c.h.h.t.HelmChartContainer - Received Started event for container hivemq-platform-operator in pod hivemq-test-hivemq-platform-operator-6966f96d65-4k929 [d3eeb85c-9e5d-4a23-8bc6-01893bc3daff]
2025-01-30 04:00:24,067 INFO c.h.h.t.HelmChartContainer - [hivemq-test-hivemq-platform] [hivemq-platform-operator] [d3eeb85c] 04:00:24.064 [main] DEBUG org.jboss.logging - Logging Provider: org.jboss.logging.Slf4jLoggerProvider
2025-01-30 04:00:24,173 INFO c.h.h.t.HelmChartContainer - [hivemq-test-hivemq-platform] [hivemq-platform-operator] [d3eeb85c] 04:00:24.171 [main] DEBUG io.smallrye.config - SRCFG01006: Loaded ConfigSource SysPropConfigSource with ordinal 400
2025-01-30 04:00:24,173 INFO c.h.h.t.HelmChartContainer - [hivemq-test-hivemq-platform] [hivemq-platform-operator] [d3eeb85c] 04:00:24.171 [main] DEBUG io.smallrye.config - SRCFG01006: Loaded ConfigSource EnvConfigSource with ordinal 300
2025-01-30 04:00:24,173 INFO c.h.h.t.HelmChartContainer - [hivemq-test-hivemq-platform] [hivemq-platform-operator] [d3eeb85c] 04:00:24.172 [main] DEBUG io.smallrye.config - SRCFG01006: Loaded ConfigSource PropertiesConfigSource[source=jar:file:///opt/hivemq-platform-operator/bin/hivemq-platform-operator.jar!/hivemq-platform-operator.properties] with ordinal 100
2025-01-30 04:00:24,173 INFO c.h.h.t.HelmChartContainer - [hivemq-test-hivemq-platform] [hivemq-platform-operator] [d3eeb85c] 04:00:24.172 [main] DEBUG io.smallrye.config - SRCFG01006: Loaded ConfigSource DefaultValuesConfigSource with ordinal -2147483648
2025-01-30 04:00:24,278 INFO c.h.h.t.HelmChartContainer - [hivemq-test-hivemq-platform] [hivemq-platform-operator] [d3eeb85c] 04:00:24.277 [main] DEBUG i.m.c.u.i.l.InternalLoggerFactory - Using SLF4J as the default logging framework
2025-01-30 04:00:24,469 INFO c.h.h.t.HelmChartContainer - [hivemq-test-hivemq-platform] [hivemq-platform-operator] [d3eeb85c] 04:00:24.454 [main] INFO  c.h.p.o.HiveMQPlatformOperatorApplication - HiveMQ Platform Operator 1.7.0-SNAPSHOT (commit: 47e3375 on branch: HEAD) built on Thu Jan 30 03:55:50 UTC 2025
2025-01-30 04:00:24,469 INFO c.h.h.t.HelmChartContainer - [hivemq-test-hivemq-platform] [hivemq-platform-operator] [d3eeb85c] 04:00:24.467 [main] INFO  c.h.p.o.HiveMQPlatformOperatorApplication - HiveMQ Platform Operator is running in namespace: helmlegacystatefulsetmigrationit-operator
2025-01-30 04:00:24,469 INFO c.h.h.t.HelmChartContainer - [hivemq-test-hivemq-platform] [hivemq-platform-operator] [d3eeb85c] 04:00:24.467 [main] INFO  c.h.p.o.HiveMQPlatformOperatorApplication - Watching all namespaces
2025-01-30 04:00:24,469 INFO c.h.h.t.HelmChartContainer - [hivemq-test-hivemq-platform] [hivemq-platform-operator] [d3eeb85c] 04:00:24.467 [main] INFO  c.h.p.o.HiveMQPlatformOperatorApplication - Log level: DEBUG
2025-01-30 04:00:24,469 INFO c.h.h.t.HelmChartContainer - [hivemq-test-hivemq-platform] [hivemq-platform-operator] [d3eeb85c] 04:00:24.467 [main] INFO  c.h.p.o.HiveMQPlatformOperatorApplication - Release name: test-hivemq-platform-operator
2025-01-30 04:00:24,470 INFO c.h.h.t.HelmChartContainer - [hivemq-test-hivemq-platform] [hivemq-platform-operator] [d3eeb85c] 04:00:24.467 [main] INFO  c.h.p.o.HiveMQPlatformOperatorApplication - HiveMQ Platform Operator Init image: docker.io/hivemq/hivemq-platform-operator-init-test:snapshot
2025-01-30 04:00:24,470 INFO c.h.h.t.HelmChartContainer - [hivemq-test-hivemq-platform] [hivemq-platform-operator] [d3eeb85c] 04:00:24.467 [main] INFO  c.h.p.o.HiveMQPlatformOperatorApplication - HiveMQ Platform Operator Init App update URL: http://hivemq-platform-operator-test-hivemq-platform-operator.helmlegacystatefulsetmigrationit-operator.svc:8080/initAppUpdate/hivemq-platform-operator-init-app-1.7.0-SNAPSHOT.jar
2025-01-30 04:00:24,470 INFO c.h.h.t.HelmChartContainer - [hivemq-test-hivemq-platform] [hivemq-platform-operator] [d3eeb85c] 04:00:24.468 [main] INFO  c.h.p.o.HiveMQPlatformOperatorApplication - Additional imagePullSecret for all Platform deployments: none
2025-01-30 04:00:24,470 INFO c.h.h.t.HelmChartContainer - [hivemq-test-hivemq-platform] [hivemq-platform-operator] [d3eeb85c] 04:00:24.468 [main] INFO  c.h.p.o.HiveMQPlatformOperatorApplication - Apply HiveMQ Platform CRD: true
2025-01-30 04:00:24,470 INFO c.h.h.t.HelmChartContainer - [hivemq-test-hivemq-platform] [hivemq-platform-operator] [d3eeb85c] 04:00:24.468 [main] INFO  c.h.p.o.HiveMQPlatformOperatorApplication - Create Platform ServiceAccount: true
2025-01-30 04:00:24,470 INFO c.h.h.t.HelmChartContainer - [hivemq-test-hivemq-platform] [hivemq-platform-operator] [d3eeb85c] 04:00:24.468 [main] INFO  c.h.p.o.HiveMQPlatformOperatorApplication - Create Platform ServiceAccount permissions: true
2025-01-30 04:00:24,470 INFO c.h.h.t.HelmChartContainer - [hivemq-test-hivemq-platform] [hivemq-platform-operator] [d3eeb85c] 04:00:24.468 [main] INFO  c.h.p.o.HiveMQPlatformOperatorApplication - Validate Platform ServiceAccount: true
2025-01-30 04:00:24,470 INFO c.h.h.t.HelmChartContainer - [hivemq-test-hivemq-platform] [hivemq-platform-operator] [d3eeb85c] 04:00:24.468 [main] INFO  c.h.p.o.HiveMQPlatformOperatorApplication - Validate Platform ServiceAccount permissions: true
2025-01-30 04:00:24,651 INFO c.h.h.t.HelmChartContainer - [hivemq-test-hivemq-platform] [hivemq-platform-operator] [d3eeb85c] 04:00:24.650 [main] INFO  c.h.platform.operator.util.CRDUtil - Verifying deployed HiveMQ Platform CRD...
2025-01-30 04:00:26,381 INFO c.h.h.t.HelmChartContainer - [POD] metrics-server-8584b5786c-v2hxg [0555ae54-adb8-4859-a6d3-4c50e797e68b] in kube-system was MODIFIED
2025-01-30 04:00:26,388 INFO c.h.h.t.HelmChartContainer - [K3S] [replica_set.go:679] "Finished syncing" kind="ReplicaSet" key="kube-system/metrics-server-8584b5786c" duration="9.887388ms"
2025-01-30 04:00:26,389 INFO c.h.h.t.HelmChartContainer - [K3S] [replica_set.go:679] "Finished syncing" kind="ReplicaSet" key="kube-system/metrics-server-8584b5786c" duration="28.573µs"
2025-01-30 04:00:27,155 INFO c.h.h.t.HelmChartContainer - [hivemq-test-hivemq-platform] [hivemq-platform-operator] [d3eeb85c] 04:00:27.154 [main] DEBUG c.h.platform.operator.util.CRDUtil - HiveMQ Platform CRD version v1 is up to date
2025-01-30 04:00:27,157 INFO c.h.h.t.HelmChartContainer - [hivemq-test-hivemq-platform] [hivemq-platform-operator] [d3eeb85c] 04:00:27.154 [main] INFO  c.h.platform.operator.util.CRDUtil - HiveMQ Platform CRD is up to date (version: V1_6_0)
2025-01-30 04:00:27,157 INFO c.h.h.t.HelmChartContainer - [hivemq-test-hivemq-platform] [hivemq-platform-operator] [d3eeb85c] 04:00:27.154 [main] INFO  c.h.platform.operator.util.CRDUtil - Waiting 10000 ms for HiveMQ Platform CRD 'hivemq-platforms.hivemq.com' to become ready...
2025-01-30 04:00:27,455 INFO c.h.h.t.HelmChartContainer - [hivemq-test-hivemq-platform] [hivemq-platform-operator] [d3eeb85c] 04:00:27.454 [vert.x-eventloop-thread-1] DEBUG c.h.platform.operator.util.CRDUtil - Checking CRD condition 'NamesAccepted' (status: 'True')
2025-01-30 04:00:27,456 INFO c.h.h.t.HelmChartContainer - [hivemq-test-hivemq-platform] [hivemq-platform-operator] [d3eeb85c] 04:00:27.454 [vert.x-eventloop-thread-1] DEBUG c.h.platform.operator.util.CRDUtil - Checking CRD condition 'Established' (status: 'True')
2025-01-30 04:00:27,457 INFO c.h.h.t.HelmChartContainer - [hivemq-test-hivemq-platform] [hivemq-platform-operator] [d3eeb85c] 04:00:27.455 [main] INFO  c.h.platform.operator.util.CRDUtil - HiveMQ Platform CRD 'hivemq-platforms.hivemq.com' is ready
2025-01-30 04:00:27,572 INFO c.h.h.t.HelmChartContainer - [hivemq-test-hivemq-platform] [hivemq-platform-operator] [d3eeb85c] 04:00:27.571 [main] INFO  c.h.p.o.HiveMQPlatformReconciler - HiveMQ Platform Operator is starting...
2025-01-30 04:00:27,674 INFO c.h.h.t.HelmChartContainer - [hivemq-test-hivemq-platform] [hivemq-platform-operator] [d3eeb85c] 04:00:27.672 [main] WARN  Default ConfigurationService implementation - Configuration for reconciler 'hivemq-controller' was not found. Known reconcilers: None.
2025-01-30 04:00:27,755 INFO c.h.h.t.HelmChartContainer - [hivemq-test-hivemq-platform] [hivemq-platform-operator] [d3eeb85c] 04:00:27.754 [main] INFO  Default ConfigurationService implementation - Created configuration for reconciler com.hivemq.platform.operator.HiveMQPlatformReconciler with name hivemq-controller
2025-01-30 04:00:27,864 INFO c.h.h.t.HelmChartContainer - [hivemq-test-hivemq-platform] [hivemq-platform-operator] [d3eeb85c] 04:00:27.863 [main] DEBUG c.h.p.o.HiveMQPlatformReconciler - HiveMQ Platform Operator is preparing EventSources
2025-01-30 04:00:27,876 INFO c.h.h.t.HelmChartContainer - [hivemq-test-hivemq-platform] [hivemq-platform-operator] [d3eeb85c] 04:00:27.875 [main] INFO  i.javaoperatorsdk.operator.Operator - Registered reconciler: 'hivemq-controller' for resource: 'class com.hivemq.platform.operator.v1.HiveMQPlatform' for namespace(s): [all namespaces]
2025-01-30 04:00:28,552 INFO c.h.h.t.HelmChartContainer - [hivemq-test-hivemq-platform] [hivemq-platform-operator] [d3eeb85c] 04:00:28.551 [main] INFO  c.h.p.operator.webserver.JettyServer - Starting Jetty server on port 8080
2025-01-30 04:00:28,575 INFO c.h.h.t.HelmChartContainer - [hivemq-test-hivemq-platform] [hivemq-platform-operator] [d3eeb85c] 04:00:28.573 [main] INFO  i.javaoperatorsdk.operator.Operator - Operator SDK 4.9.7 (commit: 2133d28) built on Wed Nov 20 12:56:20 UTC 2024 starting...
2025-01-30 04:00:28,575 INFO c.h.h.t.HelmChartContainer - [hivemq-test-hivemq-platform] [hivemq-platform-operator] [d3eeb85c] 04:00:28.573 [main] INFO  i.javaoperatorsdk.operator.Operator - Client version: 6.13.5
2025-01-30 04:00:28,576 INFO c.h.h.t.HelmChartContainer - [hivemq-test-hivemq-platform] [hivemq-platform-operator] [d3eeb85c] 04:00:28.575 [Controller Starter for: hivemq-controller] INFO  i.j.operator.processing.Controller - Starting 'hivemq-controller' controller for reconciler: com.hivemq.platform.operator.HiveMQPlatformReconciler, resource: com.hivemq.platform.operator.v1.HiveMQPlatform
2025-01-30 04:00:31,265 INFO c.h.h.t.HelmChartContainer - [hivemq-test-hivemq-platform] [hivemq-platform-operator] [d3eeb85c] 04:00:31.264 [Controller Starter for: hivemq-controller] INFO  i.j.operator.processing.Controller - 'hivemq-controller' controller started
2025-01-30 04:00:31,266 INFO c.h.h.t.HelmChartContainer - [hivemq-test-hivemq-platform] [hivemq-platform-operator] [d3eeb85c] 04:00:31.264 [main] INFO  c.h.p.o.HiveMQPlatformOperatorApplication - HiveMQ Platform Operator 1.7.0-SNAPSHOT started in 6809 ms
2025-01-30 04:00:31,404 INFO c.h.h.t.HelmChartContainer - [K3S] [range_allocator.go:247] "Successfully synced" key="eb90bc493249"
2025-01-30 04:00:32,420 INFO c.h.h.t.HelmChartContainer - [POD] hivemq-test-hivemq-platform-operator-6966f96d65-4k929 [d3eeb85c-9e5d-4a23-8bc6-01893bc3daff] in helmlegacystatefulsetmigrationit-operator was MODIFIED
2025-01-30 04:00:32,429 INFO c.h.h.t.HelmChartContainer - [K3S] [replica_set.go:679] "Finished syncing" kind="ReplicaSet" key="helmlegacystatefulsetmigrationit-operator/hivemq-test-hivemq-platform-operator-6966f96d65" duration="13.843048ms"
2025-01-30 04:00:32,429 INFO c.h.h.t.HelmChartContainer - [K3S] [replica_set.go:679] "Finished syncing" kind="ReplicaSet" key="helmlegacystatefulsetmigrationit-operator/hivemq-test-hivemq-platform-operator-6966f96d65" duration="68.739µs"
2025-01-30 04:00:36,428 DEBUG c.h.h.t.HelmChartContainer - Executing helm command: /bin/helm --kubeconfig /etc/rancher/k3s/k3s.yaml install test-hivemq-legacy-platform /charts/hivemq-operator --wait --timeout 5m0s -f /files/migration-legacy-stateful-set-values.yaml --namespace helmlegacystatefulsetmigrationit-operator
2025-01-30 04:00:39,057 INFO c.h.h.t.HelmChartContainer - [K3S] [alloc.go:330] "allocated clusterIPs" service="helmlegacystatefulsetmigrationit-operator/test-hivemq-legacy-platform-hivemq-operator-operator" clusterIPs={"IPv4":"10.43.163.18"}
2025-01-30 04:00:39,091 INFO c.h.h.t.HelmChartContainer - [POD] test-hivemq-legacy-platform-hivemq-operator-operator-56c5bpdv8l [3cfdb5cf-a209-4208-8734-99f9a491b0e2] in helmlegacystatefulsetmigrationit-operator was ADDED
2025-01-30 04:00:39,091 INFO c.h.h.t.HelmChartContainer - [EVENT] Normal [ScalingReplicaSet] Scaled up replica set test-hivemq-legacy-platform-hivemq-operator-operator-56c5b9f7b7 from 0 to 1 [helmlegacystatefulsetmigrationit-operator:test-hivemq-legacy-platform-hivemq-operator-operator]
2025-01-30 04:00:39,100 INFO c.h.h.t.HelmChartContainer - [EVENT] Normal [SuccessfulCreate] Created pod: test-hivemq-legacy-platform-hivemq-operator-operator-56c5bpdv8l [helmlegacystatefulsetmigrationit-operator:test-hivemq-legacy-platform-hivemq-operator-operator-56c5b9f7b7]
2025-01-30 04:00:39,114 INFO c.h.h.t.HelmChartContainer - [K3S] [replica_set.go:679] "Finished syncing" kind="ReplicaSet" key="helmlegacystatefulsetmigrationit-operator/test-hivemq-legacy-platform-hivemq-operator-operator-56c5b9f7b7" duration="36.262821ms"
2025-01-30 04:00:39,125 INFO c.h.h.t.HelmChartContainer - [EVENT] Normal [Scheduled] Successfully assigned helmlegacystatefulsetmigrationit-operator/test-hivemq-legacy-platform-hivemq-operator-operator-56c5bpdv8l to eb90bc493249 [helmlegacystatefulsetmigrationit-operator:test-hivemq-legacy-platform-hivemq-operator-operator-56c5bpdv8l]
2025-01-30 04:00:39,136 INFO c.h.h.t.HelmChartContainer - [POD] test-hivemq-legacy-platform-hivemq-operator-operator-56c5bpdv8l [3cfdb5cf-a209-4208-8734-99f9a491b0e2] in helmlegacystatefulsetmigrationit-operator was MODIFIED
2025-01-30 04:00:39,148 INFO c.h.h.t.HelmChartContainer - [K3S] [replica_set.go:679] "Finished syncing" kind="ReplicaSet" key="helmlegacystatefulsetmigrationit-operator/test-hivemq-legacy-platform-hivemq-operator-operator-56c5b9f7b7" duration="33.805655ms"
2025-01-30 04:00:39,148 INFO c.h.h.t.HelmChartContainer - [K3S] [replica_set.go:679] "Finished syncing" kind="ReplicaSet" key="helmlegacystatefulsetmigrationit-operator/test-hivemq-legacy-platform-hivemq-operator-operator-56c5b9f7b7" duration="76.152µs"
2025-01-30 04:00:39,153 INFO c.h.h.t.HelmChartContainer - [K3S] [replica_set.go:679] "Finished syncing" kind="ReplicaSet" key="helmlegacystatefulsetmigrationit-operator/test-hivemq-legacy-platform-hivemq-operator-operator-56c5b9f7b7" duration="105.678µs"
2025-01-30 04:00:39,156 INFO c.h.h.t.HelmChartContainer - [POD] test-hivemq-legacy-platform-hivemq-operator-operator-56c5bpdv8l [3cfdb5cf-a209-4208-8734-99f9a491b0e2] in helmlegacystatefulsetmigrationit-operator was MODIFIED
2025-01-30 04:00:39,158 INFO c.h.h.t.HelmChartContainer - [K3S] [reconciler_common.go:251] "operationExecutor.VerifyControllerAttachedVolume started for volume \"templates\" (UniqueName: \"kubernetes.io/configmap/3cfdb5cf-a209-4208-8734-99f9a491b0e2-templates\") pod \"test-hivemq-legacy-platform-hivemq-operator-operator-56c5bpdv8l\" (UID: \"3cfdb5cf-a209-4208-8734-99f9a491b0e2\") " pod="helmlegacystatefulsetmigrationit-operator/test-hivemq-legacy-platform-hivemq-operator-operator-56c5bpdv8l"
2025-01-30 04:00:39,160 INFO c.h.h.t.HelmChartContainer - [K3S] [reconciler_common.go:251] "operationExecutor.VerifyControllerAttachedVolume started for volume \"kube-api-access-6sqkl\" (UniqueName: \"kubernetes.io/projected/3cfdb5cf-a209-4208-8734-99f9a491b0e2-kube-api-access-6sqkl\") pod \"test-hivemq-legacy-platform-hivemq-operator-operator-56c5bpdv8l\" (UID: \"3cfdb5cf-a209-4208-8734-99f9a491b0e2\") " pod="helmlegacystatefulsetmigrationit-operator/test-hivemq-legacy-platform-hivemq-operator-operator-56c5bpdv8l"
2025-01-30 04:00:39,527 INFO c.h.h.t.HelmChartContainer - [EVENT] Normal [Pulling] Pulling image "hivemq/hivemq-operator:4.7.10" [helmlegacystatefulsetmigrationit-operator:test-hivemq-legacy-platform-hivemq-operator-operator-56c5bpdv8l]
2025-01-30 04:00:39,527 INFO c.h.h.t.HelmChartContainer - Received Pulling event for container operator in pod test-hivemq-legacy-platform-hivemq-operator-operator-56c5bpdv8l [3cfdb5cf-a209-4208-8734-99f9a491b0e2]
2025-01-30 04:00:42,642 INFO c.h.h.t.HelmChartContainer - [EVENT] Normal [Pulled] Successfully pulled image "hivemq/hivemq-operator:4.7.10" in 3.115s (3.115s including waiting). Image size: 133174259 bytes. [helmlegacystatefulsetmigrationit-operator:test-hivemq-legacy-platform-hivemq-operator-operator-56c5bpdv8l]
2025-01-30 04:00:42,642 INFO c.h.h.t.HelmChartContainer - Received Pulled event for container operator in pod test-hivemq-legacy-platform-hivemq-operator-operator-56c5bpdv8l [3cfdb5cf-a209-4208-8734-99f9a491b0e2]
2025-01-30 04:00:42,648 INFO c.h.h.t.HelmChartContainer - [EVENT] Normal [Created] Created container: operator [helmlegacystatefulsetmigrationit-operator:test-hivemq-legacy-platform-hivemq-operator-operator-56c5bpdv8l]
2025-01-30 04:00:42,649 INFO c.h.h.t.HelmChartContainer - Received Created event for container operator in pod test-hivemq-legacy-platform-hivemq-operator-operator-56c5bpdv8l [3cfdb5cf-a209-4208-8734-99f9a491b0e2]
2025-01-30 04:00:43,457 INFO c.h.h.t.HelmChartContainer - [POD] test-hivemq-legacy-platform-hivemq-operator-operator-56c5bpdv8l [3cfdb5cf-a209-4208-8734-99f9a491b0e2] in helmlegacystatefulsetmigrationit-operator was MODIFIED
2025-01-30 04:00:43,478 INFO c.h.h.t.HelmChartContainer - [K3S] [replica_set.go:679] "Finished syncing" kind="ReplicaSet" key="helmlegacystatefulsetmigrationit-operator/test-hivemq-legacy-platform-hivemq-operator-operator-56c5b9f7b7" duration="21.108553ms"
2025-01-30 04:00:43,484 INFO c.h.h.t.HelmChartContainer - [K3S] [replica_set.go:679] "Finished syncing" kind="ReplicaSet" key="helmlegacystatefulsetmigrationit-operator/test-hivemq-legacy-platform-hivemq-operator-operator-56c5b9f7b7" duration="61.085µs"
2025-01-30 04:00:43,488 INFO c.h.h.t.HelmChartContainer - [EVENT] Normal [Started] Started container operator [helmlegacystatefulsetmigrationit-operator:test-hivemq-legacy-platform-hivemq-operator-operator-56c5bpdv8l]
2025-01-30 04:00:43,488 INFO c.h.h.t.HelmChartContainer - Started log watcher for operator in pod test-hivemq-legacy-platform-hivemq-operator-operator-56c5bpdv8l [3cfdb5cf-a209-4208-8734-99f9a491b0e2]
2025-01-30 04:00:43,491 INFO c.h.h.t.HelmChartContainer - Received Started event for container operator in pod test-hivemq-legacy-platform-hivemq-operator-operator-56c5bpdv8l [3cfdb5cf-a209-4208-8734-99f9a491b0e2]
2025-01-30 04:00:43,491 INFO c.h.h.t.HelmChartContainer - [test-hivemq-legacy-platform] [operator] [3cfdb5cf] Picked up JAVA_TOOL_OPTIONS: -XX:+UnlockExperimentalVMOptions -XX:InitialRAMPercentage=75 -XX:MaxRAMPercentage=75
2025-01-30 04:00:44,070 INFO c.h.h.t.HelmChartContainer - [test-hivemq-legacy-platform] [operator] [3cfdb5cf]  __  __ _                                  _   
2025-01-30 04:00:44,071 INFO c.h.h.t.HelmChartContainer - [test-hivemq-legacy-platform] [operator] [3cfdb5cf] |  \/  (_) ___ _ __ ___  _ __   __ _ _   _| |_ 
2025-01-30 04:00:44,071 INFO c.h.h.t.HelmChartContainer - [test-hivemq-legacy-platform] [operator] [3cfdb5cf] | |\/| | |/ __| '__/ _ \| '_ \ / _` | | | | __|
2025-01-30 04:00:44,071 INFO c.h.h.t.HelmChartContainer - [test-hivemq-legacy-platform] [operator] [3cfdb5cf] | |  | | | (__| | | (_) | | | | (_| | |_| | |_ 
2025-01-30 04:00:44,071 INFO c.h.h.t.HelmChartContainer - [test-hivemq-legacy-platform] [operator] [3cfdb5cf] |_|  |_|_|\___|_|  \___/|_| |_|\__,_|\__,_|\__|
2025-01-30 04:00:44,073 INFO c.h.h.t.HelmChartContainer - [test-hivemq-legacy-platform] [operator] [3cfdb5cf]   Micronaut (v3.5.2)
2025-01-30 04:00:44,073 INFO c.h.h.t.HelmChartContainer - [test-hivemq-legacy-platform] [operator] [3cfdb5cf] 
2025-01-30 04:00:45,205 INFO com.hivemq.helmcharts.util.K8sUtil - Pod 'test-hivemq-legacy-platform-hivemq-operator-operator-56c5bpdv8l' is ready
2025-01-30 04:00:46,281 INFO c.h.h.t.HelmChartContainer - [test-hivemq-legacy-platform] [operator] [3cfdb5cf] ?[36m04:00:46.277?[0;39m ?[1;30m[main]?[0;39m ?[34mINFO ?[0;39m ?[35mio.micronaut.runtime.Micronaut?[0;39m - Startup completed in 2283ms. Server Running: http://test-hivemq-legacy-platform-hivemq-operator-operator-56c5bpdv8l:8443
2025-01-30 04:00:47,373 INFO c.h.h.t.HelmChartContainer - [test-hivemq-legacy-platform] [operator] [3cfdb5cf] ?[36m04:00:47.372?[0;39m ?[1;30m[main]?[0;39m ?[34mINFO ?[0;39m ?[35mcom.hivemq.Operator?[0;39m - Initializing HiveMQ operator
2025-01-30 04:00:48,396 INFO c.h.h.t.HelmChartContainer - [test-hivemq-legacy-platform] [operator] [3cfdb5cf] ?[36m04:00:48.393?[0;39m ?[1;30m[main]?[0;39m ?[34mINFO ?[0;39m ?[35mcom.hivemq.Operator?[0;39m - Operating from namespace 'helmlegacystatefulsetmigrationit-operator'
2025-01-30 04:00:48,579 INFO c.h.h.t.HelmChartContainer - [test-hivemq-legacy-platform] [operator] [3cfdb5cf] ?[36m04:00:48.576?[0;39m ?[1;30m[pool-3-thread-1]?[0;39m ?[34mINFO ?[0;39m ?[35mcom.hivemq.AbstractWatcher?[0;39m - CustomResource watcher running for kinds HiveMQCluster
2025-01-30 04:00:49,185 INFO c.h.h.t.HelmChartContainer - [test-hivemq-legacy-platform] [operator] [3cfdb5cf] ?[36m04:00:49.182?[0;39m ?[1;30m[main]?[0;39m ?[34mINFO ?[0;39m ?[35mcom.hivemq.Operator?[0;39m - Operator started in 1810ms
2025-01-30 04:00:49,478 INFO c.h.h.t.HelmChartContainer - [test-hivemq-legacy-platform] [operator] [3cfdb5cf] ?[36m04:00:49.474?[0;39m ?[1;30m[pool-3-thread-2]?[0;39m ?[34mINFO ?[0;39m ?[35mcom.hivemq.Operator?[0;39m - Syncing state for cluster 'test-hivemq-legacy-platform' in namespace 'helmlegacystatefulsetmigrationit-operator'
2025-01-30 04:00:49,792 INFO c.h.h.t.HelmChartContainer - [K3S] [alloc.go:330] "allocated clusterIPs" service="helmlegacystatefulsetmigrationit-operator/hivemq-test-hivemq-legacy-platform-metrics" clusterIPs={"IPv4":"10.43.167.245"}
2025-01-30 04:00:49,798 INFO c.h.h.t.HelmChartContainer - [K3S] [alloc.go:330] "allocated clusterIPs" service="helmlegacystatefulsetmigrationit-operator/hivemq-test-hivemq-legacy-platform-mqtt" clusterIPs={"IPv4":"10.43.225.202"}
2025-01-30 04:00:49,803 INFO c.h.h.t.HelmChartContainer - [K3S] [alloc.go:330] "allocated clusterIPs" service="helmlegacystatefulsetmigrationit-operator/hivemq-test-hivemq-legacy-platform-cc" clusterIPs={"IPv4":"10.43.250.17"}
2025-01-30 04:00:49,807 INFO c.h.h.t.HelmChartContainer - [K3S] [alloc.go:330] "allocated clusterIPs" service="helmlegacystatefulsetmigrationit-operator/hivemq-test-hivemq-legacy-platform-api" clusterIPs={"IPv4":"10.43.91.106"}
2025-01-30 04:00:50,094 DEBUG com.hivemq.helmcharts.util.K8sUtil - Comparing actual state 'Pending' and waiting for 'Running'
2025-01-30 04:00:51,100 DEBUG com.hivemq.helmcharts.util.K8sUtil - Comparing actual state 'Pending' and waiting for 'Running'
2025-01-30 04:00:51,289 INFO c.h.h.t.HelmChartContainer - [test-hivemq-legacy-platform] [operator] [3cfdb5cf] ?[36m04:00:51.287?[0;39m ?[1;30m[pool-3-thread-9]?[0;39m ?[34mINFO ?[0;39m ?[35mcom.hivemq.Operator?[0;39m - Syncing state for cluster 'test-hivemq-legacy-platform' in namespace 'helmlegacystatefulsetmigrationit-operator'
2025-01-30 04:00:51,512 INFO c.h.h.t.HelmChartContainer - [EVENT] Normal [SuccessfulCreate] create Claim data-test-hivemq-legacy-platform-0 Pod test-hivemq-legacy-platform-0 in StatefulSet test-hivemq-legacy-platform success [helmlegacystatefulsetmigrationit-operator:test-hivemq-legacy-platform]
2025-01-30 04:00:51,517 INFO c.h.h.t.HelmChartContainer - [EVENT] Normal [SuccessfulCreate] create Pod test-hivemq-legacy-platform-0 in StatefulSet test-hivemq-legacy-platform successful [helmlegacystatefulsetmigrationit-operator:test-hivemq-legacy-platform]
2025-01-30 04:00:51,523 INFO c.h.h.t.HelmChartContainer - [EVENT] Normal [WaitForFirstConsumer] waiting for first consumer to be created before binding [helmlegacystatefulsetmigrationit-operator:data-test-hivemq-legacy-platform-0]
2025-01-30 04:00:51,530 INFO c.h.h.t.HelmChartContainer - [POD] test-hivemq-legacy-platform-0 [5c0860bb-093b-4e48-a63e-f9cc0745fd13] in helmlegacystatefulsetmigrationit-operator was ADDED
2025-01-30 04:00:51,533 INFO c.h.h.t.HelmChartContainer - [EVENT] Normal [ExternalProvisioning] Waiting for a volume to be created either by the external provisioner 'rancher.io/local-path' or manually by the system administrator. If volume creation is delayed, please verify that the provisioner is running and correctly registered. [helmlegacystatefulsetmigrationit-operator:data-test-hivemq-legacy-platform-0]
2025-01-30 04:00:51,547 INFO c.h.h.t.HelmChartContainer - [EVENT] Normal [Provisioning] External provisioner is provisioning volume for claim "helmlegacystatefulsetmigrationit-operator/data-test-hivemq-legacy-platform-0" [helmlegacystatefulsetmigrationit-operator:data-test-hivemq-legacy-platform-0]
2025-01-30 04:00:51,549 INFO c.h.h.t.HelmChartContainer - [EVENT] Normal [ExternalProvisioning] Waiting for a volume to be created either by the external provisioner 'rancher.io/local-path' or manually by the system administrator. If volume creation is delayed, please verify that the provisioner is running and correctly registered. [helmlegacystatefulsetmigrationit-operator:data-test-hivemq-legacy-platform-0]
2025-01-30 04:00:51,614 INFO c.h.h.t.HelmChartContainer - [POD] helper-pod-create-pvc-802e651d-fc83-4b06-b74c-09e179a52d9a [65fb83ed-5c04-40ac-989b-d99f5ee42b1e] in kube-system was ADDED
2025-01-30 04:00:51,622 INFO c.h.h.t.HelmChartContainer - [POD] helper-pod-create-pvc-802e651d-fc83-4b06-b74c-09e179a52d9a [65fb83ed-5c04-40ac-989b-d99f5ee42b1e] in kube-system was MODIFIED
2025-01-30 04:00:51,630 INFO c.h.h.t.HelmChartContainer - [K3S] [reconciler_common.go:251] "operationExecutor.VerifyControllerAttachedVolume started for volume \"data\" (UniqueName: \"kubernetes.io/host-path/65fb83ed-5c04-40ac-989b-d99f5ee42b1e-data\") pod \"helper-pod-create-pvc-802e651d-fc83-4b06-b74c-09e179a52d9a\" (UID: \"65fb83ed-5c04-40ac-989b-d99f5ee42b1e\") " pod="kube-system/helper-pod-create-pvc-802e651d-fc83-4b06-b74c-09e179a52d9a"
2025-01-30 04:00:51,630 INFO c.h.h.t.HelmChartContainer - [K3S] [reconciler_common.go:251] "operationExecutor.VerifyControllerAttachedVolume started for volume \"script\" (UniqueName: \"kubernetes.io/configmap/65fb83ed-5c04-40ac-989b-d99f5ee42b1e-script\") pod \"helper-pod-create-pvc-802e651d-fc83-4b06-b74c-09e179a52d9a\" (UID: \"65fb83ed-5c04-40ac-989b-d99f5ee42b1e\") " pod="kube-system/helper-pod-create-pvc-802e651d-fc83-4b06-b74c-09e179a52d9a"
2025-01-30 04:00:51,630 INFO c.h.h.t.HelmChartContainer - [K3S] [reconciler_common.go:251] "operationExecutor.VerifyControllerAttachedVolume started for volume \"kube-api-access-ltv6d\" (UniqueName: \"kubernetes.io/projected/65fb83ed-5c04-40ac-989b-d99f5ee42b1e-kube-api-access-ltv6d\") pod \"helper-pod-create-pvc-802e651d-fc83-4b06-b74c-09e179a52d9a\" (UID: \"65fb83ed-5c04-40ac-989b-d99f5ee42b1e\") " pod="kube-system/helper-pod-create-pvc-802e651d-fc83-4b06-b74c-09e179a52d9a"
2025-01-30 04:00:52,101 DEBUG com.hivemq.helmcharts.util.K8sUtil - Comparing actual state 'Pending' and waiting for 'Running'
2025-01-30 04:00:52,707 DEBUG com.hivemq.helmcharts.util.K8sUtil - Comparing actual state 'Updating' and waiting for 'Running'
2025-01-30 04:00:53,472 INFO c.h.h.t.HelmChartContainer - [POD] helper-pod-create-pvc-802e651d-fc83-4b06-b74c-09e179a52d9a [65fb83ed-5c04-40ac-989b-d99f5ee42b1e] in kube-system was MODIFIED
2025-01-30 04:00:54,545 INFO c.h.h.t.HelmChartContainer - [K3S] [reconciler_common.go:162] "operationExecutor.UnmountVolume started for volume \"kube-api-access-ltv6d\" (UniqueName: \"kubernetes.io/projected/65fb83ed-5c04-40ac-989b-d99f5ee42b1e-kube-api-access-ltv6d\") pod \"65fb83ed-5c04-40ac-989b-d99f5ee42b1e\" (UID: \"65fb83ed-5c04-40ac-989b-d99f5ee42b1e\") "
2025-01-30 04:00:54,545 INFO c.h.h.t.HelmChartContainer - [K3S] [reconciler_common.go:162] "operationExecutor.UnmountVolume started for volume \"script\" (UniqueName: \"kubernetes.io/configmap/65fb83ed-5c04-40ac-989b-d99f5ee42b1e-script\") pod \"65fb83ed-5c04-40ac-989b-d99f5ee42b1e\" (UID: \"65fb83ed-5c04-40ac-989b-d99f5ee42b1e\") "
2025-01-30 04:00:54,545 INFO c.h.h.t.HelmChartContainer - [K3S] [reconciler_common.go:162] "operationExecutor.UnmountVolume started for volume \"data\" (UniqueName: \"kubernetes.io/host-path/65fb83ed-5c04-40ac-989b-d99f5ee42b1e-data\") pod \"65fb83ed-5c04-40ac-989b-d99f5ee42b1e\" (UID: \"65fb83ed-5c04-40ac-989b-d99f5ee42b1e\") "
2025-01-30 04:00:54,549 INFO c.h.h.t.HelmChartContainer - [POD] helper-pod-create-pvc-802e651d-fc83-4b06-b74c-09e179a52d9a [65fb83ed-5c04-40ac-989b-d99f5ee42b1e] in kube-system was MODIFIED
2025-01-30 04:00:54,636 INFO c.h.h.t.HelmChartContainer - [POD] helper-pod-create-pvc-802e651d-fc83-4b06-b74c-09e179a52d9a [65fb83ed-5c04-40ac-989b-d99f5ee42b1e] in kube-system was MODIFIED
2025-01-30 04:00:54,639 INFO c.h.h.t.HelmChartContainer - [POD] helper-pod-create-pvc-802e651d-fc83-4b06-b74c-09e179a52d9a [65fb83ed-5c04-40ac-989b-d99f5ee42b1e] in kube-system was DELETED
2025-01-30 04:00:54,645 INFO c.h.h.t.HelmChartContainer - [K3S] [reconciler_common.go:299] "Volume detached for volume \"data\" (UniqueName: \"kubernetes.io/host-path/65fb83ed-5c04-40ac-989b-d99f5ee42b1e-data\") on node \"eb90bc493249\" DevicePath \"\""
2025-01-30 04:00:54,647 INFO c.h.h.t.HelmChartContainer - [K3S] [reconciler_common.go:299] "Volume detached for volume \"script\" (UniqueName: \"kubernetes.io/configmap/65fb83ed-5c04-40ac-989b-d99f5ee42b1e-script\") on node \"eb90bc493249\" DevicePath \"\""
2025-01-30 04:00:54,647 INFO c.h.h.t.HelmChartContainer - [K3S] [reconciler_common.go:299] "Volume detached for volume \"kube-api-access-ltv6d\" (UniqueName: \"kubernetes.io/projected/65fb83ed-5c04-40ac-989b-d99f5ee42b1e-kube-api-access-ltv6d\") on node \"eb90bc493249\" DevicePath \"\""
2025-01-30 04:00:54,655 INFO c.h.h.t.HelmChartContainer - [EVENT] Normal [ProvisioningSucceeded] Successfully provisioned volume pvc-802e651d-fc83-4b06-b74c-09e179a52d9a [helmlegacystatefulsetmigrationit-operator:data-test-hivemq-legacy-platform-0]
2025-01-30 04:00:55,468 INFO c.h.h.t.HelmChartContainer - [K3S] [pod_container_deletor.go:80] "Container not found in pod's containers" containerID="86a7386cb8ae72b7a31a47d0a10bcd62d60f2348084582287079b1abb2b1b71a"
2025-01-30 04:00:55,474 INFO c.h.h.t.HelmChartContainer - [K3S] [status_manager.go:890] "Failed to get status for pod" podUID="65fb83ed-5c04-40ac-989b-d99f5ee42b1e" pod="kube-system/helper-pod-create-pvc-802e651d-fc83-4b06-b74c-09e179a52d9a" err="pods \"helper-pod-create-pvc-802e651d-fc83-4b06-b74c-09e179a52d9a\" is forbidden: User \"system:node:eb90bc493249\" cannot get resource \"pods\" in API group \"\" in the namespace \"kube-system\": no relationship found between node 'eb90bc493249' and this object"
2025-01-30 04:00:55,529 INFO c.h.h.t.HelmChartContainer - [K3S] [memory_manager.go:355] "RemoveStaleState removing state" podUID="65fb83ed-5c04-40ac-989b-d99f5ee42b1e" containerName="helper-pod"
2025-01-30 04:00:55,533 INFO c.h.h.t.HelmChartContainer - [K3S] [status_manager.go:890] "Failed to get status for pod" podUID="65fb83ed-5c04-40ac-989b-d99f5ee42b1e" pod="kube-system/helper-pod-create-pvc-802e651d-fc83-4b06-b74c-09e179a52d9a" err="pods \"helper-pod-create-pvc-802e651d-fc83-4b06-b74c-09e179a52d9a\" is forbidden: User \"system:node:eb90bc493249\" cannot get resource \"pods\" in API group \"\" in the namespace \"kube-system\": no relationship found between node 'eb90bc493249' and this object"
2025-01-30 04:00:55,534 INFO c.h.h.t.HelmChartContainer - [EVENT] Normal [Scheduled] Successfully assigned helmlegacystatefulsetmigrationit-operator/test-hivemq-legacy-platform-0 to eb90bc493249 [helmlegacystatefulsetmigrationit-operator:test-hivemq-legacy-platform-0]
2025-01-30 04:00:55,537 INFO c.h.h.t.HelmChartContainer - [POD] test-hivemq-legacy-platform-0 [5c0860bb-093b-4e48-a63e-f9cc0745fd13] in helmlegacystatefulsetmigrationit-operator was MODIFIED
2025-01-30 04:00:55,551 INFO c.h.h.t.HelmChartContainer - [K3S] [reconciler_common.go:251] "operationExecutor.VerifyControllerAttachedVolume started for volume \"audit\" (UniqueName: \"kubernetes.io/empty-dir/5c0860bb-093b-4e48-a63e-f9cc0745fd13-audit\") pod \"test-hivemq-legacy-platform-0\" (UID: \"5c0860bb-093b-4e48-a63e-f9cc0745fd13\") " pod="helmlegacystatefulsetmigrationit-operator/test-hivemq-legacy-platform-0"
2025-01-30 04:00:55,552 INFO c.h.h.t.HelmChartContainer - [K3S] [reconciler_common.go:251] "operationExecutor.VerifyControllerAttachedVolume started for volume \"heap-dumps\" (UniqueName: \"kubernetes.io/empty-dir/5c0860bb-093b-4e48-a63e-f9cc0745fd13-heap-dumps\") pod \"test-hivemq-legacy-platform-0\" (UID: \"5c0860bb-093b-4e48-a63e-f9cc0745fd13\") " pod="helmlegacystatefulsetmigrationit-operator/test-hivemq-legacy-platform-0"
2025-01-30 04:00:55,552 INFO c.h.h.t.HelmChartContainer - [K3S] [reconciler_common.go:251] "operationExecutor.VerifyControllerAttachedVolume started for volume \"dns-wait-config\" (UniqueName: \"kubernetes.io/configmap/5c0860bb-093b-4e48-a63e-f9cc0745fd13-dns-wait-config\") pod \"test-hivemq-legacy-platform-0\" (UID: \"5c0860bb-093b-4e48-a63e-f9cc0745fd13\") " pod="helmlegacystatefulsetmigrationit-operator/test-hivemq-legacy-platform-0"
2025-01-30 04:00:55,552 INFO c.h.h.t.HelmChartContainer - [K3S] [reconciler_common.go:251] "operationExecutor.VerifyControllerAttachedVolume started for volume \"ese-file-realm\" (UniqueName: \"kubernetes.io/configmap/5c0860bb-093b-4e48-a63e-f9cc0745fd13-ese-file-realm\") pod \"test-hivemq-legacy-platform-0\" (UID: \"5c0860bb-093b-4e48-a63e-f9cc0745fd13\") " pod="helmlegacystatefulsetmigrationit-operator/test-hivemq-legacy-platform-0"
2025-01-30 04:00:55,552 INFO c.h.h.t.HelmChartContainer - [K3S] [reconciler_common.go:251] "operationExecutor.VerifyControllerAttachedVolume started for volume \"conf-override\" (UniqueName: \"kubernetes.io/empty-dir/5c0860bb-093b-4e48-a63e-f9cc0745fd13-conf-override\") pod \"test-hivemq-legacy-platform-0\" (UID: \"5c0860bb-093b-4e48-a63e-f9cc0745fd13\") " pod="helmlegacystatefulsetmigrationit-operator/test-hivemq-legacy-platform-0"
2025-01-30 04:00:55,552 INFO c.h.h.t.HelmChartContainer - [K3S] [reconciler_common.go:251] "operationExecutor.VerifyControllerAttachedVolume started for volume \"live-info\" (UniqueName: \"kubernetes.io/configmap/5c0860bb-093b-4e48-a63e-f9cc0745fd13-live-info\") pod \"test-hivemq-legacy-platform-0\" (UID: \"5c0860bb-093b-4e48-a63e-f9cc0745fd13\") " pod="helmlegacystatefulsetmigrationit-operator/test-hivemq-legacy-platform-0"
2025-01-30 04:00:55,552 INFO c.h.h.t.HelmChartContainer - [K3S] [reconciler_common.go:251] "operationExecutor.VerifyControllerAttachedVolume started for volume \"log\" (UniqueName: \"kubernetes.io/empty-dir/5c0860bb-093b-4e48-a63e-f9cc0745fd13-log\") pod \"test-hivemq-legacy-platform-0\" (UID: \"5c0860bb-093b-4e48-a63e-f9cc0745fd13\") " pod="helmlegacystatefulsetmigrationit-operator/test-hivemq-legacy-platform-0"
2025-01-30 04:00:55,552 INFO c.h.h.t.HelmChartContainer - [K3S] [reconciler_common.go:251] "operationExecutor.VerifyControllerAttachedVolume started for volume \"pvc-802e651d-fc83-4b06-b74c-09e179a52d9a\" (UniqueName: \"kubernetes.io/local-volume/pvc-802e651d-fc83-4b06-b74c-09e179a52d9a\") pod \"test-hivemq-legacy-platform-0\" (UID: \"5c0860bb-093b-4e48-a63e-f9cc0745fd13\") " pod="helmlegacystatefulsetmigrationit-operator/test-hivemq-legacy-platform-0"
2025-01-30 04:00:55,552 INFO c.h.h.t.HelmChartContainer - [K3S] [reconciler_common.go:251] "operationExecutor.VerifyControllerAttachedVolume started for volume \"shared-data\" (UniqueName: \"kubernetes.io/empty-dir/5c0860bb-093b-4e48-a63e-f9cc0745fd13-shared-data\") pod \"test-hivemq-legacy-platform-0\" (UID: \"5c0860bb-093b-4e48-a63e-f9cc0745fd13\") " pod="helmlegacystatefulsetmigrationit-operator/test-hivemq-legacy-platform-0"
2025-01-30 04:00:55,552 INFO c.h.h.t.HelmChartContainer - [K3S] [reconciler_common.go:251] "operationExecutor.VerifyControllerAttachedVolume started for volume \"backup\" (UniqueName: \"kubernetes.io/empty-dir/5c0860bb-093b-4e48-a63e-f9cc0745fd13-backup\") pod \"test-hivemq-legacy-platform-0\" (UID: \"5c0860bb-093b-4e48-a63e-f9cc0745fd13\") " pod="helmlegacystatefulsetmigrationit-operator/test-hivemq-legacy-platform-0"
2025-01-30 04:00:55,552 INFO c.h.h.t.HelmChartContainer - [K3S] [reconciler_common.go:251] "operationExecutor.VerifyControllerAttachedVolume started for volume \"ese-configuration\" (UniqueName: \"kubernetes.io/configmap/5c0860bb-093b-4e48-a63e-f9cc0745fd13-ese-configuration\") pod \"test-hivemq-legacy-platform-0\" (UID: \"5c0860bb-093b-4e48-a63e-f9cc0745fd13\") " pod="helmlegacystatefulsetmigrationit-operator/test-hivemq-legacy-platform-0"
2025-01-30 04:00:55,552 INFO c.h.h.t.HelmChartContainer - [K3S] [reconciler_common.go:251] "operationExecutor.VerifyControllerAttachedVolume started for volume \"kube-api-access-w266n\" (UniqueName: \"kubernetes.io/projected/5c0860bb-093b-4e48-a63e-f9cc0745fd13-kube-api-access-w266n\") pod \"test-hivemq-legacy-platform-0\" (UID: \"5c0860bb-093b-4e48-a63e-f9cc0745fd13\") " pod="helmlegacystatefulsetmigrationit-operator/test-hivemq-legacy-platform-0"
2025-01-30 04:00:55,555 INFO c.h.h.t.HelmChartContainer - [POD] test-hivemq-legacy-platform-0 [5c0860bb-093b-4e48-a63e-f9cc0745fd13] in helmlegacystatefulsetmigrationit-operator was MODIFIED
2025-01-30 04:00:55,913 INFO c.h.h.t.HelmChartContainer - [EVENT] Normal [Pulling] Pulling image "busybox:latest" [helmlegacystatefulsetmigrationit-operator:test-hivemq-legacy-platform-0]
2025-01-30 04:00:56,327 INFO c.h.h.t.HelmChartContainer - [K3S] [kubelet_volumes.go:163] "Cleaned up orphaned pod volumes dir" podUID="65fb83ed-5c04-40ac-989b-d99f5ee42b1e" path="/var/lib/kubelet/pods/65fb83ed-5c04-40ac-989b-d99f5ee42b1e/volumes"
2025-01-30 04:00:56,601 INFO c.h.h.t.HelmChartContainer - [EVENT] Normal [Pulled] Successfully pulled image "busybox:latest" in 687ms (687ms including waiting). Image size: 2167089 bytes. [helmlegacystatefulsetmigrationit-operator:test-hivemq-legacy-platform-0]
2025-01-30 04:00:56,608 INFO c.h.h.t.HelmChartContainer - [EVENT] Normal [Created] Created container: init-shared [helmlegacystatefulsetmigrationit-operator:test-hivemq-legacy-platform-0]
2025-01-30 04:00:56,651 INFO c.h.h.t.HelmChartContainer - [EVENT] Normal [Started] Started container init-shared [helmlegacystatefulsetmigrationit-operator:test-hivemq-legacy-platform-0]
2025-01-30 04:00:57,477 INFO c.h.h.t.HelmChartContainer - [EVENT] Normal [Pulling] Pulling image "hivemq/init-dns-wait:1.0.0" [helmlegacystatefulsetmigrationit-operator:test-hivemq-legacy-platform-0]
2025-01-30 04:00:57,498 INFO c.h.h.t.HelmChartContainer - [POD] test-hivemq-legacy-platform-0 [5c0860bb-093b-4e48-a63e-f9cc0745fd13] in helmlegacystatefulsetmigrationit-operator was MODIFIED
2025-01-30 04:00:58,290 INFO c.h.h.t.HelmChartContainer - [EVENT] Normal [Pulled] Successfully pulled image "hivemq/init-dns-wait:1.0.0" in 813ms (813ms including waiting). Image size: 9765054 bytes. [helmlegacystatefulsetmigrationit-operator:test-hivemq-legacy-platform-0]
2025-01-30 04:00:58,297 INFO c.h.h.t.HelmChartContainer - [EVENT] Normal [Created] Created container: dns-wait [helmlegacystatefulsetmigrationit-operator:test-hivemq-legacy-platform-0]
2025-01-30 04:00:58,336 INFO c.h.h.t.HelmChartContainer - [EVENT] Normal [Started] Started container dns-wait [helmlegacystatefulsetmigrationit-operator:test-hivemq-legacy-platform-0]
2025-01-30 04:00:58,492 INFO c.h.h.t.HelmChartContainer - [POD] test-hivemq-legacy-platform-0 [5c0860bb-093b-4e48-a63e-f9cc0745fd13] in helmlegacystatefulsetmigrationit-operator was MODIFIED
2025-01-30 04:01:00,294 INFO c.h.h.t.HelmChartContainer - [K3S] [scope.go:117] "RemoveContainer" containerID="85305a66c2396f46c3cf3d4e7800acac704bfe649e713bfc331ee01245a01545"
2025-01-30 04:01:01,875 INFO c.h.h.t.HelmChartContainer - [K3S] [range_allocator.go:247] "Successfully synced" key="eb90bc493249"
2025-01-30 04:01:08,496 INFO c.h.h.t.HelmChartContainer - [EVENT] Normal [Pulling] Pulling image "hivemq/hivemq4:k8s-4.36.0" [helmlegacystatefulsetmigrationit-operator:test-hivemq-legacy-platform-0]
2025-01-30 04:01:08,496 INFO c.h.h.t.HelmChartContainer - Received Pulling event for container hivemq in pod test-hivemq-legacy-platform-0 [5c0860bb-093b-4e48-a63e-f9cc0745fd13]
2025-01-30 04:01:08,508 INFO c.h.h.t.HelmChartContainer - [POD] test-hivemq-legacy-platform-0 [5c0860bb-093b-4e48-a63e-f9cc0745fd13] in helmlegacystatefulsetmigrationit-operator was MODIFIED
2025-01-30 04:01:09,293 INFO c.h.h.t.HelmChartContainer - [EVENT] Normal [Pulled] Successfully pulled image "hivemq/hivemq4:k8s-4.36.0" in 797ms (797ms including waiting). Image size: 699327787 bytes. [helmlegacystatefulsetmigrationit-operator:test-hivemq-legacy-platform-0]
2025-01-30 04:01:09,293 INFO c.h.h.t.HelmChartContainer - Received Pulled event for container hivemq in pod test-hivemq-legacy-platform-0 [5c0860bb-093b-4e48-a63e-f9cc0745fd13]
2025-01-30 04:01:09,300 INFO c.h.h.t.HelmChartContainer - [EVENT] Normal [Created] Created container: hivemq [helmlegacystatefulsetmigrationit-operator:test-hivemq-legacy-platform-0]
2025-01-30 04:01:09,300 INFO c.h.h.t.HelmChartContainer - Received Created event for container hivemq in pod test-hivemq-legacy-platform-0 [5c0860bb-093b-4e48-a63e-f9cc0745fd13]
2025-01-30 04:01:09,516 INFO c.h.h.t.HelmChartContainer - [POD] test-hivemq-legacy-platform-0 [5c0860bb-093b-4e48-a63e-f9cc0745fd13] in helmlegacystatefulsetmigrationit-operator was MODIFIED
2025-01-30 04:01:09,525 INFO c.h.h.t.HelmChartContainer - Started log watcher for hivemq in pod test-hivemq-legacy-platform-0 [5c0860bb-093b-4e48-a63e-f9cc0745fd13]
2025-01-30 04:01:09,525 INFO c.h.h.t.HelmChartContainer - [EVENT] Normal [Started] Started container hivemq [helmlegacystatefulsetmigrationit-operator:test-hivemq-legacy-platform-0]
2025-01-30 04:01:09,525 INFO c.h.h.t.HelmChartContainer - Received Started event for container hivemq in pod test-hivemq-legacy-platform-0 [5c0860bb-093b-4e48-a63e-f9cc0745fd13]
2025-01-30 04:01:09,527 INFO c.h.h.t.HelmChartContainer - [test-hivemq-legacy-platform] [hivemq] [5c0860bb] Copying external files
2025-01-30 04:01:09,527 INFO c.h.h.t.HelmChartContainer - [test-hivemq-legacy-platform] [hivemq] [5c0860bb] '/conf-override/extensions/hivemq-enterprise-security-extension/..data' -> '/opt/hivemq/extensions/hivemq-enterprise-security-extension/..data'
2025-01-30 04:01:09,528 INFO c.h.h.t.HelmChartContainer - [test-hivemq-legacy-platform] [hivemq] [5c0860bb] '/conf-override/extensions/hivemq-enterprise-security-extension/enterprise-security-extension.xml' -> '/opt/hivemq/extensions/hivemq-enterprise-security-extension/enterprise-security-extension.xml'
2025-01-30 04:01:09,531 INFO c.h.h.t.HelmChartContainer - [test-hivemq-legacy-platform] [hivemq] [5c0860bb] '/conf-override/extensions/hivemq-enterprise-security-extension/..2025_01_30_04_00_55.2301730520' -> '/opt/hivemq/extensions/hivemq-enterprise-security-extension/..2025_01_30_04_00_55.2301730520'
2025-01-30 04:01:09,531 INFO c.h.h.t.HelmChartContainer - [test-hivemq-legacy-platform] [hivemq] [5c0860bb] '/conf-override/extensions/hivemq-enterprise-security-extension/..2025_01_30_04_00_55.2301730520/enterprise-security-extension.xml' -> '/opt/hivemq/extensions/hivemq-enterprise-security-extension/..2025_01_30_04_00_55.2301730520/enterprise-security-extension.xml'
2025-01-30 04:01:09,531 INFO c.h.h.t.HelmChartContainer - [test-hivemq-legacy-platform] [hivemq] [5c0860bb] Rewriting config.xml...
2025-01-30 04:01:09,531 INFO c.h.h.t.HelmChartContainer - [test-hivemq-legacy-platform] [hivemq] [5c0860bb] Creating initial lastUpdate files...
2025-01-30 04:01:09,531 INFO c.h.h.t.HelmChartContainer - [test-hivemq-legacy-platform] [hivemq] [5c0860bb] '/conf-override/extensions/hivemq-enterprise-security-extension/..2025_01_30_04_00_55.2301730520/enterprise-security-extension.xml' -> '/opt/hivemq/extensions/hivemq-enterprise-security-extension/..2025_01_30_04_00_55.2301730520/enterprise-security-extension.xml.lastUpdate'
2025-01-30 04:01:09,531 INFO c.h.h.t.HelmChartContainer - [test-hivemq-legacy-platform] [hivemq] [5c0860bb] Pod info:
2025-01-30 04:01:09,531 INFO c.h.h.t.HelmChartContainer - [test-hivemq-legacy-platform] [hivemq] [5c0860bb] extension-names=hivemq-enterprise-security-extension
2025-01-30 04:01:09,531 INFO c.h.h.t.HelmChartContainer - [test-hivemq-legacy-platform] [hivemq] [5c0860bb] extension-uris=preinstalled
2025-01-30 04:01:09,531 INFO c.h.h.t.HelmChartContainer - [test-hivemq-legacy-platform] [hivemq] [5c0860bb] extension-states=true
2025-01-30 04:01:09,531 INFO c.h.h.t.HelmChartContainer - [test-hivemq-legacy-platform] [hivemq] [5c0860bb] extensions-static=false
2025-01-30 04:01:09,531 INFO c.h.h.t.HelmChartContainer - [test-hivemq-legacy-platform] [hivemq] [5c0860bb] Installing extension #0 with name: hivemq-enterprise-security-extension, URI: preinstalled, enabled state: true
2025-01-30 04:01:09,531 INFO c.h.h.t.HelmChartContainer - [test-hivemq-legacy-platform] [hivemq] [5c0860bb] + [[ 3 != 3 ]]
2025-01-30 04:01:09,531 INFO c.h.h.t.HelmChartContainer - [test-hivemq-legacy-platform] [hivemq] [5c0860bb] + EXTENSION_URI=preinstalled
2025-01-30 04:01:09,531 INFO c.h.h.t.HelmChartContainer - [test-hivemq-legacy-platform] [hivemq] [5c0860bb] + EXTENSION_NAME=hivemq-enterprise-security-extension
2025-01-30 04:01:09,531 INFO c.h.h.t.HelmChartContainer - [test-hivemq-legacy-platform] [hivemq] [5c0860bb] + TARGET_STATE=true
2025-01-30 04:01:09,531 INFO c.h.h.t.HelmChartContainer - [test-hivemq-legacy-platform] [hivemq] [5c0860bb] + TARGET_DIR=/opt/hivemq/extensions/hivemq-enterprise-security-extension
2025-01-30 04:01:09,531 INFO c.h.h.t.HelmChartContainer - [test-hivemq-legacy-platform] [hivemq] [5c0860bb] ++ mktemp -d
2025-01-30 04:01:09,531 INFO c.h.h.t.HelmChartContainer - [test-hivemq-legacy-platform] [hivemq] [5c0860bb] + install_dir=/tmp/tmp.tnEg9TwPoc
2025-01-30 04:01:09,531 INFO c.h.h.t.HelmChartContainer - [test-hivemq-legacy-platform] [hivemq] [5c0860bb] + set +e
2025-01-30 04:01:09,531 INFO c.h.h.t.HelmChartContainer - [test-hivemq-legacy-platform] [hivemq] [5c0860bb] + [[ -f /opt/hivemq/extensions/hivemq-enterprise-security-extension/DISABLED ]]
2025-01-30 04:01:09,531 INFO c.h.h.t.HelmChartContainer - [test-hivemq-legacy-platform] [hivemq] [5c0860bb] + was_enabled=0
2025-01-30 04:01:09,531 INFO c.h.h.t.HelmChartContainer - [test-hivemq-legacy-platform] [hivemq] [5c0860bb] + set -e
2025-01-30 04:01:09,531 INFO c.h.h.t.HelmChartContainer - [test-hivemq-legacy-platform] [hivemq] [5c0860bb] + [[ preinstalled != \p\r\e\i\n\s\t\a\l\l\e\d ]]
2025-01-30 04:01:09,531 INFO c.h.h.t.HelmChartContainer - [test-hivemq-legacy-platform] [hivemq] [5c0860bb] + [[ true == \f\a\l\s\e ]]
2025-01-30 04:01:09,531 INFO c.h.h.t.HelmChartContainer - [test-hivemq-legacy-platform] [hivemq] [5c0860bb] + [[ -f /opt/hivemq/extensions/hivemq-enterprise-security-extension/DISABLED ]]
2025-01-30 04:01:09,531 INFO c.h.h.t.HelmChartContainer - [test-hivemq-legacy-platform] [hivemq] [5c0860bb] + rm -f /opt/hivemq/extensions/hivemq-enterprise-security-extension/DISABLED
2025-01-30 04:01:09,531 INFO c.h.h.t.HelmChartContainer - [test-hivemq-legacy-platform] [hivemq] [5c0860bb] + was_enabled=0
2025-01-30 04:01:09,531 INFO c.h.h.t.HelmChartContainer - [test-hivemq-legacy-platform] [hivemq] [5c0860bb] + [[ preinstalled != \p\r\e\i\n\s\t\a\l\l\e\d ]]
2025-01-30 04:01:09,531 INFO c.h.h.t.HelmChartContainer - [test-hivemq-legacy-platform] [hivemq] [5c0860bb] + /opt/hivemq/bin/run_initialization.sh hivemq-enterprise-security-extension
2025-01-30 04:01:09,531 INFO c.h.h.t.HelmChartContainer - [test-hivemq-legacy-platform] [hivemq] [5c0860bb] + EXTENSION_NAME=hivemq-enterprise-security-extension
2025-01-30 04:01:09,531 INFO c.h.h.t.HelmChartContainer - [test-hivemq-legacy-platform] [hivemq] [5c0860bb] + TARGET_DIR=/opt/hivemq/extensions/hivemq-enterprise-security-extension
2025-01-30 04:01:09,534 INFO c.h.h.t.HelmChartContainer - [test-hivemq-legacy-platform] [hivemq] [5c0860bb] + cd /opt/hivemq/extensions/hivemq-enterprise-security-extension
2025-01-30 04:01:09,534 INFO c.h.h.t.HelmChartContainer - [test-hivemq-legacy-platform] [hivemq] [5c0860bb] + [[ -f init_tmp ]]
2025-01-30 04:01:09,534 INFO c.h.h.t.HelmChartContainer - [test-hivemq-legacy-platform] [hivemq] [5c0860bb] + [[ -f /etc/podinfo/init-extension-hivemq-enterprise-security-extension ]]
2025-01-30 04:01:09,534 INFO c.h.h.t.HelmChartContainer - [test-hivemq-legacy-platform] [hivemq] [5c0860bb] /conf-override/extensions/hivemq-enterprise-security-extension/:/opt/hivemq/extensions/hivemq-enterprise-security-extension
2025-01-30 04:01:09,534 INFO c.h.h.t.HelmChartContainer - [test-hivemq-legacy-platform] [hivemq] [5c0860bb] Disabling allow all extension
2025-01-30 04:01:09,534 INFO c.h.h.t.HelmChartContainer - [test-hivemq-legacy-platform] [hivemq] [5c0860bb] Enabling REST API in config.xml...
2025-01-30 04:01:09,534 INFO c.h.h.t.HelmChartContainer - [test-hivemq-legacy-platform] [hivemq] [5c0860bb] -------------------------------------------------------------------------
2025-01-30 04:01:09,534 INFO c.h.h.t.HelmChartContainer - [test-hivemq-legacy-platform] [hivemq] [5c0860bb] 
2025-01-30 04:01:09,534 INFO c.h.h.t.HelmChartContainer - [test-hivemq-legacy-platform] [hivemq] [5c0860bb]                   _    _  _              __  __   ____
2025-01-30 04:01:09,534 INFO c.h.h.t.HelmChartContainer - [test-hivemq-legacy-platform] [hivemq] [5c0860bb]                  | |  | |(_)            |  \/  | / __ \
2025-01-30 04:01:09,534 INFO c.h.h.t.HelmChartContainer - [test-hivemq-legacy-platform] [hivemq] [5c0860bb]                  | |__| | _ __   __ ___ | \  / || |  | |
2025-01-30 04:01:09,534 INFO c.h.h.t.HelmChartContainer - [test-hivemq-legacy-platform] [hivemq] [5c0860bb]                  |  __  || |\ \ / // _ \| |\/| || |  | |
2025-01-30 04:01:09,534 INFO c.h.h.t.HelmChartContainer - [test-hivemq-legacy-platform] [hivemq] [5c0860bb]                  | |  | || | \ V /|  __/| |  | || |__| |
2025-01-30 04:01:09,534 INFO c.h.h.t.HelmChartContainer - [test-hivemq-legacy-platform] [hivemq] [5c0860bb]                  |_|  |_||_|  \_/  \___||_|  |_| \___\_\
2025-01-30 04:01:09,534 INFO c.h.h.t.HelmChartContainer - [test-hivemq-legacy-platform] [hivemq] [5c0860bb] 
2025-01-30 04:01:09,534 INFO c.h.h.t.HelmChartContainer - [test-hivemq-legacy-platform] [hivemq] [5c0860bb] -------------------------------------------------------------------------
2025-01-30 04:01:09,534 INFO c.h.h.t.HelmChartContainer - [test-hivemq-legacy-platform] [hivemq] [5c0860bb] 
2025-01-30 04:01:09,534 INFO c.h.h.t.HelmChartContainer - [test-hivemq-legacy-platform] [hivemq] [5c0860bb]   HiveMQ Start Script for Linux/Unix v1.14
2025-01-30 04:01:09,534 INFO c.h.h.t.HelmChartContainer - [test-hivemq-legacy-platform] [hivemq] [5c0860bb] 
2025-01-30 04:01:09,553 INFO c.h.h.t.HelmChartContainer - [test-hivemq-legacy-platform] [hivemq] [5c0860bb] -------------------------------------------------------------------------
2025-01-30 04:01:09,553 INFO c.h.h.t.HelmChartContainer - [test-hivemq-legacy-platform] [hivemq] [5c0860bb] 
2025-01-30 04:01:09,553 INFO c.h.h.t.HelmChartContainer - [test-hivemq-legacy-platform] [hivemq] [5c0860bb]   HIVEMQ_HOME: /opt/hivemq
2025-01-30 04:01:09,553 INFO c.h.h.t.HelmChartContainer - [test-hivemq-legacy-platform] [hivemq] [5c0860bb] 
2025-01-30 04:01:09,553 INFO c.h.h.t.HelmChartContainer - [test-hivemq-legacy-platform] [hivemq] [5c0860bb]   JAVA_OPTS: -XX:+UnlockExperimentalVMOptions -XX:InitialRAMPercentage=40 -XX:MaxRAMPercentage=50 -XX:MinRAMPercentage=30 -Djava.net.preferIPv4Stack=true --add-opens java.base/java.lang=ALL-UNNAMED --add-opens java.base/java.nio=ALL-UNNAMED --add-opens java.base/sun.nio.ch=ALL-UNNAMED --add-opens jdk.management/com.sun.management.internal=ALL-UNNAMED --add-exports java.base/jdk.internal.misc=ALL-UNNAMED -Djava.security.egd=file:/dev/./urandom -Dcom.sun.management.jmxremote -Dcom.sun.management.jmxremote.port=9010 -Dcom.sun.management.jmxremote.local.only=false -Dcom.sun.management.jmxremote.authenticate=false -Dcom.sun.management.jmxremote.ssl=false -Duser.language=en -Duser.region=US -XX:+CrashOnOutOfMemoryError -XX:+HeapDumpOnOutOfMemoryError
2025-01-30 04:01:09,553 INFO c.h.h.t.HelmChartContainer - [test-hivemq-legacy-platform] [hivemq] [5c0860bb] 
2025-01-30 04:01:09,553 INFO c.h.h.t.HelmChartContainer - [test-hivemq-legacy-platform] [hivemq] [5c0860bb]   JAVA_VERSION: 21
2025-01-30 04:01:09,553 INFO c.h.h.t.HelmChartContainer - [test-hivemq-legacy-platform] [hivemq] [5c0860bb] 
2025-01-30 04:01:09,553 INFO c.h.h.t.HelmChartContainer - [test-hivemq-legacy-platform] [hivemq] [5c0860bb] -------------------------------------------------------------------------
2025-01-30 04:01:09,553 INFO c.h.h.t.HelmChartContainer - [test-hivemq-legacy-platform] [hivemq] [5c0860bb] 
2025-01-30 04:01:11,835 INFO c.h.h.t.HelmChartContainer - [test-hivemq-legacy-platform] [hivemq] [5c0860bb] INFO  - Starting HiveMQ Enterprise Server
2025-01-30 04:01:11,925 INFO c.h.h.t.HelmChartContainer - [test-hivemq-legacy-platform] [hivemq] [5c0860bb] INFO  - HiveMQ version: 4.36.0
2025-01-30 04:01:11,925 INFO c.h.h.t.HelmChartContainer - [test-hivemq-legacy-platform] [hivemq] [5c0860bb] INFO  - HiveMQ home directory: /opt/hivemq
2025-01-30 04:01:11,925 INFO c.h.h.t.HelmChartContainer - [test-hivemq-legacy-platform] [hivemq] [5c0860bb] INFO  - Log Configuration was overridden by /opt/hivemq/conf/logback.xml
2025-01-30 04:01:13,133 INFO c.h.h.t.HelmChartContainer - [test-hivemq-legacy-platform] [hivemq] [5c0860bb] INFO  - Successfully loaded configuration from '/opt/hivemq/conf/config.xml'.
2025-01-30 04:01:13,526 INFO c.h.h.t.HelmChartContainer - [test-hivemq-legacy-platform] [hivemq] [5c0860bb] INFO  - This node's ID is x0opn
2025-01-30 04:01:13,526 INFO c.h.h.t.HelmChartContainer - [test-hivemq-legacy-platform] [hivemq] [5c0860bb] INFO  - Clustering is enabled
2025-01-30 04:01:15,734 INFO c.h.h.t.HelmChartContainer - [EVENT] Warning [Unhealthy] Readiness probe failed: Log statement not present (yet)
 [helmlegacystatefulsetmigrationit-operator:test-hivemq-legacy-platform-0]
2025-01-30 04:01:15,734 INFO c.h.h.t.HelmChartContainer - Received Unhealthy event for container hivemq in pod test-hivemq-legacy-platform-0 [5c0860bb-093b-4e48-a63e-f9cc0745fd13]
2025-01-30 04:01:20,633 INFO c.h.h.t.HelmChartContainer - [EVENT] Warning [Unhealthy] Readiness probe failed: Log statement not present (yet)
 [helmlegacystatefulsetmigrationit-operator:test-hivemq-legacy-platform-0]
2025-01-30 04:01:20,634 INFO c.h.h.t.HelmChartContainer - Received Unhealthy event for container hivemq in pod test-hivemq-legacy-platform-0 [5c0860bb-093b-4e48-a63e-f9cc0745fd13]
2025-01-30 04:01:25,631 INFO c.h.h.t.HelmChartContainer - [EVENT] Warning [Unhealthy] Readiness probe failed: Log statement not present (yet)
 [helmlegacystatefulsetmigrationit-operator:test-hivemq-legacy-platform-0]
2025-01-30 04:01:25,631 INFO c.h.h.t.HelmChartContainer - Received Unhealthy event for container hivemq in pod test-hivemq-legacy-platform-0 [5c0860bb-093b-4e48-a63e-f9cc0745fd13]
2025-01-30 04:01:25,837 INFO c.h.h.t.HelmChartContainer - [EVENT] Warning [Unhealthy] Liveness probe failed: dial tcp 10.42.0.8:1883: connect: connection refused [helmlegacystatefulsetmigrationit-operator:test-hivemq-legacy-platform-0]
2025-01-30 04:01:25,838 INFO c.h.h.t.HelmChartContainer - Received Unhealthy event for container hivemq in pod test-hivemq-legacy-platform-0 [5c0860bb-093b-4e48-a63e-f9cc0745fd13]
2025-01-30 04:01:26,436 INFO c.h.h.t.HelmChartContainer - [test-hivemq-legacy-platform] [hivemq] [5c0860bb] INFO  - No valid license file found. Using trial license, restricted to 25 connections.
2025-01-30 04:01:29,429 INFO c.h.h.t.HelmChartContainer - [test-hivemq-legacy-platform] [hivemq] [5c0860bb] INFO  - No valid license file for Data Hub found. Using free license, restricted to 1 policy.
2025-01-30 04:01:30,542 INFO c.h.h.t.HelmChartContainer - [EVENT] Warning [Unhealthy] Readiness probe failed: Log statement not present (yet)
 [helmlegacystatefulsetmigrationit-operator:test-hivemq-legacy-platform-0]
2025-01-30 04:01:30,542 INFO c.h.h.t.HelmChartContainer - Received Unhealthy event for container hivemq in pod test-hivemq-legacy-platform-0 [5c0860bb-093b-4e48-a63e-f9cc0745fd13]
2025-01-30 04:01:30,637 INFO c.h.h.t.HelmChartContainer - [test-hivemq-legacy-platform] [hivemq] [5c0860bb] INFO  - Audit Logger started.
2025-01-30 04:01:30,944 INFO c.h.h.t.HelmChartContainer - [test-hivemq-legacy-platform] [hivemq] [5c0860bb] INFO  - This node uses '1' CPU cores.
2025-01-30 04:01:31,556 INFO c.h.h.t.HelmChartContainer - [test-hivemq-legacy-platform] [hivemq] [5c0860bb] INFO  - Starting HiveMQ extension system.
2025-01-30 04:01:32,509 INFO c.h.h.t.HelmChartContainer - [K3S] [range_allocator.go:247] "Successfully synced" key="eb90bc493249"
2025-01-30 04:01:34,144 INFO c.h.h.t.HelmChartContainer - [test-hivemq-legacy-platform] [hivemq] [5c0860bb] INFO  - No license found for enterprise extension with name "HiveMQ Enterprise Security Extension". Entering extension trial mode. "HiveMQ Enterprise Security Extension" will be disabled in 5 hours.
2025-01-30 04:01:34,429 INFO c.h.h.t.HelmChartContainer - [test-hivemq-legacy-platform] [hivemq] [5c0860bb] INFO  - Starting extension with id "hivemq-dns-cluster-discovery" at /opt/hivemq/extensions/hivemq-dns-cluster-discovery
2025-01-30 04:01:34,926 INFO c.h.h.t.HelmChartContainer - [test-hivemq-legacy-platform] [hivemq] [5c0860bb] INFO  - Using TCP cluster transport on address 10.42.0.8 and port 7000
2025-01-30 04:01:34,928 INFO c.h.h.t.HelmChartContainer - [test-hivemq-legacy-platform] [hivemq] [5c0860bb] INFO  - Extension "DNS Cluster Discovery Extension" version 4.3.3 started successfully.
2025-01-30 04:01:34,929 INFO c.h.h.t.HelmChartContainer - [test-hivemq-legacy-platform] [hivemq] [5c0860bb] INFO  - Starting extension with id "hivemq-enterprise-security-extension" at /opt/hivemq/extensions/hivemq-enterprise-security-extension
2025-01-30 04:01:34,933 INFO c.h.h.t.HelmChartContainer - [test-hivemq-legacy-platform] [hivemq] [5c0860bb] INFO  - Using extension cluster discovery
2025-01-30 04:01:35,637 INFO c.h.h.t.HelmChartContainer - [EVENT] Warning [Unhealthy] Readiness probe failed: Log statement not present (yet)
 [helmlegacystatefulsetmigrationit-operator:test-hivemq-legacy-platform-0]
2025-01-30 04:01:35,637 INFO c.h.h.t.HelmChartContainer - Received Unhealthy event for container hivemq in pod test-hivemq-legacy-platform-0 [5c0860bb-093b-4e48-a63e-f9cc0745fd13]
2025-01-30 04:01:36,330 INFO c.h.h.t.HelmChartContainer - [test-hivemq-legacy-platform] [hivemq] [5c0860bb] WARN  - HiveMQ Enterprise Security Extension: The configuration file is placed at the legacy location '/opt/hivemq/extensions/hivemq-enterprise-security-extension/enterprise-security-extension.xml'. Please move the configuration file to the new location '/opt/hivemq/extensions/hivemq-enterprise-security-extension/conf/config.xml'. Support for the legacy location will be removed in a future release.
2025-01-30 04:01:36,431 INFO c.h.h.t.HelmChartContainer - [test-hivemq-legacy-platform] [hivemq] [5c0860bb] INFO  - HiveMQ Enterprise Security Extension: Successfully loaded configuration from '/opt/hivemq/extensions/hivemq-enterprise-security-extension/enterprise-security-extension.xml'.
2025-01-30 04:01:36,434 INFO c.h.h.t.HelmChartContainer - [test-hivemq-legacy-platform] [hivemq] [5c0860bb] INFO  - HiveMQ Enterprise Security Extension: Starting HiveMQ Enterprise Security Extension.
2025-01-30 04:01:36,543 INFO c.h.h.t.HelmChartContainer - [test-hivemq-legacy-platform] [hivemq] [5c0860bb] INFO  - HiveMQ Enterprise Security Extension: Access log is written to /opt/hivemq/log/access/access.log.
2025-01-30 04:01:36,823 INFO c.h.h.t.HelmChartContainer - [test-hivemq-legacy-platform] [hivemq] [5c0860bb] INFO  - HiveMQ Enterprise Security Extension: Started HiveMQ Enterprise Security Extension successfully in 1891ms.
2025-01-30 04:01:36,823 INFO c.h.h.t.HelmChartContainer - [test-hivemq-legacy-platform] [hivemq] [5c0860bb] INFO  - Extension "HiveMQ Enterprise Security Extension" version 4.36.0 started successfully.
2025-01-30 04:01:36,823 INFO c.h.h.t.HelmChartContainer - [test-hivemq-legacy-platform] [hivemq] [5c0860bb] INFO  - Starting extension with id "hivemq-k8s-sync-extension" at /opt/hivemq/extensions/hivemq-k8s-sync-extension
2025-01-30 04:01:37,128 INFO c.h.h.t.HelmChartContainer - [test-hivemq-legacy-platform] [hivemq] [5c0860bb] INFO  - Started HiveMQ Kubernetes State Synchronization Extension:1.0.3
2025-01-30 04:01:37,129 INFO c.h.h.t.HelmChartContainer - [test-hivemq-legacy-platform] [hivemq] [5c0860bb] INFO  - Extension "HiveMQ Kubernetes State Synchronization Extension" version 1.0.3 started successfully.
2025-01-30 04:01:37,129 INFO c.h.h.t.HelmChartContainer - [test-hivemq-legacy-platform] [hivemq] [5c0860bb] INFO  - Starting extension with id "hivemq-prometheus-extension" at /opt/hivemq/extensions/hivemq-prometheus-extension
2025-01-30 04:01:37,536 INFO c.h.h.t.HelmChartContainer - [test-hivemq-legacy-platform] [hivemq] [5c0860bb] INFO  - Started Jetty Server exposing Prometheus Servlet on URI http://0.0.0.0:9399/
2025-01-30 04:01:37,536 INFO c.h.h.t.HelmChartContainer - [test-hivemq-legacy-platform] [hivemq] [5c0860bb] INFO  - Extension "Prometheus Monitoring Extension" version 4.0.13 started successfully.
2025-01-30 04:01:38,032 INFO c.h.h.t.HelmChartContainer - [test-hivemq-legacy-platform] [hivemq] [5c0860bb] INFO  - x0opn: no members discovered after 2405 ms: creating cluster as first member
2025-01-30 04:01:38,038 INFO c.h.h.t.HelmChartContainer - [test-hivemq-legacy-platform] [hivemq] [5c0860bb] INFO  - Cluster nodes found by discovery: [x0opn|0] (1) [x0opn].
2025-01-30 04:01:38,131 INFO c.h.h.t.HelmChartContainer - [test-hivemq-legacy-platform] [hivemq] [5c0860bb] INFO  - Starting HiveMQ REST API on address 0.0.0.0 and port 8888
2025-01-30 04:01:39,129 INFO c.h.h.t.HelmChartContainer - [test-hivemq-legacy-platform] [hivemq] [5c0860bb] INFO  - Started HiveMQ REST API in 997ms
2025-01-30 04:01:39,129 INFO c.h.h.t.HelmChartContainer - [test-hivemq-legacy-platform] [hivemq] [5c0860bb] WARN  - No user for HiveMQ Control Center configured. Starting with default user
2025-01-30 04:01:39,130 INFO c.h.h.t.HelmChartContainer - [test-hivemq-legacy-platform] [hivemq] [5c0860bb] INFO  - Starting HiveMQ Control Center on address 0.0.0.0 and port 8080
2025-01-30 04:01:39,133 INFO c.h.h.t.HelmChartContainer - [test-hivemq-legacy-platform] [hivemq] [5c0860bb] INFO  - Mounting HiveMQ Control Center V2 Preview
2025-01-30 04:01:39,821 INFO c.h.h.t.HelmChartContainer - [test-hivemq-legacy-platform] [hivemq] [5c0860bb] INFO  - Started HiveMQ Control Center in 692ms
2025-01-30 04:01:39,836 INFO c.h.h.t.HelmChartContainer - [test-hivemq-legacy-platform] [hivemq] [5c0860bb] INFO  - Starting TCP listener on address 0.0.0.0 and port 1883
2025-01-30 04:01:39,928 INFO c.h.h.t.HelmChartContainer - [test-hivemq-legacy-platform] [hivemq] [5c0860bb] INFO  - Started TCP Listener on address 0.0.0.0 and on port 1883.
2025-01-30 04:01:39,929 INFO c.h.h.t.HelmChartContainer - [test-hivemq-legacy-platform] [hivemq] [5c0860bb] INFO  - Started HiveMQ in 28395ms
2025-01-30 04:01:40,548 INFO c.h.h.t.HelmChartContainer - [POD] test-hivemq-legacy-platform-0 [5c0860bb-093b-4e48-a63e-f9cc0745fd13] in helmlegacystatefulsetmigrationit-operator was MODIFIED
2025-01-30 04:01:40,794 DEBUG com.hivemq.helmcharts.util.K8sUtil - Comparing actual state 'Updating' and waiting for 'Running'
2025-01-30 04:01:40,884 DEBUG com.hivemq.helmcharts.util.K8sUtil - Comparing actual state 'Running' and waiting for 'Running'
2025-01-30 04:01:40,979 INFO c.h.h.t.HelmChartContainer - [test-hivemq-legacy-platform] [operator] [3cfdb5cf] ?[36m04:01:40.970?[0;39m ?[1;30m[pool-3-thread-2]?[0;39m ?[31mWARN ?[0;39m ?[35mc.h.operations.MonitoringOperable?[0;39m - Prometheus Operator ServiceMonitor CRD not found with v1 api, will try with v1beta1
2025-01-30 04:01:40,995 INFO c.h.h.t.HelmChartContainer - [test-hivemq-legacy-platform] [operator] [3cfdb5cf] ?[36m04:01:40.992?[0;39m ?[1;30m[pool-3-thread-2]?[0;39m ?[31mWARN ?[0;39m ?[35mc.h.operations.MonitoringOperable?[0;39m - Prometheus Operator Prometheus CRD (prometheuses.monitoring.coreos.com) not found with v1beta1 api, can not auto-integrate with Prometheus using ServiceMonitor resource.
2025-01-30 04:01:40,995 INFO c.h.h.t.HelmChartContainer - [test-hivemq-legacy-platform] [operator] [3cfdb5cf] ?[36m04:01:40.992?[0;39m ?[1;30m[pool-3-thread-2]?[0;39m ?[34mINFO ?[0;39m ?[35mcom.hivemq.Operator?[0;39m - State synchronization complete for cluster 'test-hivemq-legacy-platform' in namespace 'helmlegacystatefulsetmigrationit-operator' in 51518ms
2025-01-30 04:01:40,998 INFO c.h.h.util.ControlCenterUtil - Log into CC on hivemq-test-hivemq-legacy-platform-cc:8080 (username: admin) (password: hivemq) (TLS: false)
2025-01-30 04:01:41,086 INFO c.h.h.t.HelmChartContainer - [test-hivemq-legacy-platform] [operator] [3cfdb5cf] ?[36m04:01:41.080?[0;39m ?[1;30m[pool-3-thread-9]?[0;39m ?[31mWARN ?[0;39m ?[35mc.h.operations.MonitoringOperable?[0;39m - Prometheus Operator ServiceMonitor CRD not found with v1 api, will try with v1beta1
2025-01-30 04:01:41,087 INFO c.h.h.t.HelmChartContainer - [test-hivemq-legacy-platform] [operator] [3cfdb5cf] ?[36m04:01:41.087?[0;39m ?[1;30m[pool-3-thread-9]?[0;39m ?[31mWARN ?[0;39m ?[35mc.h.operations.MonitoringOperable?[0;39m - Prometheus Operator Prometheus CRD (prometheuses.monitoring.coreos.com) not found with v1beta1 api, can not auto-integrate with Prometheus using ServiceMonitor resource.
2025-01-30 04:01:41,088 INFO c.h.h.t.HelmChartContainer - [test-hivemq-legacy-platform] [operator] [3cfdb5cf] ?[36m04:01:41.087?[0;39m ?[1;30m[pool-3-thread-9]?[0;39m ?[34mINFO ?[0;39m ?[35mcom.hivemq.Operator?[0;39m - State synchronization complete for cluster 'test-hivemq-legacy-platform' in namespace 'helmlegacystatefulsetmigrationit-operator' in 49800ms
2025-01-30 04:01:44,693 INFO c.h.h.t.HelmChartContainer - [K3S] [upgradeaware.go:427] Error proxying data from client to backend: remote error: tls: user canceled
2025-01-30 04:01:44,763 INFO c.h.h.util.ControlCenterUtil - Login attempt 1 was successful
2025-01-30 04:01:44,765 INFO com.hivemq.helmcharts.util.MqttUtil - Publishing retained messages to 30 topics...
2025-01-30 04:01:46,532 INFO com.hivemq.helmcharts.util.MqttUtil - Published retained messages to topics (1767 ms): [wskrunjnoldvoxs, juljuhtdvpxfuzc, ftdzhqyupahiwqq, qgazmvqcatjunlo, manplydaarnasal, dxpqwtndgmbywlt, vdgxiivtztocofd, hatwhgymfhyaznp, zqtrxiqweerckon, igjbydrxubrdeia, lodjcihlkwmxobi, imbxeppbccnzmxn, dbmlilvxrucbirs, isojkbzkpacepbd, lfljfadlxoklfdo, gibpdneknyrpcsm, cfnvkliitddomxu, thtiojqhbrhjkji, zqzcqoajbrvknoi, qgkhzbbwvpxmkzl, tqesssfcmtohoog, mmrapndpxppctuv, lwyphcgepzqkpxe, qxrwgdpvbkghnnb, dugsnusrtfsjinu, ofukabxjpaakunt, vglepqjdkhitdkf, mbbromewqtrgymj, yeqnvbxrypcpqxn, chlcavqzjvmbaso]
2025-01-30 04:01:46,533 INFO c.hivemq.helmcharts.util.RestAPIUtil - Checking authorization for REST API on hivemq-test-hivemq-legacy-platform-api:8888 (username: user) (password: password) (endpoint path: /api/v1/mqtt/clients)
2025-01-30 04:01:47,668 INFO c.h.helmcharts.util.MonitoringUtil - Asserting Prometheus publishes metrics...
2025-01-30 04:01:48,546 INFO c.h.helmcharts.util.MonitoringUtil - Asserted publishes metrics (878 ms)
2025-01-30 04:01:48,549 INFO c.h.h.t.HelmChartContainer - [K3S] [upgradeaware.go:427] Error proxying data from client to backend: remote error: tls: user canceled
2025-01-30 04:01:48,605 INFO c.h.h.t.HelmChartContainer - [POD] test-hivemq-legacy-platform-hivemq-operator-operator-56c5bpdv8l [3cfdb5cf-a209-4208-8734-99f9a491b0e2] in helmlegacystatefulsetmigrationit-operator was MODIFIED
2025-01-30 04:01:48,617 INFO c.h.h.t.HelmChartContainer - [EVENT] Normal [ScalingReplicaSet] Scaled down replica set test-hivemq-legacy-platform-hivemq-operator-operator-56c5b9f7b7 from 1 to 0 [helmlegacystatefulsetmigrationit-operator:test-hivemq-legacy-platform-hivemq-operator-operator]
2025-01-30 04:01:48,617 INFO c.h.h.t.HelmChartContainer - [EVENT] Normal [SuccessfulDelete] Deleted pod: test-hivemq-legacy-platform-hivemq-operator-operator-56c5bpdv8l [helmlegacystatefulsetmigrationit-operator:test-hivemq-legacy-platform-hivemq-operator-operator-56c5b9f7b7]
2025-01-30 04:01:48,621 INFO c.h.h.t.HelmChartContainer - [K3S] [replica_set.go:679] "Finished syncing" kind="ReplicaSet" key="helmlegacystatefulsetmigrationit-operator/test-hivemq-legacy-platform-hivemq-operator-operator-56c5b9f7b7" duration="19.588367ms"
2025-01-30 04:01:48,626 INFO c.h.h.t.HelmChartContainer - [EVENT] Normal [Killing] Stopping container operator [helmlegacystatefulsetmigrationit-operator:test-hivemq-legacy-platform-hivemq-operator-operator-56c5bpdv8l]
2025-01-30 04:01:48,626 INFO c.h.h.t.HelmChartContainer - Received Killing event for container operator in pod test-hivemq-legacy-platform-hivemq-operator-operator-56c5bpdv8l [3cfdb5cf-a209-4208-8734-99f9a491b0e2]
2025-01-30 04:01:48,627 INFO c.h.h.t.HelmChartContainer - Container [test-hivemq-legacy-platform-hivemq-operator-operator-56c5bpdv8l] [operator] [3cfdb5cf-a209-4208-8734-99f9a491b0e2] was terminated
2025-01-30 04:01:48,628 INFO c.h.h.t.HelmChartContainer - Stopped log watcher for operator in pod test-hivemq-legacy-platform-hivemq-operator-operator-56c5bpdv8l [3cfdb5cf-a209-4208-8734-99f9a491b0e2]
2025-01-30 04:01:48,636 INFO c.h.h.t.HelmChartContainer - [K3S] [replica_set.go:679] "Finished syncing" kind="ReplicaSet" key="helmlegacystatefulsetmigrationit-operator/test-hivemq-legacy-platform-hivemq-operator-operator-56c5b9f7b7" duration="17.965186ms"
2025-01-30 04:01:48,639 INFO c.h.h.t.HelmChartContainer - [test-hivemq-legacy-platform] [operator] [3cfdb5cf] ?[36m04:01:48.637?[0;39m ?[1;30m[Thread-0]?[0;39m ?[34mINFO ?[0;39m ?[35mio.micronaut.runtime.Micronaut?[0;39m - Embedded Application shutting down
2025-01-30 04:01:48,653 INFO c.h.h.t.HelmChartContainer - [K3S] [replica_set.go:679] "Finished syncing" kind="ReplicaSet" key="helmlegacystatefulsetmigrationit-operator/test-hivemq-legacy-platform-hivemq-operator-operator-56c5b9f7b7" duration="17.149271ms"
2025-01-30 04:01:48,654 INFO c.h.h.t.HelmChartContainer - [K3S] [replica_set.go:679] "Finished syncing" kind="ReplicaSet" key="helmlegacystatefulsetmigrationit-operator/test-hivemq-legacy-platform-hivemq-operator-operator-56c5b9f7b7" duration="35.997µs"
2025-01-30 04:01:49,123 INFO c.h.h.t.HelmChartContainer - [K3S] [replica_set.go:679] "Finished syncing" kind="ReplicaSet" key="helmlegacystatefulsetmigrationit-operator/test-hivemq-legacy-platform-hivemq-operator-operator-56c5b9f7b7" duration="37.761µs"
2025-01-30 04:01:49,123 INFO c.h.h.t.HelmChartContainer - [POD] test-hivemq-legacy-platform-hivemq-operator-operator-56c5bpdv8l [3cfdb5cf-a209-4208-8734-99f9a491b0e2] in helmlegacystatefulsetmigrationit-operator was MODIFIED
2025-01-30 04:01:49,270 INFO c.h.h.t.HelmChartContainer - [K3S] [reconciler_common.go:162] "operationExecutor.UnmountVolume started for volume \"templates\" (UniqueName: \"kubernetes.io/configmap/3cfdb5cf-a209-4208-8734-99f9a491b0e2-templates\") pod \"3cfdb5cf-a209-4208-8734-99f9a491b0e2\" (UID: \"3cfdb5cf-a209-4208-8734-99f9a491b0e2\") "
2025-01-30 04:01:49,270 INFO c.h.h.t.HelmChartContainer - [K3S] [reconciler_common.go:162] "operationExecutor.UnmountVolume started for volume \"kube-api-access-6sqkl\" (UniqueName: \"kubernetes.io/projected/3cfdb5cf-a209-4208-8734-99f9a491b0e2-kube-api-access-6sqkl\") pod \"3cfdb5cf-a209-4208-8734-99f9a491b0e2\" (UID: \"3cfdb5cf-a209-4208-8734-99f9a491b0e2\") "
2025-01-30 04:01:49,370 INFO c.h.h.t.HelmChartContainer - [K3S] [reconciler_common.go:299] "Volume detached for volume \"kube-api-access-6sqkl\" (UniqueName: \"kubernetes.io/projected/3cfdb5cf-a209-4208-8734-99f9a491b0e2-kube-api-access-6sqkl\") on node \"eb90bc493249\" DevicePath \"\""
2025-01-30 04:01:49,370 INFO c.h.h.t.HelmChartContainer - [K3S] [reconciler_common.go:299] "Volume detached for volume \"templates\" (UniqueName: \"kubernetes.io/configmap/3cfdb5cf-a209-4208-8734-99f9a491b0e2-templates\") on node \"eb90bc493249\" DevicePath \"\""
2025-01-30 04:01:49,556 INFO c.h.h.t.HelmChartContainer - [K3S] [scope.go:117] "RemoveContainer" containerID="867d021d1213cc31f2754b3c4befe79e4a0ea6fd1a1a65c0b27fb4c989dc420a"
2025-01-30 04:01:49,559 INFO c.h.h.t.HelmChartContainer - [K3S] [scope.go:117] "RemoveContainer" containerID="867d021d1213cc31f2754b3c4befe79e4a0ea6fd1a1a65c0b27fb4c989dc420a"
2025-01-30 04:01:49,571 INFO c.h.h.t.HelmChartContainer - [POD] test-hivemq-legacy-platform-hivemq-operator-operator-56c5bpdv8l [3cfdb5cf-a209-4208-8734-99f9a491b0e2] in helmlegacystatefulsetmigrationit-operator was MODIFIED
2025-01-30 04:01:49,573 INFO c.h.h.t.HelmChartContainer - [K3S] [replica_set.go:679] "Finished syncing" kind="ReplicaSet" key="helmlegacystatefulsetmigrationit-operator/test-hivemq-legacy-platform-hivemq-operator-operator-56c5b9f7b7" duration="37.822µs"
2025-01-30 04:01:49,575 INFO c.h.h.t.HelmChartContainer - [POD] test-hivemq-legacy-platform-hivemq-operator-operator-56c5bpdv8l [3cfdb5cf-a209-4208-8734-99f9a491b0e2] in helmlegacystatefulsetmigrationit-operator was DELETED
2025-01-30 04:01:49,576 INFO c.h.h.t.HelmChartContainer - [K3S] [replica_set.go:679] "Finished syncing" kind="ReplicaSet" key="helmlegacystatefulsetmigrationit-operator/test-hivemq-legacy-platform-hivemq-operator-operator-56c5b9f7b7" duration="27.882µs"
2025-01-30 04:01:49,690 INFO c.h.h.t.HelmChartContainer - [EVENT] Normal [ScalingReplicaSet] Scaled up replica set test-hivemq-legacy-platform-hivemq-operator-operator-56c5b9f7b7 from 0 to 1 [helmlegacystatefulsetmigrationit-operator:test-hivemq-legacy-platform-hivemq-operator-operator]
2025-01-30 04:01:49,696 INFO c.h.h.t.HelmChartContainer - [POD] test-hivemq-legacy-platform-hivemq-operator-operator-56c5bmckzb [d23c30a9-e30e-431d-af88-82c18b41eb1a] in helmlegacystatefulsetmigrationit-operator was ADDED
2025-01-30 04:01:49,697 INFO c.h.h.t.HelmChartContainer - [POD] test-hivemq-legacy-platform-hivemq-operator-operator-56c5bmckzb [d23c30a9-e30e-431d-af88-82c18b41eb1a] in helmlegacystatefulsetmigrationit-operator was MODIFIED
2025-01-30 04:01:49,698 INFO c.h.h.t.HelmChartContainer - [K3S] [memory_manager.go:355] "RemoveStaleState removing state" podUID="3cfdb5cf-a209-4208-8734-99f9a491b0e2" containerName="operator"
2025-01-30 04:01:49,700 INFO c.h.h.t.HelmChartContainer - [EVENT] Normal [SuccessfulCreate] Created pod: test-hivemq-legacy-platform-hivemq-operator-operator-56c5bmckzb [helmlegacystatefulsetmigrationit-operator:test-hivemq-legacy-platform-hivemq-operator-operator-56c5b9f7b7]
2025-01-30 04:01:49,703 INFO c.h.h.t.HelmChartContainer - [K3S] [replica_set.go:679] "Finished syncing" kind="ReplicaSet" key="helmlegacystatefulsetmigrationit-operator/test-hivemq-legacy-platform-hivemq-operator-operator-56c5b9f7b7" duration="19.941554ms"
2025-01-30 04:01:49,706 INFO c.h.h.t.HelmChartContainer - [EVENT] Normal [Scheduled] Successfully assigned helmlegacystatefulsetmigrationit-operator/test-hivemq-legacy-platform-hivemq-operator-operator-56c5bmckzb to eb90bc493249 [helmlegacystatefulsetmigrationit-operator:test-hivemq-legacy-platform-hivemq-operator-operator-56c5bmckzb]
2025-01-30 04:01:49,707 INFO c.h.h.t.HelmChartContainer - [K3S] [replica_set.go:679] "Finished syncing" kind="ReplicaSet" key="helmlegacystatefulsetmigrationit-operator/test-hivemq-legacy-platform-hivemq-operator-operator-56c5b9f7b7" duration="3.759491ms"
2025-01-30 04:01:49,707 INFO c.h.h.t.HelmChartContainer - [K3S] [replica_set.go:679] "Finished syncing" kind="ReplicaSet" key="helmlegacystatefulsetmigrationit-operator/test-hivemq-legacy-platform-hivemq-operator-operator-56c5b9f7b7" duration="25.939µs"
2025-01-30 04:01:49,713 INFO c.h.h.t.HelmChartContainer - [K3S] [replica_set.go:679] "Finished syncing" kind="ReplicaSet" key="helmlegacystatefulsetmigrationit-operator/test-hivemq-legacy-platform-hivemq-operator-operator-56c5b9f7b7" duration="29.184µs"
2025-01-30 04:01:49,713 INFO c.h.h.t.HelmChartContainer - [POD] test-hivemq-legacy-platform-hivemq-operator-operator-56c5bmckzb [d23c30a9-e30e-431d-af88-82c18b41eb1a] in helmlegacystatefulsetmigrationit-operator was MODIFIED
2025-01-30 04:01:49,773 INFO c.h.h.t.HelmChartContainer - [K3S] [reconciler_common.go:251] "operationExecutor.VerifyControllerAttachedVolume started for volume \"templates\" (UniqueName: \"kubernetes.io/configmap/d23c30a9-e30e-431d-af88-82c18b41eb1a-templates\") pod \"test-hivemq-legacy-platform-hivemq-operator-operator-56c5bmckzb\" (UID: \"d23c30a9-e30e-431d-af88-82c18b41eb1a\") " pod="helmlegacystatefulsetmigrationit-operator/test-hivemq-legacy-platform-hivemq-operator-operator-56c5bmckzb"
2025-01-30 04:01:49,773 INFO c.h.h.t.HelmChartContainer - [K3S] [reconciler_common.go:251] "operationExecutor.VerifyControllerAttachedVolume started for volume \"kube-api-access-77scw\" (UniqueName: \"kubernetes.io/projected/d23c30a9-e30e-431d-af88-82c18b41eb1a-kube-api-access-77scw\") pod \"test-hivemq-legacy-platform-hivemq-operator-operator-56c5bmckzb\" (UID: \"d23c30a9-e30e-431d-af88-82c18b41eb1a\") " pod="helmlegacystatefulsetmigrationit-operator/test-hivemq-legacy-platform-hivemq-operator-operator-56c5bmckzb"
2025-01-30 04:01:49,915 DEBUG c.h.h.t.HelmChartContainer - Executing helm command: /bin/helm --kubeconfig /etc/rancher/k3s/k3s.yaml install test-hivemq-legacy-platform /charts/hivemq-platform --wait --timeout 5m0s --set image.repository=docker.io/hivemq --set image.tag=4.36.0 --set image.pullPolicy=Never --set nodes.resources.cpu=512m -f /files/migration-platform-stateful-set-values.yaml --namespace helmlegacystatefulsetmigrationit-operator
2025-01-30 04:01:50,100 INFO c.h.h.t.HelmChartContainer - [EVENT] Normal [Pulled] Container image "hivemq/hivemq-operator:4.7.10" already present on machine [helmlegacystatefulsetmigrationit-operator:test-hivemq-legacy-platform-hivemq-operator-operator-56c5bmckzb]
2025-01-30 04:01:50,100 INFO c.h.h.t.HelmChartContainer - Received Pulled event for container operator in pod test-hivemq-legacy-platform-hivemq-operator-operator-56c5bmckzb [d23c30a9-e30e-431d-af88-82c18b41eb1a]
2025-01-30 04:01:50,109 INFO c.h.h.t.HelmChartContainer - [EVENT] Normal [Created] Created container: operator [helmlegacystatefulsetmigrationit-operator:test-hivemq-legacy-platform-hivemq-operator-operator-56c5bmckzb]
2025-01-30 04:01:50,109 INFO c.h.h.t.HelmChartContainer - Received Created event for container operator in pod test-hivemq-legacy-platform-hivemq-operator-operator-56c5bmckzb [d23c30a9-e30e-431d-af88-82c18b41eb1a]
2025-01-30 04:01:50,220 INFO c.h.h.t.HelmChartContainer - [hivemq-test-hivemq-platform] [hivemq-platform-operator] [d3eeb85c] 04:01:50.212 [-2082509879-pool-1-thread-3] WARN  i.m.p.PrometheusMeterRegistry - The meter (MeterId{name='operator.sdk.events.received', tags=[tag(action=ADDED),tag(event=ResourceEvent),tag(group=hivemq.com),tag(kind=HiveMQPlatform),tag(name=test-hivemq-legacy-platform),tag(namespace=helmlegacystatefulsetmigrationit-operator),tag(scope=namespace),tag(version=v1)]}) registration has failed: Prometheus requires that all meters with the same name have the same set of tag keys. There is already an existing meter named 'operator.sdk.events.received' containing tag keys [event, group, kind, name, namespace, scope, version]. The meter you are attempting to register has keys [action, event, group, kind, name, namespace, scope, version]. Note that subsequent logs will be logged at debug level.
2025-01-30 04:01:50,331 INFO c.h.h.t.HelmChartContainer - [K3S] [kubelet_volumes.go:163] "Cleaned up orphaned pod volumes dir" podUID="3cfdb5cf-a209-4208-8734-99f9a491b0e2" path="/var/lib/kubelet/pods/3cfdb5cf-a209-4208-8734-99f9a491b0e2/volumes"
2025-01-30 04:01:50,570 INFO c.h.h.t.HelmChartContainer - [POD] test-hivemq-legacy-platform-hivemq-operator-operator-56c5bmckzb [d23c30a9-e30e-431d-af88-82c18b41eb1a] in helmlegacystatefulsetmigrationit-operator was MODIFIED
2025-01-30 04:01:50,584 INFO c.h.h.t.HelmChartContainer - [K3S] [replica_set.go:679] "Finished syncing" kind="ReplicaSet" key="helmlegacystatefulsetmigrationit-operator/test-hivemq-legacy-platform-hivemq-operator-operator-56c5b9f7b7" duration="13.210921ms"
2025-01-30 04:01:50,586 INFO c.h.h.t.HelmChartContainer - [K3S] [replica_set.go:679] "Finished syncing" kind="ReplicaSet" key="helmlegacystatefulsetmigrationit-operator/test-hivemq-legacy-platform-hivemq-operator-operator-56c5b9f7b7" duration="42.149µs"
2025-01-30 04:01:50,595 INFO c.h.h.t.HelmChartContainer - Started log watcher for operator in pod test-hivemq-legacy-platform-hivemq-operator-operator-56c5bmckzb [d23c30a9-e30e-431d-af88-82c18b41eb1a]
2025-01-30 04:01:50,595 INFO c.h.h.t.HelmChartContainer - [EVENT] Normal [Started] Started container operator [helmlegacystatefulsetmigrationit-operator:test-hivemq-legacy-platform-hivemq-operator-operator-56c5bmckzb]
2025-01-30 04:01:50,595 INFO c.h.h.t.HelmChartContainer - Received Started event for container operator in pod test-hivemq-legacy-platform-hivemq-operator-operator-56c5bmckzb [d23c30a9-e30e-431d-af88-82c18b41eb1a]
2025-01-30 04:01:50,598 INFO c.h.h.t.HelmChartContainer - [test-hivemq-legacy-platform] [operator] [d23c30a9] Picked up JAVA_TOOL_OPTIONS: -XX:+UnlockExperimentalVMOptions -XX:InitialRAMPercentage=75 -XX:MaxRAMPercentage=75
2025-01-30 04:01:50,781 INFO c.h.h.t.HelmChartContainer - [hivemq-test-hivemq-platform] [hivemq-platform-operator] [d3eeb85c] 04:01:50.780 [pool-6-thread-3] DEBUG c.h.p.o.dependants.PodInfoConfigMap - [helmlega] Desired PodInfo ConfigMap (2 extensions) (1 enabled)
2025-01-30 04:01:50,781 INFO c.h.h.t.HelmChartContainer - [hivemq-test-hivemq-platform] [hivemq-platform-operator] [d3eeb85c] 04:01:50.780 [pool-6-thread-3] DEBUG c.h.p.o.dependants.PodInfoConfigMap - [helmlega] Desired PodInfo ConfigMap (metrics port: 9399) (metrics path: /)
2025-01-30 04:01:50,782 INFO c.h.h.t.HelmChartContainer - [hivemq-test-hivemq-platform] [hivemq-platform-operator] [d3eeb85c] 04:01:50.780 [pool-6-thread-3] DEBUG c.h.p.o.dependants.PodInfoConfigMap - [helmlega] Desired PodInfo ConfigMap (extension state hash: 259316804)
2025-01-30 04:01:50,866 INFO c.h.h.t.HelmChartContainer - [hivemq-test-hivemq-platform] [hivemq-platform-operator] [d3eeb85c] 04:01:50.864 [pool-6-thread-3] DEBUG c.h.p.o.dependants.PodInfoConfigMap - [helmlega] Create PodInfo ConfigMap
2025-01-30 04:01:50,879 INFO c.h.h.t.HelmChartContainer - [hivemq-test-hivemq-platform] [hivemq-platform-operator] [d3eeb85c] 04:01:50.878 [pool-6-thread-5] DEBUG c.h.p.o.dependants.PodRoleResource - [helmlega] Create Role: Role(apiVersion=rbac.authorization.k8s.io/v1, kind=Role, metadata=ObjectMeta(annotations={meta.helm.sh/release-name=test-hivemq-legacy-platform, meta.helm.sh/release-namespace=helmlegacystatefulsetmigrationit-operator}, creationTimestamp=null, deletionGracePeriodSeconds=null, deletionTimestamp=null, finalizers=[], generateName=null, generation=null, labels={helm.sh/chart=hivemq-platform-0.2.32, app.kubernetes.io/managed-by=Helm, app.kubernetes.io/name=hivemq-platform, hivemq-platform=test-hivemq-legacy-platform, app.kubernetes.io/instance=test-hivemq-legacy-platform, app.kubernetes.io/version=4.36.0}, managedFields=[], name=hivemq-platform-role-test-hivemq-legacy-platform, namespace=helmlegacystatefulsetmigrationit-operator, ownerReferences=[OwnerReference(apiVersion=hivemq.com/v1, blockOwnerDeletion=null, controller=null, kind=HiveMQPlatform, name=test-hivemq-legacy-platform, uid=477586ec-5a40-4f6d-ae1b-b5a21128d08e, additionalProperties={})], resourceVersion=null, selfLink=null, uid=null, additionalProperties={}), rules=[PolicyRule(apiGroups=[], nonResourceURLs=[], resourceNames=[], resources=[pods], verbs=[get, patch, update], additionalProperties={})], additionalProperties={})
2025-01-30 04:01:51,072 INFO c.h.h.t.HelmChartContainer - [hivemq-test-hivemq-platform] [hivemq-platform-operator] [d3eeb85c] 04:01:51.070 [pool-6-thread-7] DEBUG c.h.p.o.d.PodServiceAccountResource - [helmlega] Desired PodServiceAccountResource (serviceAccountName: hivemq-platform-pod-test-hivemq-legacy-platform)
2025-01-30 04:01:51,072 INFO c.h.h.t.HelmChartContainer - [hivemq-test-hivemq-platform] [hivemq-platform-operator] [d3eeb85c] 04:01:51.070 [pool-6-thread-7] DEBUG c.h.p.o.d.PodServiceAccountResource - [helmlega] Create ServiceAccount 'hivemq-platform-pod-test-hivemq-legacy-platform'
2025-01-30 04:01:51,174 INFO c.h.h.t.HelmChartContainer - [hivemq-test-hivemq-platform] [hivemq-platform-operator] [d3eeb85c] 04:01:51.173 [pool-6-thread-9] DEBUG c.h.p.o.d.PodRoleBindingResource - [helmlega] Create RoleBinding: RoleBinding(apiVersion=rbac.authorization.k8s.io/v1, kind=RoleBinding, metadata=ObjectMeta(annotations={meta.helm.sh/release-name=test-hivemq-legacy-platform, meta.helm.sh/release-namespace=helmlegacystatefulsetmigrationit-operator}, creationTimestamp=null, deletionGracePeriodSeconds=null, deletionTimestamp=null, finalizers=[], generateName=null, generation=null, labels={helm.sh/chart=hivemq-platform-0.2.32, app.kubernetes.io/managed-by=Helm, app.kubernetes.io/name=hivemq-platform, hivemq-platform=test-hivemq-legacy-platform, app.kubernetes.io/instance=test-hivemq-legacy-platform, app.kubernetes.io/version=4.36.0}, managedFields=[], name=hivemq-platform-role-binding-test-hivemq-legacy-platform, namespace=helmlegacystatefulsetmigrationit-operator, ownerReferences=[OwnerReference(apiVersion=hivemq.com/v1, blockOwnerDeletion=null, controller=null, kind=HiveMQPlatform, name=test-hivemq-legacy-platform, uid=477586ec-5a40-4f6d-ae1b-b5a21128d08e, additionalProperties={})], resourceVersion=null, selfLink=null, uid=null, additionalProperties={}), roleRef=RoleRef(apiGroup=rbac.authorization.k8s.io, kind=Role, name=hivemq-platform-role-test-hivemq-legacy-platform, additionalProperties={}), subjects=[Subject(apiGroup=null, kind=ServiceAccount, name=hivemq-platform-pod-test-hivemq-legacy-platform, namespace=helmlegacystatefulsetmigrationit-operator, additionalProperties={})], additionalProperties={})
2025-01-30 04:01:51,269 INFO c.h.h.t.HelmChartContainer - [hivemq-test-hivemq-platform] [hivemq-platform-operator] [d3eeb85c] 04:01:51.267 [ReconcilerExecutor-hivemq-controller-54] INFO  c.h.p.o.HiveMQPlatformReconciler - [helmlega] Reconciling HiveMQ Platform 'test-hivemq-legacy-platform' in namespace 'helmlegacystatefulsetmigrationit-operator'
2025-01-30 04:01:51,269 INFO c.h.h.t.HelmChartContainer - [hivemq-test-hivemq-platform] [hivemq-platform-operator] [d3eeb85c] 04:01:51.267 [ReconcilerExecutor-hivemq-controller-54] DEBUG c.h.p.o.HiveMQPlatformReconciler - [helmlega] Custom Resource Status CREATED - HiveMQ Platform was created (READY)
2025-01-30 04:01:51,269 INFO c.h.h.t.HelmChartContainer - [hivemq-test-hivemq-platform] [hivemq-platform-operator] [d3eeb85c] 04:01:51.267 [ReconcilerExecutor-hivemq-controller-54] DEBUG c.h.p.o.HiveMQPlatformReconciler - [helmlega] Custom Resource Spec (replicas: 1) (extensions: 2)
2025-01-30 04:01:51,273 INFO c.h.h.t.HelmChartContainer - [hivemq-test-hivemq-platform] [hivemq-platform-operator] [d3eeb85c] 04:01:51.272 [ReconcilerExecutor-hivemq-controller-54] INFO  c.h.p.o.h.HiveMQPlatformReconcilerBaseHandler - [helmlega] HiveMQ Platform is migrating from a HiveMQ Operator with StatefulSet installation
2025-01-30 04:01:51,376 INFO c.h.h.t.HelmChartContainer - [hivemq-test-hivemq-platform] [hivemq-platform-operator] [d3eeb85c] 04:01:51.375 [ReconcilerExecutor-hivemq-controller-54] DEBUG c.h.p.operator.event.EventSender - [helmlega] Creating K8s event hivemq-platform-statefulset-migration-started: [StatefulSetMigration] HiveMQ Platform is starting a migration of a HiveMQ Cluster with StatefulSet
2025-01-30 04:01:51,383 INFO c.h.h.t.HelmChartContainer - [EVENT] Normal [StatefulSetMigration] HiveMQ Platform is starting a migration of a HiveMQ Cluster with StatefulSet [helmlegacystatefulsetmigrationit-operator:test-hivemq-legacy-platform]
2025-01-30 04:01:51,465 INFO c.h.h.t.HelmChartContainer - [hivemq-test-hivemq-platform] [hivemq-platform-operator] [d3eeb85c] 04:01:51.463 [ReconcilerExecutor-hivemq-controller-54] INFO  c.h.p.o.h.AbstractHiveMQReconcilerStateHandler - [helmlega] Update HiveMQ Platform Status (CREATED [READY] -> STATEFULSET_MIGRATION [STATEFULSET_MIGRATION_STARTING]): HiveMQ Platform is starting a migration of a HiveMQ Cluster with StatefulSet
2025-01-30 04:01:51,483 DEBUG com.hivemq.helmcharts.util.K8sUtil - Comparing actual state 'STATEFULSET_MIGRATION' and waiting for 'STATEFULSET_MIGRATION'
2025-01-30 04:01:51,506 DEBUG com.hivemq.helmcharts.util.K8sUtil - Comparing actual state 'STATEFULSET_MIGRATION' and waiting for 'ROLLING_RESTART'
2025-01-30 04:01:51,623 INFO c.h.h.t.HelmChartContainer - [test-hivemq-legacy-platform] [operator] [d23c30a9]  __  __ _                                  _   
2025-01-30 04:01:51,624 INFO c.h.h.t.HelmChartContainer - [test-hivemq-legacy-platform] [operator] [d23c30a9] |  \/  (_) ___ _ __ ___  _ __   __ _ _   _| |_ 
2025-01-30 04:01:51,624 INFO c.h.h.t.HelmChartContainer - [test-hivemq-legacy-platform] [operator] [d23c30a9] | |\/| | |/ __| '__/ _ \| '_ \ / _` | | | | __|
2025-01-30 04:01:51,624 INFO c.h.h.t.HelmChartContainer - [test-hivemq-legacy-platform] [operator] [d23c30a9] | |  | | | (__| | | (_) | | | | (_| | |_| | |_ 
2025-01-30 04:01:51,624 INFO c.h.h.t.HelmChartContainer - [test-hivemq-legacy-platform] [operator] [d23c30a9] |_|  |_|_|\___|_|  \___/|_| |_|\__,_|\__,_|\__|
2025-01-30 04:01:51,625 INFO c.h.h.t.HelmChartContainer - [test-hivemq-legacy-platform] [operator] [d23c30a9]   Micronaut (v3.5.2)
2025-01-30 04:01:51,625 INFO c.h.h.t.HelmChartContainer - [test-hivemq-legacy-platform] [operator] [d23c30a9] 
2025-01-30 04:01:53,824 INFO c.h.h.t.HelmChartContainer - [test-hivemq-legacy-platform] [operator] [d23c30a9] ?[36m04:01:53.822?[0;39m ?[1;30m[main]?[0;39m ?[34mINFO ?[0;39m ?[35mio.micronaut.runtime.Micronaut?[0;39m - Startup completed in 2226ms. Server Running: http://test-hivemq-legacy-platform-hivemq-operator-operator-56c5bmckzb:8443
2025-01-30 04:01:54,821 INFO c.h.h.t.HelmChartContainer - [test-hivemq-legacy-platform] [operator] [d23c30a9] ?[36m04:01:54.820?[0;39m ?[1;30m[main]?[0;39m ?[34mINFO ?[0;39m ?[35mcom.hivemq.Operator?[0;39m - Initializing HiveMQ operator
2025-01-30 04:01:55,930 INFO c.h.h.t.HelmChartContainer - [test-hivemq-legacy-platform] [operator] [d23c30a9] ?[36m04:01:55.929?[0;39m ?[1;30m[main]?[0;39m ?[34mINFO ?[0;39m ?[35mcom.hivemq.Operator?[0;39m - Operating from namespace 'helmlegacystatefulsetmigrationit-operator'
2025-01-30 04:01:56,186 INFO c.h.h.t.HelmChartContainer - [test-hivemq-legacy-platform] [operator] [d23c30a9] ?[36m04:01:56.184?[0;39m ?[1;30m[pool-3-thread-1]?[0;39m ?[34mINFO ?[0;39m ?[35mcom.hivemq.AbstractWatcher?[0;39m - CustomResource watcher running for kinds HiveMQCluster
2025-01-30 04:01:56,716 INFO c.h.h.t.HelmChartContainer - [test-hivemq-legacy-platform] [operator] [d23c30a9] ?[36m04:01:56.715?[0;39m ?[1;30m[main]?[0;39m ?[34mINFO ?[0;39m ?[35mcom.hivemq.Operator?[0;39m - Operator started in 1895ms
2025-01-30 04:02:01,574 INFO c.h.h.t.HelmChartContainer - [hivemq-test-hivemq-platform] [hivemq-platform-operator] [d3eeb85c] 04:02:01.573 [ReconcilerExecutor-hivemq-controller-66] INFO  c.h.p.o.HiveMQPlatformReconciler - [helmlega] Reconciling HiveMQ Platform 'test-hivemq-legacy-platform' in namespace 'helmlegacystatefulsetmigrationit-operator'
2025-01-30 04:02:01,575 INFO c.h.h.t.HelmChartContainer - [hivemq-test-hivemq-platform] [hivemq-platform-operator] [d3eeb85c] 04:02:01.573 [ReconcilerExecutor-hivemq-controller-66] DEBUG c.h.p.o.HiveMQPlatformReconciler - [helmlega] Custom Resource Status STATEFULSET_MIGRATION - HiveMQ Platform is starting a migration of a HiveMQ Cluster with StatefulSet (STATEFULSET_MIGRATION_STARTING)
2025-01-30 04:02:01,575 INFO c.h.h.t.HelmChartContainer - [hivemq-test-hivemq-platform] [hivemq-platform-operator] [d3eeb85c] 04:02:01.573 [ReconcilerExecutor-hivemq-controller-66] DEBUG c.h.p.o.HiveMQPlatformReconciler - [helmlega] Custom Resource Spec (replicas: 1) (extensions: 2)
2025-01-30 04:02:01,576 INFO c.h.h.t.HelmChartContainer - [hivemq-test-hivemq-platform] [hivemq-platform-operator] [d3eeb85c] 04:02:01.575 [ReconcilerExecutor-hivemq-controller-66] INFO  c.h.p.o.h.HiveMQPlatformReconcilerMigrationHandler - [helmlega] Starting migration of HiveMQ Cluster test-hivemq-legacy-platform with StatefulSet
2025-01-30 04:02:01,768 INFO c.h.h.t.HelmChartContainer - [hivemq-test-hivemq-platform] [hivemq-platform-operator] [d3eeb85c] 04:02:01.766 [ReconcilerExecutor-hivemq-controller-66] INFO  c.h.p.o.h.HiveMQPlatformReconcilerMigrationHandler - [helmlega] HiveMQ Cluster test-hivemq-legacy-platform with StatefulSet is ready for migration
2025-01-30 04:02:01,781 INFO c.h.h.t.HelmChartContainer - [hivemq-test-hivemq-platform] [hivemq-platform-operator] [d3eeb85c] 04:02:01.780 [ReconcilerExecutor-hivemq-controller-66] DEBUG c.h.p.operator.event.EventSender - [helmlega] Creating K8s event hivemq-platform-statefulset-migration-in-progress: [StatefulSetMigration] HiveMQ Platform is migrating from a HiveMQ Cluster with StatefulSet
2025-01-30 04:02:01,851 INFO c.h.h.t.HelmChartContainer - [EVENT] Normal [StatefulSetMigration] HiveMQ Platform is migrating from a HiveMQ Cluster with StatefulSet [helmlegacystatefulsetmigrationit-operator:test-hivemq-legacy-platform]
2025-01-30 04:02:01,865 INFO c.h.h.t.HelmChartContainer - [hivemq-test-hivemq-platform] [hivemq-platform-operator] [d3eeb85c] 04:02:01.864 [ReconcilerExecutor-hivemq-controller-66] INFO  c.h.p.o.h.AbstractHiveMQReconcilerStateHandler - [helmlega] Update HiveMQ Platform Status (STATEFULSET_MIGRATION [STATEFULSET_MIGRATION_STARTING] -> STATEFULSET_MIGRATION [STATEFULSET_MIGRATION_IN_PROGRESS]): HiveMQ Platform is migrating from a HiveMQ Cluster with StatefulSet
2025-01-30 04:02:01,876 DEBUG com.hivemq.helmcharts.util.K8sUtil - Comparing actual state 'STATEFULSET_MIGRATION' and waiting for 'ROLLING_RESTART'
2025-01-30 04:02:11,887 INFO c.h.h.t.HelmChartContainer - [hivemq-test-hivemq-platform] [hivemq-platform-operator] [d3eeb85c] 04:02:11.885 [ReconcilerExecutor-hivemq-controller-77] INFO  c.h.p.o.HiveMQPlatformReconciler - [helmlega] Reconciling HiveMQ Platform 'test-hivemq-legacy-platform' in namespace 'helmlegacystatefulsetmigrationit-operator'
2025-01-30 04:02:11,887 INFO c.h.h.t.HelmChartContainer - [hivemq-test-hivemq-platform] [hivemq-platform-operator] [d3eeb85c] 04:02:11.885 [ReconcilerExecutor-hivemq-controller-77] DEBUG c.h.p.o.HiveMQPlatformReconciler - [helmlega] Custom Resource Status STATEFULSET_MIGRATION - HiveMQ Platform is migrating from a HiveMQ Cluster with StatefulSet (STATEFULSET_MIGRATION_IN_PROGRESS)
2025-01-30 04:02:11,887 INFO c.h.h.t.HelmChartContainer - [hivemq-test-hivemq-platform] [hivemq-platform-operator] [d3eeb85c] 04:02:11.885 [ReconcilerExecutor-hivemq-controller-77] DEBUG c.h.p.o.HiveMQPlatformReconciler - [helmlega] Custom Resource Spec (replicas: 1) (extensions: 2)
2025-01-30 04:02:11,889 INFO c.h.h.t.HelmChartContainer - [hivemq-test-hivemq-platform] [hivemq-platform-operator] [d3eeb85c] 04:02:11.888 [ReconcilerExecutor-hivemq-controller-77] INFO  c.h.p.o.h.HiveMQPlatformReconcilerMigrationHandler - [helmlega] Migration of HiveMQ Cluster test-hivemq-legacy-platform with StatefulSet
2025-01-30 04:02:12,068 INFO c.h.h.t.HelmChartContainer - [hivemq-test-hivemq-platform] [hivemq-platform-operator] [d3eeb85c] 04:02:12.065 [ReconcilerExecutor-hivemq-controller-77] DEBUG c.h.p.o.h.HiveMQPlatformReconcilerMigrationHandler - [helmlega] Successfully migrated StatefulSet 'test-hivemq-legacy-platform' (resourceVersion: 715 -> 762)
2025-01-30 04:02:12,185 INFO c.h.h.t.HelmChartContainer - [POD] test-hivemq-legacy-platform-0 [5c0860bb-093b-4e48-a63e-f9cc0745fd13] in helmlegacystatefulsetmigrationit-operator was MODIFIED
2025-01-30 04:02:12,187 INFO c.h.h.t.HelmChartContainer - [hivemq-test-hivemq-platform] [hivemq-platform-operator] [d3eeb85c] 04:02:12.184 [ReconcilerExecutor-hivemq-controller-77] DEBUG c.h.p.o.h.HiveMQPlatformReconcilerMigrationHandler - [helmlega] Successfully migrated Pod 'test-hivemq-legacy-platform-0' (resourceVersion: 674 -> 763)
2025-01-30 04:02:12,281 INFO c.h.h.t.HelmChartContainer - [hivemq-test-hivemq-platform] [hivemq-platform-operator] [d3eeb85c] 04:02:12.277 [ReconcilerExecutor-hivemq-controller-77] DEBUG c.h.p.o.h.HiveMQPlatformReconcilerMigrationHandler - [helmlega] Successfully migrated Service 'hivemq-test-hivemq-legacy-platform-mqtt' (resourceVersion: 712 -> 764)
2025-01-30 04:02:12,374 INFO c.h.h.t.HelmChartContainer - [hivemq-test-hivemq-platform] [hivemq-platform-operator] [d3eeb85c] 04:02:12.370 [ReconcilerExecutor-hivemq-controller-77] DEBUG c.h.p.o.h.HiveMQPlatformReconcilerMigrationHandler - [helmlega] Successfully migrated Service 'hivemq-test-hivemq-legacy-platform-cc' (resourceVersion: 711 -> 767)
2025-01-30 04:02:12,389 INFO c.h.h.t.HelmChartContainer - [hivemq-test-hivemq-platform] [hivemq-platform-operator] [d3eeb85c] 04:02:12.386 [ReconcilerExecutor-hivemq-controller-77] DEBUG c.h.p.o.h.HiveMQPlatformReconcilerMigrationHandler - [helmlega] Successfully migrated Service 'hivemq-test-hivemq-legacy-platform-metrics' (resourceVersion: 713 -> 770)
2025-01-30 04:02:12,472 INFO c.h.h.t.HelmChartContainer - [hivemq-test-hivemq-platform] [hivemq-platform-operator] [d3eeb85c] 04:02:12.468 [ReconcilerExecutor-hivemq-controller-77] DEBUG c.h.p.o.h.HiveMQPlatformReconcilerMigrationHandler - [helmlega] Successfully migrated Service 'hivemq-test-hivemq-legacy-platform-api' (resourceVersion: 710 -> 773)
2025-01-30 04:02:12,482 INFO c.h.h.t.HelmChartContainer - [hivemq-test-hivemq-platform] [hivemq-platform-operator] [d3eeb85c] 04:02:12.479 [ReconcilerExecutor-hivemq-controller-77] DEBUG c.h.p.o.h.HiveMQPlatformReconcilerMigrationHandler - [helmlega] Successfully migrated Service 'hivemq-test-hivemq-legacy-platform-cluster' (resourceVersion: 714 -> 776)
2025-01-30 04:02:12,483 INFO c.h.h.t.HelmChartContainer - [hivemq-test-hivemq-platform] [hivemq-platform-operator] [d3eeb85c] 04:02:12.480 [ReconcilerExecutor-hivemq-controller-77] INFO  c.h.p.o.h.HiveMQPlatformReconcilerMigrationHandler - [helmlega] Migration of HiveMQ Cluster test-hivemq-legacy-platform with StatefulSet was successful
2025-01-30 04:02:12,583 INFO c.h.h.t.HelmChartContainer - [hivemq-test-hivemq-platform] [hivemq-platform-operator] [d3eeb85c] 04:02:12.582 [ReconcilerExecutor-hivemq-controller-77] DEBUG c.h.p.operator.event.EventSender - [helmlega] Creating K8s event hivemq-platform-statefulset-migration-validation: [StatefulSetMigration] HiveMQ Platform is validating a migration of a HiveMQ Cluster with StatefulSet
2025-01-30 04:02:12,587 INFO c.h.h.t.HelmChartContainer - [EVENT] Normal [StatefulSetMigration] HiveMQ Platform is validating a migration of a HiveMQ Cluster with StatefulSet [helmlegacystatefulsetmigrationit-operator:test-hivemq-legacy-platform]
2025-01-30 04:02:12,588 INFO c.h.h.t.HelmChartContainer - [hivemq-test-hivemq-platform] [hivemq-platform-operator] [d3eeb85c] 04:02:12.587 [ReconcilerExecutor-hivemq-controller-77] INFO  c.h.p.o.h.AbstractHiveMQReconcilerStateHandler - [helmlega] Update HiveMQ Platform Status (STATEFULSET_MIGRATION [STATEFULSET_MIGRATION_IN_PROGRESS] -> STATEFULSET_MIGRATION [STATEFULSET_MIGRATION_VALIDATION]): HiveMQ Platform is validating a migration of a HiveMQ Cluster with StatefulSet
2025-01-30 04:02:12,672 DEBUG com.hivemq.helmcharts.util.K8sUtil - Comparing actual state 'STATEFULSET_MIGRATION' and waiting for 'ROLLING_RESTART'
2025-01-30 04:02:12,679 INFO c.h.h.t.HelmChartContainer - [hivemq-test-hivemq-platform] [hivemq-platform-operator] [d3eeb85c] 04:02:12.678 [ReconcilerExecutor-hivemq-controller-89] INFO  c.h.p.o.HiveMQPlatformReconciler - [helmlega] Reconciling HiveMQ Platform 'test-hivemq-legacy-platform' in namespace 'helmlegacystatefulsetmigrationit-operator'
2025-01-30 04:02:12,679 INFO c.h.h.t.HelmChartContainer - [hivemq-test-hivemq-platform] [hivemq-platform-operator] [d3eeb85c] 04:02:12.678 [ReconcilerExecutor-hivemq-controller-89] DEBUG c.h.p.o.HiveMQPlatformReconciler - [helmlega] Custom Resource Status STATEFULSET_MIGRATION - HiveMQ Platform is validating a migration of a HiveMQ Cluster with StatefulSet (STATEFULSET_MIGRATION_VALIDATION)
2025-01-30 04:02:12,679 INFO c.h.h.t.HelmChartContainer - [hivemq-test-hivemq-platform] [hivemq-platform-operator] [d3eeb85c] 04:02:12.678 [ReconcilerExecutor-hivemq-controller-89] DEBUG c.h.p.o.HiveMQPlatformReconciler - [helmlega] Custom Resource Spec (replicas: 1) (extensions: 2)
2025-01-30 04:02:12,771 INFO c.h.h.t.HelmChartContainer - [hivemq-test-hivemq-platform] [hivemq-platform-operator] [d3eeb85c] 04:02:12.769 [ReconcilerExecutor-hivemq-controller-89] DEBUG c.h.p.o.h.HiveMQPlatformReconcilerMigrationHandler - [helmlega] Validation of migrated StatefulSet 'test-hivemq-legacy-platform' of HiveMQ Platform 'test-hivemq-legacy-platform'
2025-01-30 04:02:12,778 INFO c.h.h.t.HelmChartContainer - [hivemq-test-hivemq-platform] [hivemq-platform-operator] [d3eeb85c] 04:02:12.777 [ReconcilerExecutor-hivemq-controller-89] DEBUG c.h.p.o.h.HiveMQPlatformReconcilerMigrationHandler - [helmlega] Validation of migrated Pod 'test-hivemq-legacy-platform-0' of HiveMQ Platform 'test-hivemq-legacy-platform'
2025-01-30 04:02:12,865 INFO c.h.h.t.HelmChartContainer - [hivemq-test-hivemq-platform] [hivemq-platform-operator] [d3eeb85c] 04:02:12.863 [ReconcilerExecutor-hivemq-controller-89] DEBUG c.h.p.o.h.HiveMQPlatformReconcilerMigrationHandler - [helmlega] Validation of migrated Service 'hivemq-test-hivemq-legacy-platform-metrics' of HiveMQ Platform 'test-hivemq-legacy-platform'
2025-01-30 04:02:12,865 INFO c.h.h.t.HelmChartContainer - [hivemq-test-hivemq-platform] [hivemq-platform-operator] [d3eeb85c] 04:02:12.863 [ReconcilerExecutor-hivemq-controller-89] DEBUG c.h.p.o.h.HiveMQPlatformReconcilerMigrationHandler - [helmlega] Validation of migrated Service 'hivemq-test-hivemq-legacy-platform-mqtt' of HiveMQ Platform 'test-hivemq-legacy-platform'
2025-01-30 04:02:12,865 INFO c.h.h.t.HelmChartContainer - [hivemq-test-hivemq-platform] [hivemq-platform-operator] [d3eeb85c] 04:02:12.863 [ReconcilerExecutor-hivemq-controller-89] DEBUG c.h.p.o.h.HiveMQPlatformReconcilerMigrationHandler - [helmlega] Validation of migrated Service 'hivemq-test-hivemq-legacy-platform-api' of HiveMQ Platform 'test-hivemq-legacy-platform'
2025-01-30 04:02:12,865 INFO c.h.h.t.HelmChartContainer - [hivemq-test-hivemq-platform] [hivemq-platform-operator] [d3eeb85c] 04:02:12.863 [ReconcilerExecutor-hivemq-controller-89] DEBUG c.h.p.o.h.HiveMQPlatformReconcilerMigrationHandler - [helmlega] Validation of migrated Service 'hivemq-test-hivemq-legacy-platform-cc' of HiveMQ Platform 'test-hivemq-legacy-platform'
2025-01-30 04:02:12,865 INFO c.h.h.t.HelmChartContainer - [hivemq-test-hivemq-platform] [hivemq-platform-operator] [d3eeb85c] 04:02:12.863 [ReconcilerExecutor-hivemq-controller-89] DEBUG c.h.p.o.h.HiveMQPlatformReconcilerMigrationHandler - [helmlega] Validation of migrated Service 'hivemq-test-hivemq-legacy-platform-cluster' of HiveMQ Platform 'test-hivemq-legacy-platform'
2025-01-30 04:02:12,865 INFO c.h.h.t.HelmChartContainer - [hivemq-test-hivemq-platform] [hivemq-platform-operator] [d3eeb85c] 04:02:12.863 [ReconcilerExecutor-hivemq-controller-89] INFO  c.h.p.o.h.HiveMQPlatformReconcilerMigrationHandler - [helmlega] Migration of HiveMQ Cluster test-hivemq-legacy-platform with StatefulSet validated successfully
2025-01-30 04:02:12,880 INFO c.h.h.t.HelmChartContainer - [hivemq-test-hivemq-platform] [hivemq-platform-operator] [d3eeb85c] 04:02:12.879 [ReconcilerExecutor-hivemq-controller-89] DEBUG c.h.p.operator.event.EventSender - [helmlega] Creating K8s event hivemq-platform-ready: [Ready] HiveMQ Platform is ready
2025-01-30 04:02:12,883 INFO c.h.h.t.HelmChartContainer - [EVENT] Normal [Ready] HiveMQ Platform is ready [helmlegacystatefulsetmigrationit-operator:test-hivemq-legacy-platform]
2025-01-30 04:02:12,964 INFO c.h.h.t.HelmChartContainer - [hivemq-test-hivemq-platform] [hivemq-platform-operator] [d3eeb85c] 04:02:12.963 [ReconcilerExecutor-hivemq-controller-89] INFO  c.h.p.o.h.AbstractHiveMQReconcilerStateHandler - [helmlega] Update HiveMQ Platform Status (STATEFULSET_MIGRATION [STATEFULSET_MIGRATION_VALIDATION] -> RUNNING [READY]): HiveMQ Platform is ready
2025-01-30 04:02:12,971 DEBUG com.hivemq.helmcharts.util.K8sUtil - Comparing actual state 'RUNNING' and waiting for 'ROLLING_RESTART'
2025-01-30 04:02:22,980 INFO c.h.h.t.HelmChartContainer - [hivemq-test-hivemq-platform] [hivemq-platform-operator] [d3eeb85c] 04:02:22.978 [pool-6-thread-42] DEBUG c.h.p.o.d.PlatformServiceResource - [helmlega] Desired Platform services (4 services)
2025-01-30 04:02:22,983 INFO c.h.h.t.HelmChartContainer - [hivemq-test-hivemq-platform] [hivemq-platform-operator] [d3eeb85c] 04:02:22.982 [pool-6-thread-43] DEBUG c.h.p.o.dependants.PodInfoConfigMap - [helmlega] Desired PodInfo ConfigMap (2 extensions) (1 enabled)
2025-01-30 04:02:22,985 INFO c.h.h.t.HelmChartContainer - [hivemq-test-hivemq-platform] [hivemq-platform-operator] [d3eeb85c] 04:02:22.983 [pool-6-thread-43] DEBUG c.h.p.o.dependants.PodInfoConfigMap - [helmlega] Desired PodInfo ConfigMap (metrics port: 9399) (metrics path: /)
2025-01-30 04:02:22,985 INFO c.h.h.t.HelmChartContainer - [hivemq-test-hivemq-platform] [hivemq-platform-operator] [d3eeb85c] 04:02:22.983 [pool-6-thread-43] DEBUG c.h.p.o.dependants.PodInfoConfigMap - [helmlega] Desired PodInfo ConfigMap (extension state hash: 259316804)
2025-01-30 04:02:22,985 INFO c.h.h.t.HelmChartContainer - [hivemq-test-hivemq-platform] [hivemq-platform-operator] [d3eeb85c] 04:02:22.983 [pool-6-thread-47] DEBUG c.h.p.o.d.PodServiceAccountResource - [helmlega] Desired PodServiceAccountResource (serviceAccountName: hivemq-platform-pod-test-hivemq-legacy-platform)
2025-01-30 04:02:23,066 INFO c.h.h.t.HelmChartContainer - [hivemq-test-hivemq-platform] [hivemq-platform-operator] [d3eeb85c] 04:02:23.065 [pool-6-thread-43] DEBUG c.h.p.o.dependants.PodInfoConfigMap - [helmlega] Update PodInfo ConfigMap
2025-01-30 04:02:23,267 INFO c.h.h.t.HelmChartContainer - [hivemq-test-hivemq-platform] [hivemq-platform-operator] [d3eeb85c] 04:02:23.266 [pool-6-thread-50] DEBUG c.h.p.o.d.StatefulSetResource - [helmlega] Actual selector match labels: {app=hivemq, hivemq-cluster=test-hivemq-legacy-platform}
2025-01-30 04:02:23,267 INFO c.h.h.t.HelmChartContainer - [hivemq-test-hivemq-platform] [hivemq-platform-operator] [d3eeb85c] 04:02:23.266 [pool-6-thread-50] DEBUG c.h.p.o.d.StatefulSetResource - [helmlega] Target selector match labels: {hivemq-platform=test-hivemq-legacy-platform}
2025-01-30 04:02:23,268 INFO c.h.h.t.HelmChartContainer - [hivemq-test-hivemq-platform] [hivemq-platform-operator] [d3eeb85c] 04:02:23.266 [pool-6-thread-50] INFO  c.h.p.o.d.StatefulSetResource - [helmlega] Detected change of immutable fields in StatefulSet specification, will re-create the StatefulSet
2025-01-30 04:02:23,276 INFO c.h.h.t.HelmChartContainer - [hivemq-test-hivemq-platform] [hivemq-platform-operator] [d3eeb85c] 04:02:23.274 [pool-6-thread-50] INFO  c.h.p.o.d.StatefulSetResource - [helmlega] Fixing labels on Pod 'test-hivemq-legacy-platform-0'
2025-01-30 04:02:23,292 INFO c.h.h.t.HelmChartContainer - [POD] test-hivemq-legacy-platform-0 [5c0860bb-093b-4e48-a63e-f9cc0745fd13] in helmlegacystatefulsetmigrationit-operator was MODIFIED
2025-01-30 04:02:23,400 INFO c.h.h.t.HelmChartContainer - [POD] test-hivemq-legacy-platform-0 [5c0860bb-093b-4e48-a63e-f9cc0745fd13] in helmlegacystatefulsetmigrationit-operator was MODIFIED
2025-01-30 04:02:23,404 INFO c.h.h.t.HelmChartContainer - [K3S] [stateful_set.go:438] "Unhandled Error" err="error syncing StatefulSet helmlegacystatefulsetmigrationit-operator/test-hivemq-legacy-platform, requeuing: can't adopt ControllerRevisions: helmlegacystatefulsetmigrationit-operator/test-hivemq-legacy-platform has just been deleted at 2025-01-30 04:02:23 +0000 UTC"
2025-01-30 04:02:23,411 INFO c.h.h.t.HelmChartContainer - [K3S] [stateful_set.go:438] "Unhandled Error" err="error syncing StatefulSet helmlegacystatefulsetmigrationit-operator/test-hivemq-legacy-platform, requeuing: can't adopt ControllerRevisions: can't recheck DeletionTimestamp: statefulsets.apps \"test-hivemq-legacy-platform\" not found"
2025-01-30 04:02:23,413 INFO c.h.h.t.HelmChartContainer - [K3S] [stateful_set.go:466] "StatefulSet has been deleted" key="helmlegacystatefulsetmigrationit-operator/test-hivemq-legacy-platform"
2025-01-30 04:02:23,423 INFO c.h.h.t.HelmChartContainer - [K3S] [stateful_set.go:466] "StatefulSet has been deleted" key="helmlegacystatefulsetmigrationit-operator/test-hivemq-legacy-platform"
2025-01-30 04:02:23,604 INFO c.h.h.t.HelmChartContainer - [hivemq-test-hivemq-platform] [hivemq-platform-operator] [d3eeb85c] 04:02:23.602 [pool-6-thread-50] INFO  c.h.p.o.d.StatefulSetResource - [helmlega] StatefulSet needs to be re-created, stopping current reconciliation
2025-01-30 04:02:23,604 INFO c.h.h.t.HelmChartContainer - [hivemq-test-hivemq-platform] [hivemq-platform-operator] [d3eeb85c] 04:02:23.602 [ReconcilerExecutor-hivemq-controller-100] INFO  c.h.p.o.HiveMQPlatformReconciler - [helmlega] Reconciling HiveMQ Platform 'test-hivemq-legacy-platform' in namespace 'helmlegacystatefulsetmigrationit-operator'
2025-01-30 04:02:23,604 INFO c.h.h.t.HelmChartContainer - [hivemq-test-hivemq-platform] [hivemq-platform-operator] [d3eeb85c] 04:02:23.602 [ReconcilerExecutor-hivemq-controller-100] DEBUG c.h.p.o.HiveMQPlatformReconciler - [helmlega] Custom Resource Status RUNNING - HiveMQ Platform is ready (READY) (reconciliation requests: ROLLING_RESTART, REQUESTS_UPDATED)
2025-01-30 04:02:23,604 INFO c.h.h.t.HelmChartContainer - [hivemq-test-hivemq-platform] [hivemq-platform-operator] [d3eeb85c] 04:02:23.602 [ReconcilerExecutor-hivemq-controller-100] DEBUG c.h.p.o.HiveMQPlatformReconciler - [helmlega] Custom Resource Spec (replicas: 1) (extensions: 2)
2025-01-30 04:02:23,664 INFO c.h.h.t.HelmChartContainer - [hivemq-test-hivemq-platform] [hivemq-platform-operator] [d3eeb85c] 04:02:23.663 [ReconcilerExecutor-hivemq-controller-100] DEBUG c.h.p.o.HiveMQPlatformReconciler - [helmlega] StatefulSet is not ready yet
2025-01-30 04:02:23,664 INFO c.h.h.t.HelmChartContainer - [hivemq-test-hivemq-platform] [hivemq-platform-operator] [d3eeb85c] 04:02:23.663 [ReconcilerExecutor-hivemq-controller-100] DEBUG c.h.p.o.h.AbstractHiveMQReconcilerStateHandler - [helmlega] HiveMQ Platform annotations have been updated, will update resource
2025-01-30 04:02:23,664 INFO c.h.h.t.HelmChartContainer - [hivemq-test-hivemq-platform] [hivemq-platform-operator] [d3eeb85c] 04:02:23.663 [ReconcilerExecutor-hivemq-controller-100] INFO  c.h.p.o.h.AbstractHiveMQReconcilerStateHandler - [helmlega] Update HiveMQ Platform Status (STATEFULSET_MIGRATION [STATEFULSET_MIGRATION_VALIDATION] -> RUNNING [READY]): HiveMQ Platform is ready (reconciliation requests: ROLLING_RESTART)
2025-01-30 04:02:23,677 DEBUG com.hivemq.helmcharts.util.K8sUtil - Comparing actual state 'RUNNING' and waiting for 'ROLLING_RESTART'
2025-01-30 04:02:23,679 INFO c.h.h.t.HelmChartContainer - [hivemq-test-hivemq-platform] [hivemq-platform-operator] [d3eeb85c] 04:02:23.677 [pool-6-thread-5] DEBUG c.h.p.o.d.PlatformServiceResource - [helmlega] Desired Platform services (4 services)
2025-01-30 04:02:23,680 INFO c.h.h.t.HelmChartContainer - [hivemq-test-hivemq-platform] [hivemq-platform-operator] [d3eeb85c] 04:02:23.679 [pool-6-thread-4] DEBUG c.h.p.o.d.PodServiceAccountResource - [helmlega] Desired PodServiceAccountResource (serviceAccountName: hivemq-platform-pod-test-hivemq-legacy-platform)
2025-01-30 04:02:23,682 INFO c.h.h.t.HelmChartContainer - [hivemq-test-hivemq-platform] [hivemq-platform-operator] [d3eeb85c] 04:02:23.680 [pool-6-thread-6] DEBUG c.h.p.o.dependants.PodInfoConfigMap - [helmlega] Desired PodInfo ConfigMap (2 extensions) (1 enabled)
2025-01-30 04:02:23,682 INFO c.h.h.t.HelmChartContainer - [hivemq-test-hivemq-platform] [hivemq-platform-operator] [d3eeb85c] 04:02:23.681 [pool-6-thread-6] DEBUG c.h.p.o.dependants.PodInfoConfigMap - [helmlega] Desired PodInfo ConfigMap (metrics port: 9399) (metrics path: /)
2025-01-30 04:02:23,685 INFO c.h.h.t.HelmChartContainer - [hivemq-test-hivemq-platform] [hivemq-platform-operator] [d3eeb85c] 04:02:23.684 [pool-6-thread-6] DEBUG c.h.p.o.dependants.PodInfoConfigMap - [helmlega] Desired PodInfo ConfigMap (extension state hash: 259316804)
2025-01-30 04:02:23,767 INFO c.h.h.t.HelmChartContainer - [hivemq-test-hivemq-platform] [hivemq-platform-operator] [d3eeb85c] 04:02:23.766 [pool-6-thread-5] DEBUG c.h.p.o.d.StatefulSetResource - [helmlega] Desired StatefulSet (1 replicas) for status RUNNING (READY)
2025-01-30 04:02:23,781 INFO c.h.h.t.HelmChartContainer - [hivemq-test-hivemq-platform] [hivemq-platform-operator] [d3eeb85c] 04:02:23.780 [pool-6-thread-5] DEBUG c.h.p.o.d.StatefulSetResource - [helmlega] Create StatefulSet
2025-01-30 04:02:23,802 INFO c.h.h.t.HelmChartContainer - [POD] test-hivemq-legacy-platform-0 [5c0860bb-093b-4e48-a63e-f9cc0745fd13] in helmlegacystatefulsetmigrationit-operator was MODIFIED
2025-01-30 04:02:23,877 INFO c.h.h.t.HelmChartContainer - [hivemq-test-hivemq-platform] [hivemq-platform-operator] [d3eeb85c] 04:02:23.870 [ReconcilerExecutor-hivemq-controller-111] INFO  c.h.p.o.HiveMQPlatformReconciler - [helmlega] Reconciling HiveMQ Platform 'test-hivemq-legacy-platform' in namespace 'helmlegacystatefulsetmigrationit-operator'
2025-01-30 04:02:23,877 INFO c.h.h.t.HelmChartContainer - [hivemq-test-hivemq-platform] [hivemq-platform-operator] [d3eeb85c] 04:02:23.870 [ReconcilerExecutor-hivemq-controller-111] DEBUG c.h.p.o.HiveMQPlatformReconciler - [helmlega] Custom Resource Status RUNNING - HiveMQ Platform is ready (READY) (reconciliation requests: ROLLING_RESTART)
2025-01-30 04:02:23,877 INFO c.h.h.t.HelmChartContainer - [hivemq-test-hivemq-platform] [hivemq-platform-operator] [d3eeb85c] 04:02:23.870 [ReconcilerExecutor-hivemq-controller-111] DEBUG c.h.p.o.HiveMQPlatformReconciler - [helmlega] Custom Resource Spec (replicas: 1) (extensions: 2)
2025-01-30 04:02:23,877 INFO c.h.h.t.HelmChartContainer - [hivemq-test-hivemq-platform] [hivemq-platform-operator] [d3eeb85c] 04:02:23.873 [ReconcilerExecutor-hivemq-controller-111] DEBUG c.h.p.o.HiveMQPlatformReconciler - [helmlega] StatefulSet Status (revision: test-hivemq-legacy-platform-65df8dcb7f, replicas: 1, available: 1, ready: 1, current: 0, updated: 0)
2025-01-30 04:02:23,877 INFO c.h.h.t.HelmChartContainer - [hivemq-test-hivemq-platform] [hivemq-platform-operator] [d3eeb85c] 04:02:23.874 [ReconcilerExecutor-hivemq-controller-111] DEBUG c.h.p.o.HiveMQPlatformReconciler - [helmlega] StatefulSet Spec (replicas: 1, init containers: 1, containers: 1, volumes: 6)
2025-01-30 04:02:23,878 INFO c.h.h.t.HelmChartContainer - [hivemq-test-hivemq-platform] [hivemq-platform-operator] [d3eeb85c] 04:02:23.876 [ReconcilerExecutor-hivemq-controller-111] DEBUG c.h.p.o.h.HiveMQPlatformReconcilerErrorHandler - [helmlega] Pod 'test-hivemq-legacy-platform-0' phase Running
2025-01-30 04:02:23,879 INFO c.h.h.t.HelmChartContainer - [hivemq-test-hivemq-platform] [hivemq-platform-operator] [d3eeb85c] 04:02:23.879 [ReconcilerExecutor-hivemq-controller-111] INFO  c.h.p.o.h.HiveMQPlatformReconcilerBaseHandler - [helmlega] Started rolling restart (scaling to 2 replicas)
2025-01-30 04:02:23,972 INFO c.h.h.t.HelmChartContainer - [hivemq-test-hivemq-platform] [hivemq-platform-operator] [d3eeb85c] 04:02:23.971 [ReconcilerExecutor-hivemq-controller-111] DEBUG c.h.p.operator.event.EventSender - [helmlega] Creating K8s event rolling-restart-started: [RollingRestart] HiveMQ Platform is starting a surge Pod (rolling restart)
2025-01-30 04:02:23,976 INFO c.h.h.t.HelmChartContainer - [EVENT] Normal [RollingRestart] HiveMQ Platform is starting a surge Pod (rolling restart) [helmlegacystatefulsetmigrationit-operator:test-hivemq-legacy-platform]
2025-01-30 04:02:23,977 INFO c.h.h.t.HelmChartContainer - [hivemq-test-hivemq-platform] [hivemq-platform-operator] [d3eeb85c] 04:02:23.976 [ReconcilerExecutor-hivemq-controller-111] INFO  c.h.p.o.h.AbstractHiveMQReconcilerStateHandler - [helmlega] Update HiveMQ Platform Status (RUNNING [READY] -> ROLLING_RESTART [SURGE_IN_PROGRESS]): HiveMQ Platform is starting a surge Pod (rolling restart)
2025-01-30 04:02:23,985 DEBUG com.hivemq.helmcharts.util.K8sUtil - Comparing actual state 'ROLLING_RESTART' and waiting for 'ROLLING_RESTART'
2025-01-30 04:02:23,994 INFO c.h.h.t.HelmChartContainer - [hivemq-test-hivemq-platform] [hivemq-platform-operator] [d3eeb85c] 04:02:23.989 [pool-6-thread-17] DEBUG c.h.p.o.d.PlatformServiceResource - [helmlega] Desired Platform services (4 services)
2025-01-30 04:02:23,994 INFO c.h.h.t.HelmChartContainer - [hivemq-test-hivemq-platform] [hivemq-platform-operator] [d3eeb85c] 04:02:23.992 [pool-6-thread-18] DEBUG c.h.p.o.dependants.PodInfoConfigMap - [helmlega] Desired PodInfo ConfigMap (2 extensions) (1 enabled)
2025-01-30 04:02:23,994 INFO c.h.h.t.HelmChartContainer - [hivemq-test-hivemq-platform] [hivemq-platform-operator] [d3eeb85c] 04:02:23.992 [pool-6-thread-18] DEBUG c.h.p.o.dependants.PodInfoConfigMap - [helmlega] Desired PodInfo ConfigMap (metrics port: 9399) (metrics path: /)
2025-01-30 04:02:23,994 INFO c.h.h.t.HelmChartContainer - [hivemq-test-hivemq-platform] [hivemq-platform-operator] [d3eeb85c] 04:02:23.992 [pool-6-thread-18] DEBUG c.h.p.o.dependants.PodInfoConfigMap - [helmlega] Desired PodInfo ConfigMap (extension state hash: 259316804)
2025-01-30 04:02:23,998 INFO c.h.h.t.HelmChartContainer - [hivemq-test-hivemq-platform] [hivemq-platform-operator] [d3eeb85c] 04:02:23.993 [pool-6-thread-18] DEBUG c.h.p.o.dependants.PodInfoConfigMap - [helmlega] Update PodInfo ConfigMap
2025-01-30 04:02:23,998 INFO c.h.h.t.HelmChartContainer - [hivemq-test-hivemq-platform] [hivemq-platform-operator] [d3eeb85c] 04:02:23.994 [pool-6-thread-20] DEBUG c.h.p.o.d.PodServiceAccountResource - [helmlega] Desired PodServiceAccountResource (serviceAccountName: hivemq-platform-pod-test-hivemq-legacy-platform)
2025-01-30 04:02:24,006 DEBUG com.hivemq.helmcharts.util.K8sUtil - Comparing actual state 'ROLLING_RESTART' and waiting for 'RUNNING'
2025-01-30 04:02:24,072 INFO c.h.h.t.HelmChartContainer - [hivemq-test-hivemq-platform] [hivemq-platform-operator] [d3eeb85c] 04:02:24.071 [pool-6-thread-18] DEBUG c.h.p.o.d.StatefulSetResource - [helmlega] Desired StatefulSet (2 replicas) for status ROLLING_RESTART (SURGE_IN_PROGRESS)
2025-01-30 04:02:24,078 INFO c.h.h.t.HelmChartContainer - [hivemq-test-hivemq-platform] [hivemq-platform-operator] [d3eeb85c] 04:02:24.077 [pool-6-thread-18] DEBUG c.h.p.o.d.StatefulSetResource - [helmlega] Update StatefulSet (replicas: 1 -> 2)
2025-01-30 04:02:24,097 INFO c.h.h.t.HelmChartContainer - [EVENT] Normal [SuccessfulCreate] create Claim data-test-hivemq-legacy-platform-1 Pod test-hivemq-legacy-platform-1 in StatefulSet test-hivemq-legacy-platform success [helmlegacystatefulsetmigrationit-operator:test-hivemq-legacy-platform]
2025-01-30 04:02:24,098 INFO c.h.h.t.HelmChartContainer - [EVENT] Normal [WaitForFirstConsumer] waiting for first consumer to be created before binding [helmlegacystatefulsetmigrationit-operator:data-test-hivemq-legacy-platform-1]
2025-01-30 04:02:24,101 INFO c.h.h.t.HelmChartContainer - [POD] test-hivemq-legacy-platform-1 [6a694368-cfcd-4e9e-abb1-e979c6c2e2ef] in helmlegacystatefulsetmigrationit-operator was ADDED
2025-01-30 04:02:24,102 INFO c.h.h.t.HelmChartContainer - [EVENT] Normal [SuccessfulCreate] create Pod test-hivemq-legacy-platform-1 in StatefulSet test-hivemq-legacy-platform successful [helmlegacystatefulsetmigrationit-operator:test-hivemq-legacy-platform]
2025-01-30 04:02:24,108 INFO c.h.h.t.HelmChartContainer - [EVENT] Normal [ExternalProvisioning] Waiting for a volume to be created either by the external provisioner 'rancher.io/local-path' or manually by the system administrator. If volume creation is delayed, please verify that the provisioner is running and correctly registered. [helmlegacystatefulsetmigrationit-operator:data-test-hivemq-legacy-platform-1]
2025-01-30 04:02:24,113 INFO c.h.h.t.HelmChartContainer - [EVENT] Normal [ExternalProvisioning] Waiting for a volume to be created either by the external provisioner 'rancher.io/local-path' or manually by the system administrator. If volume creation is delayed, please verify that the provisioner is running and correctly registered. [helmlegacystatefulsetmigrationit-operator:data-test-hivemq-legacy-platform-1]
2025-01-30 04:02:24,114 INFO c.h.h.t.HelmChartContainer - [EVENT] Normal [Provisioning] External provisioner is provisioning volume for claim "helmlegacystatefulsetmigrationit-operator/data-test-hivemq-legacy-platform-1" [helmlegacystatefulsetmigrationit-operator:data-test-hivemq-legacy-platform-1]
2025-01-30 04:02:24,169 INFO c.h.h.t.HelmChartContainer - [hivemq-test-hivemq-platform] [hivemq-platform-operator] [d3eeb85c] 04:02:24.168 [ReconcilerExecutor-hivemq-controller-112] INFO  c.h.p.o.HiveMQPlatformReconciler - [helmlega] Reconciling HiveMQ Platform 'test-hivemq-legacy-platform' in namespace 'helmlegacystatefulsetmigrationit-operator'
2025-01-30 04:02:24,169 INFO c.h.h.t.HelmChartContainer - [hivemq-test-hivemq-platform] [hivemq-platform-operator] [d3eeb85c] 04:02:24.168 [ReconcilerExecutor-hivemq-controller-112] DEBUG c.h.p.o.HiveMQPlatformReconciler - [helmlega] Custom Resource Status ROLLING_RESTART - HiveMQ Platform is starting a surge Pod (rolling restart) (SURGE_IN_PROGRESS)
2025-01-30 04:02:24,169 INFO c.h.h.t.HelmChartContainer - [hivemq-test-hivemq-platform] [hivemq-platform-operator] [d3eeb85c] 04:02:24.168 [ReconcilerExecutor-hivemq-controller-112] DEBUG c.h.p.o.HiveMQPlatformReconciler - [helmlega] Custom Resource Spec (replicas: 1) (extensions: 2)
2025-01-30 04:02:24,172 INFO c.h.h.t.HelmChartContainer - [hivemq-test-hivemq-platform] [hivemq-platform-operator] [d3eeb85c] 04:02:24.171 [ReconcilerExecutor-hivemq-controller-112] DEBUG c.h.p.o.HiveMQPlatformReconciler - [helmlega] StatefulSet Status (revision: test-hivemq-legacy-platform-65df8dcb7f, replicas: 2, available: 1, ready: 1, current: 1, updated: 1)
2025-01-30 04:02:24,173 INFO c.h.h.t.HelmChartContainer - [hivemq-test-hivemq-platform] [hivemq-platform-operator] [d3eeb85c] 04:02:24.171 [ReconcilerExecutor-hivemq-controller-112] DEBUG c.h.p.o.HiveMQPlatformReconciler - [helmlega] StatefulSet Spec (replicas: 2, init containers: 1, containers: 1, volumes: 6)
2025-01-30 04:02:24,174 INFO c.h.h.t.HelmChartContainer - [hivemq-test-hivemq-platform] [hivemq-platform-operator] [d3eeb85c] 04:02:24.172 [ReconcilerExecutor-hivemq-controller-112] DEBUG c.h.p.o.h.HiveMQPlatformReconcilerErrorHandler - [helmlega] Pod 'test-hivemq-legacy-platform-1' phase Pending
2025-01-30 04:02:24,176 INFO c.h.h.t.HelmChartContainer - [hivemq-test-hivemq-platform] [hivemq-platform-operator] [d3eeb85c] 04:02:24.174 [ReconcilerExecutor-hivemq-controller-112] DEBUG c.h.p.o.h.HiveMQPlatformReconcilerErrorHandler - [helmlega] Pod 'test-hivemq-legacy-platform-0' phase Running
2025-01-30 04:02:24,177 INFO c.h.h.t.HelmChartContainer - [hivemq-test-hivemq-platform] [hivemq-platform-operator] [d3eeb85c] 04:02:24.175 [ReconcilerExecutor-hivemq-controller-112] DEBUG c.h.p.o.h.HiveMQPlatformReconcilerRollingRestartHandler - [helmlega] Rolling restart is waiting for 1 of 2 replicas
2025-01-30 04:02:24,198 INFO c.h.h.t.HelmChartContainer - [POD] helper-pod-create-pvc-f972cdd4-553f-467d-8389-0d09a0c24da4 [0d231528-2d51-4290-8f21-0e76dd90868f] in kube-system was ADDED
2025-01-30 04:02:24,205 INFO c.h.h.t.HelmChartContainer - [POD] helper-pod-create-pvc-f972cdd4-553f-467d-8389-0d09a0c24da4 [0d231528-2d51-4290-8f21-0e76dd90868f] in kube-system was MODIFIED
2025-01-30 04:02:24,270 INFO c.h.h.t.HelmChartContainer - [hivemq-test-hivemq-platform] [hivemq-platform-operator] [d3eeb85c] 04:02:24.264 [pool-6-thread-28] DEBUG c.h.p.o.d.PlatformServiceResource - [helmlega] Desired Platform services (4 services)
2025-01-30 04:02:24,270 INFO c.h.h.t.HelmChartContainer - [hivemq-test-hivemq-platform] [hivemq-platform-operator] [d3eeb85c] 04:02:24.265 [pool-6-thread-29] DEBUG c.h.p.o.dependants.PodInfoConfigMap - [helmlega] Desired PodInfo ConfigMap (2 extensions) (1 enabled)
2025-01-30 04:02:24,270 INFO c.h.h.t.HelmChartContainer - [hivemq-test-hivemq-platform] [hivemq-platform-operator] [d3eeb85c] 04:02:24.265 [pool-6-thread-29] DEBUG c.h.p.o.dependants.PodInfoConfigMap - [helmlega] Desired PodInfo ConfigMap (metrics port: 9399) (metrics path: /)
2025-01-30 04:02:24,270 INFO c.h.h.t.HelmChartContainer - [hivemq-test-hivemq-platform] [hivemq-platform-operator] [d3eeb85c] 04:02:24.265 [pool-6-thread-29] DEBUG c.h.p.o.dependants.PodInfoConfigMap - [helmlega] Desired PodInfo ConfigMap (extension state hash: 259316804)
2025-01-30 04:02:24,270 INFO c.h.h.t.HelmChartContainer - [hivemq-test-hivemq-platform] [hivemq-platform-operator] [d3eeb85c] 04:02:24.267 [pool-6-thread-24] DEBUG c.h.p.o.d.PodServiceAccountResource - [helmlega] Desired PodServiceAccountResource (serviceAccountName: hivemq-platform-pod-test-hivemq-legacy-platform)
2025-01-30 04:02:24,276 INFO c.h.h.t.HelmChartContainer - [hivemq-test-hivemq-platform] [hivemq-platform-operator] [d3eeb85c] 04:02:24.274 [pool-6-thread-28] DEBUG c.h.p.o.d.StatefulSetResource - [helmlega] Desired StatefulSet (2 replicas) for status ROLLING_RESTART (SURGE_IN_PROGRESS)
2025-01-30 04:02:24,279 INFO c.h.h.t.HelmChartContainer - [hivemq-test-hivemq-platform] [hivemq-platform-operator] [d3eeb85c] 04:02:24.278 [ReconcilerExecutor-hivemq-controller-113] INFO  c.h.p.o.HiveMQPlatformReconciler - [helmlega] Reconciling HiveMQ Platform 'test-hivemq-legacy-platform' in namespace 'helmlegacystatefulsetmigrationit-operator'
2025-01-30 04:02:24,281 INFO c.h.h.t.HelmChartContainer - [hivemq-test-hivemq-platform] [hivemq-platform-operator] [d3eeb85c] 04:02:24.279 [ReconcilerExecutor-hivemq-controller-113] DEBUG c.h.p.o.HiveMQPlatformReconciler - [helmlega] Custom Resource Status ROLLING_RESTART - HiveMQ Platform is starting a surge Pod (rolling restart) (SURGE_IN_PROGRESS)
2025-01-30 04:02:24,281 INFO c.h.h.t.HelmChartContainer - [hivemq-test-hivemq-platform] [hivemq-platform-operator] [d3eeb85c] 04:02:24.279 [ReconcilerExecutor-hivemq-controller-113] DEBUG c.h.p.o.HiveMQPlatformReconciler - [helmlega] Custom Resource Spec (replicas: 1) (extensions: 2)
2025-01-30 04:02:24,287 INFO c.h.h.t.HelmChartContainer - [K3S] [reconciler_common.go:251] "operationExecutor.VerifyControllerAttachedVolume started for volume \"data\" (UniqueName: \"kubernetes.io/host-path/0d231528-2d51-4290-8f21-0e76dd90868f-data\") pod \"helper-pod-create-pvc-f972cdd4-553f-467d-8389-0d09a0c24da4\" (UID: \"0d231528-2d51-4290-8f21-0e76dd90868f\") " pod="kube-system/helper-pod-create-pvc-f972cdd4-553f-467d-8389-0d09a0c24da4"
2025-01-30 04:02:24,287 INFO c.h.h.t.HelmChartContainer - [K3S] [reconciler_common.go:251] "operationExecutor.VerifyControllerAttachedVolume started for volume \"kube-api-access-vjw5g\" (UniqueName: \"kubernetes.io/projected/0d231528-2d51-4290-8f21-0e76dd90868f-kube-api-access-vjw5g\") pod \"helper-pod-create-pvc-f972cdd4-553f-467d-8389-0d09a0c24da4\" (UID: \"0d231528-2d51-4290-8f21-0e76dd90868f\") " pod="kube-system/helper-pod-create-pvc-f972cdd4-553f-467d-8389-0d09a0c24da4"
2025-01-30 04:02:24,287 INFO c.h.h.t.HelmChartContainer - [K3S] [reconciler_common.go:251] "operationExecutor.VerifyControllerAttachedVolume started for volume \"script\" (UniqueName: \"kubernetes.io/configmap/0d231528-2d51-4290-8f21-0e76dd90868f-script\") pod \"helper-pod-create-pvc-f972cdd4-553f-467d-8389-0d09a0c24da4\" (UID: \"0d231528-2d51-4290-8f21-0e76dd90868f\") " pod="kube-system/helper-pod-create-pvc-f972cdd4-553f-467d-8389-0d09a0c24da4"
2025-01-30 04:02:24,364 INFO c.h.h.t.HelmChartContainer - [hivemq-test-hivemq-platform] [hivemq-platform-operator] [d3eeb85c] 04:02:24.363 [ReconcilerExecutor-hivemq-controller-113] DEBUG c.h.p.o.HiveMQPlatformReconciler - [helmlega] StatefulSet Status (revision: test-hivemq-legacy-platform-65df8dcb7f, replicas: 2, available: 1, ready: 1, current: 1, updated: 1)
2025-01-30 04:02:24,364 INFO c.h.h.t.HelmChartContainer - [hivemq-test-hivemq-platform] [hivemq-platform-operator] [d3eeb85c] 04:02:24.363 [ReconcilerExecutor-hivemq-controller-113] DEBUG c.h.p.o.HiveMQPlatformReconciler - [helmlega] StatefulSet Spec (replicas: 2, init containers: 1, containers: 1, volumes: 6)
2025-01-30 04:02:24,366 INFO c.h.h.t.HelmChartContainer - [hivemq-test-hivemq-platform] [hivemq-platform-operator] [d3eeb85c] 04:02:24.364 [ReconcilerExecutor-hivemq-controller-113] DEBUG c.h.p.o.h.HiveMQPlatformReconcilerErrorHandler - [helmlega] Pod 'test-hivemq-legacy-platform-1' phase Pending
2025-01-30 04:02:24,369 INFO c.h.h.t.HelmChartContainer - [hivemq-test-hivemq-platform] [hivemq-platform-operator] [d3eeb85c] 04:02:24.367 [ReconcilerExecutor-hivemq-controller-113] DEBUG c.h.p.o.h.HiveMQPlatformReconcilerErrorHandler - [helmlega] Pod 'test-hivemq-legacy-platform-0' phase Running
2025-01-30 04:02:24,370 INFO c.h.h.t.HelmChartContainer - [hivemq-test-hivemq-platform] [hivemq-platform-operator] [d3eeb85c] 04:02:24.368 [ReconcilerExecutor-hivemq-controller-113] DEBUG c.h.p.o.h.HiveMQPlatformReconcilerRollingRestartHandler - [helmlega] Rolling restart is waiting for 1 of 2 replicas
2025-01-30 04:02:25,619 INFO c.h.h.t.HelmChartContainer - [POD] helper-pod-create-pvc-f972cdd4-553f-467d-8389-0d09a0c24da4 [0d231528-2d51-4290-8f21-0e76dd90868f] in kube-system was MODIFIED
2025-01-30 04:02:26,690 INFO c.h.h.t.HelmChartContainer - [POD] helper-pod-create-pvc-f972cdd4-553f-467d-8389-0d09a0c24da4 [0d231528-2d51-4290-8f21-0e76dd90868f] in kube-system was MODIFIED
2025-01-30 04:02:26,804 INFO c.h.h.t.HelmChartContainer - [K3S] [reconciler_common.go:162] "operationExecutor.UnmountVolume started for volume \"data\" (UniqueName: \"kubernetes.io/host-path/0d231528-2d51-4290-8f21-0e76dd90868f-data\") pod \"0d231528-2d51-4290-8f21-0e76dd90868f\" (UID: \"0d231528-2d51-4290-8f21-0e76dd90868f\") "
2025-01-30 04:02:26,804 INFO c.h.h.t.HelmChartContainer - [K3S] [reconciler_common.go:162] "operationExecutor.UnmountVolume started for volume \"script\" (UniqueName: \"kubernetes.io/configmap/0d231528-2d51-4290-8f21-0e76dd90868f-script\") pod \"0d231528-2d51-4290-8f21-0e76dd90868f\" (UID: \"0d231528-2d51-4290-8f21-0e76dd90868f\") "
2025-01-30 04:02:26,804 INFO c.h.h.t.HelmChartContainer - [K3S] [reconciler_common.go:162] "operationExecutor.UnmountVolume started for volume \"kube-api-access-vjw5g\" (UniqueName: \"kubernetes.io/projected/0d231528-2d51-4290-8f21-0e76dd90868f-kube-api-access-vjw5g\") pod \"0d231528-2d51-4290-8f21-0e76dd90868f\" (UID: \"0d231528-2d51-4290-8f21-0e76dd90868f\") "
2025-01-30 04:02:26,904 INFO c.h.h.t.HelmChartContainer - [K3S] [reconciler_common.go:299] "Volume detached for volume \"data\" (UniqueName: \"kubernetes.io/host-path/0d231528-2d51-4290-8f21-0e76dd90868f-data\") on node \"eb90bc493249\" DevicePath \"\""
2025-01-30 04:02:26,904 INFO c.h.h.t.HelmChartContainer - [K3S] [reconciler_common.go:299] "Volume detached for volume \"script\" (UniqueName: \"kubernetes.io/configmap/0d231528-2d51-4290-8f21-0e76dd90868f-script\") on node \"eb90bc493249\" DevicePath \"\""
2025-01-30 04:02:26,904 INFO c.h.h.t.HelmChartContainer - [K3S] [reconciler_common.go:299] "Volume detached for volume \"kube-api-access-vjw5g\" (UniqueName: \"kubernetes.io/projected/0d231528-2d51-4290-8f21-0e76dd90868f-kube-api-access-vjw5g\") on node \"eb90bc493249\" DevicePath \"\""
2025-01-30 04:02:27,216 INFO c.h.h.t.HelmChartContainer - [POD] helper-pod-create-pvc-f972cdd4-553f-467d-8389-0d09a0c24da4 [0d231528-2d51-4290-8f21-0e76dd90868f] in kube-system was MODIFIED
2025-01-30 04:02:27,218 INFO c.h.h.t.HelmChartContainer - [POD] helper-pod-create-pvc-f972cdd4-553f-467d-8389-0d09a0c24da4 [0d231528-2d51-4290-8f21-0e76dd90868f] in kube-system was DELETED
2025-01-30 04:02:27,231 INFO c.h.h.t.HelmChartContainer - [EVENT] Normal [ProvisioningSucceeded] Successfully provisioned volume pvc-f972cdd4-553f-467d-8389-0d09a0c24da4 [helmlegacystatefulsetmigrationit-operator:data-test-hivemq-legacy-platform-1]
2025-01-30 04:02:27,615 INFO c.h.h.t.HelmChartContainer - [K3S] [pod_container_deletor.go:80] "Container not found in pod's containers" containerID="2e266d15519d9a0efb2daac3bde0a355d81ccb984d69b5ac590e2eb9be8eb837"
2025-01-30 04:02:27,620 INFO c.h.h.t.HelmChartContainer - [K3S] [status_manager.go:890] "Failed to get status for pod" podUID="0d231528-2d51-4290-8f21-0e76dd90868f" pod="kube-system/helper-pod-create-pvc-f972cdd4-553f-467d-8389-0d09a0c24da4" err="pods \"helper-pod-create-pvc-f972cdd4-553f-467d-8389-0d09a0c24da4\" is forbidden: User \"system:node:eb90bc493249\" cannot get resource \"pods\" in API group \"\" in the namespace \"kube-system\": no relationship found between node 'eb90bc493249' and this object"
2025-01-30 04:02:28,108 INFO c.h.h.t.HelmChartContainer - [K3S] [memory_manager.go:355] "RemoveStaleState removing state" podUID="0d231528-2d51-4290-8f21-0e76dd90868f" containerName="helper-pod"
2025-01-30 04:02:28,111 INFO c.h.h.t.HelmChartContainer - [EVENT] Normal [Scheduled] Successfully assigned helmlegacystatefulsetmigrationit-operator/test-hivemq-legacy-platform-1 to eb90bc493249 [helmlegacystatefulsetmigrationit-operator:test-hivemq-legacy-platform-1]
2025-01-30 04:02:28,113 INFO c.h.h.t.HelmChartContainer - [POD] test-hivemq-legacy-platform-1 [6a694368-cfcd-4e9e-abb1-e979c6c2e2ef] in helmlegacystatefulsetmigrationit-operator was MODIFIED
2025-01-30 04:02:28,120 INFO c.h.h.t.HelmChartContainer - [hivemq-test-hivemq-platform] [hivemq-platform-operator] [d3eeb85c] 04:02:28.119 [pool-6-thread-35] DEBUG c.h.p.o.d.PlatformServiceResource - [helmlega] Desired Platform services (4 services)
2025-01-30 04:02:28,123 INFO c.h.h.t.HelmChartContainer - [hivemq-test-hivemq-platform] [hivemq-platform-operator] [d3eeb85c] 04:02:28.121 [pool-6-thread-37] DEBUG c.h.p.o.dependants.PodInfoConfigMap - [helmlega] Desired PodInfo ConfigMap (2 extensions) (1 enabled)
2025-01-30 04:02:28,123 INFO c.h.h.t.HelmChartContainer - [hivemq-test-hivemq-platform] [hivemq-platform-operator] [d3eeb85c] 04:02:28.121 [pool-6-thread-37] DEBUG c.h.p.o.dependants.PodInfoConfigMap - [helmlega] Desired PodInfo ConfigMap (metrics port: 9399) (metrics path: /)
2025-01-30 04:02:28,123 INFO c.h.h.t.HelmChartContainer - [hivemq-test-hivemq-platform] [hivemq-platform-operator] [d3eeb85c] 04:02:28.121 [pool-6-thread-37] DEBUG c.h.p.o.dependants.PodInfoConfigMap - [helmlega] Desired PodInfo ConfigMap (extension state hash: 259316804)
2025-01-30 04:02:28,129 INFO c.h.h.t.HelmChartContainer - [hivemq-test-hivemq-platform] [hivemq-platform-operator] [d3eeb85c] 04:02:28.124 [pool-6-thread-32] DEBUG c.h.p.o.d.PodServiceAccountResource - [helmlega] Desired PodServiceAccountResource (serviceAccountName: hivemq-platform-pod-test-hivemq-legacy-platform)
2025-01-30 04:02:28,130 INFO c.h.h.t.HelmChartContainer - [K3S] [status_manager.go:890] "Failed to get status for pod" podUID="0d231528-2d51-4290-8f21-0e76dd90868f" pod="kube-system/helper-pod-create-pvc-f972cdd4-553f-467d-8389-0d09a0c24da4" err="pods \"helper-pod-create-pvc-f972cdd4-553f-467d-8389-0d09a0c24da4\" is forbidden: User \"system:node:eb90bc493249\" cannot get resource \"pods\" in API group \"\" in the namespace \"kube-system\": no relationship found between node 'eb90bc493249' and this object"
2025-01-30 04:02:28,134 INFO c.h.h.t.HelmChartContainer - [POD] test-hivemq-legacy-platform-1 [6a694368-cfcd-4e9e-abb1-e979c6c2e2ef] in helmlegacystatefulsetmigrationit-operator was MODIFIED
2025-01-30 04:02:28,139 INFO c.h.h.t.HelmChartContainer - [hivemq-test-hivemq-platform] [hivemq-platform-operator] [d3eeb85c] 04:02:28.133 [pool-6-thread-37] DEBUG c.h.p.o.d.StatefulSetResource - [helmlega] Desired StatefulSet (2 replicas) for status ROLLING_RESTART (SURGE_IN_PROGRESS)
2025-01-30 04:02:28,169 INFO c.h.h.t.HelmChartContainer - [hivemq-test-hivemq-platform] [hivemq-platform-operator] [d3eeb85c] 04:02:28.164 [ReconcilerExecutor-hivemq-controller-114] INFO  c.h.p.o.HiveMQPlatformReconciler - [helmlega] Reconciling HiveMQ Platform 'test-hivemq-legacy-platform' in namespace 'helmlegacystatefulsetmigrationit-operator'
2025-01-30 04:02:28,170 INFO c.h.h.t.HelmChartContainer - [hivemq-test-hivemq-platform] [hivemq-platform-operator] [d3eeb85c] 04:02:28.164 [ReconcilerExecutor-hivemq-controller-114] DEBUG c.h.p.o.HiveMQPlatformReconciler - [helmlega] Custom Resource Status ROLLING_RESTART - HiveMQ Platform is starting a surge Pod (rolling restart) (SURGE_IN_PROGRESS)
2025-01-30 04:02:28,170 INFO c.h.h.t.HelmChartContainer - [hivemq-test-hivemq-platform] [hivemq-platform-operator] [d3eeb85c] 04:02:28.164 [ReconcilerExecutor-hivemq-controller-114] DEBUG c.h.p.o.HiveMQPlatformReconciler - [helmlega] Custom Resource Spec (replicas: 1) (extensions: 2)
2025-01-30 04:02:28,178 INFO c.h.h.t.HelmChartContainer - [hivemq-test-hivemq-platform] [hivemq-platform-operator] [d3eeb85c] 04:02:28.172 [ReconcilerExecutor-hivemq-controller-114] DEBUG c.h.p.o.HiveMQPlatformReconciler - [helmlega] StatefulSet Status (revision: test-hivemq-legacy-platform-65df8dcb7f, replicas: 2, available: 1, ready: 1, current: 1, updated: 1)
2025-01-30 04:02:28,178 INFO c.h.h.t.HelmChartContainer - [hivemq-test-hivemq-platform] [hivemq-platform-operator] [d3eeb85c] 04:02:28.172 [ReconcilerExecutor-hivemq-controller-114] DEBUG c.h.p.o.HiveMQPlatformReconciler - [helmlega] StatefulSet Spec (replicas: 2, init containers: 1, containers: 1, volumes: 6)
2025-01-30 04:02:28,181 INFO c.h.h.t.HelmChartContainer - [hivemq-test-hivemq-platform] [hivemq-platform-operator] [d3eeb85c] 04:02:28.175 [ReconcilerExecutor-hivemq-controller-114] DEBUG c.h.p.o.h.HiveMQPlatformReconcilerErrorHandler - [helmlega] Pod 'test-hivemq-legacy-platform-1' phase Pending
2025-01-30 04:02:28,181 INFO c.h.h.t.HelmChartContainer - [hivemq-test-hivemq-platform] [hivemq-platform-operator] [d3eeb85c] 04:02:28.178 [ReconcilerExecutor-hivemq-controller-114] DEBUG c.h.p.o.h.HiveMQPlatformReconcilerErrorHandler - [helmlega] Pod 'test-hivemq-legacy-platform-1' condition 'PodReadyToStartContainers': False
2025-01-30 04:02:28,182 INFO c.h.h.t.HelmChartContainer - [hivemq-test-hivemq-platform] [hivemq-platform-operator] [d3eeb85c] 04:02:28.178 [ReconcilerExecutor-hivemq-controller-114] DEBUG c.h.p.o.h.HiveMQPlatformReconcilerErrorHandler - [helmlega] Pod 'test-hivemq-legacy-platform-1' condition 'Initialized': False
2025-01-30 04:02:28,182 INFO c.h.h.t.HelmChartContainer - [hivemq-test-hivemq-platform] [hivemq-platform-operator] [d3eeb85c] 04:02:28.178 [ReconcilerExecutor-hivemq-controller-114] DEBUG c.h.p.o.h.HiveMQPlatformReconcilerErrorHandler - [helmlega] Pod 'test-hivemq-legacy-platform-1' condition 'Ready': False
2025-01-30 04:02:28,182 INFO c.h.h.t.HelmChartContainer - [hivemq-test-hivemq-platform] [hivemq-platform-operator] [d3eeb85c] 04:02:28.178 [ReconcilerExecutor-hivemq-controller-114] DEBUG c.h.p.o.h.HiveMQPlatformReconcilerErrorHandler - [helmlega] Pod 'test-hivemq-legacy-platform-1' condition 'ContainersReady': False
2025-01-30 04:02:28,182 INFO c.h.h.t.HelmChartContainer - [hivemq-test-hivemq-platform] [hivemq-platform-operator] [d3eeb85c] 04:02:28.178 [ReconcilerExecutor-hivemq-controller-114] DEBUG c.h.p.o.h.HiveMQPlatformReconcilerErrorHandler - [helmlega] Pod 'test-hivemq-legacy-platform-1' condition 'PodScheduled': True
2025-01-30 04:02:28,182 INFO c.h.h.t.HelmChartContainer - [hivemq-test-hivemq-platform] [hivemq-platform-operator] [d3eeb85c] 04:02:28.179 [ReconcilerExecutor-hivemq-controller-114] DEBUG c.h.p.o.h.HiveMQPlatformReconcilerErrorHandler - [helmlega] Pod 'test-hivemq-legacy-platform-1' containerStatus 'hivemq' (started: false) (ready: false) (waiting: [PodInitializing] null)
2025-01-30 04:02:28,183 INFO c.h.h.t.HelmChartContainer - [hivemq-test-hivemq-platform] [hivemq-platform-operator] [d3eeb85c] 04:02:28.182 [ReconcilerExecutor-hivemq-controller-114] DEBUG c.h.p.o.h.HiveMQPlatformReconcilerErrorHandler - [helmlega] Pod 'test-hivemq-legacy-platform-0' phase Running
2025-01-30 04:02:28,187 INFO c.h.h.t.HelmChartContainer - [hivemq-test-hivemq-platform] [hivemq-platform-operator] [d3eeb85c] 04:02:28.183 [ReconcilerExecutor-hivemq-controller-114] DEBUG c.h.p.o.h.HiveMQPlatformReconcilerRollingRestartHandler - [helmlega] Rolling restart is waiting for 1 of 2 replicas
2025-01-30 04:02:28,193 INFO c.h.h.t.HelmChartContainer - [hivemq-test-hivemq-platform] [hivemq-platform-operator] [d3eeb85c] 04:02:28.187 [pool-6-thread-46] DEBUG c.h.p.o.d.PlatformServiceResource - [helmlega] Desired Platform services (4 services)
2025-01-30 04:02:28,193 INFO c.h.h.t.HelmChartContainer - [hivemq-test-hivemq-platform] [hivemq-platform-operator] [d3eeb85c] 04:02:28.190 [pool-6-thread-44] DEBUG c.h.p.o.dependants.PodInfoConfigMap - [helmlega] Desired PodInfo ConfigMap (2 extensions) (1 enabled)
2025-01-30 04:02:28,193 INFO c.h.h.t.HelmChartContainer - [hivemq-test-hivemq-platform] [hivemq-platform-operator] [d3eeb85c] 04:02:28.192 [pool-6-thread-44] DEBUG c.h.p.o.dependants.PodInfoConfigMap - [helmlega] Desired PodInfo ConfigMap (metrics port: 9399) (metrics path: /)
2025-01-30 04:02:28,194 INFO c.h.h.t.HelmChartContainer - [hivemq-test-hivemq-platform] [hivemq-platform-operator] [d3eeb85c] 04:02:28.194 [pool-6-thread-44] DEBUG c.h.p.o.dependants.PodInfoConfigMap - [helmlega] Desired PodInfo ConfigMap (extension state hash: 259316804)
2025-01-30 04:02:28,211 INFO c.h.h.t.HelmChartContainer - [K3S] [reconciler_common.go:251] "operationExecutor.VerifyControllerAttachedVolume started for volume \"pod-info\" (UniqueName: \"kubernetes.io/configmap/6a694368-cfcd-4e9e-abb1-e979c6c2e2ef-pod-info\") pod \"test-hivemq-legacy-platform-1\" (UID: \"6a694368-cfcd-4e9e-abb1-e979c6c2e2ef\") " pod="helmlegacystatefulsetmigrationit-operator/test-hivemq-legacy-platform-1"
2025-01-30 04:02:28,212 INFO c.h.h.t.HelmChartContainer - [K3S] [reconciler_common.go:251] "operationExecutor.VerifyControllerAttachedVolume started for volume \"extension-configuration-hivemq-enterprise-security-extension\" (UniqueName: \"kubernetes.io/configmap/6a694368-cfcd-4e9e-abb1-e979c6c2e2ef-extension-configuration-hivemq-enterprise-security-extension\") pod \"test-hivemq-legacy-platform-1\" (UID: \"6a694368-cfcd-4e9e-abb1-e979c6c2e2ef\") " pod="helmlegacystatefulsetmigrationit-operator/test-hivemq-legacy-platform-1"
2025-01-30 04:02:28,212 INFO c.h.h.t.HelmChartContainer - [K3S] [reconciler_common.go:251] "operationExecutor.VerifyControllerAttachedVolume started for volume \"broker-configuration\" (UniqueName: \"kubernetes.io/configmap/6a694368-cfcd-4e9e-abb1-e979c6c2e2ef-broker-configuration\") pod \"test-hivemq-legacy-platform-1\" (UID: \"6a694368-cfcd-4e9e-abb1-e979c6c2e2ef\") " pod="helmlegacystatefulsetmigrationit-operator/test-hivemq-legacy-platform-1"
2025-01-30 04:02:28,212 INFO c.h.h.t.HelmChartContainer - [K3S] [reconciler_common.go:251] "operationExecutor.VerifyControllerAttachedVolume started for volume \"ese-file-realm\" (UniqueName: \"kubernetes.io/configmap/6a694368-cfcd-4e9e-abb1-e979c6c2e2ef-ese-file-realm\") pod \"test-hivemq-legacy-platform-1\" (UID: \"6a694368-cfcd-4e9e-abb1-e979c6c2e2ef\") " pod="helmlegacystatefulsetmigrationit-operator/test-hivemq-legacy-platform-1"
2025-01-30 04:02:28,212 INFO c.h.h.t.HelmChartContainer - [K3S] [reconciler_common.go:251] "operationExecutor.VerifyControllerAttachedVolume started for volume \"kube-api-access-lssqz\" (UniqueName: \"kubernetes.io/projected/6a694368-cfcd-4e9e-abb1-e979c6c2e2ef-kube-api-access-lssqz\") pod \"test-hivemq-legacy-platform-1\" (UID: \"6a694368-cfcd-4e9e-abb1-e979c6c2e2ef\") " pod="helmlegacystatefulsetmigrationit-operator/test-hivemq-legacy-platform-1"
2025-01-30 04:02:28,212 INFO c.h.h.t.HelmChartContainer - [K3S] [reconciler_common.go:251] "operationExecutor.VerifyControllerAttachedVolume started for volume \"pvc-f972cdd4-553f-467d-8389-0d09a0c24da4\" (UniqueName: \"kubernetes.io/local-volume/pvc-f972cdd4-553f-467d-8389-0d09a0c24da4\") pod \"test-hivemq-legacy-platform-1\" (UID: \"6a694368-cfcd-4e9e-abb1-e979c6c2e2ef\") " pod="helmlegacystatefulsetmigrationit-operator/test-hivemq-legacy-platform-1"
2025-01-30 04:02:28,212 INFO c.h.h.t.HelmChartContainer - [K3S] [reconciler_common.go:251] "operationExecutor.VerifyControllerAttachedVolume started for volume \"operator-init\" (UniqueName: \"kubernetes.io/empty-dir/6a694368-cfcd-4e9e-abb1-e979c6c2e2ef-operator-init\") pod \"test-hivemq-legacy-platform-1\" (UID: \"6a694368-cfcd-4e9e-abb1-e979c6c2e2ef\") " pod="helmlegacystatefulsetmigrationit-operator/test-hivemq-legacy-platform-1"
2025-01-30 04:02:28,265 INFO c.h.h.t.HelmChartContainer - [hivemq-test-hivemq-platform] [hivemq-platform-operator] [d3eeb85c] 04:02:28.191 [pool-6-thread-47] DEBUG c.h.p.o.d.PodServiceAccountResource - [helmlega] Desired PodServiceAccountResource (serviceAccountName: hivemq-platform-pod-test-hivemq-legacy-platform)
2025-01-30 04:02:28,267 INFO c.h.h.t.HelmChartContainer - [hivemq-test-hivemq-platform] [hivemq-platform-operator] [d3eeb85c] 04:02:28.266 [pool-6-thread-45] DEBUG c.h.p.o.d.StatefulSetResource - [helmlega] Desired StatefulSet (2 replicas) for status ROLLING_RESTART (SURGE_IN_PROGRESS)
2025-01-30 04:02:28,271 INFO c.h.h.t.HelmChartContainer - [hivemq-test-hivemq-platform] [hivemq-platform-operator] [d3eeb85c] 04:02:28.270 [ReconcilerExecutor-hivemq-controller-115] INFO  c.h.p.o.HiveMQPlatformReconciler - [helmlega] Reconciling HiveMQ Platform 'test-hivemq-legacy-platform' in namespace 'helmlegacystatefulsetmigrationit-operator'
2025-01-30 04:02:28,273 INFO c.h.h.t.HelmChartContainer - [hivemq-test-hivemq-platform] [hivemq-platform-operator] [d3eeb85c] 04:02:28.270 [ReconcilerExecutor-hivemq-controller-115] DEBUG c.h.p.o.HiveMQPlatformReconciler - [helmlega] Custom Resource Status ROLLING_RESTART - HiveMQ Platform is starting a surge Pod (rolling restart) (SURGE_IN_PROGRESS)
2025-01-30 04:02:28,274 INFO c.h.h.t.HelmChartContainer - [hivemq-test-hivemq-platform] [hivemq-platform-operator] [d3eeb85c] 04:02:28.270 [ReconcilerExecutor-hivemq-controller-115] DEBUG c.h.p.o.HiveMQPlatformReconciler - [helmlega] Custom Resource Spec (replicas: 1) (extensions: 2)
2025-01-30 04:02:28,276 INFO c.h.h.t.HelmChartContainer - [hivemq-test-hivemq-platform] [hivemq-platform-operator] [d3eeb85c] 04:02:28.273 [ReconcilerExecutor-hivemq-controller-115] DEBUG c.h.p.o.HiveMQPlatformReconciler - [helmlega] StatefulSet Status (revision: test-hivemq-legacy-platform-65df8dcb7f, replicas: 2, available: 1, ready: 1, current: 1, updated: 1)
2025-01-30 04:02:28,277 INFO c.h.h.t.HelmChartContainer - [hivemq-test-hivemq-platform] [hivemq-platform-operator] [d3eeb85c] 04:02:28.273 [ReconcilerExecutor-hivemq-controller-115] DEBUG c.h.p.o.HiveMQPlatformReconciler - [helmlega] StatefulSet Spec (replicas: 2, init containers: 1, containers: 1, volumes: 6)
2025-01-30 04:02:28,279 INFO c.h.h.t.HelmChartContainer - [hivemq-test-hivemq-platform] [hivemq-platform-operator] [d3eeb85c] 04:02:28.275 [ReconcilerExecutor-hivemq-controller-115] DEBUG c.h.p.o.h.HiveMQPlatformReconcilerErrorHandler - [helmlega] Pod 'test-hivemq-legacy-platform-1' phase Pending
2025-01-30 04:02:28,281 INFO c.h.h.t.HelmChartContainer - [hivemq-test-hivemq-platform] [hivemq-platform-operator] [d3eeb85c] 04:02:28.275 [ReconcilerExecutor-hivemq-controller-115] DEBUG c.h.p.o.h.HiveMQPlatformReconcilerErrorHandler - [helmlega] Pod 'test-hivemq-legacy-platform-1' condition 'PodReadyToStartContainers': False
2025-01-30 04:02:28,281 INFO c.h.h.t.HelmChartContainer - [hivemq-test-hivemq-platform] [hivemq-platform-operator] [d3eeb85c] 04:02:28.275 [ReconcilerExecutor-hivemq-controller-115] DEBUG c.h.p.o.h.HiveMQPlatformReconcilerErrorHandler - [helmlega] Pod 'test-hivemq-legacy-platform-1' condition 'Initialized': False
2025-01-30 04:02:28,281 INFO c.h.h.t.HelmChartContainer - [hivemq-test-hivemq-platform] [hivemq-platform-operator] [d3eeb85c] 04:02:28.275 [ReconcilerExecutor-hivemq-controller-115] DEBUG c.h.p.o.h.HiveMQPlatformReconcilerErrorHandler - [helmlega] Pod 'test-hivemq-legacy-platform-1' condition 'Ready': False
2025-01-30 04:02:28,281 INFO c.h.h.t.HelmChartContainer - [hivemq-test-hivemq-platform] [hivemq-platform-operator] [d3eeb85c] 04:02:28.275 [ReconcilerExecutor-hivemq-controller-115] DEBUG c.h.p.o.h.HiveMQPlatformReconcilerErrorHandler - [helmlega] Pod 'test-hivemq-legacy-platform-1' condition 'ContainersReady': False
2025-01-30 04:02:28,281 INFO c.h.h.t.HelmChartContainer - [hivemq-test-hivemq-platform] [hivemq-platform-operator] [d3eeb85c] 04:02:28.275 [ReconcilerExecutor-hivemq-controller-115] DEBUG c.h.p.o.h.HiveMQPlatformReconcilerErrorHandler - [helmlega] Pod 'test-hivemq-legacy-platform-1' condition 'PodScheduled': True
2025-01-30 04:02:28,281 INFO c.h.h.t.HelmChartContainer - [hivemq-test-hivemq-platform] [hivemq-platform-operator] [d3eeb85c] 04:02:28.275 [ReconcilerExecutor-hivemq-controller-115] DEBUG c.h.p.o.h.HiveMQPlatformReconcilerErrorHandler - [helmlega] Pod 'test-hivemq-legacy-platform-1' containerStatus 'hivemq' (started: false) (ready: false) (waiting: [PodInitializing] null)
2025-01-30 04:02:28,282 INFO c.h.h.t.HelmChartContainer - [hivemq-test-hivemq-platform] [hivemq-platform-operator] [d3eeb85c] 04:02:28.279 [ReconcilerExecutor-hivemq-controller-115] DEBUG c.h.p.o.h.HiveMQPlatformReconcilerErrorHandler - [helmlega] Pod 'test-hivemq-legacy-platform-0' phase Running
2025-01-30 04:02:28,282 INFO c.h.h.t.HelmChartContainer - [hivemq-test-hivemq-platform] [hivemq-platform-operator] [d3eeb85c] 04:02:28.280 [ReconcilerExecutor-hivemq-controller-115] DEBUG c.h.p.o.h.HiveMQPlatformReconcilerRollingRestartHandler - [helmlega] Rolling restart is waiting for 1 of 2 replicas
2025-01-30 04:02:28,327 INFO c.h.h.t.HelmChartContainer - [K3S] [kubelet_volumes.go:163] "Cleaned up orphaned pod volumes dir" podUID="0d231528-2d51-4290-8f21-0e76dd90868f" path="/var/lib/kubelet/pods/0d231528-2d51-4290-8f21-0e76dd90868f/volumes"
2025-01-30 04:02:28,513 INFO c.h.h.t.HelmChartContainer - [EVENT] Normal [Pulled] Container image "docker.io/hivemq/hivemq-platform-operator-init-test:snapshot" already present on machine [helmlegacystatefulsetmigrationit-operator:test-hivemq-legacy-platform-1]
2025-01-30 04:02:28,519 INFO c.h.h.t.HelmChartContainer - [EVENT] Normal [Created] Created container: hivemq-platform-operator-init [helmlegacystatefulsetmigrationit-operator:test-hivemq-legacy-platform-1]
2025-01-30 04:02:28,558 INFO c.h.h.t.HelmChartContainer - [EVENT] Normal [Started] Started container hivemq-platform-operator-init [helmlegacystatefulsetmigrationit-operator:test-hivemq-legacy-platform-1]
2025-01-30 04:02:28,630 INFO c.h.h.t.HelmChartContainer - [POD] test-hivemq-legacy-platform-1 [6a694368-cfcd-4e9e-abb1-e979c6c2e2ef] in helmlegacystatefulsetmigrationit-operator was MODIFIED
2025-01-30 04:02:28,673 INFO c.h.h.t.HelmChartContainer - [hivemq-test-hivemq-platform] [hivemq-platform-operator] [d3eeb85c] 04:02:28.671 [pool-6-thread-2] DEBUG c.h.p.o.d.PlatformServiceResource - [helmlega] Desired Platform services (4 services)
2025-01-30 04:02:28,677 INFO c.h.h.t.HelmChartContainer - [hivemq-test-hivemq-platform] [hivemq-platform-operator] [d3eeb85c] 04:02:28.675 [pool-6-thread-10] DEBUG c.h.p.o.dependants.PodInfoConfigMap - [helmlega] Desired PodInfo ConfigMap (2 extensions) (1 enabled)
2025-01-30 04:02:28,680 INFO c.h.h.t.HelmChartContainer - [hivemq-test-hivemq-platform] [hivemq-platform-operator] [d3eeb85c] 04:02:28.678 [pool-6-thread-3] DEBUG c.h.p.o.d.PodServiceAccountResource - [helmlega] Desired PodServiceAccountResource (serviceAccountName: hivemq-platform-pod-test-hivemq-legacy-platform)
2025-01-30 04:02:28,681 INFO c.h.h.t.HelmChartContainer - [hivemq-test-hivemq-platform] [hivemq-platform-operator] [d3eeb85c] 04:02:28.678 [pool-6-thread-10] DEBUG c.h.p.o.dependants.PodInfoConfigMap - [helmlega] Desired PodInfo ConfigMap (metrics port: 9399) (metrics path: /)
2025-01-30 04:02:28,681 INFO c.h.h.t.HelmChartContainer - [hivemq-test-hivemq-platform] [hivemq-platform-operator] [d3eeb85c] 04:02:28.679 [pool-6-thread-10] DEBUG c.h.p.o.dependants.PodInfoConfigMap - [helmlega] Desired PodInfo ConfigMap (extension state hash: 259316804)
2025-01-30 04:02:28,765 INFO c.h.h.t.HelmChartContainer - [hivemq-test-hivemq-platform] [hivemq-platform-operator] [d3eeb85c] 04:02:28.764 [pool-6-thread-5] DEBUG c.h.p.o.d.StatefulSetResource - [helmlega] Desired StatefulSet (2 replicas) for status ROLLING_RESTART (SURGE_IN_PROGRESS)
2025-01-30 04:02:28,770 INFO c.h.h.t.HelmChartContainer - [hivemq-test-hivemq-platform] [hivemq-platform-operator] [d3eeb85c] 04:02:28.769 [ReconcilerExecutor-hivemq-controller-116] INFO  c.h.p.o.HiveMQPlatformReconciler - [helmlega] Reconciling HiveMQ Platform 'test-hivemq-legacy-platform' in namespace 'helmlegacystatefulsetmigrationit-operator'
2025-01-30 04:02:28,771 INFO c.h.h.t.HelmChartContainer - [hivemq-test-hivemq-platform] [hivemq-platform-operator] [d3eeb85c] 04:02:28.770 [ReconcilerExecutor-hivemq-controller-116] DEBUG c.h.p.o.HiveMQPlatformReconciler - [helmlega] Custom Resource Status ROLLING_RESTART - HiveMQ Platform is starting a surge Pod (rolling restart) (SURGE_IN_PROGRESS)
2025-01-30 04:02:28,771 INFO c.h.h.t.HelmChartContainer - [hivemq-test-hivemq-platform] [hivemq-platform-operator] [d3eeb85c] 04:02:28.770 [ReconcilerExecutor-hivemq-controller-116] DEBUG c.h.p.o.HiveMQPlatformReconciler - [helmlega] Custom Resource Spec (replicas: 1) (extensions: 2)
2025-01-30 04:02:28,774 INFO c.h.h.t.HelmChartContainer - [hivemq-test-hivemq-platform] [hivemq-platform-operator] [d3eeb85c] 04:02:28.772 [ReconcilerExecutor-hivemq-controller-116] DEBUG c.h.p.o.HiveMQPlatformReconciler - [helmlega] StatefulSet Status (revision: test-hivemq-legacy-platform-65df8dcb7f, replicas: 2, available: 1, ready: 1, current: 1, updated: 1)
2025-01-30 04:02:28,774 INFO c.h.h.t.HelmChartContainer - [hivemq-test-hivemq-platform] [hivemq-platform-operator] [d3eeb85c] 04:02:28.772 [ReconcilerExecutor-hivemq-controller-116] DEBUG c.h.p.o.HiveMQPlatformReconciler - [helmlega] StatefulSet Spec (replicas: 2, init containers: 1, containers: 1, volumes: 6)
2025-01-30 04:02:28,779 INFO c.h.h.t.HelmChartContainer - [hivemq-test-hivemq-platform] [hivemq-platform-operator] [d3eeb85c] 04:02:28.775 [ReconcilerExecutor-hivemq-controller-116] DEBUG c.h.p.o.h.HiveMQPlatformReconcilerErrorHandler - [helmlega] Pod 'test-hivemq-legacy-platform-1' phase Pending
2025-01-30 04:02:28,779 INFO c.h.h.t.HelmChartContainer - [hivemq-test-hivemq-platform] [hivemq-platform-operator] [d3eeb85c] 04:02:28.775 [ReconcilerExecutor-hivemq-controller-116] DEBUG c.h.p.o.h.HiveMQPlatformReconcilerErrorHandler - [helmlega] Pod 'test-hivemq-legacy-platform-1' condition 'PodReadyToStartContainers': True
2025-01-30 04:02:28,779 INFO c.h.h.t.HelmChartContainer - [hivemq-test-hivemq-platform] [hivemq-platform-operator] [d3eeb85c] 04:02:28.775 [ReconcilerExecutor-hivemq-controller-116] DEBUG c.h.p.o.h.HiveMQPlatformReconcilerErrorHandler - [helmlega] Pod 'test-hivemq-legacy-platform-1' condition 'Initialized': False
2025-01-30 04:02:28,779 INFO c.h.h.t.HelmChartContainer - [hivemq-test-hivemq-platform] [hivemq-platform-operator] [d3eeb85c] 04:02:28.775 [ReconcilerExecutor-hivemq-controller-116] DEBUG c.h.p.o.h.HiveMQPlatformReconcilerErrorHandler - [helmlega] Pod 'test-hivemq-legacy-platform-1' condition 'Ready': False
2025-01-30 04:02:28,779 INFO c.h.h.t.HelmChartContainer - [hivemq-test-hivemq-platform] [hivemq-platform-operator] [d3eeb85c] 04:02:28.775 [ReconcilerExecutor-hivemq-controller-116] DEBUG c.h.p.o.h.HiveMQPlatformReconcilerErrorHandler - [helmlega] Pod 'test-hivemq-legacy-platform-1' condition 'ContainersReady': False
2025-01-30 04:02:28,779 INFO c.h.h.t.HelmChartContainer - [hivemq-test-hivemq-platform] [hivemq-platform-operator] [d3eeb85c] 04:02:28.775 [ReconcilerExecutor-hivemq-controller-116] DEBUG c.h.p.o.h.HiveMQPlatformReconcilerErrorHandler - [helmlega] Pod 'test-hivemq-legacy-platform-1' condition 'PodScheduled': True
2025-01-30 04:02:28,779 INFO c.h.h.t.HelmChartContainer - [hivemq-test-hivemq-platform] [hivemq-platform-operator] [d3eeb85c] 04:02:28.776 [ReconcilerExecutor-hivemq-controller-116] DEBUG c.h.p.o.h.HiveMQPlatformReconcilerErrorHandler - [helmlega] Pod 'test-hivemq-legacy-platform-1' containerStatus 'hivemq' (started: false) (ready: false) (waiting: [PodInitializing] null)
2025-01-30 04:02:28,779 INFO c.h.h.t.HelmChartContainer - [hivemq-test-hivemq-platform] [hivemq-platform-operator] [d3eeb85c] 04:02:28.777 [ReconcilerExecutor-hivemq-controller-116] DEBUG c.h.p.o.h.HiveMQPlatformReconcilerErrorHandler - [helmlega] Pod 'test-hivemq-legacy-platform-0' phase Running
2025-01-30 04:02:28,780 INFO c.h.h.t.HelmChartContainer - [hivemq-test-hivemq-platform] [hivemq-platform-operator] [d3eeb85c] 04:02:28.778 [ReconcilerExecutor-hivemq-controller-116] DEBUG c.h.p.o.h.HiveMQPlatformReconcilerRollingRestartHandler - [helmlega] Rolling restart is waiting for 1 of 2 replicas
2025-01-30 04:02:29,626 INFO c.h.h.t.HelmChartContainer - [EVENT] Normal [Pulled] Container image "docker.io/hivemq/hivemq4:4.36.0" already present on machine [helmlegacystatefulsetmigrationit-operator:test-hivemq-legacy-platform-1]
2025-01-30 04:02:29,626 INFO c.h.h.t.HelmChartContainer - Received Pulled event for container hivemq in pod test-hivemq-legacy-platform-1 [6a694368-cfcd-4e9e-abb1-e979c6c2e2ef]
2025-01-30 04:02:29,636 INFO c.h.h.t.HelmChartContainer - [POD] test-hivemq-legacy-platform-1 [6a694368-cfcd-4e9e-abb1-e979c6c2e2ef] in helmlegacystatefulsetmigrationit-operator was MODIFIED
2025-01-30 04:02:29,645 INFO c.h.h.t.HelmChartContainer - [hivemq-test-hivemq-platform] [hivemq-platform-operator] [d3eeb85c] 04:02:29.642 [pool-6-thread-13] DEBUG c.h.p.o.dependants.PodInfoConfigMap - [helmlega] Desired PodInfo ConfigMap (2 extensions) (1 enabled)
2025-01-30 04:02:29,645 INFO c.h.h.t.HelmChartContainer - [hivemq-test-hivemq-platform] [hivemq-platform-operator] [d3eeb85c] 04:02:29.642 [pool-6-thread-13] DEBUG c.h.p.o.dependants.PodInfoConfigMap - [helmlega] Desired PodInfo ConfigMap (metrics port: 9399) (metrics path: /)
2025-01-30 04:02:29,645 INFO c.h.h.t.HelmChartContainer - [hivemq-test-hivemq-platform] [hivemq-platform-operator] [d3eeb85c] 04:02:29.642 [pool-6-thread-13] DEBUG c.h.p.o.dependants.PodInfoConfigMap - [helmlega] Desired PodInfo ConfigMap (extension state hash: 259316804)
2025-01-30 04:02:29,648 INFO c.h.h.t.HelmChartContainer - [hivemq-test-hivemq-platform] [hivemq-platform-operator] [d3eeb85c] 04:02:29.646 [pool-6-thread-15] DEBUG c.h.p.o.d.PlatformServiceResource - [helmlega] Desired Platform services (4 services)
2025-01-30 04:02:29,652 INFO c.h.h.t.HelmChartContainer - [EVENT] Normal [Created] Created container: hivemq [helmlegacystatefulsetmigrationit-operator:test-hivemq-legacy-platform-1]
2025-01-30 04:02:29,652 INFO c.h.h.t.HelmChartContainer - Received Created event for container hivemq in pod test-hivemq-legacy-platform-1 [6a694368-cfcd-4e9e-abb1-e979c6c2e2ef]
2025-01-30 04:02:29,654 INFO c.h.h.t.HelmChartContainer - [hivemq-test-hivemq-platform] [hivemq-platform-operator] [d3eeb85c] 04:02:29.649 [pool-6-thread-11] DEBUG c.h.p.o.d.PodServiceAccountResource - [helmlega] Desired PodServiceAccountResource (serviceAccountName: hivemq-platform-pod-test-hivemq-legacy-platform)
2025-01-30 04:02:29,663 INFO c.h.h.t.HelmChartContainer - [hivemq-test-hivemq-platform] [hivemq-platform-operator] [d3eeb85c] 04:02:29.660 [pool-6-thread-15] DEBUG c.h.p.o.d.StatefulSetResource - [helmlega] Desired StatefulSet (2 replicas) for status ROLLING_RESTART (SURGE_IN_PROGRESS)
2025-01-30 04:02:29,674 INFO c.h.h.t.HelmChartContainer - [hivemq-test-hivemq-platform] [hivemq-platform-operator] [d3eeb85c] 04:02:29.672 [ReconcilerExecutor-hivemq-controller-117] INFO  c.h.p.o.HiveMQPlatformReconciler - [helmlega] Reconciling HiveMQ Platform 'test-hivemq-legacy-platform' in namespace 'helmlegacystatefulsetmigrationit-operator'
2025-01-30 04:02:29,674 INFO c.h.h.t.HelmChartContainer - [hivemq-test-hivemq-platform] [hivemq-platform-operator] [d3eeb85c] 04:02:29.673 [ReconcilerExecutor-hivemq-controller-117] DEBUG c.h.p.o.HiveMQPlatformReconciler - [helmlega] Custom Resource Status ROLLING_RESTART - HiveMQ Platform is starting a surge Pod (rolling restart) (SURGE_IN_PROGRESS)
2025-01-30 04:02:29,674 INFO c.h.h.t.HelmChartContainer - [hivemq-test-hivemq-platform] [hivemq-platform-operator] [d3eeb85c] 04:02:29.673 [ReconcilerExecutor-hivemq-controller-117] DEBUG c.h.p.o.HiveMQPlatformReconciler - [helmlega] Custom Resource Spec (replicas: 1) (extensions: 2)
2025-01-30 04:02:29,680 INFO c.h.h.t.HelmChartContainer - [hivemq-test-hivemq-platform] [hivemq-platform-operator] [d3eeb85c] 04:02:29.678 [ReconcilerExecutor-hivemq-controller-117] DEBUG c.h.p.o.HiveMQPlatformReconciler - [helmlega] StatefulSet Status (revision: test-hivemq-legacy-platform-65df8dcb7f, replicas: 2, available: 1, ready: 1, current: 1, updated: 1)
2025-01-30 04:02:29,681 INFO c.h.h.t.HelmChartContainer - [hivemq-test-hivemq-platform] [hivemq-platform-operator] [d3eeb85c] 04:02:29.678 [ReconcilerExecutor-hivemq-controller-117] DEBUG c.h.p.o.HiveMQPlatformReconciler - [helmlega] StatefulSet Spec (replicas: 2, init containers: 1, containers: 1, volumes: 6)
2025-01-30 04:02:29,681 INFO c.h.h.t.HelmChartContainer - [hivemq-test-hivemq-platform] [hivemq-platform-operator] [d3eeb85c] 04:02:29.680 [ReconcilerExecutor-hivemq-controller-117] DEBUG c.h.p.o.h.HiveMQPlatformReconcilerErrorHandler - [helmlega] Pod 'test-hivemq-legacy-platform-1' phase Pending
2025-01-30 04:02:29,751 INFO c.h.h.t.HelmChartContainer - [hivemq-test-hivemq-platform] [hivemq-platform-operator] [d3eeb85c] 04:02:29.749 [ReconcilerExecutor-hivemq-controller-117] DEBUG c.h.p.o.h.HiveMQPlatformReconcilerErrorHandler - [helmlega] Pod 'test-hivemq-legacy-platform-1' condition 'PodReadyToStartContainers': True
2025-01-30 04:02:29,751 INFO c.h.h.t.HelmChartContainer - [hivemq-test-hivemq-platform] [hivemq-platform-operator] [d3eeb85c] 04:02:29.749 [ReconcilerExecutor-hivemq-controller-117] DEBUG c.h.p.o.h.HiveMQPlatformReconcilerErrorHandler - [helmlega] Pod 'test-hivemq-legacy-platform-1' condition 'Initialized': True
2025-01-30 04:02:29,751 INFO c.h.h.t.HelmChartContainer - [hivemq-test-hivemq-platform] [hivemq-platform-operator] [d3eeb85c] 04:02:29.749 [ReconcilerExecutor-hivemq-controller-117] DEBUG c.h.p.o.h.HiveMQPlatformReconcilerErrorHandler - [helmlega] Pod 'test-hivemq-legacy-platform-1' condition 'Ready': False
2025-01-30 04:02:29,751 INFO c.h.h.t.HelmChartContainer - [hivemq-test-hivemq-platform] [hivemq-platform-operator] [d3eeb85c] 04:02:29.749 [ReconcilerExecutor-hivemq-controller-117] DEBUG c.h.p.o.h.HiveMQPlatformReconcilerErrorHandler - [helmlega] Pod 'test-hivemq-legacy-platform-1' condition 'ContainersReady': False
2025-01-30 04:02:29,751 INFO c.h.h.t.HelmChartContainer - [hivemq-test-hivemq-platform] [hivemq-platform-operator] [d3eeb85c] 04:02:29.749 [ReconcilerExecutor-hivemq-controller-117] DEBUG c.h.p.o.h.HiveMQPlatformReconcilerErrorHandler - [helmlega] Pod 'test-hivemq-legacy-platform-1' condition 'PodScheduled': True
2025-01-30 04:02:29,751 INFO c.h.h.t.HelmChartContainer - [hivemq-test-hivemq-platform] [hivemq-platform-operator] [d3eeb85c] 04:02:29.749 [ReconcilerExecutor-hivemq-controller-117] DEBUG c.h.p.o.h.HiveMQPlatformReconcilerErrorHandler - [helmlega] Pod 'test-hivemq-legacy-platform-1' containerStatus 'hivemq' (started: false) (ready: false) (waiting: [PodInitializing] null)
2025-01-30 04:02:29,753 INFO c.h.h.t.HelmChartContainer - [hivemq-test-hivemq-platform] [hivemq-platform-operator] [d3eeb85c] 04:02:29.752 [ReconcilerExecutor-hivemq-controller-117] DEBUG c.h.p.o.h.HiveMQPlatformReconcilerErrorHandler - [helmlega] Pod 'test-hivemq-legacy-platform-0' phase Running
2025-01-30 04:02:29,754 INFO c.h.h.t.HelmChartContainer - [hivemq-test-hivemq-platform] [hivemq-platform-operator] [d3eeb85c] 04:02:29.753 [ReconcilerExecutor-hivemq-controller-117] DEBUG c.h.p.o.h.HiveMQPlatformReconcilerRollingRestartHandler - [helmlega] Rolling restart is waiting for 1 of 2 replicas
2025-01-30 04:02:30,635 INFO c.h.h.t.HelmChartContainer - [POD] test-hivemq-legacy-platform-1 [6a694368-cfcd-4e9e-abb1-e979c6c2e2ef] in helmlegacystatefulsetmigrationit-operator was MODIFIED
2025-01-30 04:02:30,645 INFO c.h.h.t.HelmChartContainer - [EVENT] Normal [Started] Started container hivemq [helmlegacystatefulsetmigrationit-operator:test-hivemq-legacy-platform-1]
2025-01-30 04:02:30,646 INFO c.h.h.t.HelmChartContainer - Received Started event for container hivemq in pod test-hivemq-legacy-platform-1 [6a694368-cfcd-4e9e-abb1-e979c6c2e2ef]
2025-01-30 04:02:30,646 INFO c.h.h.t.HelmChartContainer - Started log watcher for hivemq in pod test-hivemq-legacy-platform-1 [6a694368-cfcd-4e9e-abb1-e979c6c2e2ef]
2025-01-30 04:02:30,646 INFO c.h.h.t.HelmChartContainer - [test-hivemq-legacy-platform] [hivemq] [6a694368] Adding pre-installed HiveMQ Platform Operator extensions
2025-01-30 04:02:30,646 INFO c.h.h.t.HelmChartContainer - [test-hivemq-legacy-platform] [hivemq] [6a694368] Running as user 10000
2025-01-30 04:02:30,646 INFO c.h.h.t.HelmChartContainer - [test-hivemq-legacy-platform] [hivemq] [6a694368] Starting HiveMQ Platform Operator Init
2025-01-30 04:02:30,651 INFO c.h.h.t.HelmChartContainer - [hivemq-test-hivemq-platform] [hivemq-platform-operator] [d3eeb85c] 04:02:30.650 [pool-6-thread-29] DEBUG c.h.p.o.d.PlatformServiceResource - [helmlega] Desired Platform services (4 services)
2025-01-30 04:02:30,657 INFO c.h.h.t.HelmChartContainer - [hivemq-test-hivemq-platform] [hivemq-platform-operator] [d3eeb85c] 04:02:30.653 [pool-6-thread-22] DEBUG c.h.p.o.d.PodServiceAccountResource - [helmlega] Desired PodServiceAccountResource (serviceAccountName: hivemq-platform-pod-test-hivemq-legacy-platform)
2025-01-30 04:02:30,658 INFO c.h.h.t.HelmChartContainer - [hivemq-test-hivemq-platform] [hivemq-platform-operator] [d3eeb85c] 04:02:30.656 [pool-6-thread-30] DEBUG c.h.p.o.dependants.PodInfoConfigMap - [helmlega] Desired PodInfo ConfigMap (2 extensions) (1 enabled)
2025-01-30 04:02:30,659 INFO c.h.h.t.HelmChartContainer - [hivemq-test-hivemq-platform] [hivemq-platform-operator] [d3eeb85c] 04:02:30.658 [pool-6-thread-30] DEBUG c.h.p.o.dependants.PodInfoConfigMap - [helmlega] Desired PodInfo ConfigMap (metrics port: 9399) (metrics path: /)
2025-01-30 04:02:30,661 INFO c.h.h.t.HelmChartContainer - [hivemq-test-hivemq-platform] [hivemq-platform-operator] [d3eeb85c] 04:02:30.658 [pool-6-thread-30] DEBUG c.h.p.o.dependants.PodInfoConfigMap - [helmlega] Desired PodInfo ConfigMap (extension state hash: 259316804)
2025-01-30 04:02:30,669 INFO c.h.h.t.HelmChartContainer - [hivemq-test-hivemq-platform] [hivemq-platform-operator] [d3eeb85c] 04:02:30.663 [pool-6-thread-28] DEBUG c.h.p.o.d.StatefulSetResource - [helmlega] Desired StatefulSet (2 replicas) for status ROLLING_RESTART (SURGE_IN_PROGRESS)
2025-01-30 04:02:30,754 INFO c.h.h.t.HelmChartContainer - [hivemq-test-hivemq-platform] [hivemq-platform-operator] [d3eeb85c] 04:02:30.752 [ReconcilerExecutor-hivemq-controller-118] INFO  c.h.p.o.HiveMQPlatformReconciler - [helmlega] Reconciling HiveMQ Platform 'test-hivemq-legacy-platform' in namespace 'helmlegacystatefulsetmigrationit-operator'
2025-01-30 04:02:30,754 INFO c.h.h.t.HelmChartContainer - [hivemq-test-hivemq-platform] [hivemq-platform-operator] [d3eeb85c] 04:02:30.752 [ReconcilerExecutor-hivemq-controller-118] DEBUG c.h.p.o.HiveMQPlatformReconciler - [helmlega] Custom Resource Status ROLLING_RESTART - HiveMQ Platform is starting a surge Pod (rolling restart) (SURGE_IN_PROGRESS)
2025-01-30 04:02:30,754 INFO c.h.h.t.HelmChartContainer - [hivemq-test-hivemq-platform] [hivemq-platform-operator] [d3eeb85c] 04:02:30.753 [ReconcilerExecutor-hivemq-controller-118] DEBUG c.h.p.o.HiveMQPlatformReconciler - [helmlega] Custom Resource Spec (replicas: 1) (extensions: 2)
2025-01-30 04:02:30,756 INFO c.h.h.t.HelmChartContainer - [hivemq-test-hivemq-platform] [hivemq-platform-operator] [d3eeb85c] 04:02:30.755 [ReconcilerExecutor-hivemq-controller-118] DEBUG c.h.p.o.HiveMQPlatformReconciler - [helmlega] StatefulSet Status (revision: test-hivemq-legacy-platform-65df8dcb7f, replicas: 2, available: 1, ready: 1, current: 1, updated: 1)
2025-01-30 04:02:30,758 INFO c.h.h.t.HelmChartContainer - [hivemq-test-hivemq-platform] [hivemq-platform-operator] [d3eeb85c] 04:02:30.755 [ReconcilerExecutor-hivemq-controller-118] DEBUG c.h.p.o.HiveMQPlatformReconciler - [helmlega] StatefulSet Spec (replicas: 2, init containers: 1, containers: 1, volumes: 6)
2025-01-30 04:02:30,758 INFO c.h.h.t.HelmChartContainer - [hivemq-test-hivemq-platform] [hivemq-platform-operator] [d3eeb85c] 04:02:30.756 [ReconcilerExecutor-hivemq-controller-118] DEBUG c.h.p.o.h.HiveMQPlatformReconcilerErrorHandler - [helmlega] Pod 'test-hivemq-legacy-platform-1' phase Running
2025-01-30 04:02:30,762 INFO c.h.h.t.HelmChartContainer - [hivemq-test-hivemq-platform] [hivemq-platform-operator] [d3eeb85c] 04:02:30.760 [ReconcilerExecutor-hivemq-controller-118] DEBUG c.h.p.o.h.HiveMQPlatformReconcilerErrorHandler - [helmlega] Pod 'test-hivemq-legacy-platform-0' phase Running
2025-01-30 04:02:30,762 INFO c.h.h.t.HelmChartContainer - [hivemq-test-hivemq-platform] [hivemq-platform-operator] [d3eeb85c] 04:02:30.761 [ReconcilerExecutor-hivemq-controller-118] DEBUG c.h.p.o.h.HiveMQPlatformReconcilerRollingRestartHandler - [helmlega] Rolling restart is waiting for 1 of 2 replicas
2025-01-30 04:02:30,912 INFO c.h.h.t.HelmChartContainer - [test-hivemq-legacy-platform] [hivemq] [6a694368] INFO  - [HiveMQ Platform Operator Init 1.7.0-SNAPSHOT] HiveMQ Platform Operator Init 1.7.0-SNAPSHOT (commit: 47e3375 on branch: HEAD) built on Thu Jan 30 03:55:50 UTC 2025
2025-01-30 04:02:32,081 INFO c.h.h.t.HelmChartContainer - [test-hivemq-legacy-platform] [hivemq] [6a694368] INFO  - [HiveMQ Platform Operator Init App 1.7.0-SNAPSHOT] Using bind address 10.42.0.11 from environment variable
2025-01-30 04:02:32,999 INFO c.h.h.t.HelmChartContainer - [test-hivemq-legacy-platform] [hivemq] [6a694368] INFO  - [HiveMQ Platform Operator Init App 1.7.0-SNAPSHOT] HiveMQ Platform Operator Init App 1.7.0-SNAPSHOT (commit: 47e3375 on branch: HEAD) built on Thu Jan 30 03:55:50 UTC 2025
2025-01-30 04:02:33,000 INFO c.h.h.t.HelmChartContainer - [test-hivemq-legacy-platform] [hivemq] [6a694368] INFO  - [HiveMQ Platform Operator Init App 1.7.0-SNAPSHOT] PodInfo ConfigMap directory: /etc/podinfo
2025-01-30 04:02:33,000 INFO c.h.h.t.HelmChartContainer - [test-hivemq-legacy-platform] [hivemq] [6a694368] INFO  - [HiveMQ Platform Operator Init App 1.7.0-SNAPSHOT] HiveMQ home directory: /opt/hivemq
2025-01-30 04:02:33,001 INFO c.h.h.t.HelmChartContainer - [test-hivemq-legacy-platform] [hivemq] [6a694368] INFO  - [HiveMQ Platform Operator Init App 1.7.0-SNAPSHOT] HiveMQ Logback folder: /opt/hivemq/conf
2025-01-30 04:02:33,002 INFO c.h.h.t.HelmChartContainer - [test-hivemq-legacy-platform] [hivemq] [6a694368] INFO  - [HiveMQ Platform Operator Init App 1.7.0-SNAPSHOT] HiveMQ Config folder: /opt/hivemq/conf-k8s
2025-01-30 04:02:33,002 INFO c.h.h.t.HelmChartContainer - [test-hivemq-legacy-platform] [hivemq] [6a694368] INFO  - [HiveMQ Platform Operator Init App 1.7.0-SNAPSHOT] Starting HiveMQ Platform Operator Init App
2025-01-30 04:02:33,002 INFO c.h.h.t.HelmChartContainer - [test-hivemq-legacy-platform] [hivemq] [6a694368] INFO  - [HiveMQ Platform Operator Init App 1.7.0-SNAPSHOT] Starting Pod reconciler
2025-01-30 04:02:34,112 INFO c.h.h.t.HelmChartContainer - [test-hivemq-legacy-platform] [hivemq] [6a694368] INFO  - [HiveMQ Platform Operator Init App 1.7.0-SNAPSHOT] Pod reconciler is scheduled (interval: 5000 ms)
2025-01-30 04:02:34,113 INFO c.h.h.t.HelmChartContainer - [test-hivemq-legacy-platform] [hivemq] [6a694368] INFO  - [HiveMQ Platform Operator Init App 1.7.0-SNAPSHOT] Starting the REST API on 10.42.0.11:7979
2025-01-30 04:02:34,116 INFO c.h.h.t.HelmChartContainer - [test-hivemq-legacy-platform] [hivemq] [6a694368] INFO  - [HiveMQ Platform Operator Init App 1.7.0-SNAPSHOT] Waiting up to 600s for at most 2 HiveMQ nodes in cluster service hivemq-test-hivemq-legacy-platform-cluster.helmlegacystatefulsetmigrationit-operator.svc
2025-01-30 04:02:34,419 INFO c.h.h.t.HelmChartContainer - [test-hivemq-legacy-platform] [hivemq] [6a694368] INFO  - [HiveMQ Platform Operator Init App 1.7.0-SNAPSHOT] Resolved 2 IP addresses: [10.42.0.8, 10.42.0.11]
2025-01-30 04:02:34,419 INFO c.h.h.t.HelmChartContainer - [test-hivemq-legacy-platform] [hivemq] [6a694368] INFO  - [HiveMQ Platform Operator Init App 1.7.0-SNAPSHOT] HiveMQ node count of 2 is within threshold of 2
2025-01-30 04:02:34,419 INFO c.h.h.t.HelmChartContainer - [test-hivemq-legacy-platform] [hivemq] [6a694368] INFO  - [HiveMQ Platform Operator Init App 1.7.0-SNAPSHOT] Waiting 15s for previous shutdown replication to finish...
2025-01-30 04:02:36,633 INFO c.h.h.t.HelmChartContainer - [test-hivemq-legacy-platform] [hivemq] [6a694368] INFO  - [HiveMQ Platform Operator Init App 1.7.0-SNAPSHOT] Returning default Health API response 503 for readiness
2025-01-30 04:02:36,711 INFO c.h.h.t.HelmChartContainer - [EVENT] Warning [Unhealthy] Readiness probe failed: HTTP probe failed with statuscode: 503 [helmlegacystatefulsetmigrationit-operator:test-hivemq-legacy-platform-1]
2025-01-30 04:02:36,711 INFO c.h.h.t.HelmChartContainer - Received Unhealthy event for container hivemq in pod test-hivemq-legacy-platform-1 [6a694368-cfcd-4e9e-abb1-e979c6c2e2ef]
2025-01-30 04:02:40,769 INFO c.h.h.t.HelmChartContainer - [hivemq-test-hivemq-platform] [hivemq-platform-operator] [d3eeb85c] 04:02:40.766 [pool-6-thread-32] DEBUG c.h.p.o.d.PlatformServiceResource - [helmlega] Desired Platform services (4 services)
2025-01-30 04:02:40,770 INFO c.h.h.t.HelmChartContainer - [hivemq-test-hivemq-platform] [hivemq-platform-operator] [d3eeb85c] 04:02:40.767 [pool-6-thread-39] DEBUG c.h.p.o.d.PodServiceAccountResource - [helmlega] Desired PodServiceAccountResource (serviceAccountName: hivemq-platform-pod-test-hivemq-legacy-platform)
2025-01-30 04:02:40,770 INFO c.h.h.t.HelmChartContainer - [hivemq-test-hivemq-platform] [hivemq-platform-operator] [d3eeb85c] 04:02:40.769 [pool-6-thread-40] DEBUG c.h.p.o.dependants.PodInfoConfigMap - [helmlega] Desired PodInfo ConfigMap (2 extensions) (1 enabled)
2025-01-30 04:02:40,770 INFO c.h.h.t.HelmChartContainer - [hivemq-test-hivemq-platform] [hivemq-platform-operator] [d3eeb85c] 04:02:40.769 [pool-6-thread-40] DEBUG c.h.p.o.dependants.PodInfoConfigMap - [helmlega] Desired PodInfo ConfigMap (metrics port: 9399) (metrics path: /)
2025-01-30 04:02:40,772 INFO c.h.h.t.HelmChartContainer - [hivemq-test-hivemq-platform] [hivemq-platform-operator] [d3eeb85c] 04:02:40.769 [pool-6-thread-40] DEBUG c.h.p.o.dependants.PodInfoConfigMap - [helmlega] Desired PodInfo ConfigMap (extension state hash: 259316804)
2025-01-30 04:02:40,777 INFO c.h.h.t.HelmChartContainer - [hivemq-test-hivemq-platform] [hivemq-platform-operator] [d3eeb85c] 04:02:40.775 [pool-6-thread-32] DEBUG c.h.p.o.d.StatefulSetResource - [helmlega] Desired StatefulSet (2 replicas) for status ROLLING_RESTART (SURGE_IN_PROGRESS)
2025-01-30 04:02:40,781 INFO c.h.h.t.HelmChartContainer - [hivemq-test-hivemq-platform] [hivemq-platform-operator] [d3eeb85c] 04:02:40.779 [ReconcilerExecutor-hivemq-controller-119] INFO  c.h.p.o.HiveMQPlatformReconciler - [helmlega] Reconciling HiveMQ Platform 'test-hivemq-legacy-platform' in namespace 'helmlegacystatefulsetmigrationit-operator'
2025-01-30 04:02:40,782 INFO c.h.h.t.HelmChartContainer - [hivemq-test-hivemq-platform] [hivemq-platform-operator] [d3eeb85c] 04:02:40.780 [ReconcilerExecutor-hivemq-controller-119] DEBUG c.h.p.o.HiveMQPlatformReconciler - [helmlega] Custom Resource Status ROLLING_RESTART - HiveMQ Platform is starting a surge Pod (rolling restart) (SURGE_IN_PROGRESS)
2025-01-30 04:02:40,784 INFO c.h.h.t.HelmChartContainer - [hivemq-test-hivemq-platform] [hivemq-platform-operator] [d3eeb85c] 04:02:40.780 [ReconcilerExecutor-hivemq-controller-119] DEBUG c.h.p.o.HiveMQPlatformReconciler - [helmlega] Custom Resource Spec (replicas: 1) (extensions: 2)
2025-01-30 04:02:40,784 INFO c.h.h.t.HelmChartContainer - [hivemq-test-hivemq-platform] [hivemq-platform-operator] [d3eeb85c] 04:02:40.781 [ReconcilerExecutor-hivemq-controller-119] DEBUG c.h.p.o.HiveMQPlatformReconciler - [helmlega] StatefulSet Status (revision: test-hivemq-legacy-platform-65df8dcb7f, replicas: 2, available: 1, ready: 1, current: 1, updated: 1)
2025-01-30 04:02:40,784 INFO c.h.h.t.HelmChartContainer - [hivemq-test-hivemq-platform] [hivemq-platform-operator] [d3eeb85c] 04:02:40.781 [ReconcilerExecutor-hivemq-controller-119] DEBUG c.h.p.o.HiveMQPlatformReconciler - [helmlega] StatefulSet Spec (replicas: 2, init containers: 1, containers: 1, volumes: 6)
2025-01-30 04:02:40,786 INFO c.h.h.t.HelmChartContainer - [hivemq-test-hivemq-platform] [hivemq-platform-operator] [d3eeb85c] 04:02:40.783 [ReconcilerExecutor-hivemq-controller-119] DEBUG c.h.p.o.h.HiveMQPlatformReconcilerErrorHandler - [helmlega] Pod 'test-hivemq-legacy-platform-1' phase Running
2025-01-30 04:02:40,786 INFO c.h.h.t.HelmChartContainer - [hivemq-test-hivemq-platform] [hivemq-platform-operator] [d3eeb85c] 04:02:40.784 [ReconcilerExecutor-hivemq-controller-119] DEBUG c.h.p.o.h.HiveMQPlatformReconcilerErrorHandler - [helmlega] Pod 'test-hivemq-legacy-platform-0' phase Running
2025-01-30 04:02:40,787 INFO c.h.h.t.HelmChartContainer - [hivemq-test-hivemq-platform] [hivemq-platform-operator] [d3eeb85c] 04:02:40.785 [ReconcilerExecutor-hivemq-controller-119] DEBUG c.h.p.o.h.HiveMQPlatformReconcilerRollingRestartHandler - [helmlega] Rolling restart is waiting for 1 of 2 replicas
2025-01-30 04:02:41,506 INFO c.h.h.t.HelmChartContainer - [test-hivemq-legacy-platform] [hivemq] [6a694368] INFO  - [HiveMQ Platform Operator Init App 1.7.0-SNAPSHOT] Updating Pod HiveMQ Platform Operator Init App version annotation (version: 1.7.0-SNAPSHOT)
2025-01-30 04:02:41,707 INFO c.h.h.t.HelmChartContainer - [EVENT] Warning [Unhealthy] Readiness probe failed: HTTP probe failed with statuscode: 503 [helmlegacystatefulsetmigrationit-operator:test-hivemq-legacy-platform-1]
2025-01-30 04:02:41,707 INFO c.h.h.t.HelmChartContainer - Received Unhealthy event for container hivemq in pod test-hivemq-legacy-platform-1 [6a694368-cfcd-4e9e-abb1-e979c6c2e2ef]
2025-01-30 04:02:41,826 INFO c.h.h.t.HelmChartContainer - [POD] test-hivemq-legacy-platform-1 [6a694368-cfcd-4e9e-abb1-e979c6c2e2ef] in helmlegacystatefulsetmigrationit-operator was MODIFIED
2025-01-30 04:02:41,834 INFO c.h.h.t.HelmChartContainer - [hivemq-test-hivemq-platform] [hivemq-platform-operator] [d3eeb85c] 04:02:41.831 [pool-6-thread-49] DEBUG c.h.p.o.d.PlatformServiceResource - [helmlega] Desired Platform services (4 services)
2025-01-30 04:02:41,834 INFO c.h.h.t.HelmChartContainer - [hivemq-test-hivemq-platform] [hivemq-platform-operator] [d3eeb85c] 04:02:41.831 [pool-6-thread-41] DEBUG c.h.p.o.d.PodServiceAccountResource - [helmlega] Desired PodServiceAccountResource (serviceAccountName: hivemq-platform-pod-test-hivemq-legacy-platform)
2025-01-30 04:02:41,835 INFO c.h.h.t.HelmChartContainer - [hivemq-test-hivemq-platform] [hivemq-platform-operator] [d3eeb85c] 04:02:41.834 [pool-6-thread-46] DEBUG c.h.p.o.dependants.PodInfoConfigMap - [helmlega] Desired PodInfo ConfigMap (2 extensions) (1 enabled)
2025-01-30 04:02:41,836 INFO c.h.h.t.HelmChartContainer - [hivemq-test-hivemq-platform] [hivemq-platform-operator] [d3eeb85c] 04:02:41.834 [pool-6-thread-46] DEBUG c.h.p.o.dependants.PodInfoConfigMap - [helmlega] Desired PodInfo ConfigMap (metrics port: 9399) (metrics path: /)
2025-01-30 04:02:41,836 INFO c.h.h.t.HelmChartContainer - [hivemq-test-hivemq-platform] [hivemq-platform-operator] [d3eeb85c] 04:02:41.834 [pool-6-thread-46] DEBUG c.h.p.o.dependants.PodInfoConfigMap - [helmlega] Desired PodInfo ConfigMap (extension state hash: 259316804)
2025-01-30 04:02:41,838 INFO c.h.h.t.HelmChartContainer - [hivemq-test-hivemq-platform] [hivemq-platform-operator] [d3eeb85c] 04:02:41.837 [pool-6-thread-45] DEBUG c.h.p.o.d.StatefulSetResource - [helmlega] Desired StatefulSet (2 replicas) for status ROLLING_RESTART (SURGE_IN_PROGRESS)
2025-01-30 04:02:41,843 INFO c.h.h.t.HelmChartContainer - [hivemq-test-hivemq-platform] [hivemq-platform-operator] [d3eeb85c] 04:02:41.841 [ReconcilerExecutor-hivemq-controller-120] INFO  c.h.p.o.HiveMQPlatformReconciler - [helmlega] Reconciling HiveMQ Platform 'test-hivemq-legacy-platform' in namespace 'helmlegacystatefulsetmigrationit-operator'
2025-01-30 04:02:41,843 INFO c.h.h.t.HelmChartContainer - [hivemq-test-hivemq-platform] [hivemq-platform-operator] [d3eeb85c] 04:02:41.842 [ReconcilerExecutor-hivemq-controller-120] DEBUG c.h.p.o.HiveMQPlatformReconciler - [helmlega] Custom Resource Status ROLLING_RESTART - HiveMQ Platform is starting a surge Pod (rolling restart) (SURGE_IN_PROGRESS)
2025-01-30 04:02:41,843 INFO c.h.h.t.HelmChartContainer - [hivemq-test-hivemq-platform] [hivemq-platform-operator] [d3eeb85c] 04:02:41.842 [ReconcilerExecutor-hivemq-controller-120] DEBUG c.h.p.o.HiveMQPlatformReconciler - [helmlega] Custom Resource Spec (replicas: 1) (extensions: 2)
2025-01-30 04:02:41,865 INFO c.h.h.t.HelmChartContainer - [hivemq-test-hivemq-platform] [hivemq-platform-operator] [d3eeb85c] 04:02:41.863 [ReconcilerExecutor-hivemq-controller-120] DEBUG c.h.p.o.HiveMQPlatformReconciler - [helmlega] StatefulSet Status (revision: test-hivemq-legacy-platform-65df8dcb7f, replicas: 2, available: 1, ready: 1, current: 1, updated: 1)
2025-01-30 04:02:41,865 INFO c.h.h.t.HelmChartContainer - [hivemq-test-hivemq-platform] [hivemq-platform-operator] [d3eeb85c] 04:02:41.863 [ReconcilerExecutor-hivemq-controller-120] DEBUG c.h.p.o.HiveMQPlatformReconciler - [helmlega] StatefulSet Spec (replicas: 2, init containers: 1, containers: 1, volumes: 6)
2025-01-30 04:02:41,868 INFO c.h.h.t.HelmChartContainer - [hivemq-test-hivemq-platform] [hivemq-platform-operator] [d3eeb85c] 04:02:41.867 [ReconcilerExecutor-hivemq-controller-120] DEBUG c.h.p.o.h.HiveMQPlatformReconcilerErrorHandler - [helmlega] Pod 'test-hivemq-legacy-platform-1' phase Running
2025-01-30 04:02:41,870 INFO c.h.h.t.HelmChartContainer - [hivemq-test-hivemq-platform] [hivemq-platform-operator] [d3eeb85c] 04:02:41.869 [ReconcilerExecutor-hivemq-controller-120] DEBUG c.h.p.o.h.HiveMQPlatformReconcilerErrorHandler - [helmlega] Pod 'test-hivemq-legacy-platform-0' phase Running
2025-01-30 04:02:41,871 INFO c.h.h.t.HelmChartContainer - [hivemq-test-hivemq-platform] [hivemq-platform-operator] [d3eeb85c] 04:02:41.870 [ReconcilerExecutor-hivemq-controller-120] DEBUG c.h.p.o.h.HiveMQPlatformReconcilerRollingRestartHandler - [helmlega] Rolling restart is waiting for 1 of 2 replicas
2025-01-30 04:02:41,906 INFO c.h.h.t.HelmChartContainer - [test-hivemq-legacy-platform] [hivemq] [6a694368] INFO  - [HiveMQ Platform Operator Init App 1.7.0-SNAPSHOT] Successfully updated Pod HiveMQ Platform Operator Init App version annotation (version: 1.7.0-SNAPSHOT)
2025-01-30 04:02:41,907 INFO c.h.h.t.HelmChartContainer - [EVENT] Warning [Unhealthy] Readiness probe failed: HTTP probe failed with statuscode: 503 [helmlegacystatefulsetmigrationit-operator:test-hivemq-legacy-platform-1]
2025-01-30 04:02:41,907 INFO c.h.h.t.HelmChartContainer - Received Unhealthy event for container hivemq in pod test-hivemq-legacy-platform-1 [6a694368-cfcd-4e9e-abb1-e979c6c2e2ef]
2025-01-30 04:02:46,830 INFO c.h.h.t.HelmChartContainer - [EVENT] Warning [Unhealthy] Readiness probe failed: HTTP probe failed with statuscode: 503 [helmlegacystatefulsetmigrationit-operator:test-hivemq-legacy-platform-1]
2025-01-30 04:02:46,830 INFO c.h.h.t.HelmChartContainer - Received Unhealthy event for container hivemq in pod test-hivemq-legacy-platform-1 [6a694368-cfcd-4e9e-abb1-e979c6c2e2ef]
2025-01-30 04:02:49,419 INFO c.h.h.t.HelmChartContainer - [test-hivemq-legacy-platform] [hivemq] [6a694368] INFO  - [HiveMQ Platform Operator Init App 1.7.0-SNAPSHOT] Proceeding with container start
2025-01-30 04:02:49,422 INFO c.h.h.t.HelmChartContainer - [test-hivemq-legacy-platform] [hivemq] [6a694368] INFO  - [HiveMQ Platform Operator Init App 1.7.0-SNAPSHOT] Initializing HiveMQ Platform extensions with initial configuration: {hivemq-allow-all-extension={start-priority=-1, skip-https-hostname-verification=false, restart=true, config-version=0, header-version=0, c-uri=, priority=-1, uri=preinstalled, skip-https-certificate-validation=false, enabled=false}, hivemq-enterprise-security-extension={start-priority=-1, skip-https-hostname-verification=false, restart=true, config-version=734, header-version=0, c-uri=, priority=-1, uri=preinstalled, skip-https-certificate-validation=false, enabled=true}, hivemq-prometheus-extension={request-header-path=no-request-headers, enabled=true, restart=true, priority=-1, start-priority=-1, c-uri=, skip-https-hostname-verification=false, skip-https-certificate-validation=false, uri=preinstalled}}
2025-01-30 04:02:49,423 INFO c.h.h.t.HelmChartContainer - [test-hivemq-legacy-platform] [hivemq] [6a694368] INFO  - [HiveMQ Platform Operator Init App 1.7.0-SNAPSHOT] Successfully disabled extension hivemq-allow-all-extension
2025-01-30 04:02:49,804 INFO c.h.h.t.HelmChartContainer - [test-hivemq-legacy-platform] [hivemq] [6a694368] INFO  - [HiveMQ Platform Operator Init App 1.7.0-SNAPSHOT] Successfully enabled extension hivemq-enterprise-security-extension
2025-01-30 04:02:49,812 INFO c.h.h.t.HelmChartContainer - [test-hivemq-legacy-platform] [hivemq] [6a694368] INFO  - [HiveMQ Platform Operator Init App 1.7.0-SNAPSHOT] Successfully enabled extension hivemq-prometheus-extension
2025-01-30 04:02:49,814 INFO c.h.h.t.HelmChartContainer - [test-hivemq-legacy-platform] [hivemq] [6a694368] INFO  - [HiveMQ Platform Operator Init App 1.7.0-SNAPSHOT] Starting HiveMQ Platform version 4.36.0 (4.36.0)
2025-01-30 04:02:49,814 INFO c.h.h.t.HelmChartContainer - [test-hivemq-legacy-platform] [hivemq] [6a694368] INFO  - [HiveMQ Platform Operator Init App 1.7.0-SNAPSHOT] Configuring the HiveMQ Platform
2025-01-30 04:02:49,906 INFO c.h.h.t.HelmChartContainer - [test-hivemq-legacy-platform] [hivemq] [6a694368] INFO  - [HiveMQ Platform Operator Init App 1.7.0-SNAPSHOT] Changed logback.xml file scan period to 20 seconds
2025-01-30 04:02:50,004 INFO c.h.h.t.HelmChartContainer - [test-hivemq-legacy-platform] [hivemq] [6a694368] INFO  - [HiveMQ Platform Operator Init App 1.7.0-SNAPSHOT] Starting the HiveMQ Platform
2025-01-30 04:02:50,007 INFO c.h.h.t.HelmChartContainer - [test-hivemq-legacy-platform] [hivemq] [6a694368] -------------------------------------------------------------------------
2025-01-30 04:02:50,008 INFO c.h.h.t.HelmChartContainer - [test-hivemq-legacy-platform] [hivemq] [6a694368] 
2025-01-30 04:02:50,008 INFO c.h.h.t.HelmChartContainer - [test-hivemq-legacy-platform] [hivemq] [6a694368]                   _    _  _              __  __   ____
2025-01-30 04:02:50,008 INFO c.h.h.t.HelmChartContainer - [test-hivemq-legacy-platform] [hivemq] [6a694368]                  | |  | |(_)            |  \/  | / __ \
2025-01-30 04:02:50,008 INFO c.h.h.t.HelmChartContainer - [test-hivemq-legacy-platform] [hivemq] [6a694368]                  | |__| | _ __   __ ___ | \  / || |  | |
2025-01-30 04:02:50,008 INFO c.h.h.t.HelmChartContainer - [test-hivemq-legacy-platform] [hivemq] [6a694368]                  |  __  || |\ \ / // _ \| |\/| || |  | |
2025-01-30 04:02:50,008 INFO c.h.h.t.HelmChartContainer - [test-hivemq-legacy-platform] [hivemq] [6a694368]                  | |  | || | \ V /|  __/| |  | || |__| |
2025-01-30 04:02:50,008 INFO c.h.h.t.HelmChartContainer - [test-hivemq-legacy-platform] [hivemq] [6a694368]                  |_|  |_||_|  \_/  \___||_|  |_| \___\_\
2025-01-30 04:02:50,008 INFO c.h.h.t.HelmChartContainer - [test-hivemq-legacy-platform] [hivemq] [6a694368] 
2025-01-30 04:02:50,008 INFO c.h.h.t.HelmChartContainer - [test-hivemq-legacy-platform] [hivemq] [6a694368] -------------------------------------------------------------------------
2025-01-30 04:02:50,008 INFO c.h.h.t.HelmChartContainer - [test-hivemq-legacy-platform] [hivemq] [6a694368] 
2025-01-30 04:02:50,008 INFO c.h.h.t.HelmChartContainer - [test-hivemq-legacy-platform] [hivemq] [6a694368]   HiveMQ Start Script for Linux/Unix v1.14
2025-01-30 04:02:50,009 INFO c.h.h.t.HelmChartContainer - [test-hivemq-legacy-platform] [hivemq] [6a694368] 
2025-01-30 04:02:50,108 INFO c.h.h.t.HelmChartContainer - [test-hivemq-legacy-platform] [hivemq] [6a694368] -------------------------------------------------------------------------
2025-01-30 04:02:50,108 INFO c.h.h.t.HelmChartContainer - [test-hivemq-legacy-platform] [hivemq] [6a694368] 
2025-01-30 04:02:50,108 INFO c.h.h.t.HelmChartContainer - [test-hivemq-legacy-platform] [hivemq] [6a694368]   HIVEMQ_HOME: /opt/hivemq
2025-01-30 04:02:50,108 INFO c.h.h.t.HelmChartContainer - [test-hivemq-legacy-platform] [hivemq] [6a694368] 
2025-01-30 04:02:50,108 INFO c.h.h.t.HelmChartContainer - [test-hivemq-legacy-platform] [hivemq] [6a694368]   JAVA_OPTS: -XX:+UnlockExperimentalVMOptions -XX:InitialRAMPercentage=50 -XX:MaxRAMPercentage=50 -Djava.net.preferIPv4Stack=true --add-opens java.base/java.lang=ALL-UNNAMED --add-opens java.base/java.nio=ALL-UNNAMED --add-opens java.base/sun.nio.ch=ALL-UNNAMED --add-opens jdk.management/com.sun.management.internal=ALL-UNNAMED --add-exports java.base/jdk.internal.misc=ALL-UNNAMED -Djava.security.egd=file:/dev/./urandom -Dcom.sun.management.jmxremote -Dcom.sun.management.jmxremote.port=9010 -Dcom.sun.management.jmxremote.local.only=false -Dcom.sun.management.jmxremote.authenticate=false -Dcom.sun.management.jmxremote.ssl=false -Duser.language=en -Duser.region=US -XX:+CrashOnOutOfMemoryError -XX:+HeapDumpOnOutOfMemoryError
2025-01-30 04:02:50,108 INFO c.h.h.t.HelmChartContainer - [test-hivemq-legacy-platform] [hivemq] [6a694368] 
2025-01-30 04:02:50,108 INFO c.h.h.t.HelmChartContainer - [test-hivemq-legacy-platform] [hivemq] [6a694368]   JAVA_VERSION: 21
2025-01-30 04:02:50,108 INFO c.h.h.t.HelmChartContainer - [test-hivemq-legacy-platform] [hivemq] [6a694368] 
2025-01-30 04:02:50,108 INFO c.h.h.t.HelmChartContainer - [test-hivemq-legacy-platform] [hivemq] [6a694368] -------------------------------------------------------------------------
2025-01-30 04:02:50,108 INFO c.h.h.t.HelmChartContainer - [test-hivemq-legacy-platform] [hivemq] [6a694368] 
2025-01-30 04:02:51,878 INFO c.h.h.t.HelmChartContainer - [hivemq-test-hivemq-platform] [hivemq-platform-operator] [d3eeb85c] 04:02:51.875 [pool-6-thread-6] DEBUG c.h.p.o.d.PodServiceAccountResource - [helmlega] Desired PodServiceAccountResource (serviceAccountName: hivemq-platform-pod-test-hivemq-legacy-platform)
2025-01-30 04:02:51,878 INFO c.h.h.t.HelmChartContainer - [hivemq-test-hivemq-platform] [hivemq-platform-operator] [d3eeb85c] 04:02:51.876 [pool-6-thread-8] DEBUG c.h.p.o.d.PlatformServiceResource - [helmlega] Desired Platform services (4 services)
2025-01-30 04:02:51,879 INFO c.h.h.t.HelmChartContainer - [hivemq-test-hivemq-platform] [hivemq-platform-operator] [d3eeb85c] 04:02:51.877 [pool-6-thread-3] DEBUG c.h.p.o.dependants.PodInfoConfigMap - [helmlega] Desired PodInfo ConfigMap (2 extensions) (1 enabled)
2025-01-30 04:02:51,879 INFO c.h.h.t.HelmChartContainer - [hivemq-test-hivemq-platform] [hivemq-platform-operator] [d3eeb85c] 04:02:51.877 [pool-6-thread-3] DEBUG c.h.p.o.dependants.PodInfoConfigMap - [helmlega] Desired PodInfo ConfigMap (metrics port: 9399) (metrics path: /)
2025-01-30 04:02:51,879 INFO c.h.h.t.HelmChartContainer - [hivemq-test-hivemq-platform] [hivemq-platform-operator] [d3eeb85c] 04:02:51.877 [pool-6-thread-3] DEBUG c.h.p.o.dependants.PodInfoConfigMap - [helmlega] Desired PodInfo ConfigMap (extension state hash: 259316804)
2025-01-30 04:02:51,883 INFO c.h.h.t.HelmChartContainer - [hivemq-test-hivemq-platform] [hivemq-platform-operator] [d3eeb85c] 04:02:51.882 [pool-6-thread-8] DEBUG c.h.p.o.d.StatefulSetResource - [helmlega] Desired StatefulSet (2 replicas) for status ROLLING_RESTART (SURGE_IN_PROGRESS)
2025-01-30 04:02:51,887 INFO c.h.h.t.HelmChartContainer - [hivemq-test-hivemq-platform] [hivemq-platform-operator] [d3eeb85c] 04:02:51.885 [ReconcilerExecutor-hivemq-controller-121] INFO  c.h.p.o.HiveMQPlatformReconciler - [helmlega] Reconciling HiveMQ Platform 'test-hivemq-legacy-platform' in namespace 'helmlegacystatefulsetmigrationit-operator'
2025-01-30 04:02:51,887 INFO c.h.h.t.HelmChartContainer - [hivemq-test-hivemq-platform] [hivemq-platform-operator] [d3eeb85c] 04:02:51.885 [ReconcilerExecutor-hivemq-controller-121] DEBUG c.h.p.o.HiveMQPlatformReconciler - [helmlega] Custom Resource Status ROLLING_RESTART - HiveMQ Platform is starting a surge Pod (rolling restart) (SURGE_IN_PROGRESS)
2025-01-30 04:02:51,887 INFO c.h.h.t.HelmChartContainer - [hivemq-test-hivemq-platform] [hivemq-platform-operator] [d3eeb85c] 04:02:51.885 [ReconcilerExecutor-hivemq-controller-121] DEBUG c.h.p.o.HiveMQPlatformReconciler - [helmlega] Custom Resource Spec (replicas: 1) (extensions: 2)
2025-01-30 04:02:51,888 INFO c.h.h.t.HelmChartContainer - [hivemq-test-hivemq-platform] [hivemq-platform-operator] [d3eeb85c] 04:02:51.887 [ReconcilerExecutor-hivemq-controller-121] DEBUG c.h.p.o.HiveMQPlatformReconciler - [helmlega] StatefulSet Status (revision: test-hivemq-legacy-platform-65df8dcb7f, replicas: 2, available: 1, ready: 1, current: 1, updated: 1)
2025-01-30 04:02:51,888 INFO c.h.h.t.HelmChartContainer - [hivemq-test-hivemq-platform] [hivemq-platform-operator] [d3eeb85c] 04:02:51.887 [ReconcilerExecutor-hivemq-controller-121] DEBUG c.h.p.o.HiveMQPlatformReconciler - [helmlega] StatefulSet Spec (replicas: 2, init containers: 1, containers: 1, volumes: 6)
2025-01-30 04:02:51,889 INFO c.h.h.t.HelmChartContainer - [hivemq-test-hivemq-platform] [hivemq-platform-operator] [d3eeb85c] 04:02:51.889 [ReconcilerExecutor-hivemq-controller-121] DEBUG c.h.p.o.h.HiveMQPlatformReconcilerErrorHandler - [helmlega] Pod 'test-hivemq-legacy-platform-1' phase Running
2025-01-30 04:02:51,892 INFO c.h.h.t.HelmChartContainer - [hivemq-test-hivemq-platform] [hivemq-platform-operator] [d3eeb85c] 04:02:51.891 [ReconcilerExecutor-hivemq-controller-121] DEBUG c.h.p.o.h.HiveMQPlatformReconcilerErrorHandler - [helmlega] Pod 'test-hivemq-legacy-platform-0' phase Running
2025-01-30 04:02:51,908 INFO c.h.h.t.HelmChartContainer - [EVENT] Warning [Unhealthy] Readiness probe failed: HTTP probe failed with statuscode: 503 [helmlegacystatefulsetmigrationit-operator:test-hivemq-legacy-platform-1]
2025-01-30 04:02:51,908 INFO c.h.h.t.HelmChartContainer - Received Unhealthy event for container hivemq in pod test-hivemq-legacy-platform-1 [6a694368-cfcd-4e9e-abb1-e979c6c2e2ef]
2025-01-30 04:02:51,964 INFO c.h.h.t.HelmChartContainer - [hivemq-test-hivemq-platform] [hivemq-platform-operator] [d3eeb85c] 04:02:51.963 [ReconcilerExecutor-hivemq-controller-121] DEBUG c.h.p.o.h.HiveMQPlatformReconcilerRollingRestartHandler - [helmlega] Rolling restart is waiting for 1 of 2 replicas
2025-01-30 04:02:52,504 INFO c.h.h.t.HelmChartContainer - [test-hivemq-legacy-platform] [hivemq] [6a694368] INFO  - Starting HiveMQ Enterprise Server
2025-01-30 04:02:52,510 INFO c.h.h.t.HelmChartContainer - [test-hivemq-legacy-platform] [hivemq] [6a694368] INFO  - HiveMQ version: 4.36.0
2025-01-30 04:02:52,510 INFO c.h.h.t.HelmChartContainer - [test-hivemq-legacy-platform] [hivemq] [6a694368] INFO  - HiveMQ home directory: /opt/hivemq
2025-01-30 04:02:52,510 INFO c.h.h.t.HelmChartContainer - [test-hivemq-legacy-platform] [hivemq] [6a694368] INFO  - Log Configuration was overridden by /opt/hivemq/conf/logback.xml
2025-01-30 04:02:53,710 INFO c.h.h.t.HelmChartContainer - [test-hivemq-legacy-platform] [hivemq] [6a694368] INFO  - Successfully loaded configuration from '/opt/hivemq/conf-k8s/config.xml'.
2025-01-30 04:02:54,007 INFO c.h.h.t.HelmChartContainer - [test-hivemq-legacy-platform] [hivemq] [6a694368] INFO  - This node's ID is MZpFl
2025-01-30 04:02:54,007 INFO c.h.h.t.HelmChartContainer - [test-hivemq-legacy-platform] [hivemq] [6a694368] INFO  - Clustering is enabled
2025-01-30 04:02:57,106 INFO c.h.h.t.HelmChartContainer - [test-hivemq-legacy-platform] [hivemq] [6a694368] WARN  - [HiveMQ Platform Operator Init App 1.7.0-SNAPSHOT] Cannot connect to Health API for readiness: null
2025-01-30 04:02:57,111 INFO c.h.h.t.HelmChartContainer - [EVENT] Warning [Unhealthy] Readiness probe failed: HTTP probe failed with statuscode: 503 [helmlegacystatefulsetmigrationit-operator:test-hivemq-legacy-platform-1]
2025-01-30 04:02:57,111 INFO c.h.h.t.HelmChartContainer - Received Unhealthy event for container hivemq in pod test-hivemq-legacy-platform-1 [6a694368-cfcd-4e9e-abb1-e979c6c2e2ef]
2025-01-30 04:02:58,415 INFO c.h.h.t.HelmChartContainer - [test-hivemq-legacy-platform] [hivemq] [6a694368] WARN  - [HiveMQ Platform Operator Init App 1.7.0-SNAPSHOT] Cannot connect to Health API for liveness: null
2025-01-30 04:02:58,415 INFO c.h.h.t.HelmChartContainer - [test-hivemq-legacy-platform] [hivemq] [6a694368] INFO  - [HiveMQ Platform Operator Init App 1.7.0-SNAPSHOT] Returning default Health API response 200 for liveness
2025-01-30 04:03:00,345 INFO c.h.h.t.HelmChartContainer - [K3S] [scope.go:117] "RemoveContainer" containerID="29d22bed385d8567cd583128cdae69cc3d80bfa3196ecb19cf03b7245006499d"
2025-01-30 04:03:01,901 INFO c.h.h.t.HelmChartContainer - [test-hivemq-legacy-platform] [hivemq] [6a694368] WARN  - [HiveMQ Platform Operator Init App 1.7.0-SNAPSHOT] Cannot connect to Health API for readiness: null
2025-01-30 04:03:01,906 INFO c.h.h.t.HelmChartContainer - [EVENT] Warning [Unhealthy] Readiness probe failed: HTTP probe failed with statuscode: 503 [helmlegacystatefulsetmigrationit-operator:test-hivemq-legacy-platform-1]
2025-01-30 04:03:01,906 INFO c.h.h.t.HelmChartContainer - Received Unhealthy event for container hivemq in pod test-hivemq-legacy-platform-1 [6a694368-cfcd-4e9e-abb1-e979c6c2e2ef]
2025-01-30 04:03:01,968 INFO c.h.h.t.HelmChartContainer - [hivemq-test-hivemq-platform] [hivemq-platform-operator] [d3eeb85c] 04:03:01.967 [pool-6-thread-14] DEBUG c.h.p.o.d.PodServiceAccountResource - [helmlega] Desired PodServiceAccountResource (serviceAccountName: hivemq-platform-pod-test-hivemq-legacy-platform)
2025-01-30 04:03:01,969 INFO c.h.h.t.HelmChartContainer - [hivemq-test-hivemq-platform] [hivemq-platform-operator] [d3eeb85c] 04:03:01.968 [pool-6-thread-17] DEBUG c.h.p.o.d.PlatformServiceResource - [helmlega] Desired Platform services (4 services)
2025-01-30 04:03:01,971 INFO c.h.h.t.HelmChartContainer - [hivemq-test-hivemq-platform] [hivemq-platform-operator] [d3eeb85c] 04:03:01.969 [pool-6-thread-13] DEBUG c.h.p.o.dependants.PodInfoConfigMap - [helmlega] Desired PodInfo ConfigMap (2 extensions) (1 enabled)
2025-01-30 04:03:01,972 INFO c.h.h.t.HelmChartContainer - [hivemq-test-hivemq-platform] [hivemq-platform-operator] [d3eeb85c] 04:03:01.970 [pool-6-thread-13] DEBUG c.h.p.o.dependants.PodInfoConfigMap - [helmlega] Desired PodInfo ConfigMap (metrics port: 9399) (metrics path: /)
2025-01-30 04:03:01,972 INFO c.h.h.t.HelmChartContainer - [hivemq-test-hivemq-platform] [hivemq-platform-operator] [d3eeb85c] 04:03:01.970 [pool-6-thread-13] DEBUG c.h.p.o.dependants.PodInfoConfigMap - [helmlega] Desired PodInfo ConfigMap (extension state hash: 259316804)
2025-01-30 04:03:01,976 INFO c.h.h.t.HelmChartContainer - [hivemq-test-hivemq-platform] [hivemq-platform-operator] [d3eeb85c] 04:03:01.975 [pool-6-thread-17] DEBUG c.h.p.o.d.StatefulSetResource - [helmlega] Desired StatefulSet (2 replicas) for status ROLLING_RESTART (SURGE_IN_PROGRESS)
2025-01-30 04:03:01,981 INFO c.h.h.t.HelmChartContainer - [hivemq-test-hivemq-platform] [hivemq-platform-operator] [d3eeb85c] 04:03:01.979 [ReconcilerExecutor-hivemq-controller-122] INFO  c.h.p.o.HiveMQPlatformReconciler - [helmlega] Reconciling HiveMQ Platform 'test-hivemq-legacy-platform' in namespace 'helmlegacystatefulsetmigrationit-operator'
2025-01-30 04:03:01,981 INFO c.h.h.t.HelmChartContainer - [hivemq-test-hivemq-platform] [hivemq-platform-operator] [d3eeb85c] 04:03:01.979 [ReconcilerExecutor-hivemq-controller-122] DEBUG c.h.p.o.HiveMQPlatformReconciler - [helmlega] Custom Resource Status ROLLING_RESTART - HiveMQ Platform is starting a surge Pod (rolling restart) (SURGE_IN_PROGRESS)
2025-01-30 04:03:01,981 INFO c.h.h.t.HelmChartContainer - [hivemq-test-hivemq-platform] [hivemq-platform-operator] [d3eeb85c] 04:03:01.979 [ReconcilerExecutor-hivemq-controller-122] DEBUG c.h.p.o.HiveMQPlatformReconciler - [helmlega] Custom Resource Spec (replicas: 1) (extensions: 2)
2025-01-30 04:03:01,981 INFO c.h.h.t.HelmChartContainer - [hivemq-test-hivemq-platform] [hivemq-platform-operator] [d3eeb85c] 04:03:01.980 [ReconcilerExecutor-hivemq-controller-122] DEBUG c.h.p.o.HiveMQPlatformReconciler - [helmlega] StatefulSet Status (revision: test-hivemq-legacy-platform-65df8dcb7f, replicas: 2, available: 1, ready: 1, current: 1, updated: 1)
2025-01-30 04:03:01,982 INFO c.h.h.t.HelmChartContainer - [hivemq-test-hivemq-platform] [hivemq-platform-operator] [d3eeb85c] 04:03:01.981 [ReconcilerExecutor-hivemq-controller-122] DEBUG c.h.p.o.HiveMQPlatformReconciler - [helmlega] StatefulSet Spec (replicas: 2, init containers: 1, containers: 1, volumes: 6)
2025-01-30 04:03:01,983 INFO c.h.h.t.HelmChartContainer - [hivemq-test-hivemq-platform] [hivemq-platform-operator] [d3eeb85c] 04:03:01.982 [ReconcilerExecutor-hivemq-controller-122] DEBUG c.h.p.o.h.HiveMQPlatformReconcilerErrorHandler - [helmlega] Pod 'test-hivemq-legacy-platform-1' phase Running
2025-01-30 04:03:01,985 INFO c.h.h.t.HelmChartContainer - [hivemq-test-hivemq-platform] [hivemq-platform-operator] [d3eeb85c] 04:03:01.984 [ReconcilerExecutor-hivemq-controller-122] DEBUG c.h.p.o.h.HiveMQPlatformReconcilerErrorHandler - [helmlega] Pod 'test-hivemq-legacy-platform-0' phase Running
2025-01-30 04:03:01,986 INFO c.h.h.t.HelmChartContainer - [hivemq-test-hivemq-platform] [hivemq-platform-operator] [d3eeb85c] 04:03:01.985 [ReconcilerExecutor-hivemq-controller-122] DEBUG c.h.p.o.h.HiveMQPlatformReconcilerRollingRestartHandler - [helmlega] Rolling restart is waiting for 1 of 2 replicas
2025-01-30 04:03:06,901 INFO c.h.h.t.HelmChartContainer - [test-hivemq-legacy-platform] [hivemq] [6a694368] WARN  - [HiveMQ Platform Operator Init App 1.7.0-SNAPSHOT] Cannot connect to Health API for readiness: null
2025-01-30 04:03:06,906 INFO c.h.h.t.HelmChartContainer - [EVENT] Warning [Unhealthy] Readiness probe failed: HTTP probe failed with statuscode: 503 [helmlegacystatefulsetmigrationit-operator:test-hivemq-legacy-platform-1]
2025-01-30 04:03:06,906 INFO c.h.h.t.HelmChartContainer - Received Unhealthy event for container hivemq in pod test-hivemq-legacy-platform-1 [6a694368-cfcd-4e9e-abb1-e979c6c2e2ef]
2025-01-30 04:03:07,410 INFO c.h.h.t.HelmChartContainer - [test-hivemq-legacy-platform] [hivemq] [6a694368] INFO  - No valid license file found. Using trial license, restricted to 25 connections.
2025-01-30 04:03:10,618 INFO c.h.h.t.HelmChartContainer - [test-hivemq-legacy-platform] [hivemq] [6a694368] INFO  - No valid license file for Data Hub found. Using free license, restricted to 1 policy.
2025-01-30 04:03:11,899 INFO c.h.h.t.HelmChartContainer - [test-hivemq-legacy-platform] [hivemq] [6a694368] INFO  - Audit Logger started.
2025-01-30 04:03:11,902 INFO c.h.h.t.HelmChartContainer - [test-hivemq-legacy-platform] [hivemq] [6a694368] WARN  - [HiveMQ Platform Operator Init App 1.7.0-SNAPSHOT] Cannot connect to Health API for readiness: null
2025-01-30 04:03:11,910 INFO c.h.h.t.HelmChartContainer - [EVENT] Warning [Unhealthy] Readiness probe failed: HTTP probe failed with statuscode: 503 [helmlegacystatefulsetmigrationit-operator:test-hivemq-legacy-platform-1]
2025-01-30 04:03:11,910 INFO c.h.h.t.HelmChartContainer - Received Unhealthy event for container hivemq in pod test-hivemq-legacy-platform-1 [6a694368-cfcd-4e9e-abb1-e979c6c2e2ef]
2025-01-30 04:03:11,990 INFO c.h.h.t.HelmChartContainer - [hivemq-test-hivemq-platform] [hivemq-platform-operator] [d3eeb85c] 04:03:11.988 [pool-6-thread-25] DEBUG c.h.p.o.d.PlatformServiceResource - [helmlega] Desired Platform services (4 services)
2025-01-30 04:03:11,990 INFO c.h.h.t.HelmChartContainer - [hivemq-test-hivemq-platform] [hivemq-platform-operator] [d3eeb85c] 04:03:11.989 [pool-6-thread-27] DEBUG c.h.p.o.d.PodServiceAccountResource - [helmlega] Desired PodServiceAccountResource (serviceAccountName: hivemq-platform-pod-test-hivemq-legacy-platform)
2025-01-30 04:03:11,991 INFO c.h.h.t.HelmChartContainer - [hivemq-test-hivemq-platform] [hivemq-platform-operator] [d3eeb85c] 04:03:11.989 [pool-6-thread-24] DEBUG c.h.p.o.dependants.PodInfoConfigMap - [helmlega] Desired PodInfo ConfigMap (2 extensions) (1 enabled)
2025-01-30 04:03:11,992 INFO c.h.h.t.HelmChartContainer - [hivemq-test-hivemq-platform] [hivemq-platform-operator] [d3eeb85c] 04:03:11.991 [pool-6-thread-24] DEBUG c.h.p.o.dependants.PodInfoConfigMap - [helmlega] Desired PodInfo ConfigMap (metrics port: 9399) (metrics path: /)
2025-01-30 04:03:11,992 INFO c.h.h.t.HelmChartContainer - [hivemq-test-hivemq-platform] [hivemq-platform-operator] [d3eeb85c] 04:03:11.991 [pool-6-thread-24] DEBUG c.h.p.o.dependants.PodInfoConfigMap - [helmlega] Desired PodInfo ConfigMap (extension state hash: 259316804)
2025-01-30 04:03:11,995 INFO c.h.h.t.HelmChartContainer - [hivemq-test-hivemq-platform] [hivemq-platform-operator] [d3eeb85c] 04:03:11.994 [pool-6-thread-25] DEBUG c.h.p.o.d.StatefulSetResource - [helmlega] Desired StatefulSet (2 replicas) for status ROLLING_RESTART (SURGE_IN_PROGRESS)
2025-01-30 04:03:11,998 INFO c.h.h.t.HelmChartContainer - [hivemq-test-hivemq-platform] [hivemq-platform-operator] [d3eeb85c] 04:03:11.998 [ReconcilerExecutor-hivemq-controller-123] INFO  c.h.p.o.HiveMQPlatformReconciler - [helmlega] Reconciling HiveMQ Platform 'test-hivemq-legacy-platform' in namespace 'helmlegacystatefulsetmigrationit-operator'
2025-01-30 04:03:11,999 INFO c.h.h.t.HelmChartContainer - [hivemq-test-hivemq-platform] [hivemq-platform-operator] [d3eeb85c] 04:03:11.998 [ReconcilerExecutor-hivemq-controller-123] DEBUG c.h.p.o.HiveMQPlatformReconciler - [helmlega] Custom Resource Status ROLLING_RESTART - HiveMQ Platform is starting a surge Pod (rolling restart) (SURGE_IN_PROGRESS)
2025-01-30 04:03:11,999 INFO c.h.h.t.HelmChartContainer - [hivemq-test-hivemq-platform] [hivemq-platform-operator] [d3eeb85c] 04:03:11.998 [ReconcilerExecutor-hivemq-controller-123] DEBUG c.h.p.o.HiveMQPlatformReconciler - [helmlega] Custom Resource Spec (replicas: 1) (extensions: 2)
2025-01-30 04:03:12,002 INFO c.h.h.t.HelmChartContainer - [hivemq-test-hivemq-platform] [hivemq-platform-operator] [d3eeb85c] 04:03:12.001 [ReconcilerExecutor-hivemq-controller-123] DEBUG c.h.p.o.HiveMQPlatformReconciler - [helmlega] StatefulSet Status (revision: test-hivemq-legacy-platform-65df8dcb7f, replicas: 2, available: 1, ready: 1, current: 1, updated: 1)
2025-01-30 04:03:12,005 INFO c.h.h.t.HelmChartContainer - [hivemq-test-hivemq-platform] [hivemq-platform-operator] [d3eeb85c] 04:03:12.004 [ReconcilerExecutor-hivemq-controller-123] DEBUG c.h.p.o.HiveMQPlatformReconciler - [helmlega] StatefulSet Spec (replicas: 2, init containers: 1, containers: 1, volumes: 6)
2025-01-30 04:03:12,010 INFO c.h.h.t.HelmChartContainer - [hivemq-test-hivemq-platform] [hivemq-platform-operator] [d3eeb85c] 04:03:12.009 [ReconcilerExecutor-hivemq-controller-123] DEBUG c.h.p.o.h.HiveMQPlatformReconcilerErrorHandler - [helmlega] Pod 'test-hivemq-legacy-platform-1' phase Running
2025-01-30 04:03:12,067 INFO c.h.h.t.HelmChartContainer - [hivemq-test-hivemq-platform] [hivemq-platform-operator] [d3eeb85c] 04:03:12.065 [ReconcilerExecutor-hivemq-controller-123] DEBUG c.h.p.o.h.HiveMQPlatformReconcilerErrorHandler - [helmlega] Pod 'test-hivemq-legacy-platform-0' phase Running
2025-01-30 04:03:12,067 INFO c.h.h.t.HelmChartContainer - [hivemq-test-hivemq-platform] [hivemq-platform-operator] [d3eeb85c] 04:03:12.066 [ReconcilerExecutor-hivemq-controller-123] DEBUG c.h.p.o.h.HiveMQPlatformReconcilerRollingRestartHandler - [helmlega] Rolling restart is waiting for 1 of 2 replicas
2025-01-30 04:03:12,139 INFO c.h.h.t.HelmChartContainer - [test-hivemq-legacy-platform] [hivemq] [6a694368] INFO  - This node uses '1' CPU cores.
2025-01-30 04:03:12,203 INFO c.h.h.t.HelmChartContainer - [test-hivemq-legacy-platform] [hivemq] [6a694368] INFO  - Starting HiveMQ Health API on address 0.0.0.0 and port 8889
2025-01-30 04:03:13,012 INFO c.h.h.t.HelmChartContainer - [test-hivemq-legacy-platform] [hivemq] [6a694368] INFO  - Started HiveMQ Health API in 809ms
2025-01-30 04:03:13,601 INFO c.h.h.t.HelmChartContainer - [test-hivemq-legacy-platform] [hivemq] [6a694368] INFO  - Starting HiveMQ extension system.
2025-01-30 04:03:16,413 INFO c.h.h.t.HelmChartContainer - [test-hivemq-legacy-platform] [hivemq] [6a694368] INFO  - No license found for enterprise extension with name "HiveMQ Enterprise Security Extension". Entering extension trial mode. "HiveMQ Enterprise Security Extension" will be disabled in 5 hours.
2025-01-30 04:03:16,610 INFO c.h.h.t.HelmChartContainer - [test-hivemq-legacy-platform] [hivemq] [6a694368] INFO  - Starting extension with id "hivemq-dns-cluster-discovery" at /opt/hivemq/extensions/hivemq-dns-cluster-discovery
2025-01-30 04:03:17,209 INFO c.h.h.t.HelmChartContainer - [test-hivemq-legacy-platform] [hivemq] [6a694368] INFO  - Extension "DNS Cluster Discovery Extension" version 4.3.2 started successfully.
2025-01-30 04:03:17,211 INFO c.h.h.t.HelmChartContainer - [test-hivemq-legacy-platform] [hivemq] [6a694368] INFO  - Starting extension with id "hivemq-enterprise-security-extension" at /opt/hivemq/extensions/hivemq-enterprise-security-extension
2025-01-30 04:03:17,211 INFO c.h.h.t.HelmChartContainer - [test-hivemq-legacy-platform] [hivemq] [6a694368] INFO  - Using TCP cluster transport on address 10.42.0.11 and port 7000
2025-01-30 04:03:17,310 INFO c.h.h.t.HelmChartContainer - [test-hivemq-legacy-platform] [hivemq] [6a694368] INFO  - Using extension cluster discovery
2025-01-30 04:03:17,870 INFO c.h.h.t.HelmChartContainer - [EVENT] Warning [Unhealthy] Readiness probe failed: Get "http://10.42.0.11:7979/readiness": context deadline exceeded (Client.Timeout exceeded while awaiting headers) [helmlegacystatefulsetmigrationit-operator:test-hivemq-legacy-platform-1]
2025-01-30 04:03:17,870 INFO c.h.h.t.HelmChartContainer - Received Unhealthy event for container hivemq in pod test-hivemq-legacy-platform-1 [6a694368-cfcd-4e9e-abb1-e979c6c2e2ef]
2025-01-30 04:03:18,608 INFO c.h.h.t.HelmChartContainer - [test-hivemq-legacy-platform] [hivemq] [6a694368] INFO  - [HiveMQ Platform Operator Init App 1.7.0-SNAPSHOT] Returning Health API response 503 for readiness
2025-01-30 04:03:19,108 INFO c.h.h.t.HelmChartContainer - [test-hivemq-legacy-platform] [hivemq] [5c0860bb] INFO  - Cluster nodes found by discovery: [x0opn|1] (2) [x0opn, MZpFl].
2025-01-30 04:03:19,210 INFO c.h.h.t.HelmChartContainer - [test-hivemq-legacy-platform] [hivemq] [6a694368] INFO  - Cluster nodes found by discovery: [x0opn|1] (2) [x0opn, MZpFl].
2025-01-30 04:03:19,311 INFO c.h.h.t.HelmChartContainer - [test-hivemq-legacy-platform] [hivemq] [6a694368] WARN  - HiveMQ Enterprise Security Extension: The configuration file is placed at the legacy location '/opt/hivemq/extensions/hivemq-enterprise-security-extension/conf/enterprise-security-extension.xml'. Please move the configuration file to the new location '/opt/hivemq/extensions/hivemq-enterprise-security-extension/conf/config.xml'. Support for the legacy location will be removed in a future release.
2025-01-30 04:03:19,502 INFO c.h.h.t.HelmChartContainer - [test-hivemq-legacy-platform] [hivemq] [6a694368] INFO  - HiveMQ Enterprise Security Extension: Successfully loaded configuration from '/opt/hivemq/extensions/hivemq-enterprise-security-extension/conf/enterprise-security-extension.xml'.
2025-01-30 04:03:19,503 INFO c.h.h.t.HelmChartContainer - [test-hivemq-legacy-platform] [hivemq] [6a694368] INFO  - HiveMQ Enterprise Security Extension: Starting HiveMQ Enterprise Security Extension.
2025-01-30 04:03:19,604 INFO c.h.h.t.HelmChartContainer - [test-hivemq-legacy-platform] [hivemq] [6a694368] INFO  - Cluster size = 1, members : [x0opn].
2025-01-30 04:03:19,806 INFO c.h.h.t.HelmChartContainer - [test-hivemq-legacy-platform] [hivemq] [6a694368] INFO  - HiveMQ Enterprise Security Extension: Access log is written to /opt/hivemq/log/access/access.log.
2025-01-30 04:03:20,202 INFO c.h.h.t.HelmChartContainer - [test-hivemq-legacy-platform] [hivemq] [6a694368] INFO  - HiveMQ Enterprise Security Extension: Started HiveMQ Enterprise Security Extension successfully in 2989ms.
2025-01-30 04:03:20,202 INFO c.h.h.t.HelmChartContainer - [test-hivemq-legacy-platform] [hivemq] [6a694368] INFO  - Extension "HiveMQ Enterprise Security Extension" version 4.36.0 started successfully.
2025-01-30 04:03:20,202 INFO c.h.h.t.HelmChartContainer - [test-hivemq-legacy-platform] [hivemq] [6a694368] INFO  - Starting extension with id "hivemq-prometheus-extension" at /opt/hivemq/extensions/hivemq-prometheus-extension
2025-01-30 04:03:20,203 INFO c.h.h.t.HelmChartContainer - [test-hivemq-legacy-platform] [hivemq] [6a694368] INFO  - Starting cluster join process. This may take a while. Please do not shut down HiveMQ.
2025-01-30 04:03:20,205 INFO c.h.h.t.HelmChartContainer - [test-hivemq-legacy-platform] [hivemq] [6a694368] INFO  - Cluster join process is still ongoing. Please do not shut down HiveMQ.
2025-01-30 04:03:20,806 INFO c.h.h.t.HelmChartContainer - [test-hivemq-legacy-platform] [hivemq] [6a694368] INFO  - Started Jetty Server exposing Prometheus Servlet on URI http://0.0.0.0:9399/
2025-01-30 04:03:20,807 INFO c.h.h.t.HelmChartContainer - [test-hivemq-legacy-platform] [hivemq] [6a694368] INFO  - Extension "Prometheus Monitoring Extension" version 4.0.12 started successfully.
2025-01-30 04:03:21,833 INFO c.h.h.t.HelmChartContainer - [EVENT] Warning [Unhealthy] Readiness probe failed: HTTP probe failed with statuscode: 503 [helmlegacystatefulsetmigrationit-operator:test-hivemq-legacy-platform-1]
2025-01-30 04:03:21,833 INFO c.h.h.t.HelmChartContainer - Received Unhealthy event for container hivemq in pod test-hivemq-legacy-platform-1 [6a694368-cfcd-4e9e-abb1-e979c6c2e2ef]
2025-01-30 04:03:22,073 INFO c.h.h.t.HelmChartContainer - [hivemq-test-hivemq-platform] [hivemq-platform-operator] [d3eeb85c] 04:03:22.070 [pool-6-thread-33] DEBUG c.h.p.o.dependants.PodInfoConfigMap - [helmlega] Desired PodInfo ConfigMap (2 extensions) (1 enabled)
2025-01-30 04:03:22,073 INFO c.h.h.t.HelmChartContainer - [hivemq-test-hivemq-platform] [hivemq-platform-operator] [d3eeb85c] 04:03:22.070 [pool-6-thread-38] DEBUG c.h.p.o.d.PlatformServiceResource - [helmlega] Desired Platform services (4 services)
2025-01-30 04:03:22,074 INFO c.h.h.t.HelmChartContainer - [hivemq-test-hivemq-platform] [hivemq-platform-operator] [d3eeb85c] 04:03:22.070 [pool-6-thread-33] DEBUG c.h.p.o.dependants.PodInfoConfigMap - [helmlega] Desired PodInfo ConfigMap (metrics port: 9399) (metrics path: /)
2025-01-30 04:03:22,074 INFO c.h.h.t.HelmChartContainer - [hivemq-test-hivemq-platform] [hivemq-platform-operator] [d3eeb85c] 04:03:22.070 [pool-6-thread-33] DEBUG c.h.p.o.dependants.PodInfoConfigMap - [helmlega] Desired PodInfo ConfigMap (extension state hash: 259316804)
2025-01-30 04:03:22,074 INFO c.h.h.t.HelmChartContainer - [hivemq-test-hivemq-platform] [hivemq-platform-operator] [d3eeb85c] 04:03:22.070 [pool-6-thread-40] DEBUG c.h.p.o.d.PodServiceAccountResource - [helmlega] Desired PodServiceAccountResource (serviceAccountName: hivemq-platform-pod-test-hivemq-legacy-platform)
2025-01-30 04:03:22,078 INFO c.h.h.t.HelmChartContainer - [hivemq-test-hivemq-platform] [hivemq-platform-operator] [d3eeb85c] 04:03:22.077 [pool-6-thread-38] DEBUG c.h.p.o.d.StatefulSetResource - [helmlega] Desired StatefulSet (2 replicas) for status ROLLING_RESTART (SURGE_IN_PROGRESS)
2025-01-30 04:03:22,082 INFO c.h.h.t.HelmChartContainer - [hivemq-test-hivemq-platform] [hivemq-platform-operator] [d3eeb85c] 04:03:22.080 [ReconcilerExecutor-hivemq-controller-124] INFO  c.h.p.o.HiveMQPlatformReconciler - [helmlega] Reconciling HiveMQ Platform 'test-hivemq-legacy-platform' in namespace 'helmlegacystatefulsetmigrationit-operator'
2025-01-30 04:03:22,082 INFO c.h.h.t.HelmChartContainer - [hivemq-test-hivemq-platform] [hivemq-platform-operator] [d3eeb85c] 04:03:22.081 [ReconcilerExecutor-hivemq-controller-124] DEBUG c.h.p.o.HiveMQPlatformReconciler - [helmlega] Custom Resource Status ROLLING_RESTART - HiveMQ Platform is starting a surge Pod (rolling restart) (SURGE_IN_PROGRESS)
2025-01-30 04:03:22,082 INFO c.h.h.t.HelmChartContainer - [hivemq-test-hivemq-platform] [hivemq-platform-operator] [d3eeb85c] 04:03:22.081 [ReconcilerExecutor-hivemq-controller-124] DEBUG c.h.p.o.HiveMQPlatformReconciler - [helmlega] Custom Resource Spec (replicas: 1) (extensions: 2)
2025-01-30 04:03:22,083 INFO c.h.h.t.HelmChartContainer - [hivemq-test-hivemq-platform] [hivemq-platform-operator] [d3eeb85c] 04:03:22.082 [ReconcilerExecutor-hivemq-controller-124] DEBUG c.h.p.o.HiveMQPlatformReconciler - [helmlega] StatefulSet Status (revision: test-hivemq-legacy-platform-65df8dcb7f, replicas: 2, available: 1, ready: 1, current: 1, updated: 1)
2025-01-30 04:03:22,083 INFO c.h.h.t.HelmChartContainer - [hivemq-test-hivemq-platform] [hivemq-platform-operator] [d3eeb85c] 04:03:22.082 [ReconcilerExecutor-hivemq-controller-124] DEBUG c.h.p.o.HiveMQPlatformReconciler - [helmlega] StatefulSet Spec (replicas: 2, init containers: 1, containers: 1, volumes: 6)
2025-01-30 04:03:22,085 INFO c.h.h.t.HelmChartContainer - [hivemq-test-hivemq-platform] [hivemq-platform-operator] [d3eeb85c] 04:03:22.084 [ReconcilerExecutor-hivemq-controller-124] DEBUG c.h.p.o.h.HiveMQPlatformReconcilerErrorHandler - [helmlega] Pod 'test-hivemq-legacy-platform-1' phase Running
2025-01-30 04:03:22,086 INFO c.h.h.t.HelmChartContainer - [hivemq-test-hivemq-platform] [hivemq-platform-operator] [d3eeb85c] 04:03:22.086 [ReconcilerExecutor-hivemq-controller-124] DEBUG c.h.p.o.h.HiveMQPlatformReconcilerErrorHandler - [helmlega] Pod 'test-hivemq-legacy-platform-0' phase Running
2025-01-30 04:03:22,087 INFO c.h.h.t.HelmChartContainer - [hivemq-test-hivemq-platform] [hivemq-platform-operator] [d3eeb85c] 04:03:22.086 [ReconcilerExecutor-hivemq-controller-124] DEBUG c.h.p.o.h.HiveMQPlatformReconcilerRollingRestartHandler - [helmlega] Rolling restart is waiting for 1 of 2 replicas
2025-01-30 04:03:22,321 INFO c.h.h.t.HelmChartContainer - [test-hivemq-legacy-platform] [hivemq] [5c0860bb] INFO  - Cluster size = 2, members : [x0opn, MZpFl].
2025-01-30 04:03:22,333 INFO c.h.h.t.HelmChartContainer - [test-hivemq-legacy-platform] [hivemq] [6a694368] INFO  - Cluster size = 2, members : [x0opn, MZpFl].
2025-01-30 04:03:22,401 INFO c.h.h.t.HelmChartContainer - [test-hivemq-legacy-platform] [hivemq] [6a694368] INFO  - Finished cluster join process successfully.
2025-01-30 04:03:22,402 INFO c.h.h.t.HelmChartContainer - [test-hivemq-legacy-platform] [hivemq] [6a694368] INFO  - Starting HiveMQ REST API on address 0.0.0.0 and port 8888
2025-01-30 04:03:22,811 INFO c.h.h.t.HelmChartContainer - [test-hivemq-legacy-platform] [hivemq] [6a694368] INFO  - Started HiveMQ REST API in 409ms
2025-01-30 04:03:22,811 INFO c.h.h.t.HelmChartContainer - [test-hivemq-legacy-platform] [hivemq] [6a694368] WARN  - No user for HiveMQ Control Center configured. Starting with default user
2025-01-30 04:03:22,811 INFO c.h.h.t.HelmChartContainer - [test-hivemq-legacy-platform] [hivemq] [6a694368] INFO  - Starting HiveMQ Control Center on address 0.0.0.0 and port 8080
2025-01-30 04:03:22,825 INFO c.h.h.t.HelmChartContainer - [test-hivemq-legacy-platform] [hivemq] [6a694368] INFO  - Mounting HiveMQ Control Center V2 Preview
2025-01-30 04:03:23,410 INFO c.h.h.t.HelmChartContainer - [test-hivemq-legacy-platform] [hivemq] [6a694368] INFO  - Started HiveMQ Control Center in 599ms
2025-01-30 04:03:23,504 INFO c.h.h.t.HelmChartContainer - [test-hivemq-legacy-platform] [hivemq] [6a694368] INFO  - Starting TCP listener on address 0.0.0.0 and port 1883
2025-01-30 04:03:23,517 INFO c.h.h.t.HelmChartContainer - [test-hivemq-legacy-platform] [hivemq] [6a694368] INFO  - Started TCP Listener on address 0.0.0.0 and on port 1883.
2025-01-30 04:03:23,517 INFO c.h.h.t.HelmChartContainer - [test-hivemq-legacy-platform] [hivemq] [6a694368] INFO  - Started HiveMQ in 31400ms
2025-01-30 04:03:26,829 INFO c.h.h.t.HelmChartContainer - [test-hivemq-legacy-platform] [hivemq] [6a694368] INFO  - [HiveMQ Platform Operator Init App 1.7.0-SNAPSHOT] Returning Health API response 200 for readiness
2025-01-30 04:03:26,844 INFO c.h.h.t.HelmChartContainer - [POD] test-hivemq-legacy-platform-1 [6a694368-cfcd-4e9e-abb1-e979c6c2e2ef] in helmlegacystatefulsetmigrationit-operator was MODIFIED
2025-01-30 04:03:26,859 INFO c.h.h.t.HelmChartContainer - [hivemq-test-hivemq-platform] [hivemq-platform-operator] [d3eeb85c] 04:03:26.850 [pool-6-thread-41] DEBUG c.h.p.o.d.PlatformServiceResource - [helmlega] Desired Platform services (4 services)
2025-01-30 04:03:26,863 INFO c.h.h.t.HelmChartContainer - [hivemq-test-hivemq-platform] [hivemq-platform-operator] [d3eeb85c] 04:03:26.858 [pool-6-thread-47] DEBUG c.h.p.o.d.PodServiceAccountResource - [helmlega] Desired PodServiceAccountResource (serviceAccountName: hivemq-platform-pod-test-hivemq-legacy-platform)
2025-01-30 04:03:26,863 INFO c.h.h.t.HelmChartContainer - [hivemq-test-hivemq-platform] [hivemq-platform-operator] [d3eeb85c] 04:03:26.860 [pool-6-thread-48] DEBUG c.h.p.o.dependants.PodInfoConfigMap - [helmlega] Desired PodInfo ConfigMap (2 extensions) (1 enabled)
2025-01-30 04:03:26,863 INFO c.h.h.t.HelmChartContainer - [hivemq-test-hivemq-platform] [hivemq-platform-operator] [d3eeb85c] 04:03:26.861 [pool-6-thread-48] DEBUG c.h.p.o.dependants.PodInfoConfigMap - [helmlega] Desired PodInfo ConfigMap (metrics port: 9399) (metrics path: /)
2025-01-30 04:03:26,864 INFO c.h.h.t.HelmChartContainer - [hivemq-test-hivemq-platform] [hivemq-platform-operator] [d3eeb85c] 04:03:26.861 [pool-6-thread-48] DEBUG c.h.p.o.dependants.PodInfoConfigMap - [helmlega] Desired PodInfo ConfigMap (extension state hash: 259316804)
2025-01-30 04:03:26,868 INFO c.h.h.t.HelmChartContainer - [hivemq-test-hivemq-platform] [hivemq-platform-operator] [d3eeb85c] 04:03:26.865 [pool-6-thread-45] DEBUG c.h.p.o.d.StatefulSetResource - [helmlega] Desired StatefulSet (2 replicas) for status ROLLING_RESTART (SURGE_IN_PROGRESS)
2025-01-30 04:03:26,879 INFO c.h.h.t.HelmChartContainer - [hivemq-test-hivemq-platform] [hivemq-platform-operator] [d3eeb85c] 04:03:26.871 [ReconcilerExecutor-hivemq-controller-125] INFO  c.h.p.o.HiveMQPlatformReconciler - [helmlega] Reconciling HiveMQ Platform 'test-hivemq-legacy-platform' in namespace 'helmlegacystatefulsetmigrationit-operator'
2025-01-30 04:03:26,881 INFO c.h.h.t.HelmChartContainer - [hivemq-test-hivemq-platform] [hivemq-platform-operator] [d3eeb85c] 04:03:26.871 [ReconcilerExecutor-hivemq-controller-125] DEBUG c.h.p.o.HiveMQPlatformReconciler - [helmlega] Custom Resource Status ROLLING_RESTART - HiveMQ Platform is starting a surge Pod (rolling restart) (SURGE_IN_PROGRESS)
2025-01-30 04:03:26,881 INFO c.h.h.t.HelmChartContainer - [hivemq-test-hivemq-platform] [hivemq-platform-operator] [d3eeb85c] 04:03:26.871 [ReconcilerExecutor-hivemq-controller-125] DEBUG c.h.p.o.HiveMQPlatformReconciler - [helmlega] Custom Resource Spec (replicas: 1) (extensions: 2)
2025-01-30 04:03:26,881 INFO c.h.h.t.HelmChartContainer - [hivemq-test-hivemq-platform] [hivemq-platform-operator] [d3eeb85c] 04:03:26.873 [ReconcilerExecutor-hivemq-controller-125] DEBUG c.h.p.o.HiveMQPlatformReconciler - [helmlega] StatefulSet Status (revision: test-hivemq-legacy-platform-65df8dcb7f, replicas: 2, available: 2, ready: 2, current: 1, updated: 1)
2025-01-30 04:03:26,881 INFO c.h.h.t.HelmChartContainer - [hivemq-test-hivemq-platform] [hivemq-platform-operator] [d3eeb85c] 04:03:26.873 [ReconcilerExecutor-hivemq-controller-125] DEBUG c.h.p.o.HiveMQPlatformReconciler - [helmlega] StatefulSet Spec (replicas: 2, init containers: 1, containers: 1, volumes: 6)
2025-01-30 04:03:26,881 INFO c.h.h.t.HelmChartContainer - [hivemq-test-hivemq-platform] [hivemq-platform-operator] [d3eeb85c] 04:03:26.875 [ReconcilerExecutor-hivemq-controller-125] DEBUG c.h.p.o.h.HiveMQPlatformReconcilerErrorHandler - [helmlega] Pod 'test-hivemq-legacy-platform-1' phase Running
2025-01-30 04:03:26,885 INFO c.h.h.t.HelmChartContainer - [hivemq-test-hivemq-platform] [hivemq-platform-operator] [d3eeb85c] 04:03:26.878 [ReconcilerExecutor-hivemq-controller-125] DEBUG c.h.p.o.h.HiveMQPlatformReconcilerErrorHandler - [helmlega] Pod 'test-hivemq-legacy-platform-0' phase Running
2025-01-30 04:03:26,888 INFO c.h.h.t.HelmChartContainer - [hivemq-test-hivemq-platform] [hivemq-platform-operator] [d3eeb85c] 04:03:26.883 [ReconcilerExecutor-hivemq-controller-125] INFO  c.h.p.o.h.HiveMQPlatformReconcilerRollingRestartHandler - [helmlega] Surge Pod started successfully
2025-01-30 04:03:26,969 INFO c.h.h.t.HelmChartContainer - [hivemq-test-hivemq-platform] [hivemq-platform-operator] [d3eeb85c] 04:03:26.968 [ReconcilerExecutor-hivemq-controller-125] DEBUG c.h.p.operator.event.EventSender - [helmlega] Creating K8s event rolling-restart-surge-in-progress: [RollingRestart] HiveMQ Platform is restarting Pods (rolling restart)
2025-01-30 04:03:26,971 INFO c.h.h.t.HelmChartContainer - [EVENT] Normal [RollingRestart] HiveMQ Platform is restarting Pods (rolling restart) [helmlegacystatefulsetmigrationit-operator:test-hivemq-legacy-platform]
2025-01-30 04:03:26,973 INFO c.h.h.t.HelmChartContainer - [hivemq-test-hivemq-platform] [hivemq-platform-operator] [d3eeb85c] 04:03:26.972 [ReconcilerExecutor-hivemq-controller-125] INFO  c.h.p.o.h.AbstractHiveMQReconcilerStateHandler - [helmlega] Update HiveMQ Platform Status (ROLLING_RESTART [SURGE_IN_PROGRESS] -> ROLLING_RESTART [RESTART_PODS_IN_PROGRESS]): HiveMQ Platform is restarting Pods (rolling restart)
2025-01-30 04:03:26,980 DEBUG com.hivemq.helmcharts.util.K8sUtil - Comparing actual state 'ROLLING_RESTART' and waiting for 'RUNNING'
2025-01-30 04:03:27,054 INFO c.h.h.t.HelmChartContainer - [hivemq-test-hivemq-platform] [hivemq-platform-operator] [d3eeb85c] 04:03:27.051 [pool-6-thread-1] DEBUG c.h.p.o.d.PlatformServiceResource - [helmlega] Desired Platform services (4 services)
2025-01-30 04:03:27,065 INFO c.h.h.t.HelmChartContainer - [hivemq-test-hivemq-platform] [hivemq-platform-operator] [d3eeb85c] 04:03:27.052 [pool-6-thread-9] DEBUG c.h.p.o.dependants.PodInfoConfigMap - [helmlega] Desired PodInfo ConfigMap (2 extensions) (1 enabled)
2025-01-30 04:03:27,065 INFO c.h.h.t.HelmChartContainer - [hivemq-test-hivemq-platform] [hivemq-platform-operator] [d3eeb85c] 04:03:27.063 [pool-6-thread-10] DEBUG c.h.p.o.d.PodServiceAccountResource - [helmlega] Desired PodServiceAccountResource (serviceAccountName: hivemq-platform-pod-test-hivemq-legacy-platform)
2025-01-30 04:03:27,065 INFO c.h.h.t.HelmChartContainer - [hivemq-test-hivemq-platform] [hivemq-platform-operator] [d3eeb85c] 04:03:27.063 [pool-6-thread-9] DEBUG c.h.p.o.dependants.PodInfoConfigMap - [helmlega] Desired PodInfo ConfigMap (metrics port: 9399) (metrics path: /)
2025-01-30 04:03:27,065 INFO c.h.h.t.HelmChartContainer - [hivemq-test-hivemq-platform] [hivemq-platform-operator] [d3eeb85c] 04:03:27.063 [pool-6-thread-9] DEBUG c.h.p.o.dependants.PodInfoConfigMap - [helmlega] Desired PodInfo ConfigMap (extension state hash: 259316804)
2025-01-30 04:03:27,066 INFO c.h.h.t.HelmChartContainer - [hivemq-test-hivemq-platform] [hivemq-platform-operator] [d3eeb85c] 04:03:27.065 [pool-6-thread-9] DEBUG c.h.p.o.d.StatefulSetResource - [helmlega] Desired StatefulSet (2 replicas) for status ROLLING_RESTART (RESTART_PODS_IN_PROGRESS)
2025-01-30 04:03:27,069 INFO c.h.h.t.HelmChartContainer - [hivemq-test-hivemq-platform] [hivemq-platform-operator] [d3eeb85c] 04:03:27.068 [ReconcilerExecutor-hivemq-controller-126] INFO  c.h.p.o.HiveMQPlatformReconciler - [helmlega] Reconciling HiveMQ Platform 'test-hivemq-legacy-platform' in namespace 'helmlegacystatefulsetmigrationit-operator'
2025-01-30 04:03:27,071 INFO c.h.h.t.HelmChartContainer - [hivemq-test-hivemq-platform] [hivemq-platform-operator] [d3eeb85c] 04:03:27.069 [ReconcilerExecutor-hivemq-controller-126] DEBUG c.h.p.o.HiveMQPlatformReconciler - [helmlega] Custom Resource Status ROLLING_RESTART - HiveMQ Platform is restarting Pods (rolling restart) (RESTART_PODS_IN_PROGRESS)
2025-01-30 04:03:27,071 INFO c.h.h.t.HelmChartContainer - [hivemq-test-hivemq-platform] [hivemq-platform-operator] [d3eeb85c] 04:03:27.069 [ReconcilerExecutor-hivemq-controller-126] DEBUG c.h.p.o.HiveMQPlatformReconciler - [helmlega] Custom Resource Spec (replicas: 1) (extensions: 2)
2025-01-30 04:03:27,071 INFO c.h.h.t.HelmChartContainer - [hivemq-test-hivemq-platform] [hivemq-platform-operator] [d3eeb85c] 04:03:27.071 [ReconcilerExecutor-hivemq-controller-126] DEBUG c.h.p.o.HiveMQPlatformReconciler - [helmlega] StatefulSet Status (revision: test-hivemq-legacy-platform-65df8dcb7f, replicas: 2, available: 2, ready: 2, current: 1, updated: 1)
2025-01-30 04:03:27,072 INFO c.h.h.t.HelmChartContainer - [hivemq-test-hivemq-platform] [hivemq-platform-operator] [d3eeb85c] 04:03:27.071 [ReconcilerExecutor-hivemq-controller-126] DEBUG c.h.p.o.HiveMQPlatformReconciler - [helmlega] StatefulSet Spec (replicas: 2, init containers: 1, containers: 1, volumes: 6)
2025-01-30 04:03:27,074 INFO c.h.h.t.HelmChartContainer - [hivemq-test-hivemq-platform] [hivemq-platform-operator] [d3eeb85c] 04:03:27.072 [ReconcilerExecutor-hivemq-controller-126] DEBUG c.h.p.o.h.HiveMQPlatformReconcilerErrorHandler - [helmlega] Pod 'test-hivemq-legacy-platform-1' phase Running
2025-01-30 04:03:27,075 INFO c.h.h.t.HelmChartContainer - [hivemq-test-hivemq-platform] [hivemq-platform-operator] [d3eeb85c] 04:03:27.074 [ReconcilerExecutor-hivemq-controller-126] DEBUG c.h.p.o.h.HiveMQPlatformReconcilerErrorHandler - [helmlega] Pod 'test-hivemq-legacy-platform-0' phase Running
2025-01-30 04:03:27,153 INFO c.h.h.t.HelmChartContainer - [hivemq-test-hivemq-platform] [hivemq-platform-operator] [d3eeb85c] 04:03:27.152 [ReconcilerExecutor-hivemq-controller-126] DEBUG c.h.p.o.h.HiveMQPlatformReconcilerRollingRestartHandler - [helmlega] Skipping Pod test-hivemq-legacy-platform-1 as it's already on the controller update revision (update revision: test-hivemq-legacy-platform-65df8dcb7f, pod revision: test-hivemq-legacy-platform-65df8dcb7f)
2025-01-30 04:03:27,163 INFO c.h.h.t.HelmChartContainer - [hivemq-test-hivemq-platform] [hivemq-platform-operator] [d3eeb85c] 04:03:27.162 [ReconcilerExecutor-hivemq-controller-126] DEBUG c.h.p.o.h.HiveMQPlatformReconcilerRollingRestartHandler - [helmlega] The last Pod is running for 59 seconds, the next Pod can be restarted
2025-01-30 04:03:27,163 INFO c.h.h.t.HelmChartContainer - [hivemq-test-hivemq-platform] [hivemq-platform-operator] [d3eeb85c] 04:03:27.162 [ReconcilerExecutor-hivemq-controller-126] INFO  c.h.p.o.h.HiveMQPlatformReconcilerRollingRestartHandler - [helmlega] Restarting Pod test-hivemq-legacy-platform-0 as it's not matching the controller update revision (update revision: test-hivemq-legacy-platform-65df8dcb7f, pod revision: test-hivemq-legacy-platform-84fd8d4856)
2025-01-30 04:03:27,182 INFO c.h.h.t.HelmChartContainer - [POD] test-hivemq-legacy-platform-0 [5c0860bb-093b-4e48-a63e-f9cc0745fd13] in helmlegacystatefulsetmigrationit-operator was MODIFIED
2025-01-30 04:03:27,189 INFO c.h.h.t.HelmChartContainer - [hivemq-test-hivemq-platform] [hivemq-platform-operator] [d3eeb85c] 04:03:27.188 [pool-6-thread-20] DEBUG c.h.p.o.d.PlatformServiceResource - [helmlega] Desired Platform services (4 services)
2025-01-30 04:03:27,197 INFO c.h.h.t.HelmChartContainer - [hivemq-test-hivemq-platform] [hivemq-platform-operator] [d3eeb85c] 04:03:27.192 [pool-6-thread-14] DEBUG c.h.p.o.d.PodServiceAccountResource - [helmlega] Desired PodServiceAccountResource (serviceAccountName: hivemq-platform-pod-test-hivemq-legacy-platform)
2025-01-30 04:03:27,201 INFO c.h.h.t.HelmChartContainer - [EVENT] Normal [Killing] Stopping container hivemq [helmlegacystatefulsetmigrationit-operator:test-hivemq-legacy-platform-0]
2025-01-30 04:03:27,201 INFO c.h.h.t.HelmChartContainer - Received Killing event for container hivemq in pod test-hivemq-legacy-platform-0 [5c0860bb-093b-4e48-a63e-f9cc0745fd13]
2025-01-30 04:03:27,202 INFO c.h.h.t.HelmChartContainer - Container [test-hivemq-legacy-platform-0] [hivemq] [5c0860bb-093b-4e48-a63e-f9cc0745fd13] was terminated
2025-01-30 04:03:27,202 INFO c.h.h.t.HelmChartContainer - Stopped log watcher for hivemq in pod test-hivemq-legacy-platform-0 [5c0860bb-093b-4e48-a63e-f9cc0745fd13]
2025-01-30 04:03:27,251 INFO c.h.h.t.HelmChartContainer - [hivemq-test-hivemq-platform] [hivemq-platform-operator] [d3eeb85c] 04:03:27.250 [pool-6-thread-12] DEBUG c.h.p.o.dependants.PodInfoConfigMap - [helmlega] Desired PodInfo ConfigMap (2 extensions) (1 enabled)
2025-01-30 04:03:27,253 INFO c.h.h.t.HelmChartContainer - [hivemq-test-hivemq-platform] [hivemq-platform-operator] [d3eeb85c] 04:03:27.250 [pool-6-thread-12] DEBUG c.h.p.o.dependants.PodInfoConfigMap - [helmlega] Desired PodInfo ConfigMap (metrics port: 9399) (metrics path: /)
2025-01-30 04:03:27,253 INFO c.h.h.t.HelmChartContainer - [hivemq-test-hivemq-platform] [hivemq-platform-operator] [d3eeb85c] 04:03:27.251 [pool-6-thread-12] DEBUG c.h.p.o.dependants.PodInfoConfigMap - [helmlega] Desired PodInfo ConfigMap (extension state hash: 259316804)
2025-01-30 04:03:27,256 INFO c.h.h.t.HelmChartContainer - [hivemq-test-hivemq-platform] [hivemq-platform-operator] [d3eeb85c] 04:03:27.255 [pool-6-thread-20] DEBUG c.h.p.o.d.StatefulSetResource - [helmlega] Desired StatefulSet (2 replicas) for status ROLLING_RESTART (RESTART_PODS_IN_PROGRESS)
2025-01-30 04:03:27,265 INFO c.h.h.t.HelmChartContainer - [hivemq-test-hivemq-platform] [hivemq-platform-operator] [d3eeb85c] 04:03:27.265 [ReconcilerExecutor-hivemq-controller-127] INFO  c.h.p.o.HiveMQPlatformReconciler - [helmlega] Reconciling HiveMQ Platform 'test-hivemq-legacy-platform' in namespace 'helmlegacystatefulsetmigrationit-operator'
2025-01-30 04:03:27,266 INFO c.h.h.t.HelmChartContainer - [hivemq-test-hivemq-platform] [hivemq-platform-operator] [d3eeb85c] 04:03:27.265 [ReconcilerExecutor-hivemq-controller-127] DEBUG c.h.p.o.HiveMQPlatformReconciler - [helmlega] Custom Resource Status ROLLING_RESTART - HiveMQ Platform is restarting Pods (rolling restart) (RESTART_PODS_IN_PROGRESS)
2025-01-30 04:03:27,266 INFO c.h.h.t.HelmChartContainer - [hivemq-test-hivemq-platform] [hivemq-platform-operator] [d3eeb85c] 04:03:27.265 [ReconcilerExecutor-hivemq-controller-127] DEBUG c.h.p.o.HiveMQPlatformReconciler - [helmlega] Custom Resource Spec (replicas: 1) (extensions: 2)
2025-01-30 04:03:27,267 INFO c.h.h.t.HelmChartContainer - [hivemq-test-hivemq-platform] [hivemq-platform-operator] [d3eeb85c] 04:03:27.266 [ReconcilerExecutor-hivemq-controller-127] DEBUG c.h.p.o.HiveMQPlatformReconciler - [helmlega] StatefulSet Status (revision: test-hivemq-legacy-platform-65df8dcb7f, replicas: 2, available: 2, ready: 2, current: 1, updated: 1)
2025-01-30 04:03:27,267 INFO c.h.h.t.HelmChartContainer - [hivemq-test-hivemq-platform] [hivemq-platform-operator] [d3eeb85c] 04:03:27.266 [ReconcilerExecutor-hivemq-controller-127] DEBUG c.h.p.o.HiveMQPlatformReconciler - [helmlega] StatefulSet Spec (replicas: 2, init containers: 1, containers: 1, volumes: 6)
2025-01-30 04:03:27,268 INFO c.h.h.t.HelmChartContainer - [hivemq-test-hivemq-platform] [hivemq-platform-operator] [d3eeb85c] 04:03:27.268 [ReconcilerExecutor-hivemq-controller-127] DEBUG c.h.p.o.h.HiveMQPlatformReconcilerErrorHandler - [helmlega] Pod 'test-hivemq-legacy-platform-1' phase Running
2025-01-30 04:03:27,270 INFO c.h.h.t.HelmChartContainer - [hivemq-test-hivemq-platform] [hivemq-platform-operator] [d3eeb85c] 04:03:27.269 [ReconcilerExecutor-hivemq-controller-127] DEBUG c.h.p.o.h.HiveMQPlatformReconcilerErrorHandler - [helmlega] Pod 'test-hivemq-legacy-platform-0' phase Running
2025-01-30 04:03:27,276 INFO c.h.h.t.HelmChartContainer - [hivemq-test-hivemq-platform] [hivemq-platform-operator] [d3eeb85c] 04:03:27.274 [ReconcilerExecutor-hivemq-controller-127] DEBUG c.h.p.o.h.HiveMQPlatformReconcilerRollingRestartHandler - [helmlega] Skipping Pod test-hivemq-legacy-platform-1 as it's already on the controller update revision (update revision: test-hivemq-legacy-platform-65df8dcb7f, pod revision: test-hivemq-legacy-platform-65df8dcb7f)
2025-01-30 04:03:27,349 INFO c.h.h.t.HelmChartContainer - [hivemq-test-hivemq-platform] [hivemq-platform-operator] [d3eeb85c] 04:03:27.348 [ReconcilerExecutor-hivemq-controller-127] DEBUG c.h.p.o.h.HiveMQPlatformReconcilerRollingRestartHandler - [helmlega] The last Pod is running for 59 seconds, the next Pod can be restarted
2025-01-30 04:03:27,349 INFO c.h.h.t.HelmChartContainer - [hivemq-test-hivemq-platform] [hivemq-platform-operator] [d3eeb85c] 04:03:27.348 [ReconcilerExecutor-hivemq-controller-127] INFO  c.h.p.o.h.HiveMQPlatformReconcilerRollingRestartHandler - [helmlega] Restarting Pod test-hivemq-legacy-platform-0 as it's not matching the controller update revision (update revision: test-hivemq-legacy-platform-65df8dcb7f, pod revision: test-hivemq-legacy-platform-84fd8d4856)
2025-01-30 04:03:27,391 INFO c.h.h.t.HelmChartContainer - [test-hivemq-legacy-platform] [hivemq] [5c0860bb] INFO  - Shutting down HiveMQ. Please wait, this could take a while...
2025-01-30 04:03:27,399 INFO c.h.h.t.HelmChartContainer - [test-hivemq-legacy-platform] [hivemq] [5c0860bb] INFO  - Shutting down listeners and clients
2025-01-30 04:03:27,401 INFO c.h.h.t.HelmChartContainer - [test-hivemq-legacy-platform] [hivemq] [5c0860bb] INFO  - Shutdown of listeners is done
2025-01-30 04:03:27,403 INFO c.h.h.t.HelmChartContainer - [test-hivemq-legacy-platform] [hivemq] [5c0860bb] INFO  - No clients are connected, proceeding with shutdown
2025-01-30 04:03:28,420 INFO c.h.h.t.HelmChartContainer - [test-hivemq-legacy-platform] [hivemq] [6a694368] INFO  - [HiveMQ Platform Operator Init App 1.7.0-SNAPSHOT] Returning Health API response 200 for liveness
2025-01-30 04:03:30,722 INFO c.h.h.t.HelmChartContainer - [test-hivemq-legacy-platform] [hivemq] [5c0860bb] INFO  - Shutting down extension system
2025-01-30 04:03:30,727 INFO c.h.h.t.HelmChartContainer - [test-hivemq-legacy-platform] [hivemq] [5c0860bb] INFO  - Stopping extension with id hivemq-dns-cluster-discovery
2025-01-30 04:03:30,727 INFO c.h.h.t.HelmChartContainer - [test-hivemq-legacy-platform] [hivemq] [5c0860bb] INFO  - Extension "DNS Cluster Discovery Extension" version 4.3.3 stopped successfully.
2025-01-30 04:03:30,728 INFO c.h.h.t.HelmChartContainer - [test-hivemq-legacy-platform] [hivemq] [5c0860bb] INFO  - Stopping extension with id hivemq-prometheus-extension
2025-01-30 04:03:30,733 INFO c.h.h.t.HelmChartContainer - [test-hivemq-legacy-platform] [hivemq] [5c0860bb] INFO  - Extension "Prometheus Monitoring Extension" version 4.0.13 stopped successfully.
2025-01-30 04:03:30,733 INFO c.h.h.t.HelmChartContainer - [test-hivemq-legacy-platform] [hivemq] [5c0860bb] INFO  - Stopping extension with id hivemq-k8s-sync-extension
2025-01-30 04:03:30,733 INFO c.h.h.t.HelmChartContainer - [test-hivemq-legacy-platform] [hivemq] [5c0860bb] INFO  - Stopped HiveMQ Kubernetes State Synchronization Extension:1.0.3
2025-01-30 04:03:30,733 INFO c.h.h.t.HelmChartContainer - [test-hivemq-legacy-platform] [hivemq] [5c0860bb] INFO  - Extension "HiveMQ Kubernetes State Synchronization Extension" version 1.0.3 stopped successfully.
2025-01-30 04:03:30,733 INFO c.h.h.t.HelmChartContainer - [test-hivemq-legacy-platform] [hivemq] [5c0860bb] INFO  - Stopping extension with id hivemq-enterprise-security-extension
2025-01-30 04:03:30,733 INFO c.h.h.t.HelmChartContainer - [test-hivemq-legacy-platform] [hivemq] [5c0860bb] INFO  - HiveMQ Enterprise Security Extension: Shutting down HiveMQ Enterprise Security Extension.
2025-01-30 04:03:33,735 INFO c.h.h.t.HelmChartContainer - [test-hivemq-legacy-platform] [hivemq] [5c0860bb] INFO  - HiveMQ Enterprise Security Extension: Stopped HiveMQ Enterprise Security Extension successfully in 3002ms.
2025-01-30 04:03:33,735 INFO c.h.h.t.HelmChartContainer - [test-hivemq-legacy-platform] [hivemq] [5c0860bb] INFO  - Extension "HiveMQ Enterprise Security Extension" version 4.36.0 stopped successfully.
2025-01-30 04:03:33,810 INFO c.h.h.t.HelmChartContainer - [test-hivemq-legacy-platform] [hivemq] [6a694368] INFO  - Cluster nodes found by discovery: [MZpFl|2] (1) [MZpFl].
2025-01-30 04:03:33,902 INFO c.h.h.t.HelmChartContainer - [test-hivemq-legacy-platform] [hivemq] [6a694368] INFO  - Cluster size = 1, members : [MZpFl].
2025-01-30 04:03:36,944 INFO c.h.h.t.HelmChartContainer - [test-hivemq-legacy-platform] [hivemq] [5c0860bb] INFO  - Shutdown completed.
2025-01-30 04:03:37,359 INFO c.h.h.t.HelmChartContainer - [hivemq-test-hivemq-platform] [hivemq-platform-operator] [d3eeb85c] 04:03:37.357 [pool-6-thread-22] DEBUG c.h.p.o.d.PlatformServiceResource - [helmlega] Desired Platform services (4 services)
2025-01-30 04:03:37,363 INFO c.h.h.t.HelmChartContainer - [hivemq-test-hivemq-platform] [hivemq-platform-operator] [d3eeb85c] 04:03:37.358 [pool-6-thread-23] DEBUG c.h.p.o.dependants.PodInfoConfigMap - [helmlega] Desired PodInfo ConfigMap (2 extensions) (1 enabled)
2025-01-30 04:03:37,363 INFO c.h.h.t.HelmChartContainer - [hivemq-test-hivemq-platform] [hivemq-platform-operator] [d3eeb85c] 04:03:37.358 [pool-6-thread-23] DEBUG c.h.p.o.dependants.PodInfoConfigMap - [helmlega] Desired PodInfo ConfigMap (metrics port: 9399) (metrics path: /)
2025-01-30 04:03:37,363 INFO c.h.h.t.HelmChartContainer - [hivemq-test-hivemq-platform] [hivemq-platform-operator] [d3eeb85c] 04:03:37.358 [pool-6-thread-23] DEBUG c.h.p.o.dependants.PodInfoConfigMap - [helmlega] Desired PodInfo ConfigMap (extension state hash: 259316804)
2025-01-30 04:03:37,363 INFO c.h.h.t.HelmChartContainer - [hivemq-test-hivemq-platform] [hivemq-platform-operator] [d3eeb85c] 04:03:37.359 [pool-6-thread-29] DEBUG c.h.p.o.d.PodServiceAccountResource - [helmlega] Desired PodServiceAccountResource (serviceAccountName: hivemq-platform-pod-test-hivemq-legacy-platform)
2025-01-30 04:03:37,366 INFO c.h.h.t.HelmChartContainer - [hivemq-test-hivemq-platform] [hivemq-platform-operator] [d3eeb85c] 04:03:37.365 [pool-6-thread-29] DEBUG c.h.p.o.d.StatefulSetResource - [helmlega] Desired StatefulSet (2 replicas) for status ROLLING_RESTART (RESTART_PODS_IN_PROGRESS)
2025-01-30 04:03:37,369 INFO c.h.h.t.HelmChartContainer - [hivemq-test-hivemq-platform] [hivemq-platform-operator] [d3eeb85c] 04:03:37.368 [ReconcilerExecutor-hivemq-controller-128] INFO  c.h.p.o.HiveMQPlatformReconciler - [helmlega] Reconciling HiveMQ Platform 'test-hivemq-legacy-platform' in namespace 'helmlegacystatefulsetmigrationit-operator'
2025-01-30 04:03:37,369 INFO c.h.h.t.HelmChartContainer - [hivemq-test-hivemq-platform] [hivemq-platform-operator] [d3eeb85c] 04:03:37.368 [ReconcilerExecutor-hivemq-controller-128] DEBUG c.h.p.o.HiveMQPlatformReconciler - [helmlega] Custom Resource Status ROLLING_RESTART - HiveMQ Platform is restarting Pods (rolling restart) (RESTART_PODS_IN_PROGRESS)
2025-01-30 04:03:37,371 INFO c.h.h.t.HelmChartContainer - [hivemq-test-hivemq-platform] [hivemq-platform-operator] [d3eeb85c] 04:03:37.368 [ReconcilerExecutor-hivemq-controller-128] DEBUG c.h.p.o.HiveMQPlatformReconciler - [helmlega] Custom Resource Spec (replicas: 1) (extensions: 2)
2025-01-30 04:03:37,371 INFO c.h.h.t.HelmChartContainer - [hivemq-test-hivemq-platform] [hivemq-platform-operator] [d3eeb85c] 04:03:37.370 [ReconcilerExecutor-hivemq-controller-128] DEBUG c.h.p.o.HiveMQPlatformReconciler - [helmlega] StatefulSet Status (revision: test-hivemq-legacy-platform-65df8dcb7f, replicas: 2, available: 2, ready: 2, current: 1, updated: 1)
2025-01-30 04:03:37,371 INFO c.h.h.t.HelmChartContainer - [hivemq-test-hivemq-platform] [hivemq-platform-operator] [d3eeb85c] 04:03:37.370 [ReconcilerExecutor-hivemq-controller-128] DEBUG c.h.p.o.HiveMQPlatformReconciler - [helmlega] StatefulSet Spec (replicas: 2, init containers: 1, containers: 1, volumes: 6)
2025-01-30 04:03:37,373 INFO c.h.h.t.HelmChartContainer - [hivemq-test-hivemq-platform] [hivemq-platform-operator] [d3eeb85c] 04:03:37.372 [ReconcilerExecutor-hivemq-controller-128] DEBUG c.h.p.o.h.HiveMQPlatformReconcilerErrorHandler - [helmlega] Pod 'test-hivemq-legacy-platform-1' phase Running
2025-01-30 04:03:37,376 INFO c.h.h.t.HelmChartContainer - [hivemq-test-hivemq-platform] [hivemq-platform-operator] [d3eeb85c] 04:03:37.374 [ReconcilerExecutor-hivemq-controller-128] DEBUG c.h.p.o.h.HiveMQPlatformReconcilerErrorHandler - [helmlega] Pod 'test-hivemq-legacy-platform-0' phase Running
2025-01-30 04:03:37,451 INFO c.h.h.t.HelmChartContainer - [hivemq-test-hivemq-platform] [hivemq-platform-operator] [d3eeb85c] 04:03:37.450 [ReconcilerExecutor-hivemq-controller-128] DEBUG c.h.p.o.h.HiveMQPlatformReconcilerRollingRestartHandler - [helmlega] Skipping Pod test-hivemq-legacy-platform-1 as it's already on the controller update revision (update revision: test-hivemq-legacy-platform-65df8dcb7f, pod revision: test-hivemq-legacy-platform-65df8dcb7f)
2025-01-30 04:03:37,465 INFO c.h.h.t.HelmChartContainer - [hivemq-test-hivemq-platform] [hivemq-platform-operator] [d3eeb85c] 04:03:37.464 [ReconcilerExecutor-hivemq-controller-128] DEBUG c.h.p.o.h.HiveMQPlatformReconcilerRollingRestartHandler - [helmlega] The last Pod is running for 69 seconds, the next Pod can be restarted
2025-01-30 04:03:37,466 INFO c.h.h.t.HelmChartContainer - [hivemq-test-hivemq-platform] [hivemq-platform-operator] [d3eeb85c] 04:03:37.464 [ReconcilerExecutor-hivemq-controller-128] INFO  c.h.p.o.h.HiveMQPlatformReconcilerRollingRestartHandler - [helmlega] Restarting Pod test-hivemq-legacy-platform-0 as it's not matching the controller update revision (update revision: test-hivemq-legacy-platform-65df8dcb7f, pod revision: test-hivemq-legacy-platform-84fd8d4856)
2025-01-30 04:03:37,491 INFO c.h.h.t.HelmChartContainer - [POD] test-hivemq-legacy-platform-0 [5c0860bb-093b-4e48-a63e-f9cc0745fd13] in helmlegacystatefulsetmigrationit-operator was MODIFIED
2025-01-30 04:03:37,501 INFO c.h.h.t.HelmChartContainer - [hivemq-test-hivemq-platform] [hivemq-platform-operator] [d3eeb85c] 04:03:37.496 [pool-6-thread-40] DEBUG c.h.p.o.d.PlatformServiceResource - [helmlega] Desired Platform services (4 services)
2025-01-30 04:03:37,554 INFO c.h.h.t.HelmChartContainer - [hivemq-test-hivemq-platform] [hivemq-platform-operator] [d3eeb85c] 04:03:37.549 [pool-6-thread-34] DEBUG c.h.p.o.dependants.PodInfoConfigMap - [helmlega] Desired PodInfo ConfigMap (2 extensions) (1 enabled)
2025-01-30 04:03:37,555 INFO c.h.h.t.HelmChartContainer - [hivemq-test-hivemq-platform] [hivemq-platform-operator] [d3eeb85c] 04:03:37.549 [pool-6-thread-34] DEBUG c.h.p.o.dependants.PodInfoConfigMap - [helmlega] Desired PodInfo ConfigMap (metrics port: 9399) (metrics path: /)
2025-01-30 04:03:37,555 INFO c.h.h.t.HelmChartContainer - [hivemq-test-hivemq-platform] [hivemq-platform-operator] [d3eeb85c] 04:03:37.549 [pool-6-thread-34] DEBUG c.h.p.o.dependants.PodInfoConfigMap - [helmlega] Desired PodInfo ConfigMap (extension state hash: 259316804)
2025-01-30 04:03:37,557 INFO c.h.h.t.HelmChartContainer - [hivemq-test-hivemq-platform] [hivemq-platform-operator] [d3eeb85c] 04:03:37.550 [pool-6-thread-39] DEBUG c.h.p.o.d.PodServiceAccountResource - [helmlega] Desired PodServiceAccountResource (serviceAccountName: hivemq-platform-pod-test-hivemq-legacy-platform)
2025-01-30 04:03:37,557 INFO c.h.h.t.HelmChartContainer - [hivemq-test-hivemq-platform] [hivemq-platform-operator] [d3eeb85c] 04:03:37.554 [pool-6-thread-40] DEBUG c.h.p.o.d.StatefulSetResource - [helmlega] Desired StatefulSet (2 replicas) for status ROLLING_RESTART (RESTART_PODS_IN_PROGRESS)
2025-01-30 04:03:37,568 INFO c.h.h.t.HelmChartContainer - [hivemq-test-hivemq-platform] [hivemq-platform-operator] [d3eeb85c] 04:03:37.565 [ReconcilerExecutor-hivemq-controller-129] INFO  c.h.p.o.HiveMQPlatformReconciler - [helmlega] Reconciling HiveMQ Platform 'test-hivemq-legacy-platform' in namespace 'helmlegacystatefulsetmigrationit-operator'
2025-01-30 04:03:37,568 INFO c.h.h.t.HelmChartContainer - [hivemq-test-hivemq-platform] [hivemq-platform-operator] [d3eeb85c] 04:03:37.566 [ReconcilerExecutor-hivemq-controller-129] DEBUG c.h.p.o.HiveMQPlatformReconciler - [helmlega] Custom Resource Status ROLLING_RESTART - HiveMQ Platform is restarting Pods (rolling restart) (RESTART_PODS_IN_PROGRESS)
2025-01-30 04:03:37,568 INFO c.h.h.t.HelmChartContainer - [hivemq-test-hivemq-platform] [hivemq-platform-operator] [d3eeb85c] 04:03:37.566 [ReconcilerExecutor-hivemq-controller-129] DEBUG c.h.p.o.HiveMQPlatformReconciler - [helmlega] Custom Resource Spec (replicas: 1) (extensions: 2)
2025-01-30 04:03:37,568 INFO c.h.h.t.HelmChartContainer - [hivemq-test-hivemq-platform] [hivemq-platform-operator] [d3eeb85c] 04:03:37.567 [ReconcilerExecutor-hivemq-controller-129] DEBUG c.h.p.o.HiveMQPlatformReconciler - [helmlega] StatefulSet Status (revision: test-hivemq-legacy-platform-65df8dcb7f, replicas: 2, available: 1, ready: 1, current: 1, updated: 1)
2025-01-30 04:03:37,569 INFO c.h.h.t.HelmChartContainer - [hivemq-test-hivemq-platform] [hivemq-platform-operator] [d3eeb85c] 04:03:37.567 [ReconcilerExecutor-hivemq-controller-129] DEBUG c.h.p.o.HiveMQPlatformReconciler - [helmlega] StatefulSet Spec (replicas: 2, init containers: 1, containers: 1, volumes: 6)
2025-01-30 04:03:37,570 INFO c.h.h.t.HelmChartContainer - [hivemq-test-hivemq-platform] [hivemq-platform-operator] [d3eeb85c] 04:03:37.569 [ReconcilerExecutor-hivemq-controller-129] DEBUG c.h.p.o.h.HiveMQPlatformReconcilerErrorHandler - [helmlega] Pod 'test-hivemq-legacy-platform-1' phase Running
2025-01-30 04:03:37,573 INFO c.h.h.t.HelmChartContainer - [hivemq-test-hivemq-platform] [hivemq-platform-operator] [d3eeb85c] 04:03:37.572 [ReconcilerExecutor-hivemq-controller-129] DEBUG c.h.p.o.h.HiveMQPlatformReconcilerErrorHandler - [helmlega] Pod 'test-hivemq-legacy-platform-0' phase Failed
2025-01-30 04:03:37,574 INFO c.h.h.t.HelmChartContainer - [hivemq-test-hivemq-platform] [hivemq-platform-operator] [d3eeb85c] 04:03:37.572 [ReconcilerExecutor-hivemq-controller-129] DEBUG c.h.p.o.h.HiveMQPlatformReconcilerErrorHandler - [helmlega] Pod 'test-hivemq-legacy-platform-0' condition 'PodReadyToStartContainers': False
2025-01-30 04:03:37,574 INFO c.h.h.t.HelmChartContainer - [hivemq-test-hivemq-platform] [hivemq-platform-operator] [d3eeb85c] 04:03:37.573 [ReconcilerExecutor-hivemq-controller-129] DEBUG c.h.p.o.h.HiveMQPlatformReconcilerErrorHandler - [helmlega] Pod 'test-hivemq-legacy-platform-0' condition 'Initialized': True
2025-01-30 04:03:37,575 INFO c.h.h.t.HelmChartContainer - [hivemq-test-hivemq-platform] [hivemq-platform-operator] [d3eeb85c] 04:03:37.573 [ReconcilerExecutor-hivemq-controller-129] DEBUG c.h.p.o.h.HiveMQPlatformReconcilerErrorHandler - [helmlega] Pod 'test-hivemq-legacy-platform-0' condition 'Ready': False
2025-01-30 04:03:37,575 INFO c.h.h.t.HelmChartContainer - [hivemq-test-hivemq-platform] [hivemq-platform-operator] [d3eeb85c] 04:03:37.573 [ReconcilerExecutor-hivemq-controller-129] DEBUG c.h.p.o.h.HiveMQPlatformReconcilerErrorHandler - [helmlega] Pod 'test-hivemq-legacy-platform-0' condition 'ContainersReady': False
2025-01-30 04:03:37,576 INFO c.h.h.t.HelmChartContainer - [hivemq-test-hivemq-platform] [hivemq-platform-operator] [d3eeb85c] 04:03:37.573 [ReconcilerExecutor-hivemq-controller-129] DEBUG c.h.p.o.h.HiveMQPlatformReconcilerErrorHandler - [helmlega] Pod 'test-hivemq-legacy-platform-0' condition 'PodScheduled': True
2025-01-30 04:03:37,576 INFO c.h.h.t.HelmChartContainer - [hivemq-test-hivemq-platform] [hivemq-platform-operator] [d3eeb85c] 04:03:37.573 [ReconcilerExecutor-hivemq-controller-129] DEBUG c.h.p.o.h.HiveMQPlatformReconcilerErrorHandler - [helmlega] Pod 'test-hivemq-legacy-platform-0' containerStatus 'hivemq' (started: false) (ready: false) (waiting: [Unknown] no message)
2025-01-30 04:03:37,576 INFO c.h.h.t.HelmChartContainer - [hivemq-test-hivemq-platform] [hivemq-platform-operator] [d3eeb85c] 04:03:37.574 [ReconcilerExecutor-hivemq-controller-129] DEBUG c.h.p.o.h.HiveMQPlatformReconcilerRollingRestartHandler - [helmlega] Rolling restart is waiting for 1 of 2 replicas
2025-01-30 04:03:37,619 INFO c.h.h.t.HelmChartContainer - [K3S] [reconciler_common.go:162] "operationExecutor.UnmountVolume started for volume \"backup\" (UniqueName: \"kubernetes.io/empty-dir/5c0860bb-093b-4e48-a63e-f9cc0745fd13-backup\") pod \"5c0860bb-093b-4e48-a63e-f9cc0745fd13\" (UID: \"5c0860bb-093b-4e48-a63e-f9cc0745fd13\") "
2025-01-30 04:03:37,619 INFO c.h.h.t.HelmChartContainer - [K3S] [reconciler_common.go:162] "operationExecutor.UnmountVolume started for volume \"dns-wait-config\" (UniqueName: \"kubernetes.io/configmap/5c0860bb-093b-4e48-a63e-f9cc0745fd13-dns-wait-config\") pod \"5c0860bb-093b-4e48-a63e-f9cc0745fd13\" (UID: \"5c0860bb-093b-4e48-a63e-f9cc0745fd13\") "
2025-01-30 04:03:37,619 INFO c.h.h.t.HelmChartContainer - [K3S] [reconciler_common.go:162] "operationExecutor.UnmountVolume started for volume \"conf-override\" (UniqueName: \"kubernetes.io/empty-dir/5c0860bb-093b-4e48-a63e-f9cc0745fd13-conf-override\") pod \"5c0860bb-093b-4e48-a63e-f9cc0745fd13\" (UID: \"5c0860bb-093b-4e48-a63e-f9cc0745fd13\") "
2025-01-30 04:03:37,620 INFO c.h.h.t.HelmChartContainer - [K3S] [reconciler_common.go:162] "operationExecutor.UnmountVolume started for volume \"heap-dumps\" (UniqueName: \"kubernetes.io/empty-dir/5c0860bb-093b-4e48-a63e-f9cc0745fd13-heap-dumps\") pod \"5c0860bb-093b-4e48-a63e-f9cc0745fd13\" (UID: \"5c0860bb-093b-4e48-a63e-f9cc0745fd13\") "
2025-01-30 04:03:37,620 INFO c.h.h.t.HelmChartContainer - [K3S] [reconciler_common.go:162] "operationExecutor.UnmountVolume started for volume \"ese-file-realm\" (UniqueName: \"kubernetes.io/configmap/5c0860bb-093b-4e48-a63e-f9cc0745fd13-ese-file-realm\") pod \"5c0860bb-093b-4e48-a63e-f9cc0745fd13\" (UID: \"5c0860bb-093b-4e48-a63e-f9cc0745fd13\") "
2025-01-30 04:03:37,620 INFO c.h.h.t.HelmChartContainer - [K3S] [reconciler_common.go:162] "operationExecutor.UnmountVolume started for volume \"live-info\" (UniqueName: \"kubernetes.io/configmap/5c0860bb-093b-4e48-a63e-f9cc0745fd13-live-info\") pod \"5c0860bb-093b-4e48-a63e-f9cc0745fd13\" (UID: \"5c0860bb-093b-4e48-a63e-f9cc0745fd13\") "
2025-01-30 04:03:37,620 INFO c.h.h.t.HelmChartContainer - [K3S] [reconciler_common.go:162] "operationExecutor.UnmountVolume started for volume \"shared-data\" (UniqueName: \"kubernetes.io/empty-dir/5c0860bb-093b-4e48-a63e-f9cc0745fd13-shared-data\") pod \"5c0860bb-093b-4e48-a63e-f9cc0745fd13\" (UID: \"5c0860bb-093b-4e48-a63e-f9cc0745fd13\") "
2025-01-30 04:03:37,620 INFO c.h.h.t.HelmChartContainer - [K3S] [reconciler_common.go:162] "operationExecutor.UnmountVolume started for volume \"kube-api-access-w266n\" (UniqueName: \"kubernetes.io/projected/5c0860bb-093b-4e48-a63e-f9cc0745fd13-kube-api-access-w266n\") pod \"5c0860bb-093b-4e48-a63e-f9cc0745fd13\" (UID: \"5c0860bb-093b-4e48-a63e-f9cc0745fd13\") "
2025-01-30 04:03:37,620 INFO c.h.h.t.HelmChartContainer - [K3S] [reconciler_common.go:162] "operationExecutor.UnmountVolume started for volume \"data\" (UniqueName: \"kubernetes.io/local-volume/pvc-802e651d-fc83-4b06-b74c-09e179a52d9a\") pod \"5c0860bb-093b-4e48-a63e-f9cc0745fd13\" (UID: \"5c0860bb-093b-4e48-a63e-f9cc0745fd13\") "
2025-01-30 04:03:37,620 INFO c.h.h.t.HelmChartContainer - [K3S] [reconciler_common.go:162] "operationExecutor.UnmountVolume started for volume \"ese-configuration\" (UniqueName: \"kubernetes.io/configmap/5c0860bb-093b-4e48-a63e-f9cc0745fd13-ese-configuration\") pod \"5c0860bb-093b-4e48-a63e-f9cc0745fd13\" (UID: \"5c0860bb-093b-4e48-a63e-f9cc0745fd13\") "
2025-01-30 04:03:37,620 INFO c.h.h.t.HelmChartContainer - [K3S] [reconciler_common.go:162] "operationExecutor.UnmountVolume started for volume \"audit\" (UniqueName: \"kubernetes.io/empty-dir/5c0860bb-093b-4e48-a63e-f9cc0745fd13-audit\") pod \"5c0860bb-093b-4e48-a63e-f9cc0745fd13\" (UID: \"5c0860bb-093b-4e48-a63e-f9cc0745fd13\") "
2025-01-30 04:03:37,620 INFO c.h.h.t.HelmChartContainer - [K3S] [reconciler_common.go:162] "operationExecutor.UnmountVolume started for volume \"log\" (UniqueName: \"kubernetes.io/empty-dir/5c0860bb-093b-4e48-a63e-f9cc0745fd13-log\") pod \"5c0860bb-093b-4e48-a63e-f9cc0745fd13\" (UID: \"5c0860bb-093b-4e48-a63e-f9cc0745fd13\") "
2025-01-30 04:03:37,653 INFO c.h.h.t.HelmChartContainer - [hivemq-test-hivemq-platform] [hivemq-platform-operator] [d3eeb85c] 04:03:37.651 [pool-6-thread-41] DEBUG c.h.p.o.d.PlatformServiceResource - [helmlega] Desired Platform services (4 services)
2025-01-30 04:03:37,653 INFO c.h.h.t.HelmChartContainer - [hivemq-test-hivemq-platform] [hivemq-platform-operator] [d3eeb85c] 04:03:37.652 [pool-6-thread-46] DEBUG c.h.p.o.d.PodServiceAccountResource - [helmlega] Desired PodServiceAccountResource (serviceAccountName: hivemq-platform-pod-test-hivemq-legacy-platform)
2025-01-30 04:03:37,654 INFO c.h.h.t.HelmChartContainer - [hivemq-test-hivemq-platform] [hivemq-platform-operator] [d3eeb85c] 04:03:37.653 [pool-6-thread-42] DEBUG c.h.p.o.dependants.PodInfoConfigMap - [helmlega] Desired PodInfo ConfigMap (2 extensions) (1 enabled)
2025-01-30 04:03:37,655 INFO c.h.h.t.HelmChartContainer - [hivemq-test-hivemq-platform] [hivemq-platform-operator] [d3eeb85c] 04:03:37.653 [pool-6-thread-42] DEBUG c.h.p.o.dependants.PodInfoConfigMap - [helmlega] Desired PodInfo ConfigMap (metrics port: 9399) (metrics path: /)
2025-01-30 04:03:37,655 INFO c.h.h.t.HelmChartContainer - [hivemq-test-hivemq-platform] [hivemq-platform-operator] [d3eeb85c] 04:03:37.653 [pool-6-thread-42] DEBUG c.h.p.o.dependants.PodInfoConfigMap - [helmlega] Desired PodInfo ConfigMap (extension state hash: 259316804)
2025-01-30 04:03:37,664 INFO c.h.h.t.HelmChartContainer - [hivemq-test-hivemq-platform] [hivemq-platform-operator] [d3eeb85c] 04:03:37.664 [pool-6-thread-41] DEBUG c.h.p.o.d.StatefulSetResource - [helmlega] Desired StatefulSet (2 replicas) for status ROLLING_RESTART (RESTART_PODS_IN_PROGRESS)
2025-01-30 04:03:37,669 INFO c.h.h.t.HelmChartContainer - [hivemq-test-hivemq-platform] [hivemq-platform-operator] [d3eeb85c] 04:03:37.666 [ReconcilerExecutor-hivemq-controller-130] INFO  c.h.p.o.HiveMQPlatformReconciler - [helmlega] Reconciling HiveMQ Platform 'test-hivemq-legacy-platform' in namespace 'helmlegacystatefulsetmigrationit-operator'
2025-01-30 04:03:37,669 INFO c.h.h.t.HelmChartContainer - [hivemq-test-hivemq-platform] [hivemq-platform-operator] [d3eeb85c] 04:03:37.666 [ReconcilerExecutor-hivemq-controller-130] DEBUG c.h.p.o.HiveMQPlatformReconciler - [helmlega] Custom Resource Status ROLLING_RESTART - HiveMQ Platform is restarting Pods (rolling restart) (RESTART_PODS_IN_PROGRESS)
2025-01-30 04:03:37,669 INFO c.h.h.t.HelmChartContainer - [hivemq-test-hivemq-platform] [hivemq-platform-operator] [d3eeb85c] 04:03:37.666 [ReconcilerExecutor-hivemq-controller-130] DEBUG c.h.p.o.HiveMQPlatformReconciler - [helmlega] Custom Resource Spec (replicas: 1) (extensions: 2)
2025-01-30 04:03:37,669 INFO c.h.h.t.HelmChartContainer - [hivemq-test-hivemq-platform] [hivemq-platform-operator] [d3eeb85c] 04:03:37.668 [ReconcilerExecutor-hivemq-controller-130] DEBUG c.h.p.o.HiveMQPlatformReconciler - [helmlega] StatefulSet Status (revision: test-hivemq-legacy-platform-65df8dcb7f, replicas: 2, available: 1, ready: 1, current: 1, updated: 1)
2025-01-30 04:03:37,669 INFO c.h.h.t.HelmChartContainer - [hivemq-test-hivemq-platform] [hivemq-platform-operator] [d3eeb85c] 04:03:37.668 [ReconcilerExecutor-hivemq-controller-130] DEBUG c.h.p.o.HiveMQPlatformReconciler - [helmlega] StatefulSet Spec (replicas: 2, init containers: 1, containers: 1, volumes: 6)
2025-01-30 04:03:37,671 INFO c.h.h.t.HelmChartContainer - [hivemq-test-hivemq-platform] [hivemq-platform-operator] [d3eeb85c] 04:03:37.669 [ReconcilerExecutor-hivemq-controller-130] DEBUG c.h.p.o.h.HiveMQPlatformReconcilerErrorHandler - [helmlega] Pod 'test-hivemq-legacy-platform-1' phase Running
2025-01-30 04:03:37,673 INFO c.h.h.t.HelmChartContainer - [hivemq-test-hivemq-platform] [hivemq-platform-operator] [d3eeb85c] 04:03:37.672 [ReconcilerExecutor-hivemq-controller-130] DEBUG c.h.p.o.h.HiveMQPlatformReconcilerErrorHandler - [helmlega] Pod 'test-hivemq-legacy-platform-0' phase Failed
2025-01-30 04:03:37,673 INFO c.h.h.t.HelmChartContainer - [hivemq-test-hivemq-platform] [hivemq-platform-operator] [d3eeb85c] 04:03:37.672 [ReconcilerExecutor-hivemq-controller-130] DEBUG c.h.p.o.h.HiveMQPlatformReconcilerErrorHandler - [helmlega] Pod 'test-hivemq-legacy-platform-0' condition 'PodReadyToStartContainers': False
2025-01-30 04:03:37,673 INFO c.h.h.t.HelmChartContainer - [hivemq-test-hivemq-platform] [hivemq-platform-operator] [d3eeb85c] 04:03:37.672 [ReconcilerExecutor-hivemq-controller-130] DEBUG c.h.p.o.h.HiveMQPlatformReconcilerErrorHandler - [helmlega] Pod 'test-hivemq-legacy-platform-0' condition 'Initialized': True
2025-01-30 04:03:37,673 INFO c.h.h.t.HelmChartContainer - [hivemq-test-hivemq-platform] [hivemq-platform-operator] [d3eeb85c] 04:03:37.672 [ReconcilerExecutor-hivemq-controller-130] DEBUG c.h.p.o.h.HiveMQPlatformReconcilerErrorHandler - [helmlega] Pod 'test-hivemq-legacy-platform-0' condition 'Ready': False
2025-01-30 04:03:37,673 INFO c.h.h.t.HelmChartContainer - [hivemq-test-hivemq-platform] [hivemq-platform-operator] [d3eeb85c] 04:03:37.672 [ReconcilerExecutor-hivemq-controller-130] DEBUG c.h.p.o.h.HiveMQPlatformReconcilerErrorHandler - [helmlega] Pod 'test-hivemq-legacy-platform-0' condition 'ContainersReady': False
2025-01-30 04:03:37,673 INFO c.h.h.t.HelmChartContainer - [hivemq-test-hivemq-platform] [hivemq-platform-operator] [d3eeb85c] 04:03:37.672 [ReconcilerExecutor-hivemq-controller-130] DEBUG c.h.p.o.h.HiveMQPlatformReconcilerErrorHandler - [helmlega] Pod 'test-hivemq-legacy-platform-0' condition 'PodScheduled': True
2025-01-30 04:03:37,673 INFO c.h.h.t.HelmChartContainer - [hivemq-test-hivemq-platform] [hivemq-platform-operator] [d3eeb85c] 04:03:37.672 [ReconcilerExecutor-hivemq-controller-130] DEBUG c.h.p.o.h.HiveMQPlatformReconcilerErrorHandler - [helmlega] Pod 'test-hivemq-legacy-platform-0' containerStatus 'hivemq' (started: false) (ready: false) (waiting: [Unknown] no message)
2025-01-30 04:03:37,675 INFO c.h.h.t.HelmChartContainer - [hivemq-test-hivemq-platform] [hivemq-platform-operator] [d3eeb85c] 04:03:37.672 [ReconcilerExecutor-hivemq-controller-130] DEBUG c.h.p.o.h.HiveMQPlatformReconcilerRollingRestartHandler - [helmlega] Rolling restart is waiting for 1 of 2 replicas
2025-01-30 04:03:37,717 INFO c.h.h.t.HelmChartContainer - [K3S] [scope.go:117] "RemoveContainer" containerID="fe3e236dc4e4bc62455cdf4e3cd590152be3361b4e6a7b40715bd54e23397b68"
2025-01-30 04:03:37,719 INFO c.h.h.t.HelmChartContainer - [K3S] [reconciler_common.go:299] "Volume detached for volume \"backup\" (UniqueName: \"kubernetes.io/empty-dir/5c0860bb-093b-4e48-a63e-f9cc0745fd13-backup\") on node \"eb90bc493249\" DevicePath \"\""
2025-01-30 04:03:37,719 INFO c.h.h.t.HelmChartContainer - [K3S] [reconciler_common.go:299] "Volume detached for volume \"conf-override\" (UniqueName: \"kubernetes.io/empty-dir/5c0860bb-093b-4e48-a63e-f9cc0745fd13-conf-override\") on node \"eb90bc493249\" DevicePath \"\""
2025-01-30 04:03:37,719 INFO c.h.h.t.HelmChartContainer - [K3S] [reconciler_common.go:299] "Volume detached for volume \"dns-wait-config\" (UniqueName: \"kubernetes.io/configmap/5c0860bb-093b-4e48-a63e-f9cc0745fd13-dns-wait-config\") on node \"eb90bc493249\" DevicePath \"\""
2025-01-30 04:03:37,721 INFO c.h.h.t.HelmChartContainer - [K3S] [reconciler_common.go:299] "Volume detached for volume \"heap-dumps\" (UniqueName: \"kubernetes.io/empty-dir/5c0860bb-093b-4e48-a63e-f9cc0745fd13-heap-dumps\") on node \"eb90bc493249\" DevicePath \"\""
2025-01-30 04:03:37,721 INFO c.h.h.t.HelmChartContainer - [K3S] [reconciler_common.go:299] "Volume detached for volume \"shared-data\" (UniqueName: \"kubernetes.io/empty-dir/5c0860bb-093b-4e48-a63e-f9cc0745fd13-shared-data\") on node \"eb90bc493249\" DevicePath \"\""
2025-01-30 04:03:37,721 INFO c.h.h.t.HelmChartContainer - [K3S] [reconciler_common.go:299] "Volume detached for volume \"ese-file-realm\" (UniqueName: \"kubernetes.io/configmap/5c0860bb-093b-4e48-a63e-f9cc0745fd13-ese-file-realm\") on node \"eb90bc493249\" DevicePath \"\""
2025-01-30 04:03:37,721 INFO c.h.h.t.HelmChartContainer - [K3S] [reconciler_common.go:299] "Volume detached for volume \"live-info\" (UniqueName: \"kubernetes.io/configmap/5c0860bb-093b-4e48-a63e-f9cc0745fd13-live-info\") on node \"eb90bc493249\" DevicePath \"\""
2025-01-30 04:03:37,722 INFO c.h.h.t.HelmChartContainer - [K3S] [reconciler_common.go:299] "Volume detached for volume \"kube-api-access-w266n\" (UniqueName: \"kubernetes.io/projected/5c0860bb-093b-4e48-a63e-f9cc0745fd13-kube-api-access-w266n\") on node \"eb90bc493249\" DevicePath \"\""
2025-01-30 04:03:37,722 INFO c.h.h.t.HelmChartContainer - [K3S] [reconciler_common.go:292] "operationExecutor.UnmountDevice started for volume \"pvc-802e651d-fc83-4b06-b74c-09e179a52d9a\" (UniqueName: \"kubernetes.io/local-volume/pvc-802e651d-fc83-4b06-b74c-09e179a52d9a\") on node \"eb90bc493249\" "
2025-01-30 04:03:37,722 INFO c.h.h.t.HelmChartContainer - [K3S] [reconciler_common.go:299] "Volume detached for volume \"audit\" (UniqueName: \"kubernetes.io/empty-dir/5c0860bb-093b-4e48-a63e-f9cc0745fd13-audit\") on node \"eb90bc493249\" DevicePath \"\""
2025-01-30 04:03:37,722 INFO c.h.h.t.HelmChartContainer - [K3S] [reconciler_common.go:299] "Volume detached for volume \"log\" (UniqueName: \"kubernetes.io/empty-dir/5c0860bb-093b-4e48-a63e-f9cc0745fd13-log\") on node \"eb90bc493249\" DevicePath \"\""
2025-01-30 04:03:37,722 INFO c.h.h.t.HelmChartContainer - [K3S] [reconciler_common.go:299] "Volume detached for volume \"ese-configuration\" (UniqueName: \"kubernetes.io/configmap/5c0860bb-093b-4e48-a63e-f9cc0745fd13-ese-configuration\") on node \"eb90bc493249\" DevicePath \"\""
2025-01-30 04:03:37,723 INFO c.h.h.t.HelmChartContainer - [K3S] [scope.go:117] "RemoveContainer" containerID="06aef821b91cecf559d66a872f92931fa7aaf6dcf5cfa70badf417a8d6451498"
2025-01-30 04:03:37,727 INFO c.h.h.t.HelmChartContainer - [K3S] [scope.go:117] "RemoveContainer" containerID="6a4438493f88d9d9b067b01da884adffa7af1654764583ce881adc711c65eccc"
2025-01-30 04:03:37,730 INFO c.h.h.t.HelmChartContainer - [K3S] [scope.go:117] "RemoveContainer" containerID="fe3e236dc4e4bc62455cdf4e3cd590152be3361b4e6a7b40715bd54e23397b68"
2025-01-30 04:03:37,731 INFO c.h.h.t.HelmChartContainer - [K3S] [scope.go:117] "RemoveContainer" containerID="06aef821b91cecf559d66a872f92931fa7aaf6dcf5cfa70badf417a8d6451498"
2025-01-30 04:03:37,731 INFO c.h.h.t.HelmChartContainer - [K3S] [scope.go:117] "RemoveContainer" containerID="6a4438493f88d9d9b067b01da884adffa7af1654764583ce881adc711c65eccc"
2025-01-30 04:03:37,734 INFO c.h.h.t.HelmChartContainer - [POD] test-hivemq-legacy-platform-0 [5c0860bb-093b-4e48-a63e-f9cc0745fd13] in helmlegacystatefulsetmigrationit-operator was MODIFIED
2025-01-30 04:03:37,741 INFO c.h.h.t.HelmChartContainer - [POD] test-hivemq-legacy-platform-0 [5c0860bb-093b-4e48-a63e-f9cc0745fd13] in helmlegacystatefulsetmigrationit-operator was DELETED
2025-01-30 04:03:37,764 INFO c.h.h.t.HelmChartContainer - [EVENT] Normal [SuccessfulCreate] create Pod test-hivemq-legacy-platform-0 in StatefulSet test-hivemq-legacy-platform successful [helmlegacystatefulsetmigrationit-operator:test-hivemq-legacy-platform]
2025-01-30 04:03:37,764 INFO c.h.h.t.HelmChartContainer - [POD] test-hivemq-legacy-platform-0 [d1f1774d-8270-4e05-8def-558487983998] in helmlegacystatefulsetmigrationit-operator was ADDED
2025-01-30 04:03:37,774 INFO c.h.h.t.HelmChartContainer - [POD] test-hivemq-legacy-platform-0 [d1f1774d-8270-4e05-8def-558487983998] in helmlegacystatefulsetmigrationit-operator was MODIFIED
2025-01-30 04:03:37,775 INFO c.h.h.t.HelmChartContainer - [K3S] [memory_manager.go:355] "RemoveStaleState removing state" podUID="5c0860bb-093b-4e48-a63e-f9cc0745fd13" containerName="hivemq"
2025-01-30 04:03:37,776 INFO c.h.h.t.HelmChartContainer - [hivemq-test-hivemq-platform] [hivemq-platform-operator] [d3eeb85c] 04:03:37.766 [pool-6-thread-3] DEBUG c.h.p.o.d.PlatformServiceResource - [helmlega] Desired Platform services (4 services)
2025-01-30 04:03:37,778 INFO c.h.h.t.HelmChartContainer - [hivemq-test-hivemq-platform] [hivemq-platform-operator] [d3eeb85c] 04:03:37.768 [pool-6-thread-6] DEBUG c.h.p.o.dependants.PodInfoConfigMap - [helmlega] Desired PodInfo ConfigMap (2 extensions) (1 enabled)
2025-01-30 04:03:37,778 INFO c.h.h.t.HelmChartContainer - [hivemq-test-hivemq-platform] [hivemq-platform-operator] [d3eeb85c] 04:03:37.768 [pool-6-thread-6] DEBUG c.h.p.o.dependants.PodInfoConfigMap - [helmlega] Desired PodInfo ConfigMap (metrics port: 9399) (metrics path: /)
2025-01-30 04:03:37,778 INFO c.h.h.t.HelmChartContainer - [hivemq-test-hivemq-platform] [hivemq-platform-operator] [d3eeb85c] 04:03:37.768 [pool-6-thread-6] DEBUG c.h.p.o.dependants.PodInfoConfigMap - [helmlega] Desired PodInfo ConfigMap (extension state hash: 259316804)
2025-01-30 04:03:37,784 INFO c.h.h.t.HelmChartContainer - [hivemq-test-hivemq-platform] [hivemq-platform-operator] [d3eeb85c] 04:03:37.773 [pool-6-thread-1] DEBUG c.h.p.o.d.PodServiceAccountResource - [helmlega] Desired PodServiceAccountResource (serviceAccountName: hivemq-platform-pod-test-hivemq-legacy-platform)
2025-01-30 04:03:37,784 INFO c.h.h.t.HelmChartContainer - [EVENT] Normal [Scheduled] Successfully assigned helmlegacystatefulsetmigrationit-operator/test-hivemq-legacy-platform-0 to eb90bc493249 [helmlegacystatefulsetmigrationit-operator:test-hivemq-legacy-platform-0]
2025-01-30 04:03:37,797 INFO c.h.h.t.HelmChartContainer - [POD] test-hivemq-legacy-platform-0 [d1f1774d-8270-4e05-8def-558487983998] in helmlegacystatefulsetmigrationit-operator was MODIFIED
2025-01-30 04:03:37,819 INFO c.h.h.t.HelmChartContainer - [K3S] [reconciler_common.go:299] "Volume detached for volume \"pvc-802e651d-fc83-4b06-b74c-09e179a52d9a\" (UniqueName: \"kubernetes.io/local-volume/pvc-802e651d-fc83-4b06-b74c-09e179a52d9a\") on node \"eb90bc493249\" DevicePath \"\""
2025-01-30 04:03:37,853 INFO c.h.h.t.HelmChartContainer - [hivemq-test-hivemq-platform] [hivemq-platform-operator] [d3eeb85c] 04:03:37.851 [pool-6-thread-3] DEBUG c.h.p.o.d.StatefulSetResource - [helmlega] Desired StatefulSet (2 replicas) for status ROLLING_RESTART (RESTART_PODS_IN_PROGRESS)
2025-01-30 04:03:37,866 INFO c.h.h.t.HelmChartContainer - [hivemq-test-hivemq-platform] [hivemq-platform-operator] [d3eeb85c] 04:03:37.865 [ReconcilerExecutor-hivemq-controller-131] INFO  c.h.p.o.HiveMQPlatformReconciler - [helmlega] Reconciling HiveMQ Platform 'test-hivemq-legacy-platform' in namespace 'helmlegacystatefulsetmigrationit-operator'
2025-01-30 04:03:37,866 INFO c.h.h.t.HelmChartContainer - [hivemq-test-hivemq-platform] [hivemq-platform-operator] [d3eeb85c] 04:03:37.865 [ReconcilerExecutor-hivemq-controller-131] DEBUG c.h.p.o.HiveMQPlatformReconciler - [helmlega] Custom Resource Status ROLLING_RESTART - HiveMQ Platform is restarting Pods (rolling restart) (RESTART_PODS_IN_PROGRESS)
2025-01-30 04:03:37,866 INFO c.h.h.t.HelmChartContainer - [hivemq-test-hivemq-platform] [hivemq-platform-operator] [d3eeb85c] 04:03:37.865 [ReconcilerExecutor-hivemq-controller-131] DEBUG c.h.p.o.HiveMQPlatformReconciler - [helmlega] Custom Resource Spec (replicas: 1) (extensions: 2)
2025-01-30 04:03:37,871 INFO c.h.h.t.HelmChartContainer - [hivemq-test-hivemq-platform] [hivemq-platform-operator] [d3eeb85c] 04:03:37.868 [ReconcilerExecutor-hivemq-controller-131] DEBUG c.h.p.o.HiveMQPlatformReconciler - [helmlega] StatefulSet Status (revision: test-hivemq-legacy-platform-65df8dcb7f, replicas: 2, available: 1, ready: 1, current: 2, updated: 2)
2025-01-30 04:03:37,871 INFO c.h.h.t.HelmChartContainer - [hivemq-test-hivemq-platform] [hivemq-platform-operator] [d3eeb85c] 04:03:37.868 [ReconcilerExecutor-hivemq-controller-131] DEBUG c.h.p.o.HiveMQPlatformReconciler - [helmlega] StatefulSet Spec (replicas: 2, init containers: 1, containers: 1, volumes: 6)
2025-01-30 04:03:37,871 INFO c.h.h.t.HelmChartContainer - [hivemq-test-hivemq-platform] [hivemq-platform-operator] [d3eeb85c] 04:03:37.870 [ReconcilerExecutor-hivemq-controller-131] DEBUG c.h.p.o.h.HiveMQPlatformReconcilerErrorHandler - [helmlega] Pod 'test-hivemq-legacy-platform-1' phase Running
2025-01-30 04:03:37,873 INFO c.h.h.t.HelmChartContainer - [hivemq-test-hivemq-platform] [hivemq-platform-operator] [d3eeb85c] 04:03:37.872 [ReconcilerExecutor-hivemq-controller-131] DEBUG c.h.p.o.h.HiveMQPlatformReconcilerErrorHandler - [helmlega] Pod 'test-hivemq-legacy-platform-0' phase Pending
2025-01-30 04:03:37,874 INFO c.h.h.t.HelmChartContainer - [hivemq-test-hivemq-platform] [hivemq-platform-operator] [d3eeb85c] 04:03:37.872 [ReconcilerExecutor-hivemq-controller-131] DEBUG c.h.p.o.h.HiveMQPlatformReconcilerErrorHandler - [helmlega] Pod 'test-hivemq-legacy-platform-0' condition 'PodReadyToStartContainers': False
2025-01-30 04:03:37,874 INFO c.h.h.t.HelmChartContainer - [hivemq-test-hivemq-platform] [hivemq-platform-operator] [d3eeb85c] 04:03:37.872 [ReconcilerExecutor-hivemq-controller-131] DEBUG c.h.p.o.h.HiveMQPlatformReconcilerErrorHandler - [helmlega] Pod 'test-hivemq-legacy-platform-0' condition 'Initialized': False
2025-01-30 04:03:37,874 INFO c.h.h.t.HelmChartContainer - [hivemq-test-hivemq-platform] [hivemq-platform-operator] [d3eeb85c] 04:03:37.872 [ReconcilerExecutor-hivemq-controller-131] DEBUG c.h.p.o.h.HiveMQPlatformReconcilerErrorHandler - [helmlega] Pod 'test-hivemq-legacy-platform-0' condition 'Ready': False
2025-01-30 04:03:37,874 INFO c.h.h.t.HelmChartContainer - [hivemq-test-hivemq-platform] [hivemq-platform-operator] [d3eeb85c] 04:03:37.872 [ReconcilerExecutor-hivemq-controller-131] DEBUG c.h.p.o.h.HiveMQPlatformReconcilerErrorHandler - [helmlega] Pod 'test-hivemq-legacy-platform-0' condition 'ContainersReady': False
2025-01-30 04:03:37,874 INFO c.h.h.t.HelmChartContainer - [hivemq-test-hivemq-platform] [hivemq-platform-operator] [d3eeb85c] 04:03:37.872 [ReconcilerExecutor-hivemq-controller-131] DEBUG c.h.p.o.h.HiveMQPlatformReconcilerErrorHandler - [helmlega] Pod 'test-hivemq-legacy-platform-0' condition 'PodScheduled': True
2025-01-30 04:03:37,874 INFO c.h.h.t.HelmChartContainer - [hivemq-test-hivemq-platform] [hivemq-platform-operator] [d3eeb85c] 04:03:37.872 [ReconcilerExecutor-hivemq-controller-131] DEBUG c.h.p.o.h.HiveMQPlatformReconcilerErrorHandler - [helmlega] Pod 'test-hivemq-legacy-platform-0' containerStatus 'hivemq' (started: false) (ready: false) (waiting: [PodInitializing] null)
2025-01-30 04:03:37,919 INFO c.h.h.t.HelmChartContainer - [K3S] [reconciler_common.go:251] "operationExecutor.VerifyControllerAttachedVolume started for volume \"ese-file-realm\" (UniqueName: \"kubernetes.io/configmap/d1f1774d-8270-4e05-8def-558487983998-ese-file-realm\") pod \"test-hivemq-legacy-platform-0\" (UID: \"d1f1774d-8270-4e05-8def-558487983998\") " pod="helmlegacystatefulsetmigrationit-operator/test-hivemq-legacy-platform-0"
2025-01-30 04:03:37,920 INFO c.h.h.t.HelmChartContainer - [K3S] [reconciler_common.go:251] "operationExecutor.VerifyControllerAttachedVolume started for volume \"extension-configuration-hivemq-enterprise-security-extension\" (UniqueName: \"kubernetes.io/configmap/d1f1774d-8270-4e05-8def-558487983998-extension-configuration-hivemq-enterprise-security-extension\") pod \"test-hivemq-legacy-platform-0\" (UID: \"d1f1774d-8270-4e05-8def-558487983998\") " pod="helmlegacystatefulsetmigrationit-operator/test-hivemq-legacy-platform-0"
2025-01-30 04:03:37,920 INFO c.h.h.t.HelmChartContainer - [K3S] [reconciler_common.go:251] "operationExecutor.VerifyControllerAttachedVolume started for volume \"pod-info\" (UniqueName: \"kubernetes.io/configmap/d1f1774d-8270-4e05-8def-558487983998-pod-info\") pod \"test-hivemq-legacy-platform-0\" (UID: \"d1f1774d-8270-4e05-8def-558487983998\") " pod="helmlegacystatefulsetmigrationit-operator/test-hivemq-legacy-platform-0"
2025-01-30 04:03:37,920 INFO c.h.h.t.HelmChartContainer - [K3S] [reconciler_common.go:251] "operationExecutor.VerifyControllerAttachedVolume started for volume \"kube-api-access-zn49c\" (UniqueName: \"kubernetes.io/projected/d1f1774d-8270-4e05-8def-558487983998-kube-api-access-zn49c\") pod \"test-hivemq-legacy-platform-0\" (UID: \"d1f1774d-8270-4e05-8def-558487983998\") " pod="helmlegacystatefulsetmigrationit-operator/test-hivemq-legacy-platform-0"
2025-01-30 04:03:37,920 INFO c.h.h.t.HelmChartContainer - [K3S] [reconciler_common.go:251] "operationExecutor.VerifyControllerAttachedVolume started for volume \"pvc-802e651d-fc83-4b06-b74c-09e179a52d9a\" (UniqueName: \"kubernetes.io/local-volume/pvc-802e651d-fc83-4b06-b74c-09e179a52d9a\") pod \"test-hivemq-legacy-platform-0\" (UID: \"d1f1774d-8270-4e05-8def-558487983998\") " pod="helmlegacystatefulsetmigrationit-operator/test-hivemq-legacy-platform-0"
2025-01-30 04:03:37,920 INFO c.h.h.t.HelmChartContainer - [K3S] [reconciler_common.go:251] "operationExecutor.VerifyControllerAttachedVolume started for volume \"operator-init\" (UniqueName: \"kubernetes.io/empty-dir/d1f1774d-8270-4e05-8def-558487983998-operator-init\") pod \"test-hivemq-legacy-platform-0\" (UID: \"d1f1774d-8270-4e05-8def-558487983998\") " pod="helmlegacystatefulsetmigrationit-operator/test-hivemq-legacy-platform-0"
2025-01-30 04:03:37,920 INFO c.h.h.t.HelmChartContainer - [K3S] [reconciler_common.go:251] "operationExecutor.VerifyControllerAttachedVolume started for volume \"broker-configuration\" (UniqueName: \"kubernetes.io/configmap/d1f1774d-8270-4e05-8def-558487983998-broker-configuration\") pod \"test-hivemq-legacy-platform-0\" (UID: \"d1f1774d-8270-4e05-8def-558487983998\") " pod="helmlegacystatefulsetmigrationit-operator/test-hivemq-legacy-platform-0"
2025-01-30 04:03:37,949 INFO c.h.h.t.HelmChartContainer - [hivemq-test-hivemq-platform] [hivemq-platform-operator] [d3eeb85c] 04:03:37.948 [ReconcilerExecutor-hivemq-controller-131] DEBUG c.h.p.o.h.HiveMQPlatformReconcilerRollingRestartHandler - [helmlega] Rolling restart is waiting for 1 of 2 replicas
2025-01-30 04:03:37,956 INFO c.h.h.t.HelmChartContainer - [hivemq-test-hivemq-platform] [hivemq-platform-operator] [d3eeb85c] 04:03:37.954 [pool-6-thread-18] DEBUG c.h.p.o.d.PlatformServiceResource - [helmlega] Desired Platform services (4 services)
2025-01-30 04:03:37,957 INFO c.h.h.t.HelmChartContainer - [hivemq-test-hivemq-platform] [hivemq-platform-operator] [d3eeb85c] 04:03:37.954 [pool-6-thread-15] DEBUG c.h.p.o.d.PodServiceAccountResource - [helmlega] Desired PodServiceAccountResource (serviceAccountName: hivemq-platform-pod-test-hivemq-legacy-platform)
2025-01-30 04:03:37,957 INFO c.h.h.t.HelmChartContainer - [hivemq-test-hivemq-platform] [hivemq-platform-operator] [d3eeb85c] 04:03:37.954 [pool-6-thread-16] DEBUG c.h.p.o.dependants.PodInfoConfigMap - [helmlega] Desired PodInfo ConfigMap (2 extensions) (1 enabled)
2025-01-30 04:03:37,957 INFO c.h.h.t.HelmChartContainer - [hivemq-test-hivemq-platform] [hivemq-platform-operator] [d3eeb85c] 04:03:37.955 [pool-6-thread-16] DEBUG c.h.p.o.dependants.PodInfoConfigMap - [helmlega] Desired PodInfo ConfigMap (metrics port: 9399) (metrics path: /)
2025-01-30 04:03:37,957 INFO c.h.h.t.HelmChartContainer - [hivemq-test-hivemq-platform] [hivemq-platform-operator] [d3eeb85c] 04:03:37.955 [pool-6-thread-16] DEBUG c.h.p.o.dependants.PodInfoConfigMap - [helmlega] Desired PodInfo ConfigMap (extension state hash: 259316804)
2025-01-30 04:03:37,960 INFO c.h.h.t.HelmChartContainer - [hivemq-test-hivemq-platform] [hivemq-platform-operator] [d3eeb85c] 04:03:37.959 [pool-6-thread-18] DEBUG c.h.p.o.d.StatefulSetResource - [helmlega] Desired StatefulSet (2 replicas) for status ROLLING_RESTART (RESTART_PODS_IN_PROGRESS)
2025-01-30 04:03:37,968 INFO c.h.h.t.HelmChartContainer - [hivemq-test-hivemq-platform] [hivemq-platform-operator] [d3eeb85c] 04:03:37.966 [ReconcilerExecutor-hivemq-controller-134] INFO  c.h.p.o.HiveMQPlatformReconciler - [helmlega] Reconciling HiveMQ Platform 'test-hivemq-legacy-platform' in namespace 'helmlegacystatefulsetmigrationit-operator'
2025-01-30 04:03:37,968 INFO c.h.h.t.HelmChartContainer - [hivemq-test-hivemq-platform] [hivemq-platform-operator] [d3eeb85c] 04:03:37.966 [ReconcilerExecutor-hivemq-controller-134] DEBUG c.h.p.o.HiveMQPlatformReconciler - [helmlega] Custom Resource Status ROLLING_RESTART - HiveMQ Platform is restarting Pods (rolling restart) (RESTART_PODS_IN_PROGRESS)
2025-01-30 04:03:37,969 INFO c.h.h.t.HelmChartContainer - [hivemq-test-hivemq-platform] [hivemq-platform-operator] [d3eeb85c] 04:03:37.966 [ReconcilerExecutor-hivemq-controller-134] DEBUG c.h.p.o.HiveMQPlatformReconciler - [helmlega] Custom Resource Spec (replicas: 1) (extensions: 2)
2025-01-30 04:03:37,969 INFO c.h.h.t.HelmChartContainer - [hivemq-test-hivemq-platform] [hivemq-platform-operator] [d3eeb85c] 04:03:37.967 [ReconcilerExecutor-hivemq-controller-134] DEBUG c.h.p.o.HiveMQPlatformReconciler - [helmlega] StatefulSet Status (revision: test-hivemq-legacy-platform-65df8dcb7f, replicas: 2, available: 1, ready: 1, current: 2, updated: 2)
2025-01-30 04:03:37,970 INFO c.h.h.t.HelmChartContainer - [hivemq-test-hivemq-platform] [hivemq-platform-operator] [d3eeb85c] 04:03:37.967 [ReconcilerExecutor-hivemq-controller-134] DEBUG c.h.p.o.HiveMQPlatformReconciler - [helmlega] StatefulSet Spec (replicas: 2, init containers: 1, containers: 1, volumes: 6)
2025-01-30 04:03:37,970 INFO c.h.h.t.HelmChartContainer - [hivemq-test-hivemq-platform] [hivemq-platform-operator] [d3eeb85c] 04:03:37.969 [ReconcilerExecutor-hivemq-controller-134] DEBUG c.h.p.o.h.HiveMQPlatformReconcilerErrorHandler - [helmlega] Pod 'test-hivemq-legacy-platform-1' phase Running
2025-01-30 04:03:37,971 INFO c.h.h.t.HelmChartContainer - [hivemq-test-hivemq-platform] [hivemq-platform-operator] [d3eeb85c] 04:03:37.970 [ReconcilerExecutor-hivemq-controller-134] DEBUG c.h.p.o.h.HiveMQPlatformReconcilerErrorHandler - [helmlega] Pod 'test-hivemq-legacy-platform-0' phase Pending
2025-01-30 04:03:37,971 INFO c.h.h.t.HelmChartContainer - [hivemq-test-hivemq-platform] [hivemq-platform-operator] [d3eeb85c] 04:03:37.970 [ReconcilerExecutor-hivemq-controller-134] DEBUG c.h.p.o.h.HiveMQPlatformReconcilerErrorHandler - [helmlega] Pod 'test-hivemq-legacy-platform-0' condition 'PodReadyToStartContainers': False
2025-01-30 04:03:37,971 INFO c.h.h.t.HelmChartContainer - [hivemq-test-hivemq-platform] [hivemq-platform-operator] [d3eeb85c] 04:03:37.970 [ReconcilerExecutor-hivemq-controller-134] DEBUG c.h.p.o.h.HiveMQPlatformReconcilerErrorHandler - [helmlega] Pod 'test-hivemq-legacy-platform-0' condition 'Initialized': False
2025-01-30 04:03:37,971 INFO c.h.h.t.HelmChartContainer - [hivemq-test-hivemq-platform] [hivemq-platform-operator] [d3eeb85c] 04:03:37.970 [ReconcilerExecutor-hivemq-controller-134] DEBUG c.h.p.o.h.HiveMQPlatformReconcilerErrorHandler - [helmlega] Pod 'test-hivemq-legacy-platform-0' condition 'Ready': False
2025-01-30 04:03:37,971 INFO c.h.h.t.HelmChartContainer - [hivemq-test-hivemq-platform] [hivemq-platform-operator] [d3eeb85c] 04:03:37.970 [ReconcilerExecutor-hivemq-controller-134] DEBUG c.h.p.o.h.HiveMQPlatformReconcilerErrorHandler - [helmlega] Pod 'test-hivemq-legacy-platform-0' condition 'ContainersReady': False
2025-01-30 04:03:37,971 INFO c.h.h.t.HelmChartContainer - [hivemq-test-hivemq-platform] [hivemq-platform-operator] [d3eeb85c] 04:03:37.970 [ReconcilerExecutor-hivemq-controller-134] DEBUG c.h.p.o.h.HiveMQPlatformReconcilerErrorHandler - [helmlega] Pod 'test-hivemq-legacy-platform-0' condition 'PodScheduled': True
2025-01-30 04:03:37,971 INFO c.h.h.t.HelmChartContainer - [hivemq-test-hivemq-platform] [hivemq-platform-operator] [d3eeb85c] 04:03:37.970 [ReconcilerExecutor-hivemq-controller-134] DEBUG c.h.p.o.h.HiveMQPlatformReconcilerErrorHandler - [helmlega] Pod 'test-hivemq-legacy-platform-0' containerStatus 'hivemq' (started: false) (ready: false) (waiting: [PodInitializing] null)
2025-01-30 04:03:37,972 INFO c.h.h.t.HelmChartContainer - [hivemq-test-hivemq-platform] [hivemq-platform-operator] [d3eeb85c] 04:03:37.970 [ReconcilerExecutor-hivemq-controller-134] DEBUG c.h.p.o.h.HiveMQPlatformReconcilerRollingRestartHandler - [helmlega] Rolling restart is waiting for 1 of 2 replicas
2025-01-30 04:03:38,327 INFO c.h.h.t.HelmChartContainer - [K3S] [kubelet_volumes.go:163] "Cleaned up orphaned pod volumes dir" podUID="5c0860bb-093b-4e48-a63e-f9cc0745fd13" path="/var/lib/kubelet/pods/5c0860bb-093b-4e48-a63e-f9cc0745fd13/volumes"
2025-01-30 04:03:38,467 INFO c.h.h.t.HelmChartContainer - [EVENT] Normal [Pulled] Container image "docker.io/hivemq/hivemq-platform-operator-init-test:snapshot" already present on machine [helmlegacystatefulsetmigrationit-operator:test-hivemq-legacy-platform-0]
2025-01-30 04:03:38,472 INFO c.h.h.t.HelmChartContainer - [EVENT] Normal [Created] Created container: hivemq-platform-operator-init [helmlegacystatefulsetmigrationit-operator:test-hivemq-legacy-platform-0]
2025-01-30 04:03:38,519 INFO c.h.h.t.HelmChartContainer - [EVENT] Normal [Started] Started container hivemq-platform-operator-init [helmlegacystatefulsetmigrationit-operator:test-hivemq-legacy-platform-0]
2025-01-30 04:03:38,724 INFO c.h.h.t.HelmChartContainer - [EVENT] Normal [Pulled] Container image "docker.io/hivemq/hivemq4:4.36.0" already present on machine [helmlegacystatefulsetmigrationit-operator:test-hivemq-legacy-platform-0]
2025-01-30 04:03:38,724 INFO c.h.h.t.HelmChartContainer - Received Pulled event for container hivemq in pod test-hivemq-legacy-platform-0 [d1f1774d-8270-4e05-8def-558487983998]
2025-01-30 04:03:38,735 INFO c.h.h.t.HelmChartContainer - [EVENT] Normal [Created] Created container: hivemq [helmlegacystatefulsetmigrationit-operator:test-hivemq-legacy-platform-0]
2025-01-30 04:03:38,735 INFO c.h.h.t.HelmChartContainer - Received Created event for container hivemq in pod test-hivemq-legacy-platform-0 [d1f1774d-8270-4e05-8def-558487983998]
2025-01-30 04:03:38,741 INFO c.h.h.t.HelmChartContainer - [POD] test-hivemq-legacy-platform-0 [d1f1774d-8270-4e05-8def-558487983998] in helmlegacystatefulsetmigrationit-operator was MODIFIED
2025-01-30 04:03:38,742 INFO c.h.h.t.HelmChartContainer - [hivemq-test-hivemq-platform] [hivemq-platform-operator] [d3eeb85c] 04:03:38.740 [pool-6-thread-27] DEBUG c.h.p.o.d.PlatformServiceResource - [helmlega] Desired Platform services (4 services)
2025-01-30 04:03:38,757 INFO c.h.h.t.HelmChartContainer - [hivemq-test-hivemq-platform] [hivemq-platform-operator] [d3eeb85c] 04:03:38.747 [pool-6-thread-22] DEBUG c.h.p.o.d.PodServiceAccountResource - [helmlega] Desired PodServiceAccountResource (serviceAccountName: hivemq-platform-pod-test-hivemq-legacy-platform)
2025-01-30 04:03:38,757 INFO c.h.h.t.HelmChartContainer - [hivemq-test-hivemq-platform] [hivemq-platform-operator] [d3eeb85c] 04:03:38.748 [pool-6-thread-26] DEBUG c.h.p.o.dependants.PodInfoConfigMap - [helmlega] Desired PodInfo ConfigMap (2 extensions) (1 enabled)
2025-01-30 04:03:38,757 INFO c.h.h.t.HelmChartContainer - [hivemq-test-hivemq-platform] [hivemq-platform-operator] [d3eeb85c] 04:03:38.748 [pool-6-thread-26] DEBUG c.h.p.o.dependants.PodInfoConfigMap - [helmlega] Desired PodInfo ConfigMap (metrics port: 9399) (metrics path: /)
2025-01-30 04:03:38,757 INFO c.h.h.t.HelmChartContainer - [hivemq-test-hivemq-platform] [hivemq-platform-operator] [d3eeb85c] 04:03:38.748 [pool-6-thread-26] DEBUG c.h.p.o.dependants.PodInfoConfigMap - [helmlega] Desired PodInfo ConfigMap (extension state hash: 259316804)
2025-01-30 04:03:38,763 INFO c.h.h.t.HelmChartContainer - [hivemq-test-hivemq-platform] [hivemq-platform-operator] [d3eeb85c] 04:03:38.752 [pool-6-thread-27] DEBUG c.h.p.o.d.StatefulSetResource - [helmlega] Desired StatefulSet (2 replicas) for status ROLLING_RESTART (RESTART_PODS_IN_PROGRESS)
2025-01-30 04:03:38,763 INFO c.h.h.t.HelmChartContainer - [hivemq-test-hivemq-platform] [hivemq-platform-operator] [d3eeb85c] 04:03:38.755 [ReconcilerExecutor-hivemq-controller-135] INFO  c.h.p.o.HiveMQPlatformReconciler - [helmlega] Reconciling HiveMQ Platform 'test-hivemq-legacy-platform' in namespace 'helmlegacystatefulsetmigrationit-operator'
2025-01-30 04:03:38,764 INFO c.h.h.t.HelmChartContainer - [hivemq-test-hivemq-platform] [hivemq-platform-operator] [d3eeb85c] 04:03:38.755 [ReconcilerExecutor-hivemq-controller-135] DEBUG c.h.p.o.HiveMQPlatformReconciler - [helmlega] Custom Resource Status ROLLING_RESTART - HiveMQ Platform is restarting Pods (rolling restart) (RESTART_PODS_IN_PROGRESS)
2025-01-30 04:03:38,764 INFO c.h.h.t.HelmChartContainer - [hivemq-test-hivemq-platform] [hivemq-platform-operator] [d3eeb85c] 04:03:38.755 [ReconcilerExecutor-hivemq-controller-135] DEBUG c.h.p.o.HiveMQPlatformReconciler - [helmlega] Custom Resource Spec (replicas: 1) (extensions: 2)
2025-01-30 04:03:38,764 INFO c.h.h.t.HelmChartContainer - [hivemq-test-hivemq-platform] [hivemq-platform-operator] [d3eeb85c] 04:03:38.757 [ReconcilerExecutor-hivemq-controller-135] DEBUG c.h.p.o.HiveMQPlatformReconciler - [helmlega] StatefulSet Status (revision: test-hivemq-legacy-platform-65df8dcb7f, replicas: 2, available: 1, ready: 1, current: 2, updated: 2)
2025-01-30 04:03:38,764 INFO c.h.h.t.HelmChartContainer - [hivemq-test-hivemq-platform] [hivemq-platform-operator] [d3eeb85c] 04:03:38.757 [ReconcilerExecutor-hivemq-controller-135] DEBUG c.h.p.o.HiveMQPlatformReconciler - [helmlega] StatefulSet Spec (replicas: 2, init containers: 1, containers: 1, volumes: 6)
2025-01-30 04:03:38,764 INFO c.h.h.t.HelmChartContainer - [hivemq-test-hivemq-platform] [hivemq-platform-operator] [d3eeb85c] 04:03:38.758 [ReconcilerExecutor-hivemq-controller-135] DEBUG c.h.p.o.h.HiveMQPlatformReconcilerErrorHandler - [helmlega] Pod 'test-hivemq-legacy-platform-1' phase Running
2025-01-30 04:03:38,764 INFO c.h.h.t.HelmChartContainer - [hivemq-test-hivemq-platform] [hivemq-platform-operator] [d3eeb85c] 04:03:38.759 [ReconcilerExecutor-hivemq-controller-135] DEBUG c.h.p.o.h.HiveMQPlatformReconcilerErrorHandler - [helmlega] Pod 'test-hivemq-legacy-platform-0' phase Pending
2025-01-30 04:03:38,764 INFO c.h.h.t.HelmChartContainer - [hivemq-test-hivemq-platform] [hivemq-platform-operator] [d3eeb85c] 04:03:38.759 [ReconcilerExecutor-hivemq-controller-135] DEBUG c.h.p.o.h.HiveMQPlatformReconcilerErrorHandler - [helmlega] Pod 'test-hivemq-legacy-platform-0' condition 'PodReadyToStartContainers': True
2025-01-30 04:03:38,764 INFO c.h.h.t.HelmChartContainer - [hivemq-test-hivemq-platform] [hivemq-platform-operator] [d3eeb85c] 04:03:38.759 [ReconcilerExecutor-hivemq-controller-135] DEBUG c.h.p.o.h.HiveMQPlatformReconcilerErrorHandler - [helmlega] Pod 'test-hivemq-legacy-platform-0' condition 'Initialized': True
2025-01-30 04:03:38,764 INFO c.h.h.t.HelmChartContainer - [hivemq-test-hivemq-platform] [hivemq-platform-operator] [d3eeb85c] 04:03:38.759 [ReconcilerExecutor-hivemq-controller-135] DEBUG c.h.p.o.h.HiveMQPlatformReconcilerErrorHandler - [helmlega] Pod 'test-hivemq-legacy-platform-0' condition 'Ready': False
2025-01-30 04:03:38,764 INFO c.h.h.t.HelmChartContainer - [hivemq-test-hivemq-platform] [hivemq-platform-operator] [d3eeb85c] 04:03:38.759 [ReconcilerExecutor-hivemq-controller-135] DEBUG c.h.p.o.h.HiveMQPlatformReconcilerErrorHandler - [helmlega] Pod 'test-hivemq-legacy-platform-0' condition 'ContainersReady': False
2025-01-30 04:03:38,764 INFO c.h.h.t.HelmChartContainer - [hivemq-test-hivemq-platform] [hivemq-platform-operator] [d3eeb85c] 04:03:38.759 [ReconcilerExecutor-hivemq-controller-135] DEBUG c.h.p.o.h.HiveMQPlatformReconcilerErrorHandler - [helmlega] Pod 'test-hivemq-legacy-platform-0' condition 'PodScheduled': True
2025-01-30 04:03:38,764 INFO c.h.h.t.HelmChartContainer - [hivemq-test-hivemq-platform] [hivemq-platform-operator] [d3eeb85c] 04:03:38.759 [ReconcilerExecutor-hivemq-controller-135] DEBUG c.h.p.o.h.HiveMQPlatformReconcilerErrorHandler - [helmlega] Pod 'test-hivemq-legacy-platform-0' containerStatus 'hivemq' (started: false) (ready: false) (waiting: [PodInitializing] null)
2025-01-30 04:03:38,764 INFO c.h.h.t.HelmChartContainer - [hivemq-test-hivemq-platform] [hivemq-platform-operator] [d3eeb85c] 04:03:38.759 [ReconcilerExecutor-hivemq-controller-135] DEBUG c.h.p.o.h.HiveMQPlatformReconcilerRollingRestartHandler - [helmlega] Rolling restart is waiting for 1 of 2 replicas
2025-01-30 04:03:39,735 INFO c.h.h.t.HelmChartContainer - [POD] test-hivemq-legacy-platform-0 [d1f1774d-8270-4e05-8def-558487983998] in helmlegacystatefulsetmigrationit-operator was MODIFIED
2025-01-30 04:03:39,743 INFO c.h.h.t.HelmChartContainer - [hivemq-test-hivemq-platform] [hivemq-platform-operator] [d3eeb85c] 04:03:39.738 [pool-6-thread-33] DEBUG c.h.p.o.d.PlatformServiceResource - [helmlega] Desired Platform services (4 services)
2025-01-30 04:03:39,743 INFO c.h.h.t.HelmChartContainer - [hivemq-test-hivemq-platform] [hivemq-platform-operator] [d3eeb85c] 04:03:39.740 [pool-6-thread-35] DEBUG c.h.p.o.dependants.PodInfoConfigMap - [helmlega] Desired PodInfo ConfigMap (2 extensions) (1 enabled)
2025-01-30 04:03:39,743 INFO c.h.h.t.HelmChartContainer - [hivemq-test-hivemq-platform] [hivemq-platform-operator] [d3eeb85c] 04:03:39.740 [pool-6-thread-35] DEBUG c.h.p.o.dependants.PodInfoConfigMap - [helmlega] Desired PodInfo ConfigMap (metrics port: 9399) (metrics path: /)
2025-01-30 04:03:39,743 INFO c.h.h.t.HelmChartContainer - [hivemq-test-hivemq-platform] [hivemq-platform-operator] [d3eeb85c] 04:03:39.740 [pool-6-thread-35] DEBUG c.h.p.o.dependants.PodInfoConfigMap - [helmlega] Desired PodInfo ConfigMap (extension state hash: 259316804)
2025-01-30 04:03:39,745 INFO c.h.h.t.HelmChartContainer - [hivemq-test-hivemq-platform] [hivemq-platform-operator] [d3eeb85c] 04:03:39.740 [pool-6-thread-34] DEBUG c.h.p.o.d.PodServiceAccountResource - [helmlega] Desired PodServiceAccountResource (serviceAccountName: hivemq-platform-pod-test-hivemq-legacy-platform)
2025-01-30 04:03:39,752 INFO c.h.h.t.HelmChartContainer - [hivemq-test-hivemq-platform] [hivemq-platform-operator] [d3eeb85c] 04:03:39.743 [pool-6-thread-33] DEBUG c.h.p.o.d.StatefulSetResource - [helmlega] Desired StatefulSet (2 replicas) for status ROLLING_RESTART (RESTART_PODS_IN_PROGRESS)
2025-01-30 04:03:39,752 INFO c.h.h.t.HelmChartContainer - [hivemq-test-hivemq-platform] [hivemq-platform-operator] [d3eeb85c] 04:03:39.749 [ReconcilerExecutor-hivemq-controller-136] INFO  c.h.p.o.HiveMQPlatformReconciler - [helmlega] Reconciling HiveMQ Platform 'test-hivemq-legacy-platform' in namespace 'helmlegacystatefulsetmigrationit-operator'
2025-01-30 04:03:39,752 INFO c.h.h.t.HelmChartContainer - [hivemq-test-hivemq-platform] [hivemq-platform-operator] [d3eeb85c] 04:03:39.749 [ReconcilerExecutor-hivemq-controller-136] DEBUG c.h.p.o.HiveMQPlatformReconciler - [helmlega] Custom Resource Status ROLLING_RESTART - HiveMQ Platform is restarting Pods (rolling restart) (RESTART_PODS_IN_PROGRESS)
2025-01-30 04:03:39,752 INFO c.h.h.t.HelmChartContainer - [hivemq-test-hivemq-platform] [hivemq-platform-operator] [d3eeb85c] 04:03:39.749 [ReconcilerExecutor-hivemq-controller-136] DEBUG c.h.p.o.HiveMQPlatformReconciler - [helmlega] Custom Resource Spec (replicas: 1) (extensions: 2)
2025-01-30 04:03:39,752 INFO c.h.h.t.HelmChartContainer - [hivemq-test-hivemq-platform] [hivemq-platform-operator] [d3eeb85c] 04:03:39.750 [ReconcilerExecutor-hivemq-controller-136] DEBUG c.h.p.o.HiveMQPlatformReconciler - [helmlega] StatefulSet Status (revision: test-hivemq-legacy-platform-65df8dcb7f, replicas: 2, available: 1, ready: 1, current: 2, updated: 2)
2025-01-30 04:03:39,752 INFO c.h.h.t.HelmChartContainer - [hivemq-test-hivemq-platform] [hivemq-platform-operator] [d3eeb85c] 04:03:39.750 [ReconcilerExecutor-hivemq-controller-136] DEBUG c.h.p.o.HiveMQPlatformReconciler - [helmlega] StatefulSet Spec (replicas: 2, init containers: 1, containers: 1, volumes: 6)
2025-01-30 04:03:39,752 INFO c.h.h.t.HelmChartContainer - [EVENT] Normal [Started] Started container hivemq [helmlegacystatefulsetmigrationit-operator:test-hivemq-legacy-platform-0]
2025-01-30 04:03:39,752 INFO c.h.h.t.HelmChartContainer - Received Started event for container hivemq in pod test-hivemq-legacy-platform-0 [d1f1774d-8270-4e05-8def-558487983998]
2025-01-30 04:03:39,752 INFO c.h.h.t.HelmChartContainer - Started log watcher for hivemq in pod test-hivemq-legacy-platform-0 [d1f1774d-8270-4e05-8def-558487983998]
2025-01-30 04:03:39,752 INFO c.h.h.t.HelmChartContainer - [test-hivemq-legacy-platform] [hivemq] [d1f1774d] Adding pre-installed HiveMQ Platform Operator extensions
2025-01-30 04:03:39,752 INFO c.h.h.t.HelmChartContainer - [test-hivemq-legacy-platform] [hivemq] [d1f1774d] Running as user 10000
2025-01-30 04:03:39,752 INFO c.h.h.t.HelmChartContainer - [test-hivemq-legacy-platform] [hivemq] [d1f1774d] Starting HiveMQ Platform Operator Init
2025-01-30 04:03:39,757 INFO c.h.h.t.HelmChartContainer - [hivemq-test-hivemq-platform] [hivemq-platform-operator] [d3eeb85c] 04:03:39.754 [ReconcilerExecutor-hivemq-controller-136] DEBUG c.h.p.o.h.HiveMQPlatformReconcilerErrorHandler - [helmlega] Pod 'test-hivemq-legacy-platform-1' phase Running
2025-01-30 04:03:39,759 INFO c.h.h.t.HelmChartContainer - [hivemq-test-hivemq-platform] [hivemq-platform-operator] [d3eeb85c] 04:03:39.757 [ReconcilerExecutor-hivemq-controller-136] DEBUG c.h.p.o.h.HiveMQPlatformReconcilerErrorHandler - [helmlega] Pod 'test-hivemq-legacy-platform-0' phase Running
2025-01-30 04:03:39,760 INFO c.h.h.t.HelmChartContainer - [hivemq-test-hivemq-platform] [hivemq-platform-operator] [d3eeb85c] 04:03:39.757 [ReconcilerExecutor-hivemq-controller-136] DEBUG c.h.p.o.h.HiveMQPlatformReconcilerRollingRestartHandler - [helmlega] Rolling restart is waiting for 1 of 2 replicas
2025-01-30 04:03:39,958 INFO c.h.h.t.HelmChartContainer - [test-hivemq-legacy-platform] [hivemq] [d1f1774d] INFO  - [HiveMQ Platform Operator Init 1.7.0-SNAPSHOT] HiveMQ Platform Operator Init 1.7.0-SNAPSHOT (commit: 47e3375 on branch: HEAD) built on Thu Jan 30 03:55:50 UTC 2025
2025-01-30 04:03:41,163 INFO c.h.h.t.HelmChartContainer - [test-hivemq-legacy-platform] [hivemq] [d1f1774d] INFO  - [HiveMQ Platform Operator Init App 1.7.0-SNAPSHOT] Using bind address 10.42.0.12 from environment variable
2025-01-30 04:03:42,052 INFO c.h.h.t.HelmChartContainer - [test-hivemq-legacy-platform] [hivemq] [d1f1774d] INFO  - [HiveMQ Platform Operator Init App 1.7.0-SNAPSHOT] HiveMQ Platform Operator Init App 1.7.0-SNAPSHOT (commit: 47e3375 on branch: HEAD) built on Thu Jan 30 03:55:50 UTC 2025
2025-01-30 04:03:42,053 INFO c.h.h.t.HelmChartContainer - [test-hivemq-legacy-platform] [hivemq] [d1f1774d] INFO  - [HiveMQ Platform Operator Init App 1.7.0-SNAPSHOT] PodInfo ConfigMap directory: /etc/podinfo
2025-01-30 04:03:42,053 INFO c.h.h.t.HelmChartContainer - [test-hivemq-legacy-platform] [hivemq] [d1f1774d] INFO  - [HiveMQ Platform Operator Init App 1.7.0-SNAPSHOT] HiveMQ home directory: /opt/hivemq
2025-01-30 04:03:42,053 INFO c.h.h.t.HelmChartContainer - [test-hivemq-legacy-platform] [hivemq] [d1f1774d] INFO  - [HiveMQ Platform Operator Init App 1.7.0-SNAPSHOT] HiveMQ Logback folder: /opt/hivemq/conf
2025-01-30 04:03:42,053 INFO c.h.h.t.HelmChartContainer - [test-hivemq-legacy-platform] [hivemq] [d1f1774d] INFO  - [HiveMQ Platform Operator Init App 1.7.0-SNAPSHOT] HiveMQ Config folder: /opt/hivemq/conf-k8s
2025-01-30 04:03:42,054 INFO c.h.h.t.HelmChartContainer - [test-hivemq-legacy-platform] [hivemq] [d1f1774d] INFO  - [HiveMQ Platform Operator Init App 1.7.0-SNAPSHOT] Starting HiveMQ Platform Operator Init App
2025-01-30 04:03:42,054 INFO c.h.h.t.HelmChartContainer - [test-hivemq-legacy-platform] [hivemq] [d1f1774d] INFO  - [HiveMQ Platform Operator Init App 1.7.0-SNAPSHOT] Starting Pod reconciler
2025-01-30 04:03:43,212 INFO c.h.h.t.HelmChartContainer - [test-hivemq-legacy-platform] [hivemq] [d1f1774d] INFO  - [HiveMQ Platform Operator Init App 1.7.0-SNAPSHOT] Pod reconciler is scheduled (interval: 5000 ms)
2025-01-30 04:03:43,213 INFO c.h.h.t.HelmChartContainer - [test-hivemq-legacy-platform] [hivemq] [d1f1774d] INFO  - [HiveMQ Platform Operator Init App 1.7.0-SNAPSHOT] Starting the REST API on 10.42.0.12:7979
2025-01-30 04:03:43,215 INFO c.h.h.t.HelmChartContainer - [test-hivemq-legacy-platform] [hivemq] [d1f1774d] INFO  - [HiveMQ Platform Operator Init App 1.7.0-SNAPSHOT] Waiting up to 600s for at most 2 HiveMQ nodes in cluster service hivemq-test-hivemq-legacy-platform-cluster.helmlegacystatefulsetmigrationit-operator.svc
2025-01-30 04:03:43,553 INFO c.h.h.t.HelmChartContainer - [test-hivemq-legacy-platform] [hivemq] [d1f1774d] INFO  - [HiveMQ Platform Operator Init App 1.7.0-SNAPSHOT] Resolved 2 IP addresses: [10.42.0.11, 10.42.0.12]
2025-01-30 04:03:43,553 INFO c.h.h.t.HelmChartContainer - [test-hivemq-legacy-platform] [hivemq] [d1f1774d] INFO  - [HiveMQ Platform Operator Init App 1.7.0-SNAPSHOT] HiveMQ node count of 2 is within threshold of 2
2025-01-30 04:03:43,553 INFO c.h.h.t.HelmChartContainer - [test-hivemq-legacy-platform] [hivemq] [d1f1774d] INFO  - [HiveMQ Platform Operator Init App 1.7.0-SNAPSHOT] Waiting 15s for previous shutdown replication to finish...
2025-01-30 04:03:45,734 INFO c.h.h.t.HelmChartContainer - [test-hivemq-legacy-platform] [hivemq] [d1f1774d] INFO  - [HiveMQ Platform Operator Init App 1.7.0-SNAPSHOT] Returning default Health API response 503 for readiness
2025-01-30 04:03:45,859 INFO c.h.h.t.HelmChartContainer - [EVENT] Warning [Unhealthy] Readiness probe failed: HTTP probe failed with statuscode: 503 [helmlegacystatefulsetmigrationit-operator:test-hivemq-legacy-platform-0]
2025-01-30 04:03:45,859 INFO c.h.h.t.HelmChartContainer - Received Unhealthy event for container hivemq in pod test-hivemq-legacy-platform-0 [d1f1774d-8270-4e05-8def-558487983998]
2025-01-30 04:03:49,763 INFO c.h.h.t.HelmChartContainer - [hivemq-test-hivemq-platform] [hivemq-platform-operator] [d3eeb85c] 04:03:49.761 [pool-6-thread-46] DEBUG c.h.p.o.d.PlatformServiceResource - [helmlega] Desired Platform services (4 services)
2025-01-30 04:03:49,771 INFO c.h.h.t.HelmChartContainer - [hivemq-test-hivemq-platform] [hivemq-platform-operator] [d3eeb85c] 04:03:49.762 [pool-6-thread-42] DEBUG c.h.p.o.dependants.PodInfoConfigMap - [helmlega] Desired PodInfo ConfigMap (2 extensions) (1 enabled)
2025-01-30 04:03:49,772 INFO c.h.h.t.HelmChartContainer - [hivemq-test-hivemq-platform] [hivemq-platform-operator] [d3eeb85c] 04:03:49.768 [pool-6-thread-42] DEBUG c.h.p.o.dependants.PodInfoConfigMap - [helmlega] Desired PodInfo ConfigMap (metrics port: 9399) (metrics path: /)
2025-01-30 04:03:49,772 INFO c.h.h.t.HelmChartContainer - [hivemq-test-hivemq-platform] [hivemq-platform-operator] [d3eeb85c] 04:03:49.768 [pool-6-thread-42] DEBUG c.h.p.o.dependants.PodInfoConfigMap - [helmlega] Desired PodInfo ConfigMap (extension state hash: 259316804)
2025-01-30 04:03:49,772 INFO c.h.h.t.HelmChartContainer - [hivemq-test-hivemq-platform] [hivemq-platform-operator] [d3eeb85c] 04:03:49.770 [pool-6-thread-42] DEBUG c.h.p.o.d.StatefulSetResource - [helmlega] Desired StatefulSet (2 replicas) for status ROLLING_RESTART (RESTART_PODS_IN_PROGRESS)
2025-01-30 04:03:49,772 INFO c.h.h.t.HelmChartContainer - [hivemq-test-hivemq-platform] [hivemq-platform-operator] [d3eeb85c] 04:03:49.763 [pool-6-thread-49] DEBUG c.h.p.o.d.PodServiceAccountResource - [helmlega] Desired PodServiceAccountResource (serviceAccountName: hivemq-platform-pod-test-hivemq-legacy-platform)
2025-01-30 04:03:49,775 INFO c.h.h.t.HelmChartContainer - [hivemq-test-hivemq-platform] [hivemq-platform-operator] [d3eeb85c] 04:03:49.773 [ReconcilerExecutor-hivemq-controller-137] INFO  c.h.p.o.HiveMQPlatformReconciler - [helmlega] Reconciling HiveMQ Platform 'test-hivemq-legacy-platform' in namespace 'helmlegacystatefulsetmigrationit-operator'
2025-01-30 04:03:49,778 INFO c.h.h.t.HelmChartContainer - [hivemq-test-hivemq-platform] [hivemq-platform-operator] [d3eeb85c] 04:03:49.773 [ReconcilerExecutor-hivemq-controller-137] DEBUG c.h.p.o.HiveMQPlatformReconciler - [helmlega] Custom Resource Status ROLLING_RESTART - HiveMQ Platform is restarting Pods (rolling restart) (RESTART_PODS_IN_PROGRESS)
2025-01-30 04:03:49,780 INFO c.h.h.t.HelmChartContainer - [hivemq-test-hivemq-platform] [hivemq-platform-operator] [d3eeb85c] 04:03:49.773 [ReconcilerExecutor-hivemq-controller-137] DEBUG c.h.p.o.HiveMQPlatformReconciler - [helmlega] Custom Resource Spec (replicas: 1) (extensions: 2)
2025-01-30 04:03:49,780 INFO c.h.h.t.HelmChartContainer - [hivemq-test-hivemq-platform] [hivemq-platform-operator] [d3eeb85c] 04:03:49.775 [ReconcilerExecutor-hivemq-controller-137] DEBUG c.h.p.o.HiveMQPlatformReconciler - [helmlega] StatefulSet Status (revision: test-hivemq-legacy-platform-65df8dcb7f, replicas: 2, available: 1, ready: 1, current: 2, updated: 2)
2025-01-30 04:03:49,780 INFO c.h.h.t.HelmChartContainer - [hivemq-test-hivemq-platform] [hivemq-platform-operator] [d3eeb85c] 04:03:49.775 [ReconcilerExecutor-hivemq-controller-137] DEBUG c.h.p.o.HiveMQPlatformReconciler - [helmlega] StatefulSet Spec (replicas: 2, init containers: 1, containers: 1, volumes: 6)
2025-01-30 04:03:49,780 INFO c.h.h.t.HelmChartContainer - [hivemq-test-hivemq-platform] [hivemq-platform-operator] [d3eeb85c] 04:03:49.776 [ReconcilerExecutor-hivemq-controller-137] DEBUG c.h.p.o.h.HiveMQPlatformReconcilerErrorHandler - [helmlega] Pod 'test-hivemq-legacy-platform-1' phase Running
2025-01-30 04:03:49,782 INFO c.h.h.t.HelmChartContainer - [hivemq-test-hivemq-platform] [hivemq-platform-operator] [d3eeb85c] 04:03:49.781 [ReconcilerExecutor-hivemq-controller-137] DEBUG c.h.p.o.h.HiveMQPlatformReconcilerErrorHandler - [helmlega] Pod 'test-hivemq-legacy-platform-0' phase Running
2025-01-30 04:03:49,783 INFO c.h.h.t.HelmChartContainer - [hivemq-test-hivemq-platform] [hivemq-platform-operator] [d3eeb85c] 04:03:49.782 [ReconcilerExecutor-hivemq-controller-137] DEBUG c.h.p.o.h.HiveMQPlatformReconcilerRollingRestartHandler - [helmlega] Rolling restart is waiting for 1 of 2 replicas
2025-01-30 04:03:50,475 INFO c.h.h.t.HelmChartContainer - [test-hivemq-legacy-platform] [hivemq] [d1f1774d] INFO  - [HiveMQ Platform Operator Init App 1.7.0-SNAPSHOT] Updating Pod HiveMQ Platform Operator Init App version annotation (version: 1.7.0-SNAPSHOT)
2025-01-30 04:03:50,758 INFO c.h.h.t.HelmChartContainer - [EVENT] Warning [Unhealthy] Readiness probe failed: HTTP probe failed with statuscode: 503 [helmlegacystatefulsetmigrationit-operator:test-hivemq-legacy-platform-0]
2025-01-30 04:03:50,758 INFO c.h.h.t.HelmChartContainer - Received Unhealthy event for container hivemq in pod test-hivemq-legacy-platform-0 [d1f1774d-8270-4e05-8def-558487983998]
2025-01-30 04:03:50,867 INFO c.h.h.t.HelmChartContainer - [POD] test-hivemq-legacy-platform-0 [d1f1774d-8270-4e05-8def-558487983998] in helmlegacystatefulsetmigrationit-operator was MODIFIED
2025-01-30 04:03:50,875 INFO c.h.h.t.HelmChartContainer - [hivemq-test-hivemq-platform] [hivemq-platform-operator] [d3eeb85c] 04:03:50.873 [pool-6-thread-2] DEBUG c.h.p.o.d.PlatformServiceResource - [helmlega] Desired Platform services (4 services)
2025-01-30 04:03:50,878 INFO c.h.h.t.HelmChartContainer - [hivemq-test-hivemq-platform] [hivemq-platform-operator] [d3eeb85c] 04:03:50.874 [pool-6-thread-10] DEBUG c.h.p.o.dependants.PodInfoConfigMap - [helmlega] Desired PodInfo ConfigMap (2 extensions) (1 enabled)
2025-01-30 04:03:50,878 INFO c.h.h.t.HelmChartContainer - [hivemq-test-hivemq-platform] [hivemq-platform-operator] [d3eeb85c] 04:03:50.876 [pool-6-thread-10] DEBUG c.h.p.o.dependants.PodInfoConfigMap - [helmlega] Desired PodInfo ConfigMap (metrics port: 9399) (metrics path: /)
2025-01-30 04:03:50,878 INFO c.h.h.t.HelmChartContainer - [hivemq-test-hivemq-platform] [hivemq-platform-operator] [d3eeb85c] 04:03:50.876 [pool-6-thread-10] DEBUG c.h.p.o.dependants.PodInfoConfigMap - [helmlega] Desired PodInfo ConfigMap (extension state hash: 259316804)
2025-01-30 04:03:50,884 INFO c.h.h.t.HelmChartContainer - [hivemq-test-hivemq-platform] [hivemq-platform-operator] [d3eeb85c] 04:03:50.881 [pool-6-thread-5] DEBUG c.h.p.o.d.PodServiceAccountResource - [helmlega] Desired PodServiceAccountResource (serviceAccountName: hivemq-platform-pod-test-hivemq-legacy-platform)
2025-01-30 04:03:50,886 INFO c.h.h.t.HelmChartContainer - [EVENT] Warning [Unhealthy] Readiness probe failed: HTTP probe failed with statuscode: 503 [helmlegacystatefulsetmigrationit-operator:test-hivemq-legacy-platform-0]
2025-01-30 04:03:50,886 INFO c.h.h.t.HelmChartContainer - Received Unhealthy event for container hivemq in pod test-hivemq-legacy-platform-0 [d1f1774d-8270-4e05-8def-558487983998]
2025-01-30 04:03:50,887 INFO c.h.h.t.HelmChartContainer - [hivemq-test-hivemq-platform] [hivemq-platform-operator] [d3eeb85c] 04:03:50.883 [pool-6-thread-5] DEBUG c.h.p.o.d.StatefulSetResource - [helmlega] Desired StatefulSet (2 replicas) for status ROLLING_RESTART (RESTART_PODS_IN_PROGRESS)
2025-01-30 04:03:50,887 INFO c.h.h.t.HelmChartContainer - [test-hivemq-legacy-platform] [hivemq] [d1f1774d] INFO  - [HiveMQ Platform Operator Init App 1.7.0-SNAPSHOT] Successfully updated Pod HiveMQ Platform Operator Init App version annotation (version: 1.7.0-SNAPSHOT)
2025-01-30 04:03:50,888 INFO c.h.h.t.HelmChartContainer - [hivemq-test-hivemq-platform] [hivemq-platform-operator] [d3eeb85c] 04:03:50.887 [ReconcilerExecutor-hivemq-controller-138] INFO  c.h.p.o.HiveMQPlatformReconciler - [helmlega] Reconciling HiveMQ Platform 'test-hivemq-legacy-platform' in namespace 'helmlegacystatefulsetmigrationit-operator'
2025-01-30 04:03:50,889 INFO c.h.h.t.HelmChartContainer - [hivemq-test-hivemq-platform] [hivemq-platform-operator] [d3eeb85c] 04:03:50.887 [ReconcilerExecutor-hivemq-controller-138] DEBUG c.h.p.o.HiveMQPlatformReconciler - [helmlega] Custom Resource Status ROLLING_RESTART - HiveMQ Platform is restarting Pods (rolling restart) (RESTART_PODS_IN_PROGRESS)
2025-01-30 04:03:50,889 INFO c.h.h.t.HelmChartContainer - [hivemq-test-hivemq-platform] [hivemq-platform-operator] [d3eeb85c] 04:03:50.887 [ReconcilerExecutor-hivemq-controller-138] DEBUG c.h.p.o.HiveMQPlatformReconciler - [helmlega] Custom Resource Spec (replicas: 1) (extensions: 2)
2025-01-30 04:03:50,890 INFO c.h.h.t.HelmChartContainer - [hivemq-test-hivemq-platform] [hivemq-platform-operator] [d3eeb85c] 04:03:50.890 [ReconcilerExecutor-hivemq-controller-138] DEBUG c.h.p.o.HiveMQPlatformReconciler - [helmlega] StatefulSet Status (revision: test-hivemq-legacy-platform-65df8dcb7f, replicas: 2, available: 1, ready: 1, current: 2, updated: 2)
2025-01-30 04:03:50,890 INFO c.h.h.t.HelmChartContainer - [hivemq-test-hivemq-platform] [hivemq-platform-operator] [d3eeb85c] 04:03:50.890 [ReconcilerExecutor-hivemq-controller-138] DEBUG c.h.p.o.HiveMQPlatformReconciler - [helmlega] StatefulSet Spec (replicas: 2, init containers: 1, containers: 1, volumes: 6)
2025-01-30 04:03:50,892 INFO c.h.h.t.HelmChartContainer - [hivemq-test-hivemq-platform] [hivemq-platform-operator] [d3eeb85c] 04:03:50.891 [ReconcilerExecutor-hivemq-controller-138] DEBUG c.h.p.o.h.HiveMQPlatformReconcilerErrorHandler - [helmlega] Pod 'test-hivemq-legacy-platform-1' phase Running
2025-01-30 04:03:50,893 INFO c.h.h.t.HelmChartContainer - [hivemq-test-hivemq-platform] [hivemq-platform-operator] [d3eeb85c] 04:03:50.892 [ReconcilerExecutor-hivemq-controller-138] DEBUG c.h.p.o.h.HiveMQPlatformReconcilerErrorHandler - [helmlega] Pod 'test-hivemq-legacy-platform-0' phase Running
2025-01-30 04:03:50,893 INFO c.h.h.t.HelmChartContainer - [hivemq-test-hivemq-platform] [hivemq-platform-operator] [d3eeb85c] 04:03:50.892 [ReconcilerExecutor-hivemq-controller-138] DEBUG c.h.p.o.h.HiveMQPlatformReconcilerRollingRestartHandler - [helmlega] Rolling restart is waiting for 1 of 2 replicas
2025-01-30 04:03:55,875 INFO c.h.h.t.HelmChartContainer - [EVENT] Warning [Unhealthy] Readiness probe failed: HTTP probe failed with statuscode: 503 [helmlegacystatefulsetmigrationit-operator:test-hivemq-legacy-platform-0]
2025-01-30 04:03:55,875 INFO c.h.h.t.HelmChartContainer - Received Unhealthy event for container hivemq in pod test-hivemq-legacy-platform-0 [d1f1774d-8270-4e05-8def-558487983998]
2025-01-30 04:03:58,554 INFO c.h.h.t.HelmChartContainer - [test-hivemq-legacy-platform] [hivemq] [d1f1774d] INFO  - [HiveMQ Platform Operator Init App 1.7.0-SNAPSHOT] Proceeding with container start
2025-01-30 04:03:58,557 INFO c.h.h.t.HelmChartContainer - [test-hivemq-legacy-platform] [hivemq] [d1f1774d] INFO  - [HiveMQ Platform Operator Init App 1.7.0-SNAPSHOT] Initializing HiveMQ Platform extensions with initial configuration: {hivemq-allow-all-extension={start-priority=-1, skip-https-hostname-verification=false, restart=true, config-version=0, header-version=0, c-uri=, priority=-1, uri=preinstalled, skip-https-certificate-validation=false, enabled=false}, hivemq-enterprise-security-extension={start-priority=-1, skip-https-hostname-verification=false, restart=true, config-version=734, header-version=0, c-uri=, priority=-1, uri=preinstalled, skip-https-certificate-validation=false, enabled=true}, hivemq-prometheus-extension={restart=true, enabled=true, request-header-path=no-request-headers, uri=preinstalled, skip-https-certificate-validation=false, skip-https-hostname-verification=false, c-uri=, start-priority=-1, priority=-1}}
2025-01-30 04:03:58,558 INFO c.h.h.t.HelmChartContainer - [test-hivemq-legacy-platform] [hivemq] [d1f1774d] INFO  - [HiveMQ Platform Operator Init App 1.7.0-SNAPSHOT] Successfully disabled extension hivemq-allow-all-extension
2025-01-30 04:03:58,973 INFO c.h.h.t.HelmChartContainer - [test-hivemq-legacy-platform] [hivemq] [d1f1774d] INFO  - [HiveMQ Platform Operator Init App 1.7.0-SNAPSHOT] Successfully enabled extension hivemq-enterprise-security-extension
2025-01-30 04:03:59,061 INFO c.h.h.t.HelmChartContainer - [test-hivemq-legacy-platform] [hivemq] [d1f1774d] INFO  - [HiveMQ Platform Operator Init App 1.7.0-SNAPSHOT] Successfully enabled extension hivemq-prometheus-extension
2025-01-30 04:03:59,064 INFO c.h.h.t.HelmChartContainer - [test-hivemq-legacy-platform] [hivemq] [d1f1774d] INFO  - [HiveMQ Platform Operator Init App 1.7.0-SNAPSHOT] Starting HiveMQ Platform version 4.36.0 (4.36.0)
2025-01-30 04:03:59,065 INFO c.h.h.t.HelmChartContainer - [test-hivemq-legacy-platform] [hivemq] [d1f1774d] INFO  - [HiveMQ Platform Operator Init App 1.7.0-SNAPSHOT] Configuring the HiveMQ Platform
2025-01-30 04:03:59,152 INFO c.h.h.t.HelmChartContainer - [test-hivemq-legacy-platform] [hivemq] [d1f1774d] INFO  - [HiveMQ Platform Operator Init App 1.7.0-SNAPSHOT] Changed logback.xml file scan period to 20 seconds
2025-01-30 04:03:59,167 INFO c.h.h.t.HelmChartContainer - [test-hivemq-legacy-platform] [hivemq] [d1f1774d] INFO  - [HiveMQ Platform Operator Init App 1.7.0-SNAPSHOT] Starting the HiveMQ Platform
2025-01-30 04:03:59,253 INFO c.h.h.t.HelmChartContainer - [test-hivemq-legacy-platform] [hivemq] [d1f1774d] -------------------------------------------------------------------------
2025-01-30 04:03:59,254 INFO c.h.h.t.HelmChartContainer - [test-hivemq-legacy-platform] [hivemq] [d1f1774d] 
2025-01-30 04:03:59,254 INFO c.h.h.t.HelmChartContainer - [test-hivemq-legacy-platform] [hivemq] [d1f1774d]                   _    _  _              __  __   ____
2025-01-30 04:03:59,254 INFO c.h.h.t.HelmChartContainer - [test-hivemq-legacy-platform] [hivemq] [d1f1774d]                  | |  | |(_)            |  \/  | / __ \
2025-01-30 04:03:59,254 INFO c.h.h.t.HelmChartContainer - [test-hivemq-legacy-platform] [hivemq] [d1f1774d]                  | |__| | _ __   __ ___ | \  / || |  | |
2025-01-30 04:03:59,254 INFO c.h.h.t.HelmChartContainer - [test-hivemq-legacy-platform] [hivemq] [d1f1774d]                  |  __  || |\ \ / // _ \| |\/| || |  | |
2025-01-30 04:03:59,254 INFO c.h.h.t.HelmChartContainer - [test-hivemq-legacy-platform] [hivemq] [d1f1774d]                  | |  | || | \ V /|  __/| |  | || |__| |
2025-01-30 04:03:59,254 INFO c.h.h.t.HelmChartContainer - [test-hivemq-legacy-platform] [hivemq] [d1f1774d]                  |_|  |_||_|  \_/  \___||_|  |_| \___\_\
2025-01-30 04:03:59,254 INFO c.h.h.t.HelmChartContainer - [test-hivemq-legacy-platform] [hivemq] [d1f1774d] 
2025-01-30 04:03:59,254 INFO c.h.h.t.HelmChartContainer - [test-hivemq-legacy-platform] [hivemq] [d1f1774d] -------------------------------------------------------------------------
2025-01-30 04:03:59,254 INFO c.h.h.t.HelmChartContainer - [test-hivemq-legacy-platform] [hivemq] [d1f1774d] 
2025-01-30 04:03:59,254 INFO c.h.h.t.HelmChartContainer - [test-hivemq-legacy-platform] [hivemq] [d1f1774d]   HiveMQ Start Script for Linux/Unix v1.14
2025-01-30 04:03:59,254 INFO c.h.h.t.HelmChartContainer - [test-hivemq-legacy-platform] [hivemq] [d1f1774d] 
2025-01-30 04:03:59,283 INFO c.h.h.t.HelmChartContainer - [test-hivemq-legacy-platform] [hivemq] [d1f1774d] -------------------------------------------------------------------------
2025-01-30 04:03:59,283 INFO c.h.h.t.HelmChartContainer - [test-hivemq-legacy-platform] [hivemq] [d1f1774d] 
2025-01-30 04:03:59,283 INFO c.h.h.t.HelmChartContainer - [test-hivemq-legacy-platform] [hivemq] [d1f1774d]   HIVEMQ_HOME: /opt/hivemq
2025-01-30 04:03:59,283 INFO c.h.h.t.HelmChartContainer - [test-hivemq-legacy-platform] [hivemq] [d1f1774d] 
2025-01-30 04:03:59,283 INFO c.h.h.t.HelmChartContainer - [test-hivemq-legacy-platform] [hivemq] [d1f1774d]   JAVA_OPTS: -XX:+UnlockExperimentalVMOptions -XX:InitialRAMPercentage=50 -XX:MaxRAMPercentage=50 -Djava.net.preferIPv4Stack=true --add-opens java.base/java.lang=ALL-UNNAMED --add-opens java.base/java.nio=ALL-UNNAMED --add-opens java.base/sun.nio.ch=ALL-UNNAMED --add-opens jdk.management/com.sun.management.internal=ALL-UNNAMED --add-exports java.base/jdk.internal.misc=ALL-UNNAMED -Djava.security.egd=file:/dev/./urandom -Dcom.sun.management.jmxremote -Dcom.sun.management.jmxremote.port=9010 -Dcom.sun.management.jmxremote.local.only=false -Dcom.sun.management.jmxremote.authenticate=false -Dcom.sun.management.jmxremote.ssl=false -Duser.language=en -Duser.region=US -XX:+CrashOnOutOfMemoryError -XX:+HeapDumpOnOutOfMemoryError
2025-01-30 04:03:59,284 INFO c.h.h.t.HelmChartContainer - [test-hivemq-legacy-platform] [hivemq] [d1f1774d] 
2025-01-30 04:03:59,284 INFO c.h.h.t.HelmChartContainer - [test-hivemq-legacy-platform] [hivemq] [d1f1774d]   JAVA_VERSION: 21
2025-01-30 04:03:59,284 INFO c.h.h.t.HelmChartContainer - [test-hivemq-legacy-platform] [hivemq] [d1f1774d] 
2025-01-30 04:03:59,284 INFO c.h.h.t.HelmChartContainer - [test-hivemq-legacy-platform] [hivemq] [d1f1774d] -------------------------------------------------------------------------
2025-01-30 04:03:59,284 INFO c.h.h.t.HelmChartContainer - [test-hivemq-legacy-platform] [hivemq] [d1f1774d] 
2025-01-30 04:04:00,876 INFO c.h.h.t.HelmChartContainer - [EVENT] Warning [Unhealthy] Readiness probe failed: HTTP probe failed with statuscode: 503 [helmlegacystatefulsetmigrationit-operator:test-hivemq-legacy-platform-0]
2025-01-30 04:04:00,876 INFO c.h.h.t.HelmChartContainer - Received Unhealthy event for container hivemq in pod test-hivemq-legacy-platform-0 [d1f1774d-8270-4e05-8def-558487983998]
2025-01-30 04:04:00,901 INFO c.h.h.t.HelmChartContainer - [hivemq-test-hivemq-platform] [hivemq-platform-operator] [d3eeb85c] 04:04:00.896 [pool-6-thread-12] DEBUG c.h.p.o.d.PlatformServiceResource - [helmlega] Desired Platform services (4 services)
2025-01-30 04:04:00,901 INFO c.h.h.t.HelmChartContainer - [hivemq-test-hivemq-platform] [hivemq-platform-operator] [d3eeb85c] 04:04:00.897 [pool-6-thread-19] DEBUG c.h.p.o.dependants.PodInfoConfigMap - [helmlega] Desired PodInfo ConfigMap (2 extensions) (1 enabled)
2025-01-30 04:04:00,901 INFO c.h.h.t.HelmChartContainer - [hivemq-test-hivemq-platform] [hivemq-platform-operator] [d3eeb85c] 04:04:00.897 [pool-6-thread-19] DEBUG c.h.p.o.dependants.PodInfoConfigMap - [helmlega] Desired PodInfo ConfigMap (metrics port: 9399) (metrics path: /)
2025-01-30 04:04:00,901 INFO c.h.h.t.HelmChartContainer - [hivemq-test-hivemq-platform] [hivemq-platform-operator] [d3eeb85c] 04:04:00.897 [pool-6-thread-19] DEBUG c.h.p.o.dependants.PodInfoConfigMap - [helmlega] Desired PodInfo ConfigMap (extension state hash: 259316804)
2025-01-30 04:04:00,901 INFO c.h.h.t.HelmChartContainer - [hivemq-test-hivemq-platform] [hivemq-platform-operator] [d3eeb85c] 04:04:00.898 [pool-6-thread-19] DEBUG c.h.p.o.d.PodServiceAccountResource - [helmlega] Desired PodServiceAccountResource (serviceAccountName: hivemq-platform-pod-test-hivemq-legacy-platform)
2025-01-30 04:04:00,903 INFO c.h.h.t.HelmChartContainer - [hivemq-test-hivemq-platform] [hivemq-platform-operator] [d3eeb85c] 04:04:00.903 [pool-6-thread-12] DEBUG c.h.p.o.d.StatefulSetResource - [helmlega] Desired StatefulSet (2 replicas) for status ROLLING_RESTART (RESTART_PODS_IN_PROGRESS)
2025-01-30 04:04:00,906 INFO c.h.h.t.HelmChartContainer - [hivemq-test-hivemq-platform] [hivemq-platform-operator] [d3eeb85c] 04:04:00.906 [ReconcilerExecutor-hivemq-controller-139] INFO  c.h.p.o.HiveMQPlatformReconciler - [helmlega] Reconciling HiveMQ Platform 'test-hivemq-legacy-platform' in namespace 'helmlegacystatefulsetmigrationit-operator'
2025-01-30 04:04:00,907 INFO c.h.h.t.HelmChartContainer - [hivemq-test-hivemq-platform] [hivemq-platform-operator] [d3eeb85c] 04:04:00.906 [ReconcilerExecutor-hivemq-controller-139] DEBUG c.h.p.o.HiveMQPlatformReconciler - [helmlega] Custom Resource Status ROLLING_RESTART - HiveMQ Platform is restarting Pods (rolling restart) (RESTART_PODS_IN_PROGRESS)
2025-01-30 04:04:00,907 INFO c.h.h.t.HelmChartContainer - [hivemq-test-hivemq-platform] [hivemq-platform-operator] [d3eeb85c] 04:04:00.906 [ReconcilerExecutor-hivemq-controller-139] DEBUG c.h.p.o.HiveMQPlatformReconciler - [helmlega] Custom Resource Spec (replicas: 1) (extensions: 2)
2025-01-30 04:04:00,908 INFO c.h.h.t.HelmChartContainer - [hivemq-test-hivemq-platform] [hivemq-platform-operator] [d3eeb85c] 04:04:00.907 [ReconcilerExecutor-hivemq-controller-139] DEBUG c.h.p.o.HiveMQPlatformReconciler - [helmlega] StatefulSet Status (revision: test-hivemq-legacy-platform-65df8dcb7f, replicas: 2, available: 1, ready: 1, current: 2, updated: 2)
2025-01-30 04:04:00,908 INFO c.h.h.t.HelmChartContainer - [hivemq-test-hivemq-platform] [hivemq-platform-operator] [d3eeb85c] 04:04:00.908 [ReconcilerExecutor-hivemq-controller-139] DEBUG c.h.p.o.HiveMQPlatformReconciler - [helmlega] StatefulSet Spec (replicas: 2, init containers: 1, containers: 1, volumes: 6)
2025-01-30 04:04:00,911 INFO c.h.h.t.HelmChartContainer - [hivemq-test-hivemq-platform] [hivemq-platform-operator] [d3eeb85c] 04:04:00.910 [ReconcilerExecutor-hivemq-controller-139] DEBUG c.h.p.o.h.HiveMQPlatformReconcilerErrorHandler - [helmlega] Pod 'test-hivemq-legacy-platform-1' phase Running
2025-01-30 04:04:00,912 INFO c.h.h.t.HelmChartContainer - [hivemq-test-hivemq-platform] [hivemq-platform-operator] [d3eeb85c] 04:04:00.911 [ReconcilerExecutor-hivemq-controller-139] DEBUG c.h.p.o.h.HiveMQPlatformReconcilerErrorHandler - [helmlega] Pod 'test-hivemq-legacy-platform-0' phase Running
2025-01-30 04:04:00,912 INFO c.h.h.t.HelmChartContainer - [hivemq-test-hivemq-platform] [hivemq-platform-operator] [d3eeb85c] 04:04:00.911 [ReconcilerExecutor-hivemq-controller-139] DEBUG c.h.p.o.h.HiveMQPlatformReconcilerRollingRestartHandler - [helmlega] Rolling restart is waiting for 1 of 2 replicas
2025-01-30 04:04:01,861 INFO c.h.h.t.HelmChartContainer - [test-hivemq-legacy-platform] [hivemq] [d1f1774d] INFO  - Starting HiveMQ Enterprise Server
2025-01-30 04:04:01,866 INFO c.h.h.t.HelmChartContainer - [test-hivemq-legacy-platform] [hivemq] [d1f1774d] INFO  - HiveMQ version: 4.36.0
2025-01-30 04:04:01,866 INFO c.h.h.t.HelmChartContainer - [test-hivemq-legacy-platform] [hivemq] [d1f1774d] INFO  - HiveMQ home directory: /opt/hivemq
2025-01-30 04:04:01,867 INFO c.h.h.t.HelmChartContainer - [test-hivemq-legacy-platform] [hivemq] [d1f1774d] INFO  - Log Configuration was overridden by /opt/hivemq/conf/logback.xml
2025-01-30 04:04:03,058 INFO c.h.h.t.HelmChartContainer - [test-hivemq-legacy-platform] [hivemq] [d1f1774d] INFO  - Successfully loaded configuration from '/opt/hivemq/conf-k8s/config.xml'.
2025-01-30 04:04:03,368 INFO c.h.h.t.HelmChartContainer - [test-hivemq-legacy-platform] [hivemq] [d1f1774d] INFO  - This node's ID is AiHhH
2025-01-30 04:04:03,611 INFO c.h.h.t.HelmChartContainer - [test-hivemq-legacy-platform] [hivemq] [d1f1774d] INFO  - Clustering is enabled
2025-01-30 04:04:06,259 INFO c.h.h.t.HelmChartContainer - [test-hivemq-legacy-platform] [hivemq] [d1f1774d] WARN  - [HiveMQ Platform Operator Init App 1.7.0-SNAPSHOT] Cannot connect to Health API for readiness: null
2025-01-30 04:04:06,263 INFO c.h.h.t.HelmChartContainer - [EVENT] Warning [Unhealthy] Readiness probe failed: HTTP probe failed with statuscode: 503 [helmlegacystatefulsetmigrationit-operator:test-hivemq-legacy-platform-0]
2025-01-30 04:04:06,264 INFO c.h.h.t.HelmChartContainer - Received Unhealthy event for container hivemq in pod test-hivemq-legacy-platform-0 [d1f1774d-8270-4e05-8def-558487983998]
2025-01-30 04:04:08,456 INFO c.h.h.t.HelmChartContainer - [test-hivemq-legacy-platform] [hivemq] [d1f1774d] WARN  - [HiveMQ Platform Operator Init App 1.7.0-SNAPSHOT] Cannot connect to Health API for liveness: null
2025-01-30 04:04:08,456 INFO c.h.h.t.HelmChartContainer - [test-hivemq-legacy-platform] [hivemq] [d1f1774d] INFO  - [HiveMQ Platform Operator Init App 1.7.0-SNAPSHOT] Returning default Health API response 200 for liveness
2025-01-30 04:04:10,874 INFO c.h.h.t.HelmChartContainer - [test-hivemq-legacy-platform] [hivemq] [d1f1774d] WARN  - [HiveMQ Platform Operator Init App 1.7.0-SNAPSHOT] Cannot connect to Health API for readiness: null
2025-01-30 04:04:10,878 INFO c.h.h.t.HelmChartContainer - [EVENT] Warning [Unhealthy] Readiness probe failed: HTTP probe failed with statuscode: 503 [helmlegacystatefulsetmigrationit-operator:test-hivemq-legacy-platform-0]
2025-01-30 04:04:10,878 INFO c.h.h.t.HelmChartContainer - Received Unhealthy event for container hivemq in pod test-hivemq-legacy-platform-0 [d1f1774d-8270-4e05-8def-558487983998]
2025-01-30 04:04:10,918 INFO c.h.h.t.HelmChartContainer - [hivemq-test-hivemq-platform] [hivemq-platform-operator] [d3eeb85c] 04:04:10.914 [pool-6-thread-30] DEBUG c.h.p.o.d.PlatformServiceResource - [helmlega] Desired Platform services (4 services)
2025-01-30 04:04:10,918 INFO c.h.h.t.HelmChartContainer - [hivemq-test-hivemq-platform] [hivemq-platform-operator] [d3eeb85c] 04:04:10.915 [pool-6-thread-23] DEBUG c.h.p.o.d.PodServiceAccountResource - [helmlega] Desired PodServiceAccountResource (serviceAccountName: hivemq-platform-pod-test-hivemq-legacy-platform)
2025-01-30 04:04:10,919 INFO c.h.h.t.HelmChartContainer - [hivemq-test-hivemq-platform] [hivemq-platform-operator] [d3eeb85c] 04:04:10.917 [pool-6-thread-28] DEBUG c.h.p.o.dependants.PodInfoConfigMap - [helmlega] Desired PodInfo ConfigMap (2 extensions) (1 enabled)
2025-01-30 04:04:10,919 INFO c.h.h.t.HelmChartContainer - [hivemq-test-hivemq-platform] [hivemq-platform-operator] [d3eeb85c] 04:04:10.917 [pool-6-thread-28] DEBUG c.h.p.o.dependants.PodInfoConfigMap - [helmlega] Desired PodInfo ConfigMap (metrics port: 9399) (metrics path: /)
2025-01-30 04:04:10,919 INFO c.h.h.t.HelmChartContainer - [hivemq-test-hivemq-platform] [hivemq-platform-operator] [d3eeb85c] 04:04:10.917 [pool-6-thread-28] DEBUG c.h.p.o.dependants.PodInfoConfigMap - [helmlega] Desired PodInfo ConfigMap (extension state hash: 259316804)
2025-01-30 04:04:10,922 INFO c.h.h.t.HelmChartContainer - [hivemq-test-hivemq-platform] [hivemq-platform-operator] [d3eeb85c] 04:04:10.922 [pool-6-thread-30] DEBUG c.h.p.o.d.StatefulSetResource - [helmlega] Desired StatefulSet (2 replicas) for status ROLLING_RESTART (RESTART_PODS_IN_PROGRESS)
2025-01-30 04:04:10,928 INFO c.h.h.t.HelmChartContainer - [hivemq-test-hivemq-platform] [hivemq-platform-operator] [d3eeb85c] 04:04:10.925 [ReconcilerExecutor-hivemq-controller-140] INFO  c.h.p.o.HiveMQPlatformReconciler - [helmlega] Reconciling HiveMQ Platform 'test-hivemq-legacy-platform' in namespace 'helmlegacystatefulsetmigrationit-operator'
2025-01-30 04:04:10,928 INFO c.h.h.t.HelmChartContainer - [hivemq-test-hivemq-platform] [hivemq-platform-operator] [d3eeb85c] 04:04:10.925 [ReconcilerExecutor-hivemq-controller-140] DEBUG c.h.p.o.HiveMQPlatformReconciler - [helmlega] Custom Resource Status ROLLING_RESTART - HiveMQ Platform is restarting Pods (rolling restart) (RESTART_PODS_IN_PROGRESS)
2025-01-30 04:04:10,928 INFO c.h.h.t.HelmChartContainer - [hivemq-test-hivemq-platform] [hivemq-platform-operator] [d3eeb85c] 04:04:10.925 [ReconcilerExecutor-hivemq-controller-140] DEBUG c.h.p.o.HiveMQPlatformReconciler - [helmlega] Custom Resource Spec (replicas: 1) (extensions: 2)
2025-01-30 04:04:10,928 INFO c.h.h.t.HelmChartContainer - [hivemq-test-hivemq-platform] [hivemq-platform-operator] [d3eeb85c] 04:04:10.926 [ReconcilerExecutor-hivemq-controller-140] DEBUG c.h.p.o.HiveMQPlatformReconciler - [helmlega] StatefulSet Status (revision: test-hivemq-legacy-platform-65df8dcb7f, replicas: 2, available: 1, ready: 1, current: 2, updated: 2)
2025-01-30 04:04:10,928 INFO c.h.h.t.HelmChartContainer - [hivemq-test-hivemq-platform] [hivemq-platform-operator] [d3eeb85c] 04:04:10.927 [ReconcilerExecutor-hivemq-controller-140] DEBUG c.h.p.o.HiveMQPlatformReconciler - [helmlega] StatefulSet Spec (replicas: 2, init containers: 1, containers: 1, volumes: 6)
2025-01-30 04:04:10,929 INFO c.h.h.t.HelmChartContainer - [hivemq-test-hivemq-platform] [hivemq-platform-operator] [d3eeb85c] 04:04:10.928 [ReconcilerExecutor-hivemq-controller-140] DEBUG c.h.p.o.h.HiveMQPlatformReconcilerErrorHandler - [helmlega] Pod 'test-hivemq-legacy-platform-1' phase Running
2025-01-30 04:04:10,931 INFO c.h.h.t.HelmChartContainer - [hivemq-test-hivemq-platform] [hivemq-platform-operator] [d3eeb85c] 04:04:10.929 [ReconcilerExecutor-hivemq-controller-140] DEBUG c.h.p.o.h.HiveMQPlatformReconcilerErrorHandler - [helmlega] Pod 'test-hivemq-legacy-platform-0' phase Running
2025-01-30 04:04:10,932 INFO c.h.h.t.HelmChartContainer - [hivemq-test-hivemq-platform] [hivemq-platform-operator] [d3eeb85c] 04:04:10.930 [ReconcilerExecutor-hivemq-controller-140] DEBUG c.h.p.o.h.HiveMQPlatformReconcilerRollingRestartHandler - [helmlega] Rolling restart is waiting for 1 of 2 replicas
2025-01-30 04:04:15,955 INFO c.h.h.t.HelmChartContainer - [test-hivemq-legacy-platform] [hivemq] [d1f1774d] WARN  - [HiveMQ Platform Operator Init App 1.7.0-SNAPSHOT] Cannot connect to Health API for readiness: null
2025-01-30 04:04:15,960 INFO c.h.h.t.HelmChartContainer - [EVENT] Warning [Unhealthy] Readiness probe failed: HTTP probe failed with statuscode: 503 [helmlegacystatefulsetmigrationit-operator:test-hivemq-legacy-platform-0]
2025-01-30 04:04:15,961 INFO c.h.h.t.HelmChartContainer - Received Unhealthy event for container hivemq in pod test-hivemq-legacy-platform-0 [d1f1774d-8270-4e05-8def-558487983998]
2025-01-30 04:04:16,864 INFO c.h.h.t.HelmChartContainer - [test-hivemq-legacy-platform] [hivemq] [d1f1774d] INFO  - No valid license file found. Using trial license, restricted to 25 connections.
2025-01-30 04:04:19,657 INFO c.h.h.t.HelmChartContainer - [test-hivemq-legacy-platform] [hivemq] [d1f1774d] INFO  - No valid license file for Data Hub found. Using free license, restricted to 1 policy.
2025-01-30 04:04:20,772 INFO c.h.h.t.HelmChartContainer - [test-hivemq-legacy-platform] [hivemq] [d1f1774d] INFO  - Audit Logger started.
2025-01-30 04:04:20,935 INFO c.h.h.t.HelmChartContainer - [hivemq-test-hivemq-platform] [hivemq-platform-operator] [d3eeb85c] 04:04:20.933 [pool-6-thread-34] DEBUG c.h.p.o.d.PlatformServiceResource - [helmlega] Desired Platform services (4 services)
2025-01-30 04:04:20,938 INFO c.h.h.t.HelmChartContainer - [hivemq-test-hivemq-platform] [hivemq-platform-operator] [d3eeb85c] 04:04:20.934 [pool-6-thread-31] DEBUG c.h.p.o.dependants.PodInfoConfigMap - [helmlega] Desired PodInfo ConfigMap (2 extensions) (1 enabled)
2025-01-30 04:04:20,938 INFO c.h.h.t.HelmChartContainer - [hivemq-test-hivemq-platform] [hivemq-platform-operator] [d3eeb85c] 04:04:20.934 [pool-6-thread-31] DEBUG c.h.p.o.dependants.PodInfoConfigMap - [helmlega] Desired PodInfo ConfigMap (metrics port: 9399) (metrics path: /)
2025-01-30 04:04:20,938 INFO c.h.h.t.HelmChartContainer - [hivemq-test-hivemq-platform] [hivemq-platform-operator] [d3eeb85c] 04:04:20.934 [pool-6-thread-31] DEBUG c.h.p.o.dependants.PodInfoConfigMap - [helmlega] Desired PodInfo ConfigMap (extension state hash: 259316804)
2025-01-30 04:04:20,938 INFO c.h.h.t.HelmChartContainer - [hivemq-test-hivemq-platform] [hivemq-platform-operator] [d3eeb85c] 04:04:20.934 [pool-6-thread-36] DEBUG c.h.p.o.d.PodServiceAccountResource - [helmlega] Desired PodServiceAccountResource (serviceAccountName: hivemq-platform-pod-test-hivemq-legacy-platform)
2025-01-30 04:04:20,939 INFO c.h.h.t.HelmChartContainer - [hivemq-test-hivemq-platform] [hivemq-platform-operator] [d3eeb85c] 04:04:20.938 [pool-6-thread-34] DEBUG c.h.p.o.d.StatefulSetResource - [helmlega] Desired StatefulSet (2 replicas) for status ROLLING_RESTART (RESTART_PODS_IN_PROGRESS)
2025-01-30 04:04:20,944 INFO c.h.h.t.HelmChartContainer - [hivemq-test-hivemq-platform] [hivemq-platform-operator] [d3eeb85c] 04:04:20.941 [ReconcilerExecutor-hivemq-controller-141] INFO  c.h.p.o.HiveMQPlatformReconciler - [helmlega] Reconciling HiveMQ Platform 'test-hivemq-legacy-platform' in namespace 'helmlegacystatefulsetmigrationit-operator'
2025-01-30 04:04:20,944 INFO c.h.h.t.HelmChartContainer - [hivemq-test-hivemq-platform] [hivemq-platform-operator] [d3eeb85c] 04:04:20.941 [ReconcilerExecutor-hivemq-controller-141] DEBUG c.h.p.o.HiveMQPlatformReconciler - [helmlega] Custom Resource Status ROLLING_RESTART - HiveMQ Platform is restarting Pods (rolling restart) (RESTART_PODS_IN_PROGRESS)
2025-01-30 04:04:20,944 INFO c.h.h.t.HelmChartContainer - [hivemq-test-hivemq-platform] [hivemq-platform-operator] [d3eeb85c] 04:04:20.941 [ReconcilerExecutor-hivemq-controller-141] DEBUG c.h.p.o.HiveMQPlatformReconciler - [helmlega] Custom Resource Spec (replicas: 1) (extensions: 2)
2025-01-30 04:04:20,944 INFO c.h.h.t.HelmChartContainer - [hivemq-test-hivemq-platform] [hivemq-platform-operator] [d3eeb85c] 04:04:20.942 [ReconcilerExecutor-hivemq-controller-141] DEBUG c.h.p.o.HiveMQPlatformReconciler - [helmlega] StatefulSet Status (revision: test-hivemq-legacy-platform-65df8dcb7f, replicas: 2, available: 1, ready: 1, current: 2, updated: 2)
2025-01-30 04:04:20,944 INFO c.h.h.t.HelmChartContainer - [hivemq-test-hivemq-platform] [hivemq-platform-operator] [d3eeb85c] 04:04:20.942 [ReconcilerExecutor-hivemq-controller-141] DEBUG c.h.p.o.HiveMQPlatformReconciler - [helmlega] StatefulSet Spec (replicas: 2, init containers: 1, containers: 1, volumes: 6)
2025-01-30 04:04:20,945 INFO c.h.h.t.HelmChartContainer - [hivemq-test-hivemq-platform] [hivemq-platform-operator] [d3eeb85c] 04:04:20.944 [ReconcilerExecutor-hivemq-controller-141] DEBUG c.h.p.o.h.HiveMQPlatformReconcilerErrorHandler - [helmlega] Pod 'test-hivemq-legacy-platform-1' phase Running
2025-01-30 04:04:20,946 INFO c.h.h.t.HelmChartContainer - [hivemq-test-hivemq-platform] [hivemq-platform-operator] [d3eeb85c] 04:04:20.946 [ReconcilerExecutor-hivemq-controller-141] DEBUG c.h.p.o.h.HiveMQPlatformReconcilerErrorHandler - [helmlega] Pod 'test-hivemq-legacy-platform-0' phase Running
2025-01-30 04:04:20,947 INFO c.h.h.t.HelmChartContainer - [hivemq-test-hivemq-platform] [hivemq-platform-operator] [d3eeb85c] 04:04:20.946 [ReconcilerExecutor-hivemq-controller-141] DEBUG c.h.p.o.h.HiveMQPlatformReconcilerRollingRestartHandler - [helmlega] Rolling restart is waiting for 1 of 2 replicas
2025-01-30 04:04:20,956 INFO c.h.h.t.HelmChartContainer - [test-hivemq-legacy-platform] [hivemq] [d1f1774d] WARN  - [HiveMQ Platform Operator Init App 1.7.0-SNAPSHOT] Cannot connect to Health API for readiness: null
2025-01-30 04:04:20,961 INFO c.h.h.t.HelmChartContainer - [EVENT] Warning [Unhealthy] Readiness probe failed: HTTP probe failed with statuscode: 503 [helmlegacystatefulsetmigrationit-operator:test-hivemq-legacy-platform-0]
2025-01-30 04:04:20,961 INFO c.h.h.t.HelmChartContainer - Received Unhealthy event for container hivemq in pod test-hivemq-legacy-platform-0 [d1f1774d-8270-4e05-8def-558487983998]
2025-01-30 04:04:21,074 INFO c.h.h.t.HelmChartContainer - [test-hivemq-legacy-platform] [hivemq] [d1f1774d] INFO  - This node uses '1' CPU cores.
2025-01-30 04:04:21,080 INFO c.h.h.t.HelmChartContainer - [test-hivemq-legacy-platform] [hivemq] [d1f1774d] INFO  - Starting HiveMQ Health API on address 0.0.0.0 and port 8889
2025-01-30 04:04:21,861 INFO c.h.h.t.HelmChartContainer - [test-hivemq-legacy-platform] [hivemq] [d1f1774d] INFO  - Started HiveMQ Health API in 780ms
2025-01-30 04:04:22,467 INFO c.h.h.t.HelmChartContainer - [test-hivemq-legacy-platform] [hivemq] [d1f1774d] INFO  - Starting HiveMQ extension system.
2025-01-30 04:04:25,170 INFO c.h.h.t.HelmChartContainer - [test-hivemq-legacy-platform] [hivemq] [d1f1774d] INFO  - No license found for enterprise extension with name "HiveMQ Enterprise Security Extension". Entering extension trial mode. "HiveMQ Enterprise Security Extension" will be disabled in 5 hours.
2025-01-30 04:04:25,355 INFO c.h.h.t.HelmChartContainer - [test-hivemq-legacy-platform] [hivemq] [d1f1774d] INFO  - Starting extension with id "hivemq-dns-cluster-discovery" at /opt/hivemq/extensions/hivemq-dns-cluster-discovery
2025-01-30 04:04:25,855 INFO c.h.h.t.HelmChartContainer - [test-hivemq-legacy-platform] [hivemq] [d1f1774d] INFO  - Extension "DNS Cluster Discovery Extension" version 4.3.2 started successfully.
2025-01-30 04:04:25,855 INFO c.h.h.t.HelmChartContainer - [test-hivemq-legacy-platform] [hivemq] [d1f1774d] INFO  - Starting extension with id "hivemq-enterprise-security-extension" at /opt/hivemq/extensions/hivemq-enterprise-security-extension
2025-01-30 04:04:25,857 INFO c.h.h.t.HelmChartContainer - [test-hivemq-legacy-platform] [hivemq] [d1f1774d] INFO  - Using TCP cluster transport on address 10.42.0.12 and port 7000
2025-01-30 04:04:25,865 INFO c.h.h.t.HelmChartContainer - [test-hivemq-legacy-platform] [hivemq] [d1f1774d] INFO  - Using extension cluster discovery
2025-01-30 04:04:26,914 INFO c.h.h.t.HelmChartContainer - [EVENT] Warning [Unhealthy] Readiness probe failed: Get "http://10.42.0.12:7979/readiness": context deadline exceeded (Client.Timeout exceeded while awaiting headers) [helmlegacystatefulsetmigrationit-operator:test-hivemq-legacy-platform-0]
2025-01-30 04:04:26,914 INFO c.h.h.t.HelmChartContainer - Received Unhealthy event for container hivemq in pod test-hivemq-legacy-platform-0 [d1f1774d-8270-4e05-8def-558487983998]
2025-01-30 04:04:27,362 INFO c.h.h.t.HelmChartContainer - [test-hivemq-legacy-platform] [hivemq] [6a694368] INFO  - Cluster nodes found by discovery: [MZpFl|3] (2) [MZpFl, AiHhH].
2025-01-30 04:04:27,560 INFO c.h.h.t.HelmChartContainer - [test-hivemq-legacy-platform] [hivemq] [d1f1774d] INFO  - Cluster nodes found by discovery: [MZpFl|3] (2) [MZpFl, AiHhH].
2025-01-30 04:04:27,560 INFO c.h.h.t.HelmChartContainer - [test-hivemq-legacy-platform] [hivemq] [d1f1774d] INFO  - [HiveMQ Platform Operator Init App 1.7.0-SNAPSHOT] Returning Health API response 503 for readiness
2025-01-30 04:04:27,755 INFO c.h.h.t.HelmChartContainer - [test-hivemq-legacy-platform] [hivemq] [d1f1774d] WARN  - HiveMQ Enterprise Security Extension: The configuration file is placed at the legacy location '/opt/hivemq/extensions/hivemq-enterprise-security-extension/conf/enterprise-security-extension.xml'. Please move the configuration file to the new location '/opt/hivemq/extensions/hivemq-enterprise-security-extension/conf/config.xml'. Support for the legacy location will be removed in a future release.
2025-01-30 04:04:27,861 INFO c.h.h.t.HelmChartContainer - [test-hivemq-legacy-platform] [hivemq] [d1f1774d] INFO  - HiveMQ Enterprise Security Extension: Successfully loaded configuration from '/opt/hivemq/extensions/hivemq-enterprise-security-extension/conf/enterprise-security-extension.xml'.
2025-01-30 04:04:27,864 INFO c.h.h.t.HelmChartContainer - [test-hivemq-legacy-platform] [hivemq] [d1f1774d] INFO  - Cluster size = 1, members : [MZpFl].
2025-01-30 04:04:27,865 INFO c.h.h.t.HelmChartContainer - [test-hivemq-legacy-platform] [hivemq] [d1f1774d] INFO  - HiveMQ Enterprise Security Extension: Starting HiveMQ Enterprise Security Extension.
2025-01-30 04:04:28,173 INFO c.h.h.t.HelmChartContainer - [test-hivemq-legacy-platform] [hivemq] [d1f1774d] INFO  - HiveMQ Enterprise Security Extension: Access log is written to /opt/hivemq/log/access/access.log.
2025-01-30 04:04:28,360 INFO c.h.h.t.HelmChartContainer - [test-hivemq-legacy-platform] [hivemq] [d1f1774d] INFO  - Starting cluster join process. This may take a while. Please do not shut down HiveMQ.
2025-01-30 04:04:28,364 INFO c.h.h.t.HelmChartContainer - [test-hivemq-legacy-platform] [hivemq] [d1f1774d] INFO  - Cluster join process is still ongoing. Please do not shut down HiveMQ.
2025-01-30 04:04:28,563 INFO c.h.h.t.HelmChartContainer - [test-hivemq-legacy-platform] [hivemq] [d1f1774d] INFO  - HiveMQ Enterprise Security Extension: Started HiveMQ Enterprise Security Extension successfully in 2705ms.
2025-01-30 04:04:28,563 INFO c.h.h.t.HelmChartContainer - [test-hivemq-legacy-platform] [hivemq] [d1f1774d] INFO  - Extension "HiveMQ Enterprise Security Extension" version 4.36.0 started successfully.
2025-01-30 04:04:28,563 INFO c.h.h.t.HelmChartContainer - [test-hivemq-legacy-platform] [hivemq] [d1f1774d] INFO  - Starting extension with id "hivemq-prometheus-extension" at /opt/hivemq/extensions/hivemq-prometheus-extension
2025-01-30 04:04:29,063 INFO c.h.h.t.HelmChartContainer - [test-hivemq-legacy-platform] [hivemq] [d1f1774d] INFO  - Started Jetty Server exposing Prometheus Servlet on URI http://0.0.0.0:9399/
2025-01-30 04:04:29,063 INFO c.h.h.t.HelmChartContainer - [test-hivemq-legacy-platform] [hivemq] [d1f1774d] INFO  - Extension "Prometheus Monitoring Extension" version 4.0.12 started successfully.
2025-01-30 04:04:30,472 INFO c.h.h.t.HelmChartContainer - [test-hivemq-legacy-platform] [hivemq] [6a694368] INFO  - Cluster size = 2, members : [AiHhH, MZpFl].
2025-01-30 04:04:30,482 INFO c.h.h.t.HelmChartContainer - [test-hivemq-legacy-platform] [hivemq] [d1f1774d] INFO  - Cluster size = 2, members : [AiHhH, MZpFl].
2025-01-30 04:04:30,515 INFO c.h.h.t.HelmChartContainer - [test-hivemq-legacy-platform] [hivemq] [d1f1774d] INFO  - Finished cluster join process successfully.
2025-01-30 04:04:30,554 INFO c.h.h.t.HelmChartContainer - [test-hivemq-legacy-platform] [hivemq] [d1f1774d] INFO  - Starting HiveMQ REST API on address 0.0.0.0 and port 8888
2025-01-30 04:04:30,951 INFO c.h.h.t.HelmChartContainer - [hivemq-test-hivemq-platform] [hivemq-platform-operator] [d3eeb85c] 04:04:30.949 [pool-6-thread-43] DEBUG c.h.p.o.d.PlatformServiceResource - [helmlega] Desired Platform services (4 services)
2025-01-30 04:04:30,951 INFO c.h.h.t.HelmChartContainer - [hivemq-test-hivemq-platform] [hivemq-platform-operator] [d3eeb85c] 04:04:30.950 [pool-6-thread-48] DEBUG c.h.p.o.dependants.PodInfoConfigMap - [helmlega] Desired PodInfo ConfigMap (2 extensions) (1 enabled)
2025-01-30 04:04:30,952 INFO c.h.h.t.HelmChartContainer - [hivemq-test-hivemq-platform] [hivemq-platform-operator] [d3eeb85c] 04:04:30.950 [pool-6-thread-48] DEBUG c.h.p.o.dependants.PodInfoConfigMap - [helmlega] Desired PodInfo ConfigMap (metrics port: 9399) (metrics path: /)
2025-01-30 04:04:30,952 INFO c.h.h.t.HelmChartContainer - [hivemq-test-hivemq-platform] [hivemq-platform-operator] [d3eeb85c] 04:04:30.950 [pool-6-thread-48] DEBUG c.h.p.o.dependants.PodInfoConfigMap - [helmlega] Desired PodInfo ConfigMap (extension state hash: 259316804)
2025-01-30 04:04:30,952 INFO c.h.h.t.HelmChartContainer - [hivemq-test-hivemq-platform] [hivemq-platform-operator] [d3eeb85c] 04:04:30.950 [pool-6-thread-45] DEBUG c.h.p.o.d.PodServiceAccountResource - [helmlega] Desired PodServiceAccountResource (serviceAccountName: hivemq-platform-pod-test-hivemq-legacy-platform)
2025-01-30 04:04:30,966 INFO c.h.h.t.HelmChartContainer - [EVENT] Warning [Unhealthy] Readiness probe failed: HTTP probe failed with statuscode: 503 [helmlegacystatefulsetmigrationit-operator:test-hivemq-legacy-platform-0]
2025-01-30 04:04:30,966 INFO c.h.h.t.HelmChartContainer - Received Unhealthy event for container hivemq in pod test-hivemq-legacy-platform-0 [d1f1774d-8270-4e05-8def-558487983998]
2025-01-30 04:04:30,967 INFO c.h.h.t.HelmChartContainer - [hivemq-test-hivemq-platform] [hivemq-platform-operator] [d3eeb85c] 04:04:30.966 [pool-6-thread-42] DEBUG c.h.p.o.d.StatefulSetResource - [helmlega] Desired StatefulSet (2 replicas) for status ROLLING_RESTART (RESTART_PODS_IN_PROGRESS)
2025-01-30 04:04:30,971 INFO c.h.h.t.HelmChartContainer - [hivemq-test-hivemq-platform] [hivemq-platform-operator] [d3eeb85c] 04:04:30.969 [ReconcilerExecutor-hivemq-controller-142] INFO  c.h.p.o.HiveMQPlatformReconciler - [helmlega] Reconciling HiveMQ Platform 'test-hivemq-legacy-platform' in namespace 'helmlegacystatefulsetmigrationit-operator'
2025-01-30 04:04:30,971 INFO c.h.h.t.HelmChartContainer - [hivemq-test-hivemq-platform] [hivemq-platform-operator] [d3eeb85c] 04:04:30.969 [ReconcilerExecutor-hivemq-controller-142] DEBUG c.h.p.o.HiveMQPlatformReconciler - [helmlega] Custom Resource Status ROLLING_RESTART - HiveMQ Platform is restarting Pods (rolling restart) (RESTART_PODS_IN_PROGRESS)
2025-01-30 04:04:30,971 INFO c.h.h.t.HelmChartContainer - [hivemq-test-hivemq-platform] [hivemq-platform-operator] [d3eeb85c] 04:04:30.969 [ReconcilerExecutor-hivemq-controller-142] DEBUG c.h.p.o.HiveMQPlatformReconciler - [helmlega] Custom Resource Spec (replicas: 1) (extensions: 2)
2025-01-30 04:04:30,972 INFO c.h.h.t.HelmChartContainer - [hivemq-test-hivemq-platform] [hivemq-platform-operator] [d3eeb85c] 04:04:30.971 [ReconcilerExecutor-hivemq-controller-142] DEBUG c.h.p.o.HiveMQPlatformReconciler - [helmlega] StatefulSet Status (revision: test-hivemq-legacy-platform-65df8dcb7f, replicas: 2, available: 1, ready: 1, current: 2, updated: 2)
2025-01-30 04:04:30,973 INFO c.h.h.t.HelmChartContainer - [hivemq-test-hivemq-platform] [hivemq-platform-operator] [d3eeb85c] 04:04:30.971 [ReconcilerExecutor-hivemq-controller-142] DEBUG c.h.p.o.HiveMQPlatformReconciler - [helmlega] StatefulSet Spec (replicas: 2, init containers: 1, containers: 1, volumes: 6)
2025-01-30 04:04:30,975 INFO c.h.h.t.HelmChartContainer - [hivemq-test-hivemq-platform] [hivemq-platform-operator] [d3eeb85c] 04:04:30.973 [ReconcilerExecutor-hivemq-controller-142] DEBUG c.h.p.o.h.HiveMQPlatformReconcilerErrorHandler - [helmlega] Pod 'test-hivemq-legacy-platform-1' phase Running
2025-01-30 04:04:30,976 INFO c.h.h.t.HelmChartContainer - [hivemq-test-hivemq-platform] [hivemq-platform-operator] [d3eeb85c] 04:04:30.974 [ReconcilerExecutor-hivemq-controller-142] DEBUG c.h.p.o.h.HiveMQPlatformReconcilerErrorHandler - [helmlega] Pod 'test-hivemq-legacy-platform-0' phase Running
2025-01-30 04:04:30,976 INFO c.h.h.t.HelmChartContainer - [hivemq-test-hivemq-platform] [hivemq-platform-operator] [d3eeb85c] 04:04:30.975 [ReconcilerExecutor-hivemq-controller-142] DEBUG c.h.p.o.h.HiveMQPlatformReconcilerRollingRestartHandler - [helmlega] Rolling restart is waiting for 1 of 2 replicas
2025-01-30 04:04:31,060 INFO c.h.h.t.HelmChartContainer - [test-hivemq-legacy-platform] [hivemq] [d1f1774d] INFO  - Started HiveMQ REST API in 508ms
2025-01-30 04:04:31,060 INFO c.h.h.t.HelmChartContainer - [test-hivemq-legacy-platform] [hivemq] [d1f1774d] WARN  - No user for HiveMQ Control Center configured. Starting with default user
2025-01-30 04:04:31,061 INFO c.h.h.t.HelmChartContainer - [test-hivemq-legacy-platform] [hivemq] [d1f1774d] INFO  - Starting HiveMQ Control Center on address 0.0.0.0 and port 8080
2025-01-30 04:04:31,065 INFO c.h.h.t.HelmChartContainer - [test-hivemq-legacy-platform] [hivemq] [d1f1774d] INFO  - Mounting HiveMQ Control Center V2 Preview
2025-01-30 04:04:31,712 INFO c.h.h.t.HelmChartContainer - [test-hivemq-legacy-platform] [hivemq] [d1f1774d] INFO  - Started HiveMQ Control Center in 651ms
2025-01-30 04:04:31,759 INFO c.h.h.t.HelmChartContainer - [test-hivemq-legacy-platform] [hivemq] [d1f1774d] INFO  - Starting TCP listener on address 0.0.0.0 and port 1883
2025-01-30 04:04:31,817 INFO c.h.h.t.HelmChartContainer - [test-hivemq-legacy-platform] [hivemq] [d1f1774d] INFO  - Started TCP Listener on address 0.0.0.0 and on port 1883.
2025-01-30 04:04:31,818 INFO c.h.h.t.HelmChartContainer - [test-hivemq-legacy-platform] [hivemq] [d1f1774d] INFO  - Started HiveMQ in 30355ms
2025-01-30 04:04:35,875 INFO c.h.h.t.HelmChartContainer - [test-hivemq-legacy-platform] [hivemq] [d1f1774d] INFO  - [HiveMQ Platform Operator Init App 1.7.0-SNAPSHOT] Returning Health API response 200 for readiness
2025-01-30 04:04:35,891 INFO c.h.h.t.HelmChartContainer - [POD] test-hivemq-legacy-platform-0 [d1f1774d-8270-4e05-8def-558487983998] in helmlegacystatefulsetmigrationit-operator was MODIFIED
2025-01-30 04:04:35,895 INFO c.h.h.t.HelmChartContainer - [hivemq-test-hivemq-platform] [hivemq-platform-operator] [d3eeb85c] 04:04:35.892 [pool-6-thread-8] DEBUG c.h.p.o.d.PlatformServiceResource - [helmlega] Desired Platform services (4 services)
2025-01-30 04:04:35,900 INFO c.h.h.t.HelmChartContainer - [hivemq-test-hivemq-platform] [hivemq-platform-operator] [d3eeb85c] 04:04:35.896 [pool-6-thread-7] DEBUG c.h.p.o.dependants.PodInfoConfigMap - [helmlega] Desired PodInfo ConfigMap (2 extensions) (1 enabled)
2025-01-30 04:04:35,900 INFO c.h.h.t.HelmChartContainer - [hivemq-test-hivemq-platform] [hivemq-platform-operator] [d3eeb85c] 04:04:35.896 [pool-6-thread-7] DEBUG c.h.p.o.dependants.PodInfoConfigMap - [helmlega] Desired PodInfo ConfigMap (metrics port: 9399) (metrics path: /)
2025-01-30 04:04:35,900 INFO c.h.h.t.HelmChartContainer - [hivemq-test-hivemq-platform] [hivemq-platform-operator] [d3eeb85c] 04:04:35.896 [pool-6-thread-7] DEBUG c.h.p.o.dependants.PodInfoConfigMap - [helmlega] Desired PodInfo ConfigMap (extension state hash: 259316804)
2025-01-30 04:04:35,900 INFO c.h.h.t.HelmChartContainer - [hivemq-test-hivemq-platform] [hivemq-platform-operator] [d3eeb85c] 04:04:35.897 [pool-6-thread-6] DEBUG c.h.p.o.d.PodServiceAccountResource - [helmlega] Desired PodServiceAccountResource (serviceAccountName: hivemq-platform-pod-test-hivemq-legacy-platform)
2025-01-30 04:04:35,902 INFO c.h.h.t.HelmChartContainer - [hivemq-test-hivemq-platform] [hivemq-platform-operator] [d3eeb85c] 04:04:35.900 [pool-6-thread-8] DEBUG c.h.p.o.d.StatefulSetResource - [helmlega] Desired StatefulSet (2 replicas) for status ROLLING_RESTART (RESTART_PODS_IN_PROGRESS)
2025-01-30 04:04:35,907 INFO c.h.h.t.HelmChartContainer - [hivemq-test-hivemq-platform] [hivemq-platform-operator] [d3eeb85c] 04:04:35.903 [ReconcilerExecutor-hivemq-controller-143] INFO  c.h.p.o.HiveMQPlatformReconciler - [helmlega] Reconciling HiveMQ Platform 'test-hivemq-legacy-platform' in namespace 'helmlegacystatefulsetmigrationit-operator'
2025-01-30 04:04:35,907 INFO c.h.h.t.HelmChartContainer - [hivemq-test-hivemq-platform] [hivemq-platform-operator] [d3eeb85c] 04:04:35.903 [ReconcilerExecutor-hivemq-controller-143] DEBUG c.h.p.o.HiveMQPlatformReconciler - [helmlega] Custom Resource Status ROLLING_RESTART - HiveMQ Platform is restarting Pods (rolling restart) (RESTART_PODS_IN_PROGRESS)
2025-01-30 04:04:35,907 INFO c.h.h.t.HelmChartContainer - [hivemq-test-hivemq-platform] [hivemq-platform-operator] [d3eeb85c] 04:04:35.903 [ReconcilerExecutor-hivemq-controller-143] DEBUG c.h.p.o.HiveMQPlatformReconciler - [helmlega] Custom Resource Spec (replicas: 1) (extensions: 2)
2025-01-30 04:04:35,907 INFO c.h.h.t.HelmChartContainer - [hivemq-test-hivemq-platform] [hivemq-platform-operator] [d3eeb85c] 04:04:35.905 [ReconcilerExecutor-hivemq-controller-143] DEBUG c.h.p.o.HiveMQPlatformReconciler - [helmlega] StatefulSet Status (revision: test-hivemq-legacy-platform-65df8dcb7f, replicas: 2, available: 1, ready: 1, current: 2, updated: 2)
2025-01-30 04:04:35,907 INFO c.h.h.t.HelmChartContainer - [hivemq-test-hivemq-platform] [hivemq-platform-operator] [d3eeb85c] 04:04:35.905 [ReconcilerExecutor-hivemq-controller-143] DEBUG c.h.p.o.HiveMQPlatformReconciler - [helmlega] StatefulSet Spec (replicas: 2, init containers: 1, containers: 1, volumes: 6)
2025-01-30 04:04:35,907 INFO c.h.h.t.HelmChartContainer - [hivemq-test-hivemq-platform] [hivemq-platform-operator] [d3eeb85c] 04:04:35.906 [ReconcilerExecutor-hivemq-controller-143] DEBUG c.h.p.o.h.HiveMQPlatformReconcilerErrorHandler - [helmlega] Pod 'test-hivemq-legacy-platform-1' phase Running
2025-01-30 04:04:35,911 INFO c.h.h.t.HelmChartContainer - [hivemq-test-hivemq-platform] [hivemq-platform-operator] [d3eeb85c] 04:04:35.909 [ReconcilerExecutor-hivemq-controller-143] DEBUG c.h.p.o.h.HiveMQPlatformReconcilerErrorHandler - [helmlega] Pod 'test-hivemq-legacy-platform-0' phase Running
2025-01-30 04:04:35,911 INFO c.h.h.t.HelmChartContainer - [hivemq-test-hivemq-platform] [hivemq-platform-operator] [d3eeb85c] 04:04:35.909 [ReconcilerExecutor-hivemq-controller-143] DEBUG c.h.p.o.h.HiveMQPlatformReconcilerRollingRestartHandler - [helmlega] Rolling restart is waiting for 1 of 2 replicas
2025-01-30 04:04:35,966 INFO c.h.h.t.HelmChartContainer - [hivemq-test-hivemq-platform] [hivemq-platform-operator] [d3eeb85c] 04:04:35.964 [pool-6-thread-16] DEBUG c.h.p.o.dependants.PodInfoConfigMap - [helmlega] Desired PodInfo ConfigMap (2 extensions) (1 enabled)
2025-01-30 04:04:35,968 INFO c.h.h.t.HelmChartContainer - [hivemq-test-hivemq-platform] [hivemq-platform-operator] [d3eeb85c] 04:04:35.964 [pool-6-thread-16] DEBUG c.h.p.o.dependants.PodInfoConfigMap - [helmlega] Desired PodInfo ConfigMap (metrics port: 9399) (metrics path: /)
2025-01-30 04:04:35,968 INFO c.h.h.t.HelmChartContainer - [hivemq-test-hivemq-platform] [hivemq-platform-operator] [d3eeb85c] 04:04:35.964 [pool-6-thread-16] DEBUG c.h.p.o.dependants.PodInfoConfigMap - [helmlega] Desired PodInfo ConfigMap (extension state hash: 259316804)
2025-01-30 04:04:35,968 INFO c.h.h.t.HelmChartContainer - [hivemq-test-hivemq-platform] [hivemq-platform-operator] [d3eeb85c] 04:04:35.964 [pool-6-thread-15] DEBUG c.h.p.o.d.PodServiceAccountResource - [helmlega] Desired PodServiceAccountResource (serviceAccountName: hivemq-platform-pod-test-hivemq-legacy-platform)
2025-01-30 04:04:35,968 INFO c.h.h.t.HelmChartContainer - [hivemq-test-hivemq-platform] [hivemq-platform-operator] [d3eeb85c] 04:04:35.967 [pool-6-thread-13] DEBUG c.h.p.o.d.PlatformServiceResource - [helmlega] Desired Platform services (4 services)
2025-01-30 04:04:35,973 INFO c.h.h.t.HelmChartContainer - [hivemq-test-hivemq-platform] [hivemq-platform-operator] [d3eeb85c] 04:04:35.973 [pool-6-thread-13] DEBUG c.h.p.o.d.StatefulSetResource - [helmlega] Desired StatefulSet (2 replicas) for status ROLLING_RESTART (RESTART_PODS_IN_PROGRESS)
2025-01-30 04:04:35,979 INFO c.h.h.t.HelmChartContainer - [hivemq-test-hivemq-platform] [hivemq-platform-operator] [d3eeb85c] 04:04:35.975 [ReconcilerExecutor-hivemq-controller-144] INFO  c.h.p.o.HiveMQPlatformReconciler - [helmlega] Reconciling HiveMQ Platform 'test-hivemq-legacy-platform' in namespace 'helmlegacystatefulsetmigrationit-operator'
2025-01-30 04:04:35,982 INFO c.h.h.t.HelmChartContainer - [hivemq-test-hivemq-platform] [hivemq-platform-operator] [d3eeb85c] 04:04:35.976 [ReconcilerExecutor-hivemq-controller-144] DEBUG c.h.p.o.HiveMQPlatformReconciler - [helmlega] Custom Resource Status ROLLING_RESTART - HiveMQ Platform is restarting Pods (rolling restart) (RESTART_PODS_IN_PROGRESS)
2025-01-30 04:04:35,982 INFO c.h.h.t.HelmChartContainer - [hivemq-test-hivemq-platform] [hivemq-platform-operator] [d3eeb85c] 04:04:35.976 [ReconcilerExecutor-hivemq-controller-144] DEBUG c.h.p.o.HiveMQPlatformReconciler - [helmlega] Custom Resource Spec (replicas: 1) (extensions: 2)
2025-01-30 04:04:35,982 INFO c.h.h.t.HelmChartContainer - [hivemq-test-hivemq-platform] [hivemq-platform-operator] [d3eeb85c] 04:04:35.979 [ReconcilerExecutor-hivemq-controller-144] DEBUG c.h.p.o.HiveMQPlatformReconciler - [helmlega] StatefulSet Status (revision: test-hivemq-legacy-platform-65df8dcb7f, replicas: 2, available: 2, ready: 2, current: 2, updated: 2)
2025-01-30 04:04:35,983 INFO c.h.h.t.HelmChartContainer - [hivemq-test-hivemq-platform] [hivemq-platform-operator] [d3eeb85c] 04:04:35.979 [ReconcilerExecutor-hivemq-controller-144] DEBUG c.h.p.o.HiveMQPlatformReconciler - [helmlega] StatefulSet Spec (replicas: 2, init containers: 1, containers: 1, volumes: 6)
2025-01-30 04:04:35,983 INFO c.h.h.t.HelmChartContainer - [hivemq-test-hivemq-platform] [hivemq-platform-operator] [d3eeb85c] 04:04:35.980 [ReconcilerExecutor-hivemq-controller-144] DEBUG c.h.p.o.h.HiveMQPlatformReconcilerErrorHandler - [helmlega] Pod 'test-hivemq-legacy-platform-1' phase Running
2025-01-30 04:04:35,984 INFO c.h.h.t.HelmChartContainer - [hivemq-test-hivemq-platform] [hivemq-platform-operator] [d3eeb85c] 04:04:35.983 [ReconcilerExecutor-hivemq-controller-144] DEBUG c.h.p.o.h.HiveMQPlatformReconcilerErrorHandler - [helmlega] Pod 'test-hivemq-legacy-platform-0' phase Running
2025-01-30 04:04:36,064 INFO c.h.h.t.HelmChartContainer - [hivemq-test-hivemq-platform] [hivemq-platform-operator] [d3eeb85c] 04:04:36.063 [ReconcilerExecutor-hivemq-controller-144] DEBUG c.h.p.o.h.HiveMQPlatformReconcilerRollingRestartHandler - [helmlega] Skipping Pod test-hivemq-legacy-platform-1 as it's already on the controller update revision (update revision: test-hivemq-legacy-platform-65df8dcb7f, pod revision: test-hivemq-legacy-platform-65df8dcb7f)
2025-01-30 04:04:36,068 INFO c.h.h.t.HelmChartContainer - [hivemq-test-hivemq-platform] [hivemq-platform-operator] [d3eeb85c] 04:04:36.067 [ReconcilerExecutor-hivemq-controller-144] DEBUG c.h.p.o.h.HiveMQPlatformReconcilerRollingRestartHandler - [helmlega] Skipping Pod test-hivemq-legacy-platform-0 as it's already on the controller update revision (update revision: test-hivemq-legacy-platform-65df8dcb7f, pod revision: test-hivemq-legacy-platform-65df8dcb7f)
2025-01-30 04:04:36,068 INFO c.h.h.t.HelmChartContainer - [hivemq-test-hivemq-platform] [hivemq-platform-operator] [d3eeb85c] 04:04:36.067 [ReconcilerExecutor-hivemq-controller-144] INFO  c.h.p.o.h.HiveMQPlatformReconcilerRollingRestartHandler - [helmlega] Stopping surge Pod
2025-01-30 04:04:36,079 INFO c.h.h.t.HelmChartContainer - [hivemq-test-hivemq-platform] [hivemq-platform-operator] [d3eeb85c] 04:04:36.078 [ReconcilerExecutor-hivemq-controller-144] DEBUG c.h.p.operator.event.EventSender - [helmlega] Creating K8s event rolling-restart-scale-down-in-progress: [RollingRestart] HiveMQ Platform is stopping the surge Pod (rolling restart)
2025-01-30 04:04:36,082 INFO c.h.h.t.HelmChartContainer - [EVENT] Normal [RollingRestart] HiveMQ Platform is stopping the surge Pod (rolling restart) [helmlegacystatefulsetmigrationit-operator:test-hivemq-legacy-platform]
2025-01-30 04:04:36,082 INFO c.h.h.t.HelmChartContainer - [hivemq-test-hivemq-platform] [hivemq-platform-operator] [d3eeb85c] 04:04:36.082 [ReconcilerExecutor-hivemq-controller-144] INFO  c.h.p.o.h.AbstractHiveMQReconcilerStateHandler - [helmlega] Update HiveMQ Platform Status (ROLLING_RESTART [RESTART_PODS_IN_PROGRESS] -> ROLLING_RESTART [SCALE_DOWN_IN_PROGRESS]): HiveMQ Platform is stopping the surge Pod (rolling restart)
2025-01-30 04:04:36,089 DEBUG com.hivemq.helmcharts.util.K8sUtil - Comparing actual state 'ROLLING_RESTART' and waiting for 'RUNNING'
2025-01-30 04:04:38,389 INFO c.h.h.t.HelmChartContainer - [test-hivemq-legacy-platform] [hivemq] [d1f1774d] INFO  - [HiveMQ Platform Operator Init App 1.7.0-SNAPSHOT] Returning Health API response 200 for liveness
2025-01-30 04:04:46,095 INFO c.h.h.t.HelmChartContainer - [hivemq-test-hivemq-platform] [hivemq-platform-operator] [d3eeb85c] 04:04:46.093 [pool-6-thread-23] DEBUG c.h.p.o.d.PlatformServiceResource - [helmlega] Desired Platform services (4 services)
2025-01-30 04:04:46,096 INFO c.h.h.t.HelmChartContainer - [hivemq-test-hivemq-platform] [hivemq-platform-operator] [d3eeb85c] 04:04:46.094 [pool-6-thread-22] DEBUG c.h.p.o.dependants.PodInfoConfigMap - [helmlega] Desired PodInfo ConfigMap (2 extensions) (1 enabled)
2025-01-30 04:04:46,098 INFO c.h.h.t.HelmChartContainer - [hivemq-test-hivemq-platform] [hivemq-platform-operator] [d3eeb85c] 04:04:46.094 [pool-6-thread-24] DEBUG c.h.p.o.d.PodServiceAccountResource - [helmlega] Desired PodServiceAccountResource (serviceAccountName: hivemq-platform-pod-test-hivemq-legacy-platform)
2025-01-30 04:04:46,098 INFO c.h.h.t.HelmChartContainer - [hivemq-test-hivemq-platform] [hivemq-platform-operator] [d3eeb85c] 04:04:46.096 [pool-6-thread-22] DEBUG c.h.p.o.dependants.PodInfoConfigMap - [helmlega] Desired PodInfo ConfigMap (metrics port: 9399) (metrics path: /)
2025-01-30 04:04:46,098 INFO c.h.h.t.HelmChartContainer - [hivemq-test-hivemq-platform] [hivemq-platform-operator] [d3eeb85c] 04:04:46.096 [pool-6-thread-22] DEBUG c.h.p.o.dependants.PodInfoConfigMap - [helmlega] Desired PodInfo ConfigMap (extension state hash: 259316804)
2025-01-30 04:04:46,098 INFO c.h.h.t.HelmChartContainer - [hivemq-test-hivemq-platform] [hivemq-platform-operator] [d3eeb85c] 04:04:46.097 [pool-6-thread-22] DEBUG c.h.p.o.dependants.PodInfoConfigMap - [helmlega] Update PodInfo ConfigMap
2025-01-30 04:04:46,107 INFO c.h.h.t.HelmChartContainer - [hivemq-test-hivemq-platform] [hivemq-platform-operator] [d3eeb85c] 04:04:46.106 [pool-6-thread-22] DEBUG c.h.p.o.d.StatefulSetResource - [helmlega] Desired StatefulSet (1 replicas) for status ROLLING_RESTART (SCALE_DOWN_IN_PROGRESS)
2025-01-30 04:04:46,110 INFO c.h.h.t.HelmChartContainer - [hivemq-test-hivemq-platform] [hivemq-platform-operator] [d3eeb85c] 04:04:46.109 [pool-6-thread-22] DEBUG c.h.p.o.d.StatefulSetResource - [helmlega] Update StatefulSet (replicas: 2 -> 1)
2025-01-30 04:04:46,137 INFO c.h.h.t.HelmChartContainer - [POD] test-hivemq-legacy-platform-1 [6a694368-cfcd-4e9e-abb1-e979c6c2e2ef] in helmlegacystatefulsetmigrationit-operator was MODIFIED
2025-01-30 04:04:46,141 INFO c.h.h.t.HelmChartContainer - [EVENT] Normal [Killing] Stopping container hivemq [helmlegacystatefulsetmigrationit-operator:test-hivemq-legacy-platform-1]
2025-01-30 04:04:46,141 INFO c.h.h.t.HelmChartContainer - Received Killing event for container hivemq in pod test-hivemq-legacy-platform-1 [6a694368-cfcd-4e9e-abb1-e979c6c2e2ef]
2025-01-30 04:04:46,141 INFO c.h.h.t.HelmChartContainer - Container [test-hivemq-legacy-platform-1] [hivemq] [6a694368-cfcd-4e9e-abb1-e979c6c2e2ef] was terminated
2025-01-30 04:04:46,142 INFO c.h.h.t.HelmChartContainer - Stopped log watcher for hivemq in pod test-hivemq-legacy-platform-1 [6a694368-cfcd-4e9e-abb1-e979c6c2e2ef]
2025-01-30 04:04:46,144 INFO c.h.h.t.HelmChartContainer - [EVENT] Normal [SuccessfulDelete] delete Pod test-hivemq-legacy-platform-1 in StatefulSet test-hivemq-legacy-platform successful [helmlegacystatefulsetmigrationit-operator:test-hivemq-legacy-platform]
2025-01-30 04:04:46,159 INFO c.h.h.t.HelmChartContainer - [test-hivemq-legacy-platform] [hivemq] [6a694368] INFO  - [HiveMQ Platform Operator Init App 1.7.0-SNAPSHOT] Shutting down
2025-01-30 04:04:46,159 INFO c.h.h.t.HelmChartContainer - [test-hivemq-legacy-platform] [hivemq] [6a694368] INFO  - [HiveMQ Platform Operator Init App 1.7.0-SNAPSHOT] Stopping the HiveMQ Platform
2025-01-30 04:04:46,173 INFO c.h.h.t.HelmChartContainer - [hivemq-test-hivemq-platform] [hivemq-platform-operator] [d3eeb85c] 04:04:46.172 [ReconcilerExecutor-hivemq-controller-145] INFO  c.h.p.o.HiveMQPlatformReconciler - [helmlega] Reconciling HiveMQ Platform 'test-hivemq-legacy-platform' in namespace 'helmlegacystatefulsetmigrationit-operator'
2025-01-30 04:04:46,173 INFO c.h.h.t.HelmChartContainer - [hivemq-test-hivemq-platform] [hivemq-platform-operator] [d3eeb85c] 04:04:46.172 [ReconcilerExecutor-hivemq-controller-145] DEBUG c.h.p.o.HiveMQPlatformReconciler - [helmlega] Custom Resource Status ROLLING_RESTART - HiveMQ Platform is stopping the surge Pod (rolling restart) (SCALE_DOWN_IN_PROGRESS)
2025-01-30 04:04:46,174 INFO c.h.h.t.HelmChartContainer - [hivemq-test-hivemq-platform] [hivemq-platform-operator] [d3eeb85c] 04:04:46.172 [ReconcilerExecutor-hivemq-controller-145] DEBUG c.h.p.o.HiveMQPlatformReconciler - [helmlega] Custom Resource Spec (replicas: 1) (extensions: 2)
2025-01-30 04:04:46,176 INFO c.h.h.t.HelmChartContainer - [hivemq-test-hivemq-platform] [hivemq-platform-operator] [d3eeb85c] 04:04:46.175 [ReconcilerExecutor-hivemq-controller-145] DEBUG c.h.p.o.HiveMQPlatformReconciler - [helmlega] StatefulSet Status (revision: test-hivemq-legacy-platform-65df8dcb7f, replicas: 2, available: 2, ready: 2, current: 2, updated: 2)
2025-01-30 04:04:46,178 INFO c.h.h.t.HelmChartContainer - [hivemq-test-hivemq-platform] [hivemq-platform-operator] [d3eeb85c] 04:04:46.175 [ReconcilerExecutor-hivemq-controller-145] DEBUG c.h.p.o.HiveMQPlatformReconciler - [helmlega] StatefulSet Spec (replicas: 1, init containers: 1, containers: 1, volumes: 6)
2025-01-30 04:04:46,183 INFO c.h.h.t.HelmChartContainer - [hivemq-test-hivemq-platform] [hivemq-platform-operator] [d3eeb85c] 04:04:46.177 [ReconcilerExecutor-hivemq-controller-145] DEBUG c.h.p.o.h.HiveMQPlatformReconcilerErrorHandler - [helmlega] Pod 'test-hivemq-legacy-platform-0' phase Running
2025-01-30 04:04:46,183 INFO c.h.h.t.HelmChartContainer - [hivemq-test-hivemq-platform] [hivemq-platform-operator] [d3eeb85c] 04:04:46.181 [ReconcilerExecutor-hivemq-controller-145] DEBUG c.h.p.o.h.HiveMQPlatformReconcilerRollingRestartHandler - [helmlega] Rolling restart is waiting for 2 of 1 replicas
2025-01-30 04:04:46,190 INFO c.h.h.t.HelmChartContainer - [hivemq-test-hivemq-platform] [hivemq-platform-operator] [d3eeb85c] 04:04:46.186 [pool-6-thread-40] DEBUG c.h.p.o.d.PodServiceAccountResource - [helmlega] Desired PodServiceAccountResource (serviceAccountName: hivemq-platform-pod-test-hivemq-legacy-platform)
2025-01-30 04:04:46,191 INFO c.h.h.t.HelmChartContainer - [hivemq-test-hivemq-platform] [hivemq-platform-operator] [d3eeb85c] 04:04:46.188 [pool-6-thread-38] DEBUG c.h.p.o.dependants.PodInfoConfigMap - [helmlega] Desired PodInfo ConfigMap (2 extensions) (1 enabled)
2025-01-30 04:04:46,191 INFO c.h.h.t.HelmChartContainer - [hivemq-test-hivemq-platform] [hivemq-platform-operator] [d3eeb85c] 04:04:46.188 [pool-6-thread-38] DEBUG c.h.p.o.dependants.PodInfoConfigMap - [helmlega] Desired PodInfo ConfigMap (metrics port: 9399) (metrics path: /)
2025-01-30 04:04:46,191 INFO c.h.h.t.HelmChartContainer - [hivemq-test-hivemq-platform] [hivemq-platform-operator] [d3eeb85c] 04:04:46.188 [pool-6-thread-38] DEBUG c.h.p.o.dependants.PodInfoConfigMap - [helmlega] Desired PodInfo ConfigMap (extension state hash: 259316804)
2025-01-30 04:04:46,194 INFO c.h.h.t.HelmChartContainer - [hivemq-test-hivemq-platform] [hivemq-platform-operator] [d3eeb85c] 04:04:46.193 [pool-6-thread-31] DEBUG c.h.p.o.d.PlatformServiceResource - [helmlega] Desired Platform services (4 services)
2025-01-30 04:04:46,201 INFO c.h.h.t.HelmChartContainer - [hivemq-test-hivemq-platform] [hivemq-platform-operator] [d3eeb85c] 04:04:46.200 [pool-6-thread-31] DEBUG c.h.p.o.d.StatefulSetResource - [helmlega] Desired StatefulSet (1 replicas) for status ROLLING_RESTART (SCALE_DOWN_IN_PROGRESS)
2025-01-30 04:04:46,208 INFO c.h.h.t.HelmChartContainer - [hivemq-test-hivemq-platform] [hivemq-platform-operator] [d3eeb85c] 04:04:46.207 [ReconcilerExecutor-hivemq-controller-147] INFO  c.h.p.o.HiveMQPlatformReconciler - [helmlega] Reconciling HiveMQ Platform 'test-hivemq-legacy-platform' in namespace 'helmlegacystatefulsetmigrationit-operator'
2025-01-30 04:04:46,208 INFO c.h.h.t.HelmChartContainer - [hivemq-test-hivemq-platform] [hivemq-platform-operator] [d3eeb85c] 04:04:46.207 [ReconcilerExecutor-hivemq-controller-147] DEBUG c.h.p.o.HiveMQPlatformReconciler - [helmlega] Custom Resource Status ROLLING_RESTART - HiveMQ Platform is stopping the surge Pod (rolling restart) (SCALE_DOWN_IN_PROGRESS)
2025-01-30 04:04:46,208 INFO c.h.h.t.HelmChartContainer - [hivemq-test-hivemq-platform] [hivemq-platform-operator] [d3eeb85c] 04:04:46.207 [ReconcilerExecutor-hivemq-controller-147] DEBUG c.h.p.o.HiveMQPlatformReconciler - [helmlega] Custom Resource Spec (replicas: 1) (extensions: 2)
2025-01-30 04:04:46,265 INFO c.h.h.t.HelmChartContainer - [hivemq-test-hivemq-platform] [hivemq-platform-operator] [d3eeb85c] 04:04:46.263 [ReconcilerExecutor-hivemq-controller-147] DEBUG c.h.p.o.HiveMQPlatformReconciler - [helmlega] StatefulSet Status (revision: test-hivemq-legacy-platform-65df8dcb7f, replicas: 2, available: 2, ready: 2, current: 1, updated: 1)
2025-01-30 04:04:46,265 INFO c.h.h.t.HelmChartContainer - [hivemq-test-hivemq-platform] [hivemq-platform-operator] [d3eeb85c] 04:04:46.263 [ReconcilerExecutor-hivemq-controller-147] DEBUG c.h.p.o.HiveMQPlatformReconciler - [helmlega] StatefulSet Spec (replicas: 1, init containers: 1, containers: 1, volumes: 6)
2025-01-30 04:04:46,266 INFO c.h.h.t.HelmChartContainer - [hivemq-test-hivemq-platform] [hivemq-platform-operator] [d3eeb85c] 04:04:46.264 [ReconcilerExecutor-hivemq-controller-147] DEBUG c.h.p.o.h.HiveMQPlatformReconcilerErrorHandler - [helmlega] Pod 'test-hivemq-legacy-platform-0' phase Running
2025-01-30 04:04:46,270 INFO c.h.h.t.HelmChartContainer - [hivemq-test-hivemq-platform] [hivemq-platform-operator] [d3eeb85c] 04:04:46.265 [ReconcilerExecutor-hivemq-controller-147] DEBUG c.h.p.o.h.HiveMQPlatformReconcilerRollingRestartHandler - [helmlega] Rolling restart is waiting for 2 of 1 replicas
2025-01-30 04:04:46,271 INFO c.h.h.t.HelmChartContainer - [hivemq-test-hivemq-platform] [hivemq-platform-operator] [d3eeb85c] 04:04:46.268 [pool-6-thread-48] DEBUG c.h.p.o.d.PlatformServiceResource - [helmlega] Desired Platform services (4 services)
2025-01-30 04:04:46,272 INFO c.h.h.t.HelmChartContainer - [hivemq-test-hivemq-platform] [hivemq-platform-operator] [d3eeb85c] 04:04:46.271 [pool-6-thread-47] DEBUG c.h.p.o.dependants.PodInfoConfigMap - [helmlega] Desired PodInfo ConfigMap (2 extensions) (1 enabled)
2025-01-30 04:04:46,272 INFO c.h.h.t.HelmChartContainer - [hivemq-test-hivemq-platform] [hivemq-platform-operator] [d3eeb85c] 04:04:46.271 [pool-6-thread-47] DEBUG c.h.p.o.dependants.PodInfoConfigMap - [helmlega] Desired PodInfo ConfigMap (metrics port: 9399) (metrics path: /)
2025-01-30 04:04:46,272 INFO c.h.h.t.HelmChartContainer - [hivemq-test-hivemq-platform] [hivemq-platform-operator] [d3eeb85c] 04:04:46.271 [pool-6-thread-47] DEBUG c.h.p.o.dependants.PodInfoConfigMap - [helmlega] Desired PodInfo ConfigMap (extension state hash: 259316804)
2025-01-30 04:04:46,274 INFO c.h.h.t.HelmChartContainer - [hivemq-test-hivemq-platform] [hivemq-platform-operator] [d3eeb85c] 04:04:46.269 [pool-6-thread-44] DEBUG c.h.p.o.d.PodServiceAccountResource - [helmlega] Desired PodServiceAccountResource (serviceAccountName: hivemq-platform-pod-test-hivemq-legacy-platform)
2025-01-30 04:04:46,280 INFO c.h.h.t.HelmChartContainer - [hivemq-test-hivemq-platform] [hivemq-platform-operator] [d3eeb85c] 04:04:46.277 [pool-6-thread-48] DEBUG c.h.p.o.d.StatefulSetResource - [helmlega] Desired StatefulSet (1 replicas) for status ROLLING_RESTART (SCALE_DOWN_IN_PROGRESS)
2025-01-30 04:04:46,283 INFO c.h.h.t.HelmChartContainer - [hivemq-test-hivemq-platform] [hivemq-platform-operator] [d3eeb85c] 04:04:46.280 [ReconcilerExecutor-hivemq-controller-148] INFO  c.h.p.o.HiveMQPlatformReconciler - [helmlega] Reconciling HiveMQ Platform 'test-hivemq-legacy-platform' in namespace 'helmlegacystatefulsetmigrationit-operator'
2025-01-30 04:04:46,283 INFO c.h.h.t.HelmChartContainer - [hivemq-test-hivemq-platform] [hivemq-platform-operator] [d3eeb85c] 04:04:46.280 [ReconcilerExecutor-hivemq-controller-148] DEBUG c.h.p.o.HiveMQPlatformReconciler - [helmlega] Custom Resource Status ROLLING_RESTART - HiveMQ Platform is stopping the surge Pod (rolling restart) (SCALE_DOWN_IN_PROGRESS)
2025-01-30 04:04:46,283 INFO c.h.h.t.HelmChartContainer - [hivemq-test-hivemq-platform] [hivemq-platform-operator] [d3eeb85c] 04:04:46.281 [ReconcilerExecutor-hivemq-controller-148] DEBUG c.h.p.o.HiveMQPlatformReconciler - [helmlega] Custom Resource Spec (replicas: 1) (extensions: 2)
2025-01-30 04:04:46,284 INFO c.h.h.t.HelmChartContainer - [hivemq-test-hivemq-platform] [hivemq-platform-operator] [d3eeb85c] 04:04:46.284 [ReconcilerExecutor-hivemq-controller-148] DEBUG c.h.p.o.HiveMQPlatformReconciler - [helmlega] StatefulSet Status (revision: test-hivemq-legacy-platform-65df8dcb7f, replicas: 2, available: 2, ready: 2, current: 1, updated: 1)
2025-01-30 04:04:46,285 INFO c.h.h.t.HelmChartContainer - [hivemq-test-hivemq-platform] [hivemq-platform-operator] [d3eeb85c] 04:04:46.284 [ReconcilerExecutor-hivemq-controller-148] DEBUG c.h.p.o.HiveMQPlatformReconciler - [helmlega] StatefulSet Spec (replicas: 1, init containers: 1, containers: 1, volumes: 6)
2025-01-30 04:04:46,287 INFO c.h.h.t.HelmChartContainer - [hivemq-test-hivemq-platform] [hivemq-platform-operator] [d3eeb85c] 04:04:46.286 [ReconcilerExecutor-hivemq-controller-148] DEBUG c.h.p.o.h.HiveMQPlatformReconcilerErrorHandler - [helmlega] Pod 'test-hivemq-legacy-platform-0' phase Running
2025-01-30 04:04:46,288 INFO c.h.h.t.HelmChartContainer - [hivemq-test-hivemq-platform] [hivemq-platform-operator] [d3eeb85c] 04:04:46.287 [ReconcilerExecutor-hivemq-controller-148] DEBUG c.h.p.o.h.HiveMQPlatformReconcilerRollingRestartHandler - [helmlega] Rolling restart is waiting for 2 of 1 replicas
2025-01-30 04:04:46,308 INFO c.h.h.t.HelmChartContainer - [test-hivemq-legacy-platform] [hivemq] [6a694368] INFO  - Shutting down HiveMQ. Please wait, this could take a while...
2025-01-30 04:04:46,402 INFO c.h.h.t.HelmChartContainer - [test-hivemq-legacy-platform] [hivemq] [6a694368] INFO  - Shutting down listeners and clients
2025-01-30 04:04:46,403 INFO c.h.h.t.HelmChartContainer - [test-hivemq-legacy-platform] [hivemq] [6a694368] INFO  - Shutdown of listeners is done
2025-01-30 04:04:46,403 INFO c.h.h.t.HelmChartContainer - [test-hivemq-legacy-platform] [hivemq] [6a694368] INFO  - No clients are connected, proceeding with shutdown
2025-01-30 04:04:46,825 INFO c.h.h.t.HelmChartContainer - [test-hivemq-legacy-platform] [hivemq] [6a694368] INFO  - [HiveMQ Platform Operator Init App 1.7.0-SNAPSHOT] Returning shutdown Health API response 503 for readiness
2025-01-30 04:04:46,830 INFO c.h.h.t.HelmChartContainer - [EVENT] Warning [Unhealthy] Readiness probe failed: HTTP probe failed with statuscode: 503 [helmlegacystatefulsetmigrationit-operator:test-hivemq-legacy-platform-1]
2025-01-30 04:04:46,830 INFO c.h.h.t.HelmChartContainer - Received Unhealthy event for container hivemq in pod test-hivemq-legacy-platform-1 [6a694368-cfcd-4e9e-abb1-e979c6c2e2ef]
2025-01-30 04:04:49,611 INFO c.h.h.t.HelmChartContainer - [test-hivemq-legacy-platform] [hivemq] [6a694368] INFO  - Shutting down extension system
2025-01-30 04:04:49,613 INFO c.h.h.t.HelmChartContainer - [test-hivemq-legacy-platform] [hivemq] [6a694368] INFO  - Stopping extension with id hivemq-dns-cluster-discovery
2025-01-30 04:04:49,613 INFO c.h.h.t.HelmChartContainer - [test-hivemq-legacy-platform] [hivemq] [6a694368] INFO  - Extension "DNS Cluster Discovery Extension" version 4.3.2 stopped successfully.
2025-01-30 04:04:49,614 INFO c.h.h.t.HelmChartContainer - [test-hivemq-legacy-platform] [hivemq] [6a694368] INFO  - Stopping extension with id hivemq-prometheus-extension
2025-01-30 04:04:49,618 INFO c.h.h.t.HelmChartContainer - [test-hivemq-legacy-platform] [hivemq] [6a694368] INFO  - Extension "Prometheus Monitoring Extension" version 4.0.12 stopped successfully.
2025-01-30 04:04:49,618 INFO c.h.h.t.HelmChartContainer - [test-hivemq-legacy-platform] [hivemq] [6a694368] INFO  - Stopping extension with id hivemq-enterprise-security-extension
2025-01-30 04:04:49,618 INFO c.h.h.t.HelmChartContainer - [test-hivemq-legacy-platform] [hivemq] [6a694368] INFO  - HiveMQ Enterprise Security Extension: Shutting down HiveMQ Enterprise Security Extension.
2025-01-30 04:04:51,830 INFO c.h.h.t.HelmChartContainer - [EVENT] Warning [Unhealthy] Readiness probe failed: HTTP probe failed with statuscode: 503 [helmlegacystatefulsetmigrationit-operator:test-hivemq-legacy-platform-1]
2025-01-30 04:04:51,830 INFO c.h.h.t.HelmChartContainer - Received Unhealthy event for container hivemq in pod test-hivemq-legacy-platform-1 [6a694368-cfcd-4e9e-abb1-e979c6c2e2ef]
2025-01-30 04:04:52,621 INFO c.h.h.t.HelmChartContainer - [test-hivemq-legacy-platform] [hivemq] [6a694368] INFO  - HiveMQ Enterprise Security Extension: Stopped HiveMQ Enterprise Security Extension successfully in 3002ms.
2025-01-30 04:04:52,622 INFO c.h.h.t.HelmChartContainer - [test-hivemq-legacy-platform] [hivemq] [6a694368] INFO  - Extension "HiveMQ Enterprise Security Extension" version 4.36.0 stopped successfully.
2025-01-30 04:04:52,629 INFO c.h.h.t.HelmChartContainer - [test-hivemq-legacy-platform] [hivemq] [d1f1774d] INFO  - Cluster nodes found by discovery: [AiHhH|4] (1) [AiHhH].
2025-01-30 04:04:52,634 INFO c.h.h.t.HelmChartContainer - [test-hivemq-legacy-platform] [hivemq] [d1f1774d] INFO  - Cluster size = 1, members : [AiHhH].
2025-01-30 04:04:55,078 INFO c.h.h.t.HelmChartContainer - [test-hivemq-legacy-platform] [hivemq] [6a694368] INFO  - Shutdown completed.
2025-01-30 04:04:55,441 INFO c.h.h.t.HelmChartContainer - [test-hivemq-legacy-platform] [hivemq] [6a694368] INFO  - [HiveMQ Platform Operator Init App 1.7.0-SNAPSHOT] The HiveMQ Platform exited with code 143
2025-01-30 04:04:55,441 INFO c.h.h.t.HelmChartContainer - [test-hivemq-legacy-platform] [hivemq] [6a694368] INFO  - [HiveMQ Platform Operator Init App 1.7.0-SNAPSHOT] Stopping the REST API
2025-01-30 04:04:55,500 INFO c.h.h.t.HelmChartContainer - [test-hivemq-legacy-platform] [hivemq] [6a694368] INFO  - [HiveMQ Platform Operator Init App 1.7.0-SNAPSHOT] Shutdown complete
2025-01-30 04:04:55,963 INFO c.h.h.t.HelmChartContainer - [POD] test-hivemq-legacy-platform-1 [6a694368-cfcd-4e9e-abb1-e979c6c2e2ef] in helmlegacystatefulsetmigrationit-operator was MODIFIED
2025-01-30 04:04:55,979 INFO c.h.h.t.HelmChartContainer - [hivemq-test-hivemq-platform] [hivemq-platform-operator] [d3eeb85c] 04:04:55.966 [pool-6-thread-6] DEBUG c.h.p.o.d.PlatformServiceResource - [helmlega] Desired Platform services (4 services)
2025-01-30 04:04:55,979 INFO c.h.h.t.HelmChartContainer - [hivemq-test-hivemq-platform] [hivemq-platform-operator] [d3eeb85c] 04:04:55.969 [pool-6-thread-7] DEBUG c.h.p.o.dependants.PodInfoConfigMap - [helmlega] Desired PodInfo ConfigMap (2 extensions) (1 enabled)
2025-01-30 04:04:55,984 INFO c.h.h.t.HelmChartContainer - [hivemq-test-hivemq-platform] [hivemq-platform-operator] [d3eeb85c] 04:04:55.969 [pool-6-thread-7] DEBUG c.h.p.o.dependants.PodInfoConfigMap - [helmlega] Desired PodInfo ConfigMap (metrics port: 9399) (metrics path: /)
2025-01-30 04:04:55,984 INFO c.h.h.t.HelmChartContainer - [hivemq-test-hivemq-platform] [hivemq-platform-operator] [d3eeb85c] 04:04:55.969 [pool-6-thread-7] DEBUG c.h.p.o.dependants.PodInfoConfigMap - [helmlega] Desired PodInfo ConfigMap (extension state hash: 259316804)
2025-01-30 04:04:55,984 INFO c.h.h.t.HelmChartContainer - [hivemq-test-hivemq-platform] [hivemq-platform-operator] [d3eeb85c] 04:04:55.971 [pool-6-thread-7] DEBUG c.h.p.o.d.PodServiceAccountResource - [helmlega] Desired PodServiceAccountResource (serviceAccountName: hivemq-platform-pod-test-hivemq-legacy-platform)
2025-01-30 04:04:55,984 INFO c.h.h.t.HelmChartContainer - [hivemq-test-hivemq-platform] [hivemq-platform-operator] [d3eeb85c] 04:04:55.975 [pool-6-thread-8] DEBUG c.h.p.o.d.StatefulSetResource - [helmlega] Desired StatefulSet (1 replicas) for status ROLLING_RESTART (SCALE_DOWN_IN_PROGRESS)
2025-01-30 04:04:55,984 INFO c.h.h.t.HelmChartContainer - [hivemq-test-hivemq-platform] [hivemq-platform-operator] [d3eeb85c] 04:04:55.978 [ReconcilerExecutor-hivemq-controller-149] INFO  c.h.p.o.HiveMQPlatformReconciler - [helmlega] Reconciling HiveMQ Platform 'test-hivemq-legacy-platform' in namespace 'helmlegacystatefulsetmigrationit-operator'
2025-01-30 04:04:55,984 INFO c.h.h.t.HelmChartContainer - [hivemq-test-hivemq-platform] [hivemq-platform-operator] [d3eeb85c] 04:04:55.978 [ReconcilerExecutor-hivemq-controller-149] DEBUG c.h.p.o.HiveMQPlatformReconciler - [helmlega] Custom Resource Status ROLLING_RESTART - HiveMQ Platform is stopping the surge Pod (rolling restart) (SCALE_DOWN_IN_PROGRESS)
2025-01-30 04:04:55,984 INFO c.h.h.t.HelmChartContainer - [hivemq-test-hivemq-platform] [hivemq-platform-operator] [d3eeb85c] 04:04:55.978 [ReconcilerExecutor-hivemq-controller-149] DEBUG c.h.p.o.HiveMQPlatformReconciler - [helmlega] Custom Resource Spec (replicas: 1) (extensions: 2)
2025-01-30 04:04:55,984 INFO c.h.h.t.HelmChartContainer - [hivemq-test-hivemq-platform] [hivemq-platform-operator] [d3eeb85c] 04:04:55.979 [ReconcilerExecutor-hivemq-controller-149] DEBUG c.h.p.o.HiveMQPlatformReconciler - [helmlega] StatefulSet Status (revision: test-hivemq-legacy-platform-65df8dcb7f, replicas: 2, available: 2, ready: 2, current: 1, updated: 1)
2025-01-30 04:04:55,984 INFO c.h.h.t.HelmChartContainer - [hivemq-test-hivemq-platform] [hivemq-platform-operator] [d3eeb85c] 04:04:55.979 [ReconcilerExecutor-hivemq-controller-149] DEBUG c.h.p.o.HiveMQPlatformReconciler - [helmlega] StatefulSet Spec (replicas: 1, init containers: 1, containers: 1, volumes: 6)
2025-01-30 04:04:55,984 INFO c.h.h.t.HelmChartContainer - [hivemq-test-hivemq-platform] [hivemq-platform-operator] [d3eeb85c] 04:04:55.981 [ReconcilerExecutor-hivemq-controller-149] DEBUG c.h.p.o.h.HiveMQPlatformReconcilerErrorHandler - [helmlega] Pod 'test-hivemq-legacy-platform-0' phase Running
2025-01-30 04:04:55,984 INFO c.h.h.t.HelmChartContainer - [hivemq-test-hivemq-platform] [hivemq-platform-operator] [d3eeb85c] 04:04:55.981 [ReconcilerExecutor-hivemq-controller-149] DEBUG c.h.p.o.h.HiveMQPlatformReconcilerRollingRestartHandler - [helmlega] Rolling restart is waiting for 2 of 1 replicas
2025-01-30 04:04:55,992 INFO c.h.h.t.HelmChartContainer - [hivemq-test-hivemq-platform] [hivemq-platform-operator] [d3eeb85c] 04:04:55.990 [pool-6-thread-19] DEBUG c.h.p.o.d.PlatformServiceResource - [helmlega] Desired Platform services (4 services)
2025-01-30 04:04:55,992 INFO c.h.h.t.HelmChartContainer - [hivemq-test-hivemq-platform] [hivemq-platform-operator] [d3eeb85c] 04:04:55.991 [pool-6-thread-15] DEBUG c.h.p.o.dependants.PodInfoConfigMap - [helmlega] Desired PodInfo ConfigMap (2 extensions) (1 enabled)
2025-01-30 04:04:55,992 INFO c.h.h.t.HelmChartContainer - [hivemq-test-hivemq-platform] [hivemq-platform-operator] [d3eeb85c] 04:04:55.991 [pool-6-thread-15] DEBUG c.h.p.o.dependants.PodInfoConfigMap - [helmlega] Desired PodInfo ConfigMap (metrics port: 9399) (metrics path: /)
2025-01-30 04:04:55,992 INFO c.h.h.t.HelmChartContainer - [hivemq-test-hivemq-platform] [hivemq-platform-operator] [d3eeb85c] 04:04:55.991 [pool-6-thread-15] DEBUG c.h.p.o.dependants.PodInfoConfigMap - [helmlega] Desired PodInfo ConfigMap (extension state hash: 259316804)
2025-01-30 04:04:55,994 INFO c.h.h.t.HelmChartContainer - [K3S] [reconciler_common.go:162] "operationExecutor.UnmountVolume started for volume \"extension-configuration-hivemq-enterprise-security-extension\" (UniqueName: \"kubernetes.io/configmap/6a694368-cfcd-4e9e-abb1-e979c6c2e2ef-extension-configuration-hivemq-enterprise-security-extension\") pod \"6a694368-cfcd-4e9e-abb1-e979c6c2e2ef\" (UID: \"6a694368-cfcd-4e9e-abb1-e979c6c2e2ef\") "
2025-01-30 04:04:55,994 INFO c.h.h.t.HelmChartContainer - [K3S] [reconciler_common.go:162] "operationExecutor.UnmountVolume started for volume \"pod-info\" (UniqueName: \"kubernetes.io/configmap/6a694368-cfcd-4e9e-abb1-e979c6c2e2ef-pod-info\") pod \"6a694368-cfcd-4e9e-abb1-e979c6c2e2ef\" (UID: \"6a694368-cfcd-4e9e-abb1-e979c6c2e2ef\") "
2025-01-30 04:04:55,995 INFO c.h.h.t.HelmChartContainer - [K3S] [reconciler_common.go:162] "operationExecutor.UnmountVolume started for volume \"data\" (UniqueName: \"kubernetes.io/local-volume/pvc-f972cdd4-553f-467d-8389-0d09a0c24da4\") pod \"6a694368-cfcd-4e9e-abb1-e979c6c2e2ef\" (UID: \"6a694368-cfcd-4e9e-abb1-e979c6c2e2ef\") "
2025-01-30 04:04:55,995 INFO c.h.h.t.HelmChartContainer - [K3S] [reconciler_common.go:162] "operationExecutor.UnmountVolume started for volume \"ese-file-realm\" (UniqueName: \"kubernetes.io/configmap/6a694368-cfcd-4e9e-abb1-e979c6c2e2ef-ese-file-realm\") pod \"6a694368-cfcd-4e9e-abb1-e979c6c2e2ef\" (UID: \"6a694368-cfcd-4e9e-abb1-e979c6c2e2ef\") "
2025-01-30 04:04:55,995 INFO c.h.h.t.HelmChartContainer - [hivemq-test-hivemq-platform] [hivemq-platform-operator] [d3eeb85c] 04:04:55.993 [pool-6-thread-14] DEBUG c.h.p.o.d.PodServiceAccountResource - [helmlega] Desired PodServiceAccountResource (serviceAccountName: hivemq-platform-pod-test-hivemq-legacy-platform)
2025-01-30 04:04:55,995 INFO c.h.h.t.HelmChartContainer - [K3S] [reconciler_common.go:162] "operationExecutor.UnmountVolume started for volume \"operator-init\" (UniqueName: \"kubernetes.io/empty-dir/6a694368-cfcd-4e9e-abb1-e979c6c2e2ef-operator-init\") pod \"6a694368-cfcd-4e9e-abb1-e979c6c2e2ef\" (UID: \"6a694368-cfcd-4e9e-abb1-e979c6c2e2ef\") "
2025-01-30 04:04:55,995 INFO c.h.h.t.HelmChartContainer - [K3S] [reconciler_common.go:162] "operationExecutor.UnmountVolume started for volume \"broker-configuration\" (UniqueName: \"kubernetes.io/configmap/6a694368-cfcd-4e9e-abb1-e979c6c2e2ef-broker-configuration\") pod \"6a694368-cfcd-4e9e-abb1-e979c6c2e2ef\" (UID: \"6a694368-cfcd-4e9e-abb1-e979c6c2e2ef\") "
2025-01-30 04:04:55,995 INFO c.h.h.t.HelmChartContainer - [K3S] [reconciler_common.go:162] "operationExecutor.UnmountVolume started for volume \"kube-api-access-lssqz\" (UniqueName: \"kubernetes.io/projected/6a694368-cfcd-4e9e-abb1-e979c6c2e2ef-kube-api-access-lssqz\") pod \"6a694368-cfcd-4e9e-abb1-e979c6c2e2ef\" (UID: \"6a694368-cfcd-4e9e-abb1-e979c6c2e2ef\") "
2025-01-30 04:04:55,997 INFO c.h.h.t.HelmChartContainer - [hivemq-test-hivemq-platform] [hivemq-platform-operator] [d3eeb85c] 04:04:55.996 [pool-6-thread-14] DEBUG c.h.p.o.d.StatefulSetResource - [helmlega] Desired StatefulSet (1 replicas) for status ROLLING_RESTART (SCALE_DOWN_IN_PROGRESS)
2025-01-30 04:04:56,051 INFO c.h.h.t.HelmChartContainer - [hivemq-test-hivemq-platform] [hivemq-platform-operator] [d3eeb85c] 04:04:56.049 [ReconcilerExecutor-hivemq-controller-150] INFO  c.h.p.o.HiveMQPlatformReconciler - [helmlega] Reconciling HiveMQ Platform 'test-hivemq-legacy-platform' in namespace 'helmlegacystatefulsetmigrationit-operator'
2025-01-30 04:04:56,051 INFO c.h.h.t.HelmChartContainer - [hivemq-test-hivemq-platform] [hivemq-platform-operator] [d3eeb85c] 04:04:56.049 [ReconcilerExecutor-hivemq-controller-150] DEBUG c.h.p.o.HiveMQPlatformReconciler - [helmlega] Custom Resource Status ROLLING_RESTART - HiveMQ Platform is stopping the surge Pod (rolling restart) (SCALE_DOWN_IN_PROGRESS)
2025-01-30 04:04:56,051 INFO c.h.h.t.HelmChartContainer - [hivemq-test-hivemq-platform] [hivemq-platform-operator] [d3eeb85c] 04:04:56.049 [ReconcilerExecutor-hivemq-controller-150] DEBUG c.h.p.o.HiveMQPlatformReconciler - [helmlega] Custom Resource Spec (replicas: 1) (extensions: 2)
2025-01-30 04:04:56,064 INFO c.h.h.t.HelmChartContainer - [hivemq-test-hivemq-platform] [hivemq-platform-operator] [d3eeb85c] 04:04:56.063 [ReconcilerExecutor-hivemq-controller-150] DEBUG c.h.p.o.HiveMQPlatformReconciler - [helmlega] StatefulSet Status (revision: test-hivemq-legacy-platform-65df8dcb7f, replicas: 2, available: 1, ready: 1, current: 1, updated: 1)
2025-01-30 04:04:56,065 INFO c.h.h.t.HelmChartContainer - [hivemq-test-hivemq-platform] [hivemq-platform-operator] [d3eeb85c] 04:04:56.063 [ReconcilerExecutor-hivemq-controller-150] DEBUG c.h.p.o.HiveMQPlatformReconciler - [helmlega] StatefulSet Spec (replicas: 1, init containers: 1, containers: 1, volumes: 6)
2025-01-30 04:04:56,066 INFO c.h.h.t.HelmChartContainer - [hivemq-test-hivemq-platform] [hivemq-platform-operator] [d3eeb85c] 04:04:56.065 [ReconcilerExecutor-hivemq-controller-150] DEBUG c.h.p.o.h.HiveMQPlatformReconcilerErrorHandler - [helmlega] Pod 'test-hivemq-legacy-platform-0' phase Running
2025-01-30 04:04:56,067 INFO c.h.h.t.HelmChartContainer - [hivemq-test-hivemq-platform] [hivemq-platform-operator] [d3eeb85c] 04:04:56.066 [ReconcilerExecutor-hivemq-controller-150] INFO  c.h.p.o.h.HiveMQPlatformReconcilerRollingRestartHandler - [helmlega] Rolling restart is done
2025-01-30 04:04:56,076 INFO c.h.h.t.HelmChartContainer - [EVENT] Normal [Ready] HiveMQ Platform is ready [helmlegacystatefulsetmigrationit-operator:test-hivemq-legacy-platform]
2025-01-30 04:04:56,079 INFO c.h.h.t.HelmChartContainer - [hivemq-test-hivemq-platform] [hivemq-platform-operator] [d3eeb85c] 04:04:56.075 [ReconcilerExecutor-hivemq-controller-150] DEBUG c.h.p.operator.event.EventSender - [helmlega] Updating K8s event hivemq-platform-ready: [Ready] HiveMQ Platform is ready
2025-01-30 04:04:56,079 INFO c.h.h.t.HelmChartContainer - [hivemq-test-hivemq-platform] [hivemq-platform-operator] [d3eeb85c] 04:04:56.075 [ReconcilerExecutor-hivemq-controller-150] INFO  c.h.p.o.h.AbstractHiveMQReconcilerStateHandler - [helmlega] Update HiveMQ Platform Status (ROLLING_RESTART [SCALE_DOWN_IN_PROGRESS] -> RUNNING [READY]): HiveMQ Platform is ready
2025-01-30 04:04:56,084 DEBUG com.hivemq.helmcharts.util.K8sUtil - Comparing actual state 'RUNNING' and waiting for 'RUNNING'
2025-01-30 04:04:56,094 INFO c.h.h.t.HelmChartContainer - [K3S] [reconciler_common.go:299] "Volume detached for volume \"broker-configuration\" (UniqueName: \"kubernetes.io/configmap/6a694368-cfcd-4e9e-abb1-e979c6c2e2ef-broker-configuration\") on node \"eb90bc493249\" DevicePath \"\""
2025-01-30 04:04:56,094 INFO c.h.h.t.HelmChartContainer - [K3S] [reconciler_common.go:299] "Volume detached for volume \"kube-api-access-lssqz\" (UniqueName: \"kubernetes.io/projected/6a694368-cfcd-4e9e-abb1-e979c6c2e2ef-kube-api-access-lssqz\") on node \"eb90bc493249\" DevicePath \"\""
2025-01-30 04:04:56,094 INFO c.h.h.t.HelmChartContainer - [K3S] [reconciler_common.go:299] "Volume detached for volume \"extension-configuration-hivemq-enterprise-security-extension\" (UniqueName: \"kubernetes.io/configmap/6a694368-cfcd-4e9e-abb1-e979c6c2e2ef-extension-configuration-hivemq-enterprise-security-extension\") on node \"eb90bc493249\" DevicePath \"\""
2025-01-30 04:04:56,094 INFO c.h.h.t.HelmChartContainer - [K3S] [reconciler_common.go:292] "operationExecutor.UnmountDevice started for volume \"pvc-f972cdd4-553f-467d-8389-0d09a0c24da4\" (UniqueName: \"kubernetes.io/local-volume/pvc-f972cdd4-553f-467d-8389-0d09a0c24da4\") on node \"eb90bc493249\" "
2025-01-30 04:04:56,095 INFO c.h.h.t.HelmChartContainer - [K3S] [reconciler_common.go:299] "Volume detached for volume \"pod-info\" (UniqueName: \"kubernetes.io/configmap/6a694368-cfcd-4e9e-abb1-e979c6c2e2ef-pod-info\") on node \"eb90bc493249\" DevicePath \"\""
2025-01-30 04:04:56,095 INFO c.h.h.t.HelmChartContainer - [K3S] [reconciler_common.go:299] "Volume detached for volume \"ese-file-realm\" (UniqueName: \"kubernetes.io/configmap/6a694368-cfcd-4e9e-abb1-e979c6c2e2ef-ese-file-realm\") on node \"eb90bc493249\" DevicePath \"\""
2025-01-30 04:04:56,095 INFO c.h.h.t.HelmChartContainer - [K3S] [reconciler_common.go:299] "Volume detached for volume \"operator-init\" (UniqueName: \"kubernetes.io/empty-dir/6a694368-cfcd-4e9e-abb1-e979c6c2e2ef-operator-init\") on node \"eb90bc493249\" DevicePath \"\""
2025-01-30 04:04:56,113 INFO c.h.h.util.ControlCenterUtil - Log into CC on hivemq-test-hivemq-legacy-platform-cc:8080 (username: admin) (password: hivemq) (TLS: false)
2025-01-30 04:04:56,195 INFO c.h.h.t.HelmChartContainer - [K3S] [reconciler_common.go:299] "Volume detached for volume \"pvc-f972cdd4-553f-467d-8389-0d09a0c24da4\" (UniqueName: \"kubernetes.io/local-volume/pvc-f972cdd4-553f-467d-8389-0d09a0c24da4\") on node \"eb90bc493249\" DevicePath \"\""
2025-01-30 04:04:56,761 INFO c.h.h.t.HelmChartContainer - [K3S] [INFO] COMPACT compactRev=0 targetCompactRev=2 currentRev=1025
2025-01-30 04:04:56,763 INFO c.h.h.t.HelmChartContainer - [K3S] [INFO] COMPACT deleted 0 rows from 2 revisions in 381.215µs - compacted to 2/1025
2025-01-30 04:04:56,763 INFO c.h.h.t.HelmChartContainer - [K3S] [INFO] COMPACT compacted from 0 to 2 in 1 transactions over 1ms
2025-01-30 04:04:56,842 INFO c.h.h.t.HelmChartContainer - [K3S] [scope.go:117] "RemoveContainer" containerID="cb71b3e32c6454fa4695e7dd7f7122f260c7dbd539a3a1f4c8ef19a6c4f503f0"
2025-01-30 04:04:56,845 INFO c.h.h.t.HelmChartContainer - [K3S] [scope.go:117] "RemoveContainer" containerID="93ce2dd0454893bf1e35af5bb03af9ee2b073d19bd704554e5d53d64fcb7acec"
2025-01-30 04:04:56,848 INFO c.h.h.t.HelmChartContainer - [K3S] [scope.go:117] "RemoveContainer" containerID="cb71b3e32c6454fa4695e7dd7f7122f260c7dbd539a3a1f4c8ef19a6c4f503f0"
2025-01-30 04:04:56,849 INFO c.h.h.t.HelmChartContainer - [K3S] [scope.go:117] "RemoveContainer" containerID="93ce2dd0454893bf1e35af5bb03af9ee2b073d19bd704554e5d53d64fcb7acec"
2025-01-30 04:04:56,857 INFO c.h.h.t.HelmChartContainer - [POD] test-hivemq-legacy-platform-1 [6a694368-cfcd-4e9e-abb1-e979c6c2e2ef] in helmlegacystatefulsetmigrationit-operator was MODIFIED
2025-01-30 04:04:56,869 INFO c.h.h.t.HelmChartContainer - [POD] test-hivemq-legacy-platform-1 [6a694368-cfcd-4e9e-abb1-e979c6c2e2ef] in helmlegacystatefulsetmigrationit-operator was DELETED
2025-01-30 04:04:56,871 INFO c.h.h.t.HelmChartContainer - [hivemq-test-hivemq-platform] [hivemq-platform-operator] [d3eeb85c] 04:04:56.864 [pool-6-thread-29] DEBUG c.h.p.o.d.PlatformServiceResource - [helmlega] Desired Platform services (4 services)
2025-01-30 04:04:56,871 INFO c.h.h.t.HelmChartContainer - [hivemq-test-hivemq-platform] [hivemq-platform-operator] [d3eeb85c] 04:04:56.866 [pool-6-thread-26] DEBUG c.h.p.o.dependants.PodInfoConfigMap - [helmlega] Desired PodInfo ConfigMap (2 extensions) (1 enabled)
2025-01-30 04:04:56,871 INFO c.h.h.t.HelmChartContainer - [hivemq-test-hivemq-platform] [hivemq-platform-operator] [d3eeb85c] 04:04:56.866 [pool-6-thread-26] DEBUG c.h.p.o.dependants.PodInfoConfigMap - [helmlega] Desired PodInfo ConfigMap (metrics port: 9399) (metrics path: /)
2025-01-30 04:04:56,871 INFO c.h.h.t.HelmChartContainer - [hivemq-test-hivemq-platform] [hivemq-platform-operator] [d3eeb85c] 04:04:56.866 [pool-6-thread-26] DEBUG c.h.p.o.dependants.PodInfoConfigMap - [helmlega] Desired PodInfo ConfigMap (extension state hash: 259316804)
2025-01-30 04:04:56,871 INFO c.h.h.t.HelmChartContainer - [hivemq-test-hivemq-platform] [hivemq-platform-operator] [d3eeb85c] 04:04:56.867 [pool-6-thread-26] DEBUG c.h.p.o.dependants.PodInfoConfigMap - [helmlega] Update PodInfo ConfigMap
2025-01-30 04:04:56,871 INFO c.h.h.t.HelmChartContainer - [hivemq-test-hivemq-platform] [hivemq-platform-operator] [d3eeb85c] 04:04:56.869 [pool-6-thread-25] DEBUG c.h.p.o.d.PodServiceAccountResource - [helmlega] Desired PodServiceAccountResource (serviceAccountName: hivemq-platform-pod-test-hivemq-legacy-platform)
2025-01-30 04:04:56,891 INFO c.h.h.t.HelmChartContainer - [hivemq-test-hivemq-platform] [hivemq-platform-operator] [d3eeb85c] 04:04:56.890 [pool-6-thread-22] DEBUG c.h.p.o.d.StatefulSetResource - [helmlega] Desired StatefulSet (1 replicas) for status RUNNING (READY)
2025-01-30 04:04:56,896 INFO c.h.h.t.HelmChartContainer - [hivemq-test-hivemq-platform] [hivemq-platform-operator] [d3eeb85c] 04:04:56.895 [ReconcilerExecutor-hivemq-controller-151] INFO  c.h.p.o.HiveMQPlatformReconciler - [helmlega] Reconciling HiveMQ Platform 'test-hivemq-legacy-platform' in namespace 'helmlegacystatefulsetmigrationit-operator'
2025-01-30 04:04:56,896 INFO c.h.h.t.HelmChartContainer - [hivemq-test-hivemq-platform] [hivemq-platform-operator] [d3eeb85c] 04:04:56.895 [ReconcilerExecutor-hivemq-controller-151] DEBUG c.h.p.o.HiveMQPlatformReconciler - [helmlega] Custom Resource Status RUNNING - HiveMQ Platform is ready (READY)
2025-01-30 04:04:56,896 INFO c.h.h.t.HelmChartContainer - [hivemq-test-hivemq-platform] [hivemq-platform-operator] [d3eeb85c] 04:04:56.895 [ReconcilerExecutor-hivemq-controller-151] DEBUG c.h.p.o.HiveMQPlatformReconciler - [helmlega] Custom Resource Spec (replicas: 1) (extensions: 2)
2025-01-30 04:04:56,898 INFO c.h.h.t.HelmChartContainer - [hivemq-test-hivemq-platform] [hivemq-platform-operator] [d3eeb85c] 04:04:56.897 [ReconcilerExecutor-hivemq-controller-151] DEBUG c.h.p.o.HiveMQPlatformReconciler - [helmlega] StatefulSet Status (revision: test-hivemq-legacy-platform-65df8dcb7f, replicas: 1, available: 1, ready: 1, current: 1, updated: 1)
2025-01-30 04:04:56,898 INFO c.h.h.t.HelmChartContainer - [hivemq-test-hivemq-platform] [hivemq-platform-operator] [d3eeb85c] 04:04:56.897 [ReconcilerExecutor-hivemq-controller-151] DEBUG c.h.p.o.HiveMQPlatformReconciler - [helmlega] StatefulSet Spec (replicas: 1, init containers: 1, containers: 1, volumes: 6)
2025-01-30 04:04:56,899 INFO c.h.h.t.HelmChartContainer - [hivemq-test-hivemq-platform] [hivemq-platform-operator] [d3eeb85c] 04:04:56.898 [ReconcilerExecutor-hivemq-controller-151] DEBUG c.h.p.o.h.HiveMQPlatformReconcilerErrorHandler - [helmlega] Pod 'test-hivemq-legacy-platform-0' phase Running
2025-01-30 04:04:56,904 INFO c.h.h.t.HelmChartContainer - [hivemq-test-hivemq-platform] [hivemq-platform-operator] [d3eeb85c] 04:04:56.903 [pool-6-thread-35] DEBUG c.h.p.o.d.PlatformServiceResource - [helmlega] Desired Platform services (4 services)
2025-01-30 04:04:56,905 INFO c.h.h.t.HelmChartContainer - [hivemq-test-hivemq-platform] [hivemq-platform-operator] [d3eeb85c] 04:04:56.903 [pool-6-thread-37] DEBUG c.h.p.o.dependants.PodInfoConfigMap - [helmlega] Desired PodInfo ConfigMap (2 extensions) (1 enabled)
2025-01-30 04:04:56,905 INFO c.h.h.t.HelmChartContainer - [hivemq-test-hivemq-platform] [hivemq-platform-operator] [d3eeb85c] 04:04:56.903 [pool-6-thread-37] DEBUG c.h.p.o.dependants.PodInfoConfigMap - [helmlega] Desired PodInfo ConfigMap (metrics port: 9399) (metrics path: /)
2025-01-30 04:04:56,905 INFO c.h.h.t.HelmChartContainer - [hivemq-test-hivemq-platform] [hivemq-platform-operator] [d3eeb85c] 04:04:56.903 [pool-6-thread-37] DEBUG c.h.p.o.dependants.PodInfoConfigMap - [helmlega] Desired PodInfo ConfigMap (extension state hash: 259316804)
2025-01-30 04:04:56,951 INFO c.h.h.t.HelmChartContainer - [hivemq-test-hivemq-platform] [hivemq-platform-operator] [d3eeb85c] 04:04:56.949 [pool-6-thread-32] DEBUG c.h.p.o.d.PodServiceAccountResource - [helmlega] Desired PodServiceAccountResource (serviceAccountName: hivemq-platform-pod-test-hivemq-legacy-platform)
2025-01-30 04:04:56,955 INFO c.h.h.t.HelmChartContainer - [hivemq-test-hivemq-platform] [hivemq-platform-operator] [d3eeb85c] 04:04:56.955 [pool-6-thread-35] DEBUG c.h.p.o.d.StatefulSetResource - [helmlega] Desired StatefulSet (1 replicas) for status RUNNING (READY)
2025-01-30 04:04:56,967 INFO c.h.h.t.HelmChartContainer - [hivemq-test-hivemq-platform] [hivemq-platform-operator] [d3eeb85c] 04:04:56.966 [ReconcilerExecutor-hivemq-controller-152] INFO  c.h.p.o.HiveMQPlatformReconciler - [helmlega] Reconciling HiveMQ Platform 'test-hivemq-legacy-platform' in namespace 'helmlegacystatefulsetmigrationit-operator'
2025-01-30 04:04:56,969 INFO c.h.h.t.HelmChartContainer - [hivemq-test-hivemq-platform] [hivemq-platform-operator] [d3eeb85c] 04:04:56.967 [ReconcilerExecutor-hivemq-controller-152] DEBUG c.h.p.o.HiveMQPlatformReconciler - [helmlega] Custom Resource Status RUNNING - HiveMQ Platform is ready (READY)
2025-01-30 04:04:56,970 INFO c.h.h.t.HelmChartContainer - [hivemq-test-hivemq-platform] [hivemq-platform-operator] [d3eeb85c] 04:04:56.967 [ReconcilerExecutor-hivemq-controller-152] DEBUG c.h.p.o.HiveMQPlatformReconciler - [helmlega] Custom Resource Spec (replicas: 1) (extensions: 2)
2025-01-30 04:04:56,973 INFO c.h.h.t.HelmChartContainer - [hivemq-test-hivemq-platform] [hivemq-platform-operator] [d3eeb85c] 04:04:56.971 [ReconcilerExecutor-hivemq-controller-152] DEBUG c.h.p.o.HiveMQPlatformReconciler - [helmlega] StatefulSet Status (revision: test-hivemq-legacy-platform-65df8dcb7f, replicas: 1, available: 1, ready: 1, current: 1, updated: 1)
2025-01-30 04:04:56,973 INFO c.h.h.t.HelmChartContainer - [hivemq-test-hivemq-platform] [hivemq-platform-operator] [d3eeb85c] 04:04:56.971 [ReconcilerExecutor-hivemq-controller-152] DEBUG c.h.p.o.HiveMQPlatformReconciler - [helmlega] StatefulSet Spec (replicas: 1, init containers: 1, containers: 1, volumes: 6)
2025-01-30 04:04:56,977 INFO c.h.h.t.HelmChartContainer - [hivemq-test-hivemq-platform] [hivemq-platform-operator] [d3eeb85c] 04:04:56.976 [ReconcilerExecutor-hivemq-controller-152] DEBUG c.h.p.o.h.HiveMQPlatformReconcilerErrorHandler - [helmlega] Pod 'test-hivemq-legacy-platform-0' phase Running
2025-01-30 04:04:58,327 INFO c.h.h.t.HelmChartContainer - [K3S] [kubelet_volumes.go:163] "Cleaned up orphaned pod volumes dir" podUID="6a694368-cfcd-4e9e-abb1-e979c6c2e2ef" path="/var/lib/kubelet/pods/6a694368-cfcd-4e9e-abb1-e979c6c2e2ef/volumes"
2025-01-30 04:04:58,666 INFO c.h.h.util.ControlCenterUtil - Login attempt 1 was successful
2025-01-30 04:04:58,666 INFO com.hivemq.helmcharts.util.MqttUtil - Asserting retained messages on 30 topics...
2025-01-30 04:04:58,666 INFO c.h.h.t.HelmChartContainer - [K3S] [upgradeaware.go:427] Error proxying data from client to backend: remote error: tls: user canceled
2025-01-30 04:05:00,347 INFO c.h.h.t.HelmChartContainer - [K3S] [info.go:53] Couldn't collect info from any of the files in "/etc/machine-id,/var/lib/dbus/machine-id"
2025-01-30 04:05:00,401 INFO com.hivemq.helmcharts.util.MqttUtil - Asserted retained messages (1734 ms)
2025-01-30 04:05:00,401 INFO c.hivemq.helmcharts.util.RestAPIUtil - Checking authorization for REST API on hivemq-test-hivemq-legacy-platform-api:8888 (username: user) (password: password) (endpoint path: /api/v1/mqtt/clients)
2025-01-30 04:05:00,498 INFO c.h.helmcharts.util.MonitoringUtil - Asserting Prometheus subscribes metrics...
2025-01-30 04:05:01,264 INFO c.h.helmcharts.util.MonitoringUtil - Asserted subscribes metrics (765 ms)
2025-01-30 04:05:01,267 INFO c.h.h.t.HelmChartContainer - Uninstalling release 'test-hivemq-legacy-platform' in namespace 'helmlegacystatefulsetmigrationit-operator'...
2025-01-30 04:05:01,267 DEBUG c.h.h.t.HelmChartContainer - Executing helm command: /bin/helm --kubeconfig /etc/rancher/k3s/k3s.yaml uninstall test-hivemq-legacy-platform  --wait --timeout 5m0s --cascade foreground --namespace helmlegacystatefulsetmigrationit-operator
2025-01-30 04:05:01,489 INFO c.h.h.t.HelmChartContainer - [hivemq-test-hivemq-platform] [hivemq-platform-operator] [d3eeb85c] 04:05:01.487 [pool-6-thread-47] DEBUG c.h.p.o.d.PlatformServiceResource - [helmlega] Desired Platform services (4 services)
2025-01-30 04:05:01,494 INFO c.h.h.t.HelmChartContainer - [hivemq-test-hivemq-platform] [hivemq-platform-operator] [d3eeb85c] 04:05:01.488 [pool-6-thread-45] DEBUG c.h.p.o.dependants.PodInfoConfigMap - [helmlega] Desired PodInfo ConfigMap (2 extensions) (1 enabled)
2025-01-30 04:05:01,494 INFO c.h.h.t.HelmChartContainer - [hivemq-test-hivemq-platform] [hivemq-platform-operator] [d3eeb85c] 04:05:01.493 [pool-6-thread-45] DEBUG c.h.p.o.dependants.PodInfoConfigMap - [helmlega] Desired PodInfo ConfigMap (metrics port: 9399) (metrics path: /)
2025-01-30 04:05:01,494 INFO c.h.h.t.HelmChartContainer - [hivemq-test-hivemq-platform] [hivemq-platform-operator] [d3eeb85c] 04:05:01.493 [pool-6-thread-45] DEBUG c.h.p.o.dependants.PodInfoConfigMap - [helmlega] Desired PodInfo ConfigMap (extension state hash: 259316804)
2025-01-30 04:05:01,502 INFO c.h.h.t.HelmChartContainer - [hivemq-test-hivemq-platform] [hivemq-platform-operator] [d3eeb85c] 04:05:01.489 [pool-6-thread-49] DEBUG c.h.p.o.d.PodServiceAccountResource - [helmlega] Desired PodServiceAccountResource (serviceAccountName: hivemq-platform-pod-test-hivemq-legacy-platform)
2025-01-30 04:05:01,513 INFO c.h.h.t.HelmChartContainer - [hivemq-test-hivemq-platform] [hivemq-platform-operator] [d3eeb85c] 04:05:01.499 [pool-6-thread-48] DEBUG c.h.p.o.d.StatefulSetResource - [helmlega] Desired StatefulSet (1 replicas) for status RUNNING (READY)
2025-01-30 04:05:01,515 INFO c.h.h.t.HelmChartContainer - [hivemq-test-hivemq-platform] [hivemq-platform-operator] [d3eeb85c] 04:05:01.504 [ReconcilerExecutor-hivemq-controller-153] INFO  c.h.p.o.HiveMQPlatformReconciler - [helmlega] Reconciling HiveMQ Platform 'test-hivemq-legacy-platform' in namespace 'helmlegacystatefulsetmigrationit-operator'
2025-01-30 04:05:01,520 INFO c.h.h.t.HelmChartContainer - [hivemq-test-hivemq-platform] [hivemq-platform-operator] [d3eeb85c] 04:05:01.504 [ReconcilerExecutor-hivemq-controller-153] DEBUG c.h.p.o.HiveMQPlatformReconciler - [helmlega] Custom Resource Status RUNNING - HiveMQ Platform is ready (READY)
2025-01-30 04:05:01,520 INFO c.h.h.t.HelmChartContainer - [hivemq-test-hivemq-platform] [hivemq-platform-operator] [d3eeb85c] 04:05:01.504 [ReconcilerExecutor-hivemq-controller-153] DEBUG c.h.p.o.HiveMQPlatformReconciler - [helmlega] Custom Resource Spec (replicas: 1) (extensions: 2)
2025-01-30 04:05:01,520 INFO c.h.h.t.HelmChartContainer - [hivemq-test-hivemq-platform] [hivemq-platform-operator] [d3eeb85c] 04:05:01.505 [ReconcilerExecutor-hivemq-controller-153] DEBUG c.h.p.o.HiveMQPlatformReconciler - [helmlega] StatefulSet Status (revision: test-hivemq-legacy-platform-65df8dcb7f, replicas: 1, available: 1, ready: 1, current: 1, updated: 1)
2025-01-30 04:05:01,520 INFO c.h.h.t.HelmChartContainer - [hivemq-test-hivemq-platform] [hivemq-platform-operator] [d3eeb85c] 04:05:01.506 [ReconcilerExecutor-hivemq-controller-153] DEBUG c.h.p.o.HiveMQPlatformReconciler - [helmlega] StatefulSet Spec (replicas: 1, init containers: 1, containers: 1, volumes: 6)
2025-01-30 04:05:01,520 INFO c.h.h.t.HelmChartContainer - [hivemq-test-hivemq-platform] [hivemq-platform-operator] [d3eeb85c] 04:05:01.507 [ReconcilerExecutor-hivemq-controller-153] DEBUG c.h.p.o.h.HiveMQPlatformReconcilerErrorHandler - [helmlega] Pod 'test-hivemq-legacy-platform-0' phase Running
2025-01-30 04:05:01,520 INFO c.h.h.t.HelmChartContainer - [hivemq-test-hivemq-platform] [hivemq-platform-operator] [d3eeb85c] 04:05:01.511 [ReconcilerExecutor-hivemq-controller-154] INFO  c.h.p.o.HiveMQPlatformReconciler - [helmlega] Cleanup test-hivemq-legacy-platform - helmlegacystatefulsetmigrationit-operator HiveMQ Platform is shut down
2025-01-30 04:05:02,547 INFO c.h.h.t.HelmChartContainer - [POD] test-hivemq-legacy-platform-0 [d1f1774d-8270-4e05-8def-558487983998] in helmlegacystatefulsetmigrationit-operator was MODIFIED
2025-01-30 04:05:02,551 INFO c.h.h.t.HelmChartContainer - [EVENT] Normal [Killing] Stopping container hivemq [helmlegacystatefulsetmigrationit-operator:test-hivemq-legacy-platform-0]
2025-01-30 04:05:02,551 INFO c.h.h.t.HelmChartContainer - Received Killing event for container hivemq in pod test-hivemq-legacy-platform-0 [d1f1774d-8270-4e05-8def-558487983998]
2025-01-30 04:05:02,551 INFO c.h.h.t.HelmChartContainer - Container [test-hivemq-legacy-platform-0] [hivemq] [d1f1774d-8270-4e05-8def-558487983998] was terminated
2025-01-30 04:05:02,551 INFO c.h.h.t.HelmChartContainer - Stopped log watcher for hivemq in pod test-hivemq-legacy-platform-0 [d1f1774d-8270-4e05-8def-558487983998]
2025-01-30 04:05:02,556 INFO c.h.h.t.HelmChartContainer - [test-hivemq-legacy-platform] [hivemq] [d1f1774d] INFO  - [HiveMQ Platform Operator Init App 1.7.0-SNAPSHOT] Shutting down
2025-01-30 04:05:02,557 INFO c.h.h.t.HelmChartContainer - [test-hivemq-legacy-platform] [hivemq] [d1f1774d] INFO  - [HiveMQ Platform Operator Init App 1.7.0-SNAPSHOT] Stopping the HiveMQ Platform
2025-01-30 04:05:02,674 INFO c.h.h.t.HelmChartContainer - [test-hivemq-legacy-platform] [hivemq] [d1f1774d] INFO  - Shutting down HiveMQ. Please wait, this could take a while...
2025-01-30 04:05:02,760 INFO c.h.h.t.HelmChartContainer - [test-hivemq-legacy-platform] [hivemq] [d1f1774d] INFO  - Shutting down listeners and clients
2025-01-30 04:05:02,761 INFO c.h.h.t.HelmChartContainer - [test-hivemq-legacy-platform] [hivemq] [d1f1774d] INFO  - Shutdown of listeners is done
2025-01-30 04:05:02,761 INFO c.h.h.t.HelmChartContainer - [test-hivemq-legacy-platform] [hivemq] [d1f1774d] INFO  - No clients are connected, proceeding with shutdown
2025-01-30 04:05:03,548 INFO c.h.h.t.HelmChartContainer - Release 'test-hivemq-legacy-platform' in namespace 'helmlegacystatefulsetmigrationit-operator' is uninstalled
2025-01-30 04:05:03,548 INFO c.h.h.t.HelmChartContainer - Uninstalling release 'test-hivemq-platform-operator' in namespace 'helmlegacystatefulsetmigrationit-operator'...
2025-01-30 04:05:03,548 DEBUG c.h.h.t.HelmChartContainer - Executing helm command: /bin/helm --kubeconfig /etc/rancher/k3s/k3s.yaml uninstall test-hivemq-platform-operator  --wait --timeout 5m0s --cascade foreground --namespace helmlegacystatefulsetmigrationit-operator
2025-01-30 04:05:03,704 INFO c.h.h.t.HelmChartContainer - [K3S] [replica_set.go:679] "Finished syncing" kind="ReplicaSet" key="helmlegacystatefulsetmigrationit-operator/hivemq-test-hivemq-platform-operator-6966f96d65" duration="7.270762ms"
2025-01-30 04:05:03,704 INFO c.h.h.t.HelmChartContainer - [K3S] [replica_set.go:679] "Finished syncing" kind="ReplicaSet" key="helmlegacystatefulsetmigrationit-operator/hivemq-test-hivemq-platform-operator-6966f96d65" duration="36.038µs"
2025-01-30 04:05:03,848 INFO c.h.h.t.HelmChartContainer - [POD] hivemq-test-hivemq-platform-operator-6966f96d65-4k929 [d3eeb85c-9e5d-4a23-8bc6-01893bc3daff] in helmlegacystatefulsetmigrationit-operator was MODIFIED
2025-01-30 04:05:03,850 INFO c.h.h.t.HelmChartContainer - [EVENT] Normal [Killing] Stopping container hivemq-platform-operator [helmlegacystatefulsetmigrationit-operator:hivemq-test-hivemq-platform-operator-6966f96d65-4k929]
2025-01-30 04:05:03,851 INFO c.h.h.t.HelmChartContainer - Received Killing event for container hivemq-platform-operator in pod hivemq-test-hivemq-platform-operator-6966f96d65-4k929 [d3eeb85c-9e5d-4a23-8bc6-01893bc3daff]
2025-01-30 04:05:03,851 INFO c.h.h.t.HelmChartContainer - Container [hivemq-test-hivemq-platform-operator-6966f96d65-4k929] [hivemq-platform-operator] [d3eeb85c-9e5d-4a23-8bc6-01893bc3daff] was terminated
2025-01-30 04:05:03,851 INFO c.h.h.t.HelmChartContainer - Stopped log watcher for hivemq-platform-operator in pod hivemq-test-hivemq-platform-operator-6966f96d65-4k929 [d3eeb85c-9e5d-4a23-8bc6-01893bc3daff]
2025-01-30 04:05:03,852 INFO c.h.h.t.HelmChartContainer - [K3S] [replica_set.go:679] "Finished syncing" kind="ReplicaSet" key="helmlegacystatefulsetmigrationit-operator/hivemq-test-hivemq-platform-operator-6966f96d65" duration="6.995501ms"
2025-01-30 04:05:03,852 INFO c.h.h.t.HelmChartContainer - [K3S] [replica_set.go:679] "Finished syncing" kind="ReplicaSet" key="helmlegacystatefulsetmigrationit-operator/hivemq-test-hivemq-platform-operator-6966f96d65" duration="68.679µs"
2025-01-30 04:05:03,855 INFO c.h.h.t.HelmChartContainer - [hivemq-test-hivemq-platform] [hivemq-platform-operator] [d3eeb85c] 04:05:03.854 [application-shutdown-thread] INFO  c.h.p.o.HiveMQPlatformOperatorApplication - HiveMQ Platform Operator is stopping...
2025-01-30 04:05:03,855 INFO c.h.h.t.HelmChartContainer - [hivemq-test-hivemq-platform] [hivemq-platform-operator] [d3eeb85c] 04:05:03.854 [application-shutdown-thread] INFO  i.javaoperatorsdk.operator.Operator - Operator SDK 4.9.7 is shutting down...
2025-01-30 04:05:04,388 INFO c.h.h.t.HelmChartContainer - [K3S] [replica_set.go:679] "Finished syncing" kind="ReplicaSet" key="helmlegacystatefulsetmigrationit-operator/hivemq-test-hivemq-platform-operator-6966f96d65" duration="44.293µs"
2025-01-30 04:05:04,389 INFO c.h.h.t.HelmChartContainer - [POD] hivemq-test-hivemq-platform-operator-6966f96d65-4k929 [d3eeb85c-9e5d-4a23-8bc6-01893bc3daff] in helmlegacystatefulsetmigrationit-operator was MODIFIED
2025-01-30 04:05:04,447 INFO c.h.h.t.HelmChartContainer - [K3S] [reconciler_common.go:162] "operationExecutor.UnmountVolume started for volume \"kube-api-access-spt8f\" (UniqueName: \"kubernetes.io/projected/d3eeb85c-9e5d-4a23-8bc6-01893bc3daff-kube-api-access-spt8f\") pod \"d3eeb85c-9e5d-4a23-8bc6-01893bc3daff\" (UID: \"d3eeb85c-9e5d-4a23-8bc6-01893bc3daff\") "
2025-01-30 04:05:04,548 INFO c.h.h.t.HelmChartContainer - [K3S] [reconciler_common.go:299] "Volume detached for volume \"kube-api-access-spt8f\" (UniqueName: \"kubernetes.io/projected/d3eeb85c-9e5d-4a23-8bc6-01893bc3daff-kube-api-access-spt8f\") on node \"eb90bc493249\" DevicePath \"\""
2025-01-30 04:05:04,854 INFO c.h.h.t.HelmChartContainer - [K3S] [scope.go:117] "RemoveContainer" containerID="250b3177306c8209e103daf589180a13cb62ed1a4f5887283d3958a33c8ef92d"
2025-01-30 04:05:04,858 INFO c.h.h.t.HelmChartContainer - [K3S] [scope.go:117] "RemoveContainer" containerID="250b3177306c8209e103daf589180a13cb62ed1a4f5887283d3958a33c8ef92d"
2025-01-30 04:05:04,866 INFO c.h.h.t.HelmChartContainer - [POD] hivemq-test-hivemq-platform-operator-6966f96d65-4k929 [d3eeb85c-9e5d-4a23-8bc6-01893bc3daff] in helmlegacystatefulsetmigrationit-operator was MODIFIED
2025-01-30 04:05:04,866 INFO c.h.h.t.HelmChartContainer - [K3S] [replica_set.go:679] "Finished syncing" kind="ReplicaSet" key="helmlegacystatefulsetmigrationit-operator/hivemq-test-hivemq-platform-operator-6966f96d65" duration="68.939µs"
2025-01-30 04:05:04,869 INFO c.h.h.t.HelmChartContainer - [POD] hivemq-test-hivemq-platform-operator-6966f96d65-4k929 [d3eeb85c-9e5d-4a23-8bc6-01893bc3daff] in helmlegacystatefulsetmigrationit-operator was DELETED
2025-01-30 04:05:04,869 INFO c.h.h.t.HelmChartContainer - [K3S] [replica_set.go:679] "Finished syncing" kind="ReplicaSet" key="helmlegacystatefulsetmigrationit-operator/hivemq-test-hivemq-platform-operator-6966f96d65" duration="30.206µs"
2025-01-30 04:05:04,878 INFO c.h.h.t.HelmChartContainer - [K3S] [replica_set.go:679] "Finished syncing" kind="ReplicaSet" key="helmlegacystatefulsetmigrationit-operator/hivemq-test-hivemq-platform-operator-6966f96d65" duration="6.713µs"
2025-01-30 04:05:05,560 INFO c.h.h.t.HelmChartContainer - [test-hivemq-legacy-platform] [hivemq] [d1f1774d] INFO  - Shutting down extension system
2025-01-30 04:05:05,562 INFO c.h.h.t.HelmChartContainer - [test-hivemq-legacy-platform] [hivemq] [d1f1774d] INFO  - Stopping extension with id hivemq-dns-cluster-discovery
2025-01-30 04:05:05,562 INFO c.h.h.t.HelmChartContainer - [test-hivemq-legacy-platform] [hivemq] [d1f1774d] INFO  - Extension "DNS Cluster Discovery Extension" version 4.3.2 stopped successfully.
2025-01-30 04:05:05,563 INFO c.h.h.t.HelmChartContainer - [test-hivemq-legacy-platform] [hivemq] [d1f1774d] INFO  - Stopping extension with id hivemq-prometheus-extension
2025-01-30 04:05:05,567 INFO c.h.h.t.HelmChartContainer - [test-hivemq-legacy-platform] [hivemq] [d1f1774d] INFO  - Extension "Prometheus Monitoring Extension" version 4.0.12 stopped successfully.
2025-01-30 04:05:05,567 INFO c.h.h.t.HelmChartContainer - [test-hivemq-legacy-platform] [hivemq] [d1f1774d] INFO  - Stopping extension with id hivemq-enterprise-security-extension
2025-01-30 04:05:05,568 INFO c.h.h.t.HelmChartContainer - [test-hivemq-legacy-platform] [hivemq] [d1f1774d] INFO  - HiveMQ Enterprise Security Extension: Shutting down HiveMQ Enterprise Security Extension.
2025-01-30 04:05:05,755 INFO c.h.h.t.HelmChartContainer - Deleting namespace 'helmlegacystatefulsetmigrationit-operator'...
2025-01-30 04:05:05,871 INFO c.h.h.t.HelmChartContainer - [test-hivemq-legacy-platform] [hivemq] [d1f1774d] INFO  - [HiveMQ Platform Operator Init App 1.7.0-SNAPSHOT] Returning shutdown Health API response 503 for readiness
2025-01-30 04:05:05,875 INFO c.h.h.t.HelmChartContainer - [EVENT] Warning [Unhealthy] Readiness probe failed: HTTP probe failed with statuscode: 503 [helmlegacystatefulsetmigrationit-operator:test-hivemq-legacy-platform-0]
2025-01-30 04:05:05,875 INFO c.h.h.t.HelmChartContainer - Received Unhealthy event for container hivemq in pod test-hivemq-legacy-platform-0 [d1f1774d-8270-4e05-8def-558487983998]
2025-01-30 04:05:06,327 INFO c.h.h.t.HelmChartContainer - [K3S] [kubelet_volumes.go:163] "Cleaned up orphaned pod volumes dir" podUID="d3eeb85c-9e5d-4a23-8bc6-01893bc3daff" path="/var/lib/kubelet/pods/d3eeb85c-9e5d-4a23-8bc6-01893bc3daff/volumes"
2025-01-30 04:05:06,422 INFO c.h.h.t.HelmChartContainer - [test-hivemq-legacy-platform] [hivemq] [d1f1774d] WARN  - [HiveMQ Platform Operator Init App 1.7.0-SNAPSHOT] Could not update Pod annotations: Failure executing: GET at: https://10.43.0.1:443/api/v1/namespaces/helmlegacystatefulsetmigrationit-operator/pods/test-hivemq-legacy-platform-0. Message: pods "test-hivemq-legacy-platform-0" is forbidden: User "system:serviceaccount:helmlegacystatefulsetmigrationit-operator:hivemq-platform-pod-test-hivemq-legacy-platform" cannot get resource "pods" in API group "" in the namespace "helmlegacystatefulsetmigrationit-operator". Received status: Status(apiVersion=v1, code=403, details=StatusDetails(causes=[], group=null, kind=pods, name=test-hivemq-legacy-platform-0, retryAfterSeconds=null, uid=null, additionalProperties={}), kind=Status, message=pods "test-hivemq-legacy-platform-0" is forbidden: User "system:serviceaccount:helmlegacystatefulsetmigrationit-operator:hivemq-platform-pod-test-hivemq-legacy-platform" cannot get resource "pods" in API group "" in the namespace "helmlegacystatefulsetmigrationit-operator", metadata=ListMeta(_continue=null, remainingItemCount=null, resourceVersion=null, selfLink=null, additionalProperties={}), reason=Forbidden, status=Failure, additionalProperties={}).
2025-01-30 04:05:06,696 INFO c.h.h.t.HelmChartContainer - [K3S] [range_allocator.go:247] "Successfully synced" key="eb90bc493249"
2025-01-30 04:05:08,569 INFO c.h.h.t.HelmChartContainer - [test-hivemq-legacy-platform] [hivemq] [d1f1774d] INFO  - HiveMQ Enterprise Security Extension: Stopped HiveMQ Enterprise Security Extension successfully in 3002ms.
2025-01-30 04:05:08,569 INFO c.h.h.t.HelmChartContainer - [test-hivemq-legacy-platform] [hivemq] [d1f1774d] INFO  - Extension "HiveMQ Enterprise Security Extension" version 4.36.0 stopped successfully.
2025-01-30 04:05:10,799 INFO c.h.h.t.HelmChartContainer - [POD] test-hivemq-legacy-platform-hivemq-operator-operator-56c5bmckzb [d23c30a9-e30e-431d-af88-82c18b41eb1a] in helmlegacystatefulsetmigrationit-operator was MODIFIED
2025-01-30 04:05:10,803 INFO c.h.h.t.HelmChartContainer - [K3S] [replica_set.go:679] "Finished syncing" kind="ReplicaSet" key="helmlegacystatefulsetmigrationit-operator/test-hivemq-legacy-platform-hivemq-operator-operator-56c5b9f7b7" duration="5.600176ms"
2025-01-30 04:05:10,803 INFO c.h.h.t.HelmChartContainer - [K3S] [replica_set.go:679] "Finished syncing" kind="ReplicaSet" key="helmlegacystatefulsetmigrationit-operator/test-hivemq-legacy-platform-hivemq-operator-operator-56c5b9f7b7" duration="53µs"
2025-01-30 04:05:10,807 INFO c.h.h.t.HelmChartContainer - [test-hivemq-legacy-platform] [operator] [d23c30a9] ?[36m04:05:10.806?[0;39m ?[1;30m[Thread-0]?[0;39m ?[34mINFO ?[0;39m ?[35mio.micronaut.runtime.Micronaut?[0;39m - Embedded Application shutting down
2025-01-30 04:05:10,875 INFO c.h.h.t.HelmChartContainer - [EVENT] Warning [Unhealthy] Readiness probe failed: HTTP probe failed with statuscode: 503 [helmlegacystatefulsetmigrationit-operator:test-hivemq-legacy-platform-0]
2025-01-30 04:05:10,875 INFO c.h.h.t.HelmChartContainer - Received Unhealthy event for container hivemq in pod test-hivemq-legacy-platform-0 [d1f1774d-8270-4e05-8def-558487983998]
2025-01-30 04:05:11,179 INFO c.h.h.t.HelmChartContainer - [K3S] [replica_set.go:679] "Finished syncing" kind="ReplicaSet" key="helmlegacystatefulsetmigrationit-operator/test-hivemq-legacy-platform-hivemq-operator-operator-56c5b9f7b7" duration="6.542µs"
2025-01-30 04:05:11,187 INFO c.h.h.t.HelmChartContainer - [K3S] [stateful_set.go:466] "StatefulSet has been deleted" key="helmlegacystatefulsetmigrationit-operator/test-hivemq-legacy-platform"
2025-01-30 04:05:11,284 INFO c.h.h.t.HelmChartContainer - [POD] test-hivemq-legacy-platform-hivemq-operator-operator-56c5bmckzb [d23c30a9-e30e-431d-af88-82c18b41eb1a] in helmlegacystatefulsetmigrationit-operator was MODIFIED
2025-01-30 04:05:11,306 INFO c.h.h.t.HelmChartContainer - [K3S] [memory_manager.go:355] "RemoveStaleState removing state" podUID="6a694368-cfcd-4e9e-abb1-e979c6c2e2ef" containerName="hivemq"
2025-01-30 04:05:11,306 INFO c.h.h.t.HelmChartContainer - [K3S] [memory_manager.go:355] "RemoveStaleState removing state" podUID="d3eeb85c-9e5d-4a23-8bc6-01893bc3daff" containerName="hivemq-platform-operator"
2025-01-30 04:05:11,306 INFO c.h.h.t.HelmChartContainer - [K3S] [memory_manager.go:355] "RemoveStaleState removing state" podUID="d23c30a9-e30e-431d-af88-82c18b41eb1a" containerName="operator"
2025-01-30 04:05:11,308 INFO c.h.h.t.HelmChartContainer - [POD] helper-pod-delete-pvc-f972cdd4-553f-467d-8389-0d09a0c24da4 [db96126a-5893-4b86-aac2-5c60fd2911ae] in kube-system was ADDED
2025-01-30 04:05:11,309 INFO c.h.h.t.HelmChartContainer - [K3S] [status_manager.go:890] "Failed to get status for pod" podUID="db96126a-5893-4b86-aac2-5c60fd2911ae" pod="kube-system/helper-pod-delete-pvc-f972cdd4-553f-467d-8389-0d09a0c24da4" err="pods \"helper-pod-delete-pvc-f972cdd4-553f-467d-8389-0d09a0c24da4\" is forbidden: User \"system:node:eb90bc493249\" cannot get resource \"pods\" in API group \"\" in the namespace \"kube-system\": no relationship found between node 'eb90bc493249' and this object"
2025-01-30 04:05:11,386 INFO c.h.h.t.HelmChartContainer - [K3S] [reconciler_common.go:162] "operationExecutor.UnmountVolume started for volume \"kube-api-access-77scw\" (UniqueName: \"kubernetes.io/projected/d23c30a9-e30e-431d-af88-82c18b41eb1a-kube-api-access-77scw\") pod \"d23c30a9-e30e-431d-af88-82c18b41eb1a\" (UID: \"d23c30a9-e30e-431d-af88-82c18b41eb1a\") "
2025-01-30 04:05:11,386 INFO c.h.h.t.HelmChartContainer - [K3S] [reconciler_common.go:162] "operationExecutor.UnmountVolume started for volume \"templates\" (UniqueName: \"kubernetes.io/configmap/d23c30a9-e30e-431d-af88-82c18b41eb1a-templates\") pod \"d23c30a9-e30e-431d-af88-82c18b41eb1a\" (UID: \"d23c30a9-e30e-431d-af88-82c18b41eb1a\") "
2025-01-30 04:05:11,386 INFO c.h.h.t.HelmChartContainer - [K3S] [reconciler_common.go:251] "operationExecutor.VerifyControllerAttachedVolume started for volume \"data\" (UniqueName: \"kubernetes.io/host-path/db96126a-5893-4b86-aac2-5c60fd2911ae-data\") pod \"helper-pod-delete-pvc-f972cdd4-553f-467d-8389-0d09a0c24da4\" (UID: \"db96126a-5893-4b86-aac2-5c60fd2911ae\") " pod="kube-system/helper-pod-delete-pvc-f972cdd4-553f-467d-8389-0d09a0c24da4"
2025-01-30 04:05:11,387 INFO c.h.h.t.HelmChartContainer - [K3S] [reconciler_common.go:251] "operationExecutor.VerifyControllerAttachedVolume started for volume \"script\" (UniqueName: \"kubernetes.io/configmap/db96126a-5893-4b86-aac2-5c60fd2911ae-script\") pod \"helper-pod-delete-pvc-f972cdd4-553f-467d-8389-0d09a0c24da4\" (UID: \"db96126a-5893-4b86-aac2-5c60fd2911ae\") " pod="kube-system/helper-pod-delete-pvc-f972cdd4-553f-467d-8389-0d09a0c24da4"
2025-01-30 04:05:11,387 INFO c.h.h.t.HelmChartContainer - [K3S] [reconciler_common.go:251] "operationExecutor.VerifyControllerAttachedVolume started for volume \"kube-api-access-r2k7h\" (UniqueName: \"kubernetes.io/projected/db96126a-5893-4b86-aac2-5c60fd2911ae-kube-api-access-r2k7h\") pod \"helper-pod-delete-pvc-f972cdd4-553f-467d-8389-0d09a0c24da4\" (UID: \"db96126a-5893-4b86-aac2-5c60fd2911ae\") " pod="kube-system/helper-pod-delete-pvc-f972cdd4-553f-467d-8389-0d09a0c24da4"
2025-01-30 04:05:11,426 INFO c.h.h.t.HelmChartContainer - [K3S] [authentication.go:74] "Unable to authenticate the request" err="[invalid bearer token, serviceaccounts \"hivemq-platform-pod-test-hivemq-legacy-platform\" not found]"
2025-01-30 04:05:11,486 INFO c.h.h.t.HelmChartContainer - [K3S] [reconciler_common.go:299] "Volume detached for volume \"kube-api-access-77scw\" (UniqueName: \"kubernetes.io/projected/d23c30a9-e30e-431d-af88-82c18b41eb1a-kube-api-access-77scw\") on node \"eb90bc493249\" DevicePath \"\""
2025-01-30 04:05:11,487 INFO c.h.h.t.HelmChartContainer - [K3S] [reconciler_common.go:299] "Volume detached for volume \"templates\" (UniqueName: \"kubernetes.io/configmap/d23c30a9-e30e-431d-af88-82c18b41eb1a-templates\") on node \"eb90bc493249\" DevicePath \"\""
2025-01-30 04:05:11,526 INFO c.h.h.t.HelmChartContainer - [K3S] [authentication.go:74] "Unable to authenticate the request" err="[invalid bearer token, serviceaccounts \"hivemq-platform-pod-test-hivemq-legacy-platform\" not found]"
2025-01-30 04:05:11,613 INFO c.h.h.t.HelmChartContainer - [test-hivemq-legacy-platform] [hivemq] [d1f1774d] WARN  - [HiveMQ Platform Operator Init App 1.7.0-SNAPSHOT] Could not update Pod annotations: Failure executing: GET at: https://10.43.0.1:443/api/v1/namespaces/helmlegacystatefulsetmigrationit-operator/pods/test-hivemq-legacy-platform-0. Message: Unauthorized. Received status: Status(apiVersion=v1, code=401, details=null, kind=Status, message=Unauthorized, metadata=ListMeta(_continue=null, remainingItemCount=null, resourceVersion=null, selfLink=null, additionalProperties={}), reason=Unauthorized, status=Failure, additionalProperties={}).
2025-01-30 04:05:11,620 INFO c.h.h.t.HelmChartContainer - [test-hivemq-legacy-platform] [hivemq] [d1f1774d] INFO  - Shutdown completed.
2025-01-30 04:05:11,809 INFO c.h.h.t.HelmChartContainer - Stopped log watcher for operator in pod test-hivemq-legacy-platform-hivemq-operator-operator-56c5bmckzb [d23c30a9-e30e-431d-af88-82c18b41eb1a]
2025-01-30 04:05:11,865 INFO c.h.h.t.HelmChartContainer - [K3S] [scope.go:117] "RemoveContainer" containerID="08219ae63d875efb9b99bd97e569123801669d8013c5528c7c9139e195ee561b"
2025-01-30 04:05:11,869 INFO c.h.h.t.HelmChartContainer - [K3S] [scope.go:117] "RemoveContainer" containerID="08219ae63d875efb9b99bd97e569123801669d8013c5528c7c9139e195ee561b"
2025-01-30 04:05:11,875 INFO c.h.h.t.HelmChartContainer - [POD] helper-pod-delete-pvc-f972cdd4-553f-467d-8389-0d09a0c24da4 [db96126a-5893-4b86-aac2-5c60fd2911ae] in kube-system was MODIFIED
2025-01-30 04:05:11,885 INFO c.h.h.t.HelmChartContainer - [POD] helper-pod-delete-pvc-f972cdd4-553f-467d-8389-0d09a0c24da4 [db96126a-5893-4b86-aac2-5c60fd2911ae] in kube-system was MODIFIED
2025-01-30 04:05:11,893 INFO c.h.h.t.HelmChartContainer - [POD] test-hivemq-legacy-platform-hivemq-operator-operator-56c5bmckzb [d23c30a9-e30e-431d-af88-82c18b41eb1a] in helmlegacystatefulsetmigrationit-operator was MODIFIED
2025-01-30 04:05:11,894 INFO c.h.h.t.HelmChartContainer - [POD] test-hivemq-legacy-platform-hivemq-operator-operator-56c5bmckzb [d23c30a9-e30e-431d-af88-82c18b41eb1a] in helmlegacystatefulsetmigrationit-operator was DELETED
2025-01-30 04:05:11,985 INFO c.h.h.t.HelmChartContainer - [test-hivemq-legacy-platform] [hivemq] [d1f1774d] INFO  - [HiveMQ Platform Operator Init App 1.7.0-SNAPSHOT] The HiveMQ Platform exited with code 143
2025-01-30 04:05:11,985 INFO c.h.h.t.HelmChartContainer - [test-hivemq-legacy-platform] [hivemq] [d1f1774d] INFO  - [HiveMQ Platform Operator Init App 1.7.0-SNAPSHOT] Stopping the REST API
2025-01-30 04:05:12,019 INFO c.h.h.t.HelmChartContainer - [test-hivemq-legacy-platform] [hivemq] [d1f1774d] INFO  - [HiveMQ Platform Operator Init App 1.7.0-SNAPSHOT] Shutdown complete
2025-01-30 04:05:12,327 INFO c.h.h.t.HelmChartContainer - [K3S] [kubelet_volumes.go:163] "Cleaned up orphaned pod volumes dir" podUID="d23c30a9-e30e-431d-af88-82c18b41eb1a" path="/var/lib/kubelet/pods/d23c30a9-e30e-431d-af88-82c18b41eb1a/volumes"
2025-01-30 04:05:12,435 INFO c.h.h.t.HelmChartContainer - [POD] test-hivemq-legacy-platform-0 [d1f1774d-8270-4e05-8def-558487983998] in helmlegacystatefulsetmigrationit-operator was MODIFIED
2025-01-30 04:05:12,492 INFO c.h.h.t.HelmChartContainer - [K3S] [reconciler_common.go:162] "operationExecutor.UnmountVolume started for volume \"pod-info\" (UniqueName: \"kubernetes.io/configmap/d1f1774d-8270-4e05-8def-558487983998-pod-info\") pod \"d1f1774d-8270-4e05-8def-558487983998\" (UID: \"d1f1774d-8270-4e05-8def-558487983998\") "
2025-01-30 04:05:12,492 INFO c.h.h.t.HelmChartContainer - [K3S] [reconciler_common.go:162] "operationExecutor.UnmountVolume started for volume \"operator-init\" (UniqueName: \"kubernetes.io/empty-dir/d1f1774d-8270-4e05-8def-558487983998-operator-init\") pod \"d1f1774d-8270-4e05-8def-558487983998\" (UID: \"d1f1774d-8270-4e05-8def-558487983998\") "
2025-01-30 04:05:12,492 INFO c.h.h.t.HelmChartContainer - [K3S] [reconciler_common.go:162] "operationExecutor.UnmountVolume started for volume \"extension-configuration-hivemq-enterprise-security-extension\" (UniqueName: \"kubernetes.io/configmap/d1f1774d-8270-4e05-8def-558487983998-extension-configuration-hivemq-enterprise-security-extension\") pod \"d1f1774d-8270-4e05-8def-558487983998\" (UID: \"d1f1774d-8270-4e05-8def-558487983998\") "
2025-01-30 04:05:12,493 INFO c.h.h.t.HelmChartContainer - [K3S] [reconciler_common.go:162] "operationExecutor.UnmountVolume started for volume \"data\" (UniqueName: \"kubernetes.io/local-volume/pvc-802e651d-fc83-4b06-b74c-09e179a52d9a\") pod \"d1f1774d-8270-4e05-8def-558487983998\" (UID: \"d1f1774d-8270-4e05-8def-558487983998\") "
2025-01-30 04:05:12,493 INFO c.h.h.t.HelmChartContainer - [K3S] [reconciler_common.go:162] "operationExecutor.UnmountVolume started for volume \"kube-api-access-zn49c\" (UniqueName: \"kubernetes.io/projected/d1f1774d-8270-4e05-8def-558487983998-kube-api-access-zn49c\") pod \"d1f1774d-8270-4e05-8def-558487983998\" (UID: \"d1f1774d-8270-4e05-8def-558487983998\") "
2025-01-30 04:05:12,493 INFO c.h.h.t.HelmChartContainer - [K3S] [reconciler_common.go:162] "operationExecutor.UnmountVolume started for volume \"ese-file-realm\" (UniqueName: \"kubernetes.io/configmap/d1f1774d-8270-4e05-8def-558487983998-ese-file-realm\") pod \"d1f1774d-8270-4e05-8def-558487983998\" (UID: \"d1f1774d-8270-4e05-8def-558487983998\") "
2025-01-30 04:05:12,493 INFO c.h.h.t.HelmChartContainer - [K3S] [reconciler_common.go:162] "operationExecutor.UnmountVolume started for volume \"broker-configuration\" (UniqueName: \"kubernetes.io/configmap/d1f1774d-8270-4e05-8def-558487983998-broker-configuration\") pod \"d1f1774d-8270-4e05-8def-558487983998\" (UID: \"d1f1774d-8270-4e05-8def-558487983998\") "
2025-01-30 04:05:12,593 INFO c.h.h.t.HelmChartContainer - [K3S] [reconciler_common.go:299] "Volume detached for volume \"kube-api-access-zn49c\" (UniqueName: \"kubernetes.io/projected/d1f1774d-8270-4e05-8def-558487983998-kube-api-access-zn49c\") on node \"eb90bc493249\" DevicePath \"\""
2025-01-30 04:05:12,593 INFO c.h.h.t.HelmChartContainer - [K3S] [reconciler_common.go:299] "Volume detached for volume \"ese-file-realm\" (UniqueName: \"kubernetes.io/configmap/d1f1774d-8270-4e05-8def-558487983998-ese-file-realm\") on node \"eb90bc493249\" DevicePath \"\""
2025-01-30 04:05:12,593 INFO c.h.h.t.HelmChartContainer - [K3S] [reconciler_common.go:299] "Volume detached for volume \"broker-configuration\" (UniqueName: \"kubernetes.io/configmap/d1f1774d-8270-4e05-8def-558487983998-broker-configuration\") on node \"eb90bc493249\" DevicePath \"\""
2025-01-30 04:05:12,593 INFO c.h.h.t.HelmChartContainer - [K3S] [reconciler_common.go:299] "Volume detached for volume \"pod-info\" (UniqueName: \"kubernetes.io/configmap/d1f1774d-8270-4e05-8def-558487983998-pod-info\") on node \"eb90bc493249\" DevicePath \"\""
2025-01-30 04:05:12,593 INFO c.h.h.t.HelmChartContainer - [K3S] [reconciler_common.go:299] "Volume detached for volume \"operator-init\" (UniqueName: \"kubernetes.io/empty-dir/d1f1774d-8270-4e05-8def-558487983998-operator-init\") on node \"eb90bc493249\" DevicePath \"\""
2025-01-30 04:05:12,593 INFO c.h.h.t.HelmChartContainer - [K3S] [reconciler_common.go:299] "Volume detached for volume \"extension-configuration-hivemq-enterprise-security-extension\" (UniqueName: \"kubernetes.io/configmap/d1f1774d-8270-4e05-8def-558487983998-extension-configuration-hivemq-enterprise-security-extension\") on node \"eb90bc493249\" DevicePath \"\""
2025-01-30 04:05:12,593 INFO c.h.h.t.HelmChartContainer - [K3S] [reconciler_common.go:292] "operationExecutor.UnmountDevice started for volume \"pvc-802e651d-fc83-4b06-b74c-09e179a52d9a\" (UniqueName: \"kubernetes.io/local-volume/pvc-802e651d-fc83-4b06-b74c-09e179a52d9a\") on node \"eb90bc493249\" "
2025-01-30 04:05:12,693 INFO c.h.h.t.HelmChartContainer - [K3S] [reconciler_common.go:299] "Volume detached for volume \"pvc-802e651d-fc83-4b06-b74c-09e179a52d9a\" (UniqueName: \"kubernetes.io/local-volume/pvc-802e651d-fc83-4b06-b74c-09e179a52d9a\") on node \"eb90bc493249\" DevicePath \"\""
2025-01-30 04:05:12,870 INFO c.h.h.t.HelmChartContainer - [K3S] [scope.go:117] "RemoveContainer" containerID="5343545db14be40682e3e461a6ed5745c5786b12906dffa9c1291a9fad7b4dee"
2025-01-30 04:05:12,874 INFO c.h.h.t.HelmChartContainer - [K3S] [scope.go:117] "RemoveContainer" containerID="fc0b580d3b9141d04ed7e9f7cc57c29af7ed6bca5b101de63f8d7ce7f6c90ecb"
2025-01-30 04:05:12,879 INFO c.h.h.t.HelmChartContainer - [K3S] [scope.go:117] "RemoveContainer" containerID="5343545db14be40682e3e461a6ed5745c5786b12906dffa9c1291a9fad7b4dee"
2025-01-30 04:05:12,880 INFO c.h.h.t.HelmChartContainer - [K3S] [scope.go:117] "RemoveContainer" containerID="fc0b580d3b9141d04ed7e9f7cc57c29af7ed6bca5b101de63f8d7ce7f6c90ecb"
2025-01-30 04:05:12,890 INFO c.h.h.t.HelmChartContainer - [POD] helper-pod-delete-pvc-f972cdd4-553f-467d-8389-0d09a0c24da4 [db96126a-5893-4b86-aac2-5c60fd2911ae] in kube-system was MODIFIED
2025-01-30 04:05:12,906 INFO c.h.h.t.HelmChartContainer - [POD] test-hivemq-legacy-platform-0 [d1f1774d-8270-4e05-8def-558487983998] in helmlegacystatefulsetmigrationit-operator was MODIFIED
2025-01-30 04:05:12,909 INFO c.h.h.t.HelmChartContainer - [POD] test-hivemq-legacy-platform-0 [d1f1774d-8270-4e05-8def-558487983998] in helmlegacystatefulsetmigrationit-operator was DELETED
2025-01-30 04:05:12,931 INFO c.h.h.t.HelmChartContainer - [K3S] [memory_manager.go:355] "RemoveStaleState removing state" podUID="d1f1774d-8270-4e05-8def-558487983998" containerName="hivemq"
2025-01-30 04:05:12,932 INFO c.h.h.t.HelmChartContainer - [POD] helper-pod-delete-pvc-802e651d-fc83-4b06-b74c-09e179a52d9a [1793dbac-81c0-452c-a1b1-507278f952a1] in kube-system was ADDED
2025-01-30 04:05:12,943 INFO c.h.h.t.HelmChartContainer - [POD] helper-pod-delete-pvc-802e651d-fc83-4b06-b74c-09e179a52d9a [1793dbac-81c0-452c-a1b1-507278f952a1] in kube-system was MODIFIED
2025-01-30 04:05:12,997 INFO c.h.h.t.HelmChartContainer - [K3S] [reconciler_common.go:251] "operationExecutor.VerifyControllerAttachedVolume started for volume \"data\" (UniqueName: \"kubernetes.io/host-path/1793dbac-81c0-452c-a1b1-507278f952a1-data\") pod \"helper-pod-delete-pvc-802e651d-fc83-4b06-b74c-09e179a52d9a\" (UID: \"1793dbac-81c0-452c-a1b1-507278f952a1\") " pod="kube-system/helper-pod-delete-pvc-802e651d-fc83-4b06-b74c-09e179a52d9a"
2025-01-30 04:05:12,998 INFO c.h.h.t.HelmChartContainer - [K3S] [reconciler_common.go:251] "operationExecutor.VerifyControllerAttachedVolume started for volume \"kube-api-access-htfz2\" (UniqueName: \"kubernetes.io/projected/1793dbac-81c0-452c-a1b1-507278f952a1-kube-api-access-htfz2\") pod \"helper-pod-delete-pvc-802e651d-fc83-4b06-b74c-09e179a52d9a\" (UID: \"1793dbac-81c0-452c-a1b1-507278f952a1\") " pod="kube-system/helper-pod-delete-pvc-802e651d-fc83-4b06-b74c-09e179a52d9a"
2025-01-30 04:05:12,998 INFO c.h.h.t.HelmChartContainer - [K3S] [reconciler_common.go:251] "operationExecutor.VerifyControllerAttachedVolume started for volume \"script\" (UniqueName: \"kubernetes.io/configmap/1793dbac-81c0-452c-a1b1-507278f952a1-script\") pod \"helper-pod-delete-pvc-802e651d-fc83-4b06-b74c-09e179a52d9a\" (UID: \"1793dbac-81c0-452c-a1b1-507278f952a1\") " pod="kube-system/helper-pod-delete-pvc-802e651d-fc83-4b06-b74c-09e179a52d9a"
2025-01-30 04:05:13,885 INFO c.h.h.t.HelmChartContainer - [POD] helper-pod-delete-pvc-802e651d-fc83-4b06-b74c-09e179a52d9a [1793dbac-81c0-452c-a1b1-507278f952a1] in kube-system was MODIFIED
2025-01-30 04:05:13,960 INFO c.h.h.t.HelmChartContainer - [POD] helper-pod-delete-pvc-f972cdd4-553f-467d-8389-0d09a0c24da4 [db96126a-5893-4b86-aac2-5c60fd2911ae] in kube-system was MODIFIED
2025-01-30 04:05:14,004 INFO c.h.h.t.HelmChartContainer - [K3S] [reconciler_common.go:162] "operationExecutor.UnmountVolume started for volume \"script\" (UniqueName: \"kubernetes.io/configmap/db96126a-5893-4b86-aac2-5c60fd2911ae-script\") pod \"db96126a-5893-4b86-aac2-5c60fd2911ae\" (UID: \"db96126a-5893-4b86-aac2-5c60fd2911ae\") "
2025-01-30 04:05:14,004 INFO c.h.h.t.HelmChartContainer - [K3S] [reconciler_common.go:162] "operationExecutor.UnmountVolume started for volume \"kube-api-access-r2k7h\" (UniqueName: \"kubernetes.io/projected/db96126a-5893-4b86-aac2-5c60fd2911ae-kube-api-access-r2k7h\") pod \"db96126a-5893-4b86-aac2-5c60fd2911ae\" (UID: \"db96126a-5893-4b86-aac2-5c60fd2911ae\") "
2025-01-30 04:05:14,004 INFO c.h.h.t.HelmChartContainer - [K3S] [reconciler_common.go:162] "operationExecutor.UnmountVolume started for volume \"data\" (UniqueName: \"kubernetes.io/host-path/db96126a-5893-4b86-aac2-5c60fd2911ae-data\") pod \"db96126a-5893-4b86-aac2-5c60fd2911ae\" (UID: \"db96126a-5893-4b86-aac2-5c60fd2911ae\") "
2025-01-30 04:05:14,104 INFO c.h.h.t.HelmChartContainer - [K3S] [reconciler_common.go:299] "Volume detached for volume \"script\" (UniqueName: \"kubernetes.io/configmap/db96126a-5893-4b86-aac2-5c60fd2911ae-script\") on node \"eb90bc493249\" DevicePath \"\""
2025-01-30 04:05:14,104 INFO c.h.h.t.HelmChartContainer - [K3S] [reconciler_common.go:299] "Volume detached for volume \"kube-api-access-r2k7h\" (UniqueName: \"kubernetes.io/projected/db96126a-5893-4b86-aac2-5c60fd2911ae-kube-api-access-r2k7h\") on node \"eb90bc493249\" DevicePath \"\""
2025-01-30 04:05:14,104 INFO c.h.h.t.HelmChartContainer - [K3S] [reconciler_common.go:299] "Volume detached for volume \"data\" (UniqueName: \"kubernetes.io/host-path/db96126a-5893-4b86-aac2-5c60fd2911ae-data\") on node \"eb90bc493249\" DevicePath \"\""
2025-01-30 04:05:14,325 INFO c.h.h.t.HelmChartContainer - [POD] helper-pod-delete-pvc-f972cdd4-553f-467d-8389-0d09a0c24da4 [db96126a-5893-4b86-aac2-5c60fd2911ae] in kube-system was MODIFIED
2025-01-30 04:05:14,328 INFO c.h.h.t.HelmChartContainer - [POD] helper-pod-delete-pvc-f972cdd4-553f-467d-8389-0d09a0c24da4 [db96126a-5893-4b86-aac2-5c60fd2911ae] in kube-system was DELETED
2025-01-30 04:05:14,329 INFO c.h.h.t.HelmChartContainer - [K3S] [kubelet_volumes.go:163] "Cleaned up orphaned pod volumes dir" podUID="d1f1774d-8270-4e05-8def-558487983998" path="/var/lib/kubelet/pods/d1f1774d-8270-4e05-8def-558487983998/volumes"
2025-01-30 04:05:14,879 INFO c.h.h.t.HelmChartContainer - [K3S] [pod_container_deletor.go:80] "Container not found in pod's containers" containerID="a8708f4f59e5821cf58ea498bc68b862e7ec831a287b7761f8c5d883ea53bc6f"
2025-01-30 04:05:14,881 INFO c.h.h.t.HelmChartContainer - [K3S] [status_manager.go:890] "Failed to get status for pod" podUID="db96126a-5893-4b86-aac2-5c60fd2911ae" pod="kube-system/helper-pod-delete-pvc-f972cdd4-553f-467d-8389-0d09a0c24da4" err="pods \"helper-pod-delete-pvc-f972cdd4-553f-467d-8389-0d09a0c24da4\" is forbidden: User \"system:node:eb90bc493249\" cannot get resource \"pods\" in API group \"\" in the namespace \"kube-system\": no relationship found between node 'eb90bc493249' and this object"
2025-01-30 04:05:14,941 INFO c.h.h.t.HelmChartContainer - [K3S] [status_manager.go:890] "Failed to get status for pod" podUID="db96126a-5893-4b86-aac2-5c60fd2911ae" pod="kube-system/helper-pod-delete-pvc-f972cdd4-553f-467d-8389-0d09a0c24da4" err="pods \"helper-pod-delete-pvc-f972cdd4-553f-467d-8389-0d09a0c24da4\" is forbidden: User \"system:node:eb90bc493249\" cannot get resource \"pods\" in API group \"\" in the namespace \"kube-system\": no relationship found between node 'eb90bc493249' and this object"
2025-01-30 04:05:14,949 INFO c.h.h.t.HelmChartContainer - [POD] helper-pod-delete-pvc-802e651d-fc83-4b06-b74c-09e179a52d9a [1793dbac-81c0-452c-a1b1-507278f952a1] in kube-system was MODIFIED
2025-01-30 04:05:15,010 INFO c.h.h.t.HelmChartContainer - [K3S] [reconciler_common.go:162] "operationExecutor.UnmountVolume started for volume \"kube-api-access-htfz2\" (UniqueName: \"kubernetes.io/projected/1793dbac-81c0-452c-a1b1-507278f952a1-kube-api-access-htfz2\") pod \"1793dbac-81c0-452c-a1b1-507278f952a1\" (UID: \"1793dbac-81c0-452c-a1b1-507278f952a1\") "
2025-01-30 04:05:15,010 INFO c.h.h.t.HelmChartContainer - [K3S] [reconciler_common.go:162] "operationExecutor.UnmountVolume started for volume \"data\" (UniqueName: \"kubernetes.io/host-path/1793dbac-81c0-452c-a1b1-507278f952a1-data\") pod \"1793dbac-81c0-452c-a1b1-507278f952a1\" (UID: \"1793dbac-81c0-452c-a1b1-507278f952a1\") "
2025-01-30 04:05:15,010 INFO c.h.h.t.HelmChartContainer - [K3S] [reconciler_common.go:162] "operationExecutor.UnmountVolume started for volume \"script\" (UniqueName: \"kubernetes.io/configmap/1793dbac-81c0-452c-a1b1-507278f952a1-script\") pod \"1793dbac-81c0-452c-a1b1-507278f952a1\" (UID: \"1793dbac-81c0-452c-a1b1-507278f952a1\") "
2025-01-30 04:05:15,011 INFO c.h.h.t.HelmChartContainer - [K3S] [reconciler_common.go:299] "Volume detached for volume \"data\" (UniqueName: \"kubernetes.io/host-path/1793dbac-81c0-452c-a1b1-507278f952a1-data\") on node \"eb90bc493249\" DevicePath \"\""
2025-01-30 04:05:15,111 INFO c.h.h.t.HelmChartContainer - [K3S] [reconciler_common.go:299] "Volume detached for volume \"script\" (UniqueName: \"kubernetes.io/configmap/1793dbac-81c0-452c-a1b1-507278f952a1-script\") on node \"eb90bc493249\" DevicePath \"\""
2025-01-30 04:05:15,111 INFO c.h.h.t.HelmChartContainer - [K3S] [reconciler_common.go:299] "Volume detached for volume \"kube-api-access-htfz2\" (UniqueName: \"kubernetes.io/projected/1793dbac-81c0-452c-a1b1-507278f952a1-kube-api-access-htfz2\") on node \"eb90bc493249\" DevicePath \"\""
2025-01-30 04:05:15,881 INFO c.h.h.t.HelmChartContainer - [K3S] [pod_container_deletor.go:80] "Container not found in pod's containers" containerID="5fe236e0be7a23c3690cdc8734e26ff88bf10169f2a07bb4c71cc3b01cd0a0a9"
2025-01-30 04:05:15,887 INFO c.h.h.t.HelmChartContainer - [K3S] [status_manager.go:890] "Failed to get status for pod" podUID="db96126a-5893-4b86-aac2-5c60fd2911ae" pod="kube-system/helper-pod-delete-pvc-f972cdd4-553f-467d-8389-0d09a0c24da4" err="pods \"helper-pod-delete-pvc-f972cdd4-553f-467d-8389-0d09a0c24da4\" is forbidden: User \"system:node:eb90bc493249\" cannot get resource \"pods\" in API group \"\" in the namespace \"kube-system\": no relationship found between node 'eb90bc493249' and this object"
2025-01-30 04:05:15,950 INFO c.h.h.t.HelmChartContainer - [POD] helper-pod-delete-pvc-802e651d-fc83-4b06-b74c-09e179a52d9a [1793dbac-81c0-452c-a1b1-507278f952a1] in kube-system was MODIFIED
2025-01-30 04:05:15,952 INFO c.h.h.t.HelmChartContainer - [POD] helper-pod-delete-pvc-802e651d-fc83-4b06-b74c-09e179a52d9a [1793dbac-81c0-452c-a1b1-507278f952a1] in kube-system was DELETED
2025-01-30 04:05:16,327 INFO c.h.h.t.HelmChartContainer - [K3S] [kubelet_volumes.go:163] "Cleaned up orphaned pod volumes dir" podUID="1793dbac-81c0-452c-a1b1-507278f952a1" path="/var/lib/kubelet/pods/1793dbac-81c0-452c-a1b1-507278f952a1/volumes"
2025-01-30 04:05:16,327 INFO c.h.h.t.HelmChartContainer - [K3S] [kubelet_volumes.go:163] "Cleaned up orphaned pod volumes dir" podUID="db96126a-5893-4b86-aac2-5c60fd2911ae" path="/var/lib/kubelet/pods/db96126a-5893-4b86-aac2-5c60fd2911ae/volumes"
2025-01-30 04:05:16,380 INFO c.h.h.t.HelmChartContainer - Namespace 'helmlegacystatefulsetmigrationit-operator' deleted
2025-01-30 04:05:16,380 INFO c.h.h.t.HelmChartContainer - Release 'test-hivemq-platform-operator' in namespace 'helmlegacystatefulsetmigrationit-operator' is uninstalled
2025-01-30 04:05:17,534 INFO c.h.helmcharts.AbstractHelmChartIT - Removed unused containers:

2025-01-30 04:05:21,362 INFO c.h.h.t.HelmChartContainer - [K3S] [namespace_controller.go:187] "Namespace has been deleted" namespace="helmlegacystatefulsetmigrationit-operator"
2025-01-30 04:05:29,446 INFO c.h.helmcharts.AbstractHelmChartIT - Removed unused snapshots:
Removing snapshot sha256:03af251906410714c5aef9fa705b63f6bbc39c4a5e787de7361eeb18886c2ed2
Removing snapshot sha256:0c46b3b43cce082ce5ec34ffc6c294e0417d17b9d1e6f366d114b6aadc4f96dc
Removing snapshot sha256:0ce761beee59082d6ed5bcebd3a805b8ddd9b3426b617e4809e7fb7c6587ffec
Removing snapshot sha256:0df91287303208332c8ff6ba40ae4710105201739addbfbddfb955f1ad593664
Removing snapshot sha256:1021ef88c7974bfff89c5a0ec4fd3160daac6c48a075f74cff721f85dd104e68
Removing snapshot sha256:10aba4953ddc18145dd38e3704709bc464aa20af60b56fe52caaff4b68411e62
Removing snapshot sha256:1d5cf3e3eb812061f06c49abff02b68d81953942566ded85fcc9c1f47b13186a
Removing snapshot sha256:202fe64c3ce39b94d8beda7d7506ccdfcf7a59f02f17c915078e4c62b5c2ed11
Removing snapshot sha256:211719a067844f37d3a87d652081adb4e1dbe1f0369a0f74bbfa03ea6a491a25
Removing snapshot sha256:24159a7fcc265e27ce90b7e2af0a37a176cf9689be7496d6654efa8cacd3db13
Removing snapshot sha256:2573e0d8158209ed54ab25c87bcdcb00bd3d2539246960a3d592a1c599d70465
Removing snapshot sha256:2944c0692f0b3f4c958b09e4bf315ac3616ed274898af04494fcd963a879bca5
Removing snapshot sha256:29ca722de2d10e44fb7779bcc47bffeaa4b29534f98dd1defe69cb1a08f94721
Removing snapshot sha256:310c61cc983be7b5dfaf552c80a87d1989e9da7ec32068a247fa2ce92714f45b
Removing snapshot sha256:362a8a37f8bbc31925a8146adcf7cf51f9882f5c1dcbef67c5baa03a297543c0
Removing snapshot sha256:3fa4ad33f0ddc8fd45b39b6b4640f82a3a83619606cd975bfe89d8710ad2d4cd
Removing snapshot sha256:4032ef5c8447074da4efd65616c7257f6f916b3316f4c2c6086c3eef8e486128
Removing snapshot sha256:43a7c979bbaba6838bc3102d6b10a1459f3ab050b87ccdfef84ef90cf43d3058
Removing snapshot sha256:4ab04491cdf0d3267f08206fe30bd48f49f94b9cab2f016d6739220f722a64af
Removing snapshot sha256:4b6068250e89c96f263060261819c7d912855bfbd64b3eb4c4a8483299b8c295
Removing snapshot sha256:580e69a0a8034ede1921139bbd2bfb72a69ebf276d008281896c32dd8bf74775
Removing snapshot sha256:595756d28ed36d6b35bc20c2f5cde24d9d5d3529fd9f0e72578c5dcc714a6670
Removing snapshot sha256:59654b79daad74c77dc2e28502ca577ba8ce73276720002234a23fc60ee92692
Removing snapshot sha256:5a3228bf75a16fc5ec5b3d4ca301ab7ef2ca3bc2a3e8bf0a02733adfe43e5980
Removing snapshot sha256:5d30ba46b27fe37484567ccc5242cadc78217b8da605f3f195ef25cbf7487904
Removing snapshot sha256:63ca1fbb43ae5034640e5e6cb3e083e05c290072c5366fcaa9d62435a4cced85
Removing snapshot sha256:66140dc7271ceb0a9b5e521509e7d96b916d4182681f723881bfae89675de7f6
Removing snapshot sha256:67f702c6baae873bceb19487c8b1f27bd2b86077e4f2f0e480e6d60ab508b8f5
Removing snapshot sha256:6864348dd42806d552efdec384f1274be15e2d0c10ce44c1f04347af004c10a9
Removing snapshot sha256:6c7dee8f2c39b84b7dc2711c01d33de93514d9055499173e9290176fbe484b6c
Removing snapshot sha256:82753493a6d61ded36556292f02f31841a14c20d2f279f19eaad65afb661d5cd
Removing snapshot sha256:84e1a755f007b73ee24c1c8955818471b986436582ec3b3f6a0a899bea373917
Removing snapshot sha256:8a10d3db42c505ee0fcfa98417bdd7e39b304f6bcc0a06bb1b220797ff2cc63c
Removing snapshot sha256:8bd9d778dd3aef4d3b4c77ee426be03092ca88acfd9bcf279d0631dd96d6df44
Removing snapshot sha256:8d0525d6afb8a8b5d1ea6cd936cc26682368a2535ade71e6dd8d8695ab2b0c69
Removing snapshot sha256:8eed3c0b435850e9a00be0139a9a847ca108037e5fa832424a4e194c78ba59c4
Removing snapshot sha256:9b6f048201798a9c57b6316cb427a1e0aeb399d74aa15ca9e1519e77e2a2269e
Removing snapshot sha256:a21e5b12dbac529ad45d976eb9ce45c881f3bedcc500fb30aba1e52aa1813418
Removing snapshot sha256:ab252baf4e5de5aaea9ee70236e159dbf16fd0a2394f5e27a579881aadfd4f49
Removing snapshot sha256:b921e6c28969094157f9b8e7244677780319637afd14450b7cb6b2fdea558a0c
Removing snapshot sha256:bb15cd8b3dc7216c815ebfe5c6f9117f0ed1a78426f6bbc69b702d898dec8bae
Removing snapshot sha256:bc27ecb5769a00e309cf99ebc763c4a4b958b618d1decc96ffac5bc05f02f5b7
Removing snapshot sha256:be3ccb6627a5332e309d45ef461d09b4879dd870c7394d89323d0ebc6ca6aa8a
Removing snapshot sha256:c0c5b7491e705290b7ad3cce5c420f88ca1c74090e2726894a1baef025c52f43
Removing snapshot sha256:c261f7cbbc64211ee175ee47273acdb7b1a36a4450b397a064a8f2c026490095
Removing snapshot sha256:c34d9393647eea0c9e3557ab988efaf59f61d10a2a5613b439ef0958cca5ec10
Removing snapshot sha256:c4d5383ee8eaca294a64b01d37df59eac0a3e2a9779e67c450767218d0c4b36a
Removing snapshot sha256:ccf3c4a0fa967a41c1c83497a2ce6fa5787965859df0adb32c4ca2cf7490bc2b
Removing snapshot sha256:cf92d33f869417309692088c341cd0f223c178ea78a125f757317b22aa8f90e9
Removing snapshot sha256:d0037344cf2fb078884f1849f6a1f8cf9a33a3b6139b6a85833e5ee528e1f9a8
Removing snapshot sha256:d3b36d5b79273b1e98e7700470eaeff05a882e777124d84cebcc1505b85ecb36
Removing snapshot sha256:d65a44a37914602d12c611e5e22a50f11451d847e63015cc1c2aef92dee777a4
Removing snapshot sha256:d933c5f7d93a7a4196b76b559685f889b7b388041ac839bb7e19f6495750c4ef
Removing snapshot sha256:e2dc0bae2455930f23ae570e019b7f32edc75c0f2d71cab084db837ff9051796
Removing snapshot sha256:e31519795c7e3df686c447a21ec8d2eb301388a5e39ccf7f20a25c6f6ce3a522
Removing snapshot sha256:e4f954326774f256e539cb77d7b760593e89bbc63ca7a5ee0814ba1906135a09
Removing snapshot sha256:e9e86ed11d9bebc0707dd6f1166c51237ebb44f98657241f943261b2675a5449
Removing snapshot sha256:eabc2b3c5c963907b3f557933a60ab243515007cd7c28ba909692f5627b3bd32
Removing snapshot sha256:ecbf3b59a2be12efa647dc6cafe74dc73897de364be1037d9f880482d1ce011f
Removing snapshot sha256:eccbd24a99c60cd9e86ee5305dbfc4a4dc89f5ab4fb1f06c8d64797cecedef34
Removing snapshot sha256:edd1404c718ab99ca3456bdf222065033800bb67d4334a9642746685a24394cd
Removing snapshot sha256:efe6dba19b629cba0795f6755a0d6d71788a2749b6cb7ffd1c7b0a02b4fe5941
Removing snapshot sha256:f144bb4c7c7f0d2aa7eeffd36d934ec40db1ee167be727e326aad9fdc616f475
Removing snapshot sha256:ff3d1afd12e9b5642bc649cf82e7302d95c47a7a41fdfb3f34b284058e6b2790

2025-01-30 04:05:29,446 WARN c.h.helmcharts.AbstractHelmChartIT - Error during removal of snapshots:
ctr: failed to remove "sha256:03af251906410714c5aef9fa705b63f6bbc39c4a5e787de7361eeb18886c2ed2": cannot remove snapshot with child: failed precondition
ctr: failed to remove "sha256:0c46b3b43cce082ce5ec34ffc6c294e0417d17b9d1e6f366d114b6aadc4f96dc": cannot remove snapshot with child: failed precondition
ctr: failed to remove "sha256:0ce761beee59082d6ed5bcebd3a805b8ddd9b3426b617e4809e7fb7c6587ffec": cannot remove snapshot with child: failed precondition
ctr: failed to remove "sha256:0df91287303208332c8ff6ba40ae4710105201739addbfbddfb955f1ad593664": cannot remove snapshot with child: failed precondition
ctr: failed to remove "sha256:1021ef88c7974bfff89c5a0ec4fd3160daac6c48a075f74cff721f85dd104e68": cannot remove snapshot with child: failed precondition
ctr: failed to remove "sha256:10aba4953ddc18145dd38e3704709bc464aa20af60b56fe52caaff4b68411e62": cannot remove snapshot with child: failed precondition
ctr: failed to remove "sha256:1d5cf3e3eb812061f06c49abff02b68d81953942566ded85fcc9c1f47b13186a": cannot remove snapshot with child: failed precondition
ctr: failed to remove "sha256:202fe64c3ce39b94d8beda7d7506ccdfcf7a59f02f17c915078e4c62b5c2ed11": cannot remove snapshot with child: failed precondition
ctr: failed to remove "sha256:211719a067844f37d3a87d652081adb4e1dbe1f0369a0f74bbfa03ea6a491a25": cannot remove snapshot with child: failed precondition
ctr: failed to remove "sha256:2573e0d8158209ed54ab25c87bcdcb00bd3d2539246960a3d592a1c599d70465": cannot remove snapshot with child: failed precondition
ctr: failed to remove "sha256:2944c0692f0b3f4c958b09e4bf315ac3616ed274898af04494fcd963a879bca5": cannot remove snapshot with child: failed precondition
ctr: failed to remove "sha256:29ca722de2d10e44fb7779bcc47bffeaa4b29534f98dd1defe69cb1a08f94721": cannot remove snapshot with child: failed precondition
ctr: failed to remove "sha256:310c61cc983be7b5dfaf552c80a87d1989e9da7ec32068a247fa2ce92714f45b": cannot remove snapshot with child: failed precondition
ctr: failed to remove "sha256:362a8a37f8bbc31925a8146adcf7cf51f9882f5c1dcbef67c5baa03a297543c0": cannot remove snapshot with child: failed precondition
ctr: failed to remove "sha256:3fa4ad33f0ddc8fd45b39b6b4640f82a3a83619606cd975bfe89d8710ad2d4cd": cannot remove snapshot with child: failed precondition
ctr: failed to remove "sha256:43a7c979bbaba6838bc3102d6b10a1459f3ab050b87ccdfef84ef90cf43d3058": cannot remove snapshot with child: failed precondition
ctr: failed to remove "sha256:4ab04491cdf0d3267f08206fe30bd48f49f94b9cab2f016d6739220f722a64af": cannot remove snapshot with child: failed precondition
ctr: failed to remove "sha256:4b6068250e89c96f263060261819c7d912855bfbd64b3eb4c4a8483299b8c295": cannot remove snapshot with child: failed precondition
ctr: failed to remove "sha256:580e69a0a8034ede1921139bbd2bfb72a69ebf276d008281896c32dd8bf74775": cannot remove snapshot with child: failed precondition
ctr: failed to remove "sha256:5a3228bf75a16fc5ec5b3d4ca301ab7ef2ca3bc2a3e8bf0a02733adfe43e5980": cannot remove snapshot with child: failed precondition
ctr: failed to remove "sha256:5d30ba46b27fe37484567ccc5242cadc78217b8da605f3f195ef25cbf7487904": cannot remove snapshot with child: failed precondition
ctr: failed to remove "sha256:63ca1fbb43ae5034640e5e6cb3e083e05c290072c5366fcaa9d62435a4cced85": cannot remove snapshot with child: failed precondition
ctr: failed to remove "sha256:66140dc7271ceb0a9b5e521509e7d96b916d4182681f723881bfae89675de7f6": cannot remove snapshot with child: failed precondition
ctr: failed to remove "sha256:67f702c6baae873bceb19487c8b1f27bd2b86077e4f2f0e480e6d60ab508b8f5": cannot remove snapshot with child: failed precondition
ctr: failed to remove "sha256:6864348dd42806d552efdec384f1274be15e2d0c10ce44c1f04347af004c10a9": cannot remove snapshot with child: failed precondition
ctr: failed to remove "sha256:6c7dee8f2c39b84b7dc2711c01d33de93514d9055499173e9290176fbe484b6c": cannot remove snapshot with child: failed precondition
ctr: failed to remove "sha256:82753493a6d61ded36556292f02f31841a14c20d2f279f19eaad65afb661d5cd": cannot remove snapshot with child: failed precondition
ctr: failed to remove "sha256:84e1a755f007b73ee24c1c8955818471b986436582ec3b3f6a0a899bea373917": cannot remove snapshot with child: failed precondition
ctr: failed to remove "sha256:8a10d3db42c505ee0fcfa98417bdd7e39b304f6bcc0a06bb1b220797ff2cc63c": cannot remove snapshot with child: failed precondition
ctr: failed to remove "sha256:8bd9d778dd3aef4d3b4c77ee426be03092ca88acfd9bcf279d0631dd96d6df44": cannot remove snapshot with child: failed precondition
ctr: failed to remove "sha256:8d0525d6afb8a8b5d1ea6cd936cc26682368a2535ade71e6dd8d8695ab2b0c69": cannot remove snapshot with child: failed precondition
ctr: failed to remove "sha256:8eed3c0b435850e9a00be0139a9a847ca108037e5fa832424a4e194c78ba59c4": cannot remove snapshot with child: failed precondition
ctr: failed to remove "sha256:9b6f048201798a9c57b6316cb427a1e0aeb399d74aa15ca9e1519e77e2a2269e": cannot remove snapshot with child: failed precondition
ctr: failed to remove "sha256:a21e5b12dbac529ad45d976eb9ce45c881f3bedcc500fb30aba1e52aa1813418": cannot remove snapshot with child: failed precondition
ctr: failed to remove "sha256:ab252baf4e5de5aaea9ee70236e159dbf16fd0a2394f5e27a579881aadfd4f49": cannot remove snapshot with child: failed precondition
ctr: failed to remove "sha256:b921e6c28969094157f9b8e7244677780319637afd14450b7cb6b2fdea558a0c": cannot remove snapshot with child: failed precondition
ctr: failed to remove "sha256:bc27ecb5769a00e309cf99ebc763c4a4b958b618d1decc96ffac5bc05f02f5b7": cannot remove snapshot with child: failed precondition
ctr: failed to remove "sha256:be3ccb6627a5332e309d45ef461d09b4879dd870c7394d89323d0ebc6ca6aa8a": cannot remove snapshot with child: failed precondition
ctr: failed to remove "sha256:c0c5b7491e705290b7ad3cce5c420f88ca1c74090e2726894a1baef025c52f43": cannot remove snapshot with child: failed precondition
ctr: failed to remove "sha256:c261f7cbbc64211ee175ee47273acdb7b1a36a4450b397a064a8f2c026490095": cannot remove snapshot with child: failed precondition
ctr: failed to remove "sha256:c34d9393647eea0c9e3557ab988efaf59f61d10a2a5613b439ef0958cca5ec10": cannot remove snapshot with child: failed precondition
ctr: failed to remove "sha256:c4d5383ee8eaca294a64b01d37df59eac0a3e2a9779e67c450767218d0c4b36a": cannot remove snapshot with child: failed precondition
ctr: failed to remove "sha256:ccf3c4a0fa967a41c1c83497a2ce6fa5787965859df0adb32c4ca2cf7490bc2b": cannot remove snapshot with child: failed precondition
ctr: failed to remove "sha256:cf92d33f869417309692088c341cd0f223c178ea78a125f757317b22aa8f90e9": cannot remove snapshot with child: failed precondition
ctr: failed to remove "sha256:d0037344cf2fb078884f1849f6a1f8cf9a33a3b6139b6a85833e5ee528e1f9a8": cannot remove snapshot with child: failed precondition
ctr: failed to remove "sha256:d3b36d5b79273b1e98e7700470eaeff05a882e777124d84cebcc1505b85ecb36": cannot remove snapshot with child: failed precondition
ctr: failed to remove "sha256:d65a44a37914602d12c611e5e22a50f11451d847e63015cc1c2aef92dee777a4": cannot remove snapshot with child: failed precondition
ctr: failed to remove "sha256:d933c5f7d93a7a4196b76b559685f889b7b388041ac839bb7e19f6495750c4ef": cannot remove snapshot with child: failed precondition
ctr: failed to remove "sha256:e2dc0bae2455930f23ae570e019b7f32edc75c0f2d71cab084db837ff9051796": cannot remove snapshot with child: failed precondition
ctr: failed to remove "sha256:e31519795c7e3df686c447a21ec8d2eb301388a5e39ccf7f20a25c6f6ce3a522": cannot remove snapshot with child: failed precondition
ctr: failed to remove "sha256:e4f954326774f256e539cb77d7b760593e89bbc63ca7a5ee0814ba1906135a09": cannot remove snapshot with child: failed precondition
ctr: failed to remove "sha256:e9e86ed11d9bebc0707dd6f1166c51237ebb44f98657241f943261b2675a5449": cannot remove snapshot with child: failed precondition
ctr: failed to remove "sha256:eabc2b3c5c963907b3f557933a60ab243515007cd7c28ba909692f5627b3bd32": cannot remove snapshot with child: failed precondition
ctr: failed to remove "sha256:ecbf3b59a2be12efa647dc6cafe74dc73897de364be1037d9f880482d1ce011f": cannot remove snapshot with child: failed precondition
ctr: failed to remove "sha256:eccbd24a99c60cd9e86ee5305dbfc4a4dc89f5ab4fb1f06c8d64797cecedef34": cannot remove snapshot with child: failed precondition
ctr: failed to remove "sha256:edd1404c718ab99ca3456bdf222065033800bb67d4334a9642746685a24394cd": cannot remove snapshot with child: failed precondition
ctr: failed to remove "sha256:f144bb4c7c7f0d2aa7eeffd36d934ec40db1ee167be727e326aad9fdc616f475": cannot remove snapshot with child: failed precondition
ctr: failed to remove "sha256:ff3d1afd12e9b5642bc649cf82e7302d95c47a7a41fdfb3f34b284058e6b2790": cannot remove snapshot with child: failed precondition

]]></system-out>
  </testcase>
  <system-out><![CDATA[2025-01-30 03:59:11,101 INFO o.testcontainers.images.PullPolicy - Image pull policy will be performed by: DefaultPullPolicy()
2025-01-30 03:59:11,106 INFO o.t.utility.ImageNameSubstitutor - Image name substitution will be performed by: DefaultImageNameSubstitutor (composite of 'ConfigurationFileImageNameSubstitutor' and 'PrefixingImageNameSubstitutor')
2025-01-30 03:59:11,124 INFO o.testcontainers.DockerClientFactory - Testcontainers version: 1.20.4
2025-01-30 03:59:11,536 INFO o.t.d.DockerClientProviderStrategy - Found Docker environment with local Unix socket (unix:///var/run/docker.sock)
2025-01-30 03:59:11,548 INFO o.testcontainers.DockerClientFactory - Docker host IP address is localhost
2025-01-30 03:59:11,562 INFO o.testcontainers.DockerClientFactory - Connected to docker: 
  Server Version: 26.1.3
  API Version: 1.45
  Operating System: Ubuntu 24.04.1 LTS
  Total Memory: 15990 MB
2025-01-30 03:59:11,587 INFO tc.testcontainers/ryuk:0.11.0 - Pulling docker image: testcontainers/ryuk:0.11.0. Please be patient; this may take some time but only needs to be done once.
2025-01-30 03:59:11,991 INFO tc.testcontainers/ryuk:0.11.0 - Starting to pull image
2025-01-30 03:59:12,007 INFO tc.testcontainers/ryuk:0.11.0 - Pulling image layers:  0 pending,  0 downloaded,  0 extracted, (0 bytes/0 bytes)
2025-01-30 03:59:12,201 INFO tc.testcontainers/ryuk:0.11.0 - Pulling image layers:  2 pending,  1 downloaded,  0 extracted, (878 KB/? MB)
2025-01-30 03:59:12,218 INFO tc.testcontainers/ryuk:0.11.0 - Pulling image layers:  1 pending,  2 downloaded,  0 extracted, (878 KB/? MB)
2025-01-30 03:59:12,240 INFO tc.testcontainers/ryuk:0.11.0 - Pulling image layers:  0 pending,  3 downloaded,  0 extracted, (906 KB/10 MB)
2025-01-30 03:59:12,320 INFO tc.testcontainers/ryuk:0.11.0 - Pulling image layers:  0 pending,  3 downloaded,  1 extracted, (4 MB/10 MB)
2025-01-30 03:59:12,771 INFO tc.testcontainers/ryuk:0.11.0 - Pulling image layers:  0 pending,  3 downloaded,  2 extracted, (4 MB/10 MB)
2025-01-30 03:59:13,057 INFO tc.testcontainers/ryuk:0.11.0 - Pulling image layers:  0 pending,  3 downloaded,  3 extracted, (10 MB/10 MB)
2025-01-30 03:59:13,063 INFO tc.testcontainers/ryuk:0.11.0 - Image testcontainers/ryuk:0.11.0 pull took PT1.475902362S
2025-01-30 03:59:13,063 INFO tc.testcontainers/ryuk:0.11.0 - Pull complete. 3 layers, pulled in 1s (downloaded 10 MB at 10 MB/s)
2025-01-30 03:59:13,080 INFO tc.testcontainers/ryuk:0.11.0 - Creating container for image: testcontainers/ryuk:0.11.0
2025-01-30 03:59:13,132 INFO tc.testcontainers/ryuk:0.11.0 - Container testcontainers/ryuk:0.11.0 is starting: ff013fe68070721345cbcf84b5c9298f3786116b1fa93e34da2f3f1e17876cd2
2025-01-30 03:59:13,394 INFO tc.testcontainers/ryuk:0.11.0 - Container testcontainers/ryuk:0.11.0 started in PT0.313530776S
2025-01-30 03:59:13,398 INFO o.t.utility.RyukResourceReaper - Ryuk started - will monitor and terminate Testcontainers containers on JVM exit
2025-01-30 03:59:13,398 INFO o.testcontainers.DockerClientFactory - Checking the system...
2025-01-30 03:59:13,398 INFO o.testcontainers.DockerClientFactory - ✔︎ Docker server version should be at least 1.6.0
2025-01-30 03:59:13,631 INFO o.t.containers.SeleniumUtils - Selenium API version 4.28.1 detected on classpath
2025-01-30 03:59:13,644 INFO t.selenium/standalone-chrome:4.28.1 - Pulling docker image: selenium/standalone-chrome:4.28.1. Please be patient; this may take some time but only needs to be done once.
2025-01-30 03:59:14,011 INFO t.selenium/standalone-chrome:4.28.1 - Starting to pull image
2025-01-30 03:59:14,012 INFO t.selenium/standalone-chrome:4.28.1 - Pulling image layers:  0 pending,  0 downloaded,  0 extracted, (0 bytes/0 bytes)
2025-01-30 03:59:14,387 INFO t.selenium/standalone-chrome:4.28.1 - Pulling image layers: 32 pending,  1 downloaded,  0 extracted, (47 MB/? MB)
2025-01-30 03:59:14,530 INFO t.selenium/standalone-chrome:4.28.1 - Pulling image layers: 31 pending,  2 downloaded,  0 extracted, (115 MB/? MB)
2025-01-30 03:59:14,638 INFO t.selenium/standalone-chrome:4.28.1 - Pulling image layers: 30 pending,  3 downloaded,  0 extracted, (160 MB/? MB)
2025-01-30 03:59:14,743 INFO t.selenium/standalone-chrome:4.28.1 - Pulling image layers: 29 pending,  4 downloaded,  0 extracted, (208 MB/? MB)
2025-01-30 03:59:14,853 INFO t.selenium/standalone-chrome:4.28.1 - Pulling image layers: 28 pending,  5 downloaded,  0 extracted, (259 MB/? MB)
2025-01-30 03:59:14,950 INFO t.selenium/standalone-chrome:4.28.1 - Pulling image layers: 27 pending,  6 downloaded,  0 extracted, (308 MB/? MB)
2025-01-30 03:59:14,956 INFO t.selenium/standalone-chrome:4.28.1 - Pulling image layers: 26 pending,  7 downloaded,  0 extracted, (308 MB/? MB)
2025-01-30 03:59:14,972 INFO t.selenium/standalone-chrome:4.28.1 - Pulling image layers: 25 pending,  8 downloaded,  0 extracted, (308 MB/? MB)
2025-01-30 03:59:15,053 INFO t.selenium/standalone-chrome:4.28.1 - Pulling image layers: 24 pending,  9 downloaded,  0 extracted, (308 MB/? MB)
2025-01-30 03:59:15,067 INFO t.selenium/standalone-chrome:4.28.1 - Pulling image layers: 23 pending, 10 downloaded,  0 extracted, (310 MB/? MB)
2025-01-30 03:59:15,125 INFO t.selenium/standalone-chrome:4.28.1 - Pulling image layers: 22 pending, 11 downloaded,  0 extracted, (310 MB/? MB)
2025-01-30 03:59:15,228 INFO t.selenium/standalone-chrome:4.28.1 - Pulling image layers: 21 pending, 12 downloaded,  0 extracted, (312 MB/? MB)
2025-01-30 03:59:15,284 INFO t.selenium/standalone-chrome:4.28.1 - Pulling image layers: 20 pending, 13 downloaded,  0 extracted, (336 MB/? MB)
2025-01-30 03:59:15,328 INFO t.selenium/standalone-chrome:4.28.1 - Pulling image layers: 19 pending, 14 downloaded,  0 extracted, (362 MB/? MB)
2025-01-30 03:59:15,384 INFO t.selenium/standalone-chrome:4.28.1 - Pulling image layers: 18 pending, 15 downloaded,  0 extracted, (362 MB/? MB)
2025-01-30 03:59:15,605 INFO t.selenium/standalone-chrome:4.28.1 - Pulling image layers: 17 pending, 16 downloaded,  0 extracted, (447 MB/? MB)
2025-01-30 03:59:15,633 INFO t.selenium/standalone-chrome:4.28.1 - Pulling image layers: 16 pending, 17 downloaded,  0 extracted, (474 MB/? MB)
2025-01-30 03:59:15,662 INFO t.selenium/standalone-chrome:4.28.1 - Pulling image layers: 16 pending, 17 downloaded,  1 extracted, (474 MB/? MB)
2025-01-30 03:59:15,708 INFO t.selenium/standalone-chrome:4.28.1 - Pulling image layers: 15 pending, 18 downloaded,  1 extracted, (490 MB/? MB)
2025-01-30 03:59:15,740 INFO t.selenium/standalone-chrome:4.28.1 - Pulling image layers: 14 pending, 19 downloaded,  1 extracted, (490 MB/? MB)
2025-01-30 03:59:15,807 INFO t.selenium/standalone-chrome:4.28.1 - Pulling image layers: 13 pending, 20 downloaded,  1 extracted, (520 MB/? MB)
2025-01-30 03:59:15,935 INFO t.selenium/standalone-chrome:4.28.1 - Pulling image layers: 12 pending, 21 downloaded,  1 extracted, (529 MB/? MB)
2025-01-30 03:59:16,042 INFO t.selenium/standalone-chrome:4.28.1 - Pulling image layers: 11 pending, 22 downloaded,  1 extracted, (563 MB/? MB)
2025-01-30 03:59:16,183 INFO t.selenium/standalone-chrome:4.28.1 - Pulling image layers: 10 pending, 23 downloaded,  1 extracted, (625 MB/? MB)
2025-01-30 03:59:16,282 INFO t.selenium/standalone-chrome:4.28.1 - Pulling image layers:  9 pending, 24 downloaded,  1 extracted, (655 MB/? MB)
2025-01-30 03:59:16,312 INFO t.selenium/standalone-chrome:4.28.1 - Pulling image layers:  8 pending, 25 downloaded,  1 extracted, (670 MB/? MB)
2025-01-30 03:59:16,406 INFO t.selenium/standalone-chrome:4.28.1 - Pulling image layers:  7 pending, 26 downloaded,  1 extracted, (691 MB/? MB)
2025-01-30 03:59:16,434 INFO t.selenium/standalone-chrome:4.28.1 - Pulling image layers:  6 pending, 27 downloaded,  1 extracted, (691 MB/? MB)
2025-01-30 03:59:16,510 INFO t.selenium/standalone-chrome:4.28.1 - Pulling image layers:  5 pending, 28 downloaded,  1 extracted, (711 MB/? MB)
2025-01-30 03:59:16,538 INFO t.selenium/standalone-chrome:4.28.1 - Pulling image layers:  4 pending, 29 downloaded,  1 extracted, (711 MB/? MB)
2025-01-30 03:59:16,615 INFO t.selenium/standalone-chrome:4.28.1 - Pulling image layers:  3 pending, 30 downloaded,  1 extracted, (737 MB/? MB)
2025-01-30 03:59:16,635 INFO t.selenium/standalone-chrome:4.28.1 - Pulling image layers:  2 pending, 31 downloaded,  1 extracted, (737 MB/? MB)
2025-01-30 03:59:16,643 INFO t.selenium/standalone-chrome:4.28.1 - Pulling image layers:  1 pending, 32 downloaded,  1 extracted, (737 MB/? MB)
2025-01-30 03:59:16,729 INFO t.selenium/standalone-chrome:4.28.1 - Pulling image layers:  0 pending, 33 downloaded,  1 extracted, (737 MB/781 MB)
2025-01-30 03:59:20,143 INFO t.selenium/standalone-chrome:4.28.1 - Pulling image layers:  0 pending, 33 downloaded,  2 extracted, (739 MB/781 MB)
2025-01-30 03:59:21,264 INFO t.selenium/standalone-chrome:4.28.1 - Pulling image layers:  0 pending, 33 downloaded,  3 extracted, (743 MB/781 MB)
2025-01-30 03:59:21,276 INFO t.selenium/standalone-chrome:4.28.1 - Pulling image layers:  0 pending, 33 downloaded,  4 extracted, (743 MB/781 MB)
2025-01-30 03:59:21,286 INFO t.selenium/standalone-chrome:4.28.1 - Pulling image layers:  0 pending, 33 downloaded,  5 extracted, (743 MB/781 MB)
2025-01-30 03:59:21,298 INFO t.selenium/standalone-chrome:4.28.1 - Pulling image layers:  0 pending, 33 downloaded,  6 extracted, (743 MB/781 MB)
2025-01-30 03:59:21,306 INFO t.selenium/standalone-chrome:4.28.1 - Pulling image layers:  0 pending, 33 downloaded,  7 extracted, (743 MB/781 MB)
2025-01-30 03:59:21,315 INFO t.selenium/standalone-chrome:4.28.1 - Pulling image layers:  0 pending, 33 downloaded,  8 extracted, (743 MB/781 MB)
2025-01-30 03:59:21,325 INFO t.selenium/standalone-chrome:4.28.1 - Pulling image layers:  0 pending, 33 downloaded,  9 extracted, (743 MB/781 MB)
2025-01-30 03:59:21,398 INFO t.selenium/standalone-chrome:4.28.1 - Pulling image layers:  0 pending, 33 downloaded, 10 extracted, (744 MB/781 MB)
2025-01-30 03:59:21,564 INFO t.selenium/standalone-chrome:4.28.1 - Pulling image layers:  0 pending, 33 downloaded, 11 extracted, (755 MB/781 MB)
2025-01-30 03:59:21,979 INFO t.selenium/standalone-chrome:4.28.1 - Pulling image layers:  0 pending, 33 downloaded, 12 extracted, (758 MB/781 MB)
2025-01-30 03:59:24,377 INFO t.selenium/standalone-chrome:4.28.1 - Pulling image layers:  0 pending, 33 downloaded, 13 extracted, (759 MB/781 MB)
2025-01-30 03:59:24,390 INFO t.selenium/standalone-chrome:4.28.1 - Pulling image layers:  0 pending, 33 downloaded, 14 extracted, (759 MB/781 MB)
2025-01-30 03:59:24,407 INFO t.selenium/standalone-chrome:4.28.1 - Pulling image layers:  0 pending, 33 downloaded, 15 extracted, (759 MB/781 MB)
2025-01-30 03:59:24,416 INFO t.selenium/standalone-chrome:4.28.1 - Pulling image layers:  0 pending, 33 downloaded, 16 extracted, (759 MB/781 MB)
2025-01-30 03:59:28,069 INFO t.selenium/standalone-chrome:4.28.1 - Pulling image layers:  0 pending, 33 downloaded, 17 extracted, (762 MB/781 MB)
2025-01-30 03:59:29,042 INFO t.selenium/standalone-chrome:4.28.1 - Pulling image layers:  0 pending, 33 downloaded, 18 extracted, (762 MB/781 MB)
2025-01-30 03:59:29,054 INFO t.selenium/standalone-chrome:4.28.1 - Pulling image layers:  0 pending, 33 downloaded, 19 extracted, (762 MB/781 MB)
2025-01-30 03:59:29,066 INFO t.selenium/standalone-chrome:4.28.1 - Pulling image layers:  0 pending, 33 downloaded, 20 extracted, (762 MB/781 MB)
2025-01-30 03:59:29,080 INFO t.selenium/standalone-chrome:4.28.1 - Pulling image layers:  0 pending, 33 downloaded, 21 extracted, (762 MB/781 MB)
2025-01-30 03:59:33,935 INFO t.selenium/standalone-chrome:4.28.1 - Pulling image layers:  0 pending, 33 downloaded, 22 extracted, (772 MB/781 MB)
2025-01-30 03:59:33,946 INFO t.selenium/standalone-chrome:4.28.1 - Pulling image layers:  0 pending, 33 downloaded, 23 extracted, (772 MB/781 MB)
2025-01-30 03:59:33,957 INFO t.selenium/standalone-chrome:4.28.1 - Pulling image layers:  0 pending, 33 downloaded, 24 extracted, (772 MB/781 MB)
2025-01-30 03:59:34,080 INFO t.selenium/standalone-chrome:4.28.1 - Pulling image layers:  0 pending, 33 downloaded, 25 extracted, (781 MB/781 MB)
2025-01-30 03:59:34,094 INFO t.selenium/standalone-chrome:4.28.1 - Pulling image layers:  0 pending, 33 downloaded, 26 extracted, (781 MB/781 MB)
2025-01-30 03:59:34,107 INFO t.selenium/standalone-chrome:4.28.1 - Pulling image layers:  0 pending, 33 downloaded, 27 extracted, (781 MB/781 MB)
2025-01-30 03:59:34,118 INFO t.selenium/standalone-chrome:4.28.1 - Pulling image layers:  0 pending, 33 downloaded, 28 extracted, (781 MB/781 MB)
2025-01-30 03:59:34,128 INFO t.selenium/standalone-chrome:4.28.1 - Pulling image layers:  0 pending, 33 downloaded, 29 extracted, (781 MB/781 MB)
2025-01-30 03:59:34,137 INFO t.selenium/standalone-chrome:4.28.1 - Pulling image layers:  0 pending, 33 downloaded, 30 extracted, (781 MB/781 MB)
2025-01-30 03:59:34,147 INFO t.selenium/standalone-chrome:4.28.1 - Pulling image layers:  0 pending, 33 downloaded, 31 extracted, (781 MB/781 MB)
2025-01-30 03:59:34,156 INFO t.selenium/standalone-chrome:4.28.1 - Pulling image layers:  0 pending, 33 downloaded, 32 extracted, (781 MB/781 MB)
2025-01-30 03:59:34,169 INFO t.selenium/standalone-chrome:4.28.1 - Pulling image layers:  0 pending, 33 downloaded, 33 extracted, (781 MB/781 MB)
2025-01-30 03:59:34,176 INFO t.selenium/standalone-chrome:4.28.1 - Pull complete. 33 layers, pulled in 20s (downloaded 781 MB at 39 MB/s)
2025-01-30 03:59:34,176 INFO t.selenium/standalone-chrome:4.28.1 - Image selenium/standalone-chrome:4.28.1 pull took PT20.531295025S
2025-01-30 03:59:34,180 INFO t.selenium/standalone-chrome:4.28.1 - Creating container for image: selenium/standalone-chrome:4.28.1
2025-01-30 03:59:34,184 INFO tc.alpine:3.17 - Pulling docker image: alpine:3.17. Please be patient; this may take some time but only needs to be done once.
2025-01-30 03:59:34,553 INFO tc.alpine:3.17 - Starting to pull image
2025-01-30 03:59:34,554 INFO tc.alpine:3.17 - Pulling image layers:  0 pending,  0 downloaded,  0 extracted, (0 bytes/0 bytes)
2025-01-30 03:59:34,781 INFO tc.alpine:3.17 - Pulling image layers:  0 pending,  1 downloaded,  0 extracted, (33 KB/3 MB)
2025-01-30 03:59:34,877 INFO tc.alpine:3.17 - Pulling image layers:  0 pending,  1 downloaded,  1 extracted, (3 MB/3 MB)
2025-01-30 03:59:34,882 INFO tc.alpine:3.17 - Image alpine:3.17 pull took PT0.698230841S
2025-01-30 03:59:35,188 INFO t.selenium/standalone-chrome:4.28.1 - Container selenium/standalone-chrome:4.28.1 is starting: fa92d2232c224e3f00b9a35d3b38a5b0c811bc5dea7f12708b98b77361b4e259
2025-01-30 03:59:38,022 INFO t.selenium/standalone-chrome:4.28.1 - Container selenium/standalone-chrome:4.28.1 started in PT3.842246296S
2025-01-30 03:59:38,024 INFO c.h.h.t.HelmChartContainerExtension - Using cached HelmChartContainer instance
2025-01-30 03:59:38,025 INFO c.h.h.t.HelmChartContainerExtension - Creating cached HelmChartContainer instance
2025-01-30 03:59:38,108 INFO o.t.i.builder.ImageFromDockerfile - Pre-emptively checking local images for 'ubuntu:noble-20241118.1@sha256:80dd3c3b9c6cecb9f1667e9290b3bc61b78c2678c02cbdae5f0fea92cc6734ab', referenced via a Dockerfile. If not available, it will be pulled.
2025-01-30 03:59:38,110 INFO t.u.1@sha256:80dd3c... - Pulling docker image: ubuntu:noble-20241118.1@sha256:80dd3c3b9c6cecb9f1667e9290b3bc61b78c2678c02cbdae5f0fea92cc6734ab. Please be patient; this may take some time but only needs to be done once.
2025-01-30 03:59:38,352 INFO t.u.1@sha256:80dd3c... - Starting to pull image
2025-01-30 03:59:38,353 INFO t.u.1@sha256:80dd3c... - Pulling image layers:  0 pending,  0 downloaded,  0 extracted, (0 bytes/0 bytes)
2025-01-30 03:59:38,557 INFO t.u.1@sha256:80dd3c... - Image ubuntu:noble-20241118.1@sha256:80dd3c3b9c6cecb9f1667e9290b3bc61b78c2678c02cbdae5f0fea92cc6734ab pull took PT0.446483692S
2025-01-30 03:59:38,559 INFO o.t.i.builder.ImageFromDockerfile - Pre-emptively checking local images for 'rancher/k3s:v1.32.1-k3s1', referenced via a Dockerfile. If not available, it will be pulled.
2025-01-30 03:59:38,560 INFO tc.rancher/k3s:v1.32.1-k3s1 - Pulling docker image: rancher/k3s:v1.32.1-k3s1. Please be patient; this may take some time but only needs to be done once.
2025-01-30 03:59:38,908 INFO tc.rancher/k3s:v1.32.1-k3s1 - Starting to pull image
2025-01-30 03:59:38,909 INFO tc.rancher/k3s:v1.32.1-k3s1 - Pulling image layers:  0 pending,  0 downloaded,  0 extracted, (0 bytes/0 bytes)
2025-01-30 03:59:39,358 INFO tc.rancher/k3s:v1.32.1-k3s1 - Pulling image layers:  0 pending,  1 downloaded,  0 extracted, (58 MB/71 MB)
2025-01-30 03:59:40,431 INFO tc.rancher/k3s:v1.32.1-k3s1 - Pulling image layers:  0 pending,  1 downloaded,  1 extracted, (71 MB/71 MB)
2025-01-30 03:59:40,437 INFO tc.rancher/k3s:v1.32.1-k3s1 - Pull complete. 1 layers, pulled in 1s (downloaded 71 MB at 71 MB/s)
2025-01-30 03:59:40,437 INFO tc.rancher/k3s:v1.32.1-k3s1 - Image rancher/k3s:v1.32.1-k3s1 pull took PT1.876479687S
2025-01-30 03:59:40,442 INFO o.t.i.builder.ImageFromDockerfile - Transferred 0 bytes to Docker daemon
2025-01-30 03:59:56,019 INFO c.h.h.t.HelmChartContainer - Starting HelmChartContainer...
2025-01-30 03:59:56,021 INFO t.localhost/testcontainers/vvhhmxwjdtwuwed2:latest - Creating container for image: localhost/testcontainers/vvhhmxwjdtwuwed2:latest
2025-01-30 03:59:56,363 INFO t.localhost/testcontainers/vvhhmxwjdtwuwed2:latest - Container localhost/testcontainers/vvhhmxwjdtwuwed2:latest is starting: eb90bc493249c3a5471d4d2593ef7cc49f6d6011d232939d342a5f5ece744d7d
2025-01-30 03:59:56,747 INFO c.h.h.t.HelmChartContainer - [K3S] [INFO] Starting k3s v1.32.1+k3s1 (6a322f12)
2025-01-30 03:59:56,750 INFO c.h.h.t.HelmChartContainer - [K3S] [INFO] Configuring sqlite3 database connection pooling: maxIdleConns=2, maxOpenConns=0, connMaxLifetime=0s
2025-01-30 03:59:56,750 INFO c.h.h.t.HelmChartContainer - [K3S] [INFO] Configuring database table schema and indexes, this may take a moment...
2025-01-30 03:59:56,753 INFO c.h.h.t.HelmChartContainer - [K3S] [INFO] Database tables and indexes are up to date
2025-01-30 03:59:56,757 INFO c.h.h.t.HelmChartContainer - [K3S] [INFO] Kine available at unix://kine.sock
2025-01-30 03:59:56,869 INFO c.h.h.t.HelmChartContainer - [K3S] [INFO] Saving cluster bootstrap data to datastore
2025-01-30 03:59:56,870 INFO c.h.h.t.HelmChartContainer - [K3S] [WARNING] dynamiclistener [::]:6443: no cached certificate available for preload - deferring certificate load until storage initialization or first client request
2025-01-30 03:59:56,871 INFO c.h.h.t.HelmChartContainer - [K3S] [INFO] Active TLS secret / (ver=) (count 10): map[listener.cattle.io/cn-10.43.0.1:10.43.0.1 listener.cattle.io/cn-127.0.0.1:127.0.0.1 listener.cattle.io/cn-172.18.0.2:172.18.0.2 listener.cattle.io/cn-__1-f16284:::1 listener.cattle.io/cn-eb90bc493249:eb90bc493249 listener.cattle.io/cn-kubernetes:kubernetes listener.cattle.io/cn-kubernetes.default:kubernetes.default listener.cattle.io/cn-kubernetes.default.svc:kubernetes.default.svc listener.cattle.io/cn-kubernetes.default.svc.cluster.local:kubernetes.default.svc.cluster.local listener.cattle.io/cn-localhost:localhost listener.cattle.io/fingerprint:SHA1=C047BA0BF251C56C2972523037CC41E708E63590]
2025-01-30 03:59:57,043 INFO c.h.h.t.HelmChartContainer - [K3S] [INFO] Running kube-apiserver --advertise-port=6443 --allow-privileged=true --anonymous-auth=false --api-audiences=https://kubernetes.default.svc.cluster.local,k3s --authorization-mode=Node,RBAC --bind-address=127.0.0.1 --cert-dir=/var/lib/rancher/k3s/server/tls/temporary-certs --client-ca-file=/var/lib/rancher/k3s/server/tls/client-ca.crt --egress-selector-config-file=/var/lib/rancher/k3s/server/etc/egress-selector-config.yaml --enable-admission-plugins=NodeRestriction --enable-aggregator-routing=true --enable-bootstrap-token-auth=true --etcd-compaction-interval=0s --etcd-servers=unix://kine.sock --kubelet-certificate-authority=/var/lib/rancher/k3s/server/tls/server-ca.crt --kubelet-client-certificate=/var/lib/rancher/k3s/server/tls/client-kube-apiserver.crt --kubelet-client-key=/var/lib/rancher/k3s/server/tls/client-kube-apiserver.key --kubelet-preferred-address-types=InternalIP,ExternalIP,Hostname --profiling=false --proxy-client-cert-file=/var/lib/rancher/k3s/server/tls/client-auth-proxy.crt --proxy-client-key-file=/var/lib/rancher/k3s/server/tls/client-auth-proxy.key --requestheader-allowed-names=system:auth-proxy --requestheader-client-ca-file=/var/lib/rancher/k3s/server/tls/request-header-ca.crt --requestheader-extra-headers-prefix=X-Remote-Extra- --requestheader-group-headers=X-Remote-Group --requestheader-username-headers=X-Remote-User --secure-port=6444 --service-account-issuer=https://kubernetes.default.svc.cluster.local --service-account-key-file=/var/lib/rancher/k3s/server/tls/service.key --service-account-signing-key-file=/var/lib/rancher/k3s/server/tls/service.current.key --service-cluster-ip-range=10.43.0.0/16 --service-node-port-range=30000-32767 --storage-backend=etcd3 --tls-cert-file=/var/lib/rancher/k3s/server/tls/serving-kube-apiserver.crt --tls-cipher-suites=TLS_ECDHE_ECDSA_WITH_AES_256_GCM_SHA384,TLS_ECDHE_RSA_WITH_AES_256_GCM_SHA384,TLS_ECDHE_ECDSA_WITH_AES_128_GCM_SHA256,TLS_ECDHE_RSA_WITH_AES_128_GCM_SHA256,TLS_ECDHE_ECDSA_WITH_CHACHA20_POLY1305,TLS_ECDHE_RSA_WITH_CHACHA20_POLY1305 --tls-private-key-file=/var/lib/rancher/k3s/server/tls/serving-kube-apiserver.key
2025-01-30 03:59:57,047 INFO c.h.h.t.HelmChartContainer - [K3S] [INFO] Running kube-scheduler --authentication-kubeconfig=/var/lib/rancher/k3s/server/cred/scheduler.kubeconfig --authorization-kubeconfig=/var/lib/rancher/k3s/server/cred/scheduler.kubeconfig --bind-address=127.0.0.1 --kubeconfig=/var/lib/rancher/k3s/server/cred/scheduler.kubeconfig --leader-elect=false --profiling=false --secure-port=10259
2025-01-30 03:59:57,047 INFO c.h.h.t.HelmChartContainer - [K3S] [INFO] Waiting for API server to become available
2025-01-30 03:59:57,047 INFO c.h.h.t.HelmChartContainer - [K3S] [registry.go:256] calling componentGlobalsRegistry.AddFlags more than once, the registry will be set by the latest flags
2025-01-30 03:59:57,048 INFO c.h.h.t.HelmChartContainer - [K3S] [INFO] Running kube-controller-manager --allocate-node-cidrs=true --authentication-kubeconfig=/var/lib/rancher/k3s/server/cred/controller.kubeconfig --authorization-kubeconfig=/var/lib/rancher/k3s/server/cred/controller.kubeconfig --bind-address=127.0.0.1 --cluster-cidr=10.42.0.0/16 --cluster-signing-kube-apiserver-client-cert-file=/var/lib/rancher/k3s/server/tls/client-ca.nochain.crt --cluster-signing-kube-apiserver-client-key-file=/var/lib/rancher/k3s/server/tls/client-ca.key --cluster-signing-kubelet-client-cert-file=/var/lib/rancher/k3s/server/tls/client-ca.nochain.crt --cluster-signing-kubelet-client-key-file=/var/lib/rancher/k3s/server/tls/client-ca.key --cluster-signing-kubelet-serving-cert-file=/var/lib/rancher/k3s/server/tls/server-ca.nochain.crt --cluster-signing-kubelet-serving-key-file=/var/lib/rancher/k3s/server/tls/server-ca.key --cluster-signing-legacy-unknown-cert-file=/var/lib/rancher/k3s/server/tls/server-ca.nochain.crt --cluster-signing-legacy-unknown-key-file=/var/lib/rancher/k3s/server/tls/server-ca.key --configure-cloud-routes=false --controllers=*,tokencleaner,-service,-route,-cloud-node-lifecycle --kubeconfig=/var/lib/rancher/k3s/server/cred/controller.kubeconfig --leader-elect=false --profiling=false --root-ca-file=/var/lib/rancher/k3s/server/tls/server-ca.crt --secure-port=10257 --service-account-private-key-file=/var/lib/rancher/k3s/server/tls/service.current.key --service-cluster-ip-range=10.43.0.0/16 --use-service-account-credentials=true
2025-01-30 03:59:57,048 INFO c.h.h.t.HelmChartContainer - [K3S] [options.go:299] unable to set WatchListClient feature gate, err: cannot override default for feature "WatchListClient": gates already added to a flag set
2025-01-30 03:59:57,049 INFO c.h.h.t.HelmChartContainer - [K3S] [registry.go:256] calling componentGlobalsRegistry.AddFlags more than once, the registry will be set by the latest flags
2025-01-30 03:59:57,049 INFO c.h.h.t.HelmChartContainer - [K3S] [INFO] Running cloud-controller-manager --allocate-node-cidrs=true --authentication-kubeconfig=/var/lib/rancher/k3s/server/cred/cloud-controller.kubeconfig --authorization-kubeconfig=/var/lib/rancher/k3s/server/cred/cloud-controller.kubeconfig --bind-address=127.0.0.1 --cloud-config=/var/lib/rancher/k3s/server/etc/cloud-config.yaml --cloud-provider=k3s --cluster-cidr=10.42.0.0/16 --configure-cloud-routes=false --controllers=*,-route --kubeconfig=/var/lib/rancher/k3s/server/cred/cloud-controller.kubeconfig --leader-elect=false --leader-elect-resource-name=k3s-cloud-controller-manager --node-status-update-frequency=1m0s --profiling=false
2025-01-30 03:59:57,053 INFO c.h.h.t.HelmChartContainer - [K3S] [registry.go:256] calling componentGlobalsRegistry.AddFlags more than once, the registry will be set by the latest flags
2025-01-30 03:59:57,053 INFO c.h.h.t.HelmChartContainer - [K3S] [options.go:238] external host was not specified, using 172.18.0.2
2025-01-30 03:59:57,053 INFO c.h.h.t.HelmChartContainer - [K3S] [INFO] Server node token is available at /var/lib/rancher/k3s/server/token
2025-01-30 03:59:57,053 INFO c.h.h.t.HelmChartContainer - [K3S] [INFO] To join server node to cluster: k3s server -s https://172.18.0.2:6443 -t ${SERVER_NODE_TOKEN}
2025-01-30 03:59:57,053 INFO c.h.h.t.HelmChartContainer - [K3S] [INFO] Agent node token is available at /var/lib/rancher/k3s/server/agent-token
2025-01-30 03:59:57,054 INFO c.h.h.t.HelmChartContainer - [K3S] [INFO] To join agent node to cluster: k3s agent -s https://172.18.0.2:6443 -t ${AGENT_NODE_TOKEN}
2025-01-30 03:59:57,054 INFO c.h.h.t.HelmChartContainer - [K3S] [INFO] Wrote kubeconfig /etc/rancher/k3s/k3s.yaml
2025-01-30 03:59:57,054 INFO c.h.h.t.HelmChartContainer - [K3S] [INFO] Run: k3s kubectl
2025-01-30 03:59:57,054 INFO c.h.h.t.HelmChartContainer - [K3S] [server.go:151] Version: v1.32.1+k3s1
2025-01-30 03:59:57,054 INFO c.h.h.t.HelmChartContainer - [K3S] [server.go:153] "Golang settings" GOGC="" GOMAXPROCS="" GOTRACEBACK=""
2025-01-30 03:59:57,545 INFO c.h.h.t.HelmChartContainer - [K3S] [plugins.go:157] Loaded 13 mutating admission controller(s) successfully in the following order: NamespaceLifecycle,LimitRanger,ServiceAccount,NodeRestriction,TaintNodesByCondition,Priority,DefaultTolerationSeconds,DefaultStorageClass,StorageObjectInUseProtection,RuntimeClass,DefaultIngressClass,MutatingAdmissionPolicy,MutatingAdmissionWebhook.
2025-01-30 03:59:57,546 INFO c.h.h.t.HelmChartContainer - [K3S] [plugins.go:160] Loaded 13 validating admission controller(s) successfully in the following order: LimitRanger,ServiceAccount,PodSecurity,Priority,PersistentVolumeClaimResize,RuntimeClass,CertificateApproval,CertificateSigning,ClusterTrustBundleAttest,CertificateSubjectRestriction,ValidatingAdmissionPolicy,ValidatingAdmissionWebhook,ResourceQuota.
2025-01-30 03:59:57,555 INFO c.h.h.t.HelmChartContainer - [K3S] [instance.go:233] Using reconciler: lease
2025-01-30 03:59:57,621 INFO c.h.h.t.HelmChartContainer - [K3S] [INFO] Password verified locally for node eb90bc493249
2025-01-30 03:59:57,622 INFO c.h.h.t.HelmChartContainer - [K3S] [apis.go:106] API group "internal.apiserver.k8s.io" is not enabled, skipping.
2025-01-30 03:59:57,661 INFO c.h.h.t.HelmChartContainer - [K3S] [apis.go:106] API group "storagemigration.k8s.io" is not enabled, skipping.
2025-01-30 03:59:57,688 INFO c.h.h.t.HelmChartContainer - [K3S] [apis.go:106] API group "resource.k8s.io" is not enabled, skipping.
2025-01-30 03:59:58,074 INFO c.h.h.t.HelmChartContainer - [K3S] [dynamic_cafile_content.go:161] "Starting controller" name="request-header::/var/lib/rancher/k3s/server/tls/request-header-ca.crt"
2025-01-30 03:59:58,074 INFO c.h.h.t.HelmChartContainer - [K3S] [dynamic_cafile_content.go:161] "Starting controller" name="client-ca-bundle::/var/lib/rancher/k3s/server/tls/client-ca.crt"
2025-01-30 03:59:58,075 INFO c.h.h.t.HelmChartContainer - [K3S] [secure_serving.go:213] Serving securely on 127.0.0.1:6444
2025-01-30 03:59:58,075 INFO c.h.h.t.HelmChartContainer - [K3S] [dynamic_serving_content.go:135] "Starting controller" name="serving-cert::/var/lib/rancher/k3s/server/tls/serving-kube-apiserver.crt::/var/lib/rancher/k3s/server/tls/serving-kube-apiserver.key"
2025-01-30 03:59:58,076 INFO c.h.h.t.HelmChartContainer - [K3S] [customresource_discovery_controller.go:292] Starting DiscoveryController
2025-01-30 03:59:58,076 INFO c.h.h.t.HelmChartContainer - [K3S] [gc_controller.go:78] Starting apiserver lease garbage collector
2025-01-30 03:59:58,076 INFO c.h.h.t.HelmChartContainer - [K3S] [apiservice_controller.go:100] Starting APIServiceRegistrationController
2025-01-30 03:59:58,076 INFO c.h.h.t.HelmChartContainer - [K3S] [cluster_authentication_trust_controller.go:462] Starting cluster_authentication_trust_controller controller
2025-01-30 03:59:58,076 INFO c.h.h.t.HelmChartContainer - [K3S] [dynamic_serving_content.go:135] "Starting controller" name="aggregator-proxy-cert::/var/lib/rancher/k3s/server/tls/client-auth-proxy.crt::/var/lib/rancher/k3s/server/tls/client-auth-proxy.key"
2025-01-30 03:59:58,076 INFO c.h.h.t.HelmChartContainer - [K3S] [tlsconfig.go:243] "Starting DynamicServingCertificateController"
2025-01-30 03:59:58,076 INFO c.h.h.t.HelmChartContainer - [K3S] [system_namespaces_controller.go:66] Starting system namespaces controller
2025-01-30 03:59:58,076 INFO c.h.h.t.HelmChartContainer - [K3S] [apf_controller.go:377] Starting API Priority and Fairness config controller
2025-01-30 03:59:58,076 INFO c.h.h.t.HelmChartContainer - [K3S] [local_available_controller.go:156] Starting LocalAvailability controller
2025-01-30 03:59:58,076 INFO c.h.h.t.HelmChartContainer - [K3S] [controller.go:119] Starting legacy_token_tracking_controller
2025-01-30 03:59:58,076 INFO c.h.h.t.HelmChartContainer - [K3S] [remote_available_controller.go:411] Starting RemoteAvailability controller
2025-01-30 03:59:58,077 INFO c.h.h.t.HelmChartContainer - [K3S] [controller.go:78] Starting OpenAPI AggregationController
2025-01-30 03:59:58,077 INFO c.h.h.t.HelmChartContainer - [K3S] [controller.go:90] Starting OpenAPI V3 controller
2025-01-30 03:59:58,077 INFO c.h.h.t.HelmChartContainer - [K3S] [naming_controller.go:294] Starting NamingConditionController
2025-01-30 03:59:58,077 INFO c.h.h.t.HelmChartContainer - [K3S] [establishing_controller.go:81] Starting EstablishingController
2025-01-30 03:59:58,077 INFO c.h.h.t.HelmChartContainer - [K3S] [nonstructuralschema_controller.go:195] Starting NonStructuralSchemaConditionController
2025-01-30 03:59:58,077 INFO c.h.h.t.HelmChartContainer - [K3S] [apiapproval_controller.go:189] Starting KubernetesAPIApprovalPolicyConformantConditionController
2025-01-30 03:59:58,077 INFO c.h.h.t.HelmChartContainer - [K3S] [crd_finalizer.go:269] Starting CRDFinalizer
2025-01-30 03:59:58,077 INFO c.h.h.t.HelmChartContainer - [K3S] [dynamic_cafile_content.go:161] "Starting controller" name="client-ca-bundle::/var/lib/rancher/k3s/server/tls/client-ca.crt"
2025-01-30 03:59:58,077 INFO c.h.h.t.HelmChartContainer - [K3S] [dynamic_cafile_content.go:161] "Starting controller" name="request-header::/var/lib/rancher/k3s/server/tls/request-header-ca.crt"
2025-01-30 03:59:58,077 INFO c.h.h.t.HelmChartContainer - [K3S] [aggregator.go:169] waiting for initial CRD sync...
2025-01-30 03:59:58,077 INFO c.h.h.t.HelmChartContainer - [K3S] [controller.go:80] Starting OpenAPI V3 AggregationController
2025-01-30 03:59:58,078 INFO c.h.h.t.HelmChartContainer - [K3S] [controller.go:142] Starting OpenAPI controller
2025-01-30 03:59:58,078 INFO c.h.h.t.HelmChartContainer - [K3S] [crdregistration_controller.go:114] Starting crd-autoregister controller
2025-01-30 03:59:58,142 INFO c.h.h.t.HelmChartContainer - [K3S] [policy_source.go:240] refreshing policies
2025-01-30 03:59:58,177 INFO c.h.h.t.HelmChartContainer - [K3S] [apf_controller.go:382] Running API Priority and Fairness config worker
2025-01-30 03:59:58,177 INFO c.h.h.t.HelmChartContainer - [K3S] [apf_controller.go:385] Running API Priority and Fairness periodic rebalancing process
2025-01-30 03:59:58,177 INFO c.h.h.t.HelmChartContainer - [K3S] [aggregator.go:171] initial CRD sync complete...
2025-01-30 03:59:58,177 INFO c.h.h.t.HelmChartContainer - [K3S] [autoregister_controller.go:144] Starting autoregister controller
2025-01-30 03:59:58,198 INFO c.h.h.t.HelmChartContainer - [K3S] [handler_discovery.go:451] Starting ResourceDiscoveryManager
2025-01-30 03:59:58,231 INFO c.h.h.t.HelmChartContainer - [K3S] [WARNING] Host resolv.conf includes loopback or multicast nameservers - kubelet will use autogenerated resolv.conf with nameserver 8.8.8.8
2025-01-30 03:59:58,241 INFO c.h.h.t.HelmChartContainer - [K3S] [INFO] Module overlay was already loaded
2025-01-30 03:59:58,241 INFO c.h.h.t.HelmChartContainer - [K3S] [INFO] Module nf_conntrack was already loaded
2025-01-30 03:59:58,241 INFO c.h.h.t.HelmChartContainer - [K3S] [INFO] Module br_netfilter was already loaded
2025-01-30 03:59:58,246 INFO c.h.h.t.HelmChartContainer - [K3S] [INFO] Set sysctl 'net/netfilter/nf_conntrack_max' to 131072
2025-01-30 03:59:58,246 INFO c.h.h.t.HelmChartContainer - [K3S] [INFO] Set sysctl 'net/netfilter/nf_conntrack_tcp_timeout_established' to 86400
2025-01-30 03:59:58,246 INFO c.h.h.t.HelmChartContainer - [K3S] [INFO] Set sysctl 'net/netfilter/nf_conntrack_tcp_timeout_close_wait' to 3600
2025-01-30 03:59:58,248 INFO c.h.h.t.HelmChartContainer - [K3S] [INFO] Logging containerd to /var/lib/rancher/k3s/agent/containerd/containerd.log
2025-01-30 03:59:58,248 INFO c.h.h.t.HelmChartContainer - [K3S] [INFO] Running containerd -c /var/lib/rancher/k3s/agent/etc/containerd/config.toml -a /run/k3s/containerd/containerd.sock --state /run/k3s/containerd --root /var/lib/rancher/k3s/agent/containerd
2025-01-30 03:59:58,257 INFO c.h.h.t.HelmChartContainer - [K3S] [controller.go:95] Unable to perform initial Kubernetes service initialization: namespaces "default" not found
2025-01-30 03:59:59,077 INFO c.h.h.t.HelmChartContainer - [K3S] [storage_scheduling.go:95] created PriorityClass system-node-critical with value 2000001000
2025-01-30 03:59:59,080 INFO c.h.h.t.HelmChartContainer - [K3S] [storage_scheduling.go:95] created PriorityClass system-cluster-critical with value 2000000000
2025-01-30 03:59:59,080 INFO c.h.h.t.HelmChartContainer - [K3S] [storage_scheduling.go:111] all system priority classes are created successfully or already exist.
2025-01-30 03:59:59,252 INFO c.h.h.t.HelmChartContainer - [K3S] [INFO] containerd is now running
2025-01-30 03:59:59,256 INFO c.h.h.t.HelmChartContainer - [K3S] [INFO] Connecting to proxy" url="wss://127.0.0.1:6443/v1-k3s/connect
2025-01-30 03:59:59,260 INFO c.h.h.t.HelmChartContainer - [K3S] [INFO] Creating k3s-cert-monitor event broadcaster
2025-01-30 03:59:59,262 INFO c.h.h.t.HelmChartContainer - [K3S] [INFO] Running kubelet --cloud-provider=external --config-dir=/var/lib/rancher/k3s/agent/etc/kubelet.conf.d --containerd=/run/k3s/containerd/containerd.sock --hostname-override=eb90bc493249 --kubeconfig=/var/lib/rancher/k3s/agent/kubelet.kubeconfig --node-ip=172.18.0.2 --node-labels=
2025-01-30 03:59:59,262 INFO c.h.h.t.HelmChartContainer - [K3S] [INFO] Handling backend connection request [eb90bc493249]
2025-01-30 03:59:59,262 INFO c.h.h.t.HelmChartContainer - [K3S] [INFO] Remotedialer connected to proxy" url="wss://127.0.0.1:6443/v1-k3s/connect
2025-01-30 03:59:59,393 INFO c.h.h.t.HelmChartContainer - [K3S] [ERROR] Sending HTTP/1.1 503 response to 127.0.0.1:48208: runtime core not ready
2025-01-30 03:59:59,489 INFO c.h.h.t.HelmChartContainer - [K3S] [INFO] Running kube-proxy --cluster-cidr=10.42.0.0/16 --conntrack-max-per-core=0 --conntrack-tcp-timeout-close-wait=0s --conntrack-tcp-timeout-established=0s --healthz-bind-address=127.0.0.1 --hostname-override=eb90bc493249 --kubeconfig=/var/lib/rancher/k3s/agent/kubeproxy.kubeconfig --proxy-mode=iptables
2025-01-30 03:59:59,531 INFO c.h.h.t.HelmChartContainer - [K3S] [server.go:687] "Failed to retrieve node info" err="nodes \"eb90bc493249\" not found"
2025-01-30 03:59:59,563 INFO c.h.h.t.HelmChartContainer - [K3S] [alloc.go:330] "allocated clusterIPs" service="default/kubernetes" clusterIPs={"IPv4":"10.43.0.1"}
2025-01-30 03:59:59,567 INFO c.h.h.t.HelmChartContainer - [K3S] [lease.go:265] Resetting endpoints for master service "kubernetes" to [172.18.0.2]
2025-01-30 04:00:00,049 INFO c.h.h.t.HelmChartContainer - [K3S] [INFO] Kube API server is now running
2025-01-30 04:00:00,049 INFO c.h.h.t.HelmChartContainer - [K3S] [INFO] ETCD server is now running
2025-01-30 04:00:00,049 INFO c.h.h.t.HelmChartContainer - [K3S] [INFO] k3s is up and running
2025-01-30 04:00:00,049 INFO c.h.h.t.HelmChartContainer - [K3S] [INFO] Waiting for untainted node
2025-01-30 04:00:00,050 INFO c.h.h.t.HelmChartContainer - [K3S] [INFO] Waiting for cloud-controller-manager privileges to become available
2025-01-30 04:00:00,050 INFO c.h.h.t.HelmChartContainer - [K3S] [INFO] Creating k3s-supervisor event broadcaster
2025-01-30 04:00:00,057 INFO c.h.h.t.HelmChartContainer - [K3S] [INFO] Applying CRD addons.k3s.cattle.io
2025-01-30 04:00:00,066 INFO c.h.h.t.HelmChartContainer - [K3S] [INFO] Applying CRD etcdsnapshotfiles.k3s.cattle.io
2025-01-30 04:00:00,078 INFO c.h.h.t.HelmChartContainer - [K3S] [INFO] Applying CRD helmcharts.helm.cattle.io
2025-01-30 04:00:00,094 INFO c.h.h.t.HelmChartContainer - [K3S] [INFO] Applying CRD helmchartconfigs.helm.cattle.io
2025-01-30 04:00:00,106 INFO c.h.h.t.HelmChartContainer - [K3S] [INFO] Waiting for CRD helmchartconfigs.helm.cattle.io to become available
2025-01-30 04:00:00,266 INFO c.h.h.t.HelmChartContainer - [K3S] Flag --containerd has been deprecated, This is a cadvisor flag that was mistakenly registered with the Kubelet. Due to legacy concerns, it will follow the standard CLI deprecation timeline before being removed.
2025-01-30 04:00:00,269 INFO c.h.h.t.HelmChartContainer - [K3S] [server.go:515] "Kubelet version" kubeletVersion="v1.32.1+k3s1"
2025-01-30 04:00:00,269 INFO c.h.h.t.HelmChartContainer - [K3S] [server.go:517] "Golang settings" GOGC="" GOMAXPROCS="" GOTRACEBACK=""
2025-01-30 04:00:00,271 INFO c.h.h.t.HelmChartContainer - [K3S] [dynamic_cafile_content.go:161] "Starting controller" name="client-ca-bundle::/var/lib/rancher/k3s/agent/client-ca.crt"
2025-01-30 04:00:00,273 INFO c.h.h.t.HelmChartContainer - [K3S] [log.go:32] "RuntimeConfig from runtime service failed" err="rpc error: code = Unimplemented desc = method RuntimeConfig not implemented"
2025-01-30 04:00:00,273 INFO c.h.h.t.HelmChartContainer - [K3S] [server.go:1416] "CRI implementation should be updated to support RuntimeConfig when KubeletCgroupDriverFromCRI feature gate has been enabled. Falling back to using cgroupDriver from kubelet config."
2025-01-30 04:00:00,276 INFO c.h.h.t.HelmChartContainer - [K3S] [info.go:53] Couldn't collect info from any of the files in "/etc/machine-id,/var/lib/dbus/machine-id"
2025-01-30 04:00:00,277 INFO c.h.h.t.HelmChartContainer - [K3S] [server.go:767] "--cgroups-per-qos enabled, but --cgroup-root was not specified.  defaulting to /"
2025-01-30 04:00:00,277 INFO c.h.h.t.HelmChartContainer - [K3S] [server.go:836] "NoSwap is set due to memorySwapBehavior not specified" memorySwapBehavior="" FailSwapOn=false
2025-01-30 04:00:00,277 INFO c.h.h.t.HelmChartContainer - [K3S] [swap_util.go:115] "Swap is on" /proc/swaps contents=<
2025-01-30 04:00:00,277 INFO c.h.h.t.HelmChartContainer - [K3S] 	Filename				Type		Size		Used		Priority
2025-01-30 04:00:00,277 INFO c.h.h.t.HelmChartContainer - [K3S] 	/mnt/swapfile                           file		4194300		12		-2
2025-01-30 04:00:00,278 INFO c.h.h.t.HelmChartContainer - [K3S]  >
2025-01-30 04:00:00,278 INFO c.h.h.t.HelmChartContainer - [K3S] [container_manager_linux.go:268] "Container manager verified user specified cgroup-root exists" cgroupRoot=[]
2025-01-30 04:00:00,278 INFO c.h.h.t.HelmChartContainer - [K3S] [container_manager_linux.go:273] "Creating Container Manager object based on Node Config" nodeConfig={"NodeName":"eb90bc493249","RuntimeCgroupsName":"","SystemCgroupsName":"","KubeletCgroupsName":"/k3s","KubeletOOMScoreAdj":-999,"ContainerRuntime":"","CgroupsPerQOS":true,"CgroupRoot":"/","CgroupDriver":"cgroupfs","KubeletRootDir":"/var/lib/kubelet","ProtectKernelDefaults":false,"KubeReservedCgroupName":"","SystemReservedCgroupName":"","ReservedSystemCPUs":{},"EnforceNodeAllocatable":{"pods":{}},"KubeReserved":null,"SystemReserved":null,"HardEvictionThresholds":[{"Signal":"imagefs.available","Operator":"LessThan","Value":{"Quantity":null,"Percentage":0.05},"GracePeriod":0,"MinReclaim":null},{"Signal":"nodefs.available","Operator":"LessThan","Value":{"Quantity":null,"Percentage":0.05},"GracePeriod":0,"MinReclaim":null}],"QOSReserved":{},"CPUManagerPolicy":"none","CPUManagerPolicyOptions":null,"TopologyManagerScope":"container","CPUManagerReconcilePeriod":10000000000,"ExperimentalMemoryManagerPolicy":"None","ExperimentalMemoryManagerReservedMemory":null,"PodPidsLimit":-1,"EnforceCPULimits":true,"CPUCFSQuotaPeriod":100000000,"TopologyManagerPolicy":"none","TopologyManagerPolicyOptions":null,"CgroupVersion":2}
2025-01-30 04:00:00,278 INFO c.h.h.t.HelmChartContainer - [K3S] [topology_manager.go:138] "Creating topology manager with none policy"
2025-01-30 04:00:00,278 INFO c.h.h.t.HelmChartContainer - [K3S] [container_manager_linux.go:304] "Creating device plugin manager"
2025-01-30 04:00:00,278 INFO c.h.h.t.HelmChartContainer - [K3S] [state_mem.go:36] "Initialized new in-memory state store"
2025-01-30 04:00:00,278 INFO c.h.h.t.HelmChartContainer - [K3S] [kubelet.go:446] "Attempting to sync node with API server"
2025-01-30 04:00:00,278 INFO c.h.h.t.HelmChartContainer - [K3S] [kubelet.go:341] "Adding static pod path" path="/var/lib/rancher/k3s/agent/pod-manifests"
2025-01-30 04:00:00,278 INFO c.h.h.t.HelmChartContainer - [K3S] [kubelet.go:352] "Adding apiserver pod source"
2025-01-30 04:00:00,278 INFO c.h.h.t.HelmChartContainer - [K3S] [apiserver.go:42] "Waiting for node sync before watching apiserver pods"
2025-01-30 04:00:00,282 INFO c.h.h.t.HelmChartContainer - [K3S] [kuberuntime_manager.go:269] "Container runtime initialized" containerRuntime="containerd" version="v1.7.23-k3s2" apiVersion="v1"
2025-01-30 04:00:00,282 INFO c.h.h.t.HelmChartContainer - [K3S] [kubelet.go:890] "Not starting ClusterTrustBundle informer because we are in static kubelet mode"
2025-01-30 04:00:00,283 INFO c.h.h.t.HelmChartContainer - [K3S] [probe.go:272] Flexvolume plugin directory at /usr/libexec/kubernetes/kubelet-plugins/volume/exec/ does not exist. Recreating.
2025-01-30 04:00:00,285 INFO c.h.h.t.HelmChartContainer - [K3S] [watchdog_linux.go:99] "Systemd watchdog is not enabled"
2025-01-30 04:00:00,285 INFO c.h.h.t.HelmChartContainer - [K3S] [server.go:1282] "Started kubelet"
2025-01-30 04:00:00,287 INFO c.h.h.t.HelmChartContainer - [K3S] [server.go:169] "Starting to listen" address="0.0.0.0" port=10250
2025-01-30 04:00:00,287 INFO c.h.h.t.HelmChartContainer - [K3S] [server.go:208] "Starting to listen read-only" address="0.0.0.0" port=10255
2025-01-30 04:00:00,287 INFO c.h.h.t.HelmChartContainer - [K3S] [ratelimit.go:55] "Setting rate limiting for endpoint" service="podresources" qps=100 burstTokens=10
2025-01-30 04:00:00,289 INFO c.h.h.t.HelmChartContainer - [K3S] [server.go:243] "Starting to serve the podresources API" endpoint="unix:/var/lib/kubelet/pod-resources/kubelet.sock"
2025-01-30 04:00:00,289 INFO c.h.h.t.HelmChartContainer - [K3S] [server.go:490] "Adding debug handlers to kubelet server"
2025-01-30 04:00:00,291 INFO c.h.h.t.HelmChartContainer - [K3S] [fs_resource_analyzer.go:67] "Starting FS ResourceAnalyzer"
2025-01-30 04:00:00,293 INFO c.h.h.t.HelmChartContainer - [K3S] [kubelet.go:1561] "Image garbage collection failed once. Stats initialization may not have completed yet" err="invalid capacity 0 on image filesystem"
2025-01-30 04:00:00,296 INFO c.h.h.t.HelmChartContainer - [K3S] [dynamic_serving_content.go:135] "Starting controller" name="kubelet-server-cert-files::/var/lib/rancher/k3s/agent/serving-kubelet.crt::/var/lib/rancher/k3s/agent/serving-kubelet.key"
2025-01-30 04:00:00,297 INFO c.h.h.t.HelmChartContainer - [K3S] [volume_manager.go:297] "Starting Kubelet Volume Manager"
2025-01-30 04:00:00,298 INFO c.h.h.t.HelmChartContainer - [K3S] [kubelet_node_status.go:467] "Error getting the current node from lister" err="node \"eb90bc493249\" not found"
2025-01-30 04:00:00,301 INFO c.h.h.t.HelmChartContainer - [K3S] [desired_state_of_world_populator.go:149] "Desired state populator starts to run"
2025-01-30 04:00:00,301 INFO c.h.h.t.HelmChartContainer - [K3S] [reconciler.go:26] "Reconciler: start to sync state"
2025-01-30 04:00:00,303 INFO c.h.h.t.HelmChartContainer - [K3S] [factory.go:221] Registration of the systemd container factory successfully
2025-01-30 04:00:00,303 INFO c.h.h.t.HelmChartContainer - [K3S] [factory.go:219] Registration of the crio container factory failed: Get "http://%2Fvar%2Frun%2Fcrio%2Fcrio.sock/info": dial unix /var/run/crio/crio.sock: connect: no such file or directory
2025-01-30 04:00:00,314 INFO c.h.h.t.HelmChartContainer - [K3S] [nodelease.go:49] "Failed to get node when trying to set owner ref to the node lease" err="nodes \"eb90bc493249\" not found" node="eb90bc493249"
2025-01-30 04:00:00,319 INFO c.h.h.t.HelmChartContainer - [K3S] [kubelet_network_linux.go:50] "Initialized iptables rules." protocol="IPv4"
2025-01-30 04:00:00,324 INFO c.h.h.t.HelmChartContainer - [K3S] [factory.go:221] Registration of the containerd container factory successfully
2025-01-30 04:00:00,325 INFO c.h.h.t.HelmChartContainer - [K3S] [kubelet_network_linux.go:50] "Initialized iptables rules." protocol="IPv6"
2025-01-30 04:00:00,325 INFO c.h.h.t.HelmChartContainer - [K3S] [status_manager.go:227] "Starting to sync pod status with apiserver"
2025-01-30 04:00:00,325 INFO c.h.h.t.HelmChartContainer - [K3S] [watchdog_linux.go:127] "Systemd watchdog is not enabled or the interval is invalid, so health checking will not be started."
2025-01-30 04:00:00,325 INFO c.h.h.t.HelmChartContainer - [K3S] [kubelet.go:2388] "Starting kubelet main sync loop"
2025-01-30 04:00:00,325 INFO c.h.h.t.HelmChartContainer - [K3S] [kubelet.go:2412] "Skipping pod synchronization" err="[container runtime status check may not have completed yet, PLEG is not healthy: pleg has yet to be successful]"
2025-01-30 04:00:00,346 INFO c.h.h.t.HelmChartContainer - [K3S] [cpu_manager.go:221] "Starting CPU manager" policy="none"
2025-01-30 04:00:00,347 INFO c.h.h.t.HelmChartContainer - [K3S] [cpu_manager.go:222] "Reconciling" reconcilePeriod="10s"
2025-01-30 04:00:00,347 INFO c.h.h.t.HelmChartContainer - [K3S] [state_mem.go:36] "Initialized new in-memory state store"
2025-01-30 04:00:00,348 INFO c.h.h.t.HelmChartContainer - [K3S] [policy_none.go:49] "None policy: Start"
2025-01-30 04:00:00,348 INFO c.h.h.t.HelmChartContainer - [K3S] [memory_manager.go:186] "Starting memorymanager" policy="None"
2025-01-30 04:00:00,348 INFO c.h.h.t.HelmChartContainer - [K3S] [state_mem.go:35] "Initializing new in-memory state store"
2025-01-30 04:00:00,352 INFO c.h.h.t.HelmChartContainer - [K3S] [manager.go:519] "Failed to read data from checkpoint" checkpoint="kubelet_internal_checkpoint" err="checkpoint is not found"
2025-01-30 04:00:00,352 INFO c.h.h.t.HelmChartContainer - [K3S] [eviction_manager.go:189] "Eviction manager: starting control loop"
2025-01-30 04:00:00,352 INFO c.h.h.t.HelmChartContainer - [K3S] [container_log_manager.go:189] "Initializing container log rotate workers" workers=1 monitorPeriod="10s"
2025-01-30 04:00:00,353 INFO c.h.h.t.HelmChartContainer - [K3S] [plugin_manager.go:118] "Starting Kubelet Plugin Manager"
2025-01-30 04:00:00,355 INFO c.h.h.t.HelmChartContainer - [K3S] [eviction_manager.go:267] "eviction manager: failed to check if we have separate container filesystem. Ignoring." err="no imagefs label for configured runtime"
2025-01-30 04:00:00,355 INFO c.h.h.t.HelmChartContainer - [K3S] [eviction_manager.go:292] "Eviction manager: failed to get summary stats" err="failed to get node info: node \"eb90bc493249\" not found"
2025-01-30 04:00:00,423 INFO c.h.h.t.HelmChartContainer - [K3S] [serving.go:392] Generated self-signed cert in-memory
2025-01-30 04:00:00,453 INFO c.h.h.t.HelmChartContainer - [K3S] [kubelet_node_status.go:76] "Attempting to register node" node="eb90bc493249"
2025-01-30 04:00:00,457 INFO c.h.h.t.HelmChartContainer - [K3S] [kubelet_node_status.go:79] "Successfully registered node" node="eb90bc493249"
2025-01-30 04:00:00,460 INFO c.h.h.t.HelmChartContainer - [K3S] [kubelet_node_status.go:549] "Error updating node status, will retry" err="error getting node \"eb90bc493249\": node \"eb90bc493249\" not found"
2025-01-30 04:00:00,462 INFO c.h.h.t.HelmChartContainer - [K3S] [INFO] Annotations and labels have been set successfully on node: eb90bc493249
2025-01-30 04:00:00,462 INFO c.h.h.t.HelmChartContainer - [K3S] [INFO] Starting flannel with backend vxlan
2025-01-30 04:00:00,597 INFO c.h.h.t.HelmChartContainer - [K3S] [server.go:698] "Successfully retrieved node IP(s)" IPs=["172.18.0.2"]
2025-01-30 04:00:00,597 INFO c.h.h.t.HelmChartContainer - [K3S] [server.go:234] "Kube-proxy configuration may be incomplete or incorrect" err="nodePortAddresses is unset; NodePort connections will be accepted on all local IPs. Consider using `--nodeport-addresses primary`"
2025-01-30 04:00:00,601 INFO c.h.h.t.HelmChartContainer - [K3S] [server.go:243] "kube-proxy running in dual-stack mode" primary ipFamily="IPv4"
2025-01-30 04:00:00,601 INFO c.h.h.t.HelmChartContainer - [K3S] [server_linux.go:170] "Using iptables Proxier"
2025-01-30 04:00:00,602 INFO c.h.h.t.HelmChartContainer - [K3S] [proxier.go:255] "Setting route_localnet=1 to allow node-ports on localhost; to change this either disable iptables.localhostNodePorts (--iptables-localhost-nodeports) or set nodePortAddresses (--nodeport-addresses) to filter loopback addresses"
2025-01-30 04:00:00,607 INFO c.h.h.t.HelmChartContainer - [K3S] [server.go:497] "Version info" version="v1.32.1+k3s1"
2025-01-30 04:00:00,607 INFO c.h.h.t.HelmChartContainer - [K3S] [server.go:499] "Golang settings" GOGC="" GOMAXPROCS="" GOTRACEBACK=""
2025-01-30 04:00:00,608 INFO c.h.h.t.HelmChartContainer - [K3S] [config.go:199] "Starting service config controller"
2025-01-30 04:00:00,609 INFO c.h.h.t.HelmChartContainer - [K3S] [config.go:105] "Starting endpoint slice config controller"
2025-01-30 04:00:00,609 INFO c.h.h.t.HelmChartContainer - [K3S] [config.go:329] "Starting node config controller"
2025-01-30 04:00:00,613 INFO c.h.h.t.HelmChartContainer - [K3S] [INFO] Done waiting for CRD helmchartconfigs.helm.cattle.io to become available
2025-01-30 04:00:00,613 INFO c.h.h.t.HelmChartContainer - [K3S] [INFO] Waiting for CRD helmcharts.helm.cattle.io to become available
2025-01-30 04:00:00,667 INFO c.h.h.t.HelmChartContainer - [K3S] [kubelet_node_status.go:502] "Fast updating node status as it just became ready"
2025-01-30 04:00:01,052 INFO c.h.h.t.HelmChartContainer - [K3S] [controllermanager.go:185] "Starting" version="v1.32.1+k3s1"
2025-01-30 04:00:01,052 INFO c.h.h.t.HelmChartContainer - [K3S] [controllermanager.go:187] "Golang settings" GOGC="" GOMAXPROCS="" GOTRACEBACK=""
2025-01-30 04:00:01,055 INFO c.h.h.t.HelmChartContainer - [K3S] [requestheader_controller.go:180] Starting RequestHeaderAuthRequestController
2025-01-30 04:00:01,055 INFO c.h.h.t.HelmChartContainer - [K3S] [configmap_cafile_content.go:205] "Starting controller" name="client-ca::kube-system::extension-apiserver-authentication::requestheader-client-ca-file"
2025-01-30 04:00:01,055 INFO c.h.h.t.HelmChartContainer - [K3S] [configmap_cafile_content.go:205] "Starting controller" name="client-ca::kube-system::extension-apiserver-authentication::client-ca-file"
2025-01-30 04:00:01,055 INFO c.h.h.t.HelmChartContainer - [K3S] [secure_serving.go:213] Serving securely on 127.0.0.1:10257
2025-01-30 04:00:01,055 INFO c.h.h.t.HelmChartContainer - [K3S] [tlsconfig.go:243] "Starting DynamicServingCertificateController"
2025-01-30 04:00:01,062 INFO c.h.h.t.HelmChartContainer - [K3S] [controllermanager.go:765] "Started controller" controller="serviceaccount-token-controller"
2025-01-30 04:00:01,066 INFO c.h.h.t.HelmChartContainer - [K3S] [controllermanager.go:765] "Started controller" controller="ttl-after-finished-controller"
2025-01-30 04:00:01,067 INFO c.h.h.t.HelmChartContainer - [K3S] [controllermanager.go:717] "Controller is disabled by a feature gate" controller="service-cidr-controller" requiredFeatureGates=["MultiCIDRServiceAllocator"]
2025-01-30 04:00:01,067 INFO c.h.h.t.HelmChartContainer - [K3S] [ttlafterfinished_controller.go:112] "Starting TTL after finished controller"
2025-01-30 04:00:01,072 INFO c.h.h.t.HelmChartContainer - [K3S] [controllermanager.go:765] "Started controller" controller="endpointslice-controller"
2025-01-30 04:00:01,072 INFO c.h.h.t.HelmChartContainer - [K3S] [endpointslice_controller.go:281] "Starting endpoint slice controller"
2025-01-30 04:00:01,084 INFO c.h.h.t.HelmChartContainer - [K3S] [graph_builder.go:351] "Running" component="GraphBuilder"
2025-01-30 04:00:01,084 INFO c.h.h.t.HelmChartContainer - [K3S] [controllermanager.go:765] "Started controller" controller="garbage-collector-controller"
2025-01-30 04:00:01,090 INFO c.h.h.t.HelmChartContainer - [K3S] [controllermanager.go:765] "Started controller" controller="cronjob-controller"
2025-01-30 04:00:01,090 INFO c.h.h.t.HelmChartContainer - [K3S] [controllermanager.go:723] "Skipping a cloud provider controller" controller="node-route-controller"
2025-01-30 04:00:01,090 INFO c.h.h.t.HelmChartContainer - [K3S] [cronjob_controllerv2.go:145] "Starting cronjob controller v2"
2025-01-30 04:00:01,097 INFO c.h.h.t.HelmChartContainer - [K3S] [controllermanager.go:765] "Started controller" controller="disruption-controller"
2025-01-30 04:00:01,098 INFO c.h.h.t.HelmChartContainer - [K3S] [disruption.go:452] "Sending events to api server."
2025-01-30 04:00:01,098 INFO c.h.h.t.HelmChartContainer - [K3S] [disruption.go:463] "Starting disruption controller"
2025-01-30 04:00:01,102 INFO c.h.h.t.HelmChartContainer - [K3S] [controllermanager.go:765] "Started controller" controller="certificatesigningrequest-cleaner-controller"
2025-01-30 04:00:01,103 INFO c.h.h.t.HelmChartContainer - [K3S] [cleaner.go:83] "Starting CSR cleaner controller"
2025-01-30 04:00:01,116 INFO c.h.h.t.HelmChartContainer - [K3S] [range_allocator.go:112] "No Secondary Service CIDR provided. Skipping filtering out secondary service addresses"
2025-01-30 04:00:01,116 INFO c.h.h.t.HelmChartContainer - [K3S] [controllermanager.go:765] "Started controller" controller="node-ipam-controller"
2025-01-30 04:00:01,116 INFO c.h.h.t.HelmChartContainer - [K3S] [node_ipam_controller.go:141] "Starting ipam controller"
2025-01-30 04:00:01,116 INFO c.h.h.t.HelmChartContainer - [K3S] [INFO] Done waiting for CRD helmcharts.helm.cattle.io to become available
2025-01-30 04:00:01,118 INFO c.h.h.t.HelmChartContainer - [K3S] [INFO] Writing static file: /var/lib/rancher/k3s/server/static/charts/traefik-crd-27.0.201+up27.0.2.tgz
2025-01-30 04:00:01,118 INFO c.h.h.t.HelmChartContainer - [K3S] [INFO] Writing static file: /var/lib/rancher/k3s/server/static/charts/traefik-27.0.201+up27.0.2.tgz
2025-01-30 04:00:01,120 INFO c.h.h.t.HelmChartContainer - [K3S] [INFO] Writing manifest: /var/lib/rancher/k3s/server/manifests/metrics-server/metrics-server-service.yaml
2025-01-30 04:00:01,120 INFO c.h.h.t.HelmChartContainer - [K3S] [INFO] Writing manifest: /var/lib/rancher/k3s/server/manifests/rolebindings.yaml
2025-01-30 04:00:01,120 INFO c.h.h.t.HelmChartContainer - [K3S] [INFO] Writing manifest: /var/lib/rancher/k3s/server/manifests/ccm.yaml
2025-01-30 04:00:01,120 INFO c.h.h.t.HelmChartContainer - [K3S] [INFO] Writing manifest: /var/lib/rancher/k3s/server/manifests/coredns.yaml
2025-01-30 04:00:01,120 INFO c.h.h.t.HelmChartContainer - [K3S] [INFO] Writing manifest: /var/lib/rancher/k3s/server/manifests/metrics-server/aggregated-metrics-reader.yaml
2025-01-30 04:00:01,121 INFO c.h.h.t.HelmChartContainer - [K3S] [INFO] Writing manifest: /var/lib/rancher/k3s/server/manifests/metrics-server/auth-delegator.yaml
2025-01-30 04:00:01,121 INFO c.h.h.t.HelmChartContainer - [K3S] [INFO] Writing manifest: /var/lib/rancher/k3s/server/manifests/metrics-server/auth-reader.yaml
2025-01-30 04:00:01,121 INFO c.h.h.t.HelmChartContainer - [K3S] [INFO] Writing manifest: /var/lib/rancher/k3s/server/manifests/metrics-server/metrics-server-deployment.yaml
2025-01-30 04:00:01,122 INFO c.h.h.t.HelmChartContainer - [K3S] [INFO] Writing manifest: /var/lib/rancher/k3s/server/manifests/runtimes.yaml
2025-01-30 04:00:01,122 INFO c.h.h.t.HelmChartContainer - [K3S] [INFO] Writing manifest: /var/lib/rancher/k3s/server/manifests/local-storage.yaml
2025-01-30 04:00:01,122 INFO c.h.h.t.HelmChartContainer - [K3S] [INFO] Writing manifest: /var/lib/rancher/k3s/server/manifests/metrics-server/metrics-apiservice.yaml
2025-01-30 04:00:01,122 INFO c.h.h.t.HelmChartContainer - [K3S] [INFO] Writing manifest: /var/lib/rancher/k3s/server/manifests/metrics-server/resource-reader.yaml
2025-01-30 04:00:01,123 INFO c.h.h.t.HelmChartContainer - [K3S] [INFO] Starting dynamiclistener CN filter node controller with SANs: [localhost 127.0.0.1 ::1 localhost eb90bc493249 172.18.0.2 10.43.0.1 kubernetes kubernetes.default kubernetes.default.svc kubernetes.default.svc.cluster.local]
2025-01-30 04:00:01,123 INFO c.h.h.t.HelmChartContainer - [K3S] [INFO] Tunnel server egress proxy mode: agent
2025-01-30 04:00:01,123 INFO c.h.h.t.HelmChartContainer - [K3S] [controllermanager.go:765] "Started controller" controller="persistentvolume-binder-controller"
2025-01-30 04:00:01,123 INFO c.h.h.t.HelmChartContainer - [K3S] [pv_controller_base.go:308] "Starting persistent volume controller"
2025-01-30 04:00:01,227 INFO c.h.h.t.HelmChartContainer - [K3S] [INFO] Starting k3s.cattle.io/v1, Kind=Addon controller
2025-01-30 04:00:01,227 INFO c.h.h.t.HelmChartContainer - [K3S] [INFO] Creating deploy event broadcaster
2025-01-30 04:00:01,264 INFO c.h.h.t.HelmChartContainer - [K3S] [controllermanager.go:765] "Started controller" controller="endpointslice-mirroring-controller"
2025-01-30 04:00:01,264 INFO c.h.h.t.HelmChartContainer - [K3S] [endpointslicemirroring_controller.go:227] "Starting EndpointSliceMirroring controller"
2025-01-30 04:00:01,279 INFO c.h.h.t.HelmChartContainer - [K3S] [apiserver.go:52] "Watching apiserver"
2025-01-30 04:00:01,300 INFO c.h.h.t.HelmChartContainer - [K3S] [desired_state_of_world_populator.go:157] "Finished populating initial desired state of world"
2025-01-30 04:00:01,331 INFO c.h.h.t.HelmChartContainer - [K3S] [INFO] Starting /v1, Kind=Node controller
2025-01-30 04:00:01,333 INFO c.h.h.t.HelmChartContainer - [K3S] [INFO] Creating helm-controller event broadcaster
2025-01-30 04:00:01,347 INFO c.h.h.t.HelmChartContainer - [K3S] [INFO] Cluster dns configmap has been set successfully
2025-01-30 04:00:01,355 INFO c.h.h.t.HelmChartContainer - [K3S] [INFO] Labels and annotations have been set successfully on node: eb90bc493249
2025-01-30 04:00:01,413 INFO c.h.h.t.HelmChartContainer - [K3S] [controllermanager.go:765] "Started controller" controller="pod-garbage-collector-controller"
2025-01-30 04:00:01,413 INFO c.h.h.t.HelmChartContainer - [K3S] [gc_controller.go:99] "Starting GC controller"
2025-01-30 04:00:01,442 INFO c.h.h.t.HelmChartContainer - [K3S] [INFO] Starting helm.cattle.io/v1, Kind=HelmChart controller
2025-01-30 04:00:01,443 INFO c.h.h.t.HelmChartContainer - [K3S] [INFO] Starting helm.cattle.io/v1, Kind=HelmChartConfig controller
2025-01-30 04:00:01,446 INFO c.h.h.t.HelmChartContainer - [K3S] [INFO] Starting rbac.authorization.k8s.io/v1, Kind=ClusterRoleBinding controller
2025-01-30 04:00:01,449 INFO c.h.h.t.HelmChartContainer - [K3S] [INFO] Starting batch/v1, Kind=Job controller
2025-01-30 04:00:01,449 INFO c.h.h.t.HelmChartContainer - [K3S] [INFO] Starting /v1, Kind=ConfigMap controller
2025-01-30 04:00:01,449 INFO c.h.h.t.HelmChartContainer - [K3S] [INFO] Starting /v1, Kind=ServiceAccount controller
2025-01-30 04:00:01,449 INFO c.h.h.t.HelmChartContainer - [K3S] [INFO] Starting /v1, Kind=Secret controller
2025-01-30 04:00:01,564 INFO c.h.h.t.HelmChartContainer - [K3S] [controllermanager.go:765] "Started controller" controller="serviceaccount-controller"
2025-01-30 04:00:01,564 INFO c.h.h.t.HelmChartContainer - [K3S] [serviceaccounts_controller.go:114] "Starting service account controller"
2025-01-30 04:00:01,713 INFO c.h.h.t.HelmChartContainer - [K3S] [controllermanager.go:765] "Started controller" controller="job-controller"
2025-01-30 04:00:01,713 INFO c.h.h.t.HelmChartContainer - [K3S] [job_controller.go:243] "Starting job controller"
2025-01-30 04:00:01,870 INFO c.h.h.t.HelmChartContainer - [K3S] [controllermanager.go:765] "Started controller" controller="persistentvolumeclaim-protection-controller"
2025-01-30 04:00:01,871 INFO c.h.h.t.HelmChartContainer - [K3S] [controllermanager.go:717] "Controller is disabled by a feature gate" controller="selinux-warning-controller" requiredFeatureGates=["SELinuxChangePolicy"]
2025-01-30 04:00:01,871 INFO c.h.h.t.HelmChartContainer - [K3S] [controllermanager.go:717] "Controller is disabled by a feature gate" controller="resourceclaim-controller" requiredFeatureGates=["DynamicResourceAllocation"]
2025-01-30 04:00:01,871 INFO c.h.h.t.HelmChartContainer - [K3S] [pvc_protection_controller.go:168] "Starting PVC protection controller"
2025-01-30 04:00:01,877 INFO c.h.h.t.HelmChartContainer - [K3S] [INFO] Updating TLS secret for kube-system/k3s-serving (count: 10): map[listener.cattle.io/cn-10.43.0.1:10.43.0.1 listener.cattle.io/cn-127.0.0.1:127.0.0.1 listener.cattle.io/cn-172.18.0.2:172.18.0.2 listener.cattle.io/cn-__1-f16284:::1 listener.cattle.io/cn-eb90bc493249:eb90bc493249 listener.cattle.io/cn-kubernetes:kubernetes listener.cattle.io/cn-kubernetes.default:kubernetes.default listener.cattle.io/cn-kubernetes.default.svc:kubernetes.default.svc listener.cattle.io/cn-kubernetes.default.svc.cluster.local:kubernetes.default.svc.cluster.local listener.cattle.io/cn-localhost:localhost listener.cattle.io/fingerprint:SHA1=C047BA0BF251C56C2972523037CC41E708E63590]
2025-01-30 04:00:01,880 INFO c.h.h.t.HelmChartContainer - [K3S] [INFO] Active TLS secret kube-system/k3s-serving (ver=243) (count 10): map[listener.cattle.io/cn-10.43.0.1:10.43.0.1 listener.cattle.io/cn-127.0.0.1:127.0.0.1 listener.cattle.io/cn-172.18.0.2:172.18.0.2 listener.cattle.io/cn-__1-f16284:::1 listener.cattle.io/cn-eb90bc493249:eb90bc493249 listener.cattle.io/cn-kubernetes:kubernetes listener.cattle.io/cn-kubernetes.default:kubernetes.default listener.cattle.io/cn-kubernetes.default.svc:kubernetes.default.svc listener.cattle.io/cn-kubernetes.default.svc.cluster.local:kubernetes.default.svc.cluster.local listener.cattle.io/cn-localhost:localhost listener.cattle.io/fingerprint:SHA1=C047BA0BF251C56C2972523037CC41E708E63590]
2025-01-30 04:00:01,974 INFO c.h.h.t.HelmChartContainer - [K3S] [INFO] Updating TLS secret for kube-system/k3s-serving (count: 10): map[listener.cattle.io/cn-10.43.0.1:10.43.0.1 listener.cattle.io/cn-127.0.0.1:127.0.0.1 listener.cattle.io/cn-172.18.0.2:172.18.0.2 listener.cattle.io/cn-__1-f16284:::1 listener.cattle.io/cn-eb90bc493249:eb90bc493249 listener.cattle.io/cn-kubernetes:kubernetes listener.cattle.io/cn-kubernetes.default:kubernetes.default listener.cattle.io/cn-kubernetes.default.svc:kubernetes.default.svc listener.cattle.io/cn-kubernetes.default.svc.cluster.local:kubernetes.default.svc.cluster.local listener.cattle.io/cn-localhost:localhost listener.cattle.io/fingerprint:SHA1=C047BA0BF251C56C2972523037CC41E708E63590]
2025-01-30 04:00:02,116 INFO c.h.h.t.HelmChartContainer - [K3S] [controllermanager.go:765] "Started controller" controller="namespace-controller"
2025-01-30 04:00:02,116 INFO c.h.h.t.HelmChartContainer - [K3S] [namespace_controller.go:202] "Starting namespace controller"
2025-01-30 04:00:02,263 INFO c.h.h.t.HelmChartContainer - [K3S] [controllermanager.go:765] "Started controller" controller="replicaset-controller"
2025-01-30 04:00:02,263 INFO c.h.h.t.HelmChartContainer - [K3S] [replica_set.go:217] "Starting controller" name="replicaset"
2025-01-30 04:00:02,313 INFO c.h.h.t.HelmChartContainer - [K3S] [controllermanager.go:765] "Started controller" controller="certificatesigningrequest-approving-controller"
2025-01-30 04:00:02,313 INFO c.h.h.t.HelmChartContainer - [K3S] [certificate_controller.go:120] "Starting certificate controller" name="csrapproving"
2025-01-30 04:00:02,463 INFO c.h.h.t.HelmChartContainer - [K3S] [controllermanager.go:765] "Started controller" controller="persistentvolume-protection-controller"
2025-01-30 04:00:02,464 INFO c.h.h.t.HelmChartContainer - [K3S] [controllermanager.go:717] "Controller is disabled by a feature gate" controller="kube-apiserver-serving-clustertrustbundle-publisher-controller" requiredFeatureGates=["ClusterTrustBundle"]
2025-01-30 04:00:02,464 INFO c.h.h.t.HelmChartContainer - [K3S] [controllermanager.go:717] "Controller is disabled by a feature gate" controller="storageversion-garbage-collector-controller" requiredFeatureGates=["APIServerIdentity","StorageVersionAPI"]
2025-01-30 04:00:02,464 INFO c.h.h.t.HelmChartContainer - [K3S] [pv_protection_controller.go:81] "Starting PV protection controller"
2025-01-30 04:00:02,614 INFO c.h.h.t.HelmChartContainer - [K3S] [controllermanager.go:765] "Started controller" controller="endpoints-controller"
2025-01-30 04:00:02,614 INFO c.h.h.t.HelmChartContainer - [K3S] [endpoints_controller.go:182] "Starting endpoint controller"
2025-01-30 04:00:02,765 INFO c.h.h.t.HelmChartContainer - [K3S] [controllermanager.go:765] "Started controller" controller="replicationcontroller-controller"
2025-01-30 04:00:02,766 INFO c.h.h.t.HelmChartContainer - [K3S] [replica_set.go:217] "Starting controller" name="replicationcontroller"
2025-01-30 04:00:02,775 INFO c.h.h.t.HelmChartContainer - [K3S] [event.go:389] "Event occurred" object="eb90bc493249" fieldPath="" kind="Node" apiVersion="" type="Normal" reason="NodePasswordValidationComplete" message="Deferred node password secret validation complete"
2025-01-30 04:00:03,062 INFO c.h.h.t.HelmChartContainer - [K3S] [controllermanager.go:765] "Started controller" controller="horizontal-pod-autoscaler-controller"
2025-01-30 04:00:03,062 INFO c.h.h.t.HelmChartContainer - [K3S] [horizontal.go:201] "Starting HPA controller"
2025-01-30 04:00:03,213 INFO c.h.h.t.HelmChartContainer - [K3S] [controllermanager.go:765] "Started controller" controller="clusterrole-aggregation-controller"
2025-01-30 04:00:03,213 INFO c.h.h.t.HelmChartContainer - [K3S] [clusterroleaggregation_controller.go:194] "Starting ClusterRoleAggregator controller"
2025-01-30 04:00:03,233 INFO c.h.h.t.HelmChartContainer - [K3S] [event.go:389] "Event occurred" object="kube-system/ccm" fieldPath="" kind="Addon" apiVersion="k3s.cattle.io/v1" type="Normal" reason="ApplyingManifest" message="Applying manifest at \"/var/lib/rancher/k3s/server/manifests/ccm.yaml\""
2025-01-30 04:00:03,253 INFO c.h.h.t.HelmChartContainer - [K3S] [event.go:389] "Event occurred" object="kube-system/ccm" fieldPath="" kind="Addon" apiVersion="k3s.cattle.io/v1" type="Normal" reason="AppliedManifest" message="Applied manifest at \"/var/lib/rancher/k3s/server/manifests/ccm.yaml\""
2025-01-30 04:00:03,263 INFO c.h.h.t.HelmChartContainer - [K3S] [event.go:389] "Event occurred" object="kube-system/coredns" fieldPath="" kind="Addon" apiVersion="k3s.cattle.io/v1" type="Normal" reason="ApplyingManifest" message="Applying manifest at \"/var/lib/rancher/k3s/server/manifests/coredns.yaml\""
2025-01-30 04:00:03,362 INFO c.h.h.t.HelmChartContainer - [K3S] [controllermanager.go:765] "Started controller" controller="ttl-controller"
2025-01-30 04:00:03,363 INFO c.h.h.t.HelmChartContainer - [K3S] [ttl_controller.go:127] "Starting TTL controller"
2025-01-30 04:00:03,370 INFO c.h.h.t.HelmChartContainer - [K3S] [alloc.go:330] "allocated clusterIPs" service="kube-system/kube-dns" clusterIPs={"IPv4":"10.43.0.10"}
2025-01-30 04:00:03,370 INFO c.h.h.t.HelmChartContainer - [K3S] [event.go:389] "Event occurred" object="kube-system/coredns" fieldPath="" kind="Addon" apiVersion="k3s.cattle.io/v1" type="Normal" reason="AppliedManifest" message="Applied manifest at \"/var/lib/rancher/k3s/server/manifests/coredns.yaml\""
2025-01-30 04:00:03,380 INFO c.h.h.t.HelmChartContainer - [K3S] [event.go:389] "Event occurred" object="kube-system/local-storage" fieldPath="" kind="Addon" apiVersion="k3s.cattle.io/v1" type="Normal" reason="ApplyingManifest" message="Applying manifest at \"/var/lib/rancher/k3s/server/manifests/local-storage.yaml\""
2025-01-30 04:00:03,470 INFO c.h.h.t.HelmChartContainer - [K3S] [event.go:389] "Event occurred" object="kube-system/local-storage" fieldPath="" kind="Addon" apiVersion="k3s.cattle.io/v1" type="Normal" reason="AppliedManifest" message="Applied manifest at \"/var/lib/rancher/k3s/server/manifests/local-storage.yaml\""
2025-01-30 04:00:03,476 INFO c.h.h.t.HelmChartContainer - [K3S] [event.go:389] "Event occurred" object="kube-system/aggregated-metrics-reader" fieldPath="" kind="Addon" apiVersion="k3s.cattle.io/v1" type="Normal" reason="ApplyingManifest" message="Applying manifest at \"/var/lib/rancher/k3s/server/manifests/metrics-server/aggregated-metrics-reader.yaml\""
2025-01-30 04:00:03,544 INFO c.h.h.t.HelmChartContainer - [K3S] [event.go:389] "Event occurred" object="kube-system/aggregated-metrics-reader" fieldPath="" kind="Addon" apiVersion="k3s.cattle.io/v1" type="Normal" reason="AppliedManifest" message="Applied manifest at \"/var/lib/rancher/k3s/server/manifests/metrics-server/aggregated-metrics-reader.yaml\""
2025-01-30 04:00:03,549 INFO c.h.h.t.HelmChartContainer - [K3S] [event.go:389] "Event occurred" object="kube-system/auth-delegator" fieldPath="" kind="Addon" apiVersion="k3s.cattle.io/v1" type="Normal" reason="ApplyingManifest" message="Applying manifest at \"/var/lib/rancher/k3s/server/manifests/metrics-server/auth-delegator.yaml\""
2025-01-30 04:00:03,554 INFO c.h.h.t.HelmChartContainer - [K3S] [event.go:389] "Event occurred" object="kube-system/auth-delegator" fieldPath="" kind="Addon" apiVersion="k3s.cattle.io/v1" type="Normal" reason="AppliedManifest" message="Applied manifest at \"/var/lib/rancher/k3s/server/manifests/metrics-server/auth-delegator.yaml\""
2025-01-30 04:00:03,562 INFO c.h.h.t.HelmChartContainer - [K3S] [event.go:389] "Event occurred" object="kube-system/auth-reader" fieldPath="" kind="Addon" apiVersion="k3s.cattle.io/v1" type="Normal" reason="ApplyingManifest" message="Applying manifest at \"/var/lib/rancher/k3s/server/manifests/metrics-server/auth-reader.yaml\""
2025-01-30 04:00:03,562 INFO c.h.h.t.HelmChartContainer - [K3S] [controllermanager.go:765] "Started controller" controller="validatingadmissionpolicy-status-controller"
2025-01-30 04:00:03,567 INFO c.h.h.t.HelmChartContainer - [K3S] [event.go:389] "Event occurred" object="kube-system/auth-reader" fieldPath="" kind="Addon" apiVersion="k3s.cattle.io/v1" type="Normal" reason="AppliedManifest" message="Applied manifest at \"/var/lib/rancher/k3s/server/manifests/metrics-server/auth-reader.yaml\""
2025-01-30 04:00:03,576 INFO c.h.h.t.HelmChartContainer - [K3S] [event.go:389] "Event occurred" object="kube-system/metrics-apiservice" fieldPath="" kind="Addon" apiVersion="k3s.cattle.io/v1" type="Normal" reason="ApplyingManifest" message="Applying manifest at \"/var/lib/rancher/k3s/server/manifests/metrics-server/metrics-apiservice.yaml\""
2025-01-30 04:00:03,584 INFO c.h.h.t.HelmChartContainer - [K3S] [event.go:389] "Event occurred" object="kube-system/metrics-apiservice" fieldPath="" kind="Addon" apiVersion="k3s.cattle.io/v1" type="Normal" reason="AppliedManifest" message="Applied manifest at \"/var/lib/rancher/k3s/server/manifests/metrics-server/metrics-apiservice.yaml\""
2025-01-30 04:00:03,593 INFO c.h.h.t.HelmChartContainer - [K3S] [handler_proxy.go:99] no RequestInfo found in the context
2025-01-30 04:00:03,593 INFO c.h.h.t.HelmChartContainer - [K3S] [controller.go:146] "Unhandled Error" err=<
2025-01-30 04:00:03,593 INFO c.h.h.t.HelmChartContainer - [K3S] 	, Header: map[Content-Type:[text/plain; charset=utf-8] X-Content-Type-Options:[nosniff]]
2025-01-30 04:00:03,593 INFO c.h.h.t.HelmChartContainer - [K3S]  >
2025-01-30 04:00:03,593 INFO c.h.h.t.HelmChartContainer - [K3S] [handler_proxy.go:143] error resolving kube-system/metrics-server: service "metrics-server" not found
2025-01-30 04:00:03,593 INFO c.h.h.t.HelmChartContainer - [K3S] [event.go:389] "Event occurred" object="kube-system/metrics-server-deployment" fieldPath="" kind="Addon" apiVersion="k3s.cattle.io/v1" type="Normal" reason="ApplyingManifest" message="Applying manifest at \"/var/lib/rancher/k3s/server/manifests/metrics-server/metrics-server-deployment.yaml\""
2025-01-30 04:00:03,605 INFO c.h.h.t.HelmChartContainer - [K3S] [event.go:389] "Event occurred" object="kube-system/metrics-server-deployment" fieldPath="" kind="Addon" apiVersion="k3s.cattle.io/v1" type="Normal" reason="AppliedManifest" message="Applied manifest at \"/var/lib/rancher/k3s/server/manifests/metrics-server/metrics-server-deployment.yaml\""
2025-01-30 04:00:03,611 INFO c.h.h.t.HelmChartContainer - [K3S] [event.go:389] "Event occurred" object="kube-system/metrics-server-service" fieldPath="" kind="Addon" apiVersion="k3s.cattle.io/v1" type="Normal" reason="ApplyingManifest" message="Applying manifest at \"/var/lib/rancher/k3s/server/manifests/metrics-server/metrics-server-service.yaml\""
2025-01-30 04:00:03,620 INFO c.h.h.t.HelmChartContainer - [K3S] [alloc.go:330] "allocated clusterIPs" service="kube-system/metrics-server" clusterIPs={"IPv4":"10.43.118.105"}
2025-01-30 04:00:03,621 INFO c.h.h.t.HelmChartContainer - [K3S] [event.go:389] "Event occurred" object="kube-system/metrics-server-service" fieldPath="" kind="Addon" apiVersion="k3s.cattle.io/v1" type="Normal" reason="AppliedManifest" message="Applied manifest at \"/var/lib/rancher/k3s/server/manifests/metrics-server/metrics-server-service.yaml\""
2025-01-30 04:00:03,626 INFO c.h.h.t.HelmChartContainer - [K3S] [handler_proxy.go:99] no RequestInfo found in the context
2025-01-30 04:00:03,626 INFO c.h.h.t.HelmChartContainer - [K3S] [controller.go:146] "Unhandled Error" err=<
2025-01-30 04:00:03,626 INFO c.h.h.t.HelmChartContainer - [K3S] 	, Header: map[Content-Type:[text/plain; charset=utf-8] X-Content-Type-Options:[nosniff]]
2025-01-30 04:00:03,627 INFO c.h.h.t.HelmChartContainer - [K3S]  >
2025-01-30 04:00:03,627 INFO c.h.h.t.HelmChartContainer - [K3S] [handler_proxy.go:143] error resolving kube-system/metrics-server: endpoints "metrics-server" not found
2025-01-30 04:00:03,630 INFO c.h.h.t.HelmChartContainer - [K3S] [event.go:389] "Event occurred" object="kube-system/resource-reader" fieldPath="" kind="Addon" apiVersion="k3s.cattle.io/v1" type="Normal" reason="ApplyingManifest" message="Applying manifest at \"/var/lib/rancher/k3s/server/manifests/metrics-server/resource-reader.yaml\""
2025-01-30 04:00:03,655 INFO c.h.h.t.HelmChartContainer - [K3S] [event.go:389] "Event occurred" object="kube-system/resource-reader" fieldPath="" kind="Addon" apiVersion="k3s.cattle.io/v1" type="Normal" reason="AppliedManifest" message="Applied manifest at \"/var/lib/rancher/k3s/server/manifests/metrics-server/resource-reader.yaml\""
2025-01-30 04:00:03,662 INFO c.h.h.t.HelmChartContainer - [K3S] [event.go:389] "Event occurred" object="kube-system/rolebindings" fieldPath="" kind="Addon" apiVersion="k3s.cattle.io/v1" type="Normal" reason="ApplyingManifest" message="Applying manifest at \"/var/lib/rancher/k3s/server/manifests/rolebindings.yaml\""
2025-01-30 04:00:03,714 INFO c.h.h.t.HelmChartContainer - [K3S] [controllermanager.go:765] "Started controller" controller="persistentvolume-expander-controller"
2025-01-30 04:00:03,714 INFO c.h.h.t.HelmChartContainer - [K3S] [controllermanager.go:717] "Controller is disabled by a feature gate" controller="volumeattributesclass-protection-controller" requiredFeatureGates=["VolumeAttributesClass"]
2025-01-30 04:00:03,714 INFO c.h.h.t.HelmChartContainer - [K3S] [expand_controller.go:329] "Starting expand controller"
2025-01-30 04:00:03,764 INFO c.h.h.t.HelmChartContainer - [K3S] [controllermanager.go:765] "Started controller" controller="taint-eviction-controller"
2025-01-30 04:00:03,764 INFO c.h.h.t.HelmChartContainer - [K3S] [taint_eviction.go:281] "Starting" controller="taint-eviction-controller"
2025-01-30 04:00:03,764 INFO c.h.h.t.HelmChartContainer - [K3S] [taint_eviction.go:287] "Sending events to api server"
2025-01-30 04:00:03,772 INFO c.h.h.t.HelmChartContainer - [K3S] [event.go:389] "Event occurred" object="kube-system/rolebindings" fieldPath="" kind="Addon" apiVersion="k3s.cattle.io/v1" type="Normal" reason="AppliedManifest" message="Applied manifest at \"/var/lib/rancher/k3s/server/manifests/rolebindings.yaml\""
2025-01-30 04:00:03,782 INFO c.h.h.t.HelmChartContainer - [K3S] [event.go:389] "Event occurred" object="kube-system/runtimes" fieldPath="" kind="Addon" apiVersion="k3s.cattle.io/v1" type="Normal" reason="ApplyingManifest" message="Applying manifest at \"/var/lib/rancher/k3s/server/manifests/runtimes.yaml\""
2025-01-30 04:00:03,808 INFO c.h.h.t.HelmChartContainer - [K3S] [event.go:389] "Event occurred" object="kube-system/runtimes" fieldPath="" kind="Addon" apiVersion="k3s.cattle.io/v1" type="Normal" reason="AppliedManifest" message="Applied manifest at \"/var/lib/rancher/k3s/server/manifests/runtimes.yaml\""
2025-01-30 04:00:04,070 INFO c.h.h.t.HelmChartContainer - [K3S] [controllermanager.go:765] "Started controller" controller="resourcequota-controller"
2025-01-30 04:00:04,070 INFO c.h.h.t.HelmChartContainer - [K3S] [resource_quota_controller.go:300] "Starting resource quota controller"
2025-01-30 04:00:04,213 INFO c.h.h.t.HelmChartContainer - [K3S] [controllermanager.go:765] "Started controller" controller="statefulset-controller"
2025-01-30 04:00:04,214 INFO c.h.h.t.HelmChartContainer - [K3S] [stateful_set.go:166] "Starting stateful set controller"
2025-01-30 04:00:04,264 INFO c.h.h.t.HelmChartContainer - [K3S] [controllermanager.go:765] "Started controller" controller="certificatesigningrequest-signing-controller"
2025-01-30 04:00:04,264 INFO c.h.h.t.HelmChartContainer - [K3S] [certificate_controller.go:120] "Starting certificate controller" name="csrsigning-legacy-unknown"
2025-01-30 04:00:04,265 INFO c.h.h.t.HelmChartContainer - [K3S] [certificate_controller.go:120] "Starting certificate controller" name="csrsigning-kubelet-serving"
2025-01-30 04:00:04,265 INFO c.h.h.t.HelmChartContainer - [K3S] [certificate_controller.go:120] "Starting certificate controller" name="csrsigning-kubelet-client"
2025-01-30 04:00:04,265 INFO c.h.h.t.HelmChartContainer - [K3S] [certificate_controller.go:120] "Starting certificate controller" name="csrsigning-kube-apiserver-client"
2025-01-30 04:00:04,273 INFO c.h.h.t.HelmChartContainer - [K3S] [dynamic_serving_content.go:135] "Starting controller" name="csr-controller::/var/lib/rancher/k3s/server/tls/server-ca.nochain.crt::/var/lib/rancher/k3s/server/tls/server-ca.key"
2025-01-30 04:00:04,273 INFO c.h.h.t.HelmChartContainer - [K3S] [dynamic_serving_content.go:135] "Starting controller" name="csr-controller::/var/lib/rancher/k3s/server/tls/server-ca.nochain.crt::/var/lib/rancher/k3s/server/tls/server-ca.key"
2025-01-30 04:00:04,273 INFO c.h.h.t.HelmChartContainer - [K3S] [dynamic_serving_content.go:135] "Starting controller" name="csr-controller::/var/lib/rancher/k3s/server/tls/client-ca.nochain.crt::/var/lib/rancher/k3s/server/tls/client-ca.key"
2025-01-30 04:00:04,273 INFO c.h.h.t.HelmChartContainer - [K3S] [dynamic_serving_content.go:135] "Starting controller" name="csr-controller::/var/lib/rancher/k3s/server/tls/client-ca.nochain.crt::/var/lib/rancher/k3s/server/tls/client-ca.key"
2025-01-30 04:00:04,273 INFO c.h.h.t.HelmChartContainer - [K3S] [INFO] Tunnel authorizer set Kubelet Port 0.0.0.0:10250
2025-01-30 04:00:04,413 INFO c.h.h.t.HelmChartContainer - [K3S] [controllermanager.go:765] "Started controller" controller="persistentvolume-attach-detach-controller"
2025-01-30 04:00:04,416 INFO c.h.h.t.HelmChartContainer - [K3S] [attach_detach_controller.go:338] "Starting attach detach controller"
2025-01-30 04:00:04,563 INFO c.h.h.t.HelmChartContainer - [K3S] [controllermanager.go:765] "Started controller" controller="root-ca-certificate-publisher-controller"
2025-01-30 04:00:04,563 INFO c.h.h.t.HelmChartContainer - [K3S] [publisher.go:107] "Starting root CA cert publisher controller"
2025-01-30 04:00:04,583 INFO c.h.h.t.HelmChartContainer - [K3S] [handler_proxy.go:99] no RequestInfo found in the context
2025-01-30 04:00:04,584 INFO c.h.h.t.HelmChartContainer - [K3S] [handler_proxy.go:99] no RequestInfo found in the context
2025-01-30 04:00:04,584 INFO c.h.h.t.HelmChartContainer - [K3S] [controller.go:102] "Unhandled Error" err=<
2025-01-30 04:00:04,584 INFO c.h.h.t.HelmChartContainer - [K3S] 	, Header: map[Content-Type:[text/plain; charset=utf-8] X-Content-Type-Options:[nosniff]]
2025-01-30 04:00:04,584 INFO c.h.h.t.HelmChartContainer - [K3S]  >
2025-01-30 04:00:04,594 INFO c.h.h.t.HelmChartContainer - [K3S] [serving.go:392] Generated self-signed cert in-memory
2025-01-30 04:00:04,714 INFO c.h.h.t.HelmChartContainer - [K3S] [controllermanager.go:765] "Started controller" controller="ephemeral-volume-controller"
2025-01-30 04:00:04,714 INFO c.h.h.t.HelmChartContainer - [K3S] [controller.go:173] "Starting ephemeral volume controller"
2025-01-30 04:00:04,863 INFO c.h.h.t.HelmChartContainer - [K3S] [controllermanager.go:765] "Started controller" controller="legacy-serviceaccount-token-cleaner-controller"
2025-01-30 04:00:04,864 INFO c.h.h.t.HelmChartContainer - [K3S] [legacy_serviceaccount_token_cleaner.go:103] "Starting legacy service account token cleaner controller"
2025-01-30 04:00:05,014 INFO c.h.h.t.HelmChartContainer - [K3S] [controllermanager.go:765] "Started controller" controller="daemonset-controller"
2025-01-30 04:00:05,014 INFO c.h.h.t.HelmChartContainer - [K3S] [daemon_controller.go:294] "Starting daemon sets controller"
2025-01-30 04:00:05,137 INFO c.h.h.t.HelmChartContainer - [K3S] [serving.go:392] Generated self-signed cert in-memory
2025-01-30 04:00:05,171 INFO c.h.h.t.HelmChartContainer - [K3S] [controllermanager.go:765] "Started controller" controller="deployment-controller"
2025-01-30 04:00:05,171 INFO c.h.h.t.HelmChartContainer - [K3S] [controllermanager.go:723] "Skipping a cloud provider controller" controller="service-lb-controller"
2025-01-30 04:00:05,171 INFO c.h.h.t.HelmChartContainer - [K3S] [controllermanager.go:723] "Skipping a cloud provider controller" controller="cloud-node-lifecycle-controller"
2025-01-30 04:00:05,171 INFO c.h.h.t.HelmChartContainer - [K3S] [controllermanager.go:728] "Warning: controller is disabled" controller="bootstrap-signer-controller"
2025-01-30 04:00:05,171 INFO c.h.h.t.HelmChartContainer - [K3S] [deployment_controller.go:173] "Starting controller" controller="deployment"
2025-01-30 04:00:05,268 INFO c.h.h.t.HelmChartContainer - [K3S] [INFO] Started tunnel to 172.18.0.2:6443
2025-01-30 04:00:05,268 INFO c.h.h.t.HelmChartContainer - [K3S] [INFO] Stopped tunnel to 127.0.0.1:6443
2025-01-30 04:00:05,268 INFO c.h.h.t.HelmChartContainer - [K3S] [INFO] Connecting to proxy" url="wss://172.18.0.2:6443/v1-k3s/connect
2025-01-30 04:00:05,269 INFO c.h.h.t.HelmChartContainer - [K3S] [INFO] Proxy done" err="context canceled" url="wss://127.0.0.1:6443/v1-k3s/connect
2025-01-30 04:00:05,269 INFO c.h.h.t.HelmChartContainer - [K3S] [INFO] error in remotedialer server [400]: websocket: close 1006 (abnormal closure): unexpected EOF
2025-01-30 04:00:05,270 INFO c.h.h.t.HelmChartContainer - [K3S] [INFO] Handling backend connection request [eb90bc493249]
2025-01-30 04:00:05,270 INFO c.h.h.t.HelmChartContainer - [K3S] [INFO] Remotedialer connected to proxy" url="wss://172.18.0.2:6443/v1-k3s/connect
2025-01-30 04:00:05,314 INFO c.h.h.t.HelmChartContainer - [K3S] [controllermanager.go:765] "Started controller" controller="token-cleaner-controller"
2025-01-30 04:00:05,314 INFO c.h.h.t.HelmChartContainer - [K3S] [tokencleaner.go:117] "Starting token cleaner controller"
2025-01-30 04:00:05,363 INFO c.h.h.t.HelmChartContainer - [K3S] [node_lifecycle_controller.go:432] "Controller will reconcile labels"
2025-01-30 04:00:05,363 INFO c.h.h.t.HelmChartContainer - [K3S] [controllermanager.go:765] "Started controller" controller="node-lifecycle-controller"
2025-01-30 04:00:05,363 INFO c.h.h.t.HelmChartContainer - [K3S] [controllermanager.go:743] "Warning: skipping controller" controller="storage-version-migrator-controller"
2025-01-30 04:00:05,363 INFO c.h.h.t.HelmChartContainer - [K3S] [node_lifecycle_controller.go:466] "Sending events to api server"
2025-01-30 04:00:05,363 INFO c.h.h.t.HelmChartContainer - [K3S] [node_lifecycle_controller.go:477] "Starting node controller"
2025-01-30 04:00:05,390 INFO c.h.h.t.HelmChartContainer - [K3S] [actual_state_of_world.go:541] "Failed to update statusUpdateNeeded field in actual state of world" err="Failed to set statusUpdateNeeded to needed true, because nodeName=\"eb90bc493249\" does not exist"
2025-01-30 04:00:05,416 INFO c.h.h.t.HelmChartContainer - [K3S] [range_allocator.go:177] "Sending events to api server"
2025-01-30 04:00:05,416 INFO c.h.h.t.HelmChartContainer - [K3S] [range_allocator.go:183] "Starting range CIDR allocator"
2025-01-30 04:00:05,421 INFO c.h.h.t.HelmChartContainer - [K3S] [range_allocator.go:428] "Set node PodCIDR" node="eb90bc493249" podCIDRs=["10.42.0.0/24"]
2025-01-30 04:00:05,422 INFO c.h.h.t.HelmChartContainer - [K3S] [range_allocator.go:247] "Successfully synced" key="eb90bc493249"
2025-01-30 04:00:05,423 INFO c.h.h.t.HelmChartContainer - [K3S] [INFO] Flannel found PodCIDR assigned for node eb90bc493249
2025-01-30 04:00:05,423 INFO c.h.h.t.HelmChartContainer - [K3S] [range_allocator.go:247] "Successfully synced" key="eb90bc493249"
2025-01-30 04:00:05,424 INFO c.h.h.t.HelmChartContainer - [K3S] [INFO] The interface eth0 with ipv4 address 172.18.0.2 will be used by flannel
2025-01-30 04:00:05,425 INFO c.h.h.t.HelmChartContainer - [K3S] [kube.go:139] Waiting 10m0s for node controller to sync
2025-01-30 04:00:05,425 INFO c.h.h.t.HelmChartContainer - [K3S] [kube.go:469] Starting kube subnet manager
2025-01-30 04:00:05,433 INFO c.h.h.t.HelmChartContainer - [K3S] [INFO] Updated coredns NodeHosts entry for eb90bc493249
2025-01-30 04:00:05,436 INFO c.h.h.t.HelmChartContainer - [K3S] [INFO] Network policy controller waiting for removal of node.cloudprovider.kubernetes.io/uninitialized taint
2025-01-30 04:00:05,467 INFO c.h.h.t.HelmChartContainer - [K3S] [node_lifecycle_controller.go:1234] "Initializing eviction metric for zone" zone=""
2025-01-30 04:00:05,467 INFO c.h.h.t.HelmChartContainer - [K3S] [node_lifecycle_controller.go:886] "Missing timestamp for Node. Assuming now as a timestamp" node="eb90bc493249"
2025-01-30 04:00:05,467 INFO c.h.h.t.HelmChartContainer - [K3S] [node_lifecycle_controller.go:1080] "Controller detected that zone is now in new state" zone="" newState="Normal"
2025-01-30 04:00:05,479 INFO c.h.h.t.HelmChartContainer - [K3S] [range_allocator.go:247] "Successfully synced" key="eb90bc493249"
2025-01-30 04:00:05,539 INFO c.h.h.t.HelmChartContainer - [K3S] [controllermanager.go:160] Version: v1.32.1+k3s1
2025-01-30 04:00:05,543 INFO c.h.h.t.HelmChartContainer - [K3S] [requestheader_controller.go:180] Starting RequestHeaderAuthRequestController
2025-01-30 04:00:05,544 INFO c.h.h.t.HelmChartContainer - [K3S] [configmap_cafile_content.go:205] "Starting controller" name="client-ca::kube-system::extension-apiserver-authentication::requestheader-client-ca-file"
2025-01-30 04:00:05,544 INFO c.h.h.t.HelmChartContainer - [K3S] [configmap_cafile_content.go:205] "Starting controller" name="client-ca::kube-system::extension-apiserver-authentication::client-ca-file"
2025-01-30 04:00:05,544 INFO c.h.h.t.HelmChartContainer - [K3S] [secure_serving.go:213] Serving securely on 127.0.0.1:10258
2025-01-30 04:00:05,544 INFO c.h.h.t.HelmChartContainer - [K3S] [tlsconfig.go:243] "Starting DynamicServingCertificateController"
2025-01-30 04:00:05,546 INFO c.h.h.t.HelmChartContainer - [K3S] [INFO] Creating service-lb-controller event broadcaster
2025-01-30 04:00:05,659 INFO c.h.h.t.HelmChartContainer - [K3S] [INFO] Starting /v1, Kind=Node controller
2025-01-30 04:00:05,662 INFO c.h.h.t.HelmChartContainer - [K3S] [INFO] Starting /v1, Kind=Pod controller
2025-01-30 04:00:05,664 INFO c.h.h.t.HelmChartContainer - [K3S] [INFO] Starting apps/v1, Kind=DaemonSet controller
2025-01-30 04:00:05,668 INFO c.h.h.t.HelmChartContainer - [K3S] [controllermanager.go:306] "node-route-controller" is disabled
2025-01-30 04:00:05,669 INFO c.h.h.t.HelmChartContainer - [K3S] [INFO] Starting discovery.k8s.io/v1, Kind=EndpointSlice controller
2025-01-30 04:00:05,674 INFO c.h.h.t.HelmChartContainer - [K3S] [controllermanager.go:329] Started "cloud-node-controller"
2025-01-30 04:00:05,674 INFO c.h.h.t.HelmChartContainer - [K3S] [node_controller.go:176] Sending events to api server.
2025-01-30 04:00:05,675 INFO c.h.h.t.HelmChartContainer - [K3S] [node_controller.go:185] Waiting for informer caches to sync
2025-01-30 04:00:05,677 INFO c.h.h.t.HelmChartContainer - [K3S] [controllermanager.go:329] Started "cloud-node-lifecycle-controller"
2025-01-30 04:00:05,678 INFO c.h.h.t.HelmChartContainer - [K3S] [node_lifecycle_controller.go:112] Sending events to api server
2025-01-30 04:00:05,678 INFO c.h.h.t.HelmChartContainer - [K3S] [controllermanager.go:329] Started "service-lb-controller"
2025-01-30 04:00:05,678 INFO c.h.h.t.HelmChartContainer - [K3S] [controller.go:234] Starting service controller
2025-01-30 04:00:05,773 INFO c.h.h.t.HelmChartContainer - [K3S] [node_controller.go:429] Initializing node eb90bc493249 with cloud provider
2025-01-30 04:00:05,777 INFO c.h.h.t.HelmChartContainer - [K3S] [node_controller.go:474] Successfully initialized node eb90bc493249 with cloud provider
2025-01-30 04:00:05,780 INFO c.h.h.t.HelmChartContainer - [K3S] [event.go:389] "Event occurred" object="eb90bc493249" fieldPath="" kind="Node" apiVersion="v1" type="Normal" reason="Synced" message="Node synced successfully"
2025-01-30 04:00:05,782 INFO c.h.h.t.HelmChartContainer - [K3S] [range_allocator.go:247] "Successfully synced" key="eb90bc493249"
2025-01-30 04:00:05,924 INFO c.h.h.t.HelmChartContainer - [K3S] [range_allocator.go:247] "Successfully synced" key="eb90bc493249"
2025-01-30 04:00:06,057 INFO c.h.h.t.HelmChartContainer - [K3S] [serving.go:392] Generated self-signed cert in-memory
2025-01-30 04:00:06,171 INFO c.h.h.t.HelmChartContainer - [K3S] [handler_proxy.go:99] no RequestInfo found in the context
2025-01-30 04:00:06,171 INFO c.h.h.t.HelmChartContainer - [K3S] [controller.go:146] "Unhandled Error" err=<
2025-01-30 04:00:06,171 INFO c.h.h.t.HelmChartContainer - [K3S] 	, Header: map[Content-Type:[text/plain; charset=utf-8] X-Content-Type-Options:[nosniff]]
2025-01-30 04:00:06,171 INFO c.h.h.t.HelmChartContainer - [K3S]  >
2025-01-30 04:00:06,172 INFO c.h.h.t.HelmChartContainer - [K3S] [handler_proxy.go:143] error resolving kube-system/metrics-server: no endpoints available for service "metrics-server"
2025-01-30 04:00:06,292 INFO c.h.h.t.HelmChartContainer - [K3S] [replica_set.go:679] "Finished syncing" kind="ReplicaSet" key="kube-system/local-path-provisioner-698b58967b" duration="210.708173ms"
2025-01-30 04:00:06,297 INFO c.h.h.t.HelmChartContainer - [K3S] [replica_set.go:679] "Finished syncing" kind="ReplicaSet" key="kube-system/metrics-server-8584b5786c" duration="223.436309ms"
2025-01-30 04:00:06,305 INFO c.h.h.t.HelmChartContainer - [K3S] [replica_set.go:679] "Finished syncing" kind="ReplicaSet" key="kube-system/coredns-ff8999cc5" duration="227.993376ms"
2025-01-30 04:00:06,321 INFO c.h.h.t.HelmChartContainer - [K3S] [replica_set.go:679] "Finished syncing" kind="ReplicaSet" key="kube-system/metrics-server-8584b5786c" duration="22.81091ms"
2025-01-30 04:00:06,321 INFO c.h.h.t.HelmChartContainer - [K3S] [replica_set.go:679] "Finished syncing" kind="ReplicaSet" key="kube-system/metrics-server-8584b5786c" duration="56.516µs"
2025-01-30 04:00:06,328 INFO c.h.h.t.HelmChartContainer - [K3S] [replica_set.go:679] "Finished syncing" kind="ReplicaSet" key="kube-system/local-path-provisioner-698b58967b" duration="40.619563ms"
2025-01-30 04:00:06,331 INFO c.h.h.t.HelmChartContainer - [K3S] [replica_set.go:679] "Finished syncing" kind="ReplicaSet" key="kube-system/local-path-provisioner-698b58967b" duration="1.389031ms"
2025-01-30 04:00:06,331 INFO c.h.h.t.HelmChartContainer - [K3S] [replica_set.go:679] "Finished syncing" kind="ReplicaSet" key="kube-system/local-path-provisioner-698b58967b" duration="38.953µs"
2025-01-30 04:00:06,348 INFO c.h.h.t.HelmChartContainer - [K3S] [replica_set.go:679] "Finished syncing" kind="ReplicaSet" key="kube-system/coredns-ff8999cc5" duration="43.66781ms"
2025-01-30 04:00:06,349 INFO c.h.h.t.HelmChartContainer - [K3S] [replica_set.go:679] "Finished syncing" kind="ReplicaSet" key="kube-system/coredns-ff8999cc5" duration="682.127µs"
2025-01-30 04:00:06,351 INFO c.h.h.t.HelmChartContainer - [K3S] [replica_set.go:679] "Finished syncing" kind="ReplicaSet" key="kube-system/coredns-ff8999cc5" duration="52.699µs"
2025-01-30 04:00:06,426 INFO c.h.h.t.HelmChartContainer - [K3S] [kube.go:146] Node controller sync successful
2025-01-30 04:00:06,426 INFO c.h.h.t.HelmChartContainer - [K3S] [vxlan.go:141] VXLAN config: VNI=1 Port=0 GBP=false Learning=false DirectRouting=false
2025-01-30 04:00:06,428 INFO c.h.h.t.HelmChartContainer - [K3S] [kube.go:636] List of node(eb90bc493249) annotations: map[string]string{"alpha.kubernetes.io/provided-node-ip":"172.18.0.2", "k3s.io/hostname":"eb90bc493249", "k3s.io/internal-ip":"172.18.0.2", "k3s.io/node-args":"[\"server\",\"--etcd-arg\",\"unsafe-no-fsync\",\"--etcd-arg\",\"snapshot-count=10000\",\"--etcd-arg\",\"auto-compaction-mode=revision\",\"--etcd-arg\",\"auto-compaction-retention=1000000\",\"--kube-apiserver-arg\",\"etcd-compaction-interval=0s\",\"--disable\",\"traefik\",\"--tls-san\",\"localhost\"]", "k3s.io/node-config-hash":"2QNNT5M5XUBFOLO5XPGEVGOM5UDLHHTIVMSRUPAUHE5DU3HUYQUQ====", "k3s.io/node-env":"{}", "node.alpha.kubernetes.io/ttl":"0", "volumes.kubernetes.io/controller-managed-attach-detach":"true"}
2025-01-30 04:00:06,435 INFO c.h.h.t.HelmChartContainer - [K3S] [iptables.go:51] Starting flannel in iptables mode...
2025-01-30 04:00:06,435 INFO c.h.h.t.HelmChartContainer - [K3S] [range_allocator.go:247] "Successfully synced" key="eb90bc493249"
2025-01-30 04:00:06,435 INFO c.h.h.t.HelmChartContainer - [K3S] [WARNING] no subnet found for key: FLANNEL_NETWORK in file: /run/flannel/subnet.env
2025-01-30 04:00:06,435 INFO c.h.h.t.HelmChartContainer - [K3S] [WARNING] no subnet found for key: FLANNEL_SUBNET in file: /run/flannel/subnet.env
2025-01-30 04:00:06,435 INFO c.h.h.t.HelmChartContainer - [K3S] [WARNING] no subnet found for key: FLANNEL_IPV6_NETWORK in file: /run/flannel/subnet.env
2025-01-30 04:00:06,435 INFO c.h.h.t.HelmChartContainer - [K3S] [WARNING] no subnet found for key: FLANNEL_IPV6_SUBNET in file: /run/flannel/subnet.env
2025-01-30 04:00:06,435 INFO c.h.h.t.HelmChartContainer - [K3S] [iptables.go:115] Current network or subnet (10.42.0.0/16, 10.42.0.0/24) is not equal to previous one (0.0.0.0/0, 0.0.0.0/0), trying to recycle old iptables rules
2025-01-30 04:00:06,436 INFO c.h.h.t.HelmChartContainer - [K3S] [kube.go:490] Creating the node lease for IPv4. This is the n.Spec.PodCIDRs: [10.42.0.0/24]
2025-01-30 04:00:06,443 INFO c.h.h.t.HelmChartContainer - [K3S] [iptables.go:125] Setting up masking rules
2025-01-30 04:00:06,445 INFO c.h.h.t.HelmChartContainer - [K3S] [iptables.go:226] Changing default FORWARD chain policy to ACCEPT
2025-01-30 04:00:06,447 INFO c.h.h.t.HelmChartContainer - [K3S] [INFO] Wrote flannel subnet file to /run/flannel/subnet.env
2025-01-30 04:00:06,447 INFO c.h.h.t.HelmChartContainer - [K3S] [INFO] Running flannel backend.
2025-01-30 04:00:06,447 INFO c.h.h.t.HelmChartContainer - [K3S] [vxlan_network.go:65] watching for new subnet leases
2025-01-30 04:00:06,457 INFO c.h.h.t.HelmChartContainer - [K3S] [iptables.go:372] bootstrap done
2025-01-30 04:00:06,461 INFO c.h.h.t.HelmChartContainer - [K3S] [iptables.go:372] bootstrap done
2025-01-30 04:00:06,662 INFO c.h.h.t.HelmChartContainer - [K3S] [server.go:164] "Starting Kubernetes Scheduler" version="v1.32.1+k3s1"
2025-01-30 04:00:06,662 INFO c.h.h.t.HelmChartContainer - [K3S] [server.go:166] "Golang settings" GOGC="" GOMAXPROCS="" GOTRACEBACK=""
2025-01-30 04:00:06,666 INFO c.h.h.t.HelmChartContainer - [K3S] [requestheader_controller.go:180] Starting RequestHeaderAuthRequestController
2025-01-30 04:00:06,666 INFO c.h.h.t.HelmChartContainer - [K3S] [configmap_cafile_content.go:205] "Starting controller" name="client-ca::kube-system::extension-apiserver-authentication::client-ca-file"
2025-01-30 04:00:06,666 INFO c.h.h.t.HelmChartContainer - [K3S] [configmap_cafile_content.go:205] "Starting controller" name="client-ca::kube-system::extension-apiserver-authentication::requestheader-client-ca-file"
2025-01-30 04:00:06,666 INFO c.h.h.t.HelmChartContainer - [K3S] [secure_serving.go:213] Serving securely on 127.0.0.1:10259
2025-01-30 04:00:06,667 INFO c.h.h.t.HelmChartContainer - [K3S] [tlsconfig.go:243] "Starting DynamicServingCertificateController"
2025-01-30 04:00:06,775 INFO c.h.h.t.HelmChartContainer - [K3S] [replica_set.go:679] "Finished syncing" kind="ReplicaSet" key="kube-system/local-path-provisioner-698b58967b" duration="44.694µs"
2025-01-30 04:00:06,776 INFO c.h.h.t.HelmChartContainer - [K3S] [replica_set.go:679] "Finished syncing" kind="ReplicaSet" key="kube-system/metrics-server-8584b5786c" duration="28.684µs"
2025-01-30 04:00:06,776 INFO c.h.h.t.HelmChartContainer - [K3S] [replica_set.go:679] "Finished syncing" kind="ReplicaSet" key="kube-system/coredns-ff8999cc5" duration="41.549µs"
2025-01-30 04:00:06,797 INFO c.h.h.t.HelmChartContainer - [K3S] [replica_set.go:679] "Finished syncing" kind="ReplicaSet" key="kube-system/local-path-provisioner-698b58967b" duration="44.152µs"
2025-01-30 04:00:06,809 INFO c.h.h.t.HelmChartContainer - [K3S] [replica_set.go:679] "Finished syncing" kind="ReplicaSet" key="kube-system/coredns-ff8999cc5" duration="44.323µs"
2025-01-30 04:00:06,818 INFO c.h.h.t.HelmChartContainer - [K3S] [replica_set.go:679] "Finished syncing" kind="ReplicaSet" key="kube-system/metrics-server-8584b5786c" duration="34.915µs"
2025-01-30 04:00:06,843 INFO c.h.h.t.HelmChartContainer - [K3S] [reconciler_common.go:251] "operationExecutor.VerifyControllerAttachedVolume started for volume \"config-volume\" (UniqueName: \"kubernetes.io/configmap/651a0a7c-4d98-410f-b7ab-ffb89ff9d43c-config-volume\") pod \"local-path-provisioner-698b58967b-c7sdr\" (UID: \"651a0a7c-4d98-410f-b7ab-ffb89ff9d43c\") " pod="kube-system/local-path-provisioner-698b58967b-c7sdr"
2025-01-30 04:00:06,843 INFO c.h.h.t.HelmChartContainer - [K3S] [reconciler_common.go:251] "operationExecutor.VerifyControllerAttachedVolume started for volume \"kube-api-access-4nhkq\" (UniqueName: \"kubernetes.io/projected/651a0a7c-4d98-410f-b7ab-ffb89ff9d43c-kube-api-access-4nhkq\") pod \"local-path-provisioner-698b58967b-c7sdr\" (UID: \"651a0a7c-4d98-410f-b7ab-ffb89ff9d43c\") " pod="kube-system/local-path-provisioner-698b58967b-c7sdr"
2025-01-30 04:00:06,844 INFO c.h.h.t.HelmChartContainer - [K3S] [reconciler_common.go:251] "operationExecutor.VerifyControllerAttachedVolume started for volume \"tmp-dir\" (UniqueName: \"kubernetes.io/empty-dir/0555ae54-adb8-4859-a6d3-4c50e797e68b-tmp-dir\") pod \"metrics-server-8584b5786c-v2hxg\" (UID: \"0555ae54-adb8-4859-a6d3-4c50e797e68b\") " pod="kube-system/metrics-server-8584b5786c-v2hxg"
2025-01-30 04:00:06,844 INFO c.h.h.t.HelmChartContainer - [K3S] [reconciler_common.go:251] "operationExecutor.VerifyControllerAttachedVolume started for volume \"kube-api-access-lmczq\" (UniqueName: \"kubernetes.io/projected/0555ae54-adb8-4859-a6d3-4c50e797e68b-kube-api-access-lmczq\") pod \"metrics-server-8584b5786c-v2hxg\" (UID: \"0555ae54-adb8-4859-a6d3-4c50e797e68b\") " pod="kube-system/metrics-server-8584b5786c-v2hxg"
2025-01-30 04:00:06,844 INFO c.h.h.t.HelmChartContainer - [K3S] [reconciler_common.go:251] "operationExecutor.VerifyControllerAttachedVolume started for volume \"config-volume\" (UniqueName: \"kubernetes.io/configmap/e1bdf4c7-4f75-41d9-9c4a-7d4dac021eb7-config-volume\") pod \"coredns-ff8999cc5-29jfm\" (UID: \"e1bdf4c7-4f75-41d9-9c4a-7d4dac021eb7\") " pod="kube-system/coredns-ff8999cc5-29jfm"
2025-01-30 04:00:06,844 INFO c.h.h.t.HelmChartContainer - [K3S] [reconciler_common.go:251] "operationExecutor.VerifyControllerAttachedVolume started for volume \"custom-config-volume\" (UniqueName: \"kubernetes.io/configmap/e1bdf4c7-4f75-41d9-9c4a-7d4dac021eb7-custom-config-volume\") pod \"coredns-ff8999cc5-29jfm\" (UID: \"e1bdf4c7-4f75-41d9-9c4a-7d4dac021eb7\") " pod="kube-system/coredns-ff8999cc5-29jfm"
2025-01-30 04:00:06,844 INFO c.h.h.t.HelmChartContainer - [K3S] [reconciler_common.go:251] "operationExecutor.VerifyControllerAttachedVolume started for volume \"kube-api-access-zgmwn\" (UniqueName: \"kubernetes.io/projected/e1bdf4c7-4f75-41d9-9c4a-7d4dac021eb7-kube-api-access-zgmwn\") pod \"coredns-ff8999cc5-29jfm\" (UID: \"e1bdf4c7-4f75-41d9-9c4a-7d4dac021eb7\") " pod="kube-system/coredns-ff8999cc5-29jfm"
2025-01-30 04:00:07,172 INFO c.h.h.t.HelmChartContainer - [K3S] [handler_proxy.go:99] no RequestInfo found in the context
2025-01-30 04:00:07,173 INFO c.h.h.t.HelmChartContainer - [K3S] [handler_proxy.go:99] no RequestInfo found in the context
2025-01-30 04:00:07,173 INFO c.h.h.t.HelmChartContainer - [K3S] [controller.go:102] "Unhandled Error" err=<
2025-01-30 04:00:07,173 INFO c.h.h.t.HelmChartContainer - [K3S] 	, Header: map[Content-Type:[text/plain; charset=utf-8] X-Content-Type-Options:[nosniff]]
2025-01-30 04:00:07,173 INFO c.h.h.t.HelmChartContainer - [K3S]  >
2025-01-30 04:00:07,543 INFO c.h.h.t.HelmChartContainer - [K3S] [INFO] Starting network policy controller version v2.2.1, built on 2025-01-28T18:27:08Z, go1.23.4
2025-01-30 04:00:07,543 INFO c.h.h.t.HelmChartContainer - [K3S] [network_policy_controller.go:164] Starting network policy controller
2025-01-30 04:00:07,579 INFO c.h.h.t.HelmChartContainer - [K3S] [network_policy_controller.go:176] Starting network policy controller full sync goroutine
2025-01-30 04:00:10,057 DEBUG c.h.h.t.HelmChartContainer - Image file loaded 'hivemq-platform-operator.tar'
2025-01-30 04:00:10,373 INFO c.h.h.t.HelmChartContainer - [K3S] [replica_set.go:679] "Finished syncing" kind="ReplicaSet" key="kube-system/metrics-server-8584b5786c" duration="36.388µs"
2025-01-30 04:00:10,393 INFO c.h.h.t.HelmChartContainer - [K3S] [replica_set.go:679] "Finished syncing" kind="ReplicaSet" key="kube-system/local-path-provisioner-698b58967b" duration="5.371179ms"
2025-01-30 04:00:10,396 INFO c.h.h.t.HelmChartContainer - [K3S] [replica_set.go:679] "Finished syncing" kind="ReplicaSet" key="kube-system/local-path-provisioner-698b58967b" duration="25.888µs"
2025-01-30 04:00:10,419 INFO c.h.h.t.HelmChartContainer - [K3S] [replica_set.go:679] "Finished syncing" kind="ReplicaSet" key="kube-system/coredns-ff8999cc5" duration="7.827212ms"
2025-01-30 04:00:10,420 INFO c.h.h.t.HelmChartContainer - [K3S] [replica_set.go:679] "Finished syncing" kind="ReplicaSet" key="kube-system/coredns-ff8999cc5" duration="80.992µs"
2025-01-30 04:00:10,576 DEBUG c.h.h.t.HelmChartContainer - Image file loaded 'hivemq-platform-operator-init.tar'
2025-01-30 04:00:10,860 INFO c.h.h.t.HelmChartContainer - [K3S] [kuberuntime_manager.go:1702] "Updating runtime config through cri with podcidr" CIDR="10.42.0.0/24"
2025-01-30 04:00:10,861 INFO c.h.h.t.HelmChartContainer - [K3S] [kubelet_network.go:61] "Updating Pod CIDR" originalPodCIDR="" newPodCIDR="10.42.0.0/24"
2025-01-30 04:00:10,869 INFO c.h.h.t.HelmChartContainer - [K3S] [range_allocator.go:247] "Successfully synced" key="eb90bc493249"
2025-01-30 04:00:16,295 DEBUG c.h.h.t.HelmChartContainer - Image file loaded 'hivemq-platform.tar'
2025-01-30 04:00:16,295 DEBUG c.h.h.t.HelmChartContainer - Successful Helm chart Container startup
2025-01-30 04:00:16,312 INFO t.localhost/testcontainers/vvhhmxwjdtwuwed2:latest - Container localhost/testcontainers/vvhhmxwjdtwuwed2:latest started in PT20.290471224S
2025-01-30 04:00:16,322 DEBUG c.h.h.t.HelmChartContainer - Executing helm command: /bin/helm --kubeconfig /etc/rancher/k3s/k3s.yaml repo add hivemq https://hivemq.github.io/helm-charts
2025-01-30 04:00:17,616 INFO c.h.h.t.HelmChartContainer - [EVENT] Normal [Starting] Starting kubelet. [null:eb90bc493249]
2025-01-30 04:00:17,617 INFO c.h.h.t.HelmChartContainer - [EVENT] Warning [InvalidDiskCapacity] invalid capacity 0 on image filesystem [null:eb90bc493249]
2025-01-30 04:00:17,617 INFO c.h.h.t.HelmChartContainer - [EVENT] Normal [NodeHasSufficientMemory] Node eb90bc493249 status is now: NodeHasSufficientMemory [null:eb90bc493249]
2025-01-30 04:00:17,618 INFO c.h.h.t.HelmChartContainer - [EVENT] Normal [NodeHasNoDiskPressure] Node eb90bc493249 status is now: NodeHasNoDiskPressure [null:eb90bc493249]
2025-01-30 04:00:17,619 INFO c.h.h.t.HelmChartContainer - [EVENT] Normal [NodeHasSufficientPID] Node eb90bc493249 status is now: NodeHasSufficientPID [null:eb90bc493249]
2025-01-30 04:00:17,620 INFO c.h.h.t.HelmChartContainer - [EVENT] Normal [NodeAllocatableEnforced] Updated Node Allocatable limit across pods [null:eb90bc493249]
2025-01-30 04:00:17,622 INFO c.h.h.t.HelmChartContainer - [EVENT] Normal [NodeReady] Node eb90bc493249 status is now: NodeReady [null:eb90bc493249]
2025-01-30 04:00:17,629 INFO c.h.h.t.HelmChartContainer - Saved kubeconfig file on /tmp/kubeconfig-5204587438359330445.yaml
2025-01-30 04:00:17,629 INFO c.h.h.t.HelmChartContainer - HelmChartContainer is started
2025-01-30 04:00:17,632 INFO c.h.h.t.HelmChartContainer - [EVENT] Normal [NodePasswordValidationComplete] Deferred node password secret validation complete [null:eb90bc493249]
2025-01-30 04:00:17,635 INFO c.h.h.t.HelmChartContainer - [EVENT] Normal [RegisteredNode] Node eb90bc493249 event: Registered Node eb90bc493249 in Controller [null:eb90bc493249]
2025-01-30 04:00:17,635 INFO c.h.h.t.HelmChartContainer - [EVENT] Normal [Synced] Node synced successfully [null:eb90bc493249]
]]></system-out>
  <system-err><![CDATA[]]></system-err>
</testsuite>
