<?xml version="1.0" encoding="UTF-8"?>
<testsuite name="com.hivemq.helmcharts.services.HelmMetricsServiceIT" tests="2" skipped="0" failures="0" errors="0" timestamp="2025-04-21T06:54:48" hostname="fv-az1065-388" time="184.194">
  <properties/>
  <testcase name="platformChart_withCustomServiceName_thenMetricsAvailable()" classname="com.hivemq.helmcharts.services.HelmMetricsServiceIT" time="92.056"/>
  <testcase name="platformChart_withCustomMetrics_thenMetricsAvailable()" classname="com.hivemq.helmcharts.services.HelmMetricsServiceIT" time="92.138"/>
</testsuite>
