<?xml version="1.0" encoding="UTF-8"?>
<testsuite name="com.hivemq.helmcharts.securitycontext.HelmContainerSecurityContextUpgradePlatformIT" tests="2" skipped="0" failures="0" errors="0" timestamp="2025-09-17T09:31:18" hostname="runnervmf4ws1" time="432.522">
  <properties/>
  <testcase name="Operator values: (UID=0, GID=0, valuesFile='/files/operator-container-security-context-root-user-values.yaml') and Platform values: (UID=0, GID=0, valuesFile='/files/platform-container-security-context-root-user-values.yaml')" classname="com.hivemq.helmcharts.securitycontext.HelmContainerSecurityContextUpgradePlatformIT" time="211.328"/>
  <testcase name="Operator values: (UID=185, GID=0, valuesFile='/files/operator-container-security-context-non-root-user-values.yaml') and Platform values: (UID=10000, GID=0, valuesFile='/files/platform-container-security-context-non-root-user-values.yaml')" classname="com.hivemq.helmcharts.securitycontext.HelmContainerSecurityContextUpgradePlatformIT" time="221.193"/>
</testsuite>
