<?xml version="1.0" encoding="UTF-8"?>
<testsuite name="com.hivemq.helmcharts.volumes.HelmVolumeClaimTemplatesIT" tests="1" skipped="0" failures="0" errors="0" timestamp="2025-01-30T04:01:40" hostname="fv-az1939-240" time="348.234">
  <properties/>
  <testcase name="platform_whenVolumeClaimTemplateIsConfigured_withAdditionalVolumes_thenPersistentVolumeClaimsCreated()" classname="com.hivemq.helmcharts.volumes.HelmVolumeClaimTemplatesIT" time="348.234">
    <system-out><![CDATA[2025-01-30 04:01:40,731 INFO c.h.h.t.HelmChartContainer - Creating namespace 'helmvolumeclaimtemplatesit-operator'...
2025-01-30 04:01:40,738 INFO c.h.h.t.HelmChartContainer - Namespace 'helmvolumeclaimtemplatesit-operator' created
2025-01-30 04:01:40,738 INFO c.h.h.t.HelmChartContainer - Creating namespace 'helmvolumeclaimtemplatesit'...
2025-01-30 04:01:40,750 INFO c.h.h.t.HelmChartContainer - Namespace 'helmvolumeclaimtemplatesit' created
2025-01-30 04:01:40,835 DEBUG c.h.h.t.HelmChartContainer - Executing helm command: /bin/helm --kubeconfig /etc/rancher/k3s/k3s.yaml install test-hivemq-platform-operator /charts/hivemq-platform-operator --wait --timeout 5m0s --set image.repository=docker.io/hivemq --set image.name=hivemq-platform-operator-test --set image.initImageName=hivemq-platform-operator-init-test --set image.tag=snapshot --set image.pullPolicy=Never --set logLevel=DEBUG --set resources.cpu=512m --namespace helmvolumeclaimtemplatesit-operator
2025-01-30 04:01:41,191 INFO c.h.h.t.HelmChartContainer - [K3S] [alloc.go:330] "allocated clusterIPs" service="helmvolumeclaimtemplatesit-operator/hivemq-platform-operator-test-hivemq-platform-operator" clusterIPs={"IPv4":"10.43.103.114"}
2025-01-30 04:01:41,203 INFO c.h.h.t.HelmChartContainer - [EVENT] Normal [ScalingReplicaSet] Scaled up replica set hivemq-test-hivemq-platform-operator-6966f96d65 from 0 to 1 [helmvolumeclaimtemplatesit-operator:hivemq-test-hivemq-platform-operator]
2025-01-30 04:01:41,213 INFO c.h.h.t.HelmChartContainer - [POD] hivemq-test-hivemq-platform-operator-6966f96d65-gqzqg [3cd2b14a-1dec-47d4-a494-b8e6c96961bb] in helmvolumeclaimtemplatesit-operator was ADDED
2025-01-30 04:01:41,213 INFO c.h.h.t.HelmChartContainer - [K3S] [replica_set.go:679] "Finished syncing" kind="ReplicaSet" key="helmvolumeclaimtemplatesit-operator/hivemq-test-hivemq-platform-operator-6966f96d65" duration="12.772317ms"
2025-01-30 04:01:41,224 INFO c.h.h.t.HelmChartContainer - [K3S] [memory_manager.go:355] "RemoveStaleState removing state" podUID="52d0ccf9-583a-4f1a-b92a-2409c41cb2bd" containerName="hivemq"
2025-01-30 04:01:41,224 INFO c.h.h.t.HelmChartContainer - [K3S] [memory_manager.go:355] "RemoveStaleState removing state" podUID="2935e4d9-5658-4ef3-af20-ef503e27eeb8" containerName="hivemq-platform-operator"
2025-01-30 04:01:41,224 INFO c.h.h.t.HelmChartContainer - [POD] hivemq-test-hivemq-platform-operator-6966f96d65-gqzqg [3cd2b14a-1dec-47d4-a494-b8e6c96961bb] in helmvolumeclaimtemplatesit-operator was MODIFIED
2025-01-30 04:01:41,224 INFO c.h.h.t.HelmChartContainer - [EVENT] Normal [SuccessfulCreate] Created pod: hivemq-test-hivemq-platform-operator-6966f96d65-gqzqg [helmvolumeclaimtemplatesit-operator:hivemq-test-hivemq-platform-operator-6966f96d65]
2025-01-30 04:01:41,227 INFO c.h.h.t.HelmChartContainer - [EVENT] Normal [Scheduled] Successfully assigned helmvolumeclaimtemplatesit-operator/hivemq-test-hivemq-platform-operator-6966f96d65-gqzqg to 50074fe47053 [helmvolumeclaimtemplatesit-operator:hivemq-test-hivemq-platform-operator-6966f96d65-gqzqg]
2025-01-30 04:01:41,236 INFO c.h.h.t.HelmChartContainer - [K3S] [replica_set.go:679] "Finished syncing" kind="ReplicaSet" key="helmvolumeclaimtemplatesit-operator/hivemq-test-hivemq-platform-operator-6966f96d65" duration="23.337567ms"
2025-01-30 04:01:41,242 INFO c.h.h.t.HelmChartContainer - [POD] hivemq-test-hivemq-platform-operator-6966f96d65-gqzqg [3cd2b14a-1dec-47d4-a494-b8e6c96961bb] in helmvolumeclaimtemplatesit-operator was MODIFIED
2025-01-30 04:01:41,250 INFO c.h.h.t.HelmChartContainer - [K3S] [replica_set.go:679] "Finished syncing" kind="ReplicaSet" key="helmvolumeclaimtemplatesit-operator/hivemq-test-hivemq-platform-operator-6966f96d65" duration="13.603344ms"
2025-01-30 04:01:41,250 INFO c.h.h.t.HelmChartContainer - [K3S] [replica_set.go:679] "Finished syncing" kind="ReplicaSet" key="helmvolumeclaimtemplatesit-operator/hivemq-test-hivemq-platform-operator-6966f96d65" duration="36.649µs"
2025-01-30 04:01:41,252 INFO c.h.h.t.HelmChartContainer - [K3S] [reconciler_common.go:251] "operationExecutor.VerifyControllerAttachedVolume started for volume \"kube-api-access-lrhjd\" (UniqueName: \"kubernetes.io/projected/3cd2b14a-1dec-47d4-a494-b8e6c96961bb-kube-api-access-lrhjd\") pod \"hivemq-test-hivemq-platform-operator-6966f96d65-gqzqg\" (UID: \"3cd2b14a-1dec-47d4-a494-b8e6c96961bb\") " pod="helmvolumeclaimtemplatesit-operator/hivemq-test-hivemq-platform-operator-6966f96d65-gqzqg"
2025-01-30 04:01:41,613 INFO c.h.h.t.HelmChartContainer - [EVENT] Normal [Pulled] Container image "docker.io/hivemq/hivemq-platform-operator-test:snapshot" already present on machine [helmvolumeclaimtemplatesit-operator:hivemq-test-hivemq-platform-operator-6966f96d65-gqzqg]
2025-01-30 04:01:41,613 INFO c.h.h.t.HelmChartContainer - Received Pulled event for container hivemq-platform-operator in pod hivemq-test-hivemq-platform-operator-6966f96d65-gqzqg [3cd2b14a-1dec-47d4-a494-b8e6c96961bb]
2025-01-30 04:01:41,619 INFO c.h.h.t.HelmChartContainer - [EVENT] Normal [Created] Created container: hivemq-platform-operator [helmvolumeclaimtemplatesit-operator:hivemq-test-hivemq-platform-operator-6966f96d65-gqzqg]
2025-01-30 04:01:41,619 INFO c.h.h.t.HelmChartContainer - Received Created event for container hivemq-platform-operator in pod hivemq-test-hivemq-platform-operator-6966f96d65-gqzqg [3cd2b14a-1dec-47d4-a494-b8e6c96961bb]
2025-01-30 04:01:42,456 INFO c.h.h.t.HelmChartContainer - [K3S] [replica_set.go:679] "Finished syncing" kind="ReplicaSet" key="helmvolumeclaimtemplatesit-operator/hivemq-test-hivemq-platform-operator-6966f96d65" duration="38.101µs"
2025-01-30 04:01:42,459 INFO c.h.h.t.HelmChartContainer - [POD] hivemq-test-hivemq-platform-operator-6966f96d65-gqzqg [3cd2b14a-1dec-47d4-a494-b8e6c96961bb] in helmvolumeclaimtemplatesit-operator was MODIFIED
2025-01-30 04:01:42,468 INFO c.h.h.t.HelmChartContainer - [EVENT] Normal [Started] Started container hivemq-platform-operator [helmvolumeclaimtemplatesit-operator:hivemq-test-hivemq-platform-operator-6966f96d65-gqzqg]
2025-01-30 04:01:42,468 INFO c.h.h.t.HelmChartContainer - Received Started event for container hivemq-platform-operator in pod hivemq-test-hivemq-platform-operator-6966f96d65-gqzqg [3cd2b14a-1dec-47d4-a494-b8e6c96961bb]
2025-01-30 04:01:42,468 INFO c.h.h.t.HelmChartContainer - Started log watcher for hivemq-platform-operator in pod hivemq-test-hivemq-platform-operator-6966f96d65-gqzqg [3cd2b14a-1dec-47d4-a494-b8e6c96961bb]
2025-01-30 04:01:42,469 INFO c.h.h.t.HelmChartContainer - [hivemq-test-hivemq-platform] [hivemq-platform-operator] [3cd2b14a] -------------------------------------------------------------------------
2025-01-30 04:01:42,469 INFO c.h.h.t.HelmChartContainer - [hivemq-test-hivemq-platform] [hivemq-platform-operator] [3cd2b14a] 
2025-01-30 04:01:42,469 INFO c.h.h.t.HelmChartContainer - [hivemq-test-hivemq-platform] [hivemq-platform-operator] [3cd2b14a]                   _    _  _              __  __   ____
2025-01-30 04:01:42,469 INFO c.h.h.t.HelmChartContainer - [hivemq-test-hivemq-platform] [hivemq-platform-operator] [3cd2b14a]                  | |  | |(_)            |  \/  | / __ \
2025-01-30 04:01:42,469 INFO c.h.h.t.HelmChartContainer - [hivemq-test-hivemq-platform] [hivemq-platform-operator] [3cd2b14a]                  | |__| | _ __   __ ___ | \  / || |  | |
2025-01-30 04:01:42,469 INFO c.h.h.t.HelmChartContainer - [hivemq-test-hivemq-platform] [hivemq-platform-operator] [3cd2b14a]                  |  __  || |\ \ / // _ \| |\/| || |  | |
2025-01-30 04:01:42,469 INFO c.h.h.t.HelmChartContainer - [hivemq-test-hivemq-platform] [hivemq-platform-operator] [3cd2b14a]                  | |  | || | \ V /|  __/| |  | || |__| |
2025-01-30 04:01:42,469 INFO c.h.h.t.HelmChartContainer - [hivemq-test-hivemq-platform] [hivemq-platform-operator] [3cd2b14a]                  |_|  |_||_|  \_/  \___||_|  |_| \___\_\
2025-01-30 04:01:42,469 INFO c.h.h.t.HelmChartContainer - [hivemq-test-hivemq-platform] [hivemq-platform-operator] [3cd2b14a] 
2025-01-30 04:01:42,469 INFO c.h.h.t.HelmChartContainer - [hivemq-test-hivemq-platform] [hivemq-platform-operator] [3cd2b14a] -------------------------------------------------------------------------
2025-01-30 04:01:42,469 INFO c.h.h.t.HelmChartContainer - [hivemq-test-hivemq-platform] [hivemq-platform-operator] [3cd2b14a] 
2025-01-30 04:01:42,469 INFO c.h.h.t.HelmChartContainer - [hivemq-test-hivemq-platform] [hivemq-platform-operator] [3cd2b14a]   HiveMQ Platform Operator Start Script v1.0
2025-01-30 04:01:42,469 INFO c.h.h.t.HelmChartContainer - [hivemq-test-hivemq-platform] [hivemq-platform-operator] [3cd2b14a] 
2025-01-30 04:01:42,469 INFO c.h.h.t.HelmChartContainer - [hivemq-test-hivemq-platform] [hivemq-platform-operator] [3cd2b14a] -------------------------------------------------------------------------
2025-01-30 04:01:42,469 INFO c.h.h.t.HelmChartContainer - [hivemq-test-hivemq-platform] [hivemq-platform-operator] [3cd2b14a] 
2025-01-30 04:01:42,469 INFO c.h.h.t.HelmChartContainer - [hivemq-test-hivemq-platform] [hivemq-platform-operator] [3cd2b14a]   JAVA_OPTS: -XX:+UnlockExperimentalVMOptions -XX:InitialRAMPercentage=75 -XX:MaxRAMPercentage=75 -Duser.language=en -Duser.region=US
2025-01-30 04:01:42,469 INFO c.h.h.t.HelmChartContainer - [hivemq-test-hivemq-platform] [hivemq-platform-operator] [3cd2b14a] 
2025-01-30 04:01:42,469 INFO c.h.h.t.HelmChartContainer - [hivemq-test-hivemq-platform] [hivemq-platform-operator] [3cd2b14a]   JAVA_VERSION: 21
2025-01-30 04:01:42,469 INFO c.h.h.t.HelmChartContainer - [hivemq-test-hivemq-platform] [hivemq-platform-operator] [3cd2b14a] 
2025-01-30 04:01:42,469 INFO c.h.h.t.HelmChartContainer - [hivemq-test-hivemq-platform] [hivemq-platform-operator] [3cd2b14a] -------------------------------------------------------------------------
2025-01-30 04:01:42,469 INFO c.h.h.t.HelmChartContainer - [hivemq-test-hivemq-platform] [hivemq-platform-operator] [3cd2b14a] 
2025-01-30 04:01:43,244 INFO c.h.h.t.HelmChartContainer - [K3S] [scope.go:117] "RemoveContainer" containerID="d0f442d99fa50a2fa3a6060cb6f902367454f6616619b5b40e7c095c4920950e"
2025-01-30 04:01:44,890 INFO c.h.h.t.HelmChartContainer - [hivemq-test-hivemq-platform] [hivemq-platform-operator] [3cd2b14a] 04:01:44.888 [main] DEBUG org.jboss.logging - Logging Provider: org.jboss.logging.Slf4jLoggerProvider
2025-01-30 04:01:44,988 INFO c.h.h.t.HelmChartContainer - [hivemq-test-hivemq-platform] [hivemq-platform-operator] [3cd2b14a] 04:01:44.987 [main] DEBUG io.smallrye.config - SRCFG01006: Loaded ConfigSource SysPropConfigSource with ordinal 400
2025-01-30 04:01:44,990 INFO c.h.h.t.HelmChartContainer - [hivemq-test-hivemq-platform] [hivemq-platform-operator] [3cd2b14a] 04:01:44.987 [main] DEBUG io.smallrye.config - SRCFG01006: Loaded ConfigSource EnvConfigSource with ordinal 300
2025-01-30 04:01:44,990 INFO c.h.h.t.HelmChartContainer - [hivemq-test-hivemq-platform] [hivemq-platform-operator] [3cd2b14a] 04:01:44.987 [main] DEBUG io.smallrye.config - SRCFG01006: Loaded ConfigSource PropertiesConfigSource[source=jar:file:///opt/hivemq-platform-operator/bin/hivemq-platform-operator.jar!/hivemq-platform-operator.properties] with ordinal 100
2025-01-30 04:01:44,990 INFO c.h.h.t.HelmChartContainer - [hivemq-test-hivemq-platform] [hivemq-platform-operator] [3cd2b14a] 04:01:44.987 [main] DEBUG io.smallrye.config - SRCFG01006: Loaded ConfigSource DefaultValuesConfigSource with ordinal -2147483648
2025-01-30 04:01:45,096 INFO c.h.h.t.HelmChartContainer - [hivemq-test-hivemq-platform] [hivemq-platform-operator] [3cd2b14a] 04:01:45.095 [main] DEBUG i.m.c.u.i.l.InternalLoggerFactory - Using SLF4J as the default logging framework
2025-01-30 04:01:45,204 INFO c.h.h.t.HelmChartContainer - [hivemq-test-hivemq-platform] [hivemq-platform-operator] [3cd2b14a] 04:01:45.195 [main] INFO  c.h.p.o.HiveMQPlatformOperatorApplication - HiveMQ Platform Operator 1.7.0-SNAPSHOT (commit: 47e3375 on branch: HEAD) built on Thu Jan 30 03:55:50 UTC 2025
2025-01-30 04:01:45,205 INFO c.h.h.t.HelmChartContainer - [hivemq-test-hivemq-platform] [hivemq-platform-operator] [3cd2b14a] 04:01:45.203 [main] INFO  c.h.p.o.HiveMQPlatformOperatorApplication - HiveMQ Platform Operator is running in namespace: helmvolumeclaimtemplatesit-operator
2025-01-30 04:01:45,205 INFO c.h.h.t.HelmChartContainer - [hivemq-test-hivemq-platform] [hivemq-platform-operator] [3cd2b14a] 04:01:45.203 [main] INFO  c.h.p.o.HiveMQPlatformOperatorApplication - Watching all namespaces
2025-01-30 04:01:45,205 INFO c.h.h.t.HelmChartContainer - [hivemq-test-hivemq-platform] [hivemq-platform-operator] [3cd2b14a] 04:01:45.203 [main] INFO  c.h.p.o.HiveMQPlatformOperatorApplication - Log level: DEBUG
2025-01-30 04:01:45,206 INFO c.h.h.t.HelmChartContainer - [hivemq-test-hivemq-platform] [hivemq-platform-operator] [3cd2b14a] 04:01:45.203 [main] INFO  c.h.p.o.HiveMQPlatformOperatorApplication - Release name: test-hivemq-platform-operator
2025-01-30 04:01:45,208 INFO c.h.h.t.HelmChartContainer - [hivemq-test-hivemq-platform] [hivemq-platform-operator] [3cd2b14a] 04:01:45.203 [main] INFO  c.h.p.o.HiveMQPlatformOperatorApplication - HiveMQ Platform Operator Init image: docker.io/hivemq/hivemq-platform-operator-init-test:snapshot
2025-01-30 04:01:45,208 INFO c.h.h.t.HelmChartContainer - [hivemq-test-hivemq-platform] [hivemq-platform-operator] [3cd2b14a] 04:01:45.203 [main] INFO  c.h.p.o.HiveMQPlatformOperatorApplication - HiveMQ Platform Operator Init App update URL: http://hivemq-platform-operator-test-hivemq-platform-operator.helmvolumeclaimtemplatesit-operator.svc:8080/initAppUpdate/hivemq-platform-operator-init-app-1.7.0-SNAPSHOT.jar
2025-01-30 04:01:45,208 INFO c.h.h.t.HelmChartContainer - [hivemq-test-hivemq-platform] [hivemq-platform-operator] [3cd2b14a] 04:01:45.203 [main] INFO  c.h.p.o.HiveMQPlatformOperatorApplication - Additional imagePullSecret for all Platform deployments: none
2025-01-30 04:01:45,208 INFO c.h.h.t.HelmChartContainer - [hivemq-test-hivemq-platform] [hivemq-platform-operator] [3cd2b14a] 04:01:45.203 [main] INFO  c.h.p.o.HiveMQPlatformOperatorApplication - Apply HiveMQ Platform CRD: true
2025-01-30 04:01:45,208 INFO c.h.h.t.HelmChartContainer - [hivemq-test-hivemq-platform] [hivemq-platform-operator] [3cd2b14a] 04:01:45.203 [main] INFO  c.h.p.o.HiveMQPlatformOperatorApplication - Create Platform ServiceAccount: true
2025-01-30 04:01:45,208 INFO c.h.h.t.HelmChartContainer - [hivemq-test-hivemq-platform] [hivemq-platform-operator] [3cd2b14a] 04:01:45.203 [main] INFO  c.h.p.o.HiveMQPlatformOperatorApplication - Create Platform ServiceAccount permissions: true
2025-01-30 04:01:45,208 INFO c.h.h.t.HelmChartContainer - [hivemq-test-hivemq-platform] [hivemq-platform-operator] [3cd2b14a] 04:01:45.203 [main] INFO  c.h.p.o.HiveMQPlatformOperatorApplication - Validate Platform ServiceAccount: true
2025-01-30 04:01:45,208 INFO c.h.h.t.HelmChartContainer - [hivemq-test-hivemq-platform] [hivemq-platform-operator] [3cd2b14a] 04:01:45.203 [main] INFO  c.h.p.o.HiveMQPlatformOperatorApplication - Validate Platform ServiceAccount permissions: true
2025-01-30 04:01:45,399 INFO c.h.h.t.HelmChartContainer - [hivemq-test-hivemq-platform] [hivemq-platform-operator] [3cd2b14a] 04:01:45.398 [main] INFO  c.h.platform.operator.util.CRDUtil - Verifying deployed HiveMQ Platform CRD...
2025-01-30 04:01:47,696 INFO c.h.h.t.HelmChartContainer - [hivemq-test-hivemq-platform] [hivemq-platform-operator] [3cd2b14a] 04:01:47.695 [main] DEBUG c.h.platform.operator.util.CRDUtil - HiveMQ Platform CRD version v1 is up to date
2025-01-30 04:01:47,696 INFO c.h.h.t.HelmChartContainer - [hivemq-test-hivemq-platform] [hivemq-platform-operator] [3cd2b14a] 04:01:47.695 [main] INFO  c.h.platform.operator.util.CRDUtil - HiveMQ Platform CRD is up to date (version: V1_6_0)
2025-01-30 04:01:47,697 INFO c.h.h.t.HelmChartContainer - [hivemq-test-hivemq-platform] [hivemq-platform-operator] [3cd2b14a] 04:01:47.695 [main] INFO  c.h.platform.operator.util.CRDUtil - Waiting 10000 ms for HiveMQ Platform CRD 'hivemq-platforms.hivemq.com' to become ready...
2025-01-30 04:01:47,995 INFO c.h.h.t.HelmChartContainer - [hivemq-test-hivemq-platform] [hivemq-platform-operator] [3cd2b14a] 04:01:47.992 [vert.x-eventloop-thread-1] DEBUG c.h.platform.operator.util.CRDUtil - Checking CRD condition 'NamesAccepted' (status: 'True')
2025-01-30 04:01:47,999 INFO c.h.h.t.HelmChartContainer - [hivemq-test-hivemq-platform] [hivemq-platform-operator] [3cd2b14a] 04:01:47.993 [vert.x-eventloop-thread-1] DEBUG c.h.platform.operator.util.CRDUtil - Checking CRD condition 'Established' (status: 'True')
2025-01-30 04:01:47,999 INFO c.h.h.t.HelmChartContainer - [hivemq-test-hivemq-platform] [hivemq-platform-operator] [3cd2b14a] 04:01:47.993 [main] INFO  c.h.platform.operator.util.CRDUtil - HiveMQ Platform CRD 'hivemq-platforms.hivemq.com' is ready
2025-01-30 04:01:48,193 INFO c.h.h.t.HelmChartContainer - [hivemq-test-hivemq-platform] [hivemq-platform-operator] [3cd2b14a] 04:01:48.192 [main] INFO  c.h.p.o.HiveMQPlatformReconciler - HiveMQ Platform Operator is starting...
2025-01-30 04:01:48,295 INFO c.h.h.t.HelmChartContainer - [hivemq-test-hivemq-platform] [hivemq-platform-operator] [3cd2b14a] 04:01:48.294 [main] WARN  Default ConfigurationService implementation - Configuration for reconciler 'hivemq-controller' was not found. Known reconcilers: None.
2025-01-30 04:01:48,302 INFO c.h.h.t.HelmChartContainer - [hivemq-test-hivemq-platform] [hivemq-platform-operator] [3cd2b14a] 04:01:48.301 [main] INFO  Default ConfigurationService implementation - Created configuration for reconciler com.hivemq.platform.operator.HiveMQPlatformReconciler with name hivemq-controller
2025-01-30 04:01:48,407 INFO c.h.h.t.HelmChartContainer - [hivemq-test-hivemq-platform] [hivemq-platform-operator] [3cd2b14a] 04:01:48.406 [main] DEBUG c.h.p.o.HiveMQPlatformReconciler - HiveMQ Platform Operator is preparing EventSources
2025-01-30 04:01:48,494 INFO c.h.h.t.HelmChartContainer - [hivemq-test-hivemq-platform] [hivemq-platform-operator] [3cd2b14a] 04:01:48.493 [main] INFO  i.javaoperatorsdk.operator.Operator - Registered reconciler: 'hivemq-controller' for resource: 'class com.hivemq.platform.operator.v1.HiveMQPlatform' for namespace(s): [all namespaces]
2025-01-30 04:01:49,093 INFO c.h.h.t.HelmChartContainer - [hivemq-test-hivemq-platform] [hivemq-platform-operator] [3cd2b14a] 04:01:49.092 [main] INFO  c.h.p.operator.webserver.JettyServer - Starting Jetty server on port 8080
2025-01-30 04:01:49,191 INFO c.h.h.t.HelmChartContainer - [hivemq-test-hivemq-platform] [hivemq-platform-operator] [3cd2b14a] 04:01:49.190 [main] INFO  i.javaoperatorsdk.operator.Operator - Operator SDK 4.9.7 (commit: 2133d28) built on Wed Nov 20 12:56:20 UTC 2024 starting...
2025-01-30 04:01:49,192 INFO c.h.h.t.HelmChartContainer - [hivemq-test-hivemq-platform] [hivemq-platform-operator] [3cd2b14a] 04:01:49.190 [main] INFO  i.javaoperatorsdk.operator.Operator - Client version: 6.13.5
2025-01-30 04:01:49,193 INFO c.h.h.t.HelmChartContainer - [hivemq-test-hivemq-platform] [hivemq-platform-operator] [3cd2b14a] 04:01:49.192 [Controller Starter for: hivemq-controller] INFO  i.j.operator.processing.Controller - Starting 'hivemq-controller' controller for reconciler: com.hivemq.platform.operator.HiveMQPlatformReconciler, resource: com.hivemq.platform.operator.v1.HiveMQPlatform
2025-01-30 04:01:51,295 INFO c.h.h.t.HelmChartContainer - [hivemq-test-hivemq-platform] [hivemq-platform-operator] [3cd2b14a] 04:01:51.292 [Controller Starter for: hivemq-controller] INFO  i.j.operator.processing.Controller - 'hivemq-controller' controller started
2025-01-30 04:01:51,295 INFO c.h.h.t.HelmChartContainer - [hivemq-test-hivemq-platform] [hivemq-platform-operator] [3cd2b14a] 04:01:51.293 [main] INFO  c.h.p.o.HiveMQPlatformOperatorApplication - HiveMQ Platform Operator 1.7.0-SNAPSHOT started in 6098 ms
2025-01-30 04:01:53,467 INFO c.h.h.t.HelmChartContainer - [POD] hivemq-test-hivemq-platform-operator-6966f96d65-gqzqg [3cd2b14a-1dec-47d4-a494-b8e6c96961bb] in helmvolumeclaimtemplatesit-operator was MODIFIED
2025-01-30 04:01:53,475 INFO c.h.h.t.HelmChartContainer - [K3S] [replica_set.go:679] "Finished syncing" kind="ReplicaSet" key="helmvolumeclaimtemplatesit-operator/hivemq-test-hivemq-platform-operator-6966f96d65" duration="11.641093ms"
2025-01-30 04:01:53,476 INFO c.h.h.t.HelmChartContainer - [K3S] [replica_set.go:679] "Finished syncing" kind="ReplicaSet" key="helmvolumeclaimtemplatesit-operator/hivemq-test-hivemq-platform-operator-6966f96d65" duration="42.499µs"
2025-01-30 04:01:55,318 DEBUG c.h.h.t.HelmChartContainer - Executing helm command: /bin/helm --kubeconfig /etc/rancher/k3s/k3s.yaml install test-hivemq-platform /charts/hivemq-platform --wait --timeout 5m0s --set image.repository=docker.io/hivemq --set image.tag=4.36.0 --set image.pullPolicy=Never --set nodes.resources.cpu=512m -f /files/volumes-claim-templates-values.yaml --namespace helmvolumeclaimtemplatesit
2025-01-30 04:01:55,553 INFO c.h.h.t.HelmChartContainer - [hivemq-test-hivemq-platform] [hivemq-platform-operator] [3cd2b14a] 04:01:55.552 [-2082509879-pool-1-thread-1] WARN  i.m.p.PrometheusMeterRegistry - The meter (MeterId{name='operator.sdk.events.received', tags=[tag(action=ADDED),tag(event=ResourceEvent),tag(group=hivemq.com),tag(kind=HiveMQPlatform),tag(name=test-hivemq-platform),tag(namespace=helmvolumeclaimtemplatesit),tag(scope=namespace),tag(version=v1)]}) registration has failed: Prometheus requires that all meters with the same name have the same set of tag keys. There is already an existing meter named 'operator.sdk.events.received' containing tag keys [event, group, kind, name, namespace, scope, version]. The meter you are attempting to register has keys [action, event, group, kind, name, namespace, scope, version]. Note that subsequent logs will be logged at debug level.
2025-01-30 04:01:55,998 INFO c.h.h.t.HelmChartContainer - [hivemq-test-hivemq-platform] [hivemq-platform-operator] [3cd2b14a] 04:01:55.995 [pool-6-thread-3] DEBUG c.h.p.o.dependants.PodInfoConfigMap - [helmvolu] Desired PodInfo ConfigMap (1 extensions) (1 enabled)
2025-01-30 04:01:56,000 INFO c.h.h.t.HelmChartContainer - [hivemq-test-hivemq-platform] [hivemq-platform-operator] [3cd2b14a] 04:01:55.996 [pool-6-thread-3] DEBUG c.h.p.o.dependants.PodInfoConfigMap - [helmvolu] Desired PodInfo ConfigMap (metrics port: 9399) (metrics path: /)
2025-01-30 04:01:56,000 INFO c.h.h.t.HelmChartContainer - [hivemq-test-hivemq-platform] [hivemq-platform-operator] [3cd2b14a] 04:01:55.996 [pool-6-thread-3] DEBUG c.h.p.o.dependants.PodInfoConfigMap - [helmvolu] Desired PodInfo ConfigMap (extension state hash: -1817474005)
2025-01-30 04:01:56,000 INFO c.h.h.t.HelmChartContainer - [hivemq-test-hivemq-platform] [hivemq-platform-operator] [3cd2b14a] 04:01:55.997 [pool-6-thread-3] DEBUG c.h.p.o.dependants.PodInfoConfigMap - [helmvolu] Create PodInfo ConfigMap
2025-01-30 04:01:56,099 INFO c.h.h.t.HelmChartContainer - [hivemq-test-hivemq-platform] [hivemq-platform-operator] [3cd2b14a] 04:01:56.097 [pool-6-thread-5] DEBUG c.h.p.o.dependants.PodRoleResource - [helmvolu] Create Role: Role(apiVersion=rbac.authorization.k8s.io/v1, kind=Role, metadata=ObjectMeta(annotations={meta.helm.sh/release-name=test-hivemq-platform, meta.helm.sh/release-namespace=helmvolumeclaimtemplatesit}, creationTimestamp=null, deletionGracePeriodSeconds=null, deletionTimestamp=null, finalizers=[], generateName=null, generation=null, labels={helm.sh/chart=hivemq-platform-0.2.32, app.kubernetes.io/managed-by=Helm, app.kubernetes.io/name=hivemq-platform, hivemq-platform=test-hivemq-platform, app.kubernetes.io/instance=test-hivemq-platform, app.kubernetes.io/version=4.36.0}, managedFields=[], name=hivemq-platform-role-test-hivemq-platform, namespace=helmvolumeclaimtemplatesit, ownerReferences=[OwnerReference(apiVersion=hivemq.com/v1, blockOwnerDeletion=null, controller=null, kind=HiveMQPlatform, name=test-hivemq-platform, uid=871ee2b7-aa71-431f-9021-75f1a533d137, additionalProperties={})], resourceVersion=null, selfLink=null, uid=null, additionalProperties={}), rules=[PolicyRule(apiGroups=[], nonResourceURLs=[], resourceNames=[], resources=[pods], verbs=[get, patch, update], additionalProperties={})], additionalProperties={})
2025-01-30 04:01:56,295 INFO c.h.h.t.HelmChartContainer - [hivemq-test-hivemq-platform] [hivemq-platform-operator] [3cd2b14a] 04:01:56.294 [pool-6-thread-7] DEBUG c.h.p.o.d.PodServiceAccountResource - [helmvolu] Desired PodServiceAccountResource (serviceAccountName: hivemq-platform-pod-test-hivemq-platform)
2025-01-30 04:01:56,297 INFO c.h.h.t.HelmChartContainer - [hivemq-test-hivemq-platform] [hivemq-platform-operator] [3cd2b14a] 04:01:56.295 [pool-6-thread-7] DEBUG c.h.p.o.d.PodServiceAccountResource - [helmvolu] Create ServiceAccount 'hivemq-platform-pod-test-hivemq-platform'
2025-01-30 04:01:56,398 INFO c.h.h.t.HelmChartContainer - [hivemq-test-hivemq-platform] [hivemq-platform-operator] [3cd2b14a] 04:01:56.397 [pool-6-thread-10] DEBUG c.h.p.o.d.PodRoleBindingResource - [helmvolu] Create RoleBinding: RoleBinding(apiVersion=rbac.authorization.k8s.io/v1, kind=RoleBinding, metadata=ObjectMeta(annotations={meta.helm.sh/release-name=test-hivemq-platform, meta.helm.sh/release-namespace=helmvolumeclaimtemplatesit}, creationTimestamp=null, deletionGracePeriodSeconds=null, deletionTimestamp=null, finalizers=[], generateName=null, generation=null, labels={helm.sh/chart=hivemq-platform-0.2.32, app.kubernetes.io/managed-by=Helm, app.kubernetes.io/name=hivemq-platform, hivemq-platform=test-hivemq-platform, app.kubernetes.io/instance=test-hivemq-platform, app.kubernetes.io/version=4.36.0}, managedFields=[], name=hivemq-platform-role-binding-test-hivemq-platform, namespace=helmvolumeclaimtemplatesit, ownerReferences=[OwnerReference(apiVersion=hivemq.com/v1, blockOwnerDeletion=null, controller=null, kind=HiveMQPlatform, name=test-hivemq-platform, uid=871ee2b7-aa71-431f-9021-75f1a533d137, additionalProperties={})], resourceVersion=null, selfLink=null, uid=null, additionalProperties={}), roleRef=RoleRef(apiGroup=rbac.authorization.k8s.io, kind=Role, name=hivemq-platform-role-test-hivemq-platform, additionalProperties={}), subjects=[Subject(apiGroup=null, kind=ServiceAccount, name=hivemq-platform-pod-test-hivemq-platform, namespace=helmvolumeclaimtemplatesit, additionalProperties={})], additionalProperties={})
2025-01-30 04:01:56,488 INFO c.h.h.t.HelmChartContainer - [hivemq-test-hivemq-platform] [hivemq-platform-operator] [3cd2b14a] 04:01:56.487 [ReconcilerExecutor-hivemq-controller-54] INFO  c.h.p.o.HiveMQPlatformReconciler - [helmvolu] Reconciling HiveMQ Platform 'test-hivemq-platform' in namespace 'helmvolumeclaimtemplatesit'
2025-01-30 04:01:56,489 INFO c.h.h.t.HelmChartContainer - [hivemq-test-hivemq-platform] [hivemq-platform-operator] [3cd2b14a] 04:01:56.487 [ReconcilerExecutor-hivemq-controller-54] DEBUG c.h.p.o.HiveMQPlatformReconciler - [helmvolu] Custom Resource Status CREATED - HiveMQ Platform was created (READY)
2025-01-30 04:01:56,489 INFO c.h.h.t.HelmChartContainer - [hivemq-test-hivemq-platform] [hivemq-platform-operator] [3cd2b14a] 04:01:56.487 [ReconcilerExecutor-hivemq-controller-54] DEBUG c.h.p.o.HiveMQPlatformReconciler - [helmvolu] Custom Resource Spec (replicas: 2) (extensions: 1)
2025-01-30 04:01:56,492 INFO c.h.h.t.HelmChartContainer - [hivemq-test-hivemq-platform] [hivemq-platform-operator] [3cd2b14a] 04:01:56.491 [ReconcilerExecutor-hivemq-controller-54] INFO  c.h.p.o.h.HiveMQPlatformReconcilerBaseHandler - [helmvolu] HiveMQ Platform is starting
2025-01-30 04:01:56,595 INFO c.h.h.t.HelmChartContainer - [hivemq-test-hivemq-platform] [hivemq-platform-operator] [3cd2b14a] 04:01:56.594 [ReconcilerExecutor-hivemq-controller-54] DEBUG c.h.p.operator.event.EventSender - [helmvolu] Creating K8s event hivemq-platform-starting: [Start] HiveMQ Platform is starting
2025-01-30 04:01:56,603 INFO c.h.h.t.HelmChartContainer - [EVENT] Normal [Start] HiveMQ Platform is starting [helmvolumeclaimtemplatesit:test-hivemq-platform]
2025-01-30 04:01:56,607 INFO c.h.h.t.HelmChartContainer - [hivemq-test-hivemq-platform] [hivemq-platform-operator] [3cd2b14a] 04:01:56.606 [ReconcilerExecutor-hivemq-controller-54] INFO  c.h.p.o.h.AbstractHiveMQReconcilerStateHandler - [helmvolu] Update HiveMQ Platform Status (CREATED [READY] -> STARTING [READY]): HiveMQ Platform is starting
2025-01-30 04:01:56,699 DEBUG com.hivemq.helmcharts.util.K8sUtil - Comparing actual state 'STARTING' and waiting for 'RUNNING'
2025-01-30 04:02:06,712 INFO c.h.h.t.HelmChartContainer - [hivemq-test-hivemq-platform] [hivemq-platform-operator] [3cd2b14a] 04:02:06.709 [pool-6-thread-12] DEBUG c.h.p.o.d.PlatformServiceResource - [helmvolu] Desired Platform services (3 services)
2025-01-30 04:02:06,713 INFO c.h.h.t.HelmChartContainer - [hivemq-test-hivemq-platform] [hivemq-platform-operator] [3cd2b14a] 04:02:06.711 [pool-6-thread-13] DEBUG c.h.p.o.dependants.PodInfoConfigMap - [helmvolu] Desired PodInfo ConfigMap (1 extensions) (1 enabled)
2025-01-30 04:02:06,714 INFO c.h.h.t.HelmChartContainer - [hivemq-test-hivemq-platform] [hivemq-platform-operator] [3cd2b14a] 04:02:06.713 [pool-6-thread-13] DEBUG c.h.p.o.dependants.PodInfoConfigMap - [helmvolu] Desired PodInfo ConfigMap (metrics port: 9399) (metrics path: /)
2025-01-30 04:02:06,716 INFO c.h.h.t.HelmChartContainer - [hivemq-test-hivemq-platform] [hivemq-platform-operator] [3cd2b14a] 04:02:06.714 [pool-6-thread-13] DEBUG c.h.p.o.dependants.PodInfoConfigMap - [helmvolu] Desired PodInfo ConfigMap (extension state hash: -1817474005)
2025-01-30 04:02:06,716 INFO c.h.h.t.HelmChartContainer - [hivemq-test-hivemq-platform] [hivemq-platform-operator] [3cd2b14a] 04:02:06.712 [pool-6-thread-17] DEBUG c.h.p.o.d.PodServiceAccountResource - [helmvolu] Desired PodServiceAccountResource (serviceAccountName: hivemq-platform-pod-test-hivemq-platform)
2025-01-30 04:02:06,720 INFO c.h.h.t.HelmChartContainer - [hivemq-test-hivemq-platform] [hivemq-platform-operator] [3cd2b14a] 04:02:06.719 [pool-6-thread-13] DEBUG c.h.p.o.dependants.PodInfoConfigMap - [helmvolu] Update PodInfo ConfigMap
2025-01-30 04:02:06,801 INFO c.h.h.t.HelmChartContainer - [K3S] [alloc.go:330] "allocated clusterIPs" service="helmvolumeclaimtemplatesit/hivemq-test-hivemq-platform-cc-8080" clusterIPs={"IPv4":"10.43.144.235"}
2025-01-30 04:02:06,895 INFO c.h.h.t.HelmChartContainer - [K3S] [alloc.go:330] "allocated clusterIPs" service="helmvolumeclaimtemplatesit/hivemq-test-hivemq-platform-metrics-9399" clusterIPs={"IPv4":"10.43.193.250"}
2025-01-30 04:02:06,908 INFO c.h.h.t.HelmChartContainer - [K3S] [alloc.go:330] "allocated clusterIPs" service="helmvolumeclaimtemplatesit/hivemq-test-hivemq-platform-mqtt-1883" clusterIPs={"IPv4":"10.43.184.209"}
2025-01-30 04:02:06,987 INFO c.h.h.t.HelmChartContainer - [hivemq-test-hivemq-platform] [hivemq-platform-operator] [3cd2b14a] 04:02:06.986 [pool-6-thread-20] DEBUG c.h.p.o.d.StatefulSetResource - [helmvolu] Desired StatefulSet (2 replicas) for status STARTING (READY)
2025-01-30 04:02:06,999 INFO c.h.h.t.HelmChartContainer - [hivemq-test-hivemq-platform] [hivemq-platform-operator] [3cd2b14a] 04:02:06.998 [pool-6-thread-20] DEBUG c.h.p.o.d.StatefulSetResource - [helmvolu] Create StatefulSet
2025-01-30 04:02:07,098 INFO c.h.h.t.HelmChartContainer - [hivemq-test-hivemq-platform] [hivemq-platform-operator] [3cd2b14a] 04:02:07.096 [ReconcilerExecutor-hivemq-controller-65] INFO  c.h.p.o.HiveMQPlatformReconciler - [helmvolu] Reconciling HiveMQ Platform 'test-hivemq-platform' in namespace 'helmvolumeclaimtemplatesit'
2025-01-30 04:02:07,098 INFO c.h.h.t.HelmChartContainer - [hivemq-test-hivemq-platform] [hivemq-platform-operator] [3cd2b14a] 04:02:07.096 [ReconcilerExecutor-hivemq-controller-65] DEBUG c.h.p.o.HiveMQPlatformReconciler - [helmvolu] Custom Resource Status STARTING - HiveMQ Platform is starting (READY)
2025-01-30 04:02:07,098 INFO c.h.h.t.HelmChartContainer - [hivemq-test-hivemq-platform] [hivemq-platform-operator] [3cd2b14a] 04:02:07.096 [ReconcilerExecutor-hivemq-controller-65] DEBUG c.h.p.o.HiveMQPlatformReconciler - [helmvolu] Custom Resource Spec (replicas: 2) (extensions: 1)
2025-01-30 04:02:07,111 INFO c.h.h.t.HelmChartContainer - [EVENT] Normal [SuccessfulCreate] create Claim hivemq-pvc-data-test-hivemq-platform-0 Pod test-hivemq-platform-0 in StatefulSet test-hivemq-platform success [helmvolumeclaimtemplatesit:test-hivemq-platform]
2025-01-30 04:02:07,112 INFO c.h.h.t.HelmChartContainer - [hivemq-test-hivemq-platform] [hivemq-platform-operator] [3cd2b14a] 04:02:07.107 [ReconcilerExecutor-hivemq-controller-65] DEBUG c.h.p.o.HiveMQPlatformReconciler - [helmvolu] StatefulSet Status (revision: null, replicas: 0, available: 0, ready: 0, current: 0, updated: 0)
2025-01-30 04:02:07,112 INFO c.h.h.t.HelmChartContainer - [hivemq-test-hivemq-platform] [hivemq-platform-operator] [3cd2b14a] 04:02:07.107 [ReconcilerExecutor-hivemq-controller-65] DEBUG c.h.p.o.HiveMQPlatformReconciler - [helmvolu] StatefulSet Spec (replicas: 2, init containers: 1, containers: 1, volumes: 4)
2025-01-30 04:02:07,117 INFO c.h.h.t.HelmChartContainer - [POD] test-hivemq-platform-0 [c78b1b68-be50-4f3e-a288-d0cbc418d80a] in helmvolumeclaimtemplatesit was ADDED
2025-01-30 04:02:07,118 INFO c.h.h.t.HelmChartContainer - [EVENT] Normal [SuccessfulCreate] create Pod test-hivemq-platform-0 in StatefulSet test-hivemq-platform successful [helmvolumeclaimtemplatesit:test-hivemq-platform]
2025-01-30 04:02:07,120 INFO c.h.h.t.HelmChartContainer - [EVENT] Normal [WaitForFirstConsumer] waiting for first consumer to be created before binding [helmvolumeclaimtemplatesit:hivemq-pvc-data-test-hivemq-platform-0]
2025-01-30 04:02:07,126 INFO c.h.h.t.HelmChartContainer - [EVENT] Normal [ExternalProvisioning] Waiting for a volume to be created either by the external provisioner 'rancher.io/local-path' or manually by the system administrator. If volume creation is delayed, please verify that the provisioner is running and correctly registered. [helmvolumeclaimtemplatesit:hivemq-pvc-data-test-hivemq-platform-0]
2025-01-30 04:02:07,128 INFO c.h.h.t.HelmChartContainer - [EVENT] Normal [ExternalProvisioning] Waiting for a volume to be created either by the external provisioner 'rancher.io/local-path' or manually by the system administrator. If volume creation is delayed, please verify that the provisioner is running and correctly registered. [helmvolumeclaimtemplatesit:hivemq-pvc-data-test-hivemq-platform-0]
2025-01-30 04:02:07,129 INFO c.h.h.t.HelmChartContainer - [EVENT] Normal [Provisioning] External provisioner is provisioning volume for claim "helmvolumeclaimtemplatesit/hivemq-pvc-data-test-hivemq-platform-0" [helmvolumeclaimtemplatesit:hivemq-pvc-data-test-hivemq-platform-0]
2025-01-30 04:02:07,192 INFO c.h.h.t.HelmChartContainer - [hivemq-test-hivemq-platform] [hivemq-platform-operator] [3cd2b14a] 04:02:07.190 [ReconcilerExecutor-hivemq-controller-65] INFO  c.h.p.o.h.HiveMQPlatformReconcilerBaseHandler - [helmvolu] HiveMQ Platform is starting, 0 of 2 replicas are ready
2025-01-30 04:02:07,197 INFO c.h.h.t.HelmChartContainer - [hivemq-test-hivemq-platform] [hivemq-platform-operator] [3cd2b14a] 04:02:07.196 [pool-6-thread-22] DEBUG c.h.p.o.d.PlatformServiceResource - [helmvolu] Desired Platform services (3 services)
2025-01-30 04:02:07,199 INFO c.h.h.t.HelmChartContainer - [hivemq-test-hivemq-platform] [hivemq-platform-operator] [3cd2b14a] 04:02:07.197 [pool-6-thread-23] DEBUG c.h.p.o.dependants.PodInfoConfigMap - [helmvolu] Desired PodInfo ConfigMap (1 extensions) (1 enabled)
2025-01-30 04:02:07,199 INFO c.h.h.t.HelmChartContainer - [hivemq-test-hivemq-platform] [hivemq-platform-operator] [3cd2b14a] 04:02:07.197 [pool-6-thread-23] DEBUG c.h.p.o.dependants.PodInfoConfigMap - [helmvolu] Desired PodInfo ConfigMap (metrics port: 9399) (metrics path: /)
2025-01-30 04:02:07,199 INFO c.h.h.t.HelmChartContainer - [hivemq-test-hivemq-platform] [hivemq-platform-operator] [3cd2b14a] 04:02:07.197 [pool-6-thread-23] DEBUG c.h.p.o.dependants.PodInfoConfigMap - [helmvolu] Desired PodInfo ConfigMap (extension state hash: -1817474005)
2025-01-30 04:02:07,207 INFO c.h.h.t.HelmChartContainer - [POD] helper-pod-create-pvc-039ad80e-2321-4112-8315-4662221a1a96 [0f36bc1f-ffe7-4801-a053-9048bcfc2cdc] in kube-system was ADDED
2025-01-30 04:02:07,214 INFO c.h.h.t.HelmChartContainer - [POD] helper-pod-create-pvc-039ad80e-2321-4112-8315-4662221a1a96 [0f36bc1f-ffe7-4801-a053-9048bcfc2cdc] in kube-system was MODIFIED
2025-01-30 04:02:07,291 INFO c.h.h.t.HelmChartContainer - [hivemq-test-hivemq-platform] [hivemq-platform-operator] [3cd2b14a] 04:02:07.289 [pool-6-thread-27] DEBUG c.h.p.o.d.PodServiceAccountResource - [helmvolu] Desired PodServiceAccountResource (serviceAccountName: hivemq-platform-pod-test-hivemq-platform)
2025-01-30 04:02:07,295 INFO c.h.h.t.HelmChartContainer - [K3S] [reconciler_common.go:251] "operationExecutor.VerifyControllerAttachedVolume started for volume \"data\" (UniqueName: \"kubernetes.io/host-path/0f36bc1f-ffe7-4801-a053-9048bcfc2cdc-data\") pod \"helper-pod-create-pvc-039ad80e-2321-4112-8315-4662221a1a96\" (UID: \"0f36bc1f-ffe7-4801-a053-9048bcfc2cdc\") " pod="kube-system/helper-pod-create-pvc-039ad80e-2321-4112-8315-4662221a1a96"
2025-01-30 04:02:07,296 INFO c.h.h.t.HelmChartContainer - [K3S] [reconciler_common.go:251] "operationExecutor.VerifyControllerAttachedVolume started for volume \"kube-api-access-j59pj\" (UniqueName: \"kubernetes.io/projected/0f36bc1f-ffe7-4801-a053-9048bcfc2cdc-kube-api-access-j59pj\") pod \"helper-pod-create-pvc-039ad80e-2321-4112-8315-4662221a1a96\" (UID: \"0f36bc1f-ffe7-4801-a053-9048bcfc2cdc\") " pod="kube-system/helper-pod-create-pvc-039ad80e-2321-4112-8315-4662221a1a96"
2025-01-30 04:02:07,296 INFO c.h.h.t.HelmChartContainer - [K3S] [reconciler_common.go:251] "operationExecutor.VerifyControllerAttachedVolume started for volume \"script\" (UniqueName: \"kubernetes.io/configmap/0f36bc1f-ffe7-4801-a053-9048bcfc2cdc-script\") pod \"helper-pod-create-pvc-039ad80e-2321-4112-8315-4662221a1a96\" (UID: \"0f36bc1f-ffe7-4801-a053-9048bcfc2cdc\") " pod="kube-system/helper-pod-create-pvc-039ad80e-2321-4112-8315-4662221a1a96"
2025-01-30 04:02:07,298 INFO c.h.h.t.HelmChartContainer - [hivemq-test-hivemq-platform] [hivemq-platform-operator] [3cd2b14a] 04:02:07.298 [pool-6-thread-30] DEBUG c.h.p.o.d.StatefulSetResource - [helmvolu] Desired StatefulSet (2 replicas) for status STARTING (READY)
2025-01-30 04:02:07,391 INFO c.h.h.t.HelmChartContainer - [hivemq-test-hivemq-platform] [hivemq-platform-operator] [3cd2b14a] 04:02:07.390 [ReconcilerExecutor-hivemq-controller-76] INFO  c.h.p.o.HiveMQPlatformReconciler - [helmvolu] Reconciling HiveMQ Platform 'test-hivemq-platform' in namespace 'helmvolumeclaimtemplatesit'
2025-01-30 04:02:07,391 INFO c.h.h.t.HelmChartContainer - [hivemq-test-hivemq-platform] [hivemq-platform-operator] [3cd2b14a] 04:02:07.390 [ReconcilerExecutor-hivemq-controller-76] DEBUG c.h.p.o.HiveMQPlatformReconciler - [helmvolu] Custom Resource Status STARTING - HiveMQ Platform is starting (READY)
2025-01-30 04:02:07,391 INFO c.h.h.t.HelmChartContainer - [hivemq-test-hivemq-platform] [hivemq-platform-operator] [3cd2b14a] 04:02:07.390 [ReconcilerExecutor-hivemq-controller-76] DEBUG c.h.p.o.HiveMQPlatformReconciler - [helmvolu] Custom Resource Spec (replicas: 2) (extensions: 1)
2025-01-30 04:02:07,394 INFO c.h.h.t.HelmChartContainer - [hivemq-test-hivemq-platform] [hivemq-platform-operator] [3cd2b14a] 04:02:07.393 [ReconcilerExecutor-hivemq-controller-76] DEBUG c.h.p.o.HiveMQPlatformReconciler - [helmvolu] StatefulSet Status (revision: test-hivemq-platform-6c7bb94cbd, replicas: 1, available: 0, ready: 0, current: 1, updated: 1)
2025-01-30 04:02:07,395 INFO c.h.h.t.HelmChartContainer - [hivemq-test-hivemq-platform] [hivemq-platform-operator] [3cd2b14a] 04:02:07.393 [ReconcilerExecutor-hivemq-controller-76] DEBUG c.h.p.o.HiveMQPlatformReconciler - [helmvolu] StatefulSet Spec (replicas: 2, init containers: 1, containers: 1, volumes: 4)
2025-01-30 04:02:07,486 INFO c.h.h.t.HelmChartContainer - [hivemq-test-hivemq-platform] [hivemq-platform-operator] [3cd2b14a] 04:02:07.485 [ReconcilerExecutor-hivemq-controller-76] DEBUG c.h.p.o.h.HiveMQPlatformReconcilerErrorHandler - [helmvolu] Pod 'test-hivemq-platform-0' phase Pending
2025-01-30 04:02:07,488 INFO c.h.h.t.HelmChartContainer - [hivemq-test-hivemq-platform] [hivemq-platform-operator] [3cd2b14a] 04:02:07.487 [ReconcilerExecutor-hivemq-controller-76] INFO  c.h.p.o.h.HiveMQPlatformReconcilerBaseHandler - [helmvolu] HiveMQ Platform is starting, 0 of 2 replicas are ready
2025-01-30 04:02:08,491 INFO c.h.h.t.HelmChartContainer - [POD] helper-pod-create-pvc-039ad80e-2321-4112-8315-4662221a1a96 [0f36bc1f-ffe7-4801-a053-9048bcfc2cdc] in kube-system was MODIFIED
2025-01-30 04:02:09,560 INFO c.h.h.t.HelmChartContainer - [POD] helper-pod-create-pvc-039ad80e-2321-4112-8315-4662221a1a96 [0f36bc1f-ffe7-4801-a053-9048bcfc2cdc] in kube-system was MODIFIED
2025-01-30 04:02:09,611 INFO c.h.h.t.HelmChartContainer - [K3S] [reconciler_common.go:162] "operationExecutor.UnmountVolume started for volume \"kube-api-access-j59pj\" (UniqueName: \"kubernetes.io/projected/0f36bc1f-ffe7-4801-a053-9048bcfc2cdc-kube-api-access-j59pj\") pod \"0f36bc1f-ffe7-4801-a053-9048bcfc2cdc\" (UID: \"0f36bc1f-ffe7-4801-a053-9048bcfc2cdc\") "
2025-01-30 04:02:09,612 INFO c.h.h.t.HelmChartContainer - [K3S] [reconciler_common.go:162] "operationExecutor.UnmountVolume started for volume \"data\" (UniqueName: \"kubernetes.io/host-path/0f36bc1f-ffe7-4801-a053-9048bcfc2cdc-data\") pod \"0f36bc1f-ffe7-4801-a053-9048bcfc2cdc\" (UID: \"0f36bc1f-ffe7-4801-a053-9048bcfc2cdc\") "
2025-01-30 04:02:09,612 INFO c.h.h.t.HelmChartContainer - [K3S] [reconciler_common.go:162] "operationExecutor.UnmountVolume started for volume \"script\" (UniqueName: \"kubernetes.io/configmap/0f36bc1f-ffe7-4801-a053-9048bcfc2cdc-script\") pod \"0f36bc1f-ffe7-4801-a053-9048bcfc2cdc\" (UID: \"0f36bc1f-ffe7-4801-a053-9048bcfc2cdc\") "
2025-01-30 04:02:09,712 INFO c.h.h.t.HelmChartContainer - [K3S] [reconciler_common.go:299] "Volume detached for volume \"script\" (UniqueName: \"kubernetes.io/configmap/0f36bc1f-ffe7-4801-a053-9048bcfc2cdc-script\") on node \"50074fe47053\" DevicePath \"\""
2025-01-30 04:02:09,712 INFO c.h.h.t.HelmChartContainer - [K3S] [reconciler_common.go:299] "Volume detached for volume \"kube-api-access-j59pj\" (UniqueName: \"kubernetes.io/projected/0f36bc1f-ffe7-4801-a053-9048bcfc2cdc-kube-api-access-j59pj\") on node \"50074fe47053\" DevicePath \"\""
2025-01-30 04:02:09,712 INFO c.h.h.t.HelmChartContainer - [K3S] [reconciler_common.go:299] "Volume detached for volume \"data\" (UniqueName: \"kubernetes.io/host-path/0f36bc1f-ffe7-4801-a053-9048bcfc2cdc-data\") on node \"50074fe47053\" DevicePath \"\""
2025-01-30 04:02:10,226 INFO c.h.h.t.HelmChartContainer - [POD] helper-pod-create-pvc-039ad80e-2321-4112-8315-4662221a1a96 [0f36bc1f-ffe7-4801-a053-9048bcfc2cdc] in kube-system was MODIFIED
2025-01-30 04:02:10,231 INFO c.h.h.t.HelmChartContainer - [POD] helper-pod-create-pvc-039ad80e-2321-4112-8315-4662221a1a96 [0f36bc1f-ffe7-4801-a053-9048bcfc2cdc] in kube-system was DELETED
2025-01-30 04:02:10,239 INFO c.h.h.t.HelmChartContainer - [EVENT] Normal [ProvisioningSucceeded] Successfully provisioned volume pvc-039ad80e-2321-4112-8315-4662221a1a96 [helmvolumeclaimtemplatesit:hivemq-pvc-data-test-hivemq-platform-0]
2025-01-30 04:02:10,485 INFO c.h.h.t.HelmChartContainer - [K3S] [pod_container_deletor.go:80] "Container not found in pod's containers" containerID="0919905b0c04c0769734a84f663bdfe6b1716ebd4a4c4943c1045a50b6478413"
2025-01-30 04:02:10,493 INFO c.h.h.t.HelmChartContainer - [K3S] [status_manager.go:890] "Failed to get status for pod" podUID="0f36bc1f-ffe7-4801-a053-9048bcfc2cdc" pod="kube-system/helper-pod-create-pvc-039ad80e-2321-4112-8315-4662221a1a96" err="pods \"helper-pod-create-pvc-039ad80e-2321-4112-8315-4662221a1a96\" is forbidden: User \"system:node:50074fe47053\" cannot get resource \"pods\" in API group \"\" in the namespace \"kube-system\": no relationship found between node '50074fe47053' and this object"
2025-01-30 04:02:11,121 INFO c.h.h.t.HelmChartContainer - [K3S] [memory_manager.go:355] "RemoveStaleState removing state" podUID="0f36bc1f-ffe7-4801-a053-9048bcfc2cdc" containerName="helper-pod"
2025-01-30 04:02:11,123 INFO c.h.h.t.HelmChartContainer - [EVENT] Normal [Scheduled] Successfully assigned helmvolumeclaimtemplatesit/test-hivemq-platform-0 to 50074fe47053 [helmvolumeclaimtemplatesit:test-hivemq-platform-0]
2025-01-30 04:02:11,123 INFO c.h.h.t.HelmChartContainer - [POD] test-hivemq-platform-0 [c78b1b68-be50-4f3e-a288-d0cbc418d80a] in helmvolumeclaimtemplatesit was MODIFIED
2025-01-30 04:02:11,124 INFO c.h.h.t.HelmChartContainer - [K3S] [status_manager.go:890] "Failed to get status for pod" podUID="0f36bc1f-ffe7-4801-a053-9048bcfc2cdc" pod="kube-system/helper-pod-create-pvc-039ad80e-2321-4112-8315-4662221a1a96" err="pods \"helper-pod-create-pvc-039ad80e-2321-4112-8315-4662221a1a96\" is forbidden: User \"system:node:50074fe47053\" cannot get resource \"pods\" in API group \"\" in the namespace \"kube-system\": no relationship found between node '50074fe47053' and this object"
2025-01-30 04:02:11,131 INFO c.h.h.t.HelmChartContainer - [hivemq-test-hivemq-platform] [hivemq-platform-operator] [3cd2b14a] 04:02:11.129 [pool-6-thread-32] DEBUG c.h.p.o.d.PlatformServiceResource - [helmvolu] Desired Platform services (3 services)
2025-01-30 04:02:11,140 INFO c.h.h.t.HelmChartContainer - [hivemq-test-hivemq-platform] [hivemq-platform-operator] [3cd2b14a] 04:02:11.135 [pool-6-thread-33] DEBUG c.h.p.o.dependants.PodInfoConfigMap - [helmvolu] Desired PodInfo ConfigMap (1 extensions) (1 enabled)
2025-01-30 04:02:11,141 INFO c.h.h.t.HelmChartContainer - [POD] test-hivemq-platform-0 [c78b1b68-be50-4f3e-a288-d0cbc418d80a] in helmvolumeclaimtemplatesit was MODIFIED
2025-01-30 04:02:11,141 INFO c.h.h.t.HelmChartContainer - [hivemq-test-hivemq-platform] [hivemq-platform-operator] [3cd2b14a] 04:02:11.135 [pool-6-thread-33] DEBUG c.h.p.o.dependants.PodInfoConfigMap - [helmvolu] Desired PodInfo ConfigMap (metrics port: 9399) (metrics path: /)
2025-01-30 04:02:11,141 INFO c.h.h.t.HelmChartContainer - [hivemq-test-hivemq-platform] [hivemq-platform-operator] [3cd2b14a] 04:02:11.135 [pool-6-thread-33] DEBUG c.h.p.o.dependants.PodInfoConfigMap - [helmvolu] Desired PodInfo ConfigMap (extension state hash: -1817474005)
2025-01-30 04:02:11,141 INFO c.h.h.t.HelmChartContainer - [hivemq-test-hivemq-platform] [hivemq-platform-operator] [3cd2b14a] 04:02:11.135 [pool-6-thread-37] DEBUG c.h.p.o.d.PodServiceAccountResource - [helmvolu] Desired PodServiceAccountResource (serviceAccountName: hivemq-platform-pod-test-hivemq-platform)
2025-01-30 04:02:11,189 INFO c.h.h.t.HelmChartContainer - [hivemq-test-hivemq-platform] [hivemq-platform-operator] [3cd2b14a] 04:02:11.188 [pool-6-thread-40] DEBUG c.h.p.o.d.StatefulSetResource - [helmvolu] Desired StatefulSet (2 replicas) for status STARTING (READY)
2025-01-30 04:02:11,194 INFO c.h.h.t.HelmChartContainer - [hivemq-test-hivemq-platform] [hivemq-platform-operator] [3cd2b14a] 04:02:11.193 [ReconcilerExecutor-hivemq-controller-87] INFO  c.h.p.o.HiveMQPlatformReconciler - [helmvolu] Reconciling HiveMQ Platform 'test-hivemq-platform' in namespace 'helmvolumeclaimtemplatesit'
2025-01-30 04:02:11,195 INFO c.h.h.t.HelmChartContainer - [hivemq-test-hivemq-platform] [hivemq-platform-operator] [3cd2b14a] 04:02:11.193 [ReconcilerExecutor-hivemq-controller-87] DEBUG c.h.p.o.HiveMQPlatformReconciler - [helmvolu] Custom Resource Status STARTING - HiveMQ Platform is starting (READY)
2025-01-30 04:02:11,195 INFO c.h.h.t.HelmChartContainer - [hivemq-test-hivemq-platform] [hivemq-platform-operator] [3cd2b14a] 04:02:11.193 [ReconcilerExecutor-hivemq-controller-87] DEBUG c.h.p.o.HiveMQPlatformReconciler - [helmvolu] Custom Resource Spec (replicas: 2) (extensions: 1)
2025-01-30 04:02:11,197 INFO c.h.h.t.HelmChartContainer - [hivemq-test-hivemq-platform] [hivemq-platform-operator] [3cd2b14a] 04:02:11.196 [ReconcilerExecutor-hivemq-controller-87] DEBUG c.h.p.o.HiveMQPlatformReconciler - [helmvolu] StatefulSet Status (revision: test-hivemq-platform-6c7bb94cbd, replicas: 1, available: 0, ready: 0, current: 1, updated: 1)
2025-01-30 04:02:11,198 INFO c.h.h.t.HelmChartContainer - [hivemq-test-hivemq-platform] [hivemq-platform-operator] [3cd2b14a] 04:02:11.196 [ReconcilerExecutor-hivemq-controller-87] DEBUG c.h.p.o.HiveMQPlatformReconciler - [helmvolu] StatefulSet Spec (replicas: 2, init containers: 1, containers: 1, volumes: 4)
2025-01-30 04:02:11,203 INFO c.h.h.t.HelmChartContainer - [hivemq-test-hivemq-platform] [hivemq-platform-operator] [3cd2b14a] 04:02:11.202 [ReconcilerExecutor-hivemq-controller-87] DEBUG c.h.p.o.h.HiveMQPlatformReconcilerErrorHandler - [helmvolu] Pod 'test-hivemq-platform-0' phase Pending
2025-01-30 04:02:11,204 INFO c.h.h.t.HelmChartContainer - [hivemq-test-hivemq-platform] [hivemq-platform-operator] [3cd2b14a] 04:02:11.202 [ReconcilerExecutor-hivemq-controller-87] DEBUG c.h.p.o.h.HiveMQPlatformReconcilerErrorHandler - [helmvolu] Pod 'test-hivemq-platform-0' condition 'PodReadyToStartContainers': False
2025-01-30 04:02:11,204 INFO c.h.h.t.HelmChartContainer - [hivemq-test-hivemq-platform] [hivemq-platform-operator] [3cd2b14a] 04:02:11.202 [ReconcilerExecutor-hivemq-controller-87] DEBUG c.h.p.o.h.HiveMQPlatformReconcilerErrorHandler - [helmvolu] Pod 'test-hivemq-platform-0' condition 'Initialized': False
2025-01-30 04:02:11,204 INFO c.h.h.t.HelmChartContainer - [hivemq-test-hivemq-platform] [hivemq-platform-operator] [3cd2b14a] 04:02:11.203 [ReconcilerExecutor-hivemq-controller-87] DEBUG c.h.p.o.h.HiveMQPlatformReconcilerErrorHandler - [helmvolu] Pod 'test-hivemq-platform-0' condition 'Ready': False
2025-01-30 04:02:11,204 INFO c.h.h.t.HelmChartContainer - [hivemq-test-hivemq-platform] [hivemq-platform-operator] [3cd2b14a] 04:02:11.203 [ReconcilerExecutor-hivemq-controller-87] DEBUG c.h.p.o.h.HiveMQPlatformReconcilerErrorHandler - [helmvolu] Pod 'test-hivemq-platform-0' condition 'ContainersReady': False
2025-01-30 04:02:11,204 INFO c.h.h.t.HelmChartContainer - [hivemq-test-hivemq-platform] [hivemq-platform-operator] [3cd2b14a] 04:02:11.203 [ReconcilerExecutor-hivemq-controller-87] DEBUG c.h.p.o.h.HiveMQPlatformReconcilerErrorHandler - [helmvolu] Pod 'test-hivemq-platform-0' condition 'PodScheduled': True
2025-01-30 04:02:11,204 INFO c.h.h.t.HelmChartContainer - [hivemq-test-hivemq-platform] [hivemq-platform-operator] [3cd2b14a] 04:02:11.203 [ReconcilerExecutor-hivemq-controller-87] DEBUG c.h.p.o.h.HiveMQPlatformReconcilerErrorHandler - [helmvolu] Pod 'test-hivemq-platform-0' containerStatus 'hivemq' (started: false) (ready: false) (waiting: [PodInitializing] null)
2025-01-30 04:02:11,220 INFO c.h.h.t.HelmChartContainer - [K3S] [reconciler_common.go:251] "operationExecutor.VerifyControllerAttachedVolume started for volume \"pod-info\" (UniqueName: \"kubernetes.io/configmap/c78b1b68-be50-4f3e-a288-d0cbc418d80a-pod-info\") pod \"test-hivemq-platform-0\" (UID: \"c78b1b68-be50-4f3e-a288-d0cbc418d80a\") " pod="helmvolumeclaimtemplatesit/test-hivemq-platform-0"
2025-01-30 04:02:11,221 INFO c.h.h.t.HelmChartContainer - [K3S] [reconciler_common.go:251] "operationExecutor.VerifyControllerAttachedVolume started for volume \"broker-configuration\" (UniqueName: \"kubernetes.io/configmap/c78b1b68-be50-4f3e-a288-d0cbc418d80a-broker-configuration\") pod \"test-hivemq-platform-0\" (UID: \"c78b1b68-be50-4f3e-a288-d0cbc418d80a\") " pod="helmvolumeclaimtemplatesit/test-hivemq-platform-0"
2025-01-30 04:02:11,221 INFO c.h.h.t.HelmChartContainer - [K3S] [reconciler_common.go:251] "operationExecutor.VerifyControllerAttachedVolume started for volume \"kube-api-access-9shtt\" (UniqueName: \"kubernetes.io/projected/c78b1b68-be50-4f3e-a288-d0cbc418d80a-kube-api-access-9shtt\") pod \"test-hivemq-platform-0\" (UID: \"c78b1b68-be50-4f3e-a288-d0cbc418d80a\") " pod="helmvolumeclaimtemplatesit/test-hivemq-platform-0"
2025-01-30 04:02:11,221 INFO c.h.h.t.HelmChartContainer - [K3S] [reconciler_common.go:251] "operationExecutor.VerifyControllerAttachedVolume started for volume \"operator-init\" (UniqueName: \"kubernetes.io/empty-dir/c78b1b68-be50-4f3e-a288-d0cbc418d80a-operator-init\") pod \"test-hivemq-platform-0\" (UID: \"c78b1b68-be50-4f3e-a288-d0cbc418d80a\") " pod="helmvolumeclaimtemplatesit/test-hivemq-platform-0"
2025-01-30 04:02:11,221 INFO c.h.h.t.HelmChartContainer - [K3S] [reconciler_common.go:251] "operationExecutor.VerifyControllerAttachedVolume started for volume \"pvc-039ad80e-2321-4112-8315-4662221a1a96\" (UniqueName: \"kubernetes.io/local-volume/pvc-039ad80e-2321-4112-8315-4662221a1a96\") pod \"test-hivemq-platform-0\" (UID: \"c78b1b68-be50-4f3e-a288-d0cbc418d80a\") " pod="helmvolumeclaimtemplatesit/test-hivemq-platform-0"
2025-01-30 04:02:11,275 INFO c.h.h.t.HelmChartContainer - [K3S] [kubelet_volumes.go:163] "Cleaned up orphaned pod volumes dir" podUID="0f36bc1f-ffe7-4801-a053-9048bcfc2cdc" path="/var/lib/kubelet/pods/0f36bc1f-ffe7-4801-a053-9048bcfc2cdc/volumes"
2025-01-30 04:02:11,287 INFO c.h.h.t.HelmChartContainer - [hivemq-test-hivemq-platform] [hivemq-platform-operator] [3cd2b14a] 04:02:11.286 [ReconcilerExecutor-hivemq-controller-87] INFO  c.h.p.o.h.HiveMQPlatformReconcilerBaseHandler - [helmvolu] HiveMQ Platform is starting, 0 of 2 replicas are ready
2025-01-30 04:02:11,294 INFO c.h.h.t.HelmChartContainer - [hivemq-test-hivemq-platform] [hivemq-platform-operator] [3cd2b14a] 04:02:11.292 [pool-6-thread-42] DEBUG c.h.p.o.d.PlatformServiceResource - [helmvolu] Desired Platform services (3 services)
2025-01-30 04:02:11,295 INFO c.h.h.t.HelmChartContainer - [hivemq-test-hivemq-platform] [hivemq-platform-operator] [3cd2b14a] 04:02:11.293 [pool-6-thread-43] DEBUG c.h.p.o.dependants.PodInfoConfigMap - [helmvolu] Desired PodInfo ConfigMap (1 extensions) (1 enabled)
2025-01-30 04:02:11,295 INFO c.h.h.t.HelmChartContainer - [hivemq-test-hivemq-platform] [hivemq-platform-operator] [3cd2b14a] 04:02:11.294 [pool-6-thread-43] DEBUG c.h.p.o.dependants.PodInfoConfigMap - [helmvolu] Desired PodInfo ConfigMap (metrics port: 9399) (metrics path: /)
2025-01-30 04:02:11,295 INFO c.h.h.t.HelmChartContainer - [hivemq-test-hivemq-platform] [hivemq-platform-operator] [3cd2b14a] 04:02:11.294 [pool-6-thread-43] DEBUG c.h.p.o.dependants.PodInfoConfigMap - [helmvolu] Desired PodInfo ConfigMap (extension state hash: -1817474005)
2025-01-30 04:02:11,298 INFO c.h.h.t.HelmChartContainer - [hivemq-test-hivemq-platform] [hivemq-platform-operator] [3cd2b14a] 04:02:11.297 [pool-6-thread-47] DEBUG c.h.p.o.d.PodServiceAccountResource - [helmvolu] Desired PodServiceAccountResource (serviceAccountName: hivemq-platform-pod-test-hivemq-platform)
2025-01-30 04:02:11,389 INFO c.h.h.t.HelmChartContainer - [hivemq-test-hivemq-platform] [hivemq-platform-operator] [3cd2b14a] 04:02:11.389 [pool-6-thread-50] DEBUG c.h.p.o.d.StatefulSetResource - [helmvolu] Desired StatefulSet (2 replicas) for status STARTING (READY)
2025-01-30 04:02:11,395 INFO c.h.h.t.HelmChartContainer - [hivemq-test-hivemq-platform] [hivemq-platform-operator] [3cd2b14a] 04:02:11.394 [ReconcilerExecutor-hivemq-controller-98] INFO  c.h.p.o.HiveMQPlatformReconciler - [helmvolu] Reconciling HiveMQ Platform 'test-hivemq-platform' in namespace 'helmvolumeclaimtemplatesit'
2025-01-30 04:02:11,396 INFO c.h.h.t.HelmChartContainer - [hivemq-test-hivemq-platform] [hivemq-platform-operator] [3cd2b14a] 04:02:11.395 [ReconcilerExecutor-hivemq-controller-98] DEBUG c.h.p.o.HiveMQPlatformReconciler - [helmvolu] Custom Resource Status STARTING - HiveMQ Platform is starting (READY)
2025-01-30 04:02:11,397 INFO c.h.h.t.HelmChartContainer - [hivemq-test-hivemq-platform] [hivemq-platform-operator] [3cd2b14a] 04:02:11.395 [ReconcilerExecutor-hivemq-controller-98] DEBUG c.h.p.o.HiveMQPlatformReconciler - [helmvolu] Custom Resource Spec (replicas: 2) (extensions: 1)
2025-01-30 04:02:11,399 INFO c.h.h.t.HelmChartContainer - [hivemq-test-hivemq-platform] [hivemq-platform-operator] [3cd2b14a] 04:02:11.398 [ReconcilerExecutor-hivemq-controller-98] DEBUG c.h.p.o.HiveMQPlatformReconciler - [helmvolu] StatefulSet Status (revision: test-hivemq-platform-6c7bb94cbd, replicas: 1, available: 0, ready: 0, current: 1, updated: 1)
2025-01-30 04:02:11,399 INFO c.h.h.t.HelmChartContainer - [hivemq-test-hivemq-platform] [hivemq-platform-operator] [3cd2b14a] 04:02:11.398 [ReconcilerExecutor-hivemq-controller-98] DEBUG c.h.p.o.HiveMQPlatformReconciler - [helmvolu] StatefulSet Spec (replicas: 2, init containers: 1, containers: 1, volumes: 4)
2025-01-30 04:02:11,404 INFO c.h.h.t.HelmChartContainer - [hivemq-test-hivemq-platform] [hivemq-platform-operator] [3cd2b14a] 04:02:11.401 [ReconcilerExecutor-hivemq-controller-98] DEBUG c.h.p.o.h.HiveMQPlatformReconcilerErrorHandler - [helmvolu] Pod 'test-hivemq-platform-0' phase Pending
2025-01-30 04:02:11,404 INFO c.h.h.t.HelmChartContainer - [hivemq-test-hivemq-platform] [hivemq-platform-operator] [3cd2b14a] 04:02:11.401 [ReconcilerExecutor-hivemq-controller-98] DEBUG c.h.p.o.h.HiveMQPlatformReconcilerErrorHandler - [helmvolu] Pod 'test-hivemq-platform-0' condition 'PodReadyToStartContainers': False
2025-01-30 04:02:11,404 INFO c.h.h.t.HelmChartContainer - [hivemq-test-hivemq-platform] [hivemq-platform-operator] [3cd2b14a] 04:02:11.401 [ReconcilerExecutor-hivemq-controller-98] DEBUG c.h.p.o.h.HiveMQPlatformReconcilerErrorHandler - [helmvolu] Pod 'test-hivemq-platform-0' condition 'Initialized': False
2025-01-30 04:02:11,404 INFO c.h.h.t.HelmChartContainer - [hivemq-test-hivemq-platform] [hivemq-platform-operator] [3cd2b14a] 04:02:11.401 [ReconcilerExecutor-hivemq-controller-98] DEBUG c.h.p.o.h.HiveMQPlatformReconcilerErrorHandler - [helmvolu] Pod 'test-hivemq-platform-0' condition 'Ready': False
2025-01-30 04:02:11,404 INFO c.h.h.t.HelmChartContainer - [hivemq-test-hivemq-platform] [hivemq-platform-operator] [3cd2b14a] 04:02:11.401 [ReconcilerExecutor-hivemq-controller-98] DEBUG c.h.p.o.h.HiveMQPlatformReconcilerErrorHandler - [helmvolu] Pod 'test-hivemq-platform-0' condition 'ContainersReady': False
2025-01-30 04:02:11,404 INFO c.h.h.t.HelmChartContainer - [hivemq-test-hivemq-platform] [hivemq-platform-operator] [3cd2b14a] 04:02:11.402 [ReconcilerExecutor-hivemq-controller-98] DEBUG c.h.p.o.h.HiveMQPlatformReconcilerErrorHandler - [helmvolu] Pod 'test-hivemq-platform-0' condition 'PodScheduled': True
2025-01-30 04:02:11,404 INFO c.h.h.t.HelmChartContainer - [hivemq-test-hivemq-platform] [hivemq-platform-operator] [3cd2b14a] 04:02:11.402 [ReconcilerExecutor-hivemq-controller-98] DEBUG c.h.p.o.h.HiveMQPlatformReconcilerErrorHandler - [helmvolu] Pod 'test-hivemq-platform-0' containerStatus 'hivemq' (started: false) (ready: false) (waiting: [PodInitializing] null)
2025-01-30 04:02:11,404 INFO c.h.h.t.HelmChartContainer - [hivemq-test-hivemq-platform] [hivemq-platform-operator] [3cd2b14a] 04:02:11.402 [ReconcilerExecutor-hivemq-controller-98] INFO  c.h.p.o.h.HiveMQPlatformReconcilerBaseHandler - [helmvolu] HiveMQ Platform is starting, 0 of 2 replicas are ready
2025-01-30 04:02:11,514 INFO c.h.h.t.HelmChartContainer - [EVENT] Normal [Pulled] Container image "docker.io/hivemq/hivemq-platform-operator-init-test:snapshot" already present on machine [helmvolumeclaimtemplatesit:test-hivemq-platform-0]
2025-01-30 04:02:11,686 INFO c.h.h.t.HelmChartContainer - [EVENT] Normal [Created] Created container: hivemq-platform-operator-init [helmvolumeclaimtemplatesit:test-hivemq-platform-0]
2025-01-30 04:02:11,719 INFO c.h.h.t.HelmChartContainer - [EVENT] Normal [Started] Started container hivemq-platform-operator-init [helmvolumeclaimtemplatesit:test-hivemq-platform-0]
2025-01-30 04:02:12,495 INFO c.h.h.t.HelmChartContainer - [EVENT] Normal [Pulled] Container image "docker.io/hivemq/hivemq4:4.36.0" already present on machine [helmvolumeclaimtemplatesit:test-hivemq-platform-0]
2025-01-30 04:02:12,495 INFO c.h.h.t.HelmChartContainer - Received Pulled event for container hivemq in pod test-hivemq-platform-0 [c78b1b68-be50-4f3e-a288-d0cbc418d80a]
2025-01-30 04:02:12,509 INFO c.h.h.t.HelmChartContainer - [POD] test-hivemq-platform-0 [c78b1b68-be50-4f3e-a288-d0cbc418d80a] in helmvolumeclaimtemplatesit was MODIFIED
2025-01-30 04:02:12,533 INFO c.h.h.t.HelmChartContainer - [hivemq-test-hivemq-platform] [hivemq-platform-operator] [3cd2b14a] 04:02:12.522 [pool-6-thread-6] DEBUG c.h.p.o.d.PlatformServiceResource - [helmvolu] Desired Platform services (3 services)
2025-01-30 04:02:12,533 INFO c.h.h.t.HelmChartContainer - [hivemq-test-hivemq-platform] [hivemq-platform-operator] [3cd2b14a] 04:02:12.525 [pool-6-thread-3] DEBUG c.h.p.o.dependants.PodInfoConfigMap - [helmvolu] Desired PodInfo ConfigMap (1 extensions) (1 enabled)
2025-01-30 04:02:12,533 INFO c.h.h.t.HelmChartContainer - [hivemq-test-hivemq-platform] [hivemq-platform-operator] [3cd2b14a] 04:02:12.525 [pool-6-thread-3] DEBUG c.h.p.o.dependants.PodInfoConfigMap - [helmvolu] Desired PodInfo ConfigMap (metrics port: 9399) (metrics path: /)
2025-01-30 04:02:12,533 INFO c.h.h.t.HelmChartContainer - [hivemq-test-hivemq-platform] [hivemq-platform-operator] [3cd2b14a] 04:02:12.526 [pool-6-thread-3] DEBUG c.h.p.o.dependants.PodInfoConfigMap - [helmvolu] Desired PodInfo ConfigMap (extension state hash: -1817474005)
2025-01-30 04:02:12,533 INFO c.h.h.t.HelmChartContainer - [hivemq-test-hivemq-platform] [hivemq-platform-operator] [3cd2b14a] 04:02:12.528 [pool-6-thread-5] DEBUG c.h.p.o.d.PodServiceAccountResource - [helmvolu] Desired PodServiceAccountResource (serviceAccountName: hivemq-platform-pod-test-hivemq-platform)
2025-01-30 04:02:12,540 INFO c.h.h.t.HelmChartContainer - [hivemq-test-hivemq-platform] [hivemq-platform-operator] [3cd2b14a] 04:02:12.536 [pool-6-thread-3] DEBUG c.h.p.o.d.StatefulSetResource - [helmvolu] Desired StatefulSet (2 replicas) for status STARTING (READY)
2025-01-30 04:02:12,595 INFO c.h.h.t.HelmChartContainer - [hivemq-test-hivemq-platform] [hivemq-platform-operator] [3cd2b14a] 04:02:12.592 [ReconcilerExecutor-hivemq-controller-109] INFO  c.h.p.o.HiveMQPlatformReconciler - [helmvolu] Reconciling HiveMQ Platform 'test-hivemq-platform' in namespace 'helmvolumeclaimtemplatesit'
2025-01-30 04:02:12,596 INFO c.h.h.t.HelmChartContainer - [hivemq-test-hivemq-platform] [hivemq-platform-operator] [3cd2b14a] 04:02:12.592 [ReconcilerExecutor-hivemq-controller-109] DEBUG c.h.p.o.HiveMQPlatformReconciler - [helmvolu] Custom Resource Status STARTING - HiveMQ Platform is starting (READY)
2025-01-30 04:02:12,596 INFO c.h.h.t.HelmChartContainer - [hivemq-test-hivemq-platform] [hivemq-platform-operator] [3cd2b14a] 04:02:12.592 [ReconcilerExecutor-hivemq-controller-109] DEBUG c.h.p.o.HiveMQPlatformReconciler - [helmvolu] Custom Resource Spec (replicas: 2) (extensions: 1)
2025-01-30 04:02:12,596 INFO c.h.h.t.HelmChartContainer - [hivemq-test-hivemq-platform] [hivemq-platform-operator] [3cd2b14a] 04:02:12.594 [ReconcilerExecutor-hivemq-controller-109] DEBUG c.h.p.o.HiveMQPlatformReconciler - [helmvolu] StatefulSet Status (revision: test-hivemq-platform-6c7bb94cbd, replicas: 1, available: 0, ready: 0, current: 1, updated: 1)
2025-01-30 04:02:12,597 INFO c.h.h.t.HelmChartContainer - [hivemq-test-hivemq-platform] [hivemq-platform-operator] [3cd2b14a] 04:02:12.594 [ReconcilerExecutor-hivemq-controller-109] DEBUG c.h.p.o.HiveMQPlatformReconciler - [helmvolu] StatefulSet Spec (replicas: 2, init containers: 1, containers: 1, volumes: 4)
2025-01-30 04:02:12,598 INFO c.h.h.t.HelmChartContainer - [hivemq-test-hivemq-platform] [hivemq-platform-operator] [3cd2b14a] 04:02:12.597 [ReconcilerExecutor-hivemq-controller-109] DEBUG c.h.p.o.h.HiveMQPlatformReconcilerErrorHandler - [helmvolu] Pod 'test-hivemq-platform-0' phase Pending
2025-01-30 04:02:12,598 INFO c.h.h.t.HelmChartContainer - [hivemq-test-hivemq-platform] [hivemq-platform-operator] [3cd2b14a] 04:02:12.597 [ReconcilerExecutor-hivemq-controller-109] DEBUG c.h.p.o.h.HiveMQPlatformReconcilerErrorHandler - [helmvolu] Pod 'test-hivemq-platform-0' condition 'PodReadyToStartContainers': True
2025-01-30 04:02:12,599 INFO c.h.h.t.HelmChartContainer - [hivemq-test-hivemq-platform] [hivemq-platform-operator] [3cd2b14a] 04:02:12.597 [ReconcilerExecutor-hivemq-controller-109] DEBUG c.h.p.o.h.HiveMQPlatformReconcilerErrorHandler - [helmvolu] Pod 'test-hivemq-platform-0' condition 'Initialized': True
2025-01-30 04:02:12,599 INFO c.h.h.t.HelmChartContainer - [hivemq-test-hivemq-platform] [hivemq-platform-operator] [3cd2b14a] 04:02:12.597 [ReconcilerExecutor-hivemq-controller-109] DEBUG c.h.p.o.h.HiveMQPlatformReconcilerErrorHandler - [helmvolu] Pod 'test-hivemq-platform-0' condition 'Ready': False
2025-01-30 04:02:12,599 INFO c.h.h.t.HelmChartContainer - [hivemq-test-hivemq-platform] [hivemq-platform-operator] [3cd2b14a] 04:02:12.598 [ReconcilerExecutor-hivemq-controller-109] DEBUG c.h.p.o.h.HiveMQPlatformReconcilerErrorHandler - [helmvolu] Pod 'test-hivemq-platform-0' condition 'ContainersReady': False
2025-01-30 04:02:12,599 INFO c.h.h.t.HelmChartContainer - [hivemq-test-hivemq-platform] [hivemq-platform-operator] [3cd2b14a] 04:02:12.598 [ReconcilerExecutor-hivemq-controller-109] DEBUG c.h.p.o.h.HiveMQPlatformReconcilerErrorHandler - [helmvolu] Pod 'test-hivemq-platform-0' condition 'PodScheduled': True
2025-01-30 04:02:12,601 INFO c.h.h.t.HelmChartContainer - [hivemq-test-hivemq-platform] [hivemq-platform-operator] [3cd2b14a] 04:02:12.598 [ReconcilerExecutor-hivemq-controller-109] DEBUG c.h.p.o.h.HiveMQPlatformReconcilerErrorHandler - [helmvolu] Pod 'test-hivemq-platform-0' containerStatus 'hivemq' (started: false) (ready: false) (waiting: [PodInitializing] null)
2025-01-30 04:02:12,601 INFO c.h.h.t.HelmChartContainer - [hivemq-test-hivemq-platform] [hivemq-platform-operator] [3cd2b14a] 04:02:12.599 [ReconcilerExecutor-hivemq-controller-109] INFO  c.h.p.o.h.HiveMQPlatformReconcilerBaseHandler - [helmvolu] HiveMQ Platform is starting, 0 of 2 replicas are ready
2025-01-30 04:02:14,010 INFO c.h.h.t.HelmChartContainer - [EVENT] Normal [Created] Created container: hivemq [helmvolumeclaimtemplatesit:test-hivemq-platform-0]
2025-01-30 04:02:14,010 INFO c.h.h.t.HelmChartContainer - Received Created event for container hivemq in pod test-hivemq-platform-0 [c78b1b68-be50-4f3e-a288-d0cbc418d80a]
2025-01-30 04:02:14,504 INFO c.h.h.t.HelmChartContainer - [POD] test-hivemq-platform-0 [c78b1b68-be50-4f3e-a288-d0cbc418d80a] in helmvolumeclaimtemplatesit was MODIFIED
2025-01-30 04:02:14,513 INFO c.h.h.t.HelmChartContainer - [EVENT] Normal [Started] Started container hivemq [helmvolumeclaimtemplatesit:test-hivemq-platform-0]
2025-01-30 04:02:14,513 INFO c.h.h.t.HelmChartContainer - Received Started event for container hivemq in pod test-hivemq-platform-0 [c78b1b68-be50-4f3e-a288-d0cbc418d80a]
2025-01-30 04:02:14,514 INFO c.h.h.t.HelmChartContainer - Started log watcher for hivemq in pod test-hivemq-platform-0 [c78b1b68-be50-4f3e-a288-d0cbc418d80a]
2025-01-30 04:02:14,514 INFO c.h.h.t.HelmChartContainer - [test-hivemq-platform] [hivemq] [c78b1b68] Adding pre-installed HiveMQ Platform Operator extensions
2025-01-30 04:02:14,514 INFO c.h.h.t.HelmChartContainer - [test-hivemq-platform] [hivemq] [c78b1b68] Running as user 10000
2025-01-30 04:02:14,514 INFO c.h.h.t.HelmChartContainer - [test-hivemq-platform] [hivemq] [c78b1b68] Starting HiveMQ Platform Operator Init
2025-01-30 04:02:14,521 INFO c.h.h.t.HelmChartContainer - [hivemq-test-hivemq-platform] [hivemq-platform-operator] [3cd2b14a] 04:02:14.519 [pool-6-thread-14] DEBUG c.h.p.o.d.PlatformServiceResource - [helmvolu] Desired Platform services (3 services)
2025-01-30 04:02:14,523 INFO c.h.h.t.HelmChartContainer - [hivemq-test-hivemq-platform] [hivemq-platform-operator] [3cd2b14a] 04:02:14.520 [pool-6-thread-11] DEBUG c.h.p.o.d.PodServiceAccountResource - [helmvolu] Desired PodServiceAccountResource (serviceAccountName: hivemq-platform-pod-test-hivemq-platform)
2025-01-30 04:02:14,525 INFO c.h.h.t.HelmChartContainer - [hivemq-test-hivemq-platform] [hivemq-platform-operator] [3cd2b14a] 04:02:14.520 [pool-6-thread-16] DEBUG c.h.p.o.dependants.PodInfoConfigMap - [helmvolu] Desired PodInfo ConfigMap (1 extensions) (1 enabled)
2025-01-30 04:02:14,525 INFO c.h.h.t.HelmChartContainer - [hivemq-test-hivemq-platform] [hivemq-platform-operator] [3cd2b14a] 04:02:14.520 [pool-6-thread-16] DEBUG c.h.p.o.dependants.PodInfoConfigMap - [helmvolu] Desired PodInfo ConfigMap (metrics port: 9399) (metrics path: /)
2025-01-30 04:02:14,525 INFO c.h.h.t.HelmChartContainer - [hivemq-test-hivemq-platform] [hivemq-platform-operator] [3cd2b14a] 04:02:14.520 [pool-6-thread-16] DEBUG c.h.p.o.dependants.PodInfoConfigMap - [helmvolu] Desired PodInfo ConfigMap (extension state hash: -1817474005)
2025-01-30 04:02:14,588 INFO c.h.h.t.HelmChartContainer - [hivemq-test-hivemq-platform] [hivemq-platform-operator] [3cd2b14a] 04:02:14.586 [pool-6-thread-14] DEBUG c.h.p.o.d.StatefulSetResource - [helmvolu] Desired StatefulSet (2 replicas) for status STARTING (READY)
2025-01-30 04:02:14,593 INFO c.h.h.t.HelmChartContainer - [hivemq-test-hivemq-platform] [hivemq-platform-operator] [3cd2b14a] 04:02:14.591 [ReconcilerExecutor-hivemq-controller-110] INFO  c.h.p.o.HiveMQPlatformReconciler - [helmvolu] Reconciling HiveMQ Platform 'test-hivemq-platform' in namespace 'helmvolumeclaimtemplatesit'
2025-01-30 04:02:14,593 INFO c.h.h.t.HelmChartContainer - [hivemq-test-hivemq-platform] [hivemq-platform-operator] [3cd2b14a] 04:02:14.591 [ReconcilerExecutor-hivemq-controller-110] DEBUG c.h.p.o.HiveMQPlatformReconciler - [helmvolu] Custom Resource Status STARTING - HiveMQ Platform is starting (READY)
2025-01-30 04:02:14,593 INFO c.h.h.t.HelmChartContainer - [hivemq-test-hivemq-platform] [hivemq-platform-operator] [3cd2b14a] 04:02:14.591 [ReconcilerExecutor-hivemq-controller-110] DEBUG c.h.p.o.HiveMQPlatformReconciler - [helmvolu] Custom Resource Spec (replicas: 2) (extensions: 1)
2025-01-30 04:02:14,594 INFO c.h.h.t.HelmChartContainer - [hivemq-test-hivemq-platform] [hivemq-platform-operator] [3cd2b14a] 04:02:14.593 [ReconcilerExecutor-hivemq-controller-110] DEBUG c.h.p.o.HiveMQPlatformReconciler - [helmvolu] StatefulSet Status (revision: test-hivemq-platform-6c7bb94cbd, replicas: 1, available: 0, ready: 0, current: 1, updated: 1)
2025-01-30 04:02:14,594 INFO c.h.h.t.HelmChartContainer - [hivemq-test-hivemq-platform] [hivemq-platform-operator] [3cd2b14a] 04:02:14.594 [ReconcilerExecutor-hivemq-controller-110] DEBUG c.h.p.o.HiveMQPlatformReconciler - [helmvolu] StatefulSet Spec (replicas: 2, init containers: 1, containers: 1, volumes: 4)
2025-01-30 04:02:14,597 INFO c.h.h.t.HelmChartContainer - [hivemq-test-hivemq-platform] [hivemq-platform-operator] [3cd2b14a] 04:02:14.597 [ReconcilerExecutor-hivemq-controller-110] DEBUG c.h.p.o.h.HiveMQPlatformReconcilerErrorHandler - [helmvolu] Pod 'test-hivemq-platform-0' phase Running
2025-01-30 04:02:14,598 INFO c.h.h.t.HelmChartContainer - [hivemq-test-hivemq-platform] [hivemq-platform-operator] [3cd2b14a] 04:02:14.598 [ReconcilerExecutor-hivemq-controller-110] INFO  c.h.p.o.h.HiveMQPlatformReconcilerBaseHandler - [helmvolu] HiveMQ Platform is starting, 0 of 2 replicas are ready
2025-01-30 04:02:15,246 INFO c.h.h.t.HelmChartContainer - [test-hivemq-platform] [hivemq] [c78b1b68] INFO  - [HiveMQ Platform Operator Init 1.7.0-SNAPSHOT] HiveMQ Platform Operator Init 1.7.0-SNAPSHOT (commit: 47e3375 on branch: HEAD) built on Thu Jan 30 03:55:50 UTC 2025
2025-01-30 04:02:16,374 INFO c.h.h.t.HelmChartContainer - [test-hivemq-platform] [hivemq] [c78b1b68] INFO  - [HiveMQ Platform Operator Init App 1.7.0-SNAPSHOT] Using bind address 10.42.0.9 from environment variable
2025-01-30 04:02:16,708 INFO c.h.h.t.HelmChartContainer - [K3S] [range_allocator.go:247] "Successfully synced" key="50074fe47053"
2025-01-30 04:02:17,274 INFO c.h.h.t.HelmChartContainer - [test-hivemq-platform] [hivemq] [c78b1b68] INFO  - [HiveMQ Platform Operator Init App 1.7.0-SNAPSHOT] HiveMQ Platform Operator Init App 1.7.0-SNAPSHOT (commit: 47e3375 on branch: HEAD) built on Thu Jan 30 03:55:50 UTC 2025
2025-01-30 04:02:17,274 INFO c.h.h.t.HelmChartContainer - [test-hivemq-platform] [hivemq] [c78b1b68] INFO  - [HiveMQ Platform Operator Init App 1.7.0-SNAPSHOT] PodInfo ConfigMap directory: /etc/podinfo
2025-01-30 04:02:17,274 INFO c.h.h.t.HelmChartContainer - [test-hivemq-platform] [hivemq] [c78b1b68] INFO  - [HiveMQ Platform Operator Init App 1.7.0-SNAPSHOT] HiveMQ home directory: /opt/hivemq
2025-01-30 04:02:17,274 INFO c.h.h.t.HelmChartContainer - [test-hivemq-platform] [hivemq] [c78b1b68] INFO  - [HiveMQ Platform Operator Init App 1.7.0-SNAPSHOT] HiveMQ Logback folder: /opt/hivemq/conf
2025-01-30 04:02:17,274 INFO c.h.h.t.HelmChartContainer - [test-hivemq-platform] [hivemq] [c78b1b68] INFO  - [HiveMQ Platform Operator Init App 1.7.0-SNAPSHOT] HiveMQ Config folder: /opt/hivemq/conf-k8s
2025-01-30 04:02:17,274 INFO c.h.h.t.HelmChartContainer - [test-hivemq-platform] [hivemq] [c78b1b68] INFO  - [HiveMQ Platform Operator Init App 1.7.0-SNAPSHOT] Starting HiveMQ Platform Operator Init App
2025-01-30 04:02:17,275 INFO c.h.h.t.HelmChartContainer - [test-hivemq-platform] [hivemq] [c78b1b68] INFO  - [HiveMQ Platform Operator Init App 1.7.0-SNAPSHOT] Starting Pod reconciler
2025-01-30 04:02:18,451 INFO c.h.h.t.HelmChartContainer - [test-hivemq-platform] [hivemq] [c78b1b68] INFO  - [HiveMQ Platform Operator Init App 1.7.0-SNAPSHOT] Pod reconciler is scheduled (interval: 5000 ms)
2025-01-30 04:02:18,471 INFO c.h.h.t.HelmChartContainer - [test-hivemq-platform] [hivemq] [c78b1b68] INFO  - [HiveMQ Platform Operator Init App 1.7.0-SNAPSHOT] Starting the REST API on 10.42.0.9:7979
2025-01-30 04:02:18,473 INFO c.h.h.t.HelmChartContainer - [test-hivemq-platform] [hivemq] [c78b1b68] INFO  - [HiveMQ Platform Operator Init App 1.7.0-SNAPSHOT] Waiting up to 600s for at most 2 HiveMQ nodes in cluster service hivemq-test-hivemq-platform-cluster.helmvolumeclaimtemplatesit.svc
2025-01-30 04:02:18,846 INFO c.h.h.t.HelmChartContainer - [test-hivemq-platform] [hivemq] [c78b1b68] INFO  - [HiveMQ Platform Operator Init App 1.7.0-SNAPSHOT] Resolved 1 IP addresses: [10.42.0.9]
2025-01-30 04:02:18,846 INFO c.h.h.t.HelmChartContainer - [test-hivemq-platform] [hivemq] [c78b1b68] INFO  - [HiveMQ Platform Operator Init App 1.7.0-SNAPSHOT] HiveMQ node count of 1 is within threshold of 2
2025-01-30 04:02:18,846 INFO c.h.h.t.HelmChartContainer - [test-hivemq-platform] [hivemq] [c78b1b68] INFO  - [HiveMQ Platform Operator Init App 1.7.0-SNAPSHOT] Proceeding with container start
2025-01-30 04:02:18,943 INFO c.h.h.t.HelmChartContainer - [test-hivemq-platform] [hivemq] [c78b1b68] INFO  - [HiveMQ Platform Operator Init App 1.7.0-SNAPSHOT] Initializing HiveMQ Platform extensions with initial configuration: {hivemq-allow-all-extension={start-priority=-1, skip-https-hostname-verification=false, restart=true, config-version=0, header-version=0, c-uri=, priority=-1, uri=preinstalled, skip-https-certificate-validation=false, enabled=true}, hivemq-prometheus-extension={restart=true, enabled=true, request-header-path=no-request-headers, uri=preinstalled, skip-https-certificate-validation=false, skip-https-hostname-verification=false, c-uri=, start-priority=-1, priority=-1}}
2025-01-30 04:02:19,371 INFO c.h.h.t.HelmChartContainer - [test-hivemq-platform] [hivemq] [c78b1b68] INFO  - [HiveMQ Platform Operator Init App 1.7.0-SNAPSHOT] Extension hivemq-allow-all-extension was already enabled
2025-01-30 04:02:19,445 INFO c.h.h.t.HelmChartContainer - [test-hivemq-platform] [hivemq] [c78b1b68] INFO  - [HiveMQ Platform Operator Init App 1.7.0-SNAPSHOT] Successfully enabled extension hivemq-prometheus-extension
2025-01-30 04:02:19,449 INFO c.h.h.t.HelmChartContainer - [test-hivemq-platform] [hivemq] [c78b1b68] INFO  - [HiveMQ Platform Operator Init App 1.7.0-SNAPSHOT] Starting HiveMQ Platform version 4.36.0 (4.36.0)
2025-01-30 04:02:19,449 INFO c.h.h.t.HelmChartContainer - [test-hivemq-platform] [hivemq] [c78b1b68] INFO  - [HiveMQ Platform Operator Init App 1.7.0-SNAPSHOT] Configuring the HiveMQ Platform
2025-01-30 04:02:19,541 INFO c.h.h.t.HelmChartContainer - [test-hivemq-platform] [hivemq] [c78b1b68] INFO  - [HiveMQ Platform Operator Init App 1.7.0-SNAPSHOT] Changed logback.xml file scan period to 20 seconds
2025-01-30 04:02:19,553 INFO c.h.h.t.HelmChartContainer - [test-hivemq-platform] [hivemq] [c78b1b68] INFO  - [HiveMQ Platform Operator Init App 1.7.0-SNAPSHOT] Starting the HiveMQ Platform
2025-01-30 04:02:19,573 INFO c.h.h.t.HelmChartContainer - [test-hivemq-platform] [hivemq] [c78b1b68] -------------------------------------------------------------------------
2025-01-30 04:02:19,573 INFO c.h.h.t.HelmChartContainer - [test-hivemq-platform] [hivemq] [c78b1b68] 
2025-01-30 04:02:19,573 INFO c.h.h.t.HelmChartContainer - [test-hivemq-platform] [hivemq] [c78b1b68]                   _    _  _              __  __   ____
2025-01-30 04:02:19,573 INFO c.h.h.t.HelmChartContainer - [test-hivemq-platform] [hivemq] [c78b1b68]                  | |  | |(_)            |  \/  | / __ \
2025-01-30 04:02:19,573 INFO c.h.h.t.HelmChartContainer - [test-hivemq-platform] [hivemq] [c78b1b68]                  | |__| | _ __   __ ___ | \  / || |  | |
2025-01-30 04:02:19,573 INFO c.h.h.t.HelmChartContainer - [test-hivemq-platform] [hivemq] [c78b1b68]                  |  __  || |\ \ / // _ \| |\/| || |  | |
2025-01-30 04:02:19,573 INFO c.h.h.t.HelmChartContainer - [test-hivemq-platform] [hivemq] [c78b1b68]                  | |  | || | \ V /|  __/| |  | || |__| |
2025-01-30 04:02:19,574 INFO c.h.h.t.HelmChartContainer - [test-hivemq-platform] [hivemq] [c78b1b68]                  |_|  |_||_|  \_/  \___||_|  |_| \___\_\
2025-01-30 04:02:19,574 INFO c.h.h.t.HelmChartContainer - [test-hivemq-platform] [hivemq] [c78b1b68] 
2025-01-30 04:02:19,574 INFO c.h.h.t.HelmChartContainer - [test-hivemq-platform] [hivemq] [c78b1b68] -------------------------------------------------------------------------
2025-01-30 04:02:19,574 INFO c.h.h.t.HelmChartContainer - [test-hivemq-platform] [hivemq] [c78b1b68] 
2025-01-30 04:02:19,574 INFO c.h.h.t.HelmChartContainer - [test-hivemq-platform] [hivemq] [c78b1b68]   HiveMQ Start Script for Linux/Unix v1.14
2025-01-30 04:02:19,574 INFO c.h.h.t.HelmChartContainer - [test-hivemq-platform] [hivemq] [c78b1b68] 
2025-01-30 04:02:19,655 INFO c.h.h.t.HelmChartContainer - [test-hivemq-platform] [hivemq] [c78b1b68] -------------------------------------------------------------------------
2025-01-30 04:02:19,655 INFO c.h.h.t.HelmChartContainer - [test-hivemq-platform] [hivemq] [c78b1b68] 
2025-01-30 04:02:19,655 INFO c.h.h.t.HelmChartContainer - [test-hivemq-platform] [hivemq] [c78b1b68]   HIVEMQ_HOME: /opt/hivemq
2025-01-30 04:02:19,655 INFO c.h.h.t.HelmChartContainer - [test-hivemq-platform] [hivemq] [c78b1b68] 
2025-01-30 04:02:19,655 INFO c.h.h.t.HelmChartContainer - [test-hivemq-platform] [hivemq] [c78b1b68]   JAVA_OPTS: -XX:+UnlockExperimentalVMOptions -XX:InitialRAMPercentage=50 -XX:MaxRAMPercentage=50 -Djava.net.preferIPv4Stack=true --add-opens java.base/java.lang=ALL-UNNAMED --add-opens java.base/java.nio=ALL-UNNAMED --add-opens java.base/sun.nio.ch=ALL-UNNAMED --add-opens jdk.management/com.sun.management.internal=ALL-UNNAMED --add-exports java.base/jdk.internal.misc=ALL-UNNAMED -Djava.security.egd=file:/dev/./urandom -Dcom.sun.management.jmxremote -Dcom.sun.management.jmxremote.port=9010 -Dcom.sun.management.jmxremote.local.only=false -Dcom.sun.management.jmxremote.authenticate=false -Dcom.sun.management.jmxremote.ssl=false -Duser.language=en -Duser.region=US -XX:+CrashOnOutOfMemoryError -XX:+HeapDumpOnOutOfMemoryError
2025-01-30 04:02:19,655 INFO c.h.h.t.HelmChartContainer - [test-hivemq-platform] [hivemq] [c78b1b68] 
2025-01-30 04:02:19,655 INFO c.h.h.t.HelmChartContainer - [test-hivemq-platform] [hivemq] [c78b1b68]   JAVA_VERSION: 21
2025-01-30 04:02:19,655 INFO c.h.h.t.HelmChartContainer - [test-hivemq-platform] [hivemq] [c78b1b68] 
2025-01-30 04:02:19,656 INFO c.h.h.t.HelmChartContainer - [test-hivemq-platform] [hivemq] [c78b1b68] -------------------------------------------------------------------------
2025-01-30 04:02:19,656 INFO c.h.h.t.HelmChartContainer - [test-hivemq-platform] [hivemq] [c78b1b68] 
2025-01-30 04:02:20,576 INFO c.h.h.t.HelmChartContainer - [test-hivemq-platform] [hivemq] [c78b1b68] INFO  - [HiveMQ Platform Operator Init App 1.7.0-SNAPSHOT] Returning default Health API response 503 for readiness
2025-01-30 04:02:20,880 INFO c.h.h.t.HelmChartContainer - [EVENT] Warning [Unhealthy] Readiness probe failed: HTTP probe failed with statuscode: 503 [helmvolumeclaimtemplatesit:test-hivemq-platform-0]
2025-01-30 04:02:20,880 INFO c.h.h.t.HelmChartContainer - Received Unhealthy event for container hivemq in pod test-hivemq-platform-0 [c78b1b68-be50-4f3e-a288-d0cbc418d80a]
2025-01-30 04:02:22,177 INFO c.h.h.t.HelmChartContainer - [test-hivemq-platform] [hivemq] [c78b1b68] INFO  - Starting HiveMQ Enterprise Server
2025-01-30 04:02:22,183 INFO c.h.h.t.HelmChartContainer - [test-hivemq-platform] [hivemq] [c78b1b68] INFO  - HiveMQ version: 4.36.0
2025-01-30 04:02:22,183 INFO c.h.h.t.HelmChartContainer - [test-hivemq-platform] [hivemq] [c78b1b68] INFO  - HiveMQ home directory: /opt/hivemq
2025-01-30 04:02:22,184 INFO c.h.h.t.HelmChartContainer - [test-hivemq-platform] [hivemq] [c78b1b68] INFO  - Log Configuration was overridden by /opt/hivemq/conf/logback.xml
2025-01-30 04:02:23,341 INFO c.h.h.t.HelmChartContainer - [test-hivemq-platform] [hivemq] [c78b1b68] INFO  - Successfully loaded configuration from '/opt/hivemq/conf-k8s/config.xml'.
2025-01-30 04:02:23,877 INFO c.h.h.t.HelmChartContainer - [test-hivemq-platform] [hivemq] [c78b1b68] INFO  - This node's ID is ph5t9
2025-01-30 04:02:23,877 INFO c.h.h.t.HelmChartContainer - [test-hivemq-platform] [hivemq] [c78b1b68] INFO  - Clustering is enabled
2025-01-30 04:02:24,605 INFO c.h.h.t.HelmChartContainer - [hivemq-test-hivemq-platform] [hivemq-platform-operator] [3cd2b14a] 04:02:24.602 [pool-6-thread-27] DEBUG c.h.p.o.d.PlatformServiceResource - [helmvolu] Desired Platform services (3 services)
2025-01-30 04:02:24,606 INFO c.h.h.t.HelmChartContainer - [hivemq-test-hivemq-platform] [hivemq-platform-operator] [3cd2b14a] 04:02:24.603 [pool-6-thread-26] DEBUG c.h.p.o.dependants.PodInfoConfigMap - [helmvolu] Desired PodInfo ConfigMap (1 extensions) (1 enabled)
2025-01-30 04:02:24,606 INFO c.h.h.t.HelmChartContainer - [hivemq-test-hivemq-platform] [hivemq-platform-operator] [3cd2b14a] 04:02:24.603 [pool-6-thread-26] DEBUG c.h.p.o.dependants.PodInfoConfigMap - [helmvolu] Desired PodInfo ConfigMap (metrics port: 9399) (metrics path: /)
2025-01-30 04:02:24,607 INFO c.h.h.t.HelmChartContainer - [hivemq-test-hivemq-platform] [hivemq-platform-operator] [3cd2b14a] 04:02:24.603 [pool-6-thread-26] DEBUG c.h.p.o.dependants.PodInfoConfigMap - [helmvolu] Desired PodInfo ConfigMap (extension state hash: -1817474005)
2025-01-30 04:02:24,607 INFO c.h.h.t.HelmChartContainer - [hivemq-test-hivemq-platform] [hivemq-platform-operator] [3cd2b14a] 04:02:24.604 [pool-6-thread-26] DEBUG c.h.p.o.d.PodServiceAccountResource - [helmvolu] Desired PodServiceAccountResource (serviceAccountName: hivemq-platform-pod-test-hivemq-platform)
2025-01-30 04:02:24,609 INFO c.h.h.t.HelmChartContainer - [hivemq-test-hivemq-platform] [hivemq-platform-operator] [3cd2b14a] 04:02:24.608 [pool-6-thread-27] DEBUG c.h.p.o.d.StatefulSetResource - [helmvolu] Desired StatefulSet (2 replicas) for status STARTING (READY)
2025-01-30 04:02:24,613 INFO c.h.h.t.HelmChartContainer - [hivemq-test-hivemq-platform] [hivemq-platform-operator] [3cd2b14a] 04:02:24.612 [ReconcilerExecutor-hivemq-controller-111] INFO  c.h.p.o.HiveMQPlatformReconciler - [helmvolu] Reconciling HiveMQ Platform 'test-hivemq-platform' in namespace 'helmvolumeclaimtemplatesit'
2025-01-30 04:02:24,614 INFO c.h.h.t.HelmChartContainer - [hivemq-test-hivemq-platform] [hivemq-platform-operator] [3cd2b14a] 04:02:24.612 [ReconcilerExecutor-hivemq-controller-111] DEBUG c.h.p.o.HiveMQPlatformReconciler - [helmvolu] Custom Resource Status STARTING - HiveMQ Platform is starting (READY)
2025-01-30 04:02:24,614 INFO c.h.h.t.HelmChartContainer - [hivemq-test-hivemq-platform] [hivemq-platform-operator] [3cd2b14a] 04:02:24.612 [ReconcilerExecutor-hivemq-controller-111] DEBUG c.h.p.o.HiveMQPlatformReconciler - [helmvolu] Custom Resource Spec (replicas: 2) (extensions: 1)
2025-01-30 04:02:24,615 INFO c.h.h.t.HelmChartContainer - [hivemq-test-hivemq-platform] [hivemq-platform-operator] [3cd2b14a] 04:02:24.614 [ReconcilerExecutor-hivemq-controller-111] DEBUG c.h.p.o.HiveMQPlatformReconciler - [helmvolu] StatefulSet Status (revision: test-hivemq-platform-6c7bb94cbd, replicas: 1, available: 0, ready: 0, current: 1, updated: 1)
2025-01-30 04:02:24,687 INFO c.h.h.t.HelmChartContainer - [hivemq-test-hivemq-platform] [hivemq-platform-operator] [3cd2b14a] 04:02:24.685 [ReconcilerExecutor-hivemq-controller-111] DEBUG c.h.p.o.HiveMQPlatformReconciler - [helmvolu] StatefulSet Spec (replicas: 2, init containers: 1, containers: 1, volumes: 4)
2025-01-30 04:02:24,689 INFO c.h.h.t.HelmChartContainer - [hivemq-test-hivemq-platform] [hivemq-platform-operator] [3cd2b14a] 04:02:24.688 [ReconcilerExecutor-hivemq-controller-111] DEBUG c.h.p.o.h.HiveMQPlatformReconcilerErrorHandler - [helmvolu] Pod 'test-hivemq-platform-0' phase Running
2025-01-30 04:02:24,689 INFO c.h.h.t.HelmChartContainer - [hivemq-test-hivemq-platform] [hivemq-platform-operator] [3cd2b14a] 04:02:24.689 [ReconcilerExecutor-hivemq-controller-111] INFO  c.h.p.o.h.HiveMQPlatformReconcilerBaseHandler - [helmvolu] HiveMQ Platform is starting, 0 of 2 replicas are ready
2025-01-30 04:02:25,944 INFO c.h.h.t.HelmChartContainer - [test-hivemq-platform] [hivemq] [c78b1b68] WARN  - [HiveMQ Platform Operator Init App 1.7.0-SNAPSHOT] Cannot connect to Health API for readiness: null
2025-01-30 04:02:25,949 INFO c.h.h.t.HelmChartContainer - [EVENT] Warning [Unhealthy] Readiness probe failed: HTTP probe failed with statuscode: 503 [helmvolumeclaimtemplatesit:test-hivemq-platform-0]
2025-01-30 04:02:25,949 INFO c.h.h.t.HelmChartContainer - Received Unhealthy event for container hivemq in pod test-hivemq-platform-0 [c78b1b68-be50-4f3e-a288-d0cbc418d80a]
2025-01-30 04:02:28,779 INFO c.h.h.t.HelmChartContainer - [test-hivemq-platform] [hivemq] [c78b1b68] Jan 30, 2025 4:02:28 AM io.vertx.core.impl.BlockedThreadChecker
2025-01-30 04:02:28,779 INFO c.h.h.t.HelmChartContainer - [test-hivemq-platform] [hivemq] [c78b1b68] WARNING: Thread Thread[vert.x-eventloop-thread-1,5,main] has been blocked for 2193 ms, time limit is 2000 ms
2025-01-30 04:02:29,472 INFO c.h.h.t.HelmChartContainer - [test-hivemq-platform] [hivemq] [c78b1b68] INFO  - [HiveMQ Platform Operator Init App 1.7.0-SNAPSHOT] Updating Pod HiveMQ Platform Operator Init App version annotation (version: 1.7.0-SNAPSHOT)
2025-01-30 04:02:30,053 INFO c.h.h.t.HelmChartContainer - [POD] test-hivemq-platform-0 [c78b1b68-be50-4f3e-a288-d0cbc418d80a] in helmvolumeclaimtemplatesit was MODIFIED
2025-01-30 04:02:30,065 INFO c.h.h.t.HelmChartContainer - [hivemq-test-hivemq-platform] [hivemq-platform-operator] [3cd2b14a] 04:02:30.060 [pool-6-thread-33] DEBUG c.h.p.o.d.PlatformServiceResource - [helmvolu] Desired Platform services (3 services)
2025-01-30 04:02:30,065 INFO c.h.h.t.HelmChartContainer - [hivemq-test-hivemq-platform] [hivemq-platform-operator] [3cd2b14a] 04:02:30.062 [pool-6-thread-38] DEBUG c.h.p.o.dependants.PodInfoConfigMap - [helmvolu] Desired PodInfo ConfigMap (1 extensions) (1 enabled)
2025-01-30 04:02:30,065 INFO c.h.h.t.HelmChartContainer - [hivemq-test-hivemq-platform] [hivemq-platform-operator] [3cd2b14a] 04:02:30.062 [pool-6-thread-38] DEBUG c.h.p.o.dependants.PodInfoConfigMap - [helmvolu] Desired PodInfo ConfigMap (metrics port: 9399) (metrics path: /)
2025-01-30 04:02:30,065 INFO c.h.h.t.HelmChartContainer - [hivemq-test-hivemq-platform] [hivemq-platform-operator] [3cd2b14a] 04:02:30.062 [pool-6-thread-38] DEBUG c.h.p.o.dependants.PodInfoConfigMap - [helmvolu] Desired PodInfo ConfigMap (extension state hash: -1817474005)
2025-01-30 04:02:30,066 INFO c.h.h.t.HelmChartContainer - [hivemq-test-hivemq-platform] [hivemq-platform-operator] [3cd2b14a] 04:02:30.065 [pool-6-thread-38] DEBUG c.h.p.o.d.PodServiceAccountResource - [helmvolu] Desired PodServiceAccountResource (serviceAccountName: hivemq-platform-pod-test-hivemq-platform)
2025-01-30 04:02:30,069 INFO c.h.h.t.HelmChartContainer - [hivemq-test-hivemq-platform] [hivemq-platform-operator] [3cd2b14a] 04:02:30.068 [pool-6-thread-33] DEBUG c.h.p.o.d.StatefulSetResource - [helmvolu] Desired StatefulSet (2 replicas) for status STARTING (READY)
2025-01-30 04:02:30,075 INFO c.h.h.t.HelmChartContainer - [hivemq-test-hivemq-platform] [hivemq-platform-operator] [3cd2b14a] 04:02:30.074 [ReconcilerExecutor-hivemq-controller-112] INFO  c.h.p.o.HiveMQPlatformReconciler - [helmvolu] Reconciling HiveMQ Platform 'test-hivemq-platform' in namespace 'helmvolumeclaimtemplatesit'
2025-01-30 04:02:30,076 INFO c.h.h.t.HelmChartContainer - [hivemq-test-hivemq-platform] [hivemq-platform-operator] [3cd2b14a] 04:02:30.074 [ReconcilerExecutor-hivemq-controller-112] DEBUG c.h.p.o.HiveMQPlatformReconciler - [helmvolu] Custom Resource Status STARTING - HiveMQ Platform is starting (READY)
2025-01-30 04:02:30,076 INFO c.h.h.t.HelmChartContainer - [hivemq-test-hivemq-platform] [hivemq-platform-operator] [3cd2b14a] 04:02:30.074 [ReconcilerExecutor-hivemq-controller-112] DEBUG c.h.p.o.HiveMQPlatformReconciler - [helmvolu] Custom Resource Spec (replicas: 2) (extensions: 1)
2025-01-30 04:02:30,088 INFO c.h.h.t.HelmChartContainer - [hivemq-test-hivemq-platform] [hivemq-platform-operator] [3cd2b14a] 04:02:30.087 [ReconcilerExecutor-hivemq-controller-112] DEBUG c.h.p.o.HiveMQPlatformReconciler - [helmvolu] StatefulSet Status (revision: test-hivemq-platform-6c7bb94cbd, replicas: 1, available: 0, ready: 0, current: 1, updated: 1)
2025-01-30 04:02:30,090 INFO c.h.h.t.HelmChartContainer - [hivemq-test-hivemq-platform] [hivemq-platform-operator] [3cd2b14a] 04:02:30.087 [ReconcilerExecutor-hivemq-controller-112] DEBUG c.h.p.o.HiveMQPlatformReconciler - [helmvolu] StatefulSet Spec (replicas: 2, init containers: 1, containers: 1, volumes: 4)
2025-01-30 04:02:30,091 INFO c.h.h.t.HelmChartContainer - [hivemq-test-hivemq-platform] [hivemq-platform-operator] [3cd2b14a] 04:02:30.089 [ReconcilerExecutor-hivemq-controller-112] DEBUG c.h.p.o.h.HiveMQPlatformReconcilerErrorHandler - [helmvolu] Pod 'test-hivemq-platform-0' phase Running
2025-01-30 04:02:30,091 INFO c.h.h.t.HelmChartContainer - [hivemq-test-hivemq-platform] [hivemq-platform-operator] [3cd2b14a] 04:02:30.089 [ReconcilerExecutor-hivemq-controller-112] INFO  c.h.p.o.h.HiveMQPlatformReconcilerBaseHandler - [helmvolu] HiveMQ Platform is starting, 0 of 2 replicas are ready
2025-01-30 04:02:30,142 INFO c.h.h.t.HelmChartContainer - [test-hivemq-platform] [hivemq] [c78b1b68] WARN  - [HiveMQ Platform Operator Init App 1.7.0-SNAPSHOT] Cannot connect to Health API for readiness: null
2025-01-30 04:02:30,143 INFO c.h.h.t.HelmChartContainer - [test-hivemq-platform] [hivemq] [c78b1b68] INFO  - [HiveMQ Platform Operator Init App 1.7.0-SNAPSHOT] Successfully updated Pod HiveMQ Platform Operator Init App version annotation (version: 1.7.0-SNAPSHOT)
2025-01-30 04:02:30,148 INFO c.h.h.t.HelmChartContainer - [EVENT] Warning [Unhealthy] Readiness probe failed: HTTP probe failed with statuscode: 503 [helmvolumeclaimtemplatesit:test-hivemq-platform-0]
2025-01-30 04:02:30,148 INFO c.h.h.t.HelmChartContainer - Received Unhealthy event for container hivemq in pod test-hivemq-platform-0 [c78b1b68-be50-4f3e-a288-d0cbc418d80a]
2025-01-30 04:02:35,076 INFO c.h.h.t.HelmChartContainer - [test-hivemq-platform] [hivemq] [c78b1b68] WARN  - [HiveMQ Platform Operator Init App 1.7.0-SNAPSHOT] Cannot connect to Health API for readiness: null
2025-01-30 04:02:35,080 INFO c.h.h.t.HelmChartContainer - [EVENT] Warning [Unhealthy] Readiness probe failed: HTTP probe failed with statuscode: 503 [helmvolumeclaimtemplatesit:test-hivemq-platform-0]
2025-01-30 04:02:35,080 INFO c.h.h.t.HelmChartContainer - Received Unhealthy event for container hivemq in pod test-hivemq-platform-0 [c78b1b68-be50-4f3e-a288-d0cbc418d80a]
2025-01-30 04:02:40,097 INFO c.h.h.t.HelmChartContainer - [hivemq-test-hivemq-platform] [hivemq-platform-operator] [3cd2b14a] 04:02:40.094 [pool-6-thread-46] DEBUG c.h.p.o.d.PlatformServiceResource - [helmvolu] Desired Platform services (3 services)
2025-01-30 04:02:40,097 INFO c.h.h.t.HelmChartContainer - [hivemq-test-hivemq-platform] [hivemq-platform-operator] [3cd2b14a] 04:02:40.095 [pool-6-thread-45] DEBUG c.h.p.o.dependants.PodInfoConfigMap - [helmvolu] Desired PodInfo ConfigMap (1 extensions) (1 enabled)
2025-01-30 04:02:40,097 INFO c.h.h.t.HelmChartContainer - [hivemq-test-hivemq-platform] [hivemq-platform-operator] [3cd2b14a] 04:02:40.095 [pool-6-thread-45] DEBUG c.h.p.o.dependants.PodInfoConfigMap - [helmvolu] Desired PodInfo ConfigMap (metrics port: 9399) (metrics path: /)
2025-01-30 04:02:40,097 INFO c.h.h.t.HelmChartContainer - [hivemq-test-hivemq-platform] [hivemq-platform-operator] [3cd2b14a] 04:02:40.095 [pool-6-thread-45] DEBUG c.h.p.o.dependants.PodInfoConfigMap - [helmvolu] Desired PodInfo ConfigMap (extension state hash: -1817474005)
2025-01-30 04:02:40,098 INFO c.h.h.t.HelmChartContainer - [hivemq-test-hivemq-platform] [hivemq-platform-operator] [3cd2b14a] 04:02:40.096 [pool-6-thread-45] DEBUG c.h.p.o.d.PodServiceAccountResource - [helmvolu] Desired PodServiceAccountResource (serviceAccountName: hivemq-platform-pod-test-hivemq-platform)
2025-01-30 04:02:40,105 INFO c.h.h.t.HelmChartContainer - [hivemq-test-hivemq-platform] [hivemq-platform-operator] [3cd2b14a] 04:02:40.103 [pool-6-thread-46] DEBUG c.h.p.o.d.StatefulSetResource - [helmvolu] Desired StatefulSet (2 replicas) for status STARTING (READY)
2025-01-30 04:02:40,108 INFO c.h.h.t.HelmChartContainer - [hivemq-test-hivemq-platform] [hivemq-platform-operator] [3cd2b14a] 04:02:40.107 [ReconcilerExecutor-hivemq-controller-113] INFO  c.h.p.o.HiveMQPlatformReconciler - [helmvolu] Reconciling HiveMQ Platform 'test-hivemq-platform' in namespace 'helmvolumeclaimtemplatesit'
2025-01-30 04:02:40,109 INFO c.h.h.t.HelmChartContainer - [hivemq-test-hivemq-platform] [hivemq-platform-operator] [3cd2b14a] 04:02:40.107 [ReconcilerExecutor-hivemq-controller-113] DEBUG c.h.p.o.HiveMQPlatformReconciler - [helmvolu] Custom Resource Status STARTING - HiveMQ Platform is starting (READY)
2025-01-30 04:02:40,109 INFO c.h.h.t.HelmChartContainer - [hivemq-test-hivemq-platform] [hivemq-platform-operator] [3cd2b14a] 04:02:40.107 [ReconcilerExecutor-hivemq-controller-113] DEBUG c.h.p.o.HiveMQPlatformReconciler - [helmvolu] Custom Resource Spec (replicas: 2) (extensions: 1)
2025-01-30 04:02:40,110 INFO c.h.h.t.HelmChartContainer - [hivemq-test-hivemq-platform] [hivemq-platform-operator] [3cd2b14a] 04:02:40.109 [ReconcilerExecutor-hivemq-controller-113] DEBUG c.h.p.o.HiveMQPlatformReconciler - [helmvolu] StatefulSet Status (revision: test-hivemq-platform-6c7bb94cbd, replicas: 1, available: 0, ready: 0, current: 1, updated: 1)
2025-01-30 04:02:40,110 INFO c.h.h.t.HelmChartContainer - [hivemq-test-hivemq-platform] [hivemq-platform-operator] [3cd2b14a] 04:02:40.109 [ReconcilerExecutor-hivemq-controller-113] DEBUG c.h.p.o.HiveMQPlatformReconciler - [helmvolu] StatefulSet Spec (replicas: 2, init containers: 1, containers: 1, volumes: 4)
2025-01-30 04:02:40,143 INFO c.h.h.t.HelmChartContainer - [test-hivemq-platform] [hivemq] [c78b1b68] WARN  - [HiveMQ Platform Operator Init App 1.7.0-SNAPSHOT] Cannot connect to Health API for readiness: null
2025-01-30 04:02:40,150 INFO c.h.h.t.HelmChartContainer - [EVENT] Warning [Unhealthy] Readiness probe failed: HTTP probe failed with statuscode: 503 [helmvolumeclaimtemplatesit:test-hivemq-platform-0]
2025-01-30 04:02:40,150 INFO c.h.h.t.HelmChartContainer - Received Unhealthy event for container hivemq in pod test-hivemq-platform-0 [c78b1b68-be50-4f3e-a288-d0cbc418d80a]
2025-01-30 04:02:40,190 INFO c.h.h.t.HelmChartContainer - [hivemq-test-hivemq-platform] [hivemq-platform-operator] [3cd2b14a] 04:02:40.189 [ReconcilerExecutor-hivemq-controller-113] DEBUG c.h.p.o.h.HiveMQPlatformReconcilerErrorHandler - [helmvolu] Pod 'test-hivemq-platform-0' phase Running
2025-01-30 04:02:40,190 INFO c.h.h.t.HelmChartContainer - [hivemq-test-hivemq-platform] [hivemq-platform-operator] [3cd2b14a] 04:02:40.190 [ReconcilerExecutor-hivemq-controller-113] INFO  c.h.p.o.h.HiveMQPlatformReconcilerBaseHandler - [helmvolu] HiveMQ Platform is starting, 0 of 2 replicas are ready
2025-01-30 04:02:41,443 INFO c.h.h.t.HelmChartContainer - [test-hivemq-platform] [hivemq] [c78b1b68] WARN  - [HiveMQ Platform Operator Init App 1.7.0-SNAPSHOT] Cannot connect to Health API for liveness: null
2025-01-30 04:02:41,443 INFO c.h.h.t.HelmChartContainer - [test-hivemq-platform] [hivemq] [c78b1b68] INFO  - [HiveMQ Platform Operator Init App 1.7.0-SNAPSHOT] Returning default Health API response 200 for liveness
2025-01-30 04:02:41,643 INFO c.h.h.t.HelmChartContainer - [test-hivemq-platform] [hivemq] [c78b1b68] INFO  - No valid license file found. Using trial license, restricted to 25 connections.
2025-01-30 04:02:43,290 INFO c.h.h.t.HelmChartContainer - [K3S] [scope.go:117] "RemoveContainer" containerID="d486d23012401b235aab9144910308441c599e2b1151aa4e5c45b7d5915baece"
2025-01-30 04:02:44,072 INFO c.h.h.t.HelmChartContainer - [test-hivemq-platform] [hivemq] [c78b1b68] INFO  - No valid license file for Data Hub found. Using free license, restricted to 1 policy.
2025-01-30 04:02:45,075 INFO c.h.h.t.HelmChartContainer - [test-hivemq-platform] [hivemq] [c78b1b68] WARN  - [HiveMQ Platform Operator Init App 1.7.0-SNAPSHOT] Cannot connect to Health API for readiness: null
2025-01-30 04:02:45,080 INFO c.h.h.t.HelmChartContainer - [EVENT] Warning [Unhealthy] Readiness probe failed: HTTP probe failed with statuscode: 503 [helmvolumeclaimtemplatesit:test-hivemq-platform-0]
2025-01-30 04:02:45,080 INFO c.h.h.t.HelmChartContainer - Received Unhealthy event for container hivemq in pod test-hivemq-platform-0 [c78b1b68-be50-4f3e-a288-d0cbc418d80a]
2025-01-30 04:02:45,276 INFO c.h.h.t.HelmChartContainer - [test-hivemq-platform] [hivemq] [c78b1b68] INFO  - Audit Logger started.
2025-01-30 04:02:45,591 INFO c.h.h.t.HelmChartContainer - [test-hivemq-platform] [hivemq] [c78b1b68] INFO  - This node uses '1' CPU cores.
2025-01-30 04:02:45,645 INFO c.h.h.t.HelmChartContainer - [test-hivemq-platform] [hivemq] [c78b1b68] INFO  - Starting HiveMQ Health API on address 0.0.0.0 and port 8889
2025-01-30 04:02:46,452 INFO c.h.h.t.HelmChartContainer - [test-hivemq-platform] [hivemq] [c78b1b68] INFO  - Started HiveMQ Health API in 807ms
2025-01-30 04:02:47,044 INFO c.h.h.t.HelmChartContainer - [test-hivemq-platform] [hivemq] [c78b1b68] INFO  - Starting HiveMQ extension system.
2025-01-30 04:02:47,277 INFO c.h.h.t.HelmChartContainer - [test-hivemq-platform] [hivemq] [c78b1b68] INFO  - Starting extension with id "hivemq-dns-cluster-discovery" at /opt/hivemq/extensions/hivemq-dns-cluster-discovery
2025-01-30 04:02:47,677 INFO c.h.h.t.HelmChartContainer - [test-hivemq-platform] [hivemq] [c78b1b68] INFO  - Extension "DNS Cluster Discovery Extension" version 4.3.2 started successfully.
2025-01-30 04:02:47,677 INFO c.h.h.t.HelmChartContainer - [test-hivemq-platform] [hivemq] [c78b1b68] INFO  - Starting extension with id "hivemq-prometheus-extension" at /opt/hivemq/extensions/hivemq-prometheus-extension
2025-01-30 04:02:47,849 INFO c.h.h.t.HelmChartContainer - [test-hivemq-platform] [hivemq] [c78b1b68] INFO  - Using TCP cluster transport on address 10.42.0.9 and port 7000
2025-01-30 04:02:47,873 INFO c.h.h.t.HelmChartContainer - [test-hivemq-platform] [hivemq] [c78b1b68] INFO  - Using extension cluster discovery
2025-01-30 04:02:48,678 INFO c.h.h.t.HelmChartContainer - [test-hivemq-platform] [hivemq] [c78b1b68] INFO  - Started Jetty Server exposing Prometheus Servlet on URI http://0.0.0.0:9399/
2025-01-30 04:02:48,678 INFO c.h.h.t.HelmChartContainer - [test-hivemq-platform] [hivemq] [c78b1b68] INFO  - Extension "Prometheus Monitoring Extension" version 4.0.12 started successfully.
2025-01-30 04:02:48,678 INFO c.h.h.t.HelmChartContainer - [test-hivemq-platform] [hivemq] [c78b1b68] INFO  - Starting extension with id "hivemq-allow-all-extension" at /opt/hivemq/extensions/hivemq-allow-all-extension
2025-01-30 04:02:48,741 INFO c.h.h.t.HelmChartContainer - [test-hivemq-platform] [hivemq] [c78b1b68] WARN  - 
2025-01-30 04:02:48,741 INFO c.h.h.t.HelmChartContainer - [test-hivemq-platform] [hivemq] [c78b1b68] ################################################################################################################
2025-01-30 04:02:48,741 INFO c.h.h.t.HelmChartContainer - [test-hivemq-platform] [hivemq] [c78b1b68] # This HiveMQ deployment is not secure! You are lacking Authentication and Authorization.                      #
2025-01-30 04:02:48,741 INFO c.h.h.t.HelmChartContainer - [test-hivemq-platform] [hivemq] [c78b1b68] # Right now any MQTT client can connect to the broker with a full set of permissions.                          #
2025-01-30 04:02:48,741 INFO c.h.h.t.HelmChartContainer - [test-hivemq-platform] [hivemq] [c78b1b68] # For production usage, add an appropriate security extension and remove the hivemq-allow-all extension.       #
2025-01-30 04:02:48,741 INFO c.h.h.t.HelmChartContainer - [test-hivemq-platform] [hivemq] [c78b1b68] # You can download security extensions from the HiveMQ Marketplace (https://www.hivemq.com/extensions/).       #
2025-01-30 04:02:48,741 INFO c.h.h.t.HelmChartContainer - [test-hivemq-platform] [hivemq] [c78b1b68] ################################################################################################################
2025-01-30 04:02:48,742 INFO c.h.h.t.HelmChartContainer - [test-hivemq-platform] [hivemq] [c78b1b68] INFO  - Extension "Allow All Extension" version 1.1.1 started successfully.
2025-01-30 04:02:50,196 INFO c.h.h.t.HelmChartContainer - [hivemq-test-hivemq-platform] [hivemq-platform-operator] [3cd2b14a] 04:02:50.193 [pool-6-thread-2] DEBUG c.h.p.o.d.PlatformServiceResource - [helmvolu] Desired Platform services (3 services)
2025-01-30 04:02:50,198 INFO c.h.h.t.HelmChartContainer - [hivemq-test-hivemq-platform] [hivemq-platform-operator] [3cd2b14a] 04:02:50.194 [pool-6-thread-5] DEBUG c.h.p.o.dependants.PodInfoConfigMap - [helmvolu] Desired PodInfo ConfigMap (1 extensions) (1 enabled)
2025-01-30 04:02:50,198 INFO c.h.h.t.HelmChartContainer - [hivemq-test-hivemq-platform] [hivemq-platform-operator] [3cd2b14a] 04:02:50.194 [pool-6-thread-5] DEBUG c.h.p.o.dependants.PodInfoConfigMap - [helmvolu] Desired PodInfo ConfigMap (metrics port: 9399) (metrics path: /)
2025-01-30 04:02:50,198 INFO c.h.h.t.HelmChartContainer - [hivemq-test-hivemq-platform] [hivemq-platform-operator] [3cd2b14a] 04:02:50.194 [pool-6-thread-5] DEBUG c.h.p.o.dependants.PodInfoConfigMap - [helmvolu] Desired PodInfo ConfigMap (extension state hash: -1817474005)
2025-01-30 04:02:50,198 INFO c.h.h.t.HelmChartContainer - [hivemq-test-hivemq-platform] [hivemq-platform-operator] [3cd2b14a] 04:02:50.196 [pool-6-thread-4] DEBUG c.h.p.o.d.PodServiceAccountResource - [helmvolu] Desired PodServiceAccountResource (serviceAccountName: hivemq-platform-pod-test-hivemq-platform)
2025-01-30 04:02:50,201 INFO c.h.h.t.HelmChartContainer - [hivemq-test-hivemq-platform] [hivemq-platform-operator] [3cd2b14a] 04:02:50.200 [pool-6-thread-5] DEBUG c.h.p.o.d.StatefulSetResource - [helmvolu] Desired StatefulSet (2 replicas) for status STARTING (READY)
2025-01-30 04:02:50,205 INFO c.h.h.t.HelmChartContainer - [hivemq-test-hivemq-platform] [hivemq-platform-operator] [3cd2b14a] 04:02:50.204 [ReconcilerExecutor-hivemq-controller-114] INFO  c.h.p.o.HiveMQPlatformReconciler - [helmvolu] Reconciling HiveMQ Platform 'test-hivemq-platform' in namespace 'helmvolumeclaimtemplatesit'
2025-01-30 04:02:50,206 INFO c.h.h.t.HelmChartContainer - [hivemq-test-hivemq-platform] [hivemq-platform-operator] [3cd2b14a] 04:02:50.204 [ReconcilerExecutor-hivemq-controller-114] DEBUG c.h.p.o.HiveMQPlatformReconciler - [helmvolu] Custom Resource Status STARTING - HiveMQ Platform is starting (READY)
2025-01-30 04:02:50,206 INFO c.h.h.t.HelmChartContainer - [hivemq-test-hivemq-platform] [hivemq-platform-operator] [3cd2b14a] 04:02:50.204 [ReconcilerExecutor-hivemq-controller-114] DEBUG c.h.p.o.HiveMQPlatformReconciler - [helmvolu] Custom Resource Spec (replicas: 2) (extensions: 1)
2025-01-30 04:02:50,207 INFO c.h.h.t.HelmChartContainer - [hivemq-test-hivemq-platform] [hivemq-platform-operator] [3cd2b14a] 04:02:50.206 [ReconcilerExecutor-hivemq-controller-114] DEBUG c.h.p.o.HiveMQPlatformReconciler - [helmvolu] StatefulSet Status (revision: test-hivemq-platform-6c7bb94cbd, replicas: 1, available: 0, ready: 0, current: 1, updated: 1)
2025-01-30 04:02:50,207 INFO c.h.h.t.HelmChartContainer - [hivemq-test-hivemq-platform] [hivemq-platform-operator] [3cd2b14a] 04:02:50.206 [ReconcilerExecutor-hivemq-controller-114] DEBUG c.h.p.o.HiveMQPlatformReconciler - [helmvolu] StatefulSet Spec (replicas: 2, init containers: 1, containers: 1, volumes: 4)
2025-01-30 04:02:50,208 INFO c.h.h.t.HelmChartContainer - [hivemq-test-hivemq-platform] [hivemq-platform-operator] [3cd2b14a] 04:02:50.207 [ReconcilerExecutor-hivemq-controller-114] DEBUG c.h.p.o.h.HiveMQPlatformReconcilerErrorHandler - [helmvolu] Pod 'test-hivemq-platform-0' phase Running
2025-01-30 04:02:50,209 INFO c.h.h.t.HelmChartContainer - [hivemq-test-hivemq-platform] [hivemq-platform-operator] [3cd2b14a] 04:02:50.208 [ReconcilerExecutor-hivemq-controller-114] INFO  c.h.p.o.h.HiveMQPlatformReconcilerBaseHandler - [helmvolu] HiveMQ Platform is starting, 0 of 2 replicas are ready
2025-01-30 04:02:50,449 INFO c.h.h.t.HelmChartContainer - [test-hivemq-platform] [hivemq] [c78b1b68] INFO  - [HiveMQ Platform Operator Init App 1.7.0-SNAPSHOT] Returning Health API response 503 for readiness
2025-01-30 04:02:50,453 INFO c.h.h.t.HelmChartContainer - [EVENT] Warning [Unhealthy] Readiness probe failed: HTTP probe failed with statuscode: 503 [helmvolumeclaimtemplatesit:test-hivemq-platform-0]
2025-01-30 04:02:50,453 INFO c.h.h.t.HelmChartContainer - Received Unhealthy event for container hivemq in pod test-hivemq-platform-0 [c78b1b68-be50-4f3e-a288-d0cbc418d80a]
2025-01-30 04:02:50,748 INFO c.h.h.t.HelmChartContainer - [test-hivemq-platform] [hivemq] [c78b1b68] INFO  - ph5t9: no members discovered after 2276 ms: creating cluster as first member
2025-01-30 04:02:50,754 INFO c.h.h.t.HelmChartContainer - [test-hivemq-platform] [hivemq] [c78b1b68] INFO  - Cluster nodes found by discovery: [ph5t9|0] (1) [ph5t9].
2025-01-30 04:02:50,771 INFO c.h.h.t.HelmChartContainer - [test-hivemq-platform] [hivemq] [c78b1b68] WARN  - No user for HiveMQ Control Center configured. Starting with default user
2025-01-30 04:02:50,771 INFO c.h.h.t.HelmChartContainer - [test-hivemq-platform] [hivemq] [c78b1b68] INFO  - Starting HiveMQ Control Center on address 0.0.0.0 and port 8080
2025-01-30 04:02:50,784 INFO c.h.h.t.HelmChartContainer - [test-hivemq-platform] [hivemq] [c78b1b68] INFO  - Mounting HiveMQ Control Center V2 Preview
2025-01-30 04:02:51,363 INFO c.h.h.t.HelmChartContainer - [test-hivemq-platform] [hivemq] [c78b1b68] INFO  - Started HiveMQ Control Center in 592ms
2025-01-30 04:02:51,453 INFO c.h.h.t.HelmChartContainer - [test-hivemq-platform] [hivemq] [c78b1b68] INFO  - Starting TCP listener on address 0.0.0.0 and port 1883
2025-01-30 04:02:51,467 INFO c.h.h.t.HelmChartContainer - [test-hivemq-platform] [hivemq] [c78b1b68] INFO  - Started TCP Listener on address 0.0.0.0 and on port 1883.
2025-01-30 04:02:51,467 INFO c.h.h.t.HelmChartContainer - [test-hivemq-platform] [hivemq] [c78b1b68] INFO  - Started HiveMQ in 29683ms
2025-01-30 04:02:55,058 INFO c.h.h.t.HelmChartContainer - [test-hivemq-platform] [hivemq] [c78b1b68] INFO  - [HiveMQ Platform Operator Init App 1.7.0-SNAPSHOT] Returning Health API response 200 for readiness
2025-01-30 04:02:55,075 INFO c.h.h.t.HelmChartContainer - [POD] test-hivemq-platform-0 [c78b1b68-be50-4f3e-a288-d0cbc418d80a] in helmvolumeclaimtemplatesit was MODIFIED
2025-01-30 04:02:55,084 INFO c.h.h.t.HelmChartContainer - [hivemq-test-hivemq-platform] [hivemq-platform-operator] [3cd2b14a] 04:02:55.077 [pool-6-thread-13] DEBUG c.h.p.o.d.PodServiceAccountResource - [helmvolu] Desired PodServiceAccountResource (serviceAccountName: hivemq-platform-pod-test-hivemq-platform)
2025-01-30 04:02:55,084 INFO c.h.h.t.HelmChartContainer - [hivemq-test-hivemq-platform] [hivemq-platform-operator] [3cd2b14a] 04:02:55.078 [pool-6-thread-16] DEBUG c.h.p.o.dependants.PodInfoConfigMap - [helmvolu] Desired PodInfo ConfigMap (1 extensions) (1 enabled)
2025-01-30 04:02:55,084 INFO c.h.h.t.HelmChartContainer - [hivemq-test-hivemq-platform] [hivemq-platform-operator] [3cd2b14a] 04:02:55.078 [pool-6-thread-16] DEBUG c.h.p.o.dependants.PodInfoConfigMap - [helmvolu] Desired PodInfo ConfigMap (metrics port: 9399) (metrics path: /)
2025-01-30 04:02:55,084 INFO c.h.h.t.HelmChartContainer - [hivemq-test-hivemq-platform] [hivemq-platform-operator] [3cd2b14a] 04:02:55.078 [pool-6-thread-16] DEBUG c.h.p.o.dependants.PodInfoConfigMap - [helmvolu] Desired PodInfo ConfigMap (extension state hash: -1817474005)
2025-01-30 04:02:55,085 INFO c.h.h.t.HelmChartContainer - [hivemq-test-hivemq-platform] [hivemq-platform-operator] [3cd2b14a] 04:02:55.080 [pool-6-thread-11] DEBUG c.h.p.o.d.PlatformServiceResource - [helmvolu] Desired Platform services (3 services)
2025-01-30 04:02:55,097 INFO c.h.h.t.HelmChartContainer - [EVENT] Normal [SuccessfulCreate] create Claim hivemq-pvc-data-test-hivemq-platform-1 Pod test-hivemq-platform-1 in StatefulSet test-hivemq-platform success [helmvolumeclaimtemplatesit:test-hivemq-platform]
2025-01-30 04:02:55,098 INFO c.h.h.t.HelmChartContainer - [hivemq-test-hivemq-platform] [hivemq-platform-operator] [3cd2b14a] 04:02:55.094 [pool-6-thread-11] DEBUG c.h.p.o.d.StatefulSetResource - [helmvolu] Desired StatefulSet (2 replicas) for status STARTING (READY)
2025-01-30 04:02:55,105 INFO c.h.h.t.HelmChartContainer - [POD] test-hivemq-platform-1 [ccedc2bb-3fb9-4356-a626-24f0c519a736] in helmvolumeclaimtemplatesit was ADDED
2025-01-30 04:02:55,107 INFO c.h.h.t.HelmChartContainer - [EVENT] Normal [WaitForFirstConsumer] waiting for first consumer to be created before binding [helmvolumeclaimtemplatesit:hivemq-pvc-data-test-hivemq-platform-1]
2025-01-30 04:02:55,111 INFO c.h.h.t.HelmChartContainer - [hivemq-test-hivemq-platform] [hivemq-platform-operator] [3cd2b14a] 04:02:55.103 [ReconcilerExecutor-hivemq-controller-115] INFO  c.h.p.o.HiveMQPlatformReconciler - [helmvolu] Reconciling HiveMQ Platform 'test-hivemq-platform' in namespace 'helmvolumeclaimtemplatesit'
2025-01-30 04:02:55,111 INFO c.h.h.t.HelmChartContainer - [hivemq-test-hivemq-platform] [hivemq-platform-operator] [3cd2b14a] 04:02:55.103 [ReconcilerExecutor-hivemq-controller-115] DEBUG c.h.p.o.HiveMQPlatformReconciler - [helmvolu] Custom Resource Status STARTING - HiveMQ Platform is starting (READY)
2025-01-30 04:02:55,111 INFO c.h.h.t.HelmChartContainer - [hivemq-test-hivemq-platform] [hivemq-platform-operator] [3cd2b14a] 04:02:55.103 [ReconcilerExecutor-hivemq-controller-115] DEBUG c.h.p.o.HiveMQPlatformReconciler - [helmvolu] Custom Resource Spec (replicas: 2) (extensions: 1)
2025-01-30 04:02:55,114 INFO c.h.h.t.HelmChartContainer - [hivemq-test-hivemq-platform] [hivemq-platform-operator] [3cd2b14a] 04:02:55.107 [ReconcilerExecutor-hivemq-controller-115] DEBUG c.h.p.o.HiveMQPlatformReconciler - [helmvolu] StatefulSet Status (revision: test-hivemq-platform-6c7bb94cbd, replicas: 1, available: 0, ready: 0, current: 1, updated: 1)
2025-01-30 04:02:55,114 INFO c.h.h.t.HelmChartContainer - [hivemq-test-hivemq-platform] [hivemq-platform-operator] [3cd2b14a] 04:02:55.107 [ReconcilerExecutor-hivemq-controller-115] DEBUG c.h.p.o.HiveMQPlatformReconciler - [helmvolu] StatefulSet Spec (replicas: 2, init containers: 1, containers: 1, volumes: 4)
2025-01-30 04:02:55,114 INFO c.h.h.t.HelmChartContainer - [hivemq-test-hivemq-platform] [hivemq-platform-operator] [3cd2b14a] 04:02:55.109 [ReconcilerExecutor-hivemq-controller-115] DEBUG c.h.p.o.h.HiveMQPlatformReconcilerErrorHandler - [helmvolu] Pod 'test-hivemq-platform-0' phase Running
2025-01-30 04:02:55,114 INFO c.h.h.t.HelmChartContainer - [hivemq-test-hivemq-platform] [hivemq-platform-operator] [3cd2b14a] 04:02:55.110 [ReconcilerExecutor-hivemq-controller-115] INFO  c.h.p.o.h.HiveMQPlatformReconcilerBaseHandler - [helmvolu] HiveMQ Platform is starting, 0 of 2 replicas are ready
2025-01-30 04:02:55,121 INFO c.h.h.t.HelmChartContainer - [EVENT] Normal [SuccessfulCreate] create Pod test-hivemq-platform-1 in StatefulSet test-hivemq-platform successful [helmvolumeclaimtemplatesit:test-hivemq-platform]
2025-01-30 04:02:55,128 INFO c.h.h.t.HelmChartContainer - [EVENT] Normal [ExternalProvisioning] Waiting for a volume to be created either by the external provisioner 'rancher.io/local-path' or manually by the system administrator. If volume creation is delayed, please verify that the provisioner is running and correctly registered. [helmvolumeclaimtemplatesit:hivemq-pvc-data-test-hivemq-platform-1]
2025-01-30 04:02:55,131 INFO c.h.h.t.HelmChartContainer - [EVENT] Normal [Provisioning] External provisioner is provisioning volume for claim "helmvolumeclaimtemplatesit/hivemq-pvc-data-test-hivemq-platform-1" [helmvolumeclaimtemplatesit:hivemq-pvc-data-test-hivemq-platform-1]
2025-01-30 04:02:55,136 INFO c.h.h.t.HelmChartContainer - [EVENT] Normal [ExternalProvisioning] Waiting for a volume to be created either by the external provisioner 'rancher.io/local-path' or manually by the system administrator. If volume creation is delayed, please verify that the provisioner is running and correctly registered. [helmvolumeclaimtemplatesit:hivemq-pvc-data-test-hivemq-platform-1]
2025-01-30 04:02:55,195 INFO c.h.h.t.HelmChartContainer - [hivemq-test-hivemq-platform] [hivemq-platform-operator] [3cd2b14a] 04:02:55.188 [pool-6-thread-22] DEBUG c.h.p.o.d.PlatformServiceResource - [helmvolu] Desired Platform services (3 services)
2025-01-30 04:02:55,195 INFO c.h.h.t.HelmChartContainer - [hivemq-test-hivemq-platform] [hivemq-platform-operator] [3cd2b14a] 04:02:55.190 [pool-6-thread-25] DEBUG c.h.p.o.dependants.PodInfoConfigMap - [helmvolu] Desired PodInfo ConfigMap (1 extensions) (1 enabled)
2025-01-30 04:02:55,196 INFO c.h.h.t.HelmChartContainer - [hivemq-test-hivemq-platform] [hivemq-platform-operator] [3cd2b14a] 04:02:55.190 [pool-6-thread-25] DEBUG c.h.p.o.dependants.PodInfoConfigMap - [helmvolu] Desired PodInfo ConfigMap (metrics port: 9399) (metrics path: /)
2025-01-30 04:02:55,196 INFO c.h.h.t.HelmChartContainer - [hivemq-test-hivemq-platform] [hivemq-platform-operator] [3cd2b14a] 04:02:55.191 [pool-6-thread-25] DEBUG c.h.p.o.dependants.PodInfoConfigMap - [helmvolu] Desired PodInfo ConfigMap (extension state hash: -1817474005)
2025-01-30 04:02:55,196 INFO c.h.h.t.HelmChartContainer - [hivemq-test-hivemq-platform] [hivemq-platform-operator] [3cd2b14a] 04:02:55.191 [pool-6-thread-21] DEBUG c.h.p.o.d.PodServiceAccountResource - [helmvolu] Desired PodServiceAccountResource (serviceAccountName: hivemq-platform-pod-test-hivemq-platform)
2025-01-30 04:02:55,196 INFO c.h.h.t.HelmChartContainer - [hivemq-test-hivemq-platform] [hivemq-platform-operator] [3cd2b14a] 04:02:55.195 [pool-6-thread-22] DEBUG c.h.p.o.d.StatefulSetResource - [helmvolu] Desired StatefulSet (2 replicas) for status STARTING (READY)
2025-01-30 04:02:55,201 INFO c.h.h.t.HelmChartContainer - [hivemq-test-hivemq-platform] [hivemq-platform-operator] [3cd2b14a] 04:02:55.199 [ReconcilerExecutor-hivemq-controller-116] INFO  c.h.p.o.HiveMQPlatformReconciler - [helmvolu] Reconciling HiveMQ Platform 'test-hivemq-platform' in namespace 'helmvolumeclaimtemplatesit'
2025-01-30 04:02:55,201 INFO c.h.h.t.HelmChartContainer - [hivemq-test-hivemq-platform] [hivemq-platform-operator] [3cd2b14a] 04:02:55.199 [ReconcilerExecutor-hivemq-controller-116] DEBUG c.h.p.o.HiveMQPlatformReconciler - [helmvolu] Custom Resource Status STARTING - HiveMQ Platform is starting (READY)
2025-01-30 04:02:55,201 INFO c.h.h.t.HelmChartContainer - [hivemq-test-hivemq-platform] [hivemq-platform-operator] [3cd2b14a] 04:02:55.199 [ReconcilerExecutor-hivemq-controller-116] DEBUG c.h.p.o.HiveMQPlatformReconciler - [helmvolu] Custom Resource Spec (replicas: 2) (extensions: 1)
2025-01-30 04:02:55,202 INFO c.h.h.t.HelmChartContainer - [hivemq-test-hivemq-platform] [hivemq-platform-operator] [3cd2b14a] 04:02:55.200 [ReconcilerExecutor-hivemq-controller-116] DEBUG c.h.p.o.HiveMQPlatformReconciler - [helmvolu] StatefulSet Status (revision: test-hivemq-platform-6c7bb94cbd, replicas: 2, available: 1, ready: 1, current: 2, updated: 2)
2025-01-30 04:02:55,202 INFO c.h.h.t.HelmChartContainer - [hivemq-test-hivemq-platform] [hivemq-platform-operator] [3cd2b14a] 04:02:55.200 [ReconcilerExecutor-hivemq-controller-116] DEBUG c.h.p.o.HiveMQPlatformReconciler - [helmvolu] StatefulSet Spec (replicas: 2, init containers: 1, containers: 1, volumes: 4)
2025-01-30 04:02:55,203 INFO c.h.h.t.HelmChartContainer - [hivemq-test-hivemq-platform] [hivemq-platform-operator] [3cd2b14a] 04:02:55.201 [ReconcilerExecutor-hivemq-controller-116] DEBUG c.h.p.o.h.HiveMQPlatformReconcilerErrorHandler - [helmvolu] Pod 'test-hivemq-platform-1' phase Pending
2025-01-30 04:02:55,204 INFO c.h.h.t.HelmChartContainer - [hivemq-test-hivemq-platform] [hivemq-platform-operator] [3cd2b14a] 04:02:55.203 [ReconcilerExecutor-hivemq-controller-116] DEBUG c.h.p.o.h.HiveMQPlatformReconcilerErrorHandler - [helmvolu] Pod 'test-hivemq-platform-0' phase Running
2025-01-30 04:02:55,206 INFO c.h.h.t.HelmChartContainer - [POD] helper-pod-create-pvc-5f246695-e19d-4c51-9fb1-d8aaa756f18a [73c33675-c49d-4789-aeba-d22733a07932] in kube-system was ADDED
2025-01-30 04:02:55,213 INFO c.h.h.t.HelmChartContainer - [POD] helper-pod-create-pvc-5f246695-e19d-4c51-9fb1-d8aaa756f18a [73c33675-c49d-4789-aeba-d22733a07932] in kube-system was MODIFIED
2025-01-30 04:02:55,273 INFO c.h.h.t.HelmChartContainer - [K3S] [reconciler_common.go:251] "operationExecutor.VerifyControllerAttachedVolume started for volume \"kube-api-access-b4znh\" (UniqueName: \"kubernetes.io/projected/73c33675-c49d-4789-aeba-d22733a07932-kube-api-access-b4znh\") pod \"helper-pod-create-pvc-5f246695-e19d-4c51-9fb1-d8aaa756f18a\" (UID: \"73c33675-c49d-4789-aeba-d22733a07932\") " pod="kube-system/helper-pod-create-pvc-5f246695-e19d-4c51-9fb1-d8aaa756f18a"
2025-01-30 04:02:55,273 INFO c.h.h.t.HelmChartContainer - [K3S] [reconciler_common.go:251] "operationExecutor.VerifyControllerAttachedVolume started for volume \"data\" (UniqueName: \"kubernetes.io/host-path/73c33675-c49d-4789-aeba-d22733a07932-data\") pod \"helper-pod-create-pvc-5f246695-e19d-4c51-9fb1-d8aaa756f18a\" (UID: \"73c33675-c49d-4789-aeba-d22733a07932\") " pod="kube-system/helper-pod-create-pvc-5f246695-e19d-4c51-9fb1-d8aaa756f18a"
2025-01-30 04:02:55,273 INFO c.h.h.t.HelmChartContainer - [K3S] [reconciler_common.go:251] "operationExecutor.VerifyControllerAttachedVolume started for volume \"script\" (UniqueName: \"kubernetes.io/configmap/73c33675-c49d-4789-aeba-d22733a07932-script\") pod \"helper-pod-create-pvc-5f246695-e19d-4c51-9fb1-d8aaa756f18a\" (UID: \"73c33675-c49d-4789-aeba-d22733a07932\") " pod="kube-system/helper-pod-create-pvc-5f246695-e19d-4c51-9fb1-d8aaa756f18a"
2025-01-30 04:02:55,289 INFO c.h.h.t.HelmChartContainer - [hivemq-test-hivemq-platform] [hivemq-platform-operator] [3cd2b14a] 04:02:55.286 [ReconcilerExecutor-hivemq-controller-116] INFO  c.h.p.o.h.HiveMQPlatformReconcilerBaseHandler - [helmvolu] HiveMQ Platform is starting, 1 of 2 replicas are ready
2025-01-30 04:02:55,291 INFO c.h.h.t.HelmChartContainer - [hivemq-test-hivemq-platform] [hivemq-platform-operator] [3cd2b14a] 04:02:55.290 [pool-6-thread-37] DEBUG c.h.p.o.d.PlatformServiceResource - [helmvolu] Desired Platform services (3 services)
2025-01-30 04:02:55,297 INFO c.h.h.t.HelmChartContainer - [hivemq-test-hivemq-platform] [hivemq-platform-operator] [3cd2b14a] 04:02:55.290 [pool-6-thread-34] DEBUG c.h.p.o.d.PodServiceAccountResource - [helmvolu] Desired PodServiceAccountResource (serviceAccountName: hivemq-platform-pod-test-hivemq-platform)
2025-01-30 04:02:55,297 INFO c.h.h.t.HelmChartContainer - [hivemq-test-hivemq-platform] [hivemq-platform-operator] [3cd2b14a] 04:02:55.292 [pool-6-thread-36] DEBUG c.h.p.o.dependants.PodInfoConfigMap - [helmvolu] Desired PodInfo ConfigMap (1 extensions) (1 enabled)
2025-01-30 04:02:55,297 INFO c.h.h.t.HelmChartContainer - [hivemq-test-hivemq-platform] [hivemq-platform-operator] [3cd2b14a] 04:02:55.292 [pool-6-thread-36] DEBUG c.h.p.o.dependants.PodInfoConfigMap - [helmvolu] Desired PodInfo ConfigMap (metrics port: 9399) (metrics path: /)
2025-01-30 04:02:55,297 INFO c.h.h.t.HelmChartContainer - [hivemq-test-hivemq-platform] [hivemq-platform-operator] [3cd2b14a] 04:02:55.292 [pool-6-thread-36] DEBUG c.h.p.o.dependants.PodInfoConfigMap - [helmvolu] Desired PodInfo ConfigMap (extension state hash: -1817474005)
2025-01-30 04:02:55,298 INFO c.h.h.t.HelmChartContainer - [hivemq-test-hivemq-platform] [hivemq-platform-operator] [3cd2b14a] 04:02:55.297 [pool-6-thread-37] DEBUG c.h.p.o.d.StatefulSetResource - [helmvolu] Desired StatefulSet (2 replicas) for status STARTING (READY)
2025-01-30 04:02:55,301 INFO c.h.h.t.HelmChartContainer - [hivemq-test-hivemq-platform] [hivemq-platform-operator] [3cd2b14a] 04:02:55.301 [ReconcilerExecutor-hivemq-controller-117] INFO  c.h.p.o.HiveMQPlatformReconciler - [helmvolu] Reconciling HiveMQ Platform 'test-hivemq-platform' in namespace 'helmvolumeclaimtemplatesit'
2025-01-30 04:02:55,302 INFO c.h.h.t.HelmChartContainer - [hivemq-test-hivemq-platform] [hivemq-platform-operator] [3cd2b14a] 04:02:55.301 [ReconcilerExecutor-hivemq-controller-117] DEBUG c.h.p.o.HiveMQPlatformReconciler - [helmvolu] Custom Resource Status STARTING - HiveMQ Platform is starting (READY)
2025-01-30 04:02:55,302 INFO c.h.h.t.HelmChartContainer - [hivemq-test-hivemq-platform] [hivemq-platform-operator] [3cd2b14a] 04:02:55.301 [ReconcilerExecutor-hivemq-controller-117] DEBUG c.h.p.o.HiveMQPlatformReconciler - [helmvolu] Custom Resource Spec (replicas: 2) (extensions: 1)
2025-01-30 04:02:55,303 INFO c.h.h.t.HelmChartContainer - [hivemq-test-hivemq-platform] [hivemq-platform-operator] [3cd2b14a] 04:02:55.302 [ReconcilerExecutor-hivemq-controller-117] DEBUG c.h.p.o.HiveMQPlatformReconciler - [helmvolu] StatefulSet Status (revision: test-hivemq-platform-6c7bb94cbd, replicas: 2, available: 1, ready: 1, current: 2, updated: 2)
2025-01-30 04:02:55,304 INFO c.h.h.t.HelmChartContainer - [hivemq-test-hivemq-platform] [hivemq-platform-operator] [3cd2b14a] 04:02:55.303 [ReconcilerExecutor-hivemq-controller-117] DEBUG c.h.p.o.HiveMQPlatformReconciler - [helmvolu] StatefulSet Spec (replicas: 2, init containers: 1, containers: 1, volumes: 4)
2025-01-30 04:02:55,387 INFO c.h.h.t.HelmChartContainer - [hivemq-test-hivemq-platform] [hivemq-platform-operator] [3cd2b14a] 04:02:55.386 [ReconcilerExecutor-hivemq-controller-117] DEBUG c.h.p.o.h.HiveMQPlatformReconcilerErrorHandler - [helmvolu] Pod 'test-hivemq-platform-1' phase Pending
2025-01-30 04:02:55,391 INFO c.h.h.t.HelmChartContainer - [hivemq-test-hivemq-platform] [hivemq-platform-operator] [3cd2b14a] 04:02:55.390 [ReconcilerExecutor-hivemq-controller-117] DEBUG c.h.p.o.h.HiveMQPlatformReconcilerErrorHandler - [helmvolu] Pod 'test-hivemq-platform-0' phase Running
2025-01-30 04:02:55,392 INFO c.h.h.t.HelmChartContainer - [hivemq-test-hivemq-platform] [hivemq-platform-operator] [3cd2b14a] 04:02:55.391 [ReconcilerExecutor-hivemq-controller-117] INFO  c.h.p.o.h.HiveMQPlatformReconcilerBaseHandler - [helmvolu] HiveMQ Platform is starting, 1 of 2 replicas are ready
2025-01-30 04:02:56,556 INFO c.h.h.t.HelmChartContainer - [POD] helper-pod-create-pvc-5f246695-e19d-4c51-9fb1-d8aaa756f18a [73c33675-c49d-4789-aeba-d22733a07932] in kube-system was MODIFIED
2025-01-30 04:02:57,625 INFO c.h.h.t.HelmChartContainer - [POD] helper-pod-create-pvc-5f246695-e19d-4c51-9fb1-d8aaa756f18a [73c33675-c49d-4789-aeba-d22733a07932] in kube-system was MODIFIED
2025-01-30 04:02:57,687 INFO c.h.h.t.HelmChartContainer - [K3S] [reconciler_common.go:162] "operationExecutor.UnmountVolume started for volume \"data\" (UniqueName: \"kubernetes.io/host-path/73c33675-c49d-4789-aeba-d22733a07932-data\") pod \"73c33675-c49d-4789-aeba-d22733a07932\" (UID: \"73c33675-c49d-4789-aeba-d22733a07932\") "
2025-01-30 04:02:57,687 INFO c.h.h.t.HelmChartContainer - [K3S] [reconciler_common.go:162] "operationExecutor.UnmountVolume started for volume \"script\" (UniqueName: \"kubernetes.io/configmap/73c33675-c49d-4789-aeba-d22733a07932-script\") pod \"73c33675-c49d-4789-aeba-d22733a07932\" (UID: \"73c33675-c49d-4789-aeba-d22733a07932\") "
2025-01-30 04:02:57,687 INFO c.h.h.t.HelmChartContainer - [K3S] [reconciler_common.go:162] "operationExecutor.UnmountVolume started for volume \"kube-api-access-b4znh\" (UniqueName: \"kubernetes.io/projected/73c33675-c49d-4789-aeba-d22733a07932-kube-api-access-b4znh\") pod \"73c33675-c49d-4789-aeba-d22733a07932\" (UID: \"73c33675-c49d-4789-aeba-d22733a07932\") "
2025-01-30 04:02:57,787 INFO c.h.h.t.HelmChartContainer - [K3S] [reconciler_common.go:299] "Volume detached for volume \"script\" (UniqueName: \"kubernetes.io/configmap/73c33675-c49d-4789-aeba-d22733a07932-script\") on node \"50074fe47053\" DevicePath \"\""
2025-01-30 04:02:57,787 INFO c.h.h.t.HelmChartContainer - [K3S] [reconciler_common.go:299] "Volume detached for volume \"kube-api-access-b4znh\" (UniqueName: \"kubernetes.io/projected/73c33675-c49d-4789-aeba-d22733a07932-kube-api-access-b4znh\") on node \"50074fe47053\" DevicePath \"\""
2025-01-30 04:02:57,787 INFO c.h.h.t.HelmChartContainer - [K3S] [reconciler_common.go:299] "Volume detached for volume \"data\" (UniqueName: \"kubernetes.io/host-path/73c33675-c49d-4789-aeba-d22733a07932-data\") on node \"50074fe47053\" DevicePath \"\""
2025-01-30 04:02:58,224 INFO c.h.h.t.HelmChartContainer - [POD] helper-pod-create-pvc-5f246695-e19d-4c51-9fb1-d8aaa756f18a [73c33675-c49d-4789-aeba-d22733a07932] in kube-system was MODIFIED
2025-01-30 04:02:58,226 INFO c.h.h.t.HelmChartContainer - [POD] helper-pod-create-pvc-5f246695-e19d-4c51-9fb1-d8aaa756f18a [73c33675-c49d-4789-aeba-d22733a07932] in kube-system was DELETED
2025-01-30 04:02:58,233 INFO c.h.h.t.HelmChartContainer - [EVENT] Normal [ProvisioningSucceeded] Successfully provisioned volume pvc-5f246695-e19d-4c51-9fb1-d8aaa756f18a [helmvolumeclaimtemplatesit:hivemq-pvc-data-test-hivemq-platform-1]
2025-01-30 04:02:58,553 INFO c.h.h.t.HelmChartContainer - [K3S] [pod_container_deletor.go:80] "Container not found in pod's containers" containerID="e8183ea44b397968d98178a56cf59268f56c595fa7021093a74e3a285b6cf720"
2025-01-30 04:02:58,558 INFO c.h.h.t.HelmChartContainer - [K3S] [status_manager.go:890] "Failed to get status for pod" podUID="73c33675-c49d-4789-aeba-d22733a07932" pod="kube-system/helper-pod-create-pvc-5f246695-e19d-4c51-9fb1-d8aaa756f18a" err="pods \"helper-pod-create-pvc-5f246695-e19d-4c51-9fb1-d8aaa756f18a\" is forbidden: User \"system:node:50074fe47053\" cannot get resource \"pods\" in API group \"\" in the namespace \"kube-system\": no relationship found between node '50074fe47053' and this object"
2025-01-30 04:02:59,123 INFO c.h.h.t.HelmChartContainer - [POD] test-hivemq-platform-1 [ccedc2bb-3fb9-4356-a626-24f0c519a736] in helmvolumeclaimtemplatesit was MODIFIED
2025-01-30 04:02:59,124 INFO c.h.h.t.HelmChartContainer - [K3S] [memory_manager.go:355] "RemoveStaleState removing state" podUID="73c33675-c49d-4789-aeba-d22733a07932" containerName="helper-pod"
2025-01-30 04:02:59,126 INFO c.h.h.t.HelmChartContainer - [EVENT] Normal [Scheduled] Successfully assigned helmvolumeclaimtemplatesit/test-hivemq-platform-1 to 50074fe47053 [helmvolumeclaimtemplatesit:test-hivemq-platform-1]
2025-01-30 04:02:59,129 INFO c.h.h.t.HelmChartContainer - [hivemq-test-hivemq-platform] [hivemq-platform-operator] [3cd2b14a] 04:02:59.128 [pool-6-thread-44] DEBUG c.h.p.o.d.PlatformServiceResource - [helmvolu] Desired Platform services (3 services)
2025-01-30 04:02:59,130 INFO c.h.h.t.HelmChartContainer - [hivemq-test-hivemq-platform] [hivemq-platform-operator] [3cd2b14a] 04:02:59.128 [pool-6-thread-43] DEBUG c.h.p.o.dependants.PodInfoConfigMap - [helmvolu] Desired PodInfo ConfigMap (1 extensions) (1 enabled)
2025-01-30 04:02:59,130 INFO c.h.h.t.HelmChartContainer - [hivemq-test-hivemq-platform] [hivemq-platform-operator] [3cd2b14a] 04:02:59.128 [pool-6-thread-43] DEBUG c.h.p.o.dependants.PodInfoConfigMap - [helmvolu] Desired PodInfo ConfigMap (metrics port: 9399) (metrics path: /)
2025-01-30 04:02:59,130 INFO c.h.h.t.HelmChartContainer - [hivemq-test-hivemq-platform] [hivemq-platform-operator] [3cd2b14a] 04:02:59.128 [pool-6-thread-43] DEBUG c.h.p.o.dependants.PodInfoConfigMap - [helmvolu] Desired PodInfo ConfigMap (extension state hash: -1817474005)
2025-01-30 04:02:59,130 INFO c.h.h.t.HelmChartContainer - [hivemq-test-hivemq-platform] [hivemq-platform-operator] [3cd2b14a] 04:02:59.130 [pool-6-thread-43] DEBUG c.h.p.o.d.PodServiceAccountResource - [helmvolu] Desired PodServiceAccountResource (serviceAccountName: hivemq-platform-pod-test-hivemq-platform)
2025-01-30 04:02:59,136 INFO c.h.h.t.HelmChartContainer - [POD] test-hivemq-platform-1 [ccedc2bb-3fb9-4356-a626-24f0c519a736] in helmvolumeclaimtemplatesit was MODIFIED
2025-01-30 04:02:59,138 INFO c.h.h.t.HelmChartContainer - [K3S] [status_manager.go:890] "Failed to get status for pod" podUID="73c33675-c49d-4789-aeba-d22733a07932" pod="kube-system/helper-pod-create-pvc-5f246695-e19d-4c51-9fb1-d8aaa756f18a" err="pods \"helper-pod-create-pvc-5f246695-e19d-4c51-9fb1-d8aaa756f18a\" is forbidden: User \"system:node:50074fe47053\" cannot get resource \"pods\" in API group \"\" in the namespace \"kube-system\": no relationship found between node '50074fe47053' and this object"
2025-01-30 04:02:59,143 INFO c.h.h.t.HelmChartContainer - [hivemq-test-hivemq-platform] [hivemq-platform-operator] [3cd2b14a] 04:02:59.141 [pool-6-thread-44] DEBUG c.h.p.o.d.StatefulSetResource - [helmvolu] Desired StatefulSet (2 replicas) for status STARTING (READY)
2025-01-30 04:02:59,188 INFO c.h.h.t.HelmChartContainer - [hivemq-test-hivemq-platform] [hivemq-platform-operator] [3cd2b14a] 04:02:59.186 [ReconcilerExecutor-hivemq-controller-118] INFO  c.h.p.o.HiveMQPlatformReconciler - [helmvolu] Reconciling HiveMQ Platform 'test-hivemq-platform' in namespace 'helmvolumeclaimtemplatesit'
2025-01-30 04:02:59,188 INFO c.h.h.t.HelmChartContainer - [hivemq-test-hivemq-platform] [hivemq-platform-operator] [3cd2b14a] 04:02:59.186 [ReconcilerExecutor-hivemq-controller-118] DEBUG c.h.p.o.HiveMQPlatformReconciler - [helmvolu] Custom Resource Status STARTING - HiveMQ Platform is starting (READY)
2025-01-30 04:02:59,188 INFO c.h.h.t.HelmChartContainer - [hivemq-test-hivemq-platform] [hivemq-platform-operator] [3cd2b14a] 04:02:59.186 [ReconcilerExecutor-hivemq-controller-118] DEBUG c.h.p.o.HiveMQPlatformReconciler - [helmvolu] Custom Resource Spec (replicas: 2) (extensions: 1)
2025-01-30 04:02:59,190 INFO c.h.h.t.HelmChartContainer - [hivemq-test-hivemq-platform] [hivemq-platform-operator] [3cd2b14a] 04:02:59.189 [ReconcilerExecutor-hivemq-controller-118] DEBUG c.h.p.o.HiveMQPlatformReconciler - [helmvolu] StatefulSet Status (revision: test-hivemq-platform-6c7bb94cbd, replicas: 2, available: 1, ready: 1, current: 2, updated: 2)
2025-01-30 04:02:59,191 INFO c.h.h.t.HelmChartContainer - [hivemq-test-hivemq-platform] [hivemq-platform-operator] [3cd2b14a] 04:02:59.189 [ReconcilerExecutor-hivemq-controller-118] DEBUG c.h.p.o.HiveMQPlatformReconciler - [helmvolu] StatefulSet Spec (replicas: 2, init containers: 1, containers: 1, volumes: 4)
2025-01-30 04:02:59,192 INFO c.h.h.t.HelmChartContainer - [hivemq-test-hivemq-platform] [hivemq-platform-operator] [3cd2b14a] 04:02:59.191 [ReconcilerExecutor-hivemq-controller-118] DEBUG c.h.p.o.h.HiveMQPlatformReconcilerErrorHandler - [helmvolu] Pod 'test-hivemq-platform-1' phase Pending
2025-01-30 04:02:59,192 INFO c.h.h.t.HelmChartContainer - [hivemq-test-hivemq-platform] [hivemq-platform-operator] [3cd2b14a] 04:02:59.191 [ReconcilerExecutor-hivemq-controller-118] DEBUG c.h.p.o.h.HiveMQPlatformReconcilerErrorHandler - [helmvolu] Pod 'test-hivemq-platform-1' condition 'PodReadyToStartContainers': False
2025-01-30 04:02:59,192 INFO c.h.h.t.HelmChartContainer - [hivemq-test-hivemq-platform] [hivemq-platform-operator] [3cd2b14a] 04:02:59.191 [ReconcilerExecutor-hivemq-controller-118] DEBUG c.h.p.o.h.HiveMQPlatformReconcilerErrorHandler - [helmvolu] Pod 'test-hivemq-platform-1' condition 'Initialized': False
2025-01-30 04:02:59,192 INFO c.h.h.t.HelmChartContainer - [hivemq-test-hivemq-platform] [hivemq-platform-operator] [3cd2b14a] 04:02:59.191 [ReconcilerExecutor-hivemq-controller-118] DEBUG c.h.p.o.h.HiveMQPlatformReconcilerErrorHandler - [helmvolu] Pod 'test-hivemq-platform-1' condition 'Ready': False
2025-01-30 04:02:59,192 INFO c.h.h.t.HelmChartContainer - [hivemq-test-hivemq-platform] [hivemq-platform-operator] [3cd2b14a] 04:02:59.191 [ReconcilerExecutor-hivemq-controller-118] DEBUG c.h.p.o.h.HiveMQPlatformReconcilerErrorHandler - [helmvolu] Pod 'test-hivemq-platform-1' condition 'ContainersReady': False
2025-01-30 04:02:59,192 INFO c.h.h.t.HelmChartContainer - [hivemq-test-hivemq-platform] [hivemq-platform-operator] [3cd2b14a] 04:02:59.191 [ReconcilerExecutor-hivemq-controller-118] DEBUG c.h.p.o.h.HiveMQPlatformReconcilerErrorHandler - [helmvolu] Pod 'test-hivemq-platform-1' condition 'PodScheduled': True
2025-01-30 04:02:59,192 INFO c.h.h.t.HelmChartContainer - [hivemq-test-hivemq-platform] [hivemq-platform-operator] [3cd2b14a] 04:02:59.191 [ReconcilerExecutor-hivemq-controller-118] DEBUG c.h.p.o.h.HiveMQPlatformReconcilerErrorHandler - [helmvolu] Pod 'test-hivemq-platform-1' containerStatus 'hivemq' (started: false) (ready: false) (waiting: [PodInitializing] null)
2025-01-30 04:02:59,194 INFO c.h.h.t.HelmChartContainer - [hivemq-test-hivemq-platform] [hivemq-platform-operator] [3cd2b14a] 04:02:59.192 [ReconcilerExecutor-hivemq-controller-118] DEBUG c.h.p.o.h.HiveMQPlatformReconcilerErrorHandler - [helmvolu] Pod 'test-hivemq-platform-0' phase Running
2025-01-30 04:02:59,196 INFO c.h.h.t.HelmChartContainer - [hivemq-test-hivemq-platform] [hivemq-platform-operator] [3cd2b14a] 04:02:59.193 [ReconcilerExecutor-hivemq-controller-118] INFO  c.h.p.o.h.HiveMQPlatformReconcilerBaseHandler - [helmvolu] HiveMQ Platform is starting, 1 of 2 replicas are ready
2025-01-30 04:02:59,196 INFO c.h.h.t.HelmChartContainer - [K3S] [reconciler_common.go:251] "operationExecutor.VerifyControllerAttachedVolume started for volume \"pod-info\" (UniqueName: \"kubernetes.io/configmap/ccedc2bb-3fb9-4356-a626-24f0c519a736-pod-info\") pod \"test-hivemq-platform-1\" (UID: \"ccedc2bb-3fb9-4356-a626-24f0c519a736\") " pod="helmvolumeclaimtemplatesit/test-hivemq-platform-1"
2025-01-30 04:02:59,197 INFO c.h.h.t.HelmChartContainer - [K3S] [reconciler_common.go:251] "operationExecutor.VerifyControllerAttachedVolume started for volume \"kube-api-access-52rvh\" (UniqueName: \"kubernetes.io/projected/ccedc2bb-3fb9-4356-a626-24f0c519a736-kube-api-access-52rvh\") pod \"test-hivemq-platform-1\" (UID: \"ccedc2bb-3fb9-4356-a626-24f0c519a736\") " pod="helmvolumeclaimtemplatesit/test-hivemq-platform-1"
2025-01-30 04:02:59,197 INFO c.h.h.t.HelmChartContainer - [K3S] [reconciler_common.go:251] "operationExecutor.VerifyControllerAttachedVolume started for volume \"broker-configuration\" (UniqueName: \"kubernetes.io/configmap/ccedc2bb-3fb9-4356-a626-24f0c519a736-broker-configuration\") pod \"test-hivemq-platform-1\" (UID: \"ccedc2bb-3fb9-4356-a626-24f0c519a736\") " pod="helmvolumeclaimtemplatesit/test-hivemq-platform-1"
2025-01-30 04:02:59,197 INFO c.h.h.t.HelmChartContainer - [K3S] [reconciler_common.go:251] "operationExecutor.VerifyControllerAttachedVolume started for volume \"pvc-5f246695-e19d-4c51-9fb1-d8aaa756f18a\" (UniqueName: \"kubernetes.io/local-volume/pvc-5f246695-e19d-4c51-9fb1-d8aaa756f18a\") pod \"test-hivemq-platform-1\" (UID: \"ccedc2bb-3fb9-4356-a626-24f0c519a736\") " pod="helmvolumeclaimtemplatesit/test-hivemq-platform-1"
2025-01-30 04:02:59,197 INFO c.h.h.t.HelmChartContainer - [K3S] [reconciler_common.go:251] "operationExecutor.VerifyControllerAttachedVolume started for volume \"operator-init\" (UniqueName: \"kubernetes.io/empty-dir/ccedc2bb-3fb9-4356-a626-24f0c519a736-operator-init\") pod \"test-hivemq-platform-1\" (UID: \"ccedc2bb-3fb9-4356-a626-24f0c519a736\") " pod="helmvolumeclaimtemplatesit/test-hivemq-platform-1"
2025-01-30 04:02:59,199 INFO c.h.h.t.HelmChartContainer - [hivemq-test-hivemq-platform] [hivemq-platform-operator] [3cd2b14a] 04:02:59.198 [pool-6-thread-7] DEBUG c.h.p.o.d.PlatformServiceResource - [helmvolu] Desired Platform services (3 services)
2025-01-30 04:02:59,201 INFO c.h.h.t.HelmChartContainer - [hivemq-test-hivemq-platform] [hivemq-platform-operator] [3cd2b14a] 04:02:59.199 [pool-6-thread-1] DEBUG c.h.p.o.dependants.PodInfoConfigMap - [helmvolu] Desired PodInfo ConfigMap (1 extensions) (1 enabled)
2025-01-30 04:02:59,201 INFO c.h.h.t.HelmChartContainer - [hivemq-test-hivemq-platform] [hivemq-platform-operator] [3cd2b14a] 04:02:59.200 [pool-6-thread-1] DEBUG c.h.p.o.dependants.PodInfoConfigMap - [helmvolu] Desired PodInfo ConfigMap (metrics port: 9399) (metrics path: /)
2025-01-30 04:02:59,201 INFO c.h.h.t.HelmChartContainer - [hivemq-test-hivemq-platform] [hivemq-platform-operator] [3cd2b14a] 04:02:59.200 [pool-6-thread-1] DEBUG c.h.p.o.dependants.PodInfoConfigMap - [helmvolu] Desired PodInfo ConfigMap (extension state hash: -1817474005)
2025-01-30 04:02:59,204 INFO c.h.h.t.HelmChartContainer - [hivemq-test-hivemq-platform] [hivemq-platform-operator] [3cd2b14a] 04:02:59.201 [pool-6-thread-1] DEBUG c.h.p.o.d.PodServiceAccountResource - [helmvolu] Desired PodServiceAccountResource (serviceAccountName: hivemq-platform-pod-test-hivemq-platform)
2025-01-30 04:02:59,275 INFO c.h.h.t.HelmChartContainer - [K3S] [kubelet_volumes.go:163] "Cleaned up orphaned pod volumes dir" podUID="73c33675-c49d-4789-aeba-d22733a07932" path="/var/lib/kubelet/pods/73c33675-c49d-4789-aeba-d22733a07932/volumes"
2025-01-30 04:02:59,288 INFO c.h.h.t.HelmChartContainer - [hivemq-test-hivemq-platform] [hivemq-platform-operator] [3cd2b14a] 04:02:59.287 [pool-6-thread-9] DEBUG c.h.p.o.d.StatefulSetResource - [helmvolu] Desired StatefulSet (2 replicas) for status STARTING (READY)
2025-01-30 04:02:59,293 INFO c.h.h.t.HelmChartContainer - [hivemq-test-hivemq-platform] [hivemq-platform-operator] [3cd2b14a] 04:02:59.291 [ReconcilerExecutor-hivemq-controller-119] INFO  c.h.p.o.HiveMQPlatformReconciler - [helmvolu] Reconciling HiveMQ Platform 'test-hivemq-platform' in namespace 'helmvolumeclaimtemplatesit'
2025-01-30 04:02:59,294 INFO c.h.h.t.HelmChartContainer - [hivemq-test-hivemq-platform] [hivemq-platform-operator] [3cd2b14a] 04:02:59.291 [ReconcilerExecutor-hivemq-controller-119] DEBUG c.h.p.o.HiveMQPlatformReconciler - [helmvolu] Custom Resource Status STARTING - HiveMQ Platform is starting (READY)
2025-01-30 04:02:59,294 INFO c.h.h.t.HelmChartContainer - [hivemq-test-hivemq-platform] [hivemq-platform-operator] [3cd2b14a] 04:02:59.291 [ReconcilerExecutor-hivemq-controller-119] DEBUG c.h.p.o.HiveMQPlatformReconciler - [helmvolu] Custom Resource Spec (replicas: 2) (extensions: 1)
2025-01-30 04:02:59,298 INFO c.h.h.t.HelmChartContainer - [hivemq-test-hivemq-platform] [hivemq-platform-operator] [3cd2b14a] 04:02:59.293 [ReconcilerExecutor-hivemq-controller-119] DEBUG c.h.p.o.HiveMQPlatformReconciler - [helmvolu] StatefulSet Status (revision: test-hivemq-platform-6c7bb94cbd, replicas: 2, available: 1, ready: 1, current: 2, updated: 2)
2025-01-30 04:02:59,299 INFO c.h.h.t.HelmChartContainer - [hivemq-test-hivemq-platform] [hivemq-platform-operator] [3cd2b14a] 04:02:59.293 [ReconcilerExecutor-hivemq-controller-119] DEBUG c.h.p.o.HiveMQPlatformReconciler - [helmvolu] StatefulSet Spec (replicas: 2, init containers: 1, containers: 1, volumes: 4)
2025-01-30 04:02:59,299 INFO c.h.h.t.HelmChartContainer - [hivemq-test-hivemq-platform] [hivemq-platform-operator] [3cd2b14a] 04:02:59.295 [ReconcilerExecutor-hivemq-controller-119] DEBUG c.h.p.o.h.HiveMQPlatformReconcilerErrorHandler - [helmvolu] Pod 'test-hivemq-platform-1' phase Pending
2025-01-30 04:02:59,299 INFO c.h.h.t.HelmChartContainer - [hivemq-test-hivemq-platform] [hivemq-platform-operator] [3cd2b14a] 04:02:59.296 [ReconcilerExecutor-hivemq-controller-119] DEBUG c.h.p.o.h.HiveMQPlatformReconcilerErrorHandler - [helmvolu] Pod 'test-hivemq-platform-1' condition 'PodReadyToStartContainers': False
2025-01-30 04:02:59,299 INFO c.h.h.t.HelmChartContainer - [hivemq-test-hivemq-platform] [hivemq-platform-operator] [3cd2b14a] 04:02:59.296 [ReconcilerExecutor-hivemq-controller-119] DEBUG c.h.p.o.h.HiveMQPlatformReconcilerErrorHandler - [helmvolu] Pod 'test-hivemq-platform-1' condition 'Initialized': False
2025-01-30 04:02:59,299 INFO c.h.h.t.HelmChartContainer - [hivemq-test-hivemq-platform] [hivemq-platform-operator] [3cd2b14a] 04:02:59.296 [ReconcilerExecutor-hivemq-controller-119] DEBUG c.h.p.o.h.HiveMQPlatformReconcilerErrorHandler - [helmvolu] Pod 'test-hivemq-platform-1' condition 'Ready': False
2025-01-30 04:02:59,299 INFO c.h.h.t.HelmChartContainer - [hivemq-test-hivemq-platform] [hivemq-platform-operator] [3cd2b14a] 04:02:59.296 [ReconcilerExecutor-hivemq-controller-119] DEBUG c.h.p.o.h.HiveMQPlatformReconcilerErrorHandler - [helmvolu] Pod 'test-hivemq-platform-1' condition 'ContainersReady': False
2025-01-30 04:02:59,299 INFO c.h.h.t.HelmChartContainer - [hivemq-test-hivemq-platform] [hivemq-platform-operator] [3cd2b14a] 04:02:59.296 [ReconcilerExecutor-hivemq-controller-119] DEBUG c.h.p.o.h.HiveMQPlatformReconcilerErrorHandler - [helmvolu] Pod 'test-hivemq-platform-1' condition 'PodScheduled': True
2025-01-30 04:02:59,299 INFO c.h.h.t.HelmChartContainer - [hivemq-test-hivemq-platform] [hivemq-platform-operator] [3cd2b14a] 04:02:59.296 [ReconcilerExecutor-hivemq-controller-119] DEBUG c.h.p.o.h.HiveMQPlatformReconcilerErrorHandler - [helmvolu] Pod 'test-hivemq-platform-1' containerStatus 'hivemq' (started: false) (ready: false) (waiting: [PodInitializing] null)
2025-01-30 04:02:59,299 INFO c.h.h.t.HelmChartContainer - [hivemq-test-hivemq-platform] [hivemq-platform-operator] [3cd2b14a] 04:02:59.297 [ReconcilerExecutor-hivemq-controller-119] DEBUG c.h.p.o.h.HiveMQPlatformReconcilerErrorHandler - [helmvolu] Pod 'test-hivemq-platform-0' phase Running
2025-01-30 04:02:59,299 INFO c.h.h.t.HelmChartContainer - [hivemq-test-hivemq-platform] [hivemq-platform-operator] [3cd2b14a] 04:02:59.298 [ReconcilerExecutor-hivemq-controller-119] INFO  c.h.p.o.h.HiveMQPlatformReconcilerBaseHandler - [helmvolu] HiveMQ Platform is starting, 1 of 2 replicas are ready
2025-01-30 04:02:59,511 INFO c.h.h.t.HelmChartContainer - [EVENT] Normal [Pulled] Container image "docker.io/hivemq/hivemq-platform-operator-init-test:snapshot" already present on machine [helmvolumeclaimtemplatesit:test-hivemq-platform-1]
2025-01-30 04:02:59,518 INFO c.h.h.t.HelmChartContainer - [EVENT] Normal [Created] Created container: hivemq-platform-operator-init [helmvolumeclaimtemplatesit:test-hivemq-platform-1]
2025-01-30 04:02:59,562 INFO c.h.h.t.HelmChartContainer - [EVENT] Normal [Started] Started container hivemq-platform-operator-init [helmvolumeclaimtemplatesit:test-hivemq-platform-1]
2025-01-30 04:03:00,562 INFO c.h.h.t.HelmChartContainer - [EVENT] Normal [Pulled] Container image "docker.io/hivemq/hivemq4:4.36.0" already present on machine [helmvolumeclaimtemplatesit:test-hivemq-platform-1]
2025-01-30 04:03:00,562 INFO c.h.h.t.HelmChartContainer - Received Pulled event for container hivemq in pod test-hivemq-platform-1 [ccedc2bb-3fb9-4356-a626-24f0c519a736]
2025-01-30 04:03:00,577 INFO c.h.h.t.HelmChartContainer - [POD] test-hivemq-platform-1 [ccedc2bb-3fb9-4356-a626-24f0c519a736] in helmvolumeclaimtemplatesit was MODIFIED
2025-01-30 04:03:00,588 INFO c.h.h.t.HelmChartContainer - [EVENT] Normal [Created] Created container: hivemq [helmvolumeclaimtemplatesit:test-hivemq-platform-1]
2025-01-30 04:03:00,588 INFO c.h.h.t.HelmChartContainer - Received Created event for container hivemq in pod test-hivemq-platform-1 [ccedc2bb-3fb9-4356-a626-24f0c519a736]
2025-01-30 04:03:00,597 INFO c.h.h.t.HelmChartContainer - [hivemq-test-hivemq-platform] [hivemq-platform-operator] [3cd2b14a] 04:03:00.588 [pool-6-thread-12] DEBUG c.h.p.o.d.PlatformServiceResource - [helmvolu] Desired Platform services (3 services)
2025-01-30 04:03:00,597 INFO c.h.h.t.HelmChartContainer - [hivemq-test-hivemq-platform] [hivemq-platform-operator] [3cd2b14a] 04:03:00.589 [pool-6-thread-16] DEBUG c.h.p.o.dependants.PodInfoConfigMap - [helmvolu] Desired PodInfo ConfigMap (1 extensions) (1 enabled)
2025-01-30 04:03:00,597 INFO c.h.h.t.HelmChartContainer - [hivemq-test-hivemq-platform] [hivemq-platform-operator] [3cd2b14a] 04:03:00.589 [pool-6-thread-16] DEBUG c.h.p.o.dependants.PodInfoConfigMap - [helmvolu] Desired PodInfo ConfigMap (metrics port: 9399) (metrics path: /)
2025-01-30 04:03:00,597 INFO c.h.h.t.HelmChartContainer - [hivemq-test-hivemq-platform] [hivemq-platform-operator] [3cd2b14a] 04:03:00.589 [pool-6-thread-16] DEBUG c.h.p.o.dependants.PodInfoConfigMap - [helmvolu] Desired PodInfo ConfigMap (extension state hash: -1817474005)
2025-01-30 04:03:00,597 INFO c.h.h.t.HelmChartContainer - [hivemq-test-hivemq-platform] [hivemq-platform-operator] [3cd2b14a] 04:03:00.594 [pool-6-thread-18] DEBUG c.h.p.o.d.PodServiceAccountResource - [helmvolu] Desired PodServiceAccountResource (serviceAccountName: hivemq-platform-pod-test-hivemq-platform)
2025-01-30 04:03:00,605 INFO c.h.h.t.HelmChartContainer - [hivemq-test-hivemq-platform] [hivemq-platform-operator] [3cd2b14a] 04:03:00.598 [pool-6-thread-18] DEBUG c.h.p.o.d.StatefulSetResource - [helmvolu] Desired StatefulSet (2 replicas) for status STARTING (READY)
2025-01-30 04:03:00,613 INFO c.h.h.t.HelmChartContainer - [hivemq-test-hivemq-platform] [hivemq-platform-operator] [3cd2b14a] 04:03:00.602 [ReconcilerExecutor-hivemq-controller-120] INFO  c.h.p.o.HiveMQPlatformReconciler - [helmvolu] Reconciling HiveMQ Platform 'test-hivemq-platform' in namespace 'helmvolumeclaimtemplatesit'
2025-01-30 04:03:00,613 INFO c.h.h.t.HelmChartContainer - [hivemq-test-hivemq-platform] [hivemq-platform-operator] [3cd2b14a] 04:03:00.603 [ReconcilerExecutor-hivemq-controller-120] DEBUG c.h.p.o.HiveMQPlatformReconciler - [helmvolu] Custom Resource Status STARTING - HiveMQ Platform is starting (READY)
2025-01-30 04:03:00,613 INFO c.h.h.t.HelmChartContainer - [hivemq-test-hivemq-platform] [hivemq-platform-operator] [3cd2b14a] 04:03:00.603 [ReconcilerExecutor-hivemq-controller-120] DEBUG c.h.p.o.HiveMQPlatformReconciler - [helmvolu] Custom Resource Spec (replicas: 2) (extensions: 1)
2025-01-30 04:03:00,613 INFO c.h.h.t.HelmChartContainer - [hivemq-test-hivemq-platform] [hivemq-platform-operator] [3cd2b14a] 04:03:00.604 [ReconcilerExecutor-hivemq-controller-120] DEBUG c.h.p.o.HiveMQPlatformReconciler - [helmvolu] StatefulSet Status (revision: test-hivemq-platform-6c7bb94cbd, replicas: 2, available: 1, ready: 1, current: 2, updated: 2)
2025-01-30 04:03:00,613 INFO c.h.h.t.HelmChartContainer - [hivemq-test-hivemq-platform] [hivemq-platform-operator] [3cd2b14a] 04:03:00.604 [ReconcilerExecutor-hivemq-controller-120] DEBUG c.h.p.o.HiveMQPlatformReconciler - [helmvolu] StatefulSet Spec (replicas: 2, init containers: 1, containers: 1, volumes: 4)
2025-01-30 04:03:00,613 INFO c.h.h.t.HelmChartContainer - [hivemq-test-hivemq-platform] [hivemq-platform-operator] [3cd2b14a] 04:03:00.608 [ReconcilerExecutor-hivemq-controller-120] DEBUG c.h.p.o.h.HiveMQPlatformReconcilerErrorHandler - [helmvolu] Pod 'test-hivemq-platform-1' phase Pending
2025-01-30 04:03:00,615 INFO c.h.h.t.HelmChartContainer - [hivemq-test-hivemq-platform] [hivemq-platform-operator] [3cd2b14a] 04:03:00.608 [ReconcilerExecutor-hivemq-controller-120] DEBUG c.h.p.o.h.HiveMQPlatformReconcilerErrorHandler - [helmvolu] Pod 'test-hivemq-platform-1' condition 'PodReadyToStartContainers': True
2025-01-30 04:03:00,615 INFO c.h.h.t.HelmChartContainer - [hivemq-test-hivemq-platform] [hivemq-platform-operator] [3cd2b14a] 04:03:00.608 [ReconcilerExecutor-hivemq-controller-120] DEBUG c.h.p.o.h.HiveMQPlatformReconcilerErrorHandler - [helmvolu] Pod 'test-hivemq-platform-1' condition 'Initialized': True
2025-01-30 04:03:00,615 INFO c.h.h.t.HelmChartContainer - [hivemq-test-hivemq-platform] [hivemq-platform-operator] [3cd2b14a] 04:03:00.608 [ReconcilerExecutor-hivemq-controller-120] DEBUG c.h.p.o.h.HiveMQPlatformReconcilerErrorHandler - [helmvolu] Pod 'test-hivemq-platform-1' condition 'Ready': False
2025-01-30 04:03:00,615 INFO c.h.h.t.HelmChartContainer - [hivemq-test-hivemq-platform] [hivemq-platform-operator] [3cd2b14a] 04:03:00.608 [ReconcilerExecutor-hivemq-controller-120] DEBUG c.h.p.o.h.HiveMQPlatformReconcilerErrorHandler - [helmvolu] Pod 'test-hivemq-platform-1' condition 'ContainersReady': False
2025-01-30 04:03:00,615 INFO c.h.h.t.HelmChartContainer - [hivemq-test-hivemq-platform] [hivemq-platform-operator] [3cd2b14a] 04:03:00.608 [ReconcilerExecutor-hivemq-controller-120] DEBUG c.h.p.o.h.HiveMQPlatformReconcilerErrorHandler - [helmvolu] Pod 'test-hivemq-platform-1' condition 'PodScheduled': True
2025-01-30 04:03:00,615 INFO c.h.h.t.HelmChartContainer - [hivemq-test-hivemq-platform] [hivemq-platform-operator] [3cd2b14a] 04:03:00.608 [ReconcilerExecutor-hivemq-controller-120] DEBUG c.h.p.o.h.HiveMQPlatformReconcilerErrorHandler - [helmvolu] Pod 'test-hivemq-platform-1' containerStatus 'hivemq' (started: false) (ready: false) (waiting: [PodInitializing] null)
2025-01-30 04:03:00,615 INFO c.h.h.t.HelmChartContainer - [hivemq-test-hivemq-platform] [hivemq-platform-operator] [3cd2b14a] 04:03:00.609 [ReconcilerExecutor-hivemq-controller-120] DEBUG c.h.p.o.h.HiveMQPlatformReconcilerErrorHandler - [helmvolu] Pod 'test-hivemq-platform-0' phase Running
2025-01-30 04:03:00,615 INFO c.h.h.t.HelmChartContainer - [hivemq-test-hivemq-platform] [hivemq-platform-operator] [3cd2b14a] 04:03:00.610 [ReconcilerExecutor-hivemq-controller-120] INFO  c.h.p.o.h.HiveMQPlatformReconcilerBaseHandler - [helmvolu] HiveMQ Platform is starting, 1 of 2 replicas are ready
2025-01-30 04:03:01,571 INFO c.h.h.t.HelmChartContainer - [POD] test-hivemq-platform-1 [ccedc2bb-3fb9-4356-a626-24f0c519a736] in helmvolumeclaimtemplatesit was MODIFIED
2025-01-30 04:03:01,585 INFO c.h.h.t.HelmChartContainer - [hivemq-test-hivemq-platform] [hivemq-platform-operator] [3cd2b14a] 04:03:01.581 [pool-6-thread-25] DEBUG c.h.p.o.d.PlatformServiceResource - [helmvolu] Desired Platform services (3 services)
2025-01-30 04:03:01,587 INFO c.h.h.t.HelmChartContainer - [hivemq-test-hivemq-platform] [hivemq-platform-operator] [3cd2b14a] 04:03:01.585 [pool-6-thread-24] DEBUG c.h.p.o.dependants.PodInfoConfigMap - [helmvolu] Desired PodInfo ConfigMap (1 extensions) (1 enabled)
2025-01-30 04:03:01,587 INFO c.h.h.t.HelmChartContainer - [hivemq-test-hivemq-platform] [hivemq-platform-operator] [3cd2b14a] 04:03:01.585 [pool-6-thread-24] DEBUG c.h.p.o.dependants.PodInfoConfigMap - [helmvolu] Desired PodInfo ConfigMap (metrics port: 9399) (metrics path: /)
2025-01-30 04:03:01,587 INFO c.h.h.t.HelmChartContainer - [hivemq-test-hivemq-platform] [hivemq-platform-operator] [3cd2b14a] 04:03:01.585 [pool-6-thread-24] DEBUG c.h.p.o.dependants.PodInfoConfigMap - [helmvolu] Desired PodInfo ConfigMap (extension state hash: -1817474005)
2025-01-30 04:03:01,592 INFO c.h.h.t.HelmChartContainer - [EVENT] Normal [Started] Started container hivemq [helmvolumeclaimtemplatesit:test-hivemq-platform-1]
2025-01-30 04:03:01,592 INFO c.h.h.t.HelmChartContainer - Started log watcher for hivemq in pod test-hivemq-platform-1 [ccedc2bb-3fb9-4356-a626-24f0c519a736]
2025-01-30 04:03:01,592 INFO c.h.h.t.HelmChartContainer - Received Started event for container hivemq in pod test-hivemq-platform-1 [ccedc2bb-3fb9-4356-a626-24f0c519a736]
2025-01-30 04:03:01,594 INFO c.h.h.t.HelmChartContainer - [hivemq-test-hivemq-platform] [hivemq-platform-operator] [3cd2b14a] 04:03:01.591 [pool-6-thread-28] DEBUG c.h.p.o.d.StatefulSetResource - [helmvolu] Desired StatefulSet (2 replicas) for status STARTING (READY)
2025-01-30 04:03:01,594 INFO c.h.h.t.HelmChartContainer - [hivemq-test-hivemq-platform] [hivemq-platform-operator] [3cd2b14a] 04:03:01.591 [pool-6-thread-23] DEBUG c.h.p.o.d.PodServiceAccountResource - [helmvolu] Desired PodServiceAccountResource (serviceAccountName: hivemq-platform-pod-test-hivemq-platform)
2025-01-30 04:03:01,594 INFO c.h.h.t.HelmChartContainer - [test-hivemq-platform] [hivemq] [ccedc2bb] Adding pre-installed HiveMQ Platform Operator extensions
2025-01-30 04:03:01,594 INFO c.h.h.t.HelmChartContainer - [test-hivemq-platform] [hivemq] [ccedc2bb] Running as user 10000
2025-01-30 04:03:01,594 INFO c.h.h.t.HelmChartContainer - [test-hivemq-platform] [hivemq] [ccedc2bb] Starting HiveMQ Platform Operator Init
2025-01-30 04:03:01,596 INFO c.h.h.t.HelmChartContainer - [hivemq-test-hivemq-platform] [hivemq-platform-operator] [3cd2b14a] 04:03:01.595 [ReconcilerExecutor-hivemq-controller-121] INFO  c.h.p.o.HiveMQPlatformReconciler - [helmvolu] Reconciling HiveMQ Platform 'test-hivemq-platform' in namespace 'helmvolumeclaimtemplatesit'
2025-01-30 04:03:01,599 INFO c.h.h.t.HelmChartContainer - [hivemq-test-hivemq-platform] [hivemq-platform-operator] [3cd2b14a] 04:03:01.595 [ReconcilerExecutor-hivemq-controller-121] DEBUG c.h.p.o.HiveMQPlatformReconciler - [helmvolu] Custom Resource Status STARTING - HiveMQ Platform is starting (READY)
2025-01-30 04:03:01,599 INFO c.h.h.t.HelmChartContainer - [hivemq-test-hivemq-platform] [hivemq-platform-operator] [3cd2b14a] 04:03:01.595 [ReconcilerExecutor-hivemq-controller-121] DEBUG c.h.p.o.HiveMQPlatformReconciler - [helmvolu] Custom Resource Spec (replicas: 2) (extensions: 1)
2025-01-30 04:03:01,599 INFO c.h.h.t.HelmChartContainer - [hivemq-test-hivemq-platform] [hivemq-platform-operator] [3cd2b14a] 04:03:01.597 [ReconcilerExecutor-hivemq-controller-121] DEBUG c.h.p.o.HiveMQPlatformReconciler - [helmvolu] StatefulSet Status (revision: test-hivemq-platform-6c7bb94cbd, replicas: 2, available: 1, ready: 1, current: 2, updated: 2)
2025-01-30 04:03:01,599 INFO c.h.h.t.HelmChartContainer - [hivemq-test-hivemq-platform] [hivemq-platform-operator] [3cd2b14a] 04:03:01.597 [ReconcilerExecutor-hivemq-controller-121] DEBUG c.h.p.o.HiveMQPlatformReconciler - [helmvolu] StatefulSet Spec (replicas: 2, init containers: 1, containers: 1, volumes: 4)
2025-01-30 04:03:01,600 INFO c.h.h.t.HelmChartContainer - [hivemq-test-hivemq-platform] [hivemq-platform-operator] [3cd2b14a] 04:03:01.598 [ReconcilerExecutor-hivemq-controller-121] DEBUG c.h.p.o.h.HiveMQPlatformReconcilerErrorHandler - [helmvolu] Pod 'test-hivemq-platform-1' phase Running
2025-01-30 04:03:01,602 INFO c.h.h.t.HelmChartContainer - [hivemq-test-hivemq-platform] [hivemq-platform-operator] [3cd2b14a] 04:03:01.600 [ReconcilerExecutor-hivemq-controller-121] DEBUG c.h.p.o.h.HiveMQPlatformReconcilerErrorHandler - [helmvolu] Pod 'test-hivemq-platform-0' phase Running
2025-01-30 04:03:01,602 INFO c.h.h.t.HelmChartContainer - [hivemq-test-hivemq-platform] [hivemq-platform-operator] [3cd2b14a] 04:03:01.601 [ReconcilerExecutor-hivemq-controller-121] INFO  c.h.p.o.h.HiveMQPlatformReconcilerBaseHandler - [helmvolu] HiveMQ Platform is starting, 1 of 2 replicas are ready
2025-01-30 04:03:01,820 INFO c.h.h.t.HelmChartContainer - [test-hivemq-platform] [hivemq] [ccedc2bb] INFO  - [HiveMQ Platform Operator Init 1.7.0-SNAPSHOT] HiveMQ Platform Operator Init 1.7.0-SNAPSHOT (commit: 47e3375 on branch: HEAD) built on Thu Jan 30 03:55:50 UTC 2025
2025-01-30 04:03:02,918 INFO c.h.h.t.HelmChartContainer - [test-hivemq-platform] [hivemq] [ccedc2bb] INFO  - [HiveMQ Platform Operator Init App 1.7.0-SNAPSHOT] Using bind address 10.42.0.11 from environment variable
2025-01-30 04:03:03,819 INFO c.h.h.t.HelmChartContainer - [test-hivemq-platform] [hivemq] [ccedc2bb] INFO  - [HiveMQ Platform Operator Init App 1.7.0-SNAPSHOT] HiveMQ Platform Operator Init App 1.7.0-SNAPSHOT (commit: 47e3375 on branch: HEAD) built on Thu Jan 30 03:55:50 UTC 2025
2025-01-30 04:03:03,819 INFO c.h.h.t.HelmChartContainer - [test-hivemq-platform] [hivemq] [ccedc2bb] INFO  - [HiveMQ Platform Operator Init App 1.7.0-SNAPSHOT] PodInfo ConfigMap directory: /etc/podinfo
2025-01-30 04:03:03,819 INFO c.h.h.t.HelmChartContainer - [test-hivemq-platform] [hivemq] [ccedc2bb] INFO  - [HiveMQ Platform Operator Init App 1.7.0-SNAPSHOT] HiveMQ home directory: /opt/hivemq
2025-01-30 04:03:03,819 INFO c.h.h.t.HelmChartContainer - [test-hivemq-platform] [hivemq] [ccedc2bb] INFO  - [HiveMQ Platform Operator Init App 1.7.0-SNAPSHOT] HiveMQ Logback folder: /opt/hivemq/conf
2025-01-30 04:03:03,819 INFO c.h.h.t.HelmChartContainer - [test-hivemq-platform] [hivemq] [ccedc2bb] INFO  - [HiveMQ Platform Operator Init App 1.7.0-SNAPSHOT] HiveMQ Config folder: /opt/hivemq/conf-k8s
2025-01-30 04:03:03,820 INFO c.h.h.t.HelmChartContainer - [test-hivemq-platform] [hivemq] [ccedc2bb] INFO  - [HiveMQ Platform Operator Init App 1.7.0-SNAPSHOT] Starting HiveMQ Platform Operator Init App
2025-01-30 04:03:03,821 INFO c.h.h.t.HelmChartContainer - [test-hivemq-platform] [hivemq] [ccedc2bb] INFO  - [HiveMQ Platform Operator Init App 1.7.0-SNAPSHOT] Starting Pod reconciler
2025-01-30 04:03:04,975 INFO c.h.h.t.HelmChartContainer - [test-hivemq-platform] [hivemq] [ccedc2bb] INFO  - [HiveMQ Platform Operator Init App 1.7.0-SNAPSHOT] Pod reconciler is scheduled (interval: 5000 ms)
2025-01-30 04:03:04,976 INFO c.h.h.t.HelmChartContainer - [test-hivemq-platform] [hivemq] [ccedc2bb] INFO  - [HiveMQ Platform Operator Init App 1.7.0-SNAPSHOT] Starting the REST API on 10.42.0.11:7979
2025-01-30 04:03:04,978 INFO c.h.h.t.HelmChartContainer - [test-hivemq-platform] [hivemq] [ccedc2bb] INFO  - [HiveMQ Platform Operator Init App 1.7.0-SNAPSHOT] Waiting up to 600s for at most 2 HiveMQ nodes in cluster service hivemq-test-hivemq-platform-cluster.helmvolumeclaimtemplatesit.svc
2025-01-30 04:03:05,279 INFO c.h.h.t.HelmChartContainer - [test-hivemq-platform] [hivemq] [ccedc2bb] INFO  - [HiveMQ Platform Operator Init App 1.7.0-SNAPSHOT] Resolved 2 IP addresses: [10.42.0.9, 10.42.0.11]
2025-01-30 04:03:05,280 INFO c.h.h.t.HelmChartContainer - [test-hivemq-platform] [hivemq] [ccedc2bb] INFO  - [HiveMQ Platform Operator Init App 1.7.0-SNAPSHOT] HiveMQ node count of 2 is within threshold of 2
2025-01-30 04:03:05,280 INFO c.h.h.t.HelmChartContainer - [test-hivemq-platform] [hivemq] [ccedc2bb] INFO  - [HiveMQ Platform Operator Init App 1.7.0-SNAPSHOT] Proceeding with container start
2025-01-30 04:03:05,338 INFO c.h.h.t.HelmChartContainer - [test-hivemq-platform] [hivemq] [ccedc2bb] INFO  - [HiveMQ Platform Operator Init App 1.7.0-SNAPSHOT] Initializing HiveMQ Platform extensions with initial configuration: {hivemq-allow-all-extension={start-priority=-1, skip-https-hostname-verification=false, restart=true, config-version=0, header-version=0, c-uri=, priority=-1, uri=preinstalled, skip-https-certificate-validation=false, enabled=true}, hivemq-prometheus-extension={priority=-1, restart=true, enabled=true, request-header-path=no-request-headers, uri=preinstalled, skip-https-certificate-validation=false, skip-https-hostname-verification=false, c-uri=, start-priority=-1}}
2025-01-30 04:03:05,825 INFO c.h.h.t.HelmChartContainer - [test-hivemq-platform] [hivemq] [ccedc2bb] INFO  - [HiveMQ Platform Operator Init App 1.7.0-SNAPSHOT] Extension hivemq-allow-all-extension was already enabled
2025-01-30 04:03:05,916 INFO c.h.h.t.HelmChartContainer - [test-hivemq-platform] [hivemq] [ccedc2bb] INFO  - [HiveMQ Platform Operator Init App 1.7.0-SNAPSHOT] Successfully enabled extension hivemq-prometheus-extension
2025-01-30 04:03:05,918 INFO c.h.h.t.HelmChartContainer - [test-hivemq-platform] [hivemq] [ccedc2bb] INFO  - [HiveMQ Platform Operator Init App 1.7.0-SNAPSHOT] Starting HiveMQ Platform version 4.36.0 (4.36.0)
2025-01-30 04:03:05,918 INFO c.h.h.t.HelmChartContainer - [test-hivemq-platform] [hivemq] [ccedc2bb] INFO  - [HiveMQ Platform Operator Init App 1.7.0-SNAPSHOT] Configuring the HiveMQ Platform
2025-01-30 04:03:05,928 INFO c.h.h.t.HelmChartContainer - [test-hivemq-platform] [hivemq] [ccedc2bb] INFO  - [HiveMQ Platform Operator Init App 1.7.0-SNAPSHOT] Changed logback.xml file scan period to 20 seconds
2025-01-30 04:03:06,021 INFO c.h.h.t.HelmChartContainer - [test-hivemq-platform] [hivemq] [ccedc2bb] INFO  - [HiveMQ Platform Operator Init App 1.7.0-SNAPSHOT] Starting the HiveMQ Platform
2025-01-30 04:03:06,023 INFO c.h.h.t.HelmChartContainer - [test-hivemq-platform] [hivemq] [ccedc2bb] -------------------------------------------------------------------------
2025-01-30 04:03:06,024 INFO c.h.h.t.HelmChartContainer - [test-hivemq-platform] [hivemq] [ccedc2bb] 
2025-01-30 04:03:06,024 INFO c.h.h.t.HelmChartContainer - [test-hivemq-platform] [hivemq] [ccedc2bb]                   _    _  _              __  __   ____
2025-01-30 04:03:06,024 INFO c.h.h.t.HelmChartContainer - [test-hivemq-platform] [hivemq] [ccedc2bb]                  | |  | |(_)            |  \/  | / __ \
2025-01-30 04:03:06,024 INFO c.h.h.t.HelmChartContainer - [test-hivemq-platform] [hivemq] [ccedc2bb]                  | |__| | _ __   __ ___ | \  / || |  | |
2025-01-30 04:03:06,024 INFO c.h.h.t.HelmChartContainer - [test-hivemq-platform] [hivemq] [ccedc2bb]                  |  __  || |\ \ / // _ \| |\/| || |  | |
2025-01-30 04:03:06,024 INFO c.h.h.t.HelmChartContainer - [test-hivemq-platform] [hivemq] [ccedc2bb]                  | |  | || | \ V /|  __/| |  | || |__| |
2025-01-30 04:03:06,024 INFO c.h.h.t.HelmChartContainer - [test-hivemq-platform] [hivemq] [ccedc2bb]                  |_|  |_||_|  \_/  \___||_|  |_| \___\_\
2025-01-30 04:03:06,024 INFO c.h.h.t.HelmChartContainer - [test-hivemq-platform] [hivemq] [ccedc2bb] 
2025-01-30 04:03:06,024 INFO c.h.h.t.HelmChartContainer - [test-hivemq-platform] [hivemq] [ccedc2bb] -------------------------------------------------------------------------
2025-01-30 04:03:06,024 INFO c.h.h.t.HelmChartContainer - [test-hivemq-platform] [hivemq] [ccedc2bb] 
2025-01-30 04:03:06,024 INFO c.h.h.t.HelmChartContainer - [test-hivemq-platform] [hivemq] [ccedc2bb]   HiveMQ Start Script for Linux/Unix v1.14
2025-01-30 04:03:06,024 INFO c.h.h.t.HelmChartContainer - [test-hivemq-platform] [hivemq] [ccedc2bb] 
2025-01-30 04:03:06,116 INFO c.h.h.t.HelmChartContainer - [test-hivemq-platform] [hivemq] [ccedc2bb] -------------------------------------------------------------------------
2025-01-30 04:03:06,116 INFO c.h.h.t.HelmChartContainer - [test-hivemq-platform] [hivemq] [ccedc2bb] 
2025-01-30 04:03:06,116 INFO c.h.h.t.HelmChartContainer - [test-hivemq-platform] [hivemq] [ccedc2bb]   HIVEMQ_HOME: /opt/hivemq
2025-01-30 04:03:06,116 INFO c.h.h.t.HelmChartContainer - [test-hivemq-platform] [hivemq] [ccedc2bb] 
2025-01-30 04:03:06,116 INFO c.h.h.t.HelmChartContainer - [test-hivemq-platform] [hivemq] [ccedc2bb]   JAVA_OPTS: -XX:+UnlockExperimentalVMOptions -XX:InitialRAMPercentage=50 -XX:MaxRAMPercentage=50 -Djava.net.preferIPv4Stack=true --add-opens java.base/java.lang=ALL-UNNAMED --add-opens java.base/java.nio=ALL-UNNAMED --add-opens java.base/sun.nio.ch=ALL-UNNAMED --add-opens jdk.management/com.sun.management.internal=ALL-UNNAMED --add-exports java.base/jdk.internal.misc=ALL-UNNAMED -Djava.security.egd=file:/dev/./urandom -Dcom.sun.management.jmxremote -Dcom.sun.management.jmxremote.port=9010 -Dcom.sun.management.jmxremote.local.only=false -Dcom.sun.management.jmxremote.authenticate=false -Dcom.sun.management.jmxremote.ssl=false -Duser.language=en -Duser.region=US -XX:+CrashOnOutOfMemoryError -XX:+HeapDumpOnOutOfMemoryError
2025-01-30 04:03:06,116 INFO c.h.h.t.HelmChartContainer - [test-hivemq-platform] [hivemq] [ccedc2bb] 
2025-01-30 04:03:06,116 INFO c.h.h.t.HelmChartContainer - [test-hivemq-platform] [hivemq] [ccedc2bb]   JAVA_VERSION: 21
2025-01-30 04:03:06,117 INFO c.h.h.t.HelmChartContainer - [test-hivemq-platform] [hivemq] [ccedc2bb] 
2025-01-30 04:03:06,117 INFO c.h.h.t.HelmChartContainer - [test-hivemq-platform] [hivemq] [ccedc2bb] -------------------------------------------------------------------------
2025-01-30 04:03:06,117 INFO c.h.h.t.HelmChartContainer - [test-hivemq-platform] [hivemq] [ccedc2bb] 
2025-01-30 04:03:07,619 INFO c.h.h.t.HelmChartContainer - [test-hivemq-platform] [hivemq] [ccedc2bb] INFO  - [HiveMQ Platform Operator Init App 1.7.0-SNAPSHOT] Returning default Health API response 503 for readiness
2025-01-30 04:03:07,925 INFO c.h.h.t.HelmChartContainer - [EVENT] Warning [Unhealthy] Readiness probe failed: HTTP probe failed with statuscode: 503 [helmvolumeclaimtemplatesit:test-hivemq-platform-1]
2025-01-30 04:03:07,925 INFO c.h.h.t.HelmChartContainer - Received Unhealthy event for container hivemq in pod test-hivemq-platform-1 [ccedc2bb-3fb9-4356-a626-24f0c519a736]
2025-01-30 04:03:08,723 INFO c.h.h.t.HelmChartContainer - [test-hivemq-platform] [hivemq] [ccedc2bb] INFO  - Starting HiveMQ Enterprise Server
2025-01-30 04:03:08,729 INFO c.h.h.t.HelmChartContainer - [test-hivemq-platform] [hivemq] [ccedc2bb] INFO  - HiveMQ version: 4.36.0
2025-01-30 04:03:08,729 INFO c.h.h.t.HelmChartContainer - [test-hivemq-platform] [hivemq] [ccedc2bb] INFO  - HiveMQ home directory: /opt/hivemq
2025-01-30 04:03:08,729 INFO c.h.h.t.HelmChartContainer - [test-hivemq-platform] [hivemq] [ccedc2bb] INFO  - Log Configuration was overridden by /opt/hivemq/conf/logback.xml
2025-01-30 04:03:09,935 INFO c.h.h.t.HelmChartContainer - [test-hivemq-platform] [hivemq] [ccedc2bb] INFO  - Successfully loaded configuration from '/opt/hivemq/conf-k8s/config.xml'.
2025-01-30 04:03:10,520 INFO c.h.h.t.HelmChartContainer - [test-hivemq-platform] [hivemq] [ccedc2bb] INFO  - This node's ID is qo37x
2025-01-30 04:03:10,521 INFO c.h.h.t.HelmChartContainer - [test-hivemq-platform] [hivemq] [ccedc2bb] INFO  - Clustering is enabled
2025-01-30 04:03:11,433 INFO c.h.h.t.HelmChartContainer - [test-hivemq-platform] [hivemq] [c78b1b68] INFO  - [HiveMQ Platform Operator Init App 1.7.0-SNAPSHOT] Returning Health API response 200 for liveness
2025-01-30 04:03:11,606 INFO c.h.h.t.HelmChartContainer - [hivemq-test-hivemq-platform] [hivemq-platform-operator] [3cd2b14a] 04:03:11.605 [pool-6-thread-35] DEBUG c.h.p.o.d.PlatformServiceResource - [helmvolu] Desired Platform services (3 services)
2025-01-30 04:03:11,607 INFO c.h.h.t.HelmChartContainer - [hivemq-test-hivemq-platform] [hivemq-platform-operator] [3cd2b14a] 04:03:11.606 [pool-6-thread-39] DEBUG c.h.p.o.d.PodServiceAccountResource - [helmvolu] Desired PodServiceAccountResource (serviceAccountName: hivemq-platform-pod-test-hivemq-platform)
2025-01-30 04:03:11,609 INFO c.h.h.t.HelmChartContainer - [hivemq-test-hivemq-platform] [hivemq-platform-operator] [3cd2b14a] 04:03:11.606 [pool-6-thread-34] DEBUG c.h.p.o.dependants.PodInfoConfigMap - [helmvolu] Desired PodInfo ConfigMap (1 extensions) (1 enabled)
2025-01-30 04:03:11,610 INFO c.h.h.t.HelmChartContainer - [hivemq-test-hivemq-platform] [hivemq-platform-operator] [3cd2b14a] 04:03:11.608 [pool-6-thread-34] DEBUG c.h.p.o.dependants.PodInfoConfigMap - [helmvolu] Desired PodInfo ConfigMap (metrics port: 9399) (metrics path: /)
2025-01-30 04:03:11,610 INFO c.h.h.t.HelmChartContainer - [hivemq-test-hivemq-platform] [hivemq-platform-operator] [3cd2b14a] 04:03:11.608 [pool-6-thread-34] DEBUG c.h.p.o.dependants.PodInfoConfigMap - [helmvolu] Desired PodInfo ConfigMap (extension state hash: -1817474005)
2025-01-30 04:03:11,614 INFO c.h.h.t.HelmChartContainer - [hivemq-test-hivemq-platform] [hivemq-platform-operator] [3cd2b14a] 04:03:11.611 [pool-6-thread-35] DEBUG c.h.p.o.d.StatefulSetResource - [helmvolu] Desired StatefulSet (2 replicas) for status STARTING (READY)
2025-01-30 04:03:11,615 INFO c.h.h.t.HelmChartContainer - [hivemq-test-hivemq-platform] [hivemq-platform-operator] [3cd2b14a] 04:03:11.614 [ReconcilerExecutor-hivemq-controller-122] INFO  c.h.p.o.HiveMQPlatformReconciler - [helmvolu] Reconciling HiveMQ Platform 'test-hivemq-platform' in namespace 'helmvolumeclaimtemplatesit'
2025-01-30 04:03:11,619 INFO c.h.h.t.HelmChartContainer - [hivemq-test-hivemq-platform] [hivemq-platform-operator] [3cd2b14a] 04:03:11.614 [ReconcilerExecutor-hivemq-controller-122] DEBUG c.h.p.o.HiveMQPlatformReconciler - [helmvolu] Custom Resource Status STARTING - HiveMQ Platform is starting (READY)
2025-01-30 04:03:11,619 INFO c.h.h.t.HelmChartContainer - [hivemq-test-hivemq-platform] [hivemq-platform-operator] [3cd2b14a] 04:03:11.614 [ReconcilerExecutor-hivemq-controller-122] DEBUG c.h.p.o.HiveMQPlatformReconciler - [helmvolu] Custom Resource Spec (replicas: 2) (extensions: 1)
2025-01-30 04:03:11,621 INFO c.h.h.t.HelmChartContainer - [hivemq-test-hivemq-platform] [hivemq-platform-operator] [3cd2b14a] 04:03:11.618 [ReconcilerExecutor-hivemq-controller-122] DEBUG c.h.p.o.HiveMQPlatformReconciler - [helmvolu] StatefulSet Status (revision: test-hivemq-platform-6c7bb94cbd, replicas: 2, available: 1, ready: 1, current: 2, updated: 2)
2025-01-30 04:03:11,621 INFO c.h.h.t.HelmChartContainer - [hivemq-test-hivemq-platform] [hivemq-platform-operator] [3cd2b14a] 04:03:11.618 [ReconcilerExecutor-hivemq-controller-122] DEBUG c.h.p.o.HiveMQPlatformReconciler - [helmvolu] StatefulSet Spec (replicas: 2, init containers: 1, containers: 1, volumes: 4)
2025-01-30 04:03:11,621 INFO c.h.h.t.HelmChartContainer - [hivemq-test-hivemq-platform] [hivemq-platform-operator] [3cd2b14a] 04:03:11.619 [ReconcilerExecutor-hivemq-controller-122] DEBUG c.h.p.o.h.HiveMQPlatformReconcilerErrorHandler - [helmvolu] Pod 'test-hivemq-platform-1' phase Running
2025-01-30 04:03:11,621 INFO c.h.h.t.HelmChartContainer - [hivemq-test-hivemq-platform] [hivemq-platform-operator] [3cd2b14a] 04:03:11.620 [ReconcilerExecutor-hivemq-controller-122] DEBUG c.h.p.o.h.HiveMQPlatformReconcilerErrorHandler - [helmvolu] Pod 'test-hivemq-platform-0' phase Running
2025-01-30 04:03:11,623 INFO c.h.h.t.HelmChartContainer - [hivemq-test-hivemq-platform] [hivemq-platform-operator] [3cd2b14a] 04:03:11.621 [ReconcilerExecutor-hivemq-controller-122] INFO  c.h.p.o.h.HiveMQPlatformReconcilerBaseHandler - [helmvolu] HiveMQ Platform is starting, 1 of 2 replicas are ready
2025-01-30 04:03:12,924 INFO c.h.h.t.HelmChartContainer - [test-hivemq-platform] [hivemq] [ccedc2bb] WARN  - [HiveMQ Platform Operator Init App 1.7.0-SNAPSHOT] Cannot connect to Health API for readiness: null
2025-01-30 04:03:12,929 INFO c.h.h.t.HelmChartContainer - [EVENT] Warning [Unhealthy] Readiness probe failed: HTTP probe failed with statuscode: 503 [helmvolumeclaimtemplatesit:test-hivemq-platform-1]
2025-01-30 04:03:12,929 INFO c.h.h.t.HelmChartContainer - Received Unhealthy event for container hivemq in pod test-hivemq-platform-1 [ccedc2bb-3fb9-4356-a626-24f0c519a736]
2025-01-30 04:03:15,422 INFO c.h.h.t.HelmChartContainer - [test-hivemq-platform] [hivemq] [ccedc2bb] Jan 30, 2025 4:03:15 AM io.vertx.core.impl.BlockedThreadChecker
2025-01-30 04:03:15,422 INFO c.h.h.t.HelmChartContainer - [test-hivemq-platform] [hivemq] [ccedc2bb] WARNING: Thread Thread[vert.x-eventloop-thread-1,5,main] has been blocked for 2599 ms, time limit is 2000 ms
2025-01-30 04:03:15,522 INFO c.h.h.t.HelmChartContainer - [test-hivemq-platform] [hivemq] [ccedc2bb] INFO  - [HiveMQ Platform Operator Init App 1.7.0-SNAPSHOT] Updating Pod HiveMQ Platform Operator Init App version annotation (version: 1.7.0-SNAPSHOT)
2025-01-30 04:03:16,023 INFO c.h.h.t.HelmChartContainer - [POD] test-hivemq-platform-1 [ccedc2bb-3fb9-4356-a626-24f0c519a736] in helmvolumeclaimtemplatesit was MODIFIED
2025-01-30 04:03:16,032 INFO c.h.h.t.HelmChartContainer - [test-hivemq-platform] [hivemq] [ccedc2bb] WARN  - [HiveMQ Platform Operator Init App 1.7.0-SNAPSHOT] Cannot connect to Health API for readiness: null
2025-01-30 04:03:16,034 INFO c.h.h.t.HelmChartContainer - [hivemq-test-hivemq-platform] [hivemq-platform-operator] [3cd2b14a] 04:03:16.030 [pool-6-thread-41] DEBUG c.h.p.o.d.PlatformServiceResource - [helmvolu] Desired Platform services (3 services)
2025-01-30 04:03:16,034 INFO c.h.h.t.HelmChartContainer - [hivemq-test-hivemq-platform] [hivemq-platform-operator] [3cd2b14a] 04:03:16.032 [pool-6-thread-49] DEBUG c.h.p.o.dependants.PodInfoConfigMap - [helmvolu] Desired PodInfo ConfigMap (1 extensions) (1 enabled)
2025-01-30 04:03:16,036 INFO c.h.h.t.HelmChartContainer - [hivemq-test-hivemq-platform] [hivemq-platform-operator] [3cd2b14a] 04:03:16.034 [pool-6-thread-49] DEBUG c.h.p.o.dependants.PodInfoConfigMap - [helmvolu] Desired PodInfo ConfigMap (metrics port: 9399) (metrics path: /)
2025-01-30 04:03:16,036 INFO c.h.h.t.HelmChartContainer - [hivemq-test-hivemq-platform] [hivemq-platform-operator] [3cd2b14a] 04:03:16.034 [pool-6-thread-49] DEBUG c.h.p.o.dependants.PodInfoConfigMap - [helmvolu] Desired PodInfo ConfigMap (extension state hash: -1817474005)
2025-01-30 04:03:16,036 INFO c.h.h.t.HelmChartContainer - [test-hivemq-platform] [hivemq] [ccedc2bb] INFO  - [HiveMQ Platform Operator Init App 1.7.0-SNAPSHOT] Successfully updated Pod HiveMQ Platform Operator Init App version annotation (version: 1.7.0-SNAPSHOT)
2025-01-30 04:03:16,042 INFO c.h.h.t.HelmChartContainer - [hivemq-test-hivemq-platform] [hivemq-platform-operator] [3cd2b14a] 04:03:16.039 [pool-6-thread-42] DEBUG c.h.p.o.d.StatefulSetResource - [helmvolu] Desired StatefulSet (2 replicas) for status STARTING (READY)
2025-01-30 04:03:16,042 INFO c.h.h.t.HelmChartContainer - [EVENT] Warning [Unhealthy] Readiness probe failed: HTTP probe failed with statuscode: 503 [helmvolumeclaimtemplatesit:test-hivemq-platform-1]
2025-01-30 04:03:16,043 INFO c.h.h.t.HelmChartContainer - Received Unhealthy event for container hivemq in pod test-hivemq-platform-1 [ccedc2bb-3fb9-4356-a626-24f0c519a736]
2025-01-30 04:03:16,043 INFO c.h.h.t.HelmChartContainer - [hivemq-test-hivemq-platform] [hivemq-platform-operator] [3cd2b14a] 04:03:16.034 [pool-6-thread-48] DEBUG c.h.p.o.d.PodServiceAccountResource - [helmvolu] Desired PodServiceAccountResource (serviceAccountName: hivemq-platform-pod-test-hivemq-platform)
2025-01-30 04:03:16,045 INFO c.h.h.t.HelmChartContainer - [hivemq-test-hivemq-platform] [hivemq-platform-operator] [3cd2b14a] 04:03:16.044 [ReconcilerExecutor-hivemq-controller-123] INFO  c.h.p.o.HiveMQPlatformReconciler - [helmvolu] Reconciling HiveMQ Platform 'test-hivemq-platform' in namespace 'helmvolumeclaimtemplatesit'
2025-01-30 04:03:16,045 INFO c.h.h.t.HelmChartContainer - [hivemq-test-hivemq-platform] [hivemq-platform-operator] [3cd2b14a] 04:03:16.044 [ReconcilerExecutor-hivemq-controller-123] DEBUG c.h.p.o.HiveMQPlatformReconciler - [helmvolu] Custom Resource Status STARTING - HiveMQ Platform is starting (READY)
2025-01-30 04:03:16,045 INFO c.h.h.t.HelmChartContainer - [hivemq-test-hivemq-platform] [hivemq-platform-operator] [3cd2b14a] 04:03:16.044 [ReconcilerExecutor-hivemq-controller-123] DEBUG c.h.p.o.HiveMQPlatformReconciler - [helmvolu] Custom Resource Spec (replicas: 2) (extensions: 1)
2025-01-30 04:03:16,048 INFO c.h.h.t.HelmChartContainer - [hivemq-test-hivemq-platform] [hivemq-platform-operator] [3cd2b14a] 04:03:16.046 [ReconcilerExecutor-hivemq-controller-123] DEBUG c.h.p.o.HiveMQPlatformReconciler - [helmvolu] StatefulSet Status (revision: test-hivemq-platform-6c7bb94cbd, replicas: 2, available: 1, ready: 1, current: 2, updated: 2)
2025-01-30 04:03:16,048 INFO c.h.h.t.HelmChartContainer - [hivemq-test-hivemq-platform] [hivemq-platform-operator] [3cd2b14a] 04:03:16.046 [ReconcilerExecutor-hivemq-controller-123] DEBUG c.h.p.o.HiveMQPlatformReconciler - [helmvolu] StatefulSet Spec (replicas: 2, init containers: 1, containers: 1, volumes: 4)
2025-01-30 04:03:16,048 INFO c.h.h.t.HelmChartContainer - [hivemq-test-hivemq-platform] [hivemq-platform-operator] [3cd2b14a] 04:03:16.047 [ReconcilerExecutor-hivemq-controller-123] DEBUG c.h.p.o.h.HiveMQPlatformReconcilerErrorHandler - [helmvolu] Pod 'test-hivemq-platform-1' phase Running
2025-01-30 04:03:16,088 INFO c.h.h.t.HelmChartContainer - [hivemq-test-hivemq-platform] [hivemq-platform-operator] [3cd2b14a] 04:03:16.086 [ReconcilerExecutor-hivemq-controller-123] DEBUG c.h.p.o.h.HiveMQPlatformReconcilerErrorHandler - [helmvolu] Pod 'test-hivemq-platform-0' phase Running
2025-01-30 04:03:16,088 INFO c.h.h.t.HelmChartContainer - [hivemq-test-hivemq-platform] [hivemq-platform-operator] [3cd2b14a] 04:03:16.087 [ReconcilerExecutor-hivemq-controller-123] INFO  c.h.p.o.h.HiveMQPlatformReconcilerBaseHandler - [helmvolu] HiveMQ Platform is starting, 1 of 2 replicas are ready
2025-01-30 04:03:21,027 INFO c.h.h.t.HelmChartContainer - [test-hivemq-platform] [hivemq] [ccedc2bb] WARN  - [HiveMQ Platform Operator Init App 1.7.0-SNAPSHOT] Cannot connect to Health API for readiness: null
2025-01-30 04:03:21,031 INFO c.h.h.t.HelmChartContainer - [EVENT] Warning [Unhealthy] Readiness probe failed: HTTP probe failed with statuscode: 503 [helmvolumeclaimtemplatesit:test-hivemq-platform-1]
2025-01-30 04:03:21,031 INFO c.h.h.t.HelmChartContainer - Received Unhealthy event for container hivemq in pod test-hivemq-platform-1 [ccedc2bb-3fb9-4356-a626-24f0c519a736]
2025-01-30 04:03:26,028 INFO c.h.h.t.HelmChartContainer - [test-hivemq-platform] [hivemq] [ccedc2bb] WARN  - [HiveMQ Platform Operator Init App 1.7.0-SNAPSHOT] Cannot connect to Health API for readiness: null
2025-01-30 04:03:26,032 INFO c.h.h.t.HelmChartContainer - [EVENT] Warning [Unhealthy] Readiness probe failed: HTTP probe failed with statuscode: 503 [helmvolumeclaimtemplatesit:test-hivemq-platform-1]
2025-01-30 04:03:26,037 INFO c.h.h.t.HelmChartContainer - Received Unhealthy event for container hivemq in pod test-hivemq-platform-1 [ccedc2bb-3fb9-4356-a626-24f0c519a736]
2025-01-30 04:03:26,093 INFO c.h.h.t.HelmChartContainer - [hivemq-test-hivemq-platform] [hivemq-platform-operator] [3cd2b14a] 04:03:26.092 [pool-6-thread-1] DEBUG c.h.p.o.d.PlatformServiceResource - [helmvolu] Desired Platform services (3 services)
2025-01-30 04:03:26,094 INFO c.h.h.t.HelmChartContainer - [hivemq-test-hivemq-platform] [hivemq-platform-operator] [3cd2b14a] 04:03:26.093 [pool-6-thread-7] DEBUG c.h.p.o.dependants.PodInfoConfigMap - [helmvolu] Desired PodInfo ConfigMap (1 extensions) (1 enabled)
2025-01-30 04:03:26,095 INFO c.h.h.t.HelmChartContainer - [hivemq-test-hivemq-platform] [hivemq-platform-operator] [3cd2b14a] 04:03:26.093 [pool-6-thread-7] DEBUG c.h.p.o.dependants.PodInfoConfigMap - [helmvolu] Desired PodInfo ConfigMap (metrics port: 9399) (metrics path: /)
2025-01-30 04:03:26,095 INFO c.h.h.t.HelmChartContainer - [hivemq-test-hivemq-platform] [hivemq-platform-operator] [3cd2b14a] 04:03:26.093 [pool-6-thread-7] DEBUG c.h.p.o.dependants.PodInfoConfigMap - [helmvolu] Desired PodInfo ConfigMap (extension state hash: -1817474005)
2025-01-30 04:03:26,095 INFO c.h.h.t.HelmChartContainer - [hivemq-test-hivemq-platform] [hivemq-platform-operator] [3cd2b14a] 04:03:26.093 [pool-6-thread-8] DEBUG c.h.p.o.d.PodServiceAccountResource - [helmvolu] Desired PodServiceAccountResource (serviceAccountName: hivemq-platform-pod-test-hivemq-platform)
2025-01-30 04:03:26,098 INFO c.h.h.t.HelmChartContainer - [hivemq-test-hivemq-platform] [hivemq-platform-operator] [3cd2b14a] 04:03:26.098 [pool-6-thread-1] DEBUG c.h.p.o.d.StatefulSetResource - [helmvolu] Desired StatefulSet (2 replicas) for status STARTING (READY)
2025-01-30 04:03:26,102 INFO c.h.h.t.HelmChartContainer - [hivemq-test-hivemq-platform] [hivemq-platform-operator] [3cd2b14a] 04:03:26.101 [ReconcilerExecutor-hivemq-controller-124] INFO  c.h.p.o.HiveMQPlatformReconciler - [helmvolu] Reconciling HiveMQ Platform 'test-hivemq-platform' in namespace 'helmvolumeclaimtemplatesit'
2025-01-30 04:03:26,102 INFO c.h.h.t.HelmChartContainer - [hivemq-test-hivemq-platform] [hivemq-platform-operator] [3cd2b14a] 04:03:26.101 [ReconcilerExecutor-hivemq-controller-124] DEBUG c.h.p.o.HiveMQPlatformReconciler - [helmvolu] Custom Resource Status STARTING - HiveMQ Platform is starting (READY)
2025-01-30 04:03:26,102 INFO c.h.h.t.HelmChartContainer - [hivemq-test-hivemq-platform] [hivemq-platform-operator] [3cd2b14a] 04:03:26.101 [ReconcilerExecutor-hivemq-controller-124] DEBUG c.h.p.o.HiveMQPlatformReconciler - [helmvolu] Custom Resource Spec (replicas: 2) (extensions: 1)
2025-01-30 04:03:26,103 INFO c.h.h.t.HelmChartContainer - [hivemq-test-hivemq-platform] [hivemq-platform-operator] [3cd2b14a] 04:03:26.102 [ReconcilerExecutor-hivemq-controller-124] DEBUG c.h.p.o.HiveMQPlatformReconciler - [helmvolu] StatefulSet Status (revision: test-hivemq-platform-6c7bb94cbd, replicas: 2, available: 1, ready: 1, current: 2, updated: 2)
2025-01-30 04:03:26,104 INFO c.h.h.t.HelmChartContainer - [hivemq-test-hivemq-platform] [hivemq-platform-operator] [3cd2b14a] 04:03:26.103 [ReconcilerExecutor-hivemq-controller-124] DEBUG c.h.p.o.HiveMQPlatformReconciler - [helmvolu] StatefulSet Spec (replicas: 2, init containers: 1, containers: 1, volumes: 4)
2025-01-30 04:03:26,106 INFO c.h.h.t.HelmChartContainer - [hivemq-test-hivemq-platform] [hivemq-platform-operator] [3cd2b14a] 04:03:26.104 [ReconcilerExecutor-hivemq-controller-124] DEBUG c.h.p.o.h.HiveMQPlatformReconcilerErrorHandler - [helmvolu] Pod 'test-hivemq-platform-1' phase Running
2025-01-30 04:03:26,106 INFO c.h.h.t.HelmChartContainer - [hivemq-test-hivemq-platform] [hivemq-platform-operator] [3cd2b14a] 04:03:26.105 [ReconcilerExecutor-hivemq-controller-124] DEBUG c.h.p.o.h.HiveMQPlatformReconcilerErrorHandler - [helmvolu] Pod 'test-hivemq-platform-0' phase Running
2025-01-30 04:03:26,106 INFO c.h.h.t.HelmChartContainer - [hivemq-test-hivemq-platform] [hivemq-platform-operator] [3cd2b14a] 04:03:26.105 [ReconcilerExecutor-hivemq-controller-124] INFO  c.h.p.o.h.HiveMQPlatformReconcilerBaseHandler - [helmvolu] HiveMQ Platform is starting, 1 of 2 replicas are ready
2025-01-30 04:03:27,477 INFO c.h.h.t.HelmChartContainer - [test-hivemq-platform] [hivemq] [ccedc2bb] INFO  - No valid license file found. Using trial license, restricted to 25 connections.
2025-01-30 04:03:29,427 INFO c.h.h.t.HelmChartContainer - [test-hivemq-platform] [hivemq] [ccedc2bb] WARN  - [HiveMQ Platform Operator Init App 1.7.0-SNAPSHOT] Cannot connect to Health API for liveness: null
2025-01-30 04:03:29,428 INFO c.h.h.t.HelmChartContainer - [test-hivemq-platform] [hivemq] [ccedc2bb] INFO  - [HiveMQ Platform Operator Init App 1.7.0-SNAPSHOT] Returning default Health API response 200 for liveness
2025-01-30 04:03:30,874 INFO c.h.h.t.HelmChartContainer - [test-hivemq-platform] [hivemq] [ccedc2bb] INFO  - No valid license file for Data Hub found. Using free license, restricted to 1 policy.
2025-01-30 04:03:31,076 INFO c.h.h.t.HelmChartContainer - [test-hivemq-platform] [hivemq] [ccedc2bb] WARN  - [HiveMQ Platform Operator Init App 1.7.0-SNAPSHOT] Cannot connect to Health API for readiness: null
2025-01-30 04:03:31,081 INFO c.h.h.t.HelmChartContainer - [EVENT] Warning [Unhealthy] Readiness probe failed: HTTP probe failed with statuscode: 503 [helmvolumeclaimtemplatesit:test-hivemq-platform-1]
2025-01-30 04:03:31,081 INFO c.h.h.t.HelmChartContainer - Received Unhealthy event for container hivemq in pod test-hivemq-platform-1 [ccedc2bb-3fb9-4356-a626-24f0c519a736]
2025-01-30 04:03:32,027 INFO c.h.h.t.HelmChartContainer - [test-hivemq-platform] [hivemq] [ccedc2bb] INFO  - Audit Logger started.
2025-01-30 04:03:32,281 INFO c.h.h.t.HelmChartContainer - [test-hivemq-platform] [hivemq] [ccedc2bb] INFO  - This node uses '1' CPU cores.
2025-01-30 04:03:32,320 INFO c.h.h.t.HelmChartContainer - [test-hivemq-platform] [hivemq] [ccedc2bb] INFO  - Starting HiveMQ Health API on address 0.0.0.0 and port 8889
2025-01-30 04:03:33,117 INFO c.h.h.t.HelmChartContainer - [test-hivemq-platform] [hivemq] [ccedc2bb] INFO  - Started HiveMQ Health API in 798ms
2025-01-30 04:03:33,823 INFO c.h.h.t.HelmChartContainer - [test-hivemq-platform] [hivemq] [ccedc2bb] INFO  - Starting HiveMQ extension system.
2025-01-30 04:03:34,079 INFO c.h.h.t.HelmChartContainer - [test-hivemq-platform] [hivemq] [ccedc2bb] INFO  - Starting extension with id "hivemq-dns-cluster-discovery" at /opt/hivemq/extensions/hivemq-dns-cluster-discovery
2025-01-30 04:03:34,578 INFO c.h.h.t.HelmChartContainer - [test-hivemq-platform] [hivemq] [ccedc2bb] INFO  - Extension "DNS Cluster Discovery Extension" version 4.3.2 started successfully.
2025-01-30 04:03:34,580 INFO c.h.h.t.HelmChartContainer - [test-hivemq-platform] [hivemq] [ccedc2bb] INFO  - Starting extension with id "hivemq-prometheus-extension" at /opt/hivemq/extensions/hivemq-prometheus-extension
2025-01-30 04:03:34,722 INFO c.h.h.t.HelmChartContainer - [test-hivemq-platform] [hivemq] [ccedc2bb] INFO  - Using TCP cluster transport on address 10.42.0.11 and port 7000
2025-01-30 04:03:34,780 INFO c.h.h.t.HelmChartContainer - [test-hivemq-platform] [hivemq] [ccedc2bb] INFO  - Using extension cluster discovery
2025-01-30 04:03:35,423 INFO c.h.h.t.HelmChartContainer - [test-hivemq-platform] [hivemq] [ccedc2bb] INFO  - Started Jetty Server exposing Prometheus Servlet on URI http://0.0.0.0:9399/
2025-01-30 04:03:35,423 INFO c.h.h.t.HelmChartContainer - [test-hivemq-platform] [hivemq] [ccedc2bb] INFO  - Extension "Prometheus Monitoring Extension" version 4.0.12 started successfully.
2025-01-30 04:03:35,423 INFO c.h.h.t.HelmChartContainer - [test-hivemq-platform] [hivemq] [ccedc2bb] INFO  - Starting extension with id "hivemq-allow-all-extension" at /opt/hivemq/extensions/hivemq-allow-all-extension
2025-01-30 04:03:35,476 INFO c.h.h.t.HelmChartContainer - [test-hivemq-platform] [hivemq] [ccedc2bb] WARN  - 
2025-01-30 04:03:35,476 INFO c.h.h.t.HelmChartContainer - [test-hivemq-platform] [hivemq] [ccedc2bb] ################################################################################################################
2025-01-30 04:03:35,476 INFO c.h.h.t.HelmChartContainer - [test-hivemq-platform] [hivemq] [ccedc2bb] # This HiveMQ deployment is not secure! You are lacking Authentication and Authorization.                      #
2025-01-30 04:03:35,476 INFO c.h.h.t.HelmChartContainer - [test-hivemq-platform] [hivemq] [ccedc2bb] # Right now any MQTT client can connect to the broker with a full set of permissions.                          #
2025-01-30 04:03:35,476 INFO c.h.h.t.HelmChartContainer - [test-hivemq-platform] [hivemq] [ccedc2bb] # For production usage, add an appropriate security extension and remove the hivemq-allow-all extension.       #
2025-01-30 04:03:35,476 INFO c.h.h.t.HelmChartContainer - [test-hivemq-platform] [hivemq] [ccedc2bb] # You can download security extensions from the HiveMQ Marketplace (https://www.hivemq.com/extensions/).       #
2025-01-30 04:03:35,476 INFO c.h.h.t.HelmChartContainer - [test-hivemq-platform] [hivemq] [ccedc2bb] ################################################################################################################
2025-01-30 04:03:35,476 INFO c.h.h.t.HelmChartContainer - [test-hivemq-platform] [hivemq] [ccedc2bb] INFO  - Extension "Allow All Extension" version 1.1.1 started successfully.
2025-01-30 04:03:35,627 INFO c.h.h.t.HelmChartContainer - [test-hivemq-platform] [hivemq] [c78b1b68] INFO  - Cluster nodes found by discovery: [ph5t9|1] (2) [ph5t9, qo37x].
2025-01-30 04:03:35,676 INFO c.h.h.t.HelmChartContainer - [test-hivemq-platform] [hivemq] [ccedc2bb] INFO  - Cluster nodes found by discovery: [ph5t9|1] (2) [ph5t9, qo37x].
2025-01-30 04:03:35,782 INFO c.h.h.t.HelmChartContainer - [test-hivemq-platform] [hivemq] [ccedc2bb] INFO  - Cluster size = 1, members : [ph5t9].
2025-01-30 04:03:36,111 INFO c.h.h.t.HelmChartContainer - [hivemq-test-hivemq-platform] [hivemq-platform-operator] [3cd2b14a] 04:03:36.109 [pool-6-thread-17] DEBUG c.h.p.o.d.PlatformServiceResource - [helmvolu] Desired Platform services (3 services)
2025-01-30 04:03:36,112 INFO c.h.h.t.HelmChartContainer - [hivemq-test-hivemq-platform] [hivemq-platform-operator] [3cd2b14a] 04:03:36.109 [pool-6-thread-20] DEBUG c.h.p.o.dependants.PodInfoConfigMap - [helmvolu] Desired PodInfo ConfigMap (1 extensions) (1 enabled)
2025-01-30 04:03:36,112 INFO c.h.h.t.HelmChartContainer - [hivemq-test-hivemq-platform] [hivemq-platform-operator] [3cd2b14a] 04:03:36.109 [pool-6-thread-20] DEBUG c.h.p.o.dependants.PodInfoConfigMap - [helmvolu] Desired PodInfo ConfigMap (metrics port: 9399) (metrics path: /)
2025-01-30 04:03:36,112 INFO c.h.h.t.HelmChartContainer - [hivemq-test-hivemq-platform] [hivemq-platform-operator] [3cd2b14a] 04:03:36.109 [pool-6-thread-20] DEBUG c.h.p.o.dependants.PodInfoConfigMap - [helmvolu] Desired PodInfo ConfigMap (extension state hash: -1817474005)
2025-01-30 04:03:36,112 INFO c.h.h.t.HelmChartContainer - [hivemq-test-hivemq-platform] [hivemq-platform-operator] [3cd2b14a] 04:03:36.110 [pool-6-thread-20] DEBUG c.h.p.o.d.PodServiceAccountResource - [helmvolu] Desired PodServiceAccountResource (serviceAccountName: hivemq-platform-pod-test-hivemq-platform)
2025-01-30 04:03:36,115 INFO c.h.h.t.HelmChartContainer - [hivemq-test-hivemq-platform] [hivemq-platform-operator] [3cd2b14a] 04:03:36.114 [pool-6-thread-17] DEBUG c.h.p.o.d.StatefulSetResource - [helmvolu] Desired StatefulSet (2 replicas) for status STARTING (READY)
2025-01-30 04:03:36,202 INFO c.h.h.t.HelmChartContainer - [hivemq-test-hivemq-platform] [hivemq-platform-operator] [3cd2b14a] 04:03:36.201 [ReconcilerExecutor-hivemq-controller-125] INFO  c.h.p.o.HiveMQPlatformReconciler - [helmvolu] Reconciling HiveMQ Platform 'test-hivemq-platform' in namespace 'helmvolumeclaimtemplatesit'
2025-01-30 04:03:36,202 INFO c.h.h.t.HelmChartContainer - [hivemq-test-hivemq-platform] [hivemq-platform-operator] [3cd2b14a] 04:03:36.201 [ReconcilerExecutor-hivemq-controller-125] DEBUG c.h.p.o.HiveMQPlatformReconciler - [helmvolu] Custom Resource Status STARTING - HiveMQ Platform is starting (READY)
2025-01-30 04:03:36,202 INFO c.h.h.t.HelmChartContainer - [hivemq-test-hivemq-platform] [hivemq-platform-operator] [3cd2b14a] 04:03:36.201 [ReconcilerExecutor-hivemq-controller-125] DEBUG c.h.p.o.HiveMQPlatformReconciler - [helmvolu] Custom Resource Spec (replicas: 2) (extensions: 1)
2025-01-30 04:03:36,204 INFO c.h.h.t.HelmChartContainer - [hivemq-test-hivemq-platform] [hivemq-platform-operator] [3cd2b14a] 04:03:36.203 [ReconcilerExecutor-hivemq-controller-125] DEBUG c.h.p.o.HiveMQPlatformReconciler - [helmvolu] StatefulSet Status (revision: test-hivemq-platform-6c7bb94cbd, replicas: 2, available: 1, ready: 1, current: 2, updated: 2)
2025-01-30 04:03:36,204 INFO c.h.h.t.HelmChartContainer - [hivemq-test-hivemq-platform] [hivemq-platform-operator] [3cd2b14a] 04:03:36.203 [ReconcilerExecutor-hivemq-controller-125] DEBUG c.h.p.o.HiveMQPlatformReconciler - [helmvolu] StatefulSet Spec (replicas: 2, init containers: 1, containers: 1, volumes: 4)
2025-01-30 04:03:36,206 INFO c.h.h.t.HelmChartContainer - [hivemq-test-hivemq-platform] [hivemq-platform-operator] [3cd2b14a] 04:03:36.206 [ReconcilerExecutor-hivemq-controller-125] DEBUG c.h.p.o.h.HiveMQPlatformReconcilerErrorHandler - [helmvolu] Pod 'test-hivemq-platform-1' phase Running
2025-01-30 04:03:36,207 INFO c.h.h.t.HelmChartContainer - [hivemq-test-hivemq-platform] [hivemq-platform-operator] [3cd2b14a] 04:03:36.207 [ReconcilerExecutor-hivemq-controller-125] DEBUG c.h.p.o.h.HiveMQPlatformReconcilerErrorHandler - [helmvolu] Pod 'test-hivemq-platform-0' phase Running
2025-01-30 04:03:36,208 INFO c.h.h.t.HelmChartContainer - [hivemq-test-hivemq-platform] [hivemq-platform-operator] [3cd2b14a] 04:03:36.208 [ReconcilerExecutor-hivemq-controller-125] INFO  c.h.p.o.h.HiveMQPlatformReconcilerBaseHandler - [helmvolu] HiveMQ Platform is starting, 1 of 2 replicas are ready
2025-01-30 04:03:36,223 INFO c.h.h.t.HelmChartContainer - [test-hivemq-platform] [hivemq] [ccedc2bb] INFO  - Starting cluster join process. This may take a while. Please do not shut down HiveMQ.
2025-01-30 04:03:36,278 INFO c.h.h.t.HelmChartContainer - [test-hivemq-platform] [hivemq] [ccedc2bb] INFO  - Cluster join process is still ongoing. Please do not shut down HiveMQ.
2025-01-30 04:03:36,880 INFO c.h.h.t.HelmChartContainer - [test-hivemq-platform] [hivemq] [ccedc2bb] INFO  - [HiveMQ Platform Operator Init App 1.7.0-SNAPSHOT] Returning Health API response 503 for readiness
2025-01-30 04:03:36,884 INFO c.h.h.t.HelmChartContainer - [EVENT] Warning [Unhealthy] Readiness probe failed: HTTP probe failed with statuscode: 503 [helmvolumeclaimtemplatesit:test-hivemq-platform-1]
2025-01-30 04:03:36,884 INFO c.h.h.t.HelmChartContainer - Received Unhealthy event for container hivemq in pod test-hivemq-platform-1 [ccedc2bb-3fb9-4356-a626-24f0c519a736]
2025-01-30 04:03:38,236 INFO c.h.h.t.HelmChartContainer - [test-hivemq-platform] [hivemq] [c78b1b68] INFO  - Cluster size = 2, members : [ph5t9, qo37x].
2025-01-30 04:03:38,249 INFO c.h.h.t.HelmChartContainer - [test-hivemq-platform] [hivemq] [ccedc2bb] INFO  - Cluster size = 2, members : [ph5t9, qo37x].
2025-01-30 04:03:38,254 INFO c.h.h.t.HelmChartContainer - [test-hivemq-platform] [hivemq] [ccedc2bb] INFO  - Finished cluster join process successfully.
2025-01-30 04:03:38,255 INFO c.h.h.t.HelmChartContainer - [test-hivemq-platform] [hivemq] [ccedc2bb] WARN  - No user for HiveMQ Control Center configured. Starting with default user
2025-01-30 04:03:38,256 INFO c.h.h.t.HelmChartContainer - [test-hivemq-platform] [hivemq] [ccedc2bb] INFO  - Starting HiveMQ Control Center on address 0.0.0.0 and port 8080
2025-01-30 04:03:38,317 INFO c.h.h.t.HelmChartContainer - [test-hivemq-platform] [hivemq] [ccedc2bb] INFO  - Mounting HiveMQ Control Center V2 Preview
2025-01-30 04:03:38,927 INFO c.h.h.t.HelmChartContainer - [test-hivemq-platform] [hivemq] [ccedc2bb] INFO  - Started HiveMQ Control Center in 672ms
2025-01-30 04:03:38,943 INFO c.h.h.t.HelmChartContainer - [test-hivemq-platform] [hivemq] [ccedc2bb] INFO  - Starting TCP listener on address 0.0.0.0 and port 1883
2025-01-30 04:03:39,028 INFO c.h.h.t.HelmChartContainer - [test-hivemq-platform] [hivemq] [ccedc2bb] INFO  - Started TCP Listener on address 0.0.0.0 and on port 1883.
2025-01-30 04:03:39,029 INFO c.h.h.t.HelmChartContainer - [test-hivemq-platform] [hivemq] [ccedc2bb] INFO  - Started HiveMQ in 30698ms
2025-01-30 04:03:41,028 INFO c.h.h.t.HelmChartContainer - [test-hivemq-platform] [hivemq] [ccedc2bb] INFO  - [HiveMQ Platform Operator Init App 1.7.0-SNAPSHOT] Returning Health API response 200 for readiness
2025-01-30 04:03:41,042 INFO c.h.h.t.HelmChartContainer - [POD] test-hivemq-platform-1 [ccedc2bb-3fb9-4356-a626-24f0c519a736] in helmvolumeclaimtemplatesit was MODIFIED
2025-01-30 04:03:41,058 INFO c.h.h.t.HelmChartContainer - [hivemq-test-hivemq-platform] [hivemq-platform-operator] [3cd2b14a] 04:03:41.046 [pool-6-thread-29] DEBUG c.h.p.o.d.PlatformServiceResource - [helmvolu] Desired Platform services (3 services)
2025-01-30 04:03:41,058 INFO c.h.h.t.HelmChartContainer - [hivemq-test-hivemq-platform] [hivemq-platform-operator] [3cd2b14a] 04:03:41.050 [pool-6-thread-25] DEBUG c.h.p.o.d.PodServiceAccountResource - [helmvolu] Desired PodServiceAccountResource (serviceAccountName: hivemq-platform-pod-test-hivemq-platform)
2025-01-30 04:03:41,058 INFO c.h.h.t.HelmChartContainer - [hivemq-test-hivemq-platform] [hivemq-platform-operator] [3cd2b14a] 04:03:41.047 [pool-6-thread-21] DEBUG c.h.p.o.dependants.PodInfoConfigMap - [helmvolu] Desired PodInfo ConfigMap (1 extensions) (1 enabled)
2025-01-30 04:03:41,058 INFO c.h.h.t.HelmChartContainer - [hivemq-test-hivemq-platform] [hivemq-platform-operator] [3cd2b14a] 04:03:41.051 [pool-6-thread-21] DEBUG c.h.p.o.dependants.PodInfoConfigMap - [helmvolu] Desired PodInfo ConfigMap (metrics port: 9399) (metrics path: /)
2025-01-30 04:03:41,059 INFO c.h.h.t.HelmChartContainer - [hivemq-test-hivemq-platform] [hivemq-platform-operator] [3cd2b14a] 04:03:41.051 [pool-6-thread-21] DEBUG c.h.p.o.dependants.PodInfoConfigMap - [helmvolu] Desired PodInfo ConfigMap (extension state hash: -1817474005)
2025-01-30 04:03:41,063 INFO c.h.h.t.HelmChartContainer - [hivemq-test-hivemq-platform] [hivemq-platform-operator] [3cd2b14a] 04:03:41.060 [pool-6-thread-29] DEBUG c.h.p.o.d.StatefulSetResource - [helmvolu] Desired StatefulSet (2 replicas) for status STARTING (READY)
2025-01-30 04:03:41,088 INFO c.h.h.t.HelmChartContainer - [hivemq-test-hivemq-platform] [hivemq-platform-operator] [3cd2b14a] 04:03:41.087 [ReconcilerExecutor-hivemq-controller-126] INFO  c.h.p.o.HiveMQPlatformReconciler - [helmvolu] Reconciling HiveMQ Platform 'test-hivemq-platform' in namespace 'helmvolumeclaimtemplatesit'
2025-01-30 04:03:41,088 INFO c.h.h.t.HelmChartContainer - [hivemq-test-hivemq-platform] [hivemq-platform-operator] [3cd2b14a] 04:03:41.087 [ReconcilerExecutor-hivemq-controller-126] DEBUG c.h.p.o.HiveMQPlatformReconciler - [helmvolu] Custom Resource Status STARTING - HiveMQ Platform is starting (READY)
2025-01-30 04:03:41,088 INFO c.h.h.t.HelmChartContainer - [hivemq-test-hivemq-platform] [hivemq-platform-operator] [3cd2b14a] 04:03:41.087 [ReconcilerExecutor-hivemq-controller-126] DEBUG c.h.p.o.HiveMQPlatformReconciler - [helmvolu] Custom Resource Spec (replicas: 2) (extensions: 1)
2025-01-30 04:03:41,089 INFO c.h.h.t.HelmChartContainer - [hivemq-test-hivemq-platform] [hivemq-platform-operator] [3cd2b14a] 04:03:41.088 [ReconcilerExecutor-hivemq-controller-126] DEBUG c.h.p.o.HiveMQPlatformReconciler - [helmvolu] StatefulSet Status (revision: test-hivemq-platform-6c7bb94cbd, replicas: 2, available: 2, ready: 2, current: 2, updated: 2)
2025-01-30 04:03:41,090 INFO c.h.h.t.HelmChartContainer - [hivemq-test-hivemq-platform] [hivemq-platform-operator] [3cd2b14a] 04:03:41.089 [ReconcilerExecutor-hivemq-controller-126] DEBUG c.h.p.o.HiveMQPlatformReconciler - [helmvolu] StatefulSet Spec (replicas: 2, init containers: 1, containers: 1, volumes: 4)
2025-01-30 04:03:41,091 INFO c.h.h.t.HelmChartContainer - [hivemq-test-hivemq-platform] [hivemq-platform-operator] [3cd2b14a] 04:03:41.090 [ReconcilerExecutor-hivemq-controller-126] DEBUG c.h.p.o.h.HiveMQPlatformReconcilerErrorHandler - [helmvolu] Pod 'test-hivemq-platform-1' phase Running
2025-01-30 04:03:41,095 INFO c.h.h.t.HelmChartContainer - [hivemq-test-hivemq-platform] [hivemq-platform-operator] [3cd2b14a] 04:03:41.093 [ReconcilerExecutor-hivemq-controller-126] DEBUG c.h.p.o.h.HiveMQPlatformReconcilerErrorHandler - [helmvolu] Pod 'test-hivemq-platform-0' phase Running
2025-01-30 04:03:41,095 INFO c.h.h.t.HelmChartContainer - [hivemq-test-hivemq-platform] [hivemq-platform-operator] [3cd2b14a] 04:03:41.094 [ReconcilerExecutor-hivemq-controller-126] INFO  c.h.p.o.h.HiveMQPlatformReconcilerBaseHandler - [helmvolu] HiveMQ Platform started successfully
2025-01-30 04:03:41,194 INFO c.h.h.t.HelmChartContainer - [hivemq-test-hivemq-platform] [hivemq-platform-operator] [3cd2b14a] 04:03:41.193 [ReconcilerExecutor-hivemq-controller-126] DEBUG c.h.p.operator.event.EventSender - [helmvolu] Creating K8s event hivemq-platform-ready: [Ready] HiveMQ Platform is ready
2025-01-30 04:03:41,198 INFO c.h.h.t.HelmChartContainer - [EVENT] Normal [Ready] HiveMQ Platform is ready [helmvolumeclaimtemplatesit:test-hivemq-platform]
2025-01-30 04:03:41,200 INFO c.h.h.t.HelmChartContainer - [hivemq-test-hivemq-platform] [hivemq-platform-operator] [3cd2b14a] 04:03:41.199 [ReconcilerExecutor-hivemq-controller-126] INFO  c.h.p.o.h.AbstractHiveMQReconcilerStateHandler - [helmvolu] Update HiveMQ Platform Status (STARTING [READY] -> RUNNING [READY]): HiveMQ Platform is ready
2025-01-30 04:03:41,210 DEBUG com.hivemq.helmcharts.util.K8sUtil - Comparing actual state 'RUNNING' and waiting for 'RUNNING'
2025-01-30 04:03:41,214 INFO c.h.h.t.HelmChartContainer - [hivemq-test-hivemq-platform] [hivemq-platform-operator] [3cd2b14a] 04:03:41.212 [pool-6-thread-39] DEBUG c.h.p.o.d.PodServiceAccountResource - [helmvolu] Desired PodServiceAccountResource (serviceAccountName: hivemq-platform-pod-test-hivemq-platform)
2025-01-30 04:03:41,216 INFO c.h.h.t.HelmChartContainer - [hivemq-test-hivemq-platform] [hivemq-platform-operator] [3cd2b14a] 04:03:41.213 [pool-6-thread-40] DEBUG c.h.p.o.dependants.PodInfoConfigMap - [helmvolu] Desired PodInfo ConfigMap (1 extensions) (1 enabled)
2025-01-30 04:03:41,216 INFO c.h.h.t.HelmChartContainer - [hivemq-test-hivemq-platform] [hivemq-platform-operator] [3cd2b14a] 04:03:41.214 [pool-6-thread-40] DEBUG c.h.p.o.dependants.PodInfoConfigMap - [helmvolu] Desired PodInfo ConfigMap (metrics port: 9399) (metrics path: /)
2025-01-30 04:03:41,216 INFO c.h.h.t.HelmChartContainer - [hivemq-test-hivemq-platform] [hivemq-platform-operator] [3cd2b14a] 04:03:41.214 [pool-6-thread-40] DEBUG c.h.p.o.dependants.PodInfoConfigMap - [helmvolu] Desired PodInfo ConfigMap (extension state hash: -1817474005)
2025-01-30 04:03:41,216 INFO c.h.h.t.HelmChartContainer - [hivemq-test-hivemq-platform] [hivemq-platform-operator] [3cd2b14a] 04:03:41.214 [pool-6-thread-31] DEBUG c.h.p.o.d.PlatformServiceResource - [helmvolu] Desired Platform services (3 services)
2025-01-30 04:03:41,216 INFO c.h.h.t.HelmChartContainer - [hivemq-test-hivemq-platform] [hivemq-platform-operator] [3cd2b14a] 04:03:41.215 [pool-6-thread-40] DEBUG c.h.p.o.dependants.PodInfoConfigMap - [helmvolu] Update PodInfo ConfigMap
2025-01-30 04:03:41,293 INFO c.h.h.t.HelmChartContainer - [hivemq-test-hivemq-platform] [hivemq-platform-operator] [3cd2b14a] 04:03:41.292 [pool-6-thread-40] DEBUG c.h.p.o.d.StatefulSetResource - [helmvolu] Desired StatefulSet (2 replicas) for status RUNNING (READY)
2025-01-30 04:03:41,296 INFO c.h.h.t.HelmChartContainer - [hivemq-test-hivemq-platform] [hivemq-platform-operator] [3cd2b14a] 04:03:41.295 [ReconcilerExecutor-hivemq-controller-127] INFO  c.h.p.o.HiveMQPlatformReconciler - [helmvolu] Reconciling HiveMQ Platform 'test-hivemq-platform' in namespace 'helmvolumeclaimtemplatesit'
2025-01-30 04:03:41,297 INFO c.h.h.t.HelmChartContainer - [hivemq-test-hivemq-platform] [hivemq-platform-operator] [3cd2b14a] 04:03:41.295 [ReconcilerExecutor-hivemq-controller-127] DEBUG c.h.p.o.HiveMQPlatformReconciler - [helmvolu] Custom Resource Status RUNNING - HiveMQ Platform is ready (READY)
2025-01-30 04:03:41,298 INFO c.h.h.t.HelmChartContainer - [hivemq-test-hivemq-platform] [hivemq-platform-operator] [3cd2b14a] 04:03:41.295 [ReconcilerExecutor-hivemq-controller-127] DEBUG c.h.p.o.HiveMQPlatformReconciler - [helmvolu] Custom Resource Spec (replicas: 2) (extensions: 1)
2025-01-30 04:03:41,299 INFO c.h.h.t.HelmChartContainer - [hivemq-test-hivemq-platform] [hivemq-platform-operator] [3cd2b14a] 04:03:41.296 [ReconcilerExecutor-hivemq-controller-127] DEBUG c.h.p.o.HiveMQPlatformReconciler - [helmvolu] StatefulSet Status (revision: test-hivemq-platform-6c7bb94cbd, replicas: 2, available: 2, ready: 2, current: 2, updated: 2)
2025-01-30 04:03:41,299 INFO c.h.h.t.HelmChartContainer - [hivemq-test-hivemq-platform] [hivemq-platform-operator] [3cd2b14a] 04:03:41.296 [ReconcilerExecutor-hivemq-controller-127] DEBUG c.h.p.o.HiveMQPlatformReconciler - [helmvolu] StatefulSet Spec (replicas: 2, init containers: 1, containers: 1, volumes: 4)
2025-01-30 04:03:41,299 INFO c.h.h.t.HelmChartContainer - [hivemq-test-hivemq-platform] [hivemq-platform-operator] [3cd2b14a] 04:03:41.297 [ReconcilerExecutor-hivemq-controller-127] DEBUG c.h.p.o.h.HiveMQPlatformReconcilerErrorHandler - [helmvolu] Pod 'test-hivemq-platform-1' phase Running
2025-01-30 04:03:41,301 INFO c.h.h.t.HelmChartContainer - [hivemq-test-hivemq-platform] [hivemq-platform-operator] [3cd2b14a] 04:03:41.300 [ReconcilerExecutor-hivemq-controller-127] DEBUG c.h.p.o.h.HiveMQPlatformReconcilerErrorHandler - [helmvolu] Pod 'test-hivemq-platform-0' phase Running
2025-01-30 04:03:43,317 INFO c.h.h.t.HelmChartContainer - [K3S] [scope.go:117] "RemoveContainer" containerID="7dcca7ecc49b7477b4aafd362d3cbd6540c2a2b853f25c8516475de2008f1ddf"
2025-01-30 04:03:43,342 DEBUG com.hivemq.helmcharts.util.PodUtil - Received status for command '[touch, /opt/hivemq/data/test-hivemq-platform-0.txt]' on pod 'test-hivemq-platform-0' (exit code: 0)
2025-01-30 04:03:43,448 DEBUG com.hivemq.helmcharts.util.PodUtil - Received status for command '[sh, -c, echo -n 'Persisted content for pod test-hivemq-platform-0' >> /opt/hivemq/data/test-hivemq-platform-0.txt]' on pod 'test-hivemq-platform-0' (exit code: 0)
2025-01-30 04:03:43,532 DEBUG com.hivemq.helmcharts.util.PodUtil - Received status for command '[touch, /opt/hivemq/data/test-hivemq-platform-1.txt]' on pod 'test-hivemq-platform-1' (exit code: 0)
2025-01-30 04:03:43,615 DEBUG com.hivemq.helmcharts.util.PodUtil - Received status for command '[sh, -c, echo -n 'Persisted content for pod test-hivemq-platform-1' >> /opt/hivemq/data/test-hivemq-platform-1.txt]' on pod 'test-hivemq-platform-1' (exit code: 0)
2025-01-30 04:03:43,638 DEBUG com.hivemq.helmcharts.util.K8sUtil - Comparing actual state 'RUNNING' and waiting for 'ROLLING_RESTART'
2025-01-30 04:03:43,640 INFO c.h.h.t.HelmChartContainer - [hivemq-test-hivemq-platform] [hivemq-platform-operator] [3cd2b14a] 04:03:43.637 [pool-6-thread-49] DEBUG c.h.p.o.d.PlatformServiceResource - [helmvolu] Desired Platform services (3 services)
2025-01-30 04:03:43,640 INFO c.h.h.t.HelmChartContainer - [hivemq-test-hivemq-platform] [hivemq-platform-operator] [3cd2b14a] 04:03:43.638 [pool-6-thread-47] DEBUG c.h.p.o.d.PodServiceAccountResource - [helmvolu] Desired PodServiceAccountResource (serviceAccountName: hivemq-platform-pod-test-hivemq-platform)
2025-01-30 04:03:43,642 INFO c.h.h.t.HelmChartContainer - [hivemq-test-hivemq-platform] [hivemq-platform-operator] [3cd2b14a] 04:03:43.639 [pool-6-thread-50] DEBUG c.h.p.o.dependants.PodInfoConfigMap - [helmvolu] Desired PodInfo ConfigMap (1 extensions) (1 enabled)
2025-01-30 04:03:43,642 INFO c.h.h.t.HelmChartContainer - [hivemq-test-hivemq-platform] [hivemq-platform-operator] [3cd2b14a] 04:03:43.639 [pool-6-thread-50] DEBUG c.h.p.o.dependants.PodInfoConfigMap - [helmvolu] Desired PodInfo ConfigMap (metrics port: 9399) (metrics path: /)
2025-01-30 04:03:43,643 INFO c.h.h.t.HelmChartContainer - [hivemq-test-hivemq-platform] [hivemq-platform-operator] [3cd2b14a] 04:03:43.639 [pool-6-thread-50] DEBUG c.h.p.o.dependants.PodInfoConfigMap - [helmvolu] Desired PodInfo ConfigMap (extension state hash: -1817474005)
2025-01-30 04:03:43,648 INFO c.h.h.t.HelmChartContainer - [hivemq-test-hivemq-platform] [hivemq-platform-operator] [3cd2b14a] 04:03:43.645 [pool-6-thread-49] DEBUG c.h.p.o.d.StatefulSetResource - [helmvolu] Desired StatefulSet (2 replicas) for status RUNNING (READY)
2025-01-30 04:03:43,651 INFO c.h.h.t.HelmChartContainer - [hivemq-test-hivemq-platform] [hivemq-platform-operator] [3cd2b14a] 04:03:43.648 [pool-6-thread-49] DEBUG c.h.p.o.d.StatefulSetResource - [helmvolu] Update StatefulSet (replicas: 2 -> 2)
2025-01-30 04:03:43,652 INFO c.h.h.t.HelmChartContainer - [hivemq-test-hivemq-platform] [hivemq-platform-operator] [3cd2b14a] 04:03:43.649 [pool-6-thread-49] DEBUG c.h.p.o.d.StatefulSetResource - [helmvolu] Detected change in StatefulSet specification (path: /template/metadata/annotations/kubernetes-resource-versions) (actual value: {broker-configuration-v2=-2089688360}) (target value: {broker-configuration-v2=1242811043})
2025-01-30 04:03:43,652 INFO c.h.h.t.HelmChartContainer - [hivemq-test-hivemq-platform] [hivemq-platform-operator] [3cd2b14a] 04:03:43.649 [pool-6-thread-49] INFO  c.h.p.o.d.StatefulSetResource - [helmvolu] StatefulSet spec was updated, triggering rolling restart
2025-01-30 04:03:43,689 INFO c.h.h.t.HelmChartContainer - [hivemq-test-hivemq-platform] [hivemq-platform-operator] [3cd2b14a] 04:03:43.686 [ReconcilerExecutor-hivemq-controller-128] INFO  c.h.p.o.HiveMQPlatformReconciler - [helmvolu] Reconciling HiveMQ Platform 'test-hivemq-platform' in namespace 'helmvolumeclaimtemplatesit'
2025-01-30 04:03:43,690 INFO c.h.h.t.HelmChartContainer - [hivemq-test-hivemq-platform] [hivemq-platform-operator] [3cd2b14a] 04:03:43.687 [ReconcilerExecutor-hivemq-controller-128] DEBUG c.h.p.o.HiveMQPlatformReconciler - [helmvolu] Custom Resource Status RUNNING - HiveMQ Platform is ready (READY) (reconciliation requests: REQUESTS_UPDATED, ROLLING_RESTART)
2025-01-30 04:03:43,690 INFO c.h.h.t.HelmChartContainer - [hivemq-test-hivemq-platform] [hivemq-platform-operator] [3cd2b14a] 04:03:43.687 [ReconcilerExecutor-hivemq-controller-128] DEBUG c.h.p.o.HiveMQPlatformReconciler - [helmvolu] Custom Resource Spec (replicas: 2) (extensions: 1)
2025-01-30 04:03:43,690 INFO c.h.h.t.HelmChartContainer - [hivemq-test-hivemq-platform] [hivemq-platform-operator] [3cd2b14a] 04:03:43.687 [ReconcilerExecutor-hivemq-controller-128] DEBUG c.h.p.o.HiveMQPlatformReconciler - [helmvolu] StatefulSet Status (revision: test-hivemq-platform-6c7bb94cbd, replicas: 2, available: 2, ready: 2, current: 2, updated: 2)
2025-01-30 04:03:43,690 INFO c.h.h.t.HelmChartContainer - [hivemq-test-hivemq-platform] [hivemq-platform-operator] [3cd2b14a] 04:03:43.688 [ReconcilerExecutor-hivemq-controller-128] DEBUG c.h.p.o.HiveMQPlatformReconciler - [helmvolu] StatefulSet Spec (replicas: 2, init containers: 1, containers: 1, volumes: 4)
2025-01-30 04:03:43,692 INFO c.h.h.t.HelmChartContainer - [hivemq-test-hivemq-platform] [hivemq-platform-operator] [3cd2b14a] 04:03:43.690 [ReconcilerExecutor-hivemq-controller-128] DEBUG c.h.p.o.h.HiveMQPlatformReconcilerErrorHandler - [helmvolu] Pod 'test-hivemq-platform-1' phase Running
2025-01-30 04:03:43,693 INFO c.h.h.t.HelmChartContainer - [hivemq-test-hivemq-platform] [hivemq-platform-operator] [3cd2b14a] 04:03:43.691 [ReconcilerExecutor-hivemq-controller-128] DEBUG c.h.p.o.h.HiveMQPlatformReconcilerErrorHandler - [helmvolu] Pod 'test-hivemq-platform-0' phase Running
2025-01-30 04:03:43,693 INFO c.h.h.t.HelmChartContainer - [hivemq-test-hivemq-platform] [hivemq-platform-operator] [3cd2b14a] 04:03:43.691 [ReconcilerExecutor-hivemq-controller-128] INFO  c.h.p.o.h.HiveMQPlatformReconcilerBaseHandler - [helmvolu] Started rolling restart (scaling to 3 replicas)
2025-01-30 04:03:43,707 INFO c.h.h.t.HelmChartContainer - [hivemq-test-hivemq-platform] [hivemq-platform-operator] [3cd2b14a] 04:03:43.707 [ReconcilerExecutor-hivemq-controller-128] DEBUG c.h.p.operator.event.EventSender - [helmvolu] Creating K8s event rolling-restart-started: [RollingRestart] HiveMQ Platform is starting a surge Pod (rolling restart)
2025-01-30 04:03:43,789 INFO c.h.h.t.HelmChartContainer - [EVENT] Normal [RollingRestart] HiveMQ Platform is starting a surge Pod (rolling restart) [helmvolumeclaimtemplatesit:test-hivemq-platform]
2025-01-30 04:03:43,790 INFO c.h.h.t.HelmChartContainer - [hivemq-test-hivemq-platform] [hivemq-platform-operator] [3cd2b14a] 04:03:43.789 [ReconcilerExecutor-hivemq-controller-128] INFO  c.h.p.o.h.AbstractHiveMQReconcilerStateHandler - [helmvolu] Update HiveMQ Platform Status (RUNNING [READY] -> ROLLING_RESTART [SURGE_IN_PROGRESS]): HiveMQ Platform is starting a surge Pod (rolling restart)
2025-01-30 04:03:43,798 DEBUG com.hivemq.helmcharts.util.K8sUtil - Comparing actual state 'ROLLING_RESTART' and waiting for 'ROLLING_RESTART'
2025-01-30 04:03:43,805 DEBUG com.hivemq.helmcharts.util.K8sUtil - Comparing actual state 'ROLLING_RESTART' and waiting for 'RUNNING'
2025-01-30 04:03:43,806 INFO c.h.h.t.HelmChartContainer - [hivemq-test-hivemq-platform] [hivemq-platform-operator] [3cd2b14a] 04:03:43.801 [pool-6-thread-8] DEBUG c.h.p.o.d.PodServiceAccountResource - [helmvolu] Desired PodServiceAccountResource (serviceAccountName: hivemq-platform-pod-test-hivemq-platform)
2025-01-30 04:03:43,806 INFO c.h.h.t.HelmChartContainer - [hivemq-test-hivemq-platform] [hivemq-platform-operator] [3cd2b14a] 04:03:43.800 [pool-6-thread-7] DEBUG c.h.p.o.d.PlatformServiceResource - [helmvolu] Desired Platform services (3 services)
2025-01-30 04:03:43,806 INFO c.h.h.t.HelmChartContainer - [hivemq-test-hivemq-platform] [hivemq-platform-operator] [3cd2b14a] 04:03:43.802 [pool-6-thread-6] DEBUG c.h.p.o.dependants.PodInfoConfigMap - [helmvolu] Desired PodInfo ConfigMap (1 extensions) (1 enabled)
2025-01-30 04:03:43,806 INFO c.h.h.t.HelmChartContainer - [hivemq-test-hivemq-platform] [hivemq-platform-operator] [3cd2b14a] 04:03:43.802 [pool-6-thread-6] DEBUG c.h.p.o.dependants.PodInfoConfigMap - [helmvolu] Desired PodInfo ConfigMap (metrics port: 9399) (metrics path: /)
2025-01-30 04:03:43,806 INFO c.h.h.t.HelmChartContainer - [hivemq-test-hivemq-platform] [hivemq-platform-operator] [3cd2b14a] 04:03:43.802 [pool-6-thread-6] DEBUG c.h.p.o.dependants.PodInfoConfigMap - [helmvolu] Desired PodInfo ConfigMap (extension state hash: -1817474005)
2025-01-30 04:03:43,806 INFO c.h.h.t.HelmChartContainer - [hivemq-test-hivemq-platform] [hivemq-platform-operator] [3cd2b14a] 04:03:43.803 [pool-6-thread-6] DEBUG c.h.p.o.dependants.PodInfoConfigMap - [helmvolu] Update PodInfo ConfigMap
2025-01-30 04:03:43,889 INFO c.h.h.t.HelmChartContainer - [hivemq-test-hivemq-platform] [hivemq-platform-operator] [3cd2b14a] 04:03:43.888 [pool-6-thread-6] DEBUG c.h.p.o.d.StatefulSetResource - [helmvolu] Desired StatefulSet (3 replicas) for status ROLLING_RESTART (SURGE_IN_PROGRESS)
2025-01-30 04:03:43,892 INFO c.h.h.t.HelmChartContainer - [hivemq-test-hivemq-platform] [hivemq-platform-operator] [3cd2b14a] 04:03:43.891 [pool-6-thread-6] DEBUG c.h.p.o.d.StatefulSetResource - [helmvolu] Update StatefulSet (replicas: 2 -> 3)
2025-01-30 04:03:43,904 INFO c.h.h.t.HelmChartContainer - [hivemq-test-hivemq-platform] [hivemq-platform-operator] [3cd2b14a] 04:03:43.903 [ReconcilerExecutor-hivemq-controller-129] INFO  c.h.p.o.HiveMQPlatformReconciler - [helmvolu] Reconciling HiveMQ Platform 'test-hivemq-platform' in namespace 'helmvolumeclaimtemplatesit'
2025-01-30 04:03:43,905 INFO c.h.h.t.HelmChartContainer - [hivemq-test-hivemq-platform] [hivemq-platform-operator] [3cd2b14a] 04:03:43.903 [ReconcilerExecutor-hivemq-controller-129] DEBUG c.h.p.o.HiveMQPlatformReconciler - [helmvolu] Custom Resource Status ROLLING_RESTART - HiveMQ Platform is starting a surge Pod (rolling restart) (SURGE_IN_PROGRESS)
2025-01-30 04:03:43,905 INFO c.h.h.t.HelmChartContainer - [hivemq-test-hivemq-platform] [hivemq-platform-operator] [3cd2b14a] 04:03:43.903 [ReconcilerExecutor-hivemq-controller-129] DEBUG c.h.p.o.HiveMQPlatformReconciler - [helmvolu] Custom Resource Spec (replicas: 2) (extensions: 1)
2025-01-30 04:03:43,905 INFO c.h.h.t.HelmChartContainer - [hivemq-test-hivemq-platform] [hivemq-platform-operator] [3cd2b14a] 04:03:43.904 [ReconcilerExecutor-hivemq-controller-129] DEBUG c.h.p.o.HiveMQPlatformReconciler - [helmvolu] StatefulSet Status (revision: test-hivemq-platform-59475f86c9, replicas: 2, available: 2, ready: 2, current: 2, updated: 0)
2025-01-30 04:03:43,905 INFO c.h.h.t.HelmChartContainer - [hivemq-test-hivemq-platform] [hivemq-platform-operator] [3cd2b14a] 04:03:43.904 [ReconcilerExecutor-hivemq-controller-129] DEBUG c.h.p.o.HiveMQPlatformReconciler - [helmvolu] StatefulSet Spec (replicas: 3, init containers: 1, containers: 1, volumes: 4)
2025-01-30 04:03:43,906 INFO c.h.h.t.HelmChartContainer - [hivemq-test-hivemq-platform] [hivemq-platform-operator] [3cd2b14a] 04:03:43.905 [ReconcilerExecutor-hivemq-controller-129] DEBUG c.h.p.o.h.HiveMQPlatformReconcilerErrorHandler - [helmvolu] Pod 'test-hivemq-platform-1' phase Running
2025-01-30 04:03:43,908 INFO c.h.h.t.HelmChartContainer - [hivemq-test-hivemq-platform] [hivemq-platform-operator] [3cd2b14a] 04:03:43.906 [ReconcilerExecutor-hivemq-controller-129] DEBUG c.h.p.o.h.HiveMQPlatformReconcilerErrorHandler - [helmvolu] Pod 'test-hivemq-platform-0' phase Running
2025-01-30 04:03:43,910 INFO c.h.h.t.HelmChartContainer - [hivemq-test-hivemq-platform] [hivemq-platform-operator] [3cd2b14a] 04:03:43.908 [ReconcilerExecutor-hivemq-controller-129] DEBUG c.h.p.o.h.HiveMQPlatformReconcilerRollingRestartHandler - [helmvolu] Rolling restart is waiting for 2 of 3 replicas
2025-01-30 04:03:43,913 INFO c.h.h.t.HelmChartContainer - [EVENT] Normal [SuccessfulCreate] create Claim hivemq-pvc-data-test-hivemq-platform-2 Pod test-hivemq-platform-2 in StatefulSet test-hivemq-platform success [helmvolumeclaimtemplatesit:test-hivemq-platform]
2025-01-30 04:03:43,913 INFO c.h.h.t.HelmChartContainer - [EVENT] Normal [WaitForFirstConsumer] waiting for first consumer to be created before binding [helmvolumeclaimtemplatesit:hivemq-pvc-data-test-hivemq-platform-2]
2025-01-30 04:03:43,916 INFO c.h.h.t.HelmChartContainer - [EVENT] Normal [SuccessfulCreate] create Pod test-hivemq-platform-2 in StatefulSet test-hivemq-platform successful [helmvolumeclaimtemplatesit:test-hivemq-platform]
2025-01-30 04:03:43,918 INFO c.h.h.t.HelmChartContainer - [POD] test-hivemq-platform-2 [1fef601f-ab18-4728-b244-b1212471a77a] in helmvolumeclaimtemplatesit was ADDED
2025-01-30 04:03:43,928 INFO c.h.h.t.HelmChartContainer - [EVENT] Normal [ExternalProvisioning] Waiting for a volume to be created either by the external provisioner 'rancher.io/local-path' or manually by the system administrator. If volume creation is delayed, please verify that the provisioner is running and correctly registered. [helmvolumeclaimtemplatesit:hivemq-pvc-data-test-hivemq-platform-2]
2025-01-30 04:03:43,930 INFO c.h.h.t.HelmChartContainer - [EVENT] Normal [Provisioning] External provisioner is provisioning volume for claim "helmvolumeclaimtemplatesit/hivemq-pvc-data-test-hivemq-platform-2" [helmvolumeclaimtemplatesit:hivemq-pvc-data-test-hivemq-platform-2]
2025-01-30 04:03:43,931 INFO c.h.h.t.HelmChartContainer - [EVENT] Normal [ExternalProvisioning] Waiting for a volume to be created either by the external provisioner 'rancher.io/local-path' or manually by the system administrator. If volume creation is delayed, please verify that the provisioner is running and correctly registered. [helmvolumeclaimtemplatesit:hivemq-pvc-data-test-hivemq-platform-2]
2025-01-30 04:03:44,003 INFO c.h.h.t.HelmChartContainer - [hivemq-test-hivemq-platform] [hivemq-platform-operator] [3cd2b14a] 04:03:43.992 [pool-6-thread-19] DEBUG c.h.p.o.d.PlatformServiceResource - [helmvolu] Desired Platform services (3 services)
2025-01-30 04:03:44,004 INFO c.h.h.t.HelmChartContainer - [hivemq-test-hivemq-platform] [hivemq-platform-operator] [3cd2b14a] 04:03:43.995 [pool-6-thread-14] DEBUG c.h.p.o.dependants.PodInfoConfigMap - [helmvolu] Desired PodInfo ConfigMap (1 extensions) (1 enabled)
2025-01-30 04:03:44,004 INFO c.h.h.t.HelmChartContainer - [hivemq-test-hivemq-platform] [hivemq-platform-operator] [3cd2b14a] 04:03:43.995 [pool-6-thread-14] DEBUG c.h.p.o.dependants.PodInfoConfigMap - [helmvolu] Desired PodInfo ConfigMap (metrics port: 9399) (metrics path: /)
2025-01-30 04:03:44,004 INFO c.h.h.t.HelmChartContainer - [hivemq-test-hivemq-platform] [hivemq-platform-operator] [3cd2b14a] 04:03:43.995 [pool-6-thread-14] DEBUG c.h.p.o.dependants.PodInfoConfigMap - [helmvolu] Desired PodInfo ConfigMap (extension state hash: -1817474005)
2025-01-30 04:03:44,004 INFO c.h.h.t.HelmChartContainer - [hivemq-test-hivemq-platform] [hivemq-platform-operator] [3cd2b14a] 04:03:43.997 [pool-6-thread-14] DEBUG c.h.p.o.d.PodServiceAccountResource - [helmvolu] Desired PodServiceAccountResource (serviceAccountName: hivemq-platform-pod-test-hivemq-platform)
2025-01-30 04:03:44,004 INFO c.h.h.t.HelmChartContainer - [hivemq-test-hivemq-platform] [hivemq-platform-operator] [3cd2b14a] 04:03:44.000 [pool-6-thread-14] DEBUG c.h.p.o.d.StatefulSetResource - [helmvolu] Desired StatefulSet (3 replicas) for status ROLLING_RESTART (SURGE_IN_PROGRESS)
2025-01-30 04:03:44,008 INFO c.h.h.t.HelmChartContainer - [POD] helper-pod-create-pvc-58d1e09a-dcd3-4de2-b36a-2666dc6f0838 [e72a168b-d89b-47f1-90d4-99ef889eb49a] in kube-system was ADDED
2025-01-30 04:03:44,021 INFO c.h.h.t.HelmChartContainer - [POD] helper-pod-create-pvc-58d1e09a-dcd3-4de2-b36a-2666dc6f0838 [e72a168b-d89b-47f1-90d4-99ef889eb49a] in kube-system was MODIFIED
2025-01-30 04:03:44,083 INFO c.h.h.t.HelmChartContainer - [K3S] [reconciler_common.go:251] "operationExecutor.VerifyControllerAttachedVolume started for volume \"data\" (UniqueName: \"kubernetes.io/host-path/e72a168b-d89b-47f1-90d4-99ef889eb49a-data\") pod \"helper-pod-create-pvc-58d1e09a-dcd3-4de2-b36a-2666dc6f0838\" (UID: \"e72a168b-d89b-47f1-90d4-99ef889eb49a\") " pod="kube-system/helper-pod-create-pvc-58d1e09a-dcd3-4de2-b36a-2666dc6f0838"
2025-01-30 04:03:44,083 INFO c.h.h.t.HelmChartContainer - [K3S] [reconciler_common.go:251] "operationExecutor.VerifyControllerAttachedVolume started for volume \"kube-api-access-rt65t\" (UniqueName: \"kubernetes.io/projected/e72a168b-d89b-47f1-90d4-99ef889eb49a-kube-api-access-rt65t\") pod \"helper-pod-create-pvc-58d1e09a-dcd3-4de2-b36a-2666dc6f0838\" (UID: \"e72a168b-d89b-47f1-90d4-99ef889eb49a\") " pod="kube-system/helper-pod-create-pvc-58d1e09a-dcd3-4de2-b36a-2666dc6f0838"
2025-01-30 04:03:44,083 INFO c.h.h.t.HelmChartContainer - [K3S] [reconciler_common.go:251] "operationExecutor.VerifyControllerAttachedVolume started for volume \"script\" (UniqueName: \"kubernetes.io/configmap/e72a168b-d89b-47f1-90d4-99ef889eb49a-script\") pod \"helper-pod-create-pvc-58d1e09a-dcd3-4de2-b36a-2666dc6f0838\" (UID: \"e72a168b-d89b-47f1-90d4-99ef889eb49a\") " pod="kube-system/helper-pod-create-pvc-58d1e09a-dcd3-4de2-b36a-2666dc6f0838"
2025-01-30 04:03:44,088 INFO c.h.h.t.HelmChartContainer - [hivemq-test-hivemq-platform] [hivemq-platform-operator] [3cd2b14a] 04:03:44.085 [ReconcilerExecutor-hivemq-controller-130] INFO  c.h.p.o.HiveMQPlatformReconciler - [helmvolu] Reconciling HiveMQ Platform 'test-hivemq-platform' in namespace 'helmvolumeclaimtemplatesit'
2025-01-30 04:03:44,088 INFO c.h.h.t.HelmChartContainer - [hivemq-test-hivemq-platform] [hivemq-platform-operator] [3cd2b14a] 04:03:44.086 [ReconcilerExecutor-hivemq-controller-130] DEBUG c.h.p.o.HiveMQPlatformReconciler - [helmvolu] Custom Resource Status ROLLING_RESTART - HiveMQ Platform is starting a surge Pod (rolling restart) (SURGE_IN_PROGRESS)
2025-01-30 04:03:44,088 INFO c.h.h.t.HelmChartContainer - [hivemq-test-hivemq-platform] [hivemq-platform-operator] [3cd2b14a] 04:03:44.086 [ReconcilerExecutor-hivemq-controller-130] DEBUG c.h.p.o.HiveMQPlatformReconciler - [helmvolu] Custom Resource Spec (replicas: 2) (extensions: 1)
2025-01-30 04:03:44,090 INFO c.h.h.t.HelmChartContainer - [hivemq-test-hivemq-platform] [hivemq-platform-operator] [3cd2b14a] 04:03:44.088 [ReconcilerExecutor-hivemq-controller-130] DEBUG c.h.p.o.HiveMQPlatformReconciler - [helmvolu] StatefulSet Status (revision: test-hivemq-platform-59475f86c9, replicas: 3, available: 2, ready: 2, current: 2, updated: 1)
2025-01-30 04:03:44,090 INFO c.h.h.t.HelmChartContainer - [hivemq-test-hivemq-platform] [hivemq-platform-operator] [3cd2b14a] 04:03:44.088 [ReconcilerExecutor-hivemq-controller-130] DEBUG c.h.p.o.HiveMQPlatformReconciler - [helmvolu] StatefulSet Spec (replicas: 3, init containers: 1, containers: 1, volumes: 4)
2025-01-30 04:03:44,091 INFO c.h.h.t.HelmChartContainer - [hivemq-test-hivemq-platform] [hivemq-platform-operator] [3cd2b14a] 04:03:44.089 [ReconcilerExecutor-hivemq-controller-130] DEBUG c.h.p.o.h.HiveMQPlatformReconcilerErrorHandler - [helmvolu] Pod 'test-hivemq-platform-2' phase Pending
2025-01-30 04:03:44,092 INFO c.h.h.t.HelmChartContainer - [hivemq-test-hivemq-platform] [hivemq-platform-operator] [3cd2b14a] 04:03:44.091 [ReconcilerExecutor-hivemq-controller-130] DEBUG c.h.p.o.h.HiveMQPlatformReconcilerErrorHandler - [helmvolu] Pod 'test-hivemq-platform-1' phase Running
2025-01-30 04:03:44,093 INFO c.h.h.t.HelmChartContainer - [hivemq-test-hivemq-platform] [hivemq-platform-operator] [3cd2b14a] 04:03:44.092 [ReconcilerExecutor-hivemq-controller-130] DEBUG c.h.p.o.h.HiveMQPlatformReconcilerErrorHandler - [helmvolu] Pod 'test-hivemq-platform-0' phase Running
2025-01-30 04:03:44,093 INFO c.h.h.t.HelmChartContainer - [hivemq-test-hivemq-platform] [hivemq-platform-operator] [3cd2b14a] 04:03:44.092 [ReconcilerExecutor-hivemq-controller-130] DEBUG c.h.p.o.h.HiveMQPlatformReconcilerRollingRestartHandler - [helmvolu] Rolling restart is waiting for 2 of 3 replicas
2025-01-30 04:03:44,095 INFO c.h.h.t.HelmChartContainer - [hivemq-test-hivemq-platform] [hivemq-platform-operator] [3cd2b14a] 04:03:44.095 [pool-6-thread-27] DEBUG c.h.p.o.d.PlatformServiceResource - [helmvolu] Desired Platform services (3 services)
2025-01-30 04:03:44,098 INFO c.h.h.t.HelmChartContainer - [hivemq-test-hivemq-platform] [hivemq-platform-operator] [3cd2b14a] 04:03:44.096 [pool-6-thread-25] DEBUG c.h.p.o.d.PodServiceAccountResource - [helmvolu] Desired PodServiceAccountResource (serviceAccountName: hivemq-platform-pod-test-hivemq-platform)
2025-01-30 04:03:44,098 INFO c.h.h.t.HelmChartContainer - [hivemq-test-hivemq-platform] [hivemq-platform-operator] [3cd2b14a] 04:03:44.095 [pool-6-thread-30] DEBUG c.h.p.o.dependants.PodInfoConfigMap - [helmvolu] Desired PodInfo ConfigMap (1 extensions) (1 enabled)
2025-01-30 04:03:44,100 INFO c.h.h.t.HelmChartContainer - [hivemq-test-hivemq-platform] [hivemq-platform-operator] [3cd2b14a] 04:03:44.097 [pool-6-thread-30] DEBUG c.h.p.o.dependants.PodInfoConfigMap - [helmvolu] Desired PodInfo ConfigMap (metrics port: 9399) (metrics path: /)
2025-01-30 04:03:44,100 INFO c.h.h.t.HelmChartContainer - [hivemq-test-hivemq-platform] [hivemq-platform-operator] [3cd2b14a] 04:03:44.099 [pool-6-thread-30] DEBUG c.h.p.o.dependants.PodInfoConfigMap - [helmvolu] Desired PodInfo ConfigMap (extension state hash: -1817474005)
2025-01-30 04:03:44,103 INFO c.h.h.t.HelmChartContainer - [hivemq-test-hivemq-platform] [hivemq-platform-operator] [3cd2b14a] 04:03:44.103 [pool-6-thread-27] DEBUG c.h.p.o.d.StatefulSetResource - [helmvolu] Desired StatefulSet (3 replicas) for status ROLLING_RESTART (SURGE_IN_PROGRESS)
2025-01-30 04:03:44,189 INFO c.h.h.t.HelmChartContainer - [hivemq-test-hivemq-platform] [hivemq-platform-operator] [3cd2b14a] 04:03:44.188 [ReconcilerExecutor-hivemq-controller-131] INFO  c.h.p.o.HiveMQPlatformReconciler - [helmvolu] Reconciling HiveMQ Platform 'test-hivemq-platform' in namespace 'helmvolumeclaimtemplatesit'
2025-01-30 04:03:44,191 INFO c.h.h.t.HelmChartContainer - [hivemq-test-hivemq-platform] [hivemq-platform-operator] [3cd2b14a] 04:03:44.189 [ReconcilerExecutor-hivemq-controller-131] DEBUG c.h.p.o.HiveMQPlatformReconciler - [helmvolu] Custom Resource Status ROLLING_RESTART - HiveMQ Platform is starting a surge Pod (rolling restart) (SURGE_IN_PROGRESS)
2025-01-30 04:03:44,191 INFO c.h.h.t.HelmChartContainer - [hivemq-test-hivemq-platform] [hivemq-platform-operator] [3cd2b14a] 04:03:44.189 [ReconcilerExecutor-hivemq-controller-131] DEBUG c.h.p.o.HiveMQPlatformReconciler - [helmvolu] Custom Resource Spec (replicas: 2) (extensions: 1)
2025-01-30 04:03:44,194 INFO c.h.h.t.HelmChartContainer - [hivemq-test-hivemq-platform] [hivemq-platform-operator] [3cd2b14a] 04:03:44.190 [ReconcilerExecutor-hivemq-controller-131] DEBUG c.h.p.o.HiveMQPlatformReconciler - [helmvolu] StatefulSet Status (revision: test-hivemq-platform-59475f86c9, replicas: 3, available: 2, ready: 2, current: 2, updated: 1)
2025-01-30 04:03:44,195 INFO c.h.h.t.HelmChartContainer - [hivemq-test-hivemq-platform] [hivemq-platform-operator] [3cd2b14a] 04:03:44.190 [ReconcilerExecutor-hivemq-controller-131] DEBUG c.h.p.o.HiveMQPlatformReconciler - [helmvolu] StatefulSet Spec (replicas: 3, init containers: 1, containers: 1, volumes: 4)
2025-01-30 04:03:44,195 INFO c.h.h.t.HelmChartContainer - [hivemq-test-hivemq-platform] [hivemq-platform-operator] [3cd2b14a] 04:03:44.192 [ReconcilerExecutor-hivemq-controller-131] DEBUG c.h.p.o.h.HiveMQPlatformReconcilerErrorHandler - [helmvolu] Pod 'test-hivemq-platform-2' phase Pending
2025-01-30 04:03:44,195 INFO c.h.h.t.HelmChartContainer - [hivemq-test-hivemq-platform] [hivemq-platform-operator] [3cd2b14a] 04:03:44.194 [ReconcilerExecutor-hivemq-controller-131] DEBUG c.h.p.o.h.HiveMQPlatformReconcilerErrorHandler - [helmvolu] Pod 'test-hivemq-platform-1' phase Running
2025-01-30 04:03:44,197 INFO c.h.h.t.HelmChartContainer - [hivemq-test-hivemq-platform] [hivemq-platform-operator] [3cd2b14a] 04:03:44.195 [ReconcilerExecutor-hivemq-controller-131] DEBUG c.h.p.o.h.HiveMQPlatformReconcilerErrorHandler - [helmvolu] Pod 'test-hivemq-platform-0' phase Running
2025-01-30 04:03:44,197 INFO c.h.h.t.HelmChartContainer - [hivemq-test-hivemq-platform] [hivemq-platform-operator] [3cd2b14a] 04:03:44.197 [ReconcilerExecutor-hivemq-controller-131] DEBUG c.h.p.o.h.HiveMQPlatformReconcilerRollingRestartHandler - [helmvolu] Rolling restart is waiting for 2 of 3 replicas
2025-01-30 04:03:44,628 INFO c.h.h.t.HelmChartContainer - [POD] helper-pod-create-pvc-58d1e09a-dcd3-4de2-b36a-2666dc6f0838 [e72a168b-d89b-47f1-90d4-99ef889eb49a] in kube-system was MODIFIED
2025-01-30 04:03:45,711 INFO c.h.h.t.HelmChartContainer - [POD] helper-pod-create-pvc-58d1e09a-dcd3-4de2-b36a-2666dc6f0838 [e72a168b-d89b-47f1-90d4-99ef889eb49a] in kube-system was MODIFIED
2025-01-30 04:03:45,791 INFO c.h.h.t.HelmChartContainer - [K3S] [reconciler_common.go:162] "operationExecutor.UnmountVolume started for volume \"script\" (UniqueName: \"kubernetes.io/configmap/e72a168b-d89b-47f1-90d4-99ef889eb49a-script\") pod \"e72a168b-d89b-47f1-90d4-99ef889eb49a\" (UID: \"e72a168b-d89b-47f1-90d4-99ef889eb49a\") "
2025-01-30 04:03:45,791 INFO c.h.h.t.HelmChartContainer - [K3S] [reconciler_common.go:162] "operationExecutor.UnmountVolume started for volume \"kube-api-access-rt65t\" (UniqueName: \"kubernetes.io/projected/e72a168b-d89b-47f1-90d4-99ef889eb49a-kube-api-access-rt65t\") pod \"e72a168b-d89b-47f1-90d4-99ef889eb49a\" (UID: \"e72a168b-d89b-47f1-90d4-99ef889eb49a\") "
2025-01-30 04:03:45,791 INFO c.h.h.t.HelmChartContainer - [K3S] [reconciler_common.go:162] "operationExecutor.UnmountVolume started for volume \"data\" (UniqueName: \"kubernetes.io/host-path/e72a168b-d89b-47f1-90d4-99ef889eb49a-data\") pod \"e72a168b-d89b-47f1-90d4-99ef889eb49a\" (UID: \"e72a168b-d89b-47f1-90d4-99ef889eb49a\") "
2025-01-30 04:03:45,891 INFO c.h.h.t.HelmChartContainer - [K3S] [reconciler_common.go:299] "Volume detached for volume \"script\" (UniqueName: \"kubernetes.io/configmap/e72a168b-d89b-47f1-90d4-99ef889eb49a-script\") on node \"50074fe47053\" DevicePath \"\""
2025-01-30 04:03:45,892 INFO c.h.h.t.HelmChartContainer - [K3S] [reconciler_common.go:299] "Volume detached for volume \"kube-api-access-rt65t\" (UniqueName: \"kubernetes.io/projected/e72a168b-d89b-47f1-90d4-99ef889eb49a-kube-api-access-rt65t\") on node \"50074fe47053\" DevicePath \"\""
2025-01-30 04:03:45,892 INFO c.h.h.t.HelmChartContainer - [K3S] [reconciler_common.go:299] "Volume detached for volume \"data\" (UniqueName: \"kubernetes.io/host-path/e72a168b-d89b-47f1-90d4-99ef889eb49a-data\") on node \"50074fe47053\" DevicePath \"\""
2025-01-30 04:03:46,027 INFO c.h.h.t.HelmChartContainer - [POD] helper-pod-create-pvc-58d1e09a-dcd3-4de2-b36a-2666dc6f0838 [e72a168b-d89b-47f1-90d4-99ef889eb49a] in kube-system was MODIFIED
2025-01-30 04:03:46,033 INFO c.h.h.t.HelmChartContainer - [POD] helper-pod-create-pvc-58d1e09a-dcd3-4de2-b36a-2666dc6f0838 [e72a168b-d89b-47f1-90d4-99ef889eb49a] in kube-system was DELETED
2025-01-30 04:03:46,040 INFO c.h.h.t.HelmChartContainer - [EVENT] Normal [ProvisioningSucceeded] Successfully provisioned volume pvc-58d1e09a-dcd3-4de2-b36a-2666dc6f0838 [helmvolumeclaimtemplatesit:hivemq-pvc-data-test-hivemq-platform-2]
2025-01-30 04:03:46,624 INFO c.h.h.t.HelmChartContainer - [K3S] [pod_container_deletor.go:80] "Container not found in pod's containers" containerID="d8620ea9e4eaa0f73a7c4ed20c680bd6e79518252390360122ef2c3fbf71e7e5"
2025-01-30 04:03:46,632 INFO c.h.h.t.HelmChartContainer - [K3S] [status_manager.go:890] "Failed to get status for pod" podUID="e72a168b-d89b-47f1-90d4-99ef889eb49a" pod="kube-system/helper-pod-create-pvc-58d1e09a-dcd3-4de2-b36a-2666dc6f0838" err="pods \"helper-pod-create-pvc-58d1e09a-dcd3-4de2-b36a-2666dc6f0838\" is forbidden: User \"system:node:50074fe47053\" cannot get resource \"pods\" in API group \"\" in the namespace \"kube-system\": no relationship found between node '50074fe47053' and this object"
2025-01-30 04:03:46,925 INFO c.h.h.t.HelmChartContainer - [K3S] [memory_manager.go:355] "RemoveStaleState removing state" podUID="e72a168b-d89b-47f1-90d4-99ef889eb49a" containerName="helper-pod"
2025-01-30 04:03:46,930 INFO c.h.h.t.HelmChartContainer - [EVENT] Normal [Scheduled] Successfully assigned helmvolumeclaimtemplatesit/test-hivemq-platform-2 to 50074fe47053 [helmvolumeclaimtemplatesit:test-hivemq-platform-2]
2025-01-30 04:03:46,931 INFO c.h.h.t.HelmChartContainer - [POD] test-hivemq-platform-2 [1fef601f-ab18-4728-b244-b1212471a77a] in helmvolumeclaimtemplatesit was MODIFIED
2025-01-30 04:03:46,932 INFO c.h.h.t.HelmChartContainer - [hivemq-test-hivemq-platform] [hivemq-platform-operator] [3cd2b14a] 04:03:46.930 [pool-6-thread-34] DEBUG c.h.p.o.d.PlatformServiceResource - [helmvolu] Desired Platform services (3 services)
2025-01-30 04:03:46,933 INFO c.h.h.t.HelmChartContainer - [hivemq-test-hivemq-platform] [hivemq-platform-operator] [3cd2b14a] 04:03:46.931 [pool-6-thread-33] DEBUG c.h.p.o.dependants.PodInfoConfigMap - [helmvolu] Desired PodInfo ConfigMap (1 extensions) (1 enabled)
2025-01-30 04:03:46,933 INFO c.h.h.t.HelmChartContainer - [hivemq-test-hivemq-platform] [hivemq-platform-operator] [3cd2b14a] 04:03:46.931 [pool-6-thread-33] DEBUG c.h.p.o.dependants.PodInfoConfigMap - [helmvolu] Desired PodInfo ConfigMap (metrics port: 9399) (metrics path: /)
2025-01-30 04:03:46,933 INFO c.h.h.t.HelmChartContainer - [hivemq-test-hivemq-platform] [hivemq-platform-operator] [3cd2b14a] 04:03:46.931 [pool-6-thread-33] DEBUG c.h.p.o.dependants.PodInfoConfigMap - [helmvolu] Desired PodInfo ConfigMap (extension state hash: -1817474005)
2025-01-30 04:03:46,933 INFO c.h.h.t.HelmChartContainer - [hivemq-test-hivemq-platform] [hivemq-platform-operator] [3cd2b14a] 04:03:46.932 [pool-6-thread-38] DEBUG c.h.p.o.d.PodServiceAccountResource - [helmvolu] Desired PodServiceAccountResource (serviceAccountName: hivemq-platform-pod-test-hivemq-platform)
2025-01-30 04:03:46,940 INFO c.h.h.t.HelmChartContainer - [K3S] [status_manager.go:890] "Failed to get status for pod" podUID="e72a168b-d89b-47f1-90d4-99ef889eb49a" pod="kube-system/helper-pod-create-pvc-58d1e09a-dcd3-4de2-b36a-2666dc6f0838" err="pods \"helper-pod-create-pvc-58d1e09a-dcd3-4de2-b36a-2666dc6f0838\" is forbidden: User \"system:node:50074fe47053\" cannot get resource \"pods\" in API group \"\" in the namespace \"kube-system\": no relationship found between node '50074fe47053' and this object"
2025-01-30 04:03:46,941 INFO c.h.h.t.HelmChartContainer - [hivemq-test-hivemq-platform] [hivemq-platform-operator] [3cd2b14a] 04:03:46.937 [pool-6-thread-34] DEBUG c.h.p.o.d.StatefulSetResource - [helmvolu] Desired StatefulSet (3 replicas) for status ROLLING_RESTART (SURGE_IN_PROGRESS)
2025-01-30 04:03:46,941 INFO c.h.h.t.HelmChartContainer - [POD] test-hivemq-platform-2 [1fef601f-ab18-4728-b244-b1212471a77a] in helmvolumeclaimtemplatesit was MODIFIED
2025-01-30 04:03:46,945 INFO c.h.h.t.HelmChartContainer - [hivemq-test-hivemq-platform] [hivemq-platform-operator] [3cd2b14a] 04:03:46.944 [ReconcilerExecutor-hivemq-controller-132] INFO  c.h.p.o.HiveMQPlatformReconciler - [helmvolu] Reconciling HiveMQ Platform 'test-hivemq-platform' in namespace 'helmvolumeclaimtemplatesit'
2025-01-30 04:03:46,946 INFO c.h.h.t.HelmChartContainer - [hivemq-test-hivemq-platform] [hivemq-platform-operator] [3cd2b14a] 04:03:46.944 [ReconcilerExecutor-hivemq-controller-132] DEBUG c.h.p.o.HiveMQPlatformReconciler - [helmvolu] Custom Resource Status ROLLING_RESTART - HiveMQ Platform is starting a surge Pod (rolling restart) (SURGE_IN_PROGRESS)
2025-01-30 04:03:46,947 INFO c.h.h.t.HelmChartContainer - [hivemq-test-hivemq-platform] [hivemq-platform-operator] [3cd2b14a] 04:03:46.944 [ReconcilerExecutor-hivemq-controller-132] DEBUG c.h.p.o.HiveMQPlatformReconciler - [helmvolu] Custom Resource Spec (replicas: 2) (extensions: 1)
2025-01-30 04:03:46,948 INFO c.h.h.t.HelmChartContainer - [hivemq-test-hivemq-platform] [hivemq-platform-operator] [3cd2b14a] 04:03:46.947 [ReconcilerExecutor-hivemq-controller-132] DEBUG c.h.p.o.HiveMQPlatformReconciler - [helmvolu] StatefulSet Status (revision: test-hivemq-platform-59475f86c9, replicas: 3, available: 2, ready: 2, current: 2, updated: 1)
2025-01-30 04:03:46,948 INFO c.h.h.t.HelmChartContainer - [hivemq-test-hivemq-platform] [hivemq-platform-operator] [3cd2b14a] 04:03:46.947 [ReconcilerExecutor-hivemq-controller-132] DEBUG c.h.p.o.HiveMQPlatformReconciler - [helmvolu] StatefulSet Spec (replicas: 3, init containers: 1, containers: 1, volumes: 4)
2025-01-30 04:03:46,950 INFO c.h.h.t.HelmChartContainer - [hivemq-test-hivemq-platform] [hivemq-platform-operator] [3cd2b14a] 04:03:46.949 [ReconcilerExecutor-hivemq-controller-132] DEBUG c.h.p.o.h.HiveMQPlatformReconcilerErrorHandler - [helmvolu] Pod 'test-hivemq-platform-2' phase Pending
2025-01-30 04:03:46,950 INFO c.h.h.t.HelmChartContainer - [hivemq-test-hivemq-platform] [hivemq-platform-operator] [3cd2b14a] 04:03:46.949 [ReconcilerExecutor-hivemq-controller-132] DEBUG c.h.p.o.h.HiveMQPlatformReconcilerErrorHandler - [helmvolu] Pod 'test-hivemq-platform-2' condition 'PodReadyToStartContainers': False
2025-01-30 04:03:46,952 INFO c.h.h.t.HelmChartContainer - [hivemq-test-hivemq-platform] [hivemq-platform-operator] [3cd2b14a] 04:03:46.949 [ReconcilerExecutor-hivemq-controller-132] DEBUG c.h.p.o.h.HiveMQPlatformReconcilerErrorHandler - [helmvolu] Pod 'test-hivemq-platform-2' condition 'Initialized': False
2025-01-30 04:03:46,952 INFO c.h.h.t.HelmChartContainer - [hivemq-test-hivemq-platform] [hivemq-platform-operator] [3cd2b14a] 04:03:46.949 [ReconcilerExecutor-hivemq-controller-132] DEBUG c.h.p.o.h.HiveMQPlatformReconcilerErrorHandler - [helmvolu] Pod 'test-hivemq-platform-2' condition 'Ready': False
2025-01-30 04:03:46,952 INFO c.h.h.t.HelmChartContainer - [hivemq-test-hivemq-platform] [hivemq-platform-operator] [3cd2b14a] 04:03:46.949 [ReconcilerExecutor-hivemq-controller-132] DEBUG c.h.p.o.h.HiveMQPlatformReconcilerErrorHandler - [helmvolu] Pod 'test-hivemq-platform-2' condition 'ContainersReady': False
2025-01-30 04:03:46,952 INFO c.h.h.t.HelmChartContainer - [hivemq-test-hivemq-platform] [hivemq-platform-operator] [3cd2b14a] 04:03:46.949 [ReconcilerExecutor-hivemq-controller-132] DEBUG c.h.p.o.h.HiveMQPlatformReconcilerErrorHandler - [helmvolu] Pod 'test-hivemq-platform-2' condition 'PodScheduled': True
2025-01-30 04:03:46,952 INFO c.h.h.t.HelmChartContainer - [hivemq-test-hivemq-platform] [hivemq-platform-operator] [3cd2b14a] 04:03:46.949 [ReconcilerExecutor-hivemq-controller-132] DEBUG c.h.p.o.h.HiveMQPlatformReconcilerErrorHandler - [helmvolu] Pod 'test-hivemq-platform-2' containerStatus 'hivemq' (started: false) (ready: false) (waiting: [PodInitializing] null)
2025-01-30 04:03:46,987 INFO c.h.h.t.HelmChartContainer - [hivemq-test-hivemq-platform] [hivemq-platform-operator] [3cd2b14a] 04:03:46.986 [ReconcilerExecutor-hivemq-controller-132] DEBUG c.h.p.o.h.HiveMQPlatformReconcilerErrorHandler - [helmvolu] Pod 'test-hivemq-platform-1' phase Running
2025-01-30 04:03:46,989 INFO c.h.h.t.HelmChartContainer - [hivemq-test-hivemq-platform] [hivemq-platform-operator] [3cd2b14a] 04:03:46.988 [ReconcilerExecutor-hivemq-controller-132] DEBUG c.h.p.o.h.HiveMQPlatformReconcilerErrorHandler - [helmvolu] Pod 'test-hivemq-platform-0' phase Running
2025-01-30 04:03:46,989 INFO c.h.h.t.HelmChartContainer - [hivemq-test-hivemq-platform] [hivemq-platform-operator] [3cd2b14a] 04:03:46.988 [ReconcilerExecutor-hivemq-controller-132] DEBUG c.h.p.o.h.HiveMQPlatformReconcilerRollingRestartHandler - [helmvolu] Rolling restart is waiting for 2 of 3 replicas
2025-01-30 04:03:46,994 INFO c.h.h.t.HelmChartContainer - [hivemq-test-hivemq-platform] [hivemq-platform-operator] [3cd2b14a] 04:03:46.991 [pool-6-thread-47] DEBUG c.h.p.o.d.PlatformServiceResource - [helmvolu] Desired Platform services (3 services)
2025-01-30 04:03:46,995 INFO c.h.h.t.HelmChartContainer - [hivemq-test-hivemq-platform] [hivemq-platform-operator] [3cd2b14a] 04:03:46.994 [pool-6-thread-46] DEBUG c.h.p.o.d.PodServiceAccountResource - [helmvolu] Desired PodServiceAccountResource (serviceAccountName: hivemq-platform-pod-test-hivemq-platform)
2025-01-30 04:03:46,997 INFO c.h.h.t.HelmChartContainer - [hivemq-test-hivemq-platform] [hivemq-platform-operator] [3cd2b14a] 04:03:46.995 [pool-6-thread-45] DEBUG c.h.p.o.dependants.PodInfoConfigMap - [helmvolu] Desired PodInfo ConfigMap (1 extensions) (1 enabled)
2025-01-30 04:03:46,997 INFO c.h.h.t.HelmChartContainer - [hivemq-test-hivemq-platform] [hivemq-platform-operator] [3cd2b14a] 04:03:46.996 [pool-6-thread-45] DEBUG c.h.p.o.dependants.PodInfoConfigMap - [helmvolu] Desired PodInfo ConfigMap (metrics port: 9399) (metrics path: /)
2025-01-30 04:03:46,997 INFO c.h.h.t.HelmChartContainer - [hivemq-test-hivemq-platform] [hivemq-platform-operator] [3cd2b14a] 04:03:46.996 [pool-6-thread-45] DEBUG c.h.p.o.dependants.PodInfoConfigMap - [helmvolu] Desired PodInfo ConfigMap (extension state hash: -1817474005)
2025-01-30 04:03:47,002 INFO c.h.h.t.HelmChartContainer - [K3S] [reconciler_common.go:251] "operationExecutor.VerifyControllerAttachedVolume started for volume \"broker-configuration\" (UniqueName: \"kubernetes.io/configmap/1fef601f-ab18-4728-b244-b1212471a77a-broker-configuration\") pod \"test-hivemq-platform-2\" (UID: \"1fef601f-ab18-4728-b244-b1212471a77a\") " pod="helmvolumeclaimtemplatesit/test-hivemq-platform-2"
2025-01-30 04:03:47,003 INFO c.h.h.t.HelmChartContainer - [K3S] [reconciler_common.go:251] "operationExecutor.VerifyControllerAttachedVolume started for volume \"pod-info\" (UniqueName: \"kubernetes.io/configmap/1fef601f-ab18-4728-b244-b1212471a77a-pod-info\") pod \"test-hivemq-platform-2\" (UID: \"1fef601f-ab18-4728-b244-b1212471a77a\") " pod="helmvolumeclaimtemplatesit/test-hivemq-platform-2"
2025-01-30 04:03:47,003 INFO c.h.h.t.HelmChartContainer - [K3S] [reconciler_common.go:251] "operationExecutor.VerifyControllerAttachedVolume started for volume \"operator-init\" (UniqueName: \"kubernetes.io/empty-dir/1fef601f-ab18-4728-b244-b1212471a77a-operator-init\") pod \"test-hivemq-platform-2\" (UID: \"1fef601f-ab18-4728-b244-b1212471a77a\") " pod="helmvolumeclaimtemplatesit/test-hivemq-platform-2"
2025-01-30 04:03:47,003 INFO c.h.h.t.HelmChartContainer - [K3S] [reconciler_common.go:251] "operationExecutor.VerifyControllerAttachedVolume started for volume \"kube-api-access-h7k9b\" (UniqueName: \"kubernetes.io/projected/1fef601f-ab18-4728-b244-b1212471a77a-kube-api-access-h7k9b\") pod \"test-hivemq-platform-2\" (UID: \"1fef601f-ab18-4728-b244-b1212471a77a\") " pod="helmvolumeclaimtemplatesit/test-hivemq-platform-2"
2025-01-30 04:03:47,003 INFO c.h.h.t.HelmChartContainer - [K3S] [reconciler_common.go:251] "operationExecutor.VerifyControllerAttachedVolume started for volume \"pvc-58d1e09a-dcd3-4de2-b36a-2666dc6f0838\" (UniqueName: \"kubernetes.io/local-volume/pvc-58d1e09a-dcd3-4de2-b36a-2666dc6f0838\") pod \"test-hivemq-platform-2\" (UID: \"1fef601f-ab18-4728-b244-b1212471a77a\") " pod="helmvolumeclaimtemplatesit/test-hivemq-platform-2"
2025-01-30 04:03:47,003 INFO c.h.h.t.HelmChartContainer - [hivemq-test-hivemq-platform] [hivemq-platform-operator] [3cd2b14a] 04:03:47.000 [pool-6-thread-49] DEBUG c.h.p.o.d.StatefulSetResource - [helmvolu] Desired StatefulSet (3 replicas) for status ROLLING_RESTART (SURGE_IN_PROGRESS)
2025-01-30 04:03:47,007 INFO c.h.h.t.HelmChartContainer - [hivemq-test-hivemq-platform] [hivemq-platform-operator] [3cd2b14a] 04:03:47.005 [ReconcilerExecutor-hivemq-controller-133] INFO  c.h.p.o.HiveMQPlatformReconciler - [helmvolu] Reconciling HiveMQ Platform 'test-hivemq-platform' in namespace 'helmvolumeclaimtemplatesit'
2025-01-30 04:03:47,007 INFO c.h.h.t.HelmChartContainer - [hivemq-test-hivemq-platform] [hivemq-platform-operator] [3cd2b14a] 04:03:47.006 [ReconcilerExecutor-hivemq-controller-133] DEBUG c.h.p.o.HiveMQPlatformReconciler - [helmvolu] Custom Resource Status ROLLING_RESTART - HiveMQ Platform is starting a surge Pod (rolling restart) (SURGE_IN_PROGRESS)
2025-01-30 04:03:47,007 INFO c.h.h.t.HelmChartContainer - [hivemq-test-hivemq-platform] [hivemq-platform-operator] [3cd2b14a] 04:03:47.006 [ReconcilerExecutor-hivemq-controller-133] DEBUG c.h.p.o.HiveMQPlatformReconciler - [helmvolu] Custom Resource Spec (replicas: 2) (extensions: 1)
2025-01-30 04:03:47,087 INFO c.h.h.t.HelmChartContainer - [hivemq-test-hivemq-platform] [hivemq-platform-operator] [3cd2b14a] 04:03:47.086 [ReconcilerExecutor-hivemq-controller-133] DEBUG c.h.p.o.HiveMQPlatformReconciler - [helmvolu] StatefulSet Status (revision: test-hivemq-platform-59475f86c9, replicas: 3, available: 2, ready: 2, current: 2, updated: 1)
2025-01-30 04:03:47,087 INFO c.h.h.t.HelmChartContainer - [hivemq-test-hivemq-platform] [hivemq-platform-operator] [3cd2b14a] 04:03:47.086 [ReconcilerExecutor-hivemq-controller-133] DEBUG c.h.p.o.HiveMQPlatformReconciler - [helmvolu] StatefulSet Spec (replicas: 3, init containers: 1, containers: 1, volumes: 4)
2025-01-30 04:03:47,090 INFO c.h.h.t.HelmChartContainer - [hivemq-test-hivemq-platform] [hivemq-platform-operator] [3cd2b14a] 04:03:47.088 [ReconcilerExecutor-hivemq-controller-133] DEBUG c.h.p.o.h.HiveMQPlatformReconcilerErrorHandler - [helmvolu] Pod 'test-hivemq-platform-2' phase Pending
2025-01-30 04:03:47,091 INFO c.h.h.t.HelmChartContainer - [hivemq-test-hivemq-platform] [hivemq-platform-operator] [3cd2b14a] 04:03:47.089 [ReconcilerExecutor-hivemq-controller-133] DEBUG c.h.p.o.h.HiveMQPlatformReconcilerErrorHandler - [helmvolu] Pod 'test-hivemq-platform-2' condition 'PodReadyToStartContainers': False
2025-01-30 04:03:47,091 INFO c.h.h.t.HelmChartContainer - [hivemq-test-hivemq-platform] [hivemq-platform-operator] [3cd2b14a] 04:03:47.089 [ReconcilerExecutor-hivemq-controller-133] DEBUG c.h.p.o.h.HiveMQPlatformReconcilerErrorHandler - [helmvolu] Pod 'test-hivemq-platform-2' condition 'Initialized': False
2025-01-30 04:03:47,091 INFO c.h.h.t.HelmChartContainer - [hivemq-test-hivemq-platform] [hivemq-platform-operator] [3cd2b14a] 04:03:47.089 [ReconcilerExecutor-hivemq-controller-133] DEBUG c.h.p.o.h.HiveMQPlatformReconcilerErrorHandler - [helmvolu] Pod 'test-hivemq-platform-2' condition 'Ready': False
2025-01-30 04:03:47,091 INFO c.h.h.t.HelmChartContainer - [hivemq-test-hivemq-platform] [hivemq-platform-operator] [3cd2b14a] 04:03:47.089 [ReconcilerExecutor-hivemq-controller-133] DEBUG c.h.p.o.h.HiveMQPlatformReconcilerErrorHandler - [helmvolu] Pod 'test-hivemq-platform-2' condition 'ContainersReady': False
2025-01-30 04:03:47,091 INFO c.h.h.t.HelmChartContainer - [hivemq-test-hivemq-platform] [hivemq-platform-operator] [3cd2b14a] 04:03:47.089 [ReconcilerExecutor-hivemq-controller-133] DEBUG c.h.p.o.h.HiveMQPlatformReconcilerErrorHandler - [helmvolu] Pod 'test-hivemq-platform-2' condition 'PodScheduled': True
2025-01-30 04:03:47,091 INFO c.h.h.t.HelmChartContainer - [hivemq-test-hivemq-platform] [hivemq-platform-operator] [3cd2b14a] 04:03:47.089 [ReconcilerExecutor-hivemq-controller-133] DEBUG c.h.p.o.h.HiveMQPlatformReconcilerErrorHandler - [helmvolu] Pod 'test-hivemq-platform-2' containerStatus 'hivemq' (started: false) (ready: false) (waiting: [PodInitializing] null)
2025-01-30 04:03:47,092 INFO c.h.h.t.HelmChartContainer - [hivemq-test-hivemq-platform] [hivemq-platform-operator] [3cd2b14a] 04:03:47.090 [ReconcilerExecutor-hivemq-controller-133] DEBUG c.h.p.o.h.HiveMQPlatformReconcilerErrorHandler - [helmvolu] Pod 'test-hivemq-platform-1' phase Running
2025-01-30 04:03:47,092 INFO c.h.h.t.HelmChartContainer - [hivemq-test-hivemq-platform] [hivemq-platform-operator] [3cd2b14a] 04:03:47.091 [ReconcilerExecutor-hivemq-controller-133] DEBUG c.h.p.o.h.HiveMQPlatformReconcilerErrorHandler - [helmvolu] Pod 'test-hivemq-platform-0' phase Running
2025-01-30 04:03:47,092 INFO c.h.h.t.HelmChartContainer - [hivemq-test-hivemq-platform] [hivemq-platform-operator] [3cd2b14a] 04:03:47.091 [ReconcilerExecutor-hivemq-controller-133] DEBUG c.h.p.o.h.HiveMQPlatformReconcilerRollingRestartHandler - [helmvolu] Rolling restart is waiting for 2 of 3 replicas
2025-01-30 04:03:47,274 INFO c.h.h.t.HelmChartContainer - [K3S] [kubelet_volumes.go:163] "Cleaned up orphaned pod volumes dir" podUID="e72a168b-d89b-47f1-90d4-99ef889eb49a" path="/var/lib/kubelet/pods/e72a168b-d89b-47f1-90d4-99ef889eb49a/volumes"
2025-01-30 04:03:47,313 INFO c.h.h.t.HelmChartContainer - [EVENT] Normal [Pulled] Container image "docker.io/hivemq/hivemq-platform-operator-init-test:snapshot" already present on machine [helmvolumeclaimtemplatesit:test-hivemq-platform-2]
2025-01-30 04:03:47,319 INFO c.h.h.t.HelmChartContainer - [EVENT] Normal [Created] Created container: hivemq-platform-operator-init [helmvolumeclaimtemplatesit:test-hivemq-platform-2]
2025-01-30 04:03:47,353 INFO c.h.h.t.HelmChartContainer - [EVENT] Normal [Started] Started container hivemq-platform-operator-init [helmvolumeclaimtemplatesit:test-hivemq-platform-2]
2025-01-30 04:03:47,631 INFO c.h.h.t.HelmChartContainer - [EVENT] Normal [Pulled] Container image "docker.io/hivemq/hivemq4:4.36.0" already present on machine [helmvolumeclaimtemplatesit:test-hivemq-platform-2]
2025-01-30 04:03:47,631 INFO c.h.h.t.HelmChartContainer - Received Pulled event for container hivemq in pod test-hivemq-platform-2 [1fef601f-ab18-4728-b244-b1212471a77a]
2025-01-30 04:03:47,648 INFO c.h.h.t.HelmChartContainer - [POD] test-hivemq-platform-2 [1fef601f-ab18-4728-b244-b1212471a77a] in helmvolumeclaimtemplatesit was MODIFIED
2025-01-30 04:03:47,652 INFO c.h.h.t.HelmChartContainer - [EVENT] Normal [Created] Created container: hivemq [helmvolumeclaimtemplatesit:test-hivemq-platform-2]
2025-01-30 04:03:47,652 INFO c.h.h.t.HelmChartContainer - Received Created event for container hivemq in pod test-hivemq-platform-2 [1fef601f-ab18-4728-b244-b1212471a77a]
2025-01-30 04:03:47,662 INFO c.h.h.t.HelmChartContainer - [hivemq-test-hivemq-platform] [hivemq-platform-operator] [3cd2b14a] 04:03:47.652 [pool-6-thread-4] DEBUG c.h.p.o.d.PlatformServiceResource - [helmvolu] Desired Platform services (3 services)
2025-01-30 04:03:47,662 INFO c.h.h.t.HelmChartContainer - [hivemq-test-hivemq-platform] [hivemq-platform-operator] [3cd2b14a] 04:03:47.653 [pool-6-thread-3] DEBUG c.h.p.o.dependants.PodInfoConfigMap - [helmvolu] Desired PodInfo ConfigMap (1 extensions) (1 enabled)
2025-01-30 04:03:47,662 INFO c.h.h.t.HelmChartContainer - [hivemq-test-hivemq-platform] [hivemq-platform-operator] [3cd2b14a] 04:03:47.653 [pool-6-thread-3] DEBUG c.h.p.o.dependants.PodInfoConfigMap - [helmvolu] Desired PodInfo ConfigMap (metrics port: 9399) (metrics path: /)
2025-01-30 04:03:47,662 INFO c.h.h.t.HelmChartContainer - [hivemq-test-hivemq-platform] [hivemq-platform-operator] [3cd2b14a] 04:03:47.653 [pool-6-thread-3] DEBUG c.h.p.o.dependants.PodInfoConfigMap - [helmvolu] Desired PodInfo ConfigMap (extension state hash: -1817474005)
2025-01-30 04:03:47,673 INFO c.h.h.t.HelmChartContainer - [hivemq-test-hivemq-platform] [hivemq-platform-operator] [3cd2b14a] 04:03:47.659 [pool-6-thread-5] DEBUG c.h.p.o.d.PodServiceAccountResource - [helmvolu] Desired PodServiceAccountResource (serviceAccountName: hivemq-platform-pod-test-hivemq-platform)
2025-01-30 04:03:47,684 INFO c.h.h.t.HelmChartContainer - [hivemq-test-hivemq-platform] [hivemq-platform-operator] [3cd2b14a] 04:03:47.677 [pool-6-thread-5] DEBUG c.h.p.o.d.StatefulSetResource - [helmvolu] Desired StatefulSet (3 replicas) for status ROLLING_RESTART (SURGE_IN_PROGRESS)
2025-01-30 04:03:47,692 INFO c.h.h.t.HelmChartContainer - [hivemq-test-hivemq-platform] [hivemq-platform-operator] [3cd2b14a] 04:03:47.690 [ReconcilerExecutor-hivemq-controller-134] INFO  c.h.p.o.HiveMQPlatformReconciler - [helmvolu] Reconciling HiveMQ Platform 'test-hivemq-platform' in namespace 'helmvolumeclaimtemplatesit'
2025-01-30 04:03:47,694 INFO c.h.h.t.HelmChartContainer - [hivemq-test-hivemq-platform] [hivemq-platform-operator] [3cd2b14a] 04:03:47.690 [ReconcilerExecutor-hivemq-controller-134] DEBUG c.h.p.o.HiveMQPlatformReconciler - [helmvolu] Custom Resource Status ROLLING_RESTART - HiveMQ Platform is starting a surge Pod (rolling restart) (SURGE_IN_PROGRESS)
2025-01-30 04:03:47,694 INFO c.h.h.t.HelmChartContainer - [hivemq-test-hivemq-platform] [hivemq-platform-operator] [3cd2b14a] 04:03:47.690 [ReconcilerExecutor-hivemq-controller-134] DEBUG c.h.p.o.HiveMQPlatformReconciler - [helmvolu] Custom Resource Spec (replicas: 2) (extensions: 1)
2025-01-30 04:03:47,694 INFO c.h.h.t.HelmChartContainer - [hivemq-test-hivemq-platform] [hivemq-platform-operator] [3cd2b14a] 04:03:47.693 [ReconcilerExecutor-hivemq-controller-134] DEBUG c.h.p.o.HiveMQPlatformReconciler - [helmvolu] StatefulSet Status (revision: test-hivemq-platform-59475f86c9, replicas: 3, available: 2, ready: 2, current: 2, updated: 1)
2025-01-30 04:03:47,695 INFO c.h.h.t.HelmChartContainer - [hivemq-test-hivemq-platform] [hivemq-platform-operator] [3cd2b14a] 04:03:47.694 [ReconcilerExecutor-hivemq-controller-134] DEBUG c.h.p.o.HiveMQPlatformReconciler - [helmvolu] StatefulSet Spec (replicas: 3, init containers: 1, containers: 1, volumes: 4)
2025-01-30 04:03:47,699 INFO c.h.h.t.HelmChartContainer - [hivemq-test-hivemq-platform] [hivemq-platform-operator] [3cd2b14a] 04:03:47.697 [ReconcilerExecutor-hivemq-controller-134] DEBUG c.h.p.o.h.HiveMQPlatformReconcilerErrorHandler - [helmvolu] Pod 'test-hivemq-platform-2' phase Pending
2025-01-30 04:03:47,701 INFO c.h.h.t.HelmChartContainer - [hivemq-test-hivemq-platform] [hivemq-platform-operator] [3cd2b14a] 04:03:47.697 [ReconcilerExecutor-hivemq-controller-134] DEBUG c.h.p.o.h.HiveMQPlatformReconcilerErrorHandler - [helmvolu] Pod 'test-hivemq-platform-2' condition 'PodReadyToStartContainers': True
2025-01-30 04:03:47,702 INFO c.h.h.t.HelmChartContainer - [hivemq-test-hivemq-platform] [hivemq-platform-operator] [3cd2b14a] 04:03:47.697 [ReconcilerExecutor-hivemq-controller-134] DEBUG c.h.p.o.h.HiveMQPlatformReconcilerErrorHandler - [helmvolu] Pod 'test-hivemq-platform-2' condition 'Initialized': True
2025-01-30 04:03:47,702 INFO c.h.h.t.HelmChartContainer - [hivemq-test-hivemq-platform] [hivemq-platform-operator] [3cd2b14a] 04:03:47.697 [ReconcilerExecutor-hivemq-controller-134] DEBUG c.h.p.o.h.HiveMQPlatformReconcilerErrorHandler - [helmvolu] Pod 'test-hivemq-platform-2' condition 'Ready': False
2025-01-30 04:03:47,702 INFO c.h.h.t.HelmChartContainer - [hivemq-test-hivemq-platform] [hivemq-platform-operator] [3cd2b14a] 04:03:47.697 [ReconcilerExecutor-hivemq-controller-134] DEBUG c.h.p.o.h.HiveMQPlatformReconcilerErrorHandler - [helmvolu] Pod 'test-hivemq-platform-2' condition 'ContainersReady': False
2025-01-30 04:03:47,702 INFO c.h.h.t.HelmChartContainer - [hivemq-test-hivemq-platform] [hivemq-platform-operator] [3cd2b14a] 04:03:47.697 [ReconcilerExecutor-hivemq-controller-134] DEBUG c.h.p.o.h.HiveMQPlatformReconcilerErrorHandler - [helmvolu] Pod 'test-hivemq-platform-2' condition 'PodScheduled': True
2025-01-30 04:03:47,702 INFO c.h.h.t.HelmChartContainer - [hivemq-test-hivemq-platform] [hivemq-platform-operator] [3cd2b14a] 04:03:47.697 [ReconcilerExecutor-hivemq-controller-134] DEBUG c.h.p.o.h.HiveMQPlatformReconcilerErrorHandler - [helmvolu] Pod 'test-hivemq-platform-2' containerStatus 'hivemq' (started: false) (ready: false) (waiting: [PodInitializing] null)
2025-01-30 04:03:47,702 INFO c.h.h.t.HelmChartContainer - [hivemq-test-hivemq-platform] [hivemq-platform-operator] [3cd2b14a] 04:03:47.698 [ReconcilerExecutor-hivemq-controller-134] DEBUG c.h.p.o.h.HiveMQPlatformReconcilerErrorHandler - [helmvolu] Pod 'test-hivemq-platform-1' phase Running
2025-01-30 04:03:47,702 INFO c.h.h.t.HelmChartContainer - [hivemq-test-hivemq-platform] [hivemq-platform-operator] [3cd2b14a] 04:03:47.699 [ReconcilerExecutor-hivemq-controller-134] DEBUG c.h.p.o.h.HiveMQPlatformReconcilerErrorHandler - [helmvolu] Pod 'test-hivemq-platform-0' phase Running
2025-01-30 04:03:47,702 INFO c.h.h.t.HelmChartContainer - [hivemq-test-hivemq-platform] [hivemq-platform-operator] [3cd2b14a] 04:03:47.699 [ReconcilerExecutor-hivemq-controller-134] DEBUG c.h.p.o.h.HiveMQPlatformReconcilerRollingRestartHandler - [helmvolu] Rolling restart is waiting for 2 of 3 replicas
2025-01-30 04:03:48,647 INFO c.h.h.t.HelmChartContainer - [POD] test-hivemq-platform-2 [1fef601f-ab18-4728-b244-b1212471a77a] in helmvolumeclaimtemplatesit was MODIFIED
2025-01-30 04:03:48,653 INFO c.h.h.t.HelmChartContainer - [hivemq-test-hivemq-platform] [hivemq-platform-operator] [3cd2b14a] 04:03:48.649 [pool-6-thread-20] DEBUG c.h.p.o.d.PlatformServiceResource - [helmvolu] Desired Platform services (3 services)
2025-01-30 04:03:48,657 INFO c.h.h.t.HelmChartContainer - [hivemq-test-hivemq-platform] [hivemq-platform-operator] [3cd2b14a] 04:03:48.651 [pool-6-thread-15] DEBUG c.h.p.o.d.PodServiceAccountResource - [helmvolu] Desired PodServiceAccountResource (serviceAccountName: hivemq-platform-pod-test-hivemq-platform)
2025-01-30 04:03:48,659 INFO c.h.h.t.HelmChartContainer - [hivemq-test-hivemq-platform] [hivemq-platform-operator] [3cd2b14a] 04:03:48.657 [pool-6-thread-13] DEBUG c.h.p.o.dependants.PodInfoConfigMap - [helmvolu] Desired PodInfo ConfigMap (1 extensions) (1 enabled)
2025-01-30 04:03:48,659 INFO c.h.h.t.HelmChartContainer - [hivemq-test-hivemq-platform] [hivemq-platform-operator] [3cd2b14a] 04:03:48.658 [pool-6-thread-13] DEBUG c.h.p.o.dependants.PodInfoConfigMap - [helmvolu] Desired PodInfo ConfigMap (metrics port: 9399) (metrics path: /)
2025-01-30 04:03:48,659 INFO c.h.h.t.HelmChartContainer - [hivemq-test-hivemq-platform] [hivemq-platform-operator] [3cd2b14a] 04:03:48.658 [pool-6-thread-13] DEBUG c.h.p.o.dependants.PodInfoConfigMap - [helmvolu] Desired PodInfo ConfigMap (extension state hash: -1817474005)
2025-01-30 04:03:48,662 INFO c.h.h.t.HelmChartContainer - [EVENT] Normal [Started] Started container hivemq [helmvolumeclaimtemplatesit:test-hivemq-platform-2]
2025-01-30 04:03:48,662 INFO c.h.h.t.HelmChartContainer - Started log watcher for hivemq in pod test-hivemq-platform-2 [1fef601f-ab18-4728-b244-b1212471a77a]
2025-01-30 04:03:48,663 INFO c.h.h.t.HelmChartContainer - [test-hivemq-platform] [hivemq] [1fef601f] Adding pre-installed HiveMQ Platform Operator extensions
2025-01-30 04:03:48,663 INFO c.h.h.t.HelmChartContainer - [test-hivemq-platform] [hivemq] [1fef601f] Running as user 10000
2025-01-30 04:03:48,663 INFO c.h.h.t.HelmChartContainer - [test-hivemq-platform] [hivemq] [1fef601f] Starting HiveMQ Platform Operator Init
2025-01-30 04:03:48,662 INFO c.h.h.t.HelmChartContainer - Received Started event for container hivemq in pod test-hivemq-platform-2 [1fef601f-ab18-4728-b244-b1212471a77a]
2025-01-30 04:03:48,664 INFO c.h.h.t.HelmChartContainer - [hivemq-test-hivemq-platform] [hivemq-platform-operator] [3cd2b14a] 04:03:48.661 [pool-6-thread-20] DEBUG c.h.p.o.d.StatefulSetResource - [helmvolu] Desired StatefulSet (3 replicas) for status ROLLING_RESTART (SURGE_IN_PROGRESS)
2025-01-30 04:03:48,670 INFO c.h.h.t.HelmChartContainer - [hivemq-test-hivemq-platform] [hivemq-platform-operator] [3cd2b14a] 04:03:48.667 [ReconcilerExecutor-hivemq-controller-135] INFO  c.h.p.o.HiveMQPlatformReconciler - [helmvolu] Reconciling HiveMQ Platform 'test-hivemq-platform' in namespace 'helmvolumeclaimtemplatesit'
2025-01-30 04:03:48,670 INFO c.h.h.t.HelmChartContainer - [hivemq-test-hivemq-platform] [hivemq-platform-operator] [3cd2b14a] 04:03:48.668 [ReconcilerExecutor-hivemq-controller-135] DEBUG c.h.p.o.HiveMQPlatformReconciler - [helmvolu] Custom Resource Status ROLLING_RESTART - HiveMQ Platform is starting a surge Pod (rolling restart) (SURGE_IN_PROGRESS)
2025-01-30 04:03:48,670 INFO c.h.h.t.HelmChartContainer - [hivemq-test-hivemq-platform] [hivemq-platform-operator] [3cd2b14a] 04:03:48.668 [ReconcilerExecutor-hivemq-controller-135] DEBUG c.h.p.o.HiveMQPlatformReconciler - [helmvolu] Custom Resource Spec (replicas: 2) (extensions: 1)
2025-01-30 04:03:48,671 INFO c.h.h.t.HelmChartContainer - [hivemq-test-hivemq-platform] [hivemq-platform-operator] [3cd2b14a] 04:03:48.670 [ReconcilerExecutor-hivemq-controller-135] DEBUG c.h.p.o.HiveMQPlatformReconciler - [helmvolu] StatefulSet Status (revision: test-hivemq-platform-59475f86c9, replicas: 3, available: 2, ready: 2, current: 2, updated: 1)
2025-01-30 04:03:48,671 INFO c.h.h.t.HelmChartContainer - [hivemq-test-hivemq-platform] [hivemq-platform-operator] [3cd2b14a] 04:03:48.670 [ReconcilerExecutor-hivemq-controller-135] DEBUG c.h.p.o.HiveMQPlatformReconciler - [helmvolu] StatefulSet Spec (replicas: 3, init containers: 1, containers: 1, volumes: 4)
2025-01-30 04:03:48,673 INFO c.h.h.t.HelmChartContainer - [hivemq-test-hivemq-platform] [hivemq-platform-operator] [3cd2b14a] 04:03:48.672 [ReconcilerExecutor-hivemq-controller-135] DEBUG c.h.p.o.h.HiveMQPlatformReconcilerErrorHandler - [helmvolu] Pod 'test-hivemq-platform-2' phase Running
2025-01-30 04:03:48,676 INFO c.h.h.t.HelmChartContainer - [hivemq-test-hivemq-platform] [hivemq-platform-operator] [3cd2b14a] 04:03:48.673 [ReconcilerExecutor-hivemq-controller-135] DEBUG c.h.p.o.h.HiveMQPlatformReconcilerErrorHandler - [helmvolu] Pod 'test-hivemq-platform-1' phase Running
2025-01-30 04:03:48,676 INFO c.h.h.t.HelmChartContainer - [hivemq-test-hivemq-platform] [hivemq-platform-operator] [3cd2b14a] 04:03:48.675 [ReconcilerExecutor-hivemq-controller-135] DEBUG c.h.p.o.h.HiveMQPlatformReconcilerErrorHandler - [helmvolu] Pod 'test-hivemq-platform-0' phase Running
2025-01-30 04:03:48,676 INFO c.h.h.t.HelmChartContainer - [hivemq-test-hivemq-platform] [hivemq-platform-operator] [3cd2b14a] 04:03:48.675 [ReconcilerExecutor-hivemq-controller-135] DEBUG c.h.p.o.h.HiveMQPlatformReconcilerRollingRestartHandler - [helmvolu] Rolling restart is waiting for 2 of 3 replicas
2025-01-30 04:03:48,936 INFO c.h.h.t.HelmChartContainer - [test-hivemq-platform] [hivemq] [1fef601f] INFO  - [HiveMQ Platform Operator Init 1.7.0-SNAPSHOT] HiveMQ Platform Operator Init 1.7.0-SNAPSHOT (commit: 47e3375 on branch: HEAD) built on Thu Jan 30 03:55:50 UTC 2025
2025-01-30 04:03:50,063 INFO c.h.h.t.HelmChartContainer - [test-hivemq-platform] [hivemq] [1fef601f] INFO  - [HiveMQ Platform Operator Init App 1.7.0-SNAPSHOT] Using bind address 10.42.0.13 from environment variable
2025-01-30 04:03:51,033 INFO c.h.h.t.HelmChartContainer - [test-hivemq-platform] [hivemq] [1fef601f] INFO  - [HiveMQ Platform Operator Init App 1.7.0-SNAPSHOT] HiveMQ Platform Operator Init App 1.7.0-SNAPSHOT (commit: 47e3375 on branch: HEAD) built on Thu Jan 30 03:55:50 UTC 2025
2025-01-30 04:03:51,034 INFO c.h.h.t.HelmChartContainer - [test-hivemq-platform] [hivemq] [1fef601f] INFO  - [HiveMQ Platform Operator Init App 1.7.0-SNAPSHOT] PodInfo ConfigMap directory: /etc/podinfo
2025-01-30 04:03:51,034 INFO c.h.h.t.HelmChartContainer - [test-hivemq-platform] [hivemq] [1fef601f] INFO  - [HiveMQ Platform Operator Init App 1.7.0-SNAPSHOT] HiveMQ home directory: /opt/hivemq
2025-01-30 04:03:51,034 INFO c.h.h.t.HelmChartContainer - [test-hivemq-platform] [hivemq] [1fef601f] INFO  - [HiveMQ Platform Operator Init App 1.7.0-SNAPSHOT] HiveMQ Logback folder: /opt/hivemq/conf
2025-01-30 04:03:51,034 INFO c.h.h.t.HelmChartContainer - [test-hivemq-platform] [hivemq] [1fef601f] INFO  - [HiveMQ Platform Operator Init App 1.7.0-SNAPSHOT] HiveMQ Config folder: /opt/hivemq/conf-k8s
2025-01-30 04:03:51,035 INFO c.h.h.t.HelmChartContainer - [test-hivemq-platform] [hivemq] [1fef601f] INFO  - [HiveMQ Platform Operator Init App 1.7.0-SNAPSHOT] Starting HiveMQ Platform Operator Init App
2025-01-30 04:03:51,035 INFO c.h.h.t.HelmChartContainer - [test-hivemq-platform] [hivemq] [1fef601f] INFO  - [HiveMQ Platform Operator Init App 1.7.0-SNAPSHOT] Starting Pod reconciler
2025-01-30 04:03:52,232 INFO c.h.h.t.HelmChartContainer - [test-hivemq-platform] [hivemq] [1fef601f] INFO  - [HiveMQ Platform Operator Init App 1.7.0-SNAPSHOT] Pod reconciler is scheduled (interval: 5000 ms)
2025-01-30 04:03:52,233 INFO c.h.h.t.HelmChartContainer - [test-hivemq-platform] [hivemq] [1fef601f] INFO  - [HiveMQ Platform Operator Init App 1.7.0-SNAPSHOT] Starting the REST API on 10.42.0.13:7979
2025-01-30 04:03:52,235 INFO c.h.h.t.HelmChartContainer - [test-hivemq-platform] [hivemq] [1fef601f] INFO  - [HiveMQ Platform Operator Init App 1.7.0-SNAPSHOT] Waiting up to 600s for at most 3 HiveMQ nodes in cluster service hivemq-test-hivemq-platform-cluster.helmvolumeclaimtemplatesit.svc
2025-01-30 04:03:52,542 INFO c.h.h.t.HelmChartContainer - [test-hivemq-platform] [hivemq] [1fef601f] INFO  - [HiveMQ Platform Operator Init App 1.7.0-SNAPSHOT] Resolved 3 IP addresses: [10.42.0.9, 10.42.0.11, 10.42.0.13]
2025-01-30 04:03:52,542 INFO c.h.h.t.HelmChartContainer - [test-hivemq-platform] [hivemq] [1fef601f] INFO  - [HiveMQ Platform Operator Init App 1.7.0-SNAPSHOT] HiveMQ node count of 3 is within threshold of 3
2025-01-30 04:03:52,542 INFO c.h.h.t.HelmChartContainer - [test-hivemq-platform] [hivemq] [1fef601f] INFO  - [HiveMQ Platform Operator Init App 1.7.0-SNAPSHOT] Waiting 15s for previous shutdown replication to finish...
2025-01-30 04:03:54,641 INFO c.h.h.t.HelmChartContainer - [test-hivemq-platform] [hivemq] [1fef601f] INFO  - [HiveMQ Platform Operator Init App 1.7.0-SNAPSHOT] Returning default Health API response 503 for readiness
2025-01-30 04:03:54,745 INFO c.h.h.t.HelmChartContainer - [EVENT] Warning [Unhealthy] Readiness probe failed: HTTP probe failed with statuscode: 503 [helmvolumeclaimtemplatesit:test-hivemq-platform-2]
2025-01-30 04:03:54,745 INFO c.h.h.t.HelmChartContainer - Received Unhealthy event for container hivemq in pod test-hivemq-platform-2 [1fef601f-ab18-4728-b244-b1212471a77a]
2025-01-30 04:03:58,684 INFO c.h.h.t.HelmChartContainer - [hivemq-test-hivemq-platform] [hivemq-platform-operator] [3cd2b14a] 04:03:58.682 [pool-6-thread-26] DEBUG c.h.p.o.d.PlatformServiceResource - [helmvolu] Desired Platform services (3 services)
2025-01-30 04:03:58,685 INFO c.h.h.t.HelmChartContainer - [hivemq-test-hivemq-platform] [hivemq-platform-operator] [3cd2b14a] 04:03:58.683 [pool-6-thread-21] DEBUG c.h.p.o.dependants.PodInfoConfigMap - [helmvolu] Desired PodInfo ConfigMap (1 extensions) (1 enabled)
2025-01-30 04:03:58,686 INFO c.h.h.t.HelmChartContainer - [hivemq-test-hivemq-platform] [hivemq-platform-operator] [3cd2b14a] 04:03:58.685 [pool-6-thread-21] DEBUG c.h.p.o.dependants.PodInfoConfigMap - [helmvolu] Desired PodInfo ConfigMap (metrics port: 9399) (metrics path: /)
2025-01-30 04:03:58,686 INFO c.h.h.t.HelmChartContainer - [hivemq-test-hivemq-platform] [hivemq-platform-operator] [3cd2b14a] 04:03:58.683 [pool-6-thread-23] DEBUG c.h.p.o.d.PodServiceAccountResource - [helmvolu] Desired PodServiceAccountResource (serviceAccountName: hivemq-platform-pod-test-hivemq-platform)
2025-01-30 04:03:58,686 INFO c.h.h.t.HelmChartContainer - [hivemq-test-hivemq-platform] [hivemq-platform-operator] [3cd2b14a] 04:03:58.685 [pool-6-thread-21] DEBUG c.h.p.o.dependants.PodInfoConfigMap - [helmvolu] Desired PodInfo ConfigMap (extension state hash: -1817474005)
2025-01-30 04:03:58,688 INFO c.h.h.t.HelmChartContainer - [hivemq-test-hivemq-platform] [hivemq-platform-operator] [3cd2b14a] 04:03:58.687 [pool-6-thread-21] DEBUG c.h.p.o.d.StatefulSetResource - [helmvolu] Desired StatefulSet (3 replicas) for status ROLLING_RESTART (SURGE_IN_PROGRESS)
2025-01-30 04:03:58,691 INFO c.h.h.t.HelmChartContainer - [hivemq-test-hivemq-platform] [hivemq-platform-operator] [3cd2b14a] 04:03:58.690 [ReconcilerExecutor-hivemq-controller-136] INFO  c.h.p.o.HiveMQPlatformReconciler - [helmvolu] Reconciling HiveMQ Platform 'test-hivemq-platform' in namespace 'helmvolumeclaimtemplatesit'
2025-01-30 04:03:58,691 INFO c.h.h.t.HelmChartContainer - [hivemq-test-hivemq-platform] [hivemq-platform-operator] [3cd2b14a] 04:03:58.690 [ReconcilerExecutor-hivemq-controller-136] DEBUG c.h.p.o.HiveMQPlatformReconciler - [helmvolu] Custom Resource Status ROLLING_RESTART - HiveMQ Platform is starting a surge Pod (rolling restart) (SURGE_IN_PROGRESS)
2025-01-30 04:03:58,692 INFO c.h.h.t.HelmChartContainer - [hivemq-test-hivemq-platform] [hivemq-platform-operator] [3cd2b14a] 04:03:58.690 [ReconcilerExecutor-hivemq-controller-136] DEBUG c.h.p.o.HiveMQPlatformReconciler - [helmvolu] Custom Resource Spec (replicas: 2) (extensions: 1)
2025-01-30 04:03:58,694 INFO c.h.h.t.HelmChartContainer - [hivemq-test-hivemq-platform] [hivemq-platform-operator] [3cd2b14a] 04:03:58.693 [ReconcilerExecutor-hivemq-controller-136] DEBUG c.h.p.o.HiveMQPlatformReconciler - [helmvolu] StatefulSet Status (revision: test-hivemq-platform-59475f86c9, replicas: 3, available: 2, ready: 2, current: 2, updated: 1)
2025-01-30 04:03:58,694 INFO c.h.h.t.HelmChartContainer - [hivemq-test-hivemq-platform] [hivemq-platform-operator] [3cd2b14a] 04:03:58.693 [ReconcilerExecutor-hivemq-controller-136] DEBUG c.h.p.o.HiveMQPlatformReconciler - [helmvolu] StatefulSet Spec (replicas: 3, init containers: 1, containers: 1, volumes: 4)
2025-01-30 04:03:58,695 INFO c.h.h.t.HelmChartContainer - [hivemq-test-hivemq-platform] [hivemq-platform-operator] [3cd2b14a] 04:03:58.694 [ReconcilerExecutor-hivemq-controller-136] DEBUG c.h.p.o.h.HiveMQPlatformReconcilerErrorHandler - [helmvolu] Pod 'test-hivemq-platform-2' phase Running
2025-01-30 04:03:58,696 INFO c.h.h.t.HelmChartContainer - [hivemq-test-hivemq-platform] [hivemq-platform-operator] [3cd2b14a] 04:03:58.695 [ReconcilerExecutor-hivemq-controller-136] DEBUG c.h.p.o.h.HiveMQPlatformReconcilerErrorHandler - [helmvolu] Pod 'test-hivemq-platform-1' phase Running
2025-01-30 04:03:58,697 INFO c.h.h.t.HelmChartContainer - [hivemq-test-hivemq-platform] [hivemq-platform-operator] [3cd2b14a] 04:03:58.696 [ReconcilerExecutor-hivemq-controller-136] DEBUG c.h.p.o.h.HiveMQPlatformReconcilerErrorHandler - [helmvolu] Pod 'test-hivemq-platform-0' phase Running
2025-01-30 04:03:58,698 INFO c.h.h.t.HelmChartContainer - [hivemq-test-hivemq-platform] [hivemq-platform-operator] [3cd2b14a] 04:03:58.697 [ReconcilerExecutor-hivemq-controller-136] DEBUG c.h.p.o.h.HiveMQPlatformReconcilerRollingRestartHandler - [helmvolu] Rolling restart is waiting for 2 of 3 replicas
2025-01-30 04:03:59,434 INFO c.h.h.t.HelmChartContainer - [test-hivemq-platform] [hivemq] [ccedc2bb] INFO  - [HiveMQ Platform Operator Init App 1.7.0-SNAPSHOT] Returning Health API response 200 for liveness
2025-01-30 04:03:59,643 INFO c.h.h.t.HelmChartContainer - [EVENT] Warning [Unhealthy] Readiness probe failed: HTTP probe failed with statuscode: 503 [helmvolumeclaimtemplatesit:test-hivemq-platform-2]
2025-01-30 04:03:59,643 INFO c.h.h.t.HelmChartContainer - Received Unhealthy event for container hivemq in pod test-hivemq-platform-2 [1fef601f-ab18-4728-b244-b1212471a77a]
2025-01-30 04:03:59,644 INFO c.h.h.t.HelmChartContainer - [test-hivemq-platform] [hivemq] [1fef601f] INFO  - [HiveMQ Platform Operator Init App 1.7.0-SNAPSHOT] Updating Pod HiveMQ Platform Operator Init App version annotation (version: 1.7.0-SNAPSHOT)
2025-01-30 04:03:59,946 INFO c.h.h.t.HelmChartContainer - [POD] test-hivemq-platform-2 [1fef601f-ab18-4728-b244-b1212471a77a] in helmvolumeclaimtemplatesit was MODIFIED
2025-01-30 04:03:59,953 INFO c.h.h.t.HelmChartContainer - [EVENT] Warning [Unhealthy] Readiness probe failed: HTTP probe failed with statuscode: 503 [helmvolumeclaimtemplatesit:test-hivemq-platform-2]
2025-01-30 04:03:59,953 INFO c.h.h.t.HelmChartContainer - Received Unhealthy event for container hivemq in pod test-hivemq-platform-2 [1fef601f-ab18-4728-b244-b1212471a77a]
2025-01-30 04:03:59,957 INFO c.h.h.t.HelmChartContainer - [test-hivemq-platform] [hivemq] [1fef601f] INFO  - [HiveMQ Platform Operator Init App 1.7.0-SNAPSHOT] Successfully updated Pod HiveMQ Platform Operator Init App version annotation (version: 1.7.0-SNAPSHOT)
2025-01-30 04:03:59,962 INFO c.h.h.t.HelmChartContainer - [hivemq-test-hivemq-platform] [hivemq-platform-operator] [3cd2b14a] 04:03:59.961 [pool-6-thread-36] DEBUG c.h.p.o.d.PlatformServiceResource - [helmvolu] Desired Platform services (3 services)
2025-01-30 04:03:59,965 INFO c.h.h.t.HelmChartContainer - [hivemq-test-hivemq-platform] [hivemq-platform-operator] [3cd2b14a] 04:03:59.962 [pool-6-thread-32] DEBUG c.h.p.o.d.PodServiceAccountResource - [helmvolu] Desired PodServiceAccountResource (serviceAccountName: hivemq-platform-pod-test-hivemq-platform)
2025-01-30 04:03:59,965 INFO c.h.h.t.HelmChartContainer - [hivemq-test-hivemq-platform] [hivemq-platform-operator] [3cd2b14a] 04:03:59.963 [pool-6-thread-37] DEBUG c.h.p.o.dependants.PodInfoConfigMap - [helmvolu] Desired PodInfo ConfigMap (1 extensions) (1 enabled)
2025-01-30 04:03:59,967 INFO c.h.h.t.HelmChartContainer - [hivemq-test-hivemq-platform] [hivemq-platform-operator] [3cd2b14a] 04:03:59.964 [pool-6-thread-37] DEBUG c.h.p.o.dependants.PodInfoConfigMap - [helmvolu] Desired PodInfo ConfigMap (metrics port: 9399) (metrics path: /)
2025-01-30 04:03:59,967 INFO c.h.h.t.HelmChartContainer - [hivemq-test-hivemq-platform] [hivemq-platform-operator] [3cd2b14a] 04:03:59.965 [pool-6-thread-37] DEBUG c.h.p.o.dependants.PodInfoConfigMap - [helmvolu] Desired PodInfo ConfigMap (extension state hash: -1817474005)
2025-01-30 04:03:59,968 INFO c.h.h.t.HelmChartContainer - [hivemq-test-hivemq-platform] [hivemq-platform-operator] [3cd2b14a] 04:03:59.967 [pool-6-thread-37] DEBUG c.h.p.o.d.StatefulSetResource - [helmvolu] Desired StatefulSet (3 replicas) for status ROLLING_RESTART (SURGE_IN_PROGRESS)
2025-01-30 04:03:59,987 INFO c.h.h.t.HelmChartContainer - [hivemq-test-hivemq-platform] [hivemq-platform-operator] [3cd2b14a] 04:03:59.986 [ReconcilerExecutor-hivemq-controller-137] INFO  c.h.p.o.HiveMQPlatformReconciler - [helmvolu] Reconciling HiveMQ Platform 'test-hivemq-platform' in namespace 'helmvolumeclaimtemplatesit'
2025-01-30 04:03:59,987 INFO c.h.h.t.HelmChartContainer - [hivemq-test-hivemq-platform] [hivemq-platform-operator] [3cd2b14a] 04:03:59.986 [ReconcilerExecutor-hivemq-controller-137] DEBUG c.h.p.o.HiveMQPlatformReconciler - [helmvolu] Custom Resource Status ROLLING_RESTART - HiveMQ Platform is starting a surge Pod (rolling restart) (SURGE_IN_PROGRESS)
2025-01-30 04:03:59,987 INFO c.h.h.t.HelmChartContainer - [hivemq-test-hivemq-platform] [hivemq-platform-operator] [3cd2b14a] 04:03:59.986 [ReconcilerExecutor-hivemq-controller-137] DEBUG c.h.p.o.HiveMQPlatformReconciler - [helmvolu] Custom Resource Spec (replicas: 2) (extensions: 1)
2025-01-30 04:03:59,989 INFO c.h.h.t.HelmChartContainer - [hivemq-test-hivemq-platform] [hivemq-platform-operator] [3cd2b14a] 04:03:59.987 [ReconcilerExecutor-hivemq-controller-137] DEBUG c.h.p.o.HiveMQPlatformReconciler - [helmvolu] StatefulSet Status (revision: test-hivemq-platform-59475f86c9, replicas: 3, available: 2, ready: 2, current: 2, updated: 1)
2025-01-30 04:03:59,989 INFO c.h.h.t.HelmChartContainer - [hivemq-test-hivemq-platform] [hivemq-platform-operator] [3cd2b14a] 04:03:59.987 [ReconcilerExecutor-hivemq-controller-137] DEBUG c.h.p.o.HiveMQPlatformReconciler - [helmvolu] StatefulSet Spec (replicas: 3, init containers: 1, containers: 1, volumes: 4)
2025-01-30 04:03:59,992 INFO c.h.h.t.HelmChartContainer - [hivemq-test-hivemq-platform] [hivemq-platform-operator] [3cd2b14a] 04:03:59.990 [ReconcilerExecutor-hivemq-controller-137] DEBUG c.h.p.o.h.HiveMQPlatformReconcilerErrorHandler - [helmvolu] Pod 'test-hivemq-platform-2' phase Running
2025-01-30 04:03:59,993 INFO c.h.h.t.HelmChartContainer - [hivemq-test-hivemq-platform] [hivemq-platform-operator] [3cd2b14a] 04:03:59.991 [ReconcilerExecutor-hivemq-controller-137] DEBUG c.h.p.o.h.HiveMQPlatformReconcilerErrorHandler - [helmvolu] Pod 'test-hivemq-platform-1' phase Running
2025-01-30 04:03:59,993 INFO c.h.h.t.HelmChartContainer - [hivemq-test-hivemq-platform] [hivemq-platform-operator] [3cd2b14a] 04:03:59.993 [ReconcilerExecutor-hivemq-controller-137] DEBUG c.h.p.o.h.HiveMQPlatformReconcilerErrorHandler - [helmvolu] Pod 'test-hivemq-platform-0' phase Running
2025-01-30 04:03:59,994 INFO c.h.h.t.HelmChartContainer - [hivemq-test-hivemq-platform] [hivemq-platform-operator] [3cd2b14a] 04:03:59.993 [ReconcilerExecutor-hivemq-controller-137] DEBUG c.h.p.o.h.HiveMQPlatformReconcilerRollingRestartHandler - [helmvolu] Rolling restart is waiting for 2 of 3 replicas
2025-01-30 04:04:04,950 INFO c.h.h.t.HelmChartContainer - [EVENT] Warning [Unhealthy] Readiness probe failed: HTTP probe failed with statuscode: 503 [helmvolumeclaimtemplatesit:test-hivemq-platform-2]
2025-01-30 04:04:04,951 INFO c.h.h.t.HelmChartContainer - Received Unhealthy event for container hivemq in pod test-hivemq-platform-2 [1fef601f-ab18-4728-b244-b1212471a77a]
2025-01-30 04:04:07,543 INFO c.h.h.t.HelmChartContainer - [test-hivemq-platform] [hivemq] [1fef601f] INFO  - [HiveMQ Platform Operator Init App 1.7.0-SNAPSHOT] Proceeding with container start
2025-01-30 04:04:07,545 INFO c.h.h.t.HelmChartContainer - [test-hivemq-platform] [hivemq] [1fef601f] INFO  - [HiveMQ Platform Operator Init App 1.7.0-SNAPSHOT] Initializing HiveMQ Platform extensions with initial configuration: {hivemq-allow-all-extension={start-priority=-1, skip-https-hostname-verification=false, restart=true, config-version=0, header-version=0, c-uri=, priority=-1, uri=preinstalled, skip-https-certificate-validation=false, enabled=true}, hivemq-prometheus-extension={restart=true, priority=-1, start-priority=-1, c-uri=, skip-https-hostname-verification=false, skip-https-certificate-validation=false, uri=preinstalled, request-header-path=no-request-headers, enabled=true}}
2025-01-30 04:04:07,930 INFO c.h.h.t.HelmChartContainer - [test-hivemq-platform] [hivemq] [1fef601f] INFO  - [HiveMQ Platform Operator Init App 1.7.0-SNAPSHOT] Extension hivemq-allow-all-extension was already enabled
2025-01-30 04:04:07,939 INFO c.h.h.t.HelmChartContainer - [test-hivemq-platform] [hivemq] [1fef601f] INFO  - [HiveMQ Platform Operator Init App 1.7.0-SNAPSHOT] Successfully enabled extension hivemq-prometheus-extension
2025-01-30 04:04:07,941 INFO c.h.h.t.HelmChartContainer - [test-hivemq-platform] [hivemq] [1fef601f] INFO  - [HiveMQ Platform Operator Init App 1.7.0-SNAPSHOT] Starting HiveMQ Platform version 4.36.0 (4.36.0)
2025-01-30 04:04:07,941 INFO c.h.h.t.HelmChartContainer - [test-hivemq-platform] [hivemq] [1fef601f] INFO  - [HiveMQ Platform Operator Init App 1.7.0-SNAPSHOT] Configuring the HiveMQ Platform
2025-01-30 04:04:08,030 INFO c.h.h.t.HelmChartContainer - [test-hivemq-platform] [hivemq] [1fef601f] INFO  - [HiveMQ Platform Operator Init App 1.7.0-SNAPSHOT] Changed logback.xml file scan period to 20 seconds
2025-01-30 04:04:08,041 INFO c.h.h.t.HelmChartContainer - [test-hivemq-platform] [hivemq] [1fef601f] INFO  - [HiveMQ Platform Operator Init App 1.7.0-SNAPSHOT] Starting the HiveMQ Platform
2025-01-30 04:04:08,044 INFO c.h.h.t.HelmChartContainer - [test-hivemq-platform] [hivemq] [1fef601f] -------------------------------------------------------------------------
2025-01-30 04:04:08,044 INFO c.h.h.t.HelmChartContainer - [test-hivemq-platform] [hivemq] [1fef601f] 
2025-01-30 04:04:08,044 INFO c.h.h.t.HelmChartContainer - [test-hivemq-platform] [hivemq] [1fef601f]                   _    _  _              __  __   ____
2025-01-30 04:04:08,044 INFO c.h.h.t.HelmChartContainer - [test-hivemq-platform] [hivemq] [1fef601f]                  | |  | |(_)            |  \/  | / __ \
2025-01-30 04:04:08,044 INFO c.h.h.t.HelmChartContainer - [test-hivemq-platform] [hivemq] [1fef601f]                  | |__| | _ __   __ ___ | \  / || |  | |
2025-01-30 04:04:08,044 INFO c.h.h.t.HelmChartContainer - [test-hivemq-platform] [hivemq] [1fef601f]                  |  __  || |\ \ / // _ \| |\/| || |  | |
2025-01-30 04:04:08,044 INFO c.h.h.t.HelmChartContainer - [test-hivemq-platform] [hivemq] [1fef601f]                  | |  | || | \ V /|  __/| |  | || |__| |
2025-01-30 04:04:08,044 INFO c.h.h.t.HelmChartContainer - [test-hivemq-platform] [hivemq] [1fef601f]                  |_|  |_||_|  \_/  \___||_|  |_| \___\_\
2025-01-30 04:04:08,044 INFO c.h.h.t.HelmChartContainer - [test-hivemq-platform] [hivemq] [1fef601f] 
2025-01-30 04:04:08,044 INFO c.h.h.t.HelmChartContainer - [test-hivemq-platform] [hivemq] [1fef601f] -------------------------------------------------------------------------
2025-01-30 04:04:08,044 INFO c.h.h.t.HelmChartContainer - [test-hivemq-platform] [hivemq] [1fef601f] 
2025-01-30 04:04:08,044 INFO c.h.h.t.HelmChartContainer - [test-hivemq-platform] [hivemq] [1fef601f]   HiveMQ Start Script for Linux/Unix v1.14
2025-01-30 04:04:08,044 INFO c.h.h.t.HelmChartContainer - [test-hivemq-platform] [hivemq] [1fef601f] 
2025-01-30 04:04:08,157 INFO c.h.h.t.HelmChartContainer - [test-hivemq-platform] [hivemq] [1fef601f] -------------------------------------------------------------------------
2025-01-30 04:04:08,157 INFO c.h.h.t.HelmChartContainer - [test-hivemq-platform] [hivemq] [1fef601f] 
2025-01-30 04:04:08,157 INFO c.h.h.t.HelmChartContainer - [test-hivemq-platform] [hivemq] [1fef601f]   HIVEMQ_HOME: /opt/hivemq
2025-01-30 04:04:08,157 INFO c.h.h.t.HelmChartContainer - [test-hivemq-platform] [hivemq] [1fef601f] 
2025-01-30 04:04:08,157 INFO c.h.h.t.HelmChartContainer - [test-hivemq-platform] [hivemq] [1fef601f]   JAVA_OPTS: -XX:+UnlockExperimentalVMOptions -XX:InitialRAMPercentage=50 -XX:MaxRAMPercentage=50 -Djava.net.preferIPv4Stack=true --add-opens java.base/java.lang=ALL-UNNAMED --add-opens java.base/java.nio=ALL-UNNAMED --add-opens java.base/sun.nio.ch=ALL-UNNAMED --add-opens jdk.management/com.sun.management.internal=ALL-UNNAMED --add-exports java.base/jdk.internal.misc=ALL-UNNAMED -Djava.security.egd=file:/dev/./urandom -Dcom.sun.management.jmxremote -Dcom.sun.management.jmxremote.port=9010 -Dcom.sun.management.jmxremote.local.only=false -Dcom.sun.management.jmxremote.authenticate=false -Dcom.sun.management.jmxremote.ssl=false -Duser.language=en -Duser.region=US -XX:+CrashOnOutOfMemoryError -XX:+HeapDumpOnOutOfMemoryError
2025-01-30 04:04:08,157 INFO c.h.h.t.HelmChartContainer - [test-hivemq-platform] [hivemq] [1fef601f] 
2025-01-30 04:04:08,157 INFO c.h.h.t.HelmChartContainer - [test-hivemq-platform] [hivemq] [1fef601f]   JAVA_VERSION: 21
2025-01-30 04:04:08,157 INFO c.h.h.t.HelmChartContainer - [test-hivemq-platform] [hivemq] [1fef601f] 
2025-01-30 04:04:08,157 INFO c.h.h.t.HelmChartContainer - [test-hivemq-platform] [hivemq] [1fef601f] -------------------------------------------------------------------------
2025-01-30 04:04:08,157 INFO c.h.h.t.HelmChartContainer - [test-hivemq-platform] [hivemq] [1fef601f] 
2025-01-30 04:04:09,998 INFO c.h.h.t.HelmChartContainer - [hivemq-test-hivemq-platform] [hivemq-platform-operator] [3cd2b14a] 04:04:09.995 [pool-6-thread-41] DEBUG c.h.p.o.d.PlatformServiceResource - [helmvolu] Desired Platform services (3 services)
2025-01-30 04:04:09,999 INFO c.h.h.t.HelmChartContainer - [hivemq-test-hivemq-platform] [hivemq-platform-operator] [3cd2b14a] 04:04:09.996 [pool-6-thread-44] DEBUG c.h.p.o.d.PodServiceAccountResource - [helmvolu] Desired PodServiceAccountResource (serviceAccountName: hivemq-platform-pod-test-hivemq-platform)
2025-01-30 04:04:09,999 INFO c.h.h.t.HelmChartContainer - [hivemq-test-hivemq-platform] [hivemq-platform-operator] [3cd2b14a] 04:04:09.997 [pool-6-thread-43] DEBUG c.h.p.o.dependants.PodInfoConfigMap - [helmvolu] Desired PodInfo ConfigMap (1 extensions) (1 enabled)
2025-01-30 04:04:09,999 INFO c.h.h.t.HelmChartContainer - [hivemq-test-hivemq-platform] [hivemq-platform-operator] [3cd2b14a] 04:04:09.997 [pool-6-thread-43] DEBUG c.h.p.o.dependants.PodInfoConfigMap - [helmvolu] Desired PodInfo ConfigMap (metrics port: 9399) (metrics path: /)
2025-01-30 04:04:09,999 INFO c.h.h.t.HelmChartContainer - [hivemq-test-hivemq-platform] [hivemq-platform-operator] [3cd2b14a] 04:04:09.997 [pool-6-thread-43] DEBUG c.h.p.o.dependants.PodInfoConfigMap - [helmvolu] Desired PodInfo ConfigMap (extension state hash: -1817474005)
2025-01-30 04:04:10,000 INFO c.h.h.t.HelmChartContainer - [hivemq-test-hivemq-platform] [hivemq-platform-operator] [3cd2b14a] 04:04:09.999 [pool-6-thread-41] DEBUG c.h.p.o.d.StatefulSetResource - [helmvolu] Desired StatefulSet (3 replicas) for status ROLLING_RESTART (SURGE_IN_PROGRESS)
2025-01-30 04:04:10,003 INFO c.h.h.t.HelmChartContainer - [hivemq-test-hivemq-platform] [hivemq-platform-operator] [3cd2b14a] 04:04:10.002 [ReconcilerExecutor-hivemq-controller-138] INFO  c.h.p.o.HiveMQPlatformReconciler - [helmvolu] Reconciling HiveMQ Platform 'test-hivemq-platform' in namespace 'helmvolumeclaimtemplatesit'
2025-01-30 04:04:10,004 INFO c.h.h.t.HelmChartContainer - [hivemq-test-hivemq-platform] [hivemq-platform-operator] [3cd2b14a] 04:04:10.002 [ReconcilerExecutor-hivemq-controller-138] DEBUG c.h.p.o.HiveMQPlatformReconciler - [helmvolu] Custom Resource Status ROLLING_RESTART - HiveMQ Platform is starting a surge Pod (rolling restart) (SURGE_IN_PROGRESS)
2025-01-30 04:04:10,004 INFO c.h.h.t.HelmChartContainer - [hivemq-test-hivemq-platform] [hivemq-platform-operator] [3cd2b14a] 04:04:10.003 [ReconcilerExecutor-hivemq-controller-138] DEBUG c.h.p.o.HiveMQPlatformReconciler - [helmvolu] Custom Resource Spec (replicas: 2) (extensions: 1)
2025-01-30 04:04:10,006 INFO c.h.h.t.HelmChartContainer - [hivemq-test-hivemq-platform] [hivemq-platform-operator] [3cd2b14a] 04:04:10.004 [ReconcilerExecutor-hivemq-controller-138] DEBUG c.h.p.o.HiveMQPlatformReconciler - [helmvolu] StatefulSet Status (revision: test-hivemq-platform-59475f86c9, replicas: 3, available: 2, ready: 2, current: 2, updated: 1)
2025-01-30 04:04:10,006 INFO c.h.h.t.HelmChartContainer - [hivemq-test-hivemq-platform] [hivemq-platform-operator] [3cd2b14a] 04:04:10.004 [ReconcilerExecutor-hivemq-controller-138] DEBUG c.h.p.o.HiveMQPlatformReconciler - [helmvolu] StatefulSet Spec (replicas: 3, init containers: 1, containers: 1, volumes: 4)
2025-01-30 04:04:10,006 INFO c.h.h.t.HelmChartContainer - [hivemq-test-hivemq-platform] [hivemq-platform-operator] [3cd2b14a] 04:04:10.005 [ReconcilerExecutor-hivemq-controller-138] DEBUG c.h.p.o.h.HiveMQPlatformReconcilerErrorHandler - [helmvolu] Pod 'test-hivemq-platform-2' phase Running
2025-01-30 04:04:10,011 INFO c.h.h.t.HelmChartContainer - [hivemq-test-hivemq-platform] [hivemq-platform-operator] [3cd2b14a] 04:04:10.007 [ReconcilerExecutor-hivemq-controller-138] DEBUG c.h.p.o.h.HiveMQPlatformReconcilerErrorHandler - [helmvolu] Pod 'test-hivemq-platform-1' phase Running
2025-01-30 04:04:10,011 INFO c.h.h.t.HelmChartContainer - [hivemq-test-hivemq-platform] [hivemq-platform-operator] [3cd2b14a] 04:04:10.008 [ReconcilerExecutor-hivemq-controller-138] DEBUG c.h.p.o.h.HiveMQPlatformReconcilerErrorHandler - [helmvolu] Pod 'test-hivemq-platform-0' phase Running
2025-01-30 04:04:10,011 INFO c.h.h.t.HelmChartContainer - [hivemq-test-hivemq-platform] [hivemq-platform-operator] [3cd2b14a] 04:04:10.008 [ReconcilerExecutor-hivemq-controller-138] DEBUG c.h.p.o.h.HiveMQPlatformReconcilerRollingRestartHandler - [helmvolu] Rolling restart is waiting for 2 of 3 replicas
2025-01-30 04:04:10,036 INFO c.h.h.t.HelmChartContainer - [EVENT] Warning [Unhealthy] Readiness probe failed: HTTP probe failed with statuscode: 503 [helmvolumeclaimtemplatesit:test-hivemq-platform-2]
2025-01-30 04:04:10,036 INFO c.h.h.t.HelmChartContainer - Received Unhealthy event for container hivemq in pod test-hivemq-platform-2 [1fef601f-ab18-4728-b244-b1212471a77a]
2025-01-30 04:04:10,641 INFO c.h.h.t.HelmChartContainer - [test-hivemq-platform] [hivemq] [1fef601f] INFO  - Starting HiveMQ Enterprise Server
2025-01-30 04:04:10,647 INFO c.h.h.t.HelmChartContainer - [test-hivemq-platform] [hivemq] [1fef601f] INFO  - HiveMQ version: 4.36.0
2025-01-30 04:04:10,647 INFO c.h.h.t.HelmChartContainer - [test-hivemq-platform] [hivemq] [1fef601f] INFO  - HiveMQ home directory: /opt/hivemq
2025-01-30 04:04:10,647 INFO c.h.h.t.HelmChartContainer - [test-hivemq-platform] [hivemq] [1fef601f] INFO  - Log Configuration was overridden by /opt/hivemq/conf/logback.xml
2025-01-30 04:04:11,931 INFO c.h.h.t.HelmChartContainer - [test-hivemq-platform] [hivemq] [1fef601f] INFO  - Successfully loaded configuration from '/opt/hivemq/conf-k8s/config.xml'.
2025-01-30 04:04:12,246 INFO c.h.h.t.HelmChartContainer - [test-hivemq-platform] [hivemq] [1fef601f] INFO  - This node's ID is 6Dgwi
2025-01-30 04:04:12,246 INFO c.h.h.t.HelmChartContainer - [test-hivemq-platform] [hivemq] [1fef601f] INFO  - Clustering is enabled
2025-01-30 04:04:15,230 INFO c.h.h.t.HelmChartContainer - [test-hivemq-platform] [hivemq] [1fef601f] WARN  - [HiveMQ Platform Operator Init App 1.7.0-SNAPSHOT] Cannot connect to Health API for readiness: null
2025-01-30 04:04:15,235 INFO c.h.h.t.HelmChartContainer - [EVENT] Warning [Unhealthy] Readiness probe failed: HTTP probe failed with statuscode: 503 [helmvolumeclaimtemplatesit:test-hivemq-platform-2]
2025-01-30 04:04:15,235 INFO c.h.h.t.HelmChartContainer - Received Unhealthy event for container hivemq in pod test-hivemq-platform-2 [1fef601f-ab18-4728-b244-b1212471a77a]
2025-01-30 04:04:17,231 INFO c.h.h.t.HelmChartContainer - [test-hivemq-platform] [hivemq] [1fef601f] WARN  - [HiveMQ Platform Operator Init App 1.7.0-SNAPSHOT] Cannot connect to Health API for liveness: null
2025-01-30 04:04:17,231 INFO c.h.h.t.HelmChartContainer - [test-hivemq-platform] [hivemq] [1fef601f] INFO  - [HiveMQ Platform Operator Init App 1.7.0-SNAPSHOT] Returning default Health API response 200 for liveness
2025-01-30 04:04:20,013 INFO c.h.h.t.HelmChartContainer - [hivemq-test-hivemq-platform] [hivemq-platform-operator] [3cd2b14a] 04:04:20.012 [pool-6-thread-9] DEBUG c.h.p.o.dependants.PodInfoConfigMap - [helmvolu] Desired PodInfo ConfigMap (1 extensions) (1 enabled)
2025-01-30 04:04:20,015 INFO c.h.h.t.HelmChartContainer - [hivemq-test-hivemq-platform] [hivemq-platform-operator] [3cd2b14a] 04:04:20.012 [pool-6-thread-2] DEBUG c.h.p.o.d.PodServiceAccountResource - [helmvolu] Desired PodServiceAccountResource (serviceAccountName: hivemq-platform-pod-test-hivemq-platform)
2025-01-30 04:04:20,015 INFO c.h.h.t.HelmChartContainer - [hivemq-test-hivemq-platform] [hivemq-platform-operator] [3cd2b14a] 04:04:20.012 [pool-6-thread-9] DEBUG c.h.p.o.dependants.PodInfoConfigMap - [helmvolu] Desired PodInfo ConfigMap (metrics port: 9399) (metrics path: /)
2025-01-30 04:04:20,015 INFO c.h.h.t.HelmChartContainer - [hivemq-test-hivemq-platform] [hivemq-platform-operator] [3cd2b14a] 04:04:20.012 [pool-6-thread-9] DEBUG c.h.p.o.dependants.PodInfoConfigMap - [helmvolu] Desired PodInfo ConfigMap (extension state hash: -1817474005)
2025-01-30 04:04:20,015 INFO c.h.h.t.HelmChartContainer - [hivemq-test-hivemq-platform] [hivemq-platform-operator] [3cd2b14a] 04:04:20.013 [pool-6-thread-8] DEBUG c.h.p.o.d.PlatformServiceResource - [helmvolu] Desired Platform services (3 services)
2025-01-30 04:04:20,017 INFO c.h.h.t.HelmChartContainer - [hivemq-test-hivemq-platform] [hivemq-platform-operator] [3cd2b14a] 04:04:20.016 [pool-6-thread-5] DEBUG c.h.p.o.d.StatefulSetResource - [helmvolu] Desired StatefulSet (3 replicas) for status ROLLING_RESTART (SURGE_IN_PROGRESS)
2025-01-30 04:04:20,020 INFO c.h.h.t.HelmChartContainer - [hivemq-test-hivemq-platform] [hivemq-platform-operator] [3cd2b14a] 04:04:20.019 [ReconcilerExecutor-hivemq-controller-139] INFO  c.h.p.o.HiveMQPlatformReconciler - [helmvolu] Reconciling HiveMQ Platform 'test-hivemq-platform' in namespace 'helmvolumeclaimtemplatesit'
2025-01-30 04:04:20,020 INFO c.h.h.t.HelmChartContainer - [hivemq-test-hivemq-platform] [hivemq-platform-operator] [3cd2b14a] 04:04:20.019 [ReconcilerExecutor-hivemq-controller-139] DEBUG c.h.p.o.HiveMQPlatformReconciler - [helmvolu] Custom Resource Status ROLLING_RESTART - HiveMQ Platform is starting a surge Pod (rolling restart) (SURGE_IN_PROGRESS)
2025-01-30 04:04:20,020 INFO c.h.h.t.HelmChartContainer - [hivemq-test-hivemq-platform] [hivemq-platform-operator] [3cd2b14a] 04:04:20.019 [ReconcilerExecutor-hivemq-controller-139] DEBUG c.h.p.o.HiveMQPlatformReconciler - [helmvolu] Custom Resource Spec (replicas: 2) (extensions: 1)
2025-01-30 04:04:20,021 INFO c.h.h.t.HelmChartContainer - [hivemq-test-hivemq-platform] [hivemq-platform-operator] [3cd2b14a] 04:04:20.020 [ReconcilerExecutor-hivemq-controller-139] DEBUG c.h.p.o.HiveMQPlatformReconciler - [helmvolu] StatefulSet Status (revision: test-hivemq-platform-59475f86c9, replicas: 3, available: 2, ready: 2, current: 2, updated: 1)
2025-01-30 04:04:20,021 INFO c.h.h.t.HelmChartContainer - [hivemq-test-hivemq-platform] [hivemq-platform-operator] [3cd2b14a] 04:04:20.020 [ReconcilerExecutor-hivemq-controller-139] DEBUG c.h.p.o.HiveMQPlatformReconciler - [helmvolu] StatefulSet Spec (replicas: 3, init containers: 1, containers: 1, volumes: 4)
2025-01-30 04:04:20,021 INFO c.h.h.t.HelmChartContainer - [hivemq-test-hivemq-platform] [hivemq-platform-operator] [3cd2b14a] 04:04:20.021 [ReconcilerExecutor-hivemq-controller-139] DEBUG c.h.p.o.h.HiveMQPlatformReconcilerErrorHandler - [helmvolu] Pod 'test-hivemq-platform-2' phase Running
2025-01-30 04:04:20,024 INFO c.h.h.t.HelmChartContainer - [hivemq-test-hivemq-platform] [hivemq-platform-operator] [3cd2b14a] 04:04:20.022 [ReconcilerExecutor-hivemq-controller-139] DEBUG c.h.p.o.h.HiveMQPlatformReconcilerErrorHandler - [helmvolu] Pod 'test-hivemq-platform-1' phase Running
2025-01-30 04:04:20,024 INFO c.h.h.t.HelmChartContainer - [hivemq-test-hivemq-platform] [hivemq-platform-operator] [3cd2b14a] 04:04:20.023 [ReconcilerExecutor-hivemq-controller-139] DEBUG c.h.p.o.h.HiveMQPlatformReconcilerErrorHandler - [helmvolu] Pod 'test-hivemq-platform-0' phase Running
2025-01-30 04:04:20,024 INFO c.h.h.t.HelmChartContainer - [hivemq-test-hivemq-platform] [hivemq-platform-operator] [3cd2b14a] 04:04:20.023 [ReconcilerExecutor-hivemq-controller-139] DEBUG c.h.p.o.h.HiveMQPlatformReconcilerRollingRestartHandler - [helmvolu] Rolling restart is waiting for 2 of 3 replicas
2025-01-30 04:04:20,035 INFO c.h.h.t.HelmChartContainer - [test-hivemq-platform] [hivemq] [1fef601f] WARN  - [HiveMQ Platform Operator Init App 1.7.0-SNAPSHOT] Cannot connect to Health API for readiness: null
2025-01-30 04:04:20,042 INFO c.h.h.t.HelmChartContainer - [EVENT] Warning [Unhealthy] Readiness probe failed: HTTP probe failed with statuscode: 503 [helmvolumeclaimtemplatesit:test-hivemq-platform-2]
2025-01-30 04:04:20,042 INFO c.h.h.t.HelmChartContainer - Received Unhealthy event for container hivemq in pod test-hivemq-platform-2 [1fef601f-ab18-4728-b244-b1212471a77a]
2025-01-30 04:04:24,631 INFO c.h.h.t.HelmChartContainer - [test-hivemq-platform] [hivemq] [1fef601f] INFO  - No valid license file found. Using trial license, restricted to 25 connections.
2025-01-30 04:04:25,029 INFO c.h.h.t.HelmChartContainer - [test-hivemq-platform] [hivemq] [1fef601f] WARN  - [HiveMQ Platform Operator Init App 1.7.0-SNAPSHOT] Cannot connect to Health API for readiness: null
2025-01-30 04:04:25,034 INFO c.h.h.t.HelmChartContainer - [EVENT] Warning [Unhealthy] Readiness probe failed: HTTP probe failed with statuscode: 503 [helmvolumeclaimtemplatesit:test-hivemq-platform-2]
2025-01-30 04:04:25,034 INFO c.h.h.t.HelmChartContainer - Received Unhealthy event for container hivemq in pod test-hivemq-platform-2 [1fef601f-ab18-4728-b244-b1212471a77a]
2025-01-30 04:04:27,833 INFO c.h.h.t.HelmChartContainer - [test-hivemq-platform] [hivemq] [1fef601f] INFO  - No valid license file for Data Hub found. Using free license, restricted to 1 policy.
2025-01-30 04:04:28,932 INFO c.h.h.t.HelmChartContainer - [test-hivemq-platform] [hivemq] [1fef601f] INFO  - Audit Logger started.
2025-01-30 04:04:29,324 INFO c.h.h.t.HelmChartContainer - [test-hivemq-platform] [hivemq] [1fef601f] INFO  - This node uses '1' CPU cores.
2025-01-30 04:04:29,328 INFO c.h.h.t.HelmChartContainer - [test-hivemq-platform] [hivemq] [1fef601f] INFO  - Starting HiveMQ Health API on address 0.0.0.0 and port 8889
2025-01-30 04:04:30,028 INFO c.h.h.t.HelmChartContainer - [hivemq-test-hivemq-platform] [hivemq-platform-operator] [3cd2b14a] 04:04:30.027 [pool-6-thread-18] DEBUG c.h.p.o.dependants.PodInfoConfigMap - [helmvolu] Desired PodInfo ConfigMap (1 extensions) (1 enabled)
2025-01-30 04:04:30,028 INFO c.h.h.t.HelmChartContainer - [hivemq-test-hivemq-platform] [hivemq-platform-operator] [3cd2b14a] 04:04:30.027 [pool-6-thread-18] DEBUG c.h.p.o.dependants.PodInfoConfigMap - [helmvolu] Desired PodInfo ConfigMap (metrics port: 9399) (metrics path: /)
2025-01-30 04:04:30,031 INFO c.h.h.t.HelmChartContainer - [hivemq-test-hivemq-platform] [hivemq-platform-operator] [3cd2b14a] 04:04:30.027 [pool-6-thread-18] DEBUG c.h.p.o.dependants.PodInfoConfigMap - [helmvolu] Desired PodInfo ConfigMap (extension state hash: -1817474005)
2025-01-30 04:04:30,033 INFO c.h.h.t.HelmChartContainer - [hivemq-test-hivemq-platform] [hivemq-platform-operator] [3cd2b14a] 04:04:30.028 [pool-6-thread-12] DEBUG c.h.p.o.d.PodServiceAccountResource - [helmvolu] Desired PodServiceAccountResource (serviceAccountName: hivemq-platform-pod-test-hivemq-platform)
2025-01-30 04:04:30,035 INFO c.h.h.t.HelmChartContainer - [hivemq-test-hivemq-platform] [hivemq-platform-operator] [3cd2b14a] 04:04:30.031 [pool-6-thread-11] DEBUG c.h.p.o.d.PlatformServiceResource - [helmvolu] Desired Platform services (3 services)
2025-01-30 04:04:30,040 INFO c.h.h.t.HelmChartContainer - [hivemq-test-hivemq-platform] [hivemq-platform-operator] [3cd2b14a] 04:04:30.036 [pool-6-thread-11] DEBUG c.h.p.o.d.StatefulSetResource - [helmvolu] Desired StatefulSet (3 replicas) for status ROLLING_RESTART (SURGE_IN_PROGRESS)
2025-01-30 04:04:30,043 INFO c.h.h.t.HelmChartContainer - [test-hivemq-platform] [hivemq] [1fef601f] WARN  - [HiveMQ Platform Operator Init App 1.7.0-SNAPSHOT] Cannot connect to Health API for readiness: null
2025-01-30 04:04:30,046 INFO c.h.h.t.HelmChartContainer - [hivemq-test-hivemq-platform] [hivemq-platform-operator] [3cd2b14a] 04:04:30.039 [ReconcilerExecutor-hivemq-controller-140] INFO  c.h.p.o.HiveMQPlatformReconciler - [helmvolu] Reconciling HiveMQ Platform 'test-hivemq-platform' in namespace 'helmvolumeclaimtemplatesit'
2025-01-30 04:04:30,047 INFO c.h.h.t.HelmChartContainer - [hivemq-test-hivemq-platform] [hivemq-platform-operator] [3cd2b14a] 04:04:30.039 [ReconcilerExecutor-hivemq-controller-140] DEBUG c.h.p.o.HiveMQPlatformReconciler - [helmvolu] Custom Resource Status ROLLING_RESTART - HiveMQ Platform is starting a surge Pod (rolling restart) (SURGE_IN_PROGRESS)
2025-01-30 04:04:30,047 INFO c.h.h.t.HelmChartContainer - [hivemq-test-hivemq-platform] [hivemq-platform-operator] [3cd2b14a] 04:04:30.039 [ReconcilerExecutor-hivemq-controller-140] DEBUG c.h.p.o.HiveMQPlatformReconciler - [helmvolu] Custom Resource Spec (replicas: 2) (extensions: 1)
2025-01-30 04:04:30,048 INFO c.h.h.t.HelmChartContainer - [EVENT] Warning [Unhealthy] Readiness probe failed: HTTP probe failed with statuscode: 503 [helmvolumeclaimtemplatesit:test-hivemq-platform-2]
2025-01-30 04:04:30,048 INFO c.h.h.t.HelmChartContainer - Received Unhealthy event for container hivemq in pod test-hivemq-platform-2 [1fef601f-ab18-4728-b244-b1212471a77a]
2025-01-30 04:04:30,048 INFO c.h.h.t.HelmChartContainer - [hivemq-test-hivemq-platform] [hivemq-platform-operator] [3cd2b14a] 04:04:30.045 [ReconcilerExecutor-hivemq-controller-140] DEBUG c.h.p.o.HiveMQPlatformReconciler - [helmvolu] StatefulSet Status (revision: test-hivemq-platform-59475f86c9, replicas: 3, available: 2, ready: 2, current: 2, updated: 1)
2025-01-30 04:04:30,049 INFO c.h.h.t.HelmChartContainer - [hivemq-test-hivemq-platform] [hivemq-platform-operator] [3cd2b14a] 04:04:30.049 [ReconcilerExecutor-hivemq-controller-140] DEBUG c.h.p.o.HiveMQPlatformReconciler - [helmvolu] StatefulSet Spec (replicas: 3, init containers: 1, containers: 1, volumes: 4)
2025-01-30 04:04:30,056 INFO c.h.h.t.HelmChartContainer - [hivemq-test-hivemq-platform] [hivemq-platform-operator] [3cd2b14a] 04:04:30.054 [ReconcilerExecutor-hivemq-controller-140] DEBUG c.h.p.o.h.HiveMQPlatformReconcilerErrorHandler - [helmvolu] Pod 'test-hivemq-platform-2' phase Running
2025-01-30 04:04:30,057 INFO c.h.h.t.HelmChartContainer - [hivemq-test-hivemq-platform] [hivemq-platform-operator] [3cd2b14a] 04:04:30.055 [ReconcilerExecutor-hivemq-controller-140] DEBUG c.h.p.o.h.HiveMQPlatformReconcilerErrorHandler - [helmvolu] Pod 'test-hivemq-platform-1' phase Running
2025-01-30 04:04:30,057 INFO c.h.h.t.HelmChartContainer - [hivemq-test-hivemq-platform] [hivemq-platform-operator] [3cd2b14a] 04:04:30.056 [ReconcilerExecutor-hivemq-controller-140] DEBUG c.h.p.o.h.HiveMQPlatformReconcilerErrorHandler - [helmvolu] Pod 'test-hivemq-platform-0' phase Running
2025-01-30 04:04:30,059 INFO c.h.h.t.HelmChartContainer - [hivemq-test-hivemq-platform] [hivemq-platform-operator] [3cd2b14a] 04:04:30.058 [ReconcilerExecutor-hivemq-controller-140] DEBUG c.h.p.o.h.HiveMQPlatformReconcilerRollingRestartHandler - [helmvolu] Rolling restart is waiting for 2 of 3 replicas
2025-01-30 04:04:30,236 INFO c.h.h.t.HelmChartContainer - [test-hivemq-platform] [hivemq] [1fef601f] INFO  - Started HiveMQ Health API in 908ms
2025-01-30 04:04:30,833 INFO c.h.h.t.HelmChartContainer - [test-hivemq-platform] [hivemq] [1fef601f] INFO  - Starting HiveMQ extension system.
2025-01-30 04:04:31,124 INFO c.h.h.t.HelmChartContainer - [test-hivemq-platform] [hivemq] [1fef601f] INFO  - Starting extension with id "hivemq-dns-cluster-discovery" at /opt/hivemq/extensions/hivemq-dns-cluster-discovery
2025-01-30 04:04:31,533 INFO c.h.h.t.HelmChartContainer - [test-hivemq-platform] [hivemq] [1fef601f] INFO  - Using TCP cluster transport on address 10.42.0.13 and port 7000
2025-01-30 04:04:31,540 INFO c.h.h.t.HelmChartContainer - [test-hivemq-platform] [hivemq] [1fef601f] INFO  - Using extension cluster discovery
2025-01-30 04:04:31,736 INFO c.h.h.t.HelmChartContainer - [test-hivemq-platform] [hivemq] [1fef601f] INFO  - Extension "DNS Cluster Discovery Extension" version 4.3.2 started successfully.
2025-01-30 04:04:31,737 INFO c.h.h.t.HelmChartContainer - [test-hivemq-platform] [hivemq] [1fef601f] INFO  - Starting extension with id "hivemq-prometheus-extension" at /opt/hivemq/extensions/hivemq-prometheus-extension
2025-01-30 04:04:32,829 INFO c.h.h.t.HelmChartContainer - [test-hivemq-platform] [hivemq] [1fef601f] INFO  - Started Jetty Server exposing Prometheus Servlet on URI http://0.0.0.0:9399/
2025-01-30 04:04:32,830 INFO c.h.h.t.HelmChartContainer - [test-hivemq-platform] [hivemq] [1fef601f] INFO  - Extension "Prometheus Monitoring Extension" version 4.0.12 started successfully.
2025-01-30 04:04:32,830 INFO c.h.h.t.HelmChartContainer - [test-hivemq-platform] [hivemq] [1fef601f] INFO  - Starting extension with id "hivemq-allow-all-extension" at /opt/hivemq/extensions/hivemq-allow-all-extension
2025-01-30 04:04:32,830 INFO c.h.h.t.HelmChartContainer - [test-hivemq-platform] [hivemq] [1fef601f] WARN  - 
2025-01-30 04:04:32,830 INFO c.h.h.t.HelmChartContainer - [test-hivemq-platform] [hivemq] [1fef601f] ################################################################################################################
2025-01-30 04:04:32,830 INFO c.h.h.t.HelmChartContainer - [test-hivemq-platform] [hivemq] [1fef601f] # This HiveMQ deployment is not secure! You are lacking Authentication and Authorization.                      #
2025-01-30 04:04:32,830 INFO c.h.h.t.HelmChartContainer - [test-hivemq-platform] [hivemq] [1fef601f] # Right now any MQTT client can connect to the broker with a full set of permissions.                          #
2025-01-30 04:04:32,830 INFO c.h.h.t.HelmChartContainer - [test-hivemq-platform] [hivemq] [1fef601f] # For production usage, add an appropriate security extension and remove the hivemq-allow-all extension.       #
2025-01-30 04:04:32,830 INFO c.h.h.t.HelmChartContainer - [test-hivemq-platform] [hivemq] [1fef601f] # You can download security extensions from the HiveMQ Marketplace (https://www.hivemq.com/extensions/).       #
2025-01-30 04:04:32,830 INFO c.h.h.t.HelmChartContainer - [test-hivemq-platform] [hivemq] [1fef601f] ################################################################################################################
2025-01-30 04:04:32,830 INFO c.h.h.t.HelmChartContainer - [test-hivemq-platform] [hivemq] [1fef601f] INFO  - Extension "Allow All Extension" version 1.1.1 started successfully.
2025-01-30 04:04:32,936 INFO c.h.h.t.HelmChartContainer - [test-hivemq-platform] [hivemq] [c78b1b68] INFO  - Cluster nodes found by discovery: [ph5t9|2] (3) [ph5t9, qo37x, 6Dgwi].
2025-01-30 04:04:32,938 INFO c.h.h.t.HelmChartContainer - [test-hivemq-platform] [hivemq] [ccedc2bb] INFO  - Cluster nodes found by discovery: [ph5t9|2] (3) [ph5t9, qo37x, 6Dgwi].
2025-01-30 04:04:32,946 INFO c.h.h.t.HelmChartContainer - [test-hivemq-platform] [hivemq] [1fef601f] INFO  - Cluster nodes found by discovery: [ph5t9|2] (3) [ph5t9, qo37x, 6Dgwi].
2025-01-30 04:04:33,130 INFO c.h.h.t.HelmChartContainer - [test-hivemq-platform] [hivemq] [1fef601f] INFO  - Cluster size = 1, members : [ph5t9].
2025-01-30 04:04:33,131 INFO c.h.h.t.HelmChartContainer - [test-hivemq-platform] [hivemq] [1fef601f] INFO  - Cluster size = 2, members : [ph5t9, qo37x].
2025-01-30 04:04:33,431 INFO c.h.h.t.HelmChartContainer - [test-hivemq-platform] [hivemq] [1fef601f] INFO  - Starting cluster join process. This may take a while. Please do not shut down HiveMQ.
2025-01-30 04:04:33,431 INFO c.h.h.t.HelmChartContainer - [test-hivemq-platform] [hivemq] [1fef601f] INFO  - Cluster join process is still ongoing. Please do not shut down HiveMQ.
2025-01-30 04:04:35,429 INFO c.h.h.t.HelmChartContainer - [test-hivemq-platform] [hivemq] [1fef601f] INFO  - [HiveMQ Platform Operator Init App 1.7.0-SNAPSHOT] Returning Health API response 503 for readiness
2025-01-30 04:04:35,434 INFO c.h.h.t.HelmChartContainer - [EVENT] Warning [Unhealthy] Readiness probe failed: HTTP probe failed with statuscode: 503 [helmvolumeclaimtemplatesit:test-hivemq-platform-2]
2025-01-30 04:04:35,434 INFO c.h.h.t.HelmChartContainer - Received Unhealthy event for container hivemq in pod test-hivemq-platform-2 [1fef601f-ab18-4728-b244-b1212471a77a]
2025-01-30 04:04:35,443 INFO c.h.h.t.HelmChartContainer - [test-hivemq-platform] [hivemq] [c78b1b68] INFO  - Cluster size = 3, members : [6Dgwi, ph5t9, qo37x].
2025-01-30 04:04:35,450 INFO c.h.h.t.HelmChartContainer - [test-hivemq-platform] [hivemq] [ccedc2bb] INFO  - Cluster size = 3, members : [6Dgwi, ph5t9, qo37x].
2025-01-30 04:04:35,535 INFO c.h.h.t.HelmChartContainer - [test-hivemq-platform] [hivemq] [1fef601f] INFO  - Cluster size = 3, members : [6Dgwi, ph5t9, qo37x].
2025-01-30 04:04:35,538 INFO c.h.h.t.HelmChartContainer - [test-hivemq-platform] [hivemq] [1fef601f] INFO  - Finished cluster join process successfully.
2025-01-30 04:04:35,540 INFO c.h.h.t.HelmChartContainer - [test-hivemq-platform] [hivemq] [1fef601f] WARN  - No user for HiveMQ Control Center configured. Starting with default user
2025-01-30 04:04:35,540 INFO c.h.h.t.HelmChartContainer - [test-hivemq-platform] [hivemq] [1fef601f] INFO  - Starting HiveMQ Control Center on address 0.0.0.0 and port 8080
2025-01-30 04:04:35,632 INFO c.h.h.t.HelmChartContainer - [test-hivemq-platform] [hivemq] [1fef601f] INFO  - Mounting HiveMQ Control Center V2 Preview
2025-01-30 04:04:36,534 INFO c.h.h.t.HelmChartContainer - [test-hivemq-platform] [hivemq] [1fef601f] INFO  - Started HiveMQ Control Center in 993ms
2025-01-30 04:04:36,632 INFO c.h.h.t.HelmChartContainer - [test-hivemq-platform] [hivemq] [1fef601f] INFO  - Starting TCP listener on address 0.0.0.0 and port 1884
2025-01-30 04:04:36,648 INFO c.h.h.t.HelmChartContainer - [test-hivemq-platform] [hivemq] [1fef601f] INFO  - Started TCP Listener on address 0.0.0.0 and on port 1884.
2025-01-30 04:04:36,650 INFO c.h.h.t.HelmChartContainer - [test-hivemq-platform] [hivemq] [1fef601f] INFO  - Started HiveMQ in 26315ms
2025-01-30 04:04:39,950 INFO c.h.h.t.HelmChartContainer - [test-hivemq-platform] [hivemq] [1fef601f] INFO  - [HiveMQ Platform Operator Init App 1.7.0-SNAPSHOT] Returning Health API response 200 for readiness
2025-01-30 04:04:39,963 INFO c.h.h.t.HelmChartContainer - [POD] test-hivemq-platform-2 [1fef601f-ab18-4728-b244-b1212471a77a] in helmvolumeclaimtemplatesit was MODIFIED
2025-01-30 04:04:39,983 INFO c.h.h.t.HelmChartContainer - [hivemq-test-hivemq-platform] [hivemq-platform-operator] [3cd2b14a] 04:04:39.966 [pool-6-thread-30] DEBUG c.h.p.o.d.PlatformServiceResource - [helmvolu] Desired Platform services (3 services)
2025-01-30 04:04:39,983 INFO c.h.h.t.HelmChartContainer - [hivemq-test-hivemq-platform] [hivemq-platform-operator] [3cd2b14a] 04:04:39.970 [pool-6-thread-28] DEBUG c.h.p.o.d.PodServiceAccountResource - [helmvolu] Desired PodServiceAccountResource (serviceAccountName: hivemq-platform-pod-test-hivemq-platform)
2025-01-30 04:04:39,983 INFO c.h.h.t.HelmChartContainer - [hivemq-test-hivemq-platform] [hivemq-platform-operator] [3cd2b14a] 04:04:39.974 [pool-6-thread-30] DEBUG c.h.p.o.dependants.PodInfoConfigMap - [helmvolu] Desired PodInfo ConfigMap (1 extensions) (1 enabled)
2025-01-30 04:04:39,983 INFO c.h.h.t.HelmChartContainer - [hivemq-test-hivemq-platform] [hivemq-platform-operator] [3cd2b14a] 04:04:39.974 [pool-6-thread-30] DEBUG c.h.p.o.dependants.PodInfoConfigMap - [helmvolu] Desired PodInfo ConfigMap (metrics port: 9399) (metrics path: /)
2025-01-30 04:04:39,983 INFO c.h.h.t.HelmChartContainer - [hivemq-test-hivemq-platform] [hivemq-platform-operator] [3cd2b14a] 04:04:39.974 [pool-6-thread-30] DEBUG c.h.p.o.dependants.PodInfoConfigMap - [helmvolu] Desired PodInfo ConfigMap (extension state hash: -1817474005)
2025-01-30 04:04:39,983 INFO c.h.h.t.HelmChartContainer - [hivemq-test-hivemq-platform] [hivemq-platform-operator] [3cd2b14a] 04:04:39.978 [pool-6-thread-30] DEBUG c.h.p.o.d.StatefulSetResource - [helmvolu] Desired StatefulSet (3 replicas) for status ROLLING_RESTART (SURGE_IN_PROGRESS)
2025-01-30 04:04:39,990 INFO c.h.h.t.HelmChartContainer - [hivemq-test-hivemq-platform] [hivemq-platform-operator] [3cd2b14a] 04:04:39.986 [ReconcilerExecutor-hivemq-controller-141] INFO  c.h.p.o.HiveMQPlatformReconciler - [helmvolu] Reconciling HiveMQ Platform 'test-hivemq-platform' in namespace 'helmvolumeclaimtemplatesit'
2025-01-30 04:04:39,990 INFO c.h.h.t.HelmChartContainer - [hivemq-test-hivemq-platform] [hivemq-platform-operator] [3cd2b14a] 04:04:39.986 [ReconcilerExecutor-hivemq-controller-141] DEBUG c.h.p.o.HiveMQPlatformReconciler - [helmvolu] Custom Resource Status ROLLING_RESTART - HiveMQ Platform is starting a surge Pod (rolling restart) (SURGE_IN_PROGRESS)
2025-01-30 04:04:39,990 INFO c.h.h.t.HelmChartContainer - [hivemq-test-hivemq-platform] [hivemq-platform-operator] [3cd2b14a] 04:04:39.986 [ReconcilerExecutor-hivemq-controller-141] DEBUG c.h.p.o.HiveMQPlatformReconciler - [helmvolu] Custom Resource Spec (replicas: 2) (extensions: 1)
2025-01-30 04:04:39,990 INFO c.h.h.t.HelmChartContainer - [hivemq-test-hivemq-platform] [hivemq-platform-operator] [3cd2b14a] 04:04:39.987 [ReconcilerExecutor-hivemq-controller-141] DEBUG c.h.p.o.HiveMQPlatformReconciler - [helmvolu] StatefulSet Status (revision: test-hivemq-platform-59475f86c9, replicas: 3, available: 3, ready: 3, current: 2, updated: 1)
2025-01-30 04:04:39,990 INFO c.h.h.t.HelmChartContainer - [hivemq-test-hivemq-platform] [hivemq-platform-operator] [3cd2b14a] 04:04:39.987 [ReconcilerExecutor-hivemq-controller-141] DEBUG c.h.p.o.HiveMQPlatformReconciler - [helmvolu] StatefulSet Spec (replicas: 3, init containers: 1, containers: 1, volumes: 4)
2025-01-30 04:04:39,996 INFO c.h.h.t.HelmChartContainer - [hivemq-test-hivemq-platform] [hivemq-platform-operator] [3cd2b14a] 04:04:39.988 [ReconcilerExecutor-hivemq-controller-141] DEBUG c.h.p.o.h.HiveMQPlatformReconcilerErrorHandler - [helmvolu] Pod 'test-hivemq-platform-2' phase Running
2025-01-30 04:04:39,997 INFO c.h.h.t.HelmChartContainer - [hivemq-test-hivemq-platform] [hivemq-platform-operator] [3cd2b14a] 04:04:39.989 [ReconcilerExecutor-hivemq-controller-141] DEBUG c.h.p.o.h.HiveMQPlatformReconcilerErrorHandler - [helmvolu] Pod 'test-hivemq-platform-1' phase Running
2025-01-30 04:04:40,001 INFO c.h.h.t.HelmChartContainer - [hivemq-test-hivemq-platform] [hivemq-platform-operator] [3cd2b14a] 04:04:39.993 [ReconcilerExecutor-hivemq-controller-141] DEBUG c.h.p.o.h.HiveMQPlatformReconcilerErrorHandler - [helmvolu] Pod 'test-hivemq-platform-0' phase Running
2025-01-30 04:04:40,001 INFO c.h.h.t.HelmChartContainer - [hivemq-test-hivemq-platform] [hivemq-platform-operator] [3cd2b14a] 04:04:39.993 [ReconcilerExecutor-hivemq-controller-141] INFO  c.h.p.o.h.HiveMQPlatformReconcilerRollingRestartHandler - [helmvolu] Surge Pod started successfully
2025-01-30 04:04:40,091 INFO c.h.h.t.HelmChartContainer - [hivemq-test-hivemq-platform] [hivemq-platform-operator] [3cd2b14a] 04:04:40.090 [ReconcilerExecutor-hivemq-controller-141] DEBUG c.h.p.operator.event.EventSender - [helmvolu] Creating K8s event rolling-restart-surge-in-progress: [RollingRestart] HiveMQ Platform is restarting Pods (rolling restart)
2025-01-30 04:04:40,095 INFO c.h.h.t.HelmChartContainer - [EVENT] Normal [RollingRestart] HiveMQ Platform is restarting Pods (rolling restart) [helmvolumeclaimtemplatesit:test-hivemq-platform]
2025-01-30 04:04:40,096 INFO c.h.h.t.HelmChartContainer - [hivemq-test-hivemq-platform] [hivemq-platform-operator] [3cd2b14a] 04:04:40.095 [ReconcilerExecutor-hivemq-controller-141] INFO  c.h.p.o.h.AbstractHiveMQReconcilerStateHandler - [helmvolu] Update HiveMQ Platform Status (ROLLING_RESTART [SURGE_IN_PROGRESS] -> ROLLING_RESTART [RESTART_PODS_IN_PROGRESS]): HiveMQ Platform is restarting Pods (rolling restart)
2025-01-30 04:04:40,105 DEBUG com.hivemq.helmcharts.util.K8sUtil - Comparing actual state 'ROLLING_RESTART' and waiting for 'RUNNING'
2025-01-30 04:04:40,111 INFO c.h.h.t.HelmChartContainer - [hivemq-test-hivemq-platform] [hivemq-platform-operator] [3cd2b14a] 04:04:40.107 [pool-6-thread-31] DEBUG c.h.p.o.d.PlatformServiceResource - [helmvolu] Desired Platform services (3 services)
2025-01-30 04:04:40,111 INFO c.h.h.t.HelmChartContainer - [hivemq-test-hivemq-platform] [hivemq-platform-operator] [3cd2b14a] 04:04:40.108 [pool-6-thread-39] DEBUG c.h.p.o.dependants.PodInfoConfigMap - [helmvolu] Desired PodInfo ConfigMap (1 extensions) (1 enabled)
2025-01-30 04:04:40,111 INFO c.h.h.t.HelmChartContainer - [hivemq-test-hivemq-platform] [hivemq-platform-operator] [3cd2b14a] 04:04:40.108 [pool-6-thread-39] DEBUG c.h.p.o.dependants.PodInfoConfigMap - [helmvolu] Desired PodInfo ConfigMap (metrics port: 9399) (metrics path: /)
2025-01-30 04:04:40,111 INFO c.h.h.t.HelmChartContainer - [hivemq-test-hivemq-platform] [hivemq-platform-operator] [3cd2b14a] 04:04:40.108 [pool-6-thread-39] DEBUG c.h.p.o.dependants.PodInfoConfigMap - [helmvolu] Desired PodInfo ConfigMap (extension state hash: -1817474005)
2025-01-30 04:04:40,111 INFO c.h.h.t.HelmChartContainer - [hivemq-test-hivemq-platform] [hivemq-platform-operator] [3cd2b14a] 04:04:40.109 [pool-6-thread-39] DEBUG c.h.p.o.d.PodServiceAccountResource - [helmvolu] Desired PodServiceAccountResource (serviceAccountName: hivemq-platform-pod-test-hivemq-platform)
2025-01-30 04:04:40,189 INFO c.h.h.t.HelmChartContainer - [hivemq-test-hivemq-platform] [hivemq-platform-operator] [3cd2b14a] 04:04:40.188 [pool-6-thread-31] DEBUG c.h.p.o.d.StatefulSetResource - [helmvolu] Desired StatefulSet (3 replicas) for status ROLLING_RESTART (RESTART_PODS_IN_PROGRESS)
2025-01-30 04:04:40,191 INFO c.h.h.t.HelmChartContainer - [hivemq-test-hivemq-platform] [hivemq-platform-operator] [3cd2b14a] 04:04:40.190 [ReconcilerExecutor-hivemq-controller-142] INFO  c.h.p.o.HiveMQPlatformReconciler - [helmvolu] Reconciling HiveMQ Platform 'test-hivemq-platform' in namespace 'helmvolumeclaimtemplatesit'
2025-01-30 04:04:40,191 INFO c.h.h.t.HelmChartContainer - [hivemq-test-hivemq-platform] [hivemq-platform-operator] [3cd2b14a] 04:04:40.190 [ReconcilerExecutor-hivemq-controller-142] DEBUG c.h.p.o.HiveMQPlatformReconciler - [helmvolu] Custom Resource Status ROLLING_RESTART - HiveMQ Platform is restarting Pods (rolling restart) (RESTART_PODS_IN_PROGRESS)
2025-01-30 04:04:40,191 INFO c.h.h.t.HelmChartContainer - [hivemq-test-hivemq-platform] [hivemq-platform-operator] [3cd2b14a] 04:04:40.190 [ReconcilerExecutor-hivemq-controller-142] DEBUG c.h.p.o.HiveMQPlatformReconciler - [helmvolu] Custom Resource Spec (replicas: 2) (extensions: 1)
2025-01-30 04:04:40,193 INFO c.h.h.t.HelmChartContainer - [hivemq-test-hivemq-platform] [hivemq-platform-operator] [3cd2b14a] 04:04:40.192 [ReconcilerExecutor-hivemq-controller-142] DEBUG c.h.p.o.HiveMQPlatformReconciler - [helmvolu] StatefulSet Status (revision: test-hivemq-platform-59475f86c9, replicas: 3, available: 3, ready: 3, current: 2, updated: 1)
2025-01-30 04:04:40,193 INFO c.h.h.t.HelmChartContainer - [hivemq-test-hivemq-platform] [hivemq-platform-operator] [3cd2b14a] 04:04:40.192 [ReconcilerExecutor-hivemq-controller-142] DEBUG c.h.p.o.HiveMQPlatformReconciler - [helmvolu] StatefulSet Spec (replicas: 3, init containers: 1, containers: 1, volumes: 4)
2025-01-30 04:04:40,194 INFO c.h.h.t.HelmChartContainer - [hivemq-test-hivemq-platform] [hivemq-platform-operator] [3cd2b14a] 04:04:40.193 [ReconcilerExecutor-hivemq-controller-142] DEBUG c.h.p.o.h.HiveMQPlatformReconcilerErrorHandler - [helmvolu] Pod 'test-hivemq-platform-2' phase Running
2025-01-30 04:04:40,196 INFO c.h.h.t.HelmChartContainer - [hivemq-test-hivemq-platform] [hivemq-platform-operator] [3cd2b14a] 04:04:40.194 [ReconcilerExecutor-hivemq-controller-142] DEBUG c.h.p.o.h.HiveMQPlatformReconcilerErrorHandler - [helmvolu] Pod 'test-hivemq-platform-1' phase Running
2025-01-30 04:04:40,196 INFO c.h.h.t.HelmChartContainer - [hivemq-test-hivemq-platform] [hivemq-platform-operator] [3cd2b14a] 04:04:40.195 [ReconcilerExecutor-hivemq-controller-142] DEBUG c.h.p.o.h.HiveMQPlatformReconcilerErrorHandler - [helmvolu] Pod 'test-hivemq-platform-0' phase Running
2025-01-30 04:04:40,202 INFO c.h.h.t.HelmChartContainer - [hivemq-test-hivemq-platform] [hivemq-platform-operator] [3cd2b14a] 04:04:40.201 [ReconcilerExecutor-hivemq-controller-142] DEBUG c.h.p.o.h.HiveMQPlatformReconcilerRollingRestartHandler - [helmvolu] Skipping Pod test-hivemq-platform-2 as it's already on the controller update revision (update revision: test-hivemq-platform-59475f86c9, pod revision: test-hivemq-platform-59475f86c9)
2025-01-30 04:04:40,299 INFO c.h.h.t.HelmChartContainer - [hivemq-test-hivemq-platform] [hivemq-platform-operator] [3cd2b14a] 04:04:40.298 [ReconcilerExecutor-hivemq-controller-142] DEBUG c.h.p.o.h.HiveMQPlatformReconcilerRollingRestartHandler - [helmvolu] The last Pod is running for 54 seconds, the next Pod can be restarted
2025-01-30 04:04:40,299 INFO c.h.h.t.HelmChartContainer - [hivemq-test-hivemq-platform] [hivemq-platform-operator] [3cd2b14a] 04:04:40.298 [ReconcilerExecutor-hivemq-controller-142] INFO  c.h.p.o.h.HiveMQPlatformReconcilerRollingRestartHandler - [helmvolu] Restarting Pod test-hivemq-platform-1 as it's not matching the controller update revision (update revision: test-hivemq-platform-59475f86c9, pod revision: test-hivemq-platform-6c7bb94cbd)
2025-01-30 04:04:40,312 INFO c.h.h.t.HelmChartContainer - [POD] test-hivemq-platform-1 [ccedc2bb-3fb9-4356-a626-24f0c519a736] in helmvolumeclaimtemplatesit was MODIFIED
2025-01-30 04:04:40,317 INFO c.h.h.t.HelmChartContainer - [EVENT] Normal [Killing] Stopping container hivemq [helmvolumeclaimtemplatesit:test-hivemq-platform-1]
2025-01-30 04:04:40,317 INFO c.h.h.t.HelmChartContainer - Received Killing event for container hivemq in pod test-hivemq-platform-1 [ccedc2bb-3fb9-4356-a626-24f0c519a736]
2025-01-30 04:04:40,317 INFO c.h.h.t.HelmChartContainer - Container [test-hivemq-platform-1] [hivemq] [ccedc2bb-3fb9-4356-a626-24f0c519a736] was terminated
2025-01-30 04:04:40,317 INFO c.h.h.t.HelmChartContainer - Stopped log watcher for hivemq in pod test-hivemq-platform-1 [ccedc2bb-3fb9-4356-a626-24f0c519a736]
2025-01-30 04:04:40,323 INFO c.h.h.t.HelmChartContainer - [test-hivemq-platform] [hivemq] [ccedc2bb] INFO  - [HiveMQ Platform Operator Init App 1.7.0-SNAPSHOT] Shutting down
2025-01-30 04:04:40,324 INFO c.h.h.t.HelmChartContainer - [test-hivemq-platform] [hivemq] [ccedc2bb] INFO  - [HiveMQ Platform Operator Init App 1.7.0-SNAPSHOT] Stopping the HiveMQ Platform
2025-01-30 04:04:40,387 INFO c.h.h.t.HelmChartContainer - [hivemq-test-hivemq-platform] [hivemq-platform-operator] [3cd2b14a] 04:04:40.386 [pool-6-thread-48] DEBUG c.h.p.o.d.PlatformServiceResource - [helmvolu] Desired Platform services (3 services)
2025-01-30 04:04:40,388 INFO c.h.h.t.HelmChartContainer - [hivemq-test-hivemq-platform] [hivemq-platform-operator] [3cd2b14a] 04:04:40.388 [pool-6-thread-44] DEBUG c.h.p.o.dependants.PodInfoConfigMap - [helmvolu] Desired PodInfo ConfigMap (1 extensions) (1 enabled)
2025-01-30 04:04:40,390 INFO c.h.h.t.HelmChartContainer - [hivemq-test-hivemq-platform] [hivemq-platform-operator] [3cd2b14a] 04:04:40.388 [pool-6-thread-44] DEBUG c.h.p.o.dependants.PodInfoConfigMap - [helmvolu] Desired PodInfo ConfigMap (metrics port: 9399) (metrics path: /)
2025-01-30 04:04:40,391 INFO c.h.h.t.HelmChartContainer - [hivemq-test-hivemq-platform] [hivemq-platform-operator] [3cd2b14a] 04:04:40.388 [pool-6-thread-44] DEBUG c.h.p.o.dependants.PodInfoConfigMap - [helmvolu] Desired PodInfo ConfigMap (extension state hash: -1817474005)
2025-01-30 04:04:40,391 INFO c.h.h.t.HelmChartContainer - [hivemq-test-hivemq-platform] [hivemq-platform-operator] [3cd2b14a] 04:04:40.389 [pool-6-thread-44] DEBUG c.h.p.o.d.PodServiceAccountResource - [helmvolu] Desired PodServiceAccountResource (serviceAccountName: hivemq-platform-pod-test-hivemq-platform)
2025-01-30 04:04:40,392 INFO c.h.h.t.HelmChartContainer - [hivemq-test-hivemq-platform] [hivemq-platform-operator] [3cd2b14a] 04:04:40.391 [pool-6-thread-43] DEBUG c.h.p.o.d.StatefulSetResource - [helmvolu] Desired StatefulSet (3 replicas) for status ROLLING_RESTART (RESTART_PODS_IN_PROGRESS)
2025-01-30 04:04:40,395 INFO c.h.h.t.HelmChartContainer - [hivemq-test-hivemq-platform] [hivemq-platform-operator] [3cd2b14a] 04:04:40.395 [ReconcilerExecutor-hivemq-controller-143] INFO  c.h.p.o.HiveMQPlatformReconciler - [helmvolu] Reconciling HiveMQ Platform 'test-hivemq-platform' in namespace 'helmvolumeclaimtemplatesit'
2025-01-30 04:04:40,396 INFO c.h.h.t.HelmChartContainer - [hivemq-test-hivemq-platform] [hivemq-platform-operator] [3cd2b14a] 04:04:40.395 [ReconcilerExecutor-hivemq-controller-143] DEBUG c.h.p.o.HiveMQPlatformReconciler - [helmvolu] Custom Resource Status ROLLING_RESTART - HiveMQ Platform is restarting Pods (rolling restart) (RESTART_PODS_IN_PROGRESS)
2025-01-30 04:04:40,396 INFO c.h.h.t.HelmChartContainer - [hivemq-test-hivemq-platform] [hivemq-platform-operator] [3cd2b14a] 04:04:40.395 [ReconcilerExecutor-hivemq-controller-143] DEBUG c.h.p.o.HiveMQPlatformReconciler - [helmvolu] Custom Resource Spec (replicas: 2) (extensions: 1)
2025-01-30 04:04:40,397 INFO c.h.h.t.HelmChartContainer - [hivemq-test-hivemq-platform] [hivemq-platform-operator] [3cd2b14a] 04:04:40.396 [ReconcilerExecutor-hivemq-controller-143] DEBUG c.h.p.o.HiveMQPlatformReconciler - [helmvolu] StatefulSet Status (revision: test-hivemq-platform-59475f86c9, replicas: 3, available: 3, ready: 3, current: 1, updated: 1)
2025-01-30 04:04:40,397 INFO c.h.h.t.HelmChartContainer - [hivemq-test-hivemq-platform] [hivemq-platform-operator] [3cd2b14a] 04:04:40.396 [ReconcilerExecutor-hivemq-controller-143] DEBUG c.h.p.o.HiveMQPlatformReconciler - [helmvolu] StatefulSet Spec (replicas: 3, init containers: 1, containers: 1, volumes: 4)
2025-01-30 04:04:40,399 INFO c.h.h.t.HelmChartContainer - [hivemq-test-hivemq-platform] [hivemq-platform-operator] [3cd2b14a] 04:04:40.398 [ReconcilerExecutor-hivemq-controller-143] DEBUG c.h.p.o.h.HiveMQPlatformReconcilerErrorHandler - [helmvolu] Pod 'test-hivemq-platform-2' phase Running
2025-01-30 04:04:40,400 INFO c.h.h.t.HelmChartContainer - [hivemq-test-hivemq-platform] [hivemq-platform-operator] [3cd2b14a] 04:04:40.399 [ReconcilerExecutor-hivemq-controller-143] DEBUG c.h.p.o.h.HiveMQPlatformReconcilerErrorHandler - [helmvolu] Pod 'test-hivemq-platform-1' phase Running
2025-01-30 04:04:40,401 INFO c.h.h.t.HelmChartContainer - [hivemq-test-hivemq-platform] [hivemq-platform-operator] [3cd2b14a] 04:04:40.400 [ReconcilerExecutor-hivemq-controller-143] DEBUG c.h.p.o.h.HiveMQPlatformReconcilerErrorHandler - [helmvolu] Pod 'test-hivemq-platform-0' phase Running
2025-01-30 04:04:40,438 INFO c.h.h.t.HelmChartContainer - [test-hivemq-platform] [hivemq] [ccedc2bb] INFO  - Shutting down HiveMQ. Please wait, this could take a while...
2025-01-30 04:04:40,489 INFO c.h.h.t.HelmChartContainer - [hivemq-test-hivemq-platform] [hivemq-platform-operator] [3cd2b14a] 04:04:40.487 [ReconcilerExecutor-hivemq-controller-143] DEBUG c.h.p.o.h.HiveMQPlatformReconcilerRollingRestartHandler - [helmvolu] Skipping Pod test-hivemq-platform-2 as it's already on the controller update revision (update revision: test-hivemq-platform-59475f86c9, pod revision: test-hivemq-platform-59475f86c9)
2025-01-30 04:04:40,499 INFO c.h.h.t.HelmChartContainer - [hivemq-test-hivemq-platform] [hivemq-platform-operator] [3cd2b14a] 04:04:40.498 [ReconcilerExecutor-hivemq-controller-143] DEBUG c.h.p.o.h.HiveMQPlatformReconcilerRollingRestartHandler - [helmvolu] The last Pod is running for 54 seconds, the next Pod can be restarted
2025-01-30 04:04:40,499 INFO c.h.h.t.HelmChartContainer - [hivemq-test-hivemq-platform] [hivemq-platform-operator] [3cd2b14a] 04:04:40.498 [ReconcilerExecutor-hivemq-controller-143] INFO  c.h.p.o.h.HiveMQPlatformReconcilerRollingRestartHandler - [helmvolu] Restarting Pod test-hivemq-platform-1 as it's not matching the controller update revision (update revision: test-hivemq-platform-59475f86c9, pod revision: test-hivemq-platform-6c7bb94cbd)
2025-01-30 04:04:40,507 INFO c.h.h.t.HelmChartContainer - [hivemq-test-hivemq-platform] [hivemq-platform-operator] [3cd2b14a] 04:04:40.506 [pool-6-thread-6] DEBUG c.h.p.o.dependants.PodInfoConfigMap - [helmvolu] Desired PodInfo ConfigMap (1 extensions) (1 enabled)
2025-01-30 04:04:40,508 INFO c.h.h.t.HelmChartContainer - [hivemq-test-hivemq-platform] [hivemq-platform-operator] [3cd2b14a] 04:04:40.506 [pool-6-thread-9] DEBUG c.h.p.o.d.PodServiceAccountResource - [helmvolu] Desired PodServiceAccountResource (serviceAccountName: hivemq-platform-pod-test-hivemq-platform)
2025-01-30 04:04:40,508 INFO c.h.h.t.HelmChartContainer - [hivemq-test-hivemq-platform] [hivemq-platform-operator] [3cd2b14a] 04:04:40.506 [pool-6-thread-6] DEBUG c.h.p.o.dependants.PodInfoConfigMap - [helmvolu] Desired PodInfo ConfigMap (metrics port: 9399) (metrics path: /)
2025-01-30 04:04:40,508 INFO c.h.h.t.HelmChartContainer - [hivemq-test-hivemq-platform] [hivemq-platform-operator] [3cd2b14a] 04:04:40.507 [pool-6-thread-6] DEBUG c.h.p.o.dependants.PodInfoConfigMap - [helmvolu] Desired PodInfo ConfigMap (extension state hash: -1817474005)
2025-01-30 04:04:40,509 INFO c.h.h.t.HelmChartContainer - [hivemq-test-hivemq-platform] [hivemq-platform-operator] [3cd2b14a] 04:04:40.508 [pool-6-thread-1] DEBUG c.h.p.o.d.PlatformServiceResource - [helmvolu] Desired Platform services (3 services)
2025-01-30 04:04:40,511 INFO c.h.h.t.HelmChartContainer - [hivemq-test-hivemq-platform] [hivemq-platform-operator] [3cd2b14a] 04:04:40.510 [pool-6-thread-1] DEBUG c.h.p.o.d.StatefulSetResource - [helmvolu] Desired StatefulSet (3 replicas) for status ROLLING_RESTART (RESTART_PODS_IN_PROGRESS)
2025-01-30 04:04:40,520 INFO c.h.h.t.HelmChartContainer - [test-hivemq-platform] [hivemq] [ccedc2bb] INFO  - Shutting down listeners and clients
2025-01-30 04:04:40,521 INFO c.h.h.t.HelmChartContainer - [test-hivemq-platform] [hivemq] [ccedc2bb] INFO  - Shutdown of listeners is done
2025-01-30 04:04:40,521 INFO c.h.h.t.HelmChartContainer - [test-hivemq-platform] [hivemq] [ccedc2bb] INFO  - No clients are connected, proceeding with shutdown
2025-01-30 04:04:40,589 INFO c.h.h.t.HelmChartContainer - [hivemq-test-hivemq-platform] [hivemq-platform-operator] [3cd2b14a] 04:04:40.587 [ReconcilerExecutor-hivemq-controller-144] INFO  c.h.p.o.HiveMQPlatformReconciler - [helmvolu] Reconciling HiveMQ Platform 'test-hivemq-platform' in namespace 'helmvolumeclaimtemplatesit'
2025-01-30 04:04:40,590 INFO c.h.h.t.HelmChartContainer - [hivemq-test-hivemq-platform] [hivemq-platform-operator] [3cd2b14a] 04:04:40.588 [ReconcilerExecutor-hivemq-controller-144] DEBUG c.h.p.o.HiveMQPlatformReconciler - [helmvolu] Custom Resource Status ROLLING_RESTART - HiveMQ Platform is restarting Pods (rolling restart) (RESTART_PODS_IN_PROGRESS)
2025-01-30 04:04:40,590 INFO c.h.h.t.HelmChartContainer - [hivemq-test-hivemq-platform] [hivemq-platform-operator] [3cd2b14a] 04:04:40.588 [ReconcilerExecutor-hivemq-controller-144] DEBUG c.h.p.o.HiveMQPlatformReconciler - [helmvolu] Custom Resource Spec (replicas: 2) (extensions: 1)
2025-01-30 04:04:40,590 INFO c.h.h.t.HelmChartContainer - [hivemq-test-hivemq-platform] [hivemq-platform-operator] [3cd2b14a] 04:04:40.589 [ReconcilerExecutor-hivemq-controller-144] DEBUG c.h.p.o.HiveMQPlatformReconciler - [helmvolu] StatefulSet Status (revision: test-hivemq-platform-59475f86c9, replicas: 3, available: 3, ready: 3, current: 1, updated: 1)
2025-01-30 04:04:40,590 INFO c.h.h.t.HelmChartContainer - [hivemq-test-hivemq-platform] [hivemq-platform-operator] [3cd2b14a] 04:04:40.589 [ReconcilerExecutor-hivemq-controller-144] DEBUG c.h.p.o.HiveMQPlatformReconciler - [helmvolu] StatefulSet Spec (replicas: 3, init containers: 1, containers: 1, volumes: 4)
2025-01-30 04:04:40,591 INFO c.h.h.t.HelmChartContainer - [hivemq-test-hivemq-platform] [hivemq-platform-operator] [3cd2b14a] 04:04:40.590 [ReconcilerExecutor-hivemq-controller-144] DEBUG c.h.p.o.h.HiveMQPlatformReconcilerErrorHandler - [helmvolu] Pod 'test-hivemq-platform-2' phase Running
2025-01-30 04:04:40,592 INFO c.h.h.t.HelmChartContainer - [hivemq-test-hivemq-platform] [hivemq-platform-operator] [3cd2b14a] 04:04:40.592 [ReconcilerExecutor-hivemq-controller-144] DEBUG c.h.p.o.h.HiveMQPlatformReconcilerErrorHandler - [helmvolu] Pod 'test-hivemq-platform-1' phase Running
2025-01-30 04:04:40,593 INFO c.h.h.t.HelmChartContainer - [hivemq-test-hivemq-platform] [hivemq-platform-operator] [3cd2b14a] 04:04:40.592 [ReconcilerExecutor-hivemq-controller-144] DEBUG c.h.p.o.h.HiveMQPlatformReconcilerErrorHandler - [helmvolu] Pod 'test-hivemq-platform-0' phase Running
2025-01-30 04:04:40,598 INFO c.h.h.t.HelmChartContainer - [hivemq-test-hivemq-platform] [hivemq-platform-operator] [3cd2b14a] 04:04:40.597 [ReconcilerExecutor-hivemq-controller-144] DEBUG c.h.p.o.h.HiveMQPlatformReconcilerRollingRestartHandler - [helmvolu] Skipping Pod test-hivemq-platform-2 as it's already on the controller update revision (update revision: test-hivemq-platform-59475f86c9, pod revision: test-hivemq-platform-59475f86c9)
2025-01-30 04:04:40,607 INFO c.h.h.t.HelmChartContainer - [hivemq-test-hivemq-platform] [hivemq-platform-operator] [3cd2b14a] 04:04:40.606 [ReconcilerExecutor-hivemq-controller-144] DEBUG c.h.p.o.h.HiveMQPlatformReconcilerRollingRestartHandler - [helmvolu] The last Pod is running for 54 seconds, the next Pod can be restarted
2025-01-30 04:04:40,607 INFO c.h.h.t.HelmChartContainer - [hivemq-test-hivemq-platform] [hivemq-platform-operator] [3cd2b14a] 04:04:40.606 [ReconcilerExecutor-hivemq-controller-144] INFO  c.h.p.o.h.HiveMQPlatformReconcilerRollingRestartHandler - [helmvolu] Restarting Pod test-hivemq-platform-1 as it's not matching the controller update revision (update revision: test-hivemq-platform-59475f86c9, pod revision: test-hivemq-platform-6c7bb94cbd)
2025-01-30 04:04:40,739 INFO c.h.h.t.HelmChartContainer - [K3S] [INFO] COMPACT compactRev=0 targetCompactRev=2 currentRev=1041
2025-01-30 04:04:40,739 INFO c.h.h.t.HelmChartContainer - [K3S] [INFO] COMPACT deleted 0 rows from 2 revisions in 417.092µs - compacted to 2/1041
2025-01-30 04:04:40,739 INFO c.h.h.t.HelmChartContainer - [K3S] [INFO] COMPACT compacted from 0 to 2 in 1 transactions over 1ms
2025-01-30 04:04:41,024 INFO c.h.h.t.HelmChartContainer - [test-hivemq-platform] [hivemq] [ccedc2bb] INFO  - [HiveMQ Platform Operator Init App 1.7.0-SNAPSHOT] Returning shutdown Health API response 503 for readiness
2025-01-30 04:04:41,029 INFO c.h.h.t.HelmChartContainer - [EVENT] Warning [Unhealthy] Readiness probe failed: HTTP probe failed with statuscode: 503 [helmvolumeclaimtemplatesit:test-hivemq-platform-1]
2025-01-30 04:04:41,029 INFO c.h.h.t.HelmChartContainer - Received Unhealthy event for container hivemq in pod test-hivemq-platform-1 [ccedc2bb-3fb9-4356-a626-24f0c519a736]
2025-01-30 04:04:42,842 INFO c.h.h.t.HelmChartContainer - [test-hivemq-platform] [hivemq] [ccedc2bb] INFO  - Shutting down extension system
2025-01-30 04:04:42,844 INFO c.h.h.t.HelmChartContainer - [test-hivemq-platform] [hivemq] [ccedc2bb] INFO  - Stopping extension with id hivemq-dns-cluster-discovery
2025-01-30 04:04:42,845 INFO c.h.h.t.HelmChartContainer - [test-hivemq-platform] [hivemq] [ccedc2bb] INFO  - Extension "DNS Cluster Discovery Extension" version 4.3.2 stopped successfully.
2025-01-30 04:04:42,845 INFO c.h.h.t.HelmChartContainer - [test-hivemq-platform] [hivemq] [ccedc2bb] INFO  - Stopping extension with id hivemq-prometheus-extension
2025-01-30 04:04:42,850 INFO c.h.h.t.HelmChartContainer - [test-hivemq-platform] [hivemq] [ccedc2bb] INFO  - Extension "Prometheus Monitoring Extension" version 4.0.12 stopped successfully.
2025-01-30 04:04:42,850 INFO c.h.h.t.HelmChartContainer - [test-hivemq-platform] [hivemq] [ccedc2bb] INFO  - Stopping extension with id hivemq-allow-all-extension
2025-01-30 04:04:42,851 INFO c.h.h.t.HelmChartContainer - [test-hivemq-platform] [hivemq] [ccedc2bb] INFO  - Extension "Allow All Extension" version 1.1.1 stopped successfully.
2025-01-30 04:04:42,854 INFO c.h.h.t.HelmChartContainer - [test-hivemq-platform] [hivemq] [c78b1b68] INFO  - Cluster nodes found by discovery: [ph5t9|3] (2) [ph5t9, 6Dgwi].
2025-01-30 04:04:42,858 INFO c.h.h.t.HelmChartContainer - [test-hivemq-platform] [hivemq] [1fef601f] INFO  - Cluster nodes found by discovery: [ph5t9|3] (2) [ph5t9, 6Dgwi].
2025-01-30 04:04:42,865 INFO c.h.h.t.HelmChartContainer - [test-hivemq-platform] [hivemq] [c78b1b68] INFO  - Cluster size = 2, members : [6Dgwi, ph5t9].
2025-01-30 04:04:42,866 INFO c.h.h.t.HelmChartContainer - [test-hivemq-platform] [hivemq] [1fef601f] INFO  - Cluster size = 2, members : [6Dgwi, ph5t9].
2025-01-30 04:04:42,871 INFO c.h.h.t.HelmChartContainer - [test-hivemq-platform] [hivemq] [1fef601f] INFO  - Starting cluster replication process. This may take a while. Please do not shut down HiveMQ.
2025-01-30 04:04:42,885 INFO c.h.h.t.HelmChartContainer - [test-hivemq-platform] [hivemq] [c78b1b68] INFO  - Starting cluster replication process. This may take a while. Please do not shut down HiveMQ.
2025-01-30 04:04:43,135 INFO c.h.h.t.HelmChartContainer - [test-hivemq-platform] [hivemq] [c78b1b68] INFO  - Finished cluster replication successfully in 251 ms.
2025-01-30 04:04:43,136 INFO c.h.h.t.HelmChartContainer - [test-hivemq-platform] [hivemq] [1fef601f] INFO  - Finished cluster replication successfully in 266 ms.
2025-01-30 04:04:43,283 INFO c.h.h.t.HelmChartContainer - [K3S] [info.go:53] Couldn't collect info from any of the files in "/etc/machine-id,/var/lib/dbus/machine-id"
2025-01-30 04:04:43,354 INFO c.h.h.t.HelmChartContainer - [K3S] [scope.go:117] "RemoveContainer" containerID="ebcabbc9bbf5710ad3baef26f793b013df2396732b8789ae3f3d6ae6c165e3ab"
2025-01-30 04:04:45,134 INFO c.h.h.t.HelmChartContainer - [test-hivemq-platform] [hivemq] [ccedc2bb] INFO  - Shutdown completed.
2025-01-30 04:04:45,482 INFO c.h.h.t.HelmChartContainer - [test-hivemq-platform] [hivemq] [ccedc2bb] INFO  - [HiveMQ Platform Operator Init App 1.7.0-SNAPSHOT] The HiveMQ Platform exited with code 143
2025-01-30 04:04:45,482 INFO c.h.h.t.HelmChartContainer - [test-hivemq-platform] [hivemq] [ccedc2bb] INFO  - [HiveMQ Platform Operator Init App 1.7.0-SNAPSHOT] Stopping the REST API
2025-01-30 04:04:45,488 INFO c.h.h.t.HelmChartContainer - [test-hivemq-platform] [hivemq] [ccedc2bb] INFO  - [HiveMQ Platform Operator Init App 1.7.0-SNAPSHOT] Shutdown complete
2025-01-30 04:04:45,935 INFO c.h.h.t.HelmChartContainer - [POD] test-hivemq-platform-1 [ccedc2bb-3fb9-4356-a626-24f0c519a736] in helmvolumeclaimtemplatesit was MODIFIED
2025-01-30 04:04:45,943 INFO c.h.h.t.HelmChartContainer - [K3S] [reconciler_common.go:162] "operationExecutor.UnmountVolume started for volume \"kube-api-access-52rvh\" (UniqueName: \"kubernetes.io/projected/ccedc2bb-3fb9-4356-a626-24f0c519a736-kube-api-access-52rvh\") pod \"ccedc2bb-3fb9-4356-a626-24f0c519a736\" (UID: \"ccedc2bb-3fb9-4356-a626-24f0c519a736\") "
2025-01-30 04:04:45,943 INFO c.h.h.t.HelmChartContainer - [K3S] [reconciler_common.go:162] "operationExecutor.UnmountVolume started for volume \"broker-configuration\" (UniqueName: \"kubernetes.io/configmap/ccedc2bb-3fb9-4356-a626-24f0c519a736-broker-configuration\") pod \"ccedc2bb-3fb9-4356-a626-24f0c519a736\" (UID: \"ccedc2bb-3fb9-4356-a626-24f0c519a736\") "
2025-01-30 04:04:45,943 INFO c.h.h.t.HelmChartContainer - [K3S] [reconciler_common.go:162] "operationExecutor.UnmountVolume started for volume \"hivemq-pvc-data\" (UniqueName: \"kubernetes.io/local-volume/pvc-5f246695-e19d-4c51-9fb1-d8aaa756f18a\") pod \"ccedc2bb-3fb9-4356-a626-24f0c519a736\" (UID: \"ccedc2bb-3fb9-4356-a626-24f0c519a736\") "
2025-01-30 04:04:45,944 INFO c.h.h.t.HelmChartContainer - [K3S] [reconciler_common.go:162] "operationExecutor.UnmountVolume started for volume \"operator-init\" (UniqueName: \"kubernetes.io/empty-dir/ccedc2bb-3fb9-4356-a626-24f0c519a736-operator-init\") pod \"ccedc2bb-3fb9-4356-a626-24f0c519a736\" (UID: \"ccedc2bb-3fb9-4356-a626-24f0c519a736\") "
2025-01-30 04:04:45,944 INFO c.h.h.t.HelmChartContainer - [K3S] [reconciler_common.go:162] "operationExecutor.UnmountVolume started for volume \"pod-info\" (UniqueName: \"kubernetes.io/configmap/ccedc2bb-3fb9-4356-a626-24f0c519a736-pod-info\") pod \"ccedc2bb-3fb9-4356-a626-24f0c519a736\" (UID: \"ccedc2bb-3fb9-4356-a626-24f0c519a736\") "
2025-01-30 04:04:45,955 INFO c.h.h.t.HelmChartContainer - [hivemq-test-hivemq-platform] [hivemq-platform-operator] [3cd2b14a] 04:04:45.945 [pool-6-thread-17] DEBUG c.h.p.o.dependants.PodInfoConfigMap - [helmvolu] Desired PodInfo ConfigMap (1 extensions) (1 enabled)
2025-01-30 04:04:45,955 INFO c.h.h.t.HelmChartContainer - [hivemq-test-hivemq-platform] [hivemq-platform-operator] [3cd2b14a] 04:04:45.945 [pool-6-thread-17] DEBUG c.h.p.o.dependants.PodInfoConfigMap - [helmvolu] Desired PodInfo ConfigMap (metrics port: 9399) (metrics path: /)
2025-01-30 04:04:45,955 INFO c.h.h.t.HelmChartContainer - [hivemq-test-hivemq-platform] [hivemq-platform-operator] [3cd2b14a] 04:04:45.945 [pool-6-thread-17] DEBUG c.h.p.o.dependants.PodInfoConfigMap - [helmvolu] Desired PodInfo ConfigMap (extension state hash: -1817474005)
2025-01-30 04:04:45,955 INFO c.h.h.t.HelmChartContainer - [hivemq-test-hivemq-platform] [hivemq-platform-operator] [3cd2b14a] 04:04:45.945 [pool-6-thread-12] DEBUG c.h.p.o.d.PodServiceAccountResource - [helmvolu] Desired PodServiceAccountResource (serviceAccountName: hivemq-platform-pod-test-hivemq-platform)
2025-01-30 04:04:45,955 INFO c.h.h.t.HelmChartContainer - [hivemq-test-hivemq-platform] [hivemq-platform-operator] [3cd2b14a] 04:04:45.947 [pool-6-thread-19] DEBUG c.h.p.o.d.PlatformServiceResource - [helmvolu] Desired Platform services (3 services)
2025-01-30 04:04:45,955 INFO c.h.h.t.HelmChartContainer - [hivemq-test-hivemq-platform] [hivemq-platform-operator] [3cd2b14a] 04:04:45.950 [pool-6-thread-17] DEBUG c.h.p.o.d.StatefulSetResource - [helmvolu] Desired StatefulSet (3 replicas) for status ROLLING_RESTART (RESTART_PODS_IN_PROGRESS)
2025-01-30 04:04:45,961 INFO c.h.h.t.HelmChartContainer - [hivemq-test-hivemq-platform] [hivemq-platform-operator] [3cd2b14a] 04:04:45.956 [ReconcilerExecutor-hivemq-controller-145] INFO  c.h.p.o.HiveMQPlatformReconciler - [helmvolu] Reconciling HiveMQ Platform 'test-hivemq-platform' in namespace 'helmvolumeclaimtemplatesit'
2025-01-30 04:04:45,961 INFO c.h.h.t.HelmChartContainer - [hivemq-test-hivemq-platform] [hivemq-platform-operator] [3cd2b14a] 04:04:45.956 [ReconcilerExecutor-hivemq-controller-145] DEBUG c.h.p.o.HiveMQPlatformReconciler - [helmvolu] Custom Resource Status ROLLING_RESTART - HiveMQ Platform is restarting Pods (rolling restart) (RESTART_PODS_IN_PROGRESS)
2025-01-30 04:04:45,961 INFO c.h.h.t.HelmChartContainer - [hivemq-test-hivemq-platform] [hivemq-platform-operator] [3cd2b14a] 04:04:45.956 [ReconcilerExecutor-hivemq-controller-145] DEBUG c.h.p.o.HiveMQPlatformReconciler - [helmvolu] Custom Resource Spec (replicas: 2) (extensions: 1)
2025-01-30 04:04:45,961 INFO c.h.h.t.HelmChartContainer - [hivemq-test-hivemq-platform] [hivemq-platform-operator] [3cd2b14a] 04:04:45.957 [ReconcilerExecutor-hivemq-controller-145] DEBUG c.h.p.o.HiveMQPlatformReconciler - [helmvolu] StatefulSet Status (revision: test-hivemq-platform-59475f86c9, replicas: 3, available: 2, ready: 2, current: 1, updated: 1)
2025-01-30 04:04:45,961 INFO c.h.h.t.HelmChartContainer - [hivemq-test-hivemq-platform] [hivemq-platform-operator] [3cd2b14a] 04:04:45.957 [ReconcilerExecutor-hivemq-controller-145] DEBUG c.h.p.o.HiveMQPlatformReconciler - [helmvolu] StatefulSet Spec (replicas: 3, init containers: 1, containers: 1, volumes: 4)
2025-01-30 04:04:45,967 INFO c.h.h.t.HelmChartContainer - [hivemq-test-hivemq-platform] [hivemq-platform-operator] [3cd2b14a] 04:04:45.961 [ReconcilerExecutor-hivemq-controller-145] DEBUG c.h.p.o.h.HiveMQPlatformReconcilerErrorHandler - [helmvolu] Pod 'test-hivemq-platform-2' phase Running
2025-01-30 04:04:45,967 INFO c.h.h.t.HelmChartContainer - [hivemq-test-hivemq-platform] [hivemq-platform-operator] [3cd2b14a] 04:04:45.962 [ReconcilerExecutor-hivemq-controller-145] DEBUG c.h.p.o.h.HiveMQPlatformReconcilerErrorHandler - [helmvolu] Pod 'test-hivemq-platform-1' phase Failed
2025-01-30 04:04:45,967 INFO c.h.h.t.HelmChartContainer - [hivemq-test-hivemq-platform] [hivemq-platform-operator] [3cd2b14a] 04:04:45.963 [ReconcilerExecutor-hivemq-controller-145] DEBUG c.h.p.o.h.HiveMQPlatformReconcilerErrorHandler - [helmvolu] Pod 'test-hivemq-platform-1' condition 'PodReadyToStartContainers': False
2025-01-30 04:04:45,967 INFO c.h.h.t.HelmChartContainer - [hivemq-test-hivemq-platform] [hivemq-platform-operator] [3cd2b14a] 04:04:45.963 [ReconcilerExecutor-hivemq-controller-145] DEBUG c.h.p.o.h.HiveMQPlatformReconcilerErrorHandler - [helmvolu] Pod 'test-hivemq-platform-1' condition 'Initialized': True
2025-01-30 04:04:45,967 INFO c.h.h.t.HelmChartContainer - [hivemq-test-hivemq-platform] [hivemq-platform-operator] [3cd2b14a] 04:04:45.963 [ReconcilerExecutor-hivemq-controller-145] DEBUG c.h.p.o.h.HiveMQPlatformReconcilerErrorHandler - [helmvolu] Pod 'test-hivemq-platform-1' condition 'Ready': False
2025-01-30 04:04:45,967 INFO c.h.h.t.HelmChartContainer - [hivemq-test-hivemq-platform] [hivemq-platform-operator] [3cd2b14a] 04:04:45.963 [ReconcilerExecutor-hivemq-controller-145] DEBUG c.h.p.o.h.HiveMQPlatformReconcilerErrorHandler - [helmvolu] Pod 'test-hivemq-platform-1' condition 'ContainersReady': False
2025-01-30 04:04:45,967 INFO c.h.h.t.HelmChartContainer - [hivemq-test-hivemq-platform] [hivemq-platform-operator] [3cd2b14a] 04:04:45.963 [ReconcilerExecutor-hivemq-controller-145] DEBUG c.h.p.o.h.HiveMQPlatformReconcilerErrorHandler - [helmvolu] Pod 'test-hivemq-platform-1' condition 'PodScheduled': True
2025-01-30 04:04:45,967 INFO c.h.h.t.HelmChartContainer - [hivemq-test-hivemq-platform] [hivemq-platform-operator] [3cd2b14a] 04:04:45.963 [ReconcilerExecutor-hivemq-controller-145] DEBUG c.h.p.o.h.HiveMQPlatformReconcilerErrorHandler - [helmvolu] Pod 'test-hivemq-platform-1' containerStatus 'hivemq' (started: false) (ready: false) (waiting: [Unknown] no message)
2025-01-30 04:04:45,967 INFO c.h.h.t.HelmChartContainer - [hivemq-test-hivemq-platform] [hivemq-platform-operator] [3cd2b14a] 04:04:45.964 [ReconcilerExecutor-hivemq-controller-145] DEBUG c.h.p.o.h.HiveMQPlatformReconcilerErrorHandler - [helmvolu] Pod 'test-hivemq-platform-0' phase Running
2025-01-30 04:04:45,967 INFO c.h.h.t.HelmChartContainer - [hivemq-test-hivemq-platform] [hivemq-platform-operator] [3cd2b14a] 04:04:45.965 [ReconcilerExecutor-hivemq-controller-145] DEBUG c.h.p.o.h.HiveMQPlatformReconcilerRollingRestartHandler - [helmvolu] Rolling restart is waiting for 2 of 3 replicas
2025-01-30 04:04:45,998 INFO c.h.h.t.HelmChartContainer - [hivemq-test-hivemq-platform] [hivemq-platform-operator] [3cd2b14a] 04:04:45.989 [pool-6-thread-25] DEBUG c.h.p.o.dependants.PodInfoConfigMap - [helmvolu] Desired PodInfo ConfigMap (1 extensions) (1 enabled)
2025-01-30 04:04:45,998 INFO c.h.h.t.HelmChartContainer - [hivemq-test-hivemq-platform] [hivemq-platform-operator] [3cd2b14a] 04:04:45.990 [pool-6-thread-25] DEBUG c.h.p.o.dependants.PodInfoConfigMap - [helmvolu] Desired PodInfo ConfigMap (metrics port: 9399) (metrics path: /)
2025-01-30 04:04:45,998 INFO c.h.h.t.HelmChartContainer - [hivemq-test-hivemq-platform] [hivemq-platform-operator] [3cd2b14a] 04:04:45.990 [pool-6-thread-25] DEBUG c.h.p.o.dependants.PodInfoConfigMap - [helmvolu] Desired PodInfo ConfigMap (extension state hash: -1817474005)
2025-01-30 04:04:45,998 INFO c.h.h.t.HelmChartContainer - [hivemq-test-hivemq-platform] [hivemq-platform-operator] [3cd2b14a] 04:04:45.991 [pool-6-thread-25] DEBUG c.h.p.o.d.PodServiceAccountResource - [helmvolu] Desired PodServiceAccountResource (serviceAccountName: hivemq-platform-pod-test-hivemq-platform)
2025-01-30 04:04:45,998 INFO c.h.h.t.HelmChartContainer - [hivemq-test-hivemq-platform] [hivemq-platform-operator] [3cd2b14a] 04:04:45.992 [pool-6-thread-24] DEBUG c.h.p.o.d.PlatformServiceResource - [helmvolu] Desired Platform services (3 services)
2025-01-30 04:04:45,999 INFO c.h.h.t.HelmChartContainer - [hivemq-test-hivemq-platform] [hivemq-platform-operator] [3cd2b14a] 04:04:45.995 [pool-6-thread-24] DEBUG c.h.p.o.d.StatefulSetResource - [helmvolu] Desired StatefulSet (3 replicas) for status ROLLING_RESTART (RESTART_PODS_IN_PROGRESS)
2025-01-30 04:04:46,001 INFO c.h.h.t.HelmChartContainer - [hivemq-test-hivemq-platform] [hivemq-platform-operator] [3cd2b14a] 04:04:45.998 [ReconcilerExecutor-hivemq-controller-146] INFO  c.h.p.o.HiveMQPlatformReconciler - [helmvolu] Reconciling HiveMQ Platform 'test-hivemq-platform' in namespace 'helmvolumeclaimtemplatesit'
2025-01-30 04:04:46,001 INFO c.h.h.t.HelmChartContainer - [hivemq-test-hivemq-platform] [hivemq-platform-operator] [3cd2b14a] 04:04:45.998 [ReconcilerExecutor-hivemq-controller-146] DEBUG c.h.p.o.HiveMQPlatformReconciler - [helmvolu] Custom Resource Status ROLLING_RESTART - HiveMQ Platform is restarting Pods (rolling restart) (RESTART_PODS_IN_PROGRESS)
2025-01-30 04:04:46,001 INFO c.h.h.t.HelmChartContainer - [hivemq-test-hivemq-platform] [hivemq-platform-operator] [3cd2b14a] 04:04:45.998 [ReconcilerExecutor-hivemq-controller-146] DEBUG c.h.p.o.HiveMQPlatformReconciler - [helmvolu] Custom Resource Spec (replicas: 2) (extensions: 1)
2025-01-30 04:04:46,002 INFO c.h.h.t.HelmChartContainer - [hivemq-test-hivemq-platform] [hivemq-platform-operator] [3cd2b14a] 04:04:46.000 [ReconcilerExecutor-hivemq-controller-146] DEBUG c.h.p.o.HiveMQPlatformReconciler - [helmvolu] StatefulSet Status (revision: test-hivemq-platform-59475f86c9, replicas: 3, available: 2, ready: 2, current: 1, updated: 1)
2025-01-30 04:04:46,002 INFO c.h.h.t.HelmChartContainer - [hivemq-test-hivemq-platform] [hivemq-platform-operator] [3cd2b14a] 04:04:46.000 [ReconcilerExecutor-hivemq-controller-146] DEBUG c.h.p.o.HiveMQPlatformReconciler - [helmvolu] StatefulSet Spec (replicas: 3, init containers: 1, containers: 1, volumes: 4)
2025-01-30 04:04:46,003 INFO c.h.h.t.HelmChartContainer - [hivemq-test-hivemq-platform] [hivemq-platform-operator] [3cd2b14a] 04:04:46.002 [ReconcilerExecutor-hivemq-controller-146] DEBUG c.h.p.o.h.HiveMQPlatformReconcilerErrorHandler - [helmvolu] Pod 'test-hivemq-platform-2' phase Running
2025-01-30 04:04:46,008 INFO c.h.h.t.HelmChartContainer - [hivemq-test-hivemq-platform] [hivemq-platform-operator] [3cd2b14a] 04:04:46.005 [ReconcilerExecutor-hivemq-controller-146] DEBUG c.h.p.o.h.HiveMQPlatformReconcilerErrorHandler - [helmvolu] Pod 'test-hivemq-platform-1' phase Failed
2025-01-30 04:04:46,008 INFO c.h.h.t.HelmChartContainer - [hivemq-test-hivemq-platform] [hivemq-platform-operator] [3cd2b14a] 04:04:46.005 [ReconcilerExecutor-hivemq-controller-146] DEBUG c.h.p.o.h.HiveMQPlatformReconcilerErrorHandler - [helmvolu] Pod 'test-hivemq-platform-1' condition 'PodReadyToStartContainers': False
2025-01-30 04:04:46,008 INFO c.h.h.t.HelmChartContainer - [hivemq-test-hivemq-platform] [hivemq-platform-operator] [3cd2b14a] 04:04:46.005 [ReconcilerExecutor-hivemq-controller-146] DEBUG c.h.p.o.h.HiveMQPlatformReconcilerErrorHandler - [helmvolu] Pod 'test-hivemq-platform-1' condition 'Initialized': True
2025-01-30 04:04:46,008 INFO c.h.h.t.HelmChartContainer - [hivemq-test-hivemq-platform] [hivemq-platform-operator] [3cd2b14a] 04:04:46.005 [ReconcilerExecutor-hivemq-controller-146] DEBUG c.h.p.o.h.HiveMQPlatformReconcilerErrorHandler - [helmvolu] Pod 'test-hivemq-platform-1' condition 'Ready': False
2025-01-30 04:04:46,008 INFO c.h.h.t.HelmChartContainer - [hivemq-test-hivemq-platform] [hivemq-platform-operator] [3cd2b14a] 04:04:46.005 [ReconcilerExecutor-hivemq-controller-146] DEBUG c.h.p.o.h.HiveMQPlatformReconcilerErrorHandler - [helmvolu] Pod 'test-hivemq-platform-1' condition 'ContainersReady': False
2025-01-30 04:04:46,008 INFO c.h.h.t.HelmChartContainer - [hivemq-test-hivemq-platform] [hivemq-platform-operator] [3cd2b14a] 04:04:46.005 [ReconcilerExecutor-hivemq-controller-146] DEBUG c.h.p.o.h.HiveMQPlatformReconcilerErrorHandler - [helmvolu] Pod 'test-hivemq-platform-1' condition 'PodScheduled': True
2025-01-30 04:04:46,008 INFO c.h.h.t.HelmChartContainer - [hivemq-test-hivemq-platform] [hivemq-platform-operator] [3cd2b14a] 04:04:46.005 [ReconcilerExecutor-hivemq-controller-146] DEBUG c.h.p.o.h.HiveMQPlatformReconcilerErrorHandler - [helmvolu] Pod 'test-hivemq-platform-1' containerStatus 'hivemq' (started: false) (ready: false) (waiting: [Unknown] no message)
2025-01-30 04:04:46,008 INFO c.h.h.t.HelmChartContainer - [hivemq-test-hivemq-platform] [hivemq-platform-operator] [3cd2b14a] 04:04:46.006 [ReconcilerExecutor-hivemq-controller-146] DEBUG c.h.p.o.h.HiveMQPlatformReconcilerErrorHandler - [helmvolu] Pod 'test-hivemq-platform-0' phase Running
2025-01-30 04:04:46,009 INFO c.h.h.t.HelmChartContainer - [hivemq-test-hivemq-platform] [hivemq-platform-operator] [3cd2b14a] 04:04:46.008 [ReconcilerExecutor-hivemq-controller-146] DEBUG c.h.p.o.h.HiveMQPlatformReconcilerRollingRestartHandler - [helmvolu] Rolling restart is waiting for 2 of 3 replicas
2025-01-30 04:04:46,041 INFO c.h.h.t.HelmChartContainer - [K3S] [reconciler_common.go:292] "operationExecutor.UnmountDevice started for volume \"pvc-5f246695-e19d-4c51-9fb1-d8aaa756f18a\" (UniqueName: \"kubernetes.io/local-volume/pvc-5f246695-e19d-4c51-9fb1-d8aaa756f18a\") on node \"50074fe47053\" "
2025-01-30 04:04:46,041 INFO c.h.h.t.HelmChartContainer - [K3S] [reconciler_common.go:299] "Volume detached for volume \"operator-init\" (UniqueName: \"kubernetes.io/empty-dir/ccedc2bb-3fb9-4356-a626-24f0c519a736-operator-init\") on node \"50074fe47053\" DevicePath \"\""
2025-01-30 04:04:46,042 INFO c.h.h.t.HelmChartContainer - [K3S] [reconciler_common.go:299] "Volume detached for volume \"pod-info\" (UniqueName: \"kubernetes.io/configmap/ccedc2bb-3fb9-4356-a626-24f0c519a736-pod-info\") on node \"50074fe47053\" DevicePath \"\""
2025-01-30 04:04:46,042 INFO c.h.h.t.HelmChartContainer - [K3S] [reconciler_common.go:299] "Volume detached for volume \"kube-api-access-52rvh\" (UniqueName: \"kubernetes.io/projected/ccedc2bb-3fb9-4356-a626-24f0c519a736-kube-api-access-52rvh\") on node \"50074fe47053\" DevicePath \"\""
2025-01-30 04:04:46,042 INFO c.h.h.t.HelmChartContainer - [K3S] [reconciler_common.go:299] "Volume detached for volume \"broker-configuration\" (UniqueName: \"kubernetes.io/configmap/ccedc2bb-3fb9-4356-a626-24f0c519a736-broker-configuration\") on node \"50074fe47053\" DevicePath \"\""
2025-01-30 04:04:46,141 INFO c.h.h.t.HelmChartContainer - [K3S] [reconciler_common.go:299] "Volume detached for volume \"pvc-5f246695-e19d-4c51-9fb1-d8aaa756f18a\" (UniqueName: \"kubernetes.io/local-volume/pvc-5f246695-e19d-4c51-9fb1-d8aaa756f18a\") on node \"50074fe47053\" DevicePath \"\""
2025-01-30 04:04:46,714 INFO c.h.h.t.HelmChartContainer - [K3S] [scope.go:117] "RemoveContainer" containerID="00ab2749b992d08c7eef5d7ce90e5822b25f46f2aa7ee9ec8e60c9ab08d35836"
2025-01-30 04:04:46,718 INFO c.h.h.t.HelmChartContainer - [K3S] [scope.go:117] "RemoveContainer" containerID="4b67e7c63868dfc8089c38af36c425c0d4fd95bc66d5b04c39255d6a8f35121e"
2025-01-30 04:04:46,722 INFO c.h.h.t.HelmChartContainer - [K3S] [scope.go:117] "RemoveContainer" containerID="00ab2749b992d08c7eef5d7ce90e5822b25f46f2aa7ee9ec8e60c9ab08d35836"
2025-01-30 04:04:46,723 INFO c.h.h.t.HelmChartContainer - [K3S] [scope.go:117] "RemoveContainer" containerID="4b67e7c63868dfc8089c38af36c425c0d4fd95bc66d5b04c39255d6a8f35121e"
2025-01-30 04:04:46,729 INFO c.h.h.t.HelmChartContainer - [POD] test-hivemq-platform-1 [ccedc2bb-3fb9-4356-a626-24f0c519a736] in helmvolumeclaimtemplatesit was MODIFIED
2025-01-30 04:04:46,739 INFO c.h.h.t.HelmChartContainer - [hivemq-test-hivemq-platform] [hivemq-platform-operator] [3cd2b14a] 04:04:46.734 [pool-6-thread-39] DEBUG c.h.p.o.d.PlatformServiceResource - [helmvolu] Desired Platform services (3 services)
2025-01-30 04:04:46,741 INFO c.h.h.t.HelmChartContainer - [hivemq-test-hivemq-platform] [hivemq-platform-operator] [3cd2b14a] 04:04:46.737 [pool-6-thread-35] DEBUG c.h.p.o.dependants.PodInfoConfigMap - [helmvolu] Desired PodInfo ConfigMap (1 extensions) (1 enabled)
2025-01-30 04:04:46,741 INFO c.h.h.t.HelmChartContainer - [hivemq-test-hivemq-platform] [hivemq-platform-operator] [3cd2b14a] 04:04:46.737 [pool-6-thread-35] DEBUG c.h.p.o.dependants.PodInfoConfigMap - [helmvolu] Desired PodInfo ConfigMap (metrics port: 9399) (metrics path: /)
2025-01-30 04:04:46,741 INFO c.h.h.t.HelmChartContainer - [hivemq-test-hivemq-platform] [hivemq-platform-operator] [3cd2b14a] 04:04:46.737 [pool-6-thread-35] DEBUG c.h.p.o.dependants.PodInfoConfigMap - [helmvolu] Desired PodInfo ConfigMap (extension state hash: -1817474005)
2025-01-30 04:04:46,742 INFO c.h.h.t.HelmChartContainer - [POD] test-hivemq-platform-1 [ccedc2bb-3fb9-4356-a626-24f0c519a736] in helmvolumeclaimtemplatesit was DELETED
2025-01-30 04:04:46,743 INFO c.h.h.t.HelmChartContainer - [hivemq-test-hivemq-platform] [hivemq-platform-operator] [3cd2b14a] 04:04:46.742 [pool-6-thread-33] DEBUG c.h.p.o.d.PodServiceAccountResource - [helmvolu] Desired PodServiceAccountResource (serviceAccountName: hivemq-platform-pod-test-hivemq-platform)
2025-01-30 04:04:46,753 INFO c.h.h.t.HelmChartContainer - [hivemq-test-hivemq-platform] [hivemq-platform-operator] [3cd2b14a] 04:04:46.752 [pool-6-thread-39] DEBUG c.h.p.o.d.StatefulSetResource - [helmvolu] Desired StatefulSet (3 replicas) for status ROLLING_RESTART (RESTART_PODS_IN_PROGRESS)
2025-01-30 04:04:46,759 INFO c.h.h.t.HelmChartContainer - [POD] test-hivemq-platform-1 [e2626fa8-0aa5-430c-a9c0-96bd0f0575a7] in helmvolumeclaimtemplatesit was ADDED
2025-01-30 04:04:46,764 INFO c.h.h.t.HelmChartContainer - [POD] test-hivemq-platform-1 [e2626fa8-0aa5-430c-a9c0-96bd0f0575a7] in helmvolumeclaimtemplatesit was MODIFIED
2025-01-30 04:04:46,766 INFO c.h.h.t.HelmChartContainer - [K3S] [memory_manager.go:355] "RemoveStaleState removing state" podUID="ccedc2bb-3fb9-4356-a626-24f0c519a736" containerName="hivemq"
2025-01-30 04:04:46,769 INFO c.h.h.t.HelmChartContainer - [EVENT] Normal [SuccessfulCreate] create Pod test-hivemq-platform-1 in StatefulSet test-hivemq-platform successful [helmvolumeclaimtemplatesit:test-hivemq-platform]
2025-01-30 04:04:46,771 INFO c.h.h.t.HelmChartContainer - [EVENT] Normal [Scheduled] Successfully assigned helmvolumeclaimtemplatesit/test-hivemq-platform-1 to 50074fe47053 [helmvolumeclaimtemplatesit:test-hivemq-platform-1]
2025-01-30 04:04:46,778 INFO c.h.h.t.HelmChartContainer - [POD] test-hivemq-platform-1 [e2626fa8-0aa5-430c-a9c0-96bd0f0575a7] in helmvolumeclaimtemplatesit was MODIFIED
2025-01-30 04:04:46,792 INFO c.h.h.t.HelmChartContainer - [hivemq-test-hivemq-platform] [hivemq-platform-operator] [3cd2b14a] 04:04:46.788 [ReconcilerExecutor-hivemq-controller-147] INFO  c.h.p.o.HiveMQPlatformReconciler - [helmvolu] Reconciling HiveMQ Platform 'test-hivemq-platform' in namespace 'helmvolumeclaimtemplatesit'
2025-01-30 04:04:46,792 INFO c.h.h.t.HelmChartContainer - [hivemq-test-hivemq-platform] [hivemq-platform-operator] [3cd2b14a] 04:04:46.788 [ReconcilerExecutor-hivemq-controller-147] DEBUG c.h.p.o.HiveMQPlatformReconciler - [helmvolu] Custom Resource Status ROLLING_RESTART - HiveMQ Platform is restarting Pods (rolling restart) (RESTART_PODS_IN_PROGRESS)
2025-01-30 04:04:46,792 INFO c.h.h.t.HelmChartContainer - [hivemq-test-hivemq-platform] [hivemq-platform-operator] [3cd2b14a] 04:04:46.788 [ReconcilerExecutor-hivemq-controller-147] DEBUG c.h.p.o.HiveMQPlatformReconciler - [helmvolu] Custom Resource Spec (replicas: 2) (extensions: 1)
2025-01-30 04:04:46,792 INFO c.h.h.t.HelmChartContainer - [hivemq-test-hivemq-platform] [hivemq-platform-operator] [3cd2b14a] 04:04:46.789 [ReconcilerExecutor-hivemq-controller-147] DEBUG c.h.p.o.HiveMQPlatformReconciler - [helmvolu] StatefulSet Status (revision: test-hivemq-platform-59475f86c9, replicas: 3, available: 2, ready: 2, current: 1, updated: 1)
2025-01-30 04:04:46,792 INFO c.h.h.t.HelmChartContainer - [hivemq-test-hivemq-platform] [hivemq-platform-operator] [3cd2b14a] 04:04:46.789 [ReconcilerExecutor-hivemq-controller-147] DEBUG c.h.p.o.HiveMQPlatformReconciler - [helmvolu] StatefulSet Spec (replicas: 3, init containers: 1, containers: 1, volumes: 4)
2025-01-30 04:04:46,792 INFO c.h.h.t.HelmChartContainer - [hivemq-test-hivemq-platform] [hivemq-platform-operator] [3cd2b14a] 04:04:46.791 [ReconcilerExecutor-hivemq-controller-147] DEBUG c.h.p.o.h.HiveMQPlatformReconcilerErrorHandler - [helmvolu] Pod 'test-hivemq-platform-2' phase Running
2025-01-30 04:04:46,793 INFO c.h.h.t.HelmChartContainer - [hivemq-test-hivemq-platform] [hivemq-platform-operator] [3cd2b14a] 04:04:46.791 [ReconcilerExecutor-hivemq-controller-147] DEBUG c.h.p.o.h.HiveMQPlatformReconcilerErrorHandler - [helmvolu] Pod 'test-hivemq-platform-1' phase Pending
2025-01-30 04:04:46,794 INFO c.h.h.t.HelmChartContainer - [hivemq-test-hivemq-platform] [hivemq-platform-operator] [3cd2b14a] 04:04:46.793 [ReconcilerExecutor-hivemq-controller-147] DEBUG c.h.p.o.h.HiveMQPlatformReconcilerErrorHandler - [helmvolu] Pod 'test-hivemq-platform-0' phase Running
2025-01-30 04:04:46,795 INFO c.h.h.t.HelmChartContainer - [hivemq-test-hivemq-platform] [hivemq-platform-operator] [3cd2b14a] 04:04:46.794 [ReconcilerExecutor-hivemq-controller-147] DEBUG c.h.p.o.h.HiveMQPlatformReconcilerRollingRestartHandler - [helmvolu] Rolling restart is waiting for 2 of 3 replicas
2025-01-30 04:04:46,798 INFO c.h.h.t.HelmChartContainer - [hivemq-test-hivemq-platform] [hivemq-platform-operator] [3cd2b14a] 04:04:46.797 [pool-6-thread-42] DEBUG c.h.p.o.d.PlatformServiceResource - [helmvolu] Desired Platform services (3 services)
2025-01-30 04:04:46,799 INFO c.h.h.t.HelmChartContainer - [hivemq-test-hivemq-platform] [hivemq-platform-operator] [3cd2b14a] 04:04:46.798 [pool-6-thread-47] DEBUG c.h.p.o.d.PodServiceAccountResource - [helmvolu] Desired PodServiceAccountResource (serviceAccountName: hivemq-platform-pod-test-hivemq-platform)
2025-01-30 04:04:46,800 INFO c.h.h.t.HelmChartContainer - [hivemq-test-hivemq-platform] [hivemq-platform-operator] [3cd2b14a] 04:04:46.799 [pool-6-thread-45] DEBUG c.h.p.o.dependants.PodInfoConfigMap - [helmvolu] Desired PodInfo ConfigMap (1 extensions) (1 enabled)
2025-01-30 04:04:46,801 INFO c.h.h.t.HelmChartContainer - [hivemq-test-hivemq-platform] [hivemq-platform-operator] [3cd2b14a] 04:04:46.799 [pool-6-thread-45] DEBUG c.h.p.o.dependants.PodInfoConfigMap - [helmvolu] Desired PodInfo ConfigMap (metrics port: 9399) (metrics path: /)
2025-01-30 04:04:46,802 INFO c.h.h.t.HelmChartContainer - [hivemq-test-hivemq-platform] [hivemq-platform-operator] [3cd2b14a] 04:04:46.799 [pool-6-thread-45] DEBUG c.h.p.o.dependants.PodInfoConfigMap - [helmvolu] Desired PodInfo ConfigMap (extension state hash: -1817474005)
2025-01-30 04:04:46,889 INFO c.h.h.t.HelmChartContainer - [hivemq-test-hivemq-platform] [hivemq-platform-operator] [3cd2b14a] 04:04:46.888 [pool-6-thread-42] DEBUG c.h.p.o.d.StatefulSetResource - [helmvolu] Desired StatefulSet (3 replicas) for status ROLLING_RESTART (RESTART_PODS_IN_PROGRESS)
2025-01-30 04:04:46,892 INFO c.h.h.t.HelmChartContainer - [hivemq-test-hivemq-platform] [hivemq-platform-operator] [3cd2b14a] 04:04:46.891 [ReconcilerExecutor-hivemq-controller-150] INFO  c.h.p.o.HiveMQPlatformReconciler - [helmvolu] Reconciling HiveMQ Platform 'test-hivemq-platform' in namespace 'helmvolumeclaimtemplatesit'
2025-01-30 04:04:46,892 INFO c.h.h.t.HelmChartContainer - [hivemq-test-hivemq-platform] [hivemq-platform-operator] [3cd2b14a] 04:04:46.891 [ReconcilerExecutor-hivemq-controller-150] DEBUG c.h.p.o.HiveMQPlatformReconciler - [helmvolu] Custom Resource Status ROLLING_RESTART - HiveMQ Platform is restarting Pods (rolling restart) (RESTART_PODS_IN_PROGRESS)
2025-01-30 04:04:46,892 INFO c.h.h.t.HelmChartContainer - [hivemq-test-hivemq-platform] [hivemq-platform-operator] [3cd2b14a] 04:04:46.891 [ReconcilerExecutor-hivemq-controller-150] DEBUG c.h.p.o.HiveMQPlatformReconciler - [helmvolu] Custom Resource Spec (replicas: 2) (extensions: 1)
2025-01-30 04:04:46,893 INFO c.h.h.t.HelmChartContainer - [hivemq-test-hivemq-platform] [hivemq-platform-operator] [3cd2b14a] 04:04:46.892 [ReconcilerExecutor-hivemq-controller-150] DEBUG c.h.p.o.HiveMQPlatformReconciler - [helmvolu] StatefulSet Status (revision: test-hivemq-platform-59475f86c9, replicas: 3, available: 2, ready: 2, current: 1, updated: 2)
2025-01-30 04:04:46,894 INFO c.h.h.t.HelmChartContainer - [hivemq-test-hivemq-platform] [hivemq-platform-operator] [3cd2b14a] 04:04:46.892 [ReconcilerExecutor-hivemq-controller-150] DEBUG c.h.p.o.HiveMQPlatformReconciler - [helmvolu] StatefulSet Spec (replicas: 3, init containers: 1, containers: 1, volumes: 4)
2025-01-30 04:04:46,895 INFO c.h.h.t.HelmChartContainer - [hivemq-test-hivemq-platform] [hivemq-platform-operator] [3cd2b14a] 04:04:46.894 [ReconcilerExecutor-hivemq-controller-150] DEBUG c.h.p.o.h.HiveMQPlatformReconcilerErrorHandler - [helmvolu] Pod 'test-hivemq-platform-2' phase Running
2025-01-30 04:04:46,896 INFO c.h.h.t.HelmChartContainer - [hivemq-test-hivemq-platform] [hivemq-platform-operator] [3cd2b14a] 04:04:46.895 [ReconcilerExecutor-hivemq-controller-150] DEBUG c.h.p.o.h.HiveMQPlatformReconcilerErrorHandler - [helmvolu] Pod 'test-hivemq-platform-1' phase Pending
2025-01-30 04:04:46,896 INFO c.h.h.t.HelmChartContainer - [hivemq-test-hivemq-platform] [hivemq-platform-operator] [3cd2b14a] 04:04:46.895 [ReconcilerExecutor-hivemq-controller-150] DEBUG c.h.p.o.h.HiveMQPlatformReconcilerErrorHandler - [helmvolu] Pod 'test-hivemq-platform-1' condition 'PodReadyToStartContainers': False
2025-01-30 04:04:46,897 INFO c.h.h.t.HelmChartContainer - [hivemq-test-hivemq-platform] [hivemq-platform-operator] [3cd2b14a] 04:04:46.895 [ReconcilerExecutor-hivemq-controller-150] DEBUG c.h.p.o.h.HiveMQPlatformReconcilerErrorHandler - [helmvolu] Pod 'test-hivemq-platform-1' condition 'Initialized': False
2025-01-30 04:04:46,897 INFO c.h.h.t.HelmChartContainer - [hivemq-test-hivemq-platform] [hivemq-platform-operator] [3cd2b14a] 04:04:46.895 [ReconcilerExecutor-hivemq-controller-150] DEBUG c.h.p.o.h.HiveMQPlatformReconcilerErrorHandler - [helmvolu] Pod 'test-hivemq-platform-1' condition 'Ready': False
2025-01-30 04:04:46,898 INFO c.h.h.t.HelmChartContainer - [hivemq-test-hivemq-platform] [hivemq-platform-operator] [3cd2b14a] 04:04:46.896 [ReconcilerExecutor-hivemq-controller-150] DEBUG c.h.p.o.h.HiveMQPlatformReconcilerErrorHandler - [helmvolu] Pod 'test-hivemq-platform-1' condition 'ContainersReady': False
2025-01-30 04:04:46,898 INFO c.h.h.t.HelmChartContainer - [hivemq-test-hivemq-platform] [hivemq-platform-operator] [3cd2b14a] 04:04:46.896 [ReconcilerExecutor-hivemq-controller-150] DEBUG c.h.p.o.h.HiveMQPlatformReconcilerErrorHandler - [helmvolu] Pod 'test-hivemq-platform-1' condition 'PodScheduled': True
2025-01-30 04:04:46,898 INFO c.h.h.t.HelmChartContainer - [hivemq-test-hivemq-platform] [hivemq-platform-operator] [3cd2b14a] 04:04:46.896 [ReconcilerExecutor-hivemq-controller-150] DEBUG c.h.p.o.h.HiveMQPlatformReconcilerErrorHandler - [helmvolu] Pod 'test-hivemq-platform-1' containerStatus 'hivemq' (started: false) (ready: false) (waiting: [PodInitializing] null)
2025-01-30 04:04:46,898 INFO c.h.h.t.HelmChartContainer - [hivemq-test-hivemq-platform] [hivemq-platform-operator] [3cd2b14a] 04:04:46.897 [ReconcilerExecutor-hivemq-controller-150] DEBUG c.h.p.o.h.HiveMQPlatformReconcilerErrorHandler - [helmvolu] Pod 'test-hivemq-platform-0' phase Running
2025-01-30 04:04:46,898 INFO c.h.h.t.HelmChartContainer - [hivemq-test-hivemq-platform] [hivemq-platform-operator] [3cd2b14a] 04:04:46.897 [ReconcilerExecutor-hivemq-controller-150] DEBUG c.h.p.o.h.HiveMQPlatformReconcilerRollingRestartHandler - [helmvolu] Rolling restart is waiting for 2 of 3 replicas
2025-01-30 04:04:46,944 INFO c.h.h.t.HelmChartContainer - [K3S] [reconciler_common.go:251] "operationExecutor.VerifyControllerAttachedVolume started for volume \"pod-info\" (UniqueName: \"kubernetes.io/configmap/e2626fa8-0aa5-430c-a9c0-96bd0f0575a7-pod-info\") pod \"test-hivemq-platform-1\" (UID: \"e2626fa8-0aa5-430c-a9c0-96bd0f0575a7\") " pod="helmvolumeclaimtemplatesit/test-hivemq-platform-1"
2025-01-30 04:04:46,944 INFO c.h.h.t.HelmChartContainer - [K3S] [reconciler_common.go:251] "operationExecutor.VerifyControllerAttachedVolume started for volume \"kube-api-access-fkqfg\" (UniqueName: \"kubernetes.io/projected/e2626fa8-0aa5-430c-a9c0-96bd0f0575a7-kube-api-access-fkqfg\") pod \"test-hivemq-platform-1\" (UID: \"e2626fa8-0aa5-430c-a9c0-96bd0f0575a7\") " pod="helmvolumeclaimtemplatesit/test-hivemq-platform-1"
2025-01-30 04:04:46,944 INFO c.h.h.t.HelmChartContainer - [K3S] [reconciler_common.go:251] "operationExecutor.VerifyControllerAttachedVolume started for volume \"pvc-5f246695-e19d-4c51-9fb1-d8aaa756f18a\" (UniqueName: \"kubernetes.io/local-volume/pvc-5f246695-e19d-4c51-9fb1-d8aaa756f18a\") pod \"test-hivemq-platform-1\" (UID: \"e2626fa8-0aa5-430c-a9c0-96bd0f0575a7\") " pod="helmvolumeclaimtemplatesit/test-hivemq-platform-1"
2025-01-30 04:04:46,944 INFO c.h.h.t.HelmChartContainer - [K3S] [reconciler_common.go:251] "operationExecutor.VerifyControllerAttachedVolume started for volume \"broker-configuration\" (UniqueName: \"kubernetes.io/configmap/e2626fa8-0aa5-430c-a9c0-96bd0f0575a7-broker-configuration\") pod \"test-hivemq-platform-1\" (UID: \"e2626fa8-0aa5-430c-a9c0-96bd0f0575a7\") " pod="helmvolumeclaimtemplatesit/test-hivemq-platform-1"
2025-01-30 04:04:46,944 INFO c.h.h.t.HelmChartContainer - [K3S] [reconciler_common.go:251] "operationExecutor.VerifyControllerAttachedVolume started for volume \"operator-init\" (UniqueName: \"kubernetes.io/empty-dir/e2626fa8-0aa5-430c-a9c0-96bd0f0575a7-operator-init\") pod \"test-hivemq-platform-1\" (UID: \"e2626fa8-0aa5-430c-a9c0-96bd0f0575a7\") " pod="helmvolumeclaimtemplatesit/test-hivemq-platform-1"
2025-01-30 04:04:47,153 INFO c.h.h.t.HelmChartContainer - [EVENT] Normal [Pulled] Container image "docker.io/hivemq/hivemq-platform-operator-init-test:snapshot" already present on machine [helmvolumeclaimtemplatesit:test-hivemq-platform-1]
2025-01-30 04:04:47,159 INFO c.h.h.t.HelmChartContainer - [EVENT] Normal [Created] Created container: hivemq-platform-operator-init [helmvolumeclaimtemplatesit:test-hivemq-platform-1]
2025-01-30 04:04:47,195 INFO c.h.h.t.HelmChartContainer - [EVENT] Normal [Started] Started container hivemq-platform-operator-init [helmvolumeclaimtemplatesit:test-hivemq-platform-1]
2025-01-30 04:04:47,233 INFO c.h.h.t.HelmChartContainer - [test-hivemq-platform] [hivemq] [1fef601f] INFO  - [HiveMQ Platform Operator Init App 1.7.0-SNAPSHOT] Returning Health API response 200 for liveness
2025-01-30 04:04:47,275 INFO c.h.h.t.HelmChartContainer - [K3S] [kubelet_volumes.go:163] "Cleaned up orphaned pod volumes dir" podUID="ccedc2bb-3fb9-4356-a626-24f0c519a736" path="/var/lib/kubelet/pods/ccedc2bb-3fb9-4356-a626-24f0c519a736/volumes"
2025-01-30 04:04:47,720 INFO c.h.h.t.HelmChartContainer - [EVENT] Normal [Pulled] Container image "docker.io/hivemq/hivemq4:4.36.0" already present on machine [helmvolumeclaimtemplatesit:test-hivemq-platform-1]
2025-01-30 04:04:47,721 INFO c.h.h.t.HelmChartContainer - Received Pulled event for container hivemq in pod test-hivemq-platform-1 [e2626fa8-0aa5-430c-a9c0-96bd0f0575a7]
2025-01-30 04:04:47,735 INFO c.h.h.t.HelmChartContainer - [EVENT] Normal [Created] Created container: hivemq [helmvolumeclaimtemplatesit:test-hivemq-platform-1]
2025-01-30 04:04:47,735 INFO c.h.h.t.HelmChartContainer - Received Created event for container hivemq in pod test-hivemq-platform-1 [e2626fa8-0aa5-430c-a9c0-96bd0f0575a7]
2025-01-30 04:04:47,744 INFO c.h.h.t.HelmChartContainer - [POD] test-hivemq-platform-1 [e2626fa8-0aa5-430c-a9c0-96bd0f0575a7] in helmvolumeclaimtemplatesit was MODIFIED
2025-01-30 04:04:47,754 INFO c.h.h.t.HelmChartContainer - [hivemq-test-hivemq-platform] [hivemq-platform-operator] [3cd2b14a] 04:04:47.737 [pool-6-thread-7] DEBUG c.h.p.o.d.PlatformServiceResource - [helmvolu] Desired Platform services (3 services)
2025-01-30 04:04:47,754 INFO c.h.h.t.HelmChartContainer - [hivemq-test-hivemq-platform] [hivemq-platform-operator] [3cd2b14a] 04:04:47.739 [pool-6-thread-7] DEBUG c.h.p.o.dependants.PodInfoConfigMap - [helmvolu] Desired PodInfo ConfigMap (1 extensions) (1 enabled)
2025-01-30 04:04:47,754 INFO c.h.h.t.HelmChartContainer - [hivemq-test-hivemq-platform] [hivemq-platform-operator] [3cd2b14a] 04:04:47.739 [pool-6-thread-7] DEBUG c.h.p.o.dependants.PodInfoConfigMap - [helmvolu] Desired PodInfo ConfigMap (metrics port: 9399) (metrics path: /)
2025-01-30 04:04:47,754 INFO c.h.h.t.HelmChartContainer - [hivemq-test-hivemq-platform] [hivemq-platform-operator] [3cd2b14a] 04:04:47.739 [pool-6-thread-7] DEBUG c.h.p.o.dependants.PodInfoConfigMap - [helmvolu] Desired PodInfo ConfigMap (extension state hash: -1817474005)
2025-01-30 04:04:47,754 INFO c.h.h.t.HelmChartContainer - [hivemq-test-hivemq-platform] [hivemq-platform-operator] [3cd2b14a] 04:04:47.741 [pool-6-thread-10] DEBUG c.h.p.o.d.PodServiceAccountResource - [helmvolu] Desired PodServiceAccountResource (serviceAccountName: hivemq-platform-pod-test-hivemq-platform)
2025-01-30 04:04:47,754 INFO c.h.h.t.HelmChartContainer - [hivemq-test-hivemq-platform] [hivemq-platform-operator] [3cd2b14a] 04:04:47.743 [pool-6-thread-7] DEBUG c.h.p.o.d.StatefulSetResource - [helmvolu] Desired StatefulSet (3 replicas) for status ROLLING_RESTART (RESTART_PODS_IN_PROGRESS)
2025-01-30 04:04:47,755 INFO c.h.h.t.HelmChartContainer - [hivemq-test-hivemq-platform] [hivemq-platform-operator] [3cd2b14a] 04:04:47.746 [ReconcilerExecutor-hivemq-controller-151] INFO  c.h.p.o.HiveMQPlatformReconciler - [helmvolu] Reconciling HiveMQ Platform 'test-hivemq-platform' in namespace 'helmvolumeclaimtemplatesit'
2025-01-30 04:04:47,755 INFO c.h.h.t.HelmChartContainer - [hivemq-test-hivemq-platform] [hivemq-platform-operator] [3cd2b14a] 04:04:47.746 [ReconcilerExecutor-hivemq-controller-151] DEBUG c.h.p.o.HiveMQPlatformReconciler - [helmvolu] Custom Resource Status ROLLING_RESTART - HiveMQ Platform is restarting Pods (rolling restart) (RESTART_PODS_IN_PROGRESS)
2025-01-30 04:04:47,755 INFO c.h.h.t.HelmChartContainer - [hivemq-test-hivemq-platform] [hivemq-platform-operator] [3cd2b14a] 04:04:47.746 [ReconcilerExecutor-hivemq-controller-151] DEBUG c.h.p.o.HiveMQPlatformReconciler - [helmvolu] Custom Resource Spec (replicas: 2) (extensions: 1)
2025-01-30 04:04:47,755 INFO c.h.h.t.HelmChartContainer - [hivemq-test-hivemq-platform] [hivemq-platform-operator] [3cd2b14a] 04:04:47.747 [ReconcilerExecutor-hivemq-controller-151] DEBUG c.h.p.o.HiveMQPlatformReconciler - [helmvolu] StatefulSet Status (revision: test-hivemq-platform-59475f86c9, replicas: 3, available: 2, ready: 2, current: 1, updated: 2)
2025-01-30 04:04:47,755 INFO c.h.h.t.HelmChartContainer - [hivemq-test-hivemq-platform] [hivemq-platform-operator] [3cd2b14a] 04:04:47.748 [ReconcilerExecutor-hivemq-controller-151] DEBUG c.h.p.o.HiveMQPlatformReconciler - [helmvolu] StatefulSet Spec (replicas: 3, init containers: 1, containers: 1, volumes: 4)
2025-01-30 04:04:47,755 INFO c.h.h.t.HelmChartContainer - [hivemq-test-hivemq-platform] [hivemq-platform-operator] [3cd2b14a] 04:04:47.749 [ReconcilerExecutor-hivemq-controller-151] DEBUG c.h.p.o.h.HiveMQPlatformReconcilerErrorHandler - [helmvolu] Pod 'test-hivemq-platform-2' phase Running
2025-01-30 04:04:47,755 INFO c.h.h.t.HelmChartContainer - [hivemq-test-hivemq-platform] [hivemq-platform-operator] [3cd2b14a] 04:04:47.750 [ReconcilerExecutor-hivemq-controller-151] DEBUG c.h.p.o.h.HiveMQPlatformReconcilerErrorHandler - [helmvolu] Pod 'test-hivemq-platform-1' phase Pending
2025-01-30 04:04:47,761 INFO c.h.h.t.HelmChartContainer - [hivemq-test-hivemq-platform] [hivemq-platform-operator] [3cd2b14a] 04:04:47.750 [ReconcilerExecutor-hivemq-controller-151] DEBUG c.h.p.o.h.HiveMQPlatformReconcilerErrorHandler - [helmvolu] Pod 'test-hivemq-platform-1' condition 'PodReadyToStartContainers': True
2025-01-30 04:04:47,762 INFO c.h.h.t.HelmChartContainer - [hivemq-test-hivemq-platform] [hivemq-platform-operator] [3cd2b14a] 04:04:47.750 [ReconcilerExecutor-hivemq-controller-151] DEBUG c.h.p.o.h.HiveMQPlatformReconcilerErrorHandler - [helmvolu] Pod 'test-hivemq-platform-1' condition 'Initialized': True
2025-01-30 04:04:47,762 INFO c.h.h.t.HelmChartContainer - [hivemq-test-hivemq-platform] [hivemq-platform-operator] [3cd2b14a] 04:04:47.750 [ReconcilerExecutor-hivemq-controller-151] DEBUG c.h.p.o.h.HiveMQPlatformReconcilerErrorHandler - [helmvolu] Pod 'test-hivemq-platform-1' condition 'Ready': False
2025-01-30 04:04:47,762 INFO c.h.h.t.HelmChartContainer - [hivemq-test-hivemq-platform] [hivemq-platform-operator] [3cd2b14a] 04:04:47.750 [ReconcilerExecutor-hivemq-controller-151] DEBUG c.h.p.o.h.HiveMQPlatformReconcilerErrorHandler - [helmvolu] Pod 'test-hivemq-platform-1' condition 'ContainersReady': False
2025-01-30 04:04:47,762 INFO c.h.h.t.HelmChartContainer - [hivemq-test-hivemq-platform] [hivemq-platform-operator] [3cd2b14a] 04:04:47.750 [ReconcilerExecutor-hivemq-controller-151] DEBUG c.h.p.o.h.HiveMQPlatformReconcilerErrorHandler - [helmvolu] Pod 'test-hivemq-platform-1' condition 'PodScheduled': True
2025-01-30 04:04:47,762 INFO c.h.h.t.HelmChartContainer - [hivemq-test-hivemq-platform] [hivemq-platform-operator] [3cd2b14a] 04:04:47.750 [ReconcilerExecutor-hivemq-controller-151] DEBUG c.h.p.o.h.HiveMQPlatformReconcilerErrorHandler - [helmvolu] Pod 'test-hivemq-platform-1' containerStatus 'hivemq' (started: false) (ready: false) (waiting: [PodInitializing] null)
2025-01-30 04:04:47,762 INFO c.h.h.t.HelmChartContainer - [hivemq-test-hivemq-platform] [hivemq-platform-operator] [3cd2b14a] 04:04:47.751 [ReconcilerExecutor-hivemq-controller-151] DEBUG c.h.p.o.h.HiveMQPlatformReconcilerErrorHandler - [helmvolu] Pod 'test-hivemq-platform-0' phase Running
2025-01-30 04:04:47,762 INFO c.h.h.t.HelmChartContainer - [hivemq-test-hivemq-platform] [hivemq-platform-operator] [3cd2b14a] 04:04:47.751 [ReconcilerExecutor-hivemq-controller-151] DEBUG c.h.p.o.h.HiveMQPlatformReconcilerRollingRestartHandler - [helmvolu] Rolling restart is waiting for 2 of 3 replicas
2025-01-30 04:04:48,733 INFO c.h.h.t.HelmChartContainer - [POD] test-hivemq-platform-1 [e2626fa8-0aa5-430c-a9c0-96bd0f0575a7] in helmvolumeclaimtemplatesit was MODIFIED
2025-01-30 04:04:48,737 INFO c.h.h.t.HelmChartContainer - [hivemq-test-hivemq-platform] [hivemq-platform-operator] [3cd2b14a] 04:04:48.736 [pool-6-thread-12] DEBUG c.h.p.o.d.PlatformServiceResource - [helmvolu] Desired Platform services (3 services)
2025-01-30 04:04:48,742 INFO c.h.h.t.HelmChartContainer - [hivemq-test-hivemq-platform] [hivemq-platform-operator] [3cd2b14a] 04:04:48.738 [pool-6-thread-14] DEBUG c.h.p.o.d.PodServiceAccountResource - [helmvolu] Desired PodServiceAccountResource (serviceAccountName: hivemq-platform-pod-test-hivemq-platform)
2025-01-30 04:04:48,742 INFO c.h.h.t.HelmChartContainer - [hivemq-test-hivemq-platform] [hivemq-platform-operator] [3cd2b14a] 04:04:48.740 [pool-6-thread-15] DEBUG c.h.p.o.dependants.PodInfoConfigMap - [helmvolu] Desired PodInfo ConfigMap (1 extensions) (1 enabled)
2025-01-30 04:04:48,742 INFO c.h.h.t.HelmChartContainer - [hivemq-test-hivemq-platform] [hivemq-platform-operator] [3cd2b14a] 04:04:48.740 [pool-6-thread-15] DEBUG c.h.p.o.dependants.PodInfoConfigMap - [helmvolu] Desired PodInfo ConfigMap (metrics port: 9399) (metrics path: /)
2025-01-30 04:04:48,742 INFO c.h.h.t.HelmChartContainer - [hivemq-test-hivemq-platform] [hivemq-platform-operator] [3cd2b14a] 04:04:48.740 [pool-6-thread-15] DEBUG c.h.p.o.dependants.PodInfoConfigMap - [helmvolu] Desired PodInfo ConfigMap (extension state hash: -1817474005)
2025-01-30 04:04:48,747 INFO c.h.h.t.HelmChartContainer - [hivemq-test-hivemq-platform] [hivemq-platform-operator] [3cd2b14a] 04:04:48.741 [pool-6-thread-17] DEBUG c.h.p.o.d.StatefulSetResource - [helmvolu] Desired StatefulSet (3 replicas) for status ROLLING_RESTART (RESTART_PODS_IN_PROGRESS)
2025-01-30 04:04:48,747 INFO c.h.h.t.HelmChartContainer - Started log watcher for hivemq in pod test-hivemq-platform-1 [e2626fa8-0aa5-430c-a9c0-96bd0f0575a7]
2025-01-30 04:04:48,747 INFO c.h.h.t.HelmChartContainer - [EVENT] Normal [Started] Started container hivemq [helmvolumeclaimtemplatesit:test-hivemq-platform-1]
2025-01-30 04:04:48,748 INFO c.h.h.t.HelmChartContainer - [test-hivemq-platform] [hivemq] [e2626fa8] Adding pre-installed HiveMQ Platform Operator extensions
2025-01-30 04:04:48,748 INFO c.h.h.t.HelmChartContainer - [test-hivemq-platform] [hivemq] [e2626fa8] Running as user 10000
2025-01-30 04:04:48,748 INFO c.h.h.t.HelmChartContainer - [test-hivemq-platform] [hivemq] [e2626fa8] Starting HiveMQ Platform Operator Init
2025-01-30 04:04:48,749 INFO c.h.h.t.HelmChartContainer - [hivemq-test-hivemq-platform] [hivemq-platform-operator] [3cd2b14a] 04:04:48.744 [ReconcilerExecutor-hivemq-controller-152] INFO  c.h.p.o.HiveMQPlatformReconciler - [helmvolu] Reconciling HiveMQ Platform 'test-hivemq-platform' in namespace 'helmvolumeclaimtemplatesit'
2025-01-30 04:04:48,749 INFO c.h.h.t.HelmChartContainer - [hivemq-test-hivemq-platform] [hivemq-platform-operator] [3cd2b14a] 04:04:48.744 [ReconcilerExecutor-hivemq-controller-152] DEBUG c.h.p.o.HiveMQPlatformReconciler - [helmvolu] Custom Resource Status ROLLING_RESTART - HiveMQ Platform is restarting Pods (rolling restart) (RESTART_PODS_IN_PROGRESS)
2025-01-30 04:04:48,749 INFO c.h.h.t.HelmChartContainer - [hivemq-test-hivemq-platform] [hivemq-platform-operator] [3cd2b14a] 04:04:48.744 [ReconcilerExecutor-hivemq-controller-152] DEBUG c.h.p.o.HiveMQPlatformReconciler - [helmvolu] Custom Resource Spec (replicas: 2) (extensions: 1)
2025-01-30 04:04:48,749 INFO c.h.h.t.HelmChartContainer - [hivemq-test-hivemq-platform] [hivemq-platform-operator] [3cd2b14a] 04:04:48.745 [ReconcilerExecutor-hivemq-controller-152] DEBUG c.h.p.o.HiveMQPlatformReconciler - [helmvolu] StatefulSet Status (revision: test-hivemq-platform-59475f86c9, replicas: 3, available: 2, ready: 2, current: 1, updated: 2)
2025-01-30 04:04:48,749 INFO c.h.h.t.HelmChartContainer - [hivemq-test-hivemq-platform] [hivemq-platform-operator] [3cd2b14a] 04:04:48.745 [ReconcilerExecutor-hivemq-controller-152] DEBUG c.h.p.o.HiveMQPlatformReconciler - [helmvolu] StatefulSet Spec (replicas: 3, init containers: 1, containers: 1, volumes: 4)
2025-01-30 04:04:48,749 INFO c.h.h.t.HelmChartContainer - [hivemq-test-hivemq-platform] [hivemq-platform-operator] [3cd2b14a] 04:04:48.746 [ReconcilerExecutor-hivemq-controller-152] DEBUG c.h.p.o.h.HiveMQPlatformReconcilerErrorHandler - [helmvolu] Pod 'test-hivemq-platform-2' phase Running
2025-01-30 04:04:48,749 INFO c.h.h.t.HelmChartContainer - [hivemq-test-hivemq-platform] [hivemq-platform-operator] [3cd2b14a] 04:04:48.748 [ReconcilerExecutor-hivemq-controller-152] DEBUG c.h.p.o.h.HiveMQPlatformReconcilerErrorHandler - [helmvolu] Pod 'test-hivemq-platform-1' phase Running
2025-01-30 04:04:48,749 INFO c.h.h.t.HelmChartContainer - [hivemq-test-hivemq-platform] [hivemq-platform-operator] [3cd2b14a] 04:04:48.748 [ReconcilerExecutor-hivemq-controller-152] DEBUG c.h.p.o.h.HiveMQPlatformReconcilerErrorHandler - [helmvolu] Pod 'test-hivemq-platform-0' phase Running
2025-01-30 04:04:48,750 INFO c.h.h.t.HelmChartContainer - [hivemq-test-hivemq-platform] [hivemq-platform-operator] [3cd2b14a] 04:04:48.749 [ReconcilerExecutor-hivemq-controller-152] DEBUG c.h.p.o.h.HiveMQPlatformReconcilerRollingRestartHandler - [helmvolu] Rolling restart is waiting for 2 of 3 replicas
2025-01-30 04:04:48,751 INFO c.h.h.t.HelmChartContainer - Received Started event for container hivemq in pod test-hivemq-platform-1 [e2626fa8-0aa5-430c-a9c0-96bd0f0575a7]
2025-01-30 04:04:49,012 INFO c.h.h.t.HelmChartContainer - [test-hivemq-platform] [hivemq] [e2626fa8] INFO  - [HiveMQ Platform Operator Init 1.7.0-SNAPSHOT] HiveMQ Platform Operator Init 1.7.0-SNAPSHOT (commit: 47e3375 on branch: HEAD) built on Thu Jan 30 03:55:50 UTC 2025
2025-01-30 04:04:50,114 INFO c.h.h.t.HelmChartContainer - [test-hivemq-platform] [hivemq] [e2626fa8] INFO  - [HiveMQ Platform Operator Init App 1.7.0-SNAPSHOT] Using bind address 10.42.0.14 from environment variable
2025-01-30 04:04:51,029 INFO c.h.h.t.HelmChartContainer - [test-hivemq-platform] [hivemq] [e2626fa8] INFO  - [HiveMQ Platform Operator Init App 1.7.0-SNAPSHOT] HiveMQ Platform Operator Init App 1.7.0-SNAPSHOT (commit: 47e3375 on branch: HEAD) built on Thu Jan 30 03:55:50 UTC 2025
2025-01-30 04:04:51,029 INFO c.h.h.t.HelmChartContainer - [test-hivemq-platform] [hivemq] [e2626fa8] INFO  - [HiveMQ Platform Operator Init App 1.7.0-SNAPSHOT] PodInfo ConfigMap directory: /etc/podinfo
2025-01-30 04:04:51,029 INFO c.h.h.t.HelmChartContainer - [test-hivemq-platform] [hivemq] [e2626fa8] INFO  - [HiveMQ Platform Operator Init App 1.7.0-SNAPSHOT] HiveMQ home directory: /opt/hivemq
2025-01-30 04:04:51,029 INFO c.h.h.t.HelmChartContainer - [test-hivemq-platform] [hivemq] [e2626fa8] INFO  - [HiveMQ Platform Operator Init App 1.7.0-SNAPSHOT] HiveMQ Logback folder: /opt/hivemq/conf
2025-01-30 04:04:51,029 INFO c.h.h.t.HelmChartContainer - [test-hivemq-platform] [hivemq] [e2626fa8] INFO  - [HiveMQ Platform Operator Init App 1.7.0-SNAPSHOT] HiveMQ Config folder: /opt/hivemq/conf-k8s
2025-01-30 04:04:51,029 INFO c.h.h.t.HelmChartContainer - [test-hivemq-platform] [hivemq] [e2626fa8] INFO  - [HiveMQ Platform Operator Init App 1.7.0-SNAPSHOT] Starting HiveMQ Platform Operator Init App
2025-01-30 04:04:51,030 INFO c.h.h.t.HelmChartContainer - [test-hivemq-platform] [hivemq] [e2626fa8] INFO  - [HiveMQ Platform Operator Init App 1.7.0-SNAPSHOT] Starting Pod reconciler
2025-01-30 04:04:52,221 INFO c.h.h.t.HelmChartContainer - [test-hivemq-platform] [hivemq] [e2626fa8] INFO  - [HiveMQ Platform Operator Init App 1.7.0-SNAPSHOT] Pod reconciler is scheduled (interval: 5000 ms)
2025-01-30 04:04:52,222 INFO c.h.h.t.HelmChartContainer - [test-hivemq-platform] [hivemq] [e2626fa8] INFO  - [HiveMQ Platform Operator Init App 1.7.0-SNAPSHOT] Starting the REST API on 10.42.0.14:7979
2025-01-30 04:04:52,224 INFO c.h.h.t.HelmChartContainer - [test-hivemq-platform] [hivemq] [e2626fa8] INFO  - [HiveMQ Platform Operator Init App 1.7.0-SNAPSHOT] Waiting up to 600s for at most 3 HiveMQ nodes in cluster service hivemq-test-hivemq-platform-cluster.helmvolumeclaimtemplatesit.svc
2025-01-30 04:04:52,590 INFO c.h.h.t.HelmChartContainer - [test-hivemq-platform] [hivemq] [e2626fa8] INFO  - [HiveMQ Platform Operator Init App 1.7.0-SNAPSHOT] Resolved 3 IP addresses: [10.42.0.14, 10.42.0.9, 10.42.0.13]
2025-01-30 04:04:52,590 INFO c.h.h.t.HelmChartContainer - [test-hivemq-platform] [hivemq] [e2626fa8] INFO  - [HiveMQ Platform Operator Init App 1.7.0-SNAPSHOT] HiveMQ node count of 3 is within threshold of 3
2025-01-30 04:04:52,590 INFO c.h.h.t.HelmChartContainer - [test-hivemq-platform] [hivemq] [e2626fa8] INFO  - [HiveMQ Platform Operator Init App 1.7.0-SNAPSHOT] Waiting 15s for previous shutdown replication to finish...
2025-01-30 04:04:54,731 INFO c.h.h.t.HelmChartContainer - [test-hivemq-platform] [hivemq] [e2626fa8] INFO  - [HiveMQ Platform Operator Init App 1.7.0-SNAPSHOT] Returning default Health API response 503 for readiness
2025-01-30 04:04:54,827 INFO c.h.h.t.HelmChartContainer - [EVENT] Warning [Unhealthy] Readiness probe failed: HTTP probe failed with statuscode: 503 [helmvolumeclaimtemplatesit:test-hivemq-platform-1]
2025-01-30 04:04:54,827 INFO c.h.h.t.HelmChartContainer - Received Unhealthy event for container hivemq in pod test-hivemq-platform-1 [e2626fa8-0aa5-430c-a9c0-96bd0f0575a7]
2025-01-30 04:04:58,753 INFO c.h.h.t.HelmChartContainer - [hivemq-test-hivemq-platform] [hivemq-platform-operator] [3cd2b14a] 04:04:58.752 [pool-6-thread-26] DEBUG c.h.p.o.d.PlatformServiceResource - [helmvolu] Desired Platform services (3 services)
2025-01-30 04:04:58,753 INFO c.h.h.t.HelmChartContainer - [hivemq-test-hivemq-platform] [hivemq-platform-operator] [3cd2b14a] 04:04:58.752 [pool-6-thread-29] DEBUG c.h.p.o.d.PodServiceAccountResource - [helmvolu] Desired PodServiceAccountResource (serviceAccountName: hivemq-platform-pod-test-hivemq-platform)
2025-01-30 04:04:58,753 INFO c.h.h.t.HelmChartContainer - [hivemq-test-hivemq-platform] [hivemq-platform-operator] [3cd2b14a] 04:04:58.752 [pool-6-thread-28] DEBUG c.h.p.o.dependants.PodInfoConfigMap - [helmvolu] Desired PodInfo ConfigMap (1 extensions) (1 enabled)
2025-01-30 04:04:58,753 INFO c.h.h.t.HelmChartContainer - [hivemq-test-hivemq-platform] [hivemq-platform-operator] [3cd2b14a] 04:04:58.752 [pool-6-thread-28] DEBUG c.h.p.o.dependants.PodInfoConfigMap - [helmvolu] Desired PodInfo ConfigMap (metrics port: 9399) (metrics path: /)
2025-01-30 04:04:58,753 INFO c.h.h.t.HelmChartContainer - [hivemq-test-hivemq-platform] [hivemq-platform-operator] [3cd2b14a] 04:04:58.752 [pool-6-thread-28] DEBUG c.h.p.o.dependants.PodInfoConfigMap - [helmvolu] Desired PodInfo ConfigMap (extension state hash: -1817474005)
2025-01-30 04:04:58,757 INFO c.h.h.t.HelmChartContainer - [hivemq-test-hivemq-platform] [hivemq-platform-operator] [3cd2b14a] 04:04:58.756 [pool-6-thread-26] DEBUG c.h.p.o.d.StatefulSetResource - [helmvolu] Desired StatefulSet (3 replicas) for status ROLLING_RESTART (RESTART_PODS_IN_PROGRESS)
2025-01-30 04:04:58,761 INFO c.h.h.t.HelmChartContainer - [hivemq-test-hivemq-platform] [hivemq-platform-operator] [3cd2b14a] 04:04:58.759 [ReconcilerExecutor-hivemq-controller-153] INFO  c.h.p.o.HiveMQPlatformReconciler - [helmvolu] Reconciling HiveMQ Platform 'test-hivemq-platform' in namespace 'helmvolumeclaimtemplatesit'
2025-01-30 04:04:58,761 INFO c.h.h.t.HelmChartContainer - [hivemq-test-hivemq-platform] [hivemq-platform-operator] [3cd2b14a] 04:04:58.759 [ReconcilerExecutor-hivemq-controller-153] DEBUG c.h.p.o.HiveMQPlatformReconciler - [helmvolu] Custom Resource Status ROLLING_RESTART - HiveMQ Platform is restarting Pods (rolling restart) (RESTART_PODS_IN_PROGRESS)
2025-01-30 04:04:58,761 INFO c.h.h.t.HelmChartContainer - [hivemq-test-hivemq-platform] [hivemq-platform-operator] [3cd2b14a] 04:04:58.759 [ReconcilerExecutor-hivemq-controller-153] DEBUG c.h.p.o.HiveMQPlatformReconciler - [helmvolu] Custom Resource Spec (replicas: 2) (extensions: 1)
2025-01-30 04:04:58,761 INFO c.h.h.t.HelmChartContainer - [hivemq-test-hivemq-platform] [hivemq-platform-operator] [3cd2b14a] 04:04:58.760 [ReconcilerExecutor-hivemq-controller-153] DEBUG c.h.p.o.HiveMQPlatformReconciler - [helmvolu] StatefulSet Status (revision: test-hivemq-platform-59475f86c9, replicas: 3, available: 2, ready: 2, current: 1, updated: 2)
2025-01-30 04:04:58,762 INFO c.h.h.t.HelmChartContainer - [hivemq-test-hivemq-platform] [hivemq-platform-operator] [3cd2b14a] 04:04:58.760 [ReconcilerExecutor-hivemq-controller-153] DEBUG c.h.p.o.HiveMQPlatformReconciler - [helmvolu] StatefulSet Spec (replicas: 3, init containers: 1, containers: 1, volumes: 4)
2025-01-30 04:04:58,763 INFO c.h.h.t.HelmChartContainer - [hivemq-test-hivemq-platform] [hivemq-platform-operator] [3cd2b14a] 04:04:58.761 [ReconcilerExecutor-hivemq-controller-153] DEBUG c.h.p.o.h.HiveMQPlatformReconcilerErrorHandler - [helmvolu] Pod 'test-hivemq-platform-2' phase Running
2025-01-30 04:04:58,765 INFO c.h.h.t.HelmChartContainer - [hivemq-test-hivemq-platform] [hivemq-platform-operator] [3cd2b14a] 04:04:58.762 [ReconcilerExecutor-hivemq-controller-153] DEBUG c.h.p.o.h.HiveMQPlatformReconcilerErrorHandler - [helmvolu] Pod 'test-hivemq-platform-1' phase Running
2025-01-30 04:04:58,765 INFO c.h.h.t.HelmChartContainer - [hivemq-test-hivemq-platform] [hivemq-platform-operator] [3cd2b14a] 04:04:58.764 [ReconcilerExecutor-hivemq-controller-153] DEBUG c.h.p.o.h.HiveMQPlatformReconcilerErrorHandler - [helmvolu] Pod 'test-hivemq-platform-0' phase Running
2025-01-30 04:04:58,766 INFO c.h.h.t.HelmChartContainer - [hivemq-test-hivemq-platform] [hivemq-platform-operator] [3cd2b14a] 04:04:58.764 [ReconcilerExecutor-hivemq-controller-153] DEBUG c.h.p.o.h.HiveMQPlatformReconcilerRollingRestartHandler - [helmvolu] Rolling restart is waiting for 2 of 3 replicas
2025-01-30 04:04:59,735 INFO c.h.h.t.HelmChartContainer - [EVENT] Warning [Unhealthy] Readiness probe failed: HTTP probe failed with statuscode: 503 [helmvolumeclaimtemplatesit:test-hivemq-platform-1]
2025-01-30 04:04:59,735 INFO c.h.h.t.HelmChartContainer - Received Unhealthy event for container hivemq in pod test-hivemq-platform-1 [e2626fa8-0aa5-430c-a9c0-96bd0f0575a7]
2025-01-30 04:04:59,814 INFO c.h.h.t.HelmChartContainer - [test-hivemq-platform] [hivemq] [e2626fa8] INFO  - [HiveMQ Platform Operator Init App 1.7.0-SNAPSHOT] Updating Pod HiveMQ Platform Operator Init App version annotation (version: 1.7.0-SNAPSHOT)
2025-01-30 04:05:00,135 INFO c.h.h.t.HelmChartContainer - [POD] test-hivemq-platform-1 [e2626fa8-0aa5-430c-a9c0-96bd0f0575a7] in helmvolumeclaimtemplatesit was MODIFIED
2025-01-30 04:05:00,140 INFO c.h.h.t.HelmChartContainer - [hivemq-test-hivemq-platform] [hivemq-platform-operator] [3cd2b14a] 04:05:00.138 [pool-6-thread-36] DEBUG c.h.p.o.d.PlatformServiceResource - [helmvolu] Desired Platform services (3 services)
2025-01-30 04:05:00,141 INFO c.h.h.t.HelmChartContainer - [hivemq-test-hivemq-platform] [hivemq-platform-operator] [3cd2b14a] 04:05:00.140 [pool-6-thread-35] DEBUG c.h.p.o.d.PodServiceAccountResource - [helmvolu] Desired PodServiceAccountResource (serviceAccountName: hivemq-platform-pod-test-hivemq-platform)
2025-01-30 04:05:00,142 INFO c.h.h.t.HelmChartContainer - [hivemq-test-hivemq-platform] [hivemq-platform-operator] [3cd2b14a] 04:05:00.141 [pool-6-thread-34] DEBUG c.h.p.o.dependants.PodInfoConfigMap - [helmvolu] Desired PodInfo ConfigMap (1 extensions) (1 enabled)
2025-01-30 04:05:00,143 INFO c.h.h.t.HelmChartContainer - [hivemq-test-hivemq-platform] [hivemq-platform-operator] [3cd2b14a] 04:05:00.142 [pool-6-thread-34] DEBUG c.h.p.o.dependants.PodInfoConfigMap - [helmvolu] Desired PodInfo ConfigMap (metrics port: 9399) (metrics path: /)
2025-01-30 04:05:00,143 INFO c.h.h.t.HelmChartContainer - [hivemq-test-hivemq-platform] [hivemq-platform-operator] [3cd2b14a] 04:05:00.143 [pool-6-thread-34] DEBUG c.h.p.o.dependants.PodInfoConfigMap - [helmvolu] Desired PodInfo ConfigMap (extension state hash: -1817474005)
2025-01-30 04:05:00,147 INFO c.h.h.t.HelmChartContainer - [hivemq-test-hivemq-platform] [hivemq-platform-operator] [3cd2b14a] 04:05:00.146 [pool-6-thread-34] DEBUG c.h.p.o.d.StatefulSetResource - [helmvolu] Desired StatefulSet (3 replicas) for status ROLLING_RESTART (RESTART_PODS_IN_PROGRESS)
2025-01-30 04:05:00,153 INFO c.h.h.t.HelmChartContainer - [hivemq-test-hivemq-platform] [hivemq-platform-operator] [3cd2b14a] 04:05:00.148 [ReconcilerExecutor-hivemq-controller-154] INFO  c.h.p.o.HiveMQPlatformReconciler - [helmvolu] Reconciling HiveMQ Platform 'test-hivemq-platform' in namespace 'helmvolumeclaimtemplatesit'
2025-01-30 04:05:00,153 INFO c.h.h.t.HelmChartContainer - [hivemq-test-hivemq-platform] [hivemq-platform-operator] [3cd2b14a] 04:05:00.148 [ReconcilerExecutor-hivemq-controller-154] DEBUG c.h.p.o.HiveMQPlatformReconciler - [helmvolu] Custom Resource Status ROLLING_RESTART - HiveMQ Platform is restarting Pods (rolling restart) (RESTART_PODS_IN_PROGRESS)
2025-01-30 04:05:00,153 INFO c.h.h.t.HelmChartContainer - [hivemq-test-hivemq-platform] [hivemq-platform-operator] [3cd2b14a] 04:05:00.148 [ReconcilerExecutor-hivemq-controller-154] DEBUG c.h.p.o.HiveMQPlatformReconciler - [helmvolu] Custom Resource Spec (replicas: 2) (extensions: 1)
2025-01-30 04:05:00,153 INFO c.h.h.t.HelmChartContainer - [hivemq-test-hivemq-platform] [hivemq-platform-operator] [3cd2b14a] 04:05:00.149 [ReconcilerExecutor-hivemq-controller-154] DEBUG c.h.p.o.HiveMQPlatformReconciler - [helmvolu] StatefulSet Status (revision: test-hivemq-platform-59475f86c9, replicas: 3, available: 2, ready: 2, current: 1, updated: 2)
2025-01-30 04:05:00,153 INFO c.h.h.t.HelmChartContainer - [hivemq-test-hivemq-platform] [hivemq-platform-operator] [3cd2b14a] 04:05:00.149 [ReconcilerExecutor-hivemq-controller-154] DEBUG c.h.p.o.HiveMQPlatformReconciler - [helmvolu] StatefulSet Spec (replicas: 3, init containers: 1, containers: 1, volumes: 4)
2025-01-30 04:05:00,153 INFO c.h.h.t.HelmChartContainer - [hivemq-test-hivemq-platform] [hivemq-platform-operator] [3cd2b14a] 04:05:00.150 [ReconcilerExecutor-hivemq-controller-154] DEBUG c.h.p.o.h.HiveMQPlatformReconcilerErrorHandler - [helmvolu] Pod 'test-hivemq-platform-2' phase Running
2025-01-30 04:05:00,153 INFO c.h.h.t.HelmChartContainer - [hivemq-test-hivemq-platform] [hivemq-platform-operator] [3cd2b14a] 04:05:00.151 [ReconcilerExecutor-hivemq-controller-154] DEBUG c.h.p.o.h.HiveMQPlatformReconcilerErrorHandler - [helmvolu] Pod 'test-hivemq-platform-1' phase Running
2025-01-30 04:05:00,153 INFO c.h.h.t.HelmChartContainer - [hivemq-test-hivemq-platform] [hivemq-platform-operator] [3cd2b14a] 04:05:00.152 [ReconcilerExecutor-hivemq-controller-154] DEBUG c.h.p.o.h.HiveMQPlatformReconcilerErrorHandler - [helmvolu] Pod 'test-hivemq-platform-0' phase Running
2025-01-30 04:05:00,154 INFO c.h.h.t.HelmChartContainer - [hivemq-test-hivemq-platform] [hivemq-platform-operator] [3cd2b14a] 04:05:00.152 [ReconcilerExecutor-hivemq-controller-154] DEBUG c.h.p.o.h.HiveMQPlatformReconcilerRollingRestartHandler - [helmvolu] Rolling restart is waiting for 2 of 3 replicas
2025-01-30 04:05:00,214 INFO c.h.h.t.HelmChartContainer - [EVENT] Warning [Unhealthy] Readiness probe failed: HTTP probe failed with statuscode: 503 [helmvolumeclaimtemplatesit:test-hivemq-platform-1]
2025-01-30 04:05:00,214 INFO c.h.h.t.HelmChartContainer - Received Unhealthy event for container hivemq in pod test-hivemq-platform-1 [e2626fa8-0aa5-430c-a9c0-96bd0f0575a7]
2025-01-30 04:05:00,216 INFO c.h.h.t.HelmChartContainer - [test-hivemq-platform] [hivemq] [e2626fa8] INFO  - [HiveMQ Platform Operator Init App 1.7.0-SNAPSHOT] Successfully updated Pod HiveMQ Platform Operator Init App version annotation (version: 1.7.0-SNAPSHOT)
2025-01-30 04:05:05,139 INFO c.h.h.t.HelmChartContainer - [EVENT] Warning [Unhealthy] Readiness probe failed: HTTP probe failed with statuscode: 503 [helmvolumeclaimtemplatesit:test-hivemq-platform-1]
2025-01-30 04:05:05,139 INFO c.h.h.t.HelmChartContainer - Received Unhealthy event for container hivemq in pod test-hivemq-platform-1 [e2626fa8-0aa5-430c-a9c0-96bd0f0575a7]
2025-01-30 04:05:07,591 INFO c.h.h.t.HelmChartContainer - [test-hivemq-platform] [hivemq] [e2626fa8] INFO  - [HiveMQ Platform Operator Init App 1.7.0-SNAPSHOT] Proceeding with container start
2025-01-30 04:05:07,593 INFO c.h.h.t.HelmChartContainer - [test-hivemq-platform] [hivemq] [e2626fa8] INFO  - [HiveMQ Platform Operator Init App 1.7.0-SNAPSHOT] Initializing HiveMQ Platform extensions with initial configuration: {hivemq-allow-all-extension={start-priority=-1, skip-https-hostname-verification=false, restart=true, config-version=0, header-version=0, c-uri=, priority=-1, uri=preinstalled, skip-https-certificate-validation=false, enabled=true}, hivemq-prometheus-extension={start-priority=-1, c-uri=, skip-https-hostname-verification=false, skip-https-certificate-validation=false, uri=preinstalled, request-header-path=no-request-headers, enabled=true, restart=true, priority=-1}}
2025-01-30 04:05:07,996 INFO c.h.h.t.HelmChartContainer - [test-hivemq-platform] [hivemq] [e2626fa8] INFO  - [HiveMQ Platform Operator Init App 1.7.0-SNAPSHOT] Extension hivemq-allow-all-extension was already enabled
2025-01-30 04:05:08,091 INFO c.h.h.t.HelmChartContainer - [test-hivemq-platform] [hivemq] [e2626fa8] INFO  - [HiveMQ Platform Operator Init App 1.7.0-SNAPSHOT] Successfully enabled extension hivemq-prometheus-extension
2025-01-30 04:05:08,092 INFO c.h.h.t.HelmChartContainer - [test-hivemq-platform] [hivemq] [e2626fa8] INFO  - [HiveMQ Platform Operator Init App 1.7.0-SNAPSHOT] Starting HiveMQ Platform version 4.36.0 (4.36.0)
2025-01-30 04:05:08,092 INFO c.h.h.t.HelmChartContainer - [test-hivemq-platform] [hivemq] [e2626fa8] INFO  - [HiveMQ Platform Operator Init App 1.7.0-SNAPSHOT] Configuring the HiveMQ Platform
2025-01-30 04:05:08,110 INFO c.h.h.t.HelmChartContainer - [test-hivemq-platform] [hivemq] [e2626fa8] INFO  - [HiveMQ Platform Operator Init App 1.7.0-SNAPSHOT] Changed logback.xml file scan period to 20 seconds
2025-01-30 04:05:08,199 INFO c.h.h.t.HelmChartContainer - [test-hivemq-platform] [hivemq] [e2626fa8] INFO  - [HiveMQ Platform Operator Init App 1.7.0-SNAPSHOT] Starting the HiveMQ Platform
2025-01-30 04:05:08,208 INFO c.h.h.t.HelmChartContainer - [test-hivemq-platform] [hivemq] [e2626fa8] -------------------------------------------------------------------------
2025-01-30 04:05:08,209 INFO c.h.h.t.HelmChartContainer - [test-hivemq-platform] [hivemq] [e2626fa8] 
2025-01-30 04:05:08,209 INFO c.h.h.t.HelmChartContainer - [test-hivemq-platform] [hivemq] [e2626fa8]                   _    _  _              __  __   ____
2025-01-30 04:05:08,209 INFO c.h.h.t.HelmChartContainer - [test-hivemq-platform] [hivemq] [e2626fa8]                  | |  | |(_)            |  \/  | / __ \
2025-01-30 04:05:08,209 INFO c.h.h.t.HelmChartContainer - [test-hivemq-platform] [hivemq] [e2626fa8]                  | |__| | _ __   __ ___ | \  / || |  | |
2025-01-30 04:05:08,209 INFO c.h.h.t.HelmChartContainer - [test-hivemq-platform] [hivemq] [e2626fa8]                  |  __  || |\ \ / // _ \| |\/| || |  | |
2025-01-30 04:05:08,209 INFO c.h.h.t.HelmChartContainer - [test-hivemq-platform] [hivemq] [e2626fa8]                  | |  | || | \ V /|  __/| |  | || |__| |
2025-01-30 04:05:08,209 INFO c.h.h.t.HelmChartContainer - [test-hivemq-platform] [hivemq] [e2626fa8]                  |_|  |_||_|  \_/  \___||_|  |_| \___\_\
2025-01-30 04:05:08,209 INFO c.h.h.t.HelmChartContainer - [test-hivemq-platform] [hivemq] [e2626fa8] 
2025-01-30 04:05:08,209 INFO c.h.h.t.HelmChartContainer - [test-hivemq-platform] [hivemq] [e2626fa8] -------------------------------------------------------------------------
2025-01-30 04:05:08,209 INFO c.h.h.t.HelmChartContainer - [test-hivemq-platform] [hivemq] [e2626fa8] 
2025-01-30 04:05:08,209 INFO c.h.h.t.HelmChartContainer - [test-hivemq-platform] [hivemq] [e2626fa8]   HiveMQ Start Script for Linux/Unix v1.14
2025-01-30 04:05:08,210 INFO c.h.h.t.HelmChartContainer - [test-hivemq-platform] [hivemq] [e2626fa8] 
2025-01-30 04:05:08,300 INFO c.h.h.t.HelmChartContainer - [test-hivemq-platform] [hivemq] [e2626fa8] -------------------------------------------------------------------------
2025-01-30 04:05:08,300 INFO c.h.h.t.HelmChartContainer - [test-hivemq-platform] [hivemq] [e2626fa8] 
2025-01-30 04:05:08,300 INFO c.h.h.t.HelmChartContainer - [test-hivemq-platform] [hivemq] [e2626fa8]   HIVEMQ_HOME: /opt/hivemq
2025-01-30 04:05:08,300 INFO c.h.h.t.HelmChartContainer - [test-hivemq-platform] [hivemq] [e2626fa8] 
2025-01-30 04:05:08,300 INFO c.h.h.t.HelmChartContainer - [test-hivemq-platform] [hivemq] [e2626fa8]   JAVA_OPTS: -XX:+UnlockExperimentalVMOptions -XX:InitialRAMPercentage=50 -XX:MaxRAMPercentage=50 -Djava.net.preferIPv4Stack=true --add-opens java.base/java.lang=ALL-UNNAMED --add-opens java.base/java.nio=ALL-UNNAMED --add-opens java.base/sun.nio.ch=ALL-UNNAMED --add-opens jdk.management/com.sun.management.internal=ALL-UNNAMED --add-exports java.base/jdk.internal.misc=ALL-UNNAMED -Djava.security.egd=file:/dev/./urandom -Dcom.sun.management.jmxremote -Dcom.sun.management.jmxremote.port=9010 -Dcom.sun.management.jmxremote.local.only=false -Dcom.sun.management.jmxremote.authenticate=false -Dcom.sun.management.jmxremote.ssl=false -Duser.language=en -Duser.region=US -XX:+CrashOnOutOfMemoryError -XX:+HeapDumpOnOutOfMemoryError
2025-01-30 04:05:08,300 INFO c.h.h.t.HelmChartContainer - [test-hivemq-platform] [hivemq] [e2626fa8] 
2025-01-30 04:05:08,300 INFO c.h.h.t.HelmChartContainer - [test-hivemq-platform] [hivemq] [e2626fa8]   JAVA_VERSION: 21
2025-01-30 04:05:08,300 INFO c.h.h.t.HelmChartContainer - [test-hivemq-platform] [hivemq] [e2626fa8] 
2025-01-30 04:05:08,300 INFO c.h.h.t.HelmChartContainer - [test-hivemq-platform] [hivemq] [e2626fa8] -------------------------------------------------------------------------
2025-01-30 04:05:08,300 INFO c.h.h.t.HelmChartContainer - [test-hivemq-platform] [hivemq] [e2626fa8] 
2025-01-30 04:05:10,157 INFO c.h.h.t.HelmChartContainer - [hivemq-test-hivemq-platform] [hivemq-platform-operator] [3cd2b14a] 04:05:10.156 [pool-6-thread-50] DEBUG c.h.p.o.d.PlatformServiceResource - [helmvolu] Desired Platform services (3 services)
2025-01-30 04:05:10,158 INFO c.h.h.t.HelmChartContainer - [hivemq-test-hivemq-platform] [hivemq-platform-operator] [3cd2b14a] 04:05:10.156 [pool-6-thread-45] DEBUG c.h.p.o.dependants.PodInfoConfigMap - [helmvolu] Desired PodInfo ConfigMap (1 extensions) (1 enabled)
2025-01-30 04:05:10,159 INFO c.h.h.t.HelmChartContainer - [hivemq-test-hivemq-platform] [hivemq-platform-operator] [3cd2b14a] 04:05:10.156 [pool-6-thread-45] DEBUG c.h.p.o.dependants.PodInfoConfigMap - [helmvolu] Desired PodInfo ConfigMap (metrics port: 9399) (metrics path: /)
2025-01-30 04:05:10,159 INFO c.h.h.t.HelmChartContainer - [hivemq-test-hivemq-platform] [hivemq-platform-operator] [3cd2b14a] 04:05:10.156 [pool-6-thread-45] DEBUG c.h.p.o.dependants.PodInfoConfigMap - [helmvolu] Desired PodInfo ConfigMap (extension state hash: -1817474005)
2025-01-30 04:05:10,160 INFO c.h.h.t.HelmChartContainer - [hivemq-test-hivemq-platform] [hivemq-platform-operator] [3cd2b14a] 04:05:10.157 [pool-6-thread-45] DEBUG c.h.p.o.d.PodServiceAccountResource - [helmvolu] Desired PodServiceAccountResource (serviceAccountName: hivemq-platform-pod-test-hivemq-platform)
2025-01-30 04:05:10,160 INFO c.h.h.t.HelmChartContainer - [hivemq-test-hivemq-platform] [hivemq-platform-operator] [3cd2b14a] 04:05:10.159 [pool-6-thread-50] DEBUG c.h.p.o.d.StatefulSetResource - [helmvolu] Desired StatefulSet (3 replicas) for status ROLLING_RESTART (RESTART_PODS_IN_PROGRESS)
2025-01-30 04:05:10,163 INFO c.h.h.t.HelmChartContainer - [hivemq-test-hivemq-platform] [hivemq-platform-operator] [3cd2b14a] 04:05:10.162 [ReconcilerExecutor-hivemq-controller-53] INFO  c.h.p.o.HiveMQPlatformReconciler - [helmvolu] Reconciling HiveMQ Platform 'test-hivemq-platform' in namespace 'helmvolumeclaimtemplatesit'
2025-01-30 04:05:10,163 INFO c.h.h.t.HelmChartContainer - [hivemq-test-hivemq-platform] [hivemq-platform-operator] [3cd2b14a] 04:05:10.162 [ReconcilerExecutor-hivemq-controller-53] DEBUG c.h.p.o.HiveMQPlatformReconciler - [helmvolu] Custom Resource Status ROLLING_RESTART - HiveMQ Platform is restarting Pods (rolling restart) (RESTART_PODS_IN_PROGRESS)
2025-01-30 04:05:10,163 INFO c.h.h.t.HelmChartContainer - [hivemq-test-hivemq-platform] [hivemq-platform-operator] [3cd2b14a] 04:05:10.162 [ReconcilerExecutor-hivemq-controller-53] DEBUG c.h.p.o.HiveMQPlatformReconciler - [helmvolu] Custom Resource Spec (replicas: 2) (extensions: 1)
2025-01-30 04:05:10,164 INFO c.h.h.t.HelmChartContainer - [hivemq-test-hivemq-platform] [hivemq-platform-operator] [3cd2b14a] 04:05:10.163 [ReconcilerExecutor-hivemq-controller-53] DEBUG c.h.p.o.HiveMQPlatformReconciler - [helmvolu] StatefulSet Status (revision: test-hivemq-platform-59475f86c9, replicas: 3, available: 2, ready: 2, current: 1, updated: 2)
2025-01-30 04:05:10,164 INFO c.h.h.t.HelmChartContainer - [hivemq-test-hivemq-platform] [hivemq-platform-operator] [3cd2b14a] 04:05:10.163 [ReconcilerExecutor-hivemq-controller-53] DEBUG c.h.p.o.HiveMQPlatformReconciler - [helmvolu] StatefulSet Spec (replicas: 3, init containers: 1, containers: 1, volumes: 4)
2025-01-30 04:05:10,165 INFO c.h.h.t.HelmChartContainer - [hivemq-test-hivemq-platform] [hivemq-platform-operator] [3cd2b14a] 04:05:10.165 [ReconcilerExecutor-hivemq-controller-53] DEBUG c.h.p.o.h.HiveMQPlatformReconcilerErrorHandler - [helmvolu] Pod 'test-hivemq-platform-2' phase Running
2025-01-30 04:05:10,167 INFO c.h.h.t.HelmChartContainer - [hivemq-test-hivemq-platform] [hivemq-platform-operator] [3cd2b14a] 04:05:10.166 [ReconcilerExecutor-hivemq-controller-53] DEBUG c.h.p.o.h.HiveMQPlatformReconcilerErrorHandler - [helmvolu] Pod 'test-hivemq-platform-1' phase Running
2025-01-30 04:05:10,167 INFO c.h.h.t.HelmChartContainer - [hivemq-test-hivemq-platform] [hivemq-platform-operator] [3cd2b14a] 04:05:10.167 [ReconcilerExecutor-hivemq-controller-53] DEBUG c.h.p.o.h.HiveMQPlatformReconcilerErrorHandler - [helmvolu] Pod 'test-hivemq-platform-0' phase Running
2025-01-30 04:05:10,168 INFO c.h.h.t.HelmChartContainer - [hivemq-test-hivemq-platform] [hivemq-platform-operator] [3cd2b14a] 04:05:10.167 [ReconcilerExecutor-hivemq-controller-53] DEBUG c.h.p.o.h.HiveMQPlatformReconcilerRollingRestartHandler - [helmvolu] Rolling restart is waiting for 2 of 3 replicas
2025-01-30 04:05:10,216 INFO c.h.h.t.HelmChartContainer - [EVENT] Warning [Unhealthy] Readiness probe failed: HTTP probe failed with statuscode: 503 [helmvolumeclaimtemplatesit:test-hivemq-platform-1]
2025-01-30 04:05:10,216 INFO c.h.h.t.HelmChartContainer - Received Unhealthy event for container hivemq in pod test-hivemq-platform-1 [e2626fa8-0aa5-430c-a9c0-96bd0f0575a7]
2025-01-30 04:05:10,710 INFO c.h.h.t.HelmChartContainer - [test-hivemq-platform] [hivemq] [e2626fa8] INFO  - Starting HiveMQ Enterprise Server
2025-01-30 04:05:10,716 INFO c.h.h.t.HelmChartContainer - [test-hivemq-platform] [hivemq] [e2626fa8] INFO  - HiveMQ version: 4.36.0
2025-01-30 04:05:10,716 INFO c.h.h.t.HelmChartContainer - [test-hivemq-platform] [hivemq] [e2626fa8] INFO  - HiveMQ home directory: /opt/hivemq
2025-01-30 04:05:10,717 INFO c.h.h.t.HelmChartContainer - [test-hivemq-platform] [hivemq] [e2626fa8] INFO  - Log Configuration was overridden by /opt/hivemq/conf/logback.xml
2025-01-30 04:05:11,812 INFO c.h.h.t.HelmChartContainer - [test-hivemq-platform] [hivemq] [e2626fa8] INFO  - Successfully loaded configuration from '/opt/hivemq/conf-k8s/config.xml'.
2025-01-30 04:05:12,192 INFO c.h.h.t.HelmChartContainer - [test-hivemq-platform] [hivemq] [e2626fa8] INFO  - This node's ID is XE6uQ
2025-01-30 04:05:12,492 INFO c.h.h.t.HelmChartContainer - [test-hivemq-platform] [hivemq] [e2626fa8] INFO  - Clustering is enabled
2025-01-30 04:05:15,412 INFO c.h.h.t.HelmChartContainer - [test-hivemq-platform] [hivemq] [e2626fa8] WARN  - [HiveMQ Platform Operator Init App 1.7.0-SNAPSHOT] Cannot connect to Health API for readiness: null
2025-01-30 04:05:15,416 INFO c.h.h.t.HelmChartContainer - [EVENT] Warning [Unhealthy] Readiness probe failed: HTTP probe failed with statuscode: 503 [helmvolumeclaimtemplatesit:test-hivemq-platform-1]
2025-01-30 04:05:15,417 INFO c.h.h.t.HelmChartContainer - Received Unhealthy event for container hivemq in pod test-hivemq-platform-1 [e2626fa8-0aa5-430c-a9c0-96bd0f0575a7]
2025-01-30 04:05:17,110 INFO c.h.h.t.HelmChartContainer - [test-hivemq-platform] [hivemq] [e2626fa8] WARN  - [HiveMQ Platform Operator Init App 1.7.0-SNAPSHOT] Cannot connect to Health API for liveness: null
2025-01-30 04:05:17,110 INFO c.h.h.t.HelmChartContainer - [test-hivemq-platform] [hivemq] [e2626fa8] INFO  - [HiveMQ Platform Operator Init App 1.7.0-SNAPSHOT] Returning default Health API response 200 for liveness
2025-01-30 04:05:20,172 INFO c.h.h.t.HelmChartContainer - [hivemq-test-hivemq-platform] [hivemq-platform-operator] [3cd2b14a] 04:05:20.170 [pool-6-thread-3] DEBUG c.h.p.o.d.PlatformServiceResource - [helmvolu] Desired Platform services (3 services)
2025-01-30 04:05:20,173 INFO c.h.h.t.HelmChartContainer - [hivemq-test-hivemq-platform] [hivemq-platform-operator] [3cd2b14a] 04:05:20.171 [pool-6-thread-10] DEBUG c.h.p.o.dependants.PodInfoConfigMap - [helmvolu] Desired PodInfo ConfigMap (1 extensions) (1 enabled)
2025-01-30 04:05:20,173 INFO c.h.h.t.HelmChartContainer - [hivemq-test-hivemq-platform] [hivemq-platform-operator] [3cd2b14a] 04:05:20.171 [pool-6-thread-10] DEBUG c.h.p.o.dependants.PodInfoConfigMap - [helmvolu] Desired PodInfo ConfigMap (metrics port: 9399) (metrics path: /)
2025-01-30 04:05:20,173 INFO c.h.h.t.HelmChartContainer - [hivemq-test-hivemq-platform] [hivemq-platform-operator] [3cd2b14a] 04:05:20.171 [pool-6-thread-10] DEBUG c.h.p.o.dependants.PodInfoConfigMap - [helmvolu] Desired PodInfo ConfigMap (extension state hash: -1817474005)
2025-01-30 04:05:20,173 INFO c.h.h.t.HelmChartContainer - [hivemq-test-hivemq-platform] [hivemq-platform-operator] [3cd2b14a] 04:05:20.171 [pool-6-thread-8] DEBUG c.h.p.o.d.PodServiceAccountResource - [helmvolu] Desired PodServiceAccountResource (serviceAccountName: hivemq-platform-pod-test-hivemq-platform)
2025-01-30 04:05:20,175 INFO c.h.h.t.HelmChartContainer - [hivemq-test-hivemq-platform] [hivemq-platform-operator] [3cd2b14a] 04:05:20.174 [pool-6-thread-3] DEBUG c.h.p.o.d.StatefulSetResource - [helmvolu] Desired StatefulSet (3 replicas) for status ROLLING_RESTART (RESTART_PODS_IN_PROGRESS)
2025-01-30 04:05:20,179 INFO c.h.h.t.HelmChartContainer - [hivemq-test-hivemq-platform] [hivemq-platform-operator] [3cd2b14a] 04:05:20.177 [ReconcilerExecutor-hivemq-controller-54] INFO  c.h.p.o.HiveMQPlatformReconciler - [helmvolu] Reconciling HiveMQ Platform 'test-hivemq-platform' in namespace 'helmvolumeclaimtemplatesit'
2025-01-30 04:05:20,179 INFO c.h.h.t.HelmChartContainer - [hivemq-test-hivemq-platform] [hivemq-platform-operator] [3cd2b14a] 04:05:20.177 [ReconcilerExecutor-hivemq-controller-54] DEBUG c.h.p.o.HiveMQPlatformReconciler - [helmvolu] Custom Resource Status ROLLING_RESTART - HiveMQ Platform is restarting Pods (rolling restart) (RESTART_PODS_IN_PROGRESS)
2025-01-30 04:05:20,179 INFO c.h.h.t.HelmChartContainer - [hivemq-test-hivemq-platform] [hivemq-platform-operator] [3cd2b14a] 04:05:20.177 [ReconcilerExecutor-hivemq-controller-54] DEBUG c.h.p.o.HiveMQPlatformReconciler - [helmvolu] Custom Resource Spec (replicas: 2) (extensions: 1)
2025-01-30 04:05:20,179 INFO c.h.h.t.HelmChartContainer - [hivemq-test-hivemq-platform] [hivemq-platform-operator] [3cd2b14a] 04:05:20.178 [ReconcilerExecutor-hivemq-controller-54] DEBUG c.h.p.o.HiveMQPlatformReconciler - [helmvolu] StatefulSet Status (revision: test-hivemq-platform-59475f86c9, replicas: 3, available: 2, ready: 2, current: 1, updated: 2)
2025-01-30 04:05:20,179 INFO c.h.h.t.HelmChartContainer - [hivemq-test-hivemq-platform] [hivemq-platform-operator] [3cd2b14a] 04:05:20.178 [ReconcilerExecutor-hivemq-controller-54] DEBUG c.h.p.o.HiveMQPlatformReconciler - [helmvolu] StatefulSet Spec (replicas: 3, init containers: 1, containers: 1, volumes: 4)
2025-01-30 04:05:20,180 INFO c.h.h.t.HelmChartContainer - [hivemq-test-hivemq-platform] [hivemq-platform-operator] [3cd2b14a] 04:05:20.179 [ReconcilerExecutor-hivemq-controller-54] DEBUG c.h.p.o.h.HiveMQPlatformReconcilerErrorHandler - [helmvolu] Pod 'test-hivemq-platform-2' phase Running
2025-01-30 04:05:20,181 INFO c.h.h.t.HelmChartContainer - [hivemq-test-hivemq-platform] [hivemq-platform-operator] [3cd2b14a] 04:05:20.180 [ReconcilerExecutor-hivemq-controller-54] DEBUG c.h.p.o.h.HiveMQPlatformReconcilerErrorHandler - [helmvolu] Pod 'test-hivemq-platform-1' phase Running
2025-01-30 04:05:20,182 INFO c.h.h.t.HelmChartContainer - [hivemq-test-hivemq-platform] [hivemq-platform-operator] [3cd2b14a] 04:05:20.181 [ReconcilerExecutor-hivemq-controller-54] DEBUG c.h.p.o.h.HiveMQPlatformReconcilerErrorHandler - [helmvolu] Pod 'test-hivemq-platform-0' phase Running
2025-01-30 04:05:20,182 INFO c.h.h.t.HelmChartContainer - [hivemq-test-hivemq-platform] [hivemq-platform-operator] [3cd2b14a] 04:05:20.181 [ReconcilerExecutor-hivemq-controller-54] DEBUG c.h.p.o.h.HiveMQPlatformReconcilerRollingRestartHandler - [helmvolu] Rolling restart is waiting for 2 of 3 replicas
2025-01-30 04:05:20,190 INFO c.h.h.t.HelmChartContainer - [test-hivemq-platform] [hivemq] [e2626fa8] WARN  - [HiveMQ Platform Operator Init App 1.7.0-SNAPSHOT] Cannot connect to Health API for readiness: null
2025-01-30 04:05:20,195 INFO c.h.h.t.HelmChartContainer - [EVENT] Warning [Unhealthy] Readiness probe failed: HTTP probe failed with statuscode: 503 [helmvolumeclaimtemplatesit:test-hivemq-platform-1]
2025-01-30 04:05:20,195 INFO c.h.h.t.HelmChartContainer - Received Unhealthy event for container hivemq in pod test-hivemq-platform-1 [e2626fa8-0aa5-430c-a9c0-96bd0f0575a7]
2025-01-30 04:05:25,210 INFO c.h.h.t.HelmChartContainer - [test-hivemq-platform] [hivemq] [e2626fa8] WARN  - [HiveMQ Platform Operator Init App 1.7.0-SNAPSHOT] Cannot connect to Health API for readiness: null
2025-01-30 04:05:25,216 INFO c.h.h.t.HelmChartContainer - [EVENT] Warning [Unhealthy] Readiness probe failed: HTTP probe failed with statuscode: 503 [helmvolumeclaimtemplatesit:test-hivemq-platform-1]
2025-01-30 04:05:25,216 INFO c.h.h.t.HelmChartContainer - Received Unhealthy event for container hivemq in pod test-hivemq-platform-1 [e2626fa8-0aa5-430c-a9c0-96bd0f0575a7]
2025-01-30 04:05:25,919 INFO c.h.h.t.HelmChartContainer - [test-hivemq-platform] [hivemq] [e2626fa8] INFO  - No valid license file found. Using trial license, restricted to 25 connections.
2025-01-30 04:05:29,719 INFO c.h.h.t.HelmChartContainer - [test-hivemq-platform] [hivemq] [e2626fa8] INFO  - No valid license file for Data Hub found. Using free license, restricted to 1 policy.
2025-01-30 04:05:30,188 INFO c.h.h.t.HelmChartContainer - [hivemq-test-hivemq-platform] [hivemq-platform-operator] [3cd2b14a] 04:05:30.185 [pool-6-thread-16] DEBUG c.h.p.o.d.PlatformServiceResource - [helmvolu] Desired Platform services (3 services)
2025-01-30 04:05:30,189 INFO c.h.h.t.HelmChartContainer - [hivemq-test-hivemq-platform] [hivemq-platform-operator] [3cd2b14a] 04:05:30.185 [pool-6-thread-12] DEBUG c.h.p.o.dependants.PodInfoConfigMap - [helmvolu] Desired PodInfo ConfigMap (1 extensions) (1 enabled)
2025-01-30 04:05:30,189 INFO c.h.h.t.HelmChartContainer - [hivemq-test-hivemq-platform] [hivemq-platform-operator] [3cd2b14a] 04:05:30.185 [pool-6-thread-12] DEBUG c.h.p.o.dependants.PodInfoConfigMap - [helmvolu] Desired PodInfo ConfigMap (metrics port: 9399) (metrics path: /)
2025-01-30 04:05:30,189 INFO c.h.h.t.HelmChartContainer - [hivemq-test-hivemq-platform] [hivemq-platform-operator] [3cd2b14a] 04:05:30.185 [pool-6-thread-12] DEBUG c.h.p.o.dependants.PodInfoConfigMap - [helmvolu] Desired PodInfo ConfigMap (extension state hash: -1817474005)
2025-01-30 04:05:30,189 INFO c.h.h.t.HelmChartContainer - [hivemq-test-hivemq-platform] [hivemq-platform-operator] [3cd2b14a] 04:05:30.187 [pool-6-thread-12] DEBUG c.h.p.o.d.PodServiceAccountResource - [helmvolu] Desired PodServiceAccountResource (serviceAccountName: hivemq-platform-pod-test-hivemq-platform)
2025-01-30 04:05:30,193 INFO c.h.h.t.HelmChartContainer - [hivemq-test-hivemq-platform] [hivemq-platform-operator] [3cd2b14a] 04:05:30.191 [pool-6-thread-16] DEBUG c.h.p.o.d.StatefulSetResource - [helmvolu] Desired StatefulSet (3 replicas) for status ROLLING_RESTART (RESTART_PODS_IN_PROGRESS)
2025-01-30 04:05:30,195 INFO c.h.h.t.HelmChartContainer - [hivemq-test-hivemq-platform] [hivemq-platform-operator] [3cd2b14a] 04:05:30.194 [ReconcilerExecutor-hivemq-controller-65] INFO  c.h.p.o.HiveMQPlatformReconciler - [helmvolu] Reconciling HiveMQ Platform 'test-hivemq-platform' in namespace 'helmvolumeclaimtemplatesit'
2025-01-30 04:05:30,196 INFO c.h.h.t.HelmChartContainer - [hivemq-test-hivemq-platform] [hivemq-platform-operator] [3cd2b14a] 04:05:30.194 [ReconcilerExecutor-hivemq-controller-65] DEBUG c.h.p.o.HiveMQPlatformReconciler - [helmvolu] Custom Resource Status ROLLING_RESTART - HiveMQ Platform is restarting Pods (rolling restart) (RESTART_PODS_IN_PROGRESS)
2025-01-30 04:05:30,196 INFO c.h.h.t.HelmChartContainer - [hivemq-test-hivemq-platform] [hivemq-platform-operator] [3cd2b14a] 04:05:30.194 [ReconcilerExecutor-hivemq-controller-65] DEBUG c.h.p.o.HiveMQPlatformReconciler - [helmvolu] Custom Resource Spec (replicas: 2) (extensions: 1)
2025-01-30 04:05:30,197 INFO c.h.h.t.HelmChartContainer - [hivemq-test-hivemq-platform] [hivemq-platform-operator] [3cd2b14a] 04:05:30.196 [ReconcilerExecutor-hivemq-controller-65] DEBUG c.h.p.o.HiveMQPlatformReconciler - [helmvolu] StatefulSet Status (revision: test-hivemq-platform-59475f86c9, replicas: 3, available: 2, ready: 2, current: 1, updated: 2)
2025-01-30 04:05:30,198 INFO c.h.h.t.HelmChartContainer - [hivemq-test-hivemq-platform] [hivemq-platform-operator] [3cd2b14a] 04:05:30.196 [ReconcilerExecutor-hivemq-controller-65] DEBUG c.h.p.o.HiveMQPlatformReconciler - [helmvolu] StatefulSet Spec (replicas: 3, init containers: 1, containers: 1, volumes: 4)
2025-01-30 04:05:30,199 INFO c.h.h.t.HelmChartContainer - [hivemq-test-hivemq-platform] [hivemq-platform-operator] [3cd2b14a] 04:05:30.197 [ReconcilerExecutor-hivemq-controller-65] DEBUG c.h.p.o.h.HiveMQPlatformReconcilerErrorHandler - [helmvolu] Pod 'test-hivemq-platform-2' phase Running
2025-01-30 04:05:30,200 INFO c.h.h.t.HelmChartContainer - [hivemq-test-hivemq-platform] [hivemq-platform-operator] [3cd2b14a] 04:05:30.197 [ReconcilerExecutor-hivemq-controller-65] DEBUG c.h.p.o.h.HiveMQPlatformReconcilerErrorHandler - [helmvolu] Pod 'test-hivemq-platform-1' phase Running
2025-01-30 04:05:30,201 INFO c.h.h.t.HelmChartContainer - [hivemq-test-hivemq-platform] [hivemq-platform-operator] [3cd2b14a] 04:05:30.199 [ReconcilerExecutor-hivemq-controller-65] DEBUG c.h.p.o.h.HiveMQPlatformReconcilerErrorHandler - [helmvolu] Pod 'test-hivemq-platform-0' phase Running
2025-01-30 04:05:30,202 INFO c.h.h.t.HelmChartContainer - [hivemq-test-hivemq-platform] [hivemq-platform-operator] [3cd2b14a] 04:05:30.200 [ReconcilerExecutor-hivemq-controller-65] DEBUG c.h.p.o.h.HiveMQPlatformReconcilerRollingRestartHandler - [helmvolu] Rolling restart is waiting for 2 of 3 replicas
2025-01-30 04:05:30,213 INFO c.h.h.t.HelmChartContainer - [test-hivemq-platform] [hivemq] [e2626fa8] WARN  - [HiveMQ Platform Operator Init App 1.7.0-SNAPSHOT] Cannot connect to Health API for readiness: null
2025-01-30 04:05:30,219 INFO c.h.h.t.HelmChartContainer - [EVENT] Warning [Unhealthy] Readiness probe failed: HTTP probe failed with statuscode: 503 [helmvolumeclaimtemplatesit:test-hivemq-platform-1]
2025-01-30 04:05:30,219 INFO c.h.h.t.HelmChartContainer - Received Unhealthy event for container hivemq in pod test-hivemq-platform-1 [e2626fa8-0aa5-430c-a9c0-96bd0f0575a7]
2025-01-30 04:05:30,925 INFO c.h.h.t.HelmChartContainer - [test-hivemq-platform] [hivemq] [e2626fa8] INFO  - Audit Logger started.
2025-01-30 04:05:31,212 INFO c.h.h.t.HelmChartContainer - [test-hivemq-platform] [hivemq] [e2626fa8] INFO  - This node uses '1' CPU cores.
2025-01-30 04:05:31,217 INFO c.h.h.t.HelmChartContainer - [test-hivemq-platform] [hivemq] [e2626fa8] INFO  - Starting HiveMQ Health API on address 0.0.0.0 and port 8889
2025-01-30 04:05:32,217 INFO c.h.h.t.HelmChartContainer - [test-hivemq-platform] [hivemq] [e2626fa8] INFO  - Started HiveMQ Health API in 1000ms
2025-01-30 04:05:32,932 INFO c.h.h.t.HelmChartContainer - [test-hivemq-platform] [hivemq] [e2626fa8] INFO  - Starting HiveMQ extension system.
2025-01-30 04:05:33,190 INFO c.h.h.t.HelmChartContainer - [test-hivemq-platform] [hivemq] [e2626fa8] INFO  - Starting extension with id "hivemq-dns-cluster-discovery" at /opt/hivemq/extensions/hivemq-dns-cluster-discovery
2025-01-30 04:05:33,618 INFO c.h.h.t.HelmChartContainer - [test-hivemq-platform] [hivemq] [e2626fa8] INFO  - Extension "DNS Cluster Discovery Extension" version 4.3.2 started successfully.
2025-01-30 04:05:33,618 INFO c.h.h.t.HelmChartContainer - [test-hivemq-platform] [hivemq] [e2626fa8] INFO  - Starting extension with id "hivemq-prometheus-extension" at /opt/hivemq/extensions/hivemq-prometheus-extension
2025-01-30 04:05:33,714 INFO c.h.h.t.HelmChartContainer - [test-hivemq-platform] [hivemq] [e2626fa8] INFO  - Using TCP cluster transport on address 10.42.0.14 and port 7000
2025-01-30 04:05:33,817 INFO c.h.h.t.HelmChartContainer - [test-hivemq-platform] [hivemq] [e2626fa8] INFO  - Using extension cluster discovery
2025-01-30 04:05:34,520 INFO c.h.h.t.HelmChartContainer - [test-hivemq-platform] [hivemq] [e2626fa8] INFO  - Started Jetty Server exposing Prometheus Servlet on URI http://0.0.0.0:9399/
2025-01-30 04:05:34,520 INFO c.h.h.t.HelmChartContainer - [test-hivemq-platform] [hivemq] [e2626fa8] INFO  - Extension "Prometheus Monitoring Extension" version 4.0.12 started successfully.
2025-01-30 04:05:34,520 INFO c.h.h.t.HelmChartContainer - [test-hivemq-platform] [hivemq] [e2626fa8] INFO  - Starting extension with id "hivemq-allow-all-extension" at /opt/hivemq/extensions/hivemq-allow-all-extension
2025-01-30 04:05:34,520 INFO c.h.h.t.HelmChartContainer - [test-hivemq-platform] [hivemq] [e2626fa8] WARN  - 
2025-01-30 04:05:34,520 INFO c.h.h.t.HelmChartContainer - [test-hivemq-platform] [hivemq] [e2626fa8] ################################################################################################################
2025-01-30 04:05:34,520 INFO c.h.h.t.HelmChartContainer - [test-hivemq-platform] [hivemq] [e2626fa8] # This HiveMQ deployment is not secure! You are lacking Authentication and Authorization.                      #
2025-01-30 04:05:34,520 INFO c.h.h.t.HelmChartContainer - [test-hivemq-platform] [hivemq] [e2626fa8] # Right now any MQTT client can connect to the broker with a full set of permissions.                          #
2025-01-30 04:05:34,520 INFO c.h.h.t.HelmChartContainer - [test-hivemq-platform] [hivemq] [e2626fa8] # For production usage, add an appropriate security extension and remove the hivemq-allow-all extension.       #
2025-01-30 04:05:34,520 INFO c.h.h.t.HelmChartContainer - [test-hivemq-platform] [hivemq] [e2626fa8] # You can download security extensions from the HiveMQ Marketplace (https://www.hivemq.com/extensions/).       #
2025-01-30 04:05:34,520 INFO c.h.h.t.HelmChartContainer - [test-hivemq-platform] [hivemq] [e2626fa8] ################################################################################################################
2025-01-30 04:05:34,520 INFO c.h.h.t.HelmChartContainer - [test-hivemq-platform] [hivemq] [e2626fa8] INFO  - Extension "Allow All Extension" version 1.1.1 started successfully.
2025-01-30 04:05:34,691 INFO c.h.h.t.HelmChartContainer - [test-hivemq-platform] [hivemq] [c78b1b68] INFO  - Cluster nodes found by discovery: [ph5t9|4] (3) [ph5t9, 6Dgwi, XE6uQ].
2025-01-30 04:05:34,693 INFO c.h.h.t.HelmChartContainer - [test-hivemq-platform] [hivemq] [1fef601f] INFO  - Cluster nodes found by discovery: [ph5t9|4] (3) [ph5t9, 6Dgwi, XE6uQ].
2025-01-30 04:05:34,717 INFO c.h.h.t.HelmChartContainer - [test-hivemq-platform] [hivemq] [e2626fa8] INFO  - Cluster nodes found by discovery: [ph5t9|4] (3) [ph5t9, 6Dgwi, XE6uQ].
2025-01-30 04:05:34,824 INFO c.h.h.t.HelmChartContainer - [test-hivemq-platform] [hivemq] [e2626fa8] INFO  - Cluster size = 1, members : [ph5t9].
2025-01-30 04:05:34,827 INFO c.h.h.t.HelmChartContainer - [test-hivemq-platform] [hivemq] [e2626fa8] INFO  - Cluster size = 2, members : [6Dgwi, ph5t9].
2025-01-30 04:05:35,136 INFO c.h.h.t.HelmChartContainer - [test-hivemq-platform] [hivemq] [e2626fa8] INFO  - Starting cluster join process. This may take a while. Please do not shut down HiveMQ.
2025-01-30 04:05:35,137 INFO c.h.h.t.HelmChartContainer - [test-hivemq-platform] [hivemq] [e2626fa8] INFO  - Cluster join process is still ongoing. Please do not shut down HiveMQ.
2025-01-30 04:05:35,819 INFO c.h.h.t.HelmChartContainer - [test-hivemq-platform] [hivemq] [e2626fa8] INFO  - [HiveMQ Platform Operator Init App 1.7.0-SNAPSHOT] Returning Health API response 503 for readiness
2025-01-30 04:05:35,824 INFO c.h.h.t.HelmChartContainer - [EVENT] Warning [Unhealthy] Readiness probe failed: HTTP probe failed with statuscode: 503 [helmvolumeclaimtemplatesit:test-hivemq-platform-1]
2025-01-30 04:05:35,824 INFO c.h.h.t.HelmChartContainer - Received Unhealthy event for container hivemq in pod test-hivemq-platform-1 [e2626fa8-0aa5-430c-a9c0-96bd0f0575a7]
2025-01-30 04:05:37,142 INFO c.h.h.t.HelmChartContainer - [test-hivemq-platform] [hivemq] [c78b1b68] INFO  - Cluster size = 3, members : [6Dgwi, ph5t9, XE6uQ].
2025-01-30 04:05:37,146 INFO c.h.h.t.HelmChartContainer - [test-hivemq-platform] [hivemq] [1fef601f] INFO  - Cluster size = 3, members : [6Dgwi, ph5t9, XE6uQ].
2025-01-30 04:05:37,163 INFO c.h.h.t.HelmChartContainer - [test-hivemq-platform] [hivemq] [e2626fa8] INFO  - Cluster size = 3, members : [6Dgwi, ph5t9, XE6uQ].
2025-01-30 04:05:37,163 INFO c.h.h.t.HelmChartContainer - [test-hivemq-platform] [hivemq] [e2626fa8] INFO  - Finished cluster join process successfully.
2025-01-30 04:05:37,165 INFO c.h.h.t.HelmChartContainer - [test-hivemq-platform] [hivemq] [e2626fa8] WARN  - No user for HiveMQ Control Center configured. Starting with default user
2025-01-30 04:05:37,167 INFO c.h.h.t.HelmChartContainer - [test-hivemq-platform] [hivemq] [e2626fa8] INFO  - Starting HiveMQ Control Center on address 0.0.0.0 and port 8080
2025-01-30 04:05:37,214 INFO c.h.h.t.HelmChartContainer - [test-hivemq-platform] [hivemq] [e2626fa8] INFO  - Mounting HiveMQ Control Center V2 Preview
2025-01-30 04:05:37,731 INFO c.h.h.t.HelmChartContainer - [test-hivemq-platform] [hivemq] [e2626fa8] INFO  - Started HiveMQ Control Center in 566ms
2025-01-30 04:05:37,822 INFO c.h.h.t.HelmChartContainer - [test-hivemq-platform] [hivemq] [e2626fa8] INFO  - Starting TCP listener on address 0.0.0.0 and port 1884
2025-01-30 04:05:37,911 INFO c.h.h.t.HelmChartContainer - [test-hivemq-platform] [hivemq] [e2626fa8] INFO  - Started TCP Listener on address 0.0.0.0 and on port 1884.
2025-01-30 04:05:37,912 INFO c.h.h.t.HelmChartContainer - [test-hivemq-platform] [hivemq] [e2626fa8] INFO  - Started HiveMQ in 27516ms
2025-01-30 04:05:40,139 INFO c.h.h.t.HelmChartContainer - [test-hivemq-platform] [hivemq] [e2626fa8] INFO  - [HiveMQ Platform Operator Init App 1.7.0-SNAPSHOT] Returning Health API response 200 for readiness
2025-01-30 04:05:40,152 INFO c.h.h.t.HelmChartContainer - [POD] test-hivemq-platform-1 [e2626fa8-0aa5-430c-a9c0-96bd0f0575a7] in helmvolumeclaimtemplatesit was MODIFIED
2025-01-30 04:05:40,156 INFO c.h.h.t.HelmChartContainer - [hivemq-test-hivemq-platform] [hivemq-platform-operator] [3cd2b14a] 04:05:40.155 [pool-6-thread-25] DEBUG c.h.p.o.d.PodServiceAccountResource - [helmvolu] Desired PodServiceAccountResource (serviceAccountName: hivemq-platform-pod-test-hivemq-platform)
2025-01-30 04:05:40,167 INFO c.h.h.t.HelmChartContainer - [hivemq-test-hivemq-platform] [hivemq-platform-operator] [3cd2b14a] 04:05:40.155 [pool-6-thread-28] DEBUG c.h.p.o.d.PlatformServiceResource - [helmvolu] Desired Platform services (3 services)
2025-01-30 04:05:40,167 INFO c.h.h.t.HelmChartContainer - [hivemq-test-hivemq-platform] [hivemq-platform-operator] [3cd2b14a] 04:05:40.155 [pool-6-thread-21] DEBUG c.h.p.o.dependants.PodInfoConfigMap - [helmvolu] Desired PodInfo ConfigMap (1 extensions) (1 enabled)
2025-01-30 04:05:40,167 INFO c.h.h.t.HelmChartContainer - [hivemq-test-hivemq-platform] [hivemq-platform-operator] [3cd2b14a] 04:05:40.159 [pool-6-thread-21] DEBUG c.h.p.o.dependants.PodInfoConfigMap - [helmvolu] Desired PodInfo ConfigMap (metrics port: 9399) (metrics path: /)
2025-01-30 04:05:40,167 INFO c.h.h.t.HelmChartContainer - [hivemq-test-hivemq-platform] [hivemq-platform-operator] [3cd2b14a] 04:05:40.159 [pool-6-thread-21] DEBUG c.h.p.o.dependants.PodInfoConfigMap - [helmvolu] Desired PodInfo ConfigMap (extension state hash: -1817474005)
2025-01-30 04:05:40,167 INFO c.h.h.t.HelmChartContainer - [hivemq-test-hivemq-platform] [hivemq-platform-operator] [3cd2b14a] 04:05:40.162 [pool-6-thread-28] DEBUG c.h.p.o.d.StatefulSetResource - [helmvolu] Desired StatefulSet (3 replicas) for status ROLLING_RESTART (RESTART_PODS_IN_PROGRESS)
2025-01-30 04:05:40,170 INFO c.h.h.t.HelmChartContainer - [hivemq-test-hivemq-platform] [hivemq-platform-operator] [3cd2b14a] 04:05:40.169 [ReconcilerExecutor-hivemq-controller-76] INFO  c.h.p.o.HiveMQPlatformReconciler - [helmvolu] Reconciling HiveMQ Platform 'test-hivemq-platform' in namespace 'helmvolumeclaimtemplatesit'
2025-01-30 04:05:40,170 INFO c.h.h.t.HelmChartContainer - [hivemq-test-hivemq-platform] [hivemq-platform-operator] [3cd2b14a] 04:05:40.169 [ReconcilerExecutor-hivemq-controller-76] DEBUG c.h.p.o.HiveMQPlatformReconciler - [helmvolu] Custom Resource Status ROLLING_RESTART - HiveMQ Platform is restarting Pods (rolling restart) (RESTART_PODS_IN_PROGRESS)
2025-01-30 04:05:40,170 INFO c.h.h.t.HelmChartContainer - [hivemq-test-hivemq-platform] [hivemq-platform-operator] [3cd2b14a] 04:05:40.169 [ReconcilerExecutor-hivemq-controller-76] DEBUG c.h.p.o.HiveMQPlatformReconciler - [helmvolu] Custom Resource Spec (replicas: 2) (extensions: 1)
2025-01-30 04:05:40,172 INFO c.h.h.t.HelmChartContainer - [hivemq-test-hivemq-platform] [hivemq-platform-operator] [3cd2b14a] 04:05:40.170 [ReconcilerExecutor-hivemq-controller-76] DEBUG c.h.p.o.HiveMQPlatformReconciler - [helmvolu] StatefulSet Status (revision: test-hivemq-platform-59475f86c9, replicas: 3, available: 3, ready: 3, current: 1, updated: 2)
2025-01-30 04:05:40,172 INFO c.h.h.t.HelmChartContainer - [hivemq-test-hivemq-platform] [hivemq-platform-operator] [3cd2b14a] 04:05:40.170 [ReconcilerExecutor-hivemq-controller-76] DEBUG c.h.p.o.HiveMQPlatformReconciler - [helmvolu] StatefulSet Spec (replicas: 3, init containers: 1, containers: 1, volumes: 4)
2025-01-30 04:05:40,172 INFO c.h.h.t.HelmChartContainer - [hivemq-test-hivemq-platform] [hivemq-platform-operator] [3cd2b14a] 04:05:40.171 [ReconcilerExecutor-hivemq-controller-76] DEBUG c.h.p.o.h.HiveMQPlatformReconcilerErrorHandler - [helmvolu] Pod 'test-hivemq-platform-2' phase Running
2025-01-30 04:05:40,173 INFO c.h.h.t.HelmChartContainer - [hivemq-test-hivemq-platform] [hivemq-platform-operator] [3cd2b14a] 04:05:40.172 [ReconcilerExecutor-hivemq-controller-76] DEBUG c.h.p.o.h.HiveMQPlatformReconcilerErrorHandler - [helmvolu] Pod 'test-hivemq-platform-1' phase Running
2025-01-30 04:05:40,174 INFO c.h.h.t.HelmChartContainer - [hivemq-test-hivemq-platform] [hivemq-platform-operator] [3cd2b14a] 04:05:40.173 [ReconcilerExecutor-hivemq-controller-76] DEBUG c.h.p.o.h.HiveMQPlatformReconcilerErrorHandler - [helmvolu] Pod 'test-hivemq-platform-0' phase Running
2025-01-30 04:05:40,186 INFO c.h.h.t.HelmChartContainer - [hivemq-test-hivemq-platform] [hivemq-platform-operator] [3cd2b14a] 04:05:40.186 [ReconcilerExecutor-hivemq-controller-76] DEBUG c.h.p.o.h.HiveMQPlatformReconcilerRollingRestartHandler - [helmvolu] Skipping Pod test-hivemq-platform-2 as it's already on the controller update revision (update revision: test-hivemq-platform-59475f86c9, pod revision: test-hivemq-platform-59475f86c9)
2025-01-30 04:05:40,190 INFO c.h.h.t.HelmChartContainer - [hivemq-test-hivemq-platform] [hivemq-platform-operator] [3cd2b14a] 04:05:40.189 [ReconcilerExecutor-hivemq-controller-76] DEBUG c.h.p.o.h.HiveMQPlatformReconcilerRollingRestartHandler - [helmvolu] Skipping Pod test-hivemq-platform-1 as it's already on the controller update revision (update revision: test-hivemq-platform-59475f86c9, pod revision: test-hivemq-platform-59475f86c9)
2025-01-30 04:05:40,199 INFO c.h.h.t.HelmChartContainer - [hivemq-test-hivemq-platform] [hivemq-platform-operator] [3cd2b14a] 04:05:40.199 [ReconcilerExecutor-hivemq-controller-76] DEBUG c.h.p.o.h.HiveMQPlatformReconcilerRollingRestartHandler - [helmvolu] The last Pod is running for 54 seconds, the next Pod can be restarted
2025-01-30 04:05:40,200 INFO c.h.h.t.HelmChartContainer - [hivemq-test-hivemq-platform] [hivemq-platform-operator] [3cd2b14a] 04:05:40.199 [ReconcilerExecutor-hivemq-controller-76] INFO  c.h.p.o.h.HiveMQPlatformReconcilerRollingRestartHandler - [helmvolu] Restarting Pod test-hivemq-platform-0 as it's not matching the controller update revision (update revision: test-hivemq-platform-59475f86c9, pod revision: test-hivemq-platform-6c7bb94cbd)
2025-01-30 04:05:40,207 INFO c.h.h.t.HelmChartContainer - [POD] test-hivemq-platform-0 [c78b1b68-be50-4f3e-a288-d0cbc418d80a] in helmvolumeclaimtemplatesit was MODIFIED
2025-01-30 04:05:40,216 INFO c.h.h.t.HelmChartContainer - [hivemq-test-hivemq-platform] [hivemq-platform-operator] [3cd2b14a] 04:05:40.208 [pool-6-thread-40] DEBUG c.h.p.o.d.PlatformServiceResource - [helmvolu] Desired Platform services (3 services)
2025-01-30 04:05:40,216 INFO c.h.h.t.HelmChartContainer - [hivemq-test-hivemq-platform] [hivemq-platform-operator] [3cd2b14a] 04:05:40.212 [pool-6-thread-32] DEBUG c.h.p.o.d.PodServiceAccountResource - [helmvolu] Desired PodServiceAccountResource (serviceAccountName: hivemq-platform-pod-test-hivemq-platform)
2025-01-30 04:05:40,216 INFO c.h.h.t.HelmChartContainer - [hivemq-test-hivemq-platform] [hivemq-platform-operator] [3cd2b14a] 04:05:40.209 [pool-6-thread-36] DEBUG c.h.p.o.dependants.PodInfoConfigMap - [helmvolu] Desired PodInfo ConfigMap (1 extensions) (1 enabled)
2025-01-30 04:05:40,216 INFO c.h.h.t.HelmChartContainer - [hivemq-test-hivemq-platform] [hivemq-platform-operator] [3cd2b14a] 04:05:40.214 [pool-6-thread-36] DEBUG c.h.p.o.dependants.PodInfoConfigMap - [helmvolu] Desired PodInfo ConfigMap (metrics port: 9399) (metrics path: /)
2025-01-30 04:05:40,216 INFO c.h.h.t.HelmChartContainer - [hivemq-test-hivemq-platform] [hivemq-platform-operator] [3cd2b14a] 04:05:40.214 [pool-6-thread-36] DEBUG c.h.p.o.dependants.PodInfoConfigMap - [helmvolu] Desired PodInfo ConfigMap (extension state hash: -1817474005)
2025-01-30 04:05:40,220 INFO c.h.h.t.HelmChartContainer - [EVENT] Normal [Killing] Stopping container hivemq [helmvolumeclaimtemplatesit:test-hivemq-platform-0]
2025-01-30 04:05:40,220 INFO c.h.h.t.HelmChartContainer - Received Killing event for container hivemq in pod test-hivemq-platform-0 [c78b1b68-be50-4f3e-a288-d0cbc418d80a]
2025-01-30 04:05:40,220 INFO c.h.h.t.HelmChartContainer - Container [test-hivemq-platform-0] [hivemq] [c78b1b68-be50-4f3e-a288-d0cbc418d80a] was terminated
2025-01-30 04:05:40,220 INFO c.h.h.t.HelmChartContainer - Stopped log watcher for hivemq in pod test-hivemq-platform-0 [c78b1b68-be50-4f3e-a288-d0cbc418d80a]
2025-01-30 04:05:40,226 INFO c.h.h.t.HelmChartContainer - [test-hivemq-platform] [hivemq] [c78b1b68] INFO  - [HiveMQ Platform Operator Init App 1.7.0-SNAPSHOT] Shutting down
2025-01-30 04:05:40,226 INFO c.h.h.t.HelmChartContainer - [test-hivemq-platform] [hivemq] [c78b1b68] INFO  - [HiveMQ Platform Operator Init App 1.7.0-SNAPSHOT] Stopping the HiveMQ Platform
2025-01-30 04:05:40,228 INFO c.h.h.t.HelmChartContainer - [hivemq-test-hivemq-platform] [hivemq-platform-operator] [3cd2b14a] 04:05:40.216 [pool-6-thread-36] DEBUG c.h.p.o.d.StatefulSetResource - [helmvolu] Desired StatefulSet (3 replicas) for status ROLLING_RESTART (RESTART_PODS_IN_PROGRESS)
2025-01-30 04:05:40,287 INFO c.h.h.t.HelmChartContainer - [test-hivemq-platform] [hivemq] [c78b1b68] INFO  - Shutting down HiveMQ. Please wait, this could take a while...
2025-01-30 04:05:40,291 INFO c.h.h.t.HelmChartContainer - [hivemq-test-hivemq-platform] [hivemq-platform-operator] [3cd2b14a] 04:05:40.289 [ReconcilerExecutor-hivemq-controller-76] INFO  c.h.p.o.HiveMQPlatformReconciler - [helmvolu] Reconciling HiveMQ Platform 'test-hivemq-platform' in namespace 'helmvolumeclaimtemplatesit'
2025-01-30 04:05:40,291 INFO c.h.h.t.HelmChartContainer - [hivemq-test-hivemq-platform] [hivemq-platform-operator] [3cd2b14a] 04:05:40.289 [ReconcilerExecutor-hivemq-controller-76] DEBUG c.h.p.o.HiveMQPlatformReconciler - [helmvolu] Custom Resource Status ROLLING_RESTART - HiveMQ Platform is restarting Pods (rolling restart) (RESTART_PODS_IN_PROGRESS)
2025-01-30 04:05:40,291 INFO c.h.h.t.HelmChartContainer - [hivemq-test-hivemq-platform] [hivemq-platform-operator] [3cd2b14a] 04:05:40.289 [ReconcilerExecutor-hivemq-controller-76] DEBUG c.h.p.o.HiveMQPlatformReconciler - [helmvolu] Custom Resource Spec (replicas: 2) (extensions: 1)
2025-01-30 04:05:40,292 INFO c.h.h.t.HelmChartContainer - [hivemq-test-hivemq-platform] [hivemq-platform-operator] [3cd2b14a] 04:05:40.291 [ReconcilerExecutor-hivemq-controller-76] DEBUG c.h.p.o.HiveMQPlatformReconciler - [helmvolu] StatefulSet Status (revision: test-hivemq-platform-59475f86c9, replicas: 3, available: 3, ready: 3, current: 0, updated: 2)
2025-01-30 04:05:40,293 INFO c.h.h.t.HelmChartContainer - [hivemq-test-hivemq-platform] [hivemq-platform-operator] [3cd2b14a] 04:05:40.292 [ReconcilerExecutor-hivemq-controller-76] DEBUG c.h.p.o.HiveMQPlatformReconciler - [helmvolu] StatefulSet Spec (replicas: 3, init containers: 1, containers: 1, volumes: 4)
2025-01-30 04:05:40,296 INFO c.h.h.t.HelmChartContainer - [hivemq-test-hivemq-platform] [hivemq-platform-operator] [3cd2b14a] 04:05:40.293 [ReconcilerExecutor-hivemq-controller-76] DEBUG c.h.p.o.h.HiveMQPlatformReconcilerErrorHandler - [helmvolu] Pod 'test-hivemq-platform-2' phase Running
2025-01-30 04:05:40,296 INFO c.h.h.t.HelmChartContainer - [hivemq-test-hivemq-platform] [hivemq-platform-operator] [3cd2b14a] 04:05:40.294 [ReconcilerExecutor-hivemq-controller-76] DEBUG c.h.p.o.h.HiveMQPlatformReconcilerErrorHandler - [helmvolu] Pod 'test-hivemq-platform-1' phase Running
2025-01-30 04:05:40,296 INFO c.h.h.t.HelmChartContainer - [hivemq-test-hivemq-platform] [hivemq-platform-operator] [3cd2b14a] 04:05:40.295 [ReconcilerExecutor-hivemq-controller-76] DEBUG c.h.p.o.h.HiveMQPlatformReconcilerErrorHandler - [helmvolu] Pod 'test-hivemq-platform-0' phase Running
2025-01-30 04:05:40,300 INFO c.h.h.t.HelmChartContainer - [hivemq-test-hivemq-platform] [hivemq-platform-operator] [3cd2b14a] 04:05:40.300 [ReconcilerExecutor-hivemq-controller-76] DEBUG c.h.p.o.h.HiveMQPlatformReconcilerRollingRestartHandler - [helmvolu] Skipping Pod test-hivemq-platform-2 as it's already on the controller update revision (update revision: test-hivemq-platform-59475f86c9, pod revision: test-hivemq-platform-59475f86c9)
2025-01-30 04:05:40,304 INFO c.h.h.t.HelmChartContainer - [hivemq-test-hivemq-platform] [hivemq-platform-operator] [3cd2b14a] 04:05:40.303 [ReconcilerExecutor-hivemq-controller-76] DEBUG c.h.p.o.h.HiveMQPlatformReconcilerRollingRestartHandler - [helmvolu] Skipping Pod test-hivemq-platform-1 as it's already on the controller update revision (update revision: test-hivemq-platform-59475f86c9, pod revision: test-hivemq-platform-59475f86c9)
2025-01-30 04:05:40,344 INFO c.h.h.t.HelmChartContainer - [test-hivemq-platform] [hivemq] [c78b1b68] INFO  - Shutting down listeners and clients
2025-01-30 04:05:40,371 INFO c.h.h.t.HelmChartContainer - [test-hivemq-platform] [hivemq] [c78b1b68] INFO  - Shutdown of listeners is done
2025-01-30 04:05:40,372 INFO c.h.h.t.HelmChartContainer - [test-hivemq-platform] [hivemq] [c78b1b68] INFO  - No clients are connected, proceeding with shutdown
2025-01-30 04:05:40,392 INFO c.h.h.t.HelmChartContainer - [hivemq-test-hivemq-platform] [hivemq-platform-operator] [3cd2b14a] 04:05:40.391 [ReconcilerExecutor-hivemq-controller-76] DEBUG c.h.p.o.h.HiveMQPlatformReconcilerRollingRestartHandler - [helmvolu] The last Pod is running for 54 seconds, the next Pod can be restarted
2025-01-30 04:05:40,392 INFO c.h.h.t.HelmChartContainer - [hivemq-test-hivemq-platform] [hivemq-platform-operator] [3cd2b14a] 04:05:40.391 [ReconcilerExecutor-hivemq-controller-76] INFO  c.h.p.o.h.HiveMQPlatformReconcilerRollingRestartHandler - [helmvolu] Restarting Pod test-hivemq-platform-0 as it's not matching the controller update revision (update revision: test-hivemq-platform-59475f86c9, pod revision: test-hivemq-platform-6c7bb94cbd)
2025-01-30 04:05:40,399 INFO c.h.h.t.HelmChartContainer - [hivemq-test-hivemq-platform] [hivemq-platform-operator] [3cd2b14a] 04:05:40.397 [pool-6-thread-49] DEBUG c.h.p.o.d.PlatformServiceResource - [helmvolu] Desired Platform services (3 services)
2025-01-30 04:05:40,399 INFO c.h.h.t.HelmChartContainer - [hivemq-test-hivemq-platform] [hivemq-platform-operator] [3cd2b14a] 04:05:40.398 [pool-6-thread-45] DEBUG c.h.p.o.dependants.PodInfoConfigMap - [helmvolu] Desired PodInfo ConfigMap (1 extensions) (1 enabled)
2025-01-30 04:05:40,399 INFO c.h.h.t.HelmChartContainer - [hivemq-test-hivemq-platform] [hivemq-platform-operator] [3cd2b14a] 04:05:40.398 [pool-6-thread-45] DEBUG c.h.p.o.dependants.PodInfoConfigMap - [helmvolu] Desired PodInfo ConfigMap (metrics port: 9399) (metrics path: /)
2025-01-30 04:05:40,399 INFO c.h.h.t.HelmChartContainer - [hivemq-test-hivemq-platform] [hivemq-platform-operator] [3cd2b14a] 04:05:40.398 [pool-6-thread-45] DEBUG c.h.p.o.dependants.PodInfoConfigMap - [helmvolu] Desired PodInfo ConfigMap (extension state hash: -1817474005)
2025-01-30 04:05:40,400 INFO c.h.h.t.HelmChartContainer - [hivemq-test-hivemq-platform] [hivemq-platform-operator] [3cd2b14a] 04:05:40.398 [pool-6-thread-46] DEBUG c.h.p.o.d.PodServiceAccountResource - [helmvolu] Desired PodServiceAccountResource (serviceAccountName: hivemq-platform-pod-test-hivemq-platform)
2025-01-30 04:05:40,405 INFO c.h.h.t.HelmChartContainer - [hivemq-test-hivemq-platform] [hivemq-platform-operator] [3cd2b14a] 04:05:40.404 [pool-6-thread-49] DEBUG c.h.p.o.d.StatefulSetResource - [helmvolu] Desired StatefulSet (3 replicas) for status ROLLING_RESTART (RESTART_PODS_IN_PROGRESS)
2025-01-30 04:05:40,407 INFO c.h.h.t.HelmChartContainer - [hivemq-test-hivemq-platform] [hivemq-platform-operator] [3cd2b14a] 04:05:40.406 [ReconcilerExecutor-hivemq-controller-76] INFO  c.h.p.o.HiveMQPlatformReconciler - [helmvolu] Reconciling HiveMQ Platform 'test-hivemq-platform' in namespace 'helmvolumeclaimtemplatesit'
2025-01-30 04:05:40,407 INFO c.h.h.t.HelmChartContainer - [hivemq-test-hivemq-platform] [hivemq-platform-operator] [3cd2b14a] 04:05:40.407 [ReconcilerExecutor-hivemq-controller-76] DEBUG c.h.p.o.HiveMQPlatformReconciler - [helmvolu] Custom Resource Status ROLLING_RESTART - HiveMQ Platform is restarting Pods (rolling restart) (RESTART_PODS_IN_PROGRESS)
2025-01-30 04:05:40,407 INFO c.h.h.t.HelmChartContainer - [hivemq-test-hivemq-platform] [hivemq-platform-operator] [3cd2b14a] 04:05:40.407 [ReconcilerExecutor-hivemq-controller-76] DEBUG c.h.p.o.HiveMQPlatformReconciler - [helmvolu] Custom Resource Spec (replicas: 2) (extensions: 1)
2025-01-30 04:05:40,409 INFO c.h.h.t.HelmChartContainer - [hivemq-test-hivemq-platform] [hivemq-platform-operator] [3cd2b14a] 04:05:40.408 [ReconcilerExecutor-hivemq-controller-76] DEBUG c.h.p.o.HiveMQPlatformReconciler - [helmvolu] StatefulSet Status (revision: test-hivemq-platform-59475f86c9, replicas: 3, available: 3, ready: 3, current: 0, updated: 2)
2025-01-30 04:05:40,409 INFO c.h.h.t.HelmChartContainer - [hivemq-test-hivemq-platform] [hivemq-platform-operator] [3cd2b14a] 04:05:40.408 [ReconcilerExecutor-hivemq-controller-76] DEBUG c.h.p.o.HiveMQPlatformReconciler - [helmvolu] StatefulSet Spec (replicas: 3, init containers: 1, containers: 1, volumes: 4)
2025-01-30 04:05:40,489 INFO c.h.h.t.HelmChartContainer - [hivemq-test-hivemq-platform] [hivemq-platform-operator] [3cd2b14a] 04:05:40.487 [ReconcilerExecutor-hivemq-controller-76] DEBUG c.h.p.o.h.HiveMQPlatformReconcilerErrorHandler - [helmvolu] Pod 'test-hivemq-platform-2' phase Running
2025-01-30 04:05:40,490 INFO c.h.h.t.HelmChartContainer - [hivemq-test-hivemq-platform] [hivemq-platform-operator] [3cd2b14a] 04:05:40.488 [ReconcilerExecutor-hivemq-controller-76] DEBUG c.h.p.o.h.HiveMQPlatformReconcilerErrorHandler - [helmvolu] Pod 'test-hivemq-platform-1' phase Running
2025-01-30 04:05:40,490 INFO c.h.h.t.HelmChartContainer - [hivemq-test-hivemq-platform] [hivemq-platform-operator] [3cd2b14a] 04:05:40.488 [ReconcilerExecutor-hivemq-controller-76] DEBUG c.h.p.o.h.HiveMQPlatformReconcilerErrorHandler - [helmvolu] Pod 'test-hivemq-platform-0' phase Running
2025-01-30 04:05:40,497 INFO c.h.h.t.HelmChartContainer - [hivemq-test-hivemq-platform] [hivemq-platform-operator] [3cd2b14a] 04:05:40.495 [ReconcilerExecutor-hivemq-controller-76] DEBUG c.h.p.o.h.HiveMQPlatformReconcilerRollingRestartHandler - [helmvolu] Skipping Pod test-hivemq-platform-2 as it's already on the controller update revision (update revision: test-hivemq-platform-59475f86c9, pod revision: test-hivemq-platform-59475f86c9)
2025-01-30 04:05:40,501 INFO c.h.h.t.HelmChartContainer - [hivemq-test-hivemq-platform] [hivemq-platform-operator] [3cd2b14a] 04:05:40.499 [ReconcilerExecutor-hivemq-controller-76] DEBUG c.h.p.o.h.HiveMQPlatformReconcilerRollingRestartHandler - [helmvolu] Skipping Pod test-hivemq-platform-1 as it's already on the controller update revision (update revision: test-hivemq-platform-59475f86c9, pod revision: test-hivemq-platform-59475f86c9)
2025-01-30 04:05:40,512 INFO c.h.h.t.HelmChartContainer - [hivemq-test-hivemq-platform] [hivemq-platform-operator] [3cd2b14a] 04:05:40.511 [ReconcilerExecutor-hivemq-controller-76] DEBUG c.h.p.o.h.HiveMQPlatformReconcilerRollingRestartHandler - [helmvolu] The last Pod is running for 54 seconds, the next Pod can be restarted
2025-01-30 04:05:40,588 INFO c.h.h.t.HelmChartContainer - [hivemq-test-hivemq-platform] [hivemq-platform-operator] [3cd2b14a] 04:05:40.585 [ReconcilerExecutor-hivemq-controller-76] INFO  c.h.p.o.h.HiveMQPlatformReconcilerRollingRestartHandler - [helmvolu] Restarting Pod test-hivemq-platform-0 as it's not matching the controller update revision (update revision: test-hivemq-platform-59475f86c9, pod revision: test-hivemq-platform-6c7bb94cbd)
2025-01-30 04:05:43,064 INFO c.h.h.t.HelmChartContainer - [test-hivemq-platform] [hivemq] [c78b1b68] INFO  - Shutting down extension system
2025-01-30 04:05:43,068 INFO c.h.h.t.HelmChartContainer - [test-hivemq-platform] [hivemq] [c78b1b68] INFO  - Stopping extension with id hivemq-dns-cluster-discovery
2025-01-30 04:05:43,068 INFO c.h.h.t.HelmChartContainer - [test-hivemq-platform] [hivemq] [c78b1b68] INFO  - Extension "DNS Cluster Discovery Extension" version 4.3.2 stopped successfully.
2025-01-30 04:05:43,069 INFO c.h.h.t.HelmChartContainer - [test-hivemq-platform] [hivemq] [c78b1b68] INFO  - Stopping extension with id hivemq-prometheus-extension
2025-01-30 04:05:43,074 INFO c.h.h.t.HelmChartContainer - [test-hivemq-platform] [hivemq] [c78b1b68] INFO  - Extension "Prometheus Monitoring Extension" version 4.0.12 stopped successfully.
2025-01-30 04:05:43,075 INFO c.h.h.t.HelmChartContainer - [test-hivemq-platform] [hivemq] [c78b1b68] INFO  - Stopping extension with id hivemq-allow-all-extension
2025-01-30 04:05:43,075 INFO c.h.h.t.HelmChartContainer - [test-hivemq-platform] [hivemq] [c78b1b68] INFO  - Extension "Allow All Extension" version 1.1.1 stopped successfully.
2025-01-30 04:05:43,080 INFO c.h.h.t.HelmChartContainer - [test-hivemq-platform] [hivemq] [1fef601f] INFO  - Cluster nodes found by discovery: [6Dgwi|5] (2) [6Dgwi, XE6uQ].
2025-01-30 04:05:43,081 INFO c.h.h.t.HelmChartContainer - [test-hivemq-platform] [hivemq] [1fef601f] INFO  - Cluster size = 2, members : [6Dgwi, XE6uQ].
2025-01-30 04:05:43,086 INFO c.h.h.t.HelmChartContainer - [test-hivemq-platform] [hivemq] [e2626fa8] INFO  - Cluster nodes found by discovery: [6Dgwi|5] (2) [6Dgwi, XE6uQ].
2025-01-30 04:05:43,092 INFO c.h.h.t.HelmChartContainer - [test-hivemq-platform] [hivemq] [1fef601f] INFO  - Starting cluster replication process. This may take a while. Please do not shut down HiveMQ.
2025-01-30 04:05:43,102 INFO c.h.h.t.HelmChartContainer - [test-hivemq-platform] [hivemq] [e2626fa8] INFO  - Cluster size = 2, members : [6Dgwi, XE6uQ].
2025-01-30 04:05:43,107 INFO c.h.h.t.HelmChartContainer - [test-hivemq-platform] [hivemq] [e2626fa8] INFO  - Starting cluster replication process. This may take a while. Please do not shut down HiveMQ.
2025-01-30 04:05:43,404 INFO c.h.h.t.HelmChartContainer - [test-hivemq-platform] [hivemq] [1fef601f] INFO  - Finished cluster replication successfully in 312 ms.
2025-01-30 04:05:43,411 INFO c.h.h.t.HelmChartContainer - [test-hivemq-platform] [hivemq] [e2626fa8] INFO  - Finished cluster replication successfully in 304 ms.
2025-01-30 04:05:45,054 INFO c.h.h.t.HelmChartContainer - [test-hivemq-platform] [hivemq] [c78b1b68] INFO  - [HiveMQ Platform Operator Init App 1.7.0-SNAPSHOT] Returning shutdown Health API response 503 for readiness
2025-01-30 04:05:45,058 INFO c.h.h.t.HelmChartContainer - [EVENT] Warning [Unhealthy] Readiness probe failed: HTTP probe failed with statuscode: 503 [helmvolumeclaimtemplatesit:test-hivemq-platform-0]
2025-01-30 04:05:45,058 INFO c.h.h.t.HelmChartContainer - Received Unhealthy event for container hivemq in pod test-hivemq-platform-0 [c78b1b68-be50-4f3e-a288-d0cbc418d80a]
2025-01-30 04:05:45,354 INFO c.h.h.t.HelmChartContainer - [test-hivemq-platform] [hivemq] [c78b1b68] INFO  - Shutdown completed.
2025-01-30 04:05:45,703 INFO c.h.h.t.HelmChartContainer - [test-hivemq-platform] [hivemq] [c78b1b68] INFO  - [HiveMQ Platform Operator Init App 1.7.0-SNAPSHOT] The HiveMQ Platform exited with code 143
2025-01-30 04:05:45,703 INFO c.h.h.t.HelmChartContainer - [test-hivemq-platform] [hivemq] [c78b1b68] INFO  - [HiveMQ Platform Operator Init App 1.7.0-SNAPSHOT] Stopping the REST API
2025-01-30 04:05:45,712 INFO c.h.h.t.HelmChartContainer - [test-hivemq-platform] [hivemq] [c78b1b68] INFO  - [HiveMQ Platform Operator Init App 1.7.0-SNAPSHOT] Shutdown complete
2025-01-30 04:05:46,171 INFO c.h.h.t.HelmChartContainer - [POD] test-hivemq-platform-0 [c78b1b68-be50-4f3e-a288-d0cbc418d80a] in helmvolumeclaimtemplatesit was MODIFIED
2025-01-30 04:05:46,175 INFO c.h.h.t.HelmChartContainer - [hivemq-test-hivemq-platform] [hivemq-platform-operator] [3cd2b14a] 04:05:46.165 [pool-6-thread-10] DEBUG c.h.p.o.d.PlatformServiceResource - [helmvolu] Desired Platform services (3 services)
2025-01-30 04:05:46,175 INFO c.h.h.t.HelmChartContainer - [hivemq-test-hivemq-platform] [hivemq-platform-operator] [3cd2b14a] 04:05:46.167 [pool-6-thread-6] DEBUG c.h.p.o.d.PodServiceAccountResource - [helmvolu] Desired PodServiceAccountResource (serviceAccountName: hivemq-platform-pod-test-hivemq-platform)
2025-01-30 04:05:46,191 INFO c.h.h.t.HelmChartContainer - [hivemq-test-hivemq-platform] [hivemq-platform-operator] [3cd2b14a] 04:05:46.170 [pool-6-thread-8] DEBUG c.h.p.o.dependants.PodInfoConfigMap - [helmvolu] Desired PodInfo ConfigMap (1 extensions) (1 enabled)
2025-01-30 04:05:46,191 INFO c.h.h.t.HelmChartContainer - [hivemq-test-hivemq-platform] [hivemq-platform-operator] [3cd2b14a] 04:05:46.172 [pool-6-thread-8] DEBUG c.h.p.o.dependants.PodInfoConfigMap - [helmvolu] Desired PodInfo ConfigMap (metrics port: 9399) (metrics path: /)
2025-01-30 04:05:46,191 INFO c.h.h.t.HelmChartContainer - [hivemq-test-hivemq-platform] [hivemq-platform-operator] [3cd2b14a] 04:05:46.173 [pool-6-thread-8] DEBUG c.h.p.o.dependants.PodInfoConfigMap - [helmvolu] Desired PodInfo ConfigMap (extension state hash: -1817474005)
2025-01-30 04:05:46,191 INFO c.h.h.t.HelmChartContainer - [hivemq-test-hivemq-platform] [hivemq-platform-operator] [3cd2b14a] 04:05:46.179 [pool-6-thread-10] DEBUG c.h.p.o.d.StatefulSetResource - [helmvolu] Desired StatefulSet (3 replicas) for status ROLLING_RESTART (RESTART_PODS_IN_PROGRESS)
2025-01-30 04:05:46,191 INFO c.h.h.t.HelmChartContainer - [hivemq-test-hivemq-platform] [hivemq-platform-operator] [3cd2b14a] 04:05:46.187 [ReconcilerExecutor-hivemq-controller-109] INFO  c.h.p.o.HiveMQPlatformReconciler - [helmvolu] Reconciling HiveMQ Platform 'test-hivemq-platform' in namespace 'helmvolumeclaimtemplatesit'
2025-01-30 04:05:46,191 INFO c.h.h.t.HelmChartContainer - [hivemq-test-hivemq-platform] [hivemq-platform-operator] [3cd2b14a] 04:05:46.187 [ReconcilerExecutor-hivemq-controller-109] DEBUG c.h.p.o.HiveMQPlatformReconciler - [helmvolu] Custom Resource Status ROLLING_RESTART - HiveMQ Platform is restarting Pods (rolling restart) (RESTART_PODS_IN_PROGRESS)
2025-01-30 04:05:46,191 INFO c.h.h.t.HelmChartContainer - [hivemq-test-hivemq-platform] [hivemq-platform-operator] [3cd2b14a] 04:05:46.187 [ReconcilerExecutor-hivemq-controller-109] DEBUG c.h.p.o.HiveMQPlatformReconciler - [helmvolu] Custom Resource Spec (replicas: 2) (extensions: 1)
2025-01-30 04:05:46,191 INFO c.h.h.t.HelmChartContainer - [hivemq-test-hivemq-platform] [hivemq-platform-operator] [3cd2b14a] 04:05:46.189 [ReconcilerExecutor-hivemq-controller-109] DEBUG c.h.p.o.HiveMQPlatformReconciler - [helmvolu] StatefulSet Status (revision: test-hivemq-platform-59475f86c9, replicas: 3, available: 3, ready: 3, current: 0, updated: 2)
2025-01-30 04:05:46,191 INFO c.h.h.t.HelmChartContainer - [hivemq-test-hivemq-platform] [hivemq-platform-operator] [3cd2b14a] 04:05:46.190 [ReconcilerExecutor-hivemq-controller-109] DEBUG c.h.p.o.HiveMQPlatformReconciler - [helmvolu] StatefulSet Spec (replicas: 3, init containers: 1, containers: 1, volumes: 4)
2025-01-30 04:05:46,196 INFO c.h.h.t.HelmChartContainer - [hivemq-test-hivemq-platform] [hivemq-platform-operator] [3cd2b14a] 04:05:46.191 [ReconcilerExecutor-hivemq-controller-109] DEBUG c.h.p.o.h.HiveMQPlatformReconcilerErrorHandler - [helmvolu] Pod 'test-hivemq-platform-2' phase Running
2025-01-30 04:05:46,196 INFO c.h.h.t.HelmChartContainer - [hivemq-test-hivemq-platform] [hivemq-platform-operator] [3cd2b14a] 04:05:46.192 [ReconcilerExecutor-hivemq-controller-109] DEBUG c.h.p.o.h.HiveMQPlatformReconcilerErrorHandler - [helmvolu] Pod 'test-hivemq-platform-1' phase Running
2025-01-30 04:05:46,203 INFO c.h.h.t.HelmChartContainer - [hivemq-test-hivemq-platform] [hivemq-platform-operator] [3cd2b14a] 04:05:46.202 [ReconcilerExecutor-hivemq-controller-109] DEBUG c.h.p.o.h.HiveMQPlatformReconcilerErrorHandler - [helmvolu] Pod 'test-hivemq-platform-0' phase Failed
2025-01-30 04:05:46,204 INFO c.h.h.t.HelmChartContainer - [hivemq-test-hivemq-platform] [hivemq-platform-operator] [3cd2b14a] 04:05:46.203 [ReconcilerExecutor-hivemq-controller-109] DEBUG c.h.p.o.h.HiveMQPlatformReconcilerErrorHandler - [helmvolu] Pod 'test-hivemq-platform-0' condition 'PodReadyToStartContainers': False
2025-01-30 04:05:46,204 INFO c.h.h.t.HelmChartContainer - [hivemq-test-hivemq-platform] [hivemq-platform-operator] [3cd2b14a] 04:05:46.203 [ReconcilerExecutor-hivemq-controller-109] DEBUG c.h.p.o.h.HiveMQPlatformReconcilerErrorHandler - [helmvolu] Pod 'test-hivemq-platform-0' condition 'Initialized': True
2025-01-30 04:05:46,206 INFO c.h.h.t.HelmChartContainer - [hivemq-test-hivemq-platform] [hivemq-platform-operator] [3cd2b14a] 04:05:46.204 [ReconcilerExecutor-hivemq-controller-109] DEBUG c.h.p.o.h.HiveMQPlatformReconcilerErrorHandler - [helmvolu] Pod 'test-hivemq-platform-0' condition 'Ready': False
2025-01-30 04:05:46,206 INFO c.h.h.t.HelmChartContainer - [hivemq-test-hivemq-platform] [hivemq-platform-operator] [3cd2b14a] 04:05:46.204 [ReconcilerExecutor-hivemq-controller-109] DEBUG c.h.p.o.h.HiveMQPlatformReconcilerErrorHandler - [helmvolu] Pod 'test-hivemq-platform-0' condition 'ContainersReady': False
2025-01-30 04:05:46,206 INFO c.h.h.t.HelmChartContainer - [hivemq-test-hivemq-platform] [hivemq-platform-operator] [3cd2b14a] 04:05:46.204 [ReconcilerExecutor-hivemq-controller-109] DEBUG c.h.p.o.h.HiveMQPlatformReconcilerErrorHandler - [helmvolu] Pod 'test-hivemq-platform-0' condition 'PodScheduled': True
2025-01-30 04:05:46,206 INFO c.h.h.t.HelmChartContainer - [hivemq-test-hivemq-platform] [hivemq-platform-operator] [3cd2b14a] 04:05:46.204 [ReconcilerExecutor-hivemq-controller-109] DEBUG c.h.p.o.h.HiveMQPlatformReconcilerErrorHandler - [helmvolu] Pod 'test-hivemq-platform-0' containerStatus 'hivemq' (started: false) (ready: false) (waiting: [Unknown] no message)
2025-01-30 04:05:46,210 INFO c.h.h.t.HelmChartContainer - [hivemq-test-hivemq-platform] [hivemq-platform-operator] [3cd2b14a] 04:05:46.209 [ReconcilerExecutor-hivemq-controller-109] DEBUG c.h.p.o.h.HiveMQPlatformReconcilerRollingRestartHandler - [helmvolu] Skipping Pod test-hivemq-platform-2 as it's already on the controller update revision (update revision: test-hivemq-platform-59475f86c9, pod revision: test-hivemq-platform-59475f86c9)
2025-01-30 04:05:46,218 INFO c.h.h.t.HelmChartContainer - [hivemq-test-hivemq-platform] [hivemq-platform-operator] [3cd2b14a] 04:05:46.215 [ReconcilerExecutor-hivemq-controller-109] DEBUG c.h.p.o.h.HiveMQPlatformReconcilerRollingRestartHandler - [helmvolu] Skipping Pod test-hivemq-platform-1 as it's already on the controller update revision (update revision: test-hivemq-platform-59475f86c9, pod revision: test-hivemq-platform-59475f86c9)
2025-01-30 04:05:46,293 INFO c.h.h.t.HelmChartContainer - [hivemq-test-hivemq-platform] [hivemq-platform-operator] [3cd2b14a] 04:05:46.292 [ReconcilerExecutor-hivemq-controller-109] DEBUG c.h.p.o.h.HiveMQPlatformReconcilerRollingRestartHandler - [helmvolu] The last Pod is running for 60 seconds, the next Pod can be restarted
2025-01-30 04:05:46,293 INFO c.h.h.t.HelmChartContainer - [hivemq-test-hivemq-platform] [hivemq-platform-operator] [3cd2b14a] 04:05:46.292 [ReconcilerExecutor-hivemq-controller-109] INFO  c.h.p.o.h.HiveMQPlatformReconcilerRollingRestartHandler - [helmvolu] Restarting Pod test-hivemq-platform-0 as it's not matching the controller update revision (update revision: test-hivemq-platform-59475f86c9, pod revision: test-hivemq-platform-6c7bb94cbd)
2025-01-30 04:05:46,300 INFO c.h.h.t.HelmChartContainer - [hivemq-test-hivemq-platform] [hivemq-platform-operator] [3cd2b14a] 04:05:46.298 [pool-6-thread-18] DEBUG c.h.p.o.d.PlatformServiceResource - [helmvolu] Desired Platform services (3 services)
2025-01-30 04:05:46,300 INFO c.h.h.t.HelmChartContainer - [hivemq-test-hivemq-platform] [hivemq-platform-operator] [3cd2b14a] 04:05:46.299 [pool-6-thread-11] DEBUG c.h.p.o.d.PodServiceAccountResource - [helmvolu] Desired PodServiceAccountResource (serviceAccountName: hivemq-platform-pod-test-hivemq-platform)
2025-01-30 04:05:46,301 INFO c.h.h.t.HelmChartContainer - [K3S] [reconciler_common.go:162] "operationExecutor.UnmountVolume started for volume \"operator-init\" (UniqueName: \"kubernetes.io/empty-dir/c78b1b68-be50-4f3e-a288-d0cbc418d80a-operator-init\") pod \"c78b1b68-be50-4f3e-a288-d0cbc418d80a\" (UID: \"c78b1b68-be50-4f3e-a288-d0cbc418d80a\") "
2025-01-30 04:05:46,301 INFO c.h.h.t.HelmChartContainer - [K3S] [reconciler_common.go:162] "operationExecutor.UnmountVolume started for volume \"broker-configuration\" (UniqueName: \"kubernetes.io/configmap/c78b1b68-be50-4f3e-a288-d0cbc418d80a-broker-configuration\") pod \"c78b1b68-be50-4f3e-a288-d0cbc418d80a\" (UID: \"c78b1b68-be50-4f3e-a288-d0cbc418d80a\") "
2025-01-30 04:05:46,303 INFO c.h.h.t.HelmChartContainer - [K3S] [reconciler_common.go:162] "operationExecutor.UnmountVolume started for volume \"pod-info\" (UniqueName: \"kubernetes.io/configmap/c78b1b68-be50-4f3e-a288-d0cbc418d80a-pod-info\") pod \"c78b1b68-be50-4f3e-a288-d0cbc418d80a\" (UID: \"c78b1b68-be50-4f3e-a288-d0cbc418d80a\") "
2025-01-30 04:05:46,303 INFO c.h.h.t.HelmChartContainer - [K3S] [reconciler_common.go:162] "operationExecutor.UnmountVolume started for volume \"kube-api-access-9shtt\" (UniqueName: \"kubernetes.io/projected/c78b1b68-be50-4f3e-a288-d0cbc418d80a-kube-api-access-9shtt\") pod \"c78b1b68-be50-4f3e-a288-d0cbc418d80a\" (UID: \"c78b1b68-be50-4f3e-a288-d0cbc418d80a\") "
2025-01-30 04:05:46,304 INFO c.h.h.t.HelmChartContainer - [K3S] [reconciler_common.go:162] "operationExecutor.UnmountVolume started for volume \"hivemq-pvc-data\" (UniqueName: \"kubernetes.io/local-volume/pvc-039ad80e-2321-4112-8315-4662221a1a96\") pod \"c78b1b68-be50-4f3e-a288-d0cbc418d80a\" (UID: \"c78b1b68-be50-4f3e-a288-d0cbc418d80a\") "
2025-01-30 04:05:46,304 INFO c.h.h.t.HelmChartContainer - [hivemq-test-hivemq-platform] [hivemq-platform-operator] [3cd2b14a] 04:05:46.301 [pool-6-thread-19] DEBUG c.h.p.o.dependants.PodInfoConfigMap - [helmvolu] Desired PodInfo ConfigMap (1 extensions) (1 enabled)
2025-01-30 04:05:46,304 INFO c.h.h.t.HelmChartContainer - [hivemq-test-hivemq-platform] [hivemq-platform-operator] [3cd2b14a] 04:05:46.301 [pool-6-thread-19] DEBUG c.h.p.o.dependants.PodInfoConfigMap - [helmvolu] Desired PodInfo ConfigMap (metrics port: 9399) (metrics path: /)
2025-01-30 04:05:46,304 INFO c.h.h.t.HelmChartContainer - [hivemq-test-hivemq-platform] [hivemq-platform-operator] [3cd2b14a] 04:05:46.301 [pool-6-thread-19] DEBUG c.h.p.o.dependants.PodInfoConfigMap - [helmvolu] Desired PodInfo ConfigMap (extension state hash: -1817474005)
2025-01-30 04:05:46,305 INFO c.h.h.t.HelmChartContainer - [hivemq-test-hivemq-platform] [hivemq-platform-operator] [3cd2b14a] 04:05:46.304 [pool-6-thread-18] DEBUG c.h.p.o.d.StatefulSetResource - [helmvolu] Desired StatefulSet (3 replicas) for status ROLLING_RESTART (RESTART_PODS_IN_PROGRESS)
2025-01-30 04:05:46,308 INFO c.h.h.t.HelmChartContainer - [hivemq-test-hivemq-platform] [hivemq-platform-operator] [3cd2b14a] 04:05:46.307 [ReconcilerExecutor-hivemq-controller-109] INFO  c.h.p.o.HiveMQPlatformReconciler - [helmvolu] Reconciling HiveMQ Platform 'test-hivemq-platform' in namespace 'helmvolumeclaimtemplatesit'
2025-01-30 04:05:46,308 INFO c.h.h.t.HelmChartContainer - [hivemq-test-hivemq-platform] [hivemq-platform-operator] [3cd2b14a] 04:05:46.307 [ReconcilerExecutor-hivemq-controller-109] DEBUG c.h.p.o.HiveMQPlatformReconciler - [helmvolu] Custom Resource Status ROLLING_RESTART - HiveMQ Platform is restarting Pods (rolling restart) (RESTART_PODS_IN_PROGRESS)
2025-01-30 04:05:46,308 INFO c.h.h.t.HelmChartContainer - [hivemq-test-hivemq-platform] [hivemq-platform-operator] [3cd2b14a] 04:05:46.307 [ReconcilerExecutor-hivemq-controller-109] DEBUG c.h.p.o.HiveMQPlatformReconciler - [helmvolu] Custom Resource Spec (replicas: 2) (extensions: 1)
2025-01-30 04:05:46,309 INFO c.h.h.t.HelmChartContainer - [hivemq-test-hivemq-platform] [hivemq-platform-operator] [3cd2b14a] 04:05:46.308 [ReconcilerExecutor-hivemq-controller-109] DEBUG c.h.p.o.HiveMQPlatformReconciler - [helmvolu] StatefulSet Status (revision: test-hivemq-platform-59475f86c9, replicas: 3, available: 2, ready: 2, current: 0, updated: 2)
2025-01-30 04:05:46,309 INFO c.h.h.t.HelmChartContainer - [hivemq-test-hivemq-platform] [hivemq-platform-operator] [3cd2b14a] 04:05:46.308 [ReconcilerExecutor-hivemq-controller-109] DEBUG c.h.p.o.HiveMQPlatformReconciler - [helmvolu] StatefulSet Spec (replicas: 3, init containers: 1, containers: 1, volumes: 4)
2025-01-30 04:05:46,388 INFO c.h.h.t.HelmChartContainer - [hivemq-test-hivemq-platform] [hivemq-platform-operator] [3cd2b14a] 04:05:46.387 [ReconcilerExecutor-hivemq-controller-109] DEBUG c.h.p.o.h.HiveMQPlatformReconcilerErrorHandler - [helmvolu] Pod 'test-hivemq-platform-2' phase Running
2025-01-30 04:05:46,388 INFO c.h.h.t.HelmChartContainer - [hivemq-test-hivemq-platform] [hivemq-platform-operator] [3cd2b14a] 04:05:46.388 [ReconcilerExecutor-hivemq-controller-109] DEBUG c.h.p.o.h.HiveMQPlatformReconcilerErrorHandler - [helmvolu] Pod 'test-hivemq-platform-1' phase Running
2025-01-30 04:05:46,390 INFO c.h.h.t.HelmChartContainer - [hivemq-test-hivemq-platform] [hivemq-platform-operator] [3cd2b14a] 04:05:46.389 [ReconcilerExecutor-hivemq-controller-109] DEBUG c.h.p.o.h.HiveMQPlatformReconcilerErrorHandler - [helmvolu] Pod 'test-hivemq-platform-0' phase Failed
2025-01-30 04:05:46,390 INFO c.h.h.t.HelmChartContainer - [hivemq-test-hivemq-platform] [hivemq-platform-operator] [3cd2b14a] 04:05:46.389 [ReconcilerExecutor-hivemq-controller-109] DEBUG c.h.p.o.h.HiveMQPlatformReconcilerErrorHandler - [helmvolu] Pod 'test-hivemq-platform-0' condition 'PodReadyToStartContainers': False
2025-01-30 04:05:46,390 INFO c.h.h.t.HelmChartContainer - [hivemq-test-hivemq-platform] [hivemq-platform-operator] [3cd2b14a] 04:05:46.389 [ReconcilerExecutor-hivemq-controller-109] DEBUG c.h.p.o.h.HiveMQPlatformReconcilerErrorHandler - [helmvolu] Pod 'test-hivemq-platform-0' condition 'Initialized': True
2025-01-30 04:05:46,390 INFO c.h.h.t.HelmChartContainer - [hivemq-test-hivemq-platform] [hivemq-platform-operator] [3cd2b14a] 04:05:46.389 [ReconcilerExecutor-hivemq-controller-109] DEBUG c.h.p.o.h.HiveMQPlatformReconcilerErrorHandler - [helmvolu] Pod 'test-hivemq-platform-0' condition 'Ready': False
2025-01-30 04:05:46,390 INFO c.h.h.t.HelmChartContainer - [hivemq-test-hivemq-platform] [hivemq-platform-operator] [3cd2b14a] 04:05:46.389 [ReconcilerExecutor-hivemq-controller-109] DEBUG c.h.p.o.h.HiveMQPlatformReconcilerErrorHandler - [helmvolu] Pod 'test-hivemq-platform-0' condition 'ContainersReady': False
2025-01-30 04:05:46,390 INFO c.h.h.t.HelmChartContainer - [hivemq-test-hivemq-platform] [hivemq-platform-operator] [3cd2b14a] 04:05:46.389 [ReconcilerExecutor-hivemq-controller-109] DEBUG c.h.p.o.h.HiveMQPlatformReconcilerErrorHandler - [helmvolu] Pod 'test-hivemq-platform-0' condition 'PodScheduled': True
2025-01-30 04:05:46,390 INFO c.h.h.t.HelmChartContainer - [hivemq-test-hivemq-platform] [hivemq-platform-operator] [3cd2b14a] 04:05:46.389 [ReconcilerExecutor-hivemq-controller-109] DEBUG c.h.p.o.h.HiveMQPlatformReconcilerErrorHandler - [helmvolu] Pod 'test-hivemq-platform-0' containerStatus 'hivemq' (started: false) (ready: false) (waiting: [Unknown] no message)
2025-01-30 04:05:46,390 INFO c.h.h.t.HelmChartContainer - [hivemq-test-hivemq-platform] [hivemq-platform-operator] [3cd2b14a] 04:05:46.389 [ReconcilerExecutor-hivemq-controller-109] DEBUG c.h.p.o.h.HiveMQPlatformReconcilerRollingRestartHandler - [helmvolu] Rolling restart is waiting for 2 of 3 replicas
2025-01-30 04:05:46,402 INFO c.h.h.t.HelmChartContainer - [K3S] [reconciler_common.go:299] "Volume detached for volume \"kube-api-access-9shtt\" (UniqueName: \"kubernetes.io/projected/c78b1b68-be50-4f3e-a288-d0cbc418d80a-kube-api-access-9shtt\") on node \"50074fe47053\" DevicePath \"\""
2025-01-30 04:05:46,402 INFO c.h.h.t.HelmChartContainer - [K3S] [reconciler_common.go:292] "operationExecutor.UnmountDevice started for volume \"pvc-039ad80e-2321-4112-8315-4662221a1a96\" (UniqueName: \"kubernetes.io/local-volume/pvc-039ad80e-2321-4112-8315-4662221a1a96\") on node \"50074fe47053\" "
2025-01-30 04:05:46,402 INFO c.h.h.t.HelmChartContainer - [K3S] [reconciler_common.go:299] "Volume detached for volume \"broker-configuration\" (UniqueName: \"kubernetes.io/configmap/c78b1b68-be50-4f3e-a288-d0cbc418d80a-broker-configuration\") on node \"50074fe47053\" DevicePath \"\""
2025-01-30 04:05:46,402 INFO c.h.h.t.HelmChartContainer - [K3S] [reconciler_common.go:299] "Volume detached for volume \"pod-info\" (UniqueName: \"kubernetes.io/configmap/c78b1b68-be50-4f3e-a288-d0cbc418d80a-pod-info\") on node \"50074fe47053\" DevicePath \"\""
2025-01-30 04:05:46,402 INFO c.h.h.t.HelmChartContainer - [K3S] [reconciler_common.go:299] "Volume detached for volume \"operator-init\" (UniqueName: \"kubernetes.io/empty-dir/c78b1b68-be50-4f3e-a288-d0cbc418d80a-operator-init\") on node \"50074fe47053\" DevicePath \"\""
2025-01-30 04:05:46,502 INFO c.h.h.t.HelmChartContainer - [K3S] [reconciler_common.go:299] "Volume detached for volume \"pvc-039ad80e-2321-4112-8315-4662221a1a96\" (UniqueName: \"kubernetes.io/local-volume/pvc-039ad80e-2321-4112-8315-4662221a1a96\") on node \"50074fe47053\" DevicePath \"\""
2025-01-30 04:05:46,801 INFO c.h.h.t.HelmChartContainer - [K3S] [scope.go:117] "RemoveContainer" containerID="0905e70c9e45a8a5bd56732848cafb6db820b4b55d02b7685987b3d12c210156"
2025-01-30 04:05:46,805 INFO c.h.h.t.HelmChartContainer - [K3S] [scope.go:117] "RemoveContainer" containerID="2c62c4da57182675cb2370ee07bab4f9e8be10773ce4e69201db40395161fc22"
2025-01-30 04:05:46,809 INFO c.h.h.t.HelmChartContainer - [K3S] [scope.go:117] "RemoveContainer" containerID="0905e70c9e45a8a5bd56732848cafb6db820b4b55d02b7685987b3d12c210156"
2025-01-30 04:05:46,809 INFO c.h.h.t.HelmChartContainer - [K3S] [scope.go:117] "RemoveContainer" containerID="2c62c4da57182675cb2370ee07bab4f9e8be10773ce4e69201db40395161fc22"
2025-01-30 04:05:46,815 INFO c.h.h.t.HelmChartContainer - [POD] test-hivemq-platform-0 [c78b1b68-be50-4f3e-a288-d0cbc418d80a] in helmvolumeclaimtemplatesit was MODIFIED
2025-01-30 04:05:46,820 INFO c.h.h.t.HelmChartContainer - [POD] test-hivemq-platform-0 [c78b1b68-be50-4f3e-a288-d0cbc418d80a] in helmvolumeclaimtemplatesit was DELETED
2025-01-30 04:05:46,823 INFO c.h.h.t.HelmChartContainer - [K3S] [endpointslice_controller.go:344] "Error syncing endpoint slices for service, retrying" key="helmvolumeclaimtemplatesit/hivemq-test-hivemq-platform-cluster" err="EndpointSlice informer cache is out of date"
2025-01-30 04:05:46,832 INFO c.h.h.t.HelmChartContainer - [hivemq-test-hivemq-platform] [hivemq-platform-operator] [3cd2b14a] 04:05:46.823 [pool-6-thread-22] DEBUG c.h.p.o.d.PlatformServiceResource - [helmvolu] Desired Platform services (3 services)
2025-01-30 04:05:46,832 INFO c.h.h.t.HelmChartContainer - [hivemq-test-hivemq-platform] [hivemq-platform-operator] [3cd2b14a] 04:05:46.825 [pool-6-thread-23] DEBUG c.h.p.o.dependants.PodInfoConfigMap - [helmvolu] Desired PodInfo ConfigMap (1 extensions) (1 enabled)
2025-01-30 04:05:46,832 INFO c.h.h.t.HelmChartContainer - [hivemq-test-hivemq-platform] [hivemq-platform-operator] [3cd2b14a] 04:05:46.825 [pool-6-thread-23] DEBUG c.h.p.o.dependants.PodInfoConfigMap - [helmvolu] Desired PodInfo ConfigMap (metrics port: 9399) (metrics path: /)
2025-01-30 04:05:46,832 INFO c.h.h.t.HelmChartContainer - [hivemq-test-hivemq-platform] [hivemq-platform-operator] [3cd2b14a] 04:05:46.825 [pool-6-thread-23] DEBUG c.h.p.o.dependants.PodInfoConfigMap - [helmvolu] Desired PodInfo ConfigMap (extension state hash: -1817474005)
2025-01-30 04:05:46,832 INFO c.h.h.t.HelmChartContainer - [hivemq-test-hivemq-platform] [hivemq-platform-operator] [3cd2b14a] 04:05:46.826 [pool-6-thread-29] DEBUG c.h.p.o.d.PodServiceAccountResource - [helmvolu] Desired PodServiceAccountResource (serviceAccountName: hivemq-platform-pod-test-hivemq-platform)
2025-01-30 04:05:46,832 INFO c.h.h.t.HelmChartContainer - [hivemq-test-hivemq-platform] [hivemq-platform-operator] [3cd2b14a] 04:05:46.829 [pool-6-thread-23] DEBUG c.h.p.o.d.StatefulSetResource - [helmvolu] Desired StatefulSet (3 replicas) for status ROLLING_RESTART (RESTART_PODS_IN_PROGRESS)
2025-01-30 04:05:46,834 INFO c.h.h.t.HelmChartContainer - [hivemq-test-hivemq-platform] [hivemq-platform-operator] [3cd2b14a] 04:05:46.832 [ReconcilerExecutor-hivemq-controller-111] INFO  c.h.p.o.HiveMQPlatformReconciler - [helmvolu] Reconciling HiveMQ Platform 'test-hivemq-platform' in namespace 'helmvolumeclaimtemplatesit'
2025-01-30 04:05:46,834 INFO c.h.h.t.HelmChartContainer - [hivemq-test-hivemq-platform] [hivemq-platform-operator] [3cd2b14a] 04:05:46.832 [ReconcilerExecutor-hivemq-controller-111] DEBUG c.h.p.o.HiveMQPlatformReconciler - [helmvolu] Custom Resource Status ROLLING_RESTART - HiveMQ Platform is restarting Pods (rolling restart) (RESTART_PODS_IN_PROGRESS)
2025-01-30 04:05:46,835 INFO c.h.h.t.HelmChartContainer - [hivemq-test-hivemq-platform] [hivemq-platform-operator] [3cd2b14a] 04:05:46.832 [ReconcilerExecutor-hivemq-controller-111] DEBUG c.h.p.o.HiveMQPlatformReconciler - [helmvolu] Custom Resource Spec (replicas: 2) (extensions: 1)
2025-01-30 04:05:46,836 INFO c.h.h.t.HelmChartContainer - [hivemq-test-hivemq-platform] [hivemq-platform-operator] [3cd2b14a] 04:05:46.835 [ReconcilerExecutor-hivemq-controller-111] DEBUG c.h.p.o.HiveMQPlatformReconciler - [helmvolu] StatefulSet Status (revision: test-hivemq-platform-59475f86c9, replicas: 3, available: 2, ready: 2, current: 0, updated: 2)
2025-01-30 04:05:46,836 INFO c.h.h.t.HelmChartContainer - [hivemq-test-hivemq-platform] [hivemq-platform-operator] [3cd2b14a] 04:05:46.835 [ReconcilerExecutor-hivemq-controller-111] DEBUG c.h.p.o.HiveMQPlatformReconciler - [helmvolu] StatefulSet Spec (replicas: 3, init containers: 1, containers: 1, volumes: 4)
2025-01-30 04:05:46,842 INFO c.h.h.t.HelmChartContainer - [POD] test-hivemq-platform-0 [0cda99fe-ad4f-4727-ab2b-fe8d2dbc3d39] in helmvolumeclaimtemplatesit was ADDED
2025-01-30 04:05:46,846 INFO c.h.h.t.HelmChartContainer - [hivemq-test-hivemq-platform] [hivemq-platform-operator] [3cd2b14a] 04:05:46.839 [ReconcilerExecutor-hivemq-controller-111] DEBUG c.h.p.o.h.HiveMQPlatformReconcilerErrorHandler - [helmvolu] Pod 'test-hivemq-platform-2' phase Running
2025-01-30 04:05:46,846 INFO c.h.h.t.HelmChartContainer - [hivemq-test-hivemq-platform] [hivemq-platform-operator] [3cd2b14a] 04:05:46.840 [ReconcilerExecutor-hivemq-controller-111] DEBUG c.h.p.o.h.HiveMQPlatformReconcilerErrorHandler - [helmvolu] Pod 'test-hivemq-platform-1' phase Running
2025-01-30 04:05:46,846 INFO c.h.h.t.HelmChartContainer - [hivemq-test-hivemq-platform] [hivemq-platform-operator] [3cd2b14a] 04:05:46.841 [ReconcilerExecutor-hivemq-controller-111] DEBUG c.h.p.o.h.HiveMQPlatformReconcilerErrorHandler - [helmvolu] Pod 'test-hivemq-platform-0' phase Pending
2025-01-30 04:05:46,846 INFO c.h.h.t.HelmChartContainer - [hivemq-test-hivemq-platform] [hivemq-platform-operator] [3cd2b14a] 04:05:46.841 [ReconcilerExecutor-hivemq-controller-111] DEBUG c.h.p.o.h.HiveMQPlatformReconcilerRollingRestartHandler - [helmvolu] Rolling restart is waiting for 2 of 3 replicas
2025-01-30 04:05:46,851 INFO c.h.h.t.HelmChartContainer - [hivemq-test-hivemq-platform] [hivemq-platform-operator] [3cd2b14a] 04:05:46.849 [pool-6-thread-38] DEBUG c.h.p.o.d.PlatformServiceResource - [helmvolu] Desired Platform services (3 services)
2025-01-30 04:05:46,853 INFO c.h.h.t.HelmChartContainer - [POD] test-hivemq-platform-0 [0cda99fe-ad4f-4727-ab2b-fe8d2dbc3d39] in helmvolumeclaimtemplatesit was MODIFIED
2025-01-30 04:05:46,854 INFO c.h.h.t.HelmChartContainer - [K3S] [memory_manager.go:355] "RemoveStaleState removing state" podUID="c78b1b68-be50-4f3e-a288-d0cbc418d80a" containerName="hivemq"
2025-01-30 04:05:46,857 INFO c.h.h.t.HelmChartContainer - [EVENT] Normal [SuccessfulCreate] create Pod test-hivemq-platform-0 in StatefulSet test-hivemq-platform successful [helmvolumeclaimtemplatesit:test-hivemq-platform]
2025-01-30 04:05:46,860 INFO c.h.h.t.HelmChartContainer - [EVENT] Normal [Scheduled] Successfully assigned helmvolumeclaimtemplatesit/test-hivemq-platform-0 to 50074fe47053 [helmvolumeclaimtemplatesit:test-hivemq-platform-0]
2025-01-30 04:05:46,867 INFO c.h.h.t.HelmChartContainer - [POD] test-hivemq-platform-0 [0cda99fe-ad4f-4727-ab2b-fe8d2dbc3d39] in helmvolumeclaimtemplatesit was MODIFIED
2025-01-30 04:05:46,889 INFO c.h.h.t.HelmChartContainer - [hivemq-test-hivemq-platform] [hivemq-platform-operator] [3cd2b14a] 04:05:46.887 [pool-6-thread-31] DEBUG c.h.p.o.d.PodServiceAccountResource - [helmvolu] Desired PodServiceAccountResource (serviceAccountName: hivemq-platform-pod-test-hivemq-platform)
2025-01-30 04:05:46,890 INFO c.h.h.t.HelmChartContainer - [hivemq-test-hivemq-platform] [hivemq-platform-operator] [3cd2b14a] 04:05:46.890 [pool-6-thread-37] DEBUG c.h.p.o.dependants.PodInfoConfigMap - [helmvolu] Desired PodInfo ConfigMap (1 extensions) (1 enabled)
2025-01-30 04:05:46,892 INFO c.h.h.t.HelmChartContainer - [hivemq-test-hivemq-platform] [hivemq-platform-operator] [3cd2b14a] 04:05:46.890 [pool-6-thread-37] DEBUG c.h.p.o.dependants.PodInfoConfigMap - [helmvolu] Desired PodInfo ConfigMap (metrics port: 9399) (metrics path: /)
2025-01-30 04:05:46,892 INFO c.h.h.t.HelmChartContainer - [hivemq-test-hivemq-platform] [hivemq-platform-operator] [3cd2b14a] 04:05:46.890 [pool-6-thread-37] DEBUG c.h.p.o.dependants.PodInfoConfigMap - [helmvolu] Desired PodInfo ConfigMap (extension state hash: -1817474005)
2025-01-30 04:05:46,894 INFO c.h.h.t.HelmChartContainer - [hivemq-test-hivemq-platform] [hivemq-platform-operator] [3cd2b14a] 04:05:46.894 [pool-6-thread-38] DEBUG c.h.p.o.d.StatefulSetResource - [helmvolu] Desired StatefulSet (3 replicas) for status ROLLING_RESTART (RESTART_PODS_IN_PROGRESS)
2025-01-30 04:05:46,897 INFO c.h.h.t.HelmChartContainer - [hivemq-test-hivemq-platform] [hivemq-platform-operator] [3cd2b14a] 04:05:46.896 [ReconcilerExecutor-hivemq-controller-111] INFO  c.h.p.o.HiveMQPlatformReconciler - [helmvolu] Reconciling HiveMQ Platform 'test-hivemq-platform' in namespace 'helmvolumeclaimtemplatesit'
2025-01-30 04:05:46,897 INFO c.h.h.t.HelmChartContainer - [hivemq-test-hivemq-platform] [hivemq-platform-operator] [3cd2b14a] 04:05:46.896 [ReconcilerExecutor-hivemq-controller-111] DEBUG c.h.p.o.HiveMQPlatformReconciler - [helmvolu] Custom Resource Status ROLLING_RESTART - HiveMQ Platform is restarting Pods (rolling restart) (RESTART_PODS_IN_PROGRESS)
2025-01-30 04:05:46,897 INFO c.h.h.t.HelmChartContainer - [hivemq-test-hivemq-platform] [hivemq-platform-operator] [3cd2b14a] 04:05:46.896 [ReconcilerExecutor-hivemq-controller-111] DEBUG c.h.p.o.HiveMQPlatformReconciler - [helmvolu] Custom Resource Spec (replicas: 2) (extensions: 1)
2025-01-30 04:05:46,898 INFO c.h.h.t.HelmChartContainer - [hivemq-test-hivemq-platform] [hivemq-platform-operator] [3cd2b14a] 04:05:46.897 [ReconcilerExecutor-hivemq-controller-111] DEBUG c.h.p.o.HiveMQPlatformReconciler - [helmvolu] StatefulSet Status (revision: test-hivemq-platform-59475f86c9, replicas: 3, available: 2, ready: 2, current: 0, updated: 3)
2025-01-30 04:05:46,898 INFO c.h.h.t.HelmChartContainer - [hivemq-test-hivemq-platform] [hivemq-platform-operator] [3cd2b14a] 04:05:46.897 [ReconcilerExecutor-hivemq-controller-111] DEBUG c.h.p.o.HiveMQPlatformReconciler - [helmvolu] StatefulSet Spec (replicas: 3, init containers: 1, containers: 1, volumes: 4)
2025-01-30 04:05:46,900 INFO c.h.h.t.HelmChartContainer - [hivemq-test-hivemq-platform] [hivemq-platform-operator] [3cd2b14a] 04:05:46.899 [ReconcilerExecutor-hivemq-controller-111] DEBUG c.h.p.o.h.HiveMQPlatformReconcilerErrorHandler - [helmvolu] Pod 'test-hivemq-platform-2' phase Running
2025-01-30 04:05:46,901 INFO c.h.h.t.HelmChartContainer - [hivemq-test-hivemq-platform] [hivemq-platform-operator] [3cd2b14a] 04:05:46.901 [ReconcilerExecutor-hivemq-controller-111] DEBUG c.h.p.o.h.HiveMQPlatformReconcilerErrorHandler - [helmvolu] Pod 'test-hivemq-platform-1' phase Running
2025-01-30 04:05:46,902 INFO c.h.h.t.HelmChartContainer - [hivemq-test-hivemq-platform] [hivemq-platform-operator] [3cd2b14a] 04:05:46.901 [ReconcilerExecutor-hivemq-controller-111] DEBUG c.h.p.o.h.HiveMQPlatformReconcilerErrorHandler - [helmvolu] Pod 'test-hivemq-platform-0' phase Pending
2025-01-30 04:05:46,903 INFO c.h.h.t.HelmChartContainer - [hivemq-test-hivemq-platform] [hivemq-platform-operator] [3cd2b14a] 04:05:46.902 [ReconcilerExecutor-hivemq-controller-111] DEBUG c.h.p.o.h.HiveMQPlatformReconcilerErrorHandler - [helmvolu] Pod 'test-hivemq-platform-0' condition 'PodReadyToStartContainers': False
2025-01-30 04:05:46,903 INFO c.h.h.t.HelmChartContainer - [hivemq-test-hivemq-platform] [hivemq-platform-operator] [3cd2b14a] 04:05:46.902 [ReconcilerExecutor-hivemq-controller-111] DEBUG c.h.p.o.h.HiveMQPlatformReconcilerErrorHandler - [helmvolu] Pod 'test-hivemq-platform-0' condition 'Initialized': False
2025-01-30 04:05:46,903 INFO c.h.h.t.HelmChartContainer - [hivemq-test-hivemq-platform] [hivemq-platform-operator] [3cd2b14a] 04:05:46.902 [ReconcilerExecutor-hivemq-controller-111] DEBUG c.h.p.o.h.HiveMQPlatformReconcilerErrorHandler - [helmvolu] Pod 'test-hivemq-platform-0' condition 'Ready': False
2025-01-30 04:05:46,903 INFO c.h.h.t.HelmChartContainer - [hivemq-test-hivemq-platform] [hivemq-platform-operator] [3cd2b14a] 04:05:46.902 [ReconcilerExecutor-hivemq-controller-111] DEBUG c.h.p.o.h.HiveMQPlatformReconcilerErrorHandler - [helmvolu] Pod 'test-hivemq-platform-0' condition 'ContainersReady': False
2025-01-30 04:05:46,903 INFO c.h.h.t.HelmChartContainer - [hivemq-test-hivemq-platform] [hivemq-platform-operator] [3cd2b14a] 04:05:46.902 [ReconcilerExecutor-hivemq-controller-111] DEBUG c.h.p.o.h.HiveMQPlatformReconcilerErrorHandler - [helmvolu] Pod 'test-hivemq-platform-0' condition 'PodScheduled': True
2025-01-30 04:05:46,903 INFO c.h.h.t.HelmChartContainer - [hivemq-test-hivemq-platform] [hivemq-platform-operator] [3cd2b14a] 04:05:46.902 [ReconcilerExecutor-hivemq-controller-111] DEBUG c.h.p.o.h.HiveMQPlatformReconcilerErrorHandler - [helmvolu] Pod 'test-hivemq-platform-0' containerStatus 'hivemq' (started: false) (ready: false) (waiting: [PodInitializing] null)
2025-01-30 04:05:46,904 INFO c.h.h.t.HelmChartContainer - [hivemq-test-hivemq-platform] [hivemq-platform-operator] [3cd2b14a] 04:05:46.903 [ReconcilerExecutor-hivemq-controller-111] DEBUG c.h.p.o.h.HiveMQPlatformReconcilerRollingRestartHandler - [helmvolu] Rolling restart is waiting for 2 of 3 replicas
2025-01-30 04:05:46,907 INFO c.h.h.t.HelmChartContainer - [hivemq-test-hivemq-platform] [hivemq-platform-operator] [3cd2b14a] 04:05:46.906 [pool-6-thread-48] DEBUG c.h.p.o.d.PlatformServiceResource - [helmvolu] Desired Platform services (3 services)
2025-01-30 04:05:46,987 INFO c.h.h.t.HelmChartContainer - [hivemq-test-hivemq-platform] [hivemq-platform-operator] [3cd2b14a] 04:05:46.986 [pool-6-thread-43] DEBUG c.h.p.o.d.PodServiceAccountResource - [helmvolu] Desired PodServiceAccountResource (serviceAccountName: hivemq-platform-pod-test-hivemq-platform)
2025-01-30 04:05:46,987 INFO c.h.h.t.HelmChartContainer - [hivemq-test-hivemq-platform] [hivemq-platform-operator] [3cd2b14a] 04:05:46.986 [pool-6-thread-45] DEBUG c.h.p.o.dependants.PodInfoConfigMap - [helmvolu] Desired PodInfo ConfigMap (1 extensions) (1 enabled)
2025-01-30 04:05:46,987 INFO c.h.h.t.HelmChartContainer - [hivemq-test-hivemq-platform] [hivemq-platform-operator] [3cd2b14a] 04:05:46.986 [pool-6-thread-45] DEBUG c.h.p.o.dependants.PodInfoConfigMap - [helmvolu] Desired PodInfo ConfigMap (metrics port: 9399) (metrics path: /)
2025-01-30 04:05:46,987 INFO c.h.h.t.HelmChartContainer - [hivemq-test-hivemq-platform] [hivemq-platform-operator] [3cd2b14a] 04:05:46.986 [pool-6-thread-45] DEBUG c.h.p.o.dependants.PodInfoConfigMap - [helmvolu] Desired PodInfo ConfigMap (extension state hash: -1817474005)
2025-01-30 04:05:46,989 INFO c.h.h.t.HelmChartContainer - [hivemq-test-hivemq-platform] [hivemq-platform-operator] [3cd2b14a] 04:05:46.988 [pool-6-thread-41] DEBUG c.h.p.o.d.StatefulSetResource - [helmvolu] Desired StatefulSet (3 replicas) for status ROLLING_RESTART (RESTART_PODS_IN_PROGRESS)
2025-01-30 04:05:46,991 INFO c.h.h.t.HelmChartContainer - [hivemq-test-hivemq-platform] [hivemq-platform-operator] [3cd2b14a] 04:05:46.990 [ReconcilerExecutor-hivemq-controller-111] INFO  c.h.p.o.HiveMQPlatformReconciler - [helmvolu] Reconciling HiveMQ Platform 'test-hivemq-platform' in namespace 'helmvolumeclaimtemplatesit'
2025-01-30 04:05:46,992 INFO c.h.h.t.HelmChartContainer - [hivemq-test-hivemq-platform] [hivemq-platform-operator] [3cd2b14a] 04:05:46.990 [ReconcilerExecutor-hivemq-controller-111] DEBUG c.h.p.o.HiveMQPlatformReconciler - [helmvolu] Custom Resource Status ROLLING_RESTART - HiveMQ Platform is restarting Pods (rolling restart) (RESTART_PODS_IN_PROGRESS)
2025-01-30 04:05:46,992 INFO c.h.h.t.HelmChartContainer - [hivemq-test-hivemq-platform] [hivemq-platform-operator] [3cd2b14a] 04:05:46.991 [ReconcilerExecutor-hivemq-controller-111] DEBUG c.h.p.o.HiveMQPlatformReconciler - [helmvolu] Custom Resource Spec (replicas: 2) (extensions: 1)
2025-01-30 04:05:46,995 INFO c.h.h.t.HelmChartContainer - [hivemq-test-hivemq-platform] [hivemq-platform-operator] [3cd2b14a] 04:05:46.992 [ReconcilerExecutor-hivemq-controller-111] DEBUG c.h.p.o.HiveMQPlatformReconciler - [helmvolu] StatefulSet Status (revision: test-hivemq-platform-59475f86c9, replicas: 3, available: 2, ready: 2, current: 0, updated: 3)
2025-01-30 04:05:46,995 INFO c.h.h.t.HelmChartContainer - [hivemq-test-hivemq-platform] [hivemq-platform-operator] [3cd2b14a] 04:05:46.992 [ReconcilerExecutor-hivemq-controller-111] DEBUG c.h.p.o.HiveMQPlatformReconciler - [helmvolu] StatefulSet Spec (replicas: 3, init containers: 1, containers: 1, volumes: 4)
2025-01-30 04:05:46,995 INFO c.h.h.t.HelmChartContainer - [hivemq-test-hivemq-platform] [hivemq-platform-operator] [3cd2b14a] 04:05:46.993 [ReconcilerExecutor-hivemq-controller-111] DEBUG c.h.p.o.h.HiveMQPlatformReconcilerErrorHandler - [helmvolu] Pod 'test-hivemq-platform-2' phase Running
2025-01-30 04:05:46,996 INFO c.h.h.t.HelmChartContainer - [hivemq-test-hivemq-platform] [hivemq-platform-operator] [3cd2b14a] 04:05:46.995 [ReconcilerExecutor-hivemq-controller-111] DEBUG c.h.p.o.h.HiveMQPlatformReconcilerErrorHandler - [helmvolu] Pod 'test-hivemq-platform-1' phase Running
2025-01-30 04:05:46,997 INFO c.h.h.t.HelmChartContainer - [hivemq-test-hivemq-platform] [hivemq-platform-operator] [3cd2b14a] 04:05:46.996 [ReconcilerExecutor-hivemq-controller-111] DEBUG c.h.p.o.h.HiveMQPlatformReconcilerErrorHandler - [helmvolu] Pod 'test-hivemq-platform-0' phase Pending
2025-01-30 04:05:46,997 INFO c.h.h.t.HelmChartContainer - [hivemq-test-hivemq-platform] [hivemq-platform-operator] [3cd2b14a] 04:05:46.996 [ReconcilerExecutor-hivemq-controller-111] DEBUG c.h.p.o.h.HiveMQPlatformReconcilerErrorHandler - [helmvolu] Pod 'test-hivemq-platform-0' condition 'PodReadyToStartContainers': False
2025-01-30 04:05:46,997 INFO c.h.h.t.HelmChartContainer - [hivemq-test-hivemq-platform] [hivemq-platform-operator] [3cd2b14a] 04:05:46.996 [ReconcilerExecutor-hivemq-controller-111] DEBUG c.h.p.o.h.HiveMQPlatformReconcilerErrorHandler - [helmvolu] Pod 'test-hivemq-platform-0' condition 'Initialized': False
2025-01-30 04:05:46,997 INFO c.h.h.t.HelmChartContainer - [hivemq-test-hivemq-platform] [hivemq-platform-operator] [3cd2b14a] 04:05:46.996 [ReconcilerExecutor-hivemq-controller-111] DEBUG c.h.p.o.h.HiveMQPlatformReconcilerErrorHandler - [helmvolu] Pod 'test-hivemq-platform-0' condition 'Ready': False
2025-01-30 04:05:46,997 INFO c.h.h.t.HelmChartContainer - [hivemq-test-hivemq-platform] [hivemq-platform-operator] [3cd2b14a] 04:05:46.996 [ReconcilerExecutor-hivemq-controller-111] DEBUG c.h.p.o.h.HiveMQPlatformReconcilerErrorHandler - [helmvolu] Pod 'test-hivemq-platform-0' condition 'ContainersReady': False
2025-01-30 04:05:46,997 INFO c.h.h.t.HelmChartContainer - [hivemq-test-hivemq-platform] [hivemq-platform-operator] [3cd2b14a] 04:05:46.996 [ReconcilerExecutor-hivemq-controller-111] DEBUG c.h.p.o.h.HiveMQPlatformReconcilerErrorHandler - [helmvolu] Pod 'test-hivemq-platform-0' condition 'PodScheduled': True
2025-01-30 04:05:46,997 INFO c.h.h.t.HelmChartContainer - [hivemq-test-hivemq-platform] [hivemq-platform-operator] [3cd2b14a] 04:05:46.996 [ReconcilerExecutor-hivemq-controller-111] DEBUG c.h.p.o.h.HiveMQPlatformReconcilerErrorHandler - [helmvolu] Pod 'test-hivemq-platform-0' containerStatus 'hivemq' (started: false) (ready: false) (waiting: [PodInitializing] null)
2025-01-30 04:05:46,997 INFO c.h.h.t.HelmChartContainer - [hivemq-test-hivemq-platform] [hivemq-platform-operator] [3cd2b14a] 04:05:46.997 [ReconcilerExecutor-hivemq-controller-111] DEBUG c.h.p.o.h.HiveMQPlatformReconcilerRollingRestartHandler - [helmvolu] Rolling restart is waiting for 2 of 3 replicas
2025-01-30 04:05:47,006 INFO c.h.h.t.HelmChartContainer - [K3S] [reconciler_common.go:251] "operationExecutor.VerifyControllerAttachedVolume started for volume \"operator-init\" (UniqueName: \"kubernetes.io/empty-dir/0cda99fe-ad4f-4727-ab2b-fe8d2dbc3d39-operator-init\") pod \"test-hivemq-platform-0\" (UID: \"0cda99fe-ad4f-4727-ab2b-fe8d2dbc3d39\") " pod="helmvolumeclaimtemplatesit/test-hivemq-platform-0"
2025-01-30 04:05:47,006 INFO c.h.h.t.HelmChartContainer - [K3S] [reconciler_common.go:251] "operationExecutor.VerifyControllerAttachedVolume started for volume \"pod-info\" (UniqueName: \"kubernetes.io/configmap/0cda99fe-ad4f-4727-ab2b-fe8d2dbc3d39-pod-info\") pod \"test-hivemq-platform-0\" (UID: \"0cda99fe-ad4f-4727-ab2b-fe8d2dbc3d39\") " pod="helmvolumeclaimtemplatesit/test-hivemq-platform-0"
2025-01-30 04:05:47,006 INFO c.h.h.t.HelmChartContainer - [K3S] [reconciler_common.go:251] "operationExecutor.VerifyControllerAttachedVolume started for volume \"broker-configuration\" (UniqueName: \"kubernetes.io/configmap/0cda99fe-ad4f-4727-ab2b-fe8d2dbc3d39-broker-configuration\") pod \"test-hivemq-platform-0\" (UID: \"0cda99fe-ad4f-4727-ab2b-fe8d2dbc3d39\") " pod="helmvolumeclaimtemplatesit/test-hivemq-platform-0"
2025-01-30 04:05:47,006 INFO c.h.h.t.HelmChartContainer - [K3S] [reconciler_common.go:251] "operationExecutor.VerifyControllerAttachedVolume started for volume \"pvc-039ad80e-2321-4112-8315-4662221a1a96\" (UniqueName: \"kubernetes.io/local-volume/pvc-039ad80e-2321-4112-8315-4662221a1a96\") pod \"test-hivemq-platform-0\" (UID: \"0cda99fe-ad4f-4727-ab2b-fe8d2dbc3d39\") " pod="helmvolumeclaimtemplatesit/test-hivemq-platform-0"
2025-01-30 04:05:47,006 INFO c.h.h.t.HelmChartContainer - [K3S] [reconciler_common.go:251] "operationExecutor.VerifyControllerAttachedVolume started for volume \"kube-api-access-6hfg7\" (UniqueName: \"kubernetes.io/projected/0cda99fe-ad4f-4727-ab2b-fe8d2dbc3d39-kube-api-access-6hfg7\") pod \"test-hivemq-platform-0\" (UID: \"0cda99fe-ad4f-4727-ab2b-fe8d2dbc3d39\") " pod="helmvolumeclaimtemplatesit/test-hivemq-platform-0"
2025-01-30 04:05:47,074 INFO c.h.h.t.HelmChartContainer - [test-hivemq-platform] [hivemq] [e2626fa8] INFO  - [HiveMQ Platform Operator Init App 1.7.0-SNAPSHOT] Returning Health API response 200 for liveness
2025-01-30 04:05:47,246 INFO c.h.h.t.HelmChartContainer - [EVENT] Normal [Pulled] Container image "docker.io/hivemq/hivemq-platform-operator-init-test:snapshot" already present on machine [helmvolumeclaimtemplatesit:test-hivemq-platform-0]
2025-01-30 04:05:47,252 INFO c.h.h.t.HelmChartContainer - [EVENT] Normal [Created] Created container: hivemq-platform-operator-init [helmvolumeclaimtemplatesit:test-hivemq-platform-0]
2025-01-30 04:05:47,275 INFO c.h.h.t.HelmChartContainer - [K3S] [kubelet_volumes.go:163] "Cleaned up orphaned pod volumes dir" podUID="c78b1b68-be50-4f3e-a288-d0cbc418d80a" path="/var/lib/kubelet/pods/c78b1b68-be50-4f3e-a288-d0cbc418d80a/volumes"
2025-01-30 04:05:47,296 INFO c.h.h.t.HelmChartContainer - [EVENT] Normal [Started] Started container hivemq-platform-operator-init [helmvolumeclaimtemplatesit:test-hivemq-platform-0]
2025-01-30 04:05:47,808 INFO c.h.h.t.HelmChartContainer - [EVENT] Normal [Pulled] Container image "docker.io/hivemq/hivemq4:4.36.0" already present on machine [helmvolumeclaimtemplatesit:test-hivemq-platform-0]
2025-01-30 04:05:47,808 INFO c.h.h.t.HelmChartContainer - Received Pulled event for container hivemq in pod test-hivemq-platform-0 [0cda99fe-ad4f-4727-ab2b-fe8d2dbc3d39]
2025-01-30 04:05:47,828 INFO c.h.h.t.HelmChartContainer - [EVENT] Normal [Created] Created container: hivemq [helmvolumeclaimtemplatesit:test-hivemq-platform-0]
2025-01-30 04:05:47,828 INFO c.h.h.t.HelmChartContainer - Received Created event for container hivemq in pod test-hivemq-platform-0 [0cda99fe-ad4f-4727-ab2b-fe8d2dbc3d39]
2025-01-30 04:05:47,833 INFO c.h.h.t.HelmChartContainer - [POD] test-hivemq-platform-0 [0cda99fe-ad4f-4727-ab2b-fe8d2dbc3d39] in helmvolumeclaimtemplatesit was MODIFIED
2025-01-30 04:05:47,833 INFO c.h.h.t.HelmChartContainer - [hivemq-test-hivemq-platform] [hivemq-platform-operator] [3cd2b14a] 04:05:47.824 [pool-6-thread-5] DEBUG c.h.p.o.d.PlatformServiceResource - [helmvolu] Desired Platform services (3 services)
2025-01-30 04:05:47,833 INFO c.h.h.t.HelmChartContainer - [hivemq-test-hivemq-platform] [hivemq-platform-operator] [3cd2b14a] 04:05:47.825 [pool-6-thread-4] DEBUG c.h.p.o.dependants.PodInfoConfigMap - [helmvolu] Desired PodInfo ConfigMap (1 extensions) (1 enabled)
2025-01-30 04:05:47,833 INFO c.h.h.t.HelmChartContainer - [hivemq-test-hivemq-platform] [hivemq-platform-operator] [3cd2b14a] 04:05:47.825 [pool-6-thread-4] DEBUG c.h.p.o.dependants.PodInfoConfigMap - [helmvolu] Desired PodInfo ConfigMap (metrics port: 9399) (metrics path: /)
2025-01-30 04:05:47,848 INFO c.h.h.t.HelmChartContainer - [hivemq-test-hivemq-platform] [hivemq-platform-operator] [3cd2b14a] 04:05:47.826 [pool-6-thread-4] DEBUG c.h.p.o.dependants.PodInfoConfigMap - [helmvolu] Desired PodInfo ConfigMap (extension state hash: -1817474005)
2025-01-30 04:05:47,850 INFO c.h.h.t.HelmChartContainer - [hivemq-test-hivemq-platform] [hivemq-platform-operator] [3cd2b14a] 04:05:47.829 [pool-6-thread-1] DEBUG c.h.p.o.d.PodServiceAccountResource - [helmvolu] Desired PodServiceAccountResource (serviceAccountName: hivemq-platform-pod-test-hivemq-platform)
2025-01-30 04:05:47,850 INFO c.h.h.t.HelmChartContainer - [hivemq-test-hivemq-platform] [hivemq-platform-operator] [3cd2b14a] 04:05:47.836 [pool-6-thread-10] DEBUG c.h.p.o.d.StatefulSetResource - [helmvolu] Desired StatefulSet (3 replicas) for status ROLLING_RESTART (RESTART_PODS_IN_PROGRESS)
2025-01-30 04:05:47,851 INFO c.h.h.t.HelmChartContainer - [hivemq-test-hivemq-platform] [hivemq-platform-operator] [3cd2b14a] 04:05:47.840 [ReconcilerExecutor-hivemq-controller-114] INFO  c.h.p.o.HiveMQPlatformReconciler - [helmvolu] Reconciling HiveMQ Platform 'test-hivemq-platform' in namespace 'helmvolumeclaimtemplatesit'
2025-01-30 04:05:47,851 INFO c.h.h.t.HelmChartContainer - [hivemq-test-hivemq-platform] [hivemq-platform-operator] [3cd2b14a] 04:05:47.840 [ReconcilerExecutor-hivemq-controller-114] DEBUG c.h.p.o.HiveMQPlatformReconciler - [helmvolu] Custom Resource Status ROLLING_RESTART - HiveMQ Platform is restarting Pods (rolling restart) (RESTART_PODS_IN_PROGRESS)
2025-01-30 04:05:47,851 INFO c.h.h.t.HelmChartContainer - [hivemq-test-hivemq-platform] [hivemq-platform-operator] [3cd2b14a] 04:05:47.840 [ReconcilerExecutor-hivemq-controller-114] DEBUG c.h.p.o.HiveMQPlatformReconciler - [helmvolu] Custom Resource Spec (replicas: 2) (extensions: 1)
2025-01-30 04:05:47,851 INFO c.h.h.t.HelmChartContainer - [hivemq-test-hivemq-platform] [hivemq-platform-operator] [3cd2b14a] 04:05:47.841 [ReconcilerExecutor-hivemq-controller-114] DEBUG c.h.p.o.HiveMQPlatformReconciler - [helmvolu] StatefulSet Status (revision: test-hivemq-platform-59475f86c9, replicas: 3, available: 2, ready: 2, current: 0, updated: 3)
2025-01-30 04:05:47,851 INFO c.h.h.t.HelmChartContainer - [hivemq-test-hivemq-platform] [hivemq-platform-operator] [3cd2b14a] 04:05:47.841 [ReconcilerExecutor-hivemq-controller-114] DEBUG c.h.p.o.HiveMQPlatformReconciler - [helmvolu] StatefulSet Spec (replicas: 3, init containers: 1, containers: 1, volumes: 4)
2025-01-30 04:05:47,851 INFO c.h.h.t.HelmChartContainer - [hivemq-test-hivemq-platform] [hivemq-platform-operator] [3cd2b14a] 04:05:47.842 [ReconcilerExecutor-hivemq-controller-114] DEBUG c.h.p.o.h.HiveMQPlatformReconcilerErrorHandler - [helmvolu] Pod 'test-hivemq-platform-2' phase Running
2025-01-30 04:05:47,851 INFO c.h.h.t.HelmChartContainer - [hivemq-test-hivemq-platform] [hivemq-platform-operator] [3cd2b14a] 04:05:47.845 [ReconcilerExecutor-hivemq-controller-114] DEBUG c.h.p.o.h.HiveMQPlatformReconcilerErrorHandler - [helmvolu] Pod 'test-hivemq-platform-1' phase Running
2025-01-30 04:05:47,851 INFO c.h.h.t.HelmChartContainer - [hivemq-test-hivemq-platform] [hivemq-platform-operator] [3cd2b14a] 04:05:47.846 [ReconcilerExecutor-hivemq-controller-114] DEBUG c.h.p.o.h.HiveMQPlatformReconcilerErrorHandler - [helmvolu] Pod 'test-hivemq-platform-0' phase Pending
2025-01-30 04:05:47,851 INFO c.h.h.t.HelmChartContainer - [hivemq-test-hivemq-platform] [hivemq-platform-operator] [3cd2b14a] 04:05:47.846 [ReconcilerExecutor-hivemq-controller-114] DEBUG c.h.p.o.h.HiveMQPlatformReconcilerErrorHandler - [helmvolu] Pod 'test-hivemq-platform-0' condition 'PodReadyToStartContainers': True
2025-01-30 04:05:47,851 INFO c.h.h.t.HelmChartContainer - [hivemq-test-hivemq-platform] [hivemq-platform-operator] [3cd2b14a] 04:05:47.846 [ReconcilerExecutor-hivemq-controller-114] DEBUG c.h.p.o.h.HiveMQPlatformReconcilerErrorHandler - [helmvolu] Pod 'test-hivemq-platform-0' condition 'Initialized': True
2025-01-30 04:05:47,851 INFO c.h.h.t.HelmChartContainer - [hivemq-test-hivemq-platform] [hivemq-platform-operator] [3cd2b14a] 04:05:47.846 [ReconcilerExecutor-hivemq-controller-114] DEBUG c.h.p.o.h.HiveMQPlatformReconcilerErrorHandler - [helmvolu] Pod 'test-hivemq-platform-0' condition 'Ready': False
2025-01-30 04:05:47,851 INFO c.h.h.t.HelmChartContainer - [hivemq-test-hivemq-platform] [hivemq-platform-operator] [3cd2b14a] 04:05:47.846 [ReconcilerExecutor-hivemq-controller-114] DEBUG c.h.p.o.h.HiveMQPlatformReconcilerErrorHandler - [helmvolu] Pod 'test-hivemq-platform-0' condition 'ContainersReady': False
2025-01-30 04:05:47,851 INFO c.h.h.t.HelmChartContainer - [hivemq-test-hivemq-platform] [hivemq-platform-operator] [3cd2b14a] 04:05:47.846 [ReconcilerExecutor-hivemq-controller-114] DEBUG c.h.p.o.h.HiveMQPlatformReconcilerErrorHandler - [helmvolu] Pod 'test-hivemq-platform-0' condition 'PodScheduled': True
2025-01-30 04:05:47,851 INFO c.h.h.t.HelmChartContainer - [hivemq-test-hivemq-platform] [hivemq-platform-operator] [3cd2b14a] 04:05:47.846 [ReconcilerExecutor-hivemq-controller-114] DEBUG c.h.p.o.h.HiveMQPlatformReconcilerErrorHandler - [helmvolu] Pod 'test-hivemq-platform-0' containerStatus 'hivemq' (started: false) (ready: false) (waiting: [PodInitializing] null)
2025-01-30 04:05:47,851 INFO c.h.h.t.HelmChartContainer - [hivemq-test-hivemq-platform] [hivemq-platform-operator] [3cd2b14a] 04:05:47.846 [ReconcilerExecutor-hivemq-controller-114] DEBUG c.h.p.o.h.HiveMQPlatformReconcilerRollingRestartHandler - [helmvolu] Rolling restart is waiting for 2 of 3 replicas
2025-01-30 04:05:48,821 INFO c.h.h.t.HelmChartContainer - [POD] test-hivemq-platform-0 [0cda99fe-ad4f-4727-ab2b-fe8d2dbc3d39] in helmvolumeclaimtemplatesit was MODIFIED
2025-01-30 04:05:48,830 INFO c.h.h.t.HelmChartContainer - [hivemq-test-hivemq-platform] [hivemq-platform-operator] [3cd2b14a] 04:05:48.826 [pool-6-thread-20] DEBUG c.h.p.o.d.PlatformServiceResource - [helmvolu] Desired Platform services (3 services)
2025-01-30 04:05:48,830 INFO c.h.h.t.HelmChartContainer - [hivemq-test-hivemq-platform] [hivemq-platform-operator] [3cd2b14a] 04:05:48.827 [pool-6-thread-13] DEBUG c.h.p.o.dependants.PodInfoConfigMap - [helmvolu] Desired PodInfo ConfigMap (1 extensions) (1 enabled)
2025-01-30 04:05:48,830 INFO c.h.h.t.HelmChartContainer - [hivemq-test-hivemq-platform] [hivemq-platform-operator] [3cd2b14a] 04:05:48.828 [pool-6-thread-13] DEBUG c.h.p.o.dependants.PodInfoConfigMap - [helmvolu] Desired PodInfo ConfigMap (metrics port: 9399) (metrics path: /)
2025-01-30 04:05:48,830 INFO c.h.h.t.HelmChartContainer - [hivemq-test-hivemq-platform] [hivemq-platform-operator] [3cd2b14a] 04:05:48.828 [pool-6-thread-13] DEBUG c.h.p.o.dependants.PodInfoConfigMap - [helmvolu] Desired PodInfo ConfigMap (extension state hash: -1817474005)
2025-01-30 04:05:48,830 INFO c.h.h.t.HelmChartContainer - [hivemq-test-hivemq-platform] [hivemq-platform-operator] [3cd2b14a] 04:05:48.829 [pool-6-thread-20] DEBUG c.h.p.o.d.PodServiceAccountResource - [helmvolu] Desired PodServiceAccountResource (serviceAccountName: hivemq-platform-pod-test-hivemq-platform)
2025-01-30 04:05:48,834 INFO c.h.h.t.HelmChartContainer - [EVENT] Normal [Started] Started container hivemq [helmvolumeclaimtemplatesit:test-hivemq-platform-0]
2025-01-30 04:05:48,834 INFO c.h.h.t.HelmChartContainer - Received Started event for container hivemq in pod test-hivemq-platform-0 [0cda99fe-ad4f-4727-ab2b-fe8d2dbc3d39]
2025-01-30 04:05:48,834 INFO c.h.h.t.HelmChartContainer - Started log watcher for hivemq in pod test-hivemq-platform-0 [0cda99fe-ad4f-4727-ab2b-fe8d2dbc3d39]
2025-01-30 04:05:48,835 INFO c.h.h.t.HelmChartContainer - [hivemq-test-hivemq-platform] [hivemq-platform-operator] [3cd2b14a] 04:05:48.831 [pool-6-thread-13] DEBUG c.h.p.o.d.StatefulSetResource - [helmvolu] Desired StatefulSet (3 replicas) for status ROLLING_RESTART (RESTART_PODS_IN_PROGRESS)
2025-01-30 04:05:48,835 INFO c.h.h.t.HelmChartContainer - [hivemq-test-hivemq-platform] [hivemq-platform-operator] [3cd2b14a] 04:05:48.833 [ReconcilerExecutor-hivemq-controller-115] INFO  c.h.p.o.HiveMQPlatformReconciler - [helmvolu] Reconciling HiveMQ Platform 'test-hivemq-platform' in namespace 'helmvolumeclaimtemplatesit'
2025-01-30 04:05:48,835 INFO c.h.h.t.HelmChartContainer - [hivemq-test-hivemq-platform] [hivemq-platform-operator] [3cd2b14a] 04:05:48.833 [ReconcilerExecutor-hivemq-controller-115] DEBUG c.h.p.o.HiveMQPlatformReconciler - [helmvolu] Custom Resource Status ROLLING_RESTART - HiveMQ Platform is restarting Pods (rolling restart) (RESTART_PODS_IN_PROGRESS)
2025-01-30 04:05:48,835 INFO c.h.h.t.HelmChartContainer - [hivemq-test-hivemq-platform] [hivemq-platform-operator] [3cd2b14a] 04:05:48.833 [ReconcilerExecutor-hivemq-controller-115] DEBUG c.h.p.o.HiveMQPlatformReconciler - [helmvolu] Custom Resource Spec (replicas: 2) (extensions: 1)
2025-01-30 04:05:48,837 INFO c.h.h.t.HelmChartContainer - [test-hivemq-platform] [hivemq] [0cda99fe] Adding pre-installed HiveMQ Platform Operator extensions
2025-01-30 04:05:48,837 INFO c.h.h.t.HelmChartContainer - [test-hivemq-platform] [hivemq] [0cda99fe] Running as user 10000
2025-01-30 04:05:48,837 INFO c.h.h.t.HelmChartContainer - [test-hivemq-platform] [hivemq] [0cda99fe] Starting HiveMQ Platform Operator Init
2025-01-30 04:05:48,838 INFO c.h.h.t.HelmChartContainer - [hivemq-test-hivemq-platform] [hivemq-platform-operator] [3cd2b14a] 04:05:48.834 [ReconcilerExecutor-hivemq-controller-115] DEBUG c.h.p.o.HiveMQPlatformReconciler - [helmvolu] StatefulSet Status (revision: test-hivemq-platform-59475f86c9, replicas: 3, available: 2, ready: 2, current: 0, updated: 3)
2025-01-30 04:05:48,838 INFO c.h.h.t.HelmChartContainer - [hivemq-test-hivemq-platform] [hivemq-platform-operator] [3cd2b14a] 04:05:48.834 [ReconcilerExecutor-hivemq-controller-115] DEBUG c.h.p.o.HiveMQPlatformReconciler - [helmvolu] StatefulSet Spec (replicas: 3, init containers: 1, containers: 1, volumes: 4)
2025-01-30 04:05:48,838 INFO c.h.h.t.HelmChartContainer - [hivemq-test-hivemq-platform] [hivemq-platform-operator] [3cd2b14a] 04:05:48.835 [ReconcilerExecutor-hivemq-controller-115] DEBUG c.h.p.o.h.HiveMQPlatformReconcilerErrorHandler - [helmvolu] Pod 'test-hivemq-platform-2' phase Running
2025-01-30 04:05:48,842 INFO c.h.h.t.HelmChartContainer - [hivemq-test-hivemq-platform] [hivemq-platform-operator] [3cd2b14a] 04:05:48.836 [ReconcilerExecutor-hivemq-controller-115] DEBUG c.h.p.o.h.HiveMQPlatformReconcilerErrorHandler - [helmvolu] Pod 'test-hivemq-platform-1' phase Running
2025-01-30 04:05:48,842 INFO c.h.h.t.HelmChartContainer - [hivemq-test-hivemq-platform] [hivemq-platform-operator] [3cd2b14a] 04:05:48.837 [ReconcilerExecutor-hivemq-controller-115] DEBUG c.h.p.o.h.HiveMQPlatformReconcilerErrorHandler - [helmvolu] Pod 'test-hivemq-platform-0' phase Running
2025-01-30 04:05:48,842 INFO c.h.h.t.HelmChartContainer - [hivemq-test-hivemq-platform] [hivemq-platform-operator] [3cd2b14a] 04:05:48.837 [ReconcilerExecutor-hivemq-controller-115] DEBUG c.h.p.o.h.HiveMQPlatformReconcilerRollingRestartHandler - [helmvolu] Rolling restart is waiting for 2 of 3 replicas
2025-01-30 04:05:49,088 INFO c.h.h.t.HelmChartContainer - [test-hivemq-platform] [hivemq] [0cda99fe] INFO  - [HiveMQ Platform Operator Init 1.7.0-SNAPSHOT] HiveMQ Platform Operator Init 1.7.0-SNAPSHOT (commit: 47e3375 on branch: HEAD) built on Thu Jan 30 03:55:50 UTC 2025
2025-01-30 04:05:50,191 INFO c.h.h.t.HelmChartContainer - [test-hivemq-platform] [hivemq] [0cda99fe] INFO  - [HiveMQ Platform Operator Init App 1.7.0-SNAPSHOT] Using bind address 10.42.0.15 from environment variable
2025-01-30 04:05:51,091 INFO c.h.h.t.HelmChartContainer - [test-hivemq-platform] [hivemq] [0cda99fe] INFO  - [HiveMQ Platform Operator Init App 1.7.0-SNAPSHOT] HiveMQ Platform Operator Init App 1.7.0-SNAPSHOT (commit: 47e3375 on branch: HEAD) built on Thu Jan 30 03:55:50 UTC 2025
2025-01-30 04:05:51,091 INFO c.h.h.t.HelmChartContainer - [test-hivemq-platform] [hivemq] [0cda99fe] INFO  - [HiveMQ Platform Operator Init App 1.7.0-SNAPSHOT] PodInfo ConfigMap directory: /etc/podinfo
2025-01-30 04:05:51,091 INFO c.h.h.t.HelmChartContainer - [test-hivemq-platform] [hivemq] [0cda99fe] INFO  - [HiveMQ Platform Operator Init App 1.7.0-SNAPSHOT] HiveMQ home directory: /opt/hivemq
2025-01-30 04:05:51,091 INFO c.h.h.t.HelmChartContainer - [test-hivemq-platform] [hivemq] [0cda99fe] INFO  - [HiveMQ Platform Operator Init App 1.7.0-SNAPSHOT] HiveMQ Logback folder: /opt/hivemq/conf
2025-01-30 04:05:51,091 INFO c.h.h.t.HelmChartContainer - [test-hivemq-platform] [hivemq] [0cda99fe] INFO  - [HiveMQ Platform Operator Init App 1.7.0-SNAPSHOT] HiveMQ Config folder: /opt/hivemq/conf-k8s
2025-01-30 04:05:51,091 INFO c.h.h.t.HelmChartContainer - [test-hivemq-platform] [hivemq] [0cda99fe] INFO  - [HiveMQ Platform Operator Init App 1.7.0-SNAPSHOT] Starting HiveMQ Platform Operator Init App
2025-01-30 04:05:51,091 INFO c.h.h.t.HelmChartContainer - [test-hivemq-platform] [hivemq] [0cda99fe] INFO  - [HiveMQ Platform Operator Init App 1.7.0-SNAPSHOT] Starting Pod reconciler
2025-01-30 04:05:52,286 INFO c.h.h.t.HelmChartContainer - [test-hivemq-platform] [hivemq] [0cda99fe] INFO  - [HiveMQ Platform Operator Init App 1.7.0-SNAPSHOT] Pod reconciler is scheduled (interval: 5000 ms)
2025-01-30 04:05:52,287 INFO c.h.h.t.HelmChartContainer - [test-hivemq-platform] [hivemq] [0cda99fe] INFO  - [HiveMQ Platform Operator Init App 1.7.0-SNAPSHOT] Starting the REST API on 10.42.0.15:7979
2025-01-30 04:05:52,289 INFO c.h.h.t.HelmChartContainer - [test-hivemq-platform] [hivemq] [0cda99fe] INFO  - [HiveMQ Platform Operator Init App 1.7.0-SNAPSHOT] Waiting up to 600s for at most 3 HiveMQ nodes in cluster service hivemq-test-hivemq-platform-cluster.helmvolumeclaimtemplatesit.svc
2025-01-30 04:05:52,617 INFO c.h.h.t.HelmChartContainer - [test-hivemq-platform] [hivemq] [0cda99fe] INFO  - [HiveMQ Platform Operator Init App 1.7.0-SNAPSHOT] Resolved 3 IP addresses: [10.42.0.13, 10.42.0.15, 10.42.0.14]
2025-01-30 04:05:52,618 INFO c.h.h.t.HelmChartContainer - [test-hivemq-platform] [hivemq] [0cda99fe] INFO  - [HiveMQ Platform Operator Init App 1.7.0-SNAPSHOT] HiveMQ node count of 3 is within threshold of 3
2025-01-30 04:05:52,618 INFO c.h.h.t.HelmChartContainer - [test-hivemq-platform] [hivemq] [0cda99fe] INFO  - [HiveMQ Platform Operator Init App 1.7.0-SNAPSHOT] Waiting 15s for previous shutdown replication to finish...
2025-01-30 04:05:54,816 INFO c.h.h.t.HelmChartContainer - [test-hivemq-platform] [hivemq] [0cda99fe] INFO  - [HiveMQ Platform Operator Init App 1.7.0-SNAPSHOT] Returning default Health API response 503 for readiness
2025-01-30 04:05:54,933 INFO c.h.h.t.HelmChartContainer - [EVENT] Warning [Unhealthy] Readiness probe failed: HTTP probe failed with statuscode: 503 [helmvolumeclaimtemplatesit:test-hivemq-platform-0]
2025-01-30 04:05:54,933 INFO c.h.h.t.HelmChartContainer - Received Unhealthy event for container hivemq in pod test-hivemq-platform-0 [0cda99fe-ad4f-4727-ab2b-fe8d2dbc3d39]
2025-01-30 04:05:58,842 INFO c.h.h.t.HelmChartContainer - [hivemq-test-hivemq-platform] [hivemq-platform-operator] [3cd2b14a] 04:05:58.840 [pool-6-thread-30] DEBUG c.h.p.o.d.PlatformServiceResource - [helmvolu] Desired Platform services (3 services)
2025-01-30 04:05:58,842 INFO c.h.h.t.HelmChartContainer - [hivemq-test-hivemq-platform] [hivemq-platform-operator] [3cd2b14a] 04:05:58.840 [pool-6-thread-21] DEBUG c.h.p.o.d.PodServiceAccountResource - [helmvolu] Desired PodServiceAccountResource (serviceAccountName: hivemq-platform-pod-test-hivemq-platform)
2025-01-30 04:05:58,843 INFO c.h.h.t.HelmChartContainer - [hivemq-test-hivemq-platform] [hivemq-platform-operator] [3cd2b14a] 04:05:58.841 [pool-6-thread-27] DEBUG c.h.p.o.dependants.PodInfoConfigMap - [helmvolu] Desired PodInfo ConfigMap (1 extensions) (1 enabled)
2025-01-30 04:05:58,843 INFO c.h.h.t.HelmChartContainer - [hivemq-test-hivemq-platform] [hivemq-platform-operator] [3cd2b14a] 04:05:58.841 [pool-6-thread-27] DEBUG c.h.p.o.dependants.PodInfoConfigMap - [helmvolu] Desired PodInfo ConfigMap (metrics port: 9399) (metrics path: /)
2025-01-30 04:05:58,843 INFO c.h.h.t.HelmChartContainer - [hivemq-test-hivemq-platform] [hivemq-platform-operator] [3cd2b14a] 04:05:58.841 [pool-6-thread-27] DEBUG c.h.p.o.dependants.PodInfoConfigMap - [helmvolu] Desired PodInfo ConfigMap (extension state hash: -1817474005)
2025-01-30 04:05:58,844 INFO c.h.h.t.HelmChartContainer - [hivemq-test-hivemq-platform] [hivemq-platform-operator] [3cd2b14a] 04:05:58.843 [pool-6-thread-30] DEBUG c.h.p.o.d.StatefulSetResource - [helmvolu] Desired StatefulSet (3 replicas) for status ROLLING_RESTART (RESTART_PODS_IN_PROGRESS)
2025-01-30 04:05:58,846 INFO c.h.h.t.HelmChartContainer - [hivemq-test-hivemq-platform] [hivemq-platform-operator] [3cd2b14a] 04:05:58.846 [ReconcilerExecutor-hivemq-controller-116] INFO  c.h.p.o.HiveMQPlatformReconciler - [helmvolu] Reconciling HiveMQ Platform 'test-hivemq-platform' in namespace 'helmvolumeclaimtemplatesit'
2025-01-30 04:05:58,846 INFO c.h.h.t.HelmChartContainer - [hivemq-test-hivemq-platform] [hivemq-platform-operator] [3cd2b14a] 04:05:58.846 [ReconcilerExecutor-hivemq-controller-116] DEBUG c.h.p.o.HiveMQPlatformReconciler - [helmvolu] Custom Resource Status ROLLING_RESTART - HiveMQ Platform is restarting Pods (rolling restart) (RESTART_PODS_IN_PROGRESS)
2025-01-30 04:05:58,846 INFO c.h.h.t.HelmChartContainer - [hivemq-test-hivemq-platform] [hivemq-platform-operator] [3cd2b14a] 04:05:58.846 [ReconcilerExecutor-hivemq-controller-116] DEBUG c.h.p.o.HiveMQPlatformReconciler - [helmvolu] Custom Resource Spec (replicas: 2) (extensions: 1)
2025-01-30 04:05:58,847 INFO c.h.h.t.HelmChartContainer - [hivemq-test-hivemq-platform] [hivemq-platform-operator] [3cd2b14a] 04:05:58.847 [ReconcilerExecutor-hivemq-controller-116] DEBUG c.h.p.o.HiveMQPlatformReconciler - [helmvolu] StatefulSet Status (revision: test-hivemq-platform-59475f86c9, replicas: 3, available: 2, ready: 2, current: 0, updated: 3)
2025-01-30 04:05:58,847 INFO c.h.h.t.HelmChartContainer - [hivemq-test-hivemq-platform] [hivemq-platform-operator] [3cd2b14a] 04:05:58.847 [ReconcilerExecutor-hivemq-controller-116] DEBUG c.h.p.o.HiveMQPlatformReconciler - [helmvolu] StatefulSet Spec (replicas: 3, init containers: 1, containers: 1, volumes: 4)
2025-01-30 04:05:58,848 INFO c.h.h.t.HelmChartContainer - [hivemq-test-hivemq-platform] [hivemq-platform-operator] [3cd2b14a] 04:05:58.848 [ReconcilerExecutor-hivemq-controller-116] DEBUG c.h.p.o.h.HiveMQPlatformReconcilerErrorHandler - [helmvolu] Pod 'test-hivemq-platform-2' phase Running
2025-01-30 04:05:58,850 INFO c.h.h.t.HelmChartContainer - [hivemq-test-hivemq-platform] [hivemq-platform-operator] [3cd2b14a] 04:05:58.849 [ReconcilerExecutor-hivemq-controller-116] DEBUG c.h.p.o.h.HiveMQPlatformReconcilerErrorHandler - [helmvolu] Pod 'test-hivemq-platform-1' phase Running
2025-01-30 04:05:58,851 INFO c.h.h.t.HelmChartContainer - [hivemq-test-hivemq-platform] [hivemq-platform-operator] [3cd2b14a] 04:05:58.849 [ReconcilerExecutor-hivemq-controller-116] DEBUG c.h.p.o.h.HiveMQPlatformReconcilerErrorHandler - [helmvolu] Pod 'test-hivemq-platform-0' phase Running
2025-01-30 04:05:58,852 INFO c.h.h.t.HelmChartContainer - [hivemq-test-hivemq-platform] [hivemq-platform-operator] [3cd2b14a] 04:05:58.850 [ReconcilerExecutor-hivemq-controller-116] DEBUG c.h.p.o.h.HiveMQPlatformReconcilerRollingRestartHandler - [helmvolu] Rolling restart is waiting for 2 of 3 replicas
2025-01-30 04:05:59,689 INFO c.h.h.t.HelmChartContainer - [test-hivemq-platform] [hivemq] [0cda99fe] INFO  - [HiveMQ Platform Operator Init App 1.7.0-SNAPSHOT] Updating Pod HiveMQ Platform Operator Init App version annotation (version: 1.7.0-SNAPSHOT)
2025-01-30 04:05:59,816 INFO c.h.h.t.HelmChartContainer - [EVENT] Warning [Unhealthy] Readiness probe failed: HTTP probe failed with statuscode: 503 [helmvolumeclaimtemplatesit:test-hivemq-platform-0]
2025-01-30 04:05:59,816 INFO c.h.h.t.HelmChartContainer - Received Unhealthy event for container hivemq in pod test-hivemq-platform-0 [0cda99fe-ad4f-4727-ab2b-fe8d2dbc3d39]
2025-01-30 04:06:00,002 INFO c.h.h.t.HelmChartContainer - [POD] test-hivemq-platform-0 [0cda99fe-ad4f-4727-ab2b-fe8d2dbc3d39] in helmvolumeclaimtemplatesit was MODIFIED
2025-01-30 04:06:00,005 INFO c.h.h.t.HelmChartContainer - [EVENT] Warning [Unhealthy] Readiness probe failed: HTTP probe failed with statuscode: 503 [helmvolumeclaimtemplatesit:test-hivemq-platform-0]
2025-01-30 04:06:00,005 INFO c.h.h.t.HelmChartContainer - Received Unhealthy event for container hivemq in pod test-hivemq-platform-0 [0cda99fe-ad4f-4727-ab2b-fe8d2dbc3d39]
2025-01-30 04:06:00,006 INFO c.h.h.t.HelmChartContainer - [hivemq-test-hivemq-platform] [hivemq-platform-operator] [3cd2b14a] 04:06:00.005 [pool-6-thread-33] DEBUG c.h.p.o.d.PlatformServiceResource - [helmvolu] Desired Platform services (3 services)
2025-01-30 04:06:00,007 INFO c.h.h.t.HelmChartContainer - [hivemq-test-hivemq-platform] [hivemq-platform-operator] [3cd2b14a] 04:06:00.006 [pool-6-thread-37] DEBUG c.h.p.o.dependants.PodInfoConfigMap - [helmvolu] Desired PodInfo ConfigMap (1 extensions) (1 enabled)
2025-01-30 04:06:00,007 INFO c.h.h.t.HelmChartContainer - [hivemq-test-hivemq-platform] [hivemq-platform-operator] [3cd2b14a] 04:06:00.006 [pool-6-thread-37] DEBUG c.h.p.o.dependants.PodInfoConfigMap - [helmvolu] Desired PodInfo ConfigMap (metrics port: 9399) (metrics path: /)
2025-01-30 04:06:00,008 INFO c.h.h.t.HelmChartContainer - [hivemq-test-hivemq-platform] [hivemq-platform-operator] [3cd2b14a] 04:06:00.006 [pool-6-thread-37] DEBUG c.h.p.o.dependants.PodInfoConfigMap - [helmvolu] Desired PodInfo ConfigMap (extension state hash: -1817474005)
2025-01-30 04:06:00,009 INFO c.h.h.t.HelmChartContainer - [hivemq-test-hivemq-platform] [hivemq-platform-operator] [3cd2b14a] 04:06:00.006 [pool-6-thread-39] DEBUG c.h.p.o.d.PodServiceAccountResource - [helmvolu] Desired PodServiceAccountResource (serviceAccountName: hivemq-platform-pod-test-hivemq-platform)
2025-01-30 04:06:00,012 INFO c.h.h.t.HelmChartContainer - [hivemq-test-hivemq-platform] [hivemq-platform-operator] [3cd2b14a] 04:06:00.011 [pool-6-thread-33] DEBUG c.h.p.o.d.StatefulSetResource - [helmvolu] Desired StatefulSet (3 replicas) for status ROLLING_RESTART (RESTART_PODS_IN_PROGRESS)
2025-01-30 04:06:00,015 INFO c.h.h.t.HelmChartContainer - [hivemq-test-hivemq-platform] [hivemq-platform-operator] [3cd2b14a] 04:06:00.014 [ReconcilerExecutor-hivemq-controller-117] INFO  c.h.p.o.HiveMQPlatformReconciler - [helmvolu] Reconciling HiveMQ Platform 'test-hivemq-platform' in namespace 'helmvolumeclaimtemplatesit'
2025-01-30 04:06:00,016 INFO c.h.h.t.HelmChartContainer - [hivemq-test-hivemq-platform] [hivemq-platform-operator] [3cd2b14a] 04:06:00.014 [ReconcilerExecutor-hivemq-controller-117] DEBUG c.h.p.o.HiveMQPlatformReconciler - [helmvolu] Custom Resource Status ROLLING_RESTART - HiveMQ Platform is restarting Pods (rolling restart) (RESTART_PODS_IN_PROGRESS)
2025-01-30 04:06:00,016 INFO c.h.h.t.HelmChartContainer - [hivemq-test-hivemq-platform] [hivemq-platform-operator] [3cd2b14a] 04:06:00.014 [ReconcilerExecutor-hivemq-controller-117] DEBUG c.h.p.o.HiveMQPlatformReconciler - [helmvolu] Custom Resource Spec (replicas: 2) (extensions: 1)
2025-01-30 04:06:00,016 INFO c.h.h.t.HelmChartContainer - [hivemq-test-hivemq-platform] [hivemq-platform-operator] [3cd2b14a] 04:06:00.015 [ReconcilerExecutor-hivemq-controller-117] DEBUG c.h.p.o.HiveMQPlatformReconciler - [helmvolu] StatefulSet Status (revision: test-hivemq-platform-59475f86c9, replicas: 3, available: 2, ready: 2, current: 0, updated: 3)
2025-01-30 04:06:00,017 INFO c.h.h.t.HelmChartContainer - [hivemq-test-hivemq-platform] [hivemq-platform-operator] [3cd2b14a] 04:06:00.016 [ReconcilerExecutor-hivemq-controller-117] DEBUG c.h.p.o.HiveMQPlatformReconciler - [helmvolu] StatefulSet Spec (replicas: 3, init containers: 1, containers: 1, volumes: 4)
2025-01-30 04:06:00,018 INFO c.h.h.t.HelmChartContainer - [hivemq-test-hivemq-platform] [hivemq-platform-operator] [3cd2b14a] 04:06:00.018 [ReconcilerExecutor-hivemq-controller-117] DEBUG c.h.p.o.h.HiveMQPlatformReconcilerErrorHandler - [helmvolu] Pod 'test-hivemq-platform-2' phase Running
2025-01-30 04:06:00,020 INFO c.h.h.t.HelmChartContainer - [hivemq-test-hivemq-platform] [hivemq-platform-operator] [3cd2b14a] 04:06:00.019 [ReconcilerExecutor-hivemq-controller-117] DEBUG c.h.p.o.h.HiveMQPlatformReconcilerErrorHandler - [helmvolu] Pod 'test-hivemq-platform-1' phase Running
2025-01-30 04:06:00,021 INFO c.h.h.t.HelmChartContainer - [hivemq-test-hivemq-platform] [hivemq-platform-operator] [3cd2b14a] 04:06:00.020 [ReconcilerExecutor-hivemq-controller-117] DEBUG c.h.p.o.h.HiveMQPlatformReconcilerErrorHandler - [helmvolu] Pod 'test-hivemq-platform-0' phase Running
2025-01-30 04:06:00,022 INFO c.h.h.t.HelmChartContainer - [hivemq-test-hivemq-platform] [hivemq-platform-operator] [3cd2b14a] 04:06:00.021 [ReconcilerExecutor-hivemq-controller-117] DEBUG c.h.p.o.h.HiveMQPlatformReconcilerRollingRestartHandler - [helmvolu] Rolling restart is waiting for 2 of 3 replicas
2025-01-30 04:06:00,023 INFO c.h.h.t.HelmChartContainer - [test-hivemq-platform] [hivemq] [0cda99fe] INFO  - [HiveMQ Platform Operator Init App 1.7.0-SNAPSHOT] Successfully updated Pod HiveMQ Platform Operator Init App version annotation (version: 1.7.0-SNAPSHOT)
2025-01-30 04:06:05,003 INFO c.h.h.t.HelmChartContainer - [EVENT] Warning [Unhealthy] Readiness probe failed: HTTP probe failed with statuscode: 503 [helmvolumeclaimtemplatesit:test-hivemq-platform-0]
2025-01-30 04:06:05,003 INFO c.h.h.t.HelmChartContainer - Received Unhealthy event for container hivemq in pod test-hivemq-platform-0 [0cda99fe-ad4f-4727-ab2b-fe8d2dbc3d39]
2025-01-30 04:06:07,618 INFO c.h.h.t.HelmChartContainer - [test-hivemq-platform] [hivemq] [0cda99fe] INFO  - [HiveMQ Platform Operator Init App 1.7.0-SNAPSHOT] Proceeding with container start
2025-01-30 04:06:07,621 INFO c.h.h.t.HelmChartContainer - [test-hivemq-platform] [hivemq] [0cda99fe] INFO  - [HiveMQ Platform Operator Init App 1.7.0-SNAPSHOT] Initializing HiveMQ Platform extensions with initial configuration: {hivemq-allow-all-extension={start-priority=-1, skip-https-hostname-verification=false, restart=true, config-version=0, header-version=0, c-uri=, priority=-1, uri=preinstalled, skip-https-certificate-validation=false, enabled=true}, hivemq-prometheus-extension={enabled=true, restart=true, priority=-1, start-priority=-1, c-uri=, skip-https-hostname-verification=false, skip-https-certificate-validation=false, uri=preinstalled, request-header-path=no-request-headers}}
2025-01-30 04:06:08,019 INFO c.h.h.t.HelmChartContainer - [test-hivemq-platform] [hivemq] [0cda99fe] INFO  - [HiveMQ Platform Operator Init App 1.7.0-SNAPSHOT] Extension hivemq-allow-all-extension was already enabled
2025-01-30 04:06:08,028 INFO c.h.h.t.HelmChartContainer - [test-hivemq-platform] [hivemq] [0cda99fe] INFO  - [HiveMQ Platform Operator Init App 1.7.0-SNAPSHOT] Successfully enabled extension hivemq-prometheus-extension
2025-01-30 04:06:08,029 INFO c.h.h.t.HelmChartContainer - [test-hivemq-platform] [hivemq] [0cda99fe] INFO  - [HiveMQ Platform Operator Init App 1.7.0-SNAPSHOT] Starting HiveMQ Platform version 4.36.0 (4.36.0)
2025-01-30 04:06:08,029 INFO c.h.h.t.HelmChartContainer - [test-hivemq-platform] [hivemq] [0cda99fe] INFO  - [HiveMQ Platform Operator Init App 1.7.0-SNAPSHOT] Configuring the HiveMQ Platform
2025-01-30 04:06:08,117 INFO c.h.h.t.HelmChartContainer - [test-hivemq-platform] [hivemq] [0cda99fe] INFO  - [HiveMQ Platform Operator Init App 1.7.0-SNAPSHOT] Changed logback.xml file scan period to 20 seconds
2025-01-30 04:06:08,126 INFO c.h.h.t.HelmChartContainer - [test-hivemq-platform] [hivemq] [0cda99fe] INFO  - [HiveMQ Platform Operator Init App 1.7.0-SNAPSHOT] Starting the HiveMQ Platform
2025-01-30 04:06:08,214 INFO c.h.h.t.HelmChartContainer - [test-hivemq-platform] [hivemq] [0cda99fe] -------------------------------------------------------------------------
2025-01-30 04:06:08,214 INFO c.h.h.t.HelmChartContainer - [test-hivemq-platform] [hivemq] [0cda99fe] 
2025-01-30 04:06:08,214 INFO c.h.h.t.HelmChartContainer - [test-hivemq-platform] [hivemq] [0cda99fe]                   _    _  _              __  __   ____
2025-01-30 04:06:08,214 INFO c.h.h.t.HelmChartContainer - [test-hivemq-platform] [hivemq] [0cda99fe]                  | |  | |(_)            |  \/  | / __ \
2025-01-30 04:06:08,214 INFO c.h.h.t.HelmChartContainer - [test-hivemq-platform] [hivemq] [0cda99fe]                  | |__| | _ __   __ ___ | \  / || |  | |
2025-01-30 04:06:08,214 INFO c.h.h.t.HelmChartContainer - [test-hivemq-platform] [hivemq] [0cda99fe]                  |  __  || |\ \ / // _ \| |\/| || |  | |
2025-01-30 04:06:08,214 INFO c.h.h.t.HelmChartContainer - [test-hivemq-platform] [hivemq] [0cda99fe]                  | |  | || | \ V /|  __/| |  | || |__| |
2025-01-30 04:06:08,215 INFO c.h.h.t.HelmChartContainer - [test-hivemq-platform] [hivemq] [0cda99fe]                  |_|  |_||_|  \_/  \___||_|  |_| \___\_\
2025-01-30 04:06:08,215 INFO c.h.h.t.HelmChartContainer - [test-hivemq-platform] [hivemq] [0cda99fe] 
2025-01-30 04:06:08,215 INFO c.h.h.t.HelmChartContainer - [test-hivemq-platform] [hivemq] [0cda99fe] -------------------------------------------------------------------------
2025-01-30 04:06:08,215 INFO c.h.h.t.HelmChartContainer - [test-hivemq-platform] [hivemq] [0cda99fe] 
2025-01-30 04:06:08,215 INFO c.h.h.t.HelmChartContainer - [test-hivemq-platform] [hivemq] [0cda99fe]   HiveMQ Start Script for Linux/Unix v1.14
2025-01-30 04:06:08,215 INFO c.h.h.t.HelmChartContainer - [test-hivemq-platform] [hivemq] [0cda99fe] 
2025-01-30 04:06:08,317 INFO c.h.h.t.HelmChartContainer - [test-hivemq-platform] [hivemq] [0cda99fe] -------------------------------------------------------------------------
2025-01-30 04:06:08,318 INFO c.h.h.t.HelmChartContainer - [test-hivemq-platform] [hivemq] [0cda99fe] 
2025-01-30 04:06:08,318 INFO c.h.h.t.HelmChartContainer - [test-hivemq-platform] [hivemq] [0cda99fe]   HIVEMQ_HOME: /opt/hivemq
2025-01-30 04:06:08,318 INFO c.h.h.t.HelmChartContainer - [test-hivemq-platform] [hivemq] [0cda99fe] 
2025-01-30 04:06:08,318 INFO c.h.h.t.HelmChartContainer - [test-hivemq-platform] [hivemq] [0cda99fe]   JAVA_OPTS: -XX:+UnlockExperimentalVMOptions -XX:InitialRAMPercentage=50 -XX:MaxRAMPercentage=50 -Djava.net.preferIPv4Stack=true --add-opens java.base/java.lang=ALL-UNNAMED --add-opens java.base/java.nio=ALL-UNNAMED --add-opens java.base/sun.nio.ch=ALL-UNNAMED --add-opens jdk.management/com.sun.management.internal=ALL-UNNAMED --add-exports java.base/jdk.internal.misc=ALL-UNNAMED -Djava.security.egd=file:/dev/./urandom -Dcom.sun.management.jmxremote -Dcom.sun.management.jmxremote.port=9010 -Dcom.sun.management.jmxremote.local.only=false -Dcom.sun.management.jmxremote.authenticate=false -Dcom.sun.management.jmxremote.ssl=false -Duser.language=en -Duser.region=US -XX:+CrashOnOutOfMemoryError -XX:+HeapDumpOnOutOfMemoryError
2025-01-30 04:06:08,318 INFO c.h.h.t.HelmChartContainer - [test-hivemq-platform] [hivemq] [0cda99fe] 
2025-01-30 04:06:08,318 INFO c.h.h.t.HelmChartContainer - [test-hivemq-platform] [hivemq] [0cda99fe]   JAVA_VERSION: 21
2025-01-30 04:06:08,318 INFO c.h.h.t.HelmChartContainer - [test-hivemq-platform] [hivemq] [0cda99fe] 
2025-01-30 04:06:08,318 INFO c.h.h.t.HelmChartContainer - [test-hivemq-platform] [hivemq] [0cda99fe] -------------------------------------------------------------------------
2025-01-30 04:06:08,318 INFO c.h.h.t.HelmChartContainer - [test-hivemq-platform] [hivemq] [0cda99fe] 
2025-01-30 04:06:10,018 INFO c.h.h.t.HelmChartContainer - [EVENT] Warning [Unhealthy] Readiness probe failed: HTTP probe failed with statuscode: 503 [helmvolumeclaimtemplatesit:test-hivemq-platform-0]
2025-01-30 04:06:10,018 INFO c.h.h.t.HelmChartContainer - Received Unhealthy event for container hivemq in pod test-hivemq-platform-0 [0cda99fe-ad4f-4727-ab2b-fe8d2dbc3d39]
2025-01-30 04:06:10,028 INFO c.h.h.t.HelmChartContainer - [hivemq-test-hivemq-platform] [hivemq-platform-operator] [3cd2b14a] 04:06:10.025 [pool-6-thread-45] DEBUG c.h.p.o.d.PlatformServiceResource - [helmvolu] Desired Platform services (3 services)
2025-01-30 04:06:10,029 INFO c.h.h.t.HelmChartContainer - [hivemq-test-hivemq-platform] [hivemq-platform-operator] [3cd2b14a] 04:06:10.027 [pool-6-thread-50] DEBUG c.h.p.o.d.PodServiceAccountResource - [helmvolu] Desired PodServiceAccountResource (serviceAccountName: hivemq-platform-pod-test-hivemq-platform)
2025-01-30 04:06:10,029 INFO c.h.h.t.HelmChartContainer - [hivemq-test-hivemq-platform] [hivemq-platform-operator] [3cd2b14a] 04:06:10.028 [pool-6-thread-47] DEBUG c.h.p.o.dependants.PodInfoConfigMap - [helmvolu] Desired PodInfo ConfigMap (1 extensions) (1 enabled)
2025-01-30 04:06:10,029 INFO c.h.h.t.HelmChartContainer - [hivemq-test-hivemq-platform] [hivemq-platform-operator] [3cd2b14a] 04:06:10.028 [pool-6-thread-47] DEBUG c.h.p.o.dependants.PodInfoConfigMap - [helmvolu] Desired PodInfo ConfigMap (metrics port: 9399) (metrics path: /)
2025-01-30 04:06:10,029 INFO c.h.h.t.HelmChartContainer - [hivemq-test-hivemq-platform] [hivemq-platform-operator] [3cd2b14a] 04:06:10.028 [pool-6-thread-47] DEBUG c.h.p.o.dependants.PodInfoConfigMap - [helmvolu] Desired PodInfo ConfigMap (extension state hash: -1817474005)
2025-01-30 04:06:10,031 INFO c.h.h.t.HelmChartContainer - [hivemq-test-hivemq-platform] [hivemq-platform-operator] [3cd2b14a] 04:06:10.030 [pool-6-thread-45] DEBUG c.h.p.o.d.StatefulSetResource - [helmvolu] Desired StatefulSet (3 replicas) for status ROLLING_RESTART (RESTART_PODS_IN_PROGRESS)
2025-01-30 04:06:10,034 INFO c.h.h.t.HelmChartContainer - [hivemq-test-hivemq-platform] [hivemq-platform-operator] [3cd2b14a] 04:06:10.033 [ReconcilerExecutor-hivemq-controller-118] INFO  c.h.p.o.HiveMQPlatformReconciler - [helmvolu] Reconciling HiveMQ Platform 'test-hivemq-platform' in namespace 'helmvolumeclaimtemplatesit'
2025-01-30 04:06:10,035 INFO c.h.h.t.HelmChartContainer - [hivemq-test-hivemq-platform] [hivemq-platform-operator] [3cd2b14a] 04:06:10.033 [ReconcilerExecutor-hivemq-controller-118] DEBUG c.h.p.o.HiveMQPlatformReconciler - [helmvolu] Custom Resource Status ROLLING_RESTART - HiveMQ Platform is restarting Pods (rolling restart) (RESTART_PODS_IN_PROGRESS)
2025-01-30 04:06:10,035 INFO c.h.h.t.HelmChartContainer - [hivemq-test-hivemq-platform] [hivemq-platform-operator] [3cd2b14a] 04:06:10.033 [ReconcilerExecutor-hivemq-controller-118] DEBUG c.h.p.o.HiveMQPlatformReconciler - [helmvolu] Custom Resource Spec (replicas: 2) (extensions: 1)
2025-01-30 04:06:10,035 INFO c.h.h.t.HelmChartContainer - [hivemq-test-hivemq-platform] [hivemq-platform-operator] [3cd2b14a] 04:06:10.034 [ReconcilerExecutor-hivemq-controller-118] DEBUG c.h.p.o.HiveMQPlatformReconciler - [helmvolu] StatefulSet Status (revision: test-hivemq-platform-59475f86c9, replicas: 3, available: 2, ready: 2, current: 0, updated: 3)
2025-01-30 04:06:10,036 INFO c.h.h.t.HelmChartContainer - [hivemq-test-hivemq-platform] [hivemq-platform-operator] [3cd2b14a] 04:06:10.034 [ReconcilerExecutor-hivemq-controller-118] DEBUG c.h.p.o.HiveMQPlatformReconciler - [helmvolu] StatefulSet Spec (replicas: 3, init containers: 1, containers: 1, volumes: 4)
2025-01-30 04:06:10,037 INFO c.h.h.t.HelmChartContainer - [hivemq-test-hivemq-platform] [hivemq-platform-operator] [3cd2b14a] 04:06:10.035 [ReconcilerExecutor-hivemq-controller-118] DEBUG c.h.p.o.h.HiveMQPlatformReconcilerErrorHandler - [helmvolu] Pod 'test-hivemq-platform-2' phase Running
2025-01-30 04:06:10,038 INFO c.h.h.t.HelmChartContainer - [hivemq-test-hivemq-platform] [hivemq-platform-operator] [3cd2b14a] 04:06:10.036 [ReconcilerExecutor-hivemq-controller-118] DEBUG c.h.p.o.h.HiveMQPlatformReconcilerErrorHandler - [helmvolu] Pod 'test-hivemq-platform-1' phase Running
2025-01-30 04:06:10,038 INFO c.h.h.t.HelmChartContainer - [hivemq-test-hivemq-platform] [hivemq-platform-operator] [3cd2b14a] 04:06:10.037 [ReconcilerExecutor-hivemq-controller-118] DEBUG c.h.p.o.h.HiveMQPlatformReconcilerErrorHandler - [helmvolu] Pod 'test-hivemq-platform-0' phase Running
2025-01-30 04:06:10,038 INFO c.h.h.t.HelmChartContainer - [hivemq-test-hivemq-platform] [hivemq-platform-operator] [3cd2b14a] 04:06:10.037 [ReconcilerExecutor-hivemq-controller-118] DEBUG c.h.p.o.h.HiveMQPlatformReconcilerRollingRestartHandler - [helmvolu] Rolling restart is waiting for 2 of 3 replicas
2025-01-30 04:06:10,718 INFO c.h.h.t.HelmChartContainer - [test-hivemq-platform] [hivemq] [0cda99fe] INFO  - Starting HiveMQ Enterprise Server
2025-01-30 04:06:10,724 INFO c.h.h.t.HelmChartContainer - [test-hivemq-platform] [hivemq] [0cda99fe] INFO  - HiveMQ version: 4.36.0
2025-01-30 04:06:10,724 INFO c.h.h.t.HelmChartContainer - [test-hivemq-platform] [hivemq] [0cda99fe] INFO  - HiveMQ home directory: /opt/hivemq
2025-01-30 04:06:10,724 INFO c.h.h.t.HelmChartContainer - [test-hivemq-platform] [hivemq] [0cda99fe] INFO  - Log Configuration was overridden by /opt/hivemq/conf/logback.xml
2025-01-30 04:06:12,016 INFO c.h.h.t.HelmChartContainer - [test-hivemq-platform] [hivemq] [0cda99fe] INFO  - Successfully loaded configuration from '/opt/hivemq/conf-k8s/config.xml'.
2025-01-30 04:06:12,327 INFO c.h.h.t.HelmChartContainer - [test-hivemq-platform] [hivemq] [0cda99fe] INFO  - This node's ID is kfKzb
2025-01-30 04:06:12,624 INFO c.h.h.t.HelmChartContainer - [test-hivemq-platform] [hivemq] [0cda99fe] INFO  - Clustering is enabled
2025-01-30 04:06:15,214 INFO c.h.h.t.HelmChartContainer - [test-hivemq-platform] [hivemq] [0cda99fe] WARN  - [HiveMQ Platform Operator Init App 1.7.0-SNAPSHOT] Cannot connect to Health API for readiness: null
2025-01-30 04:06:15,219 INFO c.h.h.t.HelmChartContainer - [EVENT] Warning [Unhealthy] Readiness probe failed: HTTP probe failed with statuscode: 503 [helmvolumeclaimtemplatesit:test-hivemq-platform-0]
2025-01-30 04:06:15,219 INFO c.h.h.t.HelmChartContainer - Received Unhealthy event for container hivemq in pod test-hivemq-platform-0 [0cda99fe-ad4f-4727-ab2b-fe8d2dbc3d39]
2025-01-30 04:06:17,214 INFO c.h.h.t.HelmChartContainer - [test-hivemq-platform] [hivemq] [0cda99fe] WARN  - [HiveMQ Platform Operator Init App 1.7.0-SNAPSHOT] Cannot connect to Health API for liveness: null
2025-01-30 04:06:17,215 INFO c.h.h.t.HelmChartContainer - [test-hivemq-platform] [hivemq] [0cda99fe] INFO  - [HiveMQ Platform Operator Init App 1.7.0-SNAPSHOT] Returning default Health API response 200 for liveness
2025-01-30 04:06:20,013 INFO c.h.h.t.HelmChartContainer - [test-hivemq-platform] [hivemq] [0cda99fe] WARN  - [HiveMQ Platform Operator Init App 1.7.0-SNAPSHOT] Cannot connect to Health API for readiness: null
2025-01-30 04:06:20,018 INFO c.h.h.t.HelmChartContainer - [EVENT] Warning [Unhealthy] Readiness probe failed: HTTP probe failed with statuscode: 503 [helmvolumeclaimtemplatesit:test-hivemq-platform-0]
2025-01-30 04:06:20,018 INFO c.h.h.t.HelmChartContainer - Received Unhealthy event for container hivemq in pod test-hivemq-platform-0 [0cda99fe-ad4f-4727-ab2b-fe8d2dbc3d39]
2025-01-30 04:06:20,041 INFO c.h.h.t.HelmChartContainer - [hivemq-test-hivemq-platform] [hivemq-platform-operator] [3cd2b14a] 04:06:20.039 [pool-6-thread-8] DEBUG c.h.p.o.d.PlatformServiceResource - [helmvolu] Desired Platform services (3 services)
2025-01-30 04:06:20,041 INFO c.h.h.t.HelmChartContainer - [hivemq-test-hivemq-platform] [hivemq-platform-operator] [3cd2b14a] 04:06:20.039 [pool-6-thread-1] DEBUG c.h.p.o.dependants.PodInfoConfigMap - [helmvolu] Desired PodInfo ConfigMap (1 extensions) (1 enabled)
2025-01-30 04:06:20,042 INFO c.h.h.t.HelmChartContainer - [hivemq-test-hivemq-platform] [hivemq-platform-operator] [3cd2b14a] 04:06:20.041 [pool-6-thread-1] DEBUG c.h.p.o.dependants.PodInfoConfigMap - [helmvolu] Desired PodInfo ConfigMap (metrics port: 9399) (metrics path: /)
2025-01-30 04:06:20,042 INFO c.h.h.t.HelmChartContainer - [hivemq-test-hivemq-platform] [hivemq-platform-operator] [3cd2b14a] 04:06:20.041 [pool-6-thread-1] DEBUG c.h.p.o.dependants.PodInfoConfigMap - [helmvolu] Desired PodInfo ConfigMap (extension state hash: -1817474005)
2025-01-30 04:06:20,042 INFO c.h.h.t.HelmChartContainer - [hivemq-test-hivemq-platform] [hivemq-platform-operator] [3cd2b14a] 04:06:20.040 [pool-6-thread-6] DEBUG c.h.p.o.d.PodServiceAccountResource - [helmvolu] Desired PodServiceAccountResource (serviceAccountName: hivemq-platform-pod-test-hivemq-platform)
2025-01-30 04:06:20,044 INFO c.h.h.t.HelmChartContainer - [hivemq-test-hivemq-platform] [hivemq-platform-operator] [3cd2b14a] 04:06:20.043 [pool-6-thread-9] DEBUG c.h.p.o.d.StatefulSetResource - [helmvolu] Desired StatefulSet (3 replicas) for status ROLLING_RESTART (RESTART_PODS_IN_PROGRESS)
2025-01-30 04:06:20,048 INFO c.h.h.t.HelmChartContainer - [hivemq-test-hivemq-platform] [hivemq-platform-operator] [3cd2b14a] 04:06:20.046 [ReconcilerExecutor-hivemq-controller-119] INFO  c.h.p.o.HiveMQPlatformReconciler - [helmvolu] Reconciling HiveMQ Platform 'test-hivemq-platform' in namespace 'helmvolumeclaimtemplatesit'
2025-01-30 04:06:20,048 INFO c.h.h.t.HelmChartContainer - [hivemq-test-hivemq-platform] [hivemq-platform-operator] [3cd2b14a] 04:06:20.046 [ReconcilerExecutor-hivemq-controller-119] DEBUG c.h.p.o.HiveMQPlatformReconciler - [helmvolu] Custom Resource Status ROLLING_RESTART - HiveMQ Platform is restarting Pods (rolling restart) (RESTART_PODS_IN_PROGRESS)
2025-01-30 04:06:20,048 INFO c.h.h.t.HelmChartContainer - [hivemq-test-hivemq-platform] [hivemq-platform-operator] [3cd2b14a] 04:06:20.046 [ReconcilerExecutor-hivemq-controller-119] DEBUG c.h.p.o.HiveMQPlatformReconciler - [helmvolu] Custom Resource Spec (replicas: 2) (extensions: 1)
2025-01-30 04:06:20,049 INFO c.h.h.t.HelmChartContainer - [hivemq-test-hivemq-platform] [hivemq-platform-operator] [3cd2b14a] 04:06:20.047 [ReconcilerExecutor-hivemq-controller-119] DEBUG c.h.p.o.HiveMQPlatformReconciler - [helmvolu] StatefulSet Status (revision: test-hivemq-platform-59475f86c9, replicas: 3, available: 2, ready: 2, current: 0, updated: 3)
2025-01-30 04:06:20,050 INFO c.h.h.t.HelmChartContainer - [hivemq-test-hivemq-platform] [hivemq-platform-operator] [3cd2b14a] 04:06:20.047 [ReconcilerExecutor-hivemq-controller-119] DEBUG c.h.p.o.HiveMQPlatformReconciler - [helmvolu] StatefulSet Spec (replicas: 3, init containers: 1, containers: 1, volumes: 4)
2025-01-30 04:06:20,050 INFO c.h.h.t.HelmChartContainer - [hivemq-test-hivemq-platform] [hivemq-platform-operator] [3cd2b14a] 04:06:20.048 [ReconcilerExecutor-hivemq-controller-119] DEBUG c.h.p.o.h.HiveMQPlatformReconcilerErrorHandler - [helmvolu] Pod 'test-hivemq-platform-2' phase Running
2025-01-30 04:06:20,050 INFO c.h.h.t.HelmChartContainer - [hivemq-test-hivemq-platform] [hivemq-platform-operator] [3cd2b14a] 04:06:20.049 [ReconcilerExecutor-hivemq-controller-119] DEBUG c.h.p.o.h.HiveMQPlatformReconcilerErrorHandler - [helmvolu] Pod 'test-hivemq-platform-1' phase Running
2025-01-30 04:06:20,050 INFO c.h.h.t.HelmChartContainer - [hivemq-test-hivemq-platform] [hivemq-platform-operator] [3cd2b14a] 04:06:20.049 [ReconcilerExecutor-hivemq-controller-119] DEBUG c.h.p.o.h.HiveMQPlatformReconcilerErrorHandler - [helmvolu] Pod 'test-hivemq-platform-0' phase Running
2025-01-30 04:06:20,051 INFO c.h.h.t.HelmChartContainer - [hivemq-test-hivemq-platform] [hivemq-platform-operator] [3cd2b14a] 04:06:20.050 [ReconcilerExecutor-hivemq-controller-119] DEBUG c.h.p.o.h.HiveMQPlatformReconcilerRollingRestartHandler - [helmvolu] Rolling restart is waiting for 2 of 3 replicas
2025-01-30 04:06:25,014 INFO c.h.h.t.HelmChartContainer - [test-hivemq-platform] [hivemq] [0cda99fe] WARN  - [HiveMQ Platform Operator Init App 1.7.0-SNAPSHOT] Cannot connect to Health API for readiness: null
2025-01-30 04:06:25,020 INFO c.h.h.t.HelmChartContainer - [EVENT] Warning [Unhealthy] Readiness probe failed: HTTP probe failed with statuscode: 503 [helmvolumeclaimtemplatesit:test-hivemq-platform-0]
2025-01-30 04:06:25,020 INFO c.h.h.t.HelmChartContainer - Received Unhealthy event for container hivemq in pod test-hivemq-platform-0 [0cda99fe-ad4f-4727-ab2b-fe8d2dbc3d39]
2025-01-30 04:06:25,422 INFO c.h.h.t.HelmChartContainer - [test-hivemq-platform] [hivemq] [0cda99fe] INFO  - No valid license file found. Using trial license, restricted to 25 connections.
2025-01-30 04:06:28,921 INFO c.h.h.t.HelmChartContainer - [test-hivemq-platform] [hivemq] [0cda99fe] INFO  - No valid license file for Data Hub found. Using free license, restricted to 1 policy.
2025-01-30 04:06:30,017 INFO c.h.h.t.HelmChartContainer - [test-hivemq-platform] [hivemq] [0cda99fe] WARN  - [HiveMQ Platform Operator Init App 1.7.0-SNAPSHOT] Cannot connect to Health API for readiness: null
2025-01-30 04:06:30,022 INFO c.h.h.t.HelmChartContainer - [EVENT] Warning [Unhealthy] Readiness probe failed: HTTP probe failed with statuscode: 503 [helmvolumeclaimtemplatesit:test-hivemq-platform-0]
2025-01-30 04:06:30,022 INFO c.h.h.t.HelmChartContainer - Received Unhealthy event for container hivemq in pod test-hivemq-platform-0 [0cda99fe-ad4f-4727-ab2b-fe8d2dbc3d39]
2025-01-30 04:06:30,055 INFO c.h.h.t.HelmChartContainer - [hivemq-test-hivemq-platform] [hivemq-platform-operator] [3cd2b14a] 04:06:30.053 [pool-6-thread-14] DEBUG c.h.p.o.d.PlatformServiceResource - [helmvolu] Desired Platform services (3 services)
2025-01-30 04:06:30,055 INFO c.h.h.t.HelmChartContainer - [hivemq-test-hivemq-platform] [hivemq-platform-operator] [3cd2b14a] 04:06:30.053 [pool-6-thread-20] DEBUG c.h.p.o.dependants.PodInfoConfigMap - [helmvolu] Desired PodInfo ConfigMap (1 extensions) (1 enabled)
2025-01-30 04:06:30,055 INFO c.h.h.t.HelmChartContainer - [hivemq-test-hivemq-platform] [hivemq-platform-operator] [3cd2b14a] 04:06:30.053 [pool-6-thread-20] DEBUG c.h.p.o.dependants.PodInfoConfigMap - [helmvolu] Desired PodInfo ConfigMap (metrics port: 9399) (metrics path: /)
2025-01-30 04:06:30,055 INFO c.h.h.t.HelmChartContainer - [hivemq-test-hivemq-platform] [hivemq-platform-operator] [3cd2b14a] 04:06:30.053 [pool-6-thread-20] DEBUG c.h.p.o.dependants.PodInfoConfigMap - [helmvolu] Desired PodInfo ConfigMap (extension state hash: -1817474005)
2025-01-30 04:06:30,055 INFO c.h.h.t.HelmChartContainer - [hivemq-test-hivemq-platform] [hivemq-platform-operator] [3cd2b14a] 04:06:30.053 [pool-6-thread-17] DEBUG c.h.p.o.d.PodServiceAccountResource - [helmvolu] Desired PodServiceAccountResource (serviceAccountName: hivemq-platform-pod-test-hivemq-platform)
2025-01-30 04:06:30,056 INFO c.h.h.t.HelmChartContainer - [hivemq-test-hivemq-platform] [hivemq-platform-operator] [3cd2b14a] 04:06:30.056 [pool-6-thread-14] DEBUG c.h.p.o.d.StatefulSetResource - [helmvolu] Desired StatefulSet (3 replicas) for status ROLLING_RESTART (RESTART_PODS_IN_PROGRESS)
2025-01-30 04:06:30,059 INFO c.h.h.t.HelmChartContainer - [hivemq-test-hivemq-platform] [hivemq-platform-operator] [3cd2b14a] 04:06:30.058 [ReconcilerExecutor-hivemq-controller-120] INFO  c.h.p.o.HiveMQPlatformReconciler - [helmvolu] Reconciling HiveMQ Platform 'test-hivemq-platform' in namespace 'helmvolumeclaimtemplatesit'
2025-01-30 04:06:30,060 INFO c.h.h.t.HelmChartContainer - [hivemq-test-hivemq-platform] [hivemq-platform-operator] [3cd2b14a] 04:06:30.058 [ReconcilerExecutor-hivemq-controller-120] DEBUG c.h.p.o.HiveMQPlatformReconciler - [helmvolu] Custom Resource Status ROLLING_RESTART - HiveMQ Platform is restarting Pods (rolling restart) (RESTART_PODS_IN_PROGRESS)
2025-01-30 04:06:30,061 INFO c.h.h.t.HelmChartContainer - [hivemq-test-hivemq-platform] [hivemq-platform-operator] [3cd2b14a] 04:06:30.058 [ReconcilerExecutor-hivemq-controller-120] DEBUG c.h.p.o.HiveMQPlatformReconciler - [helmvolu] Custom Resource Spec (replicas: 2) (extensions: 1)
2025-01-30 04:06:30,061 INFO c.h.h.t.HelmChartContainer - [hivemq-test-hivemq-platform] [hivemq-platform-operator] [3cd2b14a] 04:06:30.059 [ReconcilerExecutor-hivemq-controller-120] DEBUG c.h.p.o.HiveMQPlatformReconciler - [helmvolu] StatefulSet Status (revision: test-hivemq-platform-59475f86c9, replicas: 3, available: 2, ready: 2, current: 0, updated: 3)
2025-01-30 04:06:30,062 INFO c.h.h.t.HelmChartContainer - [hivemq-test-hivemq-platform] [hivemq-platform-operator] [3cd2b14a] 04:06:30.059 [ReconcilerExecutor-hivemq-controller-120] DEBUG c.h.p.o.HiveMQPlatformReconciler - [helmvolu] StatefulSet Spec (replicas: 3, init containers: 1, containers: 1, volumes: 4)
2025-01-30 04:06:30,063 INFO c.h.h.t.HelmChartContainer - [hivemq-test-hivemq-platform] [hivemq-platform-operator] [3cd2b14a] 04:06:30.060 [ReconcilerExecutor-hivemq-controller-120] DEBUG c.h.p.o.h.HiveMQPlatformReconcilerErrorHandler - [helmvolu] Pod 'test-hivemq-platform-2' phase Running
2025-01-30 04:06:30,063 INFO c.h.h.t.HelmChartContainer - [hivemq-test-hivemq-platform] [hivemq-platform-operator] [3cd2b14a] 04:06:30.061 [ReconcilerExecutor-hivemq-controller-120] DEBUG c.h.p.o.h.HiveMQPlatformReconcilerErrorHandler - [helmvolu] Pod 'test-hivemq-platform-1' phase Running
2025-01-30 04:06:30,063 INFO c.h.h.t.HelmChartContainer - [hivemq-test-hivemq-platform] [hivemq-platform-operator] [3cd2b14a] 04:06:30.062 [ReconcilerExecutor-hivemq-controller-120] DEBUG c.h.p.o.h.HiveMQPlatformReconcilerErrorHandler - [helmvolu] Pod 'test-hivemq-platform-0' phase Running
2025-01-30 04:06:30,063 INFO c.h.h.t.HelmChartContainer - [hivemq-test-hivemq-platform] [hivemq-platform-operator] [3cd2b14a] 04:06:30.062 [ReconcilerExecutor-hivemq-controller-120] DEBUG c.h.p.o.h.HiveMQPlatformReconcilerRollingRestartHandler - [helmvolu] Rolling restart is waiting for 2 of 3 replicas
2025-01-30 04:06:30,120 INFO c.h.h.t.HelmChartContainer - [test-hivemq-platform] [hivemq] [0cda99fe] INFO  - Audit Logger started.
2025-01-30 04:06:30,545 INFO c.h.h.t.HelmChartContainer - [test-hivemq-platform] [hivemq] [0cda99fe] INFO  - This node uses '1' CPU cores.
2025-01-30 04:06:30,549 INFO c.h.h.t.HelmChartContainer - [test-hivemq-platform] [hivemq] [0cda99fe] INFO  - Starting HiveMQ Health API on address 0.0.0.0 and port 8889
2025-01-30 04:06:31,330 INFO c.h.h.t.HelmChartContainer - [test-hivemq-platform] [hivemq] [0cda99fe] INFO  - Started HiveMQ Health API in 781ms
2025-01-30 04:06:32,334 INFO c.h.h.t.HelmChartContainer - [test-hivemq-platform] [hivemq] [0cda99fe] INFO  - Starting HiveMQ extension system.
2025-01-30 04:06:32,620 INFO c.h.h.t.HelmChartContainer - [test-hivemq-platform] [hivemq] [0cda99fe] INFO  - Starting extension with id "hivemq-dns-cluster-discovery" at /opt/hivemq/extensions/hivemq-dns-cluster-discovery
2025-01-30 04:06:33,117 INFO c.h.h.t.HelmChartContainer - [test-hivemq-platform] [hivemq] [0cda99fe] INFO  - Extension "DNS Cluster Discovery Extension" version 4.3.2 started successfully.
2025-01-30 04:06:33,122 INFO c.h.h.t.HelmChartContainer - [test-hivemq-platform] [hivemq] [0cda99fe] INFO  - Starting extension with id "hivemq-prometheus-extension" at /opt/hivemq/extensions/hivemq-prometheus-extension
2025-01-30 04:06:33,123 INFO c.h.h.t.HelmChartContainer - [test-hivemq-platform] [hivemq] [0cda99fe] INFO  - Using TCP cluster transport on address 10.42.0.15 and port 7000
2025-01-30 04:06:33,212 INFO c.h.h.t.HelmChartContainer - [test-hivemq-platform] [hivemq] [0cda99fe] INFO  - Using extension cluster discovery
2025-01-30 04:06:34,025 INFO c.h.h.t.HelmChartContainer - [test-hivemq-platform] [hivemq] [0cda99fe] INFO  - Started Jetty Server exposing Prometheus Servlet on URI http://0.0.0.0:9399/
2025-01-30 04:06:34,026 INFO c.h.h.t.HelmChartContainer - [test-hivemq-platform] [hivemq] [0cda99fe] INFO  - Extension "Prometheus Monitoring Extension" version 4.0.12 started successfully.
2025-01-30 04:06:34,026 INFO c.h.h.t.HelmChartContainer - [test-hivemq-platform] [hivemq] [0cda99fe] INFO  - Starting extension with id "hivemq-allow-all-extension" at /opt/hivemq/extensions/hivemq-allow-all-extension
2025-01-30 04:06:34,026 INFO c.h.h.t.HelmChartContainer - [test-hivemq-platform] [hivemq] [0cda99fe] WARN  - 
2025-01-30 04:06:34,026 INFO c.h.h.t.HelmChartContainer - [test-hivemq-platform] [hivemq] [0cda99fe] ################################################################################################################
2025-01-30 04:06:34,026 INFO c.h.h.t.HelmChartContainer - [test-hivemq-platform] [hivemq] [0cda99fe] # This HiveMQ deployment is not secure! You are lacking Authentication and Authorization.                      #
2025-01-30 04:06:34,026 INFO c.h.h.t.HelmChartContainer - [test-hivemq-platform] [hivemq] [0cda99fe] # Right now any MQTT client can connect to the broker with a full set of permissions.                          #
2025-01-30 04:06:34,026 INFO c.h.h.t.HelmChartContainer - [test-hivemq-platform] [hivemq] [0cda99fe] # For production usage, add an appropriate security extension and remove the hivemq-allow-all extension.       #
2025-01-30 04:06:34,026 INFO c.h.h.t.HelmChartContainer - [test-hivemq-platform] [hivemq] [0cda99fe] # You can download security extensions from the HiveMQ Marketplace (https://www.hivemq.com/extensions/).       #
2025-01-30 04:06:34,026 INFO c.h.h.t.HelmChartContainer - [test-hivemq-platform] [hivemq] [0cda99fe] ################################################################################################################
2025-01-30 04:06:34,111 INFO c.h.h.t.HelmChartContainer - [test-hivemq-platform] [hivemq] [0cda99fe] INFO  - Extension "Allow All Extension" version 1.1.1 started successfully.
2025-01-30 04:06:34,134 INFO c.h.h.t.HelmChartContainer - [test-hivemq-platform] [hivemq] [1fef601f] INFO  - Cluster nodes found by discovery: [6Dgwi|6] (3) [6Dgwi, XE6uQ, kfKzb].
2025-01-30 04:06:34,135 INFO c.h.h.t.HelmChartContainer - [test-hivemq-platform] [hivemq] [e2626fa8] INFO  - Cluster nodes found by discovery: [6Dgwi|6] (3) [6Dgwi, XE6uQ, kfKzb].
2025-01-30 04:06:34,219 INFO c.h.h.t.HelmChartContainer - [test-hivemq-platform] [hivemq] [0cda99fe] INFO  - Cluster nodes found by discovery: [6Dgwi|6] (3) [6Dgwi, XE6uQ, kfKzb].
2025-01-30 04:06:34,326 INFO c.h.h.t.HelmChartContainer - [test-hivemq-platform] [hivemq] [0cda99fe] INFO  - Cluster size = 1, members : [XE6uQ].
2025-01-30 04:06:34,413 INFO c.h.h.t.HelmChartContainer - [test-hivemq-platform] [hivemq] [0cda99fe] INFO  - Cluster size = 2, members : [6Dgwi, XE6uQ].
2025-01-30 04:06:34,645 INFO c.h.h.t.HelmChartContainer - [test-hivemq-platform] [hivemq] [0cda99fe] INFO  - Starting cluster join process. This may take a while. Please do not shut down HiveMQ.
2025-01-30 04:06:34,714 INFO c.h.h.t.HelmChartContainer - [test-hivemq-platform] [hivemq] [0cda99fe] INFO  - Cluster join process is still ongoing. Please do not shut down HiveMQ.
2025-01-30 04:06:35,395 INFO c.h.h.t.HelmChartContainer - [test-hivemq-platform] [hivemq] [0cda99fe] INFO  - [HiveMQ Platform Operator Init App 1.7.0-SNAPSHOT] Returning Health API response 503 for readiness
2025-01-30 04:06:35,417 INFO c.h.h.t.HelmChartContainer - [EVENT] Warning [Unhealthy] Readiness probe failed: HTTP probe failed with statuscode: 503 [helmvolumeclaimtemplatesit:test-hivemq-platform-0]
2025-01-30 04:06:35,417 INFO c.h.h.t.HelmChartContainer - Received Unhealthy event for container hivemq in pod test-hivemq-platform-0 [0cda99fe-ad4f-4727-ab2b-fe8d2dbc3d39]
2025-01-30 04:06:36,722 INFO c.h.h.t.HelmChartContainer - [test-hivemq-platform] [hivemq] [1fef601f] INFO  - Cluster size = 3, members : [6Dgwi, kfKzb, XE6uQ].
2025-01-30 04:06:36,731 INFO c.h.h.t.HelmChartContainer - [test-hivemq-platform] [hivemq] [e2626fa8] INFO  - Cluster size = 3, members : [6Dgwi, kfKzb, XE6uQ].
2025-01-30 04:06:36,736 INFO c.h.h.t.HelmChartContainer - [test-hivemq-platform] [hivemq] [0cda99fe] INFO  - Cluster size = 3, members : [6Dgwi, kfKzb, XE6uQ].
2025-01-30 04:06:36,815 INFO c.h.h.t.HelmChartContainer - [test-hivemq-platform] [hivemq] [0cda99fe] INFO  - Finished cluster join process successfully.
2025-01-30 04:06:36,815 INFO c.h.h.t.HelmChartContainer - [test-hivemq-platform] [hivemq] [0cda99fe] WARN  - No user for HiveMQ Control Center configured. Starting with default user
2025-01-30 04:06:36,816 INFO c.h.h.t.HelmChartContainer - [test-hivemq-platform] [hivemq] [0cda99fe] INFO  - Starting HiveMQ Control Center on address 0.0.0.0 and port 8080
2025-01-30 04:06:36,819 INFO c.h.h.t.HelmChartContainer - [test-hivemq-platform] [hivemq] [0cda99fe] INFO  - Mounting HiveMQ Control Center V2 Preview
2025-01-30 04:06:37,416 INFO c.h.h.t.HelmChartContainer - [test-hivemq-platform] [hivemq] [0cda99fe] INFO  - Started HiveMQ Control Center in 601ms
2025-01-30 04:06:37,434 INFO c.h.h.t.HelmChartContainer - [test-hivemq-platform] [hivemq] [0cda99fe] INFO  - Starting TCP listener on address 0.0.0.0 and port 1884
2025-01-30 04:06:37,523 INFO c.h.h.t.HelmChartContainer - [test-hivemq-platform] [hivemq] [0cda99fe] INFO  - Started TCP Listener on address 0.0.0.0 and on port 1884.
2025-01-30 04:06:37,523 INFO c.h.h.t.HelmChartContainer - [test-hivemq-platform] [hivemq] [0cda99fe] INFO  - Started HiveMQ in 27195ms
2025-01-30 04:06:40,003 INFO c.h.h.t.HelmChartContainer - [test-hivemq-platform] [hivemq] [0cda99fe] INFO  - [HiveMQ Platform Operator Init App 1.7.0-SNAPSHOT] Returning Health API response 200 for readiness
2025-01-30 04:06:40,018 INFO c.h.h.t.HelmChartContainer - [POD] test-hivemq-platform-0 [0cda99fe-ad4f-4727-ab2b-fe8d2dbc3d39] in helmvolumeclaimtemplatesit was MODIFIED
2025-01-30 04:06:40,024 INFO c.h.h.t.HelmChartContainer - [hivemq-test-hivemq-platform] [hivemq-platform-operator] [3cd2b14a] 04:06:40.019 [pool-6-thread-21] DEBUG c.h.p.o.d.PlatformServiceResource - [helmvolu] Desired Platform services (3 services)
2025-01-30 04:06:40,024 INFO c.h.h.t.HelmChartContainer - [hivemq-test-hivemq-platform] [hivemq-platform-operator] [3cd2b14a] 04:06:40.019 [pool-6-thread-24] DEBUG c.h.p.o.dependants.PodInfoConfigMap - [helmvolu] Desired PodInfo ConfigMap (1 extensions) (1 enabled)
2025-01-30 04:06:40,031 INFO c.h.h.t.HelmChartContainer - [hivemq-test-hivemq-platform] [hivemq-platform-operator] [3cd2b14a] 04:06:40.020 [pool-6-thread-24] DEBUG c.h.p.o.dependants.PodInfoConfigMap - [helmvolu] Desired PodInfo ConfigMap (metrics port: 9399) (metrics path: /)
2025-01-30 04:06:40,031 INFO c.h.h.t.HelmChartContainer - [hivemq-test-hivemq-platform] [hivemq-platform-operator] [3cd2b14a] 04:06:40.020 [pool-6-thread-24] DEBUG c.h.p.o.dependants.PodInfoConfigMap - [helmvolu] Desired PodInfo ConfigMap (extension state hash: -1817474005)
2025-01-30 04:06:40,031 INFO c.h.h.t.HelmChartContainer - [hivemq-test-hivemq-platform] [hivemq-platform-operator] [3cd2b14a] 04:06:40.021 [pool-6-thread-24] DEBUG c.h.p.o.d.PodServiceAccountResource - [helmvolu] Desired PodServiceAccountResource (serviceAccountName: hivemq-platform-pod-test-hivemq-platform)
2025-01-30 04:06:40,031 INFO c.h.h.t.HelmChartContainer - [hivemq-test-hivemq-platform] [hivemq-platform-operator] [3cd2b14a] 04:06:40.023 [pool-6-thread-23] DEBUG c.h.p.o.d.StatefulSetResource - [helmvolu] Desired StatefulSet (3 replicas) for status ROLLING_RESTART (RESTART_PODS_IN_PROGRESS)
2025-01-30 04:06:40,031 INFO c.h.h.t.HelmChartContainer - [hivemq-test-hivemq-platform] [hivemq-platform-operator] [3cd2b14a] 04:06:40.028 [ReconcilerExecutor-hivemq-controller-121] INFO  c.h.p.o.HiveMQPlatformReconciler - [helmvolu] Reconciling HiveMQ Platform 'test-hivemq-platform' in namespace 'helmvolumeclaimtemplatesit'
2025-01-30 04:06:40,031 INFO c.h.h.t.HelmChartContainer - [hivemq-test-hivemq-platform] [hivemq-platform-operator] [3cd2b14a] 04:06:40.028 [ReconcilerExecutor-hivemq-controller-121] DEBUG c.h.p.o.HiveMQPlatformReconciler - [helmvolu] Custom Resource Status ROLLING_RESTART - HiveMQ Platform is restarting Pods (rolling restart) (RESTART_PODS_IN_PROGRESS)
2025-01-30 04:06:40,031 INFO c.h.h.t.HelmChartContainer - [hivemq-test-hivemq-platform] [hivemq-platform-operator] [3cd2b14a] 04:06:40.028 [ReconcilerExecutor-hivemq-controller-121] DEBUG c.h.p.o.HiveMQPlatformReconciler - [helmvolu] Custom Resource Spec (replicas: 2) (extensions: 1)
2025-01-30 04:06:40,033 INFO c.h.h.t.HelmChartContainer - [hivemq-test-hivemq-platform] [hivemq-platform-operator] [3cd2b14a] 04:06:40.029 [ReconcilerExecutor-hivemq-controller-121] DEBUG c.h.p.o.HiveMQPlatformReconciler - [helmvolu] StatefulSet Status (revision: test-hivemq-platform-59475f86c9, replicas: 3, available: 2, ready: 2, current: 0, updated: 3)
2025-01-30 04:06:40,033 INFO c.h.h.t.HelmChartContainer - [hivemq-test-hivemq-platform] [hivemq-platform-operator] [3cd2b14a] 04:06:40.029 [ReconcilerExecutor-hivemq-controller-121] DEBUG c.h.p.o.HiveMQPlatformReconciler - [helmvolu] StatefulSet Spec (replicas: 3, init containers: 1, containers: 1, volumes: 4)
2025-01-30 04:06:40,033 INFO c.h.h.t.HelmChartContainer - [hivemq-test-hivemq-platform] [hivemq-platform-operator] [3cd2b14a] 04:06:40.031 [ReconcilerExecutor-hivemq-controller-121] DEBUG c.h.p.o.h.HiveMQPlatformReconcilerErrorHandler - [helmvolu] Pod 'test-hivemq-platform-2' phase Running
2025-01-30 04:06:40,035 INFO c.h.h.t.HelmChartContainer - [hivemq-test-hivemq-platform] [hivemq-platform-operator] [3cd2b14a] 04:06:40.032 [ReconcilerExecutor-hivemq-controller-121] DEBUG c.h.p.o.h.HiveMQPlatformReconcilerErrorHandler - [helmvolu] Pod 'test-hivemq-platform-1' phase Running
2025-01-30 04:06:40,036 INFO c.h.h.t.HelmChartContainer - [hivemq-test-hivemq-platform] [hivemq-platform-operator] [3cd2b14a] 04:06:40.034 [ReconcilerExecutor-hivemq-controller-121] DEBUG c.h.p.o.h.HiveMQPlatformReconcilerErrorHandler - [helmvolu] Pod 'test-hivemq-platform-0' phase Running
2025-01-30 04:06:40,036 INFO c.h.h.t.HelmChartContainer - [hivemq-test-hivemq-platform] [hivemq-platform-operator] [3cd2b14a] 04:06:40.034 [ReconcilerExecutor-hivemq-controller-121] DEBUG c.h.p.o.h.HiveMQPlatformReconcilerRollingRestartHandler - [helmvolu] Rolling restart is waiting for 2 of 3 replicas
2025-01-30 04:06:40,042 INFO c.h.h.t.HelmChartContainer - [hivemq-test-hivemq-platform] [hivemq-platform-operator] [3cd2b14a] 04:06:40.039 [pool-6-thread-37] DEBUG c.h.p.o.d.PlatformServiceResource - [helmvolu] Desired Platform services (3 services)
2025-01-30 04:06:40,042 INFO c.h.h.t.HelmChartContainer - [hivemq-test-hivemq-platform] [hivemq-platform-operator] [3cd2b14a] 04:06:40.040 [pool-6-thread-40] DEBUG c.h.p.o.d.PodServiceAccountResource - [helmvolu] Desired PodServiceAccountResource (serviceAccountName: hivemq-platform-pod-test-hivemq-platform)
2025-01-30 04:06:40,043 INFO c.h.h.t.HelmChartContainer - [hivemq-test-hivemq-platform] [hivemq-platform-operator] [3cd2b14a] 04:06:40.042 [pool-6-thread-35] DEBUG c.h.p.o.dependants.PodInfoConfigMap - [helmvolu] Desired PodInfo ConfigMap (1 extensions) (1 enabled)
2025-01-30 04:06:40,044 INFO c.h.h.t.HelmChartContainer - [hivemq-test-hivemq-platform] [hivemq-platform-operator] [3cd2b14a] 04:06:40.042 [pool-6-thread-35] DEBUG c.h.p.o.dependants.PodInfoConfigMap - [helmvolu] Desired PodInfo ConfigMap (metrics port: 9399) (metrics path: /)
2025-01-30 04:06:40,044 INFO c.h.h.t.HelmChartContainer - [hivemq-test-hivemq-platform] [hivemq-platform-operator] [3cd2b14a] 04:06:40.042 [pool-6-thread-35] DEBUG c.h.p.o.dependants.PodInfoConfigMap - [helmvolu] Desired PodInfo ConfigMap (extension state hash: -1817474005)
2025-01-30 04:06:40,044 INFO c.h.h.t.HelmChartContainer - [hivemq-test-hivemq-platform] [hivemq-platform-operator] [3cd2b14a] 04:06:40.043 [pool-6-thread-35] DEBUG c.h.p.o.d.StatefulSetResource - [helmvolu] Desired StatefulSet (3 replicas) for status ROLLING_RESTART (RESTART_PODS_IN_PROGRESS)
2025-01-30 04:06:40,046 INFO c.h.h.t.HelmChartContainer - [hivemq-test-hivemq-platform] [hivemq-platform-operator] [3cd2b14a] 04:06:40.045 [ReconcilerExecutor-hivemq-controller-122] INFO  c.h.p.o.HiveMQPlatformReconciler - [helmvolu] Reconciling HiveMQ Platform 'test-hivemq-platform' in namespace 'helmvolumeclaimtemplatesit'
2025-01-30 04:06:40,047 INFO c.h.h.t.HelmChartContainer - [hivemq-test-hivemq-platform] [hivemq-platform-operator] [3cd2b14a] 04:06:40.046 [ReconcilerExecutor-hivemq-controller-122] DEBUG c.h.p.o.HiveMQPlatformReconciler - [helmvolu] Custom Resource Status ROLLING_RESTART - HiveMQ Platform is restarting Pods (rolling restart) (RESTART_PODS_IN_PROGRESS)
2025-01-30 04:06:40,047 INFO c.h.h.t.HelmChartContainer - [hivemq-test-hivemq-platform] [hivemq-platform-operator] [3cd2b14a] 04:06:40.046 [ReconcilerExecutor-hivemq-controller-122] DEBUG c.h.p.o.HiveMQPlatformReconciler - [helmvolu] Custom Resource Spec (replicas: 2) (extensions: 1)
2025-01-30 04:06:40,047 INFO c.h.h.t.HelmChartContainer - [hivemq-test-hivemq-platform] [hivemq-platform-operator] [3cd2b14a] 04:06:40.046 [ReconcilerExecutor-hivemq-controller-122] DEBUG c.h.p.o.HiveMQPlatformReconciler - [helmvolu] StatefulSet Status (revision: test-hivemq-platform-59475f86c9, replicas: 3, available: 3, ready: 3, current: 0, updated: 3)
2025-01-30 04:06:40,048 INFO c.h.h.t.HelmChartContainer - [hivemq-test-hivemq-platform] [hivemq-platform-operator] [3cd2b14a] 04:06:40.047 [ReconcilerExecutor-hivemq-controller-122] DEBUG c.h.p.o.HiveMQPlatformReconciler - [helmvolu] StatefulSet Spec (replicas: 3, init containers: 1, containers: 1, volumes: 4)
2025-01-30 04:06:40,048 INFO c.h.h.t.HelmChartContainer - [hivemq-test-hivemq-platform] [hivemq-platform-operator] [3cd2b14a] 04:06:40.048 [ReconcilerExecutor-hivemq-controller-122] DEBUG c.h.p.o.h.HiveMQPlatformReconcilerErrorHandler - [helmvolu] Pod 'test-hivemq-platform-2' phase Running
2025-01-30 04:06:40,087 INFO c.h.h.t.HelmChartContainer - [hivemq-test-hivemq-platform] [hivemq-platform-operator] [3cd2b14a] 04:06:40.086 [ReconcilerExecutor-hivemq-controller-122] DEBUG c.h.p.o.h.HiveMQPlatformReconcilerErrorHandler - [helmvolu] Pod 'test-hivemq-platform-1' phase Running
2025-01-30 04:06:40,088 INFO c.h.h.t.HelmChartContainer - [hivemq-test-hivemq-platform] [hivemq-platform-operator] [3cd2b14a] 04:06:40.087 [ReconcilerExecutor-hivemq-controller-122] DEBUG c.h.p.o.h.HiveMQPlatformReconcilerErrorHandler - [helmvolu] Pod 'test-hivemq-platform-0' phase Running
2025-01-30 04:06:40,093 INFO c.h.h.t.HelmChartContainer - [hivemq-test-hivemq-platform] [hivemq-platform-operator] [3cd2b14a] 04:06:40.092 [ReconcilerExecutor-hivemq-controller-122] DEBUG c.h.p.o.h.HiveMQPlatformReconcilerRollingRestartHandler - [helmvolu] Skipping Pod test-hivemq-platform-2 as it's already on the controller update revision (update revision: test-hivemq-platform-59475f86c9, pod revision: test-hivemq-platform-59475f86c9)
2025-01-30 04:06:40,096 INFO c.h.h.t.HelmChartContainer - [hivemq-test-hivemq-platform] [hivemq-platform-operator] [3cd2b14a] 04:06:40.095 [ReconcilerExecutor-hivemq-controller-122] DEBUG c.h.p.o.h.HiveMQPlatformReconcilerRollingRestartHandler - [helmvolu] Skipping Pod test-hivemq-platform-1 as it's already on the controller update revision (update revision: test-hivemq-platform-59475f86c9, pod revision: test-hivemq-platform-59475f86c9)
2025-01-30 04:06:40,099 INFO c.h.h.t.HelmChartContainer - [hivemq-test-hivemq-platform] [hivemq-platform-operator] [3cd2b14a] 04:06:40.098 [ReconcilerExecutor-hivemq-controller-122] DEBUG c.h.p.o.h.HiveMQPlatformReconcilerRollingRestartHandler - [helmvolu] Skipping Pod test-hivemq-platform-0 as it's already on the controller update revision (update revision: test-hivemq-platform-59475f86c9, pod revision: test-hivemq-platform-59475f86c9)
2025-01-30 04:06:40,099 INFO c.h.h.t.HelmChartContainer - [hivemq-test-hivemq-platform] [hivemq-platform-operator] [3cd2b14a] 04:06:40.098 [ReconcilerExecutor-hivemq-controller-122] INFO  c.h.p.o.h.HiveMQPlatformReconcilerRollingRestartHandler - [helmvolu] Stopping surge Pod
2025-01-30 04:06:40,110 INFO c.h.h.t.HelmChartContainer - [hivemq-test-hivemq-platform] [hivemq-platform-operator] [3cd2b14a] 04:06:40.109 [ReconcilerExecutor-hivemq-controller-122] DEBUG c.h.p.operator.event.EventSender - [helmvolu] Creating K8s event rolling-restart-scale-down-in-progress: [RollingRestart] HiveMQ Platform is stopping the surge Pod (rolling restart)
2025-01-30 04:06:40,113 INFO c.h.h.t.HelmChartContainer - [EVENT] Normal [RollingRestart] HiveMQ Platform is stopping the surge Pod (rolling restart) [helmvolumeclaimtemplatesit:test-hivemq-platform]
2025-01-30 04:06:40,114 INFO c.h.h.t.HelmChartContainer - [hivemq-test-hivemq-platform] [hivemq-platform-operator] [3cd2b14a] 04:06:40.113 [ReconcilerExecutor-hivemq-controller-122] INFO  c.h.p.o.h.AbstractHiveMQReconcilerStateHandler - [helmvolu] Update HiveMQ Platform Status (ROLLING_RESTART [RESTART_PODS_IN_PROGRESS] -> ROLLING_RESTART [SCALE_DOWN_IN_PROGRESS]): HiveMQ Platform is stopping the surge Pod (rolling restart)
2025-01-30 04:06:40,121 DEBUG com.hivemq.helmcharts.util.K8sUtil - Comparing actual state 'ROLLING_RESTART' and waiting for 'RUNNING'
2025-01-30 04:06:42,126 INFO c.h.h.t.HelmChartContainer - [K3S] [range_allocator.go:247] "Successfully synced" key="50074fe47053"
2025-01-30 04:06:47,164 INFO c.h.h.t.HelmChartContainer - [test-hivemq-platform] [hivemq] [0cda99fe] INFO  - [HiveMQ Platform Operator Init App 1.7.0-SNAPSHOT] Returning Health API response 200 for liveness
2025-01-30 04:06:50,126 INFO c.h.h.t.HelmChartContainer - [hivemq-test-hivemq-platform] [hivemq-platform-operator] [3cd2b14a] 04:06:50.124 [pool-6-thread-46] DEBUG c.h.p.o.d.PlatformServiceResource - [helmvolu] Desired Platform services (3 services)
2025-01-30 04:06:50,126 INFO c.h.h.t.HelmChartContainer - [hivemq-test-hivemq-platform] [hivemq-platform-operator] [3cd2b14a] 04:06:50.124 [pool-6-thread-48] DEBUG c.h.p.o.d.PodServiceAccountResource - [helmvolu] Desired PodServiceAccountResource (serviceAccountName: hivemq-platform-pod-test-hivemq-platform)
2025-01-30 04:06:50,127 INFO c.h.h.t.HelmChartContainer - [hivemq-test-hivemq-platform] [hivemq-platform-operator] [3cd2b14a] 04:06:50.125 [pool-6-thread-43] DEBUG c.h.p.o.dependants.PodInfoConfigMap - [helmvolu] Desired PodInfo ConfigMap (1 extensions) (1 enabled)
2025-01-30 04:06:50,128 INFO c.h.h.t.HelmChartContainer - [hivemq-test-hivemq-platform] [hivemq-platform-operator] [3cd2b14a] 04:06:50.126 [pool-6-thread-43] DEBUG c.h.p.o.dependants.PodInfoConfigMap - [helmvolu] Desired PodInfo ConfigMap (metrics port: 9399) (metrics path: /)
2025-01-30 04:06:50,128 INFO c.h.h.t.HelmChartContainer - [hivemq-test-hivemq-platform] [hivemq-platform-operator] [3cd2b14a] 04:06:50.126 [pool-6-thread-43] DEBUG c.h.p.o.dependants.PodInfoConfigMap - [helmvolu] Desired PodInfo ConfigMap (extension state hash: -1817474005)
2025-01-30 04:06:50,128 INFO c.h.h.t.HelmChartContainer - [hivemq-test-hivemq-platform] [hivemq-platform-operator] [3cd2b14a] 04:06:50.127 [pool-6-thread-43] DEBUG c.h.p.o.dependants.PodInfoConfigMap - [helmvolu] Update PodInfo ConfigMap
2025-01-30 04:06:50,135 INFO c.h.h.t.HelmChartContainer - [hivemq-test-hivemq-platform] [hivemq-platform-operator] [3cd2b14a] 04:06:50.134 [pool-6-thread-43] DEBUG c.h.p.o.d.StatefulSetResource - [helmvolu] Desired StatefulSet (2 replicas) for status ROLLING_RESTART (SCALE_DOWN_IN_PROGRESS)
2025-01-30 04:06:50,138 INFO c.h.h.t.HelmChartContainer - [hivemq-test-hivemq-platform] [hivemq-platform-operator] [3cd2b14a] 04:06:50.137 [pool-6-thread-43] DEBUG c.h.p.o.d.StatefulSetResource - [helmvolu] Update StatefulSet (replicas: 3 -> 2)
2025-01-30 04:06:50,157 INFO c.h.h.t.HelmChartContainer - [hivemq-test-hivemq-platform] [hivemq-platform-operator] [3cd2b14a] 04:06:50.156 [ReconcilerExecutor-hivemq-controller-123] INFO  c.h.p.o.HiveMQPlatformReconciler - [helmvolu] Reconciling HiveMQ Platform 'test-hivemq-platform' in namespace 'helmvolumeclaimtemplatesit'
2025-01-30 04:06:50,157 INFO c.h.h.t.HelmChartContainer - [hivemq-test-hivemq-platform] [hivemq-platform-operator] [3cd2b14a] 04:06:50.156 [ReconcilerExecutor-hivemq-controller-123] DEBUG c.h.p.o.HiveMQPlatformReconciler - [helmvolu] Custom Resource Status ROLLING_RESTART - HiveMQ Platform is stopping the surge Pod (rolling restart) (SCALE_DOWN_IN_PROGRESS)
2025-01-30 04:06:50,157 INFO c.h.h.t.HelmChartContainer - [hivemq-test-hivemq-platform] [hivemq-platform-operator] [3cd2b14a] 04:06:50.156 [ReconcilerExecutor-hivemq-controller-123] DEBUG c.h.p.o.HiveMQPlatformReconciler - [helmvolu] Custom Resource Spec (replicas: 2) (extensions: 1)
2025-01-30 04:06:50,158 INFO c.h.h.t.HelmChartContainer - [hivemq-test-hivemq-platform] [hivemq-platform-operator] [3cd2b14a] 04:06:50.157 [ReconcilerExecutor-hivemq-controller-123] DEBUG c.h.p.o.HiveMQPlatformReconciler - [helmvolu] StatefulSet Status (revision: test-hivemq-platform-59475f86c9, replicas: 3, available: 3, ready: 3, current: 0, updated: 3)
2025-01-30 04:06:50,158 INFO c.h.h.t.HelmChartContainer - [hivemq-test-hivemq-platform] [hivemq-platform-operator] [3cd2b14a] 04:06:50.157 [ReconcilerExecutor-hivemq-controller-123] DEBUG c.h.p.o.HiveMQPlatformReconciler - [helmvolu] StatefulSet Spec (replicas: 2, init containers: 1, containers: 1, volumes: 4)
2025-01-30 04:06:50,160 INFO c.h.h.t.HelmChartContainer - [hivemq-test-hivemq-platform] [hivemq-platform-operator] [3cd2b14a] 04:06:50.158 [ReconcilerExecutor-hivemq-controller-123] DEBUG c.h.p.o.h.HiveMQPlatformReconcilerErrorHandler - [helmvolu] Pod 'test-hivemq-platform-1' phase Running
2025-01-30 04:06:50,160 INFO c.h.h.t.HelmChartContainer - [hivemq-test-hivemq-platform] [hivemq-platform-operator] [3cd2b14a] 04:06:50.159 [ReconcilerExecutor-hivemq-controller-123] DEBUG c.h.p.o.h.HiveMQPlatformReconcilerErrorHandler - [helmvolu] Pod 'test-hivemq-platform-0' phase Running
2025-01-30 04:06:50,162 INFO c.h.h.t.HelmChartContainer - [hivemq-test-hivemq-platform] [hivemq-platform-operator] [3cd2b14a] 04:06:50.159 [ReconcilerExecutor-hivemq-controller-123] DEBUG c.h.p.o.h.HiveMQPlatformReconcilerRollingRestartHandler - [helmvolu] Rolling restart is waiting for 3 of 2 replicas
2025-01-30 04:06:50,162 INFO c.h.h.t.HelmChartContainer - [POD] test-hivemq-platform-2 [1fef601f-ab18-4728-b244-b1212471a77a] in helmvolumeclaimtemplatesit was MODIFIED
2025-01-30 04:06:50,166 INFO c.h.h.t.HelmChartContainer - [EVENT] Normal [Killing] Stopping container hivemq [helmvolumeclaimtemplatesit:test-hivemq-platform-2]
2025-01-30 04:06:50,167 INFO c.h.h.t.HelmChartContainer - Received Killing event for container hivemq in pod test-hivemq-platform-2 [1fef601f-ab18-4728-b244-b1212471a77a]
2025-01-30 04:06:50,167 INFO c.h.h.t.HelmChartContainer - Container [test-hivemq-platform-2] [hivemq] [1fef601f-ab18-4728-b244-b1212471a77a] was terminated
2025-01-30 04:06:50,167 INFO c.h.h.t.HelmChartContainer - Stopped log watcher for hivemq in pod test-hivemq-platform-2 [1fef601f-ab18-4728-b244-b1212471a77a]
2025-01-30 04:06:50,172 INFO c.h.h.t.HelmChartContainer - [EVENT] Normal [SuccessfulDelete] delete Pod test-hivemq-platform-2 in StatefulSet test-hivemq-platform successful [helmvolumeclaimtemplatesit:test-hivemq-platform]
2025-01-30 04:06:50,180 INFO c.h.h.t.HelmChartContainer - [test-hivemq-platform] [hivemq] [1fef601f] INFO  - [HiveMQ Platform Operator Init App 1.7.0-SNAPSHOT] Shutting down
2025-01-30 04:06:50,180 INFO c.h.h.t.HelmChartContainer - [test-hivemq-platform] [hivemq] [1fef601f] INFO  - [HiveMQ Platform Operator Init App 1.7.0-SNAPSHOT] Stopping the HiveMQ Platform
2025-01-30 04:06:50,195 INFO c.h.h.t.HelmChartContainer - [hivemq-test-hivemq-platform] [hivemq-platform-operator] [3cd2b14a] 04:06:50.193 [pool-6-thread-5] DEBUG c.h.p.o.d.PodServiceAccountResource - [helmvolu] Desired PodServiceAccountResource (serviceAccountName: hivemq-platform-pod-test-hivemq-platform)
2025-01-30 04:06:50,196 INFO c.h.h.t.HelmChartContainer - [hivemq-test-hivemq-platform] [hivemq-platform-operator] [3cd2b14a] 04:06:50.193 [pool-6-thread-4] DEBUG c.h.p.o.d.PlatformServiceResource - [helmvolu] Desired Platform services (3 services)
2025-01-30 04:06:50,199 INFO c.h.h.t.HelmChartContainer - [hivemq-test-hivemq-platform] [hivemq-platform-operator] [3cd2b14a] 04:06:50.196 [pool-6-thread-2] DEBUG c.h.p.o.dependants.PodInfoConfigMap - [helmvolu] Desired PodInfo ConfigMap (1 extensions) (1 enabled)
2025-01-30 04:06:50,199 INFO c.h.h.t.HelmChartContainer - [hivemq-test-hivemq-platform] [hivemq-platform-operator] [3cd2b14a] 04:06:50.196 [pool-6-thread-2] DEBUG c.h.p.o.dependants.PodInfoConfigMap - [helmvolu] Desired PodInfo ConfigMap (metrics port: 9399) (metrics path: /)
2025-01-30 04:06:50,199 INFO c.h.h.t.HelmChartContainer - [hivemq-test-hivemq-platform] [hivemq-platform-operator] [3cd2b14a] 04:06:50.197 [pool-6-thread-2] DEBUG c.h.p.o.dependants.PodInfoConfigMap - [helmvolu] Desired PodInfo ConfigMap (extension state hash: -1817474005)
2025-01-30 04:06:50,206 INFO c.h.h.t.HelmChartContainer - [hivemq-test-hivemq-platform] [hivemq-platform-operator] [3cd2b14a] 04:06:50.204 [pool-6-thread-5] DEBUG c.h.p.o.d.StatefulSetResource - [helmvolu] Desired StatefulSet (2 replicas) for status ROLLING_RESTART (SCALE_DOWN_IN_PROGRESS)
2025-01-30 04:06:50,213 INFO c.h.h.t.HelmChartContainer - [hivemq-test-hivemq-platform] [hivemq-platform-operator] [3cd2b14a] 04:06:50.210 [ReconcilerExecutor-hivemq-controller-124] INFO  c.h.p.o.HiveMQPlatformReconciler - [helmvolu] Reconciling HiveMQ Platform 'test-hivemq-platform' in namespace 'helmvolumeclaimtemplatesit'
2025-01-30 04:06:50,215 INFO c.h.h.t.HelmChartContainer - [hivemq-test-hivemq-platform] [hivemq-platform-operator] [3cd2b14a] 04:06:50.210 [ReconcilerExecutor-hivemq-controller-124] DEBUG c.h.p.o.HiveMQPlatformReconciler - [helmvolu] Custom Resource Status ROLLING_RESTART - HiveMQ Platform is stopping the surge Pod (rolling restart) (SCALE_DOWN_IN_PROGRESS)
2025-01-30 04:06:50,215 INFO c.h.h.t.HelmChartContainer - [hivemq-test-hivemq-platform] [hivemq-platform-operator] [3cd2b14a] 04:06:50.210 [ReconcilerExecutor-hivemq-controller-124] DEBUG c.h.p.o.HiveMQPlatformReconciler - [helmvolu] Custom Resource Spec (replicas: 2) (extensions: 1)
2025-01-30 04:06:50,219 INFO c.h.h.t.HelmChartContainer - [hivemq-test-hivemq-platform] [hivemq-platform-operator] [3cd2b14a] 04:06:50.212 [ReconcilerExecutor-hivemq-controller-124] DEBUG c.h.p.o.HiveMQPlatformReconciler - [helmvolu] StatefulSet Status (revision: test-hivemq-platform-59475f86c9, replicas: 3, available: 3, ready: 3, current: 0, updated: 2)
2025-01-30 04:06:50,219 INFO c.h.h.t.HelmChartContainer - [hivemq-test-hivemq-platform] [hivemq-platform-operator] [3cd2b14a] 04:06:50.213 [ReconcilerExecutor-hivemq-controller-124] DEBUG c.h.p.o.HiveMQPlatformReconciler - [helmvolu] StatefulSet Spec (replicas: 2, init containers: 1, containers: 1, volumes: 4)
2025-01-30 04:06:50,220 INFO c.h.h.t.HelmChartContainer - [hivemq-test-hivemq-platform] [hivemq-platform-operator] [3cd2b14a] 04:06:50.216 [ReconcilerExecutor-hivemq-controller-124] DEBUG c.h.p.o.h.HiveMQPlatformReconcilerErrorHandler - [helmvolu] Pod 'test-hivemq-platform-1' phase Running
2025-01-30 04:06:50,220 INFO c.h.h.t.HelmChartContainer - [hivemq-test-hivemq-platform] [hivemq-platform-operator] [3cd2b14a] 04:06:50.218 [ReconcilerExecutor-hivemq-controller-124] DEBUG c.h.p.o.h.HiveMQPlatformReconcilerErrorHandler - [helmvolu] Pod 'test-hivemq-platform-0' phase Running
2025-01-30 04:06:50,221 INFO c.h.h.t.HelmChartContainer - [hivemq-test-hivemq-platform] [hivemq-platform-operator] [3cd2b14a] 04:06:50.220 [ReconcilerExecutor-hivemq-controller-124] DEBUG c.h.p.o.h.HiveMQPlatformReconcilerRollingRestartHandler - [helmvolu] Rolling restart is waiting for 3 of 2 replicas
2025-01-30 04:06:50,230 INFO c.h.h.t.HelmChartContainer - [hivemq-test-hivemq-platform] [hivemq-platform-operator] [3cd2b14a] 04:06:50.223 [pool-6-thread-20] DEBUG c.h.p.o.d.PlatformServiceResource - [helmvolu] Desired Platform services (3 services)
2025-01-30 04:06:50,289 INFO c.h.h.t.HelmChartContainer - [hivemq-test-hivemq-platform] [hivemq-platform-operator] [3cd2b14a] 04:06:50.286 [pool-6-thread-19] DEBUG c.h.p.o.d.PodServiceAccountResource - [helmvolu] Desired PodServiceAccountResource (serviceAccountName: hivemq-platform-pod-test-hivemq-platform)
2025-01-30 04:06:50,289 INFO c.h.h.t.HelmChartContainer - [hivemq-test-hivemq-platform] [hivemq-platform-operator] [3cd2b14a] 04:06:50.286 [pool-6-thread-12] DEBUG c.h.p.o.dependants.PodInfoConfigMap - [helmvolu] Desired PodInfo ConfigMap (1 extensions) (1 enabled)
2025-01-30 04:06:50,289 INFO c.h.h.t.HelmChartContainer - [hivemq-test-hivemq-platform] [hivemq-platform-operator] [3cd2b14a] 04:06:50.287 [pool-6-thread-12] DEBUG c.h.p.o.dependants.PodInfoConfigMap - [helmvolu] Desired PodInfo ConfigMap (metrics port: 9399) (metrics path: /)
2025-01-30 04:06:50,289 INFO c.h.h.t.HelmChartContainer - [hivemq-test-hivemq-platform] [hivemq-platform-operator] [3cd2b14a] 04:06:50.287 [pool-6-thread-12] DEBUG c.h.p.o.dependants.PodInfoConfigMap - [helmvolu] Desired PodInfo ConfigMap (extension state hash: -1817474005)
2025-01-30 04:06:50,290 INFO c.h.h.t.HelmChartContainer - [hivemq-test-hivemq-platform] [hivemq-platform-operator] [3cd2b14a] 04:06:50.289 [pool-6-thread-12] DEBUG c.h.p.o.d.StatefulSetResource - [helmvolu] Desired StatefulSet (2 replicas) for status ROLLING_RESTART (SCALE_DOWN_IN_PROGRESS)
2025-01-30 04:06:50,292 INFO c.h.h.t.HelmChartContainer - [hivemq-test-hivemq-platform] [hivemq-platform-operator] [3cd2b14a] 04:06:50.291 [ReconcilerExecutor-hivemq-controller-124] INFO  c.h.p.o.HiveMQPlatformReconciler - [helmvolu] Reconciling HiveMQ Platform 'test-hivemq-platform' in namespace 'helmvolumeclaimtemplatesit'
2025-01-30 04:06:50,292 INFO c.h.h.t.HelmChartContainer - [hivemq-test-hivemq-platform] [hivemq-platform-operator] [3cd2b14a] 04:06:50.291 [ReconcilerExecutor-hivemq-controller-124] DEBUG c.h.p.o.HiveMQPlatformReconciler - [helmvolu] Custom Resource Status ROLLING_RESTART - HiveMQ Platform is stopping the surge Pod (rolling restart) (SCALE_DOWN_IN_PROGRESS)
2025-01-30 04:06:50,292 INFO c.h.h.t.HelmChartContainer - [hivemq-test-hivemq-platform] [hivemq-platform-operator] [3cd2b14a] 04:06:50.291 [ReconcilerExecutor-hivemq-controller-124] DEBUG c.h.p.o.HiveMQPlatformReconciler - [helmvolu] Custom Resource Spec (replicas: 2) (extensions: 1)
2025-01-30 04:06:50,292 INFO c.h.h.t.HelmChartContainer - [hivemq-test-hivemq-platform] [hivemq-platform-operator] [3cd2b14a] 04:06:50.292 [ReconcilerExecutor-hivemq-controller-124] DEBUG c.h.p.o.HiveMQPlatformReconciler - [helmvolu] StatefulSet Status (revision: test-hivemq-platform-59475f86c9, replicas: 3, available: 3, ready: 3, current: 0, updated: 2)
2025-01-30 04:06:50,292 INFO c.h.h.t.HelmChartContainer - [hivemq-test-hivemq-platform] [hivemq-platform-operator] [3cd2b14a] 04:06:50.292 [ReconcilerExecutor-hivemq-controller-124] DEBUG c.h.p.o.HiveMQPlatformReconciler - [helmvolu] StatefulSet Spec (replicas: 2, init containers: 1, containers: 1, volumes: 4)
2025-01-30 04:06:50,293 INFO c.h.h.t.HelmChartContainer - [hivemq-test-hivemq-platform] [hivemq-platform-operator] [3cd2b14a] 04:06:50.293 [ReconcilerExecutor-hivemq-controller-124] DEBUG c.h.p.o.h.HiveMQPlatformReconcilerErrorHandler - [helmvolu] Pod 'test-hivemq-platform-1' phase Running
2025-01-30 04:06:50,294 INFO c.h.h.t.HelmChartContainer - [hivemq-test-hivemq-platform] [hivemq-platform-operator] [3cd2b14a] 04:06:50.294 [ReconcilerExecutor-hivemq-controller-124] DEBUG c.h.p.o.h.HiveMQPlatformReconcilerErrorHandler - [helmvolu] Pod 'test-hivemq-platform-0' phase Running
2025-01-30 04:06:50,295 INFO c.h.h.t.HelmChartContainer - [hivemq-test-hivemq-platform] [hivemq-platform-operator] [3cd2b14a] 04:06:50.294 [ReconcilerExecutor-hivemq-controller-124] DEBUG c.h.p.o.h.HiveMQPlatformReconcilerRollingRestartHandler - [helmvolu] Rolling restart is waiting for 3 of 2 replicas
2025-01-30 04:06:50,334 INFO c.h.h.t.HelmChartContainer - [test-hivemq-platform] [hivemq] [1fef601f] INFO  - Shutting down HiveMQ. Please wait, this could take a while...
2025-01-30 04:06:50,337 INFO c.h.h.t.HelmChartContainer - [test-hivemq-platform] [hivemq] [1fef601f] INFO  - Shutting down listeners and clients
2025-01-30 04:06:50,337 INFO c.h.h.t.HelmChartContainer - [test-hivemq-platform] [hivemq] [1fef601f] INFO  - Shutdown of listeners is done
2025-01-30 04:06:50,338 INFO c.h.h.t.HelmChartContainer - [test-hivemq-platform] [hivemq] [1fef601f] INFO  - No clients are connected, proceeding with shutdown
2025-01-30 04:06:53,853 INFO c.h.h.t.HelmChartContainer - [test-hivemq-platform] [hivemq] [1fef601f] INFO  - Shutting down extension system
2025-01-30 04:06:53,857 INFO c.h.h.t.HelmChartContainer - [test-hivemq-platform] [hivemq] [1fef601f] INFO  - Stopping extension with id hivemq-dns-cluster-discovery
2025-01-30 04:06:53,858 INFO c.h.h.t.HelmChartContainer - [test-hivemq-platform] [hivemq] [1fef601f] INFO  - Extension "DNS Cluster Discovery Extension" version 4.3.2 stopped successfully.
2025-01-30 04:06:53,859 INFO c.h.h.t.HelmChartContainer - [test-hivemq-platform] [hivemq] [1fef601f] INFO  - Stopping extension with id hivemq-prometheus-extension
2025-01-30 04:06:53,864 INFO c.h.h.t.HelmChartContainer - [test-hivemq-platform] [hivemq] [1fef601f] INFO  - Extension "Prometheus Monitoring Extension" version 4.0.12 stopped successfully.
2025-01-30 04:06:53,864 INFO c.h.h.t.HelmChartContainer - [test-hivemq-platform] [hivemq] [1fef601f] INFO  - Stopping extension with id hivemq-allow-all-extension
2025-01-30 04:06:53,865 INFO c.h.h.t.HelmChartContainer - [test-hivemq-platform] [hivemq] [1fef601f] INFO  - Extension "Allow All Extension" version 1.1.1 stopped successfully.
2025-01-30 04:06:53,874 INFO c.h.h.t.HelmChartContainer - [test-hivemq-platform] [hivemq] [e2626fa8] INFO  - Cluster nodes found by discovery: [XE6uQ|7] (2) [XE6uQ, kfKzb].
2025-01-30 04:06:53,875 INFO c.h.h.t.HelmChartContainer - [test-hivemq-platform] [hivemq] [e2626fa8] INFO  - Cluster size = 2, members : [kfKzb, XE6uQ].
2025-01-30 04:06:53,878 INFO c.h.h.t.HelmChartContainer - [test-hivemq-platform] [hivemq] [0cda99fe] INFO  - Cluster nodes found by discovery: [XE6uQ|7] (2) [XE6uQ, kfKzb].
2025-01-30 04:06:53,880 INFO c.h.h.t.HelmChartContainer - [test-hivemq-platform] [hivemq] [e2626fa8] INFO  - Starting cluster replication process. This may take a while. Please do not shut down HiveMQ.
2025-01-30 04:06:53,888 INFO c.h.h.t.HelmChartContainer - [test-hivemq-platform] [hivemq] [0cda99fe] INFO  - Starting cluster replication process. This may take a while. Please do not shut down HiveMQ.
2025-01-30 04:06:53,889 INFO c.h.h.t.HelmChartContainer - [test-hivemq-platform] [hivemq] [0cda99fe] INFO  - Cluster size = 2, members : [kfKzb, XE6uQ].
2025-01-30 04:06:54,092 INFO c.h.h.t.HelmChartContainer - [test-hivemq-platform] [hivemq] [e2626fa8] INFO  - Finished cluster replication successfully in 210 ms.
2025-01-30 04:06:54,102 INFO c.h.h.t.HelmChartContainer - [test-hivemq-platform] [hivemq] [0cda99fe] INFO  - Finished cluster replication successfully in 213 ms.
2025-01-30 04:06:54,947 INFO c.h.h.t.HelmChartContainer - [test-hivemq-platform] [hivemq] [1fef601f] INFO  - [HiveMQ Platform Operator Init App 1.7.0-SNAPSHOT] Returning shutdown Health API response 503 for readiness
2025-01-30 04:06:54,951 INFO c.h.h.t.HelmChartContainer - [EVENT] Warning [Unhealthy] Readiness probe failed: HTTP probe failed with statuscode: 503 [helmvolumeclaimtemplatesit:test-hivemq-platform-2]
2025-01-30 04:06:54,952 INFO c.h.h.t.HelmChartContainer - Received Unhealthy event for container hivemq in pod test-hivemq-platform-2 [1fef601f-ab18-4728-b244-b1212471a77a]
2025-01-30 04:06:56,131 INFO c.h.h.t.HelmChartContainer - [test-hivemq-platform] [hivemq] [1fef601f] INFO  - Shutdown completed.
2025-01-30 04:06:56,479 INFO c.h.h.t.HelmChartContainer - [test-hivemq-platform] [hivemq] [1fef601f] INFO  - [HiveMQ Platform Operator Init App 1.7.0-SNAPSHOT] The HiveMQ Platform exited with code 143
2025-01-30 04:06:56,479 INFO c.h.h.t.HelmChartContainer - [test-hivemq-platform] [hivemq] [1fef601f] INFO  - [HiveMQ Platform Operator Init App 1.7.0-SNAPSHOT] Stopping the REST API
2025-01-30 04:06:56,486 INFO c.h.h.t.HelmChartContainer - [test-hivemq-platform] [hivemq] [1fef601f] INFO  - [HiveMQ Platform Operator Init App 1.7.0-SNAPSHOT] Shutdown complete
2025-01-30 04:06:56,960 INFO c.h.h.t.HelmChartContainer - [POD] test-hivemq-platform-2 [1fef601f-ab18-4728-b244-b1212471a77a] in helmvolumeclaimtemplatesit was MODIFIED
2025-01-30 04:06:56,966 INFO c.h.h.t.HelmChartContainer - [hivemq-test-hivemq-platform] [hivemq-platform-operator] [3cd2b14a] 04:06:56.961 [pool-6-thread-26] DEBUG c.h.p.o.d.PlatformServiceResource - [helmvolu] Desired Platform services (3 services)
2025-01-30 04:06:56,972 INFO c.h.h.t.HelmChartContainer - [hivemq-test-hivemq-platform] [hivemq-platform-operator] [3cd2b14a] 04:06:56.963 [pool-6-thread-28] DEBUG c.h.p.o.dependants.PodInfoConfigMap - [helmvolu] Desired PodInfo ConfigMap (1 extensions) (1 enabled)
2025-01-30 04:06:56,972 INFO c.h.h.t.HelmChartContainer - [hivemq-test-hivemq-platform] [hivemq-platform-operator] [3cd2b14a] 04:06:56.963 [pool-6-thread-28] DEBUG c.h.p.o.dependants.PodInfoConfigMap - [helmvolu] Desired PodInfo ConfigMap (metrics port: 9399) (metrics path: /)
2025-01-30 04:06:56,972 INFO c.h.h.t.HelmChartContainer - [hivemq-test-hivemq-platform] [hivemq-platform-operator] [3cd2b14a] 04:06:56.963 [pool-6-thread-28] DEBUG c.h.p.o.dependants.PodInfoConfigMap - [helmvolu] Desired PodInfo ConfigMap (extension state hash: -1817474005)
2025-01-30 04:06:56,972 INFO c.h.h.t.HelmChartContainer - [hivemq-test-hivemq-platform] [hivemq-platform-operator] [3cd2b14a] 04:06:56.966 [pool-6-thread-27] DEBUG c.h.p.o.d.PodServiceAccountResource - [helmvolu] Desired PodServiceAccountResource (serviceAccountName: hivemq-platform-pod-test-hivemq-platform)
2025-01-30 04:06:56,972 INFO c.h.h.t.HelmChartContainer - [hivemq-test-hivemq-platform] [hivemq-platform-operator] [3cd2b14a] 04:06:56.968 [pool-6-thread-21] DEBUG c.h.p.o.d.StatefulSetResource - [helmvolu] Desired StatefulSet (2 replicas) for status ROLLING_RESTART (SCALE_DOWN_IN_PROGRESS)
2025-01-30 04:06:56,981 INFO c.h.h.t.HelmChartContainer - [hivemq-test-hivemq-platform] [hivemq-platform-operator] [3cd2b14a] 04:06:56.975 [ReconcilerExecutor-hivemq-controller-126] INFO  c.h.p.o.HiveMQPlatformReconciler - [helmvolu] Reconciling HiveMQ Platform 'test-hivemq-platform' in namespace 'helmvolumeclaimtemplatesit'
2025-01-30 04:06:56,983 INFO c.h.h.t.HelmChartContainer - [hivemq-test-hivemq-platform] [hivemq-platform-operator] [3cd2b14a] 04:06:56.975 [ReconcilerExecutor-hivemq-controller-126] DEBUG c.h.p.o.HiveMQPlatformReconciler - [helmvolu] Custom Resource Status ROLLING_RESTART - HiveMQ Platform is stopping the surge Pod (rolling restart) (SCALE_DOWN_IN_PROGRESS)
2025-01-30 04:06:56,983 INFO c.h.h.t.HelmChartContainer - [hivemq-test-hivemq-platform] [hivemq-platform-operator] [3cd2b14a] 04:06:56.975 [ReconcilerExecutor-hivemq-controller-126] DEBUG c.h.p.o.HiveMQPlatformReconciler - [helmvolu] Custom Resource Spec (replicas: 2) (extensions: 1)
2025-01-30 04:06:56,983 INFO c.h.h.t.HelmChartContainer - [hivemq-test-hivemq-platform] [hivemq-platform-operator] [3cd2b14a] 04:06:56.976 [ReconcilerExecutor-hivemq-controller-126] DEBUG c.h.p.o.HiveMQPlatformReconciler - [helmvolu] StatefulSet Status (revision: test-hivemq-platform-59475f86c9, replicas: 3, available: 2, ready: 2, current: 0, updated: 2)
2025-01-30 04:06:56,983 INFO c.h.h.t.HelmChartContainer - [hivemq-test-hivemq-platform] [hivemq-platform-operator] [3cd2b14a] 04:06:56.977 [ReconcilerExecutor-hivemq-controller-126] DEBUG c.h.p.o.HiveMQPlatformReconciler - [helmvolu] StatefulSet Spec (replicas: 2, init containers: 1, containers: 1, volumes: 4)
2025-01-30 04:06:56,983 INFO c.h.h.t.HelmChartContainer - [hivemq-test-hivemq-platform] [hivemq-platform-operator] [3cd2b14a] 04:06:56.978 [ReconcilerExecutor-hivemq-controller-126] DEBUG c.h.p.o.h.HiveMQPlatformReconcilerErrorHandler - [helmvolu] Pod 'test-hivemq-platform-1' phase Running
2025-01-30 04:06:56,983 INFO c.h.h.t.HelmChartContainer - [hivemq-test-hivemq-platform] [hivemq-platform-operator] [3cd2b14a] 04:06:56.979 [ReconcilerExecutor-hivemq-controller-126] DEBUG c.h.p.o.h.HiveMQPlatformReconcilerErrorHandler - [helmvolu] Pod 'test-hivemq-platform-0' phase Running
2025-01-30 04:06:56,983 INFO c.h.h.t.HelmChartContainer - [hivemq-test-hivemq-platform] [hivemq-platform-operator] [3cd2b14a] 04:06:56.980 [ReconcilerExecutor-hivemq-controller-126] INFO  c.h.p.o.h.HiveMQPlatformReconcilerRollingRestartHandler - [helmvolu] Rolling restart is done
2025-01-30 04:06:56,992 INFO c.h.h.t.HelmChartContainer - [EVENT] Normal [Ready] HiveMQ Platform is ready [helmvolumeclaimtemplatesit:test-hivemq-platform]
2025-01-30 04:06:56,995 INFO c.h.h.t.HelmChartContainer - [hivemq-test-hivemq-platform] [hivemq-platform-operator] [3cd2b14a] 04:06:56.992 [ReconcilerExecutor-hivemq-controller-126] DEBUG c.h.p.operator.event.EventSender - [helmvolu] Updating K8s event hivemq-platform-ready: [Ready] HiveMQ Platform is ready
2025-01-30 04:06:56,995 INFO c.h.h.t.HelmChartContainer - [hivemq-test-hivemq-platform] [hivemq-platform-operator] [3cd2b14a] 04:06:56.992 [ReconcilerExecutor-hivemq-controller-126] INFO  c.h.p.o.h.AbstractHiveMQReconcilerStateHandler - [helmvolu] Update HiveMQ Platform Status (ROLLING_RESTART [SCALE_DOWN_IN_PROGRESS] -> RUNNING [READY]): HiveMQ Platform is ready
2025-01-30 04:06:57,003 DEBUG com.hivemq.helmcharts.util.K8sUtil - Comparing actual state 'RUNNING' and waiting for 'RUNNING'
2025-01-30 04:06:57,010 INFO c.h.h.t.HelmChartContainer - [hivemq-test-hivemq-platform] [hivemq-platform-operator] [3cd2b14a] 04:06:57.007 [pool-6-thread-34] DEBUG c.h.p.o.d.PlatformServiceResource - [helmvolu] Desired Platform services (3 services)
2025-01-30 04:06:57,010 INFO c.h.h.t.HelmChartContainer - [hivemq-test-hivemq-platform] [hivemq-platform-operator] [3cd2b14a] 04:06:57.009 [pool-6-thread-36] DEBUG c.h.p.o.dependants.PodInfoConfigMap - [helmvolu] Desired PodInfo ConfigMap (1 extensions) (1 enabled)
2025-01-30 04:06:57,011 INFO c.h.h.t.HelmChartContainer - [hivemq-test-hivemq-platform] [hivemq-platform-operator] [3cd2b14a] 04:06:57.010 [pool-6-thread-36] DEBUG c.h.p.o.dependants.PodInfoConfigMap - [helmvolu] Desired PodInfo ConfigMap (metrics port: 9399) (metrics path: /)
2025-01-30 04:06:57,012 INFO c.h.h.t.HelmChartContainer - [hivemq-test-hivemq-platform] [hivemq-platform-operator] [3cd2b14a] 04:06:57.010 [pool-6-thread-36] DEBUG c.h.p.o.dependants.PodInfoConfigMap - [helmvolu] Desired PodInfo ConfigMap (extension state hash: -1817474005)
2025-01-30 04:06:57,012 INFO c.h.h.t.HelmChartContainer - [hivemq-test-hivemq-platform] [hivemq-platform-operator] [3cd2b14a] 04:06:57.010 [pool-6-thread-36] DEBUG c.h.p.o.dependants.PodInfoConfigMap - [helmvolu] Update PodInfo ConfigMap
2025-01-30 04:06:57,012 INFO c.h.h.t.HelmChartContainer - [hivemq-test-hivemq-platform] [hivemq-platform-operator] [3cd2b14a] 04:06:57.011 [pool-6-thread-40] DEBUG c.h.p.o.d.PodServiceAccountResource - [helmvolu] Desired PodServiceAccountResource (serviceAccountName: hivemq-platform-pod-test-hivemq-platform)
2025-01-30 04:06:57,036 INFO c.h.h.t.HelmChartContainer - [K3S] [reconciler_common.go:162] "operationExecutor.UnmountVolume started for volume \"kube-api-access-h7k9b\" (UniqueName: \"kubernetes.io/projected/1fef601f-ab18-4728-b244-b1212471a77a-kube-api-access-h7k9b\") pod \"1fef601f-ab18-4728-b244-b1212471a77a\" (UID: \"1fef601f-ab18-4728-b244-b1212471a77a\") "
2025-01-30 04:06:57,036 INFO c.h.h.t.HelmChartContainer - [K3S] [reconciler_common.go:162] "operationExecutor.UnmountVolume started for volume \"broker-configuration\" (UniqueName: \"kubernetes.io/configmap/1fef601f-ab18-4728-b244-b1212471a77a-broker-configuration\") pod \"1fef601f-ab18-4728-b244-b1212471a77a\" (UID: \"1fef601f-ab18-4728-b244-b1212471a77a\") "
2025-01-30 04:06:57,036 INFO c.h.h.t.HelmChartContainer - [K3S] [reconciler_common.go:162] "operationExecutor.UnmountVolume started for volume \"pod-info\" (UniqueName: \"kubernetes.io/configmap/1fef601f-ab18-4728-b244-b1212471a77a-pod-info\") pod \"1fef601f-ab18-4728-b244-b1212471a77a\" (UID: \"1fef601f-ab18-4728-b244-b1212471a77a\") "
2025-01-30 04:06:57,036 INFO c.h.h.t.HelmChartContainer - [K3S] [reconciler_common.go:162] "operationExecutor.UnmountVolume started for volume \"hivemq-pvc-data\" (UniqueName: \"kubernetes.io/local-volume/pvc-58d1e09a-dcd3-4de2-b36a-2666dc6f0838\") pod \"1fef601f-ab18-4728-b244-b1212471a77a\" (UID: \"1fef601f-ab18-4728-b244-b1212471a77a\") "
2025-01-30 04:06:57,036 INFO c.h.h.t.HelmChartContainer - [K3S] [reconciler_common.go:162] "operationExecutor.UnmountVolume started for volume \"operator-init\" (UniqueName: \"kubernetes.io/empty-dir/1fef601f-ab18-4728-b244-b1212471a77a-operator-init\") pod \"1fef601f-ab18-4728-b244-b1212471a77a\" (UID: \"1fef601f-ab18-4728-b244-b1212471a77a\") "
2025-01-30 04:06:57,087 INFO c.h.h.t.HelmChartContainer - [hivemq-test-hivemq-platform] [hivemq-platform-operator] [3cd2b14a] 04:06:57.086 [pool-6-thread-36] DEBUG c.h.p.o.d.StatefulSetResource - [helmvolu] Desired StatefulSet (2 replicas) for status RUNNING (READY)
2025-01-30 04:06:57,090 INFO c.h.h.t.HelmChartContainer - [hivemq-test-hivemq-platform] [hivemq-platform-operator] [3cd2b14a] 04:06:57.089 [ReconcilerExecutor-hivemq-controller-126] INFO  c.h.p.o.HiveMQPlatformReconciler - [helmvolu] Reconciling HiveMQ Platform 'test-hivemq-platform' in namespace 'helmvolumeclaimtemplatesit'
2025-01-30 04:06:57,090 INFO c.h.h.t.HelmChartContainer - [hivemq-test-hivemq-platform] [hivemq-platform-operator] [3cd2b14a] 04:06:57.089 [ReconcilerExecutor-hivemq-controller-126] DEBUG c.h.p.o.HiveMQPlatformReconciler - [helmvolu] Custom Resource Status RUNNING - HiveMQ Platform is ready (READY)
2025-01-30 04:06:57,090 INFO c.h.h.t.HelmChartContainer - [hivemq-test-hivemq-platform] [hivemq-platform-operator] [3cd2b14a] 04:06:57.089 [ReconcilerExecutor-hivemq-controller-126] DEBUG c.h.p.o.HiveMQPlatformReconciler - [helmvolu] Custom Resource Spec (replicas: 2) (extensions: 1)
2025-01-30 04:06:57,091 INFO c.h.h.t.HelmChartContainer - [hivemq-test-hivemq-platform] [hivemq-platform-operator] [3cd2b14a] 04:06:57.090 [ReconcilerExecutor-hivemq-controller-126] DEBUG c.h.p.o.HiveMQPlatformReconciler - [helmvolu] StatefulSet Status (revision: test-hivemq-platform-59475f86c9, replicas: 3, available: 2, ready: 2, current: 0, updated: 2)
2025-01-30 04:06:57,091 INFO c.h.h.t.HelmChartContainer - [hivemq-test-hivemq-platform] [hivemq-platform-operator] [3cd2b14a] 04:06:57.090 [ReconcilerExecutor-hivemq-controller-126] DEBUG c.h.p.o.HiveMQPlatformReconciler - [helmvolu] StatefulSet Spec (replicas: 2, init containers: 1, containers: 1, volumes: 4)
2025-01-30 04:06:57,092 INFO c.h.h.t.HelmChartContainer - [hivemq-test-hivemq-platform] [hivemq-platform-operator] [3cd2b14a] 04:06:57.092 [ReconcilerExecutor-hivemq-controller-126] DEBUG c.h.p.o.h.HiveMQPlatformReconcilerErrorHandler - [helmvolu] Pod 'test-hivemq-platform-1' phase Running
2025-01-30 04:06:57,094 INFO c.h.h.t.HelmChartContainer - [hivemq-test-hivemq-platform] [hivemq-platform-operator] [3cd2b14a] 04:06:57.093 [ReconcilerExecutor-hivemq-controller-126] DEBUG c.h.p.o.h.HiveMQPlatformReconcilerErrorHandler - [helmvolu] Pod 'test-hivemq-platform-0' phase Running
2025-01-30 04:06:57,134 INFO c.h.h.t.HelmChartContainer - [K3S] [reconciler_common.go:299] "Volume detached for volume \"pod-info\" (UniqueName: \"kubernetes.io/configmap/1fef601f-ab18-4728-b244-b1212471a77a-pod-info\") on node \"50074fe47053\" DevicePath \"\""
2025-01-30 04:06:57,134 INFO c.h.h.t.HelmChartContainer - [K3S] [reconciler_common.go:292] "operationExecutor.UnmountDevice started for volume \"pvc-58d1e09a-dcd3-4de2-b36a-2666dc6f0838\" (UniqueName: \"kubernetes.io/local-volume/pvc-58d1e09a-dcd3-4de2-b36a-2666dc6f0838\") on node \"50074fe47053\" "
2025-01-30 04:06:57,134 INFO c.h.h.t.HelmChartContainer - [K3S] [reconciler_common.go:299] "Volume detached for volume \"broker-configuration\" (UniqueName: \"kubernetes.io/configmap/1fef601f-ab18-4728-b244-b1212471a77a-broker-configuration\") on node \"50074fe47053\" DevicePath \"\""
2025-01-30 04:06:57,134 INFO c.h.h.t.HelmChartContainer - [K3S] [reconciler_common.go:299] "Volume detached for volume \"operator-init\" (UniqueName: \"kubernetes.io/empty-dir/1fef601f-ab18-4728-b244-b1212471a77a-operator-init\") on node \"50074fe47053\" DevicePath \"\""
2025-01-30 04:06:57,134 INFO c.h.h.t.HelmChartContainer - [K3S] [reconciler_common.go:299] "Volume detached for volume \"kube-api-access-h7k9b\" (UniqueName: \"kubernetes.io/projected/1fef601f-ab18-4728-b244-b1212471a77a-kube-api-access-h7k9b\") on node \"50074fe47053\" DevicePath \"\""
2025-01-30 04:06:57,235 INFO c.h.h.t.HelmChartContainer - [K3S] [reconciler_common.go:299] "Volume detached for volume \"pvc-58d1e09a-dcd3-4de2-b36a-2666dc6f0838\" (UniqueName: \"kubernetes.io/local-volume/pvc-58d1e09a-dcd3-4de2-b36a-2666dc6f0838\") on node \"50074fe47053\" DevicePath \"\""
2025-01-30 04:06:57,911 INFO c.h.h.t.HelmChartContainer - [K3S] [scope.go:117] "RemoveContainer" containerID="d721f14b350a7f6777320327d1ca704ed1124fd7afd8f1df0f520bc040559fd5"
2025-01-30 04:06:57,915 INFO c.h.h.t.HelmChartContainer - [K3S] [scope.go:117] "RemoveContainer" containerID="d77fcfb816cbbd67de75e99e50d0143d8babf7994c79f6eb1ff84aa4b407ee3b"
2025-01-30 04:06:57,924 INFO c.h.h.t.HelmChartContainer - [POD] test-hivemq-platform-2 [1fef601f-ab18-4728-b244-b1212471a77a] in helmvolumeclaimtemplatesit was MODIFIED
2025-01-30 04:06:57,926 INFO c.h.h.t.HelmChartContainer - [K3S] [endpointslice_controller.go:344] "Error syncing endpoint slices for service, retrying" key="helmvolumeclaimtemplatesit/hivemq-test-hivemq-platform-cluster" err="EndpointSlice informer cache is out of date"
2025-01-30 04:06:57,931 INFO c.h.h.t.HelmChartContainer - [POD] test-hivemq-platform-2 [1fef601f-ab18-4728-b244-b1212471a77a] in helmvolumeclaimtemplatesit was DELETED
2025-01-30 04:06:57,931 INFO c.h.h.t.HelmChartContainer - [hivemq-test-hivemq-platform] [hivemq-platform-operator] [3cd2b14a] 04:06:57.929 [pool-6-thread-44] DEBUG c.h.p.o.d.PlatformServiceResource - [helmvolu] Desired Platform services (3 services)
2025-01-30 04:06:57,934 INFO c.h.h.t.HelmChartContainer - [hivemq-test-hivemq-platform] [hivemq-platform-operator] [3cd2b14a] 04:06:57.932 [pool-6-thread-47] DEBUG c.h.p.o.dependants.PodInfoConfigMap - [helmvolu] Desired PodInfo ConfigMap (1 extensions) (1 enabled)
2025-01-30 04:06:57,934 INFO c.h.h.t.HelmChartContainer - [hivemq-test-hivemq-platform] [hivemq-platform-operator] [3cd2b14a] 04:06:57.932 [pool-6-thread-47] DEBUG c.h.p.o.dependants.PodInfoConfigMap - [helmvolu] Desired PodInfo ConfigMap (metrics port: 9399) (metrics path: /)
2025-01-30 04:06:57,934 INFO c.h.h.t.HelmChartContainer - [hivemq-test-hivemq-platform] [hivemq-platform-operator] [3cd2b14a] 04:06:57.932 [pool-6-thread-47] DEBUG c.h.p.o.dependants.PodInfoConfigMap - [helmvolu] Desired PodInfo ConfigMap (extension state hash: -1817474005)
2025-01-30 04:06:57,939 INFO c.h.h.t.HelmChartContainer - [hivemq-test-hivemq-platform] [hivemq-platform-operator] [3cd2b14a] 04:06:57.933 [pool-6-thread-49] DEBUG c.h.p.o.d.PodServiceAccountResource - [helmvolu] Desired PodServiceAccountResource (serviceAccountName: hivemq-platform-pod-test-hivemq-platform)
2025-01-30 04:06:57,939 INFO c.h.h.t.HelmChartContainer - [hivemq-test-hivemq-platform] [hivemq-platform-operator] [3cd2b14a] 04:06:57.937 [pool-6-thread-44] DEBUG c.h.p.o.d.StatefulSetResource - [helmvolu] Desired StatefulSet (2 replicas) for status RUNNING (READY)
2025-01-30 04:06:57,941 INFO c.h.h.t.HelmChartContainer - [hivemq-test-hivemq-platform] [hivemq-platform-operator] [3cd2b14a] 04:06:57.941 [ReconcilerExecutor-hivemq-controller-128] INFO  c.h.p.o.HiveMQPlatformReconciler - [helmvolu] Reconciling HiveMQ Platform 'test-hivemq-platform' in namespace 'helmvolumeclaimtemplatesit'
2025-01-30 04:06:57,944 INFO c.h.h.t.HelmChartContainer - [hivemq-test-hivemq-platform] [hivemq-platform-operator] [3cd2b14a] 04:06:57.941 [ReconcilerExecutor-hivemq-controller-128] DEBUG c.h.p.o.HiveMQPlatformReconciler - [helmvolu] Custom Resource Status RUNNING - HiveMQ Platform is ready (READY)
2025-01-30 04:06:57,944 INFO c.h.h.t.HelmChartContainer - [hivemq-test-hivemq-platform] [hivemq-platform-operator] [3cd2b14a] 04:06:57.941 [ReconcilerExecutor-hivemq-controller-128] DEBUG c.h.p.o.HiveMQPlatformReconciler - [helmvolu] Custom Resource Spec (replicas: 2) (extensions: 1)
2025-01-30 04:06:57,944 INFO c.h.h.t.HelmChartContainer - [hivemq-test-hivemq-platform] [hivemq-platform-operator] [3cd2b14a] 04:06:57.942 [ReconcilerExecutor-hivemq-controller-128] DEBUG c.h.p.o.HiveMQPlatformReconciler - [helmvolu] StatefulSet Status (revision: test-hivemq-platform-59475f86c9, replicas: 2, available: 2, ready: 2, current: 0, updated: 2)
2025-01-30 04:06:57,944 INFO c.h.h.t.HelmChartContainer - [hivemq-test-hivemq-platform] [hivemq-platform-operator] [3cd2b14a] 04:06:57.942 [ReconcilerExecutor-hivemq-controller-128] DEBUG c.h.p.o.HiveMQPlatformReconciler - [helmvolu] StatefulSet Spec (replicas: 2, init containers: 1, containers: 1, volumes: 4)
2025-01-30 04:06:57,944 INFO c.h.h.t.HelmChartContainer - [hivemq-test-hivemq-platform] [hivemq-platform-operator] [3cd2b14a] 04:06:57.943 [ReconcilerExecutor-hivemq-controller-128] DEBUG c.h.p.o.h.HiveMQPlatformReconcilerErrorHandler - [helmvolu] Pod 'test-hivemq-platform-1' phase Running
2025-01-30 04:06:57,947 INFO c.h.h.t.HelmChartContainer - [hivemq-test-hivemq-platform] [hivemq-platform-operator] [3cd2b14a] 04:06:57.946 [ReconcilerExecutor-hivemq-controller-128] DEBUG c.h.p.o.h.HiveMQPlatformReconcilerErrorHandler - [helmvolu] Pod 'test-hivemq-platform-0' phase Running
2025-01-30 04:06:57,951 INFO c.h.h.t.HelmChartContainer - [hivemq-test-hivemq-platform] [hivemq-platform-operator] [3cd2b14a] 04:06:57.949 [pool-6-thread-6] DEBUG c.h.p.o.d.PlatformServiceResource - [helmvolu] Desired Platform services (3 services)
2025-01-30 04:06:57,951 INFO c.h.h.t.HelmChartContainer - [hivemq-test-hivemq-platform] [hivemq-platform-operator] [3cd2b14a] 04:06:57.950 [pool-6-thread-7] DEBUG c.h.p.o.dependants.PodInfoConfigMap - [helmvolu] Desired PodInfo ConfigMap (1 extensions) (1 enabled)
2025-01-30 04:06:57,951 INFO c.h.h.t.HelmChartContainer - [hivemq-test-hivemq-platform] [hivemq-platform-operator] [3cd2b14a] 04:06:57.950 [pool-6-thread-7] DEBUG c.h.p.o.dependants.PodInfoConfigMap - [helmvolu] Desired PodInfo ConfigMap (metrics port: 9399) (metrics path: /)
2025-01-30 04:06:57,951 INFO c.h.h.t.HelmChartContainer - [hivemq-test-hivemq-platform] [hivemq-platform-operator] [3cd2b14a] 04:06:57.950 [pool-6-thread-7] DEBUG c.h.p.o.dependants.PodInfoConfigMap - [helmvolu] Desired PodInfo ConfigMap (extension state hash: -1817474005)
2025-01-30 04:06:57,988 INFO c.h.h.t.HelmChartContainer - [hivemq-test-hivemq-platform] [hivemq-platform-operator] [3cd2b14a] 04:06:57.987 [pool-6-thread-7] DEBUG c.h.p.o.d.PodServiceAccountResource - [helmvolu] Desired PodServiceAccountResource (serviceAccountName: hivemq-platform-pod-test-hivemq-platform)
2025-01-30 04:06:57,989 INFO c.h.h.t.HelmChartContainer - [hivemq-test-hivemq-platform] [hivemq-platform-operator] [3cd2b14a] 04:06:57.989 [pool-6-thread-8] DEBUG c.h.p.o.d.StatefulSetResource - [helmvolu] Desired StatefulSet (2 replicas) for status RUNNING (READY)
2025-01-30 04:06:57,991 INFO c.h.h.t.HelmChartContainer - [hivemq-test-hivemq-platform] [hivemq-platform-operator] [3cd2b14a] 04:06:57.991 [ReconcilerExecutor-hivemq-controller-128] INFO  c.h.p.o.HiveMQPlatformReconciler - [helmvolu] Reconciling HiveMQ Platform 'test-hivemq-platform' in namespace 'helmvolumeclaimtemplatesit'
2025-01-30 04:06:57,992 INFO c.h.h.t.HelmChartContainer - [hivemq-test-hivemq-platform] [hivemq-platform-operator] [3cd2b14a] 04:06:57.991 [ReconcilerExecutor-hivemq-controller-128] DEBUG c.h.p.o.HiveMQPlatformReconciler - [helmvolu] Custom Resource Status RUNNING - HiveMQ Platform is ready (READY)
2025-01-30 04:06:57,992 INFO c.h.h.t.HelmChartContainer - [hivemq-test-hivemq-platform] [hivemq-platform-operator] [3cd2b14a] 04:06:57.991 [ReconcilerExecutor-hivemq-controller-128] DEBUG c.h.p.o.HiveMQPlatformReconciler - [helmvolu] Custom Resource Spec (replicas: 2) (extensions: 1)
2025-01-30 04:06:57,993 INFO c.h.h.t.HelmChartContainer - [hivemq-test-hivemq-platform] [hivemq-platform-operator] [3cd2b14a] 04:06:57.992 [ReconcilerExecutor-hivemq-controller-128] DEBUG c.h.p.o.HiveMQPlatformReconciler - [helmvolu] StatefulSet Status (revision: test-hivemq-platform-59475f86c9, replicas: 2, available: 2, ready: 2, current: 0, updated: 2)
2025-01-30 04:06:57,993 INFO c.h.h.t.HelmChartContainer - [hivemq-test-hivemq-platform] [hivemq-platform-operator] [3cd2b14a] 04:06:57.992 [ReconcilerExecutor-hivemq-controller-128] DEBUG c.h.p.o.HiveMQPlatformReconciler - [helmvolu] StatefulSet Spec (replicas: 2, init containers: 1, containers: 1, volumes: 4)
2025-01-30 04:06:57,994 INFO c.h.h.t.HelmChartContainer - [hivemq-test-hivemq-platform] [hivemq-platform-operator] [3cd2b14a] 04:06:57.993 [ReconcilerExecutor-hivemq-controller-128] DEBUG c.h.p.o.h.HiveMQPlatformReconcilerErrorHandler - [helmvolu] Pod 'test-hivemq-platform-1' phase Running
2025-01-30 04:06:57,995 INFO c.h.h.t.HelmChartContainer - [hivemq-test-hivemq-platform] [hivemq-platform-operator] [3cd2b14a] 04:06:57.994 [ReconcilerExecutor-hivemq-controller-128] DEBUG c.h.p.o.h.HiveMQPlatformReconcilerErrorHandler - [helmvolu] Pod 'test-hivemq-platform-0' phase Running
2025-01-30 04:06:59,096 DEBUG com.hivemq.helmcharts.util.PodUtil - Received status for command '[cat, /opt/hivemq/data/test-hivemq-platform-0.txt]' on pod 'test-hivemq-platform-0' (exit code: 0)
2025-01-30 04:06:59,178 DEBUG com.hivemq.helmcharts.util.PodUtil - Received status for command '[cat, /opt/hivemq/data/test-hivemq-platform-1.txt]' on pod 'test-hivemq-platform-1' (exit code: 0)
2025-01-30 04:06:59,179 INFO c.h.h.t.HelmChartContainer - Uninstalling release 'test-hivemq-platform' in namespace 'helmvolumeclaimtemplatesit'...
2025-01-30 04:06:59,179 DEBUG c.h.h.t.HelmChartContainer - Executing helm command: /bin/helm --kubeconfig /etc/rancher/k3s/k3s.yaml uninstall test-hivemq-platform  --wait --timeout 5m0s --cascade foreground --namespace helmvolumeclaimtemplatesit
2025-01-30 04:06:59,275 INFO c.h.h.t.HelmChartContainer - [K3S] [kubelet_volumes.go:163] "Cleaned up orphaned pod volumes dir" podUID="1fef601f-ab18-4728-b244-b1212471a77a" path="/var/lib/kubelet/pods/1fef601f-ab18-4728-b244-b1212471a77a/volumes"
2025-01-30 04:06:59,358 INFO c.h.h.t.HelmChartContainer - [hivemq-test-hivemq-platform] [hivemq-platform-operator] [3cd2b14a] 04:06:59.356 [pool-6-thread-20] DEBUG c.h.p.o.d.PlatformServiceResource - [helmvolu] Desired Platform services (3 services)
2025-01-30 04:06:59,362 INFO c.h.h.t.HelmChartContainer - [hivemq-test-hivemq-platform] [hivemq-platform-operator] [3cd2b14a] 04:06:59.357 [pool-6-thread-17] DEBUG c.h.p.o.dependants.PodInfoConfigMap - [helmvolu] Desired PodInfo ConfigMap (1 extensions) (1 enabled)
2025-01-30 04:06:59,363 INFO c.h.h.t.HelmChartContainer - [hivemq-test-hivemq-platform] [hivemq-platform-operator] [3cd2b14a] 04:06:59.359 [pool-6-thread-17] DEBUG c.h.p.o.dependants.PodInfoConfigMap - [helmvolu] Desired PodInfo ConfigMap (metrics port: 9399) (metrics path: /)
2025-01-30 04:06:59,363 INFO c.h.h.t.HelmChartContainer - [hivemq-test-hivemq-platform] [hivemq-platform-operator] [3cd2b14a] 04:06:59.359 [pool-6-thread-17] DEBUG c.h.p.o.dependants.PodInfoConfigMap - [helmvolu] Desired PodInfo ConfigMap (extension state hash: -1817474005)
2025-01-30 04:06:59,363 INFO c.h.h.t.HelmChartContainer - [hivemq-test-hivemq-platform] [hivemq-platform-operator] [3cd2b14a] 04:06:59.360 [pool-6-thread-17] DEBUG c.h.p.o.d.StatefulSetResource - [helmvolu] Desired StatefulSet (2 replicas) for status RUNNING (READY)
2025-01-30 04:06:59,364 INFO c.h.h.t.HelmChartContainer - [hivemq-test-hivemq-platform] [hivemq-platform-operator] [3cd2b14a] 04:06:59.357 [pool-6-thread-16] DEBUG c.h.p.o.d.PodServiceAccountResource - [helmvolu] Desired PodServiceAccountResource (serviceAccountName: hivemq-platform-pod-test-hivemq-platform)
2025-01-30 04:06:59,371 INFO c.h.h.t.HelmChartContainer - [hivemq-test-hivemq-platform] [hivemq-platform-operator] [3cd2b14a] 04:06:59.364 [ReconcilerExecutor-hivemq-controller-130] INFO  c.h.p.o.HiveMQPlatformReconciler - [helmvolu] Reconciling HiveMQ Platform 'test-hivemq-platform' in namespace 'helmvolumeclaimtemplatesit'
2025-01-30 04:06:59,371 INFO c.h.h.t.HelmChartContainer - [hivemq-test-hivemq-platform] [hivemq-platform-operator] [3cd2b14a] 04:06:59.364 [ReconcilerExecutor-hivemq-controller-130] DEBUG c.h.p.o.HiveMQPlatformReconciler - [helmvolu] Custom Resource Status RUNNING - HiveMQ Platform is ready (READY)
2025-01-30 04:06:59,371 INFO c.h.h.t.HelmChartContainer - [hivemq-test-hivemq-platform] [hivemq-platform-operator] [3cd2b14a] 04:06:59.364 [ReconcilerExecutor-hivemq-controller-130] DEBUG c.h.p.o.HiveMQPlatformReconciler - [helmvolu] Custom Resource Spec (replicas: 2) (extensions: 1)
2025-01-30 04:06:59,371 INFO c.h.h.t.HelmChartContainer - [hivemq-test-hivemq-platform] [hivemq-platform-operator] [3cd2b14a] 04:06:59.366 [ReconcilerExecutor-hivemq-controller-130] DEBUG c.h.p.o.HiveMQPlatformReconciler - [helmvolu] StatefulSet Status (revision: test-hivemq-platform-59475f86c9, replicas: 2, available: 2, ready: 2, current: 0, updated: 2)
2025-01-30 04:06:59,371 INFO c.h.h.t.HelmChartContainer - [hivemq-test-hivemq-platform] [hivemq-platform-operator] [3cd2b14a] 04:06:59.366 [ReconcilerExecutor-hivemq-controller-130] DEBUG c.h.p.o.HiveMQPlatformReconciler - [helmvolu] StatefulSet Spec (replicas: 2, init containers: 1, containers: 1, volumes: 4)
2025-01-30 04:06:59,371 INFO c.h.h.t.HelmChartContainer - [hivemq-test-hivemq-platform] [hivemq-platform-operator] [3cd2b14a] 04:06:59.367 [ReconcilerExecutor-hivemq-controller-130] DEBUG c.h.p.o.h.HiveMQPlatformReconcilerErrorHandler - [helmvolu] Pod 'test-hivemq-platform-1' phase Running
2025-01-30 04:06:59,374 INFO c.h.h.t.HelmChartContainer - [hivemq-test-hivemq-platform] [hivemq-platform-operator] [3cd2b14a] 04:06:59.368 [ReconcilerExecutor-hivemq-controller-130] DEBUG c.h.p.o.h.HiveMQPlatformReconcilerErrorHandler - [helmvolu] Pod 'test-hivemq-platform-0' phase Running
2025-01-30 04:06:59,374 INFO c.h.h.t.HelmChartContainer - [hivemq-test-hivemq-platform] [hivemq-platform-operator] [3cd2b14a] 04:06:59.373 [ReconcilerExecutor-hivemq-controller-130] INFO  c.h.p.o.HiveMQPlatformReconciler - [helmvolu] Cleanup test-hivemq-platform - helmvolumeclaimtemplatesit HiveMQ Platform is shut down
2025-01-30 04:07:00,216 INFO c.h.h.t.HelmChartContainer - [POD] test-hivemq-platform-1 [e2626fa8-0aa5-430c-a9c0-96bd0f0575a7] in helmvolumeclaimtemplatesit was MODIFIED
2025-01-30 04:07:00,223 INFO c.h.h.t.HelmChartContainer - [test-hivemq-platform] [hivemq] [e2626fa8] INFO  - [HiveMQ Platform Operator Init App 1.7.0-SNAPSHOT] Shutting down
2025-01-30 04:07:00,223 INFO c.h.h.t.HelmChartContainer - [test-hivemq-platform] [hivemq] [e2626fa8] INFO  - [HiveMQ Platform Operator Init App 1.7.0-SNAPSHOT] Stopping the HiveMQ Platform
2025-01-30 04:07:00,230 INFO c.h.h.t.HelmChartContainer - [EVENT] Normal [Killing] Stopping container hivemq [helmvolumeclaimtemplatesit:test-hivemq-platform-1]
2025-01-30 04:07:00,230 INFO c.h.h.t.HelmChartContainer - Received Killing event for container hivemq in pod test-hivemq-platform-1 [e2626fa8-0aa5-430c-a9c0-96bd0f0575a7]
2025-01-30 04:07:00,230 INFO c.h.h.t.HelmChartContainer - Container [test-hivemq-platform-1] [hivemq] [e2626fa8-0aa5-430c-a9c0-96bd0f0575a7] was terminated
2025-01-30 04:07:00,230 INFO c.h.h.t.HelmChartContainer - Stopped log watcher for hivemq in pod test-hivemq-platform-1 [e2626fa8-0aa5-430c-a9c0-96bd0f0575a7]
2025-01-30 04:07:00,306 INFO c.h.h.t.HelmChartContainer - [test-hivemq-platform] [hivemq] [0cda99fe] INFO  - [HiveMQ Platform Operator Init App 1.7.0-SNAPSHOT] Shutting down
2025-01-30 04:07:00,306 INFO c.h.h.t.HelmChartContainer - [test-hivemq-platform] [hivemq] [0cda99fe] INFO  - [HiveMQ Platform Operator Init App 1.7.0-SNAPSHOT] Stopping the HiveMQ Platform
2025-01-30 04:07:00,307 INFO c.h.h.t.HelmChartContainer - [POD] test-hivemq-platform-0 [0cda99fe-ad4f-4727-ab2b-fe8d2dbc3d39] in helmvolumeclaimtemplatesit was MODIFIED
2025-01-30 04:07:00,307 INFO c.h.h.t.HelmChartContainer - [EVENT] Normal [Killing] Stopping container hivemq [helmvolumeclaimtemplatesit:test-hivemq-platform-0]
2025-01-30 04:07:00,307 INFO c.h.h.t.HelmChartContainer - Received Killing event for container hivemq in pod test-hivemq-platform-0 [0cda99fe-ad4f-4727-ab2b-fe8d2dbc3d39]
2025-01-30 04:07:00,307 INFO c.h.h.t.HelmChartContainer - Container [test-hivemq-platform-0] [hivemq] [0cda99fe-ad4f-4727-ab2b-fe8d2dbc3d39] was terminated
2025-01-30 04:07:00,307 INFO c.h.h.t.HelmChartContainer - Stopped log watcher for hivemq in pod test-hivemq-platform-0 [0cda99fe-ad4f-4727-ab2b-fe8d2dbc3d39]
2025-01-30 04:07:00,414 INFO c.h.h.t.HelmChartContainer - [test-hivemq-platform] [hivemq] [e2626fa8] INFO  - Shutting down HiveMQ. Please wait, this could take a while...
2025-01-30 04:07:00,420 INFO c.h.h.t.HelmChartContainer - [test-hivemq-platform] [hivemq] [e2626fa8] INFO  - Shutting down listeners and clients
2025-01-30 04:07:00,421 INFO c.h.h.t.HelmChartContainer - [test-hivemq-platform] [hivemq] [e2626fa8] INFO  - Shutdown of listeners is done
2025-01-30 04:07:00,424 INFO c.h.h.t.HelmChartContainer - [test-hivemq-platform] [hivemq] [e2626fa8] INFO  - No clients are connected, proceeding with shutdown
2025-01-30 04:07:00,488 INFO c.h.h.t.HelmChartContainer - [test-hivemq-platform] [hivemq] [0cda99fe] INFO  - Shutting down HiveMQ. Please wait, this could take a while...
2025-01-30 04:07:00,513 INFO c.h.h.t.HelmChartContainer - [test-hivemq-platform] [hivemq] [0cda99fe] INFO  - Shutting down listeners and clients
2025-01-30 04:07:00,514 INFO c.h.h.t.HelmChartContainer - [test-hivemq-platform] [hivemq] [0cda99fe] INFO  - Shutdown of listeners is done
2025-01-30 04:07:00,514 INFO c.h.h.t.HelmChartContainer - [test-hivemq-platform] [hivemq] [0cda99fe] INFO  - No clients are connected, proceeding with shutdown
2025-01-30 04:07:00,521 INFO c.h.h.t.HelmChartContainer - [K3S] [authentication.go:74] "Unable to authenticate the request" err="[invalid bearer token, serviceaccounts \"hivemq-platform-pod-test-hivemq-platform\" not found]"
2025-01-30 04:07:00,616 INFO c.h.h.t.HelmChartContainer - [K3S] [authentication.go:74] "Unable to authenticate the request" err="[invalid bearer token, serviceaccounts \"hivemq-platform-pod-test-hivemq-platform\" not found]"
2025-01-30 04:07:00,688 INFO c.h.h.t.HelmChartContainer - [test-hivemq-platform] [hivemq] [0cda99fe] WARN  - [HiveMQ Platform Operator Init App 1.7.0-SNAPSHOT] Could not update Pod annotations: Failure executing: GET at: https://10.43.0.1:443/api/v1/namespaces/helmvolumeclaimtemplatesit/pods/test-hivemq-platform-0. Message: Unauthorized. Received status: Status(apiVersion=v1, code=401, details=null, kind=Status, message=Unauthorized, metadata=ListMeta(_continue=null, remainingItemCount=null, resourceVersion=null, selfLink=null, additionalProperties={}), reason=Unauthorized, status=Failure, additionalProperties={}).
2025-01-30 04:07:00,725 INFO c.h.h.t.HelmChartContainer - [K3S] [authentication.go:74] "Unable to authenticate the request" err="[invalid bearer token, serviceaccounts \"hivemq-platform-pod-test-hivemq-platform\" not found]"
2025-01-30 04:07:00,741 INFO c.h.h.t.HelmChartContainer - [K3S] [authentication.go:74] "Unable to authenticate the request" err="[invalid bearer token, serviceaccounts \"hivemq-platform-pod-test-hivemq-platform\" not found]"
2025-01-30 04:07:00,816 INFO c.h.h.t.HelmChartContainer - [test-hivemq-platform] [hivemq] [e2626fa8] WARN  - [HiveMQ Platform Operator Init App 1.7.0-SNAPSHOT] Could not update Pod annotations: Failure executing: GET at: https://10.43.0.1:443/api/v1/namespaces/helmvolumeclaimtemplatesit/pods/test-hivemq-platform-1. Message: Unauthorized. Received status: Status(apiVersion=v1, code=401, details=null, kind=Status, message=Unauthorized, metadata=ListMeta(_continue=null, remainingItemCount=null, resourceVersion=null, selfLink=null, additionalProperties={}), reason=Unauthorized, status=Failure, additionalProperties={}).
2025-01-30 04:07:01,407 INFO c.h.h.t.HelmChartContainer - Deleting namespace 'helmvolumeclaimtemplatesit'...
2025-01-30 04:07:03,421 INFO c.h.h.t.HelmChartContainer - [test-hivemq-platform] [hivemq] [0cda99fe] INFO  - Shutting down extension system
2025-01-30 04:07:03,427 INFO c.h.h.t.HelmChartContainer - [test-hivemq-platform] [hivemq] [0cda99fe] INFO  - Stopping extension with id hivemq-dns-cluster-discovery
2025-01-30 04:07:03,428 INFO c.h.h.t.HelmChartContainer - [test-hivemq-platform] [hivemq] [0cda99fe] INFO  - Extension "DNS Cluster Discovery Extension" version 4.3.2 stopped successfully.
2025-01-30 04:07:03,429 INFO c.h.h.t.HelmChartContainer - [test-hivemq-platform] [hivemq] [0cda99fe] INFO  - Stopping extension with id hivemq-prometheus-extension
2025-01-30 04:07:03,432 INFO c.h.h.t.HelmChartContainer - [test-hivemq-platform] [hivemq] [0cda99fe] INFO  - Extension "Prometheus Monitoring Extension" version 4.0.12 stopped successfully.
2025-01-30 04:07:03,433 INFO c.h.h.t.HelmChartContainer - [test-hivemq-platform] [hivemq] [0cda99fe] INFO  - Stopping extension with id hivemq-allow-all-extension
2025-01-30 04:07:03,433 INFO c.h.h.t.HelmChartContainer - [test-hivemq-platform] [hivemq] [0cda99fe] INFO  - Extension "Allow All Extension" version 1.1.1 stopped successfully.
2025-01-30 04:07:03,436 INFO c.h.h.t.HelmChartContainer - [test-hivemq-platform] [hivemq] [e2626fa8] INFO  - Cluster nodes found by discovery: [XE6uQ|8] (1) [XE6uQ].
2025-01-30 04:07:03,440 INFO c.h.h.t.HelmChartContainer - [test-hivemq-platform] [hivemq] [e2626fa8] INFO  - Cluster size = 1, members : [XE6uQ].
2025-01-30 04:07:04,022 INFO c.h.h.t.HelmChartContainer - [test-hivemq-platform] [hivemq] [e2626fa8] INFO  - Shutting down extension system
2025-01-30 04:07:04,028 INFO c.h.h.t.HelmChartContainer - [test-hivemq-platform] [hivemq] [e2626fa8] INFO  - Stopping extension with id hivemq-dns-cluster-discovery
2025-01-30 04:07:04,029 INFO c.h.h.t.HelmChartContainer - [test-hivemq-platform] [hivemq] [e2626fa8] INFO  - Extension "DNS Cluster Discovery Extension" version 4.3.2 stopped successfully.
2025-01-30 04:07:04,029 INFO c.h.h.t.HelmChartContainer - [test-hivemq-platform] [hivemq] [e2626fa8] INFO  - Stopping extension with id hivemq-prometheus-extension
2025-01-30 04:07:04,034 INFO c.h.h.t.HelmChartContainer - [test-hivemq-platform] [hivemq] [e2626fa8] INFO  - Extension "Prometheus Monitoring Extension" version 4.0.12 stopped successfully.
2025-01-30 04:07:04,034 INFO c.h.h.t.HelmChartContainer - [test-hivemq-platform] [hivemq] [e2626fa8] INFO  - Stopping extension with id hivemq-allow-all-extension
2025-01-30 04:07:04,035 INFO c.h.h.t.HelmChartContainer - [test-hivemq-platform] [hivemq] [e2626fa8] INFO  - Extension "Allow All Extension" version 1.1.1 stopped successfully.
2025-01-30 04:07:05,000 INFO c.h.h.t.HelmChartContainer - [test-hivemq-platform] [hivemq] [0cda99fe] INFO  - [HiveMQ Platform Operator Init App 1.7.0-SNAPSHOT] Returning shutdown Health API response 503 for readiness
2025-01-30 04:07:05,004 INFO c.h.h.t.HelmChartContainer - [EVENT] Warning [Unhealthy] Readiness probe failed: HTTP probe failed with statuscode: 503 [helmvolumeclaimtemplatesit:test-hivemq-platform-0]
2025-01-30 04:07:05,004 INFO c.h.h.t.HelmChartContainer - Received Unhealthy event for container hivemq in pod test-hivemq-platform-0 [0cda99fe-ad4f-4727-ab2b-fe8d2dbc3d39]
2025-01-30 04:07:05,135 INFO c.h.h.t.HelmChartContainer - [test-hivemq-platform] [hivemq] [e2626fa8] INFO  - [HiveMQ Platform Operator Init App 1.7.0-SNAPSHOT] Returning shutdown Health API response 503 for readiness
2025-01-30 04:07:05,139 INFO c.h.h.t.HelmChartContainer - [EVENT] Warning [Unhealthy] Readiness probe failed: HTTP probe failed with statuscode: 503 [helmvolumeclaimtemplatesit:test-hivemq-platform-1]
2025-01-30 04:07:05,139 INFO c.h.h.t.HelmChartContainer - Received Unhealthy event for container hivemq in pod test-hivemq-platform-1 [e2626fa8-0aa5-430c-a9c0-96bd0f0575a7]
2025-01-30 04:07:05,693 INFO c.h.h.t.HelmChartContainer - [K3S] [authentication.go:74] "Unable to authenticate the request" err="[invalid bearer token, serviceaccounts \"hivemq-platform-pod-test-hivemq-platform\" not found]"
2025-01-30 04:07:05,790 INFO c.h.h.t.HelmChartContainer - [test-hivemq-platform] [hivemq] [0cda99fe] INFO  - Shutdown completed.
2025-01-30 04:07:05,791 INFO c.h.h.t.HelmChartContainer - [K3S] [authentication.go:74] "Unable to authenticate the request" err="[invalid bearer token, serviceaccounts \"hivemq-platform-pod-test-hivemq-platform\" not found]"
2025-01-30 04:07:05,793 INFO c.h.h.t.HelmChartContainer - [test-hivemq-platform] [hivemq] [0cda99fe] WARN  - [HiveMQ Platform Operator Init App 1.7.0-SNAPSHOT] Could not update Pod annotations: Failure executing: GET at: https://10.43.0.1:443/api/v1/namespaces/helmvolumeclaimtemplatesit/pods/test-hivemq-platform-0. Message: Unauthorized. Received status: Status(apiVersion=v1, code=401, details=null, kind=Status, message=Unauthorized, metadata=ListMeta(_continue=null, remainingItemCount=null, resourceVersion=null, selfLink=null, additionalProperties={}), reason=Unauthorized, status=Failure, additionalProperties={}).
2025-01-30 04:07:05,819 INFO c.h.h.t.HelmChartContainer - [K3S] [authentication.go:74] "Unable to authenticate the request" err="[invalid bearer token, serviceaccounts \"hivemq-platform-pod-test-hivemq-platform\" not found]"
2025-01-30 04:07:05,830 INFO c.h.h.t.HelmChartContainer - [K3S] [authentication.go:74] "Unable to authenticate the request" err="[invalid bearer token, serviceaccounts \"hivemq-platform-pod-test-hivemq-platform\" not found]"
2025-01-30 04:07:05,832 INFO c.h.h.t.HelmChartContainer - [test-hivemq-platform] [hivemq] [e2626fa8] WARN  - [HiveMQ Platform Operator Init App 1.7.0-SNAPSHOT] Could not update Pod annotations: Failure executing: GET at: https://10.43.0.1:443/api/v1/namespaces/helmvolumeclaimtemplatesit/pods/test-hivemq-platform-1. Message: Unauthorized. Received status: Status(apiVersion=v1, code=401, details=null, kind=Status, message=Unauthorized, metadata=ListMeta(_continue=null, remainingItemCount=null, resourceVersion=null, selfLink=null, additionalProperties={}), reason=Unauthorized, status=Failure, additionalProperties={}).
2025-01-30 04:07:06,141 INFO c.h.h.t.HelmChartContainer - [test-hivemq-platform] [hivemq] [0cda99fe] INFO  - [HiveMQ Platform Operator Init App 1.7.0-SNAPSHOT] The HiveMQ Platform exited with code 143
2025-01-30 04:07:06,142 INFO c.h.h.t.HelmChartContainer - [test-hivemq-platform] [hivemq] [0cda99fe] INFO  - [HiveMQ Platform Operator Init App 1.7.0-SNAPSHOT] Stopping the REST API
2025-01-30 04:07:06,185 INFO c.h.h.t.HelmChartContainer - [test-hivemq-platform] [hivemq] [0cda99fe] INFO  - [HiveMQ Platform Operator Init App 1.7.0-SNAPSHOT] Shutdown complete
2025-01-30 04:07:06,314 INFO c.h.h.t.HelmChartContainer - [test-hivemq-platform] [hivemq] [e2626fa8] INFO  - Shutdown completed.
2025-01-30 04:07:06,531 INFO c.h.h.t.HelmChartContainer - [POD] helper-pod-delete-pvc-58d1e09a-dcd3-4de2-b36a-2666dc6f0838 [9a984880-dfb0-428d-993a-9cc6602847e7] in kube-system was ADDED
2025-01-30 04:07:06,532 INFO c.h.h.t.HelmChartContainer - [K3S] [memory_manager.go:355] "RemoveStaleState removing state" podUID="1fef601f-ab18-4728-b244-b1212471a77a" containerName="hivemq"
2025-01-30 04:07:06,544 INFO c.h.h.t.HelmChartContainer - [POD] helper-pod-delete-pvc-58d1e09a-dcd3-4de2-b36a-2666dc6f0838 [9a984880-dfb0-428d-993a-9cc6602847e7] in kube-system was MODIFIED
2025-01-30 04:07:06,585 INFO c.h.h.t.HelmChartContainer - [K3S] [reconciler_common.go:251] "operationExecutor.VerifyControllerAttachedVolume started for volume \"script\" (UniqueName: \"kubernetes.io/configmap/9a984880-dfb0-428d-993a-9cc6602847e7-script\") pod \"helper-pod-delete-pvc-58d1e09a-dcd3-4de2-b36a-2666dc6f0838\" (UID: \"9a984880-dfb0-428d-993a-9cc6602847e7\") " pod="kube-system/helper-pod-delete-pvc-58d1e09a-dcd3-4de2-b36a-2666dc6f0838"
2025-01-30 04:07:06,586 INFO c.h.h.t.HelmChartContainer - [K3S] [reconciler_common.go:251] "operationExecutor.VerifyControllerAttachedVolume started for volume \"data\" (UniqueName: \"kubernetes.io/host-path/9a984880-dfb0-428d-993a-9cc6602847e7-data\") pod \"helper-pod-delete-pvc-58d1e09a-dcd3-4de2-b36a-2666dc6f0838\" (UID: \"9a984880-dfb0-428d-993a-9cc6602847e7\") " pod="kube-system/helper-pod-delete-pvc-58d1e09a-dcd3-4de2-b36a-2666dc6f0838"
2025-01-30 04:07:06,586 INFO c.h.h.t.HelmChartContainer - [K3S] [reconciler_common.go:251] "operationExecutor.VerifyControllerAttachedVolume started for volume \"kube-api-access-kxsfk\" (UniqueName: \"kubernetes.io/projected/9a984880-dfb0-428d-993a-9cc6602847e7-kube-api-access-kxsfk\") pod \"helper-pod-delete-pvc-58d1e09a-dcd3-4de2-b36a-2666dc6f0838\" (UID: \"9a984880-dfb0-428d-993a-9cc6602847e7\") " pod="kube-system/helper-pod-delete-pvc-58d1e09a-dcd3-4de2-b36a-2666dc6f0838"
2025-01-30 04:07:06,679 INFO c.h.h.t.HelmChartContainer - [test-hivemq-platform] [hivemq] [e2626fa8] INFO  - [HiveMQ Platform Operator Init App 1.7.0-SNAPSHOT] The HiveMQ Platform exited with code 143
2025-01-30 04:07:06,679 INFO c.h.h.t.HelmChartContainer - [test-hivemq-platform] [hivemq] [e2626fa8] INFO  - [HiveMQ Platform Operator Init App 1.7.0-SNAPSHOT] Stopping the REST API
2025-01-30 04:07:06,701 INFO c.h.h.t.HelmChartContainer - [K3S] [stateful_set.go:438] "Unhandled Error" err="error syncing StatefulSet helmvolumeclaimtemplatesit/test-hivemq-platform, requeuing: controllerrevisions.apps \"test-hivemq-platform-59475f86c9\" is forbidden: unable to create new content in namespace helmvolumeclaimtemplatesit because it is being terminated"
2025-01-30 04:07:06,702 INFO c.h.h.t.HelmChartContainer - [POD] test-hivemq-platform-0 [0cda99fe-ad4f-4727-ab2b-fe8d2dbc3d39] in helmvolumeclaimtemplatesit was MODIFIED
2025-01-30 04:07:06,710 INFO c.h.h.t.HelmChartContainer - [K3S] [stateful_set.go:438] "Unhandled Error" err="error syncing StatefulSet helmvolumeclaimtemplatesit/test-hivemq-platform, requeuing: controllerrevisions.apps \"test-hivemq-platform-59475f86c9\" is forbidden: unable to create new content in namespace helmvolumeclaimtemplatesit because it is being terminated"
2025-01-30 04:07:06,716 INFO c.h.h.t.HelmChartContainer - [test-hivemq-platform] [hivemq] [e2626fa8] INFO  - [HiveMQ Platform Operator Init App 1.7.0-SNAPSHOT] Shutdown complete
2025-01-30 04:07:06,722 INFO c.h.h.t.HelmChartContainer - [K3S] [stateful_set.go:438] "Unhandled Error" err="error syncing StatefulSet helmvolumeclaimtemplatesit/test-hivemq-platform, requeuing: controllerrevisions.apps \"test-hivemq-platform-59475f86c9\" is forbidden: unable to create new content in namespace helmvolumeclaimtemplatesit because it is being terminated"
2025-01-30 04:07:06,745 INFO c.h.h.t.HelmChartContainer - [K3S] [stateful_set.go:438] "Unhandled Error" err="error syncing StatefulSet helmvolumeclaimtemplatesit/test-hivemq-platform, requeuing: controllerrevisions.apps \"test-hivemq-platform-59475f86c9\" is forbidden: unable to create new content in namespace helmvolumeclaimtemplatesit because it is being terminated"
2025-01-30 04:07:06,768 INFO c.h.h.t.HelmChartContainer - [K3S] [stateful_set.go:466] "StatefulSet has been deleted" key="helmvolumeclaimtemplatesit/test-hivemq-platform"
2025-01-30 04:07:06,786 INFO c.h.h.t.HelmChartContainer - [K3S] [reconciler_common.go:162] "operationExecutor.UnmountVolume started for volume \"pod-info\" (UniqueName: \"kubernetes.io/configmap/0cda99fe-ad4f-4727-ab2b-fe8d2dbc3d39-pod-info\") pod \"0cda99fe-ad4f-4727-ab2b-fe8d2dbc3d39\" (UID: \"0cda99fe-ad4f-4727-ab2b-fe8d2dbc3d39\") "
2025-01-30 04:07:06,786 INFO c.h.h.t.HelmChartContainer - [K3S] [stateful_set.go:466] "StatefulSet has been deleted" key="helmvolumeclaimtemplatesit/test-hivemq-platform"
2025-01-30 04:07:06,786 INFO c.h.h.t.HelmChartContainer - [K3S] [reconciler_common.go:162] "operationExecutor.UnmountVolume started for volume \"operator-init\" (UniqueName: \"kubernetes.io/empty-dir/0cda99fe-ad4f-4727-ab2b-fe8d2dbc3d39-operator-init\") pod \"0cda99fe-ad4f-4727-ab2b-fe8d2dbc3d39\" (UID: \"0cda99fe-ad4f-4727-ab2b-fe8d2dbc3d39\") "
2025-01-30 04:07:06,786 INFO c.h.h.t.HelmChartContainer - [K3S] [reconciler_common.go:162] "operationExecutor.UnmountVolume started for volume \"kube-api-access-6hfg7\" (UniqueName: \"kubernetes.io/projected/0cda99fe-ad4f-4727-ab2b-fe8d2dbc3d39-kube-api-access-6hfg7\") pod \"0cda99fe-ad4f-4727-ab2b-fe8d2dbc3d39\" (UID: \"0cda99fe-ad4f-4727-ab2b-fe8d2dbc3d39\") "
2025-01-30 04:07:06,786 INFO c.h.h.t.HelmChartContainer - [K3S] [reconciler_common.go:162] "operationExecutor.UnmountVolume started for volume \"broker-configuration\" (UniqueName: \"kubernetes.io/configmap/0cda99fe-ad4f-4727-ab2b-fe8d2dbc3d39-broker-configuration\") pod \"0cda99fe-ad4f-4727-ab2b-fe8d2dbc3d39\" (UID: \"0cda99fe-ad4f-4727-ab2b-fe8d2dbc3d39\") "
2025-01-30 04:07:06,788 INFO c.h.h.t.HelmChartContainer - [K3S] [reconciler_common.go:162] "operationExecutor.UnmountVolume started for volume \"hivemq-pvc-data\" (UniqueName: \"kubernetes.io/local-volume/pvc-039ad80e-2321-4112-8315-4662221a1a96\") pod \"0cda99fe-ad4f-4727-ab2b-fe8d2dbc3d39\" (UID: \"0cda99fe-ad4f-4727-ab2b-fe8d2dbc3d39\") "
2025-01-30 04:07:06,888 INFO c.h.h.t.HelmChartContainer - [K3S] [reconciler_common.go:299] "Volume detached for volume \"operator-init\" (UniqueName: \"kubernetes.io/empty-dir/0cda99fe-ad4f-4727-ab2b-fe8d2dbc3d39-operator-init\") on node \"50074fe47053\" DevicePath \"\""
2025-01-30 04:07:06,888 INFO c.h.h.t.HelmChartContainer - [K3S] [reconciler_common.go:299] "Volume detached for volume \"kube-api-access-6hfg7\" (UniqueName: \"kubernetes.io/projected/0cda99fe-ad4f-4727-ab2b-fe8d2dbc3d39-kube-api-access-6hfg7\") on node \"50074fe47053\" DevicePath \"\""
2025-01-30 04:07:06,889 INFO c.h.h.t.HelmChartContainer - [K3S] [reconciler_common.go:299] "Volume detached for volume \"broker-configuration\" (UniqueName: \"kubernetes.io/configmap/0cda99fe-ad4f-4727-ab2b-fe8d2dbc3d39-broker-configuration\") on node \"50074fe47053\" DevicePath \"\""
2025-01-30 04:07:06,889 INFO c.h.h.t.HelmChartContainer - [K3S] [reconciler_common.go:292] "operationExecutor.UnmountDevice started for volume \"pvc-039ad80e-2321-4112-8315-4662221a1a96\" (UniqueName: \"kubernetes.io/local-volume/pvc-039ad80e-2321-4112-8315-4662221a1a96\") on node \"50074fe47053\" "
2025-01-30 04:07:06,889 INFO c.h.h.t.HelmChartContainer - [K3S] [reconciler_common.go:299] "Volume detached for volume \"pod-info\" (UniqueName: \"kubernetes.io/configmap/0cda99fe-ad4f-4727-ab2b-fe8d2dbc3d39-pod-info\") on node \"50074fe47053\" DevicePath \"\""
2025-01-30 04:07:06,928 INFO c.h.h.t.HelmChartContainer - [K3S] [scope.go:117] "RemoveContainer" containerID="b3a6df265bbd0da594db19d1dbaadaabb6b5fa2bfd6cb2c9b8e6f1a3dabbde7a"
2025-01-30 04:07:06,933 INFO c.h.h.t.HelmChartContainer - [K3S] [scope.go:117] "RemoveContainer" containerID="2bf314b6853c8e6f95442aa178df3d294460b6f3dd0f28df1c8cfaaef13308be"
2025-01-30 04:07:06,937 INFO c.h.h.t.HelmChartContainer - [K3S] [scope.go:117] "RemoveContainer" containerID="b3a6df265bbd0da594db19d1dbaadaabb6b5fa2bfd6cb2c9b8e6f1a3dabbde7a"
2025-01-30 04:07:06,938 INFO c.h.h.t.HelmChartContainer - [K3S] [scope.go:117] "RemoveContainer" containerID="2bf314b6853c8e6f95442aa178df3d294460b6f3dd0f28df1c8cfaaef13308be"
2025-01-30 04:07:06,946 INFO c.h.h.t.HelmChartContainer - [POD] test-hivemq-platform-0 [0cda99fe-ad4f-4727-ab2b-fe8d2dbc3d39] in helmvolumeclaimtemplatesit was MODIFIED
2025-01-30 04:07:06,948 INFO c.h.h.t.HelmChartContainer - [POD] test-hivemq-platform-0 [0cda99fe-ad4f-4727-ab2b-fe8d2dbc3d39] in helmvolumeclaimtemplatesit was DELETED
2025-01-30 04:07:06,965 INFO c.h.h.t.HelmChartContainer - [POD] helper-pod-delete-pvc-039ad80e-2321-4112-8315-4662221a1a96 [53746ee9-af43-4e31-ad25-78a1309594a2] in kube-system was ADDED
2025-01-30 04:07:06,968 INFO c.h.h.t.HelmChartContainer - [K3S] [memory_manager.go:355] "RemoveStaleState removing state" podUID="0cda99fe-ad4f-4727-ab2b-fe8d2dbc3d39" containerName="hivemq"
2025-01-30 04:07:06,981 INFO c.h.h.t.HelmChartContainer - [POD] helper-pod-delete-pvc-039ad80e-2321-4112-8315-4662221a1a96 [53746ee9-af43-4e31-ad25-78a1309594a2] in kube-system was MODIFIED
2025-01-30 04:07:06,989 INFO c.h.h.t.HelmChartContainer - [K3S] [reconciler_common.go:299] "Volume detached for volume \"pvc-039ad80e-2321-4112-8315-4662221a1a96\" (UniqueName: \"kubernetes.io/local-volume/pvc-039ad80e-2321-4112-8315-4662221a1a96\") on node \"50074fe47053\" DevicePath \"\""
2025-01-30 04:07:07,089 INFO c.h.h.t.HelmChartContainer - [K3S] [reconciler_common.go:251] "operationExecutor.VerifyControllerAttachedVolume started for volume \"data\" (UniqueName: \"kubernetes.io/host-path/53746ee9-af43-4e31-ad25-78a1309594a2-data\") pod \"helper-pod-delete-pvc-039ad80e-2321-4112-8315-4662221a1a96\" (UID: \"53746ee9-af43-4e31-ad25-78a1309594a2\") " pod="kube-system/helper-pod-delete-pvc-039ad80e-2321-4112-8315-4662221a1a96"
2025-01-30 04:07:07,089 INFO c.h.h.t.HelmChartContainer - [K3S] [reconciler_common.go:251] "operationExecutor.VerifyControllerAttachedVolume started for volume \"script\" (UniqueName: \"kubernetes.io/configmap/53746ee9-af43-4e31-ad25-78a1309594a2-script\") pod \"helper-pod-delete-pvc-039ad80e-2321-4112-8315-4662221a1a96\" (UID: \"53746ee9-af43-4e31-ad25-78a1309594a2\") " pod="kube-system/helper-pod-delete-pvc-039ad80e-2321-4112-8315-4662221a1a96"
2025-01-30 04:07:07,089 INFO c.h.h.t.HelmChartContainer - [K3S] [reconciler_common.go:251] "operationExecutor.VerifyControllerAttachedVolume started for volume \"kube-api-access-gtjhq\" (UniqueName: \"kubernetes.io/projected/53746ee9-af43-4e31-ad25-78a1309594a2-kube-api-access-gtjhq\") pod \"helper-pod-delete-pvc-039ad80e-2321-4112-8315-4662221a1a96\" (UID: \"53746ee9-af43-4e31-ad25-78a1309594a2\") " pod="kube-system/helper-pod-delete-pvc-039ad80e-2321-4112-8315-4662221a1a96"
2025-01-30 04:07:07,195 INFO c.h.h.t.HelmChartContainer - [POD] test-hivemq-platform-1 [e2626fa8-0aa5-430c-a9c0-96bd0f0575a7] in helmvolumeclaimtemplatesit was MODIFIED
2025-01-30 04:07:07,275 INFO c.h.h.t.HelmChartContainer - [K3S] [kubelet_volumes.go:163] "Cleaned up orphaned pod volumes dir" podUID="0cda99fe-ad4f-4727-ab2b-fe8d2dbc3d39" path="/var/lib/kubelet/pods/0cda99fe-ad4f-4727-ab2b-fe8d2dbc3d39/volumes"
2025-01-30 04:07:07,290 INFO c.h.h.t.HelmChartContainer - [K3S] [reconciler_common.go:162] "operationExecutor.UnmountVolume started for volume \"pod-info\" (UniqueName: \"kubernetes.io/configmap/e2626fa8-0aa5-430c-a9c0-96bd0f0575a7-pod-info\") pod \"e2626fa8-0aa5-430c-a9c0-96bd0f0575a7\" (UID: \"e2626fa8-0aa5-430c-a9c0-96bd0f0575a7\") "
2025-01-30 04:07:07,291 INFO c.h.h.t.HelmChartContainer - [K3S] [reconciler_common.go:162] "operationExecutor.UnmountVolume started for volume \"broker-configuration\" (UniqueName: \"kubernetes.io/configmap/e2626fa8-0aa5-430c-a9c0-96bd0f0575a7-broker-configuration\") pod \"e2626fa8-0aa5-430c-a9c0-96bd0f0575a7\" (UID: \"e2626fa8-0aa5-430c-a9c0-96bd0f0575a7\") "
2025-01-30 04:07:07,291 INFO c.h.h.t.HelmChartContainer - [K3S] [reconciler_common.go:162] "operationExecutor.UnmountVolume started for volume \"kube-api-access-fkqfg\" (UniqueName: \"kubernetes.io/projected/e2626fa8-0aa5-430c-a9c0-96bd0f0575a7-kube-api-access-fkqfg\") pod \"e2626fa8-0aa5-430c-a9c0-96bd0f0575a7\" (UID: \"e2626fa8-0aa5-430c-a9c0-96bd0f0575a7\") "
2025-01-30 04:07:07,291 INFO c.h.h.t.HelmChartContainer - [K3S] [reconciler_common.go:162] "operationExecutor.UnmountVolume started for volume \"hivemq-pvc-data\" (UniqueName: \"kubernetes.io/local-volume/pvc-5f246695-e19d-4c51-9fb1-d8aaa756f18a\") pod \"e2626fa8-0aa5-430c-a9c0-96bd0f0575a7\" (UID: \"e2626fa8-0aa5-430c-a9c0-96bd0f0575a7\") "
2025-01-30 04:07:07,291 INFO c.h.h.t.HelmChartContainer - [K3S] [reconciler_common.go:162] "operationExecutor.UnmountVolume started for volume \"operator-init\" (UniqueName: \"kubernetes.io/empty-dir/e2626fa8-0aa5-430c-a9c0-96bd0f0575a7-operator-init\") pod \"e2626fa8-0aa5-430c-a9c0-96bd0f0575a7\" (UID: \"e2626fa8-0aa5-430c-a9c0-96bd0f0575a7\") "
2025-01-30 04:07:07,390 INFO c.h.h.t.HelmChartContainer - [K3S] [reconciler_common.go:299] "Volume detached for volume \"pod-info\" (UniqueName: \"kubernetes.io/configmap/e2626fa8-0aa5-430c-a9c0-96bd0f0575a7-pod-info\") on node \"50074fe47053\" DevicePath \"\""
2025-01-30 04:07:07,391 INFO c.h.h.t.HelmChartContainer - [K3S] [reconciler_common.go:299] "Volume detached for volume \"broker-configuration\" (UniqueName: \"kubernetes.io/configmap/e2626fa8-0aa5-430c-a9c0-96bd0f0575a7-broker-configuration\") on node \"50074fe47053\" DevicePath \"\""
2025-01-30 04:07:07,391 INFO c.h.h.t.HelmChartContainer - [K3S] [reconciler_common.go:299] "Volume detached for volume \"kube-api-access-fkqfg\" (UniqueName: \"kubernetes.io/projected/e2626fa8-0aa5-430c-a9c0-96bd0f0575a7-kube-api-access-fkqfg\") on node \"50074fe47053\" DevicePath \"\""
2025-01-30 04:07:07,391 INFO c.h.h.t.HelmChartContainer - [K3S] [reconciler_common.go:292] "operationExecutor.UnmountDevice started for volume \"pvc-5f246695-e19d-4c51-9fb1-d8aaa756f18a\" (UniqueName: \"kubernetes.io/local-volume/pvc-5f246695-e19d-4c51-9fb1-d8aaa756f18a\") on node \"50074fe47053\" "
2025-01-30 04:07:07,391 INFO c.h.h.t.HelmChartContainer - [K3S] [reconciler_common.go:299] "Volume detached for volume \"operator-init\" (UniqueName: \"kubernetes.io/empty-dir/e2626fa8-0aa5-430c-a9c0-96bd0f0575a7-operator-init\") on node \"50074fe47053\" DevicePath \"\""
2025-01-30 04:07:07,491 INFO c.h.h.t.HelmChartContainer - [K3S] [reconciler_common.go:299] "Volume detached for volume \"pvc-5f246695-e19d-4c51-9fb1-d8aaa756f18a\" (UniqueName: \"kubernetes.io/local-volume/pvc-5f246695-e19d-4c51-9fb1-d8aaa756f18a\") on node \"50074fe47053\" DevicePath \"\""
2025-01-30 04:07:07,932 INFO c.h.h.t.HelmChartContainer - [K3S] [scope.go:117] "RemoveContainer" containerID="49cee34e14a64106ebedd7302c416b1531c7f623b33b9b22d915d7d477ebc001"
2025-01-30 04:07:07,936 INFO c.h.h.t.HelmChartContainer - [K3S] [scope.go:117] "RemoveContainer" containerID="29e40bd439ab6fc622e6a4b3e93360998f1a0b4117c766652862de17491918ed"
2025-01-30 04:07:07,941 INFO c.h.h.t.HelmChartContainer - [POD] helper-pod-delete-pvc-039ad80e-2321-4112-8315-4662221a1a96 [53746ee9-af43-4e31-ad25-78a1309594a2] in kube-system was MODIFIED
2025-01-30 04:07:07,945 INFO c.h.h.t.HelmChartContainer - [K3S] [scope.go:117] "RemoveContainer" containerID="49cee34e14a64106ebedd7302c416b1531c7f623b33b9b22d915d7d477ebc001"
2025-01-30 04:07:07,946 INFO c.h.h.t.HelmChartContainer - [K3S] [scope.go:117] "RemoveContainer" containerID="29e40bd439ab6fc622e6a4b3e93360998f1a0b4117c766652862de17491918ed"
2025-01-30 04:07:07,948 INFO c.h.h.t.HelmChartContainer - [POD] helper-pod-delete-pvc-58d1e09a-dcd3-4de2-b36a-2666dc6f0838 [9a984880-dfb0-428d-993a-9cc6602847e7] in kube-system was MODIFIED
2025-01-30 04:07:07,959 INFO c.h.h.t.HelmChartContainer - [POD] test-hivemq-platform-1 [e2626fa8-0aa5-430c-a9c0-96bd0f0575a7] in helmvolumeclaimtemplatesit was MODIFIED
2025-01-30 04:07:07,962 INFO c.h.h.t.HelmChartContainer - [POD] test-hivemq-platform-1 [e2626fa8-0aa5-430c-a9c0-96bd0f0575a7] in helmvolumeclaimtemplatesit was DELETED
2025-01-30 04:07:07,977 INFO c.h.h.t.HelmChartContainer - [K3S] [memory_manager.go:355] "RemoveStaleState removing state" podUID="e2626fa8-0aa5-430c-a9c0-96bd0f0575a7" containerName="hivemq"
2025-01-30 04:07:07,978 INFO c.h.h.t.HelmChartContainer - [POD] helper-pod-delete-pvc-5f246695-e19d-4c51-9fb1-d8aaa756f18a [f16f3f56-6272-476b-a17c-37c750edffda] in kube-system was ADDED
2025-01-30 04:07:07,986 INFO c.h.h.t.HelmChartContainer - [POD] helper-pod-delete-pvc-5f246695-e19d-4c51-9fb1-d8aaa756f18a [f16f3f56-6272-476b-a17c-37c750edffda] in kube-system was MODIFIED
2025-01-30 04:07:08,096 INFO c.h.h.t.HelmChartContainer - [K3S] [reconciler_common.go:251] "operationExecutor.VerifyControllerAttachedVolume started for volume \"script\" (UniqueName: \"kubernetes.io/configmap/f16f3f56-6272-476b-a17c-37c750edffda-script\") pod \"helper-pod-delete-pvc-5f246695-e19d-4c51-9fb1-d8aaa756f18a\" (UID: \"f16f3f56-6272-476b-a17c-37c750edffda\") " pod="kube-system/helper-pod-delete-pvc-5f246695-e19d-4c51-9fb1-d8aaa756f18a"
2025-01-30 04:07:08,096 INFO c.h.h.t.HelmChartContainer - [K3S] [reconciler_common.go:251] "operationExecutor.VerifyControllerAttachedVolume started for volume \"data\" (UniqueName: \"kubernetes.io/host-path/f16f3f56-6272-476b-a17c-37c750edffda-data\") pod \"helper-pod-delete-pvc-5f246695-e19d-4c51-9fb1-d8aaa756f18a\" (UID: \"f16f3f56-6272-476b-a17c-37c750edffda\") " pod="kube-system/helper-pod-delete-pvc-5f246695-e19d-4c51-9fb1-d8aaa756f18a"
2025-01-30 04:07:08,096 INFO c.h.h.t.HelmChartContainer - [K3S] [reconciler_common.go:251] "operationExecutor.VerifyControllerAttachedVolume started for volume \"kube-api-access-p2gnx\" (UniqueName: \"kubernetes.io/projected/f16f3f56-6272-476b-a17c-37c750edffda-kube-api-access-p2gnx\") pod \"helper-pod-delete-pvc-5f246695-e19d-4c51-9fb1-d8aaa756f18a\" (UID: \"f16f3f56-6272-476b-a17c-37c750edffda\") " pod="kube-system/helper-pod-delete-pvc-5f246695-e19d-4c51-9fb1-d8aaa756f18a"
2025-01-30 04:07:08,950 INFO c.h.h.t.HelmChartContainer - [POD] helper-pod-delete-pvc-5f246695-e19d-4c51-9fb1-d8aaa756f18a [f16f3f56-6272-476b-a17c-37c750edffda] in kube-system was MODIFIED
2025-01-30 04:07:09,024 INFO c.h.h.t.HelmChartContainer - [POD] helper-pod-delete-pvc-039ad80e-2321-4112-8315-4662221a1a96 [53746ee9-af43-4e31-ad25-78a1309594a2] in kube-system was MODIFIED
2025-01-30 04:07:09,034 INFO c.h.h.t.HelmChartContainer - [POD] helper-pod-delete-pvc-58d1e09a-dcd3-4de2-b36a-2666dc6f0838 [9a984880-dfb0-428d-993a-9cc6602847e7] in kube-system was MODIFIED
2025-01-30 04:07:09,104 INFO c.h.h.t.HelmChartContainer - [K3S] [reconciler_common.go:162] "operationExecutor.UnmountVolume started for volume \"kube-api-access-gtjhq\" (UniqueName: \"kubernetes.io/projected/53746ee9-af43-4e31-ad25-78a1309594a2-kube-api-access-gtjhq\") pod \"53746ee9-af43-4e31-ad25-78a1309594a2\" (UID: \"53746ee9-af43-4e31-ad25-78a1309594a2\") "
2025-01-30 04:07:09,104 INFO c.h.h.t.HelmChartContainer - [K3S] [reconciler_common.go:162] "operationExecutor.UnmountVolume started for volume \"kube-api-access-kxsfk\" (UniqueName: \"kubernetes.io/projected/9a984880-dfb0-428d-993a-9cc6602847e7-kube-api-access-kxsfk\") pod \"9a984880-dfb0-428d-993a-9cc6602847e7\" (UID: \"9a984880-dfb0-428d-993a-9cc6602847e7\") "
2025-01-30 04:07:09,105 INFO c.h.h.t.HelmChartContainer - [K3S] [reconciler_common.go:162] "operationExecutor.UnmountVolume started for volume \"data\" (UniqueName: \"kubernetes.io/host-path/9a984880-dfb0-428d-993a-9cc6602847e7-data\") pod \"9a984880-dfb0-428d-993a-9cc6602847e7\" (UID: \"9a984880-dfb0-428d-993a-9cc6602847e7\") "
2025-01-30 04:07:09,105 INFO c.h.h.t.HelmChartContainer - [K3S] [reconciler_common.go:162] "operationExecutor.UnmountVolume started for volume \"data\" (UniqueName: \"kubernetes.io/host-path/53746ee9-af43-4e31-ad25-78a1309594a2-data\") pod \"53746ee9-af43-4e31-ad25-78a1309594a2\" (UID: \"53746ee9-af43-4e31-ad25-78a1309594a2\") "
2025-01-30 04:07:09,105 INFO c.h.h.t.HelmChartContainer - [K3S] [reconciler_common.go:162] "operationExecutor.UnmountVolume started for volume \"script\" (UniqueName: \"kubernetes.io/configmap/53746ee9-af43-4e31-ad25-78a1309594a2-script\") pod \"53746ee9-af43-4e31-ad25-78a1309594a2\" (UID: \"53746ee9-af43-4e31-ad25-78a1309594a2\") "
2025-01-30 04:07:09,105 INFO c.h.h.t.HelmChartContainer - [K3S] [reconciler_common.go:162] "operationExecutor.UnmountVolume started for volume \"script\" (UniqueName: \"kubernetes.io/configmap/9a984880-dfb0-428d-993a-9cc6602847e7-script\") pod \"9a984880-dfb0-428d-993a-9cc6602847e7\" (UID: \"9a984880-dfb0-428d-993a-9cc6602847e7\") "
2025-01-30 04:07:09,204 INFO c.h.h.t.HelmChartContainer - [K3S] [reconciler_common.go:299] "Volume detached for volume \"script\" (UniqueName: \"kubernetes.io/configmap/53746ee9-af43-4e31-ad25-78a1309594a2-script\") on node \"50074fe47053\" DevicePath \"\""
2025-01-30 04:07:09,204 INFO c.h.h.t.HelmChartContainer - [K3S] [reconciler_common.go:299] "Volume detached for volume \"script\" (UniqueName: \"kubernetes.io/configmap/9a984880-dfb0-428d-993a-9cc6602847e7-script\") on node \"50074fe47053\" DevicePath \"\""
2025-01-30 04:07:09,204 INFO c.h.h.t.HelmChartContainer - [K3S] [reconciler_common.go:299] "Volume detached for volume \"kube-api-access-gtjhq\" (UniqueName: \"kubernetes.io/projected/53746ee9-af43-4e31-ad25-78a1309594a2-kube-api-access-gtjhq\") on node \"50074fe47053\" DevicePath \"\""
2025-01-30 04:07:09,204 INFO c.h.h.t.HelmChartContainer - [K3S] [reconciler_common.go:299] "Volume detached for volume \"kube-api-access-kxsfk\" (UniqueName: \"kubernetes.io/projected/9a984880-dfb0-428d-993a-9cc6602847e7-kube-api-access-kxsfk\") on node \"50074fe47053\" DevicePath \"\""
2025-01-30 04:07:09,204 INFO c.h.h.t.HelmChartContainer - [K3S] [reconciler_common.go:299] "Volume detached for volume \"data\" (UniqueName: \"kubernetes.io/host-path/9a984880-dfb0-428d-993a-9cc6602847e7-data\") on node \"50074fe47053\" DevicePath \"\""
2025-01-30 04:07:09,204 INFO c.h.h.t.HelmChartContainer - [K3S] [reconciler_common.go:299] "Volume detached for volume \"data\" (UniqueName: \"kubernetes.io/host-path/53746ee9-af43-4e31-ad25-78a1309594a2-data\") on node \"50074fe47053\" DevicePath \"\""
2025-01-30 04:07:09,275 INFO c.h.h.t.HelmChartContainer - [K3S] [kubelet_volumes.go:163] "Cleaned up orphaned pod volumes dir" podUID="e2626fa8-0aa5-430c-a9c0-96bd0f0575a7" path="/var/lib/kubelet/pods/e2626fa8-0aa5-430c-a9c0-96bd0f0575a7/volumes"
2025-01-30 04:07:09,551 INFO c.h.h.t.HelmChartContainer - [POD] helper-pod-delete-pvc-58d1e09a-dcd3-4de2-b36a-2666dc6f0838 [9a984880-dfb0-428d-993a-9cc6602847e7] in kube-system was MODIFIED
2025-01-30 04:07:09,554 INFO c.h.h.t.HelmChartContainer - [POD] helper-pod-delete-pvc-58d1e09a-dcd3-4de2-b36a-2666dc6f0838 [9a984880-dfb0-428d-993a-9cc6602847e7] in kube-system was DELETED
2025-01-30 04:07:09,940 INFO c.h.h.t.HelmChartContainer - [K3S] [pod_container_deletor.go:80] "Container not found in pod's containers" containerID="23953c0b7e6d6ed887727289cb3850a0416080612230077e5dbc7ff567333391"
2025-01-30 04:07:09,942 INFO c.h.h.t.HelmChartContainer - [K3S] [pod_container_deletor.go:80] "Container not found in pod's containers" containerID="b8b6694382731beff2ab02317028278db8959bed2acfedf00bc150ccb2297b8b"
2025-01-30 04:07:09,944 INFO c.h.h.t.HelmChartContainer - [K3S] [status_manager.go:890] "Failed to get status for pod" podUID="9a984880-dfb0-428d-993a-9cc6602847e7" pod="kube-system/helper-pod-delete-pvc-58d1e09a-dcd3-4de2-b36a-2666dc6f0838" err="pods \"helper-pod-delete-pvc-58d1e09a-dcd3-4de2-b36a-2666dc6f0838\" is forbidden: User \"system:node:50074fe47053\" cannot get resource \"pods\" in API group \"\" in the namespace \"kube-system\": no relationship found between node '50074fe47053' and this object"
2025-01-30 04:07:09,993 INFO c.h.h.t.HelmChartContainer - [POD] helper-pod-delete-pvc-039ad80e-2321-4112-8315-4662221a1a96 [53746ee9-af43-4e31-ad25-78a1309594a2] in kube-system was MODIFIED
2025-01-30 04:07:09,995 INFO c.h.h.t.HelmChartContainer - [POD] helper-pod-delete-pvc-039ad80e-2321-4112-8315-4662221a1a96 [53746ee9-af43-4e31-ad25-78a1309594a2] in kube-system was DELETED
2025-01-30 04:07:10,046 INFO c.h.h.t.HelmChartContainer - [K3S] [status_manager.go:890] "Failed to get status for pod" podUID="9a984880-dfb0-428d-993a-9cc6602847e7" pod="kube-system/helper-pod-delete-pvc-58d1e09a-dcd3-4de2-b36a-2666dc6f0838" err="pods \"helper-pod-delete-pvc-58d1e09a-dcd3-4de2-b36a-2666dc6f0838\" is forbidden: User \"system:node:50074fe47053\" cannot get resource \"pods\" in API group \"\" in the namespace \"kube-system\": no relationship found between node '50074fe47053' and this object"
2025-01-30 04:07:10,054 INFO c.h.h.t.HelmChartContainer - [POD] helper-pod-delete-pvc-5f246695-e19d-4c51-9fb1-d8aaa756f18a [f16f3f56-6272-476b-a17c-37c750edffda] in kube-system was MODIFIED
2025-01-30 04:07:10,110 INFO c.h.h.t.HelmChartContainer - [K3S] [reconciler_common.go:162] "operationExecutor.UnmountVolume started for volume \"kube-api-access-p2gnx\" (UniqueName: \"kubernetes.io/projected/f16f3f56-6272-476b-a17c-37c750edffda-kube-api-access-p2gnx\") pod \"f16f3f56-6272-476b-a17c-37c750edffda\" (UID: \"f16f3f56-6272-476b-a17c-37c750edffda\") "
2025-01-30 04:07:10,110 INFO c.h.h.t.HelmChartContainer - [K3S] [reconciler_common.go:162] "operationExecutor.UnmountVolume started for volume \"data\" (UniqueName: \"kubernetes.io/host-path/f16f3f56-6272-476b-a17c-37c750edffda-data\") pod \"f16f3f56-6272-476b-a17c-37c750edffda\" (UID: \"f16f3f56-6272-476b-a17c-37c750edffda\") "
2025-01-30 04:07:10,110 INFO c.h.h.t.HelmChartContainer - [K3S] [reconciler_common.go:162] "operationExecutor.UnmountVolume started for volume \"script\" (UniqueName: \"kubernetes.io/configmap/f16f3f56-6272-476b-a17c-37c750edffda-script\") pod \"f16f3f56-6272-476b-a17c-37c750edffda\" (UID: \"f16f3f56-6272-476b-a17c-37c750edffda\") "
2025-01-30 04:07:10,210 INFO c.h.h.t.HelmChartContainer - [K3S] [reconciler_common.go:299] "Volume detached for volume \"kube-api-access-p2gnx\" (UniqueName: \"kubernetes.io/projected/f16f3f56-6272-476b-a17c-37c750edffda-kube-api-access-p2gnx\") on node \"50074fe47053\" DevicePath \"\""
2025-01-30 04:07:10,210 INFO c.h.h.t.HelmChartContainer - [K3S] [reconciler_common.go:299] "Volume detached for volume \"data\" (UniqueName: \"kubernetes.io/host-path/f16f3f56-6272-476b-a17c-37c750edffda-data\") on node \"50074fe47053\" DevicePath \"\""
2025-01-30 04:07:10,210 INFO c.h.h.t.HelmChartContainer - [K3S] [reconciler_common.go:299] "Volume detached for volume \"script\" (UniqueName: \"kubernetes.io/configmap/f16f3f56-6272-476b-a17c-37c750edffda-script\") on node \"50074fe47053\" DevicePath \"\""
2025-01-30 04:07:10,944 INFO c.h.h.t.HelmChartContainer - [K3S] [pod_container_deletor.go:80] "Container not found in pod's containers" containerID="00338415886be2a2be8f402d50dd085a9fd7cf9354031bc6840d64556674b92d"
2025-01-30 04:07:10,950 INFO c.h.h.t.HelmChartContainer - [K3S] [status_manager.go:890] "Failed to get status for pod" podUID="9a984880-dfb0-428d-993a-9cc6602847e7" pod="kube-system/helper-pod-delete-pvc-58d1e09a-dcd3-4de2-b36a-2666dc6f0838" err="pods \"helper-pod-delete-pvc-58d1e09a-dcd3-4de2-b36a-2666dc6f0838\" is forbidden: User \"system:node:50074fe47053\" cannot get resource \"pods\" in API group \"\" in the namespace \"kube-system\": no relationship found between node '50074fe47053' and this object"
2025-01-30 04:07:10,998 INFO c.h.h.t.HelmChartContainer - [POD] helper-pod-delete-pvc-5f246695-e19d-4c51-9fb1-d8aaa756f18a [f16f3f56-6272-476b-a17c-37c750edffda] in kube-system was MODIFIED
2025-01-30 04:07:11,000 INFO c.h.h.t.HelmChartContainer - [POD] helper-pod-delete-pvc-5f246695-e19d-4c51-9fb1-d8aaa756f18a [f16f3f56-6272-476b-a17c-37c750edffda] in kube-system was DELETED
2025-01-30 04:07:11,275 INFO c.h.h.t.HelmChartContainer - [K3S] [kubelet_volumes.go:163] "Cleaned up orphaned pod volumes dir" podUID="53746ee9-af43-4e31-ad25-78a1309594a2" path="/var/lib/kubelet/pods/53746ee9-af43-4e31-ad25-78a1309594a2/volumes"
2025-01-30 04:07:11,275 INFO c.h.h.t.HelmChartContainer - [K3S] [kubelet_volumes.go:163] "Cleaned up orphaned pod volumes dir" podUID="9a984880-dfb0-428d-993a-9cc6602847e7" path="/var/lib/kubelet/pods/9a984880-dfb0-428d-993a-9cc6602847e7/volumes"
2025-01-30 04:07:11,276 INFO c.h.h.t.HelmChartContainer - [K3S] [kubelet_volumes.go:163] "Cleaned up orphaned pod volumes dir" podUID="f16f3f56-6272-476b-a17c-37c750edffda" path="/var/lib/kubelet/pods/f16f3f56-6272-476b-a17c-37c750edffda/volumes"
2025-01-30 04:07:11,939 INFO c.h.h.t.HelmChartContainer - Namespace 'helmvolumeclaimtemplatesit' deleted
2025-01-30 04:07:11,939 INFO c.h.h.t.HelmChartContainer - Release 'test-hivemq-platform' in namespace 'helmvolumeclaimtemplatesit' is uninstalled
2025-01-30 04:07:11,939 INFO c.h.h.t.HelmChartContainer - Uninstalling release 'test-hivemq-platform-operator' in namespace 'helmvolumeclaimtemplatesit-operator'...
2025-01-30 04:07:11,939 DEBUG c.h.h.t.HelmChartContainer - Executing helm command: /bin/helm --kubeconfig /etc/rancher/k3s/k3s.yaml uninstall test-hivemq-platform-operator  --wait --timeout 5m0s --cascade foreground --namespace helmvolumeclaimtemplatesit-operator
2025-01-30 04:07:12,103 INFO c.h.h.t.HelmChartContainer - [K3S] [replica_set.go:679] "Finished syncing" kind="ReplicaSet" key="helmvolumeclaimtemplatesit-operator/hivemq-test-hivemq-platform-operator-6966f96d65" duration="10.661424ms"
2025-01-30 04:07:12,103 INFO c.h.h.t.HelmChartContainer - [K3S] [replica_set.go:679] "Finished syncing" kind="ReplicaSet" key="helmvolumeclaimtemplatesit-operator/hivemq-test-hivemq-platform-operator-6966f96d65" duration="34.044µs"
2025-01-30 04:07:12,115 INFO c.h.h.t.HelmChartContainer - [POD] hivemq-test-hivemq-platform-operator-6966f96d65-gqzqg [3cd2b14a-1dec-47d4-a494-b8e6c96961bb] in helmvolumeclaimtemplatesit-operator was MODIFIED
2025-01-30 04:07:12,128 INFO c.h.h.t.HelmChartContainer - [hivemq-test-hivemq-platform] [hivemq-platform-operator] [3cd2b14a] 04:07:12.125 [application-shutdown-thread] INFO  c.h.p.o.HiveMQPlatformOperatorApplication - HiveMQ Platform Operator is stopping...
2025-01-30 04:07:12,130 INFO c.h.h.t.HelmChartContainer - [hivemq-test-hivemq-platform] [hivemq-platform-operator] [3cd2b14a] 04:07:12.125 [application-shutdown-thread] INFO  i.javaoperatorsdk.operator.Operator - Operator SDK 4.9.7 is shutting down...
2025-01-30 04:07:12,130 INFO c.h.h.t.HelmChartContainer - [EVENT] Normal [Killing] Stopping container hivemq-platform-operator [helmvolumeclaimtemplatesit-operator:hivemq-test-hivemq-platform-operator-6966f96d65-gqzqg]
2025-01-30 04:07:12,131 INFO c.h.h.t.HelmChartContainer - Received Killing event for container hivemq-platform-operator in pod hivemq-test-hivemq-platform-operator-6966f96d65-gqzqg [3cd2b14a-1dec-47d4-a494-b8e6c96961bb]
2025-01-30 04:07:12,131 INFO c.h.h.t.HelmChartContainer - Container [hivemq-test-hivemq-platform-operator-6966f96d65-gqzqg] [hivemq-platform-operator] [3cd2b14a-1dec-47d4-a494-b8e6c96961bb] was terminated
2025-01-30 04:07:12,131 INFO c.h.h.t.HelmChartContainer - Stopped log watcher for hivemq-platform-operator in pod hivemq-test-hivemq-platform-operator-6966f96d65-gqzqg [3cd2b14a-1dec-47d4-a494-b8e6c96961bb]
2025-01-30 04:07:12,143 INFO c.h.h.t.HelmChartContainer - [K3S] [replica_set.go:679] "Finished syncing" kind="ReplicaSet" key="helmvolumeclaimtemplatesit-operator/hivemq-test-hivemq-platform-operator-6966f96d65" duration="29.339493ms"
2025-01-30 04:07:12,147 INFO c.h.h.t.HelmChartContainer - [K3S] [replica_set.go:679] "Finished syncing" kind="ReplicaSet" key="helmvolumeclaimtemplatesit-operator/hivemq-test-hivemq-platform-operator-6966f96d65" duration="38.492µs"
2025-01-30 04:07:12,634 INFO c.h.h.t.HelmChartContainer - [K3S] [replica_set.go:679] "Finished syncing" kind="ReplicaSet" key="helmvolumeclaimtemplatesit-operator/hivemq-test-hivemq-platform-operator-6966f96d65" duration="43.562µs"
2025-01-30 04:07:12,635 INFO c.h.h.t.HelmChartContainer - [POD] hivemq-test-hivemq-platform-operator-6966f96d65-gqzqg [3cd2b14a-1dec-47d4-a494-b8e6c96961bb] in helmvolumeclaimtemplatesit-operator was MODIFIED
2025-01-30 04:07:12,721 INFO c.h.h.t.HelmChartContainer - [K3S] [reconciler_common.go:162] "operationExecutor.UnmountVolume started for volume \"kube-api-access-lrhjd\" (UniqueName: \"kubernetes.io/projected/3cd2b14a-1dec-47d4-a494-b8e6c96961bb-kube-api-access-lrhjd\") pod \"3cd2b14a-1dec-47d4-a494-b8e6c96961bb\" (UID: \"3cd2b14a-1dec-47d4-a494-b8e6c96961bb\") "
2025-01-30 04:07:12,822 INFO c.h.h.t.HelmChartContainer - [K3S] [reconciler_common.go:299] "Volume detached for volume \"kube-api-access-lrhjd\" (UniqueName: \"kubernetes.io/projected/3cd2b14a-1dec-47d4-a494-b8e6c96961bb-kube-api-access-lrhjd\") on node \"50074fe47053\" DevicePath \"\""
2025-01-30 04:07:12,948 INFO c.h.h.t.HelmChartContainer - [K3S] [scope.go:117] "RemoveContainer" containerID="d132b1430b4790ad6ed0d4d94732acd170d589a4afc1f54d87d0293a2deaa332"
2025-01-30 04:07:12,951 INFO c.h.h.t.HelmChartContainer - [K3S] [scope.go:117] "RemoveContainer" containerID="d132b1430b4790ad6ed0d4d94732acd170d589a4afc1f54d87d0293a2deaa332"
2025-01-30 04:07:12,959 INFO c.h.h.t.HelmChartContainer - [K3S] [replica_set.go:679] "Finished syncing" kind="ReplicaSet" key="helmvolumeclaimtemplatesit-operator/hivemq-test-hivemq-platform-operator-6966f96d65" duration="44.353µs"
2025-01-30 04:07:12,960 INFO c.h.h.t.HelmChartContainer - [POD] hivemq-test-hivemq-platform-operator-6966f96d65-gqzqg [3cd2b14a-1dec-47d4-a494-b8e6c96961bb] in helmvolumeclaimtemplatesit-operator was MODIFIED
2025-01-30 04:07:12,962 INFO c.h.h.t.HelmChartContainer - [POD] hivemq-test-hivemq-platform-operator-6966f96d65-gqzqg [3cd2b14a-1dec-47d4-a494-b8e6c96961bb] in helmvolumeclaimtemplatesit-operator was DELETED
2025-01-30 04:07:12,963 INFO c.h.h.t.HelmChartContainer - [K3S] [replica_set.go:679] "Finished syncing" kind="ReplicaSet" key="helmvolumeclaimtemplatesit-operator/hivemq-test-hivemq-platform-operator-6966f96d65" duration="28.803µs"
2025-01-30 04:07:12,974 INFO c.h.h.t.HelmChartContainer - [K3S] [replica_set.go:679] "Finished syncing" kind="ReplicaSet" key="helmvolumeclaimtemplatesit-operator/hivemq-test-hivemq-platform-operator-6966f96d65" duration="6.943µs"
2025-01-30 04:07:13,274 INFO c.h.h.t.HelmChartContainer - [K3S] [kubelet_volumes.go:163] "Cleaned up orphaned pod volumes dir" podUID="3cd2b14a-1dec-47d4-a494-b8e6c96961bb" path="/var/lib/kubelet/pods/3cd2b14a-1dec-47d4-a494-b8e6c96961bb/volumes"
2025-01-30 04:07:14,156 INFO c.h.h.t.HelmChartContainer - Deleting namespace 'helmvolumeclaimtemplatesit-operator'...
2025-01-30 04:07:16,881 INFO c.h.h.t.HelmChartContainer - [K3S] [namespace_controller.go:187] "Namespace has been deleted" namespace="helmvolumeclaimtemplatesit"
2025-01-30 04:07:19,372 INFO c.h.h.t.HelmChartContainer - Namespace 'helmvolumeclaimtemplatesit-operator' deleted
2025-01-30 04:07:19,372 INFO c.h.h.t.HelmChartContainer - Release 'test-hivemq-platform-operator' in namespace 'helmvolumeclaimtemplatesit-operator' is uninstalled
2025-01-30 04:07:20,676 INFO c.h.helmcharts.AbstractHelmChartIT - Removed unused containers:

2025-01-30 04:07:24,299 INFO c.h.h.t.HelmChartContainer - [K3S] [namespace_controller.go:187] "Namespace has been deleted" namespace="helmvolumeclaimtemplatesit-operator"
2025-01-30 04:07:28,964 INFO c.h.helmcharts.AbstractHelmChartIT - Removed unused snapshots:
Removing snapshot sha256:03af251906410714c5aef9fa705b63f6bbc39c4a5e787de7361eeb18886c2ed2
Removing snapshot sha256:0c46b3b43cce082ce5ec34ffc6c294e0417d17b9d1e6f366d114b6aadc4f96dc
Removing snapshot sha256:0ce761beee59082d6ed5bcebd3a805b8ddd9b3426b617e4809e7fb7c6587ffec
Removing snapshot sha256:0df91287303208332c8ff6ba40ae4710105201739addbfbddfb955f1ad593664
Removing snapshot sha256:1021ef88c7974bfff89c5a0ec4fd3160daac6c48a075f74cff721f85dd104e68
Removing snapshot sha256:10aba4953ddc18145dd38e3704709bc464aa20af60b56fe52caaff4b68411e62
Removing snapshot sha256:2573e0d8158209ed54ab25c87bcdcb00bd3d2539246960a3d592a1c599d70465
Removing snapshot sha256:362a8a37f8bbc31925a8146adcf7cf51f9882f5c1dcbef67c5baa03a297543c0
Removing snapshot sha256:3fa4ad33f0ddc8fd45b39b6b4640f82a3a83619606cd975bfe89d8710ad2d4cd
Removing snapshot sha256:43a7c979bbaba6838bc3102d6b10a1459f3ab050b87ccdfef84ef90cf43d3058
Removing snapshot sha256:4ab04491cdf0d3267f08206fe30bd48f49f94b9cab2f016d6739220f722a64af
Removing snapshot sha256:4b6068250e89c96f263060261819c7d912855bfbd64b3eb4c4a8483299b8c295
Removing snapshot sha256:580e69a0a8034ede1921139bbd2bfb72a69ebf276d008281896c32dd8bf74775
Removing snapshot sha256:5d30ba46b27fe37484567ccc5242cadc78217b8da605f3f195ef25cbf7487904
Removing snapshot sha256:63ca1fbb43ae5034640e5e6cb3e083e05c290072c5366fcaa9d62435a4cced85
Removing snapshot sha256:66140dc7271ceb0a9b5e521509e7d96b916d4182681f723881bfae89675de7f6
Removing snapshot sha256:67f702c6baae873bceb19487c8b1f27bd2b86077e4f2f0e480e6d60ab508b8f5
Removing snapshot sha256:6864348dd42806d552efdec384f1274be15e2d0c10ce44c1f04347af004c10a9
Removing snapshot sha256:6c7dee8f2c39b84b7dc2711c01d33de93514d9055499173e9290176fbe484b6c
Removing snapshot sha256:6fe32720d369515b96dc553bd699227719d4381411c880460c4374dec1c3c7b1
Removing snapshot sha256:82753493a6d61ded36556292f02f31841a14c20d2f279f19eaad65afb661d5cd
Removing snapshot sha256:8411928f21481b1dc92efac4ccee94105a45e8bf09ebfd102642568fd177db41
Removing snapshot sha256:8a10d3db42c505ee0fcfa98417bdd7e39b304f6bcc0a06bb1b220797ff2cc63c
Removing snapshot sha256:a0904247e36a7726c03c71ee48f3e64462021c88dafeb13f37fdaf613b27f11c
Removing snapshot sha256:a21e5b12dbac529ad45d976eb9ce45c881f3bedcc500fb30aba1e52aa1813418
Removing snapshot sha256:b921e6c28969094157f9b8e7244677780319637afd14450b7cb6b2fdea558a0c
Removing snapshot sha256:bc27ecb5769a00e309cf99ebc763c4a4b958b618d1decc96ffac5bc05f02f5b7
Removing snapshot sha256:be3ccb6627a5332e309d45ef461d09b4879dd870c7394d89323d0ebc6ca6aa8a
Removing snapshot sha256:c261f7cbbc64211ee175ee47273acdb7b1a36a4450b397a064a8f2c026490095
Removing snapshot sha256:c34d9393647eea0c9e3557ab988efaf59f61d10a2a5613b439ef0958cca5ec10
Removing snapshot sha256:ccf3c4a0fa967a41c1c83497a2ce6fa5787965859df0adb32c4ca2cf7490bc2b
Removing snapshot sha256:cf92d33f869417309692088c341cd0f223c178ea78a125f757317b22aa8f90e9
Removing snapshot sha256:d0037344cf2fb078884f1849f6a1f8cf9a33a3b6139b6a85833e5ee528e1f9a8
Removing snapshot sha256:d3b36d5b79273b1e98e7700470eaeff05a882e777124d84cebcc1505b85ecb36
Removing snapshot sha256:d65a44a37914602d12c611e5e22a50f11451d847e63015cc1c2aef92dee777a4
Removing snapshot sha256:e2dc0bae2455930f23ae570e019b7f32edc75c0f2d71cab084db837ff9051796
Removing snapshot sha256:eccbd24a99c60cd9e86ee5305dbfc4a4dc89f5ab4fb1f06c8d64797cecedef34
Removing snapshot sha256:f144bb4c7c7f0d2aa7eeffd36d934ec40db1ee167be727e326aad9fdc616f475

]]></system-out>
  </testcase>
  <system-out><![CDATA[2025-01-30 04:01:40,729 INFO c.h.h.t.HelmChartContainerExtension - Using cached HelmChartContainer instance
]]></system-out>
  <system-err><![CDATA[]]></system-err>
</testsuite>
