<?xml version="1.0" encoding="UTF-8"?>
<testsuite name="com.hivemq.helmcharts.platform.HelmCustomConfigIT" tests="4" skipped="0" failures="0" errors="0" timestamp="2025-01-29T13:18:57" hostname="fv-az1369-754" time="528.199">
  <properties/>
  <testcase name="withCustomYml_hivemqRunning()" classname="com.hivemq.helmcharts.platform.HelmCustomConfigIT" time="69.38">
    <system-out><![CDATA[2025-01-29 13:18:57,412 INFO c.h.h.t.HelmChartContainer - Creating namespace 'helmcustomconfigit-operator'...
2025-01-29 13:18:57,415 INFO c.h.h.t.HelmChartContainer - [EVENT] Normal [Starting] Starting kubelet. [null:8f07877cb075]
2025-01-29 13:18:57,417 INFO c.h.h.t.HelmChartContainer - [EVENT] Warning [InvalidDiskCapacity] invalid capacity 0 on image filesystem [null:8f07877cb075]
2025-01-29 13:18:57,422 INFO c.h.h.t.HelmChartContainer - [EVENT] Normal [NodeHasSufficientMemory] Node 8f07877cb075 status is now: NodeHasSufficientMemory [null:8f07877cb075]
2025-01-29 13:18:57,422 INFO c.h.h.t.HelmChartContainer - [EVENT] Normal [NodeHasNoDiskPressure] Node 8f07877cb075 status is now: NodeHasNoDiskPressure [null:8f07877cb075]
2025-01-29 13:18:57,422 INFO c.h.h.t.HelmChartContainer - [EVENT] Normal [NodeHasSufficientPID] Node 8f07877cb075 status is now: NodeHasSufficientPID [null:8f07877cb075]
2025-01-29 13:18:57,423 INFO c.h.h.t.HelmChartContainer - [EVENT] Normal [NodeAllocatableEnforced] Updated Node Allocatable limit across pods [null:8f07877cb075]
2025-01-29 13:18:57,425 INFO c.h.h.t.HelmChartContainer - [EVENT] Normal [NodeReady] Node 8f07877cb075 status is now: NodeReady [null:8f07877cb075]
2025-01-29 13:18:57,426 INFO c.h.h.t.HelmChartContainer - [EVENT] Normal [NodePasswordValidationComplete] Deferred node password secret validation complete [null:8f07877cb075]
2025-01-29 13:18:57,426 INFO c.h.h.t.HelmChartContainer - [EVENT] Normal [RegisteredNode] Node 8f07877cb075 event: Registered Node 8f07877cb075 in Controller [null:8f07877cb075]
2025-01-29 13:18:57,427 INFO c.h.h.t.HelmChartContainer - [EVENT] Normal [Synced] Node synced successfully [null:8f07877cb075]
2025-01-29 13:18:57,676 INFO c.h.h.t.HelmChartContainer - Namespace 'helmcustomconfigit-operator' created
2025-01-29 13:18:57,677 INFO c.h.h.t.HelmChartContainer - Creating namespace 'helmcustomconfigit'...
2025-01-29 13:18:57,677 INFO c.h.h.t.HelmChartContainer - [POD] coredns-ff8999cc5-7xth8 [0d832ac9-faa0-449f-9d45-eb5d469b0a4a] in kube-system was ADDED
2025-01-29 13:18:57,681 INFO c.h.h.t.HelmChartContainer - [POD] local-path-provisioner-698b58967b-xxkmc [ef9a7acd-7bd0-4acc-8855-3a73650858e2] in kube-system was ADDED
2025-01-29 13:18:57,682 INFO c.h.h.t.HelmChartContainer - [POD] metrics-server-8584b5786c-8ttkj [74a21c20-69e5-4a3a-aa23-dd6356bbe4f4] in kube-system was ADDED
2025-01-29 13:18:57,687 INFO c.h.h.t.HelmChartContainer - Namespace 'helmcustomconfigit' created
2025-01-29 13:18:57,760 DEBUG c.h.h.t.HelmChartContainer - Executing helm command: /bin/helm --kubeconfig /etc/rancher/k3s/k3s.yaml install test-hivemq-platform-operator /charts/hivemq-platform-operator --wait --timeout 5m0s --set image.repository=docker.io/hivemq --set image.name=hivemq-platform-operator-test --set image.initImageName=hivemq-platform-operator-init-test --set image.tag=snapshot --set image.pullPolicy=Never --set logLevel=DEBUG --set resources.cpu=512m --namespace helmcustomconfigit-operator
2025-01-29 13:19:00,108 INFO c.h.h.t.HelmChartContainer - [K3S] [alloc.go:330] "allocated clusterIPs" service="helmcustomconfigit-operator/hivemq-platform-operator-test-hivemq-platform-operator" clusterIPs={"IPv4":"10.43.240.147"}
2025-01-29 13:19:00,121 INFO c.h.h.t.HelmChartContainer - [EVENT] Normal [ScalingReplicaSet] Scaled up replica set hivemq-test-hivemq-platform-operator-6966f96d65 from 0 to 1 [helmcustomconfigit-operator:hivemq-test-hivemq-platform-operator]
2025-01-29 13:19:00,132 INFO c.h.h.t.HelmChartContainer - [POD] hivemq-test-hivemq-platform-operator-6966f96d65-hm5mr [6f2c49cd-b98c-4135-81cb-31d925eeca35] in helmcustomconfigit-operator was ADDED
2025-01-29 13:19:00,141 INFO c.h.h.t.HelmChartContainer - [K3S] [replica_set.go:679] "Finished syncing" kind="ReplicaSet" key="helmcustomconfigit-operator/hivemq-test-hivemq-platform-operator-6966f96d65" duration="23.184898ms"
2025-01-29 13:19:00,151 INFO c.h.h.t.HelmChartContainer - [EVENT] Normal [SuccessfulCreate] Created pod: hivemq-test-hivemq-platform-operator-6966f96d65-hm5mr [helmcustomconfigit-operator:hivemq-test-hivemq-platform-operator-6966f96d65]
2025-01-29 13:19:00,157 INFO c.h.h.t.HelmChartContainer - [POD] hivemq-test-hivemq-platform-operator-6966f96d65-hm5mr [6f2c49cd-b98c-4135-81cb-31d925eeca35] in helmcustomconfigit-operator was MODIFIED
2025-01-29 13:19:00,160 INFO c.h.h.t.HelmChartContainer - [EVENT] Normal [Scheduled] Successfully assigned helmcustomconfigit-operator/hivemq-test-hivemq-platform-operator-6966f96d65-hm5mr to 8f07877cb075 [helmcustomconfigit-operator:hivemq-test-hivemq-platform-operator-6966f96d65-hm5mr]
2025-01-29 13:19:00,187 INFO c.h.h.t.HelmChartContainer - [K3S] [replica_set.go:679] "Finished syncing" kind="ReplicaSet" key="helmcustomconfigit-operator/hivemq-test-hivemq-platform-operator-6966f96d65" duration="43.627124ms"
2025-01-29 13:19:00,188 INFO c.h.h.t.HelmChartContainer - [K3S] [replica_set.go:679] "Finished syncing" kind="ReplicaSet" key="helmcustomconfigit-operator/hivemq-test-hivemq-platform-operator-6966f96d65" duration="53.961µs"
2025-01-29 13:19:00,196 INFO c.h.h.t.HelmChartContainer - [K3S] [replica_set.go:679] "Finished syncing" kind="ReplicaSet" key="helmcustomconfigit-operator/hivemq-test-hivemq-platform-operator-6966f96d65" duration="58.379µs"
2025-01-29 13:19:00,197 INFO c.h.h.t.HelmChartContainer - [POD] hivemq-test-hivemq-platform-operator-6966f96d65-hm5mr [6f2c49cd-b98c-4135-81cb-31d925eeca35] in helmcustomconfigit-operator was MODIFIED
2025-01-29 13:19:00,276 INFO c.h.h.t.HelmChartContainer - [K3S] [reconciler_common.go:251] "operationExecutor.VerifyControllerAttachedVolume started for volume \"kube-api-access-7lsjg\" (UniqueName: \"kubernetes.io/projected/6f2c49cd-b98c-4135-81cb-31d925eeca35-kube-api-access-7lsjg\") pod \"hivemq-test-hivemq-platform-operator-6966f96d65-hm5mr\" (UID: \"6f2c49cd-b98c-4135-81cb-31d925eeca35\") " pod="helmcustomconfigit-operator/hivemq-test-hivemq-platform-operator-6966f96d65-hm5mr"
2025-01-29 13:19:00,554 INFO c.h.h.t.HelmChartContainer - [EVENT] Normal [Pulled] Container image "docker.io/hivemq/hivemq-platform-operator-test:snapshot" already present on machine [helmcustomconfigit-operator:hivemq-test-hivemq-platform-operator-6966f96d65-hm5mr]
2025-01-29 13:19:00,554 INFO c.h.h.t.HelmChartContainer - Received Pulled event for container hivemq-platform-operator in pod hivemq-test-hivemq-platform-operator-6966f96d65-hm5mr [6f2c49cd-b98c-4135-81cb-31d925eeca35]
2025-01-29 13:19:00,562 INFO c.h.h.t.HelmChartContainer - [EVENT] Normal [Created] Created container: hivemq-platform-operator [helmcustomconfigit-operator:hivemq-test-hivemq-platform-operator-6966f96d65-hm5mr]
2025-01-29 13:19:00,562 INFO c.h.h.t.HelmChartContainer - Received Created event for container hivemq-platform-operator in pod hivemq-test-hivemq-platform-operator-6966f96d65-hm5mr [6f2c49cd-b98c-4135-81cb-31d925eeca35]
2025-01-29 13:19:01,919 INFO c.h.h.t.HelmChartContainer - [K3S] [replica_set.go:679] "Finished syncing" kind="ReplicaSet" key="helmcustomconfigit-operator/hivemq-test-hivemq-platform-operator-6966f96d65" duration="65.402µs"
2025-01-29 13:19:01,926 INFO c.h.h.t.HelmChartContainer - [POD] hivemq-test-hivemq-platform-operator-6966f96d65-hm5mr [6f2c49cd-b98c-4135-81cb-31d925eeca35] in helmcustomconfigit-operator was MODIFIED
2025-01-29 13:19:01,949 INFO c.h.h.t.HelmChartContainer - [EVENT] Normal [Started] Started container hivemq-platform-operator [helmcustomconfigit-operator:hivemq-test-hivemq-platform-operator-6966f96d65-hm5mr]
2025-01-29 13:19:01,949 INFO c.h.h.t.HelmChartContainer - Started log watcher for hivemq-platform-operator in pod hivemq-test-hivemq-platform-operator-6966f96d65-hm5mr [6f2c49cd-b98c-4135-81cb-31d925eeca35]
2025-01-29 13:19:01,949 INFO c.h.h.t.HelmChartContainer - Received Started event for container hivemq-platform-operator in pod hivemq-test-hivemq-platform-operator-6966f96d65-hm5mr [6f2c49cd-b98c-4135-81cb-31d925eeca35]
2025-01-29 13:19:01,950 INFO c.h.h.t.HelmChartContainer - [hivemq-test-hivemq-platform] [hivemq-platform-operator] [6f2c49cd] -------------------------------------------------------------------------
2025-01-29 13:19:01,950 INFO c.h.h.t.HelmChartContainer - [hivemq-test-hivemq-platform] [hivemq-platform-operator] [6f2c49cd] 
2025-01-29 13:19:01,950 INFO c.h.h.t.HelmChartContainer - [hivemq-test-hivemq-platform] [hivemq-platform-operator] [6f2c49cd]                   _    _  _              __  __   ____
2025-01-29 13:19:01,950 INFO c.h.h.t.HelmChartContainer - [hivemq-test-hivemq-platform] [hivemq-platform-operator] [6f2c49cd]                  | |  | |(_)            |  \/  | / __ \
2025-01-29 13:19:01,950 INFO c.h.h.t.HelmChartContainer - [hivemq-test-hivemq-platform] [hivemq-platform-operator] [6f2c49cd]                  | |__| | _ __   __ ___ | \  / || |  | |
2025-01-29 13:19:01,950 INFO c.h.h.t.HelmChartContainer - [hivemq-test-hivemq-platform] [hivemq-platform-operator] [6f2c49cd]                  |  __  || |\ \ / // _ \| |\/| || |  | |
2025-01-29 13:19:01,950 INFO c.h.h.t.HelmChartContainer - [hivemq-test-hivemq-platform] [hivemq-platform-operator] [6f2c49cd]                  | |  | || | \ V /|  __/| |  | || |__| |
2025-01-29 13:19:01,950 INFO c.h.h.t.HelmChartContainer - [hivemq-test-hivemq-platform] [hivemq-platform-operator] [6f2c49cd]                  |_|  |_||_|  \_/  \___||_|  |_| \___\_\
2025-01-29 13:19:01,950 INFO c.h.h.t.HelmChartContainer - [hivemq-test-hivemq-platform] [hivemq-platform-operator] [6f2c49cd] 
2025-01-29 13:19:01,950 INFO c.h.h.t.HelmChartContainer - [hivemq-test-hivemq-platform] [hivemq-platform-operator] [6f2c49cd] -------------------------------------------------------------------------
2025-01-29 13:19:01,950 INFO c.h.h.t.HelmChartContainer - [hivemq-test-hivemq-platform] [hivemq-platform-operator] [6f2c49cd] 
2025-01-29 13:19:01,950 INFO c.h.h.t.HelmChartContainer - [hivemq-test-hivemq-platform] [hivemq-platform-operator] [6f2c49cd]   HiveMQ Platform Operator Start Script v1.0
2025-01-29 13:19:01,950 INFO c.h.h.t.HelmChartContainer - [hivemq-test-hivemq-platform] [hivemq-platform-operator] [6f2c49cd] 
2025-01-29 13:19:01,950 INFO c.h.h.t.HelmChartContainer - [hivemq-test-hivemq-platform] [hivemq-platform-operator] [6f2c49cd] -------------------------------------------------------------------------
2025-01-29 13:19:01,950 INFO c.h.h.t.HelmChartContainer - [hivemq-test-hivemq-platform] [hivemq-platform-operator] [6f2c49cd] 
2025-01-29 13:19:01,950 INFO c.h.h.t.HelmChartContainer - [hivemq-test-hivemq-platform] [hivemq-platform-operator] [6f2c49cd]   JAVA_OPTS: -XX:+UnlockExperimentalVMOptions -XX:InitialRAMPercentage=75 -XX:MaxRAMPercentage=75 -Duser.language=en -Duser.region=US
2025-01-29 13:19:01,950 INFO c.h.h.t.HelmChartContainer - [hivemq-test-hivemq-platform] [hivemq-platform-operator] [6f2c49cd] 
2025-01-29 13:19:01,950 INFO c.h.h.t.HelmChartContainer - [hivemq-test-hivemq-platform] [hivemq-platform-operator] [6f2c49cd]   JAVA_VERSION: 21
2025-01-29 13:19:01,950 INFO c.h.h.t.HelmChartContainer - [hivemq-test-hivemq-platform] [hivemq-platform-operator] [6f2c49cd] 
2025-01-29 13:19:01,950 INFO c.h.h.t.HelmChartContainer - [hivemq-test-hivemq-platform] [hivemq-platform-operator] [6f2c49cd] -------------------------------------------------------------------------
2025-01-29 13:19:01,950 INFO c.h.h.t.HelmChartContainer - [hivemq-test-hivemq-platform] [hivemq-platform-operator] [6f2c49cd] 
2025-01-29 13:19:04,116 INFO c.h.h.t.HelmChartContainer - [hivemq-test-hivemq-platform] [hivemq-platform-operator] [6f2c49cd] 13:19:04.113 [main] DEBUG org.jboss.logging - Logging Provider: org.jboss.logging.Slf4jLoggerProvider
2025-01-29 13:19:04,280 INFO c.h.h.t.HelmChartContainer - [hivemq-test-hivemq-platform] [hivemq-platform-operator] [6f2c49cd] 13:19:04.278 [main] DEBUG io.smallrye.config - SRCFG01006: Loaded ConfigSource SysPropConfigSource with ordinal 400
2025-01-29 13:19:04,280 INFO c.h.h.t.HelmChartContainer - [hivemq-test-hivemq-platform] [hivemq-platform-operator] [6f2c49cd] 13:19:04.279 [main] DEBUG io.smallrye.config - SRCFG01006: Loaded ConfigSource EnvConfigSource with ordinal 300
2025-01-29 13:19:04,280 INFO c.h.h.t.HelmChartContainer - [hivemq-test-hivemq-platform] [hivemq-platform-operator] [6f2c49cd] 13:19:04.279 [main] DEBUG io.smallrye.config - SRCFG01006: Loaded ConfigSource PropertiesConfigSource[source=jar:file:///opt/hivemq-platform-operator/bin/hivemq-platform-operator.jar!/hivemq-platform-operator.properties] with ordinal 100
2025-01-29 13:19:04,280 INFO c.h.h.t.HelmChartContainer - [hivemq-test-hivemq-platform] [hivemq-platform-operator] [6f2c49cd] 13:19:04.279 [main] DEBUG io.smallrye.config - SRCFG01006: Loaded ConfigSource DefaultValuesConfigSource with ordinal -2147483648
2025-01-29 13:19:04,380 INFO c.h.h.t.HelmChartContainer - [hivemq-test-hivemq-platform] [hivemq-platform-operator] [6f2c49cd] 13:19:04.378 [main] DEBUG i.m.c.u.i.l.InternalLoggerFactory - Using SLF4J as the default logging framework
2025-01-29 13:19:04,523 INFO c.h.h.t.HelmChartContainer - [hivemq-test-hivemq-platform] [hivemq-platform-operator] [6f2c49cd] 13:19:04.512 [main] INFO  c.h.p.o.HiveMQPlatformOperatorApplication - HiveMQ Platform Operator 1.7.0-SNAPSHOT (commit: bebf408 on branch: HEAD) built on Sun Jan 26 20:47:47 UTC 2025
2025-01-29 13:19:04,523 INFO c.h.h.t.HelmChartContainer - [hivemq-test-hivemq-platform] [hivemq-platform-operator] [6f2c49cd] 13:19:04.521 [main] INFO  c.h.p.o.HiveMQPlatformOperatorApplication - HiveMQ Platform Operator is running in namespace: helmcustomconfigit-operator
2025-01-29 13:19:04,524 INFO c.h.h.t.HelmChartContainer - [hivemq-test-hivemq-platform] [hivemq-platform-operator] [6f2c49cd] 13:19:04.521 [main] INFO  c.h.p.o.HiveMQPlatformOperatorApplication - Watching all namespaces
2025-01-29 13:19:04,524 INFO c.h.h.t.HelmChartContainer - [hivemq-test-hivemq-platform] [hivemq-platform-operator] [6f2c49cd] 13:19:04.521 [main] INFO  c.h.p.o.HiveMQPlatformOperatorApplication - Log level: DEBUG
2025-01-29 13:19:04,524 INFO c.h.h.t.HelmChartContainer - [hivemq-test-hivemq-platform] [hivemq-platform-operator] [6f2c49cd] 13:19:04.521 [main] INFO  c.h.p.o.HiveMQPlatformOperatorApplication - Release name: test-hivemq-platform-operator
2025-01-29 13:19:04,524 INFO c.h.h.t.HelmChartContainer - [hivemq-test-hivemq-platform] [hivemq-platform-operator] [6f2c49cd] 13:19:04.521 [main] INFO  c.h.p.o.HiveMQPlatformOperatorApplication - HiveMQ Platform Operator Init image: docker.io/hivemq/hivemq-platform-operator-init-test:snapshot
2025-01-29 13:19:04,524 INFO c.h.h.t.HelmChartContainer - [hivemq-test-hivemq-platform] [hivemq-platform-operator] [6f2c49cd] 13:19:04.521 [main] INFO  c.h.p.o.HiveMQPlatformOperatorApplication - HiveMQ Platform Operator Init App update URL: http://hivemq-platform-operator-test-hivemq-platform-operator.helmcustomconfigit-operator.svc:8080/initAppUpdate/hivemq-platform-operator-init-app-1.7.0-SNAPSHOT.jar
2025-01-29 13:19:04,524 INFO c.h.h.t.HelmChartContainer - [hivemq-test-hivemq-platform] [hivemq-platform-operator] [6f2c49cd] 13:19:04.521 [main] INFO  c.h.p.o.HiveMQPlatformOperatorApplication - Additional imagePullSecret for all Platform deployments: none
2025-01-29 13:19:04,524 INFO c.h.h.t.HelmChartContainer - [hivemq-test-hivemq-platform] [hivemq-platform-operator] [6f2c49cd] 13:19:04.521 [main] INFO  c.h.p.o.HiveMQPlatformOperatorApplication - Apply HiveMQ Platform CRD: true
2025-01-29 13:19:04,524 INFO c.h.h.t.HelmChartContainer - [hivemq-test-hivemq-platform] [hivemq-platform-operator] [6f2c49cd] 13:19:04.521 [main] INFO  c.h.p.o.HiveMQPlatformOperatorApplication - Create Platform ServiceAccount: true
2025-01-29 13:19:04,524 INFO c.h.h.t.HelmChartContainer - [hivemq-test-hivemq-platform] [hivemq-platform-operator] [6f2c49cd] 13:19:04.522 [main] INFO  c.h.p.o.HiveMQPlatformOperatorApplication - Create Platform ServiceAccount permissions: true
2025-01-29 13:19:04,524 INFO c.h.h.t.HelmChartContainer - [hivemq-test-hivemq-platform] [hivemq-platform-operator] [6f2c49cd] 13:19:04.522 [main] INFO  c.h.p.o.HiveMQPlatformOperatorApplication - Validate Platform ServiceAccount: true
2025-01-29 13:19:04,524 INFO c.h.h.t.HelmChartContainer - [hivemq-test-hivemq-platform] [hivemq-platform-operator] [6f2c49cd] 13:19:04.522 [main] INFO  c.h.p.o.HiveMQPlatformOperatorApplication - Validate Platform ServiceAccount permissions: true
2025-01-29 13:19:04,705 INFO c.h.h.t.HelmChartContainer - [hivemq-test-hivemq-platform] [hivemq-platform-operator] [6f2c49cd] 13:19:04.704 [main] INFO  c.h.platform.operator.util.CRDUtil - Verifying deployed HiveMQ Platform CRD...
2025-01-29 13:19:05,573 INFO c.h.h.t.HelmChartContainer - [POD] metrics-server-8584b5786c-8ttkj [74a21c20-69e5-4a3a-aa23-dd6356bbe4f4] in kube-system was MODIFIED
2025-01-29 13:19:05,580 INFO c.h.h.t.HelmChartContainer - [K3S] [replica_set.go:679] "Finished syncing" kind="ReplicaSet" key="kube-system/metrics-server-8584b5786c" duration="6.321148ms"
2025-01-29 13:19:05,580 INFO c.h.h.t.HelmChartContainer - [K3S] [replica_set.go:679] "Finished syncing" kind="ReplicaSet" key="kube-system/metrics-server-8584b5786c" duration="40.245µs"
2025-01-29 13:19:07,377 INFO c.h.h.t.HelmChartContainer - [hivemq-test-hivemq-platform] [hivemq-platform-operator] [6f2c49cd] 13:19:07.376 [main] DEBUG c.h.platform.operator.util.CRDUtil - HiveMQ Platform CRD version v1 is up to date
2025-01-29 13:19:07,378 INFO c.h.h.t.HelmChartContainer - [hivemq-test-hivemq-platform] [hivemq-platform-operator] [6f2c49cd] 13:19:07.376 [main] INFO  c.h.platform.operator.util.CRDUtil - HiveMQ Platform CRD is up to date (version: V1_6_0)
2025-01-29 13:19:07,378 INFO c.h.h.t.HelmChartContainer - [hivemq-test-hivemq-platform] [hivemq-platform-operator] [6f2c49cd] 13:19:07.376 [main] INFO  c.h.platform.operator.util.CRDUtil - Waiting 10000 ms for HiveMQ Platform CRD 'hivemq-platforms.hivemq.com' to become ready...
2025-01-29 13:19:07,713 INFO c.h.h.t.HelmChartContainer - [hivemq-test-hivemq-platform] [hivemq-platform-operator] [6f2c49cd] 13:19:07.710 [vert.x-eventloop-thread-1] DEBUG c.h.platform.operator.util.CRDUtil - Checking CRD condition 'NamesAccepted' (status: 'True')
2025-01-29 13:19:07,713 INFO c.h.h.t.HelmChartContainer - [hivemq-test-hivemq-platform] [hivemq-platform-operator] [6f2c49cd] 13:19:07.710 [vert.x-eventloop-thread-1] DEBUG c.h.platform.operator.util.CRDUtil - Checking CRD condition 'Established' (status: 'True')
2025-01-29 13:19:07,713 INFO c.h.h.t.HelmChartContainer - [hivemq-test-hivemq-platform] [hivemq-platform-operator] [6f2c49cd] 13:19:07.711 [main] INFO  c.h.platform.operator.util.CRDUtil - HiveMQ Platform CRD 'hivemq-platforms.hivemq.com' is ready
2025-01-29 13:19:07,919 INFO c.h.h.t.HelmChartContainer - [hivemq-test-hivemq-platform] [hivemq-platform-operator] [6f2c49cd] 13:19:07.918 [main] INFO  c.h.p.o.HiveMQPlatformReconciler - HiveMQ Platform Operator is starting...
2025-01-29 13:19:08,009 INFO c.h.h.t.HelmChartContainer - [hivemq-test-hivemq-platform] [hivemq-platform-operator] [6f2c49cd] 13:19:08.007 [main] WARN  Default ConfigurationService implementation - Configuration for reconciler 'hivemq-controller' was not found. Known reconcilers: None.
2025-01-29 13:19:08,017 INFO c.h.h.t.HelmChartContainer - [hivemq-test-hivemq-platform] [hivemq-platform-operator] [6f2c49cd] 13:19:08.016 [main] INFO  Default ConfigurationService implementation - Created configuration for reconciler com.hivemq.platform.operator.HiveMQPlatformReconciler with name hivemq-controller
2025-01-29 13:19:08,119 INFO c.h.h.t.HelmChartContainer - [hivemq-test-hivemq-platform] [hivemq-platform-operator] [6f2c49cd] 13:19:08.116 [main] DEBUG c.h.p.o.HiveMQPlatformReconciler - HiveMQ Platform Operator is preparing EventSources
2025-01-29 13:19:08,208 INFO c.h.h.t.HelmChartContainer - [hivemq-test-hivemq-platform] [hivemq-platform-operator] [6f2c49cd] 13:19:08.207 [main] INFO  i.javaoperatorsdk.operator.Operator - Registered reconciler: 'hivemq-controller' for resource: 'class com.hivemq.platform.operator.v1.HiveMQPlatform' for namespace(s): [all namespaces]
2025-01-29 13:19:08,823 INFO c.h.h.t.HelmChartContainer - [hivemq-test-hivemq-platform] [hivemq-platform-operator] [6f2c49cd] 13:19:08.822 [main] INFO  c.h.p.operator.webserver.JettyServer - Starting Jetty server on port 8080
2025-01-29 13:19:09,001 INFO c.h.h.t.HelmChartContainer - [hivemq-test-hivemq-platform] [hivemq-platform-operator] [6f2c49cd] 13:19:08.999 [main] INFO  i.javaoperatorsdk.operator.Operator - Operator SDK 4.9.7 (commit: 2133d28) built on Wed Nov 20 12:56:20 UTC 2024 starting...
2025-01-29 13:19:09,001 INFO c.h.h.t.HelmChartContainer - [hivemq-test-hivemq-platform] [hivemq-platform-operator] [6f2c49cd] 13:19:08.999 [main] INFO  i.javaoperatorsdk.operator.Operator - Client version: 6.13.4
2025-01-29 13:19:09,003 INFO c.h.h.t.HelmChartContainer - [hivemq-test-hivemq-platform] [hivemq-platform-operator] [6f2c49cd] 13:19:09.001 [Controller Starter for: hivemq-controller] INFO  i.j.operator.processing.Controller - Starting 'hivemq-controller' controller for reconciler: com.hivemq.platform.operator.HiveMQPlatformReconciler, resource: com.hivemq.platform.operator.v1.HiveMQPlatform
2025-01-29 13:19:09,712 INFO c.h.h.t.HelmChartContainer - [K3S] [range_allocator.go:247] "Successfully synced" key="8f07877cb075"
2025-01-29 13:19:11,809 INFO c.h.h.t.HelmChartContainer - [hivemq-test-hivemq-platform] [hivemq-platform-operator] [6f2c49cd] 13:19:11.808 [Controller Starter for: hivemq-controller] INFO  i.j.operator.processing.Controller - 'hivemq-controller' controller started
2025-01-29 13:19:11,810 INFO c.h.h.t.HelmChartContainer - [hivemq-test-hivemq-platform] [hivemq-platform-operator] [6f2c49cd] 13:19:11.808 [main] INFO  c.h.p.o.HiveMQPlatformOperatorApplication - HiveMQ Platform Operator 1.7.0-SNAPSHOT started in 7295 ms
2025-01-29 13:19:12,600 INFO c.h.h.t.HelmChartContainer - [POD] hivemq-test-hivemq-platform-operator-6966f96d65-hm5mr [6f2c49cd-b98c-4135-81cb-31d925eeca35] in helmcustomconfigit-operator was MODIFIED
2025-01-29 13:19:12,607 INFO c.h.h.t.HelmChartContainer - [K3S] [replica_set.go:679] "Finished syncing" kind="ReplicaSet" key="helmcustomconfigit-operator/hivemq-test-hivemq-platform-operator-6966f96d65" duration="12.715769ms"
2025-01-29 13:19:12,607 INFO c.h.h.t.HelmChartContainer - [K3S] [replica_set.go:679] "Finished syncing" kind="ReplicaSet" key="helmcustomconfigit-operator/hivemq-test-hivemq-platform-operator-6966f96d65" duration="58.179µs"
2025-01-29 13:19:14,188 INFO com.hivemq.helmcharts.util.K8sUtil - Pod 'hivemq-test-hivemq-platform-operator-6966f96d65-hm5mr' is ready
2025-01-29 13:19:14,256 DEBUG c.h.h.t.HelmChartContainer - Executing helm command: /bin/helm --kubeconfig /etc/rancher/k3s/k3s.yaml install test-hivemq-platform /charts/hivemq-platform --wait --timeout 5m0s --set image.repository=docker.io/hivemq --set image.tag=4.36.0 --set image.pullPolicy=Never --set nodes.resources.cpu=512m --set-file config.overrideStatefulSet=/files/stateful-set-spec.yaml --namespace helmcustomconfigit
2025-01-29 13:19:14,593 INFO c.h.h.t.HelmChartContainer - [hivemq-test-hivemq-platform] [hivemq-platform-operator] [6f2c49cd] 13:19:14.586 [-373097727-pool-1-thread-2] WARN  i.m.p.PrometheusMeterRegistry - The meter (MeterId{name='operator.sdk.events.received', tags=[tag(action=ADDED),tag(event=ResourceEvent),tag(group=hivemq.com),tag(kind=HiveMQPlatform),tag(name=test-hivemq-platform),tag(namespace=helmcustomconfigit),tag(scope=namespace),tag(version=v1)]}) registration has failed: Prometheus requires that all meters with the same name have the same set of tag keys. There is already an existing meter named 'operator.sdk.events.received' containing tag keys [event, group, kind, name, namespace, scope, version]. The meter you are attempting to register has keys [action, event, group, kind, name, namespace, scope, version]. Note that subsequent logs will be logged at debug level.
2025-01-29 13:19:15,005 INFO c.h.h.t.HelmChartContainer - [hivemq-test-hivemq-platform] [hivemq-platform-operator] [6f2c49cd] 13:19:15.004 [pool-6-thread-3] DEBUG c.h.p.o.dependants.PodInfoConfigMap - [helmcust] Desired PodInfo ConfigMap (1 extensions) (1 enabled)
2025-01-29 13:19:15,006 INFO c.h.h.t.HelmChartContainer - [hivemq-test-hivemq-platform] [hivemq-platform-operator] [6f2c49cd] 13:19:15.004 [pool-6-thread-3] DEBUG c.h.p.o.dependants.PodInfoConfigMap - [helmcust] Desired PodInfo ConfigMap (metrics port: 9399) (metrics path: /)
2025-01-29 13:19:15,006 INFO c.h.h.t.HelmChartContainer - [hivemq-test-hivemq-platform] [hivemq-platform-operator] [6f2c49cd] 13:19:15.005 [pool-6-thread-3] DEBUG c.h.p.o.dependants.PodInfoConfigMap - [helmcust] Desired PodInfo ConfigMap (extension state hash: -1817474005)
2025-01-29 13:19:15,077 INFO c.h.h.t.HelmChartContainer - [hivemq-test-hivemq-platform] [hivemq-platform-operator] [6f2c49cd] 13:19:15.076 [pool-6-thread-3] DEBUG c.h.p.o.dependants.PodInfoConfigMap - [helmcust] Create PodInfo ConfigMap
2025-01-29 13:19:15,186 INFO c.h.h.t.HelmChartContainer - [hivemq-test-hivemq-platform] [hivemq-platform-operator] [6f2c49cd] 13:19:15.184 [pool-6-thread-5] DEBUG c.h.p.o.dependants.PodRoleResource - [helmcust] Create Role: Role(apiVersion=rbac.authorization.k8s.io/v1, kind=Role, metadata=ObjectMeta(annotations={meta.helm.sh/release-name=test-hivemq-platform, meta.helm.sh/release-namespace=helmcustomconfigit}, creationTimestamp=null, deletionGracePeriodSeconds=null, deletionTimestamp=null, finalizers=[], generateName=null, generation=null, labels={helm.sh/chart=hivemq-platform-0.2.32, app.kubernetes.io/managed-by=Helm, app.kubernetes.io/name=hivemq-platform, hivemq-platform=test-hivemq-platform, app.kubernetes.io/instance=test-hivemq-platform, app.kubernetes.io/version=4.36.0}, managedFields=[], name=hivemq-platform-role-test-hivemq-platform, namespace=helmcustomconfigit, ownerReferences=[OwnerReference(apiVersion=hivemq.com/v1, blockOwnerDeletion=null, controller=null, kind=HiveMQPlatform, name=test-hivemq-platform, uid=541cae0b-6f37-473e-afb0-f7db4080b3e2, additionalProperties={})], resourceVersion=null, selfLink=null, uid=null, additionalProperties={}), rules=[PolicyRule(apiGroups=[], nonResourceURLs=[], resourceNames=[], resources=[pods], verbs=[get, patch, update], additionalProperties={})], additionalProperties={})
2025-01-29 13:19:15,302 INFO c.h.h.t.HelmChartContainer - [hivemq-test-hivemq-platform] [hivemq-platform-operator] [6f2c49cd] 13:19:15.300 [pool-6-thread-7] DEBUG c.h.p.o.d.PodServiceAccountResource - [helmcust] Desired PodServiceAccountResource (serviceAccountName: hivemq-platform-pod-test-hivemq-platform)
2025-01-29 13:19:15,303 INFO c.h.h.t.HelmChartContainer - [hivemq-test-hivemq-platform] [hivemq-platform-operator] [6f2c49cd] 13:19:15.301 [pool-6-thread-7] DEBUG c.h.p.o.d.PodServiceAccountResource - [helmcust] Create ServiceAccount 'hivemq-platform-pod-test-hivemq-platform'
2025-01-29 13:19:15,403 INFO c.h.h.t.HelmChartContainer - [hivemq-test-hivemq-platform] [hivemq-platform-operator] [6f2c49cd] 13:19:15.401 [pool-6-thread-9] DEBUG c.h.p.o.d.PodRoleBindingResource - [helmcust] Create RoleBinding: RoleBinding(apiVersion=rbac.authorization.k8s.io/v1, kind=RoleBinding, metadata=ObjectMeta(annotations={meta.helm.sh/release-name=test-hivemq-platform, meta.helm.sh/release-namespace=helmcustomconfigit}, creationTimestamp=null, deletionGracePeriodSeconds=null, deletionTimestamp=null, finalizers=[], generateName=null, generation=null, labels={helm.sh/chart=hivemq-platform-0.2.32, app.kubernetes.io/managed-by=Helm, app.kubernetes.io/name=hivemq-platform, hivemq-platform=test-hivemq-platform, app.kubernetes.io/instance=test-hivemq-platform, app.kubernetes.io/version=4.36.0}, managedFields=[], name=hivemq-platform-role-binding-test-hivemq-platform, namespace=helmcustomconfigit, ownerReferences=[OwnerReference(apiVersion=hivemq.com/v1, blockOwnerDeletion=null, controller=null, kind=HiveMQPlatform, name=test-hivemq-platform, uid=541cae0b-6f37-473e-afb0-f7db4080b3e2, additionalProperties={})], resourceVersion=null, selfLink=null, uid=null, additionalProperties={}), roleRef=RoleRef(apiGroup=rbac.authorization.k8s.io, kind=Role, name=hivemq-platform-role-test-hivemq-platform, additionalProperties={}), subjects=[Subject(apiGroup=null, kind=ServiceAccount, name=hivemq-platform-pod-test-hivemq-platform, namespace=helmcustomconfigit, additionalProperties={})], additionalProperties={})
2025-01-29 13:19:15,480 INFO c.h.h.t.HelmChartContainer - [hivemq-test-hivemq-platform] [hivemq-platform-operator] [6f2c49cd] 13:19:15.478 [ReconcilerExecutor-hivemq-controller-54] INFO  c.h.p.o.HiveMQPlatformReconciler - [helmcust] Reconciling HiveMQ Platform 'test-hivemq-platform' in namespace 'helmcustomconfigit'
2025-01-29 13:19:15,480 INFO c.h.h.t.HelmChartContainer - [hivemq-test-hivemq-platform] [hivemq-platform-operator] [6f2c49cd] 13:19:15.478 [ReconcilerExecutor-hivemq-controller-54] DEBUG c.h.p.o.HiveMQPlatformReconciler - [helmcust] Custom Resource Status CREATED - HiveMQ Platform was created (READY)
2025-01-29 13:19:15,480 INFO c.h.h.t.HelmChartContainer - [hivemq-test-hivemq-platform] [hivemq-platform-operator] [6f2c49cd] 13:19:15.478 [ReconcilerExecutor-hivemq-controller-54] DEBUG c.h.p.o.HiveMQPlatformReconciler - [helmcust] Custom Resource Spec (replicas: 1) (extensions: 1)
2025-01-29 13:19:15,483 INFO c.h.h.t.HelmChartContainer - [hivemq-test-hivemq-platform] [hivemq-platform-operator] [6f2c49cd] 13:19:15.482 [ReconcilerExecutor-hivemq-controller-54] INFO  c.h.p.o.h.HiveMQPlatformReconcilerBaseHandler - [helmcust] HiveMQ Platform is starting
2025-01-29 13:19:15,587 INFO c.h.h.t.HelmChartContainer - [hivemq-test-hivemq-platform] [hivemq-platform-operator] [6f2c49cd] 13:19:15.586 [ReconcilerExecutor-hivemq-controller-54] DEBUG c.h.p.operator.event.EventSender - [helmcust] Creating K8s event hivemq-platform-starting: [Start] HiveMQ Platform is starting
2025-01-29 13:19:15,680 INFO c.h.h.t.HelmChartContainer - [EVENT] Normal [Start] HiveMQ Platform is starting [helmcustomconfigit:test-hivemq-platform]
2025-01-29 13:19:15,688 INFO c.h.h.t.HelmChartContainer - [hivemq-test-hivemq-platform] [hivemq-platform-operator] [6f2c49cd] 13:19:15.684 [ReconcilerExecutor-hivemq-controller-54] INFO  c.h.p.o.h.AbstractHiveMQReconcilerStateHandler - [helmcust] Update HiveMQ Platform Status (CREATED [READY] -> STARTING [READY]): HiveMQ Platform is starting
2025-01-29 13:19:15,711 DEBUG com.hivemq.helmcharts.util.K8sUtil - Comparing actual state 'STARTING' and waiting for 'RUNNING'
2025-01-29 13:19:25,787 INFO c.h.h.t.HelmChartContainer - [hivemq-test-hivemq-platform] [hivemq-platform-operator] [6f2c49cd] 13:19:25.783 [pool-6-thread-12] DEBUG c.h.p.o.d.PlatformServiceResource - [helmcust] Desired Platform services (3 services)
2025-01-29 13:19:25,787 INFO c.h.h.t.HelmChartContainer - [hivemq-test-hivemq-platform] [hivemq-platform-operator] [6f2c49cd] 13:19:25.784 [pool-6-thread-13] DEBUG c.h.p.o.dependants.PodInfoConfigMap - [helmcust] Desired PodInfo ConfigMap (1 extensions) (1 enabled)
2025-01-29 13:19:25,787 INFO c.h.h.t.HelmChartContainer - [hivemq-test-hivemq-platform] [hivemq-platform-operator] [6f2c49cd] 13:19:25.784 [pool-6-thread-13] DEBUG c.h.p.o.dependants.PodInfoConfigMap - [helmcust] Desired PodInfo ConfigMap (metrics port: 9399) (metrics path: /)
2025-01-29 13:19:25,787 INFO c.h.h.t.HelmChartContainer - [hivemq-test-hivemq-platform] [hivemq-platform-operator] [6f2c49cd] 13:19:25.784 [pool-6-thread-13] DEBUG c.h.p.o.dependants.PodInfoConfigMap - [helmcust] Desired PodInfo ConfigMap (extension state hash: -1817474005)
2025-01-29 13:19:25,788 INFO c.h.h.t.HelmChartContainer - [hivemq-test-hivemq-platform] [hivemq-platform-operator] [6f2c49cd] 13:19:25.786 [pool-6-thread-17] DEBUG c.h.p.o.d.PodServiceAccountResource - [helmcust] Desired PodServiceAccountResource (serviceAccountName: hivemq-platform-pod-test-hivemq-platform)
2025-01-29 13:19:25,794 INFO c.h.h.t.HelmChartContainer - [hivemq-test-hivemq-platform] [hivemq-platform-operator] [6f2c49cd] 13:19:25.792 [pool-6-thread-13] DEBUG c.h.p.o.dependants.PodInfoConfigMap - [helmcust] Update PodInfo ConfigMap
2025-01-29 13:19:25,888 INFO c.h.h.t.HelmChartContainer - [K3S] [alloc.go:330] "allocated clusterIPs" service="helmcustomconfigit/hivemq-test-hivemq-platform-cc-8080" clusterIPs={"IPv4":"10.43.205.237"}
2025-01-29 13:19:25,981 INFO c.h.h.t.HelmChartContainer - [K3S] [alloc.go:330] "allocated clusterIPs" service="helmcustomconfigit/hivemq-test-hivemq-platform-metrics-9399" clusterIPs={"IPv4":"10.43.220.15"}
2025-01-29 13:19:25,994 INFO c.h.h.t.HelmChartContainer - [K3S] [alloc.go:330] "allocated clusterIPs" service="helmcustomconfigit/hivemq-test-hivemq-platform-mqtt-1883" clusterIPs={"IPv4":"10.43.228.101"}
2025-01-29 13:19:26,076 INFO c.h.h.t.HelmChartContainer - [hivemq-test-hivemq-platform] [hivemq-platform-operator] [6f2c49cd] 13:19:26.075 [pool-6-thread-20] DEBUG c.h.p.o.d.StatefulSetResource - [helmcust] Desired StatefulSet (1 replicas) for status STARTING (READY)
2025-01-29 13:19:26,089 INFO c.h.h.t.HelmChartContainer - [hivemq-test-hivemq-platform] [hivemq-platform-operator] [6f2c49cd] 13:19:26.087 [pool-6-thread-20] DEBUG c.h.p.o.d.StatefulSetResource - [helmcust] Create StatefulSet
2025-01-29 13:19:26,196 INFO c.h.h.t.HelmChartContainer - [hivemq-test-hivemq-platform] [hivemq-platform-operator] [6f2c49cd] 13:19:26.191 [ReconcilerExecutor-hivemq-controller-65] INFO  c.h.p.o.HiveMQPlatformReconciler - [helmcust] Reconciling HiveMQ Platform 'test-hivemq-platform' in namespace 'helmcustomconfigit'
2025-01-29 13:19:26,197 INFO c.h.h.t.HelmChartContainer - [hivemq-test-hivemq-platform] [hivemq-platform-operator] [6f2c49cd] 13:19:26.191 [ReconcilerExecutor-hivemq-controller-65] DEBUG c.h.p.o.HiveMQPlatformReconciler - [helmcust] Custom Resource Status STARTING - HiveMQ Platform is starting (READY)
2025-01-29 13:19:26,197 INFO c.h.h.t.HelmChartContainer - [hivemq-test-hivemq-platform] [hivemq-platform-operator] [6f2c49cd] 13:19:26.191 [ReconcilerExecutor-hivemq-controller-65] DEBUG c.h.p.o.HiveMQPlatformReconciler - [helmcust] Custom Resource Spec (replicas: 1) (extensions: 1)
2025-01-29 13:19:26,209 INFO c.h.h.t.HelmChartContainer - [POD] test-hivemq-platform-0 [99798792-663d-479b-bd1b-ea9861e15069] in helmcustomconfigit was ADDED
2025-01-29 13:19:26,212 INFO c.h.h.t.HelmChartContainer - [EVENT] Normal [SuccessfulCreate] create Pod test-hivemq-platform-0 in StatefulSet test-hivemq-platform successful [helmcustomconfigit:test-hivemq-platform]
2025-01-29 13:19:26,214 INFO c.h.h.t.HelmChartContainer - [POD] test-hivemq-platform-0 [99798792-663d-479b-bd1b-ea9861e15069] in helmcustomconfigit was MODIFIED
2025-01-29 13:19:26,218 INFO c.h.h.t.HelmChartContainer - [EVENT] Normal [Scheduled] Successfully assigned helmcustomconfigit/test-hivemq-platform-0 to 8f07877cb075 [helmcustomconfigit:test-hivemq-platform-0]
2025-01-29 13:19:26,228 INFO c.h.h.t.HelmChartContainer - [POD] test-hivemq-platform-0 [99798792-663d-479b-bd1b-ea9861e15069] in helmcustomconfigit was MODIFIED
2025-01-29 13:19:26,281 INFO c.h.h.t.HelmChartContainer - [hivemq-test-hivemq-platform] [hivemq-platform-operator] [6f2c49cd] 13:19:26.276 [ReconcilerExecutor-hivemq-controller-65] DEBUG c.h.p.o.HiveMQPlatformReconciler - [helmcust] StatefulSet Status (revision: null, replicas: 0, available: 0, ready: 0, current: 0, updated: 0)
2025-01-29 13:19:26,284 INFO c.h.h.t.HelmChartContainer - [hivemq-test-hivemq-platform] [hivemq-platform-operator] [6f2c49cd] 13:19:26.277 [ReconcilerExecutor-hivemq-controller-65] DEBUG c.h.p.o.HiveMQPlatformReconciler - [helmcust] StatefulSet Spec (replicas: 1, init containers: 1, containers: 1, volumes: 3)
2025-01-29 13:19:26,336 INFO c.h.h.t.HelmChartContainer - [K3S] [reconciler_common.go:251] "operationExecutor.VerifyControllerAttachedVolume started for volume \"kube-api-access-sbhng\" (UniqueName: \"kubernetes.io/projected/99798792-663d-479b-bd1b-ea9861e15069-kube-api-access-sbhng\") pod \"test-hivemq-platform-0\" (UID: \"99798792-663d-479b-bd1b-ea9861e15069\") " pod="helmcustomconfigit/test-hivemq-platform-0"
2025-01-29 13:19:26,336 INFO c.h.h.t.HelmChartContainer - [K3S] [reconciler_common.go:251] "operationExecutor.VerifyControllerAttachedVolume started for volume \"pod-info\" (UniqueName: \"kubernetes.io/configmap/99798792-663d-479b-bd1b-ea9861e15069-pod-info\") pod \"test-hivemq-platform-0\" (UID: \"99798792-663d-479b-bd1b-ea9861e15069\") " pod="helmcustomconfigit/test-hivemq-platform-0"
2025-01-29 13:19:26,336 INFO c.h.h.t.HelmChartContainer - [K3S] [reconciler_common.go:251] "operationExecutor.VerifyControllerAttachedVolume started for volume \"broker-configuration\" (UniqueName: \"kubernetes.io/configmap/99798792-663d-479b-bd1b-ea9861e15069-broker-configuration\") pod \"test-hivemq-platform-0\" (UID: \"99798792-663d-479b-bd1b-ea9861e15069\") " pod="helmcustomconfigit/test-hivemq-platform-0"
2025-01-29 13:19:26,336 INFO c.h.h.t.HelmChartContainer - [K3S] [reconciler_common.go:251] "operationExecutor.VerifyControllerAttachedVolume started for volume \"operator-init\" (UniqueName: \"kubernetes.io/empty-dir/99798792-663d-479b-bd1b-ea9861e15069-operator-init\") pod \"test-hivemq-platform-0\" (UID: \"99798792-663d-479b-bd1b-ea9861e15069\") " pod="helmcustomconfigit/test-hivemq-platform-0"
2025-01-29 13:19:26,380 INFO c.h.h.t.HelmChartContainer - [hivemq-test-hivemq-platform] [hivemq-platform-operator] [6f2c49cd] 13:19:26.378 [ReconcilerExecutor-hivemq-controller-65] DEBUG c.h.p.o.h.HiveMQPlatformReconcilerErrorHandler - [helmcust] Pod 'test-hivemq-platform-0' phase Pending
2025-01-29 13:19:26,381 INFO c.h.h.t.HelmChartContainer - [hivemq-test-hivemq-platform] [hivemq-platform-operator] [6f2c49cd] 13:19:26.381 [ReconcilerExecutor-hivemq-controller-65] INFO  c.h.p.o.h.HiveMQPlatformReconcilerBaseHandler - [helmcust] HiveMQ Platform is starting, 0 of 1 replicas are ready
2025-01-29 13:19:26,387 INFO c.h.h.t.HelmChartContainer - [hivemq-test-hivemq-platform] [hivemq-platform-operator] [6f2c49cd] 13:19:26.385 [pool-6-thread-22] DEBUG c.h.p.o.d.PlatformServiceResource - [helmcust] Desired Platform services (3 services)
2025-01-29 13:19:26,389 INFO c.h.h.t.HelmChartContainer - [hivemq-test-hivemq-platform] [hivemq-platform-operator] [6f2c49cd] 13:19:26.386 [pool-6-thread-23] DEBUG c.h.p.o.dependants.PodInfoConfigMap - [helmcust] Desired PodInfo ConfigMap (1 extensions) (1 enabled)
2025-01-29 13:19:26,389 INFO c.h.h.t.HelmChartContainer - [hivemq-test-hivemq-platform] [hivemq-platform-operator] [6f2c49cd] 13:19:26.386 [pool-6-thread-23] DEBUG c.h.p.o.dependants.PodInfoConfigMap - [helmcust] Desired PodInfo ConfigMap (metrics port: 9399) (metrics path: /)
2025-01-29 13:19:26,390 INFO c.h.h.t.HelmChartContainer - [hivemq-test-hivemq-platform] [hivemq-platform-operator] [6f2c49cd] 13:19:26.387 [pool-6-thread-23] DEBUG c.h.p.o.dependants.PodInfoConfigMap - [helmcust] Desired PodInfo ConfigMap (extension state hash: -1817474005)
2025-01-29 13:19:26,392 INFO c.h.h.t.HelmChartContainer - [hivemq-test-hivemq-platform] [hivemq-platform-operator] [6f2c49cd] 13:19:26.391 [pool-6-thread-27] DEBUG c.h.p.o.d.PodServiceAccountResource - [helmcust] Desired PodServiceAccountResource (serviceAccountName: hivemq-platform-pod-test-hivemq-platform)
2025-01-29 13:19:26,484 INFO c.h.h.t.HelmChartContainer - [hivemq-test-hivemq-platform] [hivemq-platform-operator] [6f2c49cd] 13:19:26.482 [pool-6-thread-30] DEBUG c.h.p.o.d.StatefulSetResource - [helmcust] Desired StatefulSet (1 replicas) for status STARTING (READY)
2025-01-29 13:19:26,491 INFO c.h.h.t.HelmChartContainer - [hivemq-test-hivemq-platform] [hivemq-platform-operator] [6f2c49cd] 13:19:26.488 [ReconcilerExecutor-hivemq-controller-76] INFO  c.h.p.o.HiveMQPlatformReconciler - [helmcust] Reconciling HiveMQ Platform 'test-hivemq-platform' in namespace 'helmcustomconfigit'
2025-01-29 13:19:26,491 INFO c.h.h.t.HelmChartContainer - [hivemq-test-hivemq-platform] [hivemq-platform-operator] [6f2c49cd] 13:19:26.488 [ReconcilerExecutor-hivemq-controller-76] DEBUG c.h.p.o.HiveMQPlatformReconciler - [helmcust] Custom Resource Status STARTING - HiveMQ Platform is starting (READY)
2025-01-29 13:19:26,491 INFO c.h.h.t.HelmChartContainer - [hivemq-test-hivemq-platform] [hivemq-platform-operator] [6f2c49cd] 13:19:26.488 [ReconcilerExecutor-hivemq-controller-76] DEBUG c.h.p.o.HiveMQPlatformReconciler - [helmcust] Custom Resource Spec (replicas: 1) (extensions: 1)
2025-01-29 13:19:26,492 INFO c.h.h.t.HelmChartContainer - [hivemq-test-hivemq-platform] [hivemq-platform-operator] [6f2c49cd] 13:19:26.490 [ReconcilerExecutor-hivemq-controller-76] DEBUG c.h.p.o.HiveMQPlatformReconciler - [helmcust] StatefulSet Status (revision: test-hivemq-platform-66fd65f559, replicas: 1, available: 0, ready: 0, current: 1, updated: 1)
2025-01-29 13:19:26,492 INFO c.h.h.t.HelmChartContainer - [hivemq-test-hivemq-platform] [hivemq-platform-operator] [6f2c49cd] 13:19:26.491 [ReconcilerExecutor-hivemq-controller-76] DEBUG c.h.p.o.HiveMQPlatformReconciler - [helmcust] StatefulSet Spec (replicas: 1, init containers: 1, containers: 1, volumes: 3)
2025-01-29 13:19:26,583 INFO c.h.h.t.HelmChartContainer - [hivemq-test-hivemq-platform] [hivemq-platform-operator] [6f2c49cd] 13:19:26.580 [ReconcilerExecutor-hivemq-controller-76] DEBUG c.h.p.o.h.HiveMQPlatformReconcilerErrorHandler - [helmcust] Pod 'test-hivemq-platform-0' phase Pending
2025-01-29 13:19:26,583 INFO c.h.h.t.HelmChartContainer - [hivemq-test-hivemq-platform] [hivemq-platform-operator] [6f2c49cd] 13:19:26.581 [ReconcilerExecutor-hivemq-controller-76] DEBUG c.h.p.o.h.HiveMQPlatformReconcilerErrorHandler - [helmcust] Pod 'test-hivemq-platform-0' condition 'PodReadyToStartContainers': False
2025-01-29 13:19:26,583 INFO c.h.h.t.HelmChartContainer - [hivemq-test-hivemq-platform] [hivemq-platform-operator] [6f2c49cd] 13:19:26.581 [ReconcilerExecutor-hivemq-controller-76] DEBUG c.h.p.o.h.HiveMQPlatformReconcilerErrorHandler - [helmcust] Pod 'test-hivemq-platform-0' condition 'Initialized': False
2025-01-29 13:19:26,583 INFO c.h.h.t.HelmChartContainer - [hivemq-test-hivemq-platform] [hivemq-platform-operator] [6f2c49cd] 13:19:26.581 [ReconcilerExecutor-hivemq-controller-76] DEBUG c.h.p.o.h.HiveMQPlatformReconcilerErrorHandler - [helmcust] Pod 'test-hivemq-platform-0' condition 'Ready': False
2025-01-29 13:19:26,583 INFO c.h.h.t.HelmChartContainer - [hivemq-test-hivemq-platform] [hivemq-platform-operator] [6f2c49cd] 13:19:26.581 [ReconcilerExecutor-hivemq-controller-76] DEBUG c.h.p.o.h.HiveMQPlatformReconcilerErrorHandler - [helmcust] Pod 'test-hivemq-platform-0' condition 'ContainersReady': False
2025-01-29 13:19:26,583 INFO c.h.h.t.HelmChartContainer - [hivemq-test-hivemq-platform] [hivemq-platform-operator] [6f2c49cd] 13:19:26.581 [ReconcilerExecutor-hivemq-controller-76] DEBUG c.h.p.o.h.HiveMQPlatformReconcilerErrorHandler - [helmcust] Pod 'test-hivemq-platform-0' condition 'PodScheduled': True
2025-01-29 13:19:26,584 INFO c.h.h.t.HelmChartContainer - [hivemq-test-hivemq-platform] [hivemq-platform-operator] [6f2c49cd] 13:19:26.582 [ReconcilerExecutor-hivemq-controller-76] DEBUG c.h.p.o.h.HiveMQPlatformReconcilerErrorHandler - [helmcust] Pod 'test-hivemq-platform-0' containerStatus 'hivemq' (started: false) (ready: false) (waiting: [PodInitializing] null)
2025-01-29 13:19:26,585 INFO c.h.h.t.HelmChartContainer - [hivemq-test-hivemq-platform] [hivemq-platform-operator] [6f2c49cd] 13:19:26.584 [ReconcilerExecutor-hivemq-controller-76] INFO  c.h.p.o.h.HiveMQPlatformReconcilerBaseHandler - [helmcust] HiveMQ Platform is starting, 0 of 1 replicas are ready
2025-01-29 13:19:26,630 INFO c.h.h.t.HelmChartContainer - [EVENT] Normal [Pulled] Container image "docker.io/hivemq/hivemq-platform-operator-init-test:snapshot" already present on machine [helmcustomconfigit:test-hivemq-platform-0]
2025-01-29 13:19:26,642 INFO c.h.h.t.HelmChartContainer - [EVENT] Normal [Created] Created container: hivemq-platform-operator-init [helmcustomconfigit:test-hivemq-platform-0]
2025-01-29 13:19:26,692 INFO c.h.h.t.HelmChartContainer - [EVENT] Normal [Started] Started container hivemq-platform-operator-init [helmcustomconfigit:test-hivemq-platform-0]
2025-01-29 13:19:27,632 INFO c.h.h.t.HelmChartContainer - [EVENT] Normal [Pulled] Container image "docker.io/hivemq/hivemq4:4.36.0" already present on machine [helmcustomconfigit:test-hivemq-platform-0]
2025-01-29 13:19:27,632 INFO c.h.h.t.HelmChartContainer - Received Pulled event for container hivemq in pod test-hivemq-platform-0 [99798792-663d-479b-bd1b-ea9861e15069]
2025-01-29 13:19:27,644 INFO c.h.h.t.HelmChartContainer - [POD] test-hivemq-platform-0 [99798792-663d-479b-bd1b-ea9861e15069] in helmcustomconfigit was MODIFIED
2025-01-29 13:19:27,663 INFO c.h.h.t.HelmChartContainer - [EVENT] Normal [Created] Created container: hivemq [helmcustomconfigit:test-hivemq-platform-0]
2025-01-29 13:19:27,663 INFO c.h.h.t.HelmChartContainer - Received Created event for container hivemq in pod test-hivemq-platform-0 [99798792-663d-479b-bd1b-ea9861e15069]
2025-01-29 13:19:27,669 INFO c.h.h.t.HelmChartContainer - [hivemq-test-hivemq-platform] [hivemq-platform-operator] [6f2c49cd] 13:19:27.659 [pool-6-thread-32] DEBUG c.h.p.o.d.PlatformServiceResource - [helmcust] Desired Platform services (3 services)
2025-01-29 13:19:27,669 INFO c.h.h.t.HelmChartContainer - [hivemq-test-hivemq-platform] [hivemq-platform-operator] [6f2c49cd] 13:19:27.663 [pool-6-thread-33] DEBUG c.h.p.o.dependants.PodInfoConfigMap - [helmcust] Desired PodInfo ConfigMap (1 extensions) (1 enabled)
2025-01-29 13:19:27,672 INFO c.h.h.t.HelmChartContainer - [hivemq-test-hivemq-platform] [hivemq-platform-operator] [6f2c49cd] 13:19:27.666 [pool-6-thread-33] DEBUG c.h.p.o.dependants.PodInfoConfigMap - [helmcust] Desired PodInfo ConfigMap (metrics port: 9399) (metrics path: /)
2025-01-29 13:19:27,672 INFO c.h.h.t.HelmChartContainer - [hivemq-test-hivemq-platform] [hivemq-platform-operator] [6f2c49cd] 13:19:27.667 [pool-6-thread-33] DEBUG c.h.p.o.dependants.PodInfoConfigMap - [helmcust] Desired PodInfo ConfigMap (extension state hash: -1817474005)
2025-01-29 13:19:27,674 INFO c.h.h.t.HelmChartContainer - [hivemq-test-hivemq-platform] [hivemq-platform-operator] [6f2c49cd] 13:19:27.669 [pool-6-thread-37] DEBUG c.h.p.o.d.PodServiceAccountResource - [helmcust] Desired PodServiceAccountResource (serviceAccountName: hivemq-platform-pod-test-hivemq-platform)
2025-01-29 13:19:27,712 INFO c.h.h.t.HelmChartContainer - [hivemq-test-hivemq-platform] [hivemq-platform-operator] [6f2c49cd] 13:19:27.708 [pool-6-thread-40] DEBUG c.h.p.o.d.StatefulSetResource - [helmcust] Desired StatefulSet (1 replicas) for status STARTING (READY)
2025-01-29 13:19:27,719 INFO c.h.h.t.HelmChartContainer - [hivemq-test-hivemq-platform] [hivemq-platform-operator] [6f2c49cd] 13:19:27.718 [ReconcilerExecutor-hivemq-controller-87] INFO  c.h.p.o.HiveMQPlatformReconciler - [helmcust] Reconciling HiveMQ Platform 'test-hivemq-platform' in namespace 'helmcustomconfigit'
2025-01-29 13:19:27,719 INFO c.h.h.t.HelmChartContainer - [hivemq-test-hivemq-platform] [hivemq-platform-operator] [6f2c49cd] 13:19:27.718 [ReconcilerExecutor-hivemq-controller-87] DEBUG c.h.p.o.HiveMQPlatformReconciler - [helmcust] Custom Resource Status STARTING - HiveMQ Platform is starting (READY)
2025-01-29 13:19:27,719 INFO c.h.h.t.HelmChartContainer - [hivemq-test-hivemq-platform] [hivemq-platform-operator] [6f2c49cd] 13:19:27.718 [ReconcilerExecutor-hivemq-controller-87] DEBUG c.h.p.o.HiveMQPlatformReconciler - [helmcust] Custom Resource Spec (replicas: 1) (extensions: 1)
2025-01-29 13:19:27,724 INFO c.h.h.t.HelmChartContainer - [hivemq-test-hivemq-platform] [hivemq-platform-operator] [6f2c49cd] 13:19:27.722 [ReconcilerExecutor-hivemq-controller-87] DEBUG c.h.p.o.HiveMQPlatformReconciler - [helmcust] StatefulSet Status (revision: test-hivemq-platform-66fd65f559, replicas: 1, available: 0, ready: 0, current: 1, updated: 1)
2025-01-29 13:19:27,726 INFO c.h.h.t.HelmChartContainer - [hivemq-test-hivemq-platform] [hivemq-platform-operator] [6f2c49cd] 13:19:27.722 [ReconcilerExecutor-hivemq-controller-87] DEBUG c.h.p.o.HiveMQPlatformReconciler - [helmcust] StatefulSet Spec (replicas: 1, init containers: 1, containers: 1, volumes: 3)
2025-01-29 13:19:27,777 INFO c.h.h.t.HelmChartContainer - [hivemq-test-hivemq-platform] [hivemq-platform-operator] [6f2c49cd] 13:19:27.774 [ReconcilerExecutor-hivemq-controller-87] DEBUG c.h.p.o.h.HiveMQPlatformReconcilerErrorHandler - [helmcust] Pod 'test-hivemq-platform-0' phase Pending
2025-01-29 13:19:27,777 INFO c.h.h.t.HelmChartContainer - [hivemq-test-hivemq-platform] [hivemq-platform-operator] [6f2c49cd] 13:19:27.775 [ReconcilerExecutor-hivemq-controller-87] DEBUG c.h.p.o.h.HiveMQPlatformReconcilerErrorHandler - [helmcust] Pod 'test-hivemq-platform-0' condition 'PodReadyToStartContainers': True
2025-01-29 13:19:27,778 INFO c.h.h.t.HelmChartContainer - [hivemq-test-hivemq-platform] [hivemq-platform-operator] [6f2c49cd] 13:19:27.775 [ReconcilerExecutor-hivemq-controller-87] DEBUG c.h.p.o.h.HiveMQPlatformReconcilerErrorHandler - [helmcust] Pod 'test-hivemq-platform-0' condition 'Initialized': True
2025-01-29 13:19:27,778 INFO c.h.h.t.HelmChartContainer - [hivemq-test-hivemq-platform] [hivemq-platform-operator] [6f2c49cd] 13:19:27.775 [ReconcilerExecutor-hivemq-controller-87] DEBUG c.h.p.o.h.HiveMQPlatformReconcilerErrorHandler - [helmcust] Pod 'test-hivemq-platform-0' condition 'Ready': False
2025-01-29 13:19:27,778 INFO c.h.h.t.HelmChartContainer - [hivemq-test-hivemq-platform] [hivemq-platform-operator] [6f2c49cd] 13:19:27.775 [ReconcilerExecutor-hivemq-controller-87] DEBUG c.h.p.o.h.HiveMQPlatformReconcilerErrorHandler - [helmcust] Pod 'test-hivemq-platform-0' condition 'ContainersReady': False
2025-01-29 13:19:27,778 INFO c.h.h.t.HelmChartContainer - [hivemq-test-hivemq-platform] [hivemq-platform-operator] [6f2c49cd] 13:19:27.775 [ReconcilerExecutor-hivemq-controller-87] DEBUG c.h.p.o.h.HiveMQPlatformReconcilerErrorHandler - [helmcust] Pod 'test-hivemq-platform-0' condition 'PodScheduled': True
2025-01-29 13:19:27,778 INFO c.h.h.t.HelmChartContainer - [hivemq-test-hivemq-platform] [hivemq-platform-operator] [6f2c49cd] 13:19:27.775 [ReconcilerExecutor-hivemq-controller-87] DEBUG c.h.p.o.h.HiveMQPlatformReconcilerErrorHandler - [helmcust] Pod 'test-hivemq-platform-0' containerStatus 'hivemq' (started: false) (ready: false) (waiting: [PodInitializing] null)
2025-01-29 13:19:27,779 INFO c.h.h.t.HelmChartContainer - [hivemq-test-hivemq-platform] [hivemq-platform-operator] [6f2c49cd] 13:19:27.776 [ReconcilerExecutor-hivemq-controller-87] INFO  c.h.p.o.h.HiveMQPlatformReconcilerBaseHandler - [helmcust] HiveMQ Platform is starting, 0 of 1 replicas are ready
2025-01-29 13:19:28,654 INFO c.h.h.t.HelmChartContainer - [POD] test-hivemq-platform-0 [99798792-663d-479b-bd1b-ea9861e15069] in helmcustomconfigit was MODIFIED
2025-01-29 13:19:28,672 INFO c.h.h.t.HelmChartContainer - [EVENT] Normal [Started] Started container hivemq [helmcustomconfigit:test-hivemq-platform-0]
2025-01-29 13:19:28,672 INFO c.h.h.t.HelmChartContainer - Received Started event for container hivemq in pod test-hivemq-platform-0 [99798792-663d-479b-bd1b-ea9861e15069]
2025-01-29 13:19:28,672 INFO c.h.h.t.HelmChartContainer - Started log watcher for hivemq in pod test-hivemq-platform-0 [99798792-663d-479b-bd1b-ea9861e15069]
2025-01-29 13:19:28,681 INFO c.h.h.t.HelmChartContainer - [test-hivemq-platform] [hivemq] [99798792] Adding pre-installed HiveMQ Platform Operator extensions
2025-01-29 13:19:28,682 INFO c.h.h.t.HelmChartContainer - [test-hivemq-platform] [hivemq] [99798792] Running as user 10000
2025-01-29 13:19:28,682 INFO c.h.h.t.HelmChartContainer - [test-hivemq-platform] [hivemq] [99798792] Starting HiveMQ Platform Operator Init
2025-01-29 13:19:28,682 INFO c.h.h.t.HelmChartContainer - [test-hivemq-platform] [hivemq] [99798792] INFO  - [HiveMQ Platform Operator Init 1.7.0-SNAPSHOT] HiveMQ Platform Operator Init 1.7.0-SNAPSHOT (commit: bebf408 on branch: HEAD) built on Sun Jan 26 20:47:47 UTC 2025
2025-01-29 13:19:28,682 INFO c.h.h.t.HelmChartContainer - [test-hivemq-platform] [hivemq] [99798792] INFO  - [HiveMQ Platform Operator Init App 1.7.0-SNAPSHOT] Using bind address 10.42.0.6 from environment variable
2025-01-29 13:19:28,684 INFO c.h.h.t.HelmChartContainer - [hivemq-test-hivemq-platform] [hivemq-platform-operator] [6f2c49cd] 13:19:28.671 [pool-6-thread-42] DEBUG c.h.p.o.d.PlatformServiceResource - [helmcust] Desired Platform services (3 services)
2025-01-29 13:19:28,684 INFO c.h.h.t.HelmChartContainer - [hivemq-test-hivemq-platform] [hivemq-platform-operator] [6f2c49cd] 13:19:28.675 [pool-6-thread-43] DEBUG c.h.p.o.dependants.PodInfoConfigMap - [helmcust] Desired PodInfo ConfigMap (1 extensions) (1 enabled)
2025-01-29 13:19:28,684 INFO c.h.h.t.HelmChartContainer - [hivemq-test-hivemq-platform] [hivemq-platform-operator] [6f2c49cd] 13:19:28.676 [pool-6-thread-43] DEBUG c.h.p.o.dependants.PodInfoConfigMap - [helmcust] Desired PodInfo ConfigMap (metrics port: 9399) (metrics path: /)
2025-01-29 13:19:28,684 INFO c.h.h.t.HelmChartContainer - [hivemq-test-hivemq-platform] [hivemq-platform-operator] [6f2c49cd] 13:19:28.676 [pool-6-thread-43] DEBUG c.h.p.o.dependants.PodInfoConfigMap - [helmcust] Desired PodInfo ConfigMap (extension state hash: -1817474005)
2025-01-29 13:19:28,704 INFO c.h.h.t.HelmChartContainer - [hivemq-test-hivemq-platform] [hivemq-platform-operator] [6f2c49cd] 13:19:28.697 [pool-6-thread-47] DEBUG c.h.p.o.d.PodServiceAccountResource - [helmcust] Desired PodServiceAccountResource (serviceAccountName: hivemq-platform-pod-test-hivemq-platform)
2025-01-29 13:19:28,713 INFO c.h.h.t.HelmChartContainer - [hivemq-test-hivemq-platform] [hivemq-platform-operator] [6f2c49cd] 13:19:28.711 [pool-6-thread-50] DEBUG c.h.p.o.d.StatefulSetResource - [helmcust] Desired StatefulSet (1 replicas) for status STARTING (READY)
2025-01-29 13:19:28,719 INFO c.h.h.t.HelmChartContainer - [hivemq-test-hivemq-platform] [hivemq-platform-operator] [6f2c49cd] 13:19:28.718 [ReconcilerExecutor-hivemq-controller-98] INFO  c.h.p.o.HiveMQPlatformReconciler - [helmcust] Reconciling HiveMQ Platform 'test-hivemq-platform' in namespace 'helmcustomconfigit'
2025-01-29 13:19:28,721 INFO c.h.h.t.HelmChartContainer - [hivemq-test-hivemq-platform] [hivemq-platform-operator] [6f2c49cd] 13:19:28.720 [ReconcilerExecutor-hivemq-controller-98] DEBUG c.h.p.o.HiveMQPlatformReconciler - [helmcust] Custom Resource Status STARTING - HiveMQ Platform is starting (READY)
2025-01-29 13:19:28,722 INFO c.h.h.t.HelmChartContainer - [hivemq-test-hivemq-platform] [hivemq-platform-operator] [6f2c49cd] 13:19:28.721 [ReconcilerExecutor-hivemq-controller-98] DEBUG c.h.p.o.HiveMQPlatformReconciler - [helmcust] Custom Resource Spec (replicas: 1) (extensions: 1)
2025-01-29 13:19:28,733 INFO c.h.h.t.HelmChartContainer - [test-hivemq-platform] [hivemq] [99798792] INFO  - [HiveMQ Platform Operator Init App 1.7.0-SNAPSHOT] HiveMQ Platform Operator Init App 1.7.0-SNAPSHOT (commit: bebf408 on branch: HEAD) built on Sun Jan 26 20:47:47 UTC 2025
2025-01-29 13:19:28,736 INFO c.h.h.t.HelmChartContainer - [test-hivemq-platform] [hivemq] [99798792] INFO  - [HiveMQ Platform Operator Init App 1.7.0-SNAPSHOT] PodInfo ConfigMap directory: /etc/podinfo
2025-01-29 13:19:28,736 INFO c.h.h.t.HelmChartContainer - [test-hivemq-platform] [hivemq] [99798792] INFO  - [HiveMQ Platform Operator Init App 1.7.0-SNAPSHOT] HiveMQ home directory: /opt/hivemq
2025-01-29 13:19:28,736 INFO c.h.h.t.HelmChartContainer - [test-hivemq-platform] [hivemq] [99798792] INFO  - [HiveMQ Platform Operator Init App 1.7.0-SNAPSHOT] HiveMQ Logback folder: /opt/hivemq/conf
2025-01-29 13:19:28,736 INFO c.h.h.t.HelmChartContainer - [test-hivemq-platform] [hivemq] [99798792] INFO  - [HiveMQ Platform Operator Init App 1.7.0-SNAPSHOT] HiveMQ Config folder: /opt/hivemq/conf-k8s
2025-01-29 13:19:28,736 INFO c.h.h.t.HelmChartContainer - [test-hivemq-platform] [hivemq] [99798792] INFO  - [HiveMQ Platform Operator Init App 1.7.0-SNAPSHOT] Starting HiveMQ Platform Operator Init App
2025-01-29 13:19:28,736 INFO c.h.h.t.HelmChartContainer - [test-hivemq-platform] [hivemq] [99798792] INFO  - [HiveMQ Platform Operator Init App 1.7.0-SNAPSHOT] Starting Pod reconciler
2025-01-29 13:19:28,782 INFO c.h.h.t.HelmChartContainer - [hivemq-test-hivemq-platform] [hivemq-platform-operator] [6f2c49cd] 13:19:28.779 [ReconcilerExecutor-hivemq-controller-98] DEBUG c.h.p.o.HiveMQPlatformReconciler - [helmcust] StatefulSet Status (revision: test-hivemq-platform-66fd65f559, replicas: 1, available: 0, ready: 0, current: 1, updated: 1)
2025-01-29 13:19:28,782 INFO c.h.h.t.HelmChartContainer - [hivemq-test-hivemq-platform] [hivemq-platform-operator] [6f2c49cd] 13:19:28.779 [ReconcilerExecutor-hivemq-controller-98] DEBUG c.h.p.o.HiveMQPlatformReconciler - [helmcust] StatefulSet Spec (replicas: 1, init containers: 1, containers: 1, volumes: 3)
2025-01-29 13:19:28,804 INFO c.h.h.t.HelmChartContainer - [hivemq-test-hivemq-platform] [hivemq-platform-operator] [6f2c49cd] 13:19:28.803 [ReconcilerExecutor-hivemq-controller-98] DEBUG c.h.p.o.h.HiveMQPlatformReconcilerErrorHandler - [helmcust] Pod 'test-hivemq-platform-0' phase Running
2025-01-29 13:19:28,809 INFO c.h.h.t.HelmChartContainer - [hivemq-test-hivemq-platform] [hivemq-platform-operator] [6f2c49cd] 13:19:28.808 [ReconcilerExecutor-hivemq-controller-98] INFO  c.h.p.o.h.HiveMQPlatformReconcilerBaseHandler - [helmcust] HiveMQ Platform is starting, 0 of 1 replicas are ready
2025-01-29 13:19:29,033 INFO c.h.h.t.HelmChartContainer - [test-hivemq-platform] [hivemq] [99798792] INFO  - [HiveMQ Platform Operator Init App 1.7.0-SNAPSHOT] Pod reconciler is scheduled (interval: 5000 ms)
2025-01-29 13:19:29,034 INFO c.h.h.t.HelmChartContainer - [test-hivemq-platform] [hivemq] [99798792] INFO  - [HiveMQ Platform Operator Init App 1.7.0-SNAPSHOT] Starting the REST API on 10.42.0.6:7979
2025-01-29 13:19:29,038 INFO c.h.h.t.HelmChartContainer - [test-hivemq-platform] [hivemq] [99798792] INFO  - [HiveMQ Platform Operator Init App 1.7.0-SNAPSHOT] Waiting up to 600s for at most 1 HiveMQ nodes in cluster service hivemq-test-hivemq-platform-cluster.helmcustomconfigit.svc
2025-01-29 13:19:29,151 INFO c.h.h.t.HelmChartContainer - [test-hivemq-platform] [hivemq] [99798792] INFO  - [HiveMQ Platform Operator Init App 1.7.0-SNAPSHOT] Resolved 1 IP addresses: [10.42.0.6]
2025-01-29 13:19:29,152 INFO c.h.h.t.HelmChartContainer - [test-hivemq-platform] [hivemq] [99798792] INFO  - [HiveMQ Platform Operator Init App 1.7.0-SNAPSHOT] HiveMQ node count of 1 is within threshold of 1
2025-01-29 13:19:29,152 INFO c.h.h.t.HelmChartContainer - [test-hivemq-platform] [hivemq] [99798792] INFO  - [HiveMQ Platform Operator Init App 1.7.0-SNAPSHOT] Proceeding with container start
2025-01-29 13:19:29,178 INFO c.h.h.t.HelmChartContainer - [test-hivemq-platform] [hivemq] [99798792] INFO  - [HiveMQ Platform Operator Init App 1.7.0-SNAPSHOT] Initializing HiveMQ Platform extensions with initial configuration: {hivemq-allow-all-extension={start-priority=-1, skip-https-hostname-verification=false, restart=true, config-version=0, header-version=0, c-uri=, priority=-1, uri=preinstalled, skip-https-certificate-validation=false, enabled=true}, hivemq-prometheus-extension={request-header-path=no-request-headers, uri=preinstalled, skip-https-certificate-validation=false, skip-https-hostname-verification=false, c-uri=, start-priority=-1, priority=-1, restart=true, enabled=true}}
2025-01-29 13:19:29,387 INFO c.h.h.t.HelmChartContainer - [test-hivemq-platform] [hivemq] [99798792] INFO  - [HiveMQ Platform Operator Init App 1.7.0-SNAPSHOT] Extension hivemq-allow-all-extension was already enabled
2025-01-29 13:19:29,398 INFO c.h.h.t.HelmChartContainer - [test-hivemq-platform] [hivemq] [99798792] INFO  - [HiveMQ Platform Operator Init App 1.7.0-SNAPSHOT] Successfully enabled extension hivemq-prometheus-extension
2025-01-29 13:19:29,409 INFO c.h.h.t.HelmChartContainer - [test-hivemq-platform] [hivemq] [99798792] INFO  - [HiveMQ Platform Operator Init App 1.7.0-SNAPSHOT] Starting HiveMQ Platform version 4.36.0 (4.36.0)
2025-01-29 13:19:29,410 INFO c.h.h.t.HelmChartContainer - [test-hivemq-platform] [hivemq] [99798792] INFO  - [HiveMQ Platform Operator Init App 1.7.0-SNAPSHOT] Configuring the HiveMQ Platform
2025-01-29 13:19:29,423 INFO c.h.h.t.HelmChartContainer - [test-hivemq-platform] [hivemq] [99798792] INFO  - [HiveMQ Platform Operator Init App 1.7.0-SNAPSHOT] Changed logback.xml file scan period to 20 seconds
2025-01-29 13:19:29,438 INFO c.h.h.t.HelmChartContainer - [test-hivemq-platform] [hivemq] [99798792] INFO  - [HiveMQ Platform Operator Init App 1.7.0-SNAPSHOT] Starting the HiveMQ Platform
2025-01-29 13:19:29,442 INFO c.h.h.t.HelmChartContainer - [test-hivemq-platform] [hivemq] [99798792] -------------------------------------------------------------------------
2025-01-29 13:19:29,444 INFO c.h.h.t.HelmChartContainer - [test-hivemq-platform] [hivemq] [99798792] 
2025-01-29 13:19:29,444 INFO c.h.h.t.HelmChartContainer - [test-hivemq-platform] [hivemq] [99798792]                   _    _  _              __  __   ____
2025-01-29 13:19:29,444 INFO c.h.h.t.HelmChartContainer - [test-hivemq-platform] [hivemq] [99798792]                  | |  | |(_)            |  \/  | / __ \
2025-01-29 13:19:29,444 INFO c.h.h.t.HelmChartContainer - [test-hivemq-platform] [hivemq] [99798792]                  | |__| | _ __   __ ___ | \  / || |  | |
2025-01-29 13:19:29,445 INFO c.h.h.t.HelmChartContainer - [test-hivemq-platform] [hivemq] [99798792]                  |  __  || |\ \ / // _ \| |\/| || |  | |
2025-01-29 13:19:29,445 INFO c.h.h.t.HelmChartContainer - [test-hivemq-platform] [hivemq] [99798792]                  | |  | || | \ V /|  __/| |  | || |__| |
2025-01-29 13:19:29,445 INFO c.h.h.t.HelmChartContainer - [test-hivemq-platform] [hivemq] [99798792]                  |_|  |_||_|  \_/  \___||_|  |_| \___\_\
2025-01-29 13:19:29,445 INFO c.h.h.t.HelmChartContainer - [test-hivemq-platform] [hivemq] [99798792] 
2025-01-29 13:19:29,445 INFO c.h.h.t.HelmChartContainer - [test-hivemq-platform] [hivemq] [99798792] -------------------------------------------------------------------------
2025-01-29 13:19:29,445 INFO c.h.h.t.HelmChartContainer - [test-hivemq-platform] [hivemq] [99798792] 
2025-01-29 13:19:29,445 INFO c.h.h.t.HelmChartContainer - [test-hivemq-platform] [hivemq] [99798792]   HiveMQ Start Script for Linux/Unix v1.14
2025-01-29 13:19:29,445 INFO c.h.h.t.HelmChartContainer - [test-hivemq-platform] [hivemq] [99798792] 
2025-01-29 13:19:29,477 INFO c.h.h.t.HelmChartContainer - [test-hivemq-platform] [hivemq] [99798792] -------------------------------------------------------------------------
2025-01-29 13:19:29,477 INFO c.h.h.t.HelmChartContainer - [test-hivemq-platform] [hivemq] [99798792] 
2025-01-29 13:19:29,477 INFO c.h.h.t.HelmChartContainer - [test-hivemq-platform] [hivemq] [99798792]   HIVEMQ_HOME: /opt/hivemq
2025-01-29 13:19:29,477 INFO c.h.h.t.HelmChartContainer - [test-hivemq-platform] [hivemq] [99798792] 
2025-01-29 13:19:29,477 INFO c.h.h.t.HelmChartContainer - [test-hivemq-platform] [hivemq] [99798792]   JAVA_OPTS: -XX:+UnlockExperimentalVMOptions -XX:+UseNUMA -Djava.net.preferIPv4Stack=true --add-opens java.base/java.lang=ALL-UNNAMED --add-opens java.base/java.nio=ALL-UNNAMED --add-opens java.base/sun.nio.ch=ALL-UNNAMED --add-opens jdk.management/com.sun.management.internal=ALL-UNNAMED --add-exports java.base/jdk.internal.misc=ALL-UNNAMED -Djava.security.egd=file:/dev/./urandom -Dcom.sun.management.jmxremote -Dcom.sun.management.jmxremote.port=9010 -Dcom.sun.management.jmxremote.local.only=false -Dcom.sun.management.jmxremote.authenticate=false -Dcom.sun.management.jmxremote.ssl=false -Duser.language=en -Duser.region=US -XX:+CrashOnOutOfMemoryError -XX:+HeapDumpOnOutOfMemoryError
2025-01-29 13:19:29,477 INFO c.h.h.t.HelmChartContainer - [test-hivemq-platform] [hivemq] [99798792] 
2025-01-29 13:19:29,477 INFO c.h.h.t.HelmChartContainer - [test-hivemq-platform] [hivemq] [99798792]   JAVA_VERSION: 21
2025-01-29 13:19:29,477 INFO c.h.h.t.HelmChartContainer - [test-hivemq-platform] [hivemq] [99798792] 
2025-01-29 13:19:29,478 INFO c.h.h.t.HelmChartContainer - [test-hivemq-platform] [hivemq] [99798792] -------------------------------------------------------------------------
2025-01-29 13:19:29,478 INFO c.h.h.t.HelmChartContainer - [test-hivemq-platform] [hivemq] [99798792] 
2025-01-29 13:19:30,236 INFO c.h.h.t.HelmChartContainer - [test-hivemq-platform] [hivemq] [99798792] INFO  - Starting HiveMQ Enterprise Server
2025-01-29 13:19:30,242 INFO c.h.h.t.HelmChartContainer - [test-hivemq-platform] [hivemq] [99798792] INFO  - HiveMQ version: 4.36.0
2025-01-29 13:19:30,243 INFO c.h.h.t.HelmChartContainer - [test-hivemq-platform] [hivemq] [99798792] INFO  - HiveMQ home directory: /opt/hivemq
2025-01-29 13:19:30,243 INFO c.h.h.t.HelmChartContainer - [test-hivemq-platform] [hivemq] [99798792] INFO  - Log Configuration was overridden by /opt/hivemq/conf/logback.xml
2025-01-29 13:19:30,583 INFO c.h.h.t.HelmChartContainer - [test-hivemq-platform] [hivemq] [99798792] INFO  - Successfully loaded configuration from '/opt/hivemq/conf-k8s/config.xml'.
2025-01-29 13:19:30,666 INFO c.h.h.t.HelmChartContainer - [test-hivemq-platform] [hivemq] [99798792] INFO  - This node's ID is Uj3sd
2025-01-29 13:19:30,667 INFO c.h.h.t.HelmChartContainer - [test-hivemq-platform] [hivemq] [99798792] INFO  - Clustering is enabled
2025-01-29 13:19:33,637 INFO c.h.h.t.HelmChartContainer - [test-hivemq-platform] [hivemq] [99798792] INFO  - No valid license file found. Using trial license, restricted to 25 connections.
2025-01-29 13:19:34,745 INFO c.h.h.t.HelmChartContainer - [test-hivemq-platform] [hivemq] [99798792] WARN  - [HiveMQ Platform Operator Init App 1.7.0-SNAPSHOT] Cannot connect to Health API for readiness: null
2025-01-29 13:19:34,745 INFO c.h.h.t.HelmChartContainer - [test-hivemq-platform] [hivemq] [99798792] INFO  - [HiveMQ Platform Operator Init App 1.7.0-SNAPSHOT] Returning default Health API response 503 for readiness
2025-01-29 13:19:34,834 INFO c.h.h.t.HelmChartContainer - [EVENT] Warning [Unhealthy] Readiness probe failed: HTTP probe failed with statuscode: 503 [helmcustomconfigit:test-hivemq-platform-0]
2025-01-29 13:19:34,834 INFO c.h.h.t.HelmChartContainer - Received Unhealthy event for container hivemq in pod test-hivemq-platform-0 [99798792-663d-479b-bd1b-ea9861e15069]
2025-01-29 13:19:34,934 INFO c.h.h.t.HelmChartContainer - [test-hivemq-platform] [hivemq] [99798792] INFO  - No valid license file for Data Hub found. Using free license, restricted to 1 policy.
2025-01-29 13:19:35,173 INFO c.h.h.t.HelmChartContainer - [test-hivemq-platform] [hivemq] [99798792] INFO  - [HiveMQ Platform Operator Init App 1.7.0-SNAPSHOT] Updating Pod HiveMQ Platform Operator Init App version annotation (version: 1.7.0-SNAPSHOT)
2025-01-29 13:19:35,308 INFO c.h.h.t.HelmChartContainer - [POD] test-hivemq-platform-0 [99798792-663d-479b-bd1b-ea9861e15069] in helmcustomconfigit was MODIFIED
2025-01-29 13:19:35,314 INFO c.h.h.t.HelmChartContainer - [hivemq-test-hivemq-platform] [hivemq-platform-operator] [6f2c49cd] 13:19:35.312 [pool-6-thread-5] DEBUG c.h.p.o.d.PlatformServiceResource - [helmcust] Desired Platform services (3 services)
2025-01-29 13:19:35,324 INFO c.h.h.t.HelmChartContainer - [hivemq-test-hivemq-platform] [hivemq-platform-operator] [6f2c49cd] 13:19:35.320 [pool-6-thread-6] DEBUG c.h.p.o.dependants.PodInfoConfigMap - [helmcust] Desired PodInfo ConfigMap (1 extensions) (1 enabled)
2025-01-29 13:19:35,324 INFO c.h.h.t.HelmChartContainer - [hivemq-test-hivemq-platform] [hivemq-platform-operator] [6f2c49cd] 13:19:35.320 [pool-6-thread-6] DEBUG c.h.p.o.dependants.PodInfoConfigMap - [helmcust] Desired PodInfo ConfigMap (metrics port: 9399) (metrics path: /)
2025-01-29 13:19:35,324 INFO c.h.h.t.HelmChartContainer - [hivemq-test-hivemq-platform] [hivemq-platform-operator] [6f2c49cd] 13:19:35.320 [pool-6-thread-6] DEBUG c.h.p.o.dependants.PodInfoConfigMap - [helmcust] Desired PodInfo ConfigMap (extension state hash: -1817474005)
2025-01-29 13:19:35,329 INFO c.h.h.t.HelmChartContainer - [hivemq-test-hivemq-platform] [hivemq-platform-operator] [6f2c49cd] 13:19:35.316 [pool-6-thread-3] DEBUG c.h.p.o.d.PodServiceAccountResource - [helmcust] Desired PodServiceAccountResource (serviceAccountName: hivemq-platform-pod-test-hivemq-platform)
2025-01-29 13:19:35,335 INFO c.h.h.t.HelmChartContainer - [hivemq-test-hivemq-platform] [hivemq-platform-operator] [6f2c49cd] 13:19:35.333 [pool-6-thread-5] DEBUG c.h.p.o.d.StatefulSetResource - [helmcust] Desired StatefulSet (1 replicas) for status STARTING (READY)
2025-01-29 13:19:35,355 INFO c.h.h.t.HelmChartContainer - [test-hivemq-platform] [hivemq] [99798792] WARN  - [HiveMQ Platform Operator Init App 1.7.0-SNAPSHOT] Cannot connect to Health API for readiness: null
2025-01-29 13:19:35,362 INFO c.h.h.t.HelmChartContainer - [test-hivemq-platform] [hivemq] [99798792] INFO  - [HiveMQ Platform Operator Init App 1.7.0-SNAPSHOT] Successfully updated Pod HiveMQ Platform Operator Init App version annotation (version: 1.7.0-SNAPSHOT)
2025-01-29 13:19:35,363 INFO c.h.h.t.HelmChartContainer - [EVENT] Warning [Unhealthy] Readiness probe failed: HTTP probe failed with statuscode: 503 [helmcustomconfigit:test-hivemq-platform-0]
2025-01-29 13:19:35,363 INFO c.h.h.t.HelmChartContainer - Received Unhealthy event for container hivemq in pod test-hivemq-platform-0 [99798792-663d-479b-bd1b-ea9861e15069]
2025-01-29 13:19:35,372 INFO c.h.h.t.HelmChartContainer - [test-hivemq-platform] [hivemq] [99798792] INFO  - Audit Logger started.
2025-01-29 13:19:35,402 INFO c.h.h.t.HelmChartContainer - [hivemq-test-hivemq-platform] [hivemq-platform-operator] [6f2c49cd] 13:19:35.400 [ReconcilerExecutor-hivemq-controller-109] INFO  c.h.p.o.HiveMQPlatformReconciler - [helmcust] Reconciling HiveMQ Platform 'test-hivemq-platform' in namespace 'helmcustomconfigit'
2025-01-29 13:19:35,403 INFO c.h.h.t.HelmChartContainer - [hivemq-test-hivemq-platform] [hivemq-platform-operator] [6f2c49cd] 13:19:35.400 [ReconcilerExecutor-hivemq-controller-109] DEBUG c.h.p.o.HiveMQPlatformReconciler - [helmcust] Custom Resource Status STARTING - HiveMQ Platform is starting (READY)
2025-01-29 13:19:35,403 INFO c.h.h.t.HelmChartContainer - [hivemq-test-hivemq-platform] [hivemq-platform-operator] [6f2c49cd] 13:19:35.400 [ReconcilerExecutor-hivemq-controller-109] DEBUG c.h.p.o.HiveMQPlatformReconciler - [helmcust] Custom Resource Spec (replicas: 1) (extensions: 1)
2025-01-29 13:19:35,403 INFO c.h.h.t.HelmChartContainer - [hivemq-test-hivemq-platform] [hivemq-platform-operator] [6f2c49cd] 13:19:35.402 [ReconcilerExecutor-hivemq-controller-109] DEBUG c.h.p.o.HiveMQPlatformReconciler - [helmcust] StatefulSet Status (revision: test-hivemq-platform-66fd65f559, replicas: 1, available: 0, ready: 0, current: 1, updated: 1)
2025-01-29 13:19:35,405 INFO c.h.h.t.HelmChartContainer - [hivemq-test-hivemq-platform] [hivemq-platform-operator] [6f2c49cd] 13:19:35.403 [ReconcilerExecutor-hivemq-controller-109] DEBUG c.h.p.o.HiveMQPlatformReconciler - [helmcust] StatefulSet Spec (replicas: 1, init containers: 1, containers: 1, volumes: 3)
2025-01-29 13:19:35,407 INFO c.h.h.t.HelmChartContainer - [hivemq-test-hivemq-platform] [hivemq-platform-operator] [6f2c49cd] 13:19:35.406 [ReconcilerExecutor-hivemq-controller-109] DEBUG c.h.p.o.h.HiveMQPlatformReconcilerErrorHandler - [helmcust] Pod 'test-hivemq-platform-0' phase Running
2025-01-29 13:19:35,409 INFO c.h.h.t.HelmChartContainer - [hivemq-test-hivemq-platform] [hivemq-platform-operator] [6f2c49cd] 13:19:35.408 [ReconcilerExecutor-hivemq-controller-109] INFO  c.h.p.o.h.HiveMQPlatformReconcilerBaseHandler - [helmcust] HiveMQ Platform is starting, 0 of 1 replicas are ready
2025-01-29 13:19:35,444 INFO c.h.h.t.HelmChartContainer - [test-hivemq-platform] [hivemq] [99798792] INFO  - This node uses '4' CPU cores.
2025-01-29 13:19:35,451 INFO c.h.h.t.HelmChartContainer - [test-hivemq-platform] [hivemq] [99798792] INFO  - Starting HiveMQ Health API on address 0.0.0.0 and port 8889
2025-01-29 13:19:35,641 INFO c.h.h.t.HelmChartContainer - [test-hivemq-platform] [hivemq] [99798792] INFO  - Started HiveMQ Health API in 190ms
2025-01-29 13:19:35,851 INFO c.h.h.t.HelmChartContainer - [test-hivemq-platform] [hivemq] [99798792] INFO  - Starting HiveMQ extension system.
2025-01-29 13:19:35,895 INFO c.h.h.t.HelmChartContainer - [test-hivemq-platform] [hivemq] [99798792] INFO  - Starting extension with id "hivemq-dns-cluster-discovery" at /opt/hivemq/extensions/hivemq-dns-cluster-discovery
2025-01-29 13:19:35,976 INFO c.h.h.t.HelmChartContainer - [test-hivemq-platform] [hivemq] [99798792] INFO  - Extension "DNS Cluster Discovery Extension" version 4.3.2 started successfully.
2025-01-29 13:19:35,977 INFO c.h.h.t.HelmChartContainer - [test-hivemq-platform] [hivemq] [99798792] INFO  - Starting extension with id "hivemq-prometheus-extension" at /opt/hivemq/extensions/hivemq-prometheus-extension
2025-01-29 13:19:35,989 INFO c.h.h.t.HelmChartContainer - [test-hivemq-platform] [hivemq] [99798792] INFO  - Using TCP cluster transport on address 10.42.0.6 and port 7000
2025-01-29 13:19:35,997 INFO c.h.h.t.HelmChartContainer - [test-hivemq-platform] [hivemq] [99798792] INFO  - Using extension cluster discovery
2025-01-29 13:19:36,119 INFO c.h.h.t.HelmChartContainer - [test-hivemq-platform] [hivemq] [99798792] INFO  - Started Jetty Server exposing Prometheus Servlet on URI http://0.0.0.0:9399/
2025-01-29 13:19:36,121 INFO c.h.h.t.HelmChartContainer - [test-hivemq-platform] [hivemq] [99798792] INFO  - Extension "Prometheus Monitoring Extension" version 4.0.12 started successfully.
2025-01-29 13:19:36,121 INFO c.h.h.t.HelmChartContainer - [test-hivemq-platform] [hivemq] [99798792] INFO  - Starting extension with id "hivemq-allow-all-extension" at /opt/hivemq/extensions/hivemq-allow-all-extension
2025-01-29 13:19:36,122 INFO c.h.h.t.HelmChartContainer - [test-hivemq-platform] [hivemq] [99798792] WARN  - 
2025-01-29 13:19:36,122 INFO c.h.h.t.HelmChartContainer - [test-hivemq-platform] [hivemq] [99798792] ################################################################################################################
2025-01-29 13:19:36,122 INFO c.h.h.t.HelmChartContainer - [test-hivemq-platform] [hivemq] [99798792] # This HiveMQ deployment is not secure! You are lacking Authentication and Authorization.                      #
2025-01-29 13:19:36,122 INFO c.h.h.t.HelmChartContainer - [test-hivemq-platform] [hivemq] [99798792] # Right now any MQTT client can connect to the broker with a full set of permissions.                          #
2025-01-29 13:19:36,122 INFO c.h.h.t.HelmChartContainer - [test-hivemq-platform] [hivemq] [99798792] # For production usage, add an appropriate security extension and remove the hivemq-allow-all extension.       #
2025-01-29 13:19:36,122 INFO c.h.h.t.HelmChartContainer - [test-hivemq-platform] [hivemq] [99798792] # You can download security extensions from the HiveMQ Marketplace (https://www.hivemq.com/extensions/).       #
2025-01-29 13:19:36,122 INFO c.h.h.t.HelmChartContainer - [test-hivemq-platform] [hivemq] [99798792] ################################################################################################################
2025-01-29 13:19:36,122 INFO c.h.h.t.HelmChartContainer - [test-hivemq-platform] [hivemq] [99798792] INFO  - Extension "Allow All Extension" version 1.1.1 started successfully.
2025-01-29 13:19:38,137 INFO c.h.h.t.HelmChartContainer - [test-hivemq-platform] [hivemq] [99798792] INFO  - Uj3sd: no members discovered after 2062 ms: creating cluster as first member
2025-01-29 13:19:38,146 INFO c.h.h.t.HelmChartContainer - [test-hivemq-platform] [hivemq] [99798792] INFO  - Cluster nodes found by discovery: [Uj3sd|0] (1) [Uj3sd].
2025-01-29 13:19:38,171 INFO c.h.h.t.HelmChartContainer - [test-hivemq-platform] [hivemq] [99798792] WARN  - No user for HiveMQ Control Center configured. Starting with default user
2025-01-29 13:19:38,171 INFO c.h.h.t.HelmChartContainer - [test-hivemq-platform] [hivemq] [99798792] INFO  - Starting HiveMQ Control Center on address 0.0.0.0 and port 8080
2025-01-29 13:19:38,184 INFO c.h.h.t.HelmChartContainer - [test-hivemq-platform] [hivemq] [99798792] INFO  - Mounting HiveMQ Control Center V2 Preview
2025-01-29 13:19:38,333 INFO c.h.h.t.HelmChartContainer - [test-hivemq-platform] [hivemq] [99798792] INFO  - Started HiveMQ Control Center in 162ms
2025-01-29 13:19:38,349 INFO c.h.h.t.HelmChartContainer - [test-hivemq-platform] [hivemq] [99798792] INFO  - Starting TCP listener on address 0.0.0.0 and port 1883
2025-01-29 13:19:38,376 INFO c.h.h.t.HelmChartContainer - [test-hivemq-platform] [hivemq] [99798792] INFO  - Started TCP Listener on address 0.0.0.0 and on port 1883.
2025-01-29 13:19:38,376 INFO c.h.h.t.HelmChartContainer - [test-hivemq-platform] [hivemq] [99798792] INFO  - Started HiveMQ in 8249ms
2025-01-29 13:19:40,432 INFO c.h.h.t.HelmChartContainer - [test-hivemq-platform] [hivemq] [99798792] INFO  - [HiveMQ Platform Operator Init App 1.7.0-SNAPSHOT] Returning Health API response 200 for readiness
2025-01-29 13:19:40,452 INFO c.h.h.t.HelmChartContainer - [POD] test-hivemq-platform-0 [99798792-663d-479b-bd1b-ea9861e15069] in helmcustomconfigit was MODIFIED
2025-01-29 13:19:40,477 INFO c.h.h.t.HelmChartContainer - [hivemq-test-hivemq-platform] [hivemq-platform-operator] [6f2c49cd] 13:19:40.463 [pool-6-thread-14] DEBUG c.h.p.o.d.PlatformServiceResource - [helmcust] Desired Platform services (3 services)
2025-01-29 13:19:40,477 INFO c.h.h.t.HelmChartContainer - [hivemq-test-hivemq-platform] [hivemq-platform-operator] [6f2c49cd] 13:19:40.465 [pool-6-thread-17] DEBUG c.h.p.o.d.PodServiceAccountResource - [helmcust] Desired PodServiceAccountResource (serviceAccountName: hivemq-platform-pod-test-hivemq-platform)
2025-01-29 13:19:40,478 INFO c.h.h.t.HelmChartContainer - [hivemq-test-hivemq-platform] [hivemq-platform-operator] [6f2c49cd] 13:19:40.475 [pool-6-thread-11] DEBUG c.h.p.o.dependants.PodInfoConfigMap - [helmcust] Desired PodInfo ConfigMap (1 extensions) (1 enabled)
2025-01-29 13:19:40,478 INFO c.h.h.t.HelmChartContainer - [hivemq-test-hivemq-platform] [hivemq-platform-operator] [6f2c49cd] 13:19:40.476 [pool-6-thread-11] DEBUG c.h.p.o.dependants.PodInfoConfigMap - [helmcust] Desired PodInfo ConfigMap (metrics port: 9399) (metrics path: /)
2025-01-29 13:19:40,478 INFO c.h.h.t.HelmChartContainer - [hivemq-test-hivemq-platform] [hivemq-platform-operator] [6f2c49cd] 13:19:40.476 [pool-6-thread-11] DEBUG c.h.p.o.dependants.PodInfoConfigMap - [helmcust] Desired PodInfo ConfigMap (extension state hash: -1817474005)
2025-01-29 13:19:40,482 INFO c.h.h.t.HelmChartContainer - [hivemq-test-hivemq-platform] [hivemq-platform-operator] [6f2c49cd] 13:19:40.482 [pool-6-thread-11] DEBUG c.h.p.o.d.StatefulSetResource - [helmcust] Desired StatefulSet (1 replicas) for status STARTING (READY)
2025-01-29 13:19:40,495 INFO c.h.h.t.HelmChartContainer - [hivemq-test-hivemq-platform] [hivemq-platform-operator] [6f2c49cd] 13:19:40.492 [ReconcilerExecutor-hivemq-controller-110] INFO  c.h.p.o.HiveMQPlatformReconciler - [helmcust] Reconciling HiveMQ Platform 'test-hivemq-platform' in namespace 'helmcustomconfigit'
2025-01-29 13:19:40,495 INFO c.h.h.t.HelmChartContainer - [hivemq-test-hivemq-platform] [hivemq-platform-operator] [6f2c49cd] 13:19:40.492 [ReconcilerExecutor-hivemq-controller-110] DEBUG c.h.p.o.HiveMQPlatformReconciler - [helmcust] Custom Resource Status STARTING - HiveMQ Platform is starting (READY)
2025-01-29 13:19:40,495 INFO c.h.h.t.HelmChartContainer - [hivemq-test-hivemq-platform] [hivemq-platform-operator] [6f2c49cd] 13:19:40.493 [ReconcilerExecutor-hivemq-controller-110] DEBUG c.h.p.o.HiveMQPlatformReconciler - [helmcust] Custom Resource Spec (replicas: 1) (extensions: 1)
2025-01-29 13:19:40,510 INFO c.h.h.t.HelmChartContainer - [hivemq-test-hivemq-platform] [hivemq-platform-operator] [6f2c49cd] 13:19:40.503 [ReconcilerExecutor-hivemq-controller-110] DEBUG c.h.p.o.HiveMQPlatformReconciler - [helmcust] StatefulSet Status (revision: test-hivemq-platform-66fd65f559, replicas: 1, available: 1, ready: 1, current: 1, updated: 1)
2025-01-29 13:19:40,510 INFO c.h.h.t.HelmChartContainer - [hivemq-test-hivemq-platform] [hivemq-platform-operator] [6f2c49cd] 13:19:40.503 [ReconcilerExecutor-hivemq-controller-110] DEBUG c.h.p.o.HiveMQPlatformReconciler - [helmcust] StatefulSet Spec (replicas: 1, init containers: 1, containers: 1, volumes: 3)
2025-01-29 13:19:40,514 INFO c.h.h.t.HelmChartContainer - [hivemq-test-hivemq-platform] [hivemq-platform-operator] [6f2c49cd] 13:19:40.508 [ReconcilerExecutor-hivemq-controller-110] DEBUG c.h.p.o.h.HiveMQPlatformReconcilerErrorHandler - [helmcust] Pod 'test-hivemq-platform-0' phase Running
2025-01-29 13:19:40,518 INFO c.h.h.t.HelmChartContainer - [hivemq-test-hivemq-platform] [hivemq-platform-operator] [6f2c49cd] 13:19:40.509 [ReconcilerExecutor-hivemq-controller-110] INFO  c.h.p.o.h.HiveMQPlatformReconcilerBaseHandler - [helmcust] HiveMQ Platform started successfully
2025-01-29 13:19:40,607 INFO c.h.h.t.HelmChartContainer - [hivemq-test-hivemq-platform] [hivemq-platform-operator] [6f2c49cd] 13:19:40.606 [ReconcilerExecutor-hivemq-controller-110] DEBUG c.h.p.operator.event.EventSender - [helmcust] Creating K8s event hivemq-platform-ready: [Ready] HiveMQ Platform is ready
2025-01-29 13:19:40,612 INFO c.h.h.t.HelmChartContainer - [EVENT] Normal [Ready] HiveMQ Platform is ready [helmcustomconfigit:test-hivemq-platform]
2025-01-29 13:19:40,676 INFO c.h.h.t.HelmChartContainer - [hivemq-test-hivemq-platform] [hivemq-platform-operator] [6f2c49cd] 13:19:40.674 [ReconcilerExecutor-hivemq-controller-110] INFO  c.h.p.o.h.AbstractHiveMQReconcilerStateHandler - [helmcust] Update HiveMQ Platform Status (STARTING [READY] -> RUNNING [READY]): HiveMQ Platform is ready
2025-01-29 13:19:40,685 DEBUG com.hivemq.helmcharts.util.K8sUtil - Comparing actual state 'RUNNING' and waiting for 'RUNNING'
2025-01-29 13:19:40,692 INFO c.h.h.t.HelmChartContainer - [hivemq-test-hivemq-platform] [hivemq-platform-operator] [6f2c49cd] 13:19:40.690 [pool-6-thread-23] DEBUG c.h.p.o.d.PlatformServiceResource - [helmcust] Desired Platform services (3 services)
2025-01-29 13:19:40,704 INFO c.h.h.t.HelmChartContainer - [hivemq-test-hivemq-platform] [hivemq-platform-operator] [6f2c49cd] 13:19:40.701 [pool-6-thread-27] DEBUG c.h.p.o.dependants.PodInfoConfigMap - [helmcust] Desired PodInfo ConfigMap (1 extensions) (1 enabled)
2025-01-29 13:19:40,704 INFO c.h.h.t.HelmChartContainer - [hivemq-test-hivemq-platform] [hivemq-platform-operator] [6f2c49cd] 13:19:40.701 [pool-6-thread-27] DEBUG c.h.p.o.dependants.PodInfoConfigMap - [helmcust] Desired PodInfo ConfigMap (metrics port: 9399) (metrics path: /)
2025-01-29 13:19:40,704 INFO c.h.h.t.HelmChartContainer - [hivemq-test-hivemq-platform] [hivemq-platform-operator] [6f2c49cd] 13:19:40.701 [pool-6-thread-27] DEBUG c.h.p.o.dependants.PodInfoConfigMap - [helmcust] Desired PodInfo ConfigMap (extension state hash: -1817474005)
2025-01-29 13:19:40,705 INFO c.h.h.t.HelmChartContainer - [hivemq-test-hivemq-platform] [hivemq-platform-operator] [6f2c49cd] 13:19:40.703 [pool-6-thread-27] DEBUG c.h.p.o.dependants.PodInfoConfigMap - [helmcust] Update PodInfo ConfigMap
2025-01-29 13:19:40,706 INFO c.h.h.t.HelmChartContainer - [hivemq-test-hivemq-platform] [hivemq-platform-operator] [6f2c49cd] 13:19:40.705 [pool-6-thread-29] DEBUG c.h.p.o.d.PodServiceAccountResource - [helmcust] Desired PodServiceAccountResource (serviceAccountName: hivemq-platform-pod-test-hivemq-platform)
2025-01-29 13:19:40,784 INFO c.h.h.t.HelmChartContainer - [hivemq-test-hivemq-platform] [hivemq-platform-operator] [6f2c49cd] 13:19:40.783 [pool-6-thread-27] DEBUG c.h.p.o.d.StatefulSetResource - [helmcust] Desired StatefulSet (1 replicas) for status RUNNING (READY)
2025-01-29 13:19:40,804 INFO c.h.h.t.HelmChartContainer - [hivemq-test-hivemq-platform] [hivemq-platform-operator] [6f2c49cd] 13:19:40.802 [ReconcilerExecutor-hivemq-controller-111] INFO  c.h.p.o.HiveMQPlatformReconciler - [helmcust] Reconciling HiveMQ Platform 'test-hivemq-platform' in namespace 'helmcustomconfigit'
2025-01-29 13:19:40,805 INFO c.h.h.t.HelmChartContainer - [hivemq-test-hivemq-platform] [hivemq-platform-operator] [6f2c49cd] 13:19:40.802 [ReconcilerExecutor-hivemq-controller-111] DEBUG c.h.p.o.HiveMQPlatformReconciler - [helmcust] Custom Resource Status RUNNING - HiveMQ Platform is ready (READY)
2025-01-29 13:19:40,805 INFO c.h.h.t.HelmChartContainer - [hivemq-test-hivemq-platform] [hivemq-platform-operator] [6f2c49cd] 13:19:40.802 [ReconcilerExecutor-hivemq-controller-111] DEBUG c.h.p.o.HiveMQPlatformReconciler - [helmcust] Custom Resource Spec (replicas: 1) (extensions: 1)
2025-01-29 13:19:40,806 INFO c.h.h.t.HelmChartContainer - [hivemq-test-hivemq-platform] [hivemq-platform-operator] [6f2c49cd] 13:19:40.804 [ReconcilerExecutor-hivemq-controller-111] DEBUG c.h.p.o.HiveMQPlatformReconciler - [helmcust] StatefulSet Status (revision: test-hivemq-platform-66fd65f559, replicas: 1, available: 1, ready: 1, current: 1, updated: 1)
2025-01-29 13:19:40,806 INFO c.h.h.t.HelmChartContainer - [hivemq-test-hivemq-platform] [hivemq-platform-operator] [6f2c49cd] 13:19:40.804 [ReconcilerExecutor-hivemq-controller-111] DEBUG c.h.p.o.HiveMQPlatformReconciler - [helmcust] StatefulSet Spec (replicas: 1, init containers: 1, containers: 1, volumes: 3)
2025-01-29 13:19:40,807 INFO c.h.h.t.HelmChartContainer - [hivemq-test-hivemq-platform] [hivemq-platform-operator] [6f2c49cd] 13:19:40.805 [ReconcilerExecutor-hivemq-controller-111] DEBUG c.h.p.o.h.HiveMQPlatformReconcilerErrorHandler - [helmcust] Pod 'test-hivemq-platform-0' phase Running
2025-01-29 13:19:42,731 INFO c.h.h.t.HelmChartContainer - Uninstalling release 'test-hivemq-platform' in namespace 'helmcustomconfigit'...
2025-01-29 13:19:42,731 DEBUG c.h.h.t.HelmChartContainer - Executing helm command: /bin/helm --kubeconfig /etc/rancher/k3s/k3s.yaml uninstall test-hivemq-platform  --wait --timeout 5m0s --cascade foreground --namespace helmcustomconfigit
2025-01-29 13:19:42,925 INFO c.h.h.t.HelmChartContainer - [hivemq-test-hivemq-platform] [hivemq-platform-operator] [6f2c49cd] 13:19:42.916 [pool-6-thread-38] DEBUG c.h.p.o.d.PlatformServiceResource - [helmcust] Desired Platform services (3 services)
2025-01-29 13:19:42,929 INFO c.h.h.t.HelmChartContainer - [hivemq-test-hivemq-platform] [hivemq-platform-operator] [6f2c49cd] 13:19:42.922 [pool-6-thread-38] DEBUG c.h.p.o.dependants.PodInfoConfigMap - [helmcust] Desired PodInfo ConfigMap (1 extensions) (1 enabled)
2025-01-29 13:19:42,929 INFO c.h.h.t.HelmChartContainer - [hivemq-test-hivemq-platform] [hivemq-platform-operator] [6f2c49cd] 13:19:42.922 [pool-6-thread-38] DEBUG c.h.p.o.dependants.PodInfoConfigMap - [helmcust] Desired PodInfo ConfigMap (metrics port: 9399) (metrics path: /)
2025-01-29 13:19:42,931 INFO c.h.h.t.HelmChartContainer - [hivemq-test-hivemq-platform] [hivemq-platform-operator] [6f2c49cd] 13:19:42.922 [pool-6-thread-38] DEBUG c.h.p.o.dependants.PodInfoConfigMap - [helmcust] Desired PodInfo ConfigMap (extension state hash: -1817474005)
2025-01-29 13:19:42,931 INFO c.h.h.t.HelmChartContainer - [hivemq-test-hivemq-platform] [hivemq-platform-operator] [6f2c49cd] 13:19:42.926 [pool-6-thread-33] DEBUG c.h.p.o.d.PodServiceAccountResource - [helmcust] Desired PodServiceAccountResource (serviceAccountName: hivemq-platform-pod-test-hivemq-platform)
2025-01-29 13:19:43,008 INFO c.h.h.t.HelmChartContainer - [hivemq-test-hivemq-platform] [hivemq-platform-operator] [6f2c49cd] 13:19:43.002 [pool-6-thread-38] DEBUG c.h.p.o.d.StatefulSetResource - [helmcust] Desired StatefulSet (1 replicas) for status RUNNING (READY)
2025-01-29 13:19:43,011 INFO c.h.h.t.HelmChartContainer - [hivemq-test-hivemq-platform] [hivemq-platform-operator] [6f2c49cd] 13:19:43.008 [pool-6-thread-38] DEBUG c.h.p.o.d.StatefulSetResource - [helmcust] Update StatefulSet (replicas: 1 -> 1)
2025-01-29 13:19:43,011 INFO c.h.h.t.HelmChartContainer - [hivemq-test-hivemq-platform] [hivemq-platform-operator] [6f2c49cd] 13:19:43.010 [pool-6-thread-38] DEBUG c.h.p.o.d.StatefulSetResource - [helmcust] Detected change in StatefulSet specification (path: /template/metadata/annotations/kubernetes-resource-versions) (actual value: {broker-configuration-v2=-2089688360}) (target value: {broker-configuration-v2=0})
2025-01-29 13:19:43,011 INFO c.h.h.t.HelmChartContainer - [hivemq-test-hivemq-platform] [hivemq-platform-operator] [6f2c49cd] 13:19:43.011 [pool-6-thread-38] INFO  c.h.p.o.d.StatefulSetResource - [helmcust] StatefulSet spec was updated, triggering rolling restart
2025-01-29 13:19:43,120 INFO c.h.h.t.HelmChartContainer - [hivemq-test-hivemq-platform] [hivemq-platform-operator] [6f2c49cd] 13:19:43.115 [ReconcilerExecutor-hivemq-controller-112] INFO  c.h.p.o.HiveMQPlatformReconciler - [helmcust] Reconciling HiveMQ Platform 'test-hivemq-platform' in namespace 'helmcustomconfigit'
2025-01-29 13:19:43,120 INFO c.h.h.t.HelmChartContainer - [hivemq-test-hivemq-platform] [hivemq-platform-operator] [6f2c49cd] 13:19:43.115 [ReconcilerExecutor-hivemq-controller-112] DEBUG c.h.p.o.HiveMQPlatformReconciler - [helmcust] Custom Resource Status RUNNING - HiveMQ Platform is ready (READY) (reconciliation requests: ROLLING_RESTART, REQUESTS_UPDATED)
2025-01-29 13:19:43,120 INFO c.h.h.t.HelmChartContainer - [hivemq-test-hivemq-platform] [hivemq-platform-operator] [6f2c49cd] 13:19:43.115 [ReconcilerExecutor-hivemq-controller-112] DEBUG c.h.p.o.HiveMQPlatformReconciler - [helmcust] Custom Resource Spec (replicas: 1) (extensions: 1)
2025-01-29 13:19:43,120 INFO c.h.h.t.HelmChartContainer - [hivemq-test-hivemq-platform] [hivemq-platform-operator] [6f2c49cd] 13:19:43.116 [ReconcilerExecutor-hivemq-controller-112] WARN  c.h.p.o.h.HiveMQPlatformReconcilerErrorHandler - [helmcust] Could not find ConfigMap 'hivemq-configuration-test-hivemq-platform' for HiveMQ Platform configuration
2025-01-29 13:19:43,214 INFO c.h.h.t.HelmChartContainer - [hivemq-test-hivemq-platform] [hivemq-platform-operator] [6f2c49cd] 13:19:43.212 [ReconcilerExecutor-hivemq-controller-112] DEBUG c.h.p.operator.event.EventSender - [helmcust] Creating K8s event hivemq-platform-invalid-configuration: [Start] Could not find ConfigMap 'hivemq-configuration-test-hivemq-platform' for HiveMQ Platform configuration
2025-01-29 13:19:43,218 INFO c.h.h.t.HelmChartContainer - [EVENT] Warning [Start] Could not find ConfigMap 'hivemq-configuration-test-hivemq-platform' for HiveMQ Platform configuration [helmcustomconfigit:test-hivemq-platform]
2025-01-29 13:19:43,277 INFO c.h.h.t.HelmChartContainer - [hivemq-test-hivemq-platform] [hivemq-platform-operator] [6f2c49cd] 13:19:43.276 [ReconcilerExecutor-hivemq-controller-112] INFO  c.h.p.o.h.AbstractHiveMQReconcilerStateHandler - [helmcust] Update HiveMQ Platform Status (RUNNING [READY] -> ERROR [INVALID_CONFIG_MAP]): Could not find ConfigMap 'hivemq-configuration-test-hivemq-platform' for HiveMQ Platform configuration (reconciliation requests: ROLLING_RESTART)
2025-01-29 13:19:43,311 INFO c.h.h.t.HelmChartContainer - [hivemq-test-hivemq-platform] [hivemq-platform-operator] [6f2c49cd] 13:19:43.305 [ReconcilerExecutor-hivemq-controller-112] ERROR i.j.o.p.event.EventProcessor - Error during event processing ExecutionScope{ resource id: ResourceID{name='test-hivemq-platform', namespace='helmcustomconfigit'}, version: 588}
2025-01-29 13:19:43,311 INFO c.h.h.t.HelmChartContainer - [hivemq-test-hivemq-platform] [hivemq-platform-operator] [6f2c49cd] io.fabric8.kubernetes.client.KubernetesClientException: Failure executing: PUT at: https://10.43.0.1:443/apis/hivemq.com/v1/namespaces/helmcustomconfigit/hivemq-platforms/test-hivemq-platform/status. Message: Operation cannot be fulfilled on hivemq-platforms.hivemq.com "test-hivemq-platform": the object has been modified; please apply your changes to the latest version and try again. Received status: Status(apiVersion=v1, code=409, details=StatusDetails(causes=[], group=hivemq.com, kind=hivemq-platforms, name=test-hivemq-platform, retryAfterSeconds=null, uid=null, additionalProperties={}), kind=Status, message=Operation cannot be fulfilled on hivemq-platforms.hivemq.com "test-hivemq-platform": the object has been modified; please apply your changes to the latest version and try again, metadata=ListMeta(_continue=null, remainingItemCount=null, resourceVersion=null, selfLink=null, additionalProperties={}), reason=Conflict, status=Failure, additionalProperties={}).
2025-01-29 13:19:43,311 INFO c.h.h.t.HelmChartContainer - [hivemq-test-hivemq-platform] [hivemq-platform-operator] [6f2c49cd] 	at io.fabric8.kubernetes.client.KubernetesClientException.copyAsCause(KubernetesClientException.java:238)
2025-01-29 13:19:43,311 INFO c.h.h.t.HelmChartContainer - [hivemq-test-hivemq-platform] [hivemq-platform-operator] [6f2c49cd] 	at io.fabric8.kubernetes.client.dsl.internal.OperationSupport.waitForResult(OperationSupport.java:507)
2025-01-29 13:19:43,311 INFO c.h.h.t.HelmChartContainer - [hivemq-test-hivemq-platform] [hivemq-platform-operator] [6f2c49cd] 	at io.fabric8.kubernetes.client.dsl.internal.OperationSupport.handleResponse(OperationSupport.java:524)
2025-01-29 13:19:43,311 INFO c.h.h.t.HelmChartContainer - [hivemq-test-hivemq-platform] [hivemq-platform-operator] [6f2c49cd] 	at io.fabric8.kubernetes.client.dsl.internal.OperationSupport.handleUpdate(OperationSupport.java:358)
2025-01-29 13:19:43,311 INFO c.h.h.t.HelmChartContainer - [hivemq-test-hivemq-platform] [hivemq-platform-operator] [6f2c49cd] 	at io.fabric8.kubernetes.client.dsl.internal.BaseOperation.handleUpdate(BaseOperation.java:759)
2025-01-29 13:19:43,311 INFO c.h.h.t.HelmChartContainer - [hivemq-test-hivemq-platform] [hivemq-platform-operator] [6f2c49cd] 	at io.fabric8.kubernetes.client.dsl.internal.HasMetadataOperation.update(HasMetadataOperation.java:138)
2025-01-29 13:19:43,311 INFO c.h.h.t.HelmChartContainer - [hivemq-test-hivemq-platform] [hivemq-platform-operator] [6f2c49cd] 	at io.fabric8.kubernetes.client.dsl.internal.HasMetadataOperation.update(HasMetadataOperation.java:121)
2025-01-29 13:19:43,311 INFO c.h.h.t.HelmChartContainer - [hivemq-test-hivemq-platform] [hivemq-platform-operator] [6f2c49cd] 	at io.fabric8.kubernetes.client.dsl.internal.HasMetadataOperation.updateStatus(HasMetadataOperation.java:126)
2025-01-29 13:19:43,311 INFO c.h.h.t.HelmChartContainer - [hivemq-test-hivemq-platform] [hivemq-platform-operator] [6f2c49cd] 	at io.fabric8.kubernetes.client.dsl.internal.HasMetadataOperation.updateStatus(HasMetadataOperation.java:44)
2025-01-29 13:19:43,311 INFO c.h.h.t.HelmChartContainer - [hivemq-test-hivemq-platform] [hivemq-platform-operator] [6f2c49cd] 	at io.javaoperatorsdk.operator.processing.event.ReconciliationDispatcher$CustomResourceFacade.updateStatus(ReconciliationDispatcher.java:408)
2025-01-29 13:19:43,311 INFO c.h.h.t.HelmChartContainer - [hivemq-test-hivemq-platform] [hivemq-platform-operator] [6f2c49cd] 	at io.javaoperatorsdk.operator.processing.event.ReconciliationDispatcher.updateStatusGenerationAware(ReconciliationDispatcher.java:228)
2025-01-29 13:19:43,311 INFO c.h.h.t.HelmChartContainer - [hivemq-test-hivemq-platform] [hivemq-platform-operator] [6f2c49cd] 	at io.javaoperatorsdk.operator.processing.event.ReconciliationDispatcher.reconcileExecution(ReconciliationDispatcher.java:150)
2025-01-29 13:19:43,311 INFO c.h.h.t.HelmChartContainer - [hivemq-test-hivemq-platform] [hivemq-platform-operator] [6f2c49cd] 	at io.javaoperatorsdk.operator.processing.event.ReconciliationDispatcher.handleReconcile(ReconciliationDispatcher.java:117)
2025-01-29 13:19:43,311 INFO c.h.h.t.HelmChartContainer - [hivemq-test-hivemq-platform] [hivemq-platform-operator] [6f2c49cd] 	at io.javaoperatorsdk.operator.processing.event.ReconciliationDispatcher.handleDispatch(ReconciliationDispatcher.java:91)
2025-01-29 13:19:43,311 INFO c.h.h.t.HelmChartContainer - [hivemq-test-hivemq-platform] [hivemq-platform-operator] [6f2c49cd] 	at io.javaoperatorsdk.operator.processing.event.ReconciliationDispatcher.handleExecution(ReconciliationDispatcher.java:64)
2025-01-29 13:19:43,311 INFO c.h.h.t.HelmChartContainer - [hivemq-test-hivemq-platform] [hivemq-platform-operator] [6f2c49cd] 	at io.javaoperatorsdk.operator.processing.event.EventProcessor$ReconcilerExecutor.run(EventProcessor.java:452)
2025-01-29 13:19:43,311 INFO c.h.h.t.HelmChartContainer - [hivemq-test-hivemq-platform] [hivemq-platform-operator] [6f2c49cd] 	at java.base/java.util.concurrent.ThreadPoolExecutor.runWorker(Unknown Source)
2025-01-29 13:19:43,311 INFO c.h.h.t.HelmChartContainer - [hivemq-test-hivemq-platform] [hivemq-platform-operator] [6f2c49cd] 	at java.base/java.util.concurrent.ThreadPoolExecutor$Worker.run(Unknown Source)
2025-01-29 13:19:43,311 INFO c.h.h.t.HelmChartContainer - [hivemq-test-hivemq-platform] [hivemq-platform-operator] [6f2c49cd] 	at java.base/java.lang.Thread.run(Unknown Source)
2025-01-29 13:19:43,311 INFO c.h.h.t.HelmChartContainer - [hivemq-test-hivemq-platform] [hivemq-platform-operator] [6f2c49cd] Caused by: io.fabric8.kubernetes.client.KubernetesClientException: Failure executing: PUT at: https://10.43.0.1:443/apis/hivemq.com/v1/namespaces/helmcustomconfigit/hivemq-platforms/test-hivemq-platform/status. Message: Operation cannot be fulfilled on hivemq-platforms.hivemq.com "test-hivemq-platform": the object has been modified; please apply your changes to the latest version and try again. Received status: Status(apiVersion=v1, code=409, details=StatusDetails(causes=[], group=hivemq.com, kind=hivemq-platforms, name=test-hivemq-platform, retryAfterSeconds=null, uid=null, additionalProperties={}), kind=Status, message=Operation cannot be fulfilled on hivemq-platforms.hivemq.com "test-hivemq-platform": the object has been modified; please apply your changes to the latest version and try again, metadata=ListMeta(_continue=null, remainingItemCount=null, resourceVersion=null, selfLink=null, additionalProperties={}), reason=Conflict, status=Failure, additionalProperties={}).
2025-01-29 13:19:43,312 INFO c.h.h.t.HelmChartContainer - [hivemq-test-hivemq-platform] [hivemq-platform-operator] [6f2c49cd] 	at io.fabric8.kubernetes.client.dsl.internal.OperationSupport.requestFailure(OperationSupport.java:660)
2025-01-29 13:19:43,312 INFO c.h.h.t.HelmChartContainer - [hivemq-test-hivemq-platform] [hivemq-platform-operator] [6f2c49cd] 	at io.fabric8.kubernetes.client.dsl.internal.OperationSupport.requestFailure(OperationSupport.java:640)
2025-01-29 13:19:43,312 INFO c.h.h.t.HelmChartContainer - [hivemq-test-hivemq-platform] [hivemq-platform-operator] [6f2c49cd] 	at io.fabric8.kubernetes.client.dsl.internal.OperationSupport.assertResponseCode(OperationSupport.java:589)
2025-01-29 13:19:43,312 INFO c.h.h.t.HelmChartContainer - [hivemq-test-hivemq-platform] [hivemq-platform-operator] [6f2c49cd] 	at io.fabric8.kubernetes.client.dsl.internal.OperationSupport.lambda$handleResponse$0(OperationSupport.java:549)
2025-01-29 13:19:43,312 INFO c.h.h.t.HelmChartContainer - [hivemq-test-hivemq-platform] [hivemq-platform-operator] [6f2c49cd] 	at java.base/java.util.concurrent.CompletableFuture$UniApply.tryFire(Unknown Source)
2025-01-29 13:19:43,312 INFO c.h.h.t.HelmChartContainer - [hivemq-test-hivemq-platform] [hivemq-platform-operator] [6f2c49cd] 	at java.base/java.util.concurrent.CompletableFuture.postComplete(Unknown Source)
2025-01-29 13:19:43,312 INFO c.h.h.t.HelmChartContainer - [hivemq-test-hivemq-platform] [hivemq-platform-operator] [6f2c49cd] 	at java.base/java.util.concurrent.CompletableFuture.complete(Unknown Source)
2025-01-29 13:19:43,312 INFO c.h.h.t.HelmChartContainer - [hivemq-test-hivemq-platform] [hivemq-platform-operator] [6f2c49cd] 	at io.fabric8.kubernetes.client.http.StandardHttpClient.lambda$completeOrCancel$10(StandardHttpClient.java:141)
2025-01-29 13:19:43,312 INFO c.h.h.t.HelmChartContainer - [hivemq-test-hivemq-platform] [hivemq-platform-operator] [6f2c49cd] 	at java.base/java.util.concurrent.CompletableFuture.uniWhenComplete(Unknown Source)
2025-01-29 13:19:43,312 INFO c.h.h.t.HelmChartContainer - [hivemq-test-hivemq-platform] [hivemq-platform-operator] [6f2c49cd] 	at java.base/java.util.concurrent.CompletableFuture$UniWhenComplete.tryFire(Unknown Source)
2025-01-29 13:19:43,312 INFO c.h.h.t.HelmChartContainer - [hivemq-test-hivemq-platform] [hivemq-platform-operator] [6f2c49cd] 	at java.base/java.util.concurrent.CompletableFuture.postComplete(Unknown Source)
2025-01-29 13:19:43,312 INFO c.h.h.t.HelmChartContainer - [hivemq-test-hivemq-platform] [hivemq-platform-operator] [6f2c49cd] 	at java.base/java.util.concurrent.CompletableFuture.complete(Unknown Source)
2025-01-29 13:19:43,312 INFO c.h.h.t.HelmChartContainer - [hivemq-test-hivemq-platform] [hivemq-platform-operator] [6f2c49cd] 	at io.fabric8.kubernetes.client.http.ByteArrayBodyHandler.onBodyDone(ByteArrayBodyHandler.java:51)
2025-01-29 13:19:43,312 INFO c.h.h.t.HelmChartContainer - [hivemq-test-hivemq-platform] [hivemq-platform-operator] [6f2c49cd] 	at java.base/java.util.concurrent.CompletableFuture.uniWhenComplete(Unknown Source)
2025-01-29 13:19:43,312 INFO c.h.h.t.HelmChartContainer - [hivemq-test-hivemq-platform] [hivemq-platform-operator] [6f2c49cd] 	at java.base/java.util.concurrent.CompletableFuture$UniWhenComplete.tryFire(Unknown Source)
2025-01-29 13:19:43,312 INFO c.h.h.t.HelmChartContainer - [hivemq-test-hivemq-platform] [hivemq-platform-operator] [6f2c49cd] 	at java.base/java.util.concurrent.CompletableFuture.postComplete(Unknown Source)
2025-01-29 13:19:43,312 INFO c.h.h.t.HelmChartContainer - [hivemq-test-hivemq-platform] [hivemq-platform-operator] [6f2c49cd] 	at java.base/java.util.concurrent.CompletableFuture.complete(Unknown Source)
2025-01-29 13:19:43,312 INFO c.h.h.t.HelmChartContainer - [hivemq-test-hivemq-platform] [hivemq-platform-operator] [6f2c49cd] 	at io.fabric8.kubernetes.client.vertx.VertxHttpRequest.lambda$null$1(VertxHttpRequest.java:121)
2025-01-29 13:19:43,312 INFO c.h.h.t.HelmChartContainer - [hivemq-test-hivemq-platform] [hivemq-platform-operator] [6f2c49cd] 	at io.vertx.core.impl.ContextInternal.dispatch(ContextInternal.java:279)
2025-01-29 13:19:43,312 INFO c.h.h.t.HelmChartContainer - [hivemq-test-hivemq-platform] [hivemq-platform-operator] [6f2c49cd] 	at io.vertx.core.impl.ContextInternal.dispatch(ContextInternal.java:261)
2025-01-29 13:19:43,312 INFO c.h.h.t.HelmChartContainer - [hivemq-test-hivemq-platform] [hivemq-platform-operator] [6f2c49cd] 	at io.vertx.core.http.impl.HttpEventHandler.handleEnd(HttpEventHandler.java:76)
2025-01-29 13:19:43,312 INFO c.h.h.t.HelmChartContainer - [hivemq-test-hivemq-platform] [hivemq-platform-operator] [6f2c49cd] 	at io.vertx.core.http.impl.HttpClientResponseImpl.handleEnd(HttpClientResponseImpl.java:250)
2025-01-29 13:19:43,312 INFO c.h.h.t.HelmChartContainer - [hivemq-test-hivemq-platform] [hivemq-platform-operator] [6f2c49cd] 	at io.vertx.core.http.impl.Http1xClientConnection$StreamImpl.lambda$new$0(Http1xClientConnection.java:421)
2025-01-29 13:19:43,312 INFO c.h.h.t.HelmChartContainer - [hivemq-test-hivemq-platform] [hivemq-platform-operator] [6f2c49cd] 	at io.vertx.core.streams.impl.InboundBuffer.handleEvent(InboundBuffer.java:279)
2025-01-29 13:19:43,312 INFO c.h.h.t.HelmChartContainer - [hivemq-test-hivemq-platform] [hivemq-platform-operator] [6f2c49cd] 	at io.vertx.core.streams.impl.InboundBuffer.write(InboundBuffer.java:157)
2025-01-29 13:19:43,312 INFO c.h.h.t.HelmChartContainer - [hivemq-test-hivemq-platform] [hivemq-platform-operator] [6f2c49cd] 	at io.vertx.core.http.impl.Http1xClientConnection$StreamImpl.handleEnd(Http1xClientConnection.java:709)
2025-01-29 13:19:43,312 INFO c.h.h.t.HelmChartContainer - [hivemq-test-hivemq-platform] [hivemq-platform-operator] [6f2c49cd] 	at io.vertx.core.impl.ContextImpl.lambda$execute$4(ContextImpl.java:315)
2025-01-29 13:19:43,312 INFO c.h.h.t.HelmChartContainer - [hivemq-test-hivemq-platform] [hivemq-platform-operator] [6f2c49cd] 	at io.netty.util.concurrent.AbstractEventExecutor.runTask(AbstractEventExecutor.java:173)
2025-01-29 13:19:43,312 INFO c.h.h.t.HelmChartContainer - [hivemq-test-hivemq-platform] [hivemq-platform-operator] [6f2c49cd] 	at io.netty.util.concurrent.AbstractEventExecutor.safeExecute(AbstractEventExecutor.java:166)
2025-01-29 13:19:43,312 INFO c.h.h.t.HelmChartContainer - [hivemq-test-hivemq-platform] [hivemq-platform-operator] [6f2c49cd] 	at io.netty.util.concurrent.SingleThreadEventExecutor.runAllTasks(SingleThreadEventExecutor.java:472)
2025-01-29 13:19:43,312 INFO c.h.h.t.HelmChartContainer - [hivemq-test-hivemq-platform] [hivemq-platform-operator] [6f2c49cd] 	at io.netty.channel.nio.NioEventLoop.run(NioEventLoop.java:569)
2025-01-29 13:19:43,313 INFO c.h.h.t.HelmChartContainer - [hivemq-test-hivemq-platform] [hivemq-platform-operator] [6f2c49cd] 	at io.netty.util.concurrent.SingleThreadEventExecutor$4.run(SingleThreadEventExecutor.java:997)
2025-01-29 13:19:43,313 INFO c.h.h.t.HelmChartContainer - [hivemq-test-hivemq-platform] [hivemq-platform-operator] [6f2c49cd] 	at io.netty.util.internal.ThreadExecutorMap$2.run(ThreadExecutorMap.java:74)
2025-01-29 13:19:43,313 INFO c.h.h.t.HelmChartContainer - [hivemq-test-hivemq-platform] [hivemq-platform-operator] [6f2c49cd] 	at io.netty.util.concurrent.FastThreadLocalRunnable.run(FastThreadLocalRunnable.java:30)
2025-01-29 13:19:43,313 INFO c.h.h.t.HelmChartContainer - [hivemq-test-hivemq-platform] [hivemq-platform-operator] [6f2c49cd] 	... 1 common frames omitted
2025-01-29 13:19:43,318 INFO c.h.h.t.HelmChartContainer - [hivemq-test-hivemq-platform] [hivemq-platform-operator] [6f2c49cd] 13:19:43.314 [ReconcilerExecutor-hivemq-controller-116] INFO  c.h.p.o.HiveMQPlatformReconciler - [helmcust] Cleanup test-hivemq-platform - helmcustomconfigit HiveMQ Platform is shut down
2025-01-29 13:19:43,728 INFO c.h.h.t.HelmChartContainer - [POD] test-hivemq-platform-0 [99798792-663d-479b-bd1b-ea9861e15069] in helmcustomconfigit was MODIFIED
2025-01-29 13:19:43,736 INFO c.h.h.t.HelmChartContainer - [test-hivemq-platform] [hivemq] [99798792] INFO  - [HiveMQ Platform Operator Init App 1.7.0-SNAPSHOT] Shutting down
2025-01-29 13:19:43,737 INFO c.h.h.t.HelmChartContainer - [test-hivemq-platform] [hivemq] [99798792] INFO  - [HiveMQ Platform Operator Init App 1.7.0-SNAPSHOT] Stopping the HiveMQ Platform
2025-01-29 13:19:43,739 INFO c.h.h.t.HelmChartContainer - [EVENT] Normal [Killing] Stopping container hivemq [helmcustomconfigit:test-hivemq-platform-0]
2025-01-29 13:19:43,739 INFO c.h.h.t.HelmChartContainer - Received Killing event for container hivemq in pod test-hivemq-platform-0 [99798792-663d-479b-bd1b-ea9861e15069]
2025-01-29 13:19:43,739 INFO c.h.h.t.HelmChartContainer - Container [test-hivemq-platform-0] [hivemq] [99798792-663d-479b-bd1b-ea9861e15069] was terminated
2025-01-29 13:19:43,741 INFO c.h.h.t.HelmChartContainer - Stopped log watcher for hivemq in pod test-hivemq-platform-0 [99798792-663d-479b-bd1b-ea9861e15069]
2025-01-29 13:19:43,788 INFO c.h.h.t.HelmChartContainer - [test-hivemq-platform] [hivemq] [99798792] INFO  - Shutting down HiveMQ. Please wait, this could take a while...
2025-01-29 13:19:43,794 INFO c.h.h.t.HelmChartContainer - [test-hivemq-platform] [hivemq] [99798792] INFO  - Shutting down listeners and clients
2025-01-29 13:19:43,794 INFO c.h.h.t.HelmChartContainer - [test-hivemq-platform] [hivemq] [99798792] INFO  - Shutdown of listeners is done
2025-01-29 13:19:43,795 INFO c.h.h.t.HelmChartContainer - [test-hivemq-platform] [hivemq] [99798792] INFO  - No clients are connected, proceeding with shutdown
2025-01-29 13:19:44,967 INFO c.h.h.t.HelmChartContainer - Deleting namespace 'helmcustomconfigit'...
2025-01-29 13:19:45,314 INFO c.h.h.t.HelmChartContainer - [test-hivemq-platform] [hivemq] [99798792] INFO  - [HiveMQ Platform Operator Init App 1.7.0-SNAPSHOT] Returning shutdown Health API response 503 for readiness
2025-01-29 13:19:45,318 INFO c.h.h.t.HelmChartContainer - [EVENT] Warning [Unhealthy] Readiness probe failed: HTTP probe failed with statuscode: 503 [helmcustomconfigit:test-hivemq-platform-0]
2025-01-29 13:19:45,318 INFO c.h.h.t.HelmChartContainer - Received Unhealthy event for container hivemq in pod test-hivemq-platform-0 [99798792-663d-479b-bd1b-ea9861e15069]
2025-01-29 13:19:45,381 INFO c.h.h.t.HelmChartContainer - [K3S] [authentication.go:74] "Unable to authenticate the request" err="[invalid bearer token, serviceaccounts \"hivemq-platform-pod-test-hivemq-platform\" not found]"
2025-01-29 13:19:45,399 INFO c.h.h.t.HelmChartContainer - [K3S] [authentication.go:74] "Unable to authenticate the request" err="[invalid bearer token, serviceaccounts \"hivemq-platform-pod-test-hivemq-platform\" not found]"
2025-01-29 13:19:45,411 INFO c.h.h.t.HelmChartContainer - [test-hivemq-platform] [hivemq] [99798792] WARN  - [HiveMQ Platform Operator Init App 1.7.0-SNAPSHOT] Could not update Pod annotations: Failure executing: GET at: https://10.43.0.1:443/api/v1/namespaces/helmcustomconfigit/pods/test-hivemq-platform-0. Message: Unauthorized. Received status: Status(apiVersion=v1, code=401, details=null, kind=Status, message=Unauthorized, metadata=ListMeta(_continue=null, remainingItemCount=null, resourceVersion=null, selfLink=null, additionalProperties={}), reason=Unauthorized, status=Failure, additionalProperties={}).
2025-01-29 13:19:46,859 INFO c.h.h.t.HelmChartContainer - [test-hivemq-platform] [hivemq] [99798792] INFO  - Shutting down extension system
2025-01-29 13:19:46,861 INFO c.h.h.t.HelmChartContainer - [test-hivemq-platform] [hivemq] [99798792] INFO  - Stopping extension with id hivemq-dns-cluster-discovery
2025-01-29 13:19:46,861 INFO c.h.h.t.HelmChartContainer - [test-hivemq-platform] [hivemq] [99798792] INFO  - Extension "DNS Cluster Discovery Extension" version 4.3.2 stopped successfully.
2025-01-29 13:19:46,862 INFO c.h.h.t.HelmChartContainer - [test-hivemq-platform] [hivemq] [99798792] INFO  - Stopping extension with id hivemq-prometheus-extension
2025-01-29 13:19:46,866 INFO c.h.h.t.HelmChartContainer - [test-hivemq-platform] [hivemq] [99798792] INFO  - Extension "Prometheus Monitoring Extension" version 4.0.12 stopped successfully.
2025-01-29 13:19:46,867 INFO c.h.h.t.HelmChartContainer - [test-hivemq-platform] [hivemq] [99798792] INFO  - Stopping extension with id hivemq-allow-all-extension
2025-01-29 13:19:46,867 INFO c.h.h.t.HelmChartContainer - [test-hivemq-platform] [hivemq] [99798792] INFO  - Extension "Allow All Extension" version 1.1.1 stopped successfully.
2025-01-29 13:19:49,007 INFO c.h.h.t.HelmChartContainer - [test-hivemq-platform] [hivemq] [99798792] INFO  - Shutdown completed.
2025-01-29 13:19:49,356 INFO c.h.h.t.HelmChartContainer - [test-hivemq-platform] [hivemq] [99798792] INFO  - [HiveMQ Platform Operator Init App 1.7.0-SNAPSHOT] The HiveMQ Platform exited with code 143
2025-01-29 13:19:49,356 INFO c.h.h.t.HelmChartContainer - [test-hivemq-platform] [hivemq] [99798792] INFO  - [HiveMQ Platform Operator Init App 1.7.0-SNAPSHOT] Stopping the REST API
2025-01-29 13:19:49,361 INFO c.h.h.t.HelmChartContainer - [test-hivemq-platform] [hivemq] [99798792] INFO  - [HiveMQ Platform Operator Init App 1.7.0-SNAPSHOT] Shutdown complete
2025-01-29 13:19:49,918 INFO c.h.h.t.HelmChartContainer - [POD] test-hivemq-platform-0 [99798792-663d-479b-bd1b-ea9861e15069] in helmcustomconfigit was MODIFIED
2025-01-29 13:19:49,920 INFO c.h.h.t.HelmChartContainer - [K3S] [stateful_set.go:438] "Unhandled Error" err="error syncing StatefulSet helmcustomconfigit/test-hivemq-platform, requeuing: controllerrevisions.apps \"test-hivemq-platform-564bf78888\" is forbidden: unable to create new content in namespace helmcustomconfigit because it is being terminated"
2025-01-29 13:19:49,928 INFO c.h.h.t.HelmChartContainer - [K3S] [stateful_set.go:438] "Unhandled Error" err="error syncing StatefulSet helmcustomconfigit/test-hivemq-platform, requeuing: controllerrevisions.apps \"test-hivemq-platform-564bf78888\" is forbidden: unable to create new content in namespace helmcustomconfigit because it is being terminated"
2025-01-29 13:19:49,941 INFO c.h.h.t.HelmChartContainer - [K3S] [stateful_set.go:438] "Unhandled Error" err="error syncing StatefulSet helmcustomconfigit/test-hivemq-platform, requeuing: controllerrevisions.apps \"test-hivemq-platform-564bf78888\" is forbidden: unable to create new content in namespace helmcustomconfigit because it is being terminated"
2025-01-29 13:19:49,964 INFO c.h.h.t.HelmChartContainer - [K3S] [stateful_set.go:438] "Unhandled Error" err="error syncing StatefulSet helmcustomconfigit/test-hivemq-platform, requeuing: controllerrevisions.apps \"test-hivemq-platform-564bf78888\" is forbidden: unable to create new content in namespace helmcustomconfigit because it is being terminated"
2025-01-29 13:19:49,983 INFO c.h.h.t.HelmChartContainer - [K3S] [reconciler_common.go:162] "operationExecutor.UnmountVolume started for volume \"kube-api-access-sbhng\" (UniqueName: \"kubernetes.io/projected/99798792-663d-479b-bd1b-ea9861e15069-kube-api-access-sbhng\") pod \"99798792-663d-479b-bd1b-ea9861e15069\" (UID: \"99798792-663d-479b-bd1b-ea9861e15069\") "
2025-01-29 13:19:49,983 INFO c.h.h.t.HelmChartContainer - [K3S] [reconciler_common.go:162] "operationExecutor.UnmountVolume started for volume \"broker-configuration\" (UniqueName: \"kubernetes.io/configmap/99798792-663d-479b-bd1b-ea9861e15069-broker-configuration\") pod \"99798792-663d-479b-bd1b-ea9861e15069\" (UID: \"99798792-663d-479b-bd1b-ea9861e15069\") "
2025-01-29 13:19:49,983 INFO c.h.h.t.HelmChartContainer - [K3S] [reconciler_common.go:162] "operationExecutor.UnmountVolume started for volume \"operator-init\" (UniqueName: \"kubernetes.io/empty-dir/99798792-663d-479b-bd1b-ea9861e15069-operator-init\") pod \"99798792-663d-479b-bd1b-ea9861e15069\" (UID: \"99798792-663d-479b-bd1b-ea9861e15069\") "
2025-01-29 13:19:49,983 INFO c.h.h.t.HelmChartContainer - [K3S] [reconciler_common.go:162] "operationExecutor.UnmountVolume started for volume \"pod-info\" (UniqueName: \"kubernetes.io/configmap/99798792-663d-479b-bd1b-ea9861e15069-pod-info\") pod \"99798792-663d-479b-bd1b-ea9861e15069\" (UID: \"99798792-663d-479b-bd1b-ea9861e15069\") "
2025-01-29 13:19:50,007 INFO c.h.h.t.HelmChartContainer - [K3S] [stateful_set.go:438] "Unhandled Error" err="error syncing StatefulSet helmcustomconfigit/test-hivemq-platform, requeuing: controllerrevisions.apps \"test-hivemq-platform-564bf78888\" is forbidden: unable to create new content in namespace helmcustomconfigit because it is being terminated"
2025-01-29 13:19:50,024 INFO c.h.h.t.HelmChartContainer - [K3S] [stateful_set.go:466] "StatefulSet has been deleted" key="helmcustomconfigit/test-hivemq-platform"
2025-01-29 13:19:50,083 INFO c.h.h.t.HelmChartContainer - [K3S] [reconciler_common.go:299] "Volume detached for volume \"pod-info\" (UniqueName: \"kubernetes.io/configmap/99798792-663d-479b-bd1b-ea9861e15069-pod-info\") on node \"8f07877cb075\" DevicePath \"\""
2025-01-29 13:19:50,083 INFO c.h.h.t.HelmChartContainer - [K3S] [reconciler_common.go:299] "Volume detached for volume \"kube-api-access-sbhng\" (UniqueName: \"kubernetes.io/projected/99798792-663d-479b-bd1b-ea9861e15069-kube-api-access-sbhng\") on node \"8f07877cb075\" DevicePath \"\""
2025-01-29 13:19:50,083 INFO c.h.h.t.HelmChartContainer - [K3S] [reconciler_common.go:299] "Volume detached for volume \"broker-configuration\" (UniqueName: \"kubernetes.io/configmap/99798792-663d-479b-bd1b-ea9861e15069-broker-configuration\") on node \"8f07877cb075\" DevicePath \"\""
2025-01-29 13:19:50,083 INFO c.h.h.t.HelmChartContainer - [K3S] [reconciler_common.go:299] "Volume detached for volume \"operator-init\" (UniqueName: \"kubernetes.io/empty-dir/99798792-663d-479b-bd1b-ea9861e15069-operator-init\") on node \"8f07877cb075\" DevicePath \"\""
2025-01-29 13:19:50,088 INFO c.h.h.t.HelmChartContainer - [K3S] [stateful_set.go:466] "StatefulSet has been deleted" key="helmcustomconfigit/test-hivemq-platform"
2025-01-29 13:19:50,116 INFO c.h.h.t.HelmChartContainer - [K3S] [namespace_controller.go:164] "Unhandled Error" err="deletion of namespace helmcustomconfigit failed: unexpected items still remain in namespace: helmcustomconfigit for gvr: /v1, Resource=pods"
2025-01-29 13:19:50,290 INFO c.h.h.t.HelmChartContainer - [K3S] [namespace_controller.go:164] "Unhandled Error" err="deletion of namespace helmcustomconfigit failed: unexpected items still remain in namespace: helmcustomconfigit for gvr: /v1, Resource=pods"
2025-01-29 13:19:50,387 INFO c.h.h.t.HelmChartContainer - [K3S] [namespace_controller.go:164] "Unhandled Error" err="deletion of namespace helmcustomconfigit failed: unexpected items still remain in namespace: helmcustomconfigit for gvr: /v1, Resource=pods"
2025-01-29 13:19:50,495 INFO c.h.h.t.HelmChartContainer - [K3S] [namespace_controller.go:164] "Unhandled Error" err="deletion of namespace helmcustomconfigit failed: unexpected items still remain in namespace: helmcustomconfigit for gvr: /v1, Resource=pods"
2025-01-29 13:19:50,624 INFO c.h.h.t.HelmChartContainer - [K3S] [namespace_controller.go:164] "Unhandled Error" err="deletion of namespace helmcustomconfigit failed: unexpected items still remain in namespace: helmcustomconfigit for gvr: /v1, Resource=pods"
2025-01-29 13:19:50,664 INFO c.h.h.t.HelmChartContainer - [K3S] [scope.go:117] "RemoveContainer" containerID="cf76814e65d88897be16347bc59a210ebcfee151860c8ee6d26be29171221437"
2025-01-29 13:19:50,679 INFO c.h.h.t.HelmChartContainer - [POD] test-hivemq-platform-0 [99798792-663d-479b-bd1b-ea9861e15069] in helmcustomconfigit was MODIFIED
2025-01-29 13:19:50,681 INFO c.h.h.t.HelmChartContainer - [POD] test-hivemq-platform-0 [99798792-663d-479b-bd1b-ea9861e15069] in helmcustomconfigit was DELETED
2025-01-29 13:19:50,782 INFO c.h.h.t.HelmChartContainer - [K3S] [scope.go:117] "RemoveContainer" containerID="f97c91e83479d69131aea9b54f1743f895a18f37b37025a8c716c9b79c3a24cd"
2025-01-29 13:19:50,786 INFO c.h.h.t.HelmChartContainer - [K3S] [scope.go:117] "RemoveContainer" containerID="cf76814e65d88897be16347bc59a210ebcfee151860c8ee6d26be29171221437"
2025-01-29 13:19:50,786 INFO c.h.h.t.HelmChartContainer - [K3S] [scope.go:117] "RemoveContainer" containerID="f97c91e83479d69131aea9b54f1743f895a18f37b37025a8c716c9b79c3a24cd"
2025-01-29 13:19:50,899 INFO c.h.h.t.HelmChartContainer - Namespace 'helmcustomconfigit' deleted
2025-01-29 13:19:50,899 INFO c.h.h.t.HelmChartContainer - Release 'test-hivemq-platform' in namespace 'helmcustomconfigit' is uninstalled
2025-01-29 13:19:50,899 INFO c.h.h.t.HelmChartContainer - Uninstalling release 'test-hivemq-platform-operator' in namespace 'helmcustomconfigit-operator'...
2025-01-29 13:19:50,899 DEBUG c.h.h.t.HelmChartContainer - Executing helm command: /bin/helm --kubeconfig /etc/rancher/k3s/k3s.yaml uninstall test-hivemq-platform-operator  --wait --timeout 5m0s --cascade foreground --namespace helmcustomconfigit-operator
2025-01-29 13:19:51,060 INFO c.h.h.t.HelmChartContainer - [K3S] [replica_set.go:679] "Finished syncing" kind="ReplicaSet" key="helmcustomconfigit-operator/hivemq-test-hivemq-platform-operator-6966f96d65" duration="8.801527ms"
2025-01-29 13:19:51,060 INFO c.h.h.t.HelmChartContainer - [K3S] [replica_set.go:679] "Finished syncing" kind="ReplicaSet" key="helmcustomconfigit-operator/hivemq-test-hivemq-platform-operator-6966f96d65" duration="34.886µs"
2025-01-29 13:19:51,077 INFO c.h.h.t.HelmChartContainer - [POD] hivemq-test-hivemq-platform-operator-6966f96d65-hm5mr [6f2c49cd-b98c-4135-81cb-31d925eeca35] in helmcustomconfigit-operator was MODIFIED
2025-01-29 13:19:51,087 INFO c.h.h.t.HelmChartContainer - [EVENT] Normal [Killing] Stopping container hivemq-platform-operator [helmcustomconfigit-operator:hivemq-test-hivemq-platform-operator-6966f96d65-hm5mr]
2025-01-29 13:19:51,087 INFO c.h.h.t.HelmChartContainer - Received Killing event for container hivemq-platform-operator in pod hivemq-test-hivemq-platform-operator-6966f96d65-hm5mr [6f2c49cd-b98c-4135-81cb-31d925eeca35]
2025-01-29 13:19:51,088 INFO c.h.h.t.HelmChartContainer - Container [hivemq-test-hivemq-platform-operator-6966f96d65-hm5mr] [hivemq-platform-operator] [6f2c49cd-b98c-4135-81cb-31d925eeca35] was terminated
2025-01-29 13:19:51,088 INFO c.h.h.t.HelmChartContainer - Stopped log watcher for hivemq-platform-operator in pod hivemq-test-hivemq-platform-operator-6966f96d65-hm5mr [6f2c49cd-b98c-4135-81cb-31d925eeca35]
2025-01-29 13:19:51,089 INFO c.h.h.t.HelmChartContainer - [K3S] [replica_set.go:679] "Finished syncing" kind="ReplicaSet" key="helmcustomconfigit-operator/hivemq-test-hivemq-platform-operator-6966f96d65" duration="11.953566ms"
2025-01-29 13:19:51,092 INFO c.h.h.t.HelmChartContainer - [K3S] [replica_set.go:679] "Finished syncing" kind="ReplicaSet" key="helmcustomconfigit-operator/hivemq-test-hivemq-platform-operator-6966f96d65" duration="39.954µs"
2025-01-29 13:19:51,096 INFO c.h.h.t.HelmChartContainer - [hivemq-test-hivemq-platform] [hivemq-platform-operator] [6f2c49cd] 13:19:51.092 [application-shutdown-thread] INFO  c.h.p.o.HiveMQPlatformOperatorApplication - HiveMQ Platform Operator is stopping...
2025-01-29 13:19:51,097 INFO c.h.h.t.HelmChartContainer - [hivemq-test-hivemq-platform] [hivemq-platform-operator] [6f2c49cd] 13:19:51.095 [application-shutdown-thread] INFO  i.javaoperatorsdk.operator.Operator - Operator SDK 4.9.7 is shutting down...
2025-01-29 13:19:51,722 INFO c.h.h.t.HelmChartContainer - [K3S] [replica_set.go:679] "Finished syncing" kind="ReplicaSet" key="helmcustomconfigit-operator/hivemq-test-hivemq-platform-operator-6966f96d65" duration="43.03µs"
2025-01-29 13:19:51,723 INFO c.h.h.t.HelmChartContainer - [POD] hivemq-test-hivemq-platform-operator-6966f96d65-hm5mr [6f2c49cd-b98c-4135-81cb-31d925eeca35] in helmcustomconfigit-operator was MODIFIED
2025-01-29 13:19:51,790 INFO c.h.h.t.HelmChartContainer - [K3S] [reconciler_common.go:162] "operationExecutor.UnmountVolume started for volume \"kube-api-access-7lsjg\" (UniqueName: \"kubernetes.io/projected/6f2c49cd-b98c-4135-81cb-31d925eeca35-kube-api-access-7lsjg\") pod \"6f2c49cd-b98c-4135-81cb-31d925eeca35\" (UID: \"6f2c49cd-b98c-4135-81cb-31d925eeca35\") "
2025-01-29 13:19:51,891 INFO c.h.h.t.HelmChartContainer - [K3S] [reconciler_common.go:299] "Volume detached for volume \"kube-api-access-7lsjg\" (UniqueName: \"kubernetes.io/projected/6f2c49cd-b98c-4135-81cb-31d925eeca35-kube-api-access-7lsjg\") on node \"8f07877cb075\" DevicePath \"\""
2025-01-29 13:19:52,514 INFO c.h.h.t.HelmChartContainer - [K3S] [kubelet_volumes.go:163] "Cleaned up orphaned pod volumes dir" podUID="99798792-663d-479b-bd1b-ea9861e15069" path="/var/lib/kubelet/pods/99798792-663d-479b-bd1b-ea9861e15069/volumes"
2025-01-29 13:19:52,671 INFO c.h.h.t.HelmChartContainer - [K3S] [scope.go:117] "RemoveContainer" containerID="56fa8addb07ada5c791fe078bbfa67602f5cb700deb8f856854dcadc8b45dcad"
2025-01-29 13:19:52,680 INFO c.h.h.t.HelmChartContainer - [K3S] [replica_set.go:679] "Finished syncing" kind="ReplicaSet" key="helmcustomconfigit-operator/hivemq-test-hivemq-platform-operator-6966f96d65" duration="42.84µs"
2025-01-29 13:19:52,681 INFO c.h.h.t.HelmChartContainer - [POD] hivemq-test-hivemq-platform-operator-6966f96d65-hm5mr [6f2c49cd-b98c-4135-81cb-31d925eeca35] in helmcustomconfigit-operator was MODIFIED
2025-01-29 13:19:52,682 INFO c.h.h.t.HelmChartContainer - [K3S] [replica_set.go:679] "Finished syncing" kind="ReplicaSet" key="helmcustomconfigit-operator/hivemq-test-hivemq-platform-operator-6966f96d65" duration="29.255µs"
2025-01-29 13:19:52,683 INFO c.h.h.t.HelmChartContainer - [POD] hivemq-test-hivemq-platform-operator-6966f96d65-hm5mr [6f2c49cd-b98c-4135-81cb-31d925eeca35] in helmcustomconfigit-operator was DELETED
2025-01-29 13:19:52,693 INFO c.h.h.t.HelmChartContainer - [K3S] [replica_set.go:679] "Finished syncing" kind="ReplicaSet" key="helmcustomconfigit-operator/hivemq-test-hivemq-platform-operator-6966f96d65" duration="5.079µs"
2025-01-29 13:19:53,100 INFO c.h.h.t.HelmChartContainer - Deleting namespace 'helmcustomconfigit-operator'...
2025-01-29 13:19:54,514 INFO c.h.h.t.HelmChartContainer - [K3S] [kubelet_volumes.go:163] "Cleaned up orphaned pod volumes dir" podUID="6f2c49cd-b98c-4135-81cb-31d925eeca35" path="/var/lib/kubelet/pods/6f2c49cd-b98c-4135-81cb-31d925eeca35/volumes"
2025-01-29 13:19:55,808 INFO c.h.h.t.HelmChartContainer - [K3S] [namespace_controller.go:187] "Namespace has been deleted" namespace="helmcustomconfigit"
2025-01-29 13:19:58,320 INFO c.h.h.t.HelmChartContainer - Namespace 'helmcustomconfigit-operator' deleted
2025-01-29 13:19:58,320 INFO c.h.h.t.HelmChartContainer - Release 'test-hivemq-platform-operator' in namespace 'helmcustomconfigit-operator' is uninstalled
2025-01-29 13:19:59,076 INFO c.h.helmcharts.AbstractHelmChartIT - Removed unused containers:

2025-01-29 13:20:03,219 INFO c.h.h.t.HelmChartContainer - [K3S] [namespace_controller.go:187] "Namespace has been deleted" namespace="helmcustomconfigit-operator"
2025-01-29 13:20:06,781 INFO c.h.helmcharts.AbstractHelmChartIT - Removed unused snapshots:
Removing snapshot sha256:03af251906410714c5aef9fa705b63f6bbc39c4a5e787de7361eeb18886c2ed2
Removing snapshot sha256:0c46b3b43cce082ce5ec34ffc6c294e0417d17b9d1e6f366d114b6aadc4f96dc
Removing snapshot sha256:0ce761beee59082d6ed5bcebd3a805b8ddd9b3426b617e4809e7fb7c6587ffec
Removing snapshot sha256:0df91287303208332c8ff6ba40ae4710105201739addbfbddfb955f1ad593664
Removing snapshot sha256:1021ef88c7974bfff89c5a0ec4fd3160daac6c48a075f74cff721f85dd104e68
Removing snapshot sha256:10aba4953ddc18145dd38e3704709bc464aa20af60b56fe52caaff4b68411e62
Removing snapshot sha256:2573e0d8158209ed54ab25c87bcdcb00bd3d2539246960a3d592a1c599d70465
Removing snapshot sha256:362a8a37f8bbc31925a8146adcf7cf51f9882f5c1dcbef67c5baa03a297543c0
Removing snapshot sha256:397404f37391478d9c8c06adc66f5cd44a84073bfff95f6eac9b4532b543c9b6
Removing snapshot sha256:3fa4ad33f0ddc8fd45b39b6b4640f82a3a83619606cd975bfe89d8710ad2d4cd
Removing snapshot sha256:43a7c979bbaba6838bc3102d6b10a1459f3ab050b87ccdfef84ef90cf43d3058
Removing snapshot sha256:4ab04491cdf0d3267f08206fe30bd48f49f94b9cab2f016d6739220f722a64af
Removing snapshot sha256:4b6068250e89c96f263060261819c7d912855bfbd64b3eb4c4a8483299b8c295
Removing snapshot sha256:4fef70785221aa13d10357734828cc99ba13bc4e9da792e0cf8a8fd14970289c
Removing snapshot sha256:580e69a0a8034ede1921139bbd2bfb72a69ebf276d008281896c32dd8bf74775
Removing snapshot sha256:5d30ba46b27fe37484567ccc5242cadc78217b8da605f3f195ef25cbf7487904
Removing snapshot sha256:63ca1fbb43ae5034640e5e6cb3e083e05c290072c5366fcaa9d62435a4cced85
Removing snapshot sha256:67f702c6baae873bceb19487c8b1f27bd2b86077e4f2f0e480e6d60ab508b8f5
Removing snapshot sha256:6864348dd42806d552efdec384f1274be15e2d0c10ce44c1f04347af004c10a9
Removing snapshot sha256:6c7dee8f2c39b84b7dc2711c01d33de93514d9055499173e9290176fbe484b6c
Removing snapshot sha256:82753493a6d61ded36556292f02f31841a14c20d2f279f19eaad65afb661d5cd
Removing snapshot sha256:8a10d3db42c505ee0fcfa98417bdd7e39b304f6bcc0a06bb1b220797ff2cc63c
Removing snapshot sha256:a21e5b12dbac529ad45d976eb9ce45c881f3bedcc500fb30aba1e52aa1813418
Removing snapshot sha256:b921e6c28969094157f9b8e7244677780319637afd14450b7cb6b2fdea558a0c
Removing snapshot sha256:bc27ecb5769a00e309cf99ebc763c4a4b958b618d1decc96ffac5bc05f02f5b7
Removing snapshot sha256:be3ccb6627a5332e309d45ef461d09b4879dd870c7394d89323d0ebc6ca6aa8a
Removing snapshot sha256:c261f7cbbc64211ee175ee47273acdb7b1a36a4450b397a064a8f2c026490095
Removing snapshot sha256:c34d9393647eea0c9e3557ab988efaf59f61d10a2a5613b439ef0958cca5ec10
Removing snapshot sha256:ccf3c4a0fa967a41c1c83497a2ce6fa5787965859df0adb32c4ca2cf7490bc2b
Removing snapshot sha256:cf92d33f869417309692088c341cd0f223c178ea78a125f757317b22aa8f90e9
Removing snapshot sha256:d0037344cf2fb078884f1849f6a1f8cf9a33a3b6139b6a85833e5ee528e1f9a8
Removing snapshot sha256:d3b36d5b79273b1e98e7700470eaeff05a882e777124d84cebcc1505b85ecb36
Removing snapshot sha256:d65a44a37914602d12c611e5e22a50f11451d847e63015cc1c2aef92dee777a4
Removing snapshot sha256:e2dc0bae2455930f23ae570e019b7f32edc75c0f2d71cab084db837ff9051796
Removing snapshot sha256:eccbd24a99c60cd9e86ee5305dbfc4a4dc89f5ab4fb1f06c8d64797cecedef34
Removing snapshot sha256:f144bb4c7c7f0d2aa7eeffd36d934ec40db1ee167be727e326aad9fdc616f475

]]></system-out>
  </testcase>
  <testcase name="withExistingConfigMap_customResourceCreated()" classname="com.hivemq.helmcharts.platform.HelmCustomConfigIT" time="150.655">
    <system-out><![CDATA[2025-01-29 13:20:06,790 INFO c.h.h.t.HelmChartContainer - Creating namespace 'helmcustomconfigit-operator'...
2025-01-29 13:20:06,799 INFO c.h.h.t.HelmChartContainer - Namespace 'helmcustomconfigit-operator' created
2025-01-29 13:20:06,799 INFO c.h.h.t.HelmChartContainer - Creating namespace 'helmcustomconfigit'...
2025-01-29 13:20:06,808 INFO c.h.h.t.HelmChartContainer - Namespace 'helmcustomconfigit' created
2025-01-29 13:20:06,896 DEBUG c.h.h.t.HelmChartContainer - Executing helm command: /bin/helm --kubeconfig /etc/rancher/k3s/k3s.yaml install test-hivemq-platform-operator /charts/hivemq-platform-operator --wait --timeout 5m0s --set image.repository=docker.io/hivemq --set image.name=hivemq-platform-operator-test --set image.initImageName=hivemq-platform-operator-init-test --set image.tag=snapshot --set image.pullPolicy=Never --set logLevel=DEBUG --set resources.cpu=512m --namespace helmcustomconfigit-operator
2025-01-29 13:20:07,197 INFO c.h.h.t.HelmChartContainer - [K3S] [alloc.go:330] "allocated clusterIPs" service="helmcustomconfigit-operator/hivemq-platform-operator-test-hivemq-platform-operator" clusterIPs={"IPv4":"10.43.83.38"}
2025-01-29 13:20:07,214 INFO c.h.h.t.HelmChartContainer - [EVENT] Normal [ScalingReplicaSet] Scaled up replica set hivemq-test-hivemq-platform-operator-6966f96d65 from 0 to 1 [helmcustomconfigit-operator:hivemq-test-hivemq-platform-operator]
2025-01-29 13:20:07,222 INFO c.h.h.t.HelmChartContainer - [POD] hivemq-test-hivemq-platform-operator-6966f96d65-6qjpt [cc3bc278-5675-4554-a46d-295cdef3dcfa] in helmcustomconfigit-operator was ADDED
2025-01-29 13:20:07,227 INFO c.h.h.t.HelmChartContainer - [K3S] [memory_manager.go:355] "RemoveStaleState removing state" podUID="6f2c49cd-b98c-4135-81cb-31d925eeca35" containerName="hivemq-platform-operator"
2025-01-29 13:20:07,227 INFO c.h.h.t.HelmChartContainer - [K3S] [memory_manager.go:355] "RemoveStaleState removing state" podUID="99798792-663d-479b-bd1b-ea9861e15069" containerName="hivemq"
2025-01-29 13:20:07,237 INFO c.h.h.t.HelmChartContainer - [K3S] [replica_set.go:679] "Finished syncing" kind="ReplicaSet" key="helmcustomconfigit-operator/hivemq-test-hivemq-platform-operator-6966f96d65" duration="23.055313ms"
2025-01-29 13:20:07,240 INFO c.h.h.t.HelmChartContainer - [EVENT] Normal [SuccessfulCreate] Created pod: hivemq-test-hivemq-platform-operator-6966f96d65-6qjpt [helmcustomconfigit-operator:hivemq-test-hivemq-platform-operator-6966f96d65]
2025-01-29 13:20:07,240 INFO c.h.h.t.HelmChartContainer - [POD] hivemq-test-hivemq-platform-operator-6966f96d65-6qjpt [cc3bc278-5675-4554-a46d-295cdef3dcfa] in helmcustomconfigit-operator was MODIFIED
2025-01-29 13:20:07,243 INFO c.h.h.t.HelmChartContainer - [EVENT] Normal [Scheduled] Successfully assigned helmcustomconfigit-operator/hivemq-test-hivemq-platform-operator-6966f96d65-6qjpt to 8f07877cb075 [helmcustomconfigit-operator:hivemq-test-hivemq-platform-operator-6966f96d65-6qjpt]
2025-01-29 13:20:07,248 INFO c.h.h.t.HelmChartContainer - [POD] hivemq-test-hivemq-platform-operator-6966f96d65-6qjpt [cc3bc278-5675-4554-a46d-295cdef3dcfa] in helmcustomconfigit-operator was MODIFIED
2025-01-29 13:20:07,254 INFO c.h.h.t.HelmChartContainer - [K3S] [replica_set.go:679] "Finished syncing" kind="ReplicaSet" key="helmcustomconfigit-operator/hivemq-test-hivemq-platform-operator-6966f96d65" duration="21.570341ms"
2025-01-29 13:20:07,268 INFO c.h.h.t.HelmChartContainer - [K3S] [replica_set.go:679] "Finished syncing" kind="ReplicaSet" key="helmcustomconfigit-operator/hivemq-test-hivemq-platform-operator-6966f96d65" duration="14.553403ms"
2025-01-29 13:20:07,268 INFO c.h.h.t.HelmChartContainer - [K3S] [replica_set.go:679] "Finished syncing" kind="ReplicaSet" key="helmcustomconfigit-operator/hivemq-test-hivemq-platform-operator-6966f96d65" duration="32.862µs"
2025-01-29 13:20:07,384 INFO c.h.h.t.HelmChartContainer - [K3S] [reconciler_common.go:251] "operationExecutor.VerifyControllerAttachedVolume started for volume \"kube-api-access-g4zwd\" (UniqueName: \"kubernetes.io/projected/cc3bc278-5675-4554-a46d-295cdef3dcfa-kube-api-access-g4zwd\") pod \"hivemq-test-hivemq-platform-operator-6966f96d65-6qjpt\" (UID: \"cc3bc278-5675-4554-a46d-295cdef3dcfa\") " pod="helmcustomconfigit-operator/hivemq-test-hivemq-platform-operator-6966f96d65-6qjpt"
2025-01-29 13:20:07,634 INFO c.h.h.t.HelmChartContainer - [EVENT] Normal [Pulled] Container image "docker.io/hivemq/hivemq-platform-operator-test:snapshot" already present on machine [helmcustomconfigit-operator:hivemq-test-hivemq-platform-operator-6966f96d65-6qjpt]
2025-01-29 13:20:07,634 INFO c.h.h.t.HelmChartContainer - Received Pulled event for container hivemq-platform-operator in pod hivemq-test-hivemq-platform-operator-6966f96d65-6qjpt [cc3bc278-5675-4554-a46d-295cdef3dcfa]
2025-01-29 13:20:09,022 INFO c.h.h.t.HelmChartContainer - [EVENT] Normal [Created] Created container: hivemq-platform-operator [helmcustomconfigit-operator:hivemq-test-hivemq-platform-operator-6966f96d65-6qjpt]
2025-01-29 13:20:09,023 INFO c.h.h.t.HelmChartContainer - Received Created event for container hivemq-platform-operator in pod hivemq-test-hivemq-platform-operator-6966f96d65-6qjpt [cc3bc278-5675-4554-a46d-295cdef3dcfa]
2025-01-29 13:20:09,707 INFO c.h.h.t.HelmChartContainer - [POD] hivemq-test-hivemq-platform-operator-6966f96d65-6qjpt [cc3bc278-5675-4554-a46d-295cdef3dcfa] in helmcustomconfigit-operator was MODIFIED
2025-01-29 13:20:09,707 INFO c.h.h.t.HelmChartContainer - [K3S] [replica_set.go:679] "Finished syncing" kind="ReplicaSet" key="helmcustomconfigit-operator/hivemq-test-hivemq-platform-operator-6966f96d65" duration="39.884µs"
2025-01-29 13:20:09,716 INFO c.h.h.t.HelmChartContainer - Started log watcher for hivemq-platform-operator in pod hivemq-test-hivemq-platform-operator-6966f96d65-6qjpt [cc3bc278-5675-4554-a46d-295cdef3dcfa]
2025-01-29 13:20:09,716 INFO c.h.h.t.HelmChartContainer - [EVENT] Normal [Started] Started container hivemq-platform-operator [helmcustomconfigit-operator:hivemq-test-hivemq-platform-operator-6966f96d65-6qjpt]
2025-01-29 13:20:09,717 INFO c.h.h.t.HelmChartContainer - [hivemq-test-hivemq-platform] [hivemq-platform-operator] [cc3bc278] -------------------------------------------------------------------------
2025-01-29 13:20:09,717 INFO c.h.h.t.HelmChartContainer - [hivemq-test-hivemq-platform] [hivemq-platform-operator] [cc3bc278] 
2025-01-29 13:20:09,717 INFO c.h.h.t.HelmChartContainer - [hivemq-test-hivemq-platform] [hivemq-platform-operator] [cc3bc278]                   _    _  _              __  __   ____
2025-01-29 13:20:09,717 INFO c.h.h.t.HelmChartContainer - [hivemq-test-hivemq-platform] [hivemq-platform-operator] [cc3bc278]                  | |  | |(_)            |  \/  | / __ \
2025-01-29 13:20:09,717 INFO c.h.h.t.HelmChartContainer - [hivemq-test-hivemq-platform] [hivemq-platform-operator] [cc3bc278]                  | |__| | _ __   __ ___ | \  / || |  | |
2025-01-29 13:20:09,717 INFO c.h.h.t.HelmChartContainer - [hivemq-test-hivemq-platform] [hivemq-platform-operator] [cc3bc278]                  |  __  || |\ \ / // _ \| |\/| || |  | |
2025-01-29 13:20:09,717 INFO c.h.h.t.HelmChartContainer - Received Started event for container hivemq-platform-operator in pod hivemq-test-hivemq-platform-operator-6966f96d65-6qjpt [cc3bc278-5675-4554-a46d-295cdef3dcfa]
2025-01-29 13:20:09,717 INFO c.h.h.t.HelmChartContainer - [hivemq-test-hivemq-platform] [hivemq-platform-operator] [cc3bc278]                  | |  | || | \ V /|  __/| |  | || |__| |
2025-01-29 13:20:09,717 INFO c.h.h.t.HelmChartContainer - [hivemq-test-hivemq-platform] [hivemq-platform-operator] [cc3bc278]                  |_|  |_||_|  \_/  \___||_|  |_| \___\_\
2025-01-29 13:20:09,717 INFO c.h.h.t.HelmChartContainer - [hivemq-test-hivemq-platform] [hivemq-platform-operator] [cc3bc278] 
2025-01-29 13:20:09,717 INFO c.h.h.t.HelmChartContainer - [hivemq-test-hivemq-platform] [hivemq-platform-operator] [cc3bc278] -------------------------------------------------------------------------
2025-01-29 13:20:09,717 INFO c.h.h.t.HelmChartContainer - [hivemq-test-hivemq-platform] [hivemq-platform-operator] [cc3bc278] 
2025-01-29 13:20:09,717 INFO c.h.h.t.HelmChartContainer - [hivemq-test-hivemq-platform] [hivemq-platform-operator] [cc3bc278]   HiveMQ Platform Operator Start Script v1.0
2025-01-29 13:20:09,717 INFO c.h.h.t.HelmChartContainer - [hivemq-test-hivemq-platform] [hivemq-platform-operator] [cc3bc278] 
2025-01-29 13:20:09,717 INFO c.h.h.t.HelmChartContainer - [hivemq-test-hivemq-platform] [hivemq-platform-operator] [cc3bc278] -------------------------------------------------------------------------
2025-01-29 13:20:09,717 INFO c.h.h.t.HelmChartContainer - [hivemq-test-hivemq-platform] [hivemq-platform-operator] [cc3bc278] 
2025-01-29 13:20:09,717 INFO c.h.h.t.HelmChartContainer - [hivemq-test-hivemq-platform] [hivemq-platform-operator] [cc3bc278]   JAVA_OPTS: -XX:+UnlockExperimentalVMOptions -XX:InitialRAMPercentage=75 -XX:MaxRAMPercentage=75 -Duser.language=en -Duser.region=US
2025-01-29 13:20:09,717 INFO c.h.h.t.HelmChartContainer - [hivemq-test-hivemq-platform] [hivemq-platform-operator] [cc3bc278] 
2025-01-29 13:20:09,717 INFO c.h.h.t.HelmChartContainer - [hivemq-test-hivemq-platform] [hivemq-platform-operator] [cc3bc278]   JAVA_VERSION: 21
2025-01-29 13:20:09,717 INFO c.h.h.t.HelmChartContainer - [hivemq-test-hivemq-platform] [hivemq-platform-operator] [cc3bc278] 
2025-01-29 13:20:09,717 INFO c.h.h.t.HelmChartContainer - [hivemq-test-hivemq-platform] [hivemq-platform-operator] [cc3bc278] -------------------------------------------------------------------------
2025-01-29 13:20:09,717 INFO c.h.h.t.HelmChartContainer - [hivemq-test-hivemq-platform] [hivemq-platform-operator] [cc3bc278] 
2025-01-29 13:20:12,460 INFO c.h.h.t.HelmChartContainer - [hivemq-test-hivemq-platform] [hivemq-platform-operator] [cc3bc278] 13:20:12.457 [main] DEBUG org.jboss.logging - Logging Provider: org.jboss.logging.Slf4jLoggerProvider
2025-01-29 13:20:12,563 INFO c.h.h.t.HelmChartContainer - [hivemq-test-hivemq-platform] [hivemq-platform-operator] [cc3bc278] 13:20:12.562 [main] DEBUG io.smallrye.config - SRCFG01006: Loaded ConfigSource SysPropConfigSource with ordinal 400
2025-01-29 13:20:12,563 INFO c.h.h.t.HelmChartContainer - [hivemq-test-hivemq-platform] [hivemq-platform-operator] [cc3bc278] 13:20:12.562 [main] DEBUG io.smallrye.config - SRCFG01006: Loaded ConfigSource EnvConfigSource with ordinal 300
2025-01-29 13:20:12,563 INFO c.h.h.t.HelmChartContainer - [hivemq-test-hivemq-platform] [hivemq-platform-operator] [cc3bc278] 13:20:12.562 [main] DEBUG io.smallrye.config - SRCFG01006: Loaded ConfigSource PropertiesConfigSource[source=jar:file:///opt/hivemq-platform-operator/bin/hivemq-platform-operator.jar!/hivemq-platform-operator.properties] with ordinal 100
2025-01-29 13:20:12,563 INFO c.h.h.t.HelmChartContainer - [hivemq-test-hivemq-platform] [hivemq-platform-operator] [cc3bc278] 13:20:12.562 [main] DEBUG io.smallrye.config - SRCFG01006: Loaded ConfigSource DefaultValuesConfigSource with ordinal -2147483648
2025-01-29 13:20:12,661 INFO c.h.h.t.HelmChartContainer - [hivemq-test-hivemq-platform] [hivemq-platform-operator] [cc3bc278] 13:20:12.659 [main] DEBUG i.m.c.u.i.l.InternalLoggerFactory - Using SLF4J as the default logging framework
2025-01-29 13:20:12,772 INFO c.h.h.t.HelmChartContainer - [hivemq-test-hivemq-platform] [hivemq-platform-operator] [cc3bc278] 13:20:12.764 [main] INFO  c.h.p.o.HiveMQPlatformOperatorApplication - HiveMQ Platform Operator 1.7.0-SNAPSHOT (commit: bebf408 on branch: HEAD) built on Sun Jan 26 20:47:47 UTC 2025
2025-01-29 13:20:12,773 INFO c.h.h.t.HelmChartContainer - [hivemq-test-hivemq-platform] [hivemq-platform-operator] [cc3bc278] 13:20:12.771 [main] INFO  c.h.p.o.HiveMQPlatformOperatorApplication - HiveMQ Platform Operator is running in namespace: helmcustomconfigit-operator
2025-01-29 13:20:12,773 INFO c.h.h.t.HelmChartContainer - [hivemq-test-hivemq-platform] [hivemq-platform-operator] [cc3bc278] 13:20:12.771 [main] INFO  c.h.p.o.HiveMQPlatformOperatorApplication - Watching all namespaces
2025-01-29 13:20:12,773 INFO c.h.h.t.HelmChartContainer - [hivemq-test-hivemq-platform] [hivemq-platform-operator] [cc3bc278] 13:20:12.771 [main] INFO  c.h.p.o.HiveMQPlatformOperatorApplication - Log level: DEBUG
2025-01-29 13:20:12,773 INFO c.h.h.t.HelmChartContainer - [hivemq-test-hivemq-platform] [hivemq-platform-operator] [cc3bc278] 13:20:12.771 [main] INFO  c.h.p.o.HiveMQPlatformOperatorApplication - Release name: test-hivemq-platform-operator
2025-01-29 13:20:12,773 INFO c.h.h.t.HelmChartContainer - [hivemq-test-hivemq-platform] [hivemq-platform-operator] [cc3bc278] 13:20:12.771 [main] INFO  c.h.p.o.HiveMQPlatformOperatorApplication - HiveMQ Platform Operator Init image: docker.io/hivemq/hivemq-platform-operator-init-test:snapshot
2025-01-29 13:20:12,773 INFO c.h.h.t.HelmChartContainer - [hivemq-test-hivemq-platform] [hivemq-platform-operator] [cc3bc278] 13:20:12.771 [main] INFO  c.h.p.o.HiveMQPlatformOperatorApplication - HiveMQ Platform Operator Init App update URL: http://hivemq-platform-operator-test-hivemq-platform-operator.helmcustomconfigit-operator.svc:8080/initAppUpdate/hivemq-platform-operator-init-app-1.7.0-SNAPSHOT.jar
2025-01-29 13:20:12,773 INFO c.h.h.t.HelmChartContainer - [hivemq-test-hivemq-platform] [hivemq-platform-operator] [cc3bc278] 13:20:12.771 [main] INFO  c.h.p.o.HiveMQPlatformOperatorApplication - Additional imagePullSecret for all Platform deployments: none
2025-01-29 13:20:12,773 INFO c.h.h.t.HelmChartContainer - [hivemq-test-hivemq-platform] [hivemq-platform-operator] [cc3bc278] 13:20:12.771 [main] INFO  c.h.p.o.HiveMQPlatformOperatorApplication - Apply HiveMQ Platform CRD: true
2025-01-29 13:20:12,773 INFO c.h.h.t.HelmChartContainer - [hivemq-test-hivemq-platform] [hivemq-platform-operator] [cc3bc278] 13:20:12.771 [main] INFO  c.h.p.o.HiveMQPlatformOperatorApplication - Create Platform ServiceAccount: true
2025-01-29 13:20:12,773 INFO c.h.h.t.HelmChartContainer - [hivemq-test-hivemq-platform] [hivemq-platform-operator] [cc3bc278] 13:20:12.771 [main] INFO  c.h.p.o.HiveMQPlatformOperatorApplication - Create Platform ServiceAccount permissions: true
2025-01-29 13:20:12,773 INFO c.h.h.t.HelmChartContainer - [hivemq-test-hivemq-platform] [hivemq-platform-operator] [cc3bc278] 13:20:12.771 [main] INFO  c.h.p.o.HiveMQPlatformOperatorApplication - Validate Platform ServiceAccount: true
2025-01-29 13:20:12,773 INFO c.h.h.t.HelmChartContainer - [hivemq-test-hivemq-platform] [hivemq-platform-operator] [cc3bc278] 13:20:12.771 [main] INFO  c.h.p.o.HiveMQPlatformOperatorApplication - Validate Platform ServiceAccount permissions: true
2025-01-29 13:20:12,937 INFO c.h.h.t.HelmChartContainer - [hivemq-test-hivemq-platform] [hivemq-platform-operator] [cc3bc278] 13:20:12.936 [main] INFO  c.h.platform.operator.util.CRDUtil - Verifying deployed HiveMQ Platform CRD...
2025-01-29 13:20:15,465 INFO c.h.h.t.HelmChartContainer - [hivemq-test-hivemq-platform] [hivemq-platform-operator] [cc3bc278] 13:20:15.464 [main] DEBUG c.h.platform.operator.util.CRDUtil - HiveMQ Platform CRD version v1 is up to date
2025-01-29 13:20:15,465 INFO c.h.h.t.HelmChartContainer - [hivemq-test-hivemq-platform] [hivemq-platform-operator] [cc3bc278] 13:20:15.464 [main] INFO  c.h.platform.operator.util.CRDUtil - HiveMQ Platform CRD is up to date (version: V1_6_0)
2025-01-29 13:20:15,535 INFO c.h.h.t.HelmChartContainer - [hivemq-test-hivemq-platform] [hivemq-platform-operator] [cc3bc278] 13:20:15.535 [main] INFO  c.h.platform.operator.util.CRDUtil - Waiting 10000 ms for HiveMQ Platform CRD 'hivemq-platforms.hivemq.com' to become ready...
2025-01-29 13:20:15,857 INFO c.h.h.t.HelmChartContainer - [hivemq-test-hivemq-platform] [hivemq-platform-operator] [cc3bc278] 13:20:15.856 [vert.x-eventloop-thread-1] DEBUG c.h.platform.operator.util.CRDUtil - Checking CRD condition 'NamesAccepted' (status: 'True')
2025-01-29 13:20:15,858 INFO c.h.h.t.HelmChartContainer - [hivemq-test-hivemq-platform] [hivemq-platform-operator] [cc3bc278] 13:20:15.856 [vert.x-eventloop-thread-1] DEBUG c.h.platform.operator.util.CRDUtil - Checking CRD condition 'Established' (status: 'True')
2025-01-29 13:20:15,859 INFO c.h.h.t.HelmChartContainer - [hivemq-test-hivemq-platform] [hivemq-platform-operator] [cc3bc278] 13:20:15.857 [main] INFO  c.h.platform.operator.util.CRDUtil - HiveMQ Platform CRD 'hivemq-platforms.hivemq.com' is ready
2025-01-29 13:20:16,056 INFO c.h.h.t.HelmChartContainer - [hivemq-test-hivemq-platform] [hivemq-platform-operator] [cc3bc278] 13:20:16.055 [main] INFO  c.h.p.o.HiveMQPlatformReconciler - HiveMQ Platform Operator is starting...
2025-01-29 13:20:16,158 INFO c.h.h.t.HelmChartContainer - [hivemq-test-hivemq-platform] [hivemq-platform-operator] [cc3bc278] 13:20:16.157 [main] WARN  Default ConfigurationService implementation - Configuration for reconciler 'hivemq-controller' was not found. Known reconcilers: None.
2025-01-29 13:20:16,167 INFO c.h.h.t.HelmChartContainer - [hivemq-test-hivemq-platform] [hivemq-platform-operator] [cc3bc278] 13:20:16.164 [main] INFO  Default ConfigurationService implementation - Created configuration for reconciler com.hivemq.platform.operator.HiveMQPlatformReconciler with name hivemq-controller
2025-01-29 13:20:16,265 INFO c.h.h.t.HelmChartContainer - [hivemq-test-hivemq-platform] [hivemq-platform-operator] [cc3bc278] 13:20:16.264 [main] DEBUG c.h.p.o.HiveMQPlatformReconciler - HiveMQ Platform Operator is preparing EventSources
2025-01-29 13:20:16,354 INFO c.h.h.t.HelmChartContainer - [hivemq-test-hivemq-platform] [hivemq-platform-operator] [cc3bc278] 13:20:16.353 [main] INFO  i.javaoperatorsdk.operator.Operator - Registered reconciler: 'hivemq-controller' for resource: 'class com.hivemq.platform.operator.v1.HiveMQPlatform' for namespace(s): [all namespaces]
2025-01-29 13:20:16,867 INFO c.h.h.t.HelmChartContainer - [hivemq-test-hivemq-platform] [hivemq-platform-operator] [cc3bc278] 13:20:16.866 [main] INFO  c.h.p.operator.webserver.JettyServer - Starting Jetty server on port 8080
2025-01-29 13:20:16,962 INFO c.h.h.t.HelmChartContainer - [hivemq-test-hivemq-platform] [hivemq-platform-operator] [cc3bc278] 13:20:16.961 [main] INFO  i.javaoperatorsdk.operator.Operator - Operator SDK 4.9.7 (commit: 2133d28) built on Wed Nov 20 12:56:20 UTC 2024 starting...
2025-01-29 13:20:16,963 INFO c.h.h.t.HelmChartContainer - [hivemq-test-hivemq-platform] [hivemq-platform-operator] [cc3bc278] 13:20:16.961 [main] INFO  i.javaoperatorsdk.operator.Operator - Client version: 6.13.4
2025-01-29 13:20:16,964 INFO c.h.h.t.HelmChartContainer - [hivemq-test-hivemq-platform] [hivemq-platform-operator] [cc3bc278] 13:20:16.963 [Controller Starter for: hivemq-controller] INFO  i.j.operator.processing.Controller - Starting 'hivemq-controller' controller for reconciler: com.hivemq.platform.operator.HiveMQPlatformReconciler, resource: com.hivemq.platform.operator.v1.HiveMQPlatform
2025-01-29 13:20:19,257 INFO c.h.h.t.HelmChartContainer - [hivemq-test-hivemq-platform] [hivemq-platform-operator] [cc3bc278] 13:20:19.253 [Controller Starter for: hivemq-controller] INFO  i.j.operator.processing.Controller - 'hivemq-controller' controller started
2025-01-29 13:20:19,257 INFO c.h.h.t.HelmChartContainer - [hivemq-test-hivemq-platform] [hivemq-platform-operator] [cc3bc278] 13:20:19.254 [main] INFO  c.h.p.o.HiveMQPlatformOperatorApplication - HiveMQ Platform Operator 1.7.0-SNAPSHOT started in 6489 ms
2025-01-29 13:20:20,716 INFO c.h.h.t.HelmChartContainer - [POD] hivemq-test-hivemq-platform-operator-6966f96d65-6qjpt [cc3bc278-5675-4554-a46d-295cdef3dcfa] in helmcustomconfigit-operator was MODIFIED
2025-01-29 13:20:20,721 INFO c.h.h.t.HelmChartContainer - [K3S] [replica_set.go:679] "Finished syncing" kind="ReplicaSet" key="helmcustomconfigit-operator/hivemq-test-hivemq-platform-operator-6966f96d65" duration="10.564921ms"
2025-01-29 13:20:20,723 INFO c.h.h.t.HelmChartContainer - [K3S] [replica_set.go:679] "Finished syncing" kind="ReplicaSet" key="helmcustomconfigit-operator/hivemq-test-hivemq-platform-operator-6966f96d65" duration="43.963µs"
2025-01-29 13:20:21,272 INFO com.hivemq.helmcharts.util.K8sUtil - Pod 'hivemq-test-hivemq-platform-operator-6966f96d65-6qjpt' is ready
2025-01-29 13:20:21,362 DEBUG c.h.h.t.HelmChartContainer - Executing helm command: /bin/helm --kubeconfig /etc/rancher/k3s/k3s.yaml install test-hivemq-platform /charts/hivemq-platform --wait --timeout 5m0s --set image.repository=docker.io/hivemq --set image.tag=4.36.0 --set image.pullPolicy=Never --set nodes.resources.cpu=512m --set config.create=false --set config.name=hivemq-configuration --namespace helmcustomconfigit
2025-01-29 13:20:21,570 INFO c.h.h.t.HelmChartContainer - [hivemq-test-hivemq-platform] [hivemq-platform-operator] [cc3bc278] 13:20:21.569 [-373097727-pool-1-thread-3] WARN  i.m.p.PrometheusMeterRegistry - The meter (MeterId{name='operator.sdk.events.received', tags=[tag(action=ADDED),tag(event=ResourceEvent),tag(group=hivemq.com),tag(kind=HiveMQPlatform),tag(name=test-hivemq-platform),tag(namespace=helmcustomconfigit),tag(scope=namespace),tag(version=v1)]}) registration has failed: Prometheus requires that all meters with the same name have the same set of tag keys. There is already an existing meter named 'operator.sdk.events.received' containing tag keys [event, group, kind, name, namespace, scope, version]. The meter you are attempting to register has keys [action, event, group, kind, name, namespace, scope, version]. Note that subsequent logs will be logged at debug level.
2025-01-29 13:20:22,039 INFO c.h.h.t.HelmChartContainer - [hivemq-test-hivemq-platform] [hivemq-platform-operator] [cc3bc278] 13:20:22.038 [pool-6-thread-3] DEBUG c.h.p.o.dependants.PodInfoConfigMap - [helmcust] Desired PodInfo ConfigMap (1 extensions) (1 enabled)
2025-01-29 13:20:22,040 INFO c.h.h.t.HelmChartContainer - [hivemq-test-hivemq-platform] [hivemq-platform-operator] [cc3bc278] 13:20:22.038 [pool-6-thread-3] DEBUG c.h.p.o.dependants.PodInfoConfigMap - [helmcust] Desired PodInfo ConfigMap (metrics port: 9399) (metrics path: /)
2025-01-29 13:20:22,040 INFO c.h.h.t.HelmChartContainer - [hivemq-test-hivemq-platform] [hivemq-platform-operator] [cc3bc278] 13:20:22.038 [pool-6-thread-3] DEBUG c.h.p.o.dependants.PodInfoConfigMap - [helmcust] Desired PodInfo ConfigMap (extension state hash: -1817474005)
2025-01-29 13:20:22,041 INFO c.h.h.t.HelmChartContainer - [hivemq-test-hivemq-platform] [hivemq-platform-operator] [cc3bc278] 13:20:22.040 [pool-6-thread-3] DEBUG c.h.p.o.dependants.PodInfoConfigMap - [helmcust] Create PodInfo ConfigMap
2025-01-29 13:20:22,155 INFO c.h.h.t.HelmChartContainer - [hivemq-test-hivemq-platform] [hivemq-platform-operator] [cc3bc278] 13:20:22.152 [pool-6-thread-5] DEBUG c.h.p.o.dependants.PodRoleResource - [helmcust] Create Role: Role(apiVersion=rbac.authorization.k8s.io/v1, kind=Role, metadata=ObjectMeta(annotations={meta.helm.sh/release-name=test-hivemq-platform, meta.helm.sh/release-namespace=helmcustomconfigit}, creationTimestamp=null, deletionGracePeriodSeconds=null, deletionTimestamp=null, finalizers=[], generateName=null, generation=null, labels={helm.sh/chart=hivemq-platform-0.2.32, app.kubernetes.io/managed-by=Helm, app.kubernetes.io/name=hivemq-platform, hivemq-platform=test-hivemq-platform, app.kubernetes.io/instance=test-hivemq-platform, app.kubernetes.io/version=4.36.0}, managedFields=[], name=hivemq-platform-role-test-hivemq-platform, namespace=helmcustomconfigit, ownerReferences=[OwnerReference(apiVersion=hivemq.com/v1, blockOwnerDeletion=null, controller=null, kind=HiveMQPlatform, name=test-hivemq-platform, uid=a7069832-b5b5-4702-b079-ebaeedd95ede, additionalProperties={})], resourceVersion=null, selfLink=null, uid=null, additionalProperties={}), rules=[PolicyRule(apiGroups=[], nonResourceURLs=[], resourceNames=[], resources=[pods], verbs=[get, patch, update], additionalProperties={})], additionalProperties={})
2025-01-29 13:20:22,261 INFO c.h.h.t.HelmChartContainer - [hivemq-test-hivemq-platform] [hivemq-platform-operator] [cc3bc278] 13:20:22.260 [pool-6-thread-7] DEBUG c.h.p.o.d.PodServiceAccountResource - [helmcust] Desired PodServiceAccountResource (serviceAccountName: hivemq-platform-pod-test-hivemq-platform)
2025-01-29 13:20:22,339 INFO c.h.h.t.HelmChartContainer - [hivemq-test-hivemq-platform] [hivemq-platform-operator] [cc3bc278] 13:20:22.335 [pool-6-thread-7] DEBUG c.h.p.o.d.PodServiceAccountResource - [helmcust] Create ServiceAccount 'hivemq-platform-pod-test-hivemq-platform'
2025-01-29 13:20:22,442 INFO c.h.h.t.HelmChartContainer - [hivemq-test-hivemq-platform] [hivemq-platform-operator] [cc3bc278] 13:20:22.441 [pool-6-thread-10] DEBUG c.h.p.o.d.PodRoleBindingResource - [helmcust] Create RoleBinding: RoleBinding(apiVersion=rbac.authorization.k8s.io/v1, kind=RoleBinding, metadata=ObjectMeta(annotations={meta.helm.sh/release-name=test-hivemq-platform, meta.helm.sh/release-namespace=helmcustomconfigit}, creationTimestamp=null, deletionGracePeriodSeconds=null, deletionTimestamp=null, finalizers=[], generateName=null, generation=null, labels={helm.sh/chart=hivemq-platform-0.2.32, app.kubernetes.io/managed-by=Helm, app.kubernetes.io/name=hivemq-platform, hivemq-platform=test-hivemq-platform, app.kubernetes.io/instance=test-hivemq-platform, app.kubernetes.io/version=4.36.0}, managedFields=[], name=hivemq-platform-role-binding-test-hivemq-platform, namespace=helmcustomconfigit, ownerReferences=[OwnerReference(apiVersion=hivemq.com/v1, blockOwnerDeletion=null, controller=null, kind=HiveMQPlatform, name=test-hivemq-platform, uid=a7069832-b5b5-4702-b079-ebaeedd95ede, additionalProperties={})], resourceVersion=null, selfLink=null, uid=null, additionalProperties={}), roleRef=RoleRef(apiGroup=rbac.authorization.k8s.io, kind=Role, name=hivemq-platform-role-test-hivemq-platform, additionalProperties={}), subjects=[Subject(apiGroup=null, kind=ServiceAccount, name=hivemq-platform-pod-test-hivemq-platform, namespace=helmcustomconfigit, additionalProperties={})], additionalProperties={})
2025-01-29 13:20:22,539 INFO c.h.h.t.HelmChartContainer - [hivemq-test-hivemq-platform] [hivemq-platform-operator] [cc3bc278] 13:20:22.537 [ReconcilerExecutor-hivemq-controller-53] INFO  c.h.p.o.HiveMQPlatformReconciler - [helmcust] Reconciling HiveMQ Platform 'test-hivemq-platform' in namespace 'helmcustomconfigit'
2025-01-29 13:20:22,539 INFO c.h.h.t.HelmChartContainer - [hivemq-test-hivemq-platform] [hivemq-platform-operator] [cc3bc278] 13:20:22.538 [ReconcilerExecutor-hivemq-controller-53] DEBUG c.h.p.o.HiveMQPlatformReconciler - [helmcust] Custom Resource Status CREATED - HiveMQ Platform was created (READY)
2025-01-29 13:20:22,539 INFO c.h.h.t.HelmChartContainer - [hivemq-test-hivemq-platform] [hivemq-platform-operator] [cc3bc278] 13:20:22.538 [ReconcilerExecutor-hivemq-controller-53] DEBUG c.h.p.o.HiveMQPlatformReconciler - [helmcust] Custom Resource Spec (replicas: 2) (extensions: 1)
2025-01-29 13:20:22,543 INFO c.h.h.t.HelmChartContainer - [hivemq-test-hivemq-platform] [hivemq-platform-operator] [cc3bc278] 13:20:22.543 [ReconcilerExecutor-hivemq-controller-53] INFO  c.h.p.o.h.HiveMQPlatformReconcilerBaseHandler - [helmcust] HiveMQ Platform is starting
2025-01-29 13:20:22,656 INFO c.h.h.t.HelmChartContainer - [hivemq-test-hivemq-platform] [hivemq-platform-operator] [cc3bc278] 13:20:22.655 [ReconcilerExecutor-hivemq-controller-53] DEBUG c.h.p.operator.event.EventSender - [helmcust] Creating K8s event hivemq-platform-starting: [Start] HiveMQ Platform is starting
2025-01-29 13:20:22,665 INFO c.h.h.t.HelmChartContainer - [EVENT] Normal [Start] HiveMQ Platform is starting [helmcustomconfigit:test-hivemq-platform]
2025-01-29 13:20:22,669 INFO c.h.h.t.HelmChartContainer - [hivemq-test-hivemq-platform] [hivemq-platform-operator] [cc3bc278] 13:20:22.668 [ReconcilerExecutor-hivemq-controller-53] INFO  c.h.p.o.h.AbstractHiveMQReconcilerStateHandler - [helmcust] Update HiveMQ Platform Status (CREATED [READY] -> STARTING [READY]): HiveMQ Platform is starting
2025-01-29 13:20:22,747 DEBUG com.hivemq.helmcharts.util.K8sUtil - Comparing actual state 'STARTING' and waiting for 'RUNNING'
2025-01-29 13:20:32,763 INFO c.h.h.t.HelmChartContainer - [hivemq-test-hivemq-platform] [hivemq-platform-operator] [cc3bc278] 13:20:32.760 [pool-6-thread-12] DEBUG c.h.p.o.d.PlatformServiceResource - [helmcust] Desired Platform services (3 services)
2025-01-29 13:20:32,765 INFO c.h.h.t.HelmChartContainer - [hivemq-test-hivemq-platform] [hivemq-platform-operator] [cc3bc278] 13:20:32.764 [pool-6-thread-13] DEBUG c.h.p.o.dependants.PodInfoConfigMap - [helmcust] Desired PodInfo ConfigMap (1 extensions) (1 enabled)
2025-01-29 13:20:32,770 INFO c.h.h.t.HelmChartContainer - [hivemq-test-hivemq-platform] [hivemq-platform-operator] [cc3bc278] 13:20:32.769 [pool-6-thread-13] DEBUG c.h.p.o.dependants.PodInfoConfigMap - [helmcust] Desired PodInfo ConfigMap (metrics port: 9399) (metrics path: /)
2025-01-29 13:20:32,771 INFO c.h.h.t.HelmChartContainer - [hivemq-test-hivemq-platform] [hivemq-platform-operator] [cc3bc278] 13:20:32.769 [pool-6-thread-13] DEBUG c.h.p.o.dependants.PodInfoConfigMap - [helmcust] Desired PodInfo ConfigMap (extension state hash: -1817474005)
2025-01-29 13:20:32,772 INFO c.h.h.t.HelmChartContainer - [hivemq-test-hivemq-platform] [hivemq-platform-operator] [cc3bc278] 13:20:32.767 [pool-6-thread-17] DEBUG c.h.p.o.d.PodServiceAccountResource - [helmcust] Desired PodServiceAccountResource (serviceAccountName: hivemq-platform-pod-test-hivemq-platform)
2025-01-29 13:20:32,776 INFO c.h.h.t.HelmChartContainer - [K3S] [alloc.go:330] "allocated clusterIPs" service="helmcustomconfigit/hivemq-test-hivemq-platform-cc-8080" clusterIPs={"IPv4":"10.43.170.21"}
2025-01-29 13:20:32,857 INFO c.h.h.t.HelmChartContainer - [hivemq-test-hivemq-platform] [hivemq-platform-operator] [cc3bc278] 13:20:32.853 [pool-6-thread-13] DEBUG c.h.p.o.dependants.PodInfoConfigMap - [helmcust] Update PodInfo ConfigMap
2025-01-29 13:20:32,868 INFO c.h.h.t.HelmChartContainer - [K3S] [alloc.go:330] "allocated clusterIPs" service="helmcustomconfigit/hivemq-test-hivemq-platform-metrics-9399" clusterIPs={"IPv4":"10.43.184.103"}
2025-01-29 13:20:32,959 INFO c.h.h.t.HelmChartContainer - [K3S] [alloc.go:330] "allocated clusterIPs" service="helmcustomconfigit/hivemq-test-hivemq-platform-mqtt-1883" clusterIPs={"IPv4":"10.43.62.26"}
2025-01-29 13:20:32,969 INFO c.h.h.t.HelmChartContainer - [hivemq-test-hivemq-platform] [hivemq-platform-operator] [cc3bc278] 13:20:32.967 [pool-6-thread-20] DEBUG c.h.p.o.d.StatefulSetResource - [helmcust] Desired StatefulSet (2 replicas) for status STARTING (READY)
2025-01-29 13:20:33,065 INFO c.h.h.t.HelmChartContainer - [hivemq-test-hivemq-platform] [hivemq-platform-operator] [cc3bc278] 13:20:33.061 [pool-6-thread-20] DEBUG c.h.p.o.d.StatefulSetResource - [helmcust] Create StatefulSet
2025-01-29 13:20:33,176 INFO c.h.h.t.HelmChartContainer - [POD] test-hivemq-platform-0 [2238f94b-eb0c-4fd9-a320-f58ad69dae44] in helmcustomconfigit was ADDED
2025-01-29 13:20:33,186 INFO c.h.h.t.HelmChartContainer - [EVENT] Normal [SuccessfulCreate] create Pod test-hivemq-platform-0 in StatefulSet test-hivemq-platform successful [helmcustomconfigit:test-hivemq-platform]
2025-01-29 13:20:33,186 INFO c.h.h.t.HelmChartContainer - [POD] test-hivemq-platform-0 [2238f94b-eb0c-4fd9-a320-f58ad69dae44] in helmcustomconfigit was MODIFIED
2025-01-29 13:20:33,190 INFO c.h.h.t.HelmChartContainer - [EVENT] Normal [Scheduled] Successfully assigned helmcustomconfigit/test-hivemq-platform-0 to 8f07877cb075 [helmcustomconfigit:test-hivemq-platform-0]
2025-01-29 13:20:33,206 INFO c.h.h.t.HelmChartContainer - [POD] test-hivemq-platform-0 [2238f94b-eb0c-4fd9-a320-f58ad69dae44] in helmcustomconfigit was MODIFIED
2025-01-29 13:20:33,257 INFO c.h.h.t.HelmChartContainer - [hivemq-test-hivemq-platform] [hivemq-platform-operator] [cc3bc278] 13:20:33.253 [ReconcilerExecutor-hivemq-controller-64] INFO  c.h.p.o.HiveMQPlatformReconciler - [helmcust] Reconciling HiveMQ Platform 'test-hivemq-platform' in namespace 'helmcustomconfigit'
2025-01-29 13:20:33,257 INFO c.h.h.t.HelmChartContainer - [hivemq-test-hivemq-platform] [hivemq-platform-operator] [cc3bc278] 13:20:33.253 [ReconcilerExecutor-hivemq-controller-64] DEBUG c.h.p.o.HiveMQPlatformReconciler - [helmcust] Custom Resource Status STARTING - HiveMQ Platform is starting (READY)
2025-01-29 13:20:33,257 INFO c.h.h.t.HelmChartContainer - [hivemq-test-hivemq-platform] [hivemq-platform-operator] [cc3bc278] 13:20:33.253 [ReconcilerExecutor-hivemq-controller-64] DEBUG c.h.p.o.HiveMQPlatformReconciler - [helmcust] Custom Resource Spec (replicas: 2) (extensions: 1)
2025-01-29 13:20:33,267 INFO c.h.h.t.HelmChartContainer - [hivemq-test-hivemq-platform] [hivemq-platform-operator] [cc3bc278] 13:20:33.266 [ReconcilerExecutor-hivemq-controller-64] DEBUG c.h.p.o.HiveMQPlatformReconciler - [helmcust] StatefulSet Status (revision: null, replicas: 0, available: 0, ready: 0, current: 0, updated: 0)
2025-01-29 13:20:33,269 INFO c.h.h.t.HelmChartContainer - [hivemq-test-hivemq-platform] [hivemq-platform-operator] [cc3bc278] 13:20:33.266 [ReconcilerExecutor-hivemq-controller-64] DEBUG c.h.p.o.HiveMQPlatformReconciler - [helmcust] StatefulSet Spec (replicas: 2, init containers: 1, containers: 1, volumes: 3)
2025-01-29 13:20:33,328 INFO c.h.h.t.HelmChartContainer - [K3S] [reconciler_common.go:251] "operationExecutor.VerifyControllerAttachedVolume started for volume \"pod-info\" (UniqueName: \"kubernetes.io/configmap/2238f94b-eb0c-4fd9-a320-f58ad69dae44-pod-info\") pod \"test-hivemq-platform-0\" (UID: \"2238f94b-eb0c-4fd9-a320-f58ad69dae44\") " pod="helmcustomconfigit/test-hivemq-platform-0"
2025-01-29 13:20:33,329 INFO c.h.h.t.HelmChartContainer - [K3S] [reconciler_common.go:251] "operationExecutor.VerifyControllerAttachedVolume started for volume \"kube-api-access-6dgcm\" (UniqueName: \"kubernetes.io/projected/2238f94b-eb0c-4fd9-a320-f58ad69dae44-kube-api-access-6dgcm\") pod \"test-hivemq-platform-0\" (UID: \"2238f94b-eb0c-4fd9-a320-f58ad69dae44\") " pod="helmcustomconfigit/test-hivemq-platform-0"
2025-01-29 13:20:33,329 INFO c.h.h.t.HelmChartContainer - [K3S] [reconciler_common.go:251] "operationExecutor.VerifyControllerAttachedVolume started for volume \"operator-init\" (UniqueName: \"kubernetes.io/empty-dir/2238f94b-eb0c-4fd9-a320-f58ad69dae44-operator-init\") pod \"test-hivemq-platform-0\" (UID: \"2238f94b-eb0c-4fd9-a320-f58ad69dae44\") " pod="helmcustomconfigit/test-hivemq-platform-0"
2025-01-29 13:20:33,329 INFO c.h.h.t.HelmChartContainer - [K3S] [reconciler_common.go:251] "operationExecutor.VerifyControllerAttachedVolume started for volume \"broker-configuration\" (UniqueName: \"kubernetes.io/configmap/2238f94b-eb0c-4fd9-a320-f58ad69dae44-broker-configuration\") pod \"test-hivemq-platform-0\" (UID: \"2238f94b-eb0c-4fd9-a320-f58ad69dae44\") " pod="helmcustomconfigit/test-hivemq-platform-0"
2025-01-29 13:20:33,360 INFO c.h.h.t.HelmChartContainer - [hivemq-test-hivemq-platform] [hivemq-platform-operator] [cc3bc278] 13:20:33.359 [ReconcilerExecutor-hivemq-controller-64] DEBUG c.h.p.o.h.HiveMQPlatformReconcilerErrorHandler - [helmcust] Pod 'test-hivemq-platform-0' phase Pending
2025-01-29 13:20:33,361 INFO c.h.h.t.HelmChartContainer - [hivemq-test-hivemq-platform] [hivemq-platform-operator] [cc3bc278] 13:20:33.359 [ReconcilerExecutor-hivemq-controller-64] DEBUG c.h.p.o.h.HiveMQPlatformReconcilerErrorHandler - [helmcust] Pod 'test-hivemq-platform-0' condition 'PodScheduled': True
2025-01-29 13:20:33,362 INFO c.h.h.t.HelmChartContainer - [hivemq-test-hivemq-platform] [hivemq-platform-operator] [cc3bc278] 13:20:33.361 [ReconcilerExecutor-hivemq-controller-64] INFO  c.h.p.o.h.HiveMQPlatformReconcilerBaseHandler - [helmcust] HiveMQ Platform is starting, 0 of 2 replicas are ready
2025-01-29 13:20:33,368 INFO c.h.h.t.HelmChartContainer - [hivemq-test-hivemq-platform] [hivemq-platform-operator] [cc3bc278] 13:20:33.365 [pool-6-thread-22] DEBUG c.h.p.o.d.PlatformServiceResource - [helmcust] Desired Platform services (3 services)
2025-01-29 13:20:33,369 INFO c.h.h.t.HelmChartContainer - [hivemq-test-hivemq-platform] [hivemq-platform-operator] [cc3bc278] 13:20:33.367 [pool-6-thread-23] DEBUG c.h.p.o.dependants.PodInfoConfigMap - [helmcust] Desired PodInfo ConfigMap (1 extensions) (1 enabled)
2025-01-29 13:20:33,369 INFO c.h.h.t.HelmChartContainer - [hivemq-test-hivemq-platform] [hivemq-platform-operator] [cc3bc278] 13:20:33.367 [pool-6-thread-23] DEBUG c.h.p.o.dependants.PodInfoConfigMap - [helmcust] Desired PodInfo ConfigMap (metrics port: 9399) (metrics path: /)
2025-01-29 13:20:33,369 INFO c.h.h.t.HelmChartContainer - [hivemq-test-hivemq-platform] [hivemq-platform-operator] [cc3bc278] 13:20:33.367 [pool-6-thread-23] DEBUG c.h.p.o.dependants.PodInfoConfigMap - [helmcust] Desired PodInfo ConfigMap (extension state hash: -1817474005)
2025-01-29 13:20:33,457 INFO c.h.h.t.HelmChartContainer - [hivemq-test-hivemq-platform] [hivemq-platform-operator] [cc3bc278] 13:20:33.454 [pool-6-thread-27] DEBUG c.h.p.o.d.PodServiceAccountResource - [helmcust] Desired PodServiceAccountResource (serviceAccountName: hivemq-platform-pod-test-hivemq-platform)
2025-01-29 13:20:33,463 INFO c.h.h.t.HelmChartContainer - [hivemq-test-hivemq-platform] [hivemq-platform-operator] [cc3bc278] 13:20:33.462 [pool-6-thread-30] DEBUG c.h.p.o.d.StatefulSetResource - [helmcust] Desired StatefulSet (2 replicas) for status STARTING (READY)
2025-01-29 13:20:33,563 INFO c.h.h.t.HelmChartContainer - [hivemq-test-hivemq-platform] [hivemq-platform-operator] [cc3bc278] 13:20:33.560 [ReconcilerExecutor-hivemq-controller-75] INFO  c.h.p.o.HiveMQPlatformReconciler - [helmcust] Reconciling HiveMQ Platform 'test-hivemq-platform' in namespace 'helmcustomconfigit'
2025-01-29 13:20:33,563 INFO c.h.h.t.HelmChartContainer - [hivemq-test-hivemq-platform] [hivemq-platform-operator] [cc3bc278] 13:20:33.560 [ReconcilerExecutor-hivemq-controller-75] DEBUG c.h.p.o.HiveMQPlatformReconciler - [helmcust] Custom Resource Status STARTING - HiveMQ Platform is starting (READY)
2025-01-29 13:20:33,563 INFO c.h.h.t.HelmChartContainer - [hivemq-test-hivemq-platform] [hivemq-platform-operator] [cc3bc278] 13:20:33.560 [ReconcilerExecutor-hivemq-controller-75] DEBUG c.h.p.o.HiveMQPlatformReconciler - [helmcust] Custom Resource Spec (replicas: 2) (extensions: 1)
2025-01-29 13:20:33,571 INFO c.h.h.t.HelmChartContainer - [hivemq-test-hivemq-platform] [hivemq-platform-operator] [cc3bc278] 13:20:33.569 [ReconcilerExecutor-hivemq-controller-75] DEBUG c.h.p.o.HiveMQPlatformReconciler - [helmcust] StatefulSet Status (revision: test-hivemq-platform-86bfbd5557, replicas: 1, available: 0, ready: 0, current: 1, updated: 1)
2025-01-29 13:20:33,571 INFO c.h.h.t.HelmChartContainer - [hivemq-test-hivemq-platform] [hivemq-platform-operator] [cc3bc278] 13:20:33.569 [ReconcilerExecutor-hivemq-controller-75] DEBUG c.h.p.o.HiveMQPlatformReconciler - [helmcust] StatefulSet Spec (replicas: 2, init containers: 1, containers: 1, volumes: 3)
2025-01-29 13:20:33,576 INFO c.h.h.t.HelmChartContainer - [hivemq-test-hivemq-platform] [hivemq-platform-operator] [cc3bc278] 13:20:33.575 [ReconcilerExecutor-hivemq-controller-75] DEBUG c.h.p.o.h.HiveMQPlatformReconcilerErrorHandler - [helmcust] Pod 'test-hivemq-platform-0' phase Pending
2025-01-29 13:20:33,585 INFO c.h.h.t.HelmChartContainer - [EVENT] Normal [Pulled] Container image "docker.io/hivemq/hivemq-platform-operator-init-test:snapshot" already present on machine [helmcustomconfigit:test-hivemq-platform-0]
2025-01-29 13:20:33,654 INFO c.h.h.t.HelmChartContainer - [hivemq-test-hivemq-platform] [hivemq-platform-operator] [cc3bc278] 13:20:33.652 [ReconcilerExecutor-hivemq-controller-75] DEBUG c.h.p.o.h.HiveMQPlatformReconcilerErrorHandler - [helmcust] Pod 'test-hivemq-platform-0' condition 'PodReadyToStartContainers': False
2025-01-29 13:20:33,654 INFO c.h.h.t.HelmChartContainer - [hivemq-test-hivemq-platform] [hivemq-platform-operator] [cc3bc278] 13:20:33.652 [ReconcilerExecutor-hivemq-controller-75] DEBUG c.h.p.o.h.HiveMQPlatformReconcilerErrorHandler - [helmcust] Pod 'test-hivemq-platform-0' condition 'Initialized': False
2025-01-29 13:20:33,656 INFO c.h.h.t.HelmChartContainer - [hivemq-test-hivemq-platform] [hivemq-platform-operator] [cc3bc278] 13:20:33.652 [ReconcilerExecutor-hivemq-controller-75] DEBUG c.h.p.o.h.HiveMQPlatformReconcilerErrorHandler - [helmcust] Pod 'test-hivemq-platform-0' condition 'Ready': False
2025-01-29 13:20:33,656 INFO c.h.h.t.HelmChartContainer - [hivemq-test-hivemq-platform] [hivemq-platform-operator] [cc3bc278] 13:20:33.652 [ReconcilerExecutor-hivemq-controller-75] DEBUG c.h.p.o.h.HiveMQPlatformReconcilerErrorHandler - [helmcust] Pod 'test-hivemq-platform-0' condition 'ContainersReady': False
2025-01-29 13:20:33,656 INFO c.h.h.t.HelmChartContainer - [hivemq-test-hivemq-platform] [hivemq-platform-operator] [cc3bc278] 13:20:33.652 [ReconcilerExecutor-hivemq-controller-75] DEBUG c.h.p.o.h.HiveMQPlatformReconcilerErrorHandler - [helmcust] Pod 'test-hivemq-platform-0' condition 'PodScheduled': True
2025-01-29 13:20:33,656 INFO c.h.h.t.HelmChartContainer - [hivemq-test-hivemq-platform] [hivemq-platform-operator] [cc3bc278] 13:20:33.653 [ReconcilerExecutor-hivemq-controller-75] DEBUG c.h.p.o.h.HiveMQPlatformReconcilerErrorHandler - [helmcust] Pod 'test-hivemq-platform-0' containerStatus 'hivemq' (started: false) (ready: false) (waiting: [PodInitializing] null)
2025-01-29 13:20:33,657 INFO c.h.h.t.HelmChartContainer - [hivemq-test-hivemq-platform] [hivemq-platform-operator] [cc3bc278] 13:20:33.656 [ReconcilerExecutor-hivemq-controller-75] INFO  c.h.p.o.h.HiveMQPlatformReconcilerBaseHandler - [helmcust] HiveMQ Platform is starting, 0 of 2 replicas are ready
2025-01-29 13:20:33,747 INFO c.h.h.t.HelmChartContainer - [EVENT] Normal [Created] Created container: hivemq-platform-operator-init [helmcustomconfigit:test-hivemq-platform-0]
2025-01-29 13:20:33,788 INFO c.h.h.t.HelmChartContainer - [EVENT] Normal [Started] Started container hivemq-platform-operator-init [helmcustomconfigit:test-hivemq-platform-0]
2025-01-29 13:20:34,742 INFO c.h.h.t.HelmChartContainer - [EVENT] Normal [Pulled] Container image "docker.io/hivemq/hivemq4:4.36.0" already present on machine [helmcustomconfigit:test-hivemq-platform-0]
2025-01-29 13:20:34,742 INFO c.h.h.t.HelmChartContainer - Received Pulled event for container hivemq in pod test-hivemq-platform-0 [2238f94b-eb0c-4fd9-a320-f58ad69dae44]
2025-01-29 13:20:34,762 INFO c.h.h.t.HelmChartContainer - [POD] test-hivemq-platform-0 [2238f94b-eb0c-4fd9-a320-f58ad69dae44] in helmcustomconfigit was MODIFIED
2025-01-29 13:20:34,786 INFO c.h.h.t.HelmChartContainer - [hivemq-test-hivemq-platform] [hivemq-platform-operator] [cc3bc278] 13:20:34.770 [pool-6-thread-32] DEBUG c.h.p.o.d.PlatformServiceResource - [helmcust] Desired Platform services (3 services)
2025-01-29 13:20:34,786 INFO c.h.h.t.HelmChartContainer - [hivemq-test-hivemq-platform] [hivemq-platform-operator] [cc3bc278] 13:20:34.773 [pool-6-thread-33] DEBUG c.h.p.o.dependants.PodInfoConfigMap - [helmcust] Desired PodInfo ConfigMap (1 extensions) (1 enabled)
2025-01-29 13:20:34,786 INFO c.h.h.t.HelmChartContainer - [hivemq-test-hivemq-platform] [hivemq-platform-operator] [cc3bc278] 13:20:34.774 [pool-6-thread-33] DEBUG c.h.p.o.dependants.PodInfoConfigMap - [helmcust] Desired PodInfo ConfigMap (metrics port: 9399) (metrics path: /)
2025-01-29 13:20:34,786 INFO c.h.h.t.HelmChartContainer - [hivemq-test-hivemq-platform] [hivemq-platform-operator] [cc3bc278] 13:20:34.776 [pool-6-thread-33] DEBUG c.h.p.o.dependants.PodInfoConfigMap - [helmcust] Desired PodInfo ConfigMap (extension state hash: -1817474005)
2025-01-29 13:20:34,790 INFO c.h.h.t.HelmChartContainer - [hivemq-test-hivemq-platform] [hivemq-platform-operator] [cc3bc278] 13:20:34.785 [pool-6-thread-37] DEBUG c.h.p.o.d.PodServiceAccountResource - [helmcust] Desired PodServiceAccountResource (serviceAccountName: hivemq-platform-pod-test-hivemq-platform)
2025-01-29 13:20:34,862 INFO c.h.h.t.HelmChartContainer - [hivemq-test-hivemq-platform] [hivemq-platform-operator] [cc3bc278] 13:20:34.859 [pool-6-thread-40] DEBUG c.h.p.o.d.StatefulSetResource - [helmcust] Desired StatefulSet (2 replicas) for status STARTING (READY)
2025-01-29 13:20:34,868 INFO c.h.h.t.HelmChartContainer - [hivemq-test-hivemq-platform] [hivemq-platform-operator] [cc3bc278] 13:20:34.866 [ReconcilerExecutor-hivemq-controller-86] INFO  c.h.p.o.HiveMQPlatformReconciler - [helmcust] Reconciling HiveMQ Platform 'test-hivemq-platform' in namespace 'helmcustomconfigit'
2025-01-29 13:20:34,871 INFO c.h.h.t.HelmChartContainer - [hivemq-test-hivemq-platform] [hivemq-platform-operator] [cc3bc278] 13:20:34.866 [ReconcilerExecutor-hivemq-controller-86] DEBUG c.h.p.o.HiveMQPlatformReconciler - [helmcust] Custom Resource Status STARTING - HiveMQ Platform is starting (READY)
2025-01-29 13:20:34,872 INFO c.h.h.t.HelmChartContainer - [hivemq-test-hivemq-platform] [hivemq-platform-operator] [cc3bc278] 13:20:34.867 [ReconcilerExecutor-hivemq-controller-86] DEBUG c.h.p.o.HiveMQPlatformReconciler - [helmcust] Custom Resource Spec (replicas: 2) (extensions: 1)
2025-01-29 13:20:34,872 INFO c.h.h.t.HelmChartContainer - [hivemq-test-hivemq-platform] [hivemq-platform-operator] [cc3bc278] 13:20:34.871 [ReconcilerExecutor-hivemq-controller-86] DEBUG c.h.p.o.HiveMQPlatformReconciler - [helmcust] StatefulSet Status (revision: test-hivemq-platform-86bfbd5557, replicas: 1, available: 0, ready: 0, current: 1, updated: 1)
2025-01-29 13:20:34,873 INFO c.h.h.t.HelmChartContainer - [hivemq-test-hivemq-platform] [hivemq-platform-operator] [cc3bc278] 13:20:34.871 [ReconcilerExecutor-hivemq-controller-86] DEBUG c.h.p.o.HiveMQPlatformReconciler - [helmcust] StatefulSet Spec (replicas: 2, init containers: 1, containers: 1, volumes: 3)
2025-01-29 13:20:34,877 INFO c.h.h.t.HelmChartContainer - [hivemq-test-hivemq-platform] [hivemq-platform-operator] [cc3bc278] 13:20:34.876 [ReconcilerExecutor-hivemq-controller-86] DEBUG c.h.p.o.h.HiveMQPlatformReconcilerErrorHandler - [helmcust] Pod 'test-hivemq-platform-0' phase Pending
2025-01-29 13:20:34,878 INFO c.h.h.t.HelmChartContainer - [hivemq-test-hivemq-platform] [hivemq-platform-operator] [cc3bc278] 13:20:34.877 [ReconcilerExecutor-hivemq-controller-86] DEBUG c.h.p.o.h.HiveMQPlatformReconcilerErrorHandler - [helmcust] Pod 'test-hivemq-platform-0' condition 'PodReadyToStartContainers': True
2025-01-29 13:20:34,937 INFO c.h.h.t.HelmChartContainer - [hivemq-test-hivemq-platform] [hivemq-platform-operator] [cc3bc278] 13:20:34.877 [ReconcilerExecutor-hivemq-controller-86] DEBUG c.h.p.o.h.HiveMQPlatformReconcilerErrorHandler - [helmcust] Pod 'test-hivemq-platform-0' condition 'Initialized': True
2025-01-29 13:20:34,938 INFO c.h.h.t.HelmChartContainer - [hivemq-test-hivemq-platform] [hivemq-platform-operator] [cc3bc278] 13:20:34.935 [ReconcilerExecutor-hivemq-controller-86] DEBUG c.h.p.o.h.HiveMQPlatformReconcilerErrorHandler - [helmcust] Pod 'test-hivemq-platform-0' condition 'Ready': False
2025-01-29 13:20:34,938 INFO c.h.h.t.HelmChartContainer - [hivemq-test-hivemq-platform] [hivemq-platform-operator] [cc3bc278] 13:20:34.935 [ReconcilerExecutor-hivemq-controller-86] DEBUG c.h.p.o.h.HiveMQPlatformReconcilerErrorHandler - [helmcust] Pod 'test-hivemq-platform-0' condition 'ContainersReady': False
2025-01-29 13:20:34,938 INFO c.h.h.t.HelmChartContainer - [hivemq-test-hivemq-platform] [hivemq-platform-operator] [cc3bc278] 13:20:34.935 [ReconcilerExecutor-hivemq-controller-86] DEBUG c.h.p.o.h.HiveMQPlatformReconcilerErrorHandler - [helmcust] Pod 'test-hivemq-platform-0' condition 'PodScheduled': True
2025-01-29 13:20:34,938 INFO c.h.h.t.HelmChartContainer - [hivemq-test-hivemq-platform] [hivemq-platform-operator] [cc3bc278] 13:20:34.935 [ReconcilerExecutor-hivemq-controller-86] DEBUG c.h.p.o.h.HiveMQPlatformReconcilerErrorHandler - [helmcust] Pod 'test-hivemq-platform-0' containerStatus 'hivemq' (started: false) (ready: false) (waiting: [PodInitializing] null)
2025-01-29 13:20:34,939 INFO c.h.h.t.HelmChartContainer - [hivemq-test-hivemq-platform] [hivemq-platform-operator] [cc3bc278] 13:20:34.937 [ReconcilerExecutor-hivemq-controller-86] INFO  c.h.p.o.h.HiveMQPlatformReconcilerBaseHandler - [helmcust] HiveMQ Platform is starting, 0 of 2 replicas are ready
2025-01-29 13:20:36,012 INFO c.h.h.t.HelmChartContainer - [EVENT] Normal [Created] Created container: hivemq [helmcustomconfigit:test-hivemq-platform-0]
2025-01-29 13:20:36,012 INFO c.h.h.t.HelmChartContainer - Received Created event for container hivemq in pod test-hivemq-platform-0 [2238f94b-eb0c-4fd9-a320-f58ad69dae44]
2025-01-29 13:20:36,753 INFO c.h.h.t.HelmChartContainer - [POD] test-hivemq-platform-0 [2238f94b-eb0c-4fd9-a320-f58ad69dae44] in helmcustomconfigit was MODIFIED
2025-01-29 13:20:36,764 INFO c.h.h.t.HelmChartContainer - Started log watcher for hivemq in pod test-hivemq-platform-0 [2238f94b-eb0c-4fd9-a320-f58ad69dae44]
2025-01-29 13:20:36,764 INFO c.h.h.t.HelmChartContainer - [test-hivemq-platform] [hivemq] [2238f94b] Adding pre-installed HiveMQ Platform Operator extensions
2025-01-29 13:20:36,764 INFO c.h.h.t.HelmChartContainer - [test-hivemq-platform] [hivemq] [2238f94b] Running as user 10000
2025-01-29 13:20:36,764 INFO c.h.h.t.HelmChartContainer - [test-hivemq-platform] [hivemq] [2238f94b] Starting HiveMQ Platform Operator Init
2025-01-29 13:20:36,764 INFO c.h.h.t.HelmChartContainer - [EVENT] Normal [Started] Started container hivemq [helmcustomconfigit:test-hivemq-platform-0]
2025-01-29 13:20:36,764 INFO c.h.h.t.HelmChartContainer - Received Started event for container hivemq in pod test-hivemq-platform-0 [2238f94b-eb0c-4fd9-a320-f58ad69dae44]
2025-01-29 13:20:36,764 INFO c.h.h.t.HelmChartContainer - [hivemq-test-hivemq-platform] [hivemq-platform-operator] [cc3bc278] 13:20:36.763 [pool-6-thread-42] DEBUG c.h.p.o.d.PlatformServiceResource - [helmcust] Desired Platform services (3 services)
2025-01-29 13:20:36,768 INFO c.h.h.t.HelmChartContainer - [hivemq-test-hivemq-platform] [hivemq-platform-operator] [cc3bc278] 13:20:36.766 [pool-6-thread-43] DEBUG c.h.p.o.dependants.PodInfoConfigMap - [helmcust] Desired PodInfo ConfigMap (1 extensions) (1 enabled)
2025-01-29 13:20:36,768 INFO c.h.h.t.HelmChartContainer - [hivemq-test-hivemq-platform] [hivemq-platform-operator] [cc3bc278] 13:20:36.766 [pool-6-thread-43] DEBUG c.h.p.o.dependants.PodInfoConfigMap - [helmcust] Desired PodInfo ConfigMap (metrics port: 9399) (metrics path: /)
2025-01-29 13:20:36,770 INFO c.h.h.t.HelmChartContainer - [hivemq-test-hivemq-platform] [hivemq-platform-operator] [cc3bc278] 13:20:36.766 [pool-6-thread-43] DEBUG c.h.p.o.dependants.PodInfoConfigMap - [helmcust] Desired PodInfo ConfigMap (extension state hash: -1817474005)
2025-01-29 13:20:36,773 INFO c.h.h.t.HelmChartContainer - [hivemq-test-hivemq-platform] [hivemq-platform-operator] [cc3bc278] 13:20:36.772 [pool-6-thread-47] DEBUG c.h.p.o.d.PodServiceAccountResource - [helmcust] Desired PodServiceAccountResource (serviceAccountName: hivemq-platform-pod-test-hivemq-platform)
2025-01-29 13:20:36,857 INFO c.h.h.t.HelmChartContainer - [hivemq-test-hivemq-platform] [hivemq-platform-operator] [cc3bc278] 13:20:36.856 [pool-6-thread-50] DEBUG c.h.p.o.d.StatefulSetResource - [helmcust] Desired StatefulSet (2 replicas) for status STARTING (READY)
2025-01-29 13:20:36,870 INFO c.h.h.t.HelmChartContainer - [hivemq-test-hivemq-platform] [hivemq-platform-operator] [cc3bc278] 13:20:36.867 [ReconcilerExecutor-hivemq-controller-97] INFO  c.h.p.o.HiveMQPlatformReconciler - [helmcust] Reconciling HiveMQ Platform 'test-hivemq-platform' in namespace 'helmcustomconfigit'
2025-01-29 13:20:36,870 INFO c.h.h.t.HelmChartContainer - [hivemq-test-hivemq-platform] [hivemq-platform-operator] [cc3bc278] 13:20:36.867 [ReconcilerExecutor-hivemq-controller-97] DEBUG c.h.p.o.HiveMQPlatformReconciler - [helmcust] Custom Resource Status STARTING - HiveMQ Platform is starting (READY)
2025-01-29 13:20:36,870 INFO c.h.h.t.HelmChartContainer - [hivemq-test-hivemq-platform] [hivemq-platform-operator] [cc3bc278] 13:20:36.867 [ReconcilerExecutor-hivemq-controller-97] DEBUG c.h.p.o.HiveMQPlatformReconciler - [helmcust] Custom Resource Spec (replicas: 2) (extensions: 1)
2025-01-29 13:20:36,874 INFO c.h.h.t.HelmChartContainer - [hivemq-test-hivemq-platform] [hivemq-platform-operator] [cc3bc278] 13:20:36.872 [ReconcilerExecutor-hivemq-controller-97] DEBUG c.h.p.o.HiveMQPlatformReconciler - [helmcust] StatefulSet Status (revision: test-hivemq-platform-86bfbd5557, replicas: 1, available: 0, ready: 0, current: 1, updated: 1)
2025-01-29 13:20:36,876 INFO c.h.h.t.HelmChartContainer - [hivemq-test-hivemq-platform] [hivemq-platform-operator] [cc3bc278] 13:20:36.874 [ReconcilerExecutor-hivemq-controller-97] DEBUG c.h.p.o.HiveMQPlatformReconciler - [helmcust] StatefulSet Spec (replicas: 2, init containers: 1, containers: 1, volumes: 3)
2025-01-29 13:20:36,881 INFO c.h.h.t.HelmChartContainer - [hivemq-test-hivemq-platform] [hivemq-platform-operator] [cc3bc278] 13:20:36.880 [ReconcilerExecutor-hivemq-controller-97] DEBUG c.h.p.o.h.HiveMQPlatformReconcilerErrorHandler - [helmcust] Pod 'test-hivemq-platform-0' phase Running
2025-01-29 13:20:36,883 INFO c.h.h.t.HelmChartContainer - [hivemq-test-hivemq-platform] [hivemq-platform-operator] [cc3bc278] 13:20:36.882 [ReconcilerExecutor-hivemq-controller-97] INFO  c.h.p.o.h.HiveMQPlatformReconcilerBaseHandler - [helmcust] HiveMQ Platform is starting, 0 of 2 replicas are ready
2025-01-29 13:20:37,308 INFO c.h.h.t.HelmChartContainer - [test-hivemq-platform] [hivemq] [2238f94b] INFO  - [HiveMQ Platform Operator Init 1.7.0-SNAPSHOT] HiveMQ Platform Operator Init 1.7.0-SNAPSHOT (commit: bebf408 on branch: HEAD) built on Sun Jan 26 20:47:47 UTC 2025
2025-01-29 13:20:38,442 INFO c.h.h.t.HelmChartContainer - [test-hivemq-platform] [hivemq] [2238f94b] INFO  - [HiveMQ Platform Operator Init App 1.7.0-SNAPSHOT] Using bind address 10.42.0.8 from environment variable
2025-01-29 13:20:39,505 INFO c.h.h.t.HelmChartContainer - [test-hivemq-platform] [hivemq] [2238f94b] INFO  - [HiveMQ Platform Operator Init App 1.7.0-SNAPSHOT] HiveMQ Platform Operator Init App 1.7.0-SNAPSHOT (commit: bebf408 on branch: HEAD) built on Sun Jan 26 20:47:47 UTC 2025
2025-01-29 13:20:39,505 INFO c.h.h.t.HelmChartContainer - [test-hivemq-platform] [hivemq] [2238f94b] INFO  - [HiveMQ Platform Operator Init App 1.7.0-SNAPSHOT] PodInfo ConfigMap directory: /etc/podinfo
2025-01-29 13:20:39,505 INFO c.h.h.t.HelmChartContainer - [test-hivemq-platform] [hivemq] [2238f94b] INFO  - [HiveMQ Platform Operator Init App 1.7.0-SNAPSHOT] HiveMQ home directory: /opt/hivemq
2025-01-29 13:20:39,505 INFO c.h.h.t.HelmChartContainer - [test-hivemq-platform] [hivemq] [2238f94b] INFO  - [HiveMQ Platform Operator Init App 1.7.0-SNAPSHOT] HiveMQ Logback folder: /opt/hivemq/conf
2025-01-29 13:20:39,505 INFO c.h.h.t.HelmChartContainer - [test-hivemq-platform] [hivemq] [2238f94b] INFO  - [HiveMQ Platform Operator Init App 1.7.0-SNAPSHOT] HiveMQ Config folder: /opt/hivemq/conf-k8s
2025-01-29 13:20:39,506 INFO c.h.h.t.HelmChartContainer - [test-hivemq-platform] [hivemq] [2238f94b] INFO  - [HiveMQ Platform Operator Init App 1.7.0-SNAPSHOT] Starting HiveMQ Platform Operator Init App
2025-01-29 13:20:39,506 INFO c.h.h.t.HelmChartContainer - [test-hivemq-platform] [hivemq] [2238f94b] INFO  - [HiveMQ Platform Operator Init App 1.7.0-SNAPSHOT] Starting Pod reconciler
2025-01-29 13:20:40,731 INFO c.h.h.t.HelmChartContainer - [test-hivemq-platform] [hivemq] [2238f94b] INFO  - [HiveMQ Platform Operator Init App 1.7.0-SNAPSHOT] Pod reconciler is scheduled (interval: 5000 ms)
2025-01-29 13:20:40,732 INFO c.h.h.t.HelmChartContainer - [test-hivemq-platform] [hivemq] [2238f94b] INFO  - [HiveMQ Platform Operator Init App 1.7.0-SNAPSHOT] Starting the REST API on 10.42.0.8:7979
2025-01-29 13:20:40,805 INFO c.h.h.t.HelmChartContainer - [test-hivemq-platform] [hivemq] [2238f94b] INFO  - [HiveMQ Platform Operator Init App 1.7.0-SNAPSHOT] Waiting up to 600s for at most 2 HiveMQ nodes in cluster service hivemq-test-hivemq-platform-cluster.helmcustomconfigit.svc
2025-01-29 13:20:41,125 INFO c.h.h.t.HelmChartContainer - [test-hivemq-platform] [hivemq] [2238f94b] INFO  - [HiveMQ Platform Operator Init App 1.7.0-SNAPSHOT] Resolved 1 IP addresses: [10.42.0.8]
2025-01-29 13:20:41,125 INFO c.h.h.t.HelmChartContainer - [test-hivemq-platform] [hivemq] [2238f94b] INFO  - [HiveMQ Platform Operator Init App 1.7.0-SNAPSHOT] HiveMQ node count of 1 is within threshold of 2
2025-01-29 13:20:41,125 INFO c.h.h.t.HelmChartContainer - [test-hivemq-platform] [hivemq] [2238f94b] INFO  - [HiveMQ Platform Operator Init App 1.7.0-SNAPSHOT] Proceeding with container start
2025-01-29 13:20:41,228 INFO c.h.h.t.HelmChartContainer - [test-hivemq-platform] [hivemq] [2238f94b] INFO  - [HiveMQ Platform Operator Init App 1.7.0-SNAPSHOT] Initializing HiveMQ Platform extensions with initial configuration: {hivemq-allow-all-extension={start-priority=-1, skip-https-hostname-verification=false, restart=true, config-version=0, header-version=0, c-uri=, priority=-1, uri=preinstalled, skip-https-certificate-validation=false, enabled=true}, hivemq-prometheus-extension={skip-https-hostname-verification=false, skip-https-certificate-validation=false, uri=preinstalled, request-header-path=no-request-headers, enabled=true, restart=true, priority=-1, start-priority=-1, c-uri=}}
2025-01-29 13:20:41,712 INFO c.h.h.t.HelmChartContainer - [test-hivemq-platform] [hivemq] [2238f94b] INFO  - [HiveMQ Platform Operator Init App 1.7.0-SNAPSHOT] Extension hivemq-allow-all-extension was already enabled
2025-01-29 13:20:41,721 INFO c.h.h.t.HelmChartContainer - [test-hivemq-platform] [hivemq] [2238f94b] INFO  - [HiveMQ Platform Operator Init App 1.7.0-SNAPSHOT] Successfully enabled extension hivemq-prometheus-extension
2025-01-29 13:20:41,723 INFO c.h.h.t.HelmChartContainer - [test-hivemq-platform] [hivemq] [2238f94b] INFO  - [HiveMQ Platform Operator Init App 1.7.0-SNAPSHOT] Starting HiveMQ Platform version 4.36.0 (4.36.0)
2025-01-29 13:20:41,723 INFO c.h.h.t.HelmChartContainer - [test-hivemq-platform] [hivemq] [2238f94b] INFO  - [HiveMQ Platform Operator Init App 1.7.0-SNAPSHOT] Configuring the HiveMQ Platform
2025-01-29 13:20:41,809 INFO c.h.h.t.HelmChartContainer - [test-hivemq-platform] [hivemq] [2238f94b] INFO  - [HiveMQ Platform Operator Init App 1.7.0-SNAPSHOT] Changed logback.xml file scan period to 20 seconds
2025-01-29 13:20:41,822 INFO c.h.h.t.HelmChartContainer - [test-hivemq-platform] [hivemq] [2238f94b] INFO  - [HiveMQ Platform Operator Init App 1.7.0-SNAPSHOT] Starting the HiveMQ Platform
2025-01-29 13:20:41,906 INFO c.h.h.t.HelmChartContainer - [test-hivemq-platform] [hivemq] [2238f94b] -------------------------------------------------------------------------
2025-01-29 13:20:41,906 INFO c.h.h.t.HelmChartContainer - [test-hivemq-platform] [hivemq] [2238f94b] 
2025-01-29 13:20:41,906 INFO c.h.h.t.HelmChartContainer - [test-hivemq-platform] [hivemq] [2238f94b]                   _    _  _              __  __   ____
2025-01-29 13:20:41,906 INFO c.h.h.t.HelmChartContainer - [test-hivemq-platform] [hivemq] [2238f94b]                  | |  | |(_)            |  \/  | / __ \
2025-01-29 13:20:41,906 INFO c.h.h.t.HelmChartContainer - [test-hivemq-platform] [hivemq] [2238f94b]                  | |__| | _ __   __ ___ | \  / || |  | |
2025-01-29 13:20:41,906 INFO c.h.h.t.HelmChartContainer - [test-hivemq-platform] [hivemq] [2238f94b]                  |  __  || |\ \ / // _ \| |\/| || |  | |
2025-01-29 13:20:41,906 INFO c.h.h.t.HelmChartContainer - [test-hivemq-platform] [hivemq] [2238f94b]                  | |  | || | \ V /|  __/| |  | || |__| |
2025-01-29 13:20:41,906 INFO c.h.h.t.HelmChartContainer - [test-hivemq-platform] [hivemq] [2238f94b]                  |_|  |_||_|  \_/  \___||_|  |_| \___\_\
2025-01-29 13:20:41,906 INFO c.h.h.t.HelmChartContainer - [test-hivemq-platform] [hivemq] [2238f94b] 
2025-01-29 13:20:41,906 INFO c.h.h.t.HelmChartContainer - [test-hivemq-platform] [hivemq] [2238f94b] -------------------------------------------------------------------------
2025-01-29 13:20:41,906 INFO c.h.h.t.HelmChartContainer - [test-hivemq-platform] [hivemq] [2238f94b] 
2025-01-29 13:20:41,906 INFO c.h.h.t.HelmChartContainer - [test-hivemq-platform] [hivemq] [2238f94b]   HiveMQ Start Script for Linux/Unix v1.14
2025-01-29 13:20:41,906 INFO c.h.h.t.HelmChartContainer - [test-hivemq-platform] [hivemq] [2238f94b] 
2025-01-29 13:20:41,933 INFO c.h.h.t.HelmChartContainer - [test-hivemq-platform] [hivemq] [2238f94b] -------------------------------------------------------------------------
2025-01-29 13:20:41,934 INFO c.h.h.t.HelmChartContainer - [test-hivemq-platform] [hivemq] [2238f94b] 
2025-01-29 13:20:41,934 INFO c.h.h.t.HelmChartContainer - [test-hivemq-platform] [hivemq] [2238f94b]   HIVEMQ_HOME: /opt/hivemq
2025-01-29 13:20:41,934 INFO c.h.h.t.HelmChartContainer - [test-hivemq-platform] [hivemq] [2238f94b] 
2025-01-29 13:20:41,934 INFO c.h.h.t.HelmChartContainer - [test-hivemq-platform] [hivemq] [2238f94b]   JAVA_OPTS: -XX:+UnlockExperimentalVMOptions -XX:InitialRAMPercentage=50 -XX:MaxRAMPercentage=50 -Djava.net.preferIPv4Stack=true --add-opens java.base/java.lang=ALL-UNNAMED --add-opens java.base/java.nio=ALL-UNNAMED --add-opens java.base/sun.nio.ch=ALL-UNNAMED --add-opens jdk.management/com.sun.management.internal=ALL-UNNAMED --add-exports java.base/jdk.internal.misc=ALL-UNNAMED -Djava.security.egd=file:/dev/./urandom -Dcom.sun.management.jmxremote -Dcom.sun.management.jmxremote.port=9010 -Dcom.sun.management.jmxremote.local.only=false -Dcom.sun.management.jmxremote.authenticate=false -Dcom.sun.management.jmxremote.ssl=false -Duser.language=en -Duser.region=US -XX:+CrashOnOutOfMemoryError -XX:+HeapDumpOnOutOfMemoryError
2025-01-29 13:20:41,934 INFO c.h.h.t.HelmChartContainer - [test-hivemq-platform] [hivemq] [2238f94b] 
2025-01-29 13:20:41,934 INFO c.h.h.t.HelmChartContainer - [test-hivemq-platform] [hivemq] [2238f94b]   JAVA_VERSION: 21
2025-01-29 13:20:41,934 INFO c.h.h.t.HelmChartContainer - [test-hivemq-platform] [hivemq] [2238f94b] 
2025-01-29 13:20:41,934 INFO c.h.h.t.HelmChartContainer - [test-hivemq-platform] [hivemq] [2238f94b] -------------------------------------------------------------------------
2025-01-29 13:20:41,934 INFO c.h.h.t.HelmChartContainer - [test-hivemq-platform] [hivemq] [2238f94b] 
2025-01-29 13:20:42,813 INFO c.h.h.t.HelmChartContainer - [test-hivemq-platform] [hivemq] [2238f94b] INFO  - [HiveMQ Platform Operator Init App 1.7.0-SNAPSHOT] Returning default Health API response 503 for readiness
2025-01-29 13:20:43,213 INFO c.h.h.t.HelmChartContainer - [EVENT] Warning [Unhealthy] Readiness probe failed: HTTP probe failed with statuscode: 503 [helmcustomconfigit:test-hivemq-platform-0]
2025-01-29 13:20:43,213 INFO c.h.h.t.HelmChartContainer - Received Unhealthy event for container hivemq in pod test-hivemq-platform-0 [2238f94b-eb0c-4fd9-a320-f58ad69dae44]
2025-01-29 13:20:44,706 INFO c.h.h.t.HelmChartContainer - [test-hivemq-platform] [hivemq] [2238f94b] INFO  - Starting HiveMQ Enterprise Server
2025-01-29 13:20:44,713 INFO c.h.h.t.HelmChartContainer - [test-hivemq-platform] [hivemq] [2238f94b] INFO  - HiveMQ version: 4.36.0
2025-01-29 13:20:44,713 INFO c.h.h.t.HelmChartContainer - [test-hivemq-platform] [hivemq] [2238f94b] INFO  - HiveMQ home directory: /opt/hivemq
2025-01-29 13:20:44,714 INFO c.h.h.t.HelmChartContainer - [test-hivemq-platform] [hivemq] [2238f94b] INFO  - Log Configuration was overridden by /opt/hivemq/conf/logback.xml
2025-01-29 13:20:46,308 INFO c.h.h.t.HelmChartContainer - [test-hivemq-platform] [hivemq] [2238f94b] INFO  - Successfully loaded configuration from '/opt/hivemq/conf-k8s/config.xml'.
2025-01-29 13:20:46,943 INFO c.h.h.t.HelmChartContainer - [hivemq-test-hivemq-platform] [hivemq-platform-operator] [cc3bc278] 13:20:46.939 [pool-6-thread-8] DEBUG c.h.p.o.d.PlatformServiceResource - [helmcust] Desired Platform services (3 services)
2025-01-29 13:20:46,943 INFO c.h.h.t.HelmChartContainer - [hivemq-test-hivemq-platform] [hivemq-platform-operator] [cc3bc278] 13:20:46.939 [pool-6-thread-9] DEBUG c.h.p.o.dependants.PodInfoConfigMap - [helmcust] Desired PodInfo ConfigMap (1 extensions) (1 enabled)
2025-01-29 13:20:46,943 INFO c.h.h.t.HelmChartContainer - [hivemq-test-hivemq-platform] [hivemq-platform-operator] [cc3bc278] 13:20:46.942 [pool-6-thread-9] DEBUG c.h.p.o.dependants.PodInfoConfigMap - [helmcust] Desired PodInfo ConfigMap (metrics port: 9399) (metrics path: /)
2025-01-29 13:20:46,944 INFO c.h.h.t.HelmChartContainer - [hivemq-test-hivemq-platform] [hivemq-platform-operator] [cc3bc278] 13:20:46.942 [pool-6-thread-9] DEBUG c.h.p.o.dependants.PodInfoConfigMap - [helmcust] Desired PodInfo ConfigMap (extension state hash: -1817474005)
2025-01-29 13:20:46,946 INFO c.h.h.t.HelmChartContainer - [hivemq-test-hivemq-platform] [hivemq-platform-operator] [cc3bc278] 13:20:46.943 [pool-6-thread-3] DEBUG c.h.p.o.d.PodServiceAccountResource - [helmcust] Desired PodServiceAccountResource (serviceAccountName: hivemq-platform-pod-test-hivemq-platform)
2025-01-29 13:20:46,955 INFO c.h.h.t.HelmChartContainer - [hivemq-test-hivemq-platform] [hivemq-platform-operator] [cc3bc278] 13:20:46.949 [pool-6-thread-6] DEBUG c.h.p.o.d.StatefulSetResource - [helmcust] Desired StatefulSet (2 replicas) for status STARTING (READY)
2025-01-29 13:20:47,039 INFO c.h.h.t.HelmChartContainer - [hivemq-test-hivemq-platform] [hivemq-platform-operator] [cc3bc278] 13:20:47.035 [ReconcilerExecutor-hivemq-controller-108] INFO  c.h.p.o.HiveMQPlatformReconciler - [helmcust] Reconciling HiveMQ Platform 'test-hivemq-platform' in namespace 'helmcustomconfigit'
2025-01-29 13:20:47,040 INFO c.h.h.t.HelmChartContainer - [hivemq-test-hivemq-platform] [hivemq-platform-operator] [cc3bc278] 13:20:47.035 [ReconcilerExecutor-hivemq-controller-108] DEBUG c.h.p.o.HiveMQPlatformReconciler - [helmcust] Custom Resource Status STARTING - HiveMQ Platform is starting (READY)
2025-01-29 13:20:47,040 INFO c.h.h.t.HelmChartContainer - [hivemq-test-hivemq-platform] [hivemq-platform-operator] [cc3bc278] 13:20:47.035 [ReconcilerExecutor-hivemq-controller-108] DEBUG c.h.p.o.HiveMQPlatformReconciler - [helmcust] Custom Resource Spec (replicas: 2) (extensions: 1)
2025-01-29 13:20:47,040 INFO c.h.h.t.HelmChartContainer - [hivemq-test-hivemq-platform] [hivemq-platform-operator] [cc3bc278] 13:20:47.038 [ReconcilerExecutor-hivemq-controller-108] DEBUG c.h.p.o.HiveMQPlatformReconciler - [helmcust] StatefulSet Status (revision: test-hivemq-platform-86bfbd5557, replicas: 1, available: 0, ready: 0, current: 1, updated: 1)
2025-01-29 13:20:47,040 INFO c.h.h.t.HelmChartContainer - [hivemq-test-hivemq-platform] [hivemq-platform-operator] [cc3bc278] 13:20:47.038 [ReconcilerExecutor-hivemq-controller-108] DEBUG c.h.p.o.HiveMQPlatformReconciler - [helmcust] StatefulSet Spec (replicas: 2, init containers: 1, containers: 1, volumes: 3)
2025-01-29 13:20:47,041 INFO c.h.h.t.HelmChartContainer - [hivemq-test-hivemq-platform] [hivemq-platform-operator] [cc3bc278] 13:20:47.040 [ReconcilerExecutor-hivemq-controller-108] DEBUG c.h.p.o.h.HiveMQPlatformReconcilerErrorHandler - [helmcust] Pod 'test-hivemq-platform-0' phase Running
2025-01-29 13:20:47,042 INFO c.h.h.t.HelmChartContainer - [hivemq-test-hivemq-platform] [hivemq-platform-operator] [cc3bc278] 13:20:47.041 [ReconcilerExecutor-hivemq-controller-108] INFO  c.h.p.o.h.HiveMQPlatformReconcilerBaseHandler - [helmcust] HiveMQ Platform is starting, 0 of 2 replicas are ready
2025-01-29 13:20:47,107 INFO c.h.h.t.HelmChartContainer - [test-hivemq-platform] [hivemq] [2238f94b] INFO  - This node's ID is JK6Fa
2025-01-29 13:20:47,108 INFO c.h.h.t.HelmChartContainer - [test-hivemq-platform] [hivemq] [2238f94b] INFO  - Clustering is enabled
2025-01-29 13:20:48,412 INFO c.h.h.t.HelmChartContainer - [test-hivemq-platform] [hivemq] [2238f94b] WARN  - [HiveMQ Platform Operator Init App 1.7.0-SNAPSHOT] Cannot connect to Health API for readiness: null
2025-01-29 13:20:48,420 INFO c.h.h.t.HelmChartContainer - [EVENT] Warning [Unhealthy] Readiness probe failed: HTTP probe failed with statuscode: 503 [helmcustomconfigit:test-hivemq-platform-0]
2025-01-29 13:20:48,420 INFO c.h.h.t.HelmChartContainer - Received Unhealthy event for container hivemq in pod test-hivemq-platform-0 [2238f94b-eb0c-4fd9-a320-f58ad69dae44]
2025-01-29 13:20:52,112 INFO c.h.h.t.HelmChartContainer - [test-hivemq-platform] [hivemq] [2238f94b] Jan 29, 2025 1:20:52 PM io.vertx.core.impl.BlockedThreadChecker
2025-01-29 13:20:52,112 INFO c.h.h.t.HelmChartContainer - [test-hivemq-platform] [hivemq] [2238f94b] WARNING: Thread Thread[vert.x-eventloop-thread-1,5,main] has been blocked for 2699 ms, time limit is 2000 ms
2025-01-29 13:20:52,412 INFO c.h.h.t.HelmChartContainer - [test-hivemq-platform] [hivemq] [2238f94b] INFO  - [HiveMQ Platform Operator Init App 1.7.0-SNAPSHOT] Updating Pod HiveMQ Platform Operator Init App version annotation (version: 1.7.0-SNAPSHOT)
2025-01-29 13:20:52,809 INFO c.h.h.t.HelmChartContainer - [test-hivemq-platform] [hivemq] [2238f94b] WARN  - [HiveMQ Platform Operator Init App 1.7.0-SNAPSHOT] Cannot connect to Health API for readiness: null
2025-01-29 13:20:52,816 INFO c.h.h.t.HelmChartContainer - [EVENT] Warning [Unhealthy] Readiness probe failed: HTTP probe failed with statuscode: 503 [helmcustomconfigit:test-hivemq-platform-0]
2025-01-29 13:20:52,816 INFO c.h.h.t.HelmChartContainer - Received Unhealthy event for container hivemq in pod test-hivemq-platform-0 [2238f94b-eb0c-4fd9-a320-f58ad69dae44]
2025-01-29 13:20:53,216 INFO c.h.h.t.HelmChartContainer - [POD] test-hivemq-platform-0 [2238f94b-eb0c-4fd9-a320-f58ad69dae44] in helmcustomconfigit was MODIFIED
2025-01-29 13:20:53,225 INFO c.h.h.t.HelmChartContainer - [test-hivemq-platform] [hivemq] [2238f94b] WARN  - [HiveMQ Platform Operator Init App 1.7.0-SNAPSHOT] Cannot connect to Health API for readiness: null
2025-01-29 13:20:53,232 INFO c.h.h.t.HelmChartContainer - [hivemq-test-hivemq-platform] [hivemq-platform-operator] [cc3bc278] 13:20:53.231 [pool-6-thread-16] DEBUG c.h.p.o.d.PlatformServiceResource - [helmcust] Desired Platform services (3 services)
2025-01-29 13:20:53,237 INFO c.h.h.t.HelmChartContainer - [test-hivemq-platform] [hivemq] [2238f94b] INFO  - [HiveMQ Platform Operator Init App 1.7.0-SNAPSHOT] Successfully updated Pod HiveMQ Platform Operator Init App version annotation (version: 1.7.0-SNAPSHOT)
2025-01-29 13:20:53,238 INFO c.h.h.t.HelmChartContainer - [EVENT] Warning [Unhealthy] Readiness probe failed: HTTP probe failed with statuscode: 503 [helmcustomconfigit:test-hivemq-platform-0]
2025-01-29 13:20:53,238 INFO c.h.h.t.HelmChartContainer - Received Unhealthy event for container hivemq in pod test-hivemq-platform-0 [2238f94b-eb0c-4fd9-a320-f58ad69dae44]
2025-01-29 13:20:53,241 INFO c.h.h.t.HelmChartContainer - [hivemq-test-hivemq-platform] [hivemq-platform-operator] [cc3bc278] 13:20:53.240 [pool-6-thread-15] DEBUG c.h.p.o.dependants.PodInfoConfigMap - [helmcust] Desired PodInfo ConfigMap (1 extensions) (1 enabled)
2025-01-29 13:20:53,244 INFO c.h.h.t.HelmChartContainer - [hivemq-test-hivemq-platform] [hivemq-platform-operator] [cc3bc278] 13:20:53.240 [pool-6-thread-11] DEBUG c.h.p.o.d.PodServiceAccountResource - [helmcust] Desired PodServiceAccountResource (serviceAccountName: hivemq-platform-pod-test-hivemq-platform)
2025-01-29 13:20:53,244 INFO c.h.h.t.HelmChartContainer - [hivemq-test-hivemq-platform] [hivemq-platform-operator] [cc3bc278] 13:20:53.241 [pool-6-thread-15] DEBUG c.h.p.o.dependants.PodInfoConfigMap - [helmcust] Desired PodInfo ConfigMap (metrics port: 9399) (metrics path: /)
2025-01-29 13:20:53,244 INFO c.h.h.t.HelmChartContainer - [hivemq-test-hivemq-platform] [hivemq-platform-operator] [cc3bc278] 13:20:53.241 [pool-6-thread-15] DEBUG c.h.p.o.dependants.PodInfoConfigMap - [helmcust] Desired PodInfo ConfigMap (extension state hash: -1817474005)
2025-01-29 13:20:53,245 INFO c.h.h.t.HelmChartContainer - [hivemq-test-hivemq-platform] [hivemq-platform-operator] [cc3bc278] 13:20:53.245 [pool-6-thread-15] DEBUG c.h.p.o.d.StatefulSetResource - [helmcust] Desired StatefulSet (2 replicas) for status STARTING (READY)
2025-01-29 13:20:53,258 INFO c.h.h.t.HelmChartContainer - [hivemq-test-hivemq-platform] [hivemq-platform-operator] [cc3bc278] 13:20:53.257 [ReconcilerExecutor-hivemq-controller-109] INFO  c.h.p.o.HiveMQPlatformReconciler - [helmcust] Reconciling HiveMQ Platform 'test-hivemq-platform' in namespace 'helmcustomconfigit'
2025-01-29 13:20:53,258 INFO c.h.h.t.HelmChartContainer - [hivemq-test-hivemq-platform] [hivemq-platform-operator] [cc3bc278] 13:20:53.257 [ReconcilerExecutor-hivemq-controller-109] DEBUG c.h.p.o.HiveMQPlatformReconciler - [helmcust] Custom Resource Status STARTING - HiveMQ Platform is starting (READY)
2025-01-29 13:20:53,258 INFO c.h.h.t.HelmChartContainer - [hivemq-test-hivemq-platform] [hivemq-platform-operator] [cc3bc278] 13:20:53.257 [ReconcilerExecutor-hivemq-controller-109] DEBUG c.h.p.o.HiveMQPlatformReconciler - [helmcust] Custom Resource Spec (replicas: 2) (extensions: 1)
2025-01-29 13:20:53,260 INFO c.h.h.t.HelmChartContainer - [hivemq-test-hivemq-platform] [hivemq-platform-operator] [cc3bc278] 13:20:53.259 [ReconcilerExecutor-hivemq-controller-109] DEBUG c.h.p.o.HiveMQPlatformReconciler - [helmcust] StatefulSet Status (revision: test-hivemq-platform-86bfbd5557, replicas: 1, available: 0, ready: 0, current: 1, updated: 1)
2025-01-29 13:20:53,263 INFO c.h.h.t.HelmChartContainer - [hivemq-test-hivemq-platform] [hivemq-platform-operator] [cc3bc278] 13:20:53.259 [ReconcilerExecutor-hivemq-controller-109] DEBUG c.h.p.o.HiveMQPlatformReconciler - [helmcust] StatefulSet Spec (replicas: 2, init containers: 1, containers: 1, volumes: 3)
2025-01-29 13:20:53,263 INFO c.h.h.t.HelmChartContainer - [hivemq-test-hivemq-platform] [hivemq-platform-operator] [cc3bc278] 13:20:53.261 [ReconcilerExecutor-hivemq-controller-109] DEBUG c.h.p.o.h.HiveMQPlatformReconcilerErrorHandler - [helmcust] Pod 'test-hivemq-platform-0' phase Running
2025-01-29 13:20:53,263 INFO c.h.h.t.HelmChartContainer - [hivemq-test-hivemq-platform] [hivemq-platform-operator] [cc3bc278] 13:20:53.262 [ReconcilerExecutor-hivemq-controller-109] INFO  c.h.p.o.h.HiveMQPlatformReconcilerBaseHandler - [helmcust] HiveMQ Platform is starting, 0 of 2 replicas are ready
2025-01-29 13:20:58,219 INFO c.h.h.t.HelmChartContainer - [test-hivemq-platform] [hivemq] [2238f94b] WARN  - [HiveMQ Platform Operator Init App 1.7.0-SNAPSHOT] Cannot connect to Health API for readiness: null
2025-01-29 13:20:58,223 INFO c.h.h.t.HelmChartContainer - [EVENT] Warning [Unhealthy] Readiness probe failed: HTTP probe failed with statuscode: 503 [helmcustomconfigit:test-hivemq-platform-0]
2025-01-29 13:20:58,223 INFO c.h.h.t.HelmChartContainer - Received Unhealthy event for container hivemq in pod test-hivemq-platform-0 [2238f94b-eb0c-4fd9-a320-f58ad69dae44]
2025-01-29 13:21:03,270 INFO c.h.h.t.HelmChartContainer - [hivemq-test-hivemq-platform] [hivemq-platform-operator] [cc3bc278] 13:21:03.267 [pool-6-thread-25] DEBUG c.h.p.o.dependants.PodInfoConfigMap - [helmcust] Desired PodInfo ConfigMap (1 extensions) (1 enabled)
2025-01-29 13:21:03,271 INFO c.h.h.t.HelmChartContainer - [hivemq-test-hivemq-platform] [hivemq-platform-operator] [cc3bc278] 13:21:03.267 [pool-6-thread-21] DEBUG c.h.p.o.d.PodServiceAccountResource - [helmcust] Desired PodServiceAccountResource (serviceAccountName: hivemq-platform-pod-test-hivemq-platform)
2025-01-29 13:21:03,271 INFO c.h.h.t.HelmChartContainer - [hivemq-test-hivemq-platform] [hivemq-platform-operator] [cc3bc278] 13:21:03.267 [pool-6-thread-25] DEBUG c.h.p.o.dependants.PodInfoConfigMap - [helmcust] Desired PodInfo ConfigMap (metrics port: 9399) (metrics path: /)
2025-01-29 13:21:03,271 INFO c.h.h.t.HelmChartContainer - [hivemq-test-hivemq-platform] [hivemq-platform-operator] [cc3bc278] 13:21:03.267 [pool-6-thread-25] DEBUG c.h.p.o.dependants.PodInfoConfigMap - [helmcust] Desired PodInfo ConfigMap (extension state hash: -1817474005)
2025-01-29 13:21:03,271 INFO c.h.h.t.HelmChartContainer - [hivemq-test-hivemq-platform] [hivemq-platform-operator] [cc3bc278] 13:21:03.266 [pool-6-thread-26] DEBUG c.h.p.o.d.PlatformServiceResource - [helmcust] Desired Platform services (3 services)
2025-01-29 13:21:03,274 INFO c.h.h.t.HelmChartContainer - [hivemq-test-hivemq-platform] [hivemq-platform-operator] [cc3bc278] 13:21:03.274 [pool-6-thread-26] DEBUG c.h.p.o.d.StatefulSetResource - [helmcust] Desired StatefulSet (2 replicas) for status STARTING (READY)
2025-01-29 13:21:03,281 INFO c.h.h.t.HelmChartContainer - [hivemq-test-hivemq-platform] [hivemq-platform-operator] [cc3bc278] 13:21:03.278 [ReconcilerExecutor-hivemq-controller-110] INFO  c.h.p.o.HiveMQPlatformReconciler - [helmcust] Reconciling HiveMQ Platform 'test-hivemq-platform' in namespace 'helmcustomconfigit'
2025-01-29 13:21:03,281 INFO c.h.h.t.HelmChartContainer - [hivemq-test-hivemq-platform] [hivemq-platform-operator] [cc3bc278] 13:21:03.278 [ReconcilerExecutor-hivemq-controller-110] DEBUG c.h.p.o.HiveMQPlatformReconciler - [helmcust] Custom Resource Status STARTING - HiveMQ Platform is starting (READY)
2025-01-29 13:21:03,281 INFO c.h.h.t.HelmChartContainer - [hivemq-test-hivemq-platform] [hivemq-platform-operator] [cc3bc278] 13:21:03.278 [ReconcilerExecutor-hivemq-controller-110] DEBUG c.h.p.o.HiveMQPlatformReconciler - [helmcust] Custom Resource Spec (replicas: 2) (extensions: 1)
2025-01-29 13:21:03,281 INFO c.h.h.t.HelmChartContainer - [hivemq-test-hivemq-platform] [hivemq-platform-operator] [cc3bc278] 13:21:03.280 [ReconcilerExecutor-hivemq-controller-110] DEBUG c.h.p.o.HiveMQPlatformReconciler - [helmcust] StatefulSet Status (revision: test-hivemq-platform-86bfbd5557, replicas: 1, available: 0, ready: 0, current: 1, updated: 1)
2025-01-29 13:21:03,281 INFO c.h.h.t.HelmChartContainer - [hivemq-test-hivemq-platform] [hivemq-platform-operator] [cc3bc278] 13:21:03.280 [ReconcilerExecutor-hivemq-controller-110] DEBUG c.h.p.o.HiveMQPlatformReconciler - [helmcust] StatefulSet Spec (replicas: 2, init containers: 1, containers: 1, volumes: 3)
2025-01-29 13:21:03,283 INFO c.h.h.t.HelmChartContainer - [hivemq-test-hivemq-platform] [hivemq-platform-operator] [cc3bc278] 13:21:03.281 [ReconcilerExecutor-hivemq-controller-110] DEBUG c.h.p.o.h.HiveMQPlatformReconcilerErrorHandler - [helmcust] Pod 'test-hivemq-platform-0' phase Running
2025-01-29 13:21:03,283 INFO c.h.h.t.HelmChartContainer - [hivemq-test-hivemq-platform] [hivemq-platform-operator] [cc3bc278] 13:21:03.282 [ReconcilerExecutor-hivemq-controller-110] INFO  c.h.p.o.h.HiveMQPlatformReconcilerBaseHandler - [helmcust] HiveMQ Platform is starting, 0 of 2 replicas are ready
2025-01-29 13:21:03,295 INFO c.h.h.t.HelmChartContainer - [test-hivemq-platform] [hivemq] [2238f94b] WARN  - [HiveMQ Platform Operator Init App 1.7.0-SNAPSHOT] Cannot connect to Health API for readiness: null
2025-01-29 13:21:03,299 INFO c.h.h.t.HelmChartContainer - [EVENT] Warning [Unhealthy] Readiness probe failed: HTTP probe failed with statuscode: 503 [helmcustomconfigit:test-hivemq-platform-0]
2025-01-29 13:21:03,299 INFO c.h.h.t.HelmChartContainer - Received Unhealthy event for container hivemq in pod test-hivemq-platform-0 [2238f94b-eb0c-4fd9-a320-f58ad69dae44]
2025-01-29 13:21:03,508 INFO c.h.h.t.HelmChartContainer - [test-hivemq-platform] [hivemq] [2238f94b] WARN  - [HiveMQ Platform Operator Init App 1.7.0-SNAPSHOT] Cannot connect to Health API for liveness: null
2025-01-29 13:21:03,509 INFO c.h.h.t.HelmChartContainer - [test-hivemq-platform] [hivemq] [2238f94b] INFO  - [HiveMQ Platform Operator Init App 1.7.0-SNAPSHOT] Returning default Health API response 200 for liveness
2025-01-29 13:21:03,911 INFO c.h.h.t.HelmChartContainer - [test-hivemq-platform] [hivemq] [2238f94b] INFO  - No valid license file found. Using trial license, restricted to 25 connections.
2025-01-29 13:21:07,917 INFO c.h.h.t.HelmChartContainer - [test-hivemq-platform] [hivemq] [2238f94b] INFO  - No valid license file for Data Hub found. Using free license, restricted to 1 policy.
2025-01-29 13:21:08,305 INFO c.h.h.t.HelmChartContainer - [test-hivemq-platform] [hivemq] [2238f94b] WARN  - [HiveMQ Platform Operator Init App 1.7.0-SNAPSHOT] Cannot connect to Health API for readiness: null
2025-01-29 13:21:08,313 INFO c.h.h.t.HelmChartContainer - [EVENT] Warning [Unhealthy] Readiness probe failed: HTTP probe failed with statuscode: 503 [helmcustomconfigit:test-hivemq-platform-0]
2025-01-29 13:21:08,313 INFO c.h.h.t.HelmChartContainer - Received Unhealthy event for container hivemq in pod test-hivemq-platform-0 [2238f94b-eb0c-4fd9-a320-f58ad69dae44]
2025-01-29 13:21:09,205 INFO c.h.h.t.HelmChartContainer - [test-hivemq-platform] [hivemq] [2238f94b] INFO  - Audit Logger started.
2025-01-29 13:21:09,424 INFO c.h.h.t.HelmChartContainer - [test-hivemq-platform] [hivemq] [2238f94b] INFO  - This node uses '1' CPU cores.
2025-01-29 13:21:09,429 INFO c.h.h.t.HelmChartContainer - [test-hivemq-platform] [hivemq] [2238f94b] INFO  - Starting HiveMQ Health API on address 0.0.0.0 and port 8889
2025-01-29 13:21:10,219 INFO c.h.h.t.HelmChartContainer - [test-hivemq-platform] [hivemq] [2238f94b] INFO  - Started HiveMQ Health API in 789ms
2025-01-29 13:21:10,833 INFO c.h.h.t.HelmChartContainer - [test-hivemq-platform] [hivemq] [2238f94b] INFO  - Starting HiveMQ extension system.
2025-01-29 13:21:11,017 INFO c.h.h.t.HelmChartContainer - [test-hivemq-platform] [hivemq] [2238f94b] INFO  - Starting extension with id "hivemq-dns-cluster-discovery" at /opt/hivemq/extensions/hivemq-dns-cluster-discovery
2025-01-29 13:21:11,612 INFO c.h.h.t.HelmChartContainer - [test-hivemq-platform] [hivemq] [2238f94b] INFO  - Extension "DNS Cluster Discovery Extension" version 4.3.2 started successfully.
2025-01-29 13:21:11,612 INFO c.h.h.t.HelmChartContainer - [test-hivemq-platform] [hivemq] [2238f94b] INFO  - Starting extension with id "hivemq-prometheus-extension" at /opt/hivemq/extensions/hivemq-prometheus-extension
2025-01-29 13:21:11,612 INFO c.h.h.t.HelmChartContainer - [test-hivemq-platform] [hivemq] [2238f94b] INFO  - Using TCP cluster transport on address 10.42.0.8 and port 7000
2025-01-29 13:21:11,617 INFO c.h.h.t.HelmChartContainer - [test-hivemq-platform] [hivemq] [2238f94b] INFO  - Using extension cluster discovery
2025-01-29 13:21:12,617 INFO c.h.h.t.HelmChartContainer - [test-hivemq-platform] [hivemq] [2238f94b] INFO  - Started Jetty Server exposing Prometheus Servlet on URI http://0.0.0.0:9399/
2025-01-29 13:21:12,618 INFO c.h.h.t.HelmChartContainer - [test-hivemq-platform] [hivemq] [2238f94b] INFO  - Extension "Prometheus Monitoring Extension" version 4.0.12 started successfully.
2025-01-29 13:21:12,618 INFO c.h.h.t.HelmChartContainer - [test-hivemq-platform] [hivemq] [2238f94b] INFO  - Starting extension with id "hivemq-allow-all-extension" at /opt/hivemq/extensions/hivemq-allow-all-extension
2025-01-29 13:21:12,618 INFO c.h.h.t.HelmChartContainer - [test-hivemq-platform] [hivemq] [2238f94b] WARN  - 
2025-01-29 13:21:12,618 INFO c.h.h.t.HelmChartContainer - [test-hivemq-platform] [hivemq] [2238f94b] ################################################################################################################
2025-01-29 13:21:12,618 INFO c.h.h.t.HelmChartContainer - [test-hivemq-platform] [hivemq] [2238f94b] # This HiveMQ deployment is not secure! You are lacking Authentication and Authorization.                      #
2025-01-29 13:21:12,618 INFO c.h.h.t.HelmChartContainer - [test-hivemq-platform] [hivemq] [2238f94b] # Right now any MQTT client can connect to the broker with a full set of permissions.                          #
2025-01-29 13:21:12,618 INFO c.h.h.t.HelmChartContainer - [test-hivemq-platform] [hivemq] [2238f94b] # For production usage, add an appropriate security extension and remove the hivemq-allow-all extension.       #
2025-01-29 13:21:12,618 INFO c.h.h.t.HelmChartContainer - [test-hivemq-platform] [hivemq] [2238f94b] # You can download security extensions from the HiveMQ Marketplace (https://www.hivemq.com/extensions/).       #
2025-01-29 13:21:12,618 INFO c.h.h.t.HelmChartContainer - [test-hivemq-platform] [hivemq] [2238f94b] ################################################################################################################
2025-01-29 13:21:12,618 INFO c.h.h.t.HelmChartContainer - [test-hivemq-platform] [hivemq] [2238f94b] INFO  - Extension "Allow All Extension" version 1.1.1 started successfully.
2025-01-29 13:21:13,290 INFO c.h.h.t.HelmChartContainer - [hivemq-test-hivemq-platform] [hivemq-platform-operator] [cc3bc278] 13:21:13.286 [pool-6-thread-38] DEBUG c.h.p.o.d.PlatformServiceResource - [helmcust] Desired Platform services (3 services)
2025-01-29 13:21:13,290 INFO c.h.h.t.HelmChartContainer - [hivemq-test-hivemq-platform] [hivemq-platform-operator] [cc3bc278] 13:21:13.287 [pool-6-thread-37] DEBUG c.h.p.o.dependants.PodInfoConfigMap - [helmcust] Desired PodInfo ConfigMap (1 extensions) (1 enabled)
2025-01-29 13:21:13,290 INFO c.h.h.t.HelmChartContainer - [hivemq-test-hivemq-platform] [hivemq-platform-operator] [cc3bc278] 13:21:13.287 [pool-6-thread-37] DEBUG c.h.p.o.dependants.PodInfoConfigMap - [helmcust] Desired PodInfo ConfigMap (metrics port: 9399) (metrics path: /)
2025-01-29 13:21:13,290 INFO c.h.h.t.HelmChartContainer - [hivemq-test-hivemq-platform] [hivemq-platform-operator] [cc3bc278] 13:21:13.287 [pool-6-thread-37] DEBUG c.h.p.o.dependants.PodInfoConfigMap - [helmcust] Desired PodInfo ConfigMap (extension state hash: -1817474005)
2025-01-29 13:21:13,291 INFO c.h.h.t.HelmChartContainer - [hivemq-test-hivemq-platform] [hivemq-platform-operator] [cc3bc278] 13:21:13.290 [pool-6-thread-37] DEBUG c.h.p.o.d.PodServiceAccountResource - [helmcust] Desired PodServiceAccountResource (serviceAccountName: hivemq-platform-pod-test-hivemq-platform)
2025-01-29 13:21:13,296 INFO c.h.h.t.HelmChartContainer - [hivemq-test-hivemq-platform] [hivemq-platform-operator] [cc3bc278] 13:21:13.295 [pool-6-thread-38] DEBUG c.h.p.o.d.StatefulSetResource - [helmcust] Desired StatefulSet (2 replicas) for status STARTING (READY)
2025-01-29 13:21:13,300 INFO c.h.h.t.HelmChartContainer - [hivemq-test-hivemq-platform] [hivemq-platform-operator] [cc3bc278] 13:21:13.299 [ReconcilerExecutor-hivemq-controller-111] INFO  c.h.p.o.HiveMQPlatformReconciler - [helmcust] Reconciling HiveMQ Platform 'test-hivemq-platform' in namespace 'helmcustomconfigit'
2025-01-29 13:21:13,300 INFO c.h.h.t.HelmChartContainer - [hivemq-test-hivemq-platform] [hivemq-platform-operator] [cc3bc278] 13:21:13.299 [ReconcilerExecutor-hivemq-controller-111] DEBUG c.h.p.o.HiveMQPlatformReconciler - [helmcust] Custom Resource Status STARTING - HiveMQ Platform is starting (READY)
2025-01-29 13:21:13,300 INFO c.h.h.t.HelmChartContainer - [hivemq-test-hivemq-platform] [hivemq-platform-operator] [cc3bc278] 13:21:13.299 [ReconcilerExecutor-hivemq-controller-111] DEBUG c.h.p.o.HiveMQPlatformReconciler - [helmcust] Custom Resource Spec (replicas: 2) (extensions: 1)
2025-01-29 13:21:13,355 INFO c.h.h.t.HelmChartContainer - [hivemq-test-hivemq-platform] [hivemq-platform-operator] [cc3bc278] 13:21:13.352 [ReconcilerExecutor-hivemq-controller-111] DEBUG c.h.p.o.HiveMQPlatformReconciler - [helmcust] StatefulSet Status (revision: test-hivemq-platform-86bfbd5557, replicas: 1, available: 0, ready: 0, current: 1, updated: 1)
2025-01-29 13:21:13,355 INFO c.h.h.t.HelmChartContainer - [hivemq-test-hivemq-platform] [hivemq-platform-operator] [cc3bc278] 13:21:13.352 [ReconcilerExecutor-hivemq-controller-111] DEBUG c.h.p.o.HiveMQPlatformReconciler - [helmcust] StatefulSet Spec (replicas: 2, init containers: 1, containers: 1, volumes: 3)
2025-01-29 13:21:13,355 INFO c.h.h.t.HelmChartContainer - [hivemq-test-hivemq-platform] [hivemq-platform-operator] [cc3bc278] 13:21:13.354 [ReconcilerExecutor-hivemq-controller-111] DEBUG c.h.p.o.h.HiveMQPlatformReconcilerErrorHandler - [helmcust] Pod 'test-hivemq-platform-0' phase Running
2025-01-29 13:21:13,356 INFO c.h.h.t.HelmChartContainer - [hivemq-test-hivemq-platform] [hivemq-platform-operator] [cc3bc278] 13:21:13.355 [ReconcilerExecutor-hivemq-controller-111] INFO  c.h.p.o.h.HiveMQPlatformReconcilerBaseHandler - [helmcust] HiveMQ Platform is starting, 0 of 2 replicas are ready
2025-01-29 13:21:13,613 INFO c.h.h.t.HelmChartContainer - [test-hivemq-platform] [hivemq] [2238f94b] INFO  - [HiveMQ Platform Operator Init App 1.7.0-SNAPSHOT] Returning Health API response 503 for readiness
2025-01-29 13:21:13,620 INFO c.h.h.t.HelmChartContainer - [EVENT] Warning [Unhealthy] Readiness probe failed: HTTP probe failed with statuscode: 503 [helmcustomconfigit:test-hivemq-platform-0]
2025-01-29 13:21:13,620 INFO c.h.h.t.HelmChartContainer - Received Unhealthy event for container hivemq in pod test-hivemq-platform-0 [2238f94b-eb0c-4fd9-a320-f58ad69dae44]
2025-01-29 13:21:14,727 INFO c.h.h.t.HelmChartContainer - [test-hivemq-platform] [hivemq] [2238f94b] INFO  - JK6Fa: no members discovered after 2419 ms: creating cluster as first member
2025-01-29 13:21:14,733 INFO c.h.h.t.HelmChartContainer - [test-hivemq-platform] [hivemq] [2238f94b] INFO  - Cluster nodes found by discovery: [JK6Fa|0] (1) [JK6Fa].
2025-01-29 13:21:14,753 INFO c.h.h.t.HelmChartContainer - [test-hivemq-platform] [hivemq] [2238f94b] WARN  - No user for HiveMQ Control Center configured. Starting with default user
2025-01-29 13:21:14,753 INFO c.h.h.t.HelmChartContainer - [test-hivemq-platform] [hivemq] [2238f94b] INFO  - Starting HiveMQ Control Center on address 0.0.0.0 and port 8080
2025-01-29 13:21:14,803 INFO c.h.h.t.HelmChartContainer - [test-hivemq-platform] [hivemq] [2238f94b] INFO  - Mounting HiveMQ Control Center V2 Preview
2025-01-29 13:21:15,414 INFO c.h.h.t.HelmChartContainer - [test-hivemq-platform] [hivemq] [2238f94b] INFO  - Started HiveMQ Control Center in 661ms
2025-01-29 13:21:15,428 INFO c.h.h.t.HelmChartContainer - [test-hivemq-platform] [hivemq] [2238f94b] INFO  - Starting TCP listener on address 0.0.0.0 and port 1883
2025-01-29 13:21:15,506 INFO c.h.h.t.HelmChartContainer - [test-hivemq-platform] [hivemq] [2238f94b] INFO  - Started TCP Listener on address 0.0.0.0 and on port 1883.
2025-01-29 13:21:15,506 INFO c.h.h.t.HelmChartContainer - [test-hivemq-platform] [hivemq] [2238f94b] INFO  - Started HiveMQ in 31200ms
2025-01-29 13:21:18,222 INFO c.h.h.t.HelmChartContainer - [test-hivemq-platform] [hivemq] [2238f94b] INFO  - [HiveMQ Platform Operator Init App 1.7.0-SNAPSHOT] Returning Health API response 200 for readiness
2025-01-29 13:21:18,237 INFO c.h.h.t.HelmChartContainer - [POD] test-hivemq-platform-0 [2238f94b-eb0c-4fd9-a320-f58ad69dae44] in helmcustomconfigit was MODIFIED
2025-01-29 13:21:18,245 INFO c.h.h.t.HelmChartContainer - [hivemq-test-hivemq-platform] [hivemq-platform-operator] [cc3bc278] 13:21:18.240 [pool-6-thread-45] DEBUG c.h.p.o.d.PlatformServiceResource - [helmcust] Desired Platform services (3 services)
2025-01-29 13:21:18,252 INFO c.h.h.t.HelmChartContainer - [hivemq-test-hivemq-platform] [hivemq-platform-operator] [cc3bc278] 13:21:18.242 [pool-6-thread-41] DEBUG c.h.p.o.d.PodServiceAccountResource - [helmcust] Desired PodServiceAccountResource (serviceAccountName: hivemq-platform-pod-test-hivemq-platform)
2025-01-29 13:21:18,252 INFO c.h.h.t.HelmChartContainer - [hivemq-test-hivemq-platform] [hivemq-platform-operator] [cc3bc278] 13:21:18.247 [pool-6-thread-44] DEBUG c.h.p.o.dependants.PodInfoConfigMap - [helmcust] Desired PodInfo ConfigMap (1 extensions) (1 enabled)
2025-01-29 13:21:18,252 INFO c.h.h.t.HelmChartContainer - [hivemq-test-hivemq-platform] [hivemq-platform-operator] [cc3bc278] 13:21:18.247 [pool-6-thread-44] DEBUG c.h.p.o.dependants.PodInfoConfigMap - [helmcust] Desired PodInfo ConfigMap (metrics port: 9399) (metrics path: /)
2025-01-29 13:21:18,252 INFO c.h.h.t.HelmChartContainer - [hivemq-test-hivemq-platform] [hivemq-platform-operator] [cc3bc278] 13:21:18.247 [pool-6-thread-44] DEBUG c.h.p.o.dependants.PodInfoConfigMap - [helmcust] Desired PodInfo ConfigMap (extension state hash: -1817474005)
2025-01-29 13:21:18,259 INFO c.h.h.t.HelmChartContainer - [POD] test-hivemq-platform-1 [66d46581-bafe-42ef-91ad-0a2f17f5392a] in helmcustomconfigit was ADDED
2025-01-29 13:21:18,263 INFO c.h.h.t.HelmChartContainer - [EVENT] Normal [SuccessfulCreate] create Pod test-hivemq-platform-1 in StatefulSet test-hivemq-platform successful [helmcustomconfigit:test-hivemq-platform]
2025-01-29 13:21:18,268 INFO c.h.h.t.HelmChartContainer - [hivemq-test-hivemq-platform] [hivemq-platform-operator] [cc3bc278] 13:21:18.258 [pool-6-thread-45] DEBUG c.h.p.o.d.StatefulSetResource - [helmcust] Desired StatefulSet (2 replicas) for status STARTING (READY)
2025-01-29 13:21:18,273 INFO c.h.h.t.HelmChartContainer - [POD] test-hivemq-platform-1 [66d46581-bafe-42ef-91ad-0a2f17f5392a] in helmcustomconfigit was MODIFIED
2025-01-29 13:21:18,283 INFO c.h.h.t.HelmChartContainer - [EVENT] Normal [Scheduled] Successfully assigned helmcustomconfigit/test-hivemq-platform-1 to 8f07877cb075 [helmcustomconfigit:test-hivemq-platform-1]
2025-01-29 13:21:18,288 INFO c.h.h.t.HelmChartContainer - [POD] test-hivemq-platform-1 [66d46581-bafe-42ef-91ad-0a2f17f5392a] in helmcustomconfigit was MODIFIED
2025-01-29 13:21:18,339 INFO c.h.h.t.HelmChartContainer - [hivemq-test-hivemq-platform] [hivemq-platform-operator] [cc3bc278] 13:21:18.336 [ReconcilerExecutor-hivemq-controller-112] INFO  c.h.p.o.HiveMQPlatformReconciler - [helmcust] Reconciling HiveMQ Platform 'test-hivemq-platform' in namespace 'helmcustomconfigit'
2025-01-29 13:21:18,339 INFO c.h.h.t.HelmChartContainer - [hivemq-test-hivemq-platform] [hivemq-platform-operator] [cc3bc278] 13:21:18.337 [ReconcilerExecutor-hivemq-controller-112] DEBUG c.h.p.o.HiveMQPlatformReconciler - [helmcust] Custom Resource Status STARTING - HiveMQ Platform is starting (READY)
2025-01-29 13:21:18,339 INFO c.h.h.t.HelmChartContainer - [hivemq-test-hivemq-platform] [hivemq-platform-operator] [cc3bc278] 13:21:18.337 [ReconcilerExecutor-hivemq-controller-112] DEBUG c.h.p.o.HiveMQPlatformReconciler - [helmcust] Custom Resource Spec (replicas: 2) (extensions: 1)
2025-01-29 13:21:18,341 INFO c.h.h.t.HelmChartContainer - [hivemq-test-hivemq-platform] [hivemq-platform-operator] [cc3bc278] 13:21:18.338 [ReconcilerExecutor-hivemq-controller-112] DEBUG c.h.p.o.HiveMQPlatformReconciler - [helmcust] StatefulSet Status (revision: test-hivemq-platform-86bfbd5557, replicas: 1, available: 0, ready: 0, current: 1, updated: 1)
2025-01-29 13:21:18,342 INFO c.h.h.t.HelmChartContainer - [hivemq-test-hivemq-platform] [hivemq-platform-operator] [cc3bc278] 13:21:18.338 [ReconcilerExecutor-hivemq-controller-112] DEBUG c.h.p.o.HiveMQPlatformReconciler - [helmcust] StatefulSet Spec (replicas: 2, init containers: 1, containers: 1, volumes: 3)
2025-01-29 13:21:18,342 INFO c.h.h.t.HelmChartContainer - [hivemq-test-hivemq-platform] [hivemq-platform-operator] [cc3bc278] 13:21:18.340 [ReconcilerExecutor-hivemq-controller-112] DEBUG c.h.p.o.h.HiveMQPlatformReconcilerErrorHandler - [helmcust] Pod 'test-hivemq-platform-1' phase Pending
2025-01-29 13:21:18,342 INFO c.h.h.t.HelmChartContainer - [hivemq-test-hivemq-platform] [hivemq-platform-operator] [cc3bc278] 13:21:18.341 [ReconcilerExecutor-hivemq-controller-112] DEBUG c.h.p.o.h.HiveMQPlatformReconcilerErrorHandler - [helmcust] Pod 'test-hivemq-platform-1' condition 'PodScheduled': True
2025-01-29 13:21:18,344 INFO c.h.h.t.HelmChartContainer - [hivemq-test-hivemq-platform] [hivemq-platform-operator] [cc3bc278] 13:21:18.342 [ReconcilerExecutor-hivemq-controller-112] DEBUG c.h.p.o.h.HiveMQPlatformReconcilerErrorHandler - [helmcust] Pod 'test-hivemq-platform-0' phase Running
2025-01-29 13:21:18,344 INFO c.h.h.t.HelmChartContainer - [hivemq-test-hivemq-platform] [hivemq-platform-operator] [cc3bc278] 13:21:18.343 [ReconcilerExecutor-hivemq-controller-112] INFO  c.h.p.o.h.HiveMQPlatformReconcilerBaseHandler - [helmcust] HiveMQ Platform is starting, 0 of 2 replicas are ready
2025-01-29 13:21:18,358 INFO c.h.h.t.HelmChartContainer - [hivemq-test-hivemq-platform] [hivemq-platform-operator] [cc3bc278] 13:21:18.353 [pool-6-thread-1] DEBUG c.h.p.o.d.PlatformServiceResource - [helmcust] Desired Platform services (3 services)
2025-01-29 13:21:18,359 INFO c.h.h.t.HelmChartContainer - [hivemq-test-hivemq-platform] [hivemq-platform-operator] [cc3bc278] 13:21:18.355 [pool-6-thread-7] DEBUG c.h.p.o.dependants.PodInfoConfigMap - [helmcust] Desired PodInfo ConfigMap (1 extensions) (1 enabled)
2025-01-29 13:21:18,359 INFO c.h.h.t.HelmChartContainer - [hivemq-test-hivemq-platform] [hivemq-platform-operator] [cc3bc278] 13:21:18.356 [pool-6-thread-7] DEBUG c.h.p.o.dependants.PodInfoConfigMap - [helmcust] Desired PodInfo ConfigMap (metrics port: 9399) (metrics path: /)
2025-01-29 13:21:18,359 INFO c.h.h.t.HelmChartContainer - [hivemq-test-hivemq-platform] [hivemq-platform-operator] [cc3bc278] 13:21:18.356 [pool-6-thread-7] DEBUG c.h.p.o.dependants.PodInfoConfigMap - [helmcust] Desired PodInfo ConfigMap (extension state hash: -1817474005)
2025-01-29 13:21:18,359 INFO c.h.h.t.HelmChartContainer - [hivemq-test-hivemq-platform] [hivemq-platform-operator] [cc3bc278] 13:21:18.357 [pool-6-thread-7] DEBUG c.h.p.o.d.PodServiceAccountResource - [helmcust] Desired PodServiceAccountResource (serviceAccountName: hivemq-platform-pod-test-hivemq-platform)
2025-01-29 13:21:18,400 INFO c.h.h.t.HelmChartContainer - [K3S] [reconciler_common.go:251] "operationExecutor.VerifyControllerAttachedVolume started for volume \"broker-configuration\" (UniqueName: \"kubernetes.io/configmap/66d46581-bafe-42ef-91ad-0a2f17f5392a-broker-configuration\") pod \"test-hivemq-platform-1\" (UID: \"66d46581-bafe-42ef-91ad-0a2f17f5392a\") " pod="helmcustomconfigit/test-hivemq-platform-1"
2025-01-29 13:21:18,400 INFO c.h.h.t.HelmChartContainer - [K3S] [reconciler_common.go:251] "operationExecutor.VerifyControllerAttachedVolume started for volume \"operator-init\" (UniqueName: \"kubernetes.io/empty-dir/66d46581-bafe-42ef-91ad-0a2f17f5392a-operator-init\") pod \"test-hivemq-platform-1\" (UID: \"66d46581-bafe-42ef-91ad-0a2f17f5392a\") " pod="helmcustomconfigit/test-hivemq-platform-1"
2025-01-29 13:21:18,400 INFO c.h.h.t.HelmChartContainer - [K3S] [reconciler_common.go:251] "operationExecutor.VerifyControllerAttachedVolume started for volume \"kube-api-access-855zp\" (UniqueName: \"kubernetes.io/projected/66d46581-bafe-42ef-91ad-0a2f17f5392a-kube-api-access-855zp\") pod \"test-hivemq-platform-1\" (UID: \"66d46581-bafe-42ef-91ad-0a2f17f5392a\") " pod="helmcustomconfigit/test-hivemq-platform-1"
2025-01-29 13:21:18,401 INFO c.h.h.t.HelmChartContainer - [K3S] [reconciler_common.go:251] "operationExecutor.VerifyControllerAttachedVolume started for volume \"pod-info\" (UniqueName: \"kubernetes.io/configmap/66d46581-bafe-42ef-91ad-0a2f17f5392a-pod-info\") pod \"test-hivemq-platform-1\" (UID: \"66d46581-bafe-42ef-91ad-0a2f17f5392a\") " pod="helmcustomconfigit/test-hivemq-platform-1"
2025-01-29 13:21:18,442 INFO c.h.h.t.HelmChartContainer - [hivemq-test-hivemq-platform] [hivemq-platform-operator] [cc3bc278] 13:21:18.439 [pool-6-thread-1] DEBUG c.h.p.o.d.StatefulSetResource - [helmcust] Desired StatefulSet (2 replicas) for status STARTING (READY)
2025-01-29 13:21:18,444 INFO c.h.h.t.HelmChartContainer - [hivemq-test-hivemq-platform] [hivemq-platform-operator] [cc3bc278] 13:21:18.443 [ReconcilerExecutor-hivemq-controller-113] INFO  c.h.p.o.HiveMQPlatformReconciler - [helmcust] Reconciling HiveMQ Platform 'test-hivemq-platform' in namespace 'helmcustomconfigit'
2025-01-29 13:21:18,444 INFO c.h.h.t.HelmChartContainer - [hivemq-test-hivemq-platform] [hivemq-platform-operator] [cc3bc278] 13:21:18.443 [ReconcilerExecutor-hivemq-controller-113] DEBUG c.h.p.o.HiveMQPlatformReconciler - [helmcust] Custom Resource Status STARTING - HiveMQ Platform is starting (READY)
2025-01-29 13:21:18,444 INFO c.h.h.t.HelmChartContainer - [hivemq-test-hivemq-platform] [hivemq-platform-operator] [cc3bc278] 13:21:18.443 [ReconcilerExecutor-hivemq-controller-113] DEBUG c.h.p.o.HiveMQPlatformReconciler - [helmcust] Custom Resource Spec (replicas: 2) (extensions: 1)
2025-01-29 13:21:18,445 INFO c.h.h.t.HelmChartContainer - [hivemq-test-hivemq-platform] [hivemq-platform-operator] [cc3bc278] 13:21:18.444 [ReconcilerExecutor-hivemq-controller-113] DEBUG c.h.p.o.HiveMQPlatformReconciler - [helmcust] StatefulSet Status (revision: test-hivemq-platform-86bfbd5557, replicas: 2, available: 1, ready: 1, current: 2, updated: 2)
2025-01-29 13:21:18,445 INFO c.h.h.t.HelmChartContainer - [hivemq-test-hivemq-platform] [hivemq-platform-operator] [cc3bc278] 13:21:18.444 [ReconcilerExecutor-hivemq-controller-113] DEBUG c.h.p.o.HiveMQPlatformReconciler - [helmcust] StatefulSet Spec (replicas: 2, init containers: 1, containers: 1, volumes: 3)
2025-01-29 13:21:18,446 INFO c.h.h.t.HelmChartContainer - [hivemq-test-hivemq-platform] [hivemq-platform-operator] [cc3bc278] 13:21:18.445 [ReconcilerExecutor-hivemq-controller-113] DEBUG c.h.p.o.h.HiveMQPlatformReconcilerErrorHandler - [helmcust] Pod 'test-hivemq-platform-1' phase Pending
2025-01-29 13:21:18,446 INFO c.h.h.t.HelmChartContainer - [hivemq-test-hivemq-platform] [hivemq-platform-operator] [cc3bc278] 13:21:18.445 [ReconcilerExecutor-hivemq-controller-113] DEBUG c.h.p.o.h.HiveMQPlatformReconcilerErrorHandler - [helmcust] Pod 'test-hivemq-platform-1' condition 'PodReadyToStartContainers': False
2025-01-29 13:21:18,447 INFO c.h.h.t.HelmChartContainer - [hivemq-test-hivemq-platform] [hivemq-platform-operator] [cc3bc278] 13:21:18.445 [ReconcilerExecutor-hivemq-controller-113] DEBUG c.h.p.o.h.HiveMQPlatformReconcilerErrorHandler - [helmcust] Pod 'test-hivemq-platform-1' condition 'Initialized': False
2025-01-29 13:21:18,447 INFO c.h.h.t.HelmChartContainer - [hivemq-test-hivemq-platform] [hivemq-platform-operator] [cc3bc278] 13:21:18.446 [ReconcilerExecutor-hivemq-controller-113] DEBUG c.h.p.o.h.HiveMQPlatformReconcilerErrorHandler - [helmcust] Pod 'test-hivemq-platform-1' condition 'Ready': False
2025-01-29 13:21:18,447 INFO c.h.h.t.HelmChartContainer - [hivemq-test-hivemq-platform] [hivemq-platform-operator] [cc3bc278] 13:21:18.446 [ReconcilerExecutor-hivemq-controller-113] DEBUG c.h.p.o.h.HiveMQPlatformReconcilerErrorHandler - [helmcust] Pod 'test-hivemq-platform-1' condition 'ContainersReady': False
2025-01-29 13:21:18,447 INFO c.h.h.t.HelmChartContainer - [hivemq-test-hivemq-platform] [hivemq-platform-operator] [cc3bc278] 13:21:18.446 [ReconcilerExecutor-hivemq-controller-113] DEBUG c.h.p.o.h.HiveMQPlatformReconcilerErrorHandler - [helmcust] Pod 'test-hivemq-platform-1' condition 'PodScheduled': True
2025-01-29 13:21:18,447 INFO c.h.h.t.HelmChartContainer - [hivemq-test-hivemq-platform] [hivemq-platform-operator] [cc3bc278] 13:21:18.446 [ReconcilerExecutor-hivemq-controller-113] DEBUG c.h.p.o.h.HiveMQPlatformReconcilerErrorHandler - [helmcust] Pod 'test-hivemq-platform-1' containerStatus 'hivemq' (started: false) (ready: false) (waiting: [PodInitializing] null)
2025-01-29 13:21:18,447 INFO c.h.h.t.HelmChartContainer - [hivemq-test-hivemq-platform] [hivemq-platform-operator] [cc3bc278] 13:21:18.446 [ReconcilerExecutor-hivemq-controller-113] DEBUG c.h.p.o.h.HiveMQPlatformReconcilerErrorHandler - [helmcust] Pod 'test-hivemq-platform-0' phase Running
2025-01-29 13:21:18,455 INFO c.h.h.t.HelmChartContainer - [hivemq-test-hivemq-platform] [hivemq-platform-operator] [cc3bc278] 13:21:18.452 [ReconcilerExecutor-hivemq-controller-113] INFO  c.h.p.o.h.HiveMQPlatformReconcilerBaseHandler - [helmcust] HiveMQ Platform is starting, 1 of 2 replicas are ready
2025-01-29 13:21:18,456 INFO c.h.h.t.HelmChartContainer - [hivemq-test-hivemq-platform] [hivemq-platform-operator] [cc3bc278] 13:21:18.455 [pool-6-thread-14] DEBUG c.h.p.o.d.PlatformServiceResource - [helmcust] Desired Platform services (3 services)
2025-01-29 13:21:18,458 INFO c.h.h.t.HelmChartContainer - [hivemq-test-hivemq-platform] [hivemq-platform-operator] [cc3bc278] 13:21:18.457 [pool-6-thread-16] DEBUG c.h.p.o.d.PodServiceAccountResource - [helmcust] Desired PodServiceAccountResource (serviceAccountName: hivemq-platform-pod-test-hivemq-platform)
2025-01-29 13:21:18,538 INFO c.h.h.t.HelmChartContainer - [hivemq-test-hivemq-platform] [hivemq-platform-operator] [cc3bc278] 13:21:18.456 [pool-6-thread-17] DEBUG c.h.p.o.dependants.PodInfoConfigMap - [helmcust] Desired PodInfo ConfigMap (1 extensions) (1 enabled)
2025-01-29 13:21:18,538 INFO c.h.h.t.HelmChartContainer - [hivemq-test-hivemq-platform] [hivemq-platform-operator] [cc3bc278] 13:21:18.535 [pool-6-thread-17] DEBUG c.h.p.o.dependants.PodInfoConfigMap - [helmcust] Desired PodInfo ConfigMap (metrics port: 9399) (metrics path: /)
2025-01-29 13:21:18,538 INFO c.h.h.t.HelmChartContainer - [hivemq-test-hivemq-platform] [hivemq-platform-operator] [cc3bc278] 13:21:18.535 [pool-6-thread-17] DEBUG c.h.p.o.dependants.PodInfoConfigMap - [helmcust] Desired PodInfo ConfigMap (extension state hash: -1817474005)
2025-01-29 13:21:18,544 INFO c.h.h.t.HelmChartContainer - [hivemq-test-hivemq-platform] [hivemq-platform-operator] [cc3bc278] 13:21:18.543 [pool-6-thread-14] DEBUG c.h.p.o.d.StatefulSetResource - [helmcust] Desired StatefulSet (2 replicas) for status STARTING (READY)
2025-01-29 13:21:18,546 INFO c.h.h.t.HelmChartContainer - [hivemq-test-hivemq-platform] [hivemq-platform-operator] [cc3bc278] 13:21:18.545 [ReconcilerExecutor-hivemq-controller-114] INFO  c.h.p.o.HiveMQPlatformReconciler - [helmcust] Reconciling HiveMQ Platform 'test-hivemq-platform' in namespace 'helmcustomconfigit'
2025-01-29 13:21:18,546 INFO c.h.h.t.HelmChartContainer - [hivemq-test-hivemq-platform] [hivemq-platform-operator] [cc3bc278] 13:21:18.545 [ReconcilerExecutor-hivemq-controller-114] DEBUG c.h.p.o.HiveMQPlatformReconciler - [helmcust] Custom Resource Status STARTING - HiveMQ Platform is starting (READY)
2025-01-29 13:21:18,547 INFO c.h.h.t.HelmChartContainer - [hivemq-test-hivemq-platform] [hivemq-platform-operator] [cc3bc278] 13:21:18.545 [ReconcilerExecutor-hivemq-controller-114] DEBUG c.h.p.o.HiveMQPlatformReconciler - [helmcust] Custom Resource Spec (replicas: 2) (extensions: 1)
2025-01-29 13:21:18,553 INFO c.h.h.t.HelmChartContainer - [hivemq-test-hivemq-platform] [hivemq-platform-operator] [cc3bc278] 13:21:18.552 [ReconcilerExecutor-hivemq-controller-114] DEBUG c.h.p.o.HiveMQPlatformReconciler - [helmcust] StatefulSet Status (revision: test-hivemq-platform-86bfbd5557, replicas: 2, available: 1, ready: 1, current: 2, updated: 2)
2025-01-29 13:21:18,554 INFO c.h.h.t.HelmChartContainer - [hivemq-test-hivemq-platform] [hivemq-platform-operator] [cc3bc278] 13:21:18.552 [ReconcilerExecutor-hivemq-controller-114] DEBUG c.h.p.o.HiveMQPlatformReconciler - [helmcust] StatefulSet Spec (replicas: 2, init containers: 1, containers: 1, volumes: 3)
2025-01-29 13:21:18,556 INFO c.h.h.t.HelmChartContainer - [hivemq-test-hivemq-platform] [hivemq-platform-operator] [cc3bc278] 13:21:18.554 [ReconcilerExecutor-hivemq-controller-114] DEBUG c.h.p.o.h.HiveMQPlatformReconcilerErrorHandler - [helmcust] Pod 'test-hivemq-platform-1' phase Pending
2025-01-29 13:21:18,557 INFO c.h.h.t.HelmChartContainer - [hivemq-test-hivemq-platform] [hivemq-platform-operator] [cc3bc278] 13:21:18.554 [ReconcilerExecutor-hivemq-controller-114] DEBUG c.h.p.o.h.HiveMQPlatformReconcilerErrorHandler - [helmcust] Pod 'test-hivemq-platform-1' condition 'PodReadyToStartContainers': False
2025-01-29 13:21:18,557 INFO c.h.h.t.HelmChartContainer - [hivemq-test-hivemq-platform] [hivemq-platform-operator] [cc3bc278] 13:21:18.554 [ReconcilerExecutor-hivemq-controller-114] DEBUG c.h.p.o.h.HiveMQPlatformReconcilerErrorHandler - [helmcust] Pod 'test-hivemq-platform-1' condition 'Initialized': False
2025-01-29 13:21:18,557 INFO c.h.h.t.HelmChartContainer - [hivemq-test-hivemq-platform] [hivemq-platform-operator] [cc3bc278] 13:21:18.554 [ReconcilerExecutor-hivemq-controller-114] DEBUG c.h.p.o.h.HiveMQPlatformReconcilerErrorHandler - [helmcust] Pod 'test-hivemq-platform-1' condition 'Ready': False
2025-01-29 13:21:18,557 INFO c.h.h.t.HelmChartContainer - [hivemq-test-hivemq-platform] [hivemq-platform-operator] [cc3bc278] 13:21:18.554 [ReconcilerExecutor-hivemq-controller-114] DEBUG c.h.p.o.h.HiveMQPlatformReconcilerErrorHandler - [helmcust] Pod 'test-hivemq-platform-1' condition 'ContainersReady': False
2025-01-29 13:21:18,559 INFO c.h.h.t.HelmChartContainer - [hivemq-test-hivemq-platform] [hivemq-platform-operator] [cc3bc278] 13:21:18.554 [ReconcilerExecutor-hivemq-controller-114] DEBUG c.h.p.o.h.HiveMQPlatformReconcilerErrorHandler - [helmcust] Pod 'test-hivemq-platform-1' condition 'PodScheduled': True
2025-01-29 13:21:18,559 INFO c.h.h.t.HelmChartContainer - [hivemq-test-hivemq-platform] [hivemq-platform-operator] [cc3bc278] 13:21:18.554 [ReconcilerExecutor-hivemq-controller-114] DEBUG c.h.p.o.h.HiveMQPlatformReconcilerErrorHandler - [helmcust] Pod 'test-hivemq-platform-1' containerStatus 'hivemq' (started: false) (ready: false) (waiting: [PodInitializing] null)
2025-01-29 13:21:18,559 INFO c.h.h.t.HelmChartContainer - [hivemq-test-hivemq-platform] [hivemq-platform-operator] [cc3bc278] 13:21:18.555 [ReconcilerExecutor-hivemq-controller-114] DEBUG c.h.p.o.h.HiveMQPlatformReconcilerErrorHandler - [helmcust] Pod 'test-hivemq-platform-0' phase Running
2025-01-29 13:21:18,559 INFO c.h.h.t.HelmChartContainer - [hivemq-test-hivemq-platform] [hivemq-platform-operator] [cc3bc278] 13:21:18.556 [ReconcilerExecutor-hivemq-controller-114] INFO  c.h.p.o.h.HiveMQPlatformReconcilerBaseHandler - [helmcust] HiveMQ Platform is starting, 1 of 2 replicas are ready
2025-01-29 13:21:18,671 INFO c.h.h.t.HelmChartContainer - [EVENT] Normal [Pulled] Container image "docker.io/hivemq/hivemq-platform-operator-init-test:snapshot" already present on machine [helmcustomconfigit:test-hivemq-platform-1]
2025-01-29 13:21:18,677 INFO c.h.h.t.HelmChartContainer - [EVENT] Normal [Created] Created container: hivemq-platform-operator-init [helmcustomconfigit:test-hivemq-platform-1]
2025-01-29 13:21:18,715 INFO c.h.h.t.HelmChartContainer - [EVENT] Normal [Started] Started container hivemq-platform-operator-init [helmcustomconfigit:test-hivemq-platform-1]
2025-01-29 13:21:18,813 INFO c.h.h.t.HelmChartContainer - [POD] test-hivemq-platform-1 [66d46581-bafe-42ef-91ad-0a2f17f5392a] in helmcustomconfigit was MODIFIED
2025-01-29 13:21:18,835 INFO c.h.h.t.HelmChartContainer - [hivemq-test-hivemq-platform] [hivemq-platform-operator] [cc3bc278] 13:21:18.828 [pool-6-thread-29] DEBUG c.h.p.o.dependants.PodInfoConfigMap - [helmcust] Desired PodInfo ConfigMap (1 extensions) (1 enabled)
2025-01-29 13:21:18,835 INFO c.h.h.t.HelmChartContainer - [hivemq-test-hivemq-platform] [hivemq-platform-operator] [cc3bc278] 13:21:18.828 [pool-6-thread-29] DEBUG c.h.p.o.dependants.PodInfoConfigMap - [helmcust] Desired PodInfo ConfigMap (metrics port: 9399) (metrics path: /)
2025-01-29 13:21:18,835 INFO c.h.h.t.HelmChartContainer - [hivemq-test-hivemq-platform] [hivemq-platform-operator] [cc3bc278] 13:21:18.829 [pool-6-thread-23] DEBUG c.h.p.o.d.PodServiceAccountResource - [helmcust] Desired PodServiceAccountResource (serviceAccountName: hivemq-platform-pod-test-hivemq-platform)
2025-01-29 13:21:18,835 INFO c.h.h.t.HelmChartContainer - [hivemq-test-hivemq-platform] [hivemq-platform-operator] [cc3bc278] 13:21:18.829 [pool-6-thread-29] DEBUG c.h.p.o.dependants.PodInfoConfigMap - [helmcust] Desired PodInfo ConfigMap (extension state hash: -1817474005)
2025-01-29 13:21:18,835 INFO c.h.h.t.HelmChartContainer - [hivemq-test-hivemq-platform] [hivemq-platform-operator] [cc3bc278] 13:21:18.831 [pool-6-thread-25] DEBUG c.h.p.o.d.PlatformServiceResource - [helmcust] Desired Platform services (3 services)
2025-01-29 13:21:18,845 INFO c.h.h.t.HelmChartContainer - [hivemq-test-hivemq-platform] [hivemq-platform-operator] [cc3bc278] 13:21:18.837 [pool-6-thread-25] DEBUG c.h.p.o.d.StatefulSetResource - [helmcust] Desired StatefulSet (2 replicas) for status STARTING (READY)
2025-01-29 13:21:18,845 INFO c.h.h.t.HelmChartContainer - [hivemq-test-hivemq-platform] [hivemq-platform-operator] [cc3bc278] 13:21:18.844 [ReconcilerExecutor-hivemq-controller-115] INFO  c.h.p.o.HiveMQPlatformReconciler - [helmcust] Reconciling HiveMQ Platform 'test-hivemq-platform' in namespace 'helmcustomconfigit'
2025-01-29 13:21:18,845 INFO c.h.h.t.HelmChartContainer - [hivemq-test-hivemq-platform] [hivemq-platform-operator] [cc3bc278] 13:21:18.844 [ReconcilerExecutor-hivemq-controller-115] DEBUG c.h.p.o.HiveMQPlatformReconciler - [helmcust] Custom Resource Status STARTING - HiveMQ Platform is starting (READY)
2025-01-29 13:21:18,845 INFO c.h.h.t.HelmChartContainer - [hivemq-test-hivemq-platform] [hivemq-platform-operator] [cc3bc278] 13:21:18.844 [ReconcilerExecutor-hivemq-controller-115] DEBUG c.h.p.o.HiveMQPlatformReconciler - [helmcust] Custom Resource Spec (replicas: 2) (extensions: 1)
2025-01-29 13:21:18,847 INFO c.h.h.t.HelmChartContainer - [hivemq-test-hivemq-platform] [hivemq-platform-operator] [cc3bc278] 13:21:18.846 [ReconcilerExecutor-hivemq-controller-115] DEBUG c.h.p.o.HiveMQPlatformReconciler - [helmcust] StatefulSet Status (revision: test-hivemq-platform-86bfbd5557, replicas: 2, available: 1, ready: 1, current: 2, updated: 2)
2025-01-29 13:21:18,847 INFO c.h.h.t.HelmChartContainer - [hivemq-test-hivemq-platform] [hivemq-platform-operator] [cc3bc278] 13:21:18.846 [ReconcilerExecutor-hivemq-controller-115] DEBUG c.h.p.o.HiveMQPlatformReconciler - [helmcust] StatefulSet Spec (replicas: 2, init containers: 1, containers: 1, volumes: 3)
2025-01-29 13:21:18,854 INFO c.h.h.t.HelmChartContainer - [hivemq-test-hivemq-platform] [hivemq-platform-operator] [cc3bc278] 13:21:18.852 [ReconcilerExecutor-hivemq-controller-115] DEBUG c.h.p.o.h.HiveMQPlatformReconcilerErrorHandler - [helmcust] Pod 'test-hivemq-platform-1' phase Pending
2025-01-29 13:21:18,854 INFO c.h.h.t.HelmChartContainer - [hivemq-test-hivemq-platform] [hivemq-platform-operator] [cc3bc278] 13:21:18.852 [ReconcilerExecutor-hivemq-controller-115] DEBUG c.h.p.o.h.HiveMQPlatformReconcilerErrorHandler - [helmcust] Pod 'test-hivemq-platform-1' condition 'PodReadyToStartContainers': True
2025-01-29 13:21:18,854 INFO c.h.h.t.HelmChartContainer - [hivemq-test-hivemq-platform] [hivemq-platform-operator] [cc3bc278] 13:21:18.852 [ReconcilerExecutor-hivemq-controller-115] DEBUG c.h.p.o.h.HiveMQPlatformReconcilerErrorHandler - [helmcust] Pod 'test-hivemq-platform-1' condition 'Initialized': False
2025-01-29 13:21:18,854 INFO c.h.h.t.HelmChartContainer - [hivemq-test-hivemq-platform] [hivemq-platform-operator] [cc3bc278] 13:21:18.852 [ReconcilerExecutor-hivemq-controller-115] DEBUG c.h.p.o.h.HiveMQPlatformReconcilerErrorHandler - [helmcust] Pod 'test-hivemq-platform-1' condition 'Ready': False
2025-01-29 13:21:18,854 INFO c.h.h.t.HelmChartContainer - [hivemq-test-hivemq-platform] [hivemq-platform-operator] [cc3bc278] 13:21:18.852 [ReconcilerExecutor-hivemq-controller-115] DEBUG c.h.p.o.h.HiveMQPlatformReconcilerErrorHandler - [helmcust] Pod 'test-hivemq-platform-1' condition 'ContainersReady': False
2025-01-29 13:21:18,854 INFO c.h.h.t.HelmChartContainer - [hivemq-test-hivemq-platform] [hivemq-platform-operator] [cc3bc278] 13:21:18.852 [ReconcilerExecutor-hivemq-controller-115] DEBUG c.h.p.o.h.HiveMQPlatformReconcilerErrorHandler - [helmcust] Pod 'test-hivemq-platform-1' condition 'PodScheduled': True
2025-01-29 13:21:18,854 INFO c.h.h.t.HelmChartContainer - [hivemq-test-hivemq-platform] [hivemq-platform-operator] [cc3bc278] 13:21:18.852 [ReconcilerExecutor-hivemq-controller-115] DEBUG c.h.p.o.h.HiveMQPlatformReconcilerErrorHandler - [helmcust] Pod 'test-hivemq-platform-1' containerStatus 'hivemq' (started: false) (ready: false) (waiting: [PodInitializing] null)
2025-01-29 13:21:18,855 INFO c.h.h.t.HelmChartContainer - [hivemq-test-hivemq-platform] [hivemq-platform-operator] [cc3bc278] 13:21:18.854 [ReconcilerExecutor-hivemq-controller-115] DEBUG c.h.p.o.h.HiveMQPlatformReconcilerErrorHandler - [helmcust] Pod 'test-hivemq-platform-0' phase Running
2025-01-29 13:21:18,856 INFO c.h.h.t.HelmChartContainer - [hivemq-test-hivemq-platform] [hivemq-platform-operator] [cc3bc278] 13:21:18.855 [ReconcilerExecutor-hivemq-controller-115] INFO  c.h.p.o.h.HiveMQPlatformReconcilerBaseHandler - [helmcust] HiveMQ Platform is starting, 1 of 2 replicas are ready
2025-01-29 13:21:19,808 INFO c.h.h.t.HelmChartContainer - [EVENT] Normal [Pulled] Container image "docker.io/hivemq/hivemq4:4.36.0" already present on machine [helmcustomconfigit:test-hivemq-platform-1]
2025-01-29 13:21:19,809 INFO c.h.h.t.HelmChartContainer - Received Pulled event for container hivemq in pod test-hivemq-platform-1 [66d46581-bafe-42ef-91ad-0a2f17f5392a]
2025-01-29 13:21:19,816 INFO c.h.h.t.HelmChartContainer - [POD] test-hivemq-platform-1 [66d46581-bafe-42ef-91ad-0a2f17f5392a] in helmcustomconfigit was MODIFIED
2025-01-29 13:21:19,825 INFO c.h.h.t.HelmChartContainer - [hivemq-test-hivemq-platform] [hivemq-platform-operator] [cc3bc278] 13:21:19.820 [pool-6-thread-35] DEBUG c.h.p.o.d.PlatformServiceResource - [helmcust] Desired Platform services (3 services)
2025-01-29 13:21:19,826 INFO c.h.h.t.HelmChartContainer - [hivemq-test-hivemq-platform] [hivemq-platform-operator] [cc3bc278] 13:21:19.821 [pool-6-thread-37] DEBUG c.h.p.o.dependants.PodInfoConfigMap - [helmcust] Desired PodInfo ConfigMap (1 extensions) (1 enabled)
2025-01-29 13:21:19,826 INFO c.h.h.t.HelmChartContainer - [hivemq-test-hivemq-platform] [hivemq-platform-operator] [cc3bc278] 13:21:19.821 [pool-6-thread-37] DEBUG c.h.p.o.dependants.PodInfoConfigMap - [helmcust] Desired PodInfo ConfigMap (metrics port: 9399) (metrics path: /)
2025-01-29 13:21:19,826 INFO c.h.h.t.HelmChartContainer - [hivemq-test-hivemq-platform] [hivemq-platform-operator] [cc3bc278] 13:21:19.821 [pool-6-thread-37] DEBUG c.h.p.o.dependants.PodInfoConfigMap - [helmcust] Desired PodInfo ConfigMap (extension state hash: -1817474005)
2025-01-29 13:21:19,826 INFO c.h.h.t.HelmChartContainer - [hivemq-test-hivemq-platform] [hivemq-platform-operator] [cc3bc278] 13:21:19.823 [pool-6-thread-37] DEBUG c.h.p.o.d.PodServiceAccountResource - [helmcust] Desired PodServiceAccountResource (serviceAccountName: hivemq-platform-pod-test-hivemq-platform)
2025-01-29 13:21:19,828 INFO c.h.h.t.HelmChartContainer - [EVENT] Normal [Created] Created container: hivemq [helmcustomconfigit:test-hivemq-platform-1]
2025-01-29 13:21:19,829 INFO c.h.h.t.HelmChartContainer - Received Created event for container hivemq in pod test-hivemq-platform-1 [66d46581-bafe-42ef-91ad-0a2f17f5392a]
2025-01-29 13:21:19,842 INFO c.h.h.t.HelmChartContainer - [hivemq-test-hivemq-platform] [hivemq-platform-operator] [cc3bc278] 13:21:19.840 [pool-6-thread-35] DEBUG c.h.p.o.d.StatefulSetResource - [helmcust] Desired StatefulSet (2 replicas) for status STARTING (READY)
2025-01-29 13:21:19,859 INFO c.h.h.t.HelmChartContainer - [hivemq-test-hivemq-platform] [hivemq-platform-operator] [cc3bc278] 13:21:19.854 [ReconcilerExecutor-hivemq-controller-116] INFO  c.h.p.o.HiveMQPlatformReconciler - [helmcust] Reconciling HiveMQ Platform 'test-hivemq-platform' in namespace 'helmcustomconfigit'
2025-01-29 13:21:19,859 INFO c.h.h.t.HelmChartContainer - [hivemq-test-hivemq-platform] [hivemq-platform-operator] [cc3bc278] 13:21:19.854 [ReconcilerExecutor-hivemq-controller-116] DEBUG c.h.p.o.HiveMQPlatformReconciler - [helmcust] Custom Resource Status STARTING - HiveMQ Platform is starting (READY)
2025-01-29 13:21:19,859 INFO c.h.h.t.HelmChartContainer - [hivemq-test-hivemq-platform] [hivemq-platform-operator] [cc3bc278] 13:21:19.854 [ReconcilerExecutor-hivemq-controller-116] DEBUG c.h.p.o.HiveMQPlatformReconciler - [helmcust] Custom Resource Spec (replicas: 2) (extensions: 1)
2025-01-29 13:21:19,860 INFO c.h.h.t.HelmChartContainer - [hivemq-test-hivemq-platform] [hivemq-platform-operator] [cc3bc278] 13:21:19.858 [ReconcilerExecutor-hivemq-controller-116] DEBUG c.h.p.o.HiveMQPlatformReconciler - [helmcust] StatefulSet Status (revision: test-hivemq-platform-86bfbd5557, replicas: 2, available: 1, ready: 1, current: 2, updated: 2)
2025-01-29 13:21:19,862 INFO c.h.h.t.HelmChartContainer - [hivemq-test-hivemq-platform] [hivemq-platform-operator] [cc3bc278] 13:21:19.858 [ReconcilerExecutor-hivemq-controller-116] DEBUG c.h.p.o.HiveMQPlatformReconciler - [helmcust] StatefulSet Spec (replicas: 2, init containers: 1, containers: 1, volumes: 3)
2025-01-29 13:21:19,862 INFO c.h.h.t.HelmChartContainer - [hivemq-test-hivemq-platform] [hivemq-platform-operator] [cc3bc278] 13:21:19.860 [ReconcilerExecutor-hivemq-controller-116] DEBUG c.h.p.o.h.HiveMQPlatformReconcilerErrorHandler - [helmcust] Pod 'test-hivemq-platform-1' phase Pending
2025-01-29 13:21:19,864 INFO c.h.h.t.HelmChartContainer - [hivemq-test-hivemq-platform] [hivemq-platform-operator] [cc3bc278] 13:21:19.862 [ReconcilerExecutor-hivemq-controller-116] DEBUG c.h.p.o.h.HiveMQPlatformReconcilerErrorHandler - [helmcust] Pod 'test-hivemq-platform-1' condition 'PodReadyToStartContainers': True
2025-01-29 13:21:19,865 INFO c.h.h.t.HelmChartContainer - [hivemq-test-hivemq-platform] [hivemq-platform-operator] [cc3bc278] 13:21:19.863 [ReconcilerExecutor-hivemq-controller-116] DEBUG c.h.p.o.h.HiveMQPlatformReconcilerErrorHandler - [helmcust] Pod 'test-hivemq-platform-1' condition 'Initialized': True
2025-01-29 13:21:19,865 INFO c.h.h.t.HelmChartContainer - [hivemq-test-hivemq-platform] [hivemq-platform-operator] [cc3bc278] 13:21:19.863 [ReconcilerExecutor-hivemq-controller-116] DEBUG c.h.p.o.h.HiveMQPlatformReconcilerErrorHandler - [helmcust] Pod 'test-hivemq-platform-1' condition 'Ready': False
2025-01-29 13:21:19,865 INFO c.h.h.t.HelmChartContainer - [hivemq-test-hivemq-platform] [hivemq-platform-operator] [cc3bc278] 13:21:19.863 [ReconcilerExecutor-hivemq-controller-116] DEBUG c.h.p.o.h.HiveMQPlatformReconcilerErrorHandler - [helmcust] Pod 'test-hivemq-platform-1' condition 'ContainersReady': False
2025-01-29 13:21:19,866 INFO c.h.h.t.HelmChartContainer - [hivemq-test-hivemq-platform] [hivemq-platform-operator] [cc3bc278] 13:21:19.863 [ReconcilerExecutor-hivemq-controller-116] DEBUG c.h.p.o.h.HiveMQPlatformReconcilerErrorHandler - [helmcust] Pod 'test-hivemq-platform-1' condition 'PodScheduled': True
2025-01-29 13:21:19,866 INFO c.h.h.t.HelmChartContainer - [hivemq-test-hivemq-platform] [hivemq-platform-operator] [cc3bc278] 13:21:19.863 [ReconcilerExecutor-hivemq-controller-116] DEBUG c.h.p.o.h.HiveMQPlatformReconcilerErrorHandler - [helmcust] Pod 'test-hivemq-platform-1' containerStatus 'hivemq' (started: false) (ready: false) (waiting: [PodInitializing] null)
2025-01-29 13:21:19,866 INFO c.h.h.t.HelmChartContainer - [hivemq-test-hivemq-platform] [hivemq-platform-operator] [cc3bc278] 13:21:19.865 [ReconcilerExecutor-hivemq-controller-116] DEBUG c.h.p.o.h.HiveMQPlatformReconcilerErrorHandler - [helmcust] Pod 'test-hivemq-platform-0' phase Running
2025-01-29 13:21:19,868 INFO c.h.h.t.HelmChartContainer - [hivemq-test-hivemq-platform] [hivemq-platform-operator] [cc3bc278] 13:21:19.866 [ReconcilerExecutor-hivemq-controller-116] INFO  c.h.p.o.h.HiveMQPlatformReconcilerBaseHandler - [helmcust] HiveMQ Platform is starting, 1 of 2 replicas are ready
2025-01-29 13:21:20,820 INFO c.h.h.t.HelmChartContainer - [POD] test-hivemq-platform-1 [66d46581-bafe-42ef-91ad-0a2f17f5392a] in helmcustomconfigit was MODIFIED
2025-01-29 13:21:20,830 INFO c.h.h.t.HelmChartContainer - [hivemq-test-hivemq-platform] [hivemq-platform-operator] [cc3bc278] 13:21:20.826 [pool-6-thread-49] DEBUG c.h.p.o.d.PlatformServiceResource - [helmcust] Desired Platform services (3 services)
2025-01-29 13:21:20,830 INFO c.h.h.t.HelmChartContainer - [hivemq-test-hivemq-platform] [hivemq-platform-operator] [cc3bc278] 13:21:20.826 [pool-6-thread-41] DEBUG c.h.p.o.dependants.PodInfoConfigMap - [helmcust] Desired PodInfo ConfigMap (1 extensions) (1 enabled)
2025-01-29 13:21:20,830 INFO c.h.h.t.HelmChartContainer - [hivemq-test-hivemq-platform] [hivemq-platform-operator] [cc3bc278] 13:21:20.826 [pool-6-thread-41] DEBUG c.h.p.o.dependants.PodInfoConfigMap - [helmcust] Desired PodInfo ConfigMap (metrics port: 9399) (metrics path: /)
2025-01-29 13:21:20,830 INFO c.h.h.t.HelmChartContainer - [hivemq-test-hivemq-platform] [hivemq-platform-operator] [cc3bc278] 13:21:20.826 [pool-6-thread-41] DEBUG c.h.p.o.dependants.PodInfoConfigMap - [helmcust] Desired PodInfo ConfigMap (extension state hash: -1817474005)
2025-01-29 13:21:20,830 INFO c.h.h.t.HelmChartContainer - [hivemq-test-hivemq-platform] [hivemq-platform-operator] [cc3bc278] 13:21:20.829 [pool-6-thread-46] DEBUG c.h.p.o.d.PodServiceAccountResource - [helmcust] Desired PodServiceAccountResource (serviceAccountName: hivemq-platform-pod-test-hivemq-platform)
2025-01-29 13:21:20,830 INFO c.h.h.t.HelmChartContainer - [EVENT] Normal [Started] Started container hivemq [helmcustomconfigit:test-hivemq-platform-1]
2025-01-29 13:21:20,830 INFO c.h.h.t.HelmChartContainer - Received Started event for container hivemq in pod test-hivemq-platform-1 [66d46581-bafe-42ef-91ad-0a2f17f5392a]
2025-01-29 13:21:20,831 INFO c.h.h.t.HelmChartContainer - Started log watcher for hivemq in pod test-hivemq-platform-1 [66d46581-bafe-42ef-91ad-0a2f17f5392a]
2025-01-29 13:21:20,831 INFO c.h.h.t.HelmChartContainer - [test-hivemq-platform] [hivemq] [66d46581] Adding pre-installed HiveMQ Platform Operator extensions
2025-01-29 13:21:20,831 INFO c.h.h.t.HelmChartContainer - [test-hivemq-platform] [hivemq] [66d46581] Running as user 10000
2025-01-29 13:21:20,831 INFO c.h.h.t.HelmChartContainer - [test-hivemq-platform] [hivemq] [66d46581] Starting HiveMQ Platform Operator Init
2025-01-29 13:21:20,835 INFO c.h.h.t.HelmChartContainer - [hivemq-test-hivemq-platform] [hivemq-platform-operator] [cc3bc278] 13:21:20.833 [pool-6-thread-46] DEBUG c.h.p.o.d.StatefulSetResource - [helmcust] Desired StatefulSet (2 replicas) for status STARTING (READY)
2025-01-29 13:21:20,839 INFO c.h.h.t.HelmChartContainer - [hivemq-test-hivemq-platform] [hivemq-platform-operator] [cc3bc278] 13:21:20.837 [ReconcilerExecutor-hivemq-controller-117] INFO  c.h.p.o.HiveMQPlatformReconciler - [helmcust] Reconciling HiveMQ Platform 'test-hivemq-platform' in namespace 'helmcustomconfigit'
2025-01-29 13:21:20,839 INFO c.h.h.t.HelmChartContainer - [hivemq-test-hivemq-platform] [hivemq-platform-operator] [cc3bc278] 13:21:20.837 [ReconcilerExecutor-hivemq-controller-117] DEBUG c.h.p.o.HiveMQPlatformReconciler - [helmcust] Custom Resource Status STARTING - HiveMQ Platform is starting (READY)
2025-01-29 13:21:20,839 INFO c.h.h.t.HelmChartContainer - [hivemq-test-hivemq-platform] [hivemq-platform-operator] [cc3bc278] 13:21:20.837 [ReconcilerExecutor-hivemq-controller-117] DEBUG c.h.p.o.HiveMQPlatformReconciler - [helmcust] Custom Resource Spec (replicas: 2) (extensions: 1)
2025-01-29 13:21:20,840 INFO c.h.h.t.HelmChartContainer - [hivemq-test-hivemq-platform] [hivemq-platform-operator] [cc3bc278] 13:21:20.839 [ReconcilerExecutor-hivemq-controller-117] DEBUG c.h.p.o.HiveMQPlatformReconciler - [helmcust] StatefulSet Status (revision: test-hivemq-platform-86bfbd5557, replicas: 2, available: 1, ready: 1, current: 2, updated: 2)
2025-01-29 13:21:20,840 INFO c.h.h.t.HelmChartContainer - [hivemq-test-hivemq-platform] [hivemq-platform-operator] [cc3bc278] 13:21:20.839 [ReconcilerExecutor-hivemq-controller-117] DEBUG c.h.p.o.HiveMQPlatformReconciler - [helmcust] StatefulSet Spec (replicas: 2, init containers: 1, containers: 1, volumes: 3)
2025-01-29 13:21:20,842 INFO c.h.h.t.HelmChartContainer - [hivemq-test-hivemq-platform] [hivemq-platform-operator] [cc3bc278] 13:21:20.840 [ReconcilerExecutor-hivemq-controller-117] DEBUG c.h.p.o.h.HiveMQPlatformReconcilerErrorHandler - [helmcust] Pod 'test-hivemq-platform-1' phase Running
2025-01-29 13:21:20,843 INFO c.h.h.t.HelmChartContainer - [hivemq-test-hivemq-platform] [hivemq-platform-operator] [cc3bc278] 13:21:20.841 [ReconcilerExecutor-hivemq-controller-117] DEBUG c.h.p.o.h.HiveMQPlatformReconcilerErrorHandler - [helmcust] Pod 'test-hivemq-platform-0' phase Running
2025-01-29 13:21:20,853 INFO c.h.h.t.HelmChartContainer - [hivemq-test-hivemq-platform] [hivemq-platform-operator] [cc3bc278] 13:21:20.852 [ReconcilerExecutor-hivemq-controller-117] INFO  c.h.p.o.h.HiveMQPlatformReconcilerBaseHandler - [helmcust] HiveMQ Platform is starting, 1 of 2 replicas are ready
2025-01-29 13:21:21,091 INFO c.h.h.t.HelmChartContainer - [test-hivemq-platform] [hivemq] [66d46581] INFO  - [HiveMQ Platform Operator Init 1.7.0-SNAPSHOT] HiveMQ Platform Operator Init 1.7.0-SNAPSHOT (commit: bebf408 on branch: HEAD) built on Sun Jan 26 20:47:47 UTC 2025
2025-01-29 13:21:22,269 INFO c.h.h.t.HelmChartContainer - [test-hivemq-platform] [hivemq] [66d46581] INFO  - [HiveMQ Platform Operator Init App 1.7.0-SNAPSHOT] Using bind address 10.42.0.9 from environment variable
2025-01-29 13:21:23,087 INFO c.h.h.t.HelmChartContainer - [test-hivemq-platform] [hivemq] [66d46581] INFO  - [HiveMQ Platform Operator Init App 1.7.0-SNAPSHOT] HiveMQ Platform Operator Init App 1.7.0-SNAPSHOT (commit: bebf408 on branch: HEAD) built on Sun Jan 26 20:47:47 UTC 2025
2025-01-29 13:21:23,087 INFO c.h.h.t.HelmChartContainer - [test-hivemq-platform] [hivemq] [66d46581] INFO  - [HiveMQ Platform Operator Init App 1.7.0-SNAPSHOT] PodInfo ConfigMap directory: /etc/podinfo
2025-01-29 13:21:23,087 INFO c.h.h.t.HelmChartContainer - [test-hivemq-platform] [hivemq] [66d46581] INFO  - [HiveMQ Platform Operator Init App 1.7.0-SNAPSHOT] HiveMQ home directory: /opt/hivemq
2025-01-29 13:21:23,087 INFO c.h.h.t.HelmChartContainer - [test-hivemq-platform] [hivemq] [66d46581] INFO  - [HiveMQ Platform Operator Init App 1.7.0-SNAPSHOT] HiveMQ Logback folder: /opt/hivemq/conf
2025-01-29 13:21:23,087 INFO c.h.h.t.HelmChartContainer - [test-hivemq-platform] [hivemq] [66d46581] INFO  - [HiveMQ Platform Operator Init App 1.7.0-SNAPSHOT] HiveMQ Config folder: /opt/hivemq/conf-k8s
2025-01-29 13:21:23,088 INFO c.h.h.t.HelmChartContainer - [test-hivemq-platform] [hivemq] [66d46581] INFO  - [HiveMQ Platform Operator Init App 1.7.0-SNAPSHOT] Starting HiveMQ Platform Operator Init App
2025-01-29 13:21:23,089 INFO c.h.h.t.HelmChartContainer - [test-hivemq-platform] [hivemq] [66d46581] INFO  - [HiveMQ Platform Operator Init App 1.7.0-SNAPSHOT] Starting Pod reconciler
2025-01-29 13:21:24,366 INFO c.h.h.t.HelmChartContainer - [test-hivemq-platform] [hivemq] [66d46581] INFO  - [HiveMQ Platform Operator Init App 1.7.0-SNAPSHOT] Pod reconciler is scheduled (interval: 5000 ms)
2025-01-29 13:21:24,367 INFO c.h.h.t.HelmChartContainer - [test-hivemq-platform] [hivemq] [66d46581] INFO  - [HiveMQ Platform Operator Init App 1.7.0-SNAPSHOT] Starting the REST API on 10.42.0.9:7979
2025-01-29 13:21:24,376 INFO c.h.h.t.HelmChartContainer - [test-hivemq-platform] [hivemq] [66d46581] INFO  - [HiveMQ Platform Operator Init App 1.7.0-SNAPSHOT] Waiting up to 600s for at most 2 HiveMQ nodes in cluster service hivemq-test-hivemq-platform-cluster.helmcustomconfigit.svc
2025-01-29 13:21:24,695 INFO c.h.h.t.HelmChartContainer - [test-hivemq-platform] [hivemq] [66d46581] INFO  - [HiveMQ Platform Operator Init App 1.7.0-SNAPSHOT] Resolved 2 IP addresses: [10.42.0.8, 10.42.0.9]
2025-01-29 13:21:24,695 INFO c.h.h.t.HelmChartContainer - [test-hivemq-platform] [hivemq] [66d46581] INFO  - [HiveMQ Platform Operator Init App 1.7.0-SNAPSHOT] HiveMQ node count of 2 is within threshold of 2
2025-01-29 13:21:24,695 INFO c.h.h.t.HelmChartContainer - [test-hivemq-platform] [hivemq] [66d46581] INFO  - [HiveMQ Platform Operator Init App 1.7.0-SNAPSHOT] Proceeding with container start
2025-01-29 13:21:24,796 INFO c.h.h.t.HelmChartContainer - [test-hivemq-platform] [hivemq] [66d46581] INFO  - [HiveMQ Platform Operator Init App 1.7.0-SNAPSHOT] Initializing HiveMQ Platform extensions with initial configuration: {hivemq-allow-all-extension={start-priority=-1, skip-https-hostname-verification=false, restart=true, config-version=0, header-version=0, c-uri=, priority=-1, uri=preinstalled, skip-https-certificate-validation=false, enabled=true}, hivemq-prometheus-extension={skip-https-certificate-validation=false, skip-https-hostname-verification=false, c-uri=, start-priority=-1, priority=-1, restart=true, enabled=true, request-header-path=no-request-headers, uri=preinstalled}}
2025-01-29 13:21:25,284 INFO c.h.h.t.HelmChartContainer - [test-hivemq-platform] [hivemq] [66d46581] INFO  - [HiveMQ Platform Operator Init App 1.7.0-SNAPSHOT] Extension hivemq-allow-all-extension was already enabled
2025-01-29 13:21:25,370 INFO c.h.h.t.HelmChartContainer - [test-hivemq-platform] [hivemq] [66d46581] INFO  - [HiveMQ Platform Operator Init App 1.7.0-SNAPSHOT] Successfully enabled extension hivemq-prometheus-extension
2025-01-29 13:21:25,375 INFO c.h.h.t.HelmChartContainer - [test-hivemq-platform] [hivemq] [66d46581] INFO  - [HiveMQ Platform Operator Init App 1.7.0-SNAPSHOT] Starting HiveMQ Platform version 4.36.0 (4.36.0)
2025-01-29 13:21:25,376 INFO c.h.h.t.HelmChartContainer - [test-hivemq-platform] [hivemq] [66d46581] INFO  - [HiveMQ Platform Operator Init App 1.7.0-SNAPSHOT] Configuring the HiveMQ Platform
2025-01-29 13:21:25,383 INFO c.h.h.t.HelmChartContainer - [test-hivemq-platform] [hivemq] [66d46581] INFO  - [HiveMQ Platform Operator Init App 1.7.0-SNAPSHOT] Changed logback.xml file scan period to 20 seconds
2025-01-29 13:21:25,479 INFO c.h.h.t.HelmChartContainer - [test-hivemq-platform] [hivemq] [66d46581] INFO  - [HiveMQ Platform Operator Init App 1.7.0-SNAPSHOT] Starting the HiveMQ Platform
2025-01-29 13:21:25,482 INFO c.h.h.t.HelmChartContainer - [test-hivemq-platform] [hivemq] [66d46581] -------------------------------------------------------------------------
2025-01-29 13:21:25,482 INFO c.h.h.t.HelmChartContainer - [test-hivemq-platform] [hivemq] [66d46581] 
2025-01-29 13:21:25,482 INFO c.h.h.t.HelmChartContainer - [test-hivemq-platform] [hivemq] [66d46581]                   _    _  _              __  __   ____
2025-01-29 13:21:25,482 INFO c.h.h.t.HelmChartContainer - [test-hivemq-platform] [hivemq] [66d46581]                  | |  | |(_)            |  \/  | / __ \
2025-01-29 13:21:25,482 INFO c.h.h.t.HelmChartContainer - [test-hivemq-platform] [hivemq] [66d46581]                  | |__| | _ __   __ ___ | \  / || |  | |
2025-01-29 13:21:25,483 INFO c.h.h.t.HelmChartContainer - [test-hivemq-platform] [hivemq] [66d46581]                  |  __  || |\ \ / // _ \| |\/| || |  | |
2025-01-29 13:21:25,483 INFO c.h.h.t.HelmChartContainer - [test-hivemq-platform] [hivemq] [66d46581]                  | |  | || | \ V /|  __/| |  | || |__| |
2025-01-29 13:21:25,483 INFO c.h.h.t.HelmChartContainer - [test-hivemq-platform] [hivemq] [66d46581]                  |_|  |_||_|  \_/  \___||_|  |_| \___\_\
2025-01-29 13:21:25,483 INFO c.h.h.t.HelmChartContainer - [test-hivemq-platform] [hivemq] [66d46581] 
2025-01-29 13:21:25,483 INFO c.h.h.t.HelmChartContainer - [test-hivemq-platform] [hivemq] [66d46581] -------------------------------------------------------------------------
2025-01-29 13:21:25,483 INFO c.h.h.t.HelmChartContainer - [test-hivemq-platform] [hivemq] [66d46581] 
2025-01-29 13:21:25,483 INFO c.h.h.t.HelmChartContainer - [test-hivemq-platform] [hivemq] [66d46581]   HiveMQ Start Script for Linux/Unix v1.14
2025-01-29 13:21:25,483 INFO c.h.h.t.HelmChartContainer - [test-hivemq-platform] [hivemq] [66d46581] 
2025-01-29 13:21:25,575 INFO c.h.h.t.HelmChartContainer - [test-hivemq-platform] [hivemq] [66d46581] -------------------------------------------------------------------------
2025-01-29 13:21:25,575 INFO c.h.h.t.HelmChartContainer - [test-hivemq-platform] [hivemq] [66d46581] 
2025-01-29 13:21:25,575 INFO c.h.h.t.HelmChartContainer - [test-hivemq-platform] [hivemq] [66d46581]   HIVEMQ_HOME: /opt/hivemq
2025-01-29 13:21:25,575 INFO c.h.h.t.HelmChartContainer - [test-hivemq-platform] [hivemq] [66d46581] 
2025-01-29 13:21:25,575 INFO c.h.h.t.HelmChartContainer - [test-hivemq-platform] [hivemq] [66d46581]   JAVA_OPTS: -XX:+UnlockExperimentalVMOptions -XX:InitialRAMPercentage=50 -XX:MaxRAMPercentage=50 -Djava.net.preferIPv4Stack=true --add-opens java.base/java.lang=ALL-UNNAMED --add-opens java.base/java.nio=ALL-UNNAMED --add-opens java.base/sun.nio.ch=ALL-UNNAMED --add-opens jdk.management/com.sun.management.internal=ALL-UNNAMED --add-exports java.base/jdk.internal.misc=ALL-UNNAMED -Djava.security.egd=file:/dev/./urandom -Dcom.sun.management.jmxremote -Dcom.sun.management.jmxremote.port=9010 -Dcom.sun.management.jmxremote.local.only=false -Dcom.sun.management.jmxremote.authenticate=false -Dcom.sun.management.jmxremote.ssl=false -Duser.language=en -Duser.region=US -XX:+CrashOnOutOfMemoryError -XX:+HeapDumpOnOutOfMemoryError
2025-01-29 13:21:25,575 INFO c.h.h.t.HelmChartContainer - [test-hivemq-platform] [hivemq] [66d46581] 
2025-01-29 13:21:25,575 INFO c.h.h.t.HelmChartContainer - [test-hivemq-platform] [hivemq] [66d46581]   JAVA_VERSION: 21
2025-01-29 13:21:25,575 INFO c.h.h.t.HelmChartContainer - [test-hivemq-platform] [hivemq] [66d46581] 
2025-01-29 13:21:25,575 INFO c.h.h.t.HelmChartContainer - [test-hivemq-platform] [hivemq] [66d46581] -------------------------------------------------------------------------
2025-01-29 13:21:25,575 INFO c.h.h.t.HelmChartContainer - [test-hivemq-platform] [hivemq] [66d46581] 
2025-01-29 13:21:26,879 INFO c.h.h.t.HelmChartContainer - [test-hivemq-platform] [hivemq] [66d46581] INFO  - [HiveMQ Platform Operator Init App 1.7.0-SNAPSHOT] Returning default Health API response 503 for readiness
2025-01-29 13:21:27,281 INFO c.h.h.t.HelmChartContainer - [EVENT] Warning [Unhealthy] Readiness probe failed: HTTP probe failed with statuscode: 503 [helmcustomconfigit:test-hivemq-platform-1]
2025-01-29 13:21:27,281 INFO c.h.h.t.HelmChartContainer - Received Unhealthy event for container hivemq in pod test-hivemq-platform-1 [66d46581-bafe-42ef-91ad-0a2f17f5392a]
2025-01-29 13:21:28,282 INFO c.h.h.t.HelmChartContainer - [test-hivemq-platform] [hivemq] [66d46581] INFO  - Starting HiveMQ Enterprise Server
2025-01-29 13:21:28,288 INFO c.h.h.t.HelmChartContainer - [test-hivemq-platform] [hivemq] [66d46581] INFO  - HiveMQ version: 4.36.0
2025-01-29 13:21:28,288 INFO c.h.h.t.HelmChartContainer - [test-hivemq-platform] [hivemq] [66d46581] INFO  - HiveMQ home directory: /opt/hivemq
2025-01-29 13:21:28,288 INFO c.h.h.t.HelmChartContainer - [test-hivemq-platform] [hivemq] [66d46581] INFO  - Log Configuration was overridden by /opt/hivemq/conf/logback.xml
2025-01-29 13:21:29,884 INFO c.h.h.t.HelmChartContainer - [test-hivemq-platform] [hivemq] [66d46581] INFO  - Successfully loaded configuration from '/opt/hivemq/conf-k8s/config.xml'.
2025-01-29 13:21:30,785 INFO c.h.h.t.HelmChartContainer - [test-hivemq-platform] [hivemq] [66d46581] INFO  - This node's ID is XJiFy
2025-01-29 13:21:30,786 INFO c.h.h.t.HelmChartContainer - [test-hivemq-platform] [hivemq] [66d46581] INFO  - Clustering is enabled
2025-01-29 13:21:30,860 INFO c.h.h.t.HelmChartContainer - [hivemq-test-hivemq-platform] [hivemq-platform-operator] [cc3bc278] 13:21:30.855 [pool-6-thread-4] DEBUG c.h.p.o.d.PlatformServiceResource - [helmcust] Desired Platform services (3 services)
2025-01-29 13:21:30,860 INFO c.h.h.t.HelmChartContainer - [hivemq-test-hivemq-platform] [hivemq-platform-operator] [cc3bc278] 13:21:30.856 [pool-6-thread-9] DEBUG c.h.p.o.dependants.PodInfoConfigMap - [helmcust] Desired PodInfo ConfigMap (1 extensions) (1 enabled)
2025-01-29 13:21:30,860 INFO c.h.h.t.HelmChartContainer - [hivemq-test-hivemq-platform] [hivemq-platform-operator] [cc3bc278] 13:21:30.856 [pool-6-thread-9] DEBUG c.h.p.o.dependants.PodInfoConfigMap - [helmcust] Desired PodInfo ConfigMap (metrics port: 9399) (metrics path: /)
2025-01-29 13:21:30,860 INFO c.h.h.t.HelmChartContainer - [hivemq-test-hivemq-platform] [hivemq-platform-operator] [cc3bc278] 13:21:30.856 [pool-6-thread-9] DEBUG c.h.p.o.dependants.PodInfoConfigMap - [helmcust] Desired PodInfo ConfigMap (extension state hash: -1817474005)
2025-01-29 13:21:30,860 INFO c.h.h.t.HelmChartContainer - [hivemq-test-hivemq-platform] [hivemq-platform-operator] [cc3bc278] 13:21:30.857 [pool-6-thread-5] DEBUG c.h.p.o.d.PodServiceAccountResource - [helmcust] Desired PodServiceAccountResource (serviceAccountName: hivemq-platform-pod-test-hivemq-platform)
2025-01-29 13:21:30,866 INFO c.h.h.t.HelmChartContainer - [hivemq-test-hivemq-platform] [hivemq-platform-operator] [cc3bc278] 13:21:30.862 [pool-6-thread-4] DEBUG c.h.p.o.d.StatefulSetResource - [helmcust] Desired StatefulSet (2 replicas) for status STARTING (READY)
2025-01-29 13:21:30,873 INFO c.h.h.t.HelmChartContainer - [hivemq-test-hivemq-platform] [hivemq-platform-operator] [cc3bc278] 13:21:30.870 [ReconcilerExecutor-hivemq-controller-118] INFO  c.h.p.o.HiveMQPlatformReconciler - [helmcust] Reconciling HiveMQ Platform 'test-hivemq-platform' in namespace 'helmcustomconfigit'
2025-01-29 13:21:30,873 INFO c.h.h.t.HelmChartContainer - [hivemq-test-hivemq-platform] [hivemq-platform-operator] [cc3bc278] 13:21:30.870 [ReconcilerExecutor-hivemq-controller-118] DEBUG c.h.p.o.HiveMQPlatformReconciler - [helmcust] Custom Resource Status STARTING - HiveMQ Platform is starting (READY)
2025-01-29 13:21:30,873 INFO c.h.h.t.HelmChartContainer - [hivemq-test-hivemq-platform] [hivemq-platform-operator] [cc3bc278] 13:21:30.870 [ReconcilerExecutor-hivemq-controller-118] DEBUG c.h.p.o.HiveMQPlatformReconciler - [helmcust] Custom Resource Spec (replicas: 2) (extensions: 1)
2025-01-29 13:21:30,876 INFO c.h.h.t.HelmChartContainer - [hivemq-test-hivemq-platform] [hivemq-platform-operator] [cc3bc278] 13:21:30.872 [ReconcilerExecutor-hivemq-controller-118] DEBUG c.h.p.o.HiveMQPlatformReconciler - [helmcust] StatefulSet Status (revision: test-hivemq-platform-86bfbd5557, replicas: 2, available: 1, ready: 1, current: 2, updated: 2)
2025-01-29 13:21:30,876 INFO c.h.h.t.HelmChartContainer - [hivemq-test-hivemq-platform] [hivemq-platform-operator] [cc3bc278] 13:21:30.872 [ReconcilerExecutor-hivemq-controller-118] DEBUG c.h.p.o.HiveMQPlatformReconciler - [helmcust] StatefulSet Spec (replicas: 2, init containers: 1, containers: 1, volumes: 3)
2025-01-29 13:21:30,877 INFO c.h.h.t.HelmChartContainer - [hivemq-test-hivemq-platform] [hivemq-platform-operator] [cc3bc278] 13:21:30.873 [ReconcilerExecutor-hivemq-controller-118] DEBUG c.h.p.o.h.HiveMQPlatformReconcilerErrorHandler - [helmcust] Pod 'test-hivemq-platform-1' phase Running
2025-01-29 13:21:30,877 INFO c.h.h.t.HelmChartContainer - [hivemq-test-hivemq-platform] [hivemq-platform-operator] [cc3bc278] 13:21:30.874 [ReconcilerExecutor-hivemq-controller-118] DEBUG c.h.p.o.h.HiveMQPlatformReconcilerErrorHandler - [helmcust] Pod 'test-hivemq-platform-0' phase Running
2025-01-29 13:21:30,878 INFO c.h.h.t.HelmChartContainer - [hivemq-test-hivemq-platform] [hivemq-platform-operator] [cc3bc278] 13:21:30.875 [ReconcilerExecutor-hivemq-controller-118] INFO  c.h.p.o.h.HiveMQPlatformReconcilerBaseHandler - [helmcust] HiveMQ Platform is starting, 1 of 2 replicas are ready
2025-01-29 13:21:32,185 INFO c.h.h.t.HelmChartContainer - [test-hivemq-platform] [hivemq] [66d46581] WARN  - [HiveMQ Platform Operator Init App 1.7.0-SNAPSHOT] Cannot connect to Health API for readiness: null
2025-01-29 13:21:32,190 INFO c.h.h.t.HelmChartContainer - [EVENT] Warning [Unhealthy] Readiness probe failed: HTTP probe failed with statuscode: 503 [helmcustomconfigit:test-hivemq-platform-1]
2025-01-29 13:21:32,190 INFO c.h.h.t.HelmChartContainer - Received Unhealthy event for container hivemq in pod test-hivemq-platform-1 [66d46581-bafe-42ef-91ad-0a2f17f5392a]
2025-01-29 13:21:33,500 INFO c.h.h.t.HelmChartContainer - [test-hivemq-platform] [hivemq] [2238f94b] INFO  - [HiveMQ Platform Operator Init App 1.7.0-SNAPSHOT] Returning Health API response 200 for liveness
2025-01-29 13:21:34,583 INFO c.h.h.t.HelmChartContainer - [test-hivemq-platform] [hivemq] [66d46581] Jan 29, 2025 1:21:34 PM io.vertx.core.impl.BlockedThreadChecker
2025-01-29 13:21:34,583 INFO c.h.h.t.HelmChartContainer - [test-hivemq-platform] [hivemq] [66d46581] WARNING: Thread Thread[vert.x-eventloop-thread-1,5,main] has been blocked for 2387 ms, time limit is 2000 ms
2025-01-29 13:21:35,281 INFO c.h.h.t.HelmChartContainer - [test-hivemq-platform] [hivemq] [66d46581] INFO  - [HiveMQ Platform Operator Init App 1.7.0-SNAPSHOT] Updating Pod HiveMQ Platform Operator Init App version annotation (version: 1.7.0-SNAPSHOT)
2025-01-29 13:21:36,289 INFO c.h.h.t.HelmChartContainer - [POD] test-hivemq-platform-1 [66d46581-bafe-42ef-91ad-0a2f17f5392a] in helmcustomconfigit was MODIFIED
2025-01-29 13:21:36,297 INFO c.h.h.t.HelmChartContainer - [hivemq-test-hivemq-platform] [hivemq-platform-operator] [cc3bc278] 13:21:36.295 [pool-6-thread-17] DEBUG c.h.p.o.d.PlatformServiceResource - [helmcust] Desired Platform services (3 services)
2025-01-29 13:21:36,300 INFO c.h.h.t.HelmChartContainer - [hivemq-test-hivemq-platform] [hivemq-platform-operator] [cc3bc278] 13:21:36.298 [pool-6-thread-13] DEBUG c.h.p.o.dependants.PodInfoConfigMap - [helmcust] Desired PodInfo ConfigMap (1 extensions) (1 enabled)
2025-01-29 13:21:36,301 INFO c.h.h.t.HelmChartContainer - [hivemq-test-hivemq-platform] [hivemq-platform-operator] [cc3bc278] 13:21:36.298 [pool-6-thread-13] DEBUG c.h.p.o.dependants.PodInfoConfigMap - [helmcust] Desired PodInfo ConfigMap (metrics port: 9399) (metrics path: /)
2025-01-29 13:21:36,301 INFO c.h.h.t.HelmChartContainer - [hivemq-test-hivemq-platform] [hivemq-platform-operator] [cc3bc278] 13:21:36.298 [pool-6-thread-13] DEBUG c.h.p.o.dependants.PodInfoConfigMap - [helmcust] Desired PodInfo ConfigMap (extension state hash: -1817474005)
2025-01-29 13:21:36,302 INFO c.h.h.t.HelmChartContainer - [hivemq-test-hivemq-platform] [hivemq-platform-operator] [cc3bc278] 13:21:36.296 [pool-6-thread-18] DEBUG c.h.p.o.d.PodServiceAccountResource - [helmcust] Desired PodServiceAccountResource (serviceAccountName: hivemq-platform-pod-test-hivemq-platform)
2025-01-29 13:21:36,305 INFO c.h.h.t.HelmChartContainer - [hivemq-test-hivemq-platform] [hivemq-platform-operator] [cc3bc278] 13:21:36.304 [pool-6-thread-17] DEBUG c.h.p.o.d.StatefulSetResource - [helmcust] Desired StatefulSet (2 replicas) for status STARTING (READY)
2025-01-29 13:21:36,356 INFO c.h.h.t.HelmChartContainer - [hivemq-test-hivemq-platform] [hivemq-platform-operator] [cc3bc278] 13:21:36.354 [ReconcilerExecutor-hivemq-controller-119] INFO  c.h.p.o.HiveMQPlatformReconciler - [helmcust] Reconciling HiveMQ Platform 'test-hivemq-platform' in namespace 'helmcustomconfigit'
2025-01-29 13:21:36,356 INFO c.h.h.t.HelmChartContainer - [hivemq-test-hivemq-platform] [hivemq-platform-operator] [cc3bc278] 13:21:36.354 [ReconcilerExecutor-hivemq-controller-119] DEBUG c.h.p.o.HiveMQPlatformReconciler - [helmcust] Custom Resource Status STARTING - HiveMQ Platform is starting (READY)
2025-01-29 13:21:36,356 INFO c.h.h.t.HelmChartContainer - [hivemq-test-hivemq-platform] [hivemq-platform-operator] [cc3bc278] 13:21:36.354 [ReconcilerExecutor-hivemq-controller-119] DEBUG c.h.p.o.HiveMQPlatformReconciler - [helmcust] Custom Resource Spec (replicas: 2) (extensions: 1)
2025-01-29 13:21:36,358 INFO c.h.h.t.HelmChartContainer - [hivemq-test-hivemq-platform] [hivemq-platform-operator] [cc3bc278] 13:21:36.356 [ReconcilerExecutor-hivemq-controller-119] DEBUG c.h.p.o.HiveMQPlatformReconciler - [helmcust] StatefulSet Status (revision: test-hivemq-platform-86bfbd5557, replicas: 2, available: 1, ready: 1, current: 2, updated: 2)
2025-01-29 13:21:36,359 INFO c.h.h.t.HelmChartContainer - [hivemq-test-hivemq-platform] [hivemq-platform-operator] [cc3bc278] 13:21:36.356 [ReconcilerExecutor-hivemq-controller-119] DEBUG c.h.p.o.HiveMQPlatformReconciler - [helmcust] StatefulSet Spec (replicas: 2, init containers: 1, containers: 1, volumes: 3)
2025-01-29 13:21:36,359 INFO c.h.h.t.HelmChartContainer - [hivemq-test-hivemq-platform] [hivemq-platform-operator] [cc3bc278] 13:21:36.357 [ReconcilerExecutor-hivemq-controller-119] DEBUG c.h.p.o.h.HiveMQPlatformReconcilerErrorHandler - [helmcust] Pod 'test-hivemq-platform-1' phase Running
2025-01-29 13:21:36,360 INFO c.h.h.t.HelmChartContainer - [hivemq-test-hivemq-platform] [hivemq-platform-operator] [cc3bc278] 13:21:36.359 [ReconcilerExecutor-hivemq-controller-119] DEBUG c.h.p.o.h.HiveMQPlatformReconcilerErrorHandler - [helmcust] Pod 'test-hivemq-platform-0' phase Running
2025-01-29 13:21:36,361 INFO c.h.h.t.HelmChartContainer - [hivemq-test-hivemq-platform] [hivemq-platform-operator] [cc3bc278] 13:21:36.360 [ReconcilerExecutor-hivemq-controller-119] INFO  c.h.p.o.h.HiveMQPlatformReconcilerBaseHandler - [helmcust] HiveMQ Platform is starting, 1 of 2 replicas are ready
2025-01-29 13:21:36,479 INFO c.h.h.t.HelmChartContainer - [test-hivemq-platform] [hivemq] [66d46581] WARN  - [HiveMQ Platform Operator Init App 1.7.0-SNAPSHOT] Cannot connect to Health API for readiness: null
2025-01-29 13:21:36,479 INFO c.h.h.t.HelmChartContainer - [test-hivemq-platform] [hivemq] [66d46581] INFO  - [HiveMQ Platform Operator Init App 1.7.0-SNAPSHOT] Successfully updated Pod HiveMQ Platform Operator Init App version annotation (version: 1.7.0-SNAPSHOT)
2025-01-29 13:21:36,483 INFO c.h.h.t.HelmChartContainer - [EVENT] Warning [Unhealthy] Readiness probe failed: HTTP probe failed with statuscode: 503 [helmcustomconfigit:test-hivemq-platform-1]
2025-01-29 13:21:36,483 INFO c.h.h.t.HelmChartContainer - Received Unhealthy event for container hivemq in pod test-hivemq-platform-1 [66d46581-bafe-42ef-91ad-0a2f17f5392a]
2025-01-29 13:21:41,296 INFO c.h.h.t.HelmChartContainer - [test-hivemq-platform] [hivemq] [66d46581] WARN  - [HiveMQ Platform Operator Init App 1.7.0-SNAPSHOT] Cannot connect to Health API for readiness: null
2025-01-29 13:21:41,303 INFO c.h.h.t.HelmChartContainer - [EVENT] Warning [Unhealthy] Readiness probe failed: HTTP probe failed with statuscode: 503 [helmcustomconfigit:test-hivemq-platform-1]
2025-01-29 13:21:41,303 INFO c.h.h.t.HelmChartContainer - Received Unhealthy event for container hivemq in pod test-hivemq-platform-1 [66d46581-bafe-42ef-91ad-0a2f17f5392a]
2025-01-29 13:21:46,365 INFO c.h.h.t.HelmChartContainer - [hivemq-test-hivemq-platform] [hivemq-platform-operator] [cc3bc278] 13:21:46.363 [pool-6-thread-29] DEBUG c.h.p.o.d.PlatformServiceResource - [helmcust] Desired Platform services (3 services)
2025-01-29 13:21:46,366 INFO c.h.h.t.HelmChartContainer - [hivemq-test-hivemq-platform] [hivemq-platform-operator] [cc3bc278] 13:21:46.364 [pool-6-thread-27] DEBUG c.h.p.o.dependants.PodInfoConfigMap - [helmcust] Desired PodInfo ConfigMap (1 extensions) (1 enabled)
2025-01-29 13:21:46,367 INFO c.h.h.t.HelmChartContainer - [hivemq-test-hivemq-platform] [hivemq-platform-operator] [cc3bc278] 13:21:46.366 [pool-6-thread-27] DEBUG c.h.p.o.dependants.PodInfoConfigMap - [helmcust] Desired PodInfo ConfigMap (metrics port: 9399) (metrics path: /)
2025-01-29 13:21:46,367 INFO c.h.h.t.HelmChartContainer - [hivemq-test-hivemq-platform] [hivemq-platform-operator] [cc3bc278] 13:21:46.366 [pool-6-thread-27] DEBUG c.h.p.o.dependants.PodInfoConfigMap - [helmcust] Desired PodInfo ConfigMap (extension state hash: -1817474005)
2025-01-29 13:21:46,370 INFO c.h.h.t.HelmChartContainer - [hivemq-test-hivemq-platform] [hivemq-platform-operator] [cc3bc278] 13:21:46.365 [pool-6-thread-21] DEBUG c.h.p.o.d.PodServiceAccountResource - [helmcust] Desired PodServiceAccountResource (serviceAccountName: hivemq-platform-pod-test-hivemq-platform)
2025-01-29 13:21:46,373 INFO c.h.h.t.HelmChartContainer - [hivemq-test-hivemq-platform] [hivemq-platform-operator] [cc3bc278] 13:21:46.371 [pool-6-thread-28] DEBUG c.h.p.o.d.StatefulSetResource - [helmcust] Desired StatefulSet (2 replicas) for status STARTING (READY)
2025-01-29 13:21:46,375 INFO c.h.h.t.HelmChartContainer - [hivemq-test-hivemq-platform] [hivemq-platform-operator] [cc3bc278] 13:21:46.374 [ReconcilerExecutor-hivemq-controller-120] INFO  c.h.p.o.HiveMQPlatformReconciler - [helmcust] Reconciling HiveMQ Platform 'test-hivemq-platform' in namespace 'helmcustomconfigit'
2025-01-29 13:21:46,376 INFO c.h.h.t.HelmChartContainer - [hivemq-test-hivemq-platform] [hivemq-platform-operator] [cc3bc278] 13:21:46.374 [ReconcilerExecutor-hivemq-controller-120] DEBUG c.h.p.o.HiveMQPlatformReconciler - [helmcust] Custom Resource Status STARTING - HiveMQ Platform is starting (READY)
2025-01-29 13:21:46,377 INFO c.h.h.t.HelmChartContainer - [hivemq-test-hivemq-platform] [hivemq-platform-operator] [cc3bc278] 13:21:46.374 [ReconcilerExecutor-hivemq-controller-120] DEBUG c.h.p.o.HiveMQPlatformReconciler - [helmcust] Custom Resource Spec (replicas: 2) (extensions: 1)
2025-01-29 13:21:46,377 INFO c.h.h.t.HelmChartContainer - [hivemq-test-hivemq-platform] [hivemq-platform-operator] [cc3bc278] 13:21:46.376 [ReconcilerExecutor-hivemq-controller-120] DEBUG c.h.p.o.HiveMQPlatformReconciler - [helmcust] StatefulSet Status (revision: test-hivemq-platform-86bfbd5557, replicas: 2, available: 1, ready: 1, current: 2, updated: 2)
2025-01-29 13:21:46,377 INFO c.h.h.t.HelmChartContainer - [hivemq-test-hivemq-platform] [hivemq-platform-operator] [cc3bc278] 13:21:46.376 [ReconcilerExecutor-hivemq-controller-120] DEBUG c.h.p.o.HiveMQPlatformReconciler - [helmcust] StatefulSet Spec (replicas: 2, init containers: 1, containers: 1, volumes: 3)
2025-01-29 13:21:46,384 INFO c.h.h.t.HelmChartContainer - [test-hivemq-platform] [hivemq] [66d46581] WARN  - [HiveMQ Platform Operator Init App 1.7.0-SNAPSHOT] Cannot connect to Health API for readiness: null
2025-01-29 13:21:46,385 INFO c.h.h.t.HelmChartContainer - [hivemq-test-hivemq-platform] [hivemq-platform-operator] [cc3bc278] 13:21:46.380 [ReconcilerExecutor-hivemq-controller-120] DEBUG c.h.p.o.h.HiveMQPlatformReconcilerErrorHandler - [helmcust] Pod 'test-hivemq-platform-1' phase Running
2025-01-29 13:21:46,385 INFO c.h.h.t.HelmChartContainer - [hivemq-test-hivemq-platform] [hivemq-platform-operator] [cc3bc278] 13:21:46.382 [ReconcilerExecutor-hivemq-controller-120] DEBUG c.h.p.o.h.HiveMQPlatformReconcilerErrorHandler - [helmcust] Pod 'test-hivemq-platform-0' phase Running
2025-01-29 13:21:46,385 INFO c.h.h.t.HelmChartContainer - [hivemq-test-hivemq-platform] [hivemq-platform-operator] [cc3bc278] 13:21:46.383 [ReconcilerExecutor-hivemq-controller-120] INFO  c.h.p.o.h.HiveMQPlatformReconcilerBaseHandler - [helmcust] HiveMQ Platform is starting, 1 of 2 replicas are ready
2025-01-29 13:21:46,393 INFO c.h.h.t.HelmChartContainer - [EVENT] Warning [Unhealthy] Readiness probe failed: HTTP probe failed with statuscode: 503 [helmcustomconfigit:test-hivemq-platform-1]
2025-01-29 13:21:46,394 INFO c.h.h.t.HelmChartContainer - Received Unhealthy event for container hivemq in pod test-hivemq-platform-1 [66d46581-bafe-42ef-91ad-0a2f17f5392a]
2025-01-29 13:21:48,582 INFO c.h.h.t.HelmChartContainer - [test-hivemq-platform] [hivemq] [66d46581] WARN  - [HiveMQ Platform Operator Init App 1.7.0-SNAPSHOT] Cannot connect to Health API for liveness: null
2025-01-29 13:21:48,583 INFO c.h.h.t.HelmChartContainer - [test-hivemq-platform] [hivemq] [66d46581] INFO  - [HiveMQ Platform Operator Init App 1.7.0-SNAPSHOT] Returning default Health API response 200 for liveness
2025-01-29 13:21:48,586 INFO c.h.h.t.HelmChartContainer - [test-hivemq-platform] [hivemq] [66d46581] INFO  - No valid license file found. Using trial license, restricted to 25 connections.
2025-01-29 13:21:51,378 INFO c.h.h.t.HelmChartContainer - [test-hivemq-platform] [hivemq] [66d46581] WARN  - [HiveMQ Platform Operator Init App 1.7.0-SNAPSHOT] Cannot connect to Health API for readiness: null
2025-01-29 13:21:51,382 INFO c.h.h.t.HelmChartContainer - [EVENT] Warning [Unhealthy] Readiness probe failed: HTTP probe failed with statuscode: 503 [helmcustomconfigit:test-hivemq-platform-1]
2025-01-29 13:21:51,382 INFO c.h.h.t.HelmChartContainer - Received Unhealthy event for container hivemq in pod test-hivemq-platform-1 [66d46581-bafe-42ef-91ad-0a2f17f5392a]
2025-01-29 13:21:52,491 INFO c.h.h.t.HelmChartContainer - [test-hivemq-platform] [hivemq] [66d46581] INFO  - No valid license file for Data Hub found. Using free license, restricted to 1 policy.
2025-01-29 13:21:53,889 INFO c.h.h.t.HelmChartContainer - [test-hivemq-platform] [hivemq] [66d46581] INFO  - Audit Logger started.
2025-01-29 13:21:54,191 INFO c.h.h.t.HelmChartContainer - [test-hivemq-platform] [hivemq] [66d46581] INFO  - This node uses '1' CPU cores.
2025-01-29 13:21:54,196 INFO c.h.h.t.HelmChartContainer - [test-hivemq-platform] [hivemq] [66d46581] INFO  - Starting HiveMQ Health API on address 0.0.0.0 and port 8889
2025-01-29 13:21:54,980 INFO c.h.h.t.HelmChartContainer - [test-hivemq-platform] [hivemq] [66d46581] INFO  - Started HiveMQ Health API in 784ms
2025-01-29 13:21:55,798 INFO c.h.h.t.HelmChartContainer - [test-hivemq-platform] [hivemq] [66d46581] INFO  - Starting HiveMQ extension system.
2025-01-29 13:21:56,083 INFO c.h.h.t.HelmChartContainer - [test-hivemq-platform] [hivemq] [66d46581] INFO  - Starting extension with id "hivemq-dns-cluster-discovery" at /opt/hivemq/extensions/hivemq-dns-cluster-discovery
2025-01-29 13:21:56,391 INFO c.h.h.t.HelmChartContainer - [hivemq-test-hivemq-platform] [hivemq-platform-operator] [cc3bc278] 13:21:56.388 [pool-6-thread-34] DEBUG c.h.p.o.d.PlatformServiceResource - [helmcust] Desired Platform services (3 services)
2025-01-29 13:21:56,391 INFO c.h.h.t.HelmChartContainer - [hivemq-test-hivemq-platform] [hivemq-platform-operator] [cc3bc278] 13:21:56.389 [pool-6-thread-33] DEBUG c.h.p.o.dependants.PodInfoConfigMap - [helmcust] Desired PodInfo ConfigMap (1 extensions) (1 enabled)
2025-01-29 13:21:56,391 INFO c.h.h.t.HelmChartContainer - [hivemq-test-hivemq-platform] [hivemq-platform-operator] [cc3bc278] 13:21:56.389 [pool-6-thread-33] DEBUG c.h.p.o.dependants.PodInfoConfigMap - [helmcust] Desired PodInfo ConfigMap (metrics port: 9399) (metrics path: /)
2025-01-29 13:21:56,391 INFO c.h.h.t.HelmChartContainer - [hivemq-test-hivemq-platform] [hivemq-platform-operator] [cc3bc278] 13:21:56.389 [pool-6-thread-33] DEBUG c.h.p.o.dependants.PodInfoConfigMap - [helmcust] Desired PodInfo ConfigMap (extension state hash: -1817474005)
2025-01-29 13:21:56,391 INFO c.h.h.t.HelmChartContainer - [hivemq-test-hivemq-platform] [hivemq-platform-operator] [cc3bc278] 13:21:56.390 [pool-6-thread-33] DEBUG c.h.p.o.d.PodServiceAccountResource - [helmcust] Desired PodServiceAccountResource (serviceAccountName: hivemq-platform-pod-test-hivemq-platform)
2025-01-29 13:21:56,395 INFO c.h.h.t.HelmChartContainer - [hivemq-test-hivemq-platform] [hivemq-platform-operator] [cc3bc278] 13:21:56.394 [pool-6-thread-39] DEBUG c.h.p.o.d.StatefulSetResource - [helmcust] Desired StatefulSet (2 replicas) for status STARTING (READY)
2025-01-29 13:21:56,399 INFO c.h.h.t.HelmChartContainer - [hivemq-test-hivemq-platform] [hivemq-platform-operator] [cc3bc278] 13:21:56.397 [ReconcilerExecutor-hivemq-controller-121] INFO  c.h.p.o.HiveMQPlatformReconciler - [helmcust] Reconciling HiveMQ Platform 'test-hivemq-platform' in namespace 'helmcustomconfigit'
2025-01-29 13:21:56,400 INFO c.h.h.t.HelmChartContainer - [hivemq-test-hivemq-platform] [hivemq-platform-operator] [cc3bc278] 13:21:56.397 [ReconcilerExecutor-hivemq-controller-121] DEBUG c.h.p.o.HiveMQPlatformReconciler - [helmcust] Custom Resource Status STARTING - HiveMQ Platform is starting (READY)
2025-01-29 13:21:56,400 INFO c.h.h.t.HelmChartContainer - [hivemq-test-hivemq-platform] [hivemq-platform-operator] [cc3bc278] 13:21:56.397 [ReconcilerExecutor-hivemq-controller-121] DEBUG c.h.p.o.HiveMQPlatformReconciler - [helmcust] Custom Resource Spec (replicas: 2) (extensions: 1)
2025-01-29 13:21:56,400 INFO c.h.h.t.HelmChartContainer - [hivemq-test-hivemq-platform] [hivemq-platform-operator] [cc3bc278] 13:21:56.398 [ReconcilerExecutor-hivemq-controller-121] DEBUG c.h.p.o.HiveMQPlatformReconciler - [helmcust] StatefulSet Status (revision: test-hivemq-platform-86bfbd5557, replicas: 2, available: 1, ready: 1, current: 2, updated: 2)
2025-01-29 13:21:56,400 INFO c.h.h.t.HelmChartContainer - [hivemq-test-hivemq-platform] [hivemq-platform-operator] [cc3bc278] 13:21:56.398 [ReconcilerExecutor-hivemq-controller-121] DEBUG c.h.p.o.HiveMQPlatformReconciler - [helmcust] StatefulSet Spec (replicas: 2, init containers: 1, containers: 1, volumes: 3)
2025-01-29 13:21:56,401 INFO c.h.h.t.HelmChartContainer - [hivemq-test-hivemq-platform] [hivemq-platform-operator] [cc3bc278] 13:21:56.400 [ReconcilerExecutor-hivemq-controller-121] DEBUG c.h.p.o.h.HiveMQPlatformReconcilerErrorHandler - [helmcust] Pod 'test-hivemq-platform-1' phase Running
2025-01-29 13:21:56,403 INFO c.h.h.t.HelmChartContainer - [hivemq-test-hivemq-platform] [hivemq-platform-operator] [cc3bc278] 13:21:56.402 [ReconcilerExecutor-hivemq-controller-121] DEBUG c.h.p.o.h.HiveMQPlatformReconcilerErrorHandler - [helmcust] Pod 'test-hivemq-platform-0' phase Running
2025-01-29 13:21:56,403 INFO c.h.h.t.HelmChartContainer - [hivemq-test-hivemq-platform] [hivemq-platform-operator] [cc3bc278] 13:21:56.402 [ReconcilerExecutor-hivemq-controller-121] INFO  c.h.p.o.h.HiveMQPlatformReconcilerBaseHandler - [helmcust] HiveMQ Platform is starting, 1 of 2 replicas are ready
2025-01-29 13:21:56,778 INFO c.h.h.t.HelmChartContainer - [test-hivemq-platform] [hivemq] [66d46581] INFO  - Using TCP cluster transport on address 10.42.0.9 and port 7000
2025-01-29 13:21:56,786 INFO c.h.h.t.HelmChartContainer - [test-hivemq-platform] [hivemq] [66d46581] INFO  - Using extension cluster discovery
2025-01-29 13:21:56,879 INFO c.h.h.t.HelmChartContainer - [test-hivemq-platform] [hivemq] [66d46581] INFO  - Extension "DNS Cluster Discovery Extension" version 4.3.2 started successfully.
2025-01-29 13:21:56,881 INFO c.h.h.t.HelmChartContainer - [test-hivemq-platform] [hivemq] [66d46581] INFO  - Starting extension with id "hivemq-prometheus-extension" at /opt/hivemq/extensions/hivemq-prometheus-extension
2025-01-29 13:21:57,336 INFO c.h.h.t.HelmChartContainer - [EVENT] Warning [Unhealthy] Readiness probe failed: Get "http://10.42.0.9:7979/readiness": context deadline exceeded (Client.Timeout exceeded while awaiting headers) [helmcustomconfigit:test-hivemq-platform-1]
2025-01-29 13:21:57,336 INFO c.h.h.t.HelmChartContainer - Received Unhealthy event for container hivemq in pod test-hivemq-platform-1 [66d46581-bafe-42ef-91ad-0a2f17f5392a]
2025-01-29 13:21:57,882 INFO c.h.h.t.HelmChartContainer - [test-hivemq-platform] [hivemq] [66d46581] INFO  - [HiveMQ Platform Operator Init App 1.7.0-SNAPSHOT] Returning Health API response 503 for readiness
2025-01-29 13:21:58,080 INFO c.h.h.t.HelmChartContainer - [test-hivemq-platform] [hivemq] [66d46581] INFO  - Started Jetty Server exposing Prometheus Servlet on URI http://0.0.0.0:9399/
2025-01-29 13:21:58,082 INFO c.h.h.t.HelmChartContainer - [test-hivemq-platform] [hivemq] [66d46581] INFO  - Extension "Prometheus Monitoring Extension" version 4.0.12 started successfully.
2025-01-29 13:21:58,082 INFO c.h.h.t.HelmChartContainer - [test-hivemq-platform] [hivemq] [66d46581] INFO  - Starting extension with id "hivemq-allow-all-extension" at /opt/hivemq/extensions/hivemq-allow-all-extension
2025-01-29 13:21:58,083 INFO c.h.h.t.HelmChartContainer - [test-hivemq-platform] [hivemq] [66d46581] WARN  - 
2025-01-29 13:21:58,083 INFO c.h.h.t.HelmChartContainer - [test-hivemq-platform] [hivemq] [66d46581] ################################################################################################################
2025-01-29 13:21:58,083 INFO c.h.h.t.HelmChartContainer - [test-hivemq-platform] [hivemq] [66d46581] # This HiveMQ deployment is not secure! You are lacking Authentication and Authorization.                      #
2025-01-29 13:21:58,083 INFO c.h.h.t.HelmChartContainer - [test-hivemq-platform] [hivemq] [66d46581] # Right now any MQTT client can connect to the broker with a full set of permissions.                          #
2025-01-29 13:21:58,083 INFO c.h.h.t.HelmChartContainer - [test-hivemq-platform] [hivemq] [66d46581] # For production usage, add an appropriate security extension and remove the hivemq-allow-all extension.       #
2025-01-29 13:21:58,083 INFO c.h.h.t.HelmChartContainer - [test-hivemq-platform] [hivemq] [66d46581] # You can download security extensions from the HiveMQ Marketplace (https://www.hivemq.com/extensions/).       #
2025-01-29 13:21:58,083 INFO c.h.h.t.HelmChartContainer - [test-hivemq-platform] [hivemq] [66d46581] ################################################################################################################
2025-01-29 13:21:58,083 INFO c.h.h.t.HelmChartContainer - [test-hivemq-platform] [hivemq] [66d46581] INFO  - Extension "Allow All Extension" version 1.1.1 started successfully.
2025-01-29 13:21:58,591 INFO c.h.h.t.HelmChartContainer - [test-hivemq-platform] [hivemq] [2238f94b] INFO  - Cluster nodes found by discovery: [JK6Fa|1] (2) [JK6Fa, XJiFy].
2025-01-29 13:21:58,682 INFO c.h.h.t.HelmChartContainer - [test-hivemq-platform] [hivemq] [66d46581] INFO  - Cluster nodes found by discovery: [JK6Fa|1] (2) [JK6Fa, XJiFy].
2025-01-29 13:21:58,875 INFO c.h.h.t.HelmChartContainer - [test-hivemq-platform] [hivemq] [66d46581] INFO  - Cluster size = 1, members : [JK6Fa].
2025-01-29 13:21:59,219 INFO c.h.h.t.HelmChartContainer - [test-hivemq-platform] [hivemq] [66d46581] INFO  - Starting cluster join process. This may take a while. Please do not shut down HiveMQ.
2025-01-29 13:21:59,220 INFO c.h.h.t.HelmChartContainer - [test-hivemq-platform] [hivemq] [66d46581] INFO  - Cluster join process is still ongoing. Please do not shut down HiveMQ.
2025-01-29 13:22:01,230 INFO c.h.h.t.HelmChartContainer - [test-hivemq-platform] [hivemq] [2238f94b] INFO  - Cluster size = 2, members : [XJiFy, JK6Fa].
2025-01-29 13:22:01,242 INFO c.h.h.t.HelmChartContainer - [test-hivemq-platform] [hivemq] [66d46581] INFO  - Cluster size = 2, members : [XJiFy, JK6Fa].
2025-01-29 13:22:01,246 INFO c.h.h.t.HelmChartContainer - [test-hivemq-platform] [hivemq] [66d46581] INFO  - Finished cluster join process successfully.
2025-01-29 13:22:01,249 INFO c.h.h.t.HelmChartContainer - [test-hivemq-platform] [hivemq] [66d46581] WARN  - No user for HiveMQ Control Center configured. Starting with default user
2025-01-29 13:22:01,250 INFO c.h.h.t.HelmChartContainer - [test-hivemq-platform] [hivemq] [66d46581] INFO  - Starting HiveMQ Control Center on address 0.0.0.0 and port 8080
2025-01-29 13:22:01,275 INFO c.h.h.t.HelmChartContainer - [test-hivemq-platform] [hivemq] [66d46581] INFO  - Mounting HiveMQ Control Center V2 Preview
2025-01-29 13:22:01,384 INFO c.h.h.t.HelmChartContainer - [EVENT] Warning [Unhealthy] Readiness probe failed: HTTP probe failed with statuscode: 503 [helmcustomconfigit:test-hivemq-platform-1]
2025-01-29 13:22:01,384 INFO c.h.h.t.HelmChartContainer - Received Unhealthy event for container hivemq in pod test-hivemq-platform-1 [66d46581-bafe-42ef-91ad-0a2f17f5392a]
2025-01-29 13:22:02,085 INFO c.h.h.t.HelmChartContainer - [test-hivemq-platform] [hivemq] [66d46581] INFO  - Started HiveMQ Control Center in 836ms
2025-01-29 13:22:02,178 INFO c.h.h.t.HelmChartContainer - [test-hivemq-platform] [hivemq] [66d46581] INFO  - Starting TCP listener on address 0.0.0.0 and port 1883
2025-01-29 13:22:02,195 INFO c.h.h.t.HelmChartContainer - [test-hivemq-platform] [hivemq] [66d46581] INFO  - Started TCP Listener on address 0.0.0.0 and on port 1883.
2025-01-29 13:22:02,195 INFO c.h.h.t.HelmChartContainer - [test-hivemq-platform] [hivemq] [66d46581] INFO  - Started HiveMQ in 34228ms
2025-01-29 13:22:06,298 INFO c.h.h.t.HelmChartContainer - [test-hivemq-platform] [hivemq] [66d46581] INFO  - [HiveMQ Platform Operator Init App 1.7.0-SNAPSHOT] Returning Health API response 200 for readiness
2025-01-29 13:22:06,312 INFO c.h.h.t.HelmChartContainer - [POD] test-hivemq-platform-1 [66d46581-bafe-42ef-91ad-0a2f17f5392a] in helmcustomconfigit was MODIFIED
2025-01-29 13:22:06,340 INFO c.h.h.t.HelmChartContainer - [hivemq-test-hivemq-platform] [hivemq-platform-operator] [cc3bc278] 13:22:06.336 [pool-6-thread-42] DEBUG c.h.p.o.d.PlatformServiceResource - [helmcust] Desired Platform services (3 services)
2025-01-29 13:22:06,340 INFO c.h.h.t.HelmChartContainer - [hivemq-test-hivemq-platform] [hivemq-platform-operator] [cc3bc278] 13:22:06.338 [pool-6-thread-48] DEBUG c.h.p.o.d.PodServiceAccountResource - [helmcust] Desired PodServiceAccountResource (serviceAccountName: hivemq-platform-pod-test-hivemq-platform)
2025-01-29 13:22:06,341 INFO c.h.h.t.HelmChartContainer - [hivemq-test-hivemq-platform] [hivemq-platform-operator] [cc3bc278] 13:22:06.337 [pool-6-thread-49] DEBUG c.h.p.o.dependants.PodInfoConfigMap - [helmcust] Desired PodInfo ConfigMap (1 extensions) (1 enabled)
2025-01-29 13:22:06,342 INFO c.h.h.t.HelmChartContainer - [hivemq-test-hivemq-platform] [hivemq-platform-operator] [cc3bc278] 13:22:06.340 [pool-6-thread-49] DEBUG c.h.p.o.dependants.PodInfoConfigMap - [helmcust] Desired PodInfo ConfigMap (metrics port: 9399) (metrics path: /)
2025-01-29 13:22:06,345 INFO c.h.h.t.HelmChartContainer - [hivemq-test-hivemq-platform] [hivemq-platform-operator] [cc3bc278] 13:22:06.341 [pool-6-thread-49] DEBUG c.h.p.o.dependants.PodInfoConfigMap - [helmcust] Desired PodInfo ConfigMap (extension state hash: -1817474005)
2025-01-29 13:22:06,345 INFO c.h.h.t.HelmChartContainer - [hivemq-test-hivemq-platform] [hivemq-platform-operator] [cc3bc278] 13:22:06.344 [pool-6-thread-48] DEBUG c.h.p.o.d.StatefulSetResource - [helmcust] Desired StatefulSet (2 replicas) for status STARTING (READY)
2025-01-29 13:22:06,350 INFO c.h.h.t.HelmChartContainer - [hivemq-test-hivemq-platform] [hivemq-platform-operator] [cc3bc278] 13:22:06.349 [ReconcilerExecutor-hivemq-controller-122] INFO  c.h.p.o.HiveMQPlatformReconciler - [helmcust] Reconciling HiveMQ Platform 'test-hivemq-platform' in namespace 'helmcustomconfigit'
2025-01-29 13:22:06,351 INFO c.h.h.t.HelmChartContainer - [hivemq-test-hivemq-platform] [hivemq-platform-operator] [cc3bc278] 13:22:06.350 [ReconcilerExecutor-hivemq-controller-122] DEBUG c.h.p.o.HiveMQPlatformReconciler - [helmcust] Custom Resource Status STARTING - HiveMQ Platform is starting (READY)
2025-01-29 13:22:06,351 INFO c.h.h.t.HelmChartContainer - [hivemq-test-hivemq-platform] [hivemq-platform-operator] [cc3bc278] 13:22:06.350 [ReconcilerExecutor-hivemq-controller-122] DEBUG c.h.p.o.HiveMQPlatformReconciler - [helmcust] Custom Resource Spec (replicas: 2) (extensions: 1)
2025-01-29 13:22:06,354 INFO c.h.h.t.HelmChartContainer - [hivemq-test-hivemq-platform] [hivemq-platform-operator] [cc3bc278] 13:22:06.353 [ReconcilerExecutor-hivemq-controller-122] DEBUG c.h.p.o.HiveMQPlatformReconciler - [helmcust] StatefulSet Status (revision: test-hivemq-platform-86bfbd5557, replicas: 2, available: 2, ready: 2, current: 2, updated: 2)
2025-01-29 13:22:06,354 INFO c.h.h.t.HelmChartContainer - [hivemq-test-hivemq-platform] [hivemq-platform-operator] [cc3bc278] 13:22:06.353 [ReconcilerExecutor-hivemq-controller-122] DEBUG c.h.p.o.HiveMQPlatformReconciler - [helmcust] StatefulSet Spec (replicas: 2, init containers: 1, containers: 1, volumes: 3)
2025-01-29 13:22:06,356 INFO c.h.h.t.HelmChartContainer - [hivemq-test-hivemq-platform] [hivemq-platform-operator] [cc3bc278] 13:22:06.355 [ReconcilerExecutor-hivemq-controller-122] DEBUG c.h.p.o.h.HiveMQPlatformReconcilerErrorHandler - [helmcust] Pod 'test-hivemq-platform-1' phase Running
2025-01-29 13:22:06,357 INFO c.h.h.t.HelmChartContainer - [hivemq-test-hivemq-platform] [hivemq-platform-operator] [cc3bc278] 13:22:06.356 [ReconcilerExecutor-hivemq-controller-122] DEBUG c.h.p.o.h.HiveMQPlatformReconcilerErrorHandler - [helmcust] Pod 'test-hivemq-platform-0' phase Running
2025-01-29 13:22:06,358 INFO c.h.h.t.HelmChartContainer - [hivemq-test-hivemq-platform] [hivemq-platform-operator] [cc3bc278] 13:22:06.357 [ReconcilerExecutor-hivemq-controller-122] INFO  c.h.p.o.h.HiveMQPlatformReconcilerBaseHandler - [helmcust] HiveMQ Platform started successfully
2025-01-29 13:22:06,454 INFO c.h.h.t.HelmChartContainer - [hivemq-test-hivemq-platform] [hivemq-platform-operator] [cc3bc278] 13:22:06.452 [ReconcilerExecutor-hivemq-controller-122] DEBUG c.h.p.operator.event.EventSender - [helmcust] Creating K8s event hivemq-platform-ready: [Ready] HiveMQ Platform is ready
2025-01-29 13:22:06,458 INFO c.h.h.t.HelmChartContainer - [EVENT] Normal [Ready] HiveMQ Platform is ready [helmcustomconfigit:test-hivemq-platform]
2025-01-29 13:22:06,459 INFO c.h.h.t.HelmChartContainer - [hivemq-test-hivemq-platform] [hivemq-platform-operator] [cc3bc278] 13:22:06.459 [ReconcilerExecutor-hivemq-controller-122] INFO  c.h.p.o.h.AbstractHiveMQReconcilerStateHandler - [helmcust] Update HiveMQ Platform Status (STARTING [READY] -> RUNNING [READY]): HiveMQ Platform is ready
2025-01-29 13:22:06,469 DEBUG com.hivemq.helmcharts.util.K8sUtil - Comparing actual state 'RUNNING' and waiting for 'RUNNING'
2025-01-29 13:22:06,475 INFO c.h.h.t.HelmChartContainer - [hivemq-test-hivemq-platform] [hivemq-platform-operator] [cc3bc278] 13:22:06.473 [pool-6-thread-10] DEBUG c.h.p.o.d.PlatformServiceResource - [helmcust] Desired Platform services (3 services)
2025-01-29 13:22:06,542 INFO c.h.h.t.HelmChartContainer - [hivemq-test-hivemq-platform] [hivemq-platform-operator] [cc3bc278] 13:22:06.473 [pool-6-thread-8] DEBUG c.h.p.o.d.PodServiceAccountResource - [helmcust] Desired PodServiceAccountResource (serviceAccountName: hivemq-platform-pod-test-hivemq-platform)
2025-01-29 13:22:06,542 INFO c.h.h.t.HelmChartContainer - [hivemq-test-hivemq-platform] [hivemq-platform-operator] [cc3bc278] 13:22:06.474 [pool-6-thread-7] DEBUG c.h.p.o.dependants.PodInfoConfigMap - [helmcust] Desired PodInfo ConfigMap (1 extensions) (1 enabled)
2025-01-29 13:22:06,542 INFO c.h.h.t.HelmChartContainer - [hivemq-test-hivemq-platform] [hivemq-platform-operator] [cc3bc278] 13:22:06.541 [pool-6-thread-7] DEBUG c.h.p.o.dependants.PodInfoConfigMap - [helmcust] Desired PodInfo ConfigMap (metrics port: 9399) (metrics path: /)
2025-01-29 13:22:06,543 INFO c.h.h.t.HelmChartContainer - [hivemq-test-hivemq-platform] [hivemq-platform-operator] [cc3bc278] 13:22:06.542 [pool-6-thread-7] DEBUG c.h.p.o.dependants.PodInfoConfigMap - [helmcust] Desired PodInfo ConfigMap (extension state hash: -1817474005)
2025-01-29 13:22:06,544 INFO c.h.h.t.HelmChartContainer - [hivemq-test-hivemq-platform] [hivemq-platform-operator] [cc3bc278] 13:22:06.543 [pool-6-thread-7] DEBUG c.h.p.o.dependants.PodInfoConfigMap - [helmcust] Update PodInfo ConfigMap
2025-01-29 13:22:06,561 INFO c.h.h.t.HelmChartContainer - [hivemq-test-hivemq-platform] [hivemq-platform-operator] [cc3bc278] 13:22:06.559 [pool-6-thread-7] DEBUG c.h.p.o.d.StatefulSetResource - [helmcust] Desired StatefulSet (2 replicas) for status RUNNING (READY)
2025-01-29 13:22:06,564 INFO c.h.h.t.HelmChartContainer - [hivemq-test-hivemq-platform] [hivemq-platform-operator] [cc3bc278] 13:22:06.563 [ReconcilerExecutor-hivemq-controller-123] INFO  c.h.p.o.HiveMQPlatformReconciler - [helmcust] Reconciling HiveMQ Platform 'test-hivemq-platform' in namespace 'helmcustomconfigit'
2025-01-29 13:22:06,565 INFO c.h.h.t.HelmChartContainer - [hivemq-test-hivemq-platform] [hivemq-platform-operator] [cc3bc278] 13:22:06.563 [ReconcilerExecutor-hivemq-controller-123] DEBUG c.h.p.o.HiveMQPlatformReconciler - [helmcust] Custom Resource Status RUNNING - HiveMQ Platform is ready (READY)
2025-01-29 13:22:06,565 INFO c.h.h.t.HelmChartContainer - [hivemq-test-hivemq-platform] [hivemq-platform-operator] [cc3bc278] 13:22:06.563 [ReconcilerExecutor-hivemq-controller-123] DEBUG c.h.p.o.HiveMQPlatformReconciler - [helmcust] Custom Resource Spec (replicas: 2) (extensions: 1)
2025-01-29 13:22:06,565 INFO c.h.h.t.HelmChartContainer - [hivemq-test-hivemq-platform] [hivemq-platform-operator] [cc3bc278] 13:22:06.564 [ReconcilerExecutor-hivemq-controller-123] DEBUG c.h.p.o.HiveMQPlatformReconciler - [helmcust] StatefulSet Status (revision: test-hivemq-platform-86bfbd5557, replicas: 2, available: 2, ready: 2, current: 2, updated: 2)
2025-01-29 13:22:06,566 INFO c.h.h.t.HelmChartContainer - [hivemq-test-hivemq-platform] [hivemq-platform-operator] [cc3bc278] 13:22:06.564 [ReconcilerExecutor-hivemq-controller-123] DEBUG c.h.p.o.HiveMQPlatformReconciler - [helmcust] StatefulSet Spec (replicas: 2, init containers: 1, containers: 1, volumes: 3)
2025-01-29 13:22:06,567 INFO c.h.h.t.HelmChartContainer - [hivemq-test-hivemq-platform] [hivemq-platform-operator] [cc3bc278] 13:22:06.566 [ReconcilerExecutor-hivemq-controller-123] DEBUG c.h.p.o.h.HiveMQPlatformReconcilerErrorHandler - [helmcust] Pod 'test-hivemq-platform-1' phase Running
2025-01-29 13:22:06,636 INFO c.h.h.t.HelmChartContainer - [hivemq-test-hivemq-platform] [hivemq-platform-operator] [cc3bc278] 13:22:06.568 [ReconcilerExecutor-hivemq-controller-123] DEBUG c.h.p.o.h.HiveMQPlatformReconcilerErrorHandler - [helmcust] Pod 'test-hivemq-platform-0' phase Running
2025-01-29 13:22:08,490 INFO c.h.h.t.HelmChartContainer - Uninstalling release 'test-hivemq-platform' in namespace 'helmcustomconfigit'...
2025-01-29 13:22:08,490 DEBUG c.h.h.t.HelmChartContainer - Executing helm command: /bin/helm --kubeconfig /etc/rancher/k3s/k3s.yaml uninstall test-hivemq-platform  --wait --timeout 5m0s --cascade foreground --namespace helmcustomconfigit
2025-01-29 13:22:08,681 INFO c.h.h.t.HelmChartContainer - [hivemq-test-hivemq-platform] [hivemq-platform-operator] [cc3bc278] 13:22:08.677 [ReconcilerExecutor-hivemq-controller-124] INFO  c.h.p.o.HiveMQPlatformReconciler - [helmcust] Cleanup test-hivemq-platform - helmcustomconfigit HiveMQ Platform is shut down
2025-01-29 13:22:09,335 INFO c.h.h.t.HelmChartContainer - [POD] test-hivemq-platform-1 [66d46581-bafe-42ef-91ad-0a2f17f5392a] in helmcustomconfigit was MODIFIED
2025-01-29 13:22:09,346 INFO c.h.h.t.HelmChartContainer - [test-hivemq-platform] [hivemq] [66d46581] INFO  - [HiveMQ Platform Operator Init App 1.7.0-SNAPSHOT] Shutting down
2025-01-29 13:22:09,346 INFO c.h.h.t.HelmChartContainer - [test-hivemq-platform] [hivemq] [66d46581] INFO  - [HiveMQ Platform Operator Init App 1.7.0-SNAPSHOT] Stopping the HiveMQ Platform
2025-01-29 13:22:09,349 INFO c.h.h.t.HelmChartContainer - [EVENT] Normal [Killing] Stopping container hivemq [helmcustomconfigit:test-hivemq-platform-1]
2025-01-29 13:22:09,349 INFO c.h.h.t.HelmChartContainer - Received Killing event for container hivemq in pod test-hivemq-platform-1 [66d46581-bafe-42ef-91ad-0a2f17f5392a]
2025-01-29 13:22:09,349 INFO c.h.h.t.HelmChartContainer - Container [test-hivemq-platform-1] [hivemq] [66d46581-bafe-42ef-91ad-0a2f17f5392a] was terminated
2025-01-29 13:22:09,349 INFO c.h.h.t.HelmChartContainer - Stopped log watcher for hivemq in pod test-hivemq-platform-1 [66d46581-bafe-42ef-91ad-0a2f17f5392a]
2025-01-29 13:22:09,393 INFO c.h.h.t.HelmChartContainer - [POD] test-hivemq-platform-0 [2238f94b-eb0c-4fd9-a320-f58ad69dae44] in helmcustomconfigit was MODIFIED
2025-01-29 13:22:09,405 INFO c.h.h.t.HelmChartContainer - [test-hivemq-platform] [hivemq] [2238f94b] INFO  - [HiveMQ Platform Operator Init App 1.7.0-SNAPSHOT] Shutting down
2025-01-29 13:22:09,405 INFO c.h.h.t.HelmChartContainer - [test-hivemq-platform] [hivemq] [2238f94b] INFO  - [HiveMQ Platform Operator Init App 1.7.0-SNAPSHOT] Stopping the HiveMQ Platform
2025-01-29 13:22:09,420 INFO c.h.h.t.HelmChartContainer - [EVENT] Normal [Killing] Stopping container hivemq [helmcustomconfigit:test-hivemq-platform-0]
2025-01-29 13:22:09,420 INFO c.h.h.t.HelmChartContainer - Received Killing event for container hivemq in pod test-hivemq-platform-0 [2238f94b-eb0c-4fd9-a320-f58ad69dae44]
2025-01-29 13:22:09,420 INFO c.h.h.t.HelmChartContainer - Container [test-hivemq-platform-0] [hivemq] [2238f94b-eb0c-4fd9-a320-f58ad69dae44] was terminated
2025-01-29 13:22:09,420 INFO c.h.h.t.HelmChartContainer - Stopped log watcher for hivemq in pod test-hivemq-platform-0 [2238f94b-eb0c-4fd9-a320-f58ad69dae44]
2025-01-29 13:22:09,478 INFO c.h.h.t.HelmChartContainer - [test-hivemq-platform] [hivemq] [66d46581] INFO  - Shutting down HiveMQ. Please wait, this could take a while...
2025-01-29 13:22:09,482 INFO c.h.h.t.HelmChartContainer - [test-hivemq-platform] [hivemq] [66d46581] INFO  - Shutting down listeners and clients
2025-01-29 13:22:09,486 INFO c.h.h.t.HelmChartContainer - [test-hivemq-platform] [hivemq] [66d46581] INFO  - Shutdown of listeners is done
2025-01-29 13:22:09,486 INFO c.h.h.t.HelmChartContainer - [test-hivemq-platform] [hivemq] [66d46581] INFO  - No clients are connected, proceeding with shutdown
2025-01-29 13:22:09,596 INFO c.h.h.t.HelmChartContainer - [test-hivemq-platform] [hivemq] [2238f94b] INFO  - Shutting down HiveMQ. Please wait, this could take a while...
2025-01-29 13:22:09,606 INFO c.h.h.t.HelmChartContainer - [test-hivemq-platform] [hivemq] [2238f94b] INFO  - Shutting down listeners and clients
2025-01-29 13:22:09,607 INFO c.h.h.t.HelmChartContainer - [test-hivemq-platform] [hivemq] [2238f94b] INFO  - Shutdown of listeners is done
2025-01-29 13:22:09,608 INFO c.h.h.t.HelmChartContainer - [test-hivemq-platform] [hivemq] [2238f94b] INFO  - No clients are connected, proceeding with shutdown
2025-01-29 13:22:10,723 INFO c.h.h.t.HelmChartContainer - Deleting namespace 'helmcustomconfigit'...
2025-01-29 13:22:11,294 INFO c.h.h.t.HelmChartContainer - [test-hivemq-platform] [hivemq] [66d46581] INFO  - [HiveMQ Platform Operator Init App 1.7.0-SNAPSHOT] Returning shutdown Health API response 503 for readiness
2025-01-29 13:22:11,298 INFO c.h.h.t.HelmChartContainer - [EVENT] Warning [Unhealthy] Readiness probe failed: HTTP probe failed with statuscode: 503 [helmcustomconfigit:test-hivemq-platform-1]
2025-01-29 13:22:11,298 INFO c.h.h.t.HelmChartContainer - Received Unhealthy event for container hivemq in pod test-hivemq-platform-1 [66d46581-bafe-42ef-91ad-0a2f17f5392a]
2025-01-29 13:22:11,812 INFO c.h.h.t.HelmChartContainer - [test-hivemq-platform] [hivemq] [66d46581] WARN  - [HiveMQ Platform Operator Init App 1.7.0-SNAPSHOT] Could not update Pod annotations: Failure executing: GET at: https://10.43.0.1:443/api/v1/namespaces/helmcustomconfigit/pods/test-hivemq-platform-1. Message: pods "test-hivemq-platform-1" is forbidden: User "system:serviceaccount:helmcustomconfigit:hivemq-platform-pod-test-hivemq-platform" cannot get resource "pods" in API group "" in the namespace "helmcustomconfigit". Received status: Status(apiVersion=v1, code=403, details=StatusDetails(causes=[], group=null, kind=pods, name=test-hivemq-platform-1, retryAfterSeconds=null, uid=null, additionalProperties={}), kind=Status, message=pods "test-hivemq-platform-1" is forbidden: User "system:serviceaccount:helmcustomconfigit:hivemq-platform-pod-test-hivemq-platform" cannot get resource "pods" in API group "" in the namespace "helmcustomconfigit", metadata=ListMeta(_continue=null, remainingItemCount=null, resourceVersion=null, selfLink=null, additionalProperties={}), reason=Forbidden, status=Failure, additionalProperties={}).
2025-01-29 13:22:12,884 INFO c.h.h.t.HelmChartContainer - [test-hivemq-platform] [hivemq] [66d46581] INFO  - Shutting down extension system
2025-01-29 13:22:12,887 INFO c.h.h.t.HelmChartContainer - [test-hivemq-platform] [hivemq] [66d46581] INFO  - Stopping extension with id hivemq-dns-cluster-discovery
2025-01-29 13:22:12,889 INFO c.h.h.t.HelmChartContainer - [test-hivemq-platform] [hivemq] [66d46581] INFO  - Extension "DNS Cluster Discovery Extension" version 4.3.2 stopped successfully.
2025-01-29 13:22:12,889 INFO c.h.h.t.HelmChartContainer - [test-hivemq-platform] [hivemq] [66d46581] INFO  - Stopping extension with id hivemq-prometheus-extension
2025-01-29 13:22:12,896 INFO c.h.h.t.HelmChartContainer - [test-hivemq-platform] [hivemq] [66d46581] INFO  - Extension "Prometheus Monitoring Extension" version 4.0.12 stopped successfully.
2025-01-29 13:22:12,897 INFO c.h.h.t.HelmChartContainer - [test-hivemq-platform] [hivemq] [66d46581] INFO  - Stopping extension with id hivemq-allow-all-extension
2025-01-29 13:22:12,897 INFO c.h.h.t.HelmChartContainer - [test-hivemq-platform] [hivemq] [66d46581] INFO  - Extension "Allow All Extension" version 1.1.1 stopped successfully.
2025-01-29 13:22:12,903 INFO c.h.h.t.HelmChartContainer - [test-hivemq-platform] [hivemq] [2238f94b] INFO  - Cluster nodes found by discovery: [JK6Fa|2] (1) [JK6Fa].
2025-01-29 13:22:12,906 INFO c.h.h.t.HelmChartContainer - [test-hivemq-platform] [hivemq] [2238f94b] INFO  - Cluster size = 1, members : [JK6Fa].
2025-01-29 13:22:12,997 INFO c.h.h.t.HelmChartContainer - [test-hivemq-platform] [hivemq] [2238f94b] INFO  - Shutting down extension system
2025-01-29 13:22:13,001 INFO c.h.h.t.HelmChartContainer - [test-hivemq-platform] [hivemq] [2238f94b] INFO  - Stopping extension with id hivemq-dns-cluster-discovery
2025-01-29 13:22:13,002 INFO c.h.h.t.HelmChartContainer - [test-hivemq-platform] [hivemq] [2238f94b] INFO  - Extension "DNS Cluster Discovery Extension" version 4.3.2 stopped successfully.
2025-01-29 13:22:13,002 INFO c.h.h.t.HelmChartContainer - [test-hivemq-platform] [hivemq] [2238f94b] INFO  - Stopping extension with id hivemq-prometheus-extension
2025-01-29 13:22:13,010 INFO c.h.h.t.HelmChartContainer - [test-hivemq-platform] [hivemq] [2238f94b] INFO  - Extension "Prometheus Monitoring Extension" version 4.0.12 stopped successfully.
2025-01-29 13:22:13,010 INFO c.h.h.t.HelmChartContainer - [test-hivemq-platform] [hivemq] [2238f94b] INFO  - Stopping extension with id hivemq-allow-all-extension
2025-01-29 13:22:13,010 INFO c.h.h.t.HelmChartContainer - [test-hivemq-platform] [hivemq] [2238f94b] INFO  - Extension "Allow All Extension" version 1.1.1 stopped successfully.
2025-01-29 13:22:13,216 INFO c.h.h.t.HelmChartContainer - [test-hivemq-platform] [hivemq] [2238f94b] INFO  - [HiveMQ Platform Operator Init App 1.7.0-SNAPSHOT] Returning shutdown Health API response 503 for readiness
2025-01-29 13:22:13,221 INFO c.h.h.t.HelmChartContainer - [EVENT] Warning [Unhealthy] Readiness probe failed: HTTP probe failed with statuscode: 503 [helmcustomconfigit:test-hivemq-platform-0]
2025-01-29 13:22:13,221 INFO c.h.h.t.HelmChartContainer - Received Unhealthy event for container hivemq in pod test-hivemq-platform-0 [2238f94b-eb0c-4fd9-a320-f58ad69dae44]
2025-01-29 13:22:13,700 INFO c.h.h.t.HelmChartContainer - [K3S] [authentication.go:74] "Unable to authenticate the request" err="[invalid bearer token, serviceaccounts \"hivemq-platform-pod-test-hivemq-platform\" not found]"
2025-01-29 13:22:13,724 INFO c.h.h.t.HelmChartContainer - [K3S] [authentication.go:74] "Unable to authenticate the request" err="[invalid bearer token, serviceaccounts \"hivemq-platform-pod-test-hivemq-platform\" not found]"
2025-01-29 13:22:13,808 INFO c.h.h.t.HelmChartContainer - [test-hivemq-platform] [hivemq] [2238f94b] WARN  - [HiveMQ Platform Operator Init App 1.7.0-SNAPSHOT] Could not update Pod annotations: Failure executing: GET at: https://10.43.0.1:443/api/v1/namespaces/helmcustomconfigit/pods/test-hivemq-platform-0. Message: Unauthorized. Received status: Status(apiVersion=v1, code=401, details=null, kind=Status, message=Unauthorized, metadata=ListMeta(_continue=null, remainingItemCount=null, resourceVersion=null, selfLink=null, additionalProperties={}), reason=Unauthorized, status=Failure, additionalProperties={}).
2025-01-29 13:22:15,276 INFO c.h.h.t.HelmChartContainer - [test-hivemq-platform] [hivemq] [66d46581] INFO  - Shutdown completed.
2025-01-29 13:22:15,307 INFO c.h.h.t.HelmChartContainer - [test-hivemq-platform] [hivemq] [2238f94b] INFO  - Shutdown completed.
2025-01-29 13:22:15,626 INFO c.h.h.t.HelmChartContainer - [test-hivemq-platform] [hivemq] [66d46581] INFO  - [HiveMQ Platform Operator Init App 1.7.0-SNAPSHOT] The HiveMQ Platform exited with code 143
2025-01-29 13:22:15,626 INFO c.h.h.t.HelmChartContainer - [test-hivemq-platform] [hivemq] [66d46581] INFO  - [HiveMQ Platform Operator Init App 1.7.0-SNAPSHOT] Stopping the REST API
2025-01-29 13:22:15,633 INFO c.h.h.t.HelmChartContainer - [test-hivemq-platform] [hivemq] [66d46581] INFO  - [HiveMQ Platform Operator Init App 1.7.0-SNAPSHOT] Shutdown complete
2025-01-29 13:22:15,659 INFO c.h.h.t.HelmChartContainer - [test-hivemq-platform] [hivemq] [2238f94b] INFO  - [HiveMQ Platform Operator Init App 1.7.0-SNAPSHOT] The HiveMQ Platform exited with code 143
2025-01-29 13:22:15,659 INFO c.h.h.t.HelmChartContainer - [test-hivemq-platform] [hivemq] [2238f94b] INFO  - [HiveMQ Platform Operator Init App 1.7.0-SNAPSHOT] Stopping the REST API
2025-01-29 13:22:15,705 INFO c.h.h.t.HelmChartContainer - [test-hivemq-platform] [hivemq] [2238f94b] INFO  - [HiveMQ Platform Operator Init App 1.7.0-SNAPSHOT] Shutdown complete
2025-01-29 13:22:15,848 INFO c.h.h.t.HelmChartContainer - [K3S] [stateful_set.go:466] "StatefulSet has been deleted" key="helmcustomconfigit/test-hivemq-platform"
2025-01-29 13:22:16,151 INFO c.h.h.t.HelmChartContainer - [POD] test-hivemq-platform-1 [66d46581-bafe-42ef-91ad-0a2f17f5392a] in helmcustomconfigit was MODIFIED
2025-01-29 13:22:16,171 INFO c.h.h.t.HelmChartContainer - [POD] test-hivemq-platform-0 [2238f94b-eb0c-4fd9-a320-f58ad69dae44] in helmcustomconfigit was MODIFIED
2025-01-29 13:22:16,270 INFO c.h.h.t.HelmChartContainer - [K3S] [reconciler_common.go:162] "operationExecutor.UnmountVolume started for volume \"operator-init\" (UniqueName: \"kubernetes.io/empty-dir/66d46581-bafe-42ef-91ad-0a2f17f5392a-operator-init\") pod \"66d46581-bafe-42ef-91ad-0a2f17f5392a\" (UID: \"66d46581-bafe-42ef-91ad-0a2f17f5392a\") "
2025-01-29 13:22:16,270 INFO c.h.h.t.HelmChartContainer - [K3S] [reconciler_common.go:162] "operationExecutor.UnmountVolume started for volume \"operator-init\" (UniqueName: \"kubernetes.io/empty-dir/2238f94b-eb0c-4fd9-a320-f58ad69dae44-operator-init\") pod \"2238f94b-eb0c-4fd9-a320-f58ad69dae44\" (UID: \"2238f94b-eb0c-4fd9-a320-f58ad69dae44\") "
2025-01-29 13:22:16,270 INFO c.h.h.t.HelmChartContainer - [K3S] [reconciler_common.go:162] "operationExecutor.UnmountVolume started for volume \"broker-configuration\" (UniqueName: \"kubernetes.io/configmap/66d46581-bafe-42ef-91ad-0a2f17f5392a-broker-configuration\") pod \"66d46581-bafe-42ef-91ad-0a2f17f5392a\" (UID: \"66d46581-bafe-42ef-91ad-0a2f17f5392a\") "
2025-01-29 13:22:16,271 INFO c.h.h.t.HelmChartContainer - [K3S] [reconciler_common.go:162] "operationExecutor.UnmountVolume started for volume \"pod-info\" (UniqueName: \"kubernetes.io/configmap/2238f94b-eb0c-4fd9-a320-f58ad69dae44-pod-info\") pod \"2238f94b-eb0c-4fd9-a320-f58ad69dae44\" (UID: \"2238f94b-eb0c-4fd9-a320-f58ad69dae44\") "
2025-01-29 13:22:16,271 INFO c.h.h.t.HelmChartContainer - [K3S] [reconciler_common.go:162] "operationExecutor.UnmountVolume started for volume \"kube-api-access-6dgcm\" (UniqueName: \"kubernetes.io/projected/2238f94b-eb0c-4fd9-a320-f58ad69dae44-kube-api-access-6dgcm\") pod \"2238f94b-eb0c-4fd9-a320-f58ad69dae44\" (UID: \"2238f94b-eb0c-4fd9-a320-f58ad69dae44\") "
2025-01-29 13:22:16,271 INFO c.h.h.t.HelmChartContainer - [K3S] [reconciler_common.go:162] "operationExecutor.UnmountVolume started for volume \"broker-configuration\" (UniqueName: \"kubernetes.io/configmap/2238f94b-eb0c-4fd9-a320-f58ad69dae44-broker-configuration\") pod \"2238f94b-eb0c-4fd9-a320-f58ad69dae44\" (UID: \"2238f94b-eb0c-4fd9-a320-f58ad69dae44\") "
2025-01-29 13:22:16,271 INFO c.h.h.t.HelmChartContainer - [K3S] [reconciler_common.go:162] "operationExecutor.UnmountVolume started for volume \"kube-api-access-855zp\" (UniqueName: \"kubernetes.io/projected/66d46581-bafe-42ef-91ad-0a2f17f5392a-kube-api-access-855zp\") pod \"66d46581-bafe-42ef-91ad-0a2f17f5392a\" (UID: \"66d46581-bafe-42ef-91ad-0a2f17f5392a\") "
2025-01-29 13:22:16,272 INFO c.h.h.t.HelmChartContainer - [K3S] [reconciler_common.go:162] "operationExecutor.UnmountVolume started for volume \"pod-info\" (UniqueName: \"kubernetes.io/configmap/66d46581-bafe-42ef-91ad-0a2f17f5392a-pod-info\") pod \"66d46581-bafe-42ef-91ad-0a2f17f5392a\" (UID: \"66d46581-bafe-42ef-91ad-0a2f17f5392a\") "
2025-01-29 13:22:16,371 INFO c.h.h.t.HelmChartContainer - [K3S] [reconciler_common.go:299] "Volume detached for volume \"operator-init\" (UniqueName: \"kubernetes.io/empty-dir/66d46581-bafe-42ef-91ad-0a2f17f5392a-operator-init\") on node \"8f07877cb075\" DevicePath \"\""
2025-01-29 13:22:16,371 INFO c.h.h.t.HelmChartContainer - [K3S] [reconciler_common.go:299] "Volume detached for volume \"broker-configuration\" (UniqueName: \"kubernetes.io/configmap/66d46581-bafe-42ef-91ad-0a2f17f5392a-broker-configuration\") on node \"8f07877cb075\" DevicePath \"\""
2025-01-29 13:22:16,371 INFO c.h.h.t.HelmChartContainer - [K3S] [reconciler_common.go:299] "Volume detached for volume \"operator-init\" (UniqueName: \"kubernetes.io/empty-dir/2238f94b-eb0c-4fd9-a320-f58ad69dae44-operator-init\") on node \"8f07877cb075\" DevicePath \"\""
2025-01-29 13:22:16,371 INFO c.h.h.t.HelmChartContainer - [K3S] [reconciler_common.go:299] "Volume detached for volume \"pod-info\" (UniqueName: \"kubernetes.io/configmap/2238f94b-eb0c-4fd9-a320-f58ad69dae44-pod-info\") on node \"8f07877cb075\" DevicePath \"\""
2025-01-29 13:22:16,371 INFO c.h.h.t.HelmChartContainer - [K3S] [reconciler_common.go:299] "Volume detached for volume \"kube-api-access-6dgcm\" (UniqueName: \"kubernetes.io/projected/2238f94b-eb0c-4fd9-a320-f58ad69dae44-kube-api-access-6dgcm\") on node \"8f07877cb075\" DevicePath \"\""
2025-01-29 13:22:16,371 INFO c.h.h.t.HelmChartContainer - [K3S] [reconciler_common.go:299] "Volume detached for volume \"broker-configuration\" (UniqueName: \"kubernetes.io/configmap/2238f94b-eb0c-4fd9-a320-f58ad69dae44-broker-configuration\") on node \"8f07877cb075\" DevicePath \"\""
2025-01-29 13:22:16,371 INFO c.h.h.t.HelmChartContainer - [K3S] [reconciler_common.go:299] "Volume detached for volume \"kube-api-access-855zp\" (UniqueName: \"kubernetes.io/projected/66d46581-bafe-42ef-91ad-0a2f17f5392a-kube-api-access-855zp\") on node \"8f07877cb075\" DevicePath \"\""
2025-01-29 13:22:16,371 INFO c.h.h.t.HelmChartContainer - [K3S] [reconciler_common.go:299] "Volume detached for volume \"pod-info\" (UniqueName: \"kubernetes.io/configmap/66d46581-bafe-42ef-91ad-0a2f17f5392a-pod-info\") on node \"8f07877cb075\" DevicePath \"\""
2025-01-29 13:22:16,891 INFO c.h.h.t.HelmChartContainer - [K3S] [scope.go:117] "RemoveContainer" containerID="04f4230b5330cc2ac51fc1194ae8860937a5a35a006a1977c9ca594bf259315a"
2025-01-29 13:22:16,908 INFO c.h.h.t.HelmChartContainer - [POD] test-hivemq-platform-0 [2238f94b-eb0c-4fd9-a320-f58ad69dae44] in helmcustomconfigit was MODIFIED
2025-01-29 13:22:16,911 INFO c.h.h.t.HelmChartContainer - [POD] test-hivemq-platform-0 [2238f94b-eb0c-4fd9-a320-f58ad69dae44] in helmcustomconfigit was DELETED
2025-01-29 13:22:16,918 INFO c.h.h.t.HelmChartContainer - [POD] test-hivemq-platform-1 [66d46581-bafe-42ef-91ad-0a2f17f5392a] in helmcustomconfigit was MODIFIED
2025-01-29 13:22:16,924 INFO c.h.h.t.HelmChartContainer - [POD] test-hivemq-platform-1 [66d46581-bafe-42ef-91ad-0a2f17f5392a] in helmcustomconfigit was DELETED
2025-01-29 13:22:17,008 INFO c.h.h.t.HelmChartContainer - [K3S] [scope.go:117] "RemoveContainer" containerID="668cf87a62667813fc7e653b0527fec61863b17abf1be67a93ad5acc03da7c4e"
2025-01-29 13:22:17,012 INFO c.h.h.t.HelmChartContainer - [K3S] [scope.go:117] "RemoveContainer" containerID="04f4230b5330cc2ac51fc1194ae8860937a5a35a006a1977c9ca594bf259315a"
2025-01-29 13:22:17,013 INFO c.h.h.t.HelmChartContainer - [K3S] [scope.go:117] "RemoveContainer" containerID="668cf87a62667813fc7e653b0527fec61863b17abf1be67a93ad5acc03da7c4e"
2025-01-29 13:22:17,013 INFO c.h.h.t.HelmChartContainer - [K3S] [scope.go:117] "RemoveContainer" containerID="1dacf12705fcfcdccc0a6053408128b9b6784c7e1b322005ac7af776c49fd9d3"
2025-01-29 13:22:17,111 INFO c.h.h.t.HelmChartContainer - [K3S] [scope.go:117] "RemoveContainer" containerID="3be15b0d71721dbdc1ffc1ce61ceca012f71e6a292067d8da2f48b3fffa63200"
2025-01-29 13:22:17,114 INFO c.h.h.t.HelmChartContainer - [K3S] [scope.go:117] "RemoveContainer" containerID="1dacf12705fcfcdccc0a6053408128b9b6784c7e1b322005ac7af776c49fd9d3"
2025-01-29 13:22:17,115 INFO c.h.h.t.HelmChartContainer - [K3S] [scope.go:117] "RemoveContainer" containerID="3be15b0d71721dbdc1ffc1ce61ceca012f71e6a292067d8da2f48b3fffa63200"
2025-01-29 13:22:18,514 INFO c.h.h.t.HelmChartContainer - [K3S] [kubelet_volumes.go:163] "Cleaned up orphaned pod volumes dir" podUID="2238f94b-eb0c-4fd9-a320-f58ad69dae44" path="/var/lib/kubelet/pods/2238f94b-eb0c-4fd9-a320-f58ad69dae44/volumes"
2025-01-29 13:22:18,515 INFO c.h.h.t.HelmChartContainer - [K3S] [kubelet_volumes.go:163] "Cleaned up orphaned pod volumes dir" podUID="66d46581-bafe-42ef-91ad-0a2f17f5392a" path="/var/lib/kubelet/pods/66d46581-bafe-42ef-91ad-0a2f17f5392a/volumes"
2025-01-29 13:22:21,062 INFO c.h.h.t.HelmChartContainer - Namespace 'helmcustomconfigit' deleted
2025-01-29 13:22:21,062 INFO c.h.h.t.HelmChartContainer - Release 'test-hivemq-platform' in namespace 'helmcustomconfigit' is uninstalled
2025-01-29 13:22:21,062 INFO c.h.h.t.HelmChartContainer - Uninstalling release 'test-hivemq-platform-operator' in namespace 'helmcustomconfigit-operator'...
2025-01-29 13:22:21,062 DEBUG c.h.h.t.HelmChartContainer - Executing helm command: /bin/helm --kubeconfig /etc/rancher/k3s/k3s.yaml uninstall test-hivemq-platform-operator  --wait --timeout 5m0s --cascade foreground --namespace helmcustomconfigit-operator
2025-01-29 13:22:21,245 INFO c.h.h.t.HelmChartContainer - [K3S] [replica_set.go:679] "Finished syncing" kind="ReplicaSet" key="helmcustomconfigit-operator/hivemq-test-hivemq-platform-operator-6966f96d65" duration="12.754061ms"
2025-01-29 13:22:21,245 INFO c.h.h.t.HelmChartContainer - [K3S] [replica_set.go:679] "Finished syncing" kind="ReplicaSet" key="helmcustomconfigit-operator/hivemq-test-hivemq-platform-operator-6966f96d65" duration="36.999µs"
2025-01-29 13:22:21,267 INFO c.h.h.t.HelmChartContainer - [POD] hivemq-test-hivemq-platform-operator-6966f96d65-6qjpt [cc3bc278-5675-4554-a46d-295cdef3dcfa] in helmcustomconfigit-operator was MODIFIED
2025-01-29 13:22:21,271 INFO c.h.h.t.HelmChartContainer - [hivemq-test-hivemq-platform] [hivemq-platform-operator] [cc3bc278] 13:22:21.269 [application-shutdown-thread] INFO  c.h.p.o.HiveMQPlatformOperatorApplication - HiveMQ Platform Operator is stopping...
2025-01-29 13:22:21,271 INFO c.h.h.t.HelmChartContainer - [hivemq-test-hivemq-platform] [hivemq-platform-operator] [cc3bc278] 13:22:21.269 [application-shutdown-thread] INFO  i.javaoperatorsdk.operator.Operator - Operator SDK 4.9.7 is shutting down...
2025-01-29 13:22:21,276 INFO c.h.h.t.HelmChartContainer - [K3S] [replica_set.go:679] "Finished syncing" kind="ReplicaSet" key="helmcustomconfigit-operator/hivemq-test-hivemq-platform-operator-6966f96d65" duration="18.976126ms"
2025-01-29 13:22:21,277 INFO c.h.h.t.HelmChartContainer - [K3S] [replica_set.go:679] "Finished syncing" kind="ReplicaSet" key="helmcustomconfigit-operator/hivemq-test-hivemq-platform-operator-6966f96d65" duration="46.176µs"
2025-01-29 13:22:21,278 INFO c.h.h.t.HelmChartContainer - [EVENT] Normal [Killing] Stopping container hivemq-platform-operator [helmcustomconfigit-operator:hivemq-test-hivemq-platform-operator-6966f96d65-6qjpt]
2025-01-29 13:22:21,279 INFO c.h.h.t.HelmChartContainer - Received Killing event for container hivemq-platform-operator in pod hivemq-test-hivemq-platform-operator-6966f96d65-6qjpt [cc3bc278-5675-4554-a46d-295cdef3dcfa]
2025-01-29 13:22:21,279 INFO c.h.h.t.HelmChartContainer - Container [hivemq-test-hivemq-platform-operator-6966f96d65-6qjpt] [hivemq-platform-operator] [cc3bc278-5675-4554-a46d-295cdef3dcfa] was terminated
2025-01-29 13:22:21,279 INFO c.h.h.t.HelmChartContainer - Stopped log watcher for hivemq-platform-operator in pod hivemq-test-hivemq-platform-operator-6966f96d65-6qjpt [cc3bc278-5675-4554-a46d-295cdef3dcfa]
2025-01-29 13:22:21,810 INFO c.h.h.t.HelmChartContainer - [K3S] [replica_set.go:679] "Finished syncing" kind="ReplicaSet" key="helmcustomconfigit-operator/hivemq-test-hivemq-platform-operator-6966f96d65" duration="44.854µs"
2025-01-29 13:22:21,811 INFO c.h.h.t.HelmChartContainer - [POD] hivemq-test-hivemq-platform-operator-6966f96d65-6qjpt [cc3bc278-5675-4554-a46d-295cdef3dcfa] in helmcustomconfigit-operator was MODIFIED
2025-01-29 13:22:21,902 INFO c.h.h.t.HelmChartContainer - [K3S] [scope.go:117] "RemoveContainer" containerID="ff4a60bfd5d8f83e384c5264f9b5e31d4cf7a7baade52f47721014dea58993ef"
2025-01-29 13:22:21,903 INFO c.h.h.t.HelmChartContainer - [K3S] [reconciler_common.go:162] "operationExecutor.UnmountVolume started for volume \"kube-api-access-g4zwd\" (UniqueName: \"kubernetes.io/projected/cc3bc278-5675-4554-a46d-295cdef3dcfa-kube-api-access-g4zwd\") pod \"cc3bc278-5675-4554-a46d-295cdef3dcfa\" (UID: \"cc3bc278-5675-4554-a46d-295cdef3dcfa\") "
2025-01-29 13:22:21,906 INFO c.h.h.t.HelmChartContainer - [K3S] [scope.go:117] "RemoveContainer" containerID="ff4a60bfd5d8f83e384c5264f9b5e31d4cf7a7baade52f47721014dea58993ef"
2025-01-29 13:22:22,003 INFO c.h.h.t.HelmChartContainer - [K3S] [reconciler_common.go:299] "Volume detached for volume \"kube-api-access-g4zwd\" (UniqueName: \"kubernetes.io/projected/cc3bc278-5675-4554-a46d-295cdef3dcfa-kube-api-access-g4zwd\") on node \"8f07877cb075\" DevicePath \"\""
2025-01-29 13:22:22,215 INFO c.h.h.t.HelmChartContainer - [K3S] [replica_set.go:679] "Finished syncing" kind="ReplicaSet" key="helmcustomconfigit-operator/hivemq-test-hivemq-platform-operator-6966f96d65" duration="41.798µs"
2025-01-29 13:22:22,216 INFO c.h.h.t.HelmChartContainer - [POD] hivemq-test-hivemq-platform-operator-6966f96d65-6qjpt [cc3bc278-5675-4554-a46d-295cdef3dcfa] in helmcustomconfigit-operator was MODIFIED
2025-01-29 13:22:22,219 INFO c.h.h.t.HelmChartContainer - [K3S] [replica_set.go:679] "Finished syncing" kind="ReplicaSet" key="helmcustomconfigit-operator/hivemq-test-hivemq-platform-operator-6966f96d65" duration="41.327µs"
2025-01-29 13:22:22,219 INFO c.h.h.t.HelmChartContainer - [POD] hivemq-test-hivemq-platform-operator-6966f96d65-6qjpt [cc3bc278-5675-4554-a46d-295cdef3dcfa] in helmcustomconfigit-operator was DELETED
2025-01-29 13:22:22,232 INFO c.h.h.t.HelmChartContainer - [K3S] [replica_set.go:679] "Finished syncing" kind="ReplicaSet" key="helmcustomconfigit-operator/hivemq-test-hivemq-platform-operator-6966f96d65" duration="6.933µs"
2025-01-29 13:22:22,515 INFO c.h.h.t.HelmChartContainer - [K3S] [kubelet_volumes.go:163] "Cleaned up orphaned pod volumes dir" podUID="cc3bc278-5675-4554-a46d-295cdef3dcfa" path="/var/lib/kubelet/pods/cc3bc278-5675-4554-a46d-295cdef3dcfa/volumes"
2025-01-29 13:22:23,272 INFO c.h.h.t.HelmChartContainer - Deleting namespace 'helmcustomconfigit-operator'...
2025-01-29 13:22:25,998 INFO c.h.h.t.HelmChartContainer - [K3S] [namespace_controller.go:187] "Namespace has been deleted" namespace="helmcustomconfigit"
2025-01-29 13:22:28,493 INFO c.h.h.t.HelmChartContainer - Namespace 'helmcustomconfigit-operator' deleted
2025-01-29 13:22:28,493 INFO c.h.h.t.HelmChartContainer - Release 'test-hivemq-platform-operator' in namespace 'helmcustomconfigit-operator' is uninstalled
2025-01-29 13:22:29,334 INFO c.h.helmcharts.AbstractHelmChartIT - Removed unused containers:

2025-01-29 13:22:33,398 INFO c.h.h.t.HelmChartContainer - [K3S] [namespace_controller.go:187] "Namespace has been deleted" namespace="helmcustomconfigit-operator"
2025-01-29 13:22:37,444 INFO c.h.helmcharts.AbstractHelmChartIT - Removed unused snapshots:
Removing snapshot sha256:03af251906410714c5aef9fa705b63f6bbc39c4a5e787de7361eeb18886c2ed2
Removing snapshot sha256:0c46b3b43cce082ce5ec34ffc6c294e0417d17b9d1e6f366d114b6aadc4f96dc
Removing snapshot sha256:0ce761beee59082d6ed5bcebd3a805b8ddd9b3426b617e4809e7fb7c6587ffec
Removing snapshot sha256:0df91287303208332c8ff6ba40ae4710105201739addbfbddfb955f1ad593664
Removing snapshot sha256:1021ef88c7974bfff89c5a0ec4fd3160daac6c48a075f74cff721f85dd104e68
Removing snapshot sha256:10aba4953ddc18145dd38e3704709bc464aa20af60b56fe52caaff4b68411e62
Removing snapshot sha256:2573e0d8158209ed54ab25c87bcdcb00bd3d2539246960a3d592a1c599d70465
Removing snapshot sha256:362a8a37f8bbc31925a8146adcf7cf51f9882f5c1dcbef67c5baa03a297543c0
Removing snapshot sha256:397404f37391478d9c8c06adc66f5cd44a84073bfff95f6eac9b4532b543c9b6
Removing snapshot sha256:43a7c979bbaba6838bc3102d6b10a1459f3ab050b87ccdfef84ef90cf43d3058
Removing snapshot sha256:4ab04491cdf0d3267f08206fe30bd48f49f94b9cab2f016d6739220f722a64af
Removing snapshot sha256:4b6068250e89c96f263060261819c7d912855bfbd64b3eb4c4a8483299b8c295
Removing snapshot sha256:4fef70785221aa13d10357734828cc99ba13bc4e9da792e0cf8a8fd14970289c
Removing snapshot sha256:580e69a0a8034ede1921139bbd2bfb72a69ebf276d008281896c32dd8bf74775
Removing snapshot sha256:5d30ba46b27fe37484567ccc5242cadc78217b8da605f3f195ef25cbf7487904
Removing snapshot sha256:63ca1fbb43ae5034640e5e6cb3e083e05c290072c5366fcaa9d62435a4cced85
Removing snapshot sha256:67f702c6baae873bceb19487c8b1f27bd2b86077e4f2f0e480e6d60ab508b8f5
Removing snapshot sha256:6864348dd42806d552efdec384f1274be15e2d0c10ce44c1f04347af004c10a9
Removing snapshot sha256:6c7dee8f2c39b84b7dc2711c01d33de93514d9055499173e9290176fbe484b6c
Removing snapshot sha256:82753493a6d61ded36556292f02f31841a14c20d2f279f19eaad65afb661d5cd
Removing snapshot sha256:8a10d3db42c505ee0fcfa98417bdd7e39b304f6bcc0a06bb1b220797ff2cc63c
Removing snapshot sha256:a21e5b12dbac529ad45d976eb9ce45c881f3bedcc500fb30aba1e52aa1813418
Removing snapshot sha256:b921e6c28969094157f9b8e7244677780319637afd14450b7cb6b2fdea558a0c
Removing snapshot sha256:bc27ecb5769a00e309cf99ebc763c4a4b958b618d1decc96ffac5bc05f02f5b7
Removing snapshot sha256:be3ccb6627a5332e309d45ef461d09b4879dd870c7394d89323d0ebc6ca6aa8a
Removing snapshot sha256:c261f7cbbc64211ee175ee47273acdb7b1a36a4450b397a064a8f2c026490095
Removing snapshot sha256:c34d9393647eea0c9e3557ab988efaf59f61d10a2a5613b439ef0958cca5ec10
Removing snapshot sha256:ccf3c4a0fa967a41c1c83497a2ce6fa5787965859df0adb32c4ca2cf7490bc2b
Removing snapshot sha256:cf92d33f869417309692088c341cd0f223c178ea78a125f757317b22aa8f90e9
Removing snapshot sha256:d0037344cf2fb078884f1849f6a1f8cf9a33a3b6139b6a85833e5ee528e1f9a8
Removing snapshot sha256:d3b36d5b79273b1e98e7700470eaeff05a882e777124d84cebcc1505b85ecb36
Removing snapshot sha256:d65a44a37914602d12c611e5e22a50f11451d847e63015cc1c2aef92dee777a4
Removing snapshot sha256:e2dc0bae2455930f23ae570e019b7f32edc75c0f2d71cab084db837ff9051796
Removing snapshot sha256:eccbd24a99c60cd9e86ee5305dbfc4a4dc89f5ab4fb1f06c8d64797cecedef34
Removing snapshot sha256:f144bb4c7c7f0d2aa7eeffd36d934ec40db1ee167be727e326aad9fdc616f475

]]></system-out>
  </testcase>
  <testcase name="withCustomEnvVars_hivemqRunning()" classname="com.hivemq.helmcharts.platform.HelmCustomConfigIT" time="153.369">
    <system-out><![CDATA[2025-01-29 13:22:37,446 INFO c.h.h.t.HelmChartContainer - Creating namespace 'helmcustomconfigit-operator'...
2025-01-29 13:22:37,452 INFO c.h.h.t.HelmChartContainer - Namespace 'helmcustomconfigit-operator' created
2025-01-29 13:22:37,452 INFO c.h.h.t.HelmChartContainer - Creating namespace 'helmcustomconfigit'...
2025-01-29 13:22:37,460 INFO c.h.h.t.HelmChartContainer - Namespace 'helmcustomconfigit' created
2025-01-29 13:22:37,470 INFO c.h.h.testcontainer.LogWaiterUtil - TEST Waiting for log pattern on 'hivemq-test-hivemq-platform-operator-.*': .*Registered reconciler: 'hivemq-controller' for resource: 'class com.hivemq.platform.operator.v1.HiveMQPlatform' for namespace\(s\): \[helmcustomconfigit\]
2025-01-29 13:22:37,536 DEBUG c.h.h.t.HelmChartContainer - Executing helm command: /bin/helm --kubeconfig /etc/rancher/k3s/k3s.yaml install test-hivemq-platform-operator /charts/hivemq-platform-operator --wait --timeout 5m0s --set image.repository=docker.io/hivemq --set image.name=hivemq-platform-operator-test --set image.initImageName=hivemq-platform-operator-init-test --set image.tag=snapshot --set image.pullPolicy=Never --set logLevel=DEBUG --set resources.cpu=512m -f /files/custom-operator-env-vars-values.yaml --namespace helmcustomconfigit-operator
2025-01-29 13:22:37,856 INFO c.h.h.t.HelmChartContainer - [K3S] [alloc.go:330] "allocated clusterIPs" service="helmcustomconfigit-operator/hivemq-platform-operator-test-hivemq-platform-operator" clusterIPs={"IPv4":"10.43.143.204"}
2025-01-29 13:22:37,877 INFO c.h.h.t.HelmChartContainer - [EVENT] Normal [ScalingReplicaSet] Scaled up replica set hivemq-test-hivemq-platform-operator-67f7c95fb6 from 0 to 1 [helmcustomconfigit-operator:hivemq-test-hivemq-platform-operator]
2025-01-29 13:22:37,879 INFO c.h.h.t.HelmChartContainer - [POD] hivemq-test-hivemq-platform-operator-67f7c95fb6-twmnh [de53df0c-8b5f-48b7-8c3c-6e90635437d9] in helmcustomconfigit-operator was ADDED
2025-01-29 13:22:37,891 INFO c.h.h.t.HelmChartContainer - [EVENT] Normal [SuccessfulCreate] Created pod: hivemq-test-hivemq-platform-operator-67f7c95fb6-twmnh [helmcustomconfigit-operator:hivemq-test-hivemq-platform-operator-67f7c95fb6]
2025-01-29 13:22:37,898 INFO c.h.h.t.HelmChartContainer - [K3S] [replica_set.go:679] "Finished syncing" kind="ReplicaSet" key="helmcustomconfigit-operator/hivemq-test-hivemq-platform-operator-67f7c95fb6" duration="29.466356ms"
2025-01-29 13:22:37,914 INFO c.h.h.t.HelmChartContainer - [K3S] [memory_manager.go:355] "RemoveStaleState removing state" podUID="2238f94b-eb0c-4fd9-a320-f58ad69dae44" containerName="hivemq"
2025-01-29 13:22:37,914 INFO c.h.h.t.HelmChartContainer - [K3S] [memory_manager.go:355] "RemoveStaleState removing state" podUID="66d46581-bafe-42ef-91ad-0a2f17f5392a" containerName="hivemq"
2025-01-29 13:22:37,914 INFO c.h.h.t.HelmChartContainer - [K3S] [memory_manager.go:355] "RemoveStaleState removing state" podUID="cc3bc278-5675-4554-a46d-295cdef3dcfa" containerName="hivemq-platform-operator"
2025-01-29 13:22:37,915 INFO c.h.h.t.HelmChartContainer - [POD] hivemq-test-hivemq-platform-operator-67f7c95fb6-twmnh [de53df0c-8b5f-48b7-8c3c-6e90635437d9] in helmcustomconfigit-operator was MODIFIED
2025-01-29 13:22:37,915 INFO c.h.h.t.HelmChartContainer - [EVENT] Normal [Scheduled] Successfully assigned helmcustomconfigit-operator/hivemq-test-hivemq-platform-operator-67f7c95fb6-twmnh to 8f07877cb075 [helmcustomconfigit-operator:hivemq-test-hivemq-platform-operator-67f7c95fb6-twmnh]
2025-01-29 13:22:37,949 INFO c.h.h.t.HelmChartContainer - [POD] hivemq-test-hivemq-platform-operator-67f7c95fb6-twmnh [de53df0c-8b5f-48b7-8c3c-6e90635437d9] in helmcustomconfigit-operator was MODIFIED
2025-01-29 13:22:37,952 INFO c.h.h.t.HelmChartContainer - [K3S] [replica_set.go:679] "Finished syncing" kind="ReplicaSet" key="helmcustomconfigit-operator/hivemq-test-hivemq-platform-operator-67f7c95fb6" duration="51.780828ms"
2025-01-29 13:22:37,952 INFO c.h.h.t.HelmChartContainer - [K3S] [replica_set.go:679] "Finished syncing" kind="ReplicaSet" key="helmcustomconfigit-operator/hivemq-test-hivemq-platform-operator-67f7c95fb6" duration="269.081µs"
2025-01-29 13:22:37,998 INFO c.h.h.t.HelmChartContainer - [K3S] [reconciler_common.go:251] "operationExecutor.VerifyControllerAttachedVolume started for volume \"kube-api-access-tkd7k\" (UniqueName: \"kubernetes.io/projected/de53df0c-8b5f-48b7-8c3c-6e90635437d9-kube-api-access-tkd7k\") pod \"hivemq-test-hivemq-platform-operator-67f7c95fb6-twmnh\" (UID: \"de53df0c-8b5f-48b7-8c3c-6e90635437d9\") " pod="helmcustomconfigit-operator/hivemq-test-hivemq-platform-operator-67f7c95fb6-twmnh"
2025-01-29 13:22:38,318 INFO c.h.h.t.HelmChartContainer - [EVENT] Normal [Pulled] Container image "docker.io/hivemq/hivemq-platform-operator-test:snapshot" already present on machine [helmcustomconfigit-operator:hivemq-test-hivemq-platform-operator-67f7c95fb6-twmnh]
2025-01-29 13:22:38,318 INFO c.h.h.t.HelmChartContainer - Received Pulled event for container hivemq-platform-operator in pod hivemq-test-hivemq-platform-operator-67f7c95fb6-twmnh [de53df0c-8b5f-48b7-8c3c-6e90635437d9]
2025-01-29 13:22:39,605 INFO c.h.h.t.HelmChartContainer - [EVENT] Normal [Created] Created container: hivemq-platform-operator [helmcustomconfigit-operator:hivemq-test-hivemq-platform-operator-67f7c95fb6-twmnh]
2025-01-29 13:22:39,605 INFO c.h.h.t.HelmChartContainer - Received Created event for container hivemq-platform-operator in pod hivemq-test-hivemq-platform-operator-67f7c95fb6-twmnh [de53df0c-8b5f-48b7-8c3c-6e90635437d9]
2025-01-29 13:22:39,951 INFO c.h.h.t.HelmChartContainer - [K3S] [replica_set.go:679] "Finished syncing" kind="ReplicaSet" key="helmcustomconfigit-operator/hivemq-test-hivemq-platform-operator-67f7c95fb6" duration="44.242µs"
2025-01-29 13:22:39,952 INFO c.h.h.t.HelmChartContainer - [POD] hivemq-test-hivemq-platform-operator-67f7c95fb6-twmnh [de53df0c-8b5f-48b7-8c3c-6e90635437d9] in helmcustomconfigit-operator was MODIFIED
2025-01-29 13:22:39,961 INFO c.h.h.t.HelmChartContainer - [EVENT] Normal [Started] Started container hivemq-platform-operator [helmcustomconfigit-operator:hivemq-test-hivemq-platform-operator-67f7c95fb6-twmnh]
2025-01-29 13:22:39,962 INFO c.h.h.t.HelmChartContainer - Received Started event for container hivemq-platform-operator in pod hivemq-test-hivemq-platform-operator-67f7c95fb6-twmnh [de53df0c-8b5f-48b7-8c3c-6e90635437d9]
2025-01-29 13:22:39,962 INFO c.h.h.t.HelmChartContainer - Started log watcher for hivemq-platform-operator in pod hivemq-test-hivemq-platform-operator-67f7c95fb6-twmnh [de53df0c-8b5f-48b7-8c3c-6e90635437d9]
2025-01-29 13:22:39,962 INFO c.h.h.t.HelmChartContainer - [hivemq-test-hivemq-platform] [hivemq-platform-operator] [de53df0c] -------------------------------------------------------------------------
2025-01-29 13:22:39,962 INFO c.h.h.t.HelmChartContainer - [hivemq-test-hivemq-platform] [hivemq-platform-operator] [de53df0c] 
2025-01-29 13:22:39,962 INFO c.h.h.t.HelmChartContainer - [hivemq-test-hivemq-platform] [hivemq-platform-operator] [de53df0c]                   _    _  _              __  __   ____
2025-01-29 13:22:39,962 INFO c.h.h.t.HelmChartContainer - [hivemq-test-hivemq-platform] [hivemq-platform-operator] [de53df0c]                  | |  | |(_)            |  \/  | / __ \
2025-01-29 13:22:39,962 INFO c.h.h.t.HelmChartContainer - [hivemq-test-hivemq-platform] [hivemq-platform-operator] [de53df0c]                  | |__| | _ __   __ ___ | \  / || |  | |
2025-01-29 13:22:39,962 INFO c.h.h.t.HelmChartContainer - [hivemq-test-hivemq-platform] [hivemq-platform-operator] [de53df0c]                  |  __  || |\ \ / // _ \| |\/| || |  | |
2025-01-29 13:22:39,962 INFO c.h.h.t.HelmChartContainer - [hivemq-test-hivemq-platform] [hivemq-platform-operator] [de53df0c]                  | |  | || | \ V /|  __/| |  | || |__| |
2025-01-29 13:22:39,962 INFO c.h.h.t.HelmChartContainer - [hivemq-test-hivemq-platform] [hivemq-platform-operator] [de53df0c]                  |_|  |_||_|  \_/  \___||_|  |_| \___\_\
2025-01-29 13:22:39,962 INFO c.h.h.t.HelmChartContainer - [hivemq-test-hivemq-platform] [hivemq-platform-operator] [de53df0c] 
2025-01-29 13:22:39,962 INFO c.h.h.t.HelmChartContainer - [hivemq-test-hivemq-platform] [hivemq-platform-operator] [de53df0c] -------------------------------------------------------------------------
2025-01-29 13:22:39,962 INFO c.h.h.t.HelmChartContainer - [hivemq-test-hivemq-platform] [hivemq-platform-operator] [de53df0c] 
2025-01-29 13:22:39,962 INFO c.h.h.t.HelmChartContainer - [hivemq-test-hivemq-platform] [hivemq-platform-operator] [de53df0c]   HiveMQ Platform Operator Start Script v1.0
2025-01-29 13:22:39,962 INFO c.h.h.t.HelmChartContainer - [hivemq-test-hivemq-platform] [hivemq-platform-operator] [de53df0c] 
2025-01-29 13:22:39,962 INFO c.h.h.t.HelmChartContainer - [hivemq-test-hivemq-platform] [hivemq-platform-operator] [de53df0c] -------------------------------------------------------------------------
2025-01-29 13:22:39,962 INFO c.h.h.t.HelmChartContainer - [hivemq-test-hivemq-platform] [hivemq-platform-operator] [de53df0c] 
2025-01-29 13:22:39,962 INFO c.h.h.t.HelmChartContainer - [hivemq-test-hivemq-platform] [hivemq-platform-operator] [de53df0c]   JAVA_OPTS: -XX:+UnlockExperimentalVMOptions -XX:InitialRAMPercentage=75 -XX:MaxRAMPercentage=75 -Duser.language=en -Duser.region=US
2025-01-29 13:22:39,962 INFO c.h.h.t.HelmChartContainer - [hivemq-test-hivemq-platform] [hivemq-platform-operator] [de53df0c] 
2025-01-29 13:22:39,962 INFO c.h.h.t.HelmChartContainer - [hivemq-test-hivemq-platform] [hivemq-platform-operator] [de53df0c]   JAVA_VERSION: 21
2025-01-29 13:22:39,963 INFO c.h.h.t.HelmChartContainer - [hivemq-test-hivemq-platform] [hivemq-platform-operator] [de53df0c] 
2025-01-29 13:22:39,963 INFO c.h.h.t.HelmChartContainer - [hivemq-test-hivemq-platform] [hivemq-platform-operator] [de53df0c] -------------------------------------------------------------------------
2025-01-29 13:22:39,963 INFO c.h.h.t.HelmChartContainer - [hivemq-test-hivemq-platform] [hivemq-platform-operator] [de53df0c] 
2025-01-29 13:22:43,036 INFO c.h.h.t.HelmChartContainer - [hivemq-test-hivemq-platform] [hivemq-platform-operator] [de53df0c] 13:22:43.033 [main] DEBUG org.jboss.logging - Logging Provider: org.jboss.logging.Slf4jLoggerProvider
2025-01-29 13:22:43,134 INFO c.h.h.t.HelmChartContainer - [hivemq-test-hivemq-platform] [hivemq-platform-operator] [de53df0c] 13:22:43.133 [main] DEBUG io.smallrye.config - SRCFG01006: Loaded ConfigSource SysPropConfigSource with ordinal 400
2025-01-29 13:22:43,134 INFO c.h.h.t.HelmChartContainer - [hivemq-test-hivemq-platform] [hivemq-platform-operator] [de53df0c] 13:22:43.133 [main] DEBUG io.smallrye.config - SRCFG01006: Loaded ConfigSource EnvConfigSource with ordinal 300
2025-01-29 13:22:43,135 INFO c.h.h.t.HelmChartContainer - [hivemq-test-hivemq-platform] [hivemq-platform-operator] [de53df0c] 13:22:43.133 [main] DEBUG io.smallrye.config - SRCFG01006: Loaded ConfigSource PropertiesConfigSource[source=jar:file:///opt/hivemq-platform-operator/bin/hivemq-platform-operator.jar!/hivemq-platform-operator.properties] with ordinal 100
2025-01-29 13:22:43,135 INFO c.h.h.t.HelmChartContainer - [hivemq-test-hivemq-platform] [hivemq-platform-operator] [de53df0c] 13:22:43.134 [main] DEBUG io.smallrye.config - SRCFG01006: Loaded ConfigSource DefaultValuesConfigSource with ordinal -2147483648
2025-01-29 13:22:43,248 INFO c.h.h.t.HelmChartContainer - [hivemq-test-hivemq-platform] [hivemq-platform-operator] [de53df0c] 13:22:43.247 [main] DEBUG i.m.c.u.i.l.InternalLoggerFactory - Using SLF4J as the default logging framework
2025-01-29 13:22:43,432 INFO c.h.h.t.HelmChartContainer - [hivemq-test-hivemq-platform] [hivemq-platform-operator] [de53df0c] 13:22:43.423 [main] INFO  c.h.p.o.HiveMQPlatformOperatorApplication - HiveMQ Platform Operator 1.7.0-SNAPSHOT (commit: bebf408 on branch: HEAD) built on Sun Jan 26 20:47:47 UTC 2025
2025-01-29 13:22:43,434 INFO c.h.h.t.HelmChartContainer - [hivemq-test-hivemq-platform] [hivemq-platform-operator] [de53df0c] 13:22:43.432 [main] INFO  c.h.p.o.HiveMQPlatformOperatorApplication - HiveMQ Platform Operator is running in namespace: helmcustomconfigit-operator
2025-01-29 13:22:43,434 INFO c.h.h.t.HelmChartContainer - [hivemq-test-hivemq-platform] [hivemq-platform-operator] [de53df0c] 13:22:43.432 [main] INFO  c.h.p.o.HiveMQPlatformOperatorApplication - Watching namespaces: helmcustomconfigit
2025-01-29 13:22:43,434 INFO c.h.h.t.HelmChartContainer - [hivemq-test-hivemq-platform] [hivemq-platform-operator] [de53df0c] 13:22:43.432 [main] INFO  c.h.p.o.HiveMQPlatformOperatorApplication - Log level: DEBUG
2025-01-29 13:22:43,434 INFO c.h.h.t.HelmChartContainer - [hivemq-test-hivemq-platform] [hivemq-platform-operator] [de53df0c] 13:22:43.432 [main] INFO  c.h.p.o.HiveMQPlatformOperatorApplication - Release name: test-hivemq-platform-operator
2025-01-29 13:22:43,434 INFO c.h.h.t.HelmChartContainer - [hivemq-test-hivemq-platform] [hivemq-platform-operator] [de53df0c] 13:22:43.432 [main] INFO  c.h.p.o.HiveMQPlatformOperatorApplication - HiveMQ Platform Operator Init image: docker.io/hivemq/hivemq-platform-operator-init-test:snapshot
2025-01-29 13:22:43,434 INFO c.h.h.t.HelmChartContainer - [hivemq-test-hivemq-platform] [hivemq-platform-operator] [de53df0c] 13:22:43.432 [main] INFO  c.h.p.o.HiveMQPlatformOperatorApplication - HiveMQ Platform Operator Init App update URL: http://hivemq-platform-operator-test-hivemq-platform-operator.helmcustomconfigit-operator.svc:8080/initAppUpdate/hivemq-platform-operator-init-app-1.7.0-SNAPSHOT.jar
2025-01-29 13:22:43,434 INFO c.h.h.t.HelmChartContainer - [hivemq-test-hivemq-platform] [hivemq-platform-operator] [de53df0c] 13:22:43.432 [main] INFO  c.h.p.o.HiveMQPlatformOperatorApplication - Additional imagePullSecret for all Platform deployments: none
2025-01-29 13:22:43,434 INFO c.h.h.t.HelmChartContainer - [hivemq-test-hivemq-platform] [hivemq-platform-operator] [de53df0c] 13:22:43.432 [main] INFO  c.h.p.o.HiveMQPlatformOperatorApplication - Apply HiveMQ Platform CRD: true
2025-01-29 13:22:43,435 INFO c.h.h.t.HelmChartContainer - [hivemq-test-hivemq-platform] [hivemq-platform-operator] [de53df0c] 13:22:43.432 [main] INFO  c.h.p.o.HiveMQPlatformOperatorApplication - Create Platform ServiceAccount: true
2025-01-29 13:22:43,435 INFO c.h.h.t.HelmChartContainer - [hivemq-test-hivemq-platform] [hivemq-platform-operator] [de53df0c] 13:22:43.432 [main] INFO  c.h.p.o.HiveMQPlatformOperatorApplication - Create Platform ServiceAccount permissions: true
2025-01-29 13:22:43,435 INFO c.h.h.t.HelmChartContainer - [hivemq-test-hivemq-platform] [hivemq-platform-operator] [de53df0c] 13:22:43.432 [main] INFO  c.h.p.o.HiveMQPlatformOperatorApplication - Validate Platform ServiceAccount: true
2025-01-29 13:22:43,435 INFO c.h.h.t.HelmChartContainer - [hivemq-test-hivemq-platform] [hivemq-platform-operator] [de53df0c] 13:22:43.432 [main] INFO  c.h.p.o.HiveMQPlatformOperatorApplication - Validate Platform ServiceAccount permissions: true
2025-01-29 13:22:43,632 INFO c.h.h.t.HelmChartContainer - [hivemq-test-hivemq-platform] [hivemq-platform-operator] [de53df0c] 13:22:43.630 [main] INFO  c.h.platform.operator.util.CRDUtil - Verifying deployed HiveMQ Platform CRD...
2025-01-29 13:22:46,330 INFO c.h.h.t.HelmChartContainer - [hivemq-test-hivemq-platform] [hivemq-platform-operator] [de53df0c] 13:22:46.328 [main] DEBUG c.h.platform.operator.util.CRDUtil - HiveMQ Platform CRD version v1 is up to date
2025-01-29 13:22:46,330 INFO c.h.h.t.HelmChartContainer - [hivemq-test-hivemq-platform] [hivemq-platform-operator] [de53df0c] 13:22:46.328 [main] INFO  c.h.platform.operator.util.CRDUtil - HiveMQ Platform CRD is up to date (version: V1_6_0)
2025-01-29 13:22:46,330 INFO c.h.h.t.HelmChartContainer - [hivemq-test-hivemq-platform] [hivemq-platform-operator] [de53df0c] 13:22:46.328 [main] INFO  c.h.platform.operator.util.CRDUtil - Waiting 10000 ms for HiveMQ Platform CRD 'hivemq-platforms.hivemq.com' to become ready...
2025-01-29 13:22:46,627 INFO c.h.h.t.HelmChartContainer - [hivemq-test-hivemq-platform] [hivemq-platform-operator] [de53df0c] 13:22:46.625 [vert.x-eventloop-thread-1] DEBUG c.h.platform.operator.util.CRDUtil - Checking CRD condition 'NamesAccepted' (status: 'True')
2025-01-29 13:22:46,627 INFO c.h.h.t.HelmChartContainer - [hivemq-test-hivemq-platform] [hivemq-platform-operator] [de53df0c] 13:22:46.625 [vert.x-eventloop-thread-1] DEBUG c.h.platform.operator.util.CRDUtil - Checking CRD condition 'Established' (status: 'True')
2025-01-29 13:22:46,627 INFO c.h.h.t.HelmChartContainer - [hivemq-test-hivemq-platform] [hivemq-platform-operator] [de53df0c] 13:22:46.626 [main] INFO  c.h.platform.operator.util.CRDUtil - HiveMQ Platform CRD 'hivemq-platforms.hivemq.com' is ready
2025-01-29 13:22:46,734 INFO c.h.h.t.HelmChartContainer - [hivemq-test-hivemq-platform] [hivemq-platform-operator] [de53df0c] 13:22:46.733 [main] INFO  c.h.p.o.HiveMQPlatformReconciler - HiveMQ Platform Operator is starting...
2025-01-29 13:22:46,828 INFO c.h.h.t.HelmChartContainer - [hivemq-test-hivemq-platform] [hivemq-platform-operator] [de53df0c] 13:22:46.826 [main] WARN  Default ConfigurationService implementation - Configuration for reconciler 'hivemq-controller' was not found. Known reconcilers: None.
2025-01-29 13:22:46,835 INFO c.h.h.t.HelmChartContainer - [hivemq-test-hivemq-platform] [hivemq-platform-operator] [de53df0c] 13:22:46.834 [main] INFO  Default ConfigurationService implementation - Created configuration for reconciler com.hivemq.platform.operator.HiveMQPlatformReconciler with name hivemq-controller
2025-01-29 13:22:46,937 INFO c.h.h.t.HelmChartContainer - [hivemq-test-hivemq-platform] [hivemq-platform-operator] [de53df0c] 13:22:46.936 [main] DEBUG c.h.p.o.HiveMQPlatformReconciler - HiveMQ Platform Operator is preparing EventSources
2025-01-29 13:22:47,029 INFO c.h.h.t.HelmChartContainer - [hivemq-test-hivemq-platform] [hivemq-platform-operator] [de53df0c] 13:22:47.028 [main] INFO  i.javaoperatorsdk.operator.Operator - Registered reconciler: 'hivemq-controller' for resource: 'class com.hivemq.platform.operator.v1.HiveMQPlatform' for namespace(s): [helmcustomconfigit]
2025-01-29 13:22:47,029 INFO c.h.h.testcontainer.LogWaiterUtil - TEST Found log pattern on 'hivemq-test-hivemq-platform-operator-67f7c95fb6-twmnh': .*Registered reconciler: 'hivemq-controller' for resource: 'class com.hivemq.platform.operator.v1.HiveMQPlatform' for namespace\(s\): \[helmcustomconfigit\]
2025-01-29 13:22:47,624 INFO c.h.h.t.HelmChartContainer - [hivemq-test-hivemq-platform] [hivemq-platform-operator] [de53df0c] 13:22:47.622 [main] INFO  c.h.p.operator.webserver.JettyServer - Starting Jetty server on port 8080
2025-01-29 13:22:47,722 INFO c.h.h.t.HelmChartContainer - [hivemq-test-hivemq-platform] [hivemq-platform-operator] [de53df0c] 13:22:47.721 [main] INFO  i.javaoperatorsdk.operator.Operator - Operator SDK 4.9.7 (commit: 2133d28) built on Wed Nov 20 12:56:20 UTC 2024 starting...
2025-01-29 13:22:47,723 INFO c.h.h.t.HelmChartContainer - [hivemq-test-hivemq-platform] [hivemq-platform-operator] [de53df0c] 13:22:47.721 [main] INFO  i.javaoperatorsdk.operator.Operator - Client version: 6.13.4
2025-01-29 13:22:47,724 INFO c.h.h.t.HelmChartContainer - [hivemq-test-hivemq-platform] [hivemq-platform-operator] [de53df0c] 13:22:47.723 [Controller Starter for: hivemq-controller] INFO  i.j.operator.processing.Controller - Starting 'hivemq-controller' controller for reconciler: com.hivemq.platform.operator.HiveMQPlatformReconciler, resource: com.hivemq.platform.operator.v1.HiveMQPlatform
2025-01-29 13:22:50,134 INFO c.h.h.t.HelmChartContainer - [hivemq-test-hivemq-platform] [hivemq-platform-operator] [de53df0c] 13:22:50.133 [Controller Starter for: hivemq-controller] INFO  i.j.operator.processing.Controller - 'hivemq-controller' controller started
2025-01-29 13:22:50,135 INFO c.h.h.t.HelmChartContainer - [hivemq-test-hivemq-platform] [hivemq-platform-operator] [de53df0c] 13:22:50.133 [main] INFO  c.h.p.o.HiveMQPlatformOperatorApplication - HiveMQ Platform Operator 1.7.0-SNAPSHOT started in 6709 ms
2025-01-29 13:22:50,956 INFO c.h.h.t.HelmChartContainer - [POD] hivemq-test-hivemq-platform-operator-67f7c95fb6-twmnh [de53df0c-8b5f-48b7-8c3c-6e90635437d9] in helmcustomconfigit-operator was MODIFIED
2025-01-29 13:22:50,964 INFO c.h.h.t.HelmChartContainer - [K3S] [replica_set.go:679] "Finished syncing" kind="ReplicaSet" key="helmcustomconfigit-operator/hivemq-test-hivemq-platform-operator-67f7c95fb6" duration="8.254894ms"
2025-01-29 13:22:50,964 INFO c.h.h.t.HelmChartContainer - [K3S] [replica_set.go:679] "Finished syncing" kind="ReplicaSet" key="helmcustomconfigit-operator/hivemq-test-hivemq-platform-operator-67f7c95fb6" duration="49.453µs"
2025-01-29 13:22:51,930 INFO com.hivemq.helmcharts.util.K8sUtil - Pod 'hivemq-test-hivemq-platform-operator-67f7c95fb6-twmnh' is ready
2025-01-29 13:22:53,996 DEBUG c.h.h.t.HelmChartContainer - Executing helm command: /bin/helm --kubeconfig /etc/rancher/k3s/k3s.yaml install test-hivemq-platform /charts/hivemq-platform --wait --timeout 5m0s --set image.repository=docker.io/hivemq --set image.tag=4.36.0 --set image.pullPolicy=Never --set nodes.resources.cpu=512m -f /files/custom-platform-env-vars-values.yaml --namespace helmcustomconfigit
2025-01-29 13:22:55,427 INFO c.h.h.t.HelmChartContainer - [hivemq-test-hivemq-platform] [hivemq-platform-operator] [de53df0c] 13:22:55.426 [pool-6-thread-3] DEBUG c.h.p.o.dependants.PodInfoConfigMap - [helmcust] Desired PodInfo ConfigMap (1 extensions) (1 enabled)
2025-01-29 13:22:55,429 INFO c.h.h.t.HelmChartContainer - [hivemq-test-hivemq-platform] [hivemq-platform-operator] [de53df0c] 13:22:55.427 [pool-6-thread-3] DEBUG c.h.p.o.dependants.PodInfoConfigMap - [helmcust] Desired PodInfo ConfigMap (metrics port: 9399) (metrics path: /)
2025-01-29 13:22:55,429 INFO c.h.h.t.HelmChartContainer - [hivemq-test-hivemq-platform] [hivemq-platform-operator] [de53df0c] 13:22:55.428 [pool-6-thread-3] DEBUG c.h.p.o.dependants.PodInfoConfigMap - [helmcust] Desired PodInfo ConfigMap (extension state hash: -1817474005)
2025-01-29 13:22:55,431 INFO c.h.h.t.HelmChartContainer - [hivemq-test-hivemq-platform] [hivemq-platform-operator] [de53df0c] 13:22:55.430 [pool-6-thread-3] DEBUG c.h.p.o.dependants.PodInfoConfigMap - [helmcust] Create PodInfo ConfigMap
2025-01-29 13:22:55,534 INFO c.h.h.t.HelmChartContainer - [hivemq-test-hivemq-platform] [hivemq-platform-operator] [de53df0c] 13:22:55.532 [pool-6-thread-5] DEBUG c.h.p.o.dependants.PodRoleResource - [helmcust] Create Role: Role(apiVersion=rbac.authorization.k8s.io/v1, kind=Role, metadata=ObjectMeta(annotations={meta.helm.sh/release-name=test-hivemq-platform, meta.helm.sh/release-namespace=helmcustomconfigit}, creationTimestamp=null, deletionGracePeriodSeconds=null, deletionTimestamp=null, finalizers=[], generateName=null, generation=null, labels={helm.sh/chart=hivemq-platform-0.2.32, app.kubernetes.io/managed-by=Helm, app.kubernetes.io/name=hivemq-platform, hivemq-platform=test-hivemq-platform, app.kubernetes.io/instance=test-hivemq-platform, app.kubernetes.io/version=4.36.0}, managedFields=[], name=hivemq-platform-role-test-hivemq-platform, namespace=helmcustomconfigit, ownerReferences=[OwnerReference(apiVersion=hivemq.com/v1, blockOwnerDeletion=null, controller=null, kind=HiveMQPlatform, name=test-hivemq-platform, uid=f4cce73f-4879-4c1f-b65f-2bc2cd5bea04, additionalProperties={})], resourceVersion=null, selfLink=null, uid=null, additionalProperties={}), rules=[PolicyRule(apiGroups=[], nonResourceURLs=[], resourceNames=[], resources=[pods], verbs=[get, patch, update], additionalProperties={})], additionalProperties={})
2025-01-29 13:22:55,724 INFO c.h.h.t.HelmChartContainer - [hivemq-test-hivemq-platform] [hivemq-platform-operator] [de53df0c] 13:22:55.722 [pool-6-thread-7] DEBUG c.h.p.o.d.PodServiceAccountResource - [helmcust] Desired PodServiceAccountResource (serviceAccountName: hivemq-platform-pod-test-hivemq-platform)
2025-01-29 13:22:55,724 INFO c.h.h.t.HelmChartContainer - [hivemq-test-hivemq-platform] [hivemq-platform-operator] [de53df0c] 13:22:55.722 [pool-6-thread-7] DEBUG c.h.p.o.d.PodServiceAccountResource - [helmcust] Create ServiceAccount 'hivemq-platform-pod-test-hivemq-platform'
2025-01-29 13:22:55,831 INFO c.h.h.t.HelmChartContainer - [hivemq-test-hivemq-platform] [hivemq-platform-operator] [de53df0c] 13:22:55.830 [pool-6-thread-10] DEBUG c.h.p.o.d.PodRoleBindingResource - [helmcust] Create RoleBinding: RoleBinding(apiVersion=rbac.authorization.k8s.io/v1, kind=RoleBinding, metadata=ObjectMeta(annotations={meta.helm.sh/release-name=test-hivemq-platform, meta.helm.sh/release-namespace=helmcustomconfigit}, creationTimestamp=null, deletionGracePeriodSeconds=null, deletionTimestamp=null, finalizers=[], generateName=null, generation=null, labels={helm.sh/chart=hivemq-platform-0.2.32, app.kubernetes.io/managed-by=Helm, app.kubernetes.io/name=hivemq-platform, hivemq-platform=test-hivemq-platform, app.kubernetes.io/instance=test-hivemq-platform, app.kubernetes.io/version=4.36.0}, managedFields=[], name=hivemq-platform-role-binding-test-hivemq-platform, namespace=helmcustomconfigit, ownerReferences=[OwnerReference(apiVersion=hivemq.com/v1, blockOwnerDeletion=null, controller=null, kind=HiveMQPlatform, name=test-hivemq-platform, uid=f4cce73f-4879-4c1f-b65f-2bc2cd5bea04, additionalProperties={})], resourceVersion=null, selfLink=null, uid=null, additionalProperties={}), roleRef=RoleRef(apiGroup=rbac.authorization.k8s.io, kind=Role, name=hivemq-platform-role-test-hivemq-platform, additionalProperties={}), subjects=[Subject(apiGroup=null, kind=ServiceAccount, name=hivemq-platform-pod-test-hivemq-platform, namespace=helmcustomconfigit, additionalProperties={})], additionalProperties={})
2025-01-29 13:22:55,925 INFO c.h.h.t.HelmChartContainer - [hivemq-test-hivemq-platform] [hivemq-platform-operator] [de53df0c] 13:22:55.923 [ReconcilerExecutor-hivemq-controller-51] INFO  c.h.p.o.HiveMQPlatformReconciler - [helmcust] Reconciling HiveMQ Platform 'test-hivemq-platform' in namespace 'helmcustomconfigit'
2025-01-29 13:22:55,925 INFO c.h.h.t.HelmChartContainer - [hivemq-test-hivemq-platform] [hivemq-platform-operator] [de53df0c] 13:22:55.924 [ReconcilerExecutor-hivemq-controller-51] DEBUG c.h.p.o.HiveMQPlatformReconciler - [helmcust] Custom Resource Status CREATED - HiveMQ Platform was created (READY)
2025-01-29 13:22:55,925 INFO c.h.h.t.HelmChartContainer - [hivemq-test-hivemq-platform] [hivemq-platform-operator] [de53df0c] 13:22:55.924 [ReconcilerExecutor-hivemq-controller-51] DEBUG c.h.p.o.HiveMQPlatformReconciler - [helmcust] Custom Resource Spec (replicas: 2) (extensions: 1)
2025-01-29 13:22:55,929 INFO c.h.h.t.HelmChartContainer - [hivemq-test-hivemq-platform] [hivemq-platform-operator] [de53df0c] 13:22:55.928 [ReconcilerExecutor-hivemq-controller-51] INFO  c.h.p.o.h.HiveMQPlatformReconcilerBaseHandler - [helmcust] HiveMQ Platform is starting
2025-01-29 13:22:56,035 INFO c.h.h.t.HelmChartContainer - [hivemq-test-hivemq-platform] [hivemq-platform-operator] [de53df0c] 13:22:56.034 [ReconcilerExecutor-hivemq-controller-51] DEBUG c.h.p.operator.event.EventSender - [helmcust] Creating K8s event hivemq-platform-starting: [Start] HiveMQ Platform is starting
2025-01-29 13:22:56,126 INFO c.h.h.t.HelmChartContainer - [EVENT] Normal [Start] HiveMQ Platform is starting [helmcustomconfigit:test-hivemq-platform]
2025-01-29 13:22:56,130 INFO c.h.h.t.HelmChartContainer - [hivemq-test-hivemq-platform] [hivemq-platform-operator] [de53df0c] 13:22:56.129 [ReconcilerExecutor-hivemq-controller-51] INFO  c.h.p.o.h.AbstractHiveMQReconcilerStateHandler - [helmcust] Update HiveMQ Platform Status (CREATED [READY] -> STARTING [READY]): HiveMQ Platform is starting
2025-01-29 13:22:56,142 DEBUG com.hivemq.helmcharts.util.K8sUtil - Comparing actual state 'STARTING' and waiting for 'RUNNING'
2025-01-29 13:23:06,227 INFO c.h.h.t.HelmChartContainer - [hivemq-test-hivemq-platform] [hivemq-platform-operator] [de53df0c] 13:23:06.226 [Timer-0] WARN  i.m.p.PrometheusMeterRegistry - The meter (MeterId{name='operator.sdk.events.received', tags=[tag(event=Event),tag(group=hivemq.com),tag(kind=HiveMQPlatform),tag(name=test-hivemq-platform),tag(namespace=helmcustomconfigit),tag(scope=namespace),tag(version=v1)]}) registration has failed: Prometheus requires that all meters with the same name have the same set of tag keys. There is already an existing meter named 'operator.sdk.events.received' containing tag keys [action, event, group, kind, name, namespace, scope, version]. The meter you are attempting to register has keys [event, group, kind, name, namespace, scope, version]. Note that subsequent logs will be logged at debug level.
2025-01-29 13:23:06,234 INFO c.h.h.t.HelmChartContainer - [hivemq-test-hivemq-platform] [hivemq-platform-operator] [de53df0c] 13:23:06.232 [pool-6-thread-12] DEBUG c.h.p.o.d.PlatformServiceResource - [helmcust] Desired Platform services (3 services)
2025-01-29 13:23:06,239 INFO c.h.h.t.HelmChartContainer - [hivemq-test-hivemq-platform] [hivemq-platform-operator] [de53df0c] 13:23:06.236 [pool-6-thread-13] DEBUG c.h.p.o.dependants.PodInfoConfigMap - [helmcust] Desired PodInfo ConfigMap (1 extensions) (1 enabled)
2025-01-29 13:23:06,240 INFO c.h.h.t.HelmChartContainer - [hivemq-test-hivemq-platform] [hivemq-platform-operator] [de53df0c] 13:23:06.236 [pool-6-thread-13] DEBUG c.h.p.o.dependants.PodInfoConfigMap - [helmcust] Desired PodInfo ConfigMap (metrics port: 9399) (metrics path: /)
2025-01-29 13:23:06,240 INFO c.h.h.t.HelmChartContainer - [hivemq-test-hivemq-platform] [hivemq-platform-operator] [de53df0c] 13:23:06.236 [pool-6-thread-13] DEBUG c.h.p.o.dependants.PodInfoConfigMap - [helmcust] Desired PodInfo ConfigMap (extension state hash: -1817474005)
2025-01-29 13:23:06,325 INFO c.h.h.t.HelmChartContainer - [hivemq-test-hivemq-platform] [hivemq-platform-operator] [de53df0c] 13:23:06.322 [pool-6-thread-17] DEBUG c.h.p.o.d.PodServiceAccountResource - [helmcust] Desired PodServiceAccountResource (serviceAccountName: hivemq-platform-pod-test-hivemq-platform)
2025-01-29 13:23:06,325 INFO c.h.h.t.HelmChartContainer - [hivemq-test-hivemq-platform] [hivemq-platform-operator] [de53df0c] 13:23:06.323 [pool-6-thread-13] DEBUG c.h.p.o.dependants.PodInfoConfigMap - [helmcust] Update PodInfo ConfigMap
2025-01-29 13:23:06,334 INFO c.h.h.t.HelmChartContainer - [K3S] [alloc.go:330] "allocated clusterIPs" service="helmcustomconfigit/hivemq-test-hivemq-platform-cc-8080" clusterIPs={"IPv4":"10.43.145.116"}
2025-01-29 13:23:06,434 INFO c.h.h.t.HelmChartContainer - [K3S] [alloc.go:330] "allocated clusterIPs" service="helmcustomconfigit/hivemq-test-hivemq-platform-metrics-9399" clusterIPs={"IPv4":"10.43.152.11"}
2025-01-29 13:23:06,527 INFO c.h.h.t.HelmChartContainer - [K3S] [alloc.go:330] "allocated clusterIPs" service="helmcustomconfigit/hivemq-test-hivemq-platform-mqtt-1883" clusterIPs={"IPv4":"10.43.165.164"}
2025-01-29 13:23:06,534 INFO c.h.h.t.HelmChartContainer - [hivemq-test-hivemq-platform] [hivemq-platform-operator] [de53df0c] 13:23:06.533 [pool-6-thread-20] DEBUG c.h.p.o.d.StatefulSetResource - [helmcust] Desired StatefulSet (2 replicas) for status STARTING (READY)
2025-01-29 13:23:06,626 INFO c.h.h.t.HelmChartContainer - [hivemq-test-hivemq-platform] [hivemq-platform-operator] [de53df0c] 13:23:06.625 [pool-6-thread-20] DEBUG c.h.p.o.d.StatefulSetResource - [helmcust] Create StatefulSet
2025-01-29 13:23:06,653 INFO c.h.h.t.HelmChartContainer - [POD] test-hivemq-platform-0 [940a05ad-514c-4325-89bf-251471fc92a7] in helmcustomconfigit was ADDED
2025-01-29 13:23:06,654 INFO c.h.h.t.HelmChartContainer - [EVENT] Normal [SuccessfulCreate] create Pod test-hivemq-platform-0 in StatefulSet test-hivemq-platform successful [helmcustomconfigit:test-hivemq-platform]
2025-01-29 13:23:06,660 INFO c.h.h.t.HelmChartContainer - [POD] test-hivemq-platform-0 [940a05ad-514c-4325-89bf-251471fc92a7] in helmcustomconfigit was MODIFIED
2025-01-29 13:23:06,662 INFO c.h.h.t.HelmChartContainer - [EVENT] Normal [Scheduled] Successfully assigned helmcustomconfigit/test-hivemq-platform-0 to 8f07877cb075 [helmcustomconfigit:test-hivemq-platform-0]
2025-01-29 13:23:06,670 INFO c.h.h.t.HelmChartContainer - [POD] test-hivemq-platform-0 [940a05ad-514c-4325-89bf-251471fc92a7] in helmcustomconfigit was MODIFIED
2025-01-29 13:23:06,765 INFO c.h.h.t.HelmChartContainer - [K3S] [reconciler_common.go:251] "operationExecutor.VerifyControllerAttachedVolume started for volume \"pod-info\" (UniqueName: \"kubernetes.io/configmap/940a05ad-514c-4325-89bf-251471fc92a7-pod-info\") pod \"test-hivemq-platform-0\" (UID: \"940a05ad-514c-4325-89bf-251471fc92a7\") " pod="helmcustomconfigit/test-hivemq-platform-0"
2025-01-29 13:23:06,766 INFO c.h.h.t.HelmChartContainer - [K3S] [reconciler_common.go:251] "operationExecutor.VerifyControllerAttachedVolume started for volume \"broker-configuration\" (UniqueName: \"kubernetes.io/configmap/940a05ad-514c-4325-89bf-251471fc92a7-broker-configuration\") pod \"test-hivemq-platform-0\" (UID: \"940a05ad-514c-4325-89bf-251471fc92a7\") " pod="helmcustomconfigit/test-hivemq-platform-0"
2025-01-29 13:23:06,766 INFO c.h.h.t.HelmChartContainer - [K3S] [reconciler_common.go:251] "operationExecutor.VerifyControllerAttachedVolume started for volume \"kube-api-access-kt79z\" (UniqueName: \"kubernetes.io/projected/940a05ad-514c-4325-89bf-251471fc92a7-kube-api-access-kt79z\") pod \"test-hivemq-platform-0\" (UID: \"940a05ad-514c-4325-89bf-251471fc92a7\") " pod="helmcustomconfigit/test-hivemq-platform-0"
2025-01-29 13:23:06,766 INFO c.h.h.t.HelmChartContainer - [K3S] [reconciler_common.go:251] "operationExecutor.VerifyControllerAttachedVolume started for volume \"operator-init\" (UniqueName: \"kubernetes.io/empty-dir/940a05ad-514c-4325-89bf-251471fc92a7-operator-init\") pod \"test-hivemq-platform-0\" (UID: \"940a05ad-514c-4325-89bf-251471fc92a7\") " pod="helmcustomconfigit/test-hivemq-platform-0"
2025-01-29 13:23:06,826 INFO c.h.h.t.HelmChartContainer - [hivemq-test-hivemq-platform] [hivemq-platform-operator] [de53df0c] 13:23:06.822 [ReconcilerExecutor-hivemq-controller-63] INFO  c.h.p.o.HiveMQPlatformReconciler - [helmcust] Reconciling HiveMQ Platform 'test-hivemq-platform' in namespace 'helmcustomconfigit'
2025-01-29 13:23:06,826 INFO c.h.h.t.HelmChartContainer - [hivemq-test-hivemq-platform] [hivemq-platform-operator] [de53df0c] 13:23:06.823 [ReconcilerExecutor-hivemq-controller-63] DEBUG c.h.p.o.HiveMQPlatformReconciler - [helmcust] Custom Resource Status STARTING - HiveMQ Platform is starting (READY)
2025-01-29 13:23:06,826 INFO c.h.h.t.HelmChartContainer - [hivemq-test-hivemq-platform] [hivemq-platform-operator] [de53df0c] 13:23:06.823 [ReconcilerExecutor-hivemq-controller-63] DEBUG c.h.p.o.HiveMQPlatformReconciler - [helmcust] Custom Resource Spec (replicas: 2) (extensions: 1)
2025-01-29 13:23:06,828 INFO c.h.h.t.HelmChartContainer - [hivemq-test-hivemq-platform] [hivemq-platform-operator] [de53df0c] 13:23:06.826 [ReconcilerExecutor-hivemq-controller-63] DEBUG c.h.p.o.HiveMQPlatformReconciler - [helmcust] StatefulSet Status (revision: test-hivemq-platform-6b448bcf6f, replicas: 1, available: 0, ready: 0, current: 1, updated: 1)
2025-01-29 13:23:06,829 INFO c.h.h.t.HelmChartContainer - [hivemq-test-hivemq-platform] [hivemq-platform-operator] [de53df0c] 13:23:06.828 [ReconcilerExecutor-hivemq-controller-63] DEBUG c.h.p.o.HiveMQPlatformReconciler - [helmcust] StatefulSet Spec (replicas: 2, init containers: 1, containers: 1, volumes: 3)
2025-01-29 13:23:06,931 INFO c.h.h.t.HelmChartContainer - [hivemq-test-hivemq-platform] [hivemq-platform-operator] [de53df0c] 13:23:06.929 [ReconcilerExecutor-hivemq-controller-63] DEBUG c.h.p.o.h.HiveMQPlatformReconcilerErrorHandler - [helmcust] Pod 'test-hivemq-platform-0' phase Pending
2025-01-29 13:23:06,932 INFO c.h.h.t.HelmChartContainer - [hivemq-test-hivemq-platform] [hivemq-platform-operator] [de53df0c] 13:23:06.929 [ReconcilerExecutor-hivemq-controller-63] DEBUG c.h.p.o.h.HiveMQPlatformReconcilerErrorHandler - [helmcust] Pod 'test-hivemq-platform-0' condition 'PodReadyToStartContainers': False
2025-01-29 13:23:06,933 INFO c.h.h.t.HelmChartContainer - [hivemq-test-hivemq-platform] [hivemq-platform-operator] [de53df0c] 13:23:06.930 [ReconcilerExecutor-hivemq-controller-63] DEBUG c.h.p.o.h.HiveMQPlatformReconcilerErrorHandler - [helmcust] Pod 'test-hivemq-platform-0' condition 'Initialized': False
2025-01-29 13:23:06,933 INFO c.h.h.t.HelmChartContainer - [hivemq-test-hivemq-platform] [hivemq-platform-operator] [de53df0c] 13:23:06.930 [ReconcilerExecutor-hivemq-controller-63] DEBUG c.h.p.o.h.HiveMQPlatformReconcilerErrorHandler - [helmcust] Pod 'test-hivemq-platform-0' condition 'Ready': False
2025-01-29 13:23:06,933 INFO c.h.h.t.HelmChartContainer - [hivemq-test-hivemq-platform] [hivemq-platform-operator] [de53df0c] 13:23:06.930 [ReconcilerExecutor-hivemq-controller-63] DEBUG c.h.p.o.h.HiveMQPlatformReconcilerErrorHandler - [helmcust] Pod 'test-hivemq-platform-0' condition 'ContainersReady': False
2025-01-29 13:23:06,933 INFO c.h.h.t.HelmChartContainer - [hivemq-test-hivemq-platform] [hivemq-platform-operator] [de53df0c] 13:23:06.930 [ReconcilerExecutor-hivemq-controller-63] DEBUG c.h.p.o.h.HiveMQPlatformReconcilerErrorHandler - [helmcust] Pod 'test-hivemq-platform-0' condition 'PodScheduled': True
2025-01-29 13:23:06,933 INFO c.h.h.t.HelmChartContainer - [hivemq-test-hivemq-platform] [hivemq-platform-operator] [de53df0c] 13:23:06.930 [ReconcilerExecutor-hivemq-controller-63] DEBUG c.h.p.o.h.HiveMQPlatformReconcilerErrorHandler - [helmcust] Pod 'test-hivemq-platform-0' containerStatus 'hivemq' (started: false) (ready: false) (waiting: [PodInitializing] null)
2025-01-29 13:23:06,934 INFO c.h.h.t.HelmChartContainer - [hivemq-test-hivemq-platform] [hivemq-platform-operator] [de53df0c] 13:23:06.933 [ReconcilerExecutor-hivemq-controller-63] INFO  c.h.p.o.h.HiveMQPlatformReconcilerBaseHandler - [helmcust] HiveMQ Platform is starting, 0 of 2 replicas are ready
2025-01-29 13:23:07,024 INFO c.h.h.t.HelmChartContainer - [hivemq-test-hivemq-platform] [hivemq-platform-operator] [de53df0c] 13:23:07.021 [pool-6-thread-22] DEBUG c.h.p.o.d.PlatformServiceResource - [helmcust] Desired Platform services (3 services)
2025-01-29 13:23:07,026 INFO c.h.h.t.HelmChartContainer - [hivemq-test-hivemq-platform] [hivemq-platform-operator] [de53df0c] 13:23:07.024 [pool-6-thread-23] DEBUG c.h.p.o.dependants.PodInfoConfigMap - [helmcust] Desired PodInfo ConfigMap (1 extensions) (1 enabled)
2025-01-29 13:23:07,026 INFO c.h.h.t.HelmChartContainer - [hivemq-test-hivemq-platform] [hivemq-platform-operator] [de53df0c] 13:23:07.024 [pool-6-thread-23] DEBUG c.h.p.o.dependants.PodInfoConfigMap - [helmcust] Desired PodInfo ConfigMap (metrics port: 9399) (metrics path: /)
2025-01-29 13:23:07,026 INFO c.h.h.t.HelmChartContainer - [hivemq-test-hivemq-platform] [hivemq-platform-operator] [de53df0c] 13:23:07.024 [pool-6-thread-23] DEBUG c.h.p.o.dependants.PodInfoConfigMap - [helmcust] Desired PodInfo ConfigMap (extension state hash: -1817474005)
2025-01-29 13:23:07,028 INFO c.h.h.t.HelmChartContainer - [hivemq-test-hivemq-platform] [hivemq-platform-operator] [de53df0c] 13:23:07.027 [pool-6-thread-27] DEBUG c.h.p.o.d.PodServiceAccountResource - [helmcust] Desired PodServiceAccountResource (serviceAccountName: hivemq-platform-pod-test-hivemq-platform)
2025-01-29 13:23:07,040 INFO c.h.h.t.HelmChartContainer - [hivemq-test-hivemq-platform] [hivemq-platform-operator] [de53df0c] 13:23:07.037 [pool-6-thread-30] DEBUG c.h.p.o.d.StatefulSetResource - [helmcust] Desired StatefulSet (2 replicas) for status STARTING (READY)
2025-01-29 13:23:07,061 INFO c.h.h.t.HelmChartContainer - [EVENT] Normal [Pulled] Container image "docker.io/hivemq/hivemq-platform-operator-init-test:snapshot" already present on machine [helmcustomconfigit:test-hivemq-platform-0]
2025-01-29 13:23:07,128 INFO c.h.h.t.HelmChartContainer - [hivemq-test-hivemq-platform] [hivemq-platform-operator] [de53df0c] 13:23:07.126 [ReconcilerExecutor-hivemq-controller-78] INFO  c.h.p.o.HiveMQPlatformReconciler - [helmcust] Reconciling HiveMQ Platform 'test-hivemq-platform' in namespace 'helmcustomconfigit'
2025-01-29 13:23:07,128 INFO c.h.h.t.HelmChartContainer - [hivemq-test-hivemq-platform] [hivemq-platform-operator] [de53df0c] 13:23:07.126 [ReconcilerExecutor-hivemq-controller-78] DEBUG c.h.p.o.HiveMQPlatformReconciler - [helmcust] Custom Resource Status STARTING - HiveMQ Platform is starting (READY)
2025-01-29 13:23:07,129 INFO c.h.h.t.HelmChartContainer - [hivemq-test-hivemq-platform] [hivemq-platform-operator] [de53df0c] 13:23:07.126 [ReconcilerExecutor-hivemq-controller-78] DEBUG c.h.p.o.HiveMQPlatformReconciler - [helmcust] Custom Resource Spec (replicas: 2) (extensions: 1)
2025-01-29 13:23:07,134 INFO c.h.h.t.HelmChartContainer - [hivemq-test-hivemq-platform] [hivemq-platform-operator] [de53df0c] 13:23:07.131 [ReconcilerExecutor-hivemq-controller-78] DEBUG c.h.p.o.HiveMQPlatformReconciler - [helmcust] StatefulSet Status (revision: test-hivemq-platform-6b448bcf6f, replicas: 1, available: 0, ready: 0, current: 1, updated: 1)
2025-01-29 13:23:07,134 INFO c.h.h.t.HelmChartContainer - [hivemq-test-hivemq-platform] [hivemq-platform-operator] [de53df0c] 13:23:07.131 [ReconcilerExecutor-hivemq-controller-78] DEBUG c.h.p.o.HiveMQPlatformReconciler - [helmcust] StatefulSet Spec (replicas: 2, init containers: 1, containers: 1, volumes: 3)
2025-01-29 13:23:07,134 INFO c.h.h.t.HelmChartContainer - [hivemq-test-hivemq-platform] [hivemq-platform-operator] [de53df0c] 13:23:07.133 [ReconcilerExecutor-hivemq-controller-78] DEBUG c.h.p.o.h.HiveMQPlatformReconcilerErrorHandler - [helmcust] Pod 'test-hivemq-platform-0' phase Pending
2025-01-29 13:23:07,136 INFO c.h.h.t.HelmChartContainer - [hivemq-test-hivemq-platform] [hivemq-platform-operator] [de53df0c] 13:23:07.134 [ReconcilerExecutor-hivemq-controller-78] DEBUG c.h.p.o.h.HiveMQPlatformReconcilerErrorHandler - [helmcust] Pod 'test-hivemq-platform-0' condition 'PodReadyToStartContainers': False
2025-01-29 13:23:07,136 INFO c.h.h.t.HelmChartContainer - [hivemq-test-hivemq-platform] [hivemq-platform-operator] [de53df0c] 13:23:07.134 [ReconcilerExecutor-hivemq-controller-78] DEBUG c.h.p.o.h.HiveMQPlatformReconcilerErrorHandler - [helmcust] Pod 'test-hivemq-platform-0' condition 'Initialized': False
2025-01-29 13:23:07,136 INFO c.h.h.t.HelmChartContainer - [hivemq-test-hivemq-platform] [hivemq-platform-operator] [de53df0c] 13:23:07.134 [ReconcilerExecutor-hivemq-controller-78] DEBUG c.h.p.o.h.HiveMQPlatformReconcilerErrorHandler - [helmcust] Pod 'test-hivemq-platform-0' condition 'Ready': False
2025-01-29 13:23:07,136 INFO c.h.h.t.HelmChartContainer - [hivemq-test-hivemq-platform] [hivemq-platform-operator] [de53df0c] 13:23:07.134 [ReconcilerExecutor-hivemq-controller-78] DEBUG c.h.p.o.h.HiveMQPlatformReconcilerErrorHandler - [helmcust] Pod 'test-hivemq-platform-0' condition 'ContainersReady': False
2025-01-29 13:23:07,136 INFO c.h.h.t.HelmChartContainer - [hivemq-test-hivemq-platform] [hivemq-platform-operator] [de53df0c] 13:23:07.134 [ReconcilerExecutor-hivemq-controller-78] DEBUG c.h.p.o.h.HiveMQPlatformReconcilerErrorHandler - [helmcust] Pod 'test-hivemq-platform-0' condition 'PodScheduled': True
2025-01-29 13:23:07,136 INFO c.h.h.t.HelmChartContainer - [hivemq-test-hivemq-platform] [hivemq-platform-operator] [de53df0c] 13:23:07.134 [ReconcilerExecutor-hivemq-controller-78] DEBUG c.h.p.o.h.HiveMQPlatformReconcilerErrorHandler - [helmcust] Pod 'test-hivemq-platform-0' containerStatus 'hivemq' (started: false) (ready: false) (waiting: [PodInitializing] null)
2025-01-29 13:23:07,136 INFO c.h.h.t.HelmChartContainer - [hivemq-test-hivemq-platform] [hivemq-platform-operator] [de53df0c] 13:23:07.135 [ReconcilerExecutor-hivemq-controller-78] INFO  c.h.p.o.h.HiveMQPlatformReconcilerBaseHandler - [helmcust] HiveMQ Platform is starting, 0 of 2 replicas are ready
2025-01-29 13:23:07,181 INFO c.h.h.t.HelmChartContainer - [EVENT] Normal [Created] Created container: hivemq-platform-operator-init [helmcustomconfigit:test-hivemq-platform-0]
2025-01-29 13:23:07,218 INFO c.h.h.t.HelmChartContainer - [EVENT] Normal [Started] Started container hivemq-platform-operator-init [helmcustomconfigit:test-hivemq-platform-0]
2025-01-29 13:23:08,021 INFO c.h.h.t.HelmChartContainer - [POD] test-hivemq-platform-0 [940a05ad-514c-4325-89bf-251471fc92a7] in helmcustomconfigit was MODIFIED
2025-01-29 13:23:08,046 INFO c.h.h.t.HelmChartContainer - [hivemq-test-hivemq-platform] [hivemq-platform-operator] [de53df0c] 13:23:08.040 [pool-6-thread-32] DEBUG c.h.p.o.d.PlatformServiceResource - [helmcust] Desired Platform services (3 services)
2025-01-29 13:23:08,051 INFO c.h.h.t.HelmChartContainer - [hivemq-test-hivemq-platform] [hivemq-platform-operator] [de53df0c] 13:23:08.046 [pool-6-thread-33] DEBUG c.h.p.o.dependants.PodInfoConfigMap - [helmcust] Desired PodInfo ConfigMap (1 extensions) (1 enabled)
2025-01-29 13:23:08,051 INFO c.h.h.t.HelmChartContainer - [hivemq-test-hivemq-platform] [hivemq-platform-operator] [de53df0c] 13:23:08.047 [pool-6-thread-33] DEBUG c.h.p.o.dependants.PodInfoConfigMap - [helmcust] Desired PodInfo ConfigMap (metrics port: 9399) (metrics path: /)
2025-01-29 13:23:08,051 INFO c.h.h.t.HelmChartContainer - [hivemq-test-hivemq-platform] [hivemq-platform-operator] [de53df0c] 13:23:08.047 [pool-6-thread-33] DEBUG c.h.p.o.dependants.PodInfoConfigMap - [helmcust] Desired PodInfo ConfigMap (extension state hash: -1817474005)
2025-01-29 13:23:08,054 INFO c.h.h.t.HelmChartContainer - [hivemq-test-hivemq-platform] [hivemq-platform-operator] [de53df0c] 13:23:08.050 [pool-6-thread-37] DEBUG c.h.p.o.d.PodServiceAccountResource - [helmcust] Desired PodServiceAccountResource (serviceAccountName: hivemq-platform-pod-test-hivemq-platform)
2025-01-29 13:23:08,128 INFO c.h.h.t.HelmChartContainer - [hivemq-test-hivemq-platform] [hivemq-platform-operator] [de53df0c] 13:23:08.126 [pool-6-thread-40] DEBUG c.h.p.o.d.StatefulSetResource - [helmcust] Desired StatefulSet (2 replicas) for status STARTING (READY)
2025-01-29 13:23:08,133 INFO c.h.h.t.HelmChartContainer - [hivemq-test-hivemq-platform] [hivemq-platform-operator] [de53df0c] 13:23:08.131 [ReconcilerExecutor-hivemq-controller-89] INFO  c.h.p.o.HiveMQPlatformReconciler - [helmcust] Reconciling HiveMQ Platform 'test-hivemq-platform' in namespace 'helmcustomconfigit'
2025-01-29 13:23:08,133 INFO c.h.h.t.HelmChartContainer - [hivemq-test-hivemq-platform] [hivemq-platform-operator] [de53df0c] 13:23:08.132 [ReconcilerExecutor-hivemq-controller-89] DEBUG c.h.p.o.HiveMQPlatformReconciler - [helmcust] Custom Resource Status STARTING - HiveMQ Platform is starting (READY)
2025-01-29 13:23:08,133 INFO c.h.h.t.HelmChartContainer - [hivemq-test-hivemq-platform] [hivemq-platform-operator] [de53df0c] 13:23:08.132 [ReconcilerExecutor-hivemq-controller-89] DEBUG c.h.p.o.HiveMQPlatformReconciler - [helmcust] Custom Resource Spec (replicas: 2) (extensions: 1)
2025-01-29 13:23:08,136 INFO c.h.h.t.HelmChartContainer - [hivemq-test-hivemq-platform] [hivemq-platform-operator] [de53df0c] 13:23:08.135 [ReconcilerExecutor-hivemq-controller-89] DEBUG c.h.p.o.HiveMQPlatformReconciler - [helmcust] StatefulSet Status (revision: test-hivemq-platform-6b448bcf6f, replicas: 1, available: 0, ready: 0, current: 1, updated: 1)
2025-01-29 13:23:08,136 INFO c.h.h.t.HelmChartContainer - [hivemq-test-hivemq-platform] [hivemq-platform-operator] [de53df0c] 13:23:08.136 [ReconcilerExecutor-hivemq-controller-89] DEBUG c.h.p.o.HiveMQPlatformReconciler - [helmcust] StatefulSet Spec (replicas: 2, init containers: 1, containers: 1, volumes: 3)
2025-01-29 13:23:08,140 INFO c.h.h.t.HelmChartContainer - [hivemq-test-hivemq-platform] [hivemq-platform-operator] [de53df0c] 13:23:08.140 [ReconcilerExecutor-hivemq-controller-89] DEBUG c.h.p.o.h.HiveMQPlatformReconcilerErrorHandler - [helmcust] Pod 'test-hivemq-platform-0' phase Pending
2025-01-29 13:23:08,141 INFO c.h.h.t.HelmChartContainer - [hivemq-test-hivemq-platform] [hivemq-platform-operator] [de53df0c] 13:23:08.140 [ReconcilerExecutor-hivemq-controller-89] DEBUG c.h.p.o.h.HiveMQPlatformReconcilerErrorHandler - [helmcust] Pod 'test-hivemq-platform-0' condition 'PodReadyToStartContainers': True
2025-01-29 13:23:08,141 INFO c.h.h.t.HelmChartContainer - [hivemq-test-hivemq-platform] [hivemq-platform-operator] [de53df0c] 13:23:08.140 [ReconcilerExecutor-hivemq-controller-89] DEBUG c.h.p.o.h.HiveMQPlatformReconcilerErrorHandler - [helmcust] Pod 'test-hivemq-platform-0' condition 'Initialized': False
2025-01-29 13:23:08,141 INFO c.h.h.t.HelmChartContainer - [hivemq-test-hivemq-platform] [hivemq-platform-operator] [de53df0c] 13:23:08.140 [ReconcilerExecutor-hivemq-controller-89] DEBUG c.h.p.o.h.HiveMQPlatformReconcilerErrorHandler - [helmcust] Pod 'test-hivemq-platform-0' condition 'Ready': False
2025-01-29 13:23:08,141 INFO c.h.h.t.HelmChartContainer - [hivemq-test-hivemq-platform] [hivemq-platform-operator] [de53df0c] 13:23:08.140 [ReconcilerExecutor-hivemq-controller-89] DEBUG c.h.p.o.h.HiveMQPlatformReconcilerErrorHandler - [helmcust] Pod 'test-hivemq-platform-0' condition 'ContainersReady': False
2025-01-29 13:23:08,141 INFO c.h.h.t.HelmChartContainer - [hivemq-test-hivemq-platform] [hivemq-platform-operator] [de53df0c] 13:23:08.140 [ReconcilerExecutor-hivemq-controller-89] DEBUG c.h.p.o.h.HiveMQPlatformReconcilerErrorHandler - [helmcust] Pod 'test-hivemq-platform-0' condition 'PodScheduled': True
2025-01-29 13:23:08,141 INFO c.h.h.t.HelmChartContainer - [hivemq-test-hivemq-platform] [hivemq-platform-operator] [de53df0c] 13:23:08.140 [ReconcilerExecutor-hivemq-controller-89] DEBUG c.h.p.o.h.HiveMQPlatformReconcilerErrorHandler - [helmcust] Pod 'test-hivemq-platform-0' containerStatus 'hivemq' (started: false) (ready: false) (waiting: [PodInitializing] null)
2025-01-29 13:23:08,143 INFO c.h.h.t.HelmChartContainer - [hivemq-test-hivemq-platform] [hivemq-platform-operator] [de53df0c] 13:23:08.142 [ReconcilerExecutor-hivemq-controller-89] INFO  c.h.p.o.h.HiveMQPlatformReconcilerBaseHandler - [helmcust] HiveMQ Platform is starting, 0 of 2 replicas are ready
2025-01-29 13:23:08,987 INFO c.h.h.t.HelmChartContainer - [EVENT] Normal [Pulled] Container image "docker.io/hivemq/hivemq4:4.36.0" already present on machine [helmcustomconfigit:test-hivemq-platform-0]
2025-01-29 13:23:08,987 INFO c.h.h.t.HelmChartContainer - Received Pulled event for container hivemq in pod test-hivemq-platform-0 [940a05ad-514c-4325-89bf-251471fc92a7]
2025-01-29 13:23:08,995 INFO c.h.h.t.HelmChartContainer - [POD] test-hivemq-platform-0 [940a05ad-514c-4325-89bf-251471fc92a7] in helmcustomconfigit was MODIFIED
2025-01-29 13:23:09,004 INFO c.h.h.t.HelmChartContainer - [hivemq-test-hivemq-platform] [hivemq-platform-operator] [de53df0c] 13:23:09.002 [pool-6-thread-42] DEBUG c.h.p.o.d.PlatformServiceResource - [helmcust] Desired Platform services (3 services)
2025-01-29 13:23:09,007 INFO c.h.h.t.HelmChartContainer - [hivemq-test-hivemq-platform] [hivemq-platform-operator] [de53df0c] 13:23:09.004 [pool-6-thread-43] DEBUG c.h.p.o.dependants.PodInfoConfigMap - [helmcust] Desired PodInfo ConfigMap (1 extensions) (1 enabled)
2025-01-29 13:23:09,007 INFO c.h.h.t.HelmChartContainer - [hivemq-test-hivemq-platform] [hivemq-platform-operator] [de53df0c] 13:23:09.005 [pool-6-thread-43] DEBUG c.h.p.o.dependants.PodInfoConfigMap - [helmcust] Desired PodInfo ConfigMap (metrics port: 9399) (metrics path: /)
2025-01-29 13:23:09,007 INFO c.h.h.t.HelmChartContainer - [hivemq-test-hivemq-platform] [hivemq-platform-operator] [de53df0c] 13:23:09.005 [pool-6-thread-43] DEBUG c.h.p.o.dependants.PodInfoConfigMap - [helmcust] Desired PodInfo ConfigMap (extension state hash: -1817474005)
2025-01-29 13:23:09,009 INFO c.h.h.t.HelmChartContainer - [hivemq-test-hivemq-platform] [hivemq-platform-operator] [de53df0c] 13:23:09.008 [pool-6-thread-47] DEBUG c.h.p.o.d.PodServiceAccountResource - [helmcust] Desired PodServiceAccountResource (serviceAccountName: hivemq-platform-pod-test-hivemq-platform)
2025-01-29 13:23:09,024 INFO c.h.h.t.HelmChartContainer - [hivemq-test-hivemq-platform] [hivemq-platform-operator] [de53df0c] 13:23:09.023 [pool-6-thread-50] DEBUG c.h.p.o.d.StatefulSetResource - [helmcust] Desired StatefulSet (2 replicas) for status STARTING (READY)
2025-01-29 13:23:09,030 INFO c.h.h.t.HelmChartContainer - [hivemq-test-hivemq-platform] [hivemq-platform-operator] [de53df0c] 13:23:09.029 [ReconcilerExecutor-hivemq-controller-100] INFO  c.h.p.o.HiveMQPlatformReconciler - [helmcust] Reconciling HiveMQ Platform 'test-hivemq-platform' in namespace 'helmcustomconfigit'
2025-01-29 13:23:09,031 INFO c.h.h.t.HelmChartContainer - [hivemq-test-hivemq-platform] [hivemq-platform-operator] [de53df0c] 13:23:09.029 [ReconcilerExecutor-hivemq-controller-100] DEBUG c.h.p.o.HiveMQPlatformReconciler - [helmcust] Custom Resource Status STARTING - HiveMQ Platform is starting (READY)
2025-01-29 13:23:09,031 INFO c.h.h.t.HelmChartContainer - [hivemq-test-hivemq-platform] [hivemq-platform-operator] [de53df0c] 13:23:09.029 [ReconcilerExecutor-hivemq-controller-100] DEBUG c.h.p.o.HiveMQPlatformReconciler - [helmcust] Custom Resource Spec (replicas: 2) (extensions: 1)
2025-01-29 13:23:09,034 INFO c.h.h.t.HelmChartContainer - [hivemq-test-hivemq-platform] [hivemq-platform-operator] [de53df0c] 13:23:09.033 [ReconcilerExecutor-hivemq-controller-100] DEBUG c.h.p.o.HiveMQPlatformReconciler - [helmcust] StatefulSet Status (revision: test-hivemq-platform-6b448bcf6f, replicas: 1, available: 0, ready: 0, current: 1, updated: 1)
2025-01-29 13:23:09,035 INFO c.h.h.t.HelmChartContainer - [hivemq-test-hivemq-platform] [hivemq-platform-operator] [de53df0c] 13:23:09.033 [ReconcilerExecutor-hivemq-controller-100] DEBUG c.h.p.o.HiveMQPlatformReconciler - [helmcust] StatefulSet Spec (replicas: 2, init containers: 1, containers: 1, volumes: 3)
2025-01-29 13:23:09,038 INFO c.h.h.t.HelmChartContainer - [hivemq-test-hivemq-platform] [hivemq-platform-operator] [de53df0c] 13:23:09.036 [ReconcilerExecutor-hivemq-controller-100] DEBUG c.h.p.o.h.HiveMQPlatformReconcilerErrorHandler - [helmcust] Pod 'test-hivemq-platform-0' phase Pending
2025-01-29 13:23:09,038 INFO c.h.h.t.HelmChartContainer - [hivemq-test-hivemq-platform] [hivemq-platform-operator] [de53df0c] 13:23:09.036 [ReconcilerExecutor-hivemq-controller-100] DEBUG c.h.p.o.h.HiveMQPlatformReconcilerErrorHandler - [helmcust] Pod 'test-hivemq-platform-0' condition 'PodReadyToStartContainers': True
2025-01-29 13:23:09,038 INFO c.h.h.t.HelmChartContainer - [hivemq-test-hivemq-platform] [hivemq-platform-operator] [de53df0c] 13:23:09.036 [ReconcilerExecutor-hivemq-controller-100] DEBUG c.h.p.o.h.HiveMQPlatformReconcilerErrorHandler - [helmcust] Pod 'test-hivemq-platform-0' condition 'Initialized': True
2025-01-29 13:23:09,038 INFO c.h.h.t.HelmChartContainer - [hivemq-test-hivemq-platform] [hivemq-platform-operator] [de53df0c] 13:23:09.036 [ReconcilerExecutor-hivemq-controller-100] DEBUG c.h.p.o.h.HiveMQPlatformReconcilerErrorHandler - [helmcust] Pod 'test-hivemq-platform-0' condition 'Ready': False
2025-01-29 13:23:09,038 INFO c.h.h.t.HelmChartContainer - [hivemq-test-hivemq-platform] [hivemq-platform-operator] [de53df0c] 13:23:09.036 [ReconcilerExecutor-hivemq-controller-100] DEBUG c.h.p.o.h.HiveMQPlatformReconcilerErrorHandler - [helmcust] Pod 'test-hivemq-platform-0' condition 'ContainersReady': False
2025-01-29 13:23:09,038 INFO c.h.h.t.HelmChartContainer - [hivemq-test-hivemq-platform] [hivemq-platform-operator] [de53df0c] 13:23:09.036 [ReconcilerExecutor-hivemq-controller-100] DEBUG c.h.p.o.h.HiveMQPlatformReconcilerErrorHandler - [helmcust] Pod 'test-hivemq-platform-0' condition 'PodScheduled': True
2025-01-29 13:23:09,038 INFO c.h.h.t.HelmChartContainer - [hivemq-test-hivemq-platform] [hivemq-platform-operator] [de53df0c] 13:23:09.036 [ReconcilerExecutor-hivemq-controller-100] DEBUG c.h.p.o.h.HiveMQPlatformReconcilerErrorHandler - [helmcust] Pod 'test-hivemq-platform-0' containerStatus 'hivemq' (started: false) (ready: false) (waiting: [PodInitializing] null)
2025-01-29 13:23:09,039 INFO c.h.h.t.HelmChartContainer - [hivemq-test-hivemq-platform] [hivemq-platform-operator] [de53df0c] 13:23:09.037 [ReconcilerExecutor-hivemq-controller-100] INFO  c.h.p.o.h.HiveMQPlatformReconcilerBaseHandler - [helmcust] HiveMQ Platform is starting, 0 of 2 replicas are ready
2025-01-29 13:23:10,640 INFO c.h.h.t.HelmChartContainer - [EVENT] Normal [Created] Created container: hivemq [helmcustomconfigit:test-hivemq-platform-0]
2025-01-29 13:23:10,640 INFO c.h.h.t.HelmChartContainer - Received Created event for container hivemq in pod test-hivemq-platform-0 [940a05ad-514c-4325-89bf-251471fc92a7]
2025-01-29 13:23:11,000 INFO c.h.h.t.HelmChartContainer - [POD] test-hivemq-platform-0 [940a05ad-514c-4325-89bf-251471fc92a7] in helmcustomconfigit was MODIFIED
2025-01-29 13:23:11,010 INFO c.h.h.t.HelmChartContainer - [hivemq-test-hivemq-platform] [hivemq-platform-operator] [de53df0c] 13:23:11.008 [pool-6-thread-5] DEBUG c.h.p.o.d.PlatformServiceResource - [helmcust] Desired Platform services (3 services)
2025-01-29 13:23:11,013 INFO c.h.h.t.HelmChartContainer - Started log watcher for hivemq in pod test-hivemq-platform-0 [940a05ad-514c-4325-89bf-251471fc92a7]
2025-01-29 13:23:11,013 INFO c.h.h.t.HelmChartContainer - [test-hivemq-platform] [hivemq] [940a05ad] Adding pre-installed HiveMQ Platform Operator extensions
2025-01-29 13:23:11,013 INFO c.h.h.t.HelmChartContainer - [test-hivemq-platform] [hivemq] [940a05ad] Running as user 10000
2025-01-29 13:23:11,013 INFO c.h.h.t.HelmChartContainer - [test-hivemq-platform] [hivemq] [940a05ad] Starting HiveMQ Platform Operator Init
2025-01-29 13:23:11,013 INFO c.h.h.t.HelmChartContainer - [EVENT] Normal [Started] Started container hivemq [helmcustomconfigit:test-hivemq-platform-0]
2025-01-29 13:23:11,013 INFO c.h.h.t.HelmChartContainer - Received Started event for container hivemq in pod test-hivemq-platform-0 [940a05ad-514c-4325-89bf-251471fc92a7]
2025-01-29 13:23:11,033 INFO c.h.h.t.HelmChartContainer - [hivemq-test-hivemq-platform] [hivemq-platform-operator] [de53df0c] 13:23:11.027 [pool-6-thread-6] DEBUG c.h.p.o.dependants.PodInfoConfigMap - [helmcust] Desired PodInfo ConfigMap (1 extensions) (1 enabled)
2025-01-29 13:23:11,034 INFO c.h.h.t.HelmChartContainer - [hivemq-test-hivemq-platform] [hivemq-platform-operator] [de53df0c] 13:23:11.027 [pool-6-thread-6] DEBUG c.h.p.o.dependants.PodInfoConfigMap - [helmcust] Desired PodInfo ConfigMap (metrics port: 9399) (metrics path: /)
2025-01-29 13:23:11,034 INFO c.h.h.t.HelmChartContainer - [hivemq-test-hivemq-platform] [hivemq-platform-operator] [de53df0c] 13:23:11.027 [pool-6-thread-6] DEBUG c.h.p.o.dependants.PodInfoConfigMap - [helmcust] Desired PodInfo ConfigMap (extension state hash: -1817474005)
2025-01-29 13:23:11,034 INFO c.h.h.t.HelmChartContainer - [hivemq-test-hivemq-platform] [hivemq-platform-operator] [de53df0c] 13:23:11.028 [pool-6-thread-4] DEBUG c.h.p.o.d.PodServiceAccountResource - [helmcust] Desired PodServiceAccountResource (serviceAccountName: hivemq-platform-pod-test-hivemq-platform)
2025-01-29 13:23:11,044 INFO c.h.h.t.HelmChartContainer - [hivemq-test-hivemq-platform] [hivemq-platform-operator] [de53df0c] 13:23:11.040 [pool-6-thread-5] DEBUG c.h.p.o.d.StatefulSetResource - [helmcust] Desired StatefulSet (2 replicas) for status STARTING (READY)
2025-01-29 13:23:11,048 INFO c.h.h.t.HelmChartContainer - [hivemq-test-hivemq-platform] [hivemq-platform-operator] [de53df0c] 13:23:11.047 [ReconcilerExecutor-hivemq-controller-111] INFO  c.h.p.o.HiveMQPlatformReconciler - [helmcust] Reconciling HiveMQ Platform 'test-hivemq-platform' in namespace 'helmcustomconfigit'
2025-01-29 13:23:11,048 INFO c.h.h.t.HelmChartContainer - [hivemq-test-hivemq-platform] [hivemq-platform-operator] [de53df0c] 13:23:11.047 [ReconcilerExecutor-hivemq-controller-111] DEBUG c.h.p.o.HiveMQPlatformReconciler - [helmcust] Custom Resource Status STARTING - HiveMQ Platform is starting (READY)
2025-01-29 13:23:11,048 INFO c.h.h.t.HelmChartContainer - [hivemq-test-hivemq-platform] [hivemq-platform-operator] [de53df0c] 13:23:11.047 [ReconcilerExecutor-hivemq-controller-111] DEBUG c.h.p.o.HiveMQPlatformReconciler - [helmcust] Custom Resource Spec (replicas: 2) (extensions: 1)
2025-01-29 13:23:11,125 INFO c.h.h.t.HelmChartContainer - [hivemq-test-hivemq-platform] [hivemq-platform-operator] [de53df0c] 13:23:11.123 [ReconcilerExecutor-hivemq-controller-111] DEBUG c.h.p.o.HiveMQPlatformReconciler - [helmcust] StatefulSet Status (revision: test-hivemq-platform-6b448bcf6f, replicas: 1, available: 0, ready: 0, current: 1, updated: 1)
2025-01-29 13:23:11,126 INFO c.h.h.t.HelmChartContainer - [hivemq-test-hivemq-platform] [hivemq-platform-operator] [de53df0c] 13:23:11.123 [ReconcilerExecutor-hivemq-controller-111] DEBUG c.h.p.o.HiveMQPlatformReconciler - [helmcust] StatefulSet Spec (replicas: 2, init containers: 1, containers: 1, volumes: 3)
2025-01-29 13:23:11,127 INFO c.h.h.t.HelmChartContainer - [hivemq-test-hivemq-platform] [hivemq-platform-operator] [de53df0c] 13:23:11.126 [ReconcilerExecutor-hivemq-controller-111] DEBUG c.h.p.o.h.HiveMQPlatformReconcilerErrorHandler - [helmcust] Pod 'test-hivemq-platform-0' phase Running
2025-01-29 13:23:11,129 INFO c.h.h.t.HelmChartContainer - [hivemq-test-hivemq-platform] [hivemq-platform-operator] [de53df0c] 13:23:11.128 [ReconcilerExecutor-hivemq-controller-111] INFO  c.h.p.o.h.HiveMQPlatformReconcilerBaseHandler - [helmcust] HiveMQ Platform is starting, 0 of 2 replicas are ready
2025-01-29 13:23:12,051 INFO c.h.h.t.HelmChartContainer - [test-hivemq-platform] [hivemq] [940a05ad] INFO  - [HiveMQ Platform Operator Init 1.7.0-SNAPSHOT] HiveMQ Platform Operator Init 1.7.0-SNAPSHOT (commit: bebf408 on branch: HEAD) built on Sun Jan 26 20:47:47 UTC 2025
2025-01-29 13:23:13,308 INFO c.h.h.t.HelmChartContainer - [test-hivemq-platform] [hivemq] [940a05ad] INFO  - [HiveMQ Platform Operator Init App 1.7.0-SNAPSHOT] Using bind address 10.42.0.11 from environment variable
2025-01-29 13:23:14,254 INFO c.h.h.t.HelmChartContainer - [test-hivemq-platform] [hivemq] [940a05ad] INFO  - [HiveMQ Platform Operator Init App 1.7.0-SNAPSHOT] HiveMQ Platform Operator Init App 1.7.0-SNAPSHOT (commit: bebf408 on branch: HEAD) built on Sun Jan 26 20:47:47 UTC 2025
2025-01-29 13:23:14,254 INFO c.h.h.t.HelmChartContainer - [test-hivemq-platform] [hivemq] [940a05ad] INFO  - [HiveMQ Platform Operator Init App 1.7.0-SNAPSHOT] PodInfo ConfigMap directory: /etc/podinfo
2025-01-29 13:23:14,254 INFO c.h.h.t.HelmChartContainer - [test-hivemq-platform] [hivemq] [940a05ad] INFO  - [HiveMQ Platform Operator Init App 1.7.0-SNAPSHOT] HiveMQ home directory: /opt/hivemq
2025-01-29 13:23:14,254 INFO c.h.h.t.HelmChartContainer - [test-hivemq-platform] [hivemq] [940a05ad] INFO  - [HiveMQ Platform Operator Init App 1.7.0-SNAPSHOT] HiveMQ Logback folder: /opt/hivemq/conf
2025-01-29 13:23:14,254 INFO c.h.h.t.HelmChartContainer - [test-hivemq-platform] [hivemq] [940a05ad] INFO  - [HiveMQ Platform Operator Init App 1.7.0-SNAPSHOT] HiveMQ Config folder: /opt/hivemq/conf-k8s
2025-01-29 13:23:14,255 INFO c.h.h.t.HelmChartContainer - [test-hivemq-platform] [hivemq] [940a05ad] INFO  - [HiveMQ Platform Operator Init App 1.7.0-SNAPSHOT] Starting HiveMQ Platform Operator Init App
2025-01-29 13:23:14,255 INFO c.h.h.t.HelmChartContainer - [test-hivemq-platform] [hivemq] [940a05ad] INFO  - [HiveMQ Platform Operator Init App 1.7.0-SNAPSHOT] Starting Pod reconciler
2025-01-29 13:23:15,557 INFO c.h.h.t.HelmChartContainer - [test-hivemq-platform] [hivemq] [940a05ad] INFO  - [HiveMQ Platform Operator Init App 1.7.0-SNAPSHOT] Pod reconciler is scheduled (interval: 5000 ms)
2025-01-29 13:23:15,559 INFO c.h.h.t.HelmChartContainer - [test-hivemq-platform] [hivemq] [940a05ad] INFO  - [HiveMQ Platform Operator Init App 1.7.0-SNAPSHOT] Starting the REST API on 10.42.0.11:7979
2025-01-29 13:23:15,562 INFO c.h.h.t.HelmChartContainer - [test-hivemq-platform] [hivemq] [940a05ad] INFO  - [HiveMQ Platform Operator Init App 1.7.0-SNAPSHOT] Waiting up to 600s for at most 2 HiveMQ nodes in cluster service hivemq-test-hivemq-platform-cluster.helmcustomconfigit.svc
2025-01-29 13:23:15,919 INFO c.h.h.t.HelmChartContainer - [test-hivemq-platform] [hivemq] [940a05ad] INFO  - [HiveMQ Platform Operator Init App 1.7.0-SNAPSHOT] Resolved 1 IP addresses: [10.42.0.11]
2025-01-29 13:23:15,919 INFO c.h.h.t.HelmChartContainer - [test-hivemq-platform] [hivemq] [940a05ad] INFO  - [HiveMQ Platform Operator Init App 1.7.0-SNAPSHOT] HiveMQ node count of 1 is within threshold of 2
2025-01-29 13:23:15,919 INFO c.h.h.t.HelmChartContainer - [test-hivemq-platform] [hivemq] [940a05ad] INFO  - [HiveMQ Platform Operator Init App 1.7.0-SNAPSHOT] Proceeding with container start
2025-01-29 13:23:16,048 INFO c.h.h.t.HelmChartContainer - [test-hivemq-platform] [hivemq] [940a05ad] INFO  - [HiveMQ Platform Operator Init App 1.7.0-SNAPSHOT] Initializing HiveMQ Platform extensions with initial configuration: {hivemq-allow-all-extension={start-priority=-1, skip-https-hostname-verification=false, restart=true, config-version=0, header-version=0, c-uri=, priority=-1, uri=preinstalled, skip-https-certificate-validation=false, enabled=true}, hivemq-prometheus-extension={enabled=true, request-header-path=no-request-headers, uri=preinstalled, skip-https-certificate-validation=false, skip-https-hostname-verification=false, c-uri=, start-priority=-1, priority=-1, restart=true}}
2025-01-29 13:23:16,509 INFO c.h.h.t.HelmChartContainer - [test-hivemq-platform] [hivemq] [940a05ad] INFO  - [HiveMQ Platform Operator Init App 1.7.0-SNAPSHOT] Extension hivemq-allow-all-extension was already enabled
2025-01-29 13:23:16,555 INFO c.h.h.t.HelmChartContainer - [test-hivemq-platform] [hivemq] [940a05ad] INFO  - [HiveMQ Platform Operator Init App 1.7.0-SNAPSHOT] Successfully enabled extension hivemq-prometheus-extension
2025-01-29 13:23:16,556 INFO c.h.h.t.HelmChartContainer - [test-hivemq-platform] [hivemq] [940a05ad] INFO  - [HiveMQ Platform Operator Init App 1.7.0-SNAPSHOT] Starting HiveMQ Platform version 4.36.0 (4.36.0)
2025-01-29 13:23:16,557 INFO c.h.h.t.HelmChartContainer - [test-hivemq-platform] [hivemq] [940a05ad] INFO  - [HiveMQ Platform Operator Init App 1.7.0-SNAPSHOT] Configuring the HiveMQ Platform
2025-01-29 13:23:16,609 INFO c.h.h.t.HelmChartContainer - [test-hivemq-platform] [hivemq] [940a05ad] INFO  - [HiveMQ Platform Operator Init App 1.7.0-SNAPSHOT] Changed logback.xml file scan period to 20 seconds
2025-01-29 13:23:16,705 INFO c.h.h.t.HelmChartContainer - [test-hivemq-platform] [hivemq] [940a05ad] INFO  - [HiveMQ Platform Operator Init App 1.7.0-SNAPSHOT] Starting the HiveMQ Platform
2025-01-29 13:23:16,708 INFO c.h.h.t.HelmChartContainer - [test-hivemq-platform] [hivemq] [940a05ad] -------------------------------------------------------------------------
2025-01-29 13:23:16,708 INFO c.h.h.t.HelmChartContainer - [test-hivemq-platform] [hivemq] [940a05ad] 
2025-01-29 13:23:16,708 INFO c.h.h.t.HelmChartContainer - [test-hivemq-platform] [hivemq] [940a05ad]                   _    _  _              __  __   ____
2025-01-29 13:23:16,708 INFO c.h.h.t.HelmChartContainer - [test-hivemq-platform] [hivemq] [940a05ad]                  | |  | |(_)            |  \/  | / __ \
2025-01-29 13:23:16,708 INFO c.h.h.t.HelmChartContainer - [test-hivemq-platform] [hivemq] [940a05ad]                  | |__| | _ __   __ ___ | \  / || |  | |
2025-01-29 13:23:16,708 INFO c.h.h.t.HelmChartContainer - [test-hivemq-platform] [hivemq] [940a05ad]                  |  __  || |\ \ / // _ \| |\/| || |  | |
2025-01-29 13:23:16,708 INFO c.h.h.t.HelmChartContainer - [test-hivemq-platform] [hivemq] [940a05ad]                  | |  | || | \ V /|  __/| |  | || |__| |
2025-01-29 13:23:16,708 INFO c.h.h.t.HelmChartContainer - [test-hivemq-platform] [hivemq] [940a05ad]                  |_|  |_||_|  \_/  \___||_|  |_| \___\_\
2025-01-29 13:23:16,708 INFO c.h.h.t.HelmChartContainer - [test-hivemq-platform] [hivemq] [940a05ad] 
2025-01-29 13:23:16,709 INFO c.h.h.t.HelmChartContainer - [test-hivemq-platform] [hivemq] [940a05ad] -------------------------------------------------------------------------
2025-01-29 13:23:16,709 INFO c.h.h.t.HelmChartContainer - [test-hivemq-platform] [hivemq] [940a05ad] 
2025-01-29 13:23:16,709 INFO c.h.h.t.HelmChartContainer - [test-hivemq-platform] [hivemq] [940a05ad]   HiveMQ Start Script for Linux/Unix v1.14
2025-01-29 13:23:16,709 INFO c.h.h.t.HelmChartContainer - [test-hivemq-platform] [hivemq] [940a05ad] 
2025-01-29 13:23:16,804 INFO c.h.h.t.HelmChartContainer - [test-hivemq-platform] [hivemq] [940a05ad] -------------------------------------------------------------------------
2025-01-29 13:23:16,804 INFO c.h.h.t.HelmChartContainer - [test-hivemq-platform] [hivemq] [940a05ad] 
2025-01-29 13:23:16,804 INFO c.h.h.t.HelmChartContainer - [test-hivemq-platform] [hivemq] [940a05ad]   HIVEMQ_HOME: /opt/hivemq
2025-01-29 13:23:16,804 INFO c.h.h.t.HelmChartContainer - [test-hivemq-platform] [hivemq] [940a05ad] 
2025-01-29 13:23:16,804 INFO c.h.h.t.HelmChartContainer - [test-hivemq-platform] [hivemq] [940a05ad]   JAVA_OPTS: -XX:+UnlockExperimentalVMOptions -XX:InitialRAMPercentage=50 -XX:MaxRAMPercentage=50 -Djava.net.preferIPv4Stack=true --add-opens java.base/java.lang=ALL-UNNAMED --add-opens java.base/java.nio=ALL-UNNAMED --add-opens java.base/sun.nio.ch=ALL-UNNAMED --add-opens jdk.management/com.sun.management.internal=ALL-UNNAMED --add-exports java.base/jdk.internal.misc=ALL-UNNAMED -Djava.security.egd=file:/dev/./urandom -Dcom.sun.management.jmxremote -Dcom.sun.management.jmxremote.port=9010 -Dcom.sun.management.jmxremote.local.only=false -Dcom.sun.management.jmxremote.authenticate=false -Dcom.sun.management.jmxremote.ssl=false -Duser.language=en -Duser.region=US -XX:+CrashOnOutOfMemoryError -XX:+HeapDumpOnOutOfMemoryError
2025-01-29 13:23:16,804 INFO c.h.h.t.HelmChartContainer - [test-hivemq-platform] [hivemq] [940a05ad] 
2025-01-29 13:23:16,804 INFO c.h.h.t.HelmChartContainer - [test-hivemq-platform] [hivemq] [940a05ad]   JAVA_VERSION: 21
2025-01-29 13:23:16,804 INFO c.h.h.t.HelmChartContainer - [test-hivemq-platform] [hivemq] [940a05ad] 
2025-01-29 13:23:16,804 INFO c.h.h.t.HelmChartContainer - [test-hivemq-platform] [hivemq] [940a05ad] -------------------------------------------------------------------------
2025-01-29 13:23:16,804 INFO c.h.h.t.HelmChartContainer - [test-hivemq-platform] [hivemq] [940a05ad] 
2025-01-29 13:23:17,052 INFO c.h.h.t.HelmChartContainer - [test-hivemq-platform] [hivemq] [940a05ad] INFO  - [HiveMQ Platform Operator Init App 1.7.0-SNAPSHOT] Returning default Health API response 503 for readiness
2025-01-29 13:23:17,353 INFO c.h.h.t.HelmChartContainer - [EVENT] Warning [Unhealthy] Readiness probe failed: HTTP probe failed with statuscode: 503 [helmcustomconfigit:test-hivemq-platform-0]
2025-01-29 13:23:17,353 INFO c.h.h.t.HelmChartContainer - Received Unhealthy event for container hivemq in pod test-hivemq-platform-0 [940a05ad-514c-4325-89bf-251471fc92a7]
2025-01-29 13:23:19,551 INFO c.h.h.t.HelmChartContainer - [test-hivemq-platform] [hivemq] [940a05ad] INFO  - Starting HiveMQ Enterprise Server
2025-01-29 13:23:19,604 INFO c.h.h.t.HelmChartContainer - [test-hivemq-platform] [hivemq] [940a05ad] INFO  - HiveMQ version: 4.36.0
2025-01-29 13:23:19,604 INFO c.h.h.t.HelmChartContainer - [test-hivemq-platform] [hivemq] [940a05ad] INFO  - HiveMQ home directory: /opt/hivemq
2025-01-29 13:23:19,604 INFO c.h.h.t.HelmChartContainer - [test-hivemq-platform] [hivemq] [940a05ad] INFO  - Log Configuration was overridden by /opt/hivemq/conf/logback.xml
2025-01-29 13:23:21,052 INFO c.h.h.t.HelmChartContainer - [test-hivemq-platform] [hivemq] [940a05ad] INFO  - Successfully loaded configuration from '/opt/hivemq/conf-k8s/config.xml'.
2025-01-29 13:23:21,137 INFO c.h.h.t.HelmChartContainer - [hivemq-test-hivemq-platform] [hivemq-platform-operator] [de53df0c] 13:23:21.133 [pool-6-thread-11] DEBUG c.h.p.o.d.PlatformServiceResource - [helmcust] Desired Platform services (3 services)
2025-01-29 13:23:21,137 INFO c.h.h.t.HelmChartContainer - [hivemq-test-hivemq-platform] [hivemq-platform-operator] [de53df0c] 13:23:21.133 [pool-6-thread-17] DEBUG c.h.p.o.dependants.PodInfoConfigMap - [helmcust] Desired PodInfo ConfigMap (1 extensions) (1 enabled)
2025-01-29 13:23:21,137 INFO c.h.h.t.HelmChartContainer - [hivemq-test-hivemq-platform] [hivemq-platform-operator] [de53df0c] 13:23:21.134 [pool-6-thread-17] DEBUG c.h.p.o.dependants.PodInfoConfigMap - [helmcust] Desired PodInfo ConfigMap (metrics port: 9399) (metrics path: /)
2025-01-29 13:23:21,137 INFO c.h.h.t.HelmChartContainer - [hivemq-test-hivemq-platform] [hivemq-platform-operator] [de53df0c] 13:23:21.134 [pool-6-thread-17] DEBUG c.h.p.o.dependants.PodInfoConfigMap - [helmcust] Desired PodInfo ConfigMap (extension state hash: -1817474005)
2025-01-29 13:23:21,137 INFO c.h.h.t.HelmChartContainer - [hivemq-test-hivemq-platform] [hivemq-platform-operator] [de53df0c] 13:23:21.135 [pool-6-thread-14] DEBUG c.h.p.o.d.PodServiceAccountResource - [helmcust] Desired PodServiceAccountResource (serviceAccountName: hivemq-platform-pod-test-hivemq-platform)
2025-01-29 13:23:21,142 INFO c.h.h.t.HelmChartContainer - [hivemq-test-hivemq-platform] [hivemq-platform-operator] [de53df0c] 13:23:21.140 [pool-6-thread-11] DEBUG c.h.p.o.d.StatefulSetResource - [helmcust] Desired StatefulSet (2 replicas) for status STARTING (READY)
2025-01-29 13:23:21,147 INFO c.h.h.t.HelmChartContainer - [hivemq-test-hivemq-platform] [hivemq-platform-operator] [de53df0c] 13:23:21.145 [ReconcilerExecutor-hivemq-controller-112] INFO  c.h.p.o.HiveMQPlatformReconciler - [helmcust] Reconciling HiveMQ Platform 'test-hivemq-platform' in namespace 'helmcustomconfigit'
2025-01-29 13:23:21,147 INFO c.h.h.t.HelmChartContainer - [hivemq-test-hivemq-platform] [hivemq-platform-operator] [de53df0c] 13:23:21.145 [ReconcilerExecutor-hivemq-controller-112] DEBUG c.h.p.o.HiveMQPlatformReconciler - [helmcust] Custom Resource Status STARTING - HiveMQ Platform is starting (READY)
2025-01-29 13:23:21,147 INFO c.h.h.t.HelmChartContainer - [hivemq-test-hivemq-platform] [hivemq-platform-operator] [de53df0c] 13:23:21.145 [ReconcilerExecutor-hivemq-controller-112] DEBUG c.h.p.o.HiveMQPlatformReconciler - [helmcust] Custom Resource Spec (replicas: 2) (extensions: 1)
2025-01-29 13:23:21,223 INFO c.h.h.t.HelmChartContainer - [hivemq-test-hivemq-platform] [hivemq-platform-operator] [de53df0c] 13:23:21.222 [ReconcilerExecutor-hivemq-controller-112] DEBUG c.h.p.o.HiveMQPlatformReconciler - [helmcust] StatefulSet Status (revision: test-hivemq-platform-6b448bcf6f, replicas: 1, available: 0, ready: 0, current: 1, updated: 1)
2025-01-29 13:23:21,223 INFO c.h.h.t.HelmChartContainer - [hivemq-test-hivemq-platform] [hivemq-platform-operator] [de53df0c] 13:23:21.222 [ReconcilerExecutor-hivemq-controller-112] DEBUG c.h.p.o.HiveMQPlatformReconciler - [helmcust] StatefulSet Spec (replicas: 2, init containers: 1, containers: 1, volumes: 3)
2025-01-29 13:23:21,226 INFO c.h.h.t.HelmChartContainer - [hivemq-test-hivemq-platform] [hivemq-platform-operator] [de53df0c] 13:23:21.225 [ReconcilerExecutor-hivemq-controller-112] DEBUG c.h.p.o.h.HiveMQPlatformReconcilerErrorHandler - [helmcust] Pod 'test-hivemq-platform-0' phase Running
2025-01-29 13:23:21,226 INFO c.h.h.t.HelmChartContainer - [hivemq-test-hivemq-platform] [hivemq-platform-operator] [de53df0c] 13:23:21.226 [ReconcilerExecutor-hivemq-controller-112] INFO  c.h.p.o.h.HiveMQPlatformReconcilerBaseHandler - [helmcust] HiveMQ Platform is starting, 0 of 2 replicas are ready
2025-01-29 13:23:22,008 INFO c.h.h.t.HelmChartContainer - [test-hivemq-platform] [hivemq] [940a05ad] INFO  - This node's ID is 0HFhy
2025-01-29 13:23:22,008 INFO c.h.h.t.HelmChartContainer - [test-hivemq-platform] [hivemq] [940a05ad] INFO  - Clustering is enabled
2025-01-29 13:23:22,310 INFO c.h.h.t.HelmChartContainer - [test-hivemq-platform] [hivemq] [940a05ad] WARN  - [HiveMQ Platform Operator Init App 1.7.0-SNAPSHOT] Cannot connect to Health API for readiness: null
2025-01-29 13:23:22,353 INFO c.h.h.t.HelmChartContainer - [EVENT] Warning [Unhealthy] Readiness probe failed: HTTP probe failed with statuscode: 503 [helmcustomconfigit:test-hivemq-platform-0]
2025-01-29 13:23:22,353 INFO c.h.h.t.HelmChartContainer - Received Unhealthy event for container hivemq in pod test-hivemq-platform-0 [940a05ad-514c-4325-89bf-251471fc92a7]
2025-01-29 13:23:26,749 INFO c.h.h.t.HelmChartContainer - [test-hivemq-platform] [hivemq] [940a05ad] Jan 29, 2025 1:23:26 PM io.vertx.core.impl.BlockedThreadChecker
2025-01-29 13:23:26,749 INFO c.h.h.t.HelmChartContainer - [test-hivemq-platform] [hivemq] [940a05ad] WARNING: Thread Thread[vert.x-eventloop-thread-1,5,main] has been blocked for 2899 ms, time limit is 2000 ms
2025-01-29 13:23:26,849 INFO c.h.h.t.HelmChartContainer - [test-hivemq-platform] [hivemq] [940a05ad] INFO  - [HiveMQ Platform Operator Init App 1.7.0-SNAPSHOT] Updating Pod HiveMQ Platform Operator Init App version annotation (version: 1.7.0-SNAPSHOT)
2025-01-29 13:23:27,006 INFO c.h.h.t.HelmChartContainer - [test-hivemq-platform] [hivemq] [940a05ad] WARN  - [HiveMQ Platform Operator Init App 1.7.0-SNAPSHOT] Cannot connect to Health API for readiness: null
2025-01-29 13:23:27,012 INFO c.h.h.t.HelmChartContainer - [EVENT] Warning [Unhealthy] Readiness probe failed: HTTP probe failed with statuscode: 503 [helmcustomconfigit:test-hivemq-platform-0]
2025-01-29 13:23:27,013 INFO c.h.h.t.HelmChartContainer - Received Unhealthy event for container hivemq in pod test-hivemq-platform-0 [940a05ad-514c-4325-89bf-251471fc92a7]
2025-01-29 13:23:27,718 INFO c.h.h.t.HelmChartContainer - [POD] test-hivemq-platform-0 [940a05ad-514c-4325-89bf-251471fc92a7] in helmcustomconfigit was MODIFIED
2025-01-29 13:23:27,732 INFO c.h.h.t.HelmChartContainer - [hivemq-test-hivemq-platform] [hivemq-platform-operator] [de53df0c] 13:23:27.727 [pool-6-thread-27] DEBUG c.h.p.o.d.PlatformServiceResource - [helmcust] Desired Platform services (3 services)
2025-01-29 13:23:27,736 INFO c.h.h.t.HelmChartContainer - [hivemq-test-hivemq-platform] [hivemq-platform-operator] [de53df0c] 13:23:27.733 [pool-6-thread-28] DEBUG c.h.p.o.dependants.PodInfoConfigMap - [helmcust] Desired PodInfo ConfigMap (1 extensions) (1 enabled)
2025-01-29 13:23:27,736 INFO c.h.h.t.HelmChartContainer - [hivemq-test-hivemq-platform] [hivemq-platform-operator] [de53df0c] 13:23:27.733 [pool-6-thread-28] DEBUG c.h.p.o.dependants.PodInfoConfigMap - [helmcust] Desired PodInfo ConfigMap (metrics port: 9399) (metrics path: /)
2025-01-29 13:23:27,736 INFO c.h.h.t.HelmChartContainer - [hivemq-test-hivemq-platform] [hivemq-platform-operator] [de53df0c] 13:23:27.733 [pool-6-thread-28] DEBUG c.h.p.o.dependants.PodInfoConfigMap - [helmcust] Desired PodInfo ConfigMap (extension state hash: -1817474005)
2025-01-29 13:23:27,736 INFO c.h.h.t.HelmChartContainer - [hivemq-test-hivemq-platform] [hivemq-platform-operator] [de53df0c] 13:23:27.734 [pool-6-thread-23] DEBUG c.h.p.o.d.PodServiceAccountResource - [helmcust] Desired PodServiceAccountResource (serviceAccountName: hivemq-platform-pod-test-hivemq-platform)
2025-01-29 13:23:27,751 INFO c.h.h.t.HelmChartContainer - [hivemq-test-hivemq-platform] [hivemq-platform-operator] [de53df0c] 13:23:27.750 [pool-6-thread-23] DEBUG c.h.p.o.d.StatefulSetResource - [helmcust] Desired StatefulSet (2 replicas) for status STARTING (READY)
2025-01-29 13:23:27,808 INFO c.h.h.t.HelmChartContainer - [test-hivemq-platform] [hivemq] [940a05ad] WARN  - [HiveMQ Platform Operator Init App 1.7.0-SNAPSHOT] Cannot connect to Health API for readiness: null
2025-01-29 13:23:27,812 INFO c.h.h.t.HelmChartContainer - [test-hivemq-platform] [hivemq] [940a05ad] INFO  - [HiveMQ Platform Operator Init App 1.7.0-SNAPSHOT] Successfully updated Pod HiveMQ Platform Operator Init App version annotation (version: 1.7.0-SNAPSHOT)
2025-01-29 13:23:27,815 INFO c.h.h.t.HelmChartContainer - [EVENT] Warning [Unhealthy] Readiness probe failed: HTTP probe failed with statuscode: 503 [helmcustomconfigit:test-hivemq-platform-0]
2025-01-29 13:23:27,815 INFO c.h.h.t.HelmChartContainer - Received Unhealthy event for container hivemq in pod test-hivemq-platform-0 [940a05ad-514c-4325-89bf-251471fc92a7]
2025-01-29 13:23:27,823 INFO c.h.h.t.HelmChartContainer - [hivemq-test-hivemq-platform] [hivemq-platform-operator] [de53df0c] 13:23:27.820 [ReconcilerExecutor-hivemq-controller-113] INFO  c.h.p.o.HiveMQPlatformReconciler - [helmcust] Reconciling HiveMQ Platform 'test-hivemq-platform' in namespace 'helmcustomconfigit'
2025-01-29 13:23:27,824 INFO c.h.h.t.HelmChartContainer - [hivemq-test-hivemq-platform] [hivemq-platform-operator] [de53df0c] 13:23:27.821 [ReconcilerExecutor-hivemq-controller-113] DEBUG c.h.p.o.HiveMQPlatformReconciler - [helmcust] Custom Resource Status STARTING - HiveMQ Platform is starting (READY)
2025-01-29 13:23:27,824 INFO c.h.h.t.HelmChartContainer - [hivemq-test-hivemq-platform] [hivemq-platform-operator] [de53df0c] 13:23:27.821 [ReconcilerExecutor-hivemq-controller-113] DEBUG c.h.p.o.HiveMQPlatformReconciler - [helmcust] Custom Resource Spec (replicas: 2) (extensions: 1)
2025-01-29 13:23:27,824 INFO c.h.h.t.HelmChartContainer - [hivemq-test-hivemq-platform] [hivemq-platform-operator] [de53df0c] 13:23:27.823 [ReconcilerExecutor-hivemq-controller-113] DEBUG c.h.p.o.HiveMQPlatformReconciler - [helmcust] StatefulSet Status (revision: test-hivemq-platform-6b448bcf6f, replicas: 1, available: 0, ready: 0, current: 1, updated: 1)
2025-01-29 13:23:27,824 INFO c.h.h.t.HelmChartContainer - [hivemq-test-hivemq-platform] [hivemq-platform-operator] [de53df0c] 13:23:27.823 [ReconcilerExecutor-hivemq-controller-113] DEBUG c.h.p.o.HiveMQPlatformReconciler - [helmcust] StatefulSet Spec (replicas: 2, init containers: 1, containers: 1, volumes: 3)
2025-01-29 13:23:27,827 INFO c.h.h.t.HelmChartContainer - [hivemq-test-hivemq-platform] [hivemq-platform-operator] [de53df0c] 13:23:27.826 [ReconcilerExecutor-hivemq-controller-113] DEBUG c.h.p.o.h.HiveMQPlatformReconcilerErrorHandler - [helmcust] Pod 'test-hivemq-platform-0' phase Running
2025-01-29 13:23:27,828 INFO c.h.h.t.HelmChartContainer - [hivemq-test-hivemq-platform] [hivemq-platform-operator] [de53df0c] 13:23:27.827 [ReconcilerExecutor-hivemq-controller-113] INFO  c.h.p.o.h.HiveMQPlatformReconcilerBaseHandler - [helmcust] HiveMQ Platform is starting, 0 of 2 replicas are ready
2025-01-29 13:23:32,802 INFO c.h.h.t.HelmChartContainer - [test-hivemq-platform] [hivemq] [940a05ad] WARN  - [HiveMQ Platform Operator Init App 1.7.0-SNAPSHOT] Cannot connect to Health API for readiness: null
2025-01-29 13:23:32,807 INFO c.h.h.t.HelmChartContainer - [EVENT] Warning [Unhealthy] Readiness probe failed: HTTP probe failed with statuscode: 503 [helmcustomconfigit:test-hivemq-platform-0]
2025-01-29 13:23:32,808 INFO c.h.h.t.HelmChartContainer - Received Unhealthy event for container hivemq in pod test-hivemq-platform-0 [940a05ad-514c-4325-89bf-251471fc92a7]
2025-01-29 13:23:35,734 INFO c.h.h.t.HelmChartContainer - [K3S] [INFO] COMPACT compactRev=0 targetCompactRev=2 currentRev=1159
2025-01-29 13:23:35,734 INFO c.h.h.t.HelmChartContainer - [K3S] [INFO] COMPACT deleted 0 rows from 2 revisions in 453.33µs - compacted to 2/1159
2025-01-29 13:23:35,734 INFO c.h.h.t.HelmChartContainer - [K3S] [INFO] COMPACT compacted from 0 to 2 in 1 transactions over 1ms
2025-01-29 13:23:37,004 INFO c.h.h.t.HelmChartContainer - [test-hivemq-platform] [hivemq] [940a05ad] WARN  - [HiveMQ Platform Operator Init App 1.7.0-SNAPSHOT] Cannot connect to Health API for liveness: null
2025-01-29 13:23:37,005 INFO c.h.h.t.HelmChartContainer - [test-hivemq-platform] [hivemq] [940a05ad] INFO  - [HiveMQ Platform Operator Init App 1.7.0-SNAPSHOT] Returning default Health API response 200 for liveness
2025-01-29 13:23:37,801 INFO c.h.h.t.HelmChartContainer - [test-hivemq-platform] [hivemq] [940a05ad] WARN  - [HiveMQ Platform Operator Init App 1.7.0-SNAPSHOT] Cannot connect to Health API for readiness: null
2025-01-29 13:23:37,810 INFO c.h.h.t.HelmChartContainer - [EVENT] Warning [Unhealthy] Readiness probe failed: HTTP probe failed with statuscode: 503 [helmcustomconfigit:test-hivemq-platform-0]
2025-01-29 13:23:37,810 INFO c.h.h.t.HelmChartContainer - Received Unhealthy event for container hivemq in pod test-hivemq-platform-0 [940a05ad-514c-4325-89bf-251471fc92a7]
2025-01-29 13:23:37,836 INFO c.h.h.t.HelmChartContainer - [hivemq-test-hivemq-platform] [hivemq-platform-operator] [de53df0c] 13:23:37.831 [pool-6-thread-37] DEBUG c.h.p.o.d.PlatformServiceResource - [helmcust] Desired Platform services (3 services)
2025-01-29 13:23:37,836 INFO c.h.h.t.HelmChartContainer - [hivemq-test-hivemq-platform] [hivemq-platform-operator] [de53df0c] 13:23:37.832 [pool-6-thread-31] DEBUG c.h.p.o.dependants.PodInfoConfigMap - [helmcust] Desired PodInfo ConfigMap (1 extensions) (1 enabled)
2025-01-29 13:23:37,836 INFO c.h.h.t.HelmChartContainer - [hivemq-test-hivemq-platform] [hivemq-platform-operator] [de53df0c] 13:23:37.832 [pool-6-thread-31] DEBUG c.h.p.o.dependants.PodInfoConfigMap - [helmcust] Desired PodInfo ConfigMap (metrics port: 9399) (metrics path: /)
2025-01-29 13:23:37,836 INFO c.h.h.t.HelmChartContainer - [hivemq-test-hivemq-platform] [hivemq-platform-operator] [de53df0c] 13:23:37.833 [pool-6-thread-31] DEBUG c.h.p.o.dependants.PodInfoConfigMap - [helmcust] Desired PodInfo ConfigMap (extension state hash: -1817474005)
2025-01-29 13:23:37,836 INFO c.h.h.t.HelmChartContainer - [hivemq-test-hivemq-platform] [hivemq-platform-operator] [de53df0c] 13:23:37.834 [pool-6-thread-35] DEBUG c.h.p.o.d.PodServiceAccountResource - [helmcust] Desired PodServiceAccountResource (serviceAccountName: hivemq-platform-pod-test-hivemq-platform)
2025-01-29 13:23:37,841 INFO c.h.h.t.HelmChartContainer - [hivemq-test-hivemq-platform] [hivemq-platform-operator] [de53df0c] 13:23:37.840 [pool-6-thread-37] DEBUG c.h.p.o.d.StatefulSetResource - [helmcust] Desired StatefulSet (2 replicas) for status STARTING (READY)
2025-01-29 13:23:37,847 INFO c.h.h.t.HelmChartContainer - [hivemq-test-hivemq-platform] [hivemq-platform-operator] [de53df0c] 13:23:37.845 [ReconcilerExecutor-hivemq-controller-114] INFO  c.h.p.o.HiveMQPlatformReconciler - [helmcust] Reconciling HiveMQ Platform 'test-hivemq-platform' in namespace 'helmcustomconfigit'
2025-01-29 13:23:37,847 INFO c.h.h.t.HelmChartContainer - [hivemq-test-hivemq-platform] [hivemq-platform-operator] [de53df0c] 13:23:37.846 [ReconcilerExecutor-hivemq-controller-114] DEBUG c.h.p.o.HiveMQPlatformReconciler - [helmcust] Custom Resource Status STARTING - HiveMQ Platform is starting (READY)
2025-01-29 13:23:37,847 INFO c.h.h.t.HelmChartContainer - [hivemq-test-hivemq-platform] [hivemq-platform-operator] [de53df0c] 13:23:37.846 [ReconcilerExecutor-hivemq-controller-114] DEBUG c.h.p.o.HiveMQPlatformReconciler - [helmcust] Custom Resource Spec (replicas: 2) (extensions: 1)
2025-01-29 13:23:37,923 INFO c.h.h.t.HelmChartContainer - [hivemq-test-hivemq-platform] [hivemq-platform-operator] [de53df0c] 13:23:37.921 [ReconcilerExecutor-hivemq-controller-114] DEBUG c.h.p.o.HiveMQPlatformReconciler - [helmcust] StatefulSet Status (revision: test-hivemq-platform-6b448bcf6f, replicas: 1, available: 0, ready: 0, current: 1, updated: 1)
2025-01-29 13:23:37,924 INFO c.h.h.t.HelmChartContainer - [hivemq-test-hivemq-platform] [hivemq-platform-operator] [de53df0c] 13:23:37.921 [ReconcilerExecutor-hivemq-controller-114] DEBUG c.h.p.o.HiveMQPlatformReconciler - [helmcust] StatefulSet Spec (replicas: 2, init containers: 1, containers: 1, volumes: 3)
2025-01-29 13:23:37,925 INFO c.h.h.t.HelmChartContainer - [hivemq-test-hivemq-platform] [hivemq-platform-operator] [de53df0c] 13:23:37.924 [ReconcilerExecutor-hivemq-controller-114] DEBUG c.h.p.o.h.HiveMQPlatformReconcilerErrorHandler - [helmcust] Pod 'test-hivemq-platform-0' phase Running
2025-01-29 13:23:37,926 INFO c.h.h.t.HelmChartContainer - [hivemq-test-hivemq-platform] [hivemq-platform-operator] [de53df0c] 13:23:37.925 [ReconcilerExecutor-hivemq-controller-114] INFO  c.h.p.o.h.HiveMQPlatformReconcilerBaseHandler - [helmcust] HiveMQ Platform is starting, 0 of 2 replicas are ready
2025-01-29 13:23:38,534 INFO c.h.h.t.HelmChartContainer - [K3S] [info.go:53] Couldn't collect info from any of the files in "/etc/machine-id,/var/lib/dbus/machine-id"
2025-01-29 13:23:39,451 INFO c.h.h.t.HelmChartContainer - [test-hivemq-platform] [hivemq] [940a05ad] INFO  - No valid license file found. Using trial license, restricted to 25 connections.
2025-01-29 13:23:42,805 INFO c.h.h.t.HelmChartContainer - [test-hivemq-platform] [hivemq] [940a05ad] WARN  - [HiveMQ Platform Operator Init App 1.7.0-SNAPSHOT] Cannot connect to Health API for readiness: null
2025-01-29 13:23:42,810 INFO c.h.h.t.HelmChartContainer - [EVENT] Warning [Unhealthy] Readiness probe failed: HTTP probe failed with statuscode: 503 [helmcustomconfigit:test-hivemq-platform-0]
2025-01-29 13:23:42,810 INFO c.h.h.t.HelmChartContainer - Received Unhealthy event for container hivemq in pod test-hivemq-platform-0 [940a05ad-514c-4325-89bf-251471fc92a7]
2025-01-29 13:23:44,507 INFO c.h.h.t.HelmChartContainer - [test-hivemq-platform] [hivemq] [940a05ad] INFO  - No valid license file for Data Hub found. Using free license, restricted to 1 policy.
2025-01-29 13:23:45,710 INFO c.h.h.t.HelmChartContainer - [test-hivemq-platform] [hivemq] [940a05ad] INFO  - Audit Logger started.
2025-01-29 13:23:46,005 INFO c.h.h.t.HelmChartContainer - [test-hivemq-platform] [hivemq] [940a05ad] INFO  - This node uses '1' CPU cores.
2025-01-29 13:23:46,010 INFO c.h.h.t.HelmChartContainer - [test-hivemq-platform] [hivemq] [940a05ad] INFO  - Starting HiveMQ Health API on address 0.0.0.0 and port 8889
2025-01-29 13:23:46,908 INFO c.h.h.t.HelmChartContainer - [test-hivemq-platform] [hivemq] [940a05ad] INFO  - Started HiveMQ Health API in 897ms
2025-01-29 13:23:47,514 INFO c.h.h.t.HelmChartContainer - [test-hivemq-platform] [hivemq] [940a05ad] INFO  - Starting HiveMQ extension system.
2025-01-29 13:23:47,806 INFO c.h.h.t.HelmChartContainer - [test-hivemq-platform] [hivemq] [940a05ad] INFO  - Starting extension with id "hivemq-dns-cluster-discovery" at /opt/hivemq/extensions/hivemq-dns-cluster-discovery
2025-01-29 13:23:47,933 INFO c.h.h.t.HelmChartContainer - [hivemq-test-hivemq-platform] [hivemq-platform-operator] [de53df0c] 13:23:47.929 [pool-6-thread-42] DEBUG c.h.p.o.d.PlatformServiceResource - [helmcust] Desired Platform services (3 services)
2025-01-29 13:23:47,935 INFO c.h.h.t.HelmChartContainer - [hivemq-test-hivemq-platform] [hivemq-platform-operator] [de53df0c] 13:23:47.930 [pool-6-thread-45] DEBUG c.h.p.o.dependants.PodInfoConfigMap - [helmcust] Desired PodInfo ConfigMap (1 extensions) (1 enabled)
2025-01-29 13:23:47,935 INFO c.h.h.t.HelmChartContainer - [hivemq-test-hivemq-platform] [hivemq-platform-operator] [de53df0c] 13:23:47.930 [pool-6-thread-45] DEBUG c.h.p.o.dependants.PodInfoConfigMap - [helmcust] Desired PodInfo ConfigMap (metrics port: 9399) (metrics path: /)
2025-01-29 13:23:47,935 INFO c.h.h.t.HelmChartContainer - [hivemq-test-hivemq-platform] [hivemq-platform-operator] [de53df0c] 13:23:47.930 [pool-6-thread-45] DEBUG c.h.p.o.dependants.PodInfoConfigMap - [helmcust] Desired PodInfo ConfigMap (extension state hash: -1817474005)
2025-01-29 13:23:47,935 INFO c.h.h.t.HelmChartContainer - [hivemq-test-hivemq-platform] [hivemq-platform-operator] [de53df0c] 13:23:47.933 [pool-6-thread-47] DEBUG c.h.p.o.d.PodServiceAccountResource - [helmcust] Desired PodServiceAccountResource (serviceAccountName: hivemq-platform-pod-test-hivemq-platform)
2025-01-29 13:23:48,023 INFO c.h.h.t.HelmChartContainer - [hivemq-test-hivemq-platform] [hivemq-platform-operator] [de53df0c] 13:23:48.022 [pool-6-thread-41] DEBUG c.h.p.o.d.StatefulSetResource - [helmcust] Desired StatefulSet (2 replicas) for status STARTING (READY)
2025-01-29 13:23:48,033 INFO c.h.h.t.HelmChartContainer - [hivemq-test-hivemq-platform] [hivemq-platform-operator] [de53df0c] 13:23:48.030 [ReconcilerExecutor-hivemq-controller-115] INFO  c.h.p.o.HiveMQPlatformReconciler - [helmcust] Reconciling HiveMQ Platform 'test-hivemq-platform' in namespace 'helmcustomconfigit'
2025-01-29 13:23:48,033 INFO c.h.h.t.HelmChartContainer - [hivemq-test-hivemq-platform] [hivemq-platform-operator] [de53df0c] 13:23:48.030 [ReconcilerExecutor-hivemq-controller-115] DEBUG c.h.p.o.HiveMQPlatformReconciler - [helmcust] Custom Resource Status STARTING - HiveMQ Platform is starting (READY)
2025-01-29 13:23:48,034 INFO c.h.h.t.HelmChartContainer - [hivemq-test-hivemq-platform] [hivemq-platform-operator] [de53df0c] 13:23:48.030 [ReconcilerExecutor-hivemq-controller-115] DEBUG c.h.p.o.HiveMQPlatformReconciler - [helmcust] Custom Resource Spec (replicas: 2) (extensions: 1)
2025-01-29 13:23:48,034 INFO c.h.h.t.HelmChartContainer - [hivemq-test-hivemq-platform] [hivemq-platform-operator] [de53df0c] 13:23:48.032 [ReconcilerExecutor-hivemq-controller-115] DEBUG c.h.p.o.HiveMQPlatformReconciler - [helmcust] StatefulSet Status (revision: test-hivemq-platform-6b448bcf6f, replicas: 1, available: 0, ready: 0, current: 1, updated: 1)
2025-01-29 13:23:48,034 INFO c.h.h.t.HelmChartContainer - [hivemq-test-hivemq-platform] [hivemq-platform-operator] [de53df0c] 13:23:48.032 [ReconcilerExecutor-hivemq-controller-115] DEBUG c.h.p.o.HiveMQPlatformReconciler - [helmcust] StatefulSet Spec (replicas: 2, init containers: 1, containers: 1, volumes: 3)
2025-01-29 13:23:48,035 INFO c.h.h.t.HelmChartContainer - [hivemq-test-hivemq-platform] [hivemq-platform-operator] [de53df0c] 13:23:48.034 [ReconcilerExecutor-hivemq-controller-115] DEBUG c.h.p.o.h.HiveMQPlatformReconcilerErrorHandler - [helmcust] Pod 'test-hivemq-platform-0' phase Running
2025-01-29 13:23:48,036 INFO c.h.h.t.HelmChartContainer - [hivemq-test-hivemq-platform] [hivemq-platform-operator] [de53df0c] 13:23:48.035 [ReconcilerExecutor-hivemq-controller-115] INFO  c.h.p.o.h.HiveMQPlatformReconcilerBaseHandler - [helmcust] HiveMQ Platform is starting, 0 of 2 replicas are ready
2025-01-29 13:23:48,608 INFO c.h.h.t.HelmChartContainer - [test-hivemq-platform] [hivemq] [940a05ad] INFO  - Extension "DNS Cluster Discovery Extension" version 4.3.2 started successfully.
2025-01-29 13:23:48,609 INFO c.h.h.t.HelmChartContainer - [test-hivemq-platform] [hivemq] [940a05ad] INFO  - Starting extension with id "hivemq-prometheus-extension" at /opt/hivemq/extensions/hivemq-prometheus-extension
2025-01-29 13:23:48,766 INFO c.h.h.t.HelmChartContainer - [EVENT] Warning [Unhealthy] Readiness probe failed: Get "http://10.42.0.11:7979/readiness": context deadline exceeded (Client.Timeout exceeded while awaiting headers) [helmcustomconfigit:test-hivemq-platform-0]
2025-01-29 13:23:48,766 INFO c.h.h.t.HelmChartContainer - Received Unhealthy event for container hivemq in pod test-hivemq-platform-0 [940a05ad-514c-4325-89bf-251471fc92a7]
2025-01-29 13:23:49,008 INFO c.h.h.t.HelmChartContainer - [test-hivemq-platform] [hivemq] [940a05ad] INFO  - Using TCP cluster transport on address 10.42.0.11 and port 7000
2025-01-29 13:23:49,106 INFO c.h.h.t.HelmChartContainer - [test-hivemq-platform] [hivemq] [940a05ad] INFO  - Using extension cluster discovery
2025-01-29 13:23:49,903 INFO c.h.h.t.HelmChartContainer - [test-hivemq-platform] [hivemq] [940a05ad] INFO  - [HiveMQ Platform Operator Init App 1.7.0-SNAPSHOT] Returning Health API response 503 for readiness
2025-01-29 13:23:50,103 INFO c.h.h.t.HelmChartContainer - [test-hivemq-platform] [hivemq] [940a05ad] INFO  - Started Jetty Server exposing Prometheus Servlet on URI http://0.0.0.0:9399/
2025-01-29 13:23:50,103 INFO c.h.h.t.HelmChartContainer - [test-hivemq-platform] [hivemq] [940a05ad] INFO  - Extension "Prometheus Monitoring Extension" version 4.0.12 started successfully.
2025-01-29 13:23:50,103 INFO c.h.h.t.HelmChartContainer - [test-hivemq-platform] [hivemq] [940a05ad] INFO  - Starting extension with id "hivemq-allow-all-extension" at /opt/hivemq/extensions/hivemq-allow-all-extension
2025-01-29 13:23:50,104 INFO c.h.h.t.HelmChartContainer - [test-hivemq-platform] [hivemq] [940a05ad] WARN  - 
2025-01-29 13:23:50,104 INFO c.h.h.t.HelmChartContainer - [test-hivemq-platform] [hivemq] [940a05ad] ################################################################################################################
2025-01-29 13:23:50,104 INFO c.h.h.t.HelmChartContainer - [test-hivemq-platform] [hivemq] [940a05ad] # This HiveMQ deployment is not secure! You are lacking Authentication and Authorization.                      #
2025-01-29 13:23:50,104 INFO c.h.h.t.HelmChartContainer - [test-hivemq-platform] [hivemq] [940a05ad] # Right now any MQTT client can connect to the broker with a full set of permissions.                          #
2025-01-29 13:23:50,104 INFO c.h.h.t.HelmChartContainer - [test-hivemq-platform] [hivemq] [940a05ad] # For production usage, add an appropriate security extension and remove the hivemq-allow-all extension.       #
2025-01-29 13:23:50,104 INFO c.h.h.t.HelmChartContainer - [test-hivemq-platform] [hivemq] [940a05ad] # You can download security extensions from the HiveMQ Marketplace (https://www.hivemq.com/extensions/).       #
2025-01-29 13:23:50,104 INFO c.h.h.t.HelmChartContainer - [test-hivemq-platform] [hivemq] [940a05ad] ################################################################################################################
2025-01-29 13:23:50,105 INFO c.h.h.t.HelmChartContainer - [test-hivemq-platform] [hivemq] [940a05ad] INFO  - Extension "Allow All Extension" version 1.1.1 started successfully.
2025-01-29 13:23:52,103 INFO c.h.h.t.HelmChartContainer - [test-hivemq-platform] [hivemq] [940a05ad] INFO  - 0HFhy: no members discovered after 2097 ms: creating cluster as first member
2025-01-29 13:23:52,110 INFO c.h.h.t.HelmChartContainer - [test-hivemq-platform] [hivemq] [940a05ad] INFO  - Cluster nodes found by discovery: [0HFhy|0] (1) [0HFhy].
2025-01-29 13:23:52,208 INFO c.h.h.t.HelmChartContainer - [test-hivemq-platform] [hivemq] [940a05ad] WARN  - No user for HiveMQ Control Center configured. Starting with default user
2025-01-29 13:23:52,209 INFO c.h.h.t.HelmChartContainer - [test-hivemq-platform] [hivemq] [940a05ad] INFO  - Starting HiveMQ Control Center on address 0.0.0.0 and port 8080
2025-01-29 13:23:52,223 INFO c.h.h.t.HelmChartContainer - [test-hivemq-platform] [hivemq] [940a05ad] INFO  - Mounting HiveMQ Control Center V2 Preview
2025-01-29 13:23:52,811 INFO c.h.h.t.HelmChartContainer - [EVENT] Warning [Unhealthy] Readiness probe failed: HTTP probe failed with statuscode: 503 [helmcustomconfigit:test-hivemq-platform-0]
2025-01-29 13:23:52,811 INFO c.h.h.t.HelmChartContainer - Received Unhealthy event for container hivemq in pod test-hivemq-platform-0 [940a05ad-514c-4325-89bf-251471fc92a7]
2025-01-29 13:23:53,003 INFO c.h.h.t.HelmChartContainer - [test-hivemq-platform] [hivemq] [940a05ad] INFO  - Started HiveMQ Control Center in 795ms
2025-01-29 13:23:53,023 INFO c.h.h.t.HelmChartContainer - [test-hivemq-platform] [hivemq] [940a05ad] INFO  - Starting TCP listener on address 0.0.0.0 and port 1883
2025-01-29 13:23:53,115 INFO c.h.h.t.HelmChartContainer - [test-hivemq-platform] [hivemq] [940a05ad] INFO  - Started TCP Listener on address 0.0.0.0 and on port 1883.
2025-01-29 13:23:53,115 INFO c.h.h.t.HelmChartContainer - [test-hivemq-platform] [hivemq] [940a05ad] INFO  - Started HiveMQ in 34005ms
2025-01-29 13:23:57,726 INFO c.h.h.t.HelmChartContainer - [test-hivemq-platform] [hivemq] [940a05ad] INFO  - [HiveMQ Platform Operator Init App 1.7.0-SNAPSHOT] Returning Health API response 200 for readiness
2025-01-29 13:23:57,752 INFO c.h.h.t.HelmChartContainer - [POD] test-hivemq-platform-0 [940a05ad-514c-4325-89bf-251471fc92a7] in helmcustomconfigit was MODIFIED
2025-01-29 13:23:57,757 INFO c.h.h.t.HelmChartContainer - [hivemq-test-hivemq-platform] [hivemq-platform-operator] [de53df0c] 13:23:57.756 [pool-6-thread-1] DEBUG c.h.p.o.d.PlatformServiceResource - [helmcust] Desired Platform services (3 services)
2025-01-29 13:23:57,765 INFO c.h.h.t.HelmChartContainer - [POD] test-hivemq-platform-1 [d33fe4e4-7ebf-49ec-8034-701b28ca8263] in helmcustomconfigit was ADDED
2025-01-29 13:23:57,766 INFO c.h.h.t.HelmChartContainer - [hivemq-test-hivemq-platform] [hivemq-platform-operator] [de53df0c] 13:23:57.759 [pool-6-thread-4] DEBUG c.h.p.o.dependants.PodInfoConfigMap - [helmcust] Desired PodInfo ConfigMap (1 extensions) (1 enabled)
2025-01-29 13:23:57,766 INFO c.h.h.t.HelmChartContainer - [hivemq-test-hivemq-platform] [hivemq-platform-operator] [de53df0c] 13:23:57.760 [pool-6-thread-7] DEBUG c.h.p.o.d.PodServiceAccountResource - [helmcust] Desired PodServiceAccountResource (serviceAccountName: hivemq-platform-pod-test-hivemq-platform)
2025-01-29 13:23:57,766 INFO c.h.h.t.HelmChartContainer - [hivemq-test-hivemq-platform] [hivemq-platform-operator] [de53df0c] 13:23:57.760 [pool-6-thread-4] DEBUG c.h.p.o.dependants.PodInfoConfigMap - [helmcust] Desired PodInfo ConfigMap (metrics port: 9399) (metrics path: /)
2025-01-29 13:23:57,766 INFO c.h.h.t.HelmChartContainer - [hivemq-test-hivemq-platform] [hivemq-platform-operator] [de53df0c] 13:23:57.761 [pool-6-thread-4] DEBUG c.h.p.o.dependants.PodInfoConfigMap - [helmcust] Desired PodInfo ConfigMap (extension state hash: -1817474005)
2025-01-29 13:23:57,775 INFO c.h.h.t.HelmChartContainer - [POD] test-hivemq-platform-1 [d33fe4e4-7ebf-49ec-8034-701b28ca8263] in helmcustomconfigit was MODIFIED
2025-01-29 13:23:57,780 INFO c.h.h.t.HelmChartContainer - [EVENT] Normal [Scheduled] Successfully assigned helmcustomconfigit/test-hivemq-platform-1 to 8f07877cb075 [helmcustomconfigit:test-hivemq-platform-1]
2025-01-29 13:23:57,782 INFO c.h.h.t.HelmChartContainer - [EVENT] Normal [SuccessfulCreate] create Pod test-hivemq-platform-1 in StatefulSet test-hivemq-platform successful [helmcustomconfigit:test-hivemq-platform]
2025-01-29 13:23:57,796 INFO c.h.h.t.HelmChartContainer - [POD] test-hivemq-platform-1 [d33fe4e4-7ebf-49ec-8034-701b28ca8263] in helmcustomconfigit was MODIFIED
2025-01-29 13:23:57,826 INFO c.h.h.t.HelmChartContainer - [hivemq-test-hivemq-platform] [hivemq-platform-operator] [de53df0c] 13:23:57.821 [pool-6-thread-4] DEBUG c.h.p.o.d.StatefulSetResource - [helmcust] Desired StatefulSet (2 replicas) for status STARTING (READY)
2025-01-29 13:23:57,843 INFO c.h.h.t.HelmChartContainer - [hivemq-test-hivemq-platform] [hivemq-platform-operator] [de53df0c] 13:23:57.831 [ReconcilerExecutor-hivemq-controller-116] INFO  c.h.p.o.HiveMQPlatformReconciler - [helmcust] Reconciling HiveMQ Platform 'test-hivemq-platform' in namespace 'helmcustomconfigit'
2025-01-29 13:23:57,843 INFO c.h.h.t.HelmChartContainer - [hivemq-test-hivemq-platform] [hivemq-platform-operator] [de53df0c] 13:23:57.831 [ReconcilerExecutor-hivemq-controller-116] DEBUG c.h.p.o.HiveMQPlatformReconciler - [helmcust] Custom Resource Status STARTING - HiveMQ Platform is starting (READY)
2025-01-29 13:23:57,843 INFO c.h.h.t.HelmChartContainer - [hivemq-test-hivemq-platform] [hivemq-platform-operator] [de53df0c] 13:23:57.831 [ReconcilerExecutor-hivemq-controller-116] DEBUG c.h.p.o.HiveMQPlatformReconciler - [helmcust] Custom Resource Spec (replicas: 2) (extensions: 1)
2025-01-29 13:23:57,843 INFO c.h.h.t.HelmChartContainer - [hivemq-test-hivemq-platform] [hivemq-platform-operator] [de53df0c] 13:23:57.832 [ReconcilerExecutor-hivemq-controller-116] DEBUG c.h.p.o.HiveMQPlatformReconciler - [helmcust] StatefulSet Status (revision: test-hivemq-platform-6b448bcf6f, replicas: 2, available: 1, ready: 1, current: 2, updated: 2)
2025-01-29 13:23:57,843 INFO c.h.h.t.HelmChartContainer - [hivemq-test-hivemq-platform] [hivemq-platform-operator] [de53df0c] 13:23:57.833 [ReconcilerExecutor-hivemq-controller-116] DEBUG c.h.p.o.HiveMQPlatformReconciler - [helmcust] StatefulSet Spec (replicas: 2, init containers: 1, containers: 1, volumes: 3)
2025-01-29 13:23:57,843 INFO c.h.h.t.HelmChartContainer - [hivemq-test-hivemq-platform] [hivemq-platform-operator] [de53df0c] 13:23:57.837 [ReconcilerExecutor-hivemq-controller-116] DEBUG c.h.p.o.h.HiveMQPlatformReconcilerErrorHandler - [helmcust] Pod 'test-hivemq-platform-1' phase Pending
2025-01-29 13:23:57,844 INFO c.h.h.t.HelmChartContainer - [hivemq-test-hivemq-platform] [hivemq-platform-operator] [de53df0c] 13:23:57.837 [ReconcilerExecutor-hivemq-controller-116] DEBUG c.h.p.o.h.HiveMQPlatformReconcilerErrorHandler - [helmcust] Pod 'test-hivemq-platform-1' condition 'PodReadyToStartContainers': False
2025-01-29 13:23:57,844 INFO c.h.h.t.HelmChartContainer - [hivemq-test-hivemq-platform] [hivemq-platform-operator] [de53df0c] 13:23:57.838 [ReconcilerExecutor-hivemq-controller-116] DEBUG c.h.p.o.h.HiveMQPlatformReconcilerErrorHandler - [helmcust] Pod 'test-hivemq-platform-1' condition 'Initialized': False
2025-01-29 13:23:57,849 INFO c.h.h.t.HelmChartContainer - [hivemq-test-hivemq-platform] [hivemq-platform-operator] [de53df0c] 13:23:57.838 [ReconcilerExecutor-hivemq-controller-116] DEBUG c.h.p.o.h.HiveMQPlatformReconcilerErrorHandler - [helmcust] Pod 'test-hivemq-platform-1' condition 'Ready': False
2025-01-29 13:23:57,849 INFO c.h.h.t.HelmChartContainer - [hivemq-test-hivemq-platform] [hivemq-platform-operator] [de53df0c] 13:23:57.838 [ReconcilerExecutor-hivemq-controller-116] DEBUG c.h.p.o.h.HiveMQPlatformReconcilerErrorHandler - [helmcust] Pod 'test-hivemq-platform-1' condition 'ContainersReady': False
2025-01-29 13:23:57,849 INFO c.h.h.t.HelmChartContainer - [hivemq-test-hivemq-platform] [hivemq-platform-operator] [de53df0c] 13:23:57.838 [ReconcilerExecutor-hivemq-controller-116] DEBUG c.h.p.o.h.HiveMQPlatformReconcilerErrorHandler - [helmcust] Pod 'test-hivemq-platform-1' condition 'PodScheduled': True
2025-01-29 13:23:57,849 INFO c.h.h.t.HelmChartContainer - [hivemq-test-hivemq-platform] [hivemq-platform-operator] [de53df0c] 13:23:57.838 [ReconcilerExecutor-hivemq-controller-116] DEBUG c.h.p.o.h.HiveMQPlatformReconcilerErrorHandler - [helmcust] Pod 'test-hivemq-platform-1' containerStatus 'hivemq' (started: false) (ready: false) (waiting: [PodInitializing] null)
2025-01-29 13:23:57,849 INFO c.h.h.t.HelmChartContainer - [hivemq-test-hivemq-platform] [hivemq-platform-operator] [de53df0c] 13:23:57.840 [ReconcilerExecutor-hivemq-controller-116] DEBUG c.h.p.o.h.HiveMQPlatformReconcilerErrorHandler - [helmcust] Pod 'test-hivemq-platform-0' phase Running
2025-01-29 13:23:57,849 INFO c.h.h.t.HelmChartContainer - [hivemq-test-hivemq-platform] [hivemq-platform-operator] [de53df0c] 13:23:57.843 [ReconcilerExecutor-hivemq-controller-116] INFO  c.h.p.o.h.HiveMQPlatformReconcilerBaseHandler - [helmcust] HiveMQ Platform is starting, 1 of 2 replicas are ready
2025-01-29 13:23:57,872 INFO c.h.h.t.HelmChartContainer - [K3S] [reconciler_common.go:251] "operationExecutor.VerifyControllerAttachedVolume started for volume \"broker-configuration\" (UniqueName: \"kubernetes.io/configmap/d33fe4e4-7ebf-49ec-8034-701b28ca8263-broker-configuration\") pod \"test-hivemq-platform-1\" (UID: \"d33fe4e4-7ebf-49ec-8034-701b28ca8263\") " pod="helmcustomconfigit/test-hivemq-platform-1"
2025-01-29 13:23:57,872 INFO c.h.h.t.HelmChartContainer - [K3S] [reconciler_common.go:251] "operationExecutor.VerifyControllerAttachedVolume started for volume \"kube-api-access-vgklz\" (UniqueName: \"kubernetes.io/projected/d33fe4e4-7ebf-49ec-8034-701b28ca8263-kube-api-access-vgklz\") pod \"test-hivemq-platform-1\" (UID: \"d33fe4e4-7ebf-49ec-8034-701b28ca8263\") " pod="helmcustomconfigit/test-hivemq-platform-1"
2025-01-29 13:23:57,872 INFO c.h.h.t.HelmChartContainer - [K3S] [reconciler_common.go:251] "operationExecutor.VerifyControllerAttachedVolume started for volume \"pod-info\" (UniqueName: \"kubernetes.io/configmap/d33fe4e4-7ebf-49ec-8034-701b28ca8263-pod-info\") pod \"test-hivemq-platform-1\" (UID: \"d33fe4e4-7ebf-49ec-8034-701b28ca8263\") " pod="helmcustomconfigit/test-hivemq-platform-1"
2025-01-29 13:23:57,872 INFO c.h.h.t.HelmChartContainer - [K3S] [reconciler_common.go:251] "operationExecutor.VerifyControllerAttachedVolume started for volume \"operator-init\" (UniqueName: \"kubernetes.io/empty-dir/d33fe4e4-7ebf-49ec-8034-701b28ca8263-operator-init\") pod \"test-hivemq-platform-1\" (UID: \"d33fe4e4-7ebf-49ec-8034-701b28ca8263\") " pod="helmcustomconfigit/test-hivemq-platform-1"
2025-01-29 13:23:57,927 INFO c.h.h.t.HelmChartContainer - [hivemq-test-hivemq-platform] [hivemq-platform-operator] [de53df0c] 13:23:57.922 [pool-6-thread-14] DEBUG c.h.p.o.d.PlatformServiceResource - [helmcust] Desired Platform services (3 services)
2025-01-29 13:23:57,927 INFO c.h.h.t.HelmChartContainer - [hivemq-test-hivemq-platform] [hivemq-platform-operator] [de53df0c] 13:23:57.923 [pool-6-thread-19] DEBUG c.h.p.o.dependants.PodInfoConfigMap - [helmcust] Desired PodInfo ConfigMap (1 extensions) (1 enabled)
2025-01-29 13:23:57,928 INFO c.h.h.t.HelmChartContainer - [hivemq-test-hivemq-platform] [hivemq-platform-operator] [de53df0c] 13:23:57.924 [pool-6-thread-19] DEBUG c.h.p.o.dependants.PodInfoConfigMap - [helmcust] Desired PodInfo ConfigMap (metrics port: 9399) (metrics path: /)
2025-01-29 13:23:57,930 INFO c.h.h.t.HelmChartContainer - [hivemq-test-hivemq-platform] [hivemq-platform-operator] [de53df0c] 13:23:57.924 [pool-6-thread-19] DEBUG c.h.p.o.dependants.PodInfoConfigMap - [helmcust] Desired PodInfo ConfigMap (extension state hash: -1817474005)
2025-01-29 13:23:57,930 INFO c.h.h.t.HelmChartContainer - [hivemq-test-hivemq-platform] [hivemq-platform-operator] [de53df0c] 13:23:57.926 [pool-6-thread-16] DEBUG c.h.p.o.d.PodServiceAccountResource - [helmcust] Desired PodServiceAccountResource (serviceAccountName: hivemq-platform-pod-test-hivemq-platform)
2025-01-29 13:23:57,935 INFO c.h.h.t.HelmChartContainer - [hivemq-test-hivemq-platform] [hivemq-platform-operator] [de53df0c] 13:23:57.933 [pool-6-thread-14] DEBUG c.h.p.o.d.StatefulSetResource - [helmcust] Desired StatefulSet (2 replicas) for status STARTING (READY)
2025-01-29 13:23:57,940 INFO c.h.h.t.HelmChartContainer - [hivemq-test-hivemq-platform] [hivemq-platform-operator] [de53df0c] 13:23:57.938 [ReconcilerExecutor-hivemq-controller-117] INFO  c.h.p.o.HiveMQPlatformReconciler - [helmcust] Reconciling HiveMQ Platform 'test-hivemq-platform' in namespace 'helmcustomconfigit'
2025-01-29 13:23:57,940 INFO c.h.h.t.HelmChartContainer - [hivemq-test-hivemq-platform] [hivemq-platform-operator] [de53df0c] 13:23:57.938 [ReconcilerExecutor-hivemq-controller-117] DEBUG c.h.p.o.HiveMQPlatformReconciler - [helmcust] Custom Resource Status STARTING - HiveMQ Platform is starting (READY)
2025-01-29 13:23:57,940 INFO c.h.h.t.HelmChartContainer - [hivemq-test-hivemq-platform] [hivemq-platform-operator] [de53df0c] 13:23:57.938 [ReconcilerExecutor-hivemq-controller-117] DEBUG c.h.p.o.HiveMQPlatformReconciler - [helmcust] Custom Resource Spec (replicas: 2) (extensions: 1)
2025-01-29 13:23:57,942 INFO c.h.h.t.HelmChartContainer - [hivemq-test-hivemq-platform] [hivemq-platform-operator] [de53df0c] 13:23:57.941 [ReconcilerExecutor-hivemq-controller-117] DEBUG c.h.p.o.HiveMQPlatformReconciler - [helmcust] StatefulSet Status (revision: test-hivemq-platform-6b448bcf6f, replicas: 2, available: 1, ready: 1, current: 2, updated: 2)
2025-01-29 13:23:57,942 INFO c.h.h.t.HelmChartContainer - [hivemq-test-hivemq-platform] [hivemq-platform-operator] [de53df0c] 13:23:57.941 [ReconcilerExecutor-hivemq-controller-117] DEBUG c.h.p.o.HiveMQPlatformReconciler - [helmcust] StatefulSet Spec (replicas: 2, init containers: 1, containers: 1, volumes: 3)
2025-01-29 13:23:58,024 INFO c.h.h.t.HelmChartContainer - [hivemq-test-hivemq-platform] [hivemq-platform-operator] [de53df0c] 13:23:58.022 [ReconcilerExecutor-hivemq-controller-117] DEBUG c.h.p.o.h.HiveMQPlatformReconcilerErrorHandler - [helmcust] Pod 'test-hivemq-platform-1' phase Pending
2025-01-29 13:23:58,024 INFO c.h.h.t.HelmChartContainer - [hivemq-test-hivemq-platform] [hivemq-platform-operator] [de53df0c] 13:23:58.022 [ReconcilerExecutor-hivemq-controller-117] DEBUG c.h.p.o.h.HiveMQPlatformReconcilerErrorHandler - [helmcust] Pod 'test-hivemq-platform-1' condition 'PodReadyToStartContainers': False
2025-01-29 13:23:58,024 INFO c.h.h.t.HelmChartContainer - [hivemq-test-hivemq-platform] [hivemq-platform-operator] [de53df0c] 13:23:58.022 [ReconcilerExecutor-hivemq-controller-117] DEBUG c.h.p.o.h.HiveMQPlatformReconcilerErrorHandler - [helmcust] Pod 'test-hivemq-platform-1' condition 'Initialized': False
2025-01-29 13:23:58,024 INFO c.h.h.t.HelmChartContainer - [hivemq-test-hivemq-platform] [hivemq-platform-operator] [de53df0c] 13:23:58.022 [ReconcilerExecutor-hivemq-controller-117] DEBUG c.h.p.o.h.HiveMQPlatformReconcilerErrorHandler - [helmcust] Pod 'test-hivemq-platform-1' condition 'Ready': False
2025-01-29 13:23:58,024 INFO c.h.h.t.HelmChartContainer - [hivemq-test-hivemq-platform] [hivemq-platform-operator] [de53df0c] 13:23:58.022 [ReconcilerExecutor-hivemq-controller-117] DEBUG c.h.p.o.h.HiveMQPlatformReconcilerErrorHandler - [helmcust] Pod 'test-hivemq-platform-1' condition 'ContainersReady': False
2025-01-29 13:23:58,024 INFO c.h.h.t.HelmChartContainer - [hivemq-test-hivemq-platform] [hivemq-platform-operator] [de53df0c] 13:23:58.022 [ReconcilerExecutor-hivemq-controller-117] DEBUG c.h.p.o.h.HiveMQPlatformReconcilerErrorHandler - [helmcust] Pod 'test-hivemq-platform-1' condition 'PodScheduled': True
2025-01-29 13:23:58,024 INFO c.h.h.t.HelmChartContainer - [hivemq-test-hivemq-platform] [hivemq-platform-operator] [de53df0c] 13:23:58.022 [ReconcilerExecutor-hivemq-controller-117] DEBUG c.h.p.o.h.HiveMQPlatformReconcilerErrorHandler - [helmcust] Pod 'test-hivemq-platform-1' containerStatus 'hivemq' (started: false) (ready: false) (waiting: [PodInitializing] null)
2025-01-29 13:23:58,025 INFO c.h.h.t.HelmChartContainer - [hivemq-test-hivemq-platform] [hivemq-platform-operator] [de53df0c] 13:23:58.024 [ReconcilerExecutor-hivemq-controller-117] DEBUG c.h.p.o.h.HiveMQPlatformReconcilerErrorHandler - [helmcust] Pod 'test-hivemq-platform-0' phase Running
2025-01-29 13:23:58,026 INFO c.h.h.t.HelmChartContainer - [hivemq-test-hivemq-platform] [hivemq-platform-operator] [de53df0c] 13:23:58.025 [ReconcilerExecutor-hivemq-controller-117] INFO  c.h.p.o.h.HiveMQPlatformReconcilerBaseHandler - [helmcust] HiveMQ Platform is starting, 1 of 2 replicas are ready
2025-01-29 13:23:58,168 INFO c.h.h.t.HelmChartContainer - [EVENT] Normal [Pulled] Container image "docker.io/hivemq/hivemq-platform-operator-init-test:snapshot" already present on machine [helmcustomconfigit:test-hivemq-platform-1]
2025-01-29 13:23:58,174 INFO c.h.h.t.HelmChartContainer - [EVENT] Normal [Created] Created container: hivemq-platform-operator-init [helmcustomconfigit:test-hivemq-platform-1]
2025-01-29 13:23:58,211 INFO c.h.h.t.HelmChartContainer - [EVENT] Normal [Started] Started container hivemq-platform-operator-init [helmcustomconfigit:test-hivemq-platform-1]
2025-01-29 13:23:59,070 INFO c.h.h.t.HelmChartContainer - [EVENT] Normal [Pulled] Container image "docker.io/hivemq/hivemq4:4.36.0" already present on machine [helmcustomconfigit:test-hivemq-platform-1]
2025-01-29 13:23:59,070 INFO c.h.h.t.HelmChartContainer - Received Pulled event for container hivemq in pod test-hivemq-platform-1 [d33fe4e4-7ebf-49ec-8034-701b28ca8263]
2025-01-29 13:23:59,083 INFO c.h.h.t.HelmChartContainer - [POD] test-hivemq-platform-1 [d33fe4e4-7ebf-49ec-8034-701b28ca8263] in helmcustomconfigit was MODIFIED
2025-01-29 13:23:59,100 INFO c.h.h.t.HelmChartContainer - [EVENT] Normal [Created] Created container: hivemq [helmcustomconfigit:test-hivemq-platform-1]
2025-01-29 13:23:59,100 INFO c.h.h.t.HelmChartContainer - Received Created event for container hivemq in pod test-hivemq-platform-1 [d33fe4e4-7ebf-49ec-8034-701b28ca8263]
2025-01-29 13:23:59,108 INFO c.h.h.t.HelmChartContainer - [hivemq-test-hivemq-platform] [hivemq-platform-operator] [de53df0c] 13:23:59.100 [pool-6-thread-24] DEBUG c.h.p.o.d.PlatformServiceResource - [helmcust] Desired Platform services (3 services)
2025-01-29 13:23:59,111 INFO c.h.h.t.HelmChartContainer - [hivemq-test-hivemq-platform] [hivemq-platform-operator] [de53df0c] 13:23:59.103 [pool-6-thread-26] DEBUG c.h.p.o.d.PodServiceAccountResource - [helmcust] Desired PodServiceAccountResource (serviceAccountName: hivemq-platform-pod-test-hivemq-platform)
2025-01-29 13:23:59,120 INFO c.h.h.t.HelmChartContainer - [hivemq-test-hivemq-platform] [hivemq-platform-operator] [de53df0c] 13:23:59.106 [pool-6-thread-22] DEBUG c.h.p.o.dependants.PodInfoConfigMap - [helmcust] Desired PodInfo ConfigMap (1 extensions) (1 enabled)
2025-01-29 13:23:59,120 INFO c.h.h.t.HelmChartContainer - [hivemq-test-hivemq-platform] [hivemq-platform-operator] [de53df0c] 13:23:59.111 [pool-6-thread-22] DEBUG c.h.p.o.dependants.PodInfoConfigMap - [helmcust] Desired PodInfo ConfigMap (metrics port: 9399) (metrics path: /)
2025-01-29 13:23:59,120 INFO c.h.h.t.HelmChartContainer - [hivemq-test-hivemq-platform] [hivemq-platform-operator] [de53df0c] 13:23:59.111 [pool-6-thread-22] DEBUG c.h.p.o.dependants.PodInfoConfigMap - [helmcust] Desired PodInfo ConfigMap (extension state hash: -1817474005)
2025-01-29 13:23:59,125 INFO c.h.h.t.HelmChartContainer - [hivemq-test-hivemq-platform] [hivemq-platform-operator] [de53df0c] 13:23:59.116 [pool-6-thread-22] DEBUG c.h.p.o.d.StatefulSetResource - [helmcust] Desired StatefulSet (2 replicas) for status STARTING (READY)
2025-01-29 13:23:59,136 INFO c.h.h.t.HelmChartContainer - [hivemq-test-hivemq-platform] [hivemq-platform-operator] [de53df0c] 13:23:59.131 [ReconcilerExecutor-hivemq-controller-118] INFO  c.h.p.o.HiveMQPlatformReconciler - [helmcust] Reconciling HiveMQ Platform 'test-hivemq-platform' in namespace 'helmcustomconfigit'
2025-01-29 13:23:59,136 INFO c.h.h.t.HelmChartContainer - [hivemq-test-hivemq-platform] [hivemq-platform-operator] [de53df0c] 13:23:59.131 [ReconcilerExecutor-hivemq-controller-118] DEBUG c.h.p.o.HiveMQPlatformReconciler - [helmcust] Custom Resource Status STARTING - HiveMQ Platform is starting (READY)
2025-01-29 13:23:59,136 INFO c.h.h.t.HelmChartContainer - [hivemq-test-hivemq-platform] [hivemq-platform-operator] [de53df0c] 13:23:59.131 [ReconcilerExecutor-hivemq-controller-118] DEBUG c.h.p.o.HiveMQPlatformReconciler - [helmcust] Custom Resource Spec (replicas: 2) (extensions: 1)
2025-01-29 13:23:59,137 INFO c.h.h.t.HelmChartContainer - [hivemq-test-hivemq-platform] [hivemq-platform-operator] [de53df0c] 13:23:59.134 [ReconcilerExecutor-hivemq-controller-118] DEBUG c.h.p.o.HiveMQPlatformReconciler - [helmcust] StatefulSet Status (revision: test-hivemq-platform-6b448bcf6f, replicas: 2, available: 1, ready: 1, current: 2, updated: 2)
2025-01-29 13:23:59,143 INFO c.h.h.t.HelmChartContainer - [hivemq-test-hivemq-platform] [hivemq-platform-operator] [de53df0c] 13:23:59.137 [ReconcilerExecutor-hivemq-controller-118] DEBUG c.h.p.o.HiveMQPlatformReconciler - [helmcust] StatefulSet Spec (replicas: 2, init containers: 1, containers: 1, volumes: 3)
2025-01-29 13:23:59,143 INFO c.h.h.t.HelmChartContainer - [hivemq-test-hivemq-platform] [hivemq-platform-operator] [de53df0c] 13:23:59.140 [ReconcilerExecutor-hivemq-controller-118] DEBUG c.h.p.o.h.HiveMQPlatformReconcilerErrorHandler - [helmcust] Pod 'test-hivemq-platform-1' phase Pending
2025-01-29 13:23:59,143 INFO c.h.h.t.HelmChartContainer - [hivemq-test-hivemq-platform] [hivemq-platform-operator] [de53df0c] 13:23:59.140 [ReconcilerExecutor-hivemq-controller-118] DEBUG c.h.p.o.h.HiveMQPlatformReconcilerErrorHandler - [helmcust] Pod 'test-hivemq-platform-1' condition 'PodReadyToStartContainers': True
2025-01-29 13:23:59,143 INFO c.h.h.t.HelmChartContainer - [hivemq-test-hivemq-platform] [hivemq-platform-operator] [de53df0c] 13:23:59.140 [ReconcilerExecutor-hivemq-controller-118] DEBUG c.h.p.o.h.HiveMQPlatformReconcilerErrorHandler - [helmcust] Pod 'test-hivemq-platform-1' condition 'Initialized': True
2025-01-29 13:23:59,143 INFO c.h.h.t.HelmChartContainer - [hivemq-test-hivemq-platform] [hivemq-platform-operator] [de53df0c] 13:23:59.140 [ReconcilerExecutor-hivemq-controller-118] DEBUG c.h.p.o.h.HiveMQPlatformReconcilerErrorHandler - [helmcust] Pod 'test-hivemq-platform-1' condition 'Ready': False
2025-01-29 13:23:59,143 INFO c.h.h.t.HelmChartContainer - [hivemq-test-hivemq-platform] [hivemq-platform-operator] [de53df0c] 13:23:59.140 [ReconcilerExecutor-hivemq-controller-118] DEBUG c.h.p.o.h.HiveMQPlatformReconcilerErrorHandler - [helmcust] Pod 'test-hivemq-platform-1' condition 'ContainersReady': False
2025-01-29 13:23:59,143 INFO c.h.h.t.HelmChartContainer - [hivemq-test-hivemq-platform] [hivemq-platform-operator] [de53df0c] 13:23:59.140 [ReconcilerExecutor-hivemq-controller-118] DEBUG c.h.p.o.h.HiveMQPlatformReconcilerErrorHandler - [helmcust] Pod 'test-hivemq-platform-1' condition 'PodScheduled': True
2025-01-29 13:23:59,143 INFO c.h.h.t.HelmChartContainer - [hivemq-test-hivemq-platform] [hivemq-platform-operator] [de53df0c] 13:23:59.140 [ReconcilerExecutor-hivemq-controller-118] DEBUG c.h.p.o.h.HiveMQPlatformReconcilerErrorHandler - [helmcust] Pod 'test-hivemq-platform-1' containerStatus 'hivemq' (started: false) (ready: false) (waiting: [PodInitializing] null)
2025-01-29 13:23:59,143 INFO c.h.h.t.HelmChartContainer - [hivemq-test-hivemq-platform] [hivemq-platform-operator] [de53df0c] 13:23:59.141 [ReconcilerExecutor-hivemq-controller-118] DEBUG c.h.p.o.h.HiveMQPlatformReconcilerErrorHandler - [helmcust] Pod 'test-hivemq-platform-0' phase Running
2025-01-29 13:23:59,144 INFO c.h.h.t.HelmChartContainer - [hivemq-test-hivemq-platform] [hivemq-platform-operator] [de53df0c] 13:23:59.144 [ReconcilerExecutor-hivemq-controller-118] INFO  c.h.p.o.h.HiveMQPlatformReconcilerBaseHandler - [helmcust] HiveMQ Platform is starting, 1 of 2 replicas are ready
2025-01-29 13:24:00,083 INFO c.h.h.t.HelmChartContainer - [POD] test-hivemq-platform-1 [d33fe4e4-7ebf-49ec-8034-701b28ca8263] in helmcustomconfigit was MODIFIED
2025-01-29 13:24:00,089 INFO c.h.h.t.HelmChartContainer - [EVENT] Normal [Started] Started container hivemq [helmcustomconfigit:test-hivemq-platform-1]
2025-01-29 13:24:00,089 INFO c.h.h.t.HelmChartContainer - Received Started event for container hivemq in pod test-hivemq-platform-1 [d33fe4e4-7ebf-49ec-8034-701b28ca8263]
2025-01-29 13:24:00,089 INFO c.h.h.t.HelmChartContainer - Started log watcher for hivemq in pod test-hivemq-platform-1 [d33fe4e4-7ebf-49ec-8034-701b28ca8263]
2025-01-29 13:24:00,090 INFO c.h.h.t.HelmChartContainer - [test-hivemq-platform] [hivemq] [d33fe4e4] Adding pre-installed HiveMQ Platform Operator extensions
2025-01-29 13:24:00,090 INFO c.h.h.t.HelmChartContainer - [test-hivemq-platform] [hivemq] [d33fe4e4] Running as user 10000
2025-01-29 13:24:00,091 INFO c.h.h.t.HelmChartContainer - [test-hivemq-platform] [hivemq] [d33fe4e4] Starting HiveMQ Platform Operator Init
2025-01-29 13:24:00,098 INFO c.h.h.t.HelmChartContainer - [hivemq-test-hivemq-platform] [hivemq-platform-operator] [de53df0c] 13:24:00.095 [pool-6-thread-35] DEBUG c.h.p.o.d.PlatformServiceResource - [helmcust] Desired Platform services (3 services)
2025-01-29 13:24:00,098 INFO c.h.h.t.HelmChartContainer - [hivemq-test-hivemq-platform] [hivemq-platform-operator] [de53df0c] 13:24:00.097 [pool-6-thread-33] DEBUG c.h.p.o.dependants.PodInfoConfigMap - [helmcust] Desired PodInfo ConfigMap (1 extensions) (1 enabled)
2025-01-29 13:24:00,100 INFO c.h.h.t.HelmChartContainer - [hivemq-test-hivemq-platform] [hivemq-platform-operator] [de53df0c] 13:24:00.099 [pool-6-thread-33] DEBUG c.h.p.o.dependants.PodInfoConfigMap - [helmcust] Desired PodInfo ConfigMap (metrics port: 9399) (metrics path: /)
2025-01-29 13:24:00,102 INFO c.h.h.t.HelmChartContainer - [hivemq-test-hivemq-platform] [hivemq-platform-operator] [de53df0c] 13:24:00.100 [pool-6-thread-33] DEBUG c.h.p.o.dependants.PodInfoConfigMap - [helmcust] Desired PodInfo ConfigMap (extension state hash: -1817474005)
2025-01-29 13:24:00,105 INFO c.h.h.t.HelmChartContainer - [hivemq-test-hivemq-platform] [hivemq-platform-operator] [de53df0c] 13:24:00.100 [pool-6-thread-35] DEBUG c.h.p.o.d.PodServiceAccountResource - [helmcust] Desired PodServiceAccountResource (serviceAccountName: hivemq-platform-pod-test-hivemq-platform)
2025-01-29 13:24:00,114 INFO c.h.h.t.HelmChartContainer - [hivemq-test-hivemq-platform] [hivemq-platform-operator] [de53df0c] 13:24:00.113 [pool-6-thread-33] DEBUG c.h.p.o.d.StatefulSetResource - [helmcust] Desired StatefulSet (2 replicas) for status STARTING (READY)
2025-01-29 13:24:00,132 INFO c.h.h.t.HelmChartContainer - [hivemq-test-hivemq-platform] [hivemq-platform-operator] [de53df0c] 13:24:00.129 [ReconcilerExecutor-hivemq-controller-119] INFO  c.h.p.o.HiveMQPlatformReconciler - [helmcust] Reconciling HiveMQ Platform 'test-hivemq-platform' in namespace 'helmcustomconfigit'
2025-01-29 13:24:00,132 INFO c.h.h.t.HelmChartContainer - [hivemq-test-hivemq-platform] [hivemq-platform-operator] [de53df0c] 13:24:00.129 [ReconcilerExecutor-hivemq-controller-119] DEBUG c.h.p.o.HiveMQPlatformReconciler - [helmcust] Custom Resource Status STARTING - HiveMQ Platform is starting (READY)
2025-01-29 13:24:00,132 INFO c.h.h.t.HelmChartContainer - [hivemq-test-hivemq-platform] [hivemq-platform-operator] [de53df0c] 13:24:00.129 [ReconcilerExecutor-hivemq-controller-119] DEBUG c.h.p.o.HiveMQPlatformReconciler - [helmcust] Custom Resource Spec (replicas: 2) (extensions: 1)
2025-01-29 13:24:00,132 INFO c.h.h.t.HelmChartContainer - [hivemq-test-hivemq-platform] [hivemq-platform-operator] [de53df0c] 13:24:00.131 [ReconcilerExecutor-hivemq-controller-119] DEBUG c.h.p.o.HiveMQPlatformReconciler - [helmcust] StatefulSet Status (revision: test-hivemq-platform-6b448bcf6f, replicas: 2, available: 1, ready: 1, current: 2, updated: 2)
2025-01-29 13:24:00,133 INFO c.h.h.t.HelmChartContainer - [hivemq-test-hivemq-platform] [hivemq-platform-operator] [de53df0c] 13:24:00.131 [ReconcilerExecutor-hivemq-controller-119] DEBUG c.h.p.o.HiveMQPlatformReconciler - [helmcust] StatefulSet Spec (replicas: 2, init containers: 1, containers: 1, volumes: 3)
2025-01-29 13:24:00,133 INFO c.h.h.t.HelmChartContainer - [hivemq-test-hivemq-platform] [hivemq-platform-operator] [de53df0c] 13:24:00.133 [ReconcilerExecutor-hivemq-controller-119] DEBUG c.h.p.o.h.HiveMQPlatformReconcilerErrorHandler - [helmcust] Pod 'test-hivemq-platform-1' phase Running
2025-01-29 13:24:00,136 INFO c.h.h.t.HelmChartContainer - [hivemq-test-hivemq-platform] [hivemq-platform-operator] [de53df0c] 13:24:00.135 [ReconcilerExecutor-hivemq-controller-119] DEBUG c.h.p.o.h.HiveMQPlatformReconcilerErrorHandler - [helmcust] Pod 'test-hivemq-platform-0' phase Running
2025-01-29 13:24:00,137 INFO c.h.h.t.HelmChartContainer - [hivemq-test-hivemq-platform] [hivemq-platform-operator] [de53df0c] 13:24:00.136 [ReconcilerExecutor-hivemq-controller-119] INFO  c.h.p.o.h.HiveMQPlatformReconcilerBaseHandler - [helmcust] HiveMQ Platform is starting, 1 of 2 replicas are ready
2025-01-29 13:24:00,404 INFO c.h.h.t.HelmChartContainer - [test-hivemq-platform] [hivemq] [d33fe4e4] INFO  - [HiveMQ Platform Operator Init 1.7.0-SNAPSHOT] HiveMQ Platform Operator Init 1.7.0-SNAPSHOT (commit: bebf408 on branch: HEAD) built on Sun Jan 26 20:47:47 UTC 2025
2025-01-29 13:24:01,598 INFO c.h.h.t.HelmChartContainer - [test-hivemq-platform] [hivemq] [d33fe4e4] INFO  - [HiveMQ Platform Operator Init App 1.7.0-SNAPSHOT] Using bind address 10.42.0.12 from environment variable
2025-01-29 13:24:02,500 INFO c.h.h.t.HelmChartContainer - [test-hivemq-platform] [hivemq] [d33fe4e4] INFO  - [HiveMQ Platform Operator Init App 1.7.0-SNAPSHOT] HiveMQ Platform Operator Init App 1.7.0-SNAPSHOT (commit: bebf408 on branch: HEAD) built on Sun Jan 26 20:47:47 UTC 2025
2025-01-29 13:24:02,501 INFO c.h.h.t.HelmChartContainer - [test-hivemq-platform] [hivemq] [d33fe4e4] INFO  - [HiveMQ Platform Operator Init App 1.7.0-SNAPSHOT] PodInfo ConfigMap directory: /etc/podinfo
2025-01-29 13:24:02,502 INFO c.h.h.t.HelmChartContainer - [test-hivemq-platform] [hivemq] [d33fe4e4] INFO  - [HiveMQ Platform Operator Init App 1.7.0-SNAPSHOT] HiveMQ home directory: /opt/hivemq
2025-01-29 13:24:02,502 INFO c.h.h.t.HelmChartContainer - [test-hivemq-platform] [hivemq] [d33fe4e4] INFO  - [HiveMQ Platform Operator Init App 1.7.0-SNAPSHOT] HiveMQ Logback folder: /opt/hivemq/conf
2025-01-29 13:24:02,502 INFO c.h.h.t.HelmChartContainer - [test-hivemq-platform] [hivemq] [d33fe4e4] INFO  - [HiveMQ Platform Operator Init App 1.7.0-SNAPSHOT] HiveMQ Config folder: /opt/hivemq/conf-k8s
2025-01-29 13:24:02,502 INFO c.h.h.t.HelmChartContainer - [test-hivemq-platform] [hivemq] [d33fe4e4] INFO  - [HiveMQ Platform Operator Init App 1.7.0-SNAPSHOT] Starting HiveMQ Platform Operator Init App
2025-01-29 13:24:02,502 INFO c.h.h.t.HelmChartContainer - [test-hivemq-platform] [hivemq] [d33fe4e4] INFO  - [HiveMQ Platform Operator Init App 1.7.0-SNAPSHOT] Starting Pod reconciler
2025-01-29 13:24:03,794 INFO c.h.h.t.HelmChartContainer - [test-hivemq-platform] [hivemq] [d33fe4e4] INFO  - [HiveMQ Platform Operator Init App 1.7.0-SNAPSHOT] Pod reconciler is scheduled (interval: 5000 ms)
2025-01-29 13:24:03,795 INFO c.h.h.t.HelmChartContainer - [test-hivemq-platform] [hivemq] [d33fe4e4] INFO  - [HiveMQ Platform Operator Init App 1.7.0-SNAPSHOT] Starting the REST API on 10.42.0.12:7979
2025-01-29 13:24:03,797 INFO c.h.h.t.HelmChartContainer - [test-hivemq-platform] [hivemq] [d33fe4e4] INFO  - [HiveMQ Platform Operator Init App 1.7.0-SNAPSHOT] Waiting up to 600s for at most 2 HiveMQ nodes in cluster service hivemq-test-hivemq-platform-cluster.helmcustomconfigit.svc
2025-01-29 13:24:04,167 INFO c.h.h.t.HelmChartContainer - [test-hivemq-platform] [hivemq] [d33fe4e4] INFO  - [HiveMQ Platform Operator Init App 1.7.0-SNAPSHOT] Resolved 2 IP addresses: [10.42.0.11, 10.42.0.12]
2025-01-29 13:24:04,167 INFO c.h.h.t.HelmChartContainer - [test-hivemq-platform] [hivemq] [d33fe4e4] INFO  - [HiveMQ Platform Operator Init App 1.7.0-SNAPSHOT] HiveMQ node count of 2 is within threshold of 2
2025-01-29 13:24:04,167 INFO c.h.h.t.HelmChartContainer - [test-hivemq-platform] [hivemq] [d33fe4e4] INFO  - [HiveMQ Platform Operator Init App 1.7.0-SNAPSHOT] Proceeding with container start
2025-01-29 13:24:04,216 INFO c.h.h.t.HelmChartContainer - [test-hivemq-platform] [hivemq] [d33fe4e4] INFO  - [HiveMQ Platform Operator Init App 1.7.0-SNAPSHOT] Initializing HiveMQ Platform extensions with initial configuration: {hivemq-allow-all-extension={start-priority=-1, skip-https-hostname-verification=false, restart=true, config-version=0, header-version=0, c-uri=, priority=-1, uri=preinstalled, skip-https-certificate-validation=false, enabled=true}, hivemq-prometheus-extension={skip-https-certificate-validation=false, skip-https-hostname-verification=false, c-uri=, start-priority=-1, priority=-1, restart=true, enabled=true, request-header-path=no-request-headers, uri=preinstalled}}
2025-01-29 13:24:04,668 INFO c.h.h.t.HelmChartContainer - [test-hivemq-platform] [hivemq] [d33fe4e4] INFO  - [HiveMQ Platform Operator Init App 1.7.0-SNAPSHOT] Extension hivemq-allow-all-extension was already enabled
2025-01-29 13:24:04,704 INFO c.h.h.t.HelmChartContainer - [test-hivemq-platform] [hivemq] [d33fe4e4] INFO  - [HiveMQ Platform Operator Init App 1.7.0-SNAPSHOT] Successfully enabled extension hivemq-prometheus-extension
2025-01-29 13:24:04,761 INFO c.h.h.t.HelmChartContainer - [test-hivemq-platform] [hivemq] [d33fe4e4] INFO  - [HiveMQ Platform Operator Init App 1.7.0-SNAPSHOT] Starting HiveMQ Platform version 4.36.0 (4.36.0)
2025-01-29 13:24:04,761 INFO c.h.h.t.HelmChartContainer - [test-hivemq-platform] [hivemq] [d33fe4e4] INFO  - [HiveMQ Platform Operator Init App 1.7.0-SNAPSHOT] Configuring the HiveMQ Platform
2025-01-29 13:24:04,800 INFO c.h.h.t.HelmChartContainer - [test-hivemq-platform] [hivemq] [d33fe4e4] INFO  - [HiveMQ Platform Operator Init App 1.7.0-SNAPSHOT] Changed logback.xml file scan period to 20 seconds
2025-01-29 13:24:04,899 INFO c.h.h.t.HelmChartContainer - [test-hivemq-platform] [hivemq] [d33fe4e4] INFO  - [HiveMQ Platform Operator Init App 1.7.0-SNAPSHOT] Starting the HiveMQ Platform
2025-01-29 13:24:04,902 INFO c.h.h.t.HelmChartContainer - [test-hivemq-platform] [hivemq] [d33fe4e4] -------------------------------------------------------------------------
2025-01-29 13:24:04,902 INFO c.h.h.t.HelmChartContainer - [test-hivemq-platform] [hivemq] [d33fe4e4] 
2025-01-29 13:24:04,902 INFO c.h.h.t.HelmChartContainer - [test-hivemq-platform] [hivemq] [d33fe4e4]                   _    _  _              __  __   ____
2025-01-29 13:24:04,902 INFO c.h.h.t.HelmChartContainer - [test-hivemq-platform] [hivemq] [d33fe4e4]                  | |  | |(_)            |  \/  | / __ \
2025-01-29 13:24:04,902 INFO c.h.h.t.HelmChartContainer - [test-hivemq-platform] [hivemq] [d33fe4e4]                  | |__| | _ __   __ ___ | \  / || |  | |
2025-01-29 13:24:04,902 INFO c.h.h.t.HelmChartContainer - [test-hivemq-platform] [hivemq] [d33fe4e4]                  |  __  || |\ \ / // _ \| |\/| || |  | |
2025-01-29 13:24:04,902 INFO c.h.h.t.HelmChartContainer - [test-hivemq-platform] [hivemq] [d33fe4e4]                  | |  | || | \ V /|  __/| |  | || |__| |
2025-01-29 13:24:04,902 INFO c.h.h.t.HelmChartContainer - [test-hivemq-platform] [hivemq] [d33fe4e4]                  |_|  |_||_|  \_/  \___||_|  |_| \___\_\
2025-01-29 13:24:04,902 INFO c.h.h.t.HelmChartContainer - [test-hivemq-platform] [hivemq] [d33fe4e4] 
2025-01-29 13:24:04,902 INFO c.h.h.t.HelmChartContainer - [test-hivemq-platform] [hivemq] [d33fe4e4] -------------------------------------------------------------------------
2025-01-29 13:24:04,902 INFO c.h.h.t.HelmChartContainer - [test-hivemq-platform] [hivemq] [d33fe4e4] 
2025-01-29 13:24:04,902 INFO c.h.h.t.HelmChartContainer - [test-hivemq-platform] [hivemq] [d33fe4e4]   HiveMQ Start Script for Linux/Unix v1.14
2025-01-29 13:24:04,902 INFO c.h.h.t.HelmChartContainer - [test-hivemq-platform] [hivemq] [d33fe4e4] 
2025-01-29 13:24:04,998 INFO c.h.h.t.HelmChartContainer - [test-hivemq-platform] [hivemq] [d33fe4e4] -------------------------------------------------------------------------
2025-01-29 13:24:04,998 INFO c.h.h.t.HelmChartContainer - [test-hivemq-platform] [hivemq] [d33fe4e4] 
2025-01-29 13:24:04,998 INFO c.h.h.t.HelmChartContainer - [test-hivemq-platform] [hivemq] [d33fe4e4]   HIVEMQ_HOME: /opt/hivemq
2025-01-29 13:24:04,998 INFO c.h.h.t.HelmChartContainer - [test-hivemq-platform] [hivemq] [d33fe4e4] 
2025-01-29 13:24:04,998 INFO c.h.h.t.HelmChartContainer - [test-hivemq-platform] [hivemq] [d33fe4e4]   JAVA_OPTS: -XX:+UnlockExperimentalVMOptions -XX:InitialRAMPercentage=50 -XX:MaxRAMPercentage=50 -Djava.net.preferIPv4Stack=true --add-opens java.base/java.lang=ALL-UNNAMED --add-opens java.base/java.nio=ALL-UNNAMED --add-opens java.base/sun.nio.ch=ALL-UNNAMED --add-opens jdk.management/com.sun.management.internal=ALL-UNNAMED --add-exports java.base/jdk.internal.misc=ALL-UNNAMED -Djava.security.egd=file:/dev/./urandom -Dcom.sun.management.jmxremote -Dcom.sun.management.jmxremote.port=9010 -Dcom.sun.management.jmxremote.local.only=false -Dcom.sun.management.jmxremote.authenticate=false -Dcom.sun.management.jmxremote.ssl=false -Duser.language=en -Duser.region=US -XX:+CrashOnOutOfMemoryError -XX:+HeapDumpOnOutOfMemoryError
2025-01-29 13:24:04,998 INFO c.h.h.t.HelmChartContainer - [test-hivemq-platform] [hivemq] [d33fe4e4] 
2025-01-29 13:24:04,998 INFO c.h.h.t.HelmChartContainer - [test-hivemq-platform] [hivemq] [d33fe4e4]   JAVA_VERSION: 21
2025-01-29 13:24:04,998 INFO c.h.h.t.HelmChartContainer - [test-hivemq-platform] [hivemq] [d33fe4e4] 
2025-01-29 13:24:04,998 INFO c.h.h.t.HelmChartContainer - [test-hivemq-platform] [hivemq] [d33fe4e4] -------------------------------------------------------------------------
2025-01-29 13:24:04,999 INFO c.h.h.t.HelmChartContainer - [test-hivemq-platform] [hivemq] [d33fe4e4] 
2025-01-29 13:24:05,043 INFO c.h.h.t.HelmChartContainer - [K3S] [range_allocator.go:247] "Successfully synced" key="8f07877cb075"
2025-01-29 13:24:06,102 INFO c.h.h.t.HelmChartContainer - [test-hivemq-platform] [hivemq] [d33fe4e4] INFO  - [HiveMQ Platform Operator Init App 1.7.0-SNAPSHOT] Returning default Health API response 503 for readiness
2025-01-29 13:24:06,399 INFO c.h.h.t.HelmChartContainer - [EVENT] Warning [Unhealthy] Readiness probe failed: HTTP probe failed with statuscode: 503 [helmcustomconfigit:test-hivemq-platform-1]
2025-01-29 13:24:06,399 INFO c.h.h.t.HelmChartContainer - Received Unhealthy event for container hivemq in pod test-hivemq-platform-1 [d33fe4e4-7ebf-49ec-8034-701b28ca8263]
2025-01-29 13:24:06,971 INFO c.h.h.t.HelmChartContainer - [test-hivemq-platform] [hivemq] [940a05ad] INFO  - [HiveMQ Platform Operator Init App 1.7.0-SNAPSHOT] Returning Health API response 200 for liveness
2025-01-29 13:24:07,705 INFO c.h.h.t.HelmChartContainer - [test-hivemq-platform] [hivemq] [d33fe4e4] INFO  - Starting HiveMQ Enterprise Server
2025-01-29 13:24:07,793 INFO c.h.h.t.HelmChartContainer - [test-hivemq-platform] [hivemq] [d33fe4e4] INFO  - HiveMQ version: 4.36.0
2025-01-29 13:24:07,793 INFO c.h.h.t.HelmChartContainer - [test-hivemq-platform] [hivemq] [d33fe4e4] INFO  - HiveMQ home directory: /opt/hivemq
2025-01-29 13:24:07,794 INFO c.h.h.t.HelmChartContainer - [test-hivemq-platform] [hivemq] [d33fe4e4] INFO  - Log Configuration was overridden by /opt/hivemq/conf/logback.xml
2025-01-29 13:24:09,595 INFO c.h.h.t.HelmChartContainer - [test-hivemq-platform] [hivemq] [d33fe4e4] INFO  - Successfully loaded configuration from '/opt/hivemq/conf-k8s/config.xml'.
2025-01-29 13:24:10,140 INFO c.h.h.t.HelmChartContainer - [hivemq-test-hivemq-platform] [hivemq-platform-operator] [de53df0c] 13:24:10.139 [pool-6-thread-46] DEBUG c.h.p.o.dependants.PodInfoConfigMap - [helmcust] Desired PodInfo ConfigMap (1 extensions) (1 enabled)
2025-01-29 13:24:10,141 INFO c.h.h.t.HelmChartContainer - [hivemq-test-hivemq-platform] [hivemq-platform-operator] [de53df0c] 13:24:10.139 [pool-6-thread-45] DEBUG c.h.p.o.d.PlatformServiceResource - [helmcust] Desired Platform services (3 services)
2025-01-29 13:24:10,141 INFO c.h.h.t.HelmChartContainer - [hivemq-test-hivemq-platform] [hivemq-platform-operator] [de53df0c] 13:24:10.139 [pool-6-thread-44] DEBUG c.h.p.o.d.PodServiceAccountResource - [helmcust] Desired PodServiceAccountResource (serviceAccountName: hivemq-platform-pod-test-hivemq-platform)
2025-01-29 13:24:10,143 INFO c.h.h.t.HelmChartContainer - [hivemq-test-hivemq-platform] [hivemq-platform-operator] [de53df0c] 13:24:10.142 [pool-6-thread-46] DEBUG c.h.p.o.dependants.PodInfoConfigMap - [helmcust] Desired PodInfo ConfigMap (metrics port: 9399) (metrics path: /)
2025-01-29 13:24:10,143 INFO c.h.h.t.HelmChartContainer - [hivemq-test-hivemq-platform] [hivemq-platform-operator] [de53df0c] 13:24:10.142 [pool-6-thread-46] DEBUG c.h.p.o.dependants.PodInfoConfigMap - [helmcust] Desired PodInfo ConfigMap (extension state hash: -1817474005)
2025-01-29 13:24:10,145 INFO c.h.h.t.HelmChartContainer - [hivemq-test-hivemq-platform] [hivemq-platform-operator] [de53df0c] 13:24:10.144 [pool-6-thread-45] DEBUG c.h.p.o.d.StatefulSetResource - [helmcust] Desired StatefulSet (2 replicas) for status STARTING (READY)
2025-01-29 13:24:10,150 INFO c.h.h.t.HelmChartContainer - [hivemq-test-hivemq-platform] [hivemq-platform-operator] [de53df0c] 13:24:10.148 [ReconcilerExecutor-hivemq-controller-120] INFO  c.h.p.o.HiveMQPlatformReconciler - [helmcust] Reconciling HiveMQ Platform 'test-hivemq-platform' in namespace 'helmcustomconfigit'
2025-01-29 13:24:10,150 INFO c.h.h.t.HelmChartContainer - [hivemq-test-hivemq-platform] [hivemq-platform-operator] [de53df0c] 13:24:10.148 [ReconcilerExecutor-hivemq-controller-120] DEBUG c.h.p.o.HiveMQPlatformReconciler - [helmcust] Custom Resource Status STARTING - HiveMQ Platform is starting (READY)
2025-01-29 13:24:10,150 INFO c.h.h.t.HelmChartContainer - [hivemq-test-hivemq-platform] [hivemq-platform-operator] [de53df0c] 13:24:10.148 [ReconcilerExecutor-hivemq-controller-120] DEBUG c.h.p.o.HiveMQPlatformReconciler - [helmcust] Custom Resource Spec (replicas: 2) (extensions: 1)
2025-01-29 13:24:10,157 INFO c.h.h.t.HelmChartContainer - [hivemq-test-hivemq-platform] [hivemq-platform-operator] [de53df0c] 13:24:10.152 [ReconcilerExecutor-hivemq-controller-120] DEBUG c.h.p.o.HiveMQPlatformReconciler - [helmcust] StatefulSet Status (revision: test-hivemq-platform-6b448bcf6f, replicas: 2, available: 1, ready: 1, current: 2, updated: 2)
2025-01-29 13:24:10,157 INFO c.h.h.t.HelmChartContainer - [hivemq-test-hivemq-platform] [hivemq-platform-operator] [de53df0c] 13:24:10.152 [ReconcilerExecutor-hivemq-controller-120] DEBUG c.h.p.o.HiveMQPlatformReconciler - [helmcust] StatefulSet Spec (replicas: 2, init containers: 1, containers: 1, volumes: 3)
2025-01-29 13:24:10,157 INFO c.h.h.t.HelmChartContainer - [hivemq-test-hivemq-platform] [hivemq-platform-operator] [de53df0c] 13:24:10.154 [ReconcilerExecutor-hivemq-controller-120] DEBUG c.h.p.o.h.HiveMQPlatformReconcilerErrorHandler - [helmcust] Pod 'test-hivemq-platform-1' phase Running
2025-01-29 13:24:10,157 INFO c.h.h.t.HelmChartContainer - [hivemq-test-hivemq-platform] [hivemq-platform-operator] [de53df0c] 13:24:10.155 [ReconcilerExecutor-hivemq-controller-120] DEBUG c.h.p.o.h.HiveMQPlatformReconcilerErrorHandler - [helmcust] Pod 'test-hivemq-platform-0' phase Running
2025-01-29 13:24:10,158 INFO c.h.h.t.HelmChartContainer - [hivemq-test-hivemq-platform] [hivemq-platform-operator] [de53df0c] 13:24:10.156 [ReconcilerExecutor-hivemq-controller-120] INFO  c.h.p.o.h.HiveMQPlatformReconcilerBaseHandler - [helmcust] HiveMQ Platform is starting, 1 of 2 replicas are ready
2025-01-29 13:24:10,498 INFO c.h.h.t.HelmChartContainer - [test-hivemq-platform] [hivemq] [d33fe4e4] INFO  - This node's ID is IqwbL
2025-01-29 13:24:10,499 INFO c.h.h.t.HelmChartContainer - [test-hivemq-platform] [hivemq] [d33fe4e4] INFO  - Clustering is enabled
2025-01-29 13:24:11,601 INFO c.h.h.t.HelmChartContainer - [test-hivemq-platform] [hivemq] [d33fe4e4] WARN  - [HiveMQ Platform Operator Init App 1.7.0-SNAPSHOT] Cannot connect to Health API for readiness: null
2025-01-29 13:24:11,607 INFO c.h.h.t.HelmChartContainer - [EVENT] Warning [Unhealthy] Readiness probe failed: HTTP probe failed with statuscode: 503 [helmcustomconfigit:test-hivemq-platform-1]
2025-01-29 13:24:11,607 INFO c.h.h.t.HelmChartContainer - Received Unhealthy event for container hivemq in pod test-hivemq-platform-1 [d33fe4e4-7ebf-49ec-8034-701b28ca8263]
2025-01-29 13:24:15,000 INFO c.h.h.t.HelmChartContainer - [test-hivemq-platform] [hivemq] [d33fe4e4] Jan 29, 2025 1:24:14 PM io.vertx.core.impl.BlockedThreadChecker
2025-01-29 13:24:15,000 INFO c.h.h.t.HelmChartContainer - [test-hivemq-platform] [hivemq] [d33fe4e4] WARNING: Thread Thread[vert.x-eventloop-thread-1,5,main] has been blocked for 2896 ms, time limit is 2000 ms
2025-01-29 13:24:15,164 INFO c.h.h.t.HelmChartContainer - [test-hivemq-platform] [hivemq] [d33fe4e4] INFO  - [HiveMQ Platform Operator Init App 1.7.0-SNAPSHOT] Updating Pod HiveMQ Platform Operator Init App version annotation (version: 1.7.0-SNAPSHOT)
2025-01-29 13:24:16,016 INFO c.h.h.t.HelmChartContainer - [POD] test-hivemq-platform-1 [d33fe4e4-7ebf-49ec-8034-701b28ca8263] in helmcustomconfigit was MODIFIED
2025-01-29 13:24:16,021 INFO c.h.h.t.HelmChartContainer - [hivemq-test-hivemq-platform] [hivemq-platform-operator] [de53df0c] 13:24:16.016 [pool-6-thread-7] DEBUG c.h.p.o.d.PlatformServiceResource - [helmcust] Desired Platform services (3 services)
2025-01-29 13:24:16,021 INFO c.h.h.t.HelmChartContainer - [hivemq-test-hivemq-platform] [hivemq-platform-operator] [de53df0c] 13:24:16.018 [pool-6-thread-8] DEBUG c.h.p.o.dependants.PodInfoConfigMap - [helmcust] Desired PodInfo ConfigMap (1 extensions) (1 enabled)
2025-01-29 13:24:16,021 INFO c.h.h.t.HelmChartContainer - [hivemq-test-hivemq-platform] [hivemq-platform-operator] [de53df0c] 13:24:16.020 [pool-6-thread-8] DEBUG c.h.p.o.dependants.PodInfoConfigMap - [helmcust] Desired PodInfo ConfigMap (metrics port: 9399) (metrics path: /)
2025-01-29 13:24:16,023 INFO c.h.h.t.HelmChartContainer - [hivemq-test-hivemq-platform] [hivemq-platform-operator] [de53df0c] 13:24:16.022 [pool-6-thread-8] DEBUG c.h.p.o.dependants.PodInfoConfigMap - [helmcust] Desired PodInfo ConfigMap (extension state hash: -1817474005)
2025-01-29 13:24:16,025 INFO c.h.h.t.HelmChartContainer - [hivemq-test-hivemq-platform] [hivemq-platform-operator] [de53df0c] 13:24:16.020 [pool-6-thread-3] DEBUG c.h.p.o.d.PodServiceAccountResource - [helmcust] Desired PodServiceAccountResource (serviceAccountName: hivemq-platform-pod-test-hivemq-platform)
2025-01-29 13:24:16,026 INFO c.h.h.t.HelmChartContainer - [hivemq-test-hivemq-platform] [hivemq-platform-operator] [de53df0c] 13:24:16.025 [pool-6-thread-8] DEBUG c.h.p.o.d.StatefulSetResource - [helmcust] Desired StatefulSet (2 replicas) for status STARTING (READY)
2025-01-29 13:24:16,030 INFO c.h.h.t.HelmChartContainer - [hivemq-test-hivemq-platform] [hivemq-platform-operator] [de53df0c] 13:24:16.029 [ReconcilerExecutor-hivemq-controller-121] INFO  c.h.p.o.HiveMQPlatformReconciler - [helmcust] Reconciling HiveMQ Platform 'test-hivemq-platform' in namespace 'helmcustomconfigit'
2025-01-29 13:24:16,030 INFO c.h.h.t.HelmChartContainer - [hivemq-test-hivemq-platform] [hivemq-platform-operator] [de53df0c] 13:24:16.029 [ReconcilerExecutor-hivemq-controller-121] DEBUG c.h.p.o.HiveMQPlatformReconciler - [helmcust] Custom Resource Status STARTING - HiveMQ Platform is starting (READY)
2025-01-29 13:24:16,030 INFO c.h.h.t.HelmChartContainer - [hivemq-test-hivemq-platform] [hivemq-platform-operator] [de53df0c] 13:24:16.029 [ReconcilerExecutor-hivemq-controller-121] DEBUG c.h.p.o.HiveMQPlatformReconciler - [helmcust] Custom Resource Spec (replicas: 2) (extensions: 1)
2025-01-29 13:24:16,035 INFO c.h.h.t.HelmChartContainer - [hivemq-test-hivemq-platform] [hivemq-platform-operator] [de53df0c] 13:24:16.032 [ReconcilerExecutor-hivemq-controller-121] DEBUG c.h.p.o.HiveMQPlatformReconciler - [helmcust] StatefulSet Status (revision: test-hivemq-platform-6b448bcf6f, replicas: 2, available: 1, ready: 1, current: 2, updated: 2)
2025-01-29 13:24:16,036 INFO c.h.h.t.HelmChartContainer - [hivemq-test-hivemq-platform] [hivemq-platform-operator] [de53df0c] 13:24:16.033 [ReconcilerExecutor-hivemq-controller-121] DEBUG c.h.p.o.HiveMQPlatformReconciler - [helmcust] StatefulSet Spec (replicas: 2, init containers: 1, containers: 1, volumes: 3)
2025-01-29 13:24:16,036 INFO c.h.h.t.HelmChartContainer - [hivemq-test-hivemq-platform] [hivemq-platform-operator] [de53df0c] 13:24:16.034 [ReconcilerExecutor-hivemq-controller-121] DEBUG c.h.p.o.h.HiveMQPlatformReconcilerErrorHandler - [helmcust] Pod 'test-hivemq-platform-1' phase Running
2025-01-29 13:24:16,037 INFO c.h.h.t.HelmChartContainer - [hivemq-test-hivemq-platform] [hivemq-platform-operator] [de53df0c] 13:24:16.036 [ReconcilerExecutor-hivemq-controller-121] DEBUG c.h.p.o.h.HiveMQPlatformReconcilerErrorHandler - [helmcust] Pod 'test-hivemq-platform-0' phase Running
2025-01-29 13:24:16,038 INFO c.h.h.t.HelmChartContainer - [hivemq-test-hivemq-platform] [hivemq-platform-operator] [de53df0c] 13:24:16.036 [ReconcilerExecutor-hivemq-controller-121] INFO  c.h.p.o.h.HiveMQPlatformReconcilerBaseHandler - [helmcust] HiveMQ Platform is starting, 1 of 2 replicas are ready
2025-01-29 13:24:16,099 INFO c.h.h.t.HelmChartContainer - [test-hivemq-platform] [hivemq] [d33fe4e4] WARN  - [HiveMQ Platform Operator Init App 1.7.0-SNAPSHOT] Cannot connect to Health API for readiness: null
2025-01-29 13:24:16,100 INFO c.h.h.t.HelmChartContainer - [test-hivemq-platform] [hivemq] [d33fe4e4] INFO  - [HiveMQ Platform Operator Init App 1.7.0-SNAPSHOT] Successfully updated Pod HiveMQ Platform Operator Init App version annotation (version: 1.7.0-SNAPSHOT)
2025-01-29 13:24:16,104 INFO c.h.h.t.HelmChartContainer - [EVENT] Warning [Unhealthy] Readiness probe failed: HTTP probe failed with statuscode: 503 [helmcustomconfigit:test-hivemq-platform-1]
2025-01-29 13:24:16,104 INFO c.h.h.t.HelmChartContainer - Received Unhealthy event for container hivemq in pod test-hivemq-platform-1 [d33fe4e4-7ebf-49ec-8034-701b28ca8263]
2025-01-29 13:24:21,069 INFO c.h.h.t.HelmChartContainer - [test-hivemq-platform] [hivemq] [d33fe4e4] WARN  - [HiveMQ Platform Operator Init App 1.7.0-SNAPSHOT] Cannot connect to Health API for readiness: null
2025-01-29 13:24:21,078 INFO c.h.h.t.HelmChartContainer - [EVENT] Warning [Unhealthy] Readiness probe failed: HTTP probe failed with statuscode: 503 [helmcustomconfigit:test-hivemq-platform-1]
2025-01-29 13:24:21,078 INFO c.h.h.t.HelmChartContainer - Received Unhealthy event for container hivemq in pod test-hivemq-platform-1 [d33fe4e4-7ebf-49ec-8034-701b28ca8263]
2025-01-29 13:24:26,043 INFO c.h.h.t.HelmChartContainer - [hivemq-test-hivemq-platform] [hivemq-platform-operator] [de53df0c] 13:24:26.041 [pool-6-thread-13] DEBUG c.h.p.o.dependants.PodInfoConfigMap - [helmcust] Desired PodInfo ConfigMap (1 extensions) (1 enabled)
2025-01-29 13:24:26,044 INFO c.h.h.t.HelmChartContainer - [hivemq-test-hivemq-platform] [hivemq-platform-operator] [de53df0c] 13:24:26.042 [pool-6-thread-13] DEBUG c.h.p.o.dependants.PodInfoConfigMap - [helmcust] Desired PodInfo ConfigMap (metrics port: 9399) (metrics path: /)
2025-01-29 13:24:26,044 INFO c.h.h.t.HelmChartContainer - [hivemq-test-hivemq-platform] [hivemq-platform-operator] [de53df0c] 13:24:26.042 [pool-6-thread-13] DEBUG c.h.p.o.dependants.PodInfoConfigMap - [helmcust] Desired PodInfo ConfigMap (extension state hash: -1817474005)
2025-01-29 13:24:26,045 INFO c.h.h.t.HelmChartContainer - [hivemq-test-hivemq-platform] [hivemq-platform-operator] [de53df0c] 13:24:26.041 [pool-6-thread-12] DEBUG c.h.p.o.d.PodServiceAccountResource - [helmcust] Desired PodServiceAccountResource (serviceAccountName: hivemq-platform-pod-test-hivemq-platform)
2025-01-29 13:24:26,045 INFO c.h.h.t.HelmChartContainer - [hivemq-test-hivemq-platform] [hivemq-platform-operator] [de53df0c] 13:24:26.042 [pool-6-thread-15] DEBUG c.h.p.o.d.PlatformServiceResource - [helmcust] Desired Platform services (3 services)
2025-01-29 13:24:26,048 INFO c.h.h.t.HelmChartContainer - [hivemq-test-hivemq-platform] [hivemq-platform-operator] [de53df0c] 13:24:26.047 [pool-6-thread-15] DEBUG c.h.p.o.d.StatefulSetResource - [helmcust] Desired StatefulSet (2 replicas) for status STARTING (READY)
2025-01-29 13:24:26,054 INFO c.h.h.t.HelmChartContainer - [hivemq-test-hivemq-platform] [hivemq-platform-operator] [de53df0c] 13:24:26.051 [ReconcilerExecutor-hivemq-controller-122] INFO  c.h.p.o.HiveMQPlatformReconciler - [helmcust] Reconciling HiveMQ Platform 'test-hivemq-platform' in namespace 'helmcustomconfigit'
2025-01-29 13:24:26,054 INFO c.h.h.t.HelmChartContainer - [hivemq-test-hivemq-platform] [hivemq-platform-operator] [de53df0c] 13:24:26.051 [ReconcilerExecutor-hivemq-controller-122] DEBUG c.h.p.o.HiveMQPlatformReconciler - [helmcust] Custom Resource Status STARTING - HiveMQ Platform is starting (READY)
2025-01-29 13:24:26,054 INFO c.h.h.t.HelmChartContainer - [hivemq-test-hivemq-platform] [hivemq-platform-operator] [de53df0c] 13:24:26.051 [ReconcilerExecutor-hivemq-controller-122] DEBUG c.h.p.o.HiveMQPlatformReconciler - [helmcust] Custom Resource Spec (replicas: 2) (extensions: 1)
2025-01-29 13:24:26,054 INFO c.h.h.t.HelmChartContainer - [hivemq-test-hivemq-platform] [hivemq-platform-operator] [de53df0c] 13:24:26.052 [ReconcilerExecutor-hivemq-controller-122] DEBUG c.h.p.o.HiveMQPlatformReconciler - [helmcust] StatefulSet Status (revision: test-hivemq-platform-6b448bcf6f, replicas: 2, available: 1, ready: 1, current: 2, updated: 2)
2025-01-29 13:24:26,054 INFO c.h.h.t.HelmChartContainer - [hivemq-test-hivemq-platform] [hivemq-platform-operator] [de53df0c] 13:24:26.052 [ReconcilerExecutor-hivemq-controller-122] DEBUG c.h.p.o.HiveMQPlatformReconciler - [helmcust] StatefulSet Spec (replicas: 2, init containers: 1, containers: 1, volumes: 3)
2025-01-29 13:24:26,056 INFO c.h.h.t.HelmChartContainer - [hivemq-test-hivemq-platform] [hivemq-platform-operator] [de53df0c] 13:24:26.055 [ReconcilerExecutor-hivemq-controller-122] DEBUG c.h.p.o.h.HiveMQPlatformReconcilerErrorHandler - [helmcust] Pod 'test-hivemq-platform-1' phase Running
2025-01-29 13:24:26,057 INFO c.h.h.t.HelmChartContainer - [hivemq-test-hivemq-platform] [hivemq-platform-operator] [de53df0c] 13:24:26.056 [ReconcilerExecutor-hivemq-controller-122] DEBUG c.h.p.o.h.HiveMQPlatformReconcilerErrorHandler - [helmcust] Pod 'test-hivemq-platform-0' phase Running
2025-01-29 13:24:26,057 INFO c.h.h.t.HelmChartContainer - [hivemq-test-hivemq-platform] [hivemq-platform-operator] [de53df0c] 13:24:26.057 [ReconcilerExecutor-hivemq-controller-122] INFO  c.h.p.o.h.HiveMQPlatformReconcilerBaseHandler - [helmcust] HiveMQ Platform is starting, 1 of 2 replicas are ready
2025-01-29 13:24:26,065 INFO c.h.h.t.HelmChartContainer - [test-hivemq-platform] [hivemq] [d33fe4e4] WARN  - [HiveMQ Platform Operator Init App 1.7.0-SNAPSHOT] Cannot connect to Health API for readiness: null
2025-01-29 13:24:26,069 INFO c.h.h.t.HelmChartContainer - [EVENT] Warning [Unhealthy] Readiness probe failed: HTTP probe failed with statuscode: 503 [helmcustomconfigit:test-hivemq-platform-1]
2025-01-29 13:24:26,069 INFO c.h.h.t.HelmChartContainer - Received Unhealthy event for container hivemq in pod test-hivemq-platform-1 [d33fe4e4-7ebf-49ec-8034-701b28ca8263]
2025-01-29 13:24:27,409 INFO c.h.h.t.HelmChartContainer - [test-hivemq-platform] [hivemq] [d33fe4e4] INFO  - No valid license file found. Using trial license, restricted to 25 connections.
2025-01-29 13:24:28,095 INFO c.h.h.t.HelmChartContainer - [test-hivemq-platform] [hivemq] [d33fe4e4] WARN  - [HiveMQ Platform Operator Init App 1.7.0-SNAPSHOT] Cannot connect to Health API for liveness: null
2025-01-29 13:24:28,095 INFO c.h.h.t.HelmChartContainer - [test-hivemq-platform] [hivemq] [d33fe4e4] INFO  - [HiveMQ Platform Operator Init App 1.7.0-SNAPSHOT] Returning default Health API response 200 for liveness
2025-01-29 13:24:31,065 INFO c.h.h.t.HelmChartContainer - [test-hivemq-platform] [hivemq] [d33fe4e4] WARN  - [HiveMQ Platform Operator Init App 1.7.0-SNAPSHOT] Cannot connect to Health API for readiness: null
2025-01-29 13:24:31,069 INFO c.h.h.t.HelmChartContainer - [EVENT] Warning [Unhealthy] Readiness probe failed: HTTP probe failed with statuscode: 503 [helmcustomconfigit:test-hivemq-platform-1]
2025-01-29 13:24:31,069 INFO c.h.h.t.HelmChartContainer - Received Unhealthy event for container hivemq in pod test-hivemq-platform-1 [d33fe4e4-7ebf-49ec-8034-701b28ca8263]
2025-01-29 13:24:32,805 INFO c.h.h.t.HelmChartContainer - [test-hivemq-platform] [hivemq] [d33fe4e4] INFO  - No valid license file for Data Hub found. Using free license, restricted to 1 policy.
2025-01-29 13:24:34,170 INFO c.h.h.t.HelmChartContainer - [test-hivemq-platform] [hivemq] [d33fe4e4] INFO  - Audit Logger started.
2025-01-29 13:24:34,415 INFO c.h.h.t.HelmChartContainer - [test-hivemq-platform] [hivemq] [d33fe4e4] INFO  - This node uses '1' CPU cores.
2025-01-29 13:24:34,466 INFO c.h.h.t.HelmChartContainer - [test-hivemq-platform] [hivemq] [d33fe4e4] INFO  - Starting HiveMQ Health API on address 0.0.0.0 and port 8889
2025-01-29 13:24:35,197 INFO c.h.h.t.HelmChartContainer - [test-hivemq-platform] [hivemq] [d33fe4e4] INFO  - Started HiveMQ Health API in 732ms
2025-01-29 13:24:35,866 INFO c.h.h.t.HelmChartContainer - [test-hivemq-platform] [hivemq] [d33fe4e4] INFO  - Starting HiveMQ extension system.
2025-01-29 13:24:36,064 INFO c.h.h.t.HelmChartContainer - [hivemq-test-hivemq-platform] [hivemq-platform-operator] [de53df0c] 13:24:36.060 [pool-6-thread-21] DEBUG c.h.p.o.d.PlatformServiceResource - [helmcust] Desired Platform services (3 services)
2025-01-29 13:24:36,064 INFO c.h.h.t.HelmChartContainer - [hivemq-test-hivemq-platform] [hivemq-platform-operator] [de53df0c] 13:24:36.061 [pool-6-thread-28] DEBUG c.h.p.o.dependants.PodInfoConfigMap - [helmcust] Desired PodInfo ConfigMap (1 extensions) (1 enabled)
2025-01-29 13:24:36,064 INFO c.h.h.t.HelmChartContainer - [hivemq-test-hivemq-platform] [hivemq-platform-operator] [de53df0c] 13:24:36.061 [pool-6-thread-28] DEBUG c.h.p.o.dependants.PodInfoConfigMap - [helmcust] Desired PodInfo ConfigMap (metrics port: 9399) (metrics path: /)
2025-01-29 13:24:36,064 INFO c.h.h.t.HelmChartContainer - [hivemq-test-hivemq-platform] [hivemq-platform-operator] [de53df0c] 13:24:36.061 [pool-6-thread-28] DEBUG c.h.p.o.dependants.PodInfoConfigMap - [helmcust] Desired PodInfo ConfigMap (extension state hash: -1817474005)
2025-01-29 13:24:36,064 INFO c.h.h.t.HelmChartContainer - [hivemq-test-hivemq-platform] [hivemq-platform-operator] [de53df0c] 13:24:36.063 [pool-6-thread-27] DEBUG c.h.p.o.d.PodServiceAccountResource - [helmcust] Desired PodServiceAccountResource (serviceAccountName: hivemq-platform-pod-test-hivemq-platform)
2025-01-29 13:24:36,071 INFO c.h.h.t.HelmChartContainer - [hivemq-test-hivemq-platform] [hivemq-platform-operator] [de53df0c] 13:24:36.071 [pool-6-thread-25] DEBUG c.h.p.o.d.StatefulSetResource - [helmcust] Desired StatefulSet (2 replicas) for status STARTING (READY)
2025-01-29 13:24:36,074 INFO c.h.h.t.HelmChartContainer - [hivemq-test-hivemq-platform] [hivemq-platform-operator] [de53df0c] 13:24:36.073 [ReconcilerExecutor-hivemq-controller-123] INFO  c.h.p.o.HiveMQPlatformReconciler - [helmcust] Reconciling HiveMQ Platform 'test-hivemq-platform' in namespace 'helmcustomconfigit'
2025-01-29 13:24:36,075 INFO c.h.h.t.HelmChartContainer - [hivemq-test-hivemq-platform] [hivemq-platform-operator] [de53df0c] 13:24:36.073 [ReconcilerExecutor-hivemq-controller-123] DEBUG c.h.p.o.HiveMQPlatformReconciler - [helmcust] Custom Resource Status STARTING - HiveMQ Platform is starting (READY)
2025-01-29 13:24:36,075 INFO c.h.h.t.HelmChartContainer - [hivemq-test-hivemq-platform] [hivemq-platform-operator] [de53df0c] 13:24:36.073 [ReconcilerExecutor-hivemq-controller-123] DEBUG c.h.p.o.HiveMQPlatformReconciler - [helmcust] Custom Resource Spec (replicas: 2) (extensions: 1)
2025-01-29 13:24:36,075 INFO c.h.h.t.HelmChartContainer - [hivemq-test-hivemq-platform] [hivemq-platform-operator] [de53df0c] 13:24:36.074 [ReconcilerExecutor-hivemq-controller-123] DEBUG c.h.p.o.HiveMQPlatformReconciler - [helmcust] StatefulSet Status (revision: test-hivemq-platform-6b448bcf6f, replicas: 2, available: 1, ready: 1, current: 2, updated: 2)
2025-01-29 13:24:36,076 INFO c.h.h.t.HelmChartContainer - [hivemq-test-hivemq-platform] [hivemq-platform-operator] [de53df0c] 13:24:36.075 [ReconcilerExecutor-hivemq-controller-123] DEBUG c.h.p.o.HiveMQPlatformReconciler - [helmcust] StatefulSet Spec (replicas: 2, init containers: 1, containers: 1, volumes: 3)
2025-01-29 13:24:36,077 INFO c.h.h.t.HelmChartContainer - [hivemq-test-hivemq-platform] [hivemq-platform-operator] [de53df0c] 13:24:36.076 [ReconcilerExecutor-hivemq-controller-123] DEBUG c.h.p.o.h.HiveMQPlatformReconcilerErrorHandler - [helmcust] Pod 'test-hivemq-platform-1' phase Running
2025-01-29 13:24:36,078 INFO c.h.h.t.HelmChartContainer - [hivemq-test-hivemq-platform] [hivemq-platform-operator] [de53df0c] 13:24:36.077 [ReconcilerExecutor-hivemq-controller-123] DEBUG c.h.p.o.h.HiveMQPlatformReconcilerErrorHandler - [helmcust] Pod 'test-hivemq-platform-0' phase Running
2025-01-29 13:24:36,078 INFO c.h.h.t.HelmChartContainer - [hivemq-test-hivemq-platform] [hivemq-platform-operator] [de53df0c] 13:24:36.077 [ReconcilerExecutor-hivemq-controller-123] INFO  c.h.p.o.h.HiveMQPlatformReconcilerBaseHandler - [helmcust] HiveMQ Platform is starting, 1 of 2 replicas are ready
2025-01-29 13:24:36,162 INFO c.h.h.t.HelmChartContainer - [test-hivemq-platform] [hivemq] [d33fe4e4] INFO  - Starting extension with id "hivemq-dns-cluster-discovery" at /opt/hivemq/extensions/hivemq-dns-cluster-discovery
2025-01-29 13:24:36,803 INFO c.h.h.t.HelmChartContainer - [test-hivemq-platform] [hivemq] [d33fe4e4] INFO  - Using TCP cluster transport on address 10.42.0.12 and port 7000
2025-01-29 13:24:36,897 INFO c.h.h.t.HelmChartContainer - [test-hivemq-platform] [hivemq] [d33fe4e4] INFO  - Using extension cluster discovery
2025-01-29 13:24:37,057 INFO c.h.h.t.HelmChartContainer - [EVENT] Warning [Unhealthy] Readiness probe failed: Get "http://10.42.0.12:7979/readiness": context deadline exceeded (Client.Timeout exceeded while awaiting headers) [helmcustomconfigit:test-hivemq-platform-1]
2025-01-29 13:24:37,057 INFO c.h.h.t.HelmChartContainer - Received Unhealthy event for container hivemq in pod test-hivemq-platform-1 [d33fe4e4-7ebf-49ec-8034-701b28ca8263]
2025-01-29 13:24:37,199 INFO c.h.h.t.HelmChartContainer - [test-hivemq-platform] [hivemq] [d33fe4e4] INFO  - Extension "DNS Cluster Discovery Extension" version 4.3.2 started successfully.
2025-01-29 13:24:37,200 INFO c.h.h.t.HelmChartContainer - [test-hivemq-platform] [hivemq] [d33fe4e4] INFO  - Starting extension with id "hivemq-prometheus-extension" at /opt/hivemq/extensions/hivemq-prometheus-extension
2025-01-29 13:24:37,498 INFO c.h.h.t.HelmChartContainer - [test-hivemq-platform] [hivemq] [d33fe4e4] INFO  - [HiveMQ Platform Operator Init App 1.7.0-SNAPSHOT] Returning Health API response 503 for readiness
2025-01-29 13:24:38,394 INFO c.h.h.t.HelmChartContainer - [test-hivemq-platform] [hivemq] [d33fe4e4] INFO  - Started Jetty Server exposing Prometheus Servlet on URI http://0.0.0.0:9399/
2025-01-29 13:24:38,394 INFO c.h.h.t.HelmChartContainer - [test-hivemq-platform] [hivemq] [d33fe4e4] INFO  - Extension "Prometheus Monitoring Extension" version 4.0.12 started successfully.
2025-01-29 13:24:38,394 INFO c.h.h.t.HelmChartContainer - [test-hivemq-platform] [hivemq] [d33fe4e4] INFO  - Starting extension with id "hivemq-allow-all-extension" at /opt/hivemq/extensions/hivemq-allow-all-extension
2025-01-29 13:24:38,394 INFO c.h.h.t.HelmChartContainer - [test-hivemq-platform] [hivemq] [d33fe4e4] WARN  - 
2025-01-29 13:24:38,394 INFO c.h.h.t.HelmChartContainer - [test-hivemq-platform] [hivemq] [d33fe4e4] ################################################################################################################
2025-01-29 13:24:38,394 INFO c.h.h.t.HelmChartContainer - [test-hivemq-platform] [hivemq] [d33fe4e4] # This HiveMQ deployment is not secure! You are lacking Authentication and Authorization.                      #
2025-01-29 13:24:38,394 INFO c.h.h.t.HelmChartContainer - [test-hivemq-platform] [hivemq] [d33fe4e4] # Right now any MQTT client can connect to the broker with a full set of permissions.                          #
2025-01-29 13:24:38,394 INFO c.h.h.t.HelmChartContainer - [test-hivemq-platform] [hivemq] [d33fe4e4] # For production usage, add an appropriate security extension and remove the hivemq-allow-all extension.       #
2025-01-29 13:24:38,395 INFO c.h.h.t.HelmChartContainer - [test-hivemq-platform] [hivemq] [d33fe4e4] # You can download security extensions from the HiveMQ Marketplace (https://www.hivemq.com/extensions/).       #
2025-01-29 13:24:38,395 INFO c.h.h.t.HelmChartContainer - [test-hivemq-platform] [hivemq] [d33fe4e4] ################################################################################################################
2025-01-29 13:24:38,396 INFO c.h.h.t.HelmChartContainer - [test-hivemq-platform] [hivemq] [d33fe4e4] INFO  - Extension "Allow All Extension" version 1.1.1 started successfully.
2025-01-29 13:24:38,598 INFO c.h.h.t.HelmChartContainer - [test-hivemq-platform] [hivemq] [940a05ad] INFO  - Cluster nodes found by discovery: [0HFhy|1] (2) [0HFhy, IqwbL].
2025-01-29 13:24:38,611 INFO c.h.h.t.HelmChartContainer - [test-hivemq-platform] [hivemq] [d33fe4e4] INFO  - Cluster nodes found by discovery: [0HFhy|1] (2) [0HFhy, IqwbL].
2025-01-29 13:24:38,797 INFO c.h.h.t.HelmChartContainer - [test-hivemq-platform] [hivemq] [d33fe4e4] INFO  - Cluster size = 1, members : [0HFhy].
2025-01-29 13:24:39,120 INFO c.h.h.t.HelmChartContainer - [test-hivemq-platform] [hivemq] [d33fe4e4] INFO  - Starting cluster join process. This may take a while. Please do not shut down HiveMQ.
2025-01-29 13:24:39,122 INFO c.h.h.t.HelmChartContainer - [test-hivemq-platform] [hivemq] [d33fe4e4] INFO  - Cluster join process is still ongoing. Please do not shut down HiveMQ.
2025-01-29 13:24:41,023 INFO c.h.h.t.HelmChartContainer - [EVENT] Warning [Unhealthy] Readiness probe failed: HTTP probe failed with statuscode: 503 [helmcustomconfigit:test-hivemq-platform-1]
2025-01-29 13:24:41,023 INFO c.h.h.t.HelmChartContainer - Received Unhealthy event for container hivemq in pod test-hivemq-platform-1 [d33fe4e4-7ebf-49ec-8034-701b28ca8263]
2025-01-29 13:24:41,158 INFO c.h.h.t.HelmChartContainer - [test-hivemq-platform] [hivemq] [940a05ad] INFO  - Cluster size = 2, members : [IqwbL, 0HFhy].
2025-01-29 13:24:41,195 INFO c.h.h.t.HelmChartContainer - [test-hivemq-platform] [hivemq] [d33fe4e4] INFO  - Cluster size = 2, members : [IqwbL, 0HFhy].
2025-01-29 13:24:41,250 INFO c.h.h.t.HelmChartContainer - [test-hivemq-platform] [hivemq] [d33fe4e4] INFO  - Finished cluster join process successfully.
2025-01-29 13:24:41,296 INFO c.h.h.t.HelmChartContainer - [test-hivemq-platform] [hivemq] [d33fe4e4] WARN  - No user for HiveMQ Control Center configured. Starting with default user
2025-01-29 13:24:41,296 INFO c.h.h.t.HelmChartContainer - [test-hivemq-platform] [hivemq] [d33fe4e4] INFO  - Starting HiveMQ Control Center on address 0.0.0.0 and port 8080
2025-01-29 13:24:41,298 INFO c.h.h.t.HelmChartContainer - [test-hivemq-platform] [hivemq] [d33fe4e4] INFO  - Mounting HiveMQ Control Center V2 Preview
2025-01-29 13:24:42,002 INFO c.h.h.t.HelmChartContainer - [test-hivemq-platform] [hivemq] [d33fe4e4] INFO  - Started HiveMQ Control Center in 709ms
2025-01-29 13:24:42,017 INFO c.h.h.t.HelmChartContainer - [test-hivemq-platform] [hivemq] [d33fe4e4] INFO  - Starting TCP listener on address 0.0.0.0 and port 1883
2025-01-29 13:24:42,098 INFO c.h.h.t.HelmChartContainer - [test-hivemq-platform] [hivemq] [d33fe4e4] INFO  - Started TCP Listener on address 0.0.0.0 and on port 1883.
2025-01-29 13:24:42,098 INFO c.h.h.t.HelmChartContainer - [test-hivemq-platform] [hivemq] [d33fe4e4] INFO  - Started HiveMQ in 34703ms
2025-01-29 13:24:46,019 INFO c.h.h.t.HelmChartContainer - [test-hivemq-platform] [hivemq] [d33fe4e4] INFO  - [HiveMQ Platform Operator Init App 1.7.0-SNAPSHOT] Returning Health API response 200 for readiness
2025-01-29 13:24:46,035 INFO c.h.h.t.HelmChartContainer - [POD] test-hivemq-platform-1 [d33fe4e4-7ebf-49ec-8034-701b28ca8263] in helmcustomconfigit was MODIFIED
2025-01-29 13:24:46,057 INFO c.h.h.t.HelmChartContainer - [hivemq-test-hivemq-platform] [hivemq-platform-operator] [de53df0c] 13:24:46.045 [pool-6-thread-35] DEBUG c.h.p.o.d.PlatformServiceResource - [helmcust] Desired Platform services (3 services)
2025-01-29 13:24:46,059 INFO c.h.h.t.HelmChartContainer - [hivemq-test-hivemq-platform] [hivemq-platform-operator] [de53df0c] 13:24:46.052 [pool-6-thread-36] DEBUG c.h.p.o.d.PodServiceAccountResource - [helmcust] Desired PodServiceAccountResource (serviceAccountName: hivemq-platform-pod-test-hivemq-platform)
2025-01-29 13:24:46,060 INFO c.h.h.t.HelmChartContainer - [hivemq-test-hivemq-platform] [hivemq-platform-operator] [de53df0c] 13:24:46.054 [pool-6-thread-32] DEBUG c.h.p.o.dependants.PodInfoConfigMap - [helmcust] Desired PodInfo ConfigMap (1 extensions) (1 enabled)
2025-01-29 13:24:46,060 INFO c.h.h.t.HelmChartContainer - [hivemq-test-hivemq-platform] [hivemq-platform-operator] [de53df0c] 13:24:46.054 [pool-6-thread-32] DEBUG c.h.p.o.dependants.PodInfoConfigMap - [helmcust] Desired PodInfo ConfigMap (metrics port: 9399) (metrics path: /)
2025-01-29 13:24:46,060 INFO c.h.h.t.HelmChartContainer - [hivemq-test-hivemq-platform] [hivemq-platform-operator] [de53df0c] 13:24:46.054 [pool-6-thread-32] DEBUG c.h.p.o.dependants.PodInfoConfigMap - [helmcust] Desired PodInfo ConfigMap (extension state hash: -1817474005)
2025-01-29 13:24:46,064 INFO c.h.h.t.HelmChartContainer - [hivemq-test-hivemq-platform] [hivemq-platform-operator] [de53df0c] 13:24:46.059 [pool-6-thread-36] DEBUG c.h.p.o.d.StatefulSetResource - [helmcust] Desired StatefulSet (2 replicas) for status STARTING (READY)
2025-01-29 13:24:46,066 INFO c.h.h.t.HelmChartContainer - [hivemq-test-hivemq-platform] [hivemq-platform-operator] [de53df0c] 13:24:46.063 [ReconcilerExecutor-hivemq-controller-124] INFO  c.h.p.o.HiveMQPlatformReconciler - [helmcust] Reconciling HiveMQ Platform 'test-hivemq-platform' in namespace 'helmcustomconfigit'
2025-01-29 13:24:46,066 INFO c.h.h.t.HelmChartContainer - [hivemq-test-hivemq-platform] [hivemq-platform-operator] [de53df0c] 13:24:46.063 [ReconcilerExecutor-hivemq-controller-124] DEBUG c.h.p.o.HiveMQPlatformReconciler - [helmcust] Custom Resource Status STARTING - HiveMQ Platform is starting (READY)
2025-01-29 13:24:46,067 INFO c.h.h.t.HelmChartContainer - [hivemq-test-hivemq-platform] [hivemq-platform-operator] [de53df0c] 13:24:46.063 [ReconcilerExecutor-hivemq-controller-124] DEBUG c.h.p.o.HiveMQPlatformReconciler - [helmcust] Custom Resource Spec (replicas: 2) (extensions: 1)
2025-01-29 13:24:46,068 INFO c.h.h.t.HelmChartContainer - [hivemq-test-hivemq-platform] [hivemq-platform-operator] [de53df0c] 13:24:46.066 [ReconcilerExecutor-hivemq-controller-124] DEBUG c.h.p.o.HiveMQPlatformReconciler - [helmcust] StatefulSet Status (revision: test-hivemq-platform-6b448bcf6f, replicas: 2, available: 2, ready: 2, current: 2, updated: 2)
2025-01-29 13:24:46,068 INFO c.h.h.t.HelmChartContainer - [hivemq-test-hivemq-platform] [hivemq-platform-operator] [de53df0c] 13:24:46.066 [ReconcilerExecutor-hivemq-controller-124] DEBUG c.h.p.o.HiveMQPlatformReconciler - [helmcust] StatefulSet Spec (replicas: 2, init containers: 1, containers: 1, volumes: 3)
2025-01-29 13:24:46,070 INFO c.h.h.t.HelmChartContainer - [hivemq-test-hivemq-platform] [hivemq-platform-operator] [de53df0c] 13:24:46.069 [ReconcilerExecutor-hivemq-controller-124] DEBUG c.h.p.o.h.HiveMQPlatformReconcilerErrorHandler - [helmcust] Pod 'test-hivemq-platform-1' phase Running
2025-01-29 13:24:46,072 INFO c.h.h.t.HelmChartContainer - [hivemq-test-hivemq-platform] [hivemq-platform-operator] [de53df0c] 13:24:46.071 [ReconcilerExecutor-hivemq-controller-124] DEBUG c.h.p.o.h.HiveMQPlatformReconcilerErrorHandler - [helmcust] Pod 'test-hivemq-platform-0' phase Running
2025-01-29 13:24:46,123 INFO c.h.h.t.HelmChartContainer - [hivemq-test-hivemq-platform] [hivemq-platform-operator] [de53df0c] 13:24:46.121 [ReconcilerExecutor-hivemq-controller-124] INFO  c.h.p.o.h.HiveMQPlatformReconcilerBaseHandler - [helmcust] HiveMQ Platform started successfully
2025-01-29 13:24:46,227 INFO c.h.h.t.HelmChartContainer - [hivemq-test-hivemq-platform] [hivemq-platform-operator] [de53df0c] 13:24:46.226 [ReconcilerExecutor-hivemq-controller-124] DEBUG c.h.p.operator.event.EventSender - [helmcust] Creating K8s event hivemq-platform-ready: [Ready] HiveMQ Platform is ready
2025-01-29 13:24:46,232 INFO c.h.h.t.HelmChartContainer - [EVENT] Normal [Ready] HiveMQ Platform is ready [helmcustomconfigit:test-hivemq-platform]
2025-01-29 13:24:46,233 INFO c.h.h.t.HelmChartContainer - [hivemq-test-hivemq-platform] [hivemq-platform-operator] [de53df0c] 13:24:46.232 [ReconcilerExecutor-hivemq-controller-124] INFO  c.h.p.o.h.AbstractHiveMQReconcilerStateHandler - [helmcust] Update HiveMQ Platform Status (STARTING [READY] -> RUNNING [READY]): HiveMQ Platform is ready
2025-01-29 13:24:46,242 DEBUG com.hivemq.helmcharts.util.K8sUtil - Comparing actual state 'RUNNING' and waiting for 'RUNNING'
2025-01-29 13:24:46,275 INFO c.h.h.t.HelmChartContainer - Uninstalling release 'test-hivemq-platform' in namespace 'helmcustomconfigit'...
2025-01-29 13:24:46,275 DEBUG c.h.h.t.HelmChartContainer - Executing helm command: /bin/helm --kubeconfig /etc/rancher/k3s/k3s.yaml uninstall test-hivemq-platform  --wait --timeout 5m0s --cascade foreground --namespace helmcustomconfigit
2025-01-29 13:24:46,333 INFO c.h.h.t.HelmChartContainer - [hivemq-test-hivemq-platform] [hivemq-platform-operator] [de53df0c] 13:24:46.321 [pool-6-thread-42] DEBUG c.h.p.o.d.PlatformServiceResource - [helmcust] Desired Platform services (3 services)
2025-01-29 13:24:46,333 INFO c.h.h.t.HelmChartContainer - [hivemq-test-hivemq-platform] [hivemq-platform-operator] [de53df0c] 13:24:46.321 [pool-6-thread-43] DEBUG c.h.p.o.dependants.PodInfoConfigMap - [helmcust] Desired PodInfo ConfigMap (1 extensions) (1 enabled)
2025-01-29 13:24:46,333 INFO c.h.h.t.HelmChartContainer - [hivemq-test-hivemq-platform] [hivemq-platform-operator] [de53df0c] 13:24:46.322 [pool-6-thread-43] DEBUG c.h.p.o.dependants.PodInfoConfigMap - [helmcust] Desired PodInfo ConfigMap (metrics port: 9399) (metrics path: /)
2025-01-29 13:24:46,333 INFO c.h.h.t.HelmChartContainer - [hivemq-test-hivemq-platform] [hivemq-platform-operator] [de53df0c] 13:24:46.322 [pool-6-thread-43] DEBUG c.h.p.o.dependants.PodInfoConfigMap - [helmcust] Desired PodInfo ConfigMap (extension state hash: -1817474005)
2025-01-29 13:24:46,333 INFO c.h.h.t.HelmChartContainer - [hivemq-test-hivemq-platform] [hivemq-platform-operator] [de53df0c] 13:24:46.322 [pool-6-thread-43] DEBUG c.h.p.o.dependants.PodInfoConfigMap - [helmcust] Update PodInfo ConfigMap
2025-01-29 13:24:46,333 INFO c.h.h.t.HelmChartContainer - [hivemq-test-hivemq-platform] [hivemq-platform-operator] [de53df0c] 13:24:46.325 [pool-6-thread-49] DEBUG c.h.p.o.d.PodServiceAccountResource - [helmcust] Desired PodServiceAccountResource (serviceAccountName: hivemq-platform-pod-test-hivemq-platform)
2025-01-29 13:24:46,343 INFO c.h.h.t.HelmChartContainer - [hivemq-test-hivemq-platform] [hivemq-platform-operator] [de53df0c] 13:24:46.338 [pool-6-thread-43] DEBUG c.h.p.o.d.StatefulSetResource - [helmcust] Desired StatefulSet (2 replicas) for status RUNNING (READY)
2025-01-29 13:24:46,346 INFO c.h.h.t.HelmChartContainer - [hivemq-test-hivemq-platform] [hivemq-platform-operator] [de53df0c] 13:24:46.343 [ReconcilerExecutor-hivemq-controller-125] INFO  c.h.p.o.HiveMQPlatformReconciler - [helmcust] Reconciling HiveMQ Platform 'test-hivemq-platform' in namespace 'helmcustomconfigit'
2025-01-29 13:24:46,346 INFO c.h.h.t.HelmChartContainer - [hivemq-test-hivemq-platform] [hivemq-platform-operator] [de53df0c] 13:24:46.344 [ReconcilerExecutor-hivemq-controller-125] DEBUG c.h.p.o.HiveMQPlatformReconciler - [helmcust] Custom Resource Status RUNNING - HiveMQ Platform is ready (READY)
2025-01-29 13:24:46,346 INFO c.h.h.t.HelmChartContainer - [hivemq-test-hivemq-platform] [hivemq-platform-operator] [de53df0c] 13:24:46.344 [ReconcilerExecutor-hivemq-controller-125] DEBUG c.h.p.o.HiveMQPlatformReconciler - [helmcust] Custom Resource Spec (replicas: 2) (extensions: 1)
2025-01-29 13:24:46,429 INFO c.h.h.t.HelmChartContainer - [hivemq-test-hivemq-platform] [hivemq-platform-operator] [de53df0c] 13:24:46.421 [ReconcilerExecutor-hivemq-controller-125] DEBUG c.h.p.o.HiveMQPlatformReconciler - [helmcust] StatefulSet Status (revision: test-hivemq-platform-6b448bcf6f, replicas: 2, available: 2, ready: 2, current: 2, updated: 2)
2025-01-29 13:24:46,429 INFO c.h.h.t.HelmChartContainer - [hivemq-test-hivemq-platform] [hivemq-platform-operator] [de53df0c] 13:24:46.421 [ReconcilerExecutor-hivemq-controller-125] DEBUG c.h.p.o.HiveMQPlatformReconciler - [helmcust] StatefulSet Spec (replicas: 2, init containers: 1, containers: 1, volumes: 3)
2025-01-29 13:24:46,429 INFO c.h.h.t.HelmChartContainer - [hivemq-test-hivemq-platform] [hivemq-platform-operator] [de53df0c] 13:24:46.423 [ReconcilerExecutor-hivemq-controller-125] DEBUG c.h.p.o.h.HiveMQPlatformReconcilerErrorHandler - [helmcust] Pod 'test-hivemq-platform-1' phase Running
2025-01-29 13:24:46,429 INFO c.h.h.t.HelmChartContainer - [hivemq-test-hivemq-platform] [hivemq-platform-operator] [de53df0c] 13:24:46.425 [ReconcilerExecutor-hivemq-controller-125] DEBUG c.h.p.o.h.HiveMQPlatformReconcilerErrorHandler - [helmcust] Pod 'test-hivemq-platform-0' phase Running
2025-01-29 13:24:46,625 INFO c.h.h.t.HelmChartContainer - [hivemq-test-hivemq-platform] [hivemq-platform-operator] [de53df0c] 13:24:46.622 [pool-6-thread-10] DEBUG c.h.p.o.d.PlatformServiceResource - [helmcust] Desired Platform services (3 services)
2025-01-29 13:24:46,627 INFO c.h.h.t.HelmChartContainer - [hivemq-test-hivemq-platform] [hivemq-platform-operator] [de53df0c] 13:24:46.626 [pool-6-thread-6] DEBUG c.h.p.o.dependants.PodInfoConfigMap - [helmcust] Desired PodInfo ConfigMap (1 extensions) (1 enabled)
2025-01-29 13:24:46,627 INFO c.h.h.t.HelmChartContainer - [hivemq-test-hivemq-platform] [hivemq-platform-operator] [de53df0c] 13:24:46.626 [pool-6-thread-6] DEBUG c.h.p.o.dependants.PodInfoConfigMap - [helmcust] Desired PodInfo ConfigMap (metrics port: 9399) (metrics path: /)
2025-01-29 13:24:46,627 INFO c.h.h.t.HelmChartContainer - [hivemq-test-hivemq-platform] [hivemq-platform-operator] [de53df0c] 13:24:46.626 [pool-6-thread-6] DEBUG c.h.p.o.dependants.PodInfoConfigMap - [helmcust] Desired PodInfo ConfigMap (extension state hash: -1817474005)
2025-01-29 13:24:46,628 INFO c.h.h.t.HelmChartContainer - [hivemq-test-hivemq-platform] [hivemq-platform-operator] [de53df0c] 13:24:46.626 [pool-6-thread-10] DEBUG c.h.p.o.dependants.PodRoleResource - [helmcust] Create Role: Role(apiVersion=rbac.authorization.k8s.io/v1, kind=Role, metadata=ObjectMeta(annotations={meta.helm.sh/release-name=test-hivemq-platform, meta.helm.sh/release-namespace=helmcustomconfigit}, creationTimestamp=null, deletionGracePeriodSeconds=null, deletionTimestamp=null, finalizers=[], generateName=null, generation=null, labels={helm.sh/chart=hivemq-platform-0.2.32, app.kubernetes.io/managed-by=Helm, app.kubernetes.io/name=hivemq-platform, hivemq-platform=test-hivemq-platform, app.kubernetes.io/instance=test-hivemq-platform, app.kubernetes.io/version=4.36.0}, managedFields=[], name=hivemq-platform-role-test-hivemq-platform, namespace=helmcustomconfigit, ownerReferences=[OwnerReference(apiVersion=hivemq.com/v1, blockOwnerDeletion=null, controller=null, kind=HiveMQPlatform, name=test-hivemq-platform, uid=f4cce73f-4879-4c1f-b65f-2bc2cd5bea04, additionalProperties={})], resourceVersion=null, selfLink=null, uid=null, additionalProperties={}), rules=[PolicyRule(apiGroups=[], nonResourceURLs=[], resourceNames=[], resources=[pods], verbs=[get, patch, update], additionalProperties={})], additionalProperties={})
2025-01-29 13:24:46,628 INFO c.h.h.t.HelmChartContainer - [hivemq-test-hivemq-platform] [hivemq-platform-operator] [de53df0c] 13:24:46.627 [pool-6-thread-6] DEBUG c.h.p.o.d.PodServiceAccountResource - [helmcust] Desired PodServiceAccountResource (serviceAccountName: hivemq-platform-pod-test-hivemq-platform)
2025-01-29 13:24:46,628 INFO c.h.h.t.HelmChartContainer - [hivemq-test-hivemq-platform] [hivemq-platform-operator] [de53df0c] 13:24:46.627 [pool-6-thread-6] DEBUG c.h.p.o.d.PodServiceAccountResource - [helmcust] Create ServiceAccount 'hivemq-platform-pod-test-hivemq-platform'
2025-01-29 13:24:46,634 INFO c.h.h.t.HelmChartContainer - [hivemq-test-hivemq-platform] [hivemq-platform-operator] [de53df0c] 13:24:46.631 [pool-6-thread-7] DEBUG c.h.p.o.d.StatefulSetResource - [helmcust] Desired StatefulSet (2 replicas) for status RUNNING (READY)
2025-01-29 13:24:46,635 INFO c.h.h.t.HelmChartContainer - [hivemq-test-hivemq-platform] [hivemq-platform-operator] [de53df0c] 13:24:46.635 [pool-6-thread-7] DEBUG c.h.p.o.d.StatefulSetResource - [helmcust] Update StatefulSet (replicas: 2 -> 2)
2025-01-29 13:24:46,636 INFO c.h.h.t.HelmChartContainer - [hivemq-test-hivemq-platform] [hivemq-platform-operator] [de53df0c] 13:24:46.635 [pool-6-thread-7] DEBUG c.h.p.o.d.StatefulSetResource - [helmcust] Detected change in StatefulSet specification (path: /template/metadata/annotations/kubernetes-resource-versions) (actual value: {broker-configuration-v2=-2089688360}) (target value: {broker-configuration-v2=0})
2025-01-29 13:24:46,636 INFO c.h.h.t.HelmChartContainer - [hivemq-test-hivemq-platform] [hivemq-platform-operator] [de53df0c] 13:24:46.635 [pool-6-thread-7] INFO  c.h.p.o.d.StatefulSetResource - [helmcust] StatefulSet spec was updated, triggering rolling restart
2025-01-29 13:24:46,698 INFO c.h.h.t.HelmChartContainer - [K3S] [authentication.go:74] "Unable to authenticate the request" err="[invalid bearer token, serviceaccounts \"hivemq-platform-pod-test-hivemq-platform\" not found]"
2025-01-29 13:24:46,729 INFO c.h.h.t.HelmChartContainer - [K3S] [authentication.go:74] "Unable to authenticate the request" err="[invalid bearer token, serviceaccounts \"hivemq-platform-pod-test-hivemq-platform\" not found]"
2025-01-29 13:24:46,802 INFO c.h.h.t.HelmChartContainer - [test-hivemq-platform] [hivemq] [d33fe4e4] WARN  - [HiveMQ Platform Operator Init App 1.7.0-SNAPSHOT] Could not update Pod annotations: Failure executing: GET at: https://10.43.0.1:443/api/v1/namespaces/helmcustomconfigit/pods/test-hivemq-platform-1. Message: Unauthorized. Received status: Status(apiVersion=v1, code=401, details=null, kind=Status, message=Unauthorized, metadata=ListMeta(_continue=null, remainingItemCount=null, resourceVersion=null, selfLink=null, additionalProperties={}), reason=Unauthorized, status=Failure, additionalProperties={}).
2025-01-29 13:24:46,826 INFO c.h.h.t.HelmChartContainer - [hivemq-test-hivemq-platform] [hivemq-platform-operator] [de53df0c] 13:24:46.823 [pool-6-thread-10] DEBUG c.h.p.o.d.PodRoleBindingResource - [helmcust] Create RoleBinding: RoleBinding(apiVersion=rbac.authorization.k8s.io/v1, kind=RoleBinding, metadata=ObjectMeta(annotations={meta.helm.sh/release-name=test-hivemq-platform, meta.helm.sh/release-namespace=helmcustomconfigit}, creationTimestamp=null, deletionGracePeriodSeconds=null, deletionTimestamp=null, finalizers=[], generateName=null, generation=null, labels={helm.sh/chart=hivemq-platform-0.2.32, app.kubernetes.io/managed-by=Helm, app.kubernetes.io/name=hivemq-platform, hivemq-platform=test-hivemq-platform, app.kubernetes.io/instance=test-hivemq-platform, app.kubernetes.io/version=4.36.0}, managedFields=[], name=hivemq-platform-role-binding-test-hivemq-platform, namespace=helmcustomconfigit, ownerReferences=[OwnerReference(apiVersion=hivemq.com/v1, blockOwnerDeletion=null, controller=null, kind=HiveMQPlatform, name=test-hivemq-platform, uid=f4cce73f-4879-4c1f-b65f-2bc2cd5bea04, additionalProperties={})], resourceVersion=null, selfLink=null, uid=null, additionalProperties={}), roleRef=RoleRef(apiGroup=rbac.authorization.k8s.io, kind=Role, name=hivemq-platform-role-test-hivemq-platform, additionalProperties={}), subjects=[Subject(apiGroup=null, kind=ServiceAccount, name=hivemq-platform-pod-test-hivemq-platform, namespace=helmcustomconfigit, additionalProperties={})], additionalProperties={})
2025-01-29 13:24:46,926 INFO c.h.h.t.HelmChartContainer - [hivemq-test-hivemq-platform] [hivemq-platform-operator] [de53df0c] 13:24:46.924 [ReconcilerExecutor-hivemq-controller-126] INFO  c.h.p.o.HiveMQPlatformReconciler - [helmcust] Reconciling HiveMQ Platform 'test-hivemq-platform' in namespace 'helmcustomconfigit'
2025-01-29 13:24:46,926 INFO c.h.h.t.HelmChartContainer - [hivemq-test-hivemq-platform] [hivemq-platform-operator] [de53df0c] 13:24:46.926 [ReconcilerExecutor-hivemq-controller-126] DEBUG c.h.p.o.HiveMQPlatformReconciler - [helmcust] Custom Resource Status RUNNING - HiveMQ Platform is ready (READY) (reconciliation requests: REQUESTS_UPDATED, ROLLING_RESTART)
2025-01-29 13:24:46,927 INFO c.h.h.t.HelmChartContainer - [hivemq-test-hivemq-platform] [hivemq-platform-operator] [de53df0c] 13:24:46.926 [ReconcilerExecutor-hivemq-controller-126] DEBUG c.h.p.o.HiveMQPlatformReconciler - [helmcust] Custom Resource Spec (replicas: 2) (extensions: 1)
2025-01-29 13:24:46,927 INFO c.h.h.t.HelmChartContainer - [hivemq-test-hivemq-platform] [hivemq-platform-operator] [de53df0c] 13:24:46.926 [ReconcilerExecutor-hivemq-controller-126] WARN  c.h.p.o.h.HiveMQPlatformReconcilerErrorHandler - [helmcust] Could not find ConfigMap 'hivemq-configuration-test-hivemq-platform' for HiveMQ Platform configuration
2025-01-29 13:24:46,947 INFO c.h.h.t.HelmChartContainer - [hivemq-test-hivemq-platform] [hivemq-platform-operator] [de53df0c] 13:24:46.946 [ReconcilerExecutor-hivemq-controller-126] DEBUG c.h.p.operator.event.EventSender - [helmcust] Creating K8s event hivemq-platform-invalid-configuration: [Start] Could not find ConfigMap 'hivemq-configuration-test-hivemq-platform' for HiveMQ Platform configuration
2025-01-29 13:24:47,024 INFO c.h.h.t.HelmChartContainer - [EVENT] Warning [Start] Could not find ConfigMap 'hivemq-configuration-test-hivemq-platform' for HiveMQ Platform configuration [helmcustomconfigit:test-hivemq-platform]
2025-01-29 13:24:47,026 INFO c.h.h.t.HelmChartContainer - [hivemq-test-hivemq-platform] [hivemq-platform-operator] [de53df0c] 13:24:47.025 [ReconcilerExecutor-hivemq-controller-126] INFO  c.h.p.o.h.AbstractHiveMQReconcilerStateHandler - [helmcust] Update HiveMQ Platform Status (RUNNING [READY] -> ERROR [INVALID_CONFIG_MAP]): Could not find ConfigMap 'hivemq-configuration-test-hivemq-platform' for HiveMQ Platform configuration (reconciliation requests: ROLLING_RESTART)
2025-01-29 13:24:47,038 INFO c.h.h.t.HelmChartContainer - [hivemq-test-hivemq-platform] [hivemq-platform-operator] [de53df0c] 13:24:47.034 [ReconcilerExecutor-hivemq-controller-126] ERROR i.j.o.p.event.EventProcessor - Error during event processing ExecutionScope{ resource id: ResourceID{name='test-hivemq-platform', namespace='helmcustomconfigit'}, version: 1238}
2025-01-29 13:24:47,038 INFO c.h.h.t.HelmChartContainer - [hivemq-test-hivemq-platform] [hivemq-platform-operator] [de53df0c] io.fabric8.kubernetes.client.KubernetesClientException: Failure executing: PUT at: https://10.43.0.1:443/apis/hivemq.com/v1/namespaces/helmcustomconfigit/hivemq-platforms/test-hivemq-platform/status. Message: Operation cannot be fulfilled on hivemq-platforms.hivemq.com "test-hivemq-platform": the object has been modified; please apply your changes to the latest version and try again. Received status: Status(apiVersion=v1, code=409, details=StatusDetails(causes=[], group=hivemq.com, kind=hivemq-platforms, name=test-hivemq-platform, retryAfterSeconds=null, uid=null, additionalProperties={}), kind=Status, message=Operation cannot be fulfilled on hivemq-platforms.hivemq.com "test-hivemq-platform": the object has been modified; please apply your changes to the latest version and try again, metadata=ListMeta(_continue=null, remainingItemCount=null, resourceVersion=null, selfLink=null, additionalProperties={}), reason=Conflict, status=Failure, additionalProperties={}).
2025-01-29 13:24:47,038 INFO c.h.h.t.HelmChartContainer - [hivemq-test-hivemq-platform] [hivemq-platform-operator] [de53df0c] 	at io.fabric8.kubernetes.client.KubernetesClientException.copyAsCause(KubernetesClientException.java:238)
2025-01-29 13:24:47,038 INFO c.h.h.t.HelmChartContainer - [hivemq-test-hivemq-platform] [hivemq-platform-operator] [de53df0c] 	at io.fabric8.kubernetes.client.dsl.internal.OperationSupport.waitForResult(OperationSupport.java:507)
2025-01-29 13:24:47,039 INFO c.h.h.t.HelmChartContainer - [hivemq-test-hivemq-platform] [hivemq-platform-operator] [de53df0c] 	at io.fabric8.kubernetes.client.dsl.internal.OperationSupport.handleResponse(OperationSupport.java:524)
2025-01-29 13:24:47,039 INFO c.h.h.t.HelmChartContainer - [hivemq-test-hivemq-platform] [hivemq-platform-operator] [de53df0c] 	at io.fabric8.kubernetes.client.dsl.internal.OperationSupport.handleUpdate(OperationSupport.java:358)
2025-01-29 13:24:47,039 INFO c.h.h.t.HelmChartContainer - [hivemq-test-hivemq-platform] [hivemq-platform-operator] [de53df0c] 	at io.fabric8.kubernetes.client.dsl.internal.BaseOperation.handleUpdate(BaseOperation.java:759)
2025-01-29 13:24:47,039 INFO c.h.h.t.HelmChartContainer - [hivemq-test-hivemq-platform] [hivemq-platform-operator] [de53df0c] 	at io.fabric8.kubernetes.client.dsl.internal.HasMetadataOperation.update(HasMetadataOperation.java:138)
2025-01-29 13:24:47,039 INFO c.h.h.t.HelmChartContainer - [hivemq-test-hivemq-platform] [hivemq-platform-operator] [de53df0c] 	at io.fabric8.kubernetes.client.dsl.internal.HasMetadataOperation.update(HasMetadataOperation.java:121)
2025-01-29 13:24:47,039 INFO c.h.h.t.HelmChartContainer - [hivemq-test-hivemq-platform] [hivemq-platform-operator] [de53df0c] 	at io.fabric8.kubernetes.client.dsl.internal.HasMetadataOperation.updateStatus(HasMetadataOperation.java:126)
2025-01-29 13:24:47,039 INFO c.h.h.t.HelmChartContainer - [hivemq-test-hivemq-platform] [hivemq-platform-operator] [de53df0c] 	at io.fabric8.kubernetes.client.dsl.internal.HasMetadataOperation.updateStatus(HasMetadataOperation.java:44)
2025-01-29 13:24:47,039 INFO c.h.h.t.HelmChartContainer - [hivemq-test-hivemq-platform] [hivemq-platform-operator] [de53df0c] 	at io.javaoperatorsdk.operator.processing.event.ReconciliationDispatcher$CustomResourceFacade.updateStatus(ReconciliationDispatcher.java:408)
2025-01-29 13:24:47,039 INFO c.h.h.t.HelmChartContainer - [hivemq-test-hivemq-platform] [hivemq-platform-operator] [de53df0c] 	at io.javaoperatorsdk.operator.processing.event.ReconciliationDispatcher.updateStatusGenerationAware(ReconciliationDispatcher.java:228)
2025-01-29 13:24:47,039 INFO c.h.h.t.HelmChartContainer - [hivemq-test-hivemq-platform] [hivemq-platform-operator] [de53df0c] 	at io.javaoperatorsdk.operator.processing.event.ReconciliationDispatcher.reconcileExecution(ReconciliationDispatcher.java:150)
2025-01-29 13:24:47,039 INFO c.h.h.t.HelmChartContainer - [hivemq-test-hivemq-platform] [hivemq-platform-operator] [de53df0c] 	at io.javaoperatorsdk.operator.processing.event.ReconciliationDispatcher.handleReconcile(ReconciliationDispatcher.java:117)
2025-01-29 13:24:47,039 INFO c.h.h.t.HelmChartContainer - [hivemq-test-hivemq-platform] [hivemq-platform-operator] [de53df0c] 	at io.javaoperatorsdk.operator.processing.event.ReconciliationDispatcher.handleDispatch(ReconciliationDispatcher.java:91)
2025-01-29 13:24:47,039 INFO c.h.h.t.HelmChartContainer - [hivemq-test-hivemq-platform] [hivemq-platform-operator] [de53df0c] 	at io.javaoperatorsdk.operator.processing.event.ReconciliationDispatcher.handleExecution(ReconciliationDispatcher.java:64)
2025-01-29 13:24:47,039 INFO c.h.h.t.HelmChartContainer - [hivemq-test-hivemq-platform] [hivemq-platform-operator] [de53df0c] 	at io.javaoperatorsdk.operator.processing.event.EventProcessor$ReconcilerExecutor.run(EventProcessor.java:452)
2025-01-29 13:24:47,039 INFO c.h.h.t.HelmChartContainer - [hivemq-test-hivemq-platform] [hivemq-platform-operator] [de53df0c] 	at java.base/java.util.concurrent.ThreadPoolExecutor.runWorker(Unknown Source)
2025-01-29 13:24:47,039 INFO c.h.h.t.HelmChartContainer - [hivemq-test-hivemq-platform] [hivemq-platform-operator] [de53df0c] 	at java.base/java.util.concurrent.ThreadPoolExecutor$Worker.run(Unknown Source)
2025-01-29 13:24:47,039 INFO c.h.h.t.HelmChartContainer - [hivemq-test-hivemq-platform] [hivemq-platform-operator] [de53df0c] 	at java.base/java.lang.Thread.run(Unknown Source)
2025-01-29 13:24:47,039 INFO c.h.h.t.HelmChartContainer - [hivemq-test-hivemq-platform] [hivemq-platform-operator] [de53df0c] Caused by: io.fabric8.kubernetes.client.KubernetesClientException: Failure executing: PUT at: https://10.43.0.1:443/apis/hivemq.com/v1/namespaces/helmcustomconfigit/hivemq-platforms/test-hivemq-platform/status. Message: Operation cannot be fulfilled on hivemq-platforms.hivemq.com "test-hivemq-platform": the object has been modified; please apply your changes to the latest version and try again. Received status: Status(apiVersion=v1, code=409, details=StatusDetails(causes=[], group=hivemq.com, kind=hivemq-platforms, name=test-hivemq-platform, retryAfterSeconds=null, uid=null, additionalProperties={}), kind=Status, message=Operation cannot be fulfilled on hivemq-platforms.hivemq.com "test-hivemq-platform": the object has been modified; please apply your changes to the latest version and try again, metadata=ListMeta(_continue=null, remainingItemCount=null, resourceVersion=null, selfLink=null, additionalProperties={}), reason=Conflict, status=Failure, additionalProperties={}).
2025-01-29 13:24:47,039 INFO c.h.h.t.HelmChartContainer - [hivemq-test-hivemq-platform] [hivemq-platform-operator] [de53df0c] 	at io.fabric8.kubernetes.client.dsl.internal.OperationSupport.requestFailure(OperationSupport.java:660)
2025-01-29 13:24:47,039 INFO c.h.h.t.HelmChartContainer - [hivemq-test-hivemq-platform] [hivemq-platform-operator] [de53df0c] 	at io.fabric8.kubernetes.client.dsl.internal.OperationSupport.requestFailure(OperationSupport.java:640)
2025-01-29 13:24:47,039 INFO c.h.h.t.HelmChartContainer - [hivemq-test-hivemq-platform] [hivemq-platform-operator] [de53df0c] 	at io.fabric8.kubernetes.client.dsl.internal.OperationSupport.assertResponseCode(OperationSupport.java:589)
2025-01-29 13:24:47,041 INFO c.h.h.t.HelmChartContainer - [hivemq-test-hivemq-platform] [hivemq-platform-operator] [de53df0c] 	at io.fabric8.kubernetes.client.dsl.internal.OperationSupport.lambda$handleResponse$0(OperationSupport.java:549)
2025-01-29 13:24:47,041 INFO c.h.h.t.HelmChartContainer - [hivemq-test-hivemq-platform] [hivemq-platform-operator] [de53df0c] 	at java.base/java.util.concurrent.CompletableFuture$UniApply.tryFire(Unknown Source)
2025-01-29 13:24:47,041 INFO c.h.h.t.HelmChartContainer - [hivemq-test-hivemq-platform] [hivemq-platform-operator] [de53df0c] 	at java.base/java.util.concurrent.CompletableFuture.postComplete(Unknown Source)
2025-01-29 13:24:47,041 INFO c.h.h.t.HelmChartContainer - [hivemq-test-hivemq-platform] [hivemq-platform-operator] [de53df0c] 	at java.base/java.util.concurrent.CompletableFuture.complete(Unknown Source)
2025-01-29 13:24:47,041 INFO c.h.h.t.HelmChartContainer - [hivemq-test-hivemq-platform] [hivemq-platform-operator] [de53df0c] 	at io.fabric8.kubernetes.client.http.StandardHttpClient.lambda$completeOrCancel$10(StandardHttpClient.java:141)
2025-01-29 13:24:47,041 INFO c.h.h.t.HelmChartContainer - [hivemq-test-hivemq-platform] [hivemq-platform-operator] [de53df0c] 	at java.base/java.util.concurrent.CompletableFuture.uniWhenComplete(Unknown Source)
2025-01-29 13:24:47,041 INFO c.h.h.t.HelmChartContainer - [hivemq-test-hivemq-platform] [hivemq-platform-operator] [de53df0c] 	at java.base/java.util.concurrent.CompletableFuture$UniWhenComplete.tryFire(Unknown Source)
2025-01-29 13:24:47,041 INFO c.h.h.t.HelmChartContainer - [hivemq-test-hivemq-platform] [hivemq-platform-operator] [de53df0c] 	at java.base/java.util.concurrent.CompletableFuture.postComplete(Unknown Source)
2025-01-29 13:24:47,041 INFO c.h.h.t.HelmChartContainer - [hivemq-test-hivemq-platform] [hivemq-platform-operator] [de53df0c] 	at java.base/java.util.concurrent.CompletableFuture.complete(Unknown Source)
2025-01-29 13:24:47,043 INFO c.h.h.t.HelmChartContainer - [hivemq-test-hivemq-platform] [hivemq-platform-operator] [de53df0c] 	at io.fabric8.kubernetes.client.http.ByteArrayBodyHandler.onBodyDone(ByteArrayBodyHandler.java:51)
2025-01-29 13:24:47,043 INFO c.h.h.t.HelmChartContainer - [hivemq-test-hivemq-platform] [hivemq-platform-operator] [de53df0c] 	at java.base/java.util.concurrent.CompletableFuture.uniWhenComplete(Unknown Source)
2025-01-29 13:24:47,043 INFO c.h.h.t.HelmChartContainer - [hivemq-test-hivemq-platform] [hivemq-platform-operator] [de53df0c] 	at java.base/java.util.concurrent.CompletableFuture$UniWhenComplete.tryFire(Unknown Source)
2025-01-29 13:24:47,043 INFO c.h.h.t.HelmChartContainer - [hivemq-test-hivemq-platform] [hivemq-platform-operator] [de53df0c] 	at java.base/java.util.concurrent.CompletableFuture.postComplete(Unknown Source)
2025-01-29 13:24:47,043 INFO c.h.h.t.HelmChartContainer - [hivemq-test-hivemq-platform] [hivemq-platform-operator] [de53df0c] 	at java.base/java.util.concurrent.CompletableFuture.complete(Unknown Source)
2025-01-29 13:24:47,043 INFO c.h.h.t.HelmChartContainer - [hivemq-test-hivemq-platform] [hivemq-platform-operator] [de53df0c] 	at io.fabric8.kubernetes.client.vertx.VertxHttpRequest.lambda$null$1(VertxHttpRequest.java:121)
2025-01-29 13:24:47,043 INFO c.h.h.t.HelmChartContainer - [hivemq-test-hivemq-platform] [hivemq-platform-operator] [de53df0c] 	at io.vertx.core.impl.ContextInternal.dispatch(ContextInternal.java:279)
2025-01-29 13:24:47,043 INFO c.h.h.t.HelmChartContainer - [hivemq-test-hivemq-platform] [hivemq-platform-operator] [de53df0c] 	at io.vertx.core.impl.ContextInternal.dispatch(ContextInternal.java:261)
2025-01-29 13:24:47,043 INFO c.h.h.t.HelmChartContainer - [hivemq-test-hivemq-platform] [hivemq-platform-operator] [de53df0c] 	at io.vertx.core.http.impl.HttpEventHandler.handleEnd(HttpEventHandler.java:76)
2025-01-29 13:24:47,043 INFO c.h.h.t.HelmChartContainer - [hivemq-test-hivemq-platform] [hivemq-platform-operator] [de53df0c] 	at io.vertx.core.http.impl.HttpClientResponseImpl.handleEnd(HttpClientResponseImpl.java:250)
2025-01-29 13:24:47,043 INFO c.h.h.t.HelmChartContainer - [hivemq-test-hivemq-platform] [hivemq-platform-operator] [de53df0c] 	at io.vertx.core.http.impl.Http1xClientConnection$StreamImpl.lambda$new$0(Http1xClientConnection.java:421)
2025-01-29 13:24:47,043 INFO c.h.h.t.HelmChartContainer - [hivemq-test-hivemq-platform] [hivemq-platform-operator] [de53df0c] 	at io.vertx.core.streams.impl.InboundBuffer.handleEvent(InboundBuffer.java:279)
2025-01-29 13:24:47,043 INFO c.h.h.t.HelmChartContainer - [hivemq-test-hivemq-platform] [hivemq-platform-operator] [de53df0c] 	at io.vertx.core.streams.impl.InboundBuffer.write(InboundBuffer.java:157)
2025-01-29 13:24:47,043 INFO c.h.h.t.HelmChartContainer - [hivemq-test-hivemq-platform] [hivemq-platform-operator] [de53df0c] 	at io.vertx.core.http.impl.Http1xClientConnection$StreamImpl.handleEnd(Http1xClientConnection.java:709)
2025-01-29 13:24:47,043 INFO c.h.h.t.HelmChartContainer - [hivemq-test-hivemq-platform] [hivemq-platform-operator] [de53df0c] 	at io.vertx.core.impl.ContextImpl.execute(ContextImpl.java:313)
2025-01-29 13:24:47,043 INFO c.h.h.t.HelmChartContainer - [hivemq-test-hivemq-platform] [hivemq-platform-operator] [de53df0c] 	at io.vertx.core.impl.ContextImpl.execute(ContextImpl.java:293)
2025-01-29 13:24:47,043 INFO c.h.h.t.HelmChartContainer - [hivemq-test-hivemq-platform] [hivemq-platform-operator] [de53df0c] 	at io.vertx.core.http.impl.Http1xClientConnection.handleResponseEnd(Http1xClientConnection.java:940)
2025-01-29 13:24:47,043 INFO c.h.h.t.HelmChartContainer - [hivemq-test-hivemq-platform] [hivemq-platform-operator] [de53df0c] 	at io.vertx.core.http.impl.Http1xClientConnection.handleHttpMessage(Http1xClientConnection.java:810)
2025-01-29 13:24:47,043 INFO c.h.h.t.HelmChartContainer - [hivemq-test-hivemq-platform] [hivemq-platform-operator] [de53df0c] 	at io.vertx.core.http.impl.Http1xClientConnection.handleMessage(Http1xClientConnection.java:774)
2025-01-29 13:24:47,043 INFO c.h.h.t.HelmChartContainer - [hivemq-test-hivemq-platform] [hivemq-platform-operator] [de53df0c] 	at io.vertx.core.net.impl.ConnectionBase.read(ConnectionBase.java:159)
2025-01-29 13:24:47,043 INFO c.h.h.t.HelmChartContainer - [hivemq-test-hivemq-platform] [hivemq-platform-operator] [de53df0c] 	at io.vertx.core.net.impl.VertxHandler.channelRead(VertxHandler.java:153)
2025-01-29 13:24:47,043 INFO c.h.h.t.HelmChartContainer - [hivemq-test-hivemq-platform] [hivemq-platform-operator] [de53df0c] 	at io.netty.channel.AbstractChannelHandlerContext.invokeChannelRead(AbstractChannelHandlerContext.java:442)
2025-01-29 13:24:47,043 INFO c.h.h.t.HelmChartContainer - [hivemq-test-hivemq-platform] [hivemq-platform-operator] [de53df0c] 	at io.netty.channel.AbstractChannelHandlerContext.invokeChannelRead(AbstractChannelHandlerContext.java:420)
2025-01-29 13:24:47,043 INFO c.h.h.t.HelmChartContainer - [hivemq-test-hivemq-platform] [hivemq-platform-operator] [de53df0c] 	at io.netty.channel.AbstractChannelHandlerContext.fireChannelRead(AbstractChannelHandlerContext.java:412)
2025-01-29 13:24:47,043 INFO c.h.h.t.HelmChartContainer - [hivemq-test-hivemq-platform] [hivemq-platform-operator] [de53df0c] 	at io.netty.channel.CombinedChannelDuplexHandler$DelegatingChannelHandlerContext.fireChannelRead(CombinedChannelDuplexHandler.java:436)
2025-01-29 13:24:47,043 INFO c.h.h.t.HelmChartContainer - [hivemq-test-hivemq-platform] [hivemq-platform-operator] [de53df0c] 	at io.netty.handler.codec.ByteToMessageDecoder.fireChannelRead(ByteToMessageDecoder.java:346)
2025-01-29 13:24:47,043 INFO c.h.h.t.HelmChartContainer - [hivemq-test-hivemq-platform] [hivemq-platform-operator] [de53df0c] 	at io.netty.handler.codec.ByteToMessageDecoder.channelRead(ByteToMessageDecoder.java:318)
2025-01-29 13:24:47,043 INFO c.h.h.t.HelmChartContainer - [hivemq-test-hivemq-platform] [hivemq-platform-operator] [de53df0c] 	at io.netty.channel.CombinedChannelDuplexHandler.channelRead(CombinedChannelDuplexHandler.java:251)
2025-01-29 13:24:47,043 INFO c.h.h.t.HelmChartContainer - [hivemq-test-hivemq-platform] [hivemq-platform-operator] [de53df0c] 	at io.netty.channel.AbstractChannelHandlerContext.invokeChannelRead(AbstractChannelHandlerContext.java:442)
2025-01-29 13:24:47,043 INFO c.h.h.t.HelmChartContainer - [hivemq-test-hivemq-platform] [hivemq-platform-operator] [de53df0c] 	at io.netty.channel.AbstractChannelHandlerContext.invokeChannelRead(AbstractChannelHandlerContext.java:420)
2025-01-29 13:24:47,043 INFO c.h.h.t.HelmChartContainer - [hivemq-test-hivemq-platform] [hivemq-platform-operator] [de53df0c] 	at io.netty.channel.AbstractChannelHandlerContext.fireChannelRead(AbstractChannelHandlerContext.java:412)
2025-01-29 13:24:47,043 INFO c.h.h.t.HelmChartContainer - [hivemq-test-hivemq-platform] [hivemq-platform-operator] [de53df0c] 	at io.netty.handler.ssl.SslHandler.unwrap(SslHandler.java:1475)
2025-01-29 13:24:47,043 INFO c.h.h.t.HelmChartContainer - [hivemq-test-hivemq-platform] [hivemq-platform-operator] [de53df0c] 	at io.netty.handler.ssl.SslHandler.decodeJdkCompatible(SslHandler.java:1338)
2025-01-29 13:24:47,043 INFO c.h.h.t.HelmChartContainer - [hivemq-test-hivemq-platform] [hivemq-platform-operator] [de53df0c] 	at io.netty.handler.ssl.SslHandler.decode(SslHandler.java:1387)
2025-01-29 13:24:47,043 INFO c.h.h.t.HelmChartContainer - [hivemq-test-hivemq-platform] [hivemq-platform-operator] [de53df0c] 	at io.netty.handler.codec.ByteToMessageDecoder.decodeRemovalReentryProtection(ByteToMessageDecoder.java:530)
2025-01-29 13:24:47,043 INFO c.h.h.t.HelmChartContainer - [hivemq-test-hivemq-platform] [hivemq-platform-operator] [de53df0c] 	at io.netty.handler.codec.ByteToMessageDecoder.callDecode(ByteToMessageDecoder.java:469)
2025-01-29 13:24:47,043 INFO c.h.h.t.HelmChartContainer - [hivemq-test-hivemq-platform] [hivemq-platform-operator] [de53df0c] 	at io.netty.handler.codec.ByteToMessageDecoder.channelRead(ByteToMessageDecoder.java:290)
2025-01-29 13:24:47,043 INFO c.h.h.t.HelmChartContainer - [hivemq-test-hivemq-platform] [hivemq-platform-operator] [de53df0c] 	at io.netty.channel.AbstractChannelHandlerContext.invokeChannelRead(AbstractChannelHandlerContext.java:444)
2025-01-29 13:24:47,043 INFO c.h.h.t.HelmChartContainer - [hivemq-test-hivemq-platform] [hivemq-platform-operator] [de53df0c] 	at io.netty.channel.AbstractChannelHandlerContext.invokeChannelRead(AbstractChannelHandlerContext.java:420)
2025-01-29 13:24:47,043 INFO c.h.h.t.HelmChartContainer - [hivemq-test-hivemq-platform] [hivemq-platform-operator] [de53df0c] 	at io.netty.channel.AbstractChannelHandlerContext.fireChannelRead(AbstractChannelHandlerContext.java:412)
2025-01-29 13:24:47,043 INFO c.h.h.t.HelmChartContainer - [hivemq-test-hivemq-platform] [hivemq-platform-operator] [de53df0c] 	at io.netty.channel.DefaultChannelPipeline$HeadContext.channelRead(DefaultChannelPipeline.java:1407)
2025-01-29 13:24:47,043 INFO c.h.h.t.HelmChartContainer - [hivemq-test-hivemq-platform] [hivemq-platform-operator] [de53df0c] 	at io.netty.channel.AbstractChannelHandlerContext.invokeChannelRead(AbstractChannelHandlerContext.java:440)
2025-01-29 13:24:47,043 INFO c.h.h.t.HelmChartContainer - [hivemq-test-hivemq-platform] [hivemq-platform-operator] [de53df0c] 	at io.netty.channel.AbstractChannelHandlerContext.invokeChannelRead(AbstractChannelHandlerContext.java:420)
2025-01-29 13:24:47,043 INFO c.h.h.t.HelmChartContainer - [hivemq-test-hivemq-platform] [hivemq-platform-operator] [de53df0c] 	at io.netty.channel.DefaultChannelPipeline.fireChannelRead(DefaultChannelPipeline.java:918)
2025-01-29 13:24:47,043 INFO c.h.h.t.HelmChartContainer - [hivemq-test-hivemq-platform] [hivemq-platform-operator] [de53df0c] 	at io.netty.channel.nio.AbstractNioByteChannel$NioByteUnsafe.read(AbstractNioByteChannel.java:166)
2025-01-29 13:24:47,043 INFO c.h.h.t.HelmChartContainer - [hivemq-test-hivemq-platform] [hivemq-platform-operator] [de53df0c] 	at io.netty.channel.nio.NioEventLoop.processSelectedKey(NioEventLoop.java:788)
2025-01-29 13:24:47,043 INFO c.h.h.t.HelmChartContainer - [hivemq-test-hivemq-platform] [hivemq-platform-operator] [de53df0c] 	at io.netty.channel.nio.NioEventLoop.processSelectedKeysOptimized(NioEventLoop.java:724)
2025-01-29 13:24:47,043 INFO c.h.h.t.HelmChartContainer - [hivemq-test-hivemq-platform] [hivemq-platform-operator] [de53df0c] 	at io.netty.channel.nio.NioEventLoop.processSelectedKeys(NioEventLoop.java:650)
2025-01-29 13:24:47,043 INFO c.h.h.t.HelmChartContainer - [hivemq-test-hivemq-platform] [hivemq-platform-operator] [de53df0c] 	at io.netty.channel.nio.NioEventLoop.run(NioEventLoop.java:562)
2025-01-29 13:24:47,043 INFO c.h.h.t.HelmChartContainer - [hivemq-test-hivemq-platform] [hivemq-platform-operator] [de53df0c] 	at io.netty.util.concurrent.SingleThreadEventExecutor$4.run(SingleThreadEventExecutor.java:997)
2025-01-29 13:24:47,043 INFO c.h.h.t.HelmChartContainer - [hivemq-test-hivemq-platform] [hivemq-platform-operator] [de53df0c] 	at io.netty.util.internal.ThreadExecutorMap$2.run(ThreadExecutorMap.java:74)
2025-01-29 13:24:47,043 INFO c.h.h.t.HelmChartContainer - [hivemq-test-hivemq-platform] [hivemq-platform-operator] [de53df0c] 	at io.netty.util.concurrent.FastThreadLocalRunnable.run(FastThreadLocalRunnable.java:30)
2025-01-29 13:24:47,043 INFO c.h.h.t.HelmChartContainer - [hivemq-test-hivemq-platform] [hivemq-platform-operator] [de53df0c] 	... 1 common frames omitted
2025-01-29 13:24:47,044 INFO c.h.h.t.HelmChartContainer - [hivemq-test-hivemq-platform] [hivemq-platform-operator] [de53df0c] 13:24:47.041 [ReconcilerExecutor-hivemq-controller-132] INFO  c.h.p.o.HiveMQPlatformReconciler - [helmcust] Cleanup test-hivemq-platform - helmcustomconfigit HiveMQ Platform is shut down
2025-01-29 13:24:47,169 INFO c.h.h.t.HelmChartContainer - [POD] test-hivemq-platform-0 [940a05ad-514c-4325-89bf-251471fc92a7] in helmcustomconfigit was MODIFIED
2025-01-29 13:24:47,180 INFO c.h.h.t.HelmChartContainer - [test-hivemq-platform] [hivemq] [940a05ad] INFO  - [HiveMQ Platform Operator Init App 1.7.0-SNAPSHOT] Shutting down
2025-01-29 13:24:47,180 INFO c.h.h.t.HelmChartContainer - [test-hivemq-platform] [hivemq] [940a05ad] INFO  - [HiveMQ Platform Operator Init App 1.7.0-SNAPSHOT] Stopping the HiveMQ Platform
2025-01-29 13:24:47,183 INFO c.h.h.t.HelmChartContainer - [EVENT] Normal [Killing] Stopping container hivemq [helmcustomconfigit:test-hivemq-platform-0]
2025-01-29 13:24:47,183 INFO c.h.h.t.HelmChartContainer - Received Killing event for container hivemq in pod test-hivemq-platform-0 [940a05ad-514c-4325-89bf-251471fc92a7]
2025-01-29 13:24:47,183 INFO c.h.h.t.HelmChartContainer - Container [test-hivemq-platform-0] [hivemq] [940a05ad-514c-4325-89bf-251471fc92a7] was terminated
2025-01-29 13:24:47,183 INFO c.h.h.t.HelmChartContainer - Stopped log watcher for hivemq in pod test-hivemq-platform-0 [940a05ad-514c-4325-89bf-251471fc92a7]
2025-01-29 13:24:47,200 INFO c.h.h.t.HelmChartContainer - [POD] test-hivemq-platform-1 [d33fe4e4-7ebf-49ec-8034-701b28ca8263] in helmcustomconfigit was MODIFIED
2025-01-29 13:24:47,217 INFO c.h.h.t.HelmChartContainer - [test-hivemq-platform] [hivemq] [d33fe4e4] INFO  - [HiveMQ Platform Operator Init App 1.7.0-SNAPSHOT] Shutting down
2025-01-29 13:24:47,217 INFO c.h.h.t.HelmChartContainer - [test-hivemq-platform] [hivemq] [d33fe4e4] INFO  - [HiveMQ Platform Operator Init App 1.7.0-SNAPSHOT] Stopping the HiveMQ Platform
2025-01-29 13:24:47,226 INFO c.h.h.t.HelmChartContainer - [EVENT] Normal [Killing] Stopping container hivemq [helmcustomconfigit:test-hivemq-platform-1]
2025-01-29 13:24:47,226 INFO c.h.h.t.HelmChartContainer - Received Killing event for container hivemq in pod test-hivemq-platform-1 [d33fe4e4-7ebf-49ec-8034-701b28ca8263]
2025-01-29 13:24:47,226 INFO c.h.h.t.HelmChartContainer - Container [test-hivemq-platform-1] [hivemq] [d33fe4e4-7ebf-49ec-8034-701b28ca8263] was terminated
2025-01-29 13:24:47,226 INFO c.h.h.t.HelmChartContainer - Stopped log watcher for hivemq in pod test-hivemq-platform-1 [d33fe4e4-7ebf-49ec-8034-701b28ca8263]
2025-01-29 13:24:47,361 INFO c.h.h.t.HelmChartContainer - [test-hivemq-platform] [hivemq] [940a05ad] INFO  - Shutting down HiveMQ. Please wait, this could take a while...
2025-01-29 13:24:47,365 INFO c.h.h.t.HelmChartContainer - [test-hivemq-platform] [hivemq] [940a05ad] INFO  - Shutting down listeners and clients
2025-01-29 13:24:47,366 INFO c.h.h.t.HelmChartContainer - [test-hivemq-platform] [hivemq] [940a05ad] INFO  - Shutdown of listeners is done
2025-01-29 13:24:47,366 INFO c.h.h.t.HelmChartContainer - [test-hivemq-platform] [hivemq] [940a05ad] INFO  - No clients are connected, proceeding with shutdown
2025-01-29 13:24:47,394 INFO c.h.h.t.HelmChartContainer - [test-hivemq-platform] [hivemq] [d33fe4e4] INFO  - Shutting down HiveMQ. Please wait, this could take a while...
2025-01-29 13:24:47,401 INFO c.h.h.t.HelmChartContainer - [test-hivemq-platform] [hivemq] [d33fe4e4] INFO  - Shutting down listeners and clients
2025-01-29 13:24:47,404 INFO c.h.h.t.HelmChartContainer - [test-hivemq-platform] [hivemq] [d33fe4e4] INFO  - Shutdown of listeners is done
2025-01-29 13:24:47,404 INFO c.h.h.t.HelmChartContainer - [test-hivemq-platform] [hivemq] [d33fe4e4] INFO  - No clients are connected, proceeding with shutdown
2025-01-29 13:24:47,728 INFO c.h.h.t.HelmChartContainer - [test-hivemq-platform] [hivemq] [940a05ad] INFO  - [HiveMQ Platform Operator Init App 1.7.0-SNAPSHOT] Returning shutdown Health API response 503 for readiness
2025-01-29 13:24:47,734 INFO c.h.h.t.HelmChartContainer - [EVENT] Warning [Unhealthy] Readiness probe failed: HTTP probe failed with statuscode: 503 [helmcustomconfigit:test-hivemq-platform-0]
2025-01-29 13:24:47,734 INFO c.h.h.t.HelmChartContainer - Received Unhealthy event for container hivemq in pod test-hivemq-platform-0 [940a05ad-514c-4325-89bf-251471fc92a7]
2025-01-29 13:24:48,294 INFO c.h.h.t.HelmChartContainer - [K3S] [authentication.go:74] "Unable to authenticate the request" err="[invalid bearer token, serviceaccounts \"hivemq-platform-pod-test-hivemq-platform\" not found]"
2025-01-29 13:24:48,319 INFO c.h.h.t.HelmChartContainer - [K3S] [authentication.go:74] "Unable to authenticate the request" err="[invalid bearer token, serviceaccounts \"hivemq-platform-pod-test-hivemq-platform\" not found]"
2025-01-29 13:24:48,406 INFO c.h.h.t.HelmChartContainer - [test-hivemq-platform] [hivemq] [940a05ad] WARN  - [HiveMQ Platform Operator Init App 1.7.0-SNAPSHOT] Could not update Pod annotations: Failure executing: GET at: https://10.43.0.1:443/api/v1/namespaces/helmcustomconfigit/pods/test-hivemq-platform-0. Message: Unauthorized. Received status: Status(apiVersion=v1, code=401, details=null, kind=Status, message=Unauthorized, metadata=ListMeta(_continue=null, remainingItemCount=null, resourceVersion=null, selfLink=null, additionalProperties={}), reason=Unauthorized, status=Failure, additionalProperties={}).
2025-01-29 13:24:48,567 INFO c.h.h.t.HelmChartContainer - Deleting namespace 'helmcustomconfigit'...
2025-01-29 13:24:49,902 INFO c.h.h.t.HelmChartContainer - [test-hivemq-platform] [hivemq] [d33fe4e4] INFO  - Shutting down extension system
2025-01-29 13:24:49,904 INFO c.h.h.t.HelmChartContainer - [test-hivemq-platform] [hivemq] [d33fe4e4] INFO  - Stopping extension with id hivemq-dns-cluster-discovery
2025-01-29 13:24:49,905 INFO c.h.h.t.HelmChartContainer - [test-hivemq-platform] [hivemq] [d33fe4e4] INFO  - Extension "DNS Cluster Discovery Extension" version 4.3.2 stopped successfully.
2025-01-29 13:24:49,905 INFO c.h.h.t.HelmChartContainer - [test-hivemq-platform] [hivemq] [d33fe4e4] INFO  - Stopping extension with id hivemq-prometheus-extension
2025-01-29 13:24:49,912 INFO c.h.h.t.HelmChartContainer - [test-hivemq-platform] [hivemq] [d33fe4e4] INFO  - Extension "Prometheus Monitoring Extension" version 4.0.12 stopped successfully.
2025-01-29 13:24:49,912 INFO c.h.h.t.HelmChartContainer - [test-hivemq-platform] [hivemq] [d33fe4e4] INFO  - Stopping extension with id hivemq-allow-all-extension
2025-01-29 13:24:49,913 INFO c.h.h.t.HelmChartContainer - [test-hivemq-platform] [hivemq] [d33fe4e4] INFO  - Extension "Allow All Extension" version 1.1.1 stopped successfully.
2025-01-29 13:24:49,917 INFO c.h.h.t.HelmChartContainer - [test-hivemq-platform] [hivemq] [940a05ad] INFO  - Cluster nodes found by discovery: [0HFhy|2] (1) [0HFhy].
2025-01-29 13:24:49,926 INFO c.h.h.t.HelmChartContainer - [test-hivemq-platform] [hivemq] [940a05ad] INFO  - Cluster size = 1, members : [0HFhy].
2025-01-29 13:24:50,613 INFO c.h.h.t.HelmChartContainer - [test-hivemq-platform] [hivemq] [940a05ad] INFO  - Shutting down extension system
2025-01-29 13:24:50,615 INFO c.h.h.t.HelmChartContainer - [test-hivemq-platform] [hivemq] [940a05ad] INFO  - Stopping extension with id hivemq-dns-cluster-discovery
2025-01-29 13:24:50,616 INFO c.h.h.t.HelmChartContainer - [test-hivemq-platform] [hivemq] [940a05ad] INFO  - Extension "DNS Cluster Discovery Extension" version 4.3.2 stopped successfully.
2025-01-29 13:24:50,617 INFO c.h.h.t.HelmChartContainer - [test-hivemq-platform] [hivemq] [940a05ad] INFO  - Stopping extension with id hivemq-prometheus-extension
2025-01-29 13:24:50,623 INFO c.h.h.t.HelmChartContainer - [test-hivemq-platform] [hivemq] [940a05ad] INFO  - Extension "Prometheus Monitoring Extension" version 4.0.12 stopped successfully.
2025-01-29 13:24:50,623 INFO c.h.h.t.HelmChartContainer - [test-hivemq-platform] [hivemq] [940a05ad] INFO  - Stopping extension with id hivemq-allow-all-extension
2025-01-29 13:24:50,623 INFO c.h.h.t.HelmChartContainer - [test-hivemq-platform] [hivemq] [940a05ad] INFO  - Extension "Allow All Extension" version 1.1.1 stopped successfully.
2025-01-29 13:24:51,014 INFO c.h.h.t.HelmChartContainer - [test-hivemq-platform] [hivemq] [d33fe4e4] INFO  - [HiveMQ Platform Operator Init App 1.7.0-SNAPSHOT] Returning shutdown Health API response 503 for readiness
2025-01-29 13:24:51,018 INFO c.h.h.t.HelmChartContainer - [EVENT] Warning [Unhealthy] Readiness probe failed: HTTP probe failed with statuscode: 503 [helmcustomconfigit:test-hivemq-platform-1]
2025-01-29 13:24:51,019 INFO c.h.h.t.HelmChartContainer - Received Unhealthy event for container hivemq in pod test-hivemq-platform-1 [d33fe4e4-7ebf-49ec-8034-701b28ca8263]
2025-01-29 13:24:51,806 INFO c.h.h.t.HelmChartContainer - [K3S] [authentication.go:74] "Unable to authenticate the request" err="[invalid bearer token, serviceaccounts \"hivemq-platform-pod-test-hivemq-platform\" not found]"
2025-01-29 13:24:51,820 INFO c.h.h.t.HelmChartContainer - [K3S] [authentication.go:74] "Unable to authenticate the request" err="[invalid bearer token, serviceaccounts \"hivemq-platform-pod-test-hivemq-platform\" not found]"
2025-01-29 13:24:51,822 INFO c.h.h.t.HelmChartContainer - [test-hivemq-platform] [hivemq] [d33fe4e4] WARN  - [HiveMQ Platform Operator Init App 1.7.0-SNAPSHOT] Could not update Pod annotations: Failure executing: GET at: https://10.43.0.1:443/api/v1/namespaces/helmcustomconfigit/pods/test-hivemq-platform-1. Message: Unauthorized. Received status: Status(apiVersion=v1, code=401, details=null, kind=Status, message=Unauthorized, metadata=ListMeta(_continue=null, remainingItemCount=null, resourceVersion=null, selfLink=null, additionalProperties={}), reason=Unauthorized, status=Failure, additionalProperties={}).
2025-01-29 13:24:52,199 INFO c.h.h.t.HelmChartContainer - [test-hivemq-platform] [hivemq] [d33fe4e4] INFO  - Shutdown completed.
2025-01-29 13:24:52,553 INFO c.h.h.t.HelmChartContainer - [test-hivemq-platform] [hivemq] [d33fe4e4] INFO  - [HiveMQ Platform Operator Init App 1.7.0-SNAPSHOT] The HiveMQ Platform exited with code 143
2025-01-29 13:24:52,553 INFO c.h.h.t.HelmChartContainer - [test-hivemq-platform] [hivemq] [d33fe4e4] INFO  - [HiveMQ Platform Operator Init App 1.7.0-SNAPSHOT] Stopping the REST API
2025-01-29 13:24:52,564 INFO c.h.h.t.HelmChartContainer - [test-hivemq-platform] [hivemq] [d33fe4e4] INFO  - [HiveMQ Platform Operator Init App 1.7.0-SNAPSHOT] Shutdown complete
2025-01-29 13:24:52,754 INFO c.h.h.t.HelmChartContainer - [EVENT] Warning [Unhealthy] Readiness probe failed: HTTP probe failed with statuscode: 503 [helmcustomconfigit:test-hivemq-platform-0]
2025-01-29 13:24:52,754 INFO c.h.h.t.HelmChartContainer - Received Unhealthy event for container hivemq in pod test-hivemq-platform-0 [940a05ad-514c-4325-89bf-251471fc92a7]
2025-01-29 13:24:52,904 INFO c.h.h.t.HelmChartContainer - [test-hivemq-platform] [hivemq] [940a05ad] INFO  - Shutdown completed.
2025-01-29 13:24:53,070 INFO c.h.h.t.HelmChartContainer - [POD] test-hivemq-platform-1 [d33fe4e4-7ebf-49ec-8034-701b28ca8263] in helmcustomconfigit was MODIFIED
2025-01-29 13:24:53,071 INFO c.h.h.t.HelmChartContainer - [K3S] [stateful_set.go:438] "Unhandled Error" err="error syncing StatefulSet helmcustomconfigit/test-hivemq-platform, requeuing: controllerrevisions.apps \"test-hivemq-platform-5ddc57bf8b\" is forbidden: unable to create new content in namespace helmcustomconfigit because it is being terminated"
2025-01-29 13:24:53,079 INFO c.h.h.t.HelmChartContainer - [K3S] [stateful_set.go:438] "Unhandled Error" err="error syncing StatefulSet helmcustomconfigit/test-hivemq-platform, requeuing: controllerrevisions.apps \"test-hivemq-platform-5ddc57bf8b\" is forbidden: unable to create new content in namespace helmcustomconfigit because it is being terminated"
2025-01-29 13:24:53,092 INFO c.h.h.t.HelmChartContainer - [K3S] [stateful_set.go:438] "Unhandled Error" err="error syncing StatefulSet helmcustomconfigit/test-hivemq-platform, requeuing: controllerrevisions.apps \"test-hivemq-platform-5ddc57bf8b\" is forbidden: unable to create new content in namespace helmcustomconfigit because it is being terminated"
2025-01-29 13:24:53,110 INFO c.h.h.t.HelmChartContainer - [K3S] [reconciler_common.go:162] "operationExecutor.UnmountVolume started for volume \"operator-init\" (UniqueName: \"kubernetes.io/empty-dir/d33fe4e4-7ebf-49ec-8034-701b28ca8263-operator-init\") pod \"d33fe4e4-7ebf-49ec-8034-701b28ca8263\" (UID: \"d33fe4e4-7ebf-49ec-8034-701b28ca8263\") "
2025-01-29 13:24:53,111 INFO c.h.h.t.HelmChartContainer - [K3S] [reconciler_common.go:162] "operationExecutor.UnmountVolume started for volume \"pod-info\" (UniqueName: \"kubernetes.io/configmap/d33fe4e4-7ebf-49ec-8034-701b28ca8263-pod-info\") pod \"d33fe4e4-7ebf-49ec-8034-701b28ca8263\" (UID: \"d33fe4e4-7ebf-49ec-8034-701b28ca8263\") "
2025-01-29 13:24:53,111 INFO c.h.h.t.HelmChartContainer - [K3S] [reconciler_common.go:162] "operationExecutor.UnmountVolume started for volume \"broker-configuration\" (UniqueName: \"kubernetes.io/configmap/d33fe4e4-7ebf-49ec-8034-701b28ca8263-broker-configuration\") pod \"d33fe4e4-7ebf-49ec-8034-701b28ca8263\" (UID: \"d33fe4e4-7ebf-49ec-8034-701b28ca8263\") "
2025-01-29 13:24:53,111 INFO c.h.h.t.HelmChartContainer - [K3S] [reconciler_common.go:162] "operationExecutor.UnmountVolume started for volume \"kube-api-access-vgklz\" (UniqueName: \"kubernetes.io/projected/d33fe4e4-7ebf-49ec-8034-701b28ca8263-kube-api-access-vgklz\") pod \"d33fe4e4-7ebf-49ec-8034-701b28ca8263\" (UID: \"d33fe4e4-7ebf-49ec-8034-701b28ca8263\") "
2025-01-29 13:24:53,116 INFO c.h.h.t.HelmChartContainer - [K3S] [stateful_set.go:438] "Unhandled Error" err="error syncing StatefulSet helmcustomconfigit/test-hivemq-platform, requeuing: controllerrevisions.apps \"test-hivemq-platform-5ddc57bf8b\" is forbidden: unable to create new content in namespace helmcustomconfigit because it is being terminated"
2025-01-29 13:24:53,154 INFO c.h.h.t.HelmChartContainer - [K3S] [scope.go:117] "RemoveContainer" containerID="8b8a100806278c73c0911eb0b72be7cb0684760e3f4ba637382b8e23003974f5"
2025-01-29 13:24:53,160 INFO c.h.h.t.HelmChartContainer - [K3S] [stateful_set.go:438] "Unhandled Error" err="error syncing StatefulSet helmcustomconfigit/test-hivemq-platform, requeuing: controllerrevisions.apps \"test-hivemq-platform-5ddc57bf8b\" is forbidden: unable to create new content in namespace helmcustomconfigit because it is being terminated"
2025-01-29 13:24:53,170 INFO c.h.h.t.HelmChartContainer - [POD] test-hivemq-platform-1 [d33fe4e4-7ebf-49ec-8034-701b28ca8263] in helmcustomconfigit was MODIFIED
2025-01-29 13:24:53,173 INFO c.h.h.t.HelmChartContainer - [K3S] [stateful_set.go:438] "Unhandled Error" err="error syncing StatefulSet helmcustomconfigit/test-hivemq-platform, requeuing: controllerrevisions.apps \"test-hivemq-platform-5ddc57bf8b\" is forbidden: unable to create new content in namespace helmcustomconfigit because it is being terminated"
2025-01-29 13:24:53,178 INFO c.h.h.t.HelmChartContainer - [K3S] [stateful_set.go:438] "Unhandled Error" err="error syncing StatefulSet helmcustomconfigit/test-hivemq-platform, requeuing: controllerrevisions.apps \"test-hivemq-platform-5ddc57bf8b\" is forbidden: unable to create new content in namespace helmcustomconfigit because it is being terminated"
2025-01-29 13:24:53,179 INFO c.h.h.t.HelmChartContainer - [POD] test-hivemq-platform-1 [d33fe4e4-7ebf-49ec-8034-701b28ca8263] in helmcustomconfigit was DELETED
2025-01-29 13:24:53,211 INFO c.h.h.t.HelmChartContainer - [K3S] [reconciler_common.go:299] "Volume detached for volume \"operator-init\" (UniqueName: \"kubernetes.io/empty-dir/d33fe4e4-7ebf-49ec-8034-701b28ca8263-operator-init\") on node \"8f07877cb075\" DevicePath \"\""
2025-01-29 13:24:53,211 INFO c.h.h.t.HelmChartContainer - [K3S] [reconciler_common.go:299] "Volume detached for volume \"pod-info\" (UniqueName: \"kubernetes.io/configmap/d33fe4e4-7ebf-49ec-8034-701b28ca8263-pod-info\") on node \"8f07877cb075\" DevicePath \"\""
2025-01-29 13:24:53,211 INFO c.h.h.t.HelmChartContainer - [K3S] [reconciler_common.go:299] "Volume detached for volume \"kube-api-access-vgklz\" (UniqueName: \"kubernetes.io/projected/d33fe4e4-7ebf-49ec-8034-701b28ca8263-kube-api-access-vgklz\") on node \"8f07877cb075\" DevicePath \"\""
2025-01-29 13:24:53,211 INFO c.h.h.t.HelmChartContainer - [K3S] [reconciler_common.go:299] "Volume detached for volume \"broker-configuration\" (UniqueName: \"kubernetes.io/configmap/d33fe4e4-7ebf-49ec-8034-701b28ca8263-broker-configuration\") on node \"8f07877cb075\" DevicePath \"\""
2025-01-29 13:24:53,244 INFO c.h.h.t.HelmChartContainer - [K3S] [stateful_set.go:438] "Unhandled Error" err="error syncing StatefulSet helmcustomconfigit/test-hivemq-platform, requeuing: controllerrevisions.apps \"test-hivemq-platform-5ddc57bf8b\" is forbidden: unable to create new content in namespace helmcustomconfigit because it is being terminated"
2025-01-29 13:24:53,267 INFO c.h.h.t.HelmChartContainer - [test-hivemq-platform] [hivemq] [940a05ad] INFO  - [HiveMQ Platform Operator Init App 1.7.0-SNAPSHOT] The HiveMQ Platform exited with code 143
2025-01-29 13:24:53,267 INFO c.h.h.t.HelmChartContainer - [test-hivemq-platform] [hivemq] [940a05ad] INFO  - [HiveMQ Platform Operator Init App 1.7.0-SNAPSHOT] Stopping the REST API
2025-01-29 13:24:53,270 INFO c.h.h.t.HelmChartContainer - [K3S] [scope.go:117] "RemoveContainer" containerID="03aa41cfe209248c458df76fb0a540efa28d4188df5ae0944313bb4331229995"
2025-01-29 13:24:53,274 INFO c.h.h.t.HelmChartContainer - [K3S] [scope.go:117] "RemoveContainer" containerID="8b8a100806278c73c0911eb0b72be7cb0684760e3f4ba637382b8e23003974f5"
2025-01-29 13:24:53,275 INFO c.h.h.t.HelmChartContainer - [K3S] [scope.go:117] "RemoveContainer" containerID="03aa41cfe209248c458df76fb0a540efa28d4188df5ae0944313bb4331229995"
2025-01-29 13:24:53,306 INFO c.h.h.t.HelmChartContainer - [test-hivemq-platform] [hivemq] [940a05ad] INFO  - [HiveMQ Platform Operator Init App 1.7.0-SNAPSHOT] Shutdown complete
2025-01-29 13:24:53,736 INFO c.h.h.t.HelmChartContainer - [K3S] [stateful_set.go:466] "StatefulSet has been deleted" key="helmcustomconfigit/test-hivemq-platform"
2025-01-29 13:24:53,768 INFO c.h.h.t.HelmChartContainer - [POD] test-hivemq-platform-0 [940a05ad-514c-4325-89bf-251471fc92a7] in helmcustomconfigit was MODIFIED
2025-01-29 13:24:53,788 INFO c.h.h.t.HelmChartContainer - [K3S] [namespace_controller.go:164] "Unhandled Error" err="deletion of namespace helmcustomconfigit failed: unexpected items still remain in namespace: helmcustomconfigit for gvr: /v1, Resource=pods"
2025-01-29 13:24:53,814 INFO c.h.h.t.HelmChartContainer - [K3S] [reconciler_common.go:162] "operationExecutor.UnmountVolume started for volume \"pod-info\" (UniqueName: \"kubernetes.io/configmap/940a05ad-514c-4325-89bf-251471fc92a7-pod-info\") pod \"940a05ad-514c-4325-89bf-251471fc92a7\" (UID: \"940a05ad-514c-4325-89bf-251471fc92a7\") "
2025-01-29 13:24:53,814 INFO c.h.h.t.HelmChartContainer - [K3S] [reconciler_common.go:162] "operationExecutor.UnmountVolume started for volume \"kube-api-access-kt79z\" (UniqueName: \"kubernetes.io/projected/940a05ad-514c-4325-89bf-251471fc92a7-kube-api-access-kt79z\") pod \"940a05ad-514c-4325-89bf-251471fc92a7\" (UID: \"940a05ad-514c-4325-89bf-251471fc92a7\") "
2025-01-29 13:24:53,814 INFO c.h.h.t.HelmChartContainer - [K3S] [reconciler_common.go:162] "operationExecutor.UnmountVolume started for volume \"operator-init\" (UniqueName: \"kubernetes.io/empty-dir/940a05ad-514c-4325-89bf-251471fc92a7-operator-init\") pod \"940a05ad-514c-4325-89bf-251471fc92a7\" (UID: \"940a05ad-514c-4325-89bf-251471fc92a7\") "
2025-01-29 13:24:53,814 INFO c.h.h.t.HelmChartContainer - [K3S] [reconciler_common.go:162] "operationExecutor.UnmountVolume started for volume \"broker-configuration\" (UniqueName: \"kubernetes.io/configmap/940a05ad-514c-4325-89bf-251471fc92a7-broker-configuration\") pod \"940a05ad-514c-4325-89bf-251471fc92a7\" (UID: \"940a05ad-514c-4325-89bf-251471fc92a7\") "
2025-01-29 13:24:53,885 INFO c.h.h.t.HelmChartContainer - [K3S] [stateful_set.go:466] "StatefulSet has been deleted" key="helmcustomconfigit/test-hivemq-platform"
2025-01-29 13:24:53,914 INFO c.h.h.t.HelmChartContainer - [K3S] [reconciler_common.go:299] "Volume detached for volume \"operator-init\" (UniqueName: \"kubernetes.io/empty-dir/940a05ad-514c-4325-89bf-251471fc92a7-operator-init\") on node \"8f07877cb075\" DevicePath \"\""
2025-01-29 13:24:53,915 INFO c.h.h.t.HelmChartContainer - [K3S] [reconciler_common.go:299] "Volume detached for volume \"broker-configuration\" (UniqueName: \"kubernetes.io/configmap/940a05ad-514c-4325-89bf-251471fc92a7-broker-configuration\") on node \"8f07877cb075\" DevicePath \"\""
2025-01-29 13:24:53,915 INFO c.h.h.t.HelmChartContainer - [K3S] [reconciler_common.go:299] "Volume detached for volume \"pod-info\" (UniqueName: \"kubernetes.io/configmap/940a05ad-514c-4325-89bf-251471fc92a7-pod-info\") on node \"8f07877cb075\" DevicePath \"\""
2025-01-29 13:24:53,915 INFO c.h.h.t.HelmChartContainer - [K3S] [reconciler_common.go:299] "Volume detached for volume \"kube-api-access-kt79z\" (UniqueName: \"kubernetes.io/projected/940a05ad-514c-4325-89bf-251471fc92a7-kube-api-access-kt79z\") on node \"8f07877cb075\" DevicePath \"\""
2025-01-29 13:24:53,987 INFO c.h.h.t.HelmChartContainer - [K3S] [namespace_controller.go:164] "Unhandled Error" err="deletion of namespace helmcustomconfigit failed: unexpected items still remain in namespace: helmcustomconfigit for gvr: /v1, Resource=pods"
2025-01-29 13:24:54,090 INFO c.h.h.t.HelmChartContainer - [K3S] [namespace_controller.go:164] "Unhandled Error" err="deletion of namespace helmcustomconfigit failed: unexpected items still remain in namespace: helmcustomconfigit for gvr: /v1, Resource=pods"
2025-01-29 13:24:54,157 INFO c.h.h.t.HelmChartContainer - [K3S] [scope.go:117] "RemoveContainer" containerID="d9cd261b3aa65c6f40bd1189072cb668c5ae71c1e279a179691238c9eaaea8f2"
2025-01-29 13:24:54,179 INFO c.h.h.t.HelmChartContainer - [POD] test-hivemq-platform-0 [940a05ad-514c-4325-89bf-251471fc92a7] in helmcustomconfigit was MODIFIED
2025-01-29 13:24:54,180 INFO c.h.h.t.HelmChartContainer - [POD] test-hivemq-platform-0 [940a05ad-514c-4325-89bf-251471fc92a7] in helmcustomconfigit was DELETED
2025-01-29 13:24:54,236 INFO c.h.h.t.HelmChartContainer - [K3S] [namespace_controller.go:164] "Unhandled Error" err="deletion of namespace helmcustomconfigit failed: unexpected items still remain in namespace: helmcustomconfigit for gvr: /v1, Resource=pods"
2025-01-29 13:24:54,281 INFO c.h.h.t.HelmChartContainer - [K3S] [scope.go:117] "RemoveContainer" containerID="b44b63a6b64b9f69745316998eff6c1e91fb638c25345cb40e991bffb3e3cc1f"
2025-01-29 13:24:54,284 INFO c.h.h.t.HelmChartContainer - [K3S] [scope.go:117] "RemoveContainer" containerID="d9cd261b3aa65c6f40bd1189072cb668c5ae71c1e279a179691238c9eaaea8f2"
2025-01-29 13:24:54,284 INFO c.h.h.t.HelmChartContainer - [K3S] [scope.go:117] "RemoveContainer" containerID="b44b63a6b64b9f69745316998eff6c1e91fb638c25345cb40e991bffb3e3cc1f"
2025-01-29 13:24:54,399 INFO c.h.h.t.HelmChartContainer - Namespace 'helmcustomconfigit' deleted
2025-01-29 13:24:54,399 INFO c.h.h.t.HelmChartContainer - Release 'test-hivemq-platform' in namespace 'helmcustomconfigit' is uninstalled
2025-01-29 13:24:54,399 INFO c.h.h.t.HelmChartContainer - Uninstalling release 'test-hivemq-platform-operator' in namespace 'helmcustomconfigit-operator'...
2025-01-29 13:24:54,400 DEBUG c.h.h.t.HelmChartContainer - Executing helm command: /bin/helm --kubeconfig /etc/rancher/k3s/k3s.yaml uninstall test-hivemq-platform-operator  --wait --timeout 5m0s --cascade foreground --namespace helmcustomconfigit-operator
2025-01-29 13:24:54,515 INFO c.h.h.t.HelmChartContainer - [K3S] [kubelet_volumes.go:163] "Cleaned up orphaned pod volumes dir" podUID="940a05ad-514c-4325-89bf-251471fc92a7" path="/var/lib/kubelet/pods/940a05ad-514c-4325-89bf-251471fc92a7/volumes"
2025-01-29 13:24:54,518 INFO c.h.h.t.HelmChartContainer - [K3S] [kubelet_volumes.go:163] "Cleaned up orphaned pod volumes dir" podUID="d33fe4e4-7ebf-49ec-8034-701b28ca8263" path="/var/lib/kubelet/pods/d33fe4e4-7ebf-49ec-8034-701b28ca8263/volumes"
2025-01-29 13:24:54,566 INFO c.h.h.t.HelmChartContainer - [K3S] [replica_set.go:679] "Finished syncing" kind="ReplicaSet" key="helmcustomconfigit-operator/hivemq-test-hivemq-platform-operator-67f7c95fb6" duration="12.245897ms"
2025-01-29 13:24:54,566 INFO c.h.h.t.HelmChartContainer - [K3S] [replica_set.go:679] "Finished syncing" kind="ReplicaSet" key="helmcustomconfigit-operator/hivemq-test-hivemq-platform-operator-67f7c95fb6" duration="41.558µs"
2025-01-29 13:24:54,579 INFO c.h.h.t.HelmChartContainer - [POD] hivemq-test-hivemq-platform-operator-67f7c95fb6-twmnh [de53df0c-8b5f-48b7-8c3c-6e90635437d9] in helmcustomconfigit-operator was MODIFIED
2025-01-29 13:24:54,594 INFO c.h.h.t.HelmChartContainer - [hivemq-test-hivemq-platform] [hivemq-platform-operator] [de53df0c] 13:24:54.589 [application-shutdown-thread] INFO  c.h.p.o.HiveMQPlatformOperatorApplication - HiveMQ Platform Operator is stopping...
2025-01-29 13:24:54,594 INFO c.h.h.t.HelmChartContainer - [hivemq-test-hivemq-platform] [hivemq-platform-operator] [de53df0c] 13:24:54.589 [application-shutdown-thread] INFO  i.javaoperatorsdk.operator.Operator - Operator SDK 4.9.7 is shutting down...
2025-01-29 13:24:54,594 INFO c.h.h.t.HelmChartContainer - [EVENT] Normal [Killing] Stopping container hivemq-platform-operator [helmcustomconfigit-operator:hivemq-test-hivemq-platform-operator-67f7c95fb6-twmnh]
2025-01-29 13:24:54,594 INFO c.h.h.t.HelmChartContainer - Received Killing event for container hivemq-platform-operator in pod hivemq-test-hivemq-platform-operator-67f7c95fb6-twmnh [de53df0c-8b5f-48b7-8c3c-6e90635437d9]
2025-01-29 13:24:54,594 INFO c.h.h.t.HelmChartContainer - Container [hivemq-test-hivemq-platform-operator-67f7c95fb6-twmnh] [hivemq-platform-operator] [de53df0c-8b5f-48b7-8c3c-6e90635437d9] was terminated
2025-01-29 13:24:54,594 INFO c.h.h.t.HelmChartContainer - Stopped log watcher for hivemq-platform-operator in pod hivemq-test-hivemq-platform-operator-67f7c95fb6-twmnh [de53df0c-8b5f-48b7-8c3c-6e90635437d9]
2025-01-29 13:24:54,595 INFO c.h.h.t.HelmChartContainer - [K3S] [replica_set.go:679] "Finished syncing" kind="ReplicaSet" key="helmcustomconfigit-operator/hivemq-test-hivemq-platform-operator-67f7c95fb6" duration="14.270507ms"
2025-01-29 13:24:54,595 INFO c.h.h.t.HelmChartContainer - [K3S] [replica_set.go:679] "Finished syncing" kind="ReplicaSet" key="helmcustomconfigit-operator/hivemq-test-hivemq-platform-operator-67f7c95fb6" duration="48.08µs"
2025-01-29 13:24:55,083 INFO c.h.h.t.HelmChartContainer - [K3S] [replica_set.go:679] "Finished syncing" kind="ReplicaSet" key="helmcustomconfigit-operator/hivemq-test-hivemq-platform-operator-67f7c95fb6" duration="42.139µs"
2025-01-29 13:24:55,084 INFO c.h.h.t.HelmChartContainer - [POD] hivemq-test-hivemq-platform-operator-67f7c95fb6-twmnh [de53df0c-8b5f-48b7-8c3c-6e90635437d9] in helmcustomconfigit-operator was MODIFIED
2025-01-29 13:24:55,118 INFO c.h.h.t.HelmChartContainer - [K3S] [reconciler_common.go:162] "operationExecutor.UnmountVolume started for volume \"kube-api-access-tkd7k\" (UniqueName: \"kubernetes.io/projected/de53df0c-8b5f-48b7-8c3c-6e90635437d9-kube-api-access-tkd7k\") pod \"de53df0c-8b5f-48b7-8c3c-6e90635437d9\" (UID: \"de53df0c-8b5f-48b7-8c3c-6e90635437d9\") "
2025-01-29 13:24:55,164 INFO c.h.h.t.HelmChartContainer - [K3S] [scope.go:117] "RemoveContainer" containerID="82e4a25b60cd791aa5e99f5eb55fde3f90778a85a3b627e1f91ab65c0d779e68"
2025-01-29 13:24:55,167 INFO c.h.h.t.HelmChartContainer - [K3S] [scope.go:117] "RemoveContainer" containerID="82e4a25b60cd791aa5e99f5eb55fde3f90778a85a3b627e1f91ab65c0d779e68"
2025-01-29 13:24:55,176 INFO c.h.h.t.HelmChartContainer - [K3S] [replica_set.go:679] "Finished syncing" kind="ReplicaSet" key="helmcustomconfigit-operator/hivemq-test-hivemq-platform-operator-67f7c95fb6" duration="44.524µs"
2025-01-29 13:24:55,176 INFO c.h.h.t.HelmChartContainer - [POD] hivemq-test-hivemq-platform-operator-67f7c95fb6-twmnh [de53df0c-8b5f-48b7-8c3c-6e90635437d9] in helmcustomconfigit-operator was MODIFIED
2025-01-29 13:24:55,179 INFO c.h.h.t.HelmChartContainer - [POD] hivemq-test-hivemq-platform-operator-67f7c95fb6-twmnh [de53df0c-8b5f-48b7-8c3c-6e90635437d9] in helmcustomconfigit-operator was DELETED
2025-01-29 13:24:55,180 INFO c.h.h.t.HelmChartContainer - [K3S] [replica_set.go:679] "Finished syncing" kind="ReplicaSet" key="helmcustomconfigit-operator/hivemq-test-hivemq-platform-operator-67f7c95fb6" duration="36.819µs"
2025-01-29 13:24:55,191 INFO c.h.h.t.HelmChartContainer - [K3S] [replica_set.go:679] "Finished syncing" kind="ReplicaSet" key="helmcustomconfigit-operator/hivemq-test-hivemq-platform-operator-67f7c95fb6" duration="6.773µs"
2025-01-29 13:24:55,219 INFO c.h.h.t.HelmChartContainer - [K3S] [reconciler_common.go:299] "Volume detached for volume \"kube-api-access-tkd7k\" (UniqueName: \"kubernetes.io/projected/de53df0c-8b5f-48b7-8c3c-6e90635437d9-kube-api-access-tkd7k\") on node \"8f07877cb075\" DevicePath \"\""
2025-01-29 13:24:56,514 INFO c.h.h.t.HelmChartContainer - [K3S] [kubelet_volumes.go:163] "Cleaned up orphaned pod volumes dir" podUID="de53df0c-8b5f-48b7-8c3c-6e90635437d9" path="/var/lib/kubelet/pods/de53df0c-8b5f-48b7-8c3c-6e90635437d9/volumes"
2025-01-29 13:24:56,617 INFO c.h.h.t.HelmChartContainer - Deleting namespace 'helmcustomconfigit-operator'...
2025-01-29 13:24:59,373 INFO c.h.h.t.HelmChartContainer - [K3S] [namespace_controller.go:187] "Namespace has been deleted" namespace="helmcustomconfigit"
2025-01-29 13:25:01,836 INFO c.h.h.t.HelmChartContainer - Namespace 'helmcustomconfigit-operator' deleted
2025-01-29 13:25:01,836 INFO c.h.h.t.HelmChartContainer - Release 'test-hivemq-platform-operator' in namespace 'helmcustomconfigit-operator' is uninstalled
2025-01-29 13:25:02,681 INFO c.h.helmcharts.AbstractHelmChartIT - Removed unused containers:

2025-01-29 13:25:06,749 INFO c.h.h.t.HelmChartContainer - [K3S] [namespace_controller.go:187] "Namespace has been deleted" namespace="helmcustomconfigit-operator"
2025-01-29 13:25:10,813 INFO c.h.helmcharts.AbstractHelmChartIT - Removed unused snapshots:
Removing snapshot sha256:03af251906410714c5aef9fa705b63f6bbc39c4a5e787de7361eeb18886c2ed2
Removing snapshot sha256:0c46b3b43cce082ce5ec34ffc6c294e0417d17b9d1e6f366d114b6aadc4f96dc
Removing snapshot sha256:0ce761beee59082d6ed5bcebd3a805b8ddd9b3426b617e4809e7fb7c6587ffec
Removing snapshot sha256:0df91287303208332c8ff6ba40ae4710105201739addbfbddfb955f1ad593664
Removing snapshot sha256:1021ef88c7974bfff89c5a0ec4fd3160daac6c48a075f74cff721f85dd104e68
Removing snapshot sha256:10aba4953ddc18145dd38e3704709bc464aa20af60b56fe52caaff4b68411e62
Removing snapshot sha256:2573e0d8158209ed54ab25c87bcdcb00bd3d2539246960a3d592a1c599d70465
Removing snapshot sha256:362a8a37f8bbc31925a8146adcf7cf51f9882f5c1dcbef67c5baa03a297543c0
Removing snapshot sha256:397404f37391478d9c8c06adc66f5cd44a84073bfff95f6eac9b4532b543c9b6
Removing snapshot sha256:43a7c979bbaba6838bc3102d6b10a1459f3ab050b87ccdfef84ef90cf43d3058
Removing snapshot sha256:4ab04491cdf0d3267f08206fe30bd48f49f94b9cab2f016d6739220f722a64af
Removing snapshot sha256:4b6068250e89c96f263060261819c7d912855bfbd64b3eb4c4a8483299b8c295
Removing snapshot sha256:4fef70785221aa13d10357734828cc99ba13bc4e9da792e0cf8a8fd14970289c
Removing snapshot sha256:580e69a0a8034ede1921139bbd2bfb72a69ebf276d008281896c32dd8bf74775
Removing snapshot sha256:5d30ba46b27fe37484567ccc5242cadc78217b8da605f3f195ef25cbf7487904
Removing snapshot sha256:63ca1fbb43ae5034640e5e6cb3e083e05c290072c5366fcaa9d62435a4cced85
Removing snapshot sha256:67f702c6baae873bceb19487c8b1f27bd2b86077e4f2f0e480e6d60ab508b8f5
Removing snapshot sha256:6864348dd42806d552efdec384f1274be15e2d0c10ce44c1f04347af004c10a9
Removing snapshot sha256:6c7dee8f2c39b84b7dc2711c01d33de93514d9055499173e9290176fbe484b6c
Removing snapshot sha256:82753493a6d61ded36556292f02f31841a14c20d2f279f19eaad65afb661d5cd
Removing snapshot sha256:8a10d3db42c505ee0fcfa98417bdd7e39b304f6bcc0a06bb1b220797ff2cc63c
Removing snapshot sha256:a21e5b12dbac529ad45d976eb9ce45c881f3bedcc500fb30aba1e52aa1813418
Removing snapshot sha256:b921e6c28969094157f9b8e7244677780319637afd14450b7cb6b2fdea558a0c
Removing snapshot sha256:bc27ecb5769a00e309cf99ebc763c4a4b958b618d1decc96ffac5bc05f02f5b7
Removing snapshot sha256:be3ccb6627a5332e309d45ef461d09b4879dd870c7394d89323d0ebc6ca6aa8a
Removing snapshot sha256:c261f7cbbc64211ee175ee47273acdb7b1a36a4450b397a064a8f2c026490095
Removing snapshot sha256:c34d9393647eea0c9e3557ab988efaf59f61d10a2a5613b439ef0958cca5ec10
Removing snapshot sha256:ccf3c4a0fa967a41c1c83497a2ce6fa5787965859df0adb32c4ca2cf7490bc2b
Removing snapshot sha256:cf92d33f869417309692088c341cd0f223c178ea78a125f757317b22aa8f90e9
Removing snapshot sha256:d0037344cf2fb078884f1849f6a1f8cf9a33a3b6139b6a85833e5ee528e1f9a8
Removing snapshot sha256:d3b36d5b79273b1e98e7700470eaeff05a882e777124d84cebcc1505b85ecb36
Removing snapshot sha256:d65a44a37914602d12c611e5e22a50f11451d847e63015cc1c2aef92dee777a4
Removing snapshot sha256:e2dc0bae2455930f23ae570e019b7f32edc75c0f2d71cab084db837ff9051796
Removing snapshot sha256:eccbd24a99c60cd9e86ee5305dbfc4a4dc89f5ab4fb1f06c8d64797cecedef34
Removing snapshot sha256:f144bb4c7c7f0d2aa7eeffd36d934ec40db1ee167be727e326aad9fdc616f475

]]></system-out>
  </testcase>
  <testcase name="withCustomXml_hivemqRunning()" classname="com.hivemq.helmcharts.platform.HelmCustomConfigIT" time="154.794">
    <system-out><![CDATA[2025-01-29 13:25:10,815 INFO c.h.h.t.HelmChartContainer - Creating namespace 'helmcustomconfigit-operator'...
2025-01-29 13:25:10,821 INFO c.h.h.t.HelmChartContainer - Namespace 'helmcustomconfigit-operator' created
2025-01-29 13:25:10,821 INFO c.h.h.t.HelmChartContainer - Creating namespace 'helmcustomconfigit'...
2025-01-29 13:25:10,837 INFO c.h.h.t.HelmChartContainer - Namespace 'helmcustomconfigit' created
2025-01-29 13:25:10,910 DEBUG c.h.h.t.HelmChartContainer - Executing helm command: /bin/helm --kubeconfig /etc/rancher/k3s/k3s.yaml install test-hivemq-platform-operator /charts/hivemq-platform-operator --wait --timeout 5m0s --set image.repository=docker.io/hivemq --set image.name=hivemq-platform-operator-test --set image.initImageName=hivemq-platform-operator-init-test --set image.tag=snapshot --set image.pullPolicy=Never --set logLevel=DEBUG --set resources.cpu=512m --namespace helmcustomconfigit-operator
2025-01-29 13:25:11,229 INFO c.h.h.t.HelmChartContainer - [K3S] [alloc.go:330] "allocated clusterIPs" service="helmcustomconfigit-operator/hivemq-platform-operator-test-hivemq-platform-operator" clusterIPs={"IPv4":"10.43.131.0"}
2025-01-29 13:25:11,250 INFO c.h.h.t.HelmChartContainer - [EVENT] Normal [ScalingReplicaSet] Scaled up replica set hivemq-test-hivemq-platform-operator-6966f96d65 from 0 to 1 [helmcustomconfigit-operator:hivemq-test-hivemq-platform-operator]
2025-01-29 13:25:11,257 INFO c.h.h.t.HelmChartContainer - [POD] hivemq-test-hivemq-platform-operator-6966f96d65-5q2jd [bf8a1584-1de8-44e9-823d-f21449cbabbc] in helmcustomconfigit-operator was ADDED
2025-01-29 13:25:11,267 INFO c.h.h.t.HelmChartContainer - [K3S] [memory_manager.go:355] "RemoveStaleState removing state" podUID="de53df0c-8b5f-48b7-8c3c-6e90635437d9" containerName="hivemq-platform-operator"
2025-01-29 13:25:11,267 INFO c.h.h.t.HelmChartContainer - [K3S] [memory_manager.go:355] "RemoveStaleState removing state" podUID="940a05ad-514c-4325-89bf-251471fc92a7" containerName="hivemq"
2025-01-29 13:25:11,268 INFO c.h.h.t.HelmChartContainer - [K3S] [memory_manager.go:355] "RemoveStaleState removing state" podUID="d33fe4e4-7ebf-49ec-8034-701b28ca8263" containerName="hivemq"
2025-01-29 13:25:11,269 INFO c.h.h.t.HelmChartContainer - [EVENT] Normal [SuccessfulCreate] Created pod: hivemq-test-hivemq-platform-operator-6966f96d65-5q2jd [helmcustomconfigit-operator:hivemq-test-hivemq-platform-operator-6966f96d65]
2025-01-29 13:25:11,272 INFO c.h.h.t.HelmChartContainer - [POD] hivemq-test-hivemq-platform-operator-6966f96d65-5q2jd [bf8a1584-1de8-44e9-823d-f21449cbabbc] in helmcustomconfigit-operator was MODIFIED
2025-01-29 13:25:11,273 INFO c.h.h.t.HelmChartContainer - [K3S] [replica_set.go:679] "Finished syncing" kind="ReplicaSet" key="helmcustomconfigit-operator/hivemq-test-hivemq-platform-operator-6966f96d65" duration="28.971214ms"
2025-01-29 13:25:11,275 INFO c.h.h.t.HelmChartContainer - [EVENT] Normal [Scheduled] Successfully assigned helmcustomconfigit-operator/hivemq-test-hivemq-platform-operator-6966f96d65-5q2jd to 8f07877cb075 [helmcustomconfigit-operator:hivemq-test-hivemq-platform-operator-6966f96d65-5q2jd]
2025-01-29 13:25:11,282 INFO c.h.h.t.HelmChartContainer - [K3S] [replica_set.go:679] "Finished syncing" kind="ReplicaSet" key="helmcustomconfigit-operator/hivemq-test-hivemq-platform-operator-6966f96d65" duration="9.745581ms"
2025-01-29 13:25:11,282 INFO c.h.h.t.HelmChartContainer - [K3S] [replica_set.go:679] "Finished syncing" kind="ReplicaSet" key="helmcustomconfigit-operator/hivemq-test-hivemq-platform-operator-6966f96d65" duration="44.354µs"
2025-01-29 13:25:11,292 INFO c.h.h.t.HelmChartContainer - [K3S] [replica_set.go:679] "Finished syncing" kind="ReplicaSet" key="helmcustomconfigit-operator/hivemq-test-hivemq-platform-operator-6966f96d65" duration="37.68µs"
2025-01-29 13:25:11,292 INFO c.h.h.t.HelmChartContainer - [POD] hivemq-test-hivemq-platform-operator-6966f96d65-5q2jd [bf8a1584-1de8-44e9-823d-f21449cbabbc] in helmcustomconfigit-operator was MODIFIED
2025-01-29 13:25:11,417 INFO c.h.h.t.HelmChartContainer - [K3S] [reconciler_common.go:251] "operationExecutor.VerifyControllerAttachedVolume started for volume \"kube-api-access-rpdjj\" (UniqueName: \"kubernetes.io/projected/bf8a1584-1de8-44e9-823d-f21449cbabbc-kube-api-access-rpdjj\") pod \"hivemq-test-hivemq-platform-operator-6966f96d65-5q2jd\" (UID: \"bf8a1584-1de8-44e9-823d-f21449cbabbc\") " pod="helmcustomconfigit-operator/hivemq-test-hivemq-platform-operator-6966f96d65-5q2jd"
2025-01-29 13:25:11,663 INFO c.h.h.t.HelmChartContainer - [EVENT] Normal [Pulled] Container image "docker.io/hivemq/hivemq-platform-operator-test:snapshot" already present on machine [helmcustomconfigit-operator:hivemq-test-hivemq-platform-operator-6966f96d65-5q2jd]
2025-01-29 13:25:11,664 INFO c.h.h.t.HelmChartContainer - Received Pulled event for container hivemq-platform-operator in pod hivemq-test-hivemq-platform-operator-6966f96d65-5q2jd [bf8a1584-1de8-44e9-823d-f21449cbabbc]
2025-01-29 13:25:12,943 INFO c.h.h.t.HelmChartContainer - [EVENT] Normal [Created] Created container: hivemq-platform-operator [helmcustomconfigit-operator:hivemq-test-hivemq-platform-operator-6966f96d65-5q2jd]
2025-01-29 13:25:12,943 INFO c.h.h.t.HelmChartContainer - Received Created event for container hivemq-platform-operator in pod hivemq-test-hivemq-platform-operator-6966f96d65-5q2jd [bf8a1584-1de8-44e9-823d-f21449cbabbc]
2025-01-29 13:25:13,208 INFO c.h.h.t.HelmChartContainer - [K3S] [replica_set.go:679] "Finished syncing" kind="ReplicaSet" key="helmcustomconfigit-operator/hivemq-test-hivemq-platform-operator-6966f96d65" duration="44.573µs"
2025-01-29 13:25:13,208 INFO c.h.h.t.HelmChartContainer - [POD] hivemq-test-hivemq-platform-operator-6966f96d65-5q2jd [bf8a1584-1de8-44e9-823d-f21449cbabbc] in helmcustomconfigit-operator was MODIFIED
2025-01-29 13:25:13,221 INFO c.h.h.t.HelmChartContainer - Started log watcher for hivemq-platform-operator in pod hivemq-test-hivemq-platform-operator-6966f96d65-5q2jd [bf8a1584-1de8-44e9-823d-f21449cbabbc]
2025-01-29 13:25:13,221 INFO c.h.h.t.HelmChartContainer - [EVENT] Normal [Started] Started container hivemq-platform-operator [helmcustomconfigit-operator:hivemq-test-hivemq-platform-operator-6966f96d65-5q2jd]
2025-01-29 13:25:13,221 INFO c.h.h.t.HelmChartContainer - Received Started event for container hivemq-platform-operator in pod hivemq-test-hivemq-platform-operator-6966f96d65-5q2jd [bf8a1584-1de8-44e9-823d-f21449cbabbc]
2025-01-29 13:25:13,221 INFO c.h.h.t.HelmChartContainer - [hivemq-test-hivemq-platform] [hivemq-platform-operator] [bf8a1584] -------------------------------------------------------------------------
2025-01-29 13:25:13,221 INFO c.h.h.t.HelmChartContainer - [hivemq-test-hivemq-platform] [hivemq-platform-operator] [bf8a1584] 
2025-01-29 13:25:13,221 INFO c.h.h.t.HelmChartContainer - [hivemq-test-hivemq-platform] [hivemq-platform-operator] [bf8a1584]                   _    _  _              __  __   ____
2025-01-29 13:25:13,221 INFO c.h.h.t.HelmChartContainer - [hivemq-test-hivemq-platform] [hivemq-platform-operator] [bf8a1584]                  | |  | |(_)            |  \/  | / __ \
2025-01-29 13:25:13,221 INFO c.h.h.t.HelmChartContainer - [hivemq-test-hivemq-platform] [hivemq-platform-operator] [bf8a1584]                  | |__| | _ __   __ ___ | \  / || |  | |
2025-01-29 13:25:13,221 INFO c.h.h.t.HelmChartContainer - [hivemq-test-hivemq-platform] [hivemq-platform-operator] [bf8a1584]                  |  __  || |\ \ / // _ \| |\/| || |  | |
2025-01-29 13:25:13,221 INFO c.h.h.t.HelmChartContainer - [hivemq-test-hivemq-platform] [hivemq-platform-operator] [bf8a1584]                  | |  | || | \ V /|  __/| |  | || |__| |
2025-01-29 13:25:13,221 INFO c.h.h.t.HelmChartContainer - [hivemq-test-hivemq-platform] [hivemq-platform-operator] [bf8a1584]                  |_|  |_||_|  \_/  \___||_|  |_| \___\_\
2025-01-29 13:25:13,221 INFO c.h.h.t.HelmChartContainer - [hivemq-test-hivemq-platform] [hivemq-platform-operator] [bf8a1584] 
2025-01-29 13:25:13,221 INFO c.h.h.t.HelmChartContainer - [hivemq-test-hivemq-platform] [hivemq-platform-operator] [bf8a1584] -------------------------------------------------------------------------
2025-01-29 13:25:13,221 INFO c.h.h.t.HelmChartContainer - [hivemq-test-hivemq-platform] [hivemq-platform-operator] [bf8a1584] 
2025-01-29 13:25:13,221 INFO c.h.h.t.HelmChartContainer - [hivemq-test-hivemq-platform] [hivemq-platform-operator] [bf8a1584]   HiveMQ Platform Operator Start Script v1.0
2025-01-29 13:25:13,221 INFO c.h.h.t.HelmChartContainer - [hivemq-test-hivemq-platform] [hivemq-platform-operator] [bf8a1584] 
2025-01-29 13:25:13,221 INFO c.h.h.t.HelmChartContainer - [hivemq-test-hivemq-platform] [hivemq-platform-operator] [bf8a1584] -------------------------------------------------------------------------
2025-01-29 13:25:13,221 INFO c.h.h.t.HelmChartContainer - [hivemq-test-hivemq-platform] [hivemq-platform-operator] [bf8a1584] 
2025-01-29 13:25:13,221 INFO c.h.h.t.HelmChartContainer - [hivemq-test-hivemq-platform] [hivemq-platform-operator] [bf8a1584]   JAVA_OPTS: -XX:+UnlockExperimentalVMOptions -XX:InitialRAMPercentage=75 -XX:MaxRAMPercentage=75 -Duser.language=en -Duser.region=US
2025-01-29 13:25:13,221 INFO c.h.h.t.HelmChartContainer - [hivemq-test-hivemq-platform] [hivemq-platform-operator] [bf8a1584] 
2025-01-29 13:25:13,221 INFO c.h.h.t.HelmChartContainer - [hivemq-test-hivemq-platform] [hivemq-platform-operator] [bf8a1584]   JAVA_VERSION: 21
2025-01-29 13:25:13,221 INFO c.h.h.t.HelmChartContainer - [hivemq-test-hivemq-platform] [hivemq-platform-operator] [bf8a1584] 
2025-01-29 13:25:13,222 INFO c.h.h.t.HelmChartContainer - [hivemq-test-hivemq-platform] [hivemq-platform-operator] [bf8a1584] -------------------------------------------------------------------------
2025-01-29 13:25:13,222 INFO c.h.h.t.HelmChartContainer - [hivemq-test-hivemq-platform] [hivemq-platform-operator] [bf8a1584] 
2025-01-29 13:25:16,488 INFO c.h.h.t.HelmChartContainer - [hivemq-test-hivemq-platform] [hivemq-platform-operator] [bf8a1584] 13:25:16.486 [main] DEBUG org.jboss.logging - Logging Provider: org.jboss.logging.Slf4jLoggerProvider
2025-01-29 13:25:16,595 INFO c.h.h.t.HelmChartContainer - [hivemq-test-hivemq-platform] [hivemq-platform-operator] [bf8a1584] 13:25:16.594 [main] DEBUG io.smallrye.config - SRCFG01006: Loaded ConfigSource SysPropConfigSource with ordinal 400
2025-01-29 13:25:16,596 INFO c.h.h.t.HelmChartContainer - [hivemq-test-hivemq-platform] [hivemq-platform-operator] [bf8a1584] 13:25:16.594 [main] DEBUG io.smallrye.config - SRCFG01006: Loaded ConfigSource EnvConfigSource with ordinal 300
2025-01-29 13:25:16,596 INFO c.h.h.t.HelmChartContainer - [hivemq-test-hivemq-platform] [hivemq-platform-operator] [bf8a1584] 13:25:16.594 [main] DEBUG io.smallrye.config - SRCFG01006: Loaded ConfigSource PropertiesConfigSource[source=jar:file:///opt/hivemq-platform-operator/bin/hivemq-platform-operator.jar!/hivemq-platform-operator.properties] with ordinal 100
2025-01-29 13:25:16,596 INFO c.h.h.t.HelmChartContainer - [hivemq-test-hivemq-platform] [hivemq-platform-operator] [bf8a1584] 13:25:16.594 [main] DEBUG io.smallrye.config - SRCFG01006: Loaded ConfigSource DefaultValuesConfigSource with ordinal -2147483648
2025-01-29 13:25:16,707 INFO c.h.h.t.HelmChartContainer - [hivemq-test-hivemq-platform] [hivemq-platform-operator] [bf8a1584] 13:25:16.706 [main] DEBUG i.m.c.u.i.l.InternalLoggerFactory - Using SLF4J as the default logging framework
2025-01-29 13:25:16,890 INFO c.h.h.t.HelmChartContainer - [hivemq-test-hivemq-platform] [hivemq-platform-operator] [bf8a1584] 13:25:16.801 [main] INFO  c.h.p.o.HiveMQPlatformOperatorApplication - HiveMQ Platform Operator 1.7.0-SNAPSHOT (commit: bebf408 on branch: HEAD) built on Sun Jan 26 20:47:47 UTC 2025
2025-01-29 13:25:16,891 INFO c.h.h.t.HelmChartContainer - [hivemq-test-hivemq-platform] [hivemq-platform-operator] [bf8a1584] 13:25:16.889 [main] INFO  c.h.p.o.HiveMQPlatformOperatorApplication - HiveMQ Platform Operator is running in namespace: helmcustomconfigit-operator
2025-01-29 13:25:16,891 INFO c.h.h.t.HelmChartContainer - [hivemq-test-hivemq-platform] [hivemq-platform-operator] [bf8a1584] 13:25:16.889 [main] INFO  c.h.p.o.HiveMQPlatformOperatorApplication - Watching all namespaces
2025-01-29 13:25:16,891 INFO c.h.h.t.HelmChartContainer - [hivemq-test-hivemq-platform] [hivemq-platform-operator] [bf8a1584] 13:25:16.889 [main] INFO  c.h.p.o.HiveMQPlatformOperatorApplication - Log level: DEBUG
2025-01-29 13:25:16,891 INFO c.h.h.t.HelmChartContainer - [hivemq-test-hivemq-platform] [hivemq-platform-operator] [bf8a1584] 13:25:16.889 [main] INFO  c.h.p.o.HiveMQPlatformOperatorApplication - Release name: test-hivemq-platform-operator
2025-01-29 13:25:16,891 INFO c.h.h.t.HelmChartContainer - [hivemq-test-hivemq-platform] [hivemq-platform-operator] [bf8a1584] 13:25:16.889 [main] INFO  c.h.p.o.HiveMQPlatformOperatorApplication - HiveMQ Platform Operator Init image: docker.io/hivemq/hivemq-platform-operator-init-test:snapshot
2025-01-29 13:25:16,891 INFO c.h.h.t.HelmChartContainer - [hivemq-test-hivemq-platform] [hivemq-platform-operator] [bf8a1584] 13:25:16.889 [main] INFO  c.h.p.o.HiveMQPlatformOperatorApplication - HiveMQ Platform Operator Init App update URL: http://hivemq-platform-operator-test-hivemq-platform-operator.helmcustomconfigit-operator.svc:8080/initAppUpdate/hivemq-platform-operator-init-app-1.7.0-SNAPSHOT.jar
2025-01-29 13:25:16,891 INFO c.h.h.t.HelmChartContainer - [hivemq-test-hivemq-platform] [hivemq-platform-operator] [bf8a1584] 13:25:16.889 [main] INFO  c.h.p.o.HiveMQPlatformOperatorApplication - Additional imagePullSecret for all Platform deployments: none
2025-01-29 13:25:16,891 INFO c.h.h.t.HelmChartContainer - [hivemq-test-hivemq-platform] [hivemq-platform-operator] [bf8a1584] 13:25:16.889 [main] INFO  c.h.p.o.HiveMQPlatformOperatorApplication - Apply HiveMQ Platform CRD: true
2025-01-29 13:25:16,891 INFO c.h.h.t.HelmChartContainer - [hivemq-test-hivemq-platform] [hivemq-platform-operator] [bf8a1584] 13:25:16.889 [main] INFO  c.h.p.o.HiveMQPlatformOperatorApplication - Create Platform ServiceAccount: true
2025-01-29 13:25:16,891 INFO c.h.h.t.HelmChartContainer - [hivemq-test-hivemq-platform] [hivemq-platform-operator] [bf8a1584] 13:25:16.890 [main] INFO  c.h.p.o.HiveMQPlatformOperatorApplication - Create Platform ServiceAccount permissions: true
2025-01-29 13:25:16,891 INFO c.h.h.t.HelmChartContainer - [hivemq-test-hivemq-platform] [hivemq-platform-operator] [bf8a1584] 13:25:16.890 [main] INFO  c.h.p.o.HiveMQPlatformOperatorApplication - Validate Platform ServiceAccount: true
2025-01-29 13:25:16,891 INFO c.h.h.t.HelmChartContainer - [hivemq-test-hivemq-platform] [hivemq-platform-operator] [bf8a1584] 13:25:16.890 [main] INFO  c.h.p.o.HiveMQPlatformOperatorApplication - Validate Platform ServiceAccount permissions: true
2025-01-29 13:25:17,014 INFO c.h.h.t.HelmChartContainer - [hivemq-test-hivemq-platform] [hivemq-platform-operator] [bf8a1584] 13:25:17.013 [main] INFO  c.h.platform.operator.util.CRDUtil - Verifying deployed HiveMQ Platform CRD...
2025-01-29 13:25:19,796 INFO c.h.h.t.HelmChartContainer - [hivemq-test-hivemq-platform] [hivemq-platform-operator] [bf8a1584] 13:25:19.795 [main] DEBUG c.h.platform.operator.util.CRDUtil - HiveMQ Platform CRD version v1 is up to date
2025-01-29 13:25:19,797 INFO c.h.h.t.HelmChartContainer - [hivemq-test-hivemq-platform] [hivemq-platform-operator] [bf8a1584] 13:25:19.795 [main] INFO  c.h.platform.operator.util.CRDUtil - HiveMQ Platform CRD is up to date (version: V1_6_0)
2025-01-29 13:25:19,797 INFO c.h.h.t.HelmChartContainer - [hivemq-test-hivemq-platform] [hivemq-platform-operator] [bf8a1584] 13:25:19.795 [main] INFO  c.h.platform.operator.util.CRDUtil - Waiting 10000 ms for HiveMQ Platform CRD 'hivemq-platforms.hivemq.com' to become ready...
2025-01-29 13:25:20,098 INFO c.h.h.t.HelmChartContainer - [hivemq-test-hivemq-platform] [hivemq-platform-operator] [bf8a1584] 13:25:20.097 [vert.x-eventloop-thread-1] DEBUG c.h.platform.operator.util.CRDUtil - Checking CRD condition 'NamesAccepted' (status: 'True')
2025-01-29 13:25:20,098 INFO c.h.h.t.HelmChartContainer - [hivemq-test-hivemq-platform] [hivemq-platform-operator] [bf8a1584] 13:25:20.097 [vert.x-eventloop-thread-1] DEBUG c.h.platform.operator.util.CRDUtil - Checking CRD condition 'Established' (status: 'True')
2025-01-29 13:25:20,099 INFO c.h.h.t.HelmChartContainer - [hivemq-test-hivemq-platform] [hivemq-platform-operator] [bf8a1584] 13:25:20.098 [main] INFO  c.h.platform.operator.util.CRDUtil - HiveMQ Platform CRD 'hivemq-platforms.hivemq.com' is ready
2025-01-29 13:25:20,297 INFO c.h.h.t.HelmChartContainer - [hivemq-test-hivemq-platform] [hivemq-platform-operator] [bf8a1584] 13:25:20.296 [main] INFO  c.h.p.o.HiveMQPlatformReconciler - HiveMQ Platform Operator is starting...
2025-01-29 13:25:20,388 INFO c.h.h.t.HelmChartContainer - [hivemq-test-hivemq-platform] [hivemq-platform-operator] [bf8a1584] 13:25:20.387 [main] WARN  Default ConfigurationService implementation - Configuration for reconciler 'hivemq-controller' was not found. Known reconcilers: None.
2025-01-29 13:25:20,396 INFO c.h.h.t.HelmChartContainer - [hivemq-test-hivemq-platform] [hivemq-platform-operator] [bf8a1584] 13:25:20.395 [main] INFO  Default ConfigurationService implementation - Created configuration for reconciler com.hivemq.platform.operator.HiveMQPlatformReconciler with name hivemq-controller
2025-01-29 13:25:20,498 INFO c.h.h.t.HelmChartContainer - [hivemq-test-hivemq-platform] [hivemq-platform-operator] [bf8a1584] 13:25:20.498 [main] DEBUG c.h.p.o.HiveMQPlatformReconciler - HiveMQ Platform Operator is preparing EventSources
2025-01-29 13:25:20,569 INFO c.h.h.t.HelmChartContainer - [hivemq-test-hivemq-platform] [hivemq-platform-operator] [bf8a1584] 13:25:20.568 [main] INFO  i.javaoperatorsdk.operator.Operator - Registered reconciler: 'hivemq-controller' for resource: 'class com.hivemq.platform.operator.v1.HiveMQPlatform' for namespace(s): [all namespaces]
2025-01-29 13:25:21,094 INFO c.h.h.t.HelmChartContainer - [hivemq-test-hivemq-platform] [hivemq-platform-operator] [bf8a1584] 13:25:21.093 [main] INFO  c.h.p.operator.webserver.JettyServer - Starting Jetty server on port 8080
2025-01-29 13:25:21,196 INFO c.h.h.t.HelmChartContainer - [hivemq-test-hivemq-platform] [hivemq-platform-operator] [bf8a1584] 13:25:21.195 [main] INFO  i.javaoperatorsdk.operator.Operator - Operator SDK 4.9.7 (commit: 2133d28) built on Wed Nov 20 12:56:20 UTC 2024 starting...
2025-01-29 13:25:21,197 INFO c.h.h.t.HelmChartContainer - [hivemq-test-hivemq-platform] [hivemq-platform-operator] [bf8a1584] 13:25:21.195 [main] INFO  i.javaoperatorsdk.operator.Operator - Client version: 6.13.4
2025-01-29 13:25:21,198 INFO c.h.h.t.HelmChartContainer - [hivemq-test-hivemq-platform] [hivemq-platform-operator] [bf8a1584] 13:25:21.197 [Controller Starter for: hivemq-controller] INFO  i.j.operator.processing.Controller - Starting 'hivemq-controller' controller for reconciler: com.hivemq.platform.operator.HiveMQPlatformReconciler, resource: com.hivemq.platform.operator.v1.HiveMQPlatform
2025-01-29 13:25:23,669 INFO c.h.h.t.HelmChartContainer - [hivemq-test-hivemq-platform] [hivemq-platform-operator] [bf8a1584] 13:25:23.668 [Controller Starter for: hivemq-controller] INFO  i.j.operator.processing.Controller - 'hivemq-controller' controller started
2025-01-29 13:25:23,669 INFO c.h.h.t.HelmChartContainer - [hivemq-test-hivemq-platform] [hivemq-platform-operator] [bf8a1584] 13:25:23.668 [main] INFO  c.h.p.o.HiveMQPlatformOperatorApplication - HiveMQ Platform Operator 1.7.0-SNAPSHOT started in 6866 ms
2025-01-29 13:25:24,213 INFO c.h.h.t.HelmChartContainer - [POD] hivemq-test-hivemq-platform-operator-6966f96d65-5q2jd [bf8a1584-1de8-44e9-823d-f21449cbabbc] in helmcustomconfigit-operator was MODIFIED
2025-01-29 13:25:24,221 INFO c.h.h.t.HelmChartContainer - [K3S] [replica_set.go:679] "Finished syncing" kind="ReplicaSet" key="helmcustomconfigit-operator/hivemq-test-hivemq-platform-operator-6966f96d65" duration="10.881088ms"
2025-01-29 13:25:24,221 INFO c.h.h.t.HelmChartContainer - [K3S] [replica_set.go:679] "Finished syncing" kind="ReplicaSet" key="helmcustomconfigit-operator/hivemq-test-hivemq-platform-operator-6966f96d65" duration="46.066µs"
2025-01-29 13:25:25,308 INFO com.hivemq.helmcharts.util.K8sUtil - Pod 'hivemq-test-hivemq-platform-operator-6966f96d65-5q2jd' is ready
2025-01-29 13:25:25,375 DEBUG c.h.h.t.HelmChartContainer - Executing helm command: /bin/helm --kubeconfig /etc/rancher/k3s/k3s.yaml install test-hivemq-platform /charts/hivemq-platform --wait --timeout 5m0s --set image.repository=docker.io/hivemq --set image.tag=4.36.0 --set image.pullPolicy=Never --set nodes.resources.cpu=512m --set-file config.overrideHiveMQConfig=/files/hivemq-config-override.xml --namespace helmcustomconfigit
2025-01-29 13:25:25,612 INFO c.h.h.t.HelmChartContainer - [hivemq-test-hivemq-platform] [hivemq-platform-operator] [bf8a1584] 13:25:25.611 [-373097727-pool-1-thread-4] WARN  i.m.p.PrometheusMeterRegistry - The meter (MeterId{name='operator.sdk.events.received', tags=[tag(action=ADDED),tag(event=ResourceEvent),tag(group=hivemq.com),tag(kind=HiveMQPlatform),tag(name=test-hivemq-platform),tag(namespace=helmcustomconfigit),tag(scope=namespace),tag(version=v1)]}) registration has failed: Prometheus requires that all meters with the same name have the same set of tag keys. There is already an existing meter named 'operator.sdk.events.received' containing tag keys [event, group, kind, name, namespace, scope, version]. The meter you are attempting to register has keys [action, event, group, kind, name, namespace, scope, version]. Note that subsequent logs will be logged at debug level.
2025-01-29 13:25:26,185 INFO c.h.h.t.HelmChartContainer - [hivemq-test-hivemq-platform] [hivemq-platform-operator] [bf8a1584] 13:25:26.183 [pool-6-thread-3] DEBUG c.h.p.o.dependants.PodInfoConfigMap - [helmcust] Desired PodInfo ConfigMap (1 extensions) (1 enabled)
2025-01-29 13:25:26,186 INFO c.h.h.t.HelmChartContainer - [hivemq-test-hivemq-platform] [hivemq-platform-operator] [bf8a1584] 13:25:26.185 [pool-6-thread-3] DEBUG c.h.p.o.dependants.PodInfoConfigMap - [helmcust] Desired PodInfo ConfigMap (metrics port: 9399) (metrics path: /)
2025-01-29 13:25:26,187 INFO c.h.h.t.HelmChartContainer - [hivemq-test-hivemq-platform] [hivemq-platform-operator] [bf8a1584] 13:25:26.185 [pool-6-thread-3] DEBUG c.h.p.o.dependants.PodInfoConfigMap - [helmcust] Desired PodInfo ConfigMap (extension state hash: -1817474005)
2025-01-29 13:25:26,188 INFO c.h.h.t.HelmChartContainer - [hivemq-test-hivemq-platform] [hivemq-platform-operator] [bf8a1584] 13:25:26.187 [pool-6-thread-3] DEBUG c.h.p.o.dependants.PodInfoConfigMap - [helmcust] Create PodInfo ConfigMap
2025-01-29 13:25:26,292 INFO c.h.h.t.HelmChartContainer - [hivemq-test-hivemq-platform] [hivemq-platform-operator] [bf8a1584] 13:25:26.288 [pool-6-thread-5] DEBUG c.h.p.o.dependants.PodRoleResource - [helmcust] Create Role: Role(apiVersion=rbac.authorization.k8s.io/v1, kind=Role, metadata=ObjectMeta(annotations={meta.helm.sh/release-name=test-hivemq-platform, meta.helm.sh/release-namespace=helmcustomconfigit}, creationTimestamp=null, deletionGracePeriodSeconds=null, deletionTimestamp=null, finalizers=[], generateName=null, generation=null, labels={helm.sh/chart=hivemq-platform-0.2.32, app.kubernetes.io/managed-by=Helm, app.kubernetes.io/name=hivemq-platform, hivemq-platform=test-hivemq-platform, app.kubernetes.io/instance=test-hivemq-platform, app.kubernetes.io/version=4.36.0}, managedFields=[], name=hivemq-platform-role-test-hivemq-platform, namespace=helmcustomconfigit, ownerReferences=[OwnerReference(apiVersion=hivemq.com/v1, blockOwnerDeletion=null, controller=null, kind=HiveMQPlatform, name=test-hivemq-platform, uid=728a31aa-0489-427b-a1b8-c6613eca65cc, additionalProperties={})], resourceVersion=null, selfLink=null, uid=null, additionalProperties={}), rules=[PolicyRule(apiGroups=[], nonResourceURLs=[], resourceNames=[], resources=[pods], verbs=[get, patch, update], additionalProperties={})], additionalProperties={})
2025-01-29 13:25:26,398 INFO c.h.h.t.HelmChartContainer - [hivemq-test-hivemq-platform] [hivemq-platform-operator] [bf8a1584] 13:25:26.396 [pool-6-thread-7] DEBUG c.h.p.o.d.PodServiceAccountResource - [helmcust] Desired PodServiceAccountResource (serviceAccountName: hivemq-platform-pod-test-hivemq-platform)
2025-01-29 13:25:26,400 INFO c.h.h.t.HelmChartContainer - [hivemq-test-hivemq-platform] [hivemq-platform-operator] [bf8a1584] 13:25:26.397 [pool-6-thread-7] DEBUG c.h.p.o.d.PodServiceAccountResource - [helmcust] Create ServiceAccount 'hivemq-platform-pod-test-hivemq-platform'
2025-01-29 13:25:26,587 INFO c.h.h.t.HelmChartContainer - [hivemq-test-hivemq-platform] [hivemq-platform-operator] [bf8a1584] 13:25:26.585 [pool-6-thread-10] DEBUG c.h.p.o.d.PodRoleBindingResource - [helmcust] Create RoleBinding: RoleBinding(apiVersion=rbac.authorization.k8s.io/v1, kind=RoleBinding, metadata=ObjectMeta(annotations={meta.helm.sh/release-name=test-hivemq-platform, meta.helm.sh/release-namespace=helmcustomconfigit}, creationTimestamp=null, deletionGracePeriodSeconds=null, deletionTimestamp=null, finalizers=[], generateName=null, generation=null, labels={helm.sh/chart=hivemq-platform-0.2.32, app.kubernetes.io/managed-by=Helm, app.kubernetes.io/name=hivemq-platform, hivemq-platform=test-hivemq-platform, app.kubernetes.io/instance=test-hivemq-platform, app.kubernetes.io/version=4.36.0}, managedFields=[], name=hivemq-platform-role-binding-test-hivemq-platform, namespace=helmcustomconfigit, ownerReferences=[OwnerReference(apiVersion=hivemq.com/v1, blockOwnerDeletion=null, controller=null, kind=HiveMQPlatform, name=test-hivemq-platform, uid=728a31aa-0489-427b-a1b8-c6613eca65cc, additionalProperties={})], resourceVersion=null, selfLink=null, uid=null, additionalProperties={}), roleRef=RoleRef(apiGroup=rbac.authorization.k8s.io, kind=Role, name=hivemq-platform-role-test-hivemq-platform, additionalProperties={}), subjects=[Subject(apiGroup=null, kind=ServiceAccount, name=hivemq-platform-pod-test-hivemq-platform, namespace=helmcustomconfigit, additionalProperties={})], additionalProperties={})
2025-01-29 13:25:26,607 INFO c.h.h.t.HelmChartContainer - [hivemq-test-hivemq-platform] [hivemq-platform-operator] [bf8a1584] 13:25:26.605 [ReconcilerExecutor-hivemq-controller-53] INFO  c.h.p.o.HiveMQPlatformReconciler - [helmcust] Reconciling HiveMQ Platform 'test-hivemq-platform' in namespace 'helmcustomconfigit'
2025-01-29 13:25:26,607 INFO c.h.h.t.HelmChartContainer - [hivemq-test-hivemq-platform] [hivemq-platform-operator] [bf8a1584] 13:25:26.606 [ReconcilerExecutor-hivemq-controller-53] DEBUG c.h.p.o.HiveMQPlatformReconciler - [helmcust] Custom Resource Status CREATED - HiveMQ Platform was created (READY)
2025-01-29 13:25:26,607 INFO c.h.h.t.HelmChartContainer - [hivemq-test-hivemq-platform] [hivemq-platform-operator] [bf8a1584] 13:25:26.606 [ReconcilerExecutor-hivemq-controller-53] DEBUG c.h.p.o.HiveMQPlatformReconciler - [helmcust] Custom Resource Spec (replicas: 2) (extensions: 1)
2025-01-29 13:25:26,610 INFO c.h.h.t.HelmChartContainer - [hivemq-test-hivemq-platform] [hivemq-platform-operator] [bf8a1584] 13:25:26.609 [ReconcilerExecutor-hivemq-controller-53] INFO  c.h.p.o.h.HiveMQPlatformReconcilerBaseHandler - [helmcust] HiveMQ Platform is starting
2025-01-29 13:25:26,791 INFO c.h.h.t.HelmChartContainer - [hivemq-test-hivemq-platform] [hivemq-platform-operator] [bf8a1584] 13:25:26.790 [ReconcilerExecutor-hivemq-controller-53] DEBUG c.h.p.operator.event.EventSender - [helmcust] Creating K8s event hivemq-platform-starting: [Start] HiveMQ Platform is starting
2025-01-29 13:25:26,803 INFO c.h.h.t.HelmChartContainer - [EVENT] Normal [Start] HiveMQ Platform is starting [helmcustomconfigit:test-hivemq-platform]
2025-01-29 13:25:26,887 INFO c.h.h.t.HelmChartContainer - [hivemq-test-hivemq-platform] [hivemq-platform-operator] [bf8a1584] 13:25:26.884 [ReconcilerExecutor-hivemq-controller-53] INFO  c.h.p.o.h.AbstractHiveMQReconcilerStateHandler - [helmcust] Update HiveMQ Platform Status (CREATED [READY] -> STARTING [READY]): HiveMQ Platform is starting
2025-01-29 13:25:26,902 DEBUG com.hivemq.helmcharts.util.K8sUtil - Comparing actual state 'STARTING' and waiting for 'RUNNING'
2025-01-29 13:25:36,916 INFO c.h.h.t.HelmChartContainer - [hivemq-test-hivemq-platform] [hivemq-platform-operator] [bf8a1584] 13:25:36.912 [pool-6-thread-12] DEBUG c.h.p.o.d.PlatformServiceResource - [helmcust] Desired Platform services (3 services)
2025-01-29 13:25:36,918 INFO c.h.h.t.HelmChartContainer - [hivemq-test-hivemq-platform] [hivemq-platform-operator] [bf8a1584] 13:25:36.914 [pool-6-thread-13] DEBUG c.h.p.o.dependants.PodInfoConfigMap - [helmcust] Desired PodInfo ConfigMap (1 extensions) (1 enabled)
2025-01-29 13:25:36,919 INFO c.h.h.t.HelmChartContainer - [hivemq-test-hivemq-platform] [hivemq-platform-operator] [bf8a1584] 13:25:36.917 [pool-6-thread-13] DEBUG c.h.p.o.dependants.PodInfoConfigMap - [helmcust] Desired PodInfo ConfigMap (metrics port: 9399) (metrics path: /)
2025-01-29 13:25:36,920 INFO c.h.h.t.HelmChartContainer - [hivemq-test-hivemq-platform] [hivemq-platform-operator] [bf8a1584] 13:25:36.917 [pool-6-thread-13] DEBUG c.h.p.o.dependants.PodInfoConfigMap - [helmcust] Desired PodInfo ConfigMap (extension state hash: -1817474005)
2025-01-29 13:25:36,922 INFO c.h.h.t.HelmChartContainer - [hivemq-test-hivemq-platform] [hivemq-platform-operator] [bf8a1584] 13:25:36.921 [pool-6-thread-17] DEBUG c.h.p.o.d.PodServiceAccountResource - [helmcust] Desired PodServiceAccountResource (serviceAccountName: hivemq-platform-pod-test-hivemq-platform)
2025-01-29 13:25:36,993 INFO c.h.h.t.HelmChartContainer - [hivemq-test-hivemq-platform] [hivemq-platform-operator] [bf8a1584] 13:25:36.990 [pool-6-thread-13] DEBUG c.h.p.o.dependants.PodInfoConfigMap - [helmcust] Update PodInfo ConfigMap
2025-01-29 13:25:36,997 INFO c.h.h.t.HelmChartContainer - [K3S] [alloc.go:330] "allocated clusterIPs" service="helmcustomconfigit/hivemq-test-hivemq-platform-cc-8080" clusterIPs={"IPv4":"10.43.52.235"}
2025-01-29 13:25:37,096 INFO c.h.h.t.HelmChartContainer - [K3S] [alloc.go:330] "allocated clusterIPs" service="helmcustomconfigit/hivemq-test-hivemq-platform-metrics-9399" clusterIPs={"IPv4":"10.43.194.59"}
2025-01-29 13:25:37,110 INFO c.h.h.t.HelmChartContainer - [K3S] [alloc.go:330] "allocated clusterIPs" service="helmcustomconfigit/hivemq-test-hivemq-platform-mqtt-1883" clusterIPs={"IPv4":"10.43.220.241"}
2025-01-29 13:25:37,189 INFO c.h.h.t.HelmChartContainer - [hivemq-test-hivemq-platform] [hivemq-platform-operator] [bf8a1584] 13:25:37.187 [pool-6-thread-20] DEBUG c.h.p.o.d.StatefulSetResource - [helmcust] Desired StatefulSet (2 replicas) for status STARTING (READY)
2025-01-29 13:25:37,201 INFO c.h.h.t.HelmChartContainer - [hivemq-test-hivemq-platform] [hivemq-platform-operator] [bf8a1584] 13:25:37.200 [pool-6-thread-20] DEBUG c.h.p.o.d.StatefulSetResource - [helmcust] Create StatefulSet
2025-01-29 13:25:37,311 INFO c.h.h.t.HelmChartContainer - [POD] test-hivemq-platform-0 [1305f1c2-d3ef-459a-bdae-758555585e18] in helmcustomconfigit was ADDED
2025-01-29 13:25:37,315 INFO c.h.h.t.HelmChartContainer - [POD] test-hivemq-platform-0 [1305f1c2-d3ef-459a-bdae-758555585e18] in helmcustomconfigit was MODIFIED
2025-01-29 13:25:37,315 INFO c.h.h.t.HelmChartContainer - [EVENT] Normal [SuccessfulCreate] create Pod test-hivemq-platform-0 in StatefulSet test-hivemq-platform successful [helmcustomconfigit:test-hivemq-platform]
2025-01-29 13:25:37,316 INFO c.h.h.t.HelmChartContainer - [EVENT] Normal [Scheduled] Successfully assigned helmcustomconfigit/test-hivemq-platform-0 to 8f07877cb075 [helmcustomconfigit:test-hivemq-platform-0]
2025-01-29 13:25:37,327 INFO c.h.h.t.HelmChartContainer - [POD] test-hivemq-platform-0 [1305f1c2-d3ef-459a-bdae-758555585e18] in helmcustomconfigit was MODIFIED
2025-01-29 13:25:37,392 INFO c.h.h.t.HelmChartContainer - [hivemq-test-hivemq-platform] [hivemq-platform-operator] [bf8a1584] 13:25:37.389 [ReconcilerExecutor-hivemq-controller-64] INFO  c.h.p.o.HiveMQPlatformReconciler - [helmcust] Reconciling HiveMQ Platform 'test-hivemq-platform' in namespace 'helmcustomconfigit'
2025-01-29 13:25:37,393 INFO c.h.h.t.HelmChartContainer - [hivemq-test-hivemq-platform] [hivemq-platform-operator] [bf8a1584] 13:25:37.390 [ReconcilerExecutor-hivemq-controller-64] DEBUG c.h.p.o.HiveMQPlatformReconciler - [helmcust] Custom Resource Status STARTING - HiveMQ Platform is starting (READY)
2025-01-29 13:25:37,393 INFO c.h.h.t.HelmChartContainer - [hivemq-test-hivemq-platform] [hivemq-platform-operator] [bf8a1584] 13:25:37.390 [ReconcilerExecutor-hivemq-controller-64] DEBUG c.h.p.o.HiveMQPlatformReconciler - [helmcust] Custom Resource Spec (replicas: 2) (extensions: 1)
2025-01-29 13:25:37,395 INFO c.h.h.t.HelmChartContainer - [hivemq-test-hivemq-platform] [hivemq-platform-operator] [bf8a1584] 13:25:37.394 [ReconcilerExecutor-hivemq-controller-64] DEBUG c.h.p.o.HiveMQPlatformReconciler - [helmcust] StatefulSet Status (revision: test-hivemq-platform-7f5f89548, replicas: 1, available: 0, ready: 0, current: 1, updated: 1)
2025-01-29 13:25:37,396 INFO c.h.h.t.HelmChartContainer - [hivemq-test-hivemq-platform] [hivemq-platform-operator] [bf8a1584] 13:25:37.394 [ReconcilerExecutor-hivemq-controller-64] DEBUG c.h.p.o.HiveMQPlatformReconciler - [helmcust] StatefulSet Spec (replicas: 2, init containers: 1, containers: 1, volumes: 3)
2025-01-29 13:25:37,474 INFO c.h.h.t.HelmChartContainer - [K3S] [reconciler_common.go:251] "operationExecutor.VerifyControllerAttachedVolume started for volume \"operator-init\" (UniqueName: \"kubernetes.io/empty-dir/1305f1c2-d3ef-459a-bdae-758555585e18-operator-init\") pod \"test-hivemq-platform-0\" (UID: \"1305f1c2-d3ef-459a-bdae-758555585e18\") " pod="helmcustomconfigit/test-hivemq-platform-0"
2025-01-29 13:25:37,475 INFO c.h.h.t.HelmChartContainer - [K3S] [reconciler_common.go:251] "operationExecutor.VerifyControllerAttachedVolume started for volume \"broker-configuration\" (UniqueName: \"kubernetes.io/configmap/1305f1c2-d3ef-459a-bdae-758555585e18-broker-configuration\") pod \"test-hivemq-platform-0\" (UID: \"1305f1c2-d3ef-459a-bdae-758555585e18\") " pod="helmcustomconfigit/test-hivemq-platform-0"
2025-01-29 13:25:37,475 INFO c.h.h.t.HelmChartContainer - [K3S] [reconciler_common.go:251] "operationExecutor.VerifyControllerAttachedVolume started for volume \"kube-api-access-86lk6\" (UniqueName: \"kubernetes.io/projected/1305f1c2-d3ef-459a-bdae-758555585e18-kube-api-access-86lk6\") pod \"test-hivemq-platform-0\" (UID: \"1305f1c2-d3ef-459a-bdae-758555585e18\") " pod="helmcustomconfigit/test-hivemq-platform-0"
2025-01-29 13:25:37,475 INFO c.h.h.t.HelmChartContainer - [K3S] [reconciler_common.go:251] "operationExecutor.VerifyControllerAttachedVolume started for volume \"pod-info\" (UniqueName: \"kubernetes.io/configmap/1305f1c2-d3ef-459a-bdae-758555585e18-pod-info\") pod \"test-hivemq-platform-0\" (UID: \"1305f1c2-d3ef-459a-bdae-758555585e18\") " pod="helmcustomconfigit/test-hivemq-platform-0"
2025-01-29 13:25:37,493 INFO c.h.h.t.HelmChartContainer - [hivemq-test-hivemq-platform] [hivemq-platform-operator] [bf8a1584] 13:25:37.490 [ReconcilerExecutor-hivemq-controller-64] DEBUG c.h.p.o.h.HiveMQPlatformReconcilerErrorHandler - [helmcust] Pod 'test-hivemq-platform-0' phase Pending
2025-01-29 13:25:37,493 INFO c.h.h.t.HelmChartContainer - [hivemq-test-hivemq-platform] [hivemq-platform-operator] [bf8a1584] 13:25:37.491 [ReconcilerExecutor-hivemq-controller-64] DEBUG c.h.p.o.h.HiveMQPlatformReconcilerErrorHandler - [helmcust] Pod 'test-hivemq-platform-0' condition 'PodReadyToStartContainers': False
2025-01-29 13:25:37,495 INFO c.h.h.t.HelmChartContainer - [hivemq-test-hivemq-platform] [hivemq-platform-operator] [bf8a1584] 13:25:37.492 [ReconcilerExecutor-hivemq-controller-64] DEBUG c.h.p.o.h.HiveMQPlatformReconcilerErrorHandler - [helmcust] Pod 'test-hivemq-platform-0' condition 'Initialized': False
2025-01-29 13:25:37,495 INFO c.h.h.t.HelmChartContainer - [hivemq-test-hivemq-platform] [hivemq-platform-operator] [bf8a1584] 13:25:37.492 [ReconcilerExecutor-hivemq-controller-64] DEBUG c.h.p.o.h.HiveMQPlatformReconcilerErrorHandler - [helmcust] Pod 'test-hivemq-platform-0' condition 'Ready': False
2025-01-29 13:25:37,495 INFO c.h.h.t.HelmChartContainer - [hivemq-test-hivemq-platform] [hivemq-platform-operator] [bf8a1584] 13:25:37.492 [ReconcilerExecutor-hivemq-controller-64] DEBUG c.h.p.o.h.HiveMQPlatformReconcilerErrorHandler - [helmcust] Pod 'test-hivemq-platform-0' condition 'ContainersReady': False
2025-01-29 13:25:37,495 INFO c.h.h.t.HelmChartContainer - [hivemq-test-hivemq-platform] [hivemq-platform-operator] [bf8a1584] 13:25:37.492 [ReconcilerExecutor-hivemq-controller-64] DEBUG c.h.p.o.h.HiveMQPlatformReconcilerErrorHandler - [helmcust] Pod 'test-hivemq-platform-0' condition 'PodScheduled': True
2025-01-29 13:25:37,495 INFO c.h.h.t.HelmChartContainer - [hivemq-test-hivemq-platform] [hivemq-platform-operator] [bf8a1584] 13:25:37.492 [ReconcilerExecutor-hivemq-controller-64] DEBUG c.h.p.o.h.HiveMQPlatformReconcilerErrorHandler - [helmcust] Pod 'test-hivemq-platform-0' containerStatus 'hivemq' (started: false) (ready: false) (waiting: [PodInitializing] null)
2025-01-29 13:25:37,497 INFO c.h.h.t.HelmChartContainer - [hivemq-test-hivemq-platform] [hivemq-platform-operator] [bf8a1584] 13:25:37.495 [ReconcilerExecutor-hivemq-controller-64] INFO  c.h.p.o.h.HiveMQPlatformReconcilerBaseHandler - [helmcust] HiveMQ Platform is starting, 0 of 2 replicas are ready
2025-01-29 13:25:37,502 INFO c.h.h.t.HelmChartContainer - [hivemq-test-hivemq-platform] [hivemq-platform-operator] [bf8a1584] 13:25:37.500 [pool-6-thread-22] DEBUG c.h.p.o.d.PlatformServiceResource - [helmcust] Desired Platform services (3 services)
2025-01-29 13:25:37,586 INFO c.h.h.t.HelmChartContainer - [hivemq-test-hivemq-platform] [hivemq-platform-operator] [bf8a1584] 13:25:37.584 [pool-6-thread-23] DEBUG c.h.p.o.dependants.PodInfoConfigMap - [helmcust] Desired PodInfo ConfigMap (1 extensions) (1 enabled)
2025-01-29 13:25:37,587 INFO c.h.h.t.HelmChartContainer - [hivemq-test-hivemq-platform] [hivemq-platform-operator] [bf8a1584] 13:25:37.584 [pool-6-thread-23] DEBUG c.h.p.o.dependants.PodInfoConfigMap - [helmcust] Desired PodInfo ConfigMap (metrics port: 9399) (metrics path: /)
2025-01-29 13:25:37,587 INFO c.h.h.t.HelmChartContainer - [hivemq-test-hivemq-platform] [hivemq-platform-operator] [bf8a1584] 13:25:37.584 [pool-6-thread-23] DEBUG c.h.p.o.dependants.PodInfoConfigMap - [helmcust] Desired PodInfo ConfigMap (extension state hash: -1817474005)
2025-01-29 13:25:37,590 INFO c.h.h.t.HelmChartContainer - [hivemq-test-hivemq-platform] [hivemq-platform-operator] [bf8a1584] 13:25:37.589 [pool-6-thread-27] DEBUG c.h.p.o.d.PodServiceAccountResource - [helmcust] Desired PodServiceAccountResource (serviceAccountName: hivemq-platform-pod-test-hivemq-platform)
2025-01-29 13:25:37,598 INFO c.h.h.t.HelmChartContainer - [hivemq-test-hivemq-platform] [hivemq-platform-operator] [bf8a1584] 13:25:37.596 [pool-6-thread-30] DEBUG c.h.p.o.d.StatefulSetResource - [helmcust] Desired StatefulSet (2 replicas) for status STARTING (READY)
2025-01-29 13:25:37,691 INFO c.h.h.t.HelmChartContainer - [hivemq-test-hivemq-platform] [hivemq-platform-operator] [bf8a1584] 13:25:37.687 [ReconcilerExecutor-hivemq-controller-76] INFO  c.h.p.o.HiveMQPlatformReconciler - [helmcust] Reconciling HiveMQ Platform 'test-hivemq-platform' in namespace 'helmcustomconfigit'
2025-01-29 13:25:37,691 INFO c.h.h.t.HelmChartContainer - [hivemq-test-hivemq-platform] [hivemq-platform-operator] [bf8a1584] 13:25:37.687 [ReconcilerExecutor-hivemq-controller-76] DEBUG c.h.p.o.HiveMQPlatformReconciler - [helmcust] Custom Resource Status STARTING - HiveMQ Platform is starting (READY)
2025-01-29 13:25:37,691 INFO c.h.h.t.HelmChartContainer - [hivemq-test-hivemq-platform] [hivemq-platform-operator] [bf8a1584] 13:25:37.687 [ReconcilerExecutor-hivemq-controller-76] DEBUG c.h.p.o.HiveMQPlatformReconciler - [helmcust] Custom Resource Spec (replicas: 2) (extensions: 1)
2025-01-29 13:25:37,695 INFO c.h.h.t.HelmChartContainer - [hivemq-test-hivemq-platform] [hivemq-platform-operator] [bf8a1584] 13:25:37.694 [ReconcilerExecutor-hivemq-controller-76] DEBUG c.h.p.o.HiveMQPlatformReconciler - [helmcust] StatefulSet Status (revision: test-hivemq-platform-7f5f89548, replicas: 1, available: 0, ready: 0, current: 1, updated: 1)
2025-01-29 13:25:37,695 INFO c.h.h.t.HelmChartContainer - [hivemq-test-hivemq-platform] [hivemq-platform-operator] [bf8a1584] 13:25:37.695 [ReconcilerExecutor-hivemq-controller-76] DEBUG c.h.p.o.HiveMQPlatformReconciler - [helmcust] StatefulSet Spec (replicas: 2, init containers: 1, containers: 1, volumes: 3)
2025-01-29 13:25:37,701 INFO c.h.h.t.HelmChartContainer - [hivemq-test-hivemq-platform] [hivemq-platform-operator] [bf8a1584] 13:25:37.698 [ReconcilerExecutor-hivemq-controller-76] DEBUG c.h.p.o.h.HiveMQPlatformReconcilerErrorHandler - [helmcust] Pod 'test-hivemq-platform-0' phase Pending
2025-01-29 13:25:37,701 INFO c.h.h.t.HelmChartContainer - [hivemq-test-hivemq-platform] [hivemq-platform-operator] [bf8a1584] 13:25:37.698 [ReconcilerExecutor-hivemq-controller-76] DEBUG c.h.p.o.h.HiveMQPlatformReconcilerErrorHandler - [helmcust] Pod 'test-hivemq-platform-0' condition 'PodReadyToStartContainers': False
2025-01-29 13:25:37,701 INFO c.h.h.t.HelmChartContainer - [hivemq-test-hivemq-platform] [hivemq-platform-operator] [bf8a1584] 13:25:37.698 [ReconcilerExecutor-hivemq-controller-76] DEBUG c.h.p.o.h.HiveMQPlatformReconcilerErrorHandler - [helmcust] Pod 'test-hivemq-platform-0' condition 'Initialized': False
2025-01-29 13:25:37,701 INFO c.h.h.t.HelmChartContainer - [hivemq-test-hivemq-platform] [hivemq-platform-operator] [bf8a1584] 13:25:37.699 [ReconcilerExecutor-hivemq-controller-76] DEBUG c.h.p.o.h.HiveMQPlatformReconcilerErrorHandler - [helmcust] Pod 'test-hivemq-platform-0' condition 'Ready': False
2025-01-29 13:25:37,701 INFO c.h.h.t.HelmChartContainer - [hivemq-test-hivemq-platform] [hivemq-platform-operator] [bf8a1584] 13:25:37.699 [ReconcilerExecutor-hivemq-controller-76] DEBUG c.h.p.o.h.HiveMQPlatformReconcilerErrorHandler - [helmcust] Pod 'test-hivemq-platform-0' condition 'ContainersReady': False
2025-01-29 13:25:37,701 INFO c.h.h.t.HelmChartContainer - [hivemq-test-hivemq-platform] [hivemq-platform-operator] [bf8a1584] 13:25:37.699 [ReconcilerExecutor-hivemq-controller-76] DEBUG c.h.p.o.h.HiveMQPlatformReconcilerErrorHandler - [helmcust] Pod 'test-hivemq-platform-0' condition 'PodScheduled': True
2025-01-29 13:25:37,701 INFO c.h.h.t.HelmChartContainer - [hivemq-test-hivemq-platform] [hivemq-platform-operator] [bf8a1584] 13:25:37.699 [ReconcilerExecutor-hivemq-controller-76] DEBUG c.h.p.o.h.HiveMQPlatformReconcilerErrorHandler - [helmcust] Pod 'test-hivemq-platform-0' containerStatus 'hivemq' (started: false) (ready: false) (waiting: [PodInitializing] null)
2025-01-29 13:25:37,702 INFO c.h.h.t.HelmChartContainer - [hivemq-test-hivemq-platform] [hivemq-platform-operator] [bf8a1584] 13:25:37.700 [ReconcilerExecutor-hivemq-controller-76] INFO  c.h.p.o.h.HiveMQPlatformReconcilerBaseHandler - [helmcust] HiveMQ Platform is starting, 0 of 2 replicas are ready
2025-01-29 13:25:37,715 INFO c.h.h.t.HelmChartContainer - [EVENT] Normal [Pulled] Container image "docker.io/hivemq/hivemq-platform-operator-init-test:snapshot" already present on machine [helmcustomconfigit:test-hivemq-platform-0]
2025-01-29 13:25:37,833 INFO c.h.h.t.HelmChartContainer - [EVENT] Normal [Created] Created container: hivemq-platform-operator-init [helmcustomconfigit:test-hivemq-platform-0]
2025-01-29 13:25:37,870 INFO c.h.h.t.HelmChartContainer - [EVENT] Normal [Started] Started container hivemq-platform-operator-init [helmcustomconfigit:test-hivemq-platform-0]
2025-01-29 13:25:38,241 INFO c.h.h.t.HelmChartContainer - [EVENT] Normal [Pulled] Container image "docker.io/hivemq/hivemq4:4.36.0" already present on machine [helmcustomconfigit:test-hivemq-platform-0]
2025-01-29 13:25:38,241 INFO c.h.h.t.HelmChartContainer - Received Pulled event for container hivemq in pod test-hivemq-platform-0 [1305f1c2-d3ef-459a-bdae-758555585e18]
2025-01-29 13:25:38,250 INFO c.h.h.t.HelmChartContainer - [POD] test-hivemq-platform-0 [1305f1c2-d3ef-459a-bdae-758555585e18] in helmcustomconfigit was MODIFIED
2025-01-29 13:25:38,277 INFO c.h.h.t.HelmChartContainer - [hivemq-test-hivemq-platform] [hivemq-platform-operator] [bf8a1584] 13:25:38.273 [pool-6-thread-32] DEBUG c.h.p.o.d.PlatformServiceResource - [helmcust] Desired Platform services (3 services)
2025-01-29 13:25:38,279 INFO c.h.h.t.HelmChartContainer - [hivemq-test-hivemq-platform] [hivemq-platform-operator] [bf8a1584] 13:25:38.276 [pool-6-thread-33] DEBUG c.h.p.o.dependants.PodInfoConfigMap - [helmcust] Desired PodInfo ConfigMap (1 extensions) (1 enabled)
2025-01-29 13:25:38,279 INFO c.h.h.t.HelmChartContainer - [hivemq-test-hivemq-platform] [hivemq-platform-operator] [bf8a1584] 13:25:38.277 [pool-6-thread-33] DEBUG c.h.p.o.dependants.PodInfoConfigMap - [helmcust] Desired PodInfo ConfigMap (metrics port: 9399) (metrics path: /)
2025-01-29 13:25:38,285 INFO c.h.h.t.HelmChartContainer - [hivemq-test-hivemq-platform] [hivemq-platform-operator] [bf8a1584] 13:25:38.279 [pool-6-thread-33] DEBUG c.h.p.o.dependants.PodInfoConfigMap - [helmcust] Desired PodInfo ConfigMap (extension state hash: -1817474005)
2025-01-29 13:25:38,285 INFO c.h.h.t.HelmChartContainer - [hivemq-test-hivemq-platform] [hivemq-platform-operator] [bf8a1584] 13:25:38.284 [pool-6-thread-37] DEBUG c.h.p.o.d.PodServiceAccountResource - [helmcust] Desired PodServiceAccountResource (serviceAccountName: hivemq-platform-pod-test-hivemq-platform)
2025-01-29 13:25:38,371 INFO c.h.h.t.HelmChartContainer - [hivemq-test-hivemq-platform] [hivemq-platform-operator] [bf8a1584] 13:25:38.369 [pool-6-thread-40] DEBUG c.h.p.o.d.StatefulSetResource - [helmcust] Desired StatefulSet (2 replicas) for status STARTING (READY)
2025-01-29 13:25:38,377 INFO c.h.h.t.HelmChartContainer - [hivemq-test-hivemq-platform] [hivemq-platform-operator] [bf8a1584] 13:25:38.375 [ReconcilerExecutor-hivemq-controller-87] INFO  c.h.p.o.HiveMQPlatformReconciler - [helmcust] Reconciling HiveMQ Platform 'test-hivemq-platform' in namespace 'helmcustomconfigit'
2025-01-29 13:25:38,377 INFO c.h.h.t.HelmChartContainer - [hivemq-test-hivemq-platform] [hivemq-platform-operator] [bf8a1584] 13:25:38.376 [ReconcilerExecutor-hivemq-controller-87] DEBUG c.h.p.o.HiveMQPlatformReconciler - [helmcust] Custom Resource Status STARTING - HiveMQ Platform is starting (READY)
2025-01-29 13:25:38,380 INFO c.h.h.t.HelmChartContainer - [hivemq-test-hivemq-platform] [hivemq-platform-operator] [bf8a1584] 13:25:38.376 [ReconcilerExecutor-hivemq-controller-87] DEBUG c.h.p.o.HiveMQPlatformReconciler - [helmcust] Custom Resource Spec (replicas: 2) (extensions: 1)
2025-01-29 13:25:38,380 INFO c.h.h.t.HelmChartContainer - [hivemq-test-hivemq-platform] [hivemq-platform-operator] [bf8a1584] 13:25:38.379 [ReconcilerExecutor-hivemq-controller-87] DEBUG c.h.p.o.HiveMQPlatformReconciler - [helmcust] StatefulSet Status (revision: test-hivemq-platform-7f5f89548, replicas: 1, available: 0, ready: 0, current: 1, updated: 1)
2025-01-29 13:25:38,380 INFO c.h.h.t.HelmChartContainer - [hivemq-test-hivemq-platform] [hivemq-platform-operator] [bf8a1584] 13:25:38.380 [ReconcilerExecutor-hivemq-controller-87] DEBUG c.h.p.o.HiveMQPlatformReconciler - [helmcust] StatefulSet Spec (replicas: 2, init containers: 1, containers: 1, volumes: 3)
2025-01-29 13:25:38,470 INFO c.h.h.t.HelmChartContainer - [hivemq-test-hivemq-platform] [hivemq-platform-operator] [bf8a1584] 13:25:38.467 [ReconcilerExecutor-hivemq-controller-87] DEBUG c.h.p.o.h.HiveMQPlatformReconcilerErrorHandler - [helmcust] Pod 'test-hivemq-platform-0' phase Pending
2025-01-29 13:25:38,470 INFO c.h.h.t.HelmChartContainer - [hivemq-test-hivemq-platform] [hivemq-platform-operator] [bf8a1584] 13:25:38.467 [ReconcilerExecutor-hivemq-controller-87] DEBUG c.h.p.o.h.HiveMQPlatformReconcilerErrorHandler - [helmcust] Pod 'test-hivemq-platform-0' condition 'PodReadyToStartContainers': True
2025-01-29 13:25:38,470 INFO c.h.h.t.HelmChartContainer - [hivemq-test-hivemq-platform] [hivemq-platform-operator] [bf8a1584] 13:25:38.467 [ReconcilerExecutor-hivemq-controller-87] DEBUG c.h.p.o.h.HiveMQPlatformReconcilerErrorHandler - [helmcust] Pod 'test-hivemq-platform-0' condition 'Initialized': True
2025-01-29 13:25:38,470 INFO c.h.h.t.HelmChartContainer - [hivemq-test-hivemq-platform] [hivemq-platform-operator] [bf8a1584] 13:25:38.467 [ReconcilerExecutor-hivemq-controller-87] DEBUG c.h.p.o.h.HiveMQPlatformReconcilerErrorHandler - [helmcust] Pod 'test-hivemq-platform-0' condition 'Ready': False
2025-01-29 13:25:38,470 INFO c.h.h.t.HelmChartContainer - [hivemq-test-hivemq-platform] [hivemq-platform-operator] [bf8a1584] 13:25:38.467 [ReconcilerExecutor-hivemq-controller-87] DEBUG c.h.p.o.h.HiveMQPlatformReconcilerErrorHandler - [helmcust] Pod 'test-hivemq-platform-0' condition 'ContainersReady': False
2025-01-29 13:25:38,471 INFO c.h.h.t.HelmChartContainer - [hivemq-test-hivemq-platform] [hivemq-platform-operator] [bf8a1584] 13:25:38.467 [ReconcilerExecutor-hivemq-controller-87] DEBUG c.h.p.o.h.HiveMQPlatformReconcilerErrorHandler - [helmcust] Pod 'test-hivemq-platform-0' condition 'PodScheduled': True
2025-01-29 13:25:38,471 INFO c.h.h.t.HelmChartContainer - [hivemq-test-hivemq-platform] [hivemq-platform-operator] [bf8a1584] 13:25:38.468 [ReconcilerExecutor-hivemq-controller-87] DEBUG c.h.p.o.h.HiveMQPlatformReconcilerErrorHandler - [helmcust] Pod 'test-hivemq-platform-0' containerStatus 'hivemq' (started: false) (ready: false) (waiting: [PodInitializing] null)
2025-01-29 13:25:38,471 INFO c.h.h.t.HelmChartContainer - [hivemq-test-hivemq-platform] [hivemq-platform-operator] [bf8a1584] 13:25:38.469 [ReconcilerExecutor-hivemq-controller-87] INFO  c.h.p.o.h.HiveMQPlatformReconcilerBaseHandler - [helmcust] HiveMQ Platform is starting, 0 of 2 replicas are ready
2025-01-29 13:25:39,371 INFO c.h.h.t.HelmChartContainer - [EVENT] Normal [Created] Created container: hivemq [helmcustomconfigit:test-hivemq-platform-0]
2025-01-29 13:25:39,371 INFO c.h.h.t.HelmChartContainer - Received Created event for container hivemq in pod test-hivemq-platform-0 [1305f1c2-d3ef-459a-bdae-758555585e18]
2025-01-29 13:25:40,252 INFO c.h.h.t.HelmChartContainer - [POD] test-hivemq-platform-0 [1305f1c2-d3ef-459a-bdae-758555585e18] in helmcustomconfigit was MODIFIED
2025-01-29 13:25:40,261 INFO c.h.h.t.HelmChartContainer - Started log watcher for hivemq in pod test-hivemq-platform-0 [1305f1c2-d3ef-459a-bdae-758555585e18]
2025-01-29 13:25:40,261 INFO c.h.h.t.HelmChartContainer - [test-hivemq-platform] [hivemq] [1305f1c2] Adding pre-installed HiveMQ Platform Operator extensions
2025-01-29 13:25:40,261 INFO c.h.h.t.HelmChartContainer - [test-hivemq-platform] [hivemq] [1305f1c2] Running as user 10000
2025-01-29 13:25:40,261 INFO c.h.h.t.HelmChartContainer - [EVENT] Normal [Started] Started container hivemq [helmcustomconfigit:test-hivemq-platform-0]
2025-01-29 13:25:40,261 INFO c.h.h.t.HelmChartContainer - Received Started event for container hivemq in pod test-hivemq-platform-0 [1305f1c2-d3ef-459a-bdae-758555585e18]
2025-01-29 13:25:40,261 INFO c.h.h.t.HelmChartContainer - [test-hivemq-platform] [hivemq] [1305f1c2] Starting HiveMQ Platform Operator Init
2025-01-29 13:25:40,266 INFO c.h.h.t.HelmChartContainer - [hivemq-test-hivemq-platform] [hivemq-platform-operator] [bf8a1584] 13:25:40.264 [pool-6-thread-42] DEBUG c.h.p.o.d.PlatformServiceResource - [helmcust] Desired Platform services (3 services)
2025-01-29 13:25:40,270 INFO c.h.h.t.HelmChartContainer - [hivemq-test-hivemq-platform] [hivemq-platform-operator] [bf8a1584] 13:25:40.267 [pool-6-thread-43] DEBUG c.h.p.o.dependants.PodInfoConfigMap - [helmcust] Desired PodInfo ConfigMap (1 extensions) (1 enabled)
2025-01-29 13:25:40,270 INFO c.h.h.t.HelmChartContainer - [hivemq-test-hivemq-platform] [hivemq-platform-operator] [bf8a1584] 13:25:40.267 [pool-6-thread-43] DEBUG c.h.p.o.dependants.PodInfoConfigMap - [helmcust] Desired PodInfo ConfigMap (metrics port: 9399) (metrics path: /)
2025-01-29 13:25:40,270 INFO c.h.h.t.HelmChartContainer - [hivemq-test-hivemq-platform] [hivemq-platform-operator] [bf8a1584] 13:25:40.267 [pool-6-thread-43] DEBUG c.h.p.o.dependants.PodInfoConfigMap - [helmcust] Desired PodInfo ConfigMap (extension state hash: -1817474005)
2025-01-29 13:25:40,272 INFO c.h.h.t.HelmChartContainer - [hivemq-test-hivemq-platform] [hivemq-platform-operator] [bf8a1584] 13:25:40.269 [pool-6-thread-47] DEBUG c.h.p.o.d.PodServiceAccountResource - [helmcust] Desired PodServiceAccountResource (serviceAccountName: hivemq-platform-pod-test-hivemq-platform)
2025-01-29 13:25:40,290 INFO c.h.h.t.HelmChartContainer - [hivemq-test-hivemq-platform] [hivemq-platform-operator] [bf8a1584] 13:25:40.286 [pool-6-thread-49] DEBUG c.h.p.o.d.StatefulSetResource - [helmcust] Desired StatefulSet (2 replicas) for status STARTING (READY)
2025-01-29 13:25:40,304 INFO c.h.h.t.HelmChartContainer - [hivemq-test-hivemq-platform] [hivemq-platform-operator] [bf8a1584] 13:25:40.299 [ReconcilerExecutor-hivemq-controller-98] INFO  c.h.p.o.HiveMQPlatformReconciler - [helmcust] Reconciling HiveMQ Platform 'test-hivemq-platform' in namespace 'helmcustomconfigit'
2025-01-29 13:25:40,304 INFO c.h.h.t.HelmChartContainer - [hivemq-test-hivemq-platform] [hivemq-platform-operator] [bf8a1584] 13:25:40.300 [ReconcilerExecutor-hivemq-controller-98] DEBUG c.h.p.o.HiveMQPlatformReconciler - [helmcust] Custom Resource Status STARTING - HiveMQ Platform is starting (READY)
2025-01-29 13:25:40,304 INFO c.h.h.t.HelmChartContainer - [hivemq-test-hivemq-platform] [hivemq-platform-operator] [bf8a1584] 13:25:40.300 [ReconcilerExecutor-hivemq-controller-98] DEBUG c.h.p.o.HiveMQPlatformReconciler - [helmcust] Custom Resource Spec (replicas: 2) (extensions: 1)
2025-01-29 13:25:40,370 INFO c.h.h.t.HelmChartContainer - [hivemq-test-hivemq-platform] [hivemq-platform-operator] [bf8a1584] 13:25:40.367 [ReconcilerExecutor-hivemq-controller-98] DEBUG c.h.p.o.HiveMQPlatformReconciler - [helmcust] StatefulSet Status (revision: test-hivemq-platform-7f5f89548, replicas: 1, available: 0, ready: 0, current: 1, updated: 1)
2025-01-29 13:25:40,370 INFO c.h.h.t.HelmChartContainer - [hivemq-test-hivemq-platform] [hivemq-platform-operator] [bf8a1584] 13:25:40.368 [ReconcilerExecutor-hivemq-controller-98] DEBUG c.h.p.o.HiveMQPlatformReconciler - [helmcust] StatefulSet Spec (replicas: 2, init containers: 1, containers: 1, volumes: 3)
2025-01-29 13:25:40,371 INFO c.h.h.t.HelmChartContainer - [hivemq-test-hivemq-platform] [hivemq-platform-operator] [bf8a1584] 13:25:40.370 [ReconcilerExecutor-hivemq-controller-98] DEBUG c.h.p.o.h.HiveMQPlatformReconcilerErrorHandler - [helmcust] Pod 'test-hivemq-platform-0' phase Running
2025-01-29 13:25:40,373 INFO c.h.h.t.HelmChartContainer - [hivemq-test-hivemq-platform] [hivemq-platform-operator] [bf8a1584] 13:25:40.372 [ReconcilerExecutor-hivemq-controller-98] INFO  c.h.p.o.h.HiveMQPlatformReconcilerBaseHandler - [helmcust] HiveMQ Platform is starting, 0 of 2 replicas are ready
2025-01-29 13:25:40,827 INFO c.h.h.t.HelmChartContainer - [test-hivemq-platform] [hivemq] [1305f1c2] INFO  - [HiveMQ Platform Operator Init 1.7.0-SNAPSHOT] HiveMQ Platform Operator Init 1.7.0-SNAPSHOT (commit: bebf408 on branch: HEAD) built on Sun Jan 26 20:47:47 UTC 2025
2025-01-29 13:25:42,006 INFO c.h.h.t.HelmChartContainer - [test-hivemq-platform] [hivemq] [1305f1c2] INFO  - [HiveMQ Platform Operator Init App 1.7.0-SNAPSHOT] Using bind address 10.42.0.14 from environment variable
2025-01-29 13:25:43,029 INFO c.h.h.t.HelmChartContainer - [test-hivemq-platform] [hivemq] [1305f1c2] INFO  - [HiveMQ Platform Operator Init App 1.7.0-SNAPSHOT] HiveMQ Platform Operator Init App 1.7.0-SNAPSHOT (commit: bebf408 on branch: HEAD) built on Sun Jan 26 20:47:47 UTC 2025
2025-01-29 13:25:43,029 INFO c.h.h.t.HelmChartContainer - [test-hivemq-platform] [hivemq] [1305f1c2] INFO  - [HiveMQ Platform Operator Init App 1.7.0-SNAPSHOT] PodInfo ConfigMap directory: /etc/podinfo
2025-01-29 13:25:43,030 INFO c.h.h.t.HelmChartContainer - [test-hivemq-platform] [hivemq] [1305f1c2] INFO  - [HiveMQ Platform Operator Init App 1.7.0-SNAPSHOT] HiveMQ home directory: /opt/hivemq
2025-01-29 13:25:43,030 INFO c.h.h.t.HelmChartContainer - [test-hivemq-platform] [hivemq] [1305f1c2] INFO  - [HiveMQ Platform Operator Init App 1.7.0-SNAPSHOT] HiveMQ Logback folder: /opt/hivemq/conf
2025-01-29 13:25:43,030 INFO c.h.h.t.HelmChartContainer - [test-hivemq-platform] [hivemq] [1305f1c2] INFO  - [HiveMQ Platform Operator Init App 1.7.0-SNAPSHOT] HiveMQ Config folder: /opt/hivemq/conf-k8s
2025-01-29 13:25:43,030 INFO c.h.h.t.HelmChartContainer - [test-hivemq-platform] [hivemq] [1305f1c2] INFO  - [HiveMQ Platform Operator Init App 1.7.0-SNAPSHOT] Starting HiveMQ Platform Operator Init App
2025-01-29 13:25:43,030 INFO c.h.h.t.HelmChartContainer - [test-hivemq-platform] [hivemq] [1305f1c2] INFO  - [HiveMQ Platform Operator Init App 1.7.0-SNAPSHOT] Starting Pod reconciler
2025-01-29 13:25:44,324 INFO c.h.h.t.HelmChartContainer - [test-hivemq-platform] [hivemq] [1305f1c2] INFO  - [HiveMQ Platform Operator Init App 1.7.0-SNAPSHOT] Pod reconciler is scheduled (interval: 5000 ms)
2025-01-29 13:25:44,325 INFO c.h.h.t.HelmChartContainer - [test-hivemq-platform] [hivemq] [1305f1c2] INFO  - [HiveMQ Platform Operator Init App 1.7.0-SNAPSHOT] Starting the REST API on 10.42.0.14:7979
2025-01-29 13:25:44,328 INFO c.h.h.t.HelmChartContainer - [test-hivemq-platform] [hivemq] [1305f1c2] INFO  - [HiveMQ Platform Operator Init App 1.7.0-SNAPSHOT] Waiting up to 600s for at most 2 HiveMQ nodes in cluster service hivemq-test-hivemq-platform-cluster.helmcustomconfigit.svc
2025-01-29 13:25:44,727 INFO c.h.h.t.HelmChartContainer - [test-hivemq-platform] [hivemq] [1305f1c2] INFO  - [HiveMQ Platform Operator Init App 1.7.0-SNAPSHOT] Resolved 1 IP addresses: [10.42.0.14]
2025-01-29 13:25:44,727 INFO c.h.h.t.HelmChartContainer - [test-hivemq-platform] [hivemq] [1305f1c2] INFO  - [HiveMQ Platform Operator Init App 1.7.0-SNAPSHOT] HiveMQ node count of 1 is within threshold of 2
2025-01-29 13:25:44,727 INFO c.h.h.t.HelmChartContainer - [test-hivemq-platform] [hivemq] [1305f1c2] INFO  - [HiveMQ Platform Operator Init App 1.7.0-SNAPSHOT] Proceeding with container start
2025-01-29 13:25:44,810 INFO c.h.h.t.HelmChartContainer - [test-hivemq-platform] [hivemq] [1305f1c2] INFO  - [HiveMQ Platform Operator Init App 1.7.0-SNAPSHOT] Initializing HiveMQ Platform extensions with initial configuration: {hivemq-allow-all-extension={start-priority=-1, skip-https-hostname-verification=false, restart=true, config-version=0, header-version=0, c-uri=, priority=-1, uri=preinstalled, skip-https-certificate-validation=false, enabled=true}, hivemq-prometheus-extension={c-uri=, start-priority=-1, priority=-1, restart=true, enabled=true, request-header-path=no-request-headers, uri=preinstalled, skip-https-certificate-validation=false, skip-https-hostname-verification=false}}
2025-01-29 13:25:45,297 INFO c.h.h.t.HelmChartContainer - [test-hivemq-platform] [hivemq] [1305f1c2] INFO  - [HiveMQ Platform Operator Init App 1.7.0-SNAPSHOT] Extension hivemq-allow-all-extension was already enabled
2025-01-29 13:25:45,329 INFO c.h.h.t.HelmChartContainer - [test-hivemq-platform] [hivemq] [1305f1c2] INFO  - [HiveMQ Platform Operator Init App 1.7.0-SNAPSHOT] Successfully enabled extension hivemq-prometheus-extension
2025-01-29 13:25:45,390 INFO c.h.h.t.HelmChartContainer - [test-hivemq-platform] [hivemq] [1305f1c2] INFO  - [HiveMQ Platform Operator Init App 1.7.0-SNAPSHOT] Starting HiveMQ Platform version 4.36.0 (4.36.0)
2025-01-29 13:25:45,391 INFO c.h.h.t.HelmChartContainer - [test-hivemq-platform] [hivemq] [1305f1c2] INFO  - [HiveMQ Platform Operator Init App 1.7.0-SNAPSHOT] Configuring the HiveMQ Platform
2025-01-29 13:25:45,430 INFO c.h.h.t.HelmChartContainer - [test-hivemq-platform] [hivemq] [1305f1c2] INFO  - [HiveMQ Platform Operator Init App 1.7.0-SNAPSHOT] Changed logback.xml file scan period to 20 seconds
2025-01-29 13:25:45,494 INFO c.h.h.t.HelmChartContainer - [test-hivemq-platform] [hivemq] [1305f1c2] INFO  - [HiveMQ Platform Operator Init App 1.7.0-SNAPSHOT] Starting the HiveMQ Platform
2025-01-29 13:25:45,526 INFO c.h.h.t.HelmChartContainer - [test-hivemq-platform] [hivemq] [1305f1c2] -------------------------------------------------------------------------
2025-01-29 13:25:45,526 INFO c.h.h.t.HelmChartContainer - [test-hivemq-platform] [hivemq] [1305f1c2] 
2025-01-29 13:25:45,526 INFO c.h.h.t.HelmChartContainer - [test-hivemq-platform] [hivemq] [1305f1c2]                   _    _  _              __  __   ____
2025-01-29 13:25:45,526 INFO c.h.h.t.HelmChartContainer - [test-hivemq-platform] [hivemq] [1305f1c2]                  | |  | |(_)            |  \/  | / __ \
2025-01-29 13:25:45,526 INFO c.h.h.t.HelmChartContainer - [test-hivemq-platform] [hivemq] [1305f1c2]                  | |__| | _ __   __ ___ | \  / || |  | |
2025-01-29 13:25:45,526 INFO c.h.h.t.HelmChartContainer - [test-hivemq-platform] [hivemq] [1305f1c2]                  |  __  || |\ \ / // _ \| |\/| || |  | |
2025-01-29 13:25:45,526 INFO c.h.h.t.HelmChartContainer - [test-hivemq-platform] [hivemq] [1305f1c2]                  | |  | || | \ V /|  __/| |  | || |__| |
2025-01-29 13:25:45,526 INFO c.h.h.t.HelmChartContainer - [test-hivemq-platform] [hivemq] [1305f1c2]                  |_|  |_||_|  \_/  \___||_|  |_| \___\_\
2025-01-29 13:25:45,526 INFO c.h.h.t.HelmChartContainer - [test-hivemq-platform] [hivemq] [1305f1c2] 
2025-01-29 13:25:45,526 INFO c.h.h.t.HelmChartContainer - [test-hivemq-platform] [hivemq] [1305f1c2] -------------------------------------------------------------------------
2025-01-29 13:25:45,526 INFO c.h.h.t.HelmChartContainer - [test-hivemq-platform] [hivemq] [1305f1c2] 
2025-01-29 13:25:45,526 INFO c.h.h.t.HelmChartContainer - [test-hivemq-platform] [hivemq] [1305f1c2]   HiveMQ Start Script for Linux/Unix v1.14
2025-01-29 13:25:45,526 INFO c.h.h.t.HelmChartContainer - [test-hivemq-platform] [hivemq] [1305f1c2] 
2025-01-29 13:25:45,604 INFO c.h.h.t.HelmChartContainer - [test-hivemq-platform] [hivemq] [1305f1c2] -------------------------------------------------------------------------
2025-01-29 13:25:45,604 INFO c.h.h.t.HelmChartContainer - [test-hivemq-platform] [hivemq] [1305f1c2] 
2025-01-29 13:25:45,604 INFO c.h.h.t.HelmChartContainer - [test-hivemq-platform] [hivemq] [1305f1c2]   HIVEMQ_HOME: /opt/hivemq
2025-01-29 13:25:45,604 INFO c.h.h.t.HelmChartContainer - [test-hivemq-platform] [hivemq] [1305f1c2] 
2025-01-29 13:25:45,604 INFO c.h.h.t.HelmChartContainer - [test-hivemq-platform] [hivemq] [1305f1c2]   JAVA_OPTS: -XX:+UnlockExperimentalVMOptions -XX:InitialRAMPercentage=50 -XX:MaxRAMPercentage=50 -Djava.net.preferIPv4Stack=true --add-opens java.base/java.lang=ALL-UNNAMED --add-opens java.base/java.nio=ALL-UNNAMED --add-opens java.base/sun.nio.ch=ALL-UNNAMED --add-opens jdk.management/com.sun.management.internal=ALL-UNNAMED --add-exports java.base/jdk.internal.misc=ALL-UNNAMED -Djava.security.egd=file:/dev/./urandom -Dcom.sun.management.jmxremote -Dcom.sun.management.jmxremote.port=9010 -Dcom.sun.management.jmxremote.local.only=false -Dcom.sun.management.jmxremote.authenticate=false -Dcom.sun.management.jmxremote.ssl=false -Duser.language=en -Duser.region=US -XX:+CrashOnOutOfMemoryError -XX:+HeapDumpOnOutOfMemoryError
2025-01-29 13:25:45,604 INFO c.h.h.t.HelmChartContainer - [test-hivemq-platform] [hivemq] [1305f1c2] 
2025-01-29 13:25:45,604 INFO c.h.h.t.HelmChartContainer - [test-hivemq-platform] [hivemq] [1305f1c2]   JAVA_VERSION: 21
2025-01-29 13:25:45,604 INFO c.h.h.t.HelmChartContainer - [test-hivemq-platform] [hivemq] [1305f1c2] 
2025-01-29 13:25:45,604 INFO c.h.h.t.HelmChartContainer - [test-hivemq-platform] [hivemq] [1305f1c2] -------------------------------------------------------------------------
2025-01-29 13:25:45,604 INFO c.h.h.t.HelmChartContainer - [test-hivemq-platform] [hivemq] [1305f1c2] 
2025-01-29 13:25:46,295 INFO c.h.h.t.HelmChartContainer - [test-hivemq-platform] [hivemq] [1305f1c2] INFO  - [HiveMQ Platform Operator Init App 1.7.0-SNAPSHOT] Returning default Health API response 503 for readiness
2025-01-29 13:25:46,796 INFO c.h.h.t.HelmChartContainer - [EVENT] Warning [Unhealthy] Readiness probe failed: HTTP probe failed with statuscode: 503 [helmcustomconfigit:test-hivemq-platform-0]
2025-01-29 13:25:46,796 INFO c.h.h.t.HelmChartContainer - Received Unhealthy event for container hivemq in pod test-hivemq-platform-0 [1305f1c2-d3ef-459a-bdae-758555585e18]
2025-01-29 13:25:48,430 INFO c.h.h.t.HelmChartContainer - [test-hivemq-platform] [hivemq] [1305f1c2] INFO  - Starting HiveMQ Enterprise Server
2025-01-29 13:25:48,493 INFO c.h.h.t.HelmChartContainer - [test-hivemq-platform] [hivemq] [1305f1c2] INFO  - HiveMQ version: 4.36.0
2025-01-29 13:25:48,493 INFO c.h.h.t.HelmChartContainer - [test-hivemq-platform] [hivemq] [1305f1c2] INFO  - HiveMQ home directory: /opt/hivemq
2025-01-29 13:25:48,494 INFO c.h.h.t.HelmChartContainer - [test-hivemq-platform] [hivemq] [1305f1c2] INFO  - Log Configuration was overridden by /opt/hivemq/conf/logback.xml
2025-01-29 13:25:50,029 INFO c.h.h.t.HelmChartContainer - [test-hivemq-platform] [hivemq] [1305f1c2] INFO  - Successfully loaded configuration from '/opt/hivemq/conf-k8s/config.xml'.
2025-01-29 13:25:50,378 INFO c.h.h.t.HelmChartContainer - [hivemq-test-hivemq-platform] [hivemq-platform-operator] [bf8a1584] 13:25:50.375 [pool-6-thread-5] DEBUG c.h.p.o.d.PlatformServiceResource - [helmcust] Desired Platform services (3 services)
2025-01-29 13:25:50,378 INFO c.h.h.t.HelmChartContainer - [hivemq-test-hivemq-platform] [hivemq-platform-operator] [bf8a1584] 13:25:50.377 [pool-6-thread-3] DEBUG c.h.p.o.d.PodServiceAccountResource - [helmcust] Desired PodServiceAccountResource (serviceAccountName: hivemq-platform-pod-test-hivemq-platform)
2025-01-29 13:25:50,380 INFO c.h.h.t.HelmChartContainer - [hivemq-test-hivemq-platform] [hivemq-platform-operator] [bf8a1584] 13:25:50.379 [pool-6-thread-8] DEBUG c.h.p.o.dependants.PodInfoConfigMap - [helmcust] Desired PodInfo ConfigMap (1 extensions) (1 enabled)
2025-01-29 13:25:50,380 INFO c.h.h.t.HelmChartContainer - [hivemq-test-hivemq-platform] [hivemq-platform-operator] [bf8a1584] 13:25:50.379 [pool-6-thread-8] DEBUG c.h.p.o.dependants.PodInfoConfigMap - [helmcust] Desired PodInfo ConfigMap (metrics port: 9399) (metrics path: /)
2025-01-29 13:25:50,381 INFO c.h.h.t.HelmChartContainer - [hivemq-test-hivemq-platform] [hivemq-platform-operator] [bf8a1584] 13:25:50.379 [pool-6-thread-8] DEBUG c.h.p.o.dependants.PodInfoConfigMap - [helmcust] Desired PodInfo ConfigMap (extension state hash: -1817474005)
2025-01-29 13:25:50,385 INFO c.h.h.t.HelmChartContainer - [hivemq-test-hivemq-platform] [hivemq-platform-operator] [bf8a1584] 13:25:50.384 [pool-6-thread-6] DEBUG c.h.p.o.d.StatefulSetResource - [helmcust] Desired StatefulSet (2 replicas) for status STARTING (READY)
2025-01-29 13:25:50,394 INFO c.h.h.t.HelmChartContainer - [hivemq-test-hivemq-platform] [hivemq-platform-operator] [bf8a1584] 13:25:50.393 [ReconcilerExecutor-hivemq-controller-109] INFO  c.h.p.o.HiveMQPlatformReconciler - [helmcust] Reconciling HiveMQ Platform 'test-hivemq-platform' in namespace 'helmcustomconfigit'
2025-01-29 13:25:50,395 INFO c.h.h.t.HelmChartContainer - [hivemq-test-hivemq-platform] [hivemq-platform-operator] [bf8a1584] 13:25:50.393 [ReconcilerExecutor-hivemq-controller-109] DEBUG c.h.p.o.HiveMQPlatformReconciler - [helmcust] Custom Resource Status STARTING - HiveMQ Platform is starting (READY)
2025-01-29 13:25:50,395 INFO c.h.h.t.HelmChartContainer - [hivemq-test-hivemq-platform] [hivemq-platform-operator] [bf8a1584] 13:25:50.393 [ReconcilerExecutor-hivemq-controller-109] DEBUG c.h.p.o.HiveMQPlatformReconciler - [helmcust] Custom Resource Spec (replicas: 2) (extensions: 1)
2025-01-29 13:25:50,473 INFO c.h.h.t.HelmChartContainer - [hivemq-test-hivemq-platform] [hivemq-platform-operator] [bf8a1584] 13:25:50.469 [ReconcilerExecutor-hivemq-controller-109] DEBUG c.h.p.o.HiveMQPlatformReconciler - [helmcust] StatefulSet Status (revision: test-hivemq-platform-7f5f89548, replicas: 1, available: 0, ready: 0, current: 1, updated: 1)
2025-01-29 13:25:50,473 INFO c.h.h.t.HelmChartContainer - [hivemq-test-hivemq-platform] [hivemq-platform-operator] [bf8a1584] 13:25:50.469 [ReconcilerExecutor-hivemq-controller-109] DEBUG c.h.p.o.HiveMQPlatformReconciler - [helmcust] StatefulSet Spec (replicas: 2, init containers: 1, containers: 1, volumes: 3)
2025-01-29 13:25:50,473 INFO c.h.h.t.HelmChartContainer - [hivemq-test-hivemq-platform] [hivemq-platform-operator] [bf8a1584] 13:25:50.471 [ReconcilerExecutor-hivemq-controller-109] DEBUG c.h.p.o.h.HiveMQPlatformReconcilerErrorHandler - [helmcust] Pod 'test-hivemq-platform-0' phase Running
2025-01-29 13:25:50,473 INFO c.h.h.t.HelmChartContainer - [hivemq-test-hivemq-platform] [hivemq-platform-operator] [bf8a1584] 13:25:50.472 [ReconcilerExecutor-hivemq-controller-109] INFO  c.h.p.o.h.HiveMQPlatformReconcilerBaseHandler - [helmcust] HiveMQ Platform is starting, 0 of 2 replicas are ready
2025-01-29 13:25:50,694 INFO c.h.h.t.HelmChartContainer - [test-hivemq-platform] [hivemq] [1305f1c2] INFO  - This node's ID is 0AciL
2025-01-29 13:25:50,694 INFO c.h.h.t.HelmChartContainer - [test-hivemq-platform] [hivemq] [1305f1c2] INFO  - Clustering is enabled
2025-01-29 13:25:51,791 INFO c.h.h.t.HelmChartContainer - [test-hivemq-platform] [hivemq] [1305f1c2] WARN  - [HiveMQ Platform Operator Init App 1.7.0-SNAPSHOT] Cannot connect to Health API for readiness: null
2025-01-29 13:25:51,798 INFO c.h.h.t.HelmChartContainer - [EVENT] Warning [Unhealthy] Readiness probe failed: HTTP probe failed with statuscode: 503 [helmcustomconfigit:test-hivemq-platform-0]
2025-01-29 13:25:51,798 INFO c.h.h.t.HelmChartContainer - Received Unhealthy event for container hivemq in pod test-hivemq-platform-0 [1305f1c2-d3ef-459a-bdae-758555585e18]
2025-01-29 13:25:54,527 INFO c.h.h.t.HelmChartContainer - [test-hivemq-platform] [hivemq] [1305f1c2] Jan 29, 2025 1:25:54 PM io.vertx.core.impl.BlockedThreadChecker
2025-01-29 13:25:54,527 INFO c.h.h.t.HelmChartContainer - [test-hivemq-platform] [hivemq] [1305f1c2] WARNING: Thread Thread[vert.x-eventloop-thread-1,5,main] has been blocked for 2295 ms, time limit is 2000 ms
2025-01-29 13:25:55,128 INFO c.h.h.t.HelmChartContainer - [test-hivemq-platform] [hivemq] [1305f1c2] INFO  - [HiveMQ Platform Operator Init App 1.7.0-SNAPSHOT] Updating Pod HiveMQ Platform Operator Init App version annotation (version: 1.7.0-SNAPSHOT)
2025-01-29 13:25:55,835 INFO c.h.h.t.HelmChartContainer - [POD] test-hivemq-platform-0 [1305f1c2-d3ef-459a-bdae-758555585e18] in helmcustomconfigit was MODIFIED
2025-01-29 13:25:55,842 INFO c.h.h.t.HelmChartContainer - [hivemq-test-hivemq-platform] [hivemq-platform-operator] [bf8a1584] 13:25:55.841 [pool-6-thread-14] DEBUG c.h.p.o.d.PlatformServiceResource - [helmcust] Desired Platform services (3 services)
2025-01-29 13:25:55,846 INFO c.h.h.t.HelmChartContainer - [hivemq-test-hivemq-platform] [hivemq-platform-operator] [bf8a1584] 13:25:55.842 [pool-6-thread-11] DEBUG c.h.p.o.dependants.PodInfoConfigMap - [helmcust] Desired PodInfo ConfigMap (1 extensions) (1 enabled)
2025-01-29 13:25:55,846 INFO c.h.h.t.HelmChartContainer - [hivemq-test-hivemq-platform] [hivemq-platform-operator] [bf8a1584] 13:25:55.842 [pool-6-thread-11] DEBUG c.h.p.o.dependants.PodInfoConfigMap - [helmcust] Desired PodInfo ConfigMap (metrics port: 9399) (metrics path: /)
2025-01-29 13:25:55,846 INFO c.h.h.t.HelmChartContainer - [hivemq-test-hivemq-platform] [hivemq-platform-operator] [bf8a1584] 13:25:55.842 [pool-6-thread-11] DEBUG c.h.p.o.dependants.PodInfoConfigMap - [helmcust] Desired PodInfo ConfigMap (extension state hash: -1817474005)
2025-01-29 13:25:55,846 INFO c.h.h.t.HelmChartContainer - [hivemq-test-hivemq-platform] [hivemq-platform-operator] [bf8a1584] 13:25:55.843 [pool-6-thread-17] DEBUG c.h.p.o.d.PodServiceAccountResource - [helmcust] Desired PodServiceAccountResource (serviceAccountName: hivemq-platform-pod-test-hivemq-platform)
2025-01-29 13:25:55,850 INFO c.h.h.t.HelmChartContainer - [hivemq-test-hivemq-platform] [hivemq-platform-operator] [bf8a1584] 13:25:55.849 [pool-6-thread-14] DEBUG c.h.p.o.d.StatefulSetResource - [helmcust] Desired StatefulSet (2 replicas) for status STARTING (READY)
2025-01-29 13:25:55,855 INFO c.h.h.t.HelmChartContainer - [hivemq-test-hivemq-platform] [hivemq-platform-operator] [bf8a1584] 13:25:55.854 [ReconcilerExecutor-hivemq-controller-110] INFO  c.h.p.o.HiveMQPlatformReconciler - [helmcust] Reconciling HiveMQ Platform 'test-hivemq-platform' in namespace 'helmcustomconfigit'
2025-01-29 13:25:55,856 INFO c.h.h.t.HelmChartContainer - [hivemq-test-hivemq-platform] [hivemq-platform-operator] [bf8a1584] 13:25:55.854 [ReconcilerExecutor-hivemq-controller-110] DEBUG c.h.p.o.HiveMQPlatformReconciler - [helmcust] Custom Resource Status STARTING - HiveMQ Platform is starting (READY)
2025-01-29 13:25:55,856 INFO c.h.h.t.HelmChartContainer - [hivemq-test-hivemq-platform] [hivemq-platform-operator] [bf8a1584] 13:25:55.854 [ReconcilerExecutor-hivemq-controller-110] DEBUG c.h.p.o.HiveMQPlatformReconciler - [helmcust] Custom Resource Spec (replicas: 2) (extensions: 1)
2025-01-29 13:25:55,887 INFO c.h.h.t.HelmChartContainer - [hivemq-test-hivemq-platform] [hivemq-platform-operator] [bf8a1584] 13:25:55.883 [ReconcilerExecutor-hivemq-controller-110] DEBUG c.h.p.o.HiveMQPlatformReconciler - [helmcust] StatefulSet Status (revision: test-hivemq-platform-7f5f89548, replicas: 1, available: 0, ready: 0, current: 1, updated: 1)
2025-01-29 13:25:55,887 INFO c.h.h.t.HelmChartContainer - [hivemq-test-hivemq-platform] [hivemq-platform-operator] [bf8a1584] 13:25:55.883 [ReconcilerExecutor-hivemq-controller-110] DEBUG c.h.p.o.HiveMQPlatformReconciler - [helmcust] StatefulSet Spec (replicas: 2, init containers: 1, containers: 1, volumes: 3)
2025-01-29 13:25:55,889 INFO c.h.h.t.HelmChartContainer - [hivemq-test-hivemq-platform] [hivemq-platform-operator] [bf8a1584] 13:25:55.886 [ReconcilerExecutor-hivemq-controller-110] DEBUG c.h.p.o.h.HiveMQPlatformReconcilerErrorHandler - [helmcust] Pod 'test-hivemq-platform-0' phase Running
2025-01-29 13:25:55,889 INFO c.h.h.t.HelmChartContainer - [hivemq-test-hivemq-platform] [hivemq-platform-operator] [bf8a1584] 13:25:55.888 [ReconcilerExecutor-hivemq-controller-110] INFO  c.h.p.o.h.HiveMQPlatformReconcilerBaseHandler - [helmcust] HiveMQ Platform is starting, 0 of 2 replicas are ready
2025-01-29 13:25:55,930 INFO c.h.h.t.HelmChartContainer - [test-hivemq-platform] [hivemq] [1305f1c2] WARN  - [HiveMQ Platform Operator Init App 1.7.0-SNAPSHOT] Cannot connect to Health API for readiness: null
2025-01-29 13:25:55,933 INFO c.h.h.t.HelmChartContainer - [EVENT] Warning [Unhealthy] Readiness probe failed: HTTP probe failed with statuscode: 503 [helmcustomconfigit:test-hivemq-platform-0]
2025-01-29 13:25:55,933 INFO c.h.h.t.HelmChartContainer - Received Unhealthy event for container hivemq in pod test-hivemq-platform-0 [1305f1c2-d3ef-459a-bdae-758555585e18]
2025-01-29 13:25:55,989 INFO c.h.h.t.HelmChartContainer - [test-hivemq-platform] [hivemq] [1305f1c2] INFO  - [HiveMQ Platform Operator Init App 1.7.0-SNAPSHOT] Successfully updated Pod HiveMQ Platform Operator Init App version annotation (version: 1.7.0-SNAPSHOT)
2025-01-29 13:26:00,892 INFO c.h.h.t.HelmChartContainer - [test-hivemq-platform] [hivemq] [1305f1c2] WARN  - [HiveMQ Platform Operator Init App 1.7.0-SNAPSHOT] Cannot connect to Health API for readiness: null
2025-01-29 13:26:00,898 INFO c.h.h.t.HelmChartContainer - [EVENT] Warning [Unhealthy] Readiness probe failed: HTTP probe failed with statuscode: 503 [helmcustomconfigit:test-hivemq-platform-0]
2025-01-29 13:26:00,898 INFO c.h.h.t.HelmChartContainer - Received Unhealthy event for container hivemq in pod test-hivemq-platform-0 [1305f1c2-d3ef-459a-bdae-758555585e18]
2025-01-29 13:26:05,896 INFO c.h.h.t.HelmChartContainer - [test-hivemq-platform] [hivemq] [1305f1c2] WARN  - [HiveMQ Platform Operator Init App 1.7.0-SNAPSHOT] Cannot connect to Health API for readiness: null
2025-01-29 13:26:05,902 INFO c.h.h.t.HelmChartContainer - [hivemq-test-hivemq-platform] [hivemq-platform-operator] [bf8a1584] 13:26:05.899 [pool-6-thread-26] DEBUG c.h.p.o.d.PlatformServiceResource - [helmcust] Desired Platform services (3 services)
2025-01-29 13:26:05,902 INFO c.h.h.t.HelmChartContainer - [hivemq-test-hivemq-platform] [hivemq-platform-operator] [bf8a1584] 13:26:05.900 [pool-6-thread-25] DEBUG c.h.p.o.dependants.PodInfoConfigMap - [helmcust] Desired PodInfo ConfigMap (1 extensions) (1 enabled)
2025-01-29 13:26:05,902 INFO c.h.h.t.HelmChartContainer - [hivemq-test-hivemq-platform] [hivemq-platform-operator] [bf8a1584] 13:26:05.901 [pool-6-thread-25] DEBUG c.h.p.o.dependants.PodInfoConfigMap - [helmcust] Desired PodInfo ConfigMap (metrics port: 9399) (metrics path: /)
2025-01-29 13:26:05,902 INFO c.h.h.t.HelmChartContainer - [hivemq-test-hivemq-platform] [hivemq-platform-operator] [bf8a1584] 13:26:05.901 [pool-6-thread-25] DEBUG c.h.p.o.dependants.PodInfoConfigMap - [helmcust] Desired PodInfo ConfigMap (extension state hash: -1817474005)
2025-01-29 13:26:05,904 INFO c.h.h.t.HelmChartContainer - [hivemq-test-hivemq-platform] [hivemq-platform-operator] [bf8a1584] 13:26:05.902 [pool-6-thread-25] DEBUG c.h.p.o.d.PodServiceAccountResource - [helmcust] Desired PodServiceAccountResource (serviceAccountName: hivemq-platform-pod-test-hivemq-platform)
2025-01-29 13:26:05,908 INFO c.h.h.t.HelmChartContainer - [EVENT] Warning [Unhealthy] Readiness probe failed: HTTP probe failed with statuscode: 503 [helmcustomconfigit:test-hivemq-platform-0]
2025-01-29 13:26:05,909 INFO c.h.h.t.HelmChartContainer - Received Unhealthy event for container hivemq in pod test-hivemq-platform-0 [1305f1c2-d3ef-459a-bdae-758555585e18]
2025-01-29 13:26:05,912 INFO c.h.h.t.HelmChartContainer - [hivemq-test-hivemq-platform] [hivemq-platform-operator] [bf8a1584] 13:26:05.910 [pool-6-thread-27] DEBUG c.h.p.o.d.StatefulSetResource - [helmcust] Desired StatefulSet (2 replicas) for status STARTING (READY)
2025-01-29 13:26:05,988 INFO c.h.h.t.HelmChartContainer - [hivemq-test-hivemq-platform] [hivemq-platform-operator] [bf8a1584] 13:26:05.985 [ReconcilerExecutor-hivemq-controller-111] INFO  c.h.p.o.HiveMQPlatformReconciler - [helmcust] Reconciling HiveMQ Platform 'test-hivemq-platform' in namespace 'helmcustomconfigit'
2025-01-29 13:26:05,988 INFO c.h.h.t.HelmChartContainer - [hivemq-test-hivemq-platform] [hivemq-platform-operator] [bf8a1584] 13:26:05.985 [ReconcilerExecutor-hivemq-controller-111] DEBUG c.h.p.o.HiveMQPlatformReconciler - [helmcust] Custom Resource Status STARTING - HiveMQ Platform is starting (READY)
2025-01-29 13:26:05,988 INFO c.h.h.t.HelmChartContainer - [hivemq-test-hivemq-platform] [hivemq-platform-operator] [bf8a1584] 13:26:05.985 [ReconcilerExecutor-hivemq-controller-111] DEBUG c.h.p.o.HiveMQPlatformReconciler - [helmcust] Custom Resource Spec (replicas: 2) (extensions: 1)
2025-01-29 13:26:05,991 INFO c.h.h.t.HelmChartContainer - [hivemq-test-hivemq-platform] [hivemq-platform-operator] [bf8a1584] 13:26:05.988 [ReconcilerExecutor-hivemq-controller-111] DEBUG c.h.p.o.HiveMQPlatformReconciler - [helmcust] StatefulSet Status (revision: test-hivemq-platform-7f5f89548, replicas: 1, available: 0, ready: 0, current: 1, updated: 1)
2025-01-29 13:26:05,991 INFO c.h.h.t.HelmChartContainer - [hivemq-test-hivemq-platform] [hivemq-platform-operator] [bf8a1584] 13:26:05.988 [ReconcilerExecutor-hivemq-controller-111] DEBUG c.h.p.o.HiveMQPlatformReconciler - [helmcust] StatefulSet Spec (replicas: 2, init containers: 1, containers: 1, volumes: 3)
2025-01-29 13:26:05,991 INFO c.h.h.t.HelmChartContainer - [hivemq-test-hivemq-platform] [hivemq-platform-operator] [bf8a1584] 13:26:05.989 [ReconcilerExecutor-hivemq-controller-111] DEBUG c.h.p.o.h.HiveMQPlatformReconcilerErrorHandler - [helmcust] Pod 'test-hivemq-platform-0' phase Running
2025-01-29 13:26:05,991 INFO c.h.h.t.HelmChartContainer - [hivemq-test-hivemq-platform] [hivemq-platform-operator] [bf8a1584] 13:26:05.990 [ReconcilerExecutor-hivemq-controller-111] INFO  c.h.p.o.h.HiveMQPlatformReconcilerBaseHandler - [helmcust] HiveMQ Platform is starting, 0 of 2 replicas are ready
2025-01-29 13:26:07,629 INFO c.h.h.t.HelmChartContainer - [test-hivemq-platform] [hivemq] [1305f1c2] WARN  - [HiveMQ Platform Operator Init App 1.7.0-SNAPSHOT] Cannot connect to Health API for liveness: null
2025-01-29 13:26:07,629 INFO c.h.h.t.HelmChartContainer - [test-hivemq-platform] [hivemq] [1305f1c2] INFO  - [HiveMQ Platform Operator Init App 1.7.0-SNAPSHOT] Returning default Health API response 200 for liveness
2025-01-29 13:26:10,791 INFO c.h.h.t.HelmChartContainer - [test-hivemq-platform] [hivemq] [1305f1c2] INFO  - No valid license file found. Using trial license, restricted to 25 connections.
2025-01-29 13:26:10,891 INFO c.h.h.t.HelmChartContainer - [test-hivemq-platform] [hivemq] [1305f1c2] WARN  - [HiveMQ Platform Operator Init App 1.7.0-SNAPSHOT] Cannot connect to Health API for readiness: null
2025-01-29 13:26:10,896 INFO c.h.h.t.HelmChartContainer - [EVENT] Warning [Unhealthy] Readiness probe failed: HTTP probe failed with statuscode: 503 [helmcustomconfigit:test-hivemq-platform-0]
2025-01-29 13:26:10,896 INFO c.h.h.t.HelmChartContainer - Received Unhealthy event for container hivemq in pod test-hivemq-platform-0 [1305f1c2-d3ef-459a-bdae-758555585e18]
2025-01-29 13:26:14,633 INFO c.h.h.t.HelmChartContainer - [test-hivemq-platform] [hivemq] [1305f1c2] INFO  - No valid license file for Data Hub found. Using free license, restricted to 1 policy.
2025-01-29 13:26:15,894 INFO c.h.h.t.HelmChartContainer - [test-hivemq-platform] [hivemq] [1305f1c2] WARN  - [HiveMQ Platform Operator Init App 1.7.0-SNAPSHOT] Cannot connect to Health API for readiness: null
2025-01-29 13:26:15,929 INFO c.h.h.t.HelmChartContainer - [EVENT] Warning [Unhealthy] Readiness probe failed: HTTP probe failed with statuscode: 503 [helmcustomconfigit:test-hivemq-platform-0]
2025-01-29 13:26:15,929 INFO c.h.h.t.HelmChartContainer - Received Unhealthy event for container hivemq in pod test-hivemq-platform-0 [1305f1c2-d3ef-459a-bdae-758555585e18]
2025-01-29 13:26:15,997 INFO c.h.h.t.HelmChartContainer - [hivemq-test-hivemq-platform] [hivemq-platform-operator] [bf8a1584] 13:26:15.996 [pool-6-thread-37] DEBUG c.h.p.o.d.PlatformServiceResource - [helmcust] Desired Platform services (3 services)
2025-01-29 13:26:15,998 INFO c.h.h.t.HelmChartContainer - [hivemq-test-hivemq-platform] [hivemq-platform-operator] [bf8a1584] 13:26:15.997 [pool-6-thread-36] DEBUG c.h.p.o.dependants.PodInfoConfigMap - [helmcust] Desired PodInfo ConfigMap (1 extensions) (1 enabled)
2025-01-29 13:26:15,999 INFO c.h.h.t.HelmChartContainer - [hivemq-test-hivemq-platform] [hivemq-platform-operator] [bf8a1584] 13:26:15.997 [pool-6-thread-36] DEBUG c.h.p.o.dependants.PodInfoConfigMap - [helmcust] Desired PodInfo ConfigMap (metrics port: 9399) (metrics path: /)
2025-01-29 13:26:15,999 INFO c.h.h.t.HelmChartContainer - [hivemq-test-hivemq-platform] [hivemq-platform-operator] [bf8a1584] 13:26:15.997 [pool-6-thread-36] DEBUG c.h.p.o.dependants.PodInfoConfigMap - [helmcust] Desired PodInfo ConfigMap (extension state hash: -1817474005)
2025-01-29 13:26:16,000 INFO c.h.h.t.HelmChartContainer - [hivemq-test-hivemq-platform] [hivemq-platform-operator] [bf8a1584] 13:26:15.999 [pool-6-thread-36] DEBUG c.h.p.o.d.PodServiceAccountResource - [helmcust] Desired PodServiceAccountResource (serviceAccountName: hivemq-platform-pod-test-hivemq-platform)
2025-01-29 13:26:16,007 INFO c.h.h.t.HelmChartContainer - [hivemq-test-hivemq-platform] [hivemq-platform-operator] [bf8a1584] 13:26:16.006 [pool-6-thread-37] DEBUG c.h.p.o.d.StatefulSetResource - [helmcust] Desired StatefulSet (2 replicas) for status STARTING (READY)
2025-01-29 13:26:16,013 INFO c.h.h.t.HelmChartContainer - [hivemq-test-hivemq-platform] [hivemq-platform-operator] [bf8a1584] 13:26:16.011 [ReconcilerExecutor-hivemq-controller-112] INFO  c.h.p.o.HiveMQPlatformReconciler - [helmcust] Reconciling HiveMQ Platform 'test-hivemq-platform' in namespace 'helmcustomconfigit'
2025-01-29 13:26:16,013 INFO c.h.h.t.HelmChartContainer - [hivemq-test-hivemq-platform] [hivemq-platform-operator] [bf8a1584] 13:26:16.011 [ReconcilerExecutor-hivemq-controller-112] DEBUG c.h.p.o.HiveMQPlatformReconciler - [helmcust] Custom Resource Status STARTING - HiveMQ Platform is starting (READY)
2025-01-29 13:26:16,013 INFO c.h.h.t.HelmChartContainer - [hivemq-test-hivemq-platform] [hivemq-platform-operator] [bf8a1584] 13:26:16.011 [ReconcilerExecutor-hivemq-controller-112] DEBUG c.h.p.o.HiveMQPlatformReconciler - [helmcust] Custom Resource Spec (replicas: 2) (extensions: 1)
2025-01-29 13:26:16,090 INFO c.h.h.t.HelmChartContainer - [hivemq-test-hivemq-platform] [hivemq-platform-operator] [bf8a1584] 13:26:16.084 [ReconcilerExecutor-hivemq-controller-112] DEBUG c.h.p.o.HiveMQPlatformReconciler - [helmcust] StatefulSet Status (revision: test-hivemq-platform-7f5f89548, replicas: 1, available: 0, ready: 0, current: 1, updated: 1)
2025-01-29 13:26:16,090 INFO c.h.h.t.HelmChartContainer - [hivemq-test-hivemq-platform] [hivemq-platform-operator] [bf8a1584] 13:26:16.085 [ReconcilerExecutor-hivemq-controller-112] DEBUG c.h.p.o.HiveMQPlatformReconciler - [helmcust] StatefulSet Spec (replicas: 2, init containers: 1, containers: 1, volumes: 3)
2025-01-29 13:26:16,092 INFO c.h.h.t.HelmChartContainer - [hivemq-test-hivemq-platform] [hivemq-platform-operator] [bf8a1584] 13:26:16.087 [ReconcilerExecutor-hivemq-controller-112] DEBUG c.h.p.o.h.HiveMQPlatformReconcilerErrorHandler - [helmcust] Pod 'test-hivemq-platform-0' phase Running
2025-01-29 13:26:16,092 INFO c.h.h.t.HelmChartContainer - [hivemq-test-hivemq-platform] [hivemq-platform-operator] [bf8a1584] 13:26:16.088 [ReconcilerExecutor-hivemq-controller-112] INFO  c.h.p.o.h.HiveMQPlatformReconcilerBaseHandler - [helmcust] HiveMQ Platform is starting, 0 of 2 replicas are ready
2025-01-29 13:26:16,093 INFO c.h.h.t.HelmChartContainer - [test-hivemq-platform] [hivemq] [1305f1c2] INFO  - Audit Logger started.
2025-01-29 13:26:16,407 INFO c.h.h.t.HelmChartContainer - [test-hivemq-platform] [hivemq] [1305f1c2] INFO  - This node uses '1' CPU cores.
2025-01-29 13:26:16,428 INFO c.h.h.t.HelmChartContainer - [test-hivemq-platform] [hivemq] [1305f1c2] INFO  - Starting HiveMQ Health API on address 0.0.0.0 and port 8889
2025-01-29 13:26:17,298 INFO c.h.h.t.HelmChartContainer - [test-hivemq-platform] [hivemq] [1305f1c2] INFO  - Started HiveMQ Health API in 869ms
2025-01-29 13:26:17,924 INFO c.h.h.t.HelmChartContainer - [test-hivemq-platform] [hivemq] [1305f1c2] INFO  - Starting HiveMQ extension system.
2025-01-29 13:26:18,225 INFO c.h.h.t.HelmChartContainer - [test-hivemq-platform] [hivemq] [1305f1c2] INFO  - Starting extension with id "hivemq-dns-cluster-discovery" at /opt/hivemq/extensions/hivemq-dns-cluster-discovery
2025-01-29 13:26:18,795 INFO c.h.h.t.HelmChartContainer - [test-hivemq-platform] [hivemq] [1305f1c2] INFO  - Extension "DNS Cluster Discovery Extension" version 4.3.2 started successfully.
2025-01-29 13:26:18,795 INFO c.h.h.t.HelmChartContainer - [test-hivemq-platform] [hivemq] [1305f1c2] INFO  - Starting extension with id "hivemq-prometheus-extension" at /opt/hivemq/extensions/hivemq-prometheus-extension
2025-01-29 13:26:18,926 INFO c.h.h.t.HelmChartContainer - [test-hivemq-platform] [hivemq] [1305f1c2] INFO  - Using TCP cluster transport on address 10.42.0.14 and port 8000
2025-01-29 13:26:18,993 INFO c.h.h.t.HelmChartContainer - [test-hivemq-platform] [hivemq] [1305f1c2] INFO  - Using extension cluster discovery
2025-01-29 13:26:19,895 INFO c.h.h.t.HelmChartContainer - [test-hivemq-platform] [hivemq] [1305f1c2] INFO  - Started Jetty Server exposing Prometheus Servlet on URI http://0.0.0.0:9399/
2025-01-29 13:26:19,895 INFO c.h.h.t.HelmChartContainer - [test-hivemq-platform] [hivemq] [1305f1c2] INFO  - Extension "Prometheus Monitoring Extension" version 4.0.12 started successfully.
2025-01-29 13:26:19,895 INFO c.h.h.t.HelmChartContainer - [test-hivemq-platform] [hivemq] [1305f1c2] INFO  - Starting extension with id "hivemq-allow-all-extension" at /opt/hivemq/extensions/hivemq-allow-all-extension
2025-01-29 13:26:19,897 INFO c.h.h.t.HelmChartContainer - [test-hivemq-platform] [hivemq] [1305f1c2] WARN  - 
2025-01-29 13:26:19,897 INFO c.h.h.t.HelmChartContainer - [test-hivemq-platform] [hivemq] [1305f1c2] ################################################################################################################
2025-01-29 13:26:19,898 INFO c.h.h.t.HelmChartContainer - [test-hivemq-platform] [hivemq] [1305f1c2] # This HiveMQ deployment is not secure! You are lacking Authentication and Authorization.                      #
2025-01-29 13:26:19,898 INFO c.h.h.t.HelmChartContainer - [test-hivemq-platform] [hivemq] [1305f1c2] # Right now any MQTT client can connect to the broker with a full set of permissions.                          #
2025-01-29 13:26:19,898 INFO c.h.h.t.HelmChartContainer - [test-hivemq-platform] [hivemq] [1305f1c2] # For production usage, add an appropriate security extension and remove the hivemq-allow-all extension.       #
2025-01-29 13:26:19,898 INFO c.h.h.t.HelmChartContainer - [test-hivemq-platform] [hivemq] [1305f1c2] # You can download security extensions from the HiveMQ Marketplace (https://www.hivemq.com/extensions/).       #
2025-01-29 13:26:19,898 INFO c.h.h.t.HelmChartContainer - [test-hivemq-platform] [hivemq] [1305f1c2] ################################################################################################################
2025-01-29 13:26:19,898 INFO c.h.h.t.HelmChartContainer - [test-hivemq-platform] [hivemq] [1305f1c2] INFO  - Extension "Allow All Extension" version 1.1.1 started successfully.
2025-01-29 13:26:21,243 INFO c.h.h.t.HelmChartContainer - [test-hivemq-platform] [hivemq] [1305f1c2] INFO  - [HiveMQ Platform Operator Init App 1.7.0-SNAPSHOT] Returning Health API response 503 for readiness
2025-01-29 13:26:21,247 INFO c.h.h.t.HelmChartContainer - [EVENT] Warning [Unhealthy] Readiness probe failed: HTTP probe failed with statuscode: 503 [helmcustomconfigit:test-hivemq-platform-0]
2025-01-29 13:26:21,247 INFO c.h.h.t.HelmChartContainer - Received Unhealthy event for container hivemq in pod test-hivemq-platform-0 [1305f1c2-d3ef-459a-bdae-758555585e18]
2025-01-29 13:26:22,001 INFO c.h.h.t.HelmChartContainer - [test-hivemq-platform] [hivemq] [1305f1c2] INFO  - 0AciL: no members discovered after 2207 ms: creating cluster as first member
2025-01-29 13:26:22,007 INFO c.h.h.t.HelmChartContainer - [test-hivemq-platform] [hivemq] [1305f1c2] INFO  - Cluster nodes found by discovery: [0AciL|0] (1) [0AciL].
2025-01-29 13:26:22,092 INFO c.h.h.t.HelmChartContainer - [test-hivemq-platform] [hivemq] [1305f1c2] WARN  - No user for HiveMQ Control Center configured. Starting with default user
2025-01-29 13:26:22,092 INFO c.h.h.t.HelmChartContainer - [test-hivemq-platform] [hivemq] [1305f1c2] INFO  - Starting HiveMQ Control Center on address 0.0.0.0 and port 8080
2025-01-29 13:26:22,105 INFO c.h.h.t.HelmChartContainer - [test-hivemq-platform] [hivemq] [1305f1c2] INFO  - Mounting HiveMQ Control Center V2 Preview
2025-01-29 13:26:22,891 INFO c.h.h.t.HelmChartContainer - [test-hivemq-platform] [hivemq] [1305f1c2] INFO  - Started HiveMQ Control Center in 800ms
2025-01-29 13:26:22,906 INFO c.h.h.t.HelmChartContainer - [test-hivemq-platform] [hivemq] [1305f1c2] INFO  - Starting TCP listener on address 0.0.0.0 and port 1884
2025-01-29 13:26:23,000 INFO c.h.h.t.HelmChartContainer - [test-hivemq-platform] [hivemq] [1305f1c2] INFO  - Started TCP Listener on address 0.0.0.0 and on port 1884.
2025-01-29 13:26:23,000 INFO c.h.h.t.HelmChartContainer - [test-hivemq-platform] [hivemq] [1305f1c2] INFO  - Started HiveMQ in 34899ms
2025-01-29 13:26:25,842 INFO c.h.h.t.HelmChartContainer - [test-hivemq-platform] [hivemq] [1305f1c2] INFO  - [HiveMQ Platform Operator Init App 1.7.0-SNAPSHOT] Returning Health API response 200 for readiness
2025-01-29 13:26:25,859 INFO c.h.h.t.HelmChartContainer - [POD] test-hivemq-platform-0 [1305f1c2-d3ef-459a-bdae-758555585e18] in helmcustomconfigit was MODIFIED
2025-01-29 13:26:25,872 INFO c.h.h.t.HelmChartContainer - [hivemq-test-hivemq-platform] [hivemq-platform-operator] [bf8a1584] 13:26:25.865 [pool-6-thread-47] DEBUG c.h.p.o.d.PlatformServiceResource - [helmcust] Desired Platform services (3 services)
2025-01-29 13:26:25,872 INFO c.h.h.t.HelmChartContainer - [hivemq-test-hivemq-platform] [hivemq-platform-operator] [bf8a1584] 13:26:25.866 [pool-6-thread-43] DEBUG c.h.p.o.dependants.PodInfoConfigMap - [helmcust] Desired PodInfo ConfigMap (1 extensions) (1 enabled)
2025-01-29 13:26:25,872 INFO c.h.h.t.HelmChartContainer - [hivemq-test-hivemq-platform] [hivemq-platform-operator] [bf8a1584] 13:26:25.866 [pool-6-thread-43] DEBUG c.h.p.o.dependants.PodInfoConfigMap - [helmcust] Desired PodInfo ConfigMap (metrics port: 9399) (metrics path: /)
2025-01-29 13:26:25,872 INFO c.h.h.t.HelmChartContainer - [hivemq-test-hivemq-platform] [hivemq-platform-operator] [bf8a1584] 13:26:25.866 [pool-6-thread-43] DEBUG c.h.p.o.dependants.PodInfoConfigMap - [helmcust] Desired PodInfo ConfigMap (extension state hash: -1817474005)
2025-01-29 13:26:25,872 INFO c.h.h.t.HelmChartContainer - [hivemq-test-hivemq-platform] [hivemq-platform-operator] [bf8a1584] 13:26:25.868 [pool-6-thread-48] DEBUG c.h.p.o.d.PodServiceAccountResource - [helmcust] Desired PodServiceAccountResource (serviceAccountName: hivemq-platform-pod-test-hivemq-platform)
2025-01-29 13:26:25,887 INFO c.h.h.t.HelmChartContainer - [EVENT] Normal [SuccessfulCreate] create Pod test-hivemq-platform-1 in StatefulSet test-hivemq-platform successful [helmcustomconfigit:test-hivemq-platform]
2025-01-29 13:26:25,889 INFO c.h.h.t.HelmChartContainer - [POD] test-hivemq-platform-1 [c978e4ad-d507-4644-a198-ae05cc1ee624] in helmcustomconfigit was ADDED
2025-01-29 13:26:25,896 INFO c.h.h.t.HelmChartContainer - [hivemq-test-hivemq-platform] [hivemq-platform-operator] [bf8a1584] 13:26:25.883 [pool-6-thread-47] DEBUG c.h.p.o.d.StatefulSetResource - [helmcust] Desired StatefulSet (2 replicas) for status STARTING (READY)
2025-01-29 13:26:25,897 INFO c.h.h.t.HelmChartContainer - [hivemq-test-hivemq-platform] [hivemq-platform-operator] [bf8a1584] 13:26:25.892 [ReconcilerExecutor-hivemq-controller-113] INFO  c.h.p.o.HiveMQPlatformReconciler - [helmcust] Reconciling HiveMQ Platform 'test-hivemq-platform' in namespace 'helmcustomconfigit'
2025-01-29 13:26:25,897 INFO c.h.h.t.HelmChartContainer - [hivemq-test-hivemq-platform] [hivemq-platform-operator] [bf8a1584] 13:26:25.893 [ReconcilerExecutor-hivemq-controller-113] DEBUG c.h.p.o.HiveMQPlatformReconciler - [helmcust] Custom Resource Status STARTING - HiveMQ Platform is starting (READY)
2025-01-29 13:26:25,897 INFO c.h.h.t.HelmChartContainer - [hivemq-test-hivemq-platform] [hivemq-platform-operator] [bf8a1584] 13:26:25.893 [ReconcilerExecutor-hivemq-controller-113] DEBUG c.h.p.o.HiveMQPlatformReconciler - [helmcust] Custom Resource Spec (replicas: 2) (extensions: 1)
2025-01-29 13:26:25,898 INFO c.h.h.t.HelmChartContainer - [hivemq-test-hivemq-platform] [hivemq-platform-operator] [bf8a1584] 13:26:25.896 [ReconcilerExecutor-hivemq-controller-113] DEBUG c.h.p.o.HiveMQPlatformReconciler - [helmcust] StatefulSet Status (revision: test-hivemq-platform-7f5f89548, replicas: 1, available: 0, ready: 0, current: 1, updated: 1)
2025-01-29 13:26:25,899 INFO c.h.h.t.HelmChartContainer - [hivemq-test-hivemq-platform] [hivemq-platform-operator] [bf8a1584] 13:26:25.897 [ReconcilerExecutor-hivemq-controller-113] DEBUG c.h.p.o.HiveMQPlatformReconciler - [helmcust] StatefulSet Spec (replicas: 2, init containers: 1, containers: 1, volumes: 3)
2025-01-29 13:26:25,902 INFO c.h.h.t.HelmChartContainer - [hivemq-test-hivemq-platform] [hivemq-platform-operator] [bf8a1584] 13:26:25.899 [ReconcilerExecutor-hivemq-controller-113] DEBUG c.h.p.o.h.HiveMQPlatformReconcilerErrorHandler - [helmcust] Pod 'test-hivemq-platform-1' phase Pending
2025-01-29 13:26:25,903 INFO c.h.h.t.HelmChartContainer - [hivemq-test-hivemq-platform] [hivemq-platform-operator] [bf8a1584] 13:26:25.902 [ReconcilerExecutor-hivemq-controller-113] DEBUG c.h.p.o.h.HiveMQPlatformReconcilerErrorHandler - [helmcust] Pod 'test-hivemq-platform-0' phase Running
2025-01-29 13:26:25,905 INFO c.h.h.t.HelmChartContainer - [POD] test-hivemq-platform-1 [c978e4ad-d507-4644-a198-ae05cc1ee624] in helmcustomconfigit was MODIFIED
2025-01-29 13:26:25,906 INFO c.h.h.t.HelmChartContainer - [EVENT] Normal [Scheduled] Successfully assigned helmcustomconfigit/test-hivemq-platform-1 to 8f07877cb075 [helmcustomconfigit:test-hivemq-platform-1]
2025-01-29 13:26:25,906 INFO c.h.h.t.HelmChartContainer - [K3S] [status_manager.go:890] "Failed to get status for pod" podUID="c978e4ad-d507-4644-a198-ae05cc1ee624" pod="helmcustomconfigit/test-hivemq-platform-1" err="pods \"test-hivemq-platform-1\" is forbidden: User \"system:node:8f07877cb075\" cannot get resource \"pods\" in API group \"\" in the namespace \"helmcustomconfigit\": no relationship found between node '8f07877cb075' and this object"
2025-01-29 13:26:25,972 INFO c.h.h.t.HelmChartContainer - [K3S] [reconciler_common.go:251] "operationExecutor.VerifyControllerAttachedVolume started for volume \"operator-init\" (UniqueName: \"kubernetes.io/empty-dir/c978e4ad-d507-4644-a198-ae05cc1ee624-operator-init\") pod \"test-hivemq-platform-1\" (UID: \"c978e4ad-d507-4644-a198-ae05cc1ee624\") " pod="helmcustomconfigit/test-hivemq-platform-1"
2025-01-29 13:26:25,973 INFO c.h.h.t.HelmChartContainer - [hivemq-test-hivemq-platform] [hivemq-platform-operator] [bf8a1584] 13:26:25.968 [ReconcilerExecutor-hivemq-controller-113] INFO  c.h.p.o.h.HiveMQPlatformReconcilerBaseHandler - [helmcust] HiveMQ Platform is starting, 0 of 2 replicas are ready
2025-01-29 13:26:25,973 INFO c.h.h.t.HelmChartContainer - [K3S] [reconciler_common.go:251] "operationExecutor.VerifyControllerAttachedVolume started for volume \"kube-api-access-bcblz\" (UniqueName: \"kubernetes.io/projected/c978e4ad-d507-4644-a198-ae05cc1ee624-kube-api-access-bcblz\") pod \"test-hivemq-platform-1\" (UID: \"c978e4ad-d507-4644-a198-ae05cc1ee624\") " pod="helmcustomconfigit/test-hivemq-platform-1"
2025-01-29 13:26:25,973 INFO c.h.h.t.HelmChartContainer - [K3S] [reconciler_common.go:251] "operationExecutor.VerifyControllerAttachedVolume started for volume \"pod-info\" (UniqueName: \"kubernetes.io/configmap/c978e4ad-d507-4644-a198-ae05cc1ee624-pod-info\") pod \"test-hivemq-platform-1\" (UID: \"c978e4ad-d507-4644-a198-ae05cc1ee624\") " pod="helmcustomconfigit/test-hivemq-platform-1"
2025-01-29 13:26:25,973 INFO c.h.h.t.HelmChartContainer - [K3S] [reconciler_common.go:251] "operationExecutor.VerifyControllerAttachedVolume started for volume \"broker-configuration\" (UniqueName: \"kubernetes.io/configmap/c978e4ad-d507-4644-a198-ae05cc1ee624-broker-configuration\") pod \"test-hivemq-platform-1\" (UID: \"c978e4ad-d507-4644-a198-ae05cc1ee624\") " pod="helmcustomconfigit/test-hivemq-platform-1"
2025-01-29 13:26:25,975 INFO c.h.h.t.HelmChartContainer - [hivemq-test-hivemq-platform] [hivemq-platform-operator] [bf8a1584] 13:26:25.972 [pool-6-thread-1] DEBUG c.h.p.o.dependants.PodInfoConfigMap - [helmcust] Desired PodInfo ConfigMap (1 extensions) (1 enabled)
2025-01-29 13:26:25,975 INFO c.h.h.t.HelmChartContainer - [hivemq-test-hivemq-platform] [hivemq-platform-operator] [bf8a1584] 13:26:25.974 [pool-6-thread-4] DEBUG c.h.p.o.d.PlatformServiceResource - [helmcust] Desired Platform services (3 services)
2025-01-29 13:26:25,975 INFO c.h.h.t.HelmChartContainer - [hivemq-test-hivemq-platform] [hivemq-platform-operator] [bf8a1584] 13:26:25.974 [pool-6-thread-1] DEBUG c.h.p.o.dependants.PodInfoConfigMap - [helmcust] Desired PodInfo ConfigMap (metrics port: 9399) (metrics path: /)
2025-01-29 13:26:25,975 INFO c.h.h.t.HelmChartContainer - [hivemq-test-hivemq-platform] [hivemq-platform-operator] [bf8a1584] 13:26:25.974 [pool-6-thread-1] DEBUG c.h.p.o.dependants.PodInfoConfigMap - [helmcust] Desired PodInfo ConfigMap (extension state hash: -1817474005)
2025-01-29 13:26:25,987 INFO c.h.h.t.HelmChartContainer - [hivemq-test-hivemq-platform] [hivemq-platform-operator] [bf8a1584] 13:26:25.973 [pool-6-thread-3] DEBUG c.h.p.o.d.PodServiceAccountResource - [helmcust] Desired PodServiceAccountResource (serviceAccountName: hivemq-platform-pod-test-hivemq-platform)
2025-01-29 13:26:25,989 INFO c.h.h.t.HelmChartContainer - [hivemq-test-hivemq-platform] [hivemq-platform-operator] [bf8a1584] 13:26:25.988 [pool-6-thread-4] DEBUG c.h.p.o.d.StatefulSetResource - [helmcust] Desired StatefulSet (2 replicas) for status STARTING (READY)
2025-01-29 13:26:25,992 INFO c.h.h.t.HelmChartContainer - [hivemq-test-hivemq-platform] [hivemq-platform-operator] [bf8a1584] 13:26:25.991 [ReconcilerExecutor-hivemq-controller-114] INFO  c.h.p.o.HiveMQPlatformReconciler - [helmcust] Reconciling HiveMQ Platform 'test-hivemq-platform' in namespace 'helmcustomconfigit'
2025-01-29 13:26:25,993 INFO c.h.h.t.HelmChartContainer - [hivemq-test-hivemq-platform] [hivemq-platform-operator] [bf8a1584] 13:26:25.991 [ReconcilerExecutor-hivemq-controller-114] DEBUG c.h.p.o.HiveMQPlatformReconciler - [helmcust] Custom Resource Status STARTING - HiveMQ Platform is starting (READY)
2025-01-29 13:26:25,993 INFO c.h.h.t.HelmChartContainer - [hivemq-test-hivemq-platform] [hivemq-platform-operator] [bf8a1584] 13:26:25.991 [ReconcilerExecutor-hivemq-controller-114] DEBUG c.h.p.o.HiveMQPlatformReconciler - [helmcust] Custom Resource Spec (replicas: 2) (extensions: 1)
2025-01-29 13:26:25,994 INFO c.h.h.t.HelmChartContainer - [hivemq-test-hivemq-platform] [hivemq-platform-operator] [bf8a1584] 13:26:25.993 [ReconcilerExecutor-hivemq-controller-114] DEBUG c.h.p.o.HiveMQPlatformReconciler - [helmcust] StatefulSet Status (revision: test-hivemq-platform-7f5f89548, replicas: 2, available: 1, ready: 1, current: 2, updated: 2)
2025-01-29 13:26:25,994 INFO c.h.h.t.HelmChartContainer - [hivemq-test-hivemq-platform] [hivemq-platform-operator] [bf8a1584] 13:26:25.993 [ReconcilerExecutor-hivemq-controller-114] DEBUG c.h.p.o.HiveMQPlatformReconciler - [helmcust] StatefulSet Spec (replicas: 2, init containers: 1, containers: 1, volumes: 3)
2025-01-29 13:26:26,069 INFO c.h.h.t.HelmChartContainer - [hivemq-test-hivemq-platform] [hivemq-platform-operator] [bf8a1584] 13:26:26.068 [ReconcilerExecutor-hivemq-controller-114] DEBUG c.h.p.o.h.HiveMQPlatformReconcilerErrorHandler - [helmcust] Pod 'test-hivemq-platform-1' phase Pending
2025-01-29 13:26:26,069 INFO c.h.h.t.HelmChartContainer - [hivemq-test-hivemq-platform] [hivemq-platform-operator] [bf8a1584] 13:26:26.068 [ReconcilerExecutor-hivemq-controller-114] DEBUG c.h.p.o.h.HiveMQPlatformReconcilerErrorHandler - [helmcust] Pod 'test-hivemq-platform-1' condition 'PodScheduled': True
2025-01-29 13:26:26,071 INFO c.h.h.t.HelmChartContainer - [hivemq-test-hivemq-platform] [hivemq-platform-operator] [bf8a1584] 13:26:26.070 [ReconcilerExecutor-hivemq-controller-114] DEBUG c.h.p.o.h.HiveMQPlatformReconcilerErrorHandler - [helmcust] Pod 'test-hivemq-platform-0' phase Running
2025-01-29 13:26:26,072 INFO c.h.h.t.HelmChartContainer - [hivemq-test-hivemq-platform] [hivemq-platform-operator] [bf8a1584] 13:26:26.071 [ReconcilerExecutor-hivemq-controller-114] INFO  c.h.p.o.h.HiveMQPlatformReconcilerBaseHandler - [helmcust] HiveMQ Platform is starting, 1 of 2 replicas are ready
2025-01-29 13:26:26,075 INFO c.h.h.t.HelmChartContainer - [hivemq-test-hivemq-platform] [hivemq-platform-operator] [bf8a1584] 13:26:26.074 [pool-6-thread-16] DEBUG c.h.p.o.d.PlatformServiceResource - [helmcust] Desired Platform services (3 services)
2025-01-29 13:26:26,075 INFO c.h.h.t.HelmChartContainer - [hivemq-test-hivemq-platform] [hivemq-platform-operator] [bf8a1584] 13:26:26.075 [pool-6-thread-17] DEBUG c.h.p.o.dependants.PodInfoConfigMap - [helmcust] Desired PodInfo ConfigMap (1 extensions) (1 enabled)
2025-01-29 13:26:26,076 INFO c.h.h.t.HelmChartContainer - [hivemq-test-hivemq-platform] [hivemq-platform-operator] [bf8a1584] 13:26:26.075 [pool-6-thread-17] DEBUG c.h.p.o.dependants.PodInfoConfigMap - [helmcust] Desired PodInfo ConfigMap (metrics port: 9399) (metrics path: /)
2025-01-29 13:26:26,076 INFO c.h.h.t.HelmChartContainer - [hivemq-test-hivemq-platform] [hivemq-platform-operator] [bf8a1584] 13:26:26.075 [pool-6-thread-17] DEBUG c.h.p.o.dependants.PodInfoConfigMap - [helmcust] Desired PodInfo ConfigMap (extension state hash: -1817474005)
2025-01-29 13:26:26,078 INFO c.h.h.t.HelmChartContainer - [hivemq-test-hivemq-platform] [hivemq-platform-operator] [bf8a1584] 13:26:26.077 [pool-6-thread-17] DEBUG c.h.p.o.d.PodServiceAccountResource - [helmcust] Desired PodServiceAccountResource (serviceAccountName: hivemq-platform-pod-test-hivemq-platform)
2025-01-29 13:26:26,089 INFO c.h.h.t.HelmChartContainer - [hivemq-test-hivemq-platform] [hivemq-platform-operator] [bf8a1584] 13:26:26.088 [pool-6-thread-16] DEBUG c.h.p.o.d.StatefulSetResource - [helmcust] Desired StatefulSet (2 replicas) for status STARTING (READY)
2025-01-29 13:26:26,092 INFO c.h.h.t.HelmChartContainer - [hivemq-test-hivemq-platform] [hivemq-platform-operator] [bf8a1584] 13:26:26.091 [ReconcilerExecutor-hivemq-controller-115] INFO  c.h.p.o.HiveMQPlatformReconciler - [helmcust] Reconciling HiveMQ Platform 'test-hivemq-platform' in namespace 'helmcustomconfigit'
2025-01-29 13:26:26,092 INFO c.h.h.t.HelmChartContainer - [hivemq-test-hivemq-platform] [hivemq-platform-operator] [bf8a1584] 13:26:26.091 [ReconcilerExecutor-hivemq-controller-115] DEBUG c.h.p.o.HiveMQPlatformReconciler - [helmcust] Custom Resource Status STARTING - HiveMQ Platform is starting (READY)
2025-01-29 13:26:26,092 INFO c.h.h.t.HelmChartContainer - [hivemq-test-hivemq-platform] [hivemq-platform-operator] [bf8a1584] 13:26:26.091 [ReconcilerExecutor-hivemq-controller-115] DEBUG c.h.p.o.HiveMQPlatformReconciler - [helmcust] Custom Resource Spec (replicas: 2) (extensions: 1)
2025-01-29 13:26:26,169 INFO c.h.h.t.HelmChartContainer - [hivemq-test-hivemq-platform] [hivemq-platform-operator] [bf8a1584] 13:26:26.168 [ReconcilerExecutor-hivemq-controller-115] DEBUG c.h.p.o.HiveMQPlatformReconciler - [helmcust] StatefulSet Status (revision: test-hivemq-platform-7f5f89548, replicas: 2, available: 1, ready: 1, current: 2, updated: 2)
2025-01-29 13:26:26,169 INFO c.h.h.t.HelmChartContainer - [hivemq-test-hivemq-platform] [hivemq-platform-operator] [bf8a1584] 13:26:26.168 [ReconcilerExecutor-hivemq-controller-115] DEBUG c.h.p.o.HiveMQPlatformReconciler - [helmcust] StatefulSet Spec (replicas: 2, init containers: 1, containers: 1, volumes: 3)
2025-01-29 13:26:26,170 INFO c.h.h.t.HelmChartContainer - [hivemq-test-hivemq-platform] [hivemq-platform-operator] [bf8a1584] 13:26:26.169 [ReconcilerExecutor-hivemq-controller-115] DEBUG c.h.p.o.h.HiveMQPlatformReconcilerErrorHandler - [helmcust] Pod 'test-hivemq-platform-1' phase Pending
2025-01-29 13:26:26,171 INFO c.h.h.t.HelmChartContainer - [hivemq-test-hivemq-platform] [hivemq-platform-operator] [bf8a1584] 13:26:26.169 [ReconcilerExecutor-hivemq-controller-115] DEBUG c.h.p.o.h.HiveMQPlatformReconcilerErrorHandler - [helmcust] Pod 'test-hivemq-platform-1' condition 'PodScheduled': True
2025-01-29 13:26:26,172 INFO c.h.h.t.HelmChartContainer - [hivemq-test-hivemq-platform] [hivemq-platform-operator] [bf8a1584] 13:26:26.171 [ReconcilerExecutor-hivemq-controller-115] DEBUG c.h.p.o.h.HiveMQPlatformReconcilerErrorHandler - [helmcust] Pod 'test-hivemq-platform-0' phase Running
2025-01-29 13:26:26,172 INFO c.h.h.t.HelmChartContainer - [hivemq-test-hivemq-platform] [hivemq-platform-operator] [bf8a1584] 13:26:26.171 [ReconcilerExecutor-hivemq-controller-115] INFO  c.h.p.o.h.HiveMQPlatformReconcilerBaseHandler - [helmcust] HiveMQ Platform is starting, 1 of 2 replicas are ready
2025-01-29 13:26:26,301 INFO c.h.h.t.HelmChartContainer - [EVENT] Normal [Pulled] Container image "docker.io/hivemq/hivemq-platform-operator-init-test:snapshot" already present on machine [helmcustomconfigit:test-hivemq-platform-1]
2025-01-29 13:26:26,312 INFO c.h.h.t.HelmChartContainer - [EVENT] Normal [Created] Created container: hivemq-platform-operator-init [helmcustomconfigit:test-hivemq-platform-1]
2025-01-29 13:26:26,355 INFO c.h.h.t.HelmChartContainer - [EVENT] Normal [Started] Started container hivemq-platform-operator-init [helmcustomconfigit:test-hivemq-platform-1]
2025-01-29 13:26:27,320 INFO c.h.h.t.HelmChartContainer - [EVENT] Normal [Pulled] Container image "docker.io/hivemq/hivemq4:4.36.0" already present on machine [helmcustomconfigit:test-hivemq-platform-1]
2025-01-29 13:26:27,320 INFO c.h.h.t.HelmChartContainer - Received Pulled event for container hivemq in pod test-hivemq-platform-1 [c978e4ad-d507-4644-a198-ae05cc1ee624]
2025-01-29 13:26:27,330 INFO c.h.h.t.HelmChartContainer - [POD] test-hivemq-platform-1 [c978e4ad-d507-4644-a198-ae05cc1ee624] in helmcustomconfigit was MODIFIED
2025-01-29 13:26:27,358 INFO c.h.h.t.HelmChartContainer - [hivemq-test-hivemq-platform] [hivemq-platform-operator] [bf8a1584] 13:26:27.345 [pool-6-thread-23] DEBUG c.h.p.o.d.PlatformServiceResource - [helmcust] Desired Platform services (3 services)
2025-01-29 13:26:27,362 INFO c.h.h.t.HelmChartContainer - [EVENT] Normal [Created] Created container: hivemq [helmcustomconfigit:test-hivemq-platform-1]
2025-01-29 13:26:27,362 INFO c.h.h.t.HelmChartContainer - Received Created event for container hivemq in pod test-hivemq-platform-1 [c978e4ad-d507-4644-a198-ae05cc1ee624]
2025-01-29 13:26:27,364 INFO c.h.h.t.HelmChartContainer - [hivemq-test-hivemq-platform] [hivemq-platform-operator] [bf8a1584] 13:26:27.352 [pool-6-thread-22] DEBUG c.h.p.o.dependants.PodInfoConfigMap - [helmcust] Desired PodInfo ConfigMap (1 extensions) (1 enabled)
2025-01-29 13:26:27,364 INFO c.h.h.t.HelmChartContainer - [hivemq-test-hivemq-platform] [hivemq-platform-operator] [bf8a1584] 13:26:27.354 [pool-6-thread-22] DEBUG c.h.p.o.dependants.PodInfoConfigMap - [helmcust] Desired PodInfo ConfigMap (metrics port: 9399) (metrics path: /)
2025-01-29 13:26:27,364 INFO c.h.h.t.HelmChartContainer - [hivemq-test-hivemq-platform] [hivemq-platform-operator] [bf8a1584] 13:26:27.354 [pool-6-thread-22] DEBUG c.h.p.o.dependants.PodInfoConfigMap - [helmcust] Desired PodInfo ConfigMap (extension state hash: -1817474005)
2025-01-29 13:26:27,364 INFO c.h.h.t.HelmChartContainer - [hivemq-test-hivemq-platform] [hivemq-platform-operator] [bf8a1584] 13:26:27.359 [pool-6-thread-29] DEBUG c.h.p.o.d.PodServiceAccountResource - [helmcust] Desired PodServiceAccountResource (serviceAccountName: hivemq-platform-pod-test-hivemq-platform)
2025-01-29 13:26:27,390 INFO c.h.h.t.HelmChartContainer - [hivemq-test-hivemq-platform] [hivemq-platform-operator] [bf8a1584] 13:26:27.385 [pool-6-thread-21] DEBUG c.h.p.o.d.StatefulSetResource - [helmcust] Desired StatefulSet (2 replicas) for status STARTING (READY)
2025-01-29 13:26:27,397 INFO c.h.h.t.HelmChartContainer - [hivemq-test-hivemq-platform] [hivemq-platform-operator] [bf8a1584] 13:26:27.393 [ReconcilerExecutor-hivemq-controller-116] INFO  c.h.p.o.HiveMQPlatformReconciler - [helmcust] Reconciling HiveMQ Platform 'test-hivemq-platform' in namespace 'helmcustomconfigit'
2025-01-29 13:26:27,397 INFO c.h.h.t.HelmChartContainer - [hivemq-test-hivemq-platform] [hivemq-platform-operator] [bf8a1584] 13:26:27.394 [ReconcilerExecutor-hivemq-controller-116] DEBUG c.h.p.o.HiveMQPlatformReconciler - [helmcust] Custom Resource Status STARTING - HiveMQ Platform is starting (READY)
2025-01-29 13:26:27,398 INFO c.h.h.t.HelmChartContainer - [hivemq-test-hivemq-platform] [hivemq-platform-operator] [bf8a1584] 13:26:27.395 [ReconcilerExecutor-hivemq-controller-116] DEBUG c.h.p.o.HiveMQPlatformReconciler - [helmcust] Custom Resource Spec (replicas: 2) (extensions: 1)
2025-01-29 13:26:27,402 INFO c.h.h.t.HelmChartContainer - [hivemq-test-hivemq-platform] [hivemq-platform-operator] [bf8a1584] 13:26:27.399 [ReconcilerExecutor-hivemq-controller-116] DEBUG c.h.p.o.HiveMQPlatformReconciler - [helmcust] StatefulSet Status (revision: test-hivemq-platform-7f5f89548, replicas: 2, available: 1, ready: 1, current: 2, updated: 2)
2025-01-29 13:26:27,402 INFO c.h.h.t.HelmChartContainer - [hivemq-test-hivemq-platform] [hivemq-platform-operator] [bf8a1584] 13:26:27.401 [ReconcilerExecutor-hivemq-controller-116] DEBUG c.h.p.o.HiveMQPlatformReconciler - [helmcust] StatefulSet Spec (replicas: 2, init containers: 1, containers: 1, volumes: 3)
2025-01-29 13:26:27,406 INFO c.h.h.t.HelmChartContainer - [hivemq-test-hivemq-platform] [hivemq-platform-operator] [bf8a1584] 13:26:27.404 [ReconcilerExecutor-hivemq-controller-116] DEBUG c.h.p.o.h.HiveMQPlatformReconcilerErrorHandler - [helmcust] Pod 'test-hivemq-platform-1' phase Pending
2025-01-29 13:26:27,407 INFO c.h.h.t.HelmChartContainer - [hivemq-test-hivemq-platform] [hivemq-platform-operator] [bf8a1584] 13:26:27.406 [ReconcilerExecutor-hivemq-controller-116] DEBUG c.h.p.o.h.HiveMQPlatformReconcilerErrorHandler - [helmcust] Pod 'test-hivemq-platform-1' condition 'PodReadyToStartContainers': True
2025-01-29 13:26:27,409 INFO c.h.h.t.HelmChartContainer - [hivemq-test-hivemq-platform] [hivemq-platform-operator] [bf8a1584] 13:26:27.407 [ReconcilerExecutor-hivemq-controller-116] DEBUG c.h.p.o.h.HiveMQPlatformReconcilerErrorHandler - [helmcust] Pod 'test-hivemq-platform-1' condition 'Initialized': True
2025-01-29 13:26:27,412 INFO c.h.h.t.HelmChartContainer - [hivemq-test-hivemq-platform] [hivemq-platform-operator] [bf8a1584] 13:26:27.408 [ReconcilerExecutor-hivemq-controller-116] DEBUG c.h.p.o.h.HiveMQPlatformReconcilerErrorHandler - [helmcust] Pod 'test-hivemq-platform-1' condition 'Ready': False
2025-01-29 13:26:27,412 INFO c.h.h.t.HelmChartContainer - [hivemq-test-hivemq-platform] [hivemq-platform-operator] [bf8a1584] 13:26:27.408 [ReconcilerExecutor-hivemq-controller-116] DEBUG c.h.p.o.h.HiveMQPlatformReconcilerErrorHandler - [helmcust] Pod 'test-hivemq-platform-1' condition 'ContainersReady': False
2025-01-29 13:26:27,412 INFO c.h.h.t.HelmChartContainer - [hivemq-test-hivemq-platform] [hivemq-platform-operator] [bf8a1584] 13:26:27.408 [ReconcilerExecutor-hivemq-controller-116] DEBUG c.h.p.o.h.HiveMQPlatformReconcilerErrorHandler - [helmcust] Pod 'test-hivemq-platform-1' condition 'PodScheduled': True
2025-01-29 13:26:27,412 INFO c.h.h.t.HelmChartContainer - [hivemq-test-hivemq-platform] [hivemq-platform-operator] [bf8a1584] 13:26:27.408 [ReconcilerExecutor-hivemq-controller-116] DEBUG c.h.p.o.h.HiveMQPlatformReconcilerErrorHandler - [helmcust] Pod 'test-hivemq-platform-1' containerStatus 'hivemq' (started: false) (ready: false) (waiting: [PodInitializing] null)
2025-01-29 13:26:27,416 INFO c.h.h.t.HelmChartContainer - [hivemq-test-hivemq-platform] [hivemq-platform-operator] [bf8a1584] 13:26:27.410 [ReconcilerExecutor-hivemq-controller-116] DEBUG c.h.p.o.h.HiveMQPlatformReconcilerErrorHandler - [helmcust] Pod 'test-hivemq-platform-0' phase Running
2025-01-29 13:26:27,418 INFO c.h.h.t.HelmChartContainer - [hivemq-test-hivemq-platform] [hivemq-platform-operator] [bf8a1584] 13:26:27.416 [ReconcilerExecutor-hivemq-controller-116] INFO  c.h.p.o.h.HiveMQPlatformReconcilerBaseHandler - [helmcust] HiveMQ Platform is starting, 1 of 2 replicas are ready
2025-01-29 13:26:28,331 INFO c.h.h.t.HelmChartContainer - [POD] test-hivemq-platform-1 [c978e4ad-d507-4644-a198-ae05cc1ee624] in helmcustomconfigit was MODIFIED
2025-01-29 13:26:28,341 INFO c.h.h.t.HelmChartContainer - [hivemq-test-hivemq-platform] [hivemq-platform-operator] [bf8a1584] 13:26:28.338 [pool-6-thread-32] DEBUG c.h.p.o.d.PlatformServiceResource - [helmcust] Desired Platform services (3 services)
2025-01-29 13:26:28,344 INFO c.h.h.t.HelmChartContainer - Started log watcher for hivemq in pod test-hivemq-platform-1 [c978e4ad-d507-4644-a198-ae05cc1ee624]
2025-01-29 13:26:28,344 INFO c.h.h.t.HelmChartContainer - [test-hivemq-platform] [hivemq] [c978e4ad] Adding pre-installed HiveMQ Platform Operator extensions
2025-01-29 13:26:28,344 INFO c.h.h.t.HelmChartContainer - [test-hivemq-platform] [hivemq] [c978e4ad] Running as user 10000
2025-01-29 13:26:28,344 INFO c.h.h.t.HelmChartContainer - [test-hivemq-platform] [hivemq] [c978e4ad] Starting HiveMQ Platform Operator Init
2025-01-29 13:26:28,344 INFO c.h.h.t.HelmChartContainer - [EVENT] Normal [Started] Started container hivemq [helmcustomconfigit:test-hivemq-platform-1]
2025-01-29 13:26:28,344 INFO c.h.h.t.HelmChartContainer - Received Started event for container hivemq in pod test-hivemq-platform-1 [c978e4ad-d507-4644-a198-ae05cc1ee624]
2025-01-29 13:26:28,347 INFO c.h.h.t.HelmChartContainer - [hivemq-test-hivemq-platform] [hivemq-platform-operator] [bf8a1584] 13:26:28.344 [pool-6-thread-31] DEBUG c.h.p.o.d.PodServiceAccountResource - [helmcust] Desired PodServiceAccountResource (serviceAccountName: hivemq-platform-pod-test-hivemq-platform)
2025-01-29 13:26:28,349 INFO c.h.h.t.HelmChartContainer - [hivemq-test-hivemq-platform] [hivemq-platform-operator] [bf8a1584] 13:26:28.348 [pool-6-thread-39] DEBUG c.h.p.o.dependants.PodInfoConfigMap - [helmcust] Desired PodInfo ConfigMap (1 extensions) (1 enabled)
2025-01-29 13:26:28,350 INFO c.h.h.t.HelmChartContainer - [hivemq-test-hivemq-platform] [hivemq-platform-operator] [bf8a1584] 13:26:28.349 [pool-6-thread-39] DEBUG c.h.p.o.dependants.PodInfoConfigMap - [helmcust] Desired PodInfo ConfigMap (metrics port: 9399) (metrics path: /)
2025-01-29 13:26:28,352 INFO c.h.h.t.HelmChartContainer - [hivemq-test-hivemq-platform] [hivemq-platform-operator] [bf8a1584] 13:26:28.349 [pool-6-thread-39] DEBUG c.h.p.o.dependants.PodInfoConfigMap - [helmcust] Desired PodInfo ConfigMap (extension state hash: -1817474005)
2025-01-29 13:26:28,364 INFO c.h.h.t.HelmChartContainer - [hivemq-test-hivemq-platform] [hivemq-platform-operator] [bf8a1584] 13:26:28.359 [pool-6-thread-39] DEBUG c.h.p.o.d.StatefulSetResource - [helmcust] Desired StatefulSet (2 replicas) for status STARTING (READY)
2025-01-29 13:26:28,405 INFO c.h.h.t.HelmChartContainer - [hivemq-test-hivemq-platform] [hivemq-platform-operator] [bf8a1584] 13:26:28.402 [ReconcilerExecutor-hivemq-controller-117] INFO  c.h.p.o.HiveMQPlatformReconciler - [helmcust] Reconciling HiveMQ Platform 'test-hivemq-platform' in namespace 'helmcustomconfigit'
2025-01-29 13:26:28,407 INFO c.h.h.t.HelmChartContainer - [hivemq-test-hivemq-platform] [hivemq-platform-operator] [bf8a1584] 13:26:28.402 [ReconcilerExecutor-hivemq-controller-117] DEBUG c.h.p.o.HiveMQPlatformReconciler - [helmcust] Custom Resource Status STARTING - HiveMQ Platform is starting (READY)
2025-01-29 13:26:28,407 INFO c.h.h.t.HelmChartContainer - [hivemq-test-hivemq-platform] [hivemq-platform-operator] [bf8a1584] 13:26:28.402 [ReconcilerExecutor-hivemq-controller-117] DEBUG c.h.p.o.HiveMQPlatformReconciler - [helmcust] Custom Resource Spec (replicas: 2) (extensions: 1)
2025-01-29 13:26:28,407 INFO c.h.h.t.HelmChartContainer - [hivemq-test-hivemq-platform] [hivemq-platform-operator] [bf8a1584] 13:26:28.405 [ReconcilerExecutor-hivemq-controller-117] DEBUG c.h.p.o.HiveMQPlatformReconciler - [helmcust] StatefulSet Status (revision: test-hivemq-platform-7f5f89548, replicas: 2, available: 1, ready: 1, current: 2, updated: 2)
2025-01-29 13:26:28,407 INFO c.h.h.t.HelmChartContainer - [hivemq-test-hivemq-platform] [hivemq-platform-operator] [bf8a1584] 13:26:28.405 [ReconcilerExecutor-hivemq-controller-117] DEBUG c.h.p.o.HiveMQPlatformReconciler - [helmcust] StatefulSet Spec (replicas: 2, init containers: 1, containers: 1, volumes: 3)
2025-01-29 13:26:28,409 INFO c.h.h.t.HelmChartContainer - [hivemq-test-hivemq-platform] [hivemq-platform-operator] [bf8a1584] 13:26:28.408 [ReconcilerExecutor-hivemq-controller-117] DEBUG c.h.p.o.h.HiveMQPlatformReconcilerErrorHandler - [helmcust] Pod 'test-hivemq-platform-1' phase Running
2025-01-29 13:26:28,411 INFO c.h.h.t.HelmChartContainer - [hivemq-test-hivemq-platform] [hivemq-platform-operator] [bf8a1584] 13:26:28.411 [ReconcilerExecutor-hivemq-controller-117] DEBUG c.h.p.o.h.HiveMQPlatformReconcilerErrorHandler - [helmcust] Pod 'test-hivemq-platform-0' phase Running
2025-01-29 13:26:28,413 INFO c.h.h.t.HelmChartContainer - [hivemq-test-hivemq-platform] [hivemq-platform-operator] [bf8a1584] 13:26:28.412 [ReconcilerExecutor-hivemq-controller-117] INFO  c.h.p.o.h.HiveMQPlatformReconcilerBaseHandler - [helmcust] HiveMQ Platform is starting, 1 of 2 replicas are ready
2025-01-29 13:26:28,788 INFO c.h.h.t.HelmChartContainer - [test-hivemq-platform] [hivemq] [c978e4ad] INFO  - [HiveMQ Platform Operator Init 1.7.0-SNAPSHOT] HiveMQ Platform Operator Init 1.7.0-SNAPSHOT (commit: bebf408 on branch: HEAD) built on Sun Jan 26 20:47:47 UTC 2025
2025-01-29 13:26:29,918 INFO c.h.h.t.HelmChartContainer - [test-hivemq-platform] [hivemq] [c978e4ad] INFO  - [HiveMQ Platform Operator Init App 1.7.0-SNAPSHOT] Using bind address 10.42.0.15 from environment variable
2025-01-29 13:26:30,894 INFO c.h.h.t.HelmChartContainer - [test-hivemq-platform] [hivemq] [c978e4ad] INFO  - [HiveMQ Platform Operator Init App 1.7.0-SNAPSHOT] HiveMQ Platform Operator Init App 1.7.0-SNAPSHOT (commit: bebf408 on branch: HEAD) built on Sun Jan 26 20:47:47 UTC 2025
2025-01-29 13:26:30,895 INFO c.h.h.t.HelmChartContainer - [test-hivemq-platform] [hivemq] [c978e4ad] INFO  - [HiveMQ Platform Operator Init App 1.7.0-SNAPSHOT] PodInfo ConfigMap directory: /etc/podinfo
2025-01-29 13:26:30,895 INFO c.h.h.t.HelmChartContainer - [test-hivemq-platform] [hivemq] [c978e4ad] INFO  - [HiveMQ Platform Operator Init App 1.7.0-SNAPSHOT] HiveMQ home directory: /opt/hivemq
2025-01-29 13:26:30,895 INFO c.h.h.t.HelmChartContainer - [test-hivemq-platform] [hivemq] [c978e4ad] INFO  - [HiveMQ Platform Operator Init App 1.7.0-SNAPSHOT] HiveMQ Logback folder: /opt/hivemq/conf
2025-01-29 13:26:30,895 INFO c.h.h.t.HelmChartContainer - [test-hivemq-platform] [hivemq] [c978e4ad] INFO  - [HiveMQ Platform Operator Init App 1.7.0-SNAPSHOT] HiveMQ Config folder: /opt/hivemq/conf-k8s
2025-01-29 13:26:30,896 INFO c.h.h.t.HelmChartContainer - [test-hivemq-platform] [hivemq] [c978e4ad] INFO  - [HiveMQ Platform Operator Init App 1.7.0-SNAPSHOT] Starting HiveMQ Platform Operator Init App
2025-01-29 13:26:30,896 INFO c.h.h.t.HelmChartContainer - [test-hivemq-platform] [hivemq] [c978e4ad] INFO  - [HiveMQ Platform Operator Init App 1.7.0-SNAPSHOT] Starting Pod reconciler
2025-01-29 13:26:32,261 INFO c.h.h.t.HelmChartContainer - [test-hivemq-platform] [hivemq] [c978e4ad] INFO  - [HiveMQ Platform Operator Init App 1.7.0-SNAPSHOT] Pod reconciler is scheduled (interval: 5000 ms)
2025-01-29 13:26:32,283 INFO c.h.h.t.HelmChartContainer - [test-hivemq-platform] [hivemq] [c978e4ad] INFO  - [HiveMQ Platform Operator Init App 1.7.0-SNAPSHOT] Starting the REST API on 10.42.0.15:7979
2025-01-29 13:26:32,286 INFO c.h.h.t.HelmChartContainer - [test-hivemq-platform] [hivemq] [c978e4ad] INFO  - [HiveMQ Platform Operator Init App 1.7.0-SNAPSHOT] Waiting up to 600s for at most 2 HiveMQ nodes in cluster service hivemq-test-hivemq-platform-cluster.helmcustomconfigit.svc
2025-01-29 13:26:32,605 INFO c.h.h.t.HelmChartContainer - [test-hivemq-platform] [hivemq] [c978e4ad] INFO  - [HiveMQ Platform Operator Init App 1.7.0-SNAPSHOT] Resolved 2 IP addresses: [10.42.0.15, 10.42.0.14]
2025-01-29 13:26:32,605 INFO c.h.h.t.HelmChartContainer - [test-hivemq-platform] [hivemq] [c978e4ad] INFO  - [HiveMQ Platform Operator Init App 1.7.0-SNAPSHOT] HiveMQ node count of 2 is within threshold of 2
2025-01-29 13:26:32,605 INFO c.h.h.t.HelmChartContainer - [test-hivemq-platform] [hivemq] [c978e4ad] INFO  - [HiveMQ Platform Operator Init App 1.7.0-SNAPSHOT] Proceeding with container start
2025-01-29 13:26:32,701 INFO c.h.h.t.HelmChartContainer - [test-hivemq-platform] [hivemq] [c978e4ad] INFO  - [HiveMQ Platform Operator Init App 1.7.0-SNAPSHOT] Initializing HiveMQ Platform extensions with initial configuration: {hivemq-allow-all-extension={start-priority=-1, skip-https-hostname-verification=false, restart=true, config-version=0, header-version=0, c-uri=, priority=-1, uri=preinstalled, skip-https-certificate-validation=false, enabled=true}, hivemq-prometheus-extension={enabled=true, request-header-path=no-request-headers, uri=preinstalled, skip-https-certificate-validation=false, skip-https-hostname-verification=false, c-uri=, start-priority=-1, priority=-1, restart=true}}
2025-01-29 13:26:33,198 INFO c.h.h.t.HelmChartContainer - [test-hivemq-platform] [hivemq] [c978e4ad] INFO  - [HiveMQ Platform Operator Init App 1.7.0-SNAPSHOT] Extension hivemq-allow-all-extension was already enabled
2025-01-29 13:26:33,288 INFO c.h.h.t.HelmChartContainer - [test-hivemq-platform] [hivemq] [c978e4ad] INFO  - [HiveMQ Platform Operator Init App 1.7.0-SNAPSHOT] Successfully enabled extension hivemq-prometheus-extension
2025-01-29 13:26:33,291 INFO c.h.h.t.HelmChartContainer - [test-hivemq-platform] [hivemq] [c978e4ad] INFO  - [HiveMQ Platform Operator Init App 1.7.0-SNAPSHOT] Starting HiveMQ Platform version 4.36.0 (4.36.0)
2025-01-29 13:26:33,291 INFO c.h.h.t.HelmChartContainer - [test-hivemq-platform] [hivemq] [c978e4ad] INFO  - [HiveMQ Platform Operator Init App 1.7.0-SNAPSHOT] Configuring the HiveMQ Platform
2025-01-29 13:26:33,361 INFO c.h.h.t.HelmChartContainer - [test-hivemq-platform] [hivemq] [c978e4ad] INFO  - [HiveMQ Platform Operator Init App 1.7.0-SNAPSHOT] Changed logback.xml file scan period to 20 seconds
2025-01-29 13:26:33,398 INFO c.h.h.t.HelmChartContainer - [test-hivemq-platform] [hivemq] [c978e4ad] INFO  - [HiveMQ Platform Operator Init App 1.7.0-SNAPSHOT] Starting the HiveMQ Platform
2025-01-29 13:26:33,463 INFO c.h.h.t.HelmChartContainer - [test-hivemq-platform] [hivemq] [c978e4ad] -------------------------------------------------------------------------
2025-01-29 13:26:33,463 INFO c.h.h.t.HelmChartContainer - [test-hivemq-platform] [hivemq] [c978e4ad] 
2025-01-29 13:26:33,463 INFO c.h.h.t.HelmChartContainer - [test-hivemq-platform] [hivemq] [c978e4ad]                   _    _  _              __  __   ____
2025-01-29 13:26:33,463 INFO c.h.h.t.HelmChartContainer - [test-hivemq-platform] [hivemq] [c978e4ad]                  | |  | |(_)            |  \/  | / __ \
2025-01-29 13:26:33,463 INFO c.h.h.t.HelmChartContainer - [test-hivemq-platform] [hivemq] [c978e4ad]                  | |__| | _ __   __ ___ | \  / || |  | |
2025-01-29 13:26:33,463 INFO c.h.h.t.HelmChartContainer - [test-hivemq-platform] [hivemq] [c978e4ad]                  |  __  || |\ \ / // _ \| |\/| || |  | |
2025-01-29 13:26:33,463 INFO c.h.h.t.HelmChartContainer - [test-hivemq-platform] [hivemq] [c978e4ad]                  | |  | || | \ V /|  __/| |  | || |__| |
2025-01-29 13:26:33,463 INFO c.h.h.t.HelmChartContainer - [test-hivemq-platform] [hivemq] [c978e4ad]                  |_|  |_||_|  \_/  \___||_|  |_| \___\_\
2025-01-29 13:26:33,463 INFO c.h.h.t.HelmChartContainer - [test-hivemq-platform] [hivemq] [c978e4ad] 
2025-01-29 13:26:33,463 INFO c.h.h.t.HelmChartContainer - [test-hivemq-platform] [hivemq] [c978e4ad] -------------------------------------------------------------------------
2025-01-29 13:26:33,463 INFO c.h.h.t.HelmChartContainer - [test-hivemq-platform] [hivemq] [c978e4ad] 
2025-01-29 13:26:33,463 INFO c.h.h.t.HelmChartContainer - [test-hivemq-platform] [hivemq] [c978e4ad]   HiveMQ Start Script for Linux/Unix v1.14
2025-01-29 13:26:33,463 INFO c.h.h.t.HelmChartContainer - [test-hivemq-platform] [hivemq] [c978e4ad] 
2025-01-29 13:26:33,509 INFO c.h.h.t.HelmChartContainer - [test-hivemq-platform] [hivemq] [c978e4ad] -------------------------------------------------------------------------
2025-01-29 13:26:33,509 INFO c.h.h.t.HelmChartContainer - [test-hivemq-platform] [hivemq] [c978e4ad] 
2025-01-29 13:26:33,509 INFO c.h.h.t.HelmChartContainer - [test-hivemq-platform] [hivemq] [c978e4ad]   HIVEMQ_HOME: /opt/hivemq
2025-01-29 13:26:33,509 INFO c.h.h.t.HelmChartContainer - [test-hivemq-platform] [hivemq] [c978e4ad] 
2025-01-29 13:26:33,509 INFO c.h.h.t.HelmChartContainer - [test-hivemq-platform] [hivemq] [c978e4ad]   JAVA_OPTS: -XX:+UnlockExperimentalVMOptions -XX:InitialRAMPercentage=50 -XX:MaxRAMPercentage=50 -Djava.net.preferIPv4Stack=true --add-opens java.base/java.lang=ALL-UNNAMED --add-opens java.base/java.nio=ALL-UNNAMED --add-opens java.base/sun.nio.ch=ALL-UNNAMED --add-opens jdk.management/com.sun.management.internal=ALL-UNNAMED --add-exports java.base/jdk.internal.misc=ALL-UNNAMED -Djava.security.egd=file:/dev/./urandom -Dcom.sun.management.jmxremote -Dcom.sun.management.jmxremote.port=9010 -Dcom.sun.management.jmxremote.local.only=false -Dcom.sun.management.jmxremote.authenticate=false -Dcom.sun.management.jmxremote.ssl=false -Duser.language=en -Duser.region=US -XX:+CrashOnOutOfMemoryError -XX:+HeapDumpOnOutOfMemoryError
2025-01-29 13:26:33,509 INFO c.h.h.t.HelmChartContainer - [test-hivemq-platform] [hivemq] [c978e4ad] 
2025-01-29 13:26:33,509 INFO c.h.h.t.HelmChartContainer - [test-hivemq-platform] [hivemq] [c978e4ad]   JAVA_VERSION: 21
2025-01-29 13:26:33,509 INFO c.h.h.t.HelmChartContainer - [test-hivemq-platform] [hivemq] [c978e4ad] 
2025-01-29 13:26:33,509 INFO c.h.h.t.HelmChartContainer - [test-hivemq-platform] [hivemq] [c978e4ad] -------------------------------------------------------------------------
2025-01-29 13:26:33,509 INFO c.h.h.t.HelmChartContainer - [test-hivemq-platform] [hivemq] [c978e4ad] 
2025-01-29 13:26:34,392 INFO c.h.h.t.HelmChartContainer - [test-hivemq-platform] [hivemq] [c978e4ad] INFO  - [HiveMQ Platform Operator Init App 1.7.0-SNAPSHOT] Returning default Health API response 503 for readiness
2025-01-29 13:26:34,792 INFO c.h.h.t.HelmChartContainer - [EVENT] Warning [Unhealthy] Readiness probe failed: HTTP probe failed with statuscode: 503 [helmcustomconfigit:test-hivemq-platform-1]
2025-01-29 13:26:34,792 INFO c.h.h.t.HelmChartContainer - Received Unhealthy event for container hivemq in pod test-hivemq-platform-1 [c978e4ad-d507-4644-a198-ae05cc1ee624]
2025-01-29 13:26:36,360 INFO c.h.h.t.HelmChartContainer - [test-hivemq-platform] [hivemq] [c978e4ad] INFO  - Starting HiveMQ Enterprise Server
2025-01-29 13:26:36,390 INFO c.h.h.t.HelmChartContainer - [test-hivemq-platform] [hivemq] [c978e4ad] INFO  - HiveMQ version: 4.36.0
2025-01-29 13:26:36,390 INFO c.h.h.t.HelmChartContainer - [test-hivemq-platform] [hivemq] [c978e4ad] INFO  - HiveMQ home directory: /opt/hivemq
2025-01-29 13:26:36,390 INFO c.h.h.t.HelmChartContainer - [test-hivemq-platform] [hivemq] [c978e4ad] INFO  - Log Configuration was overridden by /opt/hivemq/conf/logback.xml
2025-01-29 13:26:37,627 INFO c.h.h.t.HelmChartContainer - [test-hivemq-platform] [hivemq] [1305f1c2] INFO  - [HiveMQ Platform Operator Init App 1.7.0-SNAPSHOT] Returning Health API response 200 for liveness
2025-01-29 13:26:38,098 INFO c.h.h.t.HelmChartContainer - [test-hivemq-platform] [hivemq] [c978e4ad] INFO  - Successfully loaded configuration from '/opt/hivemq/conf-k8s/config.xml'.
2025-01-29 13:26:38,495 INFO c.h.h.t.HelmChartContainer - [hivemq-test-hivemq-platform] [hivemq-platform-operator] [bf8a1584] 13:26:38.494 [pool-6-thread-42] DEBUG c.h.p.o.d.PlatformServiceResource - [helmcust] Desired Platform services (3 services)
2025-01-29 13:26:38,499 INFO c.h.h.t.HelmChartContainer - [hivemq-test-hivemq-platform] [hivemq-platform-operator] [bf8a1584] 13:26:38.498 [pool-6-thread-44] DEBUG c.h.p.o.d.PodServiceAccountResource - [helmcust] Desired PodServiceAccountResource (serviceAccountName: hivemq-platform-pod-test-hivemq-platform)
2025-01-29 13:26:38,502 INFO c.h.h.t.HelmChartContainer - [hivemq-test-hivemq-platform] [hivemq-platform-operator] [bf8a1584] 13:26:38.496 [pool-6-thread-46] DEBUG c.h.p.o.dependants.PodInfoConfigMap - [helmcust] Desired PodInfo ConfigMap (1 extensions) (1 enabled)
2025-01-29 13:26:38,504 INFO c.h.h.t.HelmChartContainer - [hivemq-test-hivemq-platform] [hivemq-platform-operator] [bf8a1584] 13:26:38.501 [pool-6-thread-46] DEBUG c.h.p.o.dependants.PodInfoConfigMap - [helmcust] Desired PodInfo ConfigMap (metrics port: 9399) (metrics path: /)
2025-01-29 13:26:38,504 INFO c.h.h.t.HelmChartContainer - [hivemq-test-hivemq-platform] [hivemq-platform-operator] [bf8a1584] 13:26:38.502 [pool-6-thread-46] DEBUG c.h.p.o.dependants.PodInfoConfigMap - [helmcust] Desired PodInfo ConfigMap (extension state hash: -1817474005)
2025-01-29 13:26:38,509 INFO c.h.h.t.HelmChartContainer - [hivemq-test-hivemq-platform] [hivemq-platform-operator] [bf8a1584] 13:26:38.507 [pool-6-thread-46] DEBUG c.h.p.o.d.StatefulSetResource - [helmcust] Desired StatefulSet (2 replicas) for status STARTING (READY)
2025-01-29 13:26:38,512 INFO c.h.h.t.HelmChartContainer - [hivemq-test-hivemq-platform] [hivemq-platform-operator] [bf8a1584] 13:26:38.510 [ReconcilerExecutor-hivemq-controller-118] INFO  c.h.p.o.HiveMQPlatformReconciler - [helmcust] Reconciling HiveMQ Platform 'test-hivemq-platform' in namespace 'helmcustomconfigit'
2025-01-29 13:26:38,512 INFO c.h.h.t.HelmChartContainer - [hivemq-test-hivemq-platform] [hivemq-platform-operator] [bf8a1584] 13:26:38.511 [ReconcilerExecutor-hivemq-controller-118] DEBUG c.h.p.o.HiveMQPlatformReconciler - [helmcust] Custom Resource Status STARTING - HiveMQ Platform is starting (READY)
2025-01-29 13:26:38,512 INFO c.h.h.t.HelmChartContainer - [hivemq-test-hivemq-platform] [hivemq-platform-operator] [bf8a1584] 13:26:38.511 [ReconcilerExecutor-hivemq-controller-118] DEBUG c.h.p.o.HiveMQPlatformReconciler - [helmcust] Custom Resource Spec (replicas: 2) (extensions: 1)
2025-01-29 13:26:38,589 INFO c.h.h.t.HelmChartContainer - [hivemq-test-hivemq-platform] [hivemq-platform-operator] [bf8a1584] 13:26:38.585 [ReconcilerExecutor-hivemq-controller-118] DEBUG c.h.p.o.HiveMQPlatformReconciler - [helmcust] StatefulSet Status (revision: test-hivemq-platform-7f5f89548, replicas: 2, available: 1, ready: 1, current: 2, updated: 2)
2025-01-29 13:26:38,590 INFO c.h.h.t.HelmChartContainer - [hivemq-test-hivemq-platform] [hivemq-platform-operator] [bf8a1584] 13:26:38.586 [ReconcilerExecutor-hivemq-controller-118] DEBUG c.h.p.o.HiveMQPlatformReconciler - [helmcust] StatefulSet Spec (replicas: 2, init containers: 1, containers: 1, volumes: 3)
2025-01-29 13:26:38,590 INFO c.h.h.t.HelmChartContainer - [hivemq-test-hivemq-platform] [hivemq-platform-operator] [bf8a1584] 13:26:38.587 [ReconcilerExecutor-hivemq-controller-118] DEBUG c.h.p.o.h.HiveMQPlatformReconcilerErrorHandler - [helmcust] Pod 'test-hivemq-platform-1' phase Running
2025-01-29 13:26:38,593 INFO c.h.h.t.HelmChartContainer - [hivemq-test-hivemq-platform] [hivemq-platform-operator] [bf8a1584] 13:26:38.592 [ReconcilerExecutor-hivemq-controller-118] DEBUG c.h.p.o.h.HiveMQPlatformReconcilerErrorHandler - [helmcust] Pod 'test-hivemq-platform-0' phase Running
2025-01-29 13:26:38,599 INFO c.h.h.t.HelmChartContainer - [hivemq-test-hivemq-platform] [hivemq-platform-operator] [bf8a1584] 13:26:38.598 [ReconcilerExecutor-hivemq-controller-118] INFO  c.h.p.o.h.HiveMQPlatformReconcilerBaseHandler - [helmcust] HiveMQ Platform is starting, 1 of 2 replicas are ready
2025-01-29 13:26:38,991 INFO c.h.h.t.HelmChartContainer - [test-hivemq-platform] [hivemq] [c978e4ad] INFO  - This node's ID is KSo3B
2025-01-29 13:26:38,991 INFO c.h.h.t.HelmChartContainer - [test-hivemq-platform] [hivemq] [c978e4ad] INFO  - Clustering is enabled
2025-01-29 13:26:39,861 INFO c.h.h.t.HelmChartContainer - [test-hivemq-platform] [hivemq] [c978e4ad] WARN  - [HiveMQ Platform Operator Init App 1.7.0-SNAPSHOT] Cannot connect to Health API for readiness: null
2025-01-29 13:26:39,892 INFO c.h.h.t.HelmChartContainer - [EVENT] Warning [Unhealthy] Readiness probe failed: HTTP probe failed with statuscode: 503 [helmcustomconfigit:test-hivemq-platform-1]
2025-01-29 13:26:39,892 INFO c.h.h.t.HelmChartContainer - Received Unhealthy event for container hivemq in pod test-hivemq-platform-1 [c978e4ad-d507-4644-a198-ae05cc1ee624]
2025-01-29 13:26:42,392 INFO c.h.h.t.HelmChartContainer - [test-hivemq-platform] [hivemq] [c978e4ad] Jan 29, 2025 1:26:42 PM io.vertx.core.impl.BlockedThreadChecker
2025-01-29 13:26:42,392 INFO c.h.h.t.HelmChartContainer - [test-hivemq-platform] [hivemq] [c978e4ad] WARNING: Thread Thread[vert.x-eventloop-thread-1,5,main] has been blocked for 2096 ms, time limit is 2000 ms
2025-01-29 13:26:43,388 INFO c.h.h.t.HelmChartContainer - [test-hivemq-platform] [hivemq] [c978e4ad] Jan 29, 2025 1:26:43 PM io.vertx.core.impl.BlockedThreadChecker
2025-01-29 13:26:43,389 INFO c.h.h.t.HelmChartContainer - [test-hivemq-platform] [hivemq] [c978e4ad] WARNING: Thread Thread[vert.x-eventloop-thread-1,5,main] has been blocked for 3096 ms, time limit is 2000 ms
2025-01-29 13:26:43,561 INFO c.h.h.t.HelmChartContainer - [test-hivemq-platform] [hivemq] [c978e4ad] INFO  - [HiveMQ Platform Operator Init App 1.7.0-SNAPSHOT] Updating Pod HiveMQ Platform Operator Init App version annotation (version: 1.7.0-SNAPSHOT)
2025-01-29 13:26:44,299 INFO c.h.h.t.HelmChartContainer - [POD] test-hivemq-platform-1 [c978e4ad-d507-4644-a198-ae05cc1ee624] in helmcustomconfigit was MODIFIED
2025-01-29 13:26:44,304 INFO c.h.h.t.HelmChartContainer - [hivemq-test-hivemq-platform] [hivemq-platform-operator] [bf8a1584] 13:26:44.302 [pool-6-thread-1] DEBUG c.h.p.o.d.PlatformServiceResource - [helmcust] Desired Platform services (3 services)
2025-01-29 13:26:44,305 INFO c.h.h.t.HelmChartContainer - [hivemq-test-hivemq-platform] [hivemq-platform-operator] [bf8a1584] 13:26:44.303 [pool-6-thread-5] DEBUG c.h.p.o.d.PodServiceAccountResource - [helmcust] Desired PodServiceAccountResource (serviceAccountName: hivemq-platform-pod-test-hivemq-platform)
2025-01-29 13:26:44,309 INFO c.h.h.t.HelmChartContainer - [hivemq-test-hivemq-platform] [hivemq-platform-operator] [bf8a1584] 13:26:44.306 [pool-6-thread-9] DEBUG c.h.p.o.dependants.PodInfoConfigMap - [helmcust] Desired PodInfo ConfigMap (1 extensions) (1 enabled)
2025-01-29 13:26:44,309 INFO c.h.h.t.HelmChartContainer - [hivemq-test-hivemq-platform] [hivemq-platform-operator] [bf8a1584] 13:26:44.306 [pool-6-thread-9] DEBUG c.h.p.o.dependants.PodInfoConfigMap - [helmcust] Desired PodInfo ConfigMap (metrics port: 9399) (metrics path: /)
2025-01-29 13:26:44,309 INFO c.h.h.t.HelmChartContainer - [hivemq-test-hivemq-platform] [hivemq-platform-operator] [bf8a1584] 13:26:44.306 [pool-6-thread-9] DEBUG c.h.p.o.dependants.PodInfoConfigMap - [helmcust] Desired PodInfo ConfigMap (extension state hash: -1817474005)
2025-01-29 13:26:44,309 INFO c.h.h.t.HelmChartContainer - [hivemq-test-hivemq-platform] [hivemq-platform-operator] [bf8a1584] 13:26:44.308 [pool-6-thread-9] DEBUG c.h.p.o.d.StatefulSetResource - [helmcust] Desired StatefulSet (2 replicas) for status STARTING (READY)
2025-01-29 13:26:44,317 INFO c.h.h.t.HelmChartContainer - [hivemq-test-hivemq-platform] [hivemq-platform-operator] [bf8a1584] 13:26:44.315 [ReconcilerExecutor-hivemq-controller-119] INFO  c.h.p.o.HiveMQPlatformReconciler - [helmcust] Reconciling HiveMQ Platform 'test-hivemq-platform' in namespace 'helmcustomconfigit'
2025-01-29 13:26:44,317 INFO c.h.h.t.HelmChartContainer - [hivemq-test-hivemq-platform] [hivemq-platform-operator] [bf8a1584] 13:26:44.315 [ReconcilerExecutor-hivemq-controller-119] DEBUG c.h.p.o.HiveMQPlatformReconciler - [helmcust] Custom Resource Status STARTING - HiveMQ Platform is starting (READY)
2025-01-29 13:26:44,317 INFO c.h.h.t.HelmChartContainer - [hivemq-test-hivemq-platform] [hivemq-platform-operator] [bf8a1584] 13:26:44.315 [ReconcilerExecutor-hivemq-controller-119] DEBUG c.h.p.o.HiveMQPlatformReconciler - [helmcust] Custom Resource Spec (replicas: 2) (extensions: 1)
2025-01-29 13:26:44,320 INFO c.h.h.t.HelmChartContainer - [hivemq-test-hivemq-platform] [hivemq-platform-operator] [bf8a1584] 13:26:44.319 [ReconcilerExecutor-hivemq-controller-119] DEBUG c.h.p.o.HiveMQPlatformReconciler - [helmcust] StatefulSet Status (revision: test-hivemq-platform-7f5f89548, replicas: 2, available: 1, ready: 1, current: 2, updated: 2)
2025-01-29 13:26:44,386 INFO c.h.h.t.HelmChartContainer - [test-hivemq-platform] [hivemq] [c978e4ad] WARN  - [HiveMQ Platform Operator Init App 1.7.0-SNAPSHOT] Cannot connect to Health API for readiness: null
2025-01-29 13:26:44,388 INFO c.h.h.t.HelmChartContainer - [hivemq-test-hivemq-platform] [hivemq-platform-operator] [bf8a1584] 13:26:44.320 [ReconcilerExecutor-hivemq-controller-119] DEBUG c.h.p.o.HiveMQPlatformReconciler - [helmcust] StatefulSet Spec (replicas: 2, init containers: 1, containers: 1, volumes: 3)
2025-01-29 13:26:44,391 INFO c.h.h.t.HelmChartContainer - [EVENT] Warning [Unhealthy] Readiness probe failed: HTTP probe failed with statuscode: 503 [helmcustomconfigit:test-hivemq-platform-1]
2025-01-29 13:26:44,391 INFO c.h.h.t.HelmChartContainer - Received Unhealthy event for container hivemq in pod test-hivemq-platform-1 [c978e4ad-d507-4644-a198-ae05cc1ee624]
2025-01-29 13:26:44,392 INFO c.h.h.t.HelmChartContainer - [test-hivemq-platform] [hivemq] [c978e4ad] INFO  - [HiveMQ Platform Operator Init App 1.7.0-SNAPSHOT] Successfully updated Pod HiveMQ Platform Operator Init App version annotation (version: 1.7.0-SNAPSHOT)
2025-01-29 13:26:44,393 INFO c.h.h.t.HelmChartContainer - [hivemq-test-hivemq-platform] [hivemq-platform-operator] [bf8a1584] 13:26:44.392 [ReconcilerExecutor-hivemq-controller-119] DEBUG c.h.p.o.h.HiveMQPlatformReconcilerErrorHandler - [helmcust] Pod 'test-hivemq-platform-1' phase Running
2025-01-29 13:26:44,398 INFO c.h.h.t.HelmChartContainer - [hivemq-test-hivemq-platform] [hivemq-platform-operator] [bf8a1584] 13:26:44.396 [ReconcilerExecutor-hivemq-controller-119] DEBUG c.h.p.o.h.HiveMQPlatformReconcilerErrorHandler - [helmcust] Pod 'test-hivemq-platform-0' phase Running
2025-01-29 13:26:44,400 INFO c.h.h.t.HelmChartContainer - [hivemq-test-hivemq-platform] [hivemq-platform-operator] [bf8a1584] 13:26:44.397 [ReconcilerExecutor-hivemq-controller-119] INFO  c.h.p.o.h.HiveMQPlatformReconcilerBaseHandler - [helmcust] HiveMQ Platform is starting, 1 of 2 replicas are ready
2025-01-29 13:26:49,363 INFO c.h.h.t.HelmChartContainer - [test-hivemq-platform] [hivemq] [c978e4ad] WARN  - [HiveMQ Platform Operator Init App 1.7.0-SNAPSHOT] Cannot connect to Health API for readiness: null
2025-01-29 13:26:49,368 INFO c.h.h.t.HelmChartContainer - [EVENT] Warning [Unhealthy] Readiness probe failed: HTTP probe failed with statuscode: 503 [helmcustomconfigit:test-hivemq-platform-1]
2025-01-29 13:26:49,368 INFO c.h.h.t.HelmChartContainer - Received Unhealthy event for container hivemq in pod test-hivemq-platform-1 [c978e4ad-d507-4644-a198-ae05cc1ee624]
2025-01-29 13:26:54,390 INFO c.h.h.t.HelmChartContainer - [test-hivemq-platform] [hivemq] [c978e4ad] WARN  - [HiveMQ Platform Operator Init App 1.7.0-SNAPSHOT] Cannot connect to Health API for readiness: null
2025-01-29 13:26:54,395 INFO c.h.h.t.HelmChartContainer - [EVENT] Warning [Unhealthy] Readiness probe failed: HTTP probe failed with statuscode: 503 [helmcustomconfigit:test-hivemq-platform-1]
2025-01-29 13:26:54,395 INFO c.h.h.t.HelmChartContainer - Received Unhealthy event for container hivemq in pod test-hivemq-platform-1 [c978e4ad-d507-4644-a198-ae05cc1ee624]
2025-01-29 13:26:54,404 INFO c.h.h.t.HelmChartContainer - [hivemq-test-hivemq-platform] [hivemq-platform-operator] [bf8a1584] 13:26:54.402 [pool-6-thread-11] DEBUG c.h.p.o.d.PlatformServiceResource - [helmcust] Desired Platform services (3 services)
2025-01-29 13:26:54,406 INFO c.h.h.t.HelmChartContainer - [hivemq-test-hivemq-platform] [hivemq-platform-operator] [bf8a1584] 13:26:54.405 [pool-6-thread-13] DEBUG c.h.p.o.d.PodServiceAccountResource - [helmcust] Desired PodServiceAccountResource (serviceAccountName: hivemq-platform-pod-test-hivemq-platform)
2025-01-29 13:26:54,407 INFO c.h.h.t.HelmChartContainer - [hivemq-test-hivemq-platform] [hivemq-platform-operator] [bf8a1584] 13:26:54.406 [pool-6-thread-15] DEBUG c.h.p.o.dependants.PodInfoConfigMap - [helmcust] Desired PodInfo ConfigMap (1 extensions) (1 enabled)
2025-01-29 13:26:54,409 INFO c.h.h.t.HelmChartContainer - [hivemq-test-hivemq-platform] [hivemq-platform-operator] [bf8a1584] 13:26:54.407 [pool-6-thread-15] DEBUG c.h.p.o.dependants.PodInfoConfigMap - [helmcust] Desired PodInfo ConfigMap (metrics port: 9399) (metrics path: /)
2025-01-29 13:26:54,409 INFO c.h.h.t.HelmChartContainer - [hivemq-test-hivemq-platform] [hivemq-platform-operator] [bf8a1584] 13:26:54.407 [pool-6-thread-15] DEBUG c.h.p.o.dependants.PodInfoConfigMap - [helmcust] Desired PodInfo ConfigMap (extension state hash: -1817474005)
2025-01-29 13:26:54,411 INFO c.h.h.t.HelmChartContainer - [hivemq-test-hivemq-platform] [hivemq-platform-operator] [bf8a1584] 13:26:54.410 [pool-6-thread-15] DEBUG c.h.p.o.d.StatefulSetResource - [helmcust] Desired StatefulSet (2 replicas) for status STARTING (READY)
2025-01-29 13:26:54,415 INFO c.h.h.t.HelmChartContainer - [hivemq-test-hivemq-platform] [hivemq-platform-operator] [bf8a1584] 13:26:54.414 [ReconcilerExecutor-hivemq-controller-120] INFO  c.h.p.o.HiveMQPlatformReconciler - [helmcust] Reconciling HiveMQ Platform 'test-hivemq-platform' in namespace 'helmcustomconfigit'
2025-01-29 13:26:54,417 INFO c.h.h.t.HelmChartContainer - [hivemq-test-hivemq-platform] [hivemq-platform-operator] [bf8a1584] 13:26:54.414 [ReconcilerExecutor-hivemq-controller-120] DEBUG c.h.p.o.HiveMQPlatformReconciler - [helmcust] Custom Resource Status STARTING - HiveMQ Platform is starting (READY)
2025-01-29 13:26:54,417 INFO c.h.h.t.HelmChartContainer - [hivemq-test-hivemq-platform] [hivemq-platform-operator] [bf8a1584] 13:26:54.414 [ReconcilerExecutor-hivemq-controller-120] DEBUG c.h.p.o.HiveMQPlatformReconciler - [helmcust] Custom Resource Spec (replicas: 2) (extensions: 1)
2025-01-29 13:26:54,418 INFO c.h.h.t.HelmChartContainer - [hivemq-test-hivemq-platform] [hivemq-platform-operator] [bf8a1584] 13:26:54.415 [ReconcilerExecutor-hivemq-controller-120] DEBUG c.h.p.o.HiveMQPlatformReconciler - [helmcust] StatefulSet Status (revision: test-hivemq-platform-7f5f89548, replicas: 2, available: 1, ready: 1, current: 2, updated: 2)
2025-01-29 13:26:54,418 INFO c.h.h.t.HelmChartContainer - [hivemq-test-hivemq-platform] [hivemq-platform-operator] [bf8a1584] 13:26:54.415 [ReconcilerExecutor-hivemq-controller-120] DEBUG c.h.p.o.HiveMQPlatformReconciler - [helmcust] StatefulSet Spec (replicas: 2, init containers: 1, containers: 1, volumes: 3)
2025-01-29 13:26:54,418 INFO c.h.h.t.HelmChartContainer - [hivemq-test-hivemq-platform] [hivemq-platform-operator] [bf8a1584] 13:26:54.417 [ReconcilerExecutor-hivemq-controller-120] DEBUG c.h.p.o.h.HiveMQPlatformReconcilerErrorHandler - [helmcust] Pod 'test-hivemq-platform-1' phase Running
2025-01-29 13:26:54,419 INFO c.h.h.t.HelmChartContainer - [hivemq-test-hivemq-platform] [hivemq-platform-operator] [bf8a1584] 13:26:54.418 [ReconcilerExecutor-hivemq-controller-120] DEBUG c.h.p.o.h.HiveMQPlatformReconcilerErrorHandler - [helmcust] Pod 'test-hivemq-platform-0' phase Running
2025-01-29 13:26:54,419 INFO c.h.h.t.HelmChartContainer - [hivemq-test-hivemq-platform] [hivemq-platform-operator] [bf8a1584] 13:26:54.419 [ReconcilerExecutor-hivemq-controller-120] INFO  c.h.p.o.h.HiveMQPlatformReconcilerBaseHandler - [helmcust] HiveMQ Platform is starting, 1 of 2 replicas are ready
2025-01-29 13:26:56,288 INFO c.h.h.t.HelmChartContainer - [test-hivemq-platform] [hivemq] [c978e4ad] WARN  - [HiveMQ Platform Operator Init App 1.7.0-SNAPSHOT] Cannot connect to Health API for liveness: null
2025-01-29 13:26:56,288 INFO c.h.h.t.HelmChartContainer - [test-hivemq-platform] [hivemq] [c978e4ad] INFO  - [HiveMQ Platform Operator Init App 1.7.0-SNAPSHOT] Returning default Health API response 200 for liveness
2025-01-29 13:26:57,392 INFO c.h.h.t.HelmChartContainer - [test-hivemq-platform] [hivemq] [c978e4ad] INFO  - No valid license file found. Using trial license, restricted to 25 connections.
2025-01-29 13:26:59,388 INFO c.h.h.t.HelmChartContainer - [test-hivemq-platform] [hivemq] [c978e4ad] WARN  - [HiveMQ Platform Operator Init App 1.7.0-SNAPSHOT] Cannot connect to Health API for readiness: null
2025-01-29 13:26:59,392 INFO c.h.h.t.HelmChartContainer - [EVENT] Warning [Unhealthy] Readiness probe failed: HTTP probe failed with statuscode: 503 [helmcustomconfigit:test-hivemq-platform-1]
2025-01-29 13:26:59,392 INFO c.h.h.t.HelmChartContainer - Received Unhealthy event for container hivemq in pod test-hivemq-platform-1 [c978e4ad-d507-4644-a198-ae05cc1ee624]
2025-01-29 13:27:00,895 INFO c.h.h.t.HelmChartContainer - [test-hivemq-platform] [hivemq] [c978e4ad] INFO  - No valid license file for Data Hub found. Using free license, restricted to 1 policy.
2025-01-29 13:27:02,191 INFO c.h.h.t.HelmChartContainer - [test-hivemq-platform] [hivemq] [c978e4ad] INFO  - Audit Logger started.
2025-01-29 13:27:02,491 INFO c.h.h.t.HelmChartContainer - [test-hivemq-platform] [hivemq] [c978e4ad] INFO  - This node uses '1' CPU cores.
2025-01-29 13:27:02,496 INFO c.h.h.t.HelmChartContainer - [test-hivemq-platform] [hivemq] [c978e4ad] INFO  - Starting HiveMQ Health API on address 0.0.0.0 and port 8889
2025-01-29 13:27:03,403 INFO c.h.h.t.HelmChartContainer - [test-hivemq-platform] [hivemq] [c978e4ad] INFO  - Started HiveMQ Health API in 907ms
2025-01-29 13:27:04,100 INFO c.h.h.t.HelmChartContainer - [test-hivemq-platform] [hivemq] [c978e4ad] INFO  - Starting HiveMQ extension system.
2025-01-29 13:27:04,394 INFO c.h.h.t.HelmChartContainer - [test-hivemq-platform] [hivemq] [c978e4ad] INFO  - Starting extension with id "hivemq-dns-cluster-discovery" at /opt/hivemq/extensions/hivemq-dns-cluster-discovery
2025-01-29 13:27:04,423 INFO c.h.h.t.HelmChartContainer - [hivemq-test-hivemq-platform] [hivemq-platform-operator] [bf8a1584] 13:27:04.421 [pool-6-thread-24] DEBUG c.h.p.o.d.PlatformServiceResource - [helmcust] Desired Platform services (3 services)
2025-01-29 13:27:04,424 INFO c.h.h.t.HelmChartContainer - [hivemq-test-hivemq-platform] [hivemq-platform-operator] [bf8a1584] 13:27:04.422 [pool-6-thread-23] DEBUG c.h.p.o.d.PodServiceAccountResource - [helmcust] Desired PodServiceAccountResource (serviceAccountName: hivemq-platform-pod-test-hivemq-platform)
2025-01-29 13:27:04,425 INFO c.h.h.t.HelmChartContainer - [hivemq-test-hivemq-platform] [hivemq-platform-operator] [bf8a1584] 13:27:04.422 [pool-6-thread-28] DEBUG c.h.p.o.dependants.PodInfoConfigMap - [helmcust] Desired PodInfo ConfigMap (1 extensions) (1 enabled)
2025-01-29 13:27:04,425 INFO c.h.h.t.HelmChartContainer - [hivemq-test-hivemq-platform] [hivemq-platform-operator] [bf8a1584] 13:27:04.423 [pool-6-thread-28] DEBUG c.h.p.o.dependants.PodInfoConfigMap - [helmcust] Desired PodInfo ConfigMap (metrics port: 9399) (metrics path: /)
2025-01-29 13:27:04,426 INFO c.h.h.t.HelmChartContainer - [hivemq-test-hivemq-platform] [hivemq-platform-operator] [bf8a1584] 13:27:04.423 [pool-6-thread-28] DEBUG c.h.p.o.dependants.PodInfoConfigMap - [helmcust] Desired PodInfo ConfigMap (extension state hash: -1817474005)
2025-01-29 13:27:04,428 INFO c.h.h.t.HelmChartContainer - [hivemq-test-hivemq-platform] [hivemq-platform-operator] [bf8a1584] 13:27:04.427 [pool-6-thread-24] DEBUG c.h.p.o.d.StatefulSetResource - [helmcust] Desired StatefulSet (2 replicas) for status STARTING (READY)
2025-01-29 13:27:04,435 INFO c.h.h.t.HelmChartContainer - [hivemq-test-hivemq-platform] [hivemq-platform-operator] [bf8a1584] 13:27:04.431 [ReconcilerExecutor-hivemq-controller-121] INFO  c.h.p.o.HiveMQPlatformReconciler - [helmcust] Reconciling HiveMQ Platform 'test-hivemq-platform' in namespace 'helmcustomconfigit'
2025-01-29 13:27:04,436 INFO c.h.h.t.HelmChartContainer - [hivemq-test-hivemq-platform] [hivemq-platform-operator] [bf8a1584] 13:27:04.431 [ReconcilerExecutor-hivemq-controller-121] DEBUG c.h.p.o.HiveMQPlatformReconciler - [helmcust] Custom Resource Status STARTING - HiveMQ Platform is starting (READY)
2025-01-29 13:27:04,436 INFO c.h.h.t.HelmChartContainer - [hivemq-test-hivemq-platform] [hivemq-platform-operator] [bf8a1584] 13:27:04.431 [ReconcilerExecutor-hivemq-controller-121] DEBUG c.h.p.o.HiveMQPlatformReconciler - [helmcust] Custom Resource Spec (replicas: 2) (extensions: 1)
2025-01-29 13:27:04,436 INFO c.h.h.t.HelmChartContainer - [hivemq-test-hivemq-platform] [hivemq-platform-operator] [bf8a1584] 13:27:04.432 [ReconcilerExecutor-hivemq-controller-121] DEBUG c.h.p.o.HiveMQPlatformReconciler - [helmcust] StatefulSet Status (revision: test-hivemq-platform-7f5f89548, replicas: 2, available: 1, ready: 1, current: 2, updated: 2)
2025-01-29 13:27:04,437 INFO c.h.h.t.HelmChartContainer - [hivemq-test-hivemq-platform] [hivemq-platform-operator] [bf8a1584] 13:27:04.433 [ReconcilerExecutor-hivemq-controller-121] DEBUG c.h.p.o.HiveMQPlatformReconciler - [helmcust] StatefulSet Spec (replicas: 2, init containers: 1, containers: 1, volumes: 3)
2025-01-29 13:27:04,437 INFO c.h.h.t.HelmChartContainer - [hivemq-test-hivemq-platform] [hivemq-platform-operator] [bf8a1584] 13:27:04.435 [ReconcilerExecutor-hivemq-controller-121] DEBUG c.h.p.o.h.HiveMQPlatformReconcilerErrorHandler - [helmcust] Pod 'test-hivemq-platform-1' phase Running
2025-01-29 13:27:04,438 INFO c.h.h.t.HelmChartContainer - [hivemq-test-hivemq-platform] [hivemq-platform-operator] [bf8a1584] 13:27:04.436 [ReconcilerExecutor-hivemq-controller-121] DEBUG c.h.p.o.h.HiveMQPlatformReconcilerErrorHandler - [helmcust] Pod 'test-hivemq-platform-0' phase Running
2025-01-29 13:27:04,440 INFO c.h.h.t.HelmChartContainer - [hivemq-test-hivemq-platform] [hivemq-platform-operator] [bf8a1584] 13:27:04.437 [ReconcilerExecutor-hivemq-controller-121] INFO  c.h.p.o.h.HiveMQPlatformReconcilerBaseHandler - [helmcust] HiveMQ Platform is starting, 1 of 2 replicas are ready
2025-01-29 13:27:05,190 INFO c.h.h.t.HelmChartContainer - [test-hivemq-platform] [hivemq] [c978e4ad] INFO  - Extension "DNS Cluster Discovery Extension" version 4.3.2 started successfully.
2025-01-29 13:27:05,193 INFO c.h.h.t.HelmChartContainer - [test-hivemq-platform] [hivemq] [c978e4ad] INFO  - Starting extension with id "hivemq-prometheus-extension" at /opt/hivemq/extensions/hivemq-prometheus-extension
2025-01-29 13:27:05,342 INFO c.h.h.t.HelmChartContainer - [EVENT] Warning [Unhealthy] Readiness probe failed: Get "http://10.42.0.15:7979/readiness": context deadline exceeded (Client.Timeout exceeded while awaiting headers) [helmcustomconfigit:test-hivemq-platform-1]
2025-01-29 13:27:05,343 INFO c.h.h.t.HelmChartContainer - Received Unhealthy event for container hivemq in pod test-hivemq-platform-1 [c978e4ad-d507-4644-a198-ae05cc1ee624]
2025-01-29 13:27:05,495 INFO c.h.h.t.HelmChartContainer - [test-hivemq-platform] [hivemq] [c978e4ad] INFO  - Using TCP cluster transport on address 10.42.0.15 and port 8000
2025-01-29 13:27:05,686 INFO c.h.h.t.HelmChartContainer - [test-hivemq-platform] [hivemq] [c978e4ad] INFO  - Using extension cluster discovery
2025-01-29 13:27:06,192 INFO c.h.h.t.HelmChartContainer - [test-hivemq-platform] [hivemq] [c978e4ad] INFO  - [HiveMQ Platform Operator Init App 1.7.0-SNAPSHOT] Returning Health API response 503 for readiness
2025-01-29 13:27:06,595 INFO c.h.h.t.HelmChartContainer - [test-hivemq-platform] [hivemq] [c978e4ad] INFO  - Started Jetty Server exposing Prometheus Servlet on URI http://0.0.0.0:9399/
2025-01-29 13:27:06,595 INFO c.h.h.t.HelmChartContainer - [test-hivemq-platform] [hivemq] [c978e4ad] INFO  - Extension "Prometheus Monitoring Extension" version 4.0.12 started successfully.
2025-01-29 13:27:06,595 INFO c.h.h.t.HelmChartContainer - [test-hivemq-platform] [hivemq] [c978e4ad] INFO  - Starting extension with id "hivemq-allow-all-extension" at /opt/hivemq/extensions/hivemq-allow-all-extension
2025-01-29 13:27:06,595 INFO c.h.h.t.HelmChartContainer - [test-hivemq-platform] [hivemq] [c978e4ad] WARN  - 
2025-01-29 13:27:06,595 INFO c.h.h.t.HelmChartContainer - [test-hivemq-platform] [hivemq] [c978e4ad] ################################################################################################################
2025-01-29 13:27:06,595 INFO c.h.h.t.HelmChartContainer - [test-hivemq-platform] [hivemq] [c978e4ad] # This HiveMQ deployment is not secure! You are lacking Authentication and Authorization.                      #
2025-01-29 13:27:06,595 INFO c.h.h.t.HelmChartContainer - [test-hivemq-platform] [hivemq] [c978e4ad] # Right now any MQTT client can connect to the broker with a full set of permissions.                          #
2025-01-29 13:27:06,595 INFO c.h.h.t.HelmChartContainer - [test-hivemq-platform] [hivemq] [c978e4ad] # For production usage, add an appropriate security extension and remove the hivemq-allow-all extension.       #
2025-01-29 13:27:06,595 INFO c.h.h.t.HelmChartContainer - [test-hivemq-platform] [hivemq] [c978e4ad] # You can download security extensions from the HiveMQ Marketplace (https://www.hivemq.com/extensions/).       #
2025-01-29 13:27:06,595 INFO c.h.h.t.HelmChartContainer - [test-hivemq-platform] [hivemq] [c978e4ad] ################################################################################################################
2025-01-29 13:27:06,684 INFO c.h.h.t.HelmChartContainer - [test-hivemq-platform] [hivemq] [c978e4ad] INFO  - Extension "Allow All Extension" version 1.1.1 started successfully.
2025-01-29 13:27:06,999 INFO c.h.h.t.HelmChartContainer - [test-hivemq-platform] [hivemq] [1305f1c2] INFO  - Cluster nodes found by discovery: [0AciL|1] (2) [0AciL, KSo3B].
2025-01-29 13:27:07,087 INFO c.h.h.t.HelmChartContainer - [test-hivemq-platform] [hivemq] [c978e4ad] INFO  - Cluster nodes found by discovery: [0AciL|1] (2) [0AciL, KSo3B].
2025-01-29 13:27:07,202 INFO c.h.h.t.HelmChartContainer - [test-hivemq-platform] [hivemq] [c978e4ad] INFO  - Cluster size = 1, members : [0AciL].
2025-01-29 13:27:07,698 INFO c.h.h.t.HelmChartContainer - [test-hivemq-platform] [hivemq] [c978e4ad] INFO  - Starting cluster join process. This may take a while. Please do not shut down HiveMQ.
2025-01-29 13:27:07,700 INFO c.h.h.t.HelmChartContainer - [test-hivemq-platform] [hivemq] [c978e4ad] INFO  - Cluster join process is still ongoing. Please do not shut down HiveMQ.
2025-01-29 13:27:09,308 INFO c.h.h.t.HelmChartContainer - [EVENT] Warning [Unhealthy] Readiness probe failed: HTTP probe failed with statuscode: 503 [helmcustomconfigit:test-hivemq-platform-1]
2025-01-29 13:27:09,308 INFO c.h.h.t.HelmChartContainer - Received Unhealthy event for container hivemq in pod test-hivemq-platform-1 [c978e4ad-d507-4644-a198-ae05cc1ee624]
2025-01-29 13:27:09,713 INFO c.h.h.t.HelmChartContainer - [test-hivemq-platform] [hivemq] [1305f1c2] INFO  - Cluster size = 2, members : [0AciL, KSo3B].
2025-01-29 13:27:09,786 INFO c.h.h.t.HelmChartContainer - [test-hivemq-platform] [hivemq] [c978e4ad] INFO  - Cluster size = 2, members : [0AciL, KSo3B].
2025-01-29 13:27:09,792 INFO c.h.h.t.HelmChartContainer - [test-hivemq-platform] [hivemq] [c978e4ad] INFO  - Finished cluster join process successfully.
2025-01-29 13:27:09,795 INFO c.h.h.t.HelmChartContainer - [test-hivemq-platform] [hivemq] [c978e4ad] WARN  - No user for HiveMQ Control Center configured. Starting with default user
2025-01-29 13:27:09,796 INFO c.h.h.t.HelmChartContainer - [test-hivemq-platform] [hivemq] [c978e4ad] INFO  - Starting HiveMQ Control Center on address 0.0.0.0 and port 8080
2025-01-29 13:27:09,799 INFO c.h.h.t.HelmChartContainer - [test-hivemq-platform] [hivemq] [c978e4ad] INFO  - Mounting HiveMQ Control Center V2 Preview
2025-01-29 13:27:10,692 INFO c.h.h.t.HelmChartContainer - [test-hivemq-platform] [hivemq] [c978e4ad] INFO  - Started HiveMQ Control Center in 898ms
2025-01-29 13:27:10,789 INFO c.h.h.t.HelmChartContainer - [test-hivemq-platform] [hivemq] [c978e4ad] INFO  - Starting TCP listener on address 0.0.0.0 and port 1884
2025-01-29 13:27:10,805 INFO c.h.h.t.HelmChartContainer - [test-hivemq-platform] [hivemq] [c978e4ad] INFO  - Started TCP Listener on address 0.0.0.0 and on port 1884.
2025-01-29 13:27:10,806 INFO c.h.h.t.HelmChartContainer - [test-hivemq-platform] [hivemq] [c978e4ad] INFO  - Started HiveMQ in 34908ms
2025-01-29 13:27:14,305 INFO c.h.h.t.HelmChartContainer - [test-hivemq-platform] [hivemq] [c978e4ad] INFO  - [HiveMQ Platform Operator Init App 1.7.0-SNAPSHOT] Returning Health API response 200 for readiness
2025-01-29 13:27:14,316 INFO c.h.h.t.HelmChartContainer - [POD] test-hivemq-platform-1 [c978e4ad-d507-4644-a198-ae05cc1ee624] in helmcustomconfigit was MODIFIED
2025-01-29 13:27:14,332 INFO c.h.h.t.HelmChartContainer - [hivemq-test-hivemq-platform] [hivemq-platform-operator] [bf8a1584] 13:27:14.325 [pool-6-thread-36] DEBUG c.h.p.o.d.PlatformServiceResource - [helmcust] Desired Platform services (3 services)
2025-01-29 13:27:14,332 INFO c.h.h.t.HelmChartContainer - [hivemq-test-hivemq-platform] [hivemq-platform-operator] [bf8a1584] 13:27:14.326 [pool-6-thread-38] DEBUG c.h.p.o.dependants.PodInfoConfigMap - [helmcust] Desired PodInfo ConfigMap (1 extensions) (1 enabled)
2025-01-29 13:27:14,332 INFO c.h.h.t.HelmChartContainer - [hivemq-test-hivemq-platform] [hivemq-platform-operator] [bf8a1584] 13:27:14.329 [pool-6-thread-38] DEBUG c.h.p.o.dependants.PodInfoConfigMap - [helmcust] Desired PodInfo ConfigMap (metrics port: 9399) (metrics path: /)
2025-01-29 13:27:14,332 INFO c.h.h.t.HelmChartContainer - [hivemq-test-hivemq-platform] [hivemq-platform-operator] [bf8a1584] 13:27:14.329 [pool-6-thread-38] DEBUG c.h.p.o.dependants.PodInfoConfigMap - [helmcust] Desired PodInfo ConfigMap (extension state hash: -1817474005)
2025-01-29 13:27:14,332 INFO c.h.h.t.HelmChartContainer - [hivemq-test-hivemq-platform] [hivemq-platform-operator] [bf8a1584] 13:27:14.330 [pool-6-thread-35] DEBUG c.h.p.o.d.PodServiceAccountResource - [helmcust] Desired PodServiceAccountResource (serviceAccountName: hivemq-platform-pod-test-hivemq-platform)
2025-01-29 13:27:14,341 INFO c.h.h.t.HelmChartContainer - [hivemq-test-hivemq-platform] [hivemq-platform-operator] [bf8a1584] 13:27:14.339 [pool-6-thread-38] DEBUG c.h.p.o.d.StatefulSetResource - [helmcust] Desired StatefulSet (2 replicas) for status STARTING (READY)
2025-01-29 13:27:14,345 INFO c.h.h.t.HelmChartContainer - [hivemq-test-hivemq-platform] [hivemq-platform-operator] [bf8a1584] 13:27:14.344 [ReconcilerExecutor-hivemq-controller-122] INFO  c.h.p.o.HiveMQPlatformReconciler - [helmcust] Reconciling HiveMQ Platform 'test-hivemq-platform' in namespace 'helmcustomconfigit'
2025-01-29 13:27:14,345 INFO c.h.h.t.HelmChartContainer - [hivemq-test-hivemq-platform] [hivemq-platform-operator] [bf8a1584] 13:27:14.344 [ReconcilerExecutor-hivemq-controller-122] DEBUG c.h.p.o.HiveMQPlatformReconciler - [helmcust] Custom Resource Status STARTING - HiveMQ Platform is starting (READY)
2025-01-29 13:27:14,345 INFO c.h.h.t.HelmChartContainer - [hivemq-test-hivemq-platform] [hivemq-platform-operator] [bf8a1584] 13:27:14.344 [ReconcilerExecutor-hivemq-controller-122] DEBUG c.h.p.o.HiveMQPlatformReconciler - [helmcust] Custom Resource Spec (replicas: 2) (extensions: 1)
2025-01-29 13:27:14,346 INFO c.h.h.t.HelmChartContainer - [hivemq-test-hivemq-platform] [hivemq-platform-operator] [bf8a1584] 13:27:14.345 [ReconcilerExecutor-hivemq-controller-122] DEBUG c.h.p.o.HiveMQPlatformReconciler - [helmcust] StatefulSet Status (revision: test-hivemq-platform-7f5f89548, replicas: 2, available: 2, ready: 2, current: 2, updated: 2)
2025-01-29 13:27:14,385 INFO c.h.h.t.HelmChartContainer - [hivemq-test-hivemq-platform] [hivemq-platform-operator] [bf8a1584] 13:27:14.346 [ReconcilerExecutor-hivemq-controller-122] DEBUG c.h.p.o.HiveMQPlatformReconciler - [helmcust] StatefulSet Spec (replicas: 2, init containers: 1, containers: 1, volumes: 3)
2025-01-29 13:27:14,387 INFO c.h.h.t.HelmChartContainer - [hivemq-test-hivemq-platform] [hivemq-platform-operator] [bf8a1584] 13:27:14.385 [ReconcilerExecutor-hivemq-controller-122] DEBUG c.h.p.o.h.HiveMQPlatformReconcilerErrorHandler - [helmcust] Pod 'test-hivemq-platform-1' phase Running
2025-01-29 13:27:14,388 INFO c.h.h.t.HelmChartContainer - [hivemq-test-hivemq-platform] [hivemq-platform-operator] [bf8a1584] 13:27:14.387 [ReconcilerExecutor-hivemq-controller-122] DEBUG c.h.p.o.h.HiveMQPlatformReconcilerErrorHandler - [helmcust] Pod 'test-hivemq-platform-0' phase Running
2025-01-29 13:27:14,390 INFO c.h.h.t.HelmChartContainer - [hivemq-test-hivemq-platform] [hivemq-platform-operator] [bf8a1584] 13:27:14.388 [ReconcilerExecutor-hivemq-controller-122] INFO  c.h.p.o.h.HiveMQPlatformReconcilerBaseHandler - [helmcust] HiveMQ Platform started successfully
2025-01-29 13:27:14,499 INFO c.h.h.t.HelmChartContainer - [hivemq-test-hivemq-platform] [hivemq-platform-operator] [bf8a1584] 13:27:14.496 [ReconcilerExecutor-hivemq-controller-122] DEBUG c.h.p.operator.event.EventSender - [helmcust] Creating K8s event hivemq-platform-ready: [Ready] HiveMQ Platform is ready
2025-01-29 13:27:14,502 INFO c.h.h.t.HelmChartContainer - [EVENT] Normal [Ready] HiveMQ Platform is ready [helmcustomconfigit:test-hivemq-platform]
2025-01-29 13:27:14,505 INFO c.h.h.t.HelmChartContainer - [hivemq-test-hivemq-platform] [hivemq-platform-operator] [bf8a1584] 13:27:14.503 [ReconcilerExecutor-hivemq-controller-122] INFO  c.h.p.o.h.AbstractHiveMQReconcilerStateHandler - [helmcust] Update HiveMQ Platform Status (STARTING [READY] -> RUNNING [READY]): HiveMQ Platform is ready
2025-01-29 13:27:14,592 DEBUG com.hivemq.helmcharts.util.K8sUtil - Comparing actual state 'RUNNING' and waiting for 'RUNNING'
2025-01-29 13:27:14,603 INFO c.h.h.t.HelmChartContainer - [hivemq-test-hivemq-platform] [hivemq-platform-operator] [bf8a1584] 13:27:14.601 [pool-6-thread-48] DEBUG c.h.p.o.d.PodServiceAccountResource - [helmcust] Desired PodServiceAccountResource (serviceAccountName: hivemq-platform-pod-test-hivemq-platform)
2025-01-29 13:27:14,604 INFO c.h.h.t.HelmChartContainer - [hivemq-test-hivemq-platform] [hivemq-platform-operator] [bf8a1584] 13:27:14.602 [pool-6-thread-50] DEBUG c.h.p.o.dependants.PodInfoConfigMap - [helmcust] Desired PodInfo ConfigMap (1 extensions) (1 enabled)
2025-01-29 13:27:14,604 INFO c.h.h.t.HelmChartContainer - [hivemq-test-hivemq-platform] [hivemq-platform-operator] [bf8a1584] 13:27:14.602 [pool-6-thread-50] DEBUG c.h.p.o.dependants.PodInfoConfigMap - [helmcust] Desired PodInfo ConfigMap (metrics port: 9399) (metrics path: /)
2025-01-29 13:27:14,604 INFO c.h.h.t.HelmChartContainer - [hivemq-test-hivemq-platform] [hivemq-platform-operator] [bf8a1584] 13:27:14.602 [pool-6-thread-50] DEBUG c.h.p.o.dependants.PodInfoConfigMap - [helmcust] Desired PodInfo ConfigMap (extension state hash: -1817474005)
2025-01-29 13:27:14,604 INFO c.h.h.t.HelmChartContainer - [hivemq-test-hivemq-platform] [hivemq-platform-operator] [bf8a1584] 13:27:14.602 [pool-6-thread-41] DEBUG c.h.p.o.d.PlatformServiceResource - [helmcust] Desired Platform services (3 services)
2025-01-29 13:27:14,607 INFO c.h.h.t.HelmChartContainer - [hivemq-test-hivemq-platform] [hivemq-platform-operator] [bf8a1584] 13:27:14.605 [pool-6-thread-50] DEBUG c.h.p.o.dependants.PodInfoConfigMap - [helmcust] Update PodInfo ConfigMap
2025-01-29 13:27:14,688 INFO c.h.h.t.HelmChartContainer - [hivemq-test-hivemq-platform] [hivemq-platform-operator] [bf8a1584] 13:27:14.687 [pool-6-thread-50] DEBUG c.h.p.o.d.StatefulSetResource - [helmcust] Desired StatefulSet (2 replicas) for status RUNNING (READY)
2025-01-29 13:27:14,691 INFO c.h.h.t.HelmChartContainer - [hivemq-test-hivemq-platform] [hivemq-platform-operator] [bf8a1584] 13:27:14.690 [ReconcilerExecutor-hivemq-controller-123] INFO  c.h.p.o.HiveMQPlatformReconciler - [helmcust] Reconciling HiveMQ Platform 'test-hivemq-platform' in namespace 'helmcustomconfigit'
2025-01-29 13:27:14,693 INFO c.h.h.t.HelmChartContainer - [hivemq-test-hivemq-platform] [hivemq-platform-operator] [bf8a1584] 13:27:14.690 [ReconcilerExecutor-hivemq-controller-123] DEBUG c.h.p.o.HiveMQPlatformReconciler - [helmcust] Custom Resource Status RUNNING - HiveMQ Platform is ready (READY)
2025-01-29 13:27:14,694 INFO c.h.h.t.HelmChartContainer - [hivemq-test-hivemq-platform] [hivemq-platform-operator] [bf8a1584] 13:27:14.691 [ReconcilerExecutor-hivemq-controller-123] DEBUG c.h.p.o.HiveMQPlatformReconciler - [helmcust] Custom Resource Spec (replicas: 2) (extensions: 1)
2025-01-29 13:27:14,694 INFO c.h.h.t.HelmChartContainer - [hivemq-test-hivemq-platform] [hivemq-platform-operator] [bf8a1584] 13:27:14.692 [ReconcilerExecutor-hivemq-controller-123] DEBUG c.h.p.o.HiveMQPlatformReconciler - [helmcust] StatefulSet Status (revision: test-hivemq-platform-7f5f89548, replicas: 2, available: 2, ready: 2, current: 2, updated: 2)
2025-01-29 13:27:14,694 INFO c.h.h.t.HelmChartContainer - [hivemq-test-hivemq-platform] [hivemq-platform-operator] [bf8a1584] 13:27:14.692 [ReconcilerExecutor-hivemq-controller-123] DEBUG c.h.p.o.HiveMQPlatformReconciler - [helmcust] StatefulSet Spec (replicas: 2, init containers: 1, containers: 1, volumes: 3)
2025-01-29 13:27:14,696 INFO c.h.h.t.HelmChartContainer - [hivemq-test-hivemq-platform] [hivemq-platform-operator] [bf8a1584] 13:27:14.695 [ReconcilerExecutor-hivemq-controller-123] DEBUG c.h.p.o.h.HiveMQPlatformReconcilerErrorHandler - [helmcust] Pod 'test-hivemq-platform-1' phase Running
2025-01-29 13:27:14,697 INFO c.h.h.t.HelmChartContainer - [hivemq-test-hivemq-platform] [hivemq-platform-operator] [bf8a1584] 13:27:14.697 [ReconcilerExecutor-hivemq-controller-123] DEBUG c.h.p.o.h.HiveMQPlatformReconcilerErrorHandler - [helmcust] Pod 'test-hivemq-platform-0' phase Running
2025-01-29 13:27:16,615 INFO c.h.h.t.HelmChartContainer - Uninstalling release 'test-hivemq-platform' in namespace 'helmcustomconfigit'...
2025-01-29 13:27:16,615 DEBUG c.h.h.t.HelmChartContainer - Executing helm command: /bin/helm --kubeconfig /etc/rancher/k3s/k3s.yaml uninstall test-hivemq-platform  --wait --timeout 5m0s --cascade foreground --namespace helmcustomconfigit
2025-01-29 13:27:16,819 INFO c.h.h.t.HelmChartContainer - [hivemq-test-hivemq-platform] [hivemq-platform-operator] [bf8a1584] 13:27:16.813 [pool-6-thread-7] DEBUG c.h.p.o.d.PlatformServiceResource - [helmcust] Desired Platform services (3 services)
2025-01-29 13:27:16,823 INFO c.h.h.t.HelmChartContainer - [hivemq-test-hivemq-platform] [hivemq-platform-operator] [bf8a1584] 13:27:16.818 [pool-6-thread-8] DEBUG c.h.p.o.dependants.PodInfoConfigMap - [helmcust] Desired PodInfo ConfigMap (1 extensions) (1 enabled)
2025-01-29 13:27:16,823 INFO c.h.h.t.HelmChartContainer - [hivemq-test-hivemq-platform] [hivemq-platform-operator] [bf8a1584] 13:27:16.818 [pool-6-thread-8] DEBUG c.h.p.o.dependants.PodInfoConfigMap - [helmcust] Desired PodInfo ConfigMap (metrics port: 9399) (metrics path: /)
2025-01-29 13:27:16,823 INFO c.h.h.t.HelmChartContainer - [hivemq-test-hivemq-platform] [hivemq-platform-operator] [bf8a1584] 13:27:16.818 [pool-6-thread-8] DEBUG c.h.p.o.dependants.PodInfoConfigMap - [helmcust] Desired PodInfo ConfigMap (extension state hash: -1817474005)
2025-01-29 13:27:16,823 INFO c.h.h.t.HelmChartContainer - [hivemq-test-hivemq-platform] [hivemq-platform-operator] [bf8a1584] 13:27:16.821 [pool-6-thread-5] DEBUG c.h.p.o.d.PodServiceAccountResource - [helmcust] Desired PodServiceAccountResource (serviceAccountName: hivemq-platform-pod-test-hivemq-platform)
2025-01-29 13:27:16,892 INFO c.h.h.t.HelmChartContainer - [hivemq-test-hivemq-platform] [hivemq-platform-operator] [bf8a1584] 13:27:16.886 [pool-6-thread-2] DEBUG c.h.p.o.d.StatefulSetResource - [helmcust] Desired StatefulSet (2 replicas) for status RUNNING (READY)
2025-01-29 13:27:16,896 INFO c.h.h.t.HelmChartContainer - [hivemq-test-hivemq-platform] [hivemq-platform-operator] [bf8a1584] 13:27:16.895 [ReconcilerExecutor-hivemq-controller-124] INFO  c.h.p.o.HiveMQPlatformReconciler - [helmcust] Reconciling HiveMQ Platform 'test-hivemq-platform' in namespace 'helmcustomconfigit'
2025-01-29 13:27:16,898 INFO c.h.h.t.HelmChartContainer - [hivemq-test-hivemq-platform] [hivemq-platform-operator] [bf8a1584] 13:27:16.896 [ReconcilerExecutor-hivemq-controller-124] DEBUG c.h.p.o.HiveMQPlatformReconciler - [helmcust] Custom Resource Status RUNNING - HiveMQ Platform is ready (READY)
2025-01-29 13:27:16,898 INFO c.h.h.t.HelmChartContainer - [hivemq-test-hivemq-platform] [hivemq-platform-operator] [bf8a1584] 13:27:16.896 [ReconcilerExecutor-hivemq-controller-124] DEBUG c.h.p.o.HiveMQPlatformReconciler - [helmcust] Custom Resource Spec (replicas: 2) (extensions: 1)
2025-01-29 13:27:16,898 INFO c.h.h.t.HelmChartContainer - [hivemq-test-hivemq-platform] [hivemq-platform-operator] [bf8a1584] 13:27:16.896 [ReconcilerExecutor-hivemq-controller-124] WARN  c.h.p.o.h.HiveMQPlatformReconcilerErrorHandler - [helmcust] Could not find ConfigMap 'hivemq-configuration-test-hivemq-platform' for HiveMQ Platform configuration
2025-01-29 13:27:17,005 INFO c.h.h.t.HelmChartContainer - [hivemq-test-hivemq-platform] [hivemq-platform-operator] [bf8a1584] 13:27:17.002 [ReconcilerExecutor-hivemq-controller-124] DEBUG c.h.p.operator.event.EventSender - [helmcust] Creating K8s event hivemq-platform-invalid-configuration: [Start] Could not find ConfigMap 'hivemq-configuration-test-hivemq-platform' for HiveMQ Platform configuration
2025-01-29 13:27:17,008 INFO c.h.h.t.HelmChartContainer - [EVENT] Warning [Start] Could not find ConfigMap 'hivemq-configuration-test-hivemq-platform' for HiveMQ Platform configuration [helmcustomconfigit:test-hivemq-platform]
2025-01-29 13:27:17,010 INFO c.h.h.t.HelmChartContainer - [hivemq-test-hivemq-platform] [hivemq-platform-operator] [bf8a1584] 13:27:17.009 [ReconcilerExecutor-hivemq-controller-124] INFO  c.h.p.o.h.AbstractHiveMQReconcilerStateHandler - [helmcust] Update HiveMQ Platform Status (RUNNING [READY] -> ERROR [INVALID_CONFIG_MAP]): Could not find ConfigMap 'hivemq-configuration-test-hivemq-platform' for HiveMQ Platform configuration
2025-01-29 13:27:17,099 INFO c.h.h.t.HelmChartContainer - [hivemq-test-hivemq-platform] [hivemq-platform-operator] [bf8a1584] 13:27:17.091 [ReconcilerExecutor-hivemq-controller-124] ERROR i.j.o.p.event.EventProcessor - Error during event processing ExecutionScope{ resource id: ResourceID{name='test-hivemq-platform', namespace='helmcustomconfigit'}, version: 1581}
2025-01-29 13:27:17,099 INFO c.h.h.t.HelmChartContainer - [hivemq-test-hivemq-platform] [hivemq-platform-operator] [bf8a1584] io.fabric8.kubernetes.client.KubernetesClientException: Failure executing: PUT at: https://10.43.0.1:443/apis/hivemq.com/v1/namespaces/helmcustomconfigit/hivemq-platforms/test-hivemq-platform/status. Message: Operation cannot be fulfilled on hivemq-platforms.hivemq.com "test-hivemq-platform": the object has been modified; please apply your changes to the latest version and try again. Received status: Status(apiVersion=v1, code=409, details=StatusDetails(causes=[], group=hivemq.com, kind=hivemq-platforms, name=test-hivemq-platform, retryAfterSeconds=null, uid=null, additionalProperties={}), kind=Status, message=Operation cannot be fulfilled on hivemq-platforms.hivemq.com "test-hivemq-platform": the object has been modified; please apply your changes to the latest version and try again, metadata=ListMeta(_continue=null, remainingItemCount=null, resourceVersion=null, selfLink=null, additionalProperties={}), reason=Conflict, status=Failure, additionalProperties={}).
2025-01-29 13:27:17,099 INFO c.h.h.t.HelmChartContainer - [hivemq-test-hivemq-platform] [hivemq-platform-operator] [bf8a1584] 	at io.fabric8.kubernetes.client.KubernetesClientException.copyAsCause(KubernetesClientException.java:238)
2025-01-29 13:27:17,099 INFO c.h.h.t.HelmChartContainer - [hivemq-test-hivemq-platform] [hivemq-platform-operator] [bf8a1584] 	at io.fabric8.kubernetes.client.dsl.internal.OperationSupport.waitForResult(OperationSupport.java:507)
2025-01-29 13:27:17,099 INFO c.h.h.t.HelmChartContainer - [hivemq-test-hivemq-platform] [hivemq-platform-operator] [bf8a1584] 	at io.fabric8.kubernetes.client.dsl.internal.OperationSupport.handleResponse(OperationSupport.java:524)
2025-01-29 13:27:17,099 INFO c.h.h.t.HelmChartContainer - [hivemq-test-hivemq-platform] [hivemq-platform-operator] [bf8a1584] 	at io.fabric8.kubernetes.client.dsl.internal.OperationSupport.handleUpdate(OperationSupport.java:358)
2025-01-29 13:27:17,099 INFO c.h.h.t.HelmChartContainer - [hivemq-test-hivemq-platform] [hivemq-platform-operator] [bf8a1584] 	at io.fabric8.kubernetes.client.dsl.internal.BaseOperation.handleUpdate(BaseOperation.java:759)
2025-01-29 13:27:17,099 INFO c.h.h.t.HelmChartContainer - [hivemq-test-hivemq-platform] [hivemq-platform-operator] [bf8a1584] 	at io.fabric8.kubernetes.client.dsl.internal.HasMetadataOperation.update(HasMetadataOperation.java:138)
2025-01-29 13:27:17,099 INFO c.h.h.t.HelmChartContainer - [hivemq-test-hivemq-platform] [hivemq-platform-operator] [bf8a1584] 	at io.fabric8.kubernetes.client.dsl.internal.HasMetadataOperation.update(HasMetadataOperation.java:121)
2025-01-29 13:27:17,099 INFO c.h.h.t.HelmChartContainer - [hivemq-test-hivemq-platform] [hivemq-platform-operator] [bf8a1584] 	at io.fabric8.kubernetes.client.dsl.internal.HasMetadataOperation.updateStatus(HasMetadataOperation.java:126)
2025-01-29 13:27:17,099 INFO c.h.h.t.HelmChartContainer - [hivemq-test-hivemq-platform] [hivemq-platform-operator] [bf8a1584] 	at io.fabric8.kubernetes.client.dsl.internal.HasMetadataOperation.updateStatus(HasMetadataOperation.java:44)
2025-01-29 13:27:17,099 INFO c.h.h.t.HelmChartContainer - [hivemq-test-hivemq-platform] [hivemq-platform-operator] [bf8a1584] 	at io.javaoperatorsdk.operator.processing.event.ReconciliationDispatcher$CustomResourceFacade.updateStatus(ReconciliationDispatcher.java:408)
2025-01-29 13:27:17,099 INFO c.h.h.t.HelmChartContainer - [hivemq-test-hivemq-platform] [hivemq-platform-operator] [bf8a1584] 	at io.javaoperatorsdk.operator.processing.event.ReconciliationDispatcher.updateStatusGenerationAware(ReconciliationDispatcher.java:228)
2025-01-29 13:27:17,099 INFO c.h.h.t.HelmChartContainer - [hivemq-test-hivemq-platform] [hivemq-platform-operator] [bf8a1584] 	at io.javaoperatorsdk.operator.processing.event.ReconciliationDispatcher.reconcileExecution(ReconciliationDispatcher.java:150)
2025-01-29 13:27:17,099 INFO c.h.h.t.HelmChartContainer - [hivemq-test-hivemq-platform] [hivemq-platform-operator] [bf8a1584] 	at io.javaoperatorsdk.operator.processing.event.ReconciliationDispatcher.handleReconcile(ReconciliationDispatcher.java:117)
2025-01-29 13:27:17,099 INFO c.h.h.t.HelmChartContainer - [hivemq-test-hivemq-platform] [hivemq-platform-operator] [bf8a1584] 	at io.javaoperatorsdk.operator.processing.event.ReconciliationDispatcher.handleDispatch(ReconciliationDispatcher.java:91)
2025-01-29 13:27:17,099 INFO c.h.h.t.HelmChartContainer - [hivemq-test-hivemq-platform] [hivemq-platform-operator] [bf8a1584] 	at io.javaoperatorsdk.operator.processing.event.ReconciliationDispatcher.handleExecution(ReconciliationDispatcher.java:64)
2025-01-29 13:27:17,099 INFO c.h.h.t.HelmChartContainer - [hivemq-test-hivemq-platform] [hivemq-platform-operator] [bf8a1584] 	at io.javaoperatorsdk.operator.processing.event.EventProcessor$ReconcilerExecutor.run(EventProcessor.java:452)
2025-01-29 13:27:17,099 INFO c.h.h.t.HelmChartContainer - [hivemq-test-hivemq-platform] [hivemq-platform-operator] [bf8a1584] 	at java.base/java.util.concurrent.ThreadPoolExecutor.runWorker(Unknown Source)
2025-01-29 13:27:17,099 INFO c.h.h.t.HelmChartContainer - [hivemq-test-hivemq-platform] [hivemq-platform-operator] [bf8a1584] 	at java.base/java.util.concurrent.ThreadPoolExecutor$Worker.run(Unknown Source)
2025-01-29 13:27:17,099 INFO c.h.h.t.HelmChartContainer - [hivemq-test-hivemq-platform] [hivemq-platform-operator] [bf8a1584] 	at java.base/java.lang.Thread.run(Unknown Source)
2025-01-29 13:27:17,099 INFO c.h.h.t.HelmChartContainer - [hivemq-test-hivemq-platform] [hivemq-platform-operator] [bf8a1584] Caused by: io.fabric8.kubernetes.client.KubernetesClientException: Failure executing: PUT at: https://10.43.0.1:443/apis/hivemq.com/v1/namespaces/helmcustomconfigit/hivemq-platforms/test-hivemq-platform/status. Message: Operation cannot be fulfilled on hivemq-platforms.hivemq.com "test-hivemq-platform": the object has been modified; please apply your changes to the latest version and try again. Received status: Status(apiVersion=v1, code=409, details=StatusDetails(causes=[], group=hivemq.com, kind=hivemq-platforms, name=test-hivemq-platform, retryAfterSeconds=null, uid=null, additionalProperties={}), kind=Status, message=Operation cannot be fulfilled on hivemq-platforms.hivemq.com "test-hivemq-platform": the object has been modified; please apply your changes to the latest version and try again, metadata=ListMeta(_continue=null, remainingItemCount=null, resourceVersion=null, selfLink=null, additionalProperties={}), reason=Conflict, status=Failure, additionalProperties={}).
2025-01-29 13:27:17,099 INFO c.h.h.t.HelmChartContainer - [hivemq-test-hivemq-platform] [hivemq-platform-operator] [bf8a1584] 	at io.fabric8.kubernetes.client.dsl.internal.OperationSupport.requestFailure(OperationSupport.java:660)
2025-01-29 13:27:17,099 INFO c.h.h.t.HelmChartContainer - [hivemq-test-hivemq-platform] [hivemq-platform-operator] [bf8a1584] 	at io.fabric8.kubernetes.client.dsl.internal.OperationSupport.requestFailure(OperationSupport.java:640)
2025-01-29 13:27:17,099 INFO c.h.h.t.HelmChartContainer - [hivemq-test-hivemq-platform] [hivemq-platform-operator] [bf8a1584] 	at io.fabric8.kubernetes.client.dsl.internal.OperationSupport.assertResponseCode(OperationSupport.java:589)
2025-01-29 13:27:17,099 INFO c.h.h.t.HelmChartContainer - [hivemq-test-hivemq-platform] [hivemq-platform-operator] [bf8a1584] 	at io.fabric8.kubernetes.client.dsl.internal.OperationSupport.lambda$handleResponse$0(OperationSupport.java:549)
2025-01-29 13:27:17,099 INFO c.h.h.t.HelmChartContainer - [hivemq-test-hivemq-platform] [hivemq-platform-operator] [bf8a1584] 	at java.base/java.util.concurrent.CompletableFuture$UniApply.tryFire(Unknown Source)
2025-01-29 13:27:17,099 INFO c.h.h.t.HelmChartContainer - [hivemq-test-hivemq-platform] [hivemq-platform-operator] [bf8a1584] 	at java.base/java.util.concurrent.CompletableFuture.postComplete(Unknown Source)
2025-01-29 13:27:17,099 INFO c.h.h.t.HelmChartContainer - [hivemq-test-hivemq-platform] [hivemq-platform-operator] [bf8a1584] 	at java.base/java.util.concurrent.CompletableFuture.complete(Unknown Source)
2025-01-29 13:27:17,099 INFO c.h.h.t.HelmChartContainer - [hivemq-test-hivemq-platform] [hivemq-platform-operator] [bf8a1584] 	at io.fabric8.kubernetes.client.http.StandardHttpClient.lambda$completeOrCancel$10(StandardHttpClient.java:141)
2025-01-29 13:27:17,099 INFO c.h.h.t.HelmChartContainer - [hivemq-test-hivemq-platform] [hivemq-platform-operator] [bf8a1584] 	at java.base/java.util.concurrent.CompletableFuture.uniWhenComplete(Unknown Source)
2025-01-29 13:27:17,099 INFO c.h.h.t.HelmChartContainer - [hivemq-test-hivemq-platform] [hivemq-platform-operator] [bf8a1584] 	at java.base/java.util.concurrent.CompletableFuture$UniWhenComplete.tryFire(Unknown Source)
2025-01-29 13:27:17,099 INFO c.h.h.t.HelmChartContainer - [hivemq-test-hivemq-platform] [hivemq-platform-operator] [bf8a1584] 	at java.base/java.util.concurrent.CompletableFuture.postComplete(Unknown Source)
2025-01-29 13:27:17,099 INFO c.h.h.t.HelmChartContainer - [hivemq-test-hivemq-platform] [hivemq-platform-operator] [bf8a1584] 	at java.base/java.util.concurrent.CompletableFuture.complete(Unknown Source)
2025-01-29 13:27:17,099 INFO c.h.h.t.HelmChartContainer - [hivemq-test-hivemq-platform] [hivemq-platform-operator] [bf8a1584] 	at io.fabric8.kubernetes.client.http.ByteArrayBodyHandler.onBodyDone(ByteArrayBodyHandler.java:51)
2025-01-29 13:27:17,099 INFO c.h.h.t.HelmChartContainer - [hivemq-test-hivemq-platform] [hivemq-platform-operator] [bf8a1584] 	at java.base/java.util.concurrent.CompletableFuture.uniWhenComplete(Unknown Source)
2025-01-29 13:27:17,099 INFO c.h.h.t.HelmChartContainer - [hivemq-test-hivemq-platform] [hivemq-platform-operator] [bf8a1584] 	at java.base/java.util.concurrent.CompletableFuture$UniWhenComplete.tryFire(Unknown Source)
2025-01-29 13:27:17,099 INFO c.h.h.t.HelmChartContainer - [hivemq-test-hivemq-platform] [hivemq-platform-operator] [bf8a1584] 	at java.base/java.util.concurrent.CompletableFuture.postComplete(Unknown Source)
2025-01-29 13:27:17,099 INFO c.h.h.t.HelmChartContainer - [hivemq-test-hivemq-platform] [hivemq-platform-operator] [bf8a1584] 	at java.base/java.util.concurrent.CompletableFuture.complete(Unknown Source)
2025-01-29 13:27:17,099 INFO c.h.h.t.HelmChartContainer - [hivemq-test-hivemq-platform] [hivemq-platform-operator] [bf8a1584] 	at io.fabric8.kubernetes.client.vertx.VertxHttpRequest.lambda$null$1(VertxHttpRequest.java:121)
2025-01-29 13:27:17,099 INFO c.h.h.t.HelmChartContainer - [hivemq-test-hivemq-platform] [hivemq-platform-operator] [bf8a1584] 	at io.vertx.core.impl.ContextInternal.dispatch(ContextInternal.java:279)
2025-01-29 13:27:17,099 INFO c.h.h.t.HelmChartContainer - [hivemq-test-hivemq-platform] [hivemq-platform-operator] [bf8a1584] 	at io.vertx.core.impl.ContextInternal.dispatch(ContextInternal.java:261)
2025-01-29 13:27:17,099 INFO c.h.h.t.HelmChartContainer - [hivemq-test-hivemq-platform] [hivemq-platform-operator] [bf8a1584] 	at io.vertx.core.http.impl.HttpEventHandler.handleEnd(HttpEventHandler.java:76)
2025-01-29 13:27:17,099 INFO c.h.h.t.HelmChartContainer - [hivemq-test-hivemq-platform] [hivemq-platform-operator] [bf8a1584] 	at io.vertx.core.http.impl.HttpClientResponseImpl.handleEnd(HttpClientResponseImpl.java:250)
2025-01-29 13:27:17,099 INFO c.h.h.t.HelmChartContainer - [hivemq-test-hivemq-platform] [hivemq-platform-operator] [bf8a1584] 	at io.vertx.core.http.impl.Http1xClientConnection$StreamImpl.lambda$new$0(Http1xClientConnection.java:421)
2025-01-29 13:27:17,099 INFO c.h.h.t.HelmChartContainer - [hivemq-test-hivemq-platform] [hivemq-platform-operator] [bf8a1584] 	at io.vertx.core.streams.impl.InboundBuffer.handleEvent(InboundBuffer.java:279)
2025-01-29 13:27:17,099 INFO c.h.h.t.HelmChartContainer - [hivemq-test-hivemq-platform] [hivemq-platform-operator] [bf8a1584] 	at io.vertx.core.streams.impl.InboundBuffer.write(InboundBuffer.java:157)
2025-01-29 13:27:17,099 INFO c.h.h.t.HelmChartContainer - [hivemq-test-hivemq-platform] [hivemq-platform-operator] [bf8a1584] 	at io.vertx.core.http.impl.Http1xClientConnection$StreamImpl.handleEnd(Http1xClientConnection.java:709)
2025-01-29 13:27:17,099 INFO c.h.h.t.HelmChartContainer - [hivemq-test-hivemq-platform] [hivemq-platform-operator] [bf8a1584] 	at io.vertx.core.impl.ContextImpl.execute(ContextImpl.java:313)
2025-01-29 13:27:17,099 INFO c.h.h.t.HelmChartContainer - [hivemq-test-hivemq-platform] [hivemq-platform-operator] [bf8a1584] 	at io.vertx.core.impl.ContextImpl.execute(ContextImpl.java:293)
2025-01-29 13:27:17,099 INFO c.h.h.t.HelmChartContainer - [hivemq-test-hivemq-platform] [hivemq-platform-operator] [bf8a1584] 	at io.vertx.core.http.impl.Http1xClientConnection.handleResponseEnd(Http1xClientConnection.java:940)
2025-01-29 13:27:17,099 INFO c.h.h.t.HelmChartContainer - [hivemq-test-hivemq-platform] [hivemq-platform-operator] [bf8a1584] 	at io.vertx.core.http.impl.Http1xClientConnection.handleHttpMessage(Http1xClientConnection.java:810)
2025-01-29 13:27:17,099 INFO c.h.h.t.HelmChartContainer - [hivemq-test-hivemq-platform] [hivemq-platform-operator] [bf8a1584] 	at io.vertx.core.http.impl.Http1xClientConnection.handleMessage(Http1xClientConnection.java:774)
2025-01-29 13:27:17,099 INFO c.h.h.t.HelmChartContainer - [hivemq-test-hivemq-platform] [hivemq-platform-operator] [bf8a1584] 	at io.vertx.core.net.impl.ConnectionBase.read(ConnectionBase.java:159)
2025-01-29 13:27:17,099 INFO c.h.h.t.HelmChartContainer - [hivemq-test-hivemq-platform] [hivemq-platform-operator] [bf8a1584] 	at io.vertx.core.net.impl.VertxHandler.channelRead(VertxHandler.java:153)
2025-01-29 13:27:17,099 INFO c.h.h.t.HelmChartContainer - [hivemq-test-hivemq-platform] [hivemq-platform-operator] [bf8a1584] 	at io.netty.channel.AbstractChannelHandlerContext.invokeChannelRead(AbstractChannelHandlerContext.java:442)
2025-01-29 13:27:17,099 INFO c.h.h.t.HelmChartContainer - [hivemq-test-hivemq-platform] [hivemq-platform-operator] [bf8a1584] 	at io.netty.channel.AbstractChannelHandlerContext.invokeChannelRead(AbstractChannelHandlerContext.java:420)
2025-01-29 13:27:17,099 INFO c.h.h.t.HelmChartContainer - [hivemq-test-hivemq-platform] [hivemq-platform-operator] [bf8a1584] 	at io.netty.channel.AbstractChannelHandlerContext.fireChannelRead(AbstractChannelHandlerContext.java:412)
2025-01-29 13:27:17,099 INFO c.h.h.t.HelmChartContainer - [hivemq-test-hivemq-platform] [hivemq-platform-operator] [bf8a1584] 	at io.netty.channel.CombinedChannelDuplexHandler$DelegatingChannelHandlerContext.fireChannelRead(CombinedChannelDuplexHandler.java:436)
2025-01-29 13:27:17,099 INFO c.h.h.t.HelmChartContainer - [hivemq-test-hivemq-platform] [hivemq-platform-operator] [bf8a1584] 	at io.netty.handler.codec.ByteToMessageDecoder.fireChannelRead(ByteToMessageDecoder.java:346)
2025-01-29 13:27:17,099 INFO c.h.h.t.HelmChartContainer - [hivemq-test-hivemq-platform] [hivemq-platform-operator] [bf8a1584] 	at io.netty.handler.codec.ByteToMessageDecoder.channelRead(ByteToMessageDecoder.java:318)
2025-01-29 13:27:17,099 INFO c.h.h.t.HelmChartContainer - [hivemq-test-hivemq-platform] [hivemq-platform-operator] [bf8a1584] 	at io.netty.channel.CombinedChannelDuplexHandler.channelRead(CombinedChannelDuplexHandler.java:251)
2025-01-29 13:27:17,099 INFO c.h.h.t.HelmChartContainer - [hivemq-test-hivemq-platform] [hivemq-platform-operator] [bf8a1584] 	at io.netty.channel.AbstractChannelHandlerContext.invokeChannelRead(AbstractChannelHandlerContext.java:442)
2025-01-29 13:27:17,099 INFO c.h.h.t.HelmChartContainer - [hivemq-test-hivemq-platform] [hivemq-platform-operator] [bf8a1584] 	at io.netty.channel.AbstractChannelHandlerContext.invokeChannelRead(AbstractChannelHandlerContext.java:420)
2025-01-29 13:27:17,100 INFO c.h.h.t.HelmChartContainer - [hivemq-test-hivemq-platform] [hivemq-platform-operator] [bf8a1584] 	at io.netty.channel.AbstractChannelHandlerContext.fireChannelRead(AbstractChannelHandlerContext.java:412)
2025-01-29 13:27:17,100 INFO c.h.h.t.HelmChartContainer - [hivemq-test-hivemq-platform] [hivemq-platform-operator] [bf8a1584] 	at io.netty.handler.ssl.SslHandler.unwrap(SslHandler.java:1475)
2025-01-29 13:27:17,100 INFO c.h.h.t.HelmChartContainer - [hivemq-test-hivemq-platform] [hivemq-platform-operator] [bf8a1584] 	at io.netty.handler.ssl.SslHandler.decodeJdkCompatible(SslHandler.java:1338)
2025-01-29 13:27:17,100 INFO c.h.h.t.HelmChartContainer - [hivemq-test-hivemq-platform] [hivemq-platform-operator] [bf8a1584] 	at io.netty.handler.ssl.SslHandler.decode(SslHandler.java:1387)
2025-01-29 13:27:17,100 INFO c.h.h.t.HelmChartContainer - [hivemq-test-hivemq-platform] [hivemq-platform-operator] [bf8a1584] 	at io.netty.handler.codec.ByteToMessageDecoder.decodeRemovalReentryProtection(ByteToMessageDecoder.java:530)
2025-01-29 13:27:17,100 INFO c.h.h.t.HelmChartContainer - [hivemq-test-hivemq-platform] [hivemq-platform-operator] [bf8a1584] 	at io.netty.handler.codec.ByteToMessageDecoder.callDecode(ByteToMessageDecoder.java:469)
2025-01-29 13:27:17,100 INFO c.h.h.t.HelmChartContainer - [hivemq-test-hivemq-platform] [hivemq-platform-operator] [bf8a1584] 	at io.netty.handler.codec.ByteToMessageDecoder.channelRead(ByteToMessageDecoder.java:290)
2025-01-29 13:27:17,100 INFO c.h.h.t.HelmChartContainer - [hivemq-test-hivemq-platform] [hivemq-platform-operator] [bf8a1584] 	at io.netty.channel.AbstractChannelHandlerContext.invokeChannelRead(AbstractChannelHandlerContext.java:444)
2025-01-29 13:27:17,100 INFO c.h.h.t.HelmChartContainer - [hivemq-test-hivemq-platform] [hivemq-platform-operator] [bf8a1584] 	at io.netty.channel.AbstractChannelHandlerContext.invokeChannelRead(AbstractChannelHandlerContext.java:420)
2025-01-29 13:27:17,100 INFO c.h.h.t.HelmChartContainer - [hivemq-test-hivemq-platform] [hivemq-platform-operator] [bf8a1584] 	at io.netty.channel.AbstractChannelHandlerContext.fireChannelRead(AbstractChannelHandlerContext.java:412)
2025-01-29 13:27:17,100 INFO c.h.h.t.HelmChartContainer - [hivemq-test-hivemq-platform] [hivemq-platform-operator] [bf8a1584] 	at io.netty.channel.DefaultChannelPipeline$HeadContext.channelRead(DefaultChannelPipeline.java:1407)
2025-01-29 13:27:17,100 INFO c.h.h.t.HelmChartContainer - [hivemq-test-hivemq-platform] [hivemq-platform-operator] [bf8a1584] 	at io.netty.channel.AbstractChannelHandlerContext.invokeChannelRead(AbstractChannelHandlerContext.java:440)
2025-01-29 13:27:17,100 INFO c.h.h.t.HelmChartContainer - [hivemq-test-hivemq-platform] [hivemq-platform-operator] [bf8a1584] 	at io.netty.channel.AbstractChannelHandlerContext.invokeChannelRead(AbstractChannelHandlerContext.java:420)
2025-01-29 13:27:17,100 INFO c.h.h.t.HelmChartContainer - [hivemq-test-hivemq-platform] [hivemq-platform-operator] [bf8a1584] 	at io.netty.channel.DefaultChannelPipeline.fireChannelRead(DefaultChannelPipeline.java:918)
2025-01-29 13:27:17,100 INFO c.h.h.t.HelmChartContainer - [hivemq-test-hivemq-platform] [hivemq-platform-operator] [bf8a1584] 	at io.netty.channel.nio.AbstractNioByteChannel$NioByteUnsafe.read(AbstractNioByteChannel.java:166)
2025-01-29 13:27:17,100 INFO c.h.h.t.HelmChartContainer - [hivemq-test-hivemq-platform] [hivemq-platform-operator] [bf8a1584] 	at io.netty.channel.nio.NioEventLoop.processSelectedKey(NioEventLoop.java:788)
2025-01-29 13:27:17,100 INFO c.h.h.t.HelmChartContainer - [hivemq-test-hivemq-platform] [hivemq-platform-operator] [bf8a1584] 	at io.netty.channel.nio.NioEventLoop.processSelectedKeysOptimized(NioEventLoop.java:724)
2025-01-29 13:27:17,100 INFO c.h.h.t.HelmChartContainer - [hivemq-test-hivemq-platform] [hivemq-platform-operator] [bf8a1584] 	at io.netty.channel.nio.NioEventLoop.processSelectedKeys(NioEventLoop.java:650)
2025-01-29 13:27:17,100 INFO c.h.h.t.HelmChartContainer - [hivemq-test-hivemq-platform] [hivemq-platform-operator] [bf8a1584] 	at io.netty.channel.nio.NioEventLoop.run(NioEventLoop.java:562)
2025-01-29 13:27:17,100 INFO c.h.h.t.HelmChartContainer - [hivemq-test-hivemq-platform] [hivemq-platform-operator] [bf8a1584] 	at io.netty.util.concurrent.SingleThreadEventExecutor$4.run(SingleThreadEventExecutor.java:997)
2025-01-29 13:27:17,100 INFO c.h.h.t.HelmChartContainer - [hivemq-test-hivemq-platform] [hivemq-platform-operator] [bf8a1584] 	at io.netty.util.internal.ThreadExecutorMap$2.run(ThreadExecutorMap.java:74)
2025-01-29 13:27:17,100 INFO c.h.h.t.HelmChartContainer - [hivemq-test-hivemq-platform] [hivemq-platform-operator] [bf8a1584] 	at io.netty.util.concurrent.FastThreadLocalRunnable.run(FastThreadLocalRunnable.java:30)
2025-01-29 13:27:17,100 INFO c.h.h.t.HelmChartContainer - [hivemq-test-hivemq-platform] [hivemq-platform-operator] [bf8a1584] 	... 1 common frames omitted
2025-01-29 13:27:17,110 INFO c.h.h.t.HelmChartContainer - [hivemq-test-hivemq-platform] [hivemq-platform-operator] [bf8a1584] 13:27:17.099 [ReconcilerExecutor-hivemq-controller-129] INFO  c.h.p.o.HiveMQPlatformReconciler - [helmcust] Cleanup test-hivemq-platform - helmcustomconfigit HiveMQ Platform is shut down
2025-01-29 13:27:17,219 INFO c.h.h.t.HelmChartContainer - [POD] test-hivemq-platform-0 [1305f1c2-d3ef-459a-bdae-758555585e18] in helmcustomconfigit was MODIFIED
2025-01-29 13:27:17,225 INFO c.h.h.t.HelmChartContainer - [EVENT] Normal [Killing] Stopping container hivemq [helmcustomconfigit:test-hivemq-platform-0]
2025-01-29 13:27:17,227 INFO c.h.h.t.HelmChartContainer - Received Killing event for container hivemq in pod test-hivemq-platform-0 [1305f1c2-d3ef-459a-bdae-758555585e18]
2025-01-29 13:27:17,227 INFO c.h.h.t.HelmChartContainer - Container [test-hivemq-platform-0] [hivemq] [1305f1c2-d3ef-459a-bdae-758555585e18] was terminated
2025-01-29 13:27:17,227 INFO c.h.h.t.HelmChartContainer - Stopped log watcher for hivemq in pod test-hivemq-platform-0 [1305f1c2-d3ef-459a-bdae-758555585e18]
2025-01-29 13:27:17,244 INFO c.h.h.t.HelmChartContainer - [test-hivemq-platform] [hivemq] [1305f1c2] INFO  - [HiveMQ Platform Operator Init App 1.7.0-SNAPSHOT] Shutting down
2025-01-29 13:27:17,244 INFO c.h.h.t.HelmChartContainer - [test-hivemq-platform] [hivemq] [1305f1c2] INFO  - [HiveMQ Platform Operator Init App 1.7.0-SNAPSHOT] Stopping the HiveMQ Platform
2025-01-29 13:27:17,294 INFO c.h.h.t.HelmChartContainer - [EVENT] Normal [Killing] Stopping container hivemq [helmcustomconfigit:test-hivemq-platform-1]
2025-01-29 13:27:17,294 INFO c.h.h.t.HelmChartContainer - Received Killing event for container hivemq in pod test-hivemq-platform-1 [c978e4ad-d507-4644-a198-ae05cc1ee624]
2025-01-29 13:27:17,294 INFO c.h.h.t.HelmChartContainer - Container [test-hivemq-platform-1] [hivemq] [c978e4ad-d507-4644-a198-ae05cc1ee624] was terminated
2025-01-29 13:27:17,294 INFO c.h.h.t.HelmChartContainer - Stopped log watcher for hivemq in pod test-hivemq-platform-1 [c978e4ad-d507-4644-a198-ae05cc1ee624]
2025-01-29 13:27:17,296 INFO c.h.h.t.HelmChartContainer - [POD] test-hivemq-platform-1 [c978e4ad-d507-4644-a198-ae05cc1ee624] in helmcustomconfigit was MODIFIED
2025-01-29 13:27:17,298 INFO c.h.h.t.HelmChartContainer - [test-hivemq-platform] [hivemq] [c978e4ad] INFO  - [HiveMQ Platform Operator Init App 1.7.0-SNAPSHOT] Shutting down
2025-01-29 13:27:17,298 INFO c.h.h.t.HelmChartContainer - [test-hivemq-platform] [hivemq] [c978e4ad] INFO  - [HiveMQ Platform Operator Init App 1.7.0-SNAPSHOT] Stopping the HiveMQ Platform
2025-01-29 13:27:17,399 INFO c.h.h.t.HelmChartContainer - [test-hivemq-platform] [hivemq] [c978e4ad] INFO  - Shutting down HiveMQ. Please wait, this could take a while...
2025-01-29 13:27:17,402 INFO c.h.h.t.HelmChartContainer - [test-hivemq-platform] [hivemq] [c978e4ad] INFO  - Shutting down listeners and clients
2025-01-29 13:27:17,403 INFO c.h.h.t.HelmChartContainer - [test-hivemq-platform] [hivemq] [c978e4ad] INFO  - Shutdown of listeners is done
2025-01-29 13:27:17,403 INFO c.h.h.t.HelmChartContainer - [test-hivemq-platform] [hivemq] [c978e4ad] INFO  - No clients are connected, proceeding with shutdown
2025-01-29 13:27:17,432 INFO c.h.h.t.HelmChartContainer - [test-hivemq-platform] [hivemq] [1305f1c2] INFO  - Shutting down HiveMQ. Please wait, this could take a while...
2025-01-29 13:27:17,436 INFO c.h.h.t.HelmChartContainer - [test-hivemq-platform] [hivemq] [1305f1c2] INFO  - Shutting down listeners and clients
2025-01-29 13:27:17,438 INFO c.h.h.t.HelmChartContainer - [test-hivemq-platform] [hivemq] [1305f1c2] INFO  - Shutdown of listeners is done
2025-01-29 13:27:17,438 INFO c.h.h.t.HelmChartContainer - [test-hivemq-platform] [hivemq] [1305f1c2] INFO  - No clients are connected, proceeding with shutdown
2025-01-29 13:27:18,867 INFO c.h.h.t.HelmChartContainer - Deleting namespace 'helmcustomconfigit'...
2025-01-29 13:27:19,300 INFO c.h.h.t.HelmChartContainer - [test-hivemq-platform] [hivemq] [c978e4ad] INFO  - [HiveMQ Platform Operator Init App 1.7.0-SNAPSHOT] Returning shutdown Health API response 503 for readiness
2025-01-29 13:27:19,305 INFO c.h.h.t.HelmChartContainer - [EVENT] Warning [Unhealthy] Readiness probe failed: HTTP probe failed with statuscode: 503 [helmcustomconfigit:test-hivemq-platform-1]
2025-01-29 13:27:19,305 INFO c.h.h.t.HelmChartContainer - Received Unhealthy event for container hivemq in pod test-hivemq-platform-1 [c978e4ad-d507-4644-a198-ae05cc1ee624]
2025-01-29 13:27:19,734 INFO c.h.h.t.HelmChartContainer - [test-hivemq-platform] [hivemq] [c978e4ad] WARN  - [HiveMQ Platform Operator Init App 1.7.0-SNAPSHOT] Could not update Pod annotations: Failure executing: GET at: https://10.43.0.1:443/api/v1/namespaces/helmcustomconfigit/pods/test-hivemq-platform-1. Message: pods "test-hivemq-platform-1" is forbidden: User "system:serviceaccount:helmcustomconfigit:hivemq-platform-pod-test-hivemq-platform" cannot get resource "pods" in API group "" in the namespace "helmcustomconfigit". Received status: Status(apiVersion=v1, code=403, details=StatusDetails(causes=[], group=null, kind=pods, name=test-hivemq-platform-1, retryAfterSeconds=null, uid=null, additionalProperties={}), kind=Status, message=pods "test-hivemq-platform-1" is forbidden: User "system:serviceaccount:helmcustomconfigit:hivemq-platform-pod-test-hivemq-platform" cannot get resource "pods" in API group "" in the namespace "helmcustomconfigit", metadata=ListMeta(_continue=null, remainingItemCount=null, resourceVersion=null, selfLink=null, additionalProperties={}), reason=Forbidden, status=Failure, additionalProperties={}).
2025-01-29 13:27:20,195 INFO c.h.h.t.HelmChartContainer - [test-hivemq-platform] [hivemq] [c978e4ad] INFO  - Shutting down extension system
2025-01-29 13:27:20,199 INFO c.h.h.t.HelmChartContainer - [test-hivemq-platform] [hivemq] [c978e4ad] INFO  - Stopping extension with id hivemq-dns-cluster-discovery
2025-01-29 13:27:20,199 INFO c.h.h.t.HelmChartContainer - [test-hivemq-platform] [hivemq] [c978e4ad] INFO  - Extension "DNS Cluster Discovery Extension" version 4.3.2 stopped successfully.
2025-01-29 13:27:20,199 INFO c.h.h.t.HelmChartContainer - [test-hivemq-platform] [hivemq] [c978e4ad] INFO  - Stopping extension with id hivemq-prometheus-extension
2025-01-29 13:27:20,204 INFO c.h.h.t.HelmChartContainer - [test-hivemq-platform] [hivemq] [c978e4ad] INFO  - Extension "Prometheus Monitoring Extension" version 4.0.12 stopped successfully.
2025-01-29 13:27:20,205 INFO c.h.h.t.HelmChartContainer - [test-hivemq-platform] [hivemq] [c978e4ad] INFO  - Stopping extension with id hivemq-allow-all-extension
2025-01-29 13:27:20,205 INFO c.h.h.t.HelmChartContainer - [test-hivemq-platform] [hivemq] [c978e4ad] INFO  - Extension "Allow All Extension" version 1.1.1 stopped successfully.
2025-01-29 13:27:20,209 INFO c.h.h.t.HelmChartContainer - [test-hivemq-platform] [hivemq] [1305f1c2] INFO  - Cluster nodes found by discovery: [0AciL|2] (1) [0AciL].
2025-01-29 13:27:20,215 INFO c.h.h.t.HelmChartContainer - [test-hivemq-platform] [hivemq] [1305f1c2] INFO  - Cluster size = 1, members : [0AciL].
2025-01-29 13:27:20,837 INFO c.h.h.t.HelmChartContainer - [test-hivemq-platform] [hivemq] [1305f1c2] INFO  - [HiveMQ Platform Operator Init App 1.7.0-SNAPSHOT] Returning shutdown Health API response 503 for readiness
2025-01-29 13:27:20,841 INFO c.h.h.t.HelmChartContainer - [EVENT] Warning [Unhealthy] Readiness probe failed: HTTP probe failed with statuscode: 503 [helmcustomconfigit:test-hivemq-platform-0]
2025-01-29 13:27:20,841 INFO c.h.h.t.HelmChartContainer - Received Unhealthy event for container hivemq in pod test-hivemq-platform-0 [1305f1c2-d3ef-459a-bdae-758555585e18]
2025-01-29 13:27:20,995 INFO c.h.h.t.HelmChartContainer - [test-hivemq-platform] [hivemq] [1305f1c2] INFO  - Shutting down extension system
2025-01-29 13:27:20,997 INFO c.h.h.t.HelmChartContainer - [test-hivemq-platform] [hivemq] [1305f1c2] INFO  - Stopping extension with id hivemq-dns-cluster-discovery
2025-01-29 13:27:20,999 INFO c.h.h.t.HelmChartContainer - [test-hivemq-platform] [hivemq] [1305f1c2] INFO  - Extension "DNS Cluster Discovery Extension" version 4.3.2 stopped successfully.
2025-01-29 13:27:20,999 INFO c.h.h.t.HelmChartContainer - [test-hivemq-platform] [hivemq] [1305f1c2] INFO  - Stopping extension with id hivemq-prometheus-extension
2025-01-29 13:27:21,004 INFO c.h.h.t.HelmChartContainer - [test-hivemq-platform] [hivemq] [1305f1c2] INFO  - Extension "Prometheus Monitoring Extension" version 4.0.12 stopped successfully.
2025-01-29 13:27:21,004 INFO c.h.h.t.HelmChartContainer - [test-hivemq-platform] [hivemq] [1305f1c2] INFO  - Stopping extension with id hivemq-allow-all-extension
2025-01-29 13:27:21,005 INFO c.h.h.t.HelmChartContainer - [test-hivemq-platform] [hivemq] [1305f1c2] INFO  - Extension "Allow All Extension" version 1.1.1 stopped successfully.
2025-01-29 13:27:21,423 INFO c.h.h.t.HelmChartContainer - [test-hivemq-platform] [hivemq] [1305f1c2] WARN  - [HiveMQ Platform Operator Init App 1.7.0-SNAPSHOT] Could not update Pod annotations: Failure executing: GET at: https://10.43.0.1:443/api/v1/namespaces/helmcustomconfigit/pods/test-hivemq-platform-0. Message: pods "test-hivemq-platform-0" is forbidden: User "system:serviceaccount:helmcustomconfigit:hivemq-platform-pod-test-hivemq-platform" cannot get resource "pods" in API group "" in the namespace "helmcustomconfigit". Received status: Status(apiVersion=v1, code=403, details=StatusDetails(causes=[], group=null, kind=pods, name=test-hivemq-platform-0, retryAfterSeconds=null, uid=null, additionalProperties={}), kind=Status, message=pods "test-hivemq-platform-0" is forbidden: User "system:serviceaccount:helmcustomconfigit:hivemq-platform-pod-test-hivemq-platform" cannot get resource "pods" in API group "" in the namespace "helmcustomconfigit", metadata=ListMeta(_continue=null, remainingItemCount=null, resourceVersion=null, selfLink=null, additionalProperties={}), reason=Forbidden, status=Failure, additionalProperties={}).
2025-01-29 13:27:22,590 INFO c.h.h.t.HelmChartContainer - [test-hivemq-platform] [hivemq] [c978e4ad] INFO  - Shutdown completed.
2025-01-29 13:27:22,940 INFO c.h.h.t.HelmChartContainer - [test-hivemq-platform] [hivemq] [c978e4ad] INFO  - [HiveMQ Platform Operator Init App 1.7.0-SNAPSHOT] The HiveMQ Platform exited with code 143
2025-01-29 13:27:22,940 INFO c.h.h.t.HelmChartContainer - [test-hivemq-platform] [hivemq] [c978e4ad] INFO  - [HiveMQ Platform Operator Init App 1.7.0-SNAPSHOT] Stopping the REST API
2025-01-29 13:27:22,960 INFO c.h.h.t.HelmChartContainer - [test-hivemq-platform] [hivemq] [c978e4ad] INFO  - [HiveMQ Platform Operator Init App 1.7.0-SNAPSHOT] Shutdown complete
2025-01-29 13:27:23,428 INFO c.h.h.t.HelmChartContainer - [test-hivemq-platform] [hivemq] [1305f1c2] INFO  - Shutdown completed.
2025-01-29 13:27:23,479 INFO c.h.h.t.HelmChartContainer - [POD] test-hivemq-platform-1 [c978e4ad-d507-4644-a198-ae05cc1ee624] in helmcustomconfigit was MODIFIED
2025-01-29 13:27:23,481 INFO c.h.h.t.HelmChartContainer - [K3S] [stateful_set.go:438] "Unhandled Error" err="error syncing StatefulSet helmcustomconfigit/test-hivemq-platform, requeuing: controllerrevisions.apps \"test-hivemq-platform-7f5f89548\" is forbidden: unable to create new content in namespace helmcustomconfigit because it is being terminated"
2025-01-29 13:27:23,489 INFO c.h.h.t.HelmChartContainer - [K3S] [stateful_set.go:438] "Unhandled Error" err="error syncing StatefulSet helmcustomconfigit/test-hivemq-platform, requeuing: controllerrevisions.apps \"test-hivemq-platform-7f5f89548\" is forbidden: unable to create new content in namespace helmcustomconfigit because it is being terminated"
2025-01-29 13:27:23,503 INFO c.h.h.t.HelmChartContainer - [K3S] [stateful_set.go:438] "Unhandled Error" err="error syncing StatefulSet helmcustomconfigit/test-hivemq-platform, requeuing: controllerrevisions.apps \"test-hivemq-platform-7f5f89548\" is forbidden: unable to create new content in namespace helmcustomconfigit because it is being terminated"
2025-01-29 13:27:23,527 INFO c.h.h.t.HelmChartContainer - [K3S] [reconciler_common.go:162] "operationExecutor.UnmountVolume started for volume \"operator-init\" (UniqueName: \"kubernetes.io/empty-dir/c978e4ad-d507-4644-a198-ae05cc1ee624-operator-init\") pod \"c978e4ad-d507-4644-a198-ae05cc1ee624\" (UID: \"c978e4ad-d507-4644-a198-ae05cc1ee624\") "
2025-01-29 13:27:23,528 INFO c.h.h.t.HelmChartContainer - [K3S] [reconciler_common.go:162] "operationExecutor.UnmountVolume started for volume \"pod-info\" (UniqueName: \"kubernetes.io/configmap/c978e4ad-d507-4644-a198-ae05cc1ee624-pod-info\") pod \"c978e4ad-d507-4644-a198-ae05cc1ee624\" (UID: \"c978e4ad-d507-4644-a198-ae05cc1ee624\") "
2025-01-29 13:27:23,528 INFO c.h.h.t.HelmChartContainer - [K3S] [reconciler_common.go:162] "operationExecutor.UnmountVolume started for volume \"kube-api-access-bcblz\" (UniqueName: \"kubernetes.io/projected/c978e4ad-d507-4644-a198-ae05cc1ee624-kube-api-access-bcblz\") pod \"c978e4ad-d507-4644-a198-ae05cc1ee624\" (UID: \"c978e4ad-d507-4644-a198-ae05cc1ee624\") "
2025-01-29 13:27:23,528 INFO c.h.h.t.HelmChartContainer - [K3S] [reconciler_common.go:162] "operationExecutor.UnmountVolume started for volume \"broker-configuration\" (UniqueName: \"kubernetes.io/configmap/c978e4ad-d507-4644-a198-ae05cc1ee624-broker-configuration\") pod \"c978e4ad-d507-4644-a198-ae05cc1ee624\" (UID: \"c978e4ad-d507-4644-a198-ae05cc1ee624\") "
2025-01-29 13:27:23,528 INFO c.h.h.t.HelmChartContainer - [K3S] [stateful_set.go:438] "Unhandled Error" err="error syncing StatefulSet helmcustomconfigit/test-hivemq-platform, requeuing: controllerrevisions.apps \"test-hivemq-platform-7f5f89548\" is forbidden: unable to create new content in namespace helmcustomconfigit because it is being terminated"
2025-01-29 13:27:23,571 INFO c.h.h.t.HelmChartContainer - [K3S] [stateful_set.go:438] "Unhandled Error" err="error syncing StatefulSet helmcustomconfigit/test-hivemq-platform, requeuing: controllerrevisions.apps \"test-hivemq-platform-7f5f89548\" is forbidden: unable to create new content in namespace helmcustomconfigit because it is being terminated"
2025-01-29 13:27:23,628 INFO c.h.h.t.HelmChartContainer - [K3S] [reconciler_common.go:299] "Volume detached for volume \"kube-api-access-bcblz\" (UniqueName: \"kubernetes.io/projected/c978e4ad-d507-4644-a198-ae05cc1ee624-kube-api-access-bcblz\") on node \"8f07877cb075\" DevicePath \"\""
2025-01-29 13:27:23,628 INFO c.h.h.t.HelmChartContainer - [K3S] [reconciler_common.go:299] "Volume detached for volume \"broker-configuration\" (UniqueName: \"kubernetes.io/configmap/c978e4ad-d507-4644-a198-ae05cc1ee624-broker-configuration\") on node \"8f07877cb075\" DevicePath \"\""
2025-01-29 13:27:23,628 INFO c.h.h.t.HelmChartContainer - [K3S] [reconciler_common.go:299] "Volume detached for volume \"operator-init\" (UniqueName: \"kubernetes.io/empty-dir/c978e4ad-d507-4644-a198-ae05cc1ee624-operator-init\") on node \"8f07877cb075\" DevicePath \"\""
2025-01-29 13:27:23,628 INFO c.h.h.t.HelmChartContainer - [K3S] [reconciler_common.go:299] "Volume detached for volume \"pod-info\" (UniqueName: \"kubernetes.io/configmap/c978e4ad-d507-4644-a198-ae05cc1ee624-pod-info\") on node \"8f07877cb075\" DevicePath \"\""
2025-01-29 13:27:23,654 INFO c.h.h.t.HelmChartContainer - [K3S] [stateful_set.go:438] "Unhandled Error" err="error syncing StatefulSet helmcustomconfigit/test-hivemq-platform, requeuing: controllerrevisions.apps \"test-hivemq-platform-7f5f89548\" is forbidden: unable to create new content in namespace helmcustomconfigit because it is being terminated"
2025-01-29 13:27:23,778 INFO c.h.h.t.HelmChartContainer - [test-hivemq-platform] [hivemq] [1305f1c2] INFO  - [HiveMQ Platform Operator Init App 1.7.0-SNAPSHOT] The HiveMQ Platform exited with code 143
2025-01-29 13:27:23,778 INFO c.h.h.t.HelmChartContainer - [test-hivemq-platform] [hivemq] [1305f1c2] INFO  - [HiveMQ Platform Operator Init App 1.7.0-SNAPSHOT] Stopping the REST API
2025-01-29 13:27:23,785 INFO c.h.h.t.HelmChartContainer - [test-hivemq-platform] [hivemq] [1305f1c2] INFO  - [HiveMQ Platform Operator Init App 1.7.0-SNAPSHOT] Shutdown complete
2025-01-29 13:27:23,818 INFO c.h.h.t.HelmChartContainer - [K3S] [stateful_set.go:438] "Unhandled Error" err="error syncing StatefulSet helmcustomconfigit/test-hivemq-platform, requeuing: controllerrevisions.apps \"test-hivemq-platform-7f5f89548\" is forbidden: unable to create new content in namespace helmcustomconfigit because it is being terminated"
2025-01-29 13:27:23,939 INFO c.h.h.t.HelmChartContainer - [K3S] [stateful_set.go:466] "StatefulSet has been deleted" key="helmcustomconfigit/test-hivemq-platform"
2025-01-29 13:27:24,139 INFO c.h.h.t.HelmChartContainer - [K3S] [stateful_set.go:466] "StatefulSet has been deleted" key="helmcustomconfigit/test-hivemq-platform"
2025-01-29 13:27:24,216 INFO c.h.h.t.HelmChartContainer - [POD] test-hivemq-platform-0 [1305f1c2-d3ef-459a-bdae-758555585e18] in helmcustomconfigit was MODIFIED
2025-01-29 13:27:24,231 INFO c.h.h.t.HelmChartContainer - [K3S] [reconciler_common.go:162] "operationExecutor.UnmountVolume started for volume \"pod-info\" (UniqueName: \"kubernetes.io/configmap/1305f1c2-d3ef-459a-bdae-758555585e18-pod-info\") pod \"1305f1c2-d3ef-459a-bdae-758555585e18\" (UID: \"1305f1c2-d3ef-459a-bdae-758555585e18\") "
2025-01-29 13:27:24,231 INFO c.h.h.t.HelmChartContainer - [K3S] [reconciler_common.go:162] "operationExecutor.UnmountVolume started for volume \"operator-init\" (UniqueName: \"kubernetes.io/empty-dir/1305f1c2-d3ef-459a-bdae-758555585e18-operator-init\") pod \"1305f1c2-d3ef-459a-bdae-758555585e18\" (UID: \"1305f1c2-d3ef-459a-bdae-758555585e18\") "
2025-01-29 13:27:24,231 INFO c.h.h.t.HelmChartContainer - [K3S] [reconciler_common.go:162] "operationExecutor.UnmountVolume started for volume \"broker-configuration\" (UniqueName: \"kubernetes.io/configmap/1305f1c2-d3ef-459a-bdae-758555585e18-broker-configuration\") pod \"1305f1c2-d3ef-459a-bdae-758555585e18\" (UID: \"1305f1c2-d3ef-459a-bdae-758555585e18\") "
2025-01-29 13:27:24,231 INFO c.h.h.t.HelmChartContainer - [K3S] [reconciler_common.go:162] "operationExecutor.UnmountVolume started for volume \"kube-api-access-86lk6\" (UniqueName: \"kubernetes.io/projected/1305f1c2-d3ef-459a-bdae-758555585e18-kube-api-access-86lk6\") pod \"1305f1c2-d3ef-459a-bdae-758555585e18\" (UID: \"1305f1c2-d3ef-459a-bdae-758555585e18\") "
2025-01-29 13:27:24,331 INFO c.h.h.t.HelmChartContainer - [K3S] [reconciler_common.go:299] "Volume detached for volume \"broker-configuration\" (UniqueName: \"kubernetes.io/configmap/1305f1c2-d3ef-459a-bdae-758555585e18-broker-configuration\") on node \"8f07877cb075\" DevicePath \"\""
2025-01-29 13:27:24,331 INFO c.h.h.t.HelmChartContainer - [K3S] [reconciler_common.go:299] "Volume detached for volume \"kube-api-access-86lk6\" (UniqueName: \"kubernetes.io/projected/1305f1c2-d3ef-459a-bdae-758555585e18-kube-api-access-86lk6\") on node \"8f07877cb075\" DevicePath \"\""
2025-01-29 13:27:24,331 INFO c.h.h.t.HelmChartContainer - [K3S] [reconciler_common.go:299] "Volume detached for volume \"operator-init\" (UniqueName: \"kubernetes.io/empty-dir/1305f1c2-d3ef-459a-bdae-758555585e18-operator-init\") on node \"8f07877cb075\" DevicePath \"\""
2025-01-29 13:27:24,331 INFO c.h.h.t.HelmChartContainer - [K3S] [reconciler_common.go:299] "Volume detached for volume \"pod-info\" (UniqueName: \"kubernetes.io/configmap/1305f1c2-d3ef-459a-bdae-758555585e18-pod-info\") on node \"8f07877cb075\" DevicePath \"\""
2025-01-29 13:27:24,411 INFO c.h.h.t.HelmChartContainer - [K3S] [scope.go:117] "RemoveContainer" containerID="b6fe0fd328d13f38b718c1458b442b75696cf911adeed3e43c951dbbaf076027"
2025-01-29 13:27:24,434 INFO c.h.h.t.HelmChartContainer - [POD] test-hivemq-platform-0 [1305f1c2-d3ef-459a-bdae-758555585e18] in helmcustomconfigit was MODIFIED
2025-01-29 13:27:24,434 INFO c.h.h.t.HelmChartContainer - [POD] test-hivemq-platform-0 [1305f1c2-d3ef-459a-bdae-758555585e18] in helmcustomconfigit was DELETED
2025-01-29 13:27:24,445 INFO c.h.h.t.HelmChartContainer - [POD] test-hivemq-platform-1 [c978e4ad-d507-4644-a198-ae05cc1ee624] in helmcustomconfigit was MODIFIED
2025-01-29 13:27:24,449 INFO c.h.h.t.HelmChartContainer - [POD] test-hivemq-platform-1 [c978e4ad-d507-4644-a198-ae05cc1ee624] in helmcustomconfigit was DELETED
2025-01-29 13:27:24,515 INFO c.h.h.t.HelmChartContainer - [K3S] [kubelet_volumes.go:163] "Cleaned up orphaned pod volumes dir" podUID="1305f1c2-d3ef-459a-bdae-758555585e18" path="/var/lib/kubelet/pods/1305f1c2-d3ef-459a-bdae-758555585e18/volumes"
2025-01-29 13:27:24,515 INFO c.h.h.t.HelmChartContainer - [K3S] [kubelet_volumes.go:163] "Cleaned up orphaned pod volumes dir" podUID="c978e4ad-d507-4644-a198-ae05cc1ee624" path="/var/lib/kubelet/pods/c978e4ad-d507-4644-a198-ae05cc1ee624/volumes"
2025-01-29 13:27:24,531 INFO c.h.h.t.HelmChartContainer - [K3S] [scope.go:117] "RemoveContainer" containerID="2fab4f21ebd9b25468680eabac2d2e047a6fbcaa61113fd8a3a5145f3995b718"
2025-01-29 13:27:24,533 INFO c.h.h.t.HelmChartContainer - [K3S] [scope.go:117] "RemoveContainer" containerID="b6fe0fd328d13f38b718c1458b442b75696cf911adeed3e43c951dbbaf076027"
2025-01-29 13:27:24,534 INFO c.h.h.t.HelmChartContainer - [K3S] [scope.go:117] "RemoveContainer" containerID="2fab4f21ebd9b25468680eabac2d2e047a6fbcaa61113fd8a3a5145f3995b718"
2025-01-29 13:27:24,534 INFO c.h.h.t.HelmChartContainer - [K3S] [scope.go:117] "RemoveContainer" containerID="6fb4d6631896a8b18723e99d777fdb2ba19a9d3f3ea4ebbfe20184d9a78bc7ba"
2025-01-29 13:27:24,625 INFO c.h.h.t.HelmChartContainer - [K3S] [scope.go:117] "RemoveContainer" containerID="1720d79c23bfb105dba7f70536210eb7cda1c6fb8a5174dd7000c625d3b88815"
2025-01-29 13:27:29,203 INFO c.h.h.t.HelmChartContainer - Namespace 'helmcustomconfigit' deleted
2025-01-29 13:27:29,203 INFO c.h.h.t.HelmChartContainer - Release 'test-hivemq-platform' in namespace 'helmcustomconfigit' is uninstalled
2025-01-29 13:27:29,203 INFO c.h.h.t.HelmChartContainer - Uninstalling release 'test-hivemq-platform-operator' in namespace 'helmcustomconfigit-operator'...
2025-01-29 13:27:29,203 DEBUG c.h.h.t.HelmChartContainer - Executing helm command: /bin/helm --kubeconfig /etc/rancher/k3s/k3s.yaml uninstall test-hivemq-platform-operator  --wait --timeout 5m0s --cascade foreground --namespace helmcustomconfigit-operator
2025-01-29 13:27:29,375 INFO c.h.h.t.HelmChartContainer - [K3S] [replica_set.go:679] "Finished syncing" kind="ReplicaSet" key="helmcustomconfigit-operator/hivemq-test-hivemq-platform-operator-6966f96d65" duration="7.424491ms"
2025-01-29 13:27:29,376 INFO c.h.h.t.HelmChartContainer - [K3S] [replica_set.go:679] "Finished syncing" kind="ReplicaSet" key="helmcustomconfigit-operator/hivemq-test-hivemq-platform-operator-6966f96d65" duration="41.948µs"
2025-01-29 13:27:29,396 INFO c.h.h.t.HelmChartContainer - [POD] hivemq-test-hivemq-platform-operator-6966f96d65-5q2jd [bf8a1584-1de8-44e9-823d-f21449cbabbc] in helmcustomconfigit-operator was MODIFIED
2025-01-29 13:27:29,404 INFO c.h.h.t.HelmChartContainer - [EVENT] Normal [Killing] Stopping container hivemq-platform-operator [helmcustomconfigit-operator:hivemq-test-hivemq-platform-operator-6966f96d65-5q2jd]
2025-01-29 13:27:29,404 INFO c.h.h.t.HelmChartContainer - Received Killing event for container hivemq-platform-operator in pod hivemq-test-hivemq-platform-operator-6966f96d65-5q2jd [bf8a1584-1de8-44e9-823d-f21449cbabbc]
2025-01-29 13:27:29,404 INFO c.h.h.t.HelmChartContainer - Container [hivemq-test-hivemq-platform-operator-6966f96d65-5q2jd] [hivemq-platform-operator] [bf8a1584-1de8-44e9-823d-f21449cbabbc] was terminated
2025-01-29 13:27:29,405 INFO c.h.h.t.HelmChartContainer - Stopped log watcher for hivemq-platform-operator in pod hivemq-test-hivemq-platform-operator-6966f96d65-5q2jd [bf8a1584-1de8-44e9-823d-f21449cbabbc]
2025-01-29 13:27:29,409 INFO c.h.h.t.HelmChartContainer - [hivemq-test-hivemq-platform] [hivemq-platform-operator] [bf8a1584] 13:27:29.407 [application-shutdown-thread] INFO  c.h.p.o.HiveMQPlatformOperatorApplication - HiveMQ Platform Operator is stopping...
2025-01-29 13:27:29,409 INFO c.h.h.t.HelmChartContainer - [hivemq-test-hivemq-platform] [hivemq-platform-operator] [bf8a1584] 13:27:29.407 [application-shutdown-thread] INFO  i.javaoperatorsdk.operator.Operator - Operator SDK 4.9.7 is shutting down...
2025-01-29 13:27:29,420 INFO c.h.h.t.HelmChartContainer - [K3S] [replica_set.go:679] "Finished syncing" kind="ReplicaSet" key="helmcustomconfigit-operator/hivemq-test-hivemq-platform-operator-6966f96d65" duration="26.033701ms"
2025-01-29 13:27:29,424 INFO c.h.h.t.HelmChartContainer - [K3S] [replica_set.go:679] "Finished syncing" kind="ReplicaSet" key="helmcustomconfigit-operator/hivemq-test-hivemq-platform-operator-6966f96d65" duration="52.899µs"
2025-01-29 13:27:29,940 INFO c.h.h.t.HelmChartContainer - [K3S] [replica_set.go:679] "Finished syncing" kind="ReplicaSet" key="helmcustomconfigit-operator/hivemq-test-hivemq-platform-operator-6966f96d65" duration="45.726µs"
2025-01-29 13:27:29,941 INFO c.h.h.t.HelmChartContainer - [POD] hivemq-test-hivemq-platform-operator-6966f96d65-5q2jd [bf8a1584-1de8-44e9-823d-f21449cbabbc] in helmcustomconfigit-operator was MODIFIED
2025-01-29 13:27:29,962 INFO c.h.h.t.HelmChartContainer - [K3S] [reconciler_common.go:162] "operationExecutor.UnmountVolume started for volume \"kube-api-access-rpdjj\" (UniqueName: \"kubernetes.io/projected/bf8a1584-1de8-44e9-823d-f21449cbabbc-kube-api-access-rpdjj\") pod \"bf8a1584-1de8-44e9-823d-f21449cbabbc\" (UID: \"bf8a1584-1de8-44e9-823d-f21449cbabbc\") "
2025-01-29 13:27:30,062 INFO c.h.h.t.HelmChartContainer - [K3S] [reconciler_common.go:299] "Volume detached for volume \"kube-api-access-rpdjj\" (UniqueName: \"kubernetes.io/projected/bf8a1584-1de8-44e9-823d-f21449cbabbc-kube-api-access-rpdjj\") on node \"8f07877cb075\" DevicePath \"\""
2025-01-29 13:27:30,427 INFO c.h.h.t.HelmChartContainer - [K3S] [scope.go:117] "RemoveContainer" containerID="c4f0cdcc47d2b85170618828db41bf3ea7171948c19ac7666efcd1e226cbc34f"
2025-01-29 13:27:30,431 INFO c.h.h.t.HelmChartContainer - [K3S] [scope.go:117] "RemoveContainer" containerID="c4f0cdcc47d2b85170618828db41bf3ea7171948c19ac7666efcd1e226cbc34f"
2025-01-29 13:27:30,439 INFO c.h.h.t.HelmChartContainer - [K3S] [replica_set.go:679] "Finished syncing" kind="ReplicaSet" key="helmcustomconfigit-operator/hivemq-test-hivemq-platform-operator-6966f96d65" duration="41.407µs"
2025-01-29 13:27:30,440 INFO c.h.h.t.HelmChartContainer - [POD] hivemq-test-hivemq-platform-operator-6966f96d65-5q2jd [bf8a1584-1de8-44e9-823d-f21449cbabbc] in helmcustomconfigit-operator was MODIFIED
2025-01-29 13:27:30,441 INFO c.h.h.t.HelmChartContainer - [POD] hivemq-test-hivemq-platform-operator-6966f96d65-5q2jd [bf8a1584-1de8-44e9-823d-f21449cbabbc] in helmcustomconfigit-operator was DELETED
2025-01-29 13:27:30,442 INFO c.h.h.t.HelmChartContainer - [K3S] [replica_set.go:679] "Finished syncing" kind="ReplicaSet" key="helmcustomconfigit-operator/hivemq-test-hivemq-platform-operator-6966f96d65" duration="35.577µs"
2025-01-29 13:27:30,451 INFO c.h.h.t.HelmChartContainer - [K3S] [replica_set.go:679] "Finished syncing" kind="ReplicaSet" key="helmcustomconfigit-operator/hivemq-test-hivemq-platform-operator-6966f96d65" duration="6.141µs"
2025-01-29 13:27:30,514 INFO c.h.h.t.HelmChartContainer - [K3S] [kubelet_volumes.go:163] "Cleaned up orphaned pod volumes dir" podUID="bf8a1584-1de8-44e9-823d-f21449cbabbc" path="/var/lib/kubelet/pods/bf8a1584-1de8-44e9-823d-f21449cbabbc/volumes"
2025-01-29 13:27:31,429 INFO c.h.h.t.HelmChartContainer - Deleting namespace 'helmcustomconfigit-operator'...
2025-01-29 13:27:34,165 INFO c.h.h.t.HelmChartContainer - [K3S] [namespace_controller.go:187] "Namespace has been deleted" namespace="helmcustomconfigit"
2025-01-29 13:27:36,648 INFO c.h.h.t.HelmChartContainer - Namespace 'helmcustomconfigit-operator' deleted
2025-01-29 13:27:36,648 INFO c.h.h.t.HelmChartContainer - Release 'test-hivemq-platform-operator' in namespace 'helmcustomconfigit-operator' is uninstalled
2025-01-29 13:27:37,491 INFO c.h.helmcharts.AbstractHelmChartIT - Removed unused containers:

2025-01-29 13:27:41,557 INFO c.h.h.t.HelmChartContainer - [K3S] [namespace_controller.go:187] "Namespace has been deleted" namespace="helmcustomconfigit-operator"
2025-01-29 13:27:45,607 INFO c.h.helmcharts.AbstractHelmChartIT - Removed unused snapshots:
Removing snapshot sha256:03af251906410714c5aef9fa705b63f6bbc39c4a5e787de7361eeb18886c2ed2
Removing snapshot sha256:0c46b3b43cce082ce5ec34ffc6c294e0417d17b9d1e6f366d114b6aadc4f96dc
Removing snapshot sha256:0ce761beee59082d6ed5bcebd3a805b8ddd9b3426b617e4809e7fb7c6587ffec
Removing snapshot sha256:0df91287303208332c8ff6ba40ae4710105201739addbfbddfb955f1ad593664
Removing snapshot sha256:1021ef88c7974bfff89c5a0ec4fd3160daac6c48a075f74cff721f85dd104e68
Removing snapshot sha256:10aba4953ddc18145dd38e3704709bc464aa20af60b56fe52caaff4b68411e62
Removing snapshot sha256:2573e0d8158209ed54ab25c87bcdcb00bd3d2539246960a3d592a1c599d70465
Removing snapshot sha256:362a8a37f8bbc31925a8146adcf7cf51f9882f5c1dcbef67c5baa03a297543c0
Removing snapshot sha256:397404f37391478d9c8c06adc66f5cd44a84073bfff95f6eac9b4532b543c9b6
Removing snapshot sha256:3fa4ad33f0ddc8fd45b39b6b4640f82a3a83619606cd975bfe89d8710ad2d4cd
Removing snapshot sha256:43a7c979bbaba6838bc3102d6b10a1459f3ab050b87ccdfef84ef90cf43d3058
Removing snapshot sha256:4ab04491cdf0d3267f08206fe30bd48f49f94b9cab2f016d6739220f722a64af
Removing snapshot sha256:4b6068250e89c96f263060261819c7d912855bfbd64b3eb4c4a8483299b8c295
Removing snapshot sha256:4fef70785221aa13d10357734828cc99ba13bc4e9da792e0cf8a8fd14970289c
Removing snapshot sha256:580e69a0a8034ede1921139bbd2bfb72a69ebf276d008281896c32dd8bf74775
Removing snapshot sha256:5d30ba46b27fe37484567ccc5242cadc78217b8da605f3f195ef25cbf7487904
Removing snapshot sha256:63ca1fbb43ae5034640e5e6cb3e083e05c290072c5366fcaa9d62435a4cced85
Removing snapshot sha256:67f702c6baae873bceb19487c8b1f27bd2b86077e4f2f0e480e6d60ab508b8f5
Removing snapshot sha256:6864348dd42806d552efdec384f1274be15e2d0c10ce44c1f04347af004c10a9
Removing snapshot sha256:6c7dee8f2c39b84b7dc2711c01d33de93514d9055499173e9290176fbe484b6c
Removing snapshot sha256:82753493a6d61ded36556292f02f31841a14c20d2f279f19eaad65afb661d5cd
Removing snapshot sha256:8a10d3db42c505ee0fcfa98417bdd7e39b304f6bcc0a06bb1b220797ff2cc63c
Removing snapshot sha256:a21e5b12dbac529ad45d976eb9ce45c881f3bedcc500fb30aba1e52aa1813418
Removing snapshot sha256:b921e6c28969094157f9b8e7244677780319637afd14450b7cb6b2fdea558a0c
Removing snapshot sha256:bc27ecb5769a00e309cf99ebc763c4a4b958b618d1decc96ffac5bc05f02f5b7
Removing snapshot sha256:be3ccb6627a5332e309d45ef461d09b4879dd870c7394d89323d0ebc6ca6aa8a
Removing snapshot sha256:c261f7cbbc64211ee175ee47273acdb7b1a36a4450b397a064a8f2c026490095
Removing snapshot sha256:c34d9393647eea0c9e3557ab988efaf59f61d10a2a5613b439ef0958cca5ec10
Removing snapshot sha256:ccf3c4a0fa967a41c1c83497a2ce6fa5787965859df0adb32c4ca2cf7490bc2b
Removing snapshot sha256:cf92d33f869417309692088c341cd0f223c178ea78a125f757317b22aa8f90e9
Removing snapshot sha256:d0037344cf2fb078884f1849f6a1f8cf9a33a3b6139b6a85833e5ee528e1f9a8
Removing snapshot sha256:d3b36d5b79273b1e98e7700470eaeff05a882e777124d84cebcc1505b85ecb36
Removing snapshot sha256:d65a44a37914602d12c611e5e22a50f11451d847e63015cc1c2aef92dee777a4
Removing snapshot sha256:e2dc0bae2455930f23ae570e019b7f32edc75c0f2d71cab084db837ff9051796
Removing snapshot sha256:eccbd24a99c60cd9e86ee5305dbfc4a4dc89f5ab4fb1f06c8d64797cecedef34
Removing snapshot sha256:f144bb4c7c7f0d2aa7eeffd36d934ec40db1ee167be727e326aad9fdc616f475

]]></system-out>
  </testcase>
  <system-out><![CDATA[2025-01-29 13:18:12,978 INFO c.h.h.t.HelmChartContainerExtension - Using cached HelmChartContainer instance
2025-01-29 13:18:12,985 INFO c.h.h.t.HelmChartContainerExtension - Creating cached HelmChartContainer instance
2025-01-29 13:18:13,004 INFO o.testcontainers.DockerClientFactory - Testcontainers version: 1.20.4
2025-01-29 13:18:13,383 INFO o.t.d.DockerClientProviderStrategy - Found Docker environment with local Unix socket (unix:///var/run/docker.sock)
2025-01-29 13:18:13,390 INFO o.testcontainers.DockerClientFactory - Docker host IP address is localhost
2025-01-29 13:18:13,406 INFO o.testcontainers.DockerClientFactory - Connected to docker: 
  Server Version: 26.1.3
  API Version: 1.45
  Operating System: Ubuntu 24.04.1 LTS
  Total Memory: 15990 MB
2025-01-29 13:18:13,413 INFO o.testcontainers.images.PullPolicy - Image pull policy will be performed by: DefaultPullPolicy()
2025-01-29 13:18:13,414 INFO o.t.utility.ImageNameSubstitutor - Image name substitution will be performed by: DefaultImageNameSubstitutor (composite of 'ConfigurationFileImageNameSubstitutor' and 'PrefixingImageNameSubstitutor')
2025-01-29 13:18:13,439 INFO tc.testcontainers/ryuk:0.11.0 - Pulling docker image: testcontainers/ryuk:0.11.0. Please be patient; this may take some time but only needs to be done once.
2025-01-29 13:18:13,878 INFO tc.testcontainers/ryuk:0.11.0 - Starting to pull image
2025-01-29 13:18:13,893 INFO tc.testcontainers/ryuk:0.11.0 - Pulling image layers:  0 pending,  0 downloaded,  0 extracted, (0 bytes/0 bytes)
2025-01-29 13:18:14,125 INFO tc.testcontainers/ryuk:0.11.0 - Pulling image layers:  2 pending,  1 downloaded,  0 extracted, (107 KB/? MB)
2025-01-29 13:18:14,147 INFO tc.testcontainers/ryuk:0.11.0 - Pulling image layers:  1 pending,  2 downloaded,  0 extracted, (144 KB/? MB)
2025-01-29 13:18:14,158 INFO tc.testcontainers/ryuk:0.11.0 - Pulling image layers:  0 pending,  3 downloaded,  0 extracted, (144 KB/10 MB)
2025-01-29 13:18:14,233 INFO tc.testcontainers/ryuk:0.11.0 - Pulling image layers:  0 pending,  3 downloaded,  1 extracted, (3 MB/10 MB)
2025-01-29 13:18:14,377 INFO tc.testcontainers/ryuk:0.11.0 - Pulling image layers:  0 pending,  3 downloaded,  2 extracted, (4 MB/10 MB)
2025-01-29 13:18:14,420 INFO tc.testcontainers/ryuk:0.11.0 - Pulling image layers:  0 pending,  3 downloaded,  3 extracted, (10 MB/10 MB)
2025-01-29 13:18:14,427 INFO tc.testcontainers/ryuk:0.11.0 - Image testcontainers/ryuk:0.11.0 pull took PT0.988045823S
2025-01-29 13:18:14,447 INFO tc.testcontainers/ryuk:0.11.0 - Creating container for image: testcontainers/ryuk:0.11.0
2025-01-29 13:18:14,514 INFO tc.testcontainers/ryuk:0.11.0 - Container testcontainers/ryuk:0.11.0 is starting: 1f70f4436fb07cd45004b9d81fb2b7020e97003296b8e1dbb467e251821c7690
2025-01-29 13:18:14,770 INFO tc.testcontainers/ryuk:0.11.0 - Container testcontainers/ryuk:0.11.0 started in PT0.322773919S
2025-01-29 13:18:14,773 INFO o.t.utility.RyukResourceReaper - Ryuk started - will monitor and terminate Testcontainers containers on JVM exit
2025-01-29 13:18:14,774 INFO o.testcontainers.DockerClientFactory - Checking the system...
2025-01-29 13:18:14,774 INFO o.testcontainers.DockerClientFactory - ✔︎ Docker server version should be at least 1.6.0
2025-01-29 13:18:14,850 INFO o.t.i.builder.ImageFromDockerfile - Pre-emptively checking local images for 'ubuntu:noble-20241118.1@sha256:80dd3c3b9c6cecb9f1667e9290b3bc61b78c2678c02cbdae5f0fea92cc6734ab', referenced via a Dockerfile. If not available, it will be pulled.
2025-01-29 13:18:14,853 INFO t.u.1@sha256:80dd3c... - Pulling docker image: ubuntu:noble-20241118.1@sha256:80dd3c3b9c6cecb9f1667e9290b3bc61b78c2678c02cbdae5f0fea92cc6734ab. Please be patient; this may take some time but only needs to be done once.
2025-01-29 13:18:15,119 INFO t.u.1@sha256:80dd3c... - Starting to pull image
2025-01-29 13:18:15,121 INFO t.u.1@sha256:80dd3c... - Pulling image layers:  0 pending,  0 downloaded,  0 extracted, (0 bytes/0 bytes)
2025-01-29 13:18:15,429 INFO t.u.1@sha256:80dd3c... - Pulling image layers:  0 pending,  1 downloaded,  0 extracted, (22 MB/28 MB)
2025-01-29 13:18:16,362 INFO t.u.1@sha256:80dd3c... - Pulling image layers:  0 pending,  1 downloaded,  1 extracted, (28 MB/28 MB)
2025-01-29 13:18:16,368 INFO t.u.1@sha256:80dd3c... - Image ubuntu:noble-20241118.1@sha256:80dd3c3b9c6cecb9f1667e9290b3bc61b78c2678c02cbdae5f0fea92cc6734ab pull took PT1.515058955S
2025-01-29 13:18:16,368 INFO t.u.1@sha256:80dd3c... - Pull complete. 1 layers, pulled in 1s (downloaded 28 MB at 28 MB/s)
2025-01-29 13:18:16,371 INFO o.t.i.builder.ImageFromDockerfile - Pre-emptively checking local images for 'rancher/k3s:v1.32.1-k3s1', referenced via a Dockerfile. If not available, it will be pulled.
2025-01-29 13:18:16,372 INFO tc.rancher/k3s:v1.32.1-k3s1 - Pulling docker image: rancher/k3s:v1.32.1-k3s1. Please be patient; this may take some time but only needs to be done once.
2025-01-29 13:18:16,741 INFO tc.rancher/k3s:v1.32.1-k3s1 - Starting to pull image
2025-01-29 13:18:16,742 INFO tc.rancher/k3s:v1.32.1-k3s1 - Pulling image layers:  0 pending,  0 downloaded,  0 extracted, (0 bytes/0 bytes)
2025-01-29 13:18:17,320 INFO tc.rancher/k3s:v1.32.1-k3s1 - Pulling image layers:  0 pending,  1 downloaded,  0 extracted, (62 MB/71 MB)
2025-01-29 13:18:18,359 INFO tc.rancher/k3s:v1.32.1-k3s1 - Pulling image layers:  0 pending,  1 downloaded,  1 extracted, (71 MB/71 MB)
2025-01-29 13:18:18,365 INFO tc.rancher/k3s:v1.32.1-k3s1 - Pull complete. 1 layers, pulled in 1s (downloaded 71 MB at 71 MB/s)
2025-01-29 13:18:18,365 INFO tc.rancher/k3s:v1.32.1-k3s1 - Image rancher/k3s:v1.32.1-k3s1 pull took PT1.992870796S
2025-01-29 13:18:18,371 INFO o.t.i.builder.ImageFromDockerfile - Transferred 0 bytes to Docker daemon
2025-01-29 13:18:34,018 INFO c.h.h.t.HelmChartContainer - Starting HelmChartContainer...
2025-01-29 13:18:34,020 INFO t.localhost/testcontainers/j2yqt717tt2aukng:latest - Creating container for image: localhost/testcontainers/j2yqt717tt2aukng:latest
2025-01-29 13:18:34,090 INFO tc.alpine:3.17 - Pulling docker image: alpine:3.17. Please be patient; this may take some time but only needs to be done once.
2025-01-29 13:18:34,442 INFO tc.alpine:3.17 - Starting to pull image
2025-01-29 13:18:34,443 INFO tc.alpine:3.17 - Pulling image layers:  0 pending,  0 downloaded,  0 extracted, (0 bytes/0 bytes)
2025-01-29 13:18:34,684 INFO tc.alpine:3.17 - Pulling image layers:  0 pending,  1 downloaded,  0 extracted, (33 KB/3 MB)
2025-01-29 13:18:34,780 INFO tc.alpine:3.17 - Pulling image layers:  0 pending,  1 downloaded,  1 extracted, (3 MB/3 MB)
2025-01-29 13:18:34,786 INFO tc.alpine:3.17 - Image alpine:3.17 pull took PT0.695992026S
2025-01-29 13:18:35,350 INFO t.localhost/testcontainers/j2yqt717tt2aukng:latest - Container localhost/testcontainers/j2yqt717tt2aukng:latest is starting: 8f07877cb075bf0f5e07822dc20cfb3d66cad4ce7280b66b60000e4f7e2dab17
2025-01-29 13:18:35,722 INFO c.h.h.t.HelmChartContainer - [K3S] [INFO] Starting k3s v1.32.1+k3s1 (6a322f12)
2025-01-29 13:18:35,725 INFO c.h.h.t.HelmChartContainer - [K3S] [INFO] Configuring sqlite3 database connection pooling: maxIdleConns=2, maxOpenConns=0, connMaxLifetime=0s
2025-01-29 13:18:35,725 INFO c.h.h.t.HelmChartContainer - [K3S] [INFO] Configuring database table schema and indexes, this may take a moment...
2025-01-29 13:18:35,728 INFO c.h.h.t.HelmChartContainer - [K3S] [INFO] Database tables and indexes are up to date
2025-01-29 13:18:35,731 INFO c.h.h.t.HelmChartContainer - [K3S] [INFO] Kine available at unix://kine.sock
2025-01-29 13:18:36,071 INFO c.h.h.t.HelmChartContainer - [K3S] [INFO] Saving cluster bootstrap data to datastore
2025-01-29 13:18:36,072 INFO c.h.h.t.HelmChartContainer - [K3S] [WARNING] dynamiclistener [::]:6443: no cached certificate available for preload - deferring certificate load until storage initialization or first client request
2025-01-29 13:18:36,073 INFO c.h.h.t.HelmChartContainer - [K3S] [INFO] Active TLS secret / (ver=) (count 10): map[listener.cattle.io/cn-10.43.0.1:10.43.0.1 listener.cattle.io/cn-127.0.0.1:127.0.0.1 listener.cattle.io/cn-172.18.0.2:172.18.0.2 listener.cattle.io/cn-8f07877cb075:8f07877cb075 listener.cattle.io/cn-__1-f16284:::1 listener.cattle.io/cn-kubernetes:kubernetes listener.cattle.io/cn-kubernetes.default:kubernetes.default listener.cattle.io/cn-kubernetes.default.svc:kubernetes.default.svc listener.cattle.io/cn-kubernetes.default.svc.cluster.local:kubernetes.default.svc.cluster.local listener.cattle.io/cn-localhost:localhost listener.cattle.io/fingerprint:SHA1=84C832F7AF18E208047016A0D0A2AB58CB48A158]
2025-01-29 13:18:36,238 INFO c.h.h.t.HelmChartContainer - [K3S] [INFO] Running kube-apiserver --advertise-port=6443 --allow-privileged=true --anonymous-auth=false --api-audiences=https://kubernetes.default.svc.cluster.local,k3s --authorization-mode=Node,RBAC --bind-address=127.0.0.1 --cert-dir=/var/lib/rancher/k3s/server/tls/temporary-certs --client-ca-file=/var/lib/rancher/k3s/server/tls/client-ca.crt --egress-selector-config-file=/var/lib/rancher/k3s/server/etc/egress-selector-config.yaml --enable-admission-plugins=NodeRestriction --enable-aggregator-routing=true --enable-bootstrap-token-auth=true --etcd-compaction-interval=0s --etcd-servers=unix://kine.sock --kubelet-certificate-authority=/var/lib/rancher/k3s/server/tls/server-ca.crt --kubelet-client-certificate=/var/lib/rancher/k3s/server/tls/client-kube-apiserver.crt --kubelet-client-key=/var/lib/rancher/k3s/server/tls/client-kube-apiserver.key --kubelet-preferred-address-types=InternalIP,ExternalIP,Hostname --profiling=false --proxy-client-cert-file=/var/lib/rancher/k3s/server/tls/client-auth-proxy.crt --proxy-client-key-file=/var/lib/rancher/k3s/server/tls/client-auth-proxy.key --requestheader-allowed-names=system:auth-proxy --requestheader-client-ca-file=/var/lib/rancher/k3s/server/tls/request-header-ca.crt --requestheader-extra-headers-prefix=X-Remote-Extra- --requestheader-group-headers=X-Remote-Group --requestheader-username-headers=X-Remote-User --secure-port=6444 --service-account-issuer=https://kubernetes.default.svc.cluster.local --service-account-key-file=/var/lib/rancher/k3s/server/tls/service.key --service-account-signing-key-file=/var/lib/rancher/k3s/server/tls/service.current.key --service-cluster-ip-range=10.43.0.0/16 --service-node-port-range=30000-32767 --storage-backend=etcd3 --tls-cert-file=/var/lib/rancher/k3s/server/tls/serving-kube-apiserver.crt --tls-cipher-suites=TLS_ECDHE_ECDSA_WITH_AES_256_GCM_SHA384,TLS_ECDHE_RSA_WITH_AES_256_GCM_SHA384,TLS_ECDHE_ECDSA_WITH_AES_128_GCM_SHA256,TLS_ECDHE_RSA_WITH_AES_128_GCM_SHA256,TLS_ECDHE_ECDSA_WITH_CHACHA20_POLY1305,TLS_ECDHE_RSA_WITH_CHACHA20_POLY1305 --tls-private-key-file=/var/lib/rancher/k3s/server/tls/serving-kube-apiserver.key
2025-01-29 13:18:36,238 INFO c.h.h.t.HelmChartContainer - [K3S] [INFO] Running kube-scheduler --authentication-kubeconfig=/var/lib/rancher/k3s/server/cred/scheduler.kubeconfig --authorization-kubeconfig=/var/lib/rancher/k3s/server/cred/scheduler.kubeconfig --bind-address=127.0.0.1 --kubeconfig=/var/lib/rancher/k3s/server/cred/scheduler.kubeconfig --leader-elect=false --profiling=false --secure-port=10259
2025-01-29 13:18:36,239 INFO c.h.h.t.HelmChartContainer - [K3S] [registry.go:256] calling componentGlobalsRegistry.AddFlags more than once, the registry will be set by the latest flags
2025-01-29 13:18:36,239 INFO c.h.h.t.HelmChartContainer - [K3S] [INFO] Waiting for API server to become available
2025-01-29 13:18:36,240 INFO c.h.h.t.HelmChartContainer - [K3S] [INFO] Running kube-controller-manager --allocate-node-cidrs=true --authentication-kubeconfig=/var/lib/rancher/k3s/server/cred/controller.kubeconfig --authorization-kubeconfig=/var/lib/rancher/k3s/server/cred/controller.kubeconfig --bind-address=127.0.0.1 --cluster-cidr=10.42.0.0/16 --cluster-signing-kube-apiserver-client-cert-file=/var/lib/rancher/k3s/server/tls/client-ca.nochain.crt --cluster-signing-kube-apiserver-client-key-file=/var/lib/rancher/k3s/server/tls/client-ca.key --cluster-signing-kubelet-client-cert-file=/var/lib/rancher/k3s/server/tls/client-ca.nochain.crt --cluster-signing-kubelet-client-key-file=/var/lib/rancher/k3s/server/tls/client-ca.key --cluster-signing-kubelet-serving-cert-file=/var/lib/rancher/k3s/server/tls/server-ca.nochain.crt --cluster-signing-kubelet-serving-key-file=/var/lib/rancher/k3s/server/tls/server-ca.key --cluster-signing-legacy-unknown-cert-file=/var/lib/rancher/k3s/server/tls/server-ca.nochain.crt --cluster-signing-legacy-unknown-key-file=/var/lib/rancher/k3s/server/tls/server-ca.key --configure-cloud-routes=false --controllers=*,tokencleaner,-service,-route,-cloud-node-lifecycle --kubeconfig=/var/lib/rancher/k3s/server/cred/controller.kubeconfig --leader-elect=false --profiling=false --root-ca-file=/var/lib/rancher/k3s/server/tls/server-ca.crt --secure-port=10257 --service-account-private-key-file=/var/lib/rancher/k3s/server/tls/service.current.key --service-cluster-ip-range=10.43.0.0/16 --use-service-account-credentials=true
2025-01-29 13:18:36,240 INFO c.h.h.t.HelmChartContainer - [K3S] [registry.go:256] calling componentGlobalsRegistry.AddFlags more than once, the registry will be set by the latest flags
2025-01-29 13:18:36,240 INFO c.h.h.t.HelmChartContainer - [K3S] [options.go:299] unable to set WatchListClient feature gate, err: cannot override default for feature "WatchListClient": gates already added to a flag set
2025-01-29 13:18:36,241 INFO c.h.h.t.HelmChartContainer - [K3S] [registry.go:256] calling componentGlobalsRegistry.AddFlags more than once, the registry will be set by the latest flags
2025-01-29 13:18:36,242 INFO c.h.h.t.HelmChartContainer - [K3S] [INFO] Running cloud-controller-manager --allocate-node-cidrs=true --authentication-kubeconfig=/var/lib/rancher/k3s/server/cred/cloud-controller.kubeconfig --authorization-kubeconfig=/var/lib/rancher/k3s/server/cred/cloud-controller.kubeconfig --bind-address=127.0.0.1 --cloud-config=/var/lib/rancher/k3s/server/etc/cloud-config.yaml --cloud-provider=k3s --cluster-cidr=10.42.0.0/16 --configure-cloud-routes=false --controllers=*,-route --kubeconfig=/var/lib/rancher/k3s/server/cred/cloud-controller.kubeconfig --leader-elect=false --leader-elect-resource-name=k3s-cloud-controller-manager --node-status-update-frequency=1m0s --profiling=false
2025-01-29 13:18:36,242 INFO c.h.h.t.HelmChartContainer - [K3S] [options.go:238] external host was not specified, using 172.18.0.2
2025-01-29 13:18:36,243 INFO c.h.h.t.HelmChartContainer - [K3S] [INFO] Server node token is available at /var/lib/rancher/k3s/server/token
2025-01-29 13:18:36,244 INFO c.h.h.t.HelmChartContainer - [K3S] [INFO] To join server node to cluster: k3s server -s https://172.18.0.2:6443 -t ${SERVER_NODE_TOKEN}
2025-01-29 13:18:36,244 INFO c.h.h.t.HelmChartContainer - [K3S] [INFO] Agent node token is available at /var/lib/rancher/k3s/server/agent-token
2025-01-29 13:18:36,244 INFO c.h.h.t.HelmChartContainer - [K3S] [INFO] To join agent node to cluster: k3s agent -s https://172.18.0.2:6443 -t ${AGENT_NODE_TOKEN}
2025-01-29 13:18:36,245 INFO c.h.h.t.HelmChartContainer - [K3S] [INFO] Wrote kubeconfig /etc/rancher/k3s/k3s.yaml
2025-01-29 13:18:36,256 INFO c.h.h.t.HelmChartContainer - [K3S] [INFO] Run: k3s kubectl
2025-01-29 13:18:36,256 INFO c.h.h.t.HelmChartContainer - [K3S] [server.go:151] Version: v1.32.1+k3s1
2025-01-29 13:18:36,256 INFO c.h.h.t.HelmChartContainer - [K3S] [server.go:153] "Golang settings" GOGC="" GOMAXPROCS="" GOTRACEBACK=""
2025-01-29 13:18:36,529 INFO c.h.h.t.HelmChartContainer - [K3S] [plugins.go:157] Loaded 13 mutating admission controller(s) successfully in the following order: NamespaceLifecycle,LimitRanger,ServiceAccount,NodeRestriction,TaintNodesByCondition,Priority,DefaultTolerationSeconds,DefaultStorageClass,StorageObjectInUseProtection,RuntimeClass,DefaultIngressClass,MutatingAdmissionPolicy,MutatingAdmissionWebhook.
2025-01-29 13:18:36,530 INFO c.h.h.t.HelmChartContainer - [K3S] [plugins.go:160] Loaded 13 validating admission controller(s) successfully in the following order: LimitRanger,ServiceAccount,PodSecurity,Priority,PersistentVolumeClaimResize,RuntimeClass,CertificateApproval,CertificateSigning,ClusterTrustBundleAttest,CertificateSubjectRestriction,ValidatingAdmissionPolicy,ValidatingAdmissionWebhook,ResourceQuota.
2025-01-29 13:18:36,530 INFO c.h.h.t.HelmChartContainer - [K3S] [instance.go:233] Using reconciler: lease
2025-01-29 13:18:36,612 INFO c.h.h.t.HelmChartContainer - [K3S] [apis.go:106] API group "internal.apiserver.k8s.io" is not enabled, skipping.
2025-01-29 13:18:36,663 INFO c.h.h.t.HelmChartContainer - [K3S] [apis.go:106] API group "storagemigration.k8s.io" is not enabled, skipping.
2025-01-29 13:18:36,688 INFO c.h.h.t.HelmChartContainer - [K3S] [apis.go:106] API group "resource.k8s.io" is not enabled, skipping.
2025-01-29 13:18:36,907 INFO c.h.h.t.HelmChartContainer - [K3S] [INFO] Password verified locally for node 8f07877cb075
2025-01-29 13:18:37,038 INFO c.h.h.t.HelmChartContainer - [K3S] [dynamic_cafile_content.go:161] "Starting controller" name="request-header::/var/lib/rancher/k3s/server/tls/request-header-ca.crt"
2025-01-29 13:18:37,038 INFO c.h.h.t.HelmChartContainer - [K3S] [dynamic_cafile_content.go:161] "Starting controller" name="client-ca-bundle::/var/lib/rancher/k3s/server/tls/client-ca.crt"
2025-01-29 13:18:37,046 INFO c.h.h.t.HelmChartContainer - [K3S] [secure_serving.go:213] Serving securely on 127.0.0.1:6444
2025-01-29 13:18:37,046 INFO c.h.h.t.HelmChartContainer - [K3S] [dynamic_serving_content.go:135] "Starting controller" name="serving-cert::/var/lib/rancher/k3s/server/tls/serving-kube-apiserver.crt::/var/lib/rancher/k3s/server/tls/serving-kube-apiserver.key"
2025-01-29 13:18:37,046 INFO c.h.h.t.HelmChartContainer - [K3S] [tlsconfig.go:243] "Starting DynamicServingCertificateController"
2025-01-29 13:18:37,047 INFO c.h.h.t.HelmChartContainer - [K3S] [dynamic_serving_content.go:135] "Starting controller" name="aggregator-proxy-cert::/var/lib/rancher/k3s/server/tls/client-auth-proxy.crt::/var/lib/rancher/k3s/server/tls/client-auth-proxy.key"
2025-01-29 13:18:37,047 INFO c.h.h.t.HelmChartContainer - [K3S] [remote_available_controller.go:411] Starting RemoteAvailability controller
2025-01-29 13:18:37,047 INFO c.h.h.t.HelmChartContainer - [K3S] [controller.go:119] Starting legacy_token_tracking_controller
2025-01-29 13:18:37,048 INFO c.h.h.t.HelmChartContainer - [K3S] [system_namespaces_controller.go:66] Starting system namespaces controller
2025-01-29 13:18:37,048 INFO c.h.h.t.HelmChartContainer - [K3S] [apf_controller.go:377] Starting API Priority and Fairness config controller
2025-01-29 13:18:37,048 INFO c.h.h.t.HelmChartContainer - [K3S] [controller.go:78] Starting OpenAPI AggregationController
2025-01-29 13:18:37,049 INFO c.h.h.t.HelmChartContainer - [K3S] [controller.go:80] Starting OpenAPI V3 AggregationController
2025-01-29 13:18:37,049 INFO c.h.h.t.HelmChartContainer - [K3S] [aggregator.go:169] waiting for initial CRD sync...
2025-01-29 13:18:37,049 INFO c.h.h.t.HelmChartContainer - [K3S] [customresource_discovery_controller.go:292] Starting DiscoveryController
2025-01-29 13:18:37,049 INFO c.h.h.t.HelmChartContainer - [K3S] [local_available_controller.go:156] Starting LocalAvailability controller
2025-01-29 13:18:37,050 INFO c.h.h.t.HelmChartContainer - [K3S] [apiservice_controller.go:100] Starting APIServiceRegistrationController
2025-01-29 13:18:37,050 INFO c.h.h.t.HelmChartContainer - [K3S] [cluster_authentication_trust_controller.go:462] Starting cluster_authentication_trust_controller controller
2025-01-29 13:18:37,050 INFO c.h.h.t.HelmChartContainer - [K3S] [gc_controller.go:78] Starting apiserver lease garbage collector
2025-01-29 13:18:37,053 INFO c.h.h.t.HelmChartContainer - [K3S] [crdregistration_controller.go:114] Starting crd-autoregister controller
2025-01-29 13:18:37,053 INFO c.h.h.t.HelmChartContainer - [K3S] [controller.go:142] Starting OpenAPI controller
2025-01-29 13:18:37,053 INFO c.h.h.t.HelmChartContainer - [K3S] [controller.go:90] Starting OpenAPI V3 controller
2025-01-29 13:18:37,053 INFO c.h.h.t.HelmChartContainer - [K3S] [naming_controller.go:294] Starting NamingConditionController
2025-01-29 13:18:37,054 INFO c.h.h.t.HelmChartContainer - [K3S] [establishing_controller.go:81] Starting EstablishingController
2025-01-29 13:18:37,054 INFO c.h.h.t.HelmChartContainer - [K3S] [nonstructuralschema_controller.go:195] Starting NonStructuralSchemaConditionController
2025-01-29 13:18:37,054 INFO c.h.h.t.HelmChartContainer - [K3S] [apiapproval_controller.go:189] Starting KubernetesAPIApprovalPolicyConformantConditionController
2025-01-29 13:18:37,054 INFO c.h.h.t.HelmChartContainer - [K3S] [crd_finalizer.go:269] Starting CRDFinalizer
2025-01-29 13:18:37,054 INFO c.h.h.t.HelmChartContainer - [K3S] [dynamic_cafile_content.go:161] "Starting controller" name="client-ca-bundle::/var/lib/rancher/k3s/server/tls/client-ca.crt"
2025-01-29 13:18:37,059 INFO c.h.h.t.HelmChartContainer - [K3S] [dynamic_cafile_content.go:161] "Starting controller" name="request-header::/var/lib/rancher/k3s/server/tls/request-header-ca.crt"
2025-01-29 13:18:37,125 INFO c.h.h.t.HelmChartContainer - [K3S] [policy_source.go:240] refreshing policies
2025-01-29 13:18:37,145 INFO c.h.h.t.HelmChartContainer - [K3S] [apf_controller.go:382] Running API Priority and Fairness config worker
2025-01-29 13:18:37,145 INFO c.h.h.t.HelmChartContainer - [K3S] [apf_controller.go:385] Running API Priority and Fairness periodic rebalancing process
2025-01-29 13:18:37,148 INFO c.h.h.t.HelmChartContainer - [K3S] [handler_discovery.go:451] Starting ResourceDiscoveryManager
2025-01-29 13:18:37,151 INFO c.h.h.t.HelmChartContainer - [K3S] [aggregator.go:171] initial CRD sync complete...
2025-01-29 13:18:37,151 INFO c.h.h.t.HelmChartContainer - [K3S] [autoregister_controller.go:144] Starting autoregister controller
2025-01-29 13:18:37,198 INFO c.h.h.t.HelmChartContainer - [K3S] [controller.go:95] Unable to perform initial Kubernetes service initialization: namespaces "default" not found
2025-01-29 13:18:37,431 INFO c.h.h.t.HelmChartContainer - [K3S] [WARNING] Host resolv.conf includes loopback or multicast nameservers - kubelet will use autogenerated resolv.conf with nameserver 8.8.8.8
2025-01-29 13:18:37,439 INFO c.h.h.t.HelmChartContainer - [K3S] [INFO] Module overlay was already loaded
2025-01-29 13:18:37,439 INFO c.h.h.t.HelmChartContainer - [K3S] [INFO] Module nf_conntrack was already loaded
2025-01-29 13:18:37,439 INFO c.h.h.t.HelmChartContainer - [K3S] [INFO] Module br_netfilter was already loaded
2025-01-29 13:18:37,444 INFO c.h.h.t.HelmChartContainer - [K3S] [INFO] Set sysctl 'net/netfilter/nf_conntrack_max' to 131072
2025-01-29 13:18:37,444 INFO c.h.h.t.HelmChartContainer - [K3S] [INFO] Set sysctl 'net/netfilter/nf_conntrack_tcp_timeout_established' to 86400
2025-01-29 13:18:37,444 INFO c.h.h.t.HelmChartContainer - [K3S] [INFO] Set sysctl 'net/netfilter/nf_conntrack_tcp_timeout_close_wait' to 3600
2025-01-29 13:18:37,446 INFO c.h.h.t.HelmChartContainer - [K3S] [INFO] Logging containerd to /var/lib/rancher/k3s/agent/containerd/containerd.log
2025-01-29 13:18:37,446 INFO c.h.h.t.HelmChartContainer - [K3S] [INFO] Running containerd -c /var/lib/rancher/k3s/agent/etc/containerd/config.toml -a /run/k3s/containerd/containerd.sock --state /run/k3s/containerd --root /var/lib/rancher/k3s/agent/containerd
2025-01-29 13:18:38,050 INFO c.h.h.t.HelmChartContainer - [K3S] [storage_scheduling.go:95] created PriorityClass system-node-critical with value 2000001000
2025-01-29 13:18:38,053 INFO c.h.h.t.HelmChartContainer - [K3S] [storage_scheduling.go:95] created PriorityClass system-cluster-critical with value 2000000000
2025-01-29 13:18:38,053 INFO c.h.h.t.HelmChartContainer - [K3S] [storage_scheduling.go:111] all system priority classes are created successfully or already exist.
2025-01-29 13:18:38,406 INFO c.h.h.t.HelmChartContainer - [K3S] [alloc.go:330] "allocated clusterIPs" service="default/kubernetes" clusterIPs={"IPv4":"10.43.0.1"}
2025-01-29 13:18:38,409 INFO c.h.h.t.HelmChartContainer - [K3S] [lease.go:265] Resetting endpoints for master service "kubernetes" to [172.18.0.2]
2025-01-29 13:18:38,451 INFO c.h.h.t.HelmChartContainer - [K3S] [INFO] containerd is now running
2025-01-29 13:18:38,456 INFO c.h.h.t.HelmChartContainer - [K3S] [INFO] Connecting to proxy" url="wss://127.0.0.1:6443/v1-k3s/connect
2025-01-29 13:18:38,457 INFO c.h.h.t.HelmChartContainer - [K3S] [INFO] Creating k3s-cert-monitor event broadcaster
2025-01-29 13:18:38,458 INFO c.h.h.t.HelmChartContainer - [K3S] [INFO] Handling backend connection request [8f07877cb075]
2025-01-29 13:18:38,459 INFO c.h.h.t.HelmChartContainer - [K3S] [INFO] Remotedialer connected to proxy" url="wss://127.0.0.1:6443/v1-k3s/connect
2025-01-29 13:18:38,459 INFO c.h.h.t.HelmChartContainer - [K3S] [INFO] Running kubelet --cloud-provider=external --config-dir=/var/lib/rancher/k3s/agent/etc/kubelet.conf.d --containerd=/run/k3s/containerd/containerd.sock --hostname-override=8f07877cb075 --kubeconfig=/var/lib/rancher/k3s/agent/kubelet.kubeconfig --node-ip=172.18.0.2 --node-labels=
2025-01-29 13:18:38,463 INFO c.h.h.t.HelmChartContainer - [K3S] Flag --containerd has been deprecated, This is a cadvisor flag that was mistakenly registered with the Kubelet. Due to legacy concerns, it will follow the standard CLI deprecation timeline before being removed.
2025-01-29 13:18:38,468 INFO c.h.h.t.HelmChartContainer - [K3S] [server.go:515] "Kubelet version" kubeletVersion="v1.32.1+k3s1"
2025-01-29 13:18:38,468 INFO c.h.h.t.HelmChartContainer - [K3S] [server.go:517] "Golang settings" GOGC="" GOMAXPROCS="" GOTRACEBACK=""
2025-01-29 13:18:38,469 INFO c.h.h.t.HelmChartContainer - [K3S] [dynamic_cafile_content.go:161] "Starting controller" name="client-ca-bundle::/var/lib/rancher/k3s/agent/client-ca.crt"
2025-01-29 13:18:38,471 INFO c.h.h.t.HelmChartContainer - [K3S] [log.go:32] "RuntimeConfig from runtime service failed" err="rpc error: code = Unimplemented desc = method RuntimeConfig not implemented"
2025-01-29 13:18:38,471 INFO c.h.h.t.HelmChartContainer - [K3S] [server.go:1416] "CRI implementation should be updated to support RuntimeConfig when KubeletCgroupDriverFromCRI feature gate has been enabled. Falling back to using cgroupDriver from kubelet config."
2025-01-29 13:18:38,475 INFO c.h.h.t.HelmChartContainer - [K3S] [info.go:53] Couldn't collect info from any of the files in "/etc/machine-id,/var/lib/dbus/machine-id"
2025-01-29 13:18:38,475 INFO c.h.h.t.HelmChartContainer - [K3S] [server.go:767] "--cgroups-per-qos enabled, but --cgroup-root was not specified.  defaulting to /"
2025-01-29 13:18:38,475 INFO c.h.h.t.HelmChartContainer - [K3S] [server.go:836] "NoSwap is set due to memorySwapBehavior not specified" memorySwapBehavior="" FailSwapOn=false
2025-01-29 13:18:38,475 INFO c.h.h.t.HelmChartContainer - [K3S] [swap_util.go:115] "Swap is on" /proc/swaps contents=<
2025-01-29 13:18:38,476 INFO c.h.h.t.HelmChartContainer - [K3S] 	Filename				Type		Size		Used		Priority
2025-01-29 13:18:38,476 INFO c.h.h.t.HelmChartContainer - [K3S] 	/mnt/swapfile                           file		4194300		0		-2
2025-01-29 13:18:38,476 INFO c.h.h.t.HelmChartContainer - [K3S]  >
2025-01-29 13:18:38,476 INFO c.h.h.t.HelmChartContainer - [K3S] [container_manager_linux.go:268] "Container manager verified user specified cgroup-root exists" cgroupRoot=[]
2025-01-29 13:18:38,477 INFO c.h.h.t.HelmChartContainer - [K3S] [container_manager_linux.go:273] "Creating Container Manager object based on Node Config" nodeConfig={"NodeName":"8f07877cb075","RuntimeCgroupsName":"","SystemCgroupsName":"","KubeletCgroupsName":"/k3s","KubeletOOMScoreAdj":-999,"ContainerRuntime":"","CgroupsPerQOS":true,"CgroupRoot":"/","CgroupDriver":"cgroupfs","KubeletRootDir":"/var/lib/kubelet","ProtectKernelDefaults":false,"KubeReservedCgroupName":"","SystemReservedCgroupName":"","ReservedSystemCPUs":{},"EnforceNodeAllocatable":{"pods":{}},"KubeReserved":null,"SystemReserved":null,"HardEvictionThresholds":[{"Signal":"imagefs.available","Operator":"LessThan","Value":{"Quantity":null,"Percentage":0.05},"GracePeriod":0,"MinReclaim":null},{"Signal":"nodefs.available","Operator":"LessThan","Value":{"Quantity":null,"Percentage":0.05},"GracePeriod":0,"MinReclaim":null}],"QOSReserved":{},"CPUManagerPolicy":"none","CPUManagerPolicyOptions":null,"TopologyManagerScope":"container","CPUManagerReconcilePeriod":10000000000,"ExperimentalMemoryManagerPolicy":"None","ExperimentalMemoryManagerReservedMemory":null,"PodPidsLimit":-1,"EnforceCPULimits":true,"CPUCFSQuotaPeriod":100000000,"TopologyManagerPolicy":"none","TopologyManagerPolicyOptions":null,"CgroupVersion":2}
2025-01-29 13:18:38,477 INFO c.h.h.t.HelmChartContainer - [K3S] [topology_manager.go:138] "Creating topology manager with none policy"
2025-01-29 13:18:38,477 INFO c.h.h.t.HelmChartContainer - [K3S] [container_manager_linux.go:304] "Creating device plugin manager"
2025-01-29 13:18:38,477 INFO c.h.h.t.HelmChartContainer - [K3S] [state_mem.go:36] "Initialized new in-memory state store"
2025-01-29 13:18:38,477 INFO c.h.h.t.HelmChartContainer - [K3S] [kubelet.go:446] "Attempting to sync node with API server"
2025-01-29 13:18:38,477 INFO c.h.h.t.HelmChartContainer - [K3S] [kubelet.go:341] "Adding static pod path" path="/var/lib/rancher/k3s/agent/pod-manifests"
2025-01-29 13:18:38,477 INFO c.h.h.t.HelmChartContainer - [K3S] [kubelet.go:352] "Adding apiserver pod source"
2025-01-29 13:18:38,477 INFO c.h.h.t.HelmChartContainer - [K3S] [apiserver.go:42] "Waiting for node sync before watching apiserver pods"
2025-01-29 13:18:38,480 INFO c.h.h.t.HelmChartContainer - [K3S] [kuberuntime_manager.go:269] "Container runtime initialized" containerRuntime="containerd" version="v1.7.23-k3s2" apiVersion="v1"
2025-01-29 13:18:38,480 INFO c.h.h.t.HelmChartContainer - [K3S] [kubelet.go:890] "Not starting ClusterTrustBundle informer because we are in static kubelet mode"
2025-01-29 13:18:38,480 INFO c.h.h.t.HelmChartContainer - [K3S] [probe.go:272] Flexvolume plugin directory at /usr/libexec/kubernetes/kubelet-plugins/volume/exec/ does not exist. Recreating.
2025-01-29 13:18:38,481 INFO c.h.h.t.HelmChartContainer - [K3S] [watchdog_linux.go:99] "Systemd watchdog is not enabled"
2025-01-29 13:18:38,481 INFO c.h.h.t.HelmChartContainer - [K3S] [server.go:1282] "Started kubelet"
2025-01-29 13:18:38,483 INFO c.h.h.t.HelmChartContainer - [K3S] [fs_resource_analyzer.go:67] "Starting FS ResourceAnalyzer"
2025-01-29 13:18:38,488 INFO c.h.h.t.HelmChartContainer - [K3S] [server.go:169] "Starting to listen" address="0.0.0.0" port=10250
2025-01-29 13:18:38,489 INFO c.h.h.t.HelmChartContainer - [K3S] [volume_manager.go:297] "Starting Kubelet Volume Manager"
2025-01-29 13:18:38,489 INFO c.h.h.t.HelmChartContainer - [K3S] [kubelet_node_status.go:467] "Error getting the current node from lister" err="node \"8f07877cb075\" not found"
2025-01-29 13:18:38,492 INFO c.h.h.t.HelmChartContainer - [K3S] [desired_state_of_world_populator.go:149] "Desired state populator starts to run"
2025-01-29 13:18:38,492 INFO c.h.h.t.HelmChartContainer - [K3S] [reconciler.go:26] "Reconciler: start to sync state"
2025-01-29 13:18:38,494 INFO c.h.h.t.HelmChartContainer - [K3S] [server.go:490] "Adding debug handlers to kubelet server"
2025-01-29 13:18:38,495 INFO c.h.h.t.HelmChartContainer - [K3S] [server.go:208] "Starting to listen read-only" address="0.0.0.0" port=10255
2025-01-29 13:18:38,496 INFO c.h.h.t.HelmChartContainer - [K3S] [ratelimit.go:55] "Setting rate limiting for endpoint" service="podresources" qps=100 burstTokens=10
2025-01-29 13:18:38,497 INFO c.h.h.t.HelmChartContainer - [K3S] [server.go:243] "Starting to serve the podresources API" endpoint="unix:/var/lib/kubelet/pod-resources/kubelet.sock"
2025-01-29 13:18:38,497 INFO c.h.h.t.HelmChartContainer - [K3S] [dynamic_serving_content.go:135] "Starting controller" name="kubelet-server-cert-files::/var/lib/rancher/k3s/agent/serving-kubelet.crt::/var/lib/rancher/k3s/agent/serving-kubelet.key"
2025-01-29 13:18:38,498 INFO c.h.h.t.HelmChartContainer - [K3S] [factory.go:219] Registration of the crio container factory failed: Get "http://%2Fvar%2Frun%2Fcrio%2Fcrio.sock/info": dial unix /var/run/crio/crio.sock: connect: no such file or directory
2025-01-29 13:18:38,503 INFO c.h.h.t.HelmChartContainer - [K3S] [kubelet.go:1561] "Image garbage collection failed once. Stats initialization may not have completed yet" err="invalid capacity 0 on image filesystem"
2025-01-29 13:18:38,505 INFO c.h.h.t.HelmChartContainer - [K3S] [nodelease.go:49] "Failed to get node when trying to set owner ref to the node lease" err="nodes \"8f07877cb075\" not found" node="8f07877cb075"
2025-01-29 13:18:38,506 INFO c.h.h.t.HelmChartContainer - [K3S] [kubelet_network_linux.go:50] "Initialized iptables rules." protocol="IPv4"
2025-01-29 13:18:38,508 INFO c.h.h.t.HelmChartContainer - [K3S] [factory.go:221] Registration of the containerd container factory successfully
2025-01-29 13:18:38,508 INFO c.h.h.t.HelmChartContainer - [K3S] [factory.go:221] Registration of the systemd container factory successfully
2025-01-29 13:18:38,510 INFO c.h.h.t.HelmChartContainer - [K3S] [kubelet_network_linux.go:50] "Initialized iptables rules." protocol="IPv6"
2025-01-29 13:18:38,510 INFO c.h.h.t.HelmChartContainer - [K3S] [status_manager.go:227] "Starting to sync pod status with apiserver"
2025-01-29 13:18:38,511 INFO c.h.h.t.HelmChartContainer - [K3S] [watchdog_linux.go:127] "Systemd watchdog is not enabled or the interval is invalid, so health checking will not be started."
2025-01-29 13:18:38,511 INFO c.h.h.t.HelmChartContainer - [K3S] [kubelet.go:2388] "Starting kubelet main sync loop"
2025-01-29 13:18:38,511 INFO c.h.h.t.HelmChartContainer - [K3S] [kubelet.go:2412] "Skipping pod synchronization" err="[container runtime status check may not have completed yet, PLEG is not healthy: pleg has yet to be successful]"
2025-01-29 13:18:38,535 INFO c.h.h.t.HelmChartContainer - [K3S] [cpu_manager.go:221] "Starting CPU manager" policy="none"
2025-01-29 13:18:38,535 INFO c.h.h.t.HelmChartContainer - [K3S] [cpu_manager.go:222] "Reconciling" reconcilePeriod="10s"
2025-01-29 13:18:38,535 INFO c.h.h.t.HelmChartContainer - [K3S] [state_mem.go:36] "Initialized new in-memory state store"
2025-01-29 13:18:38,536 INFO c.h.h.t.HelmChartContainer - [K3S] [policy_none.go:49] "None policy: Start"
2025-01-29 13:18:38,537 INFO c.h.h.t.HelmChartContainer - [K3S] [memory_manager.go:186] "Starting memorymanager" policy="None"
2025-01-29 13:18:38,537 INFO c.h.h.t.HelmChartContainer - [K3S] [state_mem.go:35] "Initializing new in-memory state store"
2025-01-29 13:18:38,544 INFO c.h.h.t.HelmChartContainer - [K3S] [manager.go:519] "Failed to read data from checkpoint" checkpoint="kubelet_internal_checkpoint" err="checkpoint is not found"
2025-01-29 13:18:38,545 INFO c.h.h.t.HelmChartContainer - [K3S] [eviction_manager.go:189] "Eviction manager: starting control loop"
2025-01-29 13:18:38,545 INFO c.h.h.t.HelmChartContainer - [K3S] [container_log_manager.go:189] "Initializing container log rotate workers" workers=1 monitorPeriod="10s"
2025-01-29 13:18:38,545 INFO c.h.h.t.HelmChartContainer - [K3S] [plugin_manager.go:118] "Starting Kubelet Plugin Manager"
2025-01-29 13:18:38,550 INFO c.h.h.t.HelmChartContainer - [K3S] [eviction_manager.go:267] "eviction manager: failed to check if we have separate container filesystem. Ignoring." err="no imagefs label for configured runtime"
2025-01-29 13:18:38,550 INFO c.h.h.t.HelmChartContainer - [K3S] [eviction_manager.go:292] "Eviction manager: failed to get summary stats" err="failed to get node info: node \"8f07877cb075\" not found"
2025-01-29 13:18:38,584 INFO c.h.h.t.HelmChartContainer - [K3S] [ERROR] Sending HTTP/1.1 503 response to 127.0.0.1:60656: runtime core not ready
2025-01-29 13:18:38,645 INFO c.h.h.t.HelmChartContainer - [K3S] [kubelet_node_status.go:76] "Attempting to register node" node="8f07877cb075"
2025-01-29 13:18:38,651 INFO c.h.h.t.HelmChartContainer - [K3S] [kubelet_node_status.go:79] "Successfully registered node" node="8f07877cb075"
2025-01-29 13:18:38,651 INFO c.h.h.t.HelmChartContainer - [K3S] [kubelet_node_status.go:549] "Error updating node status, will retry" err="error getting node \"8f07877cb075\": node \"8f07877cb075\" not found"
2025-01-29 13:18:38,656 INFO c.h.h.t.HelmChartContainer - [K3S] [INFO] Annotations and labels have been set successfully on node: 8f07877cb075
2025-01-29 13:18:38,657 INFO c.h.h.t.HelmChartContainer - [K3S] [INFO] Starting flannel with backend vxlan
2025-01-29 13:18:38,687 INFO c.h.h.t.HelmChartContainer - [K3S] [INFO] Running kube-proxy --cluster-cidr=10.42.0.0/16 --conntrack-max-per-core=0 --conntrack-tcp-timeout-close-wait=0s --conntrack-tcp-timeout-established=0s --healthz-bind-address=127.0.0.1 --hostname-override=8f07877cb075 --kubeconfig=/var/lib/rancher/k3s/agent/kubeproxy.kubeconfig --proxy-mode=iptables
2025-01-29 13:18:38,726 INFO c.h.h.t.HelmChartContainer - [K3S] [server.go:698] "Successfully retrieved node IP(s)" IPs=["172.18.0.2"]
2025-01-29 13:18:38,726 INFO c.h.h.t.HelmChartContainer - [K3S] [server.go:234] "Kube-proxy configuration may be incomplete or incorrect" err="nodePortAddresses is unset; NodePort connections will be accepted on all local IPs. Consider using `--nodeport-addresses primary`"
2025-01-29 13:18:38,729 INFO c.h.h.t.HelmChartContainer - [K3S] [server.go:243] "kube-proxy running in dual-stack mode" primary ipFamily="IPv4"
2025-01-29 13:18:38,729 INFO c.h.h.t.HelmChartContainer - [K3S] [server_linux.go:170] "Using iptables Proxier"
2025-01-29 13:18:38,730 INFO c.h.h.t.HelmChartContainer - [K3S] [proxier.go:255] "Setting route_localnet=1 to allow node-ports on localhost; to change this either disable iptables.localhostNodePorts (--iptables-localhost-nodeports) or set nodePortAddresses (--nodeport-addresses) to filter loopback addresses"
2025-01-29 13:18:38,734 INFO c.h.h.t.HelmChartContainer - [K3S] [server.go:497] "Version info" version="v1.32.1+k3s1"
2025-01-29 13:18:38,735 INFO c.h.h.t.HelmChartContainer - [K3S] [server.go:499] "Golang settings" GOGC="" GOMAXPROCS="" GOTRACEBACK=""
2025-01-29 13:18:38,736 INFO c.h.h.t.HelmChartContainer - [K3S] [config.go:199] "Starting service config controller"
2025-01-29 13:18:38,736 INFO c.h.h.t.HelmChartContainer - [K3S] [config.go:105] "Starting endpoint slice config controller"
2025-01-29 13:18:38,737 INFO c.h.h.t.HelmChartContainer - [K3S] [config.go:329] "Starting node config controller"
2025-01-29 13:18:38,959 INFO c.h.h.t.HelmChartContainer - [K3S] [kubelet_node_status.go:502] "Fast updating node status as it just became ready"
2025-01-29 13:18:39,245 INFO c.h.h.t.HelmChartContainer - [K3S] [INFO] Waiting for untainted node
2025-01-29 13:18:39,245 INFO c.h.h.t.HelmChartContainer - [K3S] [INFO] Kube API server is now running
2025-01-29 13:18:39,245 INFO c.h.h.t.HelmChartContainer - [K3S] [INFO] ETCD server is now running
2025-01-29 13:18:39,245 INFO c.h.h.t.HelmChartContainer - [K3S] [INFO] k3s is up and running
2025-01-29 13:18:39,246 INFO c.h.h.t.HelmChartContainer - [K3S] [INFO] Waiting for cloud-controller-manager privileges to become available
2025-01-29 13:18:39,246 INFO c.h.h.t.HelmChartContainer - [K3S] [INFO] Creating k3s-supervisor event broadcaster
2025-01-29 13:18:39,251 INFO c.h.h.t.HelmChartContainer - [K3S] [INFO] Applying CRD addons.k3s.cattle.io
2025-01-29 13:18:39,262 INFO c.h.h.t.HelmChartContainer - [K3S] [INFO] Applying CRD etcdsnapshotfiles.k3s.cattle.io
2025-01-29 13:18:39,271 INFO c.h.h.t.HelmChartContainer - [K3S] [INFO] Applying CRD helmcharts.helm.cattle.io
2025-01-29 13:18:39,283 INFO c.h.h.t.HelmChartContainer - [K3S] [INFO] Applying CRD helmchartconfigs.helm.cattle.io
2025-01-29 13:18:39,294 INFO c.h.h.t.HelmChartContainer - [K3S] [INFO] Waiting for CRD helmcharts.helm.cattle.io to become available
2025-01-29 13:18:39,479 INFO c.h.h.t.HelmChartContainer - [K3S] [apiserver.go:52] "Watching apiserver"
2025-01-29 13:18:39,492 INFO c.h.h.t.HelmChartContainer - [K3S] [desired_state_of_world_populator.go:157] "Finished populating initial desired state of world"
2025-01-29 13:18:39,512 INFO c.h.h.t.HelmChartContainer - [K3S] [serving.go:392] Generated self-signed cert in-memory
2025-01-29 13:18:39,792 INFO c.h.h.t.HelmChartContainer - [K3S] [controllermanager.go:185] "Starting" version="v1.32.1+k3s1"
2025-01-29 13:18:39,793 INFO c.h.h.t.HelmChartContainer - [K3S] [controllermanager.go:187] "Golang settings" GOGC="" GOMAXPROCS="" GOTRACEBACK=""
2025-01-29 13:18:39,797 INFO c.h.h.t.HelmChartContainer - [K3S] [configmap_cafile_content.go:205] "Starting controller" name="client-ca::kube-system::extension-apiserver-authentication::client-ca-file"
2025-01-29 13:18:39,798 INFO c.h.h.t.HelmChartContainer - [K3S] [configmap_cafile_content.go:205] "Starting controller" name="client-ca::kube-system::extension-apiserver-authentication::requestheader-client-ca-file"
2025-01-29 13:18:39,798 INFO c.h.h.t.HelmChartContainer - [K3S] [requestheader_controller.go:180] Starting RequestHeaderAuthRequestController
2025-01-29 13:18:39,798 INFO c.h.h.t.HelmChartContainer - [K3S] [secure_serving.go:213] Serving securely on 127.0.0.1:10257
2025-01-29 13:18:39,798 INFO c.h.h.t.HelmChartContainer - [K3S] [tlsconfig.go:243] "Starting DynamicServingCertificateController"
2025-01-29 13:18:39,799 INFO c.h.h.t.HelmChartContainer - [K3S] [INFO] Done waiting for CRD helmcharts.helm.cattle.io to become available
2025-01-29 13:18:39,799 INFO c.h.h.t.HelmChartContainer - [K3S] [INFO] Waiting for CRD helmchartconfigs.helm.cattle.io to become available
2025-01-29 13:18:39,799 INFO c.h.h.t.HelmChartContainer - [K3S] [controllermanager.go:765] "Started controller" controller="serviceaccount-token-controller"
2025-01-29 13:18:39,805 INFO c.h.h.t.HelmChartContainer - [K3S] [controllermanager.go:765] "Started controller" controller="certificatesigningrequest-cleaner-controller"
2025-01-29 13:18:39,805 INFO c.h.h.t.HelmChartContainer - [K3S] [cleaner.go:83] "Starting CSR cleaner controller"
2025-01-29 13:18:39,817 INFO c.h.h.t.HelmChartContainer - [K3S] [range_allocator.go:112] "No Secondary Service CIDR provided. Skipping filtering out secondary service addresses"
2025-01-29 13:18:39,817 INFO c.h.h.t.HelmChartContainer - [K3S] [controllermanager.go:765] "Started controller" controller="node-ipam-controller"
2025-01-29 13:18:39,818 INFO c.h.h.t.HelmChartContainer - [K3S] [controllermanager.go:723] "Skipping a cloud provider controller" controller="service-lb-controller"
2025-01-29 13:18:39,818 INFO c.h.h.t.HelmChartContainer - [K3S] [controllermanager.go:717] "Controller is disabled by a feature gate" controller="volumeattributesclass-protection-controller" requiredFeatureGates=["VolumeAttributesClass"]
2025-01-29 13:18:39,818 INFO c.h.h.t.HelmChartContainer - [K3S] [node_ipam_controller.go:141] "Starting ipam controller"
2025-01-29 13:18:39,823 INFO c.h.h.t.HelmChartContainer - [K3S] [controllermanager.go:765] "Started controller" controller="ephemeral-volume-controller"
2025-01-29 13:18:39,823 INFO c.h.h.t.HelmChartContainer - [K3S] [controllermanager.go:717] "Controller is disabled by a feature gate" controller="service-cidr-controller" requiredFeatureGates=["MultiCIDRServiceAllocator"]
2025-01-29 13:18:39,824 INFO c.h.h.t.HelmChartContainer - [K3S] [controller.go:173] "Starting ephemeral volume controller"
2025-01-29 13:18:39,829 INFO c.h.h.t.HelmChartContainer - [K3S] [controllermanager.go:765] "Started controller" controller="statefulset-controller"
2025-01-29 13:18:39,829 INFO c.h.h.t.HelmChartContainer - [K3S] [stateful_set.go:166] "Starting stateful set controller"
2025-01-29 13:18:39,837 INFO c.h.h.t.HelmChartContainer - [K3S] [graph_builder.go:351] "Running" component="GraphBuilder"
2025-01-29 13:18:39,837 INFO c.h.h.t.HelmChartContainer - [K3S] [controllermanager.go:765] "Started controller" controller="garbage-collector-controller"
2025-01-29 13:18:39,843 INFO c.h.h.t.HelmChartContainer - [K3S] [controllermanager.go:765] "Started controller" controller="clusterrole-aggregation-controller"
2025-01-29 13:18:39,844 INFO c.h.h.t.HelmChartContainer - [K3S] [clusterroleaggregation_controller.go:194] "Starting ClusterRoleAggregator controller"
2025-01-29 13:18:39,845 INFO c.h.h.t.HelmChartContainer - [K3S] [controllermanager.go:765] "Started controller" controller="taint-eviction-controller"
2025-01-29 13:18:39,846 INFO c.h.h.t.HelmChartContainer - [K3S] [taint_eviction.go:281] "Starting" controller="taint-eviction-controller"
2025-01-29 13:18:39,846 INFO c.h.h.t.HelmChartContainer - [K3S] [taint_eviction.go:287] "Sending events to api server"
2025-01-29 13:18:39,851 INFO c.h.h.t.HelmChartContainer - [K3S] [controllermanager.go:765] "Started controller" controller="serviceaccount-controller"
2025-01-29 13:18:39,851 INFO c.h.h.t.HelmChartContainer - [K3S] [controllermanager.go:723] "Skipping a cloud provider controller" controller="node-route-controller"
2025-01-29 13:18:39,851 INFO c.h.h.t.HelmChartContainer - [K3S] [serviceaccounts_controller.go:114] "Starting service account controller"
2025-01-29 13:18:39,857 INFO c.h.h.t.HelmChartContainer - [K3S] [controllermanager.go:765] "Started controller" controller="persistentvolume-binder-controller"
2025-01-29 13:18:39,857 INFO c.h.h.t.HelmChartContainer - [K3S] [pv_controller_base.go:308] "Starting persistent volume controller"
2025-01-29 13:18:40,003 INFO c.h.h.t.HelmChartContainer - [K3S] [controllermanager.go:765] "Started controller" controller="persistentvolume-attach-detach-controller"
2025-01-29 13:18:40,003 INFO c.h.h.t.HelmChartContainer - [K3S] [attach_detach_controller.go:338] "Starting attach detach controller"
2025-01-29 13:18:40,152 INFO c.h.h.t.HelmChartContainer - [K3S] [controllermanager.go:765] "Started controller" controller="ttl-after-finished-controller"
2025-01-29 13:18:40,153 INFO c.h.h.t.HelmChartContainer - [K3S] [ttlafterfinished_controller.go:112] "Starting TTL after finished controller"
2025-01-29 13:18:40,302 INFO c.h.h.t.HelmChartContainer - [K3S] [INFO] Done waiting for CRD helmchartconfigs.helm.cattle.io to become available
2025-01-29 13:18:40,302 INFO c.h.h.t.HelmChartContainer - [K3S] [INFO] Writing static file: /var/lib/rancher/k3s/server/static/charts/traefik-27.0.201+up27.0.2.tgz
2025-01-29 13:18:40,303 INFO c.h.h.t.HelmChartContainer - [K3S] [INFO] Writing static file: /var/lib/rancher/k3s/server/static/charts/traefik-crd-27.0.201+up27.0.2.tgz
2025-01-29 13:18:40,303 INFO c.h.h.t.HelmChartContainer - [K3S] [INFO] Writing manifest: /var/lib/rancher/k3s/server/manifests/rolebindings.yaml
2025-01-29 13:18:40,303 INFO c.h.h.t.HelmChartContainer - [K3S] [INFO] Writing manifest: /var/lib/rancher/k3s/server/manifests/runtimes.yaml
2025-01-29 13:18:40,303 INFO c.h.h.t.HelmChartContainer - [K3S] [INFO] Writing manifest: /var/lib/rancher/k3s/server/manifests/local-storage.yaml
2025-01-29 13:18:40,304 INFO c.h.h.t.HelmChartContainer - [K3S] [INFO] Writing manifest: /var/lib/rancher/k3s/server/manifests/metrics-server/metrics-apiservice.yaml
2025-01-29 13:18:40,304 INFO c.h.h.t.HelmChartContainer - [K3S] [INFO] Writing manifest: /var/lib/rancher/k3s/server/manifests/metrics-server/metrics-server-deployment.yaml
2025-01-29 13:18:40,305 INFO c.h.h.t.HelmChartContainer - [K3S] [INFO] Writing manifest: /var/lib/rancher/k3s/server/manifests/metrics-server/resource-reader.yaml
2025-01-29 13:18:40,305 INFO c.h.h.t.HelmChartContainer - [K3S] [INFO] Writing manifest: /var/lib/rancher/k3s/server/manifests/metrics-server/auth-reader.yaml
2025-01-29 13:18:40,305 INFO c.h.h.t.HelmChartContainer - [K3S] [INFO] Writing manifest: /var/lib/rancher/k3s/server/manifests/metrics-server/metrics-server-service.yaml
2025-01-29 13:18:40,305 INFO c.h.h.t.HelmChartContainer - [K3S] [INFO] Writing manifest: /var/lib/rancher/k3s/server/manifests/ccm.yaml
2025-01-29 13:18:40,305 INFO c.h.h.t.HelmChartContainer - [K3S] [INFO] Writing manifest: /var/lib/rancher/k3s/server/manifests/coredns.yaml
2025-01-29 13:18:40,305 INFO c.h.h.t.HelmChartContainer - [K3S] [INFO] Writing manifest: /var/lib/rancher/k3s/server/manifests/metrics-server/aggregated-metrics-reader.yaml
2025-01-29 13:18:40,305 INFO c.h.h.t.HelmChartContainer - [K3S] [INFO] Writing manifest: /var/lib/rancher/k3s/server/manifests/metrics-server/auth-delegator.yaml
2025-01-29 13:18:40,306 INFO c.h.h.t.HelmChartContainer - [K3S] [INFO] Starting dynamiclistener CN filter node controller with SANs: [localhost 127.0.0.1 ::1 localhost 8f07877cb075 172.18.0.2 10.43.0.1 kubernetes kubernetes.default kubernetes.default.svc kubernetes.default.svc.cluster.local]
2025-01-29 13:18:40,306 INFO c.h.h.t.HelmChartContainer - [K3S] [INFO] Tunnel server egress proxy mode: agent
2025-01-29 13:18:40,352 INFO c.h.h.t.HelmChartContainer - [K3S] [controllermanager.go:765] "Started controller" controller="validatingadmissionpolicy-status-controller"
2025-01-29 13:18:40,410 INFO c.h.h.t.HelmChartContainer - [K3S] [INFO] Starting k3s.cattle.io/v1, Kind=Addon controller
2025-01-29 13:18:40,410 INFO c.h.h.t.HelmChartContainer - [K3S] [INFO] Creating deploy event broadcaster
2025-01-29 13:18:40,514 INFO c.h.h.t.HelmChartContainer - [K3S] [INFO] Starting /v1, Kind=Node controller
2025-01-29 13:18:40,516 INFO c.h.h.t.HelmChartContainer - [K3S] [INFO] Creating helm-controller event broadcaster
2025-01-29 13:18:40,531 INFO c.h.h.t.HelmChartContainer - [K3S] [INFO] Labels and annotations have been set successfully on node: 8f07877cb075
2025-01-29 13:18:40,542 INFO c.h.h.t.HelmChartContainer - [K3S] [INFO] Cluster dns configmap has been set successfully
2025-01-29 13:18:40,552 INFO c.h.h.t.HelmChartContainer - [K3S] [controllermanager.go:765] "Started controller" controller="disruption-controller"
2025-01-29 13:18:40,553 INFO c.h.h.t.HelmChartContainer - [K3S] [disruption.go:452] "Sending events to api server."
2025-01-29 13:18:40,553 INFO c.h.h.t.HelmChartContainer - [K3S] [disruption.go:463] "Starting disruption controller"
2025-01-29 13:18:40,622 INFO c.h.h.t.HelmChartContainer - [K3S] [INFO] Starting helm.cattle.io/v1, Kind=HelmChart controller
2025-01-29 13:18:40,622 INFO c.h.h.t.HelmChartContainer - [K3S] [INFO] Starting helm.cattle.io/v1, Kind=HelmChartConfig controller
2025-01-29 13:18:40,624 INFO c.h.h.t.HelmChartContainer - [K3S] [INFO] Starting rbac.authorization.k8s.io/v1, Kind=ClusterRoleBinding controller
2025-01-29 13:18:40,627 INFO c.h.h.t.HelmChartContainer - [K3S] [INFO] Starting batch/v1, Kind=Job controller
2025-01-29 13:18:40,627 INFO c.h.h.t.HelmChartContainer - [K3S] [INFO] Starting /v1, Kind=ServiceAccount controller
2025-01-29 13:18:40,627 INFO c.h.h.t.HelmChartContainer - [K3S] [INFO] Starting /v1, Kind=Secret controller
2025-01-29 13:18:40,627 INFO c.h.h.t.HelmChartContainer - [K3S] [INFO] Starting /v1, Kind=ConfigMap controller
2025-01-29 13:18:40,703 INFO c.h.h.t.HelmChartContainer - [K3S] [controllermanager.go:765] "Started controller" controller="endpointslice-mirroring-controller"
2025-01-29 13:18:40,703 INFO c.h.h.t.HelmChartContainer - [K3S] [endpointslicemirroring_controller.go:227] "Starting EndpointSliceMirroring controller"
2025-01-29 13:18:41,007 INFO c.h.h.t.HelmChartContainer - [K3S] [controllermanager.go:765] "Started controller" controller="resourcequota-controller"
2025-01-29 13:18:41,007 INFO c.h.h.t.HelmChartContainer - [K3S] [resource_quota_controller.go:300] "Starting resource quota controller"
2025-01-29 13:18:41,052 INFO c.h.h.t.HelmChartContainer - [K3S] [controllermanager.go:765] "Started controller" controller="certificatesigningrequest-approving-controller"
2025-01-29 13:18:41,052 INFO c.h.h.t.HelmChartContainer - [K3S] [certificate_controller.go:120] "Starting certificate controller" name="csrapproving"
2025-01-29 13:18:41,077 INFO c.h.h.t.HelmChartContainer - [K3S] [INFO] Updating TLS secret for kube-system/k3s-serving (count: 10): map[listener.cattle.io/cn-10.43.0.1:10.43.0.1 listener.cattle.io/cn-127.0.0.1:127.0.0.1 listener.cattle.io/cn-172.18.0.2:172.18.0.2 listener.cattle.io/cn-8f07877cb075:8f07877cb075 listener.cattle.io/cn-__1-f16284:::1 listener.cattle.io/cn-kubernetes:kubernetes listener.cattle.io/cn-kubernetes.default:kubernetes.default listener.cattle.io/cn-kubernetes.default.svc:kubernetes.default.svc listener.cattle.io/cn-kubernetes.default.svc.cluster.local:kubernetes.default.svc.cluster.local listener.cattle.io/cn-localhost:localhost listener.cattle.io/fingerprint:SHA1=84C832F7AF18E208047016A0D0A2AB58CB48A158]
2025-01-29 13:18:41,080 INFO c.h.h.t.HelmChartContainer - [K3S] [INFO] Active TLS secret kube-system/k3s-serving (ver=244) (count 10): map[listener.cattle.io/cn-10.43.0.1:10.43.0.1 listener.cattle.io/cn-127.0.0.1:127.0.0.1 listener.cattle.io/cn-172.18.0.2:172.18.0.2 listener.cattle.io/cn-8f07877cb075:8f07877cb075 listener.cattle.io/cn-__1-f16284:::1 listener.cattle.io/cn-kubernetes:kubernetes listener.cattle.io/cn-kubernetes.default:kubernetes.default listener.cattle.io/cn-kubernetes.default.svc:kubernetes.default.svc listener.cattle.io/cn-kubernetes.default.svc.cluster.local:kubernetes.default.svc.cluster.local listener.cattle.io/cn-localhost:localhost listener.cattle.io/fingerprint:SHA1=84C832F7AF18E208047016A0D0A2AB58CB48A158]
2025-01-29 13:18:41,174 INFO c.h.h.t.HelmChartContainer - [K3S] [INFO] Updating TLS secret for kube-system/k3s-serving (count: 10): map[listener.cattle.io/cn-10.43.0.1:10.43.0.1 listener.cattle.io/cn-127.0.0.1:127.0.0.1 listener.cattle.io/cn-172.18.0.2:172.18.0.2 listener.cattle.io/cn-8f07877cb075:8f07877cb075 listener.cattle.io/cn-__1-f16284:::1 listener.cattle.io/cn-kubernetes:kubernetes listener.cattle.io/cn-kubernetes.default:kubernetes.default listener.cattle.io/cn-kubernetes.default.svc:kubernetes.default.svc listener.cattle.io/cn-kubernetes.default.svc.cluster.local:kubernetes.default.svc.cluster.local listener.cattle.io/cn-localhost:localhost listener.cattle.io/fingerprint:SHA1=84C832F7AF18E208047016A0D0A2AB58CB48A158]
2025-01-29 13:18:41,202 INFO c.h.h.t.HelmChartContainer - [K3S] [controllermanager.go:765] "Started controller" controller="persistentvolumeclaim-protection-controller"
2025-01-29 13:18:41,203 INFO c.h.h.t.HelmChartContainer - [K3S] [pvc_protection_controller.go:168] "Starting PVC protection controller"
2025-01-29 13:18:41,352 INFO c.h.h.t.HelmChartContainer - [K3S] [controllermanager.go:765] "Started controller" controller="legacy-serviceaccount-token-cleaner-controller"
2025-01-29 13:18:41,353 INFO c.h.h.t.HelmChartContainer - [K3S] [legacy_serviceaccount_token_cleaner.go:103] "Starting legacy service account token cleaner controller"
2025-01-29 13:18:41,503 INFO c.h.h.t.HelmChartContainer - [K3S] [controllermanager.go:765] "Started controller" controller="endpoints-controller"
2025-01-29 13:18:41,504 INFO c.h.h.t.HelmChartContainer - [K3S] [endpoints_controller.go:182] "Starting endpoint controller"
2025-01-29 13:18:41,553 INFO c.h.h.t.HelmChartContainer - [K3S] [certificate_controller.go:120] "Starting certificate controller" name="csrsigning-kubelet-serving"
2025-01-29 13:18:41,553 INFO c.h.h.t.HelmChartContainer - [K3S] [dynamic_serving_content.go:135] "Starting controller" name="csr-controller::/var/lib/rancher/k3s/server/tls/server-ca.nochain.crt::/var/lib/rancher/k3s/server/tls/server-ca.key"
2025-01-29 13:18:41,553 INFO c.h.h.t.HelmChartContainer - [K3S] [certificate_controller.go:120] "Starting certificate controller" name="csrsigning-kubelet-client"
2025-01-29 13:18:41,553 INFO c.h.h.t.HelmChartContainer - [K3S] [dynamic_serving_content.go:135] "Starting controller" name="csr-controller::/var/lib/rancher/k3s/server/tls/client-ca.nochain.crt::/var/lib/rancher/k3s/server/tls/client-ca.key"
2025-01-29 13:18:41,554 INFO c.h.h.t.HelmChartContainer - [K3S] [certificate_controller.go:120] "Starting certificate controller" name="csrsigning-kube-apiserver-client"
2025-01-29 13:18:41,554 INFO c.h.h.t.HelmChartContainer - [K3S] [dynamic_serving_content.go:135] "Starting controller" name="csr-controller::/var/lib/rancher/k3s/server/tls/client-ca.nochain.crt::/var/lib/rancher/k3s/server/tls/client-ca.key"
2025-01-29 13:18:41,554 INFO c.h.h.t.HelmChartContainer - [K3S] [controllermanager.go:765] "Started controller" controller="certificatesigningrequest-signing-controller"
2025-01-29 13:18:41,554 INFO c.h.h.t.HelmChartContainer - [K3S] [certificate_controller.go:120] "Starting certificate controller" name="csrsigning-legacy-unknown"
2025-01-29 13:18:41,554 INFO c.h.h.t.HelmChartContainer - [K3S] [dynamic_serving_content.go:135] "Starting controller" name="csr-controller::/var/lib/rancher/k3s/server/tls/server-ca.nochain.crt::/var/lib/rancher/k3s/server/tls/server-ca.key"
2025-01-29 13:18:41,703 INFO c.h.h.t.HelmChartContainer - [K3S] [controllermanager.go:765] "Started controller" controller="replicaset-controller"
2025-01-29 13:18:41,704 INFO c.h.h.t.HelmChartContainer - [K3S] [replica_set.go:217] "Starting controller" name="replicaset"
2025-01-29 13:18:41,853 INFO c.h.h.t.HelmChartContainer - [K3S] [controllermanager.go:765] "Started controller" controller="token-cleaner-controller"
2025-01-29 13:18:41,853 INFO c.h.h.t.HelmChartContainer - [K3S] [controllermanager.go:723] "Skipping a cloud provider controller" controller="cloud-node-lifecycle-controller"
2025-01-29 13:18:41,853 INFO c.h.h.t.HelmChartContainer - [K3S] [tokencleaner.go:117] "Starting token cleaner controller"
2025-01-29 13:18:42,002 INFO c.h.h.t.HelmChartContainer - [K3S] [event.go:389] "Event occurred" object="8f07877cb075" fieldPath="" kind="Node" apiVersion="" type="Normal" reason="NodePasswordValidationComplete" message="Deferred node password secret validation complete"
2025-01-29 13:18:42,003 INFO c.h.h.t.HelmChartContainer - [K3S] [controllermanager.go:765] "Started controller" controller="persistentvolume-expander-controller"
2025-01-29 13:18:42,004 INFO c.h.h.t.HelmChartContainer - [K3S] [expand_controller.go:329] "Starting expand controller"
2025-01-29 13:18:42,152 INFO c.h.h.t.HelmChartContainer - [K3S] [controllermanager.go:765] "Started controller" controller="persistentvolume-protection-controller"
2025-01-29 13:18:42,152 INFO c.h.h.t.HelmChartContainer - [K3S] [controllermanager.go:717] "Controller is disabled by a feature gate" controller="selinux-warning-controller" requiredFeatureGates=["SELinuxChangePolicy"]
2025-01-29 13:18:42,152 INFO c.h.h.t.HelmChartContainer - [K3S] [pv_protection_controller.go:81] "Starting PV protection controller"
2025-01-29 13:18:42,302 INFO c.h.h.t.HelmChartContainer - [K3S] [controllermanager.go:765] "Started controller" controller="ttl-controller"
2025-01-29 13:18:42,302 INFO c.h.h.t.HelmChartContainer - [K3S] [ttl_controller.go:127] "Starting TTL controller"
2025-01-29 13:18:42,416 INFO c.h.h.t.HelmChartContainer - [K3S] [event.go:389] "Event occurred" object="kube-system/ccm" fieldPath="" kind="Addon" apiVersion="k3s.cattle.io/v1" type="Normal" reason="ApplyingManifest" message="Applying manifest at \"/var/lib/rancher/k3s/server/manifests/ccm.yaml\""
2025-01-29 13:18:42,433 INFO c.h.h.t.HelmChartContainer - [K3S] [event.go:389] "Event occurred" object="kube-system/ccm" fieldPath="" kind="Addon" apiVersion="k3s.cattle.io/v1" type="Normal" reason="AppliedManifest" message="Applied manifest at \"/var/lib/rancher/k3s/server/manifests/ccm.yaml\""
2025-01-29 13:18:42,441 INFO c.h.h.t.HelmChartContainer - [K3S] [event.go:389] "Event occurred" object="kube-system/coredns" fieldPath="" kind="Addon" apiVersion="k3s.cattle.io/v1" type="Normal" reason="ApplyingManifest" message="Applying manifest at \"/var/lib/rancher/k3s/server/manifests/coredns.yaml\""
2025-01-29 13:18:42,452 INFO c.h.h.t.HelmChartContainer - [K3S] [controllermanager.go:765] "Started controller" controller="pod-garbage-collector-controller"
2025-01-29 13:18:42,452 INFO c.h.h.t.HelmChartContainer - [K3S] [gc_controller.go:99] "Starting GC controller"
2025-01-29 13:18:42,545 INFO c.h.h.t.HelmChartContainer - [K3S] [alloc.go:330] "allocated clusterIPs" service="kube-system/kube-dns" clusterIPs={"IPv4":"10.43.0.10"}
2025-01-29 13:18:42,547 INFO c.h.h.t.HelmChartContainer - [K3S] [event.go:389] "Event occurred" object="kube-system/coredns" fieldPath="" kind="Addon" apiVersion="k3s.cattle.io/v1" type="Normal" reason="AppliedManifest" message="Applied manifest at \"/var/lib/rancher/k3s/server/manifests/coredns.yaml\""
2025-01-29 13:18:42,556 INFO c.h.h.t.HelmChartContainer - [K3S] [event.go:389] "Event occurred" object="kube-system/local-storage" fieldPath="" kind="Addon" apiVersion="k3s.cattle.io/v1" type="Normal" reason="ApplyingManifest" message="Applying manifest at \"/var/lib/rancher/k3s/server/manifests/local-storage.yaml\""
2025-01-29 13:18:42,602 INFO c.h.h.t.HelmChartContainer - [K3S] [controllermanager.go:765] "Started controller" controller="daemonset-controller"
2025-01-29 13:18:42,603 INFO c.h.h.t.HelmChartContainer - [K3S] [daemon_controller.go:294] "Starting daemon sets controller"
2025-01-29 13:18:42,646 INFO c.h.h.t.HelmChartContainer - [K3S] [event.go:389] "Event occurred" object="kube-system/local-storage" fieldPath="" kind="Addon" apiVersion="k3s.cattle.io/v1" type="Normal" reason="AppliedManifest" message="Applied manifest at \"/var/lib/rancher/k3s/server/manifests/local-storage.yaml\""
2025-01-29 13:18:42,651 INFO c.h.h.t.HelmChartContainer - [K3S] [event.go:389] "Event occurred" object="kube-system/aggregated-metrics-reader" fieldPath="" kind="Addon" apiVersion="k3s.cattle.io/v1" type="Normal" reason="ApplyingManifest" message="Applying manifest at \"/var/lib/rancher/k3s/server/manifests/metrics-server/aggregated-metrics-reader.yaml\""
2025-01-29 13:18:42,723 INFO c.h.h.t.HelmChartContainer - [K3S] [event.go:389] "Event occurred" object="kube-system/aggregated-metrics-reader" fieldPath="" kind="Addon" apiVersion="k3s.cattle.io/v1" type="Normal" reason="AppliedManifest" message="Applied manifest at \"/var/lib/rancher/k3s/server/manifests/metrics-server/aggregated-metrics-reader.yaml\""
2025-01-29 13:18:42,729 INFO c.h.h.t.HelmChartContainer - [K3S] [event.go:389] "Event occurred" object="kube-system/auth-delegator" fieldPath="" kind="Addon" apiVersion="k3s.cattle.io/v1" type="Normal" reason="ApplyingManifest" message="Applying manifest at \"/var/lib/rancher/k3s/server/manifests/metrics-server/auth-delegator.yaml\""
2025-01-29 13:18:42,733 INFO c.h.h.t.HelmChartContainer - [K3S] [event.go:389] "Event occurred" object="kube-system/auth-delegator" fieldPath="" kind="Addon" apiVersion="k3s.cattle.io/v1" type="Normal" reason="AppliedManifest" message="Applied manifest at \"/var/lib/rancher/k3s/server/manifests/metrics-server/auth-delegator.yaml\""
2025-01-29 13:18:42,739 INFO c.h.h.t.HelmChartContainer - [K3S] [event.go:389] "Event occurred" object="kube-system/auth-reader" fieldPath="" kind="Addon" apiVersion="k3s.cattle.io/v1" type="Normal" reason="ApplyingManifest" message="Applying manifest at \"/var/lib/rancher/k3s/server/manifests/metrics-server/auth-reader.yaml\""
2025-01-29 13:18:42,743 INFO c.h.h.t.HelmChartContainer - [K3S] [event.go:389] "Event occurred" object="kube-system/auth-reader" fieldPath="" kind="Addon" apiVersion="k3s.cattle.io/v1" type="Normal" reason="AppliedManifest" message="Applied manifest at \"/var/lib/rancher/k3s/server/manifests/metrics-server/auth-reader.yaml\""
2025-01-29 13:18:42,750 INFO c.h.h.t.HelmChartContainer - [K3S] [event.go:389] "Event occurred" object="kube-system/metrics-apiservice" fieldPath="" kind="Addon" apiVersion="k3s.cattle.io/v1" type="Normal" reason="ApplyingManifest" message="Applying manifest at \"/var/lib/rancher/k3s/server/manifests/metrics-server/metrics-apiservice.yaml\""
2025-01-29 13:18:42,751 INFO c.h.h.t.HelmChartContainer - [K3S] [controllermanager.go:765] "Started controller" controller="job-controller"
2025-01-29 13:18:42,752 INFO c.h.h.t.HelmChartContainer - [K3S] [job_controller.go:243] "Starting job controller"
2025-01-29 13:18:42,757 INFO c.h.h.t.HelmChartContainer - [K3S] [event.go:389] "Event occurred" object="kube-system/metrics-apiservice" fieldPath="" kind="Addon" apiVersion="k3s.cattle.io/v1" type="Normal" reason="AppliedManifest" message="Applied manifest at \"/var/lib/rancher/k3s/server/manifests/metrics-server/metrics-apiservice.yaml\""
2025-01-29 13:18:42,761 INFO c.h.h.t.HelmChartContainer - [K3S] [handler_proxy.go:99] no RequestInfo found in the context
2025-01-29 13:18:42,761 INFO c.h.h.t.HelmChartContainer - [K3S] [controller.go:146] "Unhandled Error" err=<
2025-01-29 13:18:42,761 INFO c.h.h.t.HelmChartContainer - [K3S] 	, Header: map[Content-Type:[text/plain; charset=utf-8] X-Content-Type-Options:[nosniff]]
2025-01-29 13:18:42,761 INFO c.h.h.t.HelmChartContainer - [K3S]  >
2025-01-29 13:18:42,762 INFO c.h.h.t.HelmChartContainer - [K3S] [handler_proxy.go:143] error resolving kube-system/metrics-server: service "metrics-server" not found
2025-01-29 13:18:42,763 INFO c.h.h.t.HelmChartContainer - [K3S] [event.go:389] "Event occurred" object="kube-system/metrics-server-deployment" fieldPath="" kind="Addon" apiVersion="k3s.cattle.io/v1" type="Normal" reason="ApplyingManifest" message="Applying manifest at \"/var/lib/rancher/k3s/server/manifests/metrics-server/metrics-server-deployment.yaml\""
2025-01-29 13:18:42,772 INFO c.h.h.t.HelmChartContainer - [K3S] [event.go:389] "Event occurred" object="kube-system/metrics-server-deployment" fieldPath="" kind="Addon" apiVersion="k3s.cattle.io/v1" type="Normal" reason="AppliedManifest" message="Applied manifest at \"/var/lib/rancher/k3s/server/manifests/metrics-server/metrics-server-deployment.yaml\""
2025-01-29 13:18:42,778 INFO c.h.h.t.HelmChartContainer - [K3S] [event.go:389] "Event occurred" object="kube-system/metrics-server-service" fieldPath="" kind="Addon" apiVersion="k3s.cattle.io/v1" type="Normal" reason="ApplyingManifest" message="Applying manifest at \"/var/lib/rancher/k3s/server/manifests/metrics-server/metrics-server-service.yaml\""
2025-01-29 13:18:42,784 INFO c.h.h.t.HelmChartContainer - [K3S] [alloc.go:330] "allocated clusterIPs" service="kube-system/metrics-server" clusterIPs={"IPv4":"10.43.133.11"}
2025-01-29 13:18:42,788 INFO c.h.h.t.HelmChartContainer - [K3S] [event.go:389] "Event occurred" object="kube-system/metrics-server-service" fieldPath="" kind="Addon" apiVersion="k3s.cattle.io/v1" type="Normal" reason="AppliedManifest" message="Applied manifest at \"/var/lib/rancher/k3s/server/manifests/metrics-server/metrics-server-service.yaml\""
2025-01-29 13:18:42,791 INFO c.h.h.t.HelmChartContainer - [K3S] [handler_proxy.go:99] no RequestInfo found in the context
2025-01-29 13:18:42,793 INFO c.h.h.t.HelmChartContainer - [K3S] [controller.go:146] "Unhandled Error" err=<
2025-01-29 13:18:42,794 INFO c.h.h.t.HelmChartContainer - [K3S] 	, Header: map[Content-Type:[text/plain; charset=utf-8] X-Content-Type-Options:[nosniff]]
2025-01-29 13:18:42,794 INFO c.h.h.t.HelmChartContainer - [K3S]  >
2025-01-29 13:18:42,794 INFO c.h.h.t.HelmChartContainer - [K3S] [event.go:389] "Event occurred" object="kube-system/resource-reader" fieldPath="" kind="Addon" apiVersion="k3s.cattle.io/v1" type="Normal" reason="ApplyingManifest" message="Applying manifest at \"/var/lib/rancher/k3s/server/manifests/metrics-server/resource-reader.yaml\""
2025-01-29 13:18:42,795 INFO c.h.h.t.HelmChartContainer - [K3S] [handler_proxy.go:143] error resolving kube-system/metrics-server: endpoints "metrics-server" not found
2025-01-29 13:18:42,834 INFO c.h.h.t.HelmChartContainer - [K3S] [event.go:389] "Event occurred" object="kube-system/resource-reader" fieldPath="" kind="Addon" apiVersion="k3s.cattle.io/v1" type="Normal" reason="AppliedManifest" message="Applied manifest at \"/var/lib/rancher/k3s/server/manifests/metrics-server/resource-reader.yaml\""
2025-01-29 13:18:42,841 INFO c.h.h.t.HelmChartContainer - [K3S] [event.go:389] "Event occurred" object="kube-system/rolebindings" fieldPath="" kind="Addon" apiVersion="k3s.cattle.io/v1" type="Normal" reason="ApplyingManifest" message="Applying manifest at \"/var/lib/rancher/k3s/server/manifests/rolebindings.yaml\""
2025-01-29 13:18:42,946 INFO c.h.h.t.HelmChartContainer - [K3S] [event.go:389] "Event occurred" object="kube-system/rolebindings" fieldPath="" kind="Addon" apiVersion="k3s.cattle.io/v1" type="Normal" reason="AppliedManifest" message="Applied manifest at \"/var/lib/rancher/k3s/server/manifests/rolebindings.yaml\""
2025-01-29 13:18:42,953 INFO c.h.h.t.HelmChartContainer - [K3S] [event.go:389] "Event occurred" object="kube-system/runtimes" fieldPath="" kind="Addon" apiVersion="k3s.cattle.io/v1" type="Normal" reason="ApplyingManifest" message="Applying manifest at \"/var/lib/rancher/k3s/server/manifests/runtimes.yaml\""
2025-01-29 13:18:42,976 INFO c.h.h.t.HelmChartContainer - [K3S] [event.go:389] "Event occurred" object="kube-system/runtimes" fieldPath="" kind="Addon" apiVersion="k3s.cattle.io/v1" type="Normal" reason="AppliedManifest" message="Applied manifest at \"/var/lib/rancher/k3s/server/manifests/runtimes.yaml\""
2025-01-29 13:18:43,052 INFO c.h.h.t.HelmChartContainer - [K3S] [controllermanager.go:765] "Started controller" controller="horizontal-pod-autoscaler-controller"
2025-01-29 13:18:43,052 INFO c.h.h.t.HelmChartContainer - [K3S] [horizontal.go:201] "Starting HPA controller"
2025-01-29 13:18:43,203 INFO c.h.h.t.HelmChartContainer - [K3S] [controllermanager.go:765] "Started controller" controller="cronjob-controller"
2025-01-29 13:18:43,203 INFO c.h.h.t.HelmChartContainer - [K3S] [cronjob_controllerv2.go:145] "Starting cronjob controller v2"
2025-01-29 13:18:43,252 INFO c.h.h.t.HelmChartContainer - [K3S] [node_lifecycle_controller.go:432] "Controller will reconcile labels"
2025-01-29 13:18:43,252 INFO c.h.h.t.HelmChartContainer - [K3S] [controllermanager.go:765] "Started controller" controller="node-lifecycle-controller"
2025-01-29 13:18:43,252 INFO c.h.h.t.HelmChartContainer - [K3S] [node_lifecycle_controller.go:466] "Sending events to api server"
2025-01-29 13:18:43,252 INFO c.h.h.t.HelmChartContainer - [K3S] [node_lifecycle_controller.go:477] "Starting node controller"
2025-01-29 13:18:43,404 INFO c.h.h.t.HelmChartContainer - [K3S] [controllermanager.go:765] "Started controller" controller="root-ca-certificate-publisher-controller"
2025-01-29 13:18:43,404 INFO c.h.h.t.HelmChartContainer - [K3S] [publisher.go:107] "Starting root CA cert publisher controller"
2025-01-29 13:18:43,467 INFO c.h.h.t.HelmChartContainer - [K3S] [INFO] Tunnel authorizer set Kubelet Port 0.0.0.0:10250
2025-01-29 13:18:43,554 INFO c.h.h.t.HelmChartContainer - [K3S] [controllermanager.go:765] "Started controller" controller="replicationcontroller-controller"
2025-01-29 13:18:43,554 INFO c.h.h.t.HelmChartContainer - [K3S] [controllermanager.go:743] "Warning: skipping controller" controller="storage-version-migrator-controller"
2025-01-29 13:18:43,554 INFO c.h.h.t.HelmChartContainer - [K3S] [replica_set.go:217] "Starting controller" name="replicationcontroller"
2025-01-29 13:18:43,690 INFO c.h.h.t.HelmChartContainer - [K3S] [serving.go:392] Generated self-signed cert in-memory
2025-01-29 13:18:43,703 INFO c.h.h.t.HelmChartContainer - [K3S] [controllermanager.go:765] "Started controller" controller="endpointslice-controller"
2025-01-29 13:18:43,703 INFO c.h.h.t.HelmChartContainer - [K3S] [endpointslice_controller.go:281] "Starting endpoint slice controller"
2025-01-29 13:18:43,757 INFO c.h.h.t.HelmChartContainer - [K3S] [handler_proxy.go:99] no RequestInfo found in the context
2025-01-29 13:18:43,757 INFO c.h.h.t.HelmChartContainer - [K3S] [handler_proxy.go:99] no RequestInfo found in the context
2025-01-29 13:18:43,757 INFO c.h.h.t.HelmChartContainer - [K3S] [controller.go:102] "Unhandled Error" err=<
2025-01-29 13:18:43,757 INFO c.h.h.t.HelmChartContainer - [K3S] 	, Header: map[Content-Type:[text/plain; charset=utf-8] X-Content-Type-Options:[nosniff]]
2025-01-29 13:18:43,757 INFO c.h.h.t.HelmChartContainer - [K3S]  >
2025-01-29 13:18:43,904 INFO c.h.h.t.HelmChartContainer - [K3S] [serving.go:392] Generated self-signed cert in-memory
2025-01-29 13:18:43,958 INFO c.h.h.t.HelmChartContainer - [K3S] [controllermanager.go:765] "Started controller" controller="namespace-controller"
2025-01-29 13:18:43,958 INFO c.h.h.t.HelmChartContainer - [K3S] [namespace_controller.go:202] "Starting namespace controller"
2025-01-29 13:18:44,104 INFO c.h.h.t.HelmChartContainer - [K3S] [controllermanager.go:765] "Started controller" controller="deployment-controller"
2025-01-29 13:18:44,104 INFO c.h.h.t.HelmChartContainer - [K3S] [controllermanager.go:728] "Warning: controller is disabled" controller="bootstrap-signer-controller"
2025-01-29 13:18:44,104 INFO c.h.h.t.HelmChartContainer - [K3S] [controllermanager.go:717] "Controller is disabled by a feature gate" controller="kube-apiserver-serving-clustertrustbundle-publisher-controller" requiredFeatureGates=["ClusterTrustBundle"]
2025-01-29 13:18:44,104 INFO c.h.h.t.HelmChartContainer - [K3S] [controllermanager.go:717] "Controller is disabled by a feature gate" controller="storageversion-garbage-collector-controller" requiredFeatureGates=["APIServerIdentity","StorageVersionAPI"]
2025-01-29 13:18:44,104 INFO c.h.h.t.HelmChartContainer - [K3S] [controllermanager.go:717] "Controller is disabled by a feature gate" controller="resourceclaim-controller" requiredFeatureGates=["DynamicResourceAllocation"]
2025-01-29 13:18:44,104 INFO c.h.h.t.HelmChartContainer - [K3S] [deployment_controller.go:173] "Starting controller" controller="deployment"
2025-01-29 13:18:44,122 INFO c.h.h.t.HelmChartContainer - [K3S] [actual_state_of_world.go:541] "Failed to update statusUpdateNeeded field in actual state of world" err="Failed to set statusUpdateNeeded to needed true, because nodeName=\"8f07877cb075\" does not exist"
2025-01-29 13:18:44,171 INFO c.h.h.t.HelmChartContainer - [K3S] [node_lifecycle_controller.go:1234] "Initializing eviction metric for zone" zone=""
2025-01-29 13:18:44,171 INFO c.h.h.t.HelmChartContainer - [K3S] [node_lifecycle_controller.go:886] "Missing timestamp for Node. Assuming now as a timestamp" node="8f07877cb075"
2025-01-29 13:18:44,171 INFO c.h.h.t.HelmChartContainer - [K3S] [node_lifecycle_controller.go:1080] "Controller detected that zone is now in new state" zone="" newState="Normal"
2025-01-29 13:18:44,213 INFO c.h.h.t.HelmChartContainer - [K3S] [INFO] Updated coredns NodeHosts entry for 8f07877cb075
2025-01-29 13:18:44,221 INFO c.h.h.t.HelmChartContainer - [K3S] [range_allocator.go:177] "Sending events to api server"
2025-01-29 13:18:44,222 INFO c.h.h.t.HelmChartContainer - [K3S] [range_allocator.go:183] "Starting range CIDR allocator"
2025-01-29 13:18:44,228 INFO c.h.h.t.HelmChartContainer - [K3S] [range_allocator.go:428] "Set node PodCIDR" node="8f07877cb075" podCIDRs=["10.42.0.0/24"]
2025-01-29 13:18:44,228 INFO c.h.h.t.HelmChartContainer - [K3S] [range_allocator.go:247] "Successfully synced" key="8f07877cb075"
2025-01-29 13:18:44,230 INFO c.h.h.t.HelmChartContainer - [K3S] [INFO] Flannel found PodCIDR assigned for node 8f07877cb075
2025-01-29 13:18:44,231 INFO c.h.h.t.HelmChartContainer - [K3S] [range_allocator.go:247] "Successfully synced" key="8f07877cb075"
2025-01-29 13:18:44,232 INFO c.h.h.t.HelmChartContainer - [K3S] [INFO] The interface eth0 with ipv4 address 172.18.0.2 will be used by flannel
2025-01-29 13:18:44,234 INFO c.h.h.t.HelmChartContainer - [K3S] [kube.go:139] Waiting 10m0s for node controller to sync
2025-01-29 13:18:44,237 INFO c.h.h.t.HelmChartContainer - [K3S] [kube.go:469] Starting kube subnet manager
2025-01-29 13:18:44,245 INFO c.h.h.t.HelmChartContainer - [K3S] [INFO] Network policy controller waiting for removal of node.cloudprovider.kubernetes.io/uninitialized taint
2025-01-29 13:18:44,461 INFO c.h.h.t.HelmChartContainer - [K3S] [range_allocator.go:247] "Successfully synced" key="8f07877cb075"
2025-01-29 13:18:44,467 INFO c.h.h.t.HelmChartContainer - [K3S] [INFO] Started tunnel to 172.18.0.2:6443
2025-01-29 13:18:44,467 INFO c.h.h.t.HelmChartContainer - [K3S] [INFO] Stopped tunnel to 127.0.0.1:6443
2025-01-29 13:18:44,467 INFO c.h.h.t.HelmChartContainer - [K3S] [INFO] Connecting to proxy" url="wss://172.18.0.2:6443/v1-k3s/connect
2025-01-29 13:18:44,467 INFO c.h.h.t.HelmChartContainer - [K3S] [INFO] Proxy done" err="context canceled" url="wss://127.0.0.1:6443/v1-k3s/connect
2025-01-29 13:18:44,467 INFO c.h.h.t.HelmChartContainer - [K3S] [INFO] error in remotedialer server [400]: websocket: close 1006 (abnormal closure): unexpected EOF
2025-01-29 13:18:44,470 INFO c.h.h.t.HelmChartContainer - [K3S] [INFO] Handling backend connection request [8f07877cb075]
2025-01-29 13:18:44,470 INFO c.h.h.t.HelmChartContainer - [K3S] [INFO] Remotedialer connected to proxy" url="wss://172.18.0.2:6443/v1-k3s/connect
2025-01-29 13:18:44,477 INFO c.h.h.t.HelmChartContainer - [K3S] [controllermanager.go:160] Version: v1.32.1+k3s1
2025-01-29 13:18:44,479 INFO c.h.h.t.HelmChartContainer - [K3S] [requestheader_controller.go:180] Starting RequestHeaderAuthRequestController
2025-01-29 13:18:44,479 INFO c.h.h.t.HelmChartContainer - [K3S] [configmap_cafile_content.go:205] "Starting controller" name="client-ca::kube-system::extension-apiserver-authentication::client-ca-file"
2025-01-29 13:18:44,479 INFO c.h.h.t.HelmChartContainer - [K3S] [configmap_cafile_content.go:205] "Starting controller" name="client-ca::kube-system::extension-apiserver-authentication::requestheader-client-ca-file"
2025-01-29 13:18:44,479 INFO c.h.h.t.HelmChartContainer - [K3S] [tlsconfig.go:243] "Starting DynamicServingCertificateController"
2025-01-29 13:18:44,479 INFO c.h.h.t.HelmChartContainer - [K3S] [secure_serving.go:213] Serving securely on 127.0.0.1:10258
2025-01-29 13:18:44,483 INFO c.h.h.t.HelmChartContainer - [K3S] [INFO] Creating service-lb-controller event broadcaster
2025-01-29 13:18:44,508 INFO c.h.h.t.HelmChartContainer - [K3S] [handler_proxy.go:99] no RequestInfo found in the context
2025-01-29 13:18:44,508 INFO c.h.h.t.HelmChartContainer - [K3S] [controller.go:146] "Unhandled Error" err=<
2025-01-29 13:18:44,508 INFO c.h.h.t.HelmChartContainer - [K3S] 	, Header: map[Content-Type:[text/plain; charset=utf-8] X-Content-Type-Options:[nosniff]]
2025-01-29 13:18:44,508 INFO c.h.h.t.HelmChartContainer - [K3S]  >
2025-01-29 13:18:44,509 INFO c.h.h.t.HelmChartContainer - [K3S] [handler_proxy.go:143] error resolving kube-system/metrics-server: no endpoints available for service "metrics-server"
2025-01-29 13:18:44,596 INFO c.h.h.t.HelmChartContainer - [K3S] [INFO] Starting /v1, Kind=Node controller
2025-01-29 13:18:44,599 INFO c.h.h.t.HelmChartContainer - [K3S] [INFO] Starting /v1, Kind=Pod controller
2025-01-29 13:18:44,602 INFO c.h.h.t.HelmChartContainer - [K3S] [INFO] Starting apps/v1, Kind=DaemonSet controller
2025-01-29 13:18:44,607 INFO c.h.h.t.HelmChartContainer - [K3S] [INFO] Starting discovery.k8s.io/v1, Kind=EndpointSlice controller
2025-01-29 13:18:44,607 INFO c.h.h.t.HelmChartContainer - [K3S] [controllermanager.go:329] Started "cloud-node-controller"
2025-01-29 13:18:44,607 INFO c.h.h.t.HelmChartContainer - [K3S] [controllermanager.go:329] Started "cloud-node-lifecycle-controller"
2025-01-29 13:18:44,607 INFO c.h.h.t.HelmChartContainer - [K3S] [controllermanager.go:329] Started "service-lb-controller"
2025-01-29 13:18:44,607 INFO c.h.h.t.HelmChartContainer - [K3S] [controllermanager.go:306] "node-route-controller" is disabled
2025-01-29 13:18:44,607 INFO c.h.h.t.HelmChartContainer - [K3S] [node_controller.go:176] Sending events to api server.
2025-01-29 13:18:44,607 INFO c.h.h.t.HelmChartContainer - [K3S] [node_lifecycle_controller.go:112] Sending events to api server
2025-01-29 13:18:44,607 INFO c.h.h.t.HelmChartContainer - [K3S] [node_controller.go:185] Waiting for informer caches to sync
2025-01-29 13:18:44,607 INFO c.h.h.t.HelmChartContainer - [K3S] [controller.go:234] Starting service controller
2025-01-29 13:18:44,707 INFO c.h.h.t.HelmChartContainer - [K3S] [node_controller.go:429] Initializing node 8f07877cb075 with cloud provider
2025-01-29 13:18:44,716 INFO c.h.h.t.HelmChartContainer - [K3S] [range_allocator.go:247] "Successfully synced" key="8f07877cb075"
2025-01-29 13:18:44,716 INFO c.h.h.t.HelmChartContainer - [K3S] [node_controller.go:474] Successfully initialized node 8f07877cb075 with cloud provider
2025-01-29 13:18:44,717 INFO c.h.h.t.HelmChartContainer - [K3S] [event.go:389] "Event occurred" object="8f07877cb075" fieldPath="" kind="Node" apiVersion="v1" type="Normal" reason="Synced" message="Node synced successfully"
2025-01-29 13:18:45,022 INFO c.h.h.t.HelmChartContainer - [K3S] [replica_set.go:679] "Finished syncing" kind="ReplicaSet" key="kube-system/metrics-server-8584b5786c" duration="363.647562ms"
2025-01-29 13:18:45,026 INFO c.h.h.t.HelmChartContainer - [K3S] [replica_set.go:679] "Finished syncing" kind="ReplicaSet" key="kube-system/local-path-provisioner-698b58967b" duration="358.73516ms"
2025-01-29 13:18:45,028 INFO c.h.h.t.HelmChartContainer - [K3S] [replica_set.go:679] "Finished syncing" kind="ReplicaSet" key="kube-system/coredns-ff8999cc5" duration="363.044061ms"
2025-01-29 13:18:45,034 INFO c.h.h.t.HelmChartContainer - [K3S] [replica_set.go:679] "Finished syncing" kind="ReplicaSet" key="kube-system/local-path-provisioner-698b58967b" duration="7.26743ms"
2025-01-29 13:18:45,034 INFO c.h.h.t.HelmChartContainer - [K3S] [replica_set.go:679] "Finished syncing" kind="ReplicaSet" key="kube-system/local-path-provisioner-698b58967b" duration="30.036µs"
2025-01-29 13:18:45,038 INFO c.h.h.t.HelmChartContainer - [K3S] [replica_set.go:679] "Finished syncing" kind="ReplicaSet" key="kube-system/coredns-ff8999cc5" duration="9.492309ms"
2025-01-29 13:18:45,038 INFO c.h.h.t.HelmChartContainer - [K3S] [replica_set.go:679] "Finished syncing" kind="ReplicaSet" key="kube-system/coredns-ff8999cc5" duration="31.93µs"
2025-01-29 13:18:45,043 INFO c.h.h.t.HelmChartContainer - [K3S] [replica_set.go:679] "Finished syncing" kind="ReplicaSet" key="kube-system/metrics-server-8584b5786c" duration="20.01369ms"
2025-01-29 13:18:45,043 INFO c.h.h.t.HelmChartContainer - [K3S] [replica_set.go:679] "Finished syncing" kind="ReplicaSet" key="kube-system/metrics-server-8584b5786c" duration="30.166µs"
2025-01-29 13:18:45,184 INFO c.h.h.t.HelmChartContainer - [K3S] [serving.go:392] Generated self-signed cert in-memory
2025-01-29 13:18:45,234 INFO c.h.h.t.HelmChartContainer - [K3S] [kube.go:146] Node controller sync successful
2025-01-29 13:18:45,234 INFO c.h.h.t.HelmChartContainer - [K3S] [vxlan.go:141] VXLAN config: VNI=1 Port=0 GBP=false Learning=false DirectRouting=false
2025-01-29 13:18:45,242 INFO c.h.h.t.HelmChartContainer - [K3S] [kube.go:636] List of node(8f07877cb075) annotations: map[string]string{"alpha.kubernetes.io/provided-node-ip":"172.18.0.2", "k3s.io/hostname":"8f07877cb075", "k3s.io/internal-ip":"172.18.0.2", "k3s.io/node-args":"[\"server\",\"--etcd-arg\",\"unsafe-no-fsync\",\"--etcd-arg\",\"snapshot-count=10000\",\"--etcd-arg\",\"auto-compaction-mode=revision\",\"--etcd-arg\",\"auto-compaction-retention=1000000\",\"--kube-apiserver-arg\",\"etcd-compaction-interval=0s\",\"--disable\",\"traefik\",\"--tls-san\",\"localhost\"]", "k3s.io/node-config-hash":"2QNNT5M5XUBFOLO5XPGEVGOM5UDLHHTIVMSRUPAUHE5DU3HUYQUQ====", "k3s.io/node-env":"{}", "node.alpha.kubernetes.io/ttl":"0", "volumes.kubernetes.io/controller-managed-attach-detach":"true"}
2025-01-29 13:18:45,261 INFO c.h.h.t.HelmChartContainer - [K3S] [iptables.go:51] Starting flannel in iptables mode...
2025-01-29 13:18:45,262 INFO c.h.h.t.HelmChartContainer - [K3S] [WARNING] no subnet found for key: FLANNEL_NETWORK in file: /run/flannel/subnet.env
2025-01-29 13:18:45,262 INFO c.h.h.t.HelmChartContainer - [K3S] [WARNING] no subnet found for key: FLANNEL_SUBNET in file: /run/flannel/subnet.env
2025-01-29 13:18:45,262 INFO c.h.h.t.HelmChartContainer - [K3S] [WARNING] no subnet found for key: FLANNEL_IPV6_NETWORK in file: /run/flannel/subnet.env
2025-01-29 13:18:45,262 INFO c.h.h.t.HelmChartContainer - [K3S] [WARNING] no subnet found for key: FLANNEL_IPV6_SUBNET in file: /run/flannel/subnet.env
2025-01-29 13:18:45,263 INFO c.h.h.t.HelmChartContainer - [K3S] [iptables.go:115] Current network or subnet (10.42.0.0/16, 10.42.0.0/24) is not equal to previous one (0.0.0.0/0, 0.0.0.0/0), trying to recycle old iptables rules
2025-01-29 13:18:45,264 INFO c.h.h.t.HelmChartContainer - [K3S] [kube.go:490] Creating the node lease for IPv4. This is the n.Spec.PodCIDRs: [10.42.0.0/24]
2025-01-29 13:18:45,264 INFO c.h.h.t.HelmChartContainer - [K3S] [range_allocator.go:247] "Successfully synced" key="8f07877cb075"
2025-01-29 13:18:45,282 INFO c.h.h.t.HelmChartContainer - [K3S] [iptables.go:125] Setting up masking rules
2025-01-29 13:18:45,289 INFO c.h.h.t.HelmChartContainer - [K3S] [iptables.go:226] Changing default FORWARD chain policy to ACCEPT
2025-01-29 13:18:45,290 INFO c.h.h.t.HelmChartContainer - [K3S] [INFO] Wrote flannel subnet file to /run/flannel/subnet.env
2025-01-29 13:18:45,290 INFO c.h.h.t.HelmChartContainer - [K3S] [INFO] Running flannel backend.
2025-01-29 13:18:45,290 INFO c.h.h.t.HelmChartContainer - [K3S] [vxlan_network.go:65] watching for new subnet leases
2025-01-29 13:18:45,311 INFO c.h.h.t.HelmChartContainer - [K3S] [iptables.go:372] bootstrap done
2025-01-29 13:18:45,328 INFO c.h.h.t.HelmChartContainer - [K3S] [iptables.go:372] bootstrap done
2025-01-29 13:18:45,509 INFO c.h.h.t.HelmChartContainer - [K3S] [handler_proxy.go:99] no RequestInfo found in the context
2025-01-29 13:18:45,510 INFO c.h.h.t.HelmChartContainer - [K3S] [handler_proxy.go:99] no RequestInfo found in the context
2025-01-29 13:18:45,510 INFO c.h.h.t.HelmChartContainer - [K3S] [controller.go:102] "Unhandled Error" err=<
2025-01-29 13:18:45,510 INFO c.h.h.t.HelmChartContainer - [K3S] 	, Header: map[Content-Type:[text/plain; charset=utf-8] X-Content-Type-Options:[nosniff]]
2025-01-29 13:18:45,510 INFO c.h.h.t.HelmChartContainer - [K3S]  >
2025-01-29 13:18:45,687 INFO c.h.h.t.HelmChartContainer - [K3S] [server.go:164] "Starting Kubernetes Scheduler" version="v1.32.1+k3s1"
2025-01-29 13:18:45,687 INFO c.h.h.t.HelmChartContainer - [K3S] [server.go:166] "Golang settings" GOGC="" GOMAXPROCS="" GOTRACEBACK=""
2025-01-29 13:18:45,691 INFO c.h.h.t.HelmChartContainer - [K3S] [requestheader_controller.go:180] Starting RequestHeaderAuthRequestController
2025-01-29 13:18:45,692 INFO c.h.h.t.HelmChartContainer - [K3S] [configmap_cafile_content.go:205] "Starting controller" name="client-ca::kube-system::extension-apiserver-authentication::requestheader-client-ca-file"
2025-01-29 13:18:45,694 INFO c.h.h.t.HelmChartContainer - [K3S] [secure_serving.go:213] Serving securely on 127.0.0.1:10259
2025-01-29 13:18:45,694 INFO c.h.h.t.HelmChartContainer - [K3S] [tlsconfig.go:243] "Starting DynamicServingCertificateController"
2025-01-29 13:18:45,694 INFO c.h.h.t.HelmChartContainer - [K3S] [configmap_cafile_content.go:205] "Starting controller" name="client-ca::kube-system::extension-apiserver-authentication::client-ca-file"
2025-01-29 13:18:45,799 INFO c.h.h.t.HelmChartContainer - [K3S] [replica_set.go:679] "Finished syncing" kind="ReplicaSet" key="kube-system/local-path-provisioner-698b58967b" duration="42.289µs"
2025-01-29 13:18:45,804 INFO c.h.h.t.HelmChartContainer - [K3S] [replica_set.go:679] "Finished syncing" kind="ReplicaSet" key="kube-system/metrics-server-8584b5786c" duration="32.1µs"
2025-01-29 13:18:45,806 INFO c.h.h.t.HelmChartContainer - [K3S] [replica_set.go:679] "Finished syncing" kind="ReplicaSet" key="kube-system/coredns-ff8999cc5" duration="28.053µs"
2025-01-29 13:18:45,839 INFO c.h.h.t.HelmChartContainer - [K3S] [replica_set.go:679] "Finished syncing" kind="ReplicaSet" key="kube-system/metrics-server-8584b5786c" duration="45.385µs"
2025-01-29 13:18:45,851 INFO c.h.h.t.HelmChartContainer - [K3S] [replica_set.go:679] "Finished syncing" kind="ReplicaSet" key="kube-system/local-path-provisioner-698b58967b" duration="50.454µs"
2025-01-29 13:18:45,854 INFO c.h.h.t.HelmChartContainer - [K3S] [reconciler_common.go:251] "operationExecutor.VerifyControllerAttachedVolume started for volume \"kube-api-access-tbfqc\" (UniqueName: \"kubernetes.io/projected/0d832ac9-faa0-449f-9d45-eb5d469b0a4a-kube-api-access-tbfqc\") pod \"coredns-ff8999cc5-7xth8\" (UID: \"0d832ac9-faa0-449f-9d45-eb5d469b0a4a\") " pod="kube-system/coredns-ff8999cc5-7xth8"
2025-01-29 13:18:45,854 INFO c.h.h.t.HelmChartContainer - [K3S] [reconciler_common.go:251] "operationExecutor.VerifyControllerAttachedVolume started for volume \"config-volume\" (UniqueName: \"kubernetes.io/configmap/ef9a7acd-7bd0-4acc-8855-3a73650858e2-config-volume\") pod \"local-path-provisioner-698b58967b-xxkmc\" (UID: \"ef9a7acd-7bd0-4acc-8855-3a73650858e2\") " pod="kube-system/local-path-provisioner-698b58967b-xxkmc"
2025-01-29 13:18:45,854 INFO c.h.h.t.HelmChartContainer - [K3S] [reconciler_common.go:251] "operationExecutor.VerifyControllerAttachedVolume started for volume \"kube-api-access-dvwvb\" (UniqueName: \"kubernetes.io/projected/ef9a7acd-7bd0-4acc-8855-3a73650858e2-kube-api-access-dvwvb\") pod \"local-path-provisioner-698b58967b-xxkmc\" (UID: \"ef9a7acd-7bd0-4acc-8855-3a73650858e2\") " pod="kube-system/local-path-provisioner-698b58967b-xxkmc"
2025-01-29 13:18:45,857 INFO c.h.h.t.HelmChartContainer - [K3S] [reconciler_common.go:251] "operationExecutor.VerifyControllerAttachedVolume started for volume \"tmp-dir\" (UniqueName: \"kubernetes.io/empty-dir/74a21c20-69e5-4a3a-aa23-dd6356bbe4f4-tmp-dir\") pod \"metrics-server-8584b5786c-8ttkj\" (UID: \"74a21c20-69e5-4a3a-aa23-dd6356bbe4f4\") " pod="kube-system/metrics-server-8584b5786c-8ttkj"
2025-01-29 13:18:45,857 INFO c.h.h.t.HelmChartContainer - [K3S] [reconciler_common.go:251] "operationExecutor.VerifyControllerAttachedVolume started for volume \"kube-api-access-8cr6c\" (UniqueName: \"kubernetes.io/projected/74a21c20-69e5-4a3a-aa23-dd6356bbe4f4-kube-api-access-8cr6c\") pod \"metrics-server-8584b5786c-8ttkj\" (UID: \"74a21c20-69e5-4a3a-aa23-dd6356bbe4f4\") " pod="kube-system/metrics-server-8584b5786c-8ttkj"
2025-01-29 13:18:45,857 INFO c.h.h.t.HelmChartContainer - [K3S] [reconciler_common.go:251] "operationExecutor.VerifyControllerAttachedVolume started for volume \"config-volume\" (UniqueName: \"kubernetes.io/configmap/0d832ac9-faa0-449f-9d45-eb5d469b0a4a-config-volume\") pod \"coredns-ff8999cc5-7xth8\" (UID: \"0d832ac9-faa0-449f-9d45-eb5d469b0a4a\") " pod="kube-system/coredns-ff8999cc5-7xth8"
2025-01-29 13:18:45,857 INFO c.h.h.t.HelmChartContainer - [K3S] [reconciler_common.go:251] "operationExecutor.VerifyControllerAttachedVolume started for volume \"custom-config-volume\" (UniqueName: \"kubernetes.io/configmap/0d832ac9-faa0-449f-9d45-eb5d469b0a4a-custom-config-volume\") pod \"coredns-ff8999cc5-7xth8\" (UID: \"0d832ac9-faa0-449f-9d45-eb5d469b0a4a\") " pod="kube-system/coredns-ff8999cc5-7xth8"
2025-01-29 13:18:45,861 INFO c.h.h.t.HelmChartContainer - [K3S] [replica_set.go:679] "Finished syncing" kind="ReplicaSet" key="kube-system/coredns-ff8999cc5" duration="50.996µs"
2025-01-29 13:18:46,351 INFO c.h.h.t.HelmChartContainer - [K3S] [INFO] Starting network policy controller version v2.2.1, built on 2025-01-28T18:27:08Z, go1.23.4
2025-01-29 13:18:46,352 INFO c.h.h.t.HelmChartContainer - [K3S] [network_policy_controller.go:164] Starting network policy controller
2025-01-29 13:18:46,395 INFO c.h.h.t.HelmChartContainer - [K3S] [network_policy_controller.go:176] Starting network policy controller full sync goroutine
2025-01-29 13:18:49,026 INFO c.h.h.t.HelmChartContainer - [K3S] [kuberuntime_manager.go:1702] "Updating runtime config through cri with podcidr" CIDR="10.42.0.0/24"
2025-01-29 13:18:49,028 INFO c.h.h.t.HelmChartContainer - [K3S] [kubelet_network.go:61] "Updating Pod CIDR" originalPodCIDR="" newPodCIDR="10.42.0.0/24"
2025-01-29 13:18:49,038 INFO c.h.h.t.HelmChartContainer - [K3S] [range_allocator.go:247] "Successfully synced" key="8f07877cb075"
2025-01-29 13:18:49,577 INFO c.h.h.t.HelmChartContainer - [K3S] [replica_set.go:679] "Finished syncing" kind="ReplicaSet" key="kube-system/local-path-provisioner-698b58967b" duration="12.184748ms"
2025-01-29 13:18:49,577 INFO c.h.h.t.HelmChartContainer - [K3S] [replica_set.go:679] "Finished syncing" kind="ReplicaSet" key="kube-system/local-path-provisioner-698b58967b" duration="34.014µs"
2025-01-29 13:18:49,583 INFO c.h.h.t.HelmChartContainer - [K3S] [replica_set.go:679] "Finished syncing" kind="ReplicaSet" key="kube-system/metrics-server-8584b5786c" duration="37.471µs"
2025-01-29 13:18:49,619 DEBUG c.h.h.t.HelmChartContainer - Image file loaded 'hivemq-platform-operator.tar'
2025-01-29 13:18:49,635 INFO c.h.h.t.HelmChartContainer - [K3S] [replica_set.go:679] "Finished syncing" kind="ReplicaSet" key="kube-system/coredns-ff8999cc5" duration="26.335222ms"
2025-01-29 13:18:49,635 INFO c.h.h.t.HelmChartContainer - [K3S] [replica_set.go:679] "Finished syncing" kind="ReplicaSet" key="kube-system/coredns-ff8999cc5" duration="44.814µs"
2025-01-29 13:18:50,166 DEBUG c.h.h.t.HelmChartContainer - Image file loaded 'hivemq-platform-operator-init.tar'
2025-01-29 13:18:55,845 DEBUG c.h.h.t.HelmChartContainer - Image file loaded 'hivemq-platform.tar'
2025-01-29 13:18:55,845 DEBUG c.h.h.t.HelmChartContainer - Successful Helm chart Container startup
2025-01-29 13:18:55,858 INFO t.localhost/testcontainers/j2yqt717tt2aukng:latest - Container localhost/testcontainers/j2yqt717tt2aukng:latest started in PT21.837503581S
2025-01-29 13:18:55,868 DEBUG c.h.h.t.HelmChartContainer - Executing helm command: /bin/helm --kubeconfig /etc/rancher/k3s/k3s.yaml repo add hivemq https://hivemq.github.io/helm-charts
2025-01-29 13:18:57,374 INFO c.h.h.t.HelmChartContainer - Saved kubeconfig file on /tmp/kubeconfig-52109373168089410.yaml
2025-01-29 13:18:57,375 INFO c.h.h.t.HelmChartContainer - HelmChartContainer is started
]]></system-out>
  <system-err><![CDATA[]]></system-err>
</testsuite>
