<?xml version="1.0" encoding="UTF-8"?>
<testsuite name="com.hivemq.helmcharts.volumes.HelmVolumeClaimTemplatesIT" tests="1" skipped="0" failures="0" errors="0" timestamp="2025-01-28T23:35:11" hostname="fv-az1341-365" time="351.136">
  <properties/>
  <testcase name="platform_whenVolumeClaimTemplateIsConfigured_withAdditionalVolumes_thenPersistentVolumeClaimsCreated()" classname="com.hivemq.helmcharts.volumes.HelmVolumeClaimTemplatesIT" time="351.136">
    <system-out><![CDATA[2025-01-28 23:35:11,924 INFO c.h.h.t.HelmChartContainer - Creating namespace 'helmvolumeclaimtemplatesit-operator'...
2025-01-28 23:35:11,931 INFO c.h.h.t.HelmChartContainer - Namespace 'helmvolumeclaimtemplatesit-operator' created
2025-01-28 23:35:11,931 INFO c.h.h.t.HelmChartContainer - Creating namespace 'helmvolumeclaimtemplatesit'...
2025-01-28 23:35:11,939 INFO c.h.h.t.HelmChartContainer - Namespace 'helmvolumeclaimtemplatesit' created
2025-01-28 23:35:12,002 DEBUG c.h.h.t.HelmChartContainer - Executing helm command: /bin/helm --kubeconfig /etc/rancher/k3s/k3s.yaml install test-hivemq-platform-operator /charts/hivemq-platform-operator --wait --timeout 5m0s --set image.repository=docker.io/hivemq --set image.name=hivemq-platform-operator-test --set image.initImageName=hivemq-platform-operator-init-test --set image.tag=snapshot --set image.pullPolicy=Never --set logLevel=DEBUG --set resources.cpu=512m --namespace helmvolumeclaimtemplatesit-operator
2025-01-28 23:35:12,330 INFO c.h.h.t.HelmChartContainer - [K3S] [alloc.go:330] "allocated clusterIPs" service="helmvolumeclaimtemplatesit-operator/hivemq-platform-operator-test-hivemq-platform-operator" clusterIPs={"IPv4":"10.43.246.38"}
2025-01-28 23:35:12,344 INFO c.h.h.t.HelmChartContainer - [EVENT] Normal [ScalingReplicaSet] Scaled up replica set hivemq-test-hivemq-platform-operator-6966f96d65 from 0 to 1 [helmvolumeclaimtemplatesit-operator:hivemq-test-hivemq-platform-operator]
2025-01-28 23:35:12,348 INFO c.h.h.t.HelmChartContainer - [POD] hivemq-test-hivemq-platform-operator-6966f96d65-prxld [e1373b83-2f7e-4145-b942-4ba75c91e777] in helmvolumeclaimtemplatesit-operator was ADDED
2025-01-28 23:35:12,355 INFO c.h.h.t.HelmChartContainer - [K3S] [replica_set.go:679] "Finished syncing" kind="ReplicaSet" key="helmvolumeclaimtemplatesit-operator/hivemq-test-hivemq-platform-operator-6966f96d65" duration="15.006938ms"
2025-01-28 23:35:12,358 INFO c.h.h.t.HelmChartContainer - [K3S] [memory_manager.go:355] "RemoveStaleState removing state" podUID="aeecbaa4-10be-474b-8c29-d77fc1e1d9e9" containerName="hivemq-platform-operator"
2025-01-28 23:35:12,358 INFO c.h.h.t.HelmChartContainer - [K3S] [memory_manager.go:355] "RemoveStaleState removing state" podUID="54d55dc3-4dda-4305-b46b-20bd8ec24d3c" containerName="hivemq"
2025-01-28 23:35:12,359 INFO c.h.h.t.HelmChartContainer - [POD] hivemq-test-hivemq-platform-operator-6966f96d65-prxld [e1373b83-2f7e-4145-b942-4ba75c91e777] in helmvolumeclaimtemplatesit-operator was MODIFIED
2025-01-28 23:35:12,364 INFO c.h.h.t.HelmChartContainer - [EVENT] Normal [SuccessfulCreate] Created pod: hivemq-test-hivemq-platform-operator-6966f96d65-prxld [helmvolumeclaimtemplatesit-operator:hivemq-test-hivemq-platform-operator-6966f96d65]
2025-01-28 23:35:12,364 INFO c.h.h.t.HelmChartContainer - [EVENT] Normal [Scheduled] Successfully assigned helmvolumeclaimtemplatesit-operator/hivemq-test-hivemq-platform-operator-6966f96d65-prxld to e2cd8e671f95 [helmvolumeclaimtemplatesit-operator:hivemq-test-hivemq-platform-operator-6966f96d65-prxld]
2025-01-28 23:35:12,373 INFO c.h.h.t.HelmChartContainer - [K3S] [replica_set.go:679] "Finished syncing" kind="ReplicaSet" key="helmvolumeclaimtemplatesit-operator/hivemq-test-hivemq-platform-operator-6966f96d65" duration="17.112175ms"
2025-01-28 23:35:12,374 INFO c.h.h.t.HelmChartContainer - [POD] hivemq-test-hivemq-platform-operator-6966f96d65-prxld [e1373b83-2f7e-4145-b942-4ba75c91e777] in helmvolumeclaimtemplatesit-operator was MODIFIED
2025-01-28 23:35:12,375 INFO c.h.h.t.HelmChartContainer - [K3S] [replica_set.go:679] "Finished syncing" kind="ReplicaSet" key="helmvolumeclaimtemplatesit-operator/hivemq-test-hivemq-platform-operator-6966f96d65" duration="39.765µs"
2025-01-28 23:35:12,438 INFO c.h.h.t.HelmChartContainer - [K3S] [reconciler_common.go:251] "operationExecutor.VerifyControllerAttachedVolume started for volume \"kube-api-access-wzfwt\" (UniqueName: \"kubernetes.io/projected/e1373b83-2f7e-4145-b942-4ba75c91e777-kube-api-access-wzfwt\") pod \"hivemq-test-hivemq-platform-operator-6966f96d65-prxld\" (UID: \"e1373b83-2f7e-4145-b942-4ba75c91e777\") " pod="helmvolumeclaimtemplatesit-operator/hivemq-test-hivemq-platform-operator-6966f96d65-prxld"
2025-01-28 23:35:12,755 INFO c.h.h.t.HelmChartContainer - [EVENT] Normal [Pulled] Container image "docker.io/hivemq/hivemq-platform-operator-test:snapshot" already present on machine [helmvolumeclaimtemplatesit-operator:hivemq-test-hivemq-platform-operator-6966f96d65-prxld]
2025-01-28 23:35:12,755 INFO c.h.h.t.HelmChartContainer - Received Pulled event for container hivemq-platform-operator in pod hivemq-test-hivemq-platform-operator-6966f96d65-prxld [e1373b83-2f7e-4145-b942-4ba75c91e777]
2025-01-28 23:35:14,116 INFO c.h.h.t.HelmChartContainer - [EVENT] Normal [Created] Created container: hivemq-platform-operator [helmvolumeclaimtemplatesit-operator:hivemq-test-hivemq-platform-operator-6966f96d65-prxld]
2025-01-28 23:35:14,116 INFO c.h.h.t.HelmChartContainer - Received Created event for container hivemq-platform-operator in pod hivemq-test-hivemq-platform-operator-6966f96d65-prxld [e1373b83-2f7e-4145-b942-4ba75c91e777]
2025-01-28 23:35:14,202 INFO c.h.h.t.HelmChartContainer - [K3S] [replica_set.go:679] "Finished syncing" kind="ReplicaSet" key="helmvolumeclaimtemplatesit-operator/hivemq-test-hivemq-platform-operator-6966f96d65" duration="41.107µs"
2025-01-28 23:35:14,206 INFO c.h.h.t.HelmChartContainer - [POD] hivemq-test-hivemq-platform-operator-6966f96d65-prxld [e1373b83-2f7e-4145-b942-4ba75c91e777] in helmvolumeclaimtemplatesit-operator was MODIFIED
2025-01-28 23:35:14,211 INFO c.h.h.t.HelmChartContainer - Started log watcher for hivemq-platform-operator in pod hivemq-test-hivemq-platform-operator-6966f96d65-prxld [e1373b83-2f7e-4145-b942-4ba75c91e777]
2025-01-28 23:35:14,211 INFO c.h.h.t.HelmChartContainer - [EVENT] Normal [Started] Started container hivemq-platform-operator [helmvolumeclaimtemplatesit-operator:hivemq-test-hivemq-platform-operator-6966f96d65-prxld]
2025-01-28 23:35:14,211 INFO c.h.h.t.HelmChartContainer - Received Started event for container hivemq-platform-operator in pod hivemq-test-hivemq-platform-operator-6966f96d65-prxld [e1373b83-2f7e-4145-b942-4ba75c91e777]
2025-01-28 23:35:14,212 INFO c.h.h.t.HelmChartContainer - [hivemq-test-hivemq-platform] [hivemq-platform-operator] [e1373b83] -------------------------------------------------------------------------
2025-01-28 23:35:14,212 INFO c.h.h.t.HelmChartContainer - [hivemq-test-hivemq-platform] [hivemq-platform-operator] [e1373b83] 
2025-01-28 23:35:14,212 INFO c.h.h.t.HelmChartContainer - [hivemq-test-hivemq-platform] [hivemq-platform-operator] [e1373b83]                   _    _  _              __  __   ____
2025-01-28 23:35:14,212 INFO c.h.h.t.HelmChartContainer - [hivemq-test-hivemq-platform] [hivemq-platform-operator] [e1373b83]                  | |  | |(_)            |  \/  | / __ \
2025-01-28 23:35:14,212 INFO c.h.h.t.HelmChartContainer - [hivemq-test-hivemq-platform] [hivemq-platform-operator] [e1373b83]                  | |__| | _ __   __ ___ | \  / || |  | |
2025-01-28 23:35:14,212 INFO c.h.h.t.HelmChartContainer - [hivemq-test-hivemq-platform] [hivemq-platform-operator] [e1373b83]                  |  __  || |\ \ / // _ \| |\/| || |  | |
2025-01-28 23:35:14,212 INFO c.h.h.t.HelmChartContainer - [hivemq-test-hivemq-platform] [hivemq-platform-operator] [e1373b83]                  | |  | || | \ V /|  __/| |  | || |__| |
2025-01-28 23:35:14,212 INFO c.h.h.t.HelmChartContainer - [hivemq-test-hivemq-platform] [hivemq-platform-operator] [e1373b83]                  |_|  |_||_|  \_/  \___||_|  |_| \___\_\
2025-01-28 23:35:14,212 INFO c.h.h.t.HelmChartContainer - [hivemq-test-hivemq-platform] [hivemq-platform-operator] [e1373b83] 
2025-01-28 23:35:14,212 INFO c.h.h.t.HelmChartContainer - [hivemq-test-hivemq-platform] [hivemq-platform-operator] [e1373b83] -------------------------------------------------------------------------
2025-01-28 23:35:14,212 INFO c.h.h.t.HelmChartContainer - [hivemq-test-hivemq-platform] [hivemq-platform-operator] [e1373b83] 
2025-01-28 23:35:14,212 INFO c.h.h.t.HelmChartContainer - [hivemq-test-hivemq-platform] [hivemq-platform-operator] [e1373b83]   HiveMQ Platform Operator Start Script v1.0
2025-01-28 23:35:14,212 INFO c.h.h.t.HelmChartContainer - [hivemq-test-hivemq-platform] [hivemq-platform-operator] [e1373b83] 
2025-01-28 23:35:14,224 INFO c.h.h.t.HelmChartContainer - [hivemq-test-hivemq-platform] [hivemq-platform-operator] [e1373b83] -------------------------------------------------------------------------
2025-01-28 23:35:14,224 INFO c.h.h.t.HelmChartContainer - [hivemq-test-hivemq-platform] [hivemq-platform-operator] [e1373b83] 
2025-01-28 23:35:14,224 INFO c.h.h.t.HelmChartContainer - [hivemq-test-hivemq-platform] [hivemq-platform-operator] [e1373b83]   JAVA_OPTS: -XX:+UnlockExperimentalVMOptions -XX:InitialRAMPercentage=75 -XX:MaxRAMPercentage=75 -Duser.language=en -Duser.region=US
2025-01-28 23:35:14,224 INFO c.h.h.t.HelmChartContainer - [hivemq-test-hivemq-platform] [hivemq-platform-operator] [e1373b83] 
2025-01-28 23:35:14,224 INFO c.h.h.t.HelmChartContainer - [hivemq-test-hivemq-platform] [hivemq-platform-operator] [e1373b83]   JAVA_VERSION: 21
2025-01-28 23:35:14,224 INFO c.h.h.t.HelmChartContainer - [hivemq-test-hivemq-platform] [hivemq-platform-operator] [e1373b83] 
2025-01-28 23:35:14,224 INFO c.h.h.t.HelmChartContainer - [hivemq-test-hivemq-platform] [hivemq-platform-operator] [e1373b83] -------------------------------------------------------------------------
2025-01-28 23:35:14,224 INFO c.h.h.t.HelmChartContainer - [hivemq-test-hivemq-platform] [hivemq-platform-operator] [e1373b83] 
2025-01-28 23:35:17,427 INFO c.h.h.t.HelmChartContainer - [hivemq-test-hivemq-platform] [hivemq-platform-operator] [e1373b83] 23:35:17.425 [main] DEBUG org.jboss.logging - Logging Provider: org.jboss.logging.Slf4jLoggerProvider
2025-01-28 23:35:17,529 INFO c.h.h.t.HelmChartContainer - [hivemq-test-hivemq-platform] [hivemq-platform-operator] [e1373b83] 23:35:17.527 [main] DEBUG io.smallrye.config - SRCFG01006: Loaded ConfigSource SysPropConfigSource with ordinal 400
2025-01-28 23:35:17,530 INFO c.h.h.t.HelmChartContainer - [hivemq-test-hivemq-platform] [hivemq-platform-operator] [e1373b83] 23:35:17.528 [main] DEBUG io.smallrye.config - SRCFG01006: Loaded ConfigSource EnvConfigSource with ordinal 300
2025-01-28 23:35:17,530 INFO c.h.h.t.HelmChartContainer - [hivemq-test-hivemq-platform] [hivemq-platform-operator] [e1373b83] 23:35:17.528 [main] DEBUG io.smallrye.config - SRCFG01006: Loaded ConfigSource PropertiesConfigSource[source=jar:file:///opt/hivemq-platform-operator/bin/hivemq-platform-operator.jar!/hivemq-platform-operator.properties] with ordinal 100
2025-01-28 23:35:17,530 INFO c.h.h.t.HelmChartContainer - [hivemq-test-hivemq-platform] [hivemq-platform-operator] [e1373b83] 23:35:17.528 [main] DEBUG io.smallrye.config - SRCFG01006: Loaded ConfigSource DefaultValuesConfigSource with ordinal -2147483648
2025-01-28 23:35:17,640 INFO c.h.h.t.HelmChartContainer - [hivemq-test-hivemq-platform] [hivemq-platform-operator] [e1373b83] 23:35:17.639 [main] DEBUG i.m.c.u.i.l.InternalLoggerFactory - Using SLF4J as the default logging framework
2025-01-28 23:35:17,827 INFO c.h.h.t.HelmChartContainer - [hivemq-test-hivemq-platform] [hivemq-platform-operator] [e1373b83] 23:35:17.744 [main] INFO  c.h.p.o.HiveMQPlatformOperatorApplication - HiveMQ Platform Operator 1.7.0-SNAPSHOT (commit: bebf408 on branch: HEAD) built on Sun Jan 26 20:47:47 UTC 2025
2025-01-28 23:35:17,829 INFO c.h.h.t.HelmChartContainer - [hivemq-test-hivemq-platform] [hivemq-platform-operator] [e1373b83] 23:35:17.826 [main] INFO  c.h.p.o.HiveMQPlatformOperatorApplication - HiveMQ Platform Operator is running in namespace: helmvolumeclaimtemplatesit-operator
2025-01-28 23:35:17,829 INFO c.h.h.t.HelmChartContainer - [hivemq-test-hivemq-platform] [hivemq-platform-operator] [e1373b83] 23:35:17.826 [main] INFO  c.h.p.o.HiveMQPlatformOperatorApplication - Watching all namespaces
2025-01-28 23:35:17,829 INFO c.h.h.t.HelmChartContainer - [hivemq-test-hivemq-platform] [hivemq-platform-operator] [e1373b83] 23:35:17.826 [main] INFO  c.h.p.o.HiveMQPlatformOperatorApplication - Log level: DEBUG
2025-01-28 23:35:17,829 INFO c.h.h.t.HelmChartContainer - [hivemq-test-hivemq-platform] [hivemq-platform-operator] [e1373b83] 23:35:17.826 [main] INFO  c.h.p.o.HiveMQPlatformOperatorApplication - Release name: test-hivemq-platform-operator
2025-01-28 23:35:17,829 INFO c.h.h.t.HelmChartContainer - [hivemq-test-hivemq-platform] [hivemq-platform-operator] [e1373b83] 23:35:17.827 [main] INFO  c.h.p.o.HiveMQPlatformOperatorApplication - HiveMQ Platform Operator Init image: docker.io/hivemq/hivemq-platform-operator-init-test:snapshot
2025-01-28 23:35:17,829 INFO c.h.h.t.HelmChartContainer - [hivemq-test-hivemq-platform] [hivemq-platform-operator] [e1373b83] 23:35:17.827 [main] INFO  c.h.p.o.HiveMQPlatformOperatorApplication - HiveMQ Platform Operator Init App update URL: http://hivemq-platform-operator-test-hivemq-platform-operator.helmvolumeclaimtemplatesit-operator.svc:8080/initAppUpdate/hivemq-platform-operator-init-app-1.7.0-SNAPSHOT.jar
2025-01-28 23:35:17,829 INFO c.h.h.t.HelmChartContainer - [hivemq-test-hivemq-platform] [hivemq-platform-operator] [e1373b83] 23:35:17.827 [main] INFO  c.h.p.o.HiveMQPlatformOperatorApplication - Additional imagePullSecret for all Platform deployments: none
2025-01-28 23:35:17,829 INFO c.h.h.t.HelmChartContainer - [hivemq-test-hivemq-platform] [hivemq-platform-operator] [e1373b83] 23:35:17.827 [main] INFO  c.h.p.o.HiveMQPlatformOperatorApplication - Apply HiveMQ Platform CRD: true
2025-01-28 23:35:17,829 INFO c.h.h.t.HelmChartContainer - [hivemq-test-hivemq-platform] [hivemq-platform-operator] [e1373b83] 23:35:17.827 [main] INFO  c.h.p.o.HiveMQPlatformOperatorApplication - Create Platform ServiceAccount: true
2025-01-28 23:35:17,829 INFO c.h.h.t.HelmChartContainer - [hivemq-test-hivemq-platform] [hivemq-platform-operator] [e1373b83] 23:35:17.827 [main] INFO  c.h.p.o.HiveMQPlatformOperatorApplication - Create Platform ServiceAccount permissions: true
2025-01-28 23:35:17,829 INFO c.h.h.t.HelmChartContainer - [hivemq-test-hivemq-platform] [hivemq-platform-operator] [e1373b83] 23:35:17.827 [main] INFO  c.h.p.o.HiveMQPlatformOperatorApplication - Validate Platform ServiceAccount: true
2025-01-28 23:35:17,829 INFO c.h.h.t.HelmChartContainer - [hivemq-test-hivemq-platform] [hivemq-platform-operator] [e1373b83] 23:35:17.827 [main] INFO  c.h.p.o.HiveMQPlatformOperatorApplication - Validate Platform ServiceAccount permissions: true
2025-01-28 23:35:17,944 INFO c.h.h.t.HelmChartContainer - [hivemq-test-hivemq-platform] [hivemq-platform-operator] [e1373b83] 23:35:17.943 [main] INFO  c.h.platform.operator.util.CRDUtil - Verifying deployed HiveMQ Platform CRD...
2025-01-28 23:35:20,341 INFO c.h.h.t.HelmChartContainer - [hivemq-test-hivemq-platform] [hivemq-platform-operator] [e1373b83] 23:35:20.338 [main] DEBUG c.h.platform.operator.util.CRDUtil - HiveMQ Platform CRD version v1 is up to date
2025-01-28 23:35:20,341 INFO c.h.h.t.HelmChartContainer - [hivemq-test-hivemq-platform] [hivemq-platform-operator] [e1373b83] 23:35:20.339 [main] INFO  c.h.platform.operator.util.CRDUtil - HiveMQ Platform CRD is up to date (version: V1_6_0)
2025-01-28 23:35:20,341 INFO c.h.h.t.HelmChartContainer - [hivemq-test-hivemq-platform] [hivemq-platform-operator] [e1373b83] 23:35:20.339 [main] INFO  c.h.platform.operator.util.CRDUtil - Waiting 10000 ms for HiveMQ Platform CRD 'hivemq-platforms.hivemq.com' to become ready...
2025-01-28 23:35:20,727 INFO c.h.h.t.HelmChartContainer - [hivemq-test-hivemq-platform] [hivemq-platform-operator] [e1373b83] 23:35:20.726 [vert.x-eventloop-thread-1] DEBUG c.h.platform.operator.util.CRDUtil - Checking CRD condition 'NamesAccepted' (status: 'True')
2025-01-28 23:35:20,728 INFO c.h.h.t.HelmChartContainer - [hivemq-test-hivemq-platform] [hivemq-platform-operator] [e1373b83] 23:35:20.726 [vert.x-eventloop-thread-1] DEBUG c.h.platform.operator.util.CRDUtil - Checking CRD condition 'Established' (status: 'True')
2025-01-28 23:35:20,729 INFO c.h.h.t.HelmChartContainer - [hivemq-test-hivemq-platform] [hivemq-platform-operator] [e1373b83] 23:35:20.727 [main] INFO  c.h.platform.operator.util.CRDUtil - HiveMQ Platform CRD 'hivemq-platforms.hivemq.com' is ready
2025-01-28 23:35:20,929 INFO c.h.h.t.HelmChartContainer - [hivemq-test-hivemq-platform] [hivemq-platform-operator] [e1373b83] 23:35:20.928 [main] INFO  c.h.p.o.HiveMQPlatformReconciler - HiveMQ Platform Operator is starting...
2025-01-28 23:35:21,034 INFO c.h.h.t.HelmChartContainer - [hivemq-test-hivemq-platform] [hivemq-platform-operator] [e1373b83] 23:35:21.033 [main] WARN  Default ConfigurationService implementation - Configuration for reconciler 'hivemq-controller' was not found. Known reconcilers: None.
2025-01-28 23:35:21,042 INFO c.h.h.t.HelmChartContainer - [hivemq-test-hivemq-platform] [hivemq-platform-operator] [e1373b83] 23:35:21.041 [main] INFO  Default ConfigurationService implementation - Created configuration for reconciler com.hivemq.platform.operator.HiveMQPlatformReconciler with name hivemq-controller
2025-01-28 23:35:21,225 INFO c.h.h.t.HelmChartContainer - [hivemq-test-hivemq-platform] [hivemq-platform-operator] [e1373b83] 23:35:21.224 [main] DEBUG c.h.p.o.HiveMQPlatformReconciler - HiveMQ Platform Operator is preparing EventSources
2025-01-28 23:35:21,237 INFO c.h.h.t.HelmChartContainer - [hivemq-test-hivemq-platform] [hivemq-platform-operator] [e1373b83] 23:35:21.236 [main] INFO  i.javaoperatorsdk.operator.Operator - Registered reconciler: 'hivemq-controller' for resource: 'class com.hivemq.platform.operator.v1.HiveMQPlatform' for namespace(s): [all namespaces]
2025-01-28 23:35:21,833 INFO c.h.h.t.HelmChartContainer - [hivemq-test-hivemq-platform] [hivemq-platform-operator] [e1373b83] 23:35:21.831 [main] INFO  c.h.p.operator.webserver.JettyServer - Starting Jetty server on port 8080
2025-01-28 23:35:21,929 INFO c.h.h.t.HelmChartContainer - [hivemq-test-hivemq-platform] [hivemq-platform-operator] [e1373b83] 23:35:21.927 [main] INFO  i.javaoperatorsdk.operator.Operator - Operator SDK 4.9.7 (commit: 2133d28) built on Wed Nov 20 12:56:20 UTC 2024 starting...
2025-01-28 23:35:21,929 INFO c.h.h.t.HelmChartContainer - [hivemq-test-hivemq-platform] [hivemq-platform-operator] [e1373b83] 23:35:21.928 [main] INFO  i.javaoperatorsdk.operator.Operator - Client version: 6.13.4
2025-01-28 23:35:21,930 INFO c.h.h.t.HelmChartContainer - [hivemq-test-hivemq-platform] [hivemq-platform-operator] [e1373b83] 23:35:21.929 [Controller Starter for: hivemq-controller] INFO  i.j.operator.processing.Controller - Starting 'hivemq-controller' controller for reconciler: com.hivemq.platform.operator.HiveMQPlatformReconciler, resource: com.hivemq.platform.operator.v1.HiveMQPlatform
2025-01-28 23:35:24,338 INFO c.h.h.t.HelmChartContainer - [hivemq-test-hivemq-platform] [hivemq-platform-operator] [e1373b83] 23:35:24.337 [Controller Starter for: hivemq-controller] INFO  i.j.operator.processing.Controller - 'hivemq-controller' controller started
2025-01-28 23:35:24,339 INFO c.h.h.t.HelmChartContainer - [hivemq-test-hivemq-platform] [hivemq-platform-operator] [e1373b83] 23:35:24.337 [main] INFO  c.h.p.o.HiveMQPlatformOperatorApplication - HiveMQ Platform Operator 1.7.0-SNAPSHOT started in 6592 ms
2025-01-28 23:35:26,213 INFO c.h.h.t.HelmChartContainer - [POD] hivemq-test-hivemq-platform-operator-6966f96d65-prxld [e1373b83-2f7e-4145-b942-4ba75c91e777] in helmvolumeclaimtemplatesit-operator was MODIFIED
2025-01-28 23:35:26,218 INFO c.h.h.t.HelmChartContainer - [K3S] [replica_set.go:679] "Finished syncing" kind="ReplicaSet" key="helmvolumeclaimtemplatesit-operator/hivemq-test-hivemq-platform-operator-6966f96d65" duration="9.694963ms"
2025-01-28 23:35:26,219 INFO c.h.h.t.HelmChartContainer - [K3S] [replica_set.go:679] "Finished syncing" kind="ReplicaSet" key="helmvolumeclaimtemplatesit-operator/hivemq-test-hivemq-platform-operator-6966f96d65" duration="44.533µs"
2025-01-28 23:35:26,458 DEBUG c.h.h.t.HelmChartContainer - Executing helm command: /bin/helm --kubeconfig /etc/rancher/k3s/k3s.yaml install test-hivemq-platform /charts/hivemq-platform --wait --timeout 5m0s --set image.repository=docker.io/hivemq --set image.tag=4.36.0 --set image.pullPolicy=Never --set nodes.resources.cpu=512m -f /files/volumes-claim-templates-values.yaml --namespace helmvolumeclaimtemplatesit
2025-01-28 23:35:26,914 INFO c.h.h.t.HelmChartContainer - [hivemq-test-hivemq-platform] [hivemq-platform-operator] [e1373b83] 23:35:26.913 [-373097727-pool-1-thread-4] WARN  i.m.p.PrometheusMeterRegistry - The meter (MeterId{name='operator.sdk.events.received', tags=[tag(action=ADDED),tag(event=ResourceEvent),tag(group=hivemq.com),tag(kind=HiveMQPlatform),tag(name=test-hivemq-platform),tag(namespace=helmvolumeclaimtemplatesit),tag(scope=namespace),tag(version=v1)]}) registration has failed: Prometheus requires that all meters with the same name have the same set of tag keys. There is already an existing meter named 'operator.sdk.events.received' containing tag keys [event, group, kind, name, namespace, scope, version]. The meter you are attempting to register has keys [action, event, group, kind, name, namespace, scope, version]. Note that subsequent logs will be logged at debug level.
2025-01-28 23:35:27,335 INFO c.h.h.t.HelmChartContainer - [hivemq-test-hivemq-platform] [hivemq-platform-operator] [e1373b83] 23:35:27.334 [pool-6-thread-3] DEBUG c.h.p.o.dependants.PodInfoConfigMap - [helmvolu] Desired PodInfo ConfigMap (1 extensions) (1 enabled)
2025-01-28 23:35:27,335 INFO c.h.h.t.HelmChartContainer - [hivemq-test-hivemq-platform] [hivemq-platform-operator] [e1373b83] 23:35:27.334 [pool-6-thread-3] DEBUG c.h.p.o.dependants.PodInfoConfigMap - [helmvolu] Desired PodInfo ConfigMap (metrics port: 9399) (metrics path: /)
2025-01-28 23:35:27,336 INFO c.h.h.t.HelmChartContainer - [hivemq-test-hivemq-platform] [hivemq-platform-operator] [e1373b83] 23:35:27.334 [pool-6-thread-3] DEBUG c.h.p.o.dependants.PodInfoConfigMap - [helmvolu] Desired PodInfo ConfigMap (extension state hash: -1817474005)
2025-01-28 23:35:27,411 INFO c.h.h.t.HelmChartContainer - [hivemq-test-hivemq-platform] [hivemq-platform-operator] [e1373b83] 23:35:27.409 [pool-6-thread-3] DEBUG c.h.p.o.dependants.PodInfoConfigMap - [helmvolu] Create PodInfo ConfigMap
2025-01-28 23:35:27,515 INFO c.h.h.t.HelmChartContainer - [hivemq-test-hivemq-platform] [hivemq-platform-operator] [e1373b83] 23:35:27.513 [pool-6-thread-5] DEBUG c.h.p.o.dependants.PodRoleResource - [helmvolu] Create Role: Role(apiVersion=rbac.authorization.k8s.io/v1, kind=Role, metadata=ObjectMeta(annotations={meta.helm.sh/release-name=test-hivemq-platform, meta.helm.sh/release-namespace=helmvolumeclaimtemplatesit}, creationTimestamp=null, deletionGracePeriodSeconds=null, deletionTimestamp=null, finalizers=[], generateName=null, generation=null, labels={helm.sh/chart=hivemq-platform-0.2.32, app.kubernetes.io/managed-by=Helm, app.kubernetes.io/name=hivemq-platform, hivemq-platform=test-hivemq-platform, app.kubernetes.io/instance=test-hivemq-platform, app.kubernetes.io/version=4.36.0}, managedFields=[], name=hivemq-platform-role-test-hivemq-platform, namespace=helmvolumeclaimtemplatesit, ownerReferences=[OwnerReference(apiVersion=hivemq.com/v1, blockOwnerDeletion=null, controller=null, kind=HiveMQPlatform, name=test-hivemq-platform, uid=e96110b3-6bb0-443e-aa43-d92cc00bb2a3, additionalProperties={})], resourceVersion=null, selfLink=null, uid=null, additionalProperties={}), rules=[PolicyRule(apiGroups=[], nonResourceURLs=[], resourceNames=[], resources=[pods], verbs=[get, patch, update], additionalProperties={})], additionalProperties={})
2025-01-28 23:35:27,627 INFO c.h.h.t.HelmChartContainer - [hivemq-test-hivemq-platform] [hivemq-platform-operator] [e1373b83] 23:35:27.625 [pool-6-thread-7] DEBUG c.h.p.o.d.PodServiceAccountResource - [helmvolu] Desired PodServiceAccountResource (serviceAccountName: hivemq-platform-pod-test-hivemq-platform)
2025-01-28 23:35:27,628 INFO c.h.h.t.HelmChartContainer - [hivemq-test-hivemq-platform] [hivemq-platform-operator] [e1373b83] 23:35:27.626 [pool-6-thread-7] DEBUG c.h.p.o.d.PodServiceAccountResource - [helmvolu] Create ServiceAccount 'hivemq-platform-pod-test-hivemq-platform'
2025-01-28 23:35:27,808 INFO c.h.h.t.HelmChartContainer - [hivemq-test-hivemq-platform] [hivemq-platform-operator] [e1373b83] 23:35:27.807 [pool-6-thread-10] DEBUG c.h.p.o.d.PodRoleBindingResource - [helmvolu] Create RoleBinding: RoleBinding(apiVersion=rbac.authorization.k8s.io/v1, kind=RoleBinding, metadata=ObjectMeta(annotations={meta.helm.sh/release-name=test-hivemq-platform, meta.helm.sh/release-namespace=helmvolumeclaimtemplatesit}, creationTimestamp=null, deletionGracePeriodSeconds=null, deletionTimestamp=null, finalizers=[], generateName=null, generation=null, labels={helm.sh/chart=hivemq-platform-0.2.32, app.kubernetes.io/managed-by=Helm, app.kubernetes.io/name=hivemq-platform, hivemq-platform=test-hivemq-platform, app.kubernetes.io/instance=test-hivemq-platform, app.kubernetes.io/version=4.36.0}, managedFields=[], name=hivemq-platform-role-binding-test-hivemq-platform, namespace=helmvolumeclaimtemplatesit, ownerReferences=[OwnerReference(apiVersion=hivemq.com/v1, blockOwnerDeletion=null, controller=null, kind=HiveMQPlatform, name=test-hivemq-platform, uid=e96110b3-6bb0-443e-aa43-d92cc00bb2a3, additionalProperties={})], resourceVersion=null, selfLink=null, uid=null, additionalProperties={}), roleRef=RoleRef(apiGroup=rbac.authorization.k8s.io, kind=Role, name=hivemq-platform-role-test-hivemq-platform, additionalProperties={}), subjects=[Subject(apiGroup=null, kind=ServiceAccount, name=hivemq-platform-pod-test-hivemq-platform, namespace=helmvolumeclaimtemplatesit, additionalProperties={})], additionalProperties={})
2025-01-28 23:35:27,826 INFO c.h.h.t.HelmChartContainer - [hivemq-test-hivemq-platform] [hivemq-platform-operator] [e1373b83] 23:35:27.825 [ReconcilerExecutor-hivemq-controller-54] INFO  c.h.p.o.HiveMQPlatformReconciler - [helmvolu] Reconciling HiveMQ Platform 'test-hivemq-platform' in namespace 'helmvolumeclaimtemplatesit'
2025-01-28 23:35:27,827 INFO c.h.h.t.HelmChartContainer - [hivemq-test-hivemq-platform] [hivemq-platform-operator] [e1373b83] 23:35:27.825 [ReconcilerExecutor-hivemq-controller-54] DEBUG c.h.p.o.HiveMQPlatformReconciler - [helmvolu] Custom Resource Status CREATED - HiveMQ Platform was created (READY)
2025-01-28 23:35:27,827 INFO c.h.h.t.HelmChartContainer - [hivemq-test-hivemq-platform] [hivemq-platform-operator] [e1373b83] 23:35:27.825 [ReconcilerExecutor-hivemq-controller-54] DEBUG c.h.p.o.HiveMQPlatformReconciler - [helmvolu] Custom Resource Spec (replicas: 2) (extensions: 1)
2025-01-28 23:35:27,830 INFO c.h.h.t.HelmChartContainer - [hivemq-test-hivemq-platform] [hivemq-platform-operator] [e1373b83] 23:35:27.830 [ReconcilerExecutor-hivemq-controller-54] INFO  c.h.p.o.h.HiveMQPlatformReconcilerBaseHandler - [helmvolu] HiveMQ Platform is starting
2025-01-28 23:35:27,934 INFO c.h.h.t.HelmChartContainer - [hivemq-test-hivemq-platform] [hivemq-platform-operator] [e1373b83] 23:35:27.933 [ReconcilerExecutor-hivemq-controller-54] DEBUG c.h.p.operator.event.EventSender - [helmvolu] Creating K8s event hivemq-platform-starting: [Start] HiveMQ Platform is starting
2025-01-28 23:35:28,013 INFO c.h.h.t.HelmChartContainer - [EVENT] Normal [Start] HiveMQ Platform is starting [helmvolumeclaimtemplatesit:test-hivemq-platform]
2025-01-28 23:35:28,026 INFO c.h.h.t.HelmChartContainer - [hivemq-test-hivemq-platform] [hivemq-platform-operator] [e1373b83] 23:35:28.024 [ReconcilerExecutor-hivemq-controller-54] INFO  c.h.p.o.h.AbstractHiveMQReconcilerStateHandler - [helmvolu] Update HiveMQ Platform Status (CREATED [READY] -> STARTING [READY]): HiveMQ Platform is starting
2025-01-28 23:35:28,041 DEBUG com.hivemq.helmcharts.util.K8sUtil - Comparing actual state 'STARTING' and waiting for 'RUNNING'
2025-01-28 23:35:38,120 INFO c.h.h.t.HelmChartContainer - [hivemq-test-hivemq-platform] [hivemq-platform-operator] [e1373b83] 23:35:38.118 [pool-6-thread-12] DEBUG c.h.p.o.d.PlatformServiceResource - [helmvolu] Desired Platform services (3 services)
2025-01-28 23:35:38,123 INFO c.h.h.t.HelmChartContainer - [hivemq-test-hivemq-platform] [hivemq-platform-operator] [e1373b83] 23:35:38.122 [pool-6-thread-13] DEBUG c.h.p.o.dependants.PodInfoConfigMap - [helmvolu] Desired PodInfo ConfigMap (1 extensions) (1 enabled)
2025-01-28 23:35:38,126 INFO c.h.h.t.HelmChartContainer - [hivemq-test-hivemq-platform] [hivemq-platform-operator] [e1373b83] 23:35:38.125 [pool-6-thread-13] DEBUG c.h.p.o.dependants.PodInfoConfigMap - [helmvolu] Desired PodInfo ConfigMap (metrics port: 9399) (metrics path: /)
2025-01-28 23:35:38,127 INFO c.h.h.t.HelmChartContainer - [hivemq-test-hivemq-platform] [hivemq-platform-operator] [e1373b83] 23:35:38.123 [pool-6-thread-17] DEBUG c.h.p.o.d.PodServiceAccountResource - [helmvolu] Desired PodServiceAccountResource (serviceAccountName: hivemq-platform-pod-test-hivemq-platform)
2025-01-28 23:35:38,127 INFO c.h.h.t.HelmChartContainer - [hivemq-test-hivemq-platform] [hivemq-platform-operator] [e1373b83] 23:35:38.126 [pool-6-thread-13] DEBUG c.h.p.o.dependants.PodInfoConfigMap - [helmvolu] Desired PodInfo ConfigMap (extension state hash: -1817474005)
2025-01-28 23:35:38,132 INFO c.h.h.t.HelmChartContainer - [hivemq-test-hivemq-platform] [hivemq-platform-operator] [e1373b83] 23:35:38.131 [pool-6-thread-13] DEBUG c.h.p.o.dependants.PodInfoConfigMap - [helmvolu] Update PodInfo ConfigMap
2025-01-28 23:35:38,135 INFO c.h.h.t.HelmChartContainer - [K3S] [alloc.go:330] "allocated clusterIPs" service="helmvolumeclaimtemplatesit/hivemq-test-hivemq-platform-cc-8080" clusterIPs={"IPv4":"10.43.66.0"}
2025-01-28 23:35:38,230 INFO c.h.h.t.HelmChartContainer - [K3S] [alloc.go:330] "allocated clusterIPs" service="helmvolumeclaimtemplatesit/hivemq-test-hivemq-platform-metrics-9399" clusterIPs={"IPv4":"10.43.144.241"}
2025-01-28 23:35:38,314 INFO c.h.h.t.HelmChartContainer - [K3S] [alloc.go:330] "allocated clusterIPs" service="helmvolumeclaimtemplatesit/hivemq-test-hivemq-platform-mqtt-1883" clusterIPs={"IPv4":"10.43.252.117"}
2025-01-28 23:35:38,323 INFO c.h.h.t.HelmChartContainer - [hivemq-test-hivemq-platform] [hivemq-platform-operator] [e1373b83] 23:35:38.321 [pool-6-thread-20] DEBUG c.h.p.o.d.StatefulSetResource - [helmvolu] Desired StatefulSet (2 replicas) for status STARTING (READY)
2025-01-28 23:35:38,409 INFO c.h.h.t.HelmChartContainer - [hivemq-test-hivemq-platform] [hivemq-platform-operator] [e1373b83] 23:35:38.408 [pool-6-thread-20] DEBUG c.h.p.o.d.StatefulSetResource - [helmvolu] Create StatefulSet
2025-01-28 23:35:38,434 INFO c.h.h.t.HelmChartContainer - [EVENT] Normal [SuccessfulCreate] create Claim hivemq-pvc-data-test-hivemq-platform-0 Pod test-hivemq-platform-0 in StatefulSet test-hivemq-platform success [helmvolumeclaimtemplatesit:test-hivemq-platform]
2025-01-28 23:35:38,439 INFO c.h.h.t.HelmChartContainer - [POD] test-hivemq-platform-0 [919bc9c6-9939-4335-ac2e-c10b74cb3724] in helmvolumeclaimtemplatesit was ADDED
2025-01-28 23:35:38,440 INFO c.h.h.t.HelmChartContainer - [EVENT] Normal [SuccessfulCreate] create Pod test-hivemq-platform-0 in StatefulSet test-hivemq-platform successful [helmvolumeclaimtemplatesit:test-hivemq-platform]
2025-01-28 23:35:38,449 INFO c.h.h.t.HelmChartContainer - [EVENT] Normal [WaitForFirstConsumer] waiting for first consumer to be created before binding [helmvolumeclaimtemplatesit:hivemq-pvc-data-test-hivemq-platform-0]
2025-01-28 23:35:38,452 INFO c.h.h.t.HelmChartContainer - [EVENT] Normal [ExternalProvisioning] Waiting for a volume to be created either by the external provisioner 'rancher.io/local-path' or manually by the system administrator. If volume creation is delayed, please verify that the provisioner is running and correctly registered. [helmvolumeclaimtemplatesit:hivemq-pvc-data-test-hivemq-platform-0]
2025-01-28 23:35:38,459 INFO c.h.h.t.HelmChartContainer - [EVENT] Normal [Provisioning] External provisioner is provisioning volume for claim "helmvolumeclaimtemplatesit/hivemq-pvc-data-test-hivemq-platform-0" [helmvolumeclaimtemplatesit:hivemq-pvc-data-test-hivemq-platform-0]
2025-01-28 23:35:38,512 INFO c.h.h.t.HelmChartContainer - [hivemq-test-hivemq-platform] [hivemq-platform-operator] [e1373b83] 23:35:38.507 [ReconcilerExecutor-hivemq-controller-65] INFO  c.h.p.o.HiveMQPlatformReconciler - [helmvolu] Reconciling HiveMQ Platform 'test-hivemq-platform' in namespace 'helmvolumeclaimtemplatesit'
2025-01-28 23:35:38,512 INFO c.h.h.t.HelmChartContainer - [hivemq-test-hivemq-platform] [hivemq-platform-operator] [e1373b83] 23:35:38.507 [ReconcilerExecutor-hivemq-controller-65] DEBUG c.h.p.o.HiveMQPlatformReconciler - [helmvolu] Custom Resource Status STARTING - HiveMQ Platform is starting (READY)
2025-01-28 23:35:38,512 INFO c.h.h.t.HelmChartContainer - [hivemq-test-hivemq-platform] [hivemq-platform-operator] [e1373b83] 23:35:38.507 [ReconcilerExecutor-hivemq-controller-65] DEBUG c.h.p.o.HiveMQPlatformReconciler - [helmvolu] Custom Resource Spec (replicas: 2) (extensions: 1)
2025-01-28 23:35:38,512 INFO c.h.h.t.HelmChartContainer - [hivemq-test-hivemq-platform] [hivemq-platform-operator] [e1373b83] 23:35:38.510 [ReconcilerExecutor-hivemq-controller-65] DEBUG c.h.p.o.HiveMQPlatformReconciler - [helmvolu] StatefulSet Status (revision: null, replicas: 0, available: 0, ready: 0, current: 0, updated: 0)
2025-01-28 23:35:38,515 INFO c.h.h.t.HelmChartContainer - [hivemq-test-hivemq-platform] [hivemq-platform-operator] [e1373b83] 23:35:38.510 [ReconcilerExecutor-hivemq-controller-65] DEBUG c.h.p.o.HiveMQPlatformReconciler - [helmvolu] StatefulSet Spec (replicas: 2, init containers: 1, containers: 1, volumes: 4)
2025-01-28 23:35:38,527 INFO c.h.h.t.HelmChartContainer - [hivemq-test-hivemq-platform] [hivemq-platform-operator] [e1373b83] 23:35:38.526 [ReconcilerExecutor-hivemq-controller-65] DEBUG c.h.p.o.h.HiveMQPlatformReconcilerErrorHandler - [helmvolu] Pod 'test-hivemq-platform-0' phase Pending
2025-01-28 23:35:38,535 INFO c.h.h.t.HelmChartContainer - [POD] helper-pod-create-pvc-66d5472b-0907-4972-ac5c-69f14a653c3e [9e1ee5c9-681c-4c4e-9a90-1f249228b1cd] in kube-system was ADDED
2025-01-28 23:35:38,542 INFO c.h.h.t.HelmChartContainer - [POD] helper-pod-create-pvc-66d5472b-0907-4972-ac5c-69f14a653c3e [9e1ee5c9-681c-4c4e-9a90-1f249228b1cd] in kube-system was MODIFIED
2025-01-28 23:35:38,594 INFO c.h.h.t.HelmChartContainer - [K3S] [reconciler_common.go:251] "operationExecutor.VerifyControllerAttachedVolume started for volume \"data\" (UniqueName: \"kubernetes.io/host-path/9e1ee5c9-681c-4c4e-9a90-1f249228b1cd-data\") pod \"helper-pod-create-pvc-66d5472b-0907-4972-ac5c-69f14a653c3e\" (UID: \"9e1ee5c9-681c-4c4e-9a90-1f249228b1cd\") " pod="kube-system/helper-pod-create-pvc-66d5472b-0907-4972-ac5c-69f14a653c3e"
2025-01-28 23:35:38,594 INFO c.h.h.t.HelmChartContainer - [K3S] [reconciler_common.go:251] "operationExecutor.VerifyControllerAttachedVolume started for volume \"script\" (UniqueName: \"kubernetes.io/configmap/9e1ee5c9-681c-4c4e-9a90-1f249228b1cd-script\") pod \"helper-pod-create-pvc-66d5472b-0907-4972-ac5c-69f14a653c3e\" (UID: \"9e1ee5c9-681c-4c4e-9a90-1f249228b1cd\") " pod="kube-system/helper-pod-create-pvc-66d5472b-0907-4972-ac5c-69f14a653c3e"
2025-01-28 23:35:38,594 INFO c.h.h.t.HelmChartContainer - [K3S] [reconciler_common.go:251] "operationExecutor.VerifyControllerAttachedVolume started for volume \"kube-api-access-8pkrt\" (UniqueName: \"kubernetes.io/projected/9e1ee5c9-681c-4c4e-9a90-1f249228b1cd-kube-api-access-8pkrt\") pod \"helper-pod-create-pvc-66d5472b-0907-4972-ac5c-69f14a653c3e\" (UID: \"9e1ee5c9-681c-4c4e-9a90-1f249228b1cd\") " pod="kube-system/helper-pod-create-pvc-66d5472b-0907-4972-ac5c-69f14a653c3e"
2025-01-28 23:35:38,610 INFO c.h.h.t.HelmChartContainer - [hivemq-test-hivemq-platform] [hivemq-platform-operator] [e1373b83] 23:35:38.609 [ReconcilerExecutor-hivemq-controller-65] INFO  c.h.p.o.h.HiveMQPlatformReconcilerBaseHandler - [helmvolu] HiveMQ Platform is starting, 0 of 2 replicas are ready
2025-01-28 23:35:38,614 INFO c.h.h.t.HelmChartContainer - [hivemq-test-hivemq-platform] [hivemq-platform-operator] [e1373b83] 23:35:38.613 [pool-6-thread-22] DEBUG c.h.p.o.d.PlatformServiceResource - [helmvolu] Desired Platform services (3 services)
2025-01-28 23:35:38,616 INFO c.h.h.t.HelmChartContainer - [hivemq-test-hivemq-platform] [hivemq-platform-operator] [e1373b83] 23:35:38.614 [pool-6-thread-23] DEBUG c.h.p.o.dependants.PodInfoConfigMap - [helmvolu] Desired PodInfo ConfigMap (1 extensions) (1 enabled)
2025-01-28 23:35:38,617 INFO c.h.h.t.HelmChartContainer - [hivemq-test-hivemq-platform] [hivemq-platform-operator] [e1373b83] 23:35:38.614 [pool-6-thread-23] DEBUG c.h.p.o.dependants.PodInfoConfigMap - [helmvolu] Desired PodInfo ConfigMap (metrics port: 9399) (metrics path: /)
2025-01-28 23:35:38,617 INFO c.h.h.t.HelmChartContainer - [hivemq-test-hivemq-platform] [hivemq-platform-operator] [e1373b83] 23:35:38.614 [pool-6-thread-23] DEBUG c.h.p.o.dependants.PodInfoConfigMap - [helmvolu] Desired PodInfo ConfigMap (extension state hash: -1817474005)
2025-01-28 23:35:38,626 INFO c.h.h.t.HelmChartContainer - [hivemq-test-hivemq-platform] [hivemq-platform-operator] [e1373b83] 23:35:38.624 [pool-6-thread-27] DEBUG c.h.p.o.d.PodServiceAccountResource - [helmvolu] Desired PodServiceAccountResource (serviceAccountName: hivemq-platform-pod-test-hivemq-platform)
2025-01-28 23:35:38,716 INFO c.h.h.t.HelmChartContainer - [hivemq-test-hivemq-platform] [hivemq-platform-operator] [e1373b83] 23:35:38.715 [pool-6-thread-30] DEBUG c.h.p.o.d.StatefulSetResource - [helmvolu] Desired StatefulSet (2 replicas) for status STARTING (READY)
2025-01-28 23:35:38,725 INFO c.h.h.t.HelmChartContainer - [hivemq-test-hivemq-platform] [hivemq-platform-operator] [e1373b83] 23:35:38.724 [ReconcilerExecutor-hivemq-controller-76] INFO  c.h.p.o.HiveMQPlatformReconciler - [helmvolu] Reconciling HiveMQ Platform 'test-hivemq-platform' in namespace 'helmvolumeclaimtemplatesit'
2025-01-28 23:35:38,725 INFO c.h.h.t.HelmChartContainer - [hivemq-test-hivemq-platform] [hivemq-platform-operator] [e1373b83] 23:35:38.724 [ReconcilerExecutor-hivemq-controller-76] DEBUG c.h.p.o.HiveMQPlatformReconciler - [helmvolu] Custom Resource Status STARTING - HiveMQ Platform is starting (READY)
2025-01-28 23:35:38,726 INFO c.h.h.t.HelmChartContainer - [hivemq-test-hivemq-platform] [hivemq-platform-operator] [e1373b83] 23:35:38.724 [ReconcilerExecutor-hivemq-controller-76] DEBUG c.h.p.o.HiveMQPlatformReconciler - [helmvolu] Custom Resource Spec (replicas: 2) (extensions: 1)
2025-01-28 23:35:38,728 INFO c.h.h.t.HelmChartContainer - [hivemq-test-hivemq-platform] [hivemq-platform-operator] [e1373b83] 23:35:38.727 [ReconcilerExecutor-hivemq-controller-76] DEBUG c.h.p.o.HiveMQPlatformReconciler - [helmvolu] StatefulSet Status (revision: test-hivemq-platform-6c7bb94cbd, replicas: 1, available: 0, ready: 0, current: 1, updated: 1)
2025-01-28 23:35:38,728 INFO c.h.h.t.HelmChartContainer - [hivemq-test-hivemq-platform] [hivemq-platform-operator] [e1373b83] 23:35:38.727 [ReconcilerExecutor-hivemq-controller-76] DEBUG c.h.p.o.HiveMQPlatformReconciler - [helmvolu] StatefulSet Spec (replicas: 2, init containers: 1, containers: 1, volumes: 4)
2025-01-28 23:35:38,729 INFO c.h.h.t.HelmChartContainer - [hivemq-test-hivemq-platform] [hivemq-platform-operator] [e1373b83] 23:35:38.728 [ReconcilerExecutor-hivemq-controller-76] DEBUG c.h.p.o.h.HiveMQPlatformReconcilerErrorHandler - [helmvolu] Pod 'test-hivemq-platform-0' phase Pending
2025-01-28 23:35:38,730 INFO c.h.h.t.HelmChartContainer - [hivemq-test-hivemq-platform] [hivemq-platform-operator] [e1373b83] 23:35:38.729 [ReconcilerExecutor-hivemq-controller-76] INFO  c.h.p.o.h.HiveMQPlatformReconcilerBaseHandler - [helmvolu] HiveMQ Platform is starting, 0 of 2 replicas are ready
2025-01-28 23:35:40,239 INFO c.h.h.t.HelmChartContainer - [POD] helper-pod-create-pvc-66d5472b-0907-4972-ac5c-69f14a653c3e [9e1ee5c9-681c-4c4e-9a90-1f249228b1cd] in kube-system was MODIFIED
2025-01-28 23:35:41,332 INFO c.h.h.t.HelmChartContainer - [POD] helper-pod-create-pvc-66d5472b-0907-4972-ac5c-69f14a653c3e [9e1ee5c9-681c-4c4e-9a90-1f249228b1cd] in kube-system was MODIFIED
2025-01-28 23:35:41,412 INFO c.h.h.t.HelmChartContainer - [K3S] [reconciler_common.go:162] "operationExecutor.UnmountVolume started for volume \"kube-api-access-8pkrt\" (UniqueName: \"kubernetes.io/projected/9e1ee5c9-681c-4c4e-9a90-1f249228b1cd-kube-api-access-8pkrt\") pod \"9e1ee5c9-681c-4c4e-9a90-1f249228b1cd\" (UID: \"9e1ee5c9-681c-4c4e-9a90-1f249228b1cd\") "
2025-01-28 23:35:41,412 INFO c.h.h.t.HelmChartContainer - [K3S] [reconciler_common.go:162] "operationExecutor.UnmountVolume started for volume \"script\" (UniqueName: \"kubernetes.io/configmap/9e1ee5c9-681c-4c4e-9a90-1f249228b1cd-script\") pod \"9e1ee5c9-681c-4c4e-9a90-1f249228b1cd\" (UID: \"9e1ee5c9-681c-4c4e-9a90-1f249228b1cd\") "
2025-01-28 23:35:41,412 INFO c.h.h.t.HelmChartContainer - [K3S] [reconciler_common.go:162] "operationExecutor.UnmountVolume started for volume \"data\" (UniqueName: \"kubernetes.io/host-path/9e1ee5c9-681c-4c4e-9a90-1f249228b1cd-data\") pod \"9e1ee5c9-681c-4c4e-9a90-1f249228b1cd\" (UID: \"9e1ee5c9-681c-4c4e-9a90-1f249228b1cd\") "
2025-01-28 23:35:41,512 INFO c.h.h.t.HelmChartContainer - [K3S] [reconciler_common.go:299] "Volume detached for volume \"data\" (UniqueName: \"kubernetes.io/host-path/9e1ee5c9-681c-4c4e-9a90-1f249228b1cd-data\") on node \"e2cd8e671f95\" DevicePath \"\""
2025-01-28 23:35:41,513 INFO c.h.h.t.HelmChartContainer - [K3S] [reconciler_common.go:299] "Volume detached for volume \"kube-api-access-8pkrt\" (UniqueName: \"kubernetes.io/projected/9e1ee5c9-681c-4c4e-9a90-1f249228b1cd-kube-api-access-8pkrt\") on node \"e2cd8e671f95\" DevicePath \"\""
2025-01-28 23:35:41,513 INFO c.h.h.t.HelmChartContainer - [K3S] [reconciler_common.go:299] "Volume detached for volume \"script\" (UniqueName: \"kubernetes.io/configmap/9e1ee5c9-681c-4c4e-9a90-1f249228b1cd-script\") on node \"e2cd8e671f95\" DevicePath \"\""
2025-01-28 23:35:41,555 INFO c.h.h.t.HelmChartContainer - [POD] helper-pod-create-pvc-66d5472b-0907-4972-ac5c-69f14a653c3e [9e1ee5c9-681c-4c4e-9a90-1f249228b1cd] in kube-system was MODIFIED
2025-01-28 23:35:41,562 INFO c.h.h.t.HelmChartContainer - [POD] helper-pod-create-pvc-66d5472b-0907-4972-ac5c-69f14a653c3e [9e1ee5c9-681c-4c4e-9a90-1f249228b1cd] in kube-system was DELETED
2025-01-28 23:35:41,569 INFO c.h.h.t.HelmChartContainer - [EVENT] Normal [ProvisioningSucceeded] Successfully provisioned volume pvc-66d5472b-0907-4972-ac5c-69f14a653c3e [helmvolumeclaimtemplatesit:hivemq-pvc-data-test-hivemq-platform-0]
2025-01-28 23:35:41,940 INFO c.h.h.t.HelmChartContainer - [K3S] [kubelet_volumes.go:163] "Cleaned up orphaned pod volumes dir" podUID="9e1ee5c9-681c-4c4e-9a90-1f249228b1cd" path="/var/lib/kubelet/pods/9e1ee5c9-681c-4c4e-9a90-1f249228b1cd/volumes"
2025-01-28 23:35:42,236 INFO c.h.h.t.HelmChartContainer - [K3S] [scope.go:117] "RemoveContainer" containerID="92a554932f1f71e31611d961177851836be39d5bfadd0baad2eead9cc0465b21"
2025-01-28 23:35:42,444 INFO c.h.h.t.HelmChartContainer - [K3S] [memory_manager.go:355] "RemoveStaleState removing state" podUID="9e1ee5c9-681c-4c4e-9a90-1f249228b1cd" containerName="helper-pod"
2025-01-28 23:35:42,447 INFO c.h.h.t.HelmChartContainer - [EVENT] Normal [Scheduled] Successfully assigned helmvolumeclaimtemplatesit/test-hivemq-platform-0 to e2cd8e671f95 [helmvolumeclaimtemplatesit:test-hivemq-platform-0]
2025-01-28 23:35:42,450 INFO c.h.h.t.HelmChartContainer - [POD] test-hivemq-platform-0 [919bc9c6-9939-4335-ac2e-c10b74cb3724] in helmvolumeclaimtemplatesit was MODIFIED
2025-01-28 23:35:42,461 INFO c.h.h.t.HelmChartContainer - [POD] test-hivemq-platform-0 [919bc9c6-9939-4335-ac2e-c10b74cb3724] in helmvolumeclaimtemplatesit was MODIFIED
2025-01-28 23:35:42,467 INFO c.h.h.t.HelmChartContainer - [hivemq-test-hivemq-platform] [hivemq-platform-operator] [e1373b83] 23:35:42.462 [pool-6-thread-32] DEBUG c.h.p.o.d.PlatformServiceResource - [helmvolu] Desired Platform services (3 services)
2025-01-28 23:35:42,468 INFO c.h.h.t.HelmChartContainer - [hivemq-test-hivemq-platform] [hivemq-platform-operator] [e1373b83] 23:35:42.463 [pool-6-thread-33] DEBUG c.h.p.o.dependants.PodInfoConfigMap - [helmvolu] Desired PodInfo ConfigMap (1 extensions) (1 enabled)
2025-01-28 23:35:42,468 INFO c.h.h.t.HelmChartContainer - [hivemq-test-hivemq-platform] [hivemq-platform-operator] [e1373b83] 23:35:42.464 [pool-6-thread-33] DEBUG c.h.p.o.dependants.PodInfoConfigMap - [helmvolu] Desired PodInfo ConfigMap (metrics port: 9399) (metrics path: /)
2025-01-28 23:35:42,469 INFO c.h.h.t.HelmChartContainer - [hivemq-test-hivemq-platform] [hivemq-platform-operator] [e1373b83] 23:35:42.464 [pool-6-thread-33] DEBUG c.h.p.o.dependants.PodInfoConfigMap - [helmvolu] Desired PodInfo ConfigMap (extension state hash: -1817474005)
2025-01-28 23:35:42,469 INFO c.h.h.t.HelmChartContainer - [hivemq-test-hivemq-platform] [hivemq-platform-operator] [e1373b83] 23:35:42.467 [pool-6-thread-37] DEBUG c.h.p.o.d.PodServiceAccountResource - [helmvolu] Desired PodServiceAccountResource (serviceAccountName: hivemq-platform-pod-test-hivemq-platform)
2025-01-28 23:35:42,516 INFO c.h.h.t.HelmChartContainer - [K3S] [reconciler_common.go:251] "operationExecutor.VerifyControllerAttachedVolume started for volume \"pvc-66d5472b-0907-4972-ac5c-69f14a653c3e\" (UniqueName: \"kubernetes.io/local-volume/pvc-66d5472b-0907-4972-ac5c-69f14a653c3e\") pod \"test-hivemq-platform-0\" (UID: \"919bc9c6-9939-4335-ac2e-c10b74cb3724\") " pod="helmvolumeclaimtemplatesit/test-hivemq-platform-0"
2025-01-28 23:35:42,516 INFO c.h.h.t.HelmChartContainer - [K3S] [reconciler_common.go:251] "operationExecutor.VerifyControllerAttachedVolume started for volume \"operator-init\" (UniqueName: \"kubernetes.io/empty-dir/919bc9c6-9939-4335-ac2e-c10b74cb3724-operator-init\") pod \"test-hivemq-platform-0\" (UID: \"919bc9c6-9939-4335-ac2e-c10b74cb3724\") " pod="helmvolumeclaimtemplatesit/test-hivemq-platform-0"
2025-01-28 23:35:42,517 INFO c.h.h.t.HelmChartContainer - [K3S] [reconciler_common.go:251] "operationExecutor.VerifyControllerAttachedVolume started for volume \"kube-api-access-z58wr\" (UniqueName: \"kubernetes.io/projected/919bc9c6-9939-4335-ac2e-c10b74cb3724-kube-api-access-z58wr\") pod \"test-hivemq-platform-0\" (UID: \"919bc9c6-9939-4335-ac2e-c10b74cb3724\") " pod="helmvolumeclaimtemplatesit/test-hivemq-platform-0"
2025-01-28 23:35:42,517 INFO c.h.h.t.HelmChartContainer - [K3S] [reconciler_common.go:251] "operationExecutor.VerifyControllerAttachedVolume started for volume \"pod-info\" (UniqueName: \"kubernetes.io/configmap/919bc9c6-9939-4335-ac2e-c10b74cb3724-pod-info\") pod \"test-hivemq-platform-0\" (UID: \"919bc9c6-9939-4335-ac2e-c10b74cb3724\") " pod="helmvolumeclaimtemplatesit/test-hivemq-platform-0"
2025-01-28 23:35:42,517 INFO c.h.h.t.HelmChartContainer - [K3S] [reconciler_common.go:251] "operationExecutor.VerifyControllerAttachedVolume started for volume \"broker-configuration\" (UniqueName: \"kubernetes.io/configmap/919bc9c6-9939-4335-ac2e-c10b74cb3724-broker-configuration\") pod \"test-hivemq-platform-0\" (UID: \"919bc9c6-9939-4335-ac2e-c10b74cb3724\") " pod="helmvolumeclaimtemplatesit/test-hivemq-platform-0"
2025-01-28 23:35:42,527 INFO c.h.h.t.HelmChartContainer - [hivemq-test-hivemq-platform] [hivemq-platform-operator] [e1373b83] 23:35:42.526 [pool-6-thread-40] DEBUG c.h.p.o.d.StatefulSetResource - [helmvolu] Desired StatefulSet (2 replicas) for status STARTING (READY)
2025-01-28 23:35:42,534 INFO c.h.h.t.HelmChartContainer - [hivemq-test-hivemq-platform] [hivemq-platform-operator] [e1373b83] 23:35:42.532 [ReconcilerExecutor-hivemq-controller-87] INFO  c.h.p.o.HiveMQPlatformReconciler - [helmvolu] Reconciling HiveMQ Platform 'test-hivemq-platform' in namespace 'helmvolumeclaimtemplatesit'
2025-01-28 23:35:42,534 INFO c.h.h.t.HelmChartContainer - [hivemq-test-hivemq-platform] [hivemq-platform-operator] [e1373b83] 23:35:42.532 [ReconcilerExecutor-hivemq-controller-87] DEBUG c.h.p.o.HiveMQPlatformReconciler - [helmvolu] Custom Resource Status STARTING - HiveMQ Platform is starting (READY)
2025-01-28 23:35:42,534 INFO c.h.h.t.HelmChartContainer - [hivemq-test-hivemq-platform] [hivemq-platform-operator] [e1373b83] 23:35:42.532 [ReconcilerExecutor-hivemq-controller-87] DEBUG c.h.p.o.HiveMQPlatformReconciler - [helmvolu] Custom Resource Spec (replicas: 2) (extensions: 1)
2025-01-28 23:35:42,536 INFO c.h.h.t.HelmChartContainer - [hivemq-test-hivemq-platform] [hivemq-platform-operator] [e1373b83] 23:35:42.535 [ReconcilerExecutor-hivemq-controller-87] DEBUG c.h.p.o.HiveMQPlatformReconciler - [helmvolu] StatefulSet Status (revision: test-hivemq-platform-6c7bb94cbd, replicas: 1, available: 0, ready: 0, current: 1, updated: 1)
2025-01-28 23:35:42,537 INFO c.h.h.t.HelmChartContainer - [hivemq-test-hivemq-platform] [hivemq-platform-operator] [e1373b83] 23:35:42.535 [ReconcilerExecutor-hivemq-controller-87] DEBUG c.h.p.o.HiveMQPlatformReconciler - [helmvolu] StatefulSet Spec (replicas: 2, init containers: 1, containers: 1, volumes: 4)
2025-01-28 23:35:42,625 INFO c.h.h.t.HelmChartContainer - [hivemq-test-hivemq-platform] [hivemq-platform-operator] [e1373b83] 23:35:42.624 [ReconcilerExecutor-hivemq-controller-87] DEBUG c.h.p.o.h.HiveMQPlatformReconcilerErrorHandler - [helmvolu] Pod 'test-hivemq-platform-0' phase Pending
2025-01-28 23:35:42,626 INFO c.h.h.t.HelmChartContainer - [hivemq-test-hivemq-platform] [hivemq-platform-operator] [e1373b83] 23:35:42.625 [ReconcilerExecutor-hivemq-controller-87] DEBUG c.h.p.o.h.HiveMQPlatformReconcilerErrorHandler - [helmvolu] Pod 'test-hivemq-platform-0' condition 'PodReadyToStartContainers': False
2025-01-28 23:35:42,626 INFO c.h.h.t.HelmChartContainer - [hivemq-test-hivemq-platform] [hivemq-platform-operator] [e1373b83] 23:35:42.625 [ReconcilerExecutor-hivemq-controller-87] DEBUG c.h.p.o.h.HiveMQPlatformReconcilerErrorHandler - [helmvolu] Pod 'test-hivemq-platform-0' condition 'Initialized': False
2025-01-28 23:35:42,627 INFO c.h.h.t.HelmChartContainer - [hivemq-test-hivemq-platform] [hivemq-platform-operator] [e1373b83] 23:35:42.625 [ReconcilerExecutor-hivemq-controller-87] DEBUG c.h.p.o.h.HiveMQPlatformReconcilerErrorHandler - [helmvolu] Pod 'test-hivemq-platform-0' condition 'Ready': False
2025-01-28 23:35:42,628 INFO c.h.h.t.HelmChartContainer - [hivemq-test-hivemq-platform] [hivemq-platform-operator] [e1373b83] 23:35:42.626 [ReconcilerExecutor-hivemq-controller-87] DEBUG c.h.p.o.h.HiveMQPlatformReconcilerErrorHandler - [helmvolu] Pod 'test-hivemq-platform-0' condition 'ContainersReady': False
2025-01-28 23:35:42,628 INFO c.h.h.t.HelmChartContainer - [hivemq-test-hivemq-platform] [hivemq-platform-operator] [e1373b83] 23:35:42.626 [ReconcilerExecutor-hivemq-controller-87] DEBUG c.h.p.o.h.HiveMQPlatformReconcilerErrorHandler - [helmvolu] Pod 'test-hivemq-platform-0' condition 'PodScheduled': True
2025-01-28 23:35:42,628 INFO c.h.h.t.HelmChartContainer - [hivemq-test-hivemq-platform] [hivemq-platform-operator] [e1373b83] 23:35:42.626 [ReconcilerExecutor-hivemq-controller-87] DEBUG c.h.p.o.h.HiveMQPlatformReconcilerErrorHandler - [helmvolu] Pod 'test-hivemq-platform-0' containerStatus 'hivemq' (started: false) (ready: false) (waiting: [PodInitializing] null)
2025-01-28 23:35:42,629 INFO c.h.h.t.HelmChartContainer - [hivemq-test-hivemq-platform] [hivemq-platform-operator] [e1373b83] 23:35:42.628 [ReconcilerExecutor-hivemq-controller-87] INFO  c.h.p.o.h.HiveMQPlatformReconcilerBaseHandler - [helmvolu] HiveMQ Platform is starting, 0 of 2 replicas are ready
2025-01-28 23:35:42,636 INFO c.h.h.t.HelmChartContainer - [hivemq-test-hivemq-platform] [hivemq-platform-operator] [e1373b83] 23:35:42.635 [pool-6-thread-42] DEBUG c.h.p.o.d.PlatformServiceResource - [helmvolu] Desired Platform services (3 services)
2025-01-28 23:35:42,638 INFO c.h.h.t.HelmChartContainer - [hivemq-test-hivemq-platform] [hivemq-platform-operator] [e1373b83] 23:35:42.636 [pool-6-thread-43] DEBUG c.h.p.o.dependants.PodInfoConfigMap - [helmvolu] Desired PodInfo ConfigMap (1 extensions) (1 enabled)
2025-01-28 23:35:42,638 INFO c.h.h.t.HelmChartContainer - [hivemq-test-hivemq-platform] [hivemq-platform-operator] [e1373b83] 23:35:42.636 [pool-6-thread-43] DEBUG c.h.p.o.dependants.PodInfoConfigMap - [helmvolu] Desired PodInfo ConfigMap (metrics port: 9399) (metrics path: /)
2025-01-28 23:35:42,638 INFO c.h.h.t.HelmChartContainer - [hivemq-test-hivemq-platform] [hivemq-platform-operator] [e1373b83] 23:35:42.636 [pool-6-thread-43] DEBUG c.h.p.o.dependants.PodInfoConfigMap - [helmvolu] Desired PodInfo ConfigMap (extension state hash: -1817474005)
2025-01-28 23:35:42,640 INFO c.h.h.t.HelmChartContainer - [hivemq-test-hivemq-platform] [hivemq-platform-operator] [e1373b83] 23:35:42.639 [pool-6-thread-47] DEBUG c.h.p.o.d.PodServiceAccountResource - [helmvolu] Desired PodServiceAccountResource (serviceAccountName: hivemq-platform-pod-test-hivemq-platform)
2025-01-28 23:35:42,730 INFO c.h.h.t.HelmChartContainer - [hivemq-test-hivemq-platform] [hivemq-platform-operator] [e1373b83] 23:35:42.728 [pool-6-thread-49] DEBUG c.h.p.o.d.StatefulSetResource - [helmvolu] Desired StatefulSet (2 replicas) for status STARTING (READY)
2025-01-28 23:35:42,733 INFO c.h.h.t.HelmChartContainer - [hivemq-test-hivemq-platform] [hivemq-platform-operator] [e1373b83] 23:35:42.732 [ReconcilerExecutor-hivemq-controller-98] INFO  c.h.p.o.HiveMQPlatformReconciler - [helmvolu] Reconciling HiveMQ Platform 'test-hivemq-platform' in namespace 'helmvolumeclaimtemplatesit'
2025-01-28 23:35:42,733 INFO c.h.h.t.HelmChartContainer - [hivemq-test-hivemq-platform] [hivemq-platform-operator] [e1373b83] 23:35:42.732 [ReconcilerExecutor-hivemq-controller-98] DEBUG c.h.p.o.HiveMQPlatformReconciler - [helmvolu] Custom Resource Status STARTING - HiveMQ Platform is starting (READY)
2025-01-28 23:35:42,734 INFO c.h.h.t.HelmChartContainer - [hivemq-test-hivemq-platform] [hivemq-platform-operator] [e1373b83] 23:35:42.733 [ReconcilerExecutor-hivemq-controller-98] DEBUG c.h.p.o.HiveMQPlatformReconciler - [helmvolu] Custom Resource Spec (replicas: 2) (extensions: 1)
2025-01-28 23:35:42,737 INFO c.h.h.t.HelmChartContainer - [hivemq-test-hivemq-platform] [hivemq-platform-operator] [e1373b83] 23:35:42.736 [ReconcilerExecutor-hivemq-controller-98] DEBUG c.h.p.o.HiveMQPlatformReconciler - [helmvolu] StatefulSet Status (revision: test-hivemq-platform-6c7bb94cbd, replicas: 1, available: 0, ready: 0, current: 1, updated: 1)
2025-01-28 23:35:42,738 INFO c.h.h.t.HelmChartContainer - [hivemq-test-hivemq-platform] [hivemq-platform-operator] [e1373b83] 23:35:42.736 [ReconcilerExecutor-hivemq-controller-98] DEBUG c.h.p.o.HiveMQPlatformReconciler - [helmvolu] StatefulSet Spec (replicas: 2, init containers: 1, containers: 1, volumes: 4)
2025-01-28 23:35:42,739 INFO c.h.h.t.HelmChartContainer - [hivemq-test-hivemq-platform] [hivemq-platform-operator] [e1373b83] 23:35:42.738 [ReconcilerExecutor-hivemq-controller-98] DEBUG c.h.p.o.h.HiveMQPlatformReconcilerErrorHandler - [helmvolu] Pod 'test-hivemq-platform-0' phase Pending
2025-01-28 23:35:42,741 INFO c.h.h.t.HelmChartContainer - [hivemq-test-hivemq-platform] [hivemq-platform-operator] [e1373b83] 23:35:42.739 [ReconcilerExecutor-hivemq-controller-98] DEBUG c.h.p.o.h.HiveMQPlatformReconcilerErrorHandler - [helmvolu] Pod 'test-hivemq-platform-0' condition 'PodReadyToStartContainers': False
2025-01-28 23:35:42,741 INFO c.h.h.t.HelmChartContainer - [hivemq-test-hivemq-platform] [hivemq-platform-operator] [e1373b83] 23:35:42.739 [ReconcilerExecutor-hivemq-controller-98] DEBUG c.h.p.o.h.HiveMQPlatformReconcilerErrorHandler - [helmvolu] Pod 'test-hivemq-platform-0' condition 'Initialized': False
2025-01-28 23:35:42,741 INFO c.h.h.t.HelmChartContainer - [hivemq-test-hivemq-platform] [hivemq-platform-operator] [e1373b83] 23:35:42.739 [ReconcilerExecutor-hivemq-controller-98] DEBUG c.h.p.o.h.HiveMQPlatformReconcilerErrorHandler - [helmvolu] Pod 'test-hivemq-platform-0' condition 'Ready': False
2025-01-28 23:35:42,741 INFO c.h.h.t.HelmChartContainer - [hivemq-test-hivemq-platform] [hivemq-platform-operator] [e1373b83] 23:35:42.739 [ReconcilerExecutor-hivemq-controller-98] DEBUG c.h.p.o.h.HiveMQPlatformReconcilerErrorHandler - [helmvolu] Pod 'test-hivemq-platform-0' condition 'ContainersReady': False
2025-01-28 23:35:42,741 INFO c.h.h.t.HelmChartContainer - [hivemq-test-hivemq-platform] [hivemq-platform-operator] [e1373b83] 23:35:42.739 [ReconcilerExecutor-hivemq-controller-98] DEBUG c.h.p.o.h.HiveMQPlatformReconcilerErrorHandler - [helmvolu] Pod 'test-hivemq-platform-0' condition 'PodScheduled': True
2025-01-28 23:35:42,741 INFO c.h.h.t.HelmChartContainer - [hivemq-test-hivemq-platform] [hivemq-platform-operator] [e1373b83] 23:35:42.739 [ReconcilerExecutor-hivemq-controller-98] DEBUG c.h.p.o.h.HiveMQPlatformReconcilerErrorHandler - [helmvolu] Pod 'test-hivemq-platform-0' containerStatus 'hivemq' (started: false) (ready: false) (waiting: [PodInitializing] null)
2025-01-28 23:35:42,742 INFO c.h.h.t.HelmChartContainer - [hivemq-test-hivemq-platform] [hivemq-platform-operator] [e1373b83] 23:35:42.740 [ReconcilerExecutor-hivemq-controller-98] INFO  c.h.p.o.h.HiveMQPlatformReconcilerBaseHandler - [helmvolu] HiveMQ Platform is starting, 0 of 2 replicas are ready
2025-01-28 23:35:42,833 INFO c.h.h.t.HelmChartContainer - [EVENT] Normal [Pulled] Container image "docker.io/hivemq/hivemq-platform-operator-init-test:snapshot" already present on machine [helmvolumeclaimtemplatesit:test-hivemq-platform-0]
2025-01-28 23:35:42,966 INFO c.h.h.t.HelmChartContainer - [EVENT] Normal [Created] Created container: hivemq-platform-operator-init [helmvolumeclaimtemplatesit:test-hivemq-platform-0]
2025-01-28 23:35:43,004 INFO c.h.h.t.HelmChartContainer - [EVENT] Normal [Started] Started container hivemq-platform-operator-init [helmvolumeclaimtemplatesit:test-hivemq-platform-0]
2025-01-28 23:35:43,243 INFO c.h.h.t.HelmChartContainer - [EVENT] Normal [Pulled] Container image "docker.io/hivemq/hivemq4:4.36.0" already present on machine [helmvolumeclaimtemplatesit:test-hivemq-platform-0]
2025-01-28 23:35:43,243 INFO c.h.h.t.HelmChartContainer - Received Pulled event for container hivemq in pod test-hivemq-platform-0 [919bc9c6-9939-4335-ac2e-c10b74cb3724]
2025-01-28 23:35:43,265 INFO c.h.h.t.HelmChartContainer - [POD] test-hivemq-platform-0 [919bc9c6-9939-4335-ac2e-c10b74cb3724] in helmvolumeclaimtemplatesit was MODIFIED
2025-01-28 23:35:43,272 INFO c.h.h.t.HelmChartContainer - [hivemq-test-hivemq-platform] [hivemq-platform-operator] [e1373b83] 23:35:43.261 [pool-6-thread-8] DEBUG c.h.p.o.d.PlatformServiceResource - [helmvolu] Desired Platform services (3 services)
2025-01-28 23:35:43,272 INFO c.h.h.t.HelmChartContainer - [hivemq-test-hivemq-platform] [hivemq-platform-operator] [e1373b83] 23:35:43.268 [pool-6-thread-5] DEBUG c.h.p.o.dependants.PodInfoConfigMap - [helmvolu] Desired PodInfo ConfigMap (1 extensions) (1 enabled)
2025-01-28 23:35:43,281 INFO c.h.h.t.HelmChartContainer - [hivemq-test-hivemq-platform] [hivemq-platform-operator] [e1373b83] 23:35:43.278 [pool-6-thread-5] DEBUG c.h.p.o.dependants.PodInfoConfigMap - [helmvolu] Desired PodInfo ConfigMap (metrics port: 9399) (metrics path: /)
2025-01-28 23:35:43,281 INFO c.h.h.t.HelmChartContainer - [hivemq-test-hivemq-platform] [hivemq-platform-operator] [e1373b83] 23:35:43.278 [pool-6-thread-5] DEBUG c.h.p.o.dependants.PodInfoConfigMap - [helmvolu] Desired PodInfo ConfigMap (extension state hash: -1817474005)
2025-01-28 23:35:43,281 INFO c.h.h.t.HelmChartContainer - [hivemq-test-hivemq-platform] [hivemq-platform-operator] [e1373b83] 23:35:43.273 [pool-6-thread-4] DEBUG c.h.p.o.d.PodServiceAccountResource - [helmvolu] Desired PodServiceAccountResource (serviceAccountName: hivemq-platform-pod-test-hivemq-platform)
2025-01-28 23:35:43,285 INFO c.h.h.t.HelmChartContainer - [hivemq-test-hivemq-platform] [hivemq-platform-operator] [e1373b83] 23:35:43.283 [pool-6-thread-8] DEBUG c.h.p.o.d.StatefulSetResource - [helmvolu] Desired StatefulSet (2 replicas) for status STARTING (READY)
2025-01-28 23:35:43,326 INFO c.h.h.t.HelmChartContainer - [hivemq-test-hivemq-platform] [hivemq-platform-operator] [e1373b83] 23:35:43.324 [ReconcilerExecutor-hivemq-controller-109] INFO  c.h.p.o.HiveMQPlatformReconciler - [helmvolu] Reconciling HiveMQ Platform 'test-hivemq-platform' in namespace 'helmvolumeclaimtemplatesit'
2025-01-28 23:35:43,326 INFO c.h.h.t.HelmChartContainer - [hivemq-test-hivemq-platform] [hivemq-platform-operator] [e1373b83] 23:35:43.324 [ReconcilerExecutor-hivemq-controller-109] DEBUG c.h.p.o.HiveMQPlatformReconciler - [helmvolu] Custom Resource Status STARTING - HiveMQ Platform is starting (READY)
2025-01-28 23:35:43,326 INFO c.h.h.t.HelmChartContainer - [hivemq-test-hivemq-platform] [hivemq-platform-operator] [e1373b83] 23:35:43.324 [ReconcilerExecutor-hivemq-controller-109] DEBUG c.h.p.o.HiveMQPlatformReconciler - [helmvolu] Custom Resource Spec (replicas: 2) (extensions: 1)
2025-01-28 23:35:43,332 INFO c.h.h.t.HelmChartContainer - [hivemq-test-hivemq-platform] [hivemq-platform-operator] [e1373b83] 23:35:43.328 [ReconcilerExecutor-hivemq-controller-109] DEBUG c.h.p.o.HiveMQPlatformReconciler - [helmvolu] StatefulSet Status (revision: test-hivemq-platform-6c7bb94cbd, replicas: 1, available: 0, ready: 0, current: 1, updated: 1)
2025-01-28 23:35:43,332 INFO c.h.h.t.HelmChartContainer - [hivemq-test-hivemq-platform] [hivemq-platform-operator] [e1373b83] 23:35:43.328 [ReconcilerExecutor-hivemq-controller-109] DEBUG c.h.p.o.HiveMQPlatformReconciler - [helmvolu] StatefulSet Spec (replicas: 2, init containers: 1, containers: 1, volumes: 4)
2025-01-28 23:35:43,340 INFO c.h.h.t.HelmChartContainer - [hivemq-test-hivemq-platform] [hivemq-platform-operator] [e1373b83] 23:35:43.339 [ReconcilerExecutor-hivemq-controller-109] DEBUG c.h.p.o.h.HiveMQPlatformReconcilerErrorHandler - [helmvolu] Pod 'test-hivemq-platform-0' phase Pending
2025-01-28 23:35:43,342 INFO c.h.h.t.HelmChartContainer - [hivemq-test-hivemq-platform] [hivemq-platform-operator] [e1373b83] 23:35:43.340 [ReconcilerExecutor-hivemq-controller-109] DEBUG c.h.p.o.h.HiveMQPlatformReconcilerErrorHandler - [helmvolu] Pod 'test-hivemq-platform-0' condition 'PodReadyToStartContainers': True
2025-01-28 23:35:43,344 INFO c.h.h.t.HelmChartContainer - [hivemq-test-hivemq-platform] [hivemq-platform-operator] [e1373b83] 23:35:43.340 [ReconcilerExecutor-hivemq-controller-109] DEBUG c.h.p.o.h.HiveMQPlatformReconcilerErrorHandler - [helmvolu] Pod 'test-hivemq-platform-0' condition 'Initialized': True
2025-01-28 23:35:43,344 INFO c.h.h.t.HelmChartContainer - [hivemq-test-hivemq-platform] [hivemq-platform-operator] [e1373b83] 23:35:43.340 [ReconcilerExecutor-hivemq-controller-109] DEBUG c.h.p.o.h.HiveMQPlatformReconcilerErrorHandler - [helmvolu] Pod 'test-hivemq-platform-0' condition 'Ready': False
2025-01-28 23:35:43,344 INFO c.h.h.t.HelmChartContainer - [hivemq-test-hivemq-platform] [hivemq-platform-operator] [e1373b83] 23:35:43.340 [ReconcilerExecutor-hivemq-controller-109] DEBUG c.h.p.o.h.HiveMQPlatformReconcilerErrorHandler - [helmvolu] Pod 'test-hivemq-platform-0' condition 'ContainersReady': False
2025-01-28 23:35:43,344 INFO c.h.h.t.HelmChartContainer - [hivemq-test-hivemq-platform] [hivemq-platform-operator] [e1373b83] 23:35:43.340 [ReconcilerExecutor-hivemq-controller-109] DEBUG c.h.p.o.h.HiveMQPlatformReconcilerErrorHandler - [helmvolu] Pod 'test-hivemq-platform-0' condition 'PodScheduled': True
2025-01-28 23:35:43,344 INFO c.h.h.t.HelmChartContainer - [hivemq-test-hivemq-platform] [hivemq-platform-operator] [e1373b83] 23:35:43.340 [ReconcilerExecutor-hivemq-controller-109] DEBUG c.h.p.o.h.HiveMQPlatformReconcilerErrorHandler - [helmvolu] Pod 'test-hivemq-platform-0' containerStatus 'hivemq' (started: false) (ready: false) (waiting: [PodInitializing] null)
2025-01-28 23:35:43,344 INFO c.h.h.t.HelmChartContainer - [hivemq-test-hivemq-platform] [hivemq-platform-operator] [e1373b83] 23:35:43.341 [ReconcilerExecutor-hivemq-controller-109] INFO  c.h.p.o.h.HiveMQPlatformReconcilerBaseHandler - [helmvolu] HiveMQ Platform is starting, 0 of 2 replicas are ready
2025-01-28 23:35:44,689 INFO c.h.h.t.HelmChartContainer - [EVENT] Normal [Created] Created container: hivemq [helmvolumeclaimtemplatesit:test-hivemq-platform-0]
2025-01-28 23:35:44,689 INFO c.h.h.t.HelmChartContainer - Received Created event for container hivemq in pod test-hivemq-platform-0 [919bc9c6-9939-4335-ac2e-c10b74cb3724]
2025-01-28 23:35:45,256 INFO c.h.h.t.HelmChartContainer - [POD] test-hivemq-platform-0 [919bc9c6-9939-4335-ac2e-c10b74cb3724] in helmvolumeclaimtemplatesit was MODIFIED
2025-01-28 23:35:45,264 INFO c.h.h.t.HelmChartContainer - [EVENT] Normal [Started] Started container hivemq [helmvolumeclaimtemplatesit:test-hivemq-platform-0]
2025-01-28 23:35:45,264 INFO c.h.h.t.HelmChartContainer - Received Started event for container hivemq in pod test-hivemq-platform-0 [919bc9c6-9939-4335-ac2e-c10b74cb3724]
2025-01-28 23:35:45,264 INFO c.h.h.t.HelmChartContainer - Started log watcher for hivemq in pod test-hivemq-platform-0 [919bc9c6-9939-4335-ac2e-c10b74cb3724]
2025-01-28 23:35:45,267 INFO c.h.h.t.HelmChartContainer - [test-hivemq-platform] [hivemq] [919bc9c6] Adding pre-installed HiveMQ Platform Operator extensions
2025-01-28 23:35:45,267 INFO c.h.h.t.HelmChartContainer - [test-hivemq-platform] [hivemq] [919bc9c6] Running as user 10000
2025-01-28 23:35:45,267 INFO c.h.h.t.HelmChartContainer - [test-hivemq-platform] [hivemq] [919bc9c6] Starting HiveMQ Platform Operator Init
2025-01-28 23:35:45,267 INFO c.h.h.t.HelmChartContainer - [hivemq-test-hivemq-platform] [hivemq-platform-operator] [e1373b83] 23:35:45.263 [pool-6-thread-15] DEBUG c.h.p.o.d.PlatformServiceResource - [helmvolu] Desired Platform services (3 services)
2025-01-28 23:35:45,267 INFO c.h.h.t.HelmChartContainer - [hivemq-test-hivemq-platform] [hivemq-platform-operator] [e1373b83] 23:35:45.264 [pool-6-thread-16] DEBUG c.h.p.o.dependants.PodInfoConfigMap - [helmvolu] Desired PodInfo ConfigMap (1 extensions) (1 enabled)
2025-01-28 23:35:45,267 INFO c.h.h.t.HelmChartContainer - [hivemq-test-hivemq-platform] [hivemq-platform-operator] [e1373b83] 23:35:45.264 [pool-6-thread-16] DEBUG c.h.p.o.dependants.PodInfoConfigMap - [helmvolu] Desired PodInfo ConfigMap (metrics port: 9399) (metrics path: /)
2025-01-28 23:35:45,267 INFO c.h.h.t.HelmChartContainer - [hivemq-test-hivemq-platform] [hivemq-platform-operator] [e1373b83] 23:35:45.264 [pool-6-thread-16] DEBUG c.h.p.o.dependants.PodInfoConfigMap - [helmvolu] Desired PodInfo ConfigMap (extension state hash: -1817474005)
2025-01-28 23:35:45,271 INFO c.h.h.t.HelmChartContainer - [hivemq-test-hivemq-platform] [hivemq-platform-operator] [e1373b83] 23:35:45.269 [pool-6-thread-19] DEBUG c.h.p.o.d.PodServiceAccountResource - [helmvolu] Desired PodServiceAccountResource (serviceAccountName: hivemq-platform-pod-test-hivemq-platform)
2025-01-28 23:35:45,275 INFO c.h.h.t.HelmChartContainer - [hivemq-test-hivemq-platform] [hivemq-platform-operator] [e1373b83] 23:35:45.274 [pool-6-thread-15] DEBUG c.h.p.o.d.StatefulSetResource - [helmvolu] Desired StatefulSet (2 replicas) for status STARTING (READY)
2025-01-28 23:35:45,280 INFO c.h.h.t.HelmChartContainer - [hivemq-test-hivemq-platform] [hivemq-platform-operator] [e1373b83] 23:35:45.279 [ReconcilerExecutor-hivemq-controller-110] INFO  c.h.p.o.HiveMQPlatformReconciler - [helmvolu] Reconciling HiveMQ Platform 'test-hivemq-platform' in namespace 'helmvolumeclaimtemplatesit'
2025-01-28 23:35:45,280 INFO c.h.h.t.HelmChartContainer - [hivemq-test-hivemq-platform] [hivemq-platform-operator] [e1373b83] 23:35:45.279 [ReconcilerExecutor-hivemq-controller-110] DEBUG c.h.p.o.HiveMQPlatformReconciler - [helmvolu] Custom Resource Status STARTING - HiveMQ Platform is starting (READY)
2025-01-28 23:35:45,280 INFO c.h.h.t.HelmChartContainer - [hivemq-test-hivemq-platform] [hivemq-platform-operator] [e1373b83] 23:35:45.279 [ReconcilerExecutor-hivemq-controller-110] DEBUG c.h.p.o.HiveMQPlatformReconciler - [helmvolu] Custom Resource Spec (replicas: 2) (extensions: 1)
2025-01-28 23:35:45,328 INFO c.h.h.t.HelmChartContainer - [hivemq-test-hivemq-platform] [hivemq-platform-operator] [e1373b83] 23:35:45.326 [ReconcilerExecutor-hivemq-controller-110] DEBUG c.h.p.o.HiveMQPlatformReconciler - [helmvolu] StatefulSet Status (revision: test-hivemq-platform-6c7bb94cbd, replicas: 1, available: 0, ready: 0, current: 1, updated: 1)
2025-01-28 23:35:45,328 INFO c.h.h.t.HelmChartContainer - [hivemq-test-hivemq-platform] [hivemq-platform-operator] [e1373b83] 23:35:45.326 [ReconcilerExecutor-hivemq-controller-110] DEBUG c.h.p.o.HiveMQPlatformReconciler - [helmvolu] StatefulSet Spec (replicas: 2, init containers: 1, containers: 1, volumes: 4)
2025-01-28 23:35:45,332 INFO c.h.h.t.HelmChartContainer - [hivemq-test-hivemq-platform] [hivemq-platform-operator] [e1373b83] 23:35:45.329 [ReconcilerExecutor-hivemq-controller-110] DEBUG c.h.p.o.h.HiveMQPlatformReconcilerErrorHandler - [helmvolu] Pod 'test-hivemq-platform-0' phase Running
2025-01-28 23:35:45,335 INFO c.h.h.t.HelmChartContainer - [hivemq-test-hivemq-platform] [hivemq-platform-operator] [e1373b83] 23:35:45.332 [ReconcilerExecutor-hivemq-controller-110] INFO  c.h.p.o.h.HiveMQPlatformReconcilerBaseHandler - [helmvolu] HiveMQ Platform is starting, 0 of 2 replicas are ready
2025-01-28 23:35:45,940 INFO c.h.h.t.HelmChartContainer - [test-hivemq-platform] [hivemq] [919bc9c6] INFO  - [HiveMQ Platform Operator Init 1.7.0-SNAPSHOT] HiveMQ Platform Operator Init 1.7.0-SNAPSHOT (commit: bebf408 on branch: HEAD) built on Sun Jan 26 20:47:47 UTC 2025
2025-01-28 23:35:47,132 INFO c.h.h.t.HelmChartContainer - [test-hivemq-platform] [hivemq] [919bc9c6] INFO  - [HiveMQ Platform Operator Init App 1.7.0-SNAPSHOT] Using bind address 10.42.0.9 from environment variable
2025-01-28 23:35:47,477 INFO c.h.h.t.HelmChartContainer - [K3S] [range_allocator.go:247] "Successfully synced" key="e2cd8e671f95"
2025-01-28 23:35:48,037 INFO c.h.h.t.HelmChartContainer - [test-hivemq-platform] [hivemq] [919bc9c6] INFO  - [HiveMQ Platform Operator Init App 1.7.0-SNAPSHOT] HiveMQ Platform Operator Init App 1.7.0-SNAPSHOT (commit: bebf408 on branch: HEAD) built on Sun Jan 26 20:47:47 UTC 2025
2025-01-28 23:35:48,037 INFO c.h.h.t.HelmChartContainer - [test-hivemq-platform] [hivemq] [919bc9c6] INFO  - [HiveMQ Platform Operator Init App 1.7.0-SNAPSHOT] PodInfo ConfigMap directory: /etc/podinfo
2025-01-28 23:35:48,037 INFO c.h.h.t.HelmChartContainer - [test-hivemq-platform] [hivemq] [919bc9c6] INFO  - [HiveMQ Platform Operator Init App 1.7.0-SNAPSHOT] HiveMQ home directory: /opt/hivemq
2025-01-28 23:35:48,037 INFO c.h.h.t.HelmChartContainer - [test-hivemq-platform] [hivemq] [919bc9c6] INFO  - [HiveMQ Platform Operator Init App 1.7.0-SNAPSHOT] HiveMQ Logback folder: /opt/hivemq/conf
2025-01-28 23:35:48,037 INFO c.h.h.t.HelmChartContainer - [test-hivemq-platform] [hivemq] [919bc9c6] INFO  - [HiveMQ Platform Operator Init App 1.7.0-SNAPSHOT] HiveMQ Config folder: /opt/hivemq/conf-k8s
2025-01-28 23:35:48,038 INFO c.h.h.t.HelmChartContainer - [test-hivemq-platform] [hivemq] [919bc9c6] INFO  - [HiveMQ Platform Operator Init App 1.7.0-SNAPSHOT] Starting HiveMQ Platform Operator Init App
2025-01-28 23:35:48,038 INFO c.h.h.t.HelmChartContainer - [test-hivemq-platform] [hivemq] [919bc9c6] INFO  - [HiveMQ Platform Operator Init App 1.7.0-SNAPSHOT] Starting Pod reconciler
2025-01-28 23:35:49,230 INFO c.h.h.t.HelmChartContainer - [test-hivemq-platform] [hivemq] [919bc9c6] INFO  - [HiveMQ Platform Operator Init App 1.7.0-SNAPSHOT] Pod reconciler is scheduled (interval: 5000 ms)
2025-01-28 23:35:49,232 INFO c.h.h.t.HelmChartContainer - [test-hivemq-platform] [hivemq] [919bc9c6] INFO  - [HiveMQ Platform Operator Init App 1.7.0-SNAPSHOT] Starting the REST API on 10.42.0.9:7979
2025-01-28 23:35:49,234 INFO c.h.h.t.HelmChartContainer - [test-hivemq-platform] [hivemq] [919bc9c6] INFO  - [HiveMQ Platform Operator Init App 1.7.0-SNAPSHOT] Waiting up to 600s for at most 2 HiveMQ nodes in cluster service hivemq-test-hivemq-platform-cluster.helmvolumeclaimtemplatesit.svc
2025-01-28 23:35:49,550 INFO c.h.h.t.HelmChartContainer - [test-hivemq-platform] [hivemq] [919bc9c6] INFO  - [HiveMQ Platform Operator Init App 1.7.0-SNAPSHOT] Resolved 1 IP addresses: [10.42.0.9]
2025-01-28 23:35:49,551 INFO c.h.h.t.HelmChartContainer - [test-hivemq-platform] [hivemq] [919bc9c6] INFO  - [HiveMQ Platform Operator Init App 1.7.0-SNAPSHOT] HiveMQ node count of 1 is within threshold of 2
2025-01-28 23:35:49,551 INFO c.h.h.t.HelmChartContainer - [test-hivemq-platform] [hivemq] [919bc9c6] INFO  - [HiveMQ Platform Operator Init App 1.7.0-SNAPSHOT] Proceeding with container start
2025-01-28 23:35:49,649 INFO c.h.h.t.HelmChartContainer - [test-hivemq-platform] [hivemq] [919bc9c6] INFO  - [HiveMQ Platform Operator Init App 1.7.0-SNAPSHOT] Initializing HiveMQ Platform extensions with initial configuration: {hivemq-allow-all-extension={start-priority=-1, skip-https-hostname-verification=false, restart=true, config-version=0, header-version=0, c-uri=, priority=-1, uri=preinstalled, skip-https-certificate-validation=false, enabled=true}, hivemq-prometheus-extension={restart=true, enabled=true, request-header-path=no-request-headers, uri=preinstalled, skip-https-certificate-validation=false, skip-https-hostname-verification=false, c-uri=, start-priority=-1, priority=-1}}
2025-01-28 23:35:50,088 INFO c.h.h.t.HelmChartContainer - [test-hivemq-platform] [hivemq] [919bc9c6] INFO  - [HiveMQ Platform Operator Init App 1.7.0-SNAPSHOT] Extension hivemq-allow-all-extension was already enabled
2025-01-28 23:35:50,137 INFO c.h.h.t.HelmChartContainer - [test-hivemq-platform] [hivemq] [919bc9c6] INFO  - [HiveMQ Platform Operator Init App 1.7.0-SNAPSHOT] Successfully enabled extension hivemq-prometheus-extension
2025-01-28 23:35:50,139 INFO c.h.h.t.HelmChartContainer - [test-hivemq-platform] [hivemq] [919bc9c6] INFO  - [HiveMQ Platform Operator Init App 1.7.0-SNAPSHOT] Starting HiveMQ Platform version 4.36.0 (4.36.0)
2025-01-28 23:35:50,139 INFO c.h.h.t.HelmChartContainer - [test-hivemq-platform] [hivemq] [919bc9c6] INFO  - [HiveMQ Platform Operator Init App 1.7.0-SNAPSHOT] Configuring the HiveMQ Platform
2025-01-28 23:35:50,231 INFO c.h.h.t.HelmChartContainer - [test-hivemq-platform] [hivemq] [919bc9c6] INFO  - [HiveMQ Platform Operator Init App 1.7.0-SNAPSHOT] Changed logback.xml file scan period to 20 seconds
2025-01-28 23:35:50,241 INFO c.h.h.t.HelmChartContainer - [test-hivemq-platform] [hivemq] [919bc9c6] INFO  - [HiveMQ Platform Operator Init App 1.7.0-SNAPSHOT] Starting the HiveMQ Platform
2025-01-28 23:35:50,289 INFO c.h.h.t.HelmChartContainer - [test-hivemq-platform] [hivemq] [919bc9c6] -------------------------------------------------------------------------
2025-01-28 23:35:50,289 INFO c.h.h.t.HelmChartContainer - [test-hivemq-platform] [hivemq] [919bc9c6] 
2025-01-28 23:35:50,289 INFO c.h.h.t.HelmChartContainer - [test-hivemq-platform] [hivemq] [919bc9c6]                   _    _  _              __  __   ____
2025-01-28 23:35:50,289 INFO c.h.h.t.HelmChartContainer - [test-hivemq-platform] [hivemq] [919bc9c6]                  | |  | |(_)            |  \/  | / __ \
2025-01-28 23:35:50,289 INFO c.h.h.t.HelmChartContainer - [test-hivemq-platform] [hivemq] [919bc9c6]                  | |__| | _ __   __ ___ | \  / || |  | |
2025-01-28 23:35:50,289 INFO c.h.h.t.HelmChartContainer - [test-hivemq-platform] [hivemq] [919bc9c6]                  |  __  || |\ \ / // _ \| |\/| || |  | |
2025-01-28 23:35:50,289 INFO c.h.h.t.HelmChartContainer - [test-hivemq-platform] [hivemq] [919bc9c6]                  | |  | || | \ V /|  __/| |  | || |__| |
2025-01-28 23:35:50,289 INFO c.h.h.t.HelmChartContainer - [test-hivemq-platform] [hivemq] [919bc9c6]                  |_|  |_||_|  \_/  \___||_|  |_| \___\_\
2025-01-28 23:35:50,289 INFO c.h.h.t.HelmChartContainer - [test-hivemq-platform] [hivemq] [919bc9c6] 
2025-01-28 23:35:50,289 INFO c.h.h.t.HelmChartContainer - [test-hivemq-platform] [hivemq] [919bc9c6] -------------------------------------------------------------------------
2025-01-28 23:35:50,289 INFO c.h.h.t.HelmChartContainer - [test-hivemq-platform] [hivemq] [919bc9c6] 
2025-01-28 23:35:50,289 INFO c.h.h.t.HelmChartContainer - [test-hivemq-platform] [hivemq] [919bc9c6]   HiveMQ Start Script for Linux/Unix v1.14
2025-01-28 23:35:50,289 INFO c.h.h.t.HelmChartContainer - [test-hivemq-platform] [hivemq] [919bc9c6] 
2025-01-28 23:35:50,355 INFO c.h.h.t.HelmChartContainer - [test-hivemq-platform] [hivemq] [919bc9c6] -------------------------------------------------------------------------
2025-01-28 23:35:50,355 INFO c.h.h.t.HelmChartContainer - [test-hivemq-platform] [hivemq] [919bc9c6] 
2025-01-28 23:35:50,355 INFO c.h.h.t.HelmChartContainer - [test-hivemq-platform] [hivemq] [919bc9c6]   HIVEMQ_HOME: /opt/hivemq
2025-01-28 23:35:50,355 INFO c.h.h.t.HelmChartContainer - [test-hivemq-platform] [hivemq] [919bc9c6] 
2025-01-28 23:35:50,355 INFO c.h.h.t.HelmChartContainer - [test-hivemq-platform] [hivemq] [919bc9c6]   JAVA_OPTS: -XX:+UnlockExperimentalVMOptions -XX:InitialRAMPercentage=50 -XX:MaxRAMPercentage=50 -Djava.net.preferIPv4Stack=true --add-opens java.base/java.lang=ALL-UNNAMED --add-opens java.base/java.nio=ALL-UNNAMED --add-opens java.base/sun.nio.ch=ALL-UNNAMED --add-opens jdk.management/com.sun.management.internal=ALL-UNNAMED --add-exports java.base/jdk.internal.misc=ALL-UNNAMED -Djava.security.egd=file:/dev/./urandom -Dcom.sun.management.jmxremote -Dcom.sun.management.jmxremote.port=9010 -Dcom.sun.management.jmxremote.local.only=false -Dcom.sun.management.jmxremote.authenticate=false -Dcom.sun.management.jmxremote.ssl=false -Duser.language=en -Duser.region=US -XX:+CrashOnOutOfMemoryError -XX:+HeapDumpOnOutOfMemoryError
2025-01-28 23:35:50,355 INFO c.h.h.t.HelmChartContainer - [test-hivemq-platform] [hivemq] [919bc9c6] 
2025-01-28 23:35:50,356 INFO c.h.h.t.HelmChartContainer - [test-hivemq-platform] [hivemq] [919bc9c6]   JAVA_VERSION: 21
2025-01-28 23:35:50,356 INFO c.h.h.t.HelmChartContainer - [test-hivemq-platform] [hivemq] [919bc9c6] 
2025-01-28 23:35:50,356 INFO c.h.h.t.HelmChartContainer - [test-hivemq-platform] [hivemq] [919bc9c6] -------------------------------------------------------------------------
2025-01-28 23:35:50,356 INFO c.h.h.t.HelmChartContainer - [test-hivemq-platform] [hivemq] [919bc9c6] 
2025-01-28 23:35:51,338 INFO c.h.h.t.HelmChartContainer - [test-hivemq-platform] [hivemq] [919bc9c6] INFO  - [HiveMQ Platform Operator Init App 1.7.0-SNAPSHOT] Returning default Health API response 503 for readiness
2025-01-28 23:35:51,644 INFO c.h.h.t.HelmChartContainer - [EVENT] Warning [Unhealthy] Readiness probe failed: HTTP probe failed with statuscode: 503 [helmvolumeclaimtemplatesit:test-hivemq-platform-0]
2025-01-28 23:35:51,644 INFO c.h.h.t.HelmChartContainer - Received Unhealthy event for container hivemq in pod test-hivemq-platform-0 [919bc9c6-9939-4335-ac2e-c10b74cb3724]
2025-01-28 23:35:52,938 INFO c.h.h.t.HelmChartContainer - [test-hivemq-platform] [hivemq] [919bc9c6] INFO  - Starting HiveMQ Enterprise Server
2025-01-28 23:35:52,944 INFO c.h.h.t.HelmChartContainer - [test-hivemq-platform] [hivemq] [919bc9c6] INFO  - HiveMQ version: 4.36.0
2025-01-28 23:35:52,944 INFO c.h.h.t.HelmChartContainer - [test-hivemq-platform] [hivemq] [919bc9c6] INFO  - HiveMQ home directory: /opt/hivemq
2025-01-28 23:35:52,945 INFO c.h.h.t.HelmChartContainer - [test-hivemq-platform] [hivemq] [919bc9c6] INFO  - Log Configuration was overridden by /opt/hivemq/conf/logback.xml
2025-01-28 23:35:54,239 INFO c.h.h.t.HelmChartContainer - [test-hivemq-platform] [hivemq] [919bc9c6] INFO  - Successfully loaded configuration from '/opt/hivemq/conf-k8s/config.xml'.
2025-01-28 23:35:54,832 INFO c.h.h.t.HelmChartContainer - [test-hivemq-platform] [hivemq] [919bc9c6] INFO  - This node's ID is tQpG6
2025-01-28 23:35:54,833 INFO c.h.h.t.HelmChartContainer - [test-hivemq-platform] [hivemq] [919bc9c6] INFO  - Clustering is enabled
2025-01-28 23:35:55,345 INFO c.h.h.t.HelmChartContainer - [hivemq-test-hivemq-platform] [hivemq-platform-operator] [e1373b83] 23:35:55.343 [pool-6-thread-22] DEBUG c.h.p.o.d.PlatformServiceResource - [helmvolu] Desired Platform services (3 services)
2025-01-28 23:35:55,347 INFO c.h.h.t.HelmChartContainer - [hivemq-test-hivemq-platform] [hivemq-platform-operator] [e1373b83] 23:35:55.347 [pool-6-thread-24] DEBUG c.h.p.o.d.PodServiceAccountResource - [helmvolu] Desired PodServiceAccountResource (serviceAccountName: hivemq-platform-pod-test-hivemq-platform)
2025-01-28 23:35:55,349 INFO c.h.h.t.HelmChartContainer - [hivemq-test-hivemq-platform] [hivemq-platform-operator] [e1373b83] 23:35:55.345 [pool-6-thread-27] DEBUG c.h.p.o.dependants.PodInfoConfigMap - [helmvolu] Desired PodInfo ConfigMap (1 extensions) (1 enabled)
2025-01-28 23:35:55,349 INFO c.h.h.t.HelmChartContainer - [hivemq-test-hivemq-platform] [hivemq-platform-operator] [e1373b83] 23:35:55.348 [pool-6-thread-27] DEBUG c.h.p.o.dependants.PodInfoConfigMap - [helmvolu] Desired PodInfo ConfigMap (metrics port: 9399) (metrics path: /)
2025-01-28 23:35:55,349 INFO c.h.h.t.HelmChartContainer - [hivemq-test-hivemq-platform] [hivemq-platform-operator] [e1373b83] 23:35:55.348 [pool-6-thread-27] DEBUG c.h.p.o.dependants.PodInfoConfigMap - [helmvolu] Desired PodInfo ConfigMap (extension state hash: -1817474005)
2025-01-28 23:35:55,353 INFO c.h.h.t.HelmChartContainer - [hivemq-test-hivemq-platform] [hivemq-platform-operator] [e1373b83] 23:35:55.352 [pool-6-thread-22] DEBUG c.h.p.o.d.StatefulSetResource - [helmvolu] Desired StatefulSet (2 replicas) for status STARTING (READY)
2025-01-28 23:35:55,359 INFO c.h.h.t.HelmChartContainer - [hivemq-test-hivemq-platform] [hivemq-platform-operator] [e1373b83] 23:35:55.358 [ReconcilerExecutor-hivemq-controller-111] INFO  c.h.p.o.HiveMQPlatformReconciler - [helmvolu] Reconciling HiveMQ Platform 'test-hivemq-platform' in namespace 'helmvolumeclaimtemplatesit'
2025-01-28 23:35:55,359 INFO c.h.h.t.HelmChartContainer - [hivemq-test-hivemq-platform] [hivemq-platform-operator] [e1373b83] 23:35:55.358 [ReconcilerExecutor-hivemq-controller-111] DEBUG c.h.p.o.HiveMQPlatformReconciler - [helmvolu] Custom Resource Status STARTING - HiveMQ Platform is starting (READY)
2025-01-28 23:35:55,359 INFO c.h.h.t.HelmChartContainer - [hivemq-test-hivemq-platform] [hivemq-platform-operator] [e1373b83] 23:35:55.358 [ReconcilerExecutor-hivemq-controller-111] DEBUG c.h.p.o.HiveMQPlatformReconciler - [helmvolu] Custom Resource Spec (replicas: 2) (extensions: 1)
2025-01-28 23:35:55,428 INFO c.h.h.t.HelmChartContainer - [hivemq-test-hivemq-platform] [hivemq-platform-operator] [e1373b83] 23:35:55.423 [ReconcilerExecutor-hivemq-controller-111] DEBUG c.h.p.o.HiveMQPlatformReconciler - [helmvolu] StatefulSet Status (revision: test-hivemq-platform-6c7bb94cbd, replicas: 1, available: 0, ready: 0, current: 1, updated: 1)
2025-01-28 23:35:55,429 INFO c.h.h.t.HelmChartContainer - [hivemq-test-hivemq-platform] [hivemq-platform-operator] [e1373b83] 23:35:55.424 [ReconcilerExecutor-hivemq-controller-111] DEBUG c.h.p.o.HiveMQPlatformReconciler - [helmvolu] StatefulSet Spec (replicas: 2, init containers: 1, containers: 1, volumes: 4)
2025-01-28 23:35:55,429 INFO c.h.h.t.HelmChartContainer - [hivemq-test-hivemq-platform] [hivemq-platform-operator] [e1373b83] 23:35:55.426 [ReconcilerExecutor-hivemq-controller-111] DEBUG c.h.p.o.h.HiveMQPlatformReconcilerErrorHandler - [helmvolu] Pod 'test-hivemq-platform-0' phase Running
2025-01-28 23:35:55,429 INFO c.h.h.t.HelmChartContainer - [hivemq-test-hivemq-platform] [hivemq-platform-operator] [e1373b83] 23:35:55.427 [ReconcilerExecutor-hivemq-controller-111] INFO  c.h.p.o.h.HiveMQPlatformReconcilerBaseHandler - [helmvolu] HiveMQ Platform is starting, 0 of 2 replicas are ready
2025-01-28 23:35:56,642 INFO c.h.h.t.HelmChartContainer - [test-hivemq-platform] [hivemq] [919bc9c6] WARN  - [HiveMQ Platform Operator Init App 1.7.0-SNAPSHOT] Cannot connect to Health API for readiness: null
2025-01-28 23:35:56,647 INFO c.h.h.t.HelmChartContainer - [EVENT] Warning [Unhealthy] Readiness probe failed: HTTP probe failed with statuscode: 503 [helmvolumeclaimtemplatesit:test-hivemq-platform-0]
2025-01-28 23:35:56,647 INFO c.h.h.t.HelmChartContainer - Received Unhealthy event for container hivemq in pod test-hivemq-platform-0 [919bc9c6-9939-4335-ac2e-c10b74cb3724]
2025-01-28 23:35:59,536 INFO c.h.h.t.HelmChartContainer - [test-hivemq-platform] [hivemq] [919bc9c6] Jan 28, 2025 11:35:59 PM io.vertx.core.impl.BlockedThreadChecker
2025-01-28 23:35:59,536 INFO c.h.h.t.HelmChartContainer - [test-hivemq-platform] [hivemq] [919bc9c6] WARNING: Thread Thread[vert.x-eventloop-thread-1,5,main] has been blocked for 2493 ms, time limit is 2000 ms
2025-01-28 23:36:00,531 INFO c.h.h.t.HelmChartContainer - [test-hivemq-platform] [hivemq] [919bc9c6] INFO  - [HiveMQ Platform Operator Init App 1.7.0-SNAPSHOT] Updating Pod HiveMQ Platform Operator Init App version annotation (version: 1.7.0-SNAPSHOT)
2025-01-28 23:36:01,149 INFO c.h.h.t.HelmChartContainer - [POD] test-hivemq-platform-0 [919bc9c6-9939-4335-ac2e-c10b74cb3724] in helmvolumeclaimtemplatesit was MODIFIED
2025-01-28 23:36:01,159 INFO c.h.h.t.HelmChartContainer - [hivemq-test-hivemq-platform] [hivemq-platform-operator] [e1373b83] 23:36:01.155 [pool-6-thread-36] DEBUG c.h.p.o.d.PlatformServiceResource - [helmvolu] Desired Platform services (3 services)
2025-01-28 23:36:01,159 INFO c.h.h.t.HelmChartContainer - [hivemq-test-hivemq-platform] [hivemq-platform-operator] [e1373b83] 23:36:01.157 [pool-6-thread-33] DEBUG c.h.p.o.dependants.PodInfoConfigMap - [helmvolu] Desired PodInfo ConfigMap (1 extensions) (1 enabled)
2025-01-28 23:36:01,159 INFO c.h.h.t.HelmChartContainer - [hivemq-test-hivemq-platform] [hivemq-platform-operator] [e1373b83] 23:36:01.157 [pool-6-thread-35] DEBUG c.h.p.o.d.PodServiceAccountResource - [helmvolu] Desired PodServiceAccountResource (serviceAccountName: hivemq-platform-pod-test-hivemq-platform)
2025-01-28 23:36:01,162 INFO c.h.h.t.HelmChartContainer - [hivemq-test-hivemq-platform] [hivemq-platform-operator] [e1373b83] 23:36:01.157 [pool-6-thread-33] DEBUG c.h.p.o.dependants.PodInfoConfigMap - [helmvolu] Desired PodInfo ConfigMap (metrics port: 9399) (metrics path: /)
2025-01-28 23:36:01,163 INFO c.h.h.t.HelmChartContainer - [hivemq-test-hivemq-platform] [hivemq-platform-operator] [e1373b83] 23:36:01.159 [pool-6-thread-33] DEBUG c.h.p.o.dependants.PodInfoConfigMap - [helmvolu] Desired PodInfo ConfigMap (extension state hash: -1817474005)
2025-01-28 23:36:01,167 INFO c.h.h.t.HelmChartContainer - [hivemq-test-hivemq-platform] [hivemq-platform-operator] [e1373b83] 23:36:01.166 [pool-6-thread-40] DEBUG c.h.p.o.d.StatefulSetResource - [helmvolu] Desired StatefulSet (2 replicas) for status STARTING (READY)
2025-01-28 23:36:01,227 INFO c.h.h.t.HelmChartContainer - [hivemq-test-hivemq-platform] [hivemq-platform-operator] [e1373b83] 23:36:01.225 [ReconcilerExecutor-hivemq-controller-112] INFO  c.h.p.o.HiveMQPlatformReconciler - [helmvolu] Reconciling HiveMQ Platform 'test-hivemq-platform' in namespace 'helmvolumeclaimtemplatesit'
2025-01-28 23:36:01,228 INFO c.h.h.t.HelmChartContainer - [hivemq-test-hivemq-platform] [hivemq-platform-operator] [e1373b83] 23:36:01.225 [ReconcilerExecutor-hivemq-controller-112] DEBUG c.h.p.o.HiveMQPlatformReconciler - [helmvolu] Custom Resource Status STARTING - HiveMQ Platform is starting (READY)
2025-01-28 23:36:01,228 INFO c.h.h.t.HelmChartContainer - [hivemq-test-hivemq-platform] [hivemq-platform-operator] [e1373b83] 23:36:01.225 [ReconcilerExecutor-hivemq-controller-112] DEBUG c.h.p.o.HiveMQPlatformReconciler - [helmvolu] Custom Resource Spec (replicas: 2) (extensions: 1)
2025-01-28 23:36:01,229 INFO c.h.h.t.HelmChartContainer - [hivemq-test-hivemq-platform] [hivemq-platform-operator] [e1373b83] 23:36:01.227 [ReconcilerExecutor-hivemq-controller-112] DEBUG c.h.p.o.HiveMQPlatformReconciler - [helmvolu] StatefulSet Status (revision: test-hivemq-platform-6c7bb94cbd, replicas: 1, available: 0, ready: 0, current: 1, updated: 1)
2025-01-28 23:36:01,231 INFO c.h.h.t.HelmChartContainer - [hivemq-test-hivemq-platform] [hivemq-platform-operator] [e1373b83] 23:36:01.227 [ReconcilerExecutor-hivemq-controller-112] DEBUG c.h.p.o.HiveMQPlatformReconciler - [helmvolu] StatefulSet Spec (replicas: 2, init containers: 1, containers: 1, volumes: 4)
2025-01-28 23:36:01,232 INFO c.h.h.t.HelmChartContainer - [hivemq-test-hivemq-platform] [hivemq-platform-operator] [e1373b83] 23:36:01.229 [ReconcilerExecutor-hivemq-controller-112] DEBUG c.h.p.o.h.HiveMQPlatformReconcilerErrorHandler - [helmvolu] Pod 'test-hivemq-platform-0' phase Running
2025-01-28 23:36:01,237 INFO c.h.h.t.HelmChartContainer - [hivemq-test-hivemq-platform] [hivemq-platform-operator] [e1373b83] 23:36:01.233 [ReconcilerExecutor-hivemq-controller-112] INFO  c.h.p.o.h.HiveMQPlatformReconcilerBaseHandler - [helmvolu] HiveMQ Platform is starting, 0 of 2 replicas are ready
2025-01-28 23:36:01,240 INFO c.h.h.t.HelmChartContainer - [test-hivemq-platform] [hivemq] [919bc9c6] WARN  - [HiveMQ Platform Operator Init App 1.7.0-SNAPSHOT] Cannot connect to Health API for readiness: null
2025-01-28 23:36:01,243 INFO c.h.h.t.HelmChartContainer - [test-hivemq-platform] [hivemq] [919bc9c6] INFO  - [HiveMQ Platform Operator Init App 1.7.0-SNAPSHOT] Successfully updated Pod HiveMQ Platform Operator Init App version annotation (version: 1.7.0-SNAPSHOT)
2025-01-28 23:36:01,247 INFO c.h.h.t.HelmChartContainer - [EVENT] Warning [Unhealthy] Readiness probe failed: HTTP probe failed with statuscode: 503 [helmvolumeclaimtemplatesit:test-hivemq-platform-0]
2025-01-28 23:36:01,248 INFO c.h.h.t.HelmChartContainer - Received Unhealthy event for container hivemq in pod test-hivemq-platform-0 [919bc9c6-9939-4335-ac2e-c10b74cb3724]
2025-01-28 23:36:06,232 INFO c.h.h.t.HelmChartContainer - [test-hivemq-platform] [hivemq] [919bc9c6] WARN  - [HiveMQ Platform Operator Init App 1.7.0-SNAPSHOT] Cannot connect to Health API for readiness: null
2025-01-28 23:36:06,237 INFO c.h.h.t.HelmChartContainer - [EVENT] Warning [Unhealthy] Readiness probe failed: HTTP probe failed with statuscode: 503 [helmvolumeclaimtemplatesit:test-hivemq-platform-0]
2025-01-28 23:36:06,237 INFO c.h.h.t.HelmChartContainer - Received Unhealthy event for container hivemq in pod test-hivemq-platform-0 [919bc9c6-9939-4335-ac2e-c10b74cb3724]
2025-01-28 23:36:11,233 INFO c.h.h.t.HelmChartContainer - [test-hivemq-platform] [hivemq] [919bc9c6] WARN  - [HiveMQ Platform Operator Init App 1.7.0-SNAPSHOT] Cannot connect to Health API for readiness: null
2025-01-28 23:36:11,241 INFO c.h.h.t.HelmChartContainer - [EVENT] Warning [Unhealthy] Readiness probe failed: HTTP probe failed with statuscode: 503 [helmvolumeclaimtemplatesit:test-hivemq-platform-0]
2025-01-28 23:36:11,241 INFO c.h.h.t.HelmChartContainer - Received Unhealthy event for container hivemq in pod test-hivemq-platform-0 [919bc9c6-9939-4335-ac2e-c10b74cb3724]
2025-01-28 23:36:11,243 INFO c.h.h.t.HelmChartContainer - [hivemq-test-hivemq-platform] [hivemq-platform-operator] [e1373b83] 23:36:11.240 [pool-6-thread-42] DEBUG c.h.p.o.d.PlatformServiceResource - [helmvolu] Desired Platform services (3 services)
2025-01-28 23:36:11,245 INFO c.h.h.t.HelmChartContainer - [hivemq-test-hivemq-platform] [hivemq-platform-operator] [e1373b83] 23:36:11.242 [pool-6-thread-41] DEBUG c.h.p.o.dependants.PodInfoConfigMap - [helmvolu] Desired PodInfo ConfigMap (1 extensions) (1 enabled)
2025-01-28 23:36:11,245 INFO c.h.h.t.HelmChartContainer - [hivemq-test-hivemq-platform] [hivemq-platform-operator] [e1373b83] 23:36:11.244 [pool-6-thread-41] DEBUG c.h.p.o.dependants.PodInfoConfigMap - [helmvolu] Desired PodInfo ConfigMap (metrics port: 9399) (metrics path: /)
2025-01-28 23:36:11,246 INFO c.h.h.t.HelmChartContainer - [hivemq-test-hivemq-platform] [hivemq-platform-operator] [e1373b83] 23:36:11.245 [pool-6-thread-41] DEBUG c.h.p.o.dependants.PodInfoConfigMap - [helmvolu] Desired PodInfo ConfigMap (extension state hash: -1817474005)
2025-01-28 23:36:11,248 INFO c.h.h.t.HelmChartContainer - [hivemq-test-hivemq-platform] [hivemq-platform-operator] [e1373b83] 23:36:11.247 [pool-6-thread-41] DEBUG c.h.p.o.d.PodServiceAccountResource - [helmvolu] Desired PodServiceAccountResource (serviceAccountName: hivemq-platform-pod-test-hivemq-platform)
2025-01-28 23:36:11,259 INFO c.h.h.t.HelmChartContainer - [hivemq-test-hivemq-platform] [hivemq-platform-operator] [e1373b83] 23:36:11.257 [pool-6-thread-49] DEBUG c.h.p.o.d.StatefulSetResource - [helmvolu] Desired StatefulSet (2 replicas) for status STARTING (READY)
2025-01-28 23:36:11,265 INFO c.h.h.t.HelmChartContainer - [hivemq-test-hivemq-platform] [hivemq-platform-operator] [e1373b83] 23:36:11.262 [ReconcilerExecutor-hivemq-controller-113] INFO  c.h.p.o.HiveMQPlatformReconciler - [helmvolu] Reconciling HiveMQ Platform 'test-hivemq-platform' in namespace 'helmvolumeclaimtemplatesit'
2025-01-28 23:36:11,265 INFO c.h.h.t.HelmChartContainer - [hivemq-test-hivemq-platform] [hivemq-platform-operator] [e1373b83] 23:36:11.263 [ReconcilerExecutor-hivemq-controller-113] DEBUG c.h.p.o.HiveMQPlatformReconciler - [helmvolu] Custom Resource Status STARTING - HiveMQ Platform is starting (READY)
2025-01-28 23:36:11,265 INFO c.h.h.t.HelmChartContainer - [hivemq-test-hivemq-platform] [hivemq-platform-operator] [e1373b83] 23:36:11.263 [ReconcilerExecutor-hivemq-controller-113] DEBUG c.h.p.o.HiveMQPlatformReconciler - [helmvolu] Custom Resource Spec (replicas: 2) (extensions: 1)
2025-01-28 23:36:11,330 INFO c.h.h.t.HelmChartContainer - [hivemq-test-hivemq-platform] [hivemq-platform-operator] [e1373b83] 23:36:11.328 [ReconcilerExecutor-hivemq-controller-113] DEBUG c.h.p.o.HiveMQPlatformReconciler - [helmvolu] StatefulSet Status (revision: test-hivemq-platform-6c7bb94cbd, replicas: 1, available: 0, ready: 0, current: 1, updated: 1)
2025-01-28 23:36:11,330 INFO c.h.h.t.HelmChartContainer - [hivemq-test-hivemq-platform] [hivemq-platform-operator] [e1373b83] 23:36:11.328 [ReconcilerExecutor-hivemq-controller-113] DEBUG c.h.p.o.HiveMQPlatformReconciler - [helmvolu] StatefulSet Spec (replicas: 2, init containers: 1, containers: 1, volumes: 4)
2025-01-28 23:36:11,331 INFO c.h.h.t.HelmChartContainer - [hivemq-test-hivemq-platform] [hivemq-platform-operator] [e1373b83] 23:36:11.330 [ReconcilerExecutor-hivemq-controller-113] DEBUG c.h.p.o.h.HiveMQPlatformReconcilerErrorHandler - [helmvolu] Pod 'test-hivemq-platform-0' phase Running
2025-01-28 23:36:11,332 INFO c.h.h.t.HelmChartContainer - [hivemq-test-hivemq-platform] [hivemq-platform-operator] [e1373b83] 23:36:11.331 [ReconcilerExecutor-hivemq-controller-113] INFO  c.h.p.o.h.HiveMQPlatformReconcilerBaseHandler - [helmvolu] HiveMQ Platform is starting, 0 of 2 replicas are ready
2025-01-28 23:36:12,452 INFO c.h.h.t.HelmChartContainer - [test-hivemq-platform] [hivemq] [919bc9c6] INFO  - No valid license file found. Using trial license, restricted to 25 connections.
2025-01-28 23:36:12,832 INFO c.h.h.t.HelmChartContainer - [test-hivemq-platform] [hivemq] [919bc9c6] WARN  - [HiveMQ Platform Operator Init App 1.7.0-SNAPSHOT] Cannot connect to Health API for liveness: null
2025-01-28 23:36:12,834 INFO c.h.h.t.HelmChartContainer - [test-hivemq-platform] [hivemq] [919bc9c6] INFO  - [HiveMQ Platform Operator Init App 1.7.0-SNAPSHOT] Returning default Health API response 200 for liveness
2025-01-28 23:36:15,741 INFO c.h.h.t.HelmChartContainer - [test-hivemq-platform] [hivemq] [919bc9c6] INFO  - No valid license file for Data Hub found. Using free license, restricted to 1 policy.
2025-01-28 23:36:16,234 INFO c.h.h.t.HelmChartContainer - [test-hivemq-platform] [hivemq] [919bc9c6] WARN  - [HiveMQ Platform Operator Init App 1.7.0-SNAPSHOT] Cannot connect to Health API for readiness: null
2025-01-28 23:36:16,239 INFO c.h.h.t.HelmChartContainer - [EVENT] Warning [Unhealthy] Readiness probe failed: HTTP probe failed with statuscode: 503 [helmvolumeclaimtemplatesit:test-hivemq-platform-0]
2025-01-28 23:36:16,239 INFO c.h.h.t.HelmChartContainer - Received Unhealthy event for container hivemq in pod test-hivemq-platform-0 [919bc9c6-9939-4335-ac2e-c10b74cb3724]
2025-01-28 23:36:16,989 INFO c.h.h.t.HelmChartContainer - [test-hivemq-platform] [hivemq] [919bc9c6] INFO  - Audit Logger started.
2025-01-28 23:36:17,263 INFO c.h.h.t.HelmChartContainer - [test-hivemq-platform] [hivemq] [919bc9c6] INFO  - This node uses '1' CPU cores.
2025-01-28 23:36:17,268 INFO c.h.h.t.HelmChartContainer - [test-hivemq-platform] [hivemq] [919bc9c6] INFO  - Starting HiveMQ Health API on address 0.0.0.0 and port 8889
2025-01-28 23:36:18,038 INFO c.h.h.t.HelmChartContainer - [test-hivemq-platform] [hivemq] [919bc9c6] INFO  - Started HiveMQ Health API in 769ms
2025-01-28 23:36:18,664 INFO c.h.h.t.HelmChartContainer - [test-hivemq-platform] [hivemq] [919bc9c6] INFO  - Starting HiveMQ extension system.
2025-01-28 23:36:18,887 INFO c.h.h.t.HelmChartContainer - [test-hivemq-platform] [hivemq] [919bc9c6] INFO  - Starting extension with id "hivemq-dns-cluster-discovery" at /opt/hivemq/extensions/hivemq-dns-cluster-discovery
2025-01-28 23:36:19,339 INFO c.h.h.t.HelmChartContainer - [test-hivemq-platform] [hivemq] [919bc9c6] INFO  - Using TCP cluster transport on address 10.42.0.9 and port 7000
2025-01-28 23:36:19,344 INFO c.h.h.t.HelmChartContainer - [test-hivemq-platform] [hivemq] [919bc9c6] INFO  - Using extension cluster discovery
2025-01-28 23:36:19,435 INFO c.h.h.t.HelmChartContainer - [test-hivemq-platform] [hivemq] [919bc9c6] INFO  - Extension "DNS Cluster Discovery Extension" version 4.3.2 started successfully.
2025-01-28 23:36:19,435 INFO c.h.h.t.HelmChartContainer - [test-hivemq-platform] [hivemq] [919bc9c6] INFO  - Starting extension with id "hivemq-prometheus-extension" at /opt/hivemq/extensions/hivemq-prometheus-extension
2025-01-28 23:36:20,343 INFO c.h.h.t.HelmChartContainer - [test-hivemq-platform] [hivemq] [919bc9c6] INFO  - Started Jetty Server exposing Prometheus Servlet on URI http://0.0.0.0:9399/
2025-01-28 23:36:20,343 INFO c.h.h.t.HelmChartContainer - [test-hivemq-platform] [hivemq] [919bc9c6] INFO  - Extension "Prometheus Monitoring Extension" version 4.0.12 started successfully.
2025-01-28 23:36:20,343 INFO c.h.h.t.HelmChartContainer - [test-hivemq-platform] [hivemq] [919bc9c6] INFO  - Starting extension with id "hivemq-allow-all-extension" at /opt/hivemq/extensions/hivemq-allow-all-extension
2025-01-28 23:36:20,343 INFO c.h.h.t.HelmChartContainer - [test-hivemq-platform] [hivemq] [919bc9c6] WARN  - 
2025-01-28 23:36:20,343 INFO c.h.h.t.HelmChartContainer - [test-hivemq-platform] [hivemq] [919bc9c6] ################################################################################################################
2025-01-28 23:36:20,343 INFO c.h.h.t.HelmChartContainer - [test-hivemq-platform] [hivemq] [919bc9c6] # This HiveMQ deployment is not secure! You are lacking Authentication and Authorization.                      #
2025-01-28 23:36:20,343 INFO c.h.h.t.HelmChartContainer - [test-hivemq-platform] [hivemq] [919bc9c6] # Right now any MQTT client can connect to the broker with a full set of permissions.                          #
2025-01-28 23:36:20,343 INFO c.h.h.t.HelmChartContainer - [test-hivemq-platform] [hivemq] [919bc9c6] # For production usage, add an appropriate security extension and remove the hivemq-allow-all extension.       #
2025-01-28 23:36:20,343 INFO c.h.h.t.HelmChartContainer - [test-hivemq-platform] [hivemq] [919bc9c6] # You can download security extensions from the HiveMQ Marketplace (https://www.hivemq.com/extensions/).       #
2025-01-28 23:36:20,343 INFO c.h.h.t.HelmChartContainer - [test-hivemq-platform] [hivemq] [919bc9c6] ################################################################################################################
2025-01-28 23:36:20,343 INFO c.h.h.t.HelmChartContainer - [test-hivemq-platform] [hivemq] [919bc9c6] INFO  - Extension "Allow All Extension" version 1.1.1 started successfully.
2025-01-28 23:36:21,338 INFO c.h.h.t.HelmChartContainer - [hivemq-test-hivemq-platform] [hivemq-platform-operator] [e1373b83] 23:36:21.336 [pool-6-thread-6] DEBUG c.h.p.o.d.PlatformServiceResource - [helmvolu] Desired Platform services (3 services)
2025-01-28 23:36:21,341 INFO c.h.h.t.HelmChartContainer - [hivemq-test-hivemq-platform] [hivemq-platform-operator] [e1373b83] 23:36:21.340 [pool-6-thread-9] DEBUG c.h.p.o.d.PodServiceAccountResource - [helmvolu] Desired PodServiceAccountResource (serviceAccountName: hivemq-platform-pod-test-hivemq-platform)
2025-01-28 23:36:21,344 INFO c.h.h.t.HelmChartContainer - [hivemq-test-hivemq-platform] [hivemq-platform-operator] [e1373b83] 23:36:21.343 [pool-6-thread-3] DEBUG c.h.p.o.dependants.PodInfoConfigMap - [helmvolu] Desired PodInfo ConfigMap (1 extensions) (1 enabled)
2025-01-28 23:36:21,346 INFO c.h.h.t.HelmChartContainer - [hivemq-test-hivemq-platform] [hivemq-platform-operator] [e1373b83] 23:36:21.343 [pool-6-thread-3] DEBUG c.h.p.o.dependants.PodInfoConfigMap - [helmvolu] Desired PodInfo ConfigMap (metrics port: 9399) (metrics path: /)
2025-01-28 23:36:21,346 INFO c.h.h.t.HelmChartContainer - [hivemq-test-hivemq-platform] [hivemq-platform-operator] [e1373b83] 23:36:21.344 [pool-6-thread-3] DEBUG c.h.p.o.dependants.PodInfoConfigMap - [helmvolu] Desired PodInfo ConfigMap (extension state hash: -1817474005)
2025-01-28 23:36:21,350 INFO c.h.h.t.HelmChartContainer - [hivemq-test-hivemq-platform] [hivemq-platform-operator] [e1373b83] 23:36:21.349 [pool-6-thread-3] DEBUG c.h.p.o.d.StatefulSetResource - [helmvolu] Desired StatefulSet (2 replicas) for status STARTING (READY)
2025-01-28 23:36:21,357 INFO c.h.h.t.HelmChartContainer - [hivemq-test-hivemq-platform] [hivemq-platform-operator] [e1373b83] 23:36:21.356 [ReconcilerExecutor-hivemq-controller-114] INFO  c.h.p.o.HiveMQPlatformReconciler - [helmvolu] Reconciling HiveMQ Platform 'test-hivemq-platform' in namespace 'helmvolumeclaimtemplatesit'
2025-01-28 23:36:21,358 INFO c.h.h.t.HelmChartContainer - [hivemq-test-hivemq-platform] [hivemq-platform-operator] [e1373b83] 23:36:21.356 [ReconcilerExecutor-hivemq-controller-114] DEBUG c.h.p.o.HiveMQPlatformReconciler - [helmvolu] Custom Resource Status STARTING - HiveMQ Platform is starting (READY)
2025-01-28 23:36:21,358 INFO c.h.h.t.HelmChartContainer - [hivemq-test-hivemq-platform] [hivemq-platform-operator] [e1373b83] 23:36:21.356 [ReconcilerExecutor-hivemq-controller-114] DEBUG c.h.p.o.HiveMQPlatformReconciler - [helmvolu] Custom Resource Spec (replicas: 2) (extensions: 1)
2025-01-28 23:36:21,426 INFO c.h.h.t.HelmChartContainer - [hivemq-test-hivemq-platform] [hivemq-platform-operator] [e1373b83] 23:36:21.424 [ReconcilerExecutor-hivemq-controller-114] DEBUG c.h.p.o.HiveMQPlatformReconciler - [helmvolu] StatefulSet Status (revision: test-hivemq-platform-6c7bb94cbd, replicas: 1, available: 0, ready: 0, current: 1, updated: 1)
2025-01-28 23:36:21,426 INFO c.h.h.t.HelmChartContainer - [hivemq-test-hivemq-platform] [hivemq-platform-operator] [e1373b83] 23:36:21.424 [ReconcilerExecutor-hivemq-controller-114] DEBUG c.h.p.o.HiveMQPlatformReconciler - [helmvolu] StatefulSet Spec (replicas: 2, init containers: 1, containers: 1, volumes: 4)
2025-01-28 23:36:21,427 INFO c.h.h.t.HelmChartContainer - [hivemq-test-hivemq-platform] [hivemq-platform-operator] [e1373b83] 23:36:21.426 [ReconcilerExecutor-hivemq-controller-114] DEBUG c.h.p.o.h.HiveMQPlatformReconcilerErrorHandler - [helmvolu] Pod 'test-hivemq-platform-0' phase Running
2025-01-28 23:36:21,429 INFO c.h.h.t.HelmChartContainer - [hivemq-test-hivemq-platform] [hivemq-platform-operator] [e1373b83] 23:36:21.428 [ReconcilerExecutor-hivemq-controller-114] INFO  c.h.p.o.h.HiveMQPlatformReconcilerBaseHandler - [helmvolu] HiveMQ Platform is starting, 0 of 2 replicas are ready
2025-01-28 23:36:21,641 INFO c.h.h.t.HelmChartContainer - [test-hivemq-platform] [hivemq] [919bc9c6] INFO  - [HiveMQ Platform Operator Init App 1.7.0-SNAPSHOT] Returning Health API response 503 for readiness
2025-01-28 23:36:21,645 INFO c.h.h.t.HelmChartContainer - [EVENT] Warning [Unhealthy] Readiness probe failed: HTTP probe failed with statuscode: 503 [helmvolumeclaimtemplatesit:test-hivemq-platform-0]
2025-01-28 23:36:21,645 INFO c.h.h.t.HelmChartContainer - Received Unhealthy event for container hivemq in pod test-hivemq-platform-0 [919bc9c6-9939-4335-ac2e-c10b74cb3724]
2025-01-28 23:36:22,432 INFO c.h.h.t.HelmChartContainer - [test-hivemq-platform] [hivemq] [919bc9c6] INFO  - tQpG6: no members discovered after 2495 ms: creating cluster as first member
2025-01-28 23:36:22,438 INFO c.h.h.t.HelmChartContainer - [test-hivemq-platform] [hivemq] [919bc9c6] INFO  - Cluster nodes found by discovery: [tQpG6|0] (1) [tQpG6].
2025-01-28 23:36:22,532 INFO c.h.h.t.HelmChartContainer - [test-hivemq-platform] [hivemq] [919bc9c6] WARN  - No user for HiveMQ Control Center configured. Starting with default user
2025-01-28 23:36:22,534 INFO c.h.h.t.HelmChartContainer - [test-hivemq-platform] [hivemq] [919bc9c6] INFO  - Starting HiveMQ Control Center on address 0.0.0.0 and port 8080
2025-01-28 23:36:22,535 INFO c.h.h.t.HelmChartContainer - [test-hivemq-platform] [hivemq] [919bc9c6] INFO  - Mounting HiveMQ Control Center V2 Preview
2025-01-28 23:36:23,143 INFO c.h.h.t.HelmChartContainer - [test-hivemq-platform] [hivemq] [919bc9c6] INFO  - Started HiveMQ Control Center in 611ms
2025-01-28 23:36:23,233 INFO c.h.h.t.HelmChartContainer - [test-hivemq-platform] [hivemq] [919bc9c6] INFO  - Starting TCP listener on address 0.0.0.0 and port 1883
2025-01-28 23:36:23,247 INFO c.h.h.t.HelmChartContainer - [test-hivemq-platform] [hivemq] [919bc9c6] INFO  - Started TCP Listener on address 0.0.0.0 and on port 1883.
2025-01-28 23:36:23,247 INFO c.h.h.t.HelmChartContainer - [test-hivemq-platform] [hivemq] [919bc9c6] INFO  - Started HiveMQ in 30698ms
2025-01-28 23:36:26,155 INFO c.h.h.t.HelmChartContainer - [test-hivemq-platform] [hivemq] [919bc9c6] INFO  - [HiveMQ Platform Operator Init App 1.7.0-SNAPSHOT] Returning Health API response 200 for readiness
2025-01-28 23:36:26,167 INFO c.h.h.t.HelmChartContainer - [POD] test-hivemq-platform-0 [919bc9c6-9939-4335-ac2e-c10b74cb3724] in helmvolumeclaimtemplatesit was MODIFIED
2025-01-28 23:36:26,175 INFO c.h.h.t.HelmChartContainer - [hivemq-test-hivemq-platform] [hivemq-platform-operator] [e1373b83] 23:36:26.171 [pool-6-thread-16] DEBUG c.h.p.o.d.PlatformServiceResource - [helmvolu] Desired Platform services (3 services)
2025-01-28 23:36:26,180 INFO c.h.h.t.HelmChartContainer - [hivemq-test-hivemq-platform] [hivemq-platform-operator] [e1373b83] 23:36:26.171 [pool-6-thread-11] DEBUG c.h.p.o.dependants.PodInfoConfigMap - [helmvolu] Desired PodInfo ConfigMap (1 extensions) (1 enabled)
2025-01-28 23:36:26,180 INFO c.h.h.t.HelmChartContainer - [hivemq-test-hivemq-platform] [hivemq-platform-operator] [e1373b83] 23:36:26.172 [pool-6-thread-18] DEBUG c.h.p.o.d.PodServiceAccountResource - [helmvolu] Desired PodServiceAccountResource (serviceAccountName: hivemq-platform-pod-test-hivemq-platform)
2025-01-28 23:36:26,180 INFO c.h.h.t.HelmChartContainer - [hivemq-test-hivemq-platform] [hivemq-platform-operator] [e1373b83] 23:36:26.172 [pool-6-thread-11] DEBUG c.h.p.o.dependants.PodInfoConfigMap - [helmvolu] Desired PodInfo ConfigMap (metrics port: 9399) (metrics path: /)
2025-01-28 23:36:26,180 INFO c.h.h.t.HelmChartContainer - [hivemq-test-hivemq-platform] [hivemq-platform-operator] [e1373b83] 23:36:26.174 [pool-6-thread-11] DEBUG c.h.p.o.dependants.PodInfoConfigMap - [helmvolu] Desired PodInfo ConfigMap (extension state hash: -1817474005)
2025-01-28 23:36:26,187 INFO c.h.h.t.HelmChartContainer - [hivemq-test-hivemq-platform] [hivemq-platform-operator] [e1373b83] 23:36:26.186 [pool-6-thread-14] DEBUG c.h.p.o.d.StatefulSetResource - [helmvolu] Desired StatefulSet (2 replicas) for status STARTING (READY)
2025-01-28 23:36:26,193 INFO c.h.h.t.HelmChartContainer - [hivemq-test-hivemq-platform] [hivemq-platform-operator] [e1373b83] 23:36:26.191 [ReconcilerExecutor-hivemq-controller-115] INFO  c.h.p.o.HiveMQPlatformReconciler - [helmvolu] Reconciling HiveMQ Platform 'test-hivemq-platform' in namespace 'helmvolumeclaimtemplatesit'
2025-01-28 23:36:26,193 INFO c.h.h.t.HelmChartContainer - [hivemq-test-hivemq-platform] [hivemq-platform-operator] [e1373b83] 23:36:26.192 [ReconcilerExecutor-hivemq-controller-115] DEBUG c.h.p.o.HiveMQPlatformReconciler - [helmvolu] Custom Resource Status STARTING - HiveMQ Platform is starting (READY)
2025-01-28 23:36:26,193 INFO c.h.h.t.HelmChartContainer - [hivemq-test-hivemq-platform] [hivemq-platform-operator] [e1373b83] 23:36:26.192 [ReconcilerExecutor-hivemq-controller-115] DEBUG c.h.p.o.HiveMQPlatformReconciler - [helmvolu] Custom Resource Spec (replicas: 2) (extensions: 1)
2025-01-28 23:36:26,196 INFO c.h.h.t.HelmChartContainer - [hivemq-test-hivemq-platform] [hivemq-platform-operator] [e1373b83] 23:36:26.193 [ReconcilerExecutor-hivemq-controller-115] DEBUG c.h.p.o.HiveMQPlatformReconciler - [helmvolu] StatefulSet Status (revision: test-hivemq-platform-6c7bb94cbd, replicas: 1, available: 0, ready: 0, current: 1, updated: 1)
2025-01-28 23:36:26,197 INFO c.h.h.t.HelmChartContainer - [hivemq-test-hivemq-platform] [hivemq-platform-operator] [e1373b83] 23:36:26.195 [ReconcilerExecutor-hivemq-controller-115] DEBUG c.h.p.o.HiveMQPlatformReconciler - [helmvolu] StatefulSet Spec (replicas: 2, init containers: 1, containers: 1, volumes: 4)
2025-01-28 23:36:26,197 INFO c.h.h.t.HelmChartContainer - [EVENT] Normal [SuccessfulCreate] create Claim hivemq-pvc-data-test-hivemq-platform-1 Pod test-hivemq-platform-1 in StatefulSet test-hivemq-platform success [helmvolumeclaimtemplatesit:test-hivemq-platform]
2025-01-28 23:36:26,197 INFO c.h.h.t.HelmChartContainer - [EVENT] Normal [WaitForFirstConsumer] waiting for first consumer to be created before binding [helmvolumeclaimtemplatesit:hivemq-pvc-data-test-hivemq-platform-1]
2025-01-28 23:36:26,200 INFO c.h.h.t.HelmChartContainer - [POD] test-hivemq-platform-1 [2a16c913-ddca-4d99-82ba-49653b2f2dc1] in helmvolumeclaimtemplatesit was ADDED
2025-01-28 23:36:26,201 INFO c.h.h.t.HelmChartContainer - [EVENT] Normal [SuccessfulCreate] create Pod test-hivemq-platform-1 in StatefulSet test-hivemq-platform successful [helmvolumeclaimtemplatesit:test-hivemq-platform]
2025-01-28 23:36:26,214 INFO c.h.h.t.HelmChartContainer - [EVENT] Normal [ExternalProvisioning] Waiting for a volume to be created either by the external provisioner 'rancher.io/local-path' or manually by the system administrator. If volume creation is delayed, please verify that the provisioner is running and correctly registered. [helmvolumeclaimtemplatesit:hivemq-pvc-data-test-hivemq-platform-1]
2025-01-28 23:36:26,216 INFO c.h.h.t.HelmChartContainer - [EVENT] Normal [Provisioning] External provisioner is provisioning volume for claim "helmvolumeclaimtemplatesit/hivemq-pvc-data-test-hivemq-platform-1" [helmvolumeclaimtemplatesit:hivemq-pvc-data-test-hivemq-platform-1]
2025-01-28 23:36:26,219 INFO c.h.h.t.HelmChartContainer - [EVENT] Normal [ExternalProvisioning] Waiting for a volume to be created either by the external provisioner 'rancher.io/local-path' or manually by the system administrator. If volume creation is delayed, please verify that the provisioner is running and correctly registered. [helmvolumeclaimtemplatesit:hivemq-pvc-data-test-hivemq-platform-1]
2025-01-28 23:36:26,227 INFO c.h.h.t.HelmChartContainer - [hivemq-test-hivemq-platform] [hivemq-platform-operator] [e1373b83] 23:36:26.224 [ReconcilerExecutor-hivemq-controller-115] DEBUG c.h.p.o.h.HiveMQPlatformReconcilerErrorHandler - [helmvolu] Pod 'test-hivemq-platform-0' phase Running
2025-01-28 23:36:26,227 INFO c.h.h.t.HelmChartContainer - [hivemq-test-hivemq-platform] [hivemq-platform-operator] [e1373b83] 23:36:26.225 [ReconcilerExecutor-hivemq-controller-115] INFO  c.h.p.o.h.HiveMQPlatformReconcilerBaseHandler - [helmvolu] HiveMQ Platform is starting, 0 of 2 replicas are ready
2025-01-28 23:36:26,231 INFO c.h.h.t.HelmChartContainer - [hivemq-test-hivemq-platform] [hivemq-platform-operator] [e1373b83] 23:36:26.229 [pool-6-thread-26] DEBUG c.h.p.o.d.PlatformServiceResource - [helmvolu] Desired Platform services (3 services)
2025-01-28 23:36:26,234 INFO c.h.h.t.HelmChartContainer - [hivemq-test-hivemq-platform] [hivemq-platform-operator] [e1373b83] 23:36:26.232 [pool-6-thread-25] DEBUG c.h.p.o.dependants.PodInfoConfigMap - [helmvolu] Desired PodInfo ConfigMap (1 extensions) (1 enabled)
2025-01-28 23:36:26,234 INFO c.h.h.t.HelmChartContainer - [hivemq-test-hivemq-platform] [hivemq-platform-operator] [e1373b83] 23:36:26.233 [pool-6-thread-25] DEBUG c.h.p.o.dependants.PodInfoConfigMap - [helmvolu] Desired PodInfo ConfigMap (metrics port: 9399) (metrics path: /)
2025-01-28 23:36:26,234 INFO c.h.h.t.HelmChartContainer - [hivemq-test-hivemq-platform] [hivemq-platform-operator] [e1373b83] 23:36:26.233 [pool-6-thread-25] DEBUG c.h.p.o.dependants.PodInfoConfigMap - [helmvolu] Desired PodInfo ConfigMap (extension state hash: -1817474005)
2025-01-28 23:36:26,235 INFO c.h.h.t.HelmChartContainer - [hivemq-test-hivemq-platform] [hivemq-platform-operator] [e1373b83] 23:36:26.233 [pool-6-thread-26] DEBUG c.h.p.o.d.PodServiceAccountResource - [helmvolu] Desired PodServiceAccountResource (serviceAccountName: hivemq-platform-pod-test-hivemq-platform)
2025-01-28 23:36:26,239 INFO c.h.h.t.HelmChartContainer - [hivemq-test-hivemq-platform] [hivemq-platform-operator] [e1373b83] 23:36:26.238 [pool-6-thread-26] DEBUG c.h.p.o.d.StatefulSetResource - [helmvolu] Desired StatefulSet (2 replicas) for status STARTING (READY)
2025-01-28 23:36:26,245 INFO c.h.h.t.HelmChartContainer - [hivemq-test-hivemq-platform] [hivemq-platform-operator] [e1373b83] 23:36:26.244 [ReconcilerExecutor-hivemq-controller-116] INFO  c.h.p.o.HiveMQPlatformReconciler - [helmvolu] Reconciling HiveMQ Platform 'test-hivemq-platform' in namespace 'helmvolumeclaimtemplatesit'
2025-01-28 23:36:26,245 INFO c.h.h.t.HelmChartContainer - [hivemq-test-hivemq-platform] [hivemq-platform-operator] [e1373b83] 23:36:26.244 [ReconcilerExecutor-hivemq-controller-116] DEBUG c.h.p.o.HiveMQPlatformReconciler - [helmvolu] Custom Resource Status STARTING - HiveMQ Platform is starting (READY)
2025-01-28 23:36:26,245 INFO c.h.h.t.HelmChartContainer - [hivemq-test-hivemq-platform] [hivemq-platform-operator] [e1373b83] 23:36:26.244 [ReconcilerExecutor-hivemq-controller-116] DEBUG c.h.p.o.HiveMQPlatformReconciler - [helmvolu] Custom Resource Spec (replicas: 2) (extensions: 1)
2025-01-28 23:36:26,294 INFO c.h.h.t.HelmChartContainer - [POD] helper-pod-create-pvc-a7dcc88a-6433-4c66-ab84-75f8c7223870 [f7023d71-4eb8-4dca-b186-df8bc039520c] in kube-system was ADDED
2025-01-28 23:36:26,301 INFO c.h.h.t.HelmChartContainer - [POD] helper-pod-create-pvc-a7dcc88a-6433-4c66-ab84-75f8c7223870 [f7023d71-4eb8-4dca-b186-df8bc039520c] in kube-system was MODIFIED
2025-01-28 23:36:26,328 INFO c.h.h.t.HelmChartContainer - [hivemq-test-hivemq-platform] [hivemq-platform-operator] [e1373b83] 23:36:26.325 [ReconcilerExecutor-hivemq-controller-116] DEBUG c.h.p.o.HiveMQPlatformReconciler - [helmvolu] StatefulSet Status (revision: test-hivemq-platform-6c7bb94cbd, replicas: 1, available: 1, ready: 1, current: 1, updated: 1)
2025-01-28 23:36:26,328 INFO c.h.h.t.HelmChartContainer - [hivemq-test-hivemq-platform] [hivemq-platform-operator] [e1373b83] 23:36:26.326 [ReconcilerExecutor-hivemq-controller-116] DEBUG c.h.p.o.HiveMQPlatformReconciler - [helmvolu] StatefulSet Spec (replicas: 2, init containers: 1, containers: 1, volumes: 4)
2025-01-28 23:36:26,328 INFO c.h.h.t.HelmChartContainer - [hivemq-test-hivemq-platform] [hivemq-platform-operator] [e1373b83] 23:36:26.327 [ReconcilerExecutor-hivemq-controller-116] DEBUG c.h.p.o.h.HiveMQPlatformReconcilerErrorHandler - [helmvolu] Pod 'test-hivemq-platform-1' phase Pending
2025-01-28 23:36:26,330 INFO c.h.h.t.HelmChartContainer - [hivemq-test-hivemq-platform] [hivemq-platform-operator] [e1373b83] 23:36:26.330 [ReconcilerExecutor-hivemq-controller-116] DEBUG c.h.p.o.h.HiveMQPlatformReconcilerErrorHandler - [helmvolu] Pod 'test-hivemq-platform-0' phase Running
2025-01-28 23:36:26,332 INFO c.h.h.t.HelmChartContainer - [hivemq-test-hivemq-platform] [hivemq-platform-operator] [e1373b83] 23:36:26.330 [ReconcilerExecutor-hivemq-controller-116] INFO  c.h.p.o.h.HiveMQPlatformReconcilerBaseHandler - [helmvolu] HiveMQ Platform is starting, 1 of 2 replicas are ready
2025-01-28 23:36:26,335 INFO c.h.h.t.HelmChartContainer - [hivemq-test-hivemq-platform] [hivemq-platform-operator] [e1373b83] 23:36:26.334 [pool-6-thread-39] DEBUG c.h.p.o.d.PlatformServiceResource - [helmvolu] Desired Platform services (3 services)
2025-01-28 23:36:26,337 INFO c.h.h.t.HelmChartContainer - [hivemq-test-hivemq-platform] [hivemq-platform-operator] [e1373b83] 23:36:26.336 [pool-6-thread-37] DEBUG c.h.p.o.dependants.PodInfoConfigMap - [helmvolu] Desired PodInfo ConfigMap (1 extensions) (1 enabled)
2025-01-28 23:36:26,341 INFO c.h.h.t.HelmChartContainer - [hivemq-test-hivemq-platform] [hivemq-platform-operator] [e1373b83] 23:36:26.336 [pool-6-thread-37] DEBUG c.h.p.o.dependants.PodInfoConfigMap - [helmvolu] Desired PodInfo ConfigMap (metrics port: 9399) (metrics path: /)
2025-01-28 23:36:26,341 INFO c.h.h.t.HelmChartContainer - [hivemq-test-hivemq-platform] [hivemq-platform-operator] [e1373b83] 23:36:26.336 [pool-6-thread-37] DEBUG c.h.p.o.dependants.PodInfoConfigMap - [helmvolu] Desired PodInfo ConfigMap (extension state hash: -1817474005)
2025-01-28 23:36:26,341 INFO c.h.h.t.HelmChartContainer - [hivemq-test-hivemq-platform] [hivemq-platform-operator] [e1373b83] 23:36:26.338 [pool-6-thread-33] DEBUG c.h.p.o.d.PodServiceAccountResource - [helmvolu] Desired PodServiceAccountResource (serviceAccountName: hivemq-platform-pod-test-hivemq-platform)
2025-01-28 23:36:26,382 INFO c.h.h.t.HelmChartContainer - [K3S] [reconciler_common.go:251] "operationExecutor.VerifyControllerAttachedVolume started for volume \"data\" (UniqueName: \"kubernetes.io/host-path/f7023d71-4eb8-4dca-b186-df8bc039520c-data\") pod \"helper-pod-create-pvc-a7dcc88a-6433-4c66-ab84-75f8c7223870\" (UID: \"f7023d71-4eb8-4dca-b186-df8bc039520c\") " pod="kube-system/helper-pod-create-pvc-a7dcc88a-6433-4c66-ab84-75f8c7223870"
2025-01-28 23:36:26,382 INFO c.h.h.t.HelmChartContainer - [K3S] [reconciler_common.go:251] "operationExecutor.VerifyControllerAttachedVolume started for volume \"kube-api-access-hvjqn\" (UniqueName: \"kubernetes.io/projected/f7023d71-4eb8-4dca-b186-df8bc039520c-kube-api-access-hvjqn\") pod \"helper-pod-create-pvc-a7dcc88a-6433-4c66-ab84-75f8c7223870\" (UID: \"f7023d71-4eb8-4dca-b186-df8bc039520c\") " pod="kube-system/helper-pod-create-pvc-a7dcc88a-6433-4c66-ab84-75f8c7223870"
2025-01-28 23:36:26,382 INFO c.h.h.t.HelmChartContainer - [K3S] [reconciler_common.go:251] "operationExecutor.VerifyControllerAttachedVolume started for volume \"script\" (UniqueName: \"kubernetes.io/configmap/f7023d71-4eb8-4dca-b186-df8bc039520c-script\") pod \"helper-pod-create-pvc-a7dcc88a-6433-4c66-ab84-75f8c7223870\" (UID: \"f7023d71-4eb8-4dca-b186-df8bc039520c\") " pod="kube-system/helper-pod-create-pvc-a7dcc88a-6433-4c66-ab84-75f8c7223870"
2025-01-28 23:36:26,428 INFO c.h.h.t.HelmChartContainer - [hivemq-test-hivemq-platform] [hivemq-platform-operator] [e1373b83] 23:36:26.427 [pool-6-thread-38] DEBUG c.h.p.o.d.StatefulSetResource - [helmvolu] Desired StatefulSet (2 replicas) for status STARTING (READY)
2025-01-28 23:36:26,433 INFO c.h.h.t.HelmChartContainer - [hivemq-test-hivemq-platform] [hivemq-platform-operator] [e1373b83] 23:36:26.431 [ReconcilerExecutor-hivemq-controller-117] INFO  c.h.p.o.HiveMQPlatformReconciler - [helmvolu] Reconciling HiveMQ Platform 'test-hivemq-platform' in namespace 'helmvolumeclaimtemplatesit'
2025-01-28 23:36:26,433 INFO c.h.h.t.HelmChartContainer - [hivemq-test-hivemq-platform] [hivemq-platform-operator] [e1373b83] 23:36:26.431 [ReconcilerExecutor-hivemq-controller-117] DEBUG c.h.p.o.HiveMQPlatformReconciler - [helmvolu] Custom Resource Status STARTING - HiveMQ Platform is starting (READY)
2025-01-28 23:36:26,433 INFO c.h.h.t.HelmChartContainer - [hivemq-test-hivemq-platform] [hivemq-platform-operator] [e1373b83] 23:36:26.431 [ReconcilerExecutor-hivemq-controller-117] DEBUG c.h.p.o.HiveMQPlatformReconciler - [helmvolu] Custom Resource Spec (replicas: 2) (extensions: 1)
2025-01-28 23:36:26,435 INFO c.h.h.t.HelmChartContainer - [hivemq-test-hivemq-platform] [hivemq-platform-operator] [e1373b83] 23:36:26.434 [ReconcilerExecutor-hivemq-controller-117] DEBUG c.h.p.o.HiveMQPlatformReconciler - [helmvolu] StatefulSet Status (revision: test-hivemq-platform-6c7bb94cbd, replicas: 2, available: 1, ready: 1, current: 2, updated: 2)
2025-01-28 23:36:26,436 INFO c.h.h.t.HelmChartContainer - [hivemq-test-hivemq-platform] [hivemq-platform-operator] [e1373b83] 23:36:26.434 [ReconcilerExecutor-hivemq-controller-117] DEBUG c.h.p.o.HiveMQPlatformReconciler - [helmvolu] StatefulSet Spec (replicas: 2, init containers: 1, containers: 1, volumes: 4)
2025-01-28 23:36:26,436 INFO c.h.h.t.HelmChartContainer - [hivemq-test-hivemq-platform] [hivemq-platform-operator] [e1373b83] 23:36:26.436 [ReconcilerExecutor-hivemq-controller-117] DEBUG c.h.p.o.h.HiveMQPlatformReconcilerErrorHandler - [helmvolu] Pod 'test-hivemq-platform-1' phase Pending
2025-01-28 23:36:26,439 INFO c.h.h.t.HelmChartContainer - [hivemq-test-hivemq-platform] [hivemq-platform-operator] [e1373b83] 23:36:26.438 [ReconcilerExecutor-hivemq-controller-117] DEBUG c.h.p.o.h.HiveMQPlatformReconcilerErrorHandler - [helmvolu] Pod 'test-hivemq-platform-0' phase Running
2025-01-28 23:36:26,440 INFO c.h.h.t.HelmChartContainer - [hivemq-test-hivemq-platform] [hivemq-platform-operator] [e1373b83] 23:36:26.439 [ReconcilerExecutor-hivemq-controller-117] INFO  c.h.p.o.h.HiveMQPlatformReconcilerBaseHandler - [helmvolu] HiveMQ Platform is starting, 1 of 2 replicas are ready
2025-01-28 23:36:27,312 INFO c.h.h.t.HelmChartContainer - [POD] helper-pod-create-pvc-a7dcc88a-6433-4c66-ab84-75f8c7223870 [f7023d71-4eb8-4dca-b186-df8bc039520c] in kube-system was MODIFIED
2025-01-28 23:36:28,380 INFO c.h.h.t.HelmChartContainer - [POD] helper-pod-create-pvc-a7dcc88a-6433-4c66-ab84-75f8c7223870 [f7023d71-4eb8-4dca-b186-df8bc039520c] in kube-system was MODIFIED
2025-01-28 23:36:28,492 INFO c.h.h.t.HelmChartContainer - [K3S] [reconciler_common.go:162] "operationExecutor.UnmountVolume started for volume \"script\" (UniqueName: \"kubernetes.io/configmap/f7023d71-4eb8-4dca-b186-df8bc039520c-script\") pod \"f7023d71-4eb8-4dca-b186-df8bc039520c\" (UID: \"f7023d71-4eb8-4dca-b186-df8bc039520c\") "
2025-01-28 23:36:28,492 INFO c.h.h.t.HelmChartContainer - [K3S] [reconciler_common.go:162] "operationExecutor.UnmountVolume started for volume \"data\" (UniqueName: \"kubernetes.io/host-path/f7023d71-4eb8-4dca-b186-df8bc039520c-data\") pod \"f7023d71-4eb8-4dca-b186-df8bc039520c\" (UID: \"f7023d71-4eb8-4dca-b186-df8bc039520c\") "
2025-01-28 23:36:28,492 INFO c.h.h.t.HelmChartContainer - [K3S] [reconciler_common.go:162] "operationExecutor.UnmountVolume started for volume \"kube-api-access-hvjqn\" (UniqueName: \"kubernetes.io/projected/f7023d71-4eb8-4dca-b186-df8bc039520c-kube-api-access-hvjqn\") pod \"f7023d71-4eb8-4dca-b186-df8bc039520c\" (UID: \"f7023d71-4eb8-4dca-b186-df8bc039520c\") "
2025-01-28 23:36:28,593 INFO c.h.h.t.HelmChartContainer - [K3S] [reconciler_common.go:299] "Volume detached for volume \"kube-api-access-hvjqn\" (UniqueName: \"kubernetes.io/projected/f7023d71-4eb8-4dca-b186-df8bc039520c-kube-api-access-hvjqn\") on node \"e2cd8e671f95\" DevicePath \"\""
2025-01-28 23:36:28,593 INFO c.h.h.t.HelmChartContainer - [K3S] [reconciler_common.go:299] "Volume detached for volume \"data\" (UniqueName: \"kubernetes.io/host-path/f7023d71-4eb8-4dca-b186-df8bc039520c-data\") on node \"e2cd8e671f95\" DevicePath \"\""
2025-01-28 23:36:28,593 INFO c.h.h.t.HelmChartContainer - [K3S] [reconciler_common.go:299] "Volume detached for volume \"script\" (UniqueName: \"kubernetes.io/configmap/f7023d71-4eb8-4dca-b186-df8bc039520c-script\") on node \"e2cd8e671f95\" DevicePath \"\""
2025-01-28 23:36:29,307 INFO c.h.h.t.HelmChartContainer - [K3S] [pod_container_deletor.go:80] "Container not found in pod's containers" containerID="a9d442716005be7a0496c33410bbca6b6e7d78e826f9f3d77359571cfa675371"
2025-01-28 23:36:29,316 INFO c.h.h.t.HelmChartContainer - [K3S] [status_manager.go:890] "Failed to get status for pod" podUID="f7023d71-4eb8-4dca-b186-df8bc039520c" pod="kube-system/helper-pod-create-pvc-a7dcc88a-6433-4c66-ab84-75f8c7223870" err="pods \"helper-pod-create-pvc-a7dcc88a-6433-4c66-ab84-75f8c7223870\" is forbidden: User \"system:node:e2cd8e671f95\" cannot get resource \"pods\" in API group \"\" in the namespace \"kube-system\": no relationship found between node 'e2cd8e671f95' and this object"
2025-01-28 23:36:29,316 INFO c.h.h.t.HelmChartContainer - [POD] helper-pod-create-pvc-a7dcc88a-6433-4c66-ab84-75f8c7223870 [f7023d71-4eb8-4dca-b186-df8bc039520c] in kube-system was MODIFIED
2025-01-28 23:36:29,317 INFO c.h.h.t.HelmChartContainer - [POD] helper-pod-create-pvc-a7dcc88a-6433-4c66-ab84-75f8c7223870 [f7023d71-4eb8-4dca-b186-df8bc039520c] in kube-system was DELETED
2025-01-28 23:36:29,323 INFO c.h.h.t.HelmChartContainer - [EVENT] Normal [ProvisioningSucceeded] Successfully provisioned volume pvc-a7dcc88a-6433-4c66-ab84-75f8c7223870 [helmvolumeclaimtemplatesit:hivemq-pvc-data-test-hivemq-platform-1]
2025-01-28 23:36:29,946 INFO c.h.h.t.HelmChartContainer - [K3S] [kubelet_volumes.go:163] "Cleaned up orphaned pod volumes dir" podUID="f7023d71-4eb8-4dca-b186-df8bc039520c" path="/var/lib/kubelet/pods/f7023d71-4eb8-4dca-b186-df8bc039520c/volumes"
2025-01-28 23:36:30,211 INFO c.h.h.t.HelmChartContainer - [POD] test-hivemq-platform-1 [2a16c913-ddca-4d99-82ba-49653b2f2dc1] in helmvolumeclaimtemplatesit was MODIFIED
2025-01-28 23:36:30,212 INFO c.h.h.t.HelmChartContainer - [K3S] [memory_manager.go:355] "RemoveStaleState removing state" podUID="f7023d71-4eb8-4dca-b186-df8bc039520c" containerName="helper-pod"
2025-01-28 23:36:30,216 INFO c.h.h.t.HelmChartContainer - [EVENT] Normal [Scheduled] Successfully assigned helmvolumeclaimtemplatesit/test-hivemq-platform-1 to e2cd8e671f95 [helmvolumeclaimtemplatesit:test-hivemq-platform-1]
2025-01-28 23:36:30,224 INFO c.h.h.t.HelmChartContainer - [POD] test-hivemq-platform-1 [2a16c913-ddca-4d99-82ba-49653b2f2dc1] in helmvolumeclaimtemplatesit was MODIFIED
2025-01-28 23:36:30,229 INFO c.h.h.t.HelmChartContainer - [hivemq-test-hivemq-platform] [hivemq-platform-operator] [e1373b83] 23:36:30.227 [pool-6-thread-44] DEBUG c.h.p.o.d.PlatformServiceResource - [helmvolu] Desired Platform services (3 services)
2025-01-28 23:36:30,231 INFO c.h.h.t.HelmChartContainer - [hivemq-test-hivemq-platform] [hivemq-platform-operator] [e1373b83] 23:36:30.230 [pool-6-thread-47] DEBUG c.h.p.o.d.PodServiceAccountResource - [helmvolu] Desired PodServiceAccountResource (serviceAccountName: hivemq-platform-pod-test-hivemq-platform)
2025-01-28 23:36:30,231 INFO c.h.h.t.HelmChartContainer - [hivemq-test-hivemq-platform] [hivemq-platform-operator] [e1373b83] 23:36:30.231 [pool-6-thread-43] DEBUG c.h.p.o.dependants.PodInfoConfigMap - [helmvolu] Desired PodInfo ConfigMap (1 extensions) (1 enabled)
2025-01-28 23:36:30,233 INFO c.h.h.t.HelmChartContainer - [hivemq-test-hivemq-platform] [hivemq-platform-operator] [e1373b83] 23:36:30.231 [pool-6-thread-43] DEBUG c.h.p.o.dependants.PodInfoConfigMap - [helmvolu] Desired PodInfo ConfigMap (metrics port: 9399) (metrics path: /)
2025-01-28 23:36:30,233 INFO c.h.h.t.HelmChartContainer - [hivemq-test-hivemq-platform] [hivemq-platform-operator] [e1373b83] 23:36:30.231 [pool-6-thread-43] DEBUG c.h.p.o.dependants.PodInfoConfigMap - [helmvolu] Desired PodInfo ConfigMap (extension state hash: -1817474005)
2025-01-28 23:36:30,238 INFO c.h.h.t.HelmChartContainer - [hivemq-test-hivemq-platform] [hivemq-platform-operator] [e1373b83] 23:36:30.237 [pool-6-thread-44] DEBUG c.h.p.o.d.StatefulSetResource - [helmvolu] Desired StatefulSet (2 replicas) for status STARTING (READY)
2025-01-28 23:36:30,302 INFO c.h.h.t.HelmChartContainer - [K3S] [reconciler_common.go:251] "operationExecutor.VerifyControllerAttachedVolume started for volume \"pod-info\" (UniqueName: \"kubernetes.io/configmap/2a16c913-ddca-4d99-82ba-49653b2f2dc1-pod-info\") pod \"test-hivemq-platform-1\" (UID: \"2a16c913-ddca-4d99-82ba-49653b2f2dc1\") " pod="helmvolumeclaimtemplatesit/test-hivemq-platform-1"
2025-01-28 23:36:30,302 INFO c.h.h.t.HelmChartContainer - [K3S] [reconciler_common.go:251] "operationExecutor.VerifyControllerAttachedVolume started for volume \"broker-configuration\" (UniqueName: \"kubernetes.io/configmap/2a16c913-ddca-4d99-82ba-49653b2f2dc1-broker-configuration\") pod \"test-hivemq-platform-1\" (UID: \"2a16c913-ddca-4d99-82ba-49653b2f2dc1\") " pod="helmvolumeclaimtemplatesit/test-hivemq-platform-1"
2025-01-28 23:36:30,302 INFO c.h.h.t.HelmChartContainer - [K3S] [reconciler_common.go:251] "operationExecutor.VerifyControllerAttachedVolume started for volume \"pvc-a7dcc88a-6433-4c66-ab84-75f8c7223870\" (UniqueName: \"kubernetes.io/local-volume/pvc-a7dcc88a-6433-4c66-ab84-75f8c7223870\") pod \"test-hivemq-platform-1\" (UID: \"2a16c913-ddca-4d99-82ba-49653b2f2dc1\") " pod="helmvolumeclaimtemplatesit/test-hivemq-platform-1"
2025-01-28 23:36:30,302 INFO c.h.h.t.HelmChartContainer - [K3S] [reconciler_common.go:251] "operationExecutor.VerifyControllerAttachedVolume started for volume \"operator-init\" (UniqueName: \"kubernetes.io/empty-dir/2a16c913-ddca-4d99-82ba-49653b2f2dc1-operator-init\") pod \"test-hivemq-platform-1\" (UID: \"2a16c913-ddca-4d99-82ba-49653b2f2dc1\") " pod="helmvolumeclaimtemplatesit/test-hivemq-platform-1"
2025-01-28 23:36:30,302 INFO c.h.h.t.HelmChartContainer - [K3S] [reconciler_common.go:251] "operationExecutor.VerifyControllerAttachedVolume started for volume \"kube-api-access-lfrbg\" (UniqueName: \"kubernetes.io/projected/2a16c913-ddca-4d99-82ba-49653b2f2dc1-kube-api-access-lfrbg\") pod \"test-hivemq-platform-1\" (UID: \"2a16c913-ddca-4d99-82ba-49653b2f2dc1\") " pod="helmvolumeclaimtemplatesit/test-hivemq-platform-1"
2025-01-28 23:36:30,311 INFO c.h.h.t.HelmChartContainer - [hivemq-test-hivemq-platform] [hivemq-platform-operator] [e1373b83] 23:36:30.311 [ReconcilerExecutor-hivemq-controller-118] INFO  c.h.p.o.HiveMQPlatformReconciler - [helmvolu] Reconciling HiveMQ Platform 'test-hivemq-platform' in namespace 'helmvolumeclaimtemplatesit'
2025-01-28 23:36:30,312 INFO c.h.h.t.HelmChartContainer - [hivemq-test-hivemq-platform] [hivemq-platform-operator] [e1373b83] 23:36:30.311 [ReconcilerExecutor-hivemq-controller-118] DEBUG c.h.p.o.HiveMQPlatformReconciler - [helmvolu] Custom Resource Status STARTING - HiveMQ Platform is starting (READY)
2025-01-28 23:36:30,312 INFO c.h.h.t.HelmChartContainer - [hivemq-test-hivemq-platform] [hivemq-platform-operator] [e1373b83] 23:36:30.311 [ReconcilerExecutor-hivemq-controller-118] DEBUG c.h.p.o.HiveMQPlatformReconciler - [helmvolu] Custom Resource Spec (replicas: 2) (extensions: 1)
2025-01-28 23:36:30,314 INFO c.h.h.t.HelmChartContainer - [hivemq-test-hivemq-platform] [hivemq-platform-operator] [e1373b83] 23:36:30.313 [ReconcilerExecutor-hivemq-controller-118] DEBUG c.h.p.o.HiveMQPlatformReconciler - [helmvolu] StatefulSet Status (revision: test-hivemq-platform-6c7bb94cbd, replicas: 2, available: 1, ready: 1, current: 2, updated: 2)
2025-01-28 23:36:30,315 INFO c.h.h.t.HelmChartContainer - [hivemq-test-hivemq-platform] [hivemq-platform-operator] [e1373b83] 23:36:30.313 [ReconcilerExecutor-hivemq-controller-118] DEBUG c.h.p.o.HiveMQPlatformReconciler - [helmvolu] StatefulSet Spec (replicas: 2, init containers: 1, containers: 1, volumes: 4)
2025-01-28 23:36:30,316 INFO c.h.h.t.HelmChartContainer - [hivemq-test-hivemq-platform] [hivemq-platform-operator] [e1373b83] 23:36:30.315 [ReconcilerExecutor-hivemq-controller-118] DEBUG c.h.p.o.h.HiveMQPlatformReconcilerErrorHandler - [helmvolu] Pod 'test-hivemq-platform-1' phase Pending
2025-01-28 23:36:30,317 INFO c.h.h.t.HelmChartContainer - [hivemq-test-hivemq-platform] [hivemq-platform-operator] [e1373b83] 23:36:30.315 [ReconcilerExecutor-hivemq-controller-118] DEBUG c.h.p.o.h.HiveMQPlatformReconcilerErrorHandler - [helmvolu] Pod 'test-hivemq-platform-1' condition 'PodReadyToStartContainers': False
2025-01-28 23:36:30,317 INFO c.h.h.t.HelmChartContainer - [hivemq-test-hivemq-platform] [hivemq-platform-operator] [e1373b83] 23:36:30.315 [ReconcilerExecutor-hivemq-controller-118] DEBUG c.h.p.o.h.HiveMQPlatformReconcilerErrorHandler - [helmvolu] Pod 'test-hivemq-platform-1' condition 'Initialized': False
2025-01-28 23:36:30,317 INFO c.h.h.t.HelmChartContainer - [hivemq-test-hivemq-platform] [hivemq-platform-operator] [e1373b83] 23:36:30.315 [ReconcilerExecutor-hivemq-controller-118] DEBUG c.h.p.o.h.HiveMQPlatformReconcilerErrorHandler - [helmvolu] Pod 'test-hivemq-platform-1' condition 'Ready': False
2025-01-28 23:36:30,317 INFO c.h.h.t.HelmChartContainer - [hivemq-test-hivemq-platform] [hivemq-platform-operator] [e1373b83] 23:36:30.315 [ReconcilerExecutor-hivemq-controller-118] DEBUG c.h.p.o.h.HiveMQPlatformReconcilerErrorHandler - [helmvolu] Pod 'test-hivemq-platform-1' condition 'ContainersReady': False
2025-01-28 23:36:30,317 INFO c.h.h.t.HelmChartContainer - [hivemq-test-hivemq-platform] [hivemq-platform-operator] [e1373b83] 23:36:30.315 [ReconcilerExecutor-hivemq-controller-118] DEBUG c.h.p.o.h.HiveMQPlatformReconcilerErrorHandler - [helmvolu] Pod 'test-hivemq-platform-1' condition 'PodScheduled': True
2025-01-28 23:36:30,317 INFO c.h.h.t.HelmChartContainer - [hivemq-test-hivemq-platform] [hivemq-platform-operator] [e1373b83] 23:36:30.315 [ReconcilerExecutor-hivemq-controller-118] DEBUG c.h.p.o.h.HiveMQPlatformReconcilerErrorHandler - [helmvolu] Pod 'test-hivemq-platform-1' containerStatus 'hivemq' (started: false) (ready: false) (waiting: [PodInitializing] null)
2025-01-28 23:36:30,317 INFO c.h.h.t.HelmChartContainer - [hivemq-test-hivemq-platform] [hivemq-platform-operator] [e1373b83] 23:36:30.316 [ReconcilerExecutor-hivemq-controller-118] DEBUG c.h.p.o.h.HiveMQPlatformReconcilerErrorHandler - [helmvolu] Pod 'test-hivemq-platform-0' phase Running
2025-01-28 23:36:30,318 INFO c.h.h.t.HelmChartContainer - [hivemq-test-hivemq-platform] [hivemq-platform-operator] [e1373b83] 23:36:30.317 [ReconcilerExecutor-hivemq-controller-118] INFO  c.h.p.o.h.HiveMQPlatformReconcilerBaseHandler - [helmvolu] HiveMQ Platform is starting, 1 of 2 replicas are ready
2025-01-28 23:36:30,328 INFO c.h.h.t.HelmChartContainer - [hivemq-test-hivemq-platform] [hivemq-platform-operator] [e1373b83] 23:36:30.326 [pool-6-thread-2] DEBUG c.h.p.o.d.PlatformServiceResource - [helmvolu] Desired Platform services (3 services)
2025-01-28 23:36:30,328 INFO c.h.h.t.HelmChartContainer - [hivemq-test-hivemq-platform] [hivemq-platform-operator] [e1373b83] 23:36:30.326 [pool-6-thread-7] DEBUG c.h.p.o.dependants.PodInfoConfigMap - [helmvolu] Desired PodInfo ConfigMap (1 extensions) (1 enabled)
2025-01-28 23:36:30,328 INFO c.h.h.t.HelmChartContainer - [hivemq-test-hivemq-platform] [hivemq-platform-operator] [e1373b83] 23:36:30.326 [pool-6-thread-7] DEBUG c.h.p.o.dependants.PodInfoConfigMap - [helmvolu] Desired PodInfo ConfigMap (metrics port: 9399) (metrics path: /)
2025-01-28 23:36:30,328 INFO c.h.h.t.HelmChartContainer - [hivemq-test-hivemq-platform] [hivemq-platform-operator] [e1373b83] 23:36:30.326 [pool-6-thread-7] DEBUG c.h.p.o.dependants.PodInfoConfigMap - [helmvolu] Desired PodInfo ConfigMap (extension state hash: -1817474005)
2025-01-28 23:36:30,329 INFO c.h.h.t.HelmChartContainer - [hivemq-test-hivemq-platform] [hivemq-platform-operator] [e1373b83] 23:36:30.327 [pool-6-thread-9] DEBUG c.h.p.o.d.PodServiceAccountResource - [helmvolu] Desired PodServiceAccountResource (serviceAccountName: hivemq-platform-pod-test-hivemq-platform)
2025-01-28 23:36:30,411 INFO c.h.h.t.HelmChartContainer - [hivemq-test-hivemq-platform] [hivemq-platform-operator] [e1373b83] 23:36:30.332 [pool-6-thread-5] DEBUG c.h.p.o.d.StatefulSetResource - [helmvolu] Desired StatefulSet (2 replicas) for status STARTING (READY)
2025-01-28 23:36:30,414 INFO c.h.h.t.HelmChartContainer - [hivemq-test-hivemq-platform] [hivemq-platform-operator] [e1373b83] 23:36:30.411 [ReconcilerExecutor-hivemq-controller-119] INFO  c.h.p.o.HiveMQPlatformReconciler - [helmvolu] Reconciling HiveMQ Platform 'test-hivemq-platform' in namespace 'helmvolumeclaimtemplatesit'
2025-01-28 23:36:30,414 INFO c.h.h.t.HelmChartContainer - [hivemq-test-hivemq-platform] [hivemq-platform-operator] [e1373b83] 23:36:30.411 [ReconcilerExecutor-hivemq-controller-119] DEBUG c.h.p.o.HiveMQPlatformReconciler - [helmvolu] Custom Resource Status STARTING - HiveMQ Platform is starting (READY)
2025-01-28 23:36:30,414 INFO c.h.h.t.HelmChartContainer - [hivemq-test-hivemq-platform] [hivemq-platform-operator] [e1373b83] 23:36:30.411 [ReconcilerExecutor-hivemq-controller-119] DEBUG c.h.p.o.HiveMQPlatformReconciler - [helmvolu] Custom Resource Spec (replicas: 2) (extensions: 1)
2025-01-28 23:36:30,416 INFO c.h.h.t.HelmChartContainer - [hivemq-test-hivemq-platform] [hivemq-platform-operator] [e1373b83] 23:36:30.414 [ReconcilerExecutor-hivemq-controller-119] DEBUG c.h.p.o.HiveMQPlatformReconciler - [helmvolu] StatefulSet Status (revision: test-hivemq-platform-6c7bb94cbd, replicas: 2, available: 1, ready: 1, current: 2, updated: 2)
2025-01-28 23:36:30,416 INFO c.h.h.t.HelmChartContainer - [hivemq-test-hivemq-platform] [hivemq-platform-operator] [e1373b83] 23:36:30.414 [ReconcilerExecutor-hivemq-controller-119] DEBUG c.h.p.o.HiveMQPlatformReconciler - [helmvolu] StatefulSet Spec (replicas: 2, init containers: 1, containers: 1, volumes: 4)
2025-01-28 23:36:30,417 INFO c.h.h.t.HelmChartContainer - [hivemq-test-hivemq-platform] [hivemq-platform-operator] [e1373b83] 23:36:30.416 [ReconcilerExecutor-hivemq-controller-119] DEBUG c.h.p.o.h.HiveMQPlatformReconcilerErrorHandler - [helmvolu] Pod 'test-hivemq-platform-1' phase Pending
2025-01-28 23:36:30,418 INFO c.h.h.t.HelmChartContainer - [hivemq-test-hivemq-platform] [hivemq-platform-operator] [e1373b83] 23:36:30.417 [ReconcilerExecutor-hivemq-controller-119] DEBUG c.h.p.o.h.HiveMQPlatformReconcilerErrorHandler - [helmvolu] Pod 'test-hivemq-platform-1' condition 'PodReadyToStartContainers': False
2025-01-28 23:36:30,418 INFO c.h.h.t.HelmChartContainer - [hivemq-test-hivemq-platform] [hivemq-platform-operator] [e1373b83] 23:36:30.417 [ReconcilerExecutor-hivemq-controller-119] DEBUG c.h.p.o.h.HiveMQPlatformReconcilerErrorHandler - [helmvolu] Pod 'test-hivemq-platform-1' condition 'Initialized': False
2025-01-28 23:36:30,418 INFO c.h.h.t.HelmChartContainer - [hivemq-test-hivemq-platform] [hivemq-platform-operator] [e1373b83] 23:36:30.417 [ReconcilerExecutor-hivemq-controller-119] DEBUG c.h.p.o.h.HiveMQPlatformReconcilerErrorHandler - [helmvolu] Pod 'test-hivemq-platform-1' condition 'Ready': False
2025-01-28 23:36:30,418 INFO c.h.h.t.HelmChartContainer - [hivemq-test-hivemq-platform] [hivemq-platform-operator] [e1373b83] 23:36:30.417 [ReconcilerExecutor-hivemq-controller-119] DEBUG c.h.p.o.h.HiveMQPlatformReconcilerErrorHandler - [helmvolu] Pod 'test-hivemq-platform-1' condition 'ContainersReady': False
2025-01-28 23:36:30,418 INFO c.h.h.t.HelmChartContainer - [hivemq-test-hivemq-platform] [hivemq-platform-operator] [e1373b83] 23:36:30.417 [ReconcilerExecutor-hivemq-controller-119] DEBUG c.h.p.o.h.HiveMQPlatformReconcilerErrorHandler - [helmvolu] Pod 'test-hivemq-platform-1' condition 'PodScheduled': True
2025-01-28 23:36:30,418 INFO c.h.h.t.HelmChartContainer - [hivemq-test-hivemq-platform] [hivemq-platform-operator] [e1373b83] 23:36:30.417 [ReconcilerExecutor-hivemq-controller-119] DEBUG c.h.p.o.h.HiveMQPlatformReconcilerErrorHandler - [helmvolu] Pod 'test-hivemq-platform-1' containerStatus 'hivemq' (started: false) (ready: false) (waiting: [PodInitializing] null)
2025-01-28 23:36:30,419 INFO c.h.h.t.HelmChartContainer - [hivemq-test-hivemq-platform] [hivemq-platform-operator] [e1373b83] 23:36:30.418 [ReconcilerExecutor-hivemq-controller-119] DEBUG c.h.p.o.h.HiveMQPlatformReconcilerErrorHandler - [helmvolu] Pod 'test-hivemq-platform-0' phase Running
2025-01-28 23:36:30,420 INFO c.h.h.t.HelmChartContainer - [hivemq-test-hivemq-platform] [hivemq-platform-operator] [e1373b83] 23:36:30.419 [ReconcilerExecutor-hivemq-controller-119] INFO  c.h.p.o.h.HiveMQPlatformReconcilerBaseHandler - [helmvolu] HiveMQ Platform is starting, 1 of 2 replicas are ready
2025-01-28 23:36:30,601 INFO c.h.h.t.HelmChartContainer - [EVENT] Normal [Pulled] Container image "docker.io/hivemq/hivemq-platform-operator-init-test:snapshot" already present on machine [helmvolumeclaimtemplatesit:test-hivemq-platform-1]
2025-01-28 23:36:30,606 INFO c.h.h.t.HelmChartContainer - [EVENT] Normal [Created] Created container: hivemq-platform-operator-init [helmvolumeclaimtemplatesit:test-hivemq-platform-1]
2025-01-28 23:36:30,644 INFO c.h.h.t.HelmChartContainer - [EVENT] Normal [Started] Started container hivemq-platform-operator-init [helmvolumeclaimtemplatesit:test-hivemq-platform-1]
2025-01-28 23:36:31,315 INFO c.h.h.t.HelmChartContainer - [EVENT] Normal [Pulled] Container image "docker.io/hivemq/hivemq4:4.36.0" already present on machine [helmvolumeclaimtemplatesit:test-hivemq-platform-1]
2025-01-28 23:36:31,315 INFO c.h.h.t.HelmChartContainer - Received Pulled event for container hivemq in pod test-hivemq-platform-1 [2a16c913-ddca-4d99-82ba-49653b2f2dc1]
2025-01-28 23:36:31,324 INFO c.h.h.t.HelmChartContainer - [POD] test-hivemq-platform-1 [2a16c913-ddca-4d99-82ba-49653b2f2dc1] in helmvolumeclaimtemplatesit was MODIFIED
2025-01-28 23:36:31,337 INFO c.h.h.t.HelmChartContainer - [EVENT] Normal [Created] Created container: hivemq [helmvolumeclaimtemplatesit:test-hivemq-platform-1]
2025-01-28 23:36:31,337 INFO c.h.h.t.HelmChartContainer - Received Created event for container hivemq in pod test-hivemq-platform-1 [2a16c913-ddca-4d99-82ba-49653b2f2dc1]
2025-01-28 23:36:31,355 INFO c.h.h.t.HelmChartContainer - [hivemq-test-hivemq-platform] [hivemq-platform-operator] [e1373b83] 23:36:31.339 [pool-6-thread-17] DEBUG c.h.p.o.d.PlatformServiceResource - [helmvolu] Desired Platform services (3 services)
2025-01-28 23:36:31,357 INFO c.h.h.t.HelmChartContainer - [hivemq-test-hivemq-platform] [hivemq-platform-operator] [e1373b83] 23:36:31.340 [pool-6-thread-11] DEBUG c.h.p.o.dependants.PodInfoConfigMap - [helmvolu] Desired PodInfo ConfigMap (1 extensions) (1 enabled)
2025-01-28 23:36:31,357 INFO c.h.h.t.HelmChartContainer - [hivemq-test-hivemq-platform] [hivemq-platform-operator] [e1373b83] 23:36:31.343 [pool-6-thread-12] DEBUG c.h.p.o.d.PodServiceAccountResource - [helmvolu] Desired PodServiceAccountResource (serviceAccountName: hivemq-platform-pod-test-hivemq-platform)
2025-01-28 23:36:31,358 INFO c.h.h.t.HelmChartContainer - [hivemq-test-hivemq-platform] [hivemq-platform-operator] [e1373b83] 23:36:31.341 [pool-6-thread-11] DEBUG c.h.p.o.dependants.PodInfoConfigMap - [helmvolu] Desired PodInfo ConfigMap (metrics port: 9399) (metrics path: /)
2025-01-28 23:36:31,358 INFO c.h.h.t.HelmChartContainer - [hivemq-test-hivemq-platform] [hivemq-platform-operator] [e1373b83] 23:36:31.345 [pool-6-thread-11] DEBUG c.h.p.o.dependants.PodInfoConfigMap - [helmvolu] Desired PodInfo ConfigMap (extension state hash: -1817474005)
2025-01-28 23:36:31,359 INFO c.h.h.t.HelmChartContainer - [hivemq-test-hivemq-platform] [hivemq-platform-operator] [e1373b83] 23:36:31.349 [pool-6-thread-17] DEBUG c.h.p.o.d.StatefulSetResource - [helmvolu] Desired StatefulSet (2 replicas) for status STARTING (READY)
2025-01-28 23:36:31,364 INFO c.h.h.t.HelmChartContainer - [hivemq-test-hivemq-platform] [hivemq-platform-operator] [e1373b83] 23:36:31.356 [ReconcilerExecutor-hivemq-controller-120] INFO  c.h.p.o.HiveMQPlatformReconciler - [helmvolu] Reconciling HiveMQ Platform 'test-hivemq-platform' in namespace 'helmvolumeclaimtemplatesit'
2025-01-28 23:36:31,364 INFO c.h.h.t.HelmChartContainer - [hivemq-test-hivemq-platform] [hivemq-platform-operator] [e1373b83] 23:36:31.357 [ReconcilerExecutor-hivemq-controller-120] DEBUG c.h.p.o.HiveMQPlatformReconciler - [helmvolu] Custom Resource Status STARTING - HiveMQ Platform is starting (READY)
2025-01-28 23:36:31,364 INFO c.h.h.t.HelmChartContainer - [hivemq-test-hivemq-platform] [hivemq-platform-operator] [e1373b83] 23:36:31.357 [ReconcilerExecutor-hivemq-controller-120] DEBUG c.h.p.o.HiveMQPlatformReconciler - [helmvolu] Custom Resource Spec (replicas: 2) (extensions: 1)
2025-01-28 23:36:31,364 INFO c.h.h.t.HelmChartContainer - [hivemq-test-hivemq-platform] [hivemq-platform-operator] [e1373b83] 23:36:31.359 [ReconcilerExecutor-hivemq-controller-120] DEBUG c.h.p.o.HiveMQPlatformReconciler - [helmvolu] StatefulSet Status (revision: test-hivemq-platform-6c7bb94cbd, replicas: 2, available: 1, ready: 1, current: 2, updated: 2)
2025-01-28 23:36:31,364 INFO c.h.h.t.HelmChartContainer - [hivemq-test-hivemq-platform] [hivemq-platform-operator] [e1373b83] 23:36:31.359 [ReconcilerExecutor-hivemq-controller-120] DEBUG c.h.p.o.HiveMQPlatformReconciler - [helmvolu] StatefulSet Spec (replicas: 2, init containers: 1, containers: 1, volumes: 4)
2025-01-28 23:36:31,364 INFO c.h.h.t.HelmChartContainer - [hivemq-test-hivemq-platform] [hivemq-platform-operator] [e1373b83] 23:36:31.361 [ReconcilerExecutor-hivemq-controller-120] DEBUG c.h.p.o.h.HiveMQPlatformReconcilerErrorHandler - [helmvolu] Pod 'test-hivemq-platform-1' phase Pending
2025-01-28 23:36:31,364 INFO c.h.h.t.HelmChartContainer - [hivemq-test-hivemq-platform] [hivemq-platform-operator] [e1373b83] 23:36:31.361 [ReconcilerExecutor-hivemq-controller-120] DEBUG c.h.p.o.h.HiveMQPlatformReconcilerErrorHandler - [helmvolu] Pod 'test-hivemq-platform-1' condition 'PodReadyToStartContainers': True
2025-01-28 23:36:31,364 INFO c.h.h.t.HelmChartContainer - [hivemq-test-hivemq-platform] [hivemq-platform-operator] [e1373b83] 23:36:31.361 [ReconcilerExecutor-hivemq-controller-120] DEBUG c.h.p.o.h.HiveMQPlatformReconcilerErrorHandler - [helmvolu] Pod 'test-hivemq-platform-1' condition 'Initialized': True
2025-01-28 23:36:31,374 INFO c.h.h.t.HelmChartContainer - [hivemq-test-hivemq-platform] [hivemq-platform-operator] [e1373b83] 23:36:31.361 [ReconcilerExecutor-hivemq-controller-120] DEBUG c.h.p.o.h.HiveMQPlatformReconcilerErrorHandler - [helmvolu] Pod 'test-hivemq-platform-1' condition 'Ready': False
2025-01-28 23:36:31,374 INFO c.h.h.t.HelmChartContainer - [hivemq-test-hivemq-platform] [hivemq-platform-operator] [e1373b83] 23:36:31.361 [ReconcilerExecutor-hivemq-controller-120] DEBUG c.h.p.o.h.HiveMQPlatformReconcilerErrorHandler - [helmvolu] Pod 'test-hivemq-platform-1' condition 'ContainersReady': False
2025-01-28 23:36:31,374 INFO c.h.h.t.HelmChartContainer - [hivemq-test-hivemq-platform] [hivemq-platform-operator] [e1373b83] 23:36:31.361 [ReconcilerExecutor-hivemq-controller-120] DEBUG c.h.p.o.h.HiveMQPlatformReconcilerErrorHandler - [helmvolu] Pod 'test-hivemq-platform-1' condition 'PodScheduled': True
2025-01-28 23:36:31,374 INFO c.h.h.t.HelmChartContainer - [hivemq-test-hivemq-platform] [hivemq-platform-operator] [e1373b83] 23:36:31.361 [ReconcilerExecutor-hivemq-controller-120] DEBUG c.h.p.o.h.HiveMQPlatformReconcilerErrorHandler - [helmvolu] Pod 'test-hivemq-platform-1' containerStatus 'hivemq' (started: false) (ready: false) (waiting: [PodInitializing] null)
2025-01-28 23:36:31,374 INFO c.h.h.t.HelmChartContainer - [hivemq-test-hivemq-platform] [hivemq-platform-operator] [e1373b83] 23:36:31.362 [ReconcilerExecutor-hivemq-controller-120] DEBUG c.h.p.o.h.HiveMQPlatformReconcilerErrorHandler - [helmvolu] Pod 'test-hivemq-platform-0' phase Running
2025-01-28 23:36:31,408 INFO c.h.h.t.HelmChartContainer - [hivemq-test-hivemq-platform] [hivemq-platform-operator] [e1373b83] 23:36:31.407 [ReconcilerExecutor-hivemq-controller-120] INFO  c.h.p.o.h.HiveMQPlatformReconcilerBaseHandler - [helmvolu] HiveMQ Platform is starting, 1 of 2 replicas are ready
2025-01-28 23:36:32,326 INFO c.h.h.t.HelmChartContainer - [POD] test-hivemq-platform-1 [2a16c913-ddca-4d99-82ba-49653b2f2dc1] in helmvolumeclaimtemplatesit was MODIFIED
2025-01-28 23:36:32,334 INFO c.h.h.t.HelmChartContainer - [EVENT] Normal [Started] Started container hivemq [helmvolumeclaimtemplatesit:test-hivemq-platform-1]
2025-01-28 23:36:32,334 INFO c.h.h.t.HelmChartContainer - Started log watcher for hivemq in pod test-hivemq-platform-1 [2a16c913-ddca-4d99-82ba-49653b2f2dc1]
2025-01-28 23:36:32,334 INFO c.h.h.t.HelmChartContainer - Received Started event for container hivemq in pod test-hivemq-platform-1 [2a16c913-ddca-4d99-82ba-49653b2f2dc1]
2025-01-28 23:36:32,334 INFO c.h.h.t.HelmChartContainer - [test-hivemq-platform] [hivemq] [2a16c913] Adding pre-installed HiveMQ Platform Operator extensions
2025-01-28 23:36:32,335 INFO c.h.h.t.HelmChartContainer - [test-hivemq-platform] [hivemq] [2a16c913] Running as user 10000
2025-01-28 23:36:32,335 INFO c.h.h.t.HelmChartContainer - [test-hivemq-platform] [hivemq] [2a16c913] Starting HiveMQ Platform Operator Init
2025-01-28 23:36:32,338 INFO c.h.h.t.HelmChartContainer - [hivemq-test-hivemq-platform] [hivemq-platform-operator] [e1373b83] 23:36:32.335 [pool-6-thread-23] DEBUG c.h.p.o.d.PlatformServiceResource - [helmvolu] Desired Platform services (3 services)
2025-01-28 23:36:32,342 INFO c.h.h.t.HelmChartContainer - [hivemq-test-hivemq-platform] [hivemq-platform-operator] [e1373b83] 23:36:32.337 [pool-6-thread-21] DEBUG c.h.p.o.dependants.PodInfoConfigMap - [helmvolu] Desired PodInfo ConfigMap (1 extensions) (1 enabled)
2025-01-28 23:36:32,342 INFO c.h.h.t.HelmChartContainer - [hivemq-test-hivemq-platform] [hivemq-platform-operator] [e1373b83] 23:36:32.337 [pool-6-thread-21] DEBUG c.h.p.o.dependants.PodInfoConfigMap - [helmvolu] Desired PodInfo ConfigMap (metrics port: 9399) (metrics path: /)
2025-01-28 23:36:32,342 INFO c.h.h.t.HelmChartContainer - [hivemq-test-hivemq-platform] [hivemq-platform-operator] [e1373b83] 23:36:32.337 [pool-6-thread-21] DEBUG c.h.p.o.dependants.PodInfoConfigMap - [helmvolu] Desired PodInfo ConfigMap (extension state hash: -1817474005)
2025-01-28 23:36:32,342 INFO c.h.h.t.HelmChartContainer - [hivemq-test-hivemq-platform] [hivemq-platform-operator] [e1373b83] 23:36:32.339 [pool-6-thread-27] DEBUG c.h.p.o.d.PodServiceAccountResource - [helmvolu] Desired PodServiceAccountResource (serviceAccountName: hivemq-platform-pod-test-hivemq-platform)
2025-01-28 23:36:32,424 INFO c.h.h.t.HelmChartContainer - [hivemq-test-hivemq-platform] [hivemq-platform-operator] [e1373b83] 23:36:32.352 [pool-6-thread-23] DEBUG c.h.p.o.d.StatefulSetResource - [helmvolu] Desired StatefulSet (2 replicas) for status STARTING (READY)
2025-01-28 23:36:32,428 INFO c.h.h.t.HelmChartContainer - [hivemq-test-hivemq-platform] [hivemq-platform-operator] [e1373b83] 23:36:32.427 [ReconcilerExecutor-hivemq-controller-121] INFO  c.h.p.o.HiveMQPlatformReconciler - [helmvolu] Reconciling HiveMQ Platform 'test-hivemq-platform' in namespace 'helmvolumeclaimtemplatesit'
2025-01-28 23:36:32,428 INFO c.h.h.t.HelmChartContainer - [hivemq-test-hivemq-platform] [hivemq-platform-operator] [e1373b83] 23:36:32.427 [ReconcilerExecutor-hivemq-controller-121] DEBUG c.h.p.o.HiveMQPlatformReconciler - [helmvolu] Custom Resource Status STARTING - HiveMQ Platform is starting (READY)
2025-01-28 23:36:32,428 INFO c.h.h.t.HelmChartContainer - [hivemq-test-hivemq-platform] [hivemq-platform-operator] [e1373b83] 23:36:32.427 [ReconcilerExecutor-hivemq-controller-121] DEBUG c.h.p.o.HiveMQPlatformReconciler - [helmvolu] Custom Resource Spec (replicas: 2) (extensions: 1)
2025-01-28 23:36:32,429 INFO c.h.h.t.HelmChartContainer - [hivemq-test-hivemq-platform] [hivemq-platform-operator] [e1373b83] 23:36:32.429 [ReconcilerExecutor-hivemq-controller-121] DEBUG c.h.p.o.HiveMQPlatformReconciler - [helmvolu] StatefulSet Status (revision: test-hivemq-platform-6c7bb94cbd, replicas: 2, available: 1, ready: 1, current: 2, updated: 2)
2025-01-28 23:36:32,429 INFO c.h.h.t.HelmChartContainer - [hivemq-test-hivemq-platform] [hivemq-platform-operator] [e1373b83] 23:36:32.429 [ReconcilerExecutor-hivemq-controller-121] DEBUG c.h.p.o.HiveMQPlatformReconciler - [helmvolu] StatefulSet Spec (replicas: 2, init containers: 1, containers: 1, volumes: 4)
2025-01-28 23:36:32,431 INFO c.h.h.t.HelmChartContainer - [hivemq-test-hivemq-platform] [hivemq-platform-operator] [e1373b83] 23:36:32.430 [ReconcilerExecutor-hivemq-controller-121] DEBUG c.h.p.o.h.HiveMQPlatformReconcilerErrorHandler - [helmvolu] Pod 'test-hivemq-platform-1' phase Running
2025-01-28 23:36:32,433 INFO c.h.h.t.HelmChartContainer - [hivemq-test-hivemq-platform] [hivemq-platform-operator] [e1373b83] 23:36:32.432 [ReconcilerExecutor-hivemq-controller-121] DEBUG c.h.p.o.h.HiveMQPlatformReconcilerErrorHandler - [helmvolu] Pod 'test-hivemq-platform-0' phase Running
2025-01-28 23:36:32,434 INFO c.h.h.t.HelmChartContainer - [hivemq-test-hivemq-platform] [hivemq-platform-operator] [e1373b83] 23:36:32.433 [ReconcilerExecutor-hivemq-controller-121] INFO  c.h.p.o.h.HiveMQPlatformReconcilerBaseHandler - [helmvolu] HiveMQ Platform is starting, 1 of 2 replicas are ready
2025-01-28 23:36:32,552 INFO c.h.h.t.HelmChartContainer - [test-hivemq-platform] [hivemq] [2a16c913] INFO  - [HiveMQ Platform Operator Init 1.7.0-SNAPSHOT] HiveMQ Platform Operator Init 1.7.0-SNAPSHOT (commit: bebf408 on branch: HEAD) built on Sun Jan 26 20:47:47 UTC 2025
2025-01-28 23:36:33,776 INFO c.h.h.t.HelmChartContainer - [test-hivemq-platform] [hivemq] [2a16c913] INFO  - [HiveMQ Platform Operator Init App 1.7.0-SNAPSHOT] Using bind address 10.42.0.11 from environment variable
2025-01-28 23:36:34,745 INFO c.h.h.t.HelmChartContainer - [test-hivemq-platform] [hivemq] [2a16c913] INFO  - [HiveMQ Platform Operator Init App 1.7.0-SNAPSHOT] HiveMQ Platform Operator Init App 1.7.0-SNAPSHOT (commit: bebf408 on branch: HEAD) built on Sun Jan 26 20:47:47 UTC 2025
2025-01-28 23:36:34,745 INFO c.h.h.t.HelmChartContainer - [test-hivemq-platform] [hivemq] [2a16c913] INFO  - [HiveMQ Platform Operator Init App 1.7.0-SNAPSHOT] PodInfo ConfigMap directory: /etc/podinfo
2025-01-28 23:36:34,745 INFO c.h.h.t.HelmChartContainer - [test-hivemq-platform] [hivemq] [2a16c913] INFO  - [HiveMQ Platform Operator Init App 1.7.0-SNAPSHOT] HiveMQ home directory: /opt/hivemq
2025-01-28 23:36:34,745 INFO c.h.h.t.HelmChartContainer - [test-hivemq-platform] [hivemq] [2a16c913] INFO  - [HiveMQ Platform Operator Init App 1.7.0-SNAPSHOT] HiveMQ Logback folder: /opt/hivemq/conf
2025-01-28 23:36:34,745 INFO c.h.h.t.HelmChartContainer - [test-hivemq-platform] [hivemq] [2a16c913] INFO  - [HiveMQ Platform Operator Init App 1.7.0-SNAPSHOT] HiveMQ Config folder: /opt/hivemq/conf-k8s
2025-01-28 23:36:34,745 INFO c.h.h.t.HelmChartContainer - [test-hivemq-platform] [hivemq] [2a16c913] INFO  - [HiveMQ Platform Operator Init App 1.7.0-SNAPSHOT] Starting HiveMQ Platform Operator Init App
2025-01-28 23:36:34,745 INFO c.h.h.t.HelmChartContainer - [test-hivemq-platform] [hivemq] [2a16c913] INFO  - [HiveMQ Platform Operator Init App 1.7.0-SNAPSHOT] Starting Pod reconciler
2025-01-28 23:36:35,966 INFO c.h.h.t.HelmChartContainer - [test-hivemq-platform] [hivemq] [2a16c913] INFO  - [HiveMQ Platform Operator Init App 1.7.0-SNAPSHOT] Pod reconciler is scheduled (interval: 5000 ms)
2025-01-28 23:36:35,967 INFO c.h.h.t.HelmChartContainer - [test-hivemq-platform] [hivemq] [2a16c913] INFO  - [HiveMQ Platform Operator Init App 1.7.0-SNAPSHOT] Starting the REST API on 10.42.0.11:7979
2025-01-28 23:36:35,970 INFO c.h.h.t.HelmChartContainer - [test-hivemq-platform] [hivemq] [2a16c913] INFO  - [HiveMQ Platform Operator Init App 1.7.0-SNAPSHOT] Waiting up to 600s for at most 2 HiveMQ nodes in cluster service hivemq-test-hivemq-platform-cluster.helmvolumeclaimtemplatesit.svc
2025-01-28 23:36:36,356 INFO c.h.h.t.HelmChartContainer - [test-hivemq-platform] [hivemq] [2a16c913] INFO  - [HiveMQ Platform Operator Init App 1.7.0-SNAPSHOT] Resolved 2 IP addresses: [10.42.0.11, 10.42.0.9]
2025-01-28 23:36:36,356 INFO c.h.h.t.HelmChartContainer - [test-hivemq-platform] [hivemq] [2a16c913] INFO  - [HiveMQ Platform Operator Init App 1.7.0-SNAPSHOT] HiveMQ node count of 2 is within threshold of 2
2025-01-28 23:36:36,356 INFO c.h.h.t.HelmChartContainer - [test-hivemq-platform] [hivemq] [2a16c913] INFO  - [HiveMQ Platform Operator Init App 1.7.0-SNAPSHOT] Proceeding with container start
2025-01-28 23:36:36,459 INFO c.h.h.t.HelmChartContainer - [test-hivemq-platform] [hivemq] [2a16c913] INFO  - [HiveMQ Platform Operator Init App 1.7.0-SNAPSHOT] Initializing HiveMQ Platform extensions with initial configuration: {hivemq-allow-all-extension={start-priority=-1, skip-https-hostname-verification=false, restart=true, config-version=0, header-version=0, c-uri=, priority=-1, uri=preinstalled, skip-https-certificate-validation=false, enabled=true}, hivemq-prometheus-extension={priority=-1, start-priority=-1, c-uri=, skip-https-hostname-verification=false, skip-https-certificate-validation=false, uri=preinstalled, request-header-path=no-request-headers, enabled=true, restart=true}}
2025-01-28 23:36:36,853 INFO c.h.h.t.HelmChartContainer - [test-hivemq-platform] [hivemq] [2a16c913] INFO  - [HiveMQ Platform Operator Init App 1.7.0-SNAPSHOT] Extension hivemq-allow-all-extension was already enabled
2025-01-28 23:36:36,942 INFO c.h.h.t.HelmChartContainer - [test-hivemq-platform] [hivemq] [2a16c913] INFO  - [HiveMQ Platform Operator Init App 1.7.0-SNAPSHOT] Successfully enabled extension hivemq-prometheus-extension
2025-01-28 23:36:36,943 INFO c.h.h.t.HelmChartContainer - [test-hivemq-platform] [hivemq] [2a16c913] INFO  - [HiveMQ Platform Operator Init App 1.7.0-SNAPSHOT] Starting HiveMQ Platform version 4.36.0 (4.36.0)
2025-01-28 23:36:36,944 INFO c.h.h.t.HelmChartContainer - [test-hivemq-platform] [hivemq] [2a16c913] INFO  - [HiveMQ Platform Operator Init App 1.7.0-SNAPSHOT] Configuring the HiveMQ Platform
2025-01-28 23:36:36,952 INFO c.h.h.t.HelmChartContainer - [test-hivemq-platform] [hivemq] [2a16c913] INFO  - [HiveMQ Platform Operator Init App 1.7.0-SNAPSHOT] Changed logback.xml file scan period to 20 seconds
2025-01-28 23:36:37,048 INFO c.h.h.t.HelmChartContainer - [test-hivemq-platform] [hivemq] [2a16c913] INFO  - [HiveMQ Platform Operator Init App 1.7.0-SNAPSHOT] Starting the HiveMQ Platform
2025-01-28 23:36:37,051 INFO c.h.h.t.HelmChartContainer - [test-hivemq-platform] [hivemq] [2a16c913] -------------------------------------------------------------------------
2025-01-28 23:36:37,051 INFO c.h.h.t.HelmChartContainer - [test-hivemq-platform] [hivemq] [2a16c913] 
2025-01-28 23:36:37,051 INFO c.h.h.t.HelmChartContainer - [test-hivemq-platform] [hivemq] [2a16c913]                   _    _  _              __  __   ____
2025-01-28 23:36:37,051 INFO c.h.h.t.HelmChartContainer - [test-hivemq-platform] [hivemq] [2a16c913]                  | |  | |(_)            |  \/  | / __ \
2025-01-28 23:36:37,051 INFO c.h.h.t.HelmChartContainer - [test-hivemq-platform] [hivemq] [2a16c913]                  | |__| | _ __   __ ___ | \  / || |  | |
2025-01-28 23:36:37,051 INFO c.h.h.t.HelmChartContainer - [test-hivemq-platform] [hivemq] [2a16c913]                  |  __  || |\ \ / // _ \| |\/| || |  | |
2025-01-28 23:36:37,051 INFO c.h.h.t.HelmChartContainer - [test-hivemq-platform] [hivemq] [2a16c913]                  | |  | || | \ V /|  __/| |  | || |__| |
2025-01-28 23:36:37,051 INFO c.h.h.t.HelmChartContainer - [test-hivemq-platform] [hivemq] [2a16c913]                  |_|  |_||_|  \_/  \___||_|  |_| \___\_\
2025-01-28 23:36:37,051 INFO c.h.h.t.HelmChartContainer - [test-hivemq-platform] [hivemq] [2a16c913] 
2025-01-28 23:36:37,051 INFO c.h.h.t.HelmChartContainer - [test-hivemq-platform] [hivemq] [2a16c913] -------------------------------------------------------------------------
2025-01-28 23:36:37,051 INFO c.h.h.t.HelmChartContainer - [test-hivemq-platform] [hivemq] [2a16c913] 
2025-01-28 23:36:37,051 INFO c.h.h.t.HelmChartContainer - [test-hivemq-platform] [hivemq] [2a16c913]   HiveMQ Start Script for Linux/Unix v1.14
2025-01-28 23:36:37,051 INFO c.h.h.t.HelmChartContainer - [test-hivemq-platform] [hivemq] [2a16c913] 
2025-01-28 23:36:37,156 INFO c.h.h.t.HelmChartContainer - [test-hivemq-platform] [hivemq] [2a16c913] -------------------------------------------------------------------------
2025-01-28 23:36:37,156 INFO c.h.h.t.HelmChartContainer - [test-hivemq-platform] [hivemq] [2a16c913] 
2025-01-28 23:36:37,156 INFO c.h.h.t.HelmChartContainer - [test-hivemq-platform] [hivemq] [2a16c913]   HIVEMQ_HOME: /opt/hivemq
2025-01-28 23:36:37,156 INFO c.h.h.t.HelmChartContainer - [test-hivemq-platform] [hivemq] [2a16c913] 
2025-01-28 23:36:37,156 INFO c.h.h.t.HelmChartContainer - [test-hivemq-platform] [hivemq] [2a16c913]   JAVA_OPTS: -XX:+UnlockExperimentalVMOptions -XX:InitialRAMPercentage=50 -XX:MaxRAMPercentage=50 -Djava.net.preferIPv4Stack=true --add-opens java.base/java.lang=ALL-UNNAMED --add-opens java.base/java.nio=ALL-UNNAMED --add-opens java.base/sun.nio.ch=ALL-UNNAMED --add-opens jdk.management/com.sun.management.internal=ALL-UNNAMED --add-exports java.base/jdk.internal.misc=ALL-UNNAMED -Djava.security.egd=file:/dev/./urandom -Dcom.sun.management.jmxremote -Dcom.sun.management.jmxremote.port=9010 -Dcom.sun.management.jmxremote.local.only=false -Dcom.sun.management.jmxremote.authenticate=false -Dcom.sun.management.jmxremote.ssl=false -Duser.language=en -Duser.region=US -XX:+CrashOnOutOfMemoryError -XX:+HeapDumpOnOutOfMemoryError
2025-01-28 23:36:37,156 INFO c.h.h.t.HelmChartContainer - [test-hivemq-platform] [hivemq] [2a16c913] 
2025-01-28 23:36:37,156 INFO c.h.h.t.HelmChartContainer - [test-hivemq-platform] [hivemq] [2a16c913]   JAVA_VERSION: 21
2025-01-28 23:36:37,156 INFO c.h.h.t.HelmChartContainer - [test-hivemq-platform] [hivemq] [2a16c913] 
2025-01-28 23:36:37,156 INFO c.h.h.t.HelmChartContainer - [test-hivemq-platform] [hivemq] [2a16c913] -------------------------------------------------------------------------
2025-01-28 23:36:37,156 INFO c.h.h.t.HelmChartContainer - [test-hivemq-platform] [hivemq] [2a16c913] 
2025-01-28 23:36:38,345 INFO c.h.h.t.HelmChartContainer - [test-hivemq-platform] [hivemq] [2a16c913] INFO  - [HiveMQ Platform Operator Init App 1.7.0-SNAPSHOT] Returning default Health API response 503 for readiness
2025-01-28 23:36:38,743 INFO c.h.h.t.HelmChartContainer - [EVENT] Warning [Unhealthy] Readiness probe failed: HTTP probe failed with statuscode: 503 [helmvolumeclaimtemplatesit:test-hivemq-platform-1]
2025-01-28 23:36:38,745 INFO c.h.h.t.HelmChartContainer - Received Unhealthy event for container hivemq in pod test-hivemq-platform-1 [2a16c913-ddca-4d99-82ba-49653b2f2dc1]
2025-01-28 23:36:39,843 INFO c.h.h.t.HelmChartContainer - [test-hivemq-platform] [hivemq] [2a16c913] INFO  - Starting HiveMQ Enterprise Server
2025-01-28 23:36:39,851 INFO c.h.h.t.HelmChartContainer - [test-hivemq-platform] [hivemq] [2a16c913] INFO  - HiveMQ version: 4.36.0
2025-01-28 23:36:39,851 INFO c.h.h.t.HelmChartContainer - [test-hivemq-platform] [hivemq] [2a16c913] INFO  - HiveMQ home directory: /opt/hivemq
2025-01-28 23:36:39,851 INFO c.h.h.t.HelmChartContainer - [test-hivemq-platform] [hivemq] [2a16c913] INFO  - Log Configuration was overridden by /opt/hivemq/conf/logback.xml
2025-01-28 23:36:41,141 INFO c.h.h.t.HelmChartContainer - [test-hivemq-platform] [hivemq] [2a16c913] INFO  - Successfully loaded configuration from '/opt/hivemq/conf-k8s/config.xml'.
2025-01-28 23:36:41,748 INFO c.h.h.t.HelmChartContainer - [test-hivemq-platform] [hivemq] [2a16c913] INFO  - This node's ID is 1gXDm
2025-01-28 23:36:41,748 INFO c.h.h.t.HelmChartContainer - [test-hivemq-platform] [hivemq] [2a16c913] INFO  - Clustering is enabled
2025-01-28 23:36:42,438 INFO c.h.h.t.HelmChartContainer - [hivemq-test-hivemq-platform] [hivemq-platform-operator] [e1373b83] 23:36:42.436 [pool-6-thread-33] DEBUG c.h.p.o.d.PlatformServiceResource - [helmvolu] Desired Platform services (3 services)
2025-01-28 23:36:42,441 INFO c.h.h.t.HelmChartContainer - [hivemq-test-hivemq-platform] [hivemq-platform-operator] [e1373b83] 23:36:42.440 [pool-6-thread-31] DEBUG c.h.p.o.d.PodServiceAccountResource - [helmvolu] Desired PodServiceAccountResource (serviceAccountName: hivemq-platform-pod-test-hivemq-platform)
2025-01-28 23:36:42,447 INFO c.h.h.t.HelmChartContainer - [hivemq-test-hivemq-platform] [hivemq-platform-operator] [e1373b83] 23:36:42.446 [pool-6-thread-37] DEBUG c.h.p.o.dependants.PodInfoConfigMap - [helmvolu] Desired PodInfo ConfigMap (1 extensions) (1 enabled)
2025-01-28 23:36:42,447 INFO c.h.h.t.HelmChartContainer - [hivemq-test-hivemq-platform] [hivemq-platform-operator] [e1373b83] 23:36:42.446 [pool-6-thread-37] DEBUG c.h.p.o.dependants.PodInfoConfigMap - [helmvolu] Desired PodInfo ConfigMap (metrics port: 9399) (metrics path: /)
2025-01-28 23:36:42,447 INFO c.h.h.t.HelmChartContainer - [hivemq-test-hivemq-platform] [hivemq-platform-operator] [e1373b83] 23:36:42.447 [pool-6-thread-37] DEBUG c.h.p.o.dependants.PodInfoConfigMap - [helmvolu] Desired PodInfo ConfigMap (extension state hash: -1817474005)
2025-01-28 23:36:42,452 INFO c.h.h.t.HelmChartContainer - [hivemq-test-hivemq-platform] [hivemq-platform-operator] [e1373b83] 23:36:42.452 [pool-6-thread-37] DEBUG c.h.p.o.d.StatefulSetResource - [helmvolu] Desired StatefulSet (2 replicas) for status STARTING (READY)
2025-01-28 23:36:42,459 INFO c.h.h.t.HelmChartContainer - [hivemq-test-hivemq-platform] [hivemq-platform-operator] [e1373b83] 23:36:42.458 [ReconcilerExecutor-hivemq-controller-122] INFO  c.h.p.o.HiveMQPlatformReconciler - [helmvolu] Reconciling HiveMQ Platform 'test-hivemq-platform' in namespace 'helmvolumeclaimtemplatesit'
2025-01-28 23:36:42,459 INFO c.h.h.t.HelmChartContainer - [hivemq-test-hivemq-platform] [hivemq-platform-operator] [e1373b83] 23:36:42.458 [ReconcilerExecutor-hivemq-controller-122] DEBUG c.h.p.o.HiveMQPlatformReconciler - [helmvolu] Custom Resource Status STARTING - HiveMQ Platform is starting (READY)
2025-01-28 23:36:42,460 INFO c.h.h.t.HelmChartContainer - [hivemq-test-hivemq-platform] [hivemq-platform-operator] [e1373b83] 23:36:42.458 [ReconcilerExecutor-hivemq-controller-122] DEBUG c.h.p.o.HiveMQPlatformReconciler - [helmvolu] Custom Resource Spec (replicas: 2) (extensions: 1)
2025-01-28 23:36:42,461 INFO c.h.h.t.HelmChartContainer - [hivemq-test-hivemq-platform] [hivemq-platform-operator] [e1373b83] 23:36:42.460 [ReconcilerExecutor-hivemq-controller-122] DEBUG c.h.p.o.HiveMQPlatformReconciler - [helmvolu] StatefulSet Status (revision: test-hivemq-platform-6c7bb94cbd, replicas: 2, available: 1, ready: 1, current: 2, updated: 2)
2025-01-28 23:36:42,461 INFO c.h.h.t.HelmChartContainer - [hivemq-test-hivemq-platform] [hivemq-platform-operator] [e1373b83] 23:36:42.460 [ReconcilerExecutor-hivemq-controller-122] DEBUG c.h.p.o.HiveMQPlatformReconciler - [helmvolu] StatefulSet Spec (replicas: 2, init containers: 1, containers: 1, volumes: 4)
2025-01-28 23:36:42,463 INFO c.h.h.t.HelmChartContainer - [hivemq-test-hivemq-platform] [hivemq-platform-operator] [e1373b83] 23:36:42.462 [ReconcilerExecutor-hivemq-controller-122] DEBUG c.h.p.o.h.HiveMQPlatformReconcilerErrorHandler - [helmvolu] Pod 'test-hivemq-platform-1' phase Running
2025-01-28 23:36:42,464 INFO c.h.h.t.HelmChartContainer - [hivemq-test-hivemq-platform] [hivemq-platform-operator] [e1373b83] 23:36:42.463 [ReconcilerExecutor-hivemq-controller-122] DEBUG c.h.p.o.h.HiveMQPlatformReconcilerErrorHandler - [helmvolu] Pod 'test-hivemq-platform-0' phase Running
2025-01-28 23:36:42,464 INFO c.h.h.t.HelmChartContainer - [hivemq-test-hivemq-platform] [hivemq-platform-operator] [e1373b83] 23:36:42.463 [ReconcilerExecutor-hivemq-controller-122] INFO  c.h.p.o.h.HiveMQPlatformReconcilerBaseHandler - [helmvolu] HiveMQ Platform is starting, 1 of 2 replicas are ready
2025-01-28 23:36:42,757 INFO c.h.h.t.HelmChartContainer - [test-hivemq-platform] [hivemq] [919bc9c6] INFO  - [HiveMQ Platform Operator Init App 1.7.0-SNAPSHOT] Returning Health API response 200 for liveness
2025-01-28 23:36:43,746 INFO c.h.h.t.HelmChartContainer - [test-hivemq-platform] [hivemq] [2a16c913] WARN  - [HiveMQ Platform Operator Init App 1.7.0-SNAPSHOT] Cannot connect to Health API for readiness: null
2025-01-28 23:36:43,750 INFO c.h.h.t.HelmChartContainer - [EVENT] Warning [Unhealthy] Readiness probe failed: HTTP probe failed with statuscode: 503 [helmvolumeclaimtemplatesit:test-hivemq-platform-1]
2025-01-28 23:36:43,751 INFO c.h.h.t.HelmChartContainer - Received Unhealthy event for container hivemq in pod test-hivemq-platform-1 [2a16c913-ddca-4d99-82ba-49653b2f2dc1]
2025-01-28 23:36:47,340 INFO c.h.h.t.HelmChartContainer - [test-hivemq-platform] [hivemq] [2a16c913] Jan 28, 2025 11:36:47 PM io.vertx.core.impl.BlockedThreadChecker
2025-01-28 23:36:47,341 INFO c.h.h.t.HelmChartContainer - [test-hivemq-platform] [hivemq] [2a16c913] WARNING: Thread Thread[vert.x-eventloop-thread-1,5,main] has been blocked for 2602 ms, time limit is 2000 ms
2025-01-28 23:36:48,042 INFO c.h.h.t.HelmChartContainer - [test-hivemq-platform] [hivemq] [2a16c913] INFO  - [HiveMQ Platform Operator Init App 1.7.0-SNAPSHOT] Updating Pod HiveMQ Platform Operator Init App version annotation (version: 1.7.0-SNAPSHOT)
2025-01-28 23:36:48,341 INFO c.h.h.t.HelmChartContainer - [test-hivemq-platform] [hivemq] [2a16c913] WARN  - [HiveMQ Platform Operator Init App 1.7.0-SNAPSHOT] Cannot connect to Health API for readiness: null
2025-01-28 23:36:48,348 INFO c.h.h.t.HelmChartContainer - [EVENT] Warning [Unhealthy] Readiness probe failed: HTTP probe failed with statuscode: 503 [helmvolumeclaimtemplatesit:test-hivemq-platform-1]
2025-01-28 23:36:48,348 INFO c.h.h.t.HelmChartContainer - Received Unhealthy event for container hivemq in pod test-hivemq-platform-1 [2a16c913-ddca-4d99-82ba-49653b2f2dc1]
2025-01-28 23:36:48,652 INFO c.h.h.t.HelmChartContainer - [POD] test-hivemq-platform-1 [2a16c913-ddca-4d99-82ba-49653b2f2dc1] in helmvolumeclaimtemplatesit was MODIFIED
2025-01-28 23:36:48,731 INFO c.h.h.t.HelmChartContainer - [hivemq-test-hivemq-platform] [hivemq-platform-operator] [e1373b83] 23:36:48.656 [pool-6-thread-48] DEBUG c.h.p.o.d.PlatformServiceResource - [helmvolu] Desired Platform services (3 services)
2025-01-28 23:36:48,731 INFO c.h.h.t.HelmChartContainer - [test-hivemq-platform] [hivemq] [2a16c913] INFO  - [HiveMQ Platform Operator Init App 1.7.0-SNAPSHOT] Successfully updated Pod HiveMQ Platform Operator Init App version annotation (version: 1.7.0-SNAPSHOT)
2025-01-28 23:36:48,733 INFO c.h.h.t.HelmChartContainer - [hivemq-test-hivemq-platform] [hivemq-platform-operator] [e1373b83] 23:36:48.657 [pool-6-thread-43] DEBUG c.h.p.o.dependants.PodInfoConfigMap - [helmvolu] Desired PodInfo ConfigMap (1 extensions) (1 enabled)
2025-01-28 23:36:48,733 INFO c.h.h.t.HelmChartContainer - [hivemq-test-hivemq-platform] [hivemq-platform-operator] [e1373b83] 23:36:48.658 [pool-6-thread-45] DEBUG c.h.p.o.d.PodServiceAccountResource - [helmvolu] Desired PodServiceAccountResource (serviceAccountName: hivemq-platform-pod-test-hivemq-platform)
2025-01-28 23:36:48,733 INFO c.h.h.t.HelmChartContainer - [hivemq-test-hivemq-platform] [hivemq-platform-operator] [e1373b83] 23:36:48.657 [pool-6-thread-43] DEBUG c.h.p.o.dependants.PodInfoConfigMap - [helmvolu] Desired PodInfo ConfigMap (metrics port: 9399) (metrics path: /)
2025-01-28 23:36:48,733 INFO c.h.h.t.HelmChartContainer - [hivemq-test-hivemq-platform] [hivemq-platform-operator] [e1373b83] 23:36:48.660 [pool-6-thread-43] DEBUG c.h.p.o.dependants.PodInfoConfigMap - [helmvolu] Desired PodInfo ConfigMap (extension state hash: -1817474005)
2025-01-28 23:36:48,733 INFO c.h.h.t.HelmChartContainer - [hivemq-test-hivemq-platform] [hivemq-platform-operator] [e1373b83] 23:36:48.664 [pool-6-thread-41] DEBUG c.h.p.o.d.StatefulSetResource - [helmvolu] Desired StatefulSet (2 replicas) for status STARTING (READY)
2025-01-28 23:36:48,733 INFO c.h.h.t.HelmChartContainer - [hivemq-test-hivemq-platform] [hivemq-platform-operator] [e1373b83] 23:36:48.667 [ReconcilerExecutor-hivemq-controller-123] INFO  c.h.p.o.HiveMQPlatformReconciler - [helmvolu] Reconciling HiveMQ Platform 'test-hivemq-platform' in namespace 'helmvolumeclaimtemplatesit'
2025-01-28 23:36:48,733 INFO c.h.h.t.HelmChartContainer - [hivemq-test-hivemq-platform] [hivemq-platform-operator] [e1373b83] 23:36:48.667 [ReconcilerExecutor-hivemq-controller-123] DEBUG c.h.p.o.HiveMQPlatformReconciler - [helmvolu] Custom Resource Status STARTING - HiveMQ Platform is starting (READY)
2025-01-28 23:36:48,733 INFO c.h.h.t.HelmChartContainer - [hivemq-test-hivemq-platform] [hivemq-platform-operator] [e1373b83] 23:36:48.667 [ReconcilerExecutor-hivemq-controller-123] DEBUG c.h.p.o.HiveMQPlatformReconciler - [helmvolu] Custom Resource Spec (replicas: 2) (extensions: 1)
2025-01-28 23:36:48,733 INFO c.h.h.t.HelmChartContainer - [hivemq-test-hivemq-platform] [hivemq-platform-operator] [e1373b83] 23:36:48.668 [ReconcilerExecutor-hivemq-controller-123] DEBUG c.h.p.o.HiveMQPlatformReconciler - [helmvolu] StatefulSet Status (revision: test-hivemq-platform-6c7bb94cbd, replicas: 2, available: 1, ready: 1, current: 2, updated: 2)
2025-01-28 23:36:48,733 INFO c.h.h.t.HelmChartContainer - [hivemq-test-hivemq-platform] [hivemq-platform-operator] [e1373b83] 23:36:48.669 [ReconcilerExecutor-hivemq-controller-123] DEBUG c.h.p.o.HiveMQPlatformReconciler - [helmvolu] StatefulSet Spec (replicas: 2, init containers: 1, containers: 1, volumes: 4)
2025-01-28 23:36:48,733 INFO c.h.h.t.HelmChartContainer - [hivemq-test-hivemq-platform] [hivemq-platform-operator] [e1373b83] 23:36:48.670 [ReconcilerExecutor-hivemq-controller-123] DEBUG c.h.p.o.h.HiveMQPlatformReconcilerErrorHandler - [helmvolu] Pod 'test-hivemq-platform-1' phase Running
2025-01-28 23:36:48,733 INFO c.h.h.t.HelmChartContainer - [hivemq-test-hivemq-platform] [hivemq-platform-operator] [e1373b83] 23:36:48.671 [ReconcilerExecutor-hivemq-controller-123] DEBUG c.h.p.o.h.HiveMQPlatformReconcilerErrorHandler - [helmvolu] Pod 'test-hivemq-platform-0' phase Running
2025-01-28 23:36:48,733 INFO c.h.h.t.HelmChartContainer - [hivemq-test-hivemq-platform] [hivemq-platform-operator] [e1373b83] 23:36:48.671 [ReconcilerExecutor-hivemq-controller-123] INFO  c.h.p.o.h.HiveMQPlatformReconcilerBaseHandler - [helmvolu] HiveMQ Platform is starting, 1 of 2 replicas are ready
2025-01-28 23:36:48,733 INFO c.h.h.t.HelmChartContainer - [test-hivemq-platform] [hivemq] [2a16c913] WARN  - [HiveMQ Platform Operator Init App 1.7.0-SNAPSHOT] Cannot connect to Health API for readiness: null
2025-01-28 23:36:48,737 INFO c.h.h.t.HelmChartContainer - [EVENT] Warning [Unhealthy] Readiness probe failed: HTTP probe failed with statuscode: 503 [helmvolumeclaimtemplatesit:test-hivemq-platform-1]
2025-01-28 23:36:48,738 INFO c.h.h.t.HelmChartContainer - Received Unhealthy event for container hivemq in pod test-hivemq-platform-1 [2a16c913-ddca-4d99-82ba-49653b2f2dc1]
2025-01-28 23:36:53,660 INFO c.h.h.t.HelmChartContainer - [test-hivemq-platform] [hivemq] [2a16c913] WARN  - [HiveMQ Platform Operator Init App 1.7.0-SNAPSHOT] Cannot connect to Health API for readiness: null
2025-01-28 23:36:53,738 INFO c.h.h.t.HelmChartContainer - [EVENT] Warning [Unhealthy] Readiness probe failed: HTTP probe failed with statuscode: 503 [helmvolumeclaimtemplatesit:test-hivemq-platform-1]
2025-01-28 23:36:53,738 INFO c.h.h.t.HelmChartContainer - Received Unhealthy event for container hivemq in pod test-hivemq-platform-1 [2a16c913-ddca-4d99-82ba-49653b2f2dc1]
2025-01-28 23:36:58,682 INFO c.h.h.t.HelmChartContainer - [hivemq-test-hivemq-platform] [hivemq-platform-operator] [e1373b83] 23:36:58.677 [pool-6-thread-1] DEBUG c.h.p.o.d.PlatformServiceResource - [helmvolu] Desired Platform services (3 services)
2025-01-28 23:36:58,682 INFO c.h.h.t.HelmChartContainer - [hivemq-test-hivemq-platform] [hivemq-platform-operator] [e1373b83] 23:36:58.678 [pool-6-thread-7] DEBUG c.h.p.o.dependants.PodInfoConfigMap - [helmvolu] Desired PodInfo ConfigMap (1 extensions) (1 enabled)
2025-01-28 23:36:58,682 INFO c.h.h.t.HelmChartContainer - [hivemq-test-hivemq-platform] [hivemq-platform-operator] [e1373b83] 23:36:58.678 [pool-6-thread-7] DEBUG c.h.p.o.dependants.PodInfoConfigMap - [helmvolu] Desired PodInfo ConfigMap (metrics port: 9399) (metrics path: /)
2025-01-28 23:36:58,682 INFO c.h.h.t.HelmChartContainer - [hivemq-test-hivemq-platform] [hivemq-platform-operator] [e1373b83] 23:36:58.678 [pool-6-thread-7] DEBUG c.h.p.o.dependants.PodInfoConfigMap - [helmvolu] Desired PodInfo ConfigMap (extension state hash: -1817474005)
2025-01-28 23:36:58,682 INFO c.h.h.t.HelmChartContainer - [hivemq-test-hivemq-platform] [hivemq-platform-operator] [e1373b83] 23:36:58.679 [pool-6-thread-4] DEBUG c.h.p.o.d.PodServiceAccountResource - [helmvolu] Desired PodServiceAccountResource (serviceAccountName: hivemq-platform-pod-test-hivemq-platform)
2025-01-28 23:36:58,684 INFO c.h.h.t.HelmChartContainer - [hivemq-test-hivemq-platform] [hivemq-platform-operator] [e1373b83] 23:36:58.683 [pool-6-thread-1] DEBUG c.h.p.o.d.StatefulSetResource - [helmvolu] Desired StatefulSet (2 replicas) for status STARTING (READY)
2025-01-28 23:36:58,688 INFO c.h.h.t.HelmChartContainer - [hivemq-test-hivemq-platform] [hivemq-platform-operator] [e1373b83] 23:36:58.687 [ReconcilerExecutor-hivemq-controller-124] INFO  c.h.p.o.HiveMQPlatformReconciler - [helmvolu] Reconciling HiveMQ Platform 'test-hivemq-platform' in namespace 'helmvolumeclaimtemplatesit'
2025-01-28 23:36:58,688 INFO c.h.h.t.HelmChartContainer - [hivemq-test-hivemq-platform] [hivemq-platform-operator] [e1373b83] 23:36:58.687 [ReconcilerExecutor-hivemq-controller-124] DEBUG c.h.p.o.HiveMQPlatformReconciler - [helmvolu] Custom Resource Status STARTING - HiveMQ Platform is starting (READY)
2025-01-28 23:36:58,688 INFO c.h.h.t.HelmChartContainer - [hivemq-test-hivemq-platform] [hivemq-platform-operator] [e1373b83] 23:36:58.687 [ReconcilerExecutor-hivemq-controller-124] DEBUG c.h.p.o.HiveMQPlatformReconciler - [helmvolu] Custom Resource Spec (replicas: 2) (extensions: 1)
2025-01-28 23:36:58,691 INFO c.h.h.t.HelmChartContainer - [hivemq-test-hivemq-platform] [hivemq-platform-operator] [e1373b83] 23:36:58.688 [ReconcilerExecutor-hivemq-controller-124] DEBUG c.h.p.o.HiveMQPlatformReconciler - [helmvolu] StatefulSet Status (revision: test-hivemq-platform-6c7bb94cbd, replicas: 2, available: 1, ready: 1, current: 2, updated: 2)
2025-01-28 23:36:58,691 INFO c.h.h.t.HelmChartContainer - [hivemq-test-hivemq-platform] [hivemq-platform-operator] [e1373b83] 23:36:58.689 [ReconcilerExecutor-hivemq-controller-124] DEBUG c.h.p.o.HiveMQPlatformReconciler - [helmvolu] StatefulSet Spec (replicas: 2, init containers: 1, containers: 1, volumes: 4)
2025-01-28 23:36:58,691 INFO c.h.h.t.HelmChartContainer - [hivemq-test-hivemq-platform] [hivemq-platform-operator] [e1373b83] 23:36:58.690 [ReconcilerExecutor-hivemq-controller-124] DEBUG c.h.p.o.h.HiveMQPlatformReconcilerErrorHandler - [helmvolu] Pod 'test-hivemq-platform-1' phase Running
2025-01-28 23:36:58,691 INFO c.h.h.t.HelmChartContainer - [hivemq-test-hivemq-platform] [hivemq-platform-operator] [e1373b83] 23:36:58.691 [ReconcilerExecutor-hivemq-controller-124] DEBUG c.h.p.o.h.HiveMQPlatformReconcilerErrorHandler - [helmvolu] Pod 'test-hivemq-platform-0' phase Running
2025-01-28 23:36:58,692 INFO c.h.h.t.HelmChartContainer - [hivemq-test-hivemq-platform] [hivemq-platform-operator] [e1373b83] 23:36:58.691 [ReconcilerExecutor-hivemq-controller-124] INFO  c.h.p.o.h.HiveMQPlatformReconcilerBaseHandler - [helmvolu] HiveMQ Platform is starting, 1 of 2 replicas are ready
2025-01-28 23:36:58,738 INFO c.h.h.t.HelmChartContainer - [test-hivemq-platform] [hivemq] [2a16c913] WARN  - [HiveMQ Platform Operator Init App 1.7.0-SNAPSHOT] Cannot connect to Health API for readiness: null
2025-01-28 23:36:58,747 INFO c.h.h.t.HelmChartContainer - [EVENT] Warning [Unhealthy] Readiness probe failed: HTTP probe failed with statuscode: 503 [helmvolumeclaimtemplatesit:test-hivemq-platform-1]
2025-01-28 23:36:58,748 INFO c.h.h.t.HelmChartContainer - Received Unhealthy event for container hivemq in pod test-hivemq-platform-1 [2a16c913-ddca-4d99-82ba-49653b2f2dc1]
2025-01-28 23:36:59,448 INFO c.h.h.t.HelmChartContainer - [test-hivemq-platform] [hivemq] [2a16c913] INFO  - No valid license file found. Using trial license, restricted to 25 connections.
2025-01-28 23:37:00,543 INFO c.h.h.t.HelmChartContainer - [test-hivemq-platform] [hivemq] [2a16c913] WARN  - [HiveMQ Platform Operator Init App 1.7.0-SNAPSHOT] Cannot connect to Health API for liveness: null
2025-01-28 23:37:00,544 INFO c.h.h.t.HelmChartContainer - [test-hivemq-platform] [hivemq] [2a16c913] INFO  - [HiveMQ Platform Operator Init App 1.7.0-SNAPSHOT] Returning default Health API response 200 for liveness
2025-01-28 23:37:03,255 INFO c.h.h.t.HelmChartContainer - [test-hivemq-platform] [hivemq] [2a16c913] INFO  - No valid license file for Data Hub found. Using free license, restricted to 1 policy.
2025-01-28 23:37:03,733 INFO c.h.h.t.HelmChartContainer - [test-hivemq-platform] [hivemq] [2a16c913] WARN  - [HiveMQ Platform Operator Init App 1.7.0-SNAPSHOT] Cannot connect to Health API for readiness: null
2025-01-28 23:37:03,738 INFO c.h.h.t.HelmChartContainer - [EVENT] Warning [Unhealthy] Readiness probe failed: HTTP probe failed with statuscode: 503 [helmvolumeclaimtemplatesit:test-hivemq-platform-1]
2025-01-28 23:37:03,738 INFO c.h.h.t.HelmChartContainer - Received Unhealthy event for container hivemq in pod test-hivemq-platform-1 [2a16c913-ddca-4d99-82ba-49653b2f2dc1]
2025-01-28 23:37:04,543 INFO c.h.h.t.HelmChartContainer - [test-hivemq-platform] [hivemq] [2a16c913] INFO  - Audit Logger started.
2025-01-28 23:37:04,776 INFO c.h.h.t.HelmChartContainer - [test-hivemq-platform] [hivemq] [2a16c913] INFO  - This node uses '1' CPU cores.
2025-01-28 23:37:04,779 INFO c.h.h.t.HelmChartContainer - [test-hivemq-platform] [hivemq] [2a16c913] INFO  - Starting HiveMQ Health API on address 0.0.0.0 and port 8889
2025-01-28 23:37:05,651 INFO c.h.h.t.HelmChartContainer - [test-hivemq-platform] [hivemq] [2a16c913] INFO  - Started HiveMQ Health API in 871ms
2025-01-28 23:37:06,242 INFO c.h.h.t.HelmChartContainer - [test-hivemq-platform] [hivemq] [2a16c913] INFO  - Starting HiveMQ extension system.
2025-01-28 23:37:06,540 INFO c.h.h.t.HelmChartContainer - [test-hivemq-platform] [hivemq] [2a16c913] INFO  - Starting extension with id "hivemq-dns-cluster-discovery" at /opt/hivemq/extensions/hivemq-dns-cluster-discovery
2025-01-28 23:37:07,043 INFO c.h.h.t.HelmChartContainer - [test-hivemq-platform] [hivemq] [2a16c913] INFO  - Extension "DNS Cluster Discovery Extension" version 4.3.2 started successfully.
2025-01-28 23:37:07,043 INFO c.h.h.t.HelmChartContainer - [test-hivemq-platform] [hivemq] [2a16c913] INFO  - Starting extension with id "hivemq-prometheus-extension" at /opt/hivemq/extensions/hivemq-prometheus-extension
2025-01-28 23:37:07,141 INFO c.h.h.t.HelmChartContainer - [test-hivemq-platform] [hivemq] [2a16c913] INFO  - Using TCP cluster transport on address 10.42.0.11 and port 7000
2025-01-28 23:37:07,147 INFO c.h.h.t.HelmChartContainer - [test-hivemq-platform] [hivemq] [2a16c913] INFO  - Using extension cluster discovery
2025-01-28 23:37:08,046 INFO c.h.h.t.HelmChartContainer - [test-hivemq-platform] [hivemq] [2a16c913] INFO  - Started Jetty Server exposing Prometheus Servlet on URI http://0.0.0.0:9399/
2025-01-28 23:37:08,047 INFO c.h.h.t.HelmChartContainer - [test-hivemq-platform] [hivemq] [2a16c913] INFO  - Extension "Prometheus Monitoring Extension" version 4.0.12 started successfully.
2025-01-28 23:37:08,047 INFO c.h.h.t.HelmChartContainer - [test-hivemq-platform] [hivemq] [2a16c913] INFO  - Starting extension with id "hivemq-allow-all-extension" at /opt/hivemq/extensions/hivemq-allow-all-extension
2025-01-28 23:37:08,048 INFO c.h.h.t.HelmChartContainer - [test-hivemq-platform] [hivemq] [2a16c913] WARN  - 
2025-01-28 23:37:08,048 INFO c.h.h.t.HelmChartContainer - [test-hivemq-platform] [hivemq] [2a16c913] ################################################################################################################
2025-01-28 23:37:08,049 INFO c.h.h.t.HelmChartContainer - [test-hivemq-platform] [hivemq] [2a16c913] # This HiveMQ deployment is not secure! You are lacking Authentication and Authorization.                      #
2025-01-28 23:37:08,049 INFO c.h.h.t.HelmChartContainer - [test-hivemq-platform] [hivemq] [2a16c913] # Right now any MQTT client can connect to the broker with a full set of permissions.                          #
2025-01-28 23:37:08,049 INFO c.h.h.t.HelmChartContainer - [test-hivemq-platform] [hivemq] [2a16c913] # For production usage, add an appropriate security extension and remove the hivemq-allow-all extension.       #
2025-01-28 23:37:08,049 INFO c.h.h.t.HelmChartContainer - [test-hivemq-platform] [hivemq] [2a16c913] # You can download security extensions from the HiveMQ Marketplace (https://www.hivemq.com/extensions/).       #
2025-01-28 23:37:08,049 INFO c.h.h.t.HelmChartContainer - [test-hivemq-platform] [hivemq] [2a16c913] ################################################################################################################
2025-01-28 23:37:08,049 INFO c.h.h.t.HelmChartContainer - [test-hivemq-platform] [hivemq] [2a16c913] INFO  - Extension "Allow All Extension" version 1.1.1 started successfully.
2025-01-28 23:37:08,156 INFO c.h.h.t.HelmChartContainer - [test-hivemq-platform] [hivemq] [919bc9c6] INFO  - Cluster nodes found by discovery: [tQpG6|1] (2) [tQpG6, 1gXDm].
2025-01-28 23:37:08,169 INFO c.h.h.t.HelmChartContainer - [test-hivemq-platform] [hivemq] [2a16c913] INFO  - Cluster nodes found by discovery: [tQpG6|1] (2) [tQpG6, 1gXDm].
2025-01-28 23:37:08,345 INFO c.h.h.t.HelmChartContainer - [test-hivemq-platform] [hivemq] [2a16c913] INFO  - Cluster size = 1, members : [tQpG6].
2025-01-28 23:37:08,697 INFO c.h.h.t.HelmChartContainer - [hivemq-test-hivemq-platform] [hivemq-platform-operator] [e1373b83] 23:37:08.695 [pool-6-thread-19] DEBUG c.h.p.o.d.PlatformServiceResource - [helmvolu] Desired Platform services (3 services)
2025-01-28 23:37:08,697 INFO c.h.h.t.HelmChartContainer - [hivemq-test-hivemq-platform] [hivemq-platform-operator] [e1373b83] 23:37:08.696 [pool-6-thread-13] DEBUG c.h.p.o.dependants.PodInfoConfigMap - [helmvolu] Desired PodInfo ConfigMap (1 extensions) (1 enabled)
2025-01-28 23:37:08,697 INFO c.h.h.t.HelmChartContainer - [hivemq-test-hivemq-platform] [hivemq-platform-operator] [e1373b83] 23:37:08.696 [pool-6-thread-13] DEBUG c.h.p.o.dependants.PodInfoConfigMap - [helmvolu] Desired PodInfo ConfigMap (metrics port: 9399) (metrics path: /)
2025-01-28 23:37:08,700 INFO c.h.h.t.HelmChartContainer - [hivemq-test-hivemq-platform] [hivemq-platform-operator] [e1373b83] 23:37:08.696 [pool-6-thread-13] DEBUG c.h.p.o.dependants.PodInfoConfigMap - [helmvolu] Desired PodInfo ConfigMap (extension state hash: -1817474005)
2025-01-28 23:37:08,701 INFO c.h.h.t.HelmChartContainer - [hivemq-test-hivemq-platform] [hivemq-platform-operator] [e1373b83] 23:37:08.697 [pool-6-thread-12] DEBUG c.h.p.o.d.PodServiceAccountResource - [helmvolu] Desired PodServiceAccountResource (serviceAccountName: hivemq-platform-pod-test-hivemq-platform)
2025-01-28 23:37:08,704 INFO c.h.h.t.HelmChartContainer - [hivemq-test-hivemq-platform] [hivemq-platform-operator] [e1373b83] 23:37:08.703 [pool-6-thread-19] DEBUG c.h.p.o.d.StatefulSetResource - [helmvolu] Desired StatefulSet (2 replicas) for status STARTING (READY)
2025-01-28 23:37:08,709 INFO c.h.h.t.HelmChartContainer - [hivemq-test-hivemq-platform] [hivemq-platform-operator] [e1373b83] 23:37:08.708 [ReconcilerExecutor-hivemq-controller-125] INFO  c.h.p.o.HiveMQPlatformReconciler - [helmvolu] Reconciling HiveMQ Platform 'test-hivemq-platform' in namespace 'helmvolumeclaimtemplatesit'
2025-01-28 23:37:08,710 INFO c.h.h.t.HelmChartContainer - [hivemq-test-hivemq-platform] [hivemq-platform-operator] [e1373b83] 23:37:08.708 [ReconcilerExecutor-hivemq-controller-125] DEBUG c.h.p.o.HiveMQPlatformReconciler - [helmvolu] Custom Resource Status STARTING - HiveMQ Platform is starting (READY)
2025-01-28 23:37:08,710 INFO c.h.h.t.HelmChartContainer - [hivemq-test-hivemq-platform] [hivemq-platform-operator] [e1373b83] 23:37:08.708 [ReconcilerExecutor-hivemq-controller-125] DEBUG c.h.p.o.HiveMQPlatformReconciler - [helmvolu] Custom Resource Spec (replicas: 2) (extensions: 1)
2025-01-28 23:37:08,712 INFO c.h.h.t.HelmChartContainer - [hivemq-test-hivemq-platform] [hivemq-platform-operator] [e1373b83] 23:37:08.710 [ReconcilerExecutor-hivemq-controller-125] DEBUG c.h.p.o.HiveMQPlatformReconciler - [helmvolu] StatefulSet Status (revision: test-hivemq-platform-6c7bb94cbd, replicas: 2, available: 1, ready: 1, current: 2, updated: 2)
2025-01-28 23:37:08,712 INFO c.h.h.t.HelmChartContainer - [hivemq-test-hivemq-platform] [hivemq-platform-operator] [e1373b83] 23:37:08.710 [ReconcilerExecutor-hivemq-controller-125] DEBUG c.h.p.o.HiveMQPlatformReconciler - [helmvolu] StatefulSet Spec (replicas: 2, init containers: 1, containers: 1, volumes: 4)
2025-01-28 23:37:08,713 INFO c.h.h.t.HelmChartContainer - [hivemq-test-hivemq-platform] [hivemq-platform-operator] [e1373b83] 23:37:08.712 [ReconcilerExecutor-hivemq-controller-125] DEBUG c.h.p.o.h.HiveMQPlatformReconcilerErrorHandler - [helmvolu] Pod 'test-hivemq-platform-1' phase Running
2025-01-28 23:37:08,715 INFO c.h.h.t.HelmChartContainer - [hivemq-test-hivemq-platform] [hivemq-platform-operator] [e1373b83] 23:37:08.713 [ReconcilerExecutor-hivemq-controller-125] DEBUG c.h.p.o.h.HiveMQPlatformReconcilerErrorHandler - [helmvolu] Pod 'test-hivemq-platform-0' phase Running
2025-01-28 23:37:08,715 INFO c.h.h.t.HelmChartContainer - [hivemq-test-hivemq-platform] [hivemq-platform-operator] [e1373b83] 23:37:08.714 [ReconcilerExecutor-hivemq-controller-125] INFO  c.h.p.o.h.HiveMQPlatformReconcilerBaseHandler - [helmvolu] HiveMQ Platform is starting, 1 of 2 replicas are ready
2025-01-28 23:37:08,742 INFO c.h.h.t.HelmChartContainer - [test-hivemq-platform] [hivemq] [2a16c913] INFO  - Starting cluster join process. This may take a while. Please do not shut down HiveMQ.
2025-01-28 23:37:08,743 INFO c.h.h.t.HelmChartContainer - [test-hivemq-platform] [hivemq] [2a16c913] INFO  - Cluster join process is still ongoing. Please do not shut down HiveMQ.
2025-01-28 23:37:09,450 INFO c.h.h.t.HelmChartContainer - [test-hivemq-platform] [hivemq] [2a16c913] INFO  - [HiveMQ Platform Operator Init App 1.7.0-SNAPSHOT] Returning Health API response 503 for readiness
2025-01-28 23:37:09,455 INFO c.h.h.t.HelmChartContainer - [EVENT] Warning [Unhealthy] Readiness probe failed: HTTP probe failed with statuscode: 503 [helmvolumeclaimtemplatesit:test-hivemq-platform-1]
2025-01-28 23:37:09,455 INFO c.h.h.t.HelmChartContainer - Received Unhealthy event for container hivemq in pod test-hivemq-platform-1 [2a16c913-ddca-4d99-82ba-49653b2f2dc1]
2025-01-28 23:37:10,754 INFO c.h.h.t.HelmChartContainer - [test-hivemq-platform] [hivemq] [919bc9c6] INFO  - Cluster size = 2, members : [1gXDm, tQpG6].
2025-01-28 23:37:10,772 INFO c.h.h.t.HelmChartContainer - [test-hivemq-platform] [hivemq] [2a16c913] INFO  - Cluster size = 2, members : [1gXDm, tQpG6].
2025-01-28 23:37:10,846 INFO c.h.h.t.HelmChartContainer - [test-hivemq-platform] [hivemq] [2a16c913] INFO  - Finished cluster join process successfully.
2025-01-28 23:37:10,846 INFO c.h.h.t.HelmChartContainer - [test-hivemq-platform] [hivemq] [2a16c913] WARN  - No user for HiveMQ Control Center configured. Starting with default user
2025-01-28 23:37:10,853 INFO c.h.h.t.HelmChartContainer - [test-hivemq-platform] [hivemq] [2a16c913] INFO  - Starting HiveMQ Control Center on address 0.0.0.0 and port 8080
2025-01-28 23:37:10,855 INFO c.h.h.t.HelmChartContainer - [test-hivemq-platform] [hivemq] [2a16c913] INFO  - Mounting HiveMQ Control Center V2 Preview
2025-01-28 23:37:11,642 INFO c.h.h.t.HelmChartContainer - [test-hivemq-platform] [hivemq] [2a16c913] INFO  - Started HiveMQ Control Center in 800ms
2025-01-28 23:37:11,659 INFO c.h.h.t.HelmChartContainer - [test-hivemq-platform] [hivemq] [2a16c913] INFO  - Starting TCP listener on address 0.0.0.0 and port 1883
2025-01-28 23:37:11,753 INFO c.h.h.t.HelmChartContainer - [test-hivemq-platform] [hivemq] [2a16c913] INFO  - Started TCP Listener on address 0.0.0.0 and on port 1883.
2025-01-28 23:37:11,753 INFO c.h.h.t.HelmChartContainer - [test-hivemq-platform] [hivemq] [2a16c913] INFO  - Started HiveMQ in 32310ms
2025-01-28 23:37:13,657 INFO c.h.h.t.HelmChartContainer - [test-hivemq-platform] [hivemq] [2a16c913] INFO  - [HiveMQ Platform Operator Init App 1.7.0-SNAPSHOT] Returning Health API response 200 for readiness
2025-01-28 23:37:13,669 INFO c.h.h.t.HelmChartContainer - [POD] test-hivemq-platform-1 [2a16c913-ddca-4d99-82ba-49653b2f2dc1] in helmvolumeclaimtemplatesit was MODIFIED
2025-01-28 23:37:13,727 INFO c.h.h.t.HelmChartContainer - [hivemq-test-hivemq-platform] [hivemq-platform-operator] [e1373b83] 23:37:13.725 [pool-6-thread-22] DEBUG c.h.p.o.d.PlatformServiceResource - [helmvolu] Desired Platform services (3 services)
2025-01-28 23:37:13,728 INFO c.h.h.t.HelmChartContainer - [hivemq-test-hivemq-platform] [hivemq-platform-operator] [e1373b83] 23:37:13.726 [pool-6-thread-30] DEBUG c.h.p.o.dependants.PodInfoConfigMap - [helmvolu] Desired PodInfo ConfigMap (1 extensions) (1 enabled)
2025-01-28 23:37:13,730 INFO c.h.h.t.HelmChartContainer - [hivemq-test-hivemq-platform] [hivemq-platform-operator] [e1373b83] 23:37:13.729 [pool-6-thread-30] DEBUG c.h.p.o.dependants.PodInfoConfigMap - [helmvolu] Desired PodInfo ConfigMap (metrics port: 9399) (metrics path: /)
2025-01-28 23:37:13,731 INFO c.h.h.t.HelmChartContainer - [hivemq-test-hivemq-platform] [hivemq-platform-operator] [e1373b83] 23:37:13.729 [pool-6-thread-30] DEBUG c.h.p.o.dependants.PodInfoConfigMap - [helmvolu] Desired PodInfo ConfigMap (extension state hash: -1817474005)
2025-01-28 23:37:13,733 INFO c.h.h.t.HelmChartContainer - [hivemq-test-hivemq-platform] [hivemq-platform-operator] [e1373b83] 23:37:13.731 [pool-6-thread-24] DEBUG c.h.p.o.d.PodServiceAccountResource - [helmvolu] Desired PodServiceAccountResource (serviceAccountName: hivemq-platform-pod-test-hivemq-platform)
2025-01-28 23:37:13,734 INFO c.h.h.t.HelmChartContainer - [hivemq-test-hivemq-platform] [hivemq-platform-operator] [e1373b83] 23:37:13.733 [pool-6-thread-22] DEBUG c.h.p.o.d.StatefulSetResource - [helmvolu] Desired StatefulSet (2 replicas) for status STARTING (READY)
2025-01-28 23:37:13,738 INFO c.h.h.t.HelmChartContainer - [hivemq-test-hivemq-platform] [hivemq-platform-operator] [e1373b83] 23:37:13.736 [ReconcilerExecutor-hivemq-controller-126] INFO  c.h.p.o.HiveMQPlatformReconciler - [helmvolu] Reconciling HiveMQ Platform 'test-hivemq-platform' in namespace 'helmvolumeclaimtemplatesit'
2025-01-28 23:37:13,738 INFO c.h.h.t.HelmChartContainer - [hivemq-test-hivemq-platform] [hivemq-platform-operator] [e1373b83] 23:37:13.736 [ReconcilerExecutor-hivemq-controller-126] DEBUG c.h.p.o.HiveMQPlatformReconciler - [helmvolu] Custom Resource Status STARTING - HiveMQ Platform is starting (READY)
2025-01-28 23:37:13,738 INFO c.h.h.t.HelmChartContainer - [hivemq-test-hivemq-platform] [hivemq-platform-operator] [e1373b83] 23:37:13.736 [ReconcilerExecutor-hivemq-controller-126] DEBUG c.h.p.o.HiveMQPlatformReconciler - [helmvolu] Custom Resource Spec (replicas: 2) (extensions: 1)
2025-01-28 23:37:13,739 INFO c.h.h.t.HelmChartContainer - [hivemq-test-hivemq-platform] [hivemq-platform-operator] [e1373b83] 23:37:13.737 [ReconcilerExecutor-hivemq-controller-126] DEBUG c.h.p.o.HiveMQPlatformReconciler - [helmvolu] StatefulSet Status (revision: test-hivemq-platform-6c7bb94cbd, replicas: 2, available: 2, ready: 2, current: 2, updated: 2)
2025-01-28 23:37:13,739 INFO c.h.h.t.HelmChartContainer - [hivemq-test-hivemq-platform] [hivemq-platform-operator] [e1373b83] 23:37:13.738 [ReconcilerExecutor-hivemq-controller-126] DEBUG c.h.p.o.HiveMQPlatformReconciler - [helmvolu] StatefulSet Spec (replicas: 2, init containers: 1, containers: 1, volumes: 4)
2025-01-28 23:37:13,741 INFO c.h.h.t.HelmChartContainer - [hivemq-test-hivemq-platform] [hivemq-platform-operator] [e1373b83] 23:37:13.740 [ReconcilerExecutor-hivemq-controller-126] DEBUG c.h.p.o.h.HiveMQPlatformReconcilerErrorHandler - [helmvolu] Pod 'test-hivemq-platform-1' phase Running
2025-01-28 23:37:13,808 INFO c.h.h.t.HelmChartContainer - [hivemq-test-hivemq-platform] [hivemq-platform-operator] [e1373b83] 23:37:13.807 [ReconcilerExecutor-hivemq-controller-126] DEBUG c.h.p.o.h.HiveMQPlatformReconcilerErrorHandler - [helmvolu] Pod 'test-hivemq-platform-0' phase Running
2025-01-28 23:37:13,809 INFO c.h.h.t.HelmChartContainer - [hivemq-test-hivemq-platform] [hivemq-platform-operator] [e1373b83] 23:37:13.808 [ReconcilerExecutor-hivemq-controller-126] INFO  c.h.p.o.h.HiveMQPlatformReconcilerBaseHandler - [helmvolu] HiveMQ Platform started successfully
2025-01-28 23:37:13,925 INFO c.h.h.t.HelmChartContainer - [hivemq-test-hivemq-platform] [hivemq-platform-operator] [e1373b83] 23:37:13.924 [ReconcilerExecutor-hivemq-controller-126] DEBUG c.h.p.operator.event.EventSender - [helmvolu] Creating K8s event hivemq-platform-ready: [Ready] HiveMQ Platform is ready
2025-01-28 23:37:13,931 INFO c.h.h.t.HelmChartContainer - [hivemq-test-hivemq-platform] [hivemq-platform-operator] [e1373b83] 23:37:13.929 [ReconcilerExecutor-hivemq-controller-126] INFO  c.h.p.o.h.AbstractHiveMQReconcilerStateHandler - [helmvolu] Update HiveMQ Platform Status (STARTING [READY] -> RUNNING [READY]): HiveMQ Platform is ready
2025-01-28 23:37:13,933 INFO c.h.h.t.HelmChartContainer - [EVENT] Normal [Ready] HiveMQ Platform is ready [helmvolumeclaimtemplatesit:test-hivemq-platform]
2025-01-28 23:37:13,941 DEBUG com.hivemq.helmcharts.util.K8sUtil - Comparing actual state 'RUNNING' and waiting for 'RUNNING'
2025-01-28 23:37:13,943 INFO c.h.h.t.HelmChartContainer - [hivemq-test-hivemq-platform] [hivemq-platform-operator] [e1373b83] 23:37:13.942 [pool-6-thread-35] DEBUG c.h.p.o.d.PlatformServiceResource - [helmvolu] Desired Platform services (3 services)
2025-01-28 23:37:13,947 INFO c.h.h.t.HelmChartContainer - [hivemq-test-hivemq-platform] [hivemq-platform-operator] [e1373b83] 23:37:13.943 [pool-6-thread-40] DEBUG c.h.p.o.d.PodServiceAccountResource - [helmvolu] Desired PodServiceAccountResource (serviceAccountName: hivemq-platform-pod-test-hivemq-platform)
2025-01-28 23:37:13,991 INFO c.h.h.t.HelmChartContainer - [K3S] [scope.go:117] "RemoveContainer" containerID="31ac7eb6829eac45b7242c61c578a6db753ab8a7eda57415c6a707cf4579555e"
2025-01-28 23:37:14,010 INFO c.h.h.t.HelmChartContainer - [hivemq-test-hivemq-platform] [hivemq-platform-operator] [e1373b83] 23:37:13.946 [pool-6-thread-36] DEBUG c.h.p.o.dependants.PodInfoConfigMap - [helmvolu] Desired PodInfo ConfigMap (1 extensions) (1 enabled)
2025-01-28 23:37:14,010 INFO c.h.h.t.HelmChartContainer - [hivemq-test-hivemq-platform] [hivemq-platform-operator] [e1373b83] 23:37:14.009 [pool-6-thread-36] DEBUG c.h.p.o.dependants.PodInfoConfigMap - [helmvolu] Desired PodInfo ConfigMap (metrics port: 9399) (metrics path: /)
2025-01-28 23:37:14,011 INFO c.h.h.t.HelmChartContainer - [hivemq-test-hivemq-platform] [hivemq-platform-operator] [e1373b83] 23:37:14.009 [pool-6-thread-36] DEBUG c.h.p.o.dependants.PodInfoConfigMap - [helmvolu] Desired PodInfo ConfigMap (extension state hash: -1817474005)
2025-01-28 23:37:14,011 INFO c.h.h.t.HelmChartContainer - [hivemq-test-hivemq-platform] [hivemq-platform-operator] [e1373b83] 23:37:14.009 [pool-6-thread-36] DEBUG c.h.p.o.dependants.PodInfoConfigMap - [helmvolu] Update PodInfo ConfigMap
2025-01-28 23:37:14,033 INFO c.h.h.t.HelmChartContainer - [hivemq-test-hivemq-platform] [hivemq-platform-operator] [e1373b83] 23:37:14.032 [pool-6-thread-36] DEBUG c.h.p.o.d.StatefulSetResource - [helmvolu] Desired StatefulSet (2 replicas) for status RUNNING (READY)
2025-01-28 23:37:14,037 INFO c.h.h.t.HelmChartContainer - [hivemq-test-hivemq-platform] [hivemq-platform-operator] [e1373b83] 23:37:14.036 [ReconcilerExecutor-hivemq-controller-127] INFO  c.h.p.o.HiveMQPlatformReconciler - [helmvolu] Reconciling HiveMQ Platform 'test-hivemq-platform' in namespace 'helmvolumeclaimtemplatesit'
2025-01-28 23:37:14,038 INFO c.h.h.t.HelmChartContainer - [hivemq-test-hivemq-platform] [hivemq-platform-operator] [e1373b83] 23:37:14.036 [ReconcilerExecutor-hivemq-controller-127] DEBUG c.h.p.o.HiveMQPlatformReconciler - [helmvolu] Custom Resource Status RUNNING - HiveMQ Platform is ready (READY)
2025-01-28 23:37:14,039 INFO c.h.h.t.HelmChartContainer - [hivemq-test-hivemq-platform] [hivemq-platform-operator] [e1373b83] 23:37:14.036 [ReconcilerExecutor-hivemq-controller-127] DEBUG c.h.p.o.HiveMQPlatformReconciler - [helmvolu] Custom Resource Spec (replicas: 2) (extensions: 1)
2025-01-28 23:37:14,040 INFO c.h.h.t.HelmChartContainer - [hivemq-test-hivemq-platform] [hivemq-platform-operator] [e1373b83] 23:37:14.039 [ReconcilerExecutor-hivemq-controller-127] DEBUG c.h.p.o.HiveMQPlatformReconciler - [helmvolu] StatefulSet Status (revision: test-hivemq-platform-6c7bb94cbd, replicas: 2, available: 2, ready: 2, current: 2, updated: 2)
2025-01-28 23:37:14,040 INFO c.h.h.t.HelmChartContainer - [hivemq-test-hivemq-platform] [hivemq-platform-operator] [e1373b83] 23:37:14.039 [ReconcilerExecutor-hivemq-controller-127] DEBUG c.h.p.o.HiveMQPlatformReconciler - [helmvolu] StatefulSet Spec (replicas: 2, init containers: 1, containers: 1, volumes: 4)
2025-01-28 23:37:14,041 INFO c.h.h.t.HelmChartContainer - [hivemq-test-hivemq-platform] [hivemq-platform-operator] [e1373b83] 23:37:14.041 [ReconcilerExecutor-hivemq-controller-127] DEBUG c.h.p.o.h.HiveMQPlatformReconcilerErrorHandler - [helmvolu] Pod 'test-hivemq-platform-1' phase Running
2025-01-28 23:37:14,043 INFO c.h.h.t.HelmChartContainer - [hivemq-test-hivemq-platform] [hivemq-platform-operator] [e1373b83] 23:37:14.043 [ReconcilerExecutor-hivemq-controller-127] DEBUG c.h.p.o.h.HiveMQPlatformReconcilerErrorHandler - [helmvolu] Pod 'test-hivemq-platform-0' phase Running
2025-01-28 23:37:16,089 DEBUG com.hivemq.helmcharts.util.PodUtil - Received status for command '[touch, /opt/hivemq/data/test-hivemq-platform-0.txt]' on pod 'test-hivemq-platform-0' (exit code: 0)
2025-01-28 23:37:16,178 DEBUG com.hivemq.helmcharts.util.PodUtil - Received status for command '[sh, -c, echo -n 'Persisted content for pod test-hivemq-platform-0' >> /opt/hivemq/data/test-hivemq-platform-0.txt]' on pod 'test-hivemq-platform-0' (exit code: 0)
2025-01-28 23:37:16,268 DEBUG com.hivemq.helmcharts.util.PodUtil - Received status for command '[touch, /opt/hivemq/data/test-hivemq-platform-1.txt]' on pod 'test-hivemq-platform-1' (exit code: 0)
2025-01-28 23:37:16,362 DEBUG com.hivemq.helmcharts.util.PodUtil - Received status for command '[sh, -c, echo -n 'Persisted content for pod test-hivemq-platform-1' >> /opt/hivemq/data/test-hivemq-platform-1.txt]' on pod 'test-hivemq-platform-1' (exit code: 0)
2025-01-28 23:37:16,389 DEBUG com.hivemq.helmcharts.util.K8sUtil - Comparing actual state 'RUNNING' and waiting for 'ROLLING_RESTART'
2025-01-28 23:37:16,393 INFO c.h.h.t.HelmChartContainer - [hivemq-test-hivemq-platform] [hivemq-platform-operator] [e1373b83] 23:37:16.389 [pool-6-thread-50] DEBUG c.h.p.o.d.PlatformServiceResource - [helmvolu] Desired Platform services (3 services)
2025-01-28 23:37:16,396 INFO c.h.h.t.HelmChartContainer - [hivemq-test-hivemq-platform] [hivemq-platform-operator] [e1373b83] 23:37:16.389 [pool-6-thread-42] DEBUG c.h.p.o.dependants.PodInfoConfigMap - [helmvolu] Desired PodInfo ConfigMap (1 extensions) (1 enabled)
2025-01-28 23:37:16,396 INFO c.h.h.t.HelmChartContainer - [hivemq-test-hivemq-platform] [hivemq-platform-operator] [e1373b83] 23:37:16.389 [pool-6-thread-42] DEBUG c.h.p.o.dependants.PodInfoConfigMap - [helmvolu] Desired PodInfo ConfigMap (metrics port: 9399) (metrics path: /)
2025-01-28 23:37:16,396 INFO c.h.h.t.HelmChartContainer - [hivemq-test-hivemq-platform] [hivemq-platform-operator] [e1373b83] 23:37:16.390 [pool-6-thread-42] DEBUG c.h.p.o.dependants.PodInfoConfigMap - [helmvolu] Desired PodInfo ConfigMap (extension state hash: -1817474005)
2025-01-28 23:37:16,396 INFO c.h.h.t.HelmChartContainer - [hivemq-test-hivemq-platform] [hivemq-platform-operator] [e1373b83] 23:37:16.390 [pool-6-thread-49] DEBUG c.h.p.o.d.PodServiceAccountResource - [helmvolu] Desired PodServiceAccountResource (serviceAccountName: hivemq-platform-pod-test-hivemq-platform)
2025-01-28 23:37:16,397 INFO c.h.h.t.HelmChartContainer - [hivemq-test-hivemq-platform] [hivemq-platform-operator] [e1373b83] 23:37:16.396 [pool-6-thread-47] DEBUG c.h.p.o.d.StatefulSetResource - [helmvolu] Desired StatefulSet (2 replicas) for status RUNNING (READY)
2025-01-28 23:37:16,401 INFO c.h.h.t.HelmChartContainer - [hivemq-test-hivemq-platform] [hivemq-platform-operator] [e1373b83] 23:37:16.400 [pool-6-thread-47] DEBUG c.h.p.o.d.StatefulSetResource - [helmvolu] Update StatefulSet (replicas: 2 -> 2)
2025-01-28 23:37:16,402 INFO c.h.h.t.HelmChartContainer - [hivemq-test-hivemq-platform] [hivemq-platform-operator] [e1373b83] 23:37:16.402 [pool-6-thread-47] DEBUG c.h.p.o.d.StatefulSetResource - [helmvolu] Detected change in StatefulSet specification (path: /template/metadata/annotations/kubernetes-resource-versions) (actual value: {broker-configuration-v2=-2089688360}) (target value: {broker-configuration-v2=1242811043})
2025-01-28 23:37:16,403 INFO c.h.h.t.HelmChartContainer - [hivemq-test-hivemq-platform] [hivemq-platform-operator] [e1373b83] 23:37:16.402 [pool-6-thread-47] INFO  c.h.p.o.d.StatefulSetResource - [helmvolu] StatefulSet spec was updated, triggering rolling restart
2025-01-28 23:37:16,428 INFO c.h.h.t.HelmChartContainer - [hivemq-test-hivemq-platform] [hivemq-platform-operator] [e1373b83] 23:37:16.426 [ReconcilerExecutor-hivemq-controller-128] INFO  c.h.p.o.HiveMQPlatformReconciler - [helmvolu] Reconciling HiveMQ Platform 'test-hivemq-platform' in namespace 'helmvolumeclaimtemplatesit'
2025-01-28 23:37:16,429 INFO c.h.h.t.HelmChartContainer - [hivemq-test-hivemq-platform] [hivemq-platform-operator] [e1373b83] 23:37:16.427 [ReconcilerExecutor-hivemq-controller-128] DEBUG c.h.p.o.HiveMQPlatformReconciler - [helmvolu] Custom Resource Status RUNNING - HiveMQ Platform is ready (READY) (reconciliation requests: REQUESTS_UPDATED, ROLLING_RESTART)
2025-01-28 23:37:16,429 INFO c.h.h.t.HelmChartContainer - [hivemq-test-hivemq-platform] [hivemq-platform-operator] [e1373b83] 23:37:16.427 [ReconcilerExecutor-hivemq-controller-128] DEBUG c.h.p.o.HiveMQPlatformReconciler - [helmvolu] Custom Resource Spec (replicas: 2) (extensions: 1)
2025-01-28 23:37:16,430 INFO c.h.h.t.HelmChartContainer - [hivemq-test-hivemq-platform] [hivemq-platform-operator] [e1373b83] 23:37:16.428 [ReconcilerExecutor-hivemq-controller-128] DEBUG c.h.p.o.HiveMQPlatformReconciler - [helmvolu] StatefulSet Status (revision: test-hivemq-platform-6c7bb94cbd, replicas: 2, available: 2, ready: 2, current: 2, updated: 2)
2025-01-28 23:37:16,430 INFO c.h.h.t.HelmChartContainer - [hivemq-test-hivemq-platform] [hivemq-platform-operator] [e1373b83] 23:37:16.428 [ReconcilerExecutor-hivemq-controller-128] DEBUG c.h.p.o.HiveMQPlatformReconciler - [helmvolu] StatefulSet Spec (replicas: 2, init containers: 1, containers: 1, volumes: 4)
2025-01-28 23:37:16,431 INFO c.h.h.t.HelmChartContainer - [hivemq-test-hivemq-platform] [hivemq-platform-operator] [e1373b83] 23:37:16.430 [ReconcilerExecutor-hivemq-controller-128] DEBUG c.h.p.o.h.HiveMQPlatformReconcilerErrorHandler - [helmvolu] Pod 'test-hivemq-platform-1' phase Running
2025-01-28 23:37:16,432 INFO c.h.h.t.HelmChartContainer - [hivemq-test-hivemq-platform] [hivemq-platform-operator] [e1373b83] 23:37:16.431 [ReconcilerExecutor-hivemq-controller-128] DEBUG c.h.p.o.h.HiveMQPlatformReconcilerErrorHandler - [helmvolu] Pod 'test-hivemq-platform-0' phase Running
2025-01-28 23:37:16,433 INFO c.h.h.t.HelmChartContainer - [hivemq-test-hivemq-platform] [hivemq-platform-operator] [e1373b83] 23:37:16.432 [ReconcilerExecutor-hivemq-controller-128] INFO  c.h.p.o.h.HiveMQPlatformReconcilerBaseHandler - [helmvolu] Started rolling restart (scaling to 3 replicas)
2025-01-28 23:37:16,529 INFO c.h.h.t.HelmChartContainer - [hivemq-test-hivemq-platform] [hivemq-platform-operator] [e1373b83] 23:37:16.528 [ReconcilerExecutor-hivemq-controller-128] DEBUG c.h.p.operator.event.EventSender - [helmvolu] Creating K8s event rolling-restart-started: [RollingRestart] HiveMQ Platform is starting a surge Pod (rolling restart)
2025-01-28 23:37:16,532 INFO c.h.h.t.HelmChartContainer - [EVENT] Normal [RollingRestart] HiveMQ Platform is starting a surge Pod (rolling restart) [helmvolumeclaimtemplatesit:test-hivemq-platform]
2025-01-28 23:37:16,533 INFO c.h.h.t.HelmChartContainer - [hivemq-test-hivemq-platform] [hivemq-platform-operator] [e1373b83] 23:37:16.532 [ReconcilerExecutor-hivemq-controller-128] INFO  c.h.p.o.h.AbstractHiveMQReconcilerStateHandler - [helmvolu] Update HiveMQ Platform Status (RUNNING [READY] -> ROLLING_RESTART [SURGE_IN_PROGRESS]): HiveMQ Platform is starting a surge Pod (rolling restart)
2025-01-28 23:37:16,542 DEBUG com.hivemq.helmcharts.util.K8sUtil - Comparing actual state 'ROLLING_RESTART' and waiting for 'ROLLING_RESTART'
2025-01-28 23:37:16,549 INFO c.h.h.t.HelmChartContainer - [hivemq-test-hivemq-platform] [hivemq-platform-operator] [e1373b83] 23:37:16.547 [pool-6-thread-4] DEBUG c.h.p.o.d.PlatformServiceResource - [helmvolu] Desired Platform services (3 services)
2025-01-28 23:37:16,550 DEBUG com.hivemq.helmcharts.util.K8sUtil - Comparing actual state 'ROLLING_RESTART' and waiting for 'RUNNING'
2025-01-28 23:37:16,626 INFO c.h.h.t.HelmChartContainer - [hivemq-test-hivemq-platform] [hivemq-platform-operator] [e1373b83] 23:37:16.624 [pool-6-thread-6] DEBUG c.h.p.o.dependants.PodInfoConfigMap - [helmvolu] Desired PodInfo ConfigMap (1 extensions) (1 enabled)
2025-01-28 23:37:16,628 INFO c.h.h.t.HelmChartContainer - [hivemq-test-hivemq-platform] [hivemq-platform-operator] [e1373b83] 23:37:16.624 [pool-6-thread-6] DEBUG c.h.p.o.dependants.PodInfoConfigMap - [helmvolu] Desired PodInfo ConfigMap (metrics port: 9399) (metrics path: /)
2025-01-28 23:37:16,628 INFO c.h.h.t.HelmChartContainer - [hivemq-test-hivemq-platform] [hivemq-platform-operator] [e1373b83] 23:37:16.624 [pool-6-thread-7] DEBUG c.h.p.o.d.PodServiceAccountResource - [helmvolu] Desired PodServiceAccountResource (serviceAccountName: hivemq-platform-pod-test-hivemq-platform)
2025-01-28 23:37:16,628 INFO c.h.h.t.HelmChartContainer - [hivemq-test-hivemq-platform] [hivemq-platform-operator] [e1373b83] 23:37:16.624 [pool-6-thread-6] DEBUG c.h.p.o.dependants.PodInfoConfigMap - [helmvolu] Desired PodInfo ConfigMap (extension state hash: -1817474005)
2025-01-28 23:37:16,628 INFO c.h.h.t.HelmChartContainer - [hivemq-test-hivemq-platform] [hivemq-platform-operator] [e1373b83] 23:37:16.624 [pool-6-thread-6] DEBUG c.h.p.o.dependants.PodInfoConfigMap - [helmvolu] Update PodInfo ConfigMap
2025-01-28 23:37:16,634 INFO c.h.h.t.HelmChartContainer - [hivemq-test-hivemq-platform] [hivemq-platform-operator] [e1373b83] 23:37:16.633 [pool-6-thread-6] DEBUG c.h.p.o.d.StatefulSetResource - [helmvolu] Desired StatefulSet (3 replicas) for status ROLLING_RESTART (SURGE_IN_PROGRESS)
2025-01-28 23:37:16,637 INFO c.h.h.t.HelmChartContainer - [hivemq-test-hivemq-platform] [hivemq-platform-operator] [e1373b83] 23:37:16.636 [pool-6-thread-6] DEBUG c.h.p.o.d.StatefulSetResource - [helmvolu] Update StatefulSet (replicas: 2 -> 3)
2025-01-28 23:37:16,656 INFO c.h.h.t.HelmChartContainer - [EVENT] Normal [WaitForFirstConsumer] waiting for first consumer to be created before binding [helmvolumeclaimtemplatesit:hivemq-pvc-data-test-hivemq-platform-2]
2025-01-28 23:37:16,656 INFO c.h.h.t.HelmChartContainer - [EVENT] Normal [SuccessfulCreate] create Claim hivemq-pvc-data-test-hivemq-platform-2 Pod test-hivemq-platform-2 in StatefulSet test-hivemq-platform success [helmvolumeclaimtemplatesit:test-hivemq-platform]
2025-01-28 23:37:16,661 INFO c.h.h.t.HelmChartContainer - [EVENT] Normal [SuccessfulCreate] create Pod test-hivemq-platform-2 in StatefulSet test-hivemq-platform successful [helmvolumeclaimtemplatesit:test-hivemq-platform]
2025-01-28 23:37:16,663 INFO c.h.h.t.HelmChartContainer - [POD] test-hivemq-platform-2 [111f66bb-1c67-4daa-abb3-9bc824d96869] in helmvolumeclaimtemplatesit was ADDED
2025-01-28 23:37:16,672 INFO c.h.h.t.HelmChartContainer - [EVENT] Normal [ExternalProvisioning] Waiting for a volume to be created either by the external provisioner 'rancher.io/local-path' or manually by the system administrator. If volume creation is delayed, please verify that the provisioner is running and correctly registered. [helmvolumeclaimtemplatesit:hivemq-pvc-data-test-hivemq-platform-2]
2025-01-28 23:37:16,675 INFO c.h.h.t.HelmChartContainer - [EVENT] Normal [ExternalProvisioning] Waiting for a volume to be created either by the external provisioner 'rancher.io/local-path' or manually by the system administrator. If volume creation is delayed, please verify that the provisioner is running and correctly registered. [helmvolumeclaimtemplatesit:hivemq-pvc-data-test-hivemq-platform-2]
2025-01-28 23:37:16,679 INFO c.h.h.t.HelmChartContainer - [EVENT] Normal [Provisioning] External provisioner is provisioning volume for claim "helmvolumeclaimtemplatesit/hivemq-pvc-data-test-hivemq-platform-2" [helmvolumeclaimtemplatesit:hivemq-pvc-data-test-hivemq-platform-2]
2025-01-28 23:37:16,735 INFO c.h.h.t.HelmChartContainer - [hivemq-test-hivemq-platform] [hivemq-platform-operator] [e1373b83] 23:37:16.731 [ReconcilerExecutor-hivemq-controller-129] INFO  c.h.p.o.HiveMQPlatformReconciler - [helmvolu] Reconciling HiveMQ Platform 'test-hivemq-platform' in namespace 'helmvolumeclaimtemplatesit'
2025-01-28 23:37:16,735 INFO c.h.h.t.HelmChartContainer - [hivemq-test-hivemq-platform] [hivemq-platform-operator] [e1373b83] 23:37:16.731 [ReconcilerExecutor-hivemq-controller-129] DEBUG c.h.p.o.HiveMQPlatformReconciler - [helmvolu] Custom Resource Status ROLLING_RESTART - HiveMQ Platform is starting a surge Pod (rolling restart) (SURGE_IN_PROGRESS)
2025-01-28 23:37:16,735 INFO c.h.h.t.HelmChartContainer - [hivemq-test-hivemq-platform] [hivemq-platform-operator] [e1373b83] 23:37:16.731 [ReconcilerExecutor-hivemq-controller-129] DEBUG c.h.p.o.HiveMQPlatformReconciler - [helmvolu] Custom Resource Spec (replicas: 2) (extensions: 1)
2025-01-28 23:37:16,736 INFO c.h.h.t.HelmChartContainer - [hivemq-test-hivemq-platform] [hivemq-platform-operator] [e1373b83] 23:37:16.732 [ReconcilerExecutor-hivemq-controller-129] DEBUG c.h.p.o.HiveMQPlatformReconciler - [helmvolu] StatefulSet Status (revision: test-hivemq-platform-59475f86c9, replicas: 2, available: 2, ready: 2, current: 2, updated: 0)
2025-01-28 23:37:16,736 INFO c.h.h.t.HelmChartContainer - [hivemq-test-hivemq-platform] [hivemq-platform-operator] [e1373b83] 23:37:16.734 [ReconcilerExecutor-hivemq-controller-129] DEBUG c.h.p.o.HiveMQPlatformReconciler - [helmvolu] StatefulSet Spec (replicas: 3, init containers: 1, containers: 1, volumes: 4)
2025-01-28 23:37:16,738 INFO c.h.h.t.HelmChartContainer - [hivemq-test-hivemq-platform] [hivemq-platform-operator] [e1373b83] 23:37:16.736 [ReconcilerExecutor-hivemq-controller-129] DEBUG c.h.p.o.h.HiveMQPlatformReconcilerErrorHandler - [helmvolu] Pod 'test-hivemq-platform-2' phase Pending
2025-01-28 23:37:16,744 INFO c.h.h.t.HelmChartContainer - [hivemq-test-hivemq-platform] [hivemq-platform-operator] [e1373b83] 23:37:16.738 [ReconcilerExecutor-hivemq-controller-129] DEBUG c.h.p.o.h.HiveMQPlatformReconcilerErrorHandler - [helmvolu] Pod 'test-hivemq-platform-1' phase Running
2025-01-28 23:37:16,744 INFO c.h.h.t.HelmChartContainer - [hivemq-test-hivemq-platform] [hivemq-platform-operator] [e1373b83] 23:37:16.742 [ReconcilerExecutor-hivemq-controller-129] DEBUG c.h.p.o.h.HiveMQPlatformReconcilerErrorHandler - [helmvolu] Pod 'test-hivemq-platform-0' phase Running
2025-01-28 23:37:16,749 INFO c.h.h.t.HelmChartContainer - [hivemq-test-hivemq-platform] [hivemq-platform-operator] [e1373b83] 23:37:16.746 [ReconcilerExecutor-hivemq-controller-129] DEBUG c.h.p.o.h.HiveMQPlatformReconcilerRollingRestartHandler - [helmvolu] Rolling restart is waiting for 2 of 3 replicas
2025-01-28 23:37:16,759 INFO c.h.h.t.HelmChartContainer - [hivemq-test-hivemq-platform] [hivemq-platform-operator] [e1373b83] 23:37:16.756 [pool-6-thread-11] DEBUG c.h.p.o.d.PlatformServiceResource - [helmvolu] Desired Platform services (3 services)
2025-01-28 23:37:16,759 INFO c.h.h.t.HelmChartContainer - [hivemq-test-hivemq-platform] [hivemq-platform-operator] [e1373b83] 23:37:16.757 [pool-6-thread-12] DEBUG c.h.p.o.dependants.PodInfoConfigMap - [helmvolu] Desired PodInfo ConfigMap (1 extensions) (1 enabled)
2025-01-28 23:37:16,762 INFO c.h.h.t.HelmChartContainer - [hivemq-test-hivemq-platform] [hivemq-platform-operator] [e1373b83] 23:37:16.758 [pool-6-thread-12] DEBUG c.h.p.o.dependants.PodInfoConfigMap - [helmvolu] Desired PodInfo ConfigMap (metrics port: 9399) (metrics path: /)
2025-01-28 23:37:16,762 INFO c.h.h.t.HelmChartContainer - [hivemq-test-hivemq-platform] [hivemq-platform-operator] [e1373b83] 23:37:16.758 [pool-6-thread-12] DEBUG c.h.p.o.dependants.PodInfoConfigMap - [helmvolu] Desired PodInfo ConfigMap (extension state hash: -1817474005)
2025-01-28 23:37:16,769 INFO c.h.h.t.HelmChartContainer - [POD] helper-pod-create-pvc-88d52398-11ac-4e9b-b92c-199b266fd2b5 [3660cd18-d684-450a-ac5c-9a0f3db7ea88] in kube-system was ADDED
2025-01-28 23:37:16,774 INFO c.h.h.t.HelmChartContainer - [POD] helper-pod-create-pvc-88d52398-11ac-4e9b-b92c-199b266fd2b5 [3660cd18-d684-450a-ac5c-9a0f3db7ea88] in kube-system was MODIFIED
2025-01-28 23:37:16,787 INFO c.h.h.t.HelmChartContainer - [K3S] [reconciler_common.go:251] "operationExecutor.VerifyControllerAttachedVolume started for volume \"data\" (UniqueName: \"kubernetes.io/host-path/3660cd18-d684-450a-ac5c-9a0f3db7ea88-data\") pod \"helper-pod-create-pvc-88d52398-11ac-4e9b-b92c-199b266fd2b5\" (UID: \"3660cd18-d684-450a-ac5c-9a0f3db7ea88\") " pod="kube-system/helper-pod-create-pvc-88d52398-11ac-4e9b-b92c-199b266fd2b5"
2025-01-28 23:37:16,787 INFO c.h.h.t.HelmChartContainer - [K3S] [reconciler_common.go:251] "operationExecutor.VerifyControllerAttachedVolume started for volume \"kube-api-access-zsrkj\" (UniqueName: \"kubernetes.io/projected/3660cd18-d684-450a-ac5c-9a0f3db7ea88-kube-api-access-zsrkj\") pod \"helper-pod-create-pvc-88d52398-11ac-4e9b-b92c-199b266fd2b5\" (UID: \"3660cd18-d684-450a-ac5c-9a0f3db7ea88\") " pod="kube-system/helper-pod-create-pvc-88d52398-11ac-4e9b-b92c-199b266fd2b5"
2025-01-28 23:37:16,788 INFO c.h.h.t.HelmChartContainer - [K3S] [reconciler_common.go:251] "operationExecutor.VerifyControllerAttachedVolume started for volume \"script\" (UniqueName: \"kubernetes.io/configmap/3660cd18-d684-450a-ac5c-9a0f3db7ea88-script\") pod \"helper-pod-create-pvc-88d52398-11ac-4e9b-b92c-199b266fd2b5\" (UID: \"3660cd18-d684-450a-ac5c-9a0f3db7ea88\") " pod="kube-system/helper-pod-create-pvc-88d52398-11ac-4e9b-b92c-199b266fd2b5"
2025-01-28 23:37:16,827 INFO c.h.h.t.HelmChartContainer - [hivemq-test-hivemq-platform] [hivemq-platform-operator] [e1373b83] 23:37:16.823 [pool-6-thread-16] DEBUG c.h.p.o.d.PodServiceAccountResource - [helmvolu] Desired PodServiceAccountResource (serviceAccountName: hivemq-platform-pod-test-hivemq-platform)
2025-01-28 23:37:16,828 INFO c.h.h.t.HelmChartContainer - [hivemq-test-hivemq-platform] [hivemq-platform-operator] [e1373b83] 23:37:16.827 [pool-6-thread-11] DEBUG c.h.p.o.d.StatefulSetResource - [helmvolu] Desired StatefulSet (3 replicas) for status ROLLING_RESTART (SURGE_IN_PROGRESS)
2025-01-28 23:37:16,832 INFO c.h.h.t.HelmChartContainer - [hivemq-test-hivemq-platform] [hivemq-platform-operator] [e1373b83] 23:37:16.830 [ReconcilerExecutor-hivemq-controller-131] INFO  c.h.p.o.HiveMQPlatformReconciler - [helmvolu] Reconciling HiveMQ Platform 'test-hivemq-platform' in namespace 'helmvolumeclaimtemplatesit'
2025-01-28 23:37:16,833 INFO c.h.h.t.HelmChartContainer - [hivemq-test-hivemq-platform] [hivemq-platform-operator] [e1373b83] 23:37:16.830 [ReconcilerExecutor-hivemq-controller-131] DEBUG c.h.p.o.HiveMQPlatformReconciler - [helmvolu] Custom Resource Status ROLLING_RESTART - HiveMQ Platform is starting a surge Pod (rolling restart) (SURGE_IN_PROGRESS)
2025-01-28 23:37:16,833 INFO c.h.h.t.HelmChartContainer - [hivemq-test-hivemq-platform] [hivemq-platform-operator] [e1373b83] 23:37:16.830 [ReconcilerExecutor-hivemq-controller-131] DEBUG c.h.p.o.HiveMQPlatformReconciler - [helmvolu] Custom Resource Spec (replicas: 2) (extensions: 1)
2025-01-28 23:37:16,833 INFO c.h.h.t.HelmChartContainer - [hivemq-test-hivemq-platform] [hivemq-platform-operator] [e1373b83] 23:37:16.832 [ReconcilerExecutor-hivemq-controller-131] DEBUG c.h.p.o.HiveMQPlatformReconciler - [helmvolu] StatefulSet Status (revision: test-hivemq-platform-59475f86c9, replicas: 3, available: 2, ready: 2, current: 2, updated: 1)
2025-01-28 23:37:16,833 INFO c.h.h.t.HelmChartContainer - [hivemq-test-hivemq-platform] [hivemq-platform-operator] [e1373b83] 23:37:16.832 [ReconcilerExecutor-hivemq-controller-131] DEBUG c.h.p.o.HiveMQPlatformReconciler - [helmvolu] StatefulSet Spec (replicas: 3, init containers: 1, containers: 1, volumes: 4)
2025-01-28 23:37:16,835 INFO c.h.h.t.HelmChartContainer - [hivemq-test-hivemq-platform] [hivemq-platform-operator] [e1373b83] 23:37:16.834 [ReconcilerExecutor-hivemq-controller-131] DEBUG c.h.p.o.h.HiveMQPlatformReconcilerErrorHandler - [helmvolu] Pod 'test-hivemq-platform-2' phase Pending
2025-01-28 23:37:16,836 INFO c.h.h.t.HelmChartContainer - [hivemq-test-hivemq-platform] [hivemq-platform-operator] [e1373b83] 23:37:16.836 [ReconcilerExecutor-hivemq-controller-131] DEBUG c.h.p.o.h.HiveMQPlatformReconcilerErrorHandler - [helmvolu] Pod 'test-hivemq-platform-1' phase Running
2025-01-28 23:37:16,838 INFO c.h.h.t.HelmChartContainer - [hivemq-test-hivemq-platform] [hivemq-platform-operator] [e1373b83] 23:37:16.838 [ReconcilerExecutor-hivemq-controller-131] DEBUG c.h.p.o.h.HiveMQPlatformReconcilerErrorHandler - [helmvolu] Pod 'test-hivemq-platform-0' phase Running
2025-01-28 23:37:16,839 INFO c.h.h.t.HelmChartContainer - [hivemq-test-hivemq-platform] [hivemq-platform-operator] [e1373b83] 23:37:16.839 [ReconcilerExecutor-hivemq-controller-131] DEBUG c.h.p.o.h.HiveMQPlatformReconcilerRollingRestartHandler - [helmvolu] Rolling restart is waiting for 2 of 3 replicas
2025-01-28 23:37:17,398 INFO c.h.h.t.HelmChartContainer - [POD] helper-pod-create-pvc-88d52398-11ac-4e9b-b92c-199b266fd2b5 [3660cd18-d684-450a-ac5c-9a0f3db7ea88] in kube-system was MODIFIED
2025-01-28 23:37:18,466 INFO c.h.h.t.HelmChartContainer - [POD] helper-pod-create-pvc-88d52398-11ac-4e9b-b92c-199b266fd2b5 [3660cd18-d684-450a-ac5c-9a0f3db7ea88] in kube-system was MODIFIED
2025-01-28 23:37:18,596 INFO c.h.h.t.HelmChartContainer - [K3S] [reconciler_common.go:162] "operationExecutor.UnmountVolume started for volume \"kube-api-access-zsrkj\" (UniqueName: \"kubernetes.io/projected/3660cd18-d684-450a-ac5c-9a0f3db7ea88-kube-api-access-zsrkj\") pod \"3660cd18-d684-450a-ac5c-9a0f3db7ea88\" (UID: \"3660cd18-d684-450a-ac5c-9a0f3db7ea88\") "
2025-01-28 23:37:18,596 INFO c.h.h.t.HelmChartContainer - [K3S] [reconciler_common.go:162] "operationExecutor.UnmountVolume started for volume \"script\" (UniqueName: \"kubernetes.io/configmap/3660cd18-d684-450a-ac5c-9a0f3db7ea88-script\") pod \"3660cd18-d684-450a-ac5c-9a0f3db7ea88\" (UID: \"3660cd18-d684-450a-ac5c-9a0f3db7ea88\") "
2025-01-28 23:37:18,597 INFO c.h.h.t.HelmChartContainer - [K3S] [reconciler_common.go:162] "operationExecutor.UnmountVolume started for volume \"data\" (UniqueName: \"kubernetes.io/host-path/3660cd18-d684-450a-ac5c-9a0f3db7ea88-data\") pod \"3660cd18-d684-450a-ac5c-9a0f3db7ea88\" (UID: \"3660cd18-d684-450a-ac5c-9a0f3db7ea88\") "
2025-01-28 23:37:18,697 INFO c.h.h.t.HelmChartContainer - [K3S] [reconciler_common.go:299] "Volume detached for volume \"kube-api-access-zsrkj\" (UniqueName: \"kubernetes.io/projected/3660cd18-d684-450a-ac5c-9a0f3db7ea88-kube-api-access-zsrkj\") on node \"e2cd8e671f95\" DevicePath \"\""
2025-01-28 23:37:18,697 INFO c.h.h.t.HelmChartContainer - [K3S] [reconciler_common.go:299] "Volume detached for volume \"script\" (UniqueName: \"kubernetes.io/configmap/3660cd18-d684-450a-ac5c-9a0f3db7ea88-script\") on node \"e2cd8e671f95\" DevicePath \"\""
2025-01-28 23:37:18,697 INFO c.h.h.t.HelmChartContainer - [K3S] [reconciler_common.go:299] "Volume detached for volume \"data\" (UniqueName: \"kubernetes.io/host-path/3660cd18-d684-450a-ac5c-9a0f3db7ea88-data\") on node \"e2cd8e671f95\" DevicePath \"\""
2025-01-28 23:37:18,783 INFO c.h.h.t.HelmChartContainer - [POD] helper-pod-create-pvc-88d52398-11ac-4e9b-b92c-199b266fd2b5 [3660cd18-d684-450a-ac5c-9a0f3db7ea88] in kube-system was MODIFIED
2025-01-28 23:37:18,786 INFO c.h.h.t.HelmChartContainer - [POD] helper-pod-create-pvc-88d52398-11ac-4e9b-b92c-199b266fd2b5 [3660cd18-d684-450a-ac5c-9a0f3db7ea88] in kube-system was DELETED
2025-01-28 23:37:18,792 INFO c.h.h.t.HelmChartContainer - [EVENT] Normal [ProvisioningSucceeded] Successfully provisioned volume pvc-88d52398-11ac-4e9b-b92c-199b266fd2b5 [helmvolumeclaimtemplatesit:hivemq-pvc-data-test-hivemq-platform-2]
2025-01-28 23:37:19,395 INFO c.h.h.t.HelmChartContainer - [K3S] [pod_container_deletor.go:80] "Container not found in pod's containers" containerID="9d62725ea64e047189d88deb0f02c28405283fb0d58e08f99d4b07b1a72a34e3"
2025-01-28 23:37:19,401 INFO c.h.h.t.HelmChartContainer - [K3S] [status_manager.go:890] "Failed to get status for pod" podUID="3660cd18-d684-450a-ac5c-9a0f3db7ea88" pod="kube-system/helper-pod-create-pvc-88d52398-11ac-4e9b-b92c-199b266fd2b5" err="pods \"helper-pod-create-pvc-88d52398-11ac-4e9b-b92c-199b266fd2b5\" is forbidden: User \"system:node:e2cd8e671f95\" cannot get resource \"pods\" in API group \"\" in the namespace \"kube-system\": no relationship found between node 'e2cd8e671f95' and this object"
2025-01-28 23:37:19,669 INFO c.h.h.t.HelmChartContainer - [POD] test-hivemq-platform-2 [111f66bb-1c67-4daa-abb3-9bc824d96869] in helmvolumeclaimtemplatesit was MODIFIED
2025-01-28 23:37:19,669 INFO c.h.h.t.HelmChartContainer - [K3S] [memory_manager.go:355] "RemoveStaleState removing state" podUID="3660cd18-d684-450a-ac5c-9a0f3db7ea88" containerName="helper-pod"
2025-01-28 23:37:19,669 INFO c.h.h.t.HelmChartContainer - [K3S] [status_manager.go:890] "Failed to get status for pod" podUID="3660cd18-d684-450a-ac5c-9a0f3db7ea88" pod="kube-system/helper-pod-create-pvc-88d52398-11ac-4e9b-b92c-199b266fd2b5" err="pods \"helper-pod-create-pvc-88d52398-11ac-4e9b-b92c-199b266fd2b5\" is forbidden: User \"system:node:e2cd8e671f95\" cannot get resource \"pods\" in API group \"\" in the namespace \"kube-system\": no relationship found between node 'e2cd8e671f95' and this object"
2025-01-28 23:37:19,676 INFO c.h.h.t.HelmChartContainer - [EVENT] Normal [Scheduled] Successfully assigned helmvolumeclaimtemplatesit/test-hivemq-platform-2 to e2cd8e671f95 [helmvolumeclaimtemplatesit:test-hivemq-platform-2]
2025-01-28 23:37:19,680 INFO c.h.h.t.HelmChartContainer - [hivemq-test-hivemq-platform] [hivemq-platform-operator] [e1373b83] 23:37:19.672 [pool-6-thread-30] DEBUG c.h.p.o.d.PlatformServiceResource - [helmvolu] Desired Platform services (3 services)
2025-01-28 23:37:19,680 INFO c.h.h.t.HelmChartContainer - [hivemq-test-hivemq-platform] [hivemq-platform-operator] [e1373b83] 23:37:19.673 [pool-6-thread-29] DEBUG c.h.p.o.dependants.PodInfoConfigMap - [helmvolu] Desired PodInfo ConfigMap (1 extensions) (1 enabled)
2025-01-28 23:37:19,680 INFO c.h.h.t.HelmChartContainer - [hivemq-test-hivemq-platform] [hivemq-platform-operator] [e1373b83] 23:37:19.673 [pool-6-thread-29] DEBUG c.h.p.o.dependants.PodInfoConfigMap - [helmvolu] Desired PodInfo ConfigMap (metrics port: 9399) (metrics path: /)
2025-01-28 23:37:19,680 INFO c.h.h.t.HelmChartContainer - [hivemq-test-hivemq-platform] [hivemq-platform-operator] [e1373b83] 23:37:19.673 [pool-6-thread-29] DEBUG c.h.p.o.dependants.PodInfoConfigMap - [helmvolu] Desired PodInfo ConfigMap (extension state hash: -1817474005)
2025-01-28 23:37:19,680 INFO c.h.h.t.HelmChartContainer - [hivemq-test-hivemq-platform] [hivemq-platform-operator] [e1373b83] 23:37:19.675 [pool-6-thread-30] DEBUG c.h.p.o.d.PodServiceAccountResource - [helmvolu] Desired PodServiceAccountResource (serviceAccountName: hivemq-platform-pod-test-hivemq-platform)
2025-01-28 23:37:19,687 INFO c.h.h.t.HelmChartContainer - [hivemq-test-hivemq-platform] [hivemq-platform-operator] [e1373b83] 23:37:19.681 [pool-6-thread-21] DEBUG c.h.p.o.d.StatefulSetResource - [helmvolu] Desired StatefulSet (3 replicas) for status ROLLING_RESTART (SURGE_IN_PROGRESS)
2025-01-28 23:37:19,694 INFO c.h.h.t.HelmChartContainer - [hivemq-test-hivemq-platform] [hivemq-platform-operator] [e1373b83] 23:37:19.691 [ReconcilerExecutor-hivemq-controller-132] INFO  c.h.p.o.HiveMQPlatformReconciler - [helmvolu] Reconciling HiveMQ Platform 'test-hivemq-platform' in namespace 'helmvolumeclaimtemplatesit'
2025-01-28 23:37:19,694 INFO c.h.h.t.HelmChartContainer - [hivemq-test-hivemq-platform] [hivemq-platform-operator] [e1373b83] 23:37:19.691 [ReconcilerExecutor-hivemq-controller-132] DEBUG c.h.p.o.HiveMQPlatformReconciler - [helmvolu] Custom Resource Status ROLLING_RESTART - HiveMQ Platform is starting a surge Pod (rolling restart) (SURGE_IN_PROGRESS)
2025-01-28 23:37:19,694 INFO c.h.h.t.HelmChartContainer - [hivemq-test-hivemq-platform] [hivemq-platform-operator] [e1373b83] 23:37:19.691 [ReconcilerExecutor-hivemq-controller-132] DEBUG c.h.p.o.HiveMQPlatformReconciler - [helmvolu] Custom Resource Spec (replicas: 2) (extensions: 1)
2025-01-28 23:37:19,695 INFO c.h.h.t.HelmChartContainer - [POD] test-hivemq-platform-2 [111f66bb-1c67-4daa-abb3-9bc824d96869] in helmvolumeclaimtemplatesit was MODIFIED
2025-01-28 23:37:19,695 INFO c.h.h.t.HelmChartContainer - [hivemq-test-hivemq-platform] [hivemq-platform-operator] [e1373b83] 23:37:19.693 [ReconcilerExecutor-hivemq-controller-132] DEBUG c.h.p.o.HiveMQPlatformReconciler - [helmvolu] StatefulSet Status (revision: test-hivemq-platform-59475f86c9, replicas: 3, available: 2, ready: 2, current: 2, updated: 1)
2025-01-28 23:37:19,695 INFO c.h.h.t.HelmChartContainer - [hivemq-test-hivemq-platform] [hivemq-platform-operator] [e1373b83] 23:37:19.693 [ReconcilerExecutor-hivemq-controller-132] DEBUG c.h.p.o.HiveMQPlatformReconciler - [helmvolu] StatefulSet Spec (replicas: 3, init containers: 1, containers: 1, volumes: 4)
2025-01-28 23:37:19,730 INFO c.h.h.t.HelmChartContainer - [hivemq-test-hivemq-platform] [hivemq-platform-operator] [e1373b83] 23:37:19.726 [ReconcilerExecutor-hivemq-controller-132] DEBUG c.h.p.o.h.HiveMQPlatformReconcilerErrorHandler - [helmvolu] Pod 'test-hivemq-platform-2' phase Pending
2025-01-28 23:37:19,731 INFO c.h.h.t.HelmChartContainer - [hivemq-test-hivemq-platform] [hivemq-platform-operator] [e1373b83] 23:37:19.726 [ReconcilerExecutor-hivemq-controller-132] DEBUG c.h.p.o.h.HiveMQPlatformReconcilerErrorHandler - [helmvolu] Pod 'test-hivemq-platform-2' condition 'PodReadyToStartContainers': False
2025-01-28 23:37:19,731 INFO c.h.h.t.HelmChartContainer - [hivemq-test-hivemq-platform] [hivemq-platform-operator] [e1373b83] 23:37:19.727 [ReconcilerExecutor-hivemq-controller-132] DEBUG c.h.p.o.h.HiveMQPlatformReconcilerErrorHandler - [helmvolu] Pod 'test-hivemq-platform-2' condition 'Initialized': False
2025-01-28 23:37:19,731 INFO c.h.h.t.HelmChartContainer - [hivemq-test-hivemq-platform] [hivemq-platform-operator] [e1373b83] 23:37:19.727 [ReconcilerExecutor-hivemq-controller-132] DEBUG c.h.p.o.h.HiveMQPlatformReconcilerErrorHandler - [helmvolu] Pod 'test-hivemq-platform-2' condition 'Ready': False
2025-01-28 23:37:19,731 INFO c.h.h.t.HelmChartContainer - [hivemq-test-hivemq-platform] [hivemq-platform-operator] [e1373b83] 23:37:19.727 [ReconcilerExecutor-hivemq-controller-132] DEBUG c.h.p.o.h.HiveMQPlatformReconcilerErrorHandler - [helmvolu] Pod 'test-hivemq-platform-2' condition 'ContainersReady': False
2025-01-28 23:37:19,731 INFO c.h.h.t.HelmChartContainer - [hivemq-test-hivemq-platform] [hivemq-platform-operator] [e1373b83] 23:37:19.727 [ReconcilerExecutor-hivemq-controller-132] DEBUG c.h.p.o.h.HiveMQPlatformReconcilerErrorHandler - [helmvolu] Pod 'test-hivemq-platform-2' condition 'PodScheduled': True
2025-01-28 23:37:19,731 INFO c.h.h.t.HelmChartContainer - [hivemq-test-hivemq-platform] [hivemq-platform-operator] [e1373b83] 23:37:19.727 [ReconcilerExecutor-hivemq-controller-132] DEBUG c.h.p.o.h.HiveMQPlatformReconcilerErrorHandler - [helmvolu] Pod 'test-hivemq-platform-2' containerStatus 'hivemq' (started: false) (ready: false) (waiting: [PodInitializing] null)
2025-01-28 23:37:19,731 INFO c.h.h.t.HelmChartContainer - [hivemq-test-hivemq-platform] [hivemq-platform-operator] [e1373b83] 23:37:19.728 [ReconcilerExecutor-hivemq-controller-132] DEBUG c.h.p.o.h.HiveMQPlatformReconcilerErrorHandler - [helmvolu] Pod 'test-hivemq-platform-1' phase Running
2025-01-28 23:37:19,731 INFO c.h.h.t.HelmChartContainer - [hivemq-test-hivemq-platform] [hivemq-platform-operator] [e1373b83] 23:37:19.729 [ReconcilerExecutor-hivemq-controller-132] DEBUG c.h.p.o.h.HiveMQPlatformReconcilerErrorHandler - [helmvolu] Pod 'test-hivemq-platform-0' phase Running
2025-01-28 23:37:19,731 INFO c.h.h.t.HelmChartContainer - [hivemq-test-hivemq-platform] [hivemq-platform-operator] [e1373b83] 23:37:19.730 [ReconcilerExecutor-hivemq-controller-132] DEBUG c.h.p.o.h.HiveMQPlatformReconcilerRollingRestartHandler - [helmvolu] Rolling restart is waiting for 2 of 3 replicas
2025-01-28 23:37:19,735 INFO c.h.h.t.HelmChartContainer - [hivemq-test-hivemq-platform] [hivemq-platform-operator] [e1373b83] 23:37:19.733 [pool-6-thread-35] DEBUG c.h.p.o.d.PlatformServiceResource - [helmvolu] Desired Platform services (3 services)
2025-01-28 23:37:19,739 INFO c.h.h.t.HelmChartContainer - [hivemq-test-hivemq-platform] [hivemq-platform-operator] [e1373b83] 23:37:19.734 [pool-6-thread-34] DEBUG c.h.p.o.dependants.PodInfoConfigMap - [helmvolu] Desired PodInfo ConfigMap (1 extensions) (1 enabled)
2025-01-28 23:37:19,739 INFO c.h.h.t.HelmChartContainer - [hivemq-test-hivemq-platform] [hivemq-platform-operator] [e1373b83] 23:37:19.738 [pool-6-thread-34] DEBUG c.h.p.o.dependants.PodInfoConfigMap - [helmvolu] Desired PodInfo ConfigMap (metrics port: 9399) (metrics path: /)
2025-01-28 23:37:19,739 INFO c.h.h.t.HelmChartContainer - [hivemq-test-hivemq-platform] [hivemq-platform-operator] [e1373b83] 23:37:19.738 [pool-6-thread-34] DEBUG c.h.p.o.dependants.PodInfoConfigMap - [helmvolu] Desired PodInfo ConfigMap (extension state hash: -1817474005)
2025-01-28 23:37:19,740 INFO c.h.h.t.HelmChartContainer - [hivemq-test-hivemq-platform] [hivemq-platform-operator] [e1373b83] 23:37:19.738 [pool-6-thread-33] DEBUG c.h.p.o.d.PodServiceAccountResource - [helmvolu] Desired PodServiceAccountResource (serviceAccountName: hivemq-platform-pod-test-hivemq-platform)
2025-01-28 23:37:19,746 INFO c.h.h.t.HelmChartContainer - [hivemq-test-hivemq-platform] [hivemq-platform-operator] [e1373b83] 23:37:19.744 [pool-6-thread-36] DEBUG c.h.p.o.d.StatefulSetResource - [helmvolu] Desired StatefulSet (3 replicas) for status ROLLING_RESTART (SURGE_IN_PROGRESS)
2025-01-28 23:37:19,804 INFO c.h.h.t.HelmChartContainer - [K3S] [reconciler_common.go:251] "operationExecutor.VerifyControllerAttachedVolume started for volume \"broker-configuration\" (UniqueName: \"kubernetes.io/configmap/111f66bb-1c67-4daa-abb3-9bc824d96869-broker-configuration\") pod \"test-hivemq-platform-2\" (UID: \"111f66bb-1c67-4daa-abb3-9bc824d96869\") " pod="helmvolumeclaimtemplatesit/test-hivemq-platform-2"
2025-01-28 23:37:19,804 INFO c.h.h.t.HelmChartContainer - [K3S] [reconciler_common.go:251] "operationExecutor.VerifyControllerAttachedVolume started for volume \"operator-init\" (UniqueName: \"kubernetes.io/empty-dir/111f66bb-1c67-4daa-abb3-9bc824d96869-operator-init\") pod \"test-hivemq-platform-2\" (UID: \"111f66bb-1c67-4daa-abb3-9bc824d96869\") " pod="helmvolumeclaimtemplatesit/test-hivemq-platform-2"
2025-01-28 23:37:19,804 INFO c.h.h.t.HelmChartContainer - [K3S] [reconciler_common.go:251] "operationExecutor.VerifyControllerAttachedVolume started for volume \"kube-api-access-kmg2j\" (UniqueName: \"kubernetes.io/projected/111f66bb-1c67-4daa-abb3-9bc824d96869-kube-api-access-kmg2j\") pod \"test-hivemq-platform-2\" (UID: \"111f66bb-1c67-4daa-abb3-9bc824d96869\") " pod="helmvolumeclaimtemplatesit/test-hivemq-platform-2"
2025-01-28 23:37:19,804 INFO c.h.h.t.HelmChartContainer - [K3S] [reconciler_common.go:251] "operationExecutor.VerifyControllerAttachedVolume started for volume \"pvc-88d52398-11ac-4e9b-b92c-199b266fd2b5\" (UniqueName: \"kubernetes.io/local-volume/pvc-88d52398-11ac-4e9b-b92c-199b266fd2b5\") pod \"test-hivemq-platform-2\" (UID: \"111f66bb-1c67-4daa-abb3-9bc824d96869\") " pod="helmvolumeclaimtemplatesit/test-hivemq-platform-2"
2025-01-28 23:37:19,804 INFO c.h.h.t.HelmChartContainer - [K3S] [reconciler_common.go:251] "operationExecutor.VerifyControllerAttachedVolume started for volume \"pod-info\" (UniqueName: \"kubernetes.io/configmap/111f66bb-1c67-4daa-abb3-9bc824d96869-pod-info\") pod \"test-hivemq-platform-2\" (UID: \"111f66bb-1c67-4daa-abb3-9bc824d96869\") " pod="helmvolumeclaimtemplatesit/test-hivemq-platform-2"
2025-01-28 23:37:19,826 INFO c.h.h.t.HelmChartContainer - [hivemq-test-hivemq-platform] [hivemq-platform-operator] [e1373b83] 23:37:19.825 [ReconcilerExecutor-hivemq-controller-133] INFO  c.h.p.o.HiveMQPlatformReconciler - [helmvolu] Reconciling HiveMQ Platform 'test-hivemq-platform' in namespace 'helmvolumeclaimtemplatesit'
2025-01-28 23:37:19,826 INFO c.h.h.t.HelmChartContainer - [hivemq-test-hivemq-platform] [hivemq-platform-operator] [e1373b83] 23:37:19.825 [ReconcilerExecutor-hivemq-controller-133] DEBUG c.h.p.o.HiveMQPlatformReconciler - [helmvolu] Custom Resource Status ROLLING_RESTART - HiveMQ Platform is starting a surge Pod (rolling restart) (SURGE_IN_PROGRESS)
2025-01-28 23:37:19,827 INFO c.h.h.t.HelmChartContainer - [hivemq-test-hivemq-platform] [hivemq-platform-operator] [e1373b83] 23:37:19.825 [ReconcilerExecutor-hivemq-controller-133] DEBUG c.h.p.o.HiveMQPlatformReconciler - [helmvolu] Custom Resource Spec (replicas: 2) (extensions: 1)
2025-01-28 23:37:19,827 INFO c.h.h.t.HelmChartContainer - [hivemq-test-hivemq-platform] [hivemq-platform-operator] [e1373b83] 23:37:19.826 [ReconcilerExecutor-hivemq-controller-133] DEBUG c.h.p.o.HiveMQPlatformReconciler - [helmvolu] StatefulSet Status (revision: test-hivemq-platform-59475f86c9, replicas: 3, available: 2, ready: 2, current: 2, updated: 1)
2025-01-28 23:37:19,829 INFO c.h.h.t.HelmChartContainer - [hivemq-test-hivemq-platform] [hivemq-platform-operator] [e1373b83] 23:37:19.826 [ReconcilerExecutor-hivemq-controller-133] DEBUG c.h.p.o.HiveMQPlatformReconciler - [helmvolu] StatefulSet Spec (replicas: 3, init containers: 1, containers: 1, volumes: 4)
2025-01-28 23:37:19,829 INFO c.h.h.t.HelmChartContainer - [hivemq-test-hivemq-platform] [hivemq-platform-operator] [e1373b83] 23:37:19.828 [ReconcilerExecutor-hivemq-controller-133] DEBUG c.h.p.o.h.HiveMQPlatformReconcilerErrorHandler - [helmvolu] Pod 'test-hivemq-platform-2' phase Pending
2025-01-28 23:37:19,830 INFO c.h.h.t.HelmChartContainer - [hivemq-test-hivemq-platform] [hivemq-platform-operator] [e1373b83] 23:37:19.828 [ReconcilerExecutor-hivemq-controller-133] DEBUG c.h.p.o.h.HiveMQPlatformReconcilerErrorHandler - [helmvolu] Pod 'test-hivemq-platform-2' condition 'PodReadyToStartContainers': False
2025-01-28 23:37:19,830 INFO c.h.h.t.HelmChartContainer - [hivemq-test-hivemq-platform] [hivemq-platform-operator] [e1373b83] 23:37:19.828 [ReconcilerExecutor-hivemq-controller-133] DEBUG c.h.p.o.h.HiveMQPlatformReconcilerErrorHandler - [helmvolu] Pod 'test-hivemq-platform-2' condition 'Initialized': False
2025-01-28 23:37:19,830 INFO c.h.h.t.HelmChartContainer - [hivemq-test-hivemq-platform] [hivemq-platform-operator] [e1373b83] 23:37:19.828 [ReconcilerExecutor-hivemq-controller-133] DEBUG c.h.p.o.h.HiveMQPlatformReconcilerErrorHandler - [helmvolu] Pod 'test-hivemq-platform-2' condition 'Ready': False
2025-01-28 23:37:19,830 INFO c.h.h.t.HelmChartContainer - [hivemq-test-hivemq-platform] [hivemq-platform-operator] [e1373b83] 23:37:19.828 [ReconcilerExecutor-hivemq-controller-133] DEBUG c.h.p.o.h.HiveMQPlatformReconcilerErrorHandler - [helmvolu] Pod 'test-hivemq-platform-2' condition 'ContainersReady': False
2025-01-28 23:37:19,830 INFO c.h.h.t.HelmChartContainer - [hivemq-test-hivemq-platform] [hivemq-platform-operator] [e1373b83] 23:37:19.828 [ReconcilerExecutor-hivemq-controller-133] DEBUG c.h.p.o.h.HiveMQPlatformReconcilerErrorHandler - [helmvolu] Pod 'test-hivemq-platform-2' condition 'PodScheduled': True
2025-01-28 23:37:19,830 INFO c.h.h.t.HelmChartContainer - [hivemq-test-hivemq-platform] [hivemq-platform-operator] [e1373b83] 23:37:19.828 [ReconcilerExecutor-hivemq-controller-133] DEBUG c.h.p.o.h.HiveMQPlatformReconcilerErrorHandler - [helmvolu] Pod 'test-hivemq-platform-2' containerStatus 'hivemq' (started: false) (ready: false) (waiting: [PodInitializing] null)
2025-01-28 23:37:19,831 INFO c.h.h.t.HelmChartContainer - [hivemq-test-hivemq-platform] [hivemq-platform-operator] [e1373b83] 23:37:19.829 [ReconcilerExecutor-hivemq-controller-133] DEBUG c.h.p.o.h.HiveMQPlatformReconcilerErrorHandler - [helmvolu] Pod 'test-hivemq-platform-1' phase Running
2025-01-28 23:37:19,832 INFO c.h.h.t.HelmChartContainer - [hivemq-test-hivemq-platform] [hivemq-platform-operator] [e1373b83] 23:37:19.831 [ReconcilerExecutor-hivemq-controller-133] DEBUG c.h.p.o.h.HiveMQPlatformReconcilerErrorHandler - [helmvolu] Pod 'test-hivemq-platform-0' phase Running
2025-01-28 23:37:19,833 INFO c.h.h.t.HelmChartContainer - [hivemq-test-hivemq-platform] [hivemq-platform-operator] [e1373b83] 23:37:19.832 [ReconcilerExecutor-hivemq-controller-133] DEBUG c.h.p.o.h.HiveMQPlatformReconcilerRollingRestartHandler - [helmvolu] Rolling restart is waiting for 2 of 3 replicas
2025-01-28 23:37:19,941 INFO c.h.h.t.HelmChartContainer - [K3S] [kubelet_volumes.go:163] "Cleaned up orphaned pod volumes dir" podUID="3660cd18-d684-450a-ac5c-9a0f3db7ea88" path="/var/lib/kubelet/pods/3660cd18-d684-450a-ac5c-9a0f3db7ea88/volumes"
2025-01-28 23:37:20,062 INFO c.h.h.t.HelmChartContainer - [EVENT] Normal [Pulled] Container image "docker.io/hivemq/hivemq-platform-operator-init-test:snapshot" already present on machine [helmvolumeclaimtemplatesit:test-hivemq-platform-2]
2025-01-28 23:37:20,068 INFO c.h.h.t.HelmChartContainer - [EVENT] Normal [Created] Created container: hivemq-platform-operator-init [helmvolumeclaimtemplatesit:test-hivemq-platform-2]
2025-01-28 23:37:20,116 INFO c.h.h.t.HelmChartContainer - [EVENT] Normal [Started] Started container hivemq-platform-operator-init [helmvolumeclaimtemplatesit:test-hivemq-platform-2]
2025-01-28 23:37:20,402 INFO c.h.h.t.HelmChartContainer - [EVENT] Normal [Pulled] Container image "docker.io/hivemq/hivemq4:4.36.0" already present on machine [helmvolumeclaimtemplatesit:test-hivemq-platform-2]
2025-01-28 23:37:20,402 INFO c.h.h.t.HelmChartContainer - Received Pulled event for container hivemq in pod test-hivemq-platform-2 [111f66bb-1c67-4daa-abb3-9bc824d96869]
2025-01-28 23:37:20,414 INFO c.h.h.t.HelmChartContainer - [EVENT] Normal [Created] Created container: hivemq [helmvolumeclaimtemplatesit:test-hivemq-platform-2]
2025-01-28 23:37:20,414 INFO c.h.h.t.HelmChartContainer - Received Created event for container hivemq in pod test-hivemq-platform-2 [111f66bb-1c67-4daa-abb3-9bc824d96869]
2025-01-28 23:37:20,423 INFO c.h.h.t.HelmChartContainer - [POD] test-hivemq-platform-2 [111f66bb-1c67-4daa-abb3-9bc824d96869] in helmvolumeclaimtemplatesit was MODIFIED
2025-01-28 23:37:20,434 INFO c.h.h.t.HelmChartContainer - [hivemq-test-hivemq-platform] [hivemq-platform-operator] [e1373b83] 23:37:20.425 [pool-6-thread-43] DEBUG c.h.p.o.d.PlatformServiceResource - [helmvolu] Desired Platform services (3 services)
2025-01-28 23:37:20,434 INFO c.h.h.t.HelmChartContainer - [hivemq-test-hivemq-platform] [hivemq-platform-operator] [e1373b83] 23:37:20.427 [pool-6-thread-42] DEBUG c.h.p.o.dependants.PodInfoConfigMap - [helmvolu] Desired PodInfo ConfigMap (1 extensions) (1 enabled)
2025-01-28 23:37:20,434 INFO c.h.h.t.HelmChartContainer - [hivemq-test-hivemq-platform] [hivemq-platform-operator] [e1373b83] 23:37:20.427 [pool-6-thread-42] DEBUG c.h.p.o.dependants.PodInfoConfigMap - [helmvolu] Desired PodInfo ConfigMap (metrics port: 9399) (metrics path: /)
2025-01-28 23:37:20,434 INFO c.h.h.t.HelmChartContainer - [hivemq-test-hivemq-platform] [hivemq-platform-operator] [e1373b83] 23:37:20.427 [pool-6-thread-45] DEBUG c.h.p.o.d.PodServiceAccountResource - [helmvolu] Desired PodServiceAccountResource (serviceAccountName: hivemq-platform-pod-test-hivemq-platform)
2025-01-28 23:37:20,434 INFO c.h.h.t.HelmChartContainer - [hivemq-test-hivemq-platform] [hivemq-platform-operator] [e1373b83] 23:37:20.429 [pool-6-thread-42] DEBUG c.h.p.o.dependants.PodInfoConfigMap - [helmvolu] Desired PodInfo ConfigMap (extension state hash: -1817474005)
2025-01-28 23:37:20,459 INFO c.h.h.t.HelmChartContainer - [hivemq-test-hivemq-platform] [hivemq-platform-operator] [e1373b83] 23:37:20.433 [pool-6-thread-42] DEBUG c.h.p.o.d.StatefulSetResource - [helmvolu] Desired StatefulSet (3 replicas) for status ROLLING_RESTART (SURGE_IN_PROGRESS)
2025-01-28 23:37:20,459 INFO c.h.h.t.HelmChartContainer - [hivemq-test-hivemq-platform] [hivemq-platform-operator] [e1373b83] 23:37:20.439 [ReconcilerExecutor-hivemq-controller-134] INFO  c.h.p.o.HiveMQPlatformReconciler - [helmvolu] Reconciling HiveMQ Platform 'test-hivemq-platform' in namespace 'helmvolumeclaimtemplatesit'
2025-01-28 23:37:20,459 INFO c.h.h.t.HelmChartContainer - [hivemq-test-hivemq-platform] [hivemq-platform-operator] [e1373b83] 23:37:20.439 [ReconcilerExecutor-hivemq-controller-134] DEBUG c.h.p.o.HiveMQPlatformReconciler - [helmvolu] Custom Resource Status ROLLING_RESTART - HiveMQ Platform is starting a surge Pod (rolling restart) (SURGE_IN_PROGRESS)
2025-01-28 23:37:20,459 INFO c.h.h.t.HelmChartContainer - [hivemq-test-hivemq-platform] [hivemq-platform-operator] [e1373b83] 23:37:20.440 [ReconcilerExecutor-hivemq-controller-134] DEBUG c.h.p.o.HiveMQPlatformReconciler - [helmvolu] Custom Resource Spec (replicas: 2) (extensions: 1)
2025-01-28 23:37:20,459 INFO c.h.h.t.HelmChartContainer - [hivemq-test-hivemq-platform] [hivemq-platform-operator] [e1373b83] 23:37:20.441 [ReconcilerExecutor-hivemq-controller-134] DEBUG c.h.p.o.HiveMQPlatformReconciler - [helmvolu] StatefulSet Status (revision: test-hivemq-platform-59475f86c9, replicas: 3, available: 2, ready: 2, current: 2, updated: 1)
2025-01-28 23:37:20,459 INFO c.h.h.t.HelmChartContainer - [hivemq-test-hivemq-platform] [hivemq-platform-operator] [e1373b83] 23:37:20.441 [ReconcilerExecutor-hivemq-controller-134] DEBUG c.h.p.o.HiveMQPlatformReconciler - [helmvolu] StatefulSet Spec (replicas: 3, init containers: 1, containers: 1, volumes: 4)
2025-01-28 23:37:20,459 INFO c.h.h.t.HelmChartContainer - [hivemq-test-hivemq-platform] [hivemq-platform-operator] [e1373b83] 23:37:20.445 [ReconcilerExecutor-hivemq-controller-134] DEBUG c.h.p.o.h.HiveMQPlatformReconcilerErrorHandler - [helmvolu] Pod 'test-hivemq-platform-2' phase Pending
2025-01-28 23:37:20,459 INFO c.h.h.t.HelmChartContainer - [hivemq-test-hivemq-platform] [hivemq-platform-operator] [e1373b83] 23:37:20.445 [ReconcilerExecutor-hivemq-controller-134] DEBUG c.h.p.o.h.HiveMQPlatformReconcilerErrorHandler - [helmvolu] Pod 'test-hivemq-platform-2' condition 'PodReadyToStartContainers': True
2025-01-28 23:37:20,459 INFO c.h.h.t.HelmChartContainer - [hivemq-test-hivemq-platform] [hivemq-platform-operator] [e1373b83] 23:37:20.445 [ReconcilerExecutor-hivemq-controller-134] DEBUG c.h.p.o.h.HiveMQPlatformReconcilerErrorHandler - [helmvolu] Pod 'test-hivemq-platform-2' condition 'Initialized': True
2025-01-28 23:37:20,459 INFO c.h.h.t.HelmChartContainer - [hivemq-test-hivemq-platform] [hivemq-platform-operator] [e1373b83] 23:37:20.445 [ReconcilerExecutor-hivemq-controller-134] DEBUG c.h.p.o.h.HiveMQPlatformReconcilerErrorHandler - [helmvolu] Pod 'test-hivemq-platform-2' condition 'Ready': False
2025-01-28 23:37:20,510 INFO c.h.h.t.HelmChartContainer - [hivemq-test-hivemq-platform] [hivemq-platform-operator] [e1373b83] 23:37:20.445 [ReconcilerExecutor-hivemq-controller-134] DEBUG c.h.p.o.h.HiveMQPlatformReconcilerErrorHandler - [helmvolu] Pod 'test-hivemq-platform-2' condition 'ContainersReady': False
2025-01-28 23:37:20,510 INFO c.h.h.t.HelmChartContainer - [hivemq-test-hivemq-platform] [hivemq-platform-operator] [e1373b83] 23:37:20.507 [ReconcilerExecutor-hivemq-controller-134] DEBUG c.h.p.o.h.HiveMQPlatformReconcilerErrorHandler - [helmvolu] Pod 'test-hivemq-platform-2' condition 'PodScheduled': True
2025-01-28 23:37:20,510 INFO c.h.h.t.HelmChartContainer - [hivemq-test-hivemq-platform] [hivemq-platform-operator] [e1373b83] 23:37:20.507 [ReconcilerExecutor-hivemq-controller-134] DEBUG c.h.p.o.h.HiveMQPlatformReconcilerErrorHandler - [helmvolu] Pod 'test-hivemq-platform-2' containerStatus 'hivemq' (started: false) (ready: false) (waiting: [PodInitializing] null)
2025-01-28 23:37:20,512 INFO c.h.h.t.HelmChartContainer - [hivemq-test-hivemq-platform] [hivemq-platform-operator] [e1373b83] 23:37:20.511 [ReconcilerExecutor-hivemq-controller-134] DEBUG c.h.p.o.h.HiveMQPlatformReconcilerErrorHandler - [helmvolu] Pod 'test-hivemq-platform-1' phase Running
2025-01-28 23:37:20,514 INFO c.h.h.t.HelmChartContainer - [hivemq-test-hivemq-platform] [hivemq-platform-operator] [e1373b83] 23:37:20.513 [ReconcilerExecutor-hivemq-controller-134] DEBUG c.h.p.o.h.HiveMQPlatformReconcilerErrorHandler - [helmvolu] Pod 'test-hivemq-platform-0' phase Running
2025-01-28 23:37:20,514 INFO c.h.h.t.HelmChartContainer - [hivemq-test-hivemq-platform] [hivemq-platform-operator] [e1373b83] 23:37:20.513 [ReconcilerExecutor-hivemq-controller-134] DEBUG c.h.p.o.h.HiveMQPlatformReconcilerRollingRestartHandler - [helmvolu] Rolling restart is waiting for 2 of 3 replicas
2025-01-28 23:37:21,412 INFO c.h.h.t.HelmChartContainer - [POD] test-hivemq-platform-2 [111f66bb-1c67-4daa-abb3-9bc824d96869] in helmvolumeclaimtemplatesit was MODIFIED
2025-01-28 23:37:21,424 INFO c.h.h.t.HelmChartContainer - [hivemq-test-hivemq-platform] [hivemq-platform-operator] [e1373b83] 23:37:21.419 [pool-6-thread-7] DEBUG c.h.p.o.d.PlatformServiceResource - [helmvolu] Desired Platform services (3 services)
2025-01-28 23:37:21,425 INFO c.h.h.t.HelmChartContainer - [EVENT] Normal [Started] Started container hivemq [helmvolumeclaimtemplatesit:test-hivemq-platform-2]
2025-01-28 23:37:21,425 INFO c.h.h.t.HelmChartContainer - Started log watcher for hivemq in pod test-hivemq-platform-2 [111f66bb-1c67-4daa-abb3-9bc824d96869]
2025-01-28 23:37:21,428 INFO c.h.h.t.HelmChartContainer - Received Started event for container hivemq in pod test-hivemq-platform-2 [111f66bb-1c67-4daa-abb3-9bc824d96869]
2025-01-28 23:37:21,428 INFO c.h.h.t.HelmChartContainer - [test-hivemq-platform] [hivemq] [111f66bb] Adding pre-installed HiveMQ Platform Operator extensions
2025-01-28 23:37:21,428 INFO c.h.h.t.HelmChartContainer - [test-hivemq-platform] [hivemq] [111f66bb] Running as user 10000
2025-01-28 23:37:21,428 INFO c.h.h.t.HelmChartContainer - [test-hivemq-platform] [hivemq] [111f66bb] Starting HiveMQ Platform Operator Init
2025-01-28 23:37:21,428 INFO c.h.h.t.HelmChartContainer - [hivemq-test-hivemq-platform] [hivemq-platform-operator] [e1373b83] 23:37:21.423 [pool-6-thread-2] DEBUG c.h.p.o.dependants.PodInfoConfigMap - [helmvolu] Desired PodInfo ConfigMap (1 extensions) (1 enabled)
2025-01-28 23:37:21,428 INFO c.h.h.t.HelmChartContainer - [hivemq-test-hivemq-platform] [hivemq-platform-operator] [e1373b83] 23:37:21.423 [pool-6-thread-2] DEBUG c.h.p.o.dependants.PodInfoConfigMap - [helmvolu] Desired PodInfo ConfigMap (metrics port: 9399) (metrics path: /)
2025-01-28 23:37:21,428 INFO c.h.h.t.HelmChartContainer - [hivemq-test-hivemq-platform] [hivemq-platform-operator] [e1373b83] 23:37:21.423 [pool-6-thread-2] DEBUG c.h.p.o.dependants.PodInfoConfigMap - [helmvolu] Desired PodInfo ConfigMap (extension state hash: -1817474005)
2025-01-28 23:37:21,428 INFO c.h.h.t.HelmChartContainer - [hivemq-test-hivemq-platform] [hivemq-platform-operator] [e1373b83] 23:37:21.423 [pool-6-thread-7] DEBUG c.h.p.o.d.PodServiceAccountResource - [helmvolu] Desired PodServiceAccountResource (serviceAccountName: hivemq-platform-pod-test-hivemq-platform)
2025-01-28 23:37:21,428 INFO c.h.h.t.HelmChartContainer - [hivemq-test-hivemq-platform] [hivemq-platform-operator] [e1373b83] 23:37:21.427 [pool-6-thread-4] DEBUG c.h.p.o.d.StatefulSetResource - [helmvolu] Desired StatefulSet (3 replicas) for status ROLLING_RESTART (SURGE_IN_PROGRESS)
2025-01-28 23:37:21,434 INFO c.h.h.t.HelmChartContainer - [hivemq-test-hivemq-platform] [hivemq-platform-operator] [e1373b83] 23:37:21.432 [ReconcilerExecutor-hivemq-controller-135] INFO  c.h.p.o.HiveMQPlatformReconciler - [helmvolu] Reconciling HiveMQ Platform 'test-hivemq-platform' in namespace 'helmvolumeclaimtemplatesit'
2025-01-28 23:37:21,434 INFO c.h.h.t.HelmChartContainer - [hivemq-test-hivemq-platform] [hivemq-platform-operator] [e1373b83] 23:37:21.433 [ReconcilerExecutor-hivemq-controller-135] DEBUG c.h.p.o.HiveMQPlatformReconciler - [helmvolu] Custom Resource Status ROLLING_RESTART - HiveMQ Platform is starting a surge Pod (rolling restart) (SURGE_IN_PROGRESS)
2025-01-28 23:37:21,435 INFO c.h.h.t.HelmChartContainer - [hivemq-test-hivemq-platform] [hivemq-platform-operator] [e1373b83] 23:37:21.433 [ReconcilerExecutor-hivemq-controller-135] DEBUG c.h.p.o.HiveMQPlatformReconciler - [helmvolu] Custom Resource Spec (replicas: 2) (extensions: 1)
2025-01-28 23:37:21,436 INFO c.h.h.t.HelmChartContainer - [hivemq-test-hivemq-platform] [hivemq-platform-operator] [e1373b83] 23:37:21.435 [ReconcilerExecutor-hivemq-controller-135] DEBUG c.h.p.o.HiveMQPlatformReconciler - [helmvolu] StatefulSet Status (revision: test-hivemq-platform-59475f86c9, replicas: 3, available: 2, ready: 2, current: 2, updated: 1)
2025-01-28 23:37:21,436 INFO c.h.h.t.HelmChartContainer - [hivemq-test-hivemq-platform] [hivemq-platform-operator] [e1373b83] 23:37:21.435 [ReconcilerExecutor-hivemq-controller-135] DEBUG c.h.p.o.HiveMQPlatformReconciler - [helmvolu] StatefulSet Spec (replicas: 3, init containers: 1, containers: 1, volumes: 4)
2025-01-28 23:37:21,437 INFO c.h.h.t.HelmChartContainer - [hivemq-test-hivemq-platform] [hivemq-platform-operator] [e1373b83] 23:37:21.436 [ReconcilerExecutor-hivemq-controller-135] DEBUG c.h.p.o.h.HiveMQPlatformReconcilerErrorHandler - [helmvolu] Pod 'test-hivemq-platform-2' phase Running
2025-01-28 23:37:21,438 INFO c.h.h.t.HelmChartContainer - [hivemq-test-hivemq-platform] [hivemq-platform-operator] [e1373b83] 23:37:21.437 [ReconcilerExecutor-hivemq-controller-135] DEBUG c.h.p.o.h.HiveMQPlatformReconcilerErrorHandler - [helmvolu] Pod 'test-hivemq-platform-1' phase Running
2025-01-28 23:37:21,439 INFO c.h.h.t.HelmChartContainer - [hivemq-test-hivemq-platform] [hivemq-platform-operator] [e1373b83] 23:37:21.438 [ReconcilerExecutor-hivemq-controller-135] DEBUG c.h.p.o.h.HiveMQPlatformReconcilerErrorHandler - [helmvolu] Pod 'test-hivemq-platform-0' phase Running
2025-01-28 23:37:21,509 INFO c.h.h.t.HelmChartContainer - [hivemq-test-hivemq-platform] [hivemq-platform-operator] [e1373b83] 23:37:21.508 [ReconcilerExecutor-hivemq-controller-135] DEBUG c.h.p.o.h.HiveMQPlatformReconcilerRollingRestartHandler - [helmvolu] Rolling restart is waiting for 2 of 3 replicas
2025-01-28 23:37:21,756 INFO c.h.h.t.HelmChartContainer - [test-hivemq-platform] [hivemq] [111f66bb] INFO  - [HiveMQ Platform Operator Init 1.7.0-SNAPSHOT] HiveMQ Platform Operator Init 1.7.0-SNAPSHOT (commit: bebf408 on branch: HEAD) built on Sun Jan 26 20:47:47 UTC 2025
2025-01-28 23:37:22,970 INFO c.h.h.t.HelmChartContainer - [test-hivemq-platform] [hivemq] [111f66bb] INFO  - [HiveMQ Platform Operator Init App 1.7.0-SNAPSHOT] Using bind address 10.42.0.13 from environment variable
2025-01-28 23:37:23,862 INFO c.h.h.t.HelmChartContainer - [test-hivemq-platform] [hivemq] [111f66bb] INFO  - [HiveMQ Platform Operator Init App 1.7.0-SNAPSHOT] HiveMQ Platform Operator Init App 1.7.0-SNAPSHOT (commit: bebf408 on branch: HEAD) built on Sun Jan 26 20:47:47 UTC 2025
2025-01-28 23:37:23,862 INFO c.h.h.t.HelmChartContainer - [test-hivemq-platform] [hivemq] [111f66bb] INFO  - [HiveMQ Platform Operator Init App 1.7.0-SNAPSHOT] PodInfo ConfigMap directory: /etc/podinfo
2025-01-28 23:37:23,863 INFO c.h.h.t.HelmChartContainer - [test-hivemq-platform] [hivemq] [111f66bb] INFO  - [HiveMQ Platform Operator Init App 1.7.0-SNAPSHOT] HiveMQ home directory: /opt/hivemq
2025-01-28 23:37:23,863 INFO c.h.h.t.HelmChartContainer - [test-hivemq-platform] [hivemq] [111f66bb] INFO  - [HiveMQ Platform Operator Init App 1.7.0-SNAPSHOT] HiveMQ Logback folder: /opt/hivemq/conf
2025-01-28 23:37:23,864 INFO c.h.h.t.HelmChartContainer - [test-hivemq-platform] [hivemq] [111f66bb] INFO  - [HiveMQ Platform Operator Init App 1.7.0-SNAPSHOT] HiveMQ Config folder: /opt/hivemq/conf-k8s
2025-01-28 23:37:23,864 INFO c.h.h.t.HelmChartContainer - [test-hivemq-platform] [hivemq] [111f66bb] INFO  - [HiveMQ Platform Operator Init App 1.7.0-SNAPSHOT] Starting HiveMQ Platform Operator Init App
2025-01-28 23:37:23,864 INFO c.h.h.t.HelmChartContainer - [test-hivemq-platform] [hivemq] [111f66bb] INFO  - [HiveMQ Platform Operator Init App 1.7.0-SNAPSHOT] Starting Pod reconciler
2025-01-28 23:37:25,157 INFO c.h.h.t.HelmChartContainer - [test-hivemq-platform] [hivemq] [111f66bb] INFO  - [HiveMQ Platform Operator Init App 1.7.0-SNAPSHOT] Pod reconciler is scheduled (interval: 5000 ms)
2025-01-28 23:37:25,159 INFO c.h.h.t.HelmChartContainer - [test-hivemq-platform] [hivemq] [111f66bb] INFO  - [HiveMQ Platform Operator Init App 1.7.0-SNAPSHOT] Starting the REST API on 10.42.0.13:7979
2025-01-28 23:37:25,162 INFO c.h.h.t.HelmChartContainer - [test-hivemq-platform] [hivemq] [111f66bb] INFO  - [HiveMQ Platform Operator Init App 1.7.0-SNAPSHOT] Waiting up to 600s for at most 3 HiveMQ nodes in cluster service hivemq-test-hivemq-platform-cluster.helmvolumeclaimtemplatesit.svc
2025-01-28 23:37:25,468 INFO c.h.h.t.HelmChartContainer - [test-hivemq-platform] [hivemq] [111f66bb] INFO  - [HiveMQ Platform Operator Init App 1.7.0-SNAPSHOT] Resolved 3 IP addresses: [10.42.0.11, 10.42.0.13, 10.42.0.9]
2025-01-28 23:37:25,468 INFO c.h.h.t.HelmChartContainer - [test-hivemq-platform] [hivemq] [111f66bb] INFO  - [HiveMQ Platform Operator Init App 1.7.0-SNAPSHOT] HiveMQ node count of 3 is within threshold of 3
2025-01-28 23:37:25,468 INFO c.h.h.t.HelmChartContainer - [test-hivemq-platform] [hivemq] [111f66bb] INFO  - [HiveMQ Platform Operator Init App 1.7.0-SNAPSHOT] Waiting 15s for previous shutdown replication to finish...
2025-01-28 23:37:27,412 INFO c.h.h.t.HelmChartContainer - [test-hivemq-platform] [hivemq] [111f66bb] INFO  - [HiveMQ Platform Operator Init App 1.7.0-SNAPSHOT] Returning default Health API response 503 for readiness
2025-01-28 23:37:27,482 INFO c.h.h.t.HelmChartContainer - [EVENT] Warning [Unhealthy] Readiness probe failed: HTTP probe failed with statuscode: 503 [helmvolumeclaimtemplatesit:test-hivemq-platform-2]
2025-01-28 23:37:27,482 INFO c.h.h.t.HelmChartContainer - Received Unhealthy event for container hivemq in pod test-hivemq-platform-2 [111f66bb-1c67-4daa-abb3-9bc824d96869]
2025-01-28 23:37:30,519 INFO c.h.h.t.HelmChartContainer - [test-hivemq-platform] [hivemq] [2a16c913] INFO  - [HiveMQ Platform Operator Init App 1.7.0-SNAPSHOT] Returning Health API response 200 for liveness
2025-01-28 23:37:31,515 INFO c.h.h.t.HelmChartContainer - [hivemq-test-hivemq-platform] [hivemq-platform-operator] [e1373b83] 23:37:31.514 [pool-6-thread-13] DEBUG c.h.p.o.d.PlatformServiceResource - [helmvolu] Desired Platform services (3 services)
2025-01-28 23:37:31,519 INFO c.h.h.t.HelmChartContainer - [hivemq-test-hivemq-platform] [hivemq-platform-operator] [e1373b83] 23:37:31.515 [pool-6-thread-18] DEBUG c.h.p.o.d.PodServiceAccountResource - [helmvolu] Desired PodServiceAccountResource (serviceAccountName: hivemq-platform-pod-test-hivemq-platform)
2025-01-28 23:37:31,519 INFO c.h.h.t.HelmChartContainer - [hivemq-test-hivemq-platform] [hivemq-platform-operator] [e1373b83] 23:37:31.517 [pool-6-thread-14] DEBUG c.h.p.o.dependants.PodInfoConfigMap - [helmvolu] Desired PodInfo ConfigMap (1 extensions) (1 enabled)
2025-01-28 23:37:31,519 INFO c.h.h.t.HelmChartContainer - [hivemq-test-hivemq-platform] [hivemq-platform-operator] [e1373b83] 23:37:31.517 [pool-6-thread-14] DEBUG c.h.p.o.dependants.PodInfoConfigMap - [helmvolu] Desired PodInfo ConfigMap (metrics port: 9399) (metrics path: /)
2025-01-28 23:37:31,519 INFO c.h.h.t.HelmChartContainer - [hivemq-test-hivemq-platform] [hivemq-platform-operator] [e1373b83] 23:37:31.517 [pool-6-thread-14] DEBUG c.h.p.o.dependants.PodInfoConfigMap - [helmvolu] Desired PodInfo ConfigMap (extension state hash: -1817474005)
2025-01-28 23:37:31,521 INFO c.h.h.t.HelmChartContainer - [hivemq-test-hivemq-platform] [hivemq-platform-operator] [e1373b83] 23:37:31.520 [pool-6-thread-13] DEBUG c.h.p.o.d.StatefulSetResource - [helmvolu] Desired StatefulSet (3 replicas) for status ROLLING_RESTART (SURGE_IN_PROGRESS)
2025-01-28 23:37:31,524 INFO c.h.h.t.HelmChartContainer - [hivemq-test-hivemq-platform] [hivemq-platform-operator] [e1373b83] 23:37:31.522 [ReconcilerExecutor-hivemq-controller-136] INFO  c.h.p.o.HiveMQPlatformReconciler - [helmvolu] Reconciling HiveMQ Platform 'test-hivemq-platform' in namespace 'helmvolumeclaimtemplatesit'
2025-01-28 23:37:31,525 INFO c.h.h.t.HelmChartContainer - [hivemq-test-hivemq-platform] [hivemq-platform-operator] [e1373b83] 23:37:31.522 [ReconcilerExecutor-hivemq-controller-136] DEBUG c.h.p.o.HiveMQPlatformReconciler - [helmvolu] Custom Resource Status ROLLING_RESTART - HiveMQ Platform is starting a surge Pod (rolling restart) (SURGE_IN_PROGRESS)
2025-01-28 23:37:31,525 INFO c.h.h.t.HelmChartContainer - [hivemq-test-hivemq-platform] [hivemq-platform-operator] [e1373b83] 23:37:31.522 [ReconcilerExecutor-hivemq-controller-136] DEBUG c.h.p.o.HiveMQPlatformReconciler - [helmvolu] Custom Resource Spec (replicas: 2) (extensions: 1)
2025-01-28 23:37:31,527 INFO c.h.h.t.HelmChartContainer - [hivemq-test-hivemq-platform] [hivemq-platform-operator] [e1373b83] 23:37:31.523 [ReconcilerExecutor-hivemq-controller-136] DEBUG c.h.p.o.HiveMQPlatformReconciler - [helmvolu] StatefulSet Status (revision: test-hivemq-platform-59475f86c9, replicas: 3, available: 2, ready: 2, current: 2, updated: 1)
2025-01-28 23:37:31,527 INFO c.h.h.t.HelmChartContainer - [hivemq-test-hivemq-platform] [hivemq-platform-operator] [e1373b83] 23:37:31.524 [ReconcilerExecutor-hivemq-controller-136] DEBUG c.h.p.o.HiveMQPlatformReconciler - [helmvolu] StatefulSet Spec (replicas: 3, init containers: 1, containers: 1, volumes: 4)
2025-01-28 23:37:31,527 INFO c.h.h.t.HelmChartContainer - [hivemq-test-hivemq-platform] [hivemq-platform-operator] [e1373b83] 23:37:31.525 [ReconcilerExecutor-hivemq-controller-136] DEBUG c.h.p.o.h.HiveMQPlatformReconcilerErrorHandler - [helmvolu] Pod 'test-hivemq-platform-2' phase Running
2025-01-28 23:37:31,528 INFO c.h.h.t.HelmChartContainer - [hivemq-test-hivemq-platform] [hivemq-platform-operator] [e1373b83] 23:37:31.526 [ReconcilerExecutor-hivemq-controller-136] DEBUG c.h.p.o.h.HiveMQPlatformReconcilerErrorHandler - [helmvolu] Pod 'test-hivemq-platform-1' phase Running
2025-01-28 23:37:31,528 INFO c.h.h.t.HelmChartContainer - [hivemq-test-hivemq-platform] [hivemq-platform-operator] [e1373b83] 23:37:31.527 [ReconcilerExecutor-hivemq-controller-136] DEBUG c.h.p.o.h.HiveMQPlatformReconcilerErrorHandler - [helmvolu] Pod 'test-hivemq-platform-0' phase Running
2025-01-28 23:37:31,528 INFO c.h.h.t.HelmChartContainer - [hivemq-test-hivemq-platform] [hivemq-platform-operator] [e1373b83] 23:37:31.527 [ReconcilerExecutor-hivemq-controller-136] DEBUG c.h.p.o.h.HiveMQPlatformReconcilerRollingRestartHandler - [helmvolu] Rolling restart is waiting for 2 of 3 replicas
2025-01-28 23:37:32,460 INFO c.h.h.t.HelmChartContainer - [EVENT] Warning [Unhealthy] Readiness probe failed: HTTP probe failed with statuscode: 503 [helmvolumeclaimtemplatesit:test-hivemq-platform-2]
2025-01-28 23:37:32,460 INFO c.h.h.t.HelmChartContainer - Received Unhealthy event for container hivemq in pod test-hivemq-platform-2 [111f66bb-1c67-4daa-abb3-9bc824d96869]
2025-01-28 23:37:32,764 INFO c.h.h.t.HelmChartContainer - [test-hivemq-platform] [hivemq] [111f66bb] INFO  - [HiveMQ Platform Operator Init App 1.7.0-SNAPSHOT] Updating Pod HiveMQ Platform Operator Init App version annotation (version: 1.7.0-SNAPSHOT)
2025-01-28 23:37:33,165 INFO c.h.h.t.HelmChartContainer - [POD] test-hivemq-platform-2 [111f66bb-1c67-4daa-abb3-9bc824d96869] in helmvolumeclaimtemplatesit was MODIFIED
2025-01-28 23:37:33,172 INFO c.h.h.t.HelmChartContainer - [test-hivemq-platform] [hivemq] [111f66bb] INFO  - [HiveMQ Platform Operator Init App 1.7.0-SNAPSHOT] Successfully updated Pod HiveMQ Platform Operator Init App version annotation (version: 1.7.0-SNAPSHOT)
2025-01-28 23:37:33,173 INFO c.h.h.t.HelmChartContainer - [EVENT] Warning [Unhealthy] Readiness probe failed: HTTP probe failed with statuscode: 503 [helmvolumeclaimtemplatesit:test-hivemq-platform-2]
2025-01-28 23:37:33,173 INFO c.h.h.t.HelmChartContainer - Received Unhealthy event for container hivemq in pod test-hivemq-platform-2 [111f66bb-1c67-4daa-abb3-9bc824d96869]
2025-01-28 23:37:33,179 INFO c.h.h.t.HelmChartContainer - [hivemq-test-hivemq-platform] [hivemq-platform-operator] [e1373b83] 23:37:33.177 [pool-6-thread-24] DEBUG c.h.p.o.d.PlatformServiceResource - [helmvolu] Desired Platform services (3 services)
2025-01-28 23:37:33,180 INFO c.h.h.t.HelmChartContainer - [hivemq-test-hivemq-platform] [hivemq-platform-operator] [e1373b83] 23:37:33.178 [pool-6-thread-30] DEBUG c.h.p.o.dependants.PodInfoConfigMap - [helmvolu] Desired PodInfo ConfigMap (1 extensions) (1 enabled)
2025-01-28 23:37:33,180 INFO c.h.h.t.HelmChartContainer - [hivemq-test-hivemq-platform] [hivemq-platform-operator] [e1373b83] 23:37:33.179 [pool-6-thread-30] DEBUG c.h.p.o.dependants.PodInfoConfigMap - [helmvolu] Desired PodInfo ConfigMap (metrics port: 9399) (metrics path: /)
2025-01-28 23:37:33,180 INFO c.h.h.t.HelmChartContainer - [hivemq-test-hivemq-platform] [hivemq-platform-operator] [e1373b83] 23:37:33.179 [pool-6-thread-30] DEBUG c.h.p.o.dependants.PodInfoConfigMap - [helmvolu] Desired PodInfo ConfigMap (extension state hash: -1817474005)
2025-01-28 23:37:33,182 INFO c.h.h.t.HelmChartContainer - [hivemq-test-hivemq-platform] [hivemq-platform-operator] [e1373b83] 23:37:33.181 [pool-6-thread-25] DEBUG c.h.p.o.d.PodServiceAccountResource - [helmvolu] Desired PodServiceAccountResource (serviceAccountName: hivemq-platform-pod-test-hivemq-platform)
2025-01-28 23:37:33,186 INFO c.h.h.t.HelmChartContainer - [hivemq-test-hivemq-platform] [hivemq-platform-operator] [e1373b83] 23:37:33.185 [pool-6-thread-27] DEBUG c.h.p.o.d.StatefulSetResource - [helmvolu] Desired StatefulSet (3 replicas) for status ROLLING_RESTART (SURGE_IN_PROGRESS)
2025-01-28 23:37:33,189 INFO c.h.h.t.HelmChartContainer - [hivemq-test-hivemq-platform] [hivemq-platform-operator] [e1373b83] 23:37:33.188 [ReconcilerExecutor-hivemq-controller-137] INFO  c.h.p.o.HiveMQPlatformReconciler - [helmvolu] Reconciling HiveMQ Platform 'test-hivemq-platform' in namespace 'helmvolumeclaimtemplatesit'
2025-01-28 23:37:33,191 INFO c.h.h.t.HelmChartContainer - [hivemq-test-hivemq-platform] [hivemq-platform-operator] [e1373b83] 23:37:33.188 [ReconcilerExecutor-hivemq-controller-137] DEBUG c.h.p.o.HiveMQPlatformReconciler - [helmvolu] Custom Resource Status ROLLING_RESTART - HiveMQ Platform is starting a surge Pod (rolling restart) (SURGE_IN_PROGRESS)
2025-01-28 23:37:33,191 INFO c.h.h.t.HelmChartContainer - [hivemq-test-hivemq-platform] [hivemq-platform-operator] [e1373b83] 23:37:33.188 [ReconcilerExecutor-hivemq-controller-137] DEBUG c.h.p.o.HiveMQPlatformReconciler - [helmvolu] Custom Resource Spec (replicas: 2) (extensions: 1)
2025-01-28 23:37:33,192 INFO c.h.h.t.HelmChartContainer - [hivemq-test-hivemq-platform] [hivemq-platform-operator] [e1373b83] 23:37:33.192 [ReconcilerExecutor-hivemq-controller-137] DEBUG c.h.p.o.HiveMQPlatformReconciler - [helmvolu] StatefulSet Status (revision: test-hivemq-platform-59475f86c9, replicas: 3, available: 2, ready: 2, current: 2, updated: 1)
2025-01-28 23:37:33,192 INFO c.h.h.t.HelmChartContainer - [hivemq-test-hivemq-platform] [hivemq-platform-operator] [e1373b83] 23:37:33.192 [ReconcilerExecutor-hivemq-controller-137] DEBUG c.h.p.o.HiveMQPlatformReconciler - [helmvolu] StatefulSet Spec (replicas: 3, init containers: 1, containers: 1, volumes: 4)
2025-01-28 23:37:33,194 INFO c.h.h.t.HelmChartContainer - [hivemq-test-hivemq-platform] [hivemq-platform-operator] [e1373b83] 23:37:33.193 [ReconcilerExecutor-hivemq-controller-137] DEBUG c.h.p.o.h.HiveMQPlatformReconcilerErrorHandler - [helmvolu] Pod 'test-hivemq-platform-2' phase Running
2025-01-28 23:37:33,195 INFO c.h.h.t.HelmChartContainer - [hivemq-test-hivemq-platform] [hivemq-platform-operator] [e1373b83] 23:37:33.195 [ReconcilerExecutor-hivemq-controller-137] DEBUG c.h.p.o.h.HiveMQPlatformReconcilerErrorHandler - [helmvolu] Pod 'test-hivemq-platform-1' phase Running
2025-01-28 23:37:33,196 INFO c.h.h.t.HelmChartContainer - [hivemq-test-hivemq-platform] [hivemq-platform-operator] [e1373b83] 23:37:33.196 [ReconcilerExecutor-hivemq-controller-137] DEBUG c.h.p.o.h.HiveMQPlatformReconcilerErrorHandler - [helmvolu] Pod 'test-hivemq-platform-0' phase Running
2025-01-28 23:37:33,197 INFO c.h.h.t.HelmChartContainer - [hivemq-test-hivemq-platform] [hivemq-platform-operator] [e1373b83] 23:37:33.196 [ReconcilerExecutor-hivemq-controller-137] DEBUG c.h.p.o.h.HiveMQPlatformReconcilerRollingRestartHandler - [helmvolu] Rolling restart is waiting for 2 of 3 replicas
2025-01-28 23:37:38,168 INFO c.h.h.t.HelmChartContainer - [EVENT] Warning [Unhealthy] Readiness probe failed: HTTP probe failed with statuscode: 503 [helmvolumeclaimtemplatesit:test-hivemq-platform-2]
2025-01-28 23:37:38,168 INFO c.h.h.t.HelmChartContainer - Received Unhealthy event for container hivemq in pod test-hivemq-platform-2 [111f66bb-1c67-4daa-abb3-9bc824d96869]
2025-01-28 23:37:40,468 INFO c.h.h.t.HelmChartContainer - [test-hivemq-platform] [hivemq] [111f66bb] INFO  - [HiveMQ Platform Operator Init App 1.7.0-SNAPSHOT] Proceeding with container start
2025-01-28 23:37:40,471 INFO c.h.h.t.HelmChartContainer - [test-hivemq-platform] [hivemq] [111f66bb] INFO  - [HiveMQ Platform Operator Init App 1.7.0-SNAPSHOT] Initializing HiveMQ Platform extensions with initial configuration: {hivemq-allow-all-extension={start-priority=-1, skip-https-hostname-verification=false, restart=true, config-version=0, header-version=0, c-uri=, priority=-1, uri=preinstalled, skip-https-certificate-validation=false, enabled=true}, hivemq-prometheus-extension={enabled=true, request-header-path=no-request-headers, uri=preinstalled, skip-https-certificate-validation=false, skip-https-hostname-verification=false, c-uri=, start-priority=-1, priority=-1, restart=true}}
2025-01-28 23:37:40,955 INFO c.h.h.t.HelmChartContainer - [test-hivemq-platform] [hivemq] [111f66bb] INFO  - [HiveMQ Platform Operator Init App 1.7.0-SNAPSHOT] Extension hivemq-allow-all-extension was already enabled
2025-01-28 23:37:40,966 INFO c.h.h.t.HelmChartContainer - [test-hivemq-platform] [hivemq] [111f66bb] INFO  - [HiveMQ Platform Operator Init App 1.7.0-SNAPSHOT] Successfully enabled extension hivemq-prometheus-extension
2025-01-28 23:37:40,969 INFO c.h.h.t.HelmChartContainer - [test-hivemq-platform] [hivemq] [111f66bb] INFO  - [HiveMQ Platform Operator Init App 1.7.0-SNAPSHOT] Starting HiveMQ Platform version 4.36.0 (4.36.0)
2025-01-28 23:37:40,969 INFO c.h.h.t.HelmChartContainer - [test-hivemq-platform] [hivemq] [111f66bb] INFO  - [HiveMQ Platform Operator Init App 1.7.0-SNAPSHOT] Configuring the HiveMQ Platform
2025-01-28 23:37:41,056 INFO c.h.h.t.HelmChartContainer - [test-hivemq-platform] [hivemq] [111f66bb] INFO  - [HiveMQ Platform Operator Init App 1.7.0-SNAPSHOT] Changed logback.xml file scan period to 20 seconds
2025-01-28 23:37:41,066 INFO c.h.h.t.HelmChartContainer - [test-hivemq-platform] [hivemq] [111f66bb] INFO  - [HiveMQ Platform Operator Init App 1.7.0-SNAPSHOT] Starting the HiveMQ Platform
2025-01-28 23:37:41,069 INFO c.h.h.t.HelmChartContainer - [test-hivemq-platform] [hivemq] [111f66bb] -------------------------------------------------------------------------
2025-01-28 23:37:41,069 INFO c.h.h.t.HelmChartContainer - [test-hivemq-platform] [hivemq] [111f66bb] 
2025-01-28 23:37:41,069 INFO c.h.h.t.HelmChartContainer - [test-hivemq-platform] [hivemq] [111f66bb]                   _    _  _              __  __   ____
2025-01-28 23:37:41,069 INFO c.h.h.t.HelmChartContainer - [test-hivemq-platform] [hivemq] [111f66bb]                  | |  | |(_)            |  \/  | / __ \
2025-01-28 23:37:41,069 INFO c.h.h.t.HelmChartContainer - [test-hivemq-platform] [hivemq] [111f66bb]                  | |__| | _ __   __ ___ | \  / || |  | |
2025-01-28 23:37:41,070 INFO c.h.h.t.HelmChartContainer - [test-hivemq-platform] [hivemq] [111f66bb]                  |  __  || |\ \ / // _ \| |\/| || |  | |
2025-01-28 23:37:41,070 INFO c.h.h.t.HelmChartContainer - [test-hivemq-platform] [hivemq] [111f66bb]                  | |  | || | \ V /|  __/| |  | || |__| |
2025-01-28 23:37:41,070 INFO c.h.h.t.HelmChartContainer - [test-hivemq-platform] [hivemq] [111f66bb]                  |_|  |_||_|  \_/  \___||_|  |_| \___\_\
2025-01-28 23:37:41,070 INFO c.h.h.t.HelmChartContainer - [test-hivemq-platform] [hivemq] [111f66bb] 
2025-01-28 23:37:41,070 INFO c.h.h.t.HelmChartContainer - [test-hivemq-platform] [hivemq] [111f66bb] -------------------------------------------------------------------------
2025-01-28 23:37:41,070 INFO c.h.h.t.HelmChartContainer - [test-hivemq-platform] [hivemq] [111f66bb] 
2025-01-28 23:37:41,070 INFO c.h.h.t.HelmChartContainer - [test-hivemq-platform] [hivemq] [111f66bb]   HiveMQ Start Script for Linux/Unix v1.14
2025-01-28 23:37:41,070 INFO c.h.h.t.HelmChartContainer - [test-hivemq-platform] [hivemq] [111f66bb] 
2025-01-28 23:37:41,186 INFO c.h.h.t.HelmChartContainer - [test-hivemq-platform] [hivemq] [111f66bb] -------------------------------------------------------------------------
2025-01-28 23:37:41,186 INFO c.h.h.t.HelmChartContainer - [test-hivemq-platform] [hivemq] [111f66bb] 
2025-01-28 23:37:41,186 INFO c.h.h.t.HelmChartContainer - [test-hivemq-platform] [hivemq] [111f66bb]   HIVEMQ_HOME: /opt/hivemq
2025-01-28 23:37:41,186 INFO c.h.h.t.HelmChartContainer - [test-hivemq-platform] [hivemq] [111f66bb] 
2025-01-28 23:37:41,186 INFO c.h.h.t.HelmChartContainer - [test-hivemq-platform] [hivemq] [111f66bb]   JAVA_OPTS: -XX:+UnlockExperimentalVMOptions -XX:InitialRAMPercentage=50 -XX:MaxRAMPercentage=50 -Djava.net.preferIPv4Stack=true --add-opens java.base/java.lang=ALL-UNNAMED --add-opens java.base/java.nio=ALL-UNNAMED --add-opens java.base/sun.nio.ch=ALL-UNNAMED --add-opens jdk.management/com.sun.management.internal=ALL-UNNAMED --add-exports java.base/jdk.internal.misc=ALL-UNNAMED -Djava.security.egd=file:/dev/./urandom -Dcom.sun.management.jmxremote -Dcom.sun.management.jmxremote.port=9010 -Dcom.sun.management.jmxremote.local.only=false -Dcom.sun.management.jmxremote.authenticate=false -Dcom.sun.management.jmxremote.ssl=false -Duser.language=en -Duser.region=US -XX:+CrashOnOutOfMemoryError -XX:+HeapDumpOnOutOfMemoryError
2025-01-28 23:37:41,186 INFO c.h.h.t.HelmChartContainer - [test-hivemq-platform] [hivemq] [111f66bb] 
2025-01-28 23:37:41,186 INFO c.h.h.t.HelmChartContainer - [test-hivemq-platform] [hivemq] [111f66bb]   JAVA_VERSION: 21
2025-01-28 23:37:41,186 INFO c.h.h.t.HelmChartContainer - [test-hivemq-platform] [hivemq] [111f66bb] 
2025-01-28 23:37:41,186 INFO c.h.h.t.HelmChartContainer - [test-hivemq-platform] [hivemq] [111f66bb] -------------------------------------------------------------------------
2025-01-28 23:37:41,186 INFO c.h.h.t.HelmChartContainer - [test-hivemq-platform] [hivemq] [111f66bb] 
2025-01-28 23:37:43,175 INFO c.h.h.t.HelmChartContainer - [EVENT] Warning [Unhealthy] Readiness probe failed: HTTP probe failed with statuscode: 503 [helmvolumeclaimtemplatesit:test-hivemq-platform-2]
2025-01-28 23:37:43,175 INFO c.h.h.t.HelmChartContainer - Received Unhealthy event for container hivemq in pod test-hivemq-platform-2 [111f66bb-1c67-4daa-abb3-9bc824d96869]
2025-01-28 23:37:43,205 INFO c.h.h.t.HelmChartContainer - [hivemq-test-hivemq-platform] [hivemq-platform-operator] [e1373b83] 23:37:43.203 [pool-6-thread-32] DEBUG c.h.p.o.d.PlatformServiceResource - [helmvolu] Desired Platform services (3 services)
2025-01-28 23:37:43,205 INFO c.h.h.t.HelmChartContainer - [hivemq-test-hivemq-platform] [hivemq-platform-operator] [e1373b83] 23:37:43.203 [pool-6-thread-31] DEBUG c.h.p.o.dependants.PodInfoConfigMap - [helmvolu] Desired PodInfo ConfigMap (1 extensions) (1 enabled)
2025-01-28 23:37:43,205 INFO c.h.h.t.HelmChartContainer - [hivemq-test-hivemq-platform] [hivemq-platform-operator] [e1373b83] 23:37:43.203 [pool-6-thread-31] DEBUG c.h.p.o.dependants.PodInfoConfigMap - [helmvolu] Desired PodInfo ConfigMap (metrics port: 9399) (metrics path: /)
2025-01-28 23:37:43,205 INFO c.h.h.t.HelmChartContainer - [hivemq-test-hivemq-platform] [hivemq-platform-operator] [e1373b83] 23:37:43.203 [pool-6-thread-31] DEBUG c.h.p.o.dependants.PodInfoConfigMap - [helmvolu] Desired PodInfo ConfigMap (extension state hash: -1817474005)
2025-01-28 23:37:43,205 INFO c.h.h.t.HelmChartContainer - [hivemq-test-hivemq-platform] [hivemq-platform-operator] [e1373b83] 23:37:43.204 [pool-6-thread-40] DEBUG c.h.p.o.d.PodServiceAccountResource - [helmvolu] Desired PodServiceAccountResource (serviceAccountName: hivemq-platform-pod-test-hivemq-platform)
2025-01-28 23:37:43,209 INFO c.h.h.t.HelmChartContainer - [hivemq-test-hivemq-platform] [hivemq-platform-operator] [e1373b83] 23:37:43.208 [pool-6-thread-32] DEBUG c.h.p.o.d.StatefulSetResource - [helmvolu] Desired StatefulSet (3 replicas) for status ROLLING_RESTART (SURGE_IN_PROGRESS)
2025-01-28 23:37:43,214 INFO c.h.h.t.HelmChartContainer - [hivemq-test-hivemq-platform] [hivemq-platform-operator] [e1373b83] 23:37:43.212 [ReconcilerExecutor-hivemq-controller-138] INFO  c.h.p.o.HiveMQPlatformReconciler - [helmvolu] Reconciling HiveMQ Platform 'test-hivemq-platform' in namespace 'helmvolumeclaimtemplatesit'
2025-01-28 23:37:43,214 INFO c.h.h.t.HelmChartContainer - [hivemq-test-hivemq-platform] [hivemq-platform-operator] [e1373b83] 23:37:43.212 [ReconcilerExecutor-hivemq-controller-138] DEBUG c.h.p.o.HiveMQPlatformReconciler - [helmvolu] Custom Resource Status ROLLING_RESTART - HiveMQ Platform is starting a surge Pod (rolling restart) (SURGE_IN_PROGRESS)
2025-01-28 23:37:43,214 INFO c.h.h.t.HelmChartContainer - [hivemq-test-hivemq-platform] [hivemq-platform-operator] [e1373b83] 23:37:43.212 [ReconcilerExecutor-hivemq-controller-138] DEBUG c.h.p.o.HiveMQPlatformReconciler - [helmvolu] Custom Resource Spec (replicas: 2) (extensions: 1)
2025-01-28 23:37:43,214 INFO c.h.h.t.HelmChartContainer - [hivemq-test-hivemq-platform] [hivemq-platform-operator] [e1373b83] 23:37:43.213 [ReconcilerExecutor-hivemq-controller-138] DEBUG c.h.p.o.HiveMQPlatformReconciler - [helmvolu] StatefulSet Status (revision: test-hivemq-platform-59475f86c9, replicas: 3, available: 2, ready: 2, current: 2, updated: 1)
2025-01-28 23:37:43,214 INFO c.h.h.t.HelmChartContainer - [hivemq-test-hivemq-platform] [hivemq-platform-operator] [e1373b83] 23:37:43.213 [ReconcilerExecutor-hivemq-controller-138] DEBUG c.h.p.o.HiveMQPlatformReconciler - [helmvolu] StatefulSet Spec (replicas: 3, init containers: 1, containers: 1, volumes: 4)
2025-01-28 23:37:43,217 INFO c.h.h.t.HelmChartContainer - [hivemq-test-hivemq-platform] [hivemq-platform-operator] [e1373b83] 23:37:43.215 [ReconcilerExecutor-hivemq-controller-138] DEBUG c.h.p.o.h.HiveMQPlatformReconcilerErrorHandler - [helmvolu] Pod 'test-hivemq-platform-2' phase Running
2025-01-28 23:37:43,217 INFO c.h.h.t.HelmChartContainer - [hivemq-test-hivemq-platform] [hivemq-platform-operator] [e1373b83] 23:37:43.216 [ReconcilerExecutor-hivemq-controller-138] DEBUG c.h.p.o.h.HiveMQPlatformReconcilerErrorHandler - [helmvolu] Pod 'test-hivemq-platform-1' phase Running
2025-01-28 23:37:43,226 INFO c.h.h.t.HelmChartContainer - [hivemq-test-hivemq-platform] [hivemq-platform-operator] [e1373b83] 23:37:43.225 [ReconcilerExecutor-hivemq-controller-138] DEBUG c.h.p.o.h.HiveMQPlatformReconcilerErrorHandler - [helmvolu] Pod 'test-hivemq-platform-0' phase Running
2025-01-28 23:37:43,228 INFO c.h.h.t.HelmChartContainer - [hivemq-test-hivemq-platform] [hivemq-platform-operator] [e1373b83] 23:37:43.225 [ReconcilerExecutor-hivemq-controller-138] DEBUG c.h.p.o.h.HiveMQPlatformReconcilerRollingRestartHandler - [helmvolu] Rolling restart is waiting for 2 of 3 replicas
2025-01-28 23:37:43,845 INFO c.h.h.t.HelmChartContainer - [test-hivemq-platform] [hivemq] [111f66bb] INFO  - Starting HiveMQ Enterprise Server
2025-01-28 23:37:43,856 INFO c.h.h.t.HelmChartContainer - [test-hivemq-platform] [hivemq] [111f66bb] INFO  - HiveMQ version: 4.36.0
2025-01-28 23:37:43,857 INFO c.h.h.t.HelmChartContainer - [test-hivemq-platform] [hivemq] [111f66bb] INFO  - HiveMQ home directory: /opt/hivemq
2025-01-28 23:37:43,857 INFO c.h.h.t.HelmChartContainer - [test-hivemq-platform] [hivemq] [111f66bb] INFO  - Log Configuration was overridden by /opt/hivemq/conf/logback.xml
2025-01-28 23:37:44,979 INFO c.h.h.t.HelmChartContainer - [test-hivemq-platform] [hivemq] [111f66bb] INFO  - Successfully loaded configuration from '/opt/hivemq/conf-k8s/config.xml'.
2025-01-28 23:37:45,355 INFO c.h.h.t.HelmChartContainer - [test-hivemq-platform] [hivemq] [111f66bb] INFO  - This node's ID is 04vCQ
2025-01-28 23:37:45,355 INFO c.h.h.t.HelmChartContainer - [test-hivemq-platform] [hivemq] [111f66bb] INFO  - Clustering is enabled
2025-01-28 23:37:48,457 INFO c.h.h.t.HelmChartContainer - [test-hivemq-platform] [hivemq] [111f66bb] WARN  - [HiveMQ Platform Operator Init App 1.7.0-SNAPSHOT] Cannot connect to Health API for readiness: null
2025-01-28 23:37:48,462 INFO c.h.h.t.HelmChartContainer - [EVENT] Warning [Unhealthy] Readiness probe failed: HTTP probe failed with statuscode: 503 [helmvolumeclaimtemplatesit:test-hivemq-platform-2]
2025-01-28 23:37:48,462 INFO c.h.h.t.HelmChartContainer - Received Unhealthy event for container hivemq in pod test-hivemq-platform-2 [111f66bb-1c67-4daa-abb3-9bc824d96869]
2025-01-28 23:37:50,043 INFO c.h.h.t.HelmChartContainer - [test-hivemq-platform] [hivemq] [111f66bb] WARN  - [HiveMQ Platform Operator Init App 1.7.0-SNAPSHOT] Cannot connect to Health API for liveness: null
2025-01-28 23:37:50,043 INFO c.h.h.t.HelmChartContainer - [test-hivemq-platform] [hivemq] [111f66bb] INFO  - [HiveMQ Platform Operator Init App 1.7.0-SNAPSHOT] Returning default Health API response 200 for liveness
2025-01-28 23:37:53,173 INFO c.h.h.t.HelmChartContainer - [test-hivemq-platform] [hivemq] [111f66bb] WARN  - [HiveMQ Platform Operator Init App 1.7.0-SNAPSHOT] Cannot connect to Health API for readiness: null
2025-01-28 23:37:53,175 INFO c.h.h.t.HelmChartContainer - [EVENT] Warning [Unhealthy] Readiness probe failed: HTTP probe failed with statuscode: 503 [helmvolumeclaimtemplatesit:test-hivemq-platform-2]
2025-01-28 23:37:53,175 INFO c.h.h.t.HelmChartContainer - Received Unhealthy event for container hivemq in pod test-hivemq-platform-2 [111f66bb-1c67-4daa-abb3-9bc824d96869]
2025-01-28 23:37:53,230 INFO c.h.h.t.HelmChartContainer - [hivemq-test-hivemq-platform] [hivemq-platform-operator] [e1373b83] 23:37:53.229 [pool-6-thread-48] DEBUG c.h.p.o.d.PlatformServiceResource - [helmvolu] Desired Platform services (3 services)
2025-01-28 23:37:53,232 INFO c.h.h.t.HelmChartContainer - [hivemq-test-hivemq-platform] [hivemq-platform-operator] [e1373b83] 23:37:53.229 [pool-6-thread-46] DEBUG c.h.p.o.dependants.PodInfoConfigMap - [helmvolu] Desired PodInfo ConfigMap (1 extensions) (1 enabled)
2025-01-28 23:37:53,232 INFO c.h.h.t.HelmChartContainer - [hivemq-test-hivemq-platform] [hivemq-platform-operator] [e1373b83] 23:37:53.230 [pool-6-thread-46] DEBUG c.h.p.o.dependants.PodInfoConfigMap - [helmvolu] Desired PodInfo ConfigMap (metrics port: 9399) (metrics path: /)
2025-01-28 23:37:53,233 INFO c.h.h.t.HelmChartContainer - [hivemq-test-hivemq-platform] [hivemq-platform-operator] [e1373b83] 23:37:53.231 [pool-6-thread-46] DEBUG c.h.p.o.dependants.PodInfoConfigMap - [helmvolu] Desired PodInfo ConfigMap (extension state hash: -1817474005)
2025-01-28 23:37:53,233 INFO c.h.h.t.HelmChartContainer - [hivemq-test-hivemq-platform] [hivemq-platform-operator] [e1373b83] 23:37:53.230 [pool-6-thread-43] DEBUG c.h.p.o.d.PodServiceAccountResource - [helmvolu] Desired PodServiceAccountResource (serviceAccountName: hivemq-platform-pod-test-hivemq-platform)
2025-01-28 23:37:53,235 INFO c.h.h.t.HelmChartContainer - [hivemq-test-hivemq-platform] [hivemq-platform-operator] [e1373b83] 23:37:53.233 [pool-6-thread-48] DEBUG c.h.p.o.d.StatefulSetResource - [helmvolu] Desired StatefulSet (3 replicas) for status ROLLING_RESTART (SURGE_IN_PROGRESS)
2025-01-28 23:37:53,239 INFO c.h.h.t.HelmChartContainer - [hivemq-test-hivemq-platform] [hivemq-platform-operator] [e1373b83] 23:37:53.236 [ReconcilerExecutor-hivemq-controller-139] INFO  c.h.p.o.HiveMQPlatformReconciler - [helmvolu] Reconciling HiveMQ Platform 'test-hivemq-platform' in namespace 'helmvolumeclaimtemplatesit'
2025-01-28 23:37:53,239 INFO c.h.h.t.HelmChartContainer - [hivemq-test-hivemq-platform] [hivemq-platform-operator] [e1373b83] 23:37:53.236 [ReconcilerExecutor-hivemq-controller-139] DEBUG c.h.p.o.HiveMQPlatformReconciler - [helmvolu] Custom Resource Status ROLLING_RESTART - HiveMQ Platform is starting a surge Pod (rolling restart) (SURGE_IN_PROGRESS)
2025-01-28 23:37:53,240 INFO c.h.h.t.HelmChartContainer - [hivemq-test-hivemq-platform] [hivemq-platform-operator] [e1373b83] 23:37:53.236 [ReconcilerExecutor-hivemq-controller-139] DEBUG c.h.p.o.HiveMQPlatformReconciler - [helmvolu] Custom Resource Spec (replicas: 2) (extensions: 1)
2025-01-28 23:37:53,240 INFO c.h.h.t.HelmChartContainer - [hivemq-test-hivemq-platform] [hivemq-platform-operator] [e1373b83] 23:37:53.237 [ReconcilerExecutor-hivemq-controller-139] DEBUG c.h.p.o.HiveMQPlatformReconciler - [helmvolu] StatefulSet Status (revision: test-hivemq-platform-59475f86c9, replicas: 3, available: 2, ready: 2, current: 2, updated: 1)
2025-01-28 23:37:53,240 INFO c.h.h.t.HelmChartContainer - [hivemq-test-hivemq-platform] [hivemq-platform-operator] [e1373b83] 23:37:53.237 [ReconcilerExecutor-hivemq-controller-139] DEBUG c.h.p.o.HiveMQPlatformReconciler - [helmvolu] StatefulSet Spec (replicas: 3, init containers: 1, containers: 1, volumes: 4)
2025-01-28 23:37:53,240 INFO c.h.h.t.HelmChartContainer - [hivemq-test-hivemq-platform] [hivemq-platform-operator] [e1373b83] 23:37:53.238 [ReconcilerExecutor-hivemq-controller-139] DEBUG c.h.p.o.h.HiveMQPlatformReconcilerErrorHandler - [helmvolu] Pod 'test-hivemq-platform-2' phase Running
2025-01-28 23:37:53,241 INFO c.h.h.t.HelmChartContainer - [hivemq-test-hivemq-platform] [hivemq-platform-operator] [e1373b83] 23:37:53.239 [ReconcilerExecutor-hivemq-controller-139] DEBUG c.h.p.o.h.HiveMQPlatformReconcilerErrorHandler - [helmvolu] Pod 'test-hivemq-platform-1' phase Running
2025-01-28 23:37:53,241 INFO c.h.h.t.HelmChartContainer - [hivemq-test-hivemq-platform] [hivemq-platform-operator] [e1373b83] 23:37:53.240 [ReconcilerExecutor-hivemq-controller-139] DEBUG c.h.p.o.h.HiveMQPlatformReconcilerErrorHandler - [helmvolu] Pod 'test-hivemq-platform-0' phase Running
2025-01-28 23:37:53,242 INFO c.h.h.t.HelmChartContainer - [hivemq-test-hivemq-platform] [hivemq-platform-operator] [e1373b83] 23:37:53.240 [ReconcilerExecutor-hivemq-controller-139] DEBUG c.h.p.o.h.HiveMQPlatformReconcilerRollingRestartHandler - [helmvolu] Rolling restart is waiting for 2 of 3 replicas
2025-01-28 23:37:58,167 INFO c.h.h.t.HelmChartContainer - [test-hivemq-platform] [hivemq] [111f66bb] WARN  - [HiveMQ Platform Operator Init App 1.7.0-SNAPSHOT] Cannot connect to Health API for readiness: null
2025-01-28 23:37:58,173 INFO c.h.h.t.HelmChartContainer - [EVENT] Warning [Unhealthy] Readiness probe failed: HTTP probe failed with statuscode: 503 [helmvolumeclaimtemplatesit:test-hivemq-platform-2]
2025-01-28 23:37:58,173 INFO c.h.h.t.HelmChartContainer - Received Unhealthy event for container hivemq in pod test-hivemq-platform-2 [111f66bb-1c67-4daa-abb3-9bc824d96869]
2025-01-28 23:37:58,955 INFO c.h.h.t.HelmChartContainer - [test-hivemq-platform] [hivemq] [111f66bb] INFO  - No valid license file found. Using trial license, restricted to 25 connections.
2025-01-28 23:38:02,055 INFO c.h.h.t.HelmChartContainer - [test-hivemq-platform] [hivemq] [111f66bb] INFO  - No valid license file for Data Hub found. Using free license, restricted to 1 policy.
2025-01-28 23:38:03,167 INFO c.h.h.t.HelmChartContainer - [test-hivemq-platform] [hivemq] [111f66bb] WARN  - [HiveMQ Platform Operator Init App 1.7.0-SNAPSHOT] Cannot connect to Health API for readiness: null
2025-01-28 23:38:03,171 INFO c.h.h.t.HelmChartContainer - [EVENT] Warning [Unhealthy] Readiness probe failed: HTTP probe failed with statuscode: 503 [helmvolumeclaimtemplatesit:test-hivemq-platform-2]
2025-01-28 23:38:03,171 INFO c.h.h.t.HelmChartContainer - Received Unhealthy event for container hivemq in pod test-hivemq-platform-2 [111f66bb-1c67-4daa-abb3-9bc824d96869]
2025-01-28 23:38:03,246 INFO c.h.h.t.HelmChartContainer - [hivemq-test-hivemq-platform] [hivemq-platform-operator] [e1373b83] 23:38:03.245 [pool-6-thread-9] DEBUG c.h.p.o.dependants.PodInfoConfigMap - [helmvolu] Desired PodInfo ConfigMap (1 extensions) (1 enabled)
2025-01-28 23:38:03,247 INFO c.h.h.t.HelmChartContainer - [hivemq-test-hivemq-platform] [hivemq-platform-operator] [e1373b83] 23:38:03.245 [pool-6-thread-9] DEBUG c.h.p.o.dependants.PodInfoConfigMap - [helmvolu] Desired PodInfo ConfigMap (metrics port: 9399) (metrics path: /)
2025-01-28 23:38:03,247 INFO c.h.h.t.HelmChartContainer - [hivemq-test-hivemq-platform] [hivemq-platform-operator] [e1373b83] 23:38:03.245 [pool-6-thread-9] DEBUG c.h.p.o.dependants.PodInfoConfigMap - [helmvolu] Desired PodInfo ConfigMap (extension state hash: -1817474005)
2025-01-28 23:38:03,247 INFO c.h.h.t.HelmChartContainer - [hivemq-test-hivemq-platform] [hivemq-platform-operator] [e1373b83] 23:38:03.245 [pool-6-thread-10] DEBUG c.h.p.o.d.PodServiceAccountResource - [helmvolu] Desired PodServiceAccountResource (serviceAccountName: hivemq-platform-pod-test-hivemq-platform)
2025-01-28 23:38:03,247 INFO c.h.h.t.HelmChartContainer - [hivemq-test-hivemq-platform] [hivemq-platform-operator] [e1373b83] 23:38:03.245 [pool-6-thread-8] DEBUG c.h.p.o.d.PlatformServiceResource - [helmvolu] Desired Platform services (3 services)
2025-01-28 23:38:03,251 INFO c.h.h.t.HelmChartContainer - [hivemq-test-hivemq-platform] [hivemq-platform-operator] [e1373b83] 23:38:03.250 [pool-6-thread-8] DEBUG c.h.p.o.d.StatefulSetResource - [helmvolu] Desired StatefulSet (3 replicas) for status ROLLING_RESTART (SURGE_IN_PROGRESS)
2025-01-28 23:38:03,254 INFO c.h.h.t.HelmChartContainer - [hivemq-test-hivemq-platform] [hivemq-platform-operator] [e1373b83] 23:38:03.253 [ReconcilerExecutor-hivemq-controller-140] INFO  c.h.p.o.HiveMQPlatformReconciler - [helmvolu] Reconciling HiveMQ Platform 'test-hivemq-platform' in namespace 'helmvolumeclaimtemplatesit'
2025-01-28 23:38:03,255 INFO c.h.h.t.HelmChartContainer - [hivemq-test-hivemq-platform] [hivemq-platform-operator] [e1373b83] 23:38:03.253 [ReconcilerExecutor-hivemq-controller-140] DEBUG c.h.p.o.HiveMQPlatformReconciler - [helmvolu] Custom Resource Status ROLLING_RESTART - HiveMQ Platform is starting a surge Pod (rolling restart) (SURGE_IN_PROGRESS)
2025-01-28 23:38:03,255 INFO c.h.h.t.HelmChartContainer - [hivemq-test-hivemq-platform] [hivemq-platform-operator] [e1373b83] 23:38:03.253 [ReconcilerExecutor-hivemq-controller-140] DEBUG c.h.p.o.HiveMQPlatformReconciler - [helmvolu] Custom Resource Spec (replicas: 2) (extensions: 1)
2025-01-28 23:38:03,259 INFO c.h.h.t.HelmChartContainer - [hivemq-test-hivemq-platform] [hivemq-platform-operator] [e1373b83] 23:38:03.256 [ReconcilerExecutor-hivemq-controller-140] DEBUG c.h.p.o.HiveMQPlatformReconciler - [helmvolu] StatefulSet Status (revision: test-hivemq-platform-59475f86c9, replicas: 3, available: 2, ready: 2, current: 2, updated: 1)
2025-01-28 23:38:03,260 INFO c.h.h.t.HelmChartContainer - [hivemq-test-hivemq-platform] [hivemq-platform-operator] [e1373b83] 23:38:03.256 [ReconcilerExecutor-hivemq-controller-140] DEBUG c.h.p.o.HiveMQPlatformReconciler - [helmvolu] StatefulSet Spec (replicas: 3, init containers: 1, containers: 1, volumes: 4)
2025-01-28 23:38:03,260 INFO c.h.h.t.HelmChartContainer - [hivemq-test-hivemq-platform] [hivemq-platform-operator] [e1373b83] 23:38:03.258 [ReconcilerExecutor-hivemq-controller-140] DEBUG c.h.p.o.h.HiveMQPlatformReconcilerErrorHandler - [helmvolu] Pod 'test-hivemq-platform-2' phase Running
2025-01-28 23:38:03,260 INFO c.h.h.t.HelmChartContainer - [hivemq-test-hivemq-platform] [hivemq-platform-operator] [e1373b83] 23:38:03.259 [ReconcilerExecutor-hivemq-controller-140] DEBUG c.h.p.o.h.HiveMQPlatformReconcilerErrorHandler - [helmvolu] Pod 'test-hivemq-platform-1' phase Running
2025-01-28 23:38:03,263 INFO c.h.h.t.HelmChartContainer - [hivemq-test-hivemq-platform] [hivemq-platform-operator] [e1373b83] 23:38:03.262 [ReconcilerExecutor-hivemq-controller-140] DEBUG c.h.p.o.h.HiveMQPlatformReconcilerErrorHandler - [helmvolu] Pod 'test-hivemq-platform-0' phase Running
2025-01-28 23:38:03,264 INFO c.h.h.t.HelmChartContainer - [hivemq-test-hivemq-platform] [hivemq-platform-operator] [e1373b83] 23:38:03.263 [ReconcilerExecutor-hivemq-controller-140] DEBUG c.h.p.o.h.HiveMQPlatformReconcilerRollingRestartHandler - [helmvolu] Rolling restart is waiting for 2 of 3 replicas
2025-01-28 23:38:03,265 INFO c.h.h.t.HelmChartContainer - [test-hivemq-platform] [hivemq] [111f66bb] INFO  - Audit Logger started.
2025-01-28 23:38:03,575 INFO c.h.h.t.HelmChartContainer - [test-hivemq-platform] [hivemq] [111f66bb] INFO  - This node uses '1' CPU cores.
2025-01-28 23:38:03,581 INFO c.h.h.t.HelmChartContainer - [test-hivemq-platform] [hivemq] [111f66bb] INFO  - Starting HiveMQ Health API on address 0.0.0.0 and port 8889
2025-01-28 23:38:04,556 INFO c.h.h.t.HelmChartContainer - [test-hivemq-platform] [hivemq] [111f66bb] INFO  - Started HiveMQ Health API in 975ms
2025-01-28 23:38:05,558 INFO c.h.h.t.HelmChartContainer - [test-hivemq-platform] [hivemq] [111f66bb] INFO  - Starting HiveMQ extension system.
2025-01-28 23:38:05,769 INFO c.h.h.t.HelmChartContainer - [test-hivemq-platform] [hivemq] [111f66bb] INFO  - Starting extension with id "hivemq-dns-cluster-discovery" at /opt/hivemq/extensions/hivemq-dns-cluster-discovery
2025-01-28 23:38:06,364 INFO c.h.h.t.HelmChartContainer - [test-hivemq-platform] [hivemq] [111f66bb] INFO  - Using TCP cluster transport on address 10.42.0.13 and port 7000
2025-01-28 23:38:06,365 INFO c.h.h.t.HelmChartContainer - [test-hivemq-platform] [hivemq] [111f66bb] INFO  - Extension "DNS Cluster Discovery Extension" version 4.3.2 started successfully.
2025-01-28 23:38:06,368 INFO c.h.h.t.HelmChartContainer - [test-hivemq-platform] [hivemq] [111f66bb] INFO  - Starting extension with id "hivemq-prometheus-extension" at /opt/hivemq/extensions/hivemq-prometheus-extension
2025-01-28 23:38:06,455 INFO c.h.h.t.HelmChartContainer - [test-hivemq-platform] [hivemq] [111f66bb] INFO  - Using extension cluster discovery
2025-01-28 23:38:07,466 INFO c.h.h.t.HelmChartContainer - [test-hivemq-platform] [hivemq] [111f66bb] INFO  - Started Jetty Server exposing Prometheus Servlet on URI http://0.0.0.0:9399/
2025-01-28 23:38:07,466 INFO c.h.h.t.HelmChartContainer - [test-hivemq-platform] [hivemq] [111f66bb] INFO  - Extension "Prometheus Monitoring Extension" version 4.0.12 started successfully.
2025-01-28 23:38:07,466 INFO c.h.h.t.HelmChartContainer - [test-hivemq-platform] [hivemq] [111f66bb] INFO  - Starting extension with id "hivemq-allow-all-extension" at /opt/hivemq/extensions/hivemq-allow-all-extension
2025-01-28 23:38:07,466 INFO c.h.h.t.HelmChartContainer - [test-hivemq-platform] [hivemq] [111f66bb] WARN  - 
2025-01-28 23:38:07,466 INFO c.h.h.t.HelmChartContainer - [test-hivemq-platform] [hivemq] [111f66bb] ################################################################################################################
2025-01-28 23:38:07,466 INFO c.h.h.t.HelmChartContainer - [test-hivemq-platform] [hivemq] [111f66bb] # This HiveMQ deployment is not secure! You are lacking Authentication and Authorization.                      #
2025-01-28 23:38:07,466 INFO c.h.h.t.HelmChartContainer - [test-hivemq-platform] [hivemq] [111f66bb] # Right now any MQTT client can connect to the broker with a full set of permissions.                          #
2025-01-28 23:38:07,466 INFO c.h.h.t.HelmChartContainer - [test-hivemq-platform] [hivemq] [111f66bb] # For production usage, add an appropriate security extension and remove the hivemq-allow-all extension.       #
2025-01-28 23:38:07,466 INFO c.h.h.t.HelmChartContainer - [test-hivemq-platform] [hivemq] [111f66bb] # You can download security extensions from the HiveMQ Marketplace (https://www.hivemq.com/extensions/).       #
2025-01-28 23:38:07,467 INFO c.h.h.t.HelmChartContainer - [test-hivemq-platform] [hivemq] [111f66bb] ################################################################################################################
2025-01-28 23:38:07,469 INFO c.h.h.t.HelmChartContainer - [test-hivemq-platform] [hivemq] [111f66bb] INFO  - Extension "Allow All Extension" version 1.1.1 started successfully.
2025-01-28 23:38:07,561 INFO c.h.h.t.HelmChartContainer - [test-hivemq-platform] [hivemq] [919bc9c6] INFO  - Cluster nodes found by discovery: [tQpG6|2] (3) [tQpG6, 1gXDm, 04vCQ].
2025-01-28 23:38:07,568 INFO c.h.h.t.HelmChartContainer - [test-hivemq-platform] [hivemq] [2a16c913] INFO  - Cluster nodes found by discovery: [tQpG6|2] (3) [tQpG6, 1gXDm, 04vCQ].
2025-01-28 23:38:07,576 INFO c.h.h.t.HelmChartContainer - [test-hivemq-platform] [hivemq] [111f66bb] INFO  - Cluster nodes found by discovery: [tQpG6|2] (3) [tQpG6, 1gXDm, 04vCQ].
2025-01-28 23:38:07,675 INFO c.h.h.t.HelmChartContainer - [test-hivemq-platform] [hivemq] [111f66bb] INFO  - Cluster size = 1, members : [1gXDm].
2025-01-28 23:38:07,756 INFO c.h.h.t.HelmChartContainer - [test-hivemq-platform] [hivemq] [111f66bb] INFO  - Cluster size = 2, members : [1gXDm, tQpG6].
2025-01-28 23:38:08,058 INFO c.h.h.t.HelmChartContainer - [test-hivemq-platform] [hivemq] [111f66bb] INFO  - Starting cluster join process. This may take a while. Please do not shut down HiveMQ.
2025-01-28 23:38:08,065 INFO c.h.h.t.HelmChartContainer - [test-hivemq-platform] [hivemq] [111f66bb] INFO  - Cluster join process is still ongoing. Please do not shut down HiveMQ.
2025-01-28 23:38:08,867 INFO c.h.h.t.HelmChartContainer - [test-hivemq-platform] [hivemq] [111f66bb] INFO  - [HiveMQ Platform Operator Init App 1.7.0-SNAPSHOT] Returning Health API response 503 for readiness
2025-01-28 23:38:08,871 INFO c.h.h.t.HelmChartContainer - [EVENT] Warning [Unhealthy] Readiness probe failed: HTTP probe failed with statuscode: 503 [helmvolumeclaimtemplatesit:test-hivemq-platform-2]
2025-01-28 23:38:08,872 INFO c.h.h.t.HelmChartContainer - Received Unhealthy event for container hivemq in pod test-hivemq-platform-2 [111f66bb-1c67-4daa-abb3-9bc824d96869]
2025-01-28 23:38:10,074 INFO c.h.h.t.HelmChartContainer - [test-hivemq-platform] [hivemq] [919bc9c6] INFO  - Cluster size = 3, members : [1gXDm, tQpG6, 04vCQ].
2025-01-28 23:38:10,083 INFO c.h.h.t.HelmChartContainer - [test-hivemq-platform] [hivemq] [111f66bb] INFO  - Cluster size = 3, members : [1gXDm, tQpG6, 04vCQ].
2025-01-28 23:38:10,092 INFO c.h.h.t.HelmChartContainer - [test-hivemq-platform] [hivemq] [2a16c913] INFO  - Cluster size = 3, members : [1gXDm, tQpG6, 04vCQ].
2025-01-28 23:38:10,155 INFO c.h.h.t.HelmChartContainer - [test-hivemq-platform] [hivemq] [111f66bb] INFO  - Finished cluster join process successfully.
2025-01-28 23:38:10,157 INFO c.h.h.t.HelmChartContainer - [test-hivemq-platform] [hivemq] [111f66bb] WARN  - No user for HiveMQ Control Center configured. Starting with default user
2025-01-28 23:38:10,157 INFO c.h.h.t.HelmChartContainer - [test-hivemq-platform] [hivemq] [111f66bb] INFO  - Starting HiveMQ Control Center on address 0.0.0.0 and port 8080
2025-01-28 23:38:10,162 INFO c.h.h.t.HelmChartContainer - [test-hivemq-platform] [hivemq] [111f66bb] INFO  - Mounting HiveMQ Control Center V2 Preview
2025-01-28 23:38:10,872 INFO c.h.h.t.HelmChartContainer - [test-hivemq-platform] [hivemq] [111f66bb] INFO  - Started HiveMQ Control Center in 715ms
2025-01-28 23:38:10,966 INFO c.h.h.t.HelmChartContainer - [test-hivemq-platform] [hivemq] [111f66bb] INFO  - Starting TCP listener on address 0.0.0.0 and port 1884
2025-01-28 23:38:11,056 INFO c.h.h.t.HelmChartContainer - [test-hivemq-platform] [hivemq] [111f66bb] INFO  - Started TCP Listener on address 0.0.0.0 and on port 1884.
2025-01-28 23:38:11,056 INFO c.h.h.t.HelmChartContainer - [test-hivemq-platform] [hivemq] [111f66bb] INFO  - Started HiveMQ in 27595ms
2025-01-28 23:38:11,446 INFO c.h.h.t.HelmChartContainer - [K3S] [INFO] COMPACT compactRev=0 targetCompactRev=2 currentRev=1018
2025-01-28 23:38:11,446 INFO c.h.h.t.HelmChartContainer - [K3S] [INFO] COMPACT deleted 0 rows from 2 revisions in 398.553µs - compacted to 2/1018
2025-01-28 23:38:11,446 INFO c.h.h.t.HelmChartContainer - [K3S] [INFO] COMPACT compacted from 0 to 2 in 1 transactions over 1ms
2025-01-28 23:38:13,169 INFO c.h.h.t.HelmChartContainer - [test-hivemq-platform] [hivemq] [111f66bb] INFO  - [HiveMQ Platform Operator Init App 1.7.0-SNAPSHOT] Returning Health API response 200 for readiness
2025-01-28 23:38:13,185 INFO c.h.h.t.HelmChartContainer - [POD] test-hivemq-platform-2 [111f66bb-1c67-4daa-abb3-9bc824d96869] in helmvolumeclaimtemplatesit was MODIFIED
2025-01-28 23:38:13,193 INFO c.h.h.t.HelmChartContainer - [hivemq-test-hivemq-platform] [hivemq-platform-operator] [e1373b83] 23:38:13.190 [pool-6-thread-18] DEBUG c.h.p.o.d.PlatformServiceResource - [helmvolu] Desired Platform services (3 services)
2025-01-28 23:38:13,193 INFO c.h.h.t.HelmChartContainer - [hivemq-test-hivemq-platform] [hivemq-platform-operator] [e1373b83] 23:38:13.190 [pool-6-thread-17] DEBUG c.h.p.o.d.PodServiceAccountResource - [helmvolu] Desired PodServiceAccountResource (serviceAccountName: hivemq-platform-pod-test-hivemq-platform)
2025-01-28 23:38:13,194 INFO c.h.h.t.HelmChartContainer - [hivemq-test-hivemq-platform] [hivemq-platform-operator] [e1373b83] 23:38:13.190 [pool-6-thread-12] DEBUG c.h.p.o.dependants.PodInfoConfigMap - [helmvolu] Desired PodInfo ConfigMap (1 extensions) (1 enabled)
2025-01-28 23:38:13,194 INFO c.h.h.t.HelmChartContainer - [hivemq-test-hivemq-platform] [hivemq-platform-operator] [e1373b83] 23:38:13.190 [pool-6-thread-12] DEBUG c.h.p.o.dependants.PodInfoConfigMap - [helmvolu] Desired PodInfo ConfigMap (metrics port: 9399) (metrics path: /)
2025-01-28 23:38:13,194 INFO c.h.h.t.HelmChartContainer - [hivemq-test-hivemq-platform] [hivemq-platform-operator] [e1373b83] 23:38:13.190 [pool-6-thread-12] DEBUG c.h.p.o.dependants.PodInfoConfigMap - [helmvolu] Desired PodInfo ConfigMap (extension state hash: -1817474005)
2025-01-28 23:38:13,201 INFO c.h.h.t.HelmChartContainer - [hivemq-test-hivemq-platform] [hivemq-platform-operator] [e1373b83] 23:38:13.196 [pool-6-thread-18] DEBUG c.h.p.o.d.StatefulSetResource - [helmvolu] Desired StatefulSet (3 replicas) for status ROLLING_RESTART (SURGE_IN_PROGRESS)
2025-01-28 23:38:13,202 INFO c.h.h.t.HelmChartContainer - [hivemq-test-hivemq-platform] [hivemq-platform-operator] [e1373b83] 23:38:13.200 [ReconcilerExecutor-hivemq-controller-141] INFO  c.h.p.o.HiveMQPlatformReconciler - [helmvolu] Reconciling HiveMQ Platform 'test-hivemq-platform' in namespace 'helmvolumeclaimtemplatesit'
2025-01-28 23:38:13,202 INFO c.h.h.t.HelmChartContainer - [hivemq-test-hivemq-platform] [hivemq-platform-operator] [e1373b83] 23:38:13.200 [ReconcilerExecutor-hivemq-controller-141] DEBUG c.h.p.o.HiveMQPlatformReconciler - [helmvolu] Custom Resource Status ROLLING_RESTART - HiveMQ Platform is starting a surge Pod (rolling restart) (SURGE_IN_PROGRESS)
2025-01-28 23:38:13,202 INFO c.h.h.t.HelmChartContainer - [hivemq-test-hivemq-platform] [hivemq-platform-operator] [e1373b83] 23:38:13.200 [ReconcilerExecutor-hivemq-controller-141] DEBUG c.h.p.o.HiveMQPlatformReconciler - [helmvolu] Custom Resource Spec (replicas: 2) (extensions: 1)
2025-01-28 23:38:13,204 INFO c.h.h.t.HelmChartContainer - [hivemq-test-hivemq-platform] [hivemq-platform-operator] [e1373b83] 23:38:13.201 [ReconcilerExecutor-hivemq-controller-141] DEBUG c.h.p.o.HiveMQPlatformReconciler - [helmvolu] StatefulSet Status (revision: test-hivemq-platform-59475f86c9, replicas: 3, available: 3, ready: 3, current: 2, updated: 1)
2025-01-28 23:38:13,204 INFO c.h.h.t.HelmChartContainer - [hivemq-test-hivemq-platform] [hivemq-platform-operator] [e1373b83] 23:38:13.201 [ReconcilerExecutor-hivemq-controller-141] DEBUG c.h.p.o.HiveMQPlatformReconciler - [helmvolu] StatefulSet Spec (replicas: 3, init containers: 1, containers: 1, volumes: 4)
2025-01-28 23:38:13,206 INFO c.h.h.t.HelmChartContainer - [hivemq-test-hivemq-platform] [hivemq-platform-operator] [e1373b83] 23:38:13.204 [ReconcilerExecutor-hivemq-controller-141] DEBUG c.h.p.o.h.HiveMQPlatformReconcilerErrorHandler - [helmvolu] Pod 'test-hivemq-platform-2' phase Running
2025-01-28 23:38:13,208 INFO c.h.h.t.HelmChartContainer - [hivemq-test-hivemq-platform] [hivemq-platform-operator] [e1373b83] 23:38:13.205 [ReconcilerExecutor-hivemq-controller-141] DEBUG c.h.p.o.h.HiveMQPlatformReconcilerErrorHandler - [helmvolu] Pod 'test-hivemq-platform-1' phase Running
2025-01-28 23:38:13,209 INFO c.h.h.t.HelmChartContainer - [hivemq-test-hivemq-platform] [hivemq-platform-operator] [e1373b83] 23:38:13.206 [ReconcilerExecutor-hivemq-controller-141] DEBUG c.h.p.o.h.HiveMQPlatformReconcilerErrorHandler - [helmvolu] Pod 'test-hivemq-platform-0' phase Running
2025-01-28 23:38:13,209 INFO c.h.h.t.HelmChartContainer - [hivemq-test-hivemq-platform] [hivemq-platform-operator] [e1373b83] 23:38:13.207 [ReconcilerExecutor-hivemq-controller-141] INFO  c.h.p.o.h.HiveMQPlatformReconcilerRollingRestartHandler - [helmvolu] Surge Pod started successfully
2025-01-28 23:38:13,241 INFO c.h.h.t.HelmChartContainer - [hivemq-test-hivemq-platform] [hivemq-platform-operator] [e1373b83] 23:38:13.239 [ReconcilerExecutor-hivemq-controller-141] DEBUG c.h.p.operator.event.EventSender - [helmvolu] Creating K8s event rolling-restart-surge-in-progress: [RollingRestart] HiveMQ Platform is restarting Pods (rolling restart)
2025-01-28 23:38:13,312 INFO c.h.h.t.HelmChartContainer - [EVENT] Normal [RollingRestart] HiveMQ Platform is restarting Pods (rolling restart) [helmvolumeclaimtemplatesit:test-hivemq-platform]
2025-01-28 23:38:13,325 INFO c.h.h.t.HelmChartContainer - [hivemq-test-hivemq-platform] [hivemq-platform-operator] [e1373b83] 23:38:13.323 [ReconcilerExecutor-hivemq-controller-141] INFO  c.h.p.o.h.AbstractHiveMQReconcilerStateHandler - [helmvolu] Update HiveMQ Platform Status (ROLLING_RESTART [SURGE_IN_PROGRESS] -> ROLLING_RESTART [RESTART_PODS_IN_PROGRESS]): HiveMQ Platform is restarting Pods (rolling restart)
2025-01-28 23:38:13,340 DEBUG com.hivemq.helmcharts.util.K8sUtil - Comparing actual state 'ROLLING_RESTART' and waiting for 'RUNNING'
2025-01-28 23:38:13,345 INFO c.h.h.t.HelmChartContainer - [hivemq-test-hivemq-platform] [hivemq-platform-operator] [e1373b83] 23:38:13.343 [pool-6-thread-28] DEBUG c.h.p.o.d.PlatformServiceResource - [helmvolu] Desired Platform services (3 services)
2025-01-28 23:38:13,345 INFO c.h.h.t.HelmChartContainer - [hivemq-test-hivemq-platform] [hivemq-platform-operator] [e1373b83] 23:38:13.343 [pool-6-thread-29] DEBUG c.h.p.o.d.PodServiceAccountResource - [helmvolu] Desired PodServiceAccountResource (serviceAccountName: hivemq-platform-pod-test-hivemq-platform)
2025-01-28 23:38:13,347 INFO c.h.h.t.HelmChartContainer - [hivemq-test-hivemq-platform] [hivemq-platform-operator] [e1373b83] 23:38:13.346 [pool-6-thread-23] DEBUG c.h.p.o.dependants.PodInfoConfigMap - [helmvolu] Desired PodInfo ConfigMap (1 extensions) (1 enabled)
2025-01-28 23:38:13,347 INFO c.h.h.t.HelmChartContainer - [hivemq-test-hivemq-platform] [hivemq-platform-operator] [e1373b83] 23:38:13.346 [pool-6-thread-23] DEBUG c.h.p.o.dependants.PodInfoConfigMap - [helmvolu] Desired PodInfo ConfigMap (metrics port: 9399) (metrics path: /)
2025-01-28 23:38:13,347 INFO c.h.h.t.HelmChartContainer - [hivemq-test-hivemq-platform] [hivemq-platform-operator] [e1373b83] 23:38:13.346 [pool-6-thread-23] DEBUG c.h.p.o.dependants.PodInfoConfigMap - [helmvolu] Desired PodInfo ConfigMap (extension state hash: -1817474005)
2025-01-28 23:38:13,409 INFO c.h.h.t.HelmChartContainer - [hivemq-test-hivemq-platform] [hivemq-platform-operator] [e1373b83] 23:38:13.407 [pool-6-thread-23] DEBUG c.h.p.o.d.StatefulSetResource - [helmvolu] Desired StatefulSet (3 replicas) for status ROLLING_RESTART (RESTART_PODS_IN_PROGRESS)
2025-01-28 23:38:13,411 INFO c.h.h.t.HelmChartContainer - [hivemq-test-hivemq-platform] [hivemq-platform-operator] [e1373b83] 23:38:13.411 [ReconcilerExecutor-hivemq-controller-142] INFO  c.h.p.o.HiveMQPlatformReconciler - [helmvolu] Reconciling HiveMQ Platform 'test-hivemq-platform' in namespace 'helmvolumeclaimtemplatesit'
2025-01-28 23:38:13,412 INFO c.h.h.t.HelmChartContainer - [hivemq-test-hivemq-platform] [hivemq-platform-operator] [e1373b83] 23:38:13.411 [ReconcilerExecutor-hivemq-controller-142] DEBUG c.h.p.o.HiveMQPlatformReconciler - [helmvolu] Custom Resource Status ROLLING_RESTART - HiveMQ Platform is restarting Pods (rolling restart) (RESTART_PODS_IN_PROGRESS)
2025-01-28 23:38:13,412 INFO c.h.h.t.HelmChartContainer - [hivemq-test-hivemq-platform] [hivemq-platform-operator] [e1373b83] 23:38:13.411 [ReconcilerExecutor-hivemq-controller-142] DEBUG c.h.p.o.HiveMQPlatformReconciler - [helmvolu] Custom Resource Spec (replicas: 2) (extensions: 1)
2025-01-28 23:38:13,425 INFO c.h.h.t.HelmChartContainer - [hivemq-test-hivemq-platform] [hivemq-platform-operator] [e1373b83] 23:38:13.424 [ReconcilerExecutor-hivemq-controller-142] DEBUG c.h.p.o.HiveMQPlatformReconciler - [helmvolu] StatefulSet Status (revision: test-hivemq-platform-59475f86c9, replicas: 3, available: 3, ready: 3, current: 2, updated: 1)
2025-01-28 23:38:13,425 INFO c.h.h.t.HelmChartContainer - [hivemq-test-hivemq-platform] [hivemq-platform-operator] [e1373b83] 23:38:13.424 [ReconcilerExecutor-hivemq-controller-142] DEBUG c.h.p.o.HiveMQPlatformReconciler - [helmvolu] StatefulSet Spec (replicas: 3, init containers: 1, containers: 1, volumes: 4)
2025-01-28 23:38:13,426 INFO c.h.h.t.HelmChartContainer - [hivemq-test-hivemq-platform] [hivemq-platform-operator] [e1373b83] 23:38:13.426 [ReconcilerExecutor-hivemq-controller-142] DEBUG c.h.p.o.h.HiveMQPlatformReconcilerErrorHandler - [helmvolu] Pod 'test-hivemq-platform-2' phase Running
2025-01-28 23:38:13,428 INFO c.h.h.t.HelmChartContainer - [hivemq-test-hivemq-platform] [hivemq-platform-operator] [e1373b83] 23:38:13.427 [ReconcilerExecutor-hivemq-controller-142] DEBUG c.h.p.o.h.HiveMQPlatformReconcilerErrorHandler - [helmvolu] Pod 'test-hivemq-platform-1' phase Running
2025-01-28 23:38:13,429 INFO c.h.h.t.HelmChartContainer - [hivemq-test-hivemq-platform] [hivemq-platform-operator] [e1373b83] 23:38:13.428 [ReconcilerExecutor-hivemq-controller-142] DEBUG c.h.p.o.h.HiveMQPlatformReconcilerErrorHandler - [helmvolu] Pod 'test-hivemq-platform-0' phase Running
2025-01-28 23:38:13,435 INFO c.h.h.t.HelmChartContainer - [hivemq-test-hivemq-platform] [hivemq-platform-operator] [e1373b83] 23:38:13.434 [ReconcilerExecutor-hivemq-controller-142] DEBUG c.h.p.o.h.HiveMQPlatformReconcilerRollingRestartHandler - [helmvolu] Skipping Pod test-hivemq-platform-2 as it's already on the controller update revision (update revision: test-hivemq-platform-59475f86c9, pod revision: test-hivemq-platform-59475f86c9)
2025-01-28 23:38:13,526 INFO c.h.h.t.HelmChartContainer - [hivemq-test-hivemq-platform] [hivemq-platform-operator] [e1373b83] 23:38:13.525 [ReconcilerExecutor-hivemq-controller-142] DEBUG c.h.p.o.h.HiveMQPlatformReconcilerRollingRestartHandler - [helmvolu] The last Pod is running for 54 seconds, the next Pod can be restarted
2025-01-28 23:38:13,527 INFO c.h.h.t.HelmChartContainer - [hivemq-test-hivemq-platform] [hivemq-platform-operator] [e1373b83] 23:38:13.525 [ReconcilerExecutor-hivemq-controller-142] INFO  c.h.p.o.h.HiveMQPlatformReconcilerRollingRestartHandler - [helmvolu] Restarting Pod test-hivemq-platform-1 as it's not matching the controller update revision (update revision: test-hivemq-platform-59475f86c9, pod revision: test-hivemq-platform-6c7bb94cbd)
2025-01-28 23:38:13,540 INFO c.h.h.t.HelmChartContainer - [POD] test-hivemq-platform-1 [2a16c913-ddca-4d99-82ba-49653b2f2dc1] in helmvolumeclaimtemplatesit was MODIFIED
2025-01-28 23:38:13,543 INFO c.h.h.t.HelmChartContainer - [EVENT] Normal [Killing] Stopping container hivemq [helmvolumeclaimtemplatesit:test-hivemq-platform-1]
2025-01-28 23:38:13,543 INFO c.h.h.t.HelmChartContainer - Received Killing event for container hivemq in pod test-hivemq-platform-1 [2a16c913-ddca-4d99-82ba-49653b2f2dc1]
2025-01-28 23:38:13,543 INFO c.h.h.t.HelmChartContainer - Container [test-hivemq-platform-1] [hivemq] [2a16c913-ddca-4d99-82ba-49653b2f2dc1] was terminated
2025-01-28 23:38:13,543 INFO c.h.h.t.HelmChartContainer - Stopped log watcher for hivemq in pod test-hivemq-platform-1 [2a16c913-ddca-4d99-82ba-49653b2f2dc1]
2025-01-28 23:38:13,554 INFO c.h.h.t.HelmChartContainer - [test-hivemq-platform] [hivemq] [2a16c913] INFO  - [HiveMQ Platform Operator Init App 1.7.0-SNAPSHOT] Shutting down
2025-01-28 23:38:13,554 INFO c.h.h.t.HelmChartContainer - [test-hivemq-platform] [hivemq] [2a16c913] INFO  - [HiveMQ Platform Operator Init App 1.7.0-SNAPSHOT] Stopping the HiveMQ Platform
2025-01-28 23:38:13,628 INFO c.h.h.t.HelmChartContainer - [hivemq-test-hivemq-platform] [hivemq-platform-operator] [e1373b83] 23:38:13.625 [pool-6-thread-34] DEBUG c.h.p.o.d.PlatformServiceResource - [helmvolu] Desired Platform services (3 services)
2025-01-28 23:38:13,630 INFO c.h.h.t.HelmChartContainer - [hivemq-test-hivemq-platform] [hivemq-platform-operator] [e1373b83] 23:38:13.627 [pool-6-thread-35] DEBUG c.h.p.o.dependants.PodInfoConfigMap - [helmvolu] Desired PodInfo ConfigMap (1 extensions) (1 enabled)
2025-01-28 23:38:13,631 INFO c.h.h.t.HelmChartContainer - [hivemq-test-hivemq-platform] [hivemq-platform-operator] [e1373b83] 23:38:13.628 [pool-6-thread-35] DEBUG c.h.p.o.dependants.PodInfoConfigMap - [helmvolu] Desired PodInfo ConfigMap (metrics port: 9399) (metrics path: /)
2025-01-28 23:38:13,631 INFO c.h.h.t.HelmChartContainer - [hivemq-test-hivemq-platform] [hivemq-platform-operator] [e1373b83] 23:38:13.628 [pool-6-thread-35] DEBUG c.h.p.o.dependants.PodInfoConfigMap - [helmvolu] Desired PodInfo ConfigMap (extension state hash: -1817474005)
2025-01-28 23:38:13,631 INFO c.h.h.t.HelmChartContainer - [hivemq-test-hivemq-platform] [hivemq-platform-operator] [e1373b83] 23:38:13.628 [pool-6-thread-34] DEBUG c.h.p.o.d.PodServiceAccountResource - [helmvolu] Desired PodServiceAccountResource (serviceAccountName: hivemq-platform-pod-test-hivemq-platform)
2025-01-28 23:38:13,633 INFO c.h.h.t.HelmChartContainer - [hivemq-test-hivemq-platform] [hivemq-platform-operator] [e1373b83] 23:38:13.630 [pool-6-thread-39] DEBUG c.h.p.o.d.StatefulSetResource - [helmvolu] Desired StatefulSet (3 replicas) for status ROLLING_RESTART (RESTART_PODS_IN_PROGRESS)
2025-01-28 23:38:13,634 INFO c.h.h.t.HelmChartContainer - [hivemq-test-hivemq-platform] [hivemq-platform-operator] [e1373b83] 23:38:13.634 [ReconcilerExecutor-hivemq-controller-143] INFO  c.h.p.o.HiveMQPlatformReconciler - [helmvolu] Reconciling HiveMQ Platform 'test-hivemq-platform' in namespace 'helmvolumeclaimtemplatesit'
2025-01-28 23:38:13,634 INFO c.h.h.t.HelmChartContainer - [hivemq-test-hivemq-platform] [hivemq-platform-operator] [e1373b83] 23:38:13.634 [ReconcilerExecutor-hivemq-controller-143] DEBUG c.h.p.o.HiveMQPlatformReconciler - [helmvolu] Custom Resource Status ROLLING_RESTART - HiveMQ Platform is restarting Pods (rolling restart) (RESTART_PODS_IN_PROGRESS)
2025-01-28 23:38:13,634 INFO c.h.h.t.HelmChartContainer - [hivemq-test-hivemq-platform] [hivemq-platform-operator] [e1373b83] 23:38:13.634 [ReconcilerExecutor-hivemq-controller-143] DEBUG c.h.p.o.HiveMQPlatformReconciler - [helmvolu] Custom Resource Spec (replicas: 2) (extensions: 1)
2025-01-28 23:38:13,636 INFO c.h.h.t.HelmChartContainer - [hivemq-test-hivemq-platform] [hivemq-platform-operator] [e1373b83] 23:38:13.635 [ReconcilerExecutor-hivemq-controller-143] DEBUG c.h.p.o.HiveMQPlatformReconciler - [helmvolu] StatefulSet Status (revision: test-hivemq-platform-59475f86c9, replicas: 3, available: 3, ready: 3, current: 1, updated: 1)
2025-01-28 23:38:13,636 INFO c.h.h.t.HelmChartContainer - [hivemq-test-hivemq-platform] [hivemq-platform-operator] [e1373b83] 23:38:13.635 [ReconcilerExecutor-hivemq-controller-143] DEBUG c.h.p.o.HiveMQPlatformReconciler - [helmvolu] StatefulSet Spec (replicas: 3, init containers: 1, containers: 1, volumes: 4)
2025-01-28 23:38:13,654 INFO c.h.h.t.HelmChartContainer - [test-hivemq-platform] [hivemq] [2a16c913] INFO  - [HiveMQ Platform Operator Init App 1.7.0-SNAPSHOT] Returning shutdown Health API response 503 for readiness
2025-01-28 23:38:13,658 INFO c.h.h.t.HelmChartContainer - [EVENT] Warning [Unhealthy] Readiness probe failed: HTTP probe failed with statuscode: 503 [helmvolumeclaimtemplatesit:test-hivemq-platform-1]
2025-01-28 23:38:13,658 INFO c.h.h.t.HelmChartContainer - Received Unhealthy event for container hivemq in pod test-hivemq-platform-1 [2a16c913-ddca-4d99-82ba-49653b2f2dc1]
2025-01-28 23:38:13,711 INFO c.h.h.t.HelmChartContainer - [hivemq-test-hivemq-platform] [hivemq-platform-operator] [e1373b83] 23:38:13.709 [ReconcilerExecutor-hivemq-controller-143] DEBUG c.h.p.o.h.HiveMQPlatformReconcilerErrorHandler - [helmvolu] Pod 'test-hivemq-platform-2' phase Running
2025-01-28 23:38:13,725 INFO c.h.h.t.HelmChartContainer - [hivemq-test-hivemq-platform] [hivemq-platform-operator] [e1373b83] 23:38:13.724 [ReconcilerExecutor-hivemq-controller-143] DEBUG c.h.p.o.h.HiveMQPlatformReconcilerErrorHandler - [helmvolu] Pod 'test-hivemq-platform-1' phase Running
2025-01-28 23:38:13,727 INFO c.h.h.t.HelmChartContainer - [hivemq-test-hivemq-platform] [hivemq-platform-operator] [e1373b83] 23:38:13.726 [ReconcilerExecutor-hivemq-controller-143] DEBUG c.h.p.o.h.HiveMQPlatformReconcilerErrorHandler - [helmvolu] Pod 'test-hivemq-platform-0' phase Running
2025-01-28 23:38:13,732 INFO c.h.h.t.HelmChartContainer - [hivemq-test-hivemq-platform] [hivemq-platform-operator] [e1373b83] 23:38:13.731 [ReconcilerExecutor-hivemq-controller-143] DEBUG c.h.p.o.h.HiveMQPlatformReconcilerRollingRestartHandler - [helmvolu] Skipping Pod test-hivemq-platform-2 as it's already on the controller update revision (update revision: test-hivemq-platform-59475f86c9, pod revision: test-hivemq-platform-59475f86c9)
2025-01-28 23:38:13,744 INFO c.h.h.t.HelmChartContainer - [test-hivemq-platform] [hivemq] [2a16c913] INFO  - Shutting down HiveMQ. Please wait, this could take a while...
2025-01-28 23:38:13,749 INFO c.h.h.t.HelmChartContainer - [test-hivemq-platform] [hivemq] [2a16c913] INFO  - Shutting down listeners and clients
2025-01-28 23:38:13,750 INFO c.h.h.t.HelmChartContainer - [test-hivemq-platform] [hivemq] [2a16c913] INFO  - Shutdown of listeners is done
2025-01-28 23:38:13,750 INFO c.h.h.t.HelmChartContainer - [test-hivemq-platform] [hivemq] [2a16c913] INFO  - No clients are connected, proceeding with shutdown
2025-01-28 23:38:13,811 INFO c.h.h.t.HelmChartContainer - [hivemq-test-hivemq-platform] [hivemq-platform-operator] [e1373b83] 23:38:13.810 [ReconcilerExecutor-hivemq-controller-143] DEBUG c.h.p.o.h.HiveMQPlatformReconcilerRollingRestartHandler - [helmvolu] The last Pod is running for 54 seconds, the next Pod can be restarted
2025-01-28 23:38:13,811 INFO c.h.h.t.HelmChartContainer - [hivemq-test-hivemq-platform] [hivemq-platform-operator] [e1373b83] 23:38:13.810 [ReconcilerExecutor-hivemq-controller-143] INFO  c.h.p.o.h.HiveMQPlatformReconcilerRollingRestartHandler - [helmvolu] Restarting Pod test-hivemq-platform-1 as it's not matching the controller update revision (update revision: test-hivemq-platform-59475f86c9, pod revision: test-hivemq-platform-6c7bb94cbd)
2025-01-28 23:38:13,834 INFO c.h.h.t.HelmChartContainer - [hivemq-test-hivemq-platform] [hivemq-platform-operator] [e1373b83] 23:38:13.830 [pool-6-thread-49] DEBUG c.h.p.o.d.PlatformServiceResource - [helmvolu] Desired Platform services (3 services)
2025-01-28 23:38:13,835 INFO c.h.h.t.HelmChartContainer - [hivemq-test-hivemq-platform] [hivemq-platform-operator] [e1373b83] 23:38:13.830 [pool-6-thread-44] DEBUG c.h.p.o.dependants.PodInfoConfigMap - [helmvolu] Desired PodInfo ConfigMap (1 extensions) (1 enabled)
2025-01-28 23:38:13,835 INFO c.h.h.t.HelmChartContainer - [hivemq-test-hivemq-platform] [hivemq-platform-operator] [e1373b83] 23:38:13.830 [pool-6-thread-44] DEBUG c.h.p.o.dependants.PodInfoConfigMap - [helmvolu] Desired PodInfo ConfigMap (metrics port: 9399) (metrics path: /)
2025-01-28 23:38:13,835 INFO c.h.h.t.HelmChartContainer - [hivemq-test-hivemq-platform] [hivemq-platform-operator] [e1373b83] 23:38:13.831 [pool-6-thread-44] DEBUG c.h.p.o.dependants.PodInfoConfigMap - [helmvolu] Desired PodInfo ConfigMap (extension state hash: -1817474005)
2025-01-28 23:38:13,835 INFO c.h.h.t.HelmChartContainer - [hivemq-test-hivemq-platform] [hivemq-platform-operator] [e1373b83] 23:38:13.832 [pool-6-thread-44] DEBUG c.h.p.o.d.PodServiceAccountResource - [helmvolu] Desired PodServiceAccountResource (serviceAccountName: hivemq-platform-pod-test-hivemq-platform)
2025-01-28 23:38:13,836 INFO c.h.h.t.HelmChartContainer - [hivemq-test-hivemq-platform] [hivemq-platform-operator] [e1373b83] 23:38:13.835 [pool-6-thread-49] DEBUG c.h.p.o.d.StatefulSetResource - [helmvolu] Desired StatefulSet (3 replicas) for status ROLLING_RESTART (RESTART_PODS_IN_PROGRESS)
2025-01-28 23:38:13,839 INFO c.h.h.t.HelmChartContainer - [hivemq-test-hivemq-platform] [hivemq-platform-operator] [e1373b83] 23:38:13.838 [ReconcilerExecutor-hivemq-controller-144] INFO  c.h.p.o.HiveMQPlatformReconciler - [helmvolu] Reconciling HiveMQ Platform 'test-hivemq-platform' in namespace 'helmvolumeclaimtemplatesit'
2025-01-28 23:38:13,839 INFO c.h.h.t.HelmChartContainer - [hivemq-test-hivemq-platform] [hivemq-platform-operator] [e1373b83] 23:38:13.838 [ReconcilerExecutor-hivemq-controller-144] DEBUG c.h.p.o.HiveMQPlatformReconciler - [helmvolu] Custom Resource Status ROLLING_RESTART - HiveMQ Platform is restarting Pods (rolling restart) (RESTART_PODS_IN_PROGRESS)
2025-01-28 23:38:13,839 INFO c.h.h.t.HelmChartContainer - [hivemq-test-hivemq-platform] [hivemq-platform-operator] [e1373b83] 23:38:13.838 [ReconcilerExecutor-hivemq-controller-144] DEBUG c.h.p.o.HiveMQPlatformReconciler - [helmvolu] Custom Resource Spec (replicas: 2) (extensions: 1)
2025-01-28 23:38:13,840 INFO c.h.h.t.HelmChartContainer - [hivemq-test-hivemq-platform] [hivemq-platform-operator] [e1373b83] 23:38:13.839 [ReconcilerExecutor-hivemq-controller-144] DEBUG c.h.p.o.HiveMQPlatformReconciler - [helmvolu] StatefulSet Status (revision: test-hivemq-platform-59475f86c9, replicas: 3, available: 3, ready: 3, current: 1, updated: 1)
2025-01-28 23:38:13,840 INFO c.h.h.t.HelmChartContainer - [hivemq-test-hivemq-platform] [hivemq-platform-operator] [e1373b83] 23:38:13.839 [ReconcilerExecutor-hivemq-controller-144] DEBUG c.h.p.o.HiveMQPlatformReconciler - [helmvolu] StatefulSet Spec (replicas: 3, init containers: 1, containers: 1, volumes: 4)
2025-01-28 23:38:13,909 INFO c.h.h.t.HelmChartContainer - [hivemq-test-hivemq-platform] [hivemq-platform-operator] [e1373b83] 23:38:13.908 [ReconcilerExecutor-hivemq-controller-144] DEBUG c.h.p.o.h.HiveMQPlatformReconcilerErrorHandler - [helmvolu] Pod 'test-hivemq-platform-2' phase Running
2025-01-28 23:38:13,910 INFO c.h.h.t.HelmChartContainer - [hivemq-test-hivemq-platform] [hivemq-platform-operator] [e1373b83] 23:38:13.909 [ReconcilerExecutor-hivemq-controller-144] DEBUG c.h.p.o.h.HiveMQPlatformReconcilerErrorHandler - [helmvolu] Pod 'test-hivemq-platform-1' phase Running
2025-01-28 23:38:13,911 INFO c.h.h.t.HelmChartContainer - [hivemq-test-hivemq-platform] [hivemq-platform-operator] [e1373b83] 23:38:13.910 [ReconcilerExecutor-hivemq-controller-144] DEBUG c.h.p.o.h.HiveMQPlatformReconcilerErrorHandler - [helmvolu] Pod 'test-hivemq-platform-0' phase Running
2025-01-28 23:38:13,929 INFO c.h.h.t.HelmChartContainer - [hivemq-test-hivemq-platform] [hivemq-platform-operator] [e1373b83] 23:38:13.928 [ReconcilerExecutor-hivemq-controller-144] DEBUG c.h.p.o.h.HiveMQPlatformReconcilerRollingRestartHandler - [helmvolu] Skipping Pod test-hivemq-platform-2 as it's already on the controller update revision (update revision: test-hivemq-platform-59475f86c9, pod revision: test-hivemq-platform-59475f86c9)
2025-01-28 23:38:13,940 INFO c.h.h.t.HelmChartContainer - [hivemq-test-hivemq-platform] [hivemq-platform-operator] [e1373b83] 23:38:13.938 [ReconcilerExecutor-hivemq-controller-144] DEBUG c.h.p.o.h.HiveMQPlatformReconcilerRollingRestartHandler - [helmvolu] The last Pod is running for 54 seconds, the next Pod can be restarted
2025-01-28 23:38:13,940 INFO c.h.h.t.HelmChartContainer - [hivemq-test-hivemq-platform] [hivemq-platform-operator] [e1373b83] 23:38:13.938 [ReconcilerExecutor-hivemq-controller-144] INFO  c.h.p.o.h.HiveMQPlatformReconcilerRollingRestartHandler - [helmvolu] Restarting Pod test-hivemq-platform-1 as it's not matching the controller update revision (update revision: test-hivemq-platform-59475f86c9, pod revision: test-hivemq-platform-6c7bb94cbd)
2025-01-28 23:38:13,955 INFO c.h.h.t.HelmChartContainer - [K3S] [info.go:53] Couldn't collect info from any of the files in "/etc/machine-id,/var/lib/dbus/machine-id"
2025-01-28 23:38:14,025 INFO c.h.h.t.HelmChartContainer - [K3S] [scope.go:117] "RemoveContainer" containerID="b7b472fb7e2aadac45bef715700fa187007be490e8167944db1196e3671411a9"
2025-01-28 23:38:16,261 INFO c.h.h.t.HelmChartContainer - [test-hivemq-platform] [hivemq] [2a16c913] INFO  - Shutting down extension system
2025-01-28 23:38:16,264 INFO c.h.h.t.HelmChartContainer - [test-hivemq-platform] [hivemq] [2a16c913] INFO  - Stopping extension with id hivemq-dns-cluster-discovery
2025-01-28 23:38:16,264 INFO c.h.h.t.HelmChartContainer - [test-hivemq-platform] [hivemq] [2a16c913] INFO  - Extension "DNS Cluster Discovery Extension" version 4.3.2 stopped successfully.
2025-01-28 23:38:16,266 INFO c.h.h.t.HelmChartContainer - [test-hivemq-platform] [hivemq] [2a16c913] INFO  - Stopping extension with id hivemq-prometheus-extension
2025-01-28 23:38:16,270 INFO c.h.h.t.HelmChartContainer - [test-hivemq-platform] [hivemq] [2a16c913] INFO  - Extension "Prometheus Monitoring Extension" version 4.0.12 stopped successfully.
2025-01-28 23:38:16,270 INFO c.h.h.t.HelmChartContainer - [test-hivemq-platform] [hivemq] [2a16c913] INFO  - Stopping extension with id hivemq-allow-all-extension
2025-01-28 23:38:16,270 INFO c.h.h.t.HelmChartContainer - [test-hivemq-platform] [hivemq] [2a16c913] INFO  - Extension "Allow All Extension" version 1.1.1 stopped successfully.
2025-01-28 23:38:16,278 INFO c.h.h.t.HelmChartContainer - [test-hivemq-platform] [hivemq] [919bc9c6] INFO  - Cluster nodes found by discovery: [tQpG6|3] (2) [tQpG6, 04vCQ].
2025-01-28 23:38:16,284 INFO c.h.h.t.HelmChartContainer - [test-hivemq-platform] [hivemq] [111f66bb] INFO  - Cluster nodes found by discovery: [tQpG6|3] (2) [tQpG6, 04vCQ].
2025-01-28 23:38:16,284 INFO c.h.h.t.HelmChartContainer - [test-hivemq-platform] [hivemq] [919bc9c6] INFO  - Cluster size = 2, members : [tQpG6, 04vCQ].
2025-01-28 23:38:16,291 INFO c.h.h.t.HelmChartContainer - [test-hivemq-platform] [hivemq] [919bc9c6] INFO  - Starting cluster replication process. This may take a while. Please do not shut down HiveMQ.
2025-01-28 23:38:16,294 INFO c.h.h.t.HelmChartContainer - [test-hivemq-platform] [hivemq] [111f66bb] INFO  - Cluster size = 2, members : [tQpG6, 04vCQ].
2025-01-28 23:38:16,295 INFO c.h.h.t.HelmChartContainer - [test-hivemq-platform] [hivemq] [111f66bb] INFO  - Starting cluster replication process. This may take a while. Please do not shut down HiveMQ.
2025-01-28 23:38:16,559 INFO c.h.h.t.HelmChartContainer - [test-hivemq-platform] [hivemq] [919bc9c6] INFO  - Finished cluster replication successfully in 269 ms.
2025-01-28 23:38:16,565 INFO c.h.h.t.HelmChartContainer - [test-hivemq-platform] [hivemq] [111f66bb] INFO  - Finished cluster replication successfully in 272 ms.
2025-01-28 23:38:18,553 INFO c.h.h.t.HelmChartContainer - [test-hivemq-platform] [hivemq] [2a16c913] INFO  - Shutdown completed.
2025-01-28 23:38:18,656 INFO c.h.h.t.HelmChartContainer - [EVENT] Warning [Unhealthy] Readiness probe failed: HTTP probe failed with statuscode: 503 [helmvolumeclaimtemplatesit:test-hivemq-platform-1]
2025-01-28 23:38:18,656 INFO c.h.h.t.HelmChartContainer - Received Unhealthy event for container hivemq in pod test-hivemq-platform-1 [2a16c913-ddca-4d99-82ba-49653b2f2dc1]
2025-01-28 23:38:18,904 INFO c.h.h.t.HelmChartContainer - [test-hivemq-platform] [hivemq] [2a16c913] INFO  - [HiveMQ Platform Operator Init App 1.7.0-SNAPSHOT] The HiveMQ Platform exited with code 143
2025-01-28 23:38:18,904 INFO c.h.h.t.HelmChartContainer - [test-hivemq-platform] [hivemq] [2a16c913] INFO  - [HiveMQ Platform Operator Init App 1.7.0-SNAPSHOT] Stopping the REST API
2025-01-28 23:38:18,910 INFO c.h.h.t.HelmChartContainer - [test-hivemq-platform] [hivemq] [2a16c913] INFO  - [HiveMQ Platform Operator Init App 1.7.0-SNAPSHOT] Shutdown complete
2025-01-28 23:38:19,390 INFO c.h.h.t.HelmChartContainer - [POD] test-hivemq-platform-1 [2a16c913-ddca-4d99-82ba-49653b2f2dc1] in helmvolumeclaimtemplatesit was MODIFIED
2025-01-28 23:38:19,399 INFO c.h.h.t.HelmChartContainer - [hivemq-test-hivemq-platform] [hivemq-platform-operator] [e1373b83] 23:38:19.395 [pool-6-thread-1] DEBUG c.h.p.o.d.PlatformServiceResource - [helmvolu] Desired Platform services (3 services)
2025-01-28 23:38:19,399 INFO c.h.h.t.HelmChartContainer - [hivemq-test-hivemq-platform] [hivemq-platform-operator] [e1373b83] 23:38:19.396 [pool-6-thread-5] DEBUG c.h.p.o.dependants.PodInfoConfigMap - [helmvolu] Desired PodInfo ConfigMap (1 extensions) (1 enabled)
2025-01-28 23:38:19,399 INFO c.h.h.t.HelmChartContainer - [hivemq-test-hivemq-platform] [hivemq-platform-operator] [e1373b83] 23:38:19.396 [pool-6-thread-5] DEBUG c.h.p.o.dependants.PodInfoConfigMap - [helmvolu] Desired PodInfo ConfigMap (metrics port: 9399) (metrics path: /)
2025-01-28 23:38:19,399 INFO c.h.h.t.HelmChartContainer - [hivemq-test-hivemq-platform] [hivemq-platform-operator] [e1373b83] 23:38:19.396 [pool-6-thread-5] DEBUG c.h.p.o.dependants.PodInfoConfigMap - [helmvolu] Desired PodInfo ConfigMap (extension state hash: -1817474005)
2025-01-28 23:38:19,401 INFO c.h.h.t.HelmChartContainer - [hivemq-test-hivemq-platform] [hivemq-platform-operator] [e1373b83] 23:38:19.397 [pool-6-thread-5] DEBUG c.h.p.o.d.PodServiceAccountResource - [helmvolu] Desired PodServiceAccountResource (serviceAccountName: hivemq-platform-pod-test-hivemq-platform)
2025-01-28 23:38:19,413 INFO c.h.h.t.HelmChartContainer - [hivemq-test-hivemq-platform] [hivemq-platform-operator] [e1373b83] 23:38:19.411 [pool-6-thread-1] DEBUG c.h.p.o.d.StatefulSetResource - [helmvolu] Desired StatefulSet (3 replicas) for status ROLLING_RESTART (RESTART_PODS_IN_PROGRESS)
2025-01-28 23:38:19,421 INFO c.h.h.t.HelmChartContainer - [hivemq-test-hivemq-platform] [hivemq-platform-operator] [e1373b83] 23:38:19.416 [ReconcilerExecutor-hivemq-controller-145] INFO  c.h.p.o.HiveMQPlatformReconciler - [helmvolu] Reconciling HiveMQ Platform 'test-hivemq-platform' in namespace 'helmvolumeclaimtemplatesit'
2025-01-28 23:38:19,421 INFO c.h.h.t.HelmChartContainer - [hivemq-test-hivemq-platform] [hivemq-platform-operator] [e1373b83] 23:38:19.417 [ReconcilerExecutor-hivemq-controller-145] DEBUG c.h.p.o.HiveMQPlatformReconciler - [helmvolu] Custom Resource Status ROLLING_RESTART - HiveMQ Platform is restarting Pods (rolling restart) (RESTART_PODS_IN_PROGRESS)
2025-01-28 23:38:19,423 INFO c.h.h.t.HelmChartContainer - [hivemq-test-hivemq-platform] [hivemq-platform-operator] [e1373b83] 23:38:19.417 [ReconcilerExecutor-hivemq-controller-145] DEBUG c.h.p.o.HiveMQPlatformReconciler - [helmvolu] Custom Resource Spec (replicas: 2) (extensions: 1)
2025-01-28 23:38:19,423 INFO c.h.h.t.HelmChartContainer - [hivemq-test-hivemq-platform] [hivemq-platform-operator] [e1373b83] 23:38:19.418 [ReconcilerExecutor-hivemq-controller-145] DEBUG c.h.p.o.HiveMQPlatformReconciler - [helmvolu] StatefulSet Status (revision: test-hivemq-platform-59475f86c9, replicas: 3, available: 2, ready: 2, current: 1, updated: 1)
2025-01-28 23:38:19,423 INFO c.h.h.t.HelmChartContainer - [hivemq-test-hivemq-platform] [hivemq-platform-operator] [e1373b83] 23:38:19.418 [ReconcilerExecutor-hivemq-controller-145] DEBUG c.h.p.o.HiveMQPlatformReconciler - [helmvolu] StatefulSet Spec (replicas: 3, init containers: 1, containers: 1, volumes: 4)
2025-01-28 23:38:19,426 INFO c.h.h.t.HelmChartContainer - [hivemq-test-hivemq-platform] [hivemq-platform-operator] [e1373b83] 23:38:19.424 [ReconcilerExecutor-hivemq-controller-145] DEBUG c.h.p.o.h.HiveMQPlatformReconcilerErrorHandler - [helmvolu] Pod 'test-hivemq-platform-2' phase Running
2025-01-28 23:38:19,429 INFO c.h.h.t.HelmChartContainer - [hivemq-test-hivemq-platform] [hivemq-platform-operator] [e1373b83] 23:38:19.426 [ReconcilerExecutor-hivemq-controller-145] DEBUG c.h.p.o.h.HiveMQPlatformReconcilerErrorHandler - [helmvolu] Pod 'test-hivemq-platform-1' phase Failed
2025-01-28 23:38:19,429 INFO c.h.h.t.HelmChartContainer - [hivemq-test-hivemq-platform] [hivemq-platform-operator] [e1373b83] 23:38:19.426 [ReconcilerExecutor-hivemq-controller-145] DEBUG c.h.p.o.h.HiveMQPlatformReconcilerErrorHandler - [helmvolu] Pod 'test-hivemq-platform-1' condition 'PodReadyToStartContainers': False
2025-01-28 23:38:19,429 INFO c.h.h.t.HelmChartContainer - [hivemq-test-hivemq-platform] [hivemq-platform-operator] [e1373b83] 23:38:19.426 [ReconcilerExecutor-hivemq-controller-145] DEBUG c.h.p.o.h.HiveMQPlatformReconcilerErrorHandler - [helmvolu] Pod 'test-hivemq-platform-1' condition 'Initialized': True
2025-01-28 23:38:19,429 INFO c.h.h.t.HelmChartContainer - [hivemq-test-hivemq-platform] [hivemq-platform-operator] [e1373b83] 23:38:19.426 [ReconcilerExecutor-hivemq-controller-145] DEBUG c.h.p.o.h.HiveMQPlatformReconcilerErrorHandler - [helmvolu] Pod 'test-hivemq-platform-1' condition 'Ready': False
2025-01-28 23:38:19,429 INFO c.h.h.t.HelmChartContainer - [hivemq-test-hivemq-platform] [hivemq-platform-operator] [e1373b83] 23:38:19.426 [ReconcilerExecutor-hivemq-controller-145] DEBUG c.h.p.o.h.HiveMQPlatformReconcilerErrorHandler - [helmvolu] Pod 'test-hivemq-platform-1' condition 'ContainersReady': False
2025-01-28 23:38:19,429 INFO c.h.h.t.HelmChartContainer - [hivemq-test-hivemq-platform] [hivemq-platform-operator] [e1373b83] 23:38:19.426 [ReconcilerExecutor-hivemq-controller-145] DEBUG c.h.p.o.h.HiveMQPlatformReconcilerErrorHandler - [helmvolu] Pod 'test-hivemq-platform-1' condition 'PodScheduled': True
2025-01-28 23:38:19,429 INFO c.h.h.t.HelmChartContainer - [hivemq-test-hivemq-platform] [hivemq-platform-operator] [e1373b83] 23:38:19.426 [ReconcilerExecutor-hivemq-controller-145] DEBUG c.h.p.o.h.HiveMQPlatformReconcilerErrorHandler - [helmvolu] Pod 'test-hivemq-platform-1' containerStatus 'hivemq' (started: false) (ready: false) (waiting: [Unknown] no message)
2025-01-28 23:38:19,433 INFO c.h.h.t.HelmChartContainer - [hivemq-test-hivemq-platform] [hivemq-platform-operator] [e1373b83] 23:38:19.429 [ReconcilerExecutor-hivemq-controller-145] DEBUG c.h.p.o.h.HiveMQPlatformReconcilerErrorHandler - [helmvolu] Pod 'test-hivemq-platform-0' phase Running
2025-01-28 23:38:19,435 INFO c.h.h.t.HelmChartContainer - [hivemq-test-hivemq-platform] [hivemq-platform-operator] [e1373b83] 23:38:19.430 [ReconcilerExecutor-hivemq-controller-145] DEBUG c.h.p.o.h.HiveMQPlatformReconcilerRollingRestartHandler - [helmvolu] Rolling restart is waiting for 2 of 3 replicas
2025-01-28 23:38:19,439 INFO c.h.h.t.HelmChartContainer - [hivemq-test-hivemq-platform] [hivemq-platform-operator] [e1373b83] 23:38:19.435 [pool-6-thread-15] DEBUG c.h.p.o.d.PlatformServiceResource - [helmvolu] Desired Platform services (3 services)
2025-01-28 23:38:19,440 INFO c.h.h.t.HelmChartContainer - [hivemq-test-hivemq-platform] [hivemq-platform-operator] [e1373b83] 23:38:19.438 [pool-6-thread-14] DEBUG c.h.p.o.d.PodServiceAccountResource - [helmvolu] Desired PodServiceAccountResource (serviceAccountName: hivemq-platform-pod-test-hivemq-platform)
2025-01-28 23:38:19,444 INFO c.h.h.t.HelmChartContainer - [hivemq-test-hivemq-platform] [hivemq-platform-operator] [e1373b83] 23:38:19.441 [pool-6-thread-12] DEBUG c.h.p.o.dependants.PodInfoConfigMap - [helmvolu] Desired PodInfo ConfigMap (1 extensions) (1 enabled)
2025-01-28 23:38:19,444 INFO c.h.h.t.HelmChartContainer - [hivemq-test-hivemq-platform] [hivemq-platform-operator] [e1373b83] 23:38:19.441 [pool-6-thread-12] DEBUG c.h.p.o.dependants.PodInfoConfigMap - [helmvolu] Desired PodInfo ConfigMap (metrics port: 9399) (metrics path: /)
2025-01-28 23:38:19,444 INFO c.h.h.t.HelmChartContainer - [hivemq-test-hivemq-platform] [hivemq-platform-operator] [e1373b83] 23:38:19.441 [pool-6-thread-12] DEBUG c.h.p.o.dependants.PodInfoConfigMap - [helmvolu] Desired PodInfo ConfigMap (extension state hash: -1817474005)
2025-01-28 23:38:19,449 INFO c.h.h.t.HelmChartContainer - [hivemq-test-hivemq-platform] [hivemq-platform-operator] [e1373b83] 23:38:19.447 [pool-6-thread-15] DEBUG c.h.p.o.d.StatefulSetResource - [helmvolu] Desired StatefulSet (3 replicas) for status ROLLING_RESTART (RESTART_PODS_IN_PROGRESS)
2025-01-28 23:38:19,470 INFO c.h.h.t.HelmChartContainer - [K3S] [reconciler_common.go:162] "operationExecutor.UnmountVolume started for volume \"kube-api-access-lfrbg\" (UniqueName: \"kubernetes.io/projected/2a16c913-ddca-4d99-82ba-49653b2f2dc1-kube-api-access-lfrbg\") pod \"2a16c913-ddca-4d99-82ba-49653b2f2dc1\" (UID: \"2a16c913-ddca-4d99-82ba-49653b2f2dc1\") "
2025-01-28 23:38:19,473 INFO c.h.h.t.HelmChartContainer - [K3S] [reconciler_common.go:162] "operationExecutor.UnmountVolume started for volume \"operator-init\" (UniqueName: \"kubernetes.io/empty-dir/2a16c913-ddca-4d99-82ba-49653b2f2dc1-operator-init\") pod \"2a16c913-ddca-4d99-82ba-49653b2f2dc1\" (UID: \"2a16c913-ddca-4d99-82ba-49653b2f2dc1\") "
2025-01-28 23:38:19,473 INFO c.h.h.t.HelmChartContainer - [K3S] [reconciler_common.go:162] "operationExecutor.UnmountVolume started for volume \"hivemq-pvc-data\" (UniqueName: \"kubernetes.io/local-volume/pvc-a7dcc88a-6433-4c66-ab84-75f8c7223870\") pod \"2a16c913-ddca-4d99-82ba-49653b2f2dc1\" (UID: \"2a16c913-ddca-4d99-82ba-49653b2f2dc1\") "
2025-01-28 23:38:19,473 INFO c.h.h.t.HelmChartContainer - [K3S] [reconciler_common.go:162] "operationExecutor.UnmountVolume started for volume \"pod-info\" (UniqueName: \"kubernetes.io/configmap/2a16c913-ddca-4d99-82ba-49653b2f2dc1-pod-info\") pod \"2a16c913-ddca-4d99-82ba-49653b2f2dc1\" (UID: \"2a16c913-ddca-4d99-82ba-49653b2f2dc1\") "
2025-01-28 23:38:19,473 INFO c.h.h.t.HelmChartContainer - [K3S] [reconciler_common.go:162] "operationExecutor.UnmountVolume started for volume \"broker-configuration\" (UniqueName: \"kubernetes.io/configmap/2a16c913-ddca-4d99-82ba-49653b2f2dc1-broker-configuration\") pod \"2a16c913-ddca-4d99-82ba-49653b2f2dc1\" (UID: \"2a16c913-ddca-4d99-82ba-49653b2f2dc1\") "
2025-01-28 23:38:19,496 INFO c.h.h.t.HelmChartContainer - [K3S] [scope.go:117] "RemoveContainer" containerID="03000b17e96e21546307d212042b810751a25f8532c02dedc5e722d0e31b788b"
2025-01-28 23:38:19,502 INFO c.h.h.t.HelmChartContainer - [K3S] [scope.go:117] "RemoveContainer" containerID="33888db6a4f26864ace1c0a36b61cc51923514554accab482aa26c70870835cc"
2025-01-28 23:38:19,506 INFO c.h.h.t.HelmChartContainer - [K3S] [scope.go:117] "RemoveContainer" containerID="03000b17e96e21546307d212042b810751a25f8532c02dedc5e722d0e31b788b"
2025-01-28 23:38:19,509 INFO c.h.h.t.HelmChartContainer - [K3S] [scope.go:117] "RemoveContainer" containerID="33888db6a4f26864ace1c0a36b61cc51923514554accab482aa26c70870835cc"
2025-01-28 23:38:19,510 INFO c.h.h.t.HelmChartContainer - [hivemq-test-hivemq-platform] [hivemq-platform-operator] [e1373b83] 23:38:19.507 [ReconcilerExecutor-hivemq-controller-146] INFO  c.h.p.o.HiveMQPlatformReconciler - [helmvolu] Reconciling HiveMQ Platform 'test-hivemq-platform' in namespace 'helmvolumeclaimtemplatesit'
2025-01-28 23:38:19,510 INFO c.h.h.t.HelmChartContainer - [hivemq-test-hivemq-platform] [hivemq-platform-operator] [e1373b83] 23:38:19.507 [ReconcilerExecutor-hivemq-controller-146] DEBUG c.h.p.o.HiveMQPlatformReconciler - [helmvolu] Custom Resource Status ROLLING_RESTART - HiveMQ Platform is restarting Pods (rolling restart) (RESTART_PODS_IN_PROGRESS)
2025-01-28 23:38:19,510 INFO c.h.h.t.HelmChartContainer - [hivemq-test-hivemq-platform] [hivemq-platform-operator] [e1373b83] 23:38:19.507 [ReconcilerExecutor-hivemq-controller-146] DEBUG c.h.p.o.HiveMQPlatformReconciler - [helmvolu] Custom Resource Spec (replicas: 2) (extensions: 1)
2025-01-28 23:38:19,521 INFO c.h.h.t.HelmChartContainer - [hivemq-test-hivemq-platform] [hivemq-platform-operator] [e1373b83] 23:38:19.510 [ReconcilerExecutor-hivemq-controller-146] DEBUG c.h.p.o.HiveMQPlatformReconciler - [helmvolu] StatefulSet Status (revision: test-hivemq-platform-59475f86c9, replicas: 3, available: 2, ready: 2, current: 1, updated: 1)
2025-01-28 23:38:19,521 INFO c.h.h.t.HelmChartContainer - [hivemq-test-hivemq-platform] [hivemq-platform-operator] [e1373b83] 23:38:19.510 [ReconcilerExecutor-hivemq-controller-146] DEBUG c.h.p.o.HiveMQPlatformReconciler - [helmvolu] StatefulSet Spec (replicas: 3, init containers: 1, containers: 1, volumes: 4)
2025-01-28 23:38:19,521 INFO c.h.h.t.HelmChartContainer - [hivemq-test-hivemq-platform] [hivemq-platform-operator] [e1373b83] 23:38:19.512 [ReconcilerExecutor-hivemq-controller-146] DEBUG c.h.p.o.h.HiveMQPlatformReconcilerErrorHandler - [helmvolu] Pod 'test-hivemq-platform-2' phase Running
2025-01-28 23:38:19,521 INFO c.h.h.t.HelmChartContainer - [hivemq-test-hivemq-platform] [hivemq-platform-operator] [e1373b83] 23:38:19.513 [ReconcilerExecutor-hivemq-controller-146] DEBUG c.h.p.o.h.HiveMQPlatformReconcilerErrorHandler - [helmvolu] Pod 'test-hivemq-platform-1' phase Failed
2025-01-28 23:38:19,521 INFO c.h.h.t.HelmChartContainer - [hivemq-test-hivemq-platform] [hivemq-platform-operator] [e1373b83] 23:38:19.514 [ReconcilerExecutor-hivemq-controller-146] DEBUG c.h.p.o.h.HiveMQPlatformReconcilerErrorHandler - [helmvolu] Pod 'test-hivemq-platform-1' condition 'PodReadyToStartContainers': False
2025-01-28 23:38:19,521 INFO c.h.h.t.HelmChartContainer - [hivemq-test-hivemq-platform] [hivemq-platform-operator] [e1373b83] 23:38:19.514 [ReconcilerExecutor-hivemq-controller-146] DEBUG c.h.p.o.h.HiveMQPlatformReconcilerErrorHandler - [helmvolu] Pod 'test-hivemq-platform-1' condition 'Initialized': True
2025-01-28 23:38:19,521 INFO c.h.h.t.HelmChartContainer - [hivemq-test-hivemq-platform] [hivemq-platform-operator] [e1373b83] 23:38:19.514 [ReconcilerExecutor-hivemq-controller-146] DEBUG c.h.p.o.h.HiveMQPlatformReconcilerErrorHandler - [helmvolu] Pod 'test-hivemq-platform-1' condition 'Ready': False
2025-01-28 23:38:19,521 INFO c.h.h.t.HelmChartContainer - [hivemq-test-hivemq-platform] [hivemq-platform-operator] [e1373b83] 23:38:19.514 [ReconcilerExecutor-hivemq-controller-146] DEBUG c.h.p.o.h.HiveMQPlatformReconcilerErrorHandler - [helmvolu] Pod 'test-hivemq-platform-1' condition 'ContainersReady': False
2025-01-28 23:38:19,521 INFO c.h.h.t.HelmChartContainer - [hivemq-test-hivemq-platform] [hivemq-platform-operator] [e1373b83] 23:38:19.514 [ReconcilerExecutor-hivemq-controller-146] DEBUG c.h.p.o.h.HiveMQPlatformReconcilerErrorHandler - [helmvolu] Pod 'test-hivemq-platform-1' condition 'PodScheduled': True
2025-01-28 23:38:19,521 INFO c.h.h.t.HelmChartContainer - [hivemq-test-hivemq-platform] [hivemq-platform-operator] [e1373b83] 23:38:19.514 [ReconcilerExecutor-hivemq-controller-146] DEBUG c.h.p.o.h.HiveMQPlatformReconcilerErrorHandler - [helmvolu] Pod 'test-hivemq-platform-1' containerStatus 'hivemq' (started: false) (ready: false) (waiting: [Unknown] no message)
2025-01-28 23:38:19,521 INFO c.h.h.t.HelmChartContainer - [hivemq-test-hivemq-platform] [hivemq-platform-operator] [e1373b83] 23:38:19.515 [ReconcilerExecutor-hivemq-controller-146] DEBUG c.h.p.o.h.HiveMQPlatformReconcilerErrorHandler - [helmvolu] Pod 'test-hivemq-platform-0' phase Running
2025-01-28 23:38:19,523 INFO c.h.h.t.HelmChartContainer - [POD] test-hivemq-platform-1 [2a16c913-ddca-4d99-82ba-49653b2f2dc1] in helmvolumeclaimtemplatesit was MODIFIED
2025-01-28 23:38:19,527 INFO c.h.h.t.HelmChartContainer - [hivemq-test-hivemq-platform] [hivemq-platform-operator] [e1373b83] 23:38:19.524 [ReconcilerExecutor-hivemq-controller-146] DEBUG c.h.p.o.h.HiveMQPlatformReconcilerRollingRestartHandler - [helmvolu] Rolling restart is waiting for 2 of 3 replicas
2025-01-28 23:38:19,530 INFO c.h.h.t.HelmChartContainer - [hivemq-test-hivemq-platform] [hivemq-platform-operator] [e1373b83] 23:38:19.529 [pool-6-thread-24] DEBUG c.h.p.o.d.PlatformServiceResource - [helmvolu] Desired Platform services (3 services)
2025-01-28 23:38:19,536 INFO c.h.h.t.HelmChartContainer - [hivemq-test-hivemq-platform] [hivemq-platform-operator] [e1373b83] 23:38:19.532 [pool-6-thread-22] DEBUG c.h.p.o.dependants.PodInfoConfigMap - [helmvolu] Desired PodInfo ConfigMap (1 extensions) (1 enabled)
2025-01-28 23:38:19,540 INFO c.h.h.t.HelmChartContainer - [hivemq-test-hivemq-platform] [hivemq-platform-operator] [e1373b83] 23:38:19.532 [pool-6-thread-22] DEBUG c.h.p.o.dependants.PodInfoConfigMap - [helmvolu] Desired PodInfo ConfigMap (metrics port: 9399) (metrics path: /)
2025-01-28 23:38:19,540 INFO c.h.h.t.HelmChartContainer - [hivemq-test-hivemq-platform] [hivemq-platform-operator] [e1373b83] 23:38:19.532 [pool-6-thread-22] DEBUG c.h.p.o.dependants.PodInfoConfigMap - [helmvolu] Desired PodInfo ConfigMap (extension state hash: -1817474005)
2025-01-28 23:38:19,540 INFO c.h.h.t.HelmChartContainer - [hivemq-test-hivemq-platform] [hivemq-platform-operator] [e1373b83] 23:38:19.533 [pool-6-thread-24] DEBUG c.h.p.o.d.PodServiceAccountResource - [helmvolu] Desired PodServiceAccountResource (serviceAccountName: hivemq-platform-pod-test-hivemq-platform)
2025-01-28 23:38:19,544 INFO c.h.h.t.HelmChartContainer - [hivemq-test-hivemq-platform] [hivemq-platform-operator] [e1373b83] 23:38:19.538 [pool-6-thread-29] DEBUG c.h.p.o.d.StatefulSetResource - [helmvolu] Desired StatefulSet (3 replicas) for status ROLLING_RESTART (RESTART_PODS_IN_PROGRESS)
2025-01-28 23:38:19,546 INFO c.h.h.t.HelmChartContainer - [POD] test-hivemq-platform-1 [2a16c913-ddca-4d99-82ba-49653b2f2dc1] in helmvolumeclaimtemplatesit was DELETED
2025-01-28 23:38:19,552 INFO c.h.h.t.HelmChartContainer - [POD] test-hivemq-platform-1 [3eda3e89-192a-4b0e-b661-8ebebd9655fb] in helmvolumeclaimtemplatesit was ADDED
2025-01-28 23:38:19,563 INFO c.h.h.t.HelmChartContainer - [POD] test-hivemq-platform-1 [3eda3e89-192a-4b0e-b661-8ebebd9655fb] in helmvolumeclaimtemplatesit was MODIFIED
2025-01-28 23:38:19,563 INFO c.h.h.t.HelmChartContainer - [K3S] [memory_manager.go:355] "RemoveStaleState removing state" podUID="2a16c913-ddca-4d99-82ba-49653b2f2dc1" containerName="hivemq"
2025-01-28 23:38:19,568 INFO c.h.h.t.HelmChartContainer - [EVENT] Normal [SuccessfulCreate] create Pod test-hivemq-platform-1 in StatefulSet test-hivemq-platform successful [helmvolumeclaimtemplatesit:test-hivemq-platform]
2025-01-28 23:38:19,569 INFO c.h.h.t.HelmChartContainer - [EVENT] Normal [Scheduled] Successfully assigned helmvolumeclaimtemplatesit/test-hivemq-platform-1 to e2cd8e671f95 [helmvolumeclaimtemplatesit:test-hivemq-platform-1]
2025-01-28 23:38:19,571 INFO c.h.h.t.HelmChartContainer - [K3S] [reconciler_common.go:299] "Volume detached for volume \"pod-info\" (UniqueName: \"kubernetes.io/configmap/2a16c913-ddca-4d99-82ba-49653b2f2dc1-pod-info\") on node \"e2cd8e671f95\" DevicePath \"\""
2025-01-28 23:38:19,571 INFO c.h.h.t.HelmChartContainer - [K3S] [reconciler_common.go:299] "Volume detached for volume \"broker-configuration\" (UniqueName: \"kubernetes.io/configmap/2a16c913-ddca-4d99-82ba-49653b2f2dc1-broker-configuration\") on node \"e2cd8e671f95\" DevicePath \"\""
2025-01-28 23:38:19,572 INFO c.h.h.t.HelmChartContainer - [K3S] [reconciler_common.go:299] "Volume detached for volume \"kube-api-access-lfrbg\" (UniqueName: \"kubernetes.io/projected/2a16c913-ddca-4d99-82ba-49653b2f2dc1-kube-api-access-lfrbg\") on node \"e2cd8e671f95\" DevicePath \"\""
2025-01-28 23:38:19,572 INFO c.h.h.t.HelmChartContainer - [K3S] [reconciler_common.go:299] "Volume detached for volume \"operator-init\" (UniqueName: \"kubernetes.io/empty-dir/2a16c913-ddca-4d99-82ba-49653b2f2dc1-operator-init\") on node \"e2cd8e671f95\" DevicePath \"\""
2025-01-28 23:38:19,572 INFO c.h.h.t.HelmChartContainer - [K3S] [reconciler_common.go:292] "operationExecutor.UnmountDevice started for volume \"pvc-a7dcc88a-6433-4c66-ab84-75f8c7223870\" (UniqueName: \"kubernetes.io/local-volume/pvc-a7dcc88a-6433-4c66-ab84-75f8c7223870\") on node \"e2cd8e671f95\" "
2025-01-28 23:38:19,584 INFO c.h.h.t.HelmChartContainer - [POD] test-hivemq-platform-1 [3eda3e89-192a-4b0e-b661-8ebebd9655fb] in helmvolumeclaimtemplatesit was MODIFIED
2025-01-28 23:38:19,614 INFO c.h.h.t.HelmChartContainer - [hivemq-test-hivemq-platform] [hivemq-platform-operator] [e1373b83] 23:38:19.611 [ReconcilerExecutor-hivemq-controller-147] INFO  c.h.p.o.HiveMQPlatformReconciler - [helmvolu] Reconciling HiveMQ Platform 'test-hivemq-platform' in namespace 'helmvolumeclaimtemplatesit'
2025-01-28 23:38:19,614 INFO c.h.h.t.HelmChartContainer - [hivemq-test-hivemq-platform] [hivemq-platform-operator] [e1373b83] 23:38:19.611 [ReconcilerExecutor-hivemq-controller-147] DEBUG c.h.p.o.HiveMQPlatformReconciler - [helmvolu] Custom Resource Status ROLLING_RESTART - HiveMQ Platform is restarting Pods (rolling restart) (RESTART_PODS_IN_PROGRESS)
2025-01-28 23:38:19,614 INFO c.h.h.t.HelmChartContainer - [hivemq-test-hivemq-platform] [hivemq-platform-operator] [e1373b83] 23:38:19.611 [ReconcilerExecutor-hivemq-controller-147] DEBUG c.h.p.o.HiveMQPlatformReconciler - [helmvolu] Custom Resource Spec (replicas: 2) (extensions: 1)
2025-01-28 23:38:19,625 INFO c.h.h.t.HelmChartContainer - [hivemq-test-hivemq-platform] [hivemq-platform-operator] [e1373b83] 23:38:19.624 [ReconcilerExecutor-hivemq-controller-147] DEBUG c.h.p.o.HiveMQPlatformReconciler - [helmvolu] StatefulSet Status (revision: test-hivemq-platform-59475f86c9, replicas: 2, available: 2, ready: 2, current: 1, updated: 1)
2025-01-28 23:38:19,626 INFO c.h.h.t.HelmChartContainer - [hivemq-test-hivemq-platform] [hivemq-platform-operator] [e1373b83] 23:38:19.624 [ReconcilerExecutor-hivemq-controller-147] DEBUG c.h.p.o.HiveMQPlatformReconciler - [helmvolu] StatefulSet Spec (replicas: 3, init containers: 1, containers: 1, volumes: 4)
2025-01-28 23:38:19,629 INFO c.h.h.t.HelmChartContainer - [hivemq-test-hivemq-platform] [hivemq-platform-operator] [e1373b83] 23:38:19.627 [ReconcilerExecutor-hivemq-controller-147] DEBUG c.h.p.o.h.HiveMQPlatformReconcilerErrorHandler - [helmvolu] Pod 'test-hivemq-platform-2' phase Running
2025-01-28 23:38:19,630 INFO c.h.h.t.HelmChartContainer - [hivemq-test-hivemq-platform] [hivemq-platform-operator] [e1373b83] 23:38:19.629 [ReconcilerExecutor-hivemq-controller-147] DEBUG c.h.p.o.h.HiveMQPlatformReconcilerErrorHandler - [helmvolu] Pod 'test-hivemq-platform-1' phase Pending
2025-01-28 23:38:19,631 INFO c.h.h.t.HelmChartContainer - [hivemq-test-hivemq-platform] [hivemq-platform-operator] [e1373b83] 23:38:19.629 [ReconcilerExecutor-hivemq-controller-147] DEBUG c.h.p.o.h.HiveMQPlatformReconcilerErrorHandler - [helmvolu] Pod 'test-hivemq-platform-1' condition 'PodReadyToStartContainers': False
2025-01-28 23:38:19,632 INFO c.h.h.t.HelmChartContainer - [hivemq-test-hivemq-platform] [hivemq-platform-operator] [e1373b83] 23:38:19.629 [ReconcilerExecutor-hivemq-controller-147] DEBUG c.h.p.o.h.HiveMQPlatformReconcilerErrorHandler - [helmvolu] Pod 'test-hivemq-platform-1' condition 'Initialized': False
2025-01-28 23:38:19,632 INFO c.h.h.t.HelmChartContainer - [hivemq-test-hivemq-platform] [hivemq-platform-operator] [e1373b83] 23:38:19.629 [ReconcilerExecutor-hivemq-controller-147] DEBUG c.h.p.o.h.HiveMQPlatformReconcilerErrorHandler - [helmvolu] Pod 'test-hivemq-platform-1' condition 'Ready': False
2025-01-28 23:38:19,632 INFO c.h.h.t.HelmChartContainer - [hivemq-test-hivemq-platform] [hivemq-platform-operator] [e1373b83] 23:38:19.629 [ReconcilerExecutor-hivemq-controller-147] DEBUG c.h.p.o.h.HiveMQPlatformReconcilerErrorHandler - [helmvolu] Pod 'test-hivemq-platform-1' condition 'ContainersReady': False
2025-01-28 23:38:19,632 INFO c.h.h.t.HelmChartContainer - [hivemq-test-hivemq-platform] [hivemq-platform-operator] [e1373b83] 23:38:19.629 [ReconcilerExecutor-hivemq-controller-147] DEBUG c.h.p.o.h.HiveMQPlatformReconcilerErrorHandler - [helmvolu] Pod 'test-hivemq-platform-1' condition 'PodScheduled': True
2025-01-28 23:38:19,632 INFO c.h.h.t.HelmChartContainer - [hivemq-test-hivemq-platform] [hivemq-platform-operator] [e1373b83] 23:38:19.629 [ReconcilerExecutor-hivemq-controller-147] DEBUG c.h.p.o.h.HiveMQPlatformReconcilerErrorHandler - [helmvolu] Pod 'test-hivemq-platform-1' containerStatus 'hivemq' (started: false) (ready: false) (waiting: [PodInitializing] null)
2025-01-28 23:38:19,632 INFO c.h.h.t.HelmChartContainer - [hivemq-test-hivemq-platform] [hivemq-platform-operator] [e1373b83] 23:38:19.630 [ReconcilerExecutor-hivemq-controller-147] DEBUG c.h.p.o.h.HiveMQPlatformReconcilerErrorHandler - [helmvolu] Pod 'test-hivemq-platform-0' phase Running
2025-01-28 23:38:19,632 INFO c.h.h.t.HelmChartContainer - [hivemq-test-hivemq-platform] [hivemq-platform-operator] [e1373b83] 23:38:19.630 [ReconcilerExecutor-hivemq-controller-147] DEBUG c.h.p.o.h.HiveMQPlatformReconcilerRollingRestartHandler - [helmvolu] Rolling restart is waiting for 2 of 3 replicas
2025-01-28 23:38:19,634 INFO c.h.h.t.HelmChartContainer - [hivemq-test-hivemq-platform] [hivemq-platform-operator] [e1373b83] 23:38:19.633 [pool-6-thread-34] DEBUG c.h.p.o.d.PlatformServiceResource - [helmvolu] Desired Platform services (3 services)
2025-01-28 23:38:19,637 INFO c.h.h.t.HelmChartContainer - [hivemq-test-hivemq-platform] [hivemq-platform-operator] [e1373b83] 23:38:19.635 [pool-6-thread-35] DEBUG c.h.p.o.dependants.PodInfoConfigMap - [helmvolu] Desired PodInfo ConfigMap (1 extensions) (1 enabled)
2025-01-28 23:38:19,638 INFO c.h.h.t.HelmChartContainer - [hivemq-test-hivemq-platform] [hivemq-platform-operator] [e1373b83] 23:38:19.635 [pool-6-thread-35] DEBUG c.h.p.o.dependants.PodInfoConfigMap - [helmvolu] Desired PodInfo ConfigMap (metrics port: 9399) (metrics path: /)
2025-01-28 23:38:19,638 INFO c.h.h.t.HelmChartContainer - [hivemq-test-hivemq-platform] [hivemq-platform-operator] [e1373b83] 23:38:19.635 [pool-6-thread-35] DEBUG c.h.p.o.dependants.PodInfoConfigMap - [helmvolu] Desired PodInfo ConfigMap (extension state hash: -1817474005)
2025-01-28 23:38:19,672 INFO c.h.h.t.HelmChartContainer - [K3S] [reconciler_common.go:251] "operationExecutor.VerifyControllerAttachedVolume started for volume \"kube-api-access-p5mdl\" (UniqueName: \"kubernetes.io/projected/3eda3e89-192a-4b0e-b661-8ebebd9655fb-kube-api-access-p5mdl\") pod \"test-hivemq-platform-1\" (UID: \"3eda3e89-192a-4b0e-b661-8ebebd9655fb\") " pod="helmvolumeclaimtemplatesit/test-hivemq-platform-1"
2025-01-28 23:38:19,672 INFO c.h.h.t.HelmChartContainer - [K3S] [reconciler_common.go:251] "operationExecutor.VerifyControllerAttachedVolume started for volume \"operator-init\" (UniqueName: \"kubernetes.io/empty-dir/3eda3e89-192a-4b0e-b661-8ebebd9655fb-operator-init\") pod \"test-hivemq-platform-1\" (UID: \"3eda3e89-192a-4b0e-b661-8ebebd9655fb\") " pod="helmvolumeclaimtemplatesit/test-hivemq-platform-1"
2025-01-28 23:38:19,672 INFO c.h.h.t.HelmChartContainer - [K3S] [reconciler_common.go:251] "operationExecutor.VerifyControllerAttachedVolume started for volume \"pod-info\" (UniqueName: \"kubernetes.io/configmap/3eda3e89-192a-4b0e-b661-8ebebd9655fb-pod-info\") pod \"test-hivemq-platform-1\" (UID: \"3eda3e89-192a-4b0e-b661-8ebebd9655fb\") " pod="helmvolumeclaimtemplatesit/test-hivemq-platform-1"
2025-01-28 23:38:19,672 INFO c.h.h.t.HelmChartContainer - [K3S] [reconciler_common.go:251] "operationExecutor.VerifyControllerAttachedVolume started for volume \"broker-configuration\" (UniqueName: \"kubernetes.io/configmap/3eda3e89-192a-4b0e-b661-8ebebd9655fb-broker-configuration\") pod \"test-hivemq-platform-1\" (UID: \"3eda3e89-192a-4b0e-b661-8ebebd9655fb\") " pod="helmvolumeclaimtemplatesit/test-hivemq-platform-1"
2025-01-28 23:38:19,709 INFO c.h.h.t.HelmChartContainer - [hivemq-test-hivemq-platform] [hivemq-platform-operator] [e1373b83] 23:38:19.708 [pool-6-thread-37] DEBUG c.h.p.o.d.PodServiceAccountResource - [helmvolu] Desired PodServiceAccountResource (serviceAccountName: hivemq-platform-pod-test-hivemq-platform)
2025-01-28 23:38:19,711 INFO c.h.h.t.HelmChartContainer - [hivemq-test-hivemq-platform] [hivemq-platform-operator] [e1373b83] 23:38:19.709 [pool-6-thread-34] DEBUG c.h.p.o.d.StatefulSetResource - [helmvolu] Desired StatefulSet (3 replicas) for status ROLLING_RESTART (RESTART_PODS_IN_PROGRESS)
2025-01-28 23:38:19,728 INFO c.h.h.t.HelmChartContainer - [hivemq-test-hivemq-platform] [hivemq-platform-operator] [e1373b83] 23:38:19.724 [ReconcilerExecutor-hivemq-controller-150] INFO  c.h.p.o.HiveMQPlatformReconciler - [helmvolu] Reconciling HiveMQ Platform 'test-hivemq-platform' in namespace 'helmvolumeclaimtemplatesit'
2025-01-28 23:38:19,728 INFO c.h.h.t.HelmChartContainer - [hivemq-test-hivemq-platform] [hivemq-platform-operator] [e1373b83] 23:38:19.724 [ReconcilerExecutor-hivemq-controller-150] DEBUG c.h.p.o.HiveMQPlatformReconciler - [helmvolu] Custom Resource Status ROLLING_RESTART - HiveMQ Platform is restarting Pods (rolling restart) (RESTART_PODS_IN_PROGRESS)
2025-01-28 23:38:19,728 INFO c.h.h.t.HelmChartContainer - [hivemq-test-hivemq-platform] [hivemq-platform-operator] [e1373b83] 23:38:19.724 [ReconcilerExecutor-hivemq-controller-150] DEBUG c.h.p.o.HiveMQPlatformReconciler - [helmvolu] Custom Resource Spec (replicas: 2) (extensions: 1)
2025-01-28 23:38:19,728 INFO c.h.h.t.HelmChartContainer - [hivemq-test-hivemq-platform] [hivemq-platform-operator] [e1373b83] 23:38:19.726 [ReconcilerExecutor-hivemq-controller-150] DEBUG c.h.p.o.HiveMQPlatformReconciler - [helmvolu] StatefulSet Status (revision: test-hivemq-platform-59475f86c9, replicas: 3, available: 2, ready: 2, current: 1, updated: 2)
2025-01-28 23:38:19,728 INFO c.h.h.t.HelmChartContainer - [hivemq-test-hivemq-platform] [hivemq-platform-operator] [e1373b83] 23:38:19.726 [ReconcilerExecutor-hivemq-controller-150] DEBUG c.h.p.o.HiveMQPlatformReconciler - [helmvolu] StatefulSet Spec (replicas: 3, init containers: 1, containers: 1, volumes: 4)
2025-01-28 23:38:19,728 INFO c.h.h.t.HelmChartContainer - [hivemq-test-hivemq-platform] [hivemq-platform-operator] [e1373b83] 23:38:19.727 [ReconcilerExecutor-hivemq-controller-150] DEBUG c.h.p.o.h.HiveMQPlatformReconcilerErrorHandler - [helmvolu] Pod 'test-hivemq-platform-2' phase Running
2025-01-28 23:38:19,730 INFO c.h.h.t.HelmChartContainer - [hivemq-test-hivemq-platform] [hivemq-platform-operator] [e1373b83] 23:38:19.728 [ReconcilerExecutor-hivemq-controller-150] DEBUG c.h.p.o.h.HiveMQPlatformReconcilerErrorHandler - [helmvolu] Pod 'test-hivemq-platform-1' phase Pending
2025-01-28 23:38:19,731 INFO c.h.h.t.HelmChartContainer - [hivemq-test-hivemq-platform] [hivemq-platform-operator] [e1373b83] 23:38:19.728 [ReconcilerExecutor-hivemq-controller-150] DEBUG c.h.p.o.h.HiveMQPlatformReconcilerErrorHandler - [helmvolu] Pod 'test-hivemq-platform-1' condition 'PodReadyToStartContainers': False
2025-01-28 23:38:19,731 INFO c.h.h.t.HelmChartContainer - [hivemq-test-hivemq-platform] [hivemq-platform-operator] [e1373b83] 23:38:19.729 [ReconcilerExecutor-hivemq-controller-150] DEBUG c.h.p.o.h.HiveMQPlatformReconcilerErrorHandler - [helmvolu] Pod 'test-hivemq-platform-1' condition 'Initialized': False
2025-01-28 23:38:19,732 INFO c.h.h.t.HelmChartContainer - [hivemq-test-hivemq-platform] [hivemq-platform-operator] [e1373b83] 23:38:19.729 [ReconcilerExecutor-hivemq-controller-150] DEBUG c.h.p.o.h.HiveMQPlatformReconcilerErrorHandler - [helmvolu] Pod 'test-hivemq-platform-1' condition 'Ready': False
2025-01-28 23:38:19,732 INFO c.h.h.t.HelmChartContainer - [hivemq-test-hivemq-platform] [hivemq-platform-operator] [e1373b83] 23:38:19.729 [ReconcilerExecutor-hivemq-controller-150] DEBUG c.h.p.o.h.HiveMQPlatformReconcilerErrorHandler - [helmvolu] Pod 'test-hivemq-platform-1' condition 'ContainersReady': False
2025-01-28 23:38:19,732 INFO c.h.h.t.HelmChartContainer - [hivemq-test-hivemq-platform] [hivemq-platform-operator] [e1373b83] 23:38:19.729 [ReconcilerExecutor-hivemq-controller-150] DEBUG c.h.p.o.h.HiveMQPlatformReconcilerErrorHandler - [helmvolu] Pod 'test-hivemq-platform-1' condition 'PodScheduled': True
2025-01-28 23:38:19,732 INFO c.h.h.t.HelmChartContainer - [hivemq-test-hivemq-platform] [hivemq-platform-operator] [e1373b83] 23:38:19.729 [ReconcilerExecutor-hivemq-controller-150] DEBUG c.h.p.o.h.HiveMQPlatformReconcilerErrorHandler - [helmvolu] Pod 'test-hivemq-platform-1' containerStatus 'hivemq' (started: false) (ready: false) (waiting: [PodInitializing] null)
2025-01-28 23:38:19,732 INFO c.h.h.t.HelmChartContainer - [hivemq-test-hivemq-platform] [hivemq-platform-operator] [e1373b83] 23:38:19.730 [ReconcilerExecutor-hivemq-controller-150] DEBUG c.h.p.o.h.HiveMQPlatformReconcilerErrorHandler - [helmvolu] Pod 'test-hivemq-platform-0' phase Running
2025-01-28 23:38:19,733 INFO c.h.h.t.HelmChartContainer - [hivemq-test-hivemq-platform] [hivemq-platform-operator] [e1373b83] 23:38:19.732 [ReconcilerExecutor-hivemq-controller-150] DEBUG c.h.p.o.h.HiveMQPlatformReconcilerRollingRestartHandler - [helmvolu] Rolling restart is waiting for 2 of 3 replicas
2025-01-28 23:38:19,942 INFO c.h.h.t.HelmChartContainer - [K3S] [kubelet_volumes.go:163] "Cleaned up orphaned pod volumes dir" podUID="2a16c913-ddca-4d99-82ba-49653b2f2dc1" path="/var/lib/kubelet/pods/2a16c913-ddca-4d99-82ba-49653b2f2dc1/volumes"
2025-01-28 23:38:19,951 INFO c.h.h.t.HelmChartContainer - [EVENT] Normal [Pulled] Container image "docker.io/hivemq/hivemq-platform-operator-init-test:snapshot" already present on machine [helmvolumeclaimtemplatesit:test-hivemq-platform-1]
2025-01-28 23:38:19,957 INFO c.h.h.t.HelmChartContainer - [EVENT] Normal [Created] Created container: hivemq-platform-operator-init [helmvolumeclaimtemplatesit:test-hivemq-platform-1]
2025-01-28 23:38:19,976 INFO c.h.h.t.HelmChartContainer - [test-hivemq-platform] [hivemq] [111f66bb] INFO  - [HiveMQ Platform Operator Init App 1.7.0-SNAPSHOT] Returning Health API response 200 for liveness
2025-01-28 23:38:19,995 INFO c.h.h.t.HelmChartContainer - [EVENT] Normal [Started] Started container hivemq-platform-operator-init [helmvolumeclaimtemplatesit:test-hivemq-platform-1]
2025-01-28 23:38:20,503 INFO c.h.h.t.HelmChartContainer - [EVENT] Normal [Pulled] Container image "docker.io/hivemq/hivemq4:4.36.0" already present on machine [helmvolumeclaimtemplatesit:test-hivemq-platform-1]
2025-01-28 23:38:20,503 INFO c.h.h.t.HelmChartContainer - Received Pulled event for container hivemq in pod test-hivemq-platform-1 [3eda3e89-192a-4b0e-b661-8ebebd9655fb]
2025-01-28 23:38:20,516 INFO c.h.h.t.HelmChartContainer - [POD] test-hivemq-platform-1 [3eda3e89-192a-4b0e-b661-8ebebd9655fb] in helmvolumeclaimtemplatesit was MODIFIED
2025-01-28 23:38:20,517 INFO c.h.h.t.HelmChartContainer - [EVENT] Normal [Created] Created container: hivemq [helmvolumeclaimtemplatesit:test-hivemq-platform-1]
2025-01-28 23:38:20,517 INFO c.h.h.t.HelmChartContainer - Received Created event for container hivemq in pod test-hivemq-platform-1 [3eda3e89-192a-4b0e-b661-8ebebd9655fb]
2025-01-28 23:38:20,529 INFO c.h.h.t.HelmChartContainer - [hivemq-test-hivemq-platform] [hivemq-platform-operator] [e1373b83] 23:38:20.522 [pool-6-thread-41] DEBUG c.h.p.o.d.PlatformServiceResource - [helmvolu] Desired Platform services (3 services)
2025-01-28 23:38:20,536 INFO c.h.h.t.HelmChartContainer - [hivemq-test-hivemq-platform] [hivemq-platform-operator] [e1373b83] 23:38:20.525 [pool-6-thread-45] DEBUG c.h.p.o.dependants.PodInfoConfigMap - [helmvolu] Desired PodInfo ConfigMap (1 extensions) (1 enabled)
2025-01-28 23:38:20,536 INFO c.h.h.t.HelmChartContainer - [hivemq-test-hivemq-platform] [hivemq-platform-operator] [e1373b83] 23:38:20.525 [pool-6-thread-45] DEBUG c.h.p.o.dependants.PodInfoConfigMap - [helmvolu] Desired PodInfo ConfigMap (metrics port: 9399) (metrics path: /)
2025-01-28 23:38:20,536 INFO c.h.h.t.HelmChartContainer - [hivemq-test-hivemq-platform] [hivemq-platform-operator] [e1373b83] 23:38:20.525 [pool-6-thread-45] DEBUG c.h.p.o.dependants.PodInfoConfigMap - [helmvolu] Desired PodInfo ConfigMap (extension state hash: -1817474005)
2025-01-28 23:38:20,547 INFO c.h.h.t.HelmChartContainer - [hivemq-test-hivemq-platform] [hivemq-platform-operator] [e1373b83] 23:38:20.527 [pool-6-thread-44] DEBUG c.h.p.o.d.PodServiceAccountResource - [helmvolu] Desired PodServiceAccountResource (serviceAccountName: hivemq-platform-pod-test-hivemq-platform)
2025-01-28 23:38:20,547 INFO c.h.h.t.HelmChartContainer - [hivemq-test-hivemq-platform] [hivemq-platform-operator] [e1373b83] 23:38:20.534 [pool-6-thread-44] DEBUG c.h.p.o.d.StatefulSetResource - [helmvolu] Desired StatefulSet (3 replicas) for status ROLLING_RESTART (RESTART_PODS_IN_PROGRESS)
2025-01-28 23:38:20,547 INFO c.h.h.t.HelmChartContainer - [hivemq-test-hivemq-platform] [hivemq-platform-operator] [e1373b83] 23:38:20.538 [ReconcilerExecutor-hivemq-controller-151] INFO  c.h.p.o.HiveMQPlatformReconciler - [helmvolu] Reconciling HiveMQ Platform 'test-hivemq-platform' in namespace 'helmvolumeclaimtemplatesit'
2025-01-28 23:38:20,547 INFO c.h.h.t.HelmChartContainer - [hivemq-test-hivemq-platform] [hivemq-platform-operator] [e1373b83] 23:38:20.538 [ReconcilerExecutor-hivemq-controller-151] DEBUG c.h.p.o.HiveMQPlatformReconciler - [helmvolu] Custom Resource Status ROLLING_RESTART - HiveMQ Platform is restarting Pods (rolling restart) (RESTART_PODS_IN_PROGRESS)
2025-01-28 23:38:20,547 INFO c.h.h.t.HelmChartContainer - [hivemq-test-hivemq-platform] [hivemq-platform-operator] [e1373b83] 23:38:20.538 [ReconcilerExecutor-hivemq-controller-151] DEBUG c.h.p.o.HiveMQPlatformReconciler - [helmvolu] Custom Resource Spec (replicas: 2) (extensions: 1)
2025-01-28 23:38:20,547 INFO c.h.h.t.HelmChartContainer - [hivemq-test-hivemq-platform] [hivemq-platform-operator] [e1373b83] 23:38:20.540 [ReconcilerExecutor-hivemq-controller-151] DEBUG c.h.p.o.HiveMQPlatformReconciler - [helmvolu] StatefulSet Status (revision: test-hivemq-platform-59475f86c9, replicas: 3, available: 2, ready: 2, current: 1, updated: 2)
2025-01-28 23:38:20,547 INFO c.h.h.t.HelmChartContainer - [hivemq-test-hivemq-platform] [hivemq-platform-operator] [e1373b83] 23:38:20.540 [ReconcilerExecutor-hivemq-controller-151] DEBUG c.h.p.o.HiveMQPlatformReconciler - [helmvolu] StatefulSet Spec (replicas: 3, init containers: 1, containers: 1, volumes: 4)
2025-01-28 23:38:20,549 INFO c.h.h.t.HelmChartContainer - [hivemq-test-hivemq-platform] [hivemq-platform-operator] [e1373b83] 23:38:20.544 [ReconcilerExecutor-hivemq-controller-151] DEBUG c.h.p.o.h.HiveMQPlatformReconcilerErrorHandler - [helmvolu] Pod 'test-hivemq-platform-2' phase Running
2025-01-28 23:38:20,549 INFO c.h.h.t.HelmChartContainer - [hivemq-test-hivemq-platform] [hivemq-platform-operator] [e1373b83] 23:38:20.545 [ReconcilerExecutor-hivemq-controller-151] DEBUG c.h.p.o.h.HiveMQPlatformReconcilerErrorHandler - [helmvolu] Pod 'test-hivemq-platform-1' phase Pending
2025-01-28 23:38:20,549 INFO c.h.h.t.HelmChartContainer - [hivemq-test-hivemq-platform] [hivemq-platform-operator] [e1373b83] 23:38:20.545 [ReconcilerExecutor-hivemq-controller-151] DEBUG c.h.p.o.h.HiveMQPlatformReconcilerErrorHandler - [helmvolu] Pod 'test-hivemq-platform-1' condition 'PodReadyToStartContainers': True
2025-01-28 23:38:20,549 INFO c.h.h.t.HelmChartContainer - [hivemq-test-hivemq-platform] [hivemq-platform-operator] [e1373b83] 23:38:20.545 [ReconcilerExecutor-hivemq-controller-151] DEBUG c.h.p.o.h.HiveMQPlatformReconcilerErrorHandler - [helmvolu] Pod 'test-hivemq-platform-1' condition 'Initialized': True
2025-01-28 23:38:20,549 INFO c.h.h.t.HelmChartContainer - [hivemq-test-hivemq-platform] [hivemq-platform-operator] [e1373b83] 23:38:20.545 [ReconcilerExecutor-hivemq-controller-151] DEBUG c.h.p.o.h.HiveMQPlatformReconcilerErrorHandler - [helmvolu] Pod 'test-hivemq-platform-1' condition 'Ready': False
2025-01-28 23:38:20,549 INFO c.h.h.t.HelmChartContainer - [hivemq-test-hivemq-platform] [hivemq-platform-operator] [e1373b83] 23:38:20.545 [ReconcilerExecutor-hivemq-controller-151] DEBUG c.h.p.o.h.HiveMQPlatformReconcilerErrorHandler - [helmvolu] Pod 'test-hivemq-platform-1' condition 'ContainersReady': False
2025-01-28 23:38:20,549 INFO c.h.h.t.HelmChartContainer - [hivemq-test-hivemq-platform] [hivemq-platform-operator] [e1373b83] 23:38:20.545 [ReconcilerExecutor-hivemq-controller-151] DEBUG c.h.p.o.h.HiveMQPlatformReconcilerErrorHandler - [helmvolu] Pod 'test-hivemq-platform-1' condition 'PodScheduled': True
2025-01-28 23:38:20,549 INFO c.h.h.t.HelmChartContainer - [hivemq-test-hivemq-platform] [hivemq-platform-operator] [e1373b83] 23:38:20.545 [ReconcilerExecutor-hivemq-controller-151] DEBUG c.h.p.o.h.HiveMQPlatformReconcilerErrorHandler - [helmvolu] Pod 'test-hivemq-platform-1' containerStatus 'hivemq' (started: false) (ready: false) (waiting: [PodInitializing] null)
2025-01-28 23:38:20,551 INFO c.h.h.t.HelmChartContainer - [hivemq-test-hivemq-platform] [hivemq-platform-operator] [e1373b83] 23:38:20.546 [ReconcilerExecutor-hivemq-controller-151] DEBUG c.h.p.o.h.HiveMQPlatformReconcilerErrorHandler - [helmvolu] Pod 'test-hivemq-platform-0' phase Running
2025-01-28 23:38:20,551 INFO c.h.h.t.HelmChartContainer - [hivemq-test-hivemq-platform] [hivemq-platform-operator] [e1373b83] 23:38:20.547 [ReconcilerExecutor-hivemq-controller-151] DEBUG c.h.p.o.h.HiveMQPlatformReconcilerRollingRestartHandler - [helmvolu] Rolling restart is waiting for 2 of 3 replicas
2025-01-28 23:38:21,513 INFO c.h.h.t.HelmChartContainer - [POD] test-hivemq-platform-1 [3eda3e89-192a-4b0e-b661-8ebebd9655fb] in helmvolumeclaimtemplatesit was MODIFIED
2025-01-28 23:38:21,522 INFO c.h.h.t.HelmChartContainer - [hivemq-test-hivemq-platform] [hivemq-platform-operator] [e1373b83] 23:38:21.520 [pool-6-thread-3] DEBUG c.h.p.o.d.PlatformServiceResource - [helmvolu] Desired Platform services (3 services)
2025-01-28 23:38:21,522 INFO c.h.h.t.HelmChartContainer - [EVENT] Normal [Started] Started container hivemq [helmvolumeclaimtemplatesit:test-hivemq-platform-1]
2025-01-28 23:38:21,522 INFO c.h.h.t.HelmChartContainer - Received Started event for container hivemq in pod test-hivemq-platform-1 [3eda3e89-192a-4b0e-b661-8ebebd9655fb]
2025-01-28 23:38:21,523 INFO c.h.h.t.HelmChartContainer - Started log watcher for hivemq in pod test-hivemq-platform-1 [3eda3e89-192a-4b0e-b661-8ebebd9655fb]
2025-01-28 23:38:21,523 INFO c.h.h.t.HelmChartContainer - [test-hivemq-platform] [hivemq] [3eda3e89] Adding pre-installed HiveMQ Platform Operator extensions
2025-01-28 23:38:21,523 INFO c.h.h.t.HelmChartContainer - [test-hivemq-platform] [hivemq] [3eda3e89] Running as user 10000
2025-01-28 23:38:21,523 INFO c.h.h.t.HelmChartContainer - [test-hivemq-platform] [hivemq] [3eda3e89] Starting HiveMQ Platform Operator Init
2025-01-28 23:38:21,527 INFO c.h.h.t.HelmChartContainer - [hivemq-test-hivemq-platform] [hivemq-platform-operator] [e1373b83] 23:38:21.525 [pool-6-thread-9] DEBUG c.h.p.o.dependants.PodInfoConfigMap - [helmvolu] Desired PodInfo ConfigMap (1 extensions) (1 enabled)
2025-01-28 23:38:21,528 INFO c.h.h.t.HelmChartContainer - [hivemq-test-hivemq-platform] [hivemq-platform-operator] [e1373b83] 23:38:21.525 [pool-6-thread-9] DEBUG c.h.p.o.dependants.PodInfoConfigMap - [helmvolu] Desired PodInfo ConfigMap (metrics port: 9399) (metrics path: /)
2025-01-28 23:38:21,528 INFO c.h.h.t.HelmChartContainer - [hivemq-test-hivemq-platform] [hivemq-platform-operator] [e1373b83] 23:38:21.525 [pool-6-thread-9] DEBUG c.h.p.o.dependants.PodInfoConfigMap - [helmvolu] Desired PodInfo ConfigMap (extension state hash: -1817474005)
2025-01-28 23:38:21,529 INFO c.h.h.t.HelmChartContainer - [hivemq-test-hivemq-platform] [hivemq-platform-operator] [e1373b83] 23:38:21.529 [pool-6-thread-5] DEBUG c.h.p.o.d.PodServiceAccountResource - [helmvolu] Desired PodServiceAccountResource (serviceAccountName: hivemq-platform-pod-test-hivemq-platform)
2025-01-28 23:38:21,536 INFO c.h.h.t.HelmChartContainer - [hivemq-test-hivemq-platform] [hivemq-platform-operator] [e1373b83] 23:38:21.534 [pool-6-thread-9] DEBUG c.h.p.o.d.StatefulSetResource - [helmvolu] Desired StatefulSet (3 replicas) for status ROLLING_RESTART (RESTART_PODS_IN_PROGRESS)
2025-01-28 23:38:21,541 INFO c.h.h.t.HelmChartContainer - [hivemq-test-hivemq-platform] [hivemq-platform-operator] [e1373b83] 23:38:21.539 [ReconcilerExecutor-hivemq-controller-152] INFO  c.h.p.o.HiveMQPlatformReconciler - [helmvolu] Reconciling HiveMQ Platform 'test-hivemq-platform' in namespace 'helmvolumeclaimtemplatesit'
2025-01-28 23:38:21,541 INFO c.h.h.t.HelmChartContainer - [hivemq-test-hivemq-platform] [hivemq-platform-operator] [e1373b83] 23:38:21.540 [ReconcilerExecutor-hivemq-controller-152] DEBUG c.h.p.o.HiveMQPlatformReconciler - [helmvolu] Custom Resource Status ROLLING_RESTART - HiveMQ Platform is restarting Pods (rolling restart) (RESTART_PODS_IN_PROGRESS)
2025-01-28 23:38:21,541 INFO c.h.h.t.HelmChartContainer - [hivemq-test-hivemq-platform] [hivemq-platform-operator] [e1373b83] 23:38:21.540 [ReconcilerExecutor-hivemq-controller-152] DEBUG c.h.p.o.HiveMQPlatformReconciler - [helmvolu] Custom Resource Spec (replicas: 2) (extensions: 1)
2025-01-28 23:38:21,547 INFO c.h.h.t.HelmChartContainer - [hivemq-test-hivemq-platform] [hivemq-platform-operator] [e1373b83] 23:38:21.542 [ReconcilerExecutor-hivemq-controller-152] DEBUG c.h.p.o.HiveMQPlatformReconciler - [helmvolu] StatefulSet Status (revision: test-hivemq-platform-59475f86c9, replicas: 3, available: 2, ready: 2, current: 1, updated: 2)
2025-01-28 23:38:21,547 INFO c.h.h.t.HelmChartContainer - [hivemq-test-hivemq-platform] [hivemq-platform-operator] [e1373b83] 23:38:21.542 [ReconcilerExecutor-hivemq-controller-152] DEBUG c.h.p.o.HiveMQPlatformReconciler - [helmvolu] StatefulSet Spec (replicas: 3, init containers: 1, containers: 1, volumes: 4)
2025-01-28 23:38:21,547 INFO c.h.h.t.HelmChartContainer - [hivemq-test-hivemq-platform] [hivemq-platform-operator] [e1373b83] 23:38:21.543 [ReconcilerExecutor-hivemq-controller-152] DEBUG c.h.p.o.h.HiveMQPlatformReconcilerErrorHandler - [helmvolu] Pod 'test-hivemq-platform-2' phase Running
2025-01-28 23:38:21,547 INFO c.h.h.t.HelmChartContainer - [hivemq-test-hivemq-platform] [hivemq-platform-operator] [e1373b83] 23:38:21.544 [ReconcilerExecutor-hivemq-controller-152] DEBUG c.h.p.o.h.HiveMQPlatformReconcilerErrorHandler - [helmvolu] Pod 'test-hivemq-platform-1' phase Running
2025-01-28 23:38:21,547 INFO c.h.h.t.HelmChartContainer - [hivemq-test-hivemq-platform] [hivemq-platform-operator] [e1373b83] 23:38:21.545 [ReconcilerExecutor-hivemq-controller-152] DEBUG c.h.p.o.h.HiveMQPlatformReconcilerErrorHandler - [helmvolu] Pod 'test-hivemq-platform-0' phase Running
2025-01-28 23:38:21,548 INFO c.h.h.t.HelmChartContainer - [hivemq-test-hivemq-platform] [hivemq-platform-operator] [e1373b83] 23:38:21.546 [ReconcilerExecutor-hivemq-controller-152] DEBUG c.h.p.o.h.HiveMQPlatformReconcilerRollingRestartHandler - [helmvolu] Rolling restart is waiting for 2 of 3 replicas
2025-01-28 23:38:21,890 INFO c.h.h.t.HelmChartContainer - [test-hivemq-platform] [hivemq] [3eda3e89] INFO  - [HiveMQ Platform Operator Init 1.7.0-SNAPSHOT] HiveMQ Platform Operator Init 1.7.0-SNAPSHOT (commit: bebf408 on branch: HEAD) built on Sun Jan 26 20:47:47 UTC 2025
2025-01-28 23:38:23,087 INFO c.h.h.t.HelmChartContainer - [test-hivemq-platform] [hivemq] [3eda3e89] INFO  - [HiveMQ Platform Operator Init App 1.7.0-SNAPSHOT] Using bind address 10.42.0.14 from environment variable
2025-01-28 23:38:23,989 INFO c.h.h.t.HelmChartContainer - [test-hivemq-platform] [hivemq] [3eda3e89] INFO  - [HiveMQ Platform Operator Init App 1.7.0-SNAPSHOT] HiveMQ Platform Operator Init App 1.7.0-SNAPSHOT (commit: bebf408 on branch: HEAD) built on Sun Jan 26 20:47:47 UTC 2025
2025-01-28 23:38:23,991 INFO c.h.h.t.HelmChartContainer - [test-hivemq-platform] [hivemq] [3eda3e89] INFO  - [HiveMQ Platform Operator Init App 1.7.0-SNAPSHOT] PodInfo ConfigMap directory: /etc/podinfo
2025-01-28 23:38:23,991 INFO c.h.h.t.HelmChartContainer - [test-hivemq-platform] [hivemq] [3eda3e89] INFO  - [HiveMQ Platform Operator Init App 1.7.0-SNAPSHOT] HiveMQ home directory: /opt/hivemq
2025-01-28 23:38:23,991 INFO c.h.h.t.HelmChartContainer - [test-hivemq-platform] [hivemq] [3eda3e89] INFO  - [HiveMQ Platform Operator Init App 1.7.0-SNAPSHOT] HiveMQ Logback folder: /opt/hivemq/conf
2025-01-28 23:38:23,991 INFO c.h.h.t.HelmChartContainer - [test-hivemq-platform] [hivemq] [3eda3e89] INFO  - [HiveMQ Platform Operator Init App 1.7.0-SNAPSHOT] HiveMQ Config folder: /opt/hivemq/conf-k8s
2025-01-28 23:38:23,991 INFO c.h.h.t.HelmChartContainer - [test-hivemq-platform] [hivemq] [3eda3e89] INFO  - [HiveMQ Platform Operator Init App 1.7.0-SNAPSHOT] Starting HiveMQ Platform Operator Init App
2025-01-28 23:38:23,991 INFO c.h.h.t.HelmChartContainer - [test-hivemq-platform] [hivemq] [3eda3e89] INFO  - [HiveMQ Platform Operator Init App 1.7.0-SNAPSHOT] Starting Pod reconciler
2025-01-28 23:38:25,300 INFO c.h.h.t.HelmChartContainer - [test-hivemq-platform] [hivemq] [3eda3e89] INFO  - [HiveMQ Platform Operator Init App 1.7.0-SNAPSHOT] Pod reconciler is scheduled (interval: 5000 ms)
2025-01-28 23:38:25,353 INFO c.h.h.t.HelmChartContainer - [test-hivemq-platform] [hivemq] [3eda3e89] INFO  - [HiveMQ Platform Operator Init App 1.7.0-SNAPSHOT] Starting the REST API on 10.42.0.14:7979
2025-01-28 23:38:25,355 INFO c.h.h.t.HelmChartContainer - [test-hivemq-platform] [hivemq] [3eda3e89] INFO  - [HiveMQ Platform Operator Init App 1.7.0-SNAPSHOT] Waiting up to 600s for at most 3 HiveMQ nodes in cluster service hivemq-test-hivemq-platform-cluster.helmvolumeclaimtemplatesit.svc
2025-01-28 23:38:25,683 INFO c.h.h.t.HelmChartContainer - [test-hivemq-platform] [hivemq] [3eda3e89] INFO  - [HiveMQ Platform Operator Init App 1.7.0-SNAPSHOT] Resolved 3 IP addresses: [10.42.0.14, 10.42.0.9, 10.42.0.13]
2025-01-28 23:38:25,683 INFO c.h.h.t.HelmChartContainer - [test-hivemq-platform] [hivemq] [3eda3e89] INFO  - [HiveMQ Platform Operator Init App 1.7.0-SNAPSHOT] HiveMQ node count of 3 is within threshold of 3
2025-01-28 23:38:25,683 INFO c.h.h.t.HelmChartContainer - [test-hivemq-platform] [hivemq] [3eda3e89] INFO  - [HiveMQ Platform Operator Init App 1.7.0-SNAPSHOT] Waiting 15s for previous shutdown replication to finish...
2025-01-28 23:38:27,513 INFO c.h.h.t.HelmChartContainer - [test-hivemq-platform] [hivemq] [3eda3e89] INFO  - [HiveMQ Platform Operator Init App 1.7.0-SNAPSHOT] Returning default Health API response 503 for readiness
2025-01-28 23:38:27,607 INFO c.h.h.t.HelmChartContainer - [EVENT] Warning [Unhealthy] Readiness probe failed: HTTP probe failed with statuscode: 503 [helmvolumeclaimtemplatesit:test-hivemq-platform-1]
2025-01-28 23:38:27,607 INFO c.h.h.t.HelmChartContainer - Received Unhealthy event for container hivemq in pod test-hivemq-platform-1 [3eda3e89-192a-4b0e-b661-8ebebd9655fb]
2025-01-28 23:38:31,552 INFO c.h.h.t.HelmChartContainer - [hivemq-test-hivemq-platform] [hivemq-platform-operator] [e1373b83] 23:38:31.551 [pool-6-thread-16] DEBUG c.h.p.o.d.PlatformServiceResource - [helmvolu] Desired Platform services (3 services)
2025-01-28 23:38:31,554 INFO c.h.h.t.HelmChartContainer - [hivemq-test-hivemq-platform] [hivemq-platform-operator] [e1373b83] 23:38:31.551 [pool-6-thread-20] DEBUG c.h.p.o.dependants.PodInfoConfigMap - [helmvolu] Desired PodInfo ConfigMap (1 extensions) (1 enabled)
2025-01-28 23:38:31,555 INFO c.h.h.t.HelmChartContainer - [hivemq-test-hivemq-platform] [hivemq-platform-operator] [e1373b83] 23:38:31.551 [pool-6-thread-20] DEBUG c.h.p.o.dependants.PodInfoConfigMap - [helmvolu] Desired PodInfo ConfigMap (metrics port: 9399) (metrics path: /)
2025-01-28 23:38:31,555 INFO c.h.h.t.HelmChartContainer - [hivemq-test-hivemq-platform] [hivemq-platform-operator] [e1373b83] 23:38:31.551 [pool-6-thread-20] DEBUG c.h.p.o.dependants.PodInfoConfigMap - [helmvolu] Desired PodInfo ConfigMap (extension state hash: -1817474005)
2025-01-28 23:38:31,555 INFO c.h.h.t.HelmChartContainer - [hivemq-test-hivemq-platform] [hivemq-platform-operator] [e1373b83] 23:38:31.553 [pool-6-thread-14] DEBUG c.h.p.o.d.PodServiceAccountResource - [helmvolu] Desired PodServiceAccountResource (serviceAccountName: hivemq-platform-pod-test-hivemq-platform)
2025-01-28 23:38:31,557 INFO c.h.h.t.HelmChartContainer - [hivemq-test-hivemq-platform] [hivemq-platform-operator] [e1373b83] 23:38:31.556 [pool-6-thread-16] DEBUG c.h.p.o.d.StatefulSetResource - [helmvolu] Desired StatefulSet (3 replicas) for status ROLLING_RESTART (RESTART_PODS_IN_PROGRESS)
2025-01-28 23:38:31,559 INFO c.h.h.t.HelmChartContainer - [hivemq-test-hivemq-platform] [hivemq-platform-operator] [e1373b83] 23:38:31.558 [ReconcilerExecutor-hivemq-controller-153] INFO  c.h.p.o.HiveMQPlatformReconciler - [helmvolu] Reconciling HiveMQ Platform 'test-hivemq-platform' in namespace 'helmvolumeclaimtemplatesit'
2025-01-28 23:38:31,560 INFO c.h.h.t.HelmChartContainer - [hivemq-test-hivemq-platform] [hivemq-platform-operator] [e1373b83] 23:38:31.559 [ReconcilerExecutor-hivemq-controller-153] DEBUG c.h.p.o.HiveMQPlatformReconciler - [helmvolu] Custom Resource Status ROLLING_RESTART - HiveMQ Platform is restarting Pods (rolling restart) (RESTART_PODS_IN_PROGRESS)
2025-01-28 23:38:31,560 INFO c.h.h.t.HelmChartContainer - [hivemq-test-hivemq-platform] [hivemq-platform-operator] [e1373b83] 23:38:31.559 [ReconcilerExecutor-hivemq-controller-153] DEBUG c.h.p.o.HiveMQPlatformReconciler - [helmvolu] Custom Resource Spec (replicas: 2) (extensions: 1)
2025-01-28 23:38:31,561 INFO c.h.h.t.HelmChartContainer - [hivemq-test-hivemq-platform] [hivemq-platform-operator] [e1373b83] 23:38:31.560 [ReconcilerExecutor-hivemq-controller-153] DEBUG c.h.p.o.HiveMQPlatformReconciler - [helmvolu] StatefulSet Status (revision: test-hivemq-platform-59475f86c9, replicas: 3, available: 2, ready: 2, current: 1, updated: 2)
2025-01-28 23:38:31,561 INFO c.h.h.t.HelmChartContainer - [hivemq-test-hivemq-platform] [hivemq-platform-operator] [e1373b83] 23:38:31.560 [ReconcilerExecutor-hivemq-controller-153] DEBUG c.h.p.o.HiveMQPlatformReconciler - [helmvolu] StatefulSet Spec (replicas: 3, init containers: 1, containers: 1, volumes: 4)
2025-01-28 23:38:31,563 INFO c.h.h.t.HelmChartContainer - [hivemq-test-hivemq-platform] [hivemq-platform-operator] [e1373b83] 23:38:31.561 [ReconcilerExecutor-hivemq-controller-153] DEBUG c.h.p.o.h.HiveMQPlatformReconcilerErrorHandler - [helmvolu] Pod 'test-hivemq-platform-2' phase Running
2025-01-28 23:38:31,565 INFO c.h.h.t.HelmChartContainer - [hivemq-test-hivemq-platform] [hivemq-platform-operator] [e1373b83] 23:38:31.562 [ReconcilerExecutor-hivemq-controller-153] DEBUG c.h.p.o.h.HiveMQPlatformReconcilerErrorHandler - [helmvolu] Pod 'test-hivemq-platform-1' phase Running
2025-01-28 23:38:31,565 INFO c.h.h.t.HelmChartContainer - [hivemq-test-hivemq-platform] [hivemq-platform-operator] [e1373b83] 23:38:31.563 [ReconcilerExecutor-hivemq-controller-153] DEBUG c.h.p.o.h.HiveMQPlatformReconcilerErrorHandler - [helmvolu] Pod 'test-hivemq-platform-0' phase Running
2025-01-28 23:38:31,565 INFO c.h.h.t.HelmChartContainer - [hivemq-test-hivemq-platform] [hivemq-platform-operator] [e1373b83] 23:38:31.563 [ReconcilerExecutor-hivemq-controller-153] DEBUG c.h.p.o.h.HiveMQPlatformReconcilerRollingRestartHandler - [helmvolu] Rolling restart is waiting for 2 of 3 replicas
2025-01-28 23:38:32,510 INFO c.h.h.t.HelmChartContainer - [EVENT] Warning [Unhealthy] Readiness probe failed: HTTP probe failed with statuscode: 503 [helmvolumeclaimtemplatesit:test-hivemq-platform-1]
2025-01-28 23:38:32,510 INFO c.h.h.t.HelmChartContainer - Received Unhealthy event for container hivemq in pod test-hivemq-platform-1 [3eda3e89-192a-4b0e-b661-8ebebd9655fb]
2025-01-28 23:38:32,794 INFO c.h.h.t.HelmChartContainer - [test-hivemq-platform] [hivemq] [3eda3e89] INFO  - [HiveMQ Platform Operator Init App 1.7.0-SNAPSHOT] Updating Pod HiveMQ Platform Operator Init App version annotation (version: 1.7.0-SNAPSHOT)
2025-01-28 23:38:33,197 INFO c.h.h.t.HelmChartContainer - [POD] test-hivemq-platform-1 [3eda3e89-192a-4b0e-b661-8ebebd9655fb] in helmvolumeclaimtemplatesit was MODIFIED
2025-01-28 23:38:33,205 INFO c.h.h.t.HelmChartContainer - [EVENT] Warning [Unhealthy] Readiness probe failed: HTTP probe failed with statuscode: 503 [helmvolumeclaimtemplatesit:test-hivemq-platform-1]
2025-01-28 23:38:33,205 INFO c.h.h.t.HelmChartContainer - Received Unhealthy event for container hivemq in pod test-hivemq-platform-1 [3eda3e89-192a-4b0e-b661-8ebebd9655fb]
2025-01-28 23:38:33,210 INFO c.h.h.t.HelmChartContainer - [test-hivemq-platform] [hivemq] [3eda3e89] INFO  - [HiveMQ Platform Operator Init App 1.7.0-SNAPSHOT] Successfully updated Pod HiveMQ Platform Operator Init App version annotation (version: 1.7.0-SNAPSHOT)
2025-01-28 23:38:33,211 INFO c.h.h.t.HelmChartContainer - [hivemq-test-hivemq-platform] [hivemq-platform-operator] [e1373b83] 23:38:33.206 [pool-6-thread-26] DEBUG c.h.p.o.d.PodServiceAccountResource - [helmvolu] Desired PodServiceAccountResource (serviceAccountName: hivemq-platform-pod-test-hivemq-platform)
2025-01-28 23:38:33,211 INFO c.h.h.t.HelmChartContainer - [hivemq-test-hivemq-platform] [hivemq-platform-operator] [e1373b83] 23:38:33.206 [pool-6-thread-30] DEBUG c.h.p.o.d.PlatformServiceResource - [helmvolu] Desired Platform services (3 services)
2025-01-28 23:38:33,211 INFO c.h.h.t.HelmChartContainer - [hivemq-test-hivemq-platform] [hivemq-platform-operator] [e1373b83] 23:38:33.206 [pool-6-thread-28] DEBUG c.h.p.o.dependants.PodInfoConfigMap - [helmvolu] Desired PodInfo ConfigMap (1 extensions) (1 enabled)
2025-01-28 23:38:33,211 INFO c.h.h.t.HelmChartContainer - [hivemq-test-hivemq-platform] [hivemq-platform-operator] [e1373b83] 23:38:33.207 [pool-6-thread-28] DEBUG c.h.p.o.dependants.PodInfoConfigMap - [helmvolu] Desired PodInfo ConfigMap (metrics port: 9399) (metrics path: /)
2025-01-28 23:38:33,211 INFO c.h.h.t.HelmChartContainer - [hivemq-test-hivemq-platform] [hivemq-platform-operator] [e1373b83] 23:38:33.208 [pool-6-thread-28] DEBUG c.h.p.o.dependants.PodInfoConfigMap - [helmvolu] Desired PodInfo ConfigMap (extension state hash: -1817474005)
2025-01-28 23:38:33,211 INFO c.h.h.t.HelmChartContainer - [hivemq-test-hivemq-platform] [hivemq-platform-operator] [e1373b83] 23:38:33.210 [pool-6-thread-30] DEBUG c.h.p.o.d.StatefulSetResource - [helmvolu] Desired StatefulSet (3 replicas) for status ROLLING_RESTART (RESTART_PODS_IN_PROGRESS)
2025-01-28 23:38:33,215 INFO c.h.h.t.HelmChartContainer - [hivemq-test-hivemq-platform] [hivemq-platform-operator] [e1373b83] 23:38:33.213 [ReconcilerExecutor-hivemq-controller-154] INFO  c.h.p.o.HiveMQPlatformReconciler - [helmvolu] Reconciling HiveMQ Platform 'test-hivemq-platform' in namespace 'helmvolumeclaimtemplatesit'
2025-01-28 23:38:33,216 INFO c.h.h.t.HelmChartContainer - [hivemq-test-hivemq-platform] [hivemq-platform-operator] [e1373b83] 23:38:33.213 [ReconcilerExecutor-hivemq-controller-154] DEBUG c.h.p.o.HiveMQPlatformReconciler - [helmvolu] Custom Resource Status ROLLING_RESTART - HiveMQ Platform is restarting Pods (rolling restart) (RESTART_PODS_IN_PROGRESS)
2025-01-28 23:38:33,216 INFO c.h.h.t.HelmChartContainer - [hivemq-test-hivemq-platform] [hivemq-platform-operator] [e1373b83] 23:38:33.213 [ReconcilerExecutor-hivemq-controller-154] DEBUG c.h.p.o.HiveMQPlatformReconciler - [helmvolu] Custom Resource Spec (replicas: 2) (extensions: 1)
2025-01-28 23:38:33,217 INFO c.h.h.t.HelmChartContainer - [hivemq-test-hivemq-platform] [hivemq-platform-operator] [e1373b83] 23:38:33.214 [ReconcilerExecutor-hivemq-controller-154] DEBUG c.h.p.o.HiveMQPlatformReconciler - [helmvolu] StatefulSet Status (revision: test-hivemq-platform-59475f86c9, replicas: 3, available: 2, ready: 2, current: 1, updated: 2)
2025-01-28 23:38:33,217 INFO c.h.h.t.HelmChartContainer - [hivemq-test-hivemq-platform] [hivemq-platform-operator] [e1373b83] 23:38:33.214 [ReconcilerExecutor-hivemq-controller-154] DEBUG c.h.p.o.HiveMQPlatformReconciler - [helmvolu] StatefulSet Spec (replicas: 3, init containers: 1, containers: 1, volumes: 4)
2025-01-28 23:38:33,217 INFO c.h.h.t.HelmChartContainer - [hivemq-test-hivemq-platform] [hivemq-platform-operator] [e1373b83] 23:38:33.215 [ReconcilerExecutor-hivemq-controller-154] DEBUG c.h.p.o.h.HiveMQPlatformReconcilerErrorHandler - [helmvolu] Pod 'test-hivemq-platform-2' phase Running
2025-01-28 23:38:33,218 INFO c.h.h.t.HelmChartContainer - [hivemq-test-hivemq-platform] [hivemq-platform-operator] [e1373b83] 23:38:33.217 [ReconcilerExecutor-hivemq-controller-154] DEBUG c.h.p.o.h.HiveMQPlatformReconcilerErrorHandler - [helmvolu] Pod 'test-hivemq-platform-1' phase Running
2025-01-28 23:38:33,219 INFO c.h.h.t.HelmChartContainer - [hivemq-test-hivemq-platform] [hivemq-platform-operator] [e1373b83] 23:38:33.218 [ReconcilerExecutor-hivemq-controller-154] DEBUG c.h.p.o.h.HiveMQPlatformReconcilerErrorHandler - [helmvolu] Pod 'test-hivemq-platform-0' phase Running
2025-01-28 23:38:33,219 INFO c.h.h.t.HelmChartContainer - [hivemq-test-hivemq-platform] [hivemq-platform-operator] [e1373b83] 23:38:33.218 [ReconcilerExecutor-hivemq-controller-154] DEBUG c.h.p.o.h.HiveMQPlatformReconcilerRollingRestartHandler - [helmvolu] Rolling restart is waiting for 2 of 3 replicas
2025-01-28 23:38:38,200 INFO c.h.h.t.HelmChartContainer - [EVENT] Warning [Unhealthy] Readiness probe failed: HTTP probe failed with statuscode: 503 [helmvolumeclaimtemplatesit:test-hivemq-platform-1]
2025-01-28 23:38:38,200 INFO c.h.h.t.HelmChartContainer - Received Unhealthy event for container hivemq in pod test-hivemq-platform-1 [3eda3e89-192a-4b0e-b661-8ebebd9655fb]
2025-01-28 23:38:40,683 INFO c.h.h.t.HelmChartContainer - [test-hivemq-platform] [hivemq] [3eda3e89] INFO  - [HiveMQ Platform Operator Init App 1.7.0-SNAPSHOT] Proceeding with container start
2025-01-28 23:38:40,686 INFO c.h.h.t.HelmChartContainer - [test-hivemq-platform] [hivemq] [3eda3e89] INFO  - [HiveMQ Platform Operator Init App 1.7.0-SNAPSHOT] Initializing HiveMQ Platform extensions with initial configuration: {hivemq-allow-all-extension={start-priority=-1, skip-https-hostname-verification=false, restart=true, config-version=0, header-version=0, c-uri=, priority=-1, uri=preinstalled, skip-https-certificate-validation=false, enabled=true}, hivemq-prometheus-extension={skip-https-hostname-verification=false, skip-https-certificate-validation=false, uri=preinstalled, request-header-path=no-request-headers, enabled=true, restart=true, priority=-1, start-priority=-1, c-uri=}}
2025-01-28 23:38:41,091 INFO c.h.h.t.HelmChartContainer - [test-hivemq-platform] [hivemq] [3eda3e89] INFO  - [HiveMQ Platform Operator Init App 1.7.0-SNAPSHOT] Extension hivemq-allow-all-extension was already enabled
2025-01-28 23:38:41,102 INFO c.h.h.t.HelmChartContainer - [test-hivemq-platform] [hivemq] [3eda3e89] INFO  - [HiveMQ Platform Operator Init App 1.7.0-SNAPSHOT] Successfully enabled extension hivemq-prometheus-extension
2025-01-28 23:38:41,181 INFO c.h.h.t.HelmChartContainer - [test-hivemq-platform] [hivemq] [3eda3e89] INFO  - [HiveMQ Platform Operator Init App 1.7.0-SNAPSHOT] Starting HiveMQ Platform version 4.36.0 (4.36.0)
2025-01-28 23:38:41,181 INFO c.h.h.t.HelmChartContainer - [test-hivemq-platform] [hivemq] [3eda3e89] INFO  - [HiveMQ Platform Operator Init App 1.7.0-SNAPSHOT] Configuring the HiveMQ Platform
2025-01-28 23:38:41,188 INFO c.h.h.t.HelmChartContainer - [test-hivemq-platform] [hivemq] [3eda3e89] INFO  - [HiveMQ Platform Operator Init App 1.7.0-SNAPSHOT] Changed logback.xml file scan period to 20 seconds
2025-01-28 23:38:41,286 INFO c.h.h.t.HelmChartContainer - [test-hivemq-platform] [hivemq] [3eda3e89] INFO  - [HiveMQ Platform Operator Init App 1.7.0-SNAPSHOT] Starting the HiveMQ Platform
2025-01-28 23:38:41,288 INFO c.h.h.t.HelmChartContainer - [test-hivemq-platform] [hivemq] [3eda3e89] -------------------------------------------------------------------------
2025-01-28 23:38:41,290 INFO c.h.h.t.HelmChartContainer - [test-hivemq-platform] [hivemq] [3eda3e89] 
2025-01-28 23:38:41,290 INFO c.h.h.t.HelmChartContainer - [test-hivemq-platform] [hivemq] [3eda3e89]                   _    _  _              __  __   ____
2025-01-28 23:38:41,290 INFO c.h.h.t.HelmChartContainer - [test-hivemq-platform] [hivemq] [3eda3e89]                  | |  | |(_)            |  \/  | / __ \
2025-01-28 23:38:41,290 INFO c.h.h.t.HelmChartContainer - [test-hivemq-platform] [hivemq] [3eda3e89]                  | |__| | _ __   __ ___ | \  / || |  | |
2025-01-28 23:38:41,290 INFO c.h.h.t.HelmChartContainer - [test-hivemq-platform] [hivemq] [3eda3e89]                  |  __  || |\ \ / // _ \| |\/| || |  | |
2025-01-28 23:38:41,290 INFO c.h.h.t.HelmChartContainer - [test-hivemq-platform] [hivemq] [3eda3e89]                  | |  | || | \ V /|  __/| |  | || |__| |
2025-01-28 23:38:41,290 INFO c.h.h.t.HelmChartContainer - [test-hivemq-platform] [hivemq] [3eda3e89]                  |_|  |_||_|  \_/  \___||_|  |_| \___\_\
2025-01-28 23:38:41,290 INFO c.h.h.t.HelmChartContainer - [test-hivemq-platform] [hivemq] [3eda3e89] 
2025-01-28 23:38:41,290 INFO c.h.h.t.HelmChartContainer - [test-hivemq-platform] [hivemq] [3eda3e89] -------------------------------------------------------------------------
2025-01-28 23:38:41,290 INFO c.h.h.t.HelmChartContainer - [test-hivemq-platform] [hivemq] [3eda3e89] 
2025-01-28 23:38:41,290 INFO c.h.h.t.HelmChartContainer - [test-hivemq-platform] [hivemq] [3eda3e89]   HiveMQ Start Script for Linux/Unix v1.14
2025-01-28 23:38:41,290 INFO c.h.h.t.HelmChartContainer - [test-hivemq-platform] [hivemq] [3eda3e89] 
2025-01-28 23:38:41,393 INFO c.h.h.t.HelmChartContainer - [test-hivemq-platform] [hivemq] [3eda3e89] -------------------------------------------------------------------------
2025-01-28 23:38:41,394 INFO c.h.h.t.HelmChartContainer - [test-hivemq-platform] [hivemq] [3eda3e89] 
2025-01-28 23:38:41,394 INFO c.h.h.t.HelmChartContainer - [test-hivemq-platform] [hivemq] [3eda3e89]   HIVEMQ_HOME: /opt/hivemq
2025-01-28 23:38:41,394 INFO c.h.h.t.HelmChartContainer - [test-hivemq-platform] [hivemq] [3eda3e89] 
2025-01-28 23:38:41,394 INFO c.h.h.t.HelmChartContainer - [test-hivemq-platform] [hivemq] [3eda3e89]   JAVA_OPTS: -XX:+UnlockExperimentalVMOptions -XX:InitialRAMPercentage=50 -XX:MaxRAMPercentage=50 -Djava.net.preferIPv4Stack=true --add-opens java.base/java.lang=ALL-UNNAMED --add-opens java.base/java.nio=ALL-UNNAMED --add-opens java.base/sun.nio.ch=ALL-UNNAMED --add-opens jdk.management/com.sun.management.internal=ALL-UNNAMED --add-exports java.base/jdk.internal.misc=ALL-UNNAMED -Djava.security.egd=file:/dev/./urandom -Dcom.sun.management.jmxremote -Dcom.sun.management.jmxremote.port=9010 -Dcom.sun.management.jmxremote.local.only=false -Dcom.sun.management.jmxremote.authenticate=false -Dcom.sun.management.jmxremote.ssl=false -Duser.language=en -Duser.region=US -XX:+CrashOnOutOfMemoryError -XX:+HeapDumpOnOutOfMemoryError
2025-01-28 23:38:41,394 INFO c.h.h.t.HelmChartContainer - [test-hivemq-platform] [hivemq] [3eda3e89] 
2025-01-28 23:38:41,394 INFO c.h.h.t.HelmChartContainer - [test-hivemq-platform] [hivemq] [3eda3e89]   JAVA_VERSION: 21
2025-01-28 23:38:41,394 INFO c.h.h.t.HelmChartContainer - [test-hivemq-platform] [hivemq] [3eda3e89] 
2025-01-28 23:38:41,394 INFO c.h.h.t.HelmChartContainer - [test-hivemq-platform] [hivemq] [3eda3e89] -------------------------------------------------------------------------
2025-01-28 23:38:41,394 INFO c.h.h.t.HelmChartContainer - [test-hivemq-platform] [hivemq] [3eda3e89] 
2025-01-28 23:38:43,223 INFO c.h.h.t.HelmChartContainer - [hivemq-test-hivemq-platform] [hivemq-platform-operator] [e1373b83] 23:38:43.221 [pool-6-thread-36] DEBUG c.h.p.o.d.PlatformServiceResource - [helmvolu] Desired Platform services (3 services)
2025-01-28 23:38:43,224 INFO c.h.h.t.HelmChartContainer - [hivemq-test-hivemq-platform] [hivemq-platform-operator] [e1373b83] 23:38:43.221 [pool-6-thread-40] DEBUG c.h.p.o.dependants.PodInfoConfigMap - [helmvolu] Desired PodInfo ConfigMap (1 extensions) (1 enabled)
2025-01-28 23:38:43,224 INFO c.h.h.t.HelmChartContainer - [hivemq-test-hivemq-platform] [hivemq-platform-operator] [e1373b83] 23:38:43.221 [pool-6-thread-40] DEBUG c.h.p.o.dependants.PodInfoConfigMap - [helmvolu] Desired PodInfo ConfigMap (metrics port: 9399) (metrics path: /)
2025-01-28 23:38:43,224 INFO c.h.h.t.HelmChartContainer - [hivemq-test-hivemq-platform] [hivemq-platform-operator] [e1373b83] 23:38:43.221 [pool-6-thread-40] DEBUG c.h.p.o.dependants.PodInfoConfigMap - [helmvolu] Desired PodInfo ConfigMap (extension state hash: -1817474005)
2025-01-28 23:38:43,224 INFO c.h.h.t.HelmChartContainer - [hivemq-test-hivemq-platform] [hivemq-platform-operator] [e1373b83] 23:38:43.222 [pool-6-thread-40] DEBUG c.h.p.o.d.PodServiceAccountResource - [helmvolu] Desired PodServiceAccountResource (serviceAccountName: hivemq-platform-pod-test-hivemq-platform)
2025-01-28 23:38:43,225 INFO c.h.h.t.HelmChartContainer - [hivemq-test-hivemq-platform] [hivemq-platform-operator] [e1373b83] 23:38:43.224 [pool-6-thread-36] DEBUG c.h.p.o.d.StatefulSetResource - [helmvolu] Desired StatefulSet (3 replicas) for status ROLLING_RESTART (RESTART_PODS_IN_PROGRESS)
2025-01-28 23:38:43,230 INFO c.h.h.t.HelmChartContainer - [hivemq-test-hivemq-platform] [hivemq-platform-operator] [e1373b83] 23:38:43.227 [ReconcilerExecutor-hivemq-controller-155] INFO  c.h.p.o.HiveMQPlatformReconciler - [helmvolu] Reconciling HiveMQ Platform 'test-hivemq-platform' in namespace 'helmvolumeclaimtemplatesit'
2025-01-28 23:38:43,230 INFO c.h.h.t.HelmChartContainer - [hivemq-test-hivemq-platform] [hivemq-platform-operator] [e1373b83] 23:38:43.227 [ReconcilerExecutor-hivemq-controller-155] DEBUG c.h.p.o.HiveMQPlatformReconciler - [helmvolu] Custom Resource Status ROLLING_RESTART - HiveMQ Platform is restarting Pods (rolling restart) (RESTART_PODS_IN_PROGRESS)
2025-01-28 23:38:43,230 INFO c.h.h.t.HelmChartContainer - [hivemq-test-hivemq-platform] [hivemq-platform-operator] [e1373b83] 23:38:43.227 [ReconcilerExecutor-hivemq-controller-155] DEBUG c.h.p.o.HiveMQPlatformReconciler - [helmvolu] Custom Resource Spec (replicas: 2) (extensions: 1)
2025-01-28 23:38:43,230 INFO c.h.h.t.HelmChartContainer - [hivemq-test-hivemq-platform] [hivemq-platform-operator] [e1373b83] 23:38:43.228 [ReconcilerExecutor-hivemq-controller-155] DEBUG c.h.p.o.HiveMQPlatformReconciler - [helmvolu] StatefulSet Status (revision: test-hivemq-platform-59475f86c9, replicas: 3, available: 2, ready: 2, current: 1, updated: 2)
2025-01-28 23:38:43,230 INFO c.h.h.t.HelmChartContainer - [hivemq-test-hivemq-platform] [hivemq-platform-operator] [e1373b83] 23:38:43.228 [ReconcilerExecutor-hivemq-controller-155] DEBUG c.h.p.o.HiveMQPlatformReconciler - [helmvolu] StatefulSet Spec (replicas: 3, init containers: 1, containers: 1, volumes: 4)
2025-01-28 23:38:43,231 INFO c.h.h.t.HelmChartContainer - [hivemq-test-hivemq-platform] [hivemq-platform-operator] [e1373b83] 23:38:43.230 [ReconcilerExecutor-hivemq-controller-155] DEBUG c.h.p.o.h.HiveMQPlatformReconcilerErrorHandler - [helmvolu] Pod 'test-hivemq-platform-2' phase Running
2025-01-28 23:38:43,232 INFO c.h.h.t.HelmChartContainer - [hivemq-test-hivemq-platform] [hivemq-platform-operator] [e1373b83] 23:38:43.232 [ReconcilerExecutor-hivemq-controller-155] DEBUG c.h.p.o.h.HiveMQPlatformReconcilerErrorHandler - [helmvolu] Pod 'test-hivemq-platform-1' phase Running
2025-01-28 23:38:43,234 INFO c.h.h.t.HelmChartContainer - [hivemq-test-hivemq-platform] [hivemq-platform-operator] [e1373b83] 23:38:43.233 [ReconcilerExecutor-hivemq-controller-155] DEBUG c.h.p.o.h.HiveMQPlatformReconcilerErrorHandler - [helmvolu] Pod 'test-hivemq-platform-0' phase Running
2025-01-28 23:38:43,235 INFO c.h.h.t.HelmChartContainer - [hivemq-test-hivemq-platform] [hivemq-platform-operator] [e1373b83] 23:38:43.233 [ReconcilerExecutor-hivemq-controller-155] DEBUG c.h.p.o.h.HiveMQPlatformReconcilerRollingRestartHandler - [helmvolu] Rolling restart is waiting for 2 of 3 replicas
2025-01-28 23:38:43,286 INFO c.h.h.t.HelmChartContainer - [EVENT] Warning [Unhealthy] Readiness probe failed: HTTP probe failed with statuscode: 503 [helmvolumeclaimtemplatesit:test-hivemq-platform-1]
2025-01-28 23:38:43,286 INFO c.h.h.t.HelmChartContainer - Received Unhealthy event for container hivemq in pod test-hivemq-platform-1 [3eda3e89-192a-4b0e-b661-8ebebd9655fb]
2025-01-28 23:38:43,887 INFO c.h.h.t.HelmChartContainer - [test-hivemq-platform] [hivemq] [3eda3e89] INFO  - Starting HiveMQ Enterprise Server
2025-01-28 23:38:43,893 INFO c.h.h.t.HelmChartContainer - [test-hivemq-platform] [hivemq] [3eda3e89] INFO  - HiveMQ version: 4.36.0
2025-01-28 23:38:43,894 INFO c.h.h.t.HelmChartContainer - [test-hivemq-platform] [hivemq] [3eda3e89] INFO  - HiveMQ home directory: /opt/hivemq
2025-01-28 23:38:43,894 INFO c.h.h.t.HelmChartContainer - [test-hivemq-platform] [hivemq] [3eda3e89] INFO  - Log Configuration was overridden by /opt/hivemq/conf/logback.xml
2025-01-28 23:38:45,100 INFO c.h.h.t.HelmChartContainer - [test-hivemq-platform] [hivemq] [3eda3e89] INFO  - Successfully loaded configuration from '/opt/hivemq/conf-k8s/config.xml'.
2025-01-28 23:38:45,486 INFO c.h.h.t.HelmChartContainer - [test-hivemq-platform] [hivemq] [3eda3e89] INFO  - This node's ID is k4eNn
2025-01-28 23:38:45,797 INFO c.h.h.t.HelmChartContainer - [test-hivemq-platform] [hivemq] [3eda3e89] INFO  - Clustering is enabled
2025-01-28 23:38:48,581 INFO c.h.h.t.HelmChartContainer - [test-hivemq-platform] [hivemq] [3eda3e89] WARN  - [HiveMQ Platform Operator Init App 1.7.0-SNAPSHOT] Cannot connect to Health API for readiness: null
2025-01-28 23:38:48,588 INFO c.h.h.t.HelmChartContainer - [EVENT] Warning [Unhealthy] Readiness probe failed: HTTP probe failed with statuscode: 503 [helmvolumeclaimtemplatesit:test-hivemq-platform-1]
2025-01-28 23:38:48,589 INFO c.h.h.t.HelmChartContainer - Received Unhealthy event for container hivemq in pod test-hivemq-platform-1 [3eda3e89-192a-4b0e-b661-8ebebd9655fb]
2025-01-28 23:38:49,882 INFO c.h.h.t.HelmChartContainer - [test-hivemq-platform] [hivemq] [3eda3e89] WARN  - [HiveMQ Platform Operator Init App 1.7.0-SNAPSHOT] Cannot connect to Health API for liveness: null
2025-01-28 23:38:49,882 INFO c.h.h.t.HelmChartContainer - [test-hivemq-platform] [hivemq] [3eda3e89] INFO  - [HiveMQ Platform Operator Init App 1.7.0-SNAPSHOT] Returning default Health API response 200 for liveness
2025-01-28 23:38:53,239 INFO c.h.h.t.HelmChartContainer - [hivemq-test-hivemq-platform] [hivemq-platform-operator] [e1373b83] 23:38:53.237 [pool-6-thread-45] DEBUG c.h.p.o.d.PodServiceAccountResource - [helmvolu] Desired PodServiceAccountResource (serviceAccountName: hivemq-platform-pod-test-hivemq-platform)
2025-01-28 23:38:53,239 INFO c.h.h.t.HelmChartContainer - [hivemq-test-hivemq-platform] [hivemq-platform-operator] [e1373b83] 23:38:53.237 [pool-6-thread-47] DEBUG c.h.p.o.d.PlatformServiceResource - [helmvolu] Desired Platform services (3 services)
2025-01-28 23:38:53,239 INFO c.h.h.t.HelmChartContainer - [hivemq-test-hivemq-platform] [hivemq-platform-operator] [e1373b83] 23:38:53.237 [pool-6-thread-43] DEBUG c.h.p.o.dependants.PodInfoConfigMap - [helmvolu] Desired PodInfo ConfigMap (1 extensions) (1 enabled)
2025-01-28 23:38:53,239 INFO c.h.h.t.HelmChartContainer - [hivemq-test-hivemq-platform] [hivemq-platform-operator] [e1373b83] 23:38:53.237 [pool-6-thread-43] DEBUG c.h.p.o.dependants.PodInfoConfigMap - [helmvolu] Desired PodInfo ConfigMap (metrics port: 9399) (metrics path: /)
2025-01-28 23:38:53,239 INFO c.h.h.t.HelmChartContainer - [hivemq-test-hivemq-platform] [hivemq-platform-operator] [e1373b83] 23:38:53.237 [pool-6-thread-43] DEBUG c.h.p.o.dependants.PodInfoConfigMap - [helmvolu] Desired PodInfo ConfigMap (extension state hash: -1817474005)
2025-01-28 23:38:53,241 INFO c.h.h.t.HelmChartContainer - [hivemq-test-hivemq-platform] [hivemq-platform-operator] [e1373b83] 23:38:53.240 [pool-6-thread-47] DEBUG c.h.p.o.d.StatefulSetResource - [helmvolu] Desired StatefulSet (3 replicas) for status ROLLING_RESTART (RESTART_PODS_IN_PROGRESS)
2025-01-28 23:38:53,245 INFO c.h.h.t.HelmChartContainer - [hivemq-test-hivemq-platform] [hivemq-platform-operator] [e1373b83] 23:38:53.244 [ReconcilerExecutor-hivemq-controller-53] INFO  c.h.p.o.HiveMQPlatformReconciler - [helmvolu] Reconciling HiveMQ Platform 'test-hivemq-platform' in namespace 'helmvolumeclaimtemplatesit'
2025-01-28 23:38:53,245 INFO c.h.h.t.HelmChartContainer - [hivemq-test-hivemq-platform] [hivemq-platform-operator] [e1373b83] 23:38:53.244 [ReconcilerExecutor-hivemq-controller-53] DEBUG c.h.p.o.HiveMQPlatformReconciler - [helmvolu] Custom Resource Status ROLLING_RESTART - HiveMQ Platform is restarting Pods (rolling restart) (RESTART_PODS_IN_PROGRESS)
2025-01-28 23:38:53,245 INFO c.h.h.t.HelmChartContainer - [hivemq-test-hivemq-platform] [hivemq-platform-operator] [e1373b83] 23:38:53.244 [ReconcilerExecutor-hivemq-controller-53] DEBUG c.h.p.o.HiveMQPlatformReconciler - [helmvolu] Custom Resource Spec (replicas: 2) (extensions: 1)
2025-01-28 23:38:53,246 INFO c.h.h.t.HelmChartContainer - [hivemq-test-hivemq-platform] [hivemq-platform-operator] [e1373b83] 23:38:53.245 [ReconcilerExecutor-hivemq-controller-53] DEBUG c.h.p.o.HiveMQPlatformReconciler - [helmvolu] StatefulSet Status (revision: test-hivemq-platform-59475f86c9, replicas: 3, available: 2, ready: 2, current: 1, updated: 2)
2025-01-28 23:38:53,246 INFO c.h.h.t.HelmChartContainer - [hivemq-test-hivemq-platform] [hivemq-platform-operator] [e1373b83] 23:38:53.245 [ReconcilerExecutor-hivemq-controller-53] DEBUG c.h.p.o.HiveMQPlatformReconciler - [helmvolu] StatefulSet Spec (replicas: 3, init containers: 1, containers: 1, volumes: 4)
2025-01-28 23:38:53,247 INFO c.h.h.t.HelmChartContainer - [hivemq-test-hivemq-platform] [hivemq-platform-operator] [e1373b83] 23:38:53.246 [ReconcilerExecutor-hivemq-controller-53] DEBUG c.h.p.o.h.HiveMQPlatformReconcilerErrorHandler - [helmvolu] Pod 'test-hivemq-platform-2' phase Running
2025-01-28 23:38:53,248 INFO c.h.h.t.HelmChartContainer - [hivemq-test-hivemq-platform] [hivemq-platform-operator] [e1373b83] 23:38:53.247 [ReconcilerExecutor-hivemq-controller-53] DEBUG c.h.p.o.h.HiveMQPlatformReconcilerErrorHandler - [helmvolu] Pod 'test-hivemq-platform-1' phase Running
2025-01-28 23:38:53,249 INFO c.h.h.t.HelmChartContainer - [hivemq-test-hivemq-platform] [hivemq-platform-operator] [e1373b83] 23:38:53.248 [ReconcilerExecutor-hivemq-controller-53] DEBUG c.h.p.o.h.HiveMQPlatformReconcilerErrorHandler - [helmvolu] Pod 'test-hivemq-platform-0' phase Running
2025-01-28 23:38:53,249 INFO c.h.h.t.HelmChartContainer - [hivemq-test-hivemq-platform] [hivemq-platform-operator] [e1373b83] 23:38:53.248 [ReconcilerExecutor-hivemq-controller-53] DEBUG c.h.p.o.h.HiveMQPlatformReconcilerRollingRestartHandler - [helmvolu] Rolling restart is waiting for 2 of 3 replicas
2025-01-28 23:38:53,282 INFO c.h.h.t.HelmChartContainer - [test-hivemq-platform] [hivemq] [3eda3e89] WARN  - [HiveMQ Platform Operator Init App 1.7.0-SNAPSHOT] Cannot connect to Health API for readiness: null
2025-01-28 23:38:53,286 INFO c.h.h.t.HelmChartContainer - [EVENT] Warning [Unhealthy] Readiness probe failed: HTTP probe failed with statuscode: 503 [helmvolumeclaimtemplatesit:test-hivemq-platform-1]
2025-01-28 23:38:53,286 INFO c.h.h.t.HelmChartContainer - Received Unhealthy event for container hivemq in pod test-hivemq-platform-1 [3eda3e89-192a-4b0e-b661-8ebebd9655fb]
2025-01-28 23:38:58,254 INFO c.h.h.t.HelmChartContainer - [test-hivemq-platform] [hivemq] [3eda3e89] WARN  - [HiveMQ Platform Operator Init App 1.7.0-SNAPSHOT] Cannot connect to Health API for readiness: null
2025-01-28 23:38:58,258 INFO c.h.h.t.HelmChartContainer - [EVENT] Warning [Unhealthy] Readiness probe failed: HTTP probe failed with statuscode: 503 [helmvolumeclaimtemplatesit:test-hivemq-platform-1]
2025-01-28 23:38:58,258 INFO c.h.h.t.HelmChartContainer - Received Unhealthy event for container hivemq in pod test-hivemq-platform-1 [3eda3e89-192a-4b0e-b661-8ebebd9655fb]
2025-01-28 23:38:59,979 INFO c.h.h.t.HelmChartContainer - [test-hivemq-platform] [hivemq] [3eda3e89] INFO  - No valid license file found. Using trial license, restricted to 25 connections.
2025-01-28 23:39:03,254 INFO c.h.h.t.HelmChartContainer - [hivemq-test-hivemq-platform] [hivemq-platform-operator] [e1373b83] 23:39:03.252 [pool-6-thread-7] DEBUG c.h.p.o.d.PodServiceAccountResource - [helmvolu] Desired PodServiceAccountResource (serviceAccountName: hivemq-platform-pod-test-hivemq-platform)
2025-01-28 23:39:03,255 INFO c.h.h.t.HelmChartContainer - [hivemq-test-hivemq-platform] [hivemq-platform-operator] [e1373b83] 23:39:03.253 [pool-6-thread-10] DEBUG c.h.p.o.d.PlatformServiceResource - [helmvolu] Desired Platform services (3 services)
2025-01-28 23:39:03,257 INFO c.h.h.t.HelmChartContainer - [hivemq-test-hivemq-platform] [hivemq-platform-operator] [e1373b83] 23:39:03.254 [pool-6-thread-5] DEBUG c.h.p.o.dependants.PodInfoConfigMap - [helmvolu] Desired PodInfo ConfigMap (1 extensions) (1 enabled)
2025-01-28 23:39:03,257 INFO c.h.h.t.HelmChartContainer - [hivemq-test-hivemq-platform] [hivemq-platform-operator] [e1373b83] 23:39:03.255 [pool-6-thread-5] DEBUG c.h.p.o.dependants.PodInfoConfigMap - [helmvolu] Desired PodInfo ConfigMap (metrics port: 9399) (metrics path: /)
2025-01-28 23:39:03,257 INFO c.h.h.t.HelmChartContainer - [hivemq-test-hivemq-platform] [hivemq-platform-operator] [e1373b83] 23:39:03.255 [pool-6-thread-5] DEBUG c.h.p.o.dependants.PodInfoConfigMap - [helmvolu] Desired PodInfo ConfigMap (extension state hash: -1817474005)
2025-01-28 23:39:03,260 INFO c.h.h.t.HelmChartContainer - [hivemq-test-hivemq-platform] [hivemq-platform-operator] [e1373b83] 23:39:03.258 [pool-6-thread-5] DEBUG c.h.p.o.d.StatefulSetResource - [helmvolu] Desired StatefulSet (3 replicas) for status ROLLING_RESTART (RESTART_PODS_IN_PROGRESS)
2025-01-28 23:39:03,261 INFO c.h.h.t.HelmChartContainer - [hivemq-test-hivemq-platform] [hivemq-platform-operator] [e1373b83] 23:39:03.260 [ReconcilerExecutor-hivemq-controller-54] INFO  c.h.p.o.HiveMQPlatformReconciler - [helmvolu] Reconciling HiveMQ Platform 'test-hivemq-platform' in namespace 'helmvolumeclaimtemplatesit'
2025-01-28 23:39:03,261 INFO c.h.h.t.HelmChartContainer - [hivemq-test-hivemq-platform] [hivemq-platform-operator] [e1373b83] 23:39:03.260 [ReconcilerExecutor-hivemq-controller-54] DEBUG c.h.p.o.HiveMQPlatformReconciler - [helmvolu] Custom Resource Status ROLLING_RESTART - HiveMQ Platform is restarting Pods (rolling restart) (RESTART_PODS_IN_PROGRESS)
2025-01-28 23:39:03,261 INFO c.h.h.t.HelmChartContainer - [hivemq-test-hivemq-platform] [hivemq-platform-operator] [e1373b83] 23:39:03.260 [ReconcilerExecutor-hivemq-controller-54] DEBUG c.h.p.o.HiveMQPlatformReconciler - [helmvolu] Custom Resource Spec (replicas: 2) (extensions: 1)
2025-01-28 23:39:03,262 INFO c.h.h.t.HelmChartContainer - [hivemq-test-hivemq-platform] [hivemq-platform-operator] [e1373b83] 23:39:03.261 [ReconcilerExecutor-hivemq-controller-54] DEBUG c.h.p.o.HiveMQPlatformReconciler - [helmvolu] StatefulSet Status (revision: test-hivemq-platform-59475f86c9, replicas: 3, available: 2, ready: 2, current: 1, updated: 2)
2025-01-28 23:39:03,262 INFO c.h.h.t.HelmChartContainer - [hivemq-test-hivemq-platform] [hivemq-platform-operator] [e1373b83] 23:39:03.261 [ReconcilerExecutor-hivemq-controller-54] DEBUG c.h.p.o.HiveMQPlatformReconciler - [helmvolu] StatefulSet Spec (replicas: 3, init containers: 1, containers: 1, volumes: 4)
2025-01-28 23:39:03,265 INFO c.h.h.t.HelmChartContainer - [hivemq-test-hivemq-platform] [hivemq-platform-operator] [e1373b83] 23:39:03.264 [ReconcilerExecutor-hivemq-controller-54] DEBUG c.h.p.o.h.HiveMQPlatformReconcilerErrorHandler - [helmvolu] Pod 'test-hivemq-platform-2' phase Running
2025-01-28 23:39:03,265 INFO c.h.h.t.HelmChartContainer - [hivemq-test-hivemq-platform] [hivemq-platform-operator] [e1373b83] 23:39:03.265 [ReconcilerExecutor-hivemq-controller-54] DEBUG c.h.p.o.h.HiveMQPlatformReconcilerErrorHandler - [helmvolu] Pod 'test-hivemq-platform-1' phase Running
2025-01-28 23:39:03,267 INFO c.h.h.t.HelmChartContainer - [hivemq-test-hivemq-platform] [hivemq-platform-operator] [e1373b83] 23:39:03.266 [ReconcilerExecutor-hivemq-controller-54] DEBUG c.h.p.o.h.HiveMQPlatformReconcilerErrorHandler - [helmvolu] Pod 'test-hivemq-platform-0' phase Running
2025-01-28 23:39:03,268 INFO c.h.h.t.HelmChartContainer - [hivemq-test-hivemq-platform] [hivemq-platform-operator] [e1373b83] 23:39:03.266 [ReconcilerExecutor-hivemq-controller-54] DEBUG c.h.p.o.h.HiveMQPlatformReconcilerRollingRestartHandler - [helmvolu] Rolling restart is waiting for 2 of 3 replicas
2025-01-28 23:39:03,284 INFO c.h.h.t.HelmChartContainer - [test-hivemq-platform] [hivemq] [3eda3e89] WARN  - [HiveMQ Platform Operator Init App 1.7.0-SNAPSHOT] Cannot connect to Health API for readiness: null
2025-01-28 23:39:03,289 INFO c.h.h.t.HelmChartContainer - [EVENT] Warning [Unhealthy] Readiness probe failed: HTTP probe failed with statuscode: 503 [helmvolumeclaimtemplatesit:test-hivemq-platform-1]
2025-01-28 23:39:03,289 INFO c.h.h.t.HelmChartContainer - Received Unhealthy event for container hivemq in pod test-hivemq-platform-1 [3eda3e89-192a-4b0e-b661-8ebebd9655fb]
2025-01-28 23:39:03,691 INFO c.h.h.t.HelmChartContainer - [test-hivemq-platform] [hivemq] [3eda3e89] INFO  - No valid license file for Data Hub found. Using free license, restricted to 1 policy.
2025-01-28 23:39:05,083 INFO c.h.h.t.HelmChartContainer - [test-hivemq-platform] [hivemq] [3eda3e89] INFO  - Audit Logger started.
2025-01-28 23:39:05,482 INFO c.h.h.t.HelmChartContainer - [test-hivemq-platform] [hivemq] [3eda3e89] INFO  - This node uses '1' CPU cores.
2025-01-28 23:39:05,485 INFO c.h.h.t.HelmChartContainer - [test-hivemq-platform] [hivemq] [3eda3e89] INFO  - Starting HiveMQ Health API on address 0.0.0.0 and port 8889
2025-01-28 23:39:06,395 INFO c.h.h.t.HelmChartContainer - [test-hivemq-platform] [hivemq] [3eda3e89] INFO  - Started HiveMQ Health API in 909ms
2025-01-28 23:39:06,991 INFO c.h.h.t.HelmChartContainer - [test-hivemq-platform] [hivemq] [3eda3e89] INFO  - Starting HiveMQ extension system.
2025-01-28 23:39:07,193 INFO c.h.h.t.HelmChartContainer - [test-hivemq-platform] [hivemq] [3eda3e89] INFO  - Starting extension with id "hivemq-dns-cluster-discovery" at /opt/hivemq/extensions/hivemq-dns-cluster-discovery
2025-01-28 23:39:07,698 INFO c.h.h.t.HelmChartContainer - [test-hivemq-platform] [hivemq] [3eda3e89] INFO  - Extension "DNS Cluster Discovery Extension" version 4.3.2 started successfully.
2025-01-28 23:39:07,698 INFO c.h.h.t.HelmChartContainer - [test-hivemq-platform] [hivemq] [3eda3e89] INFO  - Starting extension with id "hivemq-prometheus-extension" at /opt/hivemq/extensions/hivemq-prometheus-extension
2025-01-28 23:39:07,782 INFO c.h.h.t.HelmChartContainer - [test-hivemq-platform] [hivemq] [3eda3e89] INFO  - Using TCP cluster transport on address 10.42.0.14 and port 7000
2025-01-28 23:39:07,789 INFO c.h.h.t.HelmChartContainer - [test-hivemq-platform] [hivemq] [3eda3e89] INFO  - Using extension cluster discovery
2025-01-28 23:39:08,983 INFO c.h.h.t.HelmChartContainer - [test-hivemq-platform] [hivemq] [3eda3e89] INFO  - Started Jetty Server exposing Prometheus Servlet on URI http://0.0.0.0:9399/
2025-01-28 23:39:08,983 INFO c.h.h.t.HelmChartContainer - [test-hivemq-platform] [hivemq] [3eda3e89] INFO  - Extension "Prometheus Monitoring Extension" version 4.0.12 started successfully.
2025-01-28 23:39:08,983 INFO c.h.h.t.HelmChartContainer - [test-hivemq-platform] [hivemq] [3eda3e89] INFO  - Starting extension with id "hivemq-allow-all-extension" at /opt/hivemq/extensions/hivemq-allow-all-extension
2025-01-28 23:39:08,983 INFO c.h.h.t.HelmChartContainer - [test-hivemq-platform] [hivemq] [3eda3e89] WARN  - 
2025-01-28 23:39:08,983 INFO c.h.h.t.HelmChartContainer - [test-hivemq-platform] [hivemq] [3eda3e89] ################################################################################################################
2025-01-28 23:39:08,983 INFO c.h.h.t.HelmChartContainer - [test-hivemq-platform] [hivemq] [3eda3e89] # This HiveMQ deployment is not secure! You are lacking Authentication and Authorization.                      #
2025-01-28 23:39:08,983 INFO c.h.h.t.HelmChartContainer - [test-hivemq-platform] [hivemq] [3eda3e89] # Right now any MQTT client can connect to the broker with a full set of permissions.                          #
2025-01-28 23:39:08,983 INFO c.h.h.t.HelmChartContainer - [test-hivemq-platform] [hivemq] [3eda3e89] # For production usage, add an appropriate security extension and remove the hivemq-allow-all extension.       #
2025-01-28 23:39:08,983 INFO c.h.h.t.HelmChartContainer - [test-hivemq-platform] [hivemq] [3eda3e89] # You can download security extensions from the HiveMQ Marketplace (https://www.hivemq.com/extensions/).       #
2025-01-28 23:39:08,983 INFO c.h.h.t.HelmChartContainer - [test-hivemq-platform] [hivemq] [3eda3e89] ################################################################################################################
2025-01-28 23:39:08,983 INFO c.h.h.t.HelmChartContainer - [test-hivemq-platform] [hivemq] [3eda3e89] INFO  - Extension "Allow All Extension" version 1.1.1 started successfully.
2025-01-28 23:39:09,089 INFO c.h.h.t.HelmChartContainer - [test-hivemq-platform] [hivemq] [919bc9c6] INFO  - Cluster nodes found by discovery: [tQpG6|4] (3) [tQpG6, 04vCQ, k4eNn].
2025-01-28 23:39:09,092 INFO c.h.h.t.HelmChartContainer - [test-hivemq-platform] [hivemq] [111f66bb] INFO  - Cluster nodes found by discovery: [tQpG6|4] (3) [tQpG6, 04vCQ, k4eNn].
2025-01-28 23:39:09,188 INFO c.h.h.t.HelmChartContainer - [test-hivemq-platform] [hivemq] [3eda3e89] INFO  - Cluster nodes found by discovery: [tQpG6|4] (3) [tQpG6, 04vCQ, k4eNn].
2025-01-28 23:39:09,239 INFO c.h.h.t.HelmChartContainer - [EVENT] Warning [Unhealthy] Readiness probe failed: Get "http://10.42.0.14:7979/readiness": context deadline exceeded (Client.Timeout exceeded while awaiting headers) [helmvolumeclaimtemplatesit:test-hivemq-platform-1]
2025-01-28 23:39:09,239 INFO c.h.h.t.HelmChartContainer - Received Unhealthy event for container hivemq in pod test-hivemq-platform-1 [3eda3e89-192a-4b0e-b661-8ebebd9655fb]
2025-01-28 23:39:09,384 INFO c.h.h.t.HelmChartContainer - [test-hivemq-platform] [hivemq] [3eda3e89] INFO  - Cluster size = 1, members : [04vCQ].
2025-01-28 23:39:09,389 INFO c.h.h.t.HelmChartContainer - [test-hivemq-platform] [hivemq] [3eda3e89] INFO  - Cluster size = 2, members : [tQpG6, 04vCQ].
2025-01-28 23:39:09,584 INFO c.h.h.t.HelmChartContainer - [test-hivemq-platform] [hivemq] [3eda3e89] INFO  - [HiveMQ Platform Operator Init App 1.7.0-SNAPSHOT] Returning Health API response 503 for readiness
2025-01-28 23:39:09,787 INFO c.h.h.t.HelmChartContainer - [test-hivemq-platform] [hivemq] [3eda3e89] INFO  - Starting cluster join process. This may take a while. Please do not shut down HiveMQ.
2025-01-28 23:39:09,791 INFO c.h.h.t.HelmChartContainer - [test-hivemq-platform] [hivemq] [3eda3e89] INFO  - Cluster join process is still ongoing. Please do not shut down HiveMQ.
2025-01-28 23:39:11,799 INFO c.h.h.t.HelmChartContainer - [test-hivemq-platform] [hivemq] [919bc9c6] INFO  - Cluster size = 3, members : [k4eNn, tQpG6, 04vCQ].
2025-01-28 23:39:11,805 INFO c.h.h.t.HelmChartContainer - [test-hivemq-platform] [hivemq] [111f66bb] INFO  - Cluster size = 3, members : [k4eNn, tQpG6, 04vCQ].
2025-01-28 23:39:11,808 INFO c.h.h.t.HelmChartContainer - [test-hivemq-platform] [hivemq] [3eda3e89] INFO  - Cluster size = 3, members : [k4eNn, tQpG6, 04vCQ].
2025-01-28 23:39:11,814 INFO c.h.h.t.HelmChartContainer - [test-hivemq-platform] [hivemq] [3eda3e89] INFO  - Finished cluster join process successfully.
2025-01-28 23:39:11,818 INFO c.h.h.t.HelmChartContainer - [test-hivemq-platform] [hivemq] [3eda3e89] WARN  - No user for HiveMQ Control Center configured. Starting with default user
2025-01-28 23:39:11,818 INFO c.h.h.t.HelmChartContainer - [test-hivemq-platform] [hivemq] [3eda3e89] INFO  - Starting HiveMQ Control Center on address 0.0.0.0 and port 8080
2025-01-28 23:39:11,880 INFO c.h.h.t.HelmChartContainer - [test-hivemq-platform] [hivemq] [3eda3e89] INFO  - Mounting HiveMQ Control Center V2 Preview
2025-01-28 23:39:12,484 INFO c.h.h.t.HelmChartContainer - [test-hivemq-platform] [hivemq] [3eda3e89] INFO  - Started HiveMQ Control Center in 666ms
2025-01-28 23:39:12,499 INFO c.h.h.t.HelmChartContainer - [test-hivemq-platform] [hivemq] [3eda3e89] INFO  - Starting TCP listener on address 0.0.0.0 and port 1884
2025-01-28 23:39:12,585 INFO c.h.h.t.HelmChartContainer - [test-hivemq-platform] [hivemq] [3eda3e89] INFO  - Started TCP Listener on address 0.0.0.0 and on port 1884.
2025-01-28 23:39:12,585 INFO c.h.h.t.HelmChartContainer - [test-hivemq-platform] [hivemq] [3eda3e89] INFO  - Started HiveMQ in 29095ms
2025-01-28 23:39:13,200 INFO c.h.h.t.HelmChartContainer - [test-hivemq-platform] [hivemq] [3eda3e89] INFO  - [HiveMQ Platform Operator Init App 1.7.0-SNAPSHOT] Returning Health API response 200 for readiness
2025-01-28 23:39:13,213 INFO c.h.h.t.HelmChartContainer - [POD] test-hivemq-platform-1 [3eda3e89-192a-4b0e-b661-8ebebd9655fb] in helmvolumeclaimtemplatesit was MODIFIED
2025-01-28 23:39:13,224 INFO c.h.h.t.HelmChartContainer - [hivemq-test-hivemq-platform] [hivemq-platform-operator] [e1373b83] 23:39:13.217 [pool-6-thread-17] DEBUG c.h.p.o.d.PlatformServiceResource - [helmvolu] Desired Platform services (3 services)
2025-01-28 23:39:13,226 INFO c.h.h.t.HelmChartContainer - [hivemq-test-hivemq-platform] [hivemq-platform-operator] [e1373b83] 23:39:13.218 [pool-6-thread-20] DEBUG c.h.p.o.dependants.PodInfoConfigMap - [helmvolu] Desired PodInfo ConfigMap (1 extensions) (1 enabled)
2025-01-28 23:39:13,227 INFO c.h.h.t.HelmChartContainer - [hivemq-test-hivemq-platform] [hivemq-platform-operator] [e1373b83] 23:39:13.220 [pool-6-thread-20] DEBUG c.h.p.o.dependants.PodInfoConfigMap - [helmvolu] Desired PodInfo ConfigMap (metrics port: 9399) (metrics path: /)
2025-01-28 23:39:13,227 INFO c.h.h.t.HelmChartContainer - [hivemq-test-hivemq-platform] [hivemq-platform-operator] [e1373b83] 23:39:13.220 [pool-6-thread-20] DEBUG c.h.p.o.dependants.PodInfoConfigMap - [helmvolu] Desired PodInfo ConfigMap (extension state hash: -1817474005)
2025-01-28 23:39:13,227 INFO c.h.h.t.HelmChartContainer - [hivemq-test-hivemq-platform] [hivemq-platform-operator] [e1373b83] 23:39:13.219 [pool-6-thread-12] DEBUG c.h.p.o.d.PodServiceAccountResource - [helmvolu] Desired PodServiceAccountResource (serviceAccountName: hivemq-platform-pod-test-hivemq-platform)
2025-01-28 23:39:13,231 INFO c.h.h.t.HelmChartContainer - [hivemq-test-hivemq-platform] [hivemq-platform-operator] [e1373b83] 23:39:13.227 [pool-6-thread-17] DEBUG c.h.p.o.d.StatefulSetResource - [helmvolu] Desired StatefulSet (3 replicas) for status ROLLING_RESTART (RESTART_PODS_IN_PROGRESS)
2025-01-28 23:39:13,236 INFO c.h.h.t.HelmChartContainer - [hivemq-test-hivemq-platform] [hivemq-platform-operator] [e1373b83] 23:39:13.234 [ReconcilerExecutor-hivemq-controller-65] INFO  c.h.p.o.HiveMQPlatformReconciler - [helmvolu] Reconciling HiveMQ Platform 'test-hivemq-platform' in namespace 'helmvolumeclaimtemplatesit'
2025-01-28 23:39:13,236 INFO c.h.h.t.HelmChartContainer - [hivemq-test-hivemq-platform] [hivemq-platform-operator] [e1373b83] 23:39:13.234 [ReconcilerExecutor-hivemq-controller-65] DEBUG c.h.p.o.HiveMQPlatformReconciler - [helmvolu] Custom Resource Status ROLLING_RESTART - HiveMQ Platform is restarting Pods (rolling restart) (RESTART_PODS_IN_PROGRESS)
2025-01-28 23:39:13,236 INFO c.h.h.t.HelmChartContainer - [hivemq-test-hivemq-platform] [hivemq-platform-operator] [e1373b83] 23:39:13.234 [ReconcilerExecutor-hivemq-controller-65] DEBUG c.h.p.o.HiveMQPlatformReconciler - [helmvolu] Custom Resource Spec (replicas: 2) (extensions: 1)
2025-01-28 23:39:13,236 INFO c.h.h.t.HelmChartContainer - [hivemq-test-hivemq-platform] [hivemq-platform-operator] [e1373b83] 23:39:13.235 [ReconcilerExecutor-hivemq-controller-65] DEBUG c.h.p.o.HiveMQPlatformReconciler - [helmvolu] StatefulSet Status (revision: test-hivemq-platform-59475f86c9, replicas: 3, available: 3, ready: 3, current: 1, updated: 2)
2025-01-28 23:39:13,236 INFO c.h.h.t.HelmChartContainer - [hivemq-test-hivemq-platform] [hivemq-platform-operator] [e1373b83] 23:39:13.235 [ReconcilerExecutor-hivemq-controller-65] DEBUG c.h.p.o.HiveMQPlatformReconciler - [helmvolu] StatefulSet Spec (replicas: 3, init containers: 1, containers: 1, volumes: 4)
2025-01-28 23:39:13,239 INFO c.h.h.t.HelmChartContainer - [hivemq-test-hivemq-platform] [hivemq-platform-operator] [e1373b83] 23:39:13.237 [ReconcilerExecutor-hivemq-controller-65] DEBUG c.h.p.o.h.HiveMQPlatformReconcilerErrorHandler - [helmvolu] Pod 'test-hivemq-platform-2' phase Running
2025-01-28 23:39:13,240 INFO c.h.h.t.HelmChartContainer - [hivemq-test-hivemq-platform] [hivemq-platform-operator] [e1373b83] 23:39:13.239 [ReconcilerExecutor-hivemq-controller-65] DEBUG c.h.p.o.h.HiveMQPlatformReconcilerErrorHandler - [helmvolu] Pod 'test-hivemq-platform-1' phase Running
2025-01-28 23:39:13,309 INFO c.h.h.t.HelmChartContainer - [hivemq-test-hivemq-platform] [hivemq-platform-operator] [e1373b83] 23:39:13.307 [ReconcilerExecutor-hivemq-controller-65] DEBUG c.h.p.o.h.HiveMQPlatformReconcilerErrorHandler - [helmvolu] Pod 'test-hivemq-platform-0' phase Running
2025-01-28 23:39:13,314 INFO c.h.h.t.HelmChartContainer - [hivemq-test-hivemq-platform] [hivemq-platform-operator] [e1373b83] 23:39:13.313 [ReconcilerExecutor-hivemq-controller-65] DEBUG c.h.p.o.h.HiveMQPlatformReconcilerRollingRestartHandler - [helmvolu] Skipping Pod test-hivemq-platform-2 as it's already on the controller update revision (update revision: test-hivemq-platform-59475f86c9, pod revision: test-hivemq-platform-59475f86c9)
2025-01-28 23:39:13,317 INFO c.h.h.t.HelmChartContainer - [hivemq-test-hivemq-platform] [hivemq-platform-operator] [e1373b83] 23:39:13.317 [ReconcilerExecutor-hivemq-controller-65] DEBUG c.h.p.o.h.HiveMQPlatformReconcilerRollingRestartHandler - [helmvolu] Skipping Pod test-hivemq-platform-1 as it's already on the controller update revision (update revision: test-hivemq-platform-59475f86c9, pod revision: test-hivemq-platform-59475f86c9)
2025-01-28 23:39:13,326 INFO c.h.h.t.HelmChartContainer - [hivemq-test-hivemq-platform] [hivemq-platform-operator] [e1373b83] 23:39:13.325 [ReconcilerExecutor-hivemq-controller-65] DEBUG c.h.p.o.h.HiveMQPlatformReconcilerRollingRestartHandler - [helmvolu] The last Pod is running for 54 seconds, the next Pod can be restarted
2025-01-28 23:39:13,326 INFO c.h.h.t.HelmChartContainer - [hivemq-test-hivemq-platform] [hivemq-platform-operator] [e1373b83] 23:39:13.325 [ReconcilerExecutor-hivemq-controller-65] INFO  c.h.p.o.h.HiveMQPlatformReconcilerRollingRestartHandler - [helmvolu] Restarting Pod test-hivemq-platform-0 as it's not matching the controller update revision (update revision: test-hivemq-platform-59475f86c9, pod revision: test-hivemq-platform-6c7bb94cbd)
2025-01-28 23:39:13,333 INFO c.h.h.t.HelmChartContainer - [POD] test-hivemq-platform-0 [919bc9c6-9939-4335-ac2e-c10b74cb3724] in helmvolumeclaimtemplatesit was MODIFIED
2025-01-28 23:39:13,347 INFO c.h.h.t.HelmChartContainer - [hivemq-test-hivemq-platform] [hivemq-platform-operator] [e1373b83] 23:39:13.341 [pool-6-thread-24] DEBUG c.h.p.o.d.PlatformServiceResource - [helmvolu] Desired Platform services (3 services)
2025-01-28 23:39:13,348 INFO c.h.h.t.HelmChartContainer - [test-hivemq-platform] [hivemq] [919bc9c6] INFO  - [HiveMQ Platform Operator Init App 1.7.0-SNAPSHOT] Shutting down
2025-01-28 23:39:13,348 INFO c.h.h.t.HelmChartContainer - [test-hivemq-platform] [hivemq] [919bc9c6] INFO  - [HiveMQ Platform Operator Init App 1.7.0-SNAPSHOT] Stopping the HiveMQ Platform
2025-01-28 23:39:13,350 INFO c.h.h.t.HelmChartContainer - [EVENT] Normal [Killing] Stopping container hivemq [helmvolumeclaimtemplatesit:test-hivemq-platform-0]
2025-01-28 23:39:13,350 INFO c.h.h.t.HelmChartContainer - Received Killing event for container hivemq in pod test-hivemq-platform-0 [919bc9c6-9939-4335-ac2e-c10b74cb3724]
2025-01-28 23:39:13,350 INFO c.h.h.t.HelmChartContainer - Container [test-hivemq-platform-0] [hivemq] [919bc9c6-9939-4335-ac2e-c10b74cb3724] was terminated
2025-01-28 23:39:13,350 INFO c.h.h.t.HelmChartContainer - Stopped log watcher for hivemq in pod test-hivemq-platform-0 [919bc9c6-9939-4335-ac2e-c10b74cb3724]
2025-01-28 23:39:13,409 INFO c.h.h.t.HelmChartContainer - [hivemq-test-hivemq-platform] [hivemq-platform-operator] [e1373b83] 23:39:13.408 [pool-6-thread-22] DEBUG c.h.p.o.dependants.PodInfoConfigMap - [helmvolu] Desired PodInfo ConfigMap (1 extensions) (1 enabled)
2025-01-28 23:39:13,410 INFO c.h.h.t.HelmChartContainer - [hivemq-test-hivemq-platform] [hivemq-platform-operator] [e1373b83] 23:39:13.408 [pool-6-thread-22] DEBUG c.h.p.o.dependants.PodInfoConfigMap - [helmvolu] Desired PodInfo ConfigMap (metrics port: 9399) (metrics path: /)
2025-01-28 23:39:13,410 INFO c.h.h.t.HelmChartContainer - [hivemq-test-hivemq-platform] [hivemq-platform-operator] [e1373b83] 23:39:13.408 [pool-6-thread-22] DEBUG c.h.p.o.dependants.PodInfoConfigMap - [helmvolu] Desired PodInfo ConfigMap (extension state hash: -1817474005)
2025-01-28 23:39:13,410 INFO c.h.h.t.HelmChartContainer - [hivemq-test-hivemq-platform] [hivemq-platform-operator] [e1373b83] 23:39:13.409 [pool-6-thread-24] DEBUG c.h.p.o.d.PodServiceAccountResource - [helmvolu] Desired PodServiceAccountResource (serviceAccountName: hivemq-platform-pod-test-hivemq-platform)
2025-01-28 23:39:13,412 INFO c.h.h.t.HelmChartContainer - [hivemq-test-hivemq-platform] [hivemq-platform-operator] [e1373b83] 23:39:13.411 [pool-6-thread-25] DEBUG c.h.p.o.d.StatefulSetResource - [helmvolu] Desired StatefulSet (3 replicas) for status ROLLING_RESTART (RESTART_PODS_IN_PROGRESS)
2025-01-28 23:39:13,414 INFO c.h.h.t.HelmChartContainer - [hivemq-test-hivemq-platform] [hivemq-platform-operator] [e1373b83] 23:39:13.413 [ReconcilerExecutor-hivemq-controller-65] INFO  c.h.p.o.HiveMQPlatformReconciler - [helmvolu] Reconciling HiveMQ Platform 'test-hivemq-platform' in namespace 'helmvolumeclaimtemplatesit'
2025-01-28 23:39:13,415 INFO c.h.h.t.HelmChartContainer - [hivemq-test-hivemq-platform] [hivemq-platform-operator] [e1373b83] 23:39:13.413 [ReconcilerExecutor-hivemq-controller-65] DEBUG c.h.p.o.HiveMQPlatformReconciler - [helmvolu] Custom Resource Status ROLLING_RESTART - HiveMQ Platform is restarting Pods (rolling restart) (RESTART_PODS_IN_PROGRESS)
2025-01-28 23:39:13,415 INFO c.h.h.t.HelmChartContainer - [hivemq-test-hivemq-platform] [hivemq-platform-operator] [e1373b83] 23:39:13.414 [ReconcilerExecutor-hivemq-controller-65] DEBUG c.h.p.o.HiveMQPlatformReconciler - [helmvolu] Custom Resource Spec (replicas: 2) (extensions: 1)
2025-01-28 23:39:13,416 INFO c.h.h.t.HelmChartContainer - [hivemq-test-hivemq-platform] [hivemq-platform-operator] [e1373b83] 23:39:13.414 [ReconcilerExecutor-hivemq-controller-65] DEBUG c.h.p.o.HiveMQPlatformReconciler - [helmvolu] StatefulSet Status (revision: test-hivemq-platform-59475f86c9, replicas: 3, available: 3, ready: 3, current: 0, updated: 2)
2025-01-28 23:39:13,416 INFO c.h.h.t.HelmChartContainer - [hivemq-test-hivemq-platform] [hivemq-platform-operator] [e1373b83] 23:39:13.415 [ReconcilerExecutor-hivemq-controller-65] DEBUG c.h.p.o.HiveMQPlatformReconciler - [helmvolu] StatefulSet Spec (replicas: 3, init containers: 1, containers: 1, volumes: 4)
2025-01-28 23:39:13,425 INFO c.h.h.t.HelmChartContainer - [hivemq-test-hivemq-platform] [hivemq-platform-operator] [e1373b83] 23:39:13.424 [ReconcilerExecutor-hivemq-controller-65] DEBUG c.h.p.o.h.HiveMQPlatformReconcilerErrorHandler - [helmvolu] Pod 'test-hivemq-platform-2' phase Running
2025-01-28 23:39:13,426 INFO c.h.h.t.HelmChartContainer - [hivemq-test-hivemq-platform] [hivemq-platform-operator] [e1373b83] 23:39:13.425 [ReconcilerExecutor-hivemq-controller-65] DEBUG c.h.p.o.h.HiveMQPlatformReconcilerErrorHandler - [helmvolu] Pod 'test-hivemq-platform-1' phase Running
2025-01-28 23:39:13,428 INFO c.h.h.t.HelmChartContainer - [hivemq-test-hivemq-platform] [hivemq-platform-operator] [e1373b83] 23:39:13.426 [ReconcilerExecutor-hivemq-controller-65] DEBUG c.h.p.o.h.HiveMQPlatformReconcilerErrorHandler - [helmvolu] Pod 'test-hivemq-platform-0' phase Running
2025-01-28 23:39:13,510 INFO c.h.h.t.HelmChartContainer - [hivemq-test-hivemq-platform] [hivemq-platform-operator] [e1373b83] 23:39:13.508 [ReconcilerExecutor-hivemq-controller-65] DEBUG c.h.p.o.h.HiveMQPlatformReconcilerRollingRestartHandler - [helmvolu] Skipping Pod test-hivemq-platform-2 as it's already on the controller update revision (update revision: test-hivemq-platform-59475f86c9, pod revision: test-hivemq-platform-59475f86c9)
2025-01-28 23:39:13,514 INFO c.h.h.t.HelmChartContainer - [hivemq-test-hivemq-platform] [hivemq-platform-operator] [e1373b83] 23:39:13.513 [ReconcilerExecutor-hivemq-controller-65] DEBUG c.h.p.o.h.HiveMQPlatformReconcilerRollingRestartHandler - [helmvolu] Skipping Pod test-hivemq-platform-1 as it's already on the controller update revision (update revision: test-hivemq-platform-59475f86c9, pod revision: test-hivemq-platform-59475f86c9)
2025-01-28 23:39:13,530 INFO c.h.h.t.HelmChartContainer - [hivemq-test-hivemq-platform] [hivemq-platform-operator] [e1373b83] 23:39:13.529 [ReconcilerExecutor-hivemq-controller-65] DEBUG c.h.p.o.h.HiveMQPlatformReconcilerRollingRestartHandler - [helmvolu] The last Pod is running for 54 seconds, the next Pod can be restarted
2025-01-28 23:39:13,530 INFO c.h.h.t.HelmChartContainer - [hivemq-test-hivemq-platform] [hivemq-platform-operator] [e1373b83] 23:39:13.529 [ReconcilerExecutor-hivemq-controller-65] INFO  c.h.p.o.h.HiveMQPlatformReconcilerRollingRestartHandler - [helmvolu] Restarting Pod test-hivemq-platform-0 as it's not matching the controller update revision (update revision: test-hivemq-platform-59475f86c9, pod revision: test-hivemq-platform-6c7bb94cbd)
2025-01-28 23:39:13,541 INFO c.h.h.t.HelmChartContainer - [test-hivemq-platform] [hivemq] [919bc9c6] INFO  - Shutting down HiveMQ. Please wait, this could take a while...
2025-01-28 23:39:13,546 INFO c.h.h.t.HelmChartContainer - [test-hivemq-platform] [hivemq] [919bc9c6] INFO  - Shutting down listeners and clients
2025-01-28 23:39:13,547 INFO c.h.h.t.HelmChartContainer - [test-hivemq-platform] [hivemq] [919bc9c6] INFO  - Shutdown of listeners is done
2025-01-28 23:39:13,547 INFO c.h.h.t.HelmChartContainer - [test-hivemq-platform] [hivemq] [919bc9c6] INFO  - No clients are connected, proceeding with shutdown
2025-01-28 23:39:13,613 INFO c.h.h.t.HelmChartContainer - [hivemq-test-hivemq-platform] [hivemq-platform-operator] [e1373b83] 23:39:13.611 [pool-6-thread-35] DEBUG c.h.p.o.d.PlatformServiceResource - [helmvolu] Desired Platform services (3 services)
2025-01-28 23:39:13,613 INFO c.h.h.t.HelmChartContainer - [hivemq-test-hivemq-platform] [hivemq-platform-operator] [e1373b83] 23:39:13.611 [pool-6-thread-40] DEBUG c.h.p.o.dependants.PodInfoConfigMap - [helmvolu] Desired PodInfo ConfigMap (1 extensions) (1 enabled)
2025-01-28 23:39:13,614 INFO c.h.h.t.HelmChartContainer - [hivemq-test-hivemq-platform] [hivemq-platform-operator] [e1373b83] 23:39:13.611 [pool-6-thread-40] DEBUG c.h.p.o.dependants.PodInfoConfigMap - [helmvolu] Desired PodInfo ConfigMap (metrics port: 9399) (metrics path: /)
2025-01-28 23:39:13,614 INFO c.h.h.t.HelmChartContainer - [hivemq-test-hivemq-platform] [hivemq-platform-operator] [e1373b83] 23:39:13.611 [pool-6-thread-40] DEBUG c.h.p.o.dependants.PodInfoConfigMap - [helmvolu] Desired PodInfo ConfigMap (extension state hash: -1817474005)
2025-01-28 23:39:13,614 INFO c.h.h.t.HelmChartContainer - [hivemq-test-hivemq-platform] [hivemq-platform-operator] [e1373b83] 23:39:13.612 [pool-6-thread-39] DEBUG c.h.p.o.d.PodServiceAccountResource - [helmvolu] Desired PodServiceAccountResource (serviceAccountName: hivemq-platform-pod-test-hivemq-platform)
2025-01-28 23:39:13,625 INFO c.h.h.t.HelmChartContainer - [hivemq-test-hivemq-platform] [hivemq-platform-operator] [e1373b83] 23:39:13.624 [pool-6-thread-35] DEBUG c.h.p.o.d.StatefulSetResource - [helmvolu] Desired StatefulSet (3 replicas) for status ROLLING_RESTART (RESTART_PODS_IN_PROGRESS)
2025-01-28 23:39:13,628 INFO c.h.h.t.HelmChartContainer - [hivemq-test-hivemq-platform] [hivemq-platform-operator] [e1373b83] 23:39:13.627 [ReconcilerExecutor-hivemq-controller-65] INFO  c.h.p.o.HiveMQPlatformReconciler - [helmvolu] Reconciling HiveMQ Platform 'test-hivemq-platform' in namespace 'helmvolumeclaimtemplatesit'
2025-01-28 23:39:13,628 INFO c.h.h.t.HelmChartContainer - [hivemq-test-hivemq-platform] [hivemq-platform-operator] [e1373b83] 23:39:13.627 [ReconcilerExecutor-hivemq-controller-65] DEBUG c.h.p.o.HiveMQPlatformReconciler - [helmvolu] Custom Resource Status ROLLING_RESTART - HiveMQ Platform is restarting Pods (rolling restart) (RESTART_PODS_IN_PROGRESS)
2025-01-28 23:39:13,628 INFO c.h.h.t.HelmChartContainer - [hivemq-test-hivemq-platform] [hivemq-platform-operator] [e1373b83] 23:39:13.627 [ReconcilerExecutor-hivemq-controller-65] DEBUG c.h.p.o.HiveMQPlatformReconciler - [helmvolu] Custom Resource Spec (replicas: 2) (extensions: 1)
2025-01-28 23:39:13,629 INFO c.h.h.t.HelmChartContainer - [hivemq-test-hivemq-platform] [hivemq-platform-operator] [e1373b83] 23:39:13.629 [ReconcilerExecutor-hivemq-controller-65] DEBUG c.h.p.o.HiveMQPlatformReconciler - [helmvolu] StatefulSet Status (revision: test-hivemq-platform-59475f86c9, replicas: 3, available: 3, ready: 3, current: 0, updated: 2)
2025-01-28 23:39:13,629 INFO c.h.h.t.HelmChartContainer - [hivemq-test-hivemq-platform] [hivemq-platform-operator] [e1373b83] 23:39:13.629 [ReconcilerExecutor-hivemq-controller-65] DEBUG c.h.p.o.HiveMQPlatformReconciler - [helmvolu] StatefulSet Spec (replicas: 3, init containers: 1, containers: 1, volumes: 4)
2025-01-28 23:39:13,631 INFO c.h.h.t.HelmChartContainer - [hivemq-test-hivemq-platform] [hivemq-platform-operator] [e1373b83] 23:39:13.630 [ReconcilerExecutor-hivemq-controller-65] DEBUG c.h.p.o.h.HiveMQPlatformReconcilerErrorHandler - [helmvolu] Pod 'test-hivemq-platform-2' phase Running
2025-01-28 23:39:13,632 INFO c.h.h.t.HelmChartContainer - [hivemq-test-hivemq-platform] [hivemq-platform-operator] [e1373b83] 23:39:13.632 [ReconcilerExecutor-hivemq-controller-65] DEBUG c.h.p.o.h.HiveMQPlatformReconcilerErrorHandler - [helmvolu] Pod 'test-hivemq-platform-1' phase Running
2025-01-28 23:39:13,634 INFO c.h.h.t.HelmChartContainer - [hivemq-test-hivemq-platform] [hivemq-platform-operator] [e1373b83] 23:39:13.633 [ReconcilerExecutor-hivemq-controller-65] DEBUG c.h.p.o.h.HiveMQPlatformReconcilerErrorHandler - [helmvolu] Pod 'test-hivemq-platform-0' phase Running
2025-01-28 23:39:13,712 INFO c.h.h.t.HelmChartContainer - [hivemq-test-hivemq-platform] [hivemq-platform-operator] [e1373b83] 23:39:13.711 [ReconcilerExecutor-hivemq-controller-65] DEBUG c.h.p.o.h.HiveMQPlatformReconcilerRollingRestartHandler - [helmvolu] Skipping Pod test-hivemq-platform-2 as it's already on the controller update revision (update revision: test-hivemq-platform-59475f86c9, pod revision: test-hivemq-platform-59475f86c9)
2025-01-28 23:39:13,717 INFO c.h.h.t.HelmChartContainer - [hivemq-test-hivemq-platform] [hivemq-platform-operator] [e1373b83] 23:39:13.716 [ReconcilerExecutor-hivemq-controller-65] DEBUG c.h.p.o.h.HiveMQPlatformReconcilerRollingRestartHandler - [helmvolu] Skipping Pod test-hivemq-platform-1 as it's already on the controller update revision (update revision: test-hivemq-platform-59475f86c9, pod revision: test-hivemq-platform-59475f86c9)
2025-01-28 23:39:13,729 INFO c.h.h.t.HelmChartContainer - [hivemq-test-hivemq-platform] [hivemq-platform-operator] [e1373b83] 23:39:13.728 [ReconcilerExecutor-hivemq-controller-65] DEBUG c.h.p.o.h.HiveMQPlatformReconcilerRollingRestartHandler - [helmvolu] The last Pod is running for 54 seconds, the next Pod can be restarted
2025-01-28 23:39:13,730 INFO c.h.h.t.HelmChartContainer - [hivemq-test-hivemq-platform] [hivemq-platform-operator] [e1373b83] 23:39:13.728 [ReconcilerExecutor-hivemq-controller-65] INFO  c.h.p.o.h.HiveMQPlatformReconcilerRollingRestartHandler - [helmvolu] Restarting Pod test-hivemq-platform-0 as it's not matching the controller update revision (update revision: test-hivemq-platform-59475f86c9, pod revision: test-hivemq-platform-6c7bb94cbd)
2025-01-28 23:39:16,151 INFO c.h.h.t.HelmChartContainer - [test-hivemq-platform] [hivemq] [919bc9c6] INFO  - [HiveMQ Platform Operator Init App 1.7.0-SNAPSHOT] Returning shutdown Health API response 503 for readiness
2025-01-28 23:39:16,155 INFO c.h.h.t.HelmChartContainer - [EVENT] Warning [Unhealthy] Readiness probe failed: HTTP probe failed with statuscode: 503 [helmvolumeclaimtemplatesit:test-hivemq-platform-0]
2025-01-28 23:39:16,155 INFO c.h.h.t.HelmChartContainer - Received Unhealthy event for container hivemq in pod test-hivemq-platform-0 [919bc9c6-9939-4335-ac2e-c10b74cb3724]
2025-01-28 23:39:16,708 INFO c.h.h.t.HelmChartContainer - [test-hivemq-platform] [hivemq] [919bc9c6] INFO  - Shutting down extension system
2025-01-28 23:39:16,710 INFO c.h.h.t.HelmChartContainer - [test-hivemq-platform] [hivemq] [919bc9c6] INFO  - Stopping extension with id hivemq-dns-cluster-discovery
2025-01-28 23:39:16,711 INFO c.h.h.t.HelmChartContainer - [test-hivemq-platform] [hivemq] [919bc9c6] INFO  - Extension "DNS Cluster Discovery Extension" version 4.3.2 stopped successfully.
2025-01-28 23:39:16,711 INFO c.h.h.t.HelmChartContainer - [test-hivemq-platform] [hivemq] [919bc9c6] INFO  - Stopping extension with id hivemq-prometheus-extension
2025-01-28 23:39:16,714 INFO c.h.h.t.HelmChartContainer - [test-hivemq-platform] [hivemq] [919bc9c6] INFO  - Extension "Prometheus Monitoring Extension" version 4.0.12 stopped successfully.
2025-01-28 23:39:16,715 INFO c.h.h.t.HelmChartContainer - [test-hivemq-platform] [hivemq] [919bc9c6] INFO  - Stopping extension with id hivemq-allow-all-extension
2025-01-28 23:39:16,715 INFO c.h.h.t.HelmChartContainer - [test-hivemq-platform] [hivemq] [919bc9c6] INFO  - Extension "Allow All Extension" version 1.1.1 stopped successfully.
2025-01-28 23:39:16,721 INFO c.h.h.t.HelmChartContainer - [test-hivemq-platform] [hivemq] [111f66bb] INFO  - Cluster nodes found by discovery: [04vCQ|5] (2) [04vCQ, k4eNn].
2025-01-28 23:39:16,723 INFO c.h.h.t.HelmChartContainer - [test-hivemq-platform] [hivemq] [111f66bb] INFO  - Cluster size = 2, members : [k4eNn, 04vCQ].
2025-01-28 23:39:16,727 INFO c.h.h.t.HelmChartContainer - [test-hivemq-platform] [hivemq] [111f66bb] INFO  - Starting cluster replication process. This may take a while. Please do not shut down HiveMQ.
2025-01-28 23:39:16,727 INFO c.h.h.t.HelmChartContainer - [test-hivemq-platform] [hivemq] [3eda3e89] INFO  - Cluster nodes found by discovery: [04vCQ|5] (2) [04vCQ, k4eNn].
2025-01-28 23:39:16,745 INFO c.h.h.t.HelmChartContainer - [test-hivemq-platform] [hivemq] [3eda3e89] INFO  - Cluster size = 2, members : [k4eNn, 04vCQ].
2025-01-28 23:39:16,755 INFO c.h.h.t.HelmChartContainer - [test-hivemq-platform] [hivemq] [3eda3e89] INFO  - Starting cluster replication process. This may take a while. Please do not shut down HiveMQ.
2025-01-28 23:39:16,994 INFO c.h.h.t.HelmChartContainer - [test-hivemq-platform] [hivemq] [111f66bb] INFO  - Finished cluster replication successfully in 264 ms.
2025-01-28 23:39:17,053 INFO c.h.h.t.HelmChartContainer - [test-hivemq-platform] [hivemq] [3eda3e89] INFO  - Finished cluster replication successfully in 302 ms.
2025-01-28 23:39:19,009 INFO c.h.h.t.HelmChartContainer - [test-hivemq-platform] [hivemq] [919bc9c6] INFO  - Shutdown completed.
2025-01-28 23:39:19,359 INFO c.h.h.t.HelmChartContainer - [test-hivemq-platform] [hivemq] [919bc9c6] INFO  - [HiveMQ Platform Operator Init App 1.7.0-SNAPSHOT] The HiveMQ Platform exited with code 143
2025-01-28 23:39:19,359 INFO c.h.h.t.HelmChartContainer - [test-hivemq-platform] [hivemq] [919bc9c6] INFO  - [HiveMQ Platform Operator Init App 1.7.0-SNAPSHOT] Stopping the REST API
2025-01-28 23:39:19,367 INFO c.h.h.t.HelmChartContainer - [test-hivemq-platform] [hivemq] [919bc9c6] INFO  - [HiveMQ Platform Operator Init App 1.7.0-SNAPSHOT] Shutdown complete
2025-01-28 23:39:19,818 INFO c.h.h.t.HelmChartContainer - [POD] test-hivemq-platform-0 [919bc9c6-9939-4335-ac2e-c10b74cb3724] in helmvolumeclaimtemplatesit was MODIFIED
2025-01-28 23:39:19,824 INFO c.h.h.t.HelmChartContainer - [hivemq-test-hivemq-platform] [hivemq-platform-operator] [e1373b83] 23:39:19.819 [pool-6-thread-49] DEBUG c.h.p.o.d.PlatformServiceResource - [helmvolu] Desired Platform services (3 services)
2025-01-28 23:39:19,825 INFO c.h.h.t.HelmChartContainer - [hivemq-test-hivemq-platform] [hivemq-platform-operator] [e1373b83] 23:39:19.822 [pool-6-thread-50] DEBUG c.h.p.o.dependants.PodInfoConfigMap - [helmvolu] Desired PodInfo ConfigMap (1 extensions) (1 enabled)
2025-01-28 23:39:19,825 INFO c.h.h.t.HelmChartContainer - [hivemq-test-hivemq-platform] [hivemq-platform-operator] [e1373b83] 23:39:19.822 [pool-6-thread-50] DEBUG c.h.p.o.dependants.PodInfoConfigMap - [helmvolu] Desired PodInfo ConfigMap (metrics port: 9399) (metrics path: /)
2025-01-28 23:39:19,828 INFO c.h.h.t.HelmChartContainer - [hivemq-test-hivemq-platform] [hivemq-platform-operator] [e1373b83] 23:39:19.822 [pool-6-thread-50] DEBUG c.h.p.o.dependants.PodInfoConfigMap - [helmvolu] Desired PodInfo ConfigMap (extension state hash: -1817474005)
2025-01-28 23:39:19,828 INFO c.h.h.t.HelmChartContainer - [hivemq-test-hivemq-platform] [hivemq-platform-operator] [e1373b83] 23:39:19.823 [pool-6-thread-46] DEBUG c.h.p.o.d.PodServiceAccountResource - [helmvolu] Desired PodServiceAccountResource (serviceAccountName: hivemq-platform-pod-test-hivemq-platform)
2025-01-28 23:39:19,835 INFO c.h.h.t.HelmChartContainer - [hivemq-test-hivemq-platform] [hivemq-platform-operator] [e1373b83] 23:39:19.829 [pool-6-thread-46] DEBUG c.h.p.o.d.StatefulSetResource - [helmvolu] Desired StatefulSet (3 replicas) for status ROLLING_RESTART (RESTART_PODS_IN_PROGRESS)
2025-01-28 23:39:19,838 INFO c.h.h.t.HelmChartContainer - [hivemq-test-hivemq-platform] [hivemq-platform-operator] [e1373b83] 23:39:19.834 [ReconcilerExecutor-hivemq-controller-98] INFO  c.h.p.o.HiveMQPlatformReconciler - [helmvolu] Reconciling HiveMQ Platform 'test-hivemq-platform' in namespace 'helmvolumeclaimtemplatesit'
2025-01-28 23:39:19,838 INFO c.h.h.t.HelmChartContainer - [hivemq-test-hivemq-platform] [hivemq-platform-operator] [e1373b83] 23:39:19.834 [ReconcilerExecutor-hivemq-controller-98] DEBUG c.h.p.o.HiveMQPlatformReconciler - [helmvolu] Custom Resource Status ROLLING_RESTART - HiveMQ Platform is restarting Pods (rolling restart) (RESTART_PODS_IN_PROGRESS)
2025-01-28 23:39:19,838 INFO c.h.h.t.HelmChartContainer - [hivemq-test-hivemq-platform] [hivemq-platform-operator] [e1373b83] 23:39:19.834 [ReconcilerExecutor-hivemq-controller-98] DEBUG c.h.p.o.HiveMQPlatformReconciler - [helmvolu] Custom Resource Spec (replicas: 2) (extensions: 1)
2025-01-28 23:39:19,838 INFO c.h.h.t.HelmChartContainer - [hivemq-test-hivemq-platform] [hivemq-platform-operator] [e1373b83] 23:39:19.837 [ReconcilerExecutor-hivemq-controller-98] DEBUG c.h.p.o.HiveMQPlatformReconciler - [helmvolu] StatefulSet Status (revision: test-hivemq-platform-59475f86c9, replicas: 3, available: 2, ready: 2, current: 0, updated: 2)
2025-01-28 23:39:19,838 INFO c.h.h.t.HelmChartContainer - [hivemq-test-hivemq-platform] [hivemq-platform-operator] [e1373b83] 23:39:19.837 [ReconcilerExecutor-hivemq-controller-98] DEBUG c.h.p.o.HiveMQPlatformReconciler - [helmvolu] StatefulSet Spec (replicas: 3, init containers: 1, containers: 1, volumes: 4)
2025-01-28 23:39:19,840 INFO c.h.h.t.HelmChartContainer - [hivemq-test-hivemq-platform] [hivemq-platform-operator] [e1373b83] 23:39:19.838 [ReconcilerExecutor-hivemq-controller-98] DEBUG c.h.p.o.h.HiveMQPlatformReconcilerErrorHandler - [helmvolu] Pod 'test-hivemq-platform-2' phase Running
2025-01-28 23:39:19,843 INFO c.h.h.t.HelmChartContainer - [K3S] [reconciler_common.go:162] "operationExecutor.UnmountVolume started for volume \"broker-configuration\" (UniqueName: \"kubernetes.io/configmap/919bc9c6-9939-4335-ac2e-c10b74cb3724-broker-configuration\") pod \"919bc9c6-9939-4335-ac2e-c10b74cb3724\" (UID: \"919bc9c6-9939-4335-ac2e-c10b74cb3724\") "
2025-01-28 23:39:19,843 INFO c.h.h.t.HelmChartContainer - [K3S] [reconciler_common.go:162] "operationExecutor.UnmountVolume started for volume \"operator-init\" (UniqueName: \"kubernetes.io/empty-dir/919bc9c6-9939-4335-ac2e-c10b74cb3724-operator-init\") pod \"919bc9c6-9939-4335-ac2e-c10b74cb3724\" (UID: \"919bc9c6-9939-4335-ac2e-c10b74cb3724\") "
2025-01-28 23:39:19,844 INFO c.h.h.t.HelmChartContainer - [hivemq-test-hivemq-platform] [hivemq-platform-operator] [e1373b83] 23:39:19.839 [ReconcilerExecutor-hivemq-controller-98] DEBUG c.h.p.o.h.HiveMQPlatformReconcilerErrorHandler - [helmvolu] Pod 'test-hivemq-platform-1' phase Running
2025-01-28 23:39:19,844 INFO c.h.h.t.HelmChartContainer - [K3S] [reconciler_common.go:162] "operationExecutor.UnmountVolume started for volume \"kube-api-access-z58wr\" (UniqueName: \"kubernetes.io/projected/919bc9c6-9939-4335-ac2e-c10b74cb3724-kube-api-access-z58wr\") pod \"919bc9c6-9939-4335-ac2e-c10b74cb3724\" (UID: \"919bc9c6-9939-4335-ac2e-c10b74cb3724\") "
2025-01-28 23:39:19,844 INFO c.h.h.t.HelmChartContainer - [K3S] [reconciler_common.go:162] "operationExecutor.UnmountVolume started for volume \"pod-info\" (UniqueName: \"kubernetes.io/configmap/919bc9c6-9939-4335-ac2e-c10b74cb3724-pod-info\") pod \"919bc9c6-9939-4335-ac2e-c10b74cb3724\" (UID: \"919bc9c6-9939-4335-ac2e-c10b74cb3724\") "
2025-01-28 23:39:19,844 INFO c.h.h.t.HelmChartContainer - [K3S] [reconciler_common.go:162] "operationExecutor.UnmountVolume started for volume \"hivemq-pvc-data\" (UniqueName: \"kubernetes.io/local-volume/pvc-66d5472b-0907-4972-ac5c-69f14a653c3e\") pod \"919bc9c6-9939-4335-ac2e-c10b74cb3724\" (UID: \"919bc9c6-9939-4335-ac2e-c10b74cb3724\") "
2025-01-28 23:39:19,851 INFO c.h.h.t.HelmChartContainer - [hivemq-test-hivemq-platform] [hivemq-platform-operator] [e1373b83] 23:39:19.840 [ReconcilerExecutor-hivemq-controller-98] DEBUG c.h.p.o.h.HiveMQPlatformReconcilerErrorHandler - [helmvolu] Pod 'test-hivemq-platform-0' phase Failed
2025-01-28 23:39:19,851 INFO c.h.h.t.HelmChartContainer - [hivemq-test-hivemq-platform] [hivemq-platform-operator] [e1373b83] 23:39:19.840 [ReconcilerExecutor-hivemq-controller-98] DEBUG c.h.p.o.h.HiveMQPlatformReconcilerErrorHandler - [helmvolu] Pod 'test-hivemq-platform-0' condition 'PodReadyToStartContainers': False
2025-01-28 23:39:19,851 INFO c.h.h.t.HelmChartContainer - [hivemq-test-hivemq-platform] [hivemq-platform-operator] [e1373b83] 23:39:19.840 [ReconcilerExecutor-hivemq-controller-98] DEBUG c.h.p.o.h.HiveMQPlatformReconcilerErrorHandler - [helmvolu] Pod 'test-hivemq-platform-0' condition 'Initialized': True
2025-01-28 23:39:19,851 INFO c.h.h.t.HelmChartContainer - [hivemq-test-hivemq-platform] [hivemq-platform-operator] [e1373b83] 23:39:19.840 [ReconcilerExecutor-hivemq-controller-98] DEBUG c.h.p.o.h.HiveMQPlatformReconcilerErrorHandler - [helmvolu] Pod 'test-hivemq-platform-0' condition 'Ready': False
2025-01-28 23:39:19,851 INFO c.h.h.t.HelmChartContainer - [hivemq-test-hivemq-platform] [hivemq-platform-operator] [e1373b83] 23:39:19.840 [ReconcilerExecutor-hivemq-controller-98] DEBUG c.h.p.o.h.HiveMQPlatformReconcilerErrorHandler - [helmvolu] Pod 'test-hivemq-platform-0' condition 'ContainersReady': False
2025-01-28 23:39:19,851 INFO c.h.h.t.HelmChartContainer - [hivemq-test-hivemq-platform] [hivemq-platform-operator] [e1373b83] 23:39:19.840 [ReconcilerExecutor-hivemq-controller-98] DEBUG c.h.p.o.h.HiveMQPlatformReconcilerErrorHandler - [helmvolu] Pod 'test-hivemq-platform-0' condition 'PodScheduled': True
2025-01-28 23:39:19,851 INFO c.h.h.t.HelmChartContainer - [hivemq-test-hivemq-platform] [hivemq-platform-operator] [e1373b83] 23:39:19.840 [ReconcilerExecutor-hivemq-controller-98] DEBUG c.h.p.o.h.HiveMQPlatformReconcilerErrorHandler - [helmvolu] Pod 'test-hivemq-platform-0' containerStatus 'hivemq' (started: false) (ready: false) (waiting: [Unknown] no message)
2025-01-28 23:39:19,851 INFO c.h.h.t.HelmChartContainer - [hivemq-test-hivemq-platform] [hivemq-platform-operator] [e1373b83] 23:39:19.841 [ReconcilerExecutor-hivemq-controller-98] DEBUG c.h.p.o.h.HiveMQPlatformReconcilerRollingRestartHandler - [helmvolu] Rolling restart is waiting for 2 of 3 replicas
2025-01-28 23:39:19,851 INFO c.h.h.t.HelmChartContainer - [hivemq-test-hivemq-platform] [hivemq-platform-operator] [e1373b83] 23:39:19.844 [pool-6-thread-8] DEBUG c.h.p.o.dependants.PodInfoConfigMap - [helmvolu] Desired PodInfo ConfigMap (1 extensions) (1 enabled)
2025-01-28 23:39:19,851 INFO c.h.h.t.HelmChartContainer - [hivemq-test-hivemq-platform] [hivemq-platform-operator] [e1373b83] 23:39:19.844 [pool-6-thread-8] DEBUG c.h.p.o.dependants.PodInfoConfigMap - [helmvolu] Desired PodInfo ConfigMap (metrics port: 9399) (metrics path: /)
2025-01-28 23:39:19,851 INFO c.h.h.t.HelmChartContainer - [hivemq-test-hivemq-platform] [hivemq-platform-operator] [e1373b83] 23:39:19.844 [pool-6-thread-8] DEBUG c.h.p.o.dependants.PodInfoConfigMap - [helmvolu] Desired PodInfo ConfigMap (extension state hash: -1817474005)
2025-01-28 23:39:19,851 INFO c.h.h.t.HelmChartContainer - [hivemq-test-hivemq-platform] [hivemq-platform-operator] [e1373b83] 23:39:19.845 [pool-6-thread-4] DEBUG c.h.p.o.d.PlatformServiceResource - [helmvolu] Desired Platform services (3 services)
2025-01-28 23:39:19,851 INFO c.h.h.t.HelmChartContainer - [hivemq-test-hivemq-platform] [hivemq-platform-operator] [e1373b83] 23:39:19.846 [pool-6-thread-3] DEBUG c.h.p.o.d.PodServiceAccountResource - [helmvolu] Desired PodServiceAccountResource (serviceAccountName: hivemq-platform-pod-test-hivemq-platform)
2025-01-28 23:39:19,880 INFO c.h.h.t.HelmChartContainer - [test-hivemq-platform] [hivemq] [3eda3e89] INFO  - [HiveMQ Platform Operator Init App 1.7.0-SNAPSHOT] Returning Health API response 200 for liveness
2025-01-28 23:39:19,910 INFO c.h.h.t.HelmChartContainer - [hivemq-test-hivemq-platform] [hivemq-platform-operator] [e1373b83] 23:39:19.909 [pool-6-thread-6] DEBUG c.h.p.o.d.StatefulSetResource - [helmvolu] Desired StatefulSet (3 replicas) for status ROLLING_RESTART (RESTART_PODS_IN_PROGRESS)
2025-01-28 23:39:19,912 INFO c.h.h.t.HelmChartContainer - [hivemq-test-hivemq-platform] [hivemq-platform-operator] [e1373b83] 23:39:19.912 [ReconcilerExecutor-hivemq-controller-98] INFO  c.h.p.o.HiveMQPlatformReconciler - [helmvolu] Reconciling HiveMQ Platform 'test-hivemq-platform' in namespace 'helmvolumeclaimtemplatesit'
2025-01-28 23:39:19,913 INFO c.h.h.t.HelmChartContainer - [hivemq-test-hivemq-platform] [hivemq-platform-operator] [e1373b83] 23:39:19.912 [ReconcilerExecutor-hivemq-controller-98] DEBUG c.h.p.o.HiveMQPlatformReconciler - [helmvolu] Custom Resource Status ROLLING_RESTART - HiveMQ Platform is restarting Pods (rolling restart) (RESTART_PODS_IN_PROGRESS)
2025-01-28 23:39:19,913 INFO c.h.h.t.HelmChartContainer - [hivemq-test-hivemq-platform] [hivemq-platform-operator] [e1373b83] 23:39:19.912 [ReconcilerExecutor-hivemq-controller-98] DEBUG c.h.p.o.HiveMQPlatformReconciler - [helmvolu] Custom Resource Spec (replicas: 2) (extensions: 1)
2025-01-28 23:39:19,914 INFO c.h.h.t.HelmChartContainer - [hivemq-test-hivemq-platform] [hivemq-platform-operator] [e1373b83] 23:39:19.913 [ReconcilerExecutor-hivemq-controller-98] DEBUG c.h.p.o.HiveMQPlatformReconciler - [helmvolu] StatefulSet Status (revision: test-hivemq-platform-59475f86c9, replicas: 3, available: 2, ready: 2, current: 0, updated: 2)
2025-01-28 23:39:19,914 INFO c.h.h.t.HelmChartContainer - [hivemq-test-hivemq-platform] [hivemq-platform-operator] [e1373b83] 23:39:19.913 [ReconcilerExecutor-hivemq-controller-98] DEBUG c.h.p.o.HiveMQPlatformReconciler - [helmvolu] StatefulSet Spec (replicas: 3, init containers: 1, containers: 1, volumes: 4)
2025-01-28 23:39:19,925 INFO c.h.h.t.HelmChartContainer - [hivemq-test-hivemq-platform] [hivemq-platform-operator] [e1373b83] 23:39:19.925 [ReconcilerExecutor-hivemq-controller-98] DEBUG c.h.p.o.h.HiveMQPlatformReconcilerErrorHandler - [helmvolu] Pod 'test-hivemq-platform-2' phase Running
2025-01-28 23:39:19,926 INFO c.h.h.t.HelmChartContainer - [hivemq-test-hivemq-platform] [hivemq-platform-operator] [e1373b83] 23:39:19.926 [ReconcilerExecutor-hivemq-controller-98] DEBUG c.h.p.o.h.HiveMQPlatformReconcilerErrorHandler - [helmvolu] Pod 'test-hivemq-platform-1' phase Running
2025-01-28 23:39:19,927 INFO c.h.h.t.HelmChartContainer - [hivemq-test-hivemq-platform] [hivemq-platform-operator] [e1373b83] 23:39:19.927 [ReconcilerExecutor-hivemq-controller-98] DEBUG c.h.p.o.h.HiveMQPlatformReconcilerErrorHandler - [helmvolu] Pod 'test-hivemq-platform-0' phase Failed
2025-01-28 23:39:19,928 INFO c.h.h.t.HelmChartContainer - [hivemq-test-hivemq-platform] [hivemq-platform-operator] [e1373b83] 23:39:19.927 [ReconcilerExecutor-hivemq-controller-98] DEBUG c.h.p.o.h.HiveMQPlatformReconcilerErrorHandler - [helmvolu] Pod 'test-hivemq-platform-0' condition 'PodReadyToStartContainers': False
2025-01-28 23:39:19,928 INFO c.h.h.t.HelmChartContainer - [hivemq-test-hivemq-platform] [hivemq-platform-operator] [e1373b83] 23:39:19.927 [ReconcilerExecutor-hivemq-controller-98] DEBUG c.h.p.o.h.HiveMQPlatformReconcilerErrorHandler - [helmvolu] Pod 'test-hivemq-platform-0' condition 'Initialized': True
2025-01-28 23:39:19,928 INFO c.h.h.t.HelmChartContainer - [hivemq-test-hivemq-platform] [hivemq-platform-operator] [e1373b83] 23:39:19.927 [ReconcilerExecutor-hivemq-controller-98] DEBUG c.h.p.o.h.HiveMQPlatformReconcilerErrorHandler - [helmvolu] Pod 'test-hivemq-platform-0' condition 'Ready': False
2025-01-28 23:39:19,928 INFO c.h.h.t.HelmChartContainer - [hivemq-test-hivemq-platform] [hivemq-platform-operator] [e1373b83] 23:39:19.927 [ReconcilerExecutor-hivemq-controller-98] DEBUG c.h.p.o.h.HiveMQPlatformReconcilerErrorHandler - [helmvolu] Pod 'test-hivemq-platform-0' condition 'ContainersReady': False
2025-01-28 23:39:19,928 INFO c.h.h.t.HelmChartContainer - [hivemq-test-hivemq-platform] [hivemq-platform-operator] [e1373b83] 23:39:19.927 [ReconcilerExecutor-hivemq-controller-98] DEBUG c.h.p.o.h.HiveMQPlatformReconcilerErrorHandler - [helmvolu] Pod 'test-hivemq-platform-0' condition 'PodScheduled': True
2025-01-28 23:39:19,928 INFO c.h.h.t.HelmChartContainer - [hivemq-test-hivemq-platform] [hivemq-platform-operator] [e1373b83] 23:39:19.927 [ReconcilerExecutor-hivemq-controller-98] DEBUG c.h.p.o.h.HiveMQPlatformReconcilerErrorHandler - [helmvolu] Pod 'test-hivemq-platform-0' containerStatus 'hivemq' (started: false) (ready: false) (waiting: [Unknown] no message)
2025-01-28 23:39:19,928 INFO c.h.h.t.HelmChartContainer - [hivemq-test-hivemq-platform] [hivemq-platform-operator] [e1373b83] 23:39:19.927 [ReconcilerExecutor-hivemq-controller-98] DEBUG c.h.p.o.h.HiveMQPlatformReconcilerRollingRestartHandler - [helmvolu] Rolling restart is waiting for 2 of 3 replicas
2025-01-28 23:39:19,944 INFO c.h.h.t.HelmChartContainer - [K3S] [reconciler_common.go:299] "Volume detached for volume \"pod-info\" (UniqueName: \"kubernetes.io/configmap/919bc9c6-9939-4335-ac2e-c10b74cb3724-pod-info\") on node \"e2cd8e671f95\" DevicePath \"\""
2025-01-28 23:39:19,944 INFO c.h.h.t.HelmChartContainer - [K3S] [reconciler_common.go:292] "operationExecutor.UnmountDevice started for volume \"pvc-66d5472b-0907-4972-ac5c-69f14a653c3e\" (UniqueName: \"kubernetes.io/local-volume/pvc-66d5472b-0907-4972-ac5c-69f14a653c3e\") on node \"e2cd8e671f95\" "
2025-01-28 23:39:19,945 INFO c.h.h.t.HelmChartContainer - [K3S] [reconciler_common.go:299] "Volume detached for volume \"operator-init\" (UniqueName: \"kubernetes.io/empty-dir/919bc9c6-9939-4335-ac2e-c10b74cb3724-operator-init\") on node \"e2cd8e671f95\" DevicePath \"\""
2025-01-28 23:39:19,945 INFO c.h.h.t.HelmChartContainer - [K3S] [reconciler_common.go:299] "Volume detached for volume \"broker-configuration\" (UniqueName: \"kubernetes.io/configmap/919bc9c6-9939-4335-ac2e-c10b74cb3724-broker-configuration\") on node \"e2cd8e671f95\" DevicePath \"\""
2025-01-28 23:39:19,945 INFO c.h.h.t.HelmChartContainer - [K3S] [reconciler_common.go:299] "Volume detached for volume \"kube-api-access-z58wr\" (UniqueName: \"kubernetes.io/projected/919bc9c6-9939-4335-ac2e-c10b74cb3724-kube-api-access-z58wr\") on node \"e2cd8e671f95\" DevicePath \"\""
2025-01-28 23:39:20,045 INFO c.h.h.t.HelmChartContainer - [K3S] [reconciler_common.go:299] "Volume detached for volume \"pvc-66d5472b-0907-4972-ac5c-69f14a653c3e\" (UniqueName: \"kubernetes.io/local-volume/pvc-66d5472b-0907-4972-ac5c-69f14a653c3e\") on node \"e2cd8e671f95\" DevicePath \"\""
2025-01-28 23:39:20,593 INFO c.h.h.t.HelmChartContainer - [K3S] [scope.go:117] "RemoveContainer" containerID="3b5e24d87c76e854c3f2b867721d3dc811814ee0a09dfe8d88206a692557102c"
2025-01-28 23:39:20,596 INFO c.h.h.t.HelmChartContainer - [K3S] [scope.go:117] "RemoveContainer" containerID="b6981e35a6817780cc4c4fcc0fe93a178eebe71c851fb86aa87c78ba5747bf15"
2025-01-28 23:39:20,600 INFO c.h.h.t.HelmChartContainer - [K3S] [scope.go:117] "RemoveContainer" containerID="3b5e24d87c76e854c3f2b867721d3dc811814ee0a09dfe8d88206a692557102c"
2025-01-28 23:39:20,600 INFO c.h.h.t.HelmChartContainer - [K3S] [scope.go:117] "RemoveContainer" containerID="b6981e35a6817780cc4c4fcc0fe93a178eebe71c851fb86aa87c78ba5747bf15"
2025-01-28 23:39:20,605 INFO c.h.h.t.HelmChartContainer - [POD] test-hivemq-platform-0 [919bc9c6-9939-4335-ac2e-c10b74cb3724] in helmvolumeclaimtemplatesit was MODIFIED
2025-01-28 23:39:20,609 INFO c.h.h.t.HelmChartContainer - [POD] test-hivemq-platform-0 [919bc9c6-9939-4335-ac2e-c10b74cb3724] in helmvolumeclaimtemplatesit was DELETED
2025-01-28 23:39:20,614 INFO c.h.h.t.HelmChartContainer - [hivemq-test-hivemq-platform] [hivemq-platform-operator] [e1373b83] 23:39:20.613 [pool-6-thread-19] DEBUG c.h.p.o.d.PlatformServiceResource - [helmvolu] Desired Platform services (3 services)
2025-01-28 23:39:20,618 INFO c.h.h.t.HelmChartContainer - [hivemq-test-hivemq-platform] [hivemq-platform-operator] [e1373b83] 23:39:20.616 [pool-6-thread-13] DEBUG c.h.p.o.d.PodServiceAccountResource - [helmvolu] Desired PodServiceAccountResource (serviceAccountName: hivemq-platform-pod-test-hivemq-platform)
2025-01-28 23:39:20,618 INFO c.h.h.t.HelmChartContainer - [hivemq-test-hivemq-platform] [hivemq-platform-operator] [e1373b83] 23:39:20.616 [pool-6-thread-20] DEBUG c.h.p.o.dependants.PodInfoConfigMap - [helmvolu] Desired PodInfo ConfigMap (1 extensions) (1 enabled)
2025-01-28 23:39:20,618 INFO c.h.h.t.HelmChartContainer - [hivemq-test-hivemq-platform] [hivemq-platform-operator] [e1373b83] 23:39:20.616 [pool-6-thread-20] DEBUG c.h.p.o.dependants.PodInfoConfigMap - [helmvolu] Desired PodInfo ConfigMap (metrics port: 9399) (metrics path: /)
2025-01-28 23:39:20,618 INFO c.h.h.t.HelmChartContainer - [hivemq-test-hivemq-platform] [hivemq-platform-operator] [e1373b83] 23:39:20.617 [pool-6-thread-20] DEBUG c.h.p.o.dependants.PodInfoConfigMap - [helmvolu] Desired PodInfo ConfigMap (extension state hash: -1817474005)
2025-01-28 23:39:20,629 INFO c.h.h.t.HelmChartContainer - [hivemq-test-hivemq-platform] [hivemq-platform-operator] [e1373b83] 23:39:20.621 [pool-6-thread-17] DEBUG c.h.p.o.d.StatefulSetResource - [helmvolu] Desired StatefulSet (3 replicas) for status ROLLING_RESTART (RESTART_PODS_IN_PROGRESS)
2025-01-28 23:39:20,630 INFO c.h.h.t.HelmChartContainer - [hivemq-test-hivemq-platform] [hivemq-platform-operator] [e1373b83] 23:39:20.625 [ReconcilerExecutor-hivemq-controller-110] INFO  c.h.p.o.HiveMQPlatformReconciler - [helmvolu] Reconciling HiveMQ Platform 'test-hivemq-platform' in namespace 'helmvolumeclaimtemplatesit'
2025-01-28 23:39:20,630 INFO c.h.h.t.HelmChartContainer - [hivemq-test-hivemq-platform] [hivemq-platform-operator] [e1373b83] 23:39:20.625 [ReconcilerExecutor-hivemq-controller-110] DEBUG c.h.p.o.HiveMQPlatformReconciler - [helmvolu] Custom Resource Status ROLLING_RESTART - HiveMQ Platform is restarting Pods (rolling restart) (RESTART_PODS_IN_PROGRESS)
2025-01-28 23:39:20,630 INFO c.h.h.t.HelmChartContainer - [hivemq-test-hivemq-platform] [hivemq-platform-operator] [e1373b83] 23:39:20.625 [ReconcilerExecutor-hivemq-controller-110] DEBUG c.h.p.o.HiveMQPlatformReconciler - [helmvolu] Custom Resource Spec (replicas: 2) (extensions: 1)
2025-01-28 23:39:20,630 INFO c.h.h.t.HelmChartContainer - [hivemq-test-hivemq-platform] [hivemq-platform-operator] [e1373b83] 23:39:20.627 [ReconcilerExecutor-hivemq-controller-110] DEBUG c.h.p.o.HiveMQPlatformReconciler - [helmvolu] StatefulSet Status (revision: test-hivemq-platform-59475f86c9, replicas: 3, available: 2, ready: 2, current: 0, updated: 2)
2025-01-28 23:39:20,634 INFO c.h.h.t.HelmChartContainer - [POD] test-hivemq-platform-0 [3131b977-5fd6-4e5a-aeca-214e6ab54aa1] in helmvolumeclaimtemplatesit was ADDED
2025-01-28 23:39:20,637 INFO c.h.h.t.HelmChartContainer - [hivemq-test-hivemq-platform] [hivemq-platform-operator] [e1373b83] 23:39:20.627 [ReconcilerExecutor-hivemq-controller-110] DEBUG c.h.p.o.HiveMQPlatformReconciler - [helmvolu] StatefulSet Spec (replicas: 3, init containers: 1, containers: 1, volumes: 4)
2025-01-28 23:39:20,637 INFO c.h.h.t.HelmChartContainer - [hivemq-test-hivemq-platform] [hivemq-platform-operator] [e1373b83] 23:39:20.628 [ReconcilerExecutor-hivemq-controller-110] DEBUG c.h.p.o.h.HiveMQPlatformReconcilerErrorHandler - [helmvolu] Pod 'test-hivemq-platform-2' phase Running
2025-01-28 23:39:20,637 INFO c.h.h.t.HelmChartContainer - [hivemq-test-hivemq-platform] [hivemq-platform-operator] [e1373b83] 23:39:20.629 [ReconcilerExecutor-hivemq-controller-110] DEBUG c.h.p.o.h.HiveMQPlatformReconcilerErrorHandler - [helmvolu] Pod 'test-hivemq-platform-1' phase Running
2025-01-28 23:39:20,637 INFO c.h.h.t.HelmChartContainer - [hivemq-test-hivemq-platform] [hivemq-platform-operator] [e1373b83] 23:39:20.630 [ReconcilerExecutor-hivemq-controller-110] DEBUG c.h.p.o.h.HiveMQPlatformReconcilerRollingRestartHandler - [helmvolu] Rolling restart is waiting for 2 of 3 replicas
2025-01-28 23:39:20,641 INFO c.h.h.t.HelmChartContainer - [EVENT] Normal [SuccessfulCreate] create Pod test-hivemq-platform-0 in StatefulSet test-hivemq-platform successful [helmvolumeclaimtemplatesit:test-hivemq-platform]
2025-01-28 23:39:20,641 INFO c.h.h.t.HelmChartContainer - [K3S] [memory_manager.go:355] "RemoveStaleState removing state" podUID="919bc9c6-9939-4335-ac2e-c10b74cb3724" containerName="hivemq"
2025-01-28 23:39:20,642 INFO c.h.h.t.HelmChartContainer - [hivemq-test-hivemq-platform] [hivemq-platform-operator] [e1373b83] 23:39:20.637 [pool-6-thread-29] DEBUG c.h.p.o.d.PlatformServiceResource - [helmvolu] Desired Platform services (3 services)
2025-01-28 23:39:20,643 INFO c.h.h.t.HelmChartContainer - [POD] test-hivemq-platform-0 [3131b977-5fd6-4e5a-aeca-214e6ab54aa1] in helmvolumeclaimtemplatesit was MODIFIED
2025-01-28 23:39:20,650 INFO c.h.h.t.HelmChartContainer - [EVENT] Normal [Scheduled] Successfully assigned helmvolumeclaimtemplatesit/test-hivemq-platform-0 to e2cd8e671f95 [helmvolumeclaimtemplatesit:test-hivemq-platform-0]
2025-01-28 23:39:20,661 INFO c.h.h.t.HelmChartContainer - [POD] test-hivemq-platform-0 [3131b977-5fd6-4e5a-aeca-214e6ab54aa1] in helmvolumeclaimtemplatesit was MODIFIED
2025-01-28 23:39:20,711 INFO c.h.h.t.HelmChartContainer - [hivemq-test-hivemq-platform] [hivemq-platform-operator] [e1373b83] 23:39:20.707 [pool-6-thread-28] DEBUG c.h.p.o.d.PodServiceAccountResource - [helmvolu] Desired PodServiceAccountResource (serviceAccountName: hivemq-platform-pod-test-hivemq-platform)
2025-01-28 23:39:20,711 INFO c.h.h.t.HelmChartContainer - [hivemq-test-hivemq-platform] [hivemq-platform-operator] [e1373b83] 23:39:20.710 [pool-6-thread-29] DEBUG c.h.p.o.dependants.PodInfoConfigMap - [helmvolu] Desired PodInfo ConfigMap (1 extensions) (1 enabled)
2025-01-28 23:39:20,711 INFO c.h.h.t.HelmChartContainer - [hivemq-test-hivemq-platform] [hivemq-platform-operator] [e1373b83] 23:39:20.710 [pool-6-thread-29] DEBUG c.h.p.o.dependants.PodInfoConfigMap - [helmvolu] Desired PodInfo ConfigMap (metrics port: 9399) (metrics path: /)
2025-01-28 23:39:20,718 INFO c.h.h.t.HelmChartContainer - [hivemq-test-hivemq-platform] [hivemq-platform-operator] [e1373b83] 23:39:20.711 [pool-6-thread-29] DEBUG c.h.p.o.dependants.PodInfoConfigMap - [helmvolu] Desired PodInfo ConfigMap (extension state hash: -1817474005)
2025-01-28 23:39:20,718 INFO c.h.h.t.HelmChartContainer - [hivemq-test-hivemq-platform] [hivemq-platform-operator] [e1373b83] 23:39:20.712 [pool-6-thread-29] DEBUG c.h.p.o.d.StatefulSetResource - [helmvolu] Desired StatefulSet (3 replicas) for status ROLLING_RESTART (RESTART_PODS_IN_PROGRESS)
2025-01-28 23:39:20,718 INFO c.h.h.t.HelmChartContainer - [hivemq-test-hivemq-platform] [hivemq-platform-operator] [e1373b83] 23:39:20.716 [ReconcilerExecutor-hivemq-controller-110] INFO  c.h.p.o.HiveMQPlatformReconciler - [helmvolu] Reconciling HiveMQ Platform 'test-hivemq-platform' in namespace 'helmvolumeclaimtemplatesit'
2025-01-28 23:39:20,719 INFO c.h.h.t.HelmChartContainer - [hivemq-test-hivemq-platform] [hivemq-platform-operator] [e1373b83] 23:39:20.717 [ReconcilerExecutor-hivemq-controller-110] DEBUG c.h.p.o.HiveMQPlatformReconciler - [helmvolu] Custom Resource Status ROLLING_RESTART - HiveMQ Platform is restarting Pods (rolling restart) (RESTART_PODS_IN_PROGRESS)
2025-01-28 23:39:20,719 INFO c.h.h.t.HelmChartContainer - [hivemq-test-hivemq-platform] [hivemq-platform-operator] [e1373b83] 23:39:20.717 [ReconcilerExecutor-hivemq-controller-110] DEBUG c.h.p.o.HiveMQPlatformReconciler - [helmvolu] Custom Resource Spec (replicas: 2) (extensions: 1)
2025-01-28 23:39:20,726 INFO c.h.h.t.HelmChartContainer - [hivemq-test-hivemq-platform] [hivemq-platform-operator] [e1373b83] 23:39:20.725 [ReconcilerExecutor-hivemq-controller-110] DEBUG c.h.p.o.HiveMQPlatformReconciler - [helmvolu] StatefulSet Status (revision: test-hivemq-platform-59475f86c9, replicas: 3, available: 2, ready: 2, current: 0, updated: 3)
2025-01-28 23:39:20,726 INFO c.h.h.t.HelmChartContainer - [hivemq-test-hivemq-platform] [hivemq-platform-operator] [e1373b83] 23:39:20.725 [ReconcilerExecutor-hivemq-controller-110] DEBUG c.h.p.o.HiveMQPlatformReconciler - [helmvolu] StatefulSet Spec (replicas: 3, init containers: 1, containers: 1, volumes: 4)
2025-01-28 23:39:20,728 INFO c.h.h.t.HelmChartContainer - [hivemq-test-hivemq-platform] [hivemq-platform-operator] [e1373b83] 23:39:20.727 [ReconcilerExecutor-hivemq-controller-110] DEBUG c.h.p.o.h.HiveMQPlatformReconcilerErrorHandler - [helmvolu] Pod 'test-hivemq-platform-2' phase Running
2025-01-28 23:39:20,729 INFO c.h.h.t.HelmChartContainer - [hivemq-test-hivemq-platform] [hivemq-platform-operator] [e1373b83] 23:39:20.729 [ReconcilerExecutor-hivemq-controller-110] DEBUG c.h.p.o.h.HiveMQPlatformReconcilerErrorHandler - [helmvolu] Pod 'test-hivemq-platform-1' phase Running
2025-01-28 23:39:20,731 INFO c.h.h.t.HelmChartContainer - [hivemq-test-hivemq-platform] [hivemq-platform-operator] [e1373b83] 23:39:20.730 [ReconcilerExecutor-hivemq-controller-110] DEBUG c.h.p.o.h.HiveMQPlatformReconcilerErrorHandler - [helmvolu] Pod 'test-hivemq-platform-0' phase Pending
2025-01-28 23:39:20,732 INFO c.h.h.t.HelmChartContainer - [hivemq-test-hivemq-platform] [hivemq-platform-operator] [e1373b83] 23:39:20.730 [ReconcilerExecutor-hivemq-controller-110] DEBUG c.h.p.o.h.HiveMQPlatformReconcilerErrorHandler - [helmvolu] Pod 'test-hivemq-platform-0' condition 'PodReadyToStartContainers': False
2025-01-28 23:39:20,732 INFO c.h.h.t.HelmChartContainer - [hivemq-test-hivemq-platform] [hivemq-platform-operator] [e1373b83] 23:39:20.730 [ReconcilerExecutor-hivemq-controller-110] DEBUG c.h.p.o.h.HiveMQPlatformReconcilerErrorHandler - [helmvolu] Pod 'test-hivemq-platform-0' condition 'Initialized': False
2025-01-28 23:39:20,732 INFO c.h.h.t.HelmChartContainer - [hivemq-test-hivemq-platform] [hivemq-platform-operator] [e1373b83] 23:39:20.730 [ReconcilerExecutor-hivemq-controller-110] DEBUG c.h.p.o.h.HiveMQPlatformReconcilerErrorHandler - [helmvolu] Pod 'test-hivemq-platform-0' condition 'Ready': False
2025-01-28 23:39:20,732 INFO c.h.h.t.HelmChartContainer - [hivemq-test-hivemq-platform] [hivemq-platform-operator] [e1373b83] 23:39:20.730 [ReconcilerExecutor-hivemq-controller-110] DEBUG c.h.p.o.h.HiveMQPlatformReconcilerErrorHandler - [helmvolu] Pod 'test-hivemq-platform-0' condition 'ContainersReady': False
2025-01-28 23:39:20,732 INFO c.h.h.t.HelmChartContainer - [hivemq-test-hivemq-platform] [hivemq-platform-operator] [e1373b83] 23:39:20.730 [ReconcilerExecutor-hivemq-controller-110] DEBUG c.h.p.o.h.HiveMQPlatformReconcilerErrorHandler - [helmvolu] Pod 'test-hivemq-platform-0' condition 'PodScheduled': True
2025-01-28 23:39:20,732 INFO c.h.h.t.HelmChartContainer - [hivemq-test-hivemq-platform] [hivemq-platform-operator] [e1373b83] 23:39:20.730 [ReconcilerExecutor-hivemq-controller-110] DEBUG c.h.p.o.h.HiveMQPlatformReconcilerErrorHandler - [helmvolu] Pod 'test-hivemq-platform-0' containerStatus 'hivemq' (started: false) (ready: false) (waiting: [PodInitializing] null)
2025-01-28 23:39:20,732 INFO c.h.h.t.HelmChartContainer - [hivemq-test-hivemq-platform] [hivemq-platform-operator] [e1373b83] 23:39:20.731 [ReconcilerExecutor-hivemq-controller-110] DEBUG c.h.p.o.h.HiveMQPlatformReconcilerRollingRestartHandler - [helmvolu] Rolling restart is waiting for 2 of 3 replicas
2025-01-28 23:39:20,735 INFO c.h.h.t.HelmChartContainer - [hivemq-test-hivemq-platform] [hivemq-platform-operator] [e1373b83] 23:39:20.733 [pool-6-thread-31] DEBUG c.h.p.o.d.PlatformServiceResource - [helmvolu] Desired Platform services (3 services)
2025-01-28 23:39:20,735 INFO c.h.h.t.HelmChartContainer - [hivemq-test-hivemq-platform] [hivemq-platform-operator] [e1373b83] 23:39:20.734 [pool-6-thread-40] DEBUG c.h.p.o.dependants.PodInfoConfigMap - [helmvolu] Desired PodInfo ConfigMap (1 extensions) (1 enabled)
2025-01-28 23:39:20,735 INFO c.h.h.t.HelmChartContainer - [hivemq-test-hivemq-platform] [hivemq-platform-operator] [e1373b83] 23:39:20.734 [pool-6-thread-40] DEBUG c.h.p.o.dependants.PodInfoConfigMap - [helmvolu] Desired PodInfo ConfigMap (metrics port: 9399) (metrics path: /)
2025-01-28 23:39:20,735 INFO c.h.h.t.HelmChartContainer - [hivemq-test-hivemq-platform] [hivemq-platform-operator] [e1373b83] 23:39:20.734 [pool-6-thread-40] DEBUG c.h.p.o.dependants.PodInfoConfigMap - [helmvolu] Desired PodInfo ConfigMap (extension state hash: -1817474005)
2025-01-28 23:39:20,751 INFO c.h.h.t.HelmChartContainer - [K3S] [reconciler_common.go:251] "operationExecutor.VerifyControllerAttachedVolume started for volume \"pvc-66d5472b-0907-4972-ac5c-69f14a653c3e\" (UniqueName: \"kubernetes.io/local-volume/pvc-66d5472b-0907-4972-ac5c-69f14a653c3e\") pod \"test-hivemq-platform-0\" (UID: \"3131b977-5fd6-4e5a-aeca-214e6ab54aa1\") " pod="helmvolumeclaimtemplatesit/test-hivemq-platform-0"
2025-01-28 23:39:20,751 INFO c.h.h.t.HelmChartContainer - [K3S] [reconciler_common.go:251] "operationExecutor.VerifyControllerAttachedVolume started for volume \"broker-configuration\" (UniqueName: \"kubernetes.io/configmap/3131b977-5fd6-4e5a-aeca-214e6ab54aa1-broker-configuration\") pod \"test-hivemq-platform-0\" (UID: \"3131b977-5fd6-4e5a-aeca-214e6ab54aa1\") " pod="helmvolumeclaimtemplatesit/test-hivemq-platform-0"
2025-01-28 23:39:20,751 INFO c.h.h.t.HelmChartContainer - [K3S] [reconciler_common.go:251] "operationExecutor.VerifyControllerAttachedVolume started for volume \"pod-info\" (UniqueName: \"kubernetes.io/configmap/3131b977-5fd6-4e5a-aeca-214e6ab54aa1-pod-info\") pod \"test-hivemq-platform-0\" (UID: \"3131b977-5fd6-4e5a-aeca-214e6ab54aa1\") " pod="helmvolumeclaimtemplatesit/test-hivemq-platform-0"
2025-01-28 23:39:20,751 INFO c.h.h.t.HelmChartContainer - [K3S] [reconciler_common.go:251] "operationExecutor.VerifyControllerAttachedVolume started for volume \"operator-init\" (UniqueName: \"kubernetes.io/empty-dir/3131b977-5fd6-4e5a-aeca-214e6ab54aa1-operator-init\") pod \"test-hivemq-platform-0\" (UID: \"3131b977-5fd6-4e5a-aeca-214e6ab54aa1\") " pod="helmvolumeclaimtemplatesit/test-hivemq-platform-0"
2025-01-28 23:39:20,751 INFO c.h.h.t.HelmChartContainer - [K3S] [reconciler_common.go:251] "operationExecutor.VerifyControllerAttachedVolume started for volume \"kube-api-access-ctmhq\" (UniqueName: \"kubernetes.io/projected/3131b977-5fd6-4e5a-aeca-214e6ab54aa1-kube-api-access-ctmhq\") pod \"test-hivemq-platform-0\" (UID: \"3131b977-5fd6-4e5a-aeca-214e6ab54aa1\") " pod="helmvolumeclaimtemplatesit/test-hivemq-platform-0"
2025-01-28 23:39:20,809 INFO c.h.h.t.HelmChartContainer - [hivemq-test-hivemq-platform] [hivemq-platform-operator] [e1373b83] 23:39:20.807 [pool-6-thread-34] DEBUG c.h.p.o.d.PodServiceAccountResource - [helmvolu] Desired PodServiceAccountResource (serviceAccountName: hivemq-platform-pod-test-hivemq-platform)
2025-01-28 23:39:20,810 INFO c.h.h.t.HelmChartContainer - [hivemq-test-hivemq-platform] [hivemq-platform-operator] [e1373b83] 23:39:20.809 [pool-6-thread-39] DEBUG c.h.p.o.d.StatefulSetResource - [helmvolu] Desired StatefulSet (3 replicas) for status ROLLING_RESTART (RESTART_PODS_IN_PROGRESS)
2025-01-28 23:39:20,812 INFO c.h.h.t.HelmChartContainer - [hivemq-test-hivemq-platform] [hivemq-platform-operator] [e1373b83] 23:39:20.812 [ReconcilerExecutor-hivemq-controller-110] INFO  c.h.p.o.HiveMQPlatformReconciler - [helmvolu] Reconciling HiveMQ Platform 'test-hivemq-platform' in namespace 'helmvolumeclaimtemplatesit'
2025-01-28 23:39:20,812 INFO c.h.h.t.HelmChartContainer - [hivemq-test-hivemq-platform] [hivemq-platform-operator] [e1373b83] 23:39:20.812 [ReconcilerExecutor-hivemq-controller-110] DEBUG c.h.p.o.HiveMQPlatformReconciler - [helmvolu] Custom Resource Status ROLLING_RESTART - HiveMQ Platform is restarting Pods (rolling restart) (RESTART_PODS_IN_PROGRESS)
2025-01-28 23:39:20,812 INFO c.h.h.t.HelmChartContainer - [hivemq-test-hivemq-platform] [hivemq-platform-operator] [e1373b83] 23:39:20.812 [ReconcilerExecutor-hivemq-controller-110] DEBUG c.h.p.o.HiveMQPlatformReconciler - [helmvolu] Custom Resource Spec (replicas: 2) (extensions: 1)
2025-01-28 23:39:20,813 INFO c.h.h.t.HelmChartContainer - [hivemq-test-hivemq-platform] [hivemq-platform-operator] [e1373b83] 23:39:20.813 [ReconcilerExecutor-hivemq-controller-110] DEBUG c.h.p.o.HiveMQPlatformReconciler - [helmvolu] StatefulSet Status (revision: test-hivemq-platform-59475f86c9, replicas: 3, available: 2, ready: 2, current: 0, updated: 3)
2025-01-28 23:39:20,814 INFO c.h.h.t.HelmChartContainer - [hivemq-test-hivemq-platform] [hivemq-platform-operator] [e1373b83] 23:39:20.813 [ReconcilerExecutor-hivemq-controller-110] DEBUG c.h.p.o.HiveMQPlatformReconciler - [helmvolu] StatefulSet Spec (replicas: 3, init containers: 1, containers: 1, volumes: 4)
2025-01-28 23:39:20,815 INFO c.h.h.t.HelmChartContainer - [hivemq-test-hivemq-platform] [hivemq-platform-operator] [e1373b83] 23:39:20.814 [ReconcilerExecutor-hivemq-controller-110] DEBUG c.h.p.o.h.HiveMQPlatformReconcilerErrorHandler - [helmvolu] Pod 'test-hivemq-platform-2' phase Running
2025-01-28 23:39:20,816 INFO c.h.h.t.HelmChartContainer - [hivemq-test-hivemq-platform] [hivemq-platform-operator] [e1373b83] 23:39:20.815 [ReconcilerExecutor-hivemq-controller-110] DEBUG c.h.p.o.h.HiveMQPlatformReconcilerErrorHandler - [helmvolu] Pod 'test-hivemq-platform-1' phase Running
2025-01-28 23:39:20,817 INFO c.h.h.t.HelmChartContainer - [hivemq-test-hivemq-platform] [hivemq-platform-operator] [e1373b83] 23:39:20.816 [ReconcilerExecutor-hivemq-controller-110] DEBUG c.h.p.o.h.HiveMQPlatformReconcilerErrorHandler - [helmvolu] Pod 'test-hivemq-platform-0' phase Pending
2025-01-28 23:39:20,817 INFO c.h.h.t.HelmChartContainer - [hivemq-test-hivemq-platform] [hivemq-platform-operator] [e1373b83] 23:39:20.816 [ReconcilerExecutor-hivemq-controller-110] DEBUG c.h.p.o.h.HiveMQPlatformReconcilerErrorHandler - [helmvolu] Pod 'test-hivemq-platform-0' condition 'PodReadyToStartContainers': False
2025-01-28 23:39:20,817 INFO c.h.h.t.HelmChartContainer - [hivemq-test-hivemq-platform] [hivemq-platform-operator] [e1373b83] 23:39:20.816 [ReconcilerExecutor-hivemq-controller-110] DEBUG c.h.p.o.h.HiveMQPlatformReconcilerErrorHandler - [helmvolu] Pod 'test-hivemq-platform-0' condition 'Initialized': False
2025-01-28 23:39:20,817 INFO c.h.h.t.HelmChartContainer - [hivemq-test-hivemq-platform] [hivemq-platform-operator] [e1373b83] 23:39:20.816 [ReconcilerExecutor-hivemq-controller-110] DEBUG c.h.p.o.h.HiveMQPlatformReconcilerErrorHandler - [helmvolu] Pod 'test-hivemq-platform-0' condition 'Ready': False
2025-01-28 23:39:20,817 INFO c.h.h.t.HelmChartContainer - [hivemq-test-hivemq-platform] [hivemq-platform-operator] [e1373b83] 23:39:20.816 [ReconcilerExecutor-hivemq-controller-110] DEBUG c.h.p.o.h.HiveMQPlatformReconcilerErrorHandler - [helmvolu] Pod 'test-hivemq-platform-0' condition 'ContainersReady': False
2025-01-28 23:39:20,817 INFO c.h.h.t.HelmChartContainer - [hivemq-test-hivemq-platform] [hivemq-platform-operator] [e1373b83] 23:39:20.816 [ReconcilerExecutor-hivemq-controller-110] DEBUG c.h.p.o.h.HiveMQPlatformReconcilerErrorHandler - [helmvolu] Pod 'test-hivemq-platform-0' condition 'PodScheduled': True
2025-01-28 23:39:20,817 INFO c.h.h.t.HelmChartContainer - [hivemq-test-hivemq-platform] [hivemq-platform-operator] [e1373b83] 23:39:20.816 [ReconcilerExecutor-hivemq-controller-110] DEBUG c.h.p.o.h.HiveMQPlatformReconcilerErrorHandler - [helmvolu] Pod 'test-hivemq-platform-0' containerStatus 'hivemq' (started: false) (ready: false) (waiting: [PodInitializing] null)
2025-01-28 23:39:20,818 INFO c.h.h.t.HelmChartContainer - [hivemq-test-hivemq-platform] [hivemq-platform-operator] [e1373b83] 23:39:20.816 [ReconcilerExecutor-hivemq-controller-110] DEBUG c.h.p.o.h.HiveMQPlatformReconcilerRollingRestartHandler - [helmvolu] Rolling restart is waiting for 2 of 3 replicas
2025-01-28 23:39:21,037 INFO c.h.h.t.HelmChartContainer - [EVENT] Normal [Pulled] Container image "docker.io/hivemq/hivemq-platform-operator-init-test:snapshot" already present on machine [helmvolumeclaimtemplatesit:test-hivemq-platform-0]
2025-01-28 23:39:21,044 INFO c.h.h.t.HelmChartContainer - [EVENT] Normal [Created] Created container: hivemq-platform-operator-init [helmvolumeclaimtemplatesit:test-hivemq-platform-0]
2025-01-28 23:39:21,083 INFO c.h.h.t.HelmChartContainer - [EVENT] Normal [Started] Started container hivemq-platform-operator-init [helmvolumeclaimtemplatesit:test-hivemq-platform-0]
2025-01-28 23:39:21,600 INFO c.h.h.t.HelmChartContainer - [EVENT] Normal [Pulled] Container image "docker.io/hivemq/hivemq4:4.36.0" already present on machine [helmvolumeclaimtemplatesit:test-hivemq-platform-0]
2025-01-28 23:39:21,600 INFO c.h.h.t.HelmChartContainer - Received Pulled event for container hivemq in pod test-hivemq-platform-0 [3131b977-5fd6-4e5a-aeca-214e6ab54aa1]
2025-01-28 23:39:21,609 INFO c.h.h.t.HelmChartContainer - [POD] test-hivemq-platform-0 [3131b977-5fd6-4e5a-aeca-214e6ab54aa1] in helmvolumeclaimtemplatesit was MODIFIED
2025-01-28 23:39:21,612 INFO c.h.h.t.HelmChartContainer - [EVENT] Normal [Created] Created container: hivemq [helmvolumeclaimtemplatesit:test-hivemq-platform-0]
2025-01-28 23:39:21,612 INFO c.h.h.t.HelmChartContainer - Received Created event for container hivemq in pod test-hivemq-platform-0 [3131b977-5fd6-4e5a-aeca-214e6ab54aa1]
2025-01-28 23:39:21,621 INFO c.h.h.t.HelmChartContainer - [hivemq-test-hivemq-platform] [hivemq-platform-operator] [e1373b83] 23:39:21.614 [pool-6-thread-44] DEBUG c.h.p.o.d.PlatformServiceResource - [helmvolu] Desired Platform services (3 services)
2025-01-28 23:39:21,621 INFO c.h.h.t.HelmChartContainer - [hivemq-test-hivemq-platform] [hivemq-platform-operator] [e1373b83] 23:39:21.617 [pool-6-thread-48] DEBUG c.h.p.o.d.PodServiceAccountResource - [helmvolu] Desired PodServiceAccountResource (serviceAccountName: hivemq-platform-pod-test-hivemq-platform)
2025-01-28 23:39:21,629 INFO c.h.h.t.HelmChartContainer - [hivemq-test-hivemq-platform] [hivemq-platform-operator] [e1373b83] 23:39:21.621 [pool-6-thread-44] DEBUG c.h.p.o.dependants.PodInfoConfigMap - [helmvolu] Desired PodInfo ConfigMap (1 extensions) (1 enabled)
2025-01-28 23:39:21,629 INFO c.h.h.t.HelmChartContainer - [hivemq-test-hivemq-platform] [hivemq-platform-operator] [e1373b83] 23:39:21.621 [pool-6-thread-44] DEBUG c.h.p.o.dependants.PodInfoConfigMap - [helmvolu] Desired PodInfo ConfigMap (metrics port: 9399) (metrics path: /)
2025-01-28 23:39:21,629 INFO c.h.h.t.HelmChartContainer - [hivemq-test-hivemq-platform] [hivemq-platform-operator] [e1373b83] 23:39:21.621 [pool-6-thread-44] DEBUG c.h.p.o.dependants.PodInfoConfigMap - [helmvolu] Desired PodInfo ConfigMap (extension state hash: -1817474005)
2025-01-28 23:39:21,630 INFO c.h.h.t.HelmChartContainer - [hivemq-test-hivemq-platform] [hivemq-platform-operator] [e1373b83] 23:39:21.624 [pool-6-thread-44] DEBUG c.h.p.o.d.StatefulSetResource - [helmvolu] Desired StatefulSet (3 replicas) for status ROLLING_RESTART (RESTART_PODS_IN_PROGRESS)
2025-01-28 23:39:21,635 INFO c.h.h.t.HelmChartContainer - [hivemq-test-hivemq-platform] [hivemq-platform-operator] [e1373b83] 23:39:21.631 [ReconcilerExecutor-hivemq-controller-113] INFO  c.h.p.o.HiveMQPlatformReconciler - [helmvolu] Reconciling HiveMQ Platform 'test-hivemq-platform' in namespace 'helmvolumeclaimtemplatesit'
2025-01-28 23:39:21,638 INFO c.h.h.t.HelmChartContainer - [hivemq-test-hivemq-platform] [hivemq-platform-operator] [e1373b83] 23:39:21.631 [ReconcilerExecutor-hivemq-controller-113] DEBUG c.h.p.o.HiveMQPlatformReconciler - [helmvolu] Custom Resource Status ROLLING_RESTART - HiveMQ Platform is restarting Pods (rolling restart) (RESTART_PODS_IN_PROGRESS)
2025-01-28 23:39:21,638 INFO c.h.h.t.HelmChartContainer - [hivemq-test-hivemq-platform] [hivemq-platform-operator] [e1373b83] 23:39:21.631 [ReconcilerExecutor-hivemq-controller-113] DEBUG c.h.p.o.HiveMQPlatformReconciler - [helmvolu] Custom Resource Spec (replicas: 2) (extensions: 1)
2025-01-28 23:39:21,640 INFO c.h.h.t.HelmChartContainer - [K3S] [endpointslice_controller.go:344] "Error syncing endpoint slices for service, retrying" key="helmvolumeclaimtemplatesit/hivemq-test-hivemq-platform-cluster" err="EndpointSlice informer cache is out of date"
2025-01-28 23:39:21,641 INFO c.h.h.t.HelmChartContainer - [hivemq-test-hivemq-platform] [hivemq-platform-operator] [e1373b83] 23:39:21.637 [ReconcilerExecutor-hivemq-controller-113] DEBUG c.h.p.o.HiveMQPlatformReconciler - [helmvolu] StatefulSet Status (revision: test-hivemq-platform-59475f86c9, replicas: 3, available: 2, ready: 2, current: 0, updated: 3)
2025-01-28 23:39:21,641 INFO c.h.h.t.HelmChartContainer - [hivemq-test-hivemq-platform] [hivemq-platform-operator] [e1373b83] 23:39:21.637 [ReconcilerExecutor-hivemq-controller-113] DEBUG c.h.p.o.HiveMQPlatformReconciler - [helmvolu] StatefulSet Spec (replicas: 3, init containers: 1, containers: 1, volumes: 4)
2025-01-28 23:39:21,641 INFO c.h.h.t.HelmChartContainer - [hivemq-test-hivemq-platform] [hivemq-platform-operator] [e1373b83] 23:39:21.638 [ReconcilerExecutor-hivemq-controller-113] DEBUG c.h.p.o.h.HiveMQPlatformReconcilerErrorHandler - [helmvolu] Pod 'test-hivemq-platform-2' phase Running
2025-01-28 23:39:21,647 INFO c.h.h.t.HelmChartContainer - [hivemq-test-hivemq-platform] [hivemq-platform-operator] [e1373b83] 23:39:21.643 [ReconcilerExecutor-hivemq-controller-113] DEBUG c.h.p.o.h.HiveMQPlatformReconcilerErrorHandler - [helmvolu] Pod 'test-hivemq-platform-1' phase Running
2025-01-28 23:39:21,647 INFO c.h.h.t.HelmChartContainer - [hivemq-test-hivemq-platform] [hivemq-platform-operator] [e1373b83] 23:39:21.645 [ReconcilerExecutor-hivemq-controller-113] DEBUG c.h.p.o.h.HiveMQPlatformReconcilerErrorHandler - [helmvolu] Pod 'test-hivemq-platform-0' phase Pending
2025-01-28 23:39:21,647 INFO c.h.h.t.HelmChartContainer - [hivemq-test-hivemq-platform] [hivemq-platform-operator] [e1373b83] 23:39:21.645 [ReconcilerExecutor-hivemq-controller-113] DEBUG c.h.p.o.h.HiveMQPlatformReconcilerErrorHandler - [helmvolu] Pod 'test-hivemq-platform-0' condition 'PodReadyToStartContainers': True
2025-01-28 23:39:21,647 INFO c.h.h.t.HelmChartContainer - [hivemq-test-hivemq-platform] [hivemq-platform-operator] [e1373b83] 23:39:21.645 [ReconcilerExecutor-hivemq-controller-113] DEBUG c.h.p.o.h.HiveMQPlatformReconcilerErrorHandler - [helmvolu] Pod 'test-hivemq-platform-0' condition 'Initialized': True
2025-01-28 23:39:21,647 INFO c.h.h.t.HelmChartContainer - [hivemq-test-hivemq-platform] [hivemq-platform-operator] [e1373b83] 23:39:21.645 [ReconcilerExecutor-hivemq-controller-113] DEBUG c.h.p.o.h.HiveMQPlatformReconcilerErrorHandler - [helmvolu] Pod 'test-hivemq-platform-0' condition 'Ready': False
2025-01-28 23:39:21,647 INFO c.h.h.t.HelmChartContainer - [hivemq-test-hivemq-platform] [hivemq-platform-operator] [e1373b83] 23:39:21.645 [ReconcilerExecutor-hivemq-controller-113] DEBUG c.h.p.o.h.HiveMQPlatformReconcilerErrorHandler - [helmvolu] Pod 'test-hivemq-platform-0' condition 'ContainersReady': False
2025-01-28 23:39:21,647 INFO c.h.h.t.HelmChartContainer - [hivemq-test-hivemq-platform] [hivemq-platform-operator] [e1373b83] 23:39:21.645 [ReconcilerExecutor-hivemq-controller-113] DEBUG c.h.p.o.h.HiveMQPlatformReconcilerErrorHandler - [helmvolu] Pod 'test-hivemq-platform-0' condition 'PodScheduled': True
2025-01-28 23:39:21,647 INFO c.h.h.t.HelmChartContainer - [hivemq-test-hivemq-platform] [hivemq-platform-operator] [e1373b83] 23:39:21.645 [ReconcilerExecutor-hivemq-controller-113] DEBUG c.h.p.o.h.HiveMQPlatformReconcilerErrorHandler - [helmvolu] Pod 'test-hivemq-platform-0' containerStatus 'hivemq' (started: false) (ready: false) (waiting: [PodInitializing] null)
2025-01-28 23:39:21,649 INFO c.h.h.t.HelmChartContainer - [hivemq-test-hivemq-platform] [hivemq-platform-operator] [e1373b83] 23:39:21.646 [ReconcilerExecutor-hivemq-controller-113] DEBUG c.h.p.o.h.HiveMQPlatformReconcilerRollingRestartHandler - [helmvolu] Rolling restart is waiting for 2 of 3 replicas
2025-01-28 23:39:21,940 INFO c.h.h.t.HelmChartContainer - [K3S] [kubelet_volumes.go:163] "Cleaned up orphaned pod volumes dir" podUID="919bc9c6-9939-4335-ac2e-c10b74cb3724" path="/var/lib/kubelet/pods/919bc9c6-9939-4335-ac2e-c10b74cb3724/volumes"
2025-01-28 23:39:22,609 INFO c.h.h.t.HelmChartContainer - [POD] test-hivemq-platform-0 [3131b977-5fd6-4e5a-aeca-214e6ab54aa1] in helmvolumeclaimtemplatesit was MODIFIED
2025-01-28 23:39:22,617 INFO c.h.h.t.HelmChartContainer - [hivemq-test-hivemq-platform] [hivemq-platform-operator] [e1373b83] 23:39:22.613 [pool-6-thread-4] DEBUG c.h.p.o.d.PlatformServiceResource - [helmvolu] Desired Platform services (3 services)
2025-01-28 23:39:22,617 INFO c.h.h.t.HelmChartContainer - [hivemq-test-hivemq-platform] [hivemq-platform-operator] [e1373b83] 23:39:22.613 [pool-6-thread-7] DEBUG c.h.p.o.dependants.PodInfoConfigMap - [helmvolu] Desired PodInfo ConfigMap (1 extensions) (1 enabled)
2025-01-28 23:39:22,617 INFO c.h.h.t.HelmChartContainer - [hivemq-test-hivemq-platform] [hivemq-platform-operator] [e1373b83] 23:39:22.613 [pool-6-thread-7] DEBUG c.h.p.o.dependants.PodInfoConfigMap - [helmvolu] Desired PodInfo ConfigMap (metrics port: 9399) (metrics path: /)
2025-01-28 23:39:22,617 INFO c.h.h.t.HelmChartContainer - [hivemq-test-hivemq-platform] [hivemq-platform-operator] [e1373b83] 23:39:22.613 [pool-6-thread-7] DEBUG c.h.p.o.dependants.PodInfoConfigMap - [helmvolu] Desired PodInfo ConfigMap (extension state hash: -1817474005)
2025-01-28 23:39:22,617 INFO c.h.h.t.HelmChartContainer - [hivemq-test-hivemq-platform] [hivemq-platform-operator] [e1373b83] 23:39:22.614 [pool-6-thread-7] DEBUG c.h.p.o.d.PodServiceAccountResource - [helmvolu] Desired PodServiceAccountResource (serviceAccountName: hivemq-platform-pod-test-hivemq-platform)
2025-01-28 23:39:22,617 INFO c.h.h.t.HelmChartContainer - [hivemq-test-hivemq-platform] [hivemq-platform-operator] [e1373b83] 23:39:22.616 [pool-6-thread-4] DEBUG c.h.p.o.d.StatefulSetResource - [helmvolu] Desired StatefulSet (3 replicas) for status ROLLING_RESTART (RESTART_PODS_IN_PROGRESS)
2025-01-28 23:39:22,622 INFO c.h.h.t.HelmChartContainer - [hivemq-test-hivemq-platform] [hivemq-platform-operator] [e1373b83] 23:39:22.619 [ReconcilerExecutor-hivemq-controller-114] INFO  c.h.p.o.HiveMQPlatformReconciler - [helmvolu] Reconciling HiveMQ Platform 'test-hivemq-platform' in namespace 'helmvolumeclaimtemplatesit'
2025-01-28 23:39:22,622 INFO c.h.h.t.HelmChartContainer - [hivemq-test-hivemq-platform] [hivemq-platform-operator] [e1373b83] 23:39:22.619 [ReconcilerExecutor-hivemq-controller-114] DEBUG c.h.p.o.HiveMQPlatformReconciler - [helmvolu] Custom Resource Status ROLLING_RESTART - HiveMQ Platform is restarting Pods (rolling restart) (RESTART_PODS_IN_PROGRESS)
2025-01-28 23:39:22,622 INFO c.h.h.t.HelmChartContainer - [hivemq-test-hivemq-platform] [hivemq-platform-operator] [e1373b83] 23:39:22.619 [ReconcilerExecutor-hivemq-controller-114] DEBUG c.h.p.o.HiveMQPlatformReconciler - [helmvolu] Custom Resource Spec (replicas: 2) (extensions: 1)
2025-01-28 23:39:22,624 INFO c.h.h.t.HelmChartContainer - [EVENT] Normal [Started] Started container hivemq [helmvolumeclaimtemplatesit:test-hivemq-platform-0]
2025-01-28 23:39:22,624 INFO c.h.h.t.HelmChartContainer - Started log watcher for hivemq in pod test-hivemq-platform-0 [3131b977-5fd6-4e5a-aeca-214e6ab54aa1]
2025-01-28 23:39:22,624 INFO c.h.h.t.HelmChartContainer - [test-hivemq-platform] [hivemq] [3131b977] Adding pre-installed HiveMQ Platform Operator extensions
2025-01-28 23:39:22,624 INFO c.h.h.t.HelmChartContainer - Received Started event for container hivemq in pod test-hivemq-platform-0 [3131b977-5fd6-4e5a-aeca-214e6ab54aa1]
2025-01-28 23:39:22,624 INFO c.h.h.t.HelmChartContainer - [test-hivemq-platform] [hivemq] [3131b977] Running as user 10000
2025-01-28 23:39:22,624 INFO c.h.h.t.HelmChartContainer - [test-hivemq-platform] [hivemq] [3131b977] Starting HiveMQ Platform Operator Init
2025-01-28 23:39:22,625 INFO c.h.h.t.HelmChartContainer - [hivemq-test-hivemq-platform] [hivemq-platform-operator] [e1373b83] 23:39:22.621 [ReconcilerExecutor-hivemq-controller-114] DEBUG c.h.p.o.HiveMQPlatformReconciler - [helmvolu] StatefulSet Status (revision: test-hivemq-platform-59475f86c9, replicas: 3, available: 2, ready: 2, current: 0, updated: 3)
2025-01-28 23:39:22,625 INFO c.h.h.t.HelmChartContainer - [hivemq-test-hivemq-platform] [hivemq-platform-operator] [e1373b83] 23:39:22.621 [ReconcilerExecutor-hivemq-controller-114] DEBUG c.h.p.o.HiveMQPlatformReconciler - [helmvolu] StatefulSet Spec (replicas: 3, init containers: 1, containers: 1, volumes: 4)
2025-01-28 23:39:22,625 INFO c.h.h.t.HelmChartContainer - [hivemq-test-hivemq-platform] [hivemq-platform-operator] [e1373b83] 23:39:22.624 [ReconcilerExecutor-hivemq-controller-114] DEBUG c.h.p.o.h.HiveMQPlatformReconcilerErrorHandler - [helmvolu] Pod 'test-hivemq-platform-2' phase Running
2025-01-28 23:39:22,627 INFO c.h.h.t.HelmChartContainer - [hivemq-test-hivemq-platform] [hivemq-platform-operator] [e1373b83] 23:39:22.625 [ReconcilerExecutor-hivemq-controller-114] DEBUG c.h.p.o.h.HiveMQPlatformReconcilerErrorHandler - [helmvolu] Pod 'test-hivemq-platform-1' phase Running
2025-01-28 23:39:22,628 INFO c.h.h.t.HelmChartContainer - [hivemq-test-hivemq-platform] [hivemq-platform-operator] [e1373b83] 23:39:22.627 [ReconcilerExecutor-hivemq-controller-114] DEBUG c.h.p.o.h.HiveMQPlatformReconcilerErrorHandler - [helmvolu] Pod 'test-hivemq-platform-0' phase Running
2025-01-28 23:39:22,629 INFO c.h.h.t.HelmChartContainer - [hivemq-test-hivemq-platform] [hivemq-platform-operator] [e1373b83] 23:39:22.627 [ReconcilerExecutor-hivemq-controller-114] DEBUG c.h.p.o.h.HiveMQPlatformReconcilerRollingRestartHandler - [helmvolu] Rolling restart is waiting for 2 of 3 replicas
2025-01-28 23:39:22,874 INFO c.h.h.t.HelmChartContainer - [test-hivemq-platform] [hivemq] [3131b977] INFO  - [HiveMQ Platform Operator Init 1.7.0-SNAPSHOT] HiveMQ Platform Operator Init 1.7.0-SNAPSHOT (commit: bebf408 on branch: HEAD) built on Sun Jan 26 20:47:47 UTC 2025
2025-01-28 23:39:23,988 INFO c.h.h.t.HelmChartContainer - [test-hivemq-platform] [hivemq] [3131b977] INFO  - [HiveMQ Platform Operator Init App 1.7.0-SNAPSHOT] Using bind address 10.42.0.15 from environment variable
2025-01-28 23:39:24,969 INFO c.h.h.t.HelmChartContainer - [test-hivemq-platform] [hivemq] [3131b977] INFO  - [HiveMQ Platform Operator Init App 1.7.0-SNAPSHOT] HiveMQ Platform Operator Init App 1.7.0-SNAPSHOT (commit: bebf408 on branch: HEAD) built on Sun Jan 26 20:47:47 UTC 2025
2025-01-28 23:39:24,969 INFO c.h.h.t.HelmChartContainer - [test-hivemq-platform] [hivemq] [3131b977] INFO  - [HiveMQ Platform Operator Init App 1.7.0-SNAPSHOT] PodInfo ConfigMap directory: /etc/podinfo
2025-01-28 23:39:24,969 INFO c.h.h.t.HelmChartContainer - [test-hivemq-platform] [hivemq] [3131b977] INFO  - [HiveMQ Platform Operator Init App 1.7.0-SNAPSHOT] HiveMQ home directory: /opt/hivemq
2025-01-28 23:39:24,969 INFO c.h.h.t.HelmChartContainer - [test-hivemq-platform] [hivemq] [3131b977] INFO  - [HiveMQ Platform Operator Init App 1.7.0-SNAPSHOT] HiveMQ Logback folder: /opt/hivemq/conf
2025-01-28 23:39:24,969 INFO c.h.h.t.HelmChartContainer - [test-hivemq-platform] [hivemq] [3131b977] INFO  - [HiveMQ Platform Operator Init App 1.7.0-SNAPSHOT] HiveMQ Config folder: /opt/hivemq/conf-k8s
2025-01-28 23:39:24,970 INFO c.h.h.t.HelmChartContainer - [test-hivemq-platform] [hivemq] [3131b977] INFO  - [HiveMQ Platform Operator Init App 1.7.0-SNAPSHOT] Starting HiveMQ Platform Operator Init App
2025-01-28 23:39:24,970 INFO c.h.h.t.HelmChartContainer - [test-hivemq-platform] [hivemq] [3131b977] INFO  - [HiveMQ Platform Operator Init App 1.7.0-SNAPSHOT] Starting Pod reconciler
2025-01-28 23:39:26,180 INFO c.h.h.t.HelmChartContainer - [test-hivemq-platform] [hivemq] [3131b977] INFO  - [HiveMQ Platform Operator Init App 1.7.0-SNAPSHOT] Pod reconciler is scheduled (interval: 5000 ms)
2025-01-28 23:39:26,181 INFO c.h.h.t.HelmChartContainer - [test-hivemq-platform] [hivemq] [3131b977] INFO  - [HiveMQ Platform Operator Init App 1.7.0-SNAPSHOT] Starting the REST API on 10.42.0.15:7979
2025-01-28 23:39:26,184 INFO c.h.h.t.HelmChartContainer - [test-hivemq-platform] [hivemq] [3131b977] INFO  - [HiveMQ Platform Operator Init App 1.7.0-SNAPSHOT] Waiting up to 600s for at most 3 HiveMQ nodes in cluster service hivemq-test-hivemq-platform-cluster.helmvolumeclaimtemplatesit.svc
2025-01-28 23:39:26,566 INFO c.h.h.t.HelmChartContainer - [test-hivemq-platform] [hivemq] [3131b977] INFO  - [HiveMQ Platform Operator Init App 1.7.0-SNAPSHOT] Resolved 3 IP addresses: [10.42.0.15, 10.42.0.14, 10.42.0.13]
2025-01-28 23:39:26,566 INFO c.h.h.t.HelmChartContainer - [test-hivemq-platform] [hivemq] [3131b977] INFO  - [HiveMQ Platform Operator Init App 1.7.0-SNAPSHOT] HiveMQ node count of 3 is within threshold of 3
2025-01-28 23:39:26,566 INFO c.h.h.t.HelmChartContainer - [test-hivemq-platform] [hivemq] [3131b977] INFO  - [HiveMQ Platform Operator Init App 1.7.0-SNAPSHOT] Waiting 15s for previous shutdown replication to finish...
2025-01-28 23:39:28,610 INFO c.h.h.t.HelmChartContainer - [test-hivemq-platform] [hivemq] [3131b977] INFO  - [HiveMQ Platform Operator Init App 1.7.0-SNAPSHOT] Returning default Health API response 503 for readiness
2025-01-28 23:39:28,727 INFO c.h.h.t.HelmChartContainer - [EVENT] Warning [Unhealthy] Readiness probe failed: HTTP probe failed with statuscode: 503 [helmvolumeclaimtemplatesit:test-hivemq-platform-0]
2025-01-28 23:39:28,727 INFO c.h.h.t.HelmChartContainer - Received Unhealthy event for container hivemq in pod test-hivemq-platform-0 [3131b977-5fd6-4e5a-aeca-214e6ab54aa1]
2025-01-28 23:39:32,634 INFO c.h.h.t.HelmChartContainer - [hivemq-test-hivemq-platform] [hivemq-platform-operator] [e1373b83] 23:39:32.630 [pool-6-thread-14] DEBUG c.h.p.o.d.PlatformServiceResource - [helmvolu] Desired Platform services (3 services)
2025-01-28 23:39:32,634 INFO c.h.h.t.HelmChartContainer - [hivemq-test-hivemq-platform] [hivemq-platform-operator] [e1373b83] 23:39:32.631 [pool-6-thread-12] DEBUG c.h.p.o.d.PodServiceAccountResource - [helmvolu] Desired PodServiceAccountResource (serviceAccountName: hivemq-platform-pod-test-hivemq-platform)
2025-01-28 23:39:32,634 INFO c.h.h.t.HelmChartContainer - [hivemq-test-hivemq-platform] [hivemq-platform-operator] [e1373b83] 23:39:32.632 [pool-6-thread-19] DEBUG c.h.p.o.dependants.PodInfoConfigMap - [helmvolu] Desired PodInfo ConfigMap (1 extensions) (1 enabled)
2025-01-28 23:39:32,634 INFO c.h.h.t.HelmChartContainer - [hivemq-test-hivemq-platform] [hivemq-platform-operator] [e1373b83] 23:39:32.632 [pool-6-thread-19] DEBUG c.h.p.o.dependants.PodInfoConfigMap - [helmvolu] Desired PodInfo ConfigMap (metrics port: 9399) (metrics path: /)
2025-01-28 23:39:32,634 INFO c.h.h.t.HelmChartContainer - [hivemq-test-hivemq-platform] [hivemq-platform-operator] [e1373b83] 23:39:32.632 [pool-6-thread-19] DEBUG c.h.p.o.dependants.PodInfoConfigMap - [helmvolu] Desired PodInfo ConfigMap (extension state hash: -1817474005)
2025-01-28 23:39:32,636 INFO c.h.h.t.HelmChartContainer - [hivemq-test-hivemq-platform] [hivemq-platform-operator] [e1373b83] 23:39:32.634 [pool-6-thread-19] DEBUG c.h.p.o.d.StatefulSetResource - [helmvolu] Desired StatefulSet (3 replicas) for status ROLLING_RESTART (RESTART_PODS_IN_PROGRESS)
2025-01-28 23:39:32,637 INFO c.h.h.t.HelmChartContainer - [hivemq-test-hivemq-platform] [hivemq-platform-operator] [e1373b83] 23:39:32.636 [ReconcilerExecutor-hivemq-controller-115] INFO  c.h.p.o.HiveMQPlatformReconciler - [helmvolu] Reconciling HiveMQ Platform 'test-hivemq-platform' in namespace 'helmvolumeclaimtemplatesit'
2025-01-28 23:39:32,637 INFO c.h.h.t.HelmChartContainer - [hivemq-test-hivemq-platform] [hivemq-platform-operator] [e1373b83] 23:39:32.636 [ReconcilerExecutor-hivemq-controller-115] DEBUG c.h.p.o.HiveMQPlatformReconciler - [helmvolu] Custom Resource Status ROLLING_RESTART - HiveMQ Platform is restarting Pods (rolling restart) (RESTART_PODS_IN_PROGRESS)
2025-01-28 23:39:32,638 INFO c.h.h.t.HelmChartContainer - [hivemq-test-hivemq-platform] [hivemq-platform-operator] [e1373b83] 23:39:32.636 [ReconcilerExecutor-hivemq-controller-115] DEBUG c.h.p.o.HiveMQPlatformReconciler - [helmvolu] Custom Resource Spec (replicas: 2) (extensions: 1)
2025-01-28 23:39:32,638 INFO c.h.h.t.HelmChartContainer - [hivemq-test-hivemq-platform] [hivemq-platform-operator] [e1373b83] 23:39:32.637 [ReconcilerExecutor-hivemq-controller-115] DEBUG c.h.p.o.HiveMQPlatformReconciler - [helmvolu] StatefulSet Status (revision: test-hivemq-platform-59475f86c9, replicas: 3, available: 2, ready: 2, current: 0, updated: 3)
2025-01-28 23:39:32,638 INFO c.h.h.t.HelmChartContainer - [hivemq-test-hivemq-platform] [hivemq-platform-operator] [e1373b83] 23:39:32.638 [ReconcilerExecutor-hivemq-controller-115] DEBUG c.h.p.o.HiveMQPlatformReconciler - [helmvolu] StatefulSet Spec (replicas: 3, init containers: 1, containers: 1, volumes: 4)
2025-01-28 23:39:32,639 INFO c.h.h.t.HelmChartContainer - [hivemq-test-hivemq-platform] [hivemq-platform-operator] [e1373b83] 23:39:32.639 [ReconcilerExecutor-hivemq-controller-115] DEBUG c.h.p.o.h.HiveMQPlatformReconcilerErrorHandler - [helmvolu] Pod 'test-hivemq-platform-2' phase Running
2025-01-28 23:39:32,640 INFO c.h.h.t.HelmChartContainer - [hivemq-test-hivemq-platform] [hivemq-platform-operator] [e1373b83] 23:39:32.640 [ReconcilerExecutor-hivemq-controller-115] DEBUG c.h.p.o.h.HiveMQPlatformReconcilerErrorHandler - [helmvolu] Pod 'test-hivemq-platform-1' phase Running
2025-01-28 23:39:32,641 INFO c.h.h.t.HelmChartContainer - [hivemq-test-hivemq-platform] [hivemq-platform-operator] [e1373b83] 23:39:32.640 [ReconcilerExecutor-hivemq-controller-115] DEBUG c.h.p.o.h.HiveMQPlatformReconcilerErrorHandler - [helmvolu] Pod 'test-hivemq-platform-0' phase Running
2025-01-28 23:39:32,642 INFO c.h.h.t.HelmChartContainer - [hivemq-test-hivemq-platform] [hivemq-platform-operator] [e1373b83] 23:39:32.641 [ReconcilerExecutor-hivemq-controller-115] DEBUG c.h.p.o.h.HiveMQPlatformReconcilerRollingRestartHandler - [helmvolu] Rolling restart is waiting for 2 of 3 replicas
2025-01-28 23:39:33,628 INFO c.h.h.t.HelmChartContainer - [EVENT] Warning [Unhealthy] Readiness probe failed: HTTP probe failed with statuscode: 503 [helmvolumeclaimtemplatesit:test-hivemq-platform-0]
2025-01-28 23:39:33,628 INFO c.h.h.t.HelmChartContainer - Received Unhealthy event for container hivemq in pod test-hivemq-platform-0 [3131b977-5fd6-4e5a-aeca-214e6ab54aa1]
2025-01-28 23:39:34,062 INFO c.h.h.t.HelmChartContainer - [test-hivemq-platform] [hivemq] [3131b977] INFO  - [HiveMQ Platform Operator Init App 1.7.0-SNAPSHOT] Updating Pod HiveMQ Platform Operator Init App version annotation (version: 1.7.0-SNAPSHOT)
2025-01-28 23:39:34,380 INFO c.h.h.t.HelmChartContainer - [POD] test-hivemq-platform-0 [3131b977-5fd6-4e5a-aeca-214e6ab54aa1] in helmvolumeclaimtemplatesit was MODIFIED
2025-01-28 23:39:34,385 INFO c.h.h.t.HelmChartContainer - [hivemq-test-hivemq-platform] [hivemq-platform-operator] [e1373b83] 23:39:34.382 [pool-6-thread-21] DEBUG c.h.p.o.dependants.PodInfoConfigMap - [helmvolu] Desired PodInfo ConfigMap (1 extensions) (1 enabled)
2025-01-28 23:39:34,385 INFO c.h.h.t.HelmChartContainer - [EVENT] Warning [Unhealthy] Readiness probe failed: HTTP probe failed with statuscode: 503 [helmvolumeclaimtemplatesit:test-hivemq-platform-0]
2025-01-28 23:39:34,385 INFO c.h.h.t.HelmChartContainer - Received Unhealthy event for container hivemq in pod test-hivemq-platform-0 [3131b977-5fd6-4e5a-aeca-214e6ab54aa1]
2025-01-28 23:39:34,386 INFO c.h.h.t.HelmChartContainer - [hivemq-test-hivemq-platform] [hivemq-platform-operator] [e1373b83] 23:39:34.382 [pool-6-thread-21] DEBUG c.h.p.o.dependants.PodInfoConfigMap - [helmvolu] Desired PodInfo ConfigMap (metrics port: 9399) (metrics path: /)
2025-01-28 23:39:34,386 INFO c.h.h.t.HelmChartContainer - [hivemq-test-hivemq-platform] [hivemq-platform-operator] [e1373b83] 23:39:34.382 [pool-6-thread-21] DEBUG c.h.p.o.dependants.PodInfoConfigMap - [helmvolu] Desired PodInfo ConfigMap (extension state hash: -1817474005)
2025-01-28 23:39:34,386 INFO c.h.h.t.HelmChartContainer - [hivemq-test-hivemq-platform] [hivemq-platform-operator] [e1373b83] 23:39:34.382 [pool-6-thread-21] DEBUG c.h.p.o.d.PodServiceAccountResource - [helmvolu] Desired PodServiceAccountResource (serviceAccountName: hivemq-platform-pod-test-hivemq-platform)
2025-01-28 23:39:34,386 INFO c.h.h.t.HelmChartContainer - [hivemq-test-hivemq-platform] [hivemq-platform-operator] [e1373b83] 23:39:34.383 [pool-6-thread-28] DEBUG c.h.p.o.d.PlatformServiceResource - [helmvolu] Desired Platform services (3 services)
2025-01-28 23:39:34,389 INFO c.h.h.t.HelmChartContainer - [hivemq-test-hivemq-platform] [hivemq-platform-operator] [e1373b83] 23:39:34.388 [pool-6-thread-28] DEBUG c.h.p.o.d.StatefulSetResource - [helmvolu] Desired StatefulSet (3 replicas) for status ROLLING_RESTART (RESTART_PODS_IN_PROGRESS)
2025-01-28 23:39:34,392 INFO c.h.h.t.HelmChartContainer - [hivemq-test-hivemq-platform] [hivemq-platform-operator] [e1373b83] 23:39:34.391 [ReconcilerExecutor-hivemq-controller-116] INFO  c.h.p.o.HiveMQPlatformReconciler - [helmvolu] Reconciling HiveMQ Platform 'test-hivemq-platform' in namespace 'helmvolumeclaimtemplatesit'
2025-01-28 23:39:34,392 INFO c.h.h.t.HelmChartContainer - [hivemq-test-hivemq-platform] [hivemq-platform-operator] [e1373b83] 23:39:34.391 [ReconcilerExecutor-hivemq-controller-116] DEBUG c.h.p.o.HiveMQPlatformReconciler - [helmvolu] Custom Resource Status ROLLING_RESTART - HiveMQ Platform is restarting Pods (rolling restart) (RESTART_PODS_IN_PROGRESS)
2025-01-28 23:39:34,392 INFO c.h.h.t.HelmChartContainer - [hivemq-test-hivemq-platform] [hivemq-platform-operator] [e1373b83] 23:39:34.391 [ReconcilerExecutor-hivemq-controller-116] DEBUG c.h.p.o.HiveMQPlatformReconciler - [helmvolu] Custom Resource Spec (replicas: 2) (extensions: 1)
2025-01-28 23:39:34,397 INFO c.h.h.t.HelmChartContainer - [hivemq-test-hivemq-platform] [hivemq-platform-operator] [e1373b83] 23:39:34.393 [ReconcilerExecutor-hivemq-controller-116] DEBUG c.h.p.o.HiveMQPlatformReconciler - [helmvolu] StatefulSet Status (revision: test-hivemq-platform-59475f86c9, replicas: 3, available: 2, ready: 2, current: 0, updated: 3)
2025-01-28 23:39:34,398 INFO c.h.h.t.HelmChartContainer - [hivemq-test-hivemq-platform] [hivemq-platform-operator] [e1373b83] 23:39:34.393 [ReconcilerExecutor-hivemq-controller-116] DEBUG c.h.p.o.HiveMQPlatformReconciler - [helmvolu] StatefulSet Spec (replicas: 3, init containers: 1, containers: 1, volumes: 4)
2025-01-28 23:39:34,398 INFO c.h.h.t.HelmChartContainer - [hivemq-test-hivemq-platform] [hivemq-platform-operator] [e1373b83] 23:39:34.394 [ReconcilerExecutor-hivemq-controller-116] DEBUG c.h.p.o.h.HiveMQPlatformReconcilerErrorHandler - [helmvolu] Pod 'test-hivemq-platform-2' phase Running
2025-01-28 23:39:34,398 INFO c.h.h.t.HelmChartContainer - [hivemq-test-hivemq-platform] [hivemq-platform-operator] [e1373b83] 23:39:34.395 [ReconcilerExecutor-hivemq-controller-116] DEBUG c.h.p.o.h.HiveMQPlatformReconcilerErrorHandler - [helmvolu] Pod 'test-hivemq-platform-1' phase Running
2025-01-28 23:39:34,398 INFO c.h.h.t.HelmChartContainer - [hivemq-test-hivemq-platform] [hivemq-platform-operator] [e1373b83] 23:39:34.397 [ReconcilerExecutor-hivemq-controller-116] DEBUG c.h.p.o.h.HiveMQPlatformReconcilerErrorHandler - [helmvolu] Pod 'test-hivemq-platform-0' phase Running
2025-01-28 23:39:34,398 INFO c.h.h.t.HelmChartContainer - [hivemq-test-hivemq-platform] [hivemq-platform-operator] [e1373b83] 23:39:34.397 [ReconcilerExecutor-hivemq-controller-116] DEBUG c.h.p.o.h.HiveMQPlatformReconcilerRollingRestartHandler - [helmvolu] Rolling restart is waiting for 2 of 3 replicas
2025-01-28 23:39:34,424 INFO c.h.h.t.HelmChartContainer - [test-hivemq-platform] [hivemq] [3131b977] INFO  - [HiveMQ Platform Operator Init App 1.7.0-SNAPSHOT] Successfully updated Pod HiveMQ Platform Operator Init App version annotation (version: 1.7.0-SNAPSHOT)
2025-01-28 23:39:39,381 INFO c.h.h.t.HelmChartContainer - [EVENT] Warning [Unhealthy] Readiness probe failed: HTTP probe failed with statuscode: 503 [helmvolumeclaimtemplatesit:test-hivemq-platform-0]
2025-01-28 23:39:39,382 INFO c.h.h.t.HelmChartContainer - Received Unhealthy event for container hivemq in pod test-hivemq-platform-0 [3131b977-5fd6-4e5a-aeca-214e6ab54aa1]
2025-01-28 23:39:41,567 INFO c.h.h.t.HelmChartContainer - [test-hivemq-platform] [hivemq] [3131b977] INFO  - [HiveMQ Platform Operator Init App 1.7.0-SNAPSHOT] Proceeding with container start
2025-01-28 23:39:41,570 INFO c.h.h.t.HelmChartContainer - [test-hivemq-platform] [hivemq] [3131b977] INFO  - [HiveMQ Platform Operator Init App 1.7.0-SNAPSHOT] Initializing HiveMQ Platform extensions with initial configuration: {hivemq-allow-all-extension={start-priority=-1, skip-https-hostname-verification=false, restart=true, config-version=0, header-version=0, c-uri=, priority=-1, uri=preinstalled, skip-https-certificate-validation=false, enabled=true}, hivemq-prometheus-extension={c-uri=, start-priority=-1, priority=-1, restart=true, enabled=true, request-header-path=no-request-headers, uri=preinstalled, skip-https-certificate-validation=false, skip-https-hostname-verification=false}}
2025-01-28 23:39:41,977 INFO c.h.h.t.HelmChartContainer - [test-hivemq-platform] [hivemq] [3131b977] INFO  - [HiveMQ Platform Operator Init App 1.7.0-SNAPSHOT] Extension hivemq-allow-all-extension was already enabled
2025-01-28 23:39:42,067 INFO c.h.h.t.HelmChartContainer - [test-hivemq-platform] [hivemq] [3131b977] INFO  - [HiveMQ Platform Operator Init App 1.7.0-SNAPSHOT] Successfully enabled extension hivemq-prometheus-extension
2025-01-28 23:39:42,068 INFO c.h.h.t.HelmChartContainer - [test-hivemq-platform] [hivemq] [3131b977] INFO  - [HiveMQ Platform Operator Init App 1.7.0-SNAPSHOT] Starting HiveMQ Platform version 4.36.0 (4.36.0)
2025-01-28 23:39:42,069 INFO c.h.h.t.HelmChartContainer - [test-hivemq-platform] [hivemq] [3131b977] INFO  - [HiveMQ Platform Operator Init App 1.7.0-SNAPSHOT] Configuring the HiveMQ Platform
2025-01-28 23:39:42,166 INFO c.h.h.t.HelmChartContainer - [test-hivemq-platform] [hivemq] [3131b977] INFO  - [HiveMQ Platform Operator Init App 1.7.0-SNAPSHOT] Changed logback.xml file scan period to 20 seconds
2025-01-28 23:39:42,262 INFO c.h.h.t.HelmChartContainer - [test-hivemq-platform] [hivemq] [3131b977] INFO  - [HiveMQ Platform Operator Init App 1.7.0-SNAPSHOT] Starting the HiveMQ Platform
2025-01-28 23:39:42,265 INFO c.h.h.t.HelmChartContainer - [test-hivemq-platform] [hivemq] [3131b977] -------------------------------------------------------------------------
2025-01-28 23:39:42,265 INFO c.h.h.t.HelmChartContainer - [test-hivemq-platform] [hivemq] [3131b977] 
2025-01-28 23:39:42,265 INFO c.h.h.t.HelmChartContainer - [test-hivemq-platform] [hivemq] [3131b977]                   _    _  _              __  __   ____
2025-01-28 23:39:42,265 INFO c.h.h.t.HelmChartContainer - [test-hivemq-platform] [hivemq] [3131b977]                  | |  | |(_)            |  \/  | / __ \
2025-01-28 23:39:42,265 INFO c.h.h.t.HelmChartContainer - [test-hivemq-platform] [hivemq] [3131b977]                  | |__| | _ __   __ ___ | \  / || |  | |
2025-01-28 23:39:42,265 INFO c.h.h.t.HelmChartContainer - [test-hivemq-platform] [hivemq] [3131b977]                  |  __  || |\ \ / // _ \| |\/| || |  | |
2025-01-28 23:39:42,265 INFO c.h.h.t.HelmChartContainer - [test-hivemq-platform] [hivemq] [3131b977]                  | |  | || | \ V /|  __/| |  | || |__| |
2025-01-28 23:39:42,265 INFO c.h.h.t.HelmChartContainer - [test-hivemq-platform] [hivemq] [3131b977]                  |_|  |_||_|  \_/  \___||_|  |_| \___\_\
2025-01-28 23:39:42,265 INFO c.h.h.t.HelmChartContainer - [test-hivemq-platform] [hivemq] [3131b977] 
2025-01-28 23:39:42,265 INFO c.h.h.t.HelmChartContainer - [test-hivemq-platform] [hivemq] [3131b977] -------------------------------------------------------------------------
2025-01-28 23:39:42,265 INFO c.h.h.t.HelmChartContainer - [test-hivemq-platform] [hivemq] [3131b977] 
2025-01-28 23:39:42,265 INFO c.h.h.t.HelmChartContainer - [test-hivemq-platform] [hivemq] [3131b977]   HiveMQ Start Script for Linux/Unix v1.14
2025-01-28 23:39:42,265 INFO c.h.h.t.HelmChartContainer - [test-hivemq-platform] [hivemq] [3131b977] 
2025-01-28 23:39:42,294 INFO c.h.h.t.HelmChartContainer - [test-hivemq-platform] [hivemq] [3131b977] -------------------------------------------------------------------------
2025-01-28 23:39:42,294 INFO c.h.h.t.HelmChartContainer - [test-hivemq-platform] [hivemq] [3131b977] 
2025-01-28 23:39:42,295 INFO c.h.h.t.HelmChartContainer - [test-hivemq-platform] [hivemq] [3131b977]   HIVEMQ_HOME: /opt/hivemq
2025-01-28 23:39:42,295 INFO c.h.h.t.HelmChartContainer - [test-hivemq-platform] [hivemq] [3131b977] 
2025-01-28 23:39:42,295 INFO c.h.h.t.HelmChartContainer - [test-hivemq-platform] [hivemq] [3131b977]   JAVA_OPTS: -XX:+UnlockExperimentalVMOptions -XX:InitialRAMPercentage=50 -XX:MaxRAMPercentage=50 -Djava.net.preferIPv4Stack=true --add-opens java.base/java.lang=ALL-UNNAMED --add-opens java.base/java.nio=ALL-UNNAMED --add-opens java.base/sun.nio.ch=ALL-UNNAMED --add-opens jdk.management/com.sun.management.internal=ALL-UNNAMED --add-exports java.base/jdk.internal.misc=ALL-UNNAMED -Djava.security.egd=file:/dev/./urandom -Dcom.sun.management.jmxremote -Dcom.sun.management.jmxremote.port=9010 -Dcom.sun.management.jmxremote.local.only=false -Dcom.sun.management.jmxremote.authenticate=false -Dcom.sun.management.jmxremote.ssl=false -Duser.language=en -Duser.region=US -XX:+CrashOnOutOfMemoryError -XX:+HeapDumpOnOutOfMemoryError
2025-01-28 23:39:42,295 INFO c.h.h.t.HelmChartContainer - [test-hivemq-platform] [hivemq] [3131b977] 
2025-01-28 23:39:42,295 INFO c.h.h.t.HelmChartContainer - [test-hivemq-platform] [hivemq] [3131b977]   JAVA_VERSION: 21
2025-01-28 23:39:42,295 INFO c.h.h.t.HelmChartContainer - [test-hivemq-platform] [hivemq] [3131b977] 
2025-01-28 23:39:42,295 INFO c.h.h.t.HelmChartContainer - [test-hivemq-platform] [hivemq] [3131b977] -------------------------------------------------------------------------
2025-01-28 23:39:42,295 INFO c.h.h.t.HelmChartContainer - [test-hivemq-platform] [hivemq] [3131b977] 
2025-01-28 23:39:44,383 INFO c.h.h.t.HelmChartContainer - [EVENT] Warning [Unhealthy] Readiness probe failed: HTTP probe failed with statuscode: 503 [helmvolumeclaimtemplatesit:test-hivemq-platform-0]
2025-01-28 23:39:44,383 INFO c.h.h.t.HelmChartContainer - Received Unhealthy event for container hivemq in pod test-hivemq-platform-0 [3131b977-5fd6-4e5a-aeca-214e6ab54aa1]
2025-01-28 23:39:44,403 INFO c.h.h.t.HelmChartContainer - [hivemq-test-hivemq-platform] [hivemq-platform-operator] [e1373b83] 23:39:44.400 [pool-6-thread-32] DEBUG c.h.p.o.d.PlatformServiceResource - [helmvolu] Desired Platform services (3 services)
2025-01-28 23:39:44,404 INFO c.h.h.t.HelmChartContainer - [hivemq-test-hivemq-platform] [hivemq-platform-operator] [e1373b83] 23:39:44.401 [pool-6-thread-37] DEBUG c.h.p.o.dependants.PodInfoConfigMap - [helmvolu] Desired PodInfo ConfigMap (1 extensions) (1 enabled)
2025-01-28 23:39:44,404 INFO c.h.h.t.HelmChartContainer - [hivemq-test-hivemq-platform] [hivemq-platform-operator] [e1373b83] 23:39:44.401 [pool-6-thread-37] DEBUG c.h.p.o.dependants.PodInfoConfigMap - [helmvolu] Desired PodInfo ConfigMap (metrics port: 9399) (metrics path: /)
2025-01-28 23:39:44,404 INFO c.h.h.t.HelmChartContainer - [hivemq-test-hivemq-platform] [hivemq-platform-operator] [e1373b83] 23:39:44.401 [pool-6-thread-37] DEBUG c.h.p.o.dependants.PodInfoConfigMap - [helmvolu] Desired PodInfo ConfigMap (extension state hash: -1817474005)
2025-01-28 23:39:44,404 INFO c.h.h.t.HelmChartContainer - [hivemq-test-hivemq-platform] [hivemq-platform-operator] [e1373b83] 23:39:44.403 [pool-6-thread-32] DEBUG c.h.p.o.d.PodServiceAccountResource - [helmvolu] Desired PodServiceAccountResource (serviceAccountName: hivemq-platform-pod-test-hivemq-platform)
2025-01-28 23:39:44,407 INFO c.h.h.t.HelmChartContainer - [hivemq-test-hivemq-platform] [hivemq-platform-operator] [e1373b83] 23:39:44.406 [pool-6-thread-32] DEBUG c.h.p.o.d.StatefulSetResource - [helmvolu] Desired StatefulSet (3 replicas) for status ROLLING_RESTART (RESTART_PODS_IN_PROGRESS)
2025-01-28 23:39:44,410 INFO c.h.h.t.HelmChartContainer - [hivemq-test-hivemq-platform] [hivemq-platform-operator] [e1373b83] 23:39:44.409 [ReconcilerExecutor-hivemq-controller-117] INFO  c.h.p.o.HiveMQPlatformReconciler - [helmvolu] Reconciling HiveMQ Platform 'test-hivemq-platform' in namespace 'helmvolumeclaimtemplatesit'
2025-01-28 23:39:44,410 INFO c.h.h.t.HelmChartContainer - [hivemq-test-hivemq-platform] [hivemq-platform-operator] [e1373b83] 23:39:44.409 [ReconcilerExecutor-hivemq-controller-117] DEBUG c.h.p.o.HiveMQPlatformReconciler - [helmvolu] Custom Resource Status ROLLING_RESTART - HiveMQ Platform is restarting Pods (rolling restart) (RESTART_PODS_IN_PROGRESS)
2025-01-28 23:39:44,410 INFO c.h.h.t.HelmChartContainer - [hivemq-test-hivemq-platform] [hivemq-platform-operator] [e1373b83] 23:39:44.409 [ReconcilerExecutor-hivemq-controller-117] DEBUG c.h.p.o.HiveMQPlatformReconciler - [helmvolu] Custom Resource Spec (replicas: 2) (extensions: 1)
2025-01-28 23:39:44,412 INFO c.h.h.t.HelmChartContainer - [hivemq-test-hivemq-platform] [hivemq-platform-operator] [e1373b83] 23:39:44.410 [ReconcilerExecutor-hivemq-controller-117] DEBUG c.h.p.o.HiveMQPlatformReconciler - [helmvolu] StatefulSet Status (revision: test-hivemq-platform-59475f86c9, replicas: 3, available: 2, ready: 2, current: 0, updated: 3)
2025-01-28 23:39:44,412 INFO c.h.h.t.HelmChartContainer - [hivemq-test-hivemq-platform] [hivemq-platform-operator] [e1373b83] 23:39:44.410 [ReconcilerExecutor-hivemq-controller-117] DEBUG c.h.p.o.HiveMQPlatformReconciler - [helmvolu] StatefulSet Spec (replicas: 3, init containers: 1, containers: 1, volumes: 4)
2025-01-28 23:39:44,412 INFO c.h.h.t.HelmChartContainer - [hivemq-test-hivemq-platform] [hivemq-platform-operator] [e1373b83] 23:39:44.412 [ReconcilerExecutor-hivemq-controller-117] DEBUG c.h.p.o.h.HiveMQPlatformReconcilerErrorHandler - [helmvolu] Pod 'test-hivemq-platform-2' phase Running
2025-01-28 23:39:44,414 INFO c.h.h.t.HelmChartContainer - [hivemq-test-hivemq-platform] [hivemq-platform-operator] [e1373b83] 23:39:44.413 [ReconcilerExecutor-hivemq-controller-117] DEBUG c.h.p.o.h.HiveMQPlatformReconcilerErrorHandler - [helmvolu] Pod 'test-hivemq-platform-1' phase Running
2025-01-28 23:39:44,416 INFO c.h.h.t.HelmChartContainer - [hivemq-test-hivemq-platform] [hivemq-platform-operator] [e1373b83] 23:39:44.415 [ReconcilerExecutor-hivemq-controller-117] DEBUG c.h.p.o.h.HiveMQPlatformReconcilerErrorHandler - [helmvolu] Pod 'test-hivemq-platform-0' phase Running
2025-01-28 23:39:44,416 INFO c.h.h.t.HelmChartContainer - [hivemq-test-hivemq-platform] [hivemq-platform-operator] [e1373b83] 23:39:44.415 [ReconcilerExecutor-hivemq-controller-117] DEBUG c.h.p.o.h.HiveMQPlatformReconcilerRollingRestartHandler - [helmvolu] Rolling restart is waiting for 2 of 3 replicas
2025-01-28 23:39:44,966 INFO c.h.h.t.HelmChartContainer - [test-hivemq-platform] [hivemq] [3131b977] INFO  - Starting HiveMQ Enterprise Server
2025-01-28 23:39:44,973 INFO c.h.h.t.HelmChartContainer - [test-hivemq-platform] [hivemq] [3131b977] INFO  - HiveMQ version: 4.36.0
2025-01-28 23:39:44,973 INFO c.h.h.t.HelmChartContainer - [test-hivemq-platform] [hivemq] [3131b977] INFO  - HiveMQ home directory: /opt/hivemq
2025-01-28 23:39:44,974 INFO c.h.h.t.HelmChartContainer - [test-hivemq-platform] [hivemq] [3131b977] INFO  - Log Configuration was overridden by /opt/hivemq/conf/logback.xml
2025-01-28 23:39:46,177 INFO c.h.h.t.HelmChartContainer - [test-hivemq-platform] [hivemq] [3131b977] INFO  - Successfully loaded configuration from '/opt/hivemq/conf-k8s/config.xml'.
2025-01-28 23:39:46,562 INFO c.h.h.t.HelmChartContainer - [test-hivemq-platform] [hivemq] [3131b977] INFO  - This node's ID is RnSsx
2025-01-28 23:39:46,868 INFO c.h.h.t.HelmChartContainer - [test-hivemq-platform] [hivemq] [3131b977] INFO  - Clustering is enabled
2025-01-28 23:39:49,771 INFO c.h.h.t.HelmChartContainer - [test-hivemq-platform] [hivemq] [3131b977] WARN  - [HiveMQ Platform Operator Init App 1.7.0-SNAPSHOT] Cannot connect to Health API for readiness: null
2025-01-28 23:39:49,776 INFO c.h.h.t.HelmChartContainer - [EVENT] Warning [Unhealthy] Readiness probe failed: HTTP probe failed with statuscode: 503 [helmvolumeclaimtemplatesit:test-hivemq-platform-0]
2025-01-28 23:39:49,776 INFO c.h.h.t.HelmChartContainer - Received Unhealthy event for container hivemq in pod test-hivemq-platform-0 [3131b977-5fd6-4e5a-aeca-214e6ab54aa1]
2025-01-28 23:39:50,964 INFO c.h.h.t.HelmChartContainer - [test-hivemq-platform] [hivemq] [3131b977] WARN  - [HiveMQ Platform Operator Init App 1.7.0-SNAPSHOT] Cannot connect to Health API for liveness: null
2025-01-28 23:39:50,965 INFO c.h.h.t.HelmChartContainer - [test-hivemq-platform] [hivemq] [3131b977] INFO  - [HiveMQ Platform Operator Init App 1.7.0-SNAPSHOT] Returning default Health API response 200 for liveness
2025-01-28 23:39:54,419 INFO c.h.h.t.HelmChartContainer - [hivemq-test-hivemq-platform] [hivemq-platform-operator] [e1373b83] 23:39:54.417 [pool-6-thread-50] DEBUG c.h.p.o.d.PlatformServiceResource - [helmvolu] Desired Platform services (3 services)
2025-01-28 23:39:54,419 INFO c.h.h.t.HelmChartContainer - [hivemq-test-hivemq-platform] [hivemq-platform-operator] [e1373b83] 23:39:54.417 [pool-6-thread-41] DEBUG c.h.p.o.dependants.PodInfoConfigMap - [helmvolu] Desired PodInfo ConfigMap (1 extensions) (1 enabled)
2025-01-28 23:39:54,419 INFO c.h.h.t.HelmChartContainer - [hivemq-test-hivemq-platform] [hivemq-platform-operator] [e1373b83] 23:39:54.417 [pool-6-thread-41] DEBUG c.h.p.o.dependants.PodInfoConfigMap - [helmvolu] Desired PodInfo ConfigMap (metrics port: 9399) (metrics path: /)
2025-01-28 23:39:54,419 INFO c.h.h.t.HelmChartContainer - [hivemq-test-hivemq-platform] [hivemq-platform-operator] [e1373b83] 23:39:54.417 [pool-6-thread-41] DEBUG c.h.p.o.dependants.PodInfoConfigMap - [helmvolu] Desired PodInfo ConfigMap (extension state hash: -1817474005)
2025-01-28 23:39:54,419 INFO c.h.h.t.HelmChartContainer - [hivemq-test-hivemq-platform] [hivemq-platform-operator] [e1373b83] 23:39:54.418 [pool-6-thread-42] DEBUG c.h.p.o.d.PodServiceAccountResource - [helmvolu] Desired PodServiceAccountResource (serviceAccountName: hivemq-platform-pod-test-hivemq-platform)
2025-01-28 23:39:54,422 INFO c.h.h.t.HelmChartContainer - [hivemq-test-hivemq-platform] [hivemq-platform-operator] [e1373b83] 23:39:54.421 [pool-6-thread-50] DEBUG c.h.p.o.d.StatefulSetResource - [helmvolu] Desired StatefulSet (3 replicas) for status ROLLING_RESTART (RESTART_PODS_IN_PROGRESS)
2025-01-28 23:39:54,425 INFO c.h.h.t.HelmChartContainer - [hivemq-test-hivemq-platform] [hivemq-platform-operator] [e1373b83] 23:39:54.424 [ReconcilerExecutor-hivemq-controller-118] INFO  c.h.p.o.HiveMQPlatformReconciler - [helmvolu] Reconciling HiveMQ Platform 'test-hivemq-platform' in namespace 'helmvolumeclaimtemplatesit'
2025-01-28 23:39:54,425 INFO c.h.h.t.HelmChartContainer - [hivemq-test-hivemq-platform] [hivemq-platform-operator] [e1373b83] 23:39:54.424 [ReconcilerExecutor-hivemq-controller-118] DEBUG c.h.p.o.HiveMQPlatformReconciler - [helmvolu] Custom Resource Status ROLLING_RESTART - HiveMQ Platform is restarting Pods (rolling restart) (RESTART_PODS_IN_PROGRESS)
2025-01-28 23:39:54,425 INFO c.h.h.t.HelmChartContainer - [hivemq-test-hivemq-platform] [hivemq-platform-operator] [e1373b83] 23:39:54.424 [ReconcilerExecutor-hivemq-controller-118] DEBUG c.h.p.o.HiveMQPlatformReconciler - [helmvolu] Custom Resource Spec (replicas: 2) (extensions: 1)
2025-01-28 23:39:54,426 INFO c.h.h.t.HelmChartContainer - [hivemq-test-hivemq-platform] [hivemq-platform-operator] [e1373b83] 23:39:54.425 [ReconcilerExecutor-hivemq-controller-118] DEBUG c.h.p.o.HiveMQPlatformReconciler - [helmvolu] StatefulSet Status (revision: test-hivemq-platform-59475f86c9, replicas: 3, available: 2, ready: 2, current: 0, updated: 3)
2025-01-28 23:39:54,428 INFO c.h.h.t.HelmChartContainer - [hivemq-test-hivemq-platform] [hivemq-platform-operator] [e1373b83] 23:39:54.425 [ReconcilerExecutor-hivemq-controller-118] DEBUG c.h.p.o.HiveMQPlatformReconciler - [helmvolu] StatefulSet Spec (replicas: 3, init containers: 1, containers: 1, volumes: 4)
2025-01-28 23:39:54,428 INFO c.h.h.t.HelmChartContainer - [hivemq-test-hivemq-platform] [hivemq-platform-operator] [e1373b83] 23:39:54.427 [ReconcilerExecutor-hivemq-controller-118] DEBUG c.h.p.o.h.HiveMQPlatformReconcilerErrorHandler - [helmvolu] Pod 'test-hivemq-platform-2' phase Running
2025-01-28 23:39:54,429 INFO c.h.h.t.HelmChartContainer - [hivemq-test-hivemq-platform] [hivemq-platform-operator] [e1373b83] 23:39:54.427 [ReconcilerExecutor-hivemq-controller-118] DEBUG c.h.p.o.h.HiveMQPlatformReconcilerErrorHandler - [helmvolu] Pod 'test-hivemq-platform-1' phase Running
2025-01-28 23:39:54,430 INFO c.h.h.t.HelmChartContainer - [hivemq-test-hivemq-platform] [hivemq-platform-operator] [e1373b83] 23:39:54.428 [ReconcilerExecutor-hivemq-controller-118] DEBUG c.h.p.o.h.HiveMQPlatformReconcilerErrorHandler - [helmvolu] Pod 'test-hivemq-platform-0' phase Running
2025-01-28 23:39:54,430 INFO c.h.h.t.HelmChartContainer - [hivemq-test-hivemq-platform] [hivemq-platform-operator] [e1373b83] 23:39:54.428 [ReconcilerExecutor-hivemq-controller-118] DEBUG c.h.p.o.h.HiveMQPlatformReconcilerRollingRestartHandler - [helmvolu] Rolling restart is waiting for 2 of 3 replicas
2025-01-28 23:39:54,463 INFO c.h.h.t.HelmChartContainer - [test-hivemq-platform] [hivemq] [3131b977] WARN  - [HiveMQ Platform Operator Init App 1.7.0-SNAPSHOT] Cannot connect to Health API for readiness: null
2025-01-28 23:39:54,468 INFO c.h.h.t.HelmChartContainer - [EVENT] Warning [Unhealthy] Readiness probe failed: HTTP probe failed with statuscode: 503 [helmvolumeclaimtemplatesit:test-hivemq-platform-0]
2025-01-28 23:39:54,468 INFO c.h.h.t.HelmChartContainer - Received Unhealthy event for container hivemq in pod test-hivemq-platform-0 [3131b977-5fd6-4e5a-aeca-214e6ab54aa1]
2025-01-28 23:39:59,462 INFO c.h.h.t.HelmChartContainer - [test-hivemq-platform] [hivemq] [3131b977] WARN  - [HiveMQ Platform Operator Init App 1.7.0-SNAPSHOT] Cannot connect to Health API for readiness: null
2025-01-28 23:39:59,467 INFO c.h.h.t.HelmChartContainer - [EVENT] Warning [Unhealthy] Readiness probe failed: HTTP probe failed with statuscode: 503 [helmvolumeclaimtemplatesit:test-hivemq-platform-0]
2025-01-28 23:39:59,467 INFO c.h.h.t.HelmChartContainer - Received Unhealthy event for container hivemq in pod test-hivemq-platform-0 [3131b977-5fd6-4e5a-aeca-214e6ab54aa1]
2025-01-28 23:40:00,264 INFO c.h.h.t.HelmChartContainer - [test-hivemq-platform] [hivemq] [3131b977] INFO  - No valid license file found. Using trial license, restricted to 25 connections.
2025-01-28 23:40:03,879 INFO c.h.h.t.HelmChartContainer - [test-hivemq-platform] [hivemq] [3131b977] INFO  - No valid license file for Data Hub found. Using free license, restricted to 1 policy.
2025-01-28 23:40:04,379 INFO c.h.h.t.HelmChartContainer - [test-hivemq-platform] [hivemq] [3131b977] WARN  - [HiveMQ Platform Operator Init App 1.7.0-SNAPSHOT] Cannot connect to Health API for readiness: null
2025-01-28 23:40:04,383 INFO c.h.h.t.HelmChartContainer - [EVENT] Warning [Unhealthy] Readiness probe failed: HTTP probe failed with statuscode: 503 [helmvolumeclaimtemplatesit:test-hivemq-platform-0]
2025-01-28 23:40:04,384 INFO c.h.h.t.HelmChartContainer - Received Unhealthy event for container hivemq in pod test-hivemq-platform-0 [3131b977-5fd6-4e5a-aeca-214e6ab54aa1]
2025-01-28 23:40:04,434 INFO c.h.h.t.HelmChartContainer - [hivemq-test-hivemq-platform] [hivemq-platform-operator] [e1373b83] 23:40:04.432 [pool-6-thread-7] DEBUG c.h.p.o.d.PlatformServiceResource - [helmvolu] Desired Platform services (3 services)
2025-01-28 23:40:04,435 INFO c.h.h.t.HelmChartContainer - [hivemq-test-hivemq-platform] [hivemq-platform-operator] [e1373b83] 23:40:04.433 [pool-6-thread-1] DEBUG c.h.p.o.dependants.PodInfoConfigMap - [helmvolu] Desired PodInfo ConfigMap (1 extensions) (1 enabled)
2025-01-28 23:40:04,437 INFO c.h.h.t.HelmChartContainer - [hivemq-test-hivemq-platform] [hivemq-platform-operator] [e1373b83] 23:40:04.433 [pool-6-thread-1] DEBUG c.h.p.o.dependants.PodInfoConfigMap - [helmvolu] Desired PodInfo ConfigMap (metrics port: 9399) (metrics path: /)
2025-01-28 23:40:04,437 INFO c.h.h.t.HelmChartContainer - [hivemq-test-hivemq-platform] [hivemq-platform-operator] [e1373b83] 23:40:04.433 [pool-6-thread-1] DEBUG c.h.p.o.dependants.PodInfoConfigMap - [helmvolu] Desired PodInfo ConfigMap (extension state hash: -1817474005)
2025-01-28 23:40:04,437 INFO c.h.h.t.HelmChartContainer - [hivemq-test-hivemq-platform] [hivemq-platform-operator] [e1373b83] 23:40:04.435 [pool-6-thread-9] DEBUG c.h.p.o.d.PodServiceAccountResource - [helmvolu] Desired PodServiceAccountResource (serviceAccountName: hivemq-platform-pod-test-hivemq-platform)
2025-01-28 23:40:04,437 INFO c.h.h.t.HelmChartContainer - [hivemq-test-hivemq-platform] [hivemq-platform-operator] [e1373b83] 23:40:04.436 [pool-6-thread-7] DEBUG c.h.p.o.d.StatefulSetResource - [helmvolu] Desired StatefulSet (3 replicas) for status ROLLING_RESTART (RESTART_PODS_IN_PROGRESS)
2025-01-28 23:40:04,442 INFO c.h.h.t.HelmChartContainer - [hivemq-test-hivemq-platform] [hivemq-platform-operator] [e1373b83] 23:40:04.439 [ReconcilerExecutor-hivemq-controller-119] INFO  c.h.p.o.HiveMQPlatformReconciler - [helmvolu] Reconciling HiveMQ Platform 'test-hivemq-platform' in namespace 'helmvolumeclaimtemplatesit'
2025-01-28 23:40:04,442 INFO c.h.h.t.HelmChartContainer - [hivemq-test-hivemq-platform] [hivemq-platform-operator] [e1373b83] 23:40:04.439 [ReconcilerExecutor-hivemq-controller-119] DEBUG c.h.p.o.HiveMQPlatformReconciler - [helmvolu] Custom Resource Status ROLLING_RESTART - HiveMQ Platform is restarting Pods (rolling restart) (RESTART_PODS_IN_PROGRESS)
2025-01-28 23:40:04,442 INFO c.h.h.t.HelmChartContainer - [hivemq-test-hivemq-platform] [hivemq-platform-operator] [e1373b83] 23:40:04.439 [ReconcilerExecutor-hivemq-controller-119] DEBUG c.h.p.o.HiveMQPlatformReconciler - [helmvolu] Custom Resource Spec (replicas: 2) (extensions: 1)
2025-01-28 23:40:04,442 INFO c.h.h.t.HelmChartContainer - [hivemq-test-hivemq-platform] [hivemq-platform-operator] [e1373b83] 23:40:04.441 [ReconcilerExecutor-hivemq-controller-119] DEBUG c.h.p.o.HiveMQPlatformReconciler - [helmvolu] StatefulSet Status (revision: test-hivemq-platform-59475f86c9, replicas: 3, available: 2, ready: 2, current: 0, updated: 3)
2025-01-28 23:40:04,442 INFO c.h.h.t.HelmChartContainer - [hivemq-test-hivemq-platform] [hivemq-platform-operator] [e1373b83] 23:40:04.441 [ReconcilerExecutor-hivemq-controller-119] DEBUG c.h.p.o.HiveMQPlatformReconciler - [helmvolu] StatefulSet Spec (replicas: 3, init containers: 1, containers: 1, volumes: 4)
2025-01-28 23:40:04,444 INFO c.h.h.t.HelmChartContainer - [hivemq-test-hivemq-platform] [hivemq-platform-operator] [e1373b83] 23:40:04.442 [ReconcilerExecutor-hivemq-controller-119] DEBUG c.h.p.o.h.HiveMQPlatformReconcilerErrorHandler - [helmvolu] Pod 'test-hivemq-platform-2' phase Running
2025-01-28 23:40:04,446 INFO c.h.h.t.HelmChartContainer - [hivemq-test-hivemq-platform] [hivemq-platform-operator] [e1373b83] 23:40:04.443 [ReconcilerExecutor-hivemq-controller-119] DEBUG c.h.p.o.h.HiveMQPlatformReconcilerErrorHandler - [helmvolu] Pod 'test-hivemq-platform-1' phase Running
2025-01-28 23:40:04,446 INFO c.h.h.t.HelmChartContainer - [hivemq-test-hivemq-platform] [hivemq-platform-operator] [e1373b83] 23:40:04.444 [ReconcilerExecutor-hivemq-controller-119] DEBUG c.h.p.o.h.HiveMQPlatformReconcilerErrorHandler - [helmvolu] Pod 'test-hivemq-platform-0' phase Running
2025-01-28 23:40:04,446 INFO c.h.h.t.HelmChartContainer - [hivemq-test-hivemq-platform] [hivemq-platform-operator] [e1373b83] 23:40:04.445 [ReconcilerExecutor-hivemq-controller-119] DEBUG c.h.p.o.h.HiveMQPlatformReconcilerRollingRestartHandler - [helmvolu] Rolling restart is waiting for 2 of 3 replicas
2025-01-28 23:40:05,166 INFO c.h.h.t.HelmChartContainer - [test-hivemq-platform] [hivemq] [3131b977] INFO  - Audit Logger started.
2025-01-28 23:40:05,472 INFO c.h.h.t.HelmChartContainer - [test-hivemq-platform] [hivemq] [3131b977] INFO  - This node uses '1' CPU cores.
2025-01-28 23:40:05,476 INFO c.h.h.t.HelmChartContainer - [test-hivemq-platform] [hivemq] [3131b977] INFO  - Starting HiveMQ Health API on address 0.0.0.0 and port 8889
2025-01-28 23:40:06,371 INFO c.h.h.t.HelmChartContainer - [test-hivemq-platform] [hivemq] [3131b977] INFO  - Started HiveMQ Health API in 895ms
2025-01-28 23:40:06,986 INFO c.h.h.t.HelmChartContainer - [test-hivemq-platform] [hivemq] [3131b977] INFO  - Starting HiveMQ extension system.
2025-01-28 23:40:07,264 INFO c.h.h.t.HelmChartContainer - [test-hivemq-platform] [hivemq] [3131b977] INFO  - Starting extension with id "hivemq-dns-cluster-discovery" at /opt/hivemq/extensions/hivemq-dns-cluster-discovery
2025-01-28 23:40:07,762 INFO c.h.h.t.HelmChartContainer - [test-hivemq-platform] [hivemq] [3131b977] INFO  - Extension "DNS Cluster Discovery Extension" version 4.3.2 started successfully.
2025-01-28 23:40:07,762 INFO c.h.h.t.HelmChartContainer - [test-hivemq-platform] [hivemq] [3131b977] INFO  - Starting extension with id "hivemq-prometheus-extension" at /opt/hivemq/extensions/hivemq-prometheus-extension
2025-01-28 23:40:07,772 INFO c.h.h.t.HelmChartContainer - [test-hivemq-platform] [hivemq] [3131b977] INFO  - Using TCP cluster transport on address 10.42.0.15 and port 7000
2025-01-28 23:40:07,867 INFO c.h.h.t.HelmChartContainer - [test-hivemq-platform] [hivemq] [3131b977] INFO  - Using extension cluster discovery
2025-01-28 23:40:08,771 INFO c.h.h.t.HelmChartContainer - [test-hivemq-platform] [hivemq] [3131b977] INFO  - Started Jetty Server exposing Prometheus Servlet on URI http://0.0.0.0:9399/
2025-01-28 23:40:08,772 INFO c.h.h.t.HelmChartContainer - [test-hivemq-platform] [hivemq] [3131b977] INFO  - Extension "Prometheus Monitoring Extension" version 4.0.12 started successfully.
2025-01-28 23:40:08,772 INFO c.h.h.t.HelmChartContainer - [test-hivemq-platform] [hivemq] [3131b977] INFO  - Starting extension with id "hivemq-allow-all-extension" at /opt/hivemq/extensions/hivemq-allow-all-extension
2025-01-28 23:40:08,772 INFO c.h.h.t.HelmChartContainer - [test-hivemq-platform] [hivemq] [3131b977] WARN  - 
2025-01-28 23:40:08,772 INFO c.h.h.t.HelmChartContainer - [test-hivemq-platform] [hivemq] [3131b977] ################################################################################################################
2025-01-28 23:40:08,772 INFO c.h.h.t.HelmChartContainer - [test-hivemq-platform] [hivemq] [3131b977] # This HiveMQ deployment is not secure! You are lacking Authentication and Authorization.                      #
2025-01-28 23:40:08,772 INFO c.h.h.t.HelmChartContainer - [test-hivemq-platform] [hivemq] [3131b977] # Right now any MQTT client can connect to the broker with a full set of permissions.                          #
2025-01-28 23:40:08,772 INFO c.h.h.t.HelmChartContainer - [test-hivemq-platform] [hivemq] [3131b977] # For production usage, add an appropriate security extension and remove the hivemq-allow-all extension.       #
2025-01-28 23:40:08,772 INFO c.h.h.t.HelmChartContainer - [test-hivemq-platform] [hivemq] [3131b977] # You can download security extensions from the HiveMQ Marketplace (https://www.hivemq.com/extensions/).       #
2025-01-28 23:40:08,772 INFO c.h.h.t.HelmChartContainer - [test-hivemq-platform] [hivemq] [3131b977] ################################################################################################################
2025-01-28 23:40:08,772 INFO c.h.h.t.HelmChartContainer - [test-hivemq-platform] [hivemq] [3131b977] INFO  - Extension "Allow All Extension" version 1.1.1 started successfully.
2025-01-28 23:40:08,873 INFO c.h.h.t.HelmChartContainer - [test-hivemq-platform] [hivemq] [111f66bb] INFO  - Cluster nodes found by discovery: [04vCQ|6] (3) [04vCQ, k4eNn, RnSsx].
2025-01-28 23:40:08,875 INFO c.h.h.t.HelmChartContainer - [test-hivemq-platform] [hivemq] [3eda3e89] INFO  - Cluster nodes found by discovery: [04vCQ|6] (3) [04vCQ, k4eNn, RnSsx].
2025-01-28 23:40:08,884 INFO c.h.h.t.HelmChartContainer - [test-hivemq-platform] [hivemq] [3131b977] INFO  - Cluster nodes found by discovery: [04vCQ|6] (3) [04vCQ, k4eNn, RnSsx].
2025-01-28 23:40:08,984 INFO c.h.h.t.HelmChartContainer - [test-hivemq-platform] [hivemq] [3131b977] INFO  - Cluster size = 1, members : [k4eNn].
2025-01-28 23:40:09,066 INFO c.h.h.t.HelmChartContainer - [test-hivemq-platform] [hivemq] [3131b977] INFO  - Cluster size = 2, members : [k4eNn, 04vCQ].
2025-01-28 23:40:09,368 INFO c.h.h.t.HelmChartContainer - [test-hivemq-platform] [hivemq] [3131b977] INFO  - Starting cluster join process. This may take a while. Please do not shut down HiveMQ.
2025-01-28 23:40:09,372 INFO c.h.h.t.HelmChartContainer - [test-hivemq-platform] [hivemq] [3131b977] INFO  - Cluster join process is still ongoing. Please do not shut down HiveMQ.
2025-01-28 23:40:10,223 INFO c.h.h.t.HelmChartContainer - [test-hivemq-platform] [hivemq] [3131b977] INFO  - [HiveMQ Platform Operator Init App 1.7.0-SNAPSHOT] Returning Health API response 503 for readiness
2025-01-28 23:40:10,227 INFO c.h.h.t.HelmChartContainer - [EVENT] Warning [Unhealthy] Readiness probe failed: HTTP probe failed with statuscode: 503 [helmvolumeclaimtemplatesit:test-hivemq-platform-0]
2025-01-28 23:40:10,227 INFO c.h.h.t.HelmChartContainer - Received Unhealthy event for container hivemq in pod test-hivemq-platform-0 [3131b977-5fd6-4e5a-aeca-214e6ab54aa1]
2025-01-28 23:40:11,379 INFO c.h.h.t.HelmChartContainer - [test-hivemq-platform] [hivemq] [111f66bb] INFO  - Cluster size = 3, members : [k4eNn, RnSsx, 04vCQ].
2025-01-28 23:40:11,384 INFO c.h.h.t.HelmChartContainer - [test-hivemq-platform] [hivemq] [3eda3e89] INFO  - Cluster size = 3, members : [k4eNn, RnSsx, 04vCQ].
2025-01-28 23:40:11,390 INFO c.h.h.t.HelmChartContainer - [test-hivemq-platform] [hivemq] [3131b977] INFO  - Cluster size = 3, members : [k4eNn, RnSsx, 04vCQ].
2025-01-28 23:40:11,396 INFO c.h.h.t.HelmChartContainer - [test-hivemq-platform] [hivemq] [3131b977] INFO  - Finished cluster join process successfully.
2025-01-28 23:40:11,396 INFO c.h.h.t.HelmChartContainer - [test-hivemq-platform] [hivemq] [3131b977] WARN  - No user for HiveMQ Control Center configured. Starting with default user
2025-01-28 23:40:11,399 INFO c.h.h.t.HelmChartContainer - [test-hivemq-platform] [hivemq] [3131b977] INFO  - Starting HiveMQ Control Center on address 0.0.0.0 and port 8080
2025-01-28 23:40:11,463 INFO c.h.h.t.HelmChartContainer - [test-hivemq-platform] [hivemq] [3131b977] INFO  - Mounting HiveMQ Control Center V2 Preview
2025-01-28 23:40:12,168 INFO c.h.h.t.HelmChartContainer - [test-hivemq-platform] [hivemq] [3131b977] INFO  - Started HiveMQ Control Center in 771ms
2025-01-28 23:40:12,182 INFO c.h.h.t.HelmChartContainer - [test-hivemq-platform] [hivemq] [3131b977] INFO  - Starting TCP listener on address 0.0.0.0 and port 1884
2025-01-28 23:40:12,277 INFO c.h.h.t.HelmChartContainer - [test-hivemq-platform] [hivemq] [3131b977] INFO  - Started TCP Listener on address 0.0.0.0 and on port 1884.
2025-01-28 23:40:12,277 INFO c.h.h.t.HelmChartContainer - [test-hivemq-platform] [hivemq] [3131b977] INFO  - Started HiveMQ in 27803ms
2025-01-28 23:40:14,380 INFO c.h.h.t.HelmChartContainer - [test-hivemq-platform] [hivemq] [3131b977] INFO  - [HiveMQ Platform Operator Init App 1.7.0-SNAPSHOT] Returning Health API response 200 for readiness
2025-01-28 23:40:14,392 INFO c.h.h.t.HelmChartContainer - [POD] test-hivemq-platform-0 [3131b977-5fd6-4e5a-aeca-214e6ab54aa1] in helmvolumeclaimtemplatesit was MODIFIED
2025-01-28 23:40:14,401 INFO c.h.h.t.HelmChartContainer - [hivemq-test-hivemq-platform] [hivemq-platform-operator] [e1373b83] 23:40:14.395 [pool-6-thread-15] DEBUG c.h.p.o.d.PlatformServiceResource - [helmvolu] Desired Platform services (3 services)
2025-01-28 23:40:14,401 INFO c.h.h.t.HelmChartContainer - [hivemq-test-hivemq-platform] [hivemq-platform-operator] [e1373b83] 23:40:14.397 [pool-6-thread-20] DEBUG c.h.p.o.dependants.PodInfoConfigMap - [helmvolu] Desired PodInfo ConfigMap (1 extensions) (1 enabled)
2025-01-28 23:40:14,401 INFO c.h.h.t.HelmChartContainer - [hivemq-test-hivemq-platform] [hivemq-platform-operator] [e1373b83] 23:40:14.397 [pool-6-thread-20] DEBUG c.h.p.o.dependants.PodInfoConfigMap - [helmvolu] Desired PodInfo ConfigMap (metrics port: 9399) (metrics path: /)
2025-01-28 23:40:14,401 INFO c.h.h.t.HelmChartContainer - [hivemq-test-hivemq-platform] [hivemq-platform-operator] [e1373b83] 23:40:14.397 [pool-6-thread-20] DEBUG c.h.p.o.dependants.PodInfoConfigMap - [helmvolu] Desired PodInfo ConfigMap (extension state hash: -1817474005)
2025-01-28 23:40:14,401 INFO c.h.h.t.HelmChartContainer - [hivemq-test-hivemq-platform] [hivemq-platform-operator] [e1373b83] 23:40:14.398 [pool-6-thread-20] DEBUG c.h.p.o.d.PodServiceAccountResource - [helmvolu] Desired PodServiceAccountResource (serviceAccountName: hivemq-platform-pod-test-hivemq-platform)
2025-01-28 23:40:14,407 INFO c.h.h.t.HelmChartContainer - [hivemq-test-hivemq-platform] [hivemq-platform-operator] [e1373b83] 23:40:14.401 [pool-6-thread-15] DEBUG c.h.p.o.d.StatefulSetResource - [helmvolu] Desired StatefulSet (3 replicas) for status ROLLING_RESTART (RESTART_PODS_IN_PROGRESS)
2025-01-28 23:40:14,407 INFO c.h.h.t.HelmChartContainer - [hivemq-test-hivemq-platform] [hivemq-platform-operator] [e1373b83] 23:40:14.404 [ReconcilerExecutor-hivemq-controller-120] INFO  c.h.p.o.HiveMQPlatformReconciler - [helmvolu] Reconciling HiveMQ Platform 'test-hivemq-platform' in namespace 'helmvolumeclaimtemplatesit'
2025-01-28 23:40:14,407 INFO c.h.h.t.HelmChartContainer - [hivemq-test-hivemq-platform] [hivemq-platform-operator] [e1373b83] 23:40:14.404 [ReconcilerExecutor-hivemq-controller-120] DEBUG c.h.p.o.HiveMQPlatformReconciler - [helmvolu] Custom Resource Status ROLLING_RESTART - HiveMQ Platform is restarting Pods (rolling restart) (RESTART_PODS_IN_PROGRESS)
2025-01-28 23:40:14,407 INFO c.h.h.t.HelmChartContainer - [hivemq-test-hivemq-platform] [hivemq-platform-operator] [e1373b83] 23:40:14.404 [ReconcilerExecutor-hivemq-controller-120] DEBUG c.h.p.o.HiveMQPlatformReconciler - [helmvolu] Custom Resource Spec (replicas: 2) (extensions: 1)
2025-01-28 23:40:14,407 INFO c.h.h.t.HelmChartContainer - [hivemq-test-hivemq-platform] [hivemq-platform-operator] [e1373b83] 23:40:14.405 [ReconcilerExecutor-hivemq-controller-120] DEBUG c.h.p.o.HiveMQPlatformReconciler - [helmvolu] StatefulSet Status (revision: test-hivemq-platform-59475f86c9, replicas: 3, available: 2, ready: 2, current: 0, updated: 3)
2025-01-28 23:40:14,407 INFO c.h.h.t.HelmChartContainer - [hivemq-test-hivemq-platform] [hivemq-platform-operator] [e1373b83] 23:40:14.405 [ReconcilerExecutor-hivemq-controller-120] DEBUG c.h.p.o.HiveMQPlatformReconciler - [helmvolu] StatefulSet Spec (replicas: 3, init containers: 1, containers: 1, volumes: 4)
2025-01-28 23:40:14,408 INFO c.h.h.t.HelmChartContainer - [hivemq-test-hivemq-platform] [hivemq-platform-operator] [e1373b83] 23:40:14.406 [ReconcilerExecutor-hivemq-controller-120] DEBUG c.h.p.o.h.HiveMQPlatformReconcilerErrorHandler - [helmvolu] Pod 'test-hivemq-platform-2' phase Running
2025-01-28 23:40:14,412 INFO c.h.h.t.HelmChartContainer - [hivemq-test-hivemq-platform] [hivemq-platform-operator] [e1373b83] 23:40:14.410 [ReconcilerExecutor-hivemq-controller-120] DEBUG c.h.p.o.h.HiveMQPlatformReconcilerErrorHandler - [helmvolu] Pod 'test-hivemq-platform-1' phase Running
2025-01-28 23:40:14,412 INFO c.h.h.t.HelmChartContainer - [hivemq-test-hivemq-platform] [hivemq-platform-operator] [e1373b83] 23:40:14.411 [ReconcilerExecutor-hivemq-controller-120] DEBUG c.h.p.o.h.HiveMQPlatformReconcilerErrorHandler - [helmvolu] Pod 'test-hivemq-platform-0' phase Running
2025-01-28 23:40:14,412 INFO c.h.h.t.HelmChartContainer - [hivemq-test-hivemq-platform] [hivemq-platform-operator] [e1373b83] 23:40:14.411 [ReconcilerExecutor-hivemq-controller-120] DEBUG c.h.p.o.h.HiveMQPlatformReconcilerRollingRestartHandler - [helmvolu] Rolling restart is waiting for 2 of 3 replicas
2025-01-28 23:40:14,417 INFO c.h.h.t.HelmChartContainer - [hivemq-test-hivemq-platform] [hivemq-platform-operator] [e1373b83] 23:40:14.413 [pool-6-thread-23] DEBUG c.h.p.o.d.PlatformServiceResource - [helmvolu] Desired Platform services (3 services)
2025-01-28 23:40:14,417 INFO c.h.h.t.HelmChartContainer - [hivemq-test-hivemq-platform] [hivemq-platform-operator] [e1373b83] 23:40:14.415 [pool-6-thread-21] DEBUG c.h.p.o.dependants.PodInfoConfigMap - [helmvolu] Desired PodInfo ConfigMap (1 extensions) (1 enabled)
2025-01-28 23:40:14,417 INFO c.h.h.t.HelmChartContainer - [hivemq-test-hivemq-platform] [hivemq-platform-operator] [e1373b83] 23:40:14.415 [pool-6-thread-21] DEBUG c.h.p.o.dependants.PodInfoConfigMap - [helmvolu] Desired PodInfo ConfigMap (metrics port: 9399) (metrics path: /)
2025-01-28 23:40:14,417 INFO c.h.h.t.HelmChartContainer - [hivemq-test-hivemq-platform] [hivemq-platform-operator] [e1373b83] 23:40:14.415 [pool-6-thread-21] DEBUG c.h.p.o.dependants.PodInfoConfigMap - [helmvolu] Desired PodInfo ConfigMap (extension state hash: -1817474005)
2025-01-28 23:40:14,417 INFO c.h.h.t.HelmChartContainer - [hivemq-test-hivemq-platform] [hivemq-platform-operator] [e1373b83] 23:40:14.416 [pool-6-thread-26] DEBUG c.h.p.o.d.PodServiceAccountResource - [helmvolu] Desired PodServiceAccountResource (serviceAccountName: hivemq-platform-pod-test-hivemq-platform)
2025-01-28 23:40:14,418 INFO c.h.h.t.HelmChartContainer - [hivemq-test-hivemq-platform] [hivemq-platform-operator] [e1373b83] 23:40:14.418 [pool-6-thread-27] DEBUG c.h.p.o.d.StatefulSetResource - [helmvolu] Desired StatefulSet (3 replicas) for status ROLLING_RESTART (RESTART_PODS_IN_PROGRESS)
2025-01-28 23:40:14,420 INFO c.h.h.t.HelmChartContainer - [hivemq-test-hivemq-platform] [hivemq-platform-operator] [e1373b83] 23:40:14.420 [ReconcilerExecutor-hivemq-controller-120] INFO  c.h.p.o.HiveMQPlatformReconciler - [helmvolu] Reconciling HiveMQ Platform 'test-hivemq-platform' in namespace 'helmvolumeclaimtemplatesit'
2025-01-28 23:40:14,420 INFO c.h.h.t.HelmChartContainer - [hivemq-test-hivemq-platform] [hivemq-platform-operator] [e1373b83] 23:40:14.420 [ReconcilerExecutor-hivemq-controller-120] DEBUG c.h.p.o.HiveMQPlatformReconciler - [helmvolu] Custom Resource Status ROLLING_RESTART - HiveMQ Platform is restarting Pods (rolling restart) (RESTART_PODS_IN_PROGRESS)
2025-01-28 23:40:14,420 INFO c.h.h.t.HelmChartContainer - [hivemq-test-hivemq-platform] [hivemq-platform-operator] [e1373b83] 23:40:14.420 [ReconcilerExecutor-hivemq-controller-120] DEBUG c.h.p.o.HiveMQPlatformReconciler - [helmvolu] Custom Resource Spec (replicas: 2) (extensions: 1)
2025-01-28 23:40:14,421 INFO c.h.h.t.HelmChartContainer - [hivemq-test-hivemq-platform] [hivemq-platform-operator] [e1373b83] 23:40:14.421 [ReconcilerExecutor-hivemq-controller-120] DEBUG c.h.p.o.HiveMQPlatformReconciler - [helmvolu] StatefulSet Status (revision: test-hivemq-platform-59475f86c9, replicas: 3, available: 3, ready: 3, current: 0, updated: 3)
2025-01-28 23:40:14,421 INFO c.h.h.t.HelmChartContainer - [hivemq-test-hivemq-platform] [hivemq-platform-operator] [e1373b83] 23:40:14.421 [ReconcilerExecutor-hivemq-controller-120] DEBUG c.h.p.o.HiveMQPlatformReconciler - [helmvolu] StatefulSet Spec (replicas: 3, init containers: 1, containers: 1, volumes: 4)
2025-01-28 23:40:14,422 INFO c.h.h.t.HelmChartContainer - [hivemq-test-hivemq-platform] [hivemq-platform-operator] [e1373b83] 23:40:14.422 [ReconcilerExecutor-hivemq-controller-120] DEBUG c.h.p.o.h.HiveMQPlatformReconcilerErrorHandler - [helmvolu] Pod 'test-hivemq-platform-2' phase Running
2025-01-28 23:40:14,424 INFO c.h.h.t.HelmChartContainer - [hivemq-test-hivemq-platform] [hivemq-platform-operator] [e1373b83] 23:40:14.423 [ReconcilerExecutor-hivemq-controller-120] DEBUG c.h.p.o.h.HiveMQPlatformReconcilerErrorHandler - [helmvolu] Pod 'test-hivemq-platform-1' phase Running
2025-01-28 23:40:14,426 INFO c.h.h.t.HelmChartContainer - [hivemq-test-hivemq-platform] [hivemq-platform-operator] [e1373b83] 23:40:14.423 [ReconcilerExecutor-hivemq-controller-120] DEBUG c.h.p.o.h.HiveMQPlatformReconcilerErrorHandler - [helmvolu] Pod 'test-hivemq-platform-0' phase Running
2025-01-28 23:40:14,438 INFO c.h.h.t.HelmChartContainer - [hivemq-test-hivemq-platform] [hivemq-platform-operator] [e1373b83] 23:40:14.436 [ReconcilerExecutor-hivemq-controller-120] DEBUG c.h.p.o.h.HiveMQPlatformReconcilerRollingRestartHandler - [helmvolu] Skipping Pod test-hivemq-platform-2 as it's already on the controller update revision (update revision: test-hivemq-platform-59475f86c9, pod revision: test-hivemq-platform-59475f86c9)
2025-01-28 23:40:14,440 INFO c.h.h.t.HelmChartContainer - [hivemq-test-hivemq-platform] [hivemq-platform-operator] [e1373b83] 23:40:14.440 [ReconcilerExecutor-hivemq-controller-120] DEBUG c.h.p.o.h.HiveMQPlatformReconcilerRollingRestartHandler - [helmvolu] Skipping Pod test-hivemq-platform-1 as it's already on the controller update revision (update revision: test-hivemq-platform-59475f86c9, pod revision: test-hivemq-platform-59475f86c9)
2025-01-28 23:40:14,443 INFO c.h.h.t.HelmChartContainer - [hivemq-test-hivemq-platform] [hivemq-platform-operator] [e1373b83] 23:40:14.443 [ReconcilerExecutor-hivemq-controller-120] DEBUG c.h.p.o.h.HiveMQPlatformReconcilerRollingRestartHandler - [helmvolu] Skipping Pod test-hivemq-platform-0 as it's already on the controller update revision (update revision: test-hivemq-platform-59475f86c9, pod revision: test-hivemq-platform-59475f86c9)
2025-01-28 23:40:14,443 INFO c.h.h.t.HelmChartContainer - [hivemq-test-hivemq-platform] [hivemq-platform-operator] [e1373b83] 23:40:14.443 [ReconcilerExecutor-hivemq-controller-120] INFO  c.h.p.o.h.HiveMQPlatformReconcilerRollingRestartHandler - [helmvolu] Stopping surge Pod
2025-01-28 23:40:14,529 INFO c.h.h.t.HelmChartContainer - [hivemq-test-hivemq-platform] [hivemq-platform-operator] [e1373b83] 23:40:14.528 [ReconcilerExecutor-hivemq-controller-120] DEBUG c.h.p.operator.event.EventSender - [helmvolu] Creating K8s event rolling-restart-scale-down-in-progress: [RollingRestart] HiveMQ Platform is stopping the surge Pod (rolling restart)
2025-01-28 23:40:14,532 INFO c.h.h.t.HelmChartContainer - [EVENT] Normal [RollingRestart] HiveMQ Platform is stopping the surge Pod (rolling restart) [helmvolumeclaimtemplatesit:test-hivemq-platform]
2025-01-28 23:40:14,534 INFO c.h.h.t.HelmChartContainer - [hivemq-test-hivemq-platform] [hivemq-platform-operator] [e1373b83] 23:40:14.532 [ReconcilerExecutor-hivemq-controller-120] INFO  c.h.p.o.h.AbstractHiveMQReconcilerStateHandler - [helmvolu] Update HiveMQ Platform Status (ROLLING_RESTART [RESTART_PODS_IN_PROGRESS] -> ROLLING_RESTART [SCALE_DOWN_IN_PROGRESS]): HiveMQ Platform is stopping the surge Pod (rolling restart)
2025-01-28 23:40:14,540 DEBUG com.hivemq.helmcharts.util.K8sUtil - Comparing actual state 'ROLLING_RESTART' and waiting for 'RUNNING'
2025-01-28 23:40:20,953 INFO c.h.h.t.HelmChartContainer - [test-hivemq-platform] [hivemq] [3131b977] INFO  - [HiveMQ Platform Operator Init App 1.7.0-SNAPSHOT] Returning Health API response 200 for liveness
2025-01-28 23:40:24,613 INFO c.h.h.t.HelmChartContainer - [hivemq-test-hivemq-platform] [hivemq-platform-operator] [e1373b83] 23:40:24.611 [pool-6-thread-34] DEBUG c.h.p.o.d.PlatformServiceResource - [helmvolu] Desired Platform services (3 services)
2025-01-28 23:40:24,613 INFO c.h.h.t.HelmChartContainer - [hivemq-test-hivemq-platform] [hivemq-platform-operator] [e1373b83] 23:40:24.611 [pool-6-thread-36] DEBUG c.h.p.o.dependants.PodInfoConfigMap - [helmvolu] Desired PodInfo ConfigMap (1 extensions) (1 enabled)
2025-01-28 23:40:24,613 INFO c.h.h.t.HelmChartContainer - [hivemq-test-hivemq-platform] [hivemq-platform-operator] [e1373b83] 23:40:24.611 [pool-6-thread-36] DEBUG c.h.p.o.dependants.PodInfoConfigMap - [helmvolu] Desired PodInfo ConfigMap (metrics port: 9399) (metrics path: /)
2025-01-28 23:40:24,613 INFO c.h.h.t.HelmChartContainer - [hivemq-test-hivemq-platform] [hivemq-platform-operator] [e1373b83] 23:40:24.611 [pool-6-thread-36] DEBUG c.h.p.o.dependants.PodInfoConfigMap - [helmvolu] Desired PodInfo ConfigMap (extension state hash: -1817474005)
2025-01-28 23:40:24,613 INFO c.h.h.t.HelmChartContainer - [hivemq-test-hivemq-platform] [hivemq-platform-operator] [e1373b83] 23:40:24.611 [pool-6-thread-31] DEBUG c.h.p.o.d.PodServiceAccountResource - [helmvolu] Desired PodServiceAccountResource (serviceAccountName: hivemq-platform-pod-test-hivemq-platform)
2025-01-28 23:40:24,613 INFO c.h.h.t.HelmChartContainer - [hivemq-test-hivemq-platform] [hivemq-platform-operator] [e1373b83] 23:40:24.611 [pool-6-thread-36] DEBUG c.h.p.o.dependants.PodInfoConfigMap - [helmvolu] Update PodInfo ConfigMap
2025-01-28 23:40:24,620 INFO c.h.h.t.HelmChartContainer - [hivemq-test-hivemq-platform] [hivemq-platform-operator] [e1373b83] 23:40:24.619 [pool-6-thread-36] DEBUG c.h.p.o.d.StatefulSetResource - [helmvolu] Desired StatefulSet (2 replicas) for status ROLLING_RESTART (SCALE_DOWN_IN_PROGRESS)
2025-01-28 23:40:24,622 INFO c.h.h.t.HelmChartContainer - [hivemq-test-hivemq-platform] [hivemq-platform-operator] [e1373b83] 23:40:24.622 [pool-6-thread-36] DEBUG c.h.p.o.d.StatefulSetResource - [helmvolu] Update StatefulSet (replicas: 3 -> 2)
2025-01-28 23:40:24,720 INFO c.h.h.t.HelmChartContainer - [hivemq-test-hivemq-platform] [hivemq-platform-operator] [e1373b83] 23:40:24.718 [ReconcilerExecutor-hivemq-controller-122] INFO  c.h.p.o.HiveMQPlatformReconciler - [helmvolu] Reconciling HiveMQ Platform 'test-hivemq-platform' in namespace 'helmvolumeclaimtemplatesit'
2025-01-28 23:40:24,720 INFO c.h.h.t.HelmChartContainer - [hivemq-test-hivemq-platform] [hivemq-platform-operator] [e1373b83] 23:40:24.718 [ReconcilerExecutor-hivemq-controller-122] DEBUG c.h.p.o.HiveMQPlatformReconciler - [helmvolu] Custom Resource Status ROLLING_RESTART - HiveMQ Platform is stopping the surge Pod (rolling restart) (SCALE_DOWN_IN_PROGRESS)
2025-01-28 23:40:24,720 INFO c.h.h.t.HelmChartContainer - [hivemq-test-hivemq-platform] [hivemq-platform-operator] [e1373b83] 23:40:24.718 [ReconcilerExecutor-hivemq-controller-122] DEBUG c.h.p.o.HiveMQPlatformReconciler - [helmvolu] Custom Resource Spec (replicas: 2) (extensions: 1)
2025-01-28 23:40:24,720 INFO c.h.h.t.HelmChartContainer - [hivemq-test-hivemq-platform] [hivemq-platform-operator] [e1373b83] 23:40:24.719 [ReconcilerExecutor-hivemq-controller-122] DEBUG c.h.p.o.HiveMQPlatformReconciler - [helmvolu] StatefulSet Status (revision: test-hivemq-platform-59475f86c9, replicas: 3, available: 3, ready: 3, current: 0, updated: 3)
2025-01-28 23:40:24,720 INFO c.h.h.t.HelmChartContainer - [hivemq-test-hivemq-platform] [hivemq-platform-operator] [e1373b83] 23:40:24.719 [ReconcilerExecutor-hivemq-controller-122] DEBUG c.h.p.o.HiveMQPlatformReconciler - [helmvolu] StatefulSet Spec (replicas: 2, init containers: 1, containers: 1, volumes: 4)
2025-01-28 23:40:24,721 INFO c.h.h.t.HelmChartContainer - [hivemq-test-hivemq-platform] [hivemq-platform-operator] [e1373b83] 23:40:24.720 [ReconcilerExecutor-hivemq-controller-122] DEBUG c.h.p.o.h.HiveMQPlatformReconcilerErrorHandler - [helmvolu] Pod 'test-hivemq-platform-1' phase Running
2025-01-28 23:40:24,724 INFO c.h.h.t.HelmChartContainer - [hivemq-test-hivemq-platform] [hivemq-platform-operator] [e1373b83] 23:40:24.721 [ReconcilerExecutor-hivemq-controller-122] DEBUG c.h.p.o.h.HiveMQPlatformReconcilerErrorHandler - [helmvolu] Pod 'test-hivemq-platform-0' phase Running
2025-01-28 23:40:24,724 INFO c.h.h.t.HelmChartContainer - [hivemq-test-hivemq-platform] [hivemq-platform-operator] [e1373b83] 23:40:24.722 [ReconcilerExecutor-hivemq-controller-122] DEBUG c.h.p.o.h.HiveMQPlatformReconcilerRollingRestartHandler - [helmvolu] Rolling restart is waiting for 3 of 2 replicas
2025-01-28 23:40:24,728 INFO c.h.h.t.HelmChartContainer - [POD] test-hivemq-platform-2 [111f66bb-1c67-4daa-abb3-9bc824d96869] in helmvolumeclaimtemplatesit was MODIFIED
2025-01-28 23:40:24,732 INFO c.h.h.t.HelmChartContainer - [EVENT] Normal [Killing] Stopping container hivemq [helmvolumeclaimtemplatesit:test-hivemq-platform-2]
2025-01-28 23:40:24,732 INFO c.h.h.t.HelmChartContainer - Received Killing event for container hivemq in pod test-hivemq-platform-2 [111f66bb-1c67-4daa-abb3-9bc824d96869]
2025-01-28 23:40:24,732 INFO c.h.h.t.HelmChartContainer - Container [test-hivemq-platform-2] [hivemq] [111f66bb-1c67-4daa-abb3-9bc824d96869] was terminated
2025-01-28 23:40:24,732 INFO c.h.h.t.HelmChartContainer - Stopped log watcher for hivemq in pod test-hivemq-platform-2 [111f66bb-1c67-4daa-abb3-9bc824d96869]
2025-01-28 23:40:24,732 INFO c.h.h.t.HelmChartContainer - [hivemq-test-hivemq-platform] [hivemq-platform-operator] [e1373b83] 23:40:24.731 [pool-6-thread-42] DEBUG c.h.p.o.d.PlatformServiceResource - [helmvolu] Desired Platform services (3 services)
2025-01-28 23:40:24,745 INFO c.h.h.t.HelmChartContainer - [hivemq-test-hivemq-platform] [hivemq-platform-operator] [e1373b83] 23:40:24.734 [pool-6-thread-41] DEBUG c.h.p.o.dependants.PodInfoConfigMap - [helmvolu] Desired PodInfo ConfigMap (1 extensions) (1 enabled)
2025-01-28 23:40:24,745 INFO c.h.h.t.HelmChartContainer - [hivemq-test-hivemq-platform] [hivemq-platform-operator] [e1373b83] 23:40:24.734 [pool-6-thread-41] DEBUG c.h.p.o.dependants.PodInfoConfigMap - [helmvolu] Desired PodInfo ConfigMap (metrics port: 9399) (metrics path: /)
2025-01-28 23:40:24,745 INFO c.h.h.t.HelmChartContainer - [hivemq-test-hivemq-platform] [hivemq-platform-operator] [e1373b83] 23:40:24.734 [pool-6-thread-41] DEBUG c.h.p.o.dependants.PodInfoConfigMap - [helmvolu] Desired PodInfo ConfigMap (extension state hash: -1817474005)
2025-01-28 23:40:24,745 INFO c.h.h.t.HelmChartContainer - [hivemq-test-hivemq-platform] [hivemq-platform-operator] [e1373b83] 23:40:24.736 [pool-6-thread-41] DEBUG c.h.p.o.d.PodServiceAccountResource - [helmvolu] Desired PodServiceAccountResource (serviceAccountName: hivemq-platform-pod-test-hivemq-platform)
2025-01-28 23:40:24,747 INFO c.h.h.t.HelmChartContainer - [EVENT] Normal [SuccessfulDelete] delete Pod test-hivemq-platform-2 in StatefulSet test-hivemq-platform successful [helmvolumeclaimtemplatesit:test-hivemq-platform]
2025-01-28 23:40:24,750 INFO c.h.h.t.HelmChartContainer - [test-hivemq-platform] [hivemq] [111f66bb] INFO  - [HiveMQ Platform Operator Init App 1.7.0-SNAPSHOT] Shutting down
2025-01-28 23:40:24,750 INFO c.h.h.t.HelmChartContainer - [test-hivemq-platform] [hivemq] [111f66bb] INFO  - [HiveMQ Platform Operator Init App 1.7.0-SNAPSHOT] Stopping the HiveMQ Platform
2025-01-28 23:40:24,811 INFO c.h.h.t.HelmChartContainer - [hivemq-test-hivemq-platform] [hivemq-platform-operator] [e1373b83] 23:40:24.809 [pool-6-thread-42] DEBUG c.h.p.o.d.StatefulSetResource - [helmvolu] Desired StatefulSet (2 replicas) for status ROLLING_RESTART (SCALE_DOWN_IN_PROGRESS)
2025-01-28 23:40:24,815 INFO c.h.h.t.HelmChartContainer - [hivemq-test-hivemq-platform] [hivemq-platform-operator] [e1373b83] 23:40:24.813 [ReconcilerExecutor-hivemq-controller-123] INFO  c.h.p.o.HiveMQPlatformReconciler - [helmvolu] Reconciling HiveMQ Platform 'test-hivemq-platform' in namespace 'helmvolumeclaimtemplatesit'
2025-01-28 23:40:24,816 INFO c.h.h.t.HelmChartContainer - [hivemq-test-hivemq-platform] [hivemq-platform-operator] [e1373b83] 23:40:24.813 [ReconcilerExecutor-hivemq-controller-123] DEBUG c.h.p.o.HiveMQPlatformReconciler - [helmvolu] Custom Resource Status ROLLING_RESTART - HiveMQ Platform is stopping the surge Pod (rolling restart) (SCALE_DOWN_IN_PROGRESS)
2025-01-28 23:40:24,816 INFO c.h.h.t.HelmChartContainer - [hivemq-test-hivemq-platform] [hivemq-platform-operator] [e1373b83] 23:40:24.813 [ReconcilerExecutor-hivemq-controller-123] DEBUG c.h.p.o.HiveMQPlatformReconciler - [helmvolu] Custom Resource Spec (replicas: 2) (extensions: 1)
2025-01-28 23:40:24,816 INFO c.h.h.t.HelmChartContainer - [hivemq-test-hivemq-platform] [hivemq-platform-operator] [e1373b83] 23:40:24.814 [ReconcilerExecutor-hivemq-controller-123] DEBUG c.h.p.o.HiveMQPlatformReconciler - [helmvolu] StatefulSet Status (revision: test-hivemq-platform-59475f86c9, replicas: 3, available: 3, ready: 3, current: 0, updated: 2)
2025-01-28 23:40:24,816 INFO c.h.h.t.HelmChartContainer - [hivemq-test-hivemq-platform] [hivemq-platform-operator] [e1373b83] 23:40:24.814 [ReconcilerExecutor-hivemq-controller-123] DEBUG c.h.p.o.HiveMQPlatformReconciler - [helmvolu] StatefulSet Spec (replicas: 2, init containers: 1, containers: 1, volumes: 4)
2025-01-28 23:40:24,817 INFO c.h.h.t.HelmChartContainer - [hivemq-test-hivemq-platform] [hivemq-platform-operator] [e1373b83] 23:40:24.816 [ReconcilerExecutor-hivemq-controller-123] DEBUG c.h.p.o.h.HiveMQPlatformReconcilerErrorHandler - [helmvolu] Pod 'test-hivemq-platform-1' phase Running
2025-01-28 23:40:24,818 INFO c.h.h.t.HelmChartContainer - [hivemq-test-hivemq-platform] [hivemq-platform-operator] [e1373b83] 23:40:24.817 [ReconcilerExecutor-hivemq-controller-123] DEBUG c.h.p.o.h.HiveMQPlatformReconcilerErrorHandler - [helmvolu] Pod 'test-hivemq-platform-0' phase Running
2025-01-28 23:40:24,819 INFO c.h.h.t.HelmChartContainer - [hivemq-test-hivemq-platform] [hivemq-platform-operator] [e1373b83] 23:40:24.818 [ReconcilerExecutor-hivemq-controller-123] DEBUG c.h.p.o.h.HiveMQPlatformReconcilerRollingRestartHandler - [helmvolu] Rolling restart is waiting for 3 of 2 replicas
2025-01-28 23:40:24,826 INFO c.h.h.t.HelmChartContainer - [hivemq-test-hivemq-platform] [hivemq-platform-operator] [e1373b83] 23:40:24.825 [pool-6-thread-3] DEBUG c.h.p.o.dependants.PodInfoConfigMap - [helmvolu] Desired PodInfo ConfigMap (1 extensions) (1 enabled)
2025-01-28 23:40:24,826 INFO c.h.h.t.HelmChartContainer - [hivemq-test-hivemq-platform] [hivemq-platform-operator] [e1373b83] 23:40:24.825 [pool-6-thread-3] DEBUG c.h.p.o.dependants.PodInfoConfigMap - [helmvolu] Desired PodInfo ConfigMap (metrics port: 9399) (metrics path: /)
2025-01-28 23:40:24,826 INFO c.h.h.t.HelmChartContainer - [hivemq-test-hivemq-platform] [hivemq-platform-operator] [e1373b83] 23:40:24.825 [pool-6-thread-3] DEBUG c.h.p.o.dependants.PodInfoConfigMap - [helmvolu] Desired PodInfo ConfigMap (extension state hash: -1817474005)
2025-01-28 23:40:24,826 INFO c.h.h.t.HelmChartContainer - [hivemq-test-hivemq-platform] [hivemq-platform-operator] [e1373b83] 23:40:24.825 [pool-6-thread-10] DEBUG c.h.p.o.d.PodServiceAccountResource - [helmvolu] Desired PodServiceAccountResource (serviceAccountName: hivemq-platform-pod-test-hivemq-platform)
2025-01-28 23:40:24,827 INFO c.h.h.t.HelmChartContainer - [hivemq-test-hivemq-platform] [hivemq-platform-operator] [e1373b83] 23:40:24.826 [pool-6-thread-2] DEBUG c.h.p.o.d.PlatformServiceResource - [helmvolu] Desired Platform services (3 services)
2025-01-28 23:40:24,830 INFO c.h.h.t.HelmChartContainer - [hivemq-test-hivemq-platform] [hivemq-platform-operator] [e1373b83] 23:40:24.829 [pool-6-thread-2] DEBUG c.h.p.o.d.StatefulSetResource - [helmvolu] Desired StatefulSet (2 replicas) for status ROLLING_RESTART (SCALE_DOWN_IN_PROGRESS)
2025-01-28 23:40:24,862 INFO c.h.h.t.HelmChartContainer - [test-hivemq-platform] [hivemq] [111f66bb] INFO  - Shutting down HiveMQ. Please wait, this could take a while...
2025-01-28 23:40:24,867 INFO c.h.h.t.HelmChartContainer - [test-hivemq-platform] [hivemq] [111f66bb] INFO  - Shutting down listeners and clients
2025-01-28 23:40:24,910 INFO c.h.h.t.HelmChartContainer - [hivemq-test-hivemq-platform] [hivemq-platform-operator] [e1373b83] 23:40:24.907 [ReconcilerExecutor-hivemq-controller-123] INFO  c.h.p.o.HiveMQPlatformReconciler - [helmvolu] Reconciling HiveMQ Platform 'test-hivemq-platform' in namespace 'helmvolumeclaimtemplatesit'
2025-01-28 23:40:24,911 INFO c.h.h.t.HelmChartContainer - [hivemq-test-hivemq-platform] [hivemq-platform-operator] [e1373b83] 23:40:24.907 [ReconcilerExecutor-hivemq-controller-123] DEBUG c.h.p.o.HiveMQPlatformReconciler - [helmvolu] Custom Resource Status ROLLING_RESTART - HiveMQ Platform is stopping the surge Pod (rolling restart) (SCALE_DOWN_IN_PROGRESS)
2025-01-28 23:40:24,911 INFO c.h.h.t.HelmChartContainer - [hivemq-test-hivemq-platform] [hivemq-platform-operator] [e1373b83] 23:40:24.907 [ReconcilerExecutor-hivemq-controller-123] DEBUG c.h.p.o.HiveMQPlatformReconciler - [helmvolu] Custom Resource Spec (replicas: 2) (extensions: 1)
2025-01-28 23:40:24,911 INFO c.h.h.t.HelmChartContainer - [hivemq-test-hivemq-platform] [hivemq-platform-operator] [e1373b83] 23:40:24.909 [ReconcilerExecutor-hivemq-controller-123] DEBUG c.h.p.o.HiveMQPlatformReconciler - [helmvolu] StatefulSet Status (revision: test-hivemq-platform-59475f86c9, replicas: 3, available: 3, ready: 3, current: 0, updated: 2)
2025-01-28 23:40:24,911 INFO c.h.h.t.HelmChartContainer - [hivemq-test-hivemq-platform] [hivemq-platform-operator] [e1373b83] 23:40:24.909 [ReconcilerExecutor-hivemq-controller-123] DEBUG c.h.p.o.HiveMQPlatformReconciler - [helmvolu] StatefulSet Spec (replicas: 2, init containers: 1, containers: 1, volumes: 4)
2025-01-28 23:40:24,914 INFO c.h.h.t.HelmChartContainer - [hivemq-test-hivemq-platform] [hivemq-platform-operator] [e1373b83] 23:40:24.911 [ReconcilerExecutor-hivemq-controller-123] DEBUG c.h.p.o.h.HiveMQPlatformReconcilerErrorHandler - [helmvolu] Pod 'test-hivemq-platform-1' phase Running
2025-01-28 23:40:24,914 INFO c.h.h.t.HelmChartContainer - [hivemq-test-hivemq-platform] [hivemq-platform-operator] [e1373b83] 23:40:24.912 [ReconcilerExecutor-hivemq-controller-123] DEBUG c.h.p.o.h.HiveMQPlatformReconcilerErrorHandler - [helmvolu] Pod 'test-hivemq-platform-0' phase Running
2025-01-28 23:40:24,914 INFO c.h.h.t.HelmChartContainer - [hivemq-test-hivemq-platform] [hivemq-platform-operator] [e1373b83] 23:40:24.912 [ReconcilerExecutor-hivemq-controller-123] DEBUG c.h.p.o.h.HiveMQPlatformReconcilerRollingRestartHandler - [helmvolu] Rolling restart is waiting for 3 of 2 replicas
2025-01-28 23:40:24,945 INFO c.h.h.t.HelmChartContainer - [test-hivemq-platform] [hivemq] [111f66bb] INFO  - Shutdown of listeners is done
2025-01-28 23:40:24,945 INFO c.h.h.t.HelmChartContainer - [test-hivemq-platform] [hivemq] [111f66bb] INFO  - No clients are connected, proceeding with shutdown
2025-01-28 23:40:27,578 INFO c.h.h.t.HelmChartContainer - [test-hivemq-platform] [hivemq] [111f66bb] INFO  - Shutting down extension system
2025-01-28 23:40:27,584 INFO c.h.h.t.HelmChartContainer - [test-hivemq-platform] [hivemq] [111f66bb] INFO  - Stopping extension with id hivemq-dns-cluster-discovery
2025-01-28 23:40:27,585 INFO c.h.h.t.HelmChartContainer - [test-hivemq-platform] [hivemq] [111f66bb] INFO  - Extension "DNS Cluster Discovery Extension" version 4.3.2 stopped successfully.
2025-01-28 23:40:27,586 INFO c.h.h.t.HelmChartContainer - [test-hivemq-platform] [hivemq] [111f66bb] INFO  - Stopping extension with id hivemq-prometheus-extension
2025-01-28 23:40:27,590 INFO c.h.h.t.HelmChartContainer - [test-hivemq-platform] [hivemq] [111f66bb] INFO  - Extension "Prometheus Monitoring Extension" version 4.0.12 stopped successfully.
2025-01-28 23:40:27,591 INFO c.h.h.t.HelmChartContainer - [test-hivemq-platform] [hivemq] [111f66bb] INFO  - Stopping extension with id hivemq-allow-all-extension
2025-01-28 23:40:27,591 INFO c.h.h.t.HelmChartContainer - [test-hivemq-platform] [hivemq] [111f66bb] INFO  - Extension "Allow All Extension" version 1.1.1 stopped successfully.
2025-01-28 23:40:27,597 INFO c.h.h.t.HelmChartContainer - [test-hivemq-platform] [hivemq] [3eda3e89] INFO  - Cluster nodes found by discovery: [k4eNn|7] (2) [k4eNn, RnSsx].
2025-01-28 23:40:27,601 INFO c.h.h.t.HelmChartContainer - [test-hivemq-platform] [hivemq] [3eda3e89] INFO  - Cluster size = 2, members : [k4eNn, RnSsx].
2025-01-28 23:40:27,602 INFO c.h.h.t.HelmChartContainer - [test-hivemq-platform] [hivemq] [3131b977] INFO  - Cluster nodes found by discovery: [k4eNn|7] (2) [k4eNn, RnSsx].
2025-01-28 23:40:27,611 INFO c.h.h.t.HelmChartContainer - [test-hivemq-platform] [hivemq] [3eda3e89] INFO  - Starting cluster replication process. This may take a while. Please do not shut down HiveMQ.
2025-01-28 23:40:27,617 INFO c.h.h.t.HelmChartContainer - [test-hivemq-platform] [hivemq] [3131b977] INFO  - Cluster size = 2, members : [k4eNn, RnSsx].
2025-01-28 23:40:27,618 INFO c.h.h.t.HelmChartContainer - [test-hivemq-platform] [hivemq] [3131b977] INFO  - Starting cluster replication process. This may take a while. Please do not shut down HiveMQ.
2025-01-28 23:40:27,873 INFO c.h.h.t.HelmChartContainer - [test-hivemq-platform] [hivemq] [3eda3e89] INFO  - Finished cluster replication successfully in 261 ms.
2025-01-28 23:40:27,924 INFO c.h.h.t.HelmChartContainer - [test-hivemq-platform] [hivemq] [3131b977] INFO  - Finished cluster replication successfully in 305 ms.
2025-01-28 23:40:28,165 INFO c.h.h.t.HelmChartContainer - [test-hivemq-platform] [hivemq] [111f66bb] INFO  - [HiveMQ Platform Operator Init App 1.7.0-SNAPSHOT] Returning shutdown Health API response 503 for readiness
2025-01-28 23:40:28,169 INFO c.h.h.t.HelmChartContainer - [EVENT] Warning [Unhealthy] Readiness probe failed: HTTP probe failed with statuscode: 503 [helmvolumeclaimtemplatesit:test-hivemq-platform-2]
2025-01-28 23:40:28,169 INFO c.h.h.t.HelmChartContainer - Received Unhealthy event for container hivemq in pod test-hivemq-platform-2 [111f66bb-1c67-4daa-abb3-9bc824d96869]
2025-01-28 23:40:29,875 INFO c.h.h.t.HelmChartContainer - [test-hivemq-platform] [hivemq] [111f66bb] INFO  - Shutdown completed.
2025-01-28 23:40:30,302 INFO c.h.h.t.HelmChartContainer - [test-hivemq-platform] [hivemq] [111f66bb] INFO  - [HiveMQ Platform Operator Init App 1.7.0-SNAPSHOT] The HiveMQ Platform exited with code 143
2025-01-28 23:40:30,302 INFO c.h.h.t.HelmChartContainer - [test-hivemq-platform] [hivemq] [111f66bb] INFO  - [HiveMQ Platform Operator Init App 1.7.0-SNAPSHOT] Stopping the REST API
2025-01-28 23:40:30,310 INFO c.h.h.t.HelmChartContainer - [test-hivemq-platform] [hivemq] [111f66bb] INFO  - [HiveMQ Platform Operator Init App 1.7.0-SNAPSHOT] Shutdown complete
2025-01-28 23:40:30,793 INFO c.h.h.t.HelmChartContainer - [POD] test-hivemq-platform-2 [111f66bb-1c67-4daa-abb3-9bc824d96869] in helmvolumeclaimtemplatesit was MODIFIED
2025-01-28 23:40:30,803 INFO c.h.h.t.HelmChartContainer - [hivemq-test-hivemq-platform] [hivemq-platform-operator] [e1373b83] 23:40:30.793 [pool-6-thread-16] DEBUG c.h.p.o.d.PlatformServiceResource - [helmvolu] Desired Platform services (3 services)
2025-01-28 23:40:30,803 INFO c.h.h.t.HelmChartContainer - [hivemq-test-hivemq-platform] [hivemq-platform-operator] [e1373b83] 23:40:30.794 [pool-6-thread-13] DEBUG c.h.p.o.dependants.PodInfoConfigMap - [helmvolu] Desired PodInfo ConfigMap (1 extensions) (1 enabled)
2025-01-28 23:40:30,803 INFO c.h.h.t.HelmChartContainer - [hivemq-test-hivemq-platform] [hivemq-platform-operator] [e1373b83] 23:40:30.794 [pool-6-thread-13] DEBUG c.h.p.o.dependants.PodInfoConfigMap - [helmvolu] Desired PodInfo ConfigMap (metrics port: 9399) (metrics path: /)
2025-01-28 23:40:30,803 INFO c.h.h.t.HelmChartContainer - [hivemq-test-hivemq-platform] [hivemq-platform-operator] [e1373b83] 23:40:30.794 [pool-6-thread-13] DEBUG c.h.p.o.dependants.PodInfoConfigMap - [helmvolu] Desired PodInfo ConfigMap (extension state hash: -1817474005)
2025-01-28 23:40:30,803 INFO c.h.h.t.HelmChartContainer - [hivemq-test-hivemq-platform] [hivemq-platform-operator] [e1373b83] 23:40:30.794 [pool-6-thread-20] DEBUG c.h.p.o.d.PodServiceAccountResource - [helmvolu] Desired PodServiceAccountResource (serviceAccountName: hivemq-platform-pod-test-hivemq-platform)
2025-01-28 23:40:30,804 INFO c.h.h.t.HelmChartContainer - [hivemq-test-hivemq-platform] [hivemq-platform-operator] [e1373b83] 23:40:30.800 [pool-6-thread-16] DEBUG c.h.p.o.d.StatefulSetResource - [helmvolu] Desired StatefulSet (2 replicas) for status ROLLING_RESTART (SCALE_DOWN_IN_PROGRESS)
2025-01-28 23:40:30,806 INFO c.h.h.t.HelmChartContainer - [hivemq-test-hivemq-platform] [hivemq-platform-operator] [e1373b83] 23:40:30.803 [ReconcilerExecutor-hivemq-controller-125] INFO  c.h.p.o.HiveMQPlatformReconciler - [helmvolu] Reconciling HiveMQ Platform 'test-hivemq-platform' in namespace 'helmvolumeclaimtemplatesit'
2025-01-28 23:40:30,806 INFO c.h.h.t.HelmChartContainer - [hivemq-test-hivemq-platform] [hivemq-platform-operator] [e1373b83] 23:40:30.803 [ReconcilerExecutor-hivemq-controller-125] DEBUG c.h.p.o.HiveMQPlatformReconciler - [helmvolu] Custom Resource Status ROLLING_RESTART - HiveMQ Platform is stopping the surge Pod (rolling restart) (SCALE_DOWN_IN_PROGRESS)
2025-01-28 23:40:30,806 INFO c.h.h.t.HelmChartContainer - [hivemq-test-hivemq-platform] [hivemq-platform-operator] [e1373b83] 23:40:30.803 [ReconcilerExecutor-hivemq-controller-125] DEBUG c.h.p.o.HiveMQPlatformReconciler - [helmvolu] Custom Resource Spec (replicas: 2) (extensions: 1)
2025-01-28 23:40:30,806 INFO c.h.h.t.HelmChartContainer - [hivemq-test-hivemq-platform] [hivemq-platform-operator] [e1373b83] 23:40:30.804 [ReconcilerExecutor-hivemq-controller-125] DEBUG c.h.p.o.HiveMQPlatformReconciler - [helmvolu] StatefulSet Status (revision: test-hivemq-platform-59475f86c9, replicas: 3, available: 3, ready: 3, current: 0, updated: 2)
2025-01-28 23:40:30,809 INFO c.h.h.t.HelmChartContainer - [hivemq-test-hivemq-platform] [hivemq-platform-operator] [e1373b83] 23:40:30.805 [ReconcilerExecutor-hivemq-controller-125] DEBUG c.h.p.o.HiveMQPlatformReconciler - [helmvolu] StatefulSet Spec (replicas: 2, init containers: 1, containers: 1, volumes: 4)
2025-01-28 23:40:30,809 INFO c.h.h.t.HelmChartContainer - [hivemq-test-hivemq-platform] [hivemq-platform-operator] [e1373b83] 23:40:30.807 [ReconcilerExecutor-hivemq-controller-125] DEBUG c.h.p.o.h.HiveMQPlatformReconcilerErrorHandler - [helmvolu] Pod 'test-hivemq-platform-1' phase Running
2025-01-28 23:40:30,817 INFO c.h.h.t.HelmChartContainer - [hivemq-test-hivemq-platform] [hivemq-platform-operator] [e1373b83] 23:40:30.811 [ReconcilerExecutor-hivemq-controller-125] DEBUG c.h.p.o.h.HiveMQPlatformReconcilerErrorHandler - [helmvolu] Pod 'test-hivemq-platform-0' phase Running
2025-01-28 23:40:30,817 INFO c.h.h.t.HelmChartContainer - [hivemq-test-hivemq-platform] [hivemq-platform-operator] [e1373b83] 23:40:30.811 [ReconcilerExecutor-hivemq-controller-125] DEBUG c.h.p.o.h.HiveMQPlatformReconcilerRollingRestartHandler - [helmvolu] Rolling restart is waiting for 3 of 2 replicas
2025-01-28 23:40:30,821 INFO c.h.h.t.HelmChartContainer - [hivemq-test-hivemq-platform] [hivemq-platform-operator] [e1373b83] 23:40:30.814 [pool-6-thread-24] DEBUG c.h.p.o.d.PlatformServiceResource - [helmvolu] Desired Platform services (3 services)
2025-01-28 23:40:30,821 INFO c.h.h.t.HelmChartContainer - [hivemq-test-hivemq-platform] [hivemq-platform-operator] [e1373b83] 23:40:30.816 [pool-6-thread-24] DEBUG c.h.p.o.dependants.PodInfoConfigMap - [helmvolu] Desired PodInfo ConfigMap (1 extensions) (1 enabled)
2025-01-28 23:40:30,821 INFO c.h.h.t.HelmChartContainer - [hivemq-test-hivemq-platform] [hivemq-platform-operator] [e1373b83] 23:40:30.816 [pool-6-thread-24] DEBUG c.h.p.o.dependants.PodInfoConfigMap - [helmvolu] Desired PodInfo ConfigMap (metrics port: 9399) (metrics path: /)
2025-01-28 23:40:30,821 INFO c.h.h.t.HelmChartContainer - [hivemq-test-hivemq-platform] [hivemq-platform-operator] [e1373b83] 23:40:30.816 [pool-6-thread-24] DEBUG c.h.p.o.dependants.PodInfoConfigMap - [helmvolu] Desired PodInfo ConfigMap (extension state hash: -1817474005)
2025-01-28 23:40:30,822 INFO c.h.h.t.HelmChartContainer - [hivemq-test-hivemq-platform] [hivemq-platform-operator] [e1373b83] 23:40:30.817 [pool-6-thread-30] DEBUG c.h.p.o.d.PodServiceAccountResource - [helmvolu] Desired PodServiceAccountResource (serviceAccountName: hivemq-platform-pod-test-hivemq-platform)
2025-01-28 23:40:30,823 INFO c.h.h.t.HelmChartContainer - [hivemq-test-hivemq-platform] [hivemq-platform-operator] [e1373b83] 23:40:30.822 [pool-6-thread-30] DEBUG c.h.p.o.d.StatefulSetResource - [helmvolu] Desired StatefulSet (2 replicas) for status ROLLING_RESTART (SCALE_DOWN_IN_PROGRESS)
2025-01-28 23:40:30,837 INFO c.h.h.t.HelmChartContainer - [hivemq-test-hivemq-platform] [hivemq-platform-operator] [e1373b83] 23:40:30.834 [ReconcilerExecutor-hivemq-controller-125] INFO  c.h.p.o.HiveMQPlatformReconciler - [helmvolu] Reconciling HiveMQ Platform 'test-hivemq-platform' in namespace 'helmvolumeclaimtemplatesit'
2025-01-28 23:40:30,837 INFO c.h.h.t.HelmChartContainer - [hivemq-test-hivemq-platform] [hivemq-platform-operator] [e1373b83] 23:40:30.834 [ReconcilerExecutor-hivemq-controller-125] DEBUG c.h.p.o.HiveMQPlatformReconciler - [helmvolu] Custom Resource Status ROLLING_RESTART - HiveMQ Platform is stopping the surge Pod (rolling restart) (SCALE_DOWN_IN_PROGRESS)
2025-01-28 23:40:30,837 INFO c.h.h.t.HelmChartContainer - [hivemq-test-hivemq-platform] [hivemq-platform-operator] [e1373b83] 23:40:30.834 [ReconcilerExecutor-hivemq-controller-125] DEBUG c.h.p.o.HiveMQPlatformReconciler - [helmvolu] Custom Resource Spec (replicas: 2) (extensions: 1)
2025-01-28 23:40:30,841 INFO c.h.h.t.HelmChartContainer - [hivemq-test-hivemq-platform] [hivemq-platform-operator] [e1373b83] 23:40:30.835 [ReconcilerExecutor-hivemq-controller-125] DEBUG c.h.p.o.HiveMQPlatformReconciler - [helmvolu] StatefulSet Status (revision: test-hivemq-platform-59475f86c9, replicas: 3, available: 2, ready: 2, current: 0, updated: 2)
2025-01-28 23:40:30,841 INFO c.h.h.t.HelmChartContainer - [hivemq-test-hivemq-platform] [hivemq-platform-operator] [e1373b83] 23:40:30.835 [ReconcilerExecutor-hivemq-controller-125] DEBUG c.h.p.o.HiveMQPlatformReconciler - [helmvolu] StatefulSet Spec (replicas: 2, init containers: 1, containers: 1, volumes: 4)
2025-01-28 23:40:30,841 INFO c.h.h.t.HelmChartContainer - [hivemq-test-hivemq-platform] [hivemq-platform-operator] [e1373b83] 23:40:30.836 [ReconcilerExecutor-hivemq-controller-125] DEBUG c.h.p.o.h.HiveMQPlatformReconcilerErrorHandler - [helmvolu] Pod 'test-hivemq-platform-1' phase Running
2025-01-28 23:40:30,841 INFO c.h.h.t.HelmChartContainer - [hivemq-test-hivemq-platform] [hivemq-platform-operator] [e1373b83] 23:40:30.837 [ReconcilerExecutor-hivemq-controller-125] DEBUG c.h.p.o.h.HiveMQPlatformReconcilerErrorHandler - [helmvolu] Pod 'test-hivemq-platform-0' phase Running
2025-01-28 23:40:30,841 INFO c.h.h.t.HelmChartContainer - [hivemq-test-hivemq-platform] [hivemq-platform-operator] [e1373b83] 23:40:30.838 [ReconcilerExecutor-hivemq-controller-125] INFO  c.h.p.o.h.HiveMQPlatformReconcilerRollingRestartHandler - [helmvolu] Rolling restart is done
2025-01-28 23:40:30,860 INFO c.h.h.t.HelmChartContainer - [EVENT] Normal [Ready] HiveMQ Platform is ready [helmvolumeclaimtemplatesit:test-hivemq-platform]
2025-01-28 23:40:30,865 INFO c.h.h.t.HelmChartContainer - [hivemq-test-hivemq-platform] [hivemq-platform-operator] [e1373b83] 23:40:30.859 [ReconcilerExecutor-hivemq-controller-125] DEBUG c.h.p.operator.event.EventSender - [helmvolu] Updating K8s event hivemq-platform-ready: [Ready] HiveMQ Platform is ready
2025-01-28 23:40:30,865 INFO c.h.h.t.HelmChartContainer - [hivemq-test-hivemq-platform] [hivemq-platform-operator] [e1373b83] 23:40:30.859 [ReconcilerExecutor-hivemq-controller-125] INFO  c.h.p.o.h.AbstractHiveMQReconcilerStateHandler - [helmvolu] Update HiveMQ Platform Status (ROLLING_RESTART [SCALE_DOWN_IN_PROGRESS] -> RUNNING [READY]): HiveMQ Platform is ready
2025-01-28 23:40:30,881 INFO c.h.h.t.HelmChartContainer - [K3S] [reconciler_common.go:162] "operationExecutor.UnmountVolume started for volume \"operator-init\" (UniqueName: \"kubernetes.io/empty-dir/111f66bb-1c67-4daa-abb3-9bc824d96869-operator-init\") pod \"111f66bb-1c67-4daa-abb3-9bc824d96869\" (UID: \"111f66bb-1c67-4daa-abb3-9bc824d96869\") "
2025-01-28 23:40:30,881 INFO c.h.h.t.HelmChartContainer - [K3S] [reconciler_common.go:162] "operationExecutor.UnmountVolume started for volume \"broker-configuration\" (UniqueName: \"kubernetes.io/configmap/111f66bb-1c67-4daa-abb3-9bc824d96869-broker-configuration\") pod \"111f66bb-1c67-4daa-abb3-9bc824d96869\" (UID: \"111f66bb-1c67-4daa-abb3-9bc824d96869\") "
2025-01-28 23:40:30,881 INFO c.h.h.t.HelmChartContainer - [K3S] [reconciler_common.go:162] "operationExecutor.UnmountVolume started for volume \"hivemq-pvc-data\" (UniqueName: \"kubernetes.io/local-volume/pvc-88d52398-11ac-4e9b-b92c-199b266fd2b5\") pod \"111f66bb-1c67-4daa-abb3-9bc824d96869\" (UID: \"111f66bb-1c67-4daa-abb3-9bc824d96869\") "
2025-01-28 23:40:30,881 INFO c.h.h.t.HelmChartContainer - [K3S] [reconciler_common.go:162] "operationExecutor.UnmountVolume started for volume \"kube-api-access-kmg2j\" (UniqueName: \"kubernetes.io/projected/111f66bb-1c67-4daa-abb3-9bc824d96869-kube-api-access-kmg2j\") pod \"111f66bb-1c67-4daa-abb3-9bc824d96869\" (UID: \"111f66bb-1c67-4daa-abb3-9bc824d96869\") "
2025-01-28 23:40:30,881 INFO c.h.h.t.HelmChartContainer - [K3S] [reconciler_common.go:162] "operationExecutor.UnmountVolume started for volume \"pod-info\" (UniqueName: \"kubernetes.io/configmap/111f66bb-1c67-4daa-abb3-9bc824d96869-pod-info\") pod \"111f66bb-1c67-4daa-abb3-9bc824d96869\" (UID: \"111f66bb-1c67-4daa-abb3-9bc824d96869\") "
2025-01-28 23:40:30,884 DEBUG com.hivemq.helmcharts.util.K8sUtil - Comparing actual state 'RUNNING' and waiting for 'RUNNING'
2025-01-28 23:40:30,980 INFO c.h.h.t.HelmChartContainer - [K3S] [reconciler_common.go:299] "Volume detached for volume \"operator-init\" (UniqueName: \"kubernetes.io/empty-dir/111f66bb-1c67-4daa-abb3-9bc824d96869-operator-init\") on node \"e2cd8e671f95\" DevicePath \"\""
2025-01-28 23:40:30,980 INFO c.h.h.t.HelmChartContainer - [K3S] [reconciler_common.go:299] "Volume detached for volume \"broker-configuration\" (UniqueName: \"kubernetes.io/configmap/111f66bb-1c67-4daa-abb3-9bc824d96869-broker-configuration\") on node \"e2cd8e671f95\" DevicePath \"\""
2025-01-28 23:40:30,981 INFO c.h.h.t.HelmChartContainer - [K3S] [reconciler_common.go:292] "operationExecutor.UnmountDevice started for volume \"pvc-88d52398-11ac-4e9b-b92c-199b266fd2b5\" (UniqueName: \"kubernetes.io/local-volume/pvc-88d52398-11ac-4e9b-b92c-199b266fd2b5\") on node \"e2cd8e671f95\" "
2025-01-28 23:40:30,981 INFO c.h.h.t.HelmChartContainer - [K3S] [reconciler_common.go:299] "Volume detached for volume \"kube-api-access-kmg2j\" (UniqueName: \"kubernetes.io/projected/111f66bb-1c67-4daa-abb3-9bc824d96869-kube-api-access-kmg2j\") on node \"e2cd8e671f95\" DevicePath \"\""
2025-01-28 23:40:30,981 INFO c.h.h.t.HelmChartContainer - [K3S] [reconciler_common.go:299] "Volume detached for volume \"pod-info\" (UniqueName: \"kubernetes.io/configmap/111f66bb-1c67-4daa-abb3-9bc824d96869-pod-info\") on node \"e2cd8e671f95\" DevicePath \"\""
2025-01-28 23:40:31,081 INFO c.h.h.t.HelmChartContainer - [K3S] [reconciler_common.go:299] "Volume detached for volume \"pvc-88d52398-11ac-4e9b-b92c-199b266fd2b5\" (UniqueName: \"kubernetes.io/local-volume/pvc-88d52398-11ac-4e9b-b92c-199b266fd2b5\") on node \"e2cd8e671f95\" DevicePath \"\""
2025-01-28 23:40:31,703 INFO c.h.h.t.HelmChartContainer - [K3S] [scope.go:117] "RemoveContainer" containerID="70a2696523628006cec4e3d72653b72a7b53f8c186d1ba7bfef6bdb0a95f14a3"
2025-01-28 23:40:31,707 INFO c.h.h.t.HelmChartContainer - [K3S] [scope.go:117] "RemoveContainer" containerID="bc3b57d94d1cd01e3a89255012fd93dda69e94e9cae3072e128a27335d4d405f"
2025-01-28 23:40:31,710 INFO c.h.h.t.HelmChartContainer - [K3S] [scope.go:117] "RemoveContainer" containerID="70a2696523628006cec4e3d72653b72a7b53f8c186d1ba7bfef6bdb0a95f14a3"
2025-01-28 23:40:31,711 INFO c.h.h.t.HelmChartContainer - [K3S] [scope.go:117] "RemoveContainer" containerID="bc3b57d94d1cd01e3a89255012fd93dda69e94e9cae3072e128a27335d4d405f"
2025-01-28 23:40:31,720 INFO c.h.h.t.HelmChartContainer - [POD] test-hivemq-platform-2 [111f66bb-1c67-4daa-abb3-9bc824d96869] in helmvolumeclaimtemplatesit was MODIFIED
2025-01-28 23:40:31,720 INFO c.h.h.t.HelmChartContainer - [POD] test-hivemq-platform-2 [111f66bb-1c67-4daa-abb3-9bc824d96869] in helmvolumeclaimtemplatesit was DELETED
2025-01-28 23:40:31,724 INFO c.h.h.t.HelmChartContainer - [hivemq-test-hivemq-platform] [hivemq-platform-operator] [e1373b83] 23:40:31.721 [pool-6-thread-40] DEBUG c.h.p.o.dependants.PodInfoConfigMap - [helmvolu] Desired PodInfo ConfigMap (1 extensions) (1 enabled)
2025-01-28 23:40:31,728 INFO c.h.h.t.HelmChartContainer - [hivemq-test-hivemq-platform] [hivemq-platform-operator] [e1373b83] 23:40:31.724 [pool-6-thread-40] DEBUG c.h.p.o.dependants.PodInfoConfigMap - [helmvolu] Desired PodInfo ConfigMap (metrics port: 9399) (metrics path: /)
2025-01-28 23:40:31,728 INFO c.h.h.t.HelmChartContainer - [hivemq-test-hivemq-platform] [hivemq-platform-operator] [e1373b83] 23:40:31.724 [pool-6-thread-40] DEBUG c.h.p.o.dependants.PodInfoConfigMap - [helmvolu] Desired PodInfo ConfigMap (extension state hash: -1817474005)
2025-01-28 23:40:31,729 INFO c.h.h.t.HelmChartContainer - [hivemq-test-hivemq-platform] [hivemq-platform-operator] [e1373b83] 23:40:31.725 [pool-6-thread-40] DEBUG c.h.p.o.dependants.PodInfoConfigMap - [helmvolu] Update PodInfo ConfigMap
2025-01-28 23:40:31,731 INFO c.h.h.t.HelmChartContainer - [hivemq-test-hivemq-platform] [hivemq-platform-operator] [e1373b83] 23:40:31.723 [pool-6-thread-35] DEBUG c.h.p.o.d.PodServiceAccountResource - [helmvolu] Desired PodServiceAccountResource (serviceAccountName: hivemq-platform-pod-test-hivemq-platform)
2025-01-28 23:40:31,731 INFO c.h.h.t.HelmChartContainer - [hivemq-test-hivemq-platform] [hivemq-platform-operator] [e1373b83] 23:40:31.724 [pool-6-thread-33] DEBUG c.h.p.o.d.PlatformServiceResource - [helmvolu] Desired Platform services (3 services)
2025-01-28 23:40:31,738 INFO c.h.h.t.HelmChartContainer - [hivemq-test-hivemq-platform] [hivemq-platform-operator] [e1373b83] 23:40:31.738 [pool-6-thread-40] DEBUG c.h.p.o.d.StatefulSetResource - [helmvolu] Desired StatefulSet (2 replicas) for status RUNNING (READY)
2025-01-28 23:40:31,742 INFO c.h.h.t.HelmChartContainer - [hivemq-test-hivemq-platform] [hivemq-platform-operator] [e1373b83] 23:40:31.741 [ReconcilerExecutor-hivemq-controller-127] INFO  c.h.p.o.HiveMQPlatformReconciler - [helmvolu] Reconciling HiveMQ Platform 'test-hivemq-platform' in namespace 'helmvolumeclaimtemplatesit'
2025-01-28 23:40:31,742 INFO c.h.h.t.HelmChartContainer - [hivemq-test-hivemq-platform] [hivemq-platform-operator] [e1373b83] 23:40:31.741 [ReconcilerExecutor-hivemq-controller-127] DEBUG c.h.p.o.HiveMQPlatformReconciler - [helmvolu] Custom Resource Status RUNNING - HiveMQ Platform is ready (READY)
2025-01-28 23:40:31,742 INFO c.h.h.t.HelmChartContainer - [hivemq-test-hivemq-platform] [hivemq-platform-operator] [e1373b83] 23:40:31.741 [ReconcilerExecutor-hivemq-controller-127] DEBUG c.h.p.o.HiveMQPlatformReconciler - [helmvolu] Custom Resource Spec (replicas: 2) (extensions: 1)
2025-01-28 23:40:31,743 INFO c.h.h.t.HelmChartContainer - [hivemq-test-hivemq-platform] [hivemq-platform-operator] [e1373b83] 23:40:31.742 [ReconcilerExecutor-hivemq-controller-127] DEBUG c.h.p.o.HiveMQPlatformReconciler - [helmvolu] StatefulSet Status (revision: test-hivemq-platform-59475f86c9, replicas: 2, available: 2, ready: 2, current: 0, updated: 2)
2025-01-28 23:40:31,745 INFO c.h.h.t.HelmChartContainer - [hivemq-test-hivemq-platform] [hivemq-platform-operator] [e1373b83] 23:40:31.742 [ReconcilerExecutor-hivemq-controller-127] DEBUG c.h.p.o.HiveMQPlatformReconciler - [helmvolu] StatefulSet Spec (replicas: 2, init containers: 1, containers: 1, volumes: 4)
2025-01-28 23:40:31,745 INFO c.h.h.t.HelmChartContainer - [hivemq-test-hivemq-platform] [hivemq-platform-operator] [e1373b83] 23:40:31.744 [ReconcilerExecutor-hivemq-controller-127] DEBUG c.h.p.o.h.HiveMQPlatformReconcilerErrorHandler - [helmvolu] Pod 'test-hivemq-platform-1' phase Running
2025-01-28 23:40:31,746 INFO c.h.h.t.HelmChartContainer - [hivemq-test-hivemq-platform] [hivemq-platform-operator] [e1373b83] 23:40:31.745 [ReconcilerExecutor-hivemq-controller-127] DEBUG c.h.p.o.h.HiveMQPlatformReconcilerErrorHandler - [helmvolu] Pod 'test-hivemq-platform-0' phase Running
2025-01-28 23:40:31,749 INFO c.h.h.t.HelmChartContainer - [hivemq-test-hivemq-platform] [hivemq-platform-operator] [e1373b83] 23:40:31.748 [pool-6-thread-49] DEBUG c.h.p.o.d.PlatformServiceResource - [helmvolu] Desired Platform services (3 services)
2025-01-28 23:40:31,754 INFO c.h.h.t.HelmChartContainer - [hivemq-test-hivemq-platform] [hivemq-platform-operator] [e1373b83] 23:40:31.753 [pool-6-thread-47] DEBUG c.h.p.o.d.PodServiceAccountResource - [helmvolu] Desired PodServiceAccountResource (serviceAccountName: hivemq-platform-pod-test-hivemq-platform)
2025-01-28 23:40:31,808 INFO c.h.h.t.HelmChartContainer - [hivemq-test-hivemq-platform] [hivemq-platform-operator] [e1373b83] 23:40:31.807 [pool-6-thread-48] DEBUG c.h.p.o.dependants.PodInfoConfigMap - [helmvolu] Desired PodInfo ConfigMap (1 extensions) (1 enabled)
2025-01-28 23:40:31,809 INFO c.h.h.t.HelmChartContainer - [hivemq-test-hivemq-platform] [hivemq-platform-operator] [e1373b83] 23:40:31.808 [pool-6-thread-48] DEBUG c.h.p.o.dependants.PodInfoConfigMap - [helmvolu] Desired PodInfo ConfigMap (metrics port: 9399) (metrics path: /)
2025-01-28 23:40:31,809 INFO c.h.h.t.HelmChartContainer - [hivemq-test-hivemq-platform] [hivemq-platform-operator] [e1373b83] 23:40:31.808 [pool-6-thread-48] DEBUG c.h.p.o.dependants.PodInfoConfigMap - [helmvolu] Desired PodInfo ConfigMap (extension state hash: -1817474005)
2025-01-28 23:40:31,810 INFO c.h.h.t.HelmChartContainer - [hivemq-test-hivemq-platform] [hivemq-platform-operator] [e1373b83] 23:40:31.810 [pool-6-thread-49] DEBUG c.h.p.o.d.StatefulSetResource - [helmvolu] Desired StatefulSet (2 replicas) for status RUNNING (READY)
2025-01-28 23:40:31,812 INFO c.h.h.t.HelmChartContainer - [hivemq-test-hivemq-platform] [hivemq-platform-operator] [e1373b83] 23:40:31.812 [ReconcilerExecutor-hivemq-controller-127] INFO  c.h.p.o.HiveMQPlatformReconciler - [helmvolu] Reconciling HiveMQ Platform 'test-hivemq-platform' in namespace 'helmvolumeclaimtemplatesit'
2025-01-28 23:40:31,812 INFO c.h.h.t.HelmChartContainer - [hivemq-test-hivemq-platform] [hivemq-platform-operator] [e1373b83] 23:40:31.812 [ReconcilerExecutor-hivemq-controller-127] DEBUG c.h.p.o.HiveMQPlatformReconciler - [helmvolu] Custom Resource Status RUNNING - HiveMQ Platform is ready (READY)
2025-01-28 23:40:31,812 INFO c.h.h.t.HelmChartContainer - [hivemq-test-hivemq-platform] [hivemq-platform-operator] [e1373b83] 23:40:31.812 [ReconcilerExecutor-hivemq-controller-127] DEBUG c.h.p.o.HiveMQPlatformReconciler - [helmvolu] Custom Resource Spec (replicas: 2) (extensions: 1)
2025-01-28 23:40:31,813 INFO c.h.h.t.HelmChartContainer - [hivemq-test-hivemq-platform] [hivemq-platform-operator] [e1373b83] 23:40:31.813 [ReconcilerExecutor-hivemq-controller-127] DEBUG c.h.p.o.HiveMQPlatformReconciler - [helmvolu] StatefulSet Status (revision: test-hivemq-platform-59475f86c9, replicas: 2, available: 2, ready: 2, current: 0, updated: 2)
2025-01-28 23:40:31,813 INFO c.h.h.t.HelmChartContainer - [hivemq-test-hivemq-platform] [hivemq-platform-operator] [e1373b83] 23:40:31.813 [ReconcilerExecutor-hivemq-controller-127] DEBUG c.h.p.o.HiveMQPlatformReconciler - [helmvolu] StatefulSet Spec (replicas: 2, init containers: 1, containers: 1, volumes: 4)
2025-01-28 23:40:31,815 INFO c.h.h.t.HelmChartContainer - [hivemq-test-hivemq-platform] [hivemq-platform-operator] [e1373b83] 23:40:31.814 [ReconcilerExecutor-hivemq-controller-127] DEBUG c.h.p.o.h.HiveMQPlatformReconcilerErrorHandler - [helmvolu] Pod 'test-hivemq-platform-1' phase Running
2025-01-28 23:40:31,815 INFO c.h.h.t.HelmChartContainer - [hivemq-test-hivemq-platform] [hivemq-platform-operator] [e1373b83] 23:40:31.815 [ReconcilerExecutor-hivemq-controller-127] DEBUG c.h.p.o.h.HiveMQPlatformReconcilerErrorHandler - [helmvolu] Pod 'test-hivemq-platform-0' phase Running
2025-01-28 23:40:31,941 INFO c.h.h.t.HelmChartContainer - [K3S] [kubelet_volumes.go:163] "Cleaned up orphaned pod volumes dir" podUID="111f66bb-1c67-4daa-abb3-9bc824d96869" path="/var/lib/kubelet/pods/111f66bb-1c67-4daa-abb3-9bc824d96869/volumes"
2025-01-28 23:40:32,979 DEBUG com.hivemq.helmcharts.util.PodUtil - Received status for command '[cat, /opt/hivemq/data/test-hivemq-platform-0.txt]' on pod 'test-hivemq-platform-0' (exit code: 0)
2025-01-28 23:40:33,064 DEBUG com.hivemq.helmcharts.util.PodUtil - Received status for command '[cat, /opt/hivemq/data/test-hivemq-platform-1.txt]' on pod 'test-hivemq-platform-1' (exit code: 0)
2025-01-28 23:40:33,065 INFO c.h.h.t.HelmChartContainer - Uninstalling release 'test-hivemq-platform' in namespace 'helmvolumeclaimtemplatesit'...
2025-01-28 23:40:33,065 DEBUG c.h.h.t.HelmChartContainer - Executing helm command: /bin/helm --kubeconfig /etc/rancher/k3s/k3s.yaml uninstall test-hivemq-platform  --wait --timeout 5m0s --cascade foreground --namespace helmvolumeclaimtemplatesit
2025-01-28 23:40:33,247 INFO c.h.h.t.HelmChartContainer - [hivemq-test-hivemq-platform] [hivemq-platform-operator] [e1373b83] 23:40:33.245 [pool-6-thread-1] DEBUG c.h.p.o.d.PlatformServiceResource - [helmvolu] Desired Platform services (3 services)
2025-01-28 23:40:33,251 INFO c.h.h.t.HelmChartContainer - [hivemq-test-hivemq-platform] [hivemq-platform-operator] [e1373b83] 23:40:33.248 [pool-6-thread-1] DEBUG c.h.p.o.dependants.PodInfoConfigMap - [helmvolu] Desired PodInfo ConfigMap (1 extensions) (1 enabled)
2025-01-28 23:40:33,259 INFO c.h.h.t.HelmChartContainer - [hivemq-test-hivemq-platform] [hivemq-platform-operator] [e1373b83] 23:40:33.249 [pool-6-thread-3] DEBUG c.h.p.o.d.PodServiceAccountResource - [helmvolu] Desired PodServiceAccountResource (serviceAccountName: hivemq-platform-pod-test-hivemq-platform)
2025-01-28 23:40:33,259 INFO c.h.h.t.HelmChartContainer - [hivemq-test-hivemq-platform] [hivemq-platform-operator] [e1373b83] 23:40:33.251 [pool-6-thread-1] DEBUG c.h.p.o.dependants.PodInfoConfigMap - [helmvolu] Desired PodInfo ConfigMap (metrics port: 9399) (metrics path: /)
2025-01-28 23:40:33,259 INFO c.h.h.t.HelmChartContainer - [hivemq-test-hivemq-platform] [hivemq-platform-operator] [e1373b83] 23:40:33.251 [pool-6-thread-1] DEBUG c.h.p.o.dependants.PodInfoConfigMap - [helmvolu] Desired PodInfo ConfigMap (extension state hash: -1817474005)
2025-01-28 23:40:33,264 INFO c.h.h.t.HelmChartContainer - [hivemq-test-hivemq-platform] [hivemq-platform-operator] [e1373b83] 23:40:33.254 [pool-6-thread-1] DEBUG c.h.p.o.d.StatefulSetResource - [helmvolu] Desired StatefulSet (2 replicas) for status RUNNING (READY)
2025-01-28 23:40:33,264 INFO c.h.h.t.HelmChartContainer - [hivemq-test-hivemq-platform] [hivemq-platform-operator] [e1373b83] 23:40:33.256 [ReconcilerExecutor-hivemq-controller-129] INFO  c.h.p.o.HiveMQPlatformReconciler - [helmvolu] Reconciling HiveMQ Platform 'test-hivemq-platform' in namespace 'helmvolumeclaimtemplatesit'
2025-01-28 23:40:33,264 INFO c.h.h.t.HelmChartContainer - [hivemq-test-hivemq-platform] [hivemq-platform-operator] [e1373b83] 23:40:33.256 [ReconcilerExecutor-hivemq-controller-129] DEBUG c.h.p.o.HiveMQPlatformReconciler - [helmvolu] Custom Resource Status RUNNING - HiveMQ Platform is ready (READY)
2025-01-28 23:40:33,264 INFO c.h.h.t.HelmChartContainer - [hivemq-test-hivemq-platform] [hivemq-platform-operator] [e1373b83] 23:40:33.256 [ReconcilerExecutor-hivemq-controller-129] DEBUG c.h.p.o.HiveMQPlatformReconciler - [helmvolu] Custom Resource Spec (replicas: 2) (extensions: 1)
2025-01-28 23:40:33,264 INFO c.h.h.t.HelmChartContainer - [hivemq-test-hivemq-platform] [hivemq-platform-operator] [e1373b83] 23:40:33.258 [ReconcilerExecutor-hivemq-controller-129] DEBUG c.h.p.o.HiveMQPlatformReconciler - [helmvolu] StatefulSet Status (revision: test-hivemq-platform-59475f86c9, replicas: 2, available: 2, ready: 2, current: 0, updated: 2)
2025-01-28 23:40:33,264 INFO c.h.h.t.HelmChartContainer - [hivemq-test-hivemq-platform] [hivemq-platform-operator] [e1373b83] 23:40:33.258 [ReconcilerExecutor-hivemq-controller-129] DEBUG c.h.p.o.HiveMQPlatformReconciler - [helmvolu] StatefulSet Spec (replicas: 2, init containers: 1, containers: 1, volumes: 4)
2025-01-28 23:40:33,264 INFO c.h.h.t.HelmChartContainer - [hivemq-test-hivemq-platform] [hivemq-platform-operator] [e1373b83] 23:40:33.259 [ReconcilerExecutor-hivemq-controller-129] DEBUG c.h.p.o.h.HiveMQPlatformReconcilerErrorHandler - [helmvolu] Pod 'test-hivemq-platform-1' phase Running
2025-01-28 23:40:33,264 INFO c.h.h.t.HelmChartContainer - [hivemq-test-hivemq-platform] [hivemq-platform-operator] [e1373b83] 23:40:33.260 [ReconcilerExecutor-hivemq-controller-129] DEBUG c.h.p.o.h.HiveMQPlatformReconcilerErrorHandler - [helmvolu] Pod 'test-hivemq-platform-0' phase Running
2025-01-28 23:40:33,272 INFO c.h.h.t.HelmChartContainer - [hivemq-test-hivemq-platform] [hivemq-platform-operator] [e1373b83] 23:40:33.264 [ReconcilerExecutor-hivemq-controller-129] INFO  c.h.p.o.HiveMQPlatformReconciler - [helmvolu] Cleanup test-hivemq-platform - helmvolumeclaimtemplatesit HiveMQ Platform is shut down
2025-01-28 23:40:33,901 INFO c.h.h.t.HelmChartContainer - [K3S] [authentication.go:74] "Unable to authenticate the request" err="[invalid bearer token, serviceaccounts \"hivemq-platform-pod-test-hivemq-platform\" not found]"
2025-01-28 23:40:33,923 INFO c.h.h.t.HelmChartContainer - [K3S] [authentication.go:74] "Unable to authenticate the request" err="[invalid bearer token, serviceaccounts \"hivemq-platform-pod-test-hivemq-platform\" not found]"
2025-01-28 23:40:33,986 INFO c.h.h.t.HelmChartContainer - [test-hivemq-platform] [hivemq] [3eda3e89] WARN  - [HiveMQ Platform Operator Init App 1.7.0-SNAPSHOT] Could not update Pod annotations: Failure executing: GET at: https://10.43.0.1:443/api/v1/namespaces/helmvolumeclaimtemplatesit/pods/test-hivemq-platform-1. Message: Unauthorized. Received status: Status(apiVersion=v1, code=401, details=null, kind=Status, message=Unauthorized, metadata=ListMeta(_continue=null, remainingItemCount=null, resourceVersion=null, selfLink=null, additionalProperties={}), reason=Unauthorized, status=Failure, additionalProperties={}).
2025-01-28 23:40:34,129 INFO c.h.h.t.HelmChartContainer - [POD] test-hivemq-platform-0 [3131b977-5fd6-4e5a-aeca-214e6ab54aa1] in helmvolumeclaimtemplatesit was MODIFIED
2025-01-28 23:40:34,142 INFO c.h.h.t.HelmChartContainer - [test-hivemq-platform] [hivemq] [3131b977] INFO  - [HiveMQ Platform Operator Init App 1.7.0-SNAPSHOT] Shutting down
2025-01-28 23:40:34,142 INFO c.h.h.t.HelmChartContainer - [test-hivemq-platform] [hivemq] [3131b977] INFO  - [HiveMQ Platform Operator Init App 1.7.0-SNAPSHOT] Stopping the HiveMQ Platform
2025-01-28 23:40:34,143 INFO c.h.h.t.HelmChartContainer - [EVENT] Normal [Killing] Stopping container hivemq [helmvolumeclaimtemplatesit:test-hivemq-platform-0]
2025-01-28 23:40:34,143 INFO c.h.h.t.HelmChartContainer - Received Killing event for container hivemq in pod test-hivemq-platform-0 [3131b977-5fd6-4e5a-aeca-214e6ab54aa1]
2025-01-28 23:40:34,143 INFO c.h.h.t.HelmChartContainer - Container [test-hivemq-platform-0] [hivemq] [3131b977-5fd6-4e5a-aeca-214e6ab54aa1] was terminated
2025-01-28 23:40:34,143 INFO c.h.h.t.HelmChartContainer - Stopped log watcher for hivemq in pod test-hivemq-platform-0 [3131b977-5fd6-4e5a-aeca-214e6ab54aa1]
2025-01-28 23:40:34,172 INFO c.h.h.t.HelmChartContainer - [POD] test-hivemq-platform-1 [3eda3e89-192a-4b0e-b661-8ebebd9655fb] in helmvolumeclaimtemplatesit was MODIFIED
2025-01-28 23:40:34,179 INFO c.h.h.t.HelmChartContainer - [test-hivemq-platform] [hivemq] [3eda3e89] INFO  - [HiveMQ Platform Operator Init App 1.7.0-SNAPSHOT] Shutting down
2025-01-28 23:40:34,180 INFO c.h.h.t.HelmChartContainer - [test-hivemq-platform] [hivemq] [3eda3e89] INFO  - [HiveMQ Platform Operator Init App 1.7.0-SNAPSHOT] Stopping the HiveMQ Platform
2025-01-28 23:40:34,181 INFO c.h.h.t.HelmChartContainer - [EVENT] Normal [Killing] Stopping container hivemq [helmvolumeclaimtemplatesit:test-hivemq-platform-1]
2025-01-28 23:40:34,181 INFO c.h.h.t.HelmChartContainer - Received Killing event for container hivemq in pod test-hivemq-platform-1 [3eda3e89-192a-4b0e-b661-8ebebd9655fb]
2025-01-28 23:40:34,181 INFO c.h.h.t.HelmChartContainer - Container [test-hivemq-platform-1] [hivemq] [3eda3e89-192a-4b0e-b661-8ebebd9655fb] was terminated
2025-01-28 23:40:34,181 INFO c.h.h.t.HelmChartContainer - Stopped log watcher for hivemq in pod test-hivemq-platform-1 [3eda3e89-192a-4b0e-b661-8ebebd9655fb]
2025-01-28 23:40:34,296 INFO c.h.h.t.HelmChartContainer - [test-hivemq-platform] [hivemq] [3eda3e89] INFO  - Shutting down HiveMQ. Please wait, this could take a while...
2025-01-28 23:40:34,327 INFO c.h.h.t.HelmChartContainer - [test-hivemq-platform] [hivemq] [3131b977] INFO  - Shutting down HiveMQ. Please wait, this could take a while...
2025-01-28 23:40:34,331 INFO c.h.h.t.HelmChartContainer - [test-hivemq-platform] [hivemq] [3131b977] INFO  - Shutting down listeners and clients
2025-01-28 23:40:34,332 INFO c.h.h.t.HelmChartContainer - [test-hivemq-platform] [hivemq] [3131b977] INFO  - Shutdown of listeners is done
2025-01-28 23:40:34,333 INFO c.h.h.t.HelmChartContainer - [test-hivemq-platform] [hivemq] [3131b977] INFO  - No clients are connected, proceeding with shutdown
2025-01-28 23:40:34,356 INFO c.h.h.t.HelmChartContainer - [test-hivemq-platform] [hivemq] [3eda3e89] INFO  - Shutting down listeners and clients
2025-01-28 23:40:34,378 INFO c.h.h.t.HelmChartContainer - [test-hivemq-platform] [hivemq] [3131b977] INFO  - [HiveMQ Platform Operator Init App 1.7.0-SNAPSHOT] Returning shutdown Health API response 503 for readiness
2025-01-28 23:40:34,381 INFO c.h.h.t.HelmChartContainer - [test-hivemq-platform] [hivemq] [3eda3e89] INFO  - Shutdown of listeners is done
2025-01-28 23:40:34,381 INFO c.h.h.t.HelmChartContainer - [test-hivemq-platform] [hivemq] [3eda3e89] INFO  - No clients are connected, proceeding with shutdown
2025-01-28 23:40:34,385 INFO c.h.h.t.HelmChartContainer - [EVENT] Warning [Unhealthy] Readiness probe failed: HTTP probe failed with statuscode: 503 [helmvolumeclaimtemplatesit:test-hivemq-platform-0]
2025-01-28 23:40:34,385 INFO c.h.h.t.HelmChartContainer - Received Unhealthy event for container hivemq in pod test-hivemq-platform-0 [3131b977-5fd6-4e5a-aeca-214e6ab54aa1]
2025-01-28 23:40:34,896 INFO c.h.h.t.HelmChartContainer - [K3S] [authentication.go:74] "Unable to authenticate the request" err="[invalid bearer token, serviceaccounts \"hivemq-platform-pod-test-hivemq-platform\" not found]"
2025-01-28 23:40:34,916 INFO c.h.h.t.HelmChartContainer - [K3S] [authentication.go:74] "Unable to authenticate the request" err="[invalid bearer token, serviceaccounts \"hivemq-platform-pod-test-hivemq-platform\" not found]"
2025-01-28 23:40:34,966 INFO c.h.h.t.HelmChartContainer - [test-hivemq-platform] [hivemq] [3131b977] WARN  - [HiveMQ Platform Operator Init App 1.7.0-SNAPSHOT] Could not update Pod annotations: Failure executing: GET at: https://10.43.0.1:443/api/v1/namespaces/helmvolumeclaimtemplatesit/pods/test-hivemq-platform-0. Message: Unauthorized. Received status: Status(apiVersion=v1, code=401, details=null, kind=Status, message=Unauthorized, metadata=ListMeta(_continue=null, remainingItemCount=null, resourceVersion=null, selfLink=null, additionalProperties={}), reason=Unauthorized, status=Failure, additionalProperties={}).
2025-01-28 23:40:35,299 INFO c.h.h.t.HelmChartContainer - Deleting namespace 'helmvolumeclaimtemplatesit'...
2025-01-28 23:40:37,069 INFO c.h.h.t.HelmChartContainer - [test-hivemq-platform] [hivemq] [3131b977] INFO  - Shutting down extension system
2025-01-28 23:40:37,071 INFO c.h.h.t.HelmChartContainer - [test-hivemq-platform] [hivemq] [3131b977] INFO  - Stopping extension with id hivemq-dns-cluster-discovery
2025-01-28 23:40:37,071 INFO c.h.h.t.HelmChartContainer - [test-hivemq-platform] [hivemq] [3131b977] INFO  - Extension "DNS Cluster Discovery Extension" version 4.3.2 stopped successfully.
2025-01-28 23:40:37,072 INFO c.h.h.t.HelmChartContainer - [test-hivemq-platform] [hivemq] [3131b977] INFO  - Stopping extension with id hivemq-prometheus-extension
2025-01-28 23:40:37,076 INFO c.h.h.t.HelmChartContainer - [test-hivemq-platform] [hivemq] [3131b977] INFO  - Extension "Prometheus Monitoring Extension" version 4.0.12 stopped successfully.
2025-01-28 23:40:37,076 INFO c.h.h.t.HelmChartContainer - [test-hivemq-platform] [hivemq] [3131b977] INFO  - Stopping extension with id hivemq-allow-all-extension
2025-01-28 23:40:37,076 INFO c.h.h.t.HelmChartContainer - [test-hivemq-platform] [hivemq] [3131b977] INFO  - Extension "Allow All Extension" version 1.1.1 stopped successfully.
2025-01-28 23:40:37,080 INFO c.h.h.t.HelmChartContainer - [test-hivemq-platform] [hivemq] [3eda3e89] INFO  - Cluster nodes found by discovery: [k4eNn|8] (1) [k4eNn].
2025-01-28 23:40:37,082 INFO c.h.h.t.HelmChartContainer - [test-hivemq-platform] [hivemq] [3eda3e89] INFO  - Cluster size = 1, members : [k4eNn].
2025-01-28 23:40:38,094 INFO c.h.h.t.HelmChartContainer - [test-hivemq-platform] [hivemq] [3eda3e89] INFO  - Shutting down extension system
2025-01-28 23:40:38,096 INFO c.h.h.t.HelmChartContainer - [test-hivemq-platform] [hivemq] [3eda3e89] INFO  - Stopping extension with id hivemq-dns-cluster-discovery
2025-01-28 23:40:38,097 INFO c.h.h.t.HelmChartContainer - [test-hivemq-platform] [hivemq] [3eda3e89] INFO  - Extension "DNS Cluster Discovery Extension" version 4.3.2 stopped successfully.
2025-01-28 23:40:38,097 INFO c.h.h.t.HelmChartContainer - [test-hivemq-platform] [hivemq] [3eda3e89] INFO  - Stopping extension with id hivemq-prometheus-extension
2025-01-28 23:40:38,101 INFO c.h.h.t.HelmChartContainer - [test-hivemq-platform] [hivemq] [3eda3e89] INFO  - Extension "Prometheus Monitoring Extension" version 4.0.12 stopped successfully.
2025-01-28 23:40:38,101 INFO c.h.h.t.HelmChartContainer - [test-hivemq-platform] [hivemq] [3eda3e89] INFO  - Stopping extension with id hivemq-allow-all-extension
2025-01-28 23:40:38,102 INFO c.h.h.t.HelmChartContainer - [test-hivemq-platform] [hivemq] [3eda3e89] INFO  - Extension "Allow All Extension" version 1.1.1 stopped successfully.
2025-01-28 23:40:38,197 INFO c.h.h.t.HelmChartContainer - [test-hivemq-platform] [hivemq] [3eda3e89] INFO  - [HiveMQ Platform Operator Init App 1.7.0-SNAPSHOT] Returning shutdown Health API response 503 for readiness
2025-01-28 23:40:38,201 INFO c.h.h.t.HelmChartContainer - [EVENT] Warning [Unhealthy] Readiness probe failed: HTTP probe failed with statuscode: 503 [helmvolumeclaimtemplatesit:test-hivemq-platform-1]
2025-01-28 23:40:38,201 INFO c.h.h.t.HelmChartContainer - Received Unhealthy event for container hivemq in pod test-hivemq-platform-1 [3eda3e89-192a-4b0e-b661-8ebebd9655fb]
2025-01-28 23:40:38,989 INFO c.h.h.t.HelmChartContainer - [K3S] [authentication.go:74] "Unable to authenticate the request" err="[invalid bearer token, serviceaccounts \"hivemq-platform-pod-test-hivemq-platform\" not found]"
2025-01-28 23:40:39,001 INFO c.h.h.t.HelmChartContainer - [K3S] [authentication.go:74] "Unable to authenticate the request" err="[invalid bearer token, serviceaccounts \"hivemq-platform-pod-test-hivemq-platform\" not found]"
2025-01-28 23:40:39,003 INFO c.h.h.t.HelmChartContainer - [test-hivemq-platform] [hivemq] [3eda3e89] WARN  - [HiveMQ Platform Operator Init App 1.7.0-SNAPSHOT] Could not update Pod annotations: Failure executing: GET at: https://10.43.0.1:443/api/v1/namespaces/helmvolumeclaimtemplatesit/pods/test-hivemq-platform-1. Message: Unauthorized. Received status: Status(apiVersion=v1, code=401, details=null, kind=Status, message=Unauthorized, metadata=ListMeta(_continue=null, remainingItemCount=null, resourceVersion=null, selfLink=null, additionalProperties={}), reason=Unauthorized, status=Failure, additionalProperties={}).
2025-01-28 23:40:39,363 INFO c.h.h.t.HelmChartContainer - [test-hivemq-platform] [hivemq] [3131b977] INFO  - Shutdown completed.
2025-01-28 23:40:39,380 INFO c.h.h.t.HelmChartContainer - [EVENT] Warning [Unhealthy] Readiness probe failed: HTTP probe failed with statuscode: 503 [helmvolumeclaimtemplatesit:test-hivemq-platform-0]
2025-01-28 23:40:39,380 INFO c.h.h.t.HelmChartContainer - Received Unhealthy event for container hivemq in pod test-hivemq-platform-0 [3131b977-5fd6-4e5a-aeca-214e6ab54aa1]
2025-01-28 23:40:39,772 INFO c.h.h.t.HelmChartContainer - [test-hivemq-platform] [hivemq] [3131b977] INFO  - [HiveMQ Platform Operator Init App 1.7.0-SNAPSHOT] The HiveMQ Platform exited with code 143
2025-01-28 23:40:39,772 INFO c.h.h.t.HelmChartContainer - [test-hivemq-platform] [hivemq] [3131b977] INFO  - [HiveMQ Platform Operator Init App 1.7.0-SNAPSHOT] Stopping the REST API
2025-01-28 23:40:39,825 INFO c.h.h.t.HelmChartContainer - [test-hivemq-platform] [hivemq] [3131b977] INFO  - [HiveMQ Platform Operator Init App 1.7.0-SNAPSHOT] Shutdown complete
2025-01-28 23:40:40,306 INFO c.h.h.t.HelmChartContainer - [K3S] [stateful_set.go:438] "Unhandled Error" err="error syncing StatefulSet helmvolumeclaimtemplatesit/test-hivemq-platform, requeuing: controllerrevisions.apps \"test-hivemq-platform-59475f86c9\" is forbidden: unable to create new content in namespace helmvolumeclaimtemplatesit because it is being terminated"
2025-01-28 23:40:40,308 INFO c.h.h.t.HelmChartContainer - [POD] test-hivemq-platform-0 [3131b977-5fd6-4e5a-aeca-214e6ab54aa1] in helmvolumeclaimtemplatesit was MODIFIED
2025-01-28 23:40:40,314 INFO c.h.h.t.HelmChartContainer - [K3S] [stateful_set.go:438] "Unhandled Error" err="error syncing StatefulSet helmvolumeclaimtemplatesit/test-hivemq-platform, requeuing: controllerrevisions.apps \"test-hivemq-platform-59475f86c9\" is forbidden: unable to create new content in namespace helmvolumeclaimtemplatesit because it is being terminated"
2025-01-28 23:40:40,327 INFO c.h.h.t.HelmChartContainer - [K3S] [reconciler_common.go:162] "operationExecutor.UnmountVolume started for volume \"operator-init\" (UniqueName: \"kubernetes.io/empty-dir/3131b977-5fd6-4e5a-aeca-214e6ab54aa1-operator-init\") pod \"3131b977-5fd6-4e5a-aeca-214e6ab54aa1\" (UID: \"3131b977-5fd6-4e5a-aeca-214e6ab54aa1\") "
2025-01-28 23:40:40,327 INFO c.h.h.t.HelmChartContainer - [K3S] [reconciler_common.go:162] "operationExecutor.UnmountVolume started for volume \"hivemq-pvc-data\" (UniqueName: \"kubernetes.io/local-volume/pvc-66d5472b-0907-4972-ac5c-69f14a653c3e\") pod \"3131b977-5fd6-4e5a-aeca-214e6ab54aa1\" (UID: \"3131b977-5fd6-4e5a-aeca-214e6ab54aa1\") "
2025-01-28 23:40:40,328 INFO c.h.h.t.HelmChartContainer - [K3S] [reconciler_common.go:162] "operationExecutor.UnmountVolume started for volume \"broker-configuration\" (UniqueName: \"kubernetes.io/configmap/3131b977-5fd6-4e5a-aeca-214e6ab54aa1-broker-configuration\") pod \"3131b977-5fd6-4e5a-aeca-214e6ab54aa1\" (UID: \"3131b977-5fd6-4e5a-aeca-214e6ab54aa1\") "
2025-01-28 23:40:40,328 INFO c.h.h.t.HelmChartContainer - [K3S] [reconciler_common.go:162] "operationExecutor.UnmountVolume started for volume \"kube-api-access-ctmhq\" (UniqueName: \"kubernetes.io/projected/3131b977-5fd6-4e5a-aeca-214e6ab54aa1-kube-api-access-ctmhq\") pod \"3131b977-5fd6-4e5a-aeca-214e6ab54aa1\" (UID: \"3131b977-5fd6-4e5a-aeca-214e6ab54aa1\") "
2025-01-28 23:40:40,328 INFO c.h.h.t.HelmChartContainer - [K3S] [reconciler_common.go:162] "operationExecutor.UnmountVolume started for volume \"pod-info\" (UniqueName: \"kubernetes.io/configmap/3131b977-5fd6-4e5a-aeca-214e6ab54aa1-pod-info\") pod \"3131b977-5fd6-4e5a-aeca-214e6ab54aa1\" (UID: \"3131b977-5fd6-4e5a-aeca-214e6ab54aa1\") "
2025-01-28 23:40:40,332 INFO c.h.h.t.HelmChartContainer - [K3S] [stateful_set.go:438] "Unhandled Error" err="error syncing StatefulSet helmvolumeclaimtemplatesit/test-hivemq-platform, requeuing: controllerrevisions.apps \"test-hivemq-platform-59475f86c9\" is forbidden: unable to create new content in namespace helmvolumeclaimtemplatesit because it is being terminated"
2025-01-28 23:40:40,355 INFO c.h.h.t.HelmChartContainer - [K3S] [stateful_set.go:438] "Unhandled Error" err="error syncing StatefulSet helmvolumeclaimtemplatesit/test-hivemq-platform, requeuing: controllerrevisions.apps \"test-hivemq-platform-59475f86c9\" is forbidden: unable to create new content in namespace helmvolumeclaimtemplatesit because it is being terminated"
2025-01-28 23:40:40,357 INFO c.h.h.t.HelmChartContainer - [K3S] [stateful_set.go:466] "StatefulSet has been deleted" key="helmvolumeclaimtemplatesit/test-hivemq-platform"
2025-01-28 23:40:40,383 INFO c.h.h.t.HelmChartContainer - [test-hivemq-platform] [hivemq] [3eda3e89] INFO  - Shutdown completed.
2025-01-28 23:40:40,396 INFO c.h.h.t.HelmChartContainer - [K3S] [stateful_set.go:466] "StatefulSet has been deleted" key="helmvolumeclaimtemplatesit/test-hivemq-platform"
2025-01-28 23:40:40,428 INFO c.h.h.t.HelmChartContainer - [K3S] [reconciler_common.go:299] "Volume detached for volume \"broker-configuration\" (UniqueName: \"kubernetes.io/configmap/3131b977-5fd6-4e5a-aeca-214e6ab54aa1-broker-configuration\") on node \"e2cd8e671f95\" DevicePath \"\""
2025-01-28 23:40:40,428 INFO c.h.h.t.HelmChartContainer - [K3S] [reconciler_common.go:299] "Volume detached for volume \"kube-api-access-ctmhq\" (UniqueName: \"kubernetes.io/projected/3131b977-5fd6-4e5a-aeca-214e6ab54aa1-kube-api-access-ctmhq\") on node \"e2cd8e671f95\" DevicePath \"\""
2025-01-28 23:40:40,428 INFO c.h.h.t.HelmChartContainer - [K3S] [reconciler_common.go:299] "Volume detached for volume \"pod-info\" (UniqueName: \"kubernetes.io/configmap/3131b977-5fd6-4e5a-aeca-214e6ab54aa1-pod-info\") on node \"e2cd8e671f95\" DevicePath \"\""
2025-01-28 23:40:40,428 INFO c.h.h.t.HelmChartContainer - [K3S] [reconciler_common.go:299] "Volume detached for volume \"operator-init\" (UniqueName: \"kubernetes.io/empty-dir/3131b977-5fd6-4e5a-aeca-214e6ab54aa1-operator-init\") on node \"e2cd8e671f95\" DevicePath \"\""
2025-01-28 23:40:40,428 INFO c.h.h.t.HelmChartContainer - [K3S] [reconciler_common.go:292] "operationExecutor.UnmountDevice started for volume \"pvc-66d5472b-0907-4972-ac5c-69f14a653c3e\" (UniqueName: \"kubernetes.io/local-volume/pvc-66d5472b-0907-4972-ac5c-69f14a653c3e\") on node \"e2cd8e671f95\" "
2025-01-28 23:40:40,528 INFO c.h.h.t.HelmChartContainer - [K3S] [reconciler_common.go:299] "Volume detached for volume \"pvc-66d5472b-0907-4972-ac5c-69f14a653c3e\" (UniqueName: \"kubernetes.io/local-volume/pvc-66d5472b-0907-4972-ac5c-69f14a653c3e\") on node \"e2cd8e671f95\" DevicePath \"\""
2025-01-28 23:40:40,696 INFO c.h.h.t.HelmChartContainer - [K3S] [memory_manager.go:355] "RemoveStaleState removing state" podUID="3131b977-5fd6-4e5a-aeca-214e6ab54aa1" containerName="hivemq"
2025-01-28 23:40:40,696 INFO c.h.h.t.HelmChartContainer - [K3S] [memory_manager.go:355] "RemoveStaleState removing state" podUID="111f66bb-1c67-4daa-abb3-9bc824d96869" containerName="hivemq"
2025-01-28 23:40:40,697 INFO c.h.h.t.HelmChartContainer - [POD] helper-pod-delete-pvc-88d52398-11ac-4e9b-b92c-199b266fd2b5 [c6ba12a1-e6a1-492c-a247-9e7e63d9d03f] in kube-system was ADDED
2025-01-28 23:40:40,705 INFO c.h.h.t.HelmChartContainer - [POD] helper-pod-delete-pvc-88d52398-11ac-4e9b-b92c-199b266fd2b5 [c6ba12a1-e6a1-492c-a247-9e7e63d9d03f] in kube-system was MODIFIED
2025-01-28 23:40:40,717 INFO c.h.h.t.HelmChartContainer - [K3S] [scope.go:117] "RemoveContainer" containerID="92d06b3c28d877c29da1bafe2b8b4f7ed7a73b20808d68fdbe15a0379c9aa402"
2025-01-28 23:40:40,721 INFO c.h.h.t.HelmChartContainer - [K3S] [scope.go:117] "RemoveContainer" containerID="d7a951f25242a7f4ef87d08d0957371d1850a7b7d3159b489d607204ab5b92e6"
2025-01-28 23:40:40,726 INFO c.h.h.t.HelmChartContainer - [K3S] [scope.go:117] "RemoveContainer" containerID="92d06b3c28d877c29da1bafe2b8b4f7ed7a73b20808d68fdbe15a0379c9aa402"
2025-01-28 23:40:40,727 INFO c.h.h.t.HelmChartContainer - [K3S] [scope.go:117] "RemoveContainer" containerID="d7a951f25242a7f4ef87d08d0957371d1850a7b7d3159b489d607204ab5b92e6"
2025-01-28 23:40:40,739 INFO c.h.h.t.HelmChartContainer - [POD] test-hivemq-platform-0 [3131b977-5fd6-4e5a-aeca-214e6ab54aa1] in helmvolumeclaimtemplatesit was MODIFIED
2025-01-28 23:40:40,743 INFO c.h.h.t.HelmChartContainer - [POD] test-hivemq-platform-0 [3131b977-5fd6-4e5a-aeca-214e6ab54aa1] in helmvolumeclaimtemplatesit was DELETED
2025-01-28 23:40:40,744 INFO c.h.h.t.HelmChartContainer - [K3S] [reconciler_common.go:251] "operationExecutor.VerifyControllerAttachedVolume started for volume \"script\" (UniqueName: \"kubernetes.io/configmap/c6ba12a1-e6a1-492c-a247-9e7e63d9d03f-script\") pod \"helper-pod-delete-pvc-88d52398-11ac-4e9b-b92c-199b266fd2b5\" (UID: \"c6ba12a1-e6a1-492c-a247-9e7e63d9d03f\") " pod="kube-system/helper-pod-delete-pvc-88d52398-11ac-4e9b-b92c-199b266fd2b5"
2025-01-28 23:40:40,744 INFO c.h.h.t.HelmChartContainer - [K3S] [reconciler_common.go:251] "operationExecutor.VerifyControllerAttachedVolume started for volume \"kube-api-access-2wf54\" (UniqueName: \"kubernetes.io/projected/c6ba12a1-e6a1-492c-a247-9e7e63d9d03f-kube-api-access-2wf54\") pod \"helper-pod-delete-pvc-88d52398-11ac-4e9b-b92c-199b266fd2b5\" (UID: \"c6ba12a1-e6a1-492c-a247-9e7e63d9d03f\") " pod="kube-system/helper-pod-delete-pvc-88d52398-11ac-4e9b-b92c-199b266fd2b5"
2025-01-28 23:40:40,744 INFO c.h.h.t.HelmChartContainer - [K3S] [reconciler_common.go:251] "operationExecutor.VerifyControllerAttachedVolume started for volume \"data\" (UniqueName: \"kubernetes.io/host-path/c6ba12a1-e6a1-492c-a247-9e7e63d9d03f-data\") pod \"helper-pod-delete-pvc-88d52398-11ac-4e9b-b92c-199b266fd2b5\" (UID: \"c6ba12a1-e6a1-492c-a247-9e7e63d9d03f\") " pod="kube-system/helper-pod-delete-pvc-88d52398-11ac-4e9b-b92c-199b266fd2b5"
2025-01-28 23:40:40,747 INFO c.h.h.t.HelmChartContainer - [test-hivemq-platform] [hivemq] [3eda3e89] INFO  - [HiveMQ Platform Operator Init App 1.7.0-SNAPSHOT] The HiveMQ Platform exited with code 143
2025-01-28 23:40:40,747 INFO c.h.h.t.HelmChartContainer - [test-hivemq-platform] [hivemq] [3eda3e89] INFO  - [HiveMQ Platform Operator Init App 1.7.0-SNAPSHOT] Stopping the REST API
2025-01-28 23:40:40,760 INFO c.h.h.t.HelmChartContainer - [POD] helper-pod-delete-pvc-66d5472b-0907-4972-ac5c-69f14a653c3e [d647d32c-8bf6-467b-acc0-b0da139c20cd] in kube-system was ADDED
2025-01-28 23:40:40,767 INFO c.h.h.t.HelmChartContainer - [POD] helper-pod-delete-pvc-66d5472b-0907-4972-ac5c-69f14a653c3e [d647d32c-8bf6-467b-acc0-b0da139c20cd] in kube-system was MODIFIED
2025-01-28 23:40:40,784 INFO c.h.h.t.HelmChartContainer - [test-hivemq-platform] [hivemq] [3eda3e89] INFO  - [HiveMQ Platform Operator Init App 1.7.0-SNAPSHOT] Shutdown complete
2025-01-28 23:40:40,943 INFO c.h.h.t.HelmChartContainer - [K3S] [reconciler_common.go:251] "operationExecutor.VerifyControllerAttachedVolume started for volume \"kube-api-access-xtqt7\" (UniqueName: \"kubernetes.io/projected/d647d32c-8bf6-467b-acc0-b0da139c20cd-kube-api-access-xtqt7\") pod \"helper-pod-delete-pvc-66d5472b-0907-4972-ac5c-69f14a653c3e\" (UID: \"d647d32c-8bf6-467b-acc0-b0da139c20cd\") " pod="kube-system/helper-pod-delete-pvc-66d5472b-0907-4972-ac5c-69f14a653c3e"
2025-01-28 23:40:40,943 INFO c.h.h.t.HelmChartContainer - [K3S] [reconciler_common.go:251] "operationExecutor.VerifyControllerAttachedVolume started for volume \"data\" (UniqueName: \"kubernetes.io/host-path/d647d32c-8bf6-467b-acc0-b0da139c20cd-data\") pod \"helper-pod-delete-pvc-66d5472b-0907-4972-ac5c-69f14a653c3e\" (UID: \"d647d32c-8bf6-467b-acc0-b0da139c20cd\") " pod="kube-system/helper-pod-delete-pvc-66d5472b-0907-4972-ac5c-69f14a653c3e"
2025-01-28 23:40:40,943 INFO c.h.h.t.HelmChartContainer - [K3S] [reconciler_common.go:251] "operationExecutor.VerifyControllerAttachedVolume started for volume \"script\" (UniqueName: \"kubernetes.io/configmap/d647d32c-8bf6-467b-acc0-b0da139c20cd-script\") pod \"helper-pod-delete-pvc-66d5472b-0907-4972-ac5c-69f14a653c3e\" (UID: \"d647d32c-8bf6-467b-acc0-b0da139c20cd\") " pod="kube-system/helper-pod-delete-pvc-66d5472b-0907-4972-ac5c-69f14a653c3e"
2025-01-28 23:40:41,268 INFO c.h.h.t.HelmChartContainer - [POD] test-hivemq-platform-1 [3eda3e89-192a-4b0e-b661-8ebebd9655fb] in helmvolumeclaimtemplatesit was MODIFIED
2025-01-28 23:40:41,445 INFO c.h.h.t.HelmChartContainer - [K3S] [reconciler_common.go:162] "operationExecutor.UnmountVolume started for volume \"pod-info\" (UniqueName: \"kubernetes.io/configmap/3eda3e89-192a-4b0e-b661-8ebebd9655fb-pod-info\") pod \"3eda3e89-192a-4b0e-b661-8ebebd9655fb\" (UID: \"3eda3e89-192a-4b0e-b661-8ebebd9655fb\") "
2025-01-28 23:40:41,446 INFO c.h.h.t.HelmChartContainer - [K3S] [reconciler_common.go:162] "operationExecutor.UnmountVolume started for volume \"operator-init\" (UniqueName: \"kubernetes.io/empty-dir/3eda3e89-192a-4b0e-b661-8ebebd9655fb-operator-init\") pod \"3eda3e89-192a-4b0e-b661-8ebebd9655fb\" (UID: \"3eda3e89-192a-4b0e-b661-8ebebd9655fb\") "
2025-01-28 23:40:41,446 INFO c.h.h.t.HelmChartContainer - [K3S] [reconciler_common.go:162] "operationExecutor.UnmountVolume started for volume \"hivemq-pvc-data\" (UniqueName: \"kubernetes.io/local-volume/pvc-a7dcc88a-6433-4c66-ab84-75f8c7223870\") pod \"3eda3e89-192a-4b0e-b661-8ebebd9655fb\" (UID: \"3eda3e89-192a-4b0e-b661-8ebebd9655fb\") "
2025-01-28 23:40:41,446 INFO c.h.h.t.HelmChartContainer - [K3S] [reconciler_common.go:162] "operationExecutor.UnmountVolume started for volume \"broker-configuration\" (UniqueName: \"kubernetes.io/configmap/3eda3e89-192a-4b0e-b661-8ebebd9655fb-broker-configuration\") pod \"3eda3e89-192a-4b0e-b661-8ebebd9655fb\" (UID: \"3eda3e89-192a-4b0e-b661-8ebebd9655fb\") "
2025-01-28 23:40:41,446 INFO c.h.h.t.HelmChartContainer - [K3S] [reconciler_common.go:162] "operationExecutor.UnmountVolume started for volume \"kube-api-access-p5mdl\" (UniqueName: \"kubernetes.io/projected/3eda3e89-192a-4b0e-b661-8ebebd9655fb-kube-api-access-p5mdl\") pod \"3eda3e89-192a-4b0e-b661-8ebebd9655fb\" (UID: \"3eda3e89-192a-4b0e-b661-8ebebd9655fb\") "
2025-01-28 23:40:41,545 INFO c.h.h.t.HelmChartContainer - [K3S] [reconciler_common.go:292] "operationExecutor.UnmountDevice started for volume \"pvc-a7dcc88a-6433-4c66-ab84-75f8c7223870\" (UniqueName: \"kubernetes.io/local-volume/pvc-a7dcc88a-6433-4c66-ab84-75f8c7223870\") on node \"e2cd8e671f95\" "
2025-01-28 23:40:41,545 INFO c.h.h.t.HelmChartContainer - [K3S] [reconciler_common.go:299] "Volume detached for volume \"broker-configuration\" (UniqueName: \"kubernetes.io/configmap/3eda3e89-192a-4b0e-b661-8ebebd9655fb-broker-configuration\") on node \"e2cd8e671f95\" DevicePath \"\""
2025-01-28 23:40:41,545 INFO c.h.h.t.HelmChartContainer - [K3S] [reconciler_common.go:299] "Volume detached for volume \"kube-api-access-p5mdl\" (UniqueName: \"kubernetes.io/projected/3eda3e89-192a-4b0e-b661-8ebebd9655fb-kube-api-access-p5mdl\") on node \"e2cd8e671f95\" DevicePath \"\""
2025-01-28 23:40:41,545 INFO c.h.h.t.HelmChartContainer - [K3S] [reconciler_common.go:299] "Volume detached for volume \"operator-init\" (UniqueName: \"kubernetes.io/empty-dir/3eda3e89-192a-4b0e-b661-8ebebd9655fb-operator-init\") on node \"e2cd8e671f95\" DevicePath \"\""
2025-01-28 23:40:41,545 INFO c.h.h.t.HelmChartContainer - [K3S] [reconciler_common.go:299] "Volume detached for volume \"pod-info\" (UniqueName: \"kubernetes.io/configmap/3eda3e89-192a-4b0e-b661-8ebebd9655fb-pod-info\") on node \"e2cd8e671f95\" DevicePath \"\""
2025-01-28 23:40:41,646 INFO c.h.h.t.HelmChartContainer - [K3S] [reconciler_common.go:299] "Volume detached for volume \"pvc-a7dcc88a-6433-4c66-ab84-75f8c7223870\" (UniqueName: \"kubernetes.io/local-volume/pvc-a7dcc88a-6433-4c66-ab84-75f8c7223870\") on node \"e2cd8e671f95\" DevicePath \"\""
2025-01-28 23:40:41,720 INFO c.h.h.t.HelmChartContainer - [K3S] [scope.go:117] "RemoveContainer" containerID="5b4161af2f9b8afa97d49a8767c01ced7151f027ce090da38589fd3ab73b072f"
2025-01-28 23:40:41,726 INFO c.h.h.t.HelmChartContainer - [K3S] [scope.go:117] "RemoveContainer" containerID="b341b4211fac562bbb6f65946ad168b0bf371537344216fd9c5066b8293a3af9"
2025-01-28 23:40:41,729 INFO c.h.h.t.HelmChartContainer - [K3S] [scope.go:117] "RemoveContainer" containerID="5b4161af2f9b8afa97d49a8767c01ced7151f027ce090da38589fd3ab73b072f"
2025-01-28 23:40:41,730 INFO c.h.h.t.HelmChartContainer - [K3S] [scope.go:117] "RemoveContainer" containerID="b341b4211fac562bbb6f65946ad168b0bf371537344216fd9c5066b8293a3af9"
2025-01-28 23:40:41,734 INFO c.h.h.t.HelmChartContainer - [POD] helper-pod-delete-pvc-66d5472b-0907-4972-ac5c-69f14a653c3e [d647d32c-8bf6-467b-acc0-b0da139c20cd] in kube-system was MODIFIED
2025-01-28 23:40:41,745 INFO c.h.h.t.HelmChartContainer - [POD] helper-pod-delete-pvc-88d52398-11ac-4e9b-b92c-199b266fd2b5 [c6ba12a1-e6a1-492c-a247-9e7e63d9d03f] in kube-system was MODIFIED
2025-01-28 23:40:41,753 INFO c.h.h.t.HelmChartContainer - [POD] test-hivemq-platform-1 [3eda3e89-192a-4b0e-b661-8ebebd9655fb] in helmvolumeclaimtemplatesit was MODIFIED
2025-01-28 23:40:41,755 INFO c.h.h.t.HelmChartContainer - [POD] test-hivemq-platform-1 [3eda3e89-192a-4b0e-b661-8ebebd9655fb] in helmvolumeclaimtemplatesit was DELETED
2025-01-28 23:40:41,770 INFO c.h.h.t.HelmChartContainer - [POD] helper-pod-delete-pvc-a7dcc88a-6433-4c66-ab84-75f8c7223870 [e0965bd7-077b-4f03-8c9b-f0c9e53f37f2] in kube-system was ADDED
2025-01-28 23:40:41,771 INFO c.h.h.t.HelmChartContainer - [K3S] [memory_manager.go:355] "RemoveStaleState removing state" podUID="3eda3e89-192a-4b0e-b661-8ebebd9655fb" containerName="hivemq"
2025-01-28 23:40:41,778 INFO c.h.h.t.HelmChartContainer - [POD] helper-pod-delete-pvc-a7dcc88a-6433-4c66-ab84-75f8c7223870 [e0965bd7-077b-4f03-8c9b-f0c9e53f37f2] in kube-system was MODIFIED
2025-01-28 23:40:41,847 INFO c.h.h.t.HelmChartContainer - [K3S] [reconciler_common.go:251] "operationExecutor.VerifyControllerAttachedVolume started for volume \"data\" (UniqueName: \"kubernetes.io/host-path/e0965bd7-077b-4f03-8c9b-f0c9e53f37f2-data\") pod \"helper-pod-delete-pvc-a7dcc88a-6433-4c66-ab84-75f8c7223870\" (UID: \"e0965bd7-077b-4f03-8c9b-f0c9e53f37f2\") " pod="kube-system/helper-pod-delete-pvc-a7dcc88a-6433-4c66-ab84-75f8c7223870"
2025-01-28 23:40:41,847 INFO c.h.h.t.HelmChartContainer - [K3S] [reconciler_common.go:251] "operationExecutor.VerifyControllerAttachedVolume started for volume \"script\" (UniqueName: \"kubernetes.io/configmap/e0965bd7-077b-4f03-8c9b-f0c9e53f37f2-script\") pod \"helper-pod-delete-pvc-a7dcc88a-6433-4c66-ab84-75f8c7223870\" (UID: \"e0965bd7-077b-4f03-8c9b-f0c9e53f37f2\") " pod="kube-system/helper-pod-delete-pvc-a7dcc88a-6433-4c66-ab84-75f8c7223870"
2025-01-28 23:40:41,847 INFO c.h.h.t.HelmChartContainer - [K3S] [reconciler_common.go:251] "operationExecutor.VerifyControllerAttachedVolume started for volume \"kube-api-access-xhdv8\" (UniqueName: \"kubernetes.io/projected/e0965bd7-077b-4f03-8c9b-f0c9e53f37f2-kube-api-access-xhdv8\") pod \"helper-pod-delete-pvc-a7dcc88a-6433-4c66-ab84-75f8c7223870\" (UID: \"e0965bd7-077b-4f03-8c9b-f0c9e53f37f2\") " pod="kube-system/helper-pod-delete-pvc-a7dcc88a-6433-4c66-ab84-75f8c7223870"
2025-01-28 23:40:41,941 INFO c.h.h.t.HelmChartContainer - [K3S] [kubelet_volumes.go:163] "Cleaned up orphaned pod volumes dir" podUID="3131b977-5fd6-4e5a-aeca-214e6ab54aa1" path="/var/lib/kubelet/pods/3131b977-5fd6-4e5a-aeca-214e6ab54aa1/volumes"
2025-01-28 23:40:41,942 INFO c.h.h.t.HelmChartContainer - [K3S] [kubelet_volumes.go:163] "Cleaned up orphaned pod volumes dir" podUID="3eda3e89-192a-4b0e-b661-8ebebd9655fb" path="/var/lib/kubelet/pods/3eda3e89-192a-4b0e-b661-8ebebd9655fb/volumes"
2025-01-28 23:40:42,743 INFO c.h.h.t.HelmChartContainer - [POD] helper-pod-delete-pvc-a7dcc88a-6433-4c66-ab84-75f8c7223870 [e0965bd7-077b-4f03-8c9b-f0c9e53f37f2] in kube-system was MODIFIED
2025-01-28 23:40:42,814 INFO c.h.h.t.HelmChartContainer - [POD] helper-pod-delete-pvc-66d5472b-0907-4972-ac5c-69f14a653c3e [d647d32c-8bf6-467b-acc0-b0da139c20cd] in kube-system was MODIFIED
2025-01-28 23:40:42,827 INFO c.h.h.t.HelmChartContainer - [POD] helper-pod-delete-pvc-88d52398-11ac-4e9b-b92c-199b266fd2b5 [c6ba12a1-e6a1-492c-a247-9e7e63d9d03f] in kube-system was MODIFIED
2025-01-28 23:40:42,954 INFO c.h.h.t.HelmChartContainer - [K3S] [reconciler_common.go:162] "operationExecutor.UnmountVolume started for volume \"data\" (UniqueName: \"kubernetes.io/host-path/c6ba12a1-e6a1-492c-a247-9e7e63d9d03f-data\") pod \"c6ba12a1-e6a1-492c-a247-9e7e63d9d03f\" (UID: \"c6ba12a1-e6a1-492c-a247-9e7e63d9d03f\") "
2025-01-28 23:40:42,954 INFO c.h.h.t.HelmChartContainer - [K3S] [reconciler_common.go:162] "operationExecutor.UnmountVolume started for volume \"kube-api-access-xtqt7\" (UniqueName: \"kubernetes.io/projected/d647d32c-8bf6-467b-acc0-b0da139c20cd-kube-api-access-xtqt7\") pod \"d647d32c-8bf6-467b-acc0-b0da139c20cd\" (UID: \"d647d32c-8bf6-467b-acc0-b0da139c20cd\") "
2025-01-28 23:40:42,954 INFO c.h.h.t.HelmChartContainer - [K3S] [reconciler_common.go:162] "operationExecutor.UnmountVolume started for volume \"script\" (UniqueName: \"kubernetes.io/configmap/d647d32c-8bf6-467b-acc0-b0da139c20cd-script\") pod \"d647d32c-8bf6-467b-acc0-b0da139c20cd\" (UID: \"d647d32c-8bf6-467b-acc0-b0da139c20cd\") "
2025-01-28 23:40:42,954 INFO c.h.h.t.HelmChartContainer - [K3S] [reconciler_common.go:162] "operationExecutor.UnmountVolume started for volume \"data\" (UniqueName: \"kubernetes.io/host-path/d647d32c-8bf6-467b-acc0-b0da139c20cd-data\") pod \"d647d32c-8bf6-467b-acc0-b0da139c20cd\" (UID: \"d647d32c-8bf6-467b-acc0-b0da139c20cd\") "
2025-01-28 23:40:42,954 INFO c.h.h.t.HelmChartContainer - [K3S] [reconciler_common.go:162] "operationExecutor.UnmountVolume started for volume \"kube-api-access-2wf54\" (UniqueName: \"kubernetes.io/projected/c6ba12a1-e6a1-492c-a247-9e7e63d9d03f-kube-api-access-2wf54\") pod \"c6ba12a1-e6a1-492c-a247-9e7e63d9d03f\" (UID: \"c6ba12a1-e6a1-492c-a247-9e7e63d9d03f\") "
2025-01-28 23:40:42,954 INFO c.h.h.t.HelmChartContainer - [K3S] [reconciler_common.go:162] "operationExecutor.UnmountVolume started for volume \"script\" (UniqueName: \"kubernetes.io/configmap/c6ba12a1-e6a1-492c-a247-9e7e63d9d03f-script\") pod \"c6ba12a1-e6a1-492c-a247-9e7e63d9d03f\" (UID: \"c6ba12a1-e6a1-492c-a247-9e7e63d9d03f\") "
2025-01-28 23:40:43,055 INFO c.h.h.t.HelmChartContainer - [K3S] [reconciler_common.go:299] "Volume detached for volume \"kube-api-access-2wf54\" (UniqueName: \"kubernetes.io/projected/c6ba12a1-e6a1-492c-a247-9e7e63d9d03f-kube-api-access-2wf54\") on node \"e2cd8e671f95\" DevicePath \"\""
2025-01-28 23:40:43,055 INFO c.h.h.t.HelmChartContainer - [K3S] [reconciler_common.go:299] "Volume detached for volume \"script\" (UniqueName: \"kubernetes.io/configmap/c6ba12a1-e6a1-492c-a247-9e7e63d9d03f-script\") on node \"e2cd8e671f95\" DevicePath \"\""
2025-01-28 23:40:43,055 INFO c.h.h.t.HelmChartContainer - [K3S] [reconciler_common.go:299] "Volume detached for volume \"script\" (UniqueName: \"kubernetes.io/configmap/d647d32c-8bf6-467b-acc0-b0da139c20cd-script\") on node \"e2cd8e671f95\" DevicePath \"\""
2025-01-28 23:40:43,055 INFO c.h.h.t.HelmChartContainer - [K3S] [reconciler_common.go:299] "Volume detached for volume \"data\" (UniqueName: \"kubernetes.io/host-path/c6ba12a1-e6a1-492c-a247-9e7e63d9d03f-data\") on node \"e2cd8e671f95\" DevicePath \"\""
2025-01-28 23:40:43,055 INFO c.h.h.t.HelmChartContainer - [K3S] [reconciler_common.go:299] "Volume detached for volume \"kube-api-access-xtqt7\" (UniqueName: \"kubernetes.io/projected/d647d32c-8bf6-467b-acc0-b0da139c20cd-kube-api-access-xtqt7\") on node \"e2cd8e671f95\" DevicePath \"\""
2025-01-28 23:40:43,055 INFO c.h.h.t.HelmChartContainer - [K3S] [reconciler_common.go:299] "Volume detached for volume \"data\" (UniqueName: \"kubernetes.io/host-path/d647d32c-8bf6-467b-acc0-b0da139c20cd-data\") on node \"e2cd8e671f95\" DevicePath \"\""
2025-01-28 23:40:43,715 INFO c.h.h.t.HelmChartContainer - [POD] helper-pod-delete-pvc-88d52398-11ac-4e9b-b92c-199b266fd2b5 [c6ba12a1-e6a1-492c-a247-9e7e63d9d03f] in kube-system was MODIFIED
2025-01-28 23:40:43,717 INFO c.h.h.t.HelmChartContainer - [POD] helper-pod-delete-pvc-88d52398-11ac-4e9b-b92c-199b266fd2b5 [c6ba12a1-e6a1-492c-a247-9e7e63d9d03f] in kube-system was DELETED
2025-01-28 23:40:43,730 INFO c.h.h.t.HelmChartContainer - [K3S] [pod_container_deletor.go:80] "Container not found in pod's containers" containerID="20413b794c7f300217e31fe8ffb190baeebf14a5b334a48af799de929060a064"
2025-01-28 23:40:43,737 INFO c.h.h.t.HelmChartContainer - [K3S] [pod_container_deletor.go:80] "Container not found in pod's containers" containerID="4897577dc096bb91415528163d8695de757ef8c04b3a935cd1467ee314e1d28a"
2025-01-28 23:40:43,743 INFO c.h.h.t.HelmChartContainer - [K3S] [status_manager.go:890] "Failed to get status for pod" podUID="c6ba12a1-e6a1-492c-a247-9e7e63d9d03f" pod="kube-system/helper-pod-delete-pvc-88d52398-11ac-4e9b-b92c-199b266fd2b5" err="pods \"helper-pod-delete-pvc-88d52398-11ac-4e9b-b92c-199b266fd2b5\" is forbidden: User \"system:node:e2cd8e671f95\" cannot get resource \"pods\" in API group \"\" in the namespace \"kube-system\": no relationship found between node 'e2cd8e671f95' and this object"
2025-01-28 23:40:43,786 INFO c.h.h.t.HelmChartContainer - [POD] helper-pod-delete-pvc-66d5472b-0907-4972-ac5c-69f14a653c3e [d647d32c-8bf6-467b-acc0-b0da139c20cd] in kube-system was MODIFIED
2025-01-28 23:40:43,791 INFO c.h.h.t.HelmChartContainer - [POD] helper-pod-delete-pvc-66d5472b-0907-4972-ac5c-69f14a653c3e [d647d32c-8bf6-467b-acc0-b0da139c20cd] in kube-system was DELETED
2025-01-28 23:40:43,816 INFO c.h.h.t.HelmChartContainer - [K3S] [status_manager.go:890] "Failed to get status for pod" podUID="c6ba12a1-e6a1-492c-a247-9e7e63d9d03f" pod="kube-system/helper-pod-delete-pvc-88d52398-11ac-4e9b-b92c-199b266fd2b5" err="pods \"helper-pod-delete-pvc-88d52398-11ac-4e9b-b92c-199b266fd2b5\" is forbidden: User \"system:node:e2cd8e671f95\" cannot get resource \"pods\" in API group \"\" in the namespace \"kube-system\": no relationship found between node 'e2cd8e671f95' and this object"
2025-01-28 23:40:43,818 INFO c.h.h.t.HelmChartContainer - [POD] helper-pod-delete-pvc-a7dcc88a-6433-4c66-ab84-75f8c7223870 [e0965bd7-077b-4f03-8c9b-f0c9e53f37f2] in kube-system was MODIFIED
2025-01-28 23:40:43,860 INFO c.h.h.t.HelmChartContainer - [K3S] [reconciler_common.go:162] "operationExecutor.UnmountVolume started for volume \"data\" (UniqueName: \"kubernetes.io/host-path/e0965bd7-077b-4f03-8c9b-f0c9e53f37f2-data\") pod \"e0965bd7-077b-4f03-8c9b-f0c9e53f37f2\" (UID: \"e0965bd7-077b-4f03-8c9b-f0c9e53f37f2\") "
2025-01-28 23:40:43,860 INFO c.h.h.t.HelmChartContainer - [K3S] [reconciler_common.go:162] "operationExecutor.UnmountVolume started for volume \"script\" (UniqueName: \"kubernetes.io/configmap/e0965bd7-077b-4f03-8c9b-f0c9e53f37f2-script\") pod \"e0965bd7-077b-4f03-8c9b-f0c9e53f37f2\" (UID: \"e0965bd7-077b-4f03-8c9b-f0c9e53f37f2\") "
2025-01-28 23:40:43,860 INFO c.h.h.t.HelmChartContainer - [K3S] [reconciler_common.go:162] "operationExecutor.UnmountVolume started for volume \"kube-api-access-xhdv8\" (UniqueName: \"kubernetes.io/projected/e0965bd7-077b-4f03-8c9b-f0c9e53f37f2-kube-api-access-xhdv8\") pod \"e0965bd7-077b-4f03-8c9b-f0c9e53f37f2\" (UID: \"e0965bd7-077b-4f03-8c9b-f0c9e53f37f2\") "
2025-01-28 23:40:43,940 INFO c.h.h.t.HelmChartContainer - [K3S] [status_manager.go:890] "Failed to get status for pod" podUID="c6ba12a1-e6a1-492c-a247-9e7e63d9d03f" pod="kube-system/helper-pod-delete-pvc-88d52398-11ac-4e9b-b92c-199b266fd2b5" err="pods \"helper-pod-delete-pvc-88d52398-11ac-4e9b-b92c-199b266fd2b5\" is forbidden: User \"system:node:e2cd8e671f95\" cannot get resource \"pods\" in API group \"\" in the namespace \"kube-system\": no relationship found between node 'e2cd8e671f95' and this object"
2025-01-28 23:40:43,940 INFO c.h.h.t.HelmChartContainer - [K3S] [kubelet_volumes.go:163] "Cleaned up orphaned pod volumes dir" podUID="c6ba12a1-e6a1-492c-a247-9e7e63d9d03f" path="/var/lib/kubelet/pods/c6ba12a1-e6a1-492c-a247-9e7e63d9d03f/volumes"
2025-01-28 23:40:43,941 INFO c.h.h.t.HelmChartContainer - [K3S] [kubelet_volumes.go:163] "Cleaned up orphaned pod volumes dir" podUID="d647d32c-8bf6-467b-acc0-b0da139c20cd" path="/var/lib/kubelet/pods/d647d32c-8bf6-467b-acc0-b0da139c20cd/volumes"
2025-01-28 23:40:43,960 INFO c.h.h.t.HelmChartContainer - [K3S] [reconciler_common.go:299] "Volume detached for volume \"data\" (UniqueName: \"kubernetes.io/host-path/e0965bd7-077b-4f03-8c9b-f0c9e53f37f2-data\") on node \"e2cd8e671f95\" DevicePath \"\""
2025-01-28 23:40:43,960 INFO c.h.h.t.HelmChartContainer - [K3S] [reconciler_common.go:299] "Volume detached for volume \"script\" (UniqueName: \"kubernetes.io/configmap/e0965bd7-077b-4f03-8c9b-f0c9e53f37f2-script\") on node \"e2cd8e671f95\" DevicePath \"\""
2025-01-28 23:40:43,960 INFO c.h.h.t.HelmChartContainer - [K3S] [reconciler_common.go:299] "Volume detached for volume \"kube-api-access-xhdv8\" (UniqueName: \"kubernetes.io/projected/e0965bd7-077b-4f03-8c9b-f0c9e53f37f2-kube-api-access-xhdv8\") on node \"e2cd8e671f95\" DevicePath \"\""
2025-01-28 23:40:44,134 INFO c.h.h.t.HelmChartContainer - [K3S] [range_allocator.go:247] "Successfully synced" key="e2cd8e671f95"
2025-01-28 23:40:44,734 INFO c.h.h.t.HelmChartContainer - [K3S] [pod_container_deletor.go:80] "Container not found in pod's containers" containerID="f45966d73b1a7b67282379c47b05ba051ebf705bf89e27479619b7db61d2b253"
2025-01-28 23:40:44,793 INFO c.h.h.t.HelmChartContainer - [POD] helper-pod-delete-pvc-a7dcc88a-6433-4c66-ab84-75f8c7223870 [e0965bd7-077b-4f03-8c9b-f0c9e53f37f2] in kube-system was MODIFIED
2025-01-28 23:40:44,793 INFO c.h.h.t.HelmChartContainer - [POD] helper-pod-delete-pvc-a7dcc88a-6433-4c66-ab84-75f8c7223870 [e0965bd7-077b-4f03-8c9b-f0c9e53f37f2] in kube-system was DELETED
2025-01-28 23:40:45,746 INFO c.h.h.t.HelmChartContainer - Namespace 'helmvolumeclaimtemplatesit' deleted
2025-01-28 23:40:45,746 INFO c.h.h.t.HelmChartContainer - Release 'test-hivemq-platform' in namespace 'helmvolumeclaimtemplatesit' is uninstalled
2025-01-28 23:40:45,746 INFO c.h.h.t.HelmChartContainer - Uninstalling release 'test-hivemq-platform-operator' in namespace 'helmvolumeclaimtemplatesit-operator'...
2025-01-28 23:40:45,746 DEBUG c.h.h.t.HelmChartContainer - Executing helm command: /bin/helm --kubeconfig /etc/rancher/k3s/k3s.yaml uninstall test-hivemq-platform-operator  --wait --timeout 5m0s --cascade foreground --namespace helmvolumeclaimtemplatesit-operator
2025-01-28 23:40:45,901 INFO c.h.h.t.HelmChartContainer - [K3S] [replica_set.go:679] "Finished syncing" kind="ReplicaSet" key="helmvolumeclaimtemplatesit-operator/hivemq-test-hivemq-platform-operator-6966f96d65" duration="9.128121ms"
2025-01-28 23:40:45,903 INFO c.h.h.t.HelmChartContainer - [K3S] [replica_set.go:679] "Finished syncing" kind="ReplicaSet" key="helmvolumeclaimtemplatesit-operator/hivemq-test-hivemq-platform-operator-6966f96d65" duration="39.142µs"
2025-01-28 23:40:45,910 INFO c.h.h.t.HelmChartContainer - [POD] hivemq-test-hivemq-platform-operator-6966f96d65-prxld [e1373b83-2f7e-4145-b942-4ba75c91e777] in helmvolumeclaimtemplatesit-operator was MODIFIED
2025-01-28 23:40:45,920 INFO c.h.h.t.HelmChartContainer - [EVENT] Normal [Killing] Stopping container hivemq-platform-operator [helmvolumeclaimtemplatesit-operator:hivemq-test-hivemq-platform-operator-6966f96d65-prxld]
2025-01-28 23:40:45,921 INFO c.h.h.t.HelmChartContainer - Received Killing event for container hivemq-platform-operator in pod hivemq-test-hivemq-platform-operator-6966f96d65-prxld [e1373b83-2f7e-4145-b942-4ba75c91e777]
2025-01-28 23:40:45,921 INFO c.h.h.t.HelmChartContainer - Container [hivemq-test-hivemq-platform-operator-6966f96d65-prxld] [hivemq-platform-operator] [e1373b83-2f7e-4145-b942-4ba75c91e777] was terminated
2025-01-28 23:40:45,921 INFO c.h.h.t.HelmChartContainer - Stopped log watcher for hivemq-platform-operator in pod hivemq-test-hivemq-platform-operator-6966f96d65-prxld [e1373b83-2f7e-4145-b942-4ba75c91e777]
2025-01-28 23:40:45,924 INFO c.h.h.t.HelmChartContainer - [hivemq-test-hivemq-platform] [hivemq-platform-operator] [e1373b83] 23:40:45.920 [application-shutdown-thread] INFO  c.h.p.o.HiveMQPlatformOperatorApplication - HiveMQ Platform Operator is stopping...
2025-01-28 23:40:45,924 INFO c.h.h.t.HelmChartContainer - [hivemq-test-hivemq-platform] [hivemq-platform-operator] [e1373b83] 23:40:45.921 [application-shutdown-thread] INFO  i.javaoperatorsdk.operator.Operator - Operator SDK 4.9.7 is shutting down...
2025-01-28 23:40:45,935 INFO c.h.h.t.HelmChartContainer - [K3S] [replica_set.go:679] "Finished syncing" kind="ReplicaSet" key="helmvolumeclaimtemplatesit-operator/hivemq-test-hivemq-platform-operator-6966f96d65" duration="22.712877ms"
2025-01-28 23:40:45,936 INFO c.h.h.t.HelmChartContainer - [K3S] [replica_set.go:679] "Finished syncing" kind="ReplicaSet" key="helmvolumeclaimtemplatesit-operator/hivemq-test-hivemq-platform-operator-6966f96d65" duration="31.168µs"
2025-01-28 23:40:45,944 INFO c.h.h.t.HelmChartContainer - [K3S] [kubelet_volumes.go:163] "Cleaned up orphaned pod volumes dir" podUID="e0965bd7-077b-4f03-8c9b-f0c9e53f37f2" path="/var/lib/kubelet/pods/e0965bd7-077b-4f03-8c9b-f0c9e53f37f2/volumes"
2025-01-28 23:40:46,198 INFO c.h.h.t.HelmChartContainer - [EVENT] Warning [Unhealthy] Readiness probe failed: Get "http://10.42.0.7:8080/health/readiness": dial tcp 10.42.0.7:8080: connect: connection refused [helmvolumeclaimtemplatesit-operator:hivemq-test-hivemq-platform-operator-6966f96d65-prxld]
2025-01-28 23:40:46,198 INFO c.h.h.t.HelmChartContainer - Received Unhealthy event for container hivemq-platform-operator in pod hivemq-test-hivemq-platform-operator-6966f96d65-prxld [e1373b83-2f7e-4145-b942-4ba75c91e777]
2025-01-28 23:40:46,454 INFO c.h.h.t.HelmChartContainer - [K3S] [replica_set.go:679] "Finished syncing" kind="ReplicaSet" key="helmvolumeclaimtemplatesit-operator/hivemq-test-hivemq-platform-operator-6966f96d65" duration="43.511µs"
2025-01-28 23:40:46,455 INFO c.h.h.t.HelmChartContainer - [POD] hivemq-test-hivemq-platform-operator-6966f96d65-prxld [e1373b83-2f7e-4145-b942-4ba75c91e777] in helmvolumeclaimtemplatesit-operator was MODIFIED
2025-01-28 23:40:46,471 INFO c.h.h.t.HelmChartContainer - [K3S] [reconciler_common.go:162] "operationExecutor.UnmountVolume started for volume \"kube-api-access-wzfwt\" (UniqueName: \"kubernetes.io/projected/e1373b83-2f7e-4145-b942-4ba75c91e777-kube-api-access-wzfwt\") pod \"e1373b83-2f7e-4145-b942-4ba75c91e777\" (UID: \"e1373b83-2f7e-4145-b942-4ba75c91e777\") "
2025-01-28 23:40:46,572 INFO c.h.h.t.HelmChartContainer - [K3S] [reconciler_common.go:299] "Volume detached for volume \"kube-api-access-wzfwt\" (UniqueName: \"kubernetes.io/projected/e1373b83-2f7e-4145-b942-4ba75c91e777-kube-api-access-wzfwt\") on node \"e2cd8e671f95\" DevicePath \"\""
2025-01-28 23:40:46,738 INFO c.h.h.t.HelmChartContainer - [K3S] [scope.go:117] "RemoveContainer" containerID="610304574c82afd4320d25c798884cc8842bf3a192aad4395dec31dd98426745"
2025-01-28 23:40:46,741 INFO c.h.h.t.HelmChartContainer - [K3S] [scope.go:117] "RemoveContainer" containerID="610304574c82afd4320d25c798884cc8842bf3a192aad4395dec31dd98426745"
2025-01-28 23:40:46,750 INFO c.h.h.t.HelmChartContainer - [K3S] [replica_set.go:679] "Finished syncing" kind="ReplicaSet" key="helmvolumeclaimtemplatesit-operator/hivemq-test-hivemq-platform-operator-6966f96d65" duration="43.14µs"
2025-01-28 23:40:46,750 INFO c.h.h.t.HelmChartContainer - [POD] hivemq-test-hivemq-platform-operator-6966f96d65-prxld [e1373b83-2f7e-4145-b942-4ba75c91e777] in helmvolumeclaimtemplatesit-operator was MODIFIED
2025-01-28 23:40:46,752 INFO c.h.h.t.HelmChartContainer - [POD] hivemq-test-hivemq-platform-operator-6966f96d65-prxld [e1373b83-2f7e-4145-b942-4ba75c91e777] in helmvolumeclaimtemplatesit-operator was DELETED
2025-01-28 23:40:46,752 INFO c.h.h.t.HelmChartContainer - [K3S] [replica_set.go:679] "Finished syncing" kind="ReplicaSet" key="helmvolumeclaimtemplatesit-operator/hivemq-test-hivemq-platform-operator-6966f96d65" duration="23.684µs"
2025-01-28 23:40:46,762 INFO c.h.h.t.HelmChartContainer - [K3S] [replica_set.go:679] "Finished syncing" kind="ReplicaSet" key="helmvolumeclaimtemplatesit-operator/hivemq-test-hivemq-platform-operator-6966f96d65" duration="6.152µs"
2025-01-28 23:40:47,941 INFO c.h.h.t.HelmChartContainer - [K3S] [kubelet_volumes.go:163] "Cleaned up orphaned pod volumes dir" podUID="e1373b83-2f7e-4145-b942-4ba75c91e777" path="/var/lib/kubelet/pods/e1373b83-2f7e-4145-b942-4ba75c91e777/volumes"
2025-01-28 23:40:47,947 INFO c.h.h.t.HelmChartContainer - Deleting namespace 'helmvolumeclaimtemplatesit-operator'...
2025-01-28 23:40:50,711 INFO c.h.h.t.HelmChartContainer - [K3S] [namespace_controller.go:187] "Namespace has been deleted" namespace="helmvolumeclaimtemplatesit"
2025-01-28 23:40:53,167 INFO c.h.h.t.HelmChartContainer - Namespace 'helmvolumeclaimtemplatesit-operator' deleted
2025-01-28 23:40:53,167 INFO c.h.h.t.HelmChartContainer - Release 'test-hivemq-platform-operator' in namespace 'helmvolumeclaimtemplatesit-operator' is uninstalled
2025-01-28 23:40:54,546 INFO c.h.helmcharts.AbstractHelmChartIT - Removed unused containers:

2025-01-28 23:40:58,073 INFO c.h.h.t.HelmChartContainer - [K3S] [namespace_controller.go:187] "Namespace has been deleted" namespace="helmvolumeclaimtemplatesit-operator"
2025-01-28 23:41:03,059 INFO c.h.helmcharts.AbstractHelmChartIT - Removed unused snapshots:
Removing snapshot sha256:03af251906410714c5aef9fa705b63f6bbc39c4a5e787de7361eeb18886c2ed2
Removing snapshot sha256:0c46b3b43cce082ce5ec34ffc6c294e0417d17b9d1e6f366d114b6aadc4f96dc
Removing snapshot sha256:0ce761beee59082d6ed5bcebd3a805b8ddd9b3426b617e4809e7fb7c6587ffec
Removing snapshot sha256:0df91287303208332c8ff6ba40ae4710105201739addbfbddfb955f1ad593664
Removing snapshot sha256:1021ef88c7974bfff89c5a0ec4fd3160daac6c48a075f74cff721f85dd104e68
Removing snapshot sha256:10aba4953ddc18145dd38e3704709bc464aa20af60b56fe52caaff4b68411e62
Removing snapshot sha256:2573e0d8158209ed54ab25c87bcdcb00bd3d2539246960a3d592a1c599d70465
Removing snapshot sha256:362a8a37f8bbc31925a8146adcf7cf51f9882f5c1dcbef67c5baa03a297543c0
Removing snapshot sha256:3728b5979ecf582e1e273c9f45e16ff13972b615765ae911a1dddf7a78a06165
Removing snapshot sha256:3fa4ad33f0ddc8fd45b39b6b4640f82a3a83619606cd975bfe89d8710ad2d4cd
Removing snapshot sha256:43a7c979bbaba6838bc3102d6b10a1459f3ab050b87ccdfef84ef90cf43d3058
Removing snapshot sha256:4ab04491cdf0d3267f08206fe30bd48f49f94b9cab2f016d6739220f722a64af
Removing snapshot sha256:4b6068250e89c96f263060261819c7d912855bfbd64b3eb4c4a8483299b8c295
Removing snapshot sha256:580e69a0a8034ede1921139bbd2bfb72a69ebf276d008281896c32dd8bf74775
Removing snapshot sha256:5d30ba46b27fe37484567ccc5242cadc78217b8da605f3f195ef25cbf7487904
Removing snapshot sha256:63ca1fbb43ae5034640e5e6cb3e083e05c290072c5366fcaa9d62435a4cced85
Removing snapshot sha256:66140dc7271ceb0a9b5e521509e7d96b916d4182681f723881bfae89675de7f6
Removing snapshot sha256:67f702c6baae873bceb19487c8b1f27bd2b86077e4f2f0e480e6d60ab508b8f5
Removing snapshot sha256:6864348dd42806d552efdec384f1274be15e2d0c10ce44c1f04347af004c10a9
Removing snapshot sha256:6c7dee8f2c39b84b7dc2711c01d33de93514d9055499173e9290176fbe484b6c
Removing snapshot sha256:78fa88b7be9284e092150a3d3cf8664cbd5ee16e3e780bd097df79911cc74aef
Removing snapshot sha256:82753493a6d61ded36556292f02f31841a14c20d2f279f19eaad65afb661d5cd
Removing snapshot sha256:8a10d3db42c505ee0fcfa98417bdd7e39b304f6bcc0a06bb1b220797ff2cc63c
Removing snapshot sha256:a21e5b12dbac529ad45d976eb9ce45c881f3bedcc500fb30aba1e52aa1813418
Removing snapshot sha256:b921e6c28969094157f9b8e7244677780319637afd14450b7cb6b2fdea558a0c
Removing snapshot sha256:bc27ecb5769a00e309cf99ebc763c4a4b958b618d1decc96ffac5bc05f02f5b7
Removing snapshot sha256:be3ccb6627a5332e309d45ef461d09b4879dd870c7394d89323d0ebc6ca6aa8a
Removing snapshot sha256:c261f7cbbc64211ee175ee47273acdb7b1a36a4450b397a064a8f2c026490095
Removing snapshot sha256:c34d9393647eea0c9e3557ab988efaf59f61d10a2a5613b439ef0958cca5ec10
Removing snapshot sha256:ccf3c4a0fa967a41c1c83497a2ce6fa5787965859df0adb32c4ca2cf7490bc2b
Removing snapshot sha256:cf92d33f869417309692088c341cd0f223c178ea78a125f757317b22aa8f90e9
Removing snapshot sha256:d0037344cf2fb078884f1849f6a1f8cf9a33a3b6139b6a85833e5ee528e1f9a8
Removing snapshot sha256:d3b36d5b79273b1e98e7700470eaeff05a882e777124d84cebcc1505b85ecb36
Removing snapshot sha256:d65a44a37914602d12c611e5e22a50f11451d847e63015cc1c2aef92dee777a4
Removing snapshot sha256:e2dc0bae2455930f23ae570e019b7f32edc75c0f2d71cab084db837ff9051796
Removing snapshot sha256:eccbd24a99c60cd9e86ee5305dbfc4a4dc89f5ab4fb1f06c8d64797cecedef34
Removing snapshot sha256:f144bb4c7c7f0d2aa7eeffd36d934ec40db1ee167be727e326aad9fdc616f475

]]></system-out>
  </testcase>
  <system-out><![CDATA[2025-01-28 23:35:11,921 INFO c.h.h.t.HelmChartContainerExtension - Using cached HelmChartContainer instance
]]></system-out>
  <system-err><![CDATA[]]></system-err>
</testsuite>
