<?xml version="1.0" encoding="UTF-8"?>
<testsuite name="com.hivemq.helmcharts.EseExtensionInstallationIT" tests="1" skipped="0" failures="0" errors="0" timestamp="2025-01-30T03:59:32" hostname="fv-az1944-27" time="191.275">
  <properties/>
  <testcase name="withExtensionConfiguration_hivemqRunning()" classname="com.hivemq.helmcharts.EseExtensionInstallationIT" time="191.275">
    <system-out><![CDATA[2025-01-30 03:59:32,021 INFO t.localhost/testcontainers/9zuuk4hi7jpmlccp:latest - Creating container for image: localhost/testcontainers/9zuuk4hi7jpmlccp:latest
2025-01-30 03:59:32,023 INFO tc.alpine:3.17 - Pulling docker image: alpine:3.17. Please be patient; this may take some time but only needs to be done once.
2025-01-30 03:59:32,411 INFO tc.alpine:3.17 - Starting to pull image
2025-01-30 03:59:32,412 INFO tc.alpine:3.17 - Pulling image layers:  0 pending,  0 downloaded,  0 extracted, (0 bytes/0 bytes)
2025-01-30 03:59:32,638 INFO tc.alpine:3.17 - Pulling image layers:  0 pending,  1 downloaded,  0 extracted, (33 KB/3 MB)
2025-01-30 03:59:32,736 INFO tc.alpine:3.17 - Pulling image layers:  0 pending,  1 downloaded,  1 extracted, (3 MB/3 MB)
2025-01-30 03:59:32,742 INFO tc.alpine:3.17 - Image alpine:3.17 pull took PT0.719355811S
2025-01-30 03:59:33,106 INFO t.localhost/testcontainers/9zuuk4hi7jpmlccp:latest - Container localhost/testcontainers/9zuuk4hi7jpmlccp:latest is starting: 63bb116cc43ae8e7a8f0d7cd87e042de141ed556e62b5ebdbbbd17c56582ed5b
2025-01-30 03:59:33,450 INFO c.h.h.t.OperatorHelmChartContainer - [K3S] [INFO] Starting k3s v1.32.1+k3s1 (6a322f12)
2025-01-30 03:59:33,453 INFO c.h.h.t.OperatorHelmChartContainer - [K3S] [INFO] Configuring sqlite3 database connection pooling: maxIdleConns=2, maxOpenConns=0, connMaxLifetime=0s
2025-01-30 03:59:33,453 INFO c.h.h.t.OperatorHelmChartContainer - [K3S] [INFO] Configuring database table schema and indexes, this may take a moment...
2025-01-30 03:59:33,457 INFO c.h.h.t.OperatorHelmChartContainer - [K3S] [INFO] Database tables and indexes are up to date
2025-01-30 03:59:33,460 INFO c.h.h.t.OperatorHelmChartContainer - [K3S] [INFO] Kine available at unix://kine.sock
2025-01-30 03:59:33,534 INFO c.h.h.t.OperatorHelmChartContainer - [K3S] [INFO] Saving cluster bootstrap data to datastore
2025-01-30 03:59:33,535 INFO c.h.h.t.OperatorHelmChartContainer - [K3S] [WARNING] dynamiclistener [::]:6443: no cached certificate available for preload - deferring certificate load until storage initialization or first client request
2025-01-30 03:59:33,536 INFO c.h.h.t.OperatorHelmChartContainer - [K3S] [INFO] Active TLS secret / (ver=) (count 10): map[listener.cattle.io/cn-10.43.0.1:10.43.0.1 listener.cattle.io/cn-127.0.0.1:127.0.0.1 listener.cattle.io/cn-172.17.0.3:172.17.0.3 listener.cattle.io/cn-63bb116cc43a:63bb116cc43a listener.cattle.io/cn-__1-f16284:::1 listener.cattle.io/cn-kubernetes:kubernetes listener.cattle.io/cn-kubernetes.default:kubernetes.default listener.cattle.io/cn-kubernetes.default.svc:kubernetes.default.svc listener.cattle.io/cn-kubernetes.default.svc.cluster.local:kubernetes.default.svc.cluster.local listener.cattle.io/cn-localhost:localhost listener.cattle.io/fingerprint:SHA1=92D2B3AD273A14FB09CE8CDEE87CDDCFEBF65050]
2025-01-30 03:59:33,697 INFO c.h.h.t.OperatorHelmChartContainer - [K3S] [INFO] Running kube-apiserver --advertise-port=6443 --allow-privileged=true --anonymous-auth=false --api-audiences=https://kubernetes.default.svc.cluster.local,k3s --authorization-mode=Node,RBAC --bind-address=127.0.0.1 --cert-dir=/var/lib/rancher/k3s/server/tls/temporary-certs --client-ca-file=/var/lib/rancher/k3s/server/tls/client-ca.crt --egress-selector-config-file=/var/lib/rancher/k3s/server/etc/egress-selector-config.yaml --enable-admission-plugins=NodeRestriction --enable-aggregator-routing=true --enable-bootstrap-token-auth=true --etcd-servers=unix://kine.sock --kubelet-certificate-authority=/var/lib/rancher/k3s/server/tls/server-ca.crt --kubelet-client-certificate=/var/lib/rancher/k3s/server/tls/client-kube-apiserver.crt --kubelet-client-key=/var/lib/rancher/k3s/server/tls/client-kube-apiserver.key --kubelet-preferred-address-types=InternalIP,ExternalIP,Hostname --profiling=false --proxy-client-cert-file=/var/lib/rancher/k3s/server/tls/client-auth-proxy.crt --proxy-client-key-file=/var/lib/rancher/k3s/server/tls/client-auth-proxy.key --requestheader-allowed-names=system:auth-proxy --requestheader-client-ca-file=/var/lib/rancher/k3s/server/tls/request-header-ca.crt --requestheader-extra-headers-prefix=X-Remote-Extra- --requestheader-group-headers=X-Remote-Group --requestheader-username-headers=X-Remote-User --secure-port=6444 --service-account-issuer=https://kubernetes.default.svc.cluster.local --service-account-key-file=/var/lib/rancher/k3s/server/tls/service.key --service-account-signing-key-file=/var/lib/rancher/k3s/server/tls/service.current.key --service-cluster-ip-range=10.43.0.0/16 --service-node-port-range=30000-32767 --storage-backend=etcd3 --tls-cert-file=/var/lib/rancher/k3s/server/tls/serving-kube-apiserver.crt --tls-cipher-suites=TLS_ECDHE_ECDSA_WITH_AES_256_GCM_SHA384,TLS_ECDHE_RSA_WITH_AES_256_GCM_SHA384,TLS_ECDHE_ECDSA_WITH_AES_128_GCM_SHA256,TLS_ECDHE_RSA_WITH_AES_128_GCM_SHA256,TLS_ECDHE_ECDSA_WITH_CHACHA20_POLY1305,TLS_ECDHE_RSA_WITH_CHACHA20_POLY1305 --tls-private-key-file=/var/lib/rancher/k3s/server/tls/serving-kube-apiserver.key
2025-01-30 03:59:33,698 INFO c.h.h.t.OperatorHelmChartContainer - [K3S] [INFO] Running kube-scheduler --authentication-kubeconfig=/var/lib/rancher/k3s/server/cred/scheduler.kubeconfig --authorization-kubeconfig=/var/lib/rancher/k3s/server/cred/scheduler.kubeconfig --bind-address=127.0.0.1 --kubeconfig=/var/lib/rancher/k3s/server/cred/scheduler.kubeconfig --leader-elect=false --profiling=false --secure-port=10259
2025-01-30 03:59:33,698 INFO c.h.h.t.OperatorHelmChartContainer - [K3S] [INFO] Waiting for API server to become available
2025-01-30 03:59:33,698 INFO c.h.h.t.OperatorHelmChartContainer - [K3S] [registry.go:256] calling componentGlobalsRegistry.AddFlags more than once, the registry will be set by the latest flags
2025-01-30 03:59:33,699 INFO c.h.h.t.OperatorHelmChartContainer - [K3S] [INFO] Running kube-controller-manager --allocate-node-cidrs=true --authentication-kubeconfig=/var/lib/rancher/k3s/server/cred/controller.kubeconfig --authorization-kubeconfig=/var/lib/rancher/k3s/server/cred/controller.kubeconfig --bind-address=127.0.0.1 --cluster-cidr=10.42.0.0/16 --cluster-signing-kube-apiserver-client-cert-file=/var/lib/rancher/k3s/server/tls/client-ca.nochain.crt --cluster-signing-kube-apiserver-client-key-file=/var/lib/rancher/k3s/server/tls/client-ca.key --cluster-signing-kubelet-client-cert-file=/var/lib/rancher/k3s/server/tls/client-ca.nochain.crt --cluster-signing-kubelet-client-key-file=/var/lib/rancher/k3s/server/tls/client-ca.key --cluster-signing-kubelet-serving-cert-file=/var/lib/rancher/k3s/server/tls/server-ca.nochain.crt --cluster-signing-kubelet-serving-key-file=/var/lib/rancher/k3s/server/tls/server-ca.key --cluster-signing-legacy-unknown-cert-file=/var/lib/rancher/k3s/server/tls/server-ca.nochain.crt --cluster-signing-legacy-unknown-key-file=/var/lib/rancher/k3s/server/tls/server-ca.key --configure-cloud-routes=false --controllers=*,tokencleaner,-service,-route,-cloud-node-lifecycle --kubeconfig=/var/lib/rancher/k3s/server/cred/controller.kubeconfig --leader-elect=false --profiling=false --root-ca-file=/var/lib/rancher/k3s/server/tls/server-ca.crt --secure-port=10257 --service-account-private-key-file=/var/lib/rancher/k3s/server/tls/service.current.key --service-cluster-ip-range=10.43.0.0/16 --use-service-account-credentials=true
2025-01-30 03:59:33,699 INFO c.h.h.t.OperatorHelmChartContainer - [K3S] [registry.go:256] calling componentGlobalsRegistry.AddFlags more than once, the registry will be set by the latest flags
2025-01-30 03:59:33,700 INFO c.h.h.t.OperatorHelmChartContainer - [K3S] [options.go:299] unable to set WatchListClient feature gate, err: cannot override default for feature "WatchListClient": gates already added to a flag set
2025-01-30 03:59:33,700 INFO c.h.h.t.OperatorHelmChartContainer - [K3S] [options.go:238] external host was not specified, using 172.17.0.3
2025-01-30 03:59:33,700 INFO c.h.h.t.OperatorHelmChartContainer - [K3S] [registry.go:256] calling componentGlobalsRegistry.AddFlags more than once, the registry will be set by the latest flags
2025-01-30 03:59:33,701 INFO c.h.h.t.OperatorHelmChartContainer - [K3S] [INFO] Running cloud-controller-manager --allocate-node-cidrs=true --authentication-kubeconfig=/var/lib/rancher/k3s/server/cred/cloud-controller.kubeconfig --authorization-kubeconfig=/var/lib/rancher/k3s/server/cred/cloud-controller.kubeconfig --bind-address=127.0.0.1 --cloud-config=/var/lib/rancher/k3s/server/etc/cloud-config.yaml --cloud-provider=k3s --cluster-cidr=10.42.0.0/16 --configure-cloud-routes=false --controllers=*,-route --kubeconfig=/var/lib/rancher/k3s/server/cred/cloud-controller.kubeconfig --leader-elect=false --leader-elect-resource-name=k3s-cloud-controller-manager --node-status-update-frequency=1m0s --profiling=false
2025-01-30 03:59:33,702 INFO c.h.h.t.OperatorHelmChartContainer - [K3S] [server.go:151] Version: v1.32.1+k3s1
2025-01-30 03:59:33,702 INFO c.h.h.t.OperatorHelmChartContainer - [K3S] [server.go:153] "Golang settings" GOGC="" GOMAXPROCS="" GOTRACEBACK=""
2025-01-30 03:59:33,704 INFO c.h.h.t.OperatorHelmChartContainer - [K3S] [INFO] Server node token is available at /var/lib/rancher/k3s/server/token
2025-01-30 03:59:33,705 INFO c.h.h.t.OperatorHelmChartContainer - [K3S] [INFO] To join server node to cluster: k3s server -s https://172.17.0.3:6443 -t ${SERVER_NODE_TOKEN}
2025-01-30 03:59:33,705 INFO c.h.h.t.OperatorHelmChartContainer - [K3S] [INFO] Agent node token is available at /var/lib/rancher/k3s/server/agent-token
2025-01-30 03:59:33,705 INFO c.h.h.t.OperatorHelmChartContainer - [K3S] [INFO] To join agent node to cluster: k3s agent -s https://172.17.0.3:6443 -t ${AGENT_NODE_TOKEN}
2025-01-30 03:59:33,705 INFO c.h.h.t.OperatorHelmChartContainer - [K3S] [INFO] Wrote kubeconfig /etc/rancher/k3s/k3s.yaml
2025-01-30 03:59:33,705 INFO c.h.h.t.OperatorHelmChartContainer - [K3S] [INFO] Run: k3s kubectl
2025-01-30 03:59:34,250 INFO c.h.h.t.OperatorHelmChartContainer - [K3S] [INFO] Password verified locally for node 63bb116cc43a
2025-01-30 03:59:34,333 INFO c.h.h.t.OperatorHelmChartContainer - [K3S] [plugins.go:157] Loaded 13 mutating admission controller(s) successfully in the following order: NamespaceLifecycle,LimitRanger,ServiceAccount,NodeRestriction,TaintNodesByCondition,Priority,DefaultTolerationSeconds,DefaultStorageClass,StorageObjectInUseProtection,RuntimeClass,DefaultIngressClass,MutatingAdmissionPolicy,MutatingAdmissionWebhook.
2025-01-30 03:59:34,333 INFO c.h.h.t.OperatorHelmChartContainer - [K3S] [plugins.go:160] Loaded 13 validating admission controller(s) successfully in the following order: LimitRanger,ServiceAccount,PodSecurity,Priority,PersistentVolumeClaimResize,RuntimeClass,CertificateApproval,CertificateSigning,ClusterTrustBundleAttest,CertificateSubjectRestriction,ValidatingAdmissionPolicy,ValidatingAdmissionWebhook,ResourceQuota.
2025-01-30 03:59:34,334 INFO c.h.h.t.OperatorHelmChartContainer - [K3S] [instance.go:233] Using reconciler: lease
2025-01-30 03:59:34,400 INFO c.h.h.t.OperatorHelmChartContainer - [K3S] [apis.go:106] API group "internal.apiserver.k8s.io" is not enabled, skipping.
2025-01-30 03:59:34,446 INFO c.h.h.t.OperatorHelmChartContainer - [K3S] [apis.go:106] API group "storagemigration.k8s.io" is not enabled, skipping.
2025-01-30 03:59:34,474 INFO c.h.h.t.OperatorHelmChartContainer - [K3S] [apis.go:106] API group "resource.k8s.io" is not enabled, skipping.
2025-01-30 03:59:34,795 INFO c.h.h.t.OperatorHelmChartContainer - [K3S] [dynamic_cafile_content.go:161] "Starting controller" name="request-header::/var/lib/rancher/k3s/server/tls/request-header-ca.crt"
2025-01-30 03:59:34,796 INFO c.h.h.t.OperatorHelmChartContainer - [K3S] [dynamic_cafile_content.go:161] "Starting controller" name="client-ca-bundle::/var/lib/rancher/k3s/server/tls/client-ca.crt"
2025-01-30 03:59:34,796 INFO c.h.h.t.OperatorHelmChartContainer - [K3S] [dynamic_serving_content.go:135] "Starting controller" name="serving-cert::/var/lib/rancher/k3s/server/tls/serving-kube-apiserver.crt::/var/lib/rancher/k3s/server/tls/serving-kube-apiserver.key"
2025-01-30 03:59:34,796 INFO c.h.h.t.OperatorHelmChartContainer - [K3S] [secure_serving.go:213] Serving securely on 127.0.0.1:6444
2025-01-30 03:59:34,797 INFO c.h.h.t.OperatorHelmChartContainer - [K3S] [tlsconfig.go:243] "Starting DynamicServingCertificateController"
2025-01-30 03:59:34,797 INFO c.h.h.t.OperatorHelmChartContainer - [K3S] [apf_controller.go:377] Starting API Priority and Fairness config controller
2025-01-30 03:59:34,797 INFO c.h.h.t.OperatorHelmChartContainer - [K3S] [dynamic_serving_content.go:135] "Starting controller" name="aggregator-proxy-cert::/var/lib/rancher/k3s/server/tls/client-auth-proxy.crt::/var/lib/rancher/k3s/server/tls/client-auth-proxy.key"
2025-01-30 03:59:34,797 INFO c.h.h.t.OperatorHelmChartContainer - [K3S] [apiservice_controller.go:100] Starting APIServiceRegistrationController
2025-01-30 03:59:34,797 INFO c.h.h.t.OperatorHelmChartContainer - [K3S] [controller.go:119] Starting legacy_token_tracking_controller
2025-01-30 03:59:34,797 INFO c.h.h.t.OperatorHelmChartContainer - [K3S] [remote_available_controller.go:411] Starting RemoteAvailability controller
2025-01-30 03:59:34,797 INFO c.h.h.t.OperatorHelmChartContainer - [K3S] [controller.go:78] Starting OpenAPI AggregationController
2025-01-30 03:59:34,797 INFO c.h.h.t.OperatorHelmChartContainer - [K3S] [controller.go:80] Starting OpenAPI V3 AggregationController
2025-01-30 03:59:34,797 INFO c.h.h.t.OperatorHelmChartContainer - [K3S] [cluster_authentication_trust_controller.go:462] Starting cluster_authentication_trust_controller controller
2025-01-30 03:59:34,805 INFO c.h.h.t.OperatorHelmChartContainer - [K3S] [customresource_discovery_controller.go:292] Starting DiscoveryController
2025-01-30 03:59:34,805 INFO c.h.h.t.OperatorHelmChartContainer - [K3S] [aggregator.go:169] waiting for initial CRD sync...
2025-01-30 03:59:34,805 INFO c.h.h.t.OperatorHelmChartContainer - [K3S] [system_namespaces_controller.go:66] Starting system namespaces controller
2025-01-30 03:59:34,805 INFO c.h.h.t.OperatorHelmChartContainer - [K3S] [local_available_controller.go:156] Starting LocalAvailability controller
2025-01-30 03:59:34,805 INFO c.h.h.t.OperatorHelmChartContainer - [K3S] [gc_controller.go:78] Starting apiserver lease garbage collector
2025-01-30 03:59:34,806 INFO c.h.h.t.OperatorHelmChartContainer - [K3S] [controller.go:142] Starting OpenAPI controller
2025-01-30 03:59:34,806 INFO c.h.h.t.OperatorHelmChartContainer - [K3S] [controller.go:90] Starting OpenAPI V3 controller
2025-01-30 03:59:34,806 INFO c.h.h.t.OperatorHelmChartContainer - [K3S] [naming_controller.go:294] Starting NamingConditionController
2025-01-30 03:59:34,806 INFO c.h.h.t.OperatorHelmChartContainer - [K3S] [establishing_controller.go:81] Starting EstablishingController
2025-01-30 03:59:34,806 INFO c.h.h.t.OperatorHelmChartContainer - [K3S] [nonstructuralschema_controller.go:195] Starting NonStructuralSchemaConditionController
2025-01-30 03:59:34,806 INFO c.h.h.t.OperatorHelmChartContainer - [K3S] [apiapproval_controller.go:189] Starting KubernetesAPIApprovalPolicyConformantConditionController
2025-01-30 03:59:34,806 INFO c.h.h.t.OperatorHelmChartContainer - [K3S] [crd_finalizer.go:269] Starting CRDFinalizer
2025-01-30 03:59:34,806 INFO c.h.h.t.OperatorHelmChartContainer - [K3S] [crdregistration_controller.go:114] Starting crd-autoregister controller
2025-01-30 03:59:34,808 INFO c.h.h.t.OperatorHelmChartContainer - [K3S] [dynamic_cafile_content.go:161] "Starting controller" name="client-ca-bundle::/var/lib/rancher/k3s/server/tls/client-ca.crt"
2025-01-30 03:59:34,808 INFO c.h.h.t.OperatorHelmChartContainer - [K3S] [dynamic_cafile_content.go:161] "Starting controller" name="request-header::/var/lib/rancher/k3s/server/tls/request-header-ca.crt"
2025-01-30 03:59:34,853 INFO c.h.h.t.OperatorHelmChartContainer - [K3S] [INFO] Module overlay was already loaded
2025-01-30 03:59:34,854 INFO c.h.h.t.OperatorHelmChartContainer - [K3S] [INFO] Module nf_conntrack was already loaded
2025-01-30 03:59:34,854 INFO c.h.h.t.OperatorHelmChartContainer - [K3S] [INFO] Module br_netfilter was already loaded
2025-01-30 03:59:34,859 INFO c.h.h.t.OperatorHelmChartContainer - [K3S] [INFO] Set sysctl 'net/netfilter/nf_conntrack_max' to 131072
2025-01-30 03:59:34,860 INFO c.h.h.t.OperatorHelmChartContainer - [K3S] [INFO] Set sysctl 'net/netfilter/nf_conntrack_tcp_timeout_established' to 86400
2025-01-30 03:59:34,862 INFO c.h.h.t.OperatorHelmChartContainer - [K3S] [INFO] Set sysctl 'net/netfilter/nf_conntrack_tcp_timeout_close_wait' to 3600
2025-01-30 03:59:34,862 INFO c.h.h.t.OperatorHelmChartContainer - [K3S] [INFO] Logging containerd to /var/lib/rancher/k3s/agent/containerd/containerd.log
2025-01-30 03:59:34,862 INFO c.h.h.t.OperatorHelmChartContainer - [K3S] [INFO] Running containerd -c /var/lib/rancher/k3s/agent/etc/containerd/config.toml -a /run/k3s/containerd/containerd.sock --state /run/k3s/containerd --root /var/lib/rancher/k3s/agent/containerd
2025-01-30 03:59:34,884 INFO c.h.h.t.OperatorHelmChartContainer - [K3S] [controller.go:145] "Failed to ensure lease exists, will retry" err="namespaces \"kube-system\" not found" interval="200ms"
2025-01-30 03:59:34,897 INFO c.h.h.t.OperatorHelmChartContainer - [K3S] [apf_controller.go:382] Running API Priority and Fairness config worker
2025-01-30 03:59:34,897 INFO c.h.h.t.OperatorHelmChartContainer - [K3S] [apf_controller.go:385] Running API Priority and Fairness periodic rebalancing process
2025-01-30 03:59:34,897 INFO c.h.h.t.OperatorHelmChartContainer - [K3S] [handler_discovery.go:451] Starting ResourceDiscoveryManager
2025-01-30 03:59:34,903 INFO c.h.h.t.OperatorHelmChartContainer - [K3S] [aggregator.go:171] initial CRD sync complete...
2025-01-30 03:59:34,903 INFO c.h.h.t.OperatorHelmChartContainer - [K3S] [autoregister_controller.go:144] Starting autoregister controller
2025-01-30 03:59:34,930 INFO c.h.h.t.OperatorHelmChartContainer - [K3S] [policy_source.go:240] refreshing policies
2025-01-30 03:59:34,950 INFO c.h.h.t.OperatorHelmChartContainer - [K3S] [controller.go:148] "Unhandled Error" err="while syncing ConfigMap \"kube-system/kube-apiserver-legacy-service-account-token-tracking\", err: namespaces \"kube-system\" not found" logger="UnhandledError"
2025-01-30 03:59:34,953 INFO c.h.h.t.OperatorHelmChartContainer - [K3S] [controller.go:95] Unable to perform initial Kubernetes service initialization: namespaces "default" not found
2025-01-30 03:59:35,800 INFO c.h.h.t.OperatorHelmChartContainer - [K3S] [storage_scheduling.go:95] created PriorityClass system-node-critical with value 2000001000
2025-01-30 03:59:35,803 INFO c.h.h.t.OperatorHelmChartContainer - [K3S] [storage_scheduling.go:95] created PriorityClass system-cluster-critical with value 2000000000
2025-01-30 03:59:35,803 INFO c.h.h.t.OperatorHelmChartContainer - [K3S] [storage_scheduling.go:111] all system priority classes are created successfully or already exist.
2025-01-30 03:59:35,866 INFO c.h.h.t.OperatorHelmChartContainer - [K3S] [INFO] containerd is now running
2025-01-30 03:59:35,872 INFO c.h.h.t.OperatorHelmChartContainer - [K3S] [INFO] Creating k3s-cert-monitor event broadcaster
2025-01-30 03:59:35,874 INFO c.h.h.t.OperatorHelmChartContainer - [K3S] [INFO] Running kubelet --cloud-provider=external --config-dir=/var/lib/rancher/k3s/agent/etc/kubelet.conf.d --containerd=/run/k3s/containerd/containerd.sock --hostname-override=63bb116cc43a --kubeconfig=/var/lib/rancher/k3s/agent/kubelet.kubeconfig --node-ip=172.17.0.3 --node-labels=
2025-01-30 03:59:35,874 INFO c.h.h.t.OperatorHelmChartContainer - [K3S] [INFO] Connecting to proxy" url="wss://127.0.0.1:6443/v1-k3s/connect
2025-01-30 03:59:35,879 INFO c.h.h.t.OperatorHelmChartContainer - [K3S] [INFO] Handling backend connection request [63bb116cc43a]
2025-01-30 03:59:35,883 INFO c.h.h.t.OperatorHelmChartContainer - [K3S] [INFO] Remotedialer connected to proxy" url="wss://127.0.0.1:6443/v1-k3s/connect
2025-01-30 03:59:35,979 INFO c.h.h.t.OperatorHelmChartContainer - [K3S] [ERROR] Sending HTTP/1.1 503 response to 127.0.0.1:53398: runtime core not ready
2025-01-30 03:59:36,093 INFO c.h.h.t.OperatorHelmChartContainer - [K3S] [INFO] Running kube-proxy --cluster-cidr=10.42.0.0/16 --conntrack-max-per-core=0 --conntrack-tcp-timeout-close-wait=0s --conntrack-tcp-timeout-established=0s --healthz-bind-address=127.0.0.1 --hostname-override=63bb116cc43a --kubeconfig=/var/lib/rancher/k3s/agent/kubeproxy.kubeconfig --proxy-mode=iptables
2025-01-30 03:59:36,132 INFO c.h.h.t.OperatorHelmChartContainer - [K3S] [server.go:687] "Failed to retrieve node info" err="nodes \"63bb116cc43a\" not found"
2025-01-30 03:59:36,259 INFO c.h.h.t.OperatorHelmChartContainer - [K3S] [alloc.go:330] "allocated clusterIPs" service="default/kubernetes" clusterIPs={"IPv4":"10.43.0.1"}
2025-01-30 03:59:36,265 INFO c.h.h.t.OperatorHelmChartContainer - [K3S] [lease.go:265] Resetting endpoints for master service "kubernetes" to [172.17.0.3]
2025-01-30 03:59:36,701 INFO c.h.h.t.OperatorHelmChartContainer - [K3S] [INFO] Waiting for untainted node
2025-01-30 03:59:36,702 INFO c.h.h.t.OperatorHelmChartContainer - [K3S] [INFO] Kube API server is now running
2025-01-30 03:59:36,702 INFO c.h.h.t.OperatorHelmChartContainer - [K3S] [INFO] ETCD server is now running
2025-01-30 03:59:36,702 INFO c.h.h.t.OperatorHelmChartContainer - [K3S] [INFO] k3s is up and running
2025-01-30 03:59:36,702 INFO c.h.h.t.OperatorHelmChartContainer - [K3S] [INFO] Waiting for cloud-controller-manager privileges to become available
2025-01-30 03:59:36,702 INFO c.h.h.t.OperatorHelmChartContainer - [K3S] [INFO] Creating k3s-supervisor event broadcaster
2025-01-30 03:59:36,708 INFO c.h.h.t.OperatorHelmChartContainer - [K3S] [INFO] Applying CRD addons.k3s.cattle.io
2025-01-30 03:59:36,718 INFO c.h.h.t.OperatorHelmChartContainer - [K3S] [INFO] Applying CRD etcdsnapshotfiles.k3s.cattle.io
2025-01-30 03:59:36,726 INFO c.h.h.t.OperatorHelmChartContainer - [K3S] [INFO] Applying CRD helmcharts.helm.cattle.io
2025-01-30 03:59:36,737 INFO c.h.h.t.OperatorHelmChartContainer - [K3S] [INFO] Applying CRD helmchartconfigs.helm.cattle.io
2025-01-30 03:59:36,749 INFO c.h.h.t.OperatorHelmChartContainer - [K3S] [INFO] Waiting for CRD helmchartconfigs.helm.cattle.io to become available
2025-01-30 03:59:36,880 INFO c.h.h.t.OperatorHelmChartContainer - [K3S] Flag --containerd has been deprecated, This is a cadvisor flag that was mistakenly registered with the Kubelet. Due to legacy concerns, it will follow the standard CLI deprecation timeline before being removed.
2025-01-30 03:59:36,885 INFO c.h.h.t.OperatorHelmChartContainer - [K3S] [server.go:515] "Kubelet version" kubeletVersion="v1.32.1+k3s1"
2025-01-30 03:59:36,885 INFO c.h.h.t.OperatorHelmChartContainer - [K3S] [server.go:517] "Golang settings" GOGC="" GOMAXPROCS="" GOTRACEBACK=""
2025-01-30 03:59:36,886 INFO c.h.h.t.OperatorHelmChartContainer - [K3S] [dynamic_cafile_content.go:161] "Starting controller" name="client-ca-bundle::/var/lib/rancher/k3s/agent/client-ca.crt"
2025-01-30 03:59:36,889 INFO c.h.h.t.OperatorHelmChartContainer - [K3S] [log.go:32] "RuntimeConfig from runtime service failed" err="rpc error: code = Unimplemented desc = method RuntimeConfig not implemented"
2025-01-30 03:59:36,889 INFO c.h.h.t.OperatorHelmChartContainer - [K3S] [server.go:1416] "CRI implementation should be updated to support RuntimeConfig when KubeletCgroupDriverFromCRI feature gate has been enabled. Falling back to using cgroupDriver from kubelet config."
2025-01-30 03:59:36,892 INFO c.h.h.t.OperatorHelmChartContainer - [K3S] [info.go:53] Couldn't collect info from any of the files in "/etc/machine-id,/var/lib/dbus/machine-id"
2025-01-30 03:59:36,893 INFO c.h.h.t.OperatorHelmChartContainer - [K3S] [server.go:767] "--cgroups-per-qos enabled, but --cgroup-root was not specified.  defaulting to /"
2025-01-30 03:59:36,894 INFO c.h.h.t.OperatorHelmChartContainer - [K3S] [server.go:836] "NoSwap is set due to memorySwapBehavior not specified" memorySwapBehavior="" FailSwapOn=false
2025-01-30 03:59:36,894 INFO c.h.h.t.OperatorHelmChartContainer - [K3S] [swap_util.go:115] "Swap is on" /proc/swaps contents=<
2025-01-30 03:59:36,894 INFO c.h.h.t.OperatorHelmChartContainer - [K3S] 	Filename				Type		Size		Used		Priority
2025-01-30 03:59:36,895 INFO c.h.h.t.OperatorHelmChartContainer - [K3S] 	/mnt/swapfile                           file		4194300		0		-2
2025-01-30 03:59:36,895 INFO c.h.h.t.OperatorHelmChartContainer - [K3S]  >
2025-01-30 03:59:36,896 INFO c.h.h.t.OperatorHelmChartContainer - [K3S] [container_manager_linux.go:268] "Container manager verified user specified cgroup-root exists" cgroupRoot=[]
2025-01-30 03:59:36,896 INFO c.h.h.t.OperatorHelmChartContainer - [K3S] [container_manager_linux.go:273] "Creating Container Manager object based on Node Config" nodeConfig={"NodeName":"63bb116cc43a","RuntimeCgroupsName":"","SystemCgroupsName":"","KubeletCgroupsName":"/k3s","KubeletOOMScoreAdj":-999,"ContainerRuntime":"","CgroupsPerQOS":true,"CgroupRoot":"/","CgroupDriver":"cgroupfs","KubeletRootDir":"/var/lib/kubelet","ProtectKernelDefaults":false,"KubeReservedCgroupName":"","SystemReservedCgroupName":"","ReservedSystemCPUs":{},"EnforceNodeAllocatable":{"pods":{}},"KubeReserved":null,"SystemReserved":null,"HardEvictionThresholds":[{"Signal":"imagefs.available","Operator":"LessThan","Value":{"Quantity":null,"Percentage":0.05},"GracePeriod":0,"MinReclaim":null},{"Signal":"nodefs.available","Operator":"LessThan","Value":{"Quantity":null,"Percentage":0.05},"GracePeriod":0,"MinReclaim":null}],"QOSReserved":{},"CPUManagerPolicy":"none","CPUManagerPolicyOptions":null,"TopologyManagerScope":"container","CPUManagerReconcilePeriod":10000000000,"ExperimentalMemoryManagerPolicy":"None","ExperimentalMemoryManagerReservedMemory":null,"PodPidsLimit":-1,"EnforceCPULimits":true,"CPUCFSQuotaPeriod":100000000,"TopologyManagerPolicy":"none","TopologyManagerPolicyOptions":null,"CgroupVersion":2}
2025-01-30 03:59:36,897 INFO c.h.h.t.OperatorHelmChartContainer - [K3S] [topology_manager.go:138] "Creating topology manager with none policy"
2025-01-30 03:59:36,897 INFO c.h.h.t.OperatorHelmChartContainer - [K3S] [container_manager_linux.go:304] "Creating device plugin manager"
2025-01-30 03:59:36,898 INFO c.h.h.t.OperatorHelmChartContainer - [K3S] [state_mem.go:36] "Initialized new in-memory state store"
2025-01-30 03:59:36,898 INFO c.h.h.t.OperatorHelmChartContainer - [K3S] [kubelet.go:446] "Attempting to sync node with API server"
2025-01-30 03:59:36,898 INFO c.h.h.t.OperatorHelmChartContainer - [K3S] [kubelet.go:341] "Adding static pod path" path="/var/lib/rancher/k3s/agent/pod-manifests"
2025-01-30 03:59:36,899 INFO c.h.h.t.OperatorHelmChartContainer - [K3S] [kubelet.go:352] "Adding apiserver pod source"
2025-01-30 03:59:36,899 INFO c.h.h.t.OperatorHelmChartContainer - [K3S] [apiserver.go:42] "Waiting for node sync before watching apiserver pods"
2025-01-30 03:59:36,899 INFO c.h.h.t.OperatorHelmChartContainer - [K3S] [apiserver.go:52] "Watching apiserver"
2025-01-30 03:59:36,903 INFO c.h.h.t.OperatorHelmChartContainer - [K3S] [kuberuntime_manager.go:269] "Container runtime initialized" containerRuntime="containerd" version="v1.7.23-k3s2" apiVersion="v1"
2025-01-30 03:59:36,904 INFO c.h.h.t.OperatorHelmChartContainer - [K3S] [kubelet.go:890] "Not starting ClusterTrustBundle informer because we are in static kubelet mode"
2025-01-30 03:59:36,904 INFO c.h.h.t.OperatorHelmChartContainer - [K3S] [probe.go:272] Flexvolume plugin directory at /usr/libexec/kubernetes/kubelet-plugins/volume/exec/ does not exist. Recreating.
2025-01-30 03:59:36,905 INFO c.h.h.t.OperatorHelmChartContainer - [K3S] [watchdog_linux.go:99] "Systemd watchdog is not enabled"
2025-01-30 03:59:36,906 INFO c.h.h.t.OperatorHelmChartContainer - [K3S] [server.go:1282] "Started kubelet"
2025-01-30 03:59:36,906 INFO c.h.h.t.OperatorHelmChartContainer - [K3S] [server.go:169] "Starting to listen" address="0.0.0.0" port=10250
2025-01-30 03:59:36,907 INFO c.h.h.t.OperatorHelmChartContainer - [K3S] [server.go:208] "Starting to listen read-only" address="0.0.0.0" port=10255
2025-01-30 03:59:36,908 INFO c.h.h.t.OperatorHelmChartContainer - [K3S] [server.go:490] "Adding debug handlers to kubelet server"
2025-01-30 03:59:36,909 INFO c.h.h.t.OperatorHelmChartContainer - [K3S] [ratelimit.go:55] "Setting rate limiting for endpoint" service="podresources" qps=100 burstTokens=10
2025-01-30 03:59:36,909 INFO c.h.h.t.OperatorHelmChartContainer - [K3S] [server.go:243] "Starting to serve the podresources API" endpoint="unix:/var/lib/kubelet/pod-resources/kubelet.sock"
2025-01-30 03:59:36,926 INFO c.h.h.t.OperatorHelmChartContainer - [K3S] [fs_resource_analyzer.go:67] "Starting FS ResourceAnalyzer"
2025-01-30 03:59:36,926 INFO c.h.h.t.OperatorHelmChartContainer - [K3S] [dynamic_serving_content.go:135] "Starting controller" name="kubelet-server-cert-files::/var/lib/rancher/k3s/agent/serving-kubelet.crt::/var/lib/rancher/k3s/agent/serving-kubelet.key"
2025-01-30 03:59:36,926 INFO c.h.h.t.OperatorHelmChartContainer - [K3S] [kubelet.go:1561] "Image garbage collection failed once. Stats initialization may not have completed yet" err="invalid capacity 0 on image filesystem"
2025-01-30 03:59:36,926 INFO c.h.h.t.OperatorHelmChartContainer - [K3S] [kubelet_node_status.go:467] "Error getting the current node from lister" err="node \"63bb116cc43a\" not found"
2025-01-30 03:59:36,927 INFO c.h.h.t.OperatorHelmChartContainer - [K3S] [volume_manager.go:297] "Starting Kubelet Volume Manager"
2025-01-30 03:59:36,927 INFO c.h.h.t.OperatorHelmChartContainer - [K3S] [desired_state_of_world_populator.go:149] "Desired state populator starts to run"
2025-01-30 03:59:36,927 INFO c.h.h.t.OperatorHelmChartContainer - [K3S] [reconciler.go:26] "Reconciler: start to sync state"
2025-01-30 03:59:36,927 INFO c.h.h.t.OperatorHelmChartContainer - [K3S] [factory.go:221] Registration of the systemd container factory successfully
2025-01-30 03:59:36,927 INFO c.h.h.t.OperatorHelmChartContainer - [K3S] [factory.go:219] Registration of the crio container factory failed: Get "http://%2Fvar%2Frun%2Fcrio%2Fcrio.sock/info": dial unix /var/run/crio/crio.sock: connect: no such file or directory
2025-01-30 03:59:36,927 INFO c.h.h.t.OperatorHelmChartContainer - [K3S] [factory.go:221] Registration of the containerd container factory successfully
2025-01-30 03:59:36,927 INFO c.h.h.t.OperatorHelmChartContainer - [K3S] [nodelease.go:49] "Failed to get node when trying to set owner ref to the node lease" err="nodes \"63bb116cc43a\" not found" node="63bb116cc43a"
2025-01-30 03:59:36,940 INFO c.h.h.t.OperatorHelmChartContainer - [K3S] [kubelet_network_linux.go:50] "Initialized iptables rules." protocol="IPv4"
2025-01-30 03:59:36,942 INFO c.h.h.t.OperatorHelmChartContainer - [K3S] [kubelet_network_linux.go:50] "Initialized iptables rules." protocol="IPv6"
2025-01-30 03:59:36,942 INFO c.h.h.t.OperatorHelmChartContainer - [K3S] [status_manager.go:227] "Starting to sync pod status with apiserver"
2025-01-30 03:59:36,942 INFO c.h.h.t.OperatorHelmChartContainer - [K3S] [watchdog_linux.go:127] "Systemd watchdog is not enabled or the interval is invalid, so health checking will not be started."
2025-01-30 03:59:36,942 INFO c.h.h.t.OperatorHelmChartContainer - [K3S] [kubelet.go:2388] "Starting kubelet main sync loop"
2025-01-30 03:59:36,942 INFO c.h.h.t.OperatorHelmChartContainer - [K3S] [kubelet.go:2412] "Skipping pod synchronization" err="[container runtime status check may not have completed yet, PLEG is not healthy: pleg has yet to be successful]"
2025-01-30 03:59:36,945 INFO c.h.h.t.OperatorHelmChartContainer - [K3S] [cpu_manager.go:221] "Starting CPU manager" policy="none"
2025-01-30 03:59:36,945 INFO c.h.h.t.OperatorHelmChartContainer - [K3S] [cpu_manager.go:222] "Reconciling" reconcilePeriod="10s"
2025-01-30 03:59:36,946 INFO c.h.h.t.OperatorHelmChartContainer - [K3S] [state_mem.go:36] "Initialized new in-memory state store"
2025-01-30 03:59:36,946 INFO c.h.h.t.OperatorHelmChartContainer - [K3S] [policy_none.go:49] "None policy: Start"
2025-01-30 03:59:36,948 INFO c.h.h.t.OperatorHelmChartContainer - [K3S] [memory_manager.go:186] "Starting memorymanager" policy="None"
2025-01-30 03:59:36,948 INFO c.h.h.t.OperatorHelmChartContainer - [K3S] [state_mem.go:35] "Initializing new in-memory state store"
2025-01-30 03:59:36,952 INFO c.h.h.t.OperatorHelmChartContainer - [K3S] [manager.go:519] "Failed to read data from checkpoint" checkpoint="kubelet_internal_checkpoint" err="checkpoint is not found"
2025-01-30 03:59:36,952 INFO c.h.h.t.OperatorHelmChartContainer - [K3S] [eviction_manager.go:189] "Eviction manager: starting control loop"
2025-01-30 03:59:36,952 INFO c.h.h.t.OperatorHelmChartContainer - [K3S] [container_log_manager.go:189] "Initializing container log rotate workers" workers=1 monitorPeriod="10s"
2025-01-30 03:59:36,955 INFO c.h.h.t.OperatorHelmChartContainer - [K3S] [plugin_manager.go:118] "Starting Kubelet Plugin Manager"
2025-01-30 03:59:36,956 INFO c.h.h.t.OperatorHelmChartContainer - [K3S] [eviction_manager.go:267] "eviction manager: failed to check if we have separate container filesystem. Ignoring." err="no imagefs label for configured runtime"
2025-01-30 03:59:36,957 INFO c.h.h.t.OperatorHelmChartContainer - [K3S] [eviction_manager.go:292] "Eviction manager: failed to get summary stats" err="failed to get node info: node \"63bb116cc43a\" not found"
2025-01-30 03:59:37,052 INFO c.h.h.t.OperatorHelmChartContainer - [K3S] [kubelet_node_status.go:76] "Attempting to register node" node="63bb116cc43a"
2025-01-30 03:59:37,058 INFO c.h.h.t.OperatorHelmChartContainer - [K3S] [kubelet_node_status.go:79] "Successfully registered node" node="63bb116cc43a"
2025-01-30 03:59:37,059 INFO c.h.h.t.OperatorHelmChartContainer - [K3S] [kubelet_node_status.go:549] "Error updating node status, will retry" err="error getting node \"63bb116cc43a\": node \"63bb116cc43a\" not found"
2025-01-30 03:59:37,063 INFO c.h.h.t.OperatorHelmChartContainer - [K3S] [INFO] Annotations and labels have been set successfully on node: 63bb116cc43a
2025-01-30 03:59:37,063 INFO c.h.h.t.OperatorHelmChartContainer - [K3S] [INFO] Starting flannel with backend vxlan
2025-01-30 03:59:37,106 INFO c.h.h.t.OperatorHelmChartContainer - [K3S] [serving.go:392] Generated self-signed cert in-memory
2025-01-30 03:59:37,117 INFO c.h.h.t.OperatorHelmChartContainer - [K3S] [desired_state_of_world_populator.go:157] "Finished populating initial desired state of world"
2025-01-30 03:59:37,184 INFO c.h.h.t.OperatorHelmChartContainer - [K3S] [server.go:698] "Successfully retrieved node IP(s)" IPs=["172.17.0.3"]
2025-01-30 03:59:37,184 INFO c.h.h.t.OperatorHelmChartContainer - [K3S] [server.go:234] "Kube-proxy configuration may be incomplete or incorrect" err="nodePortAddresses is unset; NodePort connections will be accepted on all local IPs. Consider using `--nodeport-addresses primary`"
2025-01-30 03:59:37,187 INFO c.h.h.t.OperatorHelmChartContainer - [K3S] [server.go:243] "kube-proxy running in dual-stack mode" primary ipFamily="IPv4"
2025-01-30 03:59:37,187 INFO c.h.h.t.OperatorHelmChartContainer - [K3S] [server_linux.go:170] "Using iptables Proxier"
2025-01-30 03:59:37,189 INFO c.h.h.t.OperatorHelmChartContainer - [K3S] [proxier.go:255] "Setting route_localnet=1 to allow node-ports on localhost; to change this either disable iptables.localhostNodePorts (--iptables-localhost-nodeports) or set nodePortAddresses (--nodeport-addresses) to filter loopback addresses"
2025-01-30 03:59:37,194 INFO c.h.h.t.OperatorHelmChartContainer - [K3S] [server.go:497] "Version info" version="v1.32.1+k3s1"
2025-01-30 03:59:37,194 INFO c.h.h.t.OperatorHelmChartContainer - [K3S] [server.go:499] "Golang settings" GOGC="" GOMAXPROCS="" GOTRACEBACK=""
2025-01-30 03:59:37,195 INFO c.h.h.t.OperatorHelmChartContainer - [K3S] [config.go:199] "Starting service config controller"
2025-01-30 03:59:37,195 INFO c.h.h.t.OperatorHelmChartContainer - [K3S] [config.go:105] "Starting endpoint slice config controller"
2025-01-30 03:59:37,196 INFO c.h.h.t.OperatorHelmChartContainer - [K3S] [config.go:329] "Starting node config controller"
2025-01-30 03:59:37,251 INFO c.h.h.t.OperatorHelmChartContainer - [K3S] [INFO] Done waiting for CRD helmchartconfigs.helm.cattle.io to become available
2025-01-30 03:59:37,252 INFO c.h.h.t.OperatorHelmChartContainer - [K3S] [INFO] Writing static file: /var/lib/rancher/k3s/server/static/charts/traefik-crd-27.0.201+up27.0.2.tgz
2025-01-30 03:59:37,252 INFO c.h.h.t.OperatorHelmChartContainer - [K3S] [INFO] Writing static file: /var/lib/rancher/k3s/server/static/charts/traefik-27.0.201+up27.0.2.tgz
2025-01-30 03:59:37,252 INFO c.h.h.t.OperatorHelmChartContainer - [K3S] [INFO] Writing manifest: /var/lib/rancher/k3s/server/manifests/local-storage.yaml
2025-01-30 03:59:37,252 INFO c.h.h.t.OperatorHelmChartContainer - [K3S] [INFO] Writing manifest: /var/lib/rancher/k3s/server/manifests/metrics-server/auth-reader.yaml
2025-01-30 03:59:37,254 INFO c.h.h.t.OperatorHelmChartContainer - [K3S] [INFO] Writing manifest: /var/lib/rancher/k3s/server/manifests/metrics-server/metrics-apiservice.yaml
2025-01-30 03:59:37,254 INFO c.h.h.t.OperatorHelmChartContainer - [K3S] [INFO] Writing manifest: /var/lib/rancher/k3s/server/manifests/metrics-server/metrics-server-deployment.yaml
2025-01-30 03:59:37,254 INFO c.h.h.t.OperatorHelmChartContainer - [K3S] [INFO] Writing manifest: /var/lib/rancher/k3s/server/manifests/metrics-server/metrics-server-service.yaml
2025-01-30 03:59:37,255 INFO c.h.h.t.OperatorHelmChartContainer - [K3S] [INFO] Writing manifest: /var/lib/rancher/k3s/server/manifests/rolebindings.yaml
2025-01-30 03:59:37,255 INFO c.h.h.t.OperatorHelmChartContainer - [K3S] [INFO] Writing manifest: /var/lib/rancher/k3s/server/manifests/ccm.yaml
2025-01-30 03:59:37,255 INFO c.h.h.t.OperatorHelmChartContainer - [K3S] [INFO] Writing manifest: /var/lib/rancher/k3s/server/manifests/coredns.yaml
2025-01-30 03:59:37,255 INFO c.h.h.t.OperatorHelmChartContainer - [K3S] [INFO] Writing manifest: /var/lib/rancher/k3s/server/manifests/runtimes.yaml
2025-01-30 03:59:37,255 INFO c.h.h.t.OperatorHelmChartContainer - [K3S] [INFO] Writing manifest: /var/lib/rancher/k3s/server/manifests/metrics-server/resource-reader.yaml
2025-01-30 03:59:37,255 INFO c.h.h.t.OperatorHelmChartContainer - [K3S] [INFO] Writing manifest: /var/lib/rancher/k3s/server/manifests/metrics-server/aggregated-metrics-reader.yaml
2025-01-30 03:59:37,255 INFO c.h.h.t.OperatorHelmChartContainer - [K3S] [INFO] Writing manifest: /var/lib/rancher/k3s/server/manifests/metrics-server/auth-delegator.yaml
2025-01-30 03:59:37,257 INFO c.h.h.t.OperatorHelmChartContainer - [K3S] [INFO] Starting dynamiclistener CN filter node controller with SANs: [localhost 127.0.0.1 ::1 localhost 63bb116cc43a 172.17.0.3 10.43.0.1 kubernetes kubernetes.default kubernetes.default.svc kubernetes.default.svc.cluster.local]
2025-01-30 03:59:37,257 INFO c.h.h.t.OperatorHelmChartContainer - [K3S] [INFO] Tunnel server egress proxy mode: agent
2025-01-30 03:59:37,263 INFO c.h.h.t.OperatorHelmChartContainer - [K3S] [kubelet_node_status.go:502] "Fast updating node status as it just became ready"
2025-01-30 03:59:37,363 INFO c.h.h.t.OperatorHelmChartContainer - [K3S] [INFO] Starting k3s.cattle.io/v1, Kind=Addon controller
2025-01-30 03:59:37,364 INFO c.h.h.t.OperatorHelmChartContainer - [K3S] [INFO] Creating deploy event broadcaster
2025-01-30 03:59:37,468 INFO c.h.h.t.OperatorHelmChartContainer - [K3S] [INFO] Starting /v1, Kind=Node controller
2025-01-30 03:59:37,468 INFO c.h.h.t.OperatorHelmChartContainer - [K3S] [INFO] Creating helm-controller event broadcaster
2025-01-30 03:59:37,475 INFO c.h.h.t.OperatorHelmChartContainer - [K3S] [controllermanager.go:185] "Starting" version="v1.32.1+k3s1"
2025-01-30 03:59:37,475 INFO c.h.h.t.OperatorHelmChartContainer - [K3S] [controllermanager.go:187] "Golang settings" GOGC="" GOMAXPROCS="" GOTRACEBACK=""
2025-01-30 03:59:37,481 INFO c.h.h.t.OperatorHelmChartContainer - [K3S] [secure_serving.go:213] Serving securely on 127.0.0.1:10257
2025-01-30 03:59:37,487 INFO c.h.h.t.OperatorHelmChartContainer - [K3S] [requestheader_controller.go:180] Starting RequestHeaderAuthRequestController
2025-01-30 03:59:37,487 INFO c.h.h.t.OperatorHelmChartContainer - [K3S] [tlsconfig.go:243] "Starting DynamicServingCertificateController"
2025-01-30 03:59:37,487 INFO c.h.h.t.OperatorHelmChartContainer - [K3S] [configmap_cafile_content.go:205] "Starting controller" name="client-ca::kube-system::extension-apiserver-authentication::client-ca-file"
2025-01-30 03:59:37,487 INFO c.h.h.t.OperatorHelmChartContainer - [K3S] [configmap_cafile_content.go:205] "Starting controller" name="client-ca::kube-system::extension-apiserver-authentication::requestheader-client-ca-file"
2025-01-30 03:59:37,492 INFO c.h.h.t.OperatorHelmChartContainer - [K3S] [INFO] Cluster dns configmap has been set successfully
2025-01-30 03:59:37,499 INFO c.h.h.t.OperatorHelmChartContainer - [K3S] [controllermanager.go:765] "Started controller" controller="serviceaccount-token-controller"
2025-01-30 03:59:37,522 INFO c.h.h.t.OperatorHelmChartContainer - [K3S] [controllermanager.go:765] "Started controller" controller="resourcequota-controller"
2025-01-30 03:59:37,522 INFO c.h.h.t.OperatorHelmChartContainer - [K3S] [resource_quota_controller.go:300] "Starting resource quota controller"
2025-01-30 03:59:37,527 INFO c.h.h.t.OperatorHelmChartContainer - [K3S] [controllermanager.go:765] "Started controller" controller="persistentvolume-protection-controller"
2025-01-30 03:59:37,527 INFO c.h.h.t.OperatorHelmChartContainer - [K3S] [controllermanager.go:717] "Controller is disabled by a feature gate" controller="service-cidr-controller" requiredFeatureGates=["MultiCIDRServiceAllocator"]
2025-01-30 03:59:37,528 INFO c.h.h.t.OperatorHelmChartContainer - [K3S] [pv_protection_controller.go:81] "Starting PV protection controller"
2025-01-30 03:59:37,535 INFO c.h.h.t.OperatorHelmChartContainer - [K3S] [INFO] Starting /v1, Kind=Secret controller
2025-01-30 03:59:37,535 INFO c.h.h.t.OperatorHelmChartContainer - [K3S] [INFO] Starting /v1, Kind=ConfigMap controller
2025-01-30 03:59:37,535 INFO c.h.h.t.OperatorHelmChartContainer - [K3S] [INFO] Starting /v1, Kind=ServiceAccount controller
2025-01-30 03:59:37,537 INFO c.h.h.t.OperatorHelmChartContainer - [K3S] [graph_builder.go:351] "Running" component="GraphBuilder"
2025-01-30 03:59:37,537 INFO c.h.h.t.OperatorHelmChartContainer - [K3S] [controllermanager.go:765] "Started controller" controller="garbage-collector-controller"
2025-01-30 03:59:37,538 INFO c.h.h.t.OperatorHelmChartContainer - [K3S] [controllermanager.go:723] "Skipping a cloud provider controller" controller="service-lb-controller"
2025-01-30 03:59:37,541 INFO c.h.h.t.OperatorHelmChartContainer - [K3S] [INFO] Updating TLS secret for kube-system/k3s-serving (count: 10): map[listener.cattle.io/cn-10.43.0.1:10.43.0.1 listener.cattle.io/cn-127.0.0.1:127.0.0.1 listener.cattle.io/cn-172.17.0.3:172.17.0.3 listener.cattle.io/cn-63bb116cc43a:63bb116cc43a listener.cattle.io/cn-__1-f16284:::1 listener.cattle.io/cn-kubernetes:kubernetes listener.cattle.io/cn-kubernetes.default:kubernetes.default listener.cattle.io/cn-kubernetes.default.svc:kubernetes.default.svc listener.cattle.io/cn-kubernetes.default.svc.cluster.local:kubernetes.default.svc.cluster.local listener.cattle.io/cn-localhost:localhost listener.cattle.io/fingerprint:SHA1=92D2B3AD273A14FB09CE8CDEE87CDDCFEBF65050]
2025-01-30 03:59:37,544 INFO c.h.h.t.OperatorHelmChartContainer - [K3S] [controllermanager.go:765] "Started controller" controller="root-ca-certificate-publisher-controller"
2025-01-30 03:59:37,544 INFO c.h.h.t.OperatorHelmChartContainer - [K3S] [controllermanager.go:717] "Controller is disabled by a feature gate" controller="kube-apiserver-serving-clustertrustbundle-publisher-controller" requiredFeatureGates=["ClusterTrustBundle"]
2025-01-30 03:59:37,544 INFO c.h.h.t.OperatorHelmChartContainer - [K3S] [publisher.go:107] "Starting root CA cert publisher controller"
2025-01-30 03:59:37,546 INFO c.h.h.t.OperatorHelmChartContainer - [K3S] [INFO] Active TLS secret kube-system/k3s-serving (ver=232) (count 10): map[listener.cattle.io/cn-10.43.0.1:10.43.0.1 listener.cattle.io/cn-127.0.0.1:127.0.0.1 listener.cattle.io/cn-172.17.0.3:172.17.0.3 listener.cattle.io/cn-63bb116cc43a:63bb116cc43a listener.cattle.io/cn-__1-f16284:::1 listener.cattle.io/cn-kubernetes:kubernetes listener.cattle.io/cn-kubernetes.default:kubernetes.default listener.cattle.io/cn-kubernetes.default.svc:kubernetes.default.svc listener.cattle.io/cn-kubernetes.default.svc.cluster.local:kubernetes.default.svc.cluster.local listener.cattle.io/cn-localhost:localhost listener.cattle.io/fingerprint:SHA1=92D2B3AD273A14FB09CE8CDEE87CDDCFEBF65050]
2025-01-30 03:59:37,550 INFO c.h.h.t.OperatorHelmChartContainer - [K3S] [controllermanager.go:765] "Started controller" controller="pod-garbage-collector-controller"
2025-01-30 03:59:37,551 INFO c.h.h.t.OperatorHelmChartContainer - [K3S] [gc_controller.go:99] "Starting GC controller"
2025-01-30 03:59:37,562 INFO c.h.h.t.OperatorHelmChartContainer - [K3S] [controllermanager.go:765] "Started controller" controller="namespace-controller"
2025-01-30 03:59:37,562 INFO c.h.h.t.OperatorHelmChartContainer - [K3S] [namespace_controller.go:202] "Starting namespace controller"
2025-01-30 03:59:37,568 INFO c.h.h.t.OperatorHelmChartContainer - [K3S] [controllermanager.go:765] "Started controller" controller="deployment-controller"
2025-01-30 03:59:37,568 INFO c.h.h.t.OperatorHelmChartContainer - [K3S] [deployment_controller.go:173] "Starting controller" controller="deployment"
2025-01-30 03:59:37,586 INFO c.h.h.t.OperatorHelmChartContainer - [K3S] [INFO] Starting helm.cattle.io/v1, Kind=HelmChart controller
2025-01-30 03:59:37,587 INFO c.h.h.t.OperatorHelmChartContainer - [K3S] [INFO] Starting helm.cattle.io/v1, Kind=HelmChartConfig controller
2025-01-30 03:59:37,589 INFO c.h.h.t.OperatorHelmChartContainer - [K3S] [INFO] Starting rbac.authorization.k8s.io/v1, Kind=ClusterRoleBinding controller
2025-01-30 03:59:37,608 INFO c.h.h.t.OperatorHelmChartContainer - [K3S] [INFO] Starting batch/v1, Kind=Job controller
2025-01-30 03:59:37,638 INFO c.h.h.t.OperatorHelmChartContainer - [K3S] [INFO] Updating TLS secret for kube-system/k3s-serving (count: 10): map[listener.cattle.io/cn-10.43.0.1:10.43.0.1 listener.cattle.io/cn-127.0.0.1:127.0.0.1 listener.cattle.io/cn-172.17.0.3:172.17.0.3 listener.cattle.io/cn-63bb116cc43a:63bb116cc43a listener.cattle.io/cn-__1-f16284:::1 listener.cattle.io/cn-kubernetes:kubernetes listener.cattle.io/cn-kubernetes.default:kubernetes.default listener.cattle.io/cn-kubernetes.default.svc:kubernetes.default.svc listener.cattle.io/cn-kubernetes.default.svc.cluster.local:kubernetes.default.svc.cluster.local listener.cattle.io/cn-localhost:localhost listener.cattle.io/fingerprint:SHA1=92D2B3AD273A14FB09CE8CDEE87CDDCFEBF65050]
2025-01-30 03:59:37,653 INFO c.h.h.t.OperatorHelmChartContainer - [K3S] [controllermanager.go:765] "Started controller" controller="persistentvolumeclaim-protection-controller"
2025-01-30 03:59:37,653 INFO c.h.h.t.OperatorHelmChartContainer - [K3S] [pvc_protection_controller.go:168] "Starting PVC protection controller"
2025-01-30 03:59:37,802 INFO c.h.h.t.OperatorHelmChartContainer - [K3S] [controllermanager.go:765] "Started controller" controller="ttl-after-finished-controller"
2025-01-30 03:59:37,803 INFO c.h.h.t.OperatorHelmChartContainer - [K3S] [ttlafterfinished_controller.go:112] "Starting TTL after finished controller"
2025-01-30 03:59:37,953 INFO c.h.h.t.OperatorHelmChartContainer - [K3S] [controllermanager.go:765] "Started controller" controller="taint-eviction-controller"
2025-01-30 03:59:37,954 INFO c.h.h.t.OperatorHelmChartContainer - [K3S] [taint_eviction.go:281] "Starting" controller="taint-eviction-controller"
2025-01-30 03:59:37,954 INFO c.h.h.t.OperatorHelmChartContainer - [K3S] [taint_eviction.go:287] "Sending events to api server"
2025-01-30 03:59:38,103 INFO c.h.h.t.OperatorHelmChartContainer - [K3S] [controllermanager.go:765] "Started controller" controller="clusterrole-aggregation-controller"
2025-01-30 03:59:38,104 INFO c.h.h.t.OperatorHelmChartContainer - [K3S] [clusterroleaggregation_controller.go:194] "Starting ClusterRoleAggregator controller"
2025-01-30 03:59:38,253 INFO c.h.h.t.OperatorHelmChartContainer - [K3S] [controllermanager.go:765] "Started controller" controller="endpointslice-controller"
2025-01-30 03:59:38,253 INFO c.h.h.t.OperatorHelmChartContainer - [K3S] [endpointslice_controller.go:281] "Starting endpoint slice controller"
2025-01-30 03:59:38,409 INFO c.h.h.t.OperatorHelmChartContainer - [K3S] [controllermanager.go:765] "Started controller" controller="job-controller"
2025-01-30 03:59:38,409 INFO c.h.h.t.OperatorHelmChartContainer - [K3S] [job_controller.go:243] "Starting job controller"
2025-01-30 03:59:38,511 INFO c.h.h.t.OperatorHelmChartContainer - [K3S] [INFO] Labels and annotations have been set successfully on node: 63bb116cc43a
2025-01-30 03:59:38,552 INFO c.h.h.t.OperatorHelmChartContainer - [K3S] [controllermanager.go:765] "Started controller" controller="replicaset-controller"
2025-01-30 03:59:38,553 INFO c.h.h.t.OperatorHelmChartContainer - [K3S] [replica_set.go:217] "Starting controller" name="replicaset"
2025-01-30 03:59:38,708 INFO c.h.h.t.OperatorHelmChartContainer - [K3S] [controllermanager.go:765] "Started controller" controller="certificatesigningrequest-signing-controller"
2025-01-30 03:59:38,708 INFO c.h.h.t.OperatorHelmChartContainer - [K3S] [controllermanager.go:723] "Skipping a cloud provider controller" controller="cloud-node-lifecycle-controller"
2025-01-30 03:59:38,708 INFO c.h.h.t.OperatorHelmChartContainer - [K3S] [certificate_controller.go:120] "Starting certificate controller" name="csrsigning-kubelet-serving"
2025-01-30 03:59:38,708 INFO c.h.h.t.OperatorHelmChartContainer - [K3S] [certificate_controller.go:120] "Starting certificate controller" name="csrsigning-kubelet-client"
2025-01-30 03:59:38,708 INFO c.h.h.t.OperatorHelmChartContainer - [K3S] [certificate_controller.go:120] "Starting certificate controller" name="csrsigning-kube-apiserver-client"
2025-01-30 03:59:38,708 INFO c.h.h.t.OperatorHelmChartContainer - [K3S] [certificate_controller.go:120] "Starting certificate controller" name="csrsigning-legacy-unknown"
2025-01-30 03:59:38,708 INFO c.h.h.t.OperatorHelmChartContainer - [K3S] [dynamic_serving_content.go:135] "Starting controller" name="csr-controller::/var/lib/rancher/k3s/server/tls/server-ca.nochain.crt::/var/lib/rancher/k3s/server/tls/server-ca.key"
2025-01-30 03:59:38,708 INFO c.h.h.t.OperatorHelmChartContainer - [K3S] [dynamic_serving_content.go:135] "Starting controller" name="csr-controller::/var/lib/rancher/k3s/server/tls/client-ca.nochain.crt::/var/lib/rancher/k3s/server/tls/client-ca.key"
2025-01-30 03:59:38,708 INFO c.h.h.t.OperatorHelmChartContainer - [K3S] [dynamic_serving_content.go:135] "Starting controller" name="csr-controller::/var/lib/rancher/k3s/server/tls/client-ca.nochain.crt::/var/lib/rancher/k3s/server/tls/client-ca.key"
2025-01-30 03:59:38,708 INFO c.h.h.t.OperatorHelmChartContainer - [K3S] [dynamic_serving_content.go:135] "Starting controller" name="csr-controller::/var/lib/rancher/k3s/server/tls/server-ca.nochain.crt::/var/lib/rancher/k3s/server/tls/server-ca.key"
2025-01-30 03:59:38,852 INFO c.h.h.t.OperatorHelmChartContainer - [K3S] [controllermanager.go:765] "Started controller" controller="persistentvolume-binder-controller"
2025-01-30 03:59:38,853 INFO c.h.h.t.OperatorHelmChartContainer - [K3S] [pv_controller_base.go:308] "Starting persistent volume controller"
2025-01-30 03:59:39,004 INFO c.h.h.t.OperatorHelmChartContainer - [K3S] [controllermanager.go:765] "Started controller" controller="persistentvolume-attach-detach-controller"
2025-01-30 03:59:39,004 INFO c.h.h.t.OperatorHelmChartContainer - [K3S] [controllermanager.go:743] "Warning: skipping controller" controller="storage-version-migrator-controller"
2025-01-30 03:59:39,004 INFO c.h.h.t.OperatorHelmChartContainer - [K3S] [attach_detach_controller.go:338] "Starting attach detach controller"
2025-01-30 03:59:39,153 INFO c.h.h.t.OperatorHelmChartContainer - [K3S] [controllermanager.go:765] "Started controller" controller="daemonset-controller"
2025-01-30 03:59:39,153 INFO c.h.h.t.OperatorHelmChartContainer - [K3S] [daemon_controller.go:294] "Starting daemon sets controller"
2025-01-30 03:59:39,330 INFO c.h.h.t.OperatorHelmChartContainer - [K3S] [event.go:389] "Event occurred" object="63bb116cc43a" fieldPath="" kind="Node" apiVersion="" type="Normal" reason="NodePasswordValidationComplete" message="Deferred node password secret validation complete"
2025-01-30 03:59:39,352 INFO c.h.h.t.OperatorHelmChartContainer - [K3S] [controllermanager.go:765] "Started controller" controller="disruption-controller"
2025-01-30 03:59:39,352 INFO c.h.h.t.OperatorHelmChartContainer - [K3S] [disruption.go:452] "Sending events to api server."
2025-01-30 03:59:39,352 INFO c.h.h.t.OperatorHelmChartContainer - [K3S] [disruption.go:463] "Starting disruption controller"
2025-01-30 03:59:39,372 INFO c.h.h.t.OperatorHelmChartContainer - [K3S] [event.go:389] "Event occurred" object="kube-system/ccm" fieldPath="" kind="Addon" apiVersion="k3s.cattle.io/v1" type="Normal" reason="ApplyingManifest" message="Applying manifest at \"/var/lib/rancher/k3s/server/manifests/ccm.yaml\""
2025-01-30 03:59:39,396 INFO c.h.h.t.OperatorHelmChartContainer - [K3S] [event.go:389] "Event occurred" object="kube-system/ccm" fieldPath="" kind="Addon" apiVersion="k3s.cattle.io/v1" type="Normal" reason="AppliedManifest" message="Applied manifest at \"/var/lib/rancher/k3s/server/manifests/ccm.yaml\""
2025-01-30 03:59:39,406 INFO c.h.h.t.OperatorHelmChartContainer - [K3S] [event.go:389] "Event occurred" object="kube-system/coredns" fieldPath="" kind="Addon" apiVersion="k3s.cattle.io/v1" type="Normal" reason="ApplyingManifest" message="Applying manifest at \"/var/lib/rancher/k3s/server/manifests/coredns.yaml\""
2025-01-30 03:59:39,503 INFO c.h.h.t.OperatorHelmChartContainer - [K3S] [controllermanager.go:765] "Started controller" controller="statefulset-controller"
2025-01-30 03:59:39,503 INFO c.h.h.t.OperatorHelmChartContainer - [K3S] [stateful_set.go:166] "Starting stateful set controller"
2025-01-30 03:59:39,508 INFO c.h.h.t.OperatorHelmChartContainer - [K3S] [alloc.go:330] "allocated clusterIPs" service="kube-system/kube-dns" clusterIPs={"IPv4":"10.43.0.10"}
2025-01-30 03:59:39,508 INFO c.h.h.t.OperatorHelmChartContainer - [K3S] [event.go:389] "Event occurred" object="kube-system/coredns" fieldPath="" kind="Addon" apiVersion="k3s.cattle.io/v1" type="Normal" reason="AppliedManifest" message="Applied manifest at \"/var/lib/rancher/k3s/server/manifests/coredns.yaml\""
2025-01-30 03:59:39,518 INFO c.h.h.t.OperatorHelmChartContainer - [K3S] [event.go:389] "Event occurred" object="kube-system/local-storage" fieldPath="" kind="Addon" apiVersion="k3s.cattle.io/v1" type="Normal" reason="ApplyingManifest" message="Applying manifest at \"/var/lib/rancher/k3s/server/manifests/local-storage.yaml\""
2025-01-30 03:59:39,552 INFO c.h.h.t.OperatorHelmChartContainer - [K3S] [controllermanager.go:765] "Started controller" controller="certificatesigningrequest-cleaner-controller"
2025-01-30 03:59:39,552 INFO c.h.h.t.OperatorHelmChartContainer - [K3S] [controllermanager.go:723] "Skipping a cloud provider controller" controller="node-route-controller"
2025-01-30 03:59:39,552 INFO c.h.h.t.OperatorHelmChartContainer - [K3S] [cleaner.go:83] "Starting CSR cleaner controller"
2025-01-30 03:59:39,607 INFO c.h.h.t.OperatorHelmChartContainer - [K3S] [event.go:389] "Event occurred" object="kube-system/local-storage" fieldPath="" kind="Addon" apiVersion="k3s.cattle.io/v1" type="Normal" reason="AppliedManifest" message="Applied manifest at \"/var/lib/rancher/k3s/server/manifests/local-storage.yaml\""
2025-01-30 03:59:39,612 INFO c.h.h.t.OperatorHelmChartContainer - [K3S] [event.go:389] "Event occurred" object="kube-system/aggregated-metrics-reader" fieldPath="" kind="Addon" apiVersion="k3s.cattle.io/v1" type="Normal" reason="ApplyingManifest" message="Applying manifest at \"/var/lib/rancher/k3s/server/manifests/metrics-server/aggregated-metrics-reader.yaml\""
2025-01-30 03:59:39,680 INFO c.h.h.t.OperatorHelmChartContainer - [K3S] [event.go:389] "Event occurred" object="kube-system/aggregated-metrics-reader" fieldPath="" kind="Addon" apiVersion="k3s.cattle.io/v1" type="Normal" reason="AppliedManifest" message="Applied manifest at \"/var/lib/rancher/k3s/server/manifests/metrics-server/aggregated-metrics-reader.yaml\""
2025-01-30 03:59:39,687 INFO c.h.h.t.OperatorHelmChartContainer - [K3S] [event.go:389] "Event occurred" object="kube-system/auth-delegator" fieldPath="" kind="Addon" apiVersion="k3s.cattle.io/v1" type="Normal" reason="ApplyingManifest" message="Applying manifest at \"/var/lib/rancher/k3s/server/manifests/metrics-server/auth-delegator.yaml\""
2025-01-30 03:59:39,691 INFO c.h.h.t.OperatorHelmChartContainer - [K3S] [event.go:389] "Event occurred" object="kube-system/auth-delegator" fieldPath="" kind="Addon" apiVersion="k3s.cattle.io/v1" type="Normal" reason="AppliedManifest" message="Applied manifest at \"/var/lib/rancher/k3s/server/manifests/metrics-server/auth-delegator.yaml\""
2025-01-30 03:59:39,698 INFO c.h.h.t.OperatorHelmChartContainer - [K3S] [event.go:389] "Event occurred" object="kube-system/auth-reader" fieldPath="" kind="Addon" apiVersion="k3s.cattle.io/v1" type="Normal" reason="ApplyingManifest" message="Applying manifest at \"/var/lib/rancher/k3s/server/manifests/metrics-server/auth-reader.yaml\""
2025-01-30 03:59:39,705 INFO c.h.h.t.OperatorHelmChartContainer - [K3S] [event.go:389] "Event occurred" object="kube-system/auth-reader" fieldPath="" kind="Addon" apiVersion="k3s.cattle.io/v1" type="Normal" reason="AppliedManifest" message="Applied manifest at \"/var/lib/rancher/k3s/server/manifests/metrics-server/auth-reader.yaml\""
2025-01-30 03:59:39,706 INFO c.h.h.t.OperatorHelmChartContainer - [K3S] [range_allocator.go:112] "No Secondary Service CIDR provided. Skipping filtering out secondary service addresses"
2025-01-30 03:59:39,707 INFO c.h.h.t.OperatorHelmChartContainer - [K3S] [controllermanager.go:765] "Started controller" controller="node-ipam-controller"
2025-01-30 03:59:39,707 INFO c.h.h.t.OperatorHelmChartContainer - [K3S] [node_ipam_controller.go:141] "Starting ipam controller"
2025-01-30 03:59:39,713 INFO c.h.h.t.OperatorHelmChartContainer - [K3S] [event.go:389] "Event occurred" object="kube-system/metrics-apiservice" fieldPath="" kind="Addon" apiVersion="k3s.cattle.io/v1" type="Normal" reason="ApplyingManifest" message="Applying manifest at \"/var/lib/rancher/k3s/server/manifests/metrics-server/metrics-apiservice.yaml\""
2025-01-30 03:59:39,721 INFO c.h.h.t.OperatorHelmChartContainer - [K3S] [event.go:389] "Event occurred" object="kube-system/metrics-apiservice" fieldPath="" kind="Addon" apiVersion="k3s.cattle.io/v1" type="Normal" reason="AppliedManifest" message="Applied manifest at \"/var/lib/rancher/k3s/server/manifests/metrics-server/metrics-apiservice.yaml\""
2025-01-30 03:59:39,726 INFO c.h.h.t.OperatorHelmChartContainer - [K3S] [handler_proxy.go:99] no RequestInfo found in the context
2025-01-30 03:59:39,727 INFO c.h.h.t.OperatorHelmChartContainer - [K3S] [controller.go:146] "Unhandled Error" err=<
2025-01-30 03:59:39,727 INFO c.h.h.t.OperatorHelmChartContainer - [K3S] 	, Header: map[Content-Type:[text/plain; charset=utf-8] X-Content-Type-Options:[nosniff]]
2025-01-30 03:59:39,728 INFO c.h.h.t.OperatorHelmChartContainer - [K3S]  >
2025-01-30 03:59:39,729 INFO c.h.h.t.OperatorHelmChartContainer - [K3S] [handler_proxy.go:143] error resolving kube-system/metrics-server: service "metrics-server" not found
2025-01-30 03:59:39,730 INFO c.h.h.t.OperatorHelmChartContainer - [K3S] [event.go:389] "Event occurred" object="kube-system/metrics-server-deployment" fieldPath="" kind="Addon" apiVersion="k3s.cattle.io/v1" type="Normal" reason="ApplyingManifest" message="Applying manifest at \"/var/lib/rancher/k3s/server/manifests/metrics-server/metrics-server-deployment.yaml\""
2025-01-30 03:59:39,746 INFO c.h.h.t.OperatorHelmChartContainer - [K3S] [event.go:389] "Event occurred" object="kube-system/metrics-server-deployment" fieldPath="" kind="Addon" apiVersion="k3s.cattle.io/v1" type="Normal" reason="AppliedManifest" message="Applied manifest at \"/var/lib/rancher/k3s/server/manifests/metrics-server/metrics-server-deployment.yaml\""
2025-01-30 03:59:39,753 INFO c.h.h.t.OperatorHelmChartContainer - [K3S] [event.go:389] "Event occurred" object="kube-system/metrics-server-service" fieldPath="" kind="Addon" apiVersion="k3s.cattle.io/v1" type="Normal" reason="ApplyingManifest" message="Applying manifest at \"/var/lib/rancher/k3s/server/manifests/metrics-server/metrics-server-service.yaml\""
2025-01-30 03:59:39,760 INFO c.h.h.t.OperatorHelmChartContainer - [K3S] [alloc.go:330] "allocated clusterIPs" service="kube-system/metrics-server" clusterIPs={"IPv4":"10.43.151.60"}
2025-01-30 03:59:39,763 INFO c.h.h.t.OperatorHelmChartContainer - [K3S] [event.go:389] "Event occurred" object="kube-system/metrics-server-service" fieldPath="" kind="Addon" apiVersion="k3s.cattle.io/v1" type="Normal" reason="AppliedManifest" message="Applied manifest at \"/var/lib/rancher/k3s/server/manifests/metrics-server/metrics-server-service.yaml\""
2025-01-30 03:59:39,768 INFO c.h.h.t.OperatorHelmChartContainer - [K3S] [handler_proxy.go:99] no RequestInfo found in the context
2025-01-30 03:59:39,768 INFO c.h.h.t.OperatorHelmChartContainer - [K3S] [controller.go:146] "Unhandled Error" err=<
2025-01-30 03:59:39,768 INFO c.h.h.t.OperatorHelmChartContainer - [K3S] 	, Header: map[Content-Type:[text/plain; charset=utf-8] X-Content-Type-Options:[nosniff]]
2025-01-30 03:59:39,768 INFO c.h.h.t.OperatorHelmChartContainer - [K3S]  >
2025-01-30 03:59:39,770 INFO c.h.h.t.OperatorHelmChartContainer - [K3S] [handler_proxy.go:143] error resolving kube-system/metrics-server: endpoints "metrics-server" not found
2025-01-30 03:59:39,771 INFO c.h.h.t.OperatorHelmChartContainer - [K3S] [event.go:389] "Event occurred" object="kube-system/resource-reader" fieldPath="" kind="Addon" apiVersion="k3s.cattle.io/v1" type="Normal" reason="ApplyingManifest" message="Applying manifest at \"/var/lib/rancher/k3s/server/manifests/metrics-server/resource-reader.yaml\""
2025-01-30 03:59:39,794 INFO c.h.h.t.OperatorHelmChartContainer - [K3S] [event.go:389] "Event occurred" object="kube-system/resource-reader" fieldPath="" kind="Addon" apiVersion="k3s.cattle.io/v1" type="Normal" reason="AppliedManifest" message="Applied manifest at \"/var/lib/rancher/k3s/server/manifests/metrics-server/resource-reader.yaml\""
2025-01-30 03:59:39,801 INFO c.h.h.t.OperatorHelmChartContainer - [K3S] [event.go:389] "Event occurred" object="kube-system/rolebindings" fieldPath="" kind="Addon" apiVersion="k3s.cattle.io/v1" type="Normal" reason="ApplyingManifest" message="Applying manifest at \"/var/lib/rancher/k3s/server/manifests/rolebindings.yaml\""
2025-01-30 03:59:39,855 INFO c.h.h.t.OperatorHelmChartContainer - [K3S] [controllermanager.go:765] "Started controller" controller="endpointslice-mirroring-controller"
2025-01-30 03:59:39,857 INFO c.h.h.t.OperatorHelmChartContainer - [K3S] [endpointslicemirroring_controller.go:227] "Starting EndpointSliceMirroring controller"
2025-01-30 03:59:39,913 INFO c.h.h.t.OperatorHelmChartContainer - [K3S] [event.go:389] "Event occurred" object="kube-system/rolebindings" fieldPath="" kind="Addon" apiVersion="k3s.cattle.io/v1" type="Normal" reason="AppliedManifest" message="Applied manifest at \"/var/lib/rancher/k3s/server/manifests/rolebindings.yaml\""
2025-01-30 03:59:39,928 INFO c.h.h.t.OperatorHelmChartContainer - [K3S] [event.go:389] "Event occurred" object="kube-system/runtimes" fieldPath="" kind="Addon" apiVersion="k3s.cattle.io/v1" type="Normal" reason="ApplyingManifest" message="Applying manifest at \"/var/lib/rancher/k3s/server/manifests/runtimes.yaml\""
2025-01-30 03:59:39,982 INFO c.h.h.t.OperatorHelmChartContainer - [K3S] [event.go:389] "Event occurred" object="kube-system/runtimes" fieldPath="" kind="Addon" apiVersion="k3s.cattle.io/v1" type="Normal" reason="AppliedManifest" message="Applied manifest at \"/var/lib/rancher/k3s/server/manifests/runtimes.yaml\""
2025-01-30 03:59:40,006 INFO c.h.h.t.OperatorHelmChartContainer - [K3S] [controllermanager.go:765] "Started controller" controller="replicationcontroller-controller"
2025-01-30 03:59:40,006 INFO c.h.h.t.OperatorHelmChartContainer - [K3S] [replica_set.go:217] "Starting controller" name="replicationcontroller"
2025-01-30 03:59:40,075 INFO c.h.h.t.OperatorHelmChartContainer - [K3S] [serving.go:392] Generated self-signed cert in-memory
2025-01-30 03:59:40,275 INFO c.h.h.t.OperatorHelmChartContainer - [K3S] [serving.go:392] Generated self-signed cert in-memory
2025-01-30 03:59:40,302 INFO c.h.h.t.OperatorHelmChartContainer - [K3S] [controllermanager.go:765] "Started controller" controller="horizontal-pod-autoscaler-controller"
2025-01-30 03:59:40,302 INFO c.h.h.t.OperatorHelmChartContainer - [K3S] [horizontal.go:201] "Starting HPA controller"
2025-01-30 03:59:40,455 INFO c.h.h.t.OperatorHelmChartContainer - [K3S] [controllermanager.go:765] "Started controller" controller="cronjob-controller"
2025-01-30 03:59:40,455 INFO c.h.h.t.OperatorHelmChartContainer - [K3S] [cronjob_controllerv2.go:145] "Starting cronjob controller v2"
2025-01-30 03:59:40,530 INFO c.h.h.t.OperatorHelmChartContainer - [K3S] [controllermanager.go:160] Version: v1.32.1+k3s1
2025-01-30 03:59:40,534 INFO c.h.h.t.OperatorHelmChartContainer - [K3S] [requestheader_controller.go:180] Starting RequestHeaderAuthRequestController
2025-01-30 03:59:40,534 INFO c.h.h.t.OperatorHelmChartContainer - [K3S] [configmap_cafile_content.go:205] "Starting controller" name="client-ca::kube-system::extension-apiserver-authentication::client-ca-file"
2025-01-30 03:59:40,535 INFO c.h.h.t.OperatorHelmChartContainer - [K3S] [configmap_cafile_content.go:205] "Starting controller" name="client-ca::kube-system::extension-apiserver-authentication::requestheader-client-ca-file"
2025-01-30 03:59:40,535 INFO c.h.h.t.OperatorHelmChartContainer - [K3S] [secure_serving.go:213] Serving securely on 127.0.0.1:10258
2025-01-30 03:59:40,535 INFO c.h.h.t.OperatorHelmChartContainer - [K3S] [tlsconfig.go:243] "Starting DynamicServingCertificateController"
2025-01-30 03:59:40,538 INFO c.h.h.t.OperatorHelmChartContainer - [K3S] [INFO] Creating service-lb-controller event broadcaster
2025-01-30 03:59:40,603 INFO c.h.h.t.OperatorHelmChartContainer - [K3S] [controllermanager.go:765] "Started controller" controller="ttl-controller"
2025-01-30 03:59:40,603 INFO c.h.h.t.OperatorHelmChartContainer - [K3S] [controllermanager.go:728] "Warning: controller is disabled" controller="bootstrap-signer-controller"
2025-01-30 03:59:40,604 INFO c.h.h.t.OperatorHelmChartContainer - [K3S] [ttl_controller.go:127] "Starting TTL controller"
2025-01-30 03:59:40,654 INFO c.h.h.t.OperatorHelmChartContainer - [K3S] [INFO] Starting /v1, Kind=Node controller
2025-01-30 03:59:40,661 INFO c.h.h.t.OperatorHelmChartContainer - [K3S] [INFO] Starting /v1, Kind=Pod controller
2025-01-30 03:59:40,662 INFO c.h.h.t.OperatorHelmChartContainer - [K3S] [INFO] Starting apps/v1, Kind=DaemonSet controller
2025-01-30 03:59:40,665 INFO c.h.h.t.OperatorHelmChartContainer - [K3S] [INFO] Starting discovery.k8s.io/v1, Kind=EndpointSlice controller
2025-01-30 03:59:40,666 INFO c.h.h.t.OperatorHelmChartContainer - [K3S] [controllermanager.go:329] Started "cloud-node-controller"
2025-01-30 03:59:40,666 INFO c.h.h.t.OperatorHelmChartContainer - [K3S] [controllermanager.go:329] Started "cloud-node-lifecycle-controller"
2025-01-30 03:59:40,666 INFO c.h.h.t.OperatorHelmChartContainer - [K3S] [node_controller.go:176] Sending events to api server.
2025-01-30 03:59:40,667 INFO c.h.h.t.OperatorHelmChartContainer - [K3S] [node_controller.go:185] Waiting for informer caches to sync
2025-01-30 03:59:40,667 INFO c.h.h.t.OperatorHelmChartContainer - [K3S] [controllermanager.go:329] Started "service-lb-controller"
2025-01-30 03:59:40,667 INFO c.h.h.t.OperatorHelmChartContainer - [K3S] [controllermanager.go:306] "node-route-controller" is disabled
2025-01-30 03:59:40,668 INFO c.h.h.t.OperatorHelmChartContainer - [K3S] [node_lifecycle_controller.go:112] Sending events to api server
2025-01-30 03:59:40,668 INFO c.h.h.t.OperatorHelmChartContainer - [K3S] [controller.go:234] Starting service controller
2025-01-30 03:59:40,721 INFO c.h.h.t.OperatorHelmChartContainer - [K3S] [handler_proxy.go:99] no RequestInfo found in the context
2025-01-30 03:59:40,721 INFO c.h.h.t.OperatorHelmChartContainer - [K3S] [handler_proxy.go:99] no RequestInfo found in the context
2025-01-30 03:59:40,721 INFO c.h.h.t.OperatorHelmChartContainer - [K3S] [controller.go:102] "Unhandled Error" err=<
2025-01-30 03:59:40,721 INFO c.h.h.t.OperatorHelmChartContainer - [K3S] 	, Header: map[Content-Type:[text/plain; charset=utf-8] X-Content-Type-Options:[nosniff]]
2025-01-30 03:59:40,721 INFO c.h.h.t.OperatorHelmChartContainer - [K3S]  >
2025-01-30 03:59:40,752 INFO c.h.h.t.OperatorHelmChartContainer - [K3S] [controllermanager.go:765] "Started controller" controller="token-cleaner-controller"
2025-01-30 03:59:40,753 INFO c.h.h.t.OperatorHelmChartContainer - [K3S] [tokencleaner.go:117] "Starting token cleaner controller"
2025-01-30 03:59:40,767 INFO c.h.h.t.OperatorHelmChartContainer - [K3S] [node_controller.go:429] Initializing node 63bb116cc43a with cloud provider
2025-01-30 03:59:40,771 INFO c.h.h.t.OperatorHelmChartContainer - [K3S] [node_controller.go:474] Successfully initialized node 63bb116cc43a with cloud provider
2025-01-30 03:59:40,771 INFO c.h.h.t.OperatorHelmChartContainer - [K3S] [event.go:389] "Event occurred" object="63bb116cc43a" fieldPath="" kind="Node" apiVersion="v1" type="Normal" reason="Synced" message="Node synced successfully"
2025-01-30 03:59:40,788 INFO c.h.h.t.OperatorHelmChartContainer - [K3S] [INFO] Updated coredns NodeHosts entry for 63bb116cc43a
2025-01-30 03:59:40,882 INFO c.h.h.t.OperatorHelmChartContainer - [K3S] [INFO] Tunnel authorizer set Kubelet Port 0.0.0.0:10250
2025-01-30 03:59:40,908 INFO c.h.h.t.OperatorHelmChartContainer - [K3S] [controllermanager.go:765] "Started controller" controller="persistentvolume-expander-controller"
2025-01-30 03:59:40,908 INFO c.h.h.t.OperatorHelmChartContainer - [K3S] [expand_controller.go:329] "Starting expand controller"
2025-01-30 03:59:41,055 INFO c.h.h.t.OperatorHelmChartContainer - [K3S] [controllermanager.go:765] "Started controller" controller="ephemeral-volume-controller"
2025-01-30 03:59:41,056 INFO c.h.h.t.OperatorHelmChartContainer - [K3S] [controller.go:173] "Starting ephemeral volume controller"
2025-01-30 03:59:41,253 INFO c.h.h.t.OperatorHelmChartContainer - [K3S] [controllermanager.go:765] "Started controller" controller="validatingadmissionpolicy-status-controller"
2025-01-30 03:59:41,273 INFO c.h.h.t.OperatorHelmChartContainer - [K3S] [serving.go:392] Generated self-signed cert in-memory
2025-01-30 03:59:41,403 INFO c.h.h.t.OperatorHelmChartContainer - [K3S] [controllermanager.go:765] "Started controller" controller="serviceaccount-controller"
2025-01-30 03:59:41,403 INFO c.h.h.t.OperatorHelmChartContainer - [K3S] [controllermanager.go:717] "Controller is disabled by a feature gate" controller="storageversion-garbage-collector-controller" requiredFeatureGates=["APIServerIdentity","StorageVersionAPI"]
2025-01-30 03:59:41,403 INFO c.h.h.t.OperatorHelmChartContainer - [K3S] [controllermanager.go:717] "Controller is disabled by a feature gate" controller="resourceclaim-controller" requiredFeatureGates=["DynamicResourceAllocation"]
2025-01-30 03:59:41,403 INFO c.h.h.t.OperatorHelmChartContainer - [K3S] [controllermanager.go:717] "Controller is disabled by a feature gate" controller="selinux-warning-controller" requiredFeatureGates=["SELinuxChangePolicy"]
2025-01-30 03:59:41,403 INFO c.h.h.t.OperatorHelmChartContainer - [K3S] [serviceaccounts_controller.go:114] "Starting service account controller"
2025-01-30 03:59:41,554 INFO c.h.h.t.OperatorHelmChartContainer - [K3S] [controllermanager.go:765] "Started controller" controller="endpoints-controller"
2025-01-30 03:59:41,554 INFO c.h.h.t.OperatorHelmChartContainer - [K3S] [endpoints_controller.go:182] "Starting endpoint controller"
2025-01-30 03:59:41,603 INFO c.h.h.t.OperatorHelmChartContainer - [K3S] [controllermanager.go:765] "Started controller" controller="certificatesigningrequest-approving-controller"
2025-01-30 03:59:41,603 INFO c.h.h.t.OperatorHelmChartContainer - [K3S] [certificate_controller.go:120] "Starting certificate controller" name="csrapproving"
2025-01-30 03:59:41,652 INFO c.h.h.t.OperatorHelmChartContainer - [K3S] [node_lifecycle_controller.go:432] "Controller will reconcile labels"
2025-01-30 03:59:41,653 INFO c.h.h.t.OperatorHelmChartContainer - [K3S] [controllermanager.go:765] "Started controller" controller="node-lifecycle-controller"
2025-01-30 03:59:41,653 INFO c.h.h.t.OperatorHelmChartContainer - [K3S] [controllermanager.go:717] "Controller is disabled by a feature gate" controller="volumeattributesclass-protection-controller" requiredFeatureGates=["VolumeAttributesClass"]
2025-01-30 03:59:41,653 INFO c.h.h.t.OperatorHelmChartContainer - [K3S] [node_lifecycle_controller.go:466] "Sending events to api server"
2025-01-30 03:59:41,653 INFO c.h.h.t.OperatorHelmChartContainer - [K3S] [node_lifecycle_controller.go:477] "Starting node controller"
2025-01-30 03:59:41,803 INFO c.h.h.t.OperatorHelmChartContainer - [K3S] [controllermanager.go:765] "Started controller" controller="legacy-serviceaccount-token-cleaner-controller"
2025-01-30 03:59:41,803 INFO c.h.h.t.OperatorHelmChartContainer - [K3S] [legacy_serviceaccount_token_cleaner.go:103] "Starting legacy service account token cleaner controller"
2025-01-30 03:59:41,826 INFO c.h.h.t.OperatorHelmChartContainer - [K3S] [actual_state_of_world.go:541] "Failed to update statusUpdateNeeded field in actual state of world" err="Failed to set statusUpdateNeeded to needed true, because nodeName=\"63bb116cc43a\" does not exist"
2025-01-30 03:59:41,881 INFO c.h.h.t.OperatorHelmChartContainer - [K3S] [INFO] Started tunnel to 172.17.0.3:6443
2025-01-30 03:59:41,881 INFO c.h.h.t.OperatorHelmChartContainer - [K3S] [INFO] Stopped tunnel to 127.0.0.1:6443
2025-01-30 03:59:41,881 INFO c.h.h.t.OperatorHelmChartContainer - [K3S] [INFO] Connecting to proxy" url="wss://172.17.0.3:6443/v1-k3s/connect
2025-01-30 03:59:41,881 INFO c.h.h.t.OperatorHelmChartContainer - [K3S] [INFO] Proxy done" err="context canceled" url="wss://127.0.0.1:6443/v1-k3s/connect
2025-01-30 03:59:41,881 INFO c.h.h.t.OperatorHelmChartContainer - [K3S] [INFO] error in remotedialer server [400]: websocket: close 1006 (abnormal closure): unexpected EOF
2025-01-30 03:59:41,883 INFO c.h.h.t.OperatorHelmChartContainer - [K3S] [INFO] Handling backend connection request [63bb116cc43a]
2025-01-30 03:59:41,883 INFO c.h.h.t.OperatorHelmChartContainer - [K3S] [INFO] Remotedialer connected to proxy" url="wss://172.17.0.3:6443/v1-k3s/connect
2025-01-30 03:59:41,909 INFO c.h.h.t.OperatorHelmChartContainer - [K3S] [server.go:164] "Starting Kubernetes Scheduler" version="v1.32.1+k3s1"
2025-01-30 03:59:41,909 INFO c.h.h.t.OperatorHelmChartContainer - [K3S] [server.go:166] "Golang settings" GOGC="" GOMAXPROCS="" GOTRACEBACK=""
2025-01-30 03:59:41,910 INFO c.h.h.t.OperatorHelmChartContainer - [K3S] [range_allocator.go:177] "Sending events to api server"
2025-01-30 03:59:41,910 INFO c.h.h.t.OperatorHelmChartContainer - [K3S] [range_allocator.go:183] "Starting range CIDR allocator"
2025-01-30 03:59:41,915 INFO c.h.h.t.OperatorHelmChartContainer - [K3S] [secure_serving.go:213] Serving securely on 127.0.0.1:10259
2025-01-30 03:59:41,915 INFO c.h.h.t.OperatorHelmChartContainer - [K3S] [requestheader_controller.go:180] Starting RequestHeaderAuthRequestController
2025-01-30 03:59:41,915 INFO c.h.h.t.OperatorHelmChartContainer - [K3S] [tlsconfig.go:243] "Starting DynamicServingCertificateController"
2025-01-30 03:59:41,915 INFO c.h.h.t.OperatorHelmChartContainer - [K3S] [configmap_cafile_content.go:205] "Starting controller" name="client-ca::kube-system::extension-apiserver-authentication::client-ca-file"
2025-01-30 03:59:41,916 INFO c.h.h.t.OperatorHelmChartContainer - [K3S] [configmap_cafile_content.go:205] "Starting controller" name="client-ca::kube-system::extension-apiserver-authentication::requestheader-client-ca-file"
2025-01-30 03:59:41,920 INFO c.h.h.t.OperatorHelmChartContainer - [K3S] [INFO] Flannel found PodCIDR assigned for node 63bb116cc43a
2025-01-30 03:59:41,925 INFO c.h.h.t.OperatorHelmChartContainer - [K3S] [range_allocator.go:428] "Set node PodCIDR" node="63bb116cc43a" podCIDRs=["10.42.0.0/24"]
2025-01-30 03:59:41,925 INFO c.h.h.t.OperatorHelmChartContainer - [K3S] [range_allocator.go:247] "Successfully synced" key="63bb116cc43a"
2025-01-30 03:59:41,925 INFO c.h.h.t.OperatorHelmChartContainer - [K3S] [range_allocator.go:247] "Successfully synced" key="63bb116cc43a"
2025-01-30 03:59:41,932 INFO c.h.h.t.OperatorHelmChartContainer - [K3S] [INFO] The interface eth0 with ipv4 address 172.17.0.3 will be used by flannel
2025-01-30 03:59:41,933 INFO c.h.h.t.OperatorHelmChartContainer - [K3S] [kube.go:139] Waiting 10m0s for node controller to sync
2025-01-30 03:59:41,933 INFO c.h.h.t.OperatorHelmChartContainer - [K3S] [kube.go:469] Starting kube subnet manager
2025-01-30 03:59:42,012 INFO c.h.h.t.OperatorHelmChartContainer - [K3S] [range_allocator.go:247] "Successfully synced" key="63bb116cc43a"
2025-01-30 03:59:42,040 INFO c.h.h.t.OperatorHelmChartContainer - [K3S] [INFO] Starting network policy controller version v2.2.1, built on 2025-01-28T18:27:08Z, go1.23.4
2025-01-30 03:59:42,041 INFO c.h.h.t.OperatorHelmChartContainer - [K3S] [network_policy_controller.go:164] Starting network policy controller
2025-01-30 03:59:42,059 INFO c.h.h.t.OperatorHelmChartContainer - [K3S] [node_lifecycle_controller.go:1234] "Initializing eviction metric for zone" zone=""
2025-01-30 03:59:42,059 INFO c.h.h.t.OperatorHelmChartContainer - [K3S] [node_lifecycle_controller.go:886] "Missing timestamp for Node. Assuming now as a timestamp" node="63bb116cc43a"
2025-01-30 03:59:42,060 INFO c.h.h.t.OperatorHelmChartContainer - [K3S] [node_lifecycle_controller.go:1080] "Controller detected that zone is now in new state" zone="" newState="Normal"
2025-01-30 03:59:42,066 INFO c.h.h.t.OperatorHelmChartContainer - [K3S] [range_allocator.go:247] "Successfully synced" key="63bb116cc43a"
2025-01-30 03:59:42,085 INFO c.h.h.t.OperatorHelmChartContainer - [K3S] [network_policy_controller.go:176] Starting network policy controller full sync goroutine
2025-01-30 03:59:42,559 INFO c.h.h.t.OperatorHelmChartContainer - [K3S] [handler_proxy.go:99] no RequestInfo found in the context
2025-01-30 03:59:42,559 INFO c.h.h.t.OperatorHelmChartContainer - [K3S] [controller.go:146] "Unhandled Error" err=<
2025-01-30 03:59:42,559 INFO c.h.h.t.OperatorHelmChartContainer - [K3S] 	, Header: map[Content-Type:[text/plain; charset=utf-8] X-Content-Type-Options:[nosniff]]
2025-01-30 03:59:42,559 INFO c.h.h.t.OperatorHelmChartContainer - [K3S]  >
2025-01-30 03:59:42,560 INFO c.h.h.t.OperatorHelmChartContainer - [K3S] [handler_proxy.go:143] error resolving kube-system/metrics-server: no endpoints available for service "metrics-server"
2025-01-30 03:59:42,722 INFO c.h.h.t.OperatorHelmChartContainer - [K3S] [replica_set.go:679] "Finished syncing" kind="ReplicaSet" key="kube-system/local-path-provisioner-698b58967b" duration="511.93103ms"
2025-01-30 03:59:42,731 INFO c.h.h.t.OperatorHelmChartContainer - [K3S] [replica_set.go:679] "Finished syncing" kind="ReplicaSet" key="kube-system/local-path-provisioner-698b58967b" duration="8.939582ms"
2025-01-30 03:59:42,731 INFO c.h.h.t.OperatorHelmChartContainer - [K3S] [replica_set.go:679] "Finished syncing" kind="ReplicaSet" key="kube-system/coredns-ff8999cc5" duration="520.762424ms"
2025-01-30 03:59:42,731 INFO c.h.h.t.OperatorHelmChartContainer - [K3S] [replica_set.go:679] "Finished syncing" kind="ReplicaSet" key="kube-system/local-path-provisioner-698b58967b" duration="23.434µs"
2025-01-30 03:59:42,741 INFO c.h.h.t.OperatorHelmChartContainer - [K3S] [replica_set.go:679] "Finished syncing" kind="ReplicaSet" key="kube-system/metrics-server-8584b5786c" duration="527.183181ms"
2025-01-30 03:59:42,748 INFO c.h.h.t.OperatorHelmChartContainer - [K3S] [replica_set.go:679] "Finished syncing" kind="ReplicaSet" key="kube-system/metrics-server-8584b5786c" duration="7.908539ms"
2025-01-30 03:59:42,748 INFO c.h.h.t.OperatorHelmChartContainer - [K3S] [replica_set.go:679] "Finished syncing" kind="ReplicaSet" key="kube-system/metrics-server-8584b5786c" duration="24.956µs"
2025-01-30 03:59:42,748 INFO c.h.h.t.OperatorHelmChartContainer - [K3S] [replica_set.go:679] "Finished syncing" kind="ReplicaSet" key="kube-system/metrics-server-8584b5786c" duration="19.306µs"
2025-01-30 03:59:42,750 INFO c.h.h.t.OperatorHelmChartContainer - [K3S] [replica_set.go:679] "Finished syncing" kind="ReplicaSet" key="kube-system/metrics-server-8584b5786c" duration="28.062µs"
2025-01-30 03:59:42,751 INFO c.h.h.t.OperatorHelmChartContainer - [K3S] [replica_set.go:679] "Finished syncing" kind="ReplicaSet" key="kube-system/coredns-ff8999cc5" duration="20.746173ms"
2025-01-30 03:59:42,754 INFO c.h.h.t.OperatorHelmChartContainer - [K3S] [replica_set.go:679] "Finished syncing" kind="ReplicaSet" key="kube-system/coredns-ff8999cc5" duration="25.418µs"
2025-01-30 03:59:42,754 INFO c.h.h.t.OperatorHelmChartContainer - [K3S] [replica_set.go:679] "Finished syncing" kind="ReplicaSet" key="kube-system/coredns-ff8999cc5" duration="30.947µs"
2025-01-30 03:59:42,755 INFO c.h.h.t.OperatorHelmChartContainer - [K3S] [reconciler_common.go:251] "operationExecutor.VerifyControllerAttachedVolume started for volume \"tmp-dir\" (UniqueName: \"kubernetes.io/empty-dir/2cddd32a-b737-48f4-9d89-89c090831f45-tmp-dir\") pod \"metrics-server-8584b5786c-96bjd\" (UID: \"2cddd32a-b737-48f4-9d89-89c090831f45\") " pod="kube-system/metrics-server-8584b5786c-96bjd"
2025-01-30 03:59:42,755 INFO c.h.h.t.OperatorHelmChartContainer - [K3S] [reconciler_common.go:251] "operationExecutor.VerifyControllerAttachedVolume started for volume \"kube-api-access-h7vfd\" (UniqueName: \"kubernetes.io/projected/2cddd32a-b737-48f4-9d89-89c090831f45-kube-api-access-h7vfd\") pod \"metrics-server-8584b5786c-96bjd\" (UID: \"2cddd32a-b737-48f4-9d89-89c090831f45\") " pod="kube-system/metrics-server-8584b5786c-96bjd"
2025-01-30 03:59:42,755 INFO c.h.h.t.OperatorHelmChartContainer - [K3S] [reconciler_common.go:251] "operationExecutor.VerifyControllerAttachedVolume started for volume \"config-volume\" (UniqueName: \"kubernetes.io/configmap/ba7d0f8e-93db-4f7a-a4ca-e042e28be7e0-config-volume\") pod \"coredns-ff8999cc5-7jp8p\" (UID: \"ba7d0f8e-93db-4f7a-a4ca-e042e28be7e0\") " pod="kube-system/coredns-ff8999cc5-7jp8p"
2025-01-30 03:59:42,755 INFO c.h.h.t.OperatorHelmChartContainer - [K3S] [reconciler_common.go:251] "operationExecutor.VerifyControllerAttachedVolume started for volume \"custom-config-volume\" (UniqueName: \"kubernetes.io/configmap/ba7d0f8e-93db-4f7a-a4ca-e042e28be7e0-custom-config-volume\") pod \"coredns-ff8999cc5-7jp8p\" (UID: \"ba7d0f8e-93db-4f7a-a4ca-e042e28be7e0\") " pod="kube-system/coredns-ff8999cc5-7jp8p"
2025-01-30 03:59:42,755 INFO c.h.h.t.OperatorHelmChartContainer - [K3S] [reconciler_common.go:251] "operationExecutor.VerifyControllerAttachedVolume started for volume \"kube-api-access-npdp2\" (UniqueName: \"kubernetes.io/projected/ba7d0f8e-93db-4f7a-a4ca-e042e28be7e0-kube-api-access-npdp2\") pod \"coredns-ff8999cc5-7jp8p\" (UID: \"ba7d0f8e-93db-4f7a-a4ca-e042e28be7e0\") " pod="kube-system/coredns-ff8999cc5-7jp8p"
2025-01-30 03:59:42,756 INFO c.h.h.t.OperatorHelmChartContainer - [K3S] [reconciler_common.go:251] "operationExecutor.VerifyControllerAttachedVolume started for volume \"config-volume\" (UniqueName: \"kubernetes.io/configmap/4e7ca9e5-4ee7-4f78-be73-c5e8df7a433c-config-volume\") pod \"local-path-provisioner-698b58967b-76wsg\" (UID: \"4e7ca9e5-4ee7-4f78-be73-c5e8df7a433c\") " pod="kube-system/local-path-provisioner-698b58967b-76wsg"
2025-01-30 03:59:42,756 INFO c.h.h.t.OperatorHelmChartContainer - [K3S] [reconciler_common.go:251] "operationExecutor.VerifyControllerAttachedVolume started for volume \"kube-api-access-kql7f\" (UniqueName: \"kubernetes.io/projected/4e7ca9e5-4ee7-4f78-be73-c5e8df7a433c-kube-api-access-kql7f\") pod \"local-path-provisioner-698b58967b-76wsg\" (UID: \"4e7ca9e5-4ee7-4f78-be73-c5e8df7a433c\") " pod="kube-system/local-path-provisioner-698b58967b-76wsg"
2025-01-30 03:59:42,763 INFO c.h.h.t.OperatorHelmChartContainer - [K3S] [replica_set.go:679] "Finished syncing" kind="ReplicaSet" key="kube-system/coredns-ff8999cc5" duration="30.978µs"
2025-01-30 03:59:42,768 INFO c.h.h.t.OperatorHelmChartContainer - [K3S] [replica_set.go:679] "Finished syncing" kind="ReplicaSet" key="kube-system/local-path-provisioner-698b58967b" duration="27.662µs"
2025-01-30 03:59:42,934 INFO c.h.h.t.OperatorHelmChartContainer - [K3S] [kube.go:146] Node controller sync successful
2025-01-30 03:59:42,934 INFO c.h.h.t.OperatorHelmChartContainer - [K3S] [vxlan.go:141] VXLAN config: VNI=1 Port=0 GBP=false Learning=false DirectRouting=false
2025-01-30 03:59:42,936 INFO c.h.h.t.OperatorHelmChartContainer - [K3S] [kube.go:636] List of node(63bb116cc43a) annotations: map[string]string{"alpha.kubernetes.io/provided-node-ip":"172.17.0.3", "k3s.io/hostname":"63bb116cc43a", "k3s.io/internal-ip":"172.17.0.3", "k3s.io/node-args":"[\"server\",\"--disable\",\"traefik\",\"--tls-san\",\"localhost\"]", "k3s.io/node-config-hash":"JO7YSLDHXFTIIPZLLVI7GVGPULZK5EY6PYXUBKR6RNNG4QMX5FBQ====", "k3s.io/node-env":"{}", "node.alpha.kubernetes.io/ttl":"0", "volumes.kubernetes.io/controller-managed-attach-detach":"true"}
2025-01-30 03:59:42,941 INFO c.h.h.t.OperatorHelmChartContainer - [K3S] [iptables.go:51] Starting flannel in iptables mode...
2025-01-30 03:59:42,941 INFO c.h.h.t.OperatorHelmChartContainer - [K3S] [WARNING] no subnet found for key: FLANNEL_NETWORK in file: /run/flannel/subnet.env
2025-01-30 03:59:42,941 INFO c.h.h.t.OperatorHelmChartContainer - [K3S] [WARNING] no subnet found for key: FLANNEL_SUBNET in file: /run/flannel/subnet.env
2025-01-30 03:59:42,942 INFO c.h.h.t.OperatorHelmChartContainer - [K3S] [WARNING] no subnet found for key: FLANNEL_IPV6_NETWORK in file: /run/flannel/subnet.env
2025-01-30 03:59:42,942 INFO c.h.h.t.OperatorHelmChartContainer - [K3S] [WARNING] no subnet found for key: FLANNEL_IPV6_SUBNET in file: /run/flannel/subnet.env
2025-01-30 03:59:42,942 INFO c.h.h.t.OperatorHelmChartContainer - [K3S] [iptables.go:115] Current network or subnet (10.42.0.0/16, 10.42.0.0/24) is not equal to previous one (0.0.0.0/0, 0.0.0.0/0), trying to recycle old iptables rules
2025-01-30 03:59:42,942 INFO c.h.h.t.OperatorHelmChartContainer - [K3S] [range_allocator.go:247] "Successfully synced" key="63bb116cc43a"
2025-01-30 03:59:42,942 INFO c.h.h.t.OperatorHelmChartContainer - [K3S] [kube.go:490] Creating the node lease for IPv4. This is the n.Spec.PodCIDRs: [10.42.0.0/24]
2025-01-30 03:59:42,948 INFO c.h.h.t.OperatorHelmChartContainer - [K3S] [iptables.go:125] Setting up masking rules
2025-01-30 03:59:42,951 INFO c.h.h.t.OperatorHelmChartContainer - [K3S] [iptables.go:226] Changing default FORWARD chain policy to ACCEPT
2025-01-30 03:59:42,953 INFO c.h.h.t.OperatorHelmChartContainer - [K3S] [INFO] Wrote flannel subnet file to /run/flannel/subnet.env
2025-01-30 03:59:42,953 INFO c.h.h.t.OperatorHelmChartContainer - [K3S] [INFO] Running flannel backend.
2025-01-30 03:59:42,953 INFO c.h.h.t.OperatorHelmChartContainer - [K3S] [vxlan_network.go:65] watching for new subnet leases
2025-01-30 03:59:42,962 INFO c.h.h.t.OperatorHelmChartContainer - [K3S] [iptables.go:372] bootstrap done
2025-01-30 03:59:42,967 INFO c.h.h.t.OperatorHelmChartContainer - [K3S] [iptables.go:372] bootstrap done
2025-01-30 03:59:43,561 INFO c.h.h.t.OperatorHelmChartContainer - [K3S] [handler_proxy.go:99] no RequestInfo found in the context
2025-01-30 03:59:43,562 INFO c.h.h.t.OperatorHelmChartContainer - [K3S] [handler_proxy.go:99] no RequestInfo found in the context
2025-01-30 03:59:43,562 INFO c.h.h.t.OperatorHelmChartContainer - [K3S] [controller.go:102] "Unhandled Error" err=<
2025-01-30 03:59:43,562 INFO c.h.h.t.OperatorHelmChartContainer - [K3S] 	, Header: map[Content-Type:[text/plain; charset=utf-8] X-Content-Type-Options:[nosniff]]
2025-01-30 03:59:43,562 INFO c.h.h.t.OperatorHelmChartContainer - [K3S]  >
2025-01-30 03:59:46,008 INFO c.h.h.t.OperatorHelmChartContainer - [K3S] [replica_set.go:679] "Finished syncing" kind="ReplicaSet" key="kube-system/metrics-server-8584b5786c" duration="46.116µs"
2025-01-30 03:59:46,032 INFO c.h.h.t.OperatorHelmChartContainer - [K3S] [replica_set.go:679] "Finished syncing" kind="ReplicaSet" key="kube-system/local-path-provisioner-698b58967b" duration="9.318271ms"
2025-01-30 03:59:46,033 INFO c.h.h.t.OperatorHelmChartContainer - [K3S] [replica_set.go:679] "Finished syncing" kind="ReplicaSet" key="kube-system/local-path-provisioner-698b58967b" duration="37.731µs"
2025-01-30 03:59:47,024 INFO c.h.h.t.OperatorHelmChartContainer - [K3S] [replica_set.go:679] "Finished syncing" kind="ReplicaSet" key="kube-system/coredns-ff8999cc5" duration="36.117µs"
2025-01-30 03:59:47,244 INFO c.h.h.t.OperatorHelmChartContainer - [K3S] [kuberuntime_manager.go:1702] "Updating runtime config through cri with podcidr" CIDR="10.42.0.0/24"
2025-01-30 03:59:47,245 INFO c.h.h.t.OperatorHelmChartContainer - [K3S] [kubelet_network.go:61] "Updating Pod CIDR" originalPodCIDR="" newPodCIDR="10.42.0.0/24"
2025-01-30 03:59:47,253 INFO c.h.h.t.OperatorHelmChartContainer - [K3S] [range_allocator.go:247] "Successfully synced" key="63bb116cc43a"
2025-01-30 03:59:48,028 INFO c.h.h.t.OperatorHelmChartContainer - [K3S] [replica_set.go:679] "Finished syncing" kind="ReplicaSet" key="kube-system/coredns-ff8999cc5" duration="7.408126ms"
2025-01-30 03:59:48,028 INFO c.h.h.t.OperatorHelmChartContainer - [K3S] [replica_set.go:679] "Finished syncing" kind="ReplicaSet" key="kube-system/coredns-ff8999cc5" duration="35.706µs"
2025-01-30 03:59:59,729 INFO c.h.h.t.OperatorHelmChartContainer - [K3S] [alloc.go:330] "allocated clusterIPs" service="default/local-hivemq-hivemq-operator-operator" clusterIPs={"IPv4":"10.43.97.53"}
2025-01-30 03:59:59,777 INFO c.h.h.t.OperatorHelmChartContainer - [K3S] [replica_set.go:679] "Finished syncing" kind="ReplicaSet" key="default/local-hivemq-hivemq-operator-operator-6b564f6db4" duration="38.133017ms"
2025-01-30 03:59:59,788 INFO c.h.h.t.OperatorHelmChartContainer - [K3S] [replica_set.go:679] "Finished syncing" kind="ReplicaSet" key="default/local-hivemq-hivemq-operator-operator-6b564f6db4" duration="11.508481ms"
2025-01-30 03:59:59,788 INFO c.h.h.t.OperatorHelmChartContainer - [K3S] [replica_set.go:679] "Finished syncing" kind="ReplicaSet" key="default/local-hivemq-hivemq-operator-operator-6b564f6db4" duration="28.353µs"
2025-01-30 03:59:59,796 INFO c.h.h.t.OperatorHelmChartContainer - [K3S] [replica_set.go:679] "Finished syncing" kind="ReplicaSet" key="default/local-hivemq-hivemq-operator-operator-6b564f6db4" duration="26.158µs"
2025-01-30 03:59:59,840 DEBUG c.h.h.t.OperatorHelmChartContainer - Chart 'local-hivemq' installed or upgraded
2025-01-30 03:59:59,968 INFO c.h.h.t.OperatorHelmChartContainer - [K3S] [reconciler_common.go:251] "operationExecutor.VerifyControllerAttachedVolume started for volume \"templates\" (UniqueName: \"kubernetes.io/configmap/981ebd8e-a3a5-462f-90d0-8534bf062793-templates\") pod \"local-hivemq-hivemq-operator-operator-6b564f6db4-7zgbh\" (UID: \"981ebd8e-a3a5-462f-90d0-8534bf062793\") " pod="default/local-hivemq-hivemq-operator-operator-6b564f6db4-7zgbh"
2025-01-30 03:59:59,969 INFO c.h.h.t.OperatorHelmChartContainer - [K3S] [reconciler_common.go:251] "operationExecutor.VerifyControllerAttachedVolume started for volume \"kube-api-access-d64rk\" (UniqueName: \"kubernetes.io/projected/981ebd8e-a3a5-462f-90d0-8534bf062793-kube-api-access-d64rk\") pod \"local-hivemq-hivemq-operator-operator-6b564f6db4-7zgbh\" (UID: \"981ebd8e-a3a5-462f-90d0-8534bf062793\") " pod="default/local-hivemq-hivemq-operator-operator-6b564f6db4-7zgbh"
2025-01-30 04:00:01,057 INFO c.h.h.t.OperatorHelmChartContainer - [K3S] [replica_set.go:679] "Finished syncing" kind="ReplicaSet" key="default/local-hivemq-hivemq-operator-operator-6b564f6db4" duration="12.060326ms"
2025-01-30 04:00:01,058 INFO c.h.h.t.OperatorHelmChartContainer - [K3S] [replica_set.go:679] "Finished syncing" kind="ReplicaSet" key="default/local-hivemq-hivemq-operator-operator-6b564f6db4" duration="39.834µs"
2025-01-30 04:00:04,044 INFO c.h.h.t.OperatorHelmChartContainer - [K3S] [replica_set.go:679] "Finished syncing" kind="ReplicaSet" key="kube-system/metrics-server-8584b5786c" duration="10.110226ms"
2025-01-30 04:00:04,047 INFO c.h.h.t.OperatorHelmChartContainer - [K3S] [replica_set.go:679] "Finished syncing" kind="ReplicaSet" key="kube-system/metrics-server-8584b5786c" duration="32.942µs"
2025-01-30 04:00:07,413 INFO c.h.h.t.OperatorHelmChartContainer - [K3S] [alloc.go:330] "allocated clusterIPs" service="default/hivemq-local-hivemq-cc" clusterIPs={"IPv4":"10.43.47.252"}
2025-01-30 04:00:07,439 INFO c.h.h.t.OperatorHelmChartContainer - [K3S] [alloc.go:330] "allocated clusterIPs" service="default/hivemq-local-hivemq-mqtt" clusterIPs={"IPv4":"10.43.110.137"}
2025-01-30 04:00:07,442 INFO c.h.h.t.OperatorHelmChartContainer - [K3S] [event.go:389] "Event occurred" object="default/hivemq-local-hivemq-mqtt" fieldPath="" kind="Service" apiVersion="v1" type="Normal" reason="EnsuringLoadBalancer" message="Ensuring load balancer"
2025-01-30 04:00:07,514 INFO c.h.h.t.OperatorHelmChartContainer - [K3S] [event.go:389] "Event occurred" object="default/hivemq-local-hivemq-mqtt" fieldPath="" kind="Service" apiVersion="v1" type="Normal" reason="AppliedDaemonSet" message="Applied LoadBalancer DaemonSet kube-system/svclb-hivemq-local-hivemq-mqtt-cc9af9ca"
2025-01-30 04:00:07,557 INFO c.h.h.t.OperatorHelmChartContainer - [K3S] [range_allocator.go:247] "Successfully synced" key="63bb116cc43a"
2025-01-30 04:00:09,062 INFO c.h.h.t.OperatorHelmChartContainer - [K3S] [event.go:389] "Event occurred" object="default/hivemq-local-hivemq-mqtt" fieldPath="" kind="Service" apiVersion="v1" type="Normal" reason="UpdatedLoadBalancer" message="Updated LoadBalancer with new IPs: [] -> [172.17.0.3]"
2025-01-30 04:00:09,175 DEBUG com.hivemq.helmcharts.util.K8sUtil - State to compare Pending and waiting for Running
2025-01-30 04:00:09,447 DEBUG com.hivemq.helmcharts.util.K8sUtil - State to compare Pending and waiting for Running
2025-01-30 04:00:10,442 DEBUG com.hivemq.helmcharts.util.K8sUtil - State to compare Pending and waiting for Running
2025-01-30 04:00:10,655 DEBUG com.hivemq.helmcharts.util.K8sUtil - State to compare Pending and waiting for Running
2025-01-30 04:00:11,061 DEBUG com.hivemq.helmcharts.util.K8sUtil - State to compare Updating and waiting for Running
2025-01-30 04:00:11,465 INFO c.h.h.t.OperatorHelmChartContainer - [K3S] [replica_set.go:679] "Finished syncing" kind="ReplicaSet" key="default/local-hivemq-6f4d548d79" duration="17.139541ms"
2025-01-30 04:00:11,481 INFO c.h.h.t.OperatorHelmChartContainer - [K3S] [replica_set.go:679] "Finished syncing" kind="ReplicaSet" key="default/local-hivemq-6f4d548d79" duration="16.082364ms"
2025-01-30 04:00:11,495 INFO c.h.h.t.OperatorHelmChartContainer - [K3S] [replica_set.go:679] "Finished syncing" kind="ReplicaSet" key="default/local-hivemq-6f4d548d79" duration="14.041298ms"
2025-01-30 04:00:11,495 INFO c.h.h.t.OperatorHelmChartContainer - [K3S] [replica_set.go:679] "Finished syncing" kind="ReplicaSet" key="default/local-hivemq-6f4d548d79" duration="40.105µs"
2025-01-30 04:00:11,550 DEBUG com.hivemq.helmcharts.util.K8sUtil - State to compare Updating and waiting for Running
2025-01-30 04:00:11,650 INFO c.h.h.t.OperatorHelmChartContainer - [K3S] [reconciler_common.go:251] "operationExecutor.VerifyControllerAttachedVolume started for volume \"shared-data\" (UniqueName: \"kubernetes.io/empty-dir/a9b0f57c-a5e4-4676-a469-1b29ebac0fe2-shared-data\") pod \"local-hivemq-6f4d548d79-9mt2j\" (UID: \"a9b0f57c-a5e4-4676-a469-1b29ebac0fe2\") " pod="default/local-hivemq-6f4d548d79-9mt2j"
2025-01-30 04:00:11,651 INFO c.h.h.t.OperatorHelmChartContainer - [K3S] [reconciler_common.go:251] "operationExecutor.VerifyControllerAttachedVolume started for volume \"heap-dumps\" (UniqueName: \"kubernetes.io/empty-dir/a9b0f57c-a5e4-4676-a469-1b29ebac0fe2-heap-dumps\") pod \"local-hivemq-6f4d548d79-9mt2j\" (UID: \"a9b0f57c-a5e4-4676-a469-1b29ebac0fe2\") " pod="default/local-hivemq-6f4d548d79-9mt2j"
2025-01-30 04:00:11,651 INFO c.h.h.t.OperatorHelmChartContainer - [K3S] [reconciler_common.go:251] "operationExecutor.VerifyControllerAttachedVolume started for volume \"dns-wait-config\" (UniqueName: \"kubernetes.io/configmap/a9b0f57c-a5e4-4676-a469-1b29ebac0fe2-dns-wait-config\") pod \"local-hivemq-6f4d548d79-9mt2j\" (UID: \"a9b0f57c-a5e4-4676-a469-1b29ebac0fe2\") " pod="default/local-hivemq-6f4d548d79-9mt2j"
2025-01-30 04:00:11,651 INFO c.h.h.t.OperatorHelmChartContainer - [K3S] [reconciler_common.go:251] "operationExecutor.VerifyControllerAttachedVolume started for volume \"live-info\" (UniqueName: \"kubernetes.io/configmap/a9b0f57c-a5e4-4676-a469-1b29ebac0fe2-live-info\") pod \"local-hivemq-6f4d548d79-9mt2j\" (UID: \"a9b0f57c-a5e4-4676-a469-1b29ebac0fe2\") " pod="default/local-hivemq-6f4d548d79-9mt2j"
2025-01-30 04:00:11,651 INFO c.h.h.t.OperatorHelmChartContainer - [K3S] [reconciler_common.go:251] "operationExecutor.VerifyControllerAttachedVolume started for volume \"kube-api-access-6z7jf\" (UniqueName: \"kubernetes.io/projected/a9b0f57c-a5e4-4676-a469-1b29ebac0fe2-kube-api-access-6z7jf\") pod \"local-hivemq-6f4d548d79-9mt2j\" (UID: \"a9b0f57c-a5e4-4676-a469-1b29ebac0fe2\") " pod="default/local-hivemq-6f4d548d79-9mt2j"
2025-01-30 04:00:11,651 INFO c.h.h.t.OperatorHelmChartContainer - [K3S] [reconciler_common.go:251] "operationExecutor.VerifyControllerAttachedVolume started for volume \"data\" (UniqueName: \"kubernetes.io/empty-dir/a9b0f57c-a5e4-4676-a469-1b29ebac0fe2-data\") pod \"local-hivemq-6f4d548d79-9mt2j\" (UID: \"a9b0f57c-a5e4-4676-a469-1b29ebac0fe2\") " pod="default/local-hivemq-6f4d548d79-9mt2j"
2025-01-30 04:00:11,651 INFO c.h.h.t.OperatorHelmChartContainer - [K3S] [reconciler_common.go:251] "operationExecutor.VerifyControllerAttachedVolume started for volume \"conf-override\" (UniqueName: \"kubernetes.io/empty-dir/a9b0f57c-a5e4-4676-a469-1b29ebac0fe2-conf-override\") pod \"local-hivemq-6f4d548d79-9mt2j\" (UID: \"a9b0f57c-a5e4-4676-a469-1b29ebac0fe2\") " pod="default/local-hivemq-6f4d548d79-9mt2j"
2025-01-30 04:00:11,651 INFO c.h.h.t.OperatorHelmChartContainer - [K3S] [reconciler_common.go:251] "operationExecutor.VerifyControllerAttachedVolume started for volume \"audit\" (UniqueName: \"kubernetes.io/empty-dir/a9b0f57c-a5e4-4676-a469-1b29ebac0fe2-audit\") pod \"local-hivemq-6f4d548d79-9mt2j\" (UID: \"a9b0f57c-a5e4-4676-a469-1b29ebac0fe2\") " pod="default/local-hivemq-6f4d548d79-9mt2j"
2025-01-30 04:00:11,652 INFO c.h.h.t.OperatorHelmChartContainer - [K3S] [reconciler_common.go:251] "operationExecutor.VerifyControllerAttachedVolume started for volume \"backup\" (UniqueName: \"kubernetes.io/empty-dir/a9b0f57c-a5e4-4676-a469-1b29ebac0fe2-backup\") pod \"local-hivemq-6f4d548d79-9mt2j\" (UID: \"a9b0f57c-a5e4-4676-a469-1b29ebac0fe2\") " pod="default/local-hivemq-6f4d548d79-9mt2j"
2025-01-30 04:00:11,652 INFO c.h.h.t.OperatorHelmChartContainer - [K3S] [reconciler_common.go:251] "operationExecutor.VerifyControllerAttachedVolume started for volume \"log\" (UniqueName: \"kubernetes.io/empty-dir/a9b0f57c-a5e4-4676-a469-1b29ebac0fe2-log\") pod \"local-hivemq-6f4d548d79-9mt2j\" (UID: \"a9b0f57c-a5e4-4676-a469-1b29ebac0fe2\") " pod="default/local-hivemq-6f4d548d79-9mt2j"
2025-01-30 04:00:11,749 DEBUG com.hivemq.helmcharts.util.K8sUtil - State to compare Updating and waiting for Running
2025-01-30 04:00:11,857 DEBUG com.hivemq.helmcharts.util.K8sUtil - State to compare Updating and waiting for Running
2025-01-30 04:00:12,161 INFO c.h.h.t.OperatorHelmChartContainer - [K3S] [replica_set.go:679] "Finished syncing" kind="ReplicaSet" key="default/local-hivemq-6f4d548d79" duration="36.558µs"
2025-01-30 04:00:12,301 DEBUG com.hivemq.helmcharts.util.K8sUtil - State to compare Updating and waiting for Running
2025-01-30 04:00:13,068 INFO c.h.h.t.OperatorHelmChartContainer - [K3S] [replica_set.go:679] "Finished syncing" kind="ReplicaSet" key="default/local-hivemq-6f4d548d79" duration="44.914µs"
2025-01-30 04:00:13,089 INFO c.h.h.t.OperatorHelmChartContainer - [K3S] [event.go:389] "Event occurred" object="default/hivemq-local-hivemq-mqtt" fieldPath="" kind="Service" apiVersion="v1" type="Normal" reason="UpdatedLoadBalancer" message="Updated LoadBalancer with new IPs: [172.17.0.3] -> [172.17.0.3]"
2025-01-30 04:00:14,072 INFO c.h.h.t.OperatorHelmChartContainer - [K3S] [replica_set.go:679] "Finished syncing" kind="ReplicaSet" key="default/local-hivemq-6f4d548d79" duration="48.831µs"
2025-01-30 04:00:15,071 INFO c.h.h.t.OperatorHelmChartContainer - [K3S] [replica_set.go:679] "Finished syncing" kind="ReplicaSet" key="default/local-hivemq-6f4d548d79" duration="57.557µs"
2025-01-30 04:00:25,089 INFO c.h.h.t.OperatorHelmChartContainer - [K3S] [replica_set.go:679] "Finished syncing" kind="ReplicaSet" key="default/local-hivemq-6f4d548d79" duration="58.9µs"
2025-01-30 04:00:26,090 INFO c.h.h.t.OperatorHelmChartContainer - [K3S] [replica_set.go:679] "Finished syncing" kind="ReplicaSet" key="default/local-hivemq-6f4d548d79" duration="57.687µs"
2025-01-30 04:00:38,220 INFO c.h.h.t.OperatorHelmChartContainer - [K3S] [range_allocator.go:247] "Successfully synced" key="63bb116cc43a"
2025-01-30 04:00:57,133 INFO c.h.h.t.OperatorHelmChartContainer - [K3S] [replica_set.go:679] "Finished syncing" kind="ReplicaSet" key="default/local-hivemq-6f4d548d79" duration="11.6578ms"
2025-01-30 04:00:57,133 INFO c.h.h.t.OperatorHelmChartContainer - [K3S] [event.go:389] "Event occurred" object="default/hivemq-local-hivemq-mqtt" fieldPath="" kind="Service" apiVersion="v1" type="Normal" reason="UpdatedLoadBalancer" message="Updated LoadBalancer with new IPs: [172.17.0.3] -> [172.17.0.3]"
2025-01-30 04:00:57,135 INFO c.h.h.t.OperatorHelmChartContainer - [K3S] [replica_set.go:679] "Finished syncing" kind="ReplicaSet" key="default/local-hivemq-6f4d548d79" duration="44.383µs"
2025-01-30 04:01:27,138 INFO c.h.h.t.OperatorHelmChartContainer - [K3S] [replica_set.go:679] "Finished syncing" kind="ReplicaSet" key="default/local-hivemq-6f4d548d79" duration="6.258407ms"
2025-01-30 04:01:27,138 INFO c.h.h.t.OperatorHelmChartContainer - [K3S] [replica_set.go:679] "Finished syncing" kind="ReplicaSet" key="default/local-hivemq-6f4d548d79" duration="48.209µs"
2025-01-30 04:01:27,179 DEBUG com.hivemq.helmcharts.util.K8sUtil - State to compare Updating and waiting for Running
2025-01-30 04:01:27,449 DEBUG com.hivemq.helmcharts.util.K8sUtil - State to compare Updating and waiting for Running
2025-01-30 04:01:27,464 DEBUG com.hivemq.helmcharts.util.K8sUtil - State to compare Updating and waiting for Running
2025-01-30 04:01:27,553 DEBUG com.hivemq.helmcharts.util.K8sUtil - State to compare Updating and waiting for Running
2025-01-30 04:01:27,652 DEBUG com.hivemq.helmcharts.util.K8sUtil - State to compare Updating and waiting for Running
2025-01-30 04:01:27,745 DEBUG com.hivemq.helmcharts.util.K8sUtil - State to compare Updating and waiting for Running
2025-01-30 04:01:27,856 DEBUG com.hivemq.helmcharts.util.K8sUtil - State to compare Updating and waiting for Running
2025-01-30 04:01:27,953 DEBUG com.hivemq.helmcharts.util.K8sUtil - State to compare Running and waiting for Running
2025-01-30 04:01:28,269 INFO t.localhost/testcontainers/9zuuk4hi7jpmlccp:latest - Container localhost/testcontainers/9zuuk4hi7jpmlccp:latest started in PT1M56.247969354S
2025-01-30 04:01:28,368 INFO c.h.h.t.OperatorHelmChartContainer - [EVENT] Normal [Starting] Starting kubelet. [null:63bb116cc43a]
2025-01-30 04:01:28,369 INFO c.h.h.t.OperatorHelmChartContainer - [EVENT] Warning [InvalidDiskCapacity] invalid capacity 0 on image filesystem [null:63bb116cc43a]
2025-01-30 04:01:28,369 INFO c.h.h.t.OperatorHelmChartContainer - [EVENT] Normal [NodeHasSufficientMemory] Node 63bb116cc43a status is now: NodeHasSufficientMemory [null:63bb116cc43a]
2025-01-30 04:01:28,371 INFO c.h.h.t.OperatorHelmChartContainer - [EVENT] Normal [NodeHasNoDiskPressure] Node 63bb116cc43a status is now: NodeHasNoDiskPressure [null:63bb116cc43a]
2025-01-30 04:01:28,372 INFO c.h.h.t.OperatorHelmChartContainer - [EVENT] Normal [NodeHasSufficientPID] Node 63bb116cc43a status is now: NodeHasSufficientPID [null:63bb116cc43a]
2025-01-30 04:01:28,372 INFO c.h.h.t.OperatorHelmChartContainer - [EVENT] Normal [NodeAllocatableEnforced] Updated Node Allocatable limit across pods [null:63bb116cc43a]
2025-01-30 04:01:28,373 INFO c.h.h.t.OperatorHelmChartContainer - [EVENT] Normal [NodeReady] Node 63bb116cc43a status is now: NodeReady [null:63bb116cc43a]
2025-01-30 04:01:28,374 INFO c.h.h.t.OperatorHelmChartContainer - [EVENT] Normal [NodePasswordValidationComplete] Deferred node password secret validation complete [null:63bb116cc43a]
2025-01-30 04:01:28,375 INFO c.h.h.t.OperatorHelmChartContainer - [EVENT] Normal [Synced] Node synced successfully [null:63bb116cc43a]
2025-01-30 04:01:28,376 INFO c.h.h.t.OperatorHelmChartContainer - [EVENT] Normal [RegisteredNode] Node 63bb116cc43a event: Registered Node 63bb116cc43a in Controller [null:63bb116cc43a]
2025-01-30 04:01:28,377 INFO c.h.h.t.OperatorHelmChartContainer - [EVENT] Normal [EnsuringLoadBalancer] Ensuring load balancer [default:hivemq-local-hivemq-mqtt]
2025-01-30 04:01:28,378 INFO c.h.h.t.OperatorHelmChartContainer - [EVENT] Normal [AppliedDaemonSet] Applied LoadBalancer DaemonSet kube-system/svclb-hivemq-local-hivemq-mqtt-cc9af9ca [default:hivemq-local-hivemq-mqtt]
2025-01-30 04:01:28,379 INFO c.h.h.t.OperatorHelmChartContainer - [EVENT] Normal [UpdatedLoadBalancer] Updated LoadBalancer with new IPs: [] -> [172.17.0.3] [default:hivemq-local-hivemq-mqtt]
2025-01-30 04:01:28,379 INFO c.h.h.t.OperatorHelmChartContainer - [EVENT] Normal [UpdatedLoadBalancer] Updated LoadBalancer with new IPs: [172.17.0.3] -> [172.17.0.3] [default:hivemq-local-hivemq-mqtt]
2025-01-30 04:01:28,379 INFO c.h.h.t.OperatorHelmChartContainer - [EVENT] Normal [Scheduled] Successfully assigned default/local-hivemq-6f4d548d79-9mt2j to 63bb116cc43a [default:local-hivemq-6f4d548d79-9mt2j]
2025-01-30 04:01:28,379 INFO c.h.h.t.OperatorHelmChartContainer - [EVENT] Normal [Pulling] Pulling image "busybox:latest" [default:local-hivemq-6f4d548d79-9mt2j]
2025-01-30 04:01:28,381 INFO c.h.h.t.OperatorHelmChartContainer - [EVENT] Normal [Pulled] Successfully pulled image "busybox:latest" in 729ms (729ms including waiting). Image size: 2167089 bytes. [default:local-hivemq-6f4d548d79-9mt2j]
2025-01-30 04:01:28,384 INFO c.h.h.t.OperatorHelmChartContainer - [EVENT] Normal [Created] Created container: init-shared [default:local-hivemq-6f4d548d79-9mt2j]
2025-01-30 04:01:28,384 INFO c.h.h.t.OperatorHelmChartContainer - [EVENT] Normal [Started] Started container init-shared [default:local-hivemq-6f4d548d79-9mt2j]
2025-01-30 04:01:28,384 INFO c.h.h.t.OperatorHelmChartContainer - [EVENT] Normal [Pulled] Container image "hivemq/init-dns-wait:snapshot" already present on machine [default:local-hivemq-6f4d548d79-9mt2j]
2025-01-30 04:01:28,384 INFO c.h.h.t.OperatorHelmChartContainer - [EVENT] Normal [Created] Created container: dns-wait [default:local-hivemq-6f4d548d79-9mt2j]
2025-01-30 04:01:28,384 INFO c.h.h.t.OperatorHelmChartContainer - [EVENT] Normal [Started] Started container dns-wait [default:local-hivemq-6f4d548d79-9mt2j]
2025-01-30 04:01:28,384 INFO c.h.h.t.OperatorHelmChartContainer - [EVENT] Normal [Pulled] Container image "hivemq/hivemq4:k8s-4.36.0" already present on machine [default:local-hivemq-6f4d548d79-9mt2j]
2025-01-30 04:01:28,384 INFO c.h.h.t.OperatorHelmChartContainer - Received Pulled event for container hivemq in pod local-hivemq-6f4d548d79-9mt2j [a9b0f57c-a5e4-4676-a469-1b29ebac0fe2]
2025-01-30 04:01:28,384 INFO c.h.h.t.OperatorHelmChartContainer - [EVENT] Normal [Created] Created container: hivemq [default:local-hivemq-6f4d548d79-9mt2j]
2025-01-30 04:01:28,385 INFO c.h.h.t.OperatorHelmChartContainer - Received Created event for container hivemq in pod local-hivemq-6f4d548d79-9mt2j [a9b0f57c-a5e4-4676-a469-1b29ebac0fe2]
2025-01-30 04:01:28,416 INFO c.h.h.t.OperatorHelmChartContainer - [POD] local-hivemq-6f4d548d79-9mt2j [a9b0f57c-a5e4-4676-a469-1b29ebac0fe2] in default was ADDED
2025-01-30 04:01:28,423 INFO c.h.h.t.OperatorHelmChartContainer - [POD] local-hivemq-hivemq-operator-operator-6b564f6db4-7zgbh [981ebd8e-a3a5-462f-90d0-8534bf062793] in default was ADDED
2025-01-30 04:01:28,426 INFO c.h.h.t.OperatorHelmChartContainer - Started log watcher for hivemq in pod local-hivemq-6f4d548d79-9mt2j [a9b0f57c-a5e4-4676-a469-1b29ebac0fe2]
2025-01-30 04:01:28,427 INFO c.h.h.t.OperatorHelmChartContainer - [local-hivemq-6f4d548d79] [hivemq] [a9b0f57c] Copying external files
2025-01-30 04:01:28,427 INFO c.h.h.t.OperatorHelmChartContainer - [local-hivemq-6f4d548d79] [hivemq] [a9b0f57c] Rewriting config.xml...
2025-01-30 04:01:28,427 INFO c.h.h.t.OperatorHelmChartContainer - [local-hivemq-6f4d548d79] [hivemq] [a9b0f57c] Creating initial lastUpdate files...
2025-01-30 04:01:28,427 INFO c.h.h.t.OperatorHelmChartContainer - [local-hivemq-6f4d548d79] [hivemq] [a9b0f57c] Disabling Prometheus
2025-01-30 04:01:28,427 INFO c.h.h.t.OperatorHelmChartContainer - [local-hivemq-6f4d548d79] [hivemq] [a9b0f57c] Pod info:
2025-01-30 04:01:28,427 INFO c.h.h.t.OperatorHelmChartContainer - [local-hivemq-6f4d548d79] [hivemq] [a9b0f57c] extension-names=hivemq-kafka-extension hivemq-google-cloud-pubsub-extension hivemq-bridge-extension hivemq-enterprise-security-extension hivemq-distributed-tracing-extension hivemq-amazon-kinesis-extension
2025-01-30 04:01:28,427 INFO c.h.h.t.OperatorHelmChartContainer - [local-hivemq-6f4d548d79] [hivemq] [a9b0f57c] extension-uris=preinstalled preinstalled preinstalled preinstalled preinstalled preinstalled
2025-01-30 04:01:28,427 INFO c.h.h.t.OperatorHelmChartContainer - [local-hivemq-6f4d548d79] [hivemq] [a9b0f57c] extension-states=false false false false false false
2025-01-30 04:01:28,427 INFO c.h.h.t.OperatorHelmChartContainer - [local-hivemq-6f4d548d79] [hivemq] [a9b0f57c] extensions-static=false false false false false false
2025-01-30 04:01:28,427 INFO c.h.h.t.OperatorHelmChartContainer - [local-hivemq-6f4d548d79] [hivemq] [a9b0f57c] Installing extension #0 with name: hivemq-kafka-extension, URI: preinstalled, enabled state: false
2025-01-30 04:01:28,427 INFO c.h.h.t.OperatorHelmChartContainer - [local-hivemq-6f4d548d79] [hivemq] [a9b0f57c] + [[ 3 != 3 ]]
2025-01-30 04:01:28,427 INFO c.h.h.t.OperatorHelmChartContainer - [local-hivemq-6f4d548d79] [hivemq] [a9b0f57c] + EXTENSION_URI=preinstalled
2025-01-30 04:01:28,427 INFO c.h.h.t.OperatorHelmChartContainer - [local-hivemq-6f4d548d79] [hivemq] [a9b0f57c] + EXTENSION_NAME=hivemq-kafka-extension
2025-01-30 04:01:28,427 INFO c.h.h.t.OperatorHelmChartContainer - [local-hivemq-6f4d548d79] [hivemq] [a9b0f57c] + TARGET_STATE=false
2025-01-30 04:01:28,427 INFO c.h.h.t.OperatorHelmChartContainer - [local-hivemq-6f4d548d79] [hivemq] [a9b0f57c] + TARGET_DIR=/opt/hivemq/extensions/hivemq-kafka-extension
2025-01-30 04:01:28,427 INFO c.h.h.t.OperatorHelmChartContainer - [local-hivemq-6f4d548d79] [hivemq] [a9b0f57c] ++ mktemp -d
2025-01-30 04:01:28,427 INFO c.h.h.t.OperatorHelmChartContainer - [local-hivemq-6f4d548d79] [hivemq] [a9b0f57c] + install_dir=/tmp/tmp.XWB7G9wNlE
2025-01-30 04:01:28,427 INFO c.h.h.t.OperatorHelmChartContainer - [local-hivemq-6f4d548d79] [hivemq] [a9b0f57c] + set +e
2025-01-30 04:01:28,428 INFO c.h.h.t.OperatorHelmChartContainer - [local-hivemq-6f4d548d79] [hivemq] [a9b0f57c] + [[ -f /opt/hivemq/extensions/hivemq-kafka-extension/DISABLED ]]
2025-01-30 04:01:28,428 INFO c.h.h.t.OperatorHelmChartContainer - [local-hivemq-6f4d548d79] [hivemq] [a9b0f57c] + was_enabled=0
2025-01-30 04:01:28,428 INFO c.h.h.t.OperatorHelmChartContainer - [local-hivemq-6f4d548d79] [hivemq] [a9b0f57c] + set -e
2025-01-30 04:01:28,428 INFO c.h.h.t.OperatorHelmChartContainer - [local-hivemq-6f4d548d79] [hivemq] [a9b0f57c] + [[ preinstalled != \p\r\e\i\n\s\t\a\l\l\e\d ]]
2025-01-30 04:01:28,428 INFO c.h.h.t.OperatorHelmChartContainer - [local-hivemq-6f4d548d79] [hivemq] [a9b0f57c] + [[ false == \f\a\l\s\e ]]
2025-01-30 04:01:28,428 INFO c.h.h.t.OperatorHelmChartContainer - [local-hivemq-6f4d548d79] [hivemq] [a9b0f57c] + touch /opt/hivemq/extensions/hivemq-kafka-extension/DISABLED
2025-01-30 04:01:28,428 INFO c.h.h.t.OperatorHelmChartContainer - [local-hivemq-6f4d548d79] [hivemq] [a9b0f57c] + was_enabled=0
2025-01-30 04:01:28,428 INFO c.h.h.t.OperatorHelmChartContainer - [local-hivemq-6f4d548d79] [hivemq] [a9b0f57c] + [[ preinstalled != \p\r\e\i\n\s\t\a\l\l\e\d ]]
2025-01-30 04:01:28,428 INFO c.h.h.t.OperatorHelmChartContainer - [local-hivemq-6f4d548d79] [hivemq] [a9b0f57c] + /opt/hivemq/bin/run_initialization.sh hivemq-kafka-extension
2025-01-30 04:01:28,428 INFO c.h.h.t.OperatorHelmChartContainer - [local-hivemq-6f4d548d79] [hivemq] [a9b0f57c] + EXTENSION_NAME=hivemq-kafka-extension
2025-01-30 04:01:28,431 INFO c.h.h.t.OperatorHelmChartContainer - [EVENT] Normal [Started] Started container hivemq [default:local-hivemq-6f4d548d79-9mt2j]
2025-01-30 04:01:28,432 INFO c.h.h.t.OperatorHelmChartContainer - Received Started event for container hivemq in pod local-hivemq-6f4d548d79-9mt2j [a9b0f57c-a5e4-4676-a469-1b29ebac0fe2]
2025-01-30 04:01:28,432 INFO c.h.h.t.OperatorHelmChartContainer - [local-hivemq-6f4d548d79] [hivemq] [a9b0f57c] + TARGET_DIR=/opt/hivemq/extensions/hivemq-kafka-extension
2025-01-30 04:01:28,432 INFO c.h.h.t.OperatorHelmChartContainer - [local-hivemq-6f4d548d79] [hivemq] [a9b0f57c] + cd /opt/hivemq/extensions/hivemq-kafka-extension
2025-01-30 04:01:28,432 INFO c.h.h.t.OperatorHelmChartContainer - [local-hivemq-6f4d548d79] [hivemq] [a9b0f57c] + [[ -f init_tmp ]]
2025-01-30 04:01:28,432 INFO c.h.h.t.OperatorHelmChartContainer - [local-hivemq-6f4d548d79] [hivemq] [a9b0f57c] + [[ -f /etc/podinfo/init-extension-hivemq-kafka-extension ]]
2025-01-30 04:01:28,432 INFO c.h.h.t.OperatorHelmChartContainer - [local-hivemq-6f4d548d79] [hivemq] [a9b0f57c] Installing extension #1 with name: hivemq-google-cloud-pubsub-extension, URI: preinstalled, enabled state: false
2025-01-30 04:01:28,432 INFO c.h.h.t.OperatorHelmChartContainer - [local-hivemq-6f4d548d79] [hivemq] [a9b0f57c] + [[ 3 != 3 ]]
2025-01-30 04:01:28,432 INFO c.h.h.t.OperatorHelmChartContainer - [local-hivemq-6f4d548d79] [hivemq] [a9b0f57c] + EXTENSION_URI=preinstalled
2025-01-30 04:01:28,432 INFO c.h.h.t.OperatorHelmChartContainer - [local-hivemq-6f4d548d79] [hivemq] [a9b0f57c] + EXTENSION_NAME=hivemq-google-cloud-pubsub-extension
2025-01-30 04:01:28,432 INFO c.h.h.t.OperatorHelmChartContainer - [local-hivemq-6f4d548d79] [hivemq] [a9b0f57c] + TARGET_STATE=false
2025-01-30 04:01:28,433 INFO c.h.h.t.OperatorHelmChartContainer - [local-hivemq-6f4d548d79] [hivemq] [a9b0f57c] + TARGET_DIR=/opt/hivemq/extensions/hivemq-google-cloud-pubsub-extension
2025-01-30 04:01:28,433 INFO c.h.h.t.OperatorHelmChartContainer - [local-hivemq-6f4d548d79] [hivemq] [a9b0f57c] ++ mktemp -d
2025-01-30 04:01:28,433 INFO c.h.h.t.OperatorHelmChartContainer - [local-hivemq-6f4d548d79] [hivemq] [a9b0f57c] + install_dir=/tmp/tmp.6Ah6nEherb
2025-01-30 04:01:28,433 INFO c.h.h.t.OperatorHelmChartContainer - [local-hivemq-6f4d548d79] [hivemq] [a9b0f57c] + set +e
2025-01-30 04:01:28,433 INFO c.h.h.t.OperatorHelmChartContainer - [local-hivemq-6f4d548d79] [hivemq] [a9b0f57c] + [[ -f /opt/hivemq/extensions/hivemq-google-cloud-pubsub-extension/DISABLED ]]
2025-01-30 04:01:28,433 INFO c.h.h.t.OperatorHelmChartContainer - [local-hivemq-6f4d548d79] [hivemq] [a9b0f57c] + was_enabled=0
2025-01-30 04:01:28,433 INFO c.h.h.t.OperatorHelmChartContainer - [local-hivemq-6f4d548d79] [hivemq] [a9b0f57c] + set -e
2025-01-30 04:01:28,433 INFO c.h.h.t.OperatorHelmChartContainer - [local-hivemq-6f4d548d79] [hivemq] [a9b0f57c] + [[ preinstalled != \p\r\e\i\n\s\t\a\l\l\e\d ]]
2025-01-30 04:01:28,433 INFO c.h.h.t.OperatorHelmChartContainer - [local-hivemq-6f4d548d79] [hivemq] [a9b0f57c] + [[ false == \f\a\l\s\e ]]
2025-01-30 04:01:28,433 INFO c.h.h.t.OperatorHelmChartContainer - [local-hivemq-6f4d548d79] [hivemq] [a9b0f57c] + touch /opt/hivemq/extensions/hivemq-google-cloud-pubsub-extension/DISABLED
2025-01-30 04:01:28,433 INFO c.h.h.t.OperatorHelmChartContainer - [local-hivemq-6f4d548d79] [hivemq] [a9b0f57c] + was_enabled=0
2025-01-30 04:01:28,433 INFO c.h.h.t.OperatorHelmChartContainer - [local-hivemq-6f4d548d79] [hivemq] [a9b0f57c] + [[ preinstalled != \p\r\e\i\n\s\t\a\l\l\e\d ]]
2025-01-30 04:01:28,433 INFO c.h.h.t.OperatorHelmChartContainer - [local-hivemq-6f4d548d79] [hivemq] [a9b0f57c] + /opt/hivemq/bin/run_initialization.sh hivemq-google-cloud-pubsub-extension
2025-01-30 04:01:28,433 INFO c.h.h.t.OperatorHelmChartContainer - [local-hivemq-6f4d548d79] [hivemq] [a9b0f57c] + EXTENSION_NAME=hivemq-google-cloud-pubsub-extension
2025-01-30 04:01:28,433 INFO c.h.h.t.OperatorHelmChartContainer - [local-hivemq-6f4d548d79] [hivemq] [a9b0f57c] + TARGET_DIR=/opt/hivemq/extensions/hivemq-google-cloud-pubsub-extension
2025-01-30 04:01:28,433 INFO c.h.h.t.OperatorHelmChartContainer - [local-hivemq-6f4d548d79] [hivemq] [a9b0f57c] + cd /opt/hivemq/extensions/hivemq-google-cloud-pubsub-extension
2025-01-30 04:01:28,433 INFO c.h.h.t.OperatorHelmChartContainer - [local-hivemq-6f4d548d79] [hivemq] [a9b0f57c] + [[ -f init_tmp ]]
2025-01-30 04:01:28,433 INFO c.h.h.t.OperatorHelmChartContainer - [local-hivemq-6f4d548d79] [hivemq] [a9b0f57c] + [[ -f /etc/podinfo/init-extension-hivemq-google-cloud-pubsub-extension ]]
2025-01-30 04:01:28,433 INFO c.h.h.t.OperatorHelmChartContainer - [local-hivemq-6f4d548d79] [hivemq] [a9b0f57c] Installing extension #2 with name: hivemq-bridge-extension, URI: preinstalled, enabled state: false
2025-01-30 04:01:28,433 INFO c.h.h.t.OperatorHelmChartContainer - [local-hivemq-6f4d548d79] [hivemq] [a9b0f57c] + [[ 3 != 3 ]]
2025-01-30 04:01:28,433 INFO c.h.h.t.OperatorHelmChartContainer - [local-hivemq-6f4d548d79] [hivemq] [a9b0f57c] + EXTENSION_URI=preinstalled
2025-01-30 04:01:28,433 INFO c.h.h.t.OperatorHelmChartContainer - [local-hivemq-6f4d548d79] [hivemq] [a9b0f57c] + EXTENSION_NAME=hivemq-bridge-extension
2025-01-30 04:01:28,433 INFO c.h.h.t.OperatorHelmChartContainer - [local-hivemq-6f4d548d79] [hivemq] [a9b0f57c] + TARGET_STATE=false
2025-01-30 04:01:28,433 INFO c.h.h.t.OperatorHelmChartContainer - [local-hivemq-6f4d548d79] [hivemq] [a9b0f57c] + TARGET_DIR=/opt/hivemq/extensions/hivemq-bridge-extension
2025-01-30 04:01:28,433 INFO c.h.h.t.OperatorHelmChartContainer - [local-hivemq-6f4d548d79] [hivemq] [a9b0f57c] ++ mktemp -d
2025-01-30 04:01:28,433 INFO c.h.h.t.OperatorHelmChartContainer - [local-hivemq-6f4d548d79] [hivemq] [a9b0f57c] + install_dir=/tmp/tmp.BullVgUkGm
2025-01-30 04:01:28,433 INFO c.h.h.t.OperatorHelmChartContainer - [local-hivemq-6f4d548d79] [hivemq] [a9b0f57c] + set +e
2025-01-30 04:01:28,433 INFO c.h.h.t.OperatorHelmChartContainer - [local-hivemq-6f4d548d79] [hivemq] [a9b0f57c] + [[ -f /opt/hivemq/extensions/hivemq-bridge-extension/DISABLED ]]
2025-01-30 04:01:28,433 INFO c.h.h.t.OperatorHelmChartContainer - [local-hivemq-6f4d548d79] [hivemq] [a9b0f57c] + was_enabled=0
2025-01-30 04:01:28,433 INFO c.h.h.t.OperatorHelmChartContainer - [local-hivemq-6f4d548d79] [hivemq] [a9b0f57c] + set -e
2025-01-30 04:01:28,433 INFO c.h.h.t.OperatorHelmChartContainer - [local-hivemq-6f4d548d79] [hivemq] [a9b0f57c] + [[ preinstalled != \p\r\e\i\n\s\t\a\l\l\e\d ]]
2025-01-30 04:01:28,433 INFO c.h.h.t.OperatorHelmChartContainer - [local-hivemq-6f4d548d79] [hivemq] [a9b0f57c] + [[ false == \f\a\l\s\e ]]
2025-01-30 04:01:28,433 INFO c.h.h.t.OperatorHelmChartContainer - [local-hivemq-6f4d548d79] [hivemq] [a9b0f57c] + touch /opt/hivemq/extensions/hivemq-bridge-extension/DISABLED
2025-01-30 04:01:28,433 INFO c.h.h.t.OperatorHelmChartContainer - [local-hivemq-6f4d548d79] [hivemq] [a9b0f57c] + was_enabled=0
2025-01-30 04:01:28,433 INFO c.h.h.t.OperatorHelmChartContainer - [local-hivemq-6f4d548d79] [hivemq] [a9b0f57c] + [[ preinstalled != \p\r\e\i\n\s\t\a\l\l\e\d ]]
2025-01-30 04:01:28,433 INFO c.h.h.t.OperatorHelmChartContainer - [local-hivemq-6f4d548d79] [hivemq] [a9b0f57c] + /opt/hivemq/bin/run_initialization.sh hivemq-bridge-extension
2025-01-30 04:01:28,433 INFO c.h.h.t.OperatorHelmChartContainer - [local-hivemq-6f4d548d79] [hivemq] [a9b0f57c] + EXTENSION_NAME=hivemq-bridge-extension
2025-01-30 04:01:28,433 INFO c.h.h.t.OperatorHelmChartContainer - [local-hivemq-6f4d548d79] [hivemq] [a9b0f57c] + TARGET_DIR=/opt/hivemq/extensions/hivemq-bridge-extension
2025-01-30 04:01:28,433 INFO c.h.h.t.OperatorHelmChartContainer - [local-hivemq-6f4d548d79] [hivemq] [a9b0f57c] + cd /opt/hivemq/extensions/hivemq-bridge-extension
2025-01-30 04:01:28,433 INFO c.h.h.t.OperatorHelmChartContainer - [local-hivemq-6f4d548d79] [hivemq] [a9b0f57c] + [[ -f init_tmp ]]
2025-01-30 04:01:28,433 INFO c.h.h.t.OperatorHelmChartContainer - [local-hivemq-6f4d548d79] [hivemq] [a9b0f57c] + [[ -f /etc/podinfo/init-extension-hivemq-bridge-extension ]]
2025-01-30 04:01:28,433 INFO c.h.h.t.OperatorHelmChartContainer - [local-hivemq-6f4d548d79] [hivemq] [a9b0f57c] Installing extension #3 with name: hivemq-enterprise-security-extension, URI: preinstalled, enabled state: false
2025-01-30 04:01:28,433 INFO c.h.h.t.OperatorHelmChartContainer - [local-hivemq-6f4d548d79] [hivemq] [a9b0f57c] + [[ 3 != 3 ]]
2025-01-30 04:01:28,433 INFO c.h.h.t.OperatorHelmChartContainer - [local-hivemq-6f4d548d79] [hivemq] [a9b0f57c] + EXTENSION_URI=preinstalled
2025-01-30 04:01:28,433 INFO c.h.h.t.OperatorHelmChartContainer - [local-hivemq-6f4d548d79] [hivemq] [a9b0f57c] + EXTENSION_NAME=hivemq-enterprise-security-extension
2025-01-30 04:01:28,433 INFO c.h.h.t.OperatorHelmChartContainer - [local-hivemq-6f4d548d79] [hivemq] [a9b0f57c] + TARGET_STATE=false
2025-01-30 04:01:28,433 INFO c.h.h.t.OperatorHelmChartContainer - [local-hivemq-6f4d548d79] [hivemq] [a9b0f57c] + TARGET_DIR=/opt/hivemq/extensions/hivemq-enterprise-security-extension
2025-01-30 04:01:28,433 INFO c.h.h.t.OperatorHelmChartContainer - [local-hivemq-6f4d548d79] [hivemq] [a9b0f57c] ++ mktemp -d
2025-01-30 04:01:28,433 INFO c.h.h.t.OperatorHelmChartContainer - [local-hivemq-6f4d548d79] [hivemq] [a9b0f57c] + install_dir=/tmp/tmp.FMPTdLnCc7
2025-01-30 04:01:28,433 INFO c.h.h.t.OperatorHelmChartContainer - [local-hivemq-6f4d548d79] [hivemq] [a9b0f57c] + set +e
2025-01-30 04:01:28,433 INFO c.h.h.t.OperatorHelmChartContainer - [local-hivemq-6f4d548d79] [hivemq] [a9b0f57c] + [[ -f /opt/hivemq/extensions/hivemq-enterprise-security-extension/DISABLED ]]
2025-01-30 04:01:28,433 INFO c.h.h.t.OperatorHelmChartContainer - [local-hivemq-6f4d548d79] [hivemq] [a9b0f57c] + was_enabled=0
2025-01-30 04:01:28,433 INFO c.h.h.t.OperatorHelmChartContainer - [local-hivemq-6f4d548d79] [hivemq] [a9b0f57c] + set -e
2025-01-30 04:01:28,433 INFO c.h.h.t.OperatorHelmChartContainer - [local-hivemq-6f4d548d79] [hivemq] [a9b0f57c] + [[ preinstalled != \p\r\e\i\n\s\t\a\l\l\e\d ]]
2025-01-30 04:01:28,433 INFO c.h.h.t.OperatorHelmChartContainer - [local-hivemq-6f4d548d79] [hivemq] [a9b0f57c] + [[ false == \f\a\l\s\e ]]
2025-01-30 04:01:28,433 INFO c.h.h.t.OperatorHelmChartContainer - [local-hivemq-6f4d548d79] [hivemq] [a9b0f57c] + touch /opt/hivemq/extensions/hivemq-enterprise-security-extension/DISABLED
2025-01-30 04:01:28,433 INFO c.h.h.t.OperatorHelmChartContainer - [local-hivemq-6f4d548d79] [hivemq] [a9b0f57c] + was_enabled=0
2025-01-30 04:01:28,433 INFO c.h.h.t.OperatorHelmChartContainer - [local-hivemq-6f4d548d79] [hivemq] [a9b0f57c] + [[ preinstalled != \p\r\e\i\n\s\t\a\l\l\e\d ]]
2025-01-30 04:01:28,433 INFO c.h.h.t.OperatorHelmChartContainer - [local-hivemq-6f4d548d79] [hivemq] [a9b0f57c] + /opt/hivemq/bin/run_initialization.sh hivemq-enterprise-security-extension
2025-01-30 04:01:28,433 INFO c.h.h.t.OperatorHelmChartContainer - [local-hivemq-6f4d548d79] [hivemq] [a9b0f57c] + EXTENSION_NAME=hivemq-enterprise-security-extension
2025-01-30 04:01:28,433 INFO c.h.h.t.OperatorHelmChartContainer - [local-hivemq-6f4d548d79] [hivemq] [a9b0f57c] + TARGET_DIR=/opt/hivemq/extensions/hivemq-enterprise-security-extension
2025-01-30 04:01:28,433 INFO c.h.h.t.OperatorHelmChartContainer - [local-hivemq-6f4d548d79] [hivemq] [a9b0f57c] + cd /opt/hivemq/extensions/hivemq-enterprise-security-extension
2025-01-30 04:01:28,433 INFO c.h.h.t.OperatorHelmChartContainer - [local-hivemq-6f4d548d79] [hivemq] [a9b0f57c] + [[ -f init_tmp ]]
2025-01-30 04:01:28,433 INFO c.h.h.t.OperatorHelmChartContainer - [local-hivemq-6f4d548d79] [hivemq] [a9b0f57c] + [[ -f /etc/podinfo/init-extension-hivemq-enterprise-security-extension ]]
2025-01-30 04:01:28,433 INFO c.h.h.t.OperatorHelmChartContainer - [local-hivemq-6f4d548d79] [hivemq] [a9b0f57c] + echo 'Using init script from config map'
2025-01-30 04:01:28,433 INFO c.h.h.t.OperatorHelmChartContainer - [local-hivemq-6f4d548d79] [hivemq] [a9b0f57c] + cat /etc/podinfo/init-extension-hivemq-enterprise-security-extension
2025-01-30 04:01:28,433 INFO c.h.h.t.OperatorHelmChartContainer - [local-hivemq-6f4d548d79] [hivemq] [a9b0f57c] Using init script from config map
2025-01-30 04:01:28,434 INFO c.h.h.t.OperatorHelmChartContainer - [local-hivemq-6f4d548d79] [hivemq] [a9b0f57c] + echo 'Executing initialization script'
2025-01-30 04:01:28,434 INFO c.h.h.t.OperatorHelmChartContainer - [local-hivemq-6f4d548d79] [hivemq] [a9b0f57c] + chmod +x init
2025-01-30 04:01:28,434 INFO c.h.h.t.OperatorHelmChartContainer - [local-hivemq-6f4d548d79] [hivemq] [a9b0f57c] Executing initialization script
2025-01-30 04:01:28,434 INFO c.h.h.t.OperatorHelmChartContainer - [local-hivemq-6f4d548d79] [hivemq] [a9b0f57c] + ./init
2025-01-30 04:01:28,434 INFO c.h.h.t.OperatorHelmChartContainer - [local-hivemq-6f4d548d79] [hivemq] [a9b0f57c]   % Total    % Received % Xferd  Average Speed   Time    Time     Time  Current
2025-01-30 04:01:28,434 INFO c.h.h.t.OperatorHelmChartContainer - [local-hivemq-6f4d548d79] [hivemq] [a9b0f57c]                                  Dload  Upload   Total   Spent    Left  Speed
2025-01-30 04:01:28,434 INFO c.h.h.t.OperatorHelmChartContainer - [local-hivemq-6f4d548d79] [hivemq] [a9b0f57c] 
2025-01-30 04:01:28,434 INFO c.h.h.t.OperatorHelmChartContainer - [local-hivemq-6f4d548d79] [hivemq] [a9b0f57c]   0     0    0     0    0     0      0      0 --:--:-- --:--:-- --:--:--     0
2025-01-30 04:01:28,434 INFO c.h.h.t.OperatorHelmChartContainer - [local-hivemq-6f4d548d79] [hivemq] [a9b0f57c] 100  910k  100  910k    0     0  1672k      0 --:--:-- --:--:-- --:--:-- 1674k
2025-01-30 04:01:28,434 INFO c.h.h.t.OperatorHelmChartContainer - [local-hivemq-6f4d548d79] [hivemq] [a9b0f57c] Installing extension #4 with name: hivemq-distributed-tracing-extension, URI: preinstalled, enabled state: false
2025-01-30 04:01:28,434 INFO c.h.h.t.OperatorHelmChartContainer - [local-hivemq-6f4d548d79] [hivemq] [a9b0f57c] + [[ 3 != 3 ]]
2025-01-30 04:01:28,434 INFO c.h.h.t.OperatorHelmChartContainer - [local-hivemq-6f4d548d79] [hivemq] [a9b0f57c] + EXTENSION_URI=preinstalled
2025-01-30 04:01:28,434 INFO c.h.h.t.OperatorHelmChartContainer - [local-hivemq-6f4d548d79] [hivemq] [a9b0f57c] + EXTENSION_NAME=hivemq-distributed-tracing-extension
2025-01-30 04:01:28,434 INFO c.h.h.t.OperatorHelmChartContainer - [local-hivemq-6f4d548d79] [hivemq] [a9b0f57c] + TARGET_STATE=false
2025-01-30 04:01:28,434 INFO c.h.h.t.OperatorHelmChartContainer - [local-hivemq-6f4d548d79] [hivemq] [a9b0f57c] + TARGET_DIR=/opt/hivemq/extensions/hivemq-distributed-tracing-extension
2025-01-30 04:01:28,434 INFO c.h.h.t.OperatorHelmChartContainer - [local-hivemq-6f4d548d79] [hivemq] [a9b0f57c] ++ mktemp -d
2025-01-30 04:01:28,434 INFO c.h.h.t.OperatorHelmChartContainer - [local-hivemq-6f4d548d79] [hivemq] [a9b0f57c] + install_dir=/tmp/tmp.qxPSwduabb
2025-01-30 04:01:28,434 INFO c.h.h.t.OperatorHelmChartContainer - [local-hivemq-6f4d548d79] [hivemq] [a9b0f57c] + set +e
2025-01-30 04:01:28,434 INFO c.h.h.t.OperatorHelmChartContainer - [POD] coredns-ff8999cc5-7jp8p [ba7d0f8e-93db-4f7a-a4ca-e042e28be7e0] in kube-system was ADDED
2025-01-30 04:01:28,434 INFO c.h.h.t.OperatorHelmChartContainer - [EVENT] Warning [Unhealthy] Readiness probe failed: Log statement not present (yet)
 [default:local-hivemq-6f4d548d79-9mt2j]
2025-01-30 04:01:28,434 INFO c.h.h.t.OperatorHelmChartContainer - Received Unhealthy event for container hivemq in pod local-hivemq-6f4d548d79-9mt2j [a9b0f57c-a5e4-4676-a469-1b29ebac0fe2]
2025-01-30 04:01:28,434 INFO c.h.h.t.OperatorHelmChartContainer - [EVENT] Warning [Unhealthy] Liveness probe failed: dial tcp 10.42.0.7:1883: connect: connection refused [default:local-hivemq-6f4d548d79-9mt2j]
2025-01-30 04:01:28,434 INFO c.h.h.t.OperatorHelmChartContainer - Received Unhealthy event for container hivemq in pod local-hivemq-6f4d548d79-9mt2j [a9b0f57c-a5e4-4676-a469-1b29ebac0fe2]
2025-01-30 04:01:28,435 INFO c.h.h.t.OperatorHelmChartContainer - [EVENT] Normal [SuccessfulCreate] Created pod: local-hivemq-6f4d548d79-9mt2j [default:local-hivemq-6f4d548d79]
2025-01-30 04:01:28,435 INFO c.h.h.t.OperatorHelmChartContainer - [EVENT] Normal [Scheduled] Successfully assigned default/local-hivemq-hivemq-operator-operator-6b564f6db4-7zgbh to 63bb116cc43a [default:local-hivemq-hivemq-operator-operator-6b564f6db4-7zgbh]
2025-01-30 04:01:28,435 INFO c.h.h.t.OperatorHelmChartContainer - [EVENT] Normal [Pulled] Container image "hivemq/hivemq-operator:snapshot" already present on machine [default:local-hivemq-hivemq-operator-operator-6b564f6db4-7zgbh]
2025-01-30 04:01:28,435 INFO c.h.h.t.OperatorHelmChartContainer - Received Pulled event for container operator in pod local-hivemq-hivemq-operator-operator-6b564f6db4-7zgbh [981ebd8e-a3a5-462f-90d0-8534bf062793]
2025-01-30 04:01:28,435 INFO c.h.h.t.OperatorHelmChartContainer - [EVENT] Normal [Created] Created container: operator [default:local-hivemq-hivemq-operator-operator-6b564f6db4-7zgbh]
2025-01-30 04:01:28,435 INFO c.h.h.t.OperatorHelmChartContainer - Received Created event for container operator in pod local-hivemq-hivemq-operator-operator-6b564f6db4-7zgbh [981ebd8e-a3a5-462f-90d0-8534bf062793]
2025-01-30 04:01:28,437 INFO c.h.h.t.OperatorHelmChartContainer - [POD] local-path-provisioner-698b58967b-76wsg [4e7ca9e5-4ee7-4f78-be73-c5e8df7a433c] in kube-system was ADDED
2025-01-30 04:01:28,440 INFO c.h.h.t.OperatorHelmChartContainer - [POD] metrics-server-8584b5786c-96bjd [2cddd32a-b737-48f4-9d89-89c090831f45] in kube-system was ADDED
2025-01-30 04:01:28,434 INFO c.h.h.t.OperatorHelmChartContainer - [local-hivemq-6f4d548d79] [hivemq] [a9b0f57c] + [[ -f /opt/hivemq/extensions/hivemq-distributed-tracing-extension/DISABLED ]]
2025-01-30 04:01:28,441 INFO c.h.h.t.OperatorHelmChartContainer - [local-hivemq-6f4d548d79] [hivemq] [a9b0f57c] + was_enabled=0
2025-01-30 04:01:28,441 INFO c.h.h.t.OperatorHelmChartContainer - [local-hivemq-6f4d548d79] [hivemq] [a9b0f57c] + set -e
2025-01-30 04:01:28,441 INFO c.h.h.t.OperatorHelmChartContainer - [local-hivemq-6f4d548d79] [hivemq] [a9b0f57c] + [[ preinstalled != \p\r\e\i\n\s\t\a\l\l\e\d ]]
2025-01-30 04:01:28,441 INFO c.h.h.t.OperatorHelmChartContainer - [local-hivemq-6f4d548d79] [hivemq] [a9b0f57c] + [[ false == \f\a\l\s\e ]]
2025-01-30 04:01:28,441 INFO c.h.h.t.OperatorHelmChartContainer - [local-hivemq-6f4d548d79] [hivemq] [a9b0f57c] + touch /opt/hivemq/extensions/hivemq-distributed-tracing-extension/DISABLED
2025-01-30 04:01:28,441 INFO c.h.h.t.OperatorHelmChartContainer - [local-hivemq-6f4d548d79] [hivemq] [a9b0f57c] + was_enabled=0
2025-01-30 04:01:28,441 INFO c.h.h.t.OperatorHelmChartContainer - [local-hivemq-6f4d548d79] [hivemq] [a9b0f57c] + [[ preinstalled != \p\r\e\i\n\s\t\a\l\l\e\d ]]
2025-01-30 04:01:28,441 INFO c.h.h.t.OperatorHelmChartContainer - [local-hivemq-6f4d548d79] [hivemq] [a9b0f57c] + /opt/hivemq/bin/run_initialization.sh hivemq-distributed-tracing-extension
2025-01-30 04:01:28,441 INFO c.h.h.t.OperatorHelmChartContainer - [local-hivemq-6f4d548d79] [hivemq] [a9b0f57c] + EXTENSION_NAME=hivemq-distributed-tracing-extension
2025-01-30 04:01:28,441 INFO c.h.h.t.OperatorHelmChartContainer - [local-hivemq-6f4d548d79] [hivemq] [a9b0f57c] + TARGET_DIR=/opt/hivemq/extensions/hivemq-distributed-tracing-extension
2025-01-30 04:01:28,441 INFO c.h.h.t.OperatorHelmChartContainer - [local-hivemq-6f4d548d79] [hivemq] [a9b0f57c] + cd /opt/hivemq/extensions/hivemq-distributed-tracing-extension
2025-01-30 04:01:28,441 INFO c.h.h.t.OperatorHelmChartContainer - [local-hivemq-6f4d548d79] [hivemq] [a9b0f57c] + [[ -f init_tmp ]]
2025-01-30 04:01:28,441 INFO c.h.h.t.OperatorHelmChartContainer - [local-hivemq-6f4d548d79] [hivemq] [a9b0f57c] + [[ -f /etc/podinfo/init-extension-hivemq-distributed-tracing-extension ]]
2025-01-30 04:01:28,441 INFO c.h.h.t.OperatorHelmChartContainer - [local-hivemq-6f4d548d79] [hivemq] [a9b0f57c] Installing extension #5 with name: hivemq-amazon-kinesis-extension, URI: preinstalled, enabled state: false
2025-01-30 04:01:28,441 INFO c.h.h.t.OperatorHelmChartContainer - [local-hivemq-6f4d548d79] [hivemq] [a9b0f57c] + [[ 3 != 3 ]]
2025-01-30 04:01:28,441 INFO c.h.h.t.OperatorHelmChartContainer - [local-hivemq-6f4d548d79] [hivemq] [a9b0f57c] + EXTENSION_URI=preinstalled
2025-01-30 04:01:28,441 INFO c.h.h.t.OperatorHelmChartContainer - [local-hivemq-6f4d548d79] [hivemq] [a9b0f57c] + EXTENSION_NAME=hivemq-amazon-kinesis-extension
2025-01-30 04:01:28,441 INFO c.h.h.t.OperatorHelmChartContainer - [local-hivemq-6f4d548d79] [hivemq] [a9b0f57c] + TARGET_STATE=false
2025-01-30 04:01:28,441 INFO c.h.h.t.OperatorHelmChartContainer - [local-hivemq-6f4d548d79] [hivemq] [a9b0f57c] + TARGET_DIR=/opt/hivemq/extensions/hivemq-amazon-kinesis-extension
2025-01-30 04:01:28,441 INFO c.h.h.t.OperatorHelmChartContainer - [local-hivemq-6f4d548d79] [hivemq] [a9b0f57c] ++ mktemp -d
2025-01-30 04:01:28,441 INFO c.h.h.t.OperatorHelmChartContainer - [local-hivemq-6f4d548d79] [hivemq] [a9b0f57c] + install_dir=/tmp/tmp.Ej1ftza4Dr
2025-01-30 04:01:28,441 INFO c.h.h.t.OperatorHelmChartContainer - [local-hivemq-6f4d548d79] [hivemq] [a9b0f57c] + set +e
2025-01-30 04:01:28,441 INFO c.h.h.t.OperatorHelmChartContainer - [local-hivemq-6f4d548d79] [hivemq] [a9b0f57c] + [[ -f /opt/hivemq/extensions/hivemq-amazon-kinesis-extension/DISABLED ]]
2025-01-30 04:01:28,441 INFO c.h.h.t.OperatorHelmChartContainer - [local-hivemq-6f4d548d79] [hivemq] [a9b0f57c] + was_enabled=0
2025-01-30 04:01:28,441 INFO c.h.h.t.OperatorHelmChartContainer - [local-hivemq-6f4d548d79] [hivemq] [a9b0f57c] + set -e
2025-01-30 04:01:28,441 INFO c.h.h.t.OperatorHelmChartContainer - [local-hivemq-6f4d548d79] [hivemq] [a9b0f57c] + [[ preinstalled != \p\r\e\i\n\s\t\a\l\l\e\d ]]
2025-01-30 04:01:28,441 INFO c.h.h.t.OperatorHelmChartContainer - [local-hivemq-6f4d548d79] [hivemq] [a9b0f57c] + [[ false == \f\a\l\s\e ]]
2025-01-30 04:01:28,441 INFO c.h.h.t.OperatorHelmChartContainer - [local-hivemq-6f4d548d79] [hivemq] [a9b0f57c] + touch /opt/hivemq/extensions/hivemq-amazon-kinesis-extension/DISABLED
2025-01-30 04:01:28,441 INFO c.h.h.t.OperatorHelmChartContainer - [local-hivemq-6f4d548d79] [hivemq] [a9b0f57c] + was_enabled=0
2025-01-30 04:01:28,441 INFO c.h.h.t.OperatorHelmChartContainer - [local-hivemq-6f4d548d79] [hivemq] [a9b0f57c] + [[ preinstalled != \p\r\e\i\n\s\t\a\l\l\e\d ]]
2025-01-30 04:01:28,441 INFO c.h.h.t.OperatorHelmChartContainer - [local-hivemq-6f4d548d79] [hivemq] [a9b0f57c] + /opt/hivemq/bin/run_initialization.sh hivemq-amazon-kinesis-extension
2025-01-30 04:01:28,441 INFO c.h.h.t.OperatorHelmChartContainer - [local-hivemq-6f4d548d79] [hivemq] [a9b0f57c] + EXTENSION_NAME=hivemq-amazon-kinesis-extension
2025-01-30 04:01:28,441 INFO c.h.h.t.OperatorHelmChartContainer - [local-hivemq-6f4d548d79] [hivemq] [a9b0f57c] + TARGET_DIR=/opt/hivemq/extensions/hivemq-amazon-kinesis-extension
2025-01-30 04:01:28,441 INFO c.h.h.t.OperatorHelmChartContainer - [local-hivemq-6f4d548d79] [hivemq] [a9b0f57c] + cd /opt/hivemq/extensions/hivemq-amazon-kinesis-extension
2025-01-30 04:01:28,441 INFO c.h.h.t.OperatorHelmChartContainer - [local-hivemq-6f4d548d79] [hivemq] [a9b0f57c] + [[ -f init_tmp ]]
2025-01-30 04:01:28,442 INFO c.h.h.t.OperatorHelmChartContainer - [local-hivemq-6f4d548d79] [hivemq] [a9b0f57c] + [[ -f /etc/podinfo/init-extension-hivemq-amazon-kinesis-extension ]]
2025-01-30 04:01:28,442 INFO c.h.h.t.OperatorHelmChartContainer - [local-hivemq-6f4d548d79] [hivemq] [a9b0f57c] -------------------------------------------------------------------------
2025-01-30 04:01:28,442 INFO c.h.h.t.OperatorHelmChartContainer - [local-hivemq-6f4d548d79] [hivemq] [a9b0f57c] 
2025-01-30 04:01:28,442 INFO c.h.h.t.OperatorHelmChartContainer - [local-hivemq-6f4d548d79] [hivemq] [a9b0f57c]                   _    _  _              __  __   ____
2025-01-30 04:01:28,442 INFO c.h.h.t.OperatorHelmChartContainer - [local-hivemq-6f4d548d79] [hivemq] [a9b0f57c]                  | |  | |(_)            |  \/  | / __ \
2025-01-30 04:01:28,442 INFO c.h.h.t.OperatorHelmChartContainer - [local-hivemq-6f4d548d79] [hivemq] [a9b0f57c]                  | |__| | _ __   __ ___ | \  / || |  | |
2025-01-30 04:01:28,442 INFO c.h.h.t.OperatorHelmChartContainer - [local-hivemq-6f4d548d79] [hivemq] [a9b0f57c]                  |  __  || |\ \ / // _ \| |\/| || |  | |
2025-01-30 04:01:28,442 INFO c.h.h.t.OperatorHelmChartContainer - [local-hivemq-6f4d548d79] [hivemq] [a9b0f57c]                  | |  | || | \ V /|  __/| |  | || |__| |
2025-01-30 04:01:28,442 INFO c.h.h.t.OperatorHelmChartContainer - [local-hivemq-6f4d548d79] [hivemq] [a9b0f57c]                  |_|  |_||_|  \_/  \___||_|  |_| \___\_\
2025-01-30 04:01:28,442 INFO c.h.h.t.OperatorHelmChartContainer - [local-hivemq-6f4d548d79] [hivemq] [a9b0f57c] 
2025-01-30 04:01:28,442 INFO c.h.h.t.OperatorHelmChartContainer - [local-hivemq-6f4d548d79] [hivemq] [a9b0f57c] -------------------------------------------------------------------------
2025-01-30 04:01:28,442 INFO c.h.h.t.OperatorHelmChartContainer - [local-hivemq-6f4d548d79] [hivemq] [a9b0f57c] 
2025-01-30 04:01:28,442 INFO c.h.h.t.OperatorHelmChartContainer - [local-hivemq-6f4d548d79] [hivemq] [a9b0f57c]   HiveMQ Start Script for Linux/Unix v1.14
2025-01-30 04:01:28,442 INFO c.h.h.t.OperatorHelmChartContainer - [local-hivemq-6f4d548d79] [hivemq] [a9b0f57c] 
2025-01-30 04:01:28,445 INFO c.h.h.t.OperatorHelmChartContainer - [local-hivemq-6f4d548d79] [hivemq] [a9b0f57c] -------------------------------------------------------------------------
2025-01-30 04:01:28,445 INFO c.h.h.t.OperatorHelmChartContainer - [local-hivemq-6f4d548d79] [hivemq] [a9b0f57c] 
2025-01-30 04:01:28,445 INFO c.h.h.t.OperatorHelmChartContainer - [local-hivemq-6f4d548d79] [hivemq] [a9b0f57c]   HIVEMQ_HOME: /opt/hivemq
2025-01-30 04:01:28,445 INFO c.h.h.t.OperatorHelmChartContainer - [local-hivemq-6f4d548d79] [hivemq] [a9b0f57c] 
2025-01-30 04:01:28,445 INFO c.h.h.t.OperatorHelmChartContainer - [local-hivemq-6f4d548d79] [hivemq] [a9b0f57c]   JAVA_OPTS: -XX:+UnlockExperimentalVMOptions -XX:InitialRAMPercentage=40 -XX:MaxRAMPercentage=50 -XX:MinRAMPercentage=30 -Djava.net.preferIPv4Stack=true --add-opens java.base/java.lang=ALL-UNNAMED --add-opens java.base/java.nio=ALL-UNNAMED --add-opens java.base/sun.nio.ch=ALL-UNNAMED --add-opens jdk.management/com.sun.management.internal=ALL-UNNAMED --add-exports java.base/jdk.internal.misc=ALL-UNNAMED -Djava.security.egd=file:/dev/./urandom -Dcom.sun.management.jmxremote -Dcom.sun.management.jmxremote.port=9010 -Dcom.sun.management.jmxremote.local.only=false -Dcom.sun.management.jmxremote.authenticate=false -Dcom.sun.management.jmxremote.ssl=false -Duser.language=en -Duser.region=US -XX:+CrashOnOutOfMemoryError -XX:+HeapDumpOnOutOfMemoryError
2025-01-30 04:01:28,445 INFO c.h.h.t.OperatorHelmChartContainer - [local-hivemq-6f4d548d79] [hivemq] [a9b0f57c] 
2025-01-30 04:01:28,445 INFO c.h.h.t.OperatorHelmChartContainer - [local-hivemq-6f4d548d79] [hivemq] [a9b0f57c]   JAVA_VERSION: 21
2025-01-30 04:01:28,445 INFO c.h.h.t.OperatorHelmChartContainer - [local-hivemq-6f4d548d79] [hivemq] [a9b0f57c] 
2025-01-30 04:01:28,445 INFO c.h.h.t.OperatorHelmChartContainer - [local-hivemq-6f4d548d79] [hivemq] [a9b0f57c] -------------------------------------------------------------------------
2025-01-30 04:01:28,445 INFO c.h.h.t.OperatorHelmChartContainer - [local-hivemq-6f4d548d79] [hivemq] [a9b0f57c] 
2025-01-30 04:01:28,445 INFO c.h.h.t.OperatorHelmChartContainer - [local-hivemq-6f4d548d79] [hivemq] [a9b0f57c] INFO  - Starting HiveMQ Enterprise Server
2025-01-30 04:01:28,445 INFO c.h.h.t.OperatorHelmChartContainer - [local-hivemq-6f4d548d79] [hivemq] [a9b0f57c] INFO  - HiveMQ version: 4.36.0
2025-01-30 04:01:28,445 INFO c.h.h.t.OperatorHelmChartContainer - [local-hivemq-6f4d548d79] [hivemq] [a9b0f57c] INFO  - HiveMQ home directory: /opt/hivemq
2025-01-30 04:01:28,445 INFO c.h.h.t.OperatorHelmChartContainer - [local-hivemq-6f4d548d79] [hivemq] [a9b0f57c] INFO  - Log Configuration was overridden by /opt/hivemq/conf/logback.xml
2025-01-30 04:01:28,445 INFO c.h.h.t.OperatorHelmChartContainer - [local-hivemq-6f4d548d79] [hivemq] [a9b0f57c] DEBUG - Adding TCP Listener on bind address 0.0.0.0 and port 1883. Name: tcp-listener-1883. Proxy Protocol supported: false
2025-01-30 04:01:28,445 INFO c.h.h.t.OperatorHelmChartContainer - [local-hivemq-6f4d548d79] [hivemq] [a9b0f57c] DEBUG - Setting retained messages enabled to true
2025-01-30 04:01:28,445 INFO c.h.h.t.OperatorHelmChartContainer - [local-hivemq-6f4d548d79] [hivemq] [a9b0f57c] DEBUG - Setting wildcard subscriptions enabled to true
2025-01-30 04:01:28,445 INFO c.h.h.t.OperatorHelmChartContainer - [local-hivemq-6f4d548d79] [hivemq] [a9b0f57c] DEBUG - Setting subscription identifier enabled to true
2025-01-30 04:01:28,445 INFO c.h.h.t.OperatorHelmChartContainer - [local-hivemq-6f4d548d79] [hivemq] [a9b0f57c] DEBUG - Setting shared subscriptions enabled to true
2025-01-30 04:01:28,445 INFO c.h.h.t.OperatorHelmChartContainer - [local-hivemq-6f4d548d79] [hivemq] [a9b0f57c] DEBUG - Setting maximum qos to EXACTLY_ONCE 
2025-01-30 04:01:28,445 INFO c.h.h.t.OperatorHelmChartContainer - [local-hivemq-6f4d548d79] [hivemq] [a9b0f57c] DEBUG - Setting topic alias enabled to true
2025-01-30 04:01:28,445 INFO c.h.h.t.OperatorHelmChartContainer - [local-hivemq-6f4d548d79] [hivemq] [a9b0f57c] DEBUG - Setting topic alias maximum per client to 5
2025-01-30 04:01:28,445 INFO c.h.h.t.OperatorHelmChartContainer - [local-hivemq-6f4d548d79] [hivemq] [a9b0f57c] DEBUG - Setting the number of max queued messages  per client to 1000 entries
2025-01-30 04:01:28,445 INFO c.h.h.t.OperatorHelmChartContainer - [local-hivemq-6f4d548d79] [hivemq] [a9b0f57c] DEBUG - Setting queued messages strategy for each client to DISCARD
2025-01-30 04:01:28,445 INFO c.h.h.t.OperatorHelmChartContainer - [local-hivemq-6f4d548d79] [hivemq] [a9b0f57c] DEBUG - Setting the expiry interval for client sessions to 4294967295 seconds
2025-01-30 04:01:28,445 INFO c.h.h.t.OperatorHelmChartContainer - [local-hivemq-6f4d548d79] [hivemq] [a9b0f57c] DEBUG - Setting the expiry interval for publish messages to 4294967296 seconds
2025-01-30 04:01:28,445 INFO c.h.h.t.OperatorHelmChartContainer - [local-hivemq-6f4d548d79] [hivemq] [a9b0f57c] DEBUG - Setting the server receive maximum to 10
2025-01-30 04:01:28,445 INFO c.h.h.t.OperatorHelmChartContainer - [local-hivemq-6f4d548d79] [hivemq] [a9b0f57c] DEBUG - Setting keep alive maximum to 65535 seconds
2025-01-30 04:01:28,445 INFO c.h.h.t.OperatorHelmChartContainer - [local-hivemq-6f4d548d79] [hivemq] [a9b0f57c] DEBUG - Setting keep alive allow zero to true
2025-01-30 04:01:28,445 INFO c.h.h.t.OperatorHelmChartContainer - [local-hivemq-6f4d548d79] [hivemq] [a9b0f57c] DEBUG - Setting the maximum packet size for mqtt messages 268435460 bytes
2025-01-30 04:01:28,445 INFO c.h.h.t.OperatorHelmChartContainer - [local-hivemq-6f4d548d79] [hivemq] [a9b0f57c] DEBUG - Setting global maximum allowed connections to -1
2025-01-30 04:01:28,445 INFO c.h.h.t.OperatorHelmChartContainer - [local-hivemq-6f4d548d79] [hivemq] [a9b0f57c] DEBUG - Setting the maximum client id length to 65535
2025-01-30 04:01:28,445 INFO c.h.h.t.OperatorHelmChartContainer - [local-hivemq-6f4d548d79] [hivemq] [a9b0f57c] DEBUG - Setting the timeout for disconnecting idle tcp connections before a connect message was received to 10000 milliseconds
2025-01-30 04:01:28,445 INFO c.h.h.t.OperatorHelmChartContainer - [local-hivemq-6f4d548d79] [hivemq] [a9b0f57c] DEBUG - Throttling the global incoming traffic limit 0 bytes/second
2025-01-30 04:01:28,445 INFO c.h.h.t.OperatorHelmChartContainer - [local-hivemq-6f4d548d79] [hivemq] [a9b0f57c] DEBUG - Setting the maximum topic length to 65535
2025-01-30 04:01:28,445 INFO c.h.h.t.OperatorHelmChartContainer - [local-hivemq-6f4d548d79] [hivemq] [a9b0f57c] DEBUG - Setting allow server assigned client identifier to true
2025-01-30 04:01:28,445 INFO c.h.h.t.OperatorHelmChartContainer - [local-hivemq-6f4d548d79] [hivemq] [a9b0f57c] DEBUG - Setting validate UTF-8 to true
2025-01-30 04:01:28,445 INFO c.h.h.t.OperatorHelmChartContainer - [local-hivemq-6f4d548d79] [hivemq] [a9b0f57c] DEBUG - Setting payload format validation to false
2025-01-30 04:01:28,445 INFO c.h.h.t.OperatorHelmChartContainer - [local-hivemq-6f4d548d79] [hivemq] [a9b0f57c] DEBUG - Setting allow-problem-information to true
2025-01-30 04:01:28,445 INFO c.h.h.t.OperatorHelmChartContainer - [local-hivemq-6f4d548d79] [hivemq] [a9b0f57c] DEBUG - Setting control-center audit log enabled to true
2025-01-30 04:01:28,445 INFO c.h.h.t.OperatorHelmChartContainer - [local-hivemq-6f4d548d79] [hivemq] [a9b0f57c] DEBUG - Setting rest-api audit log enabled to true
2025-01-30 04:01:28,445 INFO c.h.h.t.OperatorHelmChartContainer - [local-hivemq-6f4d548d79] [hivemq] [a9b0f57c] DEBUG - Setting HiveMQ Control Center enabled to true 
2025-01-30 04:01:28,445 INFO c.h.h.t.OperatorHelmChartContainer - [local-hivemq-6f4d548d79] [hivemq] [a9b0f57c] DEBUG - Setting HiveMQ Control Center default login enabled to true 
2025-01-30 04:01:28,445 INFO c.h.h.t.OperatorHelmChartContainer - [local-hivemq-6f4d548d79] [hivemq] [a9b0f57c] DEBUG - Setting HiveMQ Control Center session idle time to 14400 seconds
2025-01-30 04:01:28,445 INFO c.h.h.t.OperatorHelmChartContainer - [local-hivemq-6f4d548d79] [hivemq] [a9b0f57c] DEBUG - Adding Http-Listener to HiveMQ Control Center Config
2025-01-30 04:01:28,445 INFO c.h.h.t.OperatorHelmChartContainer - [local-hivemq-6f4d548d79] [hivemq] [a9b0f57c] DEBUG - Set TLS to disabled for cluster TCP transport
2025-01-30 04:01:28,445 INFO c.h.h.t.OperatorHelmChartContainer - [local-hivemq-6f4d548d79] [hivemq] [a9b0f57c] DEBUG - Setting replica count to 2 
2025-01-30 04:01:28,446 INFO c.h.h.t.OperatorHelmChartContainer - [local-hivemq-6f4d548d79] [hivemq] [a9b0f57c] DEBUG - Setting cluster TCP health-check enabled
2025-01-30 04:01:28,446 INFO c.h.h.t.OperatorHelmChartContainer - [local-hivemq-6f4d548d79] [hivemq] [a9b0f57c] DEBUG - Setting cluster TCP health-check bind-address to 10.42.0.7
2025-01-30 04:01:28,446 INFO c.h.h.t.OperatorHelmChartContainer - [local-hivemq-6f4d548d79] [hivemq] [a9b0f57c] DEBUG - Setting cluster TCP health-check bind-address to 9000
2025-01-30 04:01:28,446 INFO c.h.h.t.OperatorHelmChartContainer - [local-hivemq-6f4d548d79] [hivemq] [a9b0f57c] DEBUG - Setting cluster TCP health-check bind-port to 9000
2025-01-30 04:01:28,446 INFO c.h.h.t.OperatorHelmChartContainer - [local-hivemq-6f4d548d79] [hivemq] [a9b0f57c] DEBUG - Setting cluster TCP health-check external-address to default
2025-01-30 04:01:28,446 INFO c.h.h.t.OperatorHelmChartContainer - [local-hivemq-6f4d548d79] [hivemq] [a9b0f57c] DEBUG - Setting cluster TCP health-check external-port to 0
2025-01-30 04:01:28,446 INFO c.h.h.t.OperatorHelmChartContainer - [local-hivemq-6f4d548d79] [hivemq] [a9b0f57c] DEBUG - Setting cluster heartbeat enabled
2025-01-30 04:01:28,446 INFO c.h.h.t.OperatorHelmChartContainer - [local-hivemq-6f4d548d79] [hivemq] [a9b0f57c] DEBUG - Setting cluster heartbeat interval to 4000 ms
2025-01-30 04:01:28,446 INFO c.h.h.t.OperatorHelmChartContainer - [local-hivemq-6f4d548d79] [hivemq] [a9b0f57c] DEBUG - Setting the cluster heartbeat timeout to 30000 ms
2025-01-30 04:01:28,446 INFO c.h.h.t.OperatorHelmChartContainer - [local-hivemq-6f4d548d79] [hivemq] [a9b0f57c] DEBUG - Setting HiveMQ REST API enabled to false 
2025-01-30 04:01:28,446 INFO c.h.h.t.OperatorHelmChartContainer - [local-hivemq-6f4d548d79] [hivemq] [a9b0f57c] DEBUG - Setting HiveMQ REST API authentication enabled to false 
2025-01-30 04:01:28,446 INFO c.h.h.t.OperatorHelmChartContainer - [local-hivemq-6f4d548d79] [hivemq] [a9b0f57c] DEBUG - Setting HiveMQ Health API enabled to false 
2025-01-30 04:01:28,446 INFO c.h.h.t.OperatorHelmChartContainer - [local-hivemq-6f4d548d79] [hivemq] [a9b0f57c] DEBUG - Setting client event history enabled to false
2025-01-30 04:01:28,446 INFO c.h.h.t.OperatorHelmChartContainer - [local-hivemq-6f4d548d79] [hivemq] [a9b0f57c] DEBUG - Setting client event history lifetime to 604800000 ms
2025-01-30 04:01:28,446 INFO c.h.h.t.OperatorHelmChartContainer - [local-hivemq-6f4d548d79] [hivemq] [a9b0f57c] DEBUG - Setting overload protection enabled to true 
2025-01-30 04:01:28,446 INFO c.h.h.t.OperatorHelmChartContainer - [local-hivemq-6f4d548d79] [hivemq] [a9b0f57c] DEBUG - Setting anonymous usage statistics enabled to false 
2025-01-30 04:01:28,446 INFO c.h.h.t.OperatorHelmChartContainer - [local-hivemq-6f4d548d79] [hivemq] [a9b0f57c] DEBUG - Setting expired messages topic enabled to false
2025-01-30 04:01:28,446 INFO c.h.h.t.OperatorHelmChartContainer - [local-hivemq-6f4d548d79] [hivemq] [a9b0f57c] DEBUG - Setting dropped messages topic enabled to false
2025-01-30 04:01:28,446 INFO c.h.h.t.OperatorHelmChartContainer - [local-hivemq-6f4d548d79] [hivemq] [a9b0f57c] DEBUG - Setting dead messages topic enabled to false
2025-01-30 04:01:28,446 INFO c.h.h.t.OperatorHelmChartContainer - [local-hivemq-6f4d548d79] [hivemq] [a9b0f57c] INFO  - Successfully loaded configuration from '/opt/hivemq/conf/config.xml'.
2025-01-30 04:01:28,446 INFO c.h.h.t.OperatorHelmChartContainer - [local-hivemq-6f4d548d79] [hivemq] [a9b0f57c] DEBUG - Performing sanity checks.
2025-01-30 04:01:28,446 INFO c.h.h.t.OperatorHelmChartContainer - [local-hivemq-6f4d548d79] [hivemq] [a9b0f57c] DEBUG - Soft limit for open files (1048576) satisfies the recommended limit (1000000).
2025-01-30 04:01:28,446 INFO c.h.h.t.OperatorHelmChartContainer - [local-hivemq-6f4d548d79] [hivemq] [a9b0f57c] DEBUG - Hard limit for open files (1048576) satisfies the recommended limit (1000000).
2025-01-30 04:01:28,446 INFO c.h.h.t.OperatorHelmChartContainer - [local-hivemq-6f4d548d79] [hivemq] [a9b0f57c] DEBUG - HiveMQ license directory (/opt/hivemq/license) satisfies all required file-system permissions.
2025-01-30 04:01:28,446 INFO c.h.h.t.OperatorHelmChartContainer - [local-hivemq-6f4d548d79] [hivemq] [a9b0f57c] DEBUG - HiveMQ data directory (/opt/hivemq/data) satisfies all required file-system permissions.
2025-01-30 04:01:28,446 INFO c.h.h.t.OperatorHelmChartContainer - [local-hivemq-6f4d548d79] [hivemq] [a9b0f57c] DEBUG - HiveMQ log directory (/opt/hivemq/log) satisfies all required file-system permissions.
2025-01-30 04:01:28,446 INFO c.h.h.t.OperatorHelmChartContainer - [local-hivemq-6f4d548d79] [hivemq] [a9b0f57c] DEBUG - HiveMQ backup directory (/opt/hivemq/backup) satisfies all required file-system permissions.
2025-01-30 04:01:28,446 INFO c.h.h.t.OperatorHelmChartContainer - [local-hivemq-6f4d548d79] [hivemq] [a9b0f57c] DEBUG - HiveMQ audit directory (/opt/hivemq/audit) satisfies all required file-system permissions.
2025-01-30 04:01:28,446 INFO c.h.h.t.OperatorHelmChartContainer - [local-hivemq-6f4d548d79] [hivemq] [a9b0f57c] DEBUG - HiveMQ extensions directory (/opt/hivemq/extensions) satisfies all required file-system permissions.
2025-01-30 04:01:28,446 INFO c.h.h.t.OperatorHelmChartContainer - [local-hivemq-6f4d548d79] [hivemq] [a9b0f57c] DEBUG - Extension directory hivemq-allow-all-extension (/opt/hivemq/extensions/hivemq-allow-all-extension) satisfies all required file-system permissions.
2025-01-30 04:01:28,446 INFO c.h.h.t.OperatorHelmChartContainer - [local-hivemq-6f4d548d79] [hivemq] [a9b0f57c] DEBUG - Extension directory hivemq-google-cloud-pubsub-extension (/opt/hivemq/extensions/hivemq-google-cloud-pubsub-extension) satisfies all required file-system permissions.
2025-01-30 04:01:28,446 INFO c.h.h.t.OperatorHelmChartContainer - [local-hivemq-6f4d548d79] [hivemq] [a9b0f57c] DEBUG - Extension directory hivemq-enterprise-security-extension (/opt/hivemq/extensions/hivemq-enterprise-security-extension) satisfies all required file-system permissions.
2025-01-30 04:01:28,446 INFO c.h.h.t.OperatorHelmChartContainer - [local-hivemq-6f4d548d79] [hivemq] [a9b0f57c] DEBUG - Extension directory hivemq-bridge-extension (/opt/hivemq/extensions/hivemq-bridge-extension) satisfies all required file-system permissions.
2025-01-30 04:01:28,446 INFO c.h.h.t.OperatorHelmChartContainer - [local-hivemq-6f4d548d79] [hivemq] [a9b0f57c] DEBUG - Extension directory hivemq-kafka-extension (/opt/hivemq/extensions/hivemq-kafka-extension) satisfies all required file-system permissions.
2025-01-30 04:01:28,446 INFO c.h.h.t.OperatorHelmChartContainer - [local-hivemq-6f4d548d79] [hivemq] [a9b0f57c] DEBUG - Extension directory hivemq-distributed-tracing-extension (/opt/hivemq/extensions/hivemq-distributed-tracing-extension) satisfies all required file-system permissions.
2025-01-30 04:01:28,446 INFO c.h.h.t.OperatorHelmChartContainer - [local-hivemq-6f4d548d79] [hivemq] [a9b0f57c] DEBUG - Extension directory hivemq-prometheus-extension (/opt/hivemq/extensions/hivemq-prometheus-extension) satisfies all required file-system permissions.
2025-01-30 04:01:28,447 INFO c.h.h.t.OperatorHelmChartContainer - [POD] svclb-hivemq-local-hivemq-mqtt-cc9af9ca-92wkc [c0a3da9d-bd5f-4fda-9f0b-09e04cfb83c9] in kube-system was ADDED
2025-01-30 04:01:28,449 INFO c.h.h.t.OperatorHelmChartContainer - [local-hivemq-6f4d548d79] [hivemq] [a9b0f57c] DEBUG - Extension directory hivemq-amazon-kinesis-extension (/opt/hivemq/extensions/hivemq-amazon-kinesis-extension) satisfies all required file-system permissions.
2025-01-30 04:01:28,449 INFO c.h.h.t.OperatorHelmChartContainer - [local-hivemq-6f4d548d79] [hivemq] [a9b0f57c] DEBUG - Extension directory hivemq-k8s-sync-extension (/opt/hivemq/extensions/hivemq-k8s-sync-extension) satisfies all required file-system permissions.
2025-01-30 04:01:28,449 INFO c.h.h.t.OperatorHelmChartContainer - [local-hivemq-6f4d548d79] [hivemq] [a9b0f57c] DEBUG - Extension directory hivemq-dns-cluster-discovery (/opt/hivemq/extensions/hivemq-dns-cluster-discovery) satisfies all required file-system permissions.
2025-01-30 04:01:28,449 INFO c.h.h.t.OperatorHelmChartContainer - [local-hivemq-6f4d548d79] [hivemq] [a9b0f57c] DEBUG - Extension directory hivemq-snowflake-extension (/opt/hivemq/extensions/hivemq-snowflake-extension) satisfies all required file-system permissions.
2025-01-30 04:01:28,449 INFO c.h.h.t.OperatorHelmChartContainer - [local-hivemq-6f4d548d79] [hivemq] [a9b0f57c] DEBUG - Extension directory hivemq-postgresql-extension (/opt/hivemq/extensions/hivemq-postgresql-extension) satisfies all required file-system permissions.
2025-01-30 04:01:28,449 INFO c.h.h.t.OperatorHelmChartContainer - [local-hivemq-6f4d548d79] [hivemq] [a9b0f57c] DEBUG - Extension directory hivemq-mysql-extension (/opt/hivemq/extensions/hivemq-mysql-extension) satisfies all required file-system permissions.
2025-01-30 04:01:28,449 INFO c.h.h.t.OperatorHelmChartContainer - [local-hivemq-6f4d548d79] [hivemq] [a9b0f57c] DEBUG - Extension directory hivemq-mongodb-extension (/opt/hivemq/extensions/hivemq-mongodb-extension) satisfies all required file-system permissions.
2025-01-30 04:01:28,449 INFO c.h.h.t.OperatorHelmChartContainer - [local-hivemq-6f4d548d79] [hivemq] [a9b0f57c] DEBUG - Extension directory hivemq-data-lake-extension (/opt/hivemq/extensions/hivemq-data-lake-extension) satisfies all required file-system permissions.
2025-01-30 04:01:28,449 INFO c.h.h.t.OperatorHelmChartContainer - [local-hivemq-6f4d548d79] [hivemq] [a9b0f57c] DEBUG - Extension directory hivemq-microsoft-sql-server-extension (/opt/hivemq/extensions/hivemq-microsoft-sql-server-extension) satisfies all required file-system permissions.
2025-01-30 04:01:28,449 INFO c.h.h.t.OperatorHelmChartContainer - [local-hivemq-6f4d548d79] [hivemq] [a9b0f57c] DEBUG - Temporary directory (/tmp) satisfies all required file-system permissions.
2025-01-30 04:01:28,449 INFO c.h.h.t.OperatorHelmChartContainer - [local-hivemq-6f4d548d79] [hivemq] [a9b0f57c] DEBUG - Heap dump directory (/opt/hivemq/dumps) satisfies all required file-system permissions.
2025-01-30 04:01:28,449 INFO c.h.h.t.OperatorHelmChartContainer - [local-hivemq-6f4d548d79] [hivemq] [a9b0f57c] DEBUG - Performed all sanity checks in 15ms. All sanity checks passed successfully.
2025-01-30 04:01:28,449 INFO c.h.h.t.OperatorHelmChartContainer - [local-hivemq-6f4d548d79] [hivemq] [a9b0f57c] INFO  - This node's ID is 55zGq
2025-01-30 04:01:28,449 INFO c.h.h.t.OperatorHelmChartContainer - [local-hivemq-6f4d548d79] [hivemq] [a9b0f57c] INFO  - Clustering is enabled
2025-01-30 04:01:28,449 INFO c.h.h.t.OperatorHelmChartContainer - [local-hivemq-6f4d548d79] [hivemq] [a9b0f57c] DEBUG - Configured WriteBufferManager with size for memtables 311023370 and for the block cache 466535055
2025-01-30 04:01:28,449 INFO c.h.h.t.OperatorHelmChartContainer - [local-hivemq-6f4d548d79] [hivemq] [a9b0f57c] DEBUG - Starting RocksDBMemoryUsageWatchdog.
2025-01-30 04:01:28,450 INFO c.h.h.t.OperatorHelmChartContainer - [local-hivemq-6f4d548d79] [hivemq] [a9b0f57c] DEBUG - RocksDBMemoryUsageWatchdog is running.
2025-01-30 04:01:28,450 INFO c.h.h.t.OperatorHelmChartContainer - [local-hivemq-6f4d548d79] [hivemq] [a9b0f57c] DEBUG - Folder /opt/hivemq/data/persistence does not exist, trying to create it
2025-01-30 04:01:28,450 INFO c.h.h.t.OperatorHelmChartContainer - [local-hivemq-6f4d548d79] [hivemq] [a9b0f57c] DEBUG - Created folder /opt/hivemq/data
2025-01-30 04:01:28,450 INFO c.h.h.t.OperatorHelmChartContainer - [local-hivemq-6f4d548d79] [hivemq] [a9b0f57c] DEBUG - Folder /opt/hivemq/data/persistence/publish_payload_store/040500_R does not exist, trying to create it
2025-01-30 04:01:28,450 INFO c.h.h.t.OperatorHelmChartContainer - [local-hivemq-6f4d548d79] [hivemq] [a9b0f57c] DEBUG - Folder /opt/hivemq/data/persistence/client_queue/042800_R does not exist, trying to create it
2025-01-30 04:01:28,450 INFO c.h.h.t.OperatorHelmChartContainer - [local-hivemq-6f4d548d79] [hivemq] [a9b0f57c] DEBUG - Folder /opt/hivemq/data/persistence/incoming_message_flow/043000_R does not exist, trying to create it
2025-01-30 04:01:28,450 INFO c.h.h.t.OperatorHelmChartContainer - [local-hivemq-6f4d548d79] [hivemq] [a9b0f57c] DEBUG - Folder /opt/hivemq/data/persistence/attribute/043100_R does not exist, trying to create it
2025-01-30 04:01:28,450 INFO c.h.h.t.OperatorHelmChartContainer - [local-hivemq-6f4d548d79] [hivemq] [a9b0f57c] DEBUG - Folder /opt/hivemq/data/persistence/retained_messages/040800_R does not exist, trying to create it
2025-01-30 04:01:28,450 INFO c.h.h.t.OperatorHelmChartContainer - [local-hivemq-6f4d548d79] [hivemq] [a9b0f57c] DEBUG - Folder /opt/hivemq/data/persistence/client_session_subscriptions/043200_R does not exist, trying to create it
2025-01-30 04:01:28,450 INFO c.h.h.t.OperatorHelmChartContainer - [local-hivemq-6f4d548d79] [hivemq] [a9b0f57c] DEBUG - Folder /opt/hivemq/data/persistence/client_session_store/040100_R does not exist, trying to create it
2025-01-30 04:01:28,450 INFO c.h.h.t.OperatorHelmChartContainer - [local-hivemq-6f4d548d79] [hivemq] [a9b0f57c] DEBUG - Folder /opt/hivemq/data/persistence/data_hub_modules/043000_R does not exist, trying to create it
2025-01-30 04:01:28,450 INFO c.h.h.t.OperatorHelmChartContainer - [local-hivemq-6f4d548d79] [hivemq] [a9b0f57c] DEBUG - Folder /opt/hivemq/data/persistence/data_hub_schemas/042000_R does not exist, trying to create it
2025-01-30 04:01:28,450 INFO c.h.h.t.OperatorHelmChartContainer - [local-hivemq-6f4d548d79] [hivemq] [a9b0f57c] DEBUG - Folder /opt/hivemq/data/persistence/data_hub_scripts/042300_R does not exist, trying to create it
2025-01-30 04:01:28,450 INFO c.h.h.t.OperatorHelmChartContainer - [local-hivemq-6f4d548d79] [hivemq] [a9b0f57c] DEBUG - Folder /opt/hivemq/data/persistence/data_hub_policies/042000_R does not exist, trying to create it
2025-01-30 04:01:28,450 INFO c.h.h.t.OperatorHelmChartContainer - [local-hivemq-6f4d548d79] [hivemq] [a9b0f57c] DEBUG - Diagnostic mode is disabled
2025-01-30 04:01:28,450 INFO c.h.h.t.OperatorHelmChartContainer - [local-hivemq-6f4d548d79] [hivemq] [a9b0f57c] INFO  - No valid license file found. Using trial license, restricted to 25 connections.
2025-01-30 04:01:28,450 INFO c.h.h.t.OperatorHelmChartContainer - [local-hivemq-6f4d548d79] [hivemq] [a9b0f57c] DEBUG - Native Epoll is available on this platform
2025-01-30 04:01:28,450 INFO c.h.h.t.OperatorHelmChartContainer - [local-hivemq-6f4d548d79] [hivemq] [a9b0f57c] DEBUG - Set extension executor thread pool size to 1
2025-01-30 04:01:28,450 INFO c.h.h.t.OperatorHelmChartContainer - [local-hivemq-6f4d548d79] [hivemq] [a9b0f57c] DEBUG - Set extension executor thread pool keep-alive to 30 seconds
2025-01-30 04:01:28,450 INFO c.h.h.t.OperatorHelmChartContainer - [local-hivemq-6f4d548d79] [hivemq] [a9b0f57c] DEBUG - initializing RSA key
2025-01-30 04:01:28,451 INFO c.h.h.t.OperatorHelmChartContainer - [local-hivemq-6f4d548d79] [hivemq] [a9b0f57c] DEBUG - finished initializing RSA key in 1003ms
2025-01-30 04:01:28,451 INFO c.h.h.t.OperatorHelmChartContainer - [local-hivemq-6f4d548d79] [hivemq] [a9b0f57c] DEBUG - Unable to provide size and free metrics for disk /dev/sdb: Could not find the corresponding FileStore (OSHI/Java).
2025-01-30 04:01:28,451 INFO c.h.h.t.OperatorHelmChartContainer - [local-hivemq-6f4d548d79] [hivemq] [a9b0f57c] DEBUG - Unable to provide size and free metrics for disk /dev/sda: Could not find the corresponding FileStore (OSHI/Java).
2025-01-30 04:01:28,451 INFO c.h.h.t.OperatorHelmChartContainer - [local-hivemq-6f4d548d79] [hivemq] [a9b0f57c] DEBUG - Throttling incoming traffic to 0 B/s
2025-01-30 04:01:28,451 INFO c.h.h.t.OperatorHelmChartContainer - [local-hivemq-6f4d548d79] [hivemq] [a9b0f57c] DEBUG - Throttling outgoing traffic to 0 B/s
2025-01-30 04:01:28,451 INFO c.h.h.t.OperatorHelmChartContainer - [local-hivemq-6f4d548d79] [hivemq] [a9b0f57c] INFO  - No valid license file for Data Hub found. Using free license, restricted to 1 policy.
2025-01-30 04:01:28,451 INFO c.h.h.t.OperatorHelmChartContainer - [local-hivemq-6f4d548d79] [hivemq] [a9b0f57c] DEBUG - Building initial topic tree
2025-01-30 04:01:28,451 INFO c.h.h.t.OperatorHelmChartContainer - [local-hivemq-6f4d548d79] [hivemq] [a9b0f57c] DEBUG - Started JMX Metrics Reporting.
2025-01-30 04:01:28,451 INFO c.h.h.t.OperatorHelmChartContainer - [local-hivemq-6f4d548d79] [hivemq] [a9b0f57c] DEBUG - Registered JVM metrics with prefix com.hivemq.jvm.
2025-01-30 04:01:28,451 INFO c.h.h.t.OperatorHelmChartContainer - [local-hivemq-6f4d548d79] [hivemq] [a9b0f57c] DEBUG - Registered HiveMQ Health API metrics.
2025-01-30 04:01:28,451 INFO c.h.h.t.OperatorHelmChartContainer - [local-hivemq-6f4d548d79] [hivemq] [a9b0f57c] INFO  - Audit Logger started.
2025-01-30 04:01:28,451 INFO c.h.h.t.OperatorHelmChartContainer - [local-hivemq-6f4d548d79] [hivemq] [a9b0f57c] INFO  - This node uses '1' CPU cores.
2025-01-30 04:01:28,451 INFO c.h.h.t.OperatorHelmChartContainer - [local-hivemq-6f4d548d79] [hivemq] [a9b0f57c] INFO  - Starting HiveMQ extension system.
2025-01-30 04:01:28,451 INFO c.h.h.t.OperatorHelmChartContainer - [local-hivemq-6f4d548d79] [hivemq] [a9b0f57c] INFO  - Starting extension with id "hivemq-dns-cluster-discovery" at /opt/hivemq/extensions/hivemq-dns-cluster-discovery
2025-01-30 04:01:28,451 INFO c.h.h.t.OperatorHelmChartContainer - [local-hivemq-6f4d548d79] [hivemq] [a9b0f57c] DEBUG - HiveMQ DNS Cluster Discovery Extension: No DNS server address was set in the configuration file or environment variable.
2025-01-30 04:01:28,451 INFO c.h.h.t.OperatorHelmChartContainer - [local-hivemq-6f4d548d79] [hivemq] [a9b0f57c] DEBUG - HiveMQ DNS Cluster Discovery Extension: No reload interval was set in the configuration file or environment variable. Defaulting to 30.
2025-01-30 04:01:28,451 INFO c.h.h.t.OperatorHelmChartContainer - [local-hivemq-6f4d548d79] [hivemq] [a9b0f57c] INFO  - Extension "DNS Cluster Discovery Extension" version 4.3.3 started successfully.
2025-01-30 04:01:28,451 INFO c.h.h.t.OperatorHelmChartContainer - [local-hivemq-6f4d548d79] [hivemq] [a9b0f57c] INFO  - Starting extension with id "hivemq-k8s-sync-extension" at /opt/hivemq/extensions/hivemq-k8s-sync-extension
2025-01-30 04:01:28,451 INFO c.h.h.t.OperatorHelmChartContainer - [local-hivemq-6f4d548d79] [hivemq] [a9b0f57c] INFO  - Using TCP cluster transport on address 10.42.0.7 and port 7000
2025-01-30 04:01:28,451 INFO c.h.h.t.OperatorHelmChartContainer - [local-hivemq-6f4d548d79] [hivemq] [a9b0f57c] INFO  - Using extension cluster discovery
2025-01-30 04:01:28,451 INFO c.h.h.t.OperatorHelmChartContainer - [local-hivemq-6f4d548d79] [hivemq] [a9b0f57c] DEBUG - Could not get configMap modification timestamp for source /hivemq-data/conf/..data, likely no ConfigMap mounted
2025-01-30 04:01:28,451 INFO c.h.h.t.OperatorHelmChartContainer - [local-hivemq-6f4d548d79] [hivemq] [a9b0f57c] DEBUG - Could not get configMap modification timestamp for source /hivemq-data/extensions/..data, likely no ConfigMap mounted
2025-01-30 04:01:28,451 INFO c.h.h.t.OperatorHelmChartContainer - [local-hivemq-6f4d548d79] [hivemq] [a9b0f57c] DEBUG - Could not get configMap modification timestamp for source /hivemq-data/bin/..data, likely no ConfigMap mounted
2025-01-30 04:01:28,451 INFO c.h.h.t.OperatorHelmChartContainer - [local-hivemq-6f4d548d79] [hivemq] [a9b0f57c] INFO  - Started HiveMQ Kubernetes State Synchronization Extension:1.0.3
2025-01-30 04:01:28,451 INFO c.h.h.t.OperatorHelmChartContainer - [local-hivemq-6f4d548d79] [hivemq] [a9b0f57c] INFO  - Extension "HiveMQ Kubernetes State Synchronization Extension" version 1.0.3 started successfully.
2025-01-30 04:01:28,451 INFO c.h.h.t.OperatorHelmChartContainer - [local-hivemq-6f4d548d79] [hivemq] [a9b0f57c] INFO  - Starting extension with id "hivemq-allow-all-extension" at /opt/hivemq/extensions/hivemq-allow-all-extension
2025-01-30 04:01:28,451 INFO c.h.h.t.OperatorHelmChartContainer - [local-hivemq-6f4d548d79] [hivemq] [a9b0f57c] WARN  - 
2025-01-30 04:01:28,451 INFO c.h.h.t.OperatorHelmChartContainer - [local-hivemq-6f4d548d79] [hivemq] [a9b0f57c] ################################################################################################################
2025-01-30 04:01:28,451 INFO c.h.h.t.OperatorHelmChartContainer - [local-hivemq-6f4d548d79] [hivemq] [a9b0f57c] # This HiveMQ deployment is not secure! You are lacking Authentication and Authorization.                      #
2025-01-30 04:01:28,451 INFO c.h.h.t.OperatorHelmChartContainer - [local-hivemq-6f4d548d79] [hivemq] [a9b0f57c] # Right now any MQTT client can connect to the broker with a full set of permissions.                          #
2025-01-30 04:01:28,451 INFO c.h.h.t.OperatorHelmChartContainer - [local-hivemq-6f4d548d79] [hivemq] [a9b0f57c] # For production usage, add an appropriate security extension and remove the hivemq-allow-all extension.       #
2025-01-30 04:01:28,451 INFO c.h.h.t.OperatorHelmChartContainer - [local-hivemq-6f4d548d79] [hivemq] [a9b0f57c] # You can download security extensions from the HiveMQ Marketplace (https://www.hivemq.com/extensions/).       #
2025-01-30 04:01:28,451 INFO c.h.h.t.OperatorHelmChartContainer - [local-hivemq-6f4d548d79] [hivemq] [a9b0f57c] ################################################################################################################
2025-01-30 04:01:28,451 INFO c.h.h.t.OperatorHelmChartContainer - [local-hivemq-6f4d548d79] [hivemq] [a9b0f57c] DEBUG - Simple authenticator added by extension 'hivemq-allow-all-extension'.
2025-01-30 04:01:28,451 INFO c.h.h.t.OperatorHelmChartContainer - [local-hivemq-6f4d548d79] [hivemq] [a9b0f57c] INFO  - Extension "Allow All Extension" version 1.1.1 started successfully.
2025-01-30 04:01:28,451 INFO c.h.h.t.OperatorHelmChartContainer - [local-hivemq-6f4d548d79] [hivemq] [a9b0f57c] DEBUG - HiveMQ DNS Cluster Discovery Extension: Discovered new address '10.42.0.7'.
2025-01-30 04:01:28,451 INFO c.h.h.t.OperatorHelmChartContainer - [local-hivemq-6f4d548d79] [hivemq] [a9b0f57c] INFO  - 55zGq: no members discovered after 2017 ms: creating cluster as first member
2025-01-30 04:01:28,452 INFO c.h.h.t.OperatorHelmChartContainer - [local-hivemq-6f4d548d79] [hivemq] [a9b0f57c] INFO  - Cluster nodes found by discovery: [55zGq|0] (1) [55zGq].
2025-01-30 04:01:28,452 INFO c.h.h.t.OperatorHelmChartContainer - [local-hivemq-6f4d548d79] [hivemq] [a9b0f57c] DEBUG - State of node 55zGq changed to UNKNOWN was null. Current cluster node states: {55zGq=UNKNOWN}
2025-01-30 04:01:28,452 INFO c.h.h.t.OperatorHelmChartContainer - [local-hivemq-6f4d548d79] [hivemq] [a9b0f57c] DEBUG - State of node 55zGq set to RUNNING. Current cluster node states: {55zGq=RUNNING}
2025-01-30 04:01:28,452 INFO c.h.h.t.OperatorHelmChartContainer - [local-hivemq-6f4d548d79] [hivemq] [a9b0f57c] WARN  - No user for HiveMQ Control Center configured. Starting with default user
2025-01-30 04:01:28,452 INFO c.h.h.t.OperatorHelmChartContainer - [local-hivemq-6f4d548d79] [hivemq] [a9b0f57c] INFO  - Starting HiveMQ Control Center on address 0.0.0.0 and port 8080
2025-01-30 04:01:28,452 INFO c.h.h.t.OperatorHelmChartContainer - [local-hivemq-6f4d548d79] [hivemq] [a9b0f57c] INFO  - Mounting HiveMQ Control Center V2 Preview
2025-01-30 04:01:28,452 INFO c.h.h.t.OperatorHelmChartContainer - [local-hivemq-6f4d548d79] [hivemq] [a9b0f57c] INFO  - Started HiveMQ Control Center in 1478ms
2025-01-30 04:01:28,459 INFO c.h.h.t.OperatorHelmChartContainer - [EVENT] Normal [Started] Started container operator [default:local-hivemq-hivemq-operator-operator-6b564f6db4-7zgbh]
2025-01-30 04:01:28,462 INFO c.h.h.t.OperatorHelmChartContainer - Received Started event for container operator in pod local-hivemq-hivemq-operator-operator-6b564f6db4-7zgbh [981ebd8e-a3a5-462f-90d0-8534bf062793]
2025-01-30 04:01:28,459 INFO c.h.h.t.OperatorHelmChartContainer - Started log watcher for operator in pod local-hivemq-hivemq-operator-operator-6b564f6db4-7zgbh [981ebd8e-a3a5-462f-90d0-8534bf062793]
2025-01-30 04:01:28,462 INFO c.h.h.t.OperatorHelmChartContainer - [local-hivemq-hivemq-operator] [operator] [981ebd8e] Picked up JAVA_TOOL_OPTIONS: -XX:+UnlockExperimentalVMOptions -XX:InitialRAMPercentage=75 -XX:MaxRAMPercentage=75
2025-01-30 04:01:28,462 INFO c.h.h.t.OperatorHelmChartContainer - [local-hivemq-hivemq-operator] [operator] [981ebd8e]  __  __ _                                  _   
2025-01-30 04:01:28,462 INFO c.h.h.t.OperatorHelmChartContainer - [local-hivemq-hivemq-operator] [operator] [981ebd8e] |  \/  (_) ___ _ __ ___  _ __   __ _ _   _| |_ 
2025-01-30 04:01:28,462 INFO c.h.h.t.OperatorHelmChartContainer - [local-hivemq-hivemq-operator] [operator] [981ebd8e] | |\/| | |/ __| '__/ _ \| '_ \ / _` | | | | __|
2025-01-30 04:01:28,462 INFO c.h.h.t.OperatorHelmChartContainer - [local-hivemq-hivemq-operator] [operator] [981ebd8e] | |  | | | (__| | | (_) | | | | (_| | |_| | |_ 
2025-01-30 04:01:28,462 INFO c.h.h.t.OperatorHelmChartContainer - [local-hivemq-hivemq-operator] [operator] [981ebd8e] |_|  |_|_|\___|_|  \___/|_| |_|\__,_|\__,_|\__|
2025-01-30 04:01:28,462 INFO c.h.h.t.OperatorHelmChartContainer - [local-hivemq-hivemq-operator] [operator] [981ebd8e]   Micronaut (v3.5.2)
2025-01-30 04:01:28,462 INFO c.h.h.t.OperatorHelmChartContainer - [local-hivemq-hivemq-operator] [operator] [981ebd8e] 
2025-01-30 04:01:28,462 INFO c.h.h.t.OperatorHelmChartContainer - [local-hivemq-hivemq-operator] [operator] [981ebd8e] ?[36m04:00:04.006?[0;39m ?[1;30m[main]?[0;39m ?[34mINFO ?[0;39m ?[35mio.micronaut.runtime.Micronaut?[0;39m - Startup completed in 2171ms. Server Running: http://local-hivemq-hivemq-operator-operator-6b564f6db4-7zgbh:8443
2025-01-30 04:01:28,462 INFO c.h.h.t.OperatorHelmChartContainer - [local-hivemq-hivemq-operator] [operator] [981ebd8e] ?[36m04:00:04.930?[0;39m ?[1;30m[main]?[0;39m ?[34mINFO ?[0;39m ?[35mcom.hivemq.Operator?[0;39m - Initializing HiveMQ operator
2025-01-30 04:01:28,462 INFO c.h.h.t.OperatorHelmChartContainer - [local-hivemq-hivemq-operator] [operator] [981ebd8e] ?[36m04:00:06.005?[0;39m ?[1;30m[main]?[0;39m ?[34mINFO ?[0;39m ?[35mcom.hivemq.Operator?[0;39m - Operating from namespace 'default'
2025-01-30 04:01:28,462 INFO c.h.h.t.OperatorHelmChartContainer - [local-hivemq-hivemq-operator] [operator] [981ebd8e] ?[36m04:00:06.203?[0;39m ?[1;30m[pool-3-thread-1]?[0;39m ?[34mINFO ?[0;39m ?[35mcom.hivemq.AbstractWatcher?[0;39m - CustomResource watcher running for kinds HiveMQCluster
2025-01-30 04:01:28,462 INFO c.h.h.t.OperatorHelmChartContainer - [local-hivemq-hivemq-operator] [operator] [981ebd8e] ?[36m04:00:06.828?[0;39m ?[1;30m[main]?[0;39m ?[34mINFO ?[0;39m ?[35mcom.hivemq.Operator?[0;39m - Operator started in 1898ms
2025-01-30 04:01:28,463 INFO c.h.h.t.OperatorHelmChartContainer - [local-hivemq-hivemq-operator] [operator] [981ebd8e] ?[36m04:00:07.127?[0;39m ?[1;30m[pool-3-thread-2]?[0;39m ?[34mINFO ?[0;39m ?[35mcom.hivemq.Operator?[0;39m - Syncing state for cluster 'local-hivemq' in namespace 'default'
2025-01-30 04:01:28,463 INFO c.h.h.t.OperatorHelmChartContainer - [local-hivemq-hivemq-operator] [operator] [981ebd8e] ?[36m04:00:10.638?[0;39m ?[1;30m[pool-3-thread-7]?[0;39m ?[34mINFO ?[0;39m ?[35mcom.hivemq.Operator?[0;39m - Syncing state for cluster 'local-hivemq' in namespace 'default'
2025-01-30 04:01:28,463 INFO c.h.h.t.OperatorHelmChartContainer - [local-hivemq-hivemq-operator] [operator] [981ebd8e] ?[36m04:00:11.448?[0;39m ?[1;30m[pool-3-thread-2]?[0;39m ?[34mINFO ?[0;39m ?[35mcom.hivemq.util.DeploymentUtil?[0;39m - Waiting for deployment local-hivemq to roll out...
2025-01-30 04:01:28,463 INFO c.h.h.t.OperatorHelmChartContainer - [local-hivemq-hivemq-operator] [operator] [981ebd8e] ?[36m04:00:12.235?[0;39m ?[1;30m[pool-3-thread-7]?[0;39m ?[34mINFO ?[0;39m ?[35mcom.hivemq.util.DeploymentUtil?[0;39m - Waiting for deployment local-hivemq to roll out...
2025-01-30 04:01:28,463 INFO c.h.h.t.OperatorHelmChartContainer - [local-hivemq-hivemq-operator] [operator] [981ebd8e] ?[36m04:01:27.950?[0;39m ?[1;30m[pool-3-thread-7]?[0;39m ?[34mINFO ?[0;39m ?[35mcom.hivemq.Operator?[0;39m - State synchronization complete for cluster 'local-hivemq' in namespace 'default' in 77312ms
2025-01-30 04:01:28,463 INFO c.h.h.t.OperatorHelmChartContainer - [local-hivemq-hivemq-operator] [operator] [981ebd8e] ?[36m04:01:28.147?[0;39m ?[1;30m[pool-3-thread-2]?[0;39m ?[34mINFO ?[0;39m ?[35mcom.hivemq.Operator?[0;39m - State synchronization complete for cluster 'local-hivemq' in namespace 'default' in 81020ms
2025-01-30 04:01:28,462 INFO c.h.h.t.OperatorHelmChartContainer - [local-hivemq-6f4d548d79] [hivemq] [a9b0f57c] INFO  - Starting TCP listener on address 0.0.0.0 and port 1883
2025-01-30 04:01:28,463 INFO c.h.h.t.OperatorHelmChartContainer - [local-hivemq-6f4d548d79] [hivemq] [a9b0f57c] INFO  - Started TCP Listener on address 0.0.0.0 and on port 1883.
2025-01-30 04:01:28,463 INFO c.h.h.t.OperatorHelmChartContainer - [local-hivemq-6f4d548d79] [hivemq] [a9b0f57c] INFO  - Started HiveMQ in 24795ms
2025-01-30 04:01:28,463 INFO c.h.h.t.OperatorHelmChartContainer - [EVENT] Normal [SuccessfulCreate] Created pod: local-hivemq-hivemq-operator-operator-6b564f6db4-7zgbh [default:local-hivemq-hivemq-operator-operator-6b564f6db4]
2025-01-30 04:01:28,463 INFO c.h.h.t.OperatorHelmChartContainer - [EVENT] Normal [ScalingReplicaSet] Scaled up replica set local-hivemq-hivemq-operator-operator-6b564f6db4 from 0 to 1 [default:local-hivemq-hivemq-operator-operator]
2025-01-30 04:01:28,463 INFO c.h.h.t.OperatorHelmChartContainer - [EVENT] Normal [ScalingReplicaSet] Scaled up replica set local-hivemq-6f4d548d79 from 0 to 1 [default:local-hivemq]
2025-01-30 04:01:31,116 INFO c.h.h.t.OperatorHelmChartContainer - [local-hivemq-hivemq-operator] [operator] [981ebd8e] ?[36m04:01:31.112?[0;39m ?[1;30m[pool-3-thread-12]?[0;39m ?[34mINFO ?[0;39m ?[35mcom.hivemq.Operator?[0;39m - Syncing state for cluster 'local-hivemq' in namespace 'default'
2025-01-30 04:01:31,218 INFO c.h.h.t.OperatorHelmChartContainer - [K3S] [event.go:389] "Event occurred" object="default/hivemq-local-hivemq-mqtt" fieldPath="" kind="Service" apiVersion="v1" type="Normal" reason="DeletingLoadBalancer" message="Deleting load balancer"
2025-01-30 04:01:31,221 INFO c.h.h.t.OperatorHelmChartContainer - [EVENT] Normal [DeletingLoadBalancer] Deleting load balancer [default:hivemq-local-hivemq-mqtt]
2025-01-30 04:01:31,221 INFO c.h.h.t.OperatorHelmChartContainer - [K3S] [event.go:389] "Event occurred" object="default/hivemq-local-hivemq-mqtt" fieldPath="" kind="Service" apiVersion="v1" type="Normal" reason="DeletedDaemonSet" message="Deleted LoadBalancer DaemonSet kube-system/svclb-hivemq-local-hivemq-mqtt-cc9af9ca"
2025-01-30 04:01:31,221 INFO c.h.h.t.OperatorHelmChartContainer - [K3S] [event.go:389] "Event occurred" object="default/hivemq-local-hivemq-mqtt" fieldPath="" kind="Service" apiVersion="v1" type="Normal" reason="DeletedLoadBalancer" message="Deleted load balancer"
2025-01-30 04:01:31,223 INFO c.h.h.t.OperatorHelmChartContainer - [EVENT] Normal [DeletedLoadBalancer] Deleted load balancer [default:hivemq-local-hivemq-mqtt]
2025-01-30 04:01:31,224 INFO c.h.h.t.OperatorHelmChartContainer - [EVENT] Normal [DeletedDaemonSet] Deleted LoadBalancer DaemonSet kube-system/svclb-hivemq-local-hivemq-mqtt-cc9af9ca [default:hivemq-local-hivemq-mqtt]
2025-01-30 04:01:31,262 DEBUG c.h.h.t.OperatorHelmChartContainer - Chart 'local-hivemq' installed or upgraded
2025-01-30 04:01:31,267 INFO c.h.h.t.OperatorHelmChartContainer - [POD] svclb-hivemq-local-hivemq-mqtt-cc9af9ca-92wkc [c0a3da9d-bd5f-4fda-9f0b-09e04cfb83c9] in kube-system was MODIFIED
2025-01-30 04:01:31,278 DEBUG com.hivemq.helmcharts.util.K8sUtil - State to compare Running and waiting for Updating
2025-01-30 04:01:31,456 INFO c.h.h.t.OperatorHelmChartContainer - [POD] svclb-hivemq-local-hivemq-mqtt-cc9af9ca-92wkc [c0a3da9d-bd5f-4fda-9f0b-09e04cfb83c9] in kube-system was MODIFIED
2025-01-30 04:01:31,551 DEBUG com.hivemq.helmcharts.util.K8sUtil - State to compare Running and waiting for Updating
2025-01-30 04:01:31,650 DEBUG com.hivemq.helmcharts.util.K8sUtil - State to compare Updating and waiting for Updating
2025-01-30 04:01:31,660 DEBUG com.hivemq.helmcharts.util.K8sUtil - State to compare Updating and waiting for Running
2025-01-30 04:01:31,845 INFO c.h.h.t.OperatorHelmChartContainer - [local-hivemq-hivemq-operator] [operator] [981ebd8e] ?[36m04:01:31.842?[0;39m ?[1;30m[pool-3-thread-12]?[0;39m ?[34mINFO ?[0;39m ?[35mcom.hivemq.util.DeploymentUtil?[0;39m - Waiting for deployment local-hivemq to roll out...
2025-01-30 04:01:31,851 INFO c.h.h.t.OperatorHelmChartContainer - [EVENT] Normal [ScalingReplicaSet] Scaled up replica set local-hivemq-5fcc877b5c from 0 to 1 [default:local-hivemq]
2025-01-30 04:01:31,859 INFO c.h.h.t.OperatorHelmChartContainer - [POD] local-hivemq-5fcc877b5c-pl79g [8ab04677-c097-4968-ad43-b961f856a774] in default was ADDED
2025-01-30 04:01:31,862 INFO c.h.h.t.OperatorHelmChartContainer - [EVENT] Normal [SuccessfulCreate] Created pod: local-hivemq-5fcc877b5c-pl79g [default:local-hivemq-5fcc877b5c]
2025-01-30 04:01:31,875 INFO c.h.h.t.OperatorHelmChartContainer - [K3S] [memory_manager.go:355] "RemoveStaleState removing state" podUID="c0a3da9d-bd5f-4fda-9f0b-09e04cfb83c9" containerName="lb-tcp-1883"
2025-01-30 04:01:31,875 INFO c.h.h.t.OperatorHelmChartContainer - [K3S] [replica_set.go:679] "Finished syncing" kind="ReplicaSet" key="default/local-hivemq-5fcc877b5c" duration="18.830514ms"
2025-01-30 04:01:31,876 INFO c.h.h.t.OperatorHelmChartContainer - [POD] local-hivemq-5fcc877b5c-pl79g [8ab04677-c097-4968-ad43-b961f856a774] in default was MODIFIED
2025-01-30 04:01:31,879 INFO c.h.h.t.OperatorHelmChartContainer - [EVENT] Normal [Scheduled] Successfully assigned default/local-hivemq-5fcc877b5c-pl79g to 63bb116cc43a [default:local-hivemq-5fcc877b5c-pl79g]
2025-01-30 04:01:31,882 INFO c.h.h.t.OperatorHelmChartContainer - [K3S] [replica_set.go:679] "Finished syncing" kind="ReplicaSet" key="default/local-hivemq-5fcc877b5c" duration="14.657039ms"
2025-01-30 04:01:31,882 INFO c.h.h.t.OperatorHelmChartContainer - [K3S] [replica_set.go:679] "Finished syncing" kind="ReplicaSet" key="default/local-hivemq-5fcc877b5c" duration="80.319µs"
2025-01-30 04:01:31,886 INFO c.h.h.t.OperatorHelmChartContainer - [K3S] [replica_set.go:679] "Finished syncing" kind="ReplicaSet" key="default/local-hivemq-5fcc877b5c" duration="57.657µs"
2025-01-30 04:01:31,898 INFO c.h.h.t.OperatorHelmChartContainer - [POD] local-hivemq-5fcc877b5c-pl79g [8ab04677-c097-4968-ad43-b961f856a774] in default was MODIFIED
2025-01-30 04:01:31,922 DEBUG com.hivemq.helmcharts.util.K8sUtil - State to compare Updating and waiting for Running
2025-01-30 04:01:31,933 INFO c.h.h.t.OperatorHelmChartContainer - [K3S] [reconciler_common.go:251] "operationExecutor.VerifyControllerAttachedVolume started for volume \"audit\" (UniqueName: \"kubernetes.io/empty-dir/8ab04677-c097-4968-ad43-b961f856a774-audit\") pod \"local-hivemq-5fcc877b5c-pl79g\" (UID: \"8ab04677-c097-4968-ad43-b961f856a774\") " pod="default/local-hivemq-5fcc877b5c-pl79g"
2025-01-30 04:01:31,936 INFO c.h.h.t.OperatorHelmChartContainer - [K3S] [reconciler_common.go:251] "operationExecutor.VerifyControllerAttachedVolume started for volume \"log\" (UniqueName: \"kubernetes.io/empty-dir/8ab04677-c097-4968-ad43-b961f856a774-log\") pod \"local-hivemq-5fcc877b5c-pl79g\" (UID: \"8ab04677-c097-4968-ad43-b961f856a774\") " pod="default/local-hivemq-5fcc877b5c-pl79g"
2025-01-30 04:01:31,936 INFO c.h.h.t.OperatorHelmChartContainer - [K3S] [reconciler_common.go:251] "operationExecutor.VerifyControllerAttachedVolume started for volume \"live-info\" (UniqueName: \"kubernetes.io/configmap/8ab04677-c097-4968-ad43-b961f856a774-live-info\") pod \"local-hivemq-5fcc877b5c-pl79g\" (UID: \"8ab04677-c097-4968-ad43-b961f856a774\") " pod="default/local-hivemq-5fcc877b5c-pl79g"
2025-01-30 04:01:31,936 INFO c.h.h.t.OperatorHelmChartContainer - [K3S] [reconciler_common.go:251] "operationExecutor.VerifyControllerAttachedVolume started for volume \"backup\" (UniqueName: \"kubernetes.io/empty-dir/8ab04677-c097-4968-ad43-b961f856a774-backup\") pod \"local-hivemq-5fcc877b5c-pl79g\" (UID: \"8ab04677-c097-4968-ad43-b961f856a774\") " pod="default/local-hivemq-5fcc877b5c-pl79g"
2025-01-30 04:01:31,936 INFO c.h.h.t.OperatorHelmChartContainer - [K3S] [reconciler_common.go:251] "operationExecutor.VerifyControllerAttachedVolume started for volume \"data\" (UniqueName: \"kubernetes.io/empty-dir/8ab04677-c097-4968-ad43-b961f856a774-data\") pod \"local-hivemq-5fcc877b5c-pl79g\" (UID: \"8ab04677-c097-4968-ad43-b961f856a774\") " pod="default/local-hivemq-5fcc877b5c-pl79g"
2025-01-30 04:01:31,936 INFO c.h.h.t.OperatorHelmChartContainer - [K3S] [reconciler_common.go:251] "operationExecutor.VerifyControllerAttachedVolume started for volume \"conf-override\" (UniqueName: \"kubernetes.io/empty-dir/8ab04677-c097-4968-ad43-b961f856a774-conf-override\") pod \"local-hivemq-5fcc877b5c-pl79g\" (UID: \"8ab04677-c097-4968-ad43-b961f856a774\") " pod="default/local-hivemq-5fcc877b5c-pl79g"
2025-01-30 04:01:31,936 INFO c.h.h.t.OperatorHelmChartContainer - [K3S] [reconciler_common.go:251] "operationExecutor.VerifyControllerAttachedVolume started for volume \"heap-dumps\" (UniqueName: \"kubernetes.io/empty-dir/8ab04677-c097-4968-ad43-b961f856a774-heap-dumps\") pod \"local-hivemq-5fcc877b5c-pl79g\" (UID: \"8ab04677-c097-4968-ad43-b961f856a774\") " pod="default/local-hivemq-5fcc877b5c-pl79g"
2025-01-30 04:01:31,936 INFO c.h.h.t.OperatorHelmChartContainer - [K3S] [reconciler_common.go:251] "operationExecutor.VerifyControllerAttachedVolume started for volume \"dns-wait-config\" (UniqueName: \"kubernetes.io/configmap/8ab04677-c097-4968-ad43-b961f856a774-dns-wait-config\") pod \"local-hivemq-5fcc877b5c-pl79g\" (UID: \"8ab04677-c097-4968-ad43-b961f856a774\") " pod="default/local-hivemq-5fcc877b5c-pl79g"
2025-01-30 04:01:31,936 INFO c.h.h.t.OperatorHelmChartContainer - [K3S] [reconciler_common.go:251] "operationExecutor.VerifyControllerAttachedVolume started for volume \"shared-data\" (UniqueName: \"kubernetes.io/empty-dir/8ab04677-c097-4968-ad43-b961f856a774-shared-data\") pod \"local-hivemq-5fcc877b5c-pl79g\" (UID: \"8ab04677-c097-4968-ad43-b961f856a774\") " pod="default/local-hivemq-5fcc877b5c-pl79g"
2025-01-30 04:01:31,936 INFO c.h.h.t.OperatorHelmChartContainer - [K3S] [reconciler_common.go:251] "operationExecutor.VerifyControllerAttachedVolume started for volume \"kube-api-access-6hgpv\" (UniqueName: \"kubernetes.io/projected/8ab04677-c097-4968-ad43-b961f856a774-kube-api-access-6hgpv\") pod \"local-hivemq-5fcc877b5c-pl79g\" (UID: \"8ab04677-c097-4968-ad43-b961f856a774\") " pod="default/local-hivemq-5fcc877b5c-pl79g"
2025-01-30 04:01:31,936 INFO c.h.h.t.OperatorHelmChartContainer - [K3S] [reconciler_common.go:251] "operationExecutor.VerifyControllerAttachedVolume started for volume \"ese-extension-config\" (UniqueName: \"kubernetes.io/configmap/8ab04677-c097-4968-ad43-b961f856a774-ese-extension-config\") pod \"local-hivemq-5fcc877b5c-pl79g\" (UID: \"8ab04677-c097-4968-ad43-b961f856a774\") " pod="default/local-hivemq-5fcc877b5c-pl79g"
2025-01-30 04:01:32,017 DEBUG com.hivemq.helmcharts.util.K8sUtil - State to compare Updating and waiting for Running
2025-01-30 04:01:32,176 INFO c.h.h.t.OperatorHelmChartContainer - [K3S] [scope.go:117] "RemoveContainer" containerID="0359aa847a38c7c75bc7ba8047b130bb7f53cb053e2b0839644e6750cd2f8707"
2025-01-30 04:01:32,184 INFO c.h.h.t.OperatorHelmChartContainer - [K3S] [scope.go:117] "RemoveContainer" containerID="0359aa847a38c7c75bc7ba8047b130bb7f53cb053e2b0839644e6750cd2f8707"
2025-01-30 04:01:32,197 INFO c.h.h.t.OperatorHelmChartContainer - [POD] svclb-hivemq-local-hivemq-mqtt-cc9af9ca-92wkc [c0a3da9d-bd5f-4fda-9f0b-09e04cfb83c9] in kube-system was MODIFIED
2025-01-30 04:01:32,198 INFO c.h.h.t.OperatorHelmChartContainer - [POD] svclb-hivemq-local-hivemq-mqtt-cc9af9ca-92wkc [c0a3da9d-bd5f-4fda-9f0b-09e04cfb83c9] in kube-system was DELETED
2025-01-30 04:01:32,291 INFO c.h.h.t.OperatorHelmChartContainer - [EVENT] Normal [Pulling] Pulling image "busybox:latest" [default:local-hivemq-5fcc877b5c-pl79g]
2025-01-30 04:01:32,495 INFO c.h.h.t.OperatorHelmChartContainer - [EVENT] Normal [Pulled] Successfully pulled image "busybox:latest" in 204ms (204ms including waiting). Image size: 2167089 bytes. [default:local-hivemq-5fcc877b5c-pl79g]
2025-01-30 04:01:32,502 INFO c.h.h.t.OperatorHelmChartContainer - [EVENT] Normal [Created] Created container: init-shared [default:local-hivemq-5fcc877b5c-pl79g]
2025-01-30 04:01:32,545 INFO c.h.h.t.OperatorHelmChartContainer - [EVENT] Normal [Started] Started container init-shared [default:local-hivemq-5fcc877b5c-pl79g]
2025-01-30 04:01:32,944 INFO c.h.h.t.OperatorHelmChartContainer - [K3S] [kubelet_volumes.go:163] "Cleaned up orphaned pod volumes dir" podUID="c0a3da9d-bd5f-4fda-9f0b-09e04cfb83c9" path="/var/lib/kubelet/pods/c0a3da9d-bd5f-4fda-9f0b-09e04cfb83c9/volumes"
2025-01-30 04:01:33,183 INFO c.h.h.t.OperatorHelmChartContainer - [EVENT] Normal [Pulled] Container image "hivemq/init-dns-wait:snapshot" already present on machine [default:local-hivemq-5fcc877b5c-pl79g]
2025-01-30 04:01:33,192 INFO c.h.h.t.OperatorHelmChartContainer - [EVENT] Normal [Created] Created container: dns-wait [default:local-hivemq-5fcc877b5c-pl79g]
2025-01-30 04:01:33,195 INFO c.h.h.t.OperatorHelmChartContainer - [K3S] [replica_set.go:679] "Finished syncing" kind="ReplicaSet" key="default/local-hivemq-5fcc877b5c" duration="57.357µs"
2025-01-30 04:01:33,198 INFO c.h.h.t.OperatorHelmChartContainer - [POD] local-hivemq-5fcc877b5c-pl79g [8ab04677-c097-4968-ad43-b961f856a774] in default was MODIFIED
2025-01-30 04:01:33,242 INFO c.h.h.t.OperatorHelmChartContainer - [EVENT] Normal [Started] Started container dns-wait [default:local-hivemq-5fcc877b5c-pl79g]
2025-01-30 04:01:34,192 INFO c.h.h.t.OperatorHelmChartContainer - [K3S] [replica_set.go:679] "Finished syncing" kind="ReplicaSet" key="default/local-hivemq-5fcc877b5c" duration="58.288µs"
2025-01-30 04:01:34,194 INFO c.h.h.t.OperatorHelmChartContainer - [POD] local-hivemq-5fcc877b5c-pl79g [8ab04677-c097-4968-ad43-b961f856a774] in default was MODIFIED
2025-01-30 04:01:44,201 INFO c.h.h.t.OperatorHelmChartContainer - [EVENT] Normal [Pulled] Container image "hivemq/hivemq4:k8s-4.36.0" already present on machine [default:local-hivemq-5fcc877b5c-pl79g]
2025-01-30 04:01:44,201 INFO c.h.h.t.OperatorHelmChartContainer - Received Pulled event for container hivemq in pod local-hivemq-5fcc877b5c-pl79g [8ab04677-c097-4968-ad43-b961f856a774]
2025-01-30 04:01:44,209 INFO c.h.h.t.OperatorHelmChartContainer - [K3S] [replica_set.go:679] "Finished syncing" kind="ReplicaSet" key="default/local-hivemq-5fcc877b5c" duration="57.647µs"
2025-01-30 04:01:44,212 INFO c.h.h.t.OperatorHelmChartContainer - [POD] local-hivemq-5fcc877b5c-pl79g [8ab04677-c097-4968-ad43-b961f856a774] in default was MODIFIED
2025-01-30 04:01:44,212 INFO c.h.h.t.OperatorHelmChartContainer - [EVENT] Normal [Created] Created container: hivemq [default:local-hivemq-5fcc877b5c-pl79g]
2025-01-30 04:01:44,213 INFO c.h.h.t.OperatorHelmChartContainer - Received Created event for container hivemq in pod local-hivemq-5fcc877b5c-pl79g [8ab04677-c097-4968-ad43-b961f856a774]
2025-01-30 04:01:45,214 INFO c.h.h.t.OperatorHelmChartContainer - [K3S] [replica_set.go:679] "Finished syncing" kind="ReplicaSet" key="default/local-hivemq-5fcc877b5c" duration="51.966µs"
2025-01-30 04:01:45,216 INFO c.h.h.t.OperatorHelmChartContainer - [POD] local-hivemq-5fcc877b5c-pl79g [8ab04677-c097-4968-ad43-b961f856a774] in default was MODIFIED
2025-01-30 04:01:45,232 INFO c.h.h.t.OperatorHelmChartContainer - Started log watcher for hivemq in pod local-hivemq-5fcc877b5c-pl79g [8ab04677-c097-4968-ad43-b961f856a774]
2025-01-30 04:01:45,232 INFO c.h.h.t.OperatorHelmChartContainer - [local-hivemq-5fcc877b5c] [hivemq] [8ab04677] Copying external files
2025-01-30 04:01:45,232 INFO c.h.h.t.OperatorHelmChartContainer - [local-hivemq-5fcc877b5c] [hivemq] [8ab04677] '/conf-override/extensions/hivemq-enterprise-security-extension/..2025_01_30_04_01_32.1589343767' -> '/opt/hivemq/extensions/hivemq-enterprise-security-extension/..2025_01_30_04_01_32.1589343767'
2025-01-30 04:01:45,232 INFO c.h.h.t.OperatorHelmChartContainer - [local-hivemq-5fcc877b5c] [hivemq] [8ab04677] '/conf-override/extensions/hivemq-enterprise-security-extension/..2025_01_30_04_01_32.1589343767/hivemq-enterprise-security-extension.xml' -> '/opt/hivemq/extensions/hivemq-enterprise-security-extension/..2025_01_30_04_01_32.1589343767/hivemq-enterprise-security-extension.xml'
2025-01-30 04:01:45,232 INFO c.h.h.t.OperatorHelmChartContainer - [local-hivemq-5fcc877b5c] [hivemq] [8ab04677] '/conf-override/extensions/hivemq-enterprise-security-extension/..data' -> '/opt/hivemq/extensions/hivemq-enterprise-security-extension/..data'
2025-01-30 04:01:45,232 INFO c.h.h.t.OperatorHelmChartContainer - [local-hivemq-5fcc877b5c] [hivemq] [8ab04677] '/conf-override/extensions/hivemq-enterprise-security-extension/hivemq-enterprise-security-extension.xml' -> '/opt/hivemq/extensions/hivemq-enterprise-security-extension/hivemq-enterprise-security-extension.xml'
2025-01-30 04:01:45,232 INFO c.h.h.t.OperatorHelmChartContainer - [local-hivemq-5fcc877b5c] [hivemq] [8ab04677] Rewriting config.xml...
2025-01-30 04:01:45,232 INFO c.h.h.t.OperatorHelmChartContainer - [local-hivemq-5fcc877b5c] [hivemq] [8ab04677] Creating initial lastUpdate files...
2025-01-30 04:01:45,232 INFO c.h.h.t.OperatorHelmChartContainer - [local-hivemq-5fcc877b5c] [hivemq] [8ab04677] '/conf-override/extensions/hivemq-enterprise-security-extension/..2025_01_30_04_01_32.1589343767/hivemq-enterprise-security-extension.xml' -> '/opt/hivemq/extensions/hivemq-enterprise-security-extension/..2025_01_30_04_01_32.1589343767/hivemq-enterprise-security-extension.xml.lastUpdate'
2025-01-30 04:01:45,232 INFO c.h.h.t.OperatorHelmChartContainer - [local-hivemq-5fcc877b5c] [hivemq] [8ab04677] Disabling Prometheus
2025-01-30 04:01:45,233 INFO c.h.h.t.OperatorHelmChartContainer - [local-hivemq-5fcc877b5c] [hivemq] [8ab04677] Pod info:
2025-01-30 04:01:45,233 INFO c.h.h.t.OperatorHelmChartContainer - [local-hivemq-5fcc877b5c] [hivemq] [8ab04677] extension-names=hivemq-enterprise-security-extension
2025-01-30 04:01:45,233 INFO c.h.h.t.OperatorHelmChartContainer - [local-hivemq-5fcc877b5c] [hivemq] [8ab04677] extension-uris=preinstalled
2025-01-30 04:01:45,233 INFO c.h.h.t.OperatorHelmChartContainer - [local-hivemq-5fcc877b5c] [hivemq] [8ab04677] extension-states=true
2025-01-30 04:01:45,233 INFO c.h.h.t.OperatorHelmChartContainer - [local-hivemq-5fcc877b5c] [hivemq] [8ab04677] extensions-static=false
2025-01-30 04:01:45,233 INFO c.h.h.t.OperatorHelmChartContainer - [local-hivemq-5fcc877b5c] [hivemq] [8ab04677] Installing extension #0 with name: hivemq-enterprise-security-extension, URI: preinstalled, enabled state: true
2025-01-30 04:01:45,233 INFO c.h.h.t.OperatorHelmChartContainer - [local-hivemq-5fcc877b5c] [hivemq] [8ab04677] + [[ 3 != 3 ]]
2025-01-30 04:01:45,233 INFO c.h.h.t.OperatorHelmChartContainer - [local-hivemq-5fcc877b5c] [hivemq] [8ab04677] + EXTENSION_URI=preinstalled
2025-01-30 04:01:45,233 INFO c.h.h.t.OperatorHelmChartContainer - [local-hivemq-5fcc877b5c] [hivemq] [8ab04677] + EXTENSION_NAME=hivemq-enterprise-security-extension
2025-01-30 04:01:45,233 INFO c.h.h.t.OperatorHelmChartContainer - [local-hivemq-5fcc877b5c] [hivemq] [8ab04677] + TARGET_STATE=true
2025-01-30 04:01:45,233 INFO c.h.h.t.OperatorHelmChartContainer - [local-hivemq-5fcc877b5c] [hivemq] [8ab04677] + TARGET_DIR=/opt/hivemq/extensions/hivemq-enterprise-security-extension
2025-01-30 04:01:45,233 INFO c.h.h.t.OperatorHelmChartContainer - [local-hivemq-5fcc877b5c] [hivemq] [8ab04677] ++ mktemp -d
2025-01-30 04:01:45,233 INFO c.h.h.t.OperatorHelmChartContainer - [local-hivemq-5fcc877b5c] [hivemq] [8ab04677] + install_dir=/tmp/tmp.JukI35JMdo
2025-01-30 04:01:45,233 INFO c.h.h.t.OperatorHelmChartContainer - [local-hivemq-5fcc877b5c] [hivemq] [8ab04677] + set +e
2025-01-30 04:01:45,233 INFO c.h.h.t.OperatorHelmChartContainer - [local-hivemq-5fcc877b5c] [hivemq] [8ab04677] + [[ -f /opt/hivemq/extensions/hivemq-enterprise-security-extension/DISABLED ]]
2025-01-30 04:01:45,233 INFO c.h.h.t.OperatorHelmChartContainer - [local-hivemq-5fcc877b5c] [hivemq] [8ab04677] + was_enabled=0
2025-01-30 04:01:45,233 INFO c.h.h.t.OperatorHelmChartContainer - [local-hivemq-5fcc877b5c] [hivemq] [8ab04677] + set -e
2025-01-30 04:01:45,233 INFO c.h.h.t.OperatorHelmChartContainer - [local-hivemq-5fcc877b5c] [hivemq] [8ab04677] + [[ preinstalled != \p\r\e\i\n\s\t\a\l\l\e\d ]]
2025-01-30 04:01:45,233 INFO c.h.h.t.OperatorHelmChartContainer - [local-hivemq-5fcc877b5c] [hivemq] [8ab04677] + [[ true == \f\a\l\s\e ]]
2025-01-30 04:01:45,233 INFO c.h.h.t.OperatorHelmChartContainer - [local-hivemq-5fcc877b5c] [hivemq] [8ab04677] + [[ -f /opt/hivemq/extensions/hivemq-enterprise-security-extension/DISABLED ]]
2025-01-30 04:01:45,233 INFO c.h.h.t.OperatorHelmChartContainer - [local-hivemq-5fcc877b5c] [hivemq] [8ab04677] + rm -f /opt/hivemq/extensions/hivemq-enterprise-security-extension/DISABLED
2025-01-30 04:01:45,233 INFO c.h.h.t.OperatorHelmChartContainer - [local-hivemq-5fcc877b5c] [hivemq] [8ab04677] + was_enabled=0
2025-01-30 04:01:45,233 INFO c.h.h.t.OperatorHelmChartContainer - [local-hivemq-5fcc877b5c] [hivemq] [8ab04677] + [[ preinstalled != \p\r\e\i\n\s\t\a\l\l\e\d ]]
2025-01-30 04:01:45,233 INFO c.h.h.t.OperatorHelmChartContainer - [local-hivemq-5fcc877b5c] [hivemq] [8ab04677] + /opt/hivemq/bin/run_initialization.sh hivemq-enterprise-security-extension
2025-01-30 04:01:45,233 INFO c.h.h.t.OperatorHelmChartContainer - [local-hivemq-5fcc877b5c] [hivemq] [8ab04677] + EXTENSION_NAME=hivemq-enterprise-security-extension
2025-01-30 04:01:45,233 INFO c.h.h.t.OperatorHelmChartContainer - [local-hivemq-5fcc877b5c] [hivemq] [8ab04677] + TARGET_DIR=/opt/hivemq/extensions/hivemq-enterprise-security-extension
2025-01-30 04:01:45,233 INFO c.h.h.t.OperatorHelmChartContainer - [local-hivemq-5fcc877b5c] [hivemq] [8ab04677] + cd /opt/hivemq/extensions/hivemq-enterprise-security-extension
2025-01-30 04:01:45,233 INFO c.h.h.t.OperatorHelmChartContainer - [local-hivemq-5fcc877b5c] [hivemq] [8ab04677] + [[ -f init_tmp ]]
2025-01-30 04:01:45,233 INFO c.h.h.t.OperatorHelmChartContainer - [local-hivemq-5fcc877b5c] [hivemq] [8ab04677] + [[ -f /etc/podinfo/init-extension-hivemq-enterprise-security-extension ]]
2025-01-30 04:01:45,232 INFO c.h.h.t.OperatorHelmChartContainer - [EVENT] Normal [Started] Started container hivemq [default:local-hivemq-5fcc877b5c-pl79g]
2025-01-30 04:01:45,233 INFO c.h.h.t.OperatorHelmChartContainer - [local-hivemq-5fcc877b5c] [hivemq] [8ab04677] /conf-override/extensions/hivemq-enterprise-security-extension/:/opt/hivemq/extensions/hivemq-enterprise-security-extension
2025-01-30 04:01:45,233 INFO c.h.h.t.OperatorHelmChartContainer - [local-hivemq-5fcc877b5c] [hivemq] [8ab04677] -------------------------------------------------------------------------
2025-01-30 04:01:45,233 INFO c.h.h.t.OperatorHelmChartContainer - [local-hivemq-5fcc877b5c] [hivemq] [8ab04677] 
2025-01-30 04:01:45,233 INFO c.h.h.t.OperatorHelmChartContainer - [local-hivemq-5fcc877b5c] [hivemq] [8ab04677]                   _    _  _              __  __   ____
2025-01-30 04:01:45,233 INFO c.h.h.t.OperatorHelmChartContainer - [local-hivemq-5fcc877b5c] [hivemq] [8ab04677]                  | |  | |(_)            |  \/  | / __ \
2025-01-30 04:01:45,233 INFO c.h.h.t.OperatorHelmChartContainer - [local-hivemq-5fcc877b5c] [hivemq] [8ab04677]                  | |__| | _ __   __ ___ | \  / || |  | |
2025-01-30 04:01:45,233 INFO c.h.h.t.OperatorHelmChartContainer - [local-hivemq-5fcc877b5c] [hivemq] [8ab04677]                  |  __  || |\ \ / // _ \| |\/| || |  | |
2025-01-30 04:01:45,233 INFO c.h.h.t.OperatorHelmChartContainer - Received Started event for container hivemq in pod local-hivemq-5fcc877b5c-pl79g [8ab04677-c097-4968-ad43-b961f856a774]
2025-01-30 04:01:45,233 INFO c.h.h.t.OperatorHelmChartContainer - [local-hivemq-5fcc877b5c] [hivemq] [8ab04677]                  | |  | || | \ V /|  __/| |  | || |__| |
2025-01-30 04:01:45,233 INFO c.h.h.t.OperatorHelmChartContainer - [local-hivemq-5fcc877b5c] [hivemq] [8ab04677]                  |_|  |_||_|  \_/  \___||_|  |_| \___\_\
2025-01-30 04:01:45,233 INFO c.h.h.t.OperatorHelmChartContainer - [local-hivemq-5fcc877b5c] [hivemq] [8ab04677] 
2025-01-30 04:01:45,233 INFO c.h.h.t.OperatorHelmChartContainer - [local-hivemq-5fcc877b5c] [hivemq] [8ab04677] -------------------------------------------------------------------------
2025-01-30 04:01:45,233 INFO c.h.h.t.OperatorHelmChartContainer - [local-hivemq-5fcc877b5c] [hivemq] [8ab04677] 
2025-01-30 04:01:45,234 INFO c.h.h.t.OperatorHelmChartContainer - [local-hivemq-5fcc877b5c] [hivemq] [8ab04677]   HiveMQ Start Script for Linux/Unix v1.14
2025-01-30 04:01:45,234 INFO c.h.h.t.OperatorHelmChartContainer - [local-hivemq-5fcc877b5c] [hivemq] [8ab04677] 
2025-01-30 04:01:45,234 INFO c.h.h.t.OperatorHelmChartContainer - [local-hivemq-5fcc877b5c] [hivemq] [8ab04677] -------------------------------------------------------------------------
2025-01-30 04:01:45,234 INFO c.h.h.t.OperatorHelmChartContainer - [local-hivemq-5fcc877b5c] [hivemq] [8ab04677] 
2025-01-30 04:01:45,234 INFO c.h.h.t.OperatorHelmChartContainer - [local-hivemq-5fcc877b5c] [hivemq] [8ab04677]   HIVEMQ_HOME: /opt/hivemq
2025-01-30 04:01:45,234 INFO c.h.h.t.OperatorHelmChartContainer - [local-hivemq-5fcc877b5c] [hivemq] [8ab04677] 
2025-01-30 04:01:45,234 INFO c.h.h.t.OperatorHelmChartContainer - [local-hivemq-5fcc877b5c] [hivemq] [8ab04677]   JAVA_OPTS: -XX:+UnlockExperimentalVMOptions -XX:InitialRAMPercentage=40 -XX:MaxRAMPercentage=50 -XX:MinRAMPercentage=30 -Djava.net.preferIPv4Stack=true --add-opens java.base/java.lang=ALL-UNNAMED --add-opens java.base/java.nio=ALL-UNNAMED --add-opens java.base/sun.nio.ch=ALL-UNNAMED --add-opens jdk.management/com.sun.management.internal=ALL-UNNAMED --add-exports java.base/jdk.internal.misc=ALL-UNNAMED -Djava.security.egd=file:/dev/./urandom -Dcom.sun.management.jmxremote -Dcom.sun.management.jmxremote.port=9010 -Dcom.sun.management.jmxremote.local.only=false -Dcom.sun.management.jmxremote.authenticate=false -Dcom.sun.management.jmxremote.ssl=false -Duser.language=en -Duser.region=US -XX:+CrashOnOutOfMemoryError -XX:+HeapDumpOnOutOfMemoryError
2025-01-30 04:01:45,234 INFO c.h.h.t.OperatorHelmChartContainer - [local-hivemq-5fcc877b5c] [hivemq] [8ab04677] 
2025-01-30 04:01:45,234 INFO c.h.h.t.OperatorHelmChartContainer - [local-hivemq-5fcc877b5c] [hivemq] [8ab04677]   JAVA_VERSION: 21
2025-01-30 04:01:45,234 INFO c.h.h.t.OperatorHelmChartContainer - [local-hivemq-5fcc877b5c] [hivemq] [8ab04677] 
2025-01-30 04:01:45,234 INFO c.h.h.t.OperatorHelmChartContainer - [local-hivemq-5fcc877b5c] [hivemq] [8ab04677] -------------------------------------------------------------------------
2025-01-30 04:01:45,234 INFO c.h.h.t.OperatorHelmChartContainer - [local-hivemq-5fcc877b5c] [hivemq] [8ab04677] 
2025-01-30 04:01:45,574 INFO c.h.h.t.OperatorHelmChartContainer - [local-hivemq-5fcc877b5c] [hivemq] [8ab04677] INFO  - Starting HiveMQ Enterprise Server
2025-01-30 04:01:45,579 INFO c.h.h.t.OperatorHelmChartContainer - [local-hivemq-5fcc877b5c] [hivemq] [8ab04677] INFO  - HiveMQ version: 4.36.0
2025-01-30 04:01:45,579 INFO c.h.h.t.OperatorHelmChartContainer - [local-hivemq-5fcc877b5c] [hivemq] [8ab04677] INFO  - HiveMQ home directory: /opt/hivemq
2025-01-30 04:01:45,580 INFO c.h.h.t.OperatorHelmChartContainer - [local-hivemq-5fcc877b5c] [hivemq] [8ab04677] INFO  - Log Configuration was overridden by /opt/hivemq/conf/logback.xml
2025-01-30 04:01:46,187 INFO c.h.h.t.OperatorHelmChartContainer - [local-hivemq-5fcc877b5c] [hivemq] [8ab04677] DEBUG - Adding TCP Listener on bind address 0.0.0.0 and port 1883. Name: tcp-listener-1883. Proxy Protocol supported: false
2025-01-30 04:01:46,187 INFO c.h.h.t.OperatorHelmChartContainer - [local-hivemq-5fcc877b5c] [hivemq] [8ab04677] DEBUG - Setting retained messages enabled to true
2025-01-30 04:01:46,187 INFO c.h.h.t.OperatorHelmChartContainer - [local-hivemq-5fcc877b5c] [hivemq] [8ab04677] DEBUG - Setting wildcard subscriptions enabled to true
2025-01-30 04:01:46,187 INFO c.h.h.t.OperatorHelmChartContainer - [local-hivemq-5fcc877b5c] [hivemq] [8ab04677] DEBUG - Setting subscription identifier enabled to true
2025-01-30 04:01:46,187 INFO c.h.h.t.OperatorHelmChartContainer - [local-hivemq-5fcc877b5c] [hivemq] [8ab04677] DEBUG - Setting shared subscriptions enabled to true
2025-01-30 04:01:46,187 INFO c.h.h.t.OperatorHelmChartContainer - [local-hivemq-5fcc877b5c] [hivemq] [8ab04677] DEBUG - Setting maximum qos to EXACTLY_ONCE 
2025-01-30 04:01:46,187 INFO c.h.h.t.OperatorHelmChartContainer - [local-hivemq-5fcc877b5c] [hivemq] [8ab04677] DEBUG - Setting topic alias enabled to true
2025-01-30 04:01:46,187 INFO c.h.h.t.OperatorHelmChartContainer - [local-hivemq-5fcc877b5c] [hivemq] [8ab04677] DEBUG - Setting topic alias maximum per client to 5
2025-01-30 04:01:46,187 INFO c.h.h.t.OperatorHelmChartContainer - [local-hivemq-5fcc877b5c] [hivemq] [8ab04677] DEBUG - Setting the number of max queued messages  per client to 1000 entries
2025-01-30 04:01:46,187 INFO c.h.h.t.OperatorHelmChartContainer - [local-hivemq-5fcc877b5c] [hivemq] [8ab04677] DEBUG - Setting queued messages strategy for each client to DISCARD
2025-01-30 04:01:46,187 INFO c.h.h.t.OperatorHelmChartContainer - [local-hivemq-5fcc877b5c] [hivemq] [8ab04677] DEBUG - Setting the expiry interval for client sessions to 4294967295 seconds
2025-01-30 04:01:46,187 INFO c.h.h.t.OperatorHelmChartContainer - [local-hivemq-5fcc877b5c] [hivemq] [8ab04677] DEBUG - Setting the expiry interval for publish messages to 4294967296 seconds
2025-01-30 04:01:46,187 INFO c.h.h.t.OperatorHelmChartContainer - [local-hivemq-5fcc877b5c] [hivemq] [8ab04677] DEBUG - Setting the server receive maximum to 10
2025-01-30 04:01:46,187 INFO c.h.h.t.OperatorHelmChartContainer - [local-hivemq-5fcc877b5c] [hivemq] [8ab04677] DEBUG - Setting keep alive maximum to 65535 seconds
2025-01-30 04:01:46,187 INFO c.h.h.t.OperatorHelmChartContainer - [local-hivemq-5fcc877b5c] [hivemq] [8ab04677] DEBUG - Setting keep alive allow zero to true
2025-01-30 04:01:46,187 INFO c.h.h.t.OperatorHelmChartContainer - [local-hivemq-5fcc877b5c] [hivemq] [8ab04677] DEBUG - Setting the maximum packet size for mqtt messages 268435460 bytes
2025-01-30 04:01:46,187 INFO c.h.h.t.OperatorHelmChartContainer - [local-hivemq-5fcc877b5c] [hivemq] [8ab04677] DEBUG - Setting global maximum allowed connections to -1
2025-01-30 04:01:46,187 INFO c.h.h.t.OperatorHelmChartContainer - [local-hivemq-5fcc877b5c] [hivemq] [8ab04677] DEBUG - Setting the maximum client id length to 65535
2025-01-30 04:01:46,187 INFO c.h.h.t.OperatorHelmChartContainer - [local-hivemq-5fcc877b5c] [hivemq] [8ab04677] DEBUG - Setting the timeout for disconnecting idle tcp connections before a connect message was received to 10000 milliseconds
2025-01-30 04:01:46,187 INFO c.h.h.t.OperatorHelmChartContainer - [local-hivemq-5fcc877b5c] [hivemq] [8ab04677] DEBUG - Throttling the global incoming traffic limit 0 bytes/second
2025-01-30 04:01:46,187 INFO c.h.h.t.OperatorHelmChartContainer - [local-hivemq-5fcc877b5c] [hivemq] [8ab04677] DEBUG - Setting the maximum topic length to 65535
2025-01-30 04:01:46,187 INFO c.h.h.t.OperatorHelmChartContainer - [local-hivemq-5fcc877b5c] [hivemq] [8ab04677] DEBUG - Setting allow server assigned client identifier to true
2025-01-30 04:01:46,187 INFO c.h.h.t.OperatorHelmChartContainer - [local-hivemq-5fcc877b5c] [hivemq] [8ab04677] DEBUG - Setting validate UTF-8 to true
2025-01-30 04:01:46,187 INFO c.h.h.t.OperatorHelmChartContainer - [local-hivemq-5fcc877b5c] [hivemq] [8ab04677] DEBUG - Setting payload format validation to false
2025-01-30 04:01:46,188 INFO c.h.h.t.OperatorHelmChartContainer - [local-hivemq-5fcc877b5c] [hivemq] [8ab04677] DEBUG - Setting allow-problem-information to true
2025-01-30 04:01:46,188 INFO c.h.h.t.OperatorHelmChartContainer - [local-hivemq-5fcc877b5c] [hivemq] [8ab04677] DEBUG - Setting control-center audit log enabled to true
2025-01-30 04:01:46,188 INFO c.h.h.t.OperatorHelmChartContainer - [local-hivemq-5fcc877b5c] [hivemq] [8ab04677] DEBUG - Setting rest-api audit log enabled to true
2025-01-30 04:01:46,188 INFO c.h.h.t.OperatorHelmChartContainer - [local-hivemq-5fcc877b5c] [hivemq] [8ab04677] DEBUG - Setting HiveMQ Control Center enabled to true 
2025-01-30 04:01:46,188 INFO c.h.h.t.OperatorHelmChartContainer - [local-hivemq-5fcc877b5c] [hivemq] [8ab04677] DEBUG - Setting HiveMQ Control Center default login enabled to true 
2025-01-30 04:01:46,188 INFO c.h.h.t.OperatorHelmChartContainer - [local-hivemq-5fcc877b5c] [hivemq] [8ab04677] DEBUG - Setting HiveMQ Control Center session idle time to 14400 seconds
2025-01-30 04:01:46,188 INFO c.h.h.t.OperatorHelmChartContainer - [local-hivemq-5fcc877b5c] [hivemq] [8ab04677] DEBUG - Adding Http-Listener to HiveMQ Control Center Config
2025-01-30 04:01:46,188 INFO c.h.h.t.OperatorHelmChartContainer - [local-hivemq-5fcc877b5c] [hivemq] [8ab04677] DEBUG - Set TLS to disabled for cluster TCP transport
2025-01-30 04:01:46,188 INFO c.h.h.t.OperatorHelmChartContainer - [local-hivemq-5fcc877b5c] [hivemq] [8ab04677] DEBUG - Setting replica count to 2 
2025-01-30 04:01:46,188 INFO c.h.h.t.OperatorHelmChartContainer - [local-hivemq-5fcc877b5c] [hivemq] [8ab04677] DEBUG - Setting cluster TCP health-check enabled
2025-01-30 04:01:46,188 INFO c.h.h.t.OperatorHelmChartContainer - [local-hivemq-5fcc877b5c] [hivemq] [8ab04677] DEBUG - Setting cluster TCP health-check bind-address to 10.42.0.8
2025-01-30 04:01:46,188 INFO c.h.h.t.OperatorHelmChartContainer - [local-hivemq-5fcc877b5c] [hivemq] [8ab04677] DEBUG - Setting cluster TCP health-check bind-address to 9000
2025-01-30 04:01:46,188 INFO c.h.h.t.OperatorHelmChartContainer - [local-hivemq-5fcc877b5c] [hivemq] [8ab04677] DEBUG - Setting cluster TCP health-check bind-port to 9000
2025-01-30 04:01:46,188 INFO c.h.h.t.OperatorHelmChartContainer - [local-hivemq-5fcc877b5c] [hivemq] [8ab04677] DEBUG - Setting cluster TCP health-check external-address to default
2025-01-30 04:01:46,188 INFO c.h.h.t.OperatorHelmChartContainer - [local-hivemq-5fcc877b5c] [hivemq] [8ab04677] DEBUG - Setting cluster TCP health-check external-port to 0
2025-01-30 04:01:46,188 INFO c.h.h.t.OperatorHelmChartContainer - [local-hivemq-5fcc877b5c] [hivemq] [8ab04677] DEBUG - Setting cluster heartbeat enabled
2025-01-30 04:01:46,188 INFO c.h.h.t.OperatorHelmChartContainer - [local-hivemq-5fcc877b5c] [hivemq] [8ab04677] DEBUG - Setting cluster heartbeat interval to 4000 ms
2025-01-30 04:01:46,188 INFO c.h.h.t.OperatorHelmChartContainer - [local-hivemq-5fcc877b5c] [hivemq] [8ab04677] DEBUG - Setting the cluster heartbeat timeout to 30000 ms
2025-01-30 04:01:46,188 INFO c.h.h.t.OperatorHelmChartContainer - [local-hivemq-5fcc877b5c] [hivemq] [8ab04677] DEBUG - Setting HiveMQ REST API enabled to false 
2025-01-30 04:01:46,188 INFO c.h.h.t.OperatorHelmChartContainer - [local-hivemq-5fcc877b5c] [hivemq] [8ab04677] DEBUG - Setting HiveMQ REST API authentication enabled to false 
2025-01-30 04:01:46,188 INFO c.h.h.t.OperatorHelmChartContainer - [local-hivemq-5fcc877b5c] [hivemq] [8ab04677] DEBUG - Setting HiveMQ Health API enabled to false 
2025-01-30 04:01:46,214 INFO c.h.h.t.OperatorHelmChartContainer - [local-hivemq-5fcc877b5c] [hivemq] [8ab04677] DEBUG - Setting client event history enabled to false
2025-01-30 04:01:46,214 INFO c.h.h.t.OperatorHelmChartContainer - [local-hivemq-5fcc877b5c] [hivemq] [8ab04677] DEBUG - Setting client event history lifetime to 604800000 ms
2025-01-30 04:01:46,217 INFO c.h.h.t.OperatorHelmChartContainer - [local-hivemq-5fcc877b5c] [hivemq] [8ab04677] DEBUG - Setting overload protection enabled to true 
2025-01-30 04:01:46,217 INFO c.h.h.t.OperatorHelmChartContainer - [local-hivemq-5fcc877b5c] [hivemq] [8ab04677] DEBUG - Setting anonymous usage statistics enabled to false 
2025-01-30 04:01:46,217 INFO c.h.h.t.OperatorHelmChartContainer - [local-hivemq-5fcc877b5c] [hivemq] [8ab04677] DEBUG - Setting expired messages topic enabled to false
2025-01-30 04:01:46,217 INFO c.h.h.t.OperatorHelmChartContainer - [local-hivemq-5fcc877b5c] [hivemq] [8ab04677] DEBUG - Setting dropped messages topic enabled to false
2025-01-30 04:01:46,217 INFO c.h.h.t.OperatorHelmChartContainer - [local-hivemq-5fcc877b5c] [hivemq] [8ab04677] DEBUG - Setting dead messages topic enabled to false
2025-01-30 04:01:46,217 INFO c.h.h.t.OperatorHelmChartContainer - [local-hivemq-5fcc877b5c] [hivemq] [8ab04677] INFO  - Successfully loaded configuration from '/opt/hivemq/conf/config.xml'.
2025-01-30 04:01:46,377 INFO c.h.h.t.OperatorHelmChartContainer - [local-hivemq-5fcc877b5c] [hivemq] [8ab04677] DEBUG - Performing sanity checks.
2025-01-30 04:01:46,412 INFO c.h.h.t.OperatorHelmChartContainer - [local-hivemq-5fcc877b5c] [hivemq] [8ab04677] DEBUG - Soft limit for open files (1048576) satisfies the recommended limit (1000000).
2025-01-30 04:01:46,414 INFO c.h.h.t.OperatorHelmChartContainer - [local-hivemq-5fcc877b5c] [hivemq] [8ab04677] DEBUG - Hard limit for open files (1048576) satisfies the recommended limit (1000000).
2025-01-30 04:01:46,414 INFO c.h.h.t.OperatorHelmChartContainer - [local-hivemq-5fcc877b5c] [hivemq] [8ab04677] DEBUG - HiveMQ license directory (/opt/hivemq/license) satisfies all required file-system permissions.
2025-01-30 04:01:46,414 INFO c.h.h.t.OperatorHelmChartContainer - [local-hivemq-5fcc877b5c] [hivemq] [8ab04677] DEBUG - HiveMQ data directory (/opt/hivemq/data) satisfies all required file-system permissions.
2025-01-30 04:01:46,414 INFO c.h.h.t.OperatorHelmChartContainer - [local-hivemq-5fcc877b5c] [hivemq] [8ab04677] DEBUG - HiveMQ log directory (/opt/hivemq/log) satisfies all required file-system permissions.
2025-01-30 04:01:46,415 INFO c.h.h.t.OperatorHelmChartContainer - [local-hivemq-5fcc877b5c] [hivemq] [8ab04677] DEBUG - HiveMQ backup directory (/opt/hivemq/backup) satisfies all required file-system permissions.
2025-01-30 04:01:46,415 INFO c.h.h.t.OperatorHelmChartContainer - [local-hivemq-5fcc877b5c] [hivemq] [8ab04677] DEBUG - HiveMQ audit directory (/opt/hivemq/audit) satisfies all required file-system permissions.
2025-01-30 04:01:46,417 INFO c.h.h.t.OperatorHelmChartContainer - [local-hivemq-5fcc877b5c] [hivemq] [8ab04677] DEBUG - HiveMQ extensions directory (/opt/hivemq/extensions) satisfies all required file-system permissions.
2025-01-30 04:01:46,417 INFO c.h.h.t.OperatorHelmChartContainer - [local-hivemq-5fcc877b5c] [hivemq] [8ab04677] DEBUG - Extension directory hivemq-allow-all-extension (/opt/hivemq/extensions/hivemq-allow-all-extension) satisfies all required file-system permissions.
2025-01-30 04:01:46,419 INFO c.h.h.t.OperatorHelmChartContainer - [local-hivemq-5fcc877b5c] [hivemq] [8ab04677] DEBUG - Extension directory hivemq-enterprise-security-extension (/opt/hivemq/extensions/hivemq-enterprise-security-extension) satisfies all required file-system permissions.
2025-01-30 04:01:46,419 INFO c.h.h.t.OperatorHelmChartContainer - [local-hivemq-5fcc877b5c] [hivemq] [8ab04677] DEBUG - Extension directory hivemq-prometheus-extension (/opt/hivemq/extensions/hivemq-prometheus-extension) satisfies all required file-system permissions.
2025-01-30 04:01:46,419 INFO c.h.h.t.OperatorHelmChartContainer - [local-hivemq-5fcc877b5c] [hivemq] [8ab04677] DEBUG - Extension directory hivemq-k8s-sync-extension (/opt/hivemq/extensions/hivemq-k8s-sync-extension) satisfies all required file-system permissions.
2025-01-30 04:01:46,420 INFO c.h.h.t.OperatorHelmChartContainer - [local-hivemq-5fcc877b5c] [hivemq] [8ab04677] DEBUG - Extension directory hivemq-dns-cluster-discovery (/opt/hivemq/extensions/hivemq-dns-cluster-discovery) satisfies all required file-system permissions.
2025-01-30 04:01:46,420 INFO c.h.h.t.OperatorHelmChartContainer - [local-hivemq-5fcc877b5c] [hivemq] [8ab04677] DEBUG - Extension directory hivemq-google-cloud-pubsub-extension (/opt/hivemq/extensions/hivemq-google-cloud-pubsub-extension) satisfies all required file-system permissions.
2025-01-30 04:01:46,420 INFO c.h.h.t.OperatorHelmChartContainer - [local-hivemq-5fcc877b5c] [hivemq] [8ab04677] DEBUG - Extension directory hivemq-snowflake-extension (/opt/hivemq/extensions/hivemq-snowflake-extension) satisfies all required file-system permissions.
2025-01-30 04:01:46,420 INFO c.h.h.t.OperatorHelmChartContainer - [local-hivemq-5fcc877b5c] [hivemq] [8ab04677] DEBUG - Extension directory hivemq-postgresql-extension (/opt/hivemq/extensions/hivemq-postgresql-extension) satisfies all required file-system permissions.
2025-01-30 04:01:46,420 INFO c.h.h.t.OperatorHelmChartContainer - [local-hivemq-5fcc877b5c] [hivemq] [8ab04677] DEBUG - Extension directory hivemq-mysql-extension (/opt/hivemq/extensions/hivemq-mysql-extension) satisfies all required file-system permissions.
2025-01-30 04:01:46,420 INFO c.h.h.t.OperatorHelmChartContainer - [local-hivemq-5fcc877b5c] [hivemq] [8ab04677] DEBUG - Extension directory hivemq-bridge-extension (/opt/hivemq/extensions/hivemq-bridge-extension) satisfies all required file-system permissions.
2025-01-30 04:01:46,420 INFO c.h.h.t.OperatorHelmChartContainer - [local-hivemq-5fcc877b5c] [hivemq] [8ab04677] DEBUG - Extension directory hivemq-kafka-extension (/opt/hivemq/extensions/hivemq-kafka-extension) satisfies all required file-system permissions.
2025-01-30 04:01:46,420 INFO c.h.h.t.OperatorHelmChartContainer - [local-hivemq-5fcc877b5c] [hivemq] [8ab04677] DEBUG - Extension directory hivemq-distributed-tracing-extension (/opt/hivemq/extensions/hivemq-distributed-tracing-extension) satisfies all required file-system permissions.
2025-01-30 04:01:46,421 INFO c.h.h.t.OperatorHelmChartContainer - [local-hivemq-5fcc877b5c] [hivemq] [8ab04677] DEBUG - Extension directory hivemq-mongodb-extension (/opt/hivemq/extensions/hivemq-mongodb-extension) satisfies all required file-system permissions.
2025-01-30 04:01:46,421 INFO c.h.h.t.OperatorHelmChartContainer - [local-hivemq-5fcc877b5c] [hivemq] [8ab04677] DEBUG - Extension directory hivemq-data-lake-extension (/opt/hivemq/extensions/hivemq-data-lake-extension) satisfies all required file-system permissions.
2025-01-30 04:01:46,421 INFO c.h.h.t.OperatorHelmChartContainer - [local-hivemq-5fcc877b5c] [hivemq] [8ab04677] DEBUG - Extension directory hivemq-amazon-kinesis-extension (/opt/hivemq/extensions/hivemq-amazon-kinesis-extension) satisfies all required file-system permissions.
2025-01-30 04:01:46,421 INFO c.h.h.t.OperatorHelmChartContainer - [local-hivemq-5fcc877b5c] [hivemq] [8ab04677] DEBUG - Extension directory hivemq-microsoft-sql-server-extension (/opt/hivemq/extensions/hivemq-microsoft-sql-server-extension) satisfies all required file-system permissions.
2025-01-30 04:01:46,421 INFO c.h.h.t.OperatorHelmChartContainer - [local-hivemq-5fcc877b5c] [hivemq] [8ab04677] DEBUG - Temporary directory (/tmp) satisfies all required file-system permissions.
2025-01-30 04:01:46,421 INFO c.h.h.t.OperatorHelmChartContainer - [local-hivemq-5fcc877b5c] [hivemq] [8ab04677] DEBUG - Heap dump directory (/opt/hivemq/dumps) satisfies all required file-system permissions.
2025-01-30 04:01:46,421 INFO c.h.h.t.OperatorHelmChartContainer - [local-hivemq-5fcc877b5c] [hivemq] [8ab04677] DEBUG - Performed all sanity checks in 39ms. All sanity checks passed successfully.
2025-01-30 04:01:46,421 INFO c.h.h.t.OperatorHelmChartContainer - [local-hivemq-5fcc877b5c] [hivemq] [8ab04677] INFO  - This node's ID is Z7LkZ
2025-01-30 04:01:46,421 INFO c.h.h.t.OperatorHelmChartContainer - [local-hivemq-5fcc877b5c] [hivemq] [8ab04677] INFO  - Clustering is enabled
2025-01-30 04:01:47,189 INFO c.h.h.t.OperatorHelmChartContainer - [local-hivemq-5fcc877b5c] [hivemq] [8ab04677] DEBUG - Configured WriteBufferManager with size for memtables 311023370 and for the block cache 466535055
2025-01-30 04:01:47,189 INFO c.h.h.t.OperatorHelmChartContainer - [local-hivemq-5fcc877b5c] [hivemq] [8ab04677] DEBUG - Starting RocksDBMemoryUsageWatchdog.
2025-01-30 04:01:47,190 INFO c.h.h.t.OperatorHelmChartContainer - [local-hivemq-5fcc877b5c] [hivemq] [8ab04677] DEBUG - RocksDBMemoryUsageWatchdog is running.
2025-01-30 04:01:47,234 INFO c.h.h.t.OperatorHelmChartContainer - [local-hivemq-5fcc877b5c] [hivemq] [8ab04677] DEBUG - Folder /opt/hivemq/data/persistence does not exist, trying to create it
2025-01-30 04:01:47,234 INFO c.h.h.t.OperatorHelmChartContainer - [local-hivemq-5fcc877b5c] [hivemq] [8ab04677] DEBUG - Created folder /opt/hivemq/data
2025-01-30 04:01:47,259 INFO c.h.h.t.OperatorHelmChartContainer - [local-hivemq-5fcc877b5c] [hivemq] [8ab04677] DEBUG - Folder /opt/hivemq/data/persistence/publish_payload_store/040500_R does not exist, trying to create it
2025-01-30 04:01:47,274 INFO c.h.h.t.OperatorHelmChartContainer - [local-hivemq-5fcc877b5c] [hivemq] [8ab04677] DEBUG - Folder /opt/hivemq/data/persistence/client_queue/042800_R does not exist, trying to create it
2025-01-30 04:01:47,282 INFO c.h.h.t.OperatorHelmChartContainer - [local-hivemq-5fcc877b5c] [hivemq] [8ab04677] DEBUG - Folder /opt/hivemq/data/persistence/client_session_store/040100_R does not exist, trying to create it
2025-01-30 04:01:47,312 INFO c.h.h.t.OperatorHelmChartContainer - [local-hivemq-5fcc877b5c] [hivemq] [8ab04677] DEBUG - Folder /opt/hivemq/data/persistence/client_session_subscriptions/043200_R does not exist, trying to create it
2025-01-30 04:01:47,316 INFO c.h.h.t.OperatorHelmChartContainer - [local-hivemq-5fcc877b5c] [hivemq] [8ab04677] DEBUG - Folder /opt/hivemq/data/persistence/retained_messages/040800_R does not exist, trying to create it
2025-01-30 04:01:47,317 INFO c.h.h.t.OperatorHelmChartContainer - [local-hivemq-5fcc877b5c] [hivemq] [8ab04677] DEBUG - Folder /opt/hivemq/data/persistence/attribute/043100_R does not exist, trying to create it
2025-01-30 04:01:47,319 INFO c.h.h.t.OperatorHelmChartContainer - [local-hivemq-5fcc877b5c] [hivemq] [8ab04677] DEBUG - Folder /opt/hivemq/data/persistence/incoming_message_flow/043000_R does not exist, trying to create it
2025-01-30 04:01:47,563 INFO c.h.h.t.OperatorHelmChartContainer - [local-hivemq-5fcc877b5c] [hivemq] [8ab04677] DEBUG - Folder /opt/hivemq/data/persistence/data_hub_modules/043000_R does not exist, trying to create it
2025-01-30 04:01:47,563 INFO c.h.h.t.OperatorHelmChartContainer - [local-hivemq-5fcc877b5c] [hivemq] [8ab04677] DEBUG - Folder /opt/hivemq/data/persistence/data_hub_schemas/042000_R does not exist, trying to create it
2025-01-30 04:01:47,564 INFO c.h.h.t.OperatorHelmChartContainer - [local-hivemq-5fcc877b5c] [hivemq] [8ab04677] DEBUG - Folder /opt/hivemq/data/persistence/data_hub_scripts/042300_R does not exist, trying to create it
2025-01-30 04:01:47,565 INFO c.h.h.t.OperatorHelmChartContainer - [local-hivemq-5fcc877b5c] [hivemq] [8ab04677] DEBUG - Folder /opt/hivemq/data/persistence/data_hub_policies/042000_R does not exist, trying to create it
2025-01-30 04:01:49,086 INFO c.h.h.t.OperatorHelmChartContainer - [local-hivemq-6f4d548d79] [hivemq] [a9b0f57c] DEBUG - HiveMQ DNS Cluster Discovery Extension: Discovered new address '10.42.0.8'.
2025-01-30 04:01:50,071 INFO c.h.h.t.OperatorHelmChartContainer - [local-hivemq-5fcc877b5c] [hivemq] [8ab04677] DEBUG - Diagnostic mode is disabled
2025-01-30 04:01:50,273 INFO c.h.h.t.OperatorHelmChartContainer - [EVENT] Warning [Unhealthy] Readiness probe failed: Log statement not present (yet)
 [default:local-hivemq-5fcc877b5c-pl79g]
2025-01-30 04:01:50,273 INFO c.h.h.t.OperatorHelmChartContainer - Received Unhealthy event for container hivemq in pod local-hivemq-5fcc877b5c-pl79g [8ab04677-c097-4968-ad43-b961f856a774]
2025-01-30 04:01:50,366 INFO c.h.h.t.OperatorHelmChartContainer - [EVENT] Warning [Unhealthy] Readiness probe failed: Log statement not present (yet)
 [default:local-hivemq-5fcc877b5c-pl79g]
2025-01-30 04:01:50,366 INFO c.h.h.t.OperatorHelmChartContainer - Received Unhealthy event for container hivemq in pod local-hivemq-5fcc877b5c-pl79g [8ab04677-c097-4968-ad43-b961f856a774]
2025-01-30 04:01:52,787 INFO c.h.h.t.OperatorHelmChartContainer - [local-hivemq-5fcc877b5c] [hivemq] [8ab04677] INFO  - No valid license file found. Using trial license, restricted to 25 connections.
2025-01-30 04:01:53,015 INFO c.h.h.t.OperatorHelmChartContainer - [local-hivemq-5fcc877b5c] [hivemq] [8ab04677] DEBUG - Native Epoll is available on this platform
2025-01-30 04:01:53,030 INFO c.h.h.t.OperatorHelmChartContainer - [local-hivemq-5fcc877b5c] [hivemq] [8ab04677] DEBUG - Set extension executor thread pool size to 1
2025-01-30 04:01:53,030 INFO c.h.h.t.OperatorHelmChartContainer - [local-hivemq-5fcc877b5c] [hivemq] [8ab04677] DEBUG - Set extension executor thread pool keep-alive to 30 seconds
2025-01-30 04:01:53,063 INFO c.h.h.t.OperatorHelmChartContainer - [local-hivemq-5fcc877b5c] [hivemq] [8ab04677] DEBUG - initializing RSA key
2025-01-30 04:01:54,131 INFO c.h.h.t.OperatorHelmChartContainer - [local-hivemq-5fcc877b5c] [hivemq] [8ab04677] DEBUG - finished initializing RSA key in 1067ms
2025-01-30 04:01:54,670 INFO c.h.h.t.OperatorHelmChartContainer - [local-hivemq-5fcc877b5c] [hivemq] [8ab04677] DEBUG - Unable to provide size and free metrics for disk /dev/sdb: Could not find the corresponding FileStore (OSHI/Java).
2025-01-30 04:01:54,671 INFO c.h.h.t.OperatorHelmChartContainer - [local-hivemq-5fcc877b5c] [hivemq] [8ab04677] DEBUG - Unable to provide size and free metrics for disk /dev/sda: Could not find the corresponding FileStore (OSHI/Java).
2025-01-30 04:01:54,671 INFO c.h.h.t.OperatorHelmChartContainer - [local-hivemq-5fcc877b5c] [hivemq] [8ab04677] DEBUG - Throttling incoming traffic to 0 B/s
2025-01-30 04:01:54,671 INFO c.h.h.t.OperatorHelmChartContainer - [local-hivemq-5fcc877b5c] [hivemq] [8ab04677] DEBUG - Throttling outgoing traffic to 0 B/s
2025-01-30 04:01:54,767 INFO c.h.h.t.OperatorHelmChartContainer - [local-hivemq-5fcc877b5c] [hivemq] [8ab04677] INFO  - No valid license file for Data Hub found. Using free license, restricted to 1 policy.
2025-01-30 04:01:54,775 INFO c.h.h.t.OperatorHelmChartContainer - [local-hivemq-5fcc877b5c] [hivemq] [8ab04677] DEBUG - Building initial topic tree
2025-01-30 04:01:54,912 INFO c.h.h.t.OperatorHelmChartContainer - [local-hivemq-5fcc877b5c] [hivemq] [8ab04677] DEBUG - Started JMX Metrics Reporting.
2025-01-30 04:01:54,924 INFO c.h.h.t.OperatorHelmChartContainer - [local-hivemq-5fcc877b5c] [hivemq] [8ab04677] DEBUG - Registered JVM metrics with prefix com.hivemq.jvm.
2025-01-30 04:01:54,960 INFO c.h.h.t.OperatorHelmChartContainer - [local-hivemq-5fcc877b5c] [hivemq] [8ab04677] DEBUG - Registered HiveMQ Health API metrics.
2025-01-30 04:01:55,331 INFO c.h.h.t.OperatorHelmChartContainer - [EVENT] Warning [Unhealthy] Readiness probe failed: Log statement not present (yet)
 [default:local-hivemq-5fcc877b5c-pl79g]
2025-01-30 04:01:55,331 INFO c.h.h.t.OperatorHelmChartContainer - Received Unhealthy event for container hivemq in pod local-hivemq-5fcc877b5c-pl79g [8ab04677-c097-4968-ad43-b961f856a774]
2025-01-30 04:01:55,366 INFO c.h.h.t.OperatorHelmChartContainer - [local-hivemq-5fcc877b5c] [hivemq] [8ab04677] INFO  - Audit Logger started.
2025-01-30 04:01:55,500 INFO c.h.h.t.OperatorHelmChartContainer - [local-hivemq-5fcc877b5c] [hivemq] [8ab04677] INFO  - This node uses '1' CPU cores.
2025-01-30 04:01:55,718 INFO c.h.h.t.OperatorHelmChartContainer - [local-hivemq-5fcc877b5c] [hivemq] [8ab04677] INFO  - Starting HiveMQ extension system.
2025-01-30 04:01:57,027 INFO c.h.h.t.OperatorHelmChartContainer - [local-hivemq-5fcc877b5c] [hivemq] [8ab04677] INFO  - No license found for enterprise extension with name "HiveMQ Enterprise Security Extension". Entering extension trial mode. "HiveMQ Enterprise Security Extension" will be disabled in 5 hours.
2025-01-30 04:01:57,127 INFO c.h.h.t.OperatorHelmChartContainer - [local-hivemq-5fcc877b5c] [hivemq] [8ab04677] INFO  - Starting extension with id "hivemq-dns-cluster-discovery" at /opt/hivemq/extensions/hivemq-dns-cluster-discovery
2025-01-30 04:01:57,213 INFO c.h.h.t.OperatorHelmChartContainer - [local-hivemq-5fcc877b5c] [hivemq] [8ab04677] DEBUG - HiveMQ DNS Cluster Discovery Extension: No DNS server address was set in the configuration file or environment variable.
2025-01-30 04:01:57,217 INFO c.h.h.t.OperatorHelmChartContainer - [local-hivemq-5fcc877b5c] [hivemq] [8ab04677] DEBUG - HiveMQ DNS Cluster Discovery Extension: No reload interval was set in the configuration file or environment variable. Defaulting to 30.
2025-01-30 04:01:57,373 INFO c.h.h.t.OperatorHelmChartContainer - [local-hivemq-5fcc877b5c] [hivemq] [8ab04677] INFO  - Extension "DNS Cluster Discovery Extension" version 4.3.3 started successfully.
2025-01-30 04:01:57,373 INFO c.h.h.t.OperatorHelmChartContainer - [local-hivemq-5fcc877b5c] [hivemq] [8ab04677] INFO  - Starting extension with id "hivemq-enterprise-security-extension" at /opt/hivemq/extensions/hivemq-enterprise-security-extension
2025-01-30 04:01:57,418 INFO c.h.h.t.OperatorHelmChartContainer - [local-hivemq-5fcc877b5c] [hivemq] [8ab04677] INFO  - Using TCP cluster transport on address 10.42.0.8 and port 7000
2025-01-30 04:01:57,423 INFO c.h.h.t.OperatorHelmChartContainer - [local-hivemq-5fcc877b5c] [hivemq] [8ab04677] INFO  - Using extension cluster discovery
2025-01-30 04:01:57,968 INFO c.h.h.t.OperatorHelmChartContainer - [local-hivemq-5fcc877b5c] [hivemq] [8ab04677] DEBUG - HiveMQ DNS Cluster Discovery Extension: Discovered new address '10.42.0.7'.
2025-01-30 04:01:57,970 INFO c.h.h.t.OperatorHelmChartContainer - [local-hivemq-5fcc877b5c] [hivemq] [8ab04677] DEBUG - HiveMQ DNS Cluster Discovery Extension: Discovered new address '10.42.0.8'.
2025-01-30 04:01:58,031 INFO c.h.h.t.OperatorHelmChartContainer - [local-hivemq-6f4d548d79] [hivemq] [a9b0f57c] INFO  - Cluster nodes found by discovery: [55zGq|1] (2) [55zGq, Z7LkZ].
2025-01-30 04:01:58,031 INFO c.h.h.t.OperatorHelmChartContainer - [local-hivemq-6f4d548d79] [hivemq] [a9b0f57c] DEBUG - New node discovered: 'Z7LkZ'
2025-01-30 04:01:58,031 INFO c.h.h.t.OperatorHelmChartContainer - [local-hivemq-6f4d548d79] [hivemq] [a9b0f57c] DEBUG - State of node Z7LkZ changed to UNKNOWN was null. Current cluster node states: {55zGq=RUNNING, Z7LkZ=UNKNOWN}
2025-01-30 04:01:58,114 INFO c.h.h.t.OperatorHelmChartContainer - [local-hivemq-5fcc877b5c] [hivemq] [8ab04677] INFO  - Cluster nodes found by discovery: [55zGq|1] (2) [55zGq, Z7LkZ].
2025-01-30 04:01:58,117 INFO c.h.h.t.OperatorHelmChartContainer - [local-hivemq-5fcc877b5c] [hivemq] [8ab04677] DEBUG - New node discovered: '55zGq'
2025-01-30 04:01:58,118 INFO c.h.h.t.OperatorHelmChartContainer - [local-hivemq-5fcc877b5c] [hivemq] [8ab04677] DEBUG - State of node 55zGq changed to UNKNOWN was null. Current cluster node states: {55zGq=UNKNOWN}
2025-01-30 04:01:58,120 INFO c.h.h.t.OperatorHelmChartContainer - [local-hivemq-5fcc877b5c] [hivemq] [8ab04677] DEBUG - State of node Z7LkZ changed to UNKNOWN was null. Current cluster node states: {55zGq=UNKNOWN, Z7LkZ=UNKNOWN}
2025-01-30 04:01:58,171 INFO c.h.h.t.OperatorHelmChartContainer - [local-hivemq-5fcc877b5c] [hivemq] [8ab04677] WARN  - HiveMQ Enterprise Security Extension: Cannot load the configuration from '/opt/hivemq/extensions/hivemq-enterprise-security-extension/conf/config.xml' because of the following error: java.nio.file.NoSuchFileException: /opt/hivemq/extensions/hivemq-enterprise-security-extension/conf/config.xml
2025-01-30 04:01:58,172 INFO c.h.h.t.OperatorHelmChartContainer - [local-hivemq-5fcc877b5c] [hivemq] [8ab04677] INFO  - Startup of extension with id "hivemq-enterprise-security-extension" was prevented by the extension itself, reason: Not able to start HiveMQ Enterprise Security Extension, reason: Cannot load the configuration from '/opt/hivemq/extensions/hivemq-enterprise-security-extension/conf/config.xml' because of the following error: java.nio.file.NoSuchFileException: /opt/hivemq/extensions/hivemq-enterprise-security-extension/conf/config.xml. Extension will be disabled.
2025-01-30 04:01:58,215 INFO c.h.h.t.OperatorHelmChartContainer - [local-hivemq-5fcc877b5c] [hivemq] [8ab04677] INFO  - Starting extension with id "hivemq-k8s-sync-extension" at /opt/hivemq/extensions/hivemq-k8s-sync-extension
2025-01-30 04:01:58,267 INFO c.h.h.t.OperatorHelmChartContainer - [local-hivemq-5fcc877b5c] [hivemq] [8ab04677] DEBUG - State of node 55zGq changed to RUNNING was UNKNOWN. Current cluster node states: {55zGq=RUNNING, Z7LkZ=UNKNOWN}
2025-01-30 04:01:58,267 INFO c.h.h.t.OperatorHelmChartContainer - [local-hivemq-5fcc877b5c] [hivemq] [8ab04677] INFO  - Cluster size = 1, members : [55zGq].
2025-01-30 04:01:58,374 INFO c.h.h.t.OperatorHelmChartContainer - [local-hivemq-5fcc877b5c] [hivemq] [8ab04677] DEBUG - Sending NOT_JOINED state request to 55zGq.
2025-01-30 04:01:58,466 INFO c.h.h.t.OperatorHelmChartContainer - [local-hivemq-5fcc877b5c] [hivemq] [8ab04677] DEBUG - Using global cluster id 'qAYRt' (1738209627968). Previous was 'jGCB1' (1738209705377).
2025-01-30 04:01:58,468 INFO c.h.h.t.OperatorHelmChartContainer - [local-hivemq-6f4d548d79] [hivemq] [a9b0f57c] DEBUG - State of node Z7LkZ changed to NOT_JOINED was UNKNOWN. Current cluster node states: {55zGq=RUNNING, Z7LkZ=NOT_JOINED}
2025-01-30 04:01:58,469 INFO c.h.h.t.OperatorHelmChartContainer - [local-hivemq-6f4d548d79] [hivemq] [a9b0f57c] DEBUG - Sending NOT_JOINED state notification for Z7LkZ to all nodes.
2025-01-30 04:01:58,475 INFO c.h.h.t.OperatorHelmChartContainer - [local-hivemq-5fcc877b5c] [hivemq] [8ab04677] DEBUG - State of node Z7LkZ changed to NOT_JOINED was UNKNOWN. Current cluster node states: {55zGq=RUNNING, Z7LkZ=NOT_JOINED}
2025-01-30 04:01:58,517 INFO c.h.h.t.OperatorHelmChartContainer - [local-hivemq-5fcc877b5c] [hivemq] [8ab04677] DEBUG - Sending JOINING state request to 55zGq.
2025-01-30 04:01:58,520 INFO c.h.h.t.OperatorHelmChartContainer - [local-hivemq-5fcc877b5c] [hivemq] [8ab04677] DEBUG - Could not get configMap modification timestamp for source /hivemq-data/extensions/..data, likely no ConfigMap mounted
2025-01-30 04:01:58,520 INFO c.h.h.t.OperatorHelmChartContainer - [local-hivemq-5fcc877b5c] [hivemq] [8ab04677] DEBUG - Could not get configMap modification timestamp for source /hivemq-data/conf/..data, likely no ConfigMap mounted
2025-01-30 04:01:58,520 INFO c.h.h.t.OperatorHelmChartContainer - [local-hivemq-5fcc877b5c] [hivemq] [8ab04677] DEBUG - Could not get configMap modification timestamp for source /hivemq-data/bin/..data, likely no ConfigMap mounted
2025-01-30 04:01:58,523 INFO c.h.h.t.OperatorHelmChartContainer - [local-hivemq-5fcc877b5c] [hivemq] [8ab04677] INFO  - Started HiveMQ Kubernetes State Synchronization Extension:1.0.3
2025-01-30 04:01:58,523 INFO c.h.h.t.OperatorHelmChartContainer - [local-hivemq-5fcc877b5c] [hivemq] [8ab04677] INFO  - Extension "HiveMQ Kubernetes State Synchronization Extension" version 1.0.3 started successfully.
2025-01-30 04:01:58,524 INFO c.h.h.t.OperatorHelmChartContainer - [local-hivemq-5fcc877b5c] [hivemq] [8ab04677] INFO  - Starting extension with id "hivemq-allow-all-extension" at /opt/hivemq/extensions/hivemq-allow-all-extension
2025-01-30 04:01:58,525 INFO c.h.h.t.OperatorHelmChartContainer - [local-hivemq-5fcc877b5c] [hivemq] [8ab04677] WARN  - 
2025-01-30 04:01:58,525 INFO c.h.h.t.OperatorHelmChartContainer - [local-hivemq-5fcc877b5c] [hivemq] [8ab04677] ################################################################################################################
2025-01-30 04:01:58,525 INFO c.h.h.t.OperatorHelmChartContainer - [local-hivemq-5fcc877b5c] [hivemq] [8ab04677] # This HiveMQ deployment is not secure! You are lacking Authentication and Authorization.                      #
2025-01-30 04:01:58,525 INFO c.h.h.t.OperatorHelmChartContainer - [local-hivemq-5fcc877b5c] [hivemq] [8ab04677] # Right now any MQTT client can connect to the broker with a full set of permissions.                          #
2025-01-30 04:01:58,525 INFO c.h.h.t.OperatorHelmChartContainer - [local-hivemq-5fcc877b5c] [hivemq] [8ab04677] # For production usage, add an appropriate security extension and remove the hivemq-allow-all extension.       #
2025-01-30 04:01:58,525 INFO c.h.h.t.OperatorHelmChartContainer - [local-hivemq-5fcc877b5c] [hivemq] [8ab04677] # You can download security extensions from the HiveMQ Marketplace (https://www.hivemq.com/extensions/).       #
2025-01-30 04:01:58,525 INFO c.h.h.t.OperatorHelmChartContainer - [local-hivemq-5fcc877b5c] [hivemq] [8ab04677] ################################################################################################################
2025-01-30 04:01:58,525 INFO c.h.h.t.OperatorHelmChartContainer - [local-hivemq-5fcc877b5c] [hivemq] [8ab04677] DEBUG - Simple authenticator added by extension 'hivemq-allow-all-extension'.
2025-01-30 04:01:58,525 INFO c.h.h.t.OperatorHelmChartContainer - [local-hivemq-5fcc877b5c] [hivemq] [8ab04677] INFO  - Extension "Allow All Extension" version 1.1.1 started successfully.
2025-01-30 04:01:58,527 INFO c.h.h.t.OperatorHelmChartContainer - [local-hivemq-6f4d548d79] [hivemq] [a9b0f57c] DEBUG - Allowing JOIN request for node Z7LkZ.
2025-01-30 04:01:58,528 INFO c.h.h.t.OperatorHelmChartContainer - [local-hivemq-6f4d548d79] [hivemq] [a9b0f57c] DEBUG - State of node Z7LkZ changed to JOINING was NOT_JOINED. Current cluster node states: {55zGq=RUNNING, Z7LkZ=JOINING}
2025-01-30 04:01:58,575 INFO c.h.h.t.OperatorHelmChartContainer - [local-hivemq-6f4d548d79] [hivemq] [a9b0f57c] DEBUG - Sending JOINING state notification for Z7LkZ to all nodes.
2025-01-30 04:01:58,582 INFO c.h.h.t.OperatorHelmChartContainer - [local-hivemq-5fcc877b5c] [hivemq] [8ab04677] DEBUG - State of node Z7LkZ changed to JOINING was NOT_JOINED. Current cluster node states: {55zGq=RUNNING, Z7LkZ=JOINING}
2025-01-30 04:01:58,669 INFO c.h.h.t.OperatorHelmChartContainer - [local-hivemq-5fcc877b5c] [hivemq] [8ab04677] INFO  - Starting cluster join process. This may take a while. Please do not shut down HiveMQ.
2025-01-30 04:01:58,669 INFO c.h.h.t.OperatorHelmChartContainer - [local-hivemq-5fcc877b5c] [hivemq] [8ab04677] DEBUG - Join started. Disabling WAL: true
2025-01-30 04:01:58,672 INFO c.h.h.t.OperatorHelmChartContainer - [local-hivemq-5fcc877b5c] [hivemq] [8ab04677] DEBUG - Replicating data from nodes [55zGq].
2025-01-30 04:01:58,673 INFO c.h.h.t.OperatorHelmChartContainer - [local-hivemq-5fcc877b5c] [hivemq] [8ab04677] INFO  - Cluster join process is still ongoing. Please do not shut down HiveMQ.
2025-01-30 04:01:58,676 INFO c.h.h.t.OperatorHelmChartContainer - [local-hivemq-6f4d548d79] [hivemq] [a9b0f57c] DEBUG - Received replication finished request from Z7LkZ. Response is false.
2025-01-30 04:01:58,862 INFO c.h.h.t.OperatorHelmChartContainer - [local-hivemq-6f4d548d79] [hivemq] [a9b0f57c] DEBUG - Replication of data to nodes [Z7LkZ] finished.
2025-01-30 04:01:59,673 INFO c.h.h.t.OperatorHelmChartContainer - [local-hivemq-6f4d548d79] [hivemq] [a9b0f57c] DEBUG - Received replication finished request from Z7LkZ. Response is true.
2025-01-30 04:01:59,674 INFO c.h.h.t.OperatorHelmChartContainer - [local-hivemq-5fcc877b5c] [hivemq] [8ab04677] DEBUG - Replication of data from node 55zGq finished.
2025-01-30 04:02:00,307 INFO c.h.h.t.OperatorHelmChartContainer - [EVENT] Warning [Unhealthy] Readiness probe failed: Cluster size not matched. Current: 1, expected: 1
 [default:local-hivemq-5fcc877b5c-pl79g]
2025-01-30 04:02:00,307 INFO c.h.h.t.OperatorHelmChartContainer - Received Unhealthy event for container hivemq in pod local-hivemq-5fcc877b5c-pl79g [8ab04677-c097-4968-ad43-b961f856a774]
2025-01-30 04:02:00,672 INFO c.h.h.t.OperatorHelmChartContainer - [local-hivemq-5fcc877b5c] [hivemq] [8ab04677] DEBUG - Join finished. Flushing RocksDBs.
2025-01-30 04:02:00,673 INFO c.h.h.t.OperatorHelmChartContainer - [local-hivemq-5fcc877b5c] [hivemq] [8ab04677] DEBUG - Flushing: /opt/hivemq/data/persistence/publish_payload_store/040500_R/publish_payload_store_0
2025-01-30 04:02:00,674 INFO c.h.h.t.OperatorHelmChartContainer - [local-hivemq-5fcc877b5c] [hivemq] [8ab04677] DEBUG - Flushing: /opt/hivemq/data/persistence/publish_payload_store/040500_R/publish_payload_store_2
2025-01-30 04:02:00,674 INFO c.h.h.t.OperatorHelmChartContainer - [local-hivemq-5fcc877b5c] [hivemq] [8ab04677] DEBUG - Flushing: /opt/hivemq/data/persistence/publish_payload_store/040500_R/publish_payload_store_1
2025-01-30 04:02:00,674 INFO c.h.h.t.OperatorHelmChartContainer - [local-hivemq-5fcc877b5c] [hivemq] [8ab04677] DEBUG - Flushing: /opt/hivemq/data/persistence/publish_payload_store/040500_R/publish_payload_store_3
2025-01-30 04:02:00,674 INFO c.h.h.t.OperatorHelmChartContainer - [local-hivemq-5fcc877b5c] [hivemq] [8ab04677] DEBUG - Flushing: /opt/hivemq/data/persistence/publish_payload_store/040500_R/publish_payload_store_4
2025-01-30 04:02:00,676 INFO c.h.h.t.OperatorHelmChartContainer - [local-hivemq-5fcc877b5c] [hivemq] [8ab04677] DEBUG - Flushing: /opt/hivemq/data/persistence/publish_payload_store/040500_R/publish_payload_store_6
2025-01-30 04:02:00,676 INFO c.h.h.t.OperatorHelmChartContainer - [local-hivemq-5fcc877b5c] [hivemq] [8ab04677] DEBUG - Flushing: /opt/hivemq/data/persistence/publish_payload_store/040500_R/publish_payload_store_5
2025-01-30 04:02:00,676 INFO c.h.h.t.OperatorHelmChartContainer - [local-hivemq-5fcc877b5c] [hivemq] [8ab04677] DEBUG - Flushing: /opt/hivemq/data/persistence/publish_payload_store/040500_R/publish_payload_store_7
2025-01-30 04:02:00,676 INFO c.h.h.t.OperatorHelmChartContainer - [local-hivemq-5fcc877b5c] [hivemq] [8ab04677] DEBUG - Flushing: /opt/hivemq/data/persistence/publish_payload_store/040500_R/publish_payload_store_8
2025-01-30 04:02:00,676 INFO c.h.h.t.OperatorHelmChartContainer - [local-hivemq-5fcc877b5c] [hivemq] [8ab04677] DEBUG - Flushing: /opt/hivemq/data/persistence/publish_payload_store/040500_R/publish_payload_store_9
2025-01-30 04:02:00,676 INFO c.h.h.t.OperatorHelmChartContainer - [local-hivemq-5fcc877b5c] [hivemq] [8ab04677] DEBUG - Flushing: /opt/hivemq/data/persistence/publish_payload_store/040500_R/publish_payload_store_10
2025-01-30 04:02:00,676 INFO c.h.h.t.OperatorHelmChartContainer - [local-hivemq-5fcc877b5c] [hivemq] [8ab04677] DEBUG - Flushing: /opt/hivemq/data/persistence/publish_payload_store/040500_R/publish_payload_store_11
2025-01-30 04:02:00,676 INFO c.h.h.t.OperatorHelmChartContainer - [local-hivemq-5fcc877b5c] [hivemq] [8ab04677] DEBUG - Flushing: /opt/hivemq/data/persistence/publish_payload_store/040500_R/publish_payload_store_12
2025-01-30 04:02:00,676 INFO c.h.h.t.OperatorHelmChartContainer - [local-hivemq-5fcc877b5c] [hivemq] [8ab04677] DEBUG - Flushing: /opt/hivemq/data/persistence/publish_payload_store/040500_R/publish_payload_store_13
2025-01-30 04:02:00,676 INFO c.h.h.t.OperatorHelmChartContainer - [local-hivemq-5fcc877b5c] [hivemq] [8ab04677] DEBUG - Flushing: /opt/hivemq/data/persistence/publish_payload_store/040500_R/publish_payload_store_14
2025-01-30 04:02:00,679 INFO c.h.h.t.OperatorHelmChartContainer - [local-hivemq-5fcc877b5c] [hivemq] [8ab04677] DEBUG - Flushing: /opt/hivemq/data/persistence/publish_payload_store/040500_R/publish_payload_store_15
2025-01-30 04:02:00,679 INFO c.h.h.t.OperatorHelmChartContainer - [local-hivemq-5fcc877b5c] [hivemq] [8ab04677] DEBUG - Flushing: /opt/hivemq/data/persistence/publish_payload_store/040500_R/publish_payload_store_16
2025-01-30 04:02:00,679 INFO c.h.h.t.OperatorHelmChartContainer - [local-hivemq-5fcc877b5c] [hivemq] [8ab04677] DEBUG - Flushing: /opt/hivemq/data/persistence/publish_payload_store/040500_R/publish_payload_store_17
2025-01-30 04:02:00,679 INFO c.h.h.t.OperatorHelmChartContainer - [local-hivemq-5fcc877b5c] [hivemq] [8ab04677] DEBUG - Flushing: /opt/hivemq/data/persistence/publish_payload_store/040500_R/publish_payload_store_18
2025-01-30 04:02:00,680 INFO c.h.h.t.OperatorHelmChartContainer - [local-hivemq-5fcc877b5c] [hivemq] [8ab04677] DEBUG - Flushing: /opt/hivemq/data/persistence/publish_payload_store/040500_R/publish_payload_store_19
2025-01-30 04:02:00,680 INFO c.h.h.t.OperatorHelmChartContainer - [local-hivemq-5fcc877b5c] [hivemq] [8ab04677] DEBUG - Flushing: /opt/hivemq/data/persistence/publish_payload_store/040500_R/publish_payload_store_20
2025-01-30 04:02:00,680 INFO c.h.h.t.OperatorHelmChartContainer - [local-hivemq-5fcc877b5c] [hivemq] [8ab04677] DEBUG - Flushing: /opt/hivemq/data/persistence/publish_payload_store/040500_R/publish_payload_store_21
2025-01-30 04:02:00,680 INFO c.h.h.t.OperatorHelmChartContainer - [local-hivemq-5fcc877b5c] [hivemq] [8ab04677] DEBUG - Flushing: /opt/hivemq/data/persistence/publish_payload_store/040500_R/publish_payload_store_22
2025-01-30 04:02:00,680 INFO c.h.h.t.OperatorHelmChartContainer - [local-hivemq-5fcc877b5c] [hivemq] [8ab04677] DEBUG - Flushing: /opt/hivemq/data/persistence/publish_payload_store/040500_R/publish_payload_store_23
2025-01-30 04:02:00,680 INFO c.h.h.t.OperatorHelmChartContainer - [local-hivemq-5fcc877b5c] [hivemq] [8ab04677] DEBUG - Flushing: /opt/hivemq/data/persistence/publish_payload_store/040500_R/publish_payload_store_24
2025-01-30 04:02:00,680 INFO c.h.h.t.OperatorHelmChartContainer - [local-hivemq-5fcc877b5c] [hivemq] [8ab04677] DEBUG - Flushing: /opt/hivemq/data/persistence/publish_payload_store/040500_R/publish_payload_store_25
2025-01-30 04:02:00,685 INFO c.h.h.t.OperatorHelmChartContainer - [local-hivemq-5fcc877b5c] [hivemq] [8ab04677] DEBUG - Flushing: /opt/hivemq/data/persistence/publish_payload_store/040500_R/publish_payload_store_26
2025-01-30 04:02:00,685 INFO c.h.h.t.OperatorHelmChartContainer - [local-hivemq-5fcc877b5c] [hivemq] [8ab04677] DEBUG - Flushing: /opt/hivemq/data/persistence/publish_payload_store/040500_R/publish_payload_store_27
2025-01-30 04:02:00,685 INFO c.h.h.t.OperatorHelmChartContainer - [local-hivemq-5fcc877b5c] [hivemq] [8ab04677] DEBUG - Flushing: /opt/hivemq/data/persistence/publish_payload_store/040500_R/publish_payload_store_28
2025-01-30 04:02:00,685 INFO c.h.h.t.OperatorHelmChartContainer - [local-hivemq-5fcc877b5c] [hivemq] [8ab04677] DEBUG - Flushing: /opt/hivemq/data/persistence/publish_payload_store/040500_R/publish_payload_store_29
2025-01-30 04:02:00,685 INFO c.h.h.t.OperatorHelmChartContainer - [local-hivemq-5fcc877b5c] [hivemq] [8ab04677] DEBUG - Flushing: /opt/hivemq/data/persistence/publish_payload_store/040500_R/publish_payload_store_30
2025-01-30 04:02:00,685 INFO c.h.h.t.OperatorHelmChartContainer - [local-hivemq-5fcc877b5c] [hivemq] [8ab04677] DEBUG - Flushing: /opt/hivemq/data/persistence/publish_payload_store/040500_R/publish_payload_store_31
2025-01-30 04:02:00,685 INFO c.h.h.t.OperatorHelmChartContainer - [local-hivemq-5fcc877b5c] [hivemq] [8ab04677] DEBUG - Flushing: /opt/hivemq/data/persistence/publish_payload_store/040500_R/publish_payload_store_32
2025-01-30 04:02:00,685 INFO c.h.h.t.OperatorHelmChartContainer - [local-hivemq-5fcc877b5c] [hivemq] [8ab04677] DEBUG - Flushing: /opt/hivemq/data/persistence/publish_payload_store/040500_R/publish_payload_store_33
2025-01-30 04:02:00,685 INFO c.h.h.t.OperatorHelmChartContainer - [local-hivemq-5fcc877b5c] [hivemq] [8ab04677] DEBUG - Flushing: /opt/hivemq/data/persistence/publish_payload_store/040500_R/publish_payload_store_34
2025-01-30 04:02:00,685 INFO c.h.h.t.OperatorHelmChartContainer - [local-hivemq-5fcc877b5c] [hivemq] [8ab04677] DEBUG - Flushing: /opt/hivemq/data/persistence/publish_payload_store/040500_R/publish_payload_store_35
2025-01-30 04:02:00,685 INFO c.h.h.t.OperatorHelmChartContainer - [local-hivemq-5fcc877b5c] [hivemq] [8ab04677] DEBUG - Flushing: /opt/hivemq/data/persistence/publish_payload_store/040500_R/publish_payload_store_36
2025-01-30 04:02:00,685 INFO c.h.h.t.OperatorHelmChartContainer - [local-hivemq-5fcc877b5c] [hivemq] [8ab04677] DEBUG - Flushing: /opt/hivemq/data/persistence/publish_payload_store/040500_R/publish_payload_store_37
2025-01-30 04:02:00,685 INFO c.h.h.t.OperatorHelmChartContainer - [local-hivemq-5fcc877b5c] [hivemq] [8ab04677] DEBUG - Flushing: /opt/hivemq/data/persistence/publish_payload_store/040500_R/publish_payload_store_38
2025-01-30 04:02:00,685 INFO c.h.h.t.OperatorHelmChartContainer - [local-hivemq-5fcc877b5c] [hivemq] [8ab04677] DEBUG - Flushing: /opt/hivemq/data/persistence/publish_payload_store/040500_R/publish_payload_store_39
2025-01-30 04:02:00,685 INFO c.h.h.t.OperatorHelmChartContainer - [local-hivemq-5fcc877b5c] [hivemq] [8ab04677] DEBUG - Flushing: /opt/hivemq/data/persistence/publish_payload_store/040500_R/publish_payload_store_40
2025-01-30 04:02:00,685 INFO c.h.h.t.OperatorHelmChartContainer - [local-hivemq-5fcc877b5c] [hivemq] [8ab04677] DEBUG - Flushing: /opt/hivemq/data/persistence/publish_payload_store/040500_R/publish_payload_store_41
2025-01-30 04:02:00,685 INFO c.h.h.t.OperatorHelmChartContainer - [local-hivemq-5fcc877b5c] [hivemq] [8ab04677] DEBUG - Flushing: /opt/hivemq/data/persistence/publish_payload_store/040500_R/publish_payload_store_42
2025-01-30 04:02:00,685 INFO c.h.h.t.OperatorHelmChartContainer - [local-hivemq-5fcc877b5c] [hivemq] [8ab04677] DEBUG - Flushing: /opt/hivemq/data/persistence/publish_payload_store/040500_R/publish_payload_store_43
2025-01-30 04:02:00,685 INFO c.h.h.t.OperatorHelmChartContainer - [local-hivemq-5fcc877b5c] [hivemq] [8ab04677] DEBUG - Flushing: /opt/hivemq/data/persistence/publish_payload_store/040500_R/publish_payload_store_44
2025-01-30 04:02:00,685 INFO c.h.h.t.OperatorHelmChartContainer - [local-hivemq-5fcc877b5c] [hivemq] [8ab04677] DEBUG - Flushing: /opt/hivemq/data/persistence/publish_payload_store/040500_R/publish_payload_store_45
2025-01-30 04:02:00,685 INFO c.h.h.t.OperatorHelmChartContainer - [local-hivemq-5fcc877b5c] [hivemq] [8ab04677] DEBUG - Flushing: /opt/hivemq/data/persistence/publish_payload_store/040500_R/publish_payload_store_46
2025-01-30 04:02:00,685 INFO c.h.h.t.OperatorHelmChartContainer - [local-hivemq-5fcc877b5c] [hivemq] [8ab04677] DEBUG - Flushing: /opt/hivemq/data/persistence/publish_payload_store/040500_R/publish_payload_store_47
2025-01-30 04:02:00,685 INFO c.h.h.t.OperatorHelmChartContainer - [local-hivemq-5fcc877b5c] [hivemq] [8ab04677] DEBUG - Flushing: /opt/hivemq/data/persistence/publish_payload_store/040500_R/publish_payload_store_48
2025-01-30 04:02:00,685 INFO c.h.h.t.OperatorHelmChartContainer - [local-hivemq-5fcc877b5c] [hivemq] [8ab04677] DEBUG - Flushing: /opt/hivemq/data/persistence/publish_payload_store/040500_R/publish_payload_store_49
2025-01-30 04:02:00,686 INFO c.h.h.t.OperatorHelmChartContainer - [local-hivemq-5fcc877b5c] [hivemq] [8ab04677] DEBUG - Flushing: /opt/hivemq/data/persistence/publish_payload_store/040500_R/publish_payload_store_50
2025-01-30 04:02:00,686 INFO c.h.h.t.OperatorHelmChartContainer - [local-hivemq-5fcc877b5c] [hivemq] [8ab04677] DEBUG - Flushing: /opt/hivemq/data/persistence/publish_payload_store/040500_R/publish_payload_store_51
2025-01-30 04:02:00,686 INFO c.h.h.t.OperatorHelmChartContainer - [local-hivemq-5fcc877b5c] [hivemq] [8ab04677] DEBUG - Flushing: /opt/hivemq/data/persistence/publish_payload_store/040500_R/publish_payload_store_52
2025-01-30 04:02:00,686 INFO c.h.h.t.OperatorHelmChartContainer - [local-hivemq-5fcc877b5c] [hivemq] [8ab04677] DEBUG - Flushing: /opt/hivemq/data/persistence/publish_payload_store/040500_R/publish_payload_store_53
2025-01-30 04:02:00,686 INFO c.h.h.t.OperatorHelmChartContainer - [local-hivemq-5fcc877b5c] [hivemq] [8ab04677] DEBUG - Flushing: /opt/hivemq/data/persistence/publish_payload_store/040500_R/publish_payload_store_54
2025-01-30 04:02:00,686 INFO c.h.h.t.OperatorHelmChartContainer - [local-hivemq-5fcc877b5c] [hivemq] [8ab04677] DEBUG - Flushing: /opt/hivemq/data/persistence/publish_payload_store/040500_R/publish_payload_store_55
2025-01-30 04:02:00,686 INFO c.h.h.t.OperatorHelmChartContainer - [local-hivemq-5fcc877b5c] [hivemq] [8ab04677] DEBUG - Flushing: /opt/hivemq/data/persistence/publish_payload_store/040500_R/publish_payload_store_56
2025-01-30 04:02:00,686 INFO c.h.h.t.OperatorHelmChartContainer - [local-hivemq-5fcc877b5c] [hivemq] [8ab04677] DEBUG - Flushing: /opt/hivemq/data/persistence/publish_payload_store/040500_R/publish_payload_store_57
2025-01-30 04:02:00,686 INFO c.h.h.t.OperatorHelmChartContainer - [local-hivemq-5fcc877b5c] [hivemq] [8ab04677] DEBUG - Flushing: /opt/hivemq/data/persistence/publish_payload_store/040500_R/publish_payload_store_58
2025-01-30 04:02:00,686 INFO c.h.h.t.OperatorHelmChartContainer - [local-hivemq-5fcc877b5c] [hivemq] [8ab04677] DEBUG - Flushing: /opt/hivemq/data/persistence/publish_payload_store/040500_R/publish_payload_store_59
2025-01-30 04:02:00,686 INFO c.h.h.t.OperatorHelmChartContainer - [local-hivemq-5fcc877b5c] [hivemq] [8ab04677] DEBUG - Flushing: /opt/hivemq/data/persistence/publish_payload_store/040500_R/publish_payload_store_60
2025-01-30 04:02:00,686 INFO c.h.h.t.OperatorHelmChartContainer - [local-hivemq-5fcc877b5c] [hivemq] [8ab04677] DEBUG - Flushing: /opt/hivemq/data/persistence/publish_payload_store/040500_R/publish_payload_store_61
2025-01-30 04:02:00,693 INFO c.h.h.t.OperatorHelmChartContainer - [local-hivemq-5fcc877b5c] [hivemq] [8ab04677] DEBUG - Flushing: /opt/hivemq/data/persistence/publish_payload_store/040500_R/publish_payload_store_62
2025-01-30 04:02:00,693 INFO c.h.h.t.OperatorHelmChartContainer - [local-hivemq-5fcc877b5c] [hivemq] [8ab04677] DEBUG - Flushing: /opt/hivemq/data/persistence/client_queue/042800_R/client_queue_0
2025-01-30 04:02:00,693 INFO c.h.h.t.OperatorHelmChartContainer - [local-hivemq-5fcc877b5c] [hivemq] [8ab04677] DEBUG - Flushing: /opt/hivemq/data/persistence/publish_payload_store/040500_R/publish_payload_store_63
2025-01-30 04:02:00,693 INFO c.h.h.t.OperatorHelmChartContainer - [local-hivemq-5fcc877b5c] [hivemq] [8ab04677] DEBUG - Flushing: /opt/hivemq/data/persistence/client_queue/042800_R/client_queue_1
2025-01-30 04:02:00,693 INFO c.h.h.t.OperatorHelmChartContainer - [local-hivemq-5fcc877b5c] [hivemq] [8ab04677] DEBUG - Flushing: /opt/hivemq/data/persistence/client_queue/042800_R/client_queue_2
2025-01-30 04:02:00,693 INFO c.h.h.t.OperatorHelmChartContainer - [local-hivemq-5fcc877b5c] [hivemq] [8ab04677] DEBUG - Flushing: /opt/hivemq/data/persistence/client_queue/042800_R/client_queue_4
2025-01-30 04:02:00,693 INFO c.h.h.t.OperatorHelmChartContainer - [local-hivemq-5fcc877b5c] [hivemq] [8ab04677] DEBUG - Flushing: /opt/hivemq/data/persistence/client_queue/042800_R/client_queue_3
2025-01-30 04:02:00,693 INFO c.h.h.t.OperatorHelmChartContainer - [local-hivemq-5fcc877b5c] [hivemq] [8ab04677] DEBUG - Flushing: /opt/hivemq/data/persistence/client_queue/042800_R/client_queue_5
2025-01-30 04:02:00,693 INFO c.h.h.t.OperatorHelmChartContainer - [local-hivemq-5fcc877b5c] [hivemq] [8ab04677] DEBUG - Flushing: /opt/hivemq/data/persistence/client_queue/042800_R/client_queue_6
2025-01-30 04:02:00,693 INFO c.h.h.t.OperatorHelmChartContainer - [local-hivemq-5fcc877b5c] [hivemq] [8ab04677] DEBUG - Flushing: /opt/hivemq/data/persistence/client_queue/042800_R/client_queue_10
2025-01-30 04:02:00,693 INFO c.h.h.t.OperatorHelmChartContainer - [local-hivemq-5fcc877b5c] [hivemq] [8ab04677] DEBUG - Flushing: /opt/hivemq/data/persistence/client_queue/042800_R/client_queue_8
2025-01-30 04:02:00,693 INFO c.h.h.t.OperatorHelmChartContainer - [local-hivemq-5fcc877b5c] [hivemq] [8ab04677] DEBUG - Flushing: /opt/hivemq/data/persistence/client_queue/042800_R/client_queue_7
2025-01-30 04:02:00,693 INFO c.h.h.t.OperatorHelmChartContainer - [local-hivemq-5fcc877b5c] [hivemq] [8ab04677] DEBUG - Flushing: /opt/hivemq/data/persistence/client_queue/042800_R/client_queue_9
2025-01-30 04:02:00,693 INFO c.h.h.t.OperatorHelmChartContainer - [local-hivemq-5fcc877b5c] [hivemq] [8ab04677] DEBUG - Flushing: /opt/hivemq/data/persistence/client_queue/042800_R/client_queue_11
2025-01-30 04:02:00,693 INFO c.h.h.t.OperatorHelmChartContainer - [local-hivemq-5fcc877b5c] [hivemq] [8ab04677] DEBUG - Flushing: /opt/hivemq/data/persistence/client_queue/042800_R/client_queue_12
2025-01-30 04:02:00,693 INFO c.h.h.t.OperatorHelmChartContainer - [local-hivemq-5fcc877b5c] [hivemq] [8ab04677] DEBUG - Flushing: /opt/hivemq/data/persistence/client_queue/042800_R/client_queue_13
2025-01-30 04:02:00,693 INFO c.h.h.t.OperatorHelmChartContainer - [local-hivemq-5fcc877b5c] [hivemq] [8ab04677] DEBUG - Flushing: /opt/hivemq/data/persistence/client_queue/042800_R/client_queue_14
2025-01-30 04:02:00,693 INFO c.h.h.t.OperatorHelmChartContainer - [local-hivemq-5fcc877b5c] [hivemq] [8ab04677] DEBUG - Flushing: /opt/hivemq/data/persistence/client_queue/042800_R/client_queue_15
2025-01-30 04:02:00,693 INFO c.h.h.t.OperatorHelmChartContainer - [local-hivemq-5fcc877b5c] [hivemq] [8ab04677] DEBUG - Flushing: /opt/hivemq/data/persistence/client_queue/042800_R/client_queue_16
2025-01-30 04:02:00,693 INFO c.h.h.t.OperatorHelmChartContainer - [local-hivemq-5fcc877b5c] [hivemq] [8ab04677] DEBUG - Flushing: /opt/hivemq/data/persistence/client_queue/042800_R/client_queue_17
2025-01-30 04:02:00,693 INFO c.h.h.t.OperatorHelmChartContainer - [local-hivemq-5fcc877b5c] [hivemq] [8ab04677] DEBUG - Flushing: /opt/hivemq/data/persistence/client_queue/042800_R/client_queue_18
2025-01-30 04:02:00,693 INFO c.h.h.t.OperatorHelmChartContainer - [local-hivemq-5fcc877b5c] [hivemq] [8ab04677] DEBUG - Flushing: /opt/hivemq/data/persistence/client_queue/042800_R/client_queue_19
2025-01-30 04:02:00,693 INFO c.h.h.t.OperatorHelmChartContainer - [local-hivemq-5fcc877b5c] [hivemq] [8ab04677] DEBUG - Flushing: /opt/hivemq/data/persistence/client_queue/042800_R/client_queue_21
2025-01-30 04:02:00,693 INFO c.h.h.t.OperatorHelmChartContainer - [local-hivemq-5fcc877b5c] [hivemq] [8ab04677] DEBUG - Flushing: /opt/hivemq/data/persistence/client_queue/042800_R/client_queue_20
2025-01-30 04:02:00,694 INFO c.h.h.t.OperatorHelmChartContainer - [local-hivemq-5fcc877b5c] [hivemq] [8ab04677] DEBUG - Flushing: /opt/hivemq/data/persistence/client_queue/042800_R/client_queue_22
2025-01-30 04:02:00,694 INFO c.h.h.t.OperatorHelmChartContainer - [local-hivemq-5fcc877b5c] [hivemq] [8ab04677] DEBUG - Flushing: /opt/hivemq/data/persistence/client_queue/042800_R/client_queue_23
2025-01-30 04:02:00,694 INFO c.h.h.t.OperatorHelmChartContainer - [local-hivemq-5fcc877b5c] [hivemq] [8ab04677] DEBUG - Flushing: /opt/hivemq/data/persistence/client_queue/042800_R/client_queue_24
2025-01-30 04:02:00,694 INFO c.h.h.t.OperatorHelmChartContainer - [local-hivemq-5fcc877b5c] [hivemq] [8ab04677] DEBUG - Flushing: /opt/hivemq/data/persistence/client_queue/042800_R/client_queue_25
2025-01-30 04:02:00,694 INFO c.h.h.t.OperatorHelmChartContainer - [local-hivemq-5fcc877b5c] [hivemq] [8ab04677] DEBUG - Flushing: /opt/hivemq/data/persistence/client_queue/042800_R/client_queue_26
2025-01-30 04:02:00,694 INFO c.h.h.t.OperatorHelmChartContainer - [local-hivemq-5fcc877b5c] [hivemq] [8ab04677] DEBUG - Flushing: /opt/hivemq/data/persistence/client_queue/042800_R/client_queue_27
2025-01-30 04:02:00,694 INFO c.h.h.t.OperatorHelmChartContainer - [local-hivemq-5fcc877b5c] [hivemq] [8ab04677] DEBUG - Flushing: /opt/hivemq/data/persistence/client_queue/042800_R/client_queue_28
2025-01-30 04:02:00,694 INFO c.h.h.t.OperatorHelmChartContainer - [local-hivemq-5fcc877b5c] [hivemq] [8ab04677] DEBUG - Flushing: /opt/hivemq/data/persistence/client_queue/042800_R/client_queue_29
2025-01-30 04:02:00,695 INFO c.h.h.t.OperatorHelmChartContainer - [local-hivemq-5fcc877b5c] [hivemq] [8ab04677] DEBUG - Flushing: /opt/hivemq/data/persistence/client_queue/042800_R/client_queue_30
2025-01-30 04:02:00,695 INFO c.h.h.t.OperatorHelmChartContainer - [local-hivemq-5fcc877b5c] [hivemq] [8ab04677] DEBUG - Flushing: /opt/hivemq/data/persistence/client_queue/042800_R/client_queue_31
2025-01-30 04:02:00,695 INFO c.h.h.t.OperatorHelmChartContainer - [local-hivemq-5fcc877b5c] [hivemq] [8ab04677] DEBUG - Flushing: /opt/hivemq/data/persistence/client_queue/042800_R/client_queue_32
2025-01-30 04:02:00,695 INFO c.h.h.t.OperatorHelmChartContainer - [local-hivemq-5fcc877b5c] [hivemq] [8ab04677] DEBUG - Flushing: /opt/hivemq/data/persistence/client_queue/042800_R/client_queue_33
2025-01-30 04:02:00,695 INFO c.h.h.t.OperatorHelmChartContainer - [local-hivemq-5fcc877b5c] [hivemq] [8ab04677] DEBUG - Flushing: /opt/hivemq/data/persistence/client_queue/042800_R/client_queue_34
2025-01-30 04:02:00,695 INFO c.h.h.t.OperatorHelmChartContainer - [local-hivemq-5fcc877b5c] [hivemq] [8ab04677] DEBUG - Flushing: /opt/hivemq/data/persistence/client_queue/042800_R/client_queue_35
2025-01-30 04:02:00,695 INFO c.h.h.t.OperatorHelmChartContainer - [local-hivemq-5fcc877b5c] [hivemq] [8ab04677] DEBUG - Flushing: /opt/hivemq/data/persistence/client_queue/042800_R/client_queue_36
2025-01-30 04:02:00,695 INFO c.h.h.t.OperatorHelmChartContainer - [local-hivemq-5fcc877b5c] [hivemq] [8ab04677] DEBUG - Flushing: /opt/hivemq/data/persistence/client_queue/042800_R/client_queue_37
2025-01-30 04:02:00,695 INFO c.h.h.t.OperatorHelmChartContainer - [local-hivemq-5fcc877b5c] [hivemq] [8ab04677] DEBUG - Flushing: /opt/hivemq/data/persistence/client_queue/042800_R/client_queue_38
2025-01-30 04:02:00,695 INFO c.h.h.t.OperatorHelmChartContainer - [local-hivemq-5fcc877b5c] [hivemq] [8ab04677] DEBUG - Flushing: /opt/hivemq/data/persistence/client_queue/042800_R/client_queue_40
2025-01-30 04:02:00,695 INFO c.h.h.t.OperatorHelmChartContainer - [local-hivemq-5fcc877b5c] [hivemq] [8ab04677] DEBUG - Flushing: /opt/hivemq/data/persistence/client_queue/042800_R/client_queue_39
2025-01-30 04:02:00,695 INFO c.h.h.t.OperatorHelmChartContainer - [local-hivemq-5fcc877b5c] [hivemq] [8ab04677] DEBUG - Flushing: /opt/hivemq/data/persistence/client_queue/042800_R/client_queue_41
2025-01-30 04:02:00,695 INFO c.h.h.t.OperatorHelmChartContainer - [local-hivemq-5fcc877b5c] [hivemq] [8ab04677] DEBUG - Flushing: /opt/hivemq/data/persistence/client_queue/042800_R/client_queue_42
2025-01-30 04:02:00,696 INFO c.h.h.t.OperatorHelmChartContainer - [local-hivemq-5fcc877b5c] [hivemq] [8ab04677] DEBUG - Flushing: /opt/hivemq/data/persistence/client_queue/042800_R/client_queue_43
2025-01-30 04:02:00,696 INFO c.h.h.t.OperatorHelmChartContainer - [local-hivemq-5fcc877b5c] [hivemq] [8ab04677] DEBUG - Flushing: /opt/hivemq/data/persistence/client_queue/042800_R/client_queue_44
2025-01-30 04:02:00,698 INFO c.h.h.t.OperatorHelmChartContainer - [local-hivemq-5fcc877b5c] [hivemq] [8ab04677] DEBUG - Flushing: /opt/hivemq/data/persistence/client_queue/042800_R/client_queue_45
2025-01-30 04:02:00,698 INFO c.h.h.t.OperatorHelmChartContainer - [local-hivemq-5fcc877b5c] [hivemq] [8ab04677] DEBUG - Flushing: /opt/hivemq/data/persistence/client_queue/042800_R/client_queue_46
2025-01-30 04:02:00,698 INFO c.h.h.t.OperatorHelmChartContainer - [local-hivemq-5fcc877b5c] [hivemq] [8ab04677] DEBUG - Flushing: /opt/hivemq/data/persistence/client_queue/042800_R/client_queue_47
2025-01-30 04:02:00,698 INFO c.h.h.t.OperatorHelmChartContainer - [local-hivemq-5fcc877b5c] [hivemq] [8ab04677] DEBUG - Flushing: /opt/hivemq/data/persistence/client_queue/042800_R/client_queue_48
2025-01-30 04:02:00,698 INFO c.h.h.t.OperatorHelmChartContainer - [local-hivemq-5fcc877b5c] [hivemq] [8ab04677] DEBUG - Flushing: /opt/hivemq/data/persistence/client_queue/042800_R/client_queue_49
2025-01-30 04:02:00,698 INFO c.h.h.t.OperatorHelmChartContainer - [local-hivemq-5fcc877b5c] [hivemq] [8ab04677] DEBUG - Flushing: /opt/hivemq/data/persistence/client_queue/042800_R/client_queue_50
2025-01-30 04:02:00,698 INFO c.h.h.t.OperatorHelmChartContainer - [local-hivemq-5fcc877b5c] [hivemq] [8ab04677] DEBUG - Flushing: /opt/hivemq/data/persistence/client_queue/042800_R/client_queue_51
2025-01-30 04:02:00,698 INFO c.h.h.t.OperatorHelmChartContainer - [local-hivemq-5fcc877b5c] [hivemq] [8ab04677] DEBUG - Flushing: /opt/hivemq/data/persistence/client_queue/042800_R/client_queue_52
2025-01-30 04:02:00,698 INFO c.h.h.t.OperatorHelmChartContainer - [local-hivemq-5fcc877b5c] [hivemq] [8ab04677] DEBUG - Flushing: /opt/hivemq/data/persistence/client_queue/042800_R/client_queue_53
2025-01-30 04:02:00,698 INFO c.h.h.t.OperatorHelmChartContainer - [local-hivemq-5fcc877b5c] [hivemq] [8ab04677] DEBUG - Flushing: /opt/hivemq/data/persistence/client_queue/042800_R/client_queue_54
2025-01-30 04:02:00,698 INFO c.h.h.t.OperatorHelmChartContainer - [local-hivemq-5fcc877b5c] [hivemq] [8ab04677] DEBUG - Flushing: /opt/hivemq/data/persistence/client_queue/042800_R/client_queue_55
2025-01-30 04:02:00,698 INFO c.h.h.t.OperatorHelmChartContainer - [local-hivemq-5fcc877b5c] [hivemq] [8ab04677] DEBUG - Flushing: /opt/hivemq/data/persistence/client_queue/042800_R/client_queue_56
2025-01-30 04:02:00,698 INFO c.h.h.t.OperatorHelmChartContainer - [local-hivemq-5fcc877b5c] [hivemq] [8ab04677] DEBUG - Flushing: /opt/hivemq/data/persistence/client_queue/042800_R/client_queue_57
2025-01-30 04:02:00,698 INFO c.h.h.t.OperatorHelmChartContainer - [local-hivemq-5fcc877b5c] [hivemq] [8ab04677] DEBUG - Flushing: /opt/hivemq/data/persistence/client_queue/042800_R/client_queue_58
2025-01-30 04:02:00,698 INFO c.h.h.t.OperatorHelmChartContainer - [local-hivemq-5fcc877b5c] [hivemq] [8ab04677] DEBUG - Flushing: /opt/hivemq/data/persistence/client_queue/042800_R/client_queue_59
2025-01-30 04:02:00,698 INFO c.h.h.t.OperatorHelmChartContainer - [local-hivemq-5fcc877b5c] [hivemq] [8ab04677] DEBUG - Flushing: /opt/hivemq/data/persistence/client_queue/042800_R/client_queue_60
2025-01-30 04:02:00,698 INFO c.h.h.t.OperatorHelmChartContainer - [local-hivemq-5fcc877b5c] [hivemq] [8ab04677] DEBUG - Flushing: /opt/hivemq/data/persistence/client_queue/042800_R/client_queue_61
2025-01-30 04:02:00,698 INFO c.h.h.t.OperatorHelmChartContainer - [local-hivemq-5fcc877b5c] [hivemq] [8ab04677] DEBUG - Flushing: /opt/hivemq/data/persistence/client_queue/042800_R/client_queue_62
2025-01-30 04:02:00,698 INFO c.h.h.t.OperatorHelmChartContainer - [local-hivemq-5fcc877b5c] [hivemq] [8ab04677] DEBUG - Flushing: /opt/hivemq/data/persistence/client_queue/042800_R/client_queue_63
2025-01-30 04:02:00,698 INFO c.h.h.t.OperatorHelmChartContainer - [local-hivemq-5fcc877b5c] [hivemq] [8ab04677] DEBUG - Flushing: /opt/hivemq/data/persistence/client_session_store/040100_R/client_session_store_0
2025-01-30 04:02:00,698 INFO c.h.h.t.OperatorHelmChartContainer - [local-hivemq-5fcc877b5c] [hivemq] [8ab04677] DEBUG - Flushing: /opt/hivemq/data/persistence/client_session_store/040100_R/client_session_store_1
2025-01-30 04:02:00,698 INFO c.h.h.t.OperatorHelmChartContainer - [local-hivemq-5fcc877b5c] [hivemq] [8ab04677] DEBUG - Flushing: /opt/hivemq/data/persistence/client_session_store/040100_R/client_session_store_2
2025-01-30 04:02:00,698 INFO c.h.h.t.OperatorHelmChartContainer - [local-hivemq-5fcc877b5c] [hivemq] [8ab04677] DEBUG - Flushing: /opt/hivemq/data/persistence/client_session_store/040100_R/client_session_store_3
2025-01-30 04:02:00,698 INFO c.h.h.t.OperatorHelmChartContainer - [local-hivemq-5fcc877b5c] [hivemq] [8ab04677] DEBUG - Flushing: /opt/hivemq/data/persistence/client_session_store/040100_R/client_session_store_4
2025-01-30 04:02:00,698 INFO c.h.h.t.OperatorHelmChartContainer - [local-hivemq-5fcc877b5c] [hivemq] [8ab04677] DEBUG - Flushing: /opt/hivemq/data/persistence/client_session_store/040100_R/client_session_store_5
2025-01-30 04:02:00,698 INFO c.h.h.t.OperatorHelmChartContainer - [local-hivemq-5fcc877b5c] [hivemq] [8ab04677] DEBUG - Flushing: /opt/hivemq/data/persistence/client_session_store/040100_R/client_session_store_6
2025-01-30 04:02:00,698 INFO c.h.h.t.OperatorHelmChartContainer - [local-hivemq-5fcc877b5c] [hivemq] [8ab04677] DEBUG - Flushing: /opt/hivemq/data/persistence/client_session_store/040100_R/client_session_store_7
2025-01-30 04:02:00,698 INFO c.h.h.t.OperatorHelmChartContainer - [local-hivemq-5fcc877b5c] [hivemq] [8ab04677] DEBUG - Flushing: /opt/hivemq/data/persistence/client_session_store/040100_R/client_session_store_8
2025-01-30 04:02:00,698 INFO c.h.h.t.OperatorHelmChartContainer - [local-hivemq-5fcc877b5c] [hivemq] [8ab04677] DEBUG - Flushing: /opt/hivemq/data/persistence/client_session_store/040100_R/client_session_store_9
2025-01-30 04:02:00,698 INFO c.h.h.t.OperatorHelmChartContainer - [local-hivemq-5fcc877b5c] [hivemq] [8ab04677] DEBUG - Flushing: /opt/hivemq/data/persistence/client_session_store/040100_R/client_session_store_10
2025-01-30 04:02:00,699 INFO c.h.h.t.OperatorHelmChartContainer - [local-hivemq-5fcc877b5c] [hivemq] [8ab04677] DEBUG - Flushing: /opt/hivemq/data/persistence/client_session_store/040100_R/client_session_store_11
2025-01-30 04:02:00,699 INFO c.h.h.t.OperatorHelmChartContainer - [local-hivemq-5fcc877b5c] [hivemq] [8ab04677] DEBUG - Flushing: /opt/hivemq/data/persistence/client_session_store/040100_R/client_session_store_12
2025-01-30 04:02:00,700 INFO c.h.h.t.OperatorHelmChartContainer - [local-hivemq-5fcc877b5c] [hivemq] [8ab04677] DEBUG - Flushing: /opt/hivemq/data/persistence/client_session_store/040100_R/client_session_store_13
2025-01-30 04:02:00,701 INFO c.h.h.t.OperatorHelmChartContainer - [local-hivemq-5fcc877b5c] [hivemq] [8ab04677] DEBUG - Flushing: /opt/hivemq/data/persistence/client_session_store/040100_R/client_session_store_14
2025-01-30 04:02:00,701 INFO c.h.h.t.OperatorHelmChartContainer - [local-hivemq-5fcc877b5c] [hivemq] [8ab04677] DEBUG - Flushing: /opt/hivemq/data/persistence/client_session_store/040100_R/client_session_store_15
2025-01-30 04:02:00,701 INFO c.h.h.t.OperatorHelmChartContainer - [local-hivemq-5fcc877b5c] [hivemq] [8ab04677] DEBUG - Flushing: /opt/hivemq/data/persistence/client_session_store/040100_R/client_session_store_16
2025-01-30 04:02:00,701 INFO c.h.h.t.OperatorHelmChartContainer - [local-hivemq-5fcc877b5c] [hivemq] [8ab04677] DEBUG - Flushing: /opt/hivemq/data/persistence/client_session_store/040100_R/client_session_store_17
2025-01-30 04:02:00,701 INFO c.h.h.t.OperatorHelmChartContainer - [local-hivemq-5fcc877b5c] [hivemq] [8ab04677] DEBUG - Flushing: /opt/hivemq/data/persistence/client_session_store/040100_R/client_session_store_18
2025-01-30 04:02:00,702 INFO c.h.h.t.OperatorHelmChartContainer - [local-hivemq-5fcc877b5c] [hivemq] [8ab04677] DEBUG - Flushing: /opt/hivemq/data/persistence/client_session_store/040100_R/client_session_store_19
2025-01-30 04:02:00,702 INFO c.h.h.t.OperatorHelmChartContainer - [local-hivemq-5fcc877b5c] [hivemq] [8ab04677] DEBUG - Flushing: /opt/hivemq/data/persistence/client_session_store/040100_R/client_session_store_20
2025-01-30 04:02:00,702 INFO c.h.h.t.OperatorHelmChartContainer - [local-hivemq-5fcc877b5c] [hivemq] [8ab04677] DEBUG - Flushing: /opt/hivemq/data/persistence/client_session_store/040100_R/client_session_store_21
2025-01-30 04:02:00,702 INFO c.h.h.t.OperatorHelmChartContainer - [local-hivemq-5fcc877b5c] [hivemq] [8ab04677] DEBUG - Flushing: /opt/hivemq/data/persistence/client_session_store/040100_R/client_session_store_22
2025-01-30 04:02:00,702 INFO c.h.h.t.OperatorHelmChartContainer - [local-hivemq-5fcc877b5c] [hivemq] [8ab04677] DEBUG - Flushing: /opt/hivemq/data/persistence/client_session_store/040100_R/client_session_store_23
2025-01-30 04:02:00,702 INFO c.h.h.t.OperatorHelmChartContainer - [local-hivemq-5fcc877b5c] [hivemq] [8ab04677] DEBUG - Flushing: /opt/hivemq/data/persistence/client_session_store/040100_R/client_session_store_24
2025-01-30 04:02:00,702 INFO c.h.h.t.OperatorHelmChartContainer - [local-hivemq-5fcc877b5c] [hivemq] [8ab04677] DEBUG - Flushing: /opt/hivemq/data/persistence/client_session_store/040100_R/client_session_store_25
2025-01-30 04:02:00,702 INFO c.h.h.t.OperatorHelmChartContainer - [local-hivemq-5fcc877b5c] [hivemq] [8ab04677] DEBUG - Flushing: /opt/hivemq/data/persistence/client_session_store/040100_R/client_session_store_26
2025-01-30 04:02:00,702 INFO c.h.h.t.OperatorHelmChartContainer - [local-hivemq-5fcc877b5c] [hivemq] [8ab04677] DEBUG - Flushing: /opt/hivemq/data/persistence/client_session_store/040100_R/client_session_store_27
2025-01-30 04:02:00,702 INFO c.h.h.t.OperatorHelmChartContainer - [local-hivemq-5fcc877b5c] [hivemq] [8ab04677] DEBUG - Flushing: /opt/hivemq/data/persistence/client_session_store/040100_R/client_session_store_28
2025-01-30 04:02:00,702 INFO c.h.h.t.OperatorHelmChartContainer - [local-hivemq-5fcc877b5c] [hivemq] [8ab04677] DEBUG - Flushing: /opt/hivemq/data/persistence/client_session_store/040100_R/client_session_store_29
2025-01-30 04:02:00,702 INFO c.h.h.t.OperatorHelmChartContainer - [local-hivemq-5fcc877b5c] [hivemq] [8ab04677] DEBUG - Flushing: /opt/hivemq/data/persistence/client_session_store/040100_R/client_session_store_30
2025-01-30 04:02:00,702 INFO c.h.h.t.OperatorHelmChartContainer - [local-hivemq-5fcc877b5c] [hivemq] [8ab04677] DEBUG - Flushing: /opt/hivemq/data/persistence/client_session_store/040100_R/client_session_store_31
2025-01-30 04:02:00,702 INFO c.h.h.t.OperatorHelmChartContainer - [local-hivemq-5fcc877b5c] [hivemq] [8ab04677] DEBUG - Flushing: /opt/hivemq/data/persistence/client_session_store/040100_R/client_session_store_32
2025-01-30 04:02:00,702 INFO c.h.h.t.OperatorHelmChartContainer - [local-hivemq-5fcc877b5c] [hivemq] [8ab04677] DEBUG - Flushing: /opt/hivemq/data/persistence/client_session_store/040100_R/client_session_store_33
2025-01-30 04:02:00,702 INFO c.h.h.t.OperatorHelmChartContainer - [local-hivemq-5fcc877b5c] [hivemq] [8ab04677] DEBUG - Flushing: /opt/hivemq/data/persistence/client_session_store/040100_R/client_session_store_34
2025-01-30 04:02:00,702 INFO c.h.h.t.OperatorHelmChartContainer - [local-hivemq-5fcc877b5c] [hivemq] [8ab04677] DEBUG - Flushing: /opt/hivemq/data/persistence/client_session_store/040100_R/client_session_store_35
2025-01-30 04:02:00,702 INFO c.h.h.t.OperatorHelmChartContainer - [local-hivemq-5fcc877b5c] [hivemq] [8ab04677] DEBUG - Flushing: /opt/hivemq/data/persistence/client_session_store/040100_R/client_session_store_37
2025-01-30 04:02:00,702 INFO c.h.h.t.OperatorHelmChartContainer - [local-hivemq-5fcc877b5c] [hivemq] [8ab04677] DEBUG - Flushing: /opt/hivemq/data/persistence/client_session_store/040100_R/client_session_store_36
2025-01-30 04:02:00,702 INFO c.h.h.t.OperatorHelmChartContainer - [local-hivemq-5fcc877b5c] [hivemq] [8ab04677] DEBUG - Flushing: /opt/hivemq/data/persistence/client_session_store/040100_R/client_session_store_39
2025-01-30 04:02:00,702 INFO c.h.h.t.OperatorHelmChartContainer - [local-hivemq-5fcc877b5c] [hivemq] [8ab04677] DEBUG - Flushing: /opt/hivemq/data/persistence/client_session_store/040100_R/client_session_store_38
2025-01-30 04:02:00,702 INFO c.h.h.t.OperatorHelmChartContainer - [local-hivemq-5fcc877b5c] [hivemq] [8ab04677] DEBUG - Flushing: /opt/hivemq/data/persistence/client_session_store/040100_R/client_session_store_40
2025-01-30 04:02:00,702 INFO c.h.h.t.OperatorHelmChartContainer - [local-hivemq-5fcc877b5c] [hivemq] [8ab04677] DEBUG - Flushing: /opt/hivemq/data/persistence/client_session_store/040100_R/client_session_store_41
2025-01-30 04:02:00,702 INFO c.h.h.t.OperatorHelmChartContainer - [local-hivemq-5fcc877b5c] [hivemq] [8ab04677] DEBUG - Flushing: /opt/hivemq/data/persistence/client_session_store/040100_R/client_session_store_42
2025-01-30 04:02:00,702 INFO c.h.h.t.OperatorHelmChartContainer - [local-hivemq-5fcc877b5c] [hivemq] [8ab04677] DEBUG - Flushing: /opt/hivemq/data/persistence/client_session_store/040100_R/client_session_store_43
2025-01-30 04:02:00,702 INFO c.h.h.t.OperatorHelmChartContainer - [local-hivemq-5fcc877b5c] [hivemq] [8ab04677] DEBUG - Flushing: /opt/hivemq/data/persistence/client_session_store/040100_R/client_session_store_44
2025-01-30 04:02:00,702 INFO c.h.h.t.OperatorHelmChartContainer - [local-hivemq-5fcc877b5c] [hivemq] [8ab04677] DEBUG - Flushing: /opt/hivemq/data/persistence/client_session_store/040100_R/client_session_store_45
2025-01-30 04:02:00,702 INFO c.h.h.t.OperatorHelmChartContainer - [local-hivemq-5fcc877b5c] [hivemq] [8ab04677] DEBUG - Flushing: /opt/hivemq/data/persistence/client_session_store/040100_R/client_session_store_46
2025-01-30 04:02:00,702 INFO c.h.h.t.OperatorHelmChartContainer - [local-hivemq-5fcc877b5c] [hivemq] [8ab04677] DEBUG - Flushing: /opt/hivemq/data/persistence/client_session_store/040100_R/client_session_store_47
2025-01-30 04:02:00,702 INFO c.h.h.t.OperatorHelmChartContainer - [local-hivemq-5fcc877b5c] [hivemq] [8ab04677] DEBUG - Flushing: /opt/hivemq/data/persistence/client_session_store/040100_R/client_session_store_48
2025-01-30 04:02:00,702 INFO c.h.h.t.OperatorHelmChartContainer - [local-hivemq-5fcc877b5c] [hivemq] [8ab04677] DEBUG - Flushing: /opt/hivemq/data/persistence/client_session_store/040100_R/client_session_store_49
2025-01-30 04:02:00,702 INFO c.h.h.t.OperatorHelmChartContainer - [local-hivemq-5fcc877b5c] [hivemq] [8ab04677] DEBUG - Flushing: /opt/hivemq/data/persistence/client_session_store/040100_R/client_session_store_50
2025-01-30 04:02:00,703 INFO c.h.h.t.OperatorHelmChartContainer - [local-hivemq-5fcc877b5c] [hivemq] [8ab04677] DEBUG - Flushing: /opt/hivemq/data/persistence/client_session_store/040100_R/client_session_store_51
2025-01-30 04:02:00,703 INFO c.h.h.t.OperatorHelmChartContainer - [local-hivemq-5fcc877b5c] [hivemq] [8ab04677] DEBUG - Flushing: /opt/hivemq/data/persistence/client_session_store/040100_R/client_session_store_52
2025-01-30 04:02:00,703 INFO c.h.h.t.OperatorHelmChartContainer - [local-hivemq-5fcc877b5c] [hivemq] [8ab04677] DEBUG - Flushing: /opt/hivemq/data/persistence/client_session_store/040100_R/client_session_store_53
2025-01-30 04:02:00,703 INFO c.h.h.t.OperatorHelmChartContainer - [local-hivemq-5fcc877b5c] [hivemq] [8ab04677] DEBUG - Flushing: /opt/hivemq/data/persistence/client_session_store/040100_R/client_session_store_54
2025-01-30 04:02:00,703 INFO c.h.h.t.OperatorHelmChartContainer - [local-hivemq-5fcc877b5c] [hivemq] [8ab04677] DEBUG - Flushing: /opt/hivemq/data/persistence/client_session_store/040100_R/client_session_store_55
2025-01-30 04:02:00,703 INFO c.h.h.t.OperatorHelmChartContainer - [local-hivemq-5fcc877b5c] [hivemq] [8ab04677] DEBUG - Flushing: /opt/hivemq/data/persistence/client_session_store/040100_R/client_session_store_56
2025-01-30 04:02:00,703 INFO c.h.h.t.OperatorHelmChartContainer - [local-hivemq-5fcc877b5c] [hivemq] [8ab04677] DEBUG - Flushing: /opt/hivemq/data/persistence/client_session_store/040100_R/client_session_store_57
2025-01-30 04:02:00,703 INFO c.h.h.t.OperatorHelmChartContainer - [local-hivemq-5fcc877b5c] [hivemq] [8ab04677] DEBUG - Flushing: /opt/hivemq/data/persistence/client_session_store/040100_R/client_session_store_58
2025-01-30 04:02:00,703 INFO c.h.h.t.OperatorHelmChartContainer - [local-hivemq-5fcc877b5c] [hivemq] [8ab04677] DEBUG - Flushing: /opt/hivemq/data/persistence/client_session_store/040100_R/client_session_store_59
2025-01-30 04:02:00,703 INFO c.h.h.t.OperatorHelmChartContainer - [local-hivemq-5fcc877b5c] [hivemq] [8ab04677] DEBUG - Flushing: /opt/hivemq/data/persistence/client_session_store/040100_R/client_session_store_60
2025-01-30 04:02:00,703 INFO c.h.h.t.OperatorHelmChartContainer - [local-hivemq-5fcc877b5c] [hivemq] [8ab04677] DEBUG - Flushing: /opt/hivemq/data/persistence/client_session_store/040100_R/client_session_store_61
2025-01-30 04:02:00,703 INFO c.h.h.t.OperatorHelmChartContainer - [local-hivemq-5fcc877b5c] [hivemq] [8ab04677] DEBUG - Flushing: /opt/hivemq/data/persistence/client_session_store/040100_R/client_session_store_62
2025-01-30 04:02:00,703 INFO c.h.h.t.OperatorHelmChartContainer - [local-hivemq-5fcc877b5c] [hivemq] [8ab04677] DEBUG - Flushing: /opt/hivemq/data/persistence/client_session_store/040100_R/client_session_store_63
2025-01-30 04:02:00,703 INFO c.h.h.t.OperatorHelmChartContainer - [local-hivemq-5fcc877b5c] [hivemq] [8ab04677] DEBUG - Flushing: /opt/hivemq/data/persistence/client_session_subscriptions/043200_R/client_session_subscriptions_0
2025-01-30 04:02:00,703 INFO c.h.h.t.OperatorHelmChartContainer - [local-hivemq-5fcc877b5c] [hivemq] [8ab04677] DEBUG - Flushing: /opt/hivemq/data/persistence/client_session_subscriptions/043200_R/client_session_subscriptions_1
2025-01-30 04:02:00,703 INFO c.h.h.t.OperatorHelmChartContainer - [local-hivemq-5fcc877b5c] [hivemq] [8ab04677] DEBUG - Flushing: /opt/hivemq/data/persistence/client_session_subscriptions/043200_R/client_session_subscriptions_2
2025-01-30 04:02:00,703 INFO c.h.h.t.OperatorHelmChartContainer - [local-hivemq-5fcc877b5c] [hivemq] [8ab04677] DEBUG - Flushing: /opt/hivemq/data/persistence/client_session_subscriptions/043200_R/client_session_subscriptions_3
2025-01-30 04:02:00,703 INFO c.h.h.t.OperatorHelmChartContainer - [local-hivemq-5fcc877b5c] [hivemq] [8ab04677] DEBUG - Flushing: /opt/hivemq/data/persistence/client_session_subscriptions/043200_R/client_session_subscriptions_4
2025-01-30 04:02:00,703 INFO c.h.h.t.OperatorHelmChartContainer - [local-hivemq-5fcc877b5c] [hivemq] [8ab04677] DEBUG - Flushing: /opt/hivemq/data/persistence/client_session_subscriptions/043200_R/client_session_subscriptions_5
2025-01-30 04:02:00,703 INFO c.h.h.t.OperatorHelmChartContainer - [local-hivemq-5fcc877b5c] [hivemq] [8ab04677] DEBUG - Flushing: /opt/hivemq/data/persistence/client_session_subscriptions/043200_R/client_session_subscriptions_6
2025-01-30 04:02:00,703 INFO c.h.h.t.OperatorHelmChartContainer - [local-hivemq-5fcc877b5c] [hivemq] [8ab04677] DEBUG - Flushing: /opt/hivemq/data/persistence/client_session_subscriptions/043200_R/client_session_subscriptions_7
2025-01-30 04:02:00,703 INFO c.h.h.t.OperatorHelmChartContainer - [local-hivemq-5fcc877b5c] [hivemq] [8ab04677] DEBUG - Flushing: /opt/hivemq/data/persistence/client_session_subscriptions/043200_R/client_session_subscriptions_8
2025-01-30 04:02:00,703 INFO c.h.h.t.OperatorHelmChartContainer - [local-hivemq-5fcc877b5c] [hivemq] [8ab04677] DEBUG - Flushing: /opt/hivemq/data/persistence/client_session_subscriptions/043200_R/client_session_subscriptions_9
2025-01-30 04:02:00,703 INFO c.h.h.t.OperatorHelmChartContainer - [local-hivemq-5fcc877b5c] [hivemq] [8ab04677] DEBUG - Flushing: /opt/hivemq/data/persistence/client_session_subscriptions/043200_R/client_session_subscriptions_10
2025-01-30 04:02:00,703 INFO c.h.h.t.OperatorHelmChartContainer - [local-hivemq-5fcc877b5c] [hivemq] [8ab04677] DEBUG - Flushing: /opt/hivemq/data/persistence/client_session_subscriptions/043200_R/client_session_subscriptions_13
2025-01-30 04:02:00,703 INFO c.h.h.t.OperatorHelmChartContainer - [local-hivemq-5fcc877b5c] [hivemq] [8ab04677] DEBUG - Flushing: /opt/hivemq/data/persistence/client_session_subscriptions/043200_R/client_session_subscriptions_11
2025-01-30 04:02:00,703 INFO c.h.h.t.OperatorHelmChartContainer - [local-hivemq-5fcc877b5c] [hivemq] [8ab04677] DEBUG - Flushing: /opt/hivemq/data/persistence/client_session_subscriptions/043200_R/client_session_subscriptions_12
2025-01-30 04:02:00,703 INFO c.h.h.t.OperatorHelmChartContainer - [local-hivemq-5fcc877b5c] [hivemq] [8ab04677] DEBUG - Flushing: /opt/hivemq/data/persistence/client_session_subscriptions/043200_R/client_session_subscriptions_14
2025-01-30 04:02:00,703 INFO c.h.h.t.OperatorHelmChartContainer - [local-hivemq-5fcc877b5c] [hivemq] [8ab04677] DEBUG - Flushing: /opt/hivemq/data/persistence/client_session_subscriptions/043200_R/client_session_subscriptions_15
2025-01-30 04:02:00,703 INFO c.h.h.t.OperatorHelmChartContainer - [local-hivemq-5fcc877b5c] [hivemq] [8ab04677] DEBUG - Flushing: /opt/hivemq/data/persistence/client_session_subscriptions/043200_R/client_session_subscriptions_16
2025-01-30 04:02:00,703 INFO c.h.h.t.OperatorHelmChartContainer - [local-hivemq-5fcc877b5c] [hivemq] [8ab04677] DEBUG - Flushing: /opt/hivemq/data/persistence/client_session_subscriptions/043200_R/client_session_subscriptions_17
2025-01-30 04:02:00,703 INFO c.h.h.t.OperatorHelmChartContainer - [local-hivemq-5fcc877b5c] [hivemq] [8ab04677] DEBUG - Flushing: /opt/hivemq/data/persistence/client_session_subscriptions/043200_R/client_session_subscriptions_18
2025-01-30 04:02:00,703 INFO c.h.h.t.OperatorHelmChartContainer - [local-hivemq-5fcc877b5c] [hivemq] [8ab04677] DEBUG - Flushing: /opt/hivemq/data/persistence/client_session_subscriptions/043200_R/client_session_subscriptions_19
2025-01-30 04:02:00,703 INFO c.h.h.t.OperatorHelmChartContainer - [local-hivemq-5fcc877b5c] [hivemq] [8ab04677] DEBUG - Flushing: /opt/hivemq/data/persistence/client_session_subscriptions/043200_R/client_session_subscriptions_20
2025-01-30 04:02:00,703 INFO c.h.h.t.OperatorHelmChartContainer - [local-hivemq-5fcc877b5c] [hivemq] [8ab04677] DEBUG - Flushing: /opt/hivemq/data/persistence/client_session_subscriptions/043200_R/client_session_subscriptions_21
2025-01-30 04:02:00,703 INFO c.h.h.t.OperatorHelmChartContainer - [local-hivemq-5fcc877b5c] [hivemq] [8ab04677] DEBUG - Flushing: /opt/hivemq/data/persistence/client_session_subscriptions/043200_R/client_session_subscriptions_22
2025-01-30 04:02:00,703 INFO c.h.h.t.OperatorHelmChartContainer - [local-hivemq-5fcc877b5c] [hivemq] [8ab04677] DEBUG - Flushing: /opt/hivemq/data/persistence/client_session_subscriptions/043200_R/client_session_subscriptions_23
2025-01-30 04:02:00,703 INFO c.h.h.t.OperatorHelmChartContainer - [local-hivemq-5fcc877b5c] [hivemq] [8ab04677] DEBUG - Flushing: /opt/hivemq/data/persistence/client_session_subscriptions/043200_R/client_session_subscriptions_24
2025-01-30 04:02:00,703 INFO c.h.h.t.OperatorHelmChartContainer - [local-hivemq-5fcc877b5c] [hivemq] [8ab04677] DEBUG - Flushing: /opt/hivemq/data/persistence/client_session_subscriptions/043200_R/client_session_subscriptions_25
2025-01-30 04:02:00,703 INFO c.h.h.t.OperatorHelmChartContainer - [local-hivemq-5fcc877b5c] [hivemq] [8ab04677] DEBUG - Flushing: /opt/hivemq/data/persistence/client_session_subscriptions/043200_R/client_session_subscriptions_26
2025-01-30 04:02:00,703 INFO c.h.h.t.OperatorHelmChartContainer - [local-hivemq-5fcc877b5c] [hivemq] [8ab04677] DEBUG - Flushing: /opt/hivemq/data/persistence/client_session_subscriptions/043200_R/client_session_subscriptions_27
2025-01-30 04:02:00,703 INFO c.h.h.t.OperatorHelmChartContainer - [local-hivemq-5fcc877b5c] [hivemq] [8ab04677] DEBUG - Flushing: /opt/hivemq/data/persistence/client_session_subscriptions/043200_R/client_session_subscriptions_28
2025-01-30 04:02:00,704 INFO c.h.h.t.OperatorHelmChartContainer - [local-hivemq-5fcc877b5c] [hivemq] [8ab04677] DEBUG - Flushing: /opt/hivemq/data/persistence/client_session_subscriptions/043200_R/client_session_subscriptions_29
2025-01-30 04:02:00,704 INFO c.h.h.t.OperatorHelmChartContainer - [local-hivemq-5fcc877b5c] [hivemq] [8ab04677] DEBUG - Flushing: /opt/hivemq/data/persistence/client_session_subscriptions/043200_R/client_session_subscriptions_30
2025-01-30 04:02:00,704 INFO c.h.h.t.OperatorHelmChartContainer - [local-hivemq-5fcc877b5c] [hivemq] [8ab04677] DEBUG - Flushing: /opt/hivemq/data/persistence/client_session_subscriptions/043200_R/client_session_subscriptions_31
2025-01-30 04:02:00,704 INFO c.h.h.t.OperatorHelmChartContainer - [local-hivemq-5fcc877b5c] [hivemq] [8ab04677] DEBUG - Flushing: /opt/hivemq/data/persistence/client_session_subscriptions/043200_R/client_session_subscriptions_32
2025-01-30 04:02:00,704 INFO c.h.h.t.OperatorHelmChartContainer - [local-hivemq-5fcc877b5c] [hivemq] [8ab04677] DEBUG - Flushing: /opt/hivemq/data/persistence/client_session_subscriptions/043200_R/client_session_subscriptions_33
2025-01-30 04:02:00,704 INFO c.h.h.t.OperatorHelmChartContainer - [local-hivemq-5fcc877b5c] [hivemq] [8ab04677] DEBUG - Flushing: /opt/hivemq/data/persistence/client_session_subscriptions/043200_R/client_session_subscriptions_34
2025-01-30 04:02:00,704 INFO c.h.h.t.OperatorHelmChartContainer - [local-hivemq-5fcc877b5c] [hivemq] [8ab04677] DEBUG - Flushing: /opt/hivemq/data/persistence/client_session_subscriptions/043200_R/client_session_subscriptions_35
2025-01-30 04:02:00,704 INFO c.h.h.t.OperatorHelmChartContainer - [local-hivemq-5fcc877b5c] [hivemq] [8ab04677] DEBUG - Flushing: /opt/hivemq/data/persistence/client_session_subscriptions/043200_R/client_session_subscriptions_36
2025-01-30 04:02:00,704 INFO c.h.h.t.OperatorHelmChartContainer - [local-hivemq-5fcc877b5c] [hivemq] [8ab04677] DEBUG - Flushing: /opt/hivemq/data/persistence/client_session_subscriptions/043200_R/client_session_subscriptions_37
2025-01-30 04:02:00,704 INFO c.h.h.t.OperatorHelmChartContainer - [local-hivemq-5fcc877b5c] [hivemq] [8ab04677] DEBUG - Flushing: /opt/hivemq/data/persistence/client_session_subscriptions/043200_R/client_session_subscriptions_38
2025-01-30 04:02:00,704 INFO c.h.h.t.OperatorHelmChartContainer - [local-hivemq-5fcc877b5c] [hivemq] [8ab04677] DEBUG - Flushing: /opt/hivemq/data/persistence/client_session_subscriptions/043200_R/client_session_subscriptions_39
2025-01-30 04:02:00,704 INFO c.h.h.t.OperatorHelmChartContainer - [local-hivemq-5fcc877b5c] [hivemq] [8ab04677] DEBUG - Flushing: /opt/hivemq/data/persistence/client_session_subscriptions/043200_R/client_session_subscriptions_40
2025-01-30 04:02:00,704 INFO c.h.h.t.OperatorHelmChartContainer - [local-hivemq-5fcc877b5c] [hivemq] [8ab04677] DEBUG - Flushing: /opt/hivemq/data/persistence/client_session_subscriptions/043200_R/client_session_subscriptions_41
2025-01-30 04:02:00,704 INFO c.h.h.t.OperatorHelmChartContainer - [local-hivemq-5fcc877b5c] [hivemq] [8ab04677] DEBUG - Flushing: /opt/hivemq/data/persistence/client_session_subscriptions/043200_R/client_session_subscriptions_42
2025-01-30 04:02:00,706 INFO c.h.h.t.OperatorHelmChartContainer - [local-hivemq-5fcc877b5c] [hivemq] [8ab04677] DEBUG - Flushing: /opt/hivemq/data/persistence/client_session_subscriptions/043200_R/client_session_subscriptions_43
2025-01-30 04:02:00,707 INFO c.h.h.t.OperatorHelmChartContainer - [local-hivemq-5fcc877b5c] [hivemq] [8ab04677] DEBUG - Flushing: /opt/hivemq/data/persistence/client_session_subscriptions/043200_R/client_session_subscriptions_44
2025-01-30 04:02:00,708 INFO c.h.h.t.OperatorHelmChartContainer - [local-hivemq-5fcc877b5c] [hivemq] [8ab04677] DEBUG - Flushing: /opt/hivemq/data/persistence/client_session_subscriptions/043200_R/client_session_subscriptions_45
2025-01-30 04:02:00,708 INFO c.h.h.t.OperatorHelmChartContainer - [local-hivemq-5fcc877b5c] [hivemq] [8ab04677] DEBUG - Flushing: /opt/hivemq/data/persistence/client_session_subscriptions/043200_R/client_session_subscriptions_46
2025-01-30 04:02:00,708 INFO c.h.h.t.OperatorHelmChartContainer - [local-hivemq-5fcc877b5c] [hivemq] [8ab04677] DEBUG - Flushing: /opt/hivemq/data/persistence/client_session_subscriptions/043200_R/client_session_subscriptions_47
2025-01-30 04:02:00,708 INFO c.h.h.t.OperatorHelmChartContainer - [local-hivemq-5fcc877b5c] [hivemq] [8ab04677] DEBUG - Flushing: /opt/hivemq/data/persistence/client_session_subscriptions/043200_R/client_session_subscriptions_48
2025-01-30 04:02:00,708 INFO c.h.h.t.OperatorHelmChartContainer - [local-hivemq-5fcc877b5c] [hivemq] [8ab04677] DEBUG - Flushing: /opt/hivemq/data/persistence/client_session_subscriptions/043200_R/client_session_subscriptions_49
2025-01-30 04:02:00,708 INFO c.h.h.t.OperatorHelmChartContainer - [local-hivemq-5fcc877b5c] [hivemq] [8ab04677] DEBUG - Flushing: /opt/hivemq/data/persistence/client_session_subscriptions/043200_R/client_session_subscriptions_50
2025-01-30 04:02:00,708 INFO c.h.h.t.OperatorHelmChartContainer - [local-hivemq-5fcc877b5c] [hivemq] [8ab04677] DEBUG - Flushing: /opt/hivemq/data/persistence/client_session_subscriptions/043200_R/client_session_subscriptions_51
2025-01-30 04:02:00,708 INFO c.h.h.t.OperatorHelmChartContainer - [local-hivemq-5fcc877b5c] [hivemq] [8ab04677] DEBUG - Flushing: /opt/hivemq/data/persistence/client_session_subscriptions/043200_R/client_session_subscriptions_52
2025-01-30 04:02:00,708 INFO c.h.h.t.OperatorHelmChartContainer - [local-hivemq-5fcc877b5c] [hivemq] [8ab04677] DEBUG - Flushing: /opt/hivemq/data/persistence/client_session_subscriptions/043200_R/client_session_subscriptions_53
2025-01-30 04:02:00,708 INFO c.h.h.t.OperatorHelmChartContainer - [local-hivemq-5fcc877b5c] [hivemq] [8ab04677] DEBUG - Flushing: /opt/hivemq/data/persistence/client_session_subscriptions/043200_R/client_session_subscriptions_54
2025-01-30 04:02:00,708 INFO c.h.h.t.OperatorHelmChartContainer - [local-hivemq-5fcc877b5c] [hivemq] [8ab04677] DEBUG - Flushing: /opt/hivemq/data/persistence/client_session_subscriptions/043200_R/client_session_subscriptions_55
2025-01-30 04:02:00,708 INFO c.h.h.t.OperatorHelmChartContainer - [local-hivemq-5fcc877b5c] [hivemq] [8ab04677] DEBUG - Flushing: /opt/hivemq/data/persistence/client_session_subscriptions/043200_R/client_session_subscriptions_56
2025-01-30 04:02:00,708 INFO c.h.h.t.OperatorHelmChartContainer - [local-hivemq-5fcc877b5c] [hivemq] [8ab04677] DEBUG - Flushing: /opt/hivemq/data/persistence/client_session_subscriptions/043200_R/client_session_subscriptions_57
2025-01-30 04:02:00,708 INFO c.h.h.t.OperatorHelmChartContainer - [local-hivemq-5fcc877b5c] [hivemq] [8ab04677] DEBUG - Flushing: /opt/hivemq/data/persistence/client_session_subscriptions/043200_R/client_session_subscriptions_58
2025-01-30 04:02:00,708 INFO c.h.h.t.OperatorHelmChartContainer - [local-hivemq-5fcc877b5c] [hivemq] [8ab04677] DEBUG - Flushing: /opt/hivemq/data/persistence/client_session_subscriptions/043200_R/client_session_subscriptions_59
2025-01-30 04:02:00,708 INFO c.h.h.t.OperatorHelmChartContainer - [local-hivemq-5fcc877b5c] [hivemq] [8ab04677] DEBUG - Flushing: /opt/hivemq/data/persistence/client_session_subscriptions/043200_R/client_session_subscriptions_60
2025-01-30 04:02:00,708 INFO c.h.h.t.OperatorHelmChartContainer - [local-hivemq-5fcc877b5c] [hivemq] [8ab04677] DEBUG - Flushing: /opt/hivemq/data/persistence/client_session_subscriptions/043200_R/client_session_subscriptions_61
2025-01-30 04:02:00,708 INFO c.h.h.t.OperatorHelmChartContainer - [local-hivemq-5fcc877b5c] [hivemq] [8ab04677] DEBUG - Flushing: /opt/hivemq/data/persistence/client_session_subscriptions/043200_R/client_session_subscriptions_62
2025-01-30 04:02:00,708 INFO c.h.h.t.OperatorHelmChartContainer - [local-hivemq-5fcc877b5c] [hivemq] [8ab04677] DEBUG - Flushing: /opt/hivemq/data/persistence/client_session_subscriptions/043200_R/client_session_subscriptions_63
2025-01-30 04:02:00,708 INFO c.h.h.t.OperatorHelmChartContainer - [local-hivemq-5fcc877b5c] [hivemq] [8ab04677] DEBUG - Flushing: /opt/hivemq/data/persistence/retained_messages/040800_R/retained_messages_0
2025-01-30 04:02:00,709 INFO c.h.h.t.OperatorHelmChartContainer - [local-hivemq-5fcc877b5c] [hivemq] [8ab04677] DEBUG - Flushing: /opt/hivemq/data/persistence/retained_messages/040800_R/retained_messages_1
2025-01-30 04:02:00,709 INFO c.h.h.t.OperatorHelmChartContainer - [local-hivemq-5fcc877b5c] [hivemq] [8ab04677] DEBUG - Flushing: /opt/hivemq/data/persistence/retained_messages/040800_R/retained_messages_2
2025-01-30 04:02:00,709 INFO c.h.h.t.OperatorHelmChartContainer - [local-hivemq-5fcc877b5c] [hivemq] [8ab04677] DEBUG - Flushing: /opt/hivemq/data/persistence/retained_messages/040800_R/retained_messages_3
2025-01-30 04:02:00,709 INFO c.h.h.t.OperatorHelmChartContainer - [local-hivemq-5fcc877b5c] [hivemq] [8ab04677] DEBUG - Flushing: /opt/hivemq/data/persistence/retained_messages/040800_R/retained_messages_4
2025-01-30 04:02:00,709 INFO c.h.h.t.OperatorHelmChartContainer - [local-hivemq-5fcc877b5c] [hivemq] [8ab04677] DEBUG - Flushing: /opt/hivemq/data/persistence/retained_messages/040800_R/retained_messages_6
2025-01-30 04:02:00,709 INFO c.h.h.t.OperatorHelmChartContainer - [local-hivemq-5fcc877b5c] [hivemq] [8ab04677] DEBUG - Flushing: /opt/hivemq/data/persistence/retained_messages/040800_R/retained_messages_5
2025-01-30 04:02:00,709 INFO c.h.h.t.OperatorHelmChartContainer - [local-hivemq-5fcc877b5c] [hivemq] [8ab04677] DEBUG - Flushing: /opt/hivemq/data/persistence/retained_messages/040800_R/retained_messages_7
2025-01-30 04:02:00,709 INFO c.h.h.t.OperatorHelmChartContainer - [local-hivemq-5fcc877b5c] [hivemq] [8ab04677] DEBUG - Flushing: /opt/hivemq/data/persistence/retained_messages/040800_R/retained_messages_8
2025-01-30 04:02:00,709 INFO c.h.h.t.OperatorHelmChartContainer - [local-hivemq-5fcc877b5c] [hivemq] [8ab04677] DEBUG - Flushing: /opt/hivemq/data/persistence/retained_messages/040800_R/retained_messages_9
2025-01-30 04:02:00,709 INFO c.h.h.t.OperatorHelmChartContainer - [local-hivemq-5fcc877b5c] [hivemq] [8ab04677] DEBUG - Flushing: /opt/hivemq/data/persistence/retained_messages/040800_R/retained_messages_11
2025-01-30 04:02:00,709 INFO c.h.h.t.OperatorHelmChartContainer - [local-hivemq-5fcc877b5c] [hivemq] [8ab04677] DEBUG - Flushing: /opt/hivemq/data/persistence/retained_messages/040800_R/retained_messages_10
2025-01-30 04:02:00,709 INFO c.h.h.t.OperatorHelmChartContainer - [local-hivemq-5fcc877b5c] [hivemq] [8ab04677] DEBUG - Flushing: /opt/hivemq/data/persistence/retained_messages/040800_R/retained_messages_12
2025-01-30 04:02:00,709 INFO c.h.h.t.OperatorHelmChartContainer - [local-hivemq-5fcc877b5c] [hivemq] [8ab04677] DEBUG - Flushing: /opt/hivemq/data/persistence/retained_messages/040800_R/retained_messages_13
2025-01-30 04:02:00,709 INFO c.h.h.t.OperatorHelmChartContainer - [local-hivemq-5fcc877b5c] [hivemq] [8ab04677] DEBUG - Flushing: /opt/hivemq/data/persistence/retained_messages/040800_R/retained_messages_14
2025-01-30 04:02:00,709 INFO c.h.h.t.OperatorHelmChartContainer - [local-hivemq-5fcc877b5c] [hivemq] [8ab04677] DEBUG - Flushing: /opt/hivemq/data/persistence/retained_messages/040800_R/retained_messages_15
2025-01-30 04:02:00,709 INFO c.h.h.t.OperatorHelmChartContainer - [local-hivemq-5fcc877b5c] [hivemq] [8ab04677] DEBUG - Flushing: /opt/hivemq/data/persistence/retained_messages/040800_R/retained_messages_16
2025-01-30 04:02:00,709 INFO c.h.h.t.OperatorHelmChartContainer - [local-hivemq-5fcc877b5c] [hivemq] [8ab04677] DEBUG - Flushing: /opt/hivemq/data/persistence/retained_messages/040800_R/retained_messages_17
2025-01-30 04:02:00,709 INFO c.h.h.t.OperatorHelmChartContainer - [local-hivemq-5fcc877b5c] [hivemq] [8ab04677] DEBUG - Flushing: /opt/hivemq/data/persistence/retained_messages/040800_R/retained_messages_19
2025-01-30 04:02:00,709 INFO c.h.h.t.OperatorHelmChartContainer - [local-hivemq-5fcc877b5c] [hivemq] [8ab04677] DEBUG - Flushing: /opt/hivemq/data/persistence/retained_messages/040800_R/retained_messages_18
2025-01-30 04:02:00,709 INFO c.h.h.t.OperatorHelmChartContainer - [local-hivemq-5fcc877b5c] [hivemq] [8ab04677] DEBUG - Flushing: /opt/hivemq/data/persistence/retained_messages/040800_R/retained_messages_21
2025-01-30 04:02:00,709 INFO c.h.h.t.OperatorHelmChartContainer - [local-hivemq-5fcc877b5c] [hivemq] [8ab04677] DEBUG - Flushing: /opt/hivemq/data/persistence/retained_messages/040800_R/retained_messages_20
2025-01-30 04:02:00,709 INFO c.h.h.t.OperatorHelmChartContainer - [local-hivemq-5fcc877b5c] [hivemq] [8ab04677] DEBUG - Flushing: /opt/hivemq/data/persistence/retained_messages/040800_R/retained_messages_22
2025-01-30 04:02:00,709 INFO c.h.h.t.OperatorHelmChartContainer - [local-hivemq-5fcc877b5c] [hivemq] [8ab04677] DEBUG - Flushing: /opt/hivemq/data/persistence/retained_messages/040800_R/retained_messages_23
2025-01-30 04:02:00,709 INFO c.h.h.t.OperatorHelmChartContainer - [local-hivemq-5fcc877b5c] [hivemq] [8ab04677] DEBUG - Flushing: /opt/hivemq/data/persistence/retained_messages/040800_R/retained_messages_24
2025-01-30 04:02:00,709 INFO c.h.h.t.OperatorHelmChartContainer - [local-hivemq-5fcc877b5c] [hivemq] [8ab04677] DEBUG - Flushing: /opt/hivemq/data/persistence/retained_messages/040800_R/retained_messages_25
2025-01-30 04:02:00,709 INFO c.h.h.t.OperatorHelmChartContainer - [local-hivemq-5fcc877b5c] [hivemq] [8ab04677] DEBUG - Flushing: /opt/hivemq/data/persistence/retained_messages/040800_R/retained_messages_27
2025-01-30 04:02:00,709 INFO c.h.h.t.OperatorHelmChartContainer - [local-hivemq-5fcc877b5c] [hivemq] [8ab04677] DEBUG - Flushing: /opt/hivemq/data/persistence/retained_messages/040800_R/retained_messages_26
2025-01-30 04:02:00,709 INFO c.h.h.t.OperatorHelmChartContainer - [local-hivemq-5fcc877b5c] [hivemq] [8ab04677] DEBUG - Flushing: /opt/hivemq/data/persistence/retained_messages/040800_R/retained_messages_28
2025-01-30 04:02:00,709 INFO c.h.h.t.OperatorHelmChartContainer - [local-hivemq-5fcc877b5c] [hivemq] [8ab04677] DEBUG - Flushing: /opt/hivemq/data/persistence/retained_messages/040800_R/retained_messages_29
2025-01-30 04:02:00,709 INFO c.h.h.t.OperatorHelmChartContainer - [local-hivemq-5fcc877b5c] [hivemq] [8ab04677] DEBUG - Flushing: /opt/hivemq/data/persistence/retained_messages/040800_R/retained_messages_32
2025-01-30 04:02:00,709 INFO c.h.h.t.OperatorHelmChartContainer - [local-hivemq-5fcc877b5c] [hivemq] [8ab04677] DEBUG - Flushing: /opt/hivemq/data/persistence/retained_messages/040800_R/retained_messages_31
2025-01-30 04:02:00,709 INFO c.h.h.t.OperatorHelmChartContainer - [local-hivemq-5fcc877b5c] [hivemq] [8ab04677] DEBUG - Flushing: /opt/hivemq/data/persistence/retained_messages/040800_R/retained_messages_30
2025-01-30 04:02:00,709 INFO c.h.h.t.OperatorHelmChartContainer - [local-hivemq-5fcc877b5c] [hivemq] [8ab04677] DEBUG - Flushing: /opt/hivemq/data/persistence/retained_messages/040800_R/retained_messages_33
2025-01-30 04:02:00,709 INFO c.h.h.t.OperatorHelmChartContainer - [local-hivemq-5fcc877b5c] [hivemq] [8ab04677] DEBUG - Flushing: /opt/hivemq/data/persistence/retained_messages/040800_R/retained_messages_34
2025-01-30 04:02:00,709 INFO c.h.h.t.OperatorHelmChartContainer - [local-hivemq-5fcc877b5c] [hivemq] [8ab04677] DEBUG - Flushing: /opt/hivemq/data/persistence/retained_messages/040800_R/retained_messages_36
2025-01-30 04:02:00,709 INFO c.h.h.t.OperatorHelmChartContainer - [local-hivemq-5fcc877b5c] [hivemq] [8ab04677] DEBUG - Flushing: /opt/hivemq/data/persistence/retained_messages/040800_R/retained_messages_35
2025-01-30 04:02:00,709 INFO c.h.h.t.OperatorHelmChartContainer - [local-hivemq-5fcc877b5c] [hivemq] [8ab04677] DEBUG - Flushing: /opt/hivemq/data/persistence/retained_messages/040800_R/retained_messages_37
2025-01-30 04:02:00,709 INFO c.h.h.t.OperatorHelmChartContainer - [local-hivemq-5fcc877b5c] [hivemq] [8ab04677] DEBUG - Flushing: /opt/hivemq/data/persistence/retained_messages/040800_R/retained_messages_38
2025-01-30 04:02:00,709 INFO c.h.h.t.OperatorHelmChartContainer - [local-hivemq-5fcc877b5c] [hivemq] [8ab04677] DEBUG - Flushing: /opt/hivemq/data/persistence/retained_messages/040800_R/retained_messages_39
2025-01-30 04:02:00,709 INFO c.h.h.t.OperatorHelmChartContainer - [local-hivemq-5fcc877b5c] [hivemq] [8ab04677] DEBUG - Flushing: /opt/hivemq/data/persistence/retained_messages/040800_R/retained_messages_41
2025-01-30 04:02:00,709 INFO c.h.h.t.OperatorHelmChartContainer - [local-hivemq-5fcc877b5c] [hivemq] [8ab04677] DEBUG - Flushing: /opt/hivemq/data/persistence/retained_messages/040800_R/retained_messages_40
2025-01-30 04:02:00,709 INFO c.h.h.t.OperatorHelmChartContainer - [local-hivemq-5fcc877b5c] [hivemq] [8ab04677] DEBUG - Flushing: /opt/hivemq/data/persistence/retained_messages/040800_R/retained_messages_42
2025-01-30 04:02:00,709 INFO c.h.h.t.OperatorHelmChartContainer - [local-hivemq-5fcc877b5c] [hivemq] [8ab04677] DEBUG - Flushing: /opt/hivemq/data/persistence/retained_messages/040800_R/retained_messages_43
2025-01-30 04:02:00,709 INFO c.h.h.t.OperatorHelmChartContainer - [local-hivemq-5fcc877b5c] [hivemq] [8ab04677] DEBUG - Flushing: /opt/hivemq/data/persistence/retained_messages/040800_R/retained_messages_44
2025-01-30 04:02:00,710 INFO c.h.h.t.OperatorHelmChartContainer - [local-hivemq-5fcc877b5c] [hivemq] [8ab04677] DEBUG - Flushing: /opt/hivemq/data/persistence/retained_messages/040800_R/retained_messages_45
2025-01-30 04:02:00,710 INFO c.h.h.t.OperatorHelmChartContainer - [local-hivemq-5fcc877b5c] [hivemq] [8ab04677] DEBUG - Flushing: /opt/hivemq/data/persistence/retained_messages/040800_R/retained_messages_46
2025-01-30 04:02:00,710 INFO c.h.h.t.OperatorHelmChartContainer - [local-hivemq-5fcc877b5c] [hivemq] [8ab04677] DEBUG - Flushing: /opt/hivemq/data/persistence/retained_messages/040800_R/retained_messages_47
2025-01-30 04:02:00,710 INFO c.h.h.t.OperatorHelmChartContainer - [local-hivemq-5fcc877b5c] [hivemq] [8ab04677] DEBUG - Flushing: /opt/hivemq/data/persistence/retained_messages/040800_R/retained_messages_48
2025-01-30 04:02:00,710 INFO c.h.h.t.OperatorHelmChartContainer - [local-hivemq-5fcc877b5c] [hivemq] [8ab04677] DEBUG - Flushing: /opt/hivemq/data/persistence/retained_messages/040800_R/retained_messages_49
2025-01-30 04:02:00,710 INFO c.h.h.t.OperatorHelmChartContainer - [local-hivemq-5fcc877b5c] [hivemq] [8ab04677] DEBUG - Flushing: /opt/hivemq/data/persistence/retained_messages/040800_R/retained_messages_50
2025-01-30 04:02:00,710 INFO c.h.h.t.OperatorHelmChartContainer - [local-hivemq-5fcc877b5c] [hivemq] [8ab04677] DEBUG - Flushing: /opt/hivemq/data/persistence/retained_messages/040800_R/retained_messages_51
2025-01-30 04:02:00,710 INFO c.h.h.t.OperatorHelmChartContainer - [local-hivemq-5fcc877b5c] [hivemq] [8ab04677] DEBUG - Flushing: /opt/hivemq/data/persistence/retained_messages/040800_R/retained_messages_52
2025-01-30 04:02:00,710 INFO c.h.h.t.OperatorHelmChartContainer - [local-hivemq-5fcc877b5c] [hivemq] [8ab04677] DEBUG - Flushing: /opt/hivemq/data/persistence/retained_messages/040800_R/retained_messages_53
2025-01-30 04:02:00,710 INFO c.h.h.t.OperatorHelmChartContainer - [local-hivemq-5fcc877b5c] [hivemq] [8ab04677] DEBUG - Flushing: /opt/hivemq/data/persistence/retained_messages/040800_R/retained_messages_54
2025-01-30 04:02:00,710 INFO c.h.h.t.OperatorHelmChartContainer - [local-hivemq-5fcc877b5c] [hivemq] [8ab04677] DEBUG - Flushing: /opt/hivemq/data/persistence/retained_messages/040800_R/retained_messages_55
2025-01-30 04:02:00,710 INFO c.h.h.t.OperatorHelmChartContainer - [local-hivemq-5fcc877b5c] [hivemq] [8ab04677] DEBUG - Flushing: /opt/hivemq/data/persistence/retained_messages/040800_R/retained_messages_56
2025-01-30 04:02:00,710 INFO c.h.h.t.OperatorHelmChartContainer - [local-hivemq-5fcc877b5c] [hivemq] [8ab04677] DEBUG - Flushing: /opt/hivemq/data/persistence/retained_messages/040800_R/retained_messages_57
2025-01-30 04:02:00,710 INFO c.h.h.t.OperatorHelmChartContainer - [local-hivemq-5fcc877b5c] [hivemq] [8ab04677] DEBUG - Flushing: /opt/hivemq/data/persistence/retained_messages/040800_R/retained_messages_58
2025-01-30 04:02:00,710 INFO c.h.h.t.OperatorHelmChartContainer - [local-hivemq-5fcc877b5c] [hivemq] [8ab04677] DEBUG - Flushing: /opt/hivemq/data/persistence/retained_messages/040800_R/retained_messages_59
2025-01-30 04:02:00,711 INFO c.h.h.t.OperatorHelmChartContainer - [local-hivemq-5fcc877b5c] [hivemq] [8ab04677] DEBUG - Flushing: /opt/hivemq/data/persistence/retained_messages/040800_R/retained_messages_60
2025-01-30 04:02:00,711 INFO c.h.h.t.OperatorHelmChartContainer - [local-hivemq-5fcc877b5c] [hivemq] [8ab04677] DEBUG - Flushing: /opt/hivemq/data/persistence/retained_messages/040800_R/retained_messages_62
2025-01-30 04:02:00,711 INFO c.h.h.t.OperatorHelmChartContainer - [local-hivemq-5fcc877b5c] [hivemq] [8ab04677] DEBUG - Flushing: /opt/hivemq/data/persistence/retained_messages/040800_R/retained_messages_61
2025-01-30 04:02:00,711 INFO c.h.h.t.OperatorHelmChartContainer - [local-hivemq-5fcc877b5c] [hivemq] [8ab04677] DEBUG - Flushing: /opt/hivemq/data/persistence/retained_messages/040800_R/retained_messages_63
2025-01-30 04:02:00,711 INFO c.h.h.t.OperatorHelmChartContainer - [local-hivemq-5fcc877b5c] [hivemq] [8ab04677] DEBUG - Flushing: /opt/hivemq/data/persistence/attribute/043100_R/attribute_0
2025-01-30 04:02:00,711 INFO c.h.h.t.OperatorHelmChartContainer - [local-hivemq-5fcc877b5c] [hivemq] [8ab04677] DEBUG - Flushing: /opt/hivemq/data/persistence/attribute/043100_R/attribute_1
2025-01-30 04:02:00,711 INFO c.h.h.t.OperatorHelmChartContainer - [local-hivemq-5fcc877b5c] [hivemq] [8ab04677] DEBUG - Flushing: /opt/hivemq/data/persistence/attribute/043100_R/attribute_2
2025-01-30 04:02:00,711 INFO c.h.h.t.OperatorHelmChartContainer - [local-hivemq-5fcc877b5c] [hivemq] [8ab04677] DEBUG - Flushing: /opt/hivemq/data/persistence/attribute/043100_R/attribute_3
2025-01-30 04:02:00,711 INFO c.h.h.t.OperatorHelmChartContainer - [local-hivemq-5fcc877b5c] [hivemq] [8ab04677] DEBUG - Flushing: /opt/hivemq/data/persistence/attribute/043100_R/attribute_6
2025-01-30 04:02:00,711 INFO c.h.h.t.OperatorHelmChartContainer - [local-hivemq-5fcc877b5c] [hivemq] [8ab04677] DEBUG - Flushing: /opt/hivemq/data/persistence/attribute/043100_R/attribute_4
2025-01-30 04:02:00,711 INFO c.h.h.t.OperatorHelmChartContainer - [local-hivemq-5fcc877b5c] [hivemq] [8ab04677] DEBUG - Flushing: /opt/hivemq/data/persistence/attribute/043100_R/attribute_5
2025-01-30 04:02:00,711 INFO c.h.h.t.OperatorHelmChartContainer - [local-hivemq-5fcc877b5c] [hivemq] [8ab04677] DEBUG - Flushing: /opt/hivemq/data/persistence/attribute/043100_R/attribute_7
2025-01-30 04:02:00,711 INFO c.h.h.t.OperatorHelmChartContainer - [local-hivemq-5fcc877b5c] [hivemq] [8ab04677] DEBUG - Flushing: /opt/hivemq/data/persistence/attribute/043100_R/attribute_8
2025-01-30 04:02:00,711 INFO c.h.h.t.OperatorHelmChartContainer - [local-hivemq-5fcc877b5c] [hivemq] [8ab04677] DEBUG - Flushing: /opt/hivemq/data/persistence/attribute/043100_R/attribute_10
2025-01-30 04:02:00,711 INFO c.h.h.t.OperatorHelmChartContainer - [local-hivemq-5fcc877b5c] [hivemq] [8ab04677] DEBUG - Flushing: /opt/hivemq/data/persistence/attribute/043100_R/attribute_9
2025-01-30 04:02:00,711 INFO c.h.h.t.OperatorHelmChartContainer - [local-hivemq-5fcc877b5c] [hivemq] [8ab04677] DEBUG - Flushing: /opt/hivemq/data/persistence/attribute/043100_R/attribute_11
2025-01-30 04:02:00,711 INFO c.h.h.t.OperatorHelmChartContainer - [local-hivemq-5fcc877b5c] [hivemq] [8ab04677] DEBUG - Flushing: /opt/hivemq/data/persistence/attribute/043100_R/attribute_12
2025-01-30 04:02:00,711 INFO c.h.h.t.OperatorHelmChartContainer - [local-hivemq-5fcc877b5c] [hivemq] [8ab04677] DEBUG - Flushing: /opt/hivemq/data/persistence/attribute/043100_R/attribute_15
2025-01-30 04:02:00,711 INFO c.h.h.t.OperatorHelmChartContainer - [local-hivemq-5fcc877b5c] [hivemq] [8ab04677] DEBUG - Flushing: /opt/hivemq/data/persistence/attribute/043100_R/attribute_14
2025-01-30 04:02:00,711 INFO c.h.h.t.OperatorHelmChartContainer - [local-hivemq-5fcc877b5c] [hivemq] [8ab04677] DEBUG - Flushing: /opt/hivemq/data/persistence/attribute/043100_R/attribute_13
2025-01-30 04:02:00,711 INFO c.h.h.t.OperatorHelmChartContainer - [local-hivemq-5fcc877b5c] [hivemq] [8ab04677] DEBUG - Flushing: /opt/hivemq/data/persistence/attribute/043100_R/attribute_18
2025-01-30 04:02:00,711 INFO c.h.h.t.OperatorHelmChartContainer - [local-hivemq-5fcc877b5c] [hivemq] [8ab04677] DEBUG - Flushing: /opt/hivemq/data/persistence/attribute/043100_R/attribute_16
2025-01-30 04:02:00,712 INFO c.h.h.t.OperatorHelmChartContainer - [local-hivemq-5fcc877b5c] [hivemq] [8ab04677] DEBUG - Flushing: /opt/hivemq/data/persistence/attribute/043100_R/attribute_17
2025-01-30 04:02:00,712 INFO c.h.h.t.OperatorHelmChartContainer - [local-hivemq-5fcc877b5c] [hivemq] [8ab04677] DEBUG - Flushing: /opt/hivemq/data/persistence/attribute/043100_R/attribute_19
2025-01-30 04:02:00,712 INFO c.h.h.t.OperatorHelmChartContainer - [local-hivemq-5fcc877b5c] [hivemq] [8ab04677] DEBUG - Flushing: /opt/hivemq/data/persistence/attribute/043100_R/attribute_20
2025-01-30 04:02:00,712 INFO c.h.h.t.OperatorHelmChartContainer - [local-hivemq-5fcc877b5c] [hivemq] [8ab04677] DEBUG - Flushing: /opt/hivemq/data/persistence/attribute/043100_R/attribute_22
2025-01-30 04:02:00,712 INFO c.h.h.t.OperatorHelmChartContainer - [local-hivemq-5fcc877b5c] [hivemq] [8ab04677] DEBUG - Flushing: /opt/hivemq/data/persistence/attribute/043100_R/attribute_21
2025-01-30 04:02:00,712 INFO c.h.h.t.OperatorHelmChartContainer - [local-hivemq-5fcc877b5c] [hivemq] [8ab04677] DEBUG - Flushing: /opt/hivemq/data/persistence/attribute/043100_R/attribute_23
2025-01-30 04:02:00,712 INFO c.h.h.t.OperatorHelmChartContainer - [local-hivemq-5fcc877b5c] [hivemq] [8ab04677] DEBUG - Flushing: /opt/hivemq/data/persistence/attribute/043100_R/attribute_24
2025-01-30 04:02:00,712 INFO c.h.h.t.OperatorHelmChartContainer - [local-hivemq-5fcc877b5c] [hivemq] [8ab04677] DEBUG - Flushing: /opt/hivemq/data/persistence/attribute/043100_R/attribute_25
2025-01-30 04:02:00,712 INFO c.h.h.t.OperatorHelmChartContainer - [local-hivemq-5fcc877b5c] [hivemq] [8ab04677] DEBUG - Flushing: /opt/hivemq/data/persistence/attribute/043100_R/attribute_26
2025-01-30 04:02:00,712 INFO c.h.h.t.OperatorHelmChartContainer - [local-hivemq-5fcc877b5c] [hivemq] [8ab04677] DEBUG - Flushing: /opt/hivemq/data/persistence/attribute/043100_R/attribute_27
2025-01-30 04:02:00,712 INFO c.h.h.t.OperatorHelmChartContainer - [local-hivemq-5fcc877b5c] [hivemq] [8ab04677] DEBUG - Flushing: /opt/hivemq/data/persistence/attribute/043100_R/attribute_28
2025-01-30 04:02:00,712 INFO c.h.h.t.OperatorHelmChartContainer - [local-hivemq-5fcc877b5c] [hivemq] [8ab04677] DEBUG - Flushing: /opt/hivemq/data/persistence/attribute/043100_R/attribute_29
2025-01-30 04:02:00,712 INFO c.h.h.t.OperatorHelmChartContainer - [local-hivemq-5fcc877b5c] [hivemq] [8ab04677] DEBUG - Flushing: /opt/hivemq/data/persistence/attribute/043100_R/attribute_30
2025-01-30 04:02:00,712 INFO c.h.h.t.OperatorHelmChartContainer - [local-hivemq-5fcc877b5c] [hivemq] [8ab04677] DEBUG - Flushing: /opt/hivemq/data/persistence/attribute/043100_R/attribute_31
2025-01-30 04:02:00,712 INFO c.h.h.t.OperatorHelmChartContainer - [local-hivemq-5fcc877b5c] [hivemq] [8ab04677] DEBUG - Flushing: /opt/hivemq/data/persistence/attribute/043100_R/attribute_32
2025-01-30 04:02:00,712 INFO c.h.h.t.OperatorHelmChartContainer - [local-hivemq-5fcc877b5c] [hivemq] [8ab04677] DEBUG - Flushing: /opt/hivemq/data/persistence/attribute/043100_R/attribute_33
2025-01-30 04:02:00,712 INFO c.h.h.t.OperatorHelmChartContainer - [local-hivemq-5fcc877b5c] [hivemq] [8ab04677] DEBUG - Flushing: /opt/hivemq/data/persistence/attribute/043100_R/attribute_34
2025-01-30 04:02:00,712 INFO c.h.h.t.OperatorHelmChartContainer - [local-hivemq-5fcc877b5c] [hivemq] [8ab04677] DEBUG - Flushing: /opt/hivemq/data/persistence/attribute/043100_R/attribute_35
2025-01-30 04:02:00,712 INFO c.h.h.t.OperatorHelmChartContainer - [local-hivemq-5fcc877b5c] [hivemq] [8ab04677] DEBUG - Flushing: /opt/hivemq/data/persistence/attribute/043100_R/attribute_36
2025-01-30 04:02:00,712 INFO c.h.h.t.OperatorHelmChartContainer - [local-hivemq-5fcc877b5c] [hivemq] [8ab04677] DEBUG - Flushing: /opt/hivemq/data/persistence/attribute/043100_R/attribute_37
2025-01-30 04:02:00,713 INFO c.h.h.t.OperatorHelmChartContainer - [local-hivemq-5fcc877b5c] [hivemq] [8ab04677] DEBUG - Flushing: /opt/hivemq/data/persistence/attribute/043100_R/attribute_38
2025-01-30 04:02:00,713 INFO c.h.h.t.OperatorHelmChartContainer - [local-hivemq-5fcc877b5c] [hivemq] [8ab04677] DEBUG - Flushing: /opt/hivemq/data/persistence/attribute/043100_R/attribute_39
2025-01-30 04:02:00,713 INFO c.h.h.t.OperatorHelmChartContainer - [local-hivemq-5fcc877b5c] [hivemq] [8ab04677] DEBUG - Flushing: /opt/hivemq/data/persistence/attribute/043100_R/attribute_40
2025-01-30 04:02:00,713 INFO c.h.h.t.OperatorHelmChartContainer - [local-hivemq-5fcc877b5c] [hivemq] [8ab04677] DEBUG - Flushing: /opt/hivemq/data/persistence/attribute/043100_R/attribute_41
2025-01-30 04:02:00,713 INFO c.h.h.t.OperatorHelmChartContainer - [local-hivemq-5fcc877b5c] [hivemq] [8ab04677] DEBUG - Flushing: /opt/hivemq/data/persistence/attribute/043100_R/attribute_42
2025-01-30 04:02:00,713 INFO c.h.h.t.OperatorHelmChartContainer - [local-hivemq-5fcc877b5c] [hivemq] [8ab04677] DEBUG - Flushing: /opt/hivemq/data/persistence/attribute/043100_R/attribute_43
2025-01-30 04:02:00,713 INFO c.h.h.t.OperatorHelmChartContainer - [local-hivemq-5fcc877b5c] [hivemq] [8ab04677] DEBUG - Flushing: /opt/hivemq/data/persistence/attribute/043100_R/attribute_44
2025-01-30 04:02:00,713 INFO c.h.h.t.OperatorHelmChartContainer - [local-hivemq-5fcc877b5c] [hivemq] [8ab04677] DEBUG - Flushing: /opt/hivemq/data/persistence/attribute/043100_R/attribute_45
2025-01-30 04:02:00,713 INFO c.h.h.t.OperatorHelmChartContainer - [local-hivemq-5fcc877b5c] [hivemq] [8ab04677] DEBUG - Flushing: /opt/hivemq/data/persistence/attribute/043100_R/attribute_46
2025-01-30 04:02:00,713 INFO c.h.h.t.OperatorHelmChartContainer - [local-hivemq-5fcc877b5c] [hivemq] [8ab04677] DEBUG - Flushing: /opt/hivemq/data/persistence/attribute/043100_R/attribute_47
2025-01-30 04:02:00,713 INFO c.h.h.t.OperatorHelmChartContainer - [local-hivemq-5fcc877b5c] [hivemq] [8ab04677] DEBUG - Flushing: /opt/hivemq/data/persistence/attribute/043100_R/attribute_48
2025-01-30 04:02:00,713 INFO c.h.h.t.OperatorHelmChartContainer - [local-hivemq-5fcc877b5c] [hivemq] [8ab04677] DEBUG - Flushing: /opt/hivemq/data/persistence/attribute/043100_R/attribute_49
2025-01-30 04:02:00,713 INFO c.h.h.t.OperatorHelmChartContainer - [local-hivemq-5fcc877b5c] [hivemq] [8ab04677] DEBUG - Flushing: /opt/hivemq/data/persistence/attribute/043100_R/attribute_50
2025-01-30 04:02:00,713 INFO c.h.h.t.OperatorHelmChartContainer - [local-hivemq-5fcc877b5c] [hivemq] [8ab04677] DEBUG - Flushing: /opt/hivemq/data/persistence/attribute/043100_R/attribute_51
2025-01-30 04:02:00,713 INFO c.h.h.t.OperatorHelmChartContainer - [local-hivemq-5fcc877b5c] [hivemq] [8ab04677] DEBUG - Flushing: /opt/hivemq/data/persistence/attribute/043100_R/attribute_52
2025-01-30 04:02:00,713 INFO c.h.h.t.OperatorHelmChartContainer - [local-hivemq-5fcc877b5c] [hivemq] [8ab04677] DEBUG - Flushing: /opt/hivemq/data/persistence/attribute/043100_R/attribute_53
2025-01-30 04:02:00,713 INFO c.h.h.t.OperatorHelmChartContainer - [local-hivemq-5fcc877b5c] [hivemq] [8ab04677] DEBUG - Flushing: /opt/hivemq/data/persistence/attribute/043100_R/attribute_54
2025-01-30 04:02:00,713 INFO c.h.h.t.OperatorHelmChartContainer - [local-hivemq-5fcc877b5c] [hivemq] [8ab04677] DEBUG - Flushing: /opt/hivemq/data/persistence/attribute/043100_R/attribute_55
2025-01-30 04:02:00,713 INFO c.h.h.t.OperatorHelmChartContainer - [local-hivemq-5fcc877b5c] [hivemq] [8ab04677] DEBUG - Flushing: /opt/hivemq/data/persistence/attribute/043100_R/attribute_56
2025-01-30 04:02:00,714 INFO c.h.h.t.OperatorHelmChartContainer - [local-hivemq-5fcc877b5c] [hivemq] [8ab04677] DEBUG - Flushing: /opt/hivemq/data/persistence/attribute/043100_R/attribute_57
2025-01-30 04:02:00,714 INFO c.h.h.t.OperatorHelmChartContainer - [local-hivemq-5fcc877b5c] [hivemq] [8ab04677] DEBUG - Flushing: /opt/hivemq/data/persistence/attribute/043100_R/attribute_58
2025-01-30 04:02:00,714 INFO c.h.h.t.OperatorHelmChartContainer - [local-hivemq-5fcc877b5c] [hivemq] [8ab04677] DEBUG - Flushing: /opt/hivemq/data/persistence/attribute/043100_R/attribute_59
2025-01-30 04:02:00,714 INFO c.h.h.t.OperatorHelmChartContainer - [local-hivemq-5fcc877b5c] [hivemq] [8ab04677] DEBUG - Flushing: /opt/hivemq/data/persistence/attribute/043100_R/attribute_60
2025-01-30 04:02:00,714 INFO c.h.h.t.OperatorHelmChartContainer - [local-hivemq-5fcc877b5c] [hivemq] [8ab04677] DEBUG - Flushing: /opt/hivemq/data/persistence/attribute/043100_R/attribute_61
2025-01-30 04:02:00,714 INFO c.h.h.t.OperatorHelmChartContainer - [local-hivemq-5fcc877b5c] [hivemq] [8ab04677] DEBUG - Flushing: /opt/hivemq/data/persistence/attribute/043100_R/attribute_62
2025-01-30 04:02:00,714 INFO c.h.h.t.OperatorHelmChartContainer - [local-hivemq-5fcc877b5c] [hivemq] [8ab04677] DEBUG - Flushing: /opt/hivemq/data/persistence/attribute/043100_R/attribute_63
2025-01-30 04:02:00,714 INFO c.h.h.t.OperatorHelmChartContainer - [local-hivemq-5fcc877b5c] [hivemq] [8ab04677] DEBUG - Flushing: /opt/hivemq/data/persistence/incoming_message_flow/043000_R/incoming_message_flow_0
2025-01-30 04:02:00,714 INFO c.h.h.t.OperatorHelmChartContainer - [local-hivemq-5fcc877b5c] [hivemq] [8ab04677] DEBUG - Flushing: /opt/hivemq/data/persistence/incoming_message_flow/043000_R/incoming_message_flow_1
2025-01-30 04:02:00,714 INFO c.h.h.t.OperatorHelmChartContainer - [local-hivemq-5fcc877b5c] [hivemq] [8ab04677] DEBUG - Flushing: /opt/hivemq/data/persistence/incoming_message_flow/043000_R/incoming_message_flow_2
2025-01-30 04:02:00,714 INFO c.h.h.t.OperatorHelmChartContainer - [local-hivemq-5fcc877b5c] [hivemq] [8ab04677] DEBUG - Flushing: /opt/hivemq/data/persistence/incoming_message_flow/043000_R/incoming_message_flow_3
2025-01-30 04:02:00,714 INFO c.h.h.t.OperatorHelmChartContainer - [local-hivemq-5fcc877b5c] [hivemq] [8ab04677] DEBUG - Flushing: /opt/hivemq/data/persistence/incoming_message_flow/043000_R/incoming_message_flow_4
2025-01-30 04:02:00,714 INFO c.h.h.t.OperatorHelmChartContainer - [local-hivemq-5fcc877b5c] [hivemq] [8ab04677] DEBUG - Flushing: /opt/hivemq/data/persistence/incoming_message_flow/043000_R/incoming_message_flow_5
2025-01-30 04:02:00,714 INFO c.h.h.t.OperatorHelmChartContainer - [local-hivemq-5fcc877b5c] [hivemq] [8ab04677] DEBUG - Flushing: /opt/hivemq/data/persistence/incoming_message_flow/043000_R/incoming_message_flow_6
2025-01-30 04:02:00,714 INFO c.h.h.t.OperatorHelmChartContainer - [local-hivemq-5fcc877b5c] [hivemq] [8ab04677] DEBUG - Flushing: /opt/hivemq/data/persistence/incoming_message_flow/043000_R/incoming_message_flow_7
2025-01-30 04:02:00,714 INFO c.h.h.t.OperatorHelmChartContainer - [local-hivemq-5fcc877b5c] [hivemq] [8ab04677] DEBUG - Flushing: /opt/hivemq/data/persistence/incoming_message_flow/043000_R/incoming_message_flow_8
2025-01-30 04:02:00,714 INFO c.h.h.t.OperatorHelmChartContainer - [local-hivemq-5fcc877b5c] [hivemq] [8ab04677] DEBUG - Flushing: /opt/hivemq/data/persistence/incoming_message_flow/043000_R/incoming_message_flow_9
2025-01-30 04:02:00,714 INFO c.h.h.t.OperatorHelmChartContainer - [local-hivemq-5fcc877b5c] [hivemq] [8ab04677] DEBUG - Flushing: /opt/hivemq/data/persistence/incoming_message_flow/043000_R/incoming_message_flow_10
2025-01-30 04:02:00,714 INFO c.h.h.t.OperatorHelmChartContainer - [local-hivemq-5fcc877b5c] [hivemq] [8ab04677] DEBUG - Flushing: /opt/hivemq/data/persistence/incoming_message_flow/043000_R/incoming_message_flow_12
2025-01-30 04:02:00,714 INFO c.h.h.t.OperatorHelmChartContainer - [local-hivemq-5fcc877b5c] [hivemq] [8ab04677] DEBUG - Flushing: /opt/hivemq/data/persistence/incoming_message_flow/043000_R/incoming_message_flow_14
2025-01-30 04:02:00,714 INFO c.h.h.t.OperatorHelmChartContainer - [local-hivemq-5fcc877b5c] [hivemq] [8ab04677] DEBUG - Flushing: /opt/hivemq/data/persistence/incoming_message_flow/043000_R/incoming_message_flow_11
2025-01-30 04:02:00,715 INFO c.h.h.t.OperatorHelmChartContainer - [local-hivemq-5fcc877b5c] [hivemq] [8ab04677] DEBUG - Flushing: /opt/hivemq/data/persistence/incoming_message_flow/043000_R/incoming_message_flow_13
2025-01-30 04:02:00,715 INFO c.h.h.t.OperatorHelmChartContainer - [local-hivemq-5fcc877b5c] [hivemq] [8ab04677] DEBUG - Flushing: /opt/hivemq/data/persistence/incoming_message_flow/043000_R/incoming_message_flow_15
2025-01-30 04:02:00,716 INFO c.h.h.t.OperatorHelmChartContainer - [local-hivemq-5fcc877b5c] [hivemq] [8ab04677] DEBUG - Flushing: /opt/hivemq/data/persistence/incoming_message_flow/043000_R/incoming_message_flow_16
2025-01-30 04:02:00,716 INFO c.h.h.t.OperatorHelmChartContainer - [local-hivemq-5fcc877b5c] [hivemq] [8ab04677] DEBUG - Flushing: /opt/hivemq/data/persistence/incoming_message_flow/043000_R/incoming_message_flow_17
2025-01-30 04:02:00,716 INFO c.h.h.t.OperatorHelmChartContainer - [local-hivemq-5fcc877b5c] [hivemq] [8ab04677] DEBUG - Flushing: /opt/hivemq/data/persistence/incoming_message_flow/043000_R/incoming_message_flow_18
2025-01-30 04:02:00,716 INFO c.h.h.t.OperatorHelmChartContainer - [local-hivemq-5fcc877b5c] [hivemq] [8ab04677] DEBUG - Flushing: /opt/hivemq/data/persistence/incoming_message_flow/043000_R/incoming_message_flow_19
2025-01-30 04:02:00,716 INFO c.h.h.t.OperatorHelmChartContainer - [local-hivemq-5fcc877b5c] [hivemq] [8ab04677] DEBUG - Flushing: /opt/hivemq/data/persistence/incoming_message_flow/043000_R/incoming_message_flow_20
2025-01-30 04:02:00,716 INFO c.h.h.t.OperatorHelmChartContainer - [local-hivemq-5fcc877b5c] [hivemq] [8ab04677] DEBUG - Flushing: /opt/hivemq/data/persistence/incoming_message_flow/043000_R/incoming_message_flow_21
2025-01-30 04:02:00,716 INFO c.h.h.t.OperatorHelmChartContainer - [local-hivemq-5fcc877b5c] [hivemq] [8ab04677] DEBUG - Flushing: /opt/hivemq/data/persistence/incoming_message_flow/043000_R/incoming_message_flow_22
2025-01-30 04:02:00,716 INFO c.h.h.t.OperatorHelmChartContainer - [local-hivemq-5fcc877b5c] [hivemq] [8ab04677] DEBUG - Flushing: /opt/hivemq/data/persistence/incoming_message_flow/043000_R/incoming_message_flow_23
2025-01-30 04:02:00,716 INFO c.h.h.t.OperatorHelmChartContainer - [local-hivemq-5fcc877b5c] [hivemq] [8ab04677] DEBUG - Flushing: /opt/hivemq/data/persistence/incoming_message_flow/043000_R/incoming_message_flow_25
2025-01-30 04:02:00,716 INFO c.h.h.t.OperatorHelmChartContainer - [local-hivemq-5fcc877b5c] [hivemq] [8ab04677] DEBUG - Flushing: /opt/hivemq/data/persistence/incoming_message_flow/043000_R/incoming_message_flow_24
2025-01-30 04:02:00,716 INFO c.h.h.t.OperatorHelmChartContainer - [local-hivemq-5fcc877b5c] [hivemq] [8ab04677] DEBUG - Flushing: /opt/hivemq/data/persistence/incoming_message_flow/043000_R/incoming_message_flow_26
2025-01-30 04:02:00,716 INFO c.h.h.t.OperatorHelmChartContainer - [local-hivemq-5fcc877b5c] [hivemq] [8ab04677] DEBUG - Flushing: /opt/hivemq/data/persistence/incoming_message_flow/043000_R/incoming_message_flow_27
2025-01-30 04:02:00,716 INFO c.h.h.t.OperatorHelmChartContainer - [local-hivemq-5fcc877b5c] [hivemq] [8ab04677] DEBUG - Flushing: /opt/hivemq/data/persistence/incoming_message_flow/043000_R/incoming_message_flow_28
2025-01-30 04:02:00,716 INFO c.h.h.t.OperatorHelmChartContainer - [local-hivemq-5fcc877b5c] [hivemq] [8ab04677] DEBUG - Flushing: /opt/hivemq/data/persistence/incoming_message_flow/043000_R/incoming_message_flow_29
2025-01-30 04:02:00,716 INFO c.h.h.t.OperatorHelmChartContainer - [local-hivemq-5fcc877b5c] [hivemq] [8ab04677] DEBUG - Flushing: /opt/hivemq/data/persistence/incoming_message_flow/043000_R/incoming_message_flow_30
2025-01-30 04:02:00,716 INFO c.h.h.t.OperatorHelmChartContainer - [local-hivemq-5fcc877b5c] [hivemq] [8ab04677] DEBUG - Flushing: /opt/hivemq/data/persistence/incoming_message_flow/043000_R/incoming_message_flow_31
2025-01-30 04:02:00,716 INFO c.h.h.t.OperatorHelmChartContainer - [local-hivemq-5fcc877b5c] [hivemq] [8ab04677] DEBUG - Flushing: /opt/hivemq/data/persistence/incoming_message_flow/043000_R/incoming_message_flow_32
2025-01-30 04:02:00,716 INFO c.h.h.t.OperatorHelmChartContainer - [local-hivemq-5fcc877b5c] [hivemq] [8ab04677] DEBUG - Flushing: /opt/hivemq/data/persistence/incoming_message_flow/043000_R/incoming_message_flow_33
2025-01-30 04:02:00,716 INFO c.h.h.t.OperatorHelmChartContainer - [local-hivemq-5fcc877b5c] [hivemq] [8ab04677] DEBUG - Flushing: /opt/hivemq/data/persistence/incoming_message_flow/043000_R/incoming_message_flow_34
2025-01-30 04:02:00,716 INFO c.h.h.t.OperatorHelmChartContainer - [local-hivemq-5fcc877b5c] [hivemq] [8ab04677] DEBUG - Flushing: /opt/hivemq/data/persistence/incoming_message_flow/043000_R/incoming_message_flow_35
2025-01-30 04:02:00,716 INFO c.h.h.t.OperatorHelmChartContainer - [local-hivemq-5fcc877b5c] [hivemq] [8ab04677] DEBUG - Flushing: /opt/hivemq/data/persistence/incoming_message_flow/043000_R/incoming_message_flow_36
2025-01-30 04:02:00,716 INFO c.h.h.t.OperatorHelmChartContainer - [local-hivemq-5fcc877b5c] [hivemq] [8ab04677] DEBUG - Flushing: /opt/hivemq/data/persistence/incoming_message_flow/043000_R/incoming_message_flow_37
2025-01-30 04:02:00,716 INFO c.h.h.t.OperatorHelmChartContainer - [local-hivemq-5fcc877b5c] [hivemq] [8ab04677] DEBUG - Flushing: /opt/hivemq/data/persistence/incoming_message_flow/043000_R/incoming_message_flow_39
2025-01-30 04:02:00,716 INFO c.h.h.t.OperatorHelmChartContainer - [local-hivemq-5fcc877b5c] [hivemq] [8ab04677] DEBUG - Flushing: /opt/hivemq/data/persistence/incoming_message_flow/043000_R/incoming_message_flow_38
2025-01-30 04:02:00,716 INFO c.h.h.t.OperatorHelmChartContainer - [local-hivemq-5fcc877b5c] [hivemq] [8ab04677] DEBUG - Flushing: /opt/hivemq/data/persistence/incoming_message_flow/043000_R/incoming_message_flow_40
2025-01-30 04:02:00,716 INFO c.h.h.t.OperatorHelmChartContainer - [local-hivemq-5fcc877b5c] [hivemq] [8ab04677] DEBUG - Flushing: /opt/hivemq/data/persistence/incoming_message_flow/043000_R/incoming_message_flow_41
2025-01-30 04:02:00,716 INFO c.h.h.t.OperatorHelmChartContainer - [local-hivemq-6f4d548d79] [hivemq] [a9b0f57c] DEBUG - Starting After-Join-Cleanup for node Z7LkZ.
2025-01-30 04:02:00,716 INFO c.h.h.t.OperatorHelmChartContainer - [local-hivemq-5fcc877b5c] [hivemq] [8ab04677] DEBUG - Flushing: /opt/hivemq/data/persistence/incoming_message_flow/043000_R/incoming_message_flow_42
2025-01-30 04:02:00,716 INFO c.h.h.t.OperatorHelmChartContainer - [local-hivemq-5fcc877b5c] [hivemq] [8ab04677] DEBUG - Flushing: /opt/hivemq/data/persistence/incoming_message_flow/043000_R/incoming_message_flow_44
2025-01-30 04:02:00,716 INFO c.h.h.t.OperatorHelmChartContainer - [local-hivemq-5fcc877b5c] [hivemq] [8ab04677] DEBUG - Flushing: /opt/hivemq/data/persistence/incoming_message_flow/043000_R/incoming_message_flow_43
2025-01-30 04:02:00,716 INFO c.h.h.t.OperatorHelmChartContainer - [local-hivemq-5fcc877b5c] [hivemq] [8ab04677] DEBUG - Flushing: /opt/hivemq/data/persistence/incoming_message_flow/043000_R/incoming_message_flow_45
2025-01-30 04:02:00,716 INFO c.h.h.t.OperatorHelmChartContainer - [local-hivemq-5fcc877b5c] [hivemq] [8ab04677] DEBUG - Flushing: /opt/hivemq/data/persistence/incoming_message_flow/043000_R/incoming_message_flow_47
2025-01-30 04:02:00,716 INFO c.h.h.t.OperatorHelmChartContainer - [local-hivemq-5fcc877b5c] [hivemq] [8ab04677] DEBUG - Flushing: /opt/hivemq/data/persistence/incoming_message_flow/043000_R/incoming_message_flow_46
2025-01-30 04:02:00,716 INFO c.h.h.t.OperatorHelmChartContainer - [local-hivemq-5fcc877b5c] [hivemq] [8ab04677] DEBUG - Flushing: /opt/hivemq/data/persistence/incoming_message_flow/043000_R/incoming_message_flow_48
2025-01-30 04:02:00,716 INFO c.h.h.t.OperatorHelmChartContainer - [local-hivemq-5fcc877b5c] [hivemq] [8ab04677] DEBUG - Flushing: /opt/hivemq/data/persistence/incoming_message_flow/043000_R/incoming_message_flow_49
2025-01-30 04:02:00,716 INFO c.h.h.t.OperatorHelmChartContainer - [local-hivemq-5fcc877b5c] [hivemq] [8ab04677] DEBUG - Flushing: /opt/hivemq/data/persistence/incoming_message_flow/043000_R/incoming_message_flow_50
2025-01-30 04:02:00,716 INFO c.h.h.t.OperatorHelmChartContainer - [local-hivemq-5fcc877b5c] [hivemq] [8ab04677] DEBUG - Flushing: /opt/hivemq/data/persistence/incoming_message_flow/043000_R/incoming_message_flow_51
2025-01-30 04:02:00,716 INFO c.h.h.t.OperatorHelmChartContainer - [local-hivemq-5fcc877b5c] [hivemq] [8ab04677] DEBUG - Flushing: /opt/hivemq/data/persistence/incoming_message_flow/043000_R/incoming_message_flow_52
2025-01-30 04:02:00,716 INFO c.h.h.t.OperatorHelmChartContainer - [local-hivemq-5fcc877b5c] [hivemq] [8ab04677] DEBUG - Flushing: /opt/hivemq/data/persistence/incoming_message_flow/043000_R/incoming_message_flow_53
2025-01-30 04:02:00,716 INFO c.h.h.t.OperatorHelmChartContainer - [local-hivemq-5fcc877b5c] [hivemq] [8ab04677] DEBUG - Flushing: /opt/hivemq/data/persistence/incoming_message_flow/043000_R/incoming_message_flow_54
2025-01-30 04:02:00,716 INFO c.h.h.t.OperatorHelmChartContainer - [local-hivemq-5fcc877b5c] [hivemq] [8ab04677] DEBUG - Flushing: /opt/hivemq/data/persistence/incoming_message_flow/043000_R/incoming_message_flow_55
2025-01-30 04:02:00,716 INFO c.h.h.t.OperatorHelmChartContainer - [local-hivemq-5fcc877b5c] [hivemq] [8ab04677] DEBUG - Flushing: /opt/hivemq/data/persistence/incoming_message_flow/043000_R/incoming_message_flow_56
2025-01-30 04:02:00,716 INFO c.h.h.t.OperatorHelmChartContainer - [local-hivemq-5fcc877b5c] [hivemq] [8ab04677] DEBUG - Flushing: /opt/hivemq/data/persistence/incoming_message_flow/043000_R/incoming_message_flow_57
2025-01-30 04:02:00,716 INFO c.h.h.t.OperatorHelmChartContainer - [local-hivemq-5fcc877b5c] [hivemq] [8ab04677] DEBUG - Flushing: /opt/hivemq/data/persistence/incoming_message_flow/043000_R/incoming_message_flow_58
2025-01-30 04:02:00,716 INFO c.h.h.t.OperatorHelmChartContainer - [local-hivemq-5fcc877b5c] [hivemq] [8ab04677] DEBUG - Flushing: /opt/hivemq/data/persistence/incoming_message_flow/043000_R/incoming_message_flow_59
2025-01-30 04:02:00,716 INFO c.h.h.t.OperatorHelmChartContainer - [local-hivemq-5fcc877b5c] [hivemq] [8ab04677] DEBUG - Flushing: /opt/hivemq/data/persistence/incoming_message_flow/043000_R/incoming_message_flow_60
2025-01-30 04:02:00,716 INFO c.h.h.t.OperatorHelmChartContainer - [local-hivemq-5fcc877b5c] [hivemq] [8ab04677] DEBUG - Flushing: /opt/hivemq/data/persistence/incoming_message_flow/043000_R/incoming_message_flow_61
2025-01-30 04:02:00,717 INFO c.h.h.t.OperatorHelmChartContainer - [local-hivemq-5fcc877b5c] [hivemq] [8ab04677] DEBUG - Flushing: /opt/hivemq/data/persistence/incoming_message_flow/043000_R/incoming_message_flow_63
2025-01-30 04:02:00,717 INFO c.h.h.t.OperatorHelmChartContainer - [local-hivemq-5fcc877b5c] [hivemq] [8ab04677] DEBUG - Flushing: /opt/hivemq/data/persistence/incoming_message_flow/043000_R/incoming_message_flow_62
2025-01-30 04:02:00,717 INFO c.h.h.t.OperatorHelmChartContainer - [local-hivemq-5fcc877b5c] [hivemq] [8ab04677] DEBUG - Flushing: /opt/hivemq/data/persistence/data_hub_modules/043000_R/data_hub_modules_0
2025-01-30 04:02:00,717 INFO c.h.h.t.OperatorHelmChartContainer - [local-hivemq-5fcc877b5c] [hivemq] [8ab04677] DEBUG - Flushing: /opt/hivemq/data/persistence/data_hub_schemas/042000_R/data_hub_schemas_0
2025-01-30 04:02:00,717 INFO c.h.h.t.OperatorHelmChartContainer - [local-hivemq-5fcc877b5c] [hivemq] [8ab04677] DEBUG - Flushing: /opt/hivemq/data/persistence/data_hub_policies/042000_R/data_hub_policies_0
2025-01-30 04:02:00,717 INFO c.h.h.t.OperatorHelmChartContainer - [local-hivemq-5fcc877b5c] [hivemq] [8ab04677] DEBUG - Flushing: /opt/hivemq/data/persistence/data_hub_scripts/042300_R/data_hub_scripts_0
2025-01-30 04:02:00,717 INFO c.h.h.t.OperatorHelmChartContainer - [local-hivemq-5fcc877b5c] [hivemq] [8ab04677] DEBUG - Enabling WAL.
2025-01-30 04:02:00,717 INFO c.h.h.t.OperatorHelmChartContainer - [local-hivemq-5fcc877b5c] [hivemq] [8ab04677] DEBUG - Sending RUNNING state request to 55zGq.
2025-01-30 04:02:00,730 INFO c.h.h.t.OperatorHelmChartContainer - [local-hivemq-6f4d548d79] [hivemq] [a9b0f57c] DEBUG - State of node Z7LkZ changed to RUNNING was JOINING. Current cluster node states: {55zGq=RUNNING, Z7LkZ=RUNNING}
2025-01-30 04:02:00,732 INFO c.h.h.t.OperatorHelmChartContainer - [local-hivemq-6f4d548d79] [hivemq] [a9b0f57c] INFO  - Cluster size = 2, members : [55zGq, Z7LkZ].
2025-01-30 04:02:00,732 INFO c.h.h.t.OperatorHelmChartContainer - [local-hivemq-6f4d548d79] [hivemq] [a9b0f57c] DEBUG - Sending RUNNING state notification for Z7LkZ to all nodes.
2025-01-30 04:02:00,735 INFO c.h.h.t.OperatorHelmChartContainer - [local-hivemq-5fcc877b5c] [hivemq] [8ab04677] DEBUG - Starting After-Join-Cleanup for node Z7LkZ.
2025-01-30 04:02:00,745 INFO c.h.h.t.OperatorHelmChartContainer - [local-hivemq-5fcc877b5c] [hivemq] [8ab04677] DEBUG - State of node Z7LkZ changed to RUNNING was JOINING. Current cluster node states: {55zGq=RUNNING, Z7LkZ=RUNNING}
2025-01-30 04:02:00,745 INFO c.h.h.t.OperatorHelmChartContainer - [local-hivemq-5fcc877b5c] [hivemq] [8ab04677] INFO  - Cluster size = 2, members : [55zGq, Z7LkZ].
2025-01-30 04:02:00,757 INFO c.h.h.t.OperatorHelmChartContainer - [local-hivemq-5fcc877b5c] [hivemq] [8ab04677] INFO  - Finished cluster join process successfully.
2025-01-30 04:02:00,757 INFO c.h.h.t.OperatorHelmChartContainer - [local-hivemq-5fcc877b5c] [hivemq] [8ab04677] WARN  - No user for HiveMQ Control Center configured. Starting with default user
2025-01-30 04:02:00,757 INFO c.h.h.t.OperatorHelmChartContainer - [local-hivemq-5fcc877b5c] [hivemq] [8ab04677] INFO  - Starting HiveMQ Control Center on address 0.0.0.0 and port 8080
2025-01-30 04:02:00,764 INFO c.h.h.t.OperatorHelmChartContainer - [local-hivemq-6f4d548d79] [hivemq] [a9b0f57c] DEBUG - Finished After-Join-Cleanup for node Z7LkZ in 49ms.
2025-01-30 04:02:00,783 INFO c.h.h.t.OperatorHelmChartContainer - [local-hivemq-5fcc877b5c] [hivemq] [8ab04677] DEBUG - Finished After-Join-Cleanup for node Z7LkZ in 48ms.
2025-01-30 04:02:00,873 INFO c.h.h.t.OperatorHelmChartContainer - [local-hivemq-5fcc877b5c] [hivemq] [8ab04677] INFO  - Mounting HiveMQ Control Center V2 Preview
2025-01-30 04:02:01,479 INFO c.h.h.t.OperatorHelmChartContainer - [local-hivemq-5fcc877b5c] [hivemq] [8ab04677] INFO  - Started HiveMQ Control Center in 723ms
2025-01-30 04:02:01,515 INFO c.h.h.t.OperatorHelmChartContainer - [local-hivemq-5fcc877b5c] [hivemq] [8ab04677] INFO  - Starting TCP listener on address 0.0.0.0 and port 1883
2025-01-30 04:02:01,565 INFO c.h.h.t.OperatorHelmChartContainer - [local-hivemq-5fcc877b5c] [hivemq] [8ab04677] INFO  - Started TCP Listener on address 0.0.0.0 and on port 1883.
2025-01-30 04:02:01,567 INFO c.h.h.t.OperatorHelmChartContainer - [local-hivemq-5fcc877b5c] [hivemq] [8ab04677] INFO  - Started HiveMQ in 16187ms
2025-01-30 04:02:05,314 INFO c.h.h.t.OperatorHelmChartContainer - [POD] local-hivemq-5fcc877b5c-pl79g [8ab04677-c097-4968-ad43-b961f856a774] in default was MODIFIED
2025-01-30 04:02:05,330 INFO c.h.h.t.OperatorHelmChartContainer - [K3S] [replica_set.go:679] "Finished syncing" kind="ReplicaSet" key="default/local-hivemq-5fcc877b5c" duration="19.563979ms"
2025-01-30 04:02:05,331 INFO c.h.h.t.OperatorHelmChartContainer - [K3S] [replica_set.go:679] "Finished syncing" kind="ReplicaSet" key="default/local-hivemq-5fcc877b5c" duration="48.28µs"
2025-01-30 04:02:35,339 INFO c.h.h.t.OperatorHelmChartContainer - [K3S] [replica_set.go:679] "Finished syncing" kind="ReplicaSet" key="default/local-hivemq-5fcc877b5c" duration="6.617928ms"
2025-01-30 04:02:35,339 INFO c.h.h.t.OperatorHelmChartContainer - [K3S] [replica_set.go:679] "Finished syncing" kind="ReplicaSet" key="default/local-hivemq-5fcc877b5c" duration="58.319µs"
2025-01-30 04:02:35,348 INFO c.h.h.t.OperatorHelmChartContainer - [EVENT] Normal [ScalingReplicaSet] Scaled down replica set local-hivemq-6f4d548d79 from 1 to 0 [default:local-hivemq]
2025-01-30 04:02:35,359 INFO c.h.h.t.OperatorHelmChartContainer - [EVENT] Normal [Killing] Stopping container hivemq [default:local-hivemq-6f4d548d79-9mt2j]
2025-01-30 04:02:35,359 INFO c.h.h.t.OperatorHelmChartContainer - Received Killing event for container hivemq in pod local-hivemq-6f4d548d79-9mt2j [a9b0f57c-a5e4-4676-a469-1b29ebac0fe2]
2025-01-30 04:02:35,359 INFO c.h.h.t.OperatorHelmChartContainer - Stopped log watcher for hivemq in pod local-hivemq-6f4d548d79-9mt2j [a9b0f57c-a5e4-4676-a469-1b29ebac0fe2]
2025-01-30 04:02:35,361 INFO c.h.h.t.OperatorHelmChartContainer - [POD] local-hivemq-6f4d548d79-9mt2j [a9b0f57c-a5e4-4676-a469-1b29ebac0fe2] in default was MODIFIED
2025-01-30 04:02:35,364 INFO c.h.h.t.OperatorHelmChartContainer - [EVENT] Normal [SuccessfulDelete] Deleted pod: local-hivemq-6f4d548d79-9mt2j [default:local-hivemq-6f4d548d79]
2025-01-30 04:02:35,380 INFO c.h.h.t.OperatorHelmChartContainer - [K3S] [replica_set.go:679] "Finished syncing" kind="ReplicaSet" key="default/local-hivemq-6f4d548d79" duration="30.870489ms"
2025-01-30 04:02:35,414 DEBUG com.hivemq.helmcharts.util.K8sUtil - State to compare Updating and waiting for Running
2025-01-30 04:02:35,417 INFO c.h.h.t.OperatorHelmChartContainer - [K3S] [replica_set.go:679] "Finished syncing" kind="ReplicaSet" key="default/local-hivemq-6f4d548d79" duration="39.71089ms"
2025-01-30 04:02:35,417 INFO c.h.h.t.OperatorHelmChartContainer - [K3S] [replica_set.go:679] "Finished syncing" kind="ReplicaSet" key="default/local-hivemq-6f4d548d79" duration="44.362µs"
2025-01-30 04:02:35,418 INFO c.h.h.t.OperatorHelmChartContainer - [K3S] [replica_set.go:679] "Finished syncing" kind="ReplicaSet" key="default/local-hivemq-6f4d548d79" duration="31.449µs"
2025-01-30 04:02:35,479 INFO c.h.h.t.OperatorHelmChartContainer - [local-hivemq-6f4d548d79] [hivemq] [a9b0f57c] INFO  - Shutting down HiveMQ. Please wait, this could take a while...
2025-01-30 04:02:35,564 INFO c.h.h.t.OperatorHelmChartContainer - [local-hivemq-6f4d548d79] [hivemq] [a9b0f57c] INFO  - Shutting down listeners and clients
2025-01-30 04:02:35,565 INFO c.h.h.t.OperatorHelmChartContainer - [local-hivemq-6f4d548d79] [hivemq] [a9b0f57c] DEBUG - Closed channel of listener with name 'tcp-listener-1883'
2025-01-30 04:02:35,565 INFO c.h.h.t.OperatorHelmChartContainer - [local-hivemq-6f4d548d79] [hivemq] [a9b0f57c] INFO  - Shutdown of listeners is done
2025-01-30 04:02:35,565 INFO c.h.h.t.OperatorHelmChartContainer - [local-hivemq-6f4d548d79] [hivemq] [a9b0f57c] INFO  - No clients are connected, proceeding with shutdown
2025-01-30 04:02:35,565 INFO c.h.h.t.OperatorHelmChartContainer - [local-hivemq-6f4d548d79] [hivemq] [a9b0f57c] DEBUG - Shutting down worker and boss threads
2025-01-30 04:02:35,626 DEBUG com.hivemq.helmcharts.util.K8sUtil - State to compare Updating and waiting for Running
2025-01-30 04:02:37,571 INFO c.h.h.t.OperatorHelmChartContainer - [local-hivemq-6f4d548d79] [hivemq] [a9b0f57c] DEBUG - Shutting down Data Hub
2025-01-30 04:02:38,376 INFO c.h.h.t.OperatorHelmChartContainer - [local-hivemq-6f4d548d79] [hivemq] [a9b0f57c] DEBUG - Data Hub shut down successfully in 805ms
2025-01-30 04:02:38,378 INFO c.h.h.t.OperatorHelmChartContainer - [local-hivemq-6f4d548d79] [hivemq] [a9b0f57c] DEBUG - Stopping RocksDBMemoryUsageWatchdog.
2025-01-30 04:02:38,378 INFO c.h.h.t.OperatorHelmChartContainer - [local-hivemq-6f4d548d79] [hivemq] [a9b0f57c] DEBUG - Terminating thread rocksdb-memory-usage-watchdog.
2025-01-30 04:02:38,378 INFO c.h.h.t.OperatorHelmChartContainer - [local-hivemq-6f4d548d79] [hivemq] [a9b0f57c] DEBUG - Stopped RocksDBMemoryUsageWatchdog.
2025-01-30 04:02:38,378 INFO c.h.h.t.OperatorHelmChartContainer - [local-hivemq-6f4d548d79] [hivemq] [a9b0f57c] INFO  - Shutting down extension system
2025-01-30 04:02:38,380 INFO c.h.h.t.OperatorHelmChartContainer - [local-hivemq-6f4d548d79] [hivemq] [a9b0f57c] INFO  - Stopping extension with id hivemq-dns-cluster-discovery
2025-01-30 04:02:38,381 INFO c.h.h.t.OperatorHelmChartContainer - [local-hivemq-6f4d548d79] [hivemq] [a9b0f57c] INFO  - Extension "DNS Cluster Discovery Extension" version 4.3.3 stopped successfully.
2025-01-30 04:02:38,385 INFO c.h.h.t.OperatorHelmChartContainer - [local-hivemq-6f4d548d79] [hivemq] [a9b0f57c] INFO  - Stopping extension with id hivemq-k8s-sync-extension
2025-01-30 04:02:38,385 INFO c.h.h.t.OperatorHelmChartContainer - [local-hivemq-6f4d548d79] [hivemq] [a9b0f57c] INFO  - Stopped HiveMQ Kubernetes State Synchronization Extension:1.0.3
2025-01-30 04:02:38,385 INFO c.h.h.t.OperatorHelmChartContainer - [local-hivemq-6f4d548d79] [hivemq] [a9b0f57c] INFO  - Extension "HiveMQ Kubernetes State Synchronization Extension" version 1.0.3 stopped successfully.
2025-01-30 04:02:38,385 INFO c.h.h.t.OperatorHelmChartContainer - [local-hivemq-6f4d548d79] [hivemq] [a9b0f57c] INFO  - Stopping extension with id hivemq-allow-all-extension
2025-01-30 04:02:38,385 INFO c.h.h.t.OperatorHelmChartContainer - [local-hivemq-6f4d548d79] [hivemq] [a9b0f57c] INFO  - Extension "Allow All Extension" version 1.1.1 stopped successfully.
2025-01-30 04:02:38,385 INFO c.h.h.t.OperatorHelmChartContainer - [local-hivemq-6f4d548d79] [hivemq] [a9b0f57c] DEBUG - Simple authenticator of extension 'hivemq-allow-all-extension' removed.
2025-01-30 04:02:38,385 INFO c.h.h.t.OperatorHelmChartContainer - [local-hivemq-6f4d548d79] [hivemq] [a9b0f57c] DEBUG - Running cluster shutdown hooks
2025-01-30 04:02:38,392 INFO c.h.h.t.OperatorHelmChartContainer - [local-hivemq-5fcc877b5c] [hivemq] [8ab04677] INFO  - Cluster nodes found by discovery: [Z7LkZ|2] (1) [Z7LkZ].
2025-01-30 04:02:38,393 INFO c.h.h.t.OperatorHelmChartContainer - [local-hivemq-5fcc877b5c] [hivemq] [8ab04677] DEBUG - Previous running nodes [55zGq, Z7LkZ]
2025-01-30 04:02:38,396 INFO c.h.h.t.OperatorHelmChartContainer - [local-hivemq-5fcc877b5c] [hivemq] [8ab04677] INFO  - Cluster size = 1, members : [Z7LkZ].
2025-01-30 04:02:38,396 INFO c.h.h.t.OperatorHelmChartContainer - [local-hivemq-5fcc877b5c] [hivemq] [8ab04677] DEBUG - Removed state of node 55zGq.
2025-01-30 04:02:38,396 INFO c.h.h.t.OperatorHelmChartContainer - [local-hivemq-5fcc877b5c] [hivemq] [8ab04677] DEBUG - Node left cluster: '55zGq'
2025-01-30 04:02:38,405 INFO c.h.h.t.OperatorHelmChartContainer - [local-hivemq-6f4d548d79] [hivemq] [a9b0f57c] DEBUG - Shutting down managed extension executor service
2025-01-30 04:02:38,413 INFO c.h.h.t.OperatorHelmChartContainer - [local-hivemq-6f4d548d79] [hivemq] [a9b0f57c] DEBUG - Stopped Trace Recording Event Loop gracefully
2025-01-30 04:02:38,414 INFO c.h.h.t.OperatorHelmChartContainer - [local-hivemq-6f4d548d79] [hivemq] [a9b0f57c] DEBUG - The Event Loop for Trace Recordings is shutting down and is not available anymore
2025-01-30 04:02:40,773 INFO c.h.h.t.OperatorHelmChartContainer - [local-hivemq-6f4d548d79] [hivemq] [a9b0f57c] INFO  - Shutdown completed.
2025-01-30 04:02:41,254 INFO c.h.h.t.OperatorHelmChartContainer - [POD] local-hivemq-6f4d548d79-9mt2j [a9b0f57c-a5e4-4676-a469-1b29ebac0fe2] in default was MODIFIED
2025-01-30 04:02:41,254 INFO c.h.h.t.OperatorHelmChartContainer - [K3S] [replica_set.go:679] "Finished syncing" kind="ReplicaSet" key="default/local-hivemq-6f4d548d79" duration="43.972µs"
2025-01-30 04:02:41,288 INFO c.h.h.t.OperatorHelmChartContainer - [K3S] [scope.go:117] "RemoveContainer" containerID="371448f683fe9af993f8eb69a65c67140d48220cf5437aaee55149cf3147a737"
2025-01-30 04:02:41,294 INFO c.h.h.t.OperatorHelmChartContainer - [K3S] [scope.go:117] "RemoveContainer" containerID="e071770397849432be59fd9f4f3b88df94730827e46f4bed0090cd80f7a2ef38"
2025-01-30 04:02:41,299 INFO c.h.h.t.OperatorHelmChartContainer - [K3S] [scope.go:117] "RemoveContainer" containerID="79ed96639d17629fa8e3693b439de12eceef389dc653880243d12c8bf3640cea"
2025-01-30 04:02:41,303 INFO c.h.h.t.OperatorHelmChartContainer - [K3S] [scope.go:117] "RemoveContainer" containerID="371448f683fe9af993f8eb69a65c67140d48220cf5437aaee55149cf3147a737"
2025-01-30 04:02:41,305 INFO c.h.h.t.OperatorHelmChartContainer - [K3S] [scope.go:117] "RemoveContainer" containerID="e071770397849432be59fd9f4f3b88df94730827e46f4bed0090cd80f7a2ef38"
2025-01-30 04:02:41,305 INFO c.h.h.t.OperatorHelmChartContainer - [K3S] [scope.go:117] "RemoveContainer" containerID="79ed96639d17629fa8e3693b439de12eceef389dc653880243d12c8bf3640cea"
2025-01-30 04:02:41,362 INFO c.h.h.t.OperatorHelmChartContainer - [K3S] [reconciler_common.go:162] "operationExecutor.UnmountVolume started for volume \"heap-dumps\" (UniqueName: \"kubernetes.io/empty-dir/a9b0f57c-a5e4-4676-a469-1b29ebac0fe2-heap-dumps\") pod \"a9b0f57c-a5e4-4676-a469-1b29ebac0fe2\" (UID: \"a9b0f57c-a5e4-4676-a469-1b29ebac0fe2\") "
2025-01-30 04:02:41,362 INFO c.h.h.t.OperatorHelmChartContainer - [K3S] [reconciler_common.go:162] "operationExecutor.UnmountVolume started for volume \"audit\" (UniqueName: \"kubernetes.io/empty-dir/a9b0f57c-a5e4-4676-a469-1b29ebac0fe2-audit\") pod \"a9b0f57c-a5e4-4676-a469-1b29ebac0fe2\" (UID: \"a9b0f57c-a5e4-4676-a469-1b29ebac0fe2\") "
2025-01-30 04:02:41,362 INFO c.h.h.t.OperatorHelmChartContainer - [K3S] [reconciler_common.go:162] "operationExecutor.UnmountVolume started for volume \"dns-wait-config\" (UniqueName: \"kubernetes.io/configmap/a9b0f57c-a5e4-4676-a469-1b29ebac0fe2-dns-wait-config\") pod \"a9b0f57c-a5e4-4676-a469-1b29ebac0fe2\" (UID: \"a9b0f57c-a5e4-4676-a469-1b29ebac0fe2\") "
2025-01-30 04:02:41,362 INFO c.h.h.t.OperatorHelmChartContainer - [K3S] [reconciler_common.go:162] "operationExecutor.UnmountVolume started for volume \"kube-api-access-6z7jf\" (UniqueName: \"kubernetes.io/projected/a9b0f57c-a5e4-4676-a469-1b29ebac0fe2-kube-api-access-6z7jf\") pod \"a9b0f57c-a5e4-4676-a469-1b29ebac0fe2\" (UID: \"a9b0f57c-a5e4-4676-a469-1b29ebac0fe2\") "
2025-01-30 04:02:41,362 INFO c.h.h.t.OperatorHelmChartContainer - [K3S] [reconciler_common.go:162] "operationExecutor.UnmountVolume started for volume \"data\" (UniqueName: \"kubernetes.io/empty-dir/a9b0f57c-a5e4-4676-a469-1b29ebac0fe2-data\") pod \"a9b0f57c-a5e4-4676-a469-1b29ebac0fe2\" (UID: \"a9b0f57c-a5e4-4676-a469-1b29ebac0fe2\") "
2025-01-30 04:02:41,362 INFO c.h.h.t.OperatorHelmChartContainer - [K3S] [reconciler_common.go:162] "operationExecutor.UnmountVolume started for volume \"shared-data\" (UniqueName: \"kubernetes.io/empty-dir/a9b0f57c-a5e4-4676-a469-1b29ebac0fe2-shared-data\") pod \"a9b0f57c-a5e4-4676-a469-1b29ebac0fe2\" (UID: \"a9b0f57c-a5e4-4676-a469-1b29ebac0fe2\") "
2025-01-30 04:02:41,362 INFO c.h.h.t.OperatorHelmChartContainer - [K3S] [reconciler_common.go:162] "operationExecutor.UnmountVolume started for volume \"live-info\" (UniqueName: \"kubernetes.io/configmap/a9b0f57c-a5e4-4676-a469-1b29ebac0fe2-live-info\") pod \"a9b0f57c-a5e4-4676-a469-1b29ebac0fe2\" (UID: \"a9b0f57c-a5e4-4676-a469-1b29ebac0fe2\") "
2025-01-30 04:02:41,362 INFO c.h.h.t.OperatorHelmChartContainer - [K3S] [reconciler_common.go:162] "operationExecutor.UnmountVolume started for volume \"conf-override\" (UniqueName: \"kubernetes.io/empty-dir/a9b0f57c-a5e4-4676-a469-1b29ebac0fe2-conf-override\") pod \"a9b0f57c-a5e4-4676-a469-1b29ebac0fe2\" (UID: \"a9b0f57c-a5e4-4676-a469-1b29ebac0fe2\") "
2025-01-30 04:02:41,362 INFO c.h.h.t.OperatorHelmChartContainer - [K3S] [reconciler_common.go:162] "operationExecutor.UnmountVolume started for volume \"backup\" (UniqueName: \"kubernetes.io/empty-dir/a9b0f57c-a5e4-4676-a469-1b29ebac0fe2-backup\") pod \"a9b0f57c-a5e4-4676-a469-1b29ebac0fe2\" (UID: \"a9b0f57c-a5e4-4676-a469-1b29ebac0fe2\") "
2025-01-30 04:02:41,362 INFO c.h.h.t.OperatorHelmChartContainer - [K3S] [reconciler_common.go:162] "operationExecutor.UnmountVolume started for volume \"log\" (UniqueName: \"kubernetes.io/empty-dir/a9b0f57c-a5e4-4676-a469-1b29ebac0fe2-log\") pod \"a9b0f57c-a5e4-4676-a469-1b29ebac0fe2\" (UID: \"a9b0f57c-a5e4-4676-a469-1b29ebac0fe2\") "
2025-01-30 04:02:41,462 INFO c.h.h.t.OperatorHelmChartContainer - [K3S] [reconciler_common.go:299] "Volume detached for volume \"kube-api-access-6z7jf\" (UniqueName: \"kubernetes.io/projected/a9b0f57c-a5e4-4676-a469-1b29ebac0fe2-kube-api-access-6z7jf\") on node \"63bb116cc43a\" DevicePath \"\""
2025-01-30 04:02:41,463 INFO c.h.h.t.OperatorHelmChartContainer - [K3S] [reconciler_common.go:299] "Volume detached for volume \"data\" (UniqueName: \"kubernetes.io/empty-dir/a9b0f57c-a5e4-4676-a469-1b29ebac0fe2-data\") on node \"63bb116cc43a\" DevicePath \"\""
2025-01-30 04:02:41,463 INFO c.h.h.t.OperatorHelmChartContainer - [K3S] [reconciler_common.go:299] "Volume detached for volume \"shared-data\" (UniqueName: \"kubernetes.io/empty-dir/a9b0f57c-a5e4-4676-a469-1b29ebac0fe2-shared-data\") on node \"63bb116cc43a\" DevicePath \"\""
2025-01-30 04:02:41,463 INFO c.h.h.t.OperatorHelmChartContainer - [K3S] [reconciler_common.go:299] "Volume detached for volume \"log\" (UniqueName: \"kubernetes.io/empty-dir/a9b0f57c-a5e4-4676-a469-1b29ebac0fe2-log\") on node \"63bb116cc43a\" DevicePath \"\""
2025-01-30 04:02:41,463 INFO c.h.h.t.OperatorHelmChartContainer - [K3S] [reconciler_common.go:299] "Volume detached for volume \"live-info\" (UniqueName: \"kubernetes.io/configmap/a9b0f57c-a5e4-4676-a469-1b29ebac0fe2-live-info\") on node \"63bb116cc43a\" DevicePath \"\""
2025-01-30 04:02:41,463 INFO c.h.h.t.OperatorHelmChartContainer - [K3S] [reconciler_common.go:299] "Volume detached for volume \"conf-override\" (UniqueName: \"kubernetes.io/empty-dir/a9b0f57c-a5e4-4676-a469-1b29ebac0fe2-conf-override\") on node \"63bb116cc43a\" DevicePath \"\""
2025-01-30 04:02:41,463 INFO c.h.h.t.OperatorHelmChartContainer - [K3S] [reconciler_common.go:299] "Volume detached for volume \"backup\" (UniqueName: \"kubernetes.io/empty-dir/a9b0f57c-a5e4-4676-a469-1b29ebac0fe2-backup\") on node \"63bb116cc43a\" DevicePath \"\""
2025-01-30 04:02:41,463 INFO c.h.h.t.OperatorHelmChartContainer - [K3S] [reconciler_common.go:299] "Volume detached for volume \"heap-dumps\" (UniqueName: \"kubernetes.io/empty-dir/a9b0f57c-a5e4-4676-a469-1b29ebac0fe2-heap-dumps\") on node \"63bb116cc43a\" DevicePath \"\""
2025-01-30 04:02:41,463 INFO c.h.h.t.OperatorHelmChartContainer - [K3S] [reconciler_common.go:299] "Volume detached for volume \"audit\" (UniqueName: \"kubernetes.io/empty-dir/a9b0f57c-a5e4-4676-a469-1b29ebac0fe2-audit\") on node \"63bb116cc43a\" DevicePath \"\""
2025-01-30 04:02:41,463 INFO c.h.h.t.OperatorHelmChartContainer - [K3S] [reconciler_common.go:299] "Volume detached for volume \"dns-wait-config\" (UniqueName: \"kubernetes.io/configmap/a9b0f57c-a5e4-4676-a469-1b29ebac0fe2-dns-wait-config\") on node \"63bb116cc43a\" DevicePath \"\""
2025-01-30 04:02:41,603 INFO c.h.h.t.OperatorHelmChartContainer - [K3S] [replica_set.go:679] "Finished syncing" kind="ReplicaSet" key="default/local-hivemq-6f4d548d79" duration="61.014µs"
2025-01-30 04:02:41,604 INFO c.h.h.t.OperatorHelmChartContainer - [POD] local-hivemq-6f4d548d79-9mt2j [a9b0f57c-a5e4-4676-a469-1b29ebac0fe2] in default was MODIFIED
2025-01-30 04:02:41,612 INFO c.h.h.t.OperatorHelmChartContainer - [K3S] [replica_set.go:679] "Finished syncing" kind="ReplicaSet" key="default/local-hivemq-6f4d548d79" duration="160.518µs"
2025-01-30 04:02:41,624 INFO c.h.h.t.OperatorHelmChartContainer - [POD] local-hivemq-6f4d548d79-9mt2j [a9b0f57c-a5e4-4676-a469-1b29ebac0fe2] in default was DELETED
2025-01-30 04:02:41,625 INFO c.h.h.t.OperatorHelmChartContainer - [K3S] [wrap.go:53] "Timeout or abort while handling" method="GET" URI="/apis/hivemq.com/v1/namespaces/default/hivemq-clusters/local-hivemq" auditID="eff8e5c6-1df5-496c-b3da-abdf8d99cded"
2025-01-30 04:02:41,626 INFO c.h.h.t.OperatorHelmChartContainer - [K3S] [timeout.go:140] "Post-timeout activity" timeElapsed="3.953284ms" method="GET" path="/apis/hivemq.com/v1/namespaces/default/hivemq-clusters/local-hivemq" result=null
2025-01-30 04:02:41,721 DEBUG com.hivemq.helmcharts.util.K8sUtil - State to compare Updating and waiting for Running
2025-01-30 04:02:41,746 DEBUG com.hivemq.helmcharts.util.K8sUtil - State to compare Updating and waiting for Running
2025-01-30 04:02:41,916 DEBUG com.hivemq.helmcharts.util.K8sUtil - State to compare Running and waiting for Running
2025-01-30 04:02:41,932 INFO c.h.h.t.OperatorHelmChartContainer - [local-hivemq-hivemq-operator] [operator] [981ebd8e] ?[36m04:02:41.929?[0;39m ?[1;30m[pool-3-thread-12]?[0;39m ?[34mINFO ?[0;39m ?[35mcom.hivemq.Operator?[0;39m - State synchronization complete for cluster 'local-hivemq' in namespace 'default' in 70817ms
2025-01-30 04:02:41,959 INFO c.h.h.t.OperatorHelmChartContainer - Stopped log watcher for hivemq in pod local-hivemq-5fcc877b5c-pl79g [8ab04677-c097-4968-ad43-b961f856a774]
2025-01-30 04:02:41,961 INFO c.h.h.t.OperatorHelmChartContainer - Stopped log watcher for operator in pod local-hivemq-hivemq-operator-operator-6b564f6db4-7zgbh [981ebd8e-a3a5-462f-90d0-8534bf062793]
2025-01-30 04:02:41,976 INFO c.h.h.t.OperatorHelmChartContainer - [K3S] [WARNING] signal received: \"terminated\", canceling context...
2025-01-30 04:02:41,977 INFO c.h.h.t.OperatorHelmChartContainer - [K3S] [WARNING] second signal received: \"terminated\", exiting...
2025-01-30 04:02:42,139 INFO c.h.h.t.OperatorHelmChartContainer - [K3S] 
2025-01-30 04:02:42,139 INFO c.h.h.t.OperatorHelmChartContainer - [K3S] 
]]></system-out>
  </testcase>
  <system-out><![CDATA[2025-01-30 03:59:10,703 INFO o.testcontainers.DockerClientFactory - Testcontainers version: 1.20.4
2025-01-30 03:59:11,112 INFO o.t.d.DockerClientProviderStrategy - Found Docker environment with local Unix socket (unix:///var/run/docker.sock)
2025-01-30 03:59:11,118 INFO o.testcontainers.DockerClientFactory - Docker host IP address is localhost
2025-01-30 03:59:11,133 INFO o.testcontainers.DockerClientFactory - Connected to docker: 
  Server Version: 26.1.3
  API Version: 1.45
  Operating System: Ubuntu 24.04.1 LTS
  Total Memory: 15990 MB
2025-01-30 03:59:11,140 INFO o.testcontainers.images.PullPolicy - Image pull policy will be performed by: DefaultPullPolicy()
2025-01-30 03:59:11,142 INFO o.t.utility.ImageNameSubstitutor - Image name substitution will be performed by: DefaultImageNameSubstitutor (composite of 'ConfigurationFileImageNameSubstitutor' and 'PrefixingImageNameSubstitutor')
2025-01-30 03:59:11,169 INFO tc.testcontainers/ryuk:0.11.0 - Pulling docker image: testcontainers/ryuk:0.11.0. Please be patient; this may take some time but only needs to be done once.
2025-01-30 03:59:11,581 INFO tc.testcontainers/ryuk:0.11.0 - Starting to pull image
2025-01-30 03:59:11,599 INFO tc.testcontainers/ryuk:0.11.0 - Pulling image layers:  0 pending,  0 downloaded,  0 extracted, (0 bytes/0 bytes)
2025-01-30 03:59:11,996 INFO tc.testcontainers/ryuk:0.11.0 - Pulling image layers:  2 pending,  1 downloaded,  0 extracted, (115 KB/? MB)
2025-01-30 03:59:11,998 INFO tc.testcontainers/ryuk:0.11.0 - Pulling image layers:  1 pending,  2 downloaded,  0 extracted, (143 KB/? MB)
2025-01-30 03:59:12,030 INFO tc.testcontainers/ryuk:0.11.0 - Pulling image layers:  0 pending,  3 downloaded,  0 extracted, (6 MB/10 MB)
2025-01-30 03:59:12,770 INFO tc.testcontainers/ryuk:0.11.0 - Pulling image layers:  0 pending,  3 downloaded,  1 extracted, (10 MB/10 MB)
2025-01-30 03:59:12,881 INFO tc.testcontainers/ryuk:0.11.0 - Pulling image layers:  0 pending,  3 downloaded,  2 extracted, (10 MB/10 MB)
2025-01-30 03:59:12,918 INFO tc.testcontainers/ryuk:0.11.0 - Pulling image layers:  0 pending,  3 downloaded,  3 extracted, (10 MB/10 MB)
2025-01-30 03:59:12,924 INFO tc.testcontainers/ryuk:0.11.0 - Pull complete. 3 layers, pulled in 1s (downloaded 10 MB at 10 MB/s)
2025-01-30 03:59:12,924 INFO tc.testcontainers/ryuk:0.11.0 - Image testcontainers/ryuk:0.11.0 pull took PT1.755614193S
2025-01-30 03:59:12,947 INFO tc.testcontainers/ryuk:0.11.0 - Creating container for image: testcontainers/ryuk:0.11.0
2025-01-30 03:59:13,014 INFO tc.testcontainers/ryuk:0.11.0 - Container testcontainers/ryuk:0.11.0 is starting: 3bd1cf6e5518a033dbc1f5c9e68536669c8bed716eb0a9287a60a9f7a7ce0683
2025-01-30 03:59:13,270 INFO tc.testcontainers/ryuk:0.11.0 - Container testcontainers/ryuk:0.11.0 started in PT0.323114645S
2025-01-30 03:59:13,274 INFO o.t.utility.RyukResourceReaper - Ryuk started - will monitor and terminate Testcontainers containers on JVM exit
2025-01-30 03:59:13,274 INFO o.testcontainers.DockerClientFactory - Checking the system...
2025-01-30 03:59:13,275 INFO o.testcontainers.DockerClientFactory - ✔︎ Docker server version should be at least 1.6.0
2025-01-30 03:59:13,298 INFO o.t.i.builder.ImageFromDockerfile - Pre-emptively checking local images for 'ubuntu:noble-20241118.1@sha256:80dd3c3b9c6cecb9f1667e9290b3bc61b78c2678c02cbdae5f0fea92cc6734ab', referenced via a Dockerfile. If not available, it will be pulled.
2025-01-30 03:59:13,300 INFO t.u.1@sha256:80dd3c... - Pulling docker image: ubuntu:noble-20241118.1@sha256:80dd3c3b9c6cecb9f1667e9290b3bc61b78c2678c02cbdae5f0fea92cc6734ab. Please be patient; this may take some time but only needs to be done once.
2025-01-30 03:59:13,543 INFO t.u.1@sha256:80dd3c... - Starting to pull image
2025-01-30 03:59:13,544 INFO t.u.1@sha256:80dd3c... - Pulling image layers:  0 pending,  0 downloaded,  0 extracted, (0 bytes/0 bytes)
2025-01-30 03:59:13,912 INFO t.u.1@sha256:80dd3c... - Pulling image layers:  0 pending,  1 downloaded,  0 extracted, (21 MB/28 MB)
2025-01-30 03:59:14,924 INFO t.u.1@sha256:80dd3c... - Pulling image layers:  0 pending,  1 downloaded,  1 extracted, (28 MB/28 MB)
2025-01-30 03:59:14,932 INFO t.u.1@sha256:80dd3c... - Pull complete. 1 layers, pulled in 1s (downloaded 28 MB at 28 MB/s)
2025-01-30 03:59:14,932 INFO t.u.1@sha256:80dd3c... - Image ubuntu:noble-20241118.1@sha256:80dd3c3b9c6cecb9f1667e9290b3bc61b78c2678c02cbdae5f0fea92cc6734ab pull took PT1.63151346S
2025-01-30 03:59:14,935 INFO o.t.i.builder.ImageFromDockerfile - Pre-emptively checking local images for 'rancher/k3s:v1.32.1-k3s1', referenced via a Dockerfile. If not available, it will be pulled.
2025-01-30 03:59:14,936 INFO tc.rancher/k3s:v1.32.1-k3s1 - Pulling docker image: rancher/k3s:v1.32.1-k3s1. Please be patient; this may take some time but only needs to be done once.
2025-01-30 03:59:15,314 INFO tc.rancher/k3s:v1.32.1-k3s1 - Starting to pull image
2025-01-30 03:59:15,315 INFO tc.rancher/k3s:v1.32.1-k3s1 - Pulling image layers:  0 pending,  0 downloaded,  0 extracted, (0 bytes/0 bytes)
2025-01-30 03:59:15,917 INFO tc.rancher/k3s:v1.32.1-k3s1 - Pulling image layers:  0 pending,  1 downloaded,  0 extracted, (61 MB/71 MB)
2025-01-30 03:59:16,954 INFO tc.rancher/k3s:v1.32.1-k3s1 - Pulling image layers:  0 pending,  1 downloaded,  1 extracted, (71 MB/71 MB)
2025-01-30 03:59:16,960 INFO tc.rancher/k3s:v1.32.1-k3s1 - Image rancher/k3s:v1.32.1-k3s1 pull took PT2.024231038S
2025-01-30 03:59:16,960 INFO tc.rancher/k3s:v1.32.1-k3s1 - Pull complete. 1 layers, pulled in 1s (downloaded 71 MB at 71 MB/s)
2025-01-30 03:59:16,967 INFO o.t.i.builder.ImageFromDockerfile - Transferred 0 bytes to Docker daemon
]]></system-out>
  <system-err><![CDATA[]]></system-err>
</testsuite>
