<?xml version="1.0" encoding="UTF-8"?>
<testsuite name="com.hivemq.helmcharts.operator.CustomOperatorNamespacesIT" tests="1" skipped="0" failures="0" errors="0" timestamp="2025-03-02T16:46:43" hostname="fv-az2023-86" time="119.106">
  <properties/>
  <testcase name="whenOperatorNamespacesIsConfigured_thenOnlyCustomResourcesInWatchedNamespacesReconciled()" classname="com.hivemq.helmcharts.operator.CustomOperatorNamespacesIT" time="119.106"/>
</testsuite>
