<?xml version="1.0" encoding="UTF-8"?>
<testsuite name="com.hivemq.helmcharts.UserPermissionsIT" tests="1" skipped="0" failures="0" errors="0" timestamp="2025-01-29T13:59:47" hostname="fv-az1278-994" time="123.565">
  <properties/>
  <testcase name="withLocalImages_mqttMessagePublishedReceived()" classname="com.hivemq.helmcharts.UserPermissionsIT" time="123.565">
    <system-out><![CDATA[2025-01-29 13:59:47,515 INFO t.localhost/testcontainers/b1rqgsxukj2s9nx2:latest - Creating container for image: localhost/testcontainers/b1rqgsxukj2s9nx2:latest
2025-01-29 13:59:47,614 INFO t.localhost/testcontainers/b1rqgsxukj2s9nx2:latest - Container localhost/testcontainers/b1rqgsxukj2s9nx2:latest is starting: ac881cdf1fe108c042eb0ed5898acddbf6355d8dd96fb2d4858b87b5db822aab
2025-01-29 13:59:47,976 INFO c.h.h.t.OperatorHelmChartContainer - [K3S] [INFO] Starting k3s v1.32.1+k3s1 (6a322f12)
2025-01-29 13:59:47,978 INFO c.h.h.t.OperatorHelmChartContainer - [K3S] [INFO] Configuring sqlite3 database connection pooling: maxIdleConns=2, maxOpenConns=0, connMaxLifetime=0s
2025-01-29 13:59:47,978 INFO c.h.h.t.OperatorHelmChartContainer - [K3S] [INFO] Configuring database table schema and indexes, this may take a moment...
2025-01-29 13:59:47,981 INFO c.h.h.t.OperatorHelmChartContainer - [K3S] [INFO] Database tables and indexes are up to date
2025-01-29 13:59:47,983 INFO c.h.h.t.OperatorHelmChartContainer - [K3S] [INFO] Kine available at unix://kine.sock
2025-01-29 13:59:48,083 INFO c.h.h.t.OperatorHelmChartContainer - [K3S] [INFO] Saving cluster bootstrap data to datastore
2025-01-29 13:59:48,083 INFO c.h.h.t.OperatorHelmChartContainer - [K3S] [WARNING] dynamiclistener [::]:6443: no cached certificate available for preload - deferring certificate load until storage initialization or first client request
2025-01-29 13:59:48,084 INFO c.h.h.t.OperatorHelmChartContainer - [K3S] [INFO] Active TLS secret / (ver=) (count 10): map[listener.cattle.io/cn-10.43.0.1:10.43.0.1 listener.cattle.io/cn-127.0.0.1:127.0.0.1 listener.cattle.io/cn-172.17.0.3:172.17.0.3 listener.cattle.io/cn-__1-f16284:::1 listener.cattle.io/cn-ac881cdf1fe1:ac881cdf1fe1 listener.cattle.io/cn-kubernetes:kubernetes listener.cattle.io/cn-kubernetes.default:kubernetes.default listener.cattle.io/cn-kubernetes.default.svc:kubernetes.default.svc listener.cattle.io/cn-kubernetes.default.svc.cluster.local:kubernetes.default.svc.cluster.local listener.cattle.io/cn-localhost:localhost listener.cattle.io/fingerprint:SHA1=36BCF58841EECF449875059E80BBC8C99336EC3E]
2025-01-29 13:59:48,247 INFO c.h.h.t.OperatorHelmChartContainer - [K3S] [INFO] Running kube-apiserver --advertise-port=6443 --allow-privileged=true --anonymous-auth=false --api-audiences=https://kubernetes.default.svc.cluster.local,k3s --authorization-mode=Node,RBAC --bind-address=127.0.0.1 --cert-dir=/var/lib/rancher/k3s/server/tls/temporary-certs --client-ca-file=/var/lib/rancher/k3s/server/tls/client-ca.crt --egress-selector-config-file=/var/lib/rancher/k3s/server/etc/egress-selector-config.yaml --enable-admission-plugins=NodeRestriction --enable-aggregator-routing=true --enable-bootstrap-token-auth=true --etcd-servers=unix://kine.sock --kubelet-certificate-authority=/var/lib/rancher/k3s/server/tls/server-ca.crt --kubelet-client-certificate=/var/lib/rancher/k3s/server/tls/client-kube-apiserver.crt --kubelet-client-key=/var/lib/rancher/k3s/server/tls/client-kube-apiserver.key --kubelet-preferred-address-types=InternalIP,ExternalIP,Hostname --profiling=false --proxy-client-cert-file=/var/lib/rancher/k3s/server/tls/client-auth-proxy.crt --proxy-client-key-file=/var/lib/rancher/k3s/server/tls/client-auth-proxy.key --requestheader-allowed-names=system:auth-proxy --requestheader-client-ca-file=/var/lib/rancher/k3s/server/tls/request-header-ca.crt --requestheader-extra-headers-prefix=X-Remote-Extra- --requestheader-group-headers=X-Remote-Group --requestheader-username-headers=X-Remote-User --secure-port=6444 --service-account-issuer=https://kubernetes.default.svc.cluster.local --service-account-key-file=/var/lib/rancher/k3s/server/tls/service.key --service-account-signing-key-file=/var/lib/rancher/k3s/server/tls/service.current.key --service-cluster-ip-range=10.43.0.0/16 --service-node-port-range=30000-32767 --storage-backend=etcd3 --tls-cert-file=/var/lib/rancher/k3s/server/tls/serving-kube-apiserver.crt --tls-cipher-suites=TLS_ECDHE_ECDSA_WITH_AES_256_GCM_SHA384,TLS_ECDHE_RSA_WITH_AES_256_GCM_SHA384,TLS_ECDHE_ECDSA_WITH_AES_128_GCM_SHA256,TLS_ECDHE_RSA_WITH_AES_128_GCM_SHA256,TLS_ECDHE_ECDSA_WITH_CHACHA20_POLY1305,TLS_ECDHE_RSA_WITH_CHACHA20_POLY1305 --tls-private-key-file=/var/lib/rancher/k3s/server/tls/serving-kube-apiserver.key
2025-01-29 13:59:48,248 INFO c.h.h.t.OperatorHelmChartContainer - [K3S] [INFO] Running kube-scheduler --authentication-kubeconfig=/var/lib/rancher/k3s/server/cred/scheduler.kubeconfig --authorization-kubeconfig=/var/lib/rancher/k3s/server/cred/scheduler.kubeconfig --bind-address=127.0.0.1 --kubeconfig=/var/lib/rancher/k3s/server/cred/scheduler.kubeconfig --leader-elect=false --profiling=false --secure-port=10259
2025-01-29 13:59:48,248 INFO c.h.h.t.OperatorHelmChartContainer - [K3S] [registry.go:256] calling componentGlobalsRegistry.AddFlags more than once, the registry will be set by the latest flags
2025-01-29 13:59:48,248 INFO c.h.h.t.OperatorHelmChartContainer - [K3S] [INFO] Waiting for API server to become available
2025-01-29 13:59:48,248 INFO c.h.h.t.OperatorHelmChartContainer - [K3S] [INFO] Running kube-controller-manager --allocate-node-cidrs=true --authentication-kubeconfig=/var/lib/rancher/k3s/server/cred/controller.kubeconfig --authorization-kubeconfig=/var/lib/rancher/k3s/server/cred/controller.kubeconfig --bind-address=127.0.0.1 --cluster-cidr=10.42.0.0/16 --cluster-signing-kube-apiserver-client-cert-file=/var/lib/rancher/k3s/server/tls/client-ca.nochain.crt --cluster-signing-kube-apiserver-client-key-file=/var/lib/rancher/k3s/server/tls/client-ca.key --cluster-signing-kubelet-client-cert-file=/var/lib/rancher/k3s/server/tls/client-ca.nochain.crt --cluster-signing-kubelet-client-key-file=/var/lib/rancher/k3s/server/tls/client-ca.key --cluster-signing-kubelet-serving-cert-file=/var/lib/rancher/k3s/server/tls/server-ca.nochain.crt --cluster-signing-kubelet-serving-key-file=/var/lib/rancher/k3s/server/tls/server-ca.key --cluster-signing-legacy-unknown-cert-file=/var/lib/rancher/k3s/server/tls/server-ca.nochain.crt --cluster-signing-legacy-unknown-key-file=/var/lib/rancher/k3s/server/tls/server-ca.key --configure-cloud-routes=false --controllers=*,tokencleaner,-service,-route,-cloud-node-lifecycle --kubeconfig=/var/lib/rancher/k3s/server/cred/controller.kubeconfig --leader-elect=false --profiling=false --root-ca-file=/var/lib/rancher/k3s/server/tls/server-ca.crt --secure-port=10257 --service-account-private-key-file=/var/lib/rancher/k3s/server/tls/service.current.key --service-cluster-ip-range=10.43.0.0/16 --use-service-account-credentials=true
2025-01-29 13:59:48,249 INFO c.h.h.t.OperatorHelmChartContainer - [K3S] [options.go:299] unable to set WatchListClient feature gate, err: cannot override default for feature "WatchListClient": gates already added to a flag set
2025-01-29 13:59:48,249 INFO c.h.h.t.OperatorHelmChartContainer - [K3S] [registry.go:256] calling componentGlobalsRegistry.AddFlags more than once, the registry will be set by the latest flags
2025-01-29 13:59:48,249 INFO c.h.h.t.OperatorHelmChartContainer - [K3S] [options.go:238] external host was not specified, using 172.17.0.3
2025-01-29 13:59:48,250 INFO c.h.h.t.OperatorHelmChartContainer - [K3S] [registry.go:256] calling componentGlobalsRegistry.AddFlags more than once, the registry will be set by the latest flags
2025-01-29 13:59:48,250 INFO c.h.h.t.OperatorHelmChartContainer - [K3S] [INFO] Running cloud-controller-manager --allocate-node-cidrs=true --authentication-kubeconfig=/var/lib/rancher/k3s/server/cred/cloud-controller.kubeconfig --authorization-kubeconfig=/var/lib/rancher/k3s/server/cred/cloud-controller.kubeconfig --bind-address=127.0.0.1 --cloud-config=/var/lib/rancher/k3s/server/etc/cloud-config.yaml --cloud-provider=k3s --cluster-cidr=10.42.0.0/16 --configure-cloud-routes=false --controllers=*,-route --kubeconfig=/var/lib/rancher/k3s/server/cred/cloud-controller.kubeconfig --leader-elect=false --leader-elect-resource-name=k3s-cloud-controller-manager --node-status-update-frequency=1m0s --profiling=false
2025-01-29 13:59:48,251 INFO c.h.h.t.OperatorHelmChartContainer - [K3S] [server.go:151] Version: v1.32.1+k3s1
2025-01-29 13:59:48,251 INFO c.h.h.t.OperatorHelmChartContainer - [K3S] [server.go:153] "Golang settings" GOGC="" GOMAXPROCS="" GOTRACEBACK=""
2025-01-29 13:59:48,252 INFO c.h.h.t.OperatorHelmChartContainer - [K3S] [INFO] Server node token is available at /var/lib/rancher/k3s/server/token
2025-01-29 13:59:48,252 INFO c.h.h.t.OperatorHelmChartContainer - [K3S] [INFO] To join server node to cluster: k3s server -s https://172.17.0.3:6443 -t ${SERVER_NODE_TOKEN}
2025-01-29 13:59:48,252 INFO c.h.h.t.OperatorHelmChartContainer - [K3S] [INFO] Agent node token is available at /var/lib/rancher/k3s/server/agent-token
2025-01-29 13:59:48,252 INFO c.h.h.t.OperatorHelmChartContainer - [K3S] [INFO] To join agent node to cluster: k3s agent -s https://172.17.0.3:6443 -t ${AGENT_NODE_TOKEN}
2025-01-29 13:59:48,253 INFO c.h.h.t.OperatorHelmChartContainer - [K3S] [INFO] Wrote kubeconfig /etc/rancher/k3s/k3s.yaml
2025-01-29 13:59:48,253 INFO c.h.h.t.OperatorHelmChartContainer - [K3S] [INFO] Run: k3s kubectl
2025-01-29 13:59:48,504 INFO c.h.h.t.OperatorHelmChartContainer - [K3S] [plugins.go:157] Loaded 13 mutating admission controller(s) successfully in the following order: NamespaceLifecycle,LimitRanger,ServiceAccount,NodeRestriction,TaintNodesByCondition,Priority,DefaultTolerationSeconds,DefaultStorageClass,StorageObjectInUseProtection,RuntimeClass,DefaultIngressClass,MutatingAdmissionPolicy,MutatingAdmissionWebhook.
2025-01-29 13:59:48,504 INFO c.h.h.t.OperatorHelmChartContainer - [K3S] [plugins.go:160] Loaded 13 validating admission controller(s) successfully in the following order: LimitRanger,ServiceAccount,PodSecurity,Priority,PersistentVolumeClaimResize,RuntimeClass,CertificateApproval,CertificateSigning,ClusterTrustBundleAttest,CertificateSubjectRestriction,ValidatingAdmissionPolicy,ValidatingAdmissionWebhook,ResourceQuota.
2025-01-29 13:59:48,504 INFO c.h.h.t.OperatorHelmChartContainer - [K3S] [instance.go:233] Using reconciler: lease
2025-01-29 13:59:48,573 INFO c.h.h.t.OperatorHelmChartContainer - [K3S] [apis.go:106] API group "internal.apiserver.k8s.io" is not enabled, skipping.
2025-01-29 13:59:48,617 INFO c.h.h.t.OperatorHelmChartContainer - [K3S] [apis.go:106] API group "storagemigration.k8s.io" is not enabled, skipping.
2025-01-29 13:59:48,646 INFO c.h.h.t.OperatorHelmChartContainer - [K3S] [apis.go:106] API group "resource.k8s.io" is not enabled, skipping.
2025-01-29 13:59:48,873 INFO c.h.h.t.OperatorHelmChartContainer - [K3S] [INFO] Password verified locally for node ac881cdf1fe1
2025-01-29 13:59:48,972 INFO c.h.h.t.OperatorHelmChartContainer - [K3S] [dynamic_cafile_content.go:161] "Starting controller" name="request-header::/var/lib/rancher/k3s/server/tls/request-header-ca.crt"
2025-01-29 13:59:48,973 INFO c.h.h.t.OperatorHelmChartContainer - [K3S] [dynamic_cafile_content.go:161] "Starting controller" name="client-ca-bundle::/var/lib/rancher/k3s/server/tls/client-ca.crt"
2025-01-29 13:59:48,973 INFO c.h.h.t.OperatorHelmChartContainer - [K3S] [secure_serving.go:213] Serving securely on 127.0.0.1:6444
2025-01-29 13:59:48,973 INFO c.h.h.t.OperatorHelmChartContainer - [K3S] [controller.go:80] Starting OpenAPI V3 AggregationController
2025-01-29 13:59:48,973 INFO c.h.h.t.OperatorHelmChartContainer - [K3S] [gc_controller.go:78] Starting apiserver lease garbage collector
2025-01-29 13:59:48,973 INFO c.h.h.t.OperatorHelmChartContainer - [K3S] [controller.go:119] Starting legacy_token_tracking_controller
2025-01-29 13:59:48,973 INFO c.h.h.t.OperatorHelmChartContainer - [K3S] [aggregator.go:169] waiting for initial CRD sync...
2025-01-29 13:59:48,973 INFO c.h.h.t.OperatorHelmChartContainer - [K3S] [controller.go:78] Starting OpenAPI AggregationController
2025-01-29 13:59:48,975 INFO c.h.h.t.OperatorHelmChartContainer - [K3S] [customresource_discovery_controller.go:292] Starting DiscoveryController
2025-01-29 13:59:48,975 INFO c.h.h.t.OperatorHelmChartContainer - [K3S] [dynamic_serving_content.go:135] "Starting controller" name="serving-cert::/var/lib/rancher/k3s/server/tls/serving-kube-apiserver.crt::/var/lib/rancher/k3s/server/tls/serving-kube-apiserver.key"
2025-01-29 13:59:48,975 INFO c.h.h.t.OperatorHelmChartContainer - [K3S] [tlsconfig.go:243] "Starting DynamicServingCertificateController"
2025-01-29 13:59:48,975 INFO c.h.h.t.OperatorHelmChartContainer - [K3S] [cluster_authentication_trust_controller.go:462] Starting cluster_authentication_trust_controller controller
2025-01-29 13:59:48,975 INFO c.h.h.t.OperatorHelmChartContainer - [K3S] [remote_available_controller.go:411] Starting RemoteAvailability controller
2025-01-29 13:59:48,975 INFO c.h.h.t.OperatorHelmChartContainer - [K3S] [apf_controller.go:377] Starting API Priority and Fairness config controller
2025-01-29 13:59:48,975 INFO c.h.h.t.OperatorHelmChartContainer - [K3S] [system_namespaces_controller.go:66] Starting system namespaces controller
2025-01-29 13:59:48,975 INFO c.h.h.t.OperatorHelmChartContainer - [K3S] [apiservice_controller.go:100] Starting APIServiceRegistrationController
2025-01-29 13:59:48,975 INFO c.h.h.t.OperatorHelmChartContainer - [K3S] [controller.go:142] Starting OpenAPI controller
2025-01-29 13:59:48,975 INFO c.h.h.t.OperatorHelmChartContainer - [K3S] [dynamic_serving_content.go:135] "Starting controller" name="aggregator-proxy-cert::/var/lib/rancher/k3s/server/tls/client-auth-proxy.crt::/var/lib/rancher/k3s/server/tls/client-auth-proxy.key"
2025-01-29 13:59:48,975 INFO c.h.h.t.OperatorHelmChartContainer - [K3S] [controller.go:90] Starting OpenAPI V3 controller
2025-01-29 13:59:48,975 INFO c.h.h.t.OperatorHelmChartContainer - [K3S] [naming_controller.go:294] Starting NamingConditionController
2025-01-29 13:59:48,975 INFO c.h.h.t.OperatorHelmChartContainer - [K3S] [establishing_controller.go:81] Starting EstablishingController
2025-01-29 13:59:48,975 INFO c.h.h.t.OperatorHelmChartContainer - [K3S] [local_available_controller.go:156] Starting LocalAvailability controller
2025-01-29 13:59:48,975 INFO c.h.h.t.OperatorHelmChartContainer - [K3S] [crdregistration_controller.go:114] Starting crd-autoregister controller
2025-01-29 13:59:48,975 INFO c.h.h.t.OperatorHelmChartContainer - [K3S] [nonstructuralschema_controller.go:195] Starting NonStructuralSchemaConditionController
2025-01-29 13:59:48,975 INFO c.h.h.t.OperatorHelmChartContainer - [K3S] [apiapproval_controller.go:189] Starting KubernetesAPIApprovalPolicyConformantConditionController
2025-01-29 13:59:48,975 INFO c.h.h.t.OperatorHelmChartContainer - [K3S] [crd_finalizer.go:269] Starting CRDFinalizer
2025-01-29 13:59:48,975 INFO c.h.h.t.OperatorHelmChartContainer - [K3S] [dynamic_cafile_content.go:161] "Starting controller" name="client-ca-bundle::/var/lib/rancher/k3s/server/tls/client-ca.crt"
2025-01-29 13:59:48,975 INFO c.h.h.t.OperatorHelmChartContainer - [K3S] [dynamic_cafile_content.go:161] "Starting controller" name="request-header::/var/lib/rancher/k3s/server/tls/request-header-ca.crt"
2025-01-29 13:59:49,080 INFO c.h.h.t.OperatorHelmChartContainer - [K3S] [aggregator.go:171] initial CRD sync complete...
2025-01-29 13:59:49,081 INFO c.h.h.t.OperatorHelmChartContainer - [K3S] [autoregister_controller.go:144] Starting autoregister controller
2025-01-29 13:59:49,081 INFO c.h.h.t.OperatorHelmChartContainer - [K3S] [handler_discovery.go:451] Starting ResourceDiscoveryManager
2025-01-29 13:59:49,081 INFO c.h.h.t.OperatorHelmChartContainer - [K3S] [apf_controller.go:382] Running API Priority and Fairness config worker
2025-01-29 13:59:49,081 INFO c.h.h.t.OperatorHelmChartContainer - [K3S] [apf_controller.go:385] Running API Priority and Fairness periodic rebalancing process
2025-01-29 13:59:49,087 INFO c.h.h.t.OperatorHelmChartContainer - [K3S] [controller.go:145] "Failed to ensure lease exists, will retry" err="namespaces \"kube-system\" not found" interval="200ms"
2025-01-29 13:59:49,100 INFO c.h.h.t.OperatorHelmChartContainer - [K3S] [policy_source.go:240] refreshing policies
2025-01-29 13:59:49,132 INFO c.h.h.t.OperatorHelmChartContainer - [K3S] [controller.go:95] Unable to perform initial Kubernetes service initialization: namespaces "default" not found
2025-01-29 13:59:49,132 INFO c.h.h.t.OperatorHelmChartContainer - [K3S] [controller.go:148] "Unhandled Error" err="while syncing ConfigMap \"kube-system/kube-apiserver-legacy-service-account-token-tracking\", err: namespaces \"kube-system\" not found" logger="UnhandledError"
2025-01-29 13:59:49,435 INFO c.h.h.t.OperatorHelmChartContainer - [K3S] [INFO] Module overlay was already loaded
2025-01-29 13:59:49,435 INFO c.h.h.t.OperatorHelmChartContainer - [K3S] [INFO] Module nf_conntrack was already loaded
2025-01-29 13:59:49,435 INFO c.h.h.t.OperatorHelmChartContainer - [K3S] [INFO] Module br_netfilter was already loaded
2025-01-29 13:59:49,439 INFO c.h.h.t.OperatorHelmChartContainer - [K3S] [INFO] Set sysctl 'net/netfilter/nf_conntrack_max' to 131072
2025-01-29 13:59:49,440 INFO c.h.h.t.OperatorHelmChartContainer - [K3S] [INFO] Set sysctl 'net/netfilter/nf_conntrack_tcp_timeout_established' to 86400
2025-01-29 13:59:49,440 INFO c.h.h.t.OperatorHelmChartContainer - [K3S] [INFO] Set sysctl 'net/netfilter/nf_conntrack_tcp_timeout_close_wait' to 3600
2025-01-29 13:59:49,441 INFO c.h.h.t.OperatorHelmChartContainer - [K3S] [INFO] Logging containerd to /var/lib/rancher/k3s/agent/containerd/containerd.log
2025-01-29 13:59:49,441 INFO c.h.h.t.OperatorHelmChartContainer - [K3S] [INFO] Running containerd -c /var/lib/rancher/k3s/agent/etc/containerd/config.toml -a /run/k3s/containerd/containerd.sock --state /run/k3s/containerd --root /var/lib/rancher/k3s/agent/containerd
2025-01-29 13:59:49,977 INFO c.h.h.t.OperatorHelmChartContainer - [K3S] [storage_scheduling.go:95] created PriorityClass system-node-critical with value 2000001000
2025-01-29 13:59:49,980 INFO c.h.h.t.OperatorHelmChartContainer - [K3S] [storage_scheduling.go:95] created PriorityClass system-cluster-critical with value 2000000000
2025-01-29 13:59:49,980 INFO c.h.h.t.OperatorHelmChartContainer - [K3S] [storage_scheduling.go:111] all system priority classes are created successfully or already exist.
2025-01-29 13:59:50,337 INFO c.h.h.t.OperatorHelmChartContainer - [K3S] [alloc.go:330] "allocated clusterIPs" service="default/kubernetes" clusterIPs={"IPv4":"10.43.0.1"}
2025-01-29 13:59:50,341 INFO c.h.h.t.OperatorHelmChartContainer - [K3S] [lease.go:265] Resetting endpoints for master service "kubernetes" to [172.17.0.3]
2025-01-29 13:59:50,445 INFO c.h.h.t.OperatorHelmChartContainer - [K3S] [INFO] containerd is now running
2025-01-29 13:59:50,448 INFO c.h.h.t.OperatorHelmChartContainer - [K3S] [INFO] Connecting to proxy" url="wss://127.0.0.1:6443/v1-k3s/connect
2025-01-29 13:59:50,449 INFO c.h.h.t.OperatorHelmChartContainer - [K3S] [INFO] Creating k3s-cert-monitor event broadcaster
2025-01-29 13:59:50,451 INFO c.h.h.t.OperatorHelmChartContainer - [K3S] [INFO] Running kubelet --cloud-provider=external --config-dir=/var/lib/rancher/k3s/agent/etc/kubelet.conf.d --containerd=/run/k3s/containerd/containerd.sock --hostname-override=ac881cdf1fe1 --kubeconfig=/var/lib/rancher/k3s/agent/kubelet.kubeconfig --node-ip=172.17.0.3 --node-labels=
2025-01-29 13:59:50,451 INFO c.h.h.t.OperatorHelmChartContainer - [K3S] [INFO] Handling backend connection request [ac881cdf1fe1]
2025-01-29 13:59:50,451 INFO c.h.h.t.OperatorHelmChartContainer - [K3S] [INFO] Remotedialer connected to proxy" url="wss://127.0.0.1:6443/v1-k3s/connect
2025-01-29 13:59:50,457 INFO c.h.h.t.OperatorHelmChartContainer - [K3S] Flag --containerd has been deprecated, This is a cadvisor flag that was mistakenly registered with the Kubelet. Due to legacy concerns, it will follow the standard CLI deprecation timeline before being removed.
2025-01-29 13:59:50,459 INFO c.h.h.t.OperatorHelmChartContainer - [K3S] [server.go:515] "Kubelet version" kubeletVersion="v1.32.1+k3s1"
2025-01-29 13:59:50,459 INFO c.h.h.t.OperatorHelmChartContainer - [K3S] [server.go:517] "Golang settings" GOGC="" GOMAXPROCS="" GOTRACEBACK=""
2025-01-29 13:59:50,460 INFO c.h.h.t.OperatorHelmChartContainer - [K3S] [dynamic_cafile_content.go:161] "Starting controller" name="client-ca-bundle::/var/lib/rancher/k3s/agent/client-ca.crt"
2025-01-29 13:59:50,462 INFO c.h.h.t.OperatorHelmChartContainer - [K3S] [log.go:32] "RuntimeConfig from runtime service failed" err="rpc error: code = Unimplemented desc = method RuntimeConfig not implemented"
2025-01-29 13:59:50,462 INFO c.h.h.t.OperatorHelmChartContainer - [K3S] [server.go:1416] "CRI implementation should be updated to support RuntimeConfig when KubeletCgroupDriverFromCRI feature gate has been enabled. Falling back to using cgroupDriver from kubelet config."
2025-01-29 13:59:50,466 INFO c.h.h.t.OperatorHelmChartContainer - [K3S] [info.go:53] Couldn't collect info from any of the files in "/etc/machine-id,/var/lib/dbus/machine-id"
2025-01-29 13:59:50,466 INFO c.h.h.t.OperatorHelmChartContainer - [K3S] [server.go:767] "--cgroups-per-qos enabled, but --cgroup-root was not specified.  defaulting to /"
2025-01-29 13:59:50,466 INFO c.h.h.t.OperatorHelmChartContainer - [K3S] [server.go:836] "NoSwap is set due to memorySwapBehavior not specified" memorySwapBehavior="" FailSwapOn=false
2025-01-29 13:59:50,466 INFO c.h.h.t.OperatorHelmChartContainer - [K3S] [swap_util.go:115] "Swap is on" /proc/swaps contents=<
2025-01-29 13:59:50,466 INFO c.h.h.t.OperatorHelmChartContainer - [K3S] 	Filename				Type		Size		Used		Priority
2025-01-29 13:59:50,466 INFO c.h.h.t.OperatorHelmChartContainer - [K3S] 	/mnt/swapfile                           file		4194300		268		-2
2025-01-29 13:59:50,466 INFO c.h.h.t.OperatorHelmChartContainer - [K3S]  >
2025-01-29 13:59:50,466 INFO c.h.h.t.OperatorHelmChartContainer - [K3S] [container_manager_linux.go:268] "Container manager verified user specified cgroup-root exists" cgroupRoot=[]
2025-01-29 13:59:50,467 INFO c.h.h.t.OperatorHelmChartContainer - [K3S] [container_manager_linux.go:273] "Creating Container Manager object based on Node Config" nodeConfig={"NodeName":"ac881cdf1fe1","RuntimeCgroupsName":"","SystemCgroupsName":"","KubeletCgroupsName":"/k3s","KubeletOOMScoreAdj":-999,"ContainerRuntime":"","CgroupsPerQOS":true,"CgroupRoot":"/","CgroupDriver":"cgroupfs","KubeletRootDir":"/var/lib/kubelet","ProtectKernelDefaults":false,"KubeReservedCgroupName":"","SystemReservedCgroupName":"","ReservedSystemCPUs":{},"EnforceNodeAllocatable":{"pods":{}},"KubeReserved":null,"SystemReserved":null,"HardEvictionThresholds":[{"Signal":"imagefs.available","Operator":"LessThan","Value":{"Quantity":null,"Percentage":0.05},"GracePeriod":0,"MinReclaim":null},{"Signal":"nodefs.available","Operator":"LessThan","Value":{"Quantity":null,"Percentage":0.05},"GracePeriod":0,"MinReclaim":null}],"QOSReserved":{},"CPUManagerPolicy":"none","CPUManagerPolicyOptions":null,"TopologyManagerScope":"container","CPUManagerReconcilePeriod":10000000000,"ExperimentalMemoryManagerPolicy":"None","ExperimentalMemoryManagerReservedMemory":null,"PodPidsLimit":-1,"EnforceCPULimits":true,"CPUCFSQuotaPeriod":100000000,"TopologyManagerPolicy":"none","TopologyManagerPolicyOptions":null,"CgroupVersion":2}
2025-01-29 13:59:50,467 INFO c.h.h.t.OperatorHelmChartContainer - [K3S] [topology_manager.go:138] "Creating topology manager with none policy"
2025-01-29 13:59:50,467 INFO c.h.h.t.OperatorHelmChartContainer - [K3S] [container_manager_linux.go:304] "Creating device plugin manager"
2025-01-29 13:59:50,467 INFO c.h.h.t.OperatorHelmChartContainer - [K3S] [state_mem.go:36] "Initialized new in-memory state store"
2025-01-29 13:59:50,467 INFO c.h.h.t.OperatorHelmChartContainer - [K3S] [kubelet.go:446] "Attempting to sync node with API server"
2025-01-29 13:59:50,467 INFO c.h.h.t.OperatorHelmChartContainer - [K3S] [kubelet.go:341] "Adding static pod path" path="/var/lib/rancher/k3s/agent/pod-manifests"
2025-01-29 13:59:50,467 INFO c.h.h.t.OperatorHelmChartContainer - [K3S] [kubelet.go:352] "Adding apiserver pod source"
2025-01-29 13:59:50,467 INFO c.h.h.t.OperatorHelmChartContainer - [K3S] [apiserver.go:42] "Waiting for node sync before watching apiserver pods"
2025-01-29 13:59:50,470 INFO c.h.h.t.OperatorHelmChartContainer - [K3S] [kuberuntime_manager.go:269] "Container runtime initialized" containerRuntime="containerd" version="v1.7.23-k3s2" apiVersion="v1"
2025-01-29 13:59:50,470 INFO c.h.h.t.OperatorHelmChartContainer - [K3S] [kubelet.go:890] "Not starting ClusterTrustBundle informer because we are in static kubelet mode"
2025-01-29 13:59:50,470 INFO c.h.h.t.OperatorHelmChartContainer - [K3S] [probe.go:272] Flexvolume plugin directory at /usr/libexec/kubernetes/kubelet-plugins/volume/exec/ does not exist. Recreating.
2025-01-29 13:59:50,470 INFO c.h.h.t.OperatorHelmChartContainer - [K3S] [watchdog_linux.go:99] "Systemd watchdog is not enabled"
2025-01-29 13:59:50,470 INFO c.h.h.t.OperatorHelmChartContainer - [K3S] [server.go:1282] "Started kubelet"
2025-01-29 13:59:50,470 INFO c.h.h.t.OperatorHelmChartContainer - [K3S] [ratelimit.go:55] "Setting rate limiting for endpoint" service="podresources" qps=100 burstTokens=10
2025-01-29 13:59:50,471 INFO c.h.h.t.OperatorHelmChartContainer - [K3S] [server.go:243] "Starting to serve the podresources API" endpoint="unix:/var/lib/kubelet/pod-resources/kubelet.sock"
2025-01-29 13:59:50,471 INFO c.h.h.t.OperatorHelmChartContainer - [K3S] [server.go:169] "Starting to listen" address="0.0.0.0" port=10250
2025-01-29 13:59:50,472 INFO c.h.h.t.OperatorHelmChartContainer - [K3S] [fs_resource_analyzer.go:67] "Starting FS ResourceAnalyzer"
2025-01-29 13:59:50,472 INFO c.h.h.t.OperatorHelmChartContainer - [K3S] [server.go:208] "Starting to listen read-only" address="0.0.0.0" port=10255
2025-01-29 13:59:50,473 INFO c.h.h.t.OperatorHelmChartContainer - [K3S] [dynamic_serving_content.go:135] "Starting controller" name="kubelet-server-cert-files::/var/lib/rancher/k3s/agent/serving-kubelet.crt::/var/lib/rancher/k3s/agent/serving-kubelet.key"
2025-01-29 13:59:50,474 INFO c.h.h.t.OperatorHelmChartContainer - [K3S] [server.go:490] "Adding debug handlers to kubelet server"
2025-01-29 13:59:50,475 INFO c.h.h.t.OperatorHelmChartContainer - [K3S] [kubelet_node_status.go:467] "Error getting the current node from lister" err="node \"ac881cdf1fe1\" not found"
2025-01-29 13:59:50,476 INFO c.h.h.t.OperatorHelmChartContainer - [K3S] [volume_manager.go:297] "Starting Kubelet Volume Manager"
2025-01-29 13:59:50,476 INFO c.h.h.t.OperatorHelmChartContainer - [K3S] [desired_state_of_world_populator.go:149] "Desired state populator starts to run"
2025-01-29 13:59:50,477 INFO c.h.h.t.OperatorHelmChartContainer - [K3S] [reconciler.go:26] "Reconciler: start to sync state"
2025-01-29 13:59:50,483 INFO c.h.h.t.OperatorHelmChartContainer - [K3S] [nodelease.go:49] "Failed to get node when trying to set owner ref to the node lease" err="nodes \"ac881cdf1fe1\" not found" node="ac881cdf1fe1"
2025-01-29 13:59:50,487 INFO c.h.h.t.OperatorHelmChartContainer - [K3S] [factory.go:221] Registration of the systemd container factory successfully
2025-01-29 13:59:50,488 INFO c.h.h.t.OperatorHelmChartContainer - [K3S] [factory.go:219] Registration of the crio container factory failed: Get "http://%2Fvar%2Frun%2Fcrio%2Fcrio.sock/info": dial unix /var/run/crio/crio.sock: connect: no such file or directory
2025-01-29 13:59:50,493 INFO c.h.h.t.OperatorHelmChartContainer - [K3S] [kubelet_network_linux.go:50] "Initialized iptables rules." protocol="IPv4"
2025-01-29 13:59:50,493 INFO c.h.h.t.OperatorHelmChartContainer - [K3S] [kubelet_network_linux.go:50] "Initialized iptables rules." protocol="IPv6"
2025-01-29 13:59:50,493 INFO c.h.h.t.OperatorHelmChartContainer - [K3S] [status_manager.go:227] "Starting to sync pod status with apiserver"
2025-01-29 13:59:50,493 INFO c.h.h.t.OperatorHelmChartContainer - [K3S] [watchdog_linux.go:127] "Systemd watchdog is not enabled or the interval is invalid, so health checking will not be started."
2025-01-29 13:59:50,493 INFO c.h.h.t.OperatorHelmChartContainer - [K3S] [kubelet.go:2388] "Starting kubelet main sync loop"
2025-01-29 13:59:50,493 INFO c.h.h.t.OperatorHelmChartContainer - [K3S] [kubelet.go:2412] "Skipping pod synchronization" err="[container runtime status check may not have completed yet, PLEG is not healthy: pleg has yet to be successful]"
2025-01-29 13:59:50,496 INFO c.h.h.t.OperatorHelmChartContainer - [K3S] [kubelet.go:1561] "Image garbage collection failed once. Stats initialization may not have completed yet" err="invalid capacity 0 on image filesystem"
2025-01-29 13:59:50,497 INFO c.h.h.t.OperatorHelmChartContainer - [K3S] [factory.go:221] Registration of the containerd container factory successfully
2025-01-29 13:59:50,538 INFO c.h.h.t.OperatorHelmChartContainer - [K3S] [cpu_manager.go:221] "Starting CPU manager" policy="none"
2025-01-29 13:59:50,538 INFO c.h.h.t.OperatorHelmChartContainer - [K3S] [cpu_manager.go:222] "Reconciling" reconcilePeriod="10s"
2025-01-29 13:59:50,538 INFO c.h.h.t.OperatorHelmChartContainer - [K3S] [state_mem.go:36] "Initialized new in-memory state store"
2025-01-29 13:59:50,539 INFO c.h.h.t.OperatorHelmChartContainer - [K3S] [policy_none.go:49] "None policy: Start"
2025-01-29 13:59:50,539 INFO c.h.h.t.OperatorHelmChartContainer - [K3S] [memory_manager.go:186] "Starting memorymanager" policy="None"
2025-01-29 13:59:50,539 INFO c.h.h.t.OperatorHelmChartContainer - [K3S] [state_mem.go:35] "Initializing new in-memory state store"
2025-01-29 13:59:50,541 INFO c.h.h.t.OperatorHelmChartContainer - [K3S] [manager.go:519] "Failed to read data from checkpoint" checkpoint="kubelet_internal_checkpoint" err="checkpoint is not found"
2025-01-29 13:59:50,541 INFO c.h.h.t.OperatorHelmChartContainer - [K3S] [eviction_manager.go:189] "Eviction manager: starting control loop"
2025-01-29 13:59:50,543 INFO c.h.h.t.OperatorHelmChartContainer - [K3S] [container_log_manager.go:189] "Initializing container log rotate workers" workers=1 monitorPeriod="10s"
2025-01-29 13:59:50,544 INFO c.h.h.t.OperatorHelmChartContainer - [K3S] [plugin_manager.go:118] "Starting Kubelet Plugin Manager"
2025-01-29 13:59:50,545 INFO c.h.h.t.OperatorHelmChartContainer - [K3S] [eviction_manager.go:267] "eviction manager: failed to check if we have separate container filesystem. Ignoring." err="no imagefs label for configured runtime"
2025-01-29 13:59:50,545 INFO c.h.h.t.OperatorHelmChartContainer - [K3S] [eviction_manager.go:292] "Eviction manager: failed to get summary stats" err="failed to get node info: node \"ac881cdf1fe1\" not found"
2025-01-29 13:59:50,568 INFO c.h.h.t.OperatorHelmChartContainer - [K3S] [ERROR] Sending HTTP/1.1 503 response to 127.0.0.1:59442: runtime core not ready
2025-01-29 13:59:50,644 INFO c.h.h.t.OperatorHelmChartContainer - [K3S] [kubelet_node_status.go:76] "Attempting to register node" node="ac881cdf1fe1"
2025-01-29 13:59:50,648 INFO c.h.h.t.OperatorHelmChartContainer - [K3S] [kubelet_node_status.go:79] "Successfully registered node" node="ac881cdf1fe1"
2025-01-29 13:59:50,648 INFO c.h.h.t.OperatorHelmChartContainer - [K3S] [kubelet_node_status.go:549] "Error updating node status, will retry" err="error getting node \"ac881cdf1fe1\": node \"ac881cdf1fe1\" not found"
2025-01-29 13:59:50,652 INFO c.h.h.t.OperatorHelmChartContainer - [K3S] [INFO] Annotations and labels have been set successfully on node: ac881cdf1fe1
2025-01-29 13:59:50,652 INFO c.h.h.t.OperatorHelmChartContainer - [K3S] [INFO] Starting flannel with backend vxlan
2025-01-29 13:59:50,671 INFO c.h.h.t.OperatorHelmChartContainer - [K3S] [INFO] Running kube-proxy --cluster-cidr=10.42.0.0/16 --conntrack-max-per-core=0 --conntrack-tcp-timeout-close-wait=0s --conntrack-tcp-timeout-established=0s --healthz-bind-address=127.0.0.1 --hostname-override=ac881cdf1fe1 --kubeconfig=/var/lib/rancher/k3s/agent/kubeproxy.kubeconfig --proxy-mode=iptables
2025-01-29 13:59:50,712 INFO c.h.h.t.OperatorHelmChartContainer - [K3S] [server.go:698] "Successfully retrieved node IP(s)" IPs=["172.17.0.3"]
2025-01-29 13:59:50,712 INFO c.h.h.t.OperatorHelmChartContainer - [K3S] [server.go:234] "Kube-proxy configuration may be incomplete or incorrect" err="nodePortAddresses is unset; NodePort connections will be accepted on all local IPs. Consider using `--nodeport-addresses primary`"
2025-01-29 13:59:50,715 INFO c.h.h.t.OperatorHelmChartContainer - [K3S] [server.go:243] "kube-proxy running in dual-stack mode" primary ipFamily="IPv4"
2025-01-29 13:59:50,715 INFO c.h.h.t.OperatorHelmChartContainer - [K3S] [server_linux.go:170] "Using iptables Proxier"
2025-01-29 13:59:50,717 INFO c.h.h.t.OperatorHelmChartContainer - [K3S] [proxier.go:255] "Setting route_localnet=1 to allow node-ports on localhost; to change this either disable iptables.localhostNodePorts (--iptables-localhost-nodeports) or set nodePortAddresses (--nodeport-addresses) to filter loopback addresses"
2025-01-29 13:59:50,717 INFO c.h.h.t.OperatorHelmChartContainer - [K3S] [server.go:497] "Version info" version="v1.32.1+k3s1"
2025-01-29 13:59:50,718 INFO c.h.h.t.OperatorHelmChartContainer - [K3S] [server.go:499] "Golang settings" GOGC="" GOMAXPROCS="" GOTRACEBACK=""
2025-01-29 13:59:50,719 INFO c.h.h.t.OperatorHelmChartContainer - [K3S] [config.go:329] "Starting node config controller"
2025-01-29 13:59:50,719 INFO c.h.h.t.OperatorHelmChartContainer - [K3S] [config.go:199] "Starting service config controller"
2025-01-29 13:59:50,719 INFO c.h.h.t.OperatorHelmChartContainer - [K3S] [config.go:105] "Starting endpoint slice config controller"
2025-01-29 13:59:50,854 INFO c.h.h.t.OperatorHelmChartContainer - [K3S] [kubelet_node_status.go:502] "Fast updating node status as it just became ready"
2025-01-29 13:59:51,254 INFO c.h.h.t.OperatorHelmChartContainer - [K3S] [INFO] Waiting for untainted node
2025-01-29 13:59:51,254 INFO c.h.h.t.OperatorHelmChartContainer - [K3S] [INFO] Kube API server is now running
2025-01-29 13:59:51,254 INFO c.h.h.t.OperatorHelmChartContainer - [K3S] [INFO] ETCD server is now running
2025-01-29 13:59:51,254 INFO c.h.h.t.OperatorHelmChartContainer - [K3S] [INFO] k3s is up and running
2025-01-29 13:59:51,254 INFO c.h.h.t.OperatorHelmChartContainer - [K3S] [INFO] Waiting for cloud-controller-manager privileges to become available
2025-01-29 13:59:51,255 INFO c.h.h.t.OperatorHelmChartContainer - [K3S] [INFO] Creating k3s-supervisor event broadcaster
2025-01-29 13:59:51,261 INFO c.h.h.t.OperatorHelmChartContainer - [K3S] [INFO] Applying CRD addons.k3s.cattle.io
2025-01-29 13:59:51,273 INFO c.h.h.t.OperatorHelmChartContainer - [K3S] [INFO] Applying CRD etcdsnapshotfiles.k3s.cattle.io
2025-01-29 13:59:51,282 INFO c.h.h.t.OperatorHelmChartContainer - [K3S] [INFO] Applying CRD helmcharts.helm.cattle.io
2025-01-29 13:59:51,296 INFO c.h.h.t.OperatorHelmChartContainer - [K3S] [INFO] Applying CRD helmchartconfigs.helm.cattle.io
2025-01-29 13:59:51,308 INFO c.h.h.t.OperatorHelmChartContainer - [K3S] [INFO] Waiting for CRD helmcharts.helm.cattle.io to become available
2025-01-29 13:59:51,468 INFO c.h.h.t.OperatorHelmChartContainer - [K3S] [apiserver.go:52] "Watching apiserver"
2025-01-29 13:59:51,477 INFO c.h.h.t.OperatorHelmChartContainer - [K3S] [desired_state_of_world_populator.go:157] "Finished populating initial desired state of world"
2025-01-29 13:59:51,526 INFO c.h.h.t.OperatorHelmChartContainer - [K3S] [serving.go:392] Generated self-signed cert in-memory
2025-01-29 13:59:51,812 INFO c.h.h.t.OperatorHelmChartContainer - [K3S] [INFO] Done waiting for CRD helmcharts.helm.cattle.io to become available
2025-01-29 13:59:51,812 INFO c.h.h.t.OperatorHelmChartContainer - [K3S] [INFO] Waiting for CRD helmchartconfigs.helm.cattle.io to become available
2025-01-29 13:59:51,995 INFO c.h.h.t.OperatorHelmChartContainer - [K3S] [controllermanager.go:185] "Starting" version="v1.32.1+k3s1"
2025-01-29 13:59:51,995 INFO c.h.h.t.OperatorHelmChartContainer - [K3S] [controllermanager.go:187] "Golang settings" GOGC="" GOMAXPROCS="" GOTRACEBACK=""
2025-01-29 13:59:51,997 INFO c.h.h.t.OperatorHelmChartContainer - [K3S] [requestheader_controller.go:180] Starting RequestHeaderAuthRequestController
2025-01-29 13:59:51,997 INFO c.h.h.t.OperatorHelmChartContainer - [K3S] [configmap_cafile_content.go:205] "Starting controller" name="client-ca::kube-system::extension-apiserver-authentication::client-ca-file"
2025-01-29 13:59:51,997 INFO c.h.h.t.OperatorHelmChartContainer - [K3S] [configmap_cafile_content.go:205] "Starting controller" name="client-ca::kube-system::extension-apiserver-authentication::requestheader-client-ca-file"
2025-01-29 13:59:51,997 INFO c.h.h.t.OperatorHelmChartContainer - [K3S] [secure_serving.go:213] Serving securely on 127.0.0.1:10257
2025-01-29 13:59:51,999 INFO c.h.h.t.OperatorHelmChartContainer - [K3S] [tlsconfig.go:243] "Starting DynamicServingCertificateController"
2025-01-29 13:59:52,001 INFO c.h.h.t.OperatorHelmChartContainer - [K3S] [controllermanager.go:765] "Started controller" controller="serviceaccount-token-controller"
2025-01-29 13:59:52,007 INFO c.h.h.t.OperatorHelmChartContainer - [K3S] [controllermanager.go:765] "Started controller" controller="endpoints-controller"
2025-01-29 13:59:52,007 INFO c.h.h.t.OperatorHelmChartContainer - [K3S] [endpoints_controller.go:182] "Starting endpoint controller"
2025-01-29 13:59:52,016 INFO c.h.h.t.OperatorHelmChartContainer - [K3S] [controllermanager.go:765] "Started controller" controller="horizontal-pod-autoscaler-controller"
2025-01-29 13:59:52,016 INFO c.h.h.t.OperatorHelmChartContainer - [K3S] [horizontal.go:201] "Starting HPA controller"
2025-01-29 13:59:52,021 INFO c.h.h.t.OperatorHelmChartContainer - [K3S] [controllermanager.go:765] "Started controller" controller="statefulset-controller"
2025-01-29 13:59:52,022 INFO c.h.h.t.OperatorHelmChartContainer - [K3S] [stateful_set.go:166] "Starting stateful set controller"
2025-01-29 13:59:52,026 INFO c.h.h.t.OperatorHelmChartContainer - [K3S] [controllermanager.go:765] "Started controller" controller="certificatesigningrequest-cleaner-controller"
2025-01-29 13:59:52,027 INFO c.h.h.t.OperatorHelmChartContainer - [K3S] [controllermanager.go:723] "Skipping a cloud provider controller" controller="service-lb-controller"
2025-01-29 13:59:52,027 INFO c.h.h.t.OperatorHelmChartContainer - [K3S] [controllermanager.go:717] "Controller is disabled by a feature gate" controller="resourceclaim-controller" requiredFeatureGates=["DynamicResourceAllocation"]
2025-01-29 13:59:52,027 INFO c.h.h.t.OperatorHelmChartContainer - [K3S] [cleaner.go:83] "Starting CSR cleaner controller"
2025-01-29 13:59:52,032 INFO c.h.h.t.OperatorHelmChartContainer - [K3S] [controllermanager.go:765] "Started controller" controller="job-controller"
2025-01-29 13:59:52,032 INFO c.h.h.t.OperatorHelmChartContainer - [K3S] [job_controller.go:243] "Starting job controller"
2025-01-29 13:59:52,045 INFO c.h.h.t.OperatorHelmChartContainer - [K3S] [range_allocator.go:112] "No Secondary Service CIDR provided. Skipping filtering out secondary service addresses"
2025-01-29 13:59:52,045 INFO c.h.h.t.OperatorHelmChartContainer - [K3S] [controllermanager.go:765] "Started controller" controller="node-ipam-controller"
2025-01-29 13:59:52,045 INFO c.h.h.t.OperatorHelmChartContainer - [K3S] [node_ipam_controller.go:141] "Starting ipam controller"
2025-01-29 13:59:52,050 INFO c.h.h.t.OperatorHelmChartContainer - [K3S] [controllermanager.go:765] "Started controller" controller="legacy-serviceaccount-token-cleaner-controller"
2025-01-29 13:59:52,050 INFO c.h.h.t.OperatorHelmChartContainer - [K3S] [controllermanager.go:743] "Warning: skipping controller" controller="storage-version-migrator-controller"
2025-01-29 13:59:52,050 INFO c.h.h.t.OperatorHelmChartContainer - [K3S] [legacy_serviceaccount_token_cleaner.go:103] "Starting legacy service account token cleaner controller"
2025-01-29 13:59:52,055 INFO c.h.h.t.OperatorHelmChartContainer - [K3S] [controllermanager.go:765] "Started controller" controller="endpointslice-controller"
2025-01-29 13:59:52,055 INFO c.h.h.t.OperatorHelmChartContainer - [K3S] [endpointslice_controller.go:281] "Starting endpoint slice controller"
2025-01-29 13:59:52,104 INFO c.h.h.t.OperatorHelmChartContainer - [K3S] [controllermanager.go:765] "Started controller" controller="endpointslice-mirroring-controller"
2025-01-29 13:59:52,104 INFO c.h.h.t.OperatorHelmChartContainer - [K3S] [endpointslicemirroring_controller.go:227] "Starting EndpointSliceMirroring controller"
2025-01-29 13:59:52,154 INFO c.h.h.t.OperatorHelmChartContainer - [K3S] [controllermanager.go:765] "Started controller" controller="certificatesigningrequest-approving-controller"
2025-01-29 13:59:52,154 INFO c.h.h.t.OperatorHelmChartContainer - [K3S] [certificate_controller.go:120] "Starting certificate controller" name="csrapproving"
2025-01-29 13:59:52,305 INFO c.h.h.t.OperatorHelmChartContainer - [K3S] [controllermanager.go:765] "Started controller" controller="persistentvolume-expander-controller"
2025-01-29 13:59:52,305 INFO c.h.h.t.OperatorHelmChartContainer - [K3S] [expand_controller.go:329] "Starting expand controller"
2025-01-29 13:59:52,305 INFO c.h.h.t.OperatorHelmChartContainer - [K3S] [controllermanager.go:717] "Controller is disabled by a feature gate" controller="storageversion-garbage-collector-controller" requiredFeatureGates=["APIServerIdentity","StorageVersionAPI"]
2025-01-29 13:59:52,315 INFO c.h.h.t.OperatorHelmChartContainer - [K3S] [INFO] Done waiting for CRD helmchartconfigs.helm.cattle.io to become available
2025-01-29 13:59:52,315 INFO c.h.h.t.OperatorHelmChartContainer - [K3S] [INFO] Writing static file: /var/lib/rancher/k3s/server/static/charts/traefik-27.0.201+up27.0.2.tgz
2025-01-29 13:59:52,316 INFO c.h.h.t.OperatorHelmChartContainer - [K3S] [INFO] Writing static file: /var/lib/rancher/k3s/server/static/charts/traefik-crd-27.0.201+up27.0.2.tgz
2025-01-29 13:59:52,316 INFO c.h.h.t.OperatorHelmChartContainer - [K3S] [INFO] Writing manifest: /var/lib/rancher/k3s/server/manifests/metrics-server/aggregated-metrics-reader.yaml
2025-01-29 13:59:52,316 INFO c.h.h.t.OperatorHelmChartContainer - [K3S] [INFO] Writing manifest: /var/lib/rancher/k3s/server/manifests/metrics-server/auth-delegator.yaml
2025-01-29 13:59:52,317 INFO c.h.h.t.OperatorHelmChartContainer - [K3S] [INFO] Writing manifest: /var/lib/rancher/k3s/server/manifests/metrics-server/auth-reader.yaml
2025-01-29 13:59:52,317 INFO c.h.h.t.OperatorHelmChartContainer - [K3S] [INFO] Writing manifest: /var/lib/rancher/k3s/server/manifests/metrics-server/metrics-apiservice.yaml
2025-01-29 13:59:52,317 INFO c.h.h.t.OperatorHelmChartContainer - [K3S] [INFO] Writing manifest: /var/lib/rancher/k3s/server/manifests/metrics-server/metrics-server-service.yaml
2025-01-29 13:59:52,317 INFO c.h.h.t.OperatorHelmChartContainer - [K3S] [INFO] Writing manifest: /var/lib/rancher/k3s/server/manifests/rolebindings.yaml
2025-01-29 13:59:52,317 INFO c.h.h.t.OperatorHelmChartContainer - [K3S] [INFO] Writing manifest: /var/lib/rancher/k3s/server/manifests/ccm.yaml
2025-01-29 13:59:52,317 INFO c.h.h.t.OperatorHelmChartContainer - [K3S] [INFO] Writing manifest: /var/lib/rancher/k3s/server/manifests/coredns.yaml
2025-01-29 13:59:52,317 INFO c.h.h.t.OperatorHelmChartContainer - [K3S] [INFO] Writing manifest: /var/lib/rancher/k3s/server/manifests/local-storage.yaml
2025-01-29 13:59:52,317 INFO c.h.h.t.OperatorHelmChartContainer - [K3S] [INFO] Writing manifest: /var/lib/rancher/k3s/server/manifests/metrics-server/metrics-server-deployment.yaml
2025-01-29 13:59:52,317 INFO c.h.h.t.OperatorHelmChartContainer - [K3S] [INFO] Writing manifest: /var/lib/rancher/k3s/server/manifests/metrics-server/resource-reader.yaml
2025-01-29 13:59:52,318 INFO c.h.h.t.OperatorHelmChartContainer - [K3S] [INFO] Writing manifest: /var/lib/rancher/k3s/server/manifests/runtimes.yaml
2025-01-29 13:59:52,319 INFO c.h.h.t.OperatorHelmChartContainer - [K3S] [INFO] Tunnel server egress proxy mode: agent
2025-01-29 13:59:52,319 INFO c.h.h.t.OperatorHelmChartContainer - [K3S] [INFO] Starting dynamiclistener CN filter node controller with SANs: [localhost 127.0.0.1 ::1 localhost ac881cdf1fe1 172.17.0.3 10.43.0.1 kubernetes kubernetes.default kubernetes.default.svc kubernetes.default.svc.cluster.local]
2025-01-29 13:59:52,354 INFO c.h.h.t.OperatorHelmChartContainer - [K3S] [controllermanager.go:765] "Started controller" controller="taint-eviction-controller"
2025-01-29 13:59:52,354 INFO c.h.h.t.OperatorHelmChartContainer - [K3S] [taint_eviction.go:281] "Starting" controller="taint-eviction-controller"
2025-01-29 13:59:52,354 INFO c.h.h.t.OperatorHelmChartContainer - [K3S] [taint_eviction.go:287] "Sending events to api server"
2025-01-29 13:59:52,424 INFO c.h.h.t.OperatorHelmChartContainer - [K3S] [INFO] Starting k3s.cattle.io/v1, Kind=Addon controller
2025-01-29 13:59:52,424 INFO c.h.h.t.OperatorHelmChartContainer - [K3S] [INFO] Creating deploy event broadcaster
2025-01-29 13:59:52,516 INFO c.h.h.t.OperatorHelmChartContainer - [K3S] [controllermanager.go:765] "Started controller" controller="replicationcontroller-controller"
2025-01-29 13:59:52,516 INFO c.h.h.t.OperatorHelmChartContainer - [K3S] [replica_set.go:217] "Starting controller" name="replicationcontroller"
2025-01-29 13:59:52,528 INFO c.h.h.t.OperatorHelmChartContainer - [K3S] [INFO] Starting /v1, Kind=Node controller
2025-01-29 13:59:52,530 INFO c.h.h.t.OperatorHelmChartContainer - [K3S] [INFO] Creating helm-controller event broadcaster
2025-01-29 13:59:52,539 INFO c.h.h.t.OperatorHelmChartContainer - [K3S] [INFO] Cluster dns configmap has been set successfully
2025-01-29 13:59:52,560 INFO c.h.h.t.OperatorHelmChartContainer - [K3S] [INFO] Labels and annotations have been set successfully on node: ac881cdf1fe1
2025-01-29 13:59:52,642 INFO c.h.h.t.OperatorHelmChartContainer - [K3S] [INFO] Starting helm.cattle.io/v1, Kind=HelmChartConfig controller
2025-01-29 13:59:52,642 INFO c.h.h.t.OperatorHelmChartContainer - [K3S] [INFO] Starting helm.cattle.io/v1, Kind=HelmChart controller
2025-01-29 13:59:52,644 INFO c.h.h.t.OperatorHelmChartContainer - [K3S] [INFO] Starting rbac.authorization.k8s.io/v1, Kind=ClusterRoleBinding controller
2025-01-29 13:59:52,647 INFO c.h.h.t.OperatorHelmChartContainer - [K3S] [INFO] Starting batch/v1, Kind=Job controller
2025-01-29 13:59:52,647 INFO c.h.h.t.OperatorHelmChartContainer - [K3S] [INFO] Starting /v1, Kind=ConfigMap controller
2025-01-29 13:59:52,647 INFO c.h.h.t.OperatorHelmChartContainer - [K3S] [INFO] Starting /v1, Kind=ServiceAccount controller
2025-01-29 13:59:52,647 INFO c.h.h.t.OperatorHelmChartContainer - [K3S] [INFO] Starting /v1, Kind=Secret controller
2025-01-29 13:59:52,808 INFO c.h.h.t.OperatorHelmChartContainer - [K3S] [controllermanager.go:765] "Started controller" controller="resourcequota-controller"
2025-01-29 13:59:52,808 INFO c.h.h.t.OperatorHelmChartContainer - [K3S] [resource_quota_controller.go:300] "Starting resource quota controller"
2025-01-29 13:59:52,955 INFO c.h.h.t.OperatorHelmChartContainer - [K3S] [controllermanager.go:765] "Started controller" controller="daemonset-controller"
2025-01-29 13:59:52,955 INFO c.h.h.t.OperatorHelmChartContainer - [K3S] [controllermanager.go:723] "Skipping a cloud provider controller" controller="cloud-node-lifecycle-controller"
2025-01-29 13:59:52,955 INFO c.h.h.t.OperatorHelmChartContainer - [K3S] [controllermanager.go:717] "Controller is disabled by a feature gate" controller="volumeattributesclass-protection-controller" requiredFeatureGates=["VolumeAttributesClass"]
2025-01-29 13:59:52,955 INFO c.h.h.t.OperatorHelmChartContainer - [K3S] [daemon_controller.go:294] "Starting daemon sets controller"
2025-01-29 13:59:53,089 INFO c.h.h.t.OperatorHelmChartContainer - [K3S] [INFO] Updating TLS secret for kube-system/k3s-serving (count: 10): map[listener.cattle.io/cn-10.43.0.1:10.43.0.1 listener.cattle.io/cn-127.0.0.1:127.0.0.1 listener.cattle.io/cn-172.17.0.3:172.17.0.3 listener.cattle.io/cn-__1-f16284:::1 listener.cattle.io/cn-ac881cdf1fe1:ac881cdf1fe1 listener.cattle.io/cn-kubernetes:kubernetes listener.cattle.io/cn-kubernetes.default:kubernetes.default listener.cattle.io/cn-kubernetes.default.svc:kubernetes.default.svc listener.cattle.io/cn-kubernetes.default.svc.cluster.local:kubernetes.default.svc.cluster.local listener.cattle.io/cn-localhost:localhost listener.cattle.io/fingerprint:SHA1=36BCF58841EECF449875059E80BBC8C99336EC3E]
2025-01-29 13:59:53,091 INFO c.h.h.t.OperatorHelmChartContainer - [K3S] [INFO] Active TLS secret kube-system/k3s-serving (ver=243) (count 10): map[listener.cattle.io/cn-10.43.0.1:10.43.0.1 listener.cattle.io/cn-127.0.0.1:127.0.0.1 listener.cattle.io/cn-172.17.0.3:172.17.0.3 listener.cattle.io/cn-__1-f16284:::1 listener.cattle.io/cn-ac881cdf1fe1:ac881cdf1fe1 listener.cattle.io/cn-kubernetes:kubernetes listener.cattle.io/cn-kubernetes.default:kubernetes.default listener.cattle.io/cn-kubernetes.default.svc:kubernetes.default.svc listener.cattle.io/cn-kubernetes.default.svc.cluster.local:kubernetes.default.svc.cluster.local listener.cattle.io/cn-localhost:localhost listener.cattle.io/fingerprint:SHA1=36BCF58841EECF449875059E80BBC8C99336EC3E]
2025-01-29 13:59:53,105 INFO c.h.h.t.OperatorHelmChartContainer - [K3S] [controllermanager.go:765] "Started controller" controller="ttl-after-finished-controller"
2025-01-29 13:59:53,105 INFO c.h.h.t.OperatorHelmChartContainer - [K3S] [ttlafterfinished_controller.go:112] "Starting TTL after finished controller"
2025-01-29 13:59:53,187 INFO c.h.h.t.OperatorHelmChartContainer - [K3S] [INFO] Updating TLS secret for kube-system/k3s-serving (count: 10): map[listener.cattle.io/cn-10.43.0.1:10.43.0.1 listener.cattle.io/cn-127.0.0.1:127.0.0.1 listener.cattle.io/cn-172.17.0.3:172.17.0.3 listener.cattle.io/cn-__1-f16284:::1 listener.cattle.io/cn-ac881cdf1fe1:ac881cdf1fe1 listener.cattle.io/cn-kubernetes:kubernetes listener.cattle.io/cn-kubernetes.default:kubernetes.default listener.cattle.io/cn-kubernetes.default.svc:kubernetes.default.svc listener.cattle.io/cn-kubernetes.default.svc.cluster.local:kubernetes.default.svc.cluster.local listener.cattle.io/cn-localhost:localhost listener.cattle.io/fingerprint:SHA1=36BCF58841EECF449875059E80BBC8C99336EC3E]
2025-01-29 13:59:53,255 INFO c.h.h.t.OperatorHelmChartContainer - [K3S] [controllermanager.go:765] "Started controller" controller="deployment-controller"
2025-01-29 13:59:53,255 INFO c.h.h.t.OperatorHelmChartContainer - [K3S] [deployment_controller.go:173] "Starting controller" controller="deployment"
2025-01-29 13:59:53,405 INFO c.h.h.t.OperatorHelmChartContainer - [K3S] [controllermanager.go:765] "Started controller" controller="cronjob-controller"
2025-01-29 13:59:53,405 INFO c.h.h.t.OperatorHelmChartContainer - [K3S] [controllermanager.go:728] "Warning: controller is disabled" controller="bootstrap-signer-controller"
2025-01-29 13:59:53,405 INFO c.h.h.t.OperatorHelmChartContainer - [K3S] [cronjob_controllerv2.go:145] "Starting cronjob controller v2"
2025-01-29 13:59:53,554 INFO c.h.h.t.OperatorHelmChartContainer - [K3S] [controllermanager.go:765] "Started controller" controller="token-cleaner-controller"
2025-01-29 13:59:53,554 INFO c.h.h.t.OperatorHelmChartContainer - [K3S] [controllermanager.go:723] "Skipping a cloud provider controller" controller="node-route-controller"
2025-01-29 13:59:53,554 INFO c.h.h.t.OperatorHelmChartContainer - [K3S] [tokencleaner.go:117] "Starting token cleaner controller"
2025-01-29 13:59:53,704 INFO c.h.h.t.OperatorHelmChartContainer - [K3S] [controllermanager.go:765] "Started controller" controller="persistentvolume-binder-controller"
2025-01-29 13:59:53,704 INFO c.h.h.t.OperatorHelmChartContainer - [K3S] [pv_controller_base.go:308] "Starting persistent volume controller"
2025-01-29 13:59:53,954 INFO c.h.h.t.OperatorHelmChartContainer - [K3S] [event.go:389] "Event occurred" object="ac881cdf1fe1" fieldPath="" kind="Node" apiVersion="" type="Normal" reason="NodePasswordValidationComplete" message="Deferred node password secret validation complete"
2025-01-29 13:59:53,958 INFO c.h.h.t.OperatorHelmChartContainer - [K3S] [controllermanager.go:765] "Started controller" controller="namespace-controller"
2025-01-29 13:59:53,958 INFO c.h.h.t.OperatorHelmChartContainer - [K3S] [namespace_controller.go:202] "Starting namespace controller"
2025-01-29 13:59:54,204 INFO c.h.h.t.OperatorHelmChartContainer - [K3S] [graph_builder.go:351] "Running" component="GraphBuilder"
2025-01-29 13:59:54,204 INFO c.h.h.t.OperatorHelmChartContainer - [K3S] [controllermanager.go:765] "Started controller" controller="garbage-collector-controller"
2025-01-29 13:59:54,430 INFO c.h.h.t.OperatorHelmChartContainer - [K3S] [event.go:389] "Event occurred" object="kube-system/ccm" fieldPath="" kind="Addon" apiVersion="k3s.cattle.io/v1" type="Normal" reason="ApplyingManifest" message="Applying manifest at \"/var/lib/rancher/k3s/server/manifests/ccm.yaml\""
2025-01-29 13:59:54,447 INFO c.h.h.t.OperatorHelmChartContainer - [K3S] [event.go:389] "Event occurred" object="kube-system/ccm" fieldPath="" kind="Addon" apiVersion="k3s.cattle.io/v1" type="Normal" reason="AppliedManifest" message="Applied manifest at \"/var/lib/rancher/k3s/server/manifests/ccm.yaml\""
2025-01-29 13:59:54,455 INFO c.h.h.t.OperatorHelmChartContainer - [K3S] [controllermanager.go:765] "Started controller" controller="clusterrole-aggregation-controller"
2025-01-29 13:59:54,455 INFO c.h.h.t.OperatorHelmChartContainer - [K3S] [clusterroleaggregation_controller.go:194] "Starting ClusterRoleAggregator controller"
2025-01-29 13:59:54,457 INFO c.h.h.t.OperatorHelmChartContainer - [K3S] [event.go:389] "Event occurred" object="kube-system/coredns" fieldPath="" kind="Addon" apiVersion="k3s.cattle.io/v1" type="Normal" reason="ApplyingManifest" message="Applying manifest at \"/var/lib/rancher/k3s/server/manifests/coredns.yaml\""
2025-01-29 13:59:54,561 INFO c.h.h.t.OperatorHelmChartContainer - [K3S] [alloc.go:330] "allocated clusterIPs" service="kube-system/kube-dns" clusterIPs={"IPv4":"10.43.0.10"}
2025-01-29 13:59:54,561 INFO c.h.h.t.OperatorHelmChartContainer - [K3S] [event.go:389] "Event occurred" object="kube-system/coredns" fieldPath="" kind="Addon" apiVersion="k3s.cattle.io/v1" type="Normal" reason="AppliedManifest" message="Applied manifest at \"/var/lib/rancher/k3s/server/manifests/coredns.yaml\""
2025-01-29 13:59:54,570 INFO c.h.h.t.OperatorHelmChartContainer - [K3S] [event.go:389] "Event occurred" object="kube-system/local-storage" fieldPath="" kind="Addon" apiVersion="k3s.cattle.io/v1" type="Normal" reason="ApplyingManifest" message="Applying manifest at \"/var/lib/rancher/k3s/server/manifests/local-storage.yaml\""
2025-01-29 13:59:54,604 INFO c.h.h.t.OperatorHelmChartContainer - [K3S] [controllermanager.go:765] "Started controller" controller="persistentvolumeclaim-protection-controller"
2025-01-29 13:59:54,605 INFO c.h.h.t.OperatorHelmChartContainer - [K3S] [pvc_protection_controller.go:168] "Starting PVC protection controller"
2025-01-29 13:59:54,661 INFO c.h.h.t.OperatorHelmChartContainer - [K3S] [event.go:389] "Event occurred" object="kube-system/local-storage" fieldPath="" kind="Addon" apiVersion="k3s.cattle.io/v1" type="Normal" reason="AppliedManifest" message="Applied manifest at \"/var/lib/rancher/k3s/server/manifests/local-storage.yaml\""
2025-01-29 13:59:54,666 INFO c.h.h.t.OperatorHelmChartContainer - [K3S] [event.go:389] "Event occurred" object="kube-system/aggregated-metrics-reader" fieldPath="" kind="Addon" apiVersion="k3s.cattle.io/v1" type="Normal" reason="ApplyingManifest" message="Applying manifest at \"/var/lib/rancher/k3s/server/manifests/metrics-server/aggregated-metrics-reader.yaml\""
2025-01-29 13:59:54,739 INFO c.h.h.t.OperatorHelmChartContainer - [K3S] [event.go:389] "Event occurred" object="kube-system/aggregated-metrics-reader" fieldPath="" kind="Addon" apiVersion="k3s.cattle.io/v1" type="Normal" reason="AppliedManifest" message="Applied manifest at \"/var/lib/rancher/k3s/server/manifests/metrics-server/aggregated-metrics-reader.yaml\""
2025-01-29 13:59:54,744 INFO c.h.h.t.OperatorHelmChartContainer - [K3S] [event.go:389] "Event occurred" object="kube-system/auth-delegator" fieldPath="" kind="Addon" apiVersion="k3s.cattle.io/v1" type="Normal" reason="ApplyingManifest" message="Applying manifest at \"/var/lib/rancher/k3s/server/manifests/metrics-server/auth-delegator.yaml\""
2025-01-29 13:59:54,749 INFO c.h.h.t.OperatorHelmChartContainer - [K3S] [event.go:389] "Event occurred" object="kube-system/auth-delegator" fieldPath="" kind="Addon" apiVersion="k3s.cattle.io/v1" type="Normal" reason="AppliedManifest" message="Applied manifest at \"/var/lib/rancher/k3s/server/manifests/metrics-server/auth-delegator.yaml\""
2025-01-29 13:59:54,754 INFO c.h.h.t.OperatorHelmChartContainer - [K3S] [event.go:389] "Event occurred" object="kube-system/auth-reader" fieldPath="" kind="Addon" apiVersion="k3s.cattle.io/v1" type="Normal" reason="ApplyingManifest" message="Applying manifest at \"/var/lib/rancher/k3s/server/manifests/metrics-server/auth-reader.yaml\""
2025-01-29 13:59:54,758 INFO c.h.h.t.OperatorHelmChartContainer - [K3S] [event.go:389] "Event occurred" object="kube-system/auth-reader" fieldPath="" kind="Addon" apiVersion="k3s.cattle.io/v1" type="Normal" reason="AppliedManifest" message="Applied manifest at \"/var/lib/rancher/k3s/server/manifests/metrics-server/auth-reader.yaml\""
2025-01-29 13:59:54,764 INFO c.h.h.t.OperatorHelmChartContainer - [K3S] [event.go:389] "Event occurred" object="kube-system/metrics-apiservice" fieldPath="" kind="Addon" apiVersion="k3s.cattle.io/v1" type="Normal" reason="ApplyingManifest" message="Applying manifest at \"/var/lib/rancher/k3s/server/manifests/metrics-server/metrics-apiservice.yaml\""
2025-01-29 13:59:54,774 INFO c.h.h.t.OperatorHelmChartContainer - [K3S] [event.go:389] "Event occurred" object="kube-system/metrics-apiservice" fieldPath="" kind="Addon" apiVersion="k3s.cattle.io/v1" type="Normal" reason="AppliedManifest" message="Applied manifest at \"/var/lib/rancher/k3s/server/manifests/metrics-server/metrics-apiservice.yaml\""
2025-01-29 13:59:54,779 INFO c.h.h.t.OperatorHelmChartContainer - [K3S] [handler_proxy.go:99] no RequestInfo found in the context
2025-01-29 13:59:54,779 INFO c.h.h.t.OperatorHelmChartContainer - [K3S] [controller.go:146] "Unhandled Error" err=<
2025-01-29 13:59:54,779 INFO c.h.h.t.OperatorHelmChartContainer - [K3S] 	, Header: map[Content-Type:[text/plain; charset=utf-8] X-Content-Type-Options:[nosniff]]
2025-01-29 13:59:54,779 INFO c.h.h.t.OperatorHelmChartContainer - [K3S]  >
2025-01-29 13:59:54,780 INFO c.h.h.t.OperatorHelmChartContainer - [K3S] [handler_proxy.go:143] error resolving kube-system/metrics-server: service "metrics-server" not found
2025-01-29 13:59:54,782 INFO c.h.h.t.OperatorHelmChartContainer - [K3S] [event.go:389] "Event occurred" object="kube-system/metrics-server-deployment" fieldPath="" kind="Addon" apiVersion="k3s.cattle.io/v1" type="Normal" reason="ApplyingManifest" message="Applying manifest at \"/var/lib/rancher/k3s/server/manifests/metrics-server/metrics-server-deployment.yaml\""
2025-01-29 13:59:54,803 INFO c.h.h.t.OperatorHelmChartContainer - [K3S] [event.go:389] "Event occurred" object="kube-system/metrics-server-deployment" fieldPath="" kind="Addon" apiVersion="k3s.cattle.io/v1" type="Normal" reason="AppliedManifest" message="Applied manifest at \"/var/lib/rancher/k3s/server/manifests/metrics-server/metrics-server-deployment.yaml\""
2025-01-29 13:59:54,804 INFO c.h.h.t.OperatorHelmChartContainer - [K3S] [controllermanager.go:765] "Started controller" controller="validatingadmissionpolicy-status-controller"
2025-01-29 13:59:54,805 INFO c.h.h.t.OperatorHelmChartContainer - [K3S] [controllermanager.go:717] "Controller is disabled by a feature gate" controller="service-cidr-controller" requiredFeatureGates=["MultiCIDRServiceAllocator"]
2025-01-29 13:59:54,812 INFO c.h.h.t.OperatorHelmChartContainer - [K3S] [event.go:389] "Event occurred" object="kube-system/metrics-server-service" fieldPath="" kind="Addon" apiVersion="k3s.cattle.io/v1" type="Normal" reason="ApplyingManifest" message="Applying manifest at \"/var/lib/rancher/k3s/server/manifests/metrics-server/metrics-server-service.yaml\""
2025-01-29 13:59:54,817 INFO c.h.h.t.OperatorHelmChartContainer - [K3S] [alloc.go:330] "allocated clusterIPs" service="kube-system/metrics-server" clusterIPs={"IPv4":"10.43.60.78"}
2025-01-29 13:59:54,817 INFO c.h.h.t.OperatorHelmChartContainer - [K3S] [event.go:389] "Event occurred" object="kube-system/metrics-server-service" fieldPath="" kind="Addon" apiVersion="k3s.cattle.io/v1" type="Normal" reason="AppliedManifest" message="Applied manifest at \"/var/lib/rancher/k3s/server/manifests/metrics-server/metrics-server-service.yaml\""
2025-01-29 13:59:54,822 INFO c.h.h.t.OperatorHelmChartContainer - [K3S] [handler_proxy.go:99] no RequestInfo found in the context
2025-01-29 13:59:54,822 INFO c.h.h.t.OperatorHelmChartContainer - [K3S] [controller.go:146] "Unhandled Error" err=<
2025-01-29 13:59:54,822 INFO c.h.h.t.OperatorHelmChartContainer - [K3S] 	, Header: map[Content-Type:[text/plain; charset=utf-8] X-Content-Type-Options:[nosniff]]
2025-01-29 13:59:54,822 INFO c.h.h.t.OperatorHelmChartContainer - [K3S]  >
2025-01-29 13:59:54,823 INFO c.h.h.t.OperatorHelmChartContainer - [K3S] [handler_proxy.go:143] error resolving kube-system/metrics-server: endpoints "metrics-server" not found
2025-01-29 13:59:54,826 INFO c.h.h.t.OperatorHelmChartContainer - [K3S] [event.go:389] "Event occurred" object="kube-system/resource-reader" fieldPath="" kind="Addon" apiVersion="k3s.cattle.io/v1" type="Normal" reason="ApplyingManifest" message="Applying manifest at \"/var/lib/rancher/k3s/server/manifests/metrics-server/resource-reader.yaml\""
2025-01-29 13:59:54,850 INFO c.h.h.t.OperatorHelmChartContainer - [K3S] [event.go:389] "Event occurred" object="kube-system/resource-reader" fieldPath="" kind="Addon" apiVersion="k3s.cattle.io/v1" type="Normal" reason="AppliedManifest" message="Applied manifest at \"/var/lib/rancher/k3s/server/manifests/metrics-server/resource-reader.yaml\""
2025-01-29 13:59:54,855 INFO c.h.h.t.OperatorHelmChartContainer - [K3S] [event.go:389] "Event occurred" object="kube-system/rolebindings" fieldPath="" kind="Addon" apiVersion="k3s.cattle.io/v1" type="Normal" reason="ApplyingManifest" message="Applying manifest at \"/var/lib/rancher/k3s/server/manifests/rolebindings.yaml\""
2025-01-29 13:59:54,954 INFO c.h.h.t.OperatorHelmChartContainer - [K3S] [controllermanager.go:765] "Started controller" controller="serviceaccount-controller"
2025-01-29 13:59:54,954 INFO c.h.h.t.OperatorHelmChartContainer - [K3S] [serviceaccounts_controller.go:114] "Starting service account controller"
2025-01-29 13:59:54,962 INFO c.h.h.t.OperatorHelmChartContainer - [K3S] [event.go:389] "Event occurred" object="kube-system/rolebindings" fieldPath="" kind="Addon" apiVersion="k3s.cattle.io/v1" type="Normal" reason="AppliedManifest" message="Applied manifest at \"/var/lib/rancher/k3s/server/manifests/rolebindings.yaml\""
2025-01-29 13:59:54,968 INFO c.h.h.t.OperatorHelmChartContainer - [K3S] [event.go:389] "Event occurred" object="kube-system/runtimes" fieldPath="" kind="Addon" apiVersion="k3s.cattle.io/v1" type="Normal" reason="ApplyingManifest" message="Applying manifest at \"/var/lib/rancher/k3s/server/manifests/runtimes.yaml\""
2025-01-29 13:59:54,992 INFO c.h.h.t.OperatorHelmChartContainer - [K3S] [event.go:389] "Event occurred" object="kube-system/runtimes" fieldPath="" kind="Addon" apiVersion="k3s.cattle.io/v1" type="Normal" reason="AppliedManifest" message="Applied manifest at \"/var/lib/rancher/k3s/server/manifests/runtimes.yaml\""
2025-01-29 13:59:55,105 INFO c.h.h.t.OperatorHelmChartContainer - [K3S] [controllermanager.go:765] "Started controller" controller="replicaset-controller"
2025-01-29 13:59:55,105 INFO c.h.h.t.OperatorHelmChartContainer - [K3S] [replica_set.go:217] "Starting controller" name="replicaset"
2025-01-29 13:59:55,155 INFO c.h.h.t.OperatorHelmChartContainer - [K3S] [certificate_controller.go:120] "Starting certificate controller" name="csrsigning-kubelet-serving"
2025-01-29 13:59:55,155 INFO c.h.h.t.OperatorHelmChartContainer - [K3S] [dynamic_serving_content.go:135] "Starting controller" name="csr-controller::/var/lib/rancher/k3s/server/tls/server-ca.nochain.crt::/var/lib/rancher/k3s/server/tls/server-ca.key"
2025-01-29 13:59:55,155 INFO c.h.h.t.OperatorHelmChartContainer - [K3S] [certificate_controller.go:120] "Starting certificate controller" name="csrsigning-kubelet-client"
2025-01-29 13:59:55,155 INFO c.h.h.t.OperatorHelmChartContainer - [K3S] [dynamic_serving_content.go:135] "Starting controller" name="csr-controller::/var/lib/rancher/k3s/server/tls/client-ca.nochain.crt::/var/lib/rancher/k3s/server/tls/client-ca.key"
2025-01-29 13:59:55,155 INFO c.h.h.t.OperatorHelmChartContainer - [K3S] [certificate_controller.go:120] "Starting certificate controller" name="csrsigning-kube-apiserver-client"
2025-01-29 13:59:55,155 INFO c.h.h.t.OperatorHelmChartContainer - [K3S] [dynamic_serving_content.go:135] "Starting controller" name="csr-controller::/var/lib/rancher/k3s/server/tls/client-ca.nochain.crt::/var/lib/rancher/k3s/server/tls/client-ca.key"
2025-01-29 13:59:55,155 INFO c.h.h.t.OperatorHelmChartContainer - [K3S] [controllermanager.go:765] "Started controller" controller="certificatesigningrequest-signing-controller"
2025-01-29 13:59:55,155 INFO c.h.h.t.OperatorHelmChartContainer - [K3S] [controllermanager.go:717] "Controller is disabled by a feature gate" controller="kube-apiserver-serving-clustertrustbundle-publisher-controller" requiredFeatureGates=["ClusterTrustBundle"]
2025-01-29 13:59:55,155 INFO c.h.h.t.OperatorHelmChartContainer - [K3S] [controllermanager.go:717] "Controller is disabled by a feature gate" controller="selinux-warning-controller" requiredFeatureGates=["SELinuxChangePolicy"]
2025-01-29 13:59:55,155 INFO c.h.h.t.OperatorHelmChartContainer - [K3S] [certificate_controller.go:120] "Starting certificate controller" name="csrsigning-legacy-unknown"
2025-01-29 13:59:55,155 INFO c.h.h.t.OperatorHelmChartContainer - [K3S] [dynamic_serving_content.go:135] "Starting controller" name="csr-controller::/var/lib/rancher/k3s/server/tls/server-ca.nochain.crt::/var/lib/rancher/k3s/server/tls/server-ca.key"
2025-01-29 13:59:55,305 INFO c.h.h.t.OperatorHelmChartContainer - [K3S] [controllermanager.go:765] "Started controller" controller="root-ca-certificate-publisher-controller"
2025-01-29 13:59:55,305 INFO c.h.h.t.OperatorHelmChartContainer - [K3S] [publisher.go:107] "Starting root CA cert publisher controller"
2025-01-29 13:59:55,454 INFO c.h.h.t.OperatorHelmChartContainer - [K3S] [controllermanager.go:765] "Started controller" controller="ephemeral-volume-controller"
2025-01-29 13:59:55,454 INFO c.h.h.t.OperatorHelmChartContainer - [K3S] [controller.go:173] "Starting ephemeral volume controller"
2025-01-29 13:59:55,458 INFO c.h.h.t.OperatorHelmChartContainer - [K3S] [INFO] Tunnel authorizer set Kubelet Port 0.0.0.0:10250
2025-01-29 13:59:55,573 INFO c.h.h.t.OperatorHelmChartContainer - [K3S] [serving.go:392] Generated self-signed cert in-memory
2025-01-29 13:59:55,605 INFO c.h.h.t.OperatorHelmChartContainer - [K3S] [controllermanager.go:765] "Started controller" controller="pod-garbage-collector-controller"
2025-01-29 13:59:55,605 INFO c.h.h.t.OperatorHelmChartContainer - [K3S] [gc_controller.go:99] "Starting GC controller"
2025-01-29 13:59:55,774 INFO c.h.h.t.OperatorHelmChartContainer - [K3S] [handler_proxy.go:99] no RequestInfo found in the context
2025-01-29 13:59:55,774 INFO c.h.h.t.OperatorHelmChartContainer - [K3S] [handler_proxy.go:99] no RequestInfo found in the context
2025-01-29 13:59:55,774 INFO c.h.h.t.OperatorHelmChartContainer - [K3S] [controller.go:102] "Unhandled Error" err=<
2025-01-29 13:59:55,774 INFO c.h.h.t.OperatorHelmChartContainer - [K3S] 	, Header: map[Content-Type:[text/plain; charset=utf-8] X-Content-Type-Options:[nosniff]]
2025-01-29 13:59:55,774 INFO c.h.h.t.OperatorHelmChartContainer - [K3S]  >
2025-01-29 13:59:55,804 INFO c.h.h.t.OperatorHelmChartContainer - [K3S] [controllermanager.go:765] "Started controller" controller="disruption-controller"
2025-01-29 13:59:55,804 INFO c.h.h.t.OperatorHelmChartContainer - [K3S] [disruption.go:452] "Sending events to api server."
2025-01-29 13:59:55,804 INFO c.h.h.t.OperatorHelmChartContainer - [K3S] [disruption.go:463] "Starting disruption controller"
2025-01-29 13:59:55,861 INFO c.h.h.t.OperatorHelmChartContainer - [K3S] [serving.go:392] Generated self-signed cert in-memory
2025-01-29 13:59:55,955 INFO c.h.h.t.OperatorHelmChartContainer - [K3S] [controllermanager.go:765] "Started controller" controller="ttl-controller"
2025-01-29 13:59:55,955 INFO c.h.h.t.OperatorHelmChartContainer - [K3S] [ttl_controller.go:127] "Starting TTL controller"
2025-01-29 13:59:56,005 INFO c.h.h.t.OperatorHelmChartContainer - [K3S] [node_lifecycle_controller.go:432] "Controller will reconcile labels"
2025-01-29 13:59:56,005 INFO c.h.h.t.OperatorHelmChartContainer - [K3S] [controllermanager.go:765] "Started controller" controller="node-lifecycle-controller"
2025-01-29 13:59:56,005 INFO c.h.h.t.OperatorHelmChartContainer - [K3S] [node_lifecycle_controller.go:466] "Sending events to api server"
2025-01-29 13:59:56,005 INFO c.h.h.t.OperatorHelmChartContainer - [K3S] [node_lifecycle_controller.go:477] "Starting node controller"
2025-01-29 13:59:56,162 INFO c.h.h.t.OperatorHelmChartContainer - [K3S] [controllermanager.go:765] "Started controller" controller="persistentvolume-attach-detach-controller"
2025-01-29 13:59:56,162 INFO c.h.h.t.OperatorHelmChartContainer - [K3S] [attach_detach_controller.go:338] "Starting attach detach controller"
2025-01-29 13:59:56,176 INFO c.h.h.t.OperatorHelmChartContainer - [K3S] [controllermanager.go:160] Version: v1.32.1+k3s1
2025-01-29 13:59:56,179 INFO c.h.h.t.OperatorHelmChartContainer - [K3S] [requestheader_controller.go:180] Starting RequestHeaderAuthRequestController
2025-01-29 13:59:56,179 INFO c.h.h.t.OperatorHelmChartContainer - [K3S] [configmap_cafile_content.go:205] "Starting controller" name="client-ca::kube-system::extension-apiserver-authentication::requestheader-client-ca-file"
2025-01-29 13:59:56,179 INFO c.h.h.t.OperatorHelmChartContainer - [K3S] [configmap_cafile_content.go:205] "Starting controller" name="client-ca::kube-system::extension-apiserver-authentication::client-ca-file"
2025-01-29 13:59:56,179 INFO c.h.h.t.OperatorHelmChartContainer - [K3S] [secure_serving.go:213] Serving securely on 127.0.0.1:10258
2025-01-29 13:59:56,179 INFO c.h.h.t.OperatorHelmChartContainer - [K3S] [tlsconfig.go:243] "Starting DynamicServingCertificateController"
2025-01-29 13:59:56,183 INFO c.h.h.t.OperatorHelmChartContainer - [K3S] [INFO] Creating service-lb-controller event broadcaster
2025-01-29 13:59:56,297 INFO c.h.h.t.OperatorHelmChartContainer - [K3S] [INFO] Starting /v1, Kind=Node controller
2025-01-29 13:59:56,299 INFO c.h.h.t.OperatorHelmChartContainer - [K3S] [INFO] Starting /v1, Kind=Pod controller
2025-01-29 13:59:56,302 INFO c.h.h.t.OperatorHelmChartContainer - [K3S] [INFO] Starting apps/v1, Kind=DaemonSet controller
2025-01-29 13:59:56,304 INFO c.h.h.t.OperatorHelmChartContainer - [K3S] [controllermanager.go:765] "Started controller" controller="persistentvolume-protection-controller"
2025-01-29 13:59:56,304 INFO c.h.h.t.OperatorHelmChartContainer - [K3S] [pv_protection_controller.go:81] "Starting PV protection controller"
2025-01-29 13:59:56,306 INFO c.h.h.t.OperatorHelmChartContainer - [K3S] [INFO] Starting discovery.k8s.io/v1, Kind=EndpointSlice controller
2025-01-29 13:59:56,307 INFO c.h.h.t.OperatorHelmChartContainer - [K3S] [controllermanager.go:329] Started "service-lb-controller"
2025-01-29 13:59:56,307 INFO c.h.h.t.OperatorHelmChartContainer - [K3S] [controllermanager.go:306] "node-route-controller" is disabled
2025-01-29 13:59:56,307 INFO c.h.h.t.OperatorHelmChartContainer - [K3S] [controller.go:234] Starting service controller
2025-01-29 13:59:56,307 INFO c.h.h.t.OperatorHelmChartContainer - [K3S] [controllermanager.go:329] Started "cloud-node-controller"
2025-01-29 13:59:56,307 INFO c.h.h.t.OperatorHelmChartContainer - [K3S] [controllermanager.go:329] Started "cloud-node-lifecycle-controller"
2025-01-29 13:59:56,307 INFO c.h.h.t.OperatorHelmChartContainer - [K3S] [node_controller.go:176] Sending events to api server.
2025-01-29 13:59:56,307 INFO c.h.h.t.OperatorHelmChartContainer - [K3S] [node_controller.go:185] Waiting for informer caches to sync
2025-01-29 13:59:56,307 INFO c.h.h.t.OperatorHelmChartContainer - [K3S] [node_lifecycle_controller.go:112] Sending events to api server
2025-01-29 13:59:56,327 INFO c.h.h.t.OperatorHelmChartContainer - [K3S] [actual_state_of_world.go:541] "Failed to update statusUpdateNeeded field in actual state of world" err="Failed to set statusUpdateNeeded to needed true, because nodeName=\"ac881cdf1fe1\" does not exist"
2025-01-29 13:59:56,345 INFO c.h.h.t.OperatorHelmChartContainer - [K3S] [range_allocator.go:177] "Sending events to api server"
2025-01-29 13:59:56,345 INFO c.h.h.t.OperatorHelmChartContainer - [K3S] [range_allocator.go:183] "Starting range CIDR allocator"
2025-01-29 13:59:56,349 INFO c.h.h.t.OperatorHelmChartContainer - [K3S] [range_allocator.go:428] "Set node PodCIDR" node="ac881cdf1fe1" podCIDRs=["10.42.0.0/24"]
2025-01-29 13:59:56,349 INFO c.h.h.t.OperatorHelmChartContainer - [K3S] [range_allocator.go:247] "Successfully synced" key="ac881cdf1fe1"
2025-01-29 13:59:56,349 INFO c.h.h.t.OperatorHelmChartContainer - [K3S] [INFO] Flannel found PodCIDR assigned for node ac881cdf1fe1
2025-01-29 13:59:56,349 INFO c.h.h.t.OperatorHelmChartContainer - [K3S] [range_allocator.go:247] "Successfully synced" key="ac881cdf1fe1"
2025-01-29 13:59:56,350 INFO c.h.h.t.OperatorHelmChartContainer - [K3S] [INFO] The interface eth0 with ipv4 address 172.17.0.3 will be used by flannel
2025-01-29 13:59:56,351 INFO c.h.h.t.OperatorHelmChartContainer - [K3S] [kube.go:139] Waiting 10m0s for node controller to sync
2025-01-29 13:59:56,352 INFO c.h.h.t.OperatorHelmChartContainer - [K3S] [kube.go:469] Starting kube subnet manager
2025-01-29 13:59:56,352 INFO c.h.h.t.OperatorHelmChartContainer - [K3S] [INFO] Network policy controller waiting for removal of node.cloudprovider.kubernetes.io/uninitialized taint
2025-01-29 13:59:56,354 INFO c.h.h.t.OperatorHelmChartContainer - [K3S] [INFO] Updated coredns NodeHosts entry for ac881cdf1fe1
2025-01-29 13:59:56,406 INFO c.h.h.t.OperatorHelmChartContainer - [K3S] [node_lifecycle_controller.go:1234] "Initializing eviction metric for zone" zone=""
2025-01-29 13:59:56,406 INFO c.h.h.t.OperatorHelmChartContainer - [K3S] [node_lifecycle_controller.go:886] "Missing timestamp for Node. Assuming now as a timestamp" node="ac881cdf1fe1"
2025-01-29 13:59:56,406 INFO c.h.h.t.OperatorHelmChartContainer - [K3S] [node_lifecycle_controller.go:1080] "Controller detected that zone is now in new state" zone="" newState="Normal"
2025-01-29 13:59:56,408 INFO c.h.h.t.OperatorHelmChartContainer - [K3S] [node_controller.go:429] Initializing node ac881cdf1fe1 with cloud provider
2025-01-29 13:59:56,412 INFO c.h.h.t.OperatorHelmChartContainer - [K3S] [range_allocator.go:247] "Successfully synced" key="ac881cdf1fe1"
2025-01-29 13:59:56,457 INFO c.h.h.t.OperatorHelmChartContainer - [K3S] [INFO] Started tunnel to 172.17.0.3:6443
2025-01-29 13:59:56,457 INFO c.h.h.t.OperatorHelmChartContainer - [K3S] [INFO] Stopped tunnel to 127.0.0.1:6443
2025-01-29 13:59:56,458 INFO c.h.h.t.OperatorHelmChartContainer - [K3S] [INFO] Connecting to proxy" url="wss://172.17.0.3:6443/v1-k3s/connect
2025-01-29 13:59:56,458 INFO c.h.h.t.OperatorHelmChartContainer - [K3S] [INFO] Proxy done" err="context canceled" url="wss://127.0.0.1:6443/v1-k3s/connect
2025-01-29 13:59:56,458 INFO c.h.h.t.OperatorHelmChartContainer - [K3S] [INFO] error in remotedialer server [400]: websocket: close 1006 (abnormal closure): unexpected EOF
2025-01-29 13:59:56,459 INFO c.h.h.t.OperatorHelmChartContainer - [K3S] [INFO] Handling backend connection request [ac881cdf1fe1]
2025-01-29 13:59:56,460 INFO c.h.h.t.OperatorHelmChartContainer - [K3S] [INFO] Remotedialer connected to proxy" url="wss://172.17.0.3:6443/v1-k3s/connect
2025-01-29 13:59:56,471 INFO c.h.h.t.OperatorHelmChartContainer - [K3S] [node_controller.go:474] Successfully initialized node ac881cdf1fe1 with cloud provider
2025-01-29 13:59:56,471 INFO c.h.h.t.OperatorHelmChartContainer - [K3S] [node_controller.go:429] Initializing node ac881cdf1fe1 with cloud provider
2025-01-29 13:59:56,471 INFO c.h.h.t.OperatorHelmChartContainer - [K3S] [event.go:389] "Event occurred" object="ac881cdf1fe1" fieldPath="" kind="Node" apiVersion="v1" type="Normal" reason="Synced" message="Node synced successfully"
2025-01-29 13:59:56,474 INFO c.h.h.t.OperatorHelmChartContainer - [K3S] [range_allocator.go:247] "Successfully synced" key="ac881cdf1fe1"
2025-01-29 13:59:56,554 INFO c.h.h.t.OperatorHelmChartContainer - [K3S] [node_controller.go:474] Successfully initialized node ac881cdf1fe1 with cloud provider
2025-01-29 13:59:56,554 INFO c.h.h.t.OperatorHelmChartContainer - [K3S] [event.go:389] "Event occurred" object="ac881cdf1fe1" fieldPath="" kind="Node" apiVersion="v1" type="Normal" reason="Synced" message="Node synced successfully"
2025-01-29 13:59:56,922 INFO c.h.h.t.OperatorHelmChartContainer - [K3S] [serving.go:392] Generated self-signed cert in-memory
2025-01-29 13:59:57,012 INFO c.h.h.t.OperatorHelmChartContainer - [K3S] [range_allocator.go:247] "Successfully synced" key="ac881cdf1fe1"
2025-01-29 13:59:57,109 INFO c.h.h.t.OperatorHelmChartContainer - [K3S] [server.go:164] "Starting Kubernetes Scheduler" version="v1.32.1+k3s1"
2025-01-29 13:59:57,110 INFO c.h.h.t.OperatorHelmChartContainer - [K3S] [server.go:166] "Golang settings" GOGC="" GOMAXPROCS="" GOTRACEBACK=""
2025-01-29 13:59:57,115 INFO c.h.h.t.OperatorHelmChartContainer - [K3S] [handler_proxy.go:99] no RequestInfo found in the context
2025-01-29 13:59:57,115 INFO c.h.h.t.OperatorHelmChartContainer - [K3S] [controller.go:146] "Unhandled Error" err=<
2025-01-29 13:59:57,115 INFO c.h.h.t.OperatorHelmChartContainer - [K3S] 	, Header: map[Content-Type:[text/plain; charset=utf-8] X-Content-Type-Options:[nosniff]]
2025-01-29 13:59:57,115 INFO c.h.h.t.OperatorHelmChartContainer - [K3S]  >
2025-01-29 13:59:57,115 INFO c.h.h.t.OperatorHelmChartContainer - [K3S] [requestheader_controller.go:180] Starting RequestHeaderAuthRequestController
2025-01-29 13:59:57,116 INFO c.h.h.t.OperatorHelmChartContainer - [K3S] [configmap_cafile_content.go:205] "Starting controller" name="client-ca::kube-system::extension-apiserver-authentication::requestheader-client-ca-file"
2025-01-29 13:59:57,116 INFO c.h.h.t.OperatorHelmChartContainer - [K3S] [secure_serving.go:213] Serving securely on 127.0.0.1:10259
2025-01-29 13:59:57,116 INFO c.h.h.t.OperatorHelmChartContainer - [K3S] [configmap_cafile_content.go:205] "Starting controller" name="client-ca::kube-system::extension-apiserver-authentication::client-ca-file"
2025-01-29 13:59:57,116 INFO c.h.h.t.OperatorHelmChartContainer - [K3S] [tlsconfig.go:243] "Starting DynamicServingCertificateController"
2025-01-29 13:59:57,116 INFO c.h.h.t.OperatorHelmChartContainer - [K3S] [handler_proxy.go:143] error resolving kube-system/metrics-server: no endpoints available for service "metrics-server"
2025-01-29 13:59:57,226 INFO c.h.h.t.OperatorHelmChartContainer - [K3S] [replica_set.go:679] "Finished syncing" kind="ReplicaSet" key="kube-system/coredns-ff8999cc5" duration="314.915608ms"
2025-01-29 13:59:57,226 INFO c.h.h.t.OperatorHelmChartContainer - [K3S] [replica_set.go:679] "Finished syncing" kind="ReplicaSet" key="kube-system/local-path-provisioner-698b58967b" duration="314.946295ms"
2025-01-29 13:59:57,229 INFO c.h.h.t.OperatorHelmChartContainer - [K3S] [replica_set.go:679] "Finished syncing" kind="ReplicaSet" key="kube-system/metrics-server-8584b5786c" duration="315.421895ms"
2025-01-29 13:59:57,248 INFO c.h.h.t.OperatorHelmChartContainer - [K3S] [replica_set.go:679] "Finished syncing" kind="ReplicaSet" key="kube-system/coredns-ff8999cc5" duration="22.973006ms"
2025-01-29 13:59:57,249 INFO c.h.h.t.OperatorHelmChartContainer - [K3S] [replica_set.go:679] "Finished syncing" kind="ReplicaSet" key="kube-system/coredns-ff8999cc5" duration="34.745µs"
2025-01-29 13:59:57,250 INFO c.h.h.t.OperatorHelmChartContainer - [K3S] [replica_set.go:679] "Finished syncing" kind="ReplicaSet" key="kube-system/local-path-provisioner-698b58967b" duration="24.14892ms"
2025-01-29 13:59:57,250 INFO c.h.h.t.OperatorHelmChartContainer - [K3S] [replica_set.go:679] "Finished syncing" kind="ReplicaSet" key="kube-system/coredns-ff8999cc5" duration="30.016µs"
2025-01-29 13:59:57,251 INFO c.h.h.t.OperatorHelmChartContainer - [K3S] [replica_set.go:679] "Finished syncing" kind="ReplicaSet" key="kube-system/local-path-provisioner-698b58967b" duration="85.389µs"
2025-01-29 13:59:57,258 INFO c.h.h.t.OperatorHelmChartContainer - [K3S] [replica_set.go:679] "Finished syncing" kind="ReplicaSet" key="kube-system/metrics-server-8584b5786c" duration="30.486752ms"
2025-01-29 13:59:57,258 INFO c.h.h.t.OperatorHelmChartContainer - [K3S] [replica_set.go:679] "Finished syncing" kind="ReplicaSet" key="kube-system/metrics-server-8584b5786c" duration="70.261µs"
2025-01-29 13:59:57,262 INFO c.h.h.t.OperatorHelmChartContainer - [K3S] [replica_set.go:679] "Finished syncing" kind="ReplicaSet" key="kube-system/metrics-server-8584b5786c" duration="30.086µs"
2025-01-29 13:59:57,269 INFO c.h.h.t.OperatorHelmChartContainer - [K3S] [replica_set.go:679] "Finished syncing" kind="ReplicaSet" key="kube-system/coredns-ff8999cc5" duration="39.013µs"
2025-01-29 13:59:57,274 INFO c.h.h.t.OperatorHelmChartContainer - [K3S] [replica_set.go:679] "Finished syncing" kind="ReplicaSet" key="kube-system/local-path-provisioner-698b58967b" duration="31.518µs"
2025-01-29 13:59:57,352 INFO c.h.h.t.OperatorHelmChartContainer - [K3S] [kube.go:146] Node controller sync successful
2025-01-29 13:59:57,352 INFO c.h.h.t.OperatorHelmChartContainer - [K3S] [vxlan.go:141] VXLAN config: VNI=1 Port=0 GBP=false Learning=false DirectRouting=false
2025-01-29 13:59:57,354 INFO c.h.h.t.OperatorHelmChartContainer - [K3S] [kube.go:636] List of node(ac881cdf1fe1) annotations: map[string]string{"alpha.kubernetes.io/provided-node-ip":"172.17.0.3", "k3s.io/hostname":"ac881cdf1fe1", "k3s.io/internal-ip":"172.17.0.3", "k3s.io/node-args":"[\"server\",\"--disable\",\"traefik\",\"--tls-san\",\"localhost\"]", "k3s.io/node-config-hash":"JO7YSLDHXFTIIPZLLVI7GVGPULZK5EY6PYXUBKR6RNNG4QMX5FBQ====", "k3s.io/node-env":"{}", "node.alpha.kubernetes.io/ttl":"0", "volumes.kubernetes.io/controller-managed-attach-detach":"true"}
2025-01-29 13:59:57,358 INFO c.h.h.t.OperatorHelmChartContainer - [K3S] [reconciler_common.go:251] "operationExecutor.VerifyControllerAttachedVolume started for volume \"config-volume\" (UniqueName: \"kubernetes.io/configmap/54a6da56-5e9a-45d3-ae04-0e825d83ce51-config-volume\") pod \"coredns-ff8999cc5-2rv9t\" (UID: \"54a6da56-5e9a-45d3-ae04-0e825d83ce51\") " pod="kube-system/coredns-ff8999cc5-2rv9t"
2025-01-29 13:59:57,358 INFO c.h.h.t.OperatorHelmChartContainer - [K3S] [reconciler_common.go:251] "operationExecutor.VerifyControllerAttachedVolume started for volume \"custom-config-volume\" (UniqueName: \"kubernetes.io/configmap/54a6da56-5e9a-45d3-ae04-0e825d83ce51-custom-config-volume\") pod \"coredns-ff8999cc5-2rv9t\" (UID: \"54a6da56-5e9a-45d3-ae04-0e825d83ce51\") " pod="kube-system/coredns-ff8999cc5-2rv9t"
2025-01-29 13:59:57,358 INFO c.h.h.t.OperatorHelmChartContainer - [K3S] [reconciler_common.go:251] "operationExecutor.VerifyControllerAttachedVolume started for volume \"kube-api-access-sffdh\" (UniqueName: \"kubernetes.io/projected/54a6da56-5e9a-45d3-ae04-0e825d83ce51-kube-api-access-sffdh\") pod \"coredns-ff8999cc5-2rv9t\" (UID: \"54a6da56-5e9a-45d3-ae04-0e825d83ce51\") " pod="kube-system/coredns-ff8999cc5-2rv9t"
2025-01-29 13:59:57,358 INFO c.h.h.t.OperatorHelmChartContainer - [K3S] [reconciler_common.go:251] "operationExecutor.VerifyControllerAttachedVolume started for volume \"tmp-dir\" (UniqueName: \"kubernetes.io/empty-dir/463b855c-c684-49a1-bbba-c52ad550d52a-tmp-dir\") pod \"metrics-server-8584b5786c-8g5sk\" (UID: \"463b855c-c684-49a1-bbba-c52ad550d52a\") " pod="kube-system/metrics-server-8584b5786c-8g5sk"
2025-01-29 13:59:57,358 INFO c.h.h.t.OperatorHelmChartContainer - [K3S] [reconciler_common.go:251] "operationExecutor.VerifyControllerAttachedVolume started for volume \"kube-api-access-ng2ns\" (UniqueName: \"kubernetes.io/projected/463b855c-c684-49a1-bbba-c52ad550d52a-kube-api-access-ng2ns\") pod \"metrics-server-8584b5786c-8g5sk\" (UID: \"463b855c-c684-49a1-bbba-c52ad550d52a\") " pod="kube-system/metrics-server-8584b5786c-8g5sk"
2025-01-29 13:59:57,358 INFO c.h.h.t.OperatorHelmChartContainer - [K3S] [reconciler_common.go:251] "operationExecutor.VerifyControllerAttachedVolume started for volume \"config-volume\" (UniqueName: \"kubernetes.io/configmap/035dcd41-f7c8-4e55-b2f1-c487f702adab-config-volume\") pod \"local-path-provisioner-698b58967b-452mj\" (UID: \"035dcd41-f7c8-4e55-b2f1-c487f702adab\") " pod="kube-system/local-path-provisioner-698b58967b-452mj"
2025-01-29 13:59:57,358 INFO c.h.h.t.OperatorHelmChartContainer - [K3S] [reconciler_common.go:251] "operationExecutor.VerifyControllerAttachedVolume started for volume \"kube-api-access-rjx9b\" (UniqueName: \"kubernetes.io/projected/035dcd41-f7c8-4e55-b2f1-c487f702adab-kube-api-access-rjx9b\") pod \"local-path-provisioner-698b58967b-452mj\" (UID: \"035dcd41-f7c8-4e55-b2f1-c487f702adab\") " pod="kube-system/local-path-provisioner-698b58967b-452mj"
2025-01-29 13:59:57,360 INFO c.h.h.t.OperatorHelmChartContainer - [K3S] [kube.go:490] Creating the node lease for IPv4. This is the n.Spec.PodCIDRs: [10.42.0.0/24]
2025-01-29 13:59:57,360 INFO c.h.h.t.OperatorHelmChartContainer - [K3S] [iptables.go:51] Starting flannel in iptables mode...
2025-01-29 13:59:57,361 INFO c.h.h.t.OperatorHelmChartContainer - [K3S] [WARNING] no subnet found for key: FLANNEL_NETWORK in file: /run/flannel/subnet.env
2025-01-29 13:59:57,361 INFO c.h.h.t.OperatorHelmChartContainer - [K3S] [WARNING] no subnet found for key: FLANNEL_SUBNET in file: /run/flannel/subnet.env
2025-01-29 13:59:57,361 INFO c.h.h.t.OperatorHelmChartContainer - [K3S] [WARNING] no subnet found for key: FLANNEL_IPV6_NETWORK in file: /run/flannel/subnet.env
2025-01-29 13:59:57,361 INFO c.h.h.t.OperatorHelmChartContainer - [K3S] [WARNING] no subnet found for key: FLANNEL_IPV6_SUBNET in file: /run/flannel/subnet.env
2025-01-29 13:59:57,361 INFO c.h.h.t.OperatorHelmChartContainer - [K3S] [iptables.go:115] Current network or subnet (10.42.0.0/16, 10.42.0.0/24) is not equal to previous one (0.0.0.0/0, 0.0.0.0/0), trying to recycle old iptables rules
2025-01-29 13:59:57,361 INFO c.h.h.t.OperatorHelmChartContainer - [K3S] [range_allocator.go:247] "Successfully synced" key="ac881cdf1fe1"
2025-01-29 13:59:57,367 INFO c.h.h.t.OperatorHelmChartContainer - [K3S] [iptables.go:125] Setting up masking rules
2025-01-29 13:59:57,369 INFO c.h.h.t.OperatorHelmChartContainer - [K3S] [iptables.go:226] Changing default FORWARD chain policy to ACCEPT
2025-01-29 13:59:57,371 INFO c.h.h.t.OperatorHelmChartContainer - [K3S] [INFO] Wrote flannel subnet file to /run/flannel/subnet.env
2025-01-29 13:59:57,371 INFO c.h.h.t.OperatorHelmChartContainer - [K3S] [INFO] Running flannel backend.
2025-01-29 13:59:57,371 INFO c.h.h.t.OperatorHelmChartContainer - [K3S] [vxlan_network.go:65] watching for new subnet leases
2025-01-29 13:59:57,378 INFO c.h.h.t.OperatorHelmChartContainer - [K3S] [iptables.go:372] bootstrap done
2025-01-29 13:59:57,384 INFO c.h.h.t.OperatorHelmChartContainer - [K3S] [iptables.go:372] bootstrap done
2025-01-29 13:59:58,115 INFO c.h.h.t.OperatorHelmChartContainer - [K3S] [handler_proxy.go:99] no RequestInfo found in the context
2025-01-29 13:59:58,115 INFO c.h.h.t.OperatorHelmChartContainer - [K3S] [handler_proxy.go:99] no RequestInfo found in the context
2025-01-29 13:59:58,115 INFO c.h.h.t.OperatorHelmChartContainer - [K3S] [controller.go:102] "Unhandled Error" err=<
2025-01-29 13:59:58,115 INFO c.h.h.t.OperatorHelmChartContainer - [K3S] 	, Header: map[Content-Type:[text/plain; charset=utf-8] X-Content-Type-Options:[nosniff]]
2025-01-29 13:59:58,115 INFO c.h.h.t.OperatorHelmChartContainer - [K3S]  >
2025-01-29 13:59:58,458 INFO c.h.h.t.OperatorHelmChartContainer - [K3S] [INFO] Starting network policy controller version v2.2.1, built on 2025-01-28T18:27:08Z, go1.23.4
2025-01-29 13:59:58,458 INFO c.h.h.t.OperatorHelmChartContainer - [K3S] [network_policy_controller.go:164] Starting network policy controller
2025-01-29 13:59:58,486 INFO c.h.h.t.OperatorHelmChartContainer - [K3S] [network_policy_controller.go:176] Starting network policy controller full sync goroutine
2025-01-29 14:00:00,965 INFO c.h.h.t.OperatorHelmChartContainer - [K3S] [kuberuntime_manager.go:1702] "Updating runtime config through cri with podcidr" CIDR="10.42.0.0/24"
2025-01-29 14:00:00,966 INFO c.h.h.t.OperatorHelmChartContainer - [K3S] [kubelet_network.go:61] "Updating Pod CIDR" originalPodCIDR="" newPodCIDR="10.42.0.0/24"
2025-01-29 14:00:00,977 INFO c.h.h.t.OperatorHelmChartContainer - [K3S] [range_allocator.go:247] "Successfully synced" key="ac881cdf1fe1"
2025-01-29 14:00:02,549 INFO c.h.h.t.OperatorHelmChartContainer - [K3S] [replica_set.go:679] "Finished syncing" kind="ReplicaSet" key="kube-system/coredns-ff8999cc5" duration="60.513µs"
2025-01-29 14:00:02,562 INFO c.h.h.t.OperatorHelmChartContainer - [K3S] [replica_set.go:679] "Finished syncing" kind="ReplicaSet" key="kube-system/metrics-server-8584b5786c" duration="34.224µs"
2025-01-29 14:00:02,581 INFO c.h.h.t.OperatorHelmChartContainer - [K3S] [replica_set.go:679] "Finished syncing" kind="ReplicaSet" key="kube-system/coredns-ff8999cc5" duration="8.306618ms"
2025-01-29 14:00:02,583 INFO c.h.h.t.OperatorHelmChartContainer - [K3S] [replica_set.go:679] "Finished syncing" kind="ReplicaSet" key="kube-system/coredns-ff8999cc5" duration="69.559µs"
2025-01-29 14:00:02,592 INFO c.h.h.t.OperatorHelmChartContainer - [K3S] [replica_set.go:679] "Finished syncing" kind="ReplicaSet" key="kube-system/local-path-provisioner-698b58967b" duration="6.465497ms"
2025-01-29 14:00:02,592 INFO c.h.h.t.OperatorHelmChartContainer - [K3S] [replica_set.go:679] "Finished syncing" kind="ReplicaSet" key="kube-system/local-path-provisioner-698b58967b" duration="27.983µs"
2025-01-29 14:00:18,271 INFO c.h.h.t.OperatorHelmChartContainer - [K3S] [job_controller.go:598] "enqueueing job" key="default/local-hivemq-hivemq-operator-admission-create" delay="0s"
2025-01-29 14:00:18,283 INFO c.h.h.t.OperatorHelmChartContainer - [K3S] [job_controller.go:598] "enqueueing job" key="default/local-hivemq-hivemq-operator-admission-create" delay="1s"
2025-01-29 14:00:18,289 INFO c.h.h.t.OperatorHelmChartContainer - [K3S] [job_controller.go:598] "enqueueing job" key="default/local-hivemq-hivemq-operator-admission-create" delay="1s"
2025-01-29 14:00:18,290 INFO c.h.h.t.OperatorHelmChartContainer - [K3S] [job_controller.go:598] "enqueueing job" key="default/local-hivemq-hivemq-operator-admission-create" delay="1s"
2025-01-29 14:00:18,295 INFO c.h.h.t.OperatorHelmChartContainer - [K3S] [job_controller.go:598] "enqueueing job" key="default/local-hivemq-hivemq-operator-admission-create" delay="1s"
2025-01-29 14:00:18,391 INFO c.h.h.t.OperatorHelmChartContainer - [K3S] [reconciler_common.go:251] "operationExecutor.VerifyControllerAttachedVolume started for volume \"kube-api-access-brm85\" (UniqueName: \"kubernetes.io/projected/2f293a00-1a53-4d92-b5be-46094dcced42-kube-api-access-brm85\") pod \"local-hivemq-hivemq-operator-admission-create-rm7qr\" (UID: \"2f293a00-1a53-4d92-b5be-46094dcced42\") " pod="default/local-hivemq-hivemq-operator-admission-create-rm7qr"
2025-01-29 14:00:18,565 INFO c.h.h.t.OperatorHelmChartContainer - [K3S] [replica_set.go:679] "Finished syncing" kind="ReplicaSet" key="kube-system/metrics-server-8584b5786c" duration="6.552736ms"
2025-01-29 14:00:18,565 INFO c.h.h.t.OperatorHelmChartContainer - [K3S] [replica_set.go:679] "Finished syncing" kind="ReplicaSet" key="kube-system/metrics-server-8584b5786c" duration="41.447µs"
2025-01-29 14:00:20,580 INFO c.h.h.t.OperatorHelmChartContainer - [K3S] [job_controller.go:598] "enqueueing job" key="default/local-hivemq-hivemq-operator-admission-create" delay="1s"
2025-01-29 14:00:21,268 INFO c.h.h.t.OperatorHelmChartContainer - [K3S] [range_allocator.go:247] "Successfully synced" key="ac881cdf1fe1"
2025-01-29 14:00:21,584 INFO c.h.h.t.OperatorHelmChartContainer - [K3S] [job_controller.go:598] "enqueueing job" key="default/local-hivemq-hivemq-operator-admission-create" delay="1s"
2025-01-29 14:00:22,583 INFO c.h.h.t.OperatorHelmChartContainer - [K3S] [job_controller.go:598] "enqueueing job" key="default/local-hivemq-hivemq-operator-admission-create" delay="1s"
2025-01-29 14:00:22,588 INFO c.h.h.t.OperatorHelmChartContainer - [K3S] [job_controller.go:598] "enqueueing job" key="default/local-hivemq-hivemq-operator-admission-create" delay="1s"
2025-01-29 14:00:23,659 INFO c.h.h.t.OperatorHelmChartContainer - [K3S] [job_controller.go:598] "enqueueing job" key="default/local-hivemq-hivemq-operator-admission-create" delay="1s"
2025-01-29 14:00:23,724 INFO c.h.h.t.OperatorHelmChartContainer - [K3S] [reconciler_common.go:162] "operationExecutor.UnmountVolume started for volume \"kube-api-access-brm85\" (UniqueName: \"kubernetes.io/projected/2f293a00-1a53-4d92-b5be-46094dcced42-kube-api-access-brm85\") pod \"2f293a00-1a53-4d92-b5be-46094dcced42\" (UID: \"2f293a00-1a53-4d92-b5be-46094dcced42\") "
2025-01-29 14:00:23,825 INFO c.h.h.t.OperatorHelmChartContainer - [K3S] [reconciler_common.go:299] "Volume detached for volume \"kube-api-access-brm85\" (UniqueName: \"kubernetes.io/projected/2f293a00-1a53-4d92-b5be-46094dcced42-kube-api-access-brm85\") on node \"ac881cdf1fe1\" DevicePath \"\""
2025-01-29 14:00:24,580 INFO c.h.h.t.OperatorHelmChartContainer - [K3S] [pod_container_deletor.go:80] "Container not found in pod's containers" containerID="5e358da3f073c5ed01b3a5603450f40509e732b936fe7f87dab18806ecfc0641"
2025-01-29 14:00:24,663 INFO c.h.h.t.OperatorHelmChartContainer - [K3S] [job_controller.go:598] "enqueueing job" key="default/local-hivemq-hivemq-operator-admission-create" delay="1s"
2025-01-29 14:00:24,667 INFO c.h.h.t.OperatorHelmChartContainer - [K3S] [job_controller.go:598] "enqueueing job" key="default/local-hivemq-hivemq-operator-admission-create" delay="1s"
2025-01-29 14:00:24,678 INFO c.h.h.t.OperatorHelmChartContainer - [K3S] [job_controller.go:598] "enqueueing job" key="default/local-hivemq-hivemq-operator-admission-create" delay="0s"
2025-01-29 14:00:24,739 INFO c.h.h.t.OperatorHelmChartContainer - [K3S] [alloc.go:330] "allocated clusterIPs" service="default/local-hivemq-hivemq-operator-operator" clusterIPs={"IPv4":"10.43.6.23"}
2025-01-29 14:00:24,772 INFO c.h.h.t.OperatorHelmChartContainer - [K3S] [memory_manager.go:355] "RemoveStaleState removing state" podUID="2f293a00-1a53-4d92-b5be-46094dcced42" containerName="create"
2025-01-29 14:00:24,775 INFO c.h.h.t.OperatorHelmChartContainer - [K3S] [replica_set.go:679] "Finished syncing" kind="ReplicaSet" key="default/local-hivemq-hivemq-operator-operator-584dd565df" duration="17.350699ms"
2025-01-29 14:00:24,802 INFO c.h.h.t.OperatorHelmChartContainer - [K3S] [replica_set.go:679] "Finished syncing" kind="ReplicaSet" key="default/local-hivemq-hivemq-operator-operator-584dd565df" duration="26.309592ms"
2025-01-29 14:00:24,802 INFO c.h.h.t.OperatorHelmChartContainer - [K3S] [replica_set.go:679] "Finished syncing" kind="ReplicaSet" key="default/local-hivemq-hivemq-operator-operator-584dd565df" duration="98.805µs"
2025-01-29 14:00:24,843 INFO c.h.h.t.OperatorHelmChartContainer - [K3S] [reconciler_common.go:251] "operationExecutor.VerifyControllerAttachedVolume started for volume \"ssl-secrets\" (UniqueName: \"kubernetes.io/secret/f3ce8a79-59d5-4bcd-a529-720f259343c6-ssl-secrets\") pod \"local-hivemq-hivemq-operator-operator-584dd565df-5lb2f\" (UID: \"f3ce8a79-59d5-4bcd-a529-720f259343c6\") " pod="default/local-hivemq-hivemq-operator-operator-584dd565df-5lb2f"
2025-01-29 14:00:24,844 INFO c.h.h.t.OperatorHelmChartContainer - [K3S] [reconciler_common.go:251] "operationExecutor.VerifyControllerAttachedVolume started for volume \"kube-api-access-bkf69\" (UniqueName: \"kubernetes.io/projected/f3ce8a79-59d5-4bcd-a529-720f259343c6-kube-api-access-bkf69\") pod \"local-hivemq-hivemq-operator-operator-584dd565df-5lb2f\" (UID: \"f3ce8a79-59d5-4bcd-a529-720f259343c6\") " pod="default/local-hivemq-hivemq-operator-operator-584dd565df-5lb2f"
2025-01-29 14:00:24,846 INFO c.h.h.t.OperatorHelmChartContainer - [K3S] [reconciler_common.go:251] "operationExecutor.VerifyControllerAttachedVolume started for volume \"templates\" (UniqueName: \"kubernetes.io/configmap/f3ce8a79-59d5-4bcd-a529-720f259343c6-templates\") pod \"local-hivemq-hivemq-operator-operator-584dd565df-5lb2f\" (UID: \"f3ce8a79-59d5-4bcd-a529-720f259343c6\") " pod="default/local-hivemq-hivemq-operator-operator-584dd565df-5lb2f"
2025-01-29 14:00:25,604 INFO c.h.h.t.OperatorHelmChartContainer - [K3S] [job_controller.go:598] "enqueueing job" key="default/local-hivemq-hivemq-operator-admission-patch" delay="0s"
2025-01-29 14:00:25,608 INFO c.h.h.t.OperatorHelmChartContainer - [K3S] [job_controller.go:598] "enqueueing job" key="default/local-hivemq-hivemq-operator-admission-patch" delay="1s"
2025-01-29 14:00:25,616 INFO c.h.h.t.OperatorHelmChartContainer - [K3S] [replica_set.go:679] "Finished syncing" kind="ReplicaSet" key="default/local-hivemq-hivemq-operator-operator-584dd565df" duration="11.318586ms"
2025-01-29 14:00:25,617 INFO c.h.h.t.OperatorHelmChartContainer - [K3S] [replica_set.go:679] "Finished syncing" kind="ReplicaSet" key="default/local-hivemq-hivemq-operator-operator-584dd565df" duration="35.776µs"
2025-01-29 14:00:25,619 INFO c.h.h.t.OperatorHelmChartContainer - [K3S] [job_controller.go:598] "enqueueing job" key="default/local-hivemq-hivemq-operator-admission-patch" delay="1s"
2025-01-29 14:00:25,620 INFO c.h.h.t.OperatorHelmChartContainer - [K3S] [job_controller.go:598] "enqueueing job" key="default/local-hivemq-hivemq-operator-admission-patch" delay="1s"
2025-01-29 14:00:25,627 INFO c.h.h.t.OperatorHelmChartContainer - [K3S] [job_controller.go:598] "enqueueing job" key="default/local-hivemq-hivemq-operator-admission-patch" delay="1s"
2025-01-29 14:00:25,744 INFO c.h.h.t.OperatorHelmChartContainer - [K3S] [reconciler_common.go:251] "operationExecutor.VerifyControllerAttachedVolume started for volume \"kube-api-access-vnjzg\" (UniqueName: \"kubernetes.io/projected/b78cfc18-5d45-47bb-a36e-8a4b3c841b05-kube-api-access-vnjzg\") pod \"local-hivemq-hivemq-operator-admission-patch-mfxg2\" (UID: \"b78cfc18-5d45-47bb-a36e-8a4b3c841b05\") " pod="default/local-hivemq-hivemq-operator-admission-patch-mfxg2"
2025-01-29 14:00:26,494 INFO c.h.h.t.OperatorHelmChartContainer - [K3S] [kubelet_volumes.go:163] "Cleaned up orphaned pod volumes dir" podUID="2f293a00-1a53-4d92-b5be-46094dcced42" path="/var/lib/kubelet/pods/2f293a00-1a53-4d92-b5be-46094dcced42/volumes"
2025-01-29 14:00:26,599 INFO c.h.h.t.OperatorHelmChartContainer - [K3S] [job_controller.go:598] "enqueueing job" key="default/local-hivemq-hivemq-operator-admission-patch" delay="1s"
2025-01-29 14:00:27,671 INFO c.h.h.t.OperatorHelmChartContainer - [K3S] [job_controller.go:598] "enqueueing job" key="default/local-hivemq-hivemq-operator-admission-patch" delay="1s"
2025-01-29 14:00:27,758 INFO c.h.h.t.OperatorHelmChartContainer - [K3S] [reconciler_common.go:162] "operationExecutor.UnmountVolume started for volume \"kube-api-access-vnjzg\" (UniqueName: \"kubernetes.io/projected/b78cfc18-5d45-47bb-a36e-8a4b3c841b05-kube-api-access-vnjzg\") pod \"b78cfc18-5d45-47bb-a36e-8a4b3c841b05\" (UID: \"b78cfc18-5d45-47bb-a36e-8a4b3c841b05\") "
2025-01-29 14:00:27,859 INFO c.h.h.t.OperatorHelmChartContainer - [K3S] [reconciler_common.go:299] "Volume detached for volume \"kube-api-access-vnjzg\" (UniqueName: \"kubernetes.io/projected/b78cfc18-5d45-47bb-a36e-8a4b3c841b05-kube-api-access-vnjzg\") on node \"ac881cdf1fe1\" DevicePath \"\""
2025-01-29 14:00:28,597 INFO c.h.h.t.OperatorHelmChartContainer - [K3S] [pod_container_deletor.go:80] "Container not found in pod's containers" containerID="695cb16fec824ea488dd10a9a49c9eef8da4b8d8ff256a7283d8d53a2a5af5eb"
2025-01-29 14:00:28,676 INFO c.h.h.t.OperatorHelmChartContainer - [K3S] [job_controller.go:598] "enqueueing job" key="default/local-hivemq-hivemq-operator-admission-patch" delay="1s"
2025-01-29 14:00:28,681 INFO c.h.h.t.OperatorHelmChartContainer - [K3S] [job_controller.go:598] "enqueueing job" key="default/local-hivemq-hivemq-operator-admission-patch" delay="1s"
2025-01-29 14:00:28,694 INFO c.h.h.t.OperatorHelmChartContainer - [K3S] [job_controller.go:598] "enqueueing job" key="default/local-hivemq-hivemq-operator-admission-patch" delay="0s"
2025-01-29 14:00:28,857 DEBUG c.h.h.t.OperatorHelmChartContainer - Chart 'local-hivemq' installed or upgraded
2025-01-29 14:00:30,494 INFO c.h.h.t.OperatorHelmChartContainer - [K3S] [kubelet_volumes.go:163] "Cleaned up orphaned pod volumes dir" podUID="b78cfc18-5d45-47bb-a36e-8a4b3c841b05" path="/var/lib/kubelet/pods/b78cfc18-5d45-47bb-a36e-8a4b3c841b05/volumes"
2025-01-29 14:00:34,488 INFO c.h.h.t.OperatorHelmChartContainer - [K3S] [alloc.go:330] "allocated clusterIPs" service="default/hivemq-local-hivemq-mqtt" clusterIPs={"IPv4":"10.43.77.170"}
2025-01-29 14:00:34,497 INFO c.h.h.t.OperatorHelmChartContainer - [K3S] [event.go:389] "Event occurred" object="default/hivemq-local-hivemq-mqtt" fieldPath="" kind="Service" apiVersion="v1" type="Normal" reason="EnsuringLoadBalancer" message="Ensuring load balancer"
2025-01-29 14:00:34,509 INFO c.h.h.t.OperatorHelmChartContainer - [K3S] [event.go:389] "Event occurred" object="default/hivemq-local-hivemq-mqtt" fieldPath="" kind="Service" apiVersion="v1" type="Normal" reason="AppliedDaemonSet" message="Applied LoadBalancer DaemonSet kube-system/svclb-hivemq-local-hivemq-mqtt-d7f789ab"
2025-01-29 14:00:34,528 INFO c.h.h.t.OperatorHelmChartContainer - [K3S] [memory_manager.go:355] "RemoveStaleState removing state" podUID="b78cfc18-5d45-47bb-a36e-8a4b3c841b05" containerName="patch"
2025-01-29 14:00:37,629 INFO c.h.h.t.OperatorHelmChartContainer - [K3S] [event.go:389] "Event occurred" object="default/hivemq-local-hivemq-mqtt" fieldPath="" kind="Service" apiVersion="v1" type="Normal" reason="UpdatedLoadBalancer" message="Updated LoadBalancer with new IPs: [] -> [172.17.0.3]"
2025-01-29 14:00:37,704 DEBUG com.hivemq.helmcharts.util.K8sUtil - State to compare Pending and waiting for Running
2025-01-29 14:00:37,982 DEBUG com.hivemq.helmcharts.util.K8sUtil - State to compare Pending and waiting for Running
2025-01-29 14:00:40,478 DEBUG com.hivemq.helmcharts.util.K8sUtil - State to compare Pending and waiting for Running
2025-01-29 14:00:40,688 DEBUG com.hivemq.helmcharts.util.K8sUtil - State to compare Pending and waiting for Running
2025-01-29 14:00:41,089 DEBUG com.hivemq.helmcharts.util.K8sUtil - State to compare Updating and waiting for Running
2025-01-29 14:00:41,508 INFO c.h.h.t.OperatorHelmChartContainer - [K3S] [replica_set.go:679] "Finished syncing" kind="ReplicaSet" key="default/local-hivemq-67788d9bd6" duration="17.519981ms"
2025-01-29 14:00:41,517 INFO c.h.h.t.OperatorHelmChartContainer - [K3S] [replica_set.go:679] "Finished syncing" kind="ReplicaSet" key="default/local-hivemq-67788d9bd6" duration="7.38541ms"
2025-01-29 14:00:41,517 INFO c.h.h.t.OperatorHelmChartContainer - [K3S] [replica_set.go:679] "Finished syncing" kind="ReplicaSet" key="default/local-hivemq-67788d9bd6" duration="57.327µs"
2025-01-29 14:00:41,521 INFO c.h.h.t.OperatorHelmChartContainer - [K3S] [replica_set.go:679] "Finished syncing" kind="ReplicaSet" key="default/local-hivemq-67788d9bd6" duration="38.803µs"
2025-01-29 14:00:41,578 DEBUG com.hivemq.helmcharts.util.K8sUtil - State to compare Updating and waiting for Running
2025-01-29 14:00:41,652 INFO c.h.h.t.OperatorHelmChartContainer - [K3S] [reconciler_common.go:251] "operationExecutor.VerifyControllerAttachedVolume started for volume \"kube-api-access-hmvvs\" (UniqueName: \"kubernetes.io/projected/ebae2952-698d-476d-af2f-7f508f42fc92-kube-api-access-hmvvs\") pod \"local-hivemq-67788d9bd6-xvpxz\" (UID: \"ebae2952-698d-476d-af2f-7f508f42fc92\") " pod="default/local-hivemq-67788d9bd6-xvpxz"
2025-01-29 14:00:41,652 INFO c.h.h.t.OperatorHelmChartContainer - [K3S] [reconciler_common.go:251] "operationExecutor.VerifyControllerAttachedVolume started for volume \"log\" (UniqueName: \"kubernetes.io/empty-dir/ebae2952-698d-476d-af2f-7f508f42fc92-log\") pod \"local-hivemq-67788d9bd6-xvpxz\" (UID: \"ebae2952-698d-476d-af2f-7f508f42fc92\") " pod="default/local-hivemq-67788d9bd6-xvpxz"
2025-01-29 14:00:41,652 INFO c.h.h.t.OperatorHelmChartContainer - [K3S] [reconciler_common.go:251] "operationExecutor.VerifyControllerAttachedVolume started for volume \"data\" (UniqueName: \"kubernetes.io/empty-dir/ebae2952-698d-476d-af2f-7f508f42fc92-data\") pod \"local-hivemq-67788d9bd6-xvpxz\" (UID: \"ebae2952-698d-476d-af2f-7f508f42fc92\") " pod="default/local-hivemq-67788d9bd6-xvpxz"
2025-01-29 14:00:41,652 INFO c.h.h.t.OperatorHelmChartContainer - [K3S] [reconciler_common.go:251] "operationExecutor.VerifyControllerAttachedVolume started for volume \"shared-data\" (UniqueName: \"kubernetes.io/empty-dir/ebae2952-698d-476d-af2f-7f508f42fc92-shared-data\") pod \"local-hivemq-67788d9bd6-xvpxz\" (UID: \"ebae2952-698d-476d-af2f-7f508f42fc92\") " pod="default/local-hivemq-67788d9bd6-xvpxz"
2025-01-29 14:00:41,652 INFO c.h.h.t.OperatorHelmChartContainer - [K3S] [reconciler_common.go:251] "operationExecutor.VerifyControllerAttachedVolume started for volume \"conf-override\" (UniqueName: \"kubernetes.io/empty-dir/ebae2952-698d-476d-af2f-7f508f42fc92-conf-override\") pod \"local-hivemq-67788d9bd6-xvpxz\" (UID: \"ebae2952-698d-476d-af2f-7f508f42fc92\") " pod="default/local-hivemq-67788d9bd6-xvpxz"
2025-01-29 14:00:41,652 INFO c.h.h.t.OperatorHelmChartContainer - [K3S] [reconciler_common.go:251] "operationExecutor.VerifyControllerAttachedVolume started for volume \"backup\" (UniqueName: \"kubernetes.io/empty-dir/ebae2952-698d-476d-af2f-7f508f42fc92-backup\") pod \"local-hivemq-67788d9bd6-xvpxz\" (UID: \"ebae2952-698d-476d-af2f-7f508f42fc92\") " pod="default/local-hivemq-67788d9bd6-xvpxz"
2025-01-29 14:00:41,652 INFO c.h.h.t.OperatorHelmChartContainer - [K3S] [reconciler_common.go:251] "operationExecutor.VerifyControllerAttachedVolume started for volume \"audit\" (UniqueName: \"kubernetes.io/empty-dir/ebae2952-698d-476d-af2f-7f508f42fc92-audit\") pod \"local-hivemq-67788d9bd6-xvpxz\" (UID: \"ebae2952-698d-476d-af2f-7f508f42fc92\") " pod="default/local-hivemq-67788d9bd6-xvpxz"
2025-01-29 14:00:41,652 INFO c.h.h.t.OperatorHelmChartContainer - [K3S] [reconciler_common.go:251] "operationExecutor.VerifyControllerAttachedVolume started for volume \"dns-wait-config\" (UniqueName: \"kubernetes.io/configmap/ebae2952-698d-476d-af2f-7f508f42fc92-dns-wait-config\") pod \"local-hivemq-67788d9bd6-xvpxz\" (UID: \"ebae2952-698d-476d-af2f-7f508f42fc92\") " pod="default/local-hivemq-67788d9bd6-xvpxz"
2025-01-29 14:00:41,652 INFO c.h.h.t.OperatorHelmChartContainer - [K3S] [reconciler_common.go:251] "operationExecutor.VerifyControllerAttachedVolume started for volume \"heap-dumps\" (UniqueName: \"kubernetes.io/empty-dir/ebae2952-698d-476d-af2f-7f508f42fc92-heap-dumps\") pod \"local-hivemq-67788d9bd6-xvpxz\" (UID: \"ebae2952-698d-476d-af2f-7f508f42fc92\") " pod="default/local-hivemq-67788d9bd6-xvpxz"
2025-01-29 14:00:41,652 INFO c.h.h.t.OperatorHelmChartContainer - [K3S] [reconciler_common.go:251] "operationExecutor.VerifyControllerAttachedVolume started for volume \"live-info\" (UniqueName: \"kubernetes.io/configmap/ebae2952-698d-476d-af2f-7f508f42fc92-live-info\") pod \"local-hivemq-67788d9bd6-xvpxz\" (UID: \"ebae2952-698d-476d-af2f-7f508f42fc92\") " pod="default/local-hivemq-67788d9bd6-xvpxz"
2025-01-29 14:00:41,706 DEBUG com.hivemq.helmcharts.util.K8sUtil - State to compare Updating and waiting for Running
2025-01-29 14:00:41,891 DEBUG com.hivemq.helmcharts.util.K8sUtil - State to compare Updating and waiting for Running
2025-01-29 14:00:42,291 INFO c.h.h.t.OperatorHelmChartContainer - [K3S] [replica_set.go:679] "Finished syncing" kind="ReplicaSet" key="default/local-hivemq-67788d9bd6" duration="56.215µs"
2025-01-29 14:00:42,392 DEBUG com.hivemq.helmcharts.util.K8sUtil - State to compare Updating and waiting for Running
2025-01-29 14:00:44,644 INFO c.h.h.t.OperatorHelmChartContainer - [K3S] [replica_set.go:679] "Finished syncing" kind="ReplicaSet" key="default/local-hivemq-67788d9bd6" duration="59.621µs"
2025-01-29 14:00:44,665 INFO c.h.h.t.OperatorHelmChartContainer - [K3S] [event.go:389] "Event occurred" object="default/hivemq-local-hivemq-mqtt" fieldPath="" kind="Service" apiVersion="v1" type="Normal" reason="UpdatedLoadBalancer" message="Updated LoadBalancer with new IPs: [172.17.0.3] -> [172.17.0.3]"
2025-01-29 14:00:45,641 INFO c.h.h.t.OperatorHelmChartContainer - [K3S] [replica_set.go:679] "Finished syncing" kind="ReplicaSet" key="default/local-hivemq-67788d9bd6" duration="53.961µs"
2025-01-29 14:00:50,493 INFO c.h.h.t.OperatorHelmChartContainer - [K3S] [scope.go:117] "RemoveContainer" containerID="ea2ddba590307853281bca1c6ba51353aed185b2f08ab7ebf791bc8104658544"
2025-01-29 14:00:50,498 INFO c.h.h.t.OperatorHelmChartContainer - [K3S] [scope.go:117] "RemoveContainer" containerID="a3820210079813d8899b17968f29b3e2036e9730052e5b7bd9eef36dd5d50062"
2025-01-29 14:00:51,772 INFO c.h.h.t.OperatorHelmChartContainer - [K3S] [range_allocator.go:247] "Successfully synced" key="ac881cdf1fe1"
2025-01-29 14:00:55,661 INFO c.h.h.t.OperatorHelmChartContainer - [K3S] [replica_set.go:679] "Finished syncing" kind="ReplicaSet" key="default/local-hivemq-67788d9bd6" duration="54.191µs"
2025-01-29 14:00:56,661 INFO c.h.h.t.OperatorHelmChartContainer - [K3S] [replica_set.go:679] "Finished syncing" kind="ReplicaSet" key="default/local-hivemq-67788d9bd6" duration="60.393µs"
2025-01-29 14:01:17,707 INFO c.h.h.t.OperatorHelmChartContainer - [K3S] [replica_set.go:679] "Finished syncing" kind="ReplicaSet" key="default/local-hivemq-67788d9bd6" duration="8.98763ms"
2025-01-29 14:01:17,708 INFO c.h.h.t.OperatorHelmChartContainer - [K3S] [replica_set.go:679] "Finished syncing" kind="ReplicaSet" key="default/local-hivemq-67788d9bd6" duration="52.037µs"
2025-01-29 14:01:17,712 INFO c.h.h.t.OperatorHelmChartContainer - [K3S] [event.go:389] "Event occurred" object="default/hivemq-local-hivemq-mqtt" fieldPath="" kind="Service" apiVersion="v1" type="Normal" reason="UpdatedLoadBalancer" message="Updated LoadBalancer with new IPs: [172.17.0.3] -> [172.17.0.3]"
2025-01-29 14:01:47,713 INFO c.h.h.t.OperatorHelmChartContainer - [K3S] [replica_set.go:679] "Finished syncing" kind="ReplicaSet" key="default/local-hivemq-67788d9bd6" duration="6.649288ms"
2025-01-29 14:01:47,714 INFO c.h.h.t.OperatorHelmChartContainer - [K3S] [replica_set.go:679] "Finished syncing" kind="ReplicaSet" key="default/local-hivemq-67788d9bd6" duration="51.256µs"
2025-01-29 14:01:47,748 DEBUG com.hivemq.helmcharts.util.K8sUtil - State to compare Updating and waiting for Running
2025-01-29 14:01:47,994 DEBUG com.hivemq.helmcharts.util.K8sUtil - State to compare Updating and waiting for Running
2025-01-29 14:01:48,192 DEBUG com.hivemq.helmcharts.util.K8sUtil - State to compare Updating and waiting for Running
2025-01-29 14:01:48,316 DEBUG com.hivemq.helmcharts.util.K8sUtil - State to compare Updating and waiting for Running
2025-01-29 14:01:48,390 DEBUG com.hivemq.helmcharts.util.K8sUtil - State to compare Updating and waiting for Running
2025-01-29 14:01:48,483 DEBUG com.hivemq.helmcharts.util.K8sUtil - State to compare Running and waiting for Running
2025-01-29 14:01:48,605 INFO t.localhost/testcontainers/b1rqgsxukj2s9nx2:latest - Container localhost/testcontainers/b1rqgsxukj2s9nx2:latest started in PT2M1.090124923S
2025-01-29 14:01:48,676 INFO c.h.h.t.OperatorHelmChartContainer - [EVENT] Normal [Starting] Starting kubelet. [null:ac881cdf1fe1]
2025-01-29 14:01:48,677 INFO c.h.h.t.OperatorHelmChartContainer - [EVENT] Warning [InvalidDiskCapacity] invalid capacity 0 on image filesystem [null:ac881cdf1fe1]
2025-01-29 14:01:48,677 INFO c.h.h.t.OperatorHelmChartContainer - [EVENT] Normal [NodeHasSufficientMemory] Node ac881cdf1fe1 status is now: NodeHasSufficientMemory [null:ac881cdf1fe1]
2025-01-29 14:01:48,677 INFO c.h.h.t.OperatorHelmChartContainer - [EVENT] Normal [NodeHasNoDiskPressure] Node ac881cdf1fe1 status is now: NodeHasNoDiskPressure [null:ac881cdf1fe1]
2025-01-29 14:01:48,678 INFO c.h.h.t.OperatorHelmChartContainer - [EVENT] Normal [NodeHasSufficientPID] Node ac881cdf1fe1 status is now: NodeHasSufficientPID [null:ac881cdf1fe1]
2025-01-29 14:01:48,678 INFO c.h.h.t.OperatorHelmChartContainer - [EVENT] Normal [NodeAllocatableEnforced] Updated Node Allocatable limit across pods [null:ac881cdf1fe1]
2025-01-29 14:01:48,679 INFO c.h.h.t.OperatorHelmChartContainer - [EVENT] Normal [NodeReady] Node ac881cdf1fe1 status is now: NodeReady [null:ac881cdf1fe1]
2025-01-29 14:01:48,680 INFO c.h.h.t.OperatorHelmChartContainer - [EVENT] Normal [NodePasswordValidationComplete] Deferred node password secret validation complete [null:ac881cdf1fe1]
2025-01-29 14:01:48,680 INFO c.h.h.t.OperatorHelmChartContainer - [EVENT] Normal [RegisteredNode] Node ac881cdf1fe1 event: Registered Node ac881cdf1fe1 in Controller [null:ac881cdf1fe1]
2025-01-29 14:01:48,685 INFO c.h.h.t.OperatorHelmChartContainer - [EVENT] Normal [Synced] Node synced successfully [null:ac881cdf1fe1]
2025-01-29 14:01:48,685 INFO c.h.h.t.OperatorHelmChartContainer - [EVENT] Normal [EnsuringLoadBalancer] Ensuring load balancer [default:hivemq-local-hivemq-mqtt]
2025-01-29 14:01:48,685 INFO c.h.h.t.OperatorHelmChartContainer - [EVENT] Normal [AppliedDaemonSet] Applied LoadBalancer DaemonSet kube-system/svclb-hivemq-local-hivemq-mqtt-d7f789ab [default:hivemq-local-hivemq-mqtt]
2025-01-29 14:01:48,685 INFO c.h.h.t.OperatorHelmChartContainer - [EVENT] Normal [UpdatedLoadBalancer] Updated LoadBalancer with new IPs: [] -> [172.17.0.3] [default:hivemq-local-hivemq-mqtt]
2025-01-29 14:01:48,685 INFO c.h.h.t.OperatorHelmChartContainer - [EVENT] Normal [UpdatedLoadBalancer] Updated LoadBalancer with new IPs: [172.17.0.3] -> [172.17.0.3] [default:hivemq-local-hivemq-mqtt]
2025-01-29 14:01:48,686 INFO c.h.h.t.OperatorHelmChartContainer - [EVENT] Normal [Scheduled] Successfully assigned default/local-hivemq-67788d9bd6-xvpxz to ac881cdf1fe1 [default:local-hivemq-67788d9bd6-xvpxz]
2025-01-29 14:01:48,686 INFO c.h.h.t.OperatorHelmChartContainer - [EVENT] Normal [Pulling] Pulling image "busybox:latest" [default:local-hivemq-67788d9bd6-xvpxz]
2025-01-29 14:01:48,686 INFO c.h.h.t.OperatorHelmChartContainer - [EVENT] Normal [Pulled] Successfully pulled image "busybox:latest" in 1.672s (1.672s including waiting). Image size: 2167089 bytes. [default:local-hivemq-67788d9bd6-xvpxz]
2025-01-29 14:01:48,686 INFO c.h.h.t.OperatorHelmChartContainer - [EVENT] Normal [Created] Created container: init-shared [default:local-hivemq-67788d9bd6-xvpxz]
2025-01-29 14:01:48,686 INFO c.h.h.t.OperatorHelmChartContainer - [EVENT] Normal [Started] Started container init-shared [default:local-hivemq-67788d9bd6-xvpxz]
2025-01-29 14:01:48,687 INFO c.h.h.t.OperatorHelmChartContainer - [EVENT] Normal [Pulled] Container image "hivemq/init-dns-wait:snapshot" already present on machine [default:local-hivemq-67788d9bd6-xvpxz]
2025-01-29 14:01:48,687 INFO c.h.h.t.OperatorHelmChartContainer - [EVENT] Normal [Created] Created container: dns-wait [default:local-hivemq-67788d9bd6-xvpxz]
2025-01-29 14:01:48,687 INFO c.h.h.t.OperatorHelmChartContainer - [EVENT] Normal [Started] Started container dns-wait [default:local-hivemq-67788d9bd6-xvpxz]
2025-01-29 14:01:48,687 INFO c.h.h.t.OperatorHelmChartContainer - [EVENT] Normal [Pulled] Container image "hivemq-k8s-test-rootless:snapshot" already present on machine [default:local-hivemq-67788d9bd6-xvpxz]
2025-01-29 14:01:48,687 INFO c.h.h.t.OperatorHelmChartContainer - Received Pulled event for container hivemq in pod local-hivemq-67788d9bd6-xvpxz [ebae2952-698d-476d-af2f-7f508f42fc92]
2025-01-29 14:01:48,687 INFO c.h.h.t.OperatorHelmChartContainer - [EVENT] Normal [Created] Created container: hivemq [default:local-hivemq-67788d9bd6-xvpxz]
2025-01-29 14:01:48,687 INFO c.h.h.t.OperatorHelmChartContainer - Received Created event for container hivemq in pod local-hivemq-67788d9bd6-xvpxz [ebae2952-698d-476d-af2f-7f508f42fc92]
2025-01-29 14:01:48,715 INFO c.h.h.t.OperatorHelmChartContainer - Started log watcher for hivemq in pod local-hivemq-67788d9bd6-xvpxz [ebae2952-698d-476d-af2f-7f508f42fc92]
2025-01-29 14:01:48,717 INFO c.h.h.t.OperatorHelmChartContainer - [EVENT] Normal [Started] Started container hivemq [default:local-hivemq-67788d9bd6-xvpxz]
2025-01-29 14:01:48,717 INFO c.h.h.t.OperatorHelmChartContainer - Received Started event for container hivemq in pod local-hivemq-67788d9bd6-xvpxz [ebae2952-698d-476d-af2f-7f508f42fc92]
2025-01-29 14:01:48,717 INFO c.h.h.t.OperatorHelmChartContainer - [EVENT] Warning [Unhealthy] Readiness probe failed: Log statement not present (yet)
 [default:local-hivemq-67788d9bd6-xvpxz]
2025-01-29 14:01:48,717 INFO c.h.h.t.OperatorHelmChartContainer - Received Unhealthy event for container hivemq in pod local-hivemq-67788d9bd6-xvpxz [ebae2952-698d-476d-af2f-7f508f42fc92]
2025-01-29 14:01:48,717 INFO c.h.h.t.OperatorHelmChartContainer - [local-hivemq-67788d9bd6] [hivemq] [ebae2952] ++ find /docker-entrypoint.d/ -follow -type f -print
2025-01-29 14:01:48,717 INFO c.h.h.t.OperatorHelmChartContainer - [local-hivemq-67788d9bd6] [hivemq] [ebae2952] ++ sort -V
2025-01-29 14:01:48,717 INFO c.h.h.t.OperatorHelmChartContainer - [EVENT] Warning [Unhealthy] Liveness probe failed: dial tcp 10.42.0.9:1883: connect: connection refused [default:local-hivemq-67788d9bd6-xvpxz]
2025-01-29 14:01:48,717 INFO c.h.h.t.OperatorHelmChartContainer - Received Unhealthy event for container hivemq in pod local-hivemq-67788d9bd6-xvpxz [ebae2952-698d-476d-af2f-7f508f42fc92]
2025-01-29 14:01:48,717 INFO c.h.h.t.OperatorHelmChartContainer - [local-hivemq-67788d9bd6] [hivemq] [ebae2952] + for f in $(find "/docker-entrypoint.d/" -follow -type f -print | sort -V)
2025-01-29 14:01:48,717 INFO c.h.h.t.OperatorHelmChartContainer - [local-hivemq-67788d9bd6] [hivemq] [ebae2952] + '[' -x /docker-entrypoint.d/10_nss_wrapper.sh ']'
2025-01-29 14:01:48,717 INFO c.h.h.t.OperatorHelmChartContainer - [EVENT] Normal [SuccessfulCreate] Created pod: local-hivemq-67788d9bd6-xvpxz [default:local-hivemq-67788d9bd6]
2025-01-29 14:01:48,717 INFO c.h.h.t.OperatorHelmChartContainer - [EVENT] Normal [Scheduled] Successfully assigned default/local-hivemq-hivemq-operator-admission-create-rm7qr to ac881cdf1fe1 [default:local-hivemq-hivemq-operator-admission-create-rm7qr]
2025-01-29 14:01:48,717 INFO c.h.h.t.OperatorHelmChartContainer - [POD] local-hivemq-67788d9bd6-xvpxz [ebae2952-698d-476d-af2f-7f508f42fc92] in default was ADDED
2025-01-29 14:01:48,717 INFO c.h.h.t.OperatorHelmChartContainer - [EVENT] Normal [Pulling] Pulling image "registry.k8s.io/ingress-nginx/kube-webhook-certgen:v1.1.1" [default:local-hivemq-hivemq-operator-admission-create-rm7qr]
2025-01-29 14:01:48,718 INFO c.h.h.t.OperatorHelmChartContainer - [local-hivemq-67788d9bd6] [hivemq] [ebae2952] + echo '/opt/hivemq/bin/pre-entry_1.sh: sourcing /docker-entrypoint.d/10_nss_wrapper.sh'
2025-01-29 14:01:48,718 INFO c.h.h.t.OperatorHelmChartContainer - [local-hivemq-67788d9bd6] [hivemq] [ebae2952] + . /docker-entrypoint.d/10_nss_wrapper.sh
2025-01-29 14:01:48,718 INFO c.h.h.t.OperatorHelmChartContainer - [local-hivemq-67788d9bd6] [hivemq] [ebae2952] /opt/hivemq/bin/pre-entry_1.sh: sourcing /docker-entrypoint.d/10_nss_wrapper.sh
2025-01-29 14:01:48,718 INFO c.h.h.t.OperatorHelmChartContainer - [local-hivemq-67788d9bd6] [hivemq] [ebae2952] +++ id -u
2025-01-29 14:01:48,718 INFO c.h.h.t.OperatorHelmChartContainer - [local-hivemq-67788d9bd6] [hivemq] [ebae2952] ++ getent passwd 10001
2025-01-29 14:01:48,718 INFO c.h.h.t.OperatorHelmChartContainer - [local-hivemq-67788d9bd6] [hivemq] [ebae2952] ++ '[' -e /usr/lib/libnss_wrapper.so ']'
2025-01-29 14:01:48,718 INFO c.h.h.t.OperatorHelmChartContainer - [local-hivemq-67788d9bd6] [hivemq] [ebae2952] + for f in $(find "/docker-entrypoint.d/" -follow -type f -print | sort -V)
2025-01-29 14:01:48,718 INFO c.h.h.t.OperatorHelmChartContainer - [local-hivemq-67788d9bd6] [hivemq] [ebae2952] + '[' -x /docker-entrypoint.d/15_k8s_entrypoint.sh ']'
2025-01-29 14:01:48,718 INFO c.h.h.t.OperatorHelmChartContainer - [local-hivemq-67788d9bd6] [hivemq] [ebae2952] + echo '/opt/hivemq/bin/pre-entry_1.sh: running /docker-entrypoint.d/15_k8s_entrypoint.sh'
2025-01-29 14:01:48,718 INFO c.h.h.t.OperatorHelmChartContainer - [local-hivemq-67788d9bd6] [hivemq] [ebae2952] + /docker-entrypoint.d/15_k8s_entrypoint.sh
2025-01-29 14:01:48,718 INFO c.h.h.t.OperatorHelmChartContainer - [local-hivemq-67788d9bd6] [hivemq] [ebae2952] /opt/hivemq/bin/pre-entry_1.sh: running /docker-entrypoint.d/15_k8s_entrypoint.sh
2025-01-29 14:01:48,718 INFO c.h.h.t.OperatorHelmChartContainer - [local-hivemq-67788d9bd6] [hivemq] [ebae2952] + trap 'echo "Received SIGTERM during initialization, exiting..." && kill -9 ${PIDS} && exit 1' TERM
2025-01-29 14:01:48,718 INFO c.h.h.t.OperatorHelmChartContainer - [local-hivemq-67788d9bd6] [hivemq] [ebae2952] + PIDS=
2025-01-29 14:01:48,718 INFO c.h.h.t.OperatorHelmChartContainer - [local-hivemq-67788d9bd6] [hivemq] [ebae2952] + echo 'Copying external files'
2025-01-29 14:01:48,718 INFO c.h.h.t.OperatorHelmChartContainer - [local-hivemq-67788d9bd6] [hivemq] [ebae2952] Copying external files
2025-01-29 14:01:48,718 INFO c.h.h.t.OperatorHelmChartContainer - [local-hivemq-67788d9bd6] [hivemq] [ebae2952] + chmod -R 777 /hivemq-data/backup /hivemq-data/bin /hivemq-data/conf /hivemq-data/extensions /hivemq-data/license
2025-01-29 14:01:48,718 INFO c.h.h.t.OperatorHelmChartContainer - [local-hivemq-67788d9bd6] [hivemq] [ebae2952] + cp -rsv /hivemq-data/backup /hivemq-data/bin /hivemq-data/conf /hivemq-data/extensions /hivemq-data/license /opt/hivemq/
2025-01-29 14:01:48,718 INFO c.h.h.t.OperatorHelmChartContainer - [local-hivemq-67788d9bd6] [hivemq] [ebae2952] + cp -rsv /conf-override/audit /conf-override/backup /conf-override/bin /conf-override/conf /conf-override/extensions /conf-override/license /conf-override/log /opt/hivemq/
2025-01-29 14:01:48,718 INFO c.h.h.t.OperatorHelmChartContainer - [local-hivemq-67788d9bd6] [hivemq] [ebae2952] + [[ -n <?xml version="1.0"?>
2025-01-29 14:01:48,718 INFO c.h.h.t.OperatorHelmChartContainer - [local-hivemq-67788d9bd6] [hivemq] [ebae2952] <hivemq xmlns:xsi="http://www.w3.org/2001/XMLSchema-instance"
2025-01-29 14:01:48,718 INFO c.h.h.t.OperatorHelmChartContainer - [EVENT] Normal [Pulled] Successfully pulled image "registry.k8s.io/ingress-nginx/kube-webhook-certgen:v1.1.1" in 1.07s (1.07s including waiting). Image size: 18899182 bytes. [default:local-hivemq-hivemq-operator-admission-create-rm7qr]
2025-01-29 14:01:48,719 INFO c.h.h.t.OperatorHelmChartContainer - [EVENT] Normal [Created] Created container: create [default:local-hivemq-hivemq-operator-admission-create-rm7qr]
2025-01-29 14:01:48,718 INFO c.h.h.t.OperatorHelmChartContainer - [local-hivemq-67788d9bd6] [hivemq] [ebae2952]         xsi:noNamespaceSchemaLocation="config.xsd">
2025-01-29 14:01:48,719 INFO c.h.h.t.OperatorHelmChartContainer - [local-hivemq-67788d9bd6] [hivemq] [ebae2952]     <listeners>
2025-01-29 14:01:48,719 INFO c.h.h.t.OperatorHelmChartContainer - [local-hivemq-67788d9bd6] [hivemq] [ebae2952]         --LISTENER-CONFIGURATION--
2025-01-29 14:01:48,719 INFO c.h.h.t.OperatorHelmChartContainer - [local-hivemq-67788d9bd6] [hivemq] [ebae2952]     </listeners>
2025-01-29 14:01:48,719 INFO c.h.h.t.OperatorHelmChartContainer - [local-hivemq-67788d9bd6] [hivemq] [ebae2952]     <control-center>
2025-01-29 14:01:48,719 INFO c.h.h.t.OperatorHelmChartContainer - [local-hivemq-67788d9bd6] [hivemq] [ebae2952]         <listeners>
2025-01-29 14:01:48,719 INFO c.h.h.t.OperatorHelmChartContainer - [local-hivemq-67788d9bd6] [hivemq] [ebae2952]             <http>
2025-01-29 14:01:48,719 INFO c.h.h.t.OperatorHelmChartContainer - [EVENT] Normal [Started] Started container create [default:local-hivemq-hivemq-operator-admission-create-rm7qr]
2025-01-29 14:01:48,719 INFO c.h.h.t.OperatorHelmChartContainer - [EVENT] Normal [SuccessfulCreate] Created pod: local-hivemq-hivemq-operator-admission-create-rm7qr [default:local-hivemq-hivemq-operator-admission-create]
2025-01-29 14:01:48,719 INFO c.h.h.t.OperatorHelmChartContainer - [local-hivemq-67788d9bd6] [hivemq] [ebae2952]                 <port>${HIVEMQ_CONTROL_CENTER_PORT}</port>
2025-01-29 14:01:48,719 INFO c.h.h.t.OperatorHelmChartContainer - [local-hivemq-67788d9bd6] [hivemq] [ebae2952]                 <bind-address>0.0.0.0</bind-address>
2025-01-29 14:01:48,719 INFO c.h.h.t.OperatorHelmChartContainer - [local-hivemq-67788d9bd6] [hivemq] [ebae2952]             </http>
2025-01-29 14:01:48,719 INFO c.h.h.t.OperatorHelmChartContainer - [local-hivemq-67788d9bd6] [hivemq] [ebae2952]         </listeners>
2025-01-29 14:01:48,719 INFO c.h.h.t.OperatorHelmChartContainer - [local-hivemq-67788d9bd6] [hivemq] [ebae2952]         <users>
2025-01-29 14:01:48,721 INFO c.h.h.t.OperatorHelmChartContainer - [POD] local-hivemq-hivemq-operator-operator-584dd565df-5lb2f [f3ce8a79-59d5-4bcd-a529-720f259343c6] in default was ADDED
2025-01-29 14:01:48,722 INFO c.h.h.t.OperatorHelmChartContainer - [POD] coredns-ff8999cc5-2rv9t [54a6da56-5e9a-45d3-ae04-0e825d83ce51] in kube-system was ADDED
2025-01-29 14:01:48,722 INFO c.h.h.t.OperatorHelmChartContainer - [POD] local-path-provisioner-698b58967b-452mj [035dcd41-f7c8-4e55-b2f1-c487f702adab] in kube-system was ADDED
2025-01-29 14:01:48,722 INFO c.h.h.t.OperatorHelmChartContainer - [POD] metrics-server-8584b5786c-8g5sk [463b855c-c684-49a1-bbba-c52ad550d52a] in kube-system was ADDED
2025-01-29 14:01:48,723 INFO c.h.h.t.OperatorHelmChartContainer - [EVENT] Normal [Completed] Job completed [default:local-hivemq-hivemq-operator-admission-create]
2025-01-29 14:01:48,723 INFO c.h.h.t.OperatorHelmChartContainer - [EVENT] Normal [Scheduled] Successfully assigned default/local-hivemq-hivemq-operator-admission-patch-mfxg2 to ac881cdf1fe1 [default:local-hivemq-hivemq-operator-admission-patch-mfxg2]
2025-01-29 14:01:48,723 INFO c.h.h.t.OperatorHelmChartContainer - [EVENT] Normal [Pulled] Container image "registry.k8s.io/ingress-nginx/kube-webhook-certgen:v1.1.1" already present on machine [default:local-hivemq-hivemq-operator-admission-patch-mfxg2]
2025-01-29 14:01:48,719 INFO c.h.h.t.OperatorHelmChartContainer - [local-hivemq-67788d9bd6] [hivemq] [ebae2952]             <user>
2025-01-29 14:01:48,723 INFO c.h.h.t.OperatorHelmChartContainer - [EVENT] Normal [Created] Created container: patch [default:local-hivemq-hivemq-operator-admission-patch-mfxg2]
2025-01-29 14:01:48,723 INFO c.h.h.t.OperatorHelmChartContainer - [local-hivemq-67788d9bd6] [hivemq] [ebae2952]                 <name>${HIVEMQ_CONTROL_CENTER_USER}</name>
2025-01-29 14:01:48,723 INFO c.h.h.t.OperatorHelmChartContainer - [local-hivemq-67788d9bd6] [hivemq] [ebae2952]                 <password>${HIVEMQ_CONTROL_CENTER_PASSWORD}</password>
2025-01-29 14:01:48,723 INFO c.h.h.t.OperatorHelmChartContainer - [local-hivemq-67788d9bd6] [hivemq] [ebae2952]             </user>
2025-01-29 14:01:48,723 INFO c.h.h.t.OperatorHelmChartContainer - [POD] svclb-hivemq-local-hivemq-mqtt-d7f789ab-vqcmj [d8facb40-df2e-42c8-a2a9-e85fddc2cc3c] in kube-system was ADDED
2025-01-29 14:01:48,723 INFO c.h.h.t.OperatorHelmChartContainer - [EVENT] Normal [Started] Started container patch [default:local-hivemq-hivemq-operator-admission-patch-mfxg2]
2025-01-29 14:01:48,723 INFO c.h.h.t.OperatorHelmChartContainer - [EVENT] Normal [SuccessfulCreate] Created pod: local-hivemq-hivemq-operator-admission-patch-mfxg2 [default:local-hivemq-hivemq-operator-admission-patch]
2025-01-29 14:01:48,724 INFO c.h.h.t.OperatorHelmChartContainer - [local-hivemq-67788d9bd6] [hivemq] [ebae2952]         </users>
2025-01-29 14:01:48,724 INFO c.h.h.t.OperatorHelmChartContainer - [local-hivemq-67788d9bd6] [hivemq] [ebae2952]     </control-center>
2025-01-29 14:01:48,724 INFO c.h.h.t.OperatorHelmChartContainer - [local-hivemq-67788d9bd6] [hivemq] [ebae2952] 
2025-01-29 14:01:48,724 INFO c.h.h.t.OperatorHelmChartContainer - [local-hivemq-67788d9bd6] [hivemq] [ebae2952]     <!--REST-API-CONFIGURATION-->
2025-01-29 14:01:48,724 INFO c.h.h.t.OperatorHelmChartContainer - [local-hivemq-67788d9bd6] [hivemq] [ebae2952]     <cluster>
2025-01-29 14:01:48,724 INFO c.h.h.t.OperatorHelmChartContainer - [local-hivemq-67788d9bd6] [hivemq] [ebae2952]         <enabled>true</enabled>
2025-01-29 14:01:48,724 INFO c.h.h.t.OperatorHelmChartContainer - [local-hivemq-67788d9bd6] [hivemq] [ebae2952]         <transport>
2025-01-29 14:01:48,724 INFO c.h.h.t.OperatorHelmChartContainer - [local-hivemq-67788d9bd6] [hivemq] [ebae2952]             <tcp>
2025-01-29 14:01:48,724 INFO c.h.h.t.OperatorHelmChartContainer - [local-hivemq-67788d9bd6] [hivemq] [ebae2952]                 <bind-address>${HIVEMQ_BIND_ADDRESS}</bind-address>
2025-01-29 14:01:48,724 INFO c.h.h.t.OperatorHelmChartContainer - [local-hivemq-67788d9bd6] [hivemq] [ebae2952]                 <bind-port>${HIVEMQ_CLUSTER_PORT}</bind-port>
2025-01-29 14:01:48,724 INFO c.h.h.t.OperatorHelmChartContainer - [local-hivemq-67788d9bd6] [hivemq] [ebae2952]             </tcp>
2025-01-29 14:01:48,724 INFO c.h.h.t.OperatorHelmChartContainer - [local-hivemq-67788d9bd6] [hivemq] [ebae2952]         </transport>
2025-01-29 14:01:48,724 INFO c.h.h.t.OperatorHelmChartContainer - [local-hivemq-67788d9bd6] [hivemq] [ebae2952]         <discovery>
2025-01-29 14:01:48,724 INFO c.h.h.t.OperatorHelmChartContainer - [local-hivemq-67788d9bd6] [hivemq] [ebae2952] Rewriting config.xml...
2025-01-29 14:01:48,724 INFO c.h.h.t.OperatorHelmChartContainer - [local-hivemq-67788d9bd6] [hivemq] [ebae2952]             <extension/>
2025-01-29 14:01:48,724 INFO c.h.h.t.OperatorHelmChartContainer - [local-hivemq-67788d9bd6] [hivemq] [ebae2952]         </discovery>
2025-01-29 14:01:48,724 INFO c.h.h.t.OperatorHelmChartContainer - [local-hivemq-67788d9bd6] [hivemq] [ebae2952] 
2025-01-29 14:01:48,724 INFO c.h.h.t.OperatorHelmChartContainer - [local-hivemq-67788d9bd6] [hivemq] [ebae2952]         <replication>
2025-01-29 14:01:48,724 INFO c.h.h.t.OperatorHelmChartContainer - [local-hivemq-67788d9bd6] [hivemq] [ebae2952]             <replica-count>${HIVEMQ_CLUSTER_REPLICA_COUNT}</replica-count>
2025-01-29 14:01:48,724 INFO c.h.h.t.OperatorHelmChartContainer - [local-hivemq-67788d9bd6] [hivemq] [ebae2952]         </replication>
2025-01-29 14:01:48,724 INFO c.h.h.t.OperatorHelmChartContainer - [local-hivemq-67788d9bd6] [hivemq] [ebae2952] 
2025-01-29 14:01:48,724 INFO c.h.h.t.OperatorHelmChartContainer - [local-hivemq-67788d9bd6] [hivemq] [ebae2952]         <failure-detection>
2025-01-29 14:01:48,724 INFO c.h.h.t.OperatorHelmChartContainer - [local-hivemq-67788d9bd6] [hivemq] [ebae2952]             <tcp-health-check>
2025-01-29 14:01:48,724 INFO c.h.h.t.OperatorHelmChartContainer - [local-hivemq-67788d9bd6] [hivemq] [ebae2952]                 <enabled>true</enabled>
2025-01-29 14:01:48,724 INFO c.h.h.t.OperatorHelmChartContainer - [local-hivemq-67788d9bd6] [hivemq] [ebae2952]                 <bind-address>${HIVEMQ_BIND_ADDRESS}</bind-address>
2025-01-29 14:01:48,724 INFO c.h.h.t.OperatorHelmChartContainer - [local-hivemq-67788d9bd6] [hivemq] [ebae2952]                 <bind-port>9000</bind-port>
2025-01-29 14:01:48,724 INFO c.h.h.t.OperatorHelmChartContainer - [local-hivemq-67788d9bd6] [hivemq] [ebae2952]                 <port-range>50</port-range>
2025-01-29 14:01:48,724 INFO c.h.h.t.OperatorHelmChartContainer - [local-hivemq-67788d9bd6] [hivemq] [ebae2952]             </tcp-health-check>
2025-01-29 14:01:48,724 INFO c.h.h.t.OperatorHelmChartContainer - [local-hivemq-67788d9bd6] [hivemq] [ebae2952] 
2025-01-29 14:01:48,724 INFO c.h.h.t.OperatorHelmChartContainer - [local-hivemq-67788d9bd6] [hivemq] [ebae2952]             <heartbeat>
2025-01-29 14:01:48,724 INFO c.h.h.t.OperatorHelmChartContainer - [local-hivemq-67788d9bd6] [hivemq] [ebae2952]                 <enabled>true</enabled>
2025-01-29 14:01:48,724 INFO c.h.h.t.OperatorHelmChartContainer - [local-hivemq-67788d9bd6] [hivemq] [ebae2952]                 <interval>4000</interval>
2025-01-29 14:01:48,724 INFO c.h.h.t.OperatorHelmChartContainer - [local-hivemq-67788d9bd6] [hivemq] [ebae2952]                 <timeout>30000</timeout>
2025-01-29 14:01:48,724 INFO c.h.h.t.OperatorHelmChartContainer - [local-hivemq-67788d9bd6] [hivemq] [ebae2952]             </heartbeat>
2025-01-29 14:01:48,724 INFO c.h.h.t.OperatorHelmChartContainer - [local-hivemq-67788d9bd6] [hivemq] [ebae2952]         </failure-detection>
2025-01-29 14:01:48,724 INFO c.h.h.t.OperatorHelmChartContainer - [local-hivemq-67788d9bd6] [hivemq] [ebae2952] 
2025-01-29 14:01:48,724 INFO c.h.h.t.OperatorHelmChartContainer - [local-hivemq-67788d9bd6] [hivemq] [ebae2952]     </cluster>
2025-01-29 14:01:48,724 INFO c.h.h.t.OperatorHelmChartContainer - [local-hivemq-67788d9bd6] [hivemq] [ebae2952]     <overload-protection>
2025-01-29 14:01:48,724 INFO c.h.h.t.OperatorHelmChartContainer - [local-hivemq-67788d9bd6] [hivemq] [ebae2952]         <enabled>${HIVEMQ_CLUSTER_OVERLOAD_PROTECTION}</enabled>
2025-01-29 14:01:48,724 INFO c.h.h.t.OperatorHelmChartContainer - [local-hivemq-67788d9bd6] [hivemq] [ebae2952]     </overload-protection>
2025-01-29 14:01:48,724 INFO c.h.h.t.OperatorHelmChartContainer - [local-hivemq-67788d9bd6] [hivemq] [ebae2952]     <restrictions>
2025-01-29 14:01:48,724 INFO c.h.h.t.OperatorHelmChartContainer - [local-hivemq-67788d9bd6] [hivemq] [ebae2952]         <max-client-id-length>${HIVEMQ_MAX_CLIENT_ID_LENGTH}</max-client-id-length>
2025-01-29 14:01:48,724 INFO c.h.h.t.OperatorHelmChartContainer - [local-hivemq-67788d9bd6] [hivemq] [ebae2952]         <max-topic-length>${HIVEMQ_MAX_TOPIC_LENGTH}</max-topic-length>
2025-01-29 14:01:48,724 INFO c.h.h.t.OperatorHelmChartContainer - [local-hivemq-67788d9bd6] [hivemq] [ebae2952]         <max-connections>${HIVEMQ_MAX_CONNECTIONS}</max-connections>
2025-01-29 14:01:48,724 INFO c.h.h.t.OperatorHelmChartContainer - [local-hivemq-67788d9bd6] [hivemq] [ebae2952]         <incoming-bandwidth-throttling>${HIVEMQ_INCOMING_BANDWIDTH_THROTTLING}</incoming-bandwidth-throttling>
2025-01-29 14:01:48,724 INFO c.h.h.t.OperatorHelmChartContainer - [local-hivemq-67788d9bd6] [hivemq] [ebae2952]         <no-connect-idle-timeout>${HIVEMQ_NO_CONNECT_IDLE_TIMEOUT}</no-connect-idle-timeout>
2025-01-29 14:01:48,724 INFO c.h.h.t.OperatorHelmChartContainer - [local-hivemq-67788d9bd6] [hivemq] [ebae2952]     </restrictions>
2025-01-29 14:01:48,724 INFO c.h.h.t.OperatorHelmChartContainer - [local-hivemq-67788d9bd6] [hivemq] [ebae2952]     <mqtt>
2025-01-29 14:01:48,724 INFO c.h.h.t.OperatorHelmChartContainer - [local-hivemq-67788d9bd6] [hivemq] [ebae2952]         <session-expiry>
2025-01-29 14:01:48,724 INFO c.h.h.t.OperatorHelmChartContainer - [local-hivemq-67788d9bd6] [hivemq] [ebae2952]             <max-interval>${HIVEMQ_SESSION_EXPIRY_INTERVAL}</max-interval>
2025-01-29 14:01:48,724 INFO c.h.h.t.OperatorHelmChartContainer - [local-hivemq-67788d9bd6] [hivemq] [ebae2952]         </session-expiry>
2025-01-29 14:01:48,724 INFO c.h.h.t.OperatorHelmChartContainer - [local-hivemq-67788d9bd6] [hivemq] [ebae2952] 
2025-01-29 14:01:48,724 INFO c.h.h.t.OperatorHelmChartContainer - [local-hivemq-67788d9bd6] [hivemq] [ebae2952]         <message-expiry>
2025-01-29 14:01:48,724 INFO c.h.h.t.OperatorHelmChartContainer - [local-hivemq-67788d9bd6] [hivemq] [ebae2952]             <max-interval>${HIVEMQ_MESSAGE_EXPIRY_MAX_INTERVAL}</max-interval>
2025-01-29 14:01:48,724 INFO c.h.h.t.OperatorHelmChartContainer - [local-hivemq-67788d9bd6] [hivemq] [ebae2952]         </message-expiry>
2025-01-29 14:01:48,724 INFO c.h.h.t.OperatorHelmChartContainer - [local-hivemq-67788d9bd6] [hivemq] [ebae2952] 
2025-01-29 14:01:48,724 INFO c.h.h.t.OperatorHelmChartContainer - [local-hivemq-67788d9bd6] [hivemq] [ebae2952]         <packets>
2025-01-29 14:01:48,724 INFO c.h.h.t.OperatorHelmChartContainer - [local-hivemq-67788d9bd6] [hivemq] [ebae2952]             <max-packet-size>${HIVEMQ_MAX_PACKET_SIZE}</max-packet-size>
2025-01-29 14:01:48,724 INFO c.h.h.t.OperatorHelmChartContainer - [local-hivemq-67788d9bd6] [hivemq] [ebae2952]         </packets>
2025-01-29 14:01:48,724 INFO c.h.h.t.OperatorHelmChartContainer - [local-hivemq-67788d9bd6] [hivemq] [ebae2952] 
2025-01-29 14:01:48,724 INFO c.h.h.t.OperatorHelmChartContainer - [local-hivemq-67788d9bd6] [hivemq] [ebae2952]         <receive-maximum>
2025-01-29 14:01:48,724 INFO c.h.h.t.OperatorHelmChartContainer - [local-hivemq-67788d9bd6] [hivemq] [ebae2952]             <server-receive-maximum>${HIVEMQ_SERVER_RECEIVE_MAXIMUM}</server-receive-maximum>
2025-01-29 14:01:48,724 INFO c.h.h.t.OperatorHelmChartContainer - [local-hivemq-67788d9bd6] [hivemq] [ebae2952]         </receive-maximum>
2025-01-29 14:01:48,724 INFO c.h.h.t.OperatorHelmChartContainer - [local-hivemq-67788d9bd6] [hivemq] [ebae2952] 
2025-01-29 14:01:48,724 INFO c.h.h.t.OperatorHelmChartContainer - [local-hivemq-67788d9bd6] [hivemq] [ebae2952]         <keep-alive>
2025-01-29 14:01:48,724 INFO c.h.h.t.OperatorHelmChartContainer - [local-hivemq-67788d9bd6] [hivemq] [ebae2952]             <max-keep-alive>${HIVEMQ_KEEPALIVE_MAX}</max-keep-alive>
2025-01-29 14:01:48,724 INFO c.h.h.t.OperatorHelmChartContainer - [local-hivemq-67788d9bd6] [hivemq] [ebae2952]             <allow-unlimited>${HIVEMQ_KEEPALIVE_ALLOW_UNLIMITED}</allow-unlimited>
2025-01-29 14:01:48,724 INFO c.h.h.t.OperatorHelmChartContainer - [local-hivemq-67788d9bd6] [hivemq] [ebae2952]         </keep-alive>
2025-01-29 14:01:48,724 INFO c.h.h.t.OperatorHelmChartContainer - [local-hivemq-67788d9bd6] [hivemq] [ebae2952] 
2025-01-29 14:01:48,724 INFO c.h.h.t.OperatorHelmChartContainer - [local-hivemq-67788d9bd6] [hivemq] [ebae2952]         <topic-alias>
2025-01-29 14:01:48,724 INFO c.h.h.t.OperatorHelmChartContainer - [local-hivemq-67788d9bd6] [hivemq] [ebae2952]             <enabled>${HIVEMQ_TOPIC_ALIAS_ENABLED}</enabled>
2025-01-29 14:01:48,724 INFO c.h.h.t.OperatorHelmChartContainer - [local-hivemq-67788d9bd6] [hivemq] [ebae2952]             <max-per-client>${HIVEMQ_TOPIC_ALIAS_MAX_PER_CLIENT}</max-per-client>
2025-01-29 14:01:48,724 INFO c.h.h.t.OperatorHelmChartContainer - [local-hivemq-67788d9bd6] [hivemq] [ebae2952]         </topic-alias>
2025-01-29 14:01:48,724 INFO c.h.h.t.OperatorHelmChartContainer - [local-hivemq-67788d9bd6] [hivemq] [ebae2952] 
2025-01-29 14:01:48,724 INFO c.h.h.t.OperatorHelmChartContainer - [local-hivemq-67788d9bd6] [hivemq] [ebae2952]         <subscription-identifier>
2025-01-29 14:01:48,724 INFO c.h.h.t.OperatorHelmChartContainer - [local-hivemq-67788d9bd6] [hivemq] [ebae2952]             <enabled>${HIVEMQ_SUBSCRIPTION_IDENTIFIER_ENABLED}</enabled>
2025-01-29 14:01:48,724 INFO c.h.h.t.OperatorHelmChartContainer - [local-hivemq-67788d9bd6] [hivemq] [ebae2952]         </subscription-identifier>
2025-01-29 14:01:48,724 INFO c.h.h.t.OperatorHelmChartContainer - [local-hivemq-67788d9bd6] [hivemq] [ebae2952] 
2025-01-29 14:01:48,724 INFO c.h.h.t.OperatorHelmChartContainer - [local-hivemq-67788d9bd6] [hivemq] [ebae2952]         <wildcard-subscriptions>
2025-01-29 14:01:48,724 INFO c.h.h.t.OperatorHelmChartContainer - [local-hivemq-67788d9bd6] [hivemq] [ebae2952]             <enabled>${HIVEMQ_WILDCARD_SUBSCRIPTION_ENABLED}</enabled>
2025-01-29 14:01:48,724 INFO c.h.h.t.OperatorHelmChartContainer - [local-hivemq-67788d9bd6] [hivemq] [ebae2952]         </wildcard-subscriptions>
2025-01-29 14:01:48,724 INFO c.h.h.t.OperatorHelmChartContainer - [local-hivemq-67788d9bd6] [hivemq] [ebae2952] 
2025-01-29 14:01:48,724 INFO c.h.h.t.OperatorHelmChartContainer - [local-hivemq-67788d9bd6] [hivemq] [ebae2952]         <shared-subscriptions>
2025-01-29 14:01:48,724 INFO c.h.h.t.OperatorHelmChartContainer - [local-hivemq-67788d9bd6] [hivemq] [ebae2952]             <enabled>${HIVEMQ_SHARED_SUBSCRIPTION_ENABLED}</enabled>
2025-01-29 14:01:48,724 INFO c.h.h.t.OperatorHelmChartContainer - [local-hivemq-67788d9bd6] [hivemq] [ebae2952]         </shared-subscriptions>
2025-01-29 14:01:48,724 INFO c.h.h.t.OperatorHelmChartContainer - [local-hivemq-67788d9bd6] [hivemq] [ebae2952] 
2025-01-29 14:01:48,724 INFO c.h.h.t.OperatorHelmChartContainer - [local-hivemq-67788d9bd6] [hivemq] [ebae2952]         <quality-of-service>
2025-01-29 14:01:48,724 INFO c.h.h.t.OperatorHelmChartContainer - [local-hivemq-67788d9bd6] [hivemq] [ebae2952]             <max-qos>${HIVEMQ_MAX_QOS}</max-qos>
2025-01-29 14:01:48,724 INFO c.h.h.t.OperatorHelmChartContainer - [local-hivemq-67788d9bd6] [hivemq] [ebae2952]         </quality-of-service>
2025-01-29 14:01:48,724 INFO c.h.h.t.OperatorHelmChartContainer - [local-hivemq-67788d9bd6] [hivemq] [ebae2952] 
2025-01-29 14:01:48,724 INFO c.h.h.t.OperatorHelmChartContainer - [local-hivemq-67788d9bd6] [hivemq] [ebae2952]         <retained-messages>
2025-01-29 14:01:48,724 INFO c.h.h.t.OperatorHelmChartContainer - [local-hivemq-67788d9bd6] [hivemq] [ebae2952]             <enabled>${HIVEMQ_RETAINED_MESSAGES_ENABLED}</enabled>
2025-01-29 14:01:48,724 INFO c.h.h.t.OperatorHelmChartContainer - [local-hivemq-67788d9bd6] [hivemq] [ebae2952]         </retained-messages>
2025-01-29 14:01:48,724 INFO c.h.h.t.OperatorHelmChartContainer - [local-hivemq-67788d9bd6] [hivemq] [ebae2952] 
2025-01-29 14:01:48,724 INFO c.h.h.t.OperatorHelmChartContainer - [local-hivemq-67788d9bd6] [hivemq] [ebae2952]         <queued-messages>
2025-01-29 14:01:48,724 INFO c.h.h.t.OperatorHelmChartContainer - [local-hivemq-67788d9bd6] [hivemq] [ebae2952]             <max-queue-size>${HIVEMQ_QUEUED_MESSAGE_MAX_QUEUE_SIZE}</max-queue-size>
2025-01-29 14:01:48,724 INFO c.h.h.t.OperatorHelmChartContainer - [local-hivemq-67788d9bd6] [hivemq] [ebae2952]             <strategy>${HIVEMQ_QUEUED_MESSAGE_STRATEGY}</strategy>
2025-01-29 14:01:48,724 INFO c.h.h.t.OperatorHelmChartContainer - [local-hivemq-67788d9bd6] [hivemq] [ebae2952]         </queued-messages>
2025-01-29 14:01:48,724 INFO c.h.h.t.OperatorHelmChartContainer - [local-hivemq-67788d9bd6] [hivemq] [ebae2952]     </mqtt>
2025-01-29 14:01:48,724 INFO c.h.h.t.OperatorHelmChartContainer - [local-hivemq-67788d9bd6] [hivemq] [ebae2952]     <security>
2025-01-29 14:01:48,724 INFO c.h.h.t.OperatorHelmChartContainer - [local-hivemq-67788d9bd6] [hivemq] [ebae2952]         <!-- Allows the use of empty client ids -->
2025-01-29 14:01:48,724 INFO c.h.h.t.OperatorHelmChartContainer - [local-hivemq-67788d9bd6] [hivemq] [ebae2952]         <allow-empty-client-id>
2025-01-29 14:01:48,724 INFO c.h.h.t.OperatorHelmChartContainer - [local-hivemq-67788d9bd6] [hivemq] [ebae2952]             <enabled>${HIVEMQ_ALLOW_EMPTY_CLIENT_ID}</enabled>
2025-01-29 14:01:48,724 INFO c.h.h.t.OperatorHelmChartContainer - [local-hivemq-67788d9bd6] [hivemq] [ebae2952]         </allow-empty-client-id>
2025-01-29 14:01:48,724 INFO c.h.h.t.OperatorHelmChartContainer - [local-hivemq-67788d9bd6] [hivemq] [ebae2952] 
2025-01-29 14:01:48,724 INFO c.h.h.t.OperatorHelmChartContainer - [local-hivemq-67788d9bd6] [hivemq] [ebae2952]         <!-- Configures validation for UTF-8 PUBLISH payloads -->
2025-01-29 14:01:48,724 INFO c.h.h.t.OperatorHelmChartContainer - [local-hivemq-67788d9bd6] [hivemq] [ebae2952]         <payload-format-validation>
2025-01-29 14:01:48,724 INFO c.h.h.t.OperatorHelmChartContainer - [local-hivemq-67788d9bd6] [hivemq] [ebae2952]             <enabled>${HIVEMQ_PAYLOAD_FORMAT_VALIDATION}</enabled>
2025-01-29 14:01:48,724 INFO c.h.h.t.OperatorHelmChartContainer - [local-hivemq-67788d9bd6] [hivemq] [ebae2952]         </payload-format-validation>
2025-01-29 14:01:48,724 INFO c.h.h.t.OperatorHelmChartContainer - [local-hivemq-67788d9bd6] [hivemq] [ebae2952] 
2025-01-29 14:01:48,725 INFO c.h.h.t.OperatorHelmChartContainer - [local-hivemq-67788d9bd6] [hivemq] [ebae2952]         <utf8-validation>
2025-01-29 14:01:48,725 INFO c.h.h.t.OperatorHelmChartContainer - [local-hivemq-67788d9bd6] [hivemq] [ebae2952]             <enabled>${HIVEMQ_TOPIC_FORMAT_VALIDATION}</enabled>
2025-01-29 14:01:48,725 INFO c.h.h.t.OperatorHelmChartContainer - [local-hivemq-67788d9bd6] [hivemq] [ebae2952]         </utf8-validation>
2025-01-29 14:01:48,725 INFO c.h.h.t.OperatorHelmChartContainer - [local-hivemq-67788d9bd6] [hivemq] [ebae2952] 
2025-01-29 14:01:48,725 INFO c.h.h.t.OperatorHelmChartContainer - [local-hivemq-67788d9bd6] [hivemq] [ebae2952]         <!-- Allows clients to request problem information -->
2025-01-29 14:01:48,725 INFO c.h.h.t.OperatorHelmChartContainer - [local-hivemq-67788d9bd6] [hivemq] [ebae2952]         <allow-request-problem-information>
2025-01-29 14:01:48,725 INFO c.h.h.t.OperatorHelmChartContainer - [local-hivemq-67788d9bd6] [hivemq] [ebae2952]             <enabled>${HIVEMQ_ALLOW_REQUEST_PROBLEM_INFORMATION}</enabled>
2025-01-29 14:01:48,725 INFO c.h.h.t.OperatorHelmChartContainer - [local-hivemq-67788d9bd6] [hivemq] [ebae2952]         </allow-request-problem-information>
2025-01-29 14:01:48,725 INFO c.h.h.t.OperatorHelmChartContainer - [local-hivemq-67788d9bd6] [hivemq] [ebae2952] 
2025-01-29 14:01:48,725 INFO c.h.h.t.OperatorHelmChartContainer - [local-hivemq-67788d9bd6] [hivemq] [ebae2952]         <control-center-audit-log>
2025-01-29 14:01:48,725 INFO c.h.h.t.OperatorHelmChartContainer - [local-hivemq-67788d9bd6] [hivemq] [ebae2952]             <enabled>${HIVEMQ_CONTROL_CENTER_AUDIT_LOG_ENABLED}</enabled>
2025-01-29 14:01:48,725 INFO c.h.h.t.OperatorHelmChartContainer - [local-hivemq-67788d9bd6] [hivemq] [ebae2952]         </control-center-audit-log>
2025-01-29 14:01:48,725 INFO c.h.h.t.OperatorHelmChartContainer - [local-hivemq-67788d9bd6] [hivemq] [ebae2952]     </security>
2025-01-29 14:01:48,725 INFO c.h.h.t.OperatorHelmChartContainer - [local-hivemq-67788d9bd6] [hivemq] [ebae2952] </hivemq>
2025-01-29 14:01:48,725 INFO c.h.h.t.OperatorHelmChartContainer - [local-hivemq-67788d9bd6] [hivemq] [ebae2952]  ]]
2025-01-29 14:01:48,725 INFO c.h.h.t.OperatorHelmChartContainer - [local-hivemq-67788d9bd6] [hivemq] [ebae2952] + echo 'Rewriting config.xml...'
2025-01-29 14:01:48,725 INFO c.h.h.t.OperatorHelmChartContainer - [local-hivemq-67788d9bd6] [hivemq] [ebae2952] + echo '<?xml version="1.0"?>
2025-01-29 14:01:48,725 INFO c.h.h.t.OperatorHelmChartContainer - [local-hivemq-67788d9bd6] [hivemq] [ebae2952] <hivemq xmlns:xsi="http://www.w3.org/2001/XMLSchema-instance"
2025-01-29 14:01:48,725 INFO c.h.h.t.OperatorHelmChartContainer - [local-hivemq-67788d9bd6] [hivemq] [ebae2952]         xsi:noNamespaceSchemaLocation="config.xsd">
2025-01-29 14:01:48,725 INFO c.h.h.t.OperatorHelmChartContainer - [local-hivemq-67788d9bd6] [hivemq] [ebae2952]     <listeners>
2025-01-29 14:01:48,725 INFO c.h.h.t.OperatorHelmChartContainer - [local-hivemq-67788d9bd6] [hivemq] [ebae2952]         --LISTENER-CONFIGURATION--
2025-01-29 14:01:48,725 INFO c.h.h.t.OperatorHelmChartContainer - [local-hivemq-67788d9bd6] [hivemq] [ebae2952]     </listeners>
2025-01-29 14:01:48,725 INFO c.h.h.t.OperatorHelmChartContainer - [local-hivemq-67788d9bd6] [hivemq] [ebae2952]     <control-center>
2025-01-29 14:01:48,725 INFO c.h.h.t.OperatorHelmChartContainer - [local-hivemq-67788d9bd6] [hivemq] [ebae2952]         <listeners>
2025-01-29 14:01:48,725 INFO c.h.h.t.OperatorHelmChartContainer - [local-hivemq-67788d9bd6] [hivemq] [ebae2952]             <http>
2025-01-29 14:01:48,725 INFO c.h.h.t.OperatorHelmChartContainer - [local-hivemq-67788d9bd6] [hivemq] [ebae2952]                 <port>${HIVEMQ_CONTROL_CENTER_PORT}</port>
2025-01-29 14:01:48,725 INFO c.h.h.t.OperatorHelmChartContainer - [local-hivemq-67788d9bd6] [hivemq] [ebae2952]                 <bind-address>0.0.0.0</bind-address>
2025-01-29 14:01:48,725 INFO c.h.h.t.OperatorHelmChartContainer - [local-hivemq-67788d9bd6] [hivemq] [ebae2952]             </http>
2025-01-29 14:01:48,725 INFO c.h.h.t.OperatorHelmChartContainer - [local-hivemq-67788d9bd6] [hivemq] [ebae2952]         </listeners>
2025-01-29 14:01:48,725 INFO c.h.h.t.OperatorHelmChartContainer - [local-hivemq-67788d9bd6] [hivemq] [ebae2952]         <users>
2025-01-29 14:01:48,725 INFO c.h.h.t.OperatorHelmChartContainer - [local-hivemq-67788d9bd6] [hivemq] [ebae2952]             <user>
2025-01-29 14:01:48,725 INFO c.h.h.t.OperatorHelmChartContainer - [local-hivemq-67788d9bd6] [hivemq] [ebae2952]                 <name>${HIVEMQ_CONTROL_CENTER_USER}</name>
2025-01-29 14:01:48,725 INFO c.h.h.t.OperatorHelmChartContainer - [local-hivemq-67788d9bd6] [hivemq] [ebae2952]                 <password>${HIVEMQ_CONTROL_CENTER_PASSWORD}</password>
2025-01-29 14:01:48,725 INFO c.h.h.t.OperatorHelmChartContainer - [local-hivemq-67788d9bd6] [hivemq] [ebae2952]             </user>
2025-01-29 14:01:48,725 INFO c.h.h.t.OperatorHelmChartContainer - [local-hivemq-67788d9bd6] [hivemq] [ebae2952]         </users>
2025-01-29 14:01:48,725 INFO c.h.h.t.OperatorHelmChartContainer - [local-hivemq-67788d9bd6] [hivemq] [ebae2952]     </control-center>
2025-01-29 14:01:48,725 INFO c.h.h.t.OperatorHelmChartContainer - [local-hivemq-67788d9bd6] [hivemq] [ebae2952] 
2025-01-29 14:01:48,725 INFO c.h.h.t.OperatorHelmChartContainer - [local-hivemq-67788d9bd6] [hivemq] [ebae2952]     <!--REST-API-CONFIGURATION-->
2025-01-29 14:01:48,725 INFO c.h.h.t.OperatorHelmChartContainer - [local-hivemq-67788d9bd6] [hivemq] [ebae2952]     <cluster>
2025-01-29 14:01:48,725 INFO c.h.h.t.OperatorHelmChartContainer - [local-hivemq-67788d9bd6] [hivemq] [ebae2952]         <enabled>true</enabled>
2025-01-29 14:01:48,725 INFO c.h.h.t.OperatorHelmChartContainer - [local-hivemq-67788d9bd6] [hivemq] [ebae2952]         <transport>
2025-01-29 14:01:48,725 INFO c.h.h.t.OperatorHelmChartContainer - [local-hivemq-67788d9bd6] [hivemq] [ebae2952]             <tcp>
2025-01-29 14:01:48,725 INFO c.h.h.t.OperatorHelmChartContainer - [local-hivemq-67788d9bd6] [hivemq] [ebae2952]                 <bind-address>${HIVEMQ_BIND_ADDRESS}</bind-address>
2025-01-29 14:01:48,725 INFO c.h.h.t.OperatorHelmChartContainer - [local-hivemq-67788d9bd6] [hivemq] [ebae2952]                 <bind-port>${HIVEMQ_CLUSTER_PORT}</bind-port>
2025-01-29 14:01:48,725 INFO c.h.h.t.OperatorHelmChartContainer - [local-hivemq-67788d9bd6] [hivemq] [ebae2952]             </tcp>
2025-01-29 14:01:48,725 INFO c.h.h.t.OperatorHelmChartContainer - [local-hivemq-67788d9bd6] [hivemq] [ebae2952]         </transport>
2025-01-29 14:01:48,725 INFO c.h.h.t.OperatorHelmChartContainer - [local-hivemq-67788d9bd6] [hivemq] [ebae2952]         <discovery>
2025-01-29 14:01:48,725 INFO c.h.h.t.OperatorHelmChartContainer - [local-hivemq-67788d9bd6] [hivemq] [ebae2952]             <extension/>
2025-01-29 14:01:48,725 INFO c.h.h.t.OperatorHelmChartContainer - [local-hivemq-67788d9bd6] [hivemq] [ebae2952]         </discovery>
2025-01-29 14:01:48,725 INFO c.h.h.t.OperatorHelmChartContainer - [local-hivemq-67788d9bd6] [hivemq] [ebae2952] 
2025-01-29 14:01:48,725 INFO c.h.h.t.OperatorHelmChartContainer - [local-hivemq-67788d9bd6] [hivemq] [ebae2952]         <replication>
2025-01-29 14:01:48,725 INFO c.h.h.t.OperatorHelmChartContainer - [local-hivemq-67788d9bd6] [hivemq] [ebae2952]             <replica-count>${HIVEMQ_CLUSTER_REPLICA_COUNT}</replica-count>
2025-01-29 14:01:48,725 INFO c.h.h.t.OperatorHelmChartContainer - [local-hivemq-67788d9bd6] [hivemq] [ebae2952]         </replication>
2025-01-29 14:01:48,725 INFO c.h.h.t.OperatorHelmChartContainer - [local-hivemq-67788d9bd6] [hivemq] [ebae2952] 
2025-01-29 14:01:48,725 INFO c.h.h.t.OperatorHelmChartContainer - [local-hivemq-67788d9bd6] [hivemq] [ebae2952]         <failure-detection>
2025-01-29 14:01:48,725 INFO c.h.h.t.OperatorHelmChartContainer - [local-hivemq-67788d9bd6] [hivemq] [ebae2952]             <tcp-health-check>
2025-01-29 14:01:48,725 INFO c.h.h.t.OperatorHelmChartContainer - [local-hivemq-67788d9bd6] [hivemq] [ebae2952]                 <enabled>true</enabled>
2025-01-29 14:01:48,725 INFO c.h.h.t.OperatorHelmChartContainer - [local-hivemq-67788d9bd6] [hivemq] [ebae2952]                 <bind-address>${HIVEMQ_BIND_ADDRESS}</bind-address>
2025-01-29 14:01:48,725 INFO c.h.h.t.OperatorHelmChartContainer - [local-hivemq-67788d9bd6] [hivemq] [ebae2952]                 <bind-port>9000</bind-port>
2025-01-29 14:01:48,725 INFO c.h.h.t.OperatorHelmChartContainer - [local-hivemq-67788d9bd6] [hivemq] [ebae2952]                 <port-range>50</port-range>
2025-01-29 14:01:48,725 INFO c.h.h.t.OperatorHelmChartContainer - [local-hivemq-67788d9bd6] [hivemq] [ebae2952]             </tcp-health-check>
2025-01-29 14:01:48,725 INFO c.h.h.t.OperatorHelmChartContainer - [local-hivemq-67788d9bd6] [hivemq] [ebae2952] 
2025-01-29 14:01:48,725 INFO c.h.h.t.OperatorHelmChartContainer - [local-hivemq-67788d9bd6] [hivemq] [ebae2952]             <heartbeat>
2025-01-29 14:01:48,725 INFO c.h.h.t.OperatorHelmChartContainer - [local-hivemq-67788d9bd6] [hivemq] [ebae2952]                 <enabled>true</enabled>
2025-01-29 14:01:48,725 INFO c.h.h.t.OperatorHelmChartContainer - [local-hivemq-67788d9bd6] [hivemq] [ebae2952]                 <interval>4000</interval>
2025-01-29 14:01:48,725 INFO c.h.h.t.OperatorHelmChartContainer - [local-hivemq-67788d9bd6] [hivemq] [ebae2952]                 <timeout>30000</timeout>
2025-01-29 14:01:48,725 INFO c.h.h.t.OperatorHelmChartContainer - [local-hivemq-67788d9bd6] [hivemq] [ebae2952]             </heartbeat>
2025-01-29 14:01:48,725 INFO c.h.h.t.OperatorHelmChartContainer - [local-hivemq-67788d9bd6] [hivemq] [ebae2952]         </failure-detection>
2025-01-29 14:01:48,725 INFO c.h.h.t.OperatorHelmChartContainer - [local-hivemq-67788d9bd6] [hivemq] [ebae2952] 
2025-01-29 14:01:48,725 INFO c.h.h.t.OperatorHelmChartContainer - [local-hivemq-67788d9bd6] [hivemq] [ebae2952]     </cluster>
2025-01-29 14:01:48,725 INFO c.h.h.t.OperatorHelmChartContainer - [local-hivemq-67788d9bd6] [hivemq] [ebae2952]     <overload-protection>
2025-01-29 14:01:48,725 INFO c.h.h.t.OperatorHelmChartContainer - [local-hivemq-67788d9bd6] [hivemq] [ebae2952]         <enabled>${HIVEMQ_CLUSTER_OVERLOAD_PROTECTION}</enabled>
2025-01-29 14:01:48,725 INFO c.h.h.t.OperatorHelmChartContainer - [local-hivemq-67788d9bd6] [hivemq] [ebae2952]     </overload-protection>
2025-01-29 14:01:48,725 INFO c.h.h.t.OperatorHelmChartContainer - [local-hivemq-67788d9bd6] [hivemq] [ebae2952]     <restrictions>
2025-01-29 14:01:48,725 INFO c.h.h.t.OperatorHelmChartContainer - [local-hivemq-67788d9bd6] [hivemq] [ebae2952]         <max-client-id-length>${HIVEMQ_MAX_CLIENT_ID_LENGTH}</max-client-id-length>
2025-01-29 14:01:48,725 INFO c.h.h.t.OperatorHelmChartContainer - [local-hivemq-67788d9bd6] [hivemq] [ebae2952]         <max-topic-length>${HIVEMQ_MAX_TOPIC_LENGTH}</max-topic-length>
2025-01-29 14:01:48,725 INFO c.h.h.t.OperatorHelmChartContainer - [local-hivemq-67788d9bd6] [hivemq] [ebae2952]         <max-connections>${HIVEMQ_MAX_CONNECTIONS}</max-connections>
2025-01-29 14:01:48,725 INFO c.h.h.t.OperatorHelmChartContainer - [local-hivemq-67788d9bd6] [hivemq] [ebae2952]         <incoming-bandwidth-throttling>${HIVEMQ_INCOMING_BANDWIDTH_THROTTLING}</incoming-bandwidth-throttling>
2025-01-29 14:01:48,725 INFO c.h.h.t.OperatorHelmChartContainer - [local-hivemq-67788d9bd6] [hivemq] [ebae2952]         <no-connect-idle-timeout>${HIVEMQ_NO_CONNECT_IDLE_TIMEOUT}</no-connect-idle-timeout>
2025-01-29 14:01:48,725 INFO c.h.h.t.OperatorHelmChartContainer - [local-hivemq-67788d9bd6] [hivemq] [ebae2952]     </restrictions>
2025-01-29 14:01:48,725 INFO c.h.h.t.OperatorHelmChartContainer - [local-hivemq-67788d9bd6] [hivemq] [ebae2952]     <mqtt>
2025-01-29 14:01:48,725 INFO c.h.h.t.OperatorHelmChartContainer - [local-hivemq-67788d9bd6] [hivemq] [ebae2952]         <session-expiry>
2025-01-29 14:01:48,725 INFO c.h.h.t.OperatorHelmChartContainer - [local-hivemq-67788d9bd6] [hivemq] [ebae2952]             <max-interval>${HIVEMQ_SESSION_EXPIRY_INTERVAL}</max-interval>
2025-01-29 14:01:48,725 INFO c.h.h.t.OperatorHelmChartContainer - [local-hivemq-67788d9bd6] [hivemq] [ebae2952]         </session-expiry>
2025-01-29 14:01:48,725 INFO c.h.h.t.OperatorHelmChartContainer - [local-hivemq-67788d9bd6] [hivemq] [ebae2952] 
2025-01-29 14:01:48,725 INFO c.h.h.t.OperatorHelmChartContainer - [local-hivemq-67788d9bd6] [hivemq] [ebae2952]         <message-expiry>
2025-01-29 14:01:48,725 INFO c.h.h.t.OperatorHelmChartContainer - [local-hivemq-67788d9bd6] [hivemq] [ebae2952]             <max-interval>${HIVEMQ_MESSAGE_EXPIRY_MAX_INTERVAL}</max-interval>
2025-01-29 14:01:48,725 INFO c.h.h.t.OperatorHelmChartContainer - [local-hivemq-67788d9bd6] [hivemq] [ebae2952]         </message-expiry>
2025-01-29 14:01:48,725 INFO c.h.h.t.OperatorHelmChartContainer - [local-hivemq-67788d9bd6] [hivemq] [ebae2952] 
2025-01-29 14:01:48,725 INFO c.h.h.t.OperatorHelmChartContainer - [local-hivemq-67788d9bd6] [hivemq] [ebae2952]         <packets>
2025-01-29 14:01:48,725 INFO c.h.h.t.OperatorHelmChartContainer - [local-hivemq-67788d9bd6] [hivemq] [ebae2952]             <max-packet-size>${HIVEMQ_MAX_PACKET_SIZE}</max-packet-size>
2025-01-29 14:01:48,725 INFO c.h.h.t.OperatorHelmChartContainer - [local-hivemq-67788d9bd6] [hivemq] [ebae2952]         </packets>
2025-01-29 14:01:48,725 INFO c.h.h.t.OperatorHelmChartContainer - [local-hivemq-67788d9bd6] [hivemq] [ebae2952] 
2025-01-29 14:01:48,725 INFO c.h.h.t.OperatorHelmChartContainer - [local-hivemq-67788d9bd6] [hivemq] [ebae2952]         <receive-maximum>
2025-01-29 14:01:48,725 INFO c.h.h.t.OperatorHelmChartContainer - [local-hivemq-67788d9bd6] [hivemq] [ebae2952]             <server-receive-maximum>${HIVEMQ_SERVER_RECEIVE_MAXIMUM}</server-receive-maximum>
2025-01-29 14:01:48,725 INFO c.h.h.t.OperatorHelmChartContainer - [local-hivemq-67788d9bd6] [hivemq] [ebae2952]         </receive-maximum>
2025-01-29 14:01:48,725 INFO c.h.h.t.OperatorHelmChartContainer - [local-hivemq-67788d9bd6] [hivemq] [ebae2952] 
2025-01-29 14:01:48,725 INFO c.h.h.t.OperatorHelmChartContainer - [local-hivemq-67788d9bd6] [hivemq] [ebae2952]         <keep-alive>
2025-01-29 14:01:48,725 INFO c.h.h.t.OperatorHelmChartContainer - [local-hivemq-67788d9bd6] [hivemq] [ebae2952]             <max-keep-alive>${HIVEMQ_KEEPALIVE_MAX}</max-keep-alive>
2025-01-29 14:01:48,725 INFO c.h.h.t.OperatorHelmChartContainer - [local-hivemq-67788d9bd6] [hivemq] [ebae2952]             <allow-unlimited>${HIVEMQ_KEEPALIVE_ALLOW_UNLIMITED}</allow-unlimited>
2025-01-29 14:01:48,725 INFO c.h.h.t.OperatorHelmChartContainer - [local-hivemq-67788d9bd6] [hivemq] [ebae2952]         </keep-alive>
2025-01-29 14:01:48,725 INFO c.h.h.t.OperatorHelmChartContainer - [local-hivemq-67788d9bd6] [hivemq] [ebae2952] 
2025-01-29 14:01:48,725 INFO c.h.h.t.OperatorHelmChartContainer - [local-hivemq-67788d9bd6] [hivemq] [ebae2952]         <topic-alias>
2025-01-29 14:01:48,725 INFO c.h.h.t.OperatorHelmChartContainer - [local-hivemq-67788d9bd6] [hivemq] [ebae2952]             <enabled>${HIVEMQ_TOPIC_ALIAS_ENABLED}</enabled>
2025-01-29 14:01:48,725 INFO c.h.h.t.OperatorHelmChartContainer - [local-hivemq-67788d9bd6] [hivemq] [ebae2952]             <max-per-client>${HIVEMQ_TOPIC_ALIAS_MAX_PER_CLIENT}</max-per-client>
2025-01-29 14:01:48,725 INFO c.h.h.t.OperatorHelmChartContainer - [local-hivemq-67788d9bd6] [hivemq] [ebae2952]         </topic-alias>
2025-01-29 14:01:48,725 INFO c.h.h.t.OperatorHelmChartContainer - [local-hivemq-67788d9bd6] [hivemq] [ebae2952] 
2025-01-29 14:01:48,725 INFO c.h.h.t.OperatorHelmChartContainer - [local-hivemq-67788d9bd6] [hivemq] [ebae2952]         <subscription-identifier>
2025-01-29 14:01:48,726 INFO c.h.h.t.OperatorHelmChartContainer - [EVENT] Normal [Completed] Job completed [default:local-hivemq-hivemq-operator-admission-patch]
2025-01-29 14:01:48,726 INFO c.h.h.t.OperatorHelmChartContainer - [EVENT] Normal [Scheduled] Successfully assigned default/local-hivemq-hivemq-operator-operator-584dd565df-5lb2f to ac881cdf1fe1 [default:local-hivemq-hivemq-operator-operator-584dd565df-5lb2f]
2025-01-29 14:01:48,726 INFO c.h.h.t.OperatorHelmChartContainer - [EVENT] Normal [Pulled] Container image "hivemq/hivemq-operator:snapshot" already present on machine [default:local-hivemq-hivemq-operator-operator-584dd565df-5lb2f]
2025-01-29 14:01:48,726 INFO c.h.h.t.OperatorHelmChartContainer - Received Pulled event for container operator in pod local-hivemq-hivemq-operator-operator-584dd565df-5lb2f [f3ce8a79-59d5-4bcd-a529-720f259343c6]
2025-01-29 14:01:48,726 INFO c.h.h.t.OperatorHelmChartContainer - [EVENT] Normal [Created] Created container: operator [default:local-hivemq-hivemq-operator-operator-584dd565df-5lb2f]
2025-01-29 14:01:48,726 INFO c.h.h.t.OperatorHelmChartContainer - Received Created event for container operator in pod local-hivemq-hivemq-operator-operator-584dd565df-5lb2f [f3ce8a79-59d5-4bcd-a529-720f259343c6]
2025-01-29 14:01:48,734 INFO c.h.h.t.OperatorHelmChartContainer - [local-hivemq-67788d9bd6] [hivemq] [ebae2952]             <enabled>${HIVEMQ_SUBSCRIPTION_IDENTIFIER_ENABLED}</enabled>
2025-01-29 14:01:48,734 INFO c.h.h.t.OperatorHelmChartContainer - [local-hivemq-67788d9bd6] [hivemq] [ebae2952]         </subscription-identifier>
2025-01-29 14:01:48,734 INFO c.h.h.t.OperatorHelmChartContainer - [local-hivemq-67788d9bd6] [hivemq] [ebae2952] 
2025-01-29 14:01:48,734 INFO c.h.h.t.OperatorHelmChartContainer - [local-hivemq-67788d9bd6] [hivemq] [ebae2952]         <wildcard-subscriptions>
2025-01-29 14:01:48,734 INFO c.h.h.t.OperatorHelmChartContainer - [local-hivemq-67788d9bd6] [hivemq] [ebae2952]             <enabled>${HIVEMQ_WILDCARD_SUBSCRIPTION_ENABLED}</enabled>
2025-01-29 14:01:48,734 INFO c.h.h.t.OperatorHelmChartContainer - [local-hivemq-67788d9bd6] [hivemq] [ebae2952]         </wildcard-subscriptions>
2025-01-29 14:01:48,734 INFO c.h.h.t.OperatorHelmChartContainer - [local-hivemq-67788d9bd6] [hivemq] [ebae2952] 
2025-01-29 14:01:48,734 INFO c.h.h.t.OperatorHelmChartContainer - [local-hivemq-67788d9bd6] [hivemq] [ebae2952]         <shared-subscriptions>
2025-01-29 14:01:48,734 INFO c.h.h.t.OperatorHelmChartContainer - [local-hivemq-67788d9bd6] [hivemq] [ebae2952]             <enabled>${HIVEMQ_SHARED_SUBSCRIPTION_ENABLED}</enabled>
2025-01-29 14:01:48,734 INFO c.h.h.t.OperatorHelmChartContainer - [local-hivemq-67788d9bd6] [hivemq] [ebae2952]         </shared-subscriptions>
2025-01-29 14:01:48,734 INFO c.h.h.t.OperatorHelmChartContainer - [local-hivemq-67788d9bd6] [hivemq] [ebae2952] 
2025-01-29 14:01:48,734 INFO c.h.h.t.OperatorHelmChartContainer - [local-hivemq-67788d9bd6] [hivemq] [ebae2952]         <quality-of-service>
2025-01-29 14:01:48,734 INFO c.h.h.t.OperatorHelmChartContainer - [local-hivemq-67788d9bd6] [hivemq] [ebae2952]             <max-qos>${HIVEMQ_MAX_QOS}</max-qos>
2025-01-29 14:01:48,734 INFO c.h.h.t.OperatorHelmChartContainer - [local-hivemq-67788d9bd6] [hivemq] [ebae2952]         </quality-of-service>
2025-01-29 14:01:48,734 INFO c.h.h.t.OperatorHelmChartContainer - [local-hivemq-67788d9bd6] [hivemq] [ebae2952] 
2025-01-29 14:01:48,734 INFO c.h.h.t.OperatorHelmChartContainer - [local-hivemq-67788d9bd6] [hivemq] [ebae2952]         <retained-messages>
2025-01-29 14:01:48,734 INFO c.h.h.t.OperatorHelmChartContainer - [local-hivemq-67788d9bd6] [hivemq] [ebae2952]             <enabled>${HIVEMQ_RETAINED_MESSAGES_ENABLED}</enabled>
2025-01-29 14:01:48,734 INFO c.h.h.t.OperatorHelmChartContainer - [local-hivemq-67788d9bd6] [hivemq] [ebae2952]         </retained-messages>
2025-01-29 14:01:48,734 INFO c.h.h.t.OperatorHelmChartContainer - [local-hivemq-67788d9bd6] [hivemq] [ebae2952] 
2025-01-29 14:01:48,734 INFO c.h.h.t.OperatorHelmChartContainer - [local-hivemq-67788d9bd6] [hivemq] [ebae2952]         <queued-messages>
2025-01-29 14:01:48,734 INFO c.h.h.t.OperatorHelmChartContainer - [local-hivemq-67788d9bd6] [hivemq] [ebae2952]             <max-queue-size>${HIVEMQ_QUEUED_MESSAGE_MAX_QUEUE_SIZE}</max-queue-size>
2025-01-29 14:01:48,734 INFO c.h.h.t.OperatorHelmChartContainer - [local-hivemq-67788d9bd6] [hivemq] [ebae2952]             <strategy>${HIVEMQ_QUEUED_MESSAGE_STRATEGY}</strategy>
2025-01-29 14:01:48,734 INFO c.h.h.t.OperatorHelmChartContainer - [local-hivemq-67788d9bd6] [hivemq] [ebae2952]         </queued-messages>
2025-01-29 14:01:48,734 INFO c.h.h.t.OperatorHelmChartContainer - [local-hivemq-67788d9bd6] [hivemq] [ebae2952]     </mqtt>
2025-01-29 14:01:48,734 INFO c.h.h.t.OperatorHelmChartContainer - [local-hivemq-67788d9bd6] [hivemq] [ebae2952]     <security>
2025-01-29 14:01:48,734 INFO c.h.h.t.OperatorHelmChartContainer - [local-hivemq-67788d9bd6] [hivemq] [ebae2952]         <!-- Allows the use of empty client ids -->
2025-01-29 14:01:48,734 INFO c.h.h.t.OperatorHelmChartContainer - [local-hivemq-67788d9bd6] [hivemq] [ebae2952]         <allow-empty-client-id>
2025-01-29 14:01:48,734 INFO c.h.h.t.OperatorHelmChartContainer - [local-hivemq-67788d9bd6] [hivemq] [ebae2952]             <enabled>${HIVEMQ_ALLOW_EMPTY_CLIENT_ID}</enabled>
2025-01-29 14:01:48,734 INFO c.h.h.t.OperatorHelmChartContainer - [local-hivemq-67788d9bd6] [hivemq] [ebae2952]         </allow-empty-client-id>
2025-01-29 14:01:48,734 INFO c.h.h.t.OperatorHelmChartContainer - [local-hivemq-67788d9bd6] [hivemq] [ebae2952] 
2025-01-29 14:01:48,734 INFO c.h.h.t.OperatorHelmChartContainer - [local-hivemq-67788d9bd6] [hivemq] [ebae2952]         <!-- Configures validation for UTF-8 PUBLISH payloads -->
2025-01-29 14:01:48,734 INFO c.h.h.t.OperatorHelmChartContainer - [local-hivemq-67788d9bd6] [hivemq] [ebae2952]         <payload-format-validation>
2025-01-29 14:01:48,734 INFO c.h.h.t.OperatorHelmChartContainer - [local-hivemq-67788d9bd6] [hivemq] [ebae2952]             <enabled>${HIVEMQ_PAYLOAD_FORMAT_VALIDATION}</enabled>
2025-01-29 14:01:48,734 INFO c.h.h.t.OperatorHelmChartContainer - [local-hivemq-67788d9bd6] [hivemq] [ebae2952]         </payload-format-validation>
2025-01-29 14:01:48,734 INFO c.h.h.t.OperatorHelmChartContainer - [local-hivemq-67788d9bd6] [hivemq] [ebae2952] 
2025-01-29 14:01:48,734 INFO c.h.h.t.OperatorHelmChartContainer - [local-hivemq-67788d9bd6] [hivemq] [ebae2952]         <utf8-validation>
2025-01-29 14:01:48,734 INFO c.h.h.t.OperatorHelmChartContainer - [local-hivemq-67788d9bd6] [hivemq] [ebae2952]             <enabled>${HIVEMQ_TOPIC_FORMAT_VALIDATION}</enabled>
2025-01-29 14:01:48,734 INFO c.h.h.t.OperatorHelmChartContainer - [local-hivemq-67788d9bd6] [hivemq] [ebae2952]         </utf8-validation>
2025-01-29 14:01:48,734 INFO c.h.h.t.OperatorHelmChartContainer - [local-hivemq-67788d9bd6] [hivemq] [ebae2952] 
2025-01-29 14:01:48,734 INFO c.h.h.t.OperatorHelmChartContainer - [local-hivemq-67788d9bd6] [hivemq] [ebae2952]         <!-- Allows clients to request problem information -->
2025-01-29 14:01:48,734 INFO c.h.h.t.OperatorHelmChartContainer - [local-hivemq-67788d9bd6] [hivemq] [ebae2952]         <allow-request-problem-information>
2025-01-29 14:01:48,734 INFO c.h.h.t.OperatorHelmChartContainer - [local-hivemq-67788d9bd6] [hivemq] [ebae2952]             <enabled>${HIVEMQ_ALLOW_REQUEST_PROBLEM_INFORMATION}</enabled>
2025-01-29 14:01:48,734 INFO c.h.h.t.OperatorHelmChartContainer - [local-hivemq-67788d9bd6] [hivemq] [ebae2952]         </allow-request-problem-information>
2025-01-29 14:01:48,734 INFO c.h.h.t.OperatorHelmChartContainer - [local-hivemq-67788d9bd6] [hivemq] [ebae2952] 
2025-01-29 14:01:48,734 INFO c.h.h.t.OperatorHelmChartContainer - [local-hivemq-67788d9bd6] [hivemq] [ebae2952]         <control-center-audit-log>
2025-01-29 14:01:48,734 INFO c.h.h.t.OperatorHelmChartContainer - [local-hivemq-67788d9bd6] [hivemq] [ebae2952]             <enabled>${HIVEMQ_CONTROL_CENTER_AUDIT_LOG_ENABLED}</enabled>
2025-01-29 14:01:48,734 INFO c.h.h.t.OperatorHelmChartContainer - [local-hivemq-67788d9bd6] [hivemq] [ebae2952]         </control-center-audit-log>
2025-01-29 14:01:48,734 INFO c.h.h.t.OperatorHelmChartContainer - [local-hivemq-67788d9bd6] [hivemq] [ebae2952]     </security>
2025-01-29 14:01:48,734 INFO c.h.h.t.OperatorHelmChartContainer - [local-hivemq-67788d9bd6] [hivemq] [ebae2952] </hivemq>
2025-01-29 14:01:48,734 INFO c.h.h.t.OperatorHelmChartContainer - [local-hivemq-67788d9bd6] [hivemq] [ebae2952] '
2025-01-29 14:01:48,734 INFO c.h.h.t.OperatorHelmChartContainer - [local-hivemq-67788d9bd6] [hivemq] [ebae2952] + HIVEMQ_LISTENER_CONFIGURATION='<tcp-listener>    <port>${HIVEMQ_MQTT_PORT}</port>    <bind-address>0.0.0.0</bind-address></tcp-listener>'
2025-01-29 14:01:48,734 INFO c.h.h.t.OperatorHelmChartContainer - [local-hivemq-67788d9bd6] [hivemq] [ebae2952] + sed -i 's|--LISTENER-CONFIGURATION--|<tcp-listener>    <port>${HIVEMQ_MQTT_PORT}</port>    <bind-address>0.0.0.0</bind-address></tcp-listener>|' /opt/hivemq/conf/config.xml
2025-01-29 14:01:48,734 INFO c.h.h.t.OperatorHelmChartContainer - [local-hivemq-67788d9bd6] [hivemq] [ebae2952] + HIVEMQ_REST_API_CONFIGURATION='<rest-api/>'
2025-01-29 14:01:48,734 INFO c.h.h.t.OperatorHelmChartContainer - [local-hivemq-67788d9bd6] [hivemq] [ebae2952] + sed -i 's|<\!--REST-API-CONFIGURATION-->|<rest-api/>|' /opt/hivemq/conf/config.xml
2025-01-29 14:01:48,734 INFO c.h.h.t.OperatorHelmChartContainer - [local-hivemq-67788d9bd6] [hivemq] [ebae2952] Creating initial lastUpdate files...
2025-01-29 14:01:48,734 INFO c.h.h.t.OperatorHelmChartContainer - [local-hivemq-67788d9bd6] [hivemq] [ebae2952] + echo 'Creating initial lastUpdate files...'
2025-01-29 14:01:48,734 INFO c.h.h.t.OperatorHelmChartContainer - [local-hivemq-67788d9bd6] [hivemq] [ebae2952] ++ find /conf-override -type f
2025-01-29 14:01:48,734 INFO c.h.h.t.OperatorHelmChartContainer - [local-hivemq-67788d9bd6] [hivemq] [ebae2952] ++ grep -v /conf-override/data
2025-01-29 14:01:48,735 INFO c.h.h.t.OperatorHelmChartContainer - [local-hivemq-67788d9bd6] [hivemq] [ebae2952] ++ find /hivemq-data -type f
2025-01-29 14:01:48,735 INFO c.h.h.t.OperatorHelmChartContainer - [local-hivemq-67788d9bd6] [hivemq] [ebae2952] Disabling Prometheus
2025-01-29 14:01:48,735 INFO c.h.h.t.OperatorHelmChartContainer - [local-hivemq-67788d9bd6] [hivemq] [ebae2952] + [[ '' != \t\r\u\e ]]
2025-01-29 14:01:48,735 INFO c.h.h.t.OperatorHelmChartContainer - [local-hivemq-67788d9bd6] [hivemq] [ebae2952] + echo 'Disabling Prometheus'
2025-01-29 14:01:48,735 INFO c.h.h.t.OperatorHelmChartContainer - [local-hivemq-67788d9bd6] [hivemq] [ebae2952] + mkdir -p /opt/hivemq/extensions/hivemq-prometheus-extension/
2025-01-29 14:01:48,735 INFO c.h.h.t.OperatorHelmChartContainer - [local-hivemq-67788d9bd6] [hivemq] [ebae2952] + touch /opt/hivemq/extensions/hivemq-prometheus-extension/DISABLED
2025-01-29 14:01:48,735 INFO c.h.h.t.OperatorHelmChartContainer - [local-hivemq-67788d9bd6] [hivemq] [ebae2952] + cp -s /etc/podinfo/replica-count /opt/hivemq/initial_node_count
2025-01-29 14:01:48,735 INFO c.h.h.t.OperatorHelmChartContainer - [local-hivemq-67788d9bd6] [hivemq] [ebae2952] Pod info:
2025-01-29 14:01:48,735 INFO c.h.h.t.OperatorHelmChartContainer - [local-hivemq-67788d9bd6] [hivemq] [ebae2952] + echo 'Pod info:'
2025-01-29 14:01:48,735 INFO c.h.h.t.OperatorHelmChartContainer - [local-hivemq-67788d9bd6] [hivemq] [ebae2952] + cat /etc/podinfo/extension-state
2025-01-29 14:01:48,735 INFO c.h.h.t.OperatorHelmChartContainer - [local-hivemq-67788d9bd6] [hivemq] [ebae2952] extension-names=hivemq-kafka-extension hivemq-google-cloud-pubsub-extension hivemq-bridge-extension hivemq-enterprise-security-extension hivemq-distributed-tracing-extension hivemq-amazon-kinesis-extension
2025-01-29 14:01:48,735 INFO c.h.h.t.OperatorHelmChartContainer - [local-hivemq-67788d9bd6] [hivemq] [ebae2952] extension-uris=preinstalled preinstalled preinstalled preinstalled preinstalled preinstalled
2025-01-29 14:01:48,735 INFO c.h.h.t.OperatorHelmChartContainer - [local-hivemq-67788d9bd6] [hivemq] [ebae2952] extension-states=false false false false false false
2025-01-29 14:01:48,735 INFO c.h.h.t.OperatorHelmChartContainer - [local-hivemq-67788d9bd6] [hivemq] [ebae2952] extensions-static=false false false false false false
2025-01-29 14:01:48,735 INFO c.h.h.t.OperatorHelmChartContainer - [local-hivemq-67788d9bd6] [hivemq] [ebae2952] + mapfile -d ' ' -t EXTENSION_NAMES
2025-01-29 14:01:48,735 INFO c.h.h.t.OperatorHelmChartContainer - [local-hivemq-67788d9bd6] [hivemq] [ebae2952] ++ grep extension-names /etc/podinfo/extension-state
2025-01-29 14:01:48,735 INFO c.h.h.t.OperatorHelmChartContainer - [local-hivemq-67788d9bd6] [hivemq] [ebae2952] ++ sed -E 's|^extension-names=(.*)|\1|'
2025-01-29 14:01:48,735 INFO c.h.h.t.OperatorHelmChartContainer - [local-hivemq-67788d9bd6] [hivemq] [ebae2952] ++ tr -d '\n'
2025-01-29 14:01:48,735 INFO c.h.h.t.OperatorHelmChartContainer - [local-hivemq-67788d9bd6] [hivemq] [ebae2952] + mapfile -d ' ' -t EXTENSION_STATES
2025-01-29 14:01:48,735 INFO c.h.h.t.OperatorHelmChartContainer - [local-hivemq-67788d9bd6] [hivemq] [ebae2952] ++ grep extension-states /etc/podinfo/extension-state
2025-01-29 14:01:48,735 INFO c.h.h.t.OperatorHelmChartContainer - [local-hivemq-67788d9bd6] [hivemq] [ebae2952] ++ sed -E 's|^extension-states=(.*)|\1|'
2025-01-29 14:01:48,735 INFO c.h.h.t.OperatorHelmChartContainer - [local-hivemq-67788d9bd6] [hivemq] [ebae2952] ++ tr -d '\n'
2025-01-29 14:01:48,735 INFO c.h.h.t.OperatorHelmChartContainer - [local-hivemq-67788d9bd6] [hivemq] [ebae2952] + mapfile -d ' ' -t EXTENSION_URIS
2025-01-29 14:01:48,735 INFO c.h.h.t.OperatorHelmChartContainer - [local-hivemq-67788d9bd6] [hivemq] [ebae2952] ++ grep extension-uris /etc/podinfo/extension-state
2025-01-29 14:01:48,735 INFO c.h.h.t.OperatorHelmChartContainer - [local-hivemq-67788d9bd6] [hivemq] [ebae2952] ++ sed -E 's|^extension-uris=(.*)|\1|'
2025-01-29 14:01:48,735 INFO c.h.h.t.OperatorHelmChartContainer - [local-hivemq-67788d9bd6] [hivemq] [ebae2952] ++ tr -d '\n'
2025-01-29 14:01:48,735 INFO c.h.h.t.OperatorHelmChartContainer - [local-hivemq-67788d9bd6] [hivemq] [ebae2952] + [[ 6 -ge 1 ]]
2025-01-29 14:01:48,735 INFO c.h.h.t.OperatorHelmChartContainer - [local-hivemq-67788d9bd6] [hivemq] [ebae2952] + (( iter=0 ))
2025-01-29 14:01:48,735 INFO c.h.h.t.OperatorHelmChartContainer - [local-hivemq-67788d9bd6] [hivemq] [ebae2952] + (( iter<6 ))
2025-01-29 14:01:48,735 INFO c.h.h.t.OperatorHelmChartContainer - [local-hivemq-67788d9bd6] [hivemq] [ebae2952] + echo 'Installing extension #0 with name: hivemq-kafka-extension, URI: preinstalled, enabled state: false'
2025-01-29 14:01:48,735 INFO c.h.h.t.OperatorHelmChartContainer - [local-hivemq-67788d9bd6] [hivemq] [ebae2952] Installing extension #0 with name: hivemq-kafka-extension, URI: preinstalled, enabled state: false
2025-01-29 14:01:48,735 INFO c.h.h.t.OperatorHelmChartContainer - [local-hivemq-67788d9bd6] [hivemq] [ebae2952] + PIDS=' 38'
2025-01-29 14:01:48,735 INFO c.h.h.t.OperatorHelmChartContainer - [local-hivemq-67788d9bd6] [hivemq] [ebae2952] + wait 38
2025-01-29 14:01:48,735 INFO c.h.h.t.OperatorHelmChartContainer - [local-hivemq-67788d9bd6] [hivemq] [ebae2952] + ASYNC_INSTALL=true
2025-01-29 14:01:48,735 INFO c.h.h.t.OperatorHelmChartContainer - [local-hivemq-67788d9bd6] [hivemq] [ebae2952] + /opt/hivemq/bin/install_extension.sh preinstalled hivemq-kafka-extension false
2025-01-29 14:01:48,735 INFO c.h.h.t.OperatorHelmChartContainer - [local-hivemq-67788d9bd6] [hivemq] [ebae2952] + [[ 3 != 3 ]]
2025-01-29 14:01:48,735 INFO c.h.h.t.OperatorHelmChartContainer - [local-hivemq-67788d9bd6] [hivemq] [ebae2952] + EXTENSION_URI=preinstalled
2025-01-29 14:01:48,735 INFO c.h.h.t.OperatorHelmChartContainer - [local-hivemq-67788d9bd6] [hivemq] [ebae2952] + EXTENSION_NAME=hivemq-kafka-extension
2025-01-29 14:01:48,735 INFO c.h.h.t.OperatorHelmChartContainer - [local-hivemq-67788d9bd6] [hivemq] [ebae2952] + TARGET_STATE=false
2025-01-29 14:01:48,735 INFO c.h.h.t.OperatorHelmChartContainer - [local-hivemq-67788d9bd6] [hivemq] [ebae2952] + TARGET_DIR=/opt/hivemq/extensions/hivemq-kafka-extension
2025-01-29 14:01:48,735 INFO c.h.h.t.OperatorHelmChartContainer - [local-hivemq-67788d9bd6] [hivemq] [ebae2952] ++ mktemp -d
2025-01-29 14:01:48,735 INFO c.h.h.t.OperatorHelmChartContainer - [local-hivemq-67788d9bd6] [hivemq] [ebae2952] + install_dir=/tmp/tmp.b9ienfhtYv
2025-01-29 14:01:48,735 INFO c.h.h.t.OperatorHelmChartContainer - [local-hivemq-67788d9bd6] [hivemq] [ebae2952] + set +e
2025-01-29 14:01:48,735 INFO c.h.h.t.OperatorHelmChartContainer - [local-hivemq-67788d9bd6] [hivemq] [ebae2952] + [[ -f /opt/hivemq/extensions/hivemq-kafka-extension/DISABLED ]]
2025-01-29 14:01:48,735 INFO c.h.h.t.OperatorHelmChartContainer - [local-hivemq-67788d9bd6] [hivemq] [ebae2952] + was_enabled=0
2025-01-29 14:01:48,735 INFO c.h.h.t.OperatorHelmChartContainer - [local-hivemq-67788d9bd6] [hivemq] [ebae2952] + set -e
2025-01-29 14:01:48,735 INFO c.h.h.t.OperatorHelmChartContainer - [local-hivemq-67788d9bd6] [hivemq] [ebae2952] + [[ preinstalled != \p\r\e\i\n\s\t\a\l\l\e\d ]]
2025-01-29 14:01:48,735 INFO c.h.h.t.OperatorHelmChartContainer - [local-hivemq-67788d9bd6] [hivemq] [ebae2952] + [[ false == \f\a\l\s\e ]]
2025-01-29 14:01:48,735 INFO c.h.h.t.OperatorHelmChartContainer - [local-hivemq-67788d9bd6] [hivemq] [ebae2952] + touch /opt/hivemq/extensions/hivemq-kafka-extension/DISABLED
2025-01-29 14:01:48,735 INFO c.h.h.t.OperatorHelmChartContainer - [local-hivemq-67788d9bd6] [hivemq] [ebae2952] + was_enabled=0
2025-01-29 14:01:48,735 INFO c.h.h.t.OperatorHelmChartContainer - [local-hivemq-67788d9bd6] [hivemq] [ebae2952] + [[ preinstalled != \p\r\e\i\n\s\t\a\l\l\e\d ]]
2025-01-29 14:01:48,735 INFO c.h.h.t.OperatorHelmChartContainer - [local-hivemq-67788d9bd6] [hivemq] [ebae2952] + /opt/hivemq/bin/run_initialization.sh hivemq-kafka-extension
2025-01-29 14:01:48,735 INFO c.h.h.t.OperatorHelmChartContainer - [local-hivemq-67788d9bd6] [hivemq] [ebae2952] + EXTENSION_NAME=hivemq-kafka-extension
2025-01-29 14:01:48,735 INFO c.h.h.t.OperatorHelmChartContainer - [local-hivemq-67788d9bd6] [hivemq] [ebae2952] + TARGET_DIR=/opt/hivemq/extensions/hivemq-kafka-extension
2025-01-29 14:01:48,735 INFO c.h.h.t.OperatorHelmChartContainer - [local-hivemq-67788d9bd6] [hivemq] [ebae2952] + cd /opt/hivemq/extensions/hivemq-kafka-extension
2025-01-29 14:01:48,735 INFO c.h.h.t.OperatorHelmChartContainer - [local-hivemq-67788d9bd6] [hivemq] [ebae2952] + [[ -f init_tmp ]]
2025-01-29 14:01:48,735 INFO c.h.h.t.OperatorHelmChartContainer - [local-hivemq-67788d9bd6] [hivemq] [ebae2952] + [[ -f /etc/podinfo/init-extension-hivemq-kafka-extension ]]
2025-01-29 14:01:48,736 INFO c.h.h.t.OperatorHelmChartContainer - [local-hivemq-67788d9bd6] [hivemq] [ebae2952] + (( iter++ ))
2025-01-29 14:01:48,736 INFO c.h.h.t.OperatorHelmChartContainer - [local-hivemq-67788d9bd6] [hivemq] [ebae2952] + (( iter<6 ))
2025-01-29 14:01:48,736 INFO c.h.h.t.OperatorHelmChartContainer - [local-hivemq-67788d9bd6] [hivemq] [ebae2952] Installing extension #1 with name: hivemq-google-cloud-pubsub-extension, URI: preinstalled, enabled state: false
2025-01-29 14:01:48,736 INFO c.h.h.t.OperatorHelmChartContainer - [local-hivemq-67788d9bd6] [hivemq] [ebae2952] + echo 'Installing extension #1 with name: hivemq-google-cloud-pubsub-extension, URI: preinstalled, enabled state: false'
2025-01-29 14:01:48,736 INFO c.h.h.t.OperatorHelmChartContainer - [local-hivemq-67788d9bd6] [hivemq] [ebae2952] + PIDS=' 38 42'
2025-01-29 14:01:48,736 INFO c.h.h.t.OperatorHelmChartContainer - [local-hivemq-67788d9bd6] [hivemq] [ebae2952] + wait 42
2025-01-29 14:01:48,736 INFO c.h.h.t.OperatorHelmChartContainer - [local-hivemq-67788d9bd6] [hivemq] [ebae2952] + ASYNC_INSTALL=true
2025-01-29 14:01:48,737 INFO c.h.h.t.OperatorHelmChartContainer - [local-hivemq-67788d9bd6] [hivemq] [ebae2952] + /opt/hivemq/bin/install_extension.sh preinstalled hivemq-google-cloud-pubsub-extension false
2025-01-29 14:01:48,737 INFO c.h.h.t.OperatorHelmChartContainer - [local-hivemq-67788d9bd6] [hivemq] [ebae2952] + [[ 3 != 3 ]]
2025-01-29 14:01:48,737 INFO c.h.h.t.OperatorHelmChartContainer - [local-hivemq-67788d9bd6] [hivemq] [ebae2952] + EXTENSION_URI=preinstalled
2025-01-29 14:01:48,737 INFO c.h.h.t.OperatorHelmChartContainer - [local-hivemq-67788d9bd6] [hivemq] [ebae2952] + EXTENSION_NAME=hivemq-google-cloud-pubsub-extension
2025-01-29 14:01:48,737 INFO c.h.h.t.OperatorHelmChartContainer - [local-hivemq-67788d9bd6] [hivemq] [ebae2952] + TARGET_STATE=false
2025-01-29 14:01:48,737 INFO c.h.h.t.OperatorHelmChartContainer - [local-hivemq-67788d9bd6] [hivemq] [ebae2952] + TARGET_DIR=/opt/hivemq/extensions/hivemq-google-cloud-pubsub-extension
2025-01-29 14:01:48,737 INFO c.h.h.t.OperatorHelmChartContainer - [local-hivemq-67788d9bd6] [hivemq] [ebae2952] ++ mktemp -d
2025-01-29 14:01:48,737 INFO c.h.h.t.OperatorHelmChartContainer - [local-hivemq-67788d9bd6] [hivemq] [ebae2952] + install_dir=/tmp/tmp.2c2p7pHMsS
2025-01-29 14:01:48,737 INFO c.h.h.t.OperatorHelmChartContainer - [local-hivemq-67788d9bd6] [hivemq] [ebae2952] + set +e
2025-01-29 14:01:48,737 INFO c.h.h.t.OperatorHelmChartContainer - [local-hivemq-67788d9bd6] [hivemq] [ebae2952] + [[ -f /opt/hivemq/extensions/hivemq-google-cloud-pubsub-extension/DISABLED ]]
2025-01-29 14:01:48,737 INFO c.h.h.t.OperatorHelmChartContainer - [local-hivemq-67788d9bd6] [hivemq] [ebae2952] + was_enabled=1
2025-01-29 14:01:48,737 INFO c.h.h.t.OperatorHelmChartContainer - [local-hivemq-67788d9bd6] [hivemq] [ebae2952] + set -e
2025-01-29 14:01:48,737 INFO c.h.h.t.OperatorHelmChartContainer - [local-hivemq-67788d9bd6] [hivemq] [ebae2952] + [[ preinstalled != \p\r\e\i\n\s\t\a\l\l\e\d ]]
2025-01-29 14:01:48,737 INFO c.h.h.t.OperatorHelmChartContainer - [local-hivemq-67788d9bd6] [hivemq] [ebae2952] + [[ false == \f\a\l\s\e ]]
2025-01-29 14:01:48,737 INFO c.h.h.t.OperatorHelmChartContainer - [local-hivemq-67788d9bd6] [hivemq] [ebae2952] + touch /opt/hivemq/extensions/hivemq-google-cloud-pubsub-extension/DISABLED
2025-01-29 14:01:48,737 INFO c.h.h.t.OperatorHelmChartContainer - [local-hivemq-67788d9bd6] [hivemq] [ebae2952] touch: cannot touch '/opt/hivemq/extensions/hivemq-google-cloud-pubsub-extension/DISABLED': No such file or directory
2025-01-29 14:01:48,737 INFO c.h.h.t.OperatorHelmChartContainer - [local-hivemq-67788d9bd6] [hivemq] [ebae2952] + (( iter++ ))
2025-01-29 14:01:48,737 INFO c.h.h.t.OperatorHelmChartContainer - [local-hivemq-67788d9bd6] [hivemq] [ebae2952] + (( iter<6 ))
2025-01-29 14:01:48,737 INFO c.h.h.t.OperatorHelmChartContainer - [local-hivemq-67788d9bd6] [hivemq] [ebae2952] + echo 'Installing extension #2 with name: hivemq-bridge-extension, URI: preinstalled, enabled state: false'
2025-01-29 14:01:48,737 INFO c.h.h.t.OperatorHelmChartContainer - [local-hivemq-67788d9bd6] [hivemq] [ebae2952] Installing extension #2 with name: hivemq-bridge-extension, URI: preinstalled, enabled state: false
2025-01-29 14:01:48,737 INFO c.h.h.t.OperatorHelmChartContainer - [local-hivemq-67788d9bd6] [hivemq] [ebae2952] + PIDS=' 38 42 45'
2025-01-29 14:01:48,737 INFO c.h.h.t.OperatorHelmChartContainer - [local-hivemq-67788d9bd6] [hivemq] [ebae2952] + wait 45
2025-01-29 14:01:48,737 INFO c.h.h.t.OperatorHelmChartContainer - [local-hivemq-67788d9bd6] [hivemq] [ebae2952] + ASYNC_INSTALL=true
2025-01-29 14:01:48,737 INFO c.h.h.t.OperatorHelmChartContainer - [local-hivemq-67788d9bd6] [hivemq] [ebae2952] + /opt/hivemq/bin/install_extension.sh preinstalled hivemq-bridge-extension false
2025-01-29 14:01:48,737 INFO c.h.h.t.OperatorHelmChartContainer - [local-hivemq-67788d9bd6] [hivemq] [ebae2952] + [[ 3 != 3 ]]
2025-01-29 14:01:48,737 INFO c.h.h.t.OperatorHelmChartContainer - [local-hivemq-67788d9bd6] [hivemq] [ebae2952] + EXTENSION_URI=preinstalled
2025-01-29 14:01:48,737 INFO c.h.h.t.OperatorHelmChartContainer - [local-hivemq-67788d9bd6] [hivemq] [ebae2952] + EXTENSION_NAME=hivemq-bridge-extension
2025-01-29 14:01:48,737 INFO c.h.h.t.OperatorHelmChartContainer - [local-hivemq-67788d9bd6] [hivemq] [ebae2952] + TARGET_STATE=false
2025-01-29 14:01:48,737 INFO c.h.h.t.OperatorHelmChartContainer - [local-hivemq-67788d9bd6] [hivemq] [ebae2952] + TARGET_DIR=/opt/hivemq/extensions/hivemq-bridge-extension
2025-01-29 14:01:48,737 INFO c.h.h.t.OperatorHelmChartContainer - [local-hivemq-67788d9bd6] [hivemq] [ebae2952] ++ mktemp -d
2025-01-29 14:01:48,737 INFO c.h.h.t.OperatorHelmChartContainer - [local-hivemq-67788d9bd6] [hivemq] [ebae2952] + install_dir=/tmp/tmp.kBSZhCPdki
2025-01-29 14:01:48,737 INFO c.h.h.t.OperatorHelmChartContainer - [local-hivemq-67788d9bd6] [hivemq] [ebae2952] + set +e
2025-01-29 14:01:48,737 INFO c.h.h.t.OperatorHelmChartContainer - [local-hivemq-67788d9bd6] [hivemq] [ebae2952] + [[ -f /opt/hivemq/extensions/hivemq-bridge-extension/DISABLED ]]
2025-01-29 14:01:48,737 INFO c.h.h.t.OperatorHelmChartContainer - [local-hivemq-67788d9bd6] [hivemq] [ebae2952] + was_enabled=0
2025-01-29 14:01:48,737 INFO c.h.h.t.OperatorHelmChartContainer - [local-hivemq-67788d9bd6] [hivemq] [ebae2952] + set -e
2025-01-29 14:01:48,737 INFO c.h.h.t.OperatorHelmChartContainer - [local-hivemq-67788d9bd6] [hivemq] [ebae2952] + [[ preinstalled != \p\r\e\i\n\s\t\a\l\l\e\d ]]
2025-01-29 14:01:48,737 INFO c.h.h.t.OperatorHelmChartContainer - [local-hivemq-67788d9bd6] [hivemq] [ebae2952] + [[ false == \f\a\l\s\e ]]
2025-01-29 14:01:48,737 INFO c.h.h.t.OperatorHelmChartContainer - [local-hivemq-67788d9bd6] [hivemq] [ebae2952] + touch /opt/hivemq/extensions/hivemq-bridge-extension/DISABLED
2025-01-29 14:01:48,737 INFO c.h.h.t.OperatorHelmChartContainer - [local-hivemq-67788d9bd6] [hivemq] [ebae2952] + was_enabled=0
2025-01-29 14:01:48,737 INFO c.h.h.t.OperatorHelmChartContainer - [local-hivemq-67788d9bd6] [hivemq] [ebae2952] + [[ preinstalled != \p\r\e\i\n\s\t\a\l\l\e\d ]]
2025-01-29 14:01:48,737 INFO c.h.h.t.OperatorHelmChartContainer - [local-hivemq-67788d9bd6] [hivemq] [ebae2952] + /opt/hivemq/bin/run_initialization.sh hivemq-bridge-extension
2025-01-29 14:01:48,737 INFO c.h.h.t.OperatorHelmChartContainer - [local-hivemq-67788d9bd6] [hivemq] [ebae2952] + EXTENSION_NAME=hivemq-bridge-extension
2025-01-29 14:01:48,737 INFO c.h.h.t.OperatorHelmChartContainer - [local-hivemq-67788d9bd6] [hivemq] [ebae2952] + TARGET_DIR=/opt/hivemq/extensions/hivemq-bridge-extension
2025-01-29 14:01:48,737 INFO c.h.h.t.OperatorHelmChartContainer - [local-hivemq-67788d9bd6] [hivemq] [ebae2952] + cd /opt/hivemq/extensions/hivemq-bridge-extension
2025-01-29 14:01:48,737 INFO c.h.h.t.OperatorHelmChartContainer - [local-hivemq-67788d9bd6] [hivemq] [ebae2952] + [[ -f init_tmp ]]
2025-01-29 14:01:48,737 INFO c.h.h.t.OperatorHelmChartContainer - [local-hivemq-67788d9bd6] [hivemq] [ebae2952] + [[ -f /etc/podinfo/init-extension-hivemq-bridge-extension ]]
2025-01-29 14:01:48,737 INFO c.h.h.t.OperatorHelmChartContainer - [local-hivemq-67788d9bd6] [hivemq] [ebae2952] + (( iter++ ))
2025-01-29 14:01:48,737 INFO c.h.h.t.OperatorHelmChartContainer - [local-hivemq-67788d9bd6] [hivemq] [ebae2952] + (( iter<6 ))
2025-01-29 14:01:48,737 INFO c.h.h.t.OperatorHelmChartContainer - [local-hivemq-67788d9bd6] [hivemq] [ebae2952] + echo 'Installing extension #3 with name: hivemq-enterprise-security-extension, URI: preinstalled, enabled state: false'
2025-01-29 14:01:48,737 INFO c.h.h.t.OperatorHelmChartContainer - [local-hivemq-67788d9bd6] [hivemq] [ebae2952] Installing extension #3 with name: hivemq-enterprise-security-extension, URI: preinstalled, enabled state: false
2025-01-29 14:01:48,737 INFO c.h.h.t.OperatorHelmChartContainer - [local-hivemq-67788d9bd6] [hivemq] [ebae2952] + PIDS=' 38 42 45 49'
2025-01-29 14:01:48,737 INFO c.h.h.t.OperatorHelmChartContainer - [local-hivemq-67788d9bd6] [hivemq] [ebae2952] + wait 49
2025-01-29 14:01:48,737 INFO c.h.h.t.OperatorHelmChartContainer - [local-hivemq-67788d9bd6] [hivemq] [ebae2952] + ASYNC_INSTALL=true
2025-01-29 14:01:48,737 INFO c.h.h.t.OperatorHelmChartContainer - [local-hivemq-67788d9bd6] [hivemq] [ebae2952] + /opt/hivemq/bin/install_extension.sh preinstalled hivemq-enterprise-security-extension false
2025-01-29 14:01:48,737 INFO c.h.h.t.OperatorHelmChartContainer - [local-hivemq-67788d9bd6] [hivemq] [ebae2952] + [[ 3 != 3 ]]
2025-01-29 14:01:48,737 INFO c.h.h.t.OperatorHelmChartContainer - [local-hivemq-67788d9bd6] [hivemq] [ebae2952] + EXTENSION_URI=preinstalled
2025-01-29 14:01:48,737 INFO c.h.h.t.OperatorHelmChartContainer - [local-hivemq-67788d9bd6] [hivemq] [ebae2952] + EXTENSION_NAME=hivemq-enterprise-security-extension
2025-01-29 14:01:48,737 INFO c.h.h.t.OperatorHelmChartContainer - [local-hivemq-67788d9bd6] [hivemq] [ebae2952] + TARGET_STATE=false
2025-01-29 14:01:48,737 INFO c.h.h.t.OperatorHelmChartContainer - [local-hivemq-67788d9bd6] [hivemq] [ebae2952] + TARGET_DIR=/opt/hivemq/extensions/hivemq-enterprise-security-extension
2025-01-29 14:01:48,737 INFO c.h.h.t.OperatorHelmChartContainer - [local-hivemq-67788d9bd6] [hivemq] [ebae2952] ++ mktemp -d
2025-01-29 14:01:48,737 INFO c.h.h.t.OperatorHelmChartContainer - [local-hivemq-67788d9bd6] [hivemq] [ebae2952] + install_dir=/tmp/tmp.NiCF0Ob10S
2025-01-29 14:01:48,737 INFO c.h.h.t.OperatorHelmChartContainer - [local-hivemq-67788d9bd6] [hivemq] [ebae2952] + set +e
2025-01-29 14:01:48,737 INFO c.h.h.t.OperatorHelmChartContainer - [local-hivemq-67788d9bd6] [hivemq] [ebae2952] + [[ -f /opt/hivemq/extensions/hivemq-enterprise-security-extension/DISABLED ]]
2025-01-29 14:01:48,737 INFO c.h.h.t.OperatorHelmChartContainer - [local-hivemq-67788d9bd6] [hivemq] [ebae2952] + was_enabled=0
2025-01-29 14:01:48,737 INFO c.h.h.t.OperatorHelmChartContainer - [local-hivemq-67788d9bd6] [hivemq] [ebae2952] + set -e
2025-01-29 14:01:48,737 INFO c.h.h.t.OperatorHelmChartContainer - [local-hivemq-67788d9bd6] [hivemq] [ebae2952] + [[ preinstalled != \p\r\e\i\n\s\t\a\l\l\e\d ]]
2025-01-29 14:01:48,737 INFO c.h.h.t.OperatorHelmChartContainer - [local-hivemq-67788d9bd6] [hivemq] [ebae2952] + [[ false == \f\a\l\s\e ]]
2025-01-29 14:01:48,737 INFO c.h.h.t.OperatorHelmChartContainer - [local-hivemq-67788d9bd6] [hivemq] [ebae2952] + touch /opt/hivemq/extensions/hivemq-enterprise-security-extension/DISABLED
2025-01-29 14:01:48,737 INFO c.h.h.t.OperatorHelmChartContainer - [local-hivemq-67788d9bd6] [hivemq] [ebae2952] + was_enabled=0
2025-01-29 14:01:48,737 INFO c.h.h.t.OperatorHelmChartContainer - [local-hivemq-67788d9bd6] [hivemq] [ebae2952] + [[ preinstalled != \p\r\e\i\n\s\t\a\l\l\e\d ]]
2025-01-29 14:01:48,737 INFO c.h.h.t.OperatorHelmChartContainer - [local-hivemq-67788d9bd6] [hivemq] [ebae2952] + /opt/hivemq/bin/run_initialization.sh hivemq-enterprise-security-extension
2025-01-29 14:01:48,737 INFO c.h.h.t.OperatorHelmChartContainer - [local-hivemq-67788d9bd6] [hivemq] [ebae2952] + EXTENSION_NAME=hivemq-enterprise-security-extension
2025-01-29 14:01:48,737 INFO c.h.h.t.OperatorHelmChartContainer - [local-hivemq-67788d9bd6] [hivemq] [ebae2952] + TARGET_DIR=/opt/hivemq/extensions/hivemq-enterprise-security-extension
2025-01-29 14:01:48,737 INFO c.h.h.t.OperatorHelmChartContainer - [local-hivemq-67788d9bd6] [hivemq] [ebae2952] + cd /opt/hivemq/extensions/hivemq-enterprise-security-extension
2025-01-29 14:01:48,737 INFO c.h.h.t.OperatorHelmChartContainer - [local-hivemq-67788d9bd6] [hivemq] [ebae2952] + [[ -f init_tmp ]]
2025-01-29 14:01:48,737 INFO c.h.h.t.OperatorHelmChartContainer - [local-hivemq-67788d9bd6] [hivemq] [ebae2952] + [[ -f /etc/podinfo/init-extension-hivemq-enterprise-security-extension ]]
2025-01-29 14:01:48,737 INFO c.h.h.t.OperatorHelmChartContainer - [local-hivemq-67788d9bd6] [hivemq] [ebae2952] Using init script from config map
2025-01-29 14:01:48,737 INFO c.h.h.t.OperatorHelmChartContainer - [local-hivemq-67788d9bd6] [hivemq] [ebae2952] + echo 'Using init script from config map'
2025-01-29 14:01:48,737 INFO c.h.h.t.OperatorHelmChartContainer - [local-hivemq-67788d9bd6] [hivemq] [ebae2952] + cat /etc/podinfo/init-extension-hivemq-enterprise-security-extension
2025-01-29 14:01:48,737 INFO c.h.h.t.OperatorHelmChartContainer - [local-hivemq-67788d9bd6] [hivemq] [ebae2952] + echo 'Executing initialization script'
2025-01-29 14:01:48,737 INFO c.h.h.t.OperatorHelmChartContainer - [local-hivemq-67788d9bd6] [hivemq] [ebae2952] + chmod +x init
2025-01-29 14:01:48,737 INFO c.h.h.t.OperatorHelmChartContainer - [local-hivemq-67788d9bd6] [hivemq] [ebae2952] Executing initialization script
2025-01-29 14:01:48,737 INFO c.h.h.t.OperatorHelmChartContainer - [local-hivemq-67788d9bd6] [hivemq] [ebae2952] + ./init
2025-01-29 14:01:48,737 INFO c.h.h.t.OperatorHelmChartContainer - [local-hivemq-67788d9bd6] [hivemq] [ebae2952]   % Total    % Received % Xferd  Average Speed   Time    Time     Time  Current
2025-01-29 14:01:48,737 INFO c.h.h.t.OperatorHelmChartContainer - [local-hivemq-67788d9bd6] [hivemq] [ebae2952]                                  Dload  Upload   Total   Spent    Left  Speed
2025-01-29 14:01:48,737 INFO c.h.h.t.OperatorHelmChartContainer - [local-hivemq-67788d9bd6] [hivemq] [ebae2952] 
2025-01-29 14:01:48,737 INFO c.h.h.t.OperatorHelmChartContainer - [local-hivemq-67788d9bd6] [hivemq] [ebae2952]   0     0    0     0    0     0      0      0 --:--:-- --:--:-- --:--:--     0
2025-01-29 14:01:48,737 INFO c.h.h.t.OperatorHelmChartContainer - [local-hivemq-67788d9bd6] [hivemq] [ebae2952]   0     0    0     0    0     0      0      0 --:--:-- --:--:-- --:--:--     0
2025-01-29 14:01:48,737 INFO c.h.h.t.OperatorHelmChartContainer - [local-hivemq-67788d9bd6] [hivemq] [ebae2952] 100  910k  100  910k    0     0   937k      0 --:--:-- --:--:-- --:--:--  936k
2025-01-29 14:01:48,737 INFO c.h.h.t.OperatorHelmChartContainer - [local-hivemq-67788d9bd6] [hivemq] [ebae2952] + (( iter++ ))
2025-01-29 14:01:48,737 INFO c.h.h.t.OperatorHelmChartContainer - [local-hivemq-67788d9bd6] [hivemq] [ebae2952] + (( iter<6 ))
2025-01-29 14:01:48,737 INFO c.h.h.t.OperatorHelmChartContainer - [local-hivemq-67788d9bd6] [hivemq] [ebae2952] + echo 'Installing extension #4 with name: hivemq-distributed-tracing-extension, URI: preinstalled, enabled state: false'
2025-01-29 14:01:48,737 INFO c.h.h.t.OperatorHelmChartContainer - [local-hivemq-67788d9bd6] [hivemq] [ebae2952] Installing extension #4 with name: hivemq-distributed-tracing-extension, URI: preinstalled, enabled state: false
2025-01-29 14:01:48,737 INFO c.h.h.t.OperatorHelmChartContainer - [local-hivemq-67788d9bd6] [hivemq] [ebae2952] + PIDS=' 38 42 45 49 58'
2025-01-29 14:01:48,737 INFO c.h.h.t.OperatorHelmChartContainer - [local-hivemq-67788d9bd6] [hivemq] [ebae2952] + wait 58
2025-01-29 14:01:48,737 INFO c.h.h.t.OperatorHelmChartContainer - [local-hivemq-67788d9bd6] [hivemq] [ebae2952] + ASYNC_INSTALL=true
2025-01-29 14:01:48,737 INFO c.h.h.t.OperatorHelmChartContainer - [local-hivemq-67788d9bd6] [hivemq] [ebae2952] + /opt/hivemq/bin/install_extension.sh preinstalled hivemq-distributed-tracing-extension false
2025-01-29 14:01:48,737 INFO c.h.h.t.OperatorHelmChartContainer - [local-hivemq-67788d9bd6] [hivemq] [ebae2952] + [[ 3 != 3 ]]
2025-01-29 14:01:48,737 INFO c.h.h.t.OperatorHelmChartContainer - [local-hivemq-67788d9bd6] [hivemq] [ebae2952] + EXTENSION_URI=preinstalled
2025-01-29 14:01:48,737 INFO c.h.h.t.OperatorHelmChartContainer - [local-hivemq-67788d9bd6] [hivemq] [ebae2952] + EXTENSION_NAME=hivemq-distributed-tracing-extension
2025-01-29 14:01:48,737 INFO c.h.h.t.OperatorHelmChartContainer - [local-hivemq-67788d9bd6] [hivemq] [ebae2952] + TARGET_STATE=false
2025-01-29 14:01:48,737 INFO c.h.h.t.OperatorHelmChartContainer - [local-hivemq-67788d9bd6] [hivemq] [ebae2952] + TARGET_DIR=/opt/hivemq/extensions/hivemq-distributed-tracing-extension
2025-01-29 14:01:48,737 INFO c.h.h.t.OperatorHelmChartContainer - [local-hivemq-67788d9bd6] [hivemq] [ebae2952] ++ mktemp -d
2025-01-29 14:01:48,737 INFO c.h.h.t.OperatorHelmChartContainer - [local-hivemq-67788d9bd6] [hivemq] [ebae2952] + install_dir=/tmp/tmp.ZNFzxexqsR
2025-01-29 14:01:48,737 INFO c.h.h.t.OperatorHelmChartContainer - [local-hivemq-67788d9bd6] [hivemq] [ebae2952] + set +e
2025-01-29 14:01:48,737 INFO c.h.h.t.OperatorHelmChartContainer - [local-hivemq-67788d9bd6] [hivemq] [ebae2952] + [[ -f /opt/hivemq/extensions/hivemq-distributed-tracing-extension/DISABLED ]]
2025-01-29 14:01:48,737 INFO c.h.h.t.OperatorHelmChartContainer - [local-hivemq-67788d9bd6] [hivemq] [ebae2952] + was_enabled=1
2025-01-29 14:01:48,737 INFO c.h.h.t.OperatorHelmChartContainer - [local-hivemq-67788d9bd6] [hivemq] [ebae2952] + set -e
2025-01-29 14:01:48,737 INFO c.h.h.t.OperatorHelmChartContainer - [local-hivemq-67788d9bd6] [hivemq] [ebae2952] + [[ preinstalled != \p\r\e\i\n\s\t\a\l\l\e\d ]]
2025-01-29 14:01:48,738 INFO c.h.h.t.OperatorHelmChartContainer - [local-hivemq-67788d9bd6] [hivemq] [ebae2952] + [[ false == \f\a\l\s\e ]]
2025-01-29 14:01:48,738 INFO c.h.h.t.OperatorHelmChartContainer - [local-hivemq-67788d9bd6] [hivemq] [ebae2952] + touch /opt/hivemq/extensions/hivemq-distributed-tracing-extension/DISABLED
2025-01-29 14:01:48,738 INFO c.h.h.t.OperatorHelmChartContainer - [local-hivemq-67788d9bd6] [hivemq] [ebae2952] touch: cannot touch '/opt/hivemq/extensions/hivemq-distributed-tracing-extension/DISABLED': No such file or directory
2025-01-29 14:01:48,738 INFO c.h.h.t.OperatorHelmChartContainer - [local-hivemq-67788d9bd6] [hivemq] [ebae2952] + (( iter++ ))
2025-01-29 14:01:48,738 INFO c.h.h.t.OperatorHelmChartContainer - [local-hivemq-67788d9bd6] [hivemq] [ebae2952] + (( iter<6 ))
2025-01-29 14:01:48,738 INFO c.h.h.t.OperatorHelmChartContainer - [local-hivemq-67788d9bd6] [hivemq] [ebae2952] + echo 'Installing extension #5 with name: hivemq-amazon-kinesis-extension, URI: preinstalled, enabled state: false'
2025-01-29 14:01:48,738 INFO c.h.h.t.OperatorHelmChartContainer - [local-hivemq-67788d9bd6] [hivemq] [ebae2952] Installing extension #5 with name: hivemq-amazon-kinesis-extension, URI: preinstalled, enabled state: false
2025-01-29 14:01:48,738 INFO c.h.h.t.OperatorHelmChartContainer - [local-hivemq-67788d9bd6] [hivemq] [ebae2952] + PIDS=' 38 42 45 49 58 61'
2025-01-29 14:01:48,738 INFO c.h.h.t.OperatorHelmChartContainer - [local-hivemq-67788d9bd6] [hivemq] [ebae2952] + wait 61
2025-01-29 14:01:48,738 INFO c.h.h.t.OperatorHelmChartContainer - [local-hivemq-67788d9bd6] [hivemq] [ebae2952] + ASYNC_INSTALL=true
2025-01-29 14:01:48,738 INFO c.h.h.t.OperatorHelmChartContainer - [local-hivemq-67788d9bd6] [hivemq] [ebae2952] + /opt/hivemq/bin/install_extension.sh preinstalled hivemq-amazon-kinesis-extension false
2025-01-29 14:01:48,738 INFO c.h.h.t.OperatorHelmChartContainer - [local-hivemq-67788d9bd6] [hivemq] [ebae2952] + [[ 3 != 3 ]]
2025-01-29 14:01:48,738 INFO c.h.h.t.OperatorHelmChartContainer - [local-hivemq-67788d9bd6] [hivemq] [ebae2952] + EXTENSION_URI=preinstalled
2025-01-29 14:01:48,738 INFO c.h.h.t.OperatorHelmChartContainer - [local-hivemq-67788d9bd6] [hivemq] [ebae2952] + EXTENSION_NAME=hivemq-amazon-kinesis-extension
2025-01-29 14:01:48,738 INFO c.h.h.t.OperatorHelmChartContainer - [local-hivemq-67788d9bd6] [hivemq] [ebae2952] + TARGET_STATE=false
2025-01-29 14:01:48,738 INFO c.h.h.t.OperatorHelmChartContainer - [local-hivemq-67788d9bd6] [hivemq] [ebae2952] + TARGET_DIR=/opt/hivemq/extensions/hivemq-amazon-kinesis-extension
2025-01-29 14:01:48,738 INFO c.h.h.t.OperatorHelmChartContainer - [local-hivemq-67788d9bd6] [hivemq] [ebae2952] ++ mktemp -d
2025-01-29 14:01:48,738 INFO c.h.h.t.OperatorHelmChartContainer - [local-hivemq-67788d9bd6] [hivemq] [ebae2952] + install_dir=/tmp/tmp.esCYjCXYRq
2025-01-29 14:01:48,738 INFO c.h.h.t.OperatorHelmChartContainer - [local-hivemq-67788d9bd6] [hivemq] [ebae2952] + set +e
2025-01-29 14:01:48,738 INFO c.h.h.t.OperatorHelmChartContainer - [local-hivemq-67788d9bd6] [hivemq] [ebae2952] + [[ -f /opt/hivemq/extensions/hivemq-amazon-kinesis-extension/DISABLED ]]
2025-01-29 14:01:48,738 INFO c.h.h.t.OperatorHelmChartContainer - [local-hivemq-67788d9bd6] [hivemq] [ebae2952] + was_enabled=1
2025-01-29 14:01:48,738 INFO c.h.h.t.OperatorHelmChartContainer - [local-hivemq-67788d9bd6] [hivemq] [ebae2952] + set -e
2025-01-29 14:01:48,738 INFO c.h.h.t.OperatorHelmChartContainer - [local-hivemq-67788d9bd6] [hivemq] [ebae2952] + [[ preinstalled != \p\r\e\i\n\s\t\a\l\l\e\d ]]
2025-01-29 14:01:48,738 INFO c.h.h.t.OperatorHelmChartContainer - [local-hivemq-67788d9bd6] [hivemq] [ebae2952] + [[ false == \f\a\l\s\e ]]
2025-01-29 14:01:48,738 INFO c.h.h.t.OperatorHelmChartContainer - [local-hivemq-67788d9bd6] [hivemq] [ebae2952] + touch /opt/hivemq/extensions/hivemq-amazon-kinesis-extension/DISABLED
2025-01-29 14:01:48,738 INFO c.h.h.t.OperatorHelmChartContainer - [local-hivemq-67788d9bd6] [hivemq] [ebae2952] touch: cannot touch '/opt/hivemq/extensions/hivemq-amazon-kinesis-extension/DISABLED': No such file or directory
2025-01-29 14:01:48,738 INFO c.h.h.t.OperatorHelmChartContainer - [local-hivemq-67788d9bd6] [hivemq] [ebae2952] + (( iter++ ))
2025-01-29 14:01:48,738 INFO c.h.h.t.OperatorHelmChartContainer - [local-hivemq-67788d9bd6] [hivemq] [ebae2952] + (( iter<6 ))
2025-01-29 14:01:48,738 INFO c.h.h.t.OperatorHelmChartContainer - [local-hivemq-67788d9bd6] [hivemq] [ebae2952] + /opt/hivemq/bin/set_log_level.sh
2025-01-29 14:01:48,738 INFO c.h.h.t.OperatorHelmChartContainer - [local-hivemq-67788d9bd6] [hivemq] [ebae2952] + cat /etc/podinfo/config-state
2025-01-29 14:01:48,738 INFO c.h.h.t.OperatorHelmChartContainer - [local-hivemq-67788d9bd6] [hivemq] [ebae2952] + cp -s /etc/podinfo/config-state /opt/hivemq/extensions/hivemq-k8s-sync-extension/mapping.properties
2025-01-29 14:01:48,738 INFO c.h.h.t.OperatorHelmChartContainer - [local-hivemq-67788d9bd6] [hivemq] [ebae2952] + for f in $(find "/docker-entrypoint.d/" -follow -type f -print | sort -V)
2025-01-29 14:01:48,738 INFO c.h.h.t.OperatorHelmChartContainer - [local-hivemq-67788d9bd6] [hivemq] [ebae2952] + '[' -x /docker-entrypoint.d/20_handle_envs.sh ']'
2025-01-29 14:01:48,738 INFO c.h.h.t.OperatorHelmChartContainer - [local-hivemq-67788d9bd6] [hivemq] [ebae2952] /opt/hivemq/bin/pre-entry_1.sh: sourcing /docker-entrypoint.d/20_handle_envs.sh
2025-01-29 14:01:48,738 INFO c.h.h.t.OperatorHelmChartContainer - [local-hivemq-67788d9bd6] [hivemq] [ebae2952] + echo '/opt/hivemq/bin/pre-entry_1.sh: sourcing /docker-entrypoint.d/20_handle_envs.sh'
2025-01-29 14:01:48,738 INFO c.h.h.t.OperatorHelmChartContainer - [local-hivemq-67788d9bd6] [hivemq] [ebae2952] + . /docker-entrypoint.d/20_handle_envs.sh
2025-01-29 14:01:48,738 INFO c.h.h.t.OperatorHelmChartContainer - [local-hivemq-67788d9bd6] [hivemq] [ebae2952] ++ [[ -n '' ]]
2025-01-29 14:01:48,738 INFO c.h.h.t.OperatorHelmChartContainer - [local-hivemq-67788d9bd6] [hivemq] [ebae2952] ++ [[ -z 10.42.0.9 ]]
2025-01-29 14:01:48,738 INFO c.h.h.t.OperatorHelmChartContainer - [local-hivemq-67788d9bd6] [hivemq] [ebae2952] ++ echo 'HiveMQ bind address was overridden by environment variable (value: 10.42.0.9)'
2025-01-29 14:01:48,738 INFO c.h.h.t.OperatorHelmChartContainer - [local-hivemq-67788d9bd6] [hivemq] [ebae2952] HiveMQ bind address was overridden by environment variable (value: 10.42.0.9)
2025-01-29 14:01:48,738 INFO c.h.h.t.OperatorHelmChartContainer - [local-hivemq-67788d9bd6] [hivemq] [ebae2952] ++ [[ true != \t\r\u\e ]]
2025-01-29 14:01:48,738 INFO c.h.h.t.OperatorHelmChartContainer - [local-hivemq-67788d9bd6] [hivemq] [ebae2952] ++ [[ false == \t\r\u\e ]]
2025-01-29 14:01:48,738 INFO c.h.h.t.OperatorHelmChartContainer - [local-hivemq-67788d9bd6] [hivemq] [ebae2952] ++ echo 'setting bind address to 10.42.0.9'
2025-01-29 14:01:48,738 INFO c.h.h.t.OperatorHelmChartContainer - [local-hivemq-67788d9bd6] [hivemq] [ebae2952] + for f in $(find "/docker-entrypoint.d/" -follow -type f -print | sort -V)
2025-01-29 14:01:48,738 INFO c.h.h.t.OperatorHelmChartContainer - [local-hivemq-67788d9bd6] [hivemq] [ebae2952] + '[' -x /docker-entrypoint.d/30_configure_permissions.sh ']'
2025-01-29 14:01:48,738 INFO c.h.h.t.OperatorHelmChartContainer - [local-hivemq-67788d9bd6] [hivemq] [ebae2952] setting bind address to 10.42.0.9
2025-01-29 14:01:48,738 INFO c.h.h.t.OperatorHelmChartContainer - [local-hivemq-67788d9bd6] [hivemq] [ebae2952] + echo '/opt/hivemq/bin/pre-entry_1.sh: sourcing /docker-entrypoint.d/30_configure_permissions.sh'
2025-01-29 14:01:48,738 INFO c.h.h.t.OperatorHelmChartContainer - [local-hivemq-67788d9bd6] [hivemq] [ebae2952] + . /docker-entrypoint.d/30_configure_permissions.sh
2025-01-29 14:01:48,738 INFO c.h.h.t.OperatorHelmChartContainer - [local-hivemq-67788d9bd6] [hivemq] [ebae2952] /opt/hivemq/bin/pre-entry_1.sh: sourcing /docker-entrypoint.d/30_configure_permissions.sh
2025-01-29 14:01:48,738 INFO c.h.h.t.OperatorHelmChartContainer - [local-hivemq-67788d9bd6] [hivemq] [ebae2952] ++ [[ /opt/hivemq/bin/run.sh = \/\o\p\t\/\h\i\v\e\m\q\/\b\i\n\/\r\u\n\.\s\h ]]
2025-01-29 14:01:48,738 INFO c.h.h.t.OperatorHelmChartContainer - [local-hivemq-67788d9bd6] [hivemq] [ebae2952] +++ id -u
2025-01-29 14:01:48,738 INFO c.h.h.t.OperatorHelmChartContainer - [local-hivemq-67788d9bd6] [hivemq] [ebae2952] ++ [[ 10001 = \0 ]]
2025-01-29 14:01:48,738 INFO c.h.h.t.OperatorHelmChartContainer - [local-hivemq-67788d9bd6] [hivemq] [ebae2952] +++ id -u
2025-01-29 14:01:48,738 INFO c.h.h.t.OperatorHelmChartContainer - [local-hivemq-67788d9bd6] [hivemq] [ebae2952] ++ uid=10001
2025-01-29 14:01:48,738 INFO c.h.h.t.OperatorHelmChartContainer - [local-hivemq-67788d9bd6] [hivemq] [ebae2952] +++ id -g
2025-01-29 14:01:48,738 INFO c.h.h.t.OperatorHelmChartContainer - [local-hivemq-67788d9bd6] [hivemq] [ebae2952] ++ gid=10000
2025-01-29 14:01:48,738 INFO c.h.h.t.OperatorHelmChartContainer - [local-hivemq-67788d9bd6] [hivemq] [ebae2952] ++ exec_cmd=exec
2025-01-29 14:01:48,738 INFO c.h.h.t.OperatorHelmChartContainer - [local-hivemq-67788d9bd6] [hivemq] [ebae2952] ++ readonly uid
2025-01-29 14:01:48,738 INFO c.h.h.t.OperatorHelmChartContainer - [local-hivemq-67788d9bd6] [hivemq] [ebae2952] ++ readonly gid
2025-01-29 14:01:48,738 INFO c.h.h.t.OperatorHelmChartContainer - [local-hivemq-67788d9bd6] [hivemq] [ebae2952] ++ readonly exec_cmd
2025-01-29 14:01:48,738 INFO c.h.h.t.OperatorHelmChartContainer - [local-hivemq-67788d9bd6] [hivemq] [ebae2952] +++ id -u
2025-01-29 14:01:48,739 INFO c.h.h.t.OperatorHelmChartContainer - [local-hivemq-67788d9bd6] [hivemq] [ebae2952] ++ [[ 10001 = \0 ]]
2025-01-29 14:01:48,739 INFO c.h.h.t.OperatorHelmChartContainer - [local-hivemq-67788d9bd6] [hivemq] [ebae2952] + for f in $(find "/docker-entrypoint.d/" -follow -type f -print | sort -V)
2025-01-29 14:01:48,739 INFO c.h.h.t.OperatorHelmChartContainer - [local-hivemq-67788d9bd6] [hivemq] [ebae2952] + '[' -x /docker-entrypoint.d/40_dns_entrypoint.sh ']'
2025-01-29 14:01:48,739 INFO c.h.h.t.OperatorHelmChartContainer - [local-hivemq-67788d9bd6] [hivemq] [ebae2952] /opt/hivemq/bin/pre-entry_1.sh: running /docker-entrypoint.d/40_dns_entrypoint.sh
2025-01-29 14:01:48,739 INFO c.h.h.t.OperatorHelmChartContainer - [local-hivemq-67788d9bd6] [hivemq] [ebae2952] + echo '/opt/hivemq/bin/pre-entry_1.sh: running /docker-entrypoint.d/40_dns_entrypoint.sh'
2025-01-29 14:01:48,739 INFO c.h.h.t.OperatorHelmChartContainer - [local-hivemq-67788d9bd6] [hivemq] [ebae2952] + /docker-entrypoint.d/40_dns_entrypoint.sh
2025-01-29 14:01:48,739 INFO c.h.h.t.OperatorHelmChartContainer - [local-hivemq-67788d9bd6] [hivemq] [ebae2952] + exec /opt/hivemq/bin/run.sh
2025-01-29 14:01:48,739 INFO c.h.h.t.OperatorHelmChartContainer - [local-hivemq-67788d9bd6] [hivemq] [ebae2952] -------------------------------------------------------------------------
2025-01-29 14:01:48,739 INFO c.h.h.t.OperatorHelmChartContainer - [local-hivemq-67788d9bd6] [hivemq] [ebae2952] 
2025-01-29 14:01:48,739 INFO c.h.h.t.OperatorHelmChartContainer - [local-hivemq-67788d9bd6] [hivemq] [ebae2952]                   _    _  _              __  __   ____
2025-01-29 14:01:48,739 INFO c.h.h.t.OperatorHelmChartContainer - [local-hivemq-67788d9bd6] [hivemq] [ebae2952]                  | |  | |(_)            |  \/  | / __ \ 
2025-01-29 14:01:48,739 INFO c.h.h.t.OperatorHelmChartContainer - [local-hivemq-67788d9bd6] [hivemq] [ebae2952]                  | |__| | _ __   __ ___ | \  / || |  | |
2025-01-29 14:01:48,739 INFO c.h.h.t.OperatorHelmChartContainer - [local-hivemq-67788d9bd6] [hivemq] [ebae2952]                  |  __  || |\ \ / // _ \| |\/| || |  | |
2025-01-29 14:01:48,739 INFO c.h.h.t.OperatorHelmChartContainer - [local-hivemq-67788d9bd6] [hivemq] [ebae2952]                  | |  | || | \ V /|  __/| |  | || |__| |
2025-01-29 14:01:48,739 INFO c.h.h.t.OperatorHelmChartContainer - [local-hivemq-67788d9bd6] [hivemq] [ebae2952]                  |_|  |_||_|  \_/  \___||_|  |_| \___\_\
2025-01-29 14:01:48,739 INFO c.h.h.t.OperatorHelmChartContainer - [local-hivemq-67788d9bd6] [hivemq] [ebae2952] 
2025-01-29 14:01:48,739 INFO c.h.h.t.OperatorHelmChartContainer - [local-hivemq-67788d9bd6] [hivemq] [ebae2952] -------------------------------------------------------------------------
2025-01-29 14:01:48,739 INFO c.h.h.t.OperatorHelmChartContainer - [local-hivemq-67788d9bd6] [hivemq] [ebae2952] 
2025-01-29 14:01:48,739 INFO c.h.h.t.OperatorHelmChartContainer - [local-hivemq-67788d9bd6] [hivemq] [ebae2952]   HiveMQ Start Script for Linux/Unix v1.13
2025-01-29 14:01:48,739 INFO c.h.h.t.OperatorHelmChartContainer - [local-hivemq-67788d9bd6] [hivemq] [ebae2952] 
2025-01-29 14:01:48,739 INFO c.h.h.t.OperatorHelmChartContainer - [local-hivemq-67788d9bd6] [hivemq] [ebae2952] -------------------------------------------------------------------------
2025-01-29 14:01:48,739 INFO c.h.h.t.OperatorHelmChartContainer - [local-hivemq-67788d9bd6] [hivemq] [ebae2952] 
2025-01-29 14:01:48,739 INFO c.h.h.t.OperatorHelmChartContainer - [local-hivemq-67788d9bd6] [hivemq] [ebae2952]   HIVEMQ_HOME: /opt/hivemq
2025-01-29 14:01:48,739 INFO c.h.h.t.OperatorHelmChartContainer - [local-hivemq-67788d9bd6] [hivemq] [ebae2952] 
2025-01-29 14:01:48,739 INFO c.h.h.t.OperatorHelmChartContainer - [local-hivemq-67788d9bd6] [hivemq] [ebae2952]   JAVA_OPTS: -XX:+UnlockExperimentalVMOptions -XX:InitialRAMPercentage=40 -XX:MaxRAMPercentage=50 -XX:MinRAMPercentage=30 -Djava.net.preferIPv4Stack=true -noverify --add-opens java.base/java.lang=ALL-UNNAMED --add-opens java.base/java.nio=ALL-UNNAMED --add-opens java.base/sun.nio.ch=ALL-UNNAMED --add-opens jdk.management/com.sun.management.internal=ALL-UNNAMED --add-exports java.base/jdk.internal.misc=ALL-UNNAMED -Djava.security.egd=file:/dev/./urandom -Dcom.sun.management.jmxremote -Dcom.sun.management.jmxremote.port=9010 -Dcom.sun.management.jmxremote.local.only=false -Dcom.sun.management.jmxremote.authenticate=false -Dcom.sun.management.jmxremote.ssl=false -XX:+CrashOnOutOfMemoryError -XX:+HeapDumpOnOutOfMemoryError
2025-01-29 14:01:48,739 INFO c.h.h.t.OperatorHelmChartContainer - [local-hivemq-67788d9bd6] [hivemq] [ebae2952] 
2025-01-29 14:01:48,739 INFO c.h.h.t.OperatorHelmChartContainer - [local-hivemq-67788d9bd6] [hivemq] [ebae2952]   JAVA_VERSION: 11
2025-01-29 14:01:48,739 INFO c.h.h.t.OperatorHelmChartContainer - [local-hivemq-67788d9bd6] [hivemq] [ebae2952] 
2025-01-29 14:01:48,739 INFO c.h.h.t.OperatorHelmChartContainer - [local-hivemq-67788d9bd6] [hivemq] [ebae2952] -------------------------------------------------------------------------
2025-01-29 14:01:48,739 INFO c.h.h.t.OperatorHelmChartContainer - [local-hivemq-67788d9bd6] [hivemq] [ebae2952] 
2025-01-29 14:01:48,739 INFO c.h.h.t.OperatorHelmChartContainer - [local-hivemq-67788d9bd6] [hivemq] [ebae2952] INFO  - Starting HiveMQ Enterprise Server
2025-01-29 14:01:48,739 INFO c.h.h.t.OperatorHelmChartContainer - [local-hivemq-67788d9bd6] [hivemq] [ebae2952] INFO  - HiveMQ version: 4.8.3
2025-01-29 14:01:48,739 INFO c.h.h.t.OperatorHelmChartContainer - [local-hivemq-67788d9bd6] [hivemq] [ebae2952] INFO  - HiveMQ home directory: /opt/hivemq
2025-01-29 14:01:48,739 INFO c.h.h.t.OperatorHelmChartContainer - [local-hivemq-67788d9bd6] [hivemq] [ebae2952] INFO  - Log Configuration was overridden by /opt/hivemq/conf/logback.xml
2025-01-29 14:01:48,739 INFO c.h.h.t.OperatorHelmChartContainer - [local-hivemq-67788d9bd6] [hivemq] [ebae2952] INFO  - This node's ID is e6vFI
2025-01-29 14:01:48,739 INFO c.h.h.t.OperatorHelmChartContainer - [local-hivemq-67788d9bd6] [hivemq] [ebae2952] INFO  - Clustering is enabled
2025-01-29 14:01:48,739 INFO c.h.h.t.OperatorHelmChartContainer - [local-hivemq-67788d9bd6] [hivemq] [ebae2952] INFO  - No valid license file found. Using trial license, restricted to 25 connections.
2025-01-29 14:01:48,739 INFO c.h.h.t.OperatorHelmChartContainer - [local-hivemq-67788d9bd6] [hivemq] [ebae2952] INFO  - This node uses '1' CPU cores.
2025-01-29 14:01:48,739 INFO c.h.h.t.OperatorHelmChartContainer - [local-hivemq-67788d9bd6] [hivemq] [ebae2952] INFO  - Starting HiveMQ extension system.
2025-01-29 14:01:48,739 INFO c.h.h.t.OperatorHelmChartContainer - [local-hivemq-67788d9bd6] [hivemq] [ebae2952] INFO  - Starting extension with id "hivemq-dns-cluster-discovery" at /opt/hivemq/extensions/hivemq-dns-cluster-discovery
2025-01-29 14:01:48,739 INFO c.h.h.t.OperatorHelmChartContainer - [local-hivemq-67788d9bd6] [hivemq] [ebae2952] INFO  - Using TCP cluster transport on address 10.42.0.9 and port 7000
2025-01-29 14:01:48,739 INFO c.h.h.t.OperatorHelmChartContainer - [local-hivemq-67788d9bd6] [hivemq] [ebae2952] INFO  - Extension "HiveMQ DNS Cluster Discovery Extension" version 4.1.0 started successfully.
2025-01-29 14:01:48,739 INFO c.h.h.t.OperatorHelmChartContainer - [local-hivemq-67788d9bd6] [hivemq] [ebae2952] INFO  - Starting extension with id "hivemq-allow-all-extension" at /opt/hivemq/extensions/hivemq-allow-all-extension
2025-01-29 14:01:48,739 INFO c.h.h.t.OperatorHelmChartContainer - [local-hivemq-67788d9bd6] [hivemq] [ebae2952] WARN  - 
2025-01-29 14:01:48,739 INFO c.h.h.t.OperatorHelmChartContainer - [local-hivemq-67788d9bd6] [hivemq] [ebae2952] ################################################################################################################
2025-01-29 14:01:48,739 INFO c.h.h.t.OperatorHelmChartContainer - [local-hivemq-67788d9bd6] [hivemq] [ebae2952] # This HiveMQ deployment is not secure! You are lacking Authentication and Authorization.                      #
2025-01-29 14:01:48,739 INFO c.h.h.t.OperatorHelmChartContainer - [local-hivemq-67788d9bd6] [hivemq] [ebae2952] # Right now any MQTT client can connect to the broker with a full set of permissions.                          #
2025-01-29 14:01:48,739 INFO c.h.h.t.OperatorHelmChartContainer - [local-hivemq-67788d9bd6] [hivemq] [ebae2952] # For production usage, add an appropriate security extension and remove the hivemq-allow-all extension.       #
2025-01-29 14:01:48,739 INFO c.h.h.t.OperatorHelmChartContainer - [local-hivemq-67788d9bd6] [hivemq] [ebae2952] # You can download security extensions from the HiveMQ Marketplace (https://www.hivemq.com/extensions/).       #
2025-01-29 14:01:48,739 INFO c.h.h.t.OperatorHelmChartContainer - [local-hivemq-67788d9bd6] [hivemq] [ebae2952] ################################################################################################################
2025-01-29 14:01:48,739 INFO c.h.h.t.OperatorHelmChartContainer - [local-hivemq-67788d9bd6] [hivemq] [ebae2952] INFO  - Extension "Allow All Extension" version 1.0.0 started successfully.
2025-01-29 14:01:48,739 INFO c.h.h.t.OperatorHelmChartContainer - [local-hivemq-67788d9bd6] [hivemq] [ebae2952] INFO  - Starting extension with id "hivemq-k8s-sync-extension" at /opt/hivemq/extensions/hivemq-k8s-sync-extension
2025-01-29 14:01:48,739 INFO c.h.h.t.OperatorHelmChartContainer - [local-hivemq-67788d9bd6] [hivemq] [ebae2952] INFO  - Using extension cluster discovery
2025-01-29 14:01:48,739 INFO c.h.h.t.OperatorHelmChartContainer - [local-hivemq-67788d9bd6] [hivemq] [ebae2952] INFO  - Started HiveMQ Kubernetes state synchronization extension:1.0.0
2025-01-29 14:01:48,739 INFO c.h.h.t.OperatorHelmChartContainer - [local-hivemq-67788d9bd6] [hivemq] [ebae2952] INFO  - Extension "HiveMQ Kubernetes state synchronization extension" version 1.0.0 started successfully.
2025-01-29 14:01:48,739 INFO c.h.h.t.OperatorHelmChartContainer - [local-hivemq-67788d9bd6] [hivemq] [ebae2952] INFO  - e6vFI: no members discovered after 2109 ms: creating cluster as first member
2025-01-29 14:01:48,739 INFO c.h.h.t.OperatorHelmChartContainer - [local-hivemq-67788d9bd6] [hivemq] [ebae2952] INFO  - Cluster nodes found by discovery: [e6vFI|0] (1) [e6vFI].
2025-01-29 14:01:48,739 INFO c.h.h.t.OperatorHelmChartContainer - [local-hivemq-67788d9bd6] [hivemq] [ebae2952] INFO  - No user for HiveMQ Control Center configured. Starting with default user
2025-01-29 14:01:48,739 INFO c.h.h.t.OperatorHelmChartContainer - [local-hivemq-67788d9bd6] [hivemq] [ebae2952] INFO  - Starting HiveMQ Control Center on address 0.0.0.0 and port 8080
2025-01-29 14:01:48,739 INFO c.h.h.t.OperatorHelmChartContainer - [local-hivemq-67788d9bd6] [hivemq] [ebae2952] INFO  - Control Center Audit Logging started.
2025-01-29 14:01:48,739 INFO c.h.h.t.OperatorHelmChartContainer - [local-hivemq-67788d9bd6] [hivemq] [ebae2952] INFO  - Started HiveMQ Control Center in 585ms
2025-01-29 14:01:48,739 INFO c.h.h.t.OperatorHelmChartContainer - [local-hivemq-67788d9bd6] [hivemq] [ebae2952] INFO  - Starting TCP listener on address 0.0.0.0 and port 1883
2025-01-29 14:01:48,739 INFO c.h.h.t.OperatorHelmChartContainer - [local-hivemq-67788d9bd6] [hivemq] [ebae2952] INFO  - Started TCP Listener on address 0.0.0.0 and on port 1883.
2025-01-29 14:01:48,739 INFO c.h.h.t.OperatorHelmChartContainer - [local-hivemq-67788d9bd6] [hivemq] [ebae2952] INFO  - Started HiveMQ in 16315ms
2025-01-29 14:01:48,751 INFO c.h.h.t.OperatorHelmChartContainer - [EVENT] Normal [Started] Started container operator [default:local-hivemq-hivemq-operator-operator-584dd565df-5lb2f]
2025-01-29 14:01:48,751 INFO c.h.h.t.OperatorHelmChartContainer - Started log watcher for operator in pod local-hivemq-hivemq-operator-operator-584dd565df-5lb2f [f3ce8a79-59d5-4bcd-a529-720f259343c6]
2025-01-29 14:01:48,751 INFO c.h.h.t.OperatorHelmChartContainer - Received Started event for container operator in pod local-hivemq-hivemq-operator-operator-584dd565df-5lb2f [f3ce8a79-59d5-4bcd-a529-720f259343c6]
2025-01-29 14:01:48,751 INFO c.h.h.t.OperatorHelmChartContainer - [EVENT] Normal [SuccessfulCreate] Created pod: local-hivemq-hivemq-operator-operator-584dd565df-5lb2f [default:local-hivemq-hivemq-operator-operator-584dd565df]
2025-01-29 14:01:48,751 INFO c.h.h.t.OperatorHelmChartContainer - [local-hivemq-hivemq-operator] [operator] [f3ce8a79] Picked up JAVA_TOOL_OPTIONS: -XX:+UnlockExperimentalVMOptions -XX:InitialRAMPercentage=75 -XX:MaxRAMPercentage=75
2025-01-29 14:01:48,751 INFO c.h.h.t.OperatorHelmChartContainer - [local-hivemq-hivemq-operator] [operator] [f3ce8a79] ?[36m14:00:26.672?[0;39m ?[1;30m[main]?[0;39m ?[34mINFO ?[0;39m ?[35mcom.hivemq.Application?[0;39m - Preparing SSL files
2025-01-29 14:01:48,751 INFO c.h.h.t.OperatorHelmChartContainer - [local-hivemq-hivemq-operator] [operator] [f3ce8a79] ?[36m14:00:27.579?[0;39m ?[1;30m[main]?[0;39m ?[34mINFO ?[0;39m ?[35mcom.hivemq.Application?[0;39m - Wrote converted key store to /tmp/store.p12
2025-01-29 14:01:48,751 INFO c.h.h.t.OperatorHelmChartContainer - [EVENT] Normal [ScalingReplicaSet] Scaled up replica set local-hivemq-hivemq-operator-operator-584dd565df from 0 to 1 [default:local-hivemq-hivemq-operator-operator]
2025-01-29 14:01:48,751 INFO c.h.h.t.OperatorHelmChartContainer - [EVENT] Normal [ScalingReplicaSet] Scaled up replica set local-hivemq-67788d9bd6 from 0 to 1 [default:local-hivemq]
2025-01-29 14:01:48,751 INFO c.h.h.t.OperatorHelmChartContainer - [local-hivemq-hivemq-operator] [operator] [f3ce8a79]  __  __ _                                  _   
2025-01-29 14:01:48,751 INFO c.h.h.t.OperatorHelmChartContainer - [local-hivemq-hivemq-operator] [operator] [f3ce8a79] |  \/  (_) ___ _ __ ___  _ __   __ _ _   _| |_ 
2025-01-29 14:01:48,751 INFO c.h.h.t.OperatorHelmChartContainer - [local-hivemq-hivemq-operator] [operator] [f3ce8a79] | |\/| | |/ __| '__/ _ \| '_ \ / _` | | | | __|
2025-01-29 14:01:48,751 INFO c.h.h.t.OperatorHelmChartContainer - [local-hivemq-hivemq-operator] [operator] [f3ce8a79] | |  | | | (__| | | (_) | | | | (_| | |_| | |_ 
2025-01-29 14:01:48,751 INFO c.h.h.t.OperatorHelmChartContainer - [local-hivemq-hivemq-operator] [operator] [f3ce8a79] |_|  |_|_|\___|_|  \___/|_| |_|\__,_|\__,_|\__|
2025-01-29 14:01:48,751 INFO c.h.h.t.OperatorHelmChartContainer - [local-hivemq-hivemq-operator] [operator] [f3ce8a79]   Micronaut (v3.5.2)
2025-01-29 14:01:48,751 INFO c.h.h.t.OperatorHelmChartContainer - [local-hivemq-hivemq-operator] [operator] [f3ce8a79] 
2025-01-29 14:01:48,751 INFO c.h.h.t.OperatorHelmChartContainer - [local-hivemq-hivemq-operator] [operator] [f3ce8a79] ?[36m14:00:29.993?[0;39m ?[1;30m[main]?[0;39m ?[31mWARN ?[0;39m ?[35mi.m.http.ssl.SslConfiguration?[0;39m - The configuration micronaut.ssl.port is deprecated. Use micronaut.server.ssl.port instead.
2025-01-29 14:01:48,751 INFO c.h.h.t.OperatorHelmChartContainer - [local-hivemq-hivemq-operator] [operator] [f3ce8a79] ?[36m14:00:31.090?[0;39m ?[1;30m[main]?[0;39m ?[34mINFO ?[0;39m ?[35mio.micronaut.runtime.Micronaut?[0;39m - Startup completed in 3496ms. Server Running: https://local-hivemq-hivemq-operator-operator-584dd565df-5lb2f:8443
2025-01-29 14:01:48,751 INFO c.h.h.t.OperatorHelmChartContainer - [local-hivemq-hivemq-operator] [operator] [f3ce8a79] ?[36m14:00:32.167?[0;39m ?[1;30m[main]?[0;39m ?[34mINFO ?[0;39m ?[35mcom.hivemq.Operator?[0;39m - Initializing HiveMQ operator
2025-01-29 14:01:48,751 INFO c.h.h.t.OperatorHelmChartContainer - [local-hivemq-hivemq-operator] [operator] [f3ce8a79] ?[36m14:00:33.085?[0;39m ?[1;30m[main]?[0;39m ?[34mINFO ?[0;39m ?[35mcom.hivemq.Operator?[0;39m - Operating from namespace 'default'
2025-01-29 14:01:48,751 INFO c.h.h.t.OperatorHelmChartContainer - [local-hivemq-hivemq-operator] [operator] [f3ce8a79] ?[36m14:00:33.276?[0;39m ?[1;30m[pool-3-thread-1]?[0;39m ?[34mINFO ?[0;39m ?[35mcom.hivemq.AbstractWatcher?[0;39m - CustomResource watcher running for kinds HiveMQCluster
2025-01-29 14:01:48,751 INFO c.h.h.t.OperatorHelmChartContainer - [local-hivemq-hivemq-operator] [operator] [f3ce8a79] ?[36m14:00:33.862?[0;39m ?[1;30m[main]?[0;39m ?[34mINFO ?[0;39m ?[35mcom.hivemq.Operator?[0;39m - Operator started in 1695ms
2025-01-29 14:01:48,751 INFO c.h.h.t.OperatorHelmChartContainer - [local-hivemq-hivemq-operator] [operator] [f3ce8a79] ?[36m14:00:34.168?[0;39m ?[1;30m[pool-3-thread-2]?[0;39m ?[34mINFO ?[0;39m ?[35mcom.hivemq.Operator?[0;39m - Syncing state for cluster 'local-hivemq' in namespace 'default'
2025-01-29 14:01:48,751 INFO c.h.h.t.OperatorHelmChartContainer - [local-hivemq-hivemq-operator] [operator] [f3ce8a79] ?[36m14:00:40.671?[0;39m ?[1;30m[pool-3-thread-6]?[0;39m ?[34mINFO ?[0;39m ?[35mcom.hivemq.Operator?[0;39m - Syncing state for cluster 'local-hivemq' in namespace 'default'
2025-01-29 14:01:48,751 INFO c.h.h.t.OperatorHelmChartContainer - [local-hivemq-hivemq-operator] [operator] [f3ce8a79] ?[36m14:00:41.483?[0;39m ?[1;30m[pool-3-thread-2]?[0;39m ?[34mINFO ?[0;39m ?[35mcom.hivemq.util.DeploymentUtil?[0;39m - Waiting for deployment local-hivemq to roll out...
2025-01-29 14:01:48,751 INFO c.h.h.t.OperatorHelmChartContainer - [local-hivemq-hivemq-operator] [operator] [f3ce8a79] ?[36m14:00:42.284?[0;39m ?[1;30m[pool-3-thread-6]?[0;39m ?[34mINFO ?[0;39m ?[35mcom.hivemq.util.DeploymentUtil?[0;39m - Waiting for deployment local-hivemq to roll out...
2025-01-29 14:01:48,752 INFO c.h.h.t.OperatorHelmChartContainer - [local-hivemq-hivemq-operator] [operator] [f3ce8a79] ?[36m14:01:48.482?[0;39m ?[1;30m[pool-3-thread-6]?[0;39m ?[34mINFO ?[0;39m ?[35mcom.hivemq.Operator?[0;39m - State synchronization complete for cluster 'local-hivemq' in namespace 'default' in 67811ms
2025-01-29 14:01:48,870 INFO c.h.h.t.OperatorHelmChartContainer - [local-hivemq-hivemq-operator] [operator] [f3ce8a79] ?[36m14:01:48.866?[0;39m ?[1;30m[pool-3-thread-2]?[0;39m ?[34mINFO ?[0;39m ?[35mcom.hivemq.Operator?[0;39m - State synchronization complete for cluster 'local-hivemq' in namespace 'default' in 74698ms
2025-01-29 14:01:49,350 INFO c.h.h.t.OperatorHelmChartContainer - Stopped log watcher for operator in pod local-hivemq-hivemq-operator-operator-584dd565df-5lb2f [f3ce8a79-59d5-4bcd-a529-720f259343c6]
2025-01-29 14:01:49,352 INFO c.h.h.t.OperatorHelmChartContainer - Stopped log watcher for hivemq in pod local-hivemq-67788d9bd6-xvpxz [ebae2952-698d-476d-af2f-7f508f42fc92]
2025-01-29 14:01:49,362 INFO c.h.h.t.OperatorHelmChartContainer - [K3S] [WARNING] signal received: \"terminated\", canceling context...
2025-01-29 14:01:49,362 INFO c.h.h.t.OperatorHelmChartContainer - [K3S] [WARNING] second signal received: \"terminated\", exiting...
2025-01-29 14:01:49,516 INFO c.h.h.t.OperatorHelmChartContainer - [K3S] 
2025-01-29 14:01:49,516 INFO c.h.h.t.OperatorHelmChartContainer - [K3S] 
]]></system-out>
  </testcase>
  <system-out><![CDATA[2025-01-29 13:59:47,469 INFO o.t.i.builder.ImageFromDockerfile - Pre-emptively checking local images for 'ubuntu:noble-20241118.1@sha256:80dd3c3b9c6cecb9f1667e9290b3bc61b78c2678c02cbdae5f0fea92cc6734ab', referenced via a Dockerfile. If not available, it will be pulled.
2025-01-29 13:59:47,469 INFO o.t.i.builder.ImageFromDockerfile - Pre-emptively checking local images for 'rancher/k3s:v1.32.1-k3s1', referenced via a Dockerfile. If not available, it will be pulled.
2025-01-29 13:59:47,472 INFO o.t.i.builder.ImageFromDockerfile - Transferred 0 bytes to Docker daemon
]]></system-out>
  <system-err><![CDATA[]]></system-err>
</testsuite>
