<?xml version="1.0" encoding="UTF-8"?>
<testsuite name="com.hivemq.helmcharts.extensions.HelmBridgeExtensionIT" tests="2" skipped="0" failures="0" errors="0" timestamp="2025-01-27T17:04:48" hostname="fv-az1288-931" time="229.456">
  <properties/>
  <testcase name="withBridgeConfiguration_messageBridged()" classname="com.hivemq.helmcharts.extensions.HelmBridgeExtensionIT" time="118.806">
    <system-out><![CDATA[2025-01-27 17:04:48,651 INFO tc.hivemq/hivemq4:4.35.0 - Creating container for image: hivemq/hivemq4:4.35.0
2025-01-27 17:04:48,914 INFO c.h.h.t.HelmChartContainer - [POD] coredns-ff8999cc5-f2s72 [e5400208-d300-4dc2-90a9-ef6c751293f4] in kube-system was ADDED
2025-01-27 17:04:48,916 INFO c.h.h.t.HelmChartContainer - [POD] local-path-provisioner-698b58967b-62vwd [53cfff92-1142-40ab-9fae-b0a648621a7c] in kube-system was ADDED
2025-01-27 17:04:48,919 INFO c.h.h.t.HelmChartContainer - [POD] metrics-server-8584b5786c-r6qjw [b4ff3769-7738-47af-bcb7-801c3340fa44] in kube-system was ADDED
2025-01-27 17:04:50,740 INFO tc.hivemq/hivemq4:4.35.0 - Container hivemq/hivemq4:4.35.0 is starting: be2cf25cbbc65d1bae65dee703723e9e4c6402731925a033c0080e9705320dc7
2025-01-27 17:04:56,353 INFO c.h.h.t.HelmChartContainer - [POD] metrics-server-8584b5786c-r6qjw [b4ff3769-7738-47af-bcb7-801c3340fa44] in kube-system was MODIFIED
2025-01-27 17:04:56,357 INFO c.h.h.t.HelmChartContainer - [K3S] [replica_set.go:679] "Finished syncing" kind="ReplicaSet" key="kube-system/metrics-server-8584b5786c" duration="7.033089ms"
2025-01-27 17:04:56,359 INFO c.h.h.t.HelmChartContainer - [K3S] [replica_set.go:679] "Finished syncing" kind="ReplicaSet" key="kube-system/metrics-server-8584b5786c" duration="35.326µs"
2025-01-27 17:04:58,412 INFO tc.hivemq/hivemq4:4.35.0 - Container hivemq/hivemq4:4.35.0 started in PT9.761131849S
2025-01-27 17:04:58,414 INFO c.h.h.t.HelmChartContainer - Creating namespace 'helmbridgeextensionit-operator'...
2025-01-27 17:04:58,528 INFO c.h.h.t.HelmChartContainer - Namespace 'helmbridgeextensionit-operator' created
2025-01-27 17:04:58,529 INFO c.h.h.t.HelmChartContainer - Creating namespace 'helmbridgeextensionit'...
2025-01-27 17:04:58,587 INFO c.h.h.t.HelmChartContainer - Namespace 'helmbridgeextensionit' created
2025-01-27 17:04:58,654 DEBUG c.h.h.t.HelmChartContainer - Executing helm command: /bin/helm --kubeconfig /etc/rancher/k3s/k3s.yaml install test-hivemq-platform-operator /charts/hivemq-platform-operator --wait --timeout 5m0s --set image.repository=docker.io/hivemq --set image.name=hivemq-platform-operator-test --set image.initImageName=hivemq-platform-operator-init-test --set image.tag=snapshot --set image.pullPolicy=Never --set logLevel=DEBUG --set resources.cpu=512m --namespace helmbridgeextensionit-operator
2025-01-27 17:04:59,073 INFO c.h.h.t.HelmChartContainer - [K3S] [range_allocator.go:247] "Successfully synced" key="577ee0c7fff4"
2025-01-27 17:05:01,043 INFO c.h.h.t.HelmChartContainer - [K3S] [alloc.go:330] "allocated clusterIPs" service="helmbridgeextensionit-operator/hivemq-platform-operator-test-hivemq-platform-operator" clusterIPs={"IPv4":"10.43.198.17"}
2025-01-27 17:05:01,060 INFO c.h.h.t.HelmChartContainer - [EVENT] Normal [ScalingReplicaSet] Scaled up replica set hivemq-test-hivemq-platform-operator-6966f96d65 from 0 to 1 [helmbridgeextensionit-operator:hivemq-test-hivemq-platform-operator]
2025-01-27 17:05:01,074 INFO c.h.h.t.HelmChartContainer - [EVENT] Normal [SuccessfulCreate] Created pod: hivemq-test-hivemq-platform-operator-6966f96d65-vlzvw [helmbridgeextensionit-operator:hivemq-test-hivemq-platform-operator-6966f96d65]
2025-01-27 17:05:01,074 INFO c.h.h.t.HelmChartContainer - [POD] hivemq-test-hivemq-platform-operator-6966f96d65-vlzvw [d89f756e-18d5-47a8-a3b0-7fed165595eb] in helmbridgeextensionit-operator was ADDED
2025-01-27 17:05:01,087 INFO c.h.h.t.HelmChartContainer - [POD] hivemq-test-hivemq-platform-operator-6966f96d65-vlzvw [d89f756e-18d5-47a8-a3b0-7fed165595eb] in helmbridgeextensionit-operator was MODIFIED
2025-01-27 17:05:01,088 INFO c.h.h.t.HelmChartContainer - [K3S] [replica_set.go:679] "Finished syncing" kind="ReplicaSet" key="helmbridgeextensionit-operator/hivemq-test-hivemq-platform-operator-6966f96d65" duration="29.705394ms"
2025-01-27 17:05:01,102 INFO c.h.h.t.HelmChartContainer - [K3S] [replica_set.go:679] "Finished syncing" kind="ReplicaSet" key="helmbridgeextensionit-operator/hivemq-test-hivemq-platform-operator-6966f96d65" duration="16.228553ms"
2025-01-27 17:05:01,102 INFO c.h.h.t.HelmChartContainer - [K3S] [replica_set.go:679] "Finished syncing" kind="ReplicaSet" key="helmbridgeextensionit-operator/hivemq-test-hivemq-platform-operator-6966f96d65" duration="41.779µs"
2025-01-27 17:05:01,110 INFO c.h.h.t.HelmChartContainer - [K3S] [replica_set.go:679] "Finished syncing" kind="ReplicaSet" key="helmbridgeextensionit-operator/hivemq-test-hivemq-platform-operator-6966f96d65" duration="46.577µs"
2025-01-27 17:05:01,111 INFO c.h.h.t.HelmChartContainer - [POD] hivemq-test-hivemq-platform-operator-6966f96d65-vlzvw [d89f756e-18d5-47a8-a3b0-7fed165595eb] in helmbridgeextensionit-operator was MODIFIED
2025-01-27 17:05:01,114 INFO c.h.h.t.HelmChartContainer - [EVENT] Normal [Scheduled] Successfully assigned helmbridgeextensionit-operator/hivemq-test-hivemq-platform-operator-6966f96d65-vlzvw to 577ee0c7fff4 [helmbridgeextensionit-operator:hivemq-test-hivemq-platform-operator-6966f96d65-vlzvw]
2025-01-27 17:05:01,165 INFO c.h.h.t.HelmChartContainer - [K3S] [reconciler_common.go:251] "operationExecutor.VerifyControllerAttachedVolume started for volume \"kube-api-access-4xzcj\" (UniqueName: \"kubernetes.io/projected/d89f756e-18d5-47a8-a3b0-7fed165595eb-kube-api-access-4xzcj\") pod \"hivemq-test-hivemq-platform-operator-6966f96d65-vlzvw\" (UID: \"d89f756e-18d5-47a8-a3b0-7fed165595eb\") " pod="helmbridgeextensionit-operator/hivemq-test-hivemq-platform-operator-6966f96d65-vlzvw"
2025-01-27 17:05:01,486 INFO c.h.h.t.HelmChartContainer - [EVENT] Normal [Pulled] Container image "docker.io/hivemq/hivemq-platform-operator-test:snapshot" already present on machine [helmbridgeextensionit-operator:hivemq-test-hivemq-platform-operator-6966f96d65-vlzvw]
2025-01-27 17:05:01,487 INFO c.h.h.t.HelmChartContainer - Received Pulled event for container hivemq-platform-operator in pod hivemq-test-hivemq-platform-operator-6966f96d65-vlzvw [d89f756e-18d5-47a8-a3b0-7fed165595eb]
2025-01-27 17:05:01,495 INFO c.h.h.t.HelmChartContainer - [EVENT] Normal [Created] Created container: hivemq-platform-operator [helmbridgeextensionit-operator:hivemq-test-hivemq-platform-operator-6966f96d65-vlzvw]
2025-01-27 17:05:01,495 INFO c.h.h.t.HelmChartContainer - Received Created event for container hivemq-platform-operator in pod hivemq-test-hivemq-platform-operator-6966f96d65-vlzvw [d89f756e-18d5-47a8-a3b0-7fed165595eb]
2025-01-27 17:05:02,390 INFO c.h.h.t.HelmChartContainer - [K3S] [replica_set.go:679] "Finished syncing" kind="ReplicaSet" key="helmbridgeextensionit-operator/hivemq-test-hivemq-platform-operator-6966f96d65" duration="38.542µs"
2025-01-27 17:05:02,392 INFO c.h.h.t.HelmChartContainer - [POD] hivemq-test-hivemq-platform-operator-6966f96d65-vlzvw [d89f756e-18d5-47a8-a3b0-7fed165595eb] in helmbridgeextensionit-operator was MODIFIED
2025-01-27 17:05:02,421 INFO c.h.h.t.HelmChartContainer - [EVENT] Normal [Started] Started container hivemq-platform-operator [helmbridgeextensionit-operator:hivemq-test-hivemq-platform-operator-6966f96d65-vlzvw]
2025-01-27 17:05:02,421 INFO c.h.h.t.HelmChartContainer - Received Started event for container hivemq-platform-operator in pod hivemq-test-hivemq-platform-operator-6966f96d65-vlzvw [d89f756e-18d5-47a8-a3b0-7fed165595eb]
2025-01-27 17:05:02,421 INFO c.h.h.t.HelmChartContainer - Started log watcher for hivemq-platform-operator in pod hivemq-test-hivemq-platform-operator-6966f96d65-vlzvw [d89f756e-18d5-47a8-a3b0-7fed165595eb]
2025-01-27 17:05:02,422 INFO c.h.h.t.HelmChartContainer - [hivemq-test-hivemq-platform] [hivemq-platform-operator] [d89f756e] -------------------------------------------------------------------------
2025-01-27 17:05:02,422 INFO c.h.h.t.HelmChartContainer - [hivemq-test-hivemq-platform] [hivemq-platform-operator] [d89f756e] 
2025-01-27 17:05:02,422 INFO c.h.h.t.HelmChartContainer - [hivemq-test-hivemq-platform] [hivemq-platform-operator] [d89f756e]                   _    _  _              __  __   ____
2025-01-27 17:05:02,422 INFO c.h.h.t.HelmChartContainer - [hivemq-test-hivemq-platform] [hivemq-platform-operator] [d89f756e]                  | |  | |(_)            |  \/  | / __ \
2025-01-27 17:05:02,422 INFO c.h.h.t.HelmChartContainer - [hivemq-test-hivemq-platform] [hivemq-platform-operator] [d89f756e]                  | |__| | _ __   __ ___ | \  / || |  | |
2025-01-27 17:05:02,422 INFO c.h.h.t.HelmChartContainer - [hivemq-test-hivemq-platform] [hivemq-platform-operator] [d89f756e]                  |  __  || |\ \ / // _ \| |\/| || |  | |
2025-01-27 17:05:02,422 INFO c.h.h.t.HelmChartContainer - [hivemq-test-hivemq-platform] [hivemq-platform-operator] [d89f756e]                  | |  | || | \ V /|  __/| |  | || |__| |
2025-01-27 17:05:02,422 INFO c.h.h.t.HelmChartContainer - [hivemq-test-hivemq-platform] [hivemq-platform-operator] [d89f756e]                  |_|  |_||_|  \_/  \___||_|  |_| \___\_\
2025-01-27 17:05:02,422 INFO c.h.h.t.HelmChartContainer - [hivemq-test-hivemq-platform] [hivemq-platform-operator] [d89f756e] 
2025-01-27 17:05:02,423 INFO c.h.h.t.HelmChartContainer - [hivemq-test-hivemq-platform] [hivemq-platform-operator] [d89f756e] -------------------------------------------------------------------------
2025-01-27 17:05:02,424 INFO c.h.h.t.HelmChartContainer - [hivemq-test-hivemq-platform] [hivemq-platform-operator] [d89f756e] 
2025-01-27 17:05:02,424 INFO c.h.h.t.HelmChartContainer - [hivemq-test-hivemq-platform] [hivemq-platform-operator] [d89f756e]   HiveMQ Platform Operator Start Script v1.0
2025-01-27 17:05:02,424 INFO c.h.h.t.HelmChartContainer - [hivemq-test-hivemq-platform] [hivemq-platform-operator] [d89f756e] 
2025-01-27 17:05:02,424 INFO c.h.h.t.HelmChartContainer - [hivemq-test-hivemq-platform] [hivemq-platform-operator] [d89f756e] -------------------------------------------------------------------------
2025-01-27 17:05:02,424 INFO c.h.h.t.HelmChartContainer - [hivemq-test-hivemq-platform] [hivemq-platform-operator] [d89f756e] 
2025-01-27 17:05:02,424 INFO c.h.h.t.HelmChartContainer - [hivemq-test-hivemq-platform] [hivemq-platform-operator] [d89f756e]   JAVA_OPTS: -XX:+UnlockExperimentalVMOptions -XX:InitialRAMPercentage=75 -XX:MaxRAMPercentage=75 -Duser.language=en -Duser.region=US
2025-01-27 17:05:02,425 INFO c.h.h.t.HelmChartContainer - [hivemq-test-hivemq-platform] [hivemq-platform-operator] [d89f756e] 
2025-01-27 17:05:02,425 INFO c.h.h.t.HelmChartContainer - [hivemq-test-hivemq-platform] [hivemq-platform-operator] [d89f756e]   JAVA_VERSION: 21
2025-01-27 17:05:02,425 INFO c.h.h.t.HelmChartContainer - [hivemq-test-hivemq-platform] [hivemq-platform-operator] [d89f756e] 
2025-01-27 17:05:02,425 INFO c.h.h.t.HelmChartContainer - [hivemq-test-hivemq-platform] [hivemq-platform-operator] [d89f756e] -------------------------------------------------------------------------
2025-01-27 17:05:02,425 INFO c.h.h.t.HelmChartContainer - [hivemq-test-hivemq-platform] [hivemq-platform-operator] [d89f756e] 
2025-01-27 17:05:05,106 INFO c.h.h.t.HelmChartContainer - [hivemq-test-hivemq-platform] [hivemq-platform-operator] [d89f756e] 17:05:05.103 [main] DEBUG org.jboss.logging - Logging Provider: org.jboss.logging.Slf4jLoggerProvider
2025-01-27 17:05:05,212 INFO c.h.h.t.HelmChartContainer - [hivemq-test-hivemq-platform] [hivemq-platform-operator] [d89f756e] 17:05:05.210 [main] DEBUG io.smallrye.config - SRCFG01006: Loaded ConfigSource SysPropConfigSource with ordinal 400
2025-01-27 17:05:05,212 INFO c.h.h.t.HelmChartContainer - [hivemq-test-hivemq-platform] [hivemq-platform-operator] [d89f756e] 17:05:05.211 [main] DEBUG io.smallrye.config - SRCFG01006: Loaded ConfigSource EnvConfigSource with ordinal 300
2025-01-27 17:05:05,213 INFO c.h.h.t.HelmChartContainer - [hivemq-test-hivemq-platform] [hivemq-platform-operator] [d89f756e] 17:05:05.211 [main] DEBUG io.smallrye.config - SRCFG01006: Loaded ConfigSource PropertiesConfigSource[source=jar:file:///opt/hivemq-platform-operator/bin/hivemq-platform-operator.jar!/hivemq-platform-operator.properties] with ordinal 100
2025-01-27 17:05:05,213 INFO c.h.h.t.HelmChartContainer - [hivemq-test-hivemq-platform] [hivemq-platform-operator] [d89f756e] 17:05:05.211 [main] DEBUG io.smallrye.config - SRCFG01006: Loaded ConfigSource DefaultValuesConfigSource with ordinal -2147483648
2025-01-27 17:05:05,342 INFO c.h.h.t.HelmChartContainer - [hivemq-test-hivemq-platform] [hivemq-platform-operator] [d89f756e] 17:05:05.341 [main] DEBUG i.m.c.u.i.l.InternalLoggerFactory - Using SLF4J as the default logging framework
2025-01-27 17:05:05,504 INFO c.h.h.t.HelmChartContainer - [hivemq-test-hivemq-platform] [hivemq-platform-operator] [d89f756e] 17:05:05.487 [main] INFO  c.h.p.o.HiveMQPlatformOperatorApplication - HiveMQ Platform Operator 1.7.0-SNAPSHOT (commit: bebf408 on branch: HEAD) built on Sun Jan 26 20:47:47 UTC 2025
2025-01-27 17:05:05,506 INFO c.h.h.t.HelmChartContainer - [hivemq-test-hivemq-platform] [hivemq-platform-operator] [d89f756e] 17:05:05.503 [main] INFO  c.h.p.o.HiveMQPlatformOperatorApplication - HiveMQ Platform Operator is running in namespace: helmbridgeextensionit-operator
2025-01-27 17:05:05,506 INFO c.h.h.t.HelmChartContainer - [hivemq-test-hivemq-platform] [hivemq-platform-operator] [d89f756e] 17:05:05.503 [main] INFO  c.h.p.o.HiveMQPlatformOperatorApplication - Watching all namespaces
2025-01-27 17:05:05,506 INFO c.h.h.t.HelmChartContainer - [hivemq-test-hivemq-platform] [hivemq-platform-operator] [d89f756e] 17:05:05.504 [main] INFO  c.h.p.o.HiveMQPlatformOperatorApplication - Log level: DEBUG
2025-01-27 17:05:05,506 INFO c.h.h.t.HelmChartContainer - [hivemq-test-hivemq-platform] [hivemq-platform-operator] [d89f756e] 17:05:05.504 [main] INFO  c.h.p.o.HiveMQPlatformOperatorApplication - Release name: test-hivemq-platform-operator
2025-01-27 17:05:05,506 INFO c.h.h.t.HelmChartContainer - [hivemq-test-hivemq-platform] [hivemq-platform-operator] [d89f756e] 17:05:05.504 [main] INFO  c.h.p.o.HiveMQPlatformOperatorApplication - HiveMQ Platform Operator Init image: docker.io/hivemq/hivemq-platform-operator-init-test:snapshot
2025-01-27 17:05:05,506 INFO c.h.h.t.HelmChartContainer - [hivemq-test-hivemq-platform] [hivemq-platform-operator] [d89f756e] 17:05:05.504 [main] INFO  c.h.p.o.HiveMQPlatformOperatorApplication - HiveMQ Platform Operator Init App update URL: http://hivemq-platform-operator-test-hivemq-platform-operator.helmbridgeextensionit-operator.svc:8080/initAppUpdate/hivemq-platform-operator-init-app-1.7.0-SNAPSHOT.jar
2025-01-27 17:05:05,506 INFO c.h.h.t.HelmChartContainer - [hivemq-test-hivemq-platform] [hivemq-platform-operator] [d89f756e] 17:05:05.504 [main] INFO  c.h.p.o.HiveMQPlatformOperatorApplication - Additional imagePullSecret for all Platform deployments: none
2025-01-27 17:05:05,506 INFO c.h.h.t.HelmChartContainer - [hivemq-test-hivemq-platform] [hivemq-platform-operator] [d89f756e] 17:05:05.504 [main] INFO  c.h.p.o.HiveMQPlatformOperatorApplication - Apply HiveMQ Platform CRD: true
2025-01-27 17:05:05,506 INFO c.h.h.t.HelmChartContainer - [hivemq-test-hivemq-platform] [hivemq-platform-operator] [d89f756e] 17:05:05.504 [main] INFO  c.h.p.o.HiveMQPlatformOperatorApplication - Create Platform ServiceAccount: true
2025-01-27 17:05:05,506 INFO c.h.h.t.HelmChartContainer - [hivemq-test-hivemq-platform] [hivemq-platform-operator] [d89f756e] 17:05:05.504 [main] INFO  c.h.p.o.HiveMQPlatformOperatorApplication - Create Platform ServiceAccount permissions: true
2025-01-27 17:05:05,506 INFO c.h.h.t.HelmChartContainer - [hivemq-test-hivemq-platform] [hivemq-platform-operator] [d89f756e] 17:05:05.504 [main] INFO  c.h.p.o.HiveMQPlatformOperatorApplication - Validate Platform ServiceAccount: true
2025-01-27 17:05:05,506 INFO c.h.h.t.HelmChartContainer - [hivemq-test-hivemq-platform] [hivemq-platform-operator] [d89f756e] 17:05:05.504 [main] INFO  c.h.p.o.HiveMQPlatformOperatorApplication - Validate Platform ServiceAccount permissions: true
2025-01-27 17:05:05,699 INFO c.h.h.t.HelmChartContainer - [hivemq-test-hivemq-platform] [hivemq-platform-operator] [d89f756e] 17:05:05.698 [main] INFO  c.h.platform.operator.util.CRDUtil - Verifying deployed HiveMQ Platform CRD...
2025-01-27 17:05:08,508 INFO c.h.h.t.HelmChartContainer - [hivemq-test-hivemq-platform] [hivemq-platform-operator] [d89f756e] 17:05:08.506 [main] DEBUG c.h.platform.operator.util.CRDUtil - HiveMQ Platform CRD version v1 is up to date
2025-01-27 17:05:08,509 INFO c.h.h.t.HelmChartContainer - [hivemq-test-hivemq-platform] [hivemq-platform-operator] [d89f756e] 17:05:08.507 [main] INFO  c.h.platform.operator.util.CRDUtil - HiveMQ Platform CRD is up to date (version: V1_6_0)
2025-01-27 17:05:08,509 INFO c.h.h.t.HelmChartContainer - [hivemq-test-hivemq-platform] [hivemq-platform-operator] [d89f756e] 17:05:08.507 [main] INFO  c.h.platform.operator.util.CRDUtil - Waiting 10000 ms for HiveMQ Platform CRD 'hivemq-platforms.hivemq.com' to become ready...
2025-01-27 17:05:08,812 INFO c.h.h.t.HelmChartContainer - [hivemq-test-hivemq-platform] [hivemq-platform-operator] [d89f756e] 17:05:08.811 [vert.x-eventloop-thread-1] DEBUG c.h.platform.operator.util.CRDUtil - Checking CRD condition 'NamesAccepted' (status: 'True')
2025-01-27 17:05:08,813 INFO c.h.h.t.HelmChartContainer - [hivemq-test-hivemq-platform] [hivemq-platform-operator] [d89f756e] 17:05:08.811 [vert.x-eventloop-thread-1] DEBUG c.h.platform.operator.util.CRDUtil - Checking CRD condition 'Established' (status: 'True')
2025-01-27 17:05:08,813 INFO c.h.h.t.HelmChartContainer - [hivemq-test-hivemq-platform] [hivemq-platform-operator] [d89f756e] 17:05:08.812 [main] INFO  c.h.platform.operator.util.CRDUtil - HiveMQ Platform CRD 'hivemq-platforms.hivemq.com' is ready
2025-01-27 17:05:09,016 INFO c.h.h.t.HelmChartContainer - [hivemq-test-hivemq-platform] [hivemq-platform-operator] [d89f756e] 17:05:09.015 [main] INFO  c.h.p.o.HiveMQPlatformReconciler - HiveMQ Platform Operator is starting...
2025-01-27 17:05:09,201 INFO c.h.h.t.HelmChartContainer - [hivemq-test-hivemq-platform] [hivemq-platform-operator] [d89f756e] 17:05:09.200 [main] WARN  Default ConfigurationService implementation - Configuration for reconciler 'hivemq-controller' was not found. Known reconcilers: None.
2025-01-27 17:05:09,209 INFO c.h.h.t.HelmChartContainer - [hivemq-test-hivemq-platform] [hivemq-platform-operator] [d89f756e] 17:05:09.208 [main] INFO  Default ConfigurationService implementation - Created configuration for reconciler com.hivemq.platform.operator.HiveMQPlatformReconciler with name hivemq-controller
2025-01-27 17:05:09,315 INFO c.h.h.t.HelmChartContainer - [hivemq-test-hivemq-platform] [hivemq-platform-operator] [d89f756e] 17:05:09.313 [main] DEBUG c.h.p.o.HiveMQPlatformReconciler - HiveMQ Platform Operator is preparing EventSources
2025-01-27 17:05:09,403 INFO c.h.h.t.HelmChartContainer - [hivemq-test-hivemq-platform] [hivemq-platform-operator] [d89f756e] 17:05:09.402 [main] INFO  i.javaoperatorsdk.operator.Operator - Registered reconciler: 'hivemq-controller' for resource: 'class com.hivemq.platform.operator.v1.HiveMQPlatform' for namespace(s): [all namespaces]
2025-01-27 17:05:10,013 INFO c.h.h.t.HelmChartContainer - [hivemq-test-hivemq-platform] [hivemq-platform-operator] [d89f756e] 17:05:10.011 [main] INFO  c.h.p.operator.webserver.JettyServer - Starting Jetty server on port 8080
2025-01-27 17:05:10,110 INFO c.h.h.t.HelmChartContainer - [hivemq-test-hivemq-platform] [hivemq-platform-operator] [d89f756e] 17:05:10.109 [main] INFO  i.javaoperatorsdk.operator.Operator - Operator SDK 4.9.7 (commit: 2133d28) built on Wed Nov 20 12:56:20 UTC 2024 starting...
2025-01-27 17:05:10,110 INFO c.h.h.t.HelmChartContainer - [hivemq-test-hivemq-platform] [hivemq-platform-operator] [d89f756e] 17:05:10.109 [main] INFO  i.javaoperatorsdk.operator.Operator - Client version: 6.13.4
2025-01-27 17:05:10,112 INFO c.h.h.t.HelmChartContainer - [hivemq-test-hivemq-platform] [hivemq-platform-operator] [d89f756e] 17:05:10.111 [Controller Starter for: hivemq-controller] INFO  i.j.operator.processing.Controller - Starting 'hivemq-controller' controller for reconciler: com.hivemq.platform.operator.HiveMQPlatformReconciler, resource: com.hivemq.platform.operator.v1.HiveMQPlatform
2025-01-27 17:05:12,708 INFO c.h.h.t.HelmChartContainer - [hivemq-test-hivemq-platform] [hivemq-platform-operator] [d89f756e] 17:05:12.706 [Controller Starter for: hivemq-controller] INFO  i.j.operator.processing.Controller - 'hivemq-controller' controller started
2025-01-27 17:05:12,708 INFO c.h.h.t.HelmChartContainer - [hivemq-test-hivemq-platform] [hivemq-platform-operator] [d89f756e] 17:05:12.707 [main] INFO  c.h.p.o.HiveMQPlatformOperatorApplication - HiveMQ Platform Operator 1.7.0-SNAPSHOT started in 7219 ms
2025-01-27 17:05:13,400 INFO c.h.h.t.HelmChartContainer - [POD] hivemq-test-hivemq-platform-operator-6966f96d65-vlzvw [d89f756e-18d5-47a8-a3b0-7fed165595eb] in helmbridgeextensionit-operator was MODIFIED
2025-01-27 17:05:13,410 INFO c.h.h.t.HelmChartContainer - [K3S] [replica_set.go:679] "Finished syncing" kind="ReplicaSet" key="helmbridgeextensionit-operator/hivemq-test-hivemq-platform-operator-6966f96d65" duration="12.376464ms"
2025-01-27 17:05:13,410 INFO c.h.h.t.HelmChartContainer - [K3S] [replica_set.go:679] "Finished syncing" kind="ReplicaSet" key="helmbridgeextensionit-operator/hivemq-test-hivemq-platform-operator-6966f96d65" duration="31.87µs"
2025-01-27 17:05:15,196 DEBUG c.h.h.t.HelmChartContainer - Executing helm command: /bin/helm --kubeconfig /etc/rancher/k3s/k3s.yaml install test-hivemq-platform /charts/hivemq-platform --wait --timeout 5m0s --set image.repository=docker.io/hivemq --set image.tag=4.35.0 --set image.pullPolicy=Never --set nodes.resources.cpu=512m -f /files/bridge-values.yaml --namespace helmbridgeextensionit
2025-01-27 17:05:15,475 INFO c.h.h.t.HelmChartContainer - [hivemq-test-hivemq-platform] [hivemq-platform-operator] [d89f756e] 17:05:15.469 [-373097727-pool-1-thread-3] WARN  i.m.p.PrometheusMeterRegistry - The meter (MeterId{name='operator.sdk.events.received', tags=[tag(action=ADDED),tag(event=ResourceEvent),tag(group=hivemq.com),tag(kind=HiveMQPlatform),tag(name=test-hivemq-platform),tag(namespace=helmbridgeextensionit),tag(scope=namespace),tag(version=v1)]}) registration has failed: Prometheus requires that all meters with the same name have the same set of tag keys. There is already an existing meter named 'operator.sdk.events.received' containing tag keys [event, group, kind, name, namespace, scope, version]. The meter you are attempting to register has keys [action, event, group, kind, name, namespace, scope, version]. Note that subsequent logs will be logged at debug level.
2025-01-27 17:05:16,002 INFO c.h.h.t.HelmChartContainer - [hivemq-test-hivemq-platform] [hivemq-platform-operator] [d89f756e] 17:05:15.998 [pool-6-thread-3] DEBUG c.h.p.o.dependants.PodInfoConfigMap - [helmbrid] Desired PodInfo ConfigMap (1 extensions) (1 enabled)
2025-01-27 17:05:16,002 INFO c.h.h.t.HelmChartContainer - [hivemq-test-hivemq-platform] [hivemq-platform-operator] [d89f756e] 17:05:15.999 [pool-6-thread-3] DEBUG c.h.p.o.dependants.PodInfoConfigMap - [helmbrid] Desired PodInfo ConfigMap (metrics port: 9399) (metrics path: /)
2025-01-27 17:05:16,002 INFO c.h.h.t.HelmChartContainer - [hivemq-test-hivemq-platform] [hivemq-platform-operator] [d89f756e] 17:05:15.999 [pool-6-thread-3] DEBUG c.h.p.o.dependants.PodInfoConfigMap - [helmbrid] Desired PodInfo ConfigMap (extension state hash: -1406518388)
2025-01-27 17:05:16,003 INFO c.h.h.t.HelmChartContainer - [hivemq-test-hivemq-platform] [hivemq-platform-operator] [d89f756e] 17:05:16.001 [pool-6-thread-3] DEBUG c.h.p.o.dependants.PodInfoConfigMap - [helmbrid] Create PodInfo ConfigMap
2025-01-27 17:05:16,105 INFO c.h.h.t.HelmChartContainer - [hivemq-test-hivemq-platform] [hivemq-platform-operator] [d89f756e] 17:05:16.100 [pool-6-thread-5] DEBUG c.h.p.o.dependants.PodRoleResource - [helmbrid] Create Role: Role(apiVersion=rbac.authorization.k8s.io/v1, kind=Role, metadata=ObjectMeta(annotations={meta.helm.sh/release-name=test-hivemq-platform, meta.helm.sh/release-namespace=helmbridgeextensionit}, creationTimestamp=null, deletionGracePeriodSeconds=null, deletionTimestamp=null, finalizers=[], generateName=null, generation=null, labels={helm.sh/chart=hivemq-platform-0.2.31, app.kubernetes.io/managed-by=Helm, app.kubernetes.io/name=hivemq-platform, hivemq-platform=test-hivemq-platform, app.kubernetes.io/instance=test-hivemq-platform, app.kubernetes.io/version=4.35.0}, managedFields=[], name=hivemq-platform-role-test-hivemq-platform, namespace=helmbridgeextensionit, ownerReferences=[OwnerReference(apiVersion=hivemq.com/v1, blockOwnerDeletion=null, controller=null, kind=HiveMQPlatform, name=test-hivemq-platform, uid=e32af2ff-6a18-471e-bb76-6e8200c95483, additionalProperties={})], resourceVersion=null, selfLink=null, uid=null, additionalProperties={}), rules=[PolicyRule(apiGroups=[], nonResourceURLs=[], resourceNames=[], resources=[pods], verbs=[get, patch, update], additionalProperties={})], additionalProperties={})
2025-01-27 17:05:16,214 INFO c.h.h.t.HelmChartContainer - [hivemq-test-hivemq-platform] [hivemq-platform-operator] [d89f756e] 17:05:16.212 [pool-6-thread-7] DEBUG c.h.p.o.d.PodServiceAccountResource - [helmbrid] Desired PodServiceAccountResource (serviceAccountName: hivemq-platform-pod-test-hivemq-platform)
2025-01-27 17:05:16,214 INFO c.h.h.t.HelmChartContainer - [hivemq-test-hivemq-platform] [hivemq-platform-operator] [d89f756e] 17:05:16.213 [pool-6-thread-7] DEBUG c.h.p.o.d.PodServiceAccountResource - [helmbrid] Create ServiceAccount 'hivemq-platform-pod-test-hivemq-platform'
2025-01-27 17:05:16,401 INFO c.h.h.t.HelmChartContainer - [hivemq-test-hivemq-platform] [hivemq-platform-operator] [d89f756e] 17:05:16.398 [pool-6-thread-10] DEBUG c.h.p.o.d.PodRoleBindingResource - [helmbrid] Create RoleBinding: RoleBinding(apiVersion=rbac.authorization.k8s.io/v1, kind=RoleBinding, metadata=ObjectMeta(annotations={meta.helm.sh/release-name=test-hivemq-platform, meta.helm.sh/release-namespace=helmbridgeextensionit}, creationTimestamp=null, deletionGracePeriodSeconds=null, deletionTimestamp=null, finalizers=[], generateName=null, generation=null, labels={helm.sh/chart=hivemq-platform-0.2.31, app.kubernetes.io/managed-by=Helm, app.kubernetes.io/name=hivemq-platform, hivemq-platform=test-hivemq-platform, app.kubernetes.io/instance=test-hivemq-platform, app.kubernetes.io/version=4.35.0}, managedFields=[], name=hivemq-platform-role-binding-test-hivemq-platform, namespace=helmbridgeextensionit, ownerReferences=[OwnerReference(apiVersion=hivemq.com/v1, blockOwnerDeletion=null, controller=null, kind=HiveMQPlatform, name=test-hivemq-platform, uid=e32af2ff-6a18-471e-bb76-6e8200c95483, additionalProperties={})], resourceVersion=null, selfLink=null, uid=null, additionalProperties={}), roleRef=RoleRef(apiGroup=rbac.authorization.k8s.io, kind=Role, name=hivemq-platform-role-test-hivemq-platform, additionalProperties={}), subjects=[Subject(apiGroup=null, kind=ServiceAccount, name=hivemq-platform-pod-test-hivemq-platform, namespace=helmbridgeextensionit, additionalProperties={})], additionalProperties={})
2025-01-27 17:05:16,499 INFO c.h.h.t.HelmChartContainer - [hivemq-test-hivemq-platform] [hivemq-platform-operator] [d89f756e] 17:05:16.497 [ReconcilerExecutor-hivemq-controller-54] INFO  c.h.p.o.HiveMQPlatformReconciler - [helmbrid] Reconciling HiveMQ Platform 'test-hivemq-platform' in namespace 'helmbridgeextensionit'
2025-01-27 17:05:16,499 INFO c.h.h.t.HelmChartContainer - [hivemq-test-hivemq-platform] [hivemq-platform-operator] [d89f756e] 17:05:16.498 [ReconcilerExecutor-hivemq-controller-54] DEBUG c.h.p.o.HiveMQPlatformReconciler - [helmbrid] Custom Resource Status CREATED - HiveMQ Platform was created (READY)
2025-01-27 17:05:16,499 INFO c.h.h.t.HelmChartContainer - [hivemq-test-hivemq-platform] [hivemq-platform-operator] [d89f756e] 17:05:16.498 [ReconcilerExecutor-hivemq-controller-54] DEBUG c.h.p.o.HiveMQPlatformReconciler - [helmbrid] Custom Resource Spec (replicas: 1) (extensions: 1)
2025-01-27 17:05:16,503 INFO c.h.h.t.HelmChartContainer - [hivemq-test-hivemq-platform] [hivemq-platform-operator] [d89f756e] 17:05:16.502 [ReconcilerExecutor-hivemq-controller-54] INFO  c.h.p.o.h.HiveMQPlatformReconcilerBaseHandler - [helmbrid] HiveMQ Platform is starting
2025-01-27 17:05:16,597 INFO c.h.h.t.HelmChartContainer - [hivemq-test-hivemq-platform] [hivemq-platform-operator] [d89f756e] 17:05:16.596 [ReconcilerExecutor-hivemq-controller-54] DEBUG c.h.p.operator.event.EventSender - [helmbrid] Creating K8s event hivemq-platform-starting: [Start] HiveMQ Platform is starting
2025-01-27 17:05:16,606 INFO c.h.h.t.HelmChartContainer - [EVENT] Normal [Start] HiveMQ Platform is starting [helmbridgeextensionit:test-hivemq-platform]
2025-01-27 17:05:16,612 INFO c.h.h.t.HelmChartContainer - [hivemq-test-hivemq-platform] [hivemq-platform-operator] [d89f756e] 17:05:16.610 [ReconcilerExecutor-hivemq-controller-54] INFO  c.h.p.o.h.AbstractHiveMQReconcilerStateHandler - [helmbrid] Update HiveMQ Platform Status (CREATED [READY] -> STARTING [READY]): HiveMQ Platform is starting
2025-01-27 17:05:16,708 DEBUG com.hivemq.helmcharts.util.K8sUtil - Comparing actual state 'STARTING' and waiting for 'RUNNING'
2025-01-27 17:05:26,721 INFO c.h.h.t.HelmChartContainer - [hivemq-test-hivemq-platform] [hivemq-platform-operator] [d89f756e] 17:05:26.715 [pool-6-thread-12] DEBUG c.h.p.o.d.PlatformServiceResource - [helmbrid] Desired Platform services (3 services)
2025-01-27 17:05:26,721 INFO c.h.h.t.HelmChartContainer - [hivemq-test-hivemq-platform] [hivemq-platform-operator] [d89f756e] 17:05:26.718 [pool-6-thread-13] DEBUG c.h.p.o.dependants.PodInfoConfigMap - [helmbrid] Desired PodInfo ConfigMap (1 extensions) (1 enabled)
2025-01-27 17:05:26,721 INFO c.h.h.t.HelmChartContainer - [hivemq-test-hivemq-platform] [hivemq-platform-operator] [d89f756e] 17:05:26.718 [pool-6-thread-13] DEBUG c.h.p.o.dependants.PodInfoConfigMap - [helmbrid] Desired PodInfo ConfigMap (metrics port: 9399) (metrics path: /)
2025-01-27 17:05:26,721 INFO c.h.h.t.HelmChartContainer - [hivemq-test-hivemq-platform] [hivemq-platform-operator] [d89f756e] 17:05:26.718 [pool-6-thread-13] DEBUG c.h.p.o.dependants.PodInfoConfigMap - [helmbrid] Desired PodInfo ConfigMap (extension state hash: -1406518388)
2025-01-27 17:05:26,722 INFO c.h.h.t.HelmChartContainer - [hivemq-test-hivemq-platform] [hivemq-platform-operator] [d89f756e] 17:05:26.721 [pool-6-thread-17] DEBUG c.h.p.o.d.PodServiceAccountResource - [helmbrid] Desired PodServiceAccountResource (serviceAccountName: hivemq-platform-pod-test-hivemq-platform)
2025-01-27 17:05:26,726 INFO c.h.h.t.HelmChartContainer - [hivemq-test-hivemq-platform] [hivemq-platform-operator] [d89f756e] 17:05:26.725 [pool-6-thread-13] DEBUG c.h.p.o.dependants.PodInfoConfigMap - [helmbrid] Update PodInfo ConfigMap
2025-01-27 17:05:26,812 INFO c.h.h.t.HelmChartContainer - [K3S] [alloc.go:330] "allocated clusterIPs" service="helmbridgeextensionit/hivemq-test-hivemq-platform-metrics-9399" clusterIPs={"IPv4":"10.43.209.39"}
2025-01-27 17:05:26,906 INFO c.h.h.t.HelmChartContainer - [K3S] [alloc.go:330] "allocated clusterIPs" service="helmbridgeextensionit/hivemq-test-hivemq-platform-mqtt-1883" clusterIPs={"IPv4":"10.43.182.136"}
2025-01-27 17:05:26,920 INFO c.h.h.t.HelmChartContainer - [K3S] [alloc.go:330] "allocated clusterIPs" service="helmbridgeextensionit/hivemq-test-hivemq-platform-cc-8080" clusterIPs={"IPv4":"10.43.223.196"}
2025-01-27 17:05:27,002 INFO c.h.h.t.HelmChartContainer - [hivemq-test-hivemq-platform] [hivemq-platform-operator] [d89f756e] 17:05:27.000 [pool-6-thread-20] DEBUG c.h.p.o.d.StatefulSetResource - [helmbrid] Desired StatefulSet (1 replicas) for status STARTING (READY)
2025-01-27 17:05:27,015 INFO c.h.h.t.HelmChartContainer - [hivemq-test-hivemq-platform] [hivemq-platform-operator] [d89f756e] 17:05:27.014 [pool-6-thread-20] DEBUG c.h.p.o.d.StatefulSetResource - [helmbrid] Create StatefulSet
2025-01-27 17:05:27,116 INFO c.h.h.t.HelmChartContainer - [hivemq-test-hivemq-platform] [hivemq-platform-operator] [d89f756e] 17:05:27.112 [ReconcilerExecutor-hivemq-controller-65] INFO  c.h.p.o.HiveMQPlatformReconciler - [helmbrid] Reconciling HiveMQ Platform 'test-hivemq-platform' in namespace 'helmbridgeextensionit'
2025-01-27 17:05:27,116 INFO c.h.h.t.HelmChartContainer - [hivemq-test-hivemq-platform] [hivemq-platform-operator] [d89f756e] 17:05:27.113 [ReconcilerExecutor-hivemq-controller-65] DEBUG c.h.p.o.HiveMQPlatformReconciler - [helmbrid] Custom Resource Status STARTING - HiveMQ Platform is starting (READY)
2025-01-27 17:05:27,116 INFO c.h.h.t.HelmChartContainer - [hivemq-test-hivemq-platform] [hivemq-platform-operator] [d89f756e] 17:05:27.113 [ReconcilerExecutor-hivemq-controller-65] DEBUG c.h.p.o.HiveMQPlatformReconciler - [helmbrid] Custom Resource Spec (replicas: 1) (extensions: 1)
2025-01-27 17:05:27,128 INFO c.h.h.t.HelmChartContainer - [POD] test-hivemq-platform-0 [3e6f1e29-60a8-4e07-9e4d-182d9aef4388] in helmbridgeextensionit was ADDED
2025-01-27 17:05:27,136 INFO c.h.h.t.HelmChartContainer - [EVENT] Normal [SuccessfulCreate] create Pod test-hivemq-platform-0 in StatefulSet test-hivemq-platform successful [helmbridgeextensionit:test-hivemq-platform]
2025-01-27 17:05:27,138 INFO c.h.h.t.HelmChartContainer - [POD] test-hivemq-platform-0 [3e6f1e29-60a8-4e07-9e4d-182d9aef4388] in helmbridgeextensionit was MODIFIED
2025-01-27 17:05:27,138 INFO c.h.h.t.HelmChartContainer - [EVENT] Normal [Scheduled] Successfully assigned helmbridgeextensionit/test-hivemq-platform-0 to 577ee0c7fff4 [helmbridgeextensionit:test-hivemq-platform-0]
2025-01-27 17:05:27,151 INFO c.h.h.t.HelmChartContainer - [POD] test-hivemq-platform-0 [3e6f1e29-60a8-4e07-9e4d-182d9aef4388] in helmbridgeextensionit was MODIFIED
2025-01-27 17:05:27,206 INFO c.h.h.t.HelmChartContainer - [hivemq-test-hivemq-platform] [hivemq-platform-operator] [d89f756e] 17:05:27.201 [ReconcilerExecutor-hivemq-controller-65] DEBUG c.h.p.o.HiveMQPlatformReconciler - [helmbrid] StatefulSet Status (revision: null, replicas: 0, available: 0, ready: 0, current: 0, updated: 0)
2025-01-27 17:05:27,206 INFO c.h.h.t.HelmChartContainer - [hivemq-test-hivemq-platform] [hivemq-platform-operator] [d89f756e] 17:05:27.201 [ReconcilerExecutor-hivemq-controller-65] DEBUG c.h.p.o.HiveMQPlatformReconciler - [helmbrid] StatefulSet Spec (replicas: 1, init containers: 1, containers: 1, volumes: 4)
2025-01-27 17:05:27,240 INFO c.h.h.t.HelmChartContainer - [K3S] [reconciler_common.go:251] "operationExecutor.VerifyControllerAttachedVolume started for volume \"pod-info\" (UniqueName: \"kubernetes.io/configmap/3e6f1e29-60a8-4e07-9e4d-182d9aef4388-pod-info\") pod \"test-hivemq-platform-0\" (UID: \"3e6f1e29-60a8-4e07-9e4d-182d9aef4388\") " pod="helmbridgeextensionit/test-hivemq-platform-0"
2025-01-27 17:05:27,240 INFO c.h.h.t.HelmChartContainer - [K3S] [reconciler_common.go:251] "operationExecutor.VerifyControllerAttachedVolume started for volume \"broker-configuration\" (UniqueName: \"kubernetes.io/configmap/3e6f1e29-60a8-4e07-9e4d-182d9aef4388-broker-configuration\") pod \"test-hivemq-platform-0\" (UID: \"3e6f1e29-60a8-4e07-9e4d-182d9aef4388\") " pod="helmbridgeextensionit/test-hivemq-platform-0"
2025-01-27 17:05:27,240 INFO c.h.h.t.HelmChartContainer - [K3S] [reconciler_common.go:251] "operationExecutor.VerifyControllerAttachedVolume started for volume \"extension-configuration-hivemq-bridge-extension\" (UniqueName: \"kubernetes.io/configmap/3e6f1e29-60a8-4e07-9e4d-182d9aef4388-extension-configuration-hivemq-bridge-extension\") pod \"test-hivemq-platform-0\" (UID: \"3e6f1e29-60a8-4e07-9e4d-182d9aef4388\") " pod="helmbridgeextensionit/test-hivemq-platform-0"
2025-01-27 17:05:27,240 INFO c.h.h.t.HelmChartContainer - [K3S] [reconciler_common.go:251] "operationExecutor.VerifyControllerAttachedVolume started for volume \"operator-init\" (UniqueName: \"kubernetes.io/empty-dir/3e6f1e29-60a8-4e07-9e4d-182d9aef4388-operator-init\") pod \"test-hivemq-platform-0\" (UID: \"3e6f1e29-60a8-4e07-9e4d-182d9aef4388\") " pod="helmbridgeextensionit/test-hivemq-platform-0"
2025-01-27 17:05:27,240 INFO c.h.h.t.HelmChartContainer - [K3S] [reconciler_common.go:251] "operationExecutor.VerifyControllerAttachedVolume started for volume \"kube-api-access-7vscp\" (UniqueName: \"kubernetes.io/projected/3e6f1e29-60a8-4e07-9e4d-182d9aef4388-kube-api-access-7vscp\") pod \"test-hivemq-platform-0\" (UID: \"3e6f1e29-60a8-4e07-9e4d-182d9aef4388\") " pod="helmbridgeextensionit/test-hivemq-platform-0"
2025-01-27 17:05:27,301 INFO c.h.h.t.HelmChartContainer - [hivemq-test-hivemq-platform] [hivemq-platform-operator] [d89f756e] 17:05:27.299 [ReconcilerExecutor-hivemq-controller-65] DEBUG c.h.p.o.h.HiveMQPlatformReconcilerErrorHandler - [helmbrid] Pod 'test-hivemq-platform-0' phase Pending
2025-01-27 17:05:27,302 INFO c.h.h.t.HelmChartContainer - [hivemq-test-hivemq-platform] [hivemq-platform-operator] [d89f756e] 17:05:27.299 [ReconcilerExecutor-hivemq-controller-65] DEBUG c.h.p.o.h.HiveMQPlatformReconcilerErrorHandler - [helmbrid] Pod 'test-hivemq-platform-0' condition 'PodScheduled': True
2025-01-27 17:05:27,303 INFO c.h.h.t.HelmChartContainer - [hivemq-test-hivemq-platform] [hivemq-platform-operator] [d89f756e] 17:05:27.301 [ReconcilerExecutor-hivemq-controller-65] INFO  c.h.p.o.h.HiveMQPlatformReconcilerBaseHandler - [helmbrid] HiveMQ Platform is starting, 0 of 1 replicas are ready
2025-01-27 17:05:27,310 INFO c.h.h.t.HelmChartContainer - [hivemq-test-hivemq-platform] [hivemq-platform-operator] [d89f756e] 17:05:27.307 [pool-6-thread-22] DEBUG c.h.p.o.d.PlatformServiceResource - [helmbrid] Desired Platform services (3 services)
2025-01-27 17:05:27,311 INFO c.h.h.t.HelmChartContainer - [hivemq-test-hivemq-platform] [hivemq-platform-operator] [d89f756e] 17:05:27.310 [pool-6-thread-23] DEBUG c.h.p.o.dependants.PodInfoConfigMap - [helmbrid] Desired PodInfo ConfigMap (1 extensions) (1 enabled)
2025-01-27 17:05:27,312 INFO c.h.h.t.HelmChartContainer - [hivemq-test-hivemq-platform] [hivemq-platform-operator] [d89f756e] 17:05:27.310 [pool-6-thread-23] DEBUG c.h.p.o.dependants.PodInfoConfigMap - [helmbrid] Desired PodInfo ConfigMap (metrics port: 9399) (metrics path: /)
2025-01-27 17:05:27,312 INFO c.h.h.t.HelmChartContainer - [hivemq-test-hivemq-platform] [hivemq-platform-operator] [d89f756e] 17:05:27.310 [pool-6-thread-23] DEBUG c.h.p.o.dependants.PodInfoConfigMap - [helmbrid] Desired PodInfo ConfigMap (extension state hash: -1406518388)
2025-01-27 17:05:27,401 INFO c.h.h.t.HelmChartContainer - [hivemq-test-hivemq-platform] [hivemq-platform-operator] [d89f756e] 17:05:27.398 [pool-6-thread-27] DEBUG c.h.p.o.d.PodServiceAccountResource - [helmbrid] Desired PodServiceAccountResource (serviceAccountName: hivemq-platform-pod-test-hivemq-platform)
2025-01-27 17:05:27,405 INFO c.h.h.t.HelmChartContainer - [hivemq-test-hivemq-platform] [hivemq-platform-operator] [d89f756e] 17:05:27.404 [pool-6-thread-30] DEBUG c.h.p.o.d.StatefulSetResource - [helmbrid] Desired StatefulSet (1 replicas) for status STARTING (READY)
2025-01-27 17:05:27,411 INFO c.h.h.t.HelmChartContainer - [hivemq-test-hivemq-platform] [hivemq-platform-operator] [d89f756e] 17:05:27.410 [ReconcilerExecutor-hivemq-controller-76] INFO  c.h.p.o.HiveMQPlatformReconciler - [helmbrid] Reconciling HiveMQ Platform 'test-hivemq-platform' in namespace 'helmbridgeextensionit'
2025-01-27 17:05:27,412 INFO c.h.h.t.HelmChartContainer - [hivemq-test-hivemq-platform] [hivemq-platform-operator] [d89f756e] 17:05:27.411 [ReconcilerExecutor-hivemq-controller-76] DEBUG c.h.p.o.HiveMQPlatformReconciler - [helmbrid] Custom Resource Status STARTING - HiveMQ Platform is starting (READY)
2025-01-27 17:05:27,412 INFO c.h.h.t.HelmChartContainer - [hivemq-test-hivemq-platform] [hivemq-platform-operator] [d89f756e] 17:05:27.411 [ReconcilerExecutor-hivemq-controller-76] DEBUG c.h.p.o.HiveMQPlatformReconciler - [helmbrid] Custom Resource Spec (replicas: 1) (extensions: 1)
2025-01-27 17:05:27,499 INFO c.h.h.t.HelmChartContainer - [hivemq-test-hivemq-platform] [hivemq-platform-operator] [d89f756e] 17:05:27.498 [ReconcilerExecutor-hivemq-controller-76] DEBUG c.h.p.o.HiveMQPlatformReconciler - [helmbrid] StatefulSet Status (revision: test-hivemq-platform-86d578b79b, replicas: 1, available: 0, ready: 0, current: 1, updated: 1)
2025-01-27 17:05:27,499 INFO c.h.h.t.HelmChartContainer - [hivemq-test-hivemq-platform] [hivemq-platform-operator] [d89f756e] 17:05:27.498 [ReconcilerExecutor-hivemq-controller-76] DEBUG c.h.p.o.HiveMQPlatformReconciler - [helmbrid] StatefulSet Spec (replicas: 1, init containers: 1, containers: 1, volumes: 4)
2025-01-27 17:05:27,508 INFO c.h.h.t.HelmChartContainer - [hivemq-test-hivemq-platform] [hivemq-platform-operator] [d89f756e] 17:05:27.505 [ReconcilerExecutor-hivemq-controller-76] DEBUG c.h.p.o.h.HiveMQPlatformReconcilerErrorHandler - [helmbrid] Pod 'test-hivemq-platform-0' phase Pending
2025-01-27 17:05:27,508 INFO c.h.h.t.HelmChartContainer - [hivemq-test-hivemq-platform] [hivemq-platform-operator] [d89f756e] 17:05:27.505 [ReconcilerExecutor-hivemq-controller-76] DEBUG c.h.p.o.h.HiveMQPlatformReconcilerErrorHandler - [helmbrid] Pod 'test-hivemq-platform-0' condition 'PodReadyToStartContainers': False
2025-01-27 17:05:27,508 INFO c.h.h.t.HelmChartContainer - [hivemq-test-hivemq-platform] [hivemq-platform-operator] [d89f756e] 17:05:27.505 [ReconcilerExecutor-hivemq-controller-76] DEBUG c.h.p.o.h.HiveMQPlatformReconcilerErrorHandler - [helmbrid] Pod 'test-hivemq-platform-0' condition 'Initialized': False
2025-01-27 17:05:27,508 INFO c.h.h.t.HelmChartContainer - [hivemq-test-hivemq-platform] [hivemq-platform-operator] [d89f756e] 17:05:27.505 [ReconcilerExecutor-hivemq-controller-76] DEBUG c.h.p.o.h.HiveMQPlatformReconcilerErrorHandler - [helmbrid] Pod 'test-hivemq-platform-0' condition 'Ready': False
2025-01-27 17:05:27,508 INFO c.h.h.t.HelmChartContainer - [hivemq-test-hivemq-platform] [hivemq-platform-operator] [d89f756e] 17:05:27.505 [ReconcilerExecutor-hivemq-controller-76] DEBUG c.h.p.o.h.HiveMQPlatformReconcilerErrorHandler - [helmbrid] Pod 'test-hivemq-platform-0' condition 'ContainersReady': False
2025-01-27 17:05:27,508 INFO c.h.h.t.HelmChartContainer - [hivemq-test-hivemq-platform] [hivemq-platform-operator] [d89f756e] 17:05:27.505 [ReconcilerExecutor-hivemq-controller-76] DEBUG c.h.p.o.h.HiveMQPlatformReconcilerErrorHandler - [helmbrid] Pod 'test-hivemq-platform-0' condition 'PodScheduled': True
2025-01-27 17:05:27,508 INFO c.h.h.t.HelmChartContainer - [hivemq-test-hivemq-platform] [hivemq-platform-operator] [d89f756e] 17:05:27.505 [ReconcilerExecutor-hivemq-controller-76] DEBUG c.h.p.o.h.HiveMQPlatformReconcilerErrorHandler - [helmbrid] Pod 'test-hivemq-platform-0' containerStatus 'hivemq' (started: false) (ready: false) (waiting: [PodInitializing] null)
2025-01-27 17:05:27,510 INFO c.h.h.t.HelmChartContainer - [hivemq-test-hivemq-platform] [hivemq-platform-operator] [d89f756e] 17:05:27.509 [ReconcilerExecutor-hivemq-controller-76] INFO  c.h.p.o.h.HiveMQPlatformReconcilerBaseHandler - [helmbrid] HiveMQ Platform is starting, 0 of 1 replicas are ready
2025-01-27 17:05:27,535 INFO c.h.h.t.HelmChartContainer - [EVENT] Normal [Pulled] Container image "docker.io/hivemq/hivemq-platform-operator-init-test:snapshot" already present on machine [helmbridgeextensionit:test-hivemq-platform-0]
2025-01-27 17:05:27,542 INFO c.h.h.t.HelmChartContainer - [EVENT] Normal [Created] Created container: hivemq-platform-operator-init [helmbridgeextensionit:test-hivemq-platform-0]
2025-01-27 17:05:27,581 INFO c.h.h.t.HelmChartContainer - [EVENT] Normal [Started] Started container hivemq-platform-operator-init [helmbridgeextensionit:test-hivemq-platform-0]
2025-01-27 17:05:28,434 INFO c.h.h.t.HelmChartContainer - [EVENT] Normal [Pulled] Container image "docker.io/hivemq/hivemq4:4.35.0" already present on machine [helmbridgeextensionit:test-hivemq-platform-0]
2025-01-27 17:05:28,435 INFO c.h.h.t.HelmChartContainer - Received Pulled event for container hivemq in pod test-hivemq-platform-0 [3e6f1e29-60a8-4e07-9e4d-182d9aef4388]
2025-01-27 17:05:28,448 INFO c.h.h.t.HelmChartContainer - [EVENT] Normal [Created] Created container: hivemq [helmbridgeextensionit:test-hivemq-platform-0]
2025-01-27 17:05:28,448 INFO c.h.h.t.HelmChartContainer - Received Created event for container hivemq in pod test-hivemq-platform-0 [3e6f1e29-60a8-4e07-9e4d-182d9aef4388]
2025-01-27 17:05:28,455 INFO c.h.h.t.HelmChartContainer - [POD] test-hivemq-platform-0 [3e6f1e29-60a8-4e07-9e4d-182d9aef4388] in helmbridgeextensionit was MODIFIED
2025-01-27 17:05:28,469 INFO c.h.h.t.HelmChartContainer - [hivemq-test-hivemq-platform] [hivemq-platform-operator] [d89f756e] 17:05:28.459 [pool-6-thread-32] DEBUG c.h.p.o.d.PlatformServiceResource - [helmbrid] Desired Platform services (3 services)
2025-01-27 17:05:28,470 INFO c.h.h.t.HelmChartContainer - [hivemq-test-hivemq-platform] [hivemq-platform-operator] [d89f756e] 17:05:28.461 [pool-6-thread-33] DEBUG c.h.p.o.dependants.PodInfoConfigMap - [helmbrid] Desired PodInfo ConfigMap (1 extensions) (1 enabled)
2025-01-27 17:05:28,480 INFO c.h.h.t.HelmChartContainer - [hivemq-test-hivemq-platform] [hivemq-platform-operator] [d89f756e] 17:05:28.468 [pool-6-thread-33] DEBUG c.h.p.o.dependants.PodInfoConfigMap - [helmbrid] Desired PodInfo ConfigMap (metrics port: 9399) (metrics path: /)
2025-01-27 17:05:28,480 INFO c.h.h.t.HelmChartContainer - [hivemq-test-hivemq-platform] [hivemq-platform-operator] [d89f756e] 17:05:28.468 [pool-6-thread-33] DEBUG c.h.p.o.dependants.PodInfoConfigMap - [helmbrid] Desired PodInfo ConfigMap (extension state hash: -1406518388)
2025-01-27 17:05:28,480 INFO c.h.h.t.HelmChartContainer - [hivemq-test-hivemq-platform] [hivemq-platform-operator] [d89f756e] 17:05:28.474 [pool-6-thread-37] DEBUG c.h.p.o.d.PodServiceAccountResource - [helmbrid] Desired PodServiceAccountResource (serviceAccountName: hivemq-platform-pod-test-hivemq-platform)
2025-01-27 17:05:28,513 INFO c.h.h.t.HelmChartContainer - [hivemq-test-hivemq-platform] [hivemq-platform-operator] [d89f756e] 17:05:28.506 [pool-6-thread-40] DEBUG c.h.p.o.d.StatefulSetResource - [helmbrid] Desired StatefulSet (1 replicas) for status STARTING (READY)
2025-01-27 17:05:28,517 INFO c.h.h.t.HelmChartContainer - [hivemq-test-hivemq-platform] [hivemq-platform-operator] [d89f756e] 17:05:28.512 [ReconcilerExecutor-hivemq-controller-87] INFO  c.h.p.o.HiveMQPlatformReconciler - [helmbrid] Reconciling HiveMQ Platform 'test-hivemq-platform' in namespace 'helmbridgeextensionit'
2025-01-27 17:05:28,517 INFO c.h.h.t.HelmChartContainer - [hivemq-test-hivemq-platform] [hivemq-platform-operator] [d89f756e] 17:05:28.512 [ReconcilerExecutor-hivemq-controller-87] DEBUG c.h.p.o.HiveMQPlatformReconciler - [helmbrid] Custom Resource Status STARTING - HiveMQ Platform is starting (READY)
2025-01-27 17:05:28,517 INFO c.h.h.t.HelmChartContainer - [hivemq-test-hivemq-platform] [hivemq-platform-operator] [d89f756e] 17:05:28.513 [ReconcilerExecutor-hivemq-controller-87] DEBUG c.h.p.o.HiveMQPlatformReconciler - [helmbrid] Custom Resource Spec (replicas: 1) (extensions: 1)
2025-01-27 17:05:28,520 INFO c.h.h.t.HelmChartContainer - [hivemq-test-hivemq-platform] [hivemq-platform-operator] [d89f756e] 17:05:28.518 [ReconcilerExecutor-hivemq-controller-87] DEBUG c.h.p.o.HiveMQPlatformReconciler - [helmbrid] StatefulSet Status (revision: test-hivemq-platform-86d578b79b, replicas: 1, available: 0, ready: 0, current: 1, updated: 1)
2025-01-27 17:05:28,524 INFO c.h.h.t.HelmChartContainer - [hivemq-test-hivemq-platform] [hivemq-platform-operator] [d89f756e] 17:05:28.520 [ReconcilerExecutor-hivemq-controller-87] DEBUG c.h.p.o.HiveMQPlatformReconciler - [helmbrid] StatefulSet Spec (replicas: 1, init containers: 1, containers: 1, volumes: 4)
2025-01-27 17:05:28,599 INFO c.h.h.t.HelmChartContainer - [hivemq-test-hivemq-platform] [hivemq-platform-operator] [d89f756e] 17:05:28.597 [ReconcilerExecutor-hivemq-controller-87] DEBUG c.h.p.o.h.HiveMQPlatformReconcilerErrorHandler - [helmbrid] Pod 'test-hivemq-platform-0' phase Pending
2025-01-27 17:05:28,600 INFO c.h.h.t.HelmChartContainer - [hivemq-test-hivemq-platform] [hivemq-platform-operator] [d89f756e] 17:05:28.597 [ReconcilerExecutor-hivemq-controller-87] DEBUG c.h.p.o.h.HiveMQPlatformReconcilerErrorHandler - [helmbrid] Pod 'test-hivemq-platform-0' condition 'PodReadyToStartContainers': True
2025-01-27 17:05:28,601 INFO c.h.h.t.HelmChartContainer - [hivemq-test-hivemq-platform] [hivemq-platform-operator] [d89f756e] 17:05:28.597 [ReconcilerExecutor-hivemq-controller-87] DEBUG c.h.p.o.h.HiveMQPlatformReconcilerErrorHandler - [helmbrid] Pod 'test-hivemq-platform-0' condition 'Initialized': True
2025-01-27 17:05:28,601 INFO c.h.h.t.HelmChartContainer - [hivemq-test-hivemq-platform] [hivemq-platform-operator] [d89f756e] 17:05:28.598 [ReconcilerExecutor-hivemq-controller-87] DEBUG c.h.p.o.h.HiveMQPlatformReconcilerErrorHandler - [helmbrid] Pod 'test-hivemq-platform-0' condition 'Ready': False
2025-01-27 17:05:28,601 INFO c.h.h.t.HelmChartContainer - [hivemq-test-hivemq-platform] [hivemq-platform-operator] [d89f756e] 17:05:28.598 [ReconcilerExecutor-hivemq-controller-87] DEBUG c.h.p.o.h.HiveMQPlatformReconcilerErrorHandler - [helmbrid] Pod 'test-hivemq-platform-0' condition 'ContainersReady': False
2025-01-27 17:05:28,601 INFO c.h.h.t.HelmChartContainer - [hivemq-test-hivemq-platform] [hivemq-platform-operator] [d89f756e] 17:05:28.598 [ReconcilerExecutor-hivemq-controller-87] DEBUG c.h.p.o.h.HiveMQPlatformReconcilerErrorHandler - [helmbrid] Pod 'test-hivemq-platform-0' condition 'PodScheduled': True
2025-01-27 17:05:28,601 INFO c.h.h.t.HelmChartContainer - [hivemq-test-hivemq-platform] [hivemq-platform-operator] [d89f756e] 17:05:28.598 [ReconcilerExecutor-hivemq-controller-87] DEBUG c.h.p.o.h.HiveMQPlatformReconcilerErrorHandler - [helmbrid] Pod 'test-hivemq-platform-0' containerStatus 'hivemq' (started: false) (ready: false) (waiting: [PodInitializing] null)
2025-01-27 17:05:28,601 INFO c.h.h.t.HelmChartContainer - [hivemq-test-hivemq-platform] [hivemq-platform-operator] [d89f756e] 17:05:28.599 [ReconcilerExecutor-hivemq-controller-87] INFO  c.h.p.o.h.HiveMQPlatformReconcilerBaseHandler - [helmbrid] HiveMQ Platform is starting, 0 of 1 replicas are ready
2025-01-27 17:05:29,449 INFO c.h.h.t.HelmChartContainer - [POD] test-hivemq-platform-0 [3e6f1e29-60a8-4e07-9e4d-182d9aef4388] in helmbridgeextensionit was MODIFIED
2025-01-27 17:05:29,464 INFO c.h.h.t.HelmChartContainer - Started log watcher for hivemq in pod test-hivemq-platform-0 [3e6f1e29-60a8-4e07-9e4d-182d9aef4388]
2025-01-27 17:05:29,464 INFO c.h.h.t.HelmChartContainer - [EVENT] Normal [Started] Started container hivemq [helmbridgeextensionit:test-hivemq-platform-0]
2025-01-27 17:05:29,464 INFO c.h.h.t.HelmChartContainer - Received Started event for container hivemq in pod test-hivemq-platform-0 [3e6f1e29-60a8-4e07-9e4d-182d9aef4388]
2025-01-27 17:05:29,464 INFO c.h.h.t.HelmChartContainer - [test-hivemq-platform] [hivemq] [3e6f1e29] Adding pre-installed HiveMQ Platform Operator extensions
2025-01-27 17:05:29,464 INFO c.h.h.t.HelmChartContainer - [test-hivemq-platform] [hivemq] [3e6f1e29] Running as user 10000
2025-01-27 17:05:29,464 INFO c.h.h.t.HelmChartContainer - [test-hivemq-platform] [hivemq] [3e6f1e29] Starting HiveMQ Platform Operator Init
2025-01-27 17:05:29,471 INFO c.h.h.t.HelmChartContainer - [hivemq-test-hivemq-platform] [hivemq-platform-operator] [d89f756e] 17:05:29.467 [pool-6-thread-42] DEBUG c.h.p.o.d.PlatformServiceResource - [helmbrid] Desired Platform services (3 services)
2025-01-27 17:05:29,474 INFO c.h.h.t.HelmChartContainer - [hivemq-test-hivemq-platform] [hivemq-platform-operator] [d89f756e] 17:05:29.469 [pool-6-thread-43] DEBUG c.h.p.o.dependants.PodInfoConfigMap - [helmbrid] Desired PodInfo ConfigMap (1 extensions) (1 enabled)
2025-01-27 17:05:29,477 INFO c.h.h.t.HelmChartContainer - [hivemq-test-hivemq-platform] [hivemq-platform-operator] [d89f756e] 17:05:29.473 [pool-6-thread-43] DEBUG c.h.p.o.dependants.PodInfoConfigMap - [helmbrid] Desired PodInfo ConfigMap (metrics port: 9399) (metrics path: /)
2025-01-27 17:05:29,478 INFO c.h.h.t.HelmChartContainer - [hivemq-test-hivemq-platform] [hivemq-platform-operator] [d89f756e] 17:05:29.474 [pool-6-thread-43] DEBUG c.h.p.o.dependants.PodInfoConfigMap - [helmbrid] Desired PodInfo ConfigMap (extension state hash: -1406518388)
2025-01-27 17:05:29,479 INFO c.h.h.t.HelmChartContainer - [hivemq-test-hivemq-platform] [hivemq-platform-operator] [d89f756e] 17:05:29.473 [pool-6-thread-47] DEBUG c.h.p.o.d.PodServiceAccountResource - [helmbrid] Desired PodServiceAccountResource (serviceAccountName: hivemq-platform-pod-test-hivemq-platform)
2025-01-27 17:05:29,499 INFO c.h.h.t.HelmChartContainer - [hivemq-test-hivemq-platform] [hivemq-platform-operator] [d89f756e] 17:05:29.495 [pool-6-thread-49] DEBUG c.h.p.o.d.StatefulSetResource - [helmbrid] Desired StatefulSet (1 replicas) for status STARTING (READY)
2025-01-27 17:05:29,502 INFO c.h.h.t.HelmChartContainer - [hivemq-test-hivemq-platform] [hivemq-platform-operator] [d89f756e] 17:05:29.500 [ReconcilerExecutor-hivemq-controller-98] INFO  c.h.p.o.HiveMQPlatformReconciler - [helmbrid] Reconciling HiveMQ Platform 'test-hivemq-platform' in namespace 'helmbridgeextensionit'
2025-01-27 17:05:29,504 INFO c.h.h.t.HelmChartContainer - [hivemq-test-hivemq-platform] [hivemq-platform-operator] [d89f756e] 17:05:29.500 [ReconcilerExecutor-hivemq-controller-98] DEBUG c.h.p.o.HiveMQPlatformReconciler - [helmbrid] Custom Resource Status STARTING - HiveMQ Platform is starting (READY)
2025-01-27 17:05:29,504 INFO c.h.h.t.HelmChartContainer - [hivemq-test-hivemq-platform] [hivemq-platform-operator] [d89f756e] 17:05:29.500 [ReconcilerExecutor-hivemq-controller-98] DEBUG c.h.p.o.HiveMQPlatformReconciler - [helmbrid] Custom Resource Spec (replicas: 1) (extensions: 1)
2025-01-27 17:05:29,508 INFO c.h.h.t.HelmChartContainer - [hivemq-test-hivemq-platform] [hivemq-platform-operator] [d89f756e] 17:05:29.505 [ReconcilerExecutor-hivemq-controller-98] DEBUG c.h.p.o.HiveMQPlatformReconciler - [helmbrid] StatefulSet Status (revision: test-hivemq-platform-86d578b79b, replicas: 1, available: 0, ready: 0, current: 1, updated: 1)
2025-01-27 17:05:29,511 INFO c.h.h.t.HelmChartContainer - [hivemq-test-hivemq-platform] [hivemq-platform-operator] [d89f756e] 17:05:29.505 [ReconcilerExecutor-hivemq-controller-98] DEBUG c.h.p.o.HiveMQPlatformReconciler - [helmbrid] StatefulSet Spec (replicas: 1, init containers: 1, containers: 1, volumes: 4)
2025-01-27 17:05:29,511 INFO c.h.h.t.HelmChartContainer - [hivemq-test-hivemq-platform] [hivemq-platform-operator] [d89f756e] 17:05:29.508 [ReconcilerExecutor-hivemq-controller-98] DEBUG c.h.p.o.h.HiveMQPlatformReconcilerErrorHandler - [helmbrid] Pod 'test-hivemq-platform-0' phase Running
2025-01-27 17:05:29,511 INFO c.h.h.t.HelmChartContainer - [hivemq-test-hivemq-platform] [hivemq-platform-operator] [d89f756e] 17:05:29.509 [ReconcilerExecutor-hivemq-controller-98] INFO  c.h.p.o.h.HiveMQPlatformReconcilerBaseHandler - [helmbrid] HiveMQ Platform is starting, 0 of 1 replicas are ready
2025-01-27 17:05:29,933 INFO c.h.h.t.HelmChartContainer - [test-hivemq-platform] [hivemq] [3e6f1e29] INFO  - [HiveMQ Platform Operator Init 1.7.0-SNAPSHOT] HiveMQ Platform Operator Init 1.7.0-SNAPSHOT (commit: bebf408 on branch: HEAD) built on Sun Jan 26 20:47:47 UTC 2025
2025-01-27 17:05:31,132 INFO c.h.h.t.HelmChartContainer - [test-hivemq-platform] [hivemq] [3e6f1e29] INFO  - [HiveMQ Platform Operator Init App 1.7.0-SNAPSHOT] Using bind address 10.42.0.6 from environment variable
2025-01-27 17:05:32,129 INFO c.h.h.t.HelmChartContainer - [test-hivemq-platform] [hivemq] [3e6f1e29] INFO  - [HiveMQ Platform Operator Init App 1.7.0-SNAPSHOT] HiveMQ Platform Operator Init App 1.7.0-SNAPSHOT (commit: bebf408 on branch: HEAD) built on Sun Jan 26 20:47:47 UTC 2025
2025-01-27 17:05:32,130 INFO c.h.h.t.HelmChartContainer - [test-hivemq-platform] [hivemq] [3e6f1e29] INFO  - [HiveMQ Platform Operator Init App 1.7.0-SNAPSHOT] PodInfo ConfigMap directory: /etc/podinfo
2025-01-27 17:05:32,132 INFO c.h.h.t.HelmChartContainer - [test-hivemq-platform] [hivemq] [3e6f1e29] INFO  - [HiveMQ Platform Operator Init App 1.7.0-SNAPSHOT] HiveMQ home directory: /opt/hivemq
2025-01-27 17:05:32,132 INFO c.h.h.t.HelmChartContainer - [test-hivemq-platform] [hivemq] [3e6f1e29] INFO  - [HiveMQ Platform Operator Init App 1.7.0-SNAPSHOT] HiveMQ Logback folder: /opt/hivemq/conf
2025-01-27 17:05:32,132 INFO c.h.h.t.HelmChartContainer - [test-hivemq-platform] [hivemq] [3e6f1e29] INFO  - [HiveMQ Platform Operator Init App 1.7.0-SNAPSHOT] HiveMQ Config folder: /opt/hivemq/conf-k8s
2025-01-27 17:05:32,132 INFO c.h.h.t.HelmChartContainer - [test-hivemq-platform] [hivemq] [3e6f1e29] INFO  - [HiveMQ Platform Operator Init App 1.7.0-SNAPSHOT] Starting HiveMQ Platform Operator Init App
2025-01-27 17:05:32,132 INFO c.h.h.t.HelmChartContainer - [test-hivemq-platform] [hivemq] [3e6f1e29] INFO  - [HiveMQ Platform Operator Init App 1.7.0-SNAPSHOT] Starting Pod reconciler
2025-01-27 17:05:33,446 INFO c.h.h.t.HelmChartContainer - [test-hivemq-platform] [hivemq] [3e6f1e29] INFO  - [HiveMQ Platform Operator Init App 1.7.0-SNAPSHOT] Pod reconciler is scheduled (interval: 5000 ms)
2025-01-27 17:05:33,447 INFO c.h.h.t.HelmChartContainer - [test-hivemq-platform] [hivemq] [3e6f1e29] INFO  - [HiveMQ Platform Operator Init App 1.7.0-SNAPSHOT] Starting the REST API on 10.42.0.6:7979
2025-01-27 17:05:33,451 INFO c.h.h.t.HelmChartContainer - [test-hivemq-platform] [hivemq] [3e6f1e29] INFO  - [HiveMQ Platform Operator Init App 1.7.0-SNAPSHOT] Waiting up to 600s for at most 1 HiveMQ nodes in cluster service hivemq-test-hivemq-platform-cluster.helmbridgeextensionit.svc
2025-01-27 17:05:33,833 INFO c.h.h.t.HelmChartContainer - [test-hivemq-platform] [hivemq] [3e6f1e29] INFO  - [HiveMQ Platform Operator Init App 1.7.0-SNAPSHOT] Resolved 1 IP addresses: [10.42.0.6]
2025-01-27 17:05:33,833 INFO c.h.h.t.HelmChartContainer - [test-hivemq-platform] [hivemq] [3e6f1e29] INFO  - [HiveMQ Platform Operator Init App 1.7.0-SNAPSHOT] HiveMQ node count of 1 is within threshold of 1
2025-01-27 17:05:33,833 INFO c.h.h.t.HelmChartContainer - [test-hivemq-platform] [hivemq] [3e6f1e29] INFO  - [HiveMQ Platform Operator Init App 1.7.0-SNAPSHOT] Proceeding with container start
2025-01-27 17:05:33,933 INFO c.h.h.t.HelmChartContainer - [test-hivemq-platform] [hivemq] [3e6f1e29] INFO  - [HiveMQ Platform Operator Init App 1.7.0-SNAPSHOT] Initializing HiveMQ Platform extensions with initial configuration: {hivemq-bridge-extension={start-priority=-1, skip-https-hostname-verification=false, restart=true, config-version=522, header-version=0, c-uri=, priority=-1, uri=preinstalled, skip-https-certificate-validation=false, enabled=true}, hivemq-prometheus-extension={restart=true, enabled=true, request-header-path=no-request-headers, uri=preinstalled, skip-https-certificate-validation=false, skip-https-hostname-verification=false, c-uri=, start-priority=-1, priority=-1}}
2025-01-27 17:05:34,341 INFO c.h.h.t.HelmChartContainer - [test-hivemq-platform] [hivemq] [3e6f1e29] INFO  - [HiveMQ Platform Operator Init App 1.7.0-SNAPSHOT] Successfully enabled extension hivemq-bridge-extension
2025-01-27 17:05:34,430 INFO c.h.h.t.HelmChartContainer - [test-hivemq-platform] [hivemq] [3e6f1e29] INFO  - [HiveMQ Platform Operator Init App 1.7.0-SNAPSHOT] Successfully enabled extension hivemq-prometheus-extension
2025-01-27 17:05:34,431 INFO c.h.h.t.HelmChartContainer - [test-hivemq-platform] [hivemq] [3e6f1e29] INFO  - [HiveMQ Platform Operator Init App 1.7.0-SNAPSHOT] Starting HiveMQ Platform version 4.35.0 (4.35.0)
2025-01-27 17:05:34,431 INFO c.h.h.t.HelmChartContainer - [test-hivemq-platform] [hivemq] [3e6f1e29] INFO  - [HiveMQ Platform Operator Init App 1.7.0-SNAPSHOT] Configuring the HiveMQ Platform
2025-01-27 17:05:34,529 INFO c.h.h.t.HelmChartContainer - [test-hivemq-platform] [hivemq] [3e6f1e29] INFO  - [HiveMQ Platform Operator Init App 1.7.0-SNAPSHOT] Changed logback.xml file scan period to 20 seconds
2025-01-27 17:05:34,541 INFO c.h.h.t.HelmChartContainer - [test-hivemq-platform] [hivemq] [3e6f1e29] INFO  - [HiveMQ Platform Operator Init App 1.7.0-SNAPSHOT] Starting the HiveMQ Platform
2025-01-27 17:05:34,628 INFO c.h.h.t.HelmChartContainer - [test-hivemq-platform] [hivemq] [3e6f1e29] -------------------------------------------------------------------------
2025-01-27 17:05:34,628 INFO c.h.h.t.HelmChartContainer - [test-hivemq-platform] [hivemq] [3e6f1e29] 
2025-01-27 17:05:34,628 INFO c.h.h.t.HelmChartContainer - [test-hivemq-platform] [hivemq] [3e6f1e29]                   _    _  _              __  __   ____
2025-01-27 17:05:34,628 INFO c.h.h.t.HelmChartContainer - [test-hivemq-platform] [hivemq] [3e6f1e29]                  | |  | |(_)            |  \/  | / __ \
2025-01-27 17:05:34,628 INFO c.h.h.t.HelmChartContainer - [test-hivemq-platform] [hivemq] [3e6f1e29]                  | |__| | _ __   __ ___ | \  / || |  | |
2025-01-27 17:05:34,628 INFO c.h.h.t.HelmChartContainer - [test-hivemq-platform] [hivemq] [3e6f1e29]                  |  __  || |\ \ / // _ \| |\/| || |  | |
2025-01-27 17:05:34,628 INFO c.h.h.t.HelmChartContainer - [test-hivemq-platform] [hivemq] [3e6f1e29]                  | |  | || | \ V /|  __/| |  | || |__| |
2025-01-27 17:05:34,628 INFO c.h.h.t.HelmChartContainer - [test-hivemq-platform] [hivemq] [3e6f1e29]                  |_|  |_||_|  \_/  \___||_|  |_| \___\_\
2025-01-27 17:05:34,628 INFO c.h.h.t.HelmChartContainer - [test-hivemq-platform] [hivemq] [3e6f1e29] 
2025-01-27 17:05:34,628 INFO c.h.h.t.HelmChartContainer - [test-hivemq-platform] [hivemq] [3e6f1e29] -------------------------------------------------------------------------
2025-01-27 17:05:34,628 INFO c.h.h.t.HelmChartContainer - [test-hivemq-platform] [hivemq] [3e6f1e29] 
2025-01-27 17:05:34,628 INFO c.h.h.t.HelmChartContainer - [test-hivemq-platform] [hivemq] [3e6f1e29]   HiveMQ Start Script for Linux/Unix v1.14
2025-01-27 17:05:34,628 INFO c.h.h.t.HelmChartContainer - [test-hivemq-platform] [hivemq] [3e6f1e29] 
2025-01-27 17:05:34,728 INFO c.h.h.t.HelmChartContainer - [test-hivemq-platform] [hivemq] [3e6f1e29] -------------------------------------------------------------------------
2025-01-27 17:05:34,728 INFO c.h.h.t.HelmChartContainer - [test-hivemq-platform] [hivemq] [3e6f1e29] 
2025-01-27 17:05:34,728 INFO c.h.h.t.HelmChartContainer - [test-hivemq-platform] [hivemq] [3e6f1e29]   HIVEMQ_HOME: /opt/hivemq
2025-01-27 17:05:34,728 INFO c.h.h.t.HelmChartContainer - [test-hivemq-platform] [hivemq] [3e6f1e29] 
2025-01-27 17:05:34,728 INFO c.h.h.t.HelmChartContainer - [test-hivemq-platform] [hivemq] [3e6f1e29]   JAVA_OPTS: -XX:+UnlockExperimentalVMOptions -XX:InitialRAMPercentage=50 -XX:MaxRAMPercentage=50 -Djava.net.preferIPv4Stack=true --add-opens java.base/java.lang=ALL-UNNAMED --add-opens java.base/java.nio=ALL-UNNAMED --add-opens java.base/sun.nio.ch=ALL-UNNAMED --add-opens jdk.management/com.sun.management.internal=ALL-UNNAMED --add-exports java.base/jdk.internal.misc=ALL-UNNAMED -Djava.security.egd=file:/dev/./urandom -Dcom.sun.management.jmxremote -Dcom.sun.management.jmxremote.port=9010 -Dcom.sun.management.jmxremote.local.only=false -Dcom.sun.management.jmxremote.authenticate=false -Dcom.sun.management.jmxremote.ssl=false -Duser.language=en -Duser.region=US -XX:+CrashOnOutOfMemoryError -XX:+HeapDumpOnOutOfMemoryError
2025-01-27 17:05:34,728 INFO c.h.h.t.HelmChartContainer - [test-hivemq-platform] [hivemq] [3e6f1e29] 
2025-01-27 17:05:34,728 INFO c.h.h.t.HelmChartContainer - [test-hivemq-platform] [hivemq] [3e6f1e29]   JAVA_VERSION: 21
2025-01-27 17:05:34,729 INFO c.h.h.t.HelmChartContainer - [test-hivemq-platform] [hivemq] [3e6f1e29] 
2025-01-27 17:05:34,729 INFO c.h.h.t.HelmChartContainer - [test-hivemq-platform] [hivemq] [3e6f1e29] -------------------------------------------------------------------------
2025-01-27 17:05:34,729 INFO c.h.h.t.HelmChartContainer - [test-hivemq-platform] [hivemq] [3e6f1e29] 
2025-01-27 17:05:35,525 INFO c.h.h.t.HelmChartContainer - [test-hivemq-platform] [hivemq] [3e6f1e29] INFO  - [HiveMQ Platform Operator Init App 1.7.0-SNAPSHOT] Returning default Health API response 503 for readiness
2025-01-27 17:05:36,129 INFO c.h.h.t.HelmChartContainer - [EVENT] Warning [Unhealthy] Readiness probe failed: HTTP probe failed with statuscode: 503 [helmbridgeextensionit:test-hivemq-platform-0]
2025-01-27 17:05:36,130 INFO c.h.h.t.HelmChartContainer - Received Unhealthy event for container hivemq in pod test-hivemq-platform-0 [3e6f1e29-60a8-4e07-9e4d-182d9aef4388]
2025-01-27 17:05:37,630 INFO c.h.h.t.HelmChartContainer - [test-hivemq-platform] [hivemq] [3e6f1e29] INFO  - Starting HiveMQ Enterprise Server
2025-01-27 17:05:37,636 INFO c.h.h.t.HelmChartContainer - [test-hivemq-platform] [hivemq] [3e6f1e29] INFO  - HiveMQ version: 4.35.0
2025-01-27 17:05:37,636 INFO c.h.h.t.HelmChartContainer - [test-hivemq-platform] [hivemq] [3e6f1e29] INFO  - HiveMQ home directory: /opt/hivemq
2025-01-27 17:05:37,636 INFO c.h.h.t.HelmChartContainer - [test-hivemq-platform] [hivemq] [3e6f1e29] INFO  - Log Configuration was overridden by /opt/hivemq/conf/logback.xml
2025-01-27 17:05:39,338 INFO c.h.h.t.HelmChartContainer - [test-hivemq-platform] [hivemq] [3e6f1e29] INFO  - Successfully loaded configuration from '/opt/hivemq/conf-k8s/config.xml'.
2025-01-27 17:05:39,516 INFO c.h.h.t.HelmChartContainer - [hivemq-test-hivemq-platform] [hivemq-platform-operator] [d89f756e] 17:05:39.512 [pool-6-thread-9] DEBUG c.h.p.o.d.PlatformServiceResource - [helmbrid] Desired Platform services (3 services)
2025-01-27 17:05:39,517 INFO c.h.h.t.HelmChartContainer - [hivemq-test-hivemq-platform] [hivemq-platform-operator] [d89f756e] 17:05:39.516 [pool-6-thread-8] DEBUG c.h.p.o.dependants.PodInfoConfigMap - [helmbrid] Desired PodInfo ConfigMap (1 extensions) (1 enabled)
2025-01-27 17:05:39,520 INFO c.h.h.t.HelmChartContainer - [hivemq-test-hivemq-platform] [hivemq-platform-operator] [d89f756e] 17:05:39.517 [pool-6-thread-8] DEBUG c.h.p.o.dependants.PodInfoConfigMap - [helmbrid] Desired PodInfo ConfigMap (metrics port: 9399) (metrics path: /)
2025-01-27 17:05:39,520 INFO c.h.h.t.HelmChartContainer - [hivemq-test-hivemq-platform] [hivemq-platform-operator] [d89f756e] 17:05:39.517 [pool-6-thread-8] DEBUG c.h.p.o.dependants.PodInfoConfigMap - [helmbrid] Desired PodInfo ConfigMap (extension state hash: -1406518388)
2025-01-27 17:05:39,520 INFO c.h.h.t.HelmChartContainer - [hivemq-test-hivemq-platform] [hivemq-platform-operator] [d89f756e] 17:05:39.518 [pool-6-thread-6] DEBUG c.h.p.o.d.PodServiceAccountResource - [helmbrid] Desired PodServiceAccountResource (serviceAccountName: hivemq-platform-pod-test-hivemq-platform)
2025-01-27 17:05:39,526 INFO c.h.h.t.HelmChartContainer - [hivemq-test-hivemq-platform] [hivemq-platform-operator] [d89f756e] 17:05:39.524 [pool-6-thread-4] DEBUG c.h.p.o.d.StatefulSetResource - [helmbrid] Desired StatefulSet (1 replicas) for status STARTING (READY)
2025-01-27 17:05:39,532 INFO c.h.h.t.HelmChartContainer - [hivemq-test-hivemq-platform] [hivemq-platform-operator] [d89f756e] 17:05:39.530 [ReconcilerExecutor-hivemq-controller-109] INFO  c.h.p.o.HiveMQPlatformReconciler - [helmbrid] Reconciling HiveMQ Platform 'test-hivemq-platform' in namespace 'helmbridgeextensionit'
2025-01-27 17:05:39,534 INFO c.h.h.t.HelmChartContainer - [hivemq-test-hivemq-platform] [hivemq-platform-operator] [d89f756e] 17:05:39.530 [ReconcilerExecutor-hivemq-controller-109] DEBUG c.h.p.o.HiveMQPlatformReconciler - [helmbrid] Custom Resource Status STARTING - HiveMQ Platform is starting (READY)
2025-01-27 17:05:39,534 INFO c.h.h.t.HelmChartContainer - [hivemq-test-hivemq-platform] [hivemq-platform-operator] [d89f756e] 17:05:39.530 [ReconcilerExecutor-hivemq-controller-109] DEBUG c.h.p.o.HiveMQPlatformReconciler - [helmbrid] Custom Resource Spec (replicas: 1) (extensions: 1)
2025-01-27 17:05:39,600 INFO c.h.h.t.HelmChartContainer - [hivemq-test-hivemq-platform] [hivemq-platform-operator] [d89f756e] 17:05:39.597 [ReconcilerExecutor-hivemq-controller-109] DEBUG c.h.p.o.HiveMQPlatformReconciler - [helmbrid] StatefulSet Status (revision: test-hivemq-platform-86d578b79b, replicas: 1, available: 0, ready: 0, current: 1, updated: 1)
2025-01-27 17:05:39,601 INFO c.h.h.t.HelmChartContainer - [hivemq-test-hivemq-platform] [hivemq-platform-operator] [d89f756e] 17:05:39.597 [ReconcilerExecutor-hivemq-controller-109] DEBUG c.h.p.o.HiveMQPlatformReconciler - [helmbrid] StatefulSet Spec (replicas: 1, init containers: 1, containers: 1, volumes: 4)
2025-01-27 17:05:39,602 INFO c.h.h.t.HelmChartContainer - [hivemq-test-hivemq-platform] [hivemq-platform-operator] [d89f756e] 17:05:39.600 [ReconcilerExecutor-hivemq-controller-109] DEBUG c.h.p.o.h.HiveMQPlatformReconcilerErrorHandler - [helmbrid] Pod 'test-hivemq-platform-0' phase Running
2025-01-27 17:05:39,603 INFO c.h.h.t.HelmChartContainer - [hivemq-test-hivemq-platform] [hivemq-platform-operator] [d89f756e] 17:05:39.601 [ReconcilerExecutor-hivemq-controller-109] INFO  c.h.p.o.h.HiveMQPlatformReconcilerBaseHandler - [helmbrid] HiveMQ Platform is starting, 0 of 1 replicas are ready
2025-01-27 17:05:40,229 INFO c.h.h.t.HelmChartContainer - [test-hivemq-platform] [hivemq] [3e6f1e29] INFO  - This node's ID is KhmuJ
2025-01-27 17:05:40,230 INFO c.h.h.t.HelmChartContainer - [test-hivemq-platform] [hivemq] [3e6f1e29] INFO  - Clustering is enabled
2025-01-27 17:05:40,835 INFO c.h.h.t.HelmChartContainer - [test-hivemq-platform] [hivemq] [3e6f1e29] WARN  - [HiveMQ Platform Operator Init App 1.7.0-SNAPSHOT] Cannot connect to Health API for readiness: null
2025-01-27 17:05:40,840 INFO c.h.h.t.HelmChartContainer - [EVENT] Warning [Unhealthy] Readiness probe failed: HTTP probe failed with statuscode: 503 [helmbridgeextensionit:test-hivemq-platform-0]
2025-01-27 17:05:40,840 INFO c.h.h.t.HelmChartContainer - Received Unhealthy event for container hivemq in pod test-hivemq-platform-0 [3e6f1e29-60a8-4e07-9e4d-182d9aef4388]
2025-01-27 17:05:43,735 INFO c.h.h.t.HelmChartContainer - [test-hivemq-platform] [hivemq] [3e6f1e29] Jan 27, 2025 5:05:43 PM io.vertx.core.impl.BlockedThreadChecker
2025-01-27 17:05:43,735 INFO c.h.h.t.HelmChartContainer - [test-hivemq-platform] [hivemq] [3e6f1e29] WARNING: Thread Thread[vert.x-eventloop-thread-1,5,main] has been blocked for 2294 ms, time limit is 2000 ms
2025-01-27 17:05:44,730 INFO c.h.h.t.HelmChartContainer - [test-hivemq-platform] [hivemq] [3e6f1e29] Jan 27, 2025 5:05:44 PM io.vertx.core.impl.BlockedThreadChecker
2025-01-27 17:05:44,732 INFO c.h.h.t.HelmChartContainer - [test-hivemq-platform] [hivemq] [3e6f1e29] WARNING: Thread Thread[vert.x-eventloop-thread-1,5,main] has been blocked for 3295 ms, time limit is 2000 ms
2025-01-27 17:05:45,134 INFO c.h.h.t.HelmChartContainer - [test-hivemq-platform] [hivemq] [3e6f1e29] INFO  - [HiveMQ Platform Operator Init App 1.7.0-SNAPSHOT] Updating Pod HiveMQ Platform Operator Init App version annotation (version: 1.7.0-SNAPSHOT)
2025-01-27 17:05:45,538 INFO c.h.h.t.HelmChartContainer - [test-hivemq-platform] [hivemq] [3e6f1e29] WARN  - [HiveMQ Platform Operator Init App 1.7.0-SNAPSHOT] Cannot connect to Health API for readiness: null
2025-01-27 17:05:45,544 INFO c.h.h.t.HelmChartContainer - [EVENT] Warning [Unhealthy] Readiness probe failed: HTTP probe failed with statuscode: 503 [helmbridgeextensionit:test-hivemq-platform-0]
2025-01-27 17:05:45,545 INFO c.h.h.t.HelmChartContainer - Received Unhealthy event for container hivemq in pod test-hivemq-platform-0 [3e6f1e29-60a8-4e07-9e4d-182d9aef4388]
2025-01-27 17:05:46,341 INFO c.h.h.t.HelmChartContainer - [POD] test-hivemq-platform-0 [3e6f1e29-60a8-4e07-9e4d-182d9aef4388] in helmbridgeextensionit was MODIFIED
2025-01-27 17:05:46,427 INFO c.h.h.t.HelmChartContainer - [hivemq-test-hivemq-platform] [hivemq-platform-operator] [d89f756e] 17:05:46.347 [pool-6-thread-11] DEBUG c.h.p.o.d.PlatformServiceResource - [helmbrid] Desired Platform services (3 services)
2025-01-27 17:05:46,427 INFO c.h.h.t.HelmChartContainer - [hivemq-test-hivemq-platform] [hivemq-platform-operator] [d89f756e] 17:05:46.349 [pool-6-thread-17] DEBUG c.h.p.o.d.PodServiceAccountResource - [helmbrid] Desired PodServiceAccountResource (serviceAccountName: hivemq-platform-pod-test-hivemq-platform)
2025-01-27 17:05:46,427 INFO c.h.h.t.HelmChartContainer - [hivemq-test-hivemq-platform] [hivemq-platform-operator] [d89f756e] 17:05:46.350 [pool-6-thread-16] DEBUG c.h.p.o.dependants.PodInfoConfigMap - [helmbrid] Desired PodInfo ConfigMap (1 extensions) (1 enabled)
2025-01-27 17:05:46,427 INFO c.h.h.t.HelmChartContainer - [hivemq-test-hivemq-platform] [hivemq-platform-operator] [d89f756e] 17:05:46.350 [pool-6-thread-16] DEBUG c.h.p.o.dependants.PodInfoConfigMap - [helmbrid] Desired PodInfo ConfigMap (metrics port: 9399) (metrics path: /)
2025-01-27 17:05:46,427 INFO c.h.h.t.HelmChartContainer - [hivemq-test-hivemq-platform] [hivemq-platform-operator] [d89f756e] 17:05:46.350 [pool-6-thread-16] DEBUG c.h.p.o.dependants.PodInfoConfigMap - [helmbrid] Desired PodInfo ConfigMap (extension state hash: -1406518388)
2025-01-27 17:05:46,427 INFO c.h.h.t.HelmChartContainer - [hivemq-test-hivemq-platform] [hivemq-platform-operator] [d89f756e] 17:05:46.356 [pool-6-thread-11] DEBUG c.h.p.o.d.StatefulSetResource - [helmbrid] Desired StatefulSet (1 replicas) for status STARTING (READY)
2025-01-27 17:05:46,427 INFO c.h.h.t.HelmChartContainer - [hivemq-test-hivemq-platform] [hivemq-platform-operator] [d89f756e] 17:05:46.395 [ReconcilerExecutor-hivemq-controller-110] INFO  c.h.p.o.HiveMQPlatformReconciler - [helmbrid] Reconciling HiveMQ Platform 'test-hivemq-platform' in namespace 'helmbridgeextensionit'
2025-01-27 17:05:46,427 INFO c.h.h.t.HelmChartContainer - [hivemq-test-hivemq-platform] [hivemq-platform-operator] [d89f756e] 17:05:46.395 [ReconcilerExecutor-hivemq-controller-110] DEBUG c.h.p.o.HiveMQPlatformReconciler - [helmbrid] Custom Resource Status STARTING - HiveMQ Platform is starting (READY)
2025-01-27 17:05:46,427 INFO c.h.h.t.HelmChartContainer - [hivemq-test-hivemq-platform] [hivemq-platform-operator] [d89f756e] 17:05:46.395 [ReconcilerExecutor-hivemq-controller-110] DEBUG c.h.p.o.HiveMQPlatformReconciler - [helmbrid] Custom Resource Spec (replicas: 1) (extensions: 1)
2025-01-27 17:05:46,427 INFO c.h.h.t.HelmChartContainer - [hivemq-test-hivemq-platform] [hivemq-platform-operator] [d89f756e] 17:05:46.398 [ReconcilerExecutor-hivemq-controller-110] DEBUG c.h.p.o.HiveMQPlatformReconciler - [helmbrid] StatefulSet Status (revision: test-hivemq-platform-86d578b79b, replicas: 1, available: 0, ready: 0, current: 1, updated: 1)
2025-01-27 17:05:46,427 INFO c.h.h.t.HelmChartContainer - [hivemq-test-hivemq-platform] [hivemq-platform-operator] [d89f756e] 17:05:46.398 [ReconcilerExecutor-hivemq-controller-110] DEBUG c.h.p.o.HiveMQPlatformReconciler - [helmbrid] StatefulSet Spec (replicas: 1, init containers: 1, containers: 1, volumes: 4)
2025-01-27 17:05:46,427 INFO c.h.h.t.HelmChartContainer - [hivemq-test-hivemq-platform] [hivemq-platform-operator] [d89f756e] 17:05:46.399 [ReconcilerExecutor-hivemq-controller-110] DEBUG c.h.p.o.h.HiveMQPlatformReconcilerErrorHandler - [helmbrid] Pod 'test-hivemq-platform-0' phase Running
2025-01-27 17:05:46,427 INFO c.h.h.t.HelmChartContainer - [hivemq-test-hivemq-platform] [hivemq-platform-operator] [d89f756e] 17:05:46.401 [ReconcilerExecutor-hivemq-controller-110] INFO  c.h.p.o.h.HiveMQPlatformReconcilerBaseHandler - [helmbrid] HiveMQ Platform is starting, 0 of 1 replicas are ready
2025-01-27 17:05:46,440 INFO c.h.h.t.HelmChartContainer - [test-hivemq-platform] [hivemq] [3e6f1e29] WARN  - [HiveMQ Platform Operator Init App 1.7.0-SNAPSHOT] Cannot connect to Health API for readiness: null
2025-01-27 17:05:46,445 INFO c.h.h.t.HelmChartContainer - [EVENT] Warning [Unhealthy] Readiness probe failed: HTTP probe failed with statuscode: 503 [helmbridgeextensionit:test-hivemq-platform-0]
2025-01-27 17:05:46,445 INFO c.h.h.t.HelmChartContainer - Received Unhealthy event for container hivemq in pod test-hivemq-platform-0 [3e6f1e29-60a8-4e07-9e4d-182d9aef4388]
2025-01-27 17:05:46,532 INFO c.h.h.t.HelmChartContainer - [test-hivemq-platform] [hivemq] [3e6f1e29] INFO  - [HiveMQ Platform Operator Init App 1.7.0-SNAPSHOT] Successfully updated Pod HiveMQ Platform Operator Init App version annotation (version: 1.7.0-SNAPSHOT)
2025-01-27 17:05:51,348 INFO c.h.h.t.HelmChartContainer - [test-hivemq-platform] [hivemq] [3e6f1e29] WARN  - [HiveMQ Platform Operator Init App 1.7.0-SNAPSHOT] Cannot connect to Health API for readiness: null
2025-01-27 17:05:51,351 INFO c.h.h.t.HelmChartContainer - [EVENT] Warning [Unhealthy] Readiness probe failed: HTTP probe failed with statuscode: 503 [helmbridgeextensionit:test-hivemq-platform-0]
2025-01-27 17:05:51,351 INFO c.h.h.t.HelmChartContainer - Received Unhealthy event for container hivemq in pod test-hivemq-platform-0 [3e6f1e29-60a8-4e07-9e4d-182d9aef4388]
2025-01-27 17:05:56,413 INFO c.h.h.t.HelmChartContainer - [hivemq-test-hivemq-platform] [hivemq-platform-operator] [d89f756e] 17:05:56.408 [pool-6-thread-22] DEBUG c.h.p.o.d.PlatformServiceResource - [helmbrid] Desired Platform services (3 services)
2025-01-27 17:05:56,414 INFO c.h.h.t.HelmChartContainer - [hivemq-test-hivemq-platform] [hivemq-platform-operator] [d89f756e] 17:05:56.412 [pool-6-thread-27] DEBUG c.h.p.o.dependants.PodInfoConfigMap - [helmbrid] Desired PodInfo ConfigMap (1 extensions) (1 enabled)
2025-01-27 17:05:56,414 INFO c.h.h.t.HelmChartContainer - [hivemq-test-hivemq-platform] [hivemq-platform-operator] [d89f756e] 17:05:56.412 [pool-6-thread-27] DEBUG c.h.p.o.dependants.PodInfoConfigMap - [helmbrid] Desired PodInfo ConfigMap (metrics port: 9399) (metrics path: /)
2025-01-27 17:05:56,414 INFO c.h.h.t.HelmChartContainer - [hivemq-test-hivemq-platform] [hivemq-platform-operator] [d89f756e] 17:05:56.412 [pool-6-thread-27] DEBUG c.h.p.o.dependants.PodInfoConfigMap - [helmbrid] Desired PodInfo ConfigMap (extension state hash: -1406518388)
2025-01-27 17:05:56,418 INFO c.h.h.t.HelmChartContainer - [hivemq-test-hivemq-platform] [hivemq-platform-operator] [d89f756e] 17:05:56.414 [pool-6-thread-24] DEBUG c.h.p.o.d.PodServiceAccountResource - [helmbrid] Desired PodServiceAccountResource (serviceAccountName: hivemq-platform-pod-test-hivemq-platform)
2025-01-27 17:05:56,418 INFO c.h.h.t.HelmChartContainer - [hivemq-test-hivemq-platform] [hivemq-platform-operator] [d89f756e] 17:05:56.416 [pool-6-thread-27] DEBUG c.h.p.o.d.StatefulSetResource - [helmbrid] Desired StatefulSet (1 replicas) for status STARTING (READY)
2025-01-27 17:05:56,428 INFO c.h.h.t.HelmChartContainer - [test-hivemq-platform] [hivemq] [3e6f1e29] WARN  - [HiveMQ Platform Operator Init App 1.7.0-SNAPSHOT] Cannot connect to Health API for readiness: null
2025-01-27 17:05:56,434 INFO c.h.h.t.HelmChartContainer - [EVENT] Warning [Unhealthy] Readiness probe failed: HTTP probe failed with statuscode: 503 [helmbridgeextensionit:test-hivemq-platform-0]
2025-01-27 17:05:56,434 INFO c.h.h.t.HelmChartContainer - Received Unhealthy event for container hivemq in pod test-hivemq-platform-0 [3e6f1e29-60a8-4e07-9e4d-182d9aef4388]
2025-01-27 17:05:56,498 INFO c.h.h.t.HelmChartContainer - [hivemq-test-hivemq-platform] [hivemq-platform-operator] [d89f756e] 17:05:56.496 [ReconcilerExecutor-hivemq-controller-111] INFO  c.h.p.o.HiveMQPlatformReconciler - [helmbrid] Reconciling HiveMQ Platform 'test-hivemq-platform' in namespace 'helmbridgeextensionit'
2025-01-27 17:05:56,499 INFO c.h.h.t.HelmChartContainer - [hivemq-test-hivemq-platform] [hivemq-platform-operator] [d89f756e] 17:05:56.496 [ReconcilerExecutor-hivemq-controller-111] DEBUG c.h.p.o.HiveMQPlatformReconciler - [helmbrid] Custom Resource Status STARTING - HiveMQ Platform is starting (READY)
2025-01-27 17:05:56,499 INFO c.h.h.t.HelmChartContainer - [hivemq-test-hivemq-platform] [hivemq-platform-operator] [d89f756e] 17:05:56.496 [ReconcilerExecutor-hivemq-controller-111] DEBUG c.h.p.o.HiveMQPlatformReconciler - [helmbrid] Custom Resource Spec (replicas: 1) (extensions: 1)
2025-01-27 17:05:56,502 INFO c.h.h.t.HelmChartContainer - [hivemq-test-hivemq-platform] [hivemq-platform-operator] [d89f756e] 17:05:56.499 [ReconcilerExecutor-hivemq-controller-111] DEBUG c.h.p.o.HiveMQPlatformReconciler - [helmbrid] StatefulSet Status (revision: test-hivemq-platform-86d578b79b, replicas: 1, available: 0, ready: 0, current: 1, updated: 1)
2025-01-27 17:05:56,503 INFO c.h.h.t.HelmChartContainer - [hivemq-test-hivemq-platform] [hivemq-platform-operator] [d89f756e] 17:05:56.499 [ReconcilerExecutor-hivemq-controller-111] DEBUG c.h.p.o.HiveMQPlatformReconciler - [helmbrid] StatefulSet Spec (replicas: 1, init containers: 1, containers: 1, volumes: 4)
2025-01-27 17:05:56,503 INFO c.h.h.t.HelmChartContainer - [hivemq-test-hivemq-platform] [hivemq-platform-operator] [d89f756e] 17:05:56.500 [ReconcilerExecutor-hivemq-controller-111] DEBUG c.h.p.o.h.HiveMQPlatformReconcilerErrorHandler - [helmbrid] Pod 'test-hivemq-platform-0' phase Running
2025-01-27 17:05:56,503 INFO c.h.h.t.HelmChartContainer - [hivemq-test-hivemq-platform] [hivemq-platform-operator] [d89f756e] 17:05:56.501 [ReconcilerExecutor-hivemq-controller-111] INFO  c.h.p.o.h.HiveMQPlatformReconcilerBaseHandler - [helmbrid] HiveMQ Platform is starting, 0 of 1 replicas are ready
2025-01-27 17:05:57,525 INFO c.h.h.t.HelmChartContainer - [test-hivemq-platform] [hivemq] [3e6f1e29] WARN  - [HiveMQ Platform Operator Init App 1.7.0-SNAPSHOT] Cannot connect to Health API for liveness: null
2025-01-27 17:05:57,526 INFO c.h.h.t.HelmChartContainer - [test-hivemq-platform] [hivemq] [3e6f1e29] INFO  - [HiveMQ Platform Operator Init App 1.7.0-SNAPSHOT] Returning default Health API response 200 for liveness
2025-01-27 17:06:00,240 INFO c.h.h.t.HelmChartContainer - [test-hivemq-platform] [hivemq] [3e6f1e29] INFO  - No valid license file found. Using trial license, restricted to 25 connections.
2025-01-27 17:06:01,427 INFO c.h.h.t.HelmChartContainer - [test-hivemq-platform] [hivemq] [3e6f1e29] WARN  - [HiveMQ Platform Operator Init App 1.7.0-SNAPSHOT] Cannot connect to Health API for readiness: null
2025-01-27 17:06:01,431 INFO c.h.h.t.HelmChartContainer - [EVENT] Warning [Unhealthy] Readiness probe failed: HTTP probe failed with statuscode: 503 [helmbridgeextensionit:test-hivemq-platform-0]
2025-01-27 17:06:01,432 INFO c.h.h.t.HelmChartContainer - Received Unhealthy event for container hivemq in pod test-hivemq-platform-0 [3e6f1e29-60a8-4e07-9e4d-182d9aef4388]
2025-01-27 17:06:04,640 INFO c.h.h.t.HelmChartContainer - [test-hivemq-platform] [hivemq] [3e6f1e29] INFO  - No valid license file for Data Hub found. Using free license, restricted to 1 policy.
2025-01-27 17:06:05,626 INFO c.h.h.t.HelmChartContainer - [test-hivemq-platform] [hivemq] [3e6f1e29] INFO  - Audit Logger started.
2025-01-27 17:06:05,931 INFO c.h.h.t.HelmChartContainer - [test-hivemq-platform] [hivemq] [3e6f1e29] INFO  - This node uses '1' CPU cores.
2025-01-27 17:06:05,938 INFO c.h.h.t.HelmChartContainer - [test-hivemq-platform] [hivemq] [3e6f1e29] INFO  - Starting HiveMQ Health API on address 0.0.0.0 and port 8889
2025-01-27 17:06:06,425 INFO c.h.h.t.HelmChartContainer - [test-hivemq-platform] [hivemq] [3e6f1e29] WARN  - [HiveMQ Platform Operator Init App 1.7.0-SNAPSHOT] Cannot connect to Health API for readiness: null
2025-01-27 17:06:06,432 INFO c.h.h.t.HelmChartContainer - [EVENT] Warning [Unhealthy] Readiness probe failed: HTTP probe failed with statuscode: 503 [helmbridgeextensionit:test-hivemq-platform-0]
2025-01-27 17:06:06,433 INFO c.h.h.t.HelmChartContainer - Received Unhealthy event for container hivemq in pod test-hivemq-platform-0 [3e6f1e29-60a8-4e07-9e4d-182d9aef4388]
2025-01-27 17:06:06,509 INFO c.h.h.t.HelmChartContainer - [hivemq-test-hivemq-platform] [hivemq-platform-operator] [d89f756e] 17:06:06.506 [pool-6-thread-37] DEBUG c.h.p.o.d.PlatformServiceResource - [helmbrid] Desired Platform services (3 services)
2025-01-27 17:06:06,510 INFO c.h.h.t.HelmChartContainer - [hivemq-test-hivemq-platform] [hivemq-platform-operator] [d89f756e] 17:06:06.507 [pool-6-thread-36] DEBUG c.h.p.o.dependants.PodInfoConfigMap - [helmbrid] Desired PodInfo ConfigMap (1 extensions) (1 enabled)
2025-01-27 17:06:06,510 INFO c.h.h.t.HelmChartContainer - [hivemq-test-hivemq-platform] [hivemq-platform-operator] [d89f756e] 17:06:06.507 [pool-6-thread-36] DEBUG c.h.p.o.dependants.PodInfoConfigMap - [helmbrid] Desired PodInfo ConfigMap (metrics port: 9399) (metrics path: /)
2025-01-27 17:06:06,510 INFO c.h.h.t.HelmChartContainer - [hivemq-test-hivemq-platform] [hivemq-platform-operator] [d89f756e] 17:06:06.507 [pool-6-thread-36] DEBUG c.h.p.o.dependants.PodInfoConfigMap - [helmbrid] Desired PodInfo ConfigMap (extension state hash: -1406518388)
2025-01-27 17:06:06,510 INFO c.h.h.t.HelmChartContainer - [hivemq-test-hivemq-platform] [hivemq-platform-operator] [d89f756e] 17:06:06.508 [pool-6-thread-35] DEBUG c.h.p.o.d.PodServiceAccountResource - [helmbrid] Desired PodServiceAccountResource (serviceAccountName: hivemq-platform-pod-test-hivemq-platform)
2025-01-27 17:06:06,515 INFO c.h.h.t.HelmChartContainer - [hivemq-test-hivemq-platform] [hivemq-platform-operator] [d89f756e] 17:06:06.513 [pool-6-thread-37] DEBUG c.h.p.o.d.StatefulSetResource - [helmbrid] Desired StatefulSet (1 replicas) for status STARTING (READY)
2025-01-27 17:06:06,519 INFO c.h.h.t.HelmChartContainer - [hivemq-test-hivemq-platform] [hivemq-platform-operator] [d89f756e] 17:06:06.518 [ReconcilerExecutor-hivemq-controller-112] INFO  c.h.p.o.HiveMQPlatformReconciler - [helmbrid] Reconciling HiveMQ Platform 'test-hivemq-platform' in namespace 'helmbridgeextensionit'
2025-01-27 17:06:06,520 INFO c.h.h.t.HelmChartContainer - [hivemq-test-hivemq-platform] [hivemq-platform-operator] [d89f756e] 17:06:06.518 [ReconcilerExecutor-hivemq-controller-112] DEBUG c.h.p.o.HiveMQPlatformReconciler - [helmbrid] Custom Resource Status STARTING - HiveMQ Platform is starting (READY)
2025-01-27 17:06:06,521 INFO c.h.h.t.HelmChartContainer - [hivemq-test-hivemq-platform] [hivemq-platform-operator] [d89f756e] 17:06:06.518 [ReconcilerExecutor-hivemq-controller-112] DEBUG c.h.p.o.HiveMQPlatformReconciler - [helmbrid] Custom Resource Spec (replicas: 1) (extensions: 1)
2025-01-27 17:06:06,522 INFO c.h.h.t.HelmChartContainer - [hivemq-test-hivemq-platform] [hivemq-platform-operator] [d89f756e] 17:06:06.520 [ReconcilerExecutor-hivemq-controller-112] DEBUG c.h.p.o.HiveMQPlatformReconciler - [helmbrid] StatefulSet Status (revision: test-hivemq-platform-86d578b79b, replicas: 1, available: 0, ready: 0, current: 1, updated: 1)
2025-01-27 17:06:06,522 INFO c.h.h.t.HelmChartContainer - [hivemq-test-hivemq-platform] [hivemq-platform-operator] [d89f756e] 17:06:06.520 [ReconcilerExecutor-hivemq-controller-112] DEBUG c.h.p.o.HiveMQPlatformReconciler - [helmbrid] StatefulSet Spec (replicas: 1, init containers: 1, containers: 1, volumes: 4)
2025-01-27 17:06:06,523 INFO c.h.h.t.HelmChartContainer - [hivemq-test-hivemq-platform] [hivemq-platform-operator] [d89f756e] 17:06:06.522 [ReconcilerExecutor-hivemq-controller-112] DEBUG c.h.p.o.h.HiveMQPlatformReconcilerErrorHandler - [helmbrid] Pod 'test-hivemq-platform-0' phase Running
2025-01-27 17:06:06,524 INFO c.h.h.t.HelmChartContainer - [hivemq-test-hivemq-platform] [hivemq-platform-operator] [d89f756e] 17:06:06.523 [ReconcilerExecutor-hivemq-controller-112] INFO  c.h.p.o.h.HiveMQPlatformReconcilerBaseHandler - [helmbrid] HiveMQ Platform is starting, 0 of 1 replicas are ready
2025-01-27 17:06:07,027 INFO c.h.h.t.HelmChartContainer - [test-hivemq-platform] [hivemq] [3e6f1e29] INFO  - Started HiveMQ Health API in 1088ms
2025-01-27 17:06:07,031 INFO c.h.h.t.HelmChartContainer - [test-hivemq-platform] [hivemq] [3e6f1e29] INFO  - Starting HiveMQ extension system.
2025-01-27 17:06:09,548 INFO c.h.h.t.HelmChartContainer - [test-hivemq-platform] [hivemq] [3e6f1e29] INFO  - No license found for enterprise extension with name "HiveMQ Enterprise Bridge Extension". Entering extension trial mode. "HiveMQ Enterprise Bridge Extension" will be disabled in 5 hours.
2025-01-27 17:06:09,734 INFO c.h.h.t.HelmChartContainer - [test-hivemq-platform] [hivemq] [3e6f1e29] INFO  - Starting extension with id "hivemq-dns-cluster-discovery" at /opt/hivemq/extensions/hivemq-dns-cluster-discovery
2025-01-27 17:06:10,329 INFO c.h.h.t.HelmChartContainer - [test-hivemq-platform] [hivemq] [3e6f1e29] INFO  - Extension "DNS Cluster Discovery Extension" version 4.3.2 started successfully.
2025-01-27 17:06:10,331 INFO c.h.h.t.HelmChartContainer - [test-hivemq-platform] [hivemq] [3e6f1e29] INFO  - Starting extension with id "hivemq-bridge-extension" at /opt/hivemq/extensions/hivemq-bridge-extension
2025-01-27 17:06:10,433 INFO c.h.h.t.HelmChartContainer - [test-hivemq-platform] [hivemq] [3e6f1e29] INFO  - Using TCP cluster transport on address 10.42.0.6 and port 7000
2025-01-27 17:06:10,528 INFO c.h.h.t.HelmChartContainer - [test-hivemq-platform] [hivemq] [3e6f1e29] INFO  - Using extension cluster discovery
2025-01-27 17:06:11,430 INFO c.h.h.t.HelmChartContainer - [test-hivemq-platform] [hivemq] [3e6f1e29] INFO  - HiveMQ Enterprise Bridge Extension: Successfully loaded configuration from '/opt/hivemq/extensions/hivemq-bridge-extension/conf/config.xml'.
2025-01-27 17:06:12,235 INFO c.h.h.t.HelmChartContainer - [test-hivemq-platform] [hivemq] [3e6f1e29] INFO  - Bridge Extension: Connecting to remote brokers...
2025-01-27 17:06:12,384 INFO c.h.h.t.HelmChartContainer - [EVENT] Warning [Unhealthy] Readiness probe failed: Get "http://10.42.0.6:7979/readiness": context deadline exceeded (Client.Timeout exceeded while awaiting headers) [helmbridgeextensionit:test-hivemq-platform-0]
2025-01-27 17:06:12,384 INFO c.h.h.t.HelmChartContainer - Received Unhealthy event for container hivemq in pod test-hivemq-platform-0 [3e6f1e29-60a8-4e07-9e4d-182d9aef4388]
2025-01-27 17:06:12,825 INFO c.h.h.t.HelmChartContainer - [test-hivemq-platform] [hivemq] [3e6f1e29] INFO  - [HiveMQ Platform Operator Init App 1.7.0-SNAPSHOT] Returning Health API response 503 for readiness
2025-01-27 17:06:13,437 INFO c.h.h.t.HelmChartContainer - [test-hivemq-platform] [hivemq] [3e6f1e29] INFO  - Bridge Extension: Connected to bridge 'testbridge', session present 'false'.
2025-01-27 17:06:13,437 INFO c.h.h.t.HelmChartContainer - [test-hivemq-platform] [hivemq] [3e6f1e29] INFO  - Bridge Extension: Connected to bridge 'testbridge', session present 'false'.
2025-01-27 17:06:13,534 INFO c.h.h.t.HelmChartContainer - [test-hivemq-platform] [hivemq] [3e6f1e29] INFO  - KhmuJ: no members discovered after 2307 ms: creating cluster as first member
2025-01-27 17:06:13,542 INFO c.h.h.t.HelmChartContainer - [test-hivemq-platform] [hivemq] [3e6f1e29] INFO  - Cluster nodes found by discovery: [KhmuJ|0] (1) [KhmuJ].
2025-01-27 17:06:13,607 INFO c.h.h.t.HelmChartContainer - [test-hivemq-platform] [hivemq] [3e6f1e29] WARN  - Node is waiting for an operational cluster member
2025-01-27 17:06:13,828 INFO c.h.h.t.HelmChartContainer - [test-hivemq-platform] [hivemq] [3e6f1e29] INFO  - Extension "HiveMQ Enterprise Bridge Extension" version 4.35.0 started successfully.
2025-01-27 17:06:13,828 INFO c.h.h.t.HelmChartContainer - [test-hivemq-platform] [hivemq] [3e6f1e29] INFO  - Starting extension with id "hivemq-prometheus-extension" at /opt/hivemq/extensions/hivemq-prometheus-extension
2025-01-27 17:06:14,331 INFO c.h.h.t.HelmChartContainer - [test-hivemq-platform] [hivemq] [3e6f1e29] INFO  - Started Jetty Server exposing Prometheus Servlet on URI http://0.0.0.0:9399/
2025-01-27 17:06:14,333 INFO c.h.h.t.HelmChartContainer - [test-hivemq-platform] [hivemq] [3e6f1e29] INFO  - Extension "Prometheus Monitoring Extension" version 4.0.12 started successfully.
2025-01-27 17:06:14,333 INFO c.h.h.t.HelmChartContainer - [test-hivemq-platform] [hivemq] [3e6f1e29] INFO  - Starting extension with id "hivemq-allow-all-extension" at /opt/hivemq/extensions/hivemq-allow-all-extension
2025-01-27 17:06:14,333 INFO c.h.h.t.HelmChartContainer - [test-hivemq-platform] [hivemq] [3e6f1e29] WARN  - 
2025-01-27 17:06:14,334 INFO c.h.h.t.HelmChartContainer - [test-hivemq-platform] [hivemq] [3e6f1e29] ################################################################################################################
2025-01-27 17:06:14,334 INFO c.h.h.t.HelmChartContainer - [test-hivemq-platform] [hivemq] [3e6f1e29] # This HiveMQ deployment is not secure! You are lacking Authentication and Authorization.                      #
2025-01-27 17:06:14,334 INFO c.h.h.t.HelmChartContainer - [test-hivemq-platform] [hivemq] [3e6f1e29] # Right now any MQTT client can connect to the broker with a full set of permissions.                          #
2025-01-27 17:06:14,334 INFO c.h.h.t.HelmChartContainer - [test-hivemq-platform] [hivemq] [3e6f1e29] # For production usage, add an appropriate security extension and remove the hivemq-allow-all extension.       #
2025-01-27 17:06:14,334 INFO c.h.h.t.HelmChartContainer - [test-hivemq-platform] [hivemq] [3e6f1e29] # You can download security extensions from the HiveMQ Marketplace (https://www.hivemq.com/extensions/).       #
2025-01-27 17:06:14,334 INFO c.h.h.t.HelmChartContainer - [test-hivemq-platform] [hivemq] [3e6f1e29] ################################################################################################################
2025-01-27 17:06:14,334 INFO c.h.h.t.HelmChartContainer - [test-hivemq-platform] [hivemq] [3e6f1e29] INFO  - Extension "Allow All Extension" version 1.1.0 started successfully.
2025-01-27 17:06:14,334 INFO c.h.h.t.HelmChartContainer - [test-hivemq-platform] [hivemq] [3e6f1e29] INFO  - No user for HiveMQ Control Center configured. Starting with default user
2025-01-27 17:06:14,334 INFO c.h.h.t.HelmChartContainer - [test-hivemq-platform] [hivemq] [3e6f1e29] INFO  - Starting HiveMQ Control Center on address 0.0.0.0 and port 8080
2025-01-27 17:06:14,337 INFO c.h.h.t.HelmChartContainer - [test-hivemq-platform] [hivemq] [3e6f1e29] INFO  - Mounting HiveMQ Control Center V2 Preview
2025-01-27 17:06:15,137 INFO c.h.h.t.HelmChartContainer - [test-hivemq-platform] [hivemq] [3e6f1e29] INFO  - Started HiveMQ Control Center in 803ms
2025-01-27 17:06:15,227 INFO c.h.h.t.HelmChartContainer - [test-hivemq-platform] [hivemq] [3e6f1e29] INFO  - Starting TCP listener on address 0.0.0.0 and port 1883
2025-01-27 17:06:15,242 INFO c.h.h.t.HelmChartContainer - [test-hivemq-platform] [hivemq] [3e6f1e29] INFO  - Started TCP Listener on address 0.0.0.0 and on port 1883.
2025-01-27 17:06:15,242 INFO c.h.h.t.HelmChartContainer - [test-hivemq-platform] [hivemq] [3e6f1e29] INFO  - Started HiveMQ in 38099ms
2025-01-27 17:06:16,345 INFO c.h.h.t.HelmChartContainer - [test-hivemq-platform] [hivemq] [3e6f1e29] INFO  - [HiveMQ Platform Operator Init App 1.7.0-SNAPSHOT] Returning Health API response 200 for readiness
2025-01-27 17:06:16,358 INFO c.h.h.t.HelmChartContainer - [POD] test-hivemq-platform-0 [3e6f1e29-60a8-4e07-9e4d-182d9aef4388] in helmbridgeextensionit was MODIFIED
2025-01-27 17:06:16,368 INFO c.h.h.t.HelmChartContainer - [hivemq-test-hivemq-platform] [hivemq-platform-operator] [d89f756e] 17:06:16.363 [pool-6-thread-43] DEBUG c.h.p.o.d.PlatformServiceResource - [helmbrid] Desired Platform services (3 services)
2025-01-27 17:06:16,371 INFO c.h.h.t.HelmChartContainer - [hivemq-test-hivemq-platform] [hivemq-platform-operator] [d89f756e] 17:06:16.366 [pool-6-thread-42] DEBUG c.h.p.o.dependants.PodInfoConfigMap - [helmbrid] Desired PodInfo ConfigMap (1 extensions) (1 enabled)
2025-01-27 17:06:16,371 INFO c.h.h.t.HelmChartContainer - [hivemq-test-hivemq-platform] [hivemq-platform-operator] [d89f756e] 17:06:16.366 [pool-6-thread-42] DEBUG c.h.p.o.dependants.PodInfoConfigMap - [helmbrid] Desired PodInfo ConfigMap (metrics port: 9399) (metrics path: /)
2025-01-27 17:06:16,371 INFO c.h.h.t.HelmChartContainer - [hivemq-test-hivemq-platform] [hivemq-platform-operator] [d89f756e] 17:06:16.366 [pool-6-thread-42] DEBUG c.h.p.o.dependants.PodInfoConfigMap - [helmbrid] Desired PodInfo ConfigMap (extension state hash: -1406518388)
2025-01-27 17:06:16,371 INFO c.h.h.t.HelmChartContainer - [hivemq-test-hivemq-platform] [hivemq-platform-operator] [d89f756e] 17:06:16.366 [pool-6-thread-48] DEBUG c.h.p.o.d.PodServiceAccountResource - [helmbrid] Desired PodServiceAccountResource (serviceAccountName: hivemq-platform-pod-test-hivemq-platform)
2025-01-27 17:06:16,388 INFO c.h.h.t.HelmChartContainer - [hivemq-test-hivemq-platform] [hivemq-platform-operator] [d89f756e] 17:06:16.380 [pool-6-thread-43] DEBUG c.h.p.o.d.StatefulSetResource - [helmbrid] Desired StatefulSet (1 replicas) for status STARTING (READY)
2025-01-27 17:06:16,403 INFO c.h.h.t.HelmChartContainer - [hivemq-test-hivemq-platform] [hivemq-platform-operator] [d89f756e] 17:06:16.398 [ReconcilerExecutor-hivemq-controller-113] INFO  c.h.p.o.HiveMQPlatformReconciler - [helmbrid] Reconciling HiveMQ Platform 'test-hivemq-platform' in namespace 'helmbridgeextensionit'
2025-01-27 17:06:16,404 INFO c.h.h.t.HelmChartContainer - [hivemq-test-hivemq-platform] [hivemq-platform-operator] [d89f756e] 17:06:16.398 [ReconcilerExecutor-hivemq-controller-113] DEBUG c.h.p.o.HiveMQPlatformReconciler - [helmbrid] Custom Resource Status STARTING - HiveMQ Platform is starting (READY)
2025-01-27 17:06:16,404 INFO c.h.h.t.HelmChartContainer - [hivemq-test-hivemq-platform] [hivemq-platform-operator] [d89f756e] 17:06:16.398 [ReconcilerExecutor-hivemq-controller-113] DEBUG c.h.p.o.HiveMQPlatformReconciler - [helmbrid] Custom Resource Spec (replicas: 1) (extensions: 1)
2025-01-27 17:06:16,404 INFO c.h.h.t.HelmChartContainer - [hivemq-test-hivemq-platform] [hivemq-platform-operator] [d89f756e] 17:06:16.401 [ReconcilerExecutor-hivemq-controller-113] DEBUG c.h.p.o.HiveMQPlatformReconciler - [helmbrid] StatefulSet Status (revision: test-hivemq-platform-86d578b79b, replicas: 1, available: 1, ready: 1, current: 1, updated: 1)
2025-01-27 17:06:16,404 INFO c.h.h.t.HelmChartContainer - [hivemq-test-hivemq-platform] [hivemq-platform-operator] [d89f756e] 17:06:16.401 [ReconcilerExecutor-hivemq-controller-113] DEBUG c.h.p.o.HiveMQPlatformReconciler - [helmbrid] StatefulSet Spec (replicas: 1, init containers: 1, containers: 1, volumes: 4)
2025-01-27 17:06:16,406 INFO c.h.h.t.HelmChartContainer - [hivemq-test-hivemq-platform] [hivemq-platform-operator] [d89f756e] 17:06:16.404 [ReconcilerExecutor-hivemq-controller-113] DEBUG c.h.p.o.h.HiveMQPlatformReconcilerErrorHandler - [helmbrid] Pod 'test-hivemq-platform-0' phase Running
2025-01-27 17:06:16,410 INFO c.h.h.t.HelmChartContainer - [hivemq-test-hivemq-platform] [hivemq-platform-operator] [d89f756e] 17:06:16.408 [ReconcilerExecutor-hivemq-controller-113] INFO  c.h.p.o.h.HiveMQPlatformReconcilerBaseHandler - [helmbrid] HiveMQ Platform started successfully
2025-01-27 17:06:16,506 INFO c.h.h.t.HelmChartContainer - [hivemq-test-hivemq-platform] [hivemq-platform-operator] [d89f756e] 17:06:16.503 [ReconcilerExecutor-hivemq-controller-113] DEBUG c.h.p.operator.event.EventSender - [helmbrid] Creating K8s event hivemq-platform-ready: [Ready] HiveMQ Platform is ready
2025-01-27 17:06:16,508 INFO c.h.h.t.HelmChartContainer - [EVENT] Normal [Ready] HiveMQ Platform is ready [helmbridgeextensionit:test-hivemq-platform]
2025-01-27 17:06:16,510 INFO c.h.h.t.HelmChartContainer - [hivemq-test-hivemq-platform] [hivemq-platform-operator] [d89f756e] 17:06:16.509 [ReconcilerExecutor-hivemq-controller-113] INFO  c.h.p.o.h.AbstractHiveMQReconcilerStateHandler - [helmbrid] Update HiveMQ Platform Status (STARTING [READY] -> RUNNING [READY]): HiveMQ Platform is ready
2025-01-27 17:06:16,518 DEBUG com.hivemq.helmcharts.util.K8sUtil - Comparing actual state 'RUNNING' and waiting for 'RUNNING'
2025-01-27 17:06:16,603 INFO c.h.h.t.HelmChartContainer - [hivemq-test-hivemq-platform] [hivemq-platform-operator] [d89f756e] 17:06:16.599 [pool-6-thread-2] DEBUG c.h.p.o.d.PlatformServiceResource - [helmbrid] Desired Platform services (3 services)
2025-01-27 17:06:16,607 INFO c.h.h.t.HelmChartContainer - [hivemq-test-hivemq-platform] [hivemq-platform-operator] [d89f756e] 17:06:16.604 [pool-6-thread-1] DEBUG c.h.p.o.dependants.PodInfoConfigMap - [helmbrid] Desired PodInfo ConfigMap (1 extensions) (1 enabled)
2025-01-27 17:06:16,609 INFO c.h.h.t.HelmChartContainer - [hivemq-test-hivemq-platform] [hivemq-platform-operator] [d89f756e] 17:06:16.604 [pool-6-thread-1] DEBUG c.h.p.o.dependants.PodInfoConfigMap - [helmbrid] Desired PodInfo ConfigMap (metrics port: 9399) (metrics path: /)
2025-01-27 17:06:16,613 INFO c.h.h.t.HelmChartContainer - [hivemq-test-hivemq-platform] [hivemq-platform-operator] [d89f756e] 17:06:16.604 [pool-6-thread-1] DEBUG c.h.p.o.dependants.PodInfoConfigMap - [helmbrid] Desired PodInfo ConfigMap (extension state hash: -1406518388)
2025-01-27 17:06:16,615 INFO c.h.h.t.HelmChartContainer - [hivemq-test-hivemq-platform] [hivemq-platform-operator] [d89f756e] 17:06:16.605 [pool-6-thread-1] DEBUG c.h.p.o.dependants.PodInfoConfigMap - [helmbrid] Update PodInfo ConfigMap
2025-01-27 17:06:16,615 INFO c.h.h.t.HelmChartContainer - [hivemq-test-hivemq-platform] [hivemq-platform-operator] [d89f756e] 17:06:16.607 [pool-6-thread-2] DEBUG c.h.p.o.d.PodServiceAccountResource - [helmbrid] Desired PodServiceAccountResource (serviceAccountName: hivemq-platform-pod-test-hivemq-platform)
2025-01-27 17:06:16,702 INFO c.h.h.t.HelmChartContainer - [hivemq-test-hivemq-platform] [hivemq-platform-operator] [d89f756e] 17:06:16.697 [pool-6-thread-1] DEBUG c.h.p.o.d.StatefulSetResource - [helmbrid] Desired StatefulSet (1 replicas) for status RUNNING (READY)
2025-01-27 17:06:16,708 INFO c.h.h.t.HelmChartContainer - [hivemq-test-hivemq-platform] [hivemq-platform-operator] [d89f756e] 17:06:16.706 [ReconcilerExecutor-hivemq-controller-114] INFO  c.h.p.o.HiveMQPlatformReconciler - [helmbrid] Reconciling HiveMQ Platform 'test-hivemq-platform' in namespace 'helmbridgeextensionit'
2025-01-27 17:06:16,709 INFO c.h.h.t.HelmChartContainer - [hivemq-test-hivemq-platform] [hivemq-platform-operator] [d89f756e] 17:06:16.706 [ReconcilerExecutor-hivemq-controller-114] DEBUG c.h.p.o.HiveMQPlatformReconciler - [helmbrid] Custom Resource Status RUNNING - HiveMQ Platform is ready (READY)
2025-01-27 17:06:16,709 INFO c.h.h.t.HelmChartContainer - [hivemq-test-hivemq-platform] [hivemq-platform-operator] [d89f756e] 17:06:16.706 [ReconcilerExecutor-hivemq-controller-114] DEBUG c.h.p.o.HiveMQPlatformReconciler - [helmbrid] Custom Resource Spec (replicas: 1) (extensions: 1)
2025-01-27 17:06:16,711 INFO c.h.h.t.HelmChartContainer - [hivemq-test-hivemq-platform] [hivemq-platform-operator] [d89f756e] 17:06:16.710 [ReconcilerExecutor-hivemq-controller-114] DEBUG c.h.p.o.HiveMQPlatformReconciler - [helmbrid] StatefulSet Status (revision: test-hivemq-platform-86d578b79b, replicas: 1, available: 1, ready: 1, current: 1, updated: 1)
2025-01-27 17:06:16,711 INFO c.h.h.t.HelmChartContainer - [hivemq-test-hivemq-platform] [hivemq-platform-operator] [d89f756e] 17:06:16.710 [ReconcilerExecutor-hivemq-controller-114] DEBUG c.h.p.o.HiveMQPlatformReconciler - [helmbrid] StatefulSet Spec (replicas: 1, init containers: 1, containers: 1, volumes: 4)
2025-01-27 17:06:16,713 INFO c.h.h.t.HelmChartContainer - [hivemq-test-hivemq-platform] [hivemq-platform-operator] [d89f756e] 17:06:16.713 [ReconcilerExecutor-hivemq-controller-114] DEBUG c.h.p.o.h.HiveMQPlatformReconcilerErrorHandler - [helmbrid] Pod 'test-hivemq-platform-0' phase Running
2025-01-27 17:06:17,169 INFO c.h.h.e.HelmBridgeExtensionIT - remote client subscribed
2025-01-27 17:06:17,177 INFO c.h.h.e.HelmBridgeExtensionIT - local client has published
2025-01-27 17:06:18,410 INFO c.h.h.t.HelmChartContainer - Uninstalling release 'test-hivemq-platform' in namespace 'helmbridgeextensionit'...
2025-01-27 17:06:18,410 DEBUG c.h.h.t.HelmChartContainer - Executing helm command: /bin/helm --kubeconfig /etc/rancher/k3s/k3s.yaml uninstall test-hivemq-platform  --wait --timeout 5m0s --cascade foreground --namespace helmbridgeextensionit
2025-01-27 17:06:18,613 INFO c.h.h.t.HelmChartContainer - [hivemq-test-hivemq-platform] [hivemq-platform-operator] [d89f756e] 17:06:18.603 [pool-6-thread-19] DEBUG c.h.p.o.d.PlatformServiceResource - [helmbrid] Desired Platform services (3 services)
2025-01-27 17:06:18,615 INFO c.h.h.t.HelmChartContainer - [hivemq-test-hivemq-platform] [hivemq-platform-operator] [d89f756e] 17:06:18.604 [pool-6-thread-16] DEBUG c.h.p.o.d.PodServiceAccountResource - [helmbrid] Desired PodServiceAccountResource (serviceAccountName: hivemq-platform-pod-test-hivemq-platform)
2025-01-27 17:06:18,615 INFO c.h.h.t.HelmChartContainer - [hivemq-test-hivemq-platform] [hivemq-platform-operator] [d89f756e] 17:06:18.605 [pool-6-thread-18] DEBUG c.h.p.o.dependants.PodInfoConfigMap - [helmbrid] Desired PodInfo ConfigMap (1 extensions) (1 enabled)
2025-01-27 17:06:18,615 INFO c.h.h.t.HelmChartContainer - [hivemq-test-hivemq-platform] [hivemq-platform-operator] [d89f756e] 17:06:18.605 [pool-6-thread-18] DEBUG c.h.p.o.dependants.PodInfoConfigMap - [helmbrid] Desired PodInfo ConfigMap (metrics port: 9399) (metrics path: /)
2025-01-27 17:06:18,615 INFO c.h.h.t.HelmChartContainer - [hivemq-test-hivemq-platform] [hivemq-platform-operator] [d89f756e] 17:06:18.605 [pool-6-thread-18] DEBUG c.h.p.o.dependants.PodInfoConfigMap - [helmbrid] Desired PodInfo ConfigMap (extension state hash: -1406518388)
2025-01-27 17:06:18,625 INFO c.h.h.t.HelmChartContainer - [hivemq-test-hivemq-platform] [hivemq-platform-operator] [d89f756e] 17:06:18.614 [pool-6-thread-19] DEBUG c.h.p.o.d.StatefulSetResource - [helmbrid] Desired StatefulSet (1 replicas) for status RUNNING (READY)
2025-01-27 17:06:18,625 INFO c.h.h.t.HelmChartContainer - [hivemq-test-hivemq-platform] [hivemq-platform-operator] [d89f756e] 17:06:18.618 [ReconcilerExecutor-hivemq-controller-115] INFO  c.h.p.o.HiveMQPlatformReconciler - [helmbrid] Reconciling HiveMQ Platform 'test-hivemq-platform' in namespace 'helmbridgeextensionit'
2025-01-27 17:06:18,625 INFO c.h.h.t.HelmChartContainer - [hivemq-test-hivemq-platform] [hivemq-platform-operator] [d89f756e] 17:06:18.618 [ReconcilerExecutor-hivemq-controller-115] DEBUG c.h.p.o.HiveMQPlatformReconciler - [helmbrid] Custom Resource Status RUNNING - HiveMQ Platform is ready (READY)
2025-01-27 17:06:18,625 INFO c.h.h.t.HelmChartContainer - [hivemq-test-hivemq-platform] [hivemq-platform-operator] [d89f756e] 17:06:18.618 [ReconcilerExecutor-hivemq-controller-115] DEBUG c.h.p.o.HiveMQPlatformReconciler - [helmbrid] Custom Resource Spec (replicas: 1) (extensions: 1)
2025-01-27 17:06:18,698 INFO c.h.h.t.HelmChartContainer - [hivemq-test-hivemq-platform] [hivemq-platform-operator] [d89f756e] 17:06:18.696 [ReconcilerExecutor-hivemq-controller-115] DEBUG c.h.p.o.HiveMQPlatformReconciler - [helmbrid] StatefulSet Status (revision: test-hivemq-platform-86d578b79b, replicas: 1, available: 1, ready: 1, current: 1, updated: 1)
2025-01-27 17:06:18,699 INFO c.h.h.t.HelmChartContainer - [hivemq-test-hivemq-platform] [hivemq-platform-operator] [d89f756e] 17:06:18.696 [ReconcilerExecutor-hivemq-controller-115] DEBUG c.h.p.o.HiveMQPlatformReconciler - [helmbrid] StatefulSet Spec (replicas: 1, init containers: 1, containers: 1, volumes: 4)
2025-01-27 17:06:18,701 INFO c.h.h.t.HelmChartContainer - [hivemq-test-hivemq-platform] [hivemq-platform-operator] [d89f756e] 17:06:18.698 [ReconcilerExecutor-hivemq-controller-115] DEBUG c.h.p.o.h.HiveMQPlatformReconcilerErrorHandler - [helmbrid] Pod 'test-hivemq-platform-0' phase Running
2025-01-27 17:06:18,708 INFO c.h.h.t.HelmChartContainer - [hivemq-test-hivemq-platform] [hivemq-platform-operator] [d89f756e] 17:06:18.706 [ReconcilerExecutor-hivemq-controller-119] INFO  c.h.p.o.HiveMQPlatformReconciler - [helmbrid] Cleanup test-hivemq-platform - helmbridgeextensionit HiveMQ Platform is shut down
2025-01-27 17:06:19,317 INFO c.h.h.t.HelmChartContainer - [POD] test-hivemq-platform-0 [3e6f1e29-60a8-4e07-9e4d-182d9aef4388] in helmbridgeextensionit was MODIFIED
2025-01-27 17:06:19,321 INFO c.h.h.t.HelmChartContainer - [EVENT] Normal [Killing] Stopping container hivemq [helmbridgeextensionit:test-hivemq-platform-0]
2025-01-27 17:06:19,323 INFO c.h.h.t.HelmChartContainer - Received Killing event for container hivemq in pod test-hivemq-platform-0 [3e6f1e29-60a8-4e07-9e4d-182d9aef4388]
2025-01-27 17:06:19,323 INFO c.h.h.t.HelmChartContainer - Container [test-hivemq-platform-0] [hivemq] [3e6f1e29-60a8-4e07-9e4d-182d9aef4388] was terminated
2025-01-27 17:06:19,323 INFO c.h.h.t.HelmChartContainer - [test-hivemq-platform] [hivemq] [3e6f1e29] INFO  - [HiveMQ Platform Operator Init App 1.7.0-SNAPSHOT] Shutting down
2025-01-27 17:06:19,324 INFO c.h.h.t.HelmChartContainer - Stopped log watcher for hivemq in pod test-hivemq-platform-0 [3e6f1e29-60a8-4e07-9e4d-182d9aef4388]
2025-01-27 17:06:19,325 INFO c.h.h.t.HelmChartContainer - [test-hivemq-platform] [hivemq] [3e6f1e29] INFO  - [HiveMQ Platform Operator Init App 1.7.0-SNAPSHOT] Stopping the HiveMQ Platform
2025-01-27 17:06:19,441 INFO c.h.h.t.HelmChartContainer - [test-hivemq-platform] [hivemq] [3e6f1e29] INFO  - Shutting down HiveMQ. Please wait, this could take a while...
2025-01-27 17:06:19,526 INFO c.h.h.t.HelmChartContainer - [test-hivemq-platform] [hivemq] [3e6f1e29] INFO  - Shutting down listeners and clients
2025-01-27 17:06:19,527 INFO c.h.h.t.HelmChartContainer - [test-hivemq-platform] [hivemq] [3e6f1e29] INFO  - Shutdown of listeners is done
2025-01-27 17:06:19,527 INFO c.h.h.t.HelmChartContainer - [test-hivemq-platform] [hivemq] [3e6f1e29] INFO  - No clients are connected, proceeding with shutdown
2025-01-27 17:06:20,664 INFO c.h.h.t.HelmChartContainer - Deleting namespace 'helmbridgeextensionit'...
2025-01-27 17:06:21,342 INFO c.h.h.t.HelmChartContainer - [test-hivemq-platform] [hivemq] [3e6f1e29] INFO  - [HiveMQ Platform Operator Init App 1.7.0-SNAPSHOT] Returning shutdown Health API response 503 for readiness
2025-01-27 17:06:21,347 INFO c.h.h.t.HelmChartContainer - [EVENT] Warning [Unhealthy] Readiness probe failed: HTTP probe failed with statuscode: 503 [helmbridgeextensionit:test-hivemq-platform-0]
2025-01-27 17:06:21,348 INFO c.h.h.t.HelmChartContainer - Received Unhealthy event for container hivemq in pod test-hivemq-platform-0 [3e6f1e29-60a8-4e07-9e4d-182d9aef4388]
2025-01-27 17:06:22,127 INFO c.h.h.t.HelmChartContainer - [K3S] [authentication.go:74] "Unable to authenticate the request" err="[invalid bearer token, serviceaccounts \"hivemq-platform-pod-test-hivemq-platform\" not found]"
2025-01-27 17:06:22,146 INFO c.h.h.t.HelmChartContainer - [K3S] [authentication.go:74] "Unable to authenticate the request" err="[invalid bearer token, serviceaccounts \"hivemq-platform-pod-test-hivemq-platform\" not found]"
2025-01-27 17:06:22,226 INFO c.h.h.t.HelmChartContainer - [test-hivemq-platform] [hivemq] [3e6f1e29] WARN  - [HiveMQ Platform Operator Init App 1.7.0-SNAPSHOT] Could not update Pod annotations: Failure executing: GET at: https://10.43.0.1:443/api/v1/namespaces/helmbridgeextensionit/pods/test-hivemq-platform-0. Message: Unauthorized. Received status: Status(apiVersion=v1, code=401, details=null, kind=Status, message=Unauthorized, metadata=ListMeta(_continue=null, remainingItemCount=null, resourceVersion=null, selfLink=null, additionalProperties={}), reason=Unauthorized, status=Failure, additionalProperties={}).
2025-01-27 17:06:22,631 INFO c.h.h.t.HelmChartContainer - [test-hivemq-platform] [hivemq] [3e6f1e29] INFO  - Shutting down extension system
2025-01-27 17:06:22,633 INFO c.h.h.t.HelmChartContainer - [test-hivemq-platform] [hivemq] [3e6f1e29] INFO  - Stopping extension with id hivemq-dns-cluster-discovery
2025-01-27 17:06:22,634 INFO c.h.h.t.HelmChartContainer - [test-hivemq-platform] [hivemq] [3e6f1e29] INFO  - Extension "DNS Cluster Discovery Extension" version 4.3.2 stopped successfully.
2025-01-27 17:06:22,635 INFO c.h.h.t.HelmChartContainer - [test-hivemq-platform] [hivemq] [3e6f1e29] INFO  - Stopping extension with id hivemq-bridge-extension
2025-01-27 17:06:22,637 INFO c.h.h.t.HelmChartContainer - [test-hivemq-platform] [hivemq] [3e6f1e29] INFO  - Bridge Extension: Stopping extension
2025-01-27 17:06:22,651 INFO c.h.h.t.HelmChartContainer - [test-hivemq-platform] [hivemq] [3e6f1e29] INFO  - Extension "HiveMQ Enterprise Bridge Extension" version 4.35.0 stopped successfully.
2025-01-27 17:06:22,651 INFO c.h.h.t.HelmChartContainer - [test-hivemq-platform] [hivemq] [3e6f1e29] INFO  - Stopping extension with id hivemq-prometheus-extension
2025-01-27 17:06:22,727 INFO c.h.h.t.HelmChartContainer - [test-hivemq-platform] [hivemq] [3e6f1e29] INFO  - Extension "Prometheus Monitoring Extension" version 4.0.12 stopped successfully.
2025-01-27 17:06:22,728 INFO c.h.h.t.HelmChartContainer - [test-hivemq-platform] [hivemq] [3e6f1e29] INFO  - Stopping extension with id hivemq-allow-all-extension
2025-01-27 17:06:22,729 INFO c.h.h.t.HelmChartContainer - [test-hivemq-platform] [hivemq] [3e6f1e29] INFO  - Extension "Allow All Extension" version 1.1.0 stopped successfully.
2025-01-27 17:06:25,024 INFO c.h.h.t.HelmChartContainer - [test-hivemq-platform] [hivemq] [3e6f1e29] INFO  - Shutdown completed.
2025-01-27 17:06:25,388 INFO c.h.h.t.HelmChartContainer - [test-hivemq-platform] [hivemq] [3e6f1e29] INFO  - [HiveMQ Platform Operator Init App 1.7.0-SNAPSHOT] The HiveMQ Platform exited with code 143
2025-01-27 17:06:25,388 INFO c.h.h.t.HelmChartContainer - [test-hivemq-platform] [hivemq] [3e6f1e29] INFO  - [HiveMQ Platform Operator Init App 1.7.0-SNAPSHOT] Stopping the REST API
2025-01-27 17:06:25,428 INFO c.h.h.t.HelmChartContainer - [test-hivemq-platform] [hivemq] [3e6f1e29] INFO  - [HiveMQ Platform Operator Init App 1.7.0-SNAPSHOT] Shutdown complete
2025-01-27 17:06:25,824 INFO c.h.h.t.HelmChartContainer - [K3S] [stateful_set.go:466] "StatefulSet has been deleted" key="helmbridgeextensionit/test-hivemq-platform"
2025-01-27 17:06:25,892 INFO c.h.h.t.HelmChartContainer - [POD] test-hivemq-platform-0 [3e6f1e29-60a8-4e07-9e4d-182d9aef4388] in helmbridgeextensionit was MODIFIED
2025-01-27 17:06:26,000 INFO c.h.h.t.HelmChartContainer - [K3S] [reconciler_common.go:162] "operationExecutor.UnmountVolume started for volume \"pod-info\" (UniqueName: \"kubernetes.io/configmap/3e6f1e29-60a8-4e07-9e4d-182d9aef4388-pod-info\") pod \"3e6f1e29-60a8-4e07-9e4d-182d9aef4388\" (UID: \"3e6f1e29-60a8-4e07-9e4d-182d9aef4388\") "
2025-01-27 17:06:26,000 INFO c.h.h.t.HelmChartContainer - [K3S] [reconciler_common.go:162] "operationExecutor.UnmountVolume started for volume \"broker-configuration\" (UniqueName: \"kubernetes.io/configmap/3e6f1e29-60a8-4e07-9e4d-182d9aef4388-broker-configuration\") pod \"3e6f1e29-60a8-4e07-9e4d-182d9aef4388\" (UID: \"3e6f1e29-60a8-4e07-9e4d-182d9aef4388\") "
2025-01-27 17:06:26,000 INFO c.h.h.t.HelmChartContainer - [K3S] [reconciler_common.go:162] "operationExecutor.UnmountVolume started for volume \"operator-init\" (UniqueName: \"kubernetes.io/empty-dir/3e6f1e29-60a8-4e07-9e4d-182d9aef4388-operator-init\") pod \"3e6f1e29-60a8-4e07-9e4d-182d9aef4388\" (UID: \"3e6f1e29-60a8-4e07-9e4d-182d9aef4388\") "
2025-01-27 17:06:26,000 INFO c.h.h.t.HelmChartContainer - [K3S] [reconciler_common.go:162] "operationExecutor.UnmountVolume started for volume \"kube-api-access-7vscp\" (UniqueName: \"kubernetes.io/projected/3e6f1e29-60a8-4e07-9e4d-182d9aef4388-kube-api-access-7vscp\") pod \"3e6f1e29-60a8-4e07-9e4d-182d9aef4388\" (UID: \"3e6f1e29-60a8-4e07-9e4d-182d9aef4388\") "
2025-01-27 17:06:26,000 INFO c.h.h.t.HelmChartContainer - [K3S] [reconciler_common.go:162] "operationExecutor.UnmountVolume started for volume \"extension-configuration-hivemq-bridge-extension\" (UniqueName: \"kubernetes.io/configmap/3e6f1e29-60a8-4e07-9e4d-182d9aef4388-extension-configuration-hivemq-bridge-extension\") pod \"3e6f1e29-60a8-4e07-9e4d-182d9aef4388\" (UID: \"3e6f1e29-60a8-4e07-9e4d-182d9aef4388\") "
2025-01-27 17:06:26,100 INFO c.h.h.t.HelmChartContainer - [K3S] [reconciler_common.go:299] "Volume detached for volume \"extension-configuration-hivemq-bridge-extension\" (UniqueName: \"kubernetes.io/configmap/3e6f1e29-60a8-4e07-9e4d-182d9aef4388-extension-configuration-hivemq-bridge-extension\") on node \"577ee0c7fff4\" DevicePath \"\""
2025-01-27 17:06:26,100 INFO c.h.h.t.HelmChartContainer - [K3S] [reconciler_common.go:299] "Volume detached for volume \"pod-info\" (UniqueName: \"kubernetes.io/configmap/3e6f1e29-60a8-4e07-9e4d-182d9aef4388-pod-info\") on node \"577ee0c7fff4\" DevicePath \"\""
2025-01-27 17:06:26,100 INFO c.h.h.t.HelmChartContainer - [K3S] [reconciler_common.go:299] "Volume detached for volume \"broker-configuration\" (UniqueName: \"kubernetes.io/configmap/3e6f1e29-60a8-4e07-9e4d-182d9aef4388-broker-configuration\") on node \"577ee0c7fff4\" DevicePath \"\""
2025-01-27 17:06:26,100 INFO c.h.h.t.HelmChartContainer - [K3S] [reconciler_common.go:299] "Volume detached for volume \"operator-init\" (UniqueName: \"kubernetes.io/empty-dir/3e6f1e29-60a8-4e07-9e4d-182d9aef4388-operator-init\") on node \"577ee0c7fff4\" DevicePath \"\""
2025-01-27 17:06:26,100 INFO c.h.h.t.HelmChartContainer - [K3S] [reconciler_common.go:299] "Volume detached for volume \"kube-api-access-7vscp\" (UniqueName: \"kubernetes.io/projected/3e6f1e29-60a8-4e07-9e4d-182d9aef4388-kube-api-access-7vscp\") on node \"577ee0c7fff4\" DevicePath \"\""
2025-01-27 17:06:26,524 INFO c.h.h.t.HelmChartContainer - [K3S] [scope.go:117] "RemoveContainer" containerID="7a51ea4fb48fea368217116696aaf78de6188b817fc629a47e8475f5d303a524"
2025-01-27 17:06:26,539 INFO c.h.h.t.HelmChartContainer - [POD] test-hivemq-platform-0 [3e6f1e29-60a8-4e07-9e4d-182d9aef4388] in helmbridgeextensionit was MODIFIED
2025-01-27 17:06:26,540 INFO c.h.h.t.HelmChartContainer - [POD] test-hivemq-platform-0 [3e6f1e29-60a8-4e07-9e4d-182d9aef4388] in helmbridgeextensionit was DELETED
2025-01-27 17:06:26,625 INFO c.h.h.t.HelmChartContainer - [K3S] [scope.go:117] "RemoveContainer" containerID="6af80608fc20ef668e3003f5bcab9755e354474ccf2b2993a5f0debccb03a886"
2025-01-27 17:06:26,628 INFO c.h.h.t.HelmChartContainer - [K3S] [scope.go:117] "RemoveContainer" containerID="7a51ea4fb48fea368217116696aaf78de6188b817fc629a47e8475f5d303a524"
2025-01-27 17:06:26,628 INFO c.h.h.t.HelmChartContainer - [K3S] [scope.go:117] "RemoveContainer" containerID="6af80608fc20ef668e3003f5bcab9755e354474ccf2b2993a5f0debccb03a886"
2025-01-27 17:06:28,311 INFO c.h.h.t.HelmChartContainer - [K3S] [kubelet_volumes.go:163] "Cleaned up orphaned pod volumes dir" podUID="3e6f1e29-60a8-4e07-9e4d-182d9aef4388" path="/var/lib/kubelet/pods/3e6f1e29-60a8-4e07-9e4d-182d9aef4388/volumes"
2025-01-27 17:06:31,021 INFO c.h.h.t.HelmChartContainer - Namespace 'helmbridgeextensionit' deleted
2025-01-27 17:06:31,021 INFO c.h.h.t.HelmChartContainer - Release 'test-hivemq-platform' in namespace 'helmbridgeextensionit' is uninstalled
2025-01-27 17:06:31,021 INFO c.h.h.t.HelmChartContainer - Uninstalling release 'test-hivemq-platform-operator' in namespace 'helmbridgeextensionit-operator'...
2025-01-27 17:06:31,021 DEBUG c.h.h.t.HelmChartContainer - Executing helm command: /bin/helm --kubeconfig /etc/rancher/k3s/k3s.yaml uninstall test-hivemq-platform-operator  --wait --timeout 5m0s --cascade foreground --namespace helmbridgeextensionit-operator
2025-01-27 17:06:31,185 INFO c.h.h.t.HelmChartContainer - [K3S] [replica_set.go:679] "Finished syncing" kind="ReplicaSet" key="helmbridgeextensionit-operator/hivemq-test-hivemq-platform-operator-6966f96d65" duration="11.376165ms"
2025-01-27 17:06:31,185 INFO c.h.h.t.HelmChartContainer - [K3S] [replica_set.go:679] "Finished syncing" kind="ReplicaSet" key="helmbridgeextensionit-operator/hivemq-test-hivemq-platform-operator-6966f96d65" duration="34.685µs"
2025-01-27 17:06:31,201 INFO c.h.h.t.HelmChartContainer - [POD] hivemq-test-hivemq-platform-operator-6966f96d65-vlzvw [d89f756e-18d5-47a8-a3b0-7fed165595eb] in helmbridgeextensionit-operator was MODIFIED
2025-01-27 17:06:31,215 INFO c.h.h.t.HelmChartContainer - [EVENT] Normal [Killing] Stopping container hivemq-platform-operator [helmbridgeextensionit-operator:hivemq-test-hivemq-platform-operator-6966f96d65-vlzvw]
2025-01-27 17:06:31,216 INFO c.h.h.t.HelmChartContainer - Received Killing event for container hivemq-platform-operator in pod hivemq-test-hivemq-platform-operator-6966f96d65-vlzvw [d89f756e-18d5-47a8-a3b0-7fed165595eb]
2025-01-27 17:06:31,216 INFO c.h.h.t.HelmChartContainer - Container [hivemq-test-hivemq-platform-operator-6966f96d65-vlzvw] [hivemq-platform-operator] [d89f756e-18d5-47a8-a3b0-7fed165595eb] was terminated
2025-01-27 17:06:31,216 INFO c.h.h.t.HelmChartContainer - Stopped log watcher for hivemq-platform-operator in pod hivemq-test-hivemq-platform-operator-6966f96d65-vlzvw [d89f756e-18d5-47a8-a3b0-7fed165595eb]
2025-01-27 17:06:31,216 INFO c.h.h.t.HelmChartContainer - [hivemq-test-hivemq-platform] [hivemq-platform-operator] [d89f756e] 17:06:31.214 [application-shutdown-thread] INFO  c.h.p.o.HiveMQPlatformOperatorApplication - HiveMQ Platform Operator is stopping...
2025-01-27 17:06:31,220 INFO c.h.h.t.HelmChartContainer - [hivemq-test-hivemq-platform] [hivemq-platform-operator] [d89f756e] 17:06:31.214 [application-shutdown-thread] INFO  i.javaoperatorsdk.operator.Operator - Operator SDK 4.9.7 is shutting down...
2025-01-27 17:06:31,222 INFO c.h.h.t.HelmChartContainer - [K3S] [replica_set.go:679] "Finished syncing" kind="ReplicaSet" key="helmbridgeextensionit-operator/hivemq-test-hivemq-platform-operator-6966f96d65" duration="25.468622ms"
2025-01-27 17:06:31,226 INFO c.h.h.t.HelmChartContainer - [K3S] [replica_set.go:679] "Finished syncing" kind="ReplicaSet" key="helmbridgeextensionit-operator/hivemq-test-hivemq-platform-operator-6966f96d65" duration="50.524µs"
2025-01-27 17:06:31,837 INFO c.h.h.t.HelmChartContainer - [K3S] [replica_set.go:679] "Finished syncing" kind="ReplicaSet" key="helmbridgeextensionit-operator/hivemq-test-hivemq-platform-operator-6966f96d65" duration="41.888µs"
2025-01-27 17:06:31,838 INFO c.h.h.t.HelmChartContainer - [POD] hivemq-test-hivemq-platform-operator-6966f96d65-vlzvw [d89f756e-18d5-47a8-a3b0-7fed165595eb] in helmbridgeextensionit-operator was MODIFIED
2025-01-27 17:06:31,932 INFO c.h.h.t.HelmChartContainer - [K3S] [reconciler_common.go:162] "operationExecutor.UnmountVolume started for volume \"kube-api-access-4xzcj\" (UniqueName: \"kubernetes.io/projected/d89f756e-18d5-47a8-a3b0-7fed165595eb-kube-api-access-4xzcj\") pod \"d89f756e-18d5-47a8-a3b0-7fed165595eb\" (UID: \"d89f756e-18d5-47a8-a3b0-7fed165595eb\") "
2025-01-27 17:06:32,033 INFO c.h.h.t.HelmChartContainer - [K3S] [reconciler_common.go:299] "Volume detached for volume \"kube-api-access-4xzcj\" (UniqueName: \"kubernetes.io/projected/d89f756e-18d5-47a8-a3b0-7fed165595eb-kube-api-access-4xzcj\") on node \"577ee0c7fff4\" DevicePath \"\""
2025-01-27 17:06:32,535 INFO c.h.h.t.HelmChartContainer - [K3S] [scope.go:117] "RemoveContainer" containerID="b12839b1c23e4d9bd97dbf4d5a7564b0c022794cb4e568adbfd05e3ba5773353"
2025-01-27 17:06:32,538 INFO c.h.h.t.HelmChartContainer - [K3S] [scope.go:117] "RemoveContainer" containerID="b12839b1c23e4d9bd97dbf4d5a7564b0c022794cb4e568adbfd05e3ba5773353"
2025-01-27 17:06:32,545 INFO c.h.h.t.HelmChartContainer - [K3S] [replica_set.go:679] "Finished syncing" kind="ReplicaSet" key="helmbridgeextensionit-operator/hivemq-test-hivemq-platform-operator-6966f96d65" duration="44.153µs"
2025-01-27 17:06:32,546 INFO c.h.h.t.HelmChartContainer - [POD] hivemq-test-hivemq-platform-operator-6966f96d65-vlzvw [d89f756e-18d5-47a8-a3b0-7fed165595eb] in helmbridgeextensionit-operator was MODIFIED
2025-01-27 17:06:32,548 INFO c.h.h.t.HelmChartContainer - [K3S] [replica_set.go:679] "Finished syncing" kind="ReplicaSet" key="helmbridgeextensionit-operator/hivemq-test-hivemq-platform-operator-6966f96d65" duration="36.218µs"
2025-01-27 17:06:32,549 INFO c.h.h.t.HelmChartContainer - [POD] hivemq-test-hivemq-platform-operator-6966f96d65-vlzvw [d89f756e-18d5-47a8-a3b0-7fed165595eb] in helmbridgeextensionit-operator was DELETED
2025-01-27 17:06:32,561 INFO c.h.h.t.HelmChartContainer - [K3S] [replica_set.go:679] "Finished syncing" kind="ReplicaSet" key="helmbridgeextensionit-operator/hivemq-test-hivemq-platform-operator-6966f96d65" duration="8.225µs"
2025-01-27 17:06:33,223 INFO c.h.h.t.HelmChartContainer - Deleting namespace 'helmbridgeextensionit-operator'...
2025-01-27 17:06:34,307 INFO c.h.h.t.HelmChartContainer - [K3S] [kubelet_volumes.go:163] "Cleaned up orphaned pod volumes dir" podUID="d89f756e-18d5-47a8-a3b0-7fed165595eb" path="/var/lib/kubelet/pods/d89f756e-18d5-47a8-a3b0-7fed165595eb/volumes"
2025-01-27 17:06:35,942 INFO c.h.h.t.HelmChartContainer - [K3S] [namespace_controller.go:187] "Namespace has been deleted" namespace="helmbridgeextensionit"
2025-01-27 17:06:38,443 INFO c.h.h.t.HelmChartContainer - Namespace 'helmbridgeextensionit-operator' deleted
2025-01-27 17:06:38,443 INFO c.h.h.t.HelmChartContainer - Release 'test-hivemq-platform-operator' in namespace 'helmbridgeextensionit-operator' is uninstalled
2025-01-27 17:06:39,128 INFO c.h.helmcharts.AbstractHelmChartIT - Removed unused containers:

2025-01-27 17:06:43,344 INFO c.h.h.t.HelmChartContainer - [K3S] [namespace_controller.go:187] "Namespace has been deleted" namespace="helmbridgeextensionit-operator"
2025-01-27 17:06:47,233 INFO c.h.helmcharts.AbstractHelmChartIT - Removed unused snapshots:
Removing snapshot sha256:026a712f86a389a5fd74927b58e3b9c46d97b4685244a93cf8afd5dd2d926256
Removing snapshot sha256:03af251906410714c5aef9fa705b63f6bbc39c4a5e787de7361eeb18886c2ed2
Removing snapshot sha256:04586d725303b4dcbc0cdc42a56e7852bc8859e90a3b42def5c29ab6c5b2378a
Removing snapshot sha256:0c46b3b43cce082ce5ec34ffc6c294e0417d17b9d1e6f366d114b6aadc4f96dc
Removing snapshot sha256:0ce761beee59082d6ed5bcebd3a805b8ddd9b3426b617e4809e7fb7c6587ffec
Removing snapshot sha256:1021ef88c7974bfff89c5a0ec4fd3160daac6c48a075f74cff721f85dd104e68
Removing snapshot sha256:10aba4953ddc18145dd38e3704709bc464aa20af60b56fe52caaff4b68411e62
Removing snapshot sha256:12fcdb97878a8124028dd759e7639b77bca16c0f46aabea18189ae25af2554ab
Removing snapshot sha256:2573e0d8158209ed54ab25c87bcdcb00bd3d2539246960a3d592a1c599d70465
Removing snapshot sha256:362a8a37f8bbc31925a8146adcf7cf51f9882f5c1dcbef67c5baa03a297543c0
Removing snapshot sha256:3963740473d30bc8a518bd5c0e3ca9e4f1e15f2e1b0852527e56c50f4e21de20
Removing snapshot sha256:3fa4ad33f0ddc8fd45b39b6b4640f82a3a83619606cd975bfe89d8710ad2d4cd
Removing snapshot sha256:43a7c979bbaba6838bc3102d6b10a1459f3ab050b87ccdfef84ef90cf43d3058
Removing snapshot sha256:4ab04491cdf0d3267f08206fe30bd48f49f94b9cab2f016d6739220f722a64af
Removing snapshot sha256:4b6068250e89c96f263060261819c7d912855bfbd64b3eb4c4a8483299b8c295
Removing snapshot sha256:54760460dde328a0df5fb97426e3821ea3128f2a777231b6e8478cdaf84d50a9
Removing snapshot sha256:580e69a0a8034ede1921139bbd2bfb72a69ebf276d008281896c32dd8bf74775
Removing snapshot sha256:5ad32423e4b556ca23e4a282f00b6c28ba2ec8ad2b7822350a080868a3597d3e
Removing snapshot sha256:5d30ba46b27fe37484567ccc5242cadc78217b8da605f3f195ef25cbf7487904
Removing snapshot sha256:63ca1fbb43ae5034640e5e6cb3e083e05c290072c5366fcaa9d62435a4cced85
Removing snapshot sha256:67f702c6baae873bceb19487c8b1f27bd2b86077e4f2f0e480e6d60ab508b8f5
Removing snapshot sha256:6864348dd42806d552efdec384f1274be15e2d0c10ce44c1f04347af004c10a9
Removing snapshot sha256:6b6a1f10cca10ea08499c191fc025406a23858de44f58930b06dc6608ff034e5
Removing snapshot sha256:6c7dee8f2c39b84b7dc2711c01d33de93514d9055499173e9290176fbe484b6c
Removing snapshot sha256:6f16cf1a17b4a22b647396831502d1b6d5f2ccfa3f915c2684a5be1762aebf2b
Removing snapshot sha256:82753493a6d61ded36556292f02f31841a14c20d2f279f19eaad65afb661d5cd
Removing snapshot sha256:8a10d3db42c505ee0fcfa98417bdd7e39b304f6bcc0a06bb1b220797ff2cc63c
Removing snapshot sha256:a0904247e36a7726c03c71ee48f3e64462021c88dafeb13f37fdaf613b27f11c
Removing snapshot sha256:a21e5b12dbac529ad45d976eb9ce45c881f3bedcc500fb30aba1e52aa1813418
Removing snapshot sha256:b921e6c28969094157f9b8e7244677780319637afd14450b7cb6b2fdea558a0c
Removing snapshot sha256:bc27ecb5769a00e309cf99ebc763c4a4b958b618d1decc96ffac5bc05f02f5b7
Removing snapshot sha256:be3ccb6627a5332e309d45ef461d09b4879dd870c7394d89323d0ebc6ca6aa8a
Removing snapshot sha256:c261f7cbbc64211ee175ee47273acdb7b1a36a4450b397a064a8f2c026490095
Removing snapshot sha256:c34d9393647eea0c9e3557ab988efaf59f61d10a2a5613b439ef0958cca5ec10
Removing snapshot sha256:ccf3c4a0fa967a41c1c83497a2ce6fa5787965859df0adb32c4ca2cf7490bc2b
Removing snapshot sha256:cf92d33f869417309692088c341cd0f223c178ea78a125f757317b22aa8f90e9
Removing snapshot sha256:d0037344cf2fb078884f1849f6a1f8cf9a33a3b6139b6a85833e5ee528e1f9a8
Removing snapshot sha256:d3b36d5b79273b1e98e7700470eaeff05a882e777124d84cebcc1505b85ecb36
Removing snapshot sha256:d65a44a37914602d12c611e5e22a50f11451d847e63015cc1c2aef92dee777a4
Removing snapshot sha256:e2dc0bae2455930f23ae570e019b7f32edc75c0f2d71cab084db837ff9051796
Removing snapshot sha256:eccbd24a99c60cd9e86ee5305dbfc4a4dc89f5ab4fb1f06c8d64797cecedef34
Removing snapshot sha256:f144bb4c7c7f0d2aa7eeffd36d934ec40db1ee167be727e326aad9fdc616f475

2025-01-27 17:06:47,233 WARN c.h.helmcharts.AbstractHelmChartIT - Error during removal of snapshots:
ctr: failed to remove "sha256:026a712f86a389a5fd74927b58e3b9c46d97b4685244a93cf8afd5dd2d926256": cannot remove snapshot with child: failed precondition
ctr: failed to remove "sha256:03af251906410714c5aef9fa705b63f6bbc39c4a5e787de7361eeb18886c2ed2": cannot remove snapshot with child: failed precondition
ctr: failed to remove "sha256:04586d725303b4dcbc0cdc42a56e7852bc8859e90a3b42def5c29ab6c5b2378a": cannot remove snapshot with child: failed precondition
ctr: failed to remove "sha256:0c46b3b43cce082ce5ec34ffc6c294e0417d17b9d1e6f366d114b6aadc4f96dc": cannot remove snapshot with child: failed precondition
ctr: failed to remove "sha256:0ce761beee59082d6ed5bcebd3a805b8ddd9b3426b617e4809e7fb7c6587ffec": cannot remove snapshot with child: failed precondition
ctr: failed to remove "sha256:1021ef88c7974bfff89c5a0ec4fd3160daac6c48a075f74cff721f85dd104e68": cannot remove snapshot with child: failed precondition
ctr: failed to remove "sha256:10aba4953ddc18145dd38e3704709bc464aa20af60b56fe52caaff4b68411e62": cannot remove snapshot with child: failed precondition
ctr: failed to remove "sha256:12fcdb97878a8124028dd759e7639b77bca16c0f46aabea18189ae25af2554ab": cannot remove snapshot with child: failed precondition
ctr: failed to remove "sha256:2573e0d8158209ed54ab25c87bcdcb00bd3d2539246960a3d592a1c599d70465": cannot remove snapshot with child: failed precondition
ctr: failed to remove "sha256:362a8a37f8bbc31925a8146adcf7cf51f9882f5c1dcbef67c5baa03a297543c0": cannot remove snapshot with child: failed precondition
ctr: failed to remove "sha256:3fa4ad33f0ddc8fd45b39b6b4640f82a3a83619606cd975bfe89d8710ad2d4cd": snapshot sha256:3fa4ad33f0ddc8fd45b39b6b4640f82a3a83619606cd975bfe89d8710ad2d4cd does not exist: not found
ctr: failed to remove "sha256:43a7c979bbaba6838bc3102d6b10a1459f3ab050b87ccdfef84ef90cf43d3058": cannot remove snapshot with child: failed precondition
ctr: failed to remove "sha256:4ab04491cdf0d3267f08206fe30bd48f49f94b9cab2f016d6739220f722a64af": cannot remove snapshot with child: failed precondition
ctr: failed to remove "sha256:4b6068250e89c96f263060261819c7d912855bfbd64b3eb4c4a8483299b8c295": cannot remove snapshot with child: failed precondition
ctr: failed to remove "sha256:54760460dde328a0df5fb97426e3821ea3128f2a777231b6e8478cdaf84d50a9": cannot remove snapshot with child: failed precondition
ctr: failed to remove "sha256:580e69a0a8034ede1921139bbd2bfb72a69ebf276d008281896c32dd8bf74775": cannot remove snapshot with child: failed precondition
ctr: failed to remove "sha256:5ad32423e4b556ca23e4a282f00b6c28ba2ec8ad2b7822350a080868a3597d3e": cannot remove snapshot with child: failed precondition
ctr: failed to remove "sha256:5d30ba46b27fe37484567ccc5242cadc78217b8da605f3f195ef25cbf7487904": cannot remove snapshot with child: failed precondition
ctr: failed to remove "sha256:63ca1fbb43ae5034640e5e6cb3e083e05c290072c5366fcaa9d62435a4cced85": cannot remove snapshot with child: failed precondition
ctr: failed to remove "sha256:67f702c6baae873bceb19487c8b1f27bd2b86077e4f2f0e480e6d60ab508b8f5": cannot remove snapshot with child: failed precondition
ctr: failed to remove "sha256:6864348dd42806d552efdec384f1274be15e2d0c10ce44c1f04347af004c10a9": cannot remove snapshot with child: failed precondition
ctr: failed to remove "sha256:6c7dee8f2c39b84b7dc2711c01d33de93514d9055499173e9290176fbe484b6c": cannot remove snapshot with child: failed precondition
ctr: failed to remove "sha256:82753493a6d61ded36556292f02f31841a14c20d2f279f19eaad65afb661d5cd": cannot remove snapshot with child: failed precondition
ctr: failed to remove "sha256:8a10d3db42c505ee0fcfa98417bdd7e39b304f6bcc0a06bb1b220797ff2cc63c": cannot remove snapshot with child: failed precondition
ctr: failed to remove "sha256:a21e5b12dbac529ad45d976eb9ce45c881f3bedcc500fb30aba1e52aa1813418": cannot remove snapshot with child: failed precondition
ctr: failed to remove "sha256:b921e6c28969094157f9b8e7244677780319637afd14450b7cb6b2fdea558a0c": cannot remove snapshot with child: failed precondition
ctr: failed to remove "sha256:bc27ecb5769a00e309cf99ebc763c4a4b958b618d1decc96ffac5bc05f02f5b7": cannot remove snapshot with child: failed precondition
ctr: failed to remove "sha256:be3ccb6627a5332e309d45ef461d09b4879dd870c7394d89323d0ebc6ca6aa8a": cannot remove snapshot with child: failed precondition
ctr: failed to remove "sha256:c261f7cbbc64211ee175ee47273acdb7b1a36a4450b397a064a8f2c026490095": cannot remove snapshot with child: failed precondition
ctr: failed to remove "sha256:c34d9393647eea0c9e3557ab988efaf59f61d10a2a5613b439ef0958cca5ec10": cannot remove snapshot with child: failed precondition
ctr: failed to remove "sha256:ccf3c4a0fa967a41c1c83497a2ce6fa5787965859df0adb32c4ca2cf7490bc2b": cannot remove snapshot with child: failed precondition
ctr: failed to remove "sha256:cf92d33f869417309692088c341cd0f223c178ea78a125f757317b22aa8f90e9": cannot remove snapshot with child: failed precondition
ctr: failed to remove "sha256:d0037344cf2fb078884f1849f6a1f8cf9a33a3b6139b6a85833e5ee528e1f9a8": cannot remove snapshot with child: failed precondition
ctr: failed to remove "sha256:d3b36d5b79273b1e98e7700470eaeff05a882e777124d84cebcc1505b85ecb36": cannot remove snapshot with child: failed precondition
ctr: failed to remove "sha256:d65a44a37914602d12c611e5e22a50f11451d847e63015cc1c2aef92dee777a4": cannot remove snapshot with child: failed precondition
ctr: failed to remove "sha256:e2dc0bae2455930f23ae570e019b7f32edc75c0f2d71cab084db837ff9051796": cannot remove snapshot with child: failed precondition
ctr: failed to remove "sha256:eccbd24a99c60cd9e86ee5305dbfc4a4dc89f5ab4fb1f06c8d64797cecedef34": cannot remove snapshot with child: failed precondition
ctr: failed to remove "sha256:f144bb4c7c7f0d2aa7eeffd36d934ec40db1ee167be727e326aad9fdc616f475": cannot remove snapshot with child: failed precondition

]]></system-out>
  </testcase>
  <testcase name="withBridgeSecretConfiguration_messageBridged()" classname="com.hivemq.helmcharts.extensions.HelmBridgeExtensionIT" time="110.649">
    <system-out><![CDATA[2025-01-27 17:06:47,451 INFO tc.hivemq/hivemq4:4.35.0 - Creating container for image: hivemq/hivemq4:4.35.0
2025-01-27 17:06:47,479 INFO tc.hivemq/hivemq4:4.35.0 - Container hivemq/hivemq4:4.35.0 is starting: 1fe6b2506f7aa5136cc2038274d57eedfa4550ec8d3c009c51b9e4731dd32da1
2025-01-27 17:06:55,183 INFO tc.hivemq/hivemq4:4.35.0 - Container hivemq/hivemq4:4.35.0 started in PT7.731819842S
2025-01-27 17:06:55,183 INFO c.h.h.t.HelmChartContainer - Creating namespace 'helmbridgeextensionit-operator'...
2025-01-27 17:06:55,188 INFO c.h.h.t.HelmChartContainer - Namespace 'helmbridgeextensionit-operator' created
2025-01-27 17:06:55,188 INFO c.h.h.t.HelmChartContainer - Creating namespace 'helmbridgeextensionit'...
2025-01-27 17:06:55,200 INFO c.h.h.t.HelmChartContainer - Namespace 'helmbridgeextensionit' created
2025-01-27 17:06:55,278 DEBUG c.h.h.t.HelmChartContainer - Executing helm command: /bin/helm --kubeconfig /etc/rancher/k3s/k3s.yaml install test-hivemq-platform-operator /charts/hivemq-platform-operator --wait --timeout 5m0s --set image.repository=docker.io/hivemq --set image.name=hivemq-platform-operator-test --set image.initImageName=hivemq-platform-operator-init-test --set image.tag=snapshot --set image.pullPolicy=Never --set logLevel=DEBUG --set resources.cpu=512m --namespace helmbridgeextensionit-operator
2025-01-27 17:06:55,582 INFO c.h.h.t.HelmChartContainer - [K3S] [alloc.go:330] "allocated clusterIPs" service="helmbridgeextensionit-operator/hivemq-platform-operator-test-hivemq-platform-operator" clusterIPs={"IPv4":"10.43.66.152"}
2025-01-27 17:06:55,610 INFO c.h.h.t.HelmChartContainer - [EVENT] Normal [ScalingReplicaSet] Scaled up replica set hivemq-test-hivemq-platform-operator-6966f96d65 from 0 to 1 [helmbridgeextensionit-operator:hivemq-test-hivemq-platform-operator]
2025-01-27 17:06:55,628 INFO c.h.h.t.HelmChartContainer - [K3S] [replica_set.go:679] "Finished syncing" kind="ReplicaSet" key="helmbridgeextensionit-operator/hivemq-test-hivemq-platform-operator-6966f96d65" duration="31.486264ms"
2025-01-27 17:06:55,630 INFO c.h.h.t.HelmChartContainer - [EVENT] Normal [SuccessfulCreate] Created pod: hivemq-test-hivemq-platform-operator-6966f96d65-db42l [helmbridgeextensionit-operator:hivemq-test-hivemq-platform-operator-6966f96d65]
2025-01-27 17:06:55,630 INFO c.h.h.t.HelmChartContainer - [POD] hivemq-test-hivemq-platform-operator-6966f96d65-db42l [86add09e-d48e-44d0-b92d-ae8b9ced9a33] in helmbridgeextensionit-operator was ADDED
2025-01-27 17:06:55,640 INFO c.h.h.t.HelmChartContainer - [K3S] [memory_manager.go:355] "RemoveStaleState removing state" podUID="3e6f1e29-60a8-4e07-9e4d-182d9aef4388" containerName="hivemq"
2025-01-27 17:06:55,640 INFO c.h.h.t.HelmChartContainer - [K3S] [memory_manager.go:355] "RemoveStaleState removing state" podUID="d89f756e-18d5-47a8-a3b0-7fed165595eb" containerName="hivemq-platform-operator"
2025-01-27 17:06:55,640 INFO c.h.h.t.HelmChartContainer - [POD] hivemq-test-hivemq-platform-operator-6966f96d65-db42l [86add09e-d48e-44d0-b92d-ae8b9ced9a33] in helmbridgeextensionit-operator was MODIFIED
2025-01-27 17:06:55,651 INFO c.h.h.t.HelmChartContainer - [EVENT] Normal [Scheduled] Successfully assigned helmbridgeextensionit-operator/hivemq-test-hivemq-platform-operator-6966f96d65-db42l to 577ee0c7fff4 [helmbridgeextensionit-operator:hivemq-test-hivemq-platform-operator-6966f96d65-db42l]
2025-01-27 17:06:55,656 INFO c.h.h.t.HelmChartContainer - [K3S] [replica_set.go:679] "Finished syncing" kind="ReplicaSet" key="helmbridgeextensionit-operator/hivemq-test-hivemq-platform-operator-6966f96d65" duration="27.893517ms"
2025-01-27 17:06:55,663 INFO c.h.h.t.HelmChartContainer - [POD] hivemq-test-hivemq-platform-operator-6966f96d65-db42l [86add09e-d48e-44d0-b92d-ae8b9ced9a33] in helmbridgeextensionit-operator was MODIFIED
2025-01-27 17:06:55,680 INFO c.h.h.t.HelmChartContainer - [K3S] [replica_set.go:679] "Finished syncing" kind="ReplicaSet" key="helmbridgeextensionit-operator/hivemq-test-hivemq-platform-operator-6966f96d65" duration="24.565396ms"
2025-01-27 17:06:55,681 INFO c.h.h.t.HelmChartContainer - [K3S] [replica_set.go:679] "Finished syncing" kind="ReplicaSet" key="helmbridgeextensionit-operator/hivemq-test-hivemq-platform-operator-6966f96d65" duration="72.827µs"
2025-01-27 17:06:55,773 INFO c.h.h.t.HelmChartContainer - [K3S] [reconciler_common.go:251] "operationExecutor.VerifyControllerAttachedVolume started for volume \"kube-api-access-4n6mh\" (UniqueName: \"kubernetes.io/projected/86add09e-d48e-44d0-b92d-ae8b9ced9a33-kube-api-access-4n6mh\") pod \"hivemq-test-hivemq-platform-operator-6966f96d65-db42l\" (UID: \"86add09e-d48e-44d0-b92d-ae8b9ced9a33\") " pod="helmbridgeextensionit-operator/hivemq-test-hivemq-platform-operator-6966f96d65-db42l"
2025-01-27 17:06:56,029 INFO c.h.h.t.HelmChartContainer - [EVENT] Normal [Pulled] Container image "docker.io/hivemq/hivemq-platform-operator-test:snapshot" already present on machine [helmbridgeextensionit-operator:hivemq-test-hivemq-platform-operator-6966f96d65-db42l]
2025-01-27 17:06:56,030 INFO c.h.h.t.HelmChartContainer - Received Pulled event for container hivemq-platform-operator in pod hivemq-test-hivemq-platform-operator-6966f96d65-db42l [86add09e-d48e-44d0-b92d-ae8b9ced9a33]
2025-01-27 17:06:57,307 INFO c.h.h.t.HelmChartContainer - [EVENT] Normal [Created] Created container: hivemq-platform-operator [helmbridgeextensionit-operator:hivemq-test-hivemq-platform-operator-6966f96d65-db42l]
2025-01-27 17:06:57,307 INFO c.h.h.t.HelmChartContainer - Received Created event for container hivemq-platform-operator in pod hivemq-test-hivemq-platform-operator-6966f96d65-db42l [86add09e-d48e-44d0-b92d-ae8b9ced9a33]
2025-01-27 17:06:57,590 INFO c.h.h.t.HelmChartContainer - [POD] hivemq-test-hivemq-platform-operator-6966f96d65-db42l [86add09e-d48e-44d0-b92d-ae8b9ced9a33] in helmbridgeextensionit-operator was MODIFIED
2025-01-27 17:06:57,590 INFO c.h.h.t.HelmChartContainer - [K3S] [replica_set.go:679] "Finished syncing" kind="ReplicaSet" key="helmbridgeextensionit-operator/hivemq-test-hivemq-platform-operator-6966f96d65" duration="41.598µs"
2025-01-27 17:06:57,605 INFO c.h.h.t.HelmChartContainer - Started log watcher for hivemq-platform-operator in pod hivemq-test-hivemq-platform-operator-6966f96d65-db42l [86add09e-d48e-44d0-b92d-ae8b9ced9a33]
2025-01-27 17:06:57,606 INFO c.h.h.t.HelmChartContainer - [EVENT] Normal [Started] Started container hivemq-platform-operator [helmbridgeextensionit-operator:hivemq-test-hivemq-platform-operator-6966f96d65-db42l]
2025-01-27 17:06:57,606 INFO c.h.h.t.HelmChartContainer - Received Started event for container hivemq-platform-operator in pod hivemq-test-hivemq-platform-operator-6966f96d65-db42l [86add09e-d48e-44d0-b92d-ae8b9ced9a33]
2025-01-27 17:06:57,606 INFO c.h.h.t.HelmChartContainer - [hivemq-test-hivemq-platform] [hivemq-platform-operator] [86add09e] -------------------------------------------------------------------------
2025-01-27 17:06:57,606 INFO c.h.h.t.HelmChartContainer - [hivemq-test-hivemq-platform] [hivemq-platform-operator] [86add09e] 
2025-01-27 17:06:57,606 INFO c.h.h.t.HelmChartContainer - [hivemq-test-hivemq-platform] [hivemq-platform-operator] [86add09e]                   _    _  _              __  __   ____
2025-01-27 17:06:57,606 INFO c.h.h.t.HelmChartContainer - [hivemq-test-hivemq-platform] [hivemq-platform-operator] [86add09e]                  | |  | |(_)            |  \/  | / __ \
2025-01-27 17:06:57,606 INFO c.h.h.t.HelmChartContainer - [hivemq-test-hivemq-platform] [hivemq-platform-operator] [86add09e]                  | |__| | _ __   __ ___ | \  / || |  | |
2025-01-27 17:06:57,606 INFO c.h.h.t.HelmChartContainer - [hivemq-test-hivemq-platform] [hivemq-platform-operator] [86add09e]                  |  __  || |\ \ / // _ \| |\/| || |  | |
2025-01-27 17:06:57,606 INFO c.h.h.t.HelmChartContainer - [hivemq-test-hivemq-platform] [hivemq-platform-operator] [86add09e]                  | |  | || | \ V /|  __/| |  | || |__| |
2025-01-27 17:06:57,606 INFO c.h.h.t.HelmChartContainer - [hivemq-test-hivemq-platform] [hivemq-platform-operator] [86add09e]                  |_|  |_||_|  \_/  \___||_|  |_| \___\_\
2025-01-27 17:06:57,606 INFO c.h.h.t.HelmChartContainer - [hivemq-test-hivemq-platform] [hivemq-platform-operator] [86add09e] 
2025-01-27 17:06:57,606 INFO c.h.h.t.HelmChartContainer - [hivemq-test-hivemq-platform] [hivemq-platform-operator] [86add09e] -------------------------------------------------------------------------
2025-01-27 17:06:57,606 INFO c.h.h.t.HelmChartContainer - [hivemq-test-hivemq-platform] [hivemq-platform-operator] [86add09e] 
2025-01-27 17:06:57,606 INFO c.h.h.t.HelmChartContainer - [hivemq-test-hivemq-platform] [hivemq-platform-operator] [86add09e]   HiveMQ Platform Operator Start Script v1.0
2025-01-27 17:06:57,606 INFO c.h.h.t.HelmChartContainer - [hivemq-test-hivemq-platform] [hivemq-platform-operator] [86add09e] 
2025-01-27 17:06:57,606 INFO c.h.h.t.HelmChartContainer - [hivemq-test-hivemq-platform] [hivemq-platform-operator] [86add09e] -------------------------------------------------------------------------
2025-01-27 17:06:57,606 INFO c.h.h.t.HelmChartContainer - [hivemq-test-hivemq-platform] [hivemq-platform-operator] [86add09e] 
2025-01-27 17:06:57,606 INFO c.h.h.t.HelmChartContainer - [hivemq-test-hivemq-platform] [hivemq-platform-operator] [86add09e]   JAVA_OPTS: -XX:+UnlockExperimentalVMOptions -XX:InitialRAMPercentage=75 -XX:MaxRAMPercentage=75 -Duser.language=en -Duser.region=US
2025-01-27 17:06:57,606 INFO c.h.h.t.HelmChartContainer - [hivemq-test-hivemq-platform] [hivemq-platform-operator] [86add09e] 
2025-01-27 17:06:57,606 INFO c.h.h.t.HelmChartContainer - [hivemq-test-hivemq-platform] [hivemq-platform-operator] [86add09e]   JAVA_VERSION: 21
2025-01-27 17:06:57,606 INFO c.h.h.t.HelmChartContainer - [hivemq-test-hivemq-platform] [hivemq-platform-operator] [86add09e] 
2025-01-27 17:06:57,606 INFO c.h.h.t.HelmChartContainer - [hivemq-test-hivemq-platform] [hivemq-platform-operator] [86add09e] -------------------------------------------------------------------------
2025-01-27 17:06:57,606 INFO c.h.h.t.HelmChartContainer - [hivemq-test-hivemq-platform] [hivemq-platform-operator] [86add09e] 
2025-01-27 17:07:00,919 INFO c.h.h.t.HelmChartContainer - [hivemq-test-hivemq-platform] [hivemq-platform-operator] [86add09e] 17:07:00.916 [main] DEBUG org.jboss.logging - Logging Provider: org.jboss.logging.Slf4jLoggerProvider
2025-01-27 17:07:01,027 INFO c.h.h.t.HelmChartContainer - [hivemq-test-hivemq-platform] [hivemq-platform-operator] [86add09e] 17:07:01.026 [main] DEBUG io.smallrye.config - SRCFG01006: Loaded ConfigSource SysPropConfigSource with ordinal 400
2025-01-27 17:07:01,027 INFO c.h.h.t.HelmChartContainer - [hivemq-test-hivemq-platform] [hivemq-platform-operator] [86add09e] 17:07:01.026 [main] DEBUG io.smallrye.config - SRCFG01006: Loaded ConfigSource EnvConfigSource with ordinal 300
2025-01-27 17:07:01,027 INFO c.h.h.t.HelmChartContainer - [hivemq-test-hivemq-platform] [hivemq-platform-operator] [86add09e] 17:07:01.026 [main] DEBUG io.smallrye.config - SRCFG01006: Loaded ConfigSource PropertiesConfigSource[source=jar:file:///opt/hivemq-platform-operator/bin/hivemq-platform-operator.jar!/hivemq-platform-operator.properties] with ordinal 100
2025-01-27 17:07:01,027 INFO c.h.h.t.HelmChartContainer - [hivemq-test-hivemq-platform] [hivemq-platform-operator] [86add09e] 17:07:01.026 [main] DEBUG io.smallrye.config - SRCFG01006: Loaded ConfigSource DefaultValuesConfigSource with ordinal -2147483648
2025-01-27 17:07:01,169 INFO c.h.h.t.HelmChartContainer - [hivemq-test-hivemq-platform] [hivemq-platform-operator] [86add09e] 17:07:01.136 [main] DEBUG i.m.c.u.i.l.InternalLoggerFactory - Using SLF4J as the default logging framework
2025-01-27 17:07:01,318 INFO c.h.h.t.HelmChartContainer - [hivemq-test-hivemq-platform] [hivemq-platform-operator] [86add09e] 17:07:01.268 [main] INFO  c.h.p.o.HiveMQPlatformOperatorApplication - HiveMQ Platform Operator 1.7.0-SNAPSHOT (commit: bebf408 on branch: HEAD) built on Sun Jan 26 20:47:47 UTC 2025
2025-01-27 17:07:01,318 INFO c.h.h.t.HelmChartContainer - [hivemq-test-hivemq-platform] [hivemq-platform-operator] [86add09e] 17:07:01.316 [main] INFO  c.h.p.o.HiveMQPlatformOperatorApplication - HiveMQ Platform Operator is running in namespace: helmbridgeextensionit-operator
2025-01-27 17:07:01,318 INFO c.h.h.t.HelmChartContainer - [hivemq-test-hivemq-platform] [hivemq-platform-operator] [86add09e] 17:07:01.317 [main] INFO  c.h.p.o.HiveMQPlatformOperatorApplication - Watching all namespaces
2025-01-27 17:07:01,318 INFO c.h.h.t.HelmChartContainer - [hivemq-test-hivemq-platform] [hivemq-platform-operator] [86add09e] 17:07:01.317 [main] INFO  c.h.p.o.HiveMQPlatformOperatorApplication - Log level: DEBUG
2025-01-27 17:07:01,318 INFO c.h.h.t.HelmChartContainer - [hivemq-test-hivemq-platform] [hivemq-platform-operator] [86add09e] 17:07:01.317 [main] INFO  c.h.p.o.HiveMQPlatformOperatorApplication - Release name: test-hivemq-platform-operator
2025-01-27 17:07:01,318 INFO c.h.h.t.HelmChartContainer - [hivemq-test-hivemq-platform] [hivemq-platform-operator] [86add09e] 17:07:01.317 [main] INFO  c.h.p.o.HiveMQPlatformOperatorApplication - HiveMQ Platform Operator Init image: docker.io/hivemq/hivemq-platform-operator-init-test:snapshot
2025-01-27 17:07:01,319 INFO c.h.h.t.HelmChartContainer - [hivemq-test-hivemq-platform] [hivemq-platform-operator] [86add09e] 17:07:01.317 [main] INFO  c.h.p.o.HiveMQPlatformOperatorApplication - HiveMQ Platform Operator Init App update URL: http://hivemq-platform-operator-test-hivemq-platform-operator.helmbridgeextensionit-operator.svc:8080/initAppUpdate/hivemq-platform-operator-init-app-1.7.0-SNAPSHOT.jar
2025-01-27 17:07:01,319 INFO c.h.h.t.HelmChartContainer - [hivemq-test-hivemq-platform] [hivemq-platform-operator] [86add09e] 17:07:01.317 [main] INFO  c.h.p.o.HiveMQPlatformOperatorApplication - Additional imagePullSecret for all Platform deployments: none
2025-01-27 17:07:01,319 INFO c.h.h.t.HelmChartContainer - [hivemq-test-hivemq-platform] [hivemq-platform-operator] [86add09e] 17:07:01.317 [main] INFO  c.h.p.o.HiveMQPlatformOperatorApplication - Apply HiveMQ Platform CRD: true
2025-01-27 17:07:01,319 INFO c.h.h.t.HelmChartContainer - [hivemq-test-hivemq-platform] [hivemq-platform-operator] [86add09e] 17:07:01.317 [main] INFO  c.h.p.o.HiveMQPlatformOperatorApplication - Create Platform ServiceAccount: true
2025-01-27 17:07:01,319 INFO c.h.h.t.HelmChartContainer - [hivemq-test-hivemq-platform] [hivemq-platform-operator] [86add09e] 17:07:01.317 [main] INFO  c.h.p.o.HiveMQPlatformOperatorApplication - Create Platform ServiceAccount permissions: true
2025-01-27 17:07:01,319 INFO c.h.h.t.HelmChartContainer - [hivemq-test-hivemq-platform] [hivemq-platform-operator] [86add09e] 17:07:01.317 [main] INFO  c.h.p.o.HiveMQPlatformOperatorApplication - Validate Platform ServiceAccount: true
2025-01-27 17:07:01,320 INFO c.h.h.t.HelmChartContainer - [hivemq-test-hivemq-platform] [hivemq-platform-operator] [86add09e] 17:07:01.317 [main] INFO  c.h.p.o.HiveMQPlatformOperatorApplication - Validate Platform ServiceAccount permissions: true
2025-01-27 17:07:01,470 INFO c.h.h.t.HelmChartContainer - [hivemq-test-hivemq-platform] [hivemq-platform-operator] [86add09e] 17:07:01.468 [main] INFO  c.h.platform.operator.util.CRDUtil - Verifying deployed HiveMQ Platform CRD...
2025-01-27 17:07:03,926 INFO c.h.h.t.HelmChartContainer - [hivemq-test-hivemq-platform] [hivemq-platform-operator] [86add09e] 17:07:03.925 [main] DEBUG c.h.platform.operator.util.CRDUtil - HiveMQ Platform CRD version v1 is up to date
2025-01-27 17:07:03,926 INFO c.h.h.t.HelmChartContainer - [hivemq-test-hivemq-platform] [hivemq-platform-operator] [86add09e] 17:07:03.925 [main] INFO  c.h.platform.operator.util.CRDUtil - HiveMQ Platform CRD is up to date (version: V1_6_0)
2025-01-27 17:07:03,926 INFO c.h.h.t.HelmChartContainer - [hivemq-test-hivemq-platform] [hivemq-platform-operator] [86add09e] 17:07:03.925 [main] INFO  c.h.platform.operator.util.CRDUtil - Waiting 10000 ms for HiveMQ Platform CRD 'hivemq-platforms.hivemq.com' to become ready...
2025-01-27 17:07:04,224 INFO c.h.h.t.HelmChartContainer - [hivemq-test-hivemq-platform] [hivemq-platform-operator] [86add09e] 17:07:04.223 [vert.x-eventloop-thread-1] DEBUG c.h.platform.operator.util.CRDUtil - Checking CRD condition 'NamesAccepted' (status: 'True')
2025-01-27 17:07:04,224 INFO c.h.h.t.HelmChartContainer - [hivemq-test-hivemq-platform] [hivemq-platform-operator] [86add09e] 17:07:04.223 [vert.x-eventloop-thread-1] DEBUG c.h.platform.operator.util.CRDUtil - Checking CRD condition 'Established' (status: 'True')
2025-01-27 17:07:04,225 INFO c.h.h.t.HelmChartContainer - [hivemq-test-hivemq-platform] [hivemq-platform-operator] [86add09e] 17:07:04.224 [main] INFO  c.h.platform.operator.util.CRDUtil - HiveMQ Platform CRD 'hivemq-platforms.hivemq.com' is ready
2025-01-27 17:07:04,422 INFO c.h.h.t.HelmChartContainer - [hivemq-test-hivemq-platform] [hivemq-platform-operator] [86add09e] 17:07:04.421 [main] INFO  c.h.p.o.HiveMQPlatformReconciler - HiveMQ Platform Operator is starting...
2025-01-27 17:07:04,527 INFO c.h.h.t.HelmChartContainer - [hivemq-test-hivemq-platform] [hivemq-platform-operator] [86add09e] 17:07:04.526 [main] WARN  Default ConfigurationService implementation - Configuration for reconciler 'hivemq-controller' was not found. Known reconcilers: None.
2025-01-27 17:07:04,614 INFO c.h.h.t.HelmChartContainer - [hivemq-test-hivemq-platform] [hivemq-platform-operator] [86add09e] 17:07:04.612 [main] INFO  Default ConfigurationService implementation - Created configuration for reconciler com.hivemq.platform.operator.HiveMQPlatformReconciler with name hivemq-controller
2025-01-27 17:07:04,718 INFO c.h.h.t.HelmChartContainer - [hivemq-test-hivemq-platform] [hivemq-platform-operator] [86add09e] 17:07:04.717 [main] DEBUG c.h.p.o.HiveMQPlatformReconciler - HiveMQ Platform Operator is preparing EventSources
2025-01-27 17:07:04,731 INFO c.h.h.t.HelmChartContainer - [hivemq-test-hivemq-platform] [hivemq-platform-operator] [86add09e] 17:07:04.730 [main] INFO  i.javaoperatorsdk.operator.Operator - Registered reconciler: 'hivemq-controller' for resource: 'class com.hivemq.platform.operator.v1.HiveMQPlatform' for namespace(s): [all namespaces]
2025-01-27 17:07:05,428 INFO c.h.h.t.HelmChartContainer - [hivemq-test-hivemq-platform] [hivemq-platform-operator] [86add09e] 17:07:05.427 [main] INFO  c.h.p.operator.webserver.JettyServer - Starting Jetty server on port 8080
2025-01-27 17:07:05,526 INFO c.h.h.t.HelmChartContainer - [hivemq-test-hivemq-platform] [hivemq-platform-operator] [86add09e] 17:07:05.525 [main] INFO  i.javaoperatorsdk.operator.Operator - Operator SDK 4.9.7 (commit: 2133d28) built on Wed Nov 20 12:56:20 UTC 2024 starting...
2025-01-27 17:07:05,527 INFO c.h.h.t.HelmChartContainer - [hivemq-test-hivemq-platform] [hivemq-platform-operator] [86add09e] 17:07:05.525 [main] INFO  i.javaoperatorsdk.operator.Operator - Client version: 6.13.4
2025-01-27 17:07:05,528 INFO c.h.h.t.HelmChartContainer - [hivemq-test-hivemq-platform] [hivemq-platform-operator] [86add09e] 17:07:05.527 [Controller Starter for: hivemq-controller] INFO  i.j.operator.processing.Controller - Starting 'hivemq-controller' controller for reconciler: com.hivemq.platform.operator.HiveMQPlatformReconciler, resource: com.hivemq.platform.operator.v1.HiveMQPlatform
2025-01-27 17:07:08,021 INFO c.h.h.t.HelmChartContainer - [hivemq-test-hivemq-platform] [hivemq-platform-operator] [86add09e] 17:07:08.020 [Controller Starter for: hivemq-controller] INFO  i.j.operator.processing.Controller - 'hivemq-controller' controller started
2025-01-27 17:07:08,022 INFO c.h.h.t.HelmChartContainer - [hivemq-test-hivemq-platform] [hivemq-platform-operator] [86add09e] 17:07:08.020 [main] INFO  c.h.p.o.HiveMQPlatformOperatorApplication - HiveMQ Platform Operator 1.7.0-SNAPSHOT started in 6752 ms
2025-01-27 17:07:08,595 INFO c.h.h.t.HelmChartContainer - [POD] hivemq-test-hivemq-platform-operator-6966f96d65-db42l [86add09e-d48e-44d0-b92d-ae8b9ced9a33] in helmbridgeextensionit-operator was MODIFIED
2025-01-27 17:07:08,601 INFO c.h.h.t.HelmChartContainer - [K3S] [replica_set.go:679] "Finished syncing" kind="ReplicaSet" key="helmbridgeextensionit-operator/hivemq-test-hivemq-platform-operator-6966f96d65" duration="6.736149ms"
2025-01-27 17:07:08,604 INFO c.h.h.t.HelmChartContainer - [K3S] [replica_set.go:679] "Finished syncing" kind="ReplicaSet" key="helmbridgeextensionit-operator/hivemq-test-hivemq-platform-operator-6966f96d65" duration="49.222µs"
2025-01-27 17:07:09,741 DEBUG c.h.h.t.HelmChartContainer - Executing helm command: /bin/helm --kubeconfig /etc/rancher/k3s/k3s.yaml install test-hivemq-platform /charts/hivemq-platform --wait --timeout 5m0s --set image.repository=docker.io/hivemq --set image.tag=4.35.0 --set image.pullPolicy=Never --set nodes.resources.cpu=512m -f /files/bridge-with-secret-config-values.yaml --namespace helmbridgeextensionit
2025-01-27 17:07:10,010 INFO c.h.h.t.HelmChartContainer - [hivemq-test-hivemq-platform] [hivemq-platform-operator] [86add09e] 17:07:09.985 [-373097727-pool-1-thread-3] WARN  i.m.p.PrometheusMeterRegistry - The meter (MeterId{name='operator.sdk.events.received', tags=[tag(action=ADDED),tag(event=ResourceEvent),tag(group=hivemq.com),tag(kind=HiveMQPlatform),tag(name=test-hivemq-platform),tag(namespace=helmbridgeextensionit),tag(scope=namespace),tag(version=v1)]}) registration has failed: Prometheus requires that all meters with the same name have the same set of tag keys. There is already an existing meter named 'operator.sdk.events.received' containing tag keys [event, group, kind, name, namespace, scope, version]. The meter you are attempting to register has keys [action, event, group, kind, name, namespace, scope, version]. Note that subsequent logs will be logged at debug level.
2025-01-27 17:07:10,470 INFO c.h.h.t.HelmChartContainer - [hivemq-test-hivemq-platform] [hivemq-platform-operator] [86add09e] 17:07:10.467 [pool-6-thread-3] DEBUG c.h.p.o.dependants.PodInfoConfigMap - [helmbrid] Desired PodInfo ConfigMap (1 extensions) (1 enabled)
2025-01-27 17:07:10,470 INFO c.h.h.t.HelmChartContainer - [hivemq-test-hivemq-platform] [hivemq-platform-operator] [86add09e] 17:07:10.468 [pool-6-thread-3] DEBUG c.h.p.o.dependants.PodInfoConfigMap - [helmbrid] Desired PodInfo ConfigMap (metrics port: 9399) (metrics path: /)
2025-01-27 17:07:10,470 INFO c.h.h.t.HelmChartContainer - [hivemq-test-hivemq-platform] [hivemq-platform-operator] [86add09e] 17:07:10.468 [pool-6-thread-3] DEBUG c.h.p.o.dependants.PodInfoConfigMap - [helmbrid] Desired PodInfo ConfigMap (extension state hash: 1879405489)
2025-01-27 17:07:10,472 INFO c.h.h.t.HelmChartContainer - [hivemq-test-hivemq-platform] [hivemq-platform-operator] [86add09e] 17:07:10.471 [pool-6-thread-3] DEBUG c.h.p.o.dependants.PodInfoConfigMap - [helmbrid] Create PodInfo ConfigMap
2025-01-27 17:07:10,578 INFO c.h.h.t.HelmChartContainer - [hivemq-test-hivemq-platform] [hivemq-platform-operator] [86add09e] 17:07:10.577 [pool-6-thread-5] DEBUG c.h.p.o.dependants.PodRoleResource - [helmbrid] Create Role: Role(apiVersion=rbac.authorization.k8s.io/v1, kind=Role, metadata=ObjectMeta(annotations={meta.helm.sh/release-name=test-hivemq-platform, meta.helm.sh/release-namespace=helmbridgeextensionit}, creationTimestamp=null, deletionGracePeriodSeconds=null, deletionTimestamp=null, finalizers=[], generateName=null, generation=null, labels={helm.sh/chart=hivemq-platform-0.2.31, app.kubernetes.io/managed-by=Helm, app.kubernetes.io/name=hivemq-platform, hivemq-platform=test-hivemq-platform, app.kubernetes.io/instance=test-hivemq-platform, app.kubernetes.io/version=4.35.0}, managedFields=[], name=hivemq-platform-role-test-hivemq-platform, namespace=helmbridgeextensionit, ownerReferences=[OwnerReference(apiVersion=hivemq.com/v1, blockOwnerDeletion=null, controller=null, kind=HiveMQPlatform, name=test-hivemq-platform, uid=9a6fd0ec-1b33-41e3-9d5d-08a118e98780, additionalProperties={})], resourceVersion=null, selfLink=null, uid=null, additionalProperties={}), rules=[PolicyRule(apiGroups=[], nonResourceURLs=[], resourceNames=[], resources=[pods], verbs=[get, patch, update], additionalProperties={})], additionalProperties={})
2025-01-27 17:07:10,771 INFO c.h.h.t.HelmChartContainer - [hivemq-test-hivemq-platform] [hivemq-platform-operator] [86add09e] 17:07:10.769 [pool-6-thread-7] DEBUG c.h.p.o.d.PodServiceAccountResource - [helmbrid] Desired PodServiceAccountResource (serviceAccountName: hivemq-platform-pod-test-hivemq-platform)
2025-01-27 17:07:10,771 INFO c.h.h.t.HelmChartContainer - [hivemq-test-hivemq-platform] [hivemq-platform-operator] [86add09e] 17:07:10.770 [pool-6-thread-7] DEBUG c.h.p.o.d.PodServiceAccountResource - [helmbrid] Create ServiceAccount 'hivemq-platform-pod-test-hivemq-platform'
2025-01-27 17:07:10,879 INFO c.h.h.t.HelmChartContainer - [hivemq-test-hivemq-platform] [hivemq-platform-operator] [86add09e] 17:07:10.878 [pool-6-thread-10] DEBUG c.h.p.o.d.PodRoleBindingResource - [helmbrid] Create RoleBinding: RoleBinding(apiVersion=rbac.authorization.k8s.io/v1, kind=RoleBinding, metadata=ObjectMeta(annotations={meta.helm.sh/release-name=test-hivemq-platform, meta.helm.sh/release-namespace=helmbridgeextensionit}, creationTimestamp=null, deletionGracePeriodSeconds=null, deletionTimestamp=null, finalizers=[], generateName=null, generation=null, labels={helm.sh/chart=hivemq-platform-0.2.31, app.kubernetes.io/managed-by=Helm, app.kubernetes.io/name=hivemq-platform, hivemq-platform=test-hivemq-platform, app.kubernetes.io/instance=test-hivemq-platform, app.kubernetes.io/version=4.35.0}, managedFields=[], name=hivemq-platform-role-binding-test-hivemq-platform, namespace=helmbridgeextensionit, ownerReferences=[OwnerReference(apiVersion=hivemq.com/v1, blockOwnerDeletion=null, controller=null, kind=HiveMQPlatform, name=test-hivemq-platform, uid=9a6fd0ec-1b33-41e3-9d5d-08a118e98780, additionalProperties={})], resourceVersion=null, selfLink=null, uid=null, additionalProperties={}), roleRef=RoleRef(apiGroup=rbac.authorization.k8s.io, kind=Role, name=hivemq-platform-role-test-hivemq-platform, additionalProperties={}), subjects=[Subject(apiGroup=null, kind=ServiceAccount, name=hivemq-platform-pod-test-hivemq-platform, namespace=helmbridgeextensionit, additionalProperties={})], additionalProperties={})
2025-01-27 17:07:10,970 INFO c.h.h.t.HelmChartContainer - [hivemq-test-hivemq-platform] [hivemq-platform-operator] [86add09e] 17:07:10.969 [ReconcilerExecutor-hivemq-controller-54] INFO  c.h.p.o.HiveMQPlatformReconciler - [helmbrid] Reconciling HiveMQ Platform 'test-hivemq-platform' in namespace 'helmbridgeextensionit'
2025-01-27 17:07:10,971 INFO c.h.h.t.HelmChartContainer - [hivemq-test-hivemq-platform] [hivemq-platform-operator] [86add09e] 17:07:10.969 [ReconcilerExecutor-hivemq-controller-54] DEBUG c.h.p.o.HiveMQPlatformReconciler - [helmbrid] Custom Resource Status CREATED - HiveMQ Platform was created (READY)
2025-01-27 17:07:10,971 INFO c.h.h.t.HelmChartContainer - [hivemq-test-hivemq-platform] [hivemq-platform-operator] [86add09e] 17:07:10.969 [ReconcilerExecutor-hivemq-controller-54] DEBUG c.h.p.o.HiveMQPlatformReconciler - [helmbrid] Custom Resource Spec (replicas: 1) (extensions: 1)
2025-01-27 17:07:10,975 INFO c.h.h.t.HelmChartContainer - [hivemq-test-hivemq-platform] [hivemq-platform-operator] [86add09e] 17:07:10.974 [ReconcilerExecutor-hivemq-controller-54] INFO  c.h.p.o.h.HiveMQPlatformReconcilerBaseHandler - [helmbrid] HiveMQ Platform is starting
2025-01-27 17:07:11,112 INFO c.h.h.t.HelmChartContainer - [hivemq-test-hivemq-platform] [hivemq-platform-operator] [86add09e] 17:07:11.111 [ReconcilerExecutor-hivemq-controller-54] DEBUG c.h.p.operator.event.EventSender - [helmbrid] Creating K8s event hivemq-platform-starting: [Start] HiveMQ Platform is starting
2025-01-27 17:07:11,173 INFO c.h.h.t.HelmChartContainer - [EVENT] Normal [Start] HiveMQ Platform is starting [helmbridgeextensionit:test-hivemq-platform]
2025-01-27 17:07:11,179 INFO c.h.h.t.HelmChartContainer - [hivemq-test-hivemq-platform] [hivemq-platform-operator] [86add09e] 17:07:11.176 [ReconcilerExecutor-hivemq-controller-54] INFO  c.h.p.o.h.AbstractHiveMQReconcilerStateHandler - [helmbrid] Update HiveMQ Platform Status (CREATED [READY] -> STARTING [READY]): HiveMQ Platform is starting
2025-01-27 17:07:11,219 DEBUG com.hivemq.helmcharts.util.K8sUtil - Comparing actual state 'STARTING' and waiting for 'RUNNING'
2025-01-27 17:07:21,280 INFO c.h.h.t.HelmChartContainer - [hivemq-test-hivemq-platform] [hivemq-platform-operator] [86add09e] 17:07:21.277 [pool-6-thread-12] DEBUG c.h.p.o.d.PlatformServiceResource - [helmbrid] Desired Platform services (3 services)
2025-01-27 17:07:21,282 INFO c.h.h.t.HelmChartContainer - [hivemq-test-hivemq-platform] [hivemq-platform-operator] [86add09e] 17:07:21.280 [pool-6-thread-13] DEBUG c.h.p.o.dependants.PodInfoConfigMap - [helmbrid] Desired PodInfo ConfigMap (1 extensions) (1 enabled)
2025-01-27 17:07:21,282 INFO c.h.h.t.HelmChartContainer - [hivemq-test-hivemq-platform] [hivemq-platform-operator] [86add09e] 17:07:21.281 [pool-6-thread-13] DEBUG c.h.p.o.dependants.PodInfoConfigMap - [helmbrid] Desired PodInfo ConfigMap (metrics port: 9399) (metrics path: /)
2025-01-27 17:07:21,282 INFO c.h.h.t.HelmChartContainer - [hivemq-test-hivemq-platform] [hivemq-platform-operator] [86add09e] 17:07:21.281 [pool-6-thread-13] DEBUG c.h.p.o.dependants.PodInfoConfigMap - [helmbrid] Desired PodInfo ConfigMap (extension state hash: 1879405489)
2025-01-27 17:07:21,285 INFO c.h.h.t.HelmChartContainer - [hivemq-test-hivemq-platform] [hivemq-platform-operator] [86add09e] 17:07:21.285 [pool-6-thread-17] DEBUG c.h.p.o.d.PodServiceAccountResource - [helmbrid] Desired PodServiceAccountResource (serviceAccountName: hivemq-platform-pod-test-hivemq-platform)
2025-01-27 17:07:21,287 INFO c.h.h.t.HelmChartContainer - [hivemq-test-hivemq-platform] [hivemq-platform-operator] [86add09e] 17:07:21.285 [pool-6-thread-13] DEBUG c.h.p.o.dependants.PodInfoConfigMap - [helmbrid] Update PodInfo ConfigMap
2025-01-27 17:07:21,380 INFO c.h.h.t.HelmChartContainer - [K3S] [alloc.go:330] "allocated clusterIPs" service="helmbridgeextensionit/hivemq-test-hivemq-platform-metrics-9399" clusterIPs={"IPv4":"10.43.232.158"}
2025-01-27 17:07:21,473 INFO c.h.h.t.HelmChartContainer - [K3S] [alloc.go:330] "allocated clusterIPs" service="helmbridgeextensionit/hivemq-test-hivemq-platform-mqtt-1883" clusterIPs={"IPv4":"10.43.135.219"}
2025-01-27 17:07:21,484 INFO c.h.h.t.HelmChartContainer - [K3S] [alloc.go:330] "allocated clusterIPs" service="helmbridgeextensionit/hivemq-test-hivemq-platform-cc-8080" clusterIPs={"IPv4":"10.43.37.117"}
2025-01-27 17:07:21,494 INFO c.h.h.t.HelmChartContainer - [hivemq-test-hivemq-platform] [hivemq-platform-operator] [86add09e] 17:07:21.491 [pool-6-thread-20] DEBUG c.h.p.o.d.StatefulSetResource - [helmbrid] Desired StatefulSet (1 replicas) for status STARTING (READY)
2025-01-27 17:07:21,580 INFO c.h.h.t.HelmChartContainer - [hivemq-test-hivemq-platform] [hivemq-platform-operator] [86add09e] 17:07:21.579 [pool-6-thread-20] DEBUG c.h.p.o.d.StatefulSetResource - [helmbrid] Create StatefulSet
2025-01-27 17:07:21,680 INFO c.h.h.t.HelmChartContainer - [hivemq-test-hivemq-platform] [hivemq-platform-operator] [86add09e] 17:07:21.679 [ReconcilerExecutor-hivemq-controller-65] INFO  c.h.p.o.HiveMQPlatformReconciler - [helmbrid] Reconciling HiveMQ Platform 'test-hivemq-platform' in namespace 'helmbridgeextensionit'
2025-01-27 17:07:21,681 INFO c.h.h.t.HelmChartContainer - [hivemq-test-hivemq-platform] [hivemq-platform-operator] [86add09e] 17:07:21.679 [ReconcilerExecutor-hivemq-controller-65] DEBUG c.h.p.o.HiveMQPlatformReconciler - [helmbrid] Custom Resource Status STARTING - HiveMQ Platform is starting (READY)
2025-01-27 17:07:21,681 INFO c.h.h.t.HelmChartContainer - [hivemq-test-hivemq-platform] [hivemq-platform-operator] [86add09e] 17:07:21.679 [ReconcilerExecutor-hivemq-controller-65] DEBUG c.h.p.o.HiveMQPlatformReconciler - [helmbrid] Custom Resource Spec (replicas: 1) (extensions: 1)
2025-01-27 17:07:21,690 INFO c.h.h.t.HelmChartContainer - [hivemq-test-hivemq-platform] [hivemq-platform-operator] [86add09e] 17:07:21.688 [ReconcilerExecutor-hivemq-controller-65] DEBUG c.h.p.o.HiveMQPlatformReconciler - [helmbrid] StatefulSet Status (revision: null, replicas: 0, available: 0, ready: 0, current: 0, updated: 0)
2025-01-27 17:07:21,690 INFO c.h.h.t.HelmChartContainer - [hivemq-test-hivemq-platform] [hivemq-platform-operator] [86add09e] 17:07:21.688 [ReconcilerExecutor-hivemq-controller-65] DEBUG c.h.p.o.HiveMQPlatformReconciler - [helmbrid] StatefulSet Spec (replicas: 1, init containers: 1, containers: 1, volumes: 4)
2025-01-27 17:07:21,691 INFO c.h.h.t.HelmChartContainer - [POD] test-hivemq-platform-0 [80996b20-45b7-4189-9ff3-b907d081c853] in helmbridgeextensionit was ADDED
2025-01-27 17:07:21,694 INFO c.h.h.t.HelmChartContainer - [EVENT] Normal [SuccessfulCreate] create Pod test-hivemq-platform-0 in StatefulSet test-hivemq-platform successful [helmbridgeextensionit:test-hivemq-platform]
2025-01-27 17:07:21,698 INFO c.h.h.t.HelmChartContainer - [EVENT] Normal [Scheduled] Successfully assigned helmbridgeextensionit/test-hivemq-platform-0 to 577ee0c7fff4 [helmbridgeextensionit:test-hivemq-platform-0]
2025-01-27 17:07:21,702 INFO c.h.h.t.HelmChartContainer - [POD] test-hivemq-platform-0 [80996b20-45b7-4189-9ff3-b907d081c853] in helmbridgeextensionit was MODIFIED
2025-01-27 17:07:21,708 INFO c.h.h.t.HelmChartContainer - [POD] test-hivemq-platform-0 [80996b20-45b7-4189-9ff3-b907d081c853] in helmbridgeextensionit was MODIFIED
2025-01-27 17:07:21,772 INFO c.h.h.t.HelmChartContainer - [hivemq-test-hivemq-platform] [hivemq-platform-operator] [86add09e] 17:07:21.767 [ReconcilerExecutor-hivemq-controller-65] INFO  c.h.p.o.h.HiveMQPlatformReconcilerBaseHandler - [helmbrid] HiveMQ Platform is starting, 0 of 1 replicas are ready
2025-01-27 17:07:21,776 INFO c.h.h.t.HelmChartContainer - [hivemq-test-hivemq-platform] [hivemq-platform-operator] [86add09e] 17:07:21.775 [pool-6-thread-22] DEBUG c.h.p.o.d.PlatformServiceResource - [helmbrid] Desired Platform services (3 services)
2025-01-27 17:07:21,823 INFO c.h.h.t.HelmChartContainer - [K3S] [reconciler_common.go:251] "operationExecutor.VerifyControllerAttachedVolume started for volume \"broker-configuration\" (UniqueName: \"kubernetes.io/configmap/80996b20-45b7-4189-9ff3-b907d081c853-broker-configuration\") pod \"test-hivemq-platform-0\" (UID: \"80996b20-45b7-4189-9ff3-b907d081c853\") " pod="helmbridgeextensionit/test-hivemq-platform-0"
2025-01-27 17:07:21,823 INFO c.h.h.t.HelmChartContainer - [K3S] [reconciler_common.go:251] "operationExecutor.VerifyControllerAttachedVolume started for volume \"kube-api-access-5f84h\" (UniqueName: \"kubernetes.io/projected/80996b20-45b7-4189-9ff3-b907d081c853-kube-api-access-5f84h\") pod \"test-hivemq-platform-0\" (UID: \"80996b20-45b7-4189-9ff3-b907d081c853\") " pod="helmbridgeextensionit/test-hivemq-platform-0"
2025-01-27 17:07:21,823 INFO c.h.h.t.HelmChartContainer - [K3S] [reconciler_common.go:251] "operationExecutor.VerifyControllerAttachedVolume started for volume \"pod-info\" (UniqueName: \"kubernetes.io/configmap/80996b20-45b7-4189-9ff3-b907d081c853-pod-info\") pod \"test-hivemq-platform-0\" (UID: \"80996b20-45b7-4189-9ff3-b907d081c853\") " pod="helmbridgeextensionit/test-hivemq-platform-0"
2025-01-27 17:07:21,823 INFO c.h.h.t.HelmChartContainer - [K3S] [reconciler_common.go:251] "operationExecutor.VerifyControllerAttachedVolume started for volume \"extension-configuration-hivemq-bridge-extension\" (UniqueName: \"kubernetes.io/secret/80996b20-45b7-4189-9ff3-b907d081c853-extension-configuration-hivemq-bridge-extension\") pod \"test-hivemq-platform-0\" (UID: \"80996b20-45b7-4189-9ff3-b907d081c853\") " pod="helmbridgeextensionit/test-hivemq-platform-0"
2025-01-27 17:07:21,823 INFO c.h.h.t.HelmChartContainer - [K3S] [reconciler_common.go:251] "operationExecutor.VerifyControllerAttachedVolume started for volume \"operator-init\" (UniqueName: \"kubernetes.io/empty-dir/80996b20-45b7-4189-9ff3-b907d081c853-operator-init\") pod \"test-hivemq-platform-0\" (UID: \"80996b20-45b7-4189-9ff3-b907d081c853\") " pod="helmbridgeextensionit/test-hivemq-platform-0"
2025-01-27 17:07:21,870 INFO c.h.h.t.HelmChartContainer - [hivemq-test-hivemq-platform] [hivemq-platform-operator] [86add09e] 17:07:21.868 [pool-6-thread-23] DEBUG c.h.p.o.dependants.PodInfoConfigMap - [helmbrid] Desired PodInfo ConfigMap (1 extensions) (1 enabled)
2025-01-27 17:07:21,871 INFO c.h.h.t.HelmChartContainer - [hivemq-test-hivemq-platform] [hivemq-platform-operator] [86add09e] 17:07:21.869 [pool-6-thread-23] DEBUG c.h.p.o.dependants.PodInfoConfigMap - [helmbrid] Desired PodInfo ConfigMap (metrics port: 9399) (metrics path: /)
2025-01-27 17:07:21,873 INFO c.h.h.t.HelmChartContainer - [hivemq-test-hivemq-platform] [hivemq-platform-operator] [86add09e] 17:07:21.869 [pool-6-thread-23] DEBUG c.h.p.o.dependants.PodInfoConfigMap - [helmbrid] Desired PodInfo ConfigMap (extension state hash: 1879405489)
2025-01-27 17:07:21,874 INFO c.h.h.t.HelmChartContainer - [hivemq-test-hivemq-platform] [hivemq-platform-operator] [86add09e] 17:07:21.870 [pool-6-thread-27] DEBUG c.h.p.o.d.PodServiceAccountResource - [helmbrid] Desired PodServiceAccountResource (serviceAccountName: hivemq-platform-pod-test-hivemq-platform)
2025-01-27 17:07:21,877 INFO c.h.h.t.HelmChartContainer - [hivemq-test-hivemq-platform] [hivemq-platform-operator] [86add09e] 17:07:21.876 [pool-6-thread-30] DEBUG c.h.p.o.d.StatefulSetResource - [helmbrid] Desired StatefulSet (1 replicas) for status STARTING (READY)
2025-01-27 17:07:21,969 INFO c.h.h.t.HelmChartContainer - [hivemq-test-hivemq-platform] [hivemq-platform-operator] [86add09e] 17:07:21.966 [ReconcilerExecutor-hivemq-controller-76] INFO  c.h.p.o.HiveMQPlatformReconciler - [helmbrid] Reconciling HiveMQ Platform 'test-hivemq-platform' in namespace 'helmbridgeextensionit'
2025-01-27 17:07:21,969 INFO c.h.h.t.HelmChartContainer - [hivemq-test-hivemq-platform] [hivemq-platform-operator] [86add09e] 17:07:21.967 [ReconcilerExecutor-hivemq-controller-76] DEBUG c.h.p.o.HiveMQPlatformReconciler - [helmbrid] Custom Resource Status STARTING - HiveMQ Platform is starting (READY)
2025-01-27 17:07:21,969 INFO c.h.h.t.HelmChartContainer - [hivemq-test-hivemq-platform] [hivemq-platform-operator] [86add09e] 17:07:21.967 [ReconcilerExecutor-hivemq-controller-76] DEBUG c.h.p.o.HiveMQPlatformReconciler - [helmbrid] Custom Resource Spec (replicas: 1) (extensions: 1)
2025-01-27 17:07:21,972 INFO c.h.h.t.HelmChartContainer - [hivemq-test-hivemq-platform] [hivemq-platform-operator] [86add09e] 17:07:21.971 [ReconcilerExecutor-hivemq-controller-76] DEBUG c.h.p.o.HiveMQPlatformReconciler - [helmbrid] StatefulSet Status (revision: test-hivemq-platform-6db4cf59bd, replicas: 1, available: 0, ready: 0, current: 1, updated: 1)
2025-01-27 17:07:21,972 INFO c.h.h.t.HelmChartContainer - [hivemq-test-hivemq-platform] [hivemq-platform-operator] [86add09e] 17:07:21.971 [ReconcilerExecutor-hivemq-controller-76] DEBUG c.h.p.o.HiveMQPlatformReconciler - [helmbrid] StatefulSet Spec (replicas: 1, init containers: 1, containers: 1, volumes: 4)
2025-01-27 17:07:21,985 INFO c.h.h.t.HelmChartContainer - [hivemq-test-hivemq-platform] [hivemq-platform-operator] [86add09e] 17:07:21.984 [ReconcilerExecutor-hivemq-controller-76] DEBUG c.h.p.o.h.HiveMQPlatformReconcilerErrorHandler - [helmbrid] Pod 'test-hivemq-platform-0' phase Pending
2025-01-27 17:07:21,985 INFO c.h.h.t.HelmChartContainer - [hivemq-test-hivemq-platform] [hivemq-platform-operator] [86add09e] 17:07:21.985 [ReconcilerExecutor-hivemq-controller-76] DEBUG c.h.p.o.h.HiveMQPlatformReconcilerErrorHandler - [helmbrid] Pod 'test-hivemq-platform-0' condition 'PodReadyToStartContainers': False
2025-01-27 17:07:22,069 INFO c.h.h.t.HelmChartContainer - [hivemq-test-hivemq-platform] [hivemq-platform-operator] [86add09e] 17:07:22.067 [ReconcilerExecutor-hivemq-controller-76] DEBUG c.h.p.o.h.HiveMQPlatformReconcilerErrorHandler - [helmbrid] Pod 'test-hivemq-platform-0' condition 'Initialized': False
2025-01-27 17:07:22,069 INFO c.h.h.t.HelmChartContainer - [hivemq-test-hivemq-platform] [hivemq-platform-operator] [86add09e] 17:07:22.067 [ReconcilerExecutor-hivemq-controller-76] DEBUG c.h.p.o.h.HiveMQPlatformReconcilerErrorHandler - [helmbrid] Pod 'test-hivemq-platform-0' condition 'Ready': False
2025-01-27 17:07:22,070 INFO c.h.h.t.HelmChartContainer - [hivemq-test-hivemq-platform] [hivemq-platform-operator] [86add09e] 17:07:22.067 [ReconcilerExecutor-hivemq-controller-76] DEBUG c.h.p.o.h.HiveMQPlatformReconcilerErrorHandler - [helmbrid] Pod 'test-hivemq-platform-0' condition 'ContainersReady': False
2025-01-27 17:07:22,071 INFO c.h.h.t.HelmChartContainer - [hivemq-test-hivemq-platform] [hivemq-platform-operator] [86add09e] 17:07:22.067 [ReconcilerExecutor-hivemq-controller-76] DEBUG c.h.p.o.h.HiveMQPlatformReconcilerErrorHandler - [helmbrid] Pod 'test-hivemq-platform-0' condition 'PodScheduled': True
2025-01-27 17:07:22,073 INFO c.h.h.t.HelmChartContainer - [hivemq-test-hivemq-platform] [hivemq-platform-operator] [86add09e] 17:07:22.067 [ReconcilerExecutor-hivemq-controller-76] DEBUG c.h.p.o.h.HiveMQPlatformReconcilerErrorHandler - [helmbrid] Pod 'test-hivemq-platform-0' containerStatus 'hivemq' (started: false) (ready: false) (waiting: [PodInitializing] null)
2025-01-27 17:07:22,073 INFO c.h.h.t.HelmChartContainer - [hivemq-test-hivemq-platform] [hivemq-platform-operator] [86add09e] 17:07:22.070 [ReconcilerExecutor-hivemq-controller-76] INFO  c.h.p.o.h.HiveMQPlatformReconcilerBaseHandler - [helmbrid] HiveMQ Platform is starting, 0 of 1 replicas are ready
2025-01-27 17:07:22,082 INFO c.h.h.t.HelmChartContainer - [hivemq-test-hivemq-platform] [hivemq-platform-operator] [86add09e] 17:07:22.080 [pool-6-thread-32] DEBUG c.h.p.o.d.PlatformServiceResource - [helmbrid] Desired Platform services (3 services)
2025-01-27 17:07:22,085 INFO c.h.h.t.HelmChartContainer - [hivemq-test-hivemq-platform] [hivemq-platform-operator] [86add09e] 17:07:22.084 [pool-6-thread-33] DEBUG c.h.p.o.dependants.PodInfoConfigMap - [helmbrid] Desired PodInfo ConfigMap (1 extensions) (1 enabled)
2025-01-27 17:07:22,088 INFO c.h.h.t.HelmChartContainer - [hivemq-test-hivemq-platform] [hivemq-platform-operator] [86add09e] 17:07:22.085 [pool-6-thread-33] DEBUG c.h.p.o.dependants.PodInfoConfigMap - [helmbrid] Desired PodInfo ConfigMap (metrics port: 9399) (metrics path: /)
2025-01-27 17:07:22,088 INFO c.h.h.t.HelmChartContainer - [hivemq-test-hivemq-platform] [hivemq-platform-operator] [86add09e] 17:07:22.086 [pool-6-thread-33] DEBUG c.h.p.o.dependants.PodInfoConfigMap - [helmbrid] Desired PodInfo ConfigMap (extension state hash: 1879405489)
2025-01-27 17:07:22,112 INFO c.h.h.t.HelmChartContainer - [EVENT] Normal [Pulled] Container image "docker.io/hivemq/hivemq-platform-operator-init-test:snapshot" already present on machine [helmbridgeextensionit:test-hivemq-platform-0]
2025-01-27 17:07:22,171 INFO c.h.h.t.HelmChartContainer - [hivemq-test-hivemq-platform] [hivemq-platform-operator] [86add09e] 17:07:22.169 [pool-6-thread-37] DEBUG c.h.p.o.d.PodServiceAccountResource - [helmbrid] Desired PodServiceAccountResource (serviceAccountName: hivemq-platform-pod-test-hivemq-platform)
2025-01-27 17:07:22,181 INFO c.h.h.t.HelmChartContainer - [hivemq-test-hivemq-platform] [hivemq-platform-operator] [86add09e] 17:07:22.179 [pool-6-thread-40] DEBUG c.h.p.o.d.StatefulSetResource - [helmbrid] Desired StatefulSet (1 replicas) for status STARTING (READY)
2025-01-27 17:07:22,185 INFO c.h.h.t.HelmChartContainer - [hivemq-test-hivemq-platform] [hivemq-platform-operator] [86add09e] 17:07:22.184 [ReconcilerExecutor-hivemq-controller-87] INFO  c.h.p.o.HiveMQPlatformReconciler - [helmbrid] Reconciling HiveMQ Platform 'test-hivemq-platform' in namespace 'helmbridgeextensionit'
2025-01-27 17:07:22,186 INFO c.h.h.t.HelmChartContainer - [hivemq-test-hivemq-platform] [hivemq-platform-operator] [86add09e] 17:07:22.184 [ReconcilerExecutor-hivemq-controller-87] DEBUG c.h.p.o.HiveMQPlatformReconciler - [helmbrid] Custom Resource Status STARTING - HiveMQ Platform is starting (READY)
2025-01-27 17:07:22,186 INFO c.h.h.t.HelmChartContainer - [hivemq-test-hivemq-platform] [hivemq-platform-operator] [86add09e] 17:07:22.184 [ReconcilerExecutor-hivemq-controller-87] DEBUG c.h.p.o.HiveMQPlatformReconciler - [helmbrid] Custom Resource Spec (replicas: 1) (extensions: 1)
2025-01-27 17:07:22,187 INFO c.h.h.t.HelmChartContainer - [hivemq-test-hivemq-platform] [hivemq-platform-operator] [86add09e] 17:07:22.186 [ReconcilerExecutor-hivemq-controller-87] DEBUG c.h.p.o.HiveMQPlatformReconciler - [helmbrid] StatefulSet Status (revision: test-hivemq-platform-6db4cf59bd, replicas: 1, available: 0, ready: 0, current: 1, updated: 1)
2025-01-27 17:07:22,188 INFO c.h.h.t.HelmChartContainer - [hivemq-test-hivemq-platform] [hivemq-platform-operator] [86add09e] 17:07:22.186 [ReconcilerExecutor-hivemq-controller-87] DEBUG c.h.p.o.HiveMQPlatformReconciler - [helmbrid] StatefulSet Spec (replicas: 1, init containers: 1, containers: 1, volumes: 4)
2025-01-27 17:07:22,210 INFO c.h.h.t.HelmChartContainer - [hivemq-test-hivemq-platform] [hivemq-platform-operator] [86add09e] 17:07:22.209 [ReconcilerExecutor-hivemq-controller-87] DEBUG c.h.p.o.h.HiveMQPlatformReconcilerErrorHandler - [helmbrid] Pod 'test-hivemq-platform-0' phase Pending
2025-01-27 17:07:22,210 INFO c.h.h.t.HelmChartContainer - [hivemq-test-hivemq-platform] [hivemq-platform-operator] [86add09e] 17:07:22.209 [ReconcilerExecutor-hivemq-controller-87] DEBUG c.h.p.o.h.HiveMQPlatformReconcilerErrorHandler - [helmbrid] Pod 'test-hivemq-platform-0' condition 'PodReadyToStartContainers': False
2025-01-27 17:07:22,211 INFO c.h.h.t.HelmChartContainer - [hivemq-test-hivemq-platform] [hivemq-platform-operator] [86add09e] 17:07:22.209 [ReconcilerExecutor-hivemq-controller-87] DEBUG c.h.p.o.h.HiveMQPlatformReconcilerErrorHandler - [helmbrid] Pod 'test-hivemq-platform-0' condition 'Initialized': False
2025-01-27 17:07:22,211 INFO c.h.h.t.HelmChartContainer - [hivemq-test-hivemq-platform] [hivemq-platform-operator] [86add09e] 17:07:22.209 [ReconcilerExecutor-hivemq-controller-87] DEBUG c.h.p.o.h.HiveMQPlatformReconcilerErrorHandler - [helmbrid] Pod 'test-hivemq-platform-0' condition 'Ready': False
2025-01-27 17:07:22,211 INFO c.h.h.t.HelmChartContainer - [hivemq-test-hivemq-platform] [hivemq-platform-operator] [86add09e] 17:07:22.209 [ReconcilerExecutor-hivemq-controller-87] DEBUG c.h.p.o.h.HiveMQPlatformReconcilerErrorHandler - [helmbrid] Pod 'test-hivemq-platform-0' condition 'ContainersReady': False
2025-01-27 17:07:22,211 INFO c.h.h.t.HelmChartContainer - [hivemq-test-hivemq-platform] [hivemq-platform-operator] [86add09e] 17:07:22.209 [ReconcilerExecutor-hivemq-controller-87] DEBUG c.h.p.o.h.HiveMQPlatformReconcilerErrorHandler - [helmbrid] Pod 'test-hivemq-platform-0' condition 'PodScheduled': True
2025-01-27 17:07:22,211 INFO c.h.h.t.HelmChartContainer - [hivemq-test-hivemq-platform] [hivemq-platform-operator] [86add09e] 17:07:22.209 [ReconcilerExecutor-hivemq-controller-87] DEBUG c.h.p.o.h.HiveMQPlatformReconcilerErrorHandler - [helmbrid] Pod 'test-hivemq-platform-0' containerStatus 'hivemq' (started: false) (ready: false) (waiting: [PodInitializing] null)
2025-01-27 17:07:22,246 INFO c.h.h.t.HelmChartContainer - [EVENT] Normal [Created] Created container: hivemq-platform-operator-init [helmbridgeextensionit:test-hivemq-platform-0]
2025-01-27 17:07:22,270 INFO c.h.h.t.HelmChartContainer - [hivemq-test-hivemq-platform] [hivemq-platform-operator] [86add09e] 17:07:22.267 [ReconcilerExecutor-hivemq-controller-87] INFO  c.h.p.o.h.HiveMQPlatformReconcilerBaseHandler - [helmbrid] HiveMQ Platform is starting, 0 of 1 replicas are ready
2025-01-27 17:07:22,295 INFO c.h.h.t.HelmChartContainer - [EVENT] Normal [Started] Started container hivemq-platform-operator-init [helmbridgeextensionit:test-hivemq-platform-0]
2025-01-27 17:07:22,628 INFO c.h.h.t.HelmChartContainer - [EVENT] Normal [Pulled] Container image "docker.io/hivemq/hivemq4:4.35.0" already present on machine [helmbridgeextensionit:test-hivemq-platform-0]
2025-01-27 17:07:22,628 INFO c.h.h.t.HelmChartContainer - Received Pulled event for container hivemq in pod test-hivemq-platform-0 [80996b20-45b7-4189-9ff3-b907d081c853]
2025-01-27 17:07:22,640 INFO c.h.h.t.HelmChartContainer - [POD] test-hivemq-platform-0 [80996b20-45b7-4189-9ff3-b907d081c853] in helmbridgeextensionit was MODIFIED
2025-01-27 17:07:22,687 INFO c.h.h.t.HelmChartContainer - [hivemq-test-hivemq-platform] [hivemq-platform-operator] [86add09e] 17:07:22.681 [pool-6-thread-42] DEBUG c.h.p.o.d.PlatformServiceResource - [helmbrid] Desired Platform services (3 services)
2025-01-27 17:07:22,687 INFO c.h.h.t.HelmChartContainer - [hivemq-test-hivemq-platform] [hivemq-platform-operator] [86add09e] 17:07:22.684 [pool-6-thread-43] DEBUG c.h.p.o.dependants.PodInfoConfigMap - [helmbrid] Desired PodInfo ConfigMap (1 extensions) (1 enabled)
2025-01-27 17:07:22,687 INFO c.h.h.t.HelmChartContainer - [hivemq-test-hivemq-platform] [hivemq-platform-operator] [86add09e] 17:07:22.686 [pool-6-thread-47] DEBUG c.h.p.o.d.PodServiceAccountResource - [helmbrid] Desired PodServiceAccountResource (serviceAccountName: hivemq-platform-pod-test-hivemq-platform)
2025-01-27 17:07:22,711 INFO c.h.h.t.HelmChartContainer - [hivemq-test-hivemq-platform] [hivemq-platform-operator] [86add09e] 17:07:22.686 [pool-6-thread-43] DEBUG c.h.p.o.dependants.PodInfoConfigMap - [helmbrid] Desired PodInfo ConfigMap (metrics port: 9399) (metrics path: /)
2025-01-27 17:07:22,711 INFO c.h.h.t.HelmChartContainer - [hivemq-test-hivemq-platform] [hivemq-platform-operator] [86add09e] 17:07:22.708 [pool-6-thread-43] DEBUG c.h.p.o.dependants.PodInfoConfigMap - [helmbrid] Desired PodInfo ConfigMap (extension state hash: 1879405489)
2025-01-27 17:07:22,773 INFO c.h.h.t.HelmChartContainer - [hivemq-test-hivemq-platform] [hivemq-platform-operator] [86add09e] 17:07:22.771 [pool-6-thread-50] DEBUG c.h.p.o.d.StatefulSetResource - [helmbrid] Desired StatefulSet (1 replicas) for status STARTING (READY)
2025-01-27 17:07:22,780 INFO c.h.h.t.HelmChartContainer - [hivemq-test-hivemq-platform] [hivemq-platform-operator] [86add09e] 17:07:22.779 [ReconcilerExecutor-hivemq-controller-98] INFO  c.h.p.o.HiveMQPlatformReconciler - [helmbrid] Reconciling HiveMQ Platform 'test-hivemq-platform' in namespace 'helmbridgeextensionit'
2025-01-27 17:07:22,783 INFO c.h.h.t.HelmChartContainer - [hivemq-test-hivemq-platform] [hivemq-platform-operator] [86add09e] 17:07:22.779 [ReconcilerExecutor-hivemq-controller-98] DEBUG c.h.p.o.HiveMQPlatformReconciler - [helmbrid] Custom Resource Status STARTING - HiveMQ Platform is starting (READY)
2025-01-27 17:07:22,783 INFO c.h.h.t.HelmChartContainer - [hivemq-test-hivemq-platform] [hivemq-platform-operator] [86add09e] 17:07:22.779 [ReconcilerExecutor-hivemq-controller-98] DEBUG c.h.p.o.HiveMQPlatformReconciler - [helmbrid] Custom Resource Spec (replicas: 1) (extensions: 1)
2025-01-27 17:07:22,783 INFO c.h.h.t.HelmChartContainer - [hivemq-test-hivemq-platform] [hivemq-platform-operator] [86add09e] 17:07:22.781 [ReconcilerExecutor-hivemq-controller-98] DEBUG c.h.p.o.HiveMQPlatformReconciler - [helmbrid] StatefulSet Status (revision: test-hivemq-platform-6db4cf59bd, replicas: 1, available: 0, ready: 0, current: 1, updated: 1)
2025-01-27 17:07:22,783 INFO c.h.h.t.HelmChartContainer - [hivemq-test-hivemq-platform] [hivemq-platform-operator] [86add09e] 17:07:22.781 [ReconcilerExecutor-hivemq-controller-98] DEBUG c.h.p.o.HiveMQPlatformReconciler - [helmbrid] StatefulSet Spec (replicas: 1, init containers: 1, containers: 1, volumes: 4)
2025-01-27 17:07:22,811 INFO c.h.h.t.HelmChartContainer - [hivemq-test-hivemq-platform] [hivemq-platform-operator] [86add09e] 17:07:22.809 [ReconcilerExecutor-hivemq-controller-98] DEBUG c.h.p.o.h.HiveMQPlatformReconcilerErrorHandler - [helmbrid] Pod 'test-hivemq-platform-0' phase Pending
2025-01-27 17:07:22,812 INFO c.h.h.t.HelmChartContainer - [hivemq-test-hivemq-platform] [hivemq-platform-operator] [86add09e] 17:07:22.809 [ReconcilerExecutor-hivemq-controller-98] DEBUG c.h.p.o.h.HiveMQPlatformReconcilerErrorHandler - [helmbrid] Pod 'test-hivemq-platform-0' condition 'PodReadyToStartContainers': True
2025-01-27 17:07:22,812 INFO c.h.h.t.HelmChartContainer - [hivemq-test-hivemq-platform] [hivemq-platform-operator] [86add09e] 17:07:22.809 [ReconcilerExecutor-hivemq-controller-98] DEBUG c.h.p.o.h.HiveMQPlatformReconcilerErrorHandler - [helmbrid] Pod 'test-hivemq-platform-0' condition 'Initialized': True
2025-01-27 17:07:22,812 INFO c.h.h.t.HelmChartContainer - [hivemq-test-hivemq-platform] [hivemq-platform-operator] [86add09e] 17:07:22.809 [ReconcilerExecutor-hivemq-controller-98] DEBUG c.h.p.o.h.HiveMQPlatformReconcilerErrorHandler - [helmbrid] Pod 'test-hivemq-platform-0' condition 'Ready': False
2025-01-27 17:07:22,812 INFO c.h.h.t.HelmChartContainer - [hivemq-test-hivemq-platform] [hivemq-platform-operator] [86add09e] 17:07:22.809 [ReconcilerExecutor-hivemq-controller-98] DEBUG c.h.p.o.h.HiveMQPlatformReconcilerErrorHandler - [helmbrid] Pod 'test-hivemq-platform-0' condition 'ContainersReady': False
2025-01-27 17:07:22,812 INFO c.h.h.t.HelmChartContainer - [hivemq-test-hivemq-platform] [hivemq-platform-operator] [86add09e] 17:07:22.809 [ReconcilerExecutor-hivemq-controller-98] DEBUG c.h.p.o.h.HiveMQPlatformReconcilerErrorHandler - [helmbrid] Pod 'test-hivemq-platform-0' condition 'PodScheduled': True
2025-01-27 17:07:22,812 INFO c.h.h.t.HelmChartContainer - [hivemq-test-hivemq-platform] [hivemq-platform-operator] [86add09e] 17:07:22.809 [ReconcilerExecutor-hivemq-controller-98] DEBUG c.h.p.o.h.HiveMQPlatformReconcilerErrorHandler - [helmbrid] Pod 'test-hivemq-platform-0' containerStatus 'hivemq' (started: false) (ready: false) (waiting: [PodInitializing] null)
2025-01-27 17:07:22,812 INFO c.h.h.t.HelmChartContainer - [hivemq-test-hivemq-platform] [hivemq-platform-operator] [86add09e] 17:07:22.811 [ReconcilerExecutor-hivemq-controller-98] INFO  c.h.p.o.h.HiveMQPlatformReconcilerBaseHandler - [helmbrid] HiveMQ Platform is starting, 0 of 1 replicas are ready
2025-01-27 17:07:24,968 INFO c.h.h.t.HelmChartContainer - [EVENT] Normal [Created] Created container: hivemq [helmbridgeextensionit:test-hivemq-platform-0]
2025-01-27 17:07:24,968 INFO c.h.h.t.HelmChartContainer - Received Created event for container hivemq in pod test-hivemq-platform-0 [80996b20-45b7-4189-9ff3-b907d081c853]
2025-01-27 17:07:25,643 INFO c.h.h.t.HelmChartContainer - [POD] test-hivemq-platform-0 [80996b20-45b7-4189-9ff3-b907d081c853] in helmbridgeextensionit was MODIFIED
2025-01-27 17:07:25,655 INFO c.h.h.t.HelmChartContainer - [hivemq-test-hivemq-platform] [hivemq-platform-operator] [86add09e] 17:07:25.652 [pool-6-thread-5] DEBUG c.h.p.o.d.PlatformServiceResource - [helmbrid] Desired Platform services (3 services)
2025-01-27 17:07:25,656 INFO c.h.h.t.HelmChartContainer - [hivemq-test-hivemq-platform] [hivemq-platform-operator] [86add09e] 17:07:25.655 [pool-6-thread-2] DEBUG c.h.p.o.d.PodServiceAccountResource - [helmbrid] Desired PodServiceAccountResource (serviceAccountName: hivemq-platform-pod-test-hivemq-platform)
2025-01-27 17:07:25,659 INFO c.h.h.t.HelmChartContainer - [hivemq-test-hivemq-platform] [hivemq-platform-operator] [86add09e] 17:07:25.656 [pool-6-thread-6] DEBUG c.h.p.o.dependants.PodInfoConfigMap - [helmbrid] Desired PodInfo ConfigMap (1 extensions) (1 enabled)
2025-01-27 17:07:25,661 INFO c.h.h.t.HelmChartContainer - [hivemq-test-hivemq-platform] [hivemq-platform-operator] [86add09e] 17:07:25.657 [pool-6-thread-6] DEBUG c.h.p.o.dependants.PodInfoConfigMap - [helmbrid] Desired PodInfo ConfigMap (metrics port: 9399) (metrics path: /)
2025-01-27 17:07:25,661 INFO c.h.h.t.HelmChartContainer - [hivemq-test-hivemq-platform] [hivemq-platform-operator] [86add09e] 17:07:25.657 [pool-6-thread-6] DEBUG c.h.p.o.dependants.PodInfoConfigMap - [helmbrid] Desired PodInfo ConfigMap (extension state hash: 1879405489)
2025-01-27 17:07:25,663 INFO c.h.h.t.HelmChartContainer - Started log watcher for hivemq in pod test-hivemq-platform-0 [80996b20-45b7-4189-9ff3-b907d081c853]
2025-01-27 17:07:25,663 INFO c.h.h.t.HelmChartContainer - [EVENT] Normal [Started] Started container hivemq [helmbridgeextensionit:test-hivemq-platform-0]
2025-01-27 17:07:25,664 INFO c.h.h.t.HelmChartContainer - [test-hivemq-platform] [hivemq] [80996b20] Adding pre-installed HiveMQ Platform Operator extensions
2025-01-27 17:07:25,664 INFO c.h.h.t.HelmChartContainer - [test-hivemq-platform] [hivemq] [80996b20] Running as user 10000
2025-01-27 17:07:25,664 INFO c.h.h.t.HelmChartContainer - [test-hivemq-platform] [hivemq] [80996b20] Starting HiveMQ Platform Operator Init
2025-01-27 17:07:25,664 INFO c.h.h.t.HelmChartContainer - Received Started event for container hivemq in pod test-hivemq-platform-0 [80996b20-45b7-4189-9ff3-b907d081c853]
2025-01-27 17:07:25,668 INFO c.h.h.t.HelmChartContainer - [hivemq-test-hivemq-platform] [hivemq-platform-operator] [86add09e] 17:07:25.666 [pool-6-thread-1] DEBUG c.h.p.o.d.StatefulSetResource - [helmbrid] Desired StatefulSet (1 replicas) for status STARTING (READY)
2025-01-27 17:07:25,715 INFO c.h.h.t.HelmChartContainer - [hivemq-test-hivemq-platform] [hivemq-platform-operator] [86add09e] 17:07:25.713 [ReconcilerExecutor-hivemq-controller-109] INFO  c.h.p.o.HiveMQPlatformReconciler - [helmbrid] Reconciling HiveMQ Platform 'test-hivemq-platform' in namespace 'helmbridgeextensionit'
2025-01-27 17:07:25,715 INFO c.h.h.t.HelmChartContainer - [hivemq-test-hivemq-platform] [hivemq-platform-operator] [86add09e] 17:07:25.713 [ReconcilerExecutor-hivemq-controller-109] DEBUG c.h.p.o.HiveMQPlatformReconciler - [helmbrid] Custom Resource Status STARTING - HiveMQ Platform is starting (READY)
2025-01-27 17:07:25,715 INFO c.h.h.t.HelmChartContainer - [hivemq-test-hivemq-platform] [hivemq-platform-operator] [86add09e] 17:07:25.713 [ReconcilerExecutor-hivemq-controller-109] DEBUG c.h.p.o.HiveMQPlatformReconciler - [helmbrid] Custom Resource Spec (replicas: 1) (extensions: 1)
2025-01-27 17:07:25,721 INFO c.h.h.t.HelmChartContainer - [hivemq-test-hivemq-platform] [hivemq-platform-operator] [86add09e] 17:07:25.716 [ReconcilerExecutor-hivemq-controller-109] DEBUG c.h.p.o.HiveMQPlatformReconciler - [helmbrid] StatefulSet Status (revision: test-hivemq-platform-6db4cf59bd, replicas: 1, available: 0, ready: 0, current: 1, updated: 1)
2025-01-27 17:07:25,721 INFO c.h.h.t.HelmChartContainer - [hivemq-test-hivemq-platform] [hivemq-platform-operator] [86add09e] 17:07:25.717 [ReconcilerExecutor-hivemq-controller-109] DEBUG c.h.p.o.HiveMQPlatformReconciler - [helmbrid] StatefulSet Spec (replicas: 1, init containers: 1, containers: 1, volumes: 4)
2025-01-27 17:07:25,727 INFO c.h.h.t.HelmChartContainer - [hivemq-test-hivemq-platform] [hivemq-platform-operator] [86add09e] 17:07:25.722 [ReconcilerExecutor-hivemq-controller-109] DEBUG c.h.p.o.h.HiveMQPlatformReconcilerErrorHandler - [helmbrid] Pod 'test-hivemq-platform-0' phase Running
2025-01-27 17:07:25,728 INFO c.h.h.t.HelmChartContainer - [hivemq-test-hivemq-platform] [hivemq-platform-operator] [86add09e] 17:07:25.725 [ReconcilerExecutor-hivemq-controller-109] INFO  c.h.p.o.h.HiveMQPlatformReconcilerBaseHandler - [helmbrid] HiveMQ Platform is starting, 0 of 1 replicas are ready
2025-01-27 17:07:26,301 INFO c.h.h.t.HelmChartContainer - [test-hivemq-platform] [hivemq] [80996b20] INFO  - [HiveMQ Platform Operator Init 1.7.0-SNAPSHOT] HiveMQ Platform Operator Init 1.7.0-SNAPSHOT (commit: bebf408 on branch: HEAD) built on Sun Jan 26 20:47:47 UTC 2025
2025-01-27 17:07:27,548 INFO c.h.h.t.HelmChartContainer - [test-hivemq-platform] [hivemq] [80996b20] INFO  - [HiveMQ Platform Operator Init App 1.7.0-SNAPSHOT] Using bind address 10.42.0.8 from environment variable
2025-01-27 17:07:28,534 INFO c.h.h.t.HelmChartContainer - [test-hivemq-platform] [hivemq] [80996b20] INFO  - [HiveMQ Platform Operator Init App 1.7.0-SNAPSHOT] HiveMQ Platform Operator Init App 1.7.0-SNAPSHOT (commit: bebf408 on branch: HEAD) built on Sun Jan 26 20:47:47 UTC 2025
2025-01-27 17:07:28,535 INFO c.h.h.t.HelmChartContainer - [test-hivemq-platform] [hivemq] [80996b20] INFO  - [HiveMQ Platform Operator Init App 1.7.0-SNAPSHOT] PodInfo ConfigMap directory: /etc/podinfo
2025-01-27 17:07:28,535 INFO c.h.h.t.HelmChartContainer - [test-hivemq-platform] [hivemq] [80996b20] INFO  - [HiveMQ Platform Operator Init App 1.7.0-SNAPSHOT] HiveMQ home directory: /opt/hivemq
2025-01-27 17:07:28,535 INFO c.h.h.t.HelmChartContainer - [test-hivemq-platform] [hivemq] [80996b20] INFO  - [HiveMQ Platform Operator Init App 1.7.0-SNAPSHOT] HiveMQ Logback folder: /opt/hivemq/conf
2025-01-27 17:07:28,535 INFO c.h.h.t.HelmChartContainer - [test-hivemq-platform] [hivemq] [80996b20] INFO  - [HiveMQ Platform Operator Init App 1.7.0-SNAPSHOT] HiveMQ Config folder: /opt/hivemq/conf-k8s
2025-01-27 17:07:28,535 INFO c.h.h.t.HelmChartContainer - [test-hivemq-platform] [hivemq] [80996b20] INFO  - [HiveMQ Platform Operator Init App 1.7.0-SNAPSHOT] Starting HiveMQ Platform Operator Init App
2025-01-27 17:07:28,535 INFO c.h.h.t.HelmChartContainer - [test-hivemq-platform] [hivemq] [80996b20] INFO  - [HiveMQ Platform Operator Init App 1.7.0-SNAPSHOT] Starting Pod reconciler
2025-01-27 17:07:29,898 INFO c.h.h.t.HelmChartContainer - [test-hivemq-platform] [hivemq] [80996b20] INFO  - [HiveMQ Platform Operator Init App 1.7.0-SNAPSHOT] Pod reconciler is scheduled (interval: 5000 ms)
2025-01-27 17:07:29,899 INFO c.h.h.t.HelmChartContainer - [test-hivemq-platform] [hivemq] [80996b20] INFO  - [HiveMQ Platform Operator Init App 1.7.0-SNAPSHOT] Starting the REST API on 10.42.0.8:7979
2025-01-27 17:07:29,902 INFO c.h.h.t.HelmChartContainer - [test-hivemq-platform] [hivemq] [80996b20] INFO  - [HiveMQ Platform Operator Init App 1.7.0-SNAPSHOT] Waiting up to 600s for at most 1 HiveMQ nodes in cluster service hivemq-test-hivemq-platform-cluster.helmbridgeextensionit.svc
2025-01-27 17:07:30,321 INFO c.h.h.t.HelmChartContainer - [test-hivemq-platform] [hivemq] [80996b20] INFO  - [HiveMQ Platform Operator Init App 1.7.0-SNAPSHOT] Resolved 1 IP addresses: [10.42.0.8]
2025-01-27 17:07:30,321 INFO c.h.h.t.HelmChartContainer - [test-hivemq-platform] [hivemq] [80996b20] INFO  - [HiveMQ Platform Operator Init App 1.7.0-SNAPSHOT] HiveMQ node count of 1 is within threshold of 1
2025-01-27 17:07:30,321 INFO c.h.h.t.HelmChartContainer - [test-hivemq-platform] [hivemq] [80996b20] INFO  - [HiveMQ Platform Operator Init App 1.7.0-SNAPSHOT] Proceeding with container start
2025-01-27 17:07:30,402 INFO c.h.h.t.HelmChartContainer - [test-hivemq-platform] [hivemq] [80996b20] INFO  - [HiveMQ Platform Operator Init App 1.7.0-SNAPSHOT] Initializing HiveMQ Platform extensions with initial configuration: {hivemq-bridge-extension={start-priority=-1, skip-https-hostname-verification=false, restart=true, config-version=0, header-version=0, secret-version=784, c-uri=, priority=-1, uri=preinstalled, skip-https-certificate-validation=false, enabled=true}, hivemq-prometheus-extension={restart=true, priority=-1, start-priority=-1, c-uri=, skip-https-hostname-verification=false, skip-https-certificate-validation=false, uri=preinstalled, request-header-path=no-request-headers, enabled=true}}
2025-01-27 17:07:30,898 INFO c.h.h.t.HelmChartContainer - [test-hivemq-platform] [hivemq] [80996b20] INFO  - [HiveMQ Platform Operator Init App 1.7.0-SNAPSHOT] Successfully enabled extension hivemq-bridge-extension
2025-01-27 17:07:30,925 INFO c.h.h.t.HelmChartContainer - [test-hivemq-platform] [hivemq] [80996b20] INFO  - [HiveMQ Platform Operator Init App 1.7.0-SNAPSHOT] Successfully enabled extension hivemq-prometheus-extension
2025-01-27 17:07:30,927 INFO c.h.h.t.HelmChartContainer - [test-hivemq-platform] [hivemq] [80996b20] INFO  - [HiveMQ Platform Operator Init App 1.7.0-SNAPSHOT] Starting HiveMQ Platform version 4.35.0 (4.35.0)
2025-01-27 17:07:30,927 INFO c.h.h.t.HelmChartContainer - [test-hivemq-platform] [hivemq] [80996b20] INFO  - [HiveMQ Platform Operator Init App 1.7.0-SNAPSHOT] Configuring the HiveMQ Platform
2025-01-27 17:07:31,022 INFO c.h.h.t.HelmChartContainer - [test-hivemq-platform] [hivemq] [80996b20] INFO  - [HiveMQ Platform Operator Init App 1.7.0-SNAPSHOT] Changed logback.xml file scan period to 20 seconds
2025-01-27 17:07:31,100 INFO c.h.h.t.HelmChartContainer - [test-hivemq-platform] [hivemq] [80996b20] INFO  - [HiveMQ Platform Operator Init App 1.7.0-SNAPSHOT] Starting the HiveMQ Platform
2025-01-27 17:07:31,103 INFO c.h.h.t.HelmChartContainer - [test-hivemq-platform] [hivemq] [80996b20] -------------------------------------------------------------------------
2025-01-27 17:07:31,103 INFO c.h.h.t.HelmChartContainer - [test-hivemq-platform] [hivemq] [80996b20] 
2025-01-27 17:07:31,103 INFO c.h.h.t.HelmChartContainer - [test-hivemq-platform] [hivemq] [80996b20]                   _    _  _              __  __   ____
2025-01-27 17:07:31,103 INFO c.h.h.t.HelmChartContainer - [test-hivemq-platform] [hivemq] [80996b20]                  | |  | |(_)            |  \/  | / __ \
2025-01-27 17:07:31,103 INFO c.h.h.t.HelmChartContainer - [test-hivemq-platform] [hivemq] [80996b20]                  | |__| | _ __   __ ___ | \  / || |  | |
2025-01-27 17:07:31,103 INFO c.h.h.t.HelmChartContainer - [test-hivemq-platform] [hivemq] [80996b20]                  |  __  || |\ \ / // _ \| |\/| || |  | |
2025-01-27 17:07:31,103 INFO c.h.h.t.HelmChartContainer - [test-hivemq-platform] [hivemq] [80996b20]                  | |  | || | \ V /|  __/| |  | || |__| |
2025-01-27 17:07:31,103 INFO c.h.h.t.HelmChartContainer - [test-hivemq-platform] [hivemq] [80996b20]                  |_|  |_||_|  \_/  \___||_|  |_| \___\_\
2025-01-27 17:07:31,103 INFO c.h.h.t.HelmChartContainer - [test-hivemq-platform] [hivemq] [80996b20] 
2025-01-27 17:07:31,103 INFO c.h.h.t.HelmChartContainer - [test-hivemq-platform] [hivemq] [80996b20] -------------------------------------------------------------------------
2025-01-27 17:07:31,103 INFO c.h.h.t.HelmChartContainer - [test-hivemq-platform] [hivemq] [80996b20] 
2025-01-27 17:07:31,103 INFO c.h.h.t.HelmChartContainer - [test-hivemq-platform] [hivemq] [80996b20]   HiveMQ Start Script for Linux/Unix v1.14
2025-01-27 17:07:31,103 INFO c.h.h.t.HelmChartContainer - [test-hivemq-platform] [hivemq] [80996b20] 
2025-01-27 17:07:31,204 INFO c.h.h.t.HelmChartContainer - [test-hivemq-platform] [hivemq] [80996b20] -------------------------------------------------------------------------
2025-01-27 17:07:31,204 INFO c.h.h.t.HelmChartContainer - [test-hivemq-platform] [hivemq] [80996b20] 
2025-01-27 17:07:31,204 INFO c.h.h.t.HelmChartContainer - [test-hivemq-platform] [hivemq] [80996b20]   HIVEMQ_HOME: /opt/hivemq
2025-01-27 17:07:31,204 INFO c.h.h.t.HelmChartContainer - [test-hivemq-platform] [hivemq] [80996b20] 
2025-01-27 17:07:31,204 INFO c.h.h.t.HelmChartContainer - [test-hivemq-platform] [hivemq] [80996b20]   JAVA_OPTS: -XX:+UnlockExperimentalVMOptions -XX:InitialRAMPercentage=50 -XX:MaxRAMPercentage=50 -Djava.net.preferIPv4Stack=true --add-opens java.base/java.lang=ALL-UNNAMED --add-opens java.base/java.nio=ALL-UNNAMED --add-opens java.base/sun.nio.ch=ALL-UNNAMED --add-opens jdk.management/com.sun.management.internal=ALL-UNNAMED --add-exports java.base/jdk.internal.misc=ALL-UNNAMED -Djava.security.egd=file:/dev/./urandom -Dcom.sun.management.jmxremote -Dcom.sun.management.jmxremote.port=9010 -Dcom.sun.management.jmxremote.local.only=false -Dcom.sun.management.jmxremote.authenticate=false -Dcom.sun.management.jmxremote.ssl=false -Duser.language=en -Duser.region=US -XX:+CrashOnOutOfMemoryError -XX:+HeapDumpOnOutOfMemoryError
2025-01-27 17:07:31,204 INFO c.h.h.t.HelmChartContainer - [test-hivemq-platform] [hivemq] [80996b20] 
2025-01-27 17:07:31,204 INFO c.h.h.t.HelmChartContainer - [test-hivemq-platform] [hivemq] [80996b20]   JAVA_VERSION: 21
2025-01-27 17:07:31,204 INFO c.h.h.t.HelmChartContainer - [test-hivemq-platform] [hivemq] [80996b20] 
2025-01-27 17:07:31,204 INFO c.h.h.t.HelmChartContainer - [test-hivemq-platform] [hivemq] [80996b20] -------------------------------------------------------------------------
2025-01-27 17:07:31,204 INFO c.h.h.t.HelmChartContainer - [test-hivemq-platform] [hivemq] [80996b20] 
2025-01-27 17:07:31,723 INFO c.h.h.t.HelmChartContainer - [test-hivemq-platform] [hivemq] [80996b20] INFO  - [HiveMQ Platform Operator Init App 1.7.0-SNAPSHOT] Returning default Health API response 503 for readiness
2025-01-27 17:07:32,030 INFO c.h.h.t.HelmChartContainer - [EVENT] Warning [Unhealthy] Readiness probe failed: HTTP probe failed with statuscode: 503 [helmbridgeextensionit:test-hivemq-platform-0]
2025-01-27 17:07:32,030 INFO c.h.h.t.HelmChartContainer - Received Unhealthy event for container hivemq in pod test-hivemq-platform-0 [80996b20-45b7-4189-9ff3-b907d081c853]
2025-01-27 17:07:34,003 INFO c.h.h.t.HelmChartContainer - [test-hivemq-platform] [hivemq] [80996b20] INFO  - Starting HiveMQ Enterprise Server
2025-01-27 17:07:34,024 INFO c.h.h.t.HelmChartContainer - [test-hivemq-platform] [hivemq] [80996b20] INFO  - HiveMQ version: 4.35.0
2025-01-27 17:07:34,025 INFO c.h.h.t.HelmChartContainer - [test-hivemq-platform] [hivemq] [80996b20] INFO  - HiveMQ home directory: /opt/hivemq
2025-01-27 17:07:34,025 INFO c.h.h.t.HelmChartContainer - [test-hivemq-platform] [hivemq] [80996b20] INFO  - Log Configuration was overridden by /opt/hivemq/conf/logback.xml
2025-01-27 17:07:35,626 INFO c.h.h.t.HelmChartContainer - [test-hivemq-platform] [hivemq] [80996b20] INFO  - Successfully loaded configuration from '/opt/hivemq/conf-k8s/config.xml'.
2025-01-27 17:07:35,734 INFO c.h.h.t.HelmChartContainer - [hivemq-test-hivemq-platform] [hivemq-platform-operator] [86add09e] 17:07:35.730 [pool-6-thread-14] DEBUG c.h.p.o.d.PlatformServiceResource - [helmbrid] Desired Platform services (3 services)
2025-01-27 17:07:35,735 INFO c.h.h.t.HelmChartContainer - [hivemq-test-hivemq-platform] [hivemq-platform-operator] [86add09e] 17:07:35.731 [pool-6-thread-15] DEBUG c.h.p.o.dependants.PodInfoConfigMap - [helmbrid] Desired PodInfo ConfigMap (1 extensions) (1 enabled)
2025-01-27 17:07:35,735 INFO c.h.h.t.HelmChartContainer - [hivemq-test-hivemq-platform] [hivemq-platform-operator] [86add09e] 17:07:35.732 [pool-6-thread-15] DEBUG c.h.p.o.dependants.PodInfoConfigMap - [helmbrid] Desired PodInfo ConfigMap (metrics port: 9399) (metrics path: /)
2025-01-27 17:07:35,735 INFO c.h.h.t.HelmChartContainer - [hivemq-test-hivemq-platform] [hivemq-platform-operator] [86add09e] 17:07:35.732 [pool-6-thread-15] DEBUG c.h.p.o.dependants.PodInfoConfigMap - [helmbrid] Desired PodInfo ConfigMap (extension state hash: 1879405489)
2025-01-27 17:07:35,735 INFO c.h.h.t.HelmChartContainer - [hivemq-test-hivemq-platform] [hivemq-platform-operator] [86add09e] 17:07:35.732 [pool-6-thread-19] DEBUG c.h.p.o.d.PodServiceAccountResource - [helmbrid] Desired PodServiceAccountResource (serviceAccountName: hivemq-platform-pod-test-hivemq-platform)
2025-01-27 17:07:35,738 INFO c.h.h.t.HelmChartContainer - [hivemq-test-hivemq-platform] [hivemq-platform-operator] [86add09e] 17:07:35.737 [pool-6-thread-14] DEBUG c.h.p.o.d.StatefulSetResource - [helmbrid] Desired StatefulSet (1 replicas) for status STARTING (READY)
2025-01-27 17:07:35,744 INFO c.h.h.t.HelmChartContainer - [hivemq-test-hivemq-platform] [hivemq-platform-operator] [86add09e] 17:07:35.743 [ReconcilerExecutor-hivemq-controller-110] INFO  c.h.p.o.HiveMQPlatformReconciler - [helmbrid] Reconciling HiveMQ Platform 'test-hivemq-platform' in namespace 'helmbridgeextensionit'
2025-01-27 17:07:35,745 INFO c.h.h.t.HelmChartContainer - [hivemq-test-hivemq-platform] [hivemq-platform-operator] [86add09e] 17:07:35.743 [ReconcilerExecutor-hivemq-controller-110] DEBUG c.h.p.o.HiveMQPlatformReconciler - [helmbrid] Custom Resource Status STARTING - HiveMQ Platform is starting (READY)
2025-01-27 17:07:35,745 INFO c.h.h.t.HelmChartContainer - [hivemq-test-hivemq-platform] [hivemq-platform-operator] [86add09e] 17:07:35.743 [ReconcilerExecutor-hivemq-controller-110] DEBUG c.h.p.o.HiveMQPlatformReconciler - [helmbrid] Custom Resource Spec (replicas: 1) (extensions: 1)
2025-01-27 17:07:35,748 INFO c.h.h.t.HelmChartContainer - [hivemq-test-hivemq-platform] [hivemq-platform-operator] [86add09e] 17:07:35.746 [ReconcilerExecutor-hivemq-controller-110] DEBUG c.h.p.o.HiveMQPlatformReconciler - [helmbrid] StatefulSet Status (revision: test-hivemq-platform-6db4cf59bd, replicas: 1, available: 0, ready: 0, current: 1, updated: 1)
2025-01-27 17:07:35,749 INFO c.h.h.t.HelmChartContainer - [hivemq-test-hivemq-platform] [hivemq-platform-operator] [86add09e] 17:07:35.746 [ReconcilerExecutor-hivemq-controller-110] DEBUG c.h.p.o.HiveMQPlatformReconciler - [helmbrid] StatefulSet Spec (replicas: 1, init containers: 1, containers: 1, volumes: 4)
2025-01-27 17:07:35,749 INFO c.h.h.t.HelmChartContainer - [hivemq-test-hivemq-platform] [hivemq-platform-operator] [86add09e] 17:07:35.747 [ReconcilerExecutor-hivemq-controller-110] DEBUG c.h.p.o.h.HiveMQPlatformReconcilerErrorHandler - [helmbrid] Pod 'test-hivemq-platform-0' phase Running
2025-01-27 17:07:35,810 INFO c.h.h.t.HelmChartContainer - [hivemq-test-hivemq-platform] [hivemq-platform-operator] [86add09e] 17:07:35.809 [ReconcilerExecutor-hivemq-controller-110] INFO  c.h.p.o.h.HiveMQPlatformReconcilerBaseHandler - [helmbrid] HiveMQ Platform is starting, 0 of 1 replicas are ready
2025-01-27 17:07:36,496 INFO c.h.h.t.HelmChartContainer - [test-hivemq-platform] [hivemq] [80996b20] INFO  - This node's ID is T3tiX
2025-01-27 17:07:36,496 INFO c.h.h.t.HelmChartContainer - [test-hivemq-platform] [hivemq] [80996b20] INFO  - Clustering is enabled
2025-01-27 17:07:36,996 INFO c.h.h.t.HelmChartContainer - [test-hivemq-platform] [hivemq] [80996b20] WARN  - [HiveMQ Platform Operator Init App 1.7.0-SNAPSHOT] Cannot connect to Health API for readiness: null
2025-01-27 17:07:37,002 INFO c.h.h.t.HelmChartContainer - [EVENT] Warning [Unhealthy] Readiness probe failed: HTTP probe failed with statuscode: 503 [helmbridgeextensionit:test-hivemq-platform-0]
2025-01-27 17:07:37,002 INFO c.h.h.t.HelmChartContainer - Received Unhealthy event for container hivemq in pod test-hivemq-platform-0 [80996b20-45b7-4189-9ff3-b907d081c853]
2025-01-27 17:07:40,324 INFO c.h.h.t.HelmChartContainer - [test-hivemq-platform] [hivemq] [80996b20] Jan 27, 2025 5:07:40 PM io.vertx.core.impl.BlockedThreadChecker
2025-01-27 17:07:40,324 INFO c.h.h.t.HelmChartContainer - [test-hivemq-platform] [hivemq] [80996b20] WARNING: Thread Thread[vert.x-eventloop-thread-1,5,main] has been blocked for 2063 ms, time limit is 2000 ms
2025-01-27 17:07:41,297 INFO c.h.h.t.HelmChartContainer - [test-hivemq-platform] [hivemq] [80996b20] Jan 27, 2025 5:07:41 PM io.vertx.core.impl.BlockedThreadChecker
2025-01-27 17:07:41,297 INFO c.h.h.t.HelmChartContainer - [test-hivemq-platform] [hivemq] [80996b20] WARNING: Thread Thread[vert.x-eventloop-thread-1,5,main] has been blocked for 3064 ms, time limit is 2000 ms
2025-01-27 17:07:41,724 INFO c.h.h.t.HelmChartContainer - [test-hivemq-platform] [hivemq] [80996b20] INFO  - [HiveMQ Platform Operator Init App 1.7.0-SNAPSHOT] Updating Pod HiveMQ Platform Operator Init App version annotation (version: 1.7.0-SNAPSHOT)
2025-01-27 17:07:41,797 INFO c.h.h.t.HelmChartContainer - [test-hivemq-platform] [hivemq] [80996b20] WARN  - [HiveMQ Platform Operator Init App 1.7.0-SNAPSHOT] Cannot connect to Health API for readiness: null
2025-01-27 17:07:41,801 INFO c.h.h.t.HelmChartContainer - [EVENT] Warning [Unhealthy] Readiness probe failed: HTTP probe failed with statuscode: 503 [helmbridgeextensionit:test-hivemq-platform-0]
2025-01-27 17:07:41,801 INFO c.h.h.t.HelmChartContainer - Received Unhealthy event for container hivemq in pod test-hivemq-platform-0 [80996b20-45b7-4189-9ff3-b907d081c853]
2025-01-27 17:07:42,606 INFO c.h.h.t.HelmChartContainer - [POD] test-hivemq-platform-0 [80996b20-45b7-4189-9ff3-b907d081c853] in helmbridgeextensionit was MODIFIED
2025-01-27 17:07:42,612 INFO c.h.h.t.HelmChartContainer - [hivemq-test-hivemq-platform] [hivemq-platform-operator] [86add09e] 17:07:42.611 [pool-6-thread-26] DEBUG c.h.p.o.d.PlatformServiceResource - [helmbrid] Desired Platform services (3 services)
2025-01-27 17:07:42,613 INFO c.h.h.t.HelmChartContainer - [hivemq-test-hivemq-platform] [hivemq-platform-operator] [86add09e] 17:07:42.612 [pool-6-thread-25] DEBUG c.h.p.o.dependants.PodInfoConfigMap - [helmbrid] Desired PodInfo ConfigMap (1 extensions) (1 enabled)
2025-01-27 17:07:42,613 INFO c.h.h.t.HelmChartContainer - [hivemq-test-hivemq-platform] [hivemq-platform-operator] [86add09e] 17:07:42.612 [pool-6-thread-25] DEBUG c.h.p.o.dependants.PodInfoConfigMap - [helmbrid] Desired PodInfo ConfigMap (metrics port: 9399) (metrics path: /)
2025-01-27 17:07:42,615 INFO c.h.h.t.HelmChartContainer - [hivemq-test-hivemq-platform] [hivemq-platform-operator] [86add09e] 17:07:42.612 [pool-6-thread-25] DEBUG c.h.p.o.dependants.PodInfoConfigMap - [helmbrid] Desired PodInfo ConfigMap (extension state hash: 1879405489)
2025-01-27 17:07:42,615 INFO c.h.h.t.HelmChartContainer - [hivemq-test-hivemq-platform] [hivemq-platform-operator] [86add09e] 17:07:42.613 [pool-6-thread-25] DEBUG c.h.p.o.d.PodServiceAccountResource - [helmbrid] Desired PodServiceAccountResource (serviceAccountName: hivemq-platform-pod-test-hivemq-platform)
2025-01-27 17:07:42,620 INFO c.h.h.t.HelmChartContainer - [hivemq-test-hivemq-platform] [hivemq-platform-operator] [86add09e] 17:07:42.619 [pool-6-thread-26] DEBUG c.h.p.o.d.StatefulSetResource - [helmbrid] Desired StatefulSet (1 replicas) for status STARTING (READY)
2025-01-27 17:07:42,626 INFO c.h.h.t.HelmChartContainer - [test-hivemq-platform] [hivemq] [80996b20] WARN  - [HiveMQ Platform Operator Init App 1.7.0-SNAPSHOT] Cannot connect to Health API for readiness: null
2025-01-27 17:07:42,631 INFO c.h.h.t.HelmChartContainer - [test-hivemq-platform] [hivemq] [80996b20] INFO  - [HiveMQ Platform Operator Init App 1.7.0-SNAPSHOT] Successfully updated Pod HiveMQ Platform Operator Init App version annotation (version: 1.7.0-SNAPSHOT)
2025-01-27 17:07:42,632 INFO c.h.h.t.HelmChartContainer - [hivemq-test-hivemq-platform] [hivemq-platform-operator] [86add09e] 17:07:42.631 [ReconcilerExecutor-hivemq-controller-111] INFO  c.h.p.o.HiveMQPlatformReconciler - [helmbrid] Reconciling HiveMQ Platform 'test-hivemq-platform' in namespace 'helmbridgeextensionit'
2025-01-27 17:07:42,633 INFO c.h.h.t.HelmChartContainer - [hivemq-test-hivemq-platform] [hivemq-platform-operator] [86add09e] 17:07:42.631 [ReconcilerExecutor-hivemq-controller-111] DEBUG c.h.p.o.HiveMQPlatformReconciler - [helmbrid] Custom Resource Status STARTING - HiveMQ Platform is starting (READY)
2025-01-27 17:07:42,633 INFO c.h.h.t.HelmChartContainer - [hivemq-test-hivemq-platform] [hivemq-platform-operator] [86add09e] 17:07:42.631 [ReconcilerExecutor-hivemq-controller-111] DEBUG c.h.p.o.HiveMQPlatformReconciler - [helmbrid] Custom Resource Spec (replicas: 1) (extensions: 1)
2025-01-27 17:07:42,635 INFO c.h.h.t.HelmChartContainer - [EVENT] Warning [Unhealthy] Readiness probe failed: HTTP probe failed with statuscode: 503 [helmbridgeextensionit:test-hivemq-platform-0]
2025-01-27 17:07:42,635 INFO c.h.h.t.HelmChartContainer - Received Unhealthy event for container hivemq in pod test-hivemq-platform-0 [80996b20-45b7-4189-9ff3-b907d081c853]
2025-01-27 17:07:42,672 INFO c.h.h.t.HelmChartContainer - [hivemq-test-hivemq-platform] [hivemq-platform-operator] [86add09e] 17:07:42.670 [ReconcilerExecutor-hivemq-controller-111] DEBUG c.h.p.o.HiveMQPlatformReconciler - [helmbrid] StatefulSet Status (revision: test-hivemq-platform-6db4cf59bd, replicas: 1, available: 0, ready: 0, current: 1, updated: 1)
2025-01-27 17:07:42,672 INFO c.h.h.t.HelmChartContainer - [hivemq-test-hivemq-platform] [hivemq-platform-operator] [86add09e] 17:07:42.670 [ReconcilerExecutor-hivemq-controller-111] DEBUG c.h.p.o.HiveMQPlatformReconciler - [helmbrid] StatefulSet Spec (replicas: 1, init containers: 1, containers: 1, volumes: 4)
2025-01-27 17:07:42,710 INFO c.h.h.t.HelmChartContainer - [hivemq-test-hivemq-platform] [hivemq-platform-operator] [86add09e] 17:07:42.671 [ReconcilerExecutor-hivemq-controller-111] DEBUG c.h.p.o.h.HiveMQPlatformReconcilerErrorHandler - [helmbrid] Pod 'test-hivemq-platform-0' phase Running
2025-01-27 17:07:42,710 INFO c.h.h.t.HelmChartContainer - [hivemq-test-hivemq-platform] [hivemq-platform-operator] [86add09e] 17:07:42.709 [ReconcilerExecutor-hivemq-controller-111] INFO  c.h.p.o.h.HiveMQPlatformReconcilerBaseHandler - [helmbrid] HiveMQ Platform is starting, 0 of 1 replicas are ready
2025-01-27 17:07:47,621 INFO c.h.h.t.HelmChartContainer - [test-hivemq-platform] [hivemq] [80996b20] WARN  - [HiveMQ Platform Operator Init App 1.7.0-SNAPSHOT] Cannot connect to Health API for readiness: null
2025-01-27 17:07:47,627 INFO c.h.h.t.HelmChartContainer - [EVENT] Warning [Unhealthy] Readiness probe failed: HTTP probe failed with statuscode: 503 [helmbridgeextensionit:test-hivemq-platform-0]
2025-01-27 17:07:47,627 INFO c.h.h.t.HelmChartContainer - Received Unhealthy event for container hivemq in pod test-hivemq-platform-0 [80996b20-45b7-4189-9ff3-b907d081c853]
2025-01-27 17:07:52,020 INFO c.h.h.t.HelmChartContainer - [test-hivemq-platform] [hivemq] [80996b20] WARN  - [HiveMQ Platform Operator Init App 1.7.0-SNAPSHOT] Cannot connect to Health API for liveness: null
2025-01-27 17:07:52,020 INFO c.h.h.t.HelmChartContainer - [test-hivemq-platform] [hivemq] [80996b20] INFO  - [HiveMQ Platform Operator Init App 1.7.0-SNAPSHOT] Returning default Health API response 200 for liveness
2025-01-27 17:07:52,698 INFO c.h.h.t.HelmChartContainer - [test-hivemq-platform] [hivemq] [80996b20] WARN  - [HiveMQ Platform Operator Init App 1.7.0-SNAPSHOT] Cannot connect to Health API for readiness: null
2025-01-27 17:07:52,702 INFO c.h.h.t.HelmChartContainer - [EVENT] Warning [Unhealthy] Readiness probe failed: HTTP probe failed with statuscode: 503 [helmbridgeextensionit:test-hivemq-platform-0]
2025-01-27 17:07:52,703 INFO c.h.h.t.HelmChartContainer - Received Unhealthy event for container hivemq in pod test-hivemq-platform-0 [80996b20-45b7-4189-9ff3-b907d081c853]
2025-01-27 17:07:52,721 INFO c.h.h.t.HelmChartContainer - [hivemq-test-hivemq-platform] [hivemq-platform-operator] [86add09e] 17:07:52.714 [pool-6-thread-36] DEBUG c.h.p.o.d.PlatformServiceResource - [helmbrid] Desired Platform services (3 services)
2025-01-27 17:07:52,721 INFO c.h.h.t.HelmChartContainer - [hivemq-test-hivemq-platform] [hivemq-platform-operator] [86add09e] 17:07:52.715 [pool-6-thread-31] DEBUG c.h.p.o.d.PodServiceAccountResource - [helmbrid] Desired PodServiceAccountResource (serviceAccountName: hivemq-platform-pod-test-hivemq-platform)
2025-01-27 17:07:52,721 INFO c.h.h.t.HelmChartContainer - [hivemq-test-hivemq-platform] [hivemq-platform-operator] [86add09e] 17:07:52.717 [pool-6-thread-37] DEBUG c.h.p.o.dependants.PodInfoConfigMap - [helmbrid] Desired PodInfo ConfigMap (1 extensions) (1 enabled)
2025-01-27 17:07:52,721 INFO c.h.h.t.HelmChartContainer - [hivemq-test-hivemq-platform] [hivemq-platform-operator] [86add09e] 17:07:52.717 [pool-6-thread-37] DEBUG c.h.p.o.dependants.PodInfoConfigMap - [helmbrid] Desired PodInfo ConfigMap (metrics port: 9399) (metrics path: /)
2025-01-27 17:07:52,721 INFO c.h.h.t.HelmChartContainer - [hivemq-test-hivemq-platform] [hivemq-platform-operator] [86add09e] 17:07:52.717 [pool-6-thread-37] DEBUG c.h.p.o.dependants.PodInfoConfigMap - [helmbrid] Desired PodInfo ConfigMap (extension state hash: 1879405489)
2025-01-27 17:07:52,727 INFO c.h.h.t.HelmChartContainer - [hivemq-test-hivemq-platform] [hivemq-platform-operator] [86add09e] 17:07:52.726 [pool-6-thread-36] DEBUG c.h.p.o.d.StatefulSetResource - [helmbrid] Desired StatefulSet (1 replicas) for status STARTING (READY)
2025-01-27 17:07:52,731 INFO c.h.h.t.HelmChartContainer - [hivemq-test-hivemq-platform] [hivemq-platform-operator] [86add09e] 17:07:52.731 [ReconcilerExecutor-hivemq-controller-112] INFO  c.h.p.o.HiveMQPlatformReconciler - [helmbrid] Reconciling HiveMQ Platform 'test-hivemq-platform' in namespace 'helmbridgeextensionit'
2025-01-27 17:07:52,732 INFO c.h.h.t.HelmChartContainer - [hivemq-test-hivemq-platform] [hivemq-platform-operator] [86add09e] 17:07:52.731 [ReconcilerExecutor-hivemq-controller-112] DEBUG c.h.p.o.HiveMQPlatformReconciler - [helmbrid] Custom Resource Status STARTING - HiveMQ Platform is starting (READY)
2025-01-27 17:07:52,733 INFO c.h.h.t.HelmChartContainer - [hivemq-test-hivemq-platform] [hivemq-platform-operator] [86add09e] 17:07:52.732 [ReconcilerExecutor-hivemq-controller-112] DEBUG c.h.p.o.HiveMQPlatformReconciler - [helmbrid] Custom Resource Spec (replicas: 1) (extensions: 1)
2025-01-27 17:07:52,735 INFO c.h.h.t.HelmChartContainer - [hivemq-test-hivemq-platform] [hivemq-platform-operator] [86add09e] 17:07:52.733 [ReconcilerExecutor-hivemq-controller-112] DEBUG c.h.p.o.HiveMQPlatformReconciler - [helmbrid] StatefulSet Status (revision: test-hivemq-platform-6db4cf59bd, replicas: 1, available: 0, ready: 0, current: 1, updated: 1)
2025-01-27 17:07:52,735 INFO c.h.h.t.HelmChartContainer - [hivemq-test-hivemq-platform] [hivemq-platform-operator] [86add09e] 17:07:52.733 [ReconcilerExecutor-hivemq-controller-112] DEBUG c.h.p.o.HiveMQPlatformReconciler - [helmbrid] StatefulSet Spec (replicas: 1, init containers: 1, containers: 1, volumes: 4)
2025-01-27 17:07:52,811 INFO c.h.h.t.HelmChartContainer - [hivemq-test-hivemq-platform] [hivemq-platform-operator] [86add09e] 17:07:52.810 [ReconcilerExecutor-hivemq-controller-112] DEBUG c.h.p.o.h.HiveMQPlatformReconcilerErrorHandler - [helmbrid] Pod 'test-hivemq-platform-0' phase Running
2025-01-27 17:07:52,812 INFO c.h.h.t.HelmChartContainer - [hivemq-test-hivemq-platform] [hivemq-platform-operator] [86add09e] 17:07:52.811 [ReconcilerExecutor-hivemq-controller-112] INFO  c.h.p.o.h.HiveMQPlatformReconcilerBaseHandler - [helmbrid] HiveMQ Platform is starting, 0 of 1 replicas are ready
2025-01-27 17:07:55,723 INFO c.h.h.t.HelmChartContainer - [test-hivemq-platform] [hivemq] [80996b20] INFO  - No valid license file found. Using trial license, restricted to 25 connections.
2025-01-27 17:07:57,696 INFO c.h.h.t.HelmChartContainer - [test-hivemq-platform] [hivemq] [80996b20] WARN  - [HiveMQ Platform Operator Init App 1.7.0-SNAPSHOT] Cannot connect to Health API for readiness: null
2025-01-27 17:07:57,703 INFO c.h.h.t.HelmChartContainer - [EVENT] Warning [Unhealthy] Readiness probe failed: HTTP probe failed with statuscode: 503 [helmbridgeextensionit:test-hivemq-platform-0]
2025-01-27 17:07:57,703 INFO c.h.h.t.HelmChartContainer - Received Unhealthy event for container hivemq in pod test-hivemq-platform-0 [80996b20-45b7-4189-9ff3-b907d081c853]
2025-01-27 17:07:59,601 INFO c.h.h.t.HelmChartContainer - [test-hivemq-platform] [hivemq] [80996b20] INFO  - No valid license file for Data Hub found. Using free license, restricted to 1 policy.
2025-01-27 17:08:00,620 INFO c.h.h.t.HelmChartContainer - [test-hivemq-platform] [hivemq] [80996b20] INFO  - Audit Logger started.
2025-01-27 17:08:00,939 INFO c.h.h.t.HelmChartContainer - [test-hivemq-platform] [hivemq] [80996b20] INFO  - This node uses '1' CPU cores.
2025-01-27 17:08:00,999 INFO c.h.h.t.HelmChartContainer - [test-hivemq-platform] [hivemq] [80996b20] INFO  - Starting HiveMQ Health API on address 0.0.0.0 and port 8889
2025-01-27 17:08:01,821 INFO c.h.h.t.HelmChartContainer - [test-hivemq-platform] [hivemq] [80996b20] INFO  - Started HiveMQ Health API in 821ms
2025-01-27 17:08:01,824 INFO c.h.h.t.HelmChartContainer - [test-hivemq-platform] [hivemq] [80996b20] INFO  - Starting HiveMQ extension system.
2025-01-27 17:08:02,816 INFO c.h.h.t.HelmChartContainer - [hivemq-test-hivemq-platform] [hivemq-platform-operator] [86add09e] 17:08:02.815 [pool-6-thread-42] DEBUG c.h.p.o.d.PlatformServiceResource - [helmbrid] Desired Platform services (3 services)
2025-01-27 17:08:02,817 INFO c.h.h.t.HelmChartContainer - [hivemq-test-hivemq-platform] [hivemq-platform-operator] [86add09e] 17:08:02.816 [pool-6-thread-46] DEBUG c.h.p.o.d.PodServiceAccountResource - [helmbrid] Desired PodServiceAccountResource (serviceAccountName: hivemq-platform-pod-test-hivemq-platform)
2025-01-27 17:08:02,818 INFO c.h.h.t.HelmChartContainer - [hivemq-test-hivemq-platform] [hivemq-platform-operator] [86add09e] 17:08:02.817 [pool-6-thread-43] DEBUG c.h.p.o.dependants.PodInfoConfigMap - [helmbrid] Desired PodInfo ConfigMap (1 extensions) (1 enabled)
2025-01-27 17:08:02,820 INFO c.h.h.t.HelmChartContainer - [hivemq-test-hivemq-platform] [hivemq-platform-operator] [86add09e] 17:08:02.818 [pool-6-thread-43] DEBUG c.h.p.o.dependants.PodInfoConfigMap - [helmbrid] Desired PodInfo ConfigMap (metrics port: 9399) (metrics path: /)
2025-01-27 17:08:02,821 INFO c.h.h.t.HelmChartContainer - [hivemq-test-hivemq-platform] [hivemq-platform-operator] [86add09e] 17:08:02.818 [pool-6-thread-43] DEBUG c.h.p.o.dependants.PodInfoConfigMap - [helmbrid] Desired PodInfo ConfigMap (extension state hash: 1879405489)
2025-01-27 17:08:02,829 INFO c.h.h.t.HelmChartContainer - [hivemq-test-hivemq-platform] [hivemq-platform-operator] [86add09e] 17:08:02.828 [pool-6-thread-42] DEBUG c.h.p.o.d.StatefulSetResource - [helmbrid] Desired StatefulSet (1 replicas) for status STARTING (READY)
2025-01-27 17:08:02,834 INFO c.h.h.t.HelmChartContainer - [hivemq-test-hivemq-platform] [hivemq-platform-operator] [86add09e] 17:08:02.833 [ReconcilerExecutor-hivemq-controller-113] INFO  c.h.p.o.HiveMQPlatformReconciler - [helmbrid] Reconciling HiveMQ Platform 'test-hivemq-platform' in namespace 'helmbridgeextensionit'
2025-01-27 17:08:02,834 INFO c.h.h.t.HelmChartContainer - [hivemq-test-hivemq-platform] [hivemq-platform-operator] [86add09e] 17:08:02.833 [ReconcilerExecutor-hivemq-controller-113] DEBUG c.h.p.o.HiveMQPlatformReconciler - [helmbrid] Custom Resource Status STARTING - HiveMQ Platform is starting (READY)
2025-01-27 17:08:02,834 INFO c.h.h.t.HelmChartContainer - [hivemq-test-hivemq-platform] [hivemq-platform-operator] [86add09e] 17:08:02.833 [ReconcilerExecutor-hivemq-controller-113] DEBUG c.h.p.o.HiveMQPlatformReconciler - [helmbrid] Custom Resource Spec (replicas: 1) (extensions: 1)
2025-01-27 17:08:02,912 INFO c.h.h.t.HelmChartContainer - [hivemq-test-hivemq-platform] [hivemq-platform-operator] [86add09e] 17:08:02.909 [ReconcilerExecutor-hivemq-controller-113] DEBUG c.h.p.o.HiveMQPlatformReconciler - [helmbrid] StatefulSet Status (revision: test-hivemq-platform-6db4cf59bd, replicas: 1, available: 0, ready: 0, current: 1, updated: 1)
2025-01-27 17:08:02,913 INFO c.h.h.t.HelmChartContainer - [hivemq-test-hivemq-platform] [hivemq-platform-operator] [86add09e] 17:08:02.909 [ReconcilerExecutor-hivemq-controller-113] DEBUG c.h.p.o.HiveMQPlatformReconciler - [helmbrid] StatefulSet Spec (replicas: 1, init containers: 1, containers: 1, volumes: 4)
2025-01-27 17:08:02,914 INFO c.h.h.t.HelmChartContainer - [hivemq-test-hivemq-platform] [hivemq-platform-operator] [86add09e] 17:08:02.912 [ReconcilerExecutor-hivemq-controller-113] DEBUG c.h.p.o.h.HiveMQPlatformReconcilerErrorHandler - [helmbrid] Pod 'test-hivemq-platform-0' phase Running
2025-01-27 17:08:02,914 INFO c.h.h.t.HelmChartContainer - [hivemq-test-hivemq-platform] [hivemq-platform-operator] [86add09e] 17:08:02.913 [ReconcilerExecutor-hivemq-controller-113] INFO  c.h.p.o.h.HiveMQPlatformReconcilerBaseHandler - [helmbrid] HiveMQ Platform is starting, 0 of 1 replicas are ready
2025-01-27 17:08:03,520 INFO c.h.h.t.HelmChartContainer - [test-hivemq-platform] [hivemq] [80996b20] INFO  - [HiveMQ Platform Operator Init App 1.7.0-SNAPSHOT] Returning Health API response 503 for readiness
2025-01-27 17:08:03,526 INFO c.h.h.t.HelmChartContainer - [EVENT] Warning [Unhealthy] Readiness probe failed: HTTP probe failed with statuscode: 503 [helmbridgeextensionit:test-hivemq-platform-0]
2025-01-27 17:08:03,526 INFO c.h.h.t.HelmChartContainer - Received Unhealthy event for container hivemq in pod test-hivemq-platform-0 [80996b20-45b7-4189-9ff3-b907d081c853]
2025-01-27 17:08:04,701 INFO c.h.h.t.HelmChartContainer - [test-hivemq-platform] [hivemq] [80996b20] INFO  - No license found for enterprise extension with name "HiveMQ Enterprise Bridge Extension". Entering extension trial mode. "HiveMQ Enterprise Bridge Extension" will be disabled in 5 hours.
2025-01-27 17:08:04,998 INFO c.h.h.t.HelmChartContainer - [test-hivemq-platform] [hivemq] [80996b20] INFO  - Starting extension with id "hivemq-dns-cluster-discovery" at /opt/hivemq/extensions/hivemq-dns-cluster-discovery
2025-01-27 17:08:05,423 INFO c.h.h.t.HelmChartContainer - [test-hivemq-platform] [hivemq] [80996b20] INFO  - Using TCP cluster transport on address 10.42.0.8 and port 7000
2025-01-27 17:08:05,499 INFO c.h.h.t.HelmChartContainer - [test-hivemq-platform] [hivemq] [80996b20] INFO  - Using extension cluster discovery
2025-01-27 17:08:05,621 INFO c.h.h.t.HelmChartContainer - [test-hivemq-platform] [hivemq] [80996b20] INFO  - Extension "DNS Cluster Discovery Extension" version 4.3.2 started successfully.
2025-01-27 17:08:05,622 INFO c.h.h.t.HelmChartContainer - [test-hivemq-platform] [hivemq] [80996b20] INFO  - Starting extension with id "hivemq-bridge-extension" at /opt/hivemq/extensions/hivemq-bridge-extension
2025-01-27 17:08:06,522 INFO c.h.h.t.HelmChartContainer - [test-hivemq-platform] [hivemq] [80996b20] INFO  - HiveMQ Enterprise Bridge Extension: Successfully loaded configuration from '/opt/hivemq/extensions/hivemq-bridge-extension/conf/config.xml'.
2025-01-27 17:08:07,199 INFO c.h.h.t.HelmChartContainer - [test-hivemq-platform] [hivemq] [80996b20] INFO  - Bridge Extension: Connecting to remote brokers...
2025-01-27 17:08:07,702 INFO c.h.h.t.HelmChartContainer - [EVENT] Warning [Unhealthy] Readiness probe failed: HTTP probe failed with statuscode: 503 [helmbridgeextensionit:test-hivemq-platform-0]
2025-01-27 17:08:07,702 INFO c.h.h.t.HelmChartContainer - Received Unhealthy event for container hivemq in pod test-hivemq-platform-0 [80996b20-45b7-4189-9ff3-b907d081c853]
2025-01-27 17:08:07,821 INFO c.h.h.t.HelmChartContainer - [test-hivemq-platform] [hivemq] [80996b20] INFO  - Bridge Extension: Connected to bridge 'testbridge', session present 'false'.
2025-01-27 17:08:07,822 INFO c.h.h.t.HelmChartContainer - [test-hivemq-platform] [hivemq] [80996b20] INFO  - Bridge Extension: Connected to bridge 'testbridge', session present 'false'.
2025-01-27 17:08:07,995 INFO c.h.h.t.HelmChartContainer - [test-hivemq-platform] [hivemq] [80996b20] WARN  - Node is waiting for an operational cluster member
2025-01-27 17:08:09,002 INFO c.h.h.t.HelmChartContainer - [test-hivemq-platform] [hivemq] [80996b20] INFO  - T3tiX: no members discovered after 2905 ms: creating cluster as first member
2025-01-27 17:08:09,010 INFO c.h.h.t.HelmChartContainer - [test-hivemq-platform] [hivemq] [80996b20] INFO  - Cluster nodes found by discovery: [T3tiX|0] (1) [T3tiX].
2025-01-27 17:08:09,200 INFO c.h.h.t.HelmChartContainer - [test-hivemq-platform] [hivemq] [80996b20] INFO  - Extension "HiveMQ Enterprise Bridge Extension" version 4.35.0 started successfully.
2025-01-27 17:08:09,200 INFO c.h.h.t.HelmChartContainer - [test-hivemq-platform] [hivemq] [80996b20] INFO  - Starting extension with id "hivemq-prometheus-extension" at /opt/hivemq/extensions/hivemq-prometheus-extension
2025-01-27 17:08:09,801 INFO c.h.h.t.HelmChartContainer - [test-hivemq-platform] [hivemq] [80996b20] INFO  - Started Jetty Server exposing Prometheus Servlet on URI http://0.0.0.0:9399/
2025-01-27 17:08:09,802 INFO c.h.h.t.HelmChartContainer - [test-hivemq-platform] [hivemq] [80996b20] INFO  - Extension "Prometheus Monitoring Extension" version 4.0.12 started successfully.
2025-01-27 17:08:09,802 INFO c.h.h.t.HelmChartContainer - [test-hivemq-platform] [hivemq] [80996b20] INFO  - Starting extension with id "hivemq-allow-all-extension" at /opt/hivemq/extensions/hivemq-allow-all-extension
2025-01-27 17:08:09,802 INFO c.h.h.t.HelmChartContainer - [test-hivemq-platform] [hivemq] [80996b20] WARN  - 
2025-01-27 17:08:09,803 INFO c.h.h.t.HelmChartContainer - [test-hivemq-platform] [hivemq] [80996b20] ################################################################################################################
2025-01-27 17:08:09,803 INFO c.h.h.t.HelmChartContainer - [test-hivemq-platform] [hivemq] [80996b20] # This HiveMQ deployment is not secure! You are lacking Authentication and Authorization.                      #
2025-01-27 17:08:09,803 INFO c.h.h.t.HelmChartContainer - [test-hivemq-platform] [hivemq] [80996b20] # Right now any MQTT client can connect to the broker with a full set of permissions.                          #
2025-01-27 17:08:09,803 INFO c.h.h.t.HelmChartContainer - [test-hivemq-platform] [hivemq] [80996b20] # For production usage, add an appropriate security extension and remove the hivemq-allow-all extension.       #
2025-01-27 17:08:09,803 INFO c.h.h.t.HelmChartContainer - [test-hivemq-platform] [hivemq] [80996b20] # You can download security extensions from the HiveMQ Marketplace (https://www.hivemq.com/extensions/).       #
2025-01-27 17:08:09,803 INFO c.h.h.t.HelmChartContainer - [test-hivemq-platform] [hivemq] [80996b20] ################################################################################################################
2025-01-27 17:08:09,803 INFO c.h.h.t.HelmChartContainer - [test-hivemq-platform] [hivemq] [80996b20] INFO  - Extension "Allow All Extension" version 1.1.0 started successfully.
2025-01-27 17:08:09,803 INFO c.h.h.t.HelmChartContainer - [test-hivemq-platform] [hivemq] [80996b20] INFO  - No user for HiveMQ Control Center configured. Starting with default user
2025-01-27 17:08:09,803 INFO c.h.h.t.HelmChartContainer - [test-hivemq-platform] [hivemq] [80996b20] INFO  - Starting HiveMQ Control Center on address 0.0.0.0 and port 8080
2025-01-27 17:08:09,814 INFO c.h.h.t.HelmChartContainer - [test-hivemq-platform] [hivemq] [80996b20] INFO  - Mounting HiveMQ Control Center V2 Preview
2025-01-27 17:08:10,497 INFO c.h.h.t.HelmChartContainer - [test-hivemq-platform] [hivemq] [80996b20] INFO  - Started HiveMQ Control Center in 694ms
2025-01-27 17:08:10,511 INFO c.h.h.t.HelmChartContainer - [test-hivemq-platform] [hivemq] [80996b20] INFO  - Starting TCP listener on address 0.0.0.0 and port 1883
2025-01-27 17:08:10,524 INFO c.h.h.t.HelmChartContainer - [test-hivemq-platform] [hivemq] [80996b20] INFO  - Started TCP Listener on address 0.0.0.0 and on port 1883.
2025-01-27 17:08:10,524 INFO c.h.h.t.HelmChartContainer - [test-hivemq-platform] [hivemq] [80996b20] INFO  - Started HiveMQ in 36898ms
2025-01-27 17:08:12,611 INFO c.h.h.t.HelmChartContainer - [test-hivemq-platform] [hivemq] [80996b20] INFO  - [HiveMQ Platform Operator Init App 1.7.0-SNAPSHOT] Returning Health API response 200 for readiness
2025-01-27 17:08:12,627 INFO c.h.h.t.HelmChartContainer - [POD] test-hivemq-platform-0 [80996b20-45b7-4189-9ff3-b907d081c853] in helmbridgeextensionit was MODIFIED
2025-01-27 17:08:12,642 INFO c.h.h.t.HelmChartContainer - [hivemq-test-hivemq-platform] [hivemq-platform-operator] [86add09e] 17:08:12.635 [pool-6-thread-7] DEBUG c.h.p.o.d.PodServiceAccountResource - [helmbrid] Desired PodServiceAccountResource (serviceAccountName: hivemq-platform-pod-test-hivemq-platform)
2025-01-27 17:08:12,642 INFO c.h.h.t.HelmChartContainer - [hivemq-test-hivemq-platform] [hivemq-platform-operator] [86add09e] 17:08:12.635 [pool-6-thread-8] DEBUG c.h.p.o.d.PlatformServiceResource - [helmbrid] Desired Platform services (3 services)
2025-01-27 17:08:12,642 INFO c.h.h.t.HelmChartContainer - [hivemq-test-hivemq-platform] [hivemq-platform-operator] [86add09e] 17:08:12.637 [pool-6-thread-3] DEBUG c.h.p.o.dependants.PodInfoConfigMap - [helmbrid] Desired PodInfo ConfigMap (1 extensions) (1 enabled)
2025-01-27 17:08:12,642 INFO c.h.h.t.HelmChartContainer - [hivemq-test-hivemq-platform] [hivemq-platform-operator] [86add09e] 17:08:12.637 [pool-6-thread-3] DEBUG c.h.p.o.dependants.PodInfoConfigMap - [helmbrid] Desired PodInfo ConfigMap (metrics port: 9399) (metrics path: /)
2025-01-27 17:08:12,642 INFO c.h.h.t.HelmChartContainer - [hivemq-test-hivemq-platform] [hivemq-platform-operator] [86add09e] 17:08:12.637 [pool-6-thread-3] DEBUG c.h.p.o.dependants.PodInfoConfigMap - [helmbrid] Desired PodInfo ConfigMap (extension state hash: 1879405489)
2025-01-27 17:08:12,644 INFO c.h.h.t.HelmChartContainer - [hivemq-test-hivemq-platform] [hivemq-platform-operator] [86add09e] 17:08:12.643 [pool-6-thread-8] DEBUG c.h.p.o.d.StatefulSetResource - [helmbrid] Desired StatefulSet (1 replicas) for status STARTING (READY)
2025-01-27 17:08:12,711 INFO c.h.h.t.HelmChartContainer - [hivemq-test-hivemq-platform] [hivemq-platform-operator] [86add09e] 17:08:12.709 [ReconcilerExecutor-hivemq-controller-114] INFO  c.h.p.o.HiveMQPlatformReconciler - [helmbrid] Reconciling HiveMQ Platform 'test-hivemq-platform' in namespace 'helmbridgeextensionit'
2025-01-27 17:08:12,712 INFO c.h.h.t.HelmChartContainer - [hivemq-test-hivemq-platform] [hivemq-platform-operator] [86add09e] 17:08:12.710 [ReconcilerExecutor-hivemq-controller-114] DEBUG c.h.p.o.HiveMQPlatformReconciler - [helmbrid] Custom Resource Status STARTING - HiveMQ Platform is starting (READY)
2025-01-27 17:08:12,712 INFO c.h.h.t.HelmChartContainer - [hivemq-test-hivemq-platform] [hivemq-platform-operator] [86add09e] 17:08:12.710 [ReconcilerExecutor-hivemq-controller-114] DEBUG c.h.p.o.HiveMQPlatformReconciler - [helmbrid] Custom Resource Spec (replicas: 1) (extensions: 1)
2025-01-27 17:08:12,713 INFO c.h.h.t.HelmChartContainer - [hivemq-test-hivemq-platform] [hivemq-platform-operator] [86add09e] 17:08:12.712 [ReconcilerExecutor-hivemq-controller-114] DEBUG c.h.p.o.HiveMQPlatformReconciler - [helmbrid] StatefulSet Status (revision: test-hivemq-platform-6db4cf59bd, replicas: 1, available: 1, ready: 1, current: 1, updated: 1)
2025-01-27 17:08:12,715 INFO c.h.h.t.HelmChartContainer - [hivemq-test-hivemq-platform] [hivemq-platform-operator] [86add09e] 17:08:12.712 [ReconcilerExecutor-hivemq-controller-114] DEBUG c.h.p.o.HiveMQPlatformReconciler - [helmbrid] StatefulSet Spec (replicas: 1, init containers: 1, containers: 1, volumes: 4)
2025-01-27 17:08:12,718 INFO c.h.h.t.HelmChartContainer - [hivemq-test-hivemq-platform] [hivemq-platform-operator] [86add09e] 17:08:12.714 [ReconcilerExecutor-hivemq-controller-114] DEBUG c.h.p.o.h.HiveMQPlatformReconcilerErrorHandler - [helmbrid] Pod 'test-hivemq-platform-0' phase Running
2025-01-27 17:08:12,718 INFO c.h.h.t.HelmChartContainer - [hivemq-test-hivemq-platform] [hivemq-platform-operator] [86add09e] 17:08:12.715 [ReconcilerExecutor-hivemq-controller-114] INFO  c.h.p.o.h.HiveMQPlatformReconcilerBaseHandler - [helmbrid] HiveMQ Platform started successfully
2025-01-27 17:08:12,818 INFO c.h.h.t.HelmChartContainer - [hivemq-test-hivemq-platform] [hivemq-platform-operator] [86add09e] 17:08:12.817 [ReconcilerExecutor-hivemq-controller-114] DEBUG c.h.p.operator.event.EventSender - [helmbrid] Creating K8s event hivemq-platform-ready: [Ready] HiveMQ Platform is ready
2025-01-27 17:08:12,821 INFO c.h.h.t.HelmChartContainer - [EVENT] Normal [Ready] HiveMQ Platform is ready [helmbridgeextensionit:test-hivemq-platform]
2025-01-27 17:08:12,822 INFO c.h.h.t.HelmChartContainer - [hivemq-test-hivemq-platform] [hivemq-platform-operator] [86add09e] 17:08:12.822 [ReconcilerExecutor-hivemq-controller-114] INFO  c.h.p.o.h.AbstractHiveMQReconcilerStateHandler - [helmbrid] Update HiveMQ Platform Status (STARTING [READY] -> RUNNING [READY]): HiveMQ Platform is ready
2025-01-27 17:08:12,831 DEBUG com.hivemq.helmcharts.util.K8sUtil - Comparing actual state 'RUNNING' and waiting for 'RUNNING'
2025-01-27 17:08:12,836 INFO c.h.h.t.HelmChartContainer - [hivemq-test-hivemq-platform] [hivemq-platform-operator] [86add09e] 17:08:12.835 [pool-6-thread-17] DEBUG c.h.p.o.d.PlatformServiceResource - [helmbrid] Desired Platform services (3 services)
2025-01-27 17:08:12,838 INFO c.h.h.t.HelmChartContainer - [hivemq-test-hivemq-platform] [hivemq-platform-operator] [86add09e] 17:08:12.837 [pool-6-thread-11] DEBUG c.h.p.o.dependants.PodInfoConfigMap - [helmbrid] Desired PodInfo ConfigMap (1 extensions) (1 enabled)
2025-01-27 17:08:12,840 INFO c.h.h.t.HelmChartContainer - [hivemq-test-hivemq-platform] [hivemq-platform-operator] [86add09e] 17:08:12.839 [pool-6-thread-18] DEBUG c.h.p.o.d.PodServiceAccountResource - [helmbrid] Desired PodServiceAccountResource (serviceAccountName: hivemq-platform-pod-test-hivemq-platform)
2025-01-27 17:08:12,912 INFO c.h.h.t.HelmChartContainer - [hivemq-test-hivemq-platform] [hivemq-platform-operator] [86add09e] 17:08:12.838 [pool-6-thread-11] DEBUG c.h.p.o.dependants.PodInfoConfigMap - [helmbrid] Desired PodInfo ConfigMap (metrics port: 9399) (metrics path: /)
2025-01-27 17:08:12,912 INFO c.h.h.t.HelmChartContainer - [hivemq-test-hivemq-platform] [hivemq-platform-operator] [86add09e] 17:08:12.909 [pool-6-thread-11] DEBUG c.h.p.o.dependants.PodInfoConfigMap - [helmbrid] Desired PodInfo ConfigMap (extension state hash: 1879405489)
2025-01-27 17:08:12,912 INFO c.h.h.t.HelmChartContainer - [hivemq-test-hivemq-platform] [hivemq-platform-operator] [86add09e] 17:08:12.910 [pool-6-thread-11] DEBUG c.h.p.o.dependants.PodInfoConfigMap - [helmbrid] Update PodInfo ConfigMap
2025-01-27 17:08:12,927 INFO c.h.h.t.HelmChartContainer - [hivemq-test-hivemq-platform] [hivemq-platform-operator] [86add09e] 17:08:12.925 [pool-6-thread-14] DEBUG c.h.p.o.d.StatefulSetResource - [helmbrid] Desired StatefulSet (1 replicas) for status RUNNING (READY)
2025-01-27 17:08:12,932 INFO c.h.h.t.HelmChartContainer - [hivemq-test-hivemq-platform] [hivemq-platform-operator] [86add09e] 17:08:12.931 [ReconcilerExecutor-hivemq-controller-115] INFO  c.h.p.o.HiveMQPlatformReconciler - [helmbrid] Reconciling HiveMQ Platform 'test-hivemq-platform' in namespace 'helmbridgeextensionit'
2025-01-27 17:08:12,933 INFO c.h.h.t.HelmChartContainer - [hivemq-test-hivemq-platform] [hivemq-platform-operator] [86add09e] 17:08:12.931 [ReconcilerExecutor-hivemq-controller-115] DEBUG c.h.p.o.HiveMQPlatformReconciler - [helmbrid] Custom Resource Status RUNNING - HiveMQ Platform is ready (READY)
2025-01-27 17:08:12,933 INFO c.h.h.t.HelmChartContainer - [hivemq-test-hivemq-platform] [hivemq-platform-operator] [86add09e] 17:08:12.931 [ReconcilerExecutor-hivemq-controller-115] DEBUG c.h.p.o.HiveMQPlatformReconciler - [helmbrid] Custom Resource Spec (replicas: 1) (extensions: 1)
2025-01-27 17:08:13,011 INFO c.h.h.t.HelmChartContainer - [hivemq-test-hivemq-platform] [hivemq-platform-operator] [86add09e] 17:08:13.009 [ReconcilerExecutor-hivemq-controller-115] DEBUG c.h.p.o.HiveMQPlatformReconciler - [helmbrid] StatefulSet Status (revision: test-hivemq-platform-6db4cf59bd, replicas: 1, available: 1, ready: 1, current: 1, updated: 1)
2025-01-27 17:08:13,011 INFO c.h.h.t.HelmChartContainer - [hivemq-test-hivemq-platform] [hivemq-platform-operator] [86add09e] 17:08:13.009 [ReconcilerExecutor-hivemq-controller-115] DEBUG c.h.p.o.HiveMQPlatformReconciler - [helmbrid] StatefulSet Spec (replicas: 1, init containers: 1, containers: 1, volumes: 4)
2025-01-27 17:08:13,012 INFO c.h.h.t.HelmChartContainer - [hivemq-test-hivemq-platform] [hivemq-platform-operator] [86add09e] 17:08:13.011 [ReconcilerExecutor-hivemq-controller-115] DEBUG c.h.p.o.h.HiveMQPlatformReconcilerErrorHandler - [helmbrid] Pod 'test-hivemq-platform-0' phase Running
2025-01-27 17:08:13,116 INFO c.h.h.e.HelmBridgeExtensionIT - remote client subscribed
2025-01-27 17:08:13,119 INFO c.h.h.e.HelmBridgeExtensionIT - local client has published
2025-01-27 17:08:14,395 INFO c.h.h.t.HelmChartContainer - Uninstalling release 'test-hivemq-platform' in namespace 'helmbridgeextensionit'...
2025-01-27 17:08:14,395 DEBUG c.h.h.t.HelmChartContainer - Executing helm command: /bin/helm --kubeconfig /etc/rancher/k3s/k3s.yaml uninstall test-hivemq-platform  --wait --timeout 5m0s --cascade foreground --namespace helmbridgeextensionit
2025-01-27 17:08:14,613 INFO c.h.h.t.HelmChartContainer - [hivemq-test-hivemq-platform] [hivemq-platform-operator] [86add09e] 17:08:14.601 [pool-6-thread-21] DEBUG c.h.p.o.d.PlatformServiceResource - [helmbrid] Desired Platform services (3 services)
2025-01-27 17:08:14,614 INFO c.h.h.t.HelmChartContainer - [hivemq-test-hivemq-platform] [hivemq-platform-operator] [86add09e] 17:08:14.607 [pool-6-thread-25] DEBUG c.h.p.o.dependants.PodInfoConfigMap - [helmbrid] Desired PodInfo ConfigMap (1 extensions) (1 enabled)
2025-01-27 17:08:14,614 INFO c.h.h.t.HelmChartContainer - [hivemq-test-hivemq-platform] [hivemq-platform-operator] [86add09e] 17:08:14.607 [pool-6-thread-25] DEBUG c.h.p.o.dependants.PodInfoConfigMap - [helmbrid] Desired PodInfo ConfigMap (metrics port: 9399) (metrics path: /)
2025-01-27 17:08:14,614 INFO c.h.h.t.HelmChartContainer - [hivemq-test-hivemq-platform] [hivemq-platform-operator] [86add09e] 17:08:14.607 [pool-6-thread-25] DEBUG c.h.p.o.dependants.PodInfoConfigMap - [helmbrid] Desired PodInfo ConfigMap (extension state hash: 1879405489)
2025-01-27 17:08:14,621 INFO c.h.h.t.HelmChartContainer - [hivemq-test-hivemq-platform] [hivemq-platform-operator] [86add09e] 17:08:14.612 [pool-6-thread-25] DEBUG c.h.p.o.d.PodServiceAccountResource - [helmbrid] Desired PodServiceAccountResource (serviceAccountName: hivemq-platform-pod-test-hivemq-platform)
2025-01-27 17:08:14,626 INFO c.h.h.t.HelmChartContainer - [hivemq-test-hivemq-platform] [hivemq-platform-operator] [86add09e] 17:08:14.620 [pool-6-thread-24] DEBUG c.h.p.o.d.StatefulSetResource - [helmbrid] Desired StatefulSet (1 replicas) for status RUNNING (READY)
2025-01-27 17:08:14,675 INFO c.h.h.t.HelmChartContainer - [hivemq-test-hivemq-platform] [hivemq-platform-operator] [86add09e] 17:08:14.672 [ReconcilerExecutor-hivemq-controller-116] INFO  c.h.p.o.HiveMQPlatformReconciler - [helmbrid] Reconciling HiveMQ Platform 'test-hivemq-platform' in namespace 'helmbridgeextensionit'
2025-01-27 17:08:14,675 INFO c.h.h.t.HelmChartContainer - [hivemq-test-hivemq-platform] [hivemq-platform-operator] [86add09e] 17:08:14.673 [ReconcilerExecutor-hivemq-controller-116] DEBUG c.h.p.o.HiveMQPlatformReconciler - [helmbrid] Custom Resource Status RUNNING - HiveMQ Platform is ready (READY)
2025-01-27 17:08:14,675 INFO c.h.h.t.HelmChartContainer - [hivemq-test-hivemq-platform] [hivemq-platform-operator] [86add09e] 17:08:14.674 [ReconcilerExecutor-hivemq-controller-116] DEBUG c.h.p.o.HiveMQPlatformReconciler - [helmbrid] Custom Resource Spec (replicas: 1) (extensions: 1)
2025-01-27 17:08:14,675 INFO c.h.h.t.HelmChartContainer - [hivemq-test-hivemq-platform] [hivemq-platform-operator] [86add09e] 17:08:14.674 [ReconcilerExecutor-hivemq-controller-116] WARN  c.h.p.o.h.HiveMQPlatformReconcilerErrorHandler - [helmbrid] Could not find ConfigMap 'hivemq-configuration-test-hivemq-platform' for HiveMQ Platform configuration
2025-01-27 17:08:14,814 INFO c.h.h.t.HelmChartContainer - [hivemq-test-hivemq-platform] [hivemq-platform-operator] [86add09e] 17:08:14.813 [ReconcilerExecutor-hivemq-controller-116] DEBUG c.h.p.operator.event.EventSender - [helmbrid] Creating K8s event hivemq-platform-invalid-configuration: [Start] Could not find ConfigMap 'hivemq-configuration-test-hivemq-platform' for HiveMQ Platform configuration
2025-01-27 17:08:14,870 INFO c.h.h.t.HelmChartContainer - [EVENT] Warning [Start] Could not find ConfigMap 'hivemq-configuration-test-hivemq-platform' for HiveMQ Platform configuration [helmbridgeextensionit:test-hivemq-platform]
2025-01-27 17:08:14,872 INFO c.h.h.t.HelmChartContainer - [hivemq-test-hivemq-platform] [hivemq-platform-operator] [86add09e] 17:08:14.871 [ReconcilerExecutor-hivemq-controller-116] INFO  c.h.p.o.h.AbstractHiveMQReconcilerStateHandler - [helmbrid] Update HiveMQ Platform Status (RUNNING [READY] -> ERROR [INVALID_CONFIG_MAP]): Could not find ConfigMap 'hivemq-configuration-test-hivemq-platform' for HiveMQ Platform configuration
2025-01-27 17:08:14,883 INFO c.h.h.t.HelmChartContainer - [hivemq-test-hivemq-platform] [hivemq-platform-operator] [86add09e] 17:08:14.879 [ReconcilerExecutor-hivemq-controller-116] ERROR i.j.o.p.event.EventProcessor - Error during event processing ExecutionScope{ resource id: ResourceID{name='test-hivemq-platform', namespace='helmbridgeextensionit'}, version: 877}
2025-01-27 17:08:14,883 INFO c.h.h.t.HelmChartContainer - [hivemq-test-hivemq-platform] [hivemq-platform-operator] [86add09e] io.fabric8.kubernetes.client.KubernetesClientException: Failure executing: PUT at: https://10.43.0.1:443/apis/hivemq.com/v1/namespaces/helmbridgeextensionit/hivemq-platforms/test-hivemq-platform/status. Message: Operation cannot be fulfilled on hivemq-platforms.hivemq.com "test-hivemq-platform": the object has been modified; please apply your changes to the latest version and try again. Received status: Status(apiVersion=v1, code=409, details=StatusDetails(causes=[], group=hivemq.com, kind=hivemq-platforms, name=test-hivemq-platform, retryAfterSeconds=null, uid=null, additionalProperties={}), kind=Status, message=Operation cannot be fulfilled on hivemq-platforms.hivemq.com "test-hivemq-platform": the object has been modified; please apply your changes to the latest version and try again, metadata=ListMeta(_continue=null, remainingItemCount=null, resourceVersion=null, selfLink=null, additionalProperties={}), reason=Conflict, status=Failure, additionalProperties={}).
2025-01-27 17:08:14,883 INFO c.h.h.t.HelmChartContainer - [hivemq-test-hivemq-platform] [hivemq-platform-operator] [86add09e] 	at io.fabric8.kubernetes.client.KubernetesClientException.copyAsCause(KubernetesClientException.java:238)
2025-01-27 17:08:14,883 INFO c.h.h.t.HelmChartContainer - [hivemq-test-hivemq-platform] [hivemq-platform-operator] [86add09e] 	at io.fabric8.kubernetes.client.dsl.internal.OperationSupport.waitForResult(OperationSupport.java:507)
2025-01-27 17:08:14,883 INFO c.h.h.t.HelmChartContainer - [hivemq-test-hivemq-platform] [hivemq-platform-operator] [86add09e] 	at io.fabric8.kubernetes.client.dsl.internal.OperationSupport.handleResponse(OperationSupport.java:524)
2025-01-27 17:08:14,883 INFO c.h.h.t.HelmChartContainer - [hivemq-test-hivemq-platform] [hivemq-platform-operator] [86add09e] 	at io.fabric8.kubernetes.client.dsl.internal.OperationSupport.handleUpdate(OperationSupport.java:358)
2025-01-27 17:08:14,883 INFO c.h.h.t.HelmChartContainer - [hivemq-test-hivemq-platform] [hivemq-platform-operator] [86add09e] 	at io.fabric8.kubernetes.client.dsl.internal.BaseOperation.handleUpdate(BaseOperation.java:759)
2025-01-27 17:08:14,883 INFO c.h.h.t.HelmChartContainer - [hivemq-test-hivemq-platform] [hivemq-platform-operator] [86add09e] 	at io.fabric8.kubernetes.client.dsl.internal.HasMetadataOperation.update(HasMetadataOperation.java:138)
2025-01-27 17:08:14,883 INFO c.h.h.t.HelmChartContainer - [hivemq-test-hivemq-platform] [hivemq-platform-operator] [86add09e] 	at io.fabric8.kubernetes.client.dsl.internal.HasMetadataOperation.update(HasMetadataOperation.java:121)
2025-01-27 17:08:14,883 INFO c.h.h.t.HelmChartContainer - [hivemq-test-hivemq-platform] [hivemq-platform-operator] [86add09e] 	at io.fabric8.kubernetes.client.dsl.internal.HasMetadataOperation.updateStatus(HasMetadataOperation.java:126)
2025-01-27 17:08:14,883 INFO c.h.h.t.HelmChartContainer - [hivemq-test-hivemq-platform] [hivemq-platform-operator] [86add09e] 	at io.fabric8.kubernetes.client.dsl.internal.HasMetadataOperation.updateStatus(HasMetadataOperation.java:44)
2025-01-27 17:08:14,884 INFO c.h.h.t.HelmChartContainer - [hivemq-test-hivemq-platform] [hivemq-platform-operator] [86add09e] 	at io.javaoperatorsdk.operator.processing.event.ReconciliationDispatcher$CustomResourceFacade.updateStatus(ReconciliationDispatcher.java:408)
2025-01-27 17:08:14,884 INFO c.h.h.t.HelmChartContainer - [hivemq-test-hivemq-platform] [hivemq-platform-operator] [86add09e] 	at io.javaoperatorsdk.operator.processing.event.ReconciliationDispatcher.updateStatusGenerationAware(ReconciliationDispatcher.java:228)
2025-01-27 17:08:14,884 INFO c.h.h.t.HelmChartContainer - [hivemq-test-hivemq-platform] [hivemq-platform-operator] [86add09e] 	at io.javaoperatorsdk.operator.processing.event.ReconciliationDispatcher.reconcileExecution(ReconciliationDispatcher.java:150)
2025-01-27 17:08:14,885 INFO c.h.h.t.HelmChartContainer - [hivemq-test-hivemq-platform] [hivemq-platform-operator] [86add09e] 	at io.javaoperatorsdk.operator.processing.event.ReconciliationDispatcher.handleReconcile(ReconciliationDispatcher.java:117)
2025-01-27 17:08:14,885 INFO c.h.h.t.HelmChartContainer - [hivemq-test-hivemq-platform] [hivemq-platform-operator] [86add09e] 	at io.javaoperatorsdk.operator.processing.event.ReconciliationDispatcher.handleDispatch(ReconciliationDispatcher.java:91)
2025-01-27 17:08:14,885 INFO c.h.h.t.HelmChartContainer - [hivemq-test-hivemq-platform] [hivemq-platform-operator] [86add09e] 	at io.javaoperatorsdk.operator.processing.event.ReconciliationDispatcher.handleExecution(ReconciliationDispatcher.java:64)
2025-01-27 17:08:14,885 INFO c.h.h.t.HelmChartContainer - [hivemq-test-hivemq-platform] [hivemq-platform-operator] [86add09e] 	at io.javaoperatorsdk.operator.processing.event.EventProcessor$ReconcilerExecutor.run(EventProcessor.java:452)
2025-01-27 17:08:14,885 INFO c.h.h.t.HelmChartContainer - [hivemq-test-hivemq-platform] [hivemq-platform-operator] [86add09e] 	at java.base/java.util.concurrent.ThreadPoolExecutor.runWorker(Unknown Source)
2025-01-27 17:08:14,885 INFO c.h.h.t.HelmChartContainer - [hivemq-test-hivemq-platform] [hivemq-platform-operator] [86add09e] 	at java.base/java.util.concurrent.ThreadPoolExecutor$Worker.run(Unknown Source)
2025-01-27 17:08:14,885 INFO c.h.h.t.HelmChartContainer - [hivemq-test-hivemq-platform] [hivemq-platform-operator] [86add09e] 	at java.base/java.lang.Thread.run(Unknown Source)
2025-01-27 17:08:14,885 INFO c.h.h.t.HelmChartContainer - [hivemq-test-hivemq-platform] [hivemq-platform-operator] [86add09e] Caused by: io.fabric8.kubernetes.client.KubernetesClientException: Failure executing: PUT at: https://10.43.0.1:443/apis/hivemq.com/v1/namespaces/helmbridgeextensionit/hivemq-platforms/test-hivemq-platform/status. Message: Operation cannot be fulfilled on hivemq-platforms.hivemq.com "test-hivemq-platform": the object has been modified; please apply your changes to the latest version and try again. Received status: Status(apiVersion=v1, code=409, details=StatusDetails(causes=[], group=hivemq.com, kind=hivemq-platforms, name=test-hivemq-platform, retryAfterSeconds=null, uid=null, additionalProperties={}), kind=Status, message=Operation cannot be fulfilled on hivemq-platforms.hivemq.com "test-hivemq-platform": the object has been modified; please apply your changes to the latest version and try again, metadata=ListMeta(_continue=null, remainingItemCount=null, resourceVersion=null, selfLink=null, additionalProperties={}), reason=Conflict, status=Failure, additionalProperties={}).
2025-01-27 17:08:14,885 INFO c.h.h.t.HelmChartContainer - [hivemq-test-hivemq-platform] [hivemq-platform-operator] [86add09e] 	at io.fabric8.kubernetes.client.dsl.internal.OperationSupport.requestFailure(OperationSupport.java:660)
2025-01-27 17:08:14,885 INFO c.h.h.t.HelmChartContainer - [hivemq-test-hivemq-platform] [hivemq-platform-operator] [86add09e] 	at io.fabric8.kubernetes.client.dsl.internal.OperationSupport.requestFailure(OperationSupport.java:640)
2025-01-27 17:08:14,885 INFO c.h.h.t.HelmChartContainer - [hivemq-test-hivemq-platform] [hivemq-platform-operator] [86add09e] 	at io.fabric8.kubernetes.client.dsl.internal.OperationSupport.assertResponseCode(OperationSupport.java:589)
2025-01-27 17:08:14,885 INFO c.h.h.t.HelmChartContainer - [hivemq-test-hivemq-platform] [hivemq-platform-operator] [86add09e] 	at io.fabric8.kubernetes.client.dsl.internal.OperationSupport.lambda$handleResponse$0(OperationSupport.java:549)
2025-01-27 17:08:14,885 INFO c.h.h.t.HelmChartContainer - [hivemq-test-hivemq-platform] [hivemq-platform-operator] [86add09e] 	at java.base/java.util.concurrent.CompletableFuture$UniApply.tryFire(Unknown Source)
2025-01-27 17:08:14,885 INFO c.h.h.t.HelmChartContainer - [hivemq-test-hivemq-platform] [hivemq-platform-operator] [86add09e] 	at java.base/java.util.concurrent.CompletableFuture.postComplete(Unknown Source)
2025-01-27 17:08:14,885 INFO c.h.h.t.HelmChartContainer - [hivemq-test-hivemq-platform] [hivemq-platform-operator] [86add09e] 	at java.base/java.util.concurrent.CompletableFuture.complete(Unknown Source)
2025-01-27 17:08:14,885 INFO c.h.h.t.HelmChartContainer - [hivemq-test-hivemq-platform] [hivemq-platform-operator] [86add09e] 	at io.fabric8.kubernetes.client.http.StandardHttpClient.lambda$completeOrCancel$10(StandardHttpClient.java:141)
2025-01-27 17:08:14,885 INFO c.h.h.t.HelmChartContainer - [hivemq-test-hivemq-platform] [hivemq-platform-operator] [86add09e] 	at java.base/java.util.concurrent.CompletableFuture.uniWhenComplete(Unknown Source)
2025-01-27 17:08:14,886 INFO c.h.h.t.HelmChartContainer - [hivemq-test-hivemq-platform] [hivemq-platform-operator] [86add09e] 	at java.base/java.util.concurrent.CompletableFuture$UniWhenComplete.tryFire(Unknown Source)
2025-01-27 17:08:14,886 INFO c.h.h.t.HelmChartContainer - [hivemq-test-hivemq-platform] [hivemq-platform-operator] [86add09e] 	at java.base/java.util.concurrent.CompletableFuture.postComplete(Unknown Source)
2025-01-27 17:08:14,886 INFO c.h.h.t.HelmChartContainer - [hivemq-test-hivemq-platform] [hivemq-platform-operator] [86add09e] 	at java.base/java.util.concurrent.CompletableFuture.complete(Unknown Source)
2025-01-27 17:08:14,886 INFO c.h.h.t.HelmChartContainer - [hivemq-test-hivemq-platform] [hivemq-platform-operator] [86add09e] 	at io.fabric8.kubernetes.client.http.ByteArrayBodyHandler.onBodyDone(ByteArrayBodyHandler.java:51)
2025-01-27 17:08:14,886 INFO c.h.h.t.HelmChartContainer - [hivemq-test-hivemq-platform] [hivemq-platform-operator] [86add09e] 	at java.base/java.util.concurrent.CompletableFuture.uniWhenComplete(Unknown Source)
2025-01-27 17:08:14,886 INFO c.h.h.t.HelmChartContainer - [hivemq-test-hivemq-platform] [hivemq-platform-operator] [86add09e] 	at java.base/java.util.concurrent.CompletableFuture$UniWhenComplete.tryFire(Unknown Source)
2025-01-27 17:08:14,886 INFO c.h.h.t.HelmChartContainer - [hivemq-test-hivemq-platform] [hivemq-platform-operator] [86add09e] 	at java.base/java.util.concurrent.CompletableFuture.postComplete(Unknown Source)
2025-01-27 17:08:14,886 INFO c.h.h.t.HelmChartContainer - [hivemq-test-hivemq-platform] [hivemq-platform-operator] [86add09e] 	at java.base/java.util.concurrent.CompletableFuture.complete(Unknown Source)
2025-01-27 17:08:14,886 INFO c.h.h.t.HelmChartContainer - [hivemq-test-hivemq-platform] [hivemq-platform-operator] [86add09e] 	at io.fabric8.kubernetes.client.vertx.VertxHttpRequest.lambda$null$1(VertxHttpRequest.java:121)
2025-01-27 17:08:14,886 INFO c.h.h.t.HelmChartContainer - [hivemq-test-hivemq-platform] [hivemq-platform-operator] [86add09e] 	at io.vertx.core.impl.ContextInternal.dispatch(ContextInternal.java:279)
2025-01-27 17:08:14,886 INFO c.h.h.t.HelmChartContainer - [hivemq-test-hivemq-platform] [hivemq-platform-operator] [86add09e] 	at io.vertx.core.impl.ContextInternal.dispatch(ContextInternal.java:261)
2025-01-27 17:08:14,886 INFO c.h.h.t.HelmChartContainer - [hivemq-test-hivemq-platform] [hivemq-platform-operator] [86add09e] 	at io.vertx.core.http.impl.HttpEventHandler.handleEnd(HttpEventHandler.java:76)
2025-01-27 17:08:14,886 INFO c.h.h.t.HelmChartContainer - [hivemq-test-hivemq-platform] [hivemq-platform-operator] [86add09e] 	at io.vertx.core.http.impl.HttpClientResponseImpl.handleEnd(HttpClientResponseImpl.java:250)
2025-01-27 17:08:14,886 INFO c.h.h.t.HelmChartContainer - [hivemq-test-hivemq-platform] [hivemq-platform-operator] [86add09e] 	at io.vertx.core.http.impl.Http1xClientConnection$StreamImpl.lambda$new$0(Http1xClientConnection.java:421)
2025-01-27 17:08:14,886 INFO c.h.h.t.HelmChartContainer - [hivemq-test-hivemq-platform] [hivemq-platform-operator] [86add09e] 	at io.vertx.core.streams.impl.InboundBuffer.handleEvent(InboundBuffer.java:279)
2025-01-27 17:08:14,886 INFO c.h.h.t.HelmChartContainer - [hivemq-test-hivemq-platform] [hivemq-platform-operator] [86add09e] 	at io.vertx.core.streams.impl.InboundBuffer.write(InboundBuffer.java:157)
2025-01-27 17:08:14,886 INFO c.h.h.t.HelmChartContainer - [hivemq-test-hivemq-platform] [hivemq-platform-operator] [86add09e] 	at io.vertx.core.http.impl.Http1xClientConnection$StreamImpl.handleEnd(Http1xClientConnection.java:709)
2025-01-27 17:08:14,886 INFO c.h.h.t.HelmChartContainer - [hivemq-test-hivemq-platform] [hivemq-platform-operator] [86add09e] 	at io.vertx.core.impl.ContextImpl.lambda$execute$4(ContextImpl.java:315)
2025-01-27 17:08:14,886 INFO c.h.h.t.HelmChartContainer - [hivemq-test-hivemq-platform] [hivemq-platform-operator] [86add09e] 	at io.netty.util.concurrent.AbstractEventExecutor.runTask(AbstractEventExecutor.java:173)
2025-01-27 17:08:14,886 INFO c.h.h.t.HelmChartContainer - [hivemq-test-hivemq-platform] [hivemq-platform-operator] [86add09e] 	at io.netty.util.concurrent.AbstractEventExecutor.safeExecute(AbstractEventExecutor.java:166)
2025-01-27 17:08:14,886 INFO c.h.h.t.HelmChartContainer - [hivemq-test-hivemq-platform] [hivemq-platform-operator] [86add09e] 	at io.netty.util.concurrent.SingleThreadEventExecutor.runAllTasks(SingleThreadEventExecutor.java:472)
2025-01-27 17:08:14,886 INFO c.h.h.t.HelmChartContainer - [hivemq-test-hivemq-platform] [hivemq-platform-operator] [86add09e] 	at io.netty.channel.nio.NioEventLoop.run(NioEventLoop.java:569)
2025-01-27 17:08:14,886 INFO c.h.h.t.HelmChartContainer - [hivemq-test-hivemq-platform] [hivemq-platform-operator] [86add09e] 	at io.netty.util.concurrent.SingleThreadEventExecutor$4.run(SingleThreadEventExecutor.java:997)
2025-01-27 17:08:14,886 INFO c.h.h.t.HelmChartContainer - [hivemq-test-hivemq-platform] [hivemq-platform-operator] [86add09e] 	at io.netty.util.internal.ThreadExecutorMap$2.run(ThreadExecutorMap.java:74)
2025-01-27 17:08:14,887 INFO c.h.h.t.HelmChartContainer - [hivemq-test-hivemq-platform] [hivemq-platform-operator] [86add09e] 	at io.netty.util.concurrent.FastThreadLocalRunnable.run(FastThreadLocalRunnable.java:30)
2025-01-27 17:08:14,887 INFO c.h.h.t.HelmChartContainer - [hivemq-test-hivemq-platform] [hivemq-platform-operator] [86add09e] 	... 1 common frames omitted
2025-01-27 17:08:14,888 INFO c.h.h.t.HelmChartContainer - [hivemq-test-hivemq-platform] [hivemq-platform-operator] [86add09e] 17:08:14.886 [ReconcilerExecutor-hivemq-controller-123] INFO  c.h.p.o.HiveMQPlatformReconciler - [helmbrid] Cleanup test-hivemq-platform - helmbridgeextensionit HiveMQ Platform is shut down
2025-01-27 17:08:15,453 INFO c.h.h.t.HelmChartContainer - [POD] test-hivemq-platform-0 [80996b20-45b7-4189-9ff3-b907d081c853] in helmbridgeextensionit was MODIFIED
2025-01-27 17:08:15,465 INFO c.h.h.t.HelmChartContainer - [EVENT] Normal [Killing] Stopping container hivemq [helmbridgeextensionit:test-hivemq-platform-0]
2025-01-27 17:08:15,465 INFO c.h.h.t.HelmChartContainer - Received Killing event for container hivemq in pod test-hivemq-platform-0 [80996b20-45b7-4189-9ff3-b907d081c853]
2025-01-27 17:08:15,465 INFO c.h.h.t.HelmChartContainer - Container [test-hivemq-platform-0] [hivemq] [80996b20-45b7-4189-9ff3-b907d081c853] was terminated
2025-01-27 17:08:15,465 INFO c.h.h.t.HelmChartContainer - Stopped log watcher for hivemq in pod test-hivemq-platform-0 [80996b20-45b7-4189-9ff3-b907d081c853]
2025-01-27 17:08:15,467 INFO c.h.h.t.HelmChartContainer - [test-hivemq-platform] [hivemq] [80996b20] INFO  - [HiveMQ Platform Operator Init App 1.7.0-SNAPSHOT] Shutting down
2025-01-27 17:08:15,467 INFO c.h.h.t.HelmChartContainer - [test-hivemq-platform] [hivemq] [80996b20] INFO  - [HiveMQ Platform Operator Init App 1.7.0-SNAPSHOT] Stopping the HiveMQ Platform
2025-01-27 17:08:15,536 INFO c.h.h.t.HelmChartContainer - [test-hivemq-platform] [hivemq] [80996b20] INFO  - Shutting down HiveMQ. Please wait, this could take a while...
2025-01-27 17:08:15,539 INFO c.h.h.t.HelmChartContainer - [test-hivemq-platform] [hivemq] [80996b20] INFO  - Shutting down listeners and clients
2025-01-27 17:08:15,618 INFO c.h.h.t.HelmChartContainer - [test-hivemq-platform] [hivemq] [80996b20] INFO  - Shutdown of listeners is done
2025-01-27 17:08:15,618 INFO c.h.h.t.HelmChartContainer - [test-hivemq-platform] [hivemq] [80996b20] INFO  - No clients are connected, proceeding with shutdown
2025-01-27 17:08:16,651 INFO c.h.h.t.HelmChartContainer - Deleting namespace 'helmbridgeextensionit'...
2025-01-27 17:08:17,609 INFO c.h.h.t.HelmChartContainer - [test-hivemq-platform] [hivemq] [80996b20] INFO  - [HiveMQ Platform Operator Init App 1.7.0-SNAPSHOT] Returning shutdown Health API response 503 for readiness
2025-01-27 17:08:17,612 INFO c.h.h.t.HelmChartContainer - [EVENT] Warning [Unhealthy] Readiness probe failed: HTTP probe failed with statuscode: 503 [helmbridgeextensionit:test-hivemq-platform-0]
2025-01-27 17:08:17,612 INFO c.h.h.t.HelmChartContainer - Received Unhealthy event for container hivemq in pod test-hivemq-platform-0 [80996b20-45b7-4189-9ff3-b907d081c853]
2025-01-27 17:08:18,127 INFO c.h.h.t.HelmChartContainer - [test-hivemq-platform] [hivemq] [80996b20] INFO  - Shutting down extension system
2025-01-27 17:08:18,131 INFO c.h.h.t.HelmChartContainer - [test-hivemq-platform] [hivemq] [80996b20] INFO  - Stopping extension with id hivemq-dns-cluster-discovery
2025-01-27 17:08:18,132 INFO c.h.h.t.HelmChartContainer - [test-hivemq-platform] [hivemq] [80996b20] INFO  - Extension "DNS Cluster Discovery Extension" version 4.3.2 stopped successfully.
2025-01-27 17:08:18,133 INFO c.h.h.t.HelmChartContainer - [test-hivemq-platform] [hivemq] [80996b20] INFO  - Stopping extension with id hivemq-bridge-extension
2025-01-27 17:08:18,134 INFO c.h.h.t.HelmChartContainer - [test-hivemq-platform] [hivemq] [80996b20] INFO  - Bridge Extension: Stopping extension
2025-01-27 17:08:18,223 INFO c.h.h.t.HelmChartContainer - [test-hivemq-platform] [hivemq] [80996b20] WARN  - [HiveMQ Platform Operator Init App 1.7.0-SNAPSHOT] Could not update Pod annotations: Failure executing: GET at: https://10.43.0.1:443/api/v1/namespaces/helmbridgeextensionit/pods/test-hivemq-platform-0. Message: pods "test-hivemq-platform-0" is forbidden: User "system:serviceaccount:helmbridgeextensionit:hivemq-platform-pod-test-hivemq-platform" cannot get resource "pods" in API group "" in the namespace "helmbridgeextensionit". Received status: Status(apiVersion=v1, code=403, details=StatusDetails(causes=[], group=null, kind=pods, name=test-hivemq-platform-0, retryAfterSeconds=null, uid=null, additionalProperties={}), kind=Status, message=pods "test-hivemq-platform-0" is forbidden: User "system:serviceaccount:helmbridgeextensionit:hivemq-platform-pod-test-hivemq-platform" cannot get resource "pods" in API group "" in the namespace "helmbridgeextensionit", metadata=ListMeta(_continue=null, remainingItemCount=null, resourceVersion=null, selfLink=null, additionalProperties={}), reason=Forbidden, status=Failure, additionalProperties={}).
2025-01-27 17:08:18,234 INFO c.h.h.t.HelmChartContainer - [test-hivemq-platform] [hivemq] [80996b20] INFO  - Extension "HiveMQ Enterprise Bridge Extension" version 4.35.0 stopped successfully.
2025-01-27 17:08:18,234 INFO c.h.h.t.HelmChartContainer - [test-hivemq-platform] [hivemq] [80996b20] INFO  - Stopping extension with id hivemq-prometheus-extension
2025-01-27 17:08:18,323 INFO c.h.h.t.HelmChartContainer - [test-hivemq-platform] [hivemq] [80996b20] INFO  - Extension "Prometheus Monitoring Extension" version 4.0.12 stopped successfully.
2025-01-27 17:08:18,324 INFO c.h.h.t.HelmChartContainer - [test-hivemq-platform] [hivemq] [80996b20] INFO  - Stopping extension with id hivemq-allow-all-extension
2025-01-27 17:08:18,324 INFO c.h.h.t.HelmChartContainer - [test-hivemq-platform] [hivemq] [80996b20] INFO  - Extension "Allow All Extension" version 1.1.0 stopped successfully.
2025-01-27 17:08:20,598 INFO c.h.h.t.HelmChartContainer - [test-hivemq-platform] [hivemq] [80996b20] INFO  - Shutdown completed.
2025-01-27 17:08:20,960 INFO c.h.h.t.HelmChartContainer - [test-hivemq-platform] [hivemq] [80996b20] INFO  - [HiveMQ Platform Operator Init App 1.7.0-SNAPSHOT] The HiveMQ Platform exited with code 143
2025-01-27 17:08:20,961 INFO c.h.h.t.HelmChartContainer - [test-hivemq-platform] [hivemq] [80996b20] INFO  - [HiveMQ Platform Operator Init App 1.7.0-SNAPSHOT] Stopping the REST API
2025-01-27 17:08:21,019 INFO c.h.h.t.HelmChartContainer - [test-hivemq-platform] [hivemq] [80996b20] INFO  - [HiveMQ Platform Operator Init App 1.7.0-SNAPSHOT] Shutdown complete
2025-01-27 17:08:21,491 INFO c.h.h.t.HelmChartContainer - [POD] test-hivemq-platform-0 [80996b20-45b7-4189-9ff3-b907d081c853] in helmbridgeextensionit was MODIFIED
2025-01-27 17:08:21,497 INFO c.h.h.t.HelmChartContainer - [K3S] [stateful_set.go:438] "Unhandled Error" err="error syncing StatefulSet helmbridgeextensionit/test-hivemq-platform, requeuing: controllerrevisions.apps \"test-hivemq-platform-6db4cf59bd\" is forbidden: unable to create new content in namespace helmbridgeextensionit because it is being terminated"
2025-01-27 17:08:21,513 INFO c.h.h.t.HelmChartContainer - [K3S] [stateful_set.go:438] "Unhandled Error" err="error syncing StatefulSet helmbridgeextensionit/test-hivemq-platform, requeuing: controllerrevisions.apps \"test-hivemq-platform-6db4cf59bd\" is forbidden: unable to create new content in namespace helmbridgeextensionit because it is being terminated"
2025-01-27 17:08:21,533 INFO c.h.h.t.HelmChartContainer - [K3S] [stateful_set.go:438] "Unhandled Error" err="error syncing StatefulSet helmbridgeextensionit/test-hivemq-platform, requeuing: controllerrevisions.apps \"test-hivemq-platform-6db4cf59bd\" is forbidden: unable to create new content in namespace helmbridgeextensionit because it is being terminated"
2025-01-27 17:08:21,562 INFO c.h.h.t.HelmChartContainer - [K3S] [stateful_set.go:438] "Unhandled Error" err="error syncing StatefulSet helmbridgeextensionit/test-hivemq-platform, requeuing: controllerrevisions.apps \"test-hivemq-platform-6db4cf59bd\" is forbidden: unable to create new content in namespace helmbridgeextensionit because it is being terminated"
2025-01-27 17:08:21,584 INFO c.h.h.t.HelmChartContainer - [K3S] [reconciler_common.go:162] "operationExecutor.UnmountVolume started for volume \"kube-api-access-5f84h\" (UniqueName: \"kubernetes.io/projected/80996b20-45b7-4189-9ff3-b907d081c853-kube-api-access-5f84h\") pod \"80996b20-45b7-4189-9ff3-b907d081c853\" (UID: \"80996b20-45b7-4189-9ff3-b907d081c853\") "
2025-01-27 17:08:21,584 INFO c.h.h.t.HelmChartContainer - [K3S] [reconciler_common.go:162] "operationExecutor.UnmountVolume started for volume \"extension-configuration-hivemq-bridge-extension\" (UniqueName: \"kubernetes.io/secret/80996b20-45b7-4189-9ff3-b907d081c853-extension-configuration-hivemq-bridge-extension\") pod \"80996b20-45b7-4189-9ff3-b907d081c853\" (UID: \"80996b20-45b7-4189-9ff3-b907d081c853\") "
2025-01-27 17:08:21,585 INFO c.h.h.t.HelmChartContainer - [K3S] [reconciler_common.go:162] "operationExecutor.UnmountVolume started for volume \"broker-configuration\" (UniqueName: \"kubernetes.io/configmap/80996b20-45b7-4189-9ff3-b907d081c853-broker-configuration\") pod \"80996b20-45b7-4189-9ff3-b907d081c853\" (UID: \"80996b20-45b7-4189-9ff3-b907d081c853\") "
2025-01-27 17:08:21,585 INFO c.h.h.t.HelmChartContainer - [K3S] [reconciler_common.go:162] "operationExecutor.UnmountVolume started for volume \"pod-info\" (UniqueName: \"kubernetes.io/configmap/80996b20-45b7-4189-9ff3-b907d081c853-pod-info\") pod \"80996b20-45b7-4189-9ff3-b907d081c853\" (UID: \"80996b20-45b7-4189-9ff3-b907d081c853\") "
2025-01-27 17:08:21,585 INFO c.h.h.t.HelmChartContainer - [K3S] [reconciler_common.go:162] "operationExecutor.UnmountVolume started for volume \"operator-init\" (UniqueName: \"kubernetes.io/empty-dir/80996b20-45b7-4189-9ff3-b907d081c853-operator-init\") pod \"80996b20-45b7-4189-9ff3-b907d081c853\" (UID: \"80996b20-45b7-4189-9ff3-b907d081c853\") "
2025-01-27 17:08:21,605 INFO c.h.h.t.HelmChartContainer - [K3S] [stateful_set.go:438] "Unhandled Error" err="error syncing StatefulSet helmbridgeextensionit/test-hivemq-platform, requeuing: controllerrevisions.apps \"test-hivemq-platform-6db4cf59bd\" is forbidden: unable to create new content in namespace helmbridgeextensionit because it is being terminated"
2025-01-27 17:08:21,684 INFO c.h.h.t.HelmChartContainer - [K3S] [reconciler_common.go:299] "Volume detached for volume \"operator-init\" (UniqueName: \"kubernetes.io/empty-dir/80996b20-45b7-4189-9ff3-b907d081c853-operator-init\") on node \"577ee0c7fff4\" DevicePath \"\""
2025-01-27 17:08:21,684 INFO c.h.h.t.HelmChartContainer - [K3S] [reconciler_common.go:299] "Volume detached for volume \"pod-info\" (UniqueName: \"kubernetes.io/configmap/80996b20-45b7-4189-9ff3-b907d081c853-pod-info\") on node \"577ee0c7fff4\" DevicePath \"\""
2025-01-27 17:08:21,684 INFO c.h.h.t.HelmChartContainer - [K3S] [reconciler_common.go:299] "Volume detached for volume \"broker-configuration\" (UniqueName: \"kubernetes.io/configmap/80996b20-45b7-4189-9ff3-b907d081c853-broker-configuration\") on node \"577ee0c7fff4\" DevicePath \"\""
2025-01-27 17:08:21,684 INFO c.h.h.t.HelmChartContainer - [K3S] [reconciler_common.go:299] "Volume detached for volume \"kube-api-access-5f84h\" (UniqueName: \"kubernetes.io/projected/80996b20-45b7-4189-9ff3-b907d081c853-kube-api-access-5f84h\") on node \"577ee0c7fff4\" DevicePath \"\""
2025-01-27 17:08:21,684 INFO c.h.h.t.HelmChartContainer - [K3S] [reconciler_common.go:299] "Volume detached for volume \"extension-configuration-hivemq-bridge-extension\" (UniqueName: \"kubernetes.io/secret/80996b20-45b7-4189-9ff3-b907d081c853-extension-configuration-hivemq-bridge-extension\") on node \"577ee0c7fff4\" DevicePath \"\""
2025-01-27 17:08:21,688 INFO c.h.h.t.HelmChartContainer - [K3S] [stateful_set.go:438] "Unhandled Error" err="error syncing StatefulSet helmbridgeextensionit/test-hivemq-platform, requeuing: controllerrevisions.apps \"test-hivemq-platform-6db4cf59bd\" is forbidden: unable to create new content in namespace helmbridgeextensionit because it is being terminated"
2025-01-27 17:08:21,710 INFO c.h.h.t.HelmChartContainer - [K3S] [scope.go:117] "RemoveContainer" containerID="a71d153942184b8530dbc18958718daad35f510e22bbeb7375fd782e005d00cb"
2025-01-27 17:08:21,728 INFO c.h.h.t.HelmChartContainer - [POD] test-hivemq-platform-0 [80996b20-45b7-4189-9ff3-b907d081c853] in helmbridgeextensionit was MODIFIED
2025-01-27 17:08:21,728 INFO c.h.h.t.HelmChartContainer - [K3S] [stateful_set.go:438] "Unhandled Error" err="error syncing StatefulSet helmbridgeextensionit/test-hivemq-platform, requeuing: controllerrevisions.apps \"test-hivemq-platform-6db4cf59bd\" is forbidden: unable to create new content in namespace helmbridgeextensionit because it is being terminated"
2025-01-27 17:08:21,737 INFO c.h.h.t.HelmChartContainer - [POD] test-hivemq-platform-0 [80996b20-45b7-4189-9ff3-b907d081c853] in helmbridgeextensionit was DELETED
2025-01-27 17:08:21,739 INFO c.h.h.t.HelmChartContainer - [K3S] [stateful_set.go:438] "Unhandled Error" err="error syncing StatefulSet helmbridgeextensionit/test-hivemq-platform, requeuing: controllerrevisions.apps \"test-hivemq-platform-6db4cf59bd\" is forbidden: unable to create new content in namespace helmbridgeextensionit because it is being terminated"
2025-01-27 17:08:21,754 INFO c.h.h.t.HelmChartContainer - [K3S] [stateful_set.go:466] "StatefulSet has been deleted" key="helmbridgeextensionit/test-hivemq-platform"
2025-01-27 17:08:21,842 INFO c.h.h.t.HelmChartContainer - [K3S] [scope.go:117] "RemoveContainer" containerID="ac09c4451062b7b81558565410703cf3e964575c7d9af68f4be3276ccf56ce1b"
2025-01-27 17:08:21,845 INFO c.h.h.t.HelmChartContainer - [K3S] [scope.go:117] "RemoveContainer" containerID="a71d153942184b8530dbc18958718daad35f510e22bbeb7375fd782e005d00cb"
2025-01-27 17:08:21,846 INFO c.h.h.t.HelmChartContainer - [K3S] [scope.go:117] "RemoveContainer" containerID="ac09c4451062b7b81558565410703cf3e964575c7d9af68f4be3276ccf56ce1b"
2025-01-27 17:08:21,849 INFO c.h.h.t.HelmChartContainer - [K3S] [stateful_set.go:466] "StatefulSet has been deleted" key="helmbridgeextensionit/test-hivemq-platform"
2025-01-27 17:08:21,873 INFO c.h.h.t.HelmChartContainer - Namespace 'helmbridgeextensionit' deleted
2025-01-27 17:08:21,873 INFO c.h.h.t.HelmChartContainer - Release 'test-hivemq-platform' in namespace 'helmbridgeextensionit' is uninstalled
2025-01-27 17:08:21,873 INFO c.h.h.t.HelmChartContainer - Uninstalling release 'test-hivemq-platform-operator' in namespace 'helmbridgeextensionit-operator'...
2025-01-27 17:08:21,874 DEBUG c.h.h.t.HelmChartContainer - Executing helm command: /bin/helm --kubeconfig /etc/rancher/k3s/k3s.yaml uninstall test-hivemq-platform-operator  --wait --timeout 5m0s --cascade foreground --namespace helmbridgeextensionit-operator
2025-01-27 17:08:22,041 INFO c.h.h.t.HelmChartContainer - [K3S] [replica_set.go:679] "Finished syncing" kind="ReplicaSet" key="helmbridgeextensionit-operator/hivemq-test-hivemq-platform-operator-6966f96d65" duration="8.072991ms"
2025-01-27 17:08:22,042 INFO c.h.h.t.HelmChartContainer - [K3S] [replica_set.go:679] "Finished syncing" kind="ReplicaSet" key="helmbridgeextensionit-operator/hivemq-test-hivemq-platform-operator-6966f96d65" duration="35.928µs"
2025-01-27 17:08:22,053 INFO c.h.h.t.HelmChartContainer - [POD] hivemq-test-hivemq-platform-operator-6966f96d65-db42l [86add09e-d48e-44d0-b92d-ae8b9ced9a33] in helmbridgeextensionit-operator was MODIFIED
2025-01-27 17:08:22,065 INFO c.h.h.t.HelmChartContainer - [K3S] [replica_set.go:679] "Finished syncing" kind="ReplicaSet" key="helmbridgeextensionit-operator/hivemq-test-hivemq-platform-operator-6966f96d65" duration="13.290646ms"
2025-01-27 17:08:22,071 INFO c.h.h.t.HelmChartContainer - [K3S] [replica_set.go:679] "Finished syncing" kind="ReplicaSet" key="helmbridgeextensionit-operator/hivemq-test-hivemq-platform-operator-6966f96d65" duration="47.42µs"
2025-01-27 17:08:22,071 INFO c.h.h.t.HelmChartContainer - [EVENT] Normal [Killing] Stopping container hivemq-platform-operator [helmbridgeextensionit-operator:hivemq-test-hivemq-platform-operator-6966f96d65-db42l]
2025-01-27 17:08:22,071 INFO c.h.h.t.HelmChartContainer - Received Killing event for container hivemq-platform-operator in pod hivemq-test-hivemq-platform-operator-6966f96d65-db42l [86add09e-d48e-44d0-b92d-ae8b9ced9a33]
2025-01-27 17:08:22,071 INFO c.h.h.t.HelmChartContainer - Container [hivemq-test-hivemq-platform-operator-6966f96d65-db42l] [hivemq-platform-operator] [86add09e-d48e-44d0-b92d-ae8b9ced9a33] was terminated
2025-01-27 17:08:22,071 INFO c.h.h.t.HelmChartContainer - Stopped log watcher for hivemq-platform-operator in pod hivemq-test-hivemq-platform-operator-6966f96d65-db42l [86add09e-d48e-44d0-b92d-ae8b9ced9a33]
2025-01-27 17:08:22,074 INFO c.h.h.t.HelmChartContainer - [hivemq-test-hivemq-platform] [hivemq-platform-operator] [86add09e] 17:08:22.070 [application-shutdown-thread] INFO  c.h.p.o.HiveMQPlatformOperatorApplication - HiveMQ Platform Operator is stopping...
2025-01-27 17:08:22,074 INFO c.h.h.t.HelmChartContainer - [hivemq-test-hivemq-platform] [hivemq-platform-operator] [86add09e] 17:08:22.070 [application-shutdown-thread] INFO  i.javaoperatorsdk.operator.Operator - Operator SDK 4.9.7 is shutting down...
2025-01-27 17:08:22,306 INFO c.h.h.t.HelmChartContainer - [K3S] [kubelet_volumes.go:163] "Cleaned up orphaned pod volumes dir" podUID="80996b20-45b7-4189-9ff3-b907d081c853" path="/var/lib/kubelet/pods/80996b20-45b7-4189-9ff3-b907d081c853/volumes"
2025-01-27 17:08:22,667 INFO c.h.h.t.HelmChartContainer - [K3S] [replica_set.go:679] "Finished syncing" kind="ReplicaSet" key="helmbridgeextensionit-operator/hivemq-test-hivemq-platform-operator-6966f96d65" duration="48.451µs"
2025-01-27 17:08:22,669 INFO c.h.h.t.HelmChartContainer - [POD] hivemq-test-hivemq-platform-operator-6966f96d65-db42l [86add09e-d48e-44d0-b92d-ae8b9ced9a33] in helmbridgeextensionit-operator was MODIFIED
2025-01-27 17:08:22,712 INFO c.h.h.t.HelmChartContainer - [K3S] [scope.go:117] "RemoveContainer" containerID="b50c54171fda8ae7ce2ad6373761f9867bebd0151e7fb8279b044fba0f2bde9a"
2025-01-27 17:08:22,715 INFO c.h.h.t.HelmChartContainer - [K3S] [scope.go:117] "RemoveContainer" containerID="b50c54171fda8ae7ce2ad6373761f9867bebd0151e7fb8279b044fba0f2bde9a"
2025-01-27 17:08:22,789 INFO c.h.h.t.HelmChartContainer - [K3S] [reconciler_common.go:162] "operationExecutor.UnmountVolume started for volume \"kube-api-access-4n6mh\" (UniqueName: \"kubernetes.io/projected/86add09e-d48e-44d0-b92d-ae8b9ced9a33-kube-api-access-4n6mh\") pod \"86add09e-d48e-44d0-b92d-ae8b9ced9a33\" (UID: \"86add09e-d48e-44d0-b92d-ae8b9ced9a33\") "
2025-01-27 17:08:22,889 INFO c.h.h.t.HelmChartContainer - [K3S] [reconciler_common.go:299] "Volume detached for volume \"kube-api-access-4n6mh\" (UniqueName: \"kubernetes.io/projected/86add09e-d48e-44d0-b92d-ae8b9ced9a33-kube-api-access-4n6mh\") on node \"577ee0c7fff4\" DevicePath \"\""
2025-01-27 17:08:23,025 INFO c.h.h.t.HelmChartContainer - [K3S] [replica_set.go:679] "Finished syncing" kind="ReplicaSet" key="helmbridgeextensionit-operator/hivemq-test-hivemq-platform-operator-6966f96d65" duration="46.887µs"
2025-01-27 17:08:23,025 INFO c.h.h.t.HelmChartContainer - [POD] hivemq-test-hivemq-platform-operator-6966f96d65-db42l [86add09e-d48e-44d0-b92d-ae8b9ced9a33] in helmbridgeextensionit-operator was MODIFIED
2025-01-27 17:08:23,028 INFO c.h.h.t.HelmChartContainer - [K3S] [replica_set.go:679] "Finished syncing" kind="ReplicaSet" key="helmbridgeextensionit-operator/hivemq-test-hivemq-platform-operator-6966f96d65" duration="36.86µs"
2025-01-27 17:08:23,028 INFO c.h.h.t.HelmChartContainer - [POD] hivemq-test-hivemq-platform-operator-6966f96d65-db42l [86add09e-d48e-44d0-b92d-ae8b9ced9a33] in helmbridgeextensionit-operator was DELETED
2025-01-27 17:08:23,038 INFO c.h.h.t.HelmChartContainer - [K3S] [replica_set.go:679] "Finished syncing" kind="ReplicaSet" key="helmbridgeextensionit-operator/hivemq-test-hivemq-platform-operator-6966f96d65" duration="9.418µs"
2025-01-27 17:08:24,103 INFO c.h.h.t.HelmChartContainer - Deleting namespace 'helmbridgeextensionit-operator'...
2025-01-27 17:08:24,306 INFO c.h.h.t.HelmChartContainer - [K3S] [kubelet_volumes.go:163] "Cleaned up orphaned pod volumes dir" podUID="86add09e-d48e-44d0-b92d-ae8b9ced9a33" path="/var/lib/kubelet/pods/86add09e-d48e-44d0-b92d-ae8b9ced9a33/volumes"
2025-01-27 17:08:26,844 INFO c.h.h.t.HelmChartContainer - [K3S] [namespace_controller.go:187] "Namespace has been deleted" namespace="helmbridgeextensionit"
2025-01-27 17:08:29,320 INFO c.h.h.t.HelmChartContainer - Namespace 'helmbridgeextensionit-operator' deleted
2025-01-27 17:08:29,321 INFO c.h.h.t.HelmChartContainer - Release 'test-hivemq-platform-operator' in namespace 'helmbridgeextensionit-operator' is uninstalled
2025-01-27 17:08:29,913 INFO c.h.helmcharts.AbstractHelmChartIT - Removed unused containers:

2025-01-27 17:08:34,224 INFO c.h.h.t.HelmChartContainer - [K3S] [namespace_controller.go:187] "Namespace has been deleted" namespace="helmbridgeextensionit-operator"
2025-01-27 17:08:37,881 INFO c.h.helmcharts.AbstractHelmChartIT - Removed unused snapshots:
Removing snapshot sha256:026a712f86a389a5fd74927b58e3b9c46d97b4685244a93cf8afd5dd2d926256
Removing snapshot sha256:03af251906410714c5aef9fa705b63f6bbc39c4a5e787de7361eeb18886c2ed2
Removing snapshot sha256:04586d725303b4dcbc0cdc42a56e7852bc8859e90a3b42def5c29ab6c5b2378a
Removing snapshot sha256:0c46b3b43cce082ce5ec34ffc6c294e0417d17b9d1e6f366d114b6aadc4f96dc
Removing snapshot sha256:0ce761beee59082d6ed5bcebd3a805b8ddd9b3426b617e4809e7fb7c6587ffec
Removing snapshot sha256:1021ef88c7974bfff89c5a0ec4fd3160daac6c48a075f74cff721f85dd104e68
Removing snapshot sha256:10aba4953ddc18145dd38e3704709bc464aa20af60b56fe52caaff4b68411e62
Removing snapshot sha256:12fcdb97878a8124028dd759e7639b77bca16c0f46aabea18189ae25af2554ab
Removing snapshot sha256:2573e0d8158209ed54ab25c87bcdcb00bd3d2539246960a3d592a1c599d70465
Removing snapshot sha256:362a8a37f8bbc31925a8146adcf7cf51f9882f5c1dcbef67c5baa03a297543c0
Removing snapshot sha256:3963740473d30bc8a518bd5c0e3ca9e4f1e15f2e1b0852527e56c50f4e21de20
Removing snapshot sha256:3fa4ad33f0ddc8fd45b39b6b4640f82a3a83619606cd975bfe89d8710ad2d4cd
Removing snapshot sha256:43a7c979bbaba6838bc3102d6b10a1459f3ab050b87ccdfef84ef90cf43d3058
Removing snapshot sha256:4ab04491cdf0d3267f08206fe30bd48f49f94b9cab2f016d6739220f722a64af
Removing snapshot sha256:4b6068250e89c96f263060261819c7d912855bfbd64b3eb4c4a8483299b8c295
Removing snapshot sha256:54760460dde328a0df5fb97426e3821ea3128f2a777231b6e8478cdaf84d50a9
Removing snapshot sha256:580e69a0a8034ede1921139bbd2bfb72a69ebf276d008281896c32dd8bf74775
Removing snapshot sha256:5ad32423e4b556ca23e4a282f00b6c28ba2ec8ad2b7822350a080868a3597d3e
Removing snapshot sha256:5d30ba46b27fe37484567ccc5242cadc78217b8da605f3f195ef25cbf7487904
Removing snapshot sha256:63ca1fbb43ae5034640e5e6cb3e083e05c290072c5366fcaa9d62435a4cced85
Removing snapshot sha256:67f702c6baae873bceb19487c8b1f27bd2b86077e4f2f0e480e6d60ab508b8f5
Removing snapshot sha256:6864348dd42806d552efdec384f1274be15e2d0c10ce44c1f04347af004c10a9
Removing snapshot sha256:6b6a1f10cca10ea08499c191fc025406a23858de44f58930b06dc6608ff034e5
Removing snapshot sha256:6c7dee8f2c39b84b7dc2711c01d33de93514d9055499173e9290176fbe484b6c
Removing snapshot sha256:6f16cf1a17b4a22b647396831502d1b6d5f2ccfa3f915c2684a5be1762aebf2b
Removing snapshot sha256:82753493a6d61ded36556292f02f31841a14c20d2f279f19eaad65afb661d5cd
Removing snapshot sha256:8a10d3db42c505ee0fcfa98417bdd7e39b304f6bcc0a06bb1b220797ff2cc63c
Removing snapshot sha256:a0904247e36a7726c03c71ee48f3e64462021c88dafeb13f37fdaf613b27f11c
Removing snapshot sha256:a21e5b12dbac529ad45d976eb9ce45c881f3bedcc500fb30aba1e52aa1813418
Removing snapshot sha256:b921e6c28969094157f9b8e7244677780319637afd14450b7cb6b2fdea558a0c
Removing snapshot sha256:bc27ecb5769a00e309cf99ebc763c4a4b958b618d1decc96ffac5bc05f02f5b7
Removing snapshot sha256:be3ccb6627a5332e309d45ef461d09b4879dd870c7394d89323d0ebc6ca6aa8a
Removing snapshot sha256:c261f7cbbc64211ee175ee47273acdb7b1a36a4450b397a064a8f2c026490095
Removing snapshot sha256:c34d9393647eea0c9e3557ab988efaf59f61d10a2a5613b439ef0958cca5ec10
Removing snapshot sha256:ccf3c4a0fa967a41c1c83497a2ce6fa5787965859df0adb32c4ca2cf7490bc2b
Removing snapshot sha256:cf92d33f869417309692088c341cd0f223c178ea78a125f757317b22aa8f90e9
Removing snapshot sha256:d0037344cf2fb078884f1849f6a1f8cf9a33a3b6139b6a85833e5ee528e1f9a8
Removing snapshot sha256:d3b36d5b79273b1e98e7700470eaeff05a882e777124d84cebcc1505b85ecb36
Removing snapshot sha256:d65a44a37914602d12c611e5e22a50f11451d847e63015cc1c2aef92dee777a4
Removing snapshot sha256:e2dc0bae2455930f23ae570e019b7f32edc75c0f2d71cab084db837ff9051796
Removing snapshot sha256:eccbd24a99c60cd9e86ee5305dbfc4a4dc89f5ab4fb1f06c8d64797cecedef34
Removing snapshot sha256:f144bb4c7c7f0d2aa7eeffd36d934ec40db1ee167be727e326aad9fdc616f475

2025-01-27 17:08:37,881 WARN c.h.helmcharts.AbstractHelmChartIT - Error during removal of snapshots:
ctr: failed to remove "sha256:026a712f86a389a5fd74927b58e3b9c46d97b4685244a93cf8afd5dd2d926256": cannot remove snapshot with child: failed precondition
ctr: failed to remove "sha256:03af251906410714c5aef9fa705b63f6bbc39c4a5e787de7361eeb18886c2ed2": cannot remove snapshot with child: failed precondition
ctr: failed to remove "sha256:04586d725303b4dcbc0cdc42a56e7852bc8859e90a3b42def5c29ab6c5b2378a": cannot remove snapshot with child: failed precondition
ctr: failed to remove "sha256:0c46b3b43cce082ce5ec34ffc6c294e0417d17b9d1e6f366d114b6aadc4f96dc": cannot remove snapshot with child: failed precondition
ctr: failed to remove "sha256:0ce761beee59082d6ed5bcebd3a805b8ddd9b3426b617e4809e7fb7c6587ffec": cannot remove snapshot with child: failed precondition
ctr: failed to remove "sha256:1021ef88c7974bfff89c5a0ec4fd3160daac6c48a075f74cff721f85dd104e68": cannot remove snapshot with child: failed precondition
ctr: failed to remove "sha256:10aba4953ddc18145dd38e3704709bc464aa20af60b56fe52caaff4b68411e62": cannot remove snapshot with child: failed precondition
ctr: failed to remove "sha256:12fcdb97878a8124028dd759e7639b77bca16c0f46aabea18189ae25af2554ab": cannot remove snapshot with child: failed precondition
ctr: failed to remove "sha256:2573e0d8158209ed54ab25c87bcdcb00bd3d2539246960a3d592a1c599d70465": cannot remove snapshot with child: failed precondition
ctr: failed to remove "sha256:362a8a37f8bbc31925a8146adcf7cf51f9882f5c1dcbef67c5baa03a297543c0": cannot remove snapshot with child: failed precondition
ctr: failed to remove "sha256:3fa4ad33f0ddc8fd45b39b6b4640f82a3a83619606cd975bfe89d8710ad2d4cd": cannot remove snapshot with child: failed precondition
ctr: failed to remove "sha256:43a7c979bbaba6838bc3102d6b10a1459f3ab050b87ccdfef84ef90cf43d3058": cannot remove snapshot with child: failed precondition
ctr: failed to remove "sha256:4ab04491cdf0d3267f08206fe30bd48f49f94b9cab2f016d6739220f722a64af": cannot remove snapshot with child: failed precondition
ctr: failed to remove "sha256:4b6068250e89c96f263060261819c7d912855bfbd64b3eb4c4a8483299b8c295": cannot remove snapshot with child: failed precondition
ctr: failed to remove "sha256:54760460dde328a0df5fb97426e3821ea3128f2a777231b6e8478cdaf84d50a9": cannot remove snapshot with child: failed precondition
ctr: failed to remove "sha256:580e69a0a8034ede1921139bbd2bfb72a69ebf276d008281896c32dd8bf74775": cannot remove snapshot with child: failed precondition
ctr: failed to remove "sha256:5ad32423e4b556ca23e4a282f00b6c28ba2ec8ad2b7822350a080868a3597d3e": cannot remove snapshot with child: failed precondition
ctr: failed to remove "sha256:5d30ba46b27fe37484567ccc5242cadc78217b8da605f3f195ef25cbf7487904": cannot remove snapshot with child: failed precondition
ctr: failed to remove "sha256:63ca1fbb43ae5034640e5e6cb3e083e05c290072c5366fcaa9d62435a4cced85": cannot remove snapshot with child: failed precondition
ctr: failed to remove "sha256:67f702c6baae873bceb19487c8b1f27bd2b86077e4f2f0e480e6d60ab508b8f5": cannot remove snapshot with child: failed precondition
ctr: failed to remove "sha256:6864348dd42806d552efdec384f1274be15e2d0c10ce44c1f04347af004c10a9": cannot remove snapshot with child: failed precondition
ctr: failed to remove "sha256:6c7dee8f2c39b84b7dc2711c01d33de93514d9055499173e9290176fbe484b6c": cannot remove snapshot with child: failed precondition
ctr: failed to remove "sha256:82753493a6d61ded36556292f02f31841a14c20d2f279f19eaad65afb661d5cd": cannot remove snapshot with child: failed precondition
ctr: failed to remove "sha256:8a10d3db42c505ee0fcfa98417bdd7e39b304f6bcc0a06bb1b220797ff2cc63c": cannot remove snapshot with child: failed precondition
ctr: failed to remove "sha256:a21e5b12dbac529ad45d976eb9ce45c881f3bedcc500fb30aba1e52aa1813418": cannot remove snapshot with child: failed precondition
ctr: failed to remove "sha256:b921e6c28969094157f9b8e7244677780319637afd14450b7cb6b2fdea558a0c": cannot remove snapshot with child: failed precondition
ctr: failed to remove "sha256:bc27ecb5769a00e309cf99ebc763c4a4b958b618d1decc96ffac5bc05f02f5b7": cannot remove snapshot with child: failed precondition
ctr: failed to remove "sha256:be3ccb6627a5332e309d45ef461d09b4879dd870c7394d89323d0ebc6ca6aa8a": cannot remove snapshot with child: failed precondition
ctr: failed to remove "sha256:c261f7cbbc64211ee175ee47273acdb7b1a36a4450b397a064a8f2c026490095": cannot remove snapshot with child: failed precondition
ctr: failed to remove "sha256:c34d9393647eea0c9e3557ab988efaf59f61d10a2a5613b439ef0958cca5ec10": cannot remove snapshot with child: failed precondition
ctr: failed to remove "sha256:ccf3c4a0fa967a41c1c83497a2ce6fa5787965859df0adb32c4ca2cf7490bc2b": cannot remove snapshot with child: failed precondition
ctr: failed to remove "sha256:cf92d33f869417309692088c341cd0f223c178ea78a125f757317b22aa8f90e9": cannot remove snapshot with child: failed precondition
ctr: failed to remove "sha256:d0037344cf2fb078884f1849f6a1f8cf9a33a3b6139b6a85833e5ee528e1f9a8": cannot remove snapshot with child: failed precondition
ctr: failed to remove "sha256:d3b36d5b79273b1e98e7700470eaeff05a882e777124d84cebcc1505b85ecb36": cannot remove snapshot with child: failed precondition
ctr: failed to remove "sha256:d65a44a37914602d12c611e5e22a50f11451d847e63015cc1c2aef92dee777a4": cannot remove snapshot with child: failed precondition
ctr: failed to remove "sha256:e2dc0bae2455930f23ae570e019b7f32edc75c0f2d71cab084db837ff9051796": cannot remove snapshot with child: failed precondition
ctr: failed to remove "sha256:eccbd24a99c60cd9e86ee5305dbfc4a4dc89f5ab4fb1f06c8d64797cecedef34": cannot remove snapshot with child: failed precondition
ctr: failed to remove "sha256:f144bb4c7c7f0d2aa7eeffd36d934ec40db1ee167be727e326aad9fdc616f475": cannot remove snapshot with child: failed precondition

]]></system-out>
  </testcase>
  <system-out><![CDATA[2025-01-27 17:03:51,791 INFO c.h.h.t.HelmChartContainerExtension - Using cached HelmChartContainer instance
2025-01-27 17:03:51,798 INFO c.h.h.t.HelmChartContainerExtension - Creating cached HelmChartContainer instance
2025-01-27 17:03:51,825 INFO o.testcontainers.DockerClientFactory - Testcontainers version: 1.20.4
2025-01-27 17:03:52,264 INFO o.t.d.DockerClientProviderStrategy - Found Docker environment with local Unix socket (unix:///var/run/docker.sock)
2025-01-27 17:03:52,275 INFO o.testcontainers.DockerClientFactory - Docker host IP address is localhost
2025-01-27 17:03:52,289 INFO o.testcontainers.DockerClientFactory - Connected to docker: 
  Server Version: 26.1.3
  API Version: 1.45
  Operating System: Ubuntu 24.04.1 LTS
  Total Memory: 15990 MB
2025-01-27 17:03:52,295 INFO o.testcontainers.images.PullPolicy - Image pull policy will be performed by: DefaultPullPolicy()
2025-01-27 17:03:52,297 INFO o.t.utility.ImageNameSubstitutor - Image name substitution will be performed by: DefaultImageNameSubstitutor (composite of 'ConfigurationFileImageNameSubstitutor' and 'PrefixingImageNameSubstitutor')
2025-01-27 17:03:52,321 INFO tc.testcontainers/ryuk:0.11.0 - Pulling docker image: testcontainers/ryuk:0.11.0. Please be patient; this may take some time but only needs to be done once.
2025-01-27 17:03:53,380 INFO tc.testcontainers/ryuk:0.11.0 - Starting to pull image
2025-01-27 17:03:53,455 INFO tc.testcontainers/ryuk:0.11.0 - Pulling image layers:  0 pending,  0 downloaded,  0 extracted, (0 bytes/0 bytes)
2025-01-27 17:03:53,944 INFO tc.testcontainers/ryuk:0.11.0 - Pulling image layers:  2 pending,  1 downloaded,  0 extracted, (116 KB/? MB)
2025-01-27 17:03:53,947 INFO tc.testcontainers/ryuk:0.11.0 - Pulling image layers:  1 pending,  2 downloaded,  0 extracted, (144 KB/? MB)
2025-01-27 17:03:53,965 INFO tc.testcontainers/ryuk:0.11.0 - Pulling image layers:  0 pending,  3 downloaded,  0 extracted, (144 KB/10 MB)
2025-01-27 17:03:54,045 INFO tc.testcontainers/ryuk:0.11.0 - Pulling image layers:  0 pending,  3 downloaded,  1 extracted, (3 MB/10 MB)
2025-01-27 17:03:54,193 INFO tc.testcontainers/ryuk:0.11.0 - Pulling image layers:  0 pending,  3 downloaded,  2 extracted, (4 MB/10 MB)
2025-01-27 17:03:54,232 INFO tc.testcontainers/ryuk:0.11.0 - Pulling image layers:  0 pending,  3 downloaded,  3 extracted, (10 MB/10 MB)
2025-01-27 17:03:54,237 INFO tc.testcontainers/ryuk:0.11.0 - Image testcontainers/ryuk:0.11.0 pull took PT1.916005416S
2025-01-27 17:03:54,259 INFO tc.testcontainers/ryuk:0.11.0 - Creating container for image: testcontainers/ryuk:0.11.0
2025-01-27 17:03:54,316 INFO tc.testcontainers/ryuk:0.11.0 - Container testcontainers/ryuk:0.11.0 is starting: e585d2bef709b5e4f9ceb1405cd4cb5d2a96574b6e9dc6ca9679e44751911867
2025-01-27 17:03:54,569 INFO tc.testcontainers/ryuk:0.11.0 - Container testcontainers/ryuk:0.11.0 started in PT0.310138887S
2025-01-27 17:03:54,572 INFO o.t.utility.RyukResourceReaper - Ryuk started - will monitor and terminate Testcontainers containers on JVM exit
2025-01-27 17:03:54,573 INFO o.testcontainers.DockerClientFactory - Checking the system...
2025-01-27 17:03:54,573 INFO o.testcontainers.DockerClientFactory - ✔︎ Docker server version should be at least 1.6.0
2025-01-27 17:03:54,652 INFO o.t.i.builder.ImageFromDockerfile - Pre-emptively checking local images for 'ubuntu:noble-20241118.1@sha256:80dd3c3b9c6cecb9f1667e9290b3bc61b78c2678c02cbdae5f0fea92cc6734ab', referenced via a Dockerfile. If not available, it will be pulled.
2025-01-27 17:03:54,654 INFO t.u.1@sha256:80dd3c... - Pulling docker image: ubuntu:noble-20241118.1@sha256:80dd3c3b9c6cecb9f1667e9290b3bc61b78c2678c02cbdae5f0fea92cc6734ab. Please be patient; this may take some time but only needs to be done once.
2025-01-27 17:03:55,411 INFO t.u.1@sha256:80dd3c... - Starting to pull image
2025-01-27 17:03:55,412 INFO t.u.1@sha256:80dd3c... - Pulling image layers:  0 pending,  0 downloaded,  0 extracted, (0 bytes/0 bytes)
2025-01-27 17:03:56,223 INFO t.u.1@sha256:80dd3c... - Pulling image layers:  0 pending,  1 downloaded,  0 extracted, (23 MB/28 MB)
2025-01-27 17:03:57,159 INFO t.u.1@sha256:80dd3c... - Pulling image layers:  0 pending,  1 downloaded,  1 extracted, (28 MB/28 MB)
2025-01-27 17:03:57,164 INFO t.u.1@sha256:80dd3c... - Image ubuntu:noble-20241118.1@sha256:80dd3c3b9c6cecb9f1667e9290b3bc61b78c2678c02cbdae5f0fea92cc6734ab pull took PT2.509376636S
2025-01-27 17:03:57,164 INFO t.u.1@sha256:80dd3c... - Pull complete. 1 layers, pulled in 1s (downloaded 28 MB at 28 MB/s)
2025-01-27 17:03:57,166 INFO o.t.i.builder.ImageFromDockerfile - Pre-emptively checking local images for 'rancher/k3s:v1.32.0-k3s1', referenced via a Dockerfile. If not available, it will be pulled.
2025-01-27 17:03:57,167 INFO tc.rancher/k3s:v1.32.0-k3s1 - Pulling docker image: rancher/k3s:v1.32.0-k3s1. Please be patient; this may take some time but only needs to be done once.
2025-01-27 17:04:03,534 INFO tc.rancher/k3s:v1.32.0-k3s1 - Starting to pull image
2025-01-27 17:04:03,535 INFO tc.rancher/k3s:v1.32.0-k3s1 - Pulling image layers:  0 pending,  0 downloaded,  0 extracted, (0 bytes/0 bytes)
2025-01-27 17:04:05,255 INFO tc.rancher/k3s:v1.32.0-k3s1 - Pulling image layers:  0 pending,  1 downloaded,  0 extracted, (70 MB/71 MB)
2025-01-27 17:04:06,293 INFO tc.rancher/k3s:v1.32.0-k3s1 - Pulling image layers:  0 pending,  1 downloaded,  1 extracted, (71 MB/71 MB)
2025-01-27 17:04:06,299 INFO tc.rancher/k3s:v1.32.0-k3s1 - Image rancher/k3s:v1.32.0-k3s1 pull took PT9.131342891S
2025-01-27 17:04:06,299 INFO tc.rancher/k3s:v1.32.0-k3s1 - Pull complete. 1 layers, pulled in 2s (downloaded 71 MB at 35 MB/s)
2025-01-27 17:04:06,305 INFO o.t.i.builder.ImageFromDockerfile - Transferred 0 bytes to Docker daemon
2025-01-27 17:04:23,019 INFO c.h.h.t.HelmChartContainer - Starting HelmChartContainer...
2025-01-27 17:04:23,021 INFO t.localhost/testcontainers/4rwh4lcgxekjfthp:latest - Creating container for image: localhost/testcontainers/4rwh4lcgxekjfthp:latest
2025-01-27 17:04:23,094 INFO tc.alpine:3.17 - Pulling docker image: alpine:3.17. Please be patient; this may take some time but only needs to be done once.
2025-01-27 17:04:24,119 INFO tc.alpine:3.17 - Starting to pull image
2025-01-27 17:04:24,120 INFO tc.alpine:3.17 - Pulling image layers:  0 pending,  0 downloaded,  0 extracted, (0 bytes/0 bytes)
2025-01-27 17:04:24,705 INFO tc.alpine:3.17 - Pulling image layers:  0 pending,  1 downloaded,  0 extracted, (33 KB/3 MB)
2025-01-27 17:04:24,800 INFO tc.alpine:3.17 - Pulling image layers:  0 pending,  1 downloaded,  1 extracted, (3 MB/3 MB)
2025-01-27 17:04:24,806 INFO tc.alpine:3.17 - Image alpine:3.17 pull took PT1.710888257S
2025-01-27 17:04:25,352 INFO t.localhost/testcontainers/4rwh4lcgxekjfthp:latest - Container localhost/testcontainers/4rwh4lcgxekjfthp:latest is starting: 577ee0c7fff4f429664040f18df562d69b9d736b83794f752e6d0df5553431eb
2025-01-27 17:04:25,725 INFO c.h.h.t.HelmChartContainer - [K3S] [INFO] Starting k3s v1.32.0+k3s1 (cca8faca)
2025-01-27 17:04:25,730 INFO c.h.h.t.HelmChartContainer - [K3S] [INFO] Configuring sqlite3 database connection pooling: maxIdleConns=2, maxOpenConns=0, connMaxLifetime=0s
2025-01-27 17:04:25,731 INFO c.h.h.t.HelmChartContainer - [K3S] [INFO] Configuring database table schema and indexes, this may take a moment...
2025-01-27 17:04:25,740 INFO c.h.h.t.HelmChartContainer - [K3S] [INFO] Database tables and indexes are up to date
2025-01-27 17:04:25,743 INFO c.h.h.t.HelmChartContainer - [K3S] [INFO] Kine available at unix://kine.sock
2025-01-27 17:04:25,831 INFO c.h.h.t.HelmChartContainer - [K3S] [INFO] Saving cluster bootstrap data to datastore
2025-01-27 17:04:25,832 INFO c.h.h.t.HelmChartContainer - [K3S] [WARNING] dynamiclistener [::]:6443: no cached certificate available for preload - deferring certificate load until storage initialization or first client request
2025-01-27 17:04:25,832 INFO c.h.h.t.HelmChartContainer - [K3S] [INFO] Active TLS secret / (ver=) (count 10): map[listener.cattle.io/cn-10.43.0.1:10.43.0.1 listener.cattle.io/cn-127.0.0.1:127.0.0.1 listener.cattle.io/cn-172.18.0.2:172.18.0.2 listener.cattle.io/cn-577ee0c7fff4:577ee0c7fff4 listener.cattle.io/cn-__1-f16284:::1 listener.cattle.io/cn-kubernetes:kubernetes listener.cattle.io/cn-kubernetes.default:kubernetes.default listener.cattle.io/cn-kubernetes.default.svc:kubernetes.default.svc listener.cattle.io/cn-kubernetes.default.svc.cluster.local:kubernetes.default.svc.cluster.local listener.cattle.io/cn-localhost:localhost listener.cattle.io/fingerprint:SHA1=F014B74906493668F544FD525042945CA2D583A5]
2025-01-27 17:04:26,004 INFO c.h.h.t.HelmChartContainer - [K3S] [INFO] Running kube-apiserver --advertise-port=6443 --allow-privileged=true --anonymous-auth=false --api-audiences=https://kubernetes.default.svc.cluster.local,k3s --authorization-mode=Node,RBAC --bind-address=127.0.0.1 --cert-dir=/var/lib/rancher/k3s/server/tls/temporary-certs --client-ca-file=/var/lib/rancher/k3s/server/tls/client-ca.crt --egress-selector-config-file=/var/lib/rancher/k3s/server/etc/egress-selector-config.yaml --enable-admission-plugins=NodeRestriction --enable-aggregator-routing=true --enable-bootstrap-token-auth=true --etcd-compaction-interval=0s --etcd-servers=unix://kine.sock --kubelet-certificate-authority=/var/lib/rancher/k3s/server/tls/server-ca.crt --kubelet-client-certificate=/var/lib/rancher/k3s/server/tls/client-kube-apiserver.crt --kubelet-client-key=/var/lib/rancher/k3s/server/tls/client-kube-apiserver.key --kubelet-preferred-address-types=InternalIP,ExternalIP,Hostname --profiling=false --proxy-client-cert-file=/var/lib/rancher/k3s/server/tls/client-auth-proxy.crt --proxy-client-key-file=/var/lib/rancher/k3s/server/tls/client-auth-proxy.key --requestheader-allowed-names=system:auth-proxy --requestheader-client-ca-file=/var/lib/rancher/k3s/server/tls/request-header-ca.crt --requestheader-extra-headers-prefix=X-Remote-Extra- --requestheader-group-headers=X-Remote-Group --requestheader-username-headers=X-Remote-User --secure-port=6444 --service-account-issuer=https://kubernetes.default.svc.cluster.local --service-account-key-file=/var/lib/rancher/k3s/server/tls/service.key --service-account-signing-key-file=/var/lib/rancher/k3s/server/tls/service.current.key --service-cluster-ip-range=10.43.0.0/16 --service-node-port-range=30000-32767 --storage-backend=etcd3 --tls-cert-file=/var/lib/rancher/k3s/server/tls/serving-kube-apiserver.crt --tls-cipher-suites=TLS_ECDHE_ECDSA_WITH_AES_256_GCM_SHA384,TLS_ECDHE_RSA_WITH_AES_256_GCM_SHA384,TLS_ECDHE_ECDSA_WITH_AES_128_GCM_SHA256,TLS_ECDHE_RSA_WITH_AES_128_GCM_SHA256,TLS_ECDHE_ECDSA_WITH_CHACHA20_POLY1305,TLS_ECDHE_RSA_WITH_CHACHA20_POLY1305 --tls-private-key-file=/var/lib/rancher/k3s/server/tls/serving-kube-apiserver.key
2025-01-27 17:04:26,005 INFO c.h.h.t.HelmChartContainer - [K3S] [INFO] Running kube-scheduler --authentication-kubeconfig=/var/lib/rancher/k3s/server/cred/scheduler.kubeconfig --authorization-kubeconfig=/var/lib/rancher/k3s/server/cred/scheduler.kubeconfig --bind-address=127.0.0.1 --kubeconfig=/var/lib/rancher/k3s/server/cred/scheduler.kubeconfig --leader-elect=false --profiling=false --secure-port=10259
2025-01-27 17:04:26,005 INFO c.h.h.t.HelmChartContainer - [K3S] [registry.go:256] calling componentGlobalsRegistry.AddFlags more than once, the registry will be set by the latest flags
2025-01-27 17:04:26,005 INFO c.h.h.t.HelmChartContainer - [K3S] [INFO] Waiting for API server to become available
2025-01-27 17:04:26,006 INFO c.h.h.t.HelmChartContainer - [K3S] [INFO] Running kube-controller-manager --allocate-node-cidrs=true --authentication-kubeconfig=/var/lib/rancher/k3s/server/cred/controller.kubeconfig --authorization-kubeconfig=/var/lib/rancher/k3s/server/cred/controller.kubeconfig --bind-address=127.0.0.1 --cluster-cidr=10.42.0.0/16 --cluster-signing-kube-apiserver-client-cert-file=/var/lib/rancher/k3s/server/tls/client-ca.nochain.crt --cluster-signing-kube-apiserver-client-key-file=/var/lib/rancher/k3s/server/tls/client-ca.key --cluster-signing-kubelet-client-cert-file=/var/lib/rancher/k3s/server/tls/client-ca.nochain.crt --cluster-signing-kubelet-client-key-file=/var/lib/rancher/k3s/server/tls/client-ca.key --cluster-signing-kubelet-serving-cert-file=/var/lib/rancher/k3s/server/tls/server-ca.nochain.crt --cluster-signing-kubelet-serving-key-file=/var/lib/rancher/k3s/server/tls/server-ca.key --cluster-signing-legacy-unknown-cert-file=/var/lib/rancher/k3s/server/tls/server-ca.nochain.crt --cluster-signing-legacy-unknown-key-file=/var/lib/rancher/k3s/server/tls/server-ca.key --configure-cloud-routes=false --controllers=*,tokencleaner,-service,-route,-cloud-node-lifecycle --kubeconfig=/var/lib/rancher/k3s/server/cred/controller.kubeconfig --leader-elect=false --profiling=false --root-ca-file=/var/lib/rancher/k3s/server/tls/server-ca.crt --secure-port=10257 --service-account-private-key-file=/var/lib/rancher/k3s/server/tls/service.current.key --service-cluster-ip-range=10.43.0.0/16 --use-service-account-credentials=true
2025-01-27 17:04:26,007 INFO c.h.h.t.HelmChartContainer - [K3S] [options.go:299] unable to set WatchListClient feature gate, err: cannot override default for feature "WatchListClient": gates already added to a flag set
2025-01-27 17:04:26,008 INFO c.h.h.t.HelmChartContainer - [K3S] [registry.go:256] calling componentGlobalsRegistry.AddFlags more than once, the registry will be set by the latest flags
2025-01-27 17:04:26,008 INFO c.h.h.t.HelmChartContainer - [K3S] [INFO] Running cloud-controller-manager --allocate-node-cidrs=true --authentication-kubeconfig=/var/lib/rancher/k3s/server/cred/cloud-controller.kubeconfig --authorization-kubeconfig=/var/lib/rancher/k3s/server/cred/cloud-controller.kubeconfig --bind-address=127.0.0.1 --cloud-config=/var/lib/rancher/k3s/server/etc/cloud-config.yaml --cloud-provider=k3s --cluster-cidr=10.42.0.0/16 --configure-cloud-routes=false --controllers=*,-route --kubeconfig=/var/lib/rancher/k3s/server/cred/cloud-controller.kubeconfig --leader-elect=false --leader-elect-resource-name=k3s-cloud-controller-manager --node-status-update-frequency=1m0s --profiling=false
2025-01-27 17:04:26,008 INFO c.h.h.t.HelmChartContainer - [K3S] [registry.go:256] calling componentGlobalsRegistry.AddFlags more than once, the registry will be set by the latest flags
2025-01-27 17:04:26,008 INFO c.h.h.t.HelmChartContainer - [K3S] [options.go:238] external host was not specified, using 172.18.0.2
2025-01-27 17:04:26,009 INFO c.h.h.t.HelmChartContainer - [K3S] [INFO] Server node token is available at /var/lib/rancher/k3s/server/token
2025-01-27 17:04:26,009 INFO c.h.h.t.HelmChartContainer - [K3S] [INFO] To join server node to cluster: k3s server -s https://172.18.0.2:6443 -t ${SERVER_NODE_TOKEN}
2025-01-27 17:04:26,009 INFO c.h.h.t.HelmChartContainer - [K3S] [INFO] Agent node token is available at /var/lib/rancher/k3s/server/agent-token
2025-01-27 17:04:26,009 INFO c.h.h.t.HelmChartContainer - [K3S] [INFO] To join agent node to cluster: k3s agent -s https://172.18.0.2:6443 -t ${AGENT_NODE_TOKEN}
2025-01-27 17:04:26,009 INFO c.h.h.t.HelmChartContainer - [K3S] [INFO] Wrote kubeconfig /etc/rancher/k3s/k3s.yaml
2025-01-27 17:04:26,009 INFO c.h.h.t.HelmChartContainer - [K3S] [INFO] Run: k3s kubectl
2025-01-27 17:04:26,009 INFO c.h.h.t.HelmChartContainer - [K3S] [server.go:151] Version: v1.32.0+k3s1
2025-01-27 17:04:26,009 INFO c.h.h.t.HelmChartContainer - [K3S] [server.go:153] "Golang settings" GOGC="" GOMAXPROCS="" GOTRACEBACK=""
2025-01-27 17:04:26,235 INFO c.h.h.t.HelmChartContainer - [K3S] [plugins.go:157] Loaded 13 mutating admission controller(s) successfully in the following order: NamespaceLifecycle,LimitRanger,ServiceAccount,NodeRestriction,TaintNodesByCondition,Priority,DefaultTolerationSeconds,DefaultStorageClass,StorageObjectInUseProtection,RuntimeClass,DefaultIngressClass,MutatingAdmissionPolicy,MutatingAdmissionWebhook.
2025-01-27 17:04:26,236 INFO c.h.h.t.HelmChartContainer - [K3S] [plugins.go:160] Loaded 13 validating admission controller(s) successfully in the following order: LimitRanger,ServiceAccount,PodSecurity,Priority,PersistentVolumeClaimResize,RuntimeClass,CertificateApproval,CertificateSigning,ClusterTrustBundleAttest,CertificateSubjectRestriction,ValidatingAdmissionPolicy,ValidatingAdmissionWebhook,ResourceQuota.
2025-01-27 17:04:26,236 INFO c.h.h.t.HelmChartContainer - [K3S] [instance.go:233] Using reconciler: lease
2025-01-27 17:04:26,301 INFO c.h.h.t.HelmChartContainer - [K3S] [apis.go:106] API group "internal.apiserver.k8s.io" is not enabled, skipping.
2025-01-27 17:04:26,361 INFO c.h.h.t.HelmChartContainer - [K3S] [apis.go:106] API group "storagemigration.k8s.io" is not enabled, skipping.
2025-01-27 17:04:26,390 INFO c.h.h.t.HelmChartContainer - [K3S] [apis.go:106] API group "resource.k8s.io" is not enabled, skipping.
2025-01-27 17:04:26,661 INFO c.h.h.t.HelmChartContainer - [K3S] [INFO] Password verified locally for node 577ee0c7fff4
2025-01-27 17:04:26,748 INFO c.h.h.t.HelmChartContainer - [K3S] [dynamic_cafile_content.go:161] "Starting controller" name="request-header::/var/lib/rancher/k3s/server/tls/request-header-ca.crt"
2025-01-27 17:04:26,749 INFO c.h.h.t.HelmChartContainer - [K3S] [dynamic_cafile_content.go:161] "Starting controller" name="client-ca-bundle::/var/lib/rancher/k3s/server/tls/client-ca.crt"
2025-01-27 17:04:26,749 INFO c.h.h.t.HelmChartContainer - [K3S] [secure_serving.go:213] Serving securely on 127.0.0.1:6444
2025-01-27 17:04:26,750 INFO c.h.h.t.HelmChartContainer - [K3S] [dynamic_serving_content.go:135] "Starting controller" name="serving-cert::/var/lib/rancher/k3s/server/tls/serving-kube-apiserver.crt::/var/lib/rancher/k3s/server/tls/serving-kube-apiserver.key"
2025-01-27 17:04:26,750 INFO c.h.h.t.HelmChartContainer - [K3S] [tlsconfig.go:243] "Starting DynamicServingCertificateController"
2025-01-27 17:04:26,751 INFO c.h.h.t.HelmChartContainer - [K3S] [gc_controller.go:78] Starting apiserver lease garbage collector
2025-01-27 17:04:26,751 INFO c.h.h.t.HelmChartContainer - [K3S] [apiservice_controller.go:100] Starting APIServiceRegistrationController
2025-01-27 17:04:26,751 INFO c.h.h.t.HelmChartContainer - [K3S] [dynamic_serving_content.go:135] "Starting controller" name="aggregator-proxy-cert::/var/lib/rancher/k3s/server/tls/client-auth-proxy.crt::/var/lib/rancher/k3s/server/tls/client-auth-proxy.key"
2025-01-27 17:04:26,751 INFO c.h.h.t.HelmChartContainer - [K3S] [cluster_authentication_trust_controller.go:462] Starting cluster_authentication_trust_controller controller
2025-01-27 17:04:26,751 INFO c.h.h.t.HelmChartContainer - [K3S] [system_namespaces_controller.go:66] Starting system namespaces controller
2025-01-27 17:04:26,751 INFO c.h.h.t.HelmChartContainer - [K3S] [controller.go:80] Starting OpenAPI V3 AggregationController
2025-01-27 17:04:26,751 INFO c.h.h.t.HelmChartContainer - [K3S] [controller.go:78] Starting OpenAPI AggregationController
2025-01-27 17:04:26,751 INFO c.h.h.t.HelmChartContainer - [K3S] [controller.go:119] Starting legacy_token_tracking_controller
2025-01-27 17:04:26,752 INFO c.h.h.t.HelmChartContainer - [K3S] [aggregator.go:169] waiting for initial CRD sync...
2025-01-27 17:04:26,752 INFO c.h.h.t.HelmChartContainer - [K3S] [remote_available_controller.go:411] Starting RemoteAvailability controller
2025-01-27 17:04:26,752 INFO c.h.h.t.HelmChartContainer - [K3S] [customresource_discovery_controller.go:292] Starting DiscoveryController
2025-01-27 17:04:26,752 INFO c.h.h.t.HelmChartContainer - [K3S] [local_available_controller.go:156] Starting LocalAvailability controller
2025-01-27 17:04:26,752 INFO c.h.h.t.HelmChartContainer - [K3S] [crdregistration_controller.go:114] Starting crd-autoregister controller
2025-01-27 17:04:26,752 INFO c.h.h.t.HelmChartContainer - [K3S] [controller.go:142] Starting OpenAPI controller
2025-01-27 17:04:26,754 INFO c.h.h.t.HelmChartContainer - [K3S] [controller.go:90] Starting OpenAPI V3 controller
2025-01-27 17:04:26,754 INFO c.h.h.t.HelmChartContainer - [K3S] [naming_controller.go:294] Starting NamingConditionController
2025-01-27 17:04:26,754 INFO c.h.h.t.HelmChartContainer - [K3S] [establishing_controller.go:81] Starting EstablishingController
2025-01-27 17:04:26,754 INFO c.h.h.t.HelmChartContainer - [K3S] [nonstructuralschema_controller.go:195] Starting NonStructuralSchemaConditionController
2025-01-27 17:04:26,755 INFO c.h.h.t.HelmChartContainer - [K3S] [apiapproval_controller.go:189] Starting KubernetesAPIApprovalPolicyConformantConditionController
2025-01-27 17:04:26,755 INFO c.h.h.t.HelmChartContainer - [K3S] [crd_finalizer.go:269] Starting CRDFinalizer
2025-01-27 17:04:26,755 INFO c.h.h.t.HelmChartContainer - [K3S] [dynamic_cafile_content.go:161] "Starting controller" name="client-ca-bundle::/var/lib/rancher/k3s/server/tls/client-ca.crt"
2025-01-27 17:04:26,755 INFO c.h.h.t.HelmChartContainer - [K3S] [dynamic_cafile_content.go:161] "Starting controller" name="request-header::/var/lib/rancher/k3s/server/tls/request-header-ca.crt"
2025-01-27 17:04:26,755 INFO c.h.h.t.HelmChartContainer - [K3S] [apf_controller.go:377] Starting API Priority and Fairness config controller
2025-01-27 17:04:26,831 INFO c.h.h.t.HelmChartContainer - [K3S] [policy_source.go:240] refreshing policies
2025-01-27 17:04:26,853 INFO c.h.h.t.HelmChartContainer - [K3S] [handler_discovery.go:451] Starting ResourceDiscoveryManager
2025-01-27 17:04:26,853 INFO c.h.h.t.HelmChartContainer - [K3S] [aggregator.go:171] initial CRD sync complete...
2025-01-27 17:04:26,853 INFO c.h.h.t.HelmChartContainer - [K3S] [autoregister_controller.go:144] Starting autoregister controller
2025-01-27 17:04:26,855 INFO c.h.h.t.HelmChartContainer - [K3S] [apf_controller.go:382] Running API Priority and Fairness config worker
2025-01-27 17:04:26,855 INFO c.h.h.t.HelmChartContainer - [K3S] [apf_controller.go:385] Running API Priority and Fairness periodic rebalancing process
2025-01-27 17:04:26,905 INFO c.h.h.t.HelmChartContainer - [K3S] [controller.go:95] Unable to perform initial Kubernetes service initialization: namespaces "default" not found
2025-01-27 17:04:27,179 INFO c.h.h.t.HelmChartContainer - [K3S] [WARNING] Host resolv.conf includes loopback or multicast nameservers - kubelet will use autogenerated resolv.conf with nameserver 8.8.8.8
2025-01-27 17:04:27,188 INFO c.h.h.t.HelmChartContainer - [K3S] [INFO] Module overlay was already loaded
2025-01-27 17:04:27,188 INFO c.h.h.t.HelmChartContainer - [K3S] [INFO] Module nf_conntrack was already loaded
2025-01-27 17:04:27,188 INFO c.h.h.t.HelmChartContainer - [K3S] [INFO] Module br_netfilter was already loaded
2025-01-27 17:04:27,193 INFO c.h.h.t.HelmChartContainer - [K3S] [INFO] Set sysctl 'net/netfilter/nf_conntrack_max' to 131072
2025-01-27 17:04:27,194 INFO c.h.h.t.HelmChartContainer - [K3S] [INFO] Set sysctl 'net/netfilter/nf_conntrack_tcp_timeout_established' to 86400
2025-01-27 17:04:27,194 INFO c.h.h.t.HelmChartContainer - [K3S] [INFO] Set sysctl 'net/netfilter/nf_conntrack_tcp_timeout_close_wait' to 3600
2025-01-27 17:04:27,196 INFO c.h.h.t.HelmChartContainer - [K3S] [INFO] Logging containerd to /var/lib/rancher/k3s/agent/containerd/containerd.log
2025-01-27 17:04:27,196 INFO c.h.h.t.HelmChartContainer - [K3S] [INFO] Running containerd -c /var/lib/rancher/k3s/agent/etc/containerd/config.toml -a /run/k3s/containerd/containerd.sock --state /run/k3s/containerd --root /var/lib/rancher/k3s/agent/containerd
2025-01-27 17:04:27,754 INFO c.h.h.t.HelmChartContainer - [K3S] [storage_scheduling.go:95] created PriorityClass system-node-critical with value 2000001000
2025-01-27 17:04:27,757 INFO c.h.h.t.HelmChartContainer - [K3S] [storage_scheduling.go:95] created PriorityClass system-cluster-critical with value 2000000000
2025-01-27 17:04:27,757 INFO c.h.h.t.HelmChartContainer - [K3S] [storage_scheduling.go:111] all system priority classes are created successfully or already exist.
2025-01-27 17:04:28,112 INFO c.h.h.t.HelmChartContainer - [K3S] [alloc.go:330] "allocated clusterIPs" service="default/kubernetes" clusterIPs={"IPv4":"10.43.0.1"}
2025-01-27 17:04:28,115 INFO c.h.h.t.HelmChartContainer - [K3S] [lease.go:265] Resetting endpoints for master service "kubernetes" to [172.18.0.2]
2025-01-27 17:04:28,201 INFO c.h.h.t.HelmChartContainer - [K3S] [INFO] containerd is now running
2025-01-27 17:04:28,202 INFO c.h.h.t.HelmChartContainer - [K3S] [INFO] Connecting to proxy" url="wss://127.0.0.1:6443/v1-k3s/connect
2025-01-27 17:04:28,203 INFO c.h.h.t.HelmChartContainer - [K3S] [INFO] Creating k3s-cert-monitor event broadcaster
2025-01-27 17:04:28,204 INFO c.h.h.t.HelmChartContainer - [K3S] [INFO] Running kubelet --cloud-provider=external --config-dir=/var/lib/rancher/k3s/agent/etc/kubelet.conf.d --containerd=/run/k3s/containerd/containerd.sock --hostname-override=577ee0c7fff4 --kubeconfig=/var/lib/rancher/k3s/agent/kubelet.kubeconfig --node-ip=172.18.0.2 --node-labels=
2025-01-27 17:04:28,208 INFO c.h.h.t.HelmChartContainer - [K3S] [INFO] Handling backend connection request [577ee0c7fff4]
2025-01-27 17:04:28,208 INFO c.h.h.t.HelmChartContainer - [K3S] [INFO] Remotedialer connected to proxy" url="wss://127.0.0.1:6443/v1-k3s/connect
2025-01-27 17:04:28,214 INFO c.h.h.t.HelmChartContainer - [K3S] Flag --containerd has been deprecated, This is a cadvisor flag that was mistakenly registered with the Kubelet. Due to legacy concerns, it will follow the standard CLI deprecation timeline before being removed.
2025-01-27 17:04:28,219 INFO c.h.h.t.HelmChartContainer - [K3S] [server.go:515] "Kubelet version" kubeletVersion="v1.32.0+k3s1"
2025-01-27 17:04:28,219 INFO c.h.h.t.HelmChartContainer - [K3S] [server.go:517] "Golang settings" GOGC="" GOMAXPROCS="" GOTRACEBACK=""
2025-01-27 17:04:28,222 INFO c.h.h.t.HelmChartContainer - [K3S] [dynamic_cafile_content.go:161] "Starting controller" name="client-ca-bundle::/var/lib/rancher/k3s/agent/client-ca.crt"
2025-01-27 17:04:28,227 INFO c.h.h.t.HelmChartContainer - [K3S] [log.go:32] "RuntimeConfig from runtime service failed" err="rpc error: code = Unimplemented desc = method RuntimeConfig not implemented"
2025-01-27 17:04:28,227 INFO c.h.h.t.HelmChartContainer - [K3S] [server.go:1416] "CRI implementation should be updated to support RuntimeConfig when KubeletCgroupDriverFromCRI feature gate has been enabled. Falling back to using cgroupDriver from kubelet config."
2025-01-27 17:04:28,231 INFO c.h.h.t.HelmChartContainer - [K3S] [info.go:53] Couldn't collect info from any of the files in "/etc/machine-id,/var/lib/dbus/machine-id"
2025-01-27 17:04:28,232 INFO c.h.h.t.HelmChartContainer - [K3S] [server.go:767] "--cgroups-per-qos enabled, but --cgroup-root was not specified.  defaulting to /"
2025-01-27 17:04:28,232 INFO c.h.h.t.HelmChartContainer - [K3S] [server.go:836] "NoSwap is set due to memorySwapBehavior not specified" memorySwapBehavior="" FailSwapOn=false
2025-01-27 17:04:28,232 INFO c.h.h.t.HelmChartContainer - [K3S] [swap_util.go:115] "Swap is on" /proc/swaps contents=<
2025-01-27 17:04:28,232 INFO c.h.h.t.HelmChartContainer - [K3S] 	Filename				Type		Size		Used		Priority
2025-01-27 17:04:28,232 INFO c.h.h.t.HelmChartContainer - [K3S] 	/mnt/swapfile                           file		4194300		0		-2
2025-01-27 17:04:28,233 INFO c.h.h.t.HelmChartContainer - [K3S]  >
2025-01-27 17:04:28,235 INFO c.h.h.t.HelmChartContainer - [K3S] [container_manager_linux.go:268] "Container manager verified user specified cgroup-root exists" cgroupRoot=[]
2025-01-27 17:04:28,236 INFO c.h.h.t.HelmChartContainer - [K3S] [container_manager_linux.go:273] "Creating Container Manager object based on Node Config" nodeConfig={"NodeName":"577ee0c7fff4","RuntimeCgroupsName":"","SystemCgroupsName":"","KubeletCgroupsName":"/k3s","KubeletOOMScoreAdj":-999,"ContainerRuntime":"","CgroupsPerQOS":true,"CgroupRoot":"/","CgroupDriver":"cgroupfs","KubeletRootDir":"/var/lib/kubelet","ProtectKernelDefaults":false,"KubeReservedCgroupName":"","SystemReservedCgroupName":"","ReservedSystemCPUs":{},"EnforceNodeAllocatable":{"pods":{}},"KubeReserved":null,"SystemReserved":null,"HardEvictionThresholds":[{"Signal":"imagefs.available","Operator":"LessThan","Value":{"Quantity":null,"Percentage":0.05},"GracePeriod":0,"MinReclaim":null},{"Signal":"nodefs.available","Operator":"LessThan","Value":{"Quantity":null,"Percentage":0.05},"GracePeriod":0,"MinReclaim":null}],"QOSReserved":{},"CPUManagerPolicy":"none","CPUManagerPolicyOptions":null,"TopologyManagerScope":"container","CPUManagerReconcilePeriod":10000000000,"ExperimentalMemoryManagerPolicy":"None","ExperimentalMemoryManagerReservedMemory":null,"PodPidsLimit":-1,"EnforceCPULimits":true,"CPUCFSQuotaPeriod":100000000,"TopologyManagerPolicy":"none","TopologyManagerPolicyOptions":null,"CgroupVersion":2}
2025-01-27 17:04:28,236 INFO c.h.h.t.HelmChartContainer - [K3S] [topology_manager.go:138] "Creating topology manager with none policy"
2025-01-27 17:04:28,236 INFO c.h.h.t.HelmChartContainer - [K3S] [container_manager_linux.go:304] "Creating device plugin manager"
2025-01-27 17:04:28,236 INFO c.h.h.t.HelmChartContainer - [K3S] [state_mem.go:36] "Initialized new in-memory state store"
2025-01-27 17:04:28,236 INFO c.h.h.t.HelmChartContainer - [K3S] [kubelet.go:446] "Attempting to sync node with API server"
2025-01-27 17:04:28,236 INFO c.h.h.t.HelmChartContainer - [K3S] [kubelet.go:341] "Adding static pod path" path="/var/lib/rancher/k3s/agent/pod-manifests"
2025-01-27 17:04:28,236 INFO c.h.h.t.HelmChartContainer - [K3S] [kubelet.go:352] "Adding apiserver pod source"
2025-01-27 17:04:28,236 INFO c.h.h.t.HelmChartContainer - [K3S] [apiserver.go:42] "Waiting for node sync before watching apiserver pods"
2025-01-27 17:04:28,237 INFO c.h.h.t.HelmChartContainer - [K3S] [kuberuntime_manager.go:269] "Container runtime initialized" containerRuntime="containerd" version="v1.7.23-k3s2" apiVersion="v1"
2025-01-27 17:04:28,238 INFO c.h.h.t.HelmChartContainer - [K3S] [kubelet.go:890] "Not starting ClusterTrustBundle informer because we are in static kubelet mode"
2025-01-27 17:04:28,241 INFO c.h.h.t.HelmChartContainer - [K3S] [probe.go:272] Flexvolume plugin directory at /usr/libexec/kubernetes/kubelet-plugins/volume/exec/ does not exist. Recreating.
2025-01-27 17:04:28,242 INFO c.h.h.t.HelmChartContainer - [K3S] [watchdog_linux.go:99] "Systemd watchdog is not enabled"
2025-01-27 17:04:28,242 INFO c.h.h.t.HelmChartContainer - [K3S] [server.go:1282] "Started kubelet"
2025-01-27 17:04:28,245 INFO c.h.h.t.HelmChartContainer - [K3S] [fs_resource_analyzer.go:67] "Starting FS ResourceAnalyzer"
2025-01-27 17:04:28,252 INFO c.h.h.t.HelmChartContainer - [K3S] [server.go:169] "Starting to listen" address="0.0.0.0" port=10250
2025-01-27 17:04:28,253 INFO c.h.h.t.HelmChartContainer - [K3S] [server.go:208] "Starting to listen read-only" address="0.0.0.0" port=10255
2025-01-27 17:04:28,256 INFO c.h.h.t.HelmChartContainer - [K3S] [ratelimit.go:55] "Setting rate limiting for endpoint" service="podresources" qps=100 burstTokens=10
2025-01-27 17:04:28,256 INFO c.h.h.t.HelmChartContainer - [K3S] [server.go:243] "Starting to serve the podresources API" endpoint="unix:/var/lib/kubelet/pod-resources/kubelet.sock"
2025-01-27 17:04:28,257 INFO c.h.h.t.HelmChartContainer - [K3S] [dynamic_serving_content.go:135] "Starting controller" name="kubelet-server-cert-files::/var/lib/rancher/k3s/agent/serving-kubelet.crt::/var/lib/rancher/k3s/agent/serving-kubelet.key"
2025-01-27 17:04:28,260 INFO c.h.h.t.HelmChartContainer - [K3S] [volume_manager.go:297] "Starting Kubelet Volume Manager"
2025-01-27 17:04:28,260 INFO c.h.h.t.HelmChartContainer - [K3S] [kubelet_node_status.go:467] "Error getting the current node from lister" err="node \"577ee0c7fff4\" not found"
2025-01-27 17:04:28,260 INFO c.h.h.t.HelmChartContainer - [K3S] [desired_state_of_world_populator.go:149] "Desired state populator starts to run"
2025-01-27 17:04:28,261 INFO c.h.h.t.HelmChartContainer - [K3S] [reconciler.go:26] "Reconciler: start to sync state"
2025-01-27 17:04:28,266 INFO c.h.h.t.HelmChartContainer - [K3S] [factory.go:221] Registration of the systemd container factory successfully
2025-01-27 17:04:28,267 INFO c.h.h.t.HelmChartContainer - [K3S] [factory.go:219] Registration of the crio container factory failed: Get "http://%2Fvar%2Frun%2Fcrio%2Fcrio.sock/info": dial unix /var/run/crio/crio.sock: connect: no such file or directory
2025-01-27 17:04:28,268 INFO c.h.h.t.HelmChartContainer - [K3S] [server.go:490] "Adding debug handlers to kubelet server"
2025-01-27 17:04:28,271 INFO c.h.h.t.HelmChartContainer - [K3S] [kubelet.go:1561] "Image garbage collection failed once. Stats initialization may not have completed yet" err="invalid capacity 0 on image filesystem"
2025-01-27 17:04:28,273 INFO c.h.h.t.HelmChartContainer - [K3S] [factory.go:221] Registration of the containerd container factory successfully
2025-01-27 17:04:28,278 INFO c.h.h.t.HelmChartContainer - [K3S] [nodelease.go:49] "Failed to get node when trying to set owner ref to the node lease" err="nodes \"577ee0c7fff4\" not found" node="577ee0c7fff4"
2025-01-27 17:04:28,301 INFO c.h.h.t.HelmChartContainer - [K3S] [kubelet_network_linux.go:50] "Initialized iptables rules." protocol="IPv4"
2025-01-27 17:04:28,303 INFO c.h.h.t.HelmChartContainer - [K3S] [kubelet_network_linux.go:50] "Initialized iptables rules." protocol="IPv6"
2025-01-27 17:04:28,304 INFO c.h.h.t.HelmChartContainer - [K3S] [status_manager.go:227] "Starting to sync pod status with apiserver"
2025-01-27 17:04:28,304 INFO c.h.h.t.HelmChartContainer - [K3S] [watchdog_linux.go:127] "Systemd watchdog is not enabled or the interval is invalid, so health checking will not be started."
2025-01-27 17:04:28,304 INFO c.h.h.t.HelmChartContainer - [K3S] [kubelet.go:2388] "Starting kubelet main sync loop"
2025-01-27 17:04:28,304 INFO c.h.h.t.HelmChartContainer - [K3S] [kubelet.go:2412] "Skipping pod synchronization" err="[container runtime status check may not have completed yet, PLEG is not healthy: pleg has yet to be successful]"
2025-01-27 17:04:28,308 INFO c.h.h.t.HelmChartContainer - [K3S] [cpu_manager.go:221] "Starting CPU manager" policy="none"
2025-01-27 17:04:28,308 INFO c.h.h.t.HelmChartContainer - [K3S] [cpu_manager.go:222] "Reconciling" reconcilePeriod="10s"
2025-01-27 17:04:28,308 INFO c.h.h.t.HelmChartContainer - [K3S] [state_mem.go:36] "Initialized new in-memory state store"
2025-01-27 17:04:28,310 INFO c.h.h.t.HelmChartContainer - [K3S] [policy_none.go:49] "None policy: Start"
2025-01-27 17:04:28,310 INFO c.h.h.t.HelmChartContainer - [K3S] [memory_manager.go:186] "Starting memorymanager" policy="None"
2025-01-27 17:04:28,311 INFO c.h.h.t.HelmChartContainer - [K3S] [state_mem.go:35] "Initializing new in-memory state store"
2025-01-27 17:04:28,314 INFO c.h.h.t.HelmChartContainer - [K3S] [manager.go:519] "Failed to read data from checkpoint" checkpoint="kubelet_internal_checkpoint" err="checkpoint is not found"
2025-01-27 17:04:28,315 INFO c.h.h.t.HelmChartContainer - [K3S] [eviction_manager.go:189] "Eviction manager: starting control loop"
2025-01-27 17:04:28,315 INFO c.h.h.t.HelmChartContainer - [K3S] [container_log_manager.go:189] "Initializing container log rotate workers" workers=1 monitorPeriod="10s"
2025-01-27 17:04:28,322 INFO c.h.h.t.HelmChartContainer - [K3S] [plugin_manager.go:118] "Starting Kubelet Plugin Manager"
2025-01-27 17:04:28,323 INFO c.h.h.t.HelmChartContainer - [K3S] [eviction_manager.go:267] "eviction manager: failed to check if we have separate container filesystem. Ignoring." err="no imagefs label for configured runtime"
2025-01-27 17:04:28,323 INFO c.h.h.t.HelmChartContainer - [K3S] [eviction_manager.go:292] "Eviction manager: failed to get summary stats" err="failed to get node info: node \"577ee0c7fff4\" not found"
2025-01-27 17:04:28,375 INFO c.h.h.t.HelmChartContainer - [K3S] [ERROR] Sending HTTP/1.1 503 response to 127.0.0.1:37328: runtime core not ready
2025-01-27 17:04:28,416 INFO c.h.h.t.HelmChartContainer - [K3S] [kubelet_node_status.go:76] "Attempting to register node" node="577ee0c7fff4"
2025-01-27 17:04:28,420 INFO c.h.h.t.HelmChartContainer - [K3S] [kubelet_node_status.go:79] "Successfully registered node" node="577ee0c7fff4"
2025-01-27 17:04:28,421 INFO c.h.h.t.HelmChartContainer - [K3S] [kubelet_node_status.go:549] "Error updating node status, will retry" err="error getting node \"577ee0c7fff4\": node \"577ee0c7fff4\" not found"
2025-01-27 17:04:28,426 INFO c.h.h.t.HelmChartContainer - [K3S] [INFO] Annotations and labels have been set successfully on node: 577ee0c7fff4
2025-01-27 17:04:28,427 INFO c.h.h.t.HelmChartContainer - [K3S] [INFO] Starting flannel with backend vxlan
2025-01-27 17:04:28,462 INFO c.h.h.t.HelmChartContainer - [K3S] [INFO] Running kube-proxy --cluster-cidr=10.42.0.0/16 --conntrack-max-per-core=0 --conntrack-tcp-timeout-close-wait=0s --conntrack-tcp-timeout-established=0s --healthz-bind-address=127.0.0.1 --hostname-override=577ee0c7fff4 --kubeconfig=/var/lib/rancher/k3s/agent/kubeproxy.kubeconfig --proxy-mode=iptables
2025-01-27 17:04:28,508 INFO c.h.h.t.HelmChartContainer - [K3S] [server.go:698] "Successfully retrieved node IP(s)" IPs=["172.18.0.2"]
2025-01-27 17:04:28,508 INFO c.h.h.t.HelmChartContainer - [K3S] [server.go:234] "Kube-proxy configuration may be incomplete or incorrect" err="nodePortAddresses is unset; NodePort connections will be accepted on all local IPs. Consider using `--nodeport-addresses primary`"
2025-01-27 17:04:28,511 INFO c.h.h.t.HelmChartContainer - [K3S] [server.go:243] "kube-proxy running in dual-stack mode" primary ipFamily="IPv4"
2025-01-27 17:04:28,511 INFO c.h.h.t.HelmChartContainer - [K3S] [server_linux.go:170] "Using iptables Proxier"
2025-01-27 17:04:28,512 INFO c.h.h.t.HelmChartContainer - [K3S] [proxier.go:255] "Setting route_localnet=1 to allow node-ports on localhost; to change this either disable iptables.localhostNodePorts (--iptables-localhost-nodeports) or set nodePortAddresses (--nodeport-addresses) to filter loopback addresses"
2025-01-27 17:04:28,517 INFO c.h.h.t.HelmChartContainer - [K3S] [server.go:497] "Version info" version="v1.32.0+k3s1"
2025-01-27 17:04:28,518 INFO c.h.h.t.HelmChartContainer - [K3S] [server.go:499] "Golang settings" GOGC="" GOMAXPROCS="" GOTRACEBACK=""
2025-01-27 17:04:28,519 INFO c.h.h.t.HelmChartContainer - [K3S] [config.go:199] "Starting service config controller"
2025-01-27 17:04:28,520 INFO c.h.h.t.HelmChartContainer - [K3S] [config.go:105] "Starting endpoint slice config controller"
2025-01-27 17:04:28,520 INFO c.h.h.t.HelmChartContainer - [K3S] [config.go:329] "Starting node config controller"
2025-01-27 17:04:28,625 INFO c.h.h.t.HelmChartContainer - [K3S] [kubelet_node_status.go:502] "Fast updating node status as it just became ready"
2025-01-27 17:04:29,011 INFO c.h.h.t.HelmChartContainer - [K3S] [INFO] Waiting for cloud-controller-manager privileges to become available
2025-01-27 17:04:29,012 INFO c.h.h.t.HelmChartContainer - [K3S] [INFO] Waiting for untainted node
2025-01-27 17:04:29,013 INFO c.h.h.t.HelmChartContainer - [K3S] [INFO] Kube API server is now running
2025-01-27 17:04:29,013 INFO c.h.h.t.HelmChartContainer - [K3S] [INFO] ETCD server is now running
2025-01-27 17:04:29,013 INFO c.h.h.t.HelmChartContainer - [K3S] [INFO] k3s is up and running
2025-01-27 17:04:29,014 INFO c.h.h.t.HelmChartContainer - [K3S] [INFO] Creating k3s-supervisor event broadcaster
2025-01-27 17:04:29,024 INFO c.h.h.t.HelmChartContainer - [K3S] [INFO] Applying CRD addons.k3s.cattle.io
2025-01-27 17:04:29,034 INFO c.h.h.t.HelmChartContainer - [K3S] [INFO] Applying CRD etcdsnapshotfiles.k3s.cattle.io
2025-01-27 17:04:29,047 INFO c.h.h.t.HelmChartContainer - [K3S] [INFO] Applying CRD helmcharts.helm.cattle.io
2025-01-27 17:04:29,060 INFO c.h.h.t.HelmChartContainer - [K3S] [INFO] Applying CRD helmchartconfigs.helm.cattle.io
2025-01-27 17:04:29,076 INFO c.h.h.t.HelmChartContainer - [K3S] [INFO] Waiting for CRD helmchartconfigs.helm.cattle.io to become available
2025-01-27 17:04:29,206 INFO c.h.h.t.HelmChartContainer - [K3S] [serving.go:392] Generated self-signed cert in-memory
2025-01-27 17:04:29,235 INFO c.h.h.t.HelmChartContainer - [K3S] [apiserver.go:52] "Watching apiserver"
2025-01-27 17:04:29,261 INFO c.h.h.t.HelmChartContainer - [K3S] [desired_state_of_world_populator.go:157] "Finished populating initial desired state of world"
2025-01-27 17:04:29,470 INFO c.h.h.t.HelmChartContainer - [K3S] [controllermanager.go:185] "Starting" version="v1.32.0+k3s1"
2025-01-27 17:04:29,470 INFO c.h.h.t.HelmChartContainer - [K3S] [controllermanager.go:187] "Golang settings" GOGC="" GOMAXPROCS="" GOTRACEBACK=""
2025-01-27 17:04:29,472 INFO c.h.h.t.HelmChartContainer - [K3S] [configmap_cafile_content.go:205] "Starting controller" name="client-ca::kube-system::extension-apiserver-authentication::client-ca-file"
2025-01-27 17:04:29,473 INFO c.h.h.t.HelmChartContainer - [K3S] [configmap_cafile_content.go:205] "Starting controller" name="client-ca::kube-system::extension-apiserver-authentication::requestheader-client-ca-file"
2025-01-27 17:04:29,473 INFO c.h.h.t.HelmChartContainer - [K3S] [requestheader_controller.go:180] Starting RequestHeaderAuthRequestController
2025-01-27 17:04:29,473 INFO c.h.h.t.HelmChartContainer - [K3S] [secure_serving.go:213] Serving securely on 127.0.0.1:10257
2025-01-27 17:04:29,473 INFO c.h.h.t.HelmChartContainer - [K3S] [tlsconfig.go:243] "Starting DynamicServingCertificateController"
2025-01-27 17:04:29,476 INFO c.h.h.t.HelmChartContainer - [K3S] [controllermanager.go:765] "Started controller" controller="serviceaccount-token-controller"
2025-01-27 17:04:29,476 INFO c.h.h.t.HelmChartContainer - [K3S] [controllermanager.go:723] "Skipping a cloud provider controller" controller="cloud-node-lifecycle-controller"
2025-01-27 17:04:29,483 INFO c.h.h.t.HelmChartContainer - [K3S] [controllermanager.go:765] "Started controller" controller="persistentvolume-attach-detach-controller"
2025-01-27 17:04:29,483 INFO c.h.h.t.HelmChartContainer - [K3S] [attach_detach_controller.go:338] "Starting attach detach controller"
2025-01-27 17:04:29,508 INFO c.h.h.t.HelmChartContainer - [K3S] [controllermanager.go:765] "Started controller" controller="validatingadmissionpolicy-status-controller"
2025-01-27 17:04:29,513 INFO c.h.h.t.HelmChartContainer - [K3S] [controllermanager.go:765] "Started controller" controller="taint-eviction-controller"
2025-01-27 17:04:29,513 INFO c.h.h.t.HelmChartContainer - [K3S] [controllermanager.go:717] "Controller is disabled by a feature gate" controller="service-cidr-controller" requiredFeatureGates=["MultiCIDRServiceAllocator"]
2025-01-27 17:04:29,515 INFO c.h.h.t.HelmChartContainer - [K3S] [taint_eviction.go:281] "Starting" controller="taint-eviction-controller"
2025-01-27 17:04:29,515 INFO c.h.h.t.HelmChartContainer - [K3S] [taint_eviction.go:287] "Sending events to api server"
2025-01-27 17:04:29,520 INFO c.h.h.t.HelmChartContainer - [K3S] [controllermanager.go:765] "Started controller" controller="deployment-controller"
2025-01-27 17:04:29,520 INFO c.h.h.t.HelmChartContainer - [K3S] [deployment_controller.go:173] "Starting controller" controller="deployment"
2025-01-27 17:04:29,531 INFO c.h.h.t.HelmChartContainer - [K3S] [controllermanager.go:765] "Started controller" controller="horizontal-pod-autoscaler-controller"
2025-01-27 17:04:29,531 INFO c.h.h.t.HelmChartContainer - [K3S] [horizontal.go:201] "Starting HPA controller"
2025-01-27 17:04:29,538 INFO c.h.h.t.HelmChartContainer - [K3S] [controllermanager.go:765] "Started controller" controller="token-cleaner-controller"
2025-01-27 17:04:29,539 INFO c.h.h.t.HelmChartContainer - [K3S] [tokencleaner.go:117] "Starting token cleaner controller"
2025-01-27 17:04:29,544 INFO c.h.h.t.HelmChartContainer - [K3S] [controllermanager.go:765] "Started controller" controller="ttl-controller"
2025-01-27 17:04:29,544 INFO c.h.h.t.HelmChartContainer - [K3S] [ttl_controller.go:127] "Starting TTL controller"
2025-01-27 17:04:29,549 INFO c.h.h.t.HelmChartContainer - [K3S] [controllermanager.go:765] "Started controller" controller="clusterrole-aggregation-controller"
2025-01-27 17:04:29,549 INFO c.h.h.t.HelmChartContainer - [K3S] [clusterroleaggregation_controller.go:194] "Starting ClusterRoleAggregator controller"
2025-01-27 17:04:29,554 INFO c.h.h.t.HelmChartContainer - [K3S] [controllermanager.go:765] "Started controller" controller="ttl-after-finished-controller"
2025-01-27 17:04:29,554 INFO c.h.h.t.HelmChartContainer - [K3S] [ttlafterfinished_controller.go:112] "Starting TTL after finished controller"
2025-01-27 17:04:29,579 INFO c.h.h.t.HelmChartContainer - [K3S] [INFO] Done waiting for CRD helmchartconfigs.helm.cattle.io to become available
2025-01-27 17:04:29,580 INFO c.h.h.t.HelmChartContainer - [K3S] [INFO] Writing static file: /var/lib/rancher/k3s/server/static/charts/traefik-27.0.201+up27.0.2.tgz
2025-01-27 17:04:29,580 INFO c.h.h.t.HelmChartContainer - [K3S] [INFO] Writing static file: /var/lib/rancher/k3s/server/static/charts/traefik-crd-27.0.201+up27.0.2.tgz
2025-01-27 17:04:29,581 INFO c.h.h.t.HelmChartContainer - [K3S] [INFO] Writing manifest: /var/lib/rancher/k3s/server/manifests/coredns.yaml
2025-01-27 17:04:29,581 INFO c.h.h.t.HelmChartContainer - [K3S] [INFO] Writing manifest: /var/lib/rancher/k3s/server/manifests/local-storage.yaml
2025-01-27 17:04:29,581 INFO c.h.h.t.HelmChartContainer - [K3S] [INFO] Writing manifest: /var/lib/rancher/k3s/server/manifests/metrics-server/auth-reader.yaml
2025-01-27 17:04:29,581 INFO c.h.h.t.HelmChartContainer - [K3S] [INFO] Writing manifest: /var/lib/rancher/k3s/server/manifests/runtimes.yaml
2025-01-27 17:04:29,582 INFO c.h.h.t.HelmChartContainer - [K3S] [INFO] Writing manifest: /var/lib/rancher/k3s/server/manifests/metrics-server/metrics-server-deployment.yaml
2025-01-27 17:04:29,582 INFO c.h.h.t.HelmChartContainer - [K3S] [INFO] Writing manifest: /var/lib/rancher/k3s/server/manifests/metrics-server/metrics-server-service.yaml
2025-01-27 17:04:29,582 INFO c.h.h.t.HelmChartContainer - [K3S] [INFO] Writing manifest: /var/lib/rancher/k3s/server/manifests/metrics-server/resource-reader.yaml
2025-01-27 17:04:29,582 INFO c.h.h.t.HelmChartContainer - [K3S] [INFO] Writing manifest: /var/lib/rancher/k3s/server/manifests/rolebindings.yaml
2025-01-27 17:04:29,582 INFO c.h.h.t.HelmChartContainer - [K3S] [INFO] Writing manifest: /var/lib/rancher/k3s/server/manifests/ccm.yaml
2025-01-27 17:04:29,582 INFO c.h.h.t.HelmChartContainer - [K3S] [INFO] Writing manifest: /var/lib/rancher/k3s/server/manifests/metrics-server/aggregated-metrics-reader.yaml
2025-01-27 17:04:29,582 INFO c.h.h.t.HelmChartContainer - [K3S] [INFO] Writing manifest: /var/lib/rancher/k3s/server/manifests/metrics-server/auth-delegator.yaml
2025-01-27 17:04:29,582 INFO c.h.h.t.HelmChartContainer - [K3S] [INFO] Writing manifest: /var/lib/rancher/k3s/server/manifests/metrics-server/metrics-apiservice.yaml
2025-01-27 17:04:29,583 INFO c.h.h.t.HelmChartContainer - [K3S] [INFO] Starting dynamiclistener CN filter node controller with SANs: [localhost 127.0.0.1 ::1 localhost 577ee0c7fff4 172.18.0.2 10.43.0.1 kubernetes kubernetes.default kubernetes.default.svc kubernetes.default.svc.cluster.local]
2025-01-27 17:04:29,584 INFO c.h.h.t.HelmChartContainer - [K3S] [INFO] Tunnel server egress proxy mode: agent
2025-01-27 17:04:29,680 INFO c.h.h.t.HelmChartContainer - [K3S] [controllermanager.go:765] "Started controller" controller="root-ca-certificate-publisher-controller"
2025-01-27 17:04:29,680 INFO c.h.h.t.HelmChartContainer - [K3S] [controllermanager.go:717] "Controller is disabled by a feature gate" controller="kube-apiserver-serving-clustertrustbundle-publisher-controller" requiredFeatureGates=["ClusterTrustBundle"]
2025-01-27 17:04:29,680 INFO c.h.h.t.HelmChartContainer - [K3S] [publisher.go:107] "Starting root CA cert publisher controller"
2025-01-27 17:04:29,689 INFO c.h.h.t.HelmChartContainer - [K3S] [INFO] Starting k3s.cattle.io/v1, Kind=Addon controller
2025-01-27 17:04:29,689 INFO c.h.h.t.HelmChartContainer - [K3S] [INFO] Creating deploy event broadcaster
2025-01-27 17:04:29,793 INFO c.h.h.t.HelmChartContainer - [K3S] [INFO] Starting /v1, Kind=Node controller
2025-01-27 17:04:29,794 INFO c.h.h.t.HelmChartContainer - [K3S] [INFO] Creating helm-controller event broadcaster
2025-01-27 17:04:29,809 INFO c.h.h.t.HelmChartContainer - [K3S] [INFO] Cluster dns configmap has been set successfully
2025-01-27 17:04:29,809 INFO c.h.h.t.HelmChartContainer - [K3S] [INFO] Labels and annotations have been set successfully on node: 577ee0c7fff4
2025-01-27 17:04:29,830 INFO c.h.h.t.HelmChartContainer - [K3S] [INFO] Starting /v1, Kind=Secret controller
2025-01-27 17:04:29,831 INFO c.h.h.t.HelmChartContainer - [K3S] [INFO] Starting /v1, Kind=ConfigMap controller
2025-01-27 17:04:29,831 INFO c.h.h.t.HelmChartContainer - [K3S] [INFO] Starting /v1, Kind=ServiceAccount controller
2025-01-27 17:04:29,837 INFO c.h.h.t.HelmChartContainer - [K3S] [INFO] Active TLS secret kube-system/k3s-serving (ver=241) (count 10): map[listener.cattle.io/cn-10.43.0.1:10.43.0.1 listener.cattle.io/cn-127.0.0.1:127.0.0.1 listener.cattle.io/cn-172.18.0.2:172.18.0.2 listener.cattle.io/cn-577ee0c7fff4:577ee0c7fff4 listener.cattle.io/cn-__1-f16284:::1 listener.cattle.io/cn-kubernetes:kubernetes listener.cattle.io/cn-kubernetes.default:kubernetes.default listener.cattle.io/cn-kubernetes.default.svc:kubernetes.default.svc listener.cattle.io/cn-kubernetes.default.svc.cluster.local:kubernetes.default.svc.cluster.local listener.cattle.io/cn-localhost:localhost listener.cattle.io/fingerprint:SHA1=F014B74906493668F544FD525042945CA2D583A5]
2025-01-27 17:04:29,839 INFO c.h.h.t.HelmChartContainer - [K3S] [controllermanager.go:765] "Started controller" controller="serviceaccount-controller"
2025-01-27 17:04:29,839 INFO c.h.h.t.HelmChartContainer - [K3S] [serviceaccounts_controller.go:114] "Starting service account controller"
2025-01-27 17:04:29,902 INFO c.h.h.t.HelmChartContainer - [K3S] [INFO] Starting helm.cattle.io/v1, Kind=HelmChartConfig controller
2025-01-27 17:04:29,902 INFO c.h.h.t.HelmChartContainer - [K3S] [INFO] Starting helm.cattle.io/v1, Kind=HelmChart controller
2025-01-27 17:04:29,904 INFO c.h.h.t.HelmChartContainer - [K3S] [INFO] Starting rbac.authorization.k8s.io/v1, Kind=ClusterRoleBinding controller
2025-01-27 17:04:29,908 INFO c.h.h.t.HelmChartContainer - [K3S] [INFO] Starting batch/v1, Kind=Job controller
2025-01-27 17:04:29,933 INFO c.h.h.t.HelmChartContainer - [K3S] [INFO] Updating TLS secret for kube-system/k3s-serving (count: 10): map[listener.cattle.io/cn-10.43.0.1:10.43.0.1 listener.cattle.io/cn-127.0.0.1:127.0.0.1 listener.cattle.io/cn-172.18.0.2:172.18.0.2 listener.cattle.io/cn-577ee0c7fff4:577ee0c7fff4 listener.cattle.io/cn-__1-f16284:::1 listener.cattle.io/cn-kubernetes:kubernetes listener.cattle.io/cn-kubernetes.default:kubernetes.default listener.cattle.io/cn-kubernetes.default.svc:kubernetes.default.svc listener.cattle.io/cn-kubernetes.default.svc.cluster.local:kubernetes.default.svc.cluster.local listener.cattle.io/cn-localhost:localhost listener.cattle.io/fingerprint:SHA1=F014B74906493668F544FD525042945CA2D583A5]
2025-01-27 17:04:30,080 INFO c.h.h.t.HelmChartContainer - [K3S] [graph_builder.go:351] "Running" component="GraphBuilder"
2025-01-27 17:04:30,080 INFO c.h.h.t.HelmChartContainer - [K3S] [controllermanager.go:765] "Started controller" controller="garbage-collector-controller"
2025-01-27 17:04:30,080 INFO c.h.h.t.HelmChartContainer - [K3S] [controllermanager.go:743] "Warning: skipping controller" controller="storage-version-migrator-controller"
2025-01-27 17:04:30,330 INFO c.h.h.t.HelmChartContainer - [K3S] [controllermanager.go:765] "Started controller" controller="certificatesigningrequest-cleaner-controller"
2025-01-27 17:04:30,330 INFO c.h.h.t.HelmChartContainer - [K3S] [cleaner.go:83] "Starting CSR cleaner controller"
2025-01-27 17:04:30,480 INFO c.h.h.t.HelmChartContainer - [K3S] [controllermanager.go:765] "Started controller" controller="ephemeral-volume-controller"
2025-01-27 17:04:30,480 INFO c.h.h.t.HelmChartContainer - [K3S] [controllermanager.go:717] "Controller is disabled by a feature gate" controller="selinux-warning-controller" requiredFeatureGates=["SELinuxChangePolicy"]
2025-01-27 17:04:30,480 INFO c.h.h.t.HelmChartContainer - [K3S] [controller.go:173] "Starting ephemeral volume controller"
2025-01-27 17:04:30,630 INFO c.h.h.t.HelmChartContainer - [K3S] [controllermanager.go:765] "Started controller" controller="endpoints-controller"
2025-01-27 17:04:30,630 INFO c.h.h.t.HelmChartContainer - [K3S] [endpoints_controller.go:182] "Starting endpoint controller"
2025-01-27 17:04:30,679 INFO c.h.h.t.HelmChartContainer - [K3S] [certificate_controller.go:120] "Starting certificate controller" name="csrsigning-kubelet-serving"
2025-01-27 17:04:30,680 INFO c.h.h.t.HelmChartContainer - [K3S] [dynamic_serving_content.go:135] "Starting controller" name="csr-controller::/var/lib/rancher/k3s/server/tls/server-ca.nochain.crt::/var/lib/rancher/k3s/server/tls/server-ca.key"
2025-01-27 17:04:30,680 INFO c.h.h.t.HelmChartContainer - [K3S] [certificate_controller.go:120] "Starting certificate controller" name="csrsigning-kubelet-client"
2025-01-27 17:04:30,680 INFO c.h.h.t.HelmChartContainer - [K3S] [dynamic_serving_content.go:135] "Starting controller" name="csr-controller::/var/lib/rancher/k3s/server/tls/client-ca.nochain.crt::/var/lib/rancher/k3s/server/tls/client-ca.key"
2025-01-27 17:04:30,680 INFO c.h.h.t.HelmChartContainer - [K3S] [certificate_controller.go:120] "Starting certificate controller" name="csrsigning-kube-apiserver-client"
2025-01-27 17:04:30,680 INFO c.h.h.t.HelmChartContainer - [K3S] [dynamic_serving_content.go:135] "Starting controller" name="csr-controller::/var/lib/rancher/k3s/server/tls/client-ca.nochain.crt::/var/lib/rancher/k3s/server/tls/client-ca.key"
2025-01-27 17:04:30,680 INFO c.h.h.t.HelmChartContainer - [K3S] [controllermanager.go:765] "Started controller" controller="certificatesigningrequest-signing-controller"
2025-01-27 17:04:30,680 INFO c.h.h.t.HelmChartContainer - [K3S] [certificate_controller.go:120] "Starting certificate controller" name="csrsigning-legacy-unknown"
2025-01-27 17:04:30,680 INFO c.h.h.t.HelmChartContainer - [K3S] [dynamic_serving_content.go:135] "Starting controller" name="csr-controller::/var/lib/rancher/k3s/server/tls/server-ca.nochain.crt::/var/lib/rancher/k3s/server/tls/server-ca.key"
2025-01-27 17:04:30,729 INFO c.h.h.t.HelmChartContainer - [K3S] [controllermanager.go:765] "Started controller" controller="certificatesigningrequest-approving-controller"
2025-01-27 17:04:30,730 INFO c.h.h.t.HelmChartContainer - [K3S] [controllermanager.go:723] "Skipping a cloud provider controller" controller="service-lb-controller"
2025-01-27 17:04:30,730 INFO c.h.h.t.HelmChartContainer - [K3S] [certificate_controller.go:120] "Starting certificate controller" name="csrapproving"
2025-01-27 17:04:30,879 INFO c.h.h.t.HelmChartContainer - [K3S] [controllermanager.go:765] "Started controller" controller="persistentvolume-binder-controller"
2025-01-27 17:04:30,880 INFO c.h.h.t.HelmChartContainer - [K3S] [pv_controller_base.go:308] "Starting persistent volume controller"
2025-01-27 17:04:31,030 INFO c.h.h.t.HelmChartContainer - [K3S] [controllermanager.go:765] "Started controller" controller="persistentvolume-expander-controller"
2025-01-27 17:04:31,030 INFO c.h.h.t.HelmChartContainer - [K3S] [expand_controller.go:329] "Starting expand controller"
2025-01-27 17:04:31,030 INFO c.h.h.t.HelmChartContainer - [K3S] [controllermanager.go:717] "Controller is disabled by a feature gate" controller="storageversion-garbage-collector-controller" requiredFeatureGates=["APIServerIdentity","StorageVersionAPI"]
2025-01-27 17:04:31,283 INFO c.h.h.t.HelmChartContainer - [K3S] [controllermanager.go:765] "Started controller" controller="namespace-controller"
2025-01-27 17:04:31,283 INFO c.h.h.t.HelmChartContainer - [K3S] [namespace_controller.go:202] "Starting namespace controller"
2025-01-27 17:04:31,429 INFO c.h.h.t.HelmChartContainer - [K3S] [controllermanager.go:765] "Started controller" controller="daemonset-controller"
2025-01-27 17:04:31,430 INFO c.h.h.t.HelmChartContainer - [K3S] [daemon_controller.go:294] "Starting daemon sets controller"
2025-01-27 17:04:31,480 INFO c.h.h.t.HelmChartContainer - [K3S] [node_lifecycle_controller.go:432] "Controller will reconcile labels"
2025-01-27 17:04:31,480 INFO c.h.h.t.HelmChartContainer - [K3S] [controllermanager.go:765] "Started controller" controller="node-lifecycle-controller"
2025-01-27 17:04:31,480 INFO c.h.h.t.HelmChartContainer - [K3S] [node_lifecycle_controller.go:466] "Sending events to api server"
2025-01-27 17:04:31,480 INFO c.h.h.t.HelmChartContainer - [K3S] [node_lifecycle_controller.go:477] "Starting node controller"
2025-01-27 17:04:31,630 INFO c.h.h.t.HelmChartContainer - [K3S] [controllermanager.go:765] "Started controller" controller="statefulset-controller"
2025-01-27 17:04:31,630 INFO c.h.h.t.HelmChartContainer - [K3S] [stateful_set.go:166] "Starting stateful set controller"
2025-01-27 17:04:31,696 INFO c.h.h.t.HelmChartContainer - [K3S] [event.go:389] "Event occurred" object="kube-system/ccm" fieldPath="" kind="Addon" apiVersion="k3s.cattle.io/v1" type="Normal" reason="ApplyingManifest" message="Applying manifest at \"/var/lib/rancher/k3s/server/manifests/ccm.yaml\""
2025-01-27 17:04:31,725 INFO c.h.h.t.HelmChartContainer - [K3S] [event.go:389] "Event occurred" object="kube-system/ccm" fieldPath="" kind="Addon" apiVersion="k3s.cattle.io/v1" type="Normal" reason="AppliedManifest" message="Applied manifest at \"/var/lib/rancher/k3s/server/manifests/ccm.yaml\""
2025-01-27 17:04:31,744 INFO c.h.h.t.HelmChartContainer - [K3S] [event.go:389] "Event occurred" object="kube-system/coredns" fieldPath="" kind="Addon" apiVersion="k3s.cattle.io/v1" type="Normal" reason="ApplyingManifest" message="Applying manifest at \"/var/lib/rancher/k3s/server/manifests/coredns.yaml\""
2025-01-27 17:04:31,781 INFO c.h.h.t.HelmChartContainer - [K3S] [controllermanager.go:765] "Started controller" controller="legacy-serviceaccount-token-cleaner-controller"
2025-01-27 17:04:31,781 INFO c.h.h.t.HelmChartContainer - [K3S] [legacy_serviceaccount_token_cleaner.go:103] "Starting legacy service account token cleaner controller"
2025-01-27 17:04:31,791 INFO c.h.h.t.HelmChartContainer - [K3S] [event.go:389] "Event occurred" object="577ee0c7fff4" fieldPath="" kind="Node" apiVersion="" type="Normal" reason="NodePasswordValidationComplete" message="Deferred node password secret validation complete"
2025-01-27 17:04:31,846 INFO c.h.h.t.HelmChartContainer - [K3S] [alloc.go:330] "allocated clusterIPs" service="kube-system/kube-dns" clusterIPs={"IPv4":"10.43.0.10"}
2025-01-27 17:04:31,846 INFO c.h.h.t.HelmChartContainer - [K3S] [event.go:389] "Event occurred" object="kube-system/coredns" fieldPath="" kind="Addon" apiVersion="k3s.cattle.io/v1" type="Normal" reason="AppliedManifest" message="Applied manifest at \"/var/lib/rancher/k3s/server/manifests/coredns.yaml\""
2025-01-27 17:04:31,856 INFO c.h.h.t.HelmChartContainer - [K3S] [event.go:389] "Event occurred" object="kube-system/local-storage" fieldPath="" kind="Addon" apiVersion="k3s.cattle.io/v1" type="Normal" reason="ApplyingManifest" message="Applying manifest at \"/var/lib/rancher/k3s/server/manifests/local-storage.yaml\""
2025-01-27 17:04:31,929 INFO c.h.h.t.HelmChartContainer - [K3S] [controllermanager.go:765] "Started controller" controller="endpointslice-controller"
2025-01-27 17:04:31,929 INFO c.h.h.t.HelmChartContainer - [K3S] [endpointslice_controller.go:281] "Starting endpoint slice controller"
2025-01-27 17:04:31,940 INFO c.h.h.t.HelmChartContainer - [K3S] [event.go:389] "Event occurred" object="kube-system/local-storage" fieldPath="" kind="Addon" apiVersion="k3s.cattle.io/v1" type="Normal" reason="AppliedManifest" message="Applied manifest at \"/var/lib/rancher/k3s/server/manifests/local-storage.yaml\""
2025-01-27 17:04:31,945 INFO c.h.h.t.HelmChartContainer - [K3S] [event.go:389] "Event occurred" object="kube-system/aggregated-metrics-reader" fieldPath="" kind="Addon" apiVersion="k3s.cattle.io/v1" type="Normal" reason="ApplyingManifest" message="Applying manifest at \"/var/lib/rancher/k3s/server/manifests/metrics-server/aggregated-metrics-reader.yaml\""
2025-01-27 17:04:32,004 INFO c.h.h.t.HelmChartContainer - [K3S] [event.go:389] "Event occurred" object="kube-system/aggregated-metrics-reader" fieldPath="" kind="Addon" apiVersion="k3s.cattle.io/v1" type="Normal" reason="AppliedManifest" message="Applied manifest at \"/var/lib/rancher/k3s/server/manifests/metrics-server/aggregated-metrics-reader.yaml\""
2025-01-27 17:04:32,010 INFO c.h.h.t.HelmChartContainer - [K3S] [event.go:389] "Event occurred" object="kube-system/auth-delegator" fieldPath="" kind="Addon" apiVersion="k3s.cattle.io/v1" type="Normal" reason="ApplyingManifest" message="Applying manifest at \"/var/lib/rancher/k3s/server/manifests/metrics-server/auth-delegator.yaml\""
2025-01-27 17:04:32,015 INFO c.h.h.t.HelmChartContainer - [K3S] [event.go:389] "Event occurred" object="kube-system/auth-delegator" fieldPath="" kind="Addon" apiVersion="k3s.cattle.io/v1" type="Normal" reason="AppliedManifest" message="Applied manifest at \"/var/lib/rancher/k3s/server/manifests/metrics-server/auth-delegator.yaml\""
2025-01-27 17:04:32,022 INFO c.h.h.t.HelmChartContainer - [K3S] [event.go:389] "Event occurred" object="kube-system/auth-reader" fieldPath="" kind="Addon" apiVersion="k3s.cattle.io/v1" type="Normal" reason="ApplyingManifest" message="Applying manifest at \"/var/lib/rancher/k3s/server/manifests/metrics-server/auth-reader.yaml\""
2025-01-27 17:04:32,028 INFO c.h.h.t.HelmChartContainer - [K3S] [event.go:389] "Event occurred" object="kube-system/auth-reader" fieldPath="" kind="Addon" apiVersion="k3s.cattle.io/v1" type="Normal" reason="AppliedManifest" message="Applied manifest at \"/var/lib/rancher/k3s/server/manifests/metrics-server/auth-reader.yaml\""
2025-01-27 17:04:32,038 INFO c.h.h.t.HelmChartContainer - [K3S] [event.go:389] "Event occurred" object="kube-system/metrics-apiservice" fieldPath="" kind="Addon" apiVersion="k3s.cattle.io/v1" type="Normal" reason="ApplyingManifest" message="Applying manifest at \"/var/lib/rancher/k3s/server/manifests/metrics-server/metrics-apiservice.yaml\""
2025-01-27 17:04:32,043 INFO c.h.h.t.HelmChartContainer - [K3S] [event.go:389] "Event occurred" object="kube-system/metrics-apiservice" fieldPath="" kind="Addon" apiVersion="k3s.cattle.io/v1" type="Normal" reason="AppliedManifest" message="Applied manifest at \"/var/lib/rancher/k3s/server/manifests/metrics-server/metrics-apiservice.yaml\""
2025-01-27 17:04:32,049 INFO c.h.h.t.HelmChartContainer - [K3S] [handler_proxy.go:99] no RequestInfo found in the context
2025-01-27 17:04:32,049 INFO c.h.h.t.HelmChartContainer - [K3S] [controller.go:146] "Unhandled Error" err=<
2025-01-27 17:04:32,049 INFO c.h.h.t.HelmChartContainer - [K3S] 	, Header: map[Content-Type:[text/plain; charset=utf-8] X-Content-Type-Options:[nosniff]]
2025-01-27 17:04:32,049 INFO c.h.h.t.HelmChartContainer - [K3S]  >
2025-01-27 17:04:32,050 INFO c.h.h.t.HelmChartContainer - [K3S] [handler_proxy.go:143] error resolving kube-system/metrics-server: service "metrics-server" not found
2025-01-27 17:04:32,053 INFO c.h.h.t.HelmChartContainer - [K3S] [event.go:389] "Event occurred" object="kube-system/metrics-server-deployment" fieldPath="" kind="Addon" apiVersion="k3s.cattle.io/v1" type="Normal" reason="ApplyingManifest" message="Applying manifest at \"/var/lib/rancher/k3s/server/manifests/metrics-server/metrics-server-deployment.yaml\""
2025-01-27 17:04:32,065 INFO c.h.h.t.HelmChartContainer - [K3S] [event.go:389] "Event occurred" object="kube-system/metrics-server-deployment" fieldPath="" kind="Addon" apiVersion="k3s.cattle.io/v1" type="Normal" reason="AppliedManifest" message="Applied manifest at \"/var/lib/rancher/k3s/server/manifests/metrics-server/metrics-server-deployment.yaml\""
2025-01-27 17:04:32,072 INFO c.h.h.t.HelmChartContainer - [K3S] [event.go:389] "Event occurred" object="kube-system/metrics-server-service" fieldPath="" kind="Addon" apiVersion="k3s.cattle.io/v1" type="Normal" reason="ApplyingManifest" message="Applying manifest at \"/var/lib/rancher/k3s/server/manifests/metrics-server/metrics-server-service.yaml\""
2025-01-27 17:04:32,080 INFO c.h.h.t.HelmChartContainer - [K3S] [controllermanager.go:765] "Started controller" controller="job-controller"
2025-01-27 17:04:32,080 INFO c.h.h.t.HelmChartContainer - [K3S] [job_controller.go:243] "Starting job controller"
2025-01-27 17:04:32,082 INFO c.h.h.t.HelmChartContainer - [K3S] [alloc.go:330] "allocated clusterIPs" service="kube-system/metrics-server" clusterIPs={"IPv4":"10.43.73.207"}
2025-01-27 17:04:32,082 INFO c.h.h.t.HelmChartContainer - [K3S] [event.go:389] "Event occurred" object="kube-system/metrics-server-service" fieldPath="" kind="Addon" apiVersion="k3s.cattle.io/v1" type="Normal" reason="AppliedManifest" message="Applied manifest at \"/var/lib/rancher/k3s/server/manifests/metrics-server/metrics-server-service.yaml\""
2025-01-27 17:04:32,089 INFO c.h.h.t.HelmChartContainer - [K3S] [handler_proxy.go:99] no RequestInfo found in the context
2025-01-27 17:04:32,090 INFO c.h.h.t.HelmChartContainer - [K3S] [controller.go:146] "Unhandled Error" err=<
2025-01-27 17:04:32,090 INFO c.h.h.t.HelmChartContainer - [K3S] 	, Header: map[Content-Type:[text/plain; charset=utf-8] X-Content-Type-Options:[nosniff]]
2025-01-27 17:04:32,090 INFO c.h.h.t.HelmChartContainer - [K3S]  >
2025-01-27 17:04:32,090 INFO c.h.h.t.HelmChartContainer - [K3S] [handler_proxy.go:143] error resolving kube-system/metrics-server: endpoints "metrics-server" not found
2025-01-27 17:04:32,094 INFO c.h.h.t.HelmChartContainer - [K3S] [event.go:389] "Event occurred" object="kube-system/resource-reader" fieldPath="" kind="Addon" apiVersion="k3s.cattle.io/v1" type="Normal" reason="ApplyingManifest" message="Applying manifest at \"/var/lib/rancher/k3s/server/manifests/metrics-server/resource-reader.yaml\""
2025-01-27 17:04:32,116 INFO c.h.h.t.HelmChartContainer - [K3S] [event.go:389] "Event occurred" object="kube-system/resource-reader" fieldPath="" kind="Addon" apiVersion="k3s.cattle.io/v1" type="Normal" reason="AppliedManifest" message="Applied manifest at \"/var/lib/rancher/k3s/server/manifests/metrics-server/resource-reader.yaml\""
2025-01-27 17:04:32,122 INFO c.h.h.t.HelmChartContainer - [K3S] [event.go:389] "Event occurred" object="kube-system/rolebindings" fieldPath="" kind="Addon" apiVersion="k3s.cattle.io/v1" type="Normal" reason="ApplyingManifest" message="Applying manifest at \"/var/lib/rancher/k3s/server/manifests/rolebindings.yaml\""
2025-01-27 17:04:32,229 INFO c.h.h.t.HelmChartContainer - [K3S] [event.go:389] "Event occurred" object="kube-system/rolebindings" fieldPath="" kind="Addon" apiVersion="k3s.cattle.io/v1" type="Normal" reason="AppliedManifest" message="Applied manifest at \"/var/lib/rancher/k3s/server/manifests/rolebindings.yaml\""
2025-01-27 17:04:32,230 INFO c.h.h.t.HelmChartContainer - [K3S] [controllermanager.go:765] "Started controller" controller="replicaset-controller"
2025-01-27 17:04:32,230 INFO c.h.h.t.HelmChartContainer - [K3S] [replica_set.go:217] "Starting controller" name="replicaset"
2025-01-27 17:04:32,236 INFO c.h.h.t.HelmChartContainer - [K3S] [event.go:389] "Event occurred" object="kube-system/runtimes" fieldPath="" kind="Addon" apiVersion="k3s.cattle.io/v1" type="Normal" reason="ApplyingManifest" message="Applying manifest at \"/var/lib/rancher/k3s/server/manifests/runtimes.yaml\""
2025-01-27 17:04:32,263 INFO c.h.h.t.HelmChartContainer - [K3S] [event.go:389] "Event occurred" object="kube-system/runtimes" fieldPath="" kind="Addon" apiVersion="k3s.cattle.io/v1" type="Normal" reason="AppliedManifest" message="Applied manifest at \"/var/lib/rancher/k3s/server/manifests/runtimes.yaml\""
2025-01-27 17:04:32,361 INFO c.h.h.t.HelmChartContainer - [K3S] [serving.go:392] Generated self-signed cert in-memory
2025-01-27 17:04:32,380 INFO c.h.h.t.HelmChartContainer - [K3S] [controllermanager.go:765] "Started controller" controller="cronjob-controller"
2025-01-27 17:04:32,380 INFO c.h.h.t.HelmChartContainer - [K3S] [controllermanager.go:723] "Skipping a cloud provider controller" controller="node-route-controller"
2025-01-27 17:04:32,380 INFO c.h.h.t.HelmChartContainer - [K3S] [cronjob_controllerv2.go:145] "Starting cronjob controller v2"
2025-01-27 17:04:32,530 INFO c.h.h.t.HelmChartContainer - [K3S] [controllermanager.go:765] "Started controller" controller="endpointslice-mirroring-controller"
2025-01-27 17:04:32,531 INFO c.h.h.t.HelmChartContainer - [K3S] [endpointslicemirroring_controller.go:227] "Starting EndpointSliceMirroring controller"
2025-01-27 17:04:32,543 INFO c.h.h.t.HelmChartContainer - [K3S] [serving.go:392] Generated self-signed cert in-memory
2025-01-27 17:04:32,680 INFO c.h.h.t.HelmChartContainer - [K3S] [controllermanager.go:765] "Started controller" controller="pod-garbage-collector-controller"
2025-01-27 17:04:32,681 INFO c.h.h.t.HelmChartContainer - [K3S] [gc_controller.go:99] "Starting GC controller"
2025-01-27 17:04:32,723 INFO c.h.h.t.HelmChartContainer - [K3S] [controllermanager.go:160] Version: v1.32.0+k3s1
2025-01-27 17:04:32,728 INFO c.h.h.t.HelmChartContainer - [K3S] [requestheader_controller.go:180] Starting RequestHeaderAuthRequestController
2025-01-27 17:04:32,728 INFO c.h.h.t.HelmChartContainer - [K3S] [configmap_cafile_content.go:205] "Starting controller" name="client-ca::kube-system::extension-apiserver-authentication::client-ca-file"
2025-01-27 17:04:32,728 INFO c.h.h.t.HelmChartContainer - [K3S] [configmap_cafile_content.go:205] "Starting controller" name="client-ca::kube-system::extension-apiserver-authentication::requestheader-client-ca-file"
2025-01-27 17:04:32,729 INFO c.h.h.t.HelmChartContainer - [K3S] [secure_serving.go:213] Serving securely on 127.0.0.1:10258
2025-01-27 17:04:32,729 INFO c.h.h.t.HelmChartContainer - [K3S] [tlsconfig.go:243] "Starting DynamicServingCertificateController"
2025-01-27 17:04:32,732 INFO c.h.h.t.HelmChartContainer - [K3S] [INFO] Creating service-lb-controller event broadcaster
2025-01-27 17:04:32,846 INFO c.h.h.t.HelmChartContainer - [K3S] [INFO] Starting /v1, Kind=Node controller
2025-01-27 17:04:32,849 INFO c.h.h.t.HelmChartContainer - [K3S] [INFO] Starting /v1, Kind=Pod controller
2025-01-27 17:04:32,853 INFO c.h.h.t.HelmChartContainer - [K3S] [INFO] Starting apps/v1, Kind=DaemonSet controller
2025-01-27 17:04:32,855 INFO c.h.h.t.HelmChartContainer - [K3S] [INFO] Starting discovery.k8s.io/v1, Kind=EndpointSlice controller
2025-01-27 17:04:32,856 INFO c.h.h.t.HelmChartContainer - [K3S] [controllermanager.go:329] Started "cloud-node-lifecycle-controller"
2025-01-27 17:04:32,857 INFO c.h.h.t.HelmChartContainer - [K3S] [controllermanager.go:329] Started "service-lb-controller"
2025-01-27 17:04:32,857 INFO c.h.h.t.HelmChartContainer - [K3S] [controllermanager.go:306] "node-route-controller" is disabled
2025-01-27 17:04:32,857 INFO c.h.h.t.HelmChartContainer - [K3S] [controllermanager.go:329] Started "cloud-node-controller"
2025-01-27 17:04:32,858 INFO c.h.h.t.HelmChartContainer - [K3S] [node_lifecycle_controller.go:112] Sending events to api server
2025-01-27 17:04:32,859 INFO c.h.h.t.HelmChartContainer - [K3S] [node_controller.go:176] Sending events to api server.
2025-01-27 17:04:32,859 INFO c.h.h.t.HelmChartContainer - [K3S] [controller.go:234] Starting service controller
2025-01-27 17:04:32,859 INFO c.h.h.t.HelmChartContainer - [K3S] [node_controller.go:185] Waiting for informer caches to sync
2025-01-27 17:04:32,878 INFO c.h.h.t.HelmChartContainer - [K3S] [controllermanager.go:765] "Started controller" controller="disruption-controller"
2025-01-27 17:04:32,878 INFO c.h.h.t.HelmChartContainer - [K3S] [disruption.go:452] "Sending events to api server."
2025-01-27 17:04:32,879 INFO c.h.h.t.HelmChartContainer - [K3S] [disruption.go:463] "Starting disruption controller"
2025-01-27 17:04:32,958 INFO c.h.h.t.HelmChartContainer - [K3S] [node_controller.go:429] Initializing node 577ee0c7fff4 with cloud provider
2025-01-27 17:04:32,969 INFO c.h.h.t.HelmChartContainer - [K3S] [node_controller.go:474] Successfully initialized node 577ee0c7fff4 with cloud provider
2025-01-27 17:04:32,971 INFO c.h.h.t.HelmChartContainer - [K3S] [event.go:389] "Event occurred" object="577ee0c7fff4" fieldPath="" kind="Node" apiVersion="v1" type="Normal" reason="Synced" message="Node synced successfully"
2025-01-27 17:04:32,983 INFO c.h.h.t.HelmChartContainer - [K3S] [INFO] Updated coredns NodeHosts entry for 577ee0c7fff4
2025-01-27 17:04:33,030 INFO c.h.h.t.HelmChartContainer - [K3S] [controllermanager.go:765] "Started controller" controller="replicationcontroller-controller"
2025-01-27 17:04:33,030 INFO c.h.h.t.HelmChartContainer - [K3S] [replica_set.go:217] "Starting controller" name="replicationcontroller"
2025-01-27 17:04:33,045 INFO c.h.h.t.HelmChartContainer - [K3S] [handler_proxy.go:99] no RequestInfo found in the context
2025-01-27 17:04:33,045 INFO c.h.h.t.HelmChartContainer - [K3S] [handler_proxy.go:99] no RequestInfo found in the context
2025-01-27 17:04:33,045 INFO c.h.h.t.HelmChartContainer - [K3S] [controller.go:102] "Unhandled Error" err=<
2025-01-27 17:04:33,045 INFO c.h.h.t.HelmChartContainer - [K3S] 	, Header: map[Content-Type:[text/plain; charset=utf-8] X-Content-Type-Options:[nosniff]]
2025-01-27 17:04:33,045 INFO c.h.h.t.HelmChartContainer - [K3S]  >
2025-01-27 17:04:33,181 INFO c.h.h.t.HelmChartContainer - [K3S] [controllermanager.go:765] "Started controller" controller="persistentvolumeclaim-protection-controller"
2025-01-27 17:04:33,181 INFO c.h.h.t.HelmChartContainer - [K3S] [controllermanager.go:717] "Controller is disabled by a feature gate" controller="resourceclaim-controller" requiredFeatureGates=["DynamicResourceAllocation"]
2025-01-27 17:04:33,181 INFO c.h.h.t.HelmChartContainer - [K3S] [pvc_protection_controller.go:168] "Starting PVC protection controller"
2025-01-27 17:04:33,213 INFO c.h.h.t.HelmChartContainer - [K3S] [INFO] Tunnel authorizer set Kubelet Port 0.0.0.0:10250
2025-01-27 17:04:33,331 INFO c.h.h.t.HelmChartContainer - [K3S] [controllermanager.go:765] "Started controller" controller="persistentvolume-protection-controller"
2025-01-27 17:04:33,331 INFO c.h.h.t.HelmChartContainer - [K3S] [controllermanager.go:717] "Controller is disabled by a feature gate" controller="volumeattributesclass-protection-controller" requiredFeatureGates=["VolumeAttributesClass"]
2025-01-27 17:04:33,331 INFO c.h.h.t.HelmChartContainer - [K3S] [pv_protection_controller.go:81] "Starting PV protection controller"
2025-01-27 17:04:33,536 INFO c.h.h.t.HelmChartContainer - [K3S] [serving.go:392] Generated self-signed cert in-memory
2025-01-27 17:04:33,641 INFO c.h.h.t.HelmChartContainer - [K3S] [controllermanager.go:765] "Started controller" controller="resourcequota-controller"
2025-01-27 17:04:33,641 INFO c.h.h.t.HelmChartContainer - [K3S] [resource_quota_controller.go:300] "Starting resource quota controller"
2025-01-27 17:04:33,641 INFO c.h.h.t.HelmChartContainer - [K3S] [controllermanager.go:728] "Warning: controller is disabled" controller="bootstrap-signer-controller"
2025-01-27 17:04:33,785 INFO c.h.h.t.HelmChartContainer - [K3S] [range_allocator.go:112] "No Secondary Service CIDR provided. Skipping filtering out secondary service addresses"
2025-01-27 17:04:33,785 INFO c.h.h.t.HelmChartContainer - [K3S] [controllermanager.go:765] "Started controller" controller="node-ipam-controller"
2025-01-27 17:04:33,785 INFO c.h.h.t.HelmChartContainer - [K3S] [node_ipam_controller.go:141] "Starting ipam controller"
2025-01-27 17:04:33,826 INFO c.h.h.t.HelmChartContainer - [K3S] [actual_state_of_world.go:541] "Failed to update statusUpdateNeeded field in actual state of world" err="Failed to set statusUpdateNeeded to needed true, because nodeName=\"577ee0c7fff4\" does not exist"
2025-01-27 17:04:33,884 INFO c.h.h.t.HelmChartContainer - [K3S] [node_lifecycle_controller.go:1234] "Initializing eviction metric for zone" zone=""
2025-01-27 17:04:33,884 INFO c.h.h.t.HelmChartContainer - [K3S] [node_lifecycle_controller.go:886] "Missing timestamp for Node. Assuming now as a timestamp" node="577ee0c7fff4"
2025-01-27 17:04:33,884 INFO c.h.h.t.HelmChartContainer - [K3S] [node_lifecycle_controller.go:1080] "Controller detected that zone is now in new state" zone="" newState="Normal"
2025-01-27 17:04:33,890 INFO c.h.h.t.HelmChartContainer - [K3S] [range_allocator.go:177] "Sending events to api server"
2025-01-27 17:04:33,890 INFO c.h.h.t.HelmChartContainer - [K3S] [range_allocator.go:183] "Starting range CIDR allocator"
2025-01-27 17:04:33,898 INFO c.h.h.t.HelmChartContainer - [K3S] [range_allocator.go:428] "Set node PodCIDR" node="577ee0c7fff4" podCIDRs=["10.42.0.0/24"]
2025-01-27 17:04:33,899 INFO c.h.h.t.HelmChartContainer - [K3S] [range_allocator.go:247] "Successfully synced" key="577ee0c7fff4"
2025-01-27 17:04:33,899 INFO c.h.h.t.HelmChartContainer - [K3S] [INFO] Flannel found PodCIDR assigned for node 577ee0c7fff4
2025-01-27 17:04:33,902 INFO c.h.h.t.HelmChartContainer - [K3S] [INFO] The interface eth0 with ipv4 address 172.18.0.2 will be used by flannel
2025-01-27 17:04:33,906 INFO c.h.h.t.HelmChartContainer - [K3S] [kube.go:139] Waiting 10m0s for node controller to sync
2025-01-27 17:04:33,906 INFO c.h.h.t.HelmChartContainer - [K3S] [kube.go:469] Starting kube subnet manager
2025-01-27 17:04:33,918 INFO c.h.h.t.HelmChartContainer - [K3S] [range_allocator.go:433] "Failed to update node PodCIDR after multiple attempts" err="failed to patch node CIDR: Node \"577ee0c7fff4\" is invalid: [spec.podCIDRs: Invalid value: []string{\"10.42.1.0/24\", \"10.42.0.0/24\"}: may specify no more than one CIDR for each IP family, spec.podCIDRs: Forbidden: node updates may not change podCIDR except from \"\" to valid]" node="577ee0c7fff4" podCIDRs=["10.42.1.0/24"]
2025-01-27 17:04:33,918 INFO c.h.h.t.HelmChartContainer - [K3S] [range_allocator.go:439] "CIDR assignment for node failed. Releasing allocated CIDR" err="failed to patch node CIDR: Node \"577ee0c7fff4\" is invalid: [spec.podCIDRs: Invalid value: []string{\"10.42.1.0/24\", \"10.42.0.0/24\"}: may specify no more than one CIDR for each IP family, spec.podCIDRs: Forbidden: node updates may not change podCIDR except from \"\" to valid]" node="577ee0c7fff4"
2025-01-27 17:04:33,918 INFO c.h.h.t.HelmChartContainer - [K3S] [range_allocator.go:252] "Unhandled Error" err="error syncing '577ee0c7fff4': failed to patch node CIDR: Node \"577ee0c7fff4\" is invalid: [spec.podCIDRs: Invalid value: []string{\"10.42.1.0/24\", \"10.42.0.0/24\"}: may specify no more than one CIDR for each IP family, spec.podCIDRs: Forbidden: node updates may not change podCIDR except from \"\" to valid], requeuing"
2025-01-27 17:04:33,919 INFO c.h.h.t.HelmChartContainer - [K3S] [range_allocator.go:247] "Successfully synced" key="577ee0c7fff4"
2025-01-27 17:04:33,925 INFO c.h.h.t.HelmChartContainer - [K3S] [range_allocator.go:247] "Successfully synced" key="577ee0c7fff4"
2025-01-27 17:04:34,021 INFO c.h.h.t.HelmChartContainer - [K3S] [INFO] Starting network policy controller version v2.2.1, built on 2025-01-10T17:03:20Z, go1.23.3
2025-01-27 17:04:34,021 INFO c.h.h.t.HelmChartContainer - [K3S] [network_policy_controller.go:164] Starting network policy controller
2025-01-27 17:04:34,055 INFO c.h.h.t.HelmChartContainer - [K3S] [network_policy_controller.go:176] Starting network policy controller full sync goroutine
2025-01-27 17:04:34,101 INFO c.h.h.t.HelmChartContainer - [K3S] [server.go:164] "Starting Kubernetes Scheduler" version="v1.32.0+k3s1"
2025-01-27 17:04:34,101 INFO c.h.h.t.HelmChartContainer - [K3S] [server.go:166] "Golang settings" GOGC="" GOMAXPROCS="" GOTRACEBACK=""
2025-01-27 17:04:34,106 INFO c.h.h.t.HelmChartContainer - [K3S] [secure_serving.go:213] Serving securely on 127.0.0.1:10259
2025-01-27 17:04:34,106 INFO c.h.h.t.HelmChartContainer - [K3S] [tlsconfig.go:243] "Starting DynamicServingCertificateController"
2025-01-27 17:04:34,109 INFO c.h.h.t.HelmChartContainer - [K3S] [requestheader_controller.go:180] Starting RequestHeaderAuthRequestController
2025-01-27 17:04:34,109 INFO c.h.h.t.HelmChartContainer - [K3S] [configmap_cafile_content.go:205] "Starting controller" name="client-ca::kube-system::extension-apiserver-authentication::client-ca-file"
2025-01-27 17:04:34,110 INFO c.h.h.t.HelmChartContainer - [K3S] [configmap_cafile_content.go:205] "Starting controller" name="client-ca::kube-system::extension-apiserver-authentication::requestheader-client-ca-file"
2025-01-27 17:04:34,185 INFO c.h.h.t.HelmChartContainer - [K3S] [range_allocator.go:247] "Successfully synced" key="577ee0c7fff4"
2025-01-27 17:04:34,212 INFO c.h.h.t.HelmChartContainer - [K3S] [INFO] Started tunnel to 172.18.0.2:6443
2025-01-27 17:04:34,213 INFO c.h.h.t.HelmChartContainer - [K3S] [INFO] Stopped tunnel to 127.0.0.1:6443
2025-01-27 17:04:34,213 INFO c.h.h.t.HelmChartContainer - [K3S] [INFO] Connecting to proxy" url="wss://172.18.0.2:6443/v1-k3s/connect
2025-01-27 17:04:34,213 INFO c.h.h.t.HelmChartContainer - [K3S] [INFO] Proxy done" err="context canceled" url="wss://127.0.0.1:6443/v1-k3s/connect
2025-01-27 17:04:34,213 INFO c.h.h.t.HelmChartContainer - [K3S] [INFO] error in remotedialer server [400]: websocket: close 1006 (abnormal closure): unexpected EOF
2025-01-27 17:04:34,215 INFO c.h.h.t.HelmChartContainer - [K3S] [INFO] Handling backend connection request [577ee0c7fff4]
2025-01-27 17:04:34,215 INFO c.h.h.t.HelmChartContainer - [K3S] [INFO] Remotedialer connected to proxy" url="wss://172.18.0.2:6443/v1-k3s/connect
2025-01-27 17:04:34,636 INFO c.h.h.t.HelmChartContainer - [K3S] [handler_proxy.go:99] no RequestInfo found in the context
2025-01-27 17:04:34,637 INFO c.h.h.t.HelmChartContainer - [K3S] [controller.go:146] "Unhandled Error" err=<
2025-01-27 17:04:34,637 INFO c.h.h.t.HelmChartContainer - [K3S] 	, Header: map[Content-Type:[text/plain; charset=utf-8] X-Content-Type-Options:[nosniff]]
2025-01-27 17:04:34,637 INFO c.h.h.t.HelmChartContainer - [K3S]  >
2025-01-27 17:04:34,637 INFO c.h.h.t.HelmChartContainer - [K3S] [handler_proxy.go:143] error resolving kube-system/metrics-server: no endpoints available for service "metrics-server"
2025-01-27 17:04:34,693 INFO c.h.h.t.HelmChartContainer - [K3S] [replica_set.go:679] "Finished syncing" kind="ReplicaSet" key="kube-system/metrics-server-8584b5786c" duration="302.54615ms"
2025-01-27 17:04:34,696 INFO c.h.h.t.HelmChartContainer - [K3S] [replica_set.go:679] "Finished syncing" kind="ReplicaSet" key="kube-system/local-path-provisioner-698b58967b" duration="304.87434ms"
2025-01-27 17:04:34,703 INFO c.h.h.t.HelmChartContainer - [K3S] [replica_set.go:679] "Finished syncing" kind="ReplicaSet" key="kube-system/coredns-ff8999cc5" duration="312.287775ms"
2025-01-27 17:04:34,717 INFO c.h.h.t.HelmChartContainer - [K3S] [replica_set.go:679] "Finished syncing" kind="ReplicaSet" key="kube-system/local-path-provisioner-698b58967b" duration="22.406325ms"
2025-01-27 17:04:34,719 INFO c.h.h.t.HelmChartContainer - [K3S] [replica_set.go:679] "Finished syncing" kind="ReplicaSet" key="kube-system/local-path-provisioner-698b58967b" duration="29.936µs"
2025-01-27 17:04:34,719 INFO c.h.h.t.HelmChartContainer - [K3S] [replica_set.go:679] "Finished syncing" kind="ReplicaSet" key="kube-system/local-path-provisioner-698b58967b" duration="18.565µs"
2025-01-27 17:04:34,728 INFO c.h.h.t.HelmChartContainer - [K3S] [replica_set.go:679] "Finished syncing" kind="ReplicaSet" key="kube-system/coredns-ff8999cc5" duration="25.424347ms"
2025-01-27 17:04:34,730 INFO c.h.h.t.HelmChartContainer - [K3S] [replica_set.go:679] "Finished syncing" kind="ReplicaSet" key="kube-system/metrics-server-8584b5786c" duration="37.195994ms"
2025-01-27 17:04:34,730 INFO c.h.h.t.HelmChartContainer - [K3S] [replica_set.go:679] "Finished syncing" kind="ReplicaSet" key="kube-system/metrics-server-8584b5786c" duration="42.289µs"
2025-01-27 17:04:34,743 INFO c.h.h.t.HelmChartContainer - [K3S] [replica_set.go:679] "Finished syncing" kind="ReplicaSet" key="kube-system/coredns-ff8999cc5" duration="15.621938ms"
2025-01-27 17:04:34,745 INFO c.h.h.t.HelmChartContainer - [K3S] [replica_set.go:679] "Finished syncing" kind="ReplicaSet" key="kube-system/coredns-ff8999cc5" duration="564.557µs"
2025-01-27 17:04:34,748 INFO c.h.h.t.HelmChartContainer - [K3S] [replica_set.go:679] "Finished syncing" kind="ReplicaSet" key="kube-system/local-path-provisioner-698b58967b" duration="29.866µs"
2025-01-27 17:04:34,757 INFO c.h.h.t.HelmChartContainer - [K3S] [replica_set.go:679] "Finished syncing" kind="ReplicaSet" key="kube-system/coredns-ff8999cc5" duration="37.14µs"
2025-01-27 17:04:34,764 INFO c.h.h.t.HelmChartContainer - [K3S] [replica_set.go:679] "Finished syncing" kind="ReplicaSet" key="kube-system/metrics-server-8584b5786c" duration="33.263µs"
2025-01-27 17:04:34,801 INFO c.h.h.t.HelmChartContainer - [K3S] [reconciler_common.go:251] "operationExecutor.VerifyControllerAttachedVolume started for volume \"kube-api-access-wtfk5\" (UniqueName: \"kubernetes.io/projected/53cfff92-1142-40ab-9fae-b0a648621a7c-kube-api-access-wtfk5\") pod \"local-path-provisioner-698b58967b-62vwd\" (UID: \"53cfff92-1142-40ab-9fae-b0a648621a7c\") " pod="kube-system/local-path-provisioner-698b58967b-62vwd"
2025-01-27 17:04:34,802 INFO c.h.h.t.HelmChartContainer - [K3S] [reconciler_common.go:251] "operationExecutor.VerifyControllerAttachedVolume started for volume \"config-volume\" (UniqueName: \"kubernetes.io/configmap/e5400208-d300-4dc2-90a9-ef6c751293f4-config-volume\") pod \"coredns-ff8999cc5-f2s72\" (UID: \"e5400208-d300-4dc2-90a9-ef6c751293f4\") " pod="kube-system/coredns-ff8999cc5-f2s72"
2025-01-27 17:04:34,802 INFO c.h.h.t.HelmChartContainer - [K3S] [reconciler_common.go:251] "operationExecutor.VerifyControllerAttachedVolume started for volume \"custom-config-volume\" (UniqueName: \"kubernetes.io/configmap/e5400208-d300-4dc2-90a9-ef6c751293f4-custom-config-volume\") pod \"coredns-ff8999cc5-f2s72\" (UID: \"e5400208-d300-4dc2-90a9-ef6c751293f4\") " pod="kube-system/coredns-ff8999cc5-f2s72"
2025-01-27 17:04:34,802 INFO c.h.h.t.HelmChartContainer - [K3S] [reconciler_common.go:251] "operationExecutor.VerifyControllerAttachedVolume started for volume \"kube-api-access-4pcn9\" (UniqueName: \"kubernetes.io/projected/e5400208-d300-4dc2-90a9-ef6c751293f4-kube-api-access-4pcn9\") pod \"coredns-ff8999cc5-f2s72\" (UID: \"e5400208-d300-4dc2-90a9-ef6c751293f4\") " pod="kube-system/coredns-ff8999cc5-f2s72"
2025-01-27 17:04:34,802 INFO c.h.h.t.HelmChartContainer - [K3S] [reconciler_common.go:251] "operationExecutor.VerifyControllerAttachedVolume started for volume \"tmp-dir\" (UniqueName: \"kubernetes.io/empty-dir/b4ff3769-7738-47af-bcb7-801c3340fa44-tmp-dir\") pod \"metrics-server-8584b5786c-r6qjw\" (UID: \"b4ff3769-7738-47af-bcb7-801c3340fa44\") " pod="kube-system/metrics-server-8584b5786c-r6qjw"
2025-01-27 17:04:34,802 INFO c.h.h.t.HelmChartContainer - [K3S] [reconciler_common.go:251] "operationExecutor.VerifyControllerAttachedVolume started for volume \"kube-api-access-ggllb\" (UniqueName: \"kubernetes.io/projected/b4ff3769-7738-47af-bcb7-801c3340fa44-kube-api-access-ggllb\") pod \"metrics-server-8584b5786c-r6qjw\" (UID: \"b4ff3769-7738-47af-bcb7-801c3340fa44\") " pod="kube-system/metrics-server-8584b5786c-r6qjw"
2025-01-27 17:04:34,802 INFO c.h.h.t.HelmChartContainer - [K3S] [reconciler_common.go:251] "operationExecutor.VerifyControllerAttachedVolume started for volume \"config-volume\" (UniqueName: \"kubernetes.io/configmap/53cfff92-1142-40ab-9fae-b0a648621a7c-config-volume\") pod \"local-path-provisioner-698b58967b-62vwd\" (UID: \"53cfff92-1142-40ab-9fae-b0a648621a7c\") " pod="kube-system/local-path-provisioner-698b58967b-62vwd"
2025-01-27 17:04:34,905 INFO c.h.h.t.HelmChartContainer - [K3S] [kube.go:146] Node controller sync successful
2025-01-27 17:04:34,905 INFO c.h.h.t.HelmChartContainer - [K3S] [vxlan.go:141] VXLAN config: VNI=1 Port=0 GBP=false Learning=false DirectRouting=false
2025-01-27 17:04:34,908 INFO c.h.h.t.HelmChartContainer - [K3S] [kube.go:636] List of node(577ee0c7fff4) annotations: map[string]string{"alpha.kubernetes.io/provided-node-ip":"172.18.0.2", "k3s.io/hostname":"577ee0c7fff4", "k3s.io/internal-ip":"172.18.0.2", "k3s.io/node-args":"[\"server\",\"--etcd-arg\",\"unsafe-no-fsync\",\"--etcd-arg\",\"snapshot-count=10000\",\"--etcd-arg\",\"auto-compaction-mode=revision\",\"--etcd-arg\",\"auto-compaction-retention=1000000\",\"--kube-apiserver-arg\",\"etcd-compaction-interval=0s\",\"--disable\",\"traefik\",\"--tls-san\",\"localhost\"]", "k3s.io/node-config-hash":"2QNNT5M5XUBFOLO5XPGEVGOM5UDLHHTIVMSRUPAUHE5DU3HUYQUQ====", "k3s.io/node-env":"{}", "node.alpha.kubernetes.io/ttl":"0", "volumes.kubernetes.io/controller-managed-attach-detach":"true"}
2025-01-27 17:04:34,915 INFO c.h.h.t.HelmChartContainer - [K3S] [iptables.go:51] Starting flannel in iptables mode...
2025-01-27 17:04:34,915 INFO c.h.h.t.HelmChartContainer - [K3S] [WARNING] no subnet found for key: FLANNEL_NETWORK in file: /run/flannel/subnet.env
2025-01-27 17:04:34,915 INFO c.h.h.t.HelmChartContainer - [K3S] [WARNING] no subnet found for key: FLANNEL_SUBNET in file: /run/flannel/subnet.env
2025-01-27 17:04:34,916 INFO c.h.h.t.HelmChartContainer - [K3S] [kube.go:490] Creating the node lease for IPv4. This is the n.Spec.PodCIDRs: [10.42.0.0/24]
2025-01-27 17:04:34,916 INFO c.h.h.t.HelmChartContainer - [K3S] [WARNING] no subnet found for key: FLANNEL_IPV6_NETWORK in file: /run/flannel/subnet.env
2025-01-27 17:04:34,917 INFO c.h.h.t.HelmChartContainer - [K3S] [WARNING] no subnet found for key: FLANNEL_IPV6_SUBNET in file: /run/flannel/subnet.env
2025-01-27 17:04:34,917 INFO c.h.h.t.HelmChartContainer - [K3S] [iptables.go:115] Current network or subnet (10.42.0.0/16, 10.42.0.0/24) is not equal to previous one (0.0.0.0/0, 0.0.0.0/0), trying to recycle old iptables rules
2025-01-27 17:04:34,918 INFO c.h.h.t.HelmChartContainer - [K3S] [range_allocator.go:247] "Successfully synced" key="577ee0c7fff4"
2025-01-27 17:04:34,926 INFO c.h.h.t.HelmChartContainer - [K3S] [iptables.go:125] Setting up masking rules
2025-01-27 17:04:34,928 INFO c.h.h.t.HelmChartContainer - [K3S] [iptables.go:226] Changing default FORWARD chain policy to ACCEPT
2025-01-27 17:04:34,930 INFO c.h.h.t.HelmChartContainer - [K3S] [INFO] Wrote flannel subnet file to /run/flannel/subnet.env
2025-01-27 17:04:34,931 INFO c.h.h.t.HelmChartContainer - [K3S] [INFO] Running flannel backend.
2025-01-27 17:04:34,931 INFO c.h.h.t.HelmChartContainer - [K3S] [vxlan_network.go:65] watching for new subnet leases
2025-01-27 17:04:34,941 INFO c.h.h.t.HelmChartContainer - [K3S] [iptables.go:372] bootstrap done
2025-01-27 17:04:34,947 INFO c.h.h.t.HelmChartContainer - [K3S] [iptables.go:372] bootstrap done
2025-01-27 17:04:35,638 INFO c.h.h.t.HelmChartContainer - [K3S] [handler_proxy.go:99] no RequestInfo found in the context
2025-01-27 17:04:35,638 INFO c.h.h.t.HelmChartContainer - [K3S] [handler_proxy.go:99] no RequestInfo found in the context
2025-01-27 17:04:35,639 INFO c.h.h.t.HelmChartContainer - [K3S] [controller.go:102] "Unhandled Error" err=<
2025-01-27 17:04:35,639 INFO c.h.h.t.HelmChartContainer - [K3S] 	, Header: map[Content-Type:[text/plain; charset=utf-8] X-Content-Type-Options:[nosniff]]
2025-01-27 17:04:35,640 INFO c.h.h.t.HelmChartContainer - [K3S]  >
2025-01-27 17:04:38,439 DEBUG c.h.h.t.HelmChartContainer - Image file loaded 'hivemq-platform-operator.tar'
2025-01-27 17:04:38,556 INFO c.h.h.t.HelmChartContainer - [K3S] [kuberuntime_manager.go:1702] "Updating runtime config through cri with podcidr" CIDR="10.42.0.0/24"
2025-01-27 17:04:38,557 INFO c.h.h.t.HelmChartContainer - [K3S] [kubelet_network.go:61] "Updating Pod CIDR" originalPodCIDR="" newPodCIDR="10.42.0.0/24"
2025-01-27 17:04:38,563 INFO c.h.h.t.HelmChartContainer - [K3S] [range_allocator.go:247] "Successfully synced" key="577ee0c7fff4"
2025-01-27 17:04:39,186 DEBUG c.h.h.t.HelmChartContainer - Image file loaded 'hivemq-platform-operator-init.tar'
2025-01-27 17:04:40,351 INFO c.h.h.t.HelmChartContainer - [K3S] [replica_set.go:679] "Finished syncing" kind="ReplicaSet" key="kube-system/metrics-server-8584b5786c" duration="35.767µs"
2025-01-27 17:04:40,381 INFO c.h.h.t.HelmChartContainer - [K3S] [replica_set.go:679] "Finished syncing" kind="ReplicaSet" key="kube-system/local-path-provisioner-698b58967b" duration="8.849795ms"
2025-01-27 17:04:40,381 INFO c.h.h.t.HelmChartContainer - [K3S] [replica_set.go:679] "Finished syncing" kind="ReplicaSet" key="kube-system/local-path-provisioner-698b58967b" duration="66.555µs"
2025-01-27 17:04:40,402 INFO c.h.h.t.HelmChartContainer - [K3S] [replica_set.go:679] "Finished syncing" kind="ReplicaSet" key="kube-system/coredns-ff8999cc5" duration="51.276µs"
2025-01-27 17:04:41,353 INFO c.h.h.t.HelmChartContainer - [K3S] [replica_set.go:679] "Finished syncing" kind="ReplicaSet" key="kube-system/coredns-ff8999cc5" duration="5.390005ms"
2025-01-27 17:04:41,356 INFO c.h.h.t.HelmChartContainer - [K3S] [replica_set.go:679] "Finished syncing" kind="ReplicaSet" key="kube-system/coredns-ff8999cc5" duration="34.455µs"
2025-01-27 17:04:47,046 DEBUG c.h.h.t.HelmChartContainer - Image file loaded 'hivemq-platform.tar'
2025-01-27 17:04:47,047 DEBUG c.h.h.t.HelmChartContainer - Successful Helm chart Container startup
2025-01-27 17:04:47,054 INFO t.localhost/testcontainers/4rwh4lcgxekjfthp:latest - Container localhost/testcontainers/4rwh4lcgxekjfthp:latest started in PT24.032234018S
2025-01-27 17:04:47,065 DEBUG c.h.h.t.HelmChartContainer - Executing helm command: /bin/helm --kubeconfig /etc/rancher/k3s/k3s.yaml repo add hivemq https://hivemq.github.io/helm-charts
2025-01-27 17:04:48,594 INFO c.h.h.t.HelmChartContainer - [EVENT] Normal [Starting] Starting kubelet. [null:577ee0c7fff4]
2025-01-27 17:04:48,595 INFO c.h.h.t.HelmChartContainer - [EVENT] Warning [InvalidDiskCapacity] invalid capacity 0 on image filesystem [null:577ee0c7fff4]
2025-01-27 17:04:48,597 INFO c.h.h.t.HelmChartContainer - [EVENT] Normal [NodeHasSufficientMemory] Node 577ee0c7fff4 status is now: NodeHasSufficientMemory [null:577ee0c7fff4]
2025-01-27 17:04:48,599 INFO c.h.h.t.HelmChartContainer - [EVENT] Normal [NodeHasNoDiskPressure] Node 577ee0c7fff4 status is now: NodeHasNoDiskPressure [null:577ee0c7fff4]
2025-01-27 17:04:48,601 INFO c.h.h.t.HelmChartContainer - [EVENT] Normal [NodeHasSufficientPID] Node 577ee0c7fff4 status is now: NodeHasSufficientPID [null:577ee0c7fff4]
2025-01-27 17:04:48,601 INFO c.h.h.t.HelmChartContainer - Saved kubeconfig file on /tmp/kubeconfig-6648269649691168498.yaml
2025-01-27 17:04:48,601 INFO c.h.h.t.HelmChartContainer - HelmChartContainer is started
2025-01-27 17:04:48,601 INFO c.h.h.t.HelmChartContainer - [EVENT] Normal [NodeAllocatableEnforced] Updated Node Allocatable limit across pods [null:577ee0c7fff4]
2025-01-27 17:04:48,603 INFO c.h.h.t.HelmChartContainer - [EVENT] Normal [NodeReady] Node 577ee0c7fff4 status is now: NodeReady [null:577ee0c7fff4]
2025-01-27 17:04:48,604 INFO c.h.h.t.HelmChartContainer - [EVENT] Normal [NodePasswordValidationComplete] Deferred node password secret validation complete [null:577ee0c7fff4]
2025-01-27 17:04:48,607 INFO c.h.h.t.HelmChartContainer - [EVENT] Normal [Synced] Node synced successfully [null:577ee0c7fff4]
2025-01-27 17:04:48,607 INFO c.h.h.t.HelmChartContainer - [EVENT] Normal [RegisteredNode] Node 577ee0c7fff4 event: Registered Node 577ee0c7fff4 in Controller [null:577ee0c7fff4]
2025-01-27 17:04:48,607 INFO c.h.h.t.HelmChartContainer - [EVENT] Normal [CIDRAssignmentFailed] Node 577ee0c7fff4 status is now: CIDRAssignmentFailed [null:577ee0c7fff4]
]]></system-out>
  <system-err><![CDATA[]]></system-err>
</testsuite>
