<?xml version="1.0" encoding="UTF-8"?>
<testsuite name="com.hivemq.helmcharts.UserPermissionsIT" tests="1" skipped="0" failures="0" errors="0" timestamp="2025-06-06T16:34:44" hostname="fv-az1043-862" time="129.593">
  <properties/>
  <testcase name="withLocalImages_mqttMessagePublishedReceived()" classname="com.hivemq.helmcharts.UserPermissionsIT" time="129.593"/>
</testsuite>
