<?xml version="1.0" encoding="UTF-8"?>
<testsuite name="com.hivemq.helmcharts.operator.HelmUpgradeOperatorIT" tests="1" skipped="0" failures="0" errors="0" timestamp="2025-03-07T18:50:08" hostname="fv-az1326-577" time="43.298">
  <properties/>
  <testcase name="withDeployedOperator_upgradeUsingNewValues()" classname="com.hivemq.helmcharts.operator.HelmUpgradeOperatorIT" time="43.298"/>
</testsuite>
