<?xml version="1.0" encoding="UTF-8"?>
<testsuite name="com.hivemq.helmcharts.operator.HelmRemoveNamespaceIT" tests="1" skipped="0" failures="0" errors="0" timestamp="2025-10-02T11:20:50" hostname="runnervm3ublj" time="94.106">
  <properties/>
  <testcase name="withSingleOperator_hivemqRunningThenDelete()" classname="com.hivemq.helmcharts.operator.HelmRemoveNamespaceIT" time="94.106"/>
</testsuite>
