<?xml version="1.0" encoding="UTF-8"?>
<testsuite name="com.hivemq.helmcharts.extensions.HelmDataHubIT" tests="1" skipped="0" failures="0" errors="0" timestamp="2025-01-27T17:04:53" hostname="fv-az1770-929" time="102.232">
  <properties/>
  <testcase name="withDataHubEnabled_messagesValidated()" classname="com.hivemq.helmcharts.extensions.HelmDataHubIT" time="102.232">
    <system-out><![CDATA[2025-01-27 17:04:53,800 INFO c.h.h.t.HelmChartContainer - Creating namespace 'helmdatahubit-operator'...
2025-01-27 17:04:53,995 INFO c.h.h.t.HelmChartContainer - Namespace 'helmdatahubit-operator' created
2025-01-27 17:04:53,995 INFO c.h.h.t.HelmChartContainer - Creating namespace 'helmdatahubit'...
2025-01-27 17:04:54,012 INFO c.h.h.t.HelmChartContainer - [POD] coredns-ff8999cc5-74q72 [6d0c7bc2-8fcf-470b-87b2-1e9b252a28ea] in kube-system was ADDED
2025-01-27 17:04:54,013 INFO c.h.h.t.HelmChartContainer - Namespace 'helmdatahubit' created
2025-01-27 17:04:54,016 INFO c.h.h.t.HelmChartContainer - [POD] local-path-provisioner-698b58967b-252b7 [1f037461-29bb-478b-b1c7-93d716e11565] in kube-system was ADDED
2025-01-27 17:04:54,019 INFO c.h.h.t.HelmChartContainer - [POD] metrics-server-8584b5786c-ctgjm [7280eddd-a88b-405e-8fc6-2a00ef54a748] in kube-system was ADDED
2025-01-27 17:04:54,083 DEBUG c.h.h.t.HelmChartContainer - Executing helm command: /bin/helm --kubeconfig /etc/rancher/k3s/k3s.yaml install test-hivemq-platform-operator /charts/hivemq-platform-operator --wait --timeout 5m0s --set image.repository=docker.io/hivemq --set image.name=hivemq-platform-operator-test --set image.initImageName=hivemq-platform-operator-init-test --set image.tag=snapshot --set image.pullPolicy=Never --set logLevel=DEBUG --set resources.cpu=512m --namespace helmdatahubit-operator
2025-01-27 17:04:56,474 INFO c.h.h.t.HelmChartContainer - [K3S] [alloc.go:330] "allocated clusterIPs" service="helmdatahubit-operator/hivemq-platform-operator-test-hivemq-platform-operator" clusterIPs={"IPv4":"10.43.222.83"}
2025-01-27 17:04:56,488 INFO c.h.h.t.HelmChartContainer - [EVENT] Normal [ScalingReplicaSet] Scaled up replica set hivemq-test-hivemq-platform-operator-6966f96d65 from 0 to 1 [helmdatahubit-operator:hivemq-test-hivemq-platform-operator]
2025-01-27 17:04:56,498 INFO c.h.h.t.HelmChartContainer - [POD] hivemq-test-hivemq-platform-operator-6966f96d65-khl8x [0d25b394-ef5f-4028-8b20-799a09662684] in helmdatahubit-operator was ADDED
2025-01-27 17:04:56,504 INFO c.h.h.t.HelmChartContainer - [K3S] [replica_set.go:679] "Finished syncing" kind="ReplicaSet" key="helmdatahubit-operator/hivemq-test-hivemq-platform-operator-6966f96d65" duration="20.551456ms"
2025-01-27 17:04:56,505 INFO c.h.h.t.HelmChartContainer - [EVENT] Normal [SuccessfulCreate] Created pod: hivemq-test-hivemq-platform-operator-6966f96d65-khl8x [helmdatahubit-operator:hivemq-test-hivemq-platform-operator-6966f96d65]
2025-01-27 17:04:56,513 INFO c.h.h.t.HelmChartContainer - [POD] hivemq-test-hivemq-platform-operator-6966f96d65-khl8x [0d25b394-ef5f-4028-8b20-799a09662684] in helmdatahubit-operator was MODIFIED
2025-01-27 17:04:56,516 INFO c.h.h.t.HelmChartContainer - [EVENT] Normal [Scheduled] Successfully assigned helmdatahubit-operator/hivemq-test-hivemq-platform-operator-6966f96d65-khl8x to 20460d4a333c [helmdatahubit-operator:hivemq-test-hivemq-platform-operator-6966f96d65-khl8x]
2025-01-27 17:04:56,519 INFO c.h.h.t.HelmChartContainer - [K3S] [replica_set.go:679] "Finished syncing" kind="ReplicaSet" key="helmdatahubit-operator/hivemq-test-hivemq-platform-operator-6966f96d65" duration="13.184034ms"
2025-01-27 17:04:56,519 INFO c.h.h.t.HelmChartContainer - [K3S] [replica_set.go:679] "Finished syncing" kind="ReplicaSet" key="helmdatahubit-operator/hivemq-test-hivemq-platform-operator-6966f96d65" duration="44.192µs"
2025-01-27 17:04:56,526 INFO c.h.h.t.HelmChartContainer - [K3S] [replica_set.go:679] "Finished syncing" kind="ReplicaSet" key="helmdatahubit-operator/hivemq-test-hivemq-platform-operator-6966f96d65" duration="32.63µs"
2025-01-27 17:04:56,529 INFO c.h.h.t.HelmChartContainer - [POD] hivemq-test-hivemq-platform-operator-6966f96d65-khl8x [0d25b394-ef5f-4028-8b20-799a09662684] in helmdatahubit-operator was MODIFIED
2025-01-27 17:04:56,603 INFO c.h.h.t.HelmChartContainer - [K3S] [reconciler_common.go:251] "operationExecutor.VerifyControllerAttachedVolume started for volume \"kube-api-access-qzzqm\" (UniqueName: \"kubernetes.io/projected/0d25b394-ef5f-4028-8b20-799a09662684-kube-api-access-qzzqm\") pod \"hivemq-test-hivemq-platform-operator-6966f96d65-khl8x\" (UID: \"0d25b394-ef5f-4028-8b20-799a09662684\") " pod="helmdatahubit-operator/hivemq-test-hivemq-platform-operator-6966f96d65-khl8x"
2025-01-27 17:04:56,902 INFO c.h.h.t.HelmChartContainer - [EVENT] Normal [Pulled] Container image "docker.io/hivemq/hivemq-platform-operator-test:snapshot" already present on machine [helmdatahubit-operator:hivemq-test-hivemq-platform-operator-6966f96d65-khl8x]
2025-01-27 17:04:56,902 INFO c.h.h.t.HelmChartContainer - Received Pulled event for container hivemq-platform-operator in pod hivemq-test-hivemq-platform-operator-6966f96d65-khl8x [0d25b394-ef5f-4028-8b20-799a09662684]
2025-01-27 17:04:56,909 INFO c.h.h.t.HelmChartContainer - [EVENT] Normal [Created] Created container: hivemq-platform-operator [helmdatahubit-operator:hivemq-test-hivemq-platform-operator-6966f96d65-khl8x]
2025-01-27 17:04:56,909 INFO c.h.h.t.HelmChartContainer - Received Created event for container hivemq-platform-operator in pod hivemq-test-hivemq-platform-operator-6966f96d65-khl8x [0d25b394-ef5f-4028-8b20-799a09662684]
2025-01-27 17:04:57,426 INFO c.h.h.t.HelmChartContainer - [K3S] [replica_set.go:679] "Finished syncing" kind="ReplicaSet" key="helmdatahubit-operator/hivemq-test-hivemq-platform-operator-6966f96d65" duration="47.969µs"
2025-01-27 17:04:57,434 INFO c.h.h.t.HelmChartContainer - [POD] hivemq-test-hivemq-platform-operator-6966f96d65-khl8x [0d25b394-ef5f-4028-8b20-799a09662684] in helmdatahubit-operator was MODIFIED
2025-01-27 17:04:57,450 INFO c.h.h.t.HelmChartContainer - Started log watcher for hivemq-platform-operator in pod hivemq-test-hivemq-platform-operator-6966f96d65-khl8x [0d25b394-ef5f-4028-8b20-799a09662684]
2025-01-27 17:04:57,450 INFO c.h.h.t.HelmChartContainer - [EVENT] Normal [Started] Started container hivemq-platform-operator [helmdatahubit-operator:hivemq-test-hivemq-platform-operator-6966f96d65-khl8x]
2025-01-27 17:04:57,451 INFO c.h.h.t.HelmChartContainer - Received Started event for container hivemq-platform-operator in pod hivemq-test-hivemq-platform-operator-6966f96d65-khl8x [0d25b394-ef5f-4028-8b20-799a09662684]
2025-01-27 17:04:57,451 INFO c.h.h.t.HelmChartContainer - [hivemq-test-hivemq-platform] [hivemq-platform-operator] [0d25b394] -------------------------------------------------------------------------
2025-01-27 17:04:57,451 INFO c.h.h.t.HelmChartContainer - [hivemq-test-hivemq-platform] [hivemq-platform-operator] [0d25b394] 
2025-01-27 17:04:57,451 INFO c.h.h.t.HelmChartContainer - [hivemq-test-hivemq-platform] [hivemq-platform-operator] [0d25b394]                   _    _  _              __  __   ____
2025-01-27 17:04:57,451 INFO c.h.h.t.HelmChartContainer - [hivemq-test-hivemq-platform] [hivemq-platform-operator] [0d25b394]                  | |  | |(_)            |  \/  | / __ \
2025-01-27 17:04:57,452 INFO c.h.h.t.HelmChartContainer - [hivemq-test-hivemq-platform] [hivemq-platform-operator] [0d25b394]                  | |__| | _ __   __ ___ | \  / || |  | |
2025-01-27 17:04:57,452 INFO c.h.h.t.HelmChartContainer - [hivemq-test-hivemq-platform] [hivemq-platform-operator] [0d25b394]                  |  __  || |\ \ / // _ \| |\/| || |  | |
2025-01-27 17:04:57,452 INFO c.h.h.t.HelmChartContainer - [hivemq-test-hivemq-platform] [hivemq-platform-operator] [0d25b394]                  | |  | || | \ V /|  __/| |  | || |__| |
2025-01-27 17:04:57,452 INFO c.h.h.t.HelmChartContainer - [hivemq-test-hivemq-platform] [hivemq-platform-operator] [0d25b394]                  |_|  |_||_|  \_/  \___||_|  |_| \___\_\
2025-01-27 17:04:57,452 INFO c.h.h.t.HelmChartContainer - [hivemq-test-hivemq-platform] [hivemq-platform-operator] [0d25b394] 
2025-01-27 17:04:57,452 INFO c.h.h.t.HelmChartContainer - [hivemq-test-hivemq-platform] [hivemq-platform-operator] [0d25b394] -------------------------------------------------------------------------
2025-01-27 17:04:57,452 INFO c.h.h.t.HelmChartContainer - [hivemq-test-hivemq-platform] [hivemq-platform-operator] [0d25b394] 
2025-01-27 17:04:57,452 INFO c.h.h.t.HelmChartContainer - [hivemq-test-hivemq-platform] [hivemq-platform-operator] [0d25b394]   HiveMQ Platform Operator Start Script v1.0
2025-01-27 17:04:57,452 INFO c.h.h.t.HelmChartContainer - [hivemq-test-hivemq-platform] [hivemq-platform-operator] [0d25b394] 
2025-01-27 17:04:57,452 INFO c.h.h.t.HelmChartContainer - [hivemq-test-hivemq-platform] [hivemq-platform-operator] [0d25b394] -------------------------------------------------------------------------
2025-01-27 17:04:57,452 INFO c.h.h.t.HelmChartContainer - [hivemq-test-hivemq-platform] [hivemq-platform-operator] [0d25b394] 
2025-01-27 17:04:57,452 INFO c.h.h.t.HelmChartContainer - [hivemq-test-hivemq-platform] [hivemq-platform-operator] [0d25b394]   JAVA_OPTS: -XX:+UnlockExperimentalVMOptions -XX:InitialRAMPercentage=75 -XX:MaxRAMPercentage=75 -Duser.language=en -Duser.region=US
2025-01-27 17:04:57,452 INFO c.h.h.t.HelmChartContainer - [hivemq-test-hivemq-platform] [hivemq-platform-operator] [0d25b394] 
2025-01-27 17:04:57,452 INFO c.h.h.t.HelmChartContainer - [hivemq-test-hivemq-platform] [hivemq-platform-operator] [0d25b394]   JAVA_VERSION: 21
2025-01-27 17:04:57,452 INFO c.h.h.t.HelmChartContainer - [hivemq-test-hivemq-platform] [hivemq-platform-operator] [0d25b394] 
2025-01-27 17:04:57,452 INFO c.h.h.t.HelmChartContainer - [hivemq-test-hivemq-platform] [hivemq-platform-operator] [0d25b394] -------------------------------------------------------------------------
2025-01-27 17:04:57,452 INFO c.h.h.t.HelmChartContainer - [hivemq-test-hivemq-platform] [hivemq-platform-operator] [0d25b394] 
2025-01-27 17:05:00,602 INFO c.h.h.t.HelmChartContainer - [hivemq-test-hivemq-platform] [hivemq-platform-operator] [0d25b394] 17:05:00.599 [main] DEBUG org.jboss.logging - Logging Provider: org.jboss.logging.Slf4jLoggerProvider
2025-01-27 17:05:00,708 INFO c.h.h.t.HelmChartContainer - [hivemq-test-hivemq-platform] [hivemq-platform-operator] [0d25b394] 17:05:00.706 [main] DEBUG io.smallrye.config - SRCFG01006: Loaded ConfigSource SysPropConfigSource with ordinal 400
2025-01-27 17:05:00,709 INFO c.h.h.t.HelmChartContainer - [hivemq-test-hivemq-platform] [hivemq-platform-operator] [0d25b394] 17:05:00.706 [main] DEBUG io.smallrye.config - SRCFG01006: Loaded ConfigSource EnvConfigSource with ordinal 300
2025-01-27 17:05:00,709 INFO c.h.h.t.HelmChartContainer - [hivemq-test-hivemq-platform] [hivemq-platform-operator] [0d25b394] 17:05:00.706 [main] DEBUG io.smallrye.config - SRCFG01006: Loaded ConfigSource PropertiesConfigSource[source=jar:file:///opt/hivemq-platform-operator/bin/hivemq-platform-operator.jar!/hivemq-platform-operator.properties] with ordinal 100
2025-01-27 17:05:00,709 INFO c.h.h.t.HelmChartContainer - [hivemq-test-hivemq-platform] [hivemq-platform-operator] [0d25b394] 17:05:00.706 [main] DEBUG io.smallrye.config - SRCFG01006: Loaded ConfigSource DefaultValuesConfigSource with ordinal -2147483648
2025-01-27 17:05:00,812 INFO c.h.h.t.HelmChartContainer - [hivemq-test-hivemq-platform] [hivemq-platform-operator] [0d25b394] 17:05:00.810 [main] DEBUG i.m.c.u.i.l.InternalLoggerFactory - Using SLF4J as the default logging framework
2025-01-27 17:05:00,935 INFO c.h.h.t.HelmChartContainer - [hivemq-test-hivemq-platform] [hivemq-platform-operator] [0d25b394] 17:05:00.911 [main] INFO  c.h.p.o.HiveMQPlatformOperatorApplication - HiveMQ Platform Operator 1.7.0-SNAPSHOT (commit: bebf408 on branch: HEAD) built on Sun Jan 26 20:47:47 UTC 2025
2025-01-27 17:05:00,937 INFO c.h.h.t.HelmChartContainer - [hivemq-test-hivemq-platform] [hivemq-platform-operator] [0d25b394] 17:05:00.935 [main] INFO  c.h.p.o.HiveMQPlatformOperatorApplication - HiveMQ Platform Operator is running in namespace: helmdatahubit-operator
2025-01-27 17:05:00,937 INFO c.h.h.t.HelmChartContainer - [hivemq-test-hivemq-platform] [hivemq-platform-operator] [0d25b394] 17:05:00.935 [main] INFO  c.h.p.o.HiveMQPlatformOperatorApplication - Watching all namespaces
2025-01-27 17:05:00,937 INFO c.h.h.t.HelmChartContainer - [hivemq-test-hivemq-platform] [hivemq-platform-operator] [0d25b394] 17:05:00.935 [main] INFO  c.h.p.o.HiveMQPlatformOperatorApplication - Log level: DEBUG
2025-01-27 17:05:00,937 INFO c.h.h.t.HelmChartContainer - [hivemq-test-hivemq-platform] [hivemq-platform-operator] [0d25b394] 17:05:00.935 [main] INFO  c.h.p.o.HiveMQPlatformOperatorApplication - Release name: test-hivemq-platform-operator
2025-01-27 17:05:00,937 INFO c.h.h.t.HelmChartContainer - [hivemq-test-hivemq-platform] [hivemq-platform-operator] [0d25b394] 17:05:00.935 [main] INFO  c.h.p.o.HiveMQPlatformOperatorApplication - HiveMQ Platform Operator Init image: docker.io/hivemq/hivemq-platform-operator-init-test:snapshot
2025-01-27 17:05:00,938 INFO c.h.h.t.HelmChartContainer - [hivemq-test-hivemq-platform] [hivemq-platform-operator] [0d25b394] 17:05:00.935 [main] INFO  c.h.p.o.HiveMQPlatformOperatorApplication - HiveMQ Platform Operator Init App update URL: http://hivemq-platform-operator-test-hivemq-platform-operator.helmdatahubit-operator.svc:8080/initAppUpdate/hivemq-platform-operator-init-app-1.7.0-SNAPSHOT.jar
2025-01-27 17:05:00,939 INFO c.h.h.t.HelmChartContainer - [hivemq-test-hivemq-platform] [hivemq-platform-operator] [0d25b394] 17:05:00.935 [main] INFO  c.h.p.o.HiveMQPlatformOperatorApplication - Additional imagePullSecret for all Platform deployments: none
2025-01-27 17:05:00,939 INFO c.h.h.t.HelmChartContainer - [hivemq-test-hivemq-platform] [hivemq-platform-operator] [0d25b394] 17:05:00.935 [main] INFO  c.h.p.o.HiveMQPlatformOperatorApplication - Apply HiveMQ Platform CRD: true
2025-01-27 17:05:00,939 INFO c.h.h.t.HelmChartContainer - [hivemq-test-hivemq-platform] [hivemq-platform-operator] [0d25b394] 17:05:00.935 [main] INFO  c.h.p.o.HiveMQPlatformOperatorApplication - Create Platform ServiceAccount: true
2025-01-27 17:05:00,939 INFO c.h.h.t.HelmChartContainer - [hivemq-test-hivemq-platform] [hivemq-platform-operator] [0d25b394] 17:05:00.935 [main] INFO  c.h.p.o.HiveMQPlatformOperatorApplication - Create Platform ServiceAccount permissions: true
2025-01-27 17:05:00,939 INFO c.h.h.t.HelmChartContainer - [hivemq-test-hivemq-platform] [hivemq-platform-operator] [0d25b394] 17:05:00.935 [main] INFO  c.h.p.o.HiveMQPlatformOperatorApplication - Validate Platform ServiceAccount: true
2025-01-27 17:05:00,939 INFO c.h.h.t.HelmChartContainer - [hivemq-test-hivemq-platform] [hivemq-platform-operator] [0d25b394] 17:05:00.936 [main] INFO  c.h.p.o.HiveMQPlatformOperatorApplication - Validate Platform ServiceAccount permissions: true
2025-01-27 17:05:01,096 INFO c.h.h.t.HelmChartContainer - [hivemq-test-hivemq-platform] [hivemq-platform-operator] [0d25b394] 17:05:01.094 [main] INFO  c.h.platform.operator.util.CRDUtil - Verifying deployed HiveMQ Platform CRD...
2025-01-27 17:05:03,363 INFO c.h.h.t.HelmChartContainer - [POD] metrics-server-8584b5786c-ctgjm [7280eddd-a88b-405e-8fc6-2a00ef54a748] in kube-system was MODIFIED
2025-01-27 17:05:03,376 INFO c.h.h.t.HelmChartContainer - [K3S] [replica_set.go:679] "Finished syncing" kind="ReplicaSet" key="kube-system/metrics-server-8584b5786c" duration="13.732639ms"
2025-01-27 17:05:03,376 INFO c.h.h.t.HelmChartContainer - [K3S] [replica_set.go:679] "Finished syncing" kind="ReplicaSet" key="kube-system/metrics-server-8584b5786c" duration="32.851µs"
2025-01-27 17:05:03,905 INFO c.h.h.t.HelmChartContainer - [hivemq-test-hivemq-platform] [hivemq-platform-operator] [0d25b394] 17:05:03.904 [main] DEBUG c.h.platform.operator.util.CRDUtil - HiveMQ Platform CRD version v1 is up to date
2025-01-27 17:05:03,905 INFO c.h.h.t.HelmChartContainer - [hivemq-test-hivemq-platform] [hivemq-platform-operator] [0d25b394] 17:05:03.904 [main] INFO  c.h.platform.operator.util.CRDUtil - HiveMQ Platform CRD is up to date (version: V1_6_0)
2025-01-27 17:05:03,906 INFO c.h.h.t.HelmChartContainer - [hivemq-test-hivemq-platform] [hivemq-platform-operator] [0d25b394] 17:05:03.904 [main] INFO  c.h.platform.operator.util.CRDUtil - Waiting 10000 ms for HiveMQ Platform CRD 'hivemq-platforms.hivemq.com' to become ready...
2025-01-27 17:05:04,208 INFO c.h.h.t.HelmChartContainer - [hivemq-test-hivemq-platform] [hivemq-platform-operator] [0d25b394] 17:05:04.205 [vert.x-eventloop-thread-1] DEBUG c.h.platform.operator.util.CRDUtil - Checking CRD condition 'NamesAccepted' (status: 'True')
2025-01-27 17:05:04,209 INFO c.h.h.t.HelmChartContainer - [hivemq-test-hivemq-platform] [hivemq-platform-operator] [0d25b394] 17:05:04.206 [vert.x-eventloop-thread-1] DEBUG c.h.platform.operator.util.CRDUtil - Checking CRD condition 'Established' (status: 'True')
2025-01-27 17:05:04,209 INFO c.h.h.t.HelmChartContainer - [hivemq-test-hivemq-platform] [hivemq-platform-operator] [0d25b394] 17:05:04.206 [main] INFO  c.h.platform.operator.util.CRDUtil - HiveMQ Platform CRD 'hivemq-platforms.hivemq.com' is ready
2025-01-27 17:05:04,409 INFO c.h.h.t.HelmChartContainer - [hivemq-test-hivemq-platform] [hivemq-platform-operator] [0d25b394] 17:05:04.407 [main] INFO  c.h.p.o.HiveMQPlatformReconciler - HiveMQ Platform Operator is starting...
2025-01-27 17:05:04,596 INFO c.h.h.t.HelmChartContainer - [hivemq-test-hivemq-platform] [hivemq-platform-operator] [0d25b394] 17:05:04.594 [main] WARN  Default ConfigurationService implementation - Configuration for reconciler 'hivemq-controller' was not found. Known reconcilers: None.
2025-01-27 17:05:04,605 INFO c.h.h.t.HelmChartContainer - [hivemq-test-hivemq-platform] [hivemq-platform-operator] [0d25b394] 17:05:04.604 [main] INFO  Default ConfigurationService implementation - Created configuration for reconciler com.hivemq.platform.operator.HiveMQPlatformReconciler with name hivemq-controller
2025-01-27 17:05:04,711 INFO c.h.h.t.HelmChartContainer - [hivemq-test-hivemq-platform] [hivemq-platform-operator] [0d25b394] 17:05:04.710 [main] DEBUG c.h.p.o.HiveMQPlatformReconciler - HiveMQ Platform Operator is preparing EventSources
2025-01-27 17:05:04,802 INFO c.h.h.t.HelmChartContainer - [hivemq-test-hivemq-platform] [hivemq-platform-operator] [0d25b394] 17:05:04.801 [main] INFO  i.javaoperatorsdk.operator.Operator - Registered reconciler: 'hivemq-controller' for resource: 'class com.hivemq.platform.operator.v1.HiveMQPlatform' for namespace(s): [all namespaces]
2025-01-27 17:05:05,309 INFO c.h.h.t.HelmChartContainer - [K3S] [range_allocator.go:247] "Successfully synced" key="20460d4a333c"
2025-01-27 17:05:05,403 INFO c.h.h.t.HelmChartContainer - [hivemq-test-hivemq-platform] [hivemq-platform-operator] [0d25b394] 17:05:05.402 [main] INFO  c.h.p.operator.webserver.JettyServer - Starting Jetty server on port 8080
2025-01-27 17:05:05,497 INFO c.h.h.t.HelmChartContainer - [hivemq-test-hivemq-platform] [hivemq-platform-operator] [0d25b394] 17:05:05.496 [main] INFO  i.javaoperatorsdk.operator.Operator - Operator SDK 4.9.7 (commit: 2133d28) built on Wed Nov 20 12:56:20 UTC 2024 starting...
2025-01-27 17:05:05,497 INFO c.h.h.t.HelmChartContainer - [hivemq-test-hivemq-platform] [hivemq-platform-operator] [0d25b394] 17:05:05.496 [main] INFO  i.javaoperatorsdk.operator.Operator - Client version: 6.13.4
2025-01-27 17:05:05,498 INFO c.h.h.t.HelmChartContainer - [hivemq-test-hivemq-platform] [hivemq-platform-operator] [0d25b394] 17:05:05.497 [Controller Starter for: hivemq-controller] INFO  i.j.operator.processing.Controller - Starting 'hivemq-controller' controller for reconciler: com.hivemq.platform.operator.HiveMQPlatformReconciler, resource: com.hivemq.platform.operator.v1.HiveMQPlatform
2025-01-27 17:05:07,943 INFO c.h.h.t.HelmChartContainer - [hivemq-test-hivemq-platform] [hivemq-platform-operator] [0d25b394] 17:05:07.942 [Controller Starter for: hivemq-controller] INFO  i.j.operator.processing.Controller - 'hivemq-controller' controller started
2025-01-27 17:05:07,994 INFO c.h.h.t.HelmChartContainer - [hivemq-test-hivemq-platform] [hivemq-platform-operator] [0d25b394] 17:05:07.943 [main] INFO  c.h.p.o.HiveMQPlatformOperatorApplication - HiveMQ Platform Operator 1.7.0-SNAPSHOT started in 7031 ms
2025-01-27 17:05:08,385 INFO c.h.h.t.HelmChartContainer - [POD] hivemq-test-hivemq-platform-operator-6966f96d65-khl8x [0d25b394-ef5f-4028-8b20-799a09662684] in helmdatahubit-operator was MODIFIED
2025-01-27 17:05:08,395 INFO c.h.h.t.HelmChartContainer - [K3S] [replica_set.go:679] "Finished syncing" kind="ReplicaSet" key="helmdatahubit-operator/hivemq-test-hivemq-platform-operator-6966f96d65" duration="13.97784ms"
2025-01-27 17:05:08,396 INFO c.h.h.t.HelmChartContainer - [K3S] [replica_set.go:679] "Finished syncing" kind="ReplicaSet" key="helmdatahubit-operator/hivemq-test-hivemq-platform-operator-6966f96d65" duration="34.745µs"
2025-01-27 17:05:08,604 DEBUG c.h.h.t.HelmChartContainer - Executing helm command: /bin/helm --kubeconfig /etc/rancher/k3s/k3s.yaml install test-hivemq-platform /charts/hivemq-platform --wait --timeout 5m0s --set image.repository=docker.io/hivemq --set image.tag=4.35.0 --set image.pullPolicy=Never --set nodes.resources.cpu=512m -f /files/data-hub-values.yaml --namespace helmdatahubit
2025-01-27 17:05:09,097 INFO c.h.h.t.HelmChartContainer - [hivemq-test-hivemq-platform] [hivemq-platform-operator] [0d25b394] 17:05:09.094 [-373097727-pool-1-thread-2] WARN  i.m.p.PrometheusMeterRegistry - The meter (MeterId{name='operator.sdk.events.received', tags=[tag(action=ADDED),tag(event=ResourceEvent),tag(group=hivemq.com),tag(kind=HiveMQPlatform),tag(name=test-hivemq-platform),tag(namespace=helmdatahubit),tag(scope=namespace),tag(version=v1)]}) registration has failed: Prometheus requires that all meters with the same name have the same set of tag keys. There is already an existing meter named 'operator.sdk.events.received' containing tag keys [event, group, kind, name, namespace, scope, version]. The meter you are attempting to register has keys [action, event, group, kind, name, namespace, scope, version]. Note that subsequent logs will be logged at debug level.
2025-01-27 17:05:09,540 INFO c.h.h.t.HelmChartContainer - [hivemq-test-hivemq-platform] [hivemq-platform-operator] [0d25b394] 17:05:09.537 [pool-6-thread-3] DEBUG c.h.p.o.dependants.PodInfoConfigMap - [helmdata] Desired PodInfo ConfigMap (1 extensions) (1 enabled)
2025-01-27 17:05:09,540 INFO c.h.h.t.HelmChartContainer - [hivemq-test-hivemq-platform] [hivemq-platform-operator] [0d25b394] 17:05:09.538 [pool-6-thread-3] DEBUG c.h.p.o.dependants.PodInfoConfigMap - [helmdata] Desired PodInfo ConfigMap (metrics port: 9399) (metrics path: /)
2025-01-27 17:05:09,540 INFO c.h.h.t.HelmChartContainer - [hivemq-test-hivemq-platform] [hivemq-platform-operator] [0d25b394] 17:05:09.538 [pool-6-thread-3] DEBUG c.h.p.o.dependants.PodInfoConfigMap - [helmdata] Desired PodInfo ConfigMap (extension state hash: -1817474005)
2025-01-27 17:05:09,540 INFO c.h.h.t.HelmChartContainer - [hivemq-test-hivemq-platform] [hivemq-platform-operator] [0d25b394] 17:05:09.539 [pool-6-thread-3] DEBUG c.h.p.o.dependants.PodInfoConfigMap - [helmdata] Create PodInfo ConfigMap
2025-01-27 17:05:09,699 INFO c.h.h.t.HelmChartContainer - [hivemq-test-hivemq-platform] [hivemq-platform-operator] [0d25b394] 17:05:09.696 [pool-6-thread-5] DEBUG c.h.p.o.dependants.PodRoleResource - [helmdata] Create Role: Role(apiVersion=rbac.authorization.k8s.io/v1, kind=Role, metadata=ObjectMeta(annotations={meta.helm.sh/release-name=test-hivemq-platform, meta.helm.sh/release-namespace=helmdatahubit}, creationTimestamp=null, deletionGracePeriodSeconds=null, deletionTimestamp=null, finalizers=[], generateName=null, generation=null, labels={helm.sh/chart=hivemq-platform-0.2.31, app.kubernetes.io/managed-by=Helm, app.kubernetes.io/name=hivemq-platform, hivemq-platform=test-hivemq-platform, app.kubernetes.io/instance=test-hivemq-platform, app.kubernetes.io/version=4.35.0}, managedFields=[], name=hivemq-platform-role-test-hivemq-platform, namespace=helmdatahubit, ownerReferences=[OwnerReference(apiVersion=hivemq.com/v1, blockOwnerDeletion=null, controller=null, kind=HiveMQPlatform, name=test-hivemq-platform, uid=705018fa-bd44-4b09-9675-3e6105c35f1b, additionalProperties={})], resourceVersion=null, selfLink=null, uid=null, additionalProperties={}), rules=[PolicyRule(apiGroups=[], nonResourceURLs=[], resourceNames=[], resources=[pods], verbs=[get, patch, update], additionalProperties={})], additionalProperties={})
2025-01-27 17:05:09,800 INFO c.h.h.t.HelmChartContainer - [hivemq-test-hivemq-platform] [hivemq-platform-operator] [0d25b394] 17:05:09.797 [pool-6-thread-7] DEBUG c.h.p.o.d.PodServiceAccountResource - [helmdata] Desired PodServiceAccountResource (serviceAccountName: hivemq-platform-pod-test-hivemq-platform)
2025-01-27 17:05:09,801 INFO c.h.h.t.HelmChartContainer - [hivemq-test-hivemq-platform] [hivemq-platform-operator] [0d25b394] 17:05:09.799 [pool-6-thread-7] DEBUG c.h.p.o.d.PodServiceAccountResource - [helmdata] Create ServiceAccount 'hivemq-platform-pod-test-hivemq-platform'
2025-01-27 17:05:09,939 INFO c.h.h.t.HelmChartContainer - [hivemq-test-hivemq-platform] [hivemq-platform-operator] [0d25b394] 17:05:09.937 [pool-6-thread-10] DEBUG c.h.p.o.d.PodRoleBindingResource - [helmdata] Create RoleBinding: RoleBinding(apiVersion=rbac.authorization.k8s.io/v1, kind=RoleBinding, metadata=ObjectMeta(annotations={meta.helm.sh/release-name=test-hivemq-platform, meta.helm.sh/release-namespace=helmdatahubit}, creationTimestamp=null, deletionGracePeriodSeconds=null, deletionTimestamp=null, finalizers=[], generateName=null, generation=null, labels={helm.sh/chart=hivemq-platform-0.2.31, app.kubernetes.io/managed-by=Helm, app.kubernetes.io/name=hivemq-platform, hivemq-platform=test-hivemq-platform, app.kubernetes.io/instance=test-hivemq-platform, app.kubernetes.io/version=4.35.0}, managedFields=[], name=hivemq-platform-role-binding-test-hivemq-platform, namespace=helmdatahubit, ownerReferences=[OwnerReference(apiVersion=hivemq.com/v1, blockOwnerDeletion=null, controller=null, kind=HiveMQPlatform, name=test-hivemq-platform, uid=705018fa-bd44-4b09-9675-3e6105c35f1b, additionalProperties={})], resourceVersion=null, selfLink=null, uid=null, additionalProperties={}), roleRef=RoleRef(apiGroup=rbac.authorization.k8s.io, kind=Role, name=hivemq-platform-role-test-hivemq-platform, additionalProperties={}), subjects=[Subject(apiGroup=null, kind=ServiceAccount, name=hivemq-platform-pod-test-hivemq-platform, namespace=helmdatahubit, additionalProperties={})], additionalProperties={})
2025-01-27 17:05:10,035 INFO c.h.h.t.HelmChartContainer - [hivemq-test-hivemq-platform] [hivemq-platform-operator] [0d25b394] 17:05:10.034 [ReconcilerExecutor-hivemq-controller-53] INFO  c.h.p.o.HiveMQPlatformReconciler - [helmdata] Reconciling HiveMQ Platform 'test-hivemq-platform' in namespace 'helmdatahubit'
2025-01-27 17:05:10,037 INFO c.h.h.t.HelmChartContainer - [hivemq-test-hivemq-platform] [hivemq-platform-operator] [0d25b394] 17:05:10.034 [ReconcilerExecutor-hivemq-controller-53] DEBUG c.h.p.o.HiveMQPlatformReconciler - [helmdata] Custom Resource Status CREATED - HiveMQ Platform was created (READY)
2025-01-27 17:05:10,037 INFO c.h.h.t.HelmChartContainer - [hivemq-test-hivemq-platform] [hivemq-platform-operator] [0d25b394] 17:05:10.034 [ReconcilerExecutor-hivemq-controller-53] DEBUG c.h.p.o.HiveMQPlatformReconciler - [helmdata] Custom Resource Spec (replicas: 1) (extensions: 1)
2025-01-27 17:05:10,041 INFO c.h.h.t.HelmChartContainer - [hivemq-test-hivemq-platform] [hivemq-platform-operator] [0d25b394] 17:05:10.038 [ReconcilerExecutor-hivemq-controller-53] INFO  c.h.p.o.h.HiveMQPlatformReconcilerBaseHandler - [helmdata] HiveMQ Platform is starting
2025-01-27 17:05:10,199 INFO c.h.h.t.HelmChartContainer - [hivemq-test-hivemq-platform] [hivemq-platform-operator] [0d25b394] 17:05:10.198 [ReconcilerExecutor-hivemq-controller-53] DEBUG c.h.p.operator.event.EventSender - [helmdata] Creating K8s event hivemq-platform-starting: [Start] HiveMQ Platform is starting
2025-01-27 17:05:10,207 INFO c.h.h.t.HelmChartContainer - [EVENT] Normal [Start] HiveMQ Platform is starting [helmdatahubit:test-hivemq-platform]
2025-01-27 17:05:10,238 INFO c.h.h.t.HelmChartContainer - [hivemq-test-hivemq-platform] [hivemq-platform-operator] [0d25b394] 17:05:10.236 [ReconcilerExecutor-hivemq-controller-53] INFO  c.h.p.o.h.AbstractHiveMQReconcilerStateHandler - [helmdata] Update HiveMQ Platform Status (CREATED [READY] -> STARTING [READY]): HiveMQ Platform is starting
2025-01-27 17:05:10,306 DEBUG com.hivemq.helmcharts.util.K8sUtil - Comparing actual state 'STARTING' and waiting for 'RUNNING'
2025-01-27 17:05:20,344 INFO c.h.h.t.HelmChartContainer - [hivemq-test-hivemq-platform] [hivemq-platform-operator] [0d25b394] 17:05:20.341 [pool-6-thread-12] DEBUG c.h.p.o.d.PlatformServiceResource - [helmdata] Desired Platform services (3 services)
2025-01-27 17:05:20,345 INFO c.h.h.t.HelmChartContainer - [hivemq-test-hivemq-platform] [hivemq-platform-operator] [0d25b394] 17:05:20.343 [pool-6-thread-13] DEBUG c.h.p.o.dependants.PodInfoConfigMap - [helmdata] Desired PodInfo ConfigMap (1 extensions) (1 enabled)
2025-01-27 17:05:20,348 INFO c.h.h.t.HelmChartContainer - [hivemq-test-hivemq-platform] [hivemq-platform-operator] [0d25b394] 17:05:20.343 [pool-6-thread-13] DEBUG c.h.p.o.dependants.PodInfoConfigMap - [helmdata] Desired PodInfo ConfigMap (metrics port: 9399) (metrics path: /)
2025-01-27 17:05:20,349 INFO c.h.h.t.HelmChartContainer - [hivemq-test-hivemq-platform] [hivemq-platform-operator] [0d25b394] 17:05:20.343 [pool-6-thread-13] DEBUG c.h.p.o.dependants.PodInfoConfigMap - [helmdata] Desired PodInfo ConfigMap (extension state hash: -1817474005)
2025-01-27 17:05:20,349 INFO c.h.h.t.HelmChartContainer - [hivemq-test-hivemq-platform] [hivemq-platform-operator] [0d25b394] 17:05:20.346 [pool-6-thread-17] DEBUG c.h.p.o.d.PodServiceAccountResource - [helmdata] Desired PodServiceAccountResource (serviceAccountName: hivemq-platform-pod-test-hivemq-platform)
2025-01-27 17:05:20,352 INFO c.h.h.t.HelmChartContainer - [hivemq-test-hivemq-platform] [hivemq-platform-operator] [0d25b394] 17:05:20.348 [pool-6-thread-13] DEBUG c.h.p.o.dependants.PodInfoConfigMap - [helmdata] Update PodInfo ConfigMap
2025-01-27 17:05:20,445 INFO c.h.h.t.HelmChartContainer - [K3S] [alloc.go:330] "allocated clusterIPs" service="helmdatahubit/hivemq-test-hivemq-platform-rest-8890" clusterIPs={"IPv4":"10.43.220.87"}
2025-01-27 17:05:20,460 INFO c.h.h.t.HelmChartContainer - [K3S] [alloc.go:330] "allocated clusterIPs" service="helmdatahubit/hivemq-test-hivemq-platform-mqtt-1883" clusterIPs={"IPv4":"10.43.21.186"}
2025-01-27 17:05:20,542 INFO c.h.h.t.HelmChartContainer - [K3S] [alloc.go:330] "allocated clusterIPs" service="helmdatahubit/hivemq-test-hivemq-platform-metrics-9399" clusterIPs={"IPv4":"10.43.60.155"}
2025-01-27 17:05:20,551 INFO c.h.h.t.HelmChartContainer - [hivemq-test-hivemq-platform] [hivemq-platform-operator] [0d25b394] 17:05:20.550 [pool-6-thread-20] DEBUG c.h.p.o.d.StatefulSetResource - [helmdata] Desired StatefulSet (1 replicas) for status STARTING (READY)
2025-01-27 17:05:20,645 INFO c.h.h.t.HelmChartContainer - [hivemq-test-hivemq-platform] [hivemq-platform-operator] [0d25b394] 17:05:20.643 [pool-6-thread-20] DEBUG c.h.p.o.d.StatefulSetResource - [helmdata] Create StatefulSet
2025-01-27 17:05:20,754 INFO c.h.h.t.HelmChartContainer - [hivemq-test-hivemq-platform] [hivemq-platform-operator] [0d25b394] 17:05:20.748 [ReconcilerExecutor-hivemq-controller-64] INFO  c.h.p.o.HiveMQPlatformReconciler - [helmdata] Reconciling HiveMQ Platform 'test-hivemq-platform' in namespace 'helmdatahubit'
2025-01-27 17:05:20,755 INFO c.h.h.t.HelmChartContainer - [hivemq-test-hivemq-platform] [hivemq-platform-operator] [0d25b394] 17:05:20.748 [ReconcilerExecutor-hivemq-controller-64] DEBUG c.h.p.o.HiveMQPlatformReconciler - [helmdata] Custom Resource Status STARTING - HiveMQ Platform is starting (READY)
2025-01-27 17:05:20,755 INFO c.h.h.t.HelmChartContainer - [hivemq-test-hivemq-platform] [hivemq-platform-operator] [0d25b394] 17:05:20.748 [ReconcilerExecutor-hivemq-controller-64] DEBUG c.h.p.o.HiveMQPlatformReconciler - [helmdata] Custom Resource Spec (replicas: 1) (extensions: 1)
2025-01-27 17:05:20,767 INFO c.h.h.t.HelmChartContainer - [POD] test-hivemq-platform-0 [a626ad47-0308-4b52-a871-9db3946ddf20] in helmdatahubit was ADDED
2025-01-27 17:05:20,771 INFO c.h.h.t.HelmChartContainer - [EVENT] Normal [SuccessfulCreate] create Pod test-hivemq-platform-0 in StatefulSet test-hivemq-platform successful [helmdatahubit:test-hivemq-platform]
2025-01-27 17:05:20,774 INFO c.h.h.t.HelmChartContainer - [EVENT] Normal [Scheduled] Successfully assigned helmdatahubit/test-hivemq-platform-0 to 20460d4a333c [helmdatahubit:test-hivemq-platform-0]
2025-01-27 17:05:20,779 INFO c.h.h.t.HelmChartContainer - [POD] test-hivemq-platform-0 [a626ad47-0308-4b52-a871-9db3946ddf20] in helmdatahubit was MODIFIED
2025-01-27 17:05:20,786 INFO c.h.h.t.HelmChartContainer - [POD] test-hivemq-platform-0 [a626ad47-0308-4b52-a871-9db3946ddf20] in helmdatahubit was MODIFIED
2025-01-27 17:05:20,838 INFO c.h.h.t.HelmChartContainer - [hivemq-test-hivemq-platform] [hivemq-platform-operator] [0d25b394] 17:05:20.834 [ReconcilerExecutor-hivemq-controller-64] DEBUG c.h.p.o.HiveMQPlatformReconciler - [helmdata] StatefulSet Status (revision: null, replicas: 0, available: 0, ready: 0, current: 0, updated: 0)
2025-01-27 17:05:20,838 INFO c.h.h.t.HelmChartContainer - [hivemq-test-hivemq-platform] [hivemq-platform-operator] [0d25b394] 17:05:20.834 [ReconcilerExecutor-hivemq-controller-64] DEBUG c.h.p.o.HiveMQPlatformReconciler - [helmdata] StatefulSet Spec (replicas: 1, init containers: 1, containers: 1, volumes: 3)
2025-01-27 17:05:20,937 INFO c.h.h.t.HelmChartContainer - [hivemq-test-hivemq-platform] [hivemq-platform-operator] [0d25b394] 17:05:20.934 [ReconcilerExecutor-hivemq-controller-64] DEBUG c.h.p.o.h.HiveMQPlatformReconcilerErrorHandler - [helmdata] Pod 'test-hivemq-platform-0' phase Pending
2025-01-27 17:05:20,939 INFO c.h.h.t.HelmChartContainer - [hivemq-test-hivemq-platform] [hivemq-platform-operator] [0d25b394] 17:05:20.935 [ReconcilerExecutor-hivemq-controller-64] DEBUG c.h.p.o.h.HiveMQPlatformReconcilerErrorHandler - [helmdata] Pod 'test-hivemq-platform-0' condition 'PodScheduled': True
2025-01-27 17:05:20,939 INFO c.h.h.t.HelmChartContainer - [hivemq-test-hivemq-platform] [hivemq-platform-operator] [0d25b394] 17:05:20.937 [ReconcilerExecutor-hivemq-controller-64] INFO  c.h.p.o.h.HiveMQPlatformReconcilerBaseHandler - [helmdata] HiveMQ Platform is starting, 0 of 1 replicas are ready
2025-01-27 17:05:20,944 INFO c.h.h.t.HelmChartContainer - [hivemq-test-hivemq-platform] [hivemq-platform-operator] [0d25b394] 17:05:20.941 [pool-6-thread-22] DEBUG c.h.p.o.d.PlatformServiceResource - [helmdata] Desired Platform services (3 services)
2025-01-27 17:05:20,944 INFO c.h.h.t.HelmChartContainer - [hivemq-test-hivemq-platform] [hivemq-platform-operator] [0d25b394] 17:05:20.942 [pool-6-thread-23] DEBUG c.h.p.o.dependants.PodInfoConfigMap - [helmdata] Desired PodInfo ConfigMap (1 extensions) (1 enabled)
2025-01-27 17:05:20,944 INFO c.h.h.t.HelmChartContainer - [hivemq-test-hivemq-platform] [hivemq-platform-operator] [0d25b394] 17:05:20.942 [pool-6-thread-23] DEBUG c.h.p.o.dependants.PodInfoConfigMap - [helmdata] Desired PodInfo ConfigMap (metrics port: 9399) (metrics path: /)
2025-01-27 17:05:20,944 INFO c.h.h.t.HelmChartContainer - [hivemq-test-hivemq-platform] [hivemq-platform-operator] [0d25b394] 17:05:20.942 [pool-6-thread-23] DEBUG c.h.p.o.dependants.PodInfoConfigMap - [helmdata] Desired PodInfo ConfigMap (extension state hash: -1817474005)
2025-01-27 17:05:20,947 INFO c.h.h.t.HelmChartContainer - [hivemq-test-hivemq-platform] [hivemq-platform-operator] [0d25b394] 17:05:20.945 [pool-6-thread-27] DEBUG c.h.p.o.d.PodServiceAccountResource - [helmdata] Desired PodServiceAccountResource (serviceAccountName: hivemq-platform-pod-test-hivemq-platform)
2025-01-27 17:05:20,959 INFO c.h.h.t.HelmChartContainer - [K3S] [reconciler_common.go:251] "operationExecutor.VerifyControllerAttachedVolume started for volume \"operator-init\" (UniqueName: \"kubernetes.io/empty-dir/a626ad47-0308-4b52-a871-9db3946ddf20-operator-init\") pod \"test-hivemq-platform-0\" (UID: \"a626ad47-0308-4b52-a871-9db3946ddf20\") " pod="helmdatahubit/test-hivemq-platform-0"
2025-01-27 17:05:20,959 INFO c.h.h.t.HelmChartContainer - [K3S] [reconciler_common.go:251] "operationExecutor.VerifyControllerAttachedVolume started for volume \"kube-api-access-c5t7l\" (UniqueName: \"kubernetes.io/projected/a626ad47-0308-4b52-a871-9db3946ddf20-kube-api-access-c5t7l\") pod \"test-hivemq-platform-0\" (UID: \"a626ad47-0308-4b52-a871-9db3946ddf20\") " pod="helmdatahubit/test-hivemq-platform-0"
2025-01-27 17:05:20,959 INFO c.h.h.t.HelmChartContainer - [K3S] [reconciler_common.go:251] "operationExecutor.VerifyControllerAttachedVolume started for volume \"pod-info\" (UniqueName: \"kubernetes.io/configmap/a626ad47-0308-4b52-a871-9db3946ddf20-pod-info\") pod \"test-hivemq-platform-0\" (UID: \"a626ad47-0308-4b52-a871-9db3946ddf20\") " pod="helmdatahubit/test-hivemq-platform-0"
2025-01-27 17:05:20,959 INFO c.h.h.t.HelmChartContainer - [K3S] [reconciler_common.go:251] "operationExecutor.VerifyControllerAttachedVolume started for volume \"broker-configuration\" (UniqueName: \"kubernetes.io/configmap/a626ad47-0308-4b52-a871-9db3946ddf20-broker-configuration\") pod \"test-hivemq-platform-0\" (UID: \"a626ad47-0308-4b52-a871-9db3946ddf20\") " pod="helmdatahubit/test-hivemq-platform-0"
2025-01-27 17:05:21,036 INFO c.h.h.t.HelmChartContainer - [hivemq-test-hivemq-platform] [hivemq-platform-operator] [0d25b394] 17:05:21.035 [pool-6-thread-30] DEBUG c.h.p.o.d.StatefulSetResource - [helmdata] Desired StatefulSet (1 replicas) for status STARTING (READY)
2025-01-27 17:05:21,043 INFO c.h.h.t.HelmChartContainer - [hivemq-test-hivemq-platform] [hivemq-platform-operator] [0d25b394] 17:05:21.041 [ReconcilerExecutor-hivemq-controller-77] INFO  c.h.p.o.HiveMQPlatformReconciler - [helmdata] Reconciling HiveMQ Platform 'test-hivemq-platform' in namespace 'helmdatahubit'
2025-01-27 17:05:21,043 INFO c.h.h.t.HelmChartContainer - [hivemq-test-hivemq-platform] [hivemq-platform-operator] [0d25b394] 17:05:21.041 [ReconcilerExecutor-hivemq-controller-77] DEBUG c.h.p.o.HiveMQPlatformReconciler - [helmdata] Custom Resource Status STARTING - HiveMQ Platform is starting (READY)
2025-01-27 17:05:21,043 INFO c.h.h.t.HelmChartContainer - [hivemq-test-hivemq-platform] [hivemq-platform-operator] [0d25b394] 17:05:21.041 [ReconcilerExecutor-hivemq-controller-77] DEBUG c.h.p.o.HiveMQPlatformReconciler - [helmdata] Custom Resource Spec (replicas: 1) (extensions: 1)
2025-01-27 17:05:21,047 INFO c.h.h.t.HelmChartContainer - [hivemq-test-hivemq-platform] [hivemq-platform-operator] [0d25b394] 17:05:21.046 [ReconcilerExecutor-hivemq-controller-77] DEBUG c.h.p.o.HiveMQPlatformReconciler - [helmdata] StatefulSet Status (revision: test-hivemq-platform-998c8bc89, replicas: 1, available: 0, ready: 0, current: 1, updated: 1)
2025-01-27 17:05:21,048 INFO c.h.h.t.HelmChartContainer - [hivemq-test-hivemq-platform] [hivemq-platform-operator] [0d25b394] 17:05:21.046 [ReconcilerExecutor-hivemq-controller-77] DEBUG c.h.p.o.HiveMQPlatformReconciler - [helmdata] StatefulSet Spec (replicas: 1, init containers: 1, containers: 1, volumes: 3)
2025-01-27 17:05:21,141 INFO c.h.h.t.HelmChartContainer - [hivemq-test-hivemq-platform] [hivemq-platform-operator] [0d25b394] 17:05:21.137 [ReconcilerExecutor-hivemq-controller-77] DEBUG c.h.p.o.h.HiveMQPlatformReconcilerErrorHandler - [helmdata] Pod 'test-hivemq-platform-0' phase Pending
2025-01-27 17:05:21,142 INFO c.h.h.t.HelmChartContainer - [hivemq-test-hivemq-platform] [hivemq-platform-operator] [0d25b394] 17:05:21.137 [ReconcilerExecutor-hivemq-controller-77] DEBUG c.h.p.o.h.HiveMQPlatformReconcilerErrorHandler - [helmdata] Pod 'test-hivemq-platform-0' condition 'PodReadyToStartContainers': False
2025-01-27 17:05:21,144 INFO c.h.h.t.HelmChartContainer - [hivemq-test-hivemq-platform] [hivemq-platform-operator] [0d25b394] 17:05:21.137 [ReconcilerExecutor-hivemq-controller-77] DEBUG c.h.p.o.h.HiveMQPlatformReconcilerErrorHandler - [helmdata] Pod 'test-hivemq-platform-0' condition 'Initialized': False
2025-01-27 17:05:21,144 INFO c.h.h.t.HelmChartContainer - [hivemq-test-hivemq-platform] [hivemq-platform-operator] [0d25b394] 17:05:21.137 [ReconcilerExecutor-hivemq-controller-77] DEBUG c.h.p.o.h.HiveMQPlatformReconcilerErrorHandler - [helmdata] Pod 'test-hivemq-platform-0' condition 'Ready': False
2025-01-27 17:05:21,144 INFO c.h.h.t.HelmChartContainer - [hivemq-test-hivemq-platform] [hivemq-platform-operator] [0d25b394] 17:05:21.138 [ReconcilerExecutor-hivemq-controller-77] DEBUG c.h.p.o.h.HiveMQPlatformReconcilerErrorHandler - [helmdata] Pod 'test-hivemq-platform-0' condition 'ContainersReady': False
2025-01-27 17:05:21,144 INFO c.h.h.t.HelmChartContainer - [hivemq-test-hivemq-platform] [hivemq-platform-operator] [0d25b394] 17:05:21.138 [ReconcilerExecutor-hivemq-controller-77] DEBUG c.h.p.o.h.HiveMQPlatformReconcilerErrorHandler - [helmdata] Pod 'test-hivemq-platform-0' condition 'PodScheduled': True
2025-01-27 17:05:21,144 INFO c.h.h.t.HelmChartContainer - [hivemq-test-hivemq-platform] [hivemq-platform-operator] [0d25b394] 17:05:21.138 [ReconcilerExecutor-hivemq-controller-77] DEBUG c.h.p.o.h.HiveMQPlatformReconcilerErrorHandler - [helmdata] Pod 'test-hivemq-platform-0' containerStatus 'hivemq' (started: false) (ready: false) (waiting: [PodInitializing] null)
2025-01-27 17:05:21,145 INFO c.h.h.t.HelmChartContainer - [hivemq-test-hivemq-platform] [hivemq-platform-operator] [0d25b394] 17:05:21.140 [ReconcilerExecutor-hivemq-controller-77] INFO  c.h.p.o.h.HiveMQPlatformReconcilerBaseHandler - [helmdata] HiveMQ Platform is starting, 0 of 1 replicas are ready
2025-01-27 17:05:21,181 INFO c.h.h.t.HelmChartContainer - [EVENT] Normal [Pulled] Container image "docker.io/hivemq/hivemq-platform-operator-init-test:snapshot" already present on machine [helmdatahubit:test-hivemq-platform-0]
2025-01-27 17:05:21,189 INFO c.h.h.t.HelmChartContainer - [EVENT] Normal [Created] Created container: hivemq-platform-operator-init [helmdatahubit:test-hivemq-platform-0]
2025-01-27 17:05:21,234 INFO c.h.h.t.HelmChartContainer - [EVENT] Normal [Started] Started container hivemq-platform-operator-init [helmdatahubit:test-hivemq-platform-0]
2025-01-27 17:05:21,434 INFO c.h.h.t.HelmChartContainer - [POD] test-hivemq-platform-0 [a626ad47-0308-4b52-a871-9db3946ddf20] in helmdatahubit was MODIFIED
2025-01-27 17:05:21,441 INFO c.h.h.t.HelmChartContainer - [hivemq-test-hivemq-platform] [hivemq-platform-operator] [0d25b394] 17:05:21.433 [pool-6-thread-32] DEBUG c.h.p.o.d.PlatformServiceResource - [helmdata] Desired Platform services (3 services)
2025-01-27 17:05:21,441 INFO c.h.h.t.HelmChartContainer - [hivemq-test-hivemq-platform] [hivemq-platform-operator] [0d25b394] 17:05:21.437 [pool-6-thread-33] DEBUG c.h.p.o.dependants.PodInfoConfigMap - [helmdata] Desired PodInfo ConfigMap (1 extensions) (1 enabled)
2025-01-27 17:05:21,441 INFO c.h.h.t.HelmChartContainer - [hivemq-test-hivemq-platform] [hivemq-platform-operator] [0d25b394] 17:05:21.437 [pool-6-thread-33] DEBUG c.h.p.o.dependants.PodInfoConfigMap - [helmdata] Desired PodInfo ConfigMap (metrics port: 9399) (metrics path: /)
2025-01-27 17:05:21,441 INFO c.h.h.t.HelmChartContainer - [hivemq-test-hivemq-platform] [hivemq-platform-operator] [0d25b394] 17:05:21.437 [pool-6-thread-33] DEBUG c.h.p.o.dependants.PodInfoConfigMap - [helmdata] Desired PodInfo ConfigMap (extension state hash: -1817474005)
2025-01-27 17:05:21,442 INFO c.h.h.t.HelmChartContainer - [hivemq-test-hivemq-platform] [hivemq-platform-operator] [0d25b394] 17:05:21.440 [pool-6-thread-37] DEBUG c.h.p.o.d.PodServiceAccountResource - [helmdata] Desired PodServiceAccountResource (serviceAccountName: hivemq-platform-pod-test-hivemq-platform)
2025-01-27 17:05:21,499 INFO c.h.h.t.HelmChartContainer - [hivemq-test-hivemq-platform] [hivemq-platform-operator] [0d25b394] 17:05:21.496 [pool-6-thread-40] DEBUG c.h.p.o.d.StatefulSetResource - [helmdata] Desired StatefulSet (1 replicas) for status STARTING (READY)
2025-01-27 17:05:21,533 INFO c.h.h.t.HelmChartContainer - [hivemq-test-hivemq-platform] [hivemq-platform-operator] [0d25b394] 17:05:21.531 [ReconcilerExecutor-hivemq-controller-88] INFO  c.h.p.o.HiveMQPlatformReconciler - [helmdata] Reconciling HiveMQ Platform 'test-hivemq-platform' in namespace 'helmdatahubit'
2025-01-27 17:05:21,534 INFO c.h.h.t.HelmChartContainer - [hivemq-test-hivemq-platform] [hivemq-platform-operator] [0d25b394] 17:05:21.532 [ReconcilerExecutor-hivemq-controller-88] DEBUG c.h.p.o.HiveMQPlatformReconciler - [helmdata] Custom Resource Status STARTING - HiveMQ Platform is starting (READY)
2025-01-27 17:05:21,534 INFO c.h.h.t.HelmChartContainer - [hivemq-test-hivemq-platform] [hivemq-platform-operator] [0d25b394] 17:05:21.532 [ReconcilerExecutor-hivemq-controller-88] DEBUG c.h.p.o.HiveMQPlatformReconciler - [helmdata] Custom Resource Spec (replicas: 1) (extensions: 1)
2025-01-27 17:05:21,539 INFO c.h.h.t.HelmChartContainer - [hivemq-test-hivemq-platform] [hivemq-platform-operator] [0d25b394] 17:05:21.536 [ReconcilerExecutor-hivemq-controller-88] DEBUG c.h.p.o.HiveMQPlatformReconciler - [helmdata] StatefulSet Status (revision: test-hivemq-platform-998c8bc89, replicas: 1, available: 0, ready: 0, current: 1, updated: 1)
2025-01-27 17:05:21,539 INFO c.h.h.t.HelmChartContainer - [hivemq-test-hivemq-platform] [hivemq-platform-operator] [0d25b394] 17:05:21.536 [ReconcilerExecutor-hivemq-controller-88] DEBUG c.h.p.o.HiveMQPlatformReconciler - [helmdata] StatefulSet Spec (replicas: 1, init containers: 1, containers: 1, volumes: 3)
2025-01-27 17:05:21,541 INFO c.h.h.t.HelmChartContainer - [hivemq-test-hivemq-platform] [hivemq-platform-operator] [0d25b394] 17:05:21.539 [ReconcilerExecutor-hivemq-controller-88] DEBUG c.h.p.o.h.HiveMQPlatformReconcilerErrorHandler - [helmdata] Pod 'test-hivemq-platform-0' phase Pending
2025-01-27 17:05:21,542 INFO c.h.h.t.HelmChartContainer - [hivemq-test-hivemq-platform] [hivemq-platform-operator] [0d25b394] 17:05:21.540 [ReconcilerExecutor-hivemq-controller-88] DEBUG c.h.p.o.h.HiveMQPlatformReconcilerErrorHandler - [helmdata] Pod 'test-hivemq-platform-0' condition 'PodReadyToStartContainers': True
2025-01-27 17:05:21,543 INFO c.h.h.t.HelmChartContainer - [hivemq-test-hivemq-platform] [hivemq-platform-operator] [0d25b394] 17:05:21.540 [ReconcilerExecutor-hivemq-controller-88] DEBUG c.h.p.o.h.HiveMQPlatformReconcilerErrorHandler - [helmdata] Pod 'test-hivemq-platform-0' condition 'Initialized': False
2025-01-27 17:05:21,544 INFO c.h.h.t.HelmChartContainer - [hivemq-test-hivemq-platform] [hivemq-platform-operator] [0d25b394] 17:05:21.540 [ReconcilerExecutor-hivemq-controller-88] DEBUG c.h.p.o.h.HiveMQPlatformReconcilerErrorHandler - [helmdata] Pod 'test-hivemq-platform-0' condition 'Ready': False
2025-01-27 17:05:21,544 INFO c.h.h.t.HelmChartContainer - [hivemq-test-hivemq-platform] [hivemq-platform-operator] [0d25b394] 17:05:21.540 [ReconcilerExecutor-hivemq-controller-88] DEBUG c.h.p.o.h.HiveMQPlatformReconcilerErrorHandler - [helmdata] Pod 'test-hivemq-platform-0' condition 'ContainersReady': False
2025-01-27 17:05:21,544 INFO c.h.h.t.HelmChartContainer - [hivemq-test-hivemq-platform] [hivemq-platform-operator] [0d25b394] 17:05:21.540 [ReconcilerExecutor-hivemq-controller-88] DEBUG c.h.p.o.h.HiveMQPlatformReconcilerErrorHandler - [helmdata] Pod 'test-hivemq-platform-0' condition 'PodScheduled': True
2025-01-27 17:05:21,544 INFO c.h.h.t.HelmChartContainer - [hivemq-test-hivemq-platform] [hivemq-platform-operator] [0d25b394] 17:05:21.540 [ReconcilerExecutor-hivemq-controller-88] DEBUG c.h.p.o.h.HiveMQPlatformReconcilerErrorHandler - [helmdata] Pod 'test-hivemq-platform-0' containerStatus 'hivemq' (started: false) (ready: false) (waiting: [PodInitializing] null)
2025-01-27 17:05:21,544 INFO c.h.h.t.HelmChartContainer - [hivemq-test-hivemq-platform] [hivemq-platform-operator] [0d25b394] 17:05:21.541 [ReconcilerExecutor-hivemq-controller-88] INFO  c.h.p.o.h.HiveMQPlatformReconcilerBaseHandler - [helmdata] HiveMQ Platform is starting, 0 of 1 replicas are ready
2025-01-27 17:05:23,412 INFO c.h.h.t.HelmChartContainer - [EVENT] Normal [Pulled] Container image "docker.io/hivemq/hivemq4:4.35.0" already present on machine [helmdatahubit:test-hivemq-platform-0]
2025-01-27 17:05:23,412 INFO c.h.h.t.HelmChartContainer - Received Pulled event for container hivemq in pod test-hivemq-platform-0 [a626ad47-0308-4b52-a871-9db3946ddf20]
2025-01-27 17:05:23,421 INFO c.h.h.t.HelmChartContainer - [POD] test-hivemq-platform-0 [a626ad47-0308-4b52-a871-9db3946ddf20] in helmdatahubit was MODIFIED
2025-01-27 17:05:23,433 INFO c.h.h.t.HelmChartContainer - [hivemq-test-hivemq-platform] [hivemq-platform-operator] [0d25b394] 17:05:23.429 [pool-6-thread-42] DEBUG c.h.p.o.d.PlatformServiceResource - [helmdata] Desired Platform services (3 services)
2025-01-27 17:05:23,435 INFO c.h.h.t.HelmChartContainer - [EVENT] Normal [Created] Created container: hivemq [helmdatahubit:test-hivemq-platform-0]
2025-01-27 17:05:23,436 INFO c.h.h.t.HelmChartContainer - Received Created event for container hivemq in pod test-hivemq-platform-0 [a626ad47-0308-4b52-a871-9db3946ddf20]
2025-01-27 17:05:23,438 INFO c.h.h.t.HelmChartContainer - [hivemq-test-hivemq-platform] [hivemq-platform-operator] [0d25b394] 17:05:23.434 [pool-6-thread-43] DEBUG c.h.p.o.dependants.PodInfoConfigMap - [helmdata] Desired PodInfo ConfigMap (1 extensions) (1 enabled)
2025-01-27 17:05:23,438 INFO c.h.h.t.HelmChartContainer - [hivemq-test-hivemq-platform] [hivemq-platform-operator] [0d25b394] 17:05:23.434 [pool-6-thread-43] DEBUG c.h.p.o.dependants.PodInfoConfigMap - [helmdata] Desired PodInfo ConfigMap (metrics port: 9399) (metrics path: /)
2025-01-27 17:05:23,438 INFO c.h.h.t.HelmChartContainer - [hivemq-test-hivemq-platform] [hivemq-platform-operator] [0d25b394] 17:05:23.434 [pool-6-thread-43] DEBUG c.h.p.o.dependants.PodInfoConfigMap - [helmdata] Desired PodInfo ConfigMap (extension state hash: -1817474005)
2025-01-27 17:05:23,444 INFO c.h.h.t.HelmChartContainer - [hivemq-test-hivemq-platform] [hivemq-platform-operator] [0d25b394] 17:05:23.440 [pool-6-thread-47] DEBUG c.h.p.o.d.PodServiceAccountResource - [helmdata] Desired PodServiceAccountResource (serviceAccountName: hivemq-platform-pod-test-hivemq-platform)
2025-01-27 17:05:23,505 INFO c.h.h.t.HelmChartContainer - [hivemq-test-hivemq-platform] [hivemq-platform-operator] [0d25b394] 17:05:23.504 [pool-6-thread-50] DEBUG c.h.p.o.d.StatefulSetResource - [helmdata] Desired StatefulSet (1 replicas) for status STARTING (READY)
2025-01-27 17:05:23,535 INFO c.h.h.t.HelmChartContainer - [hivemq-test-hivemq-platform] [hivemq-platform-operator] [0d25b394] 17:05:23.533 [ReconcilerExecutor-hivemq-controller-99] INFO  c.h.p.o.HiveMQPlatformReconciler - [helmdata] Reconciling HiveMQ Platform 'test-hivemq-platform' in namespace 'helmdatahubit'
2025-01-27 17:05:23,540 INFO c.h.h.t.HelmChartContainer - [hivemq-test-hivemq-platform] [hivemq-platform-operator] [0d25b394] 17:05:23.535 [ReconcilerExecutor-hivemq-controller-99] DEBUG c.h.p.o.HiveMQPlatformReconciler - [helmdata] Custom Resource Status STARTING - HiveMQ Platform is starting (READY)
2025-01-27 17:05:23,541 INFO c.h.h.t.HelmChartContainer - [hivemq-test-hivemq-platform] [hivemq-platform-operator] [0d25b394] 17:05:23.536 [ReconcilerExecutor-hivemq-controller-99] DEBUG c.h.p.o.HiveMQPlatformReconciler - [helmdata] Custom Resource Spec (replicas: 1) (extensions: 1)
2025-01-27 17:05:23,542 INFO c.h.h.t.HelmChartContainer - [hivemq-test-hivemq-platform] [hivemq-platform-operator] [0d25b394] 17:05:23.539 [ReconcilerExecutor-hivemq-controller-99] DEBUG c.h.p.o.HiveMQPlatformReconciler - [helmdata] StatefulSet Status (revision: test-hivemq-platform-998c8bc89, replicas: 1, available: 0, ready: 0, current: 1, updated: 1)
2025-01-27 17:05:23,542 INFO c.h.h.t.HelmChartContainer - [hivemq-test-hivemq-platform] [hivemq-platform-operator] [0d25b394] 17:05:23.539 [ReconcilerExecutor-hivemq-controller-99] DEBUG c.h.p.o.HiveMQPlatformReconciler - [helmdata] StatefulSet Spec (replicas: 1, init containers: 1, containers: 1, volumes: 3)
2025-01-27 17:05:23,543 INFO c.h.h.t.HelmChartContainer - [hivemq-test-hivemq-platform] [hivemq-platform-operator] [0d25b394] 17:05:23.542 [ReconcilerExecutor-hivemq-controller-99] DEBUG c.h.p.o.h.HiveMQPlatformReconcilerErrorHandler - [helmdata] Pod 'test-hivemq-platform-0' phase Pending
2025-01-27 17:05:23,596 INFO c.h.h.t.HelmChartContainer - [hivemq-test-hivemq-platform] [hivemq-platform-operator] [0d25b394] 17:05:23.593 [ReconcilerExecutor-hivemq-controller-99] DEBUG c.h.p.o.h.HiveMQPlatformReconcilerErrorHandler - [helmdata] Pod 'test-hivemq-platform-0' condition 'PodReadyToStartContainers': True
2025-01-27 17:05:23,598 INFO c.h.h.t.HelmChartContainer - [hivemq-test-hivemq-platform] [hivemq-platform-operator] [0d25b394] 17:05:23.594 [ReconcilerExecutor-hivemq-controller-99] DEBUG c.h.p.o.h.HiveMQPlatformReconcilerErrorHandler - [helmdata] Pod 'test-hivemq-platform-0' condition 'Initialized': True
2025-01-27 17:05:23,598 INFO c.h.h.t.HelmChartContainer - [hivemq-test-hivemq-platform] [hivemq-platform-operator] [0d25b394] 17:05:23.594 [ReconcilerExecutor-hivemq-controller-99] DEBUG c.h.p.o.h.HiveMQPlatformReconcilerErrorHandler - [helmdata] Pod 'test-hivemq-platform-0' condition 'Ready': False
2025-01-27 17:05:23,598 INFO c.h.h.t.HelmChartContainer - [hivemq-test-hivemq-platform] [hivemq-platform-operator] [0d25b394] 17:05:23.594 [ReconcilerExecutor-hivemq-controller-99] DEBUG c.h.p.o.h.HiveMQPlatformReconcilerErrorHandler - [helmdata] Pod 'test-hivemq-platform-0' condition 'ContainersReady': False
2025-01-27 17:05:23,598 INFO c.h.h.t.HelmChartContainer - [hivemq-test-hivemq-platform] [hivemq-platform-operator] [0d25b394] 17:05:23.594 [ReconcilerExecutor-hivemq-controller-99] DEBUG c.h.p.o.h.HiveMQPlatformReconcilerErrorHandler - [helmdata] Pod 'test-hivemq-platform-0' condition 'PodScheduled': True
2025-01-27 17:05:23,598 INFO c.h.h.t.HelmChartContainer - [hivemq-test-hivemq-platform] [hivemq-platform-operator] [0d25b394] 17:05:23.594 [ReconcilerExecutor-hivemq-controller-99] DEBUG c.h.p.o.h.HiveMQPlatformReconcilerErrorHandler - [helmdata] Pod 'test-hivemq-platform-0' containerStatus 'hivemq' (started: false) (ready: false) (waiting: [PodInitializing] null)
2025-01-27 17:05:23,598 INFO c.h.h.t.HelmChartContainer - [hivemq-test-hivemq-platform] [hivemq-platform-operator] [0d25b394] 17:05:23.595 [ReconcilerExecutor-hivemq-controller-99] INFO  c.h.p.o.h.HiveMQPlatformReconcilerBaseHandler - [helmdata] HiveMQ Platform is starting, 0 of 1 replicas are ready
2025-01-27 17:05:24,423 INFO c.h.h.t.HelmChartContainer - [POD] test-hivemq-platform-0 [a626ad47-0308-4b52-a871-9db3946ddf20] in helmdatahubit was MODIFIED
2025-01-27 17:05:24,433 INFO c.h.h.t.HelmChartContainer - [hivemq-test-hivemq-platform] [hivemq-platform-operator] [0d25b394] 17:05:24.430 [pool-6-thread-8] DEBUG c.h.p.o.d.PlatformServiceResource - [helmdata] Desired Platform services (3 services)
2025-01-27 17:05:24,435 INFO c.h.h.t.HelmChartContainer - [hivemq-test-hivemq-platform] [hivemq-platform-operator] [0d25b394] 17:05:24.434 [pool-6-thread-9] DEBUG c.h.p.o.dependants.PodInfoConfigMap - [helmdata] Desired PodInfo ConfigMap (1 extensions) (1 enabled)
2025-01-27 17:05:24,437 INFO c.h.h.t.HelmChartContainer - [hivemq-test-hivemq-platform] [hivemq-platform-operator] [0d25b394] 17:05:24.434 [pool-6-thread-9] DEBUG c.h.p.o.dependants.PodInfoConfigMap - [helmdata] Desired PodInfo ConfigMap (metrics port: 9399) (metrics path: /)
2025-01-27 17:05:24,437 INFO c.h.h.t.HelmChartContainer - [hivemq-test-hivemq-platform] [hivemq-platform-operator] [0d25b394] 17:05:24.434 [pool-6-thread-9] DEBUG c.h.p.o.dependants.PodInfoConfigMap - [helmdata] Desired PodInfo ConfigMap (extension state hash: -1817474005)
2025-01-27 17:05:24,437 INFO c.h.h.t.HelmChartContainer - Started log watcher for hivemq in pod test-hivemq-platform-0 [a626ad47-0308-4b52-a871-9db3946ddf20]
2025-01-27 17:05:24,438 INFO c.h.h.t.HelmChartContainer - [test-hivemq-platform] [hivemq] [a626ad47] Adding pre-installed HiveMQ Platform Operator extensions
2025-01-27 17:05:24,438 INFO c.h.h.t.HelmChartContainer - [test-hivemq-platform] [hivemq] [a626ad47] Running as user 10000
2025-01-27 17:05:24,438 INFO c.h.h.t.HelmChartContainer - [test-hivemq-platform] [hivemq] [a626ad47] Starting HiveMQ Platform Operator Init
2025-01-27 17:05:24,438 INFO c.h.h.t.HelmChartContainer - [EVENT] Normal [Started] Started container hivemq [helmdatahubit:test-hivemq-platform-0]
2025-01-27 17:05:24,438 INFO c.h.h.t.HelmChartContainer - Received Started event for container hivemq in pod test-hivemq-platform-0 [a626ad47-0308-4b52-a871-9db3946ddf20]
2025-01-27 17:05:24,440 INFO c.h.h.t.HelmChartContainer - [hivemq-test-hivemq-platform] [hivemq-platform-operator] [0d25b394] 17:05:24.437 [pool-6-thread-6] DEBUG c.h.p.o.d.PodServiceAccountResource - [helmdata] Desired PodServiceAccountResource (serviceAccountName: hivemq-platform-pod-test-hivemq-platform)
2025-01-27 17:05:24,443 INFO c.h.h.t.HelmChartContainer - [hivemq-test-hivemq-platform] [hivemq-platform-operator] [0d25b394] 17:05:24.440 [pool-6-thread-9] DEBUG c.h.p.o.d.StatefulSetResource - [helmdata] Desired StatefulSet (1 replicas) for status STARTING (READY)
2025-01-27 17:05:24,446 INFO c.h.h.t.HelmChartContainer - [hivemq-test-hivemq-platform] [hivemq-platform-operator] [0d25b394] 17:05:24.445 [ReconcilerExecutor-hivemq-controller-110] INFO  c.h.p.o.HiveMQPlatformReconciler - [helmdata] Reconciling HiveMQ Platform 'test-hivemq-platform' in namespace 'helmdatahubit'
2025-01-27 17:05:24,447 INFO c.h.h.t.HelmChartContainer - [hivemq-test-hivemq-platform] [hivemq-platform-operator] [0d25b394] 17:05:24.445 [ReconcilerExecutor-hivemq-controller-110] DEBUG c.h.p.o.HiveMQPlatformReconciler - [helmdata] Custom Resource Status STARTING - HiveMQ Platform is starting (READY)
2025-01-27 17:05:24,448 INFO c.h.h.t.HelmChartContainer - [hivemq-test-hivemq-platform] [hivemq-platform-operator] [0d25b394] 17:05:24.445 [ReconcilerExecutor-hivemq-controller-110] DEBUG c.h.p.o.HiveMQPlatformReconciler - [helmdata] Custom Resource Spec (replicas: 1) (extensions: 1)
2025-01-27 17:05:24,499 INFO c.h.h.t.HelmChartContainer - [hivemq-test-hivemq-platform] [hivemq-platform-operator] [0d25b394] 17:05:24.495 [ReconcilerExecutor-hivemq-controller-110] DEBUG c.h.p.o.HiveMQPlatformReconciler - [helmdata] StatefulSet Status (revision: test-hivemq-platform-998c8bc89, replicas: 1, available: 0, ready: 0, current: 1, updated: 1)
2025-01-27 17:05:24,499 INFO c.h.h.t.HelmChartContainer - [hivemq-test-hivemq-platform] [hivemq-platform-operator] [0d25b394] 17:05:24.495 [ReconcilerExecutor-hivemq-controller-110] DEBUG c.h.p.o.HiveMQPlatformReconciler - [helmdata] StatefulSet Spec (replicas: 1, init containers: 1, containers: 1, volumes: 3)
2025-01-27 17:05:24,500 INFO c.h.h.t.HelmChartContainer - [hivemq-test-hivemq-platform] [hivemq-platform-operator] [0d25b394] 17:05:24.497 [ReconcilerExecutor-hivemq-controller-110] DEBUG c.h.p.o.h.HiveMQPlatformReconcilerErrorHandler - [helmdata] Pod 'test-hivemq-platform-0' phase Running
2025-01-27 17:05:24,500 INFO c.h.h.t.HelmChartContainer - [hivemq-test-hivemq-platform] [hivemq-platform-operator] [0d25b394] 17:05:24.499 [ReconcilerExecutor-hivemq-controller-110] INFO  c.h.p.o.h.HiveMQPlatformReconcilerBaseHandler - [helmdata] HiveMQ Platform is starting, 0 of 1 replicas are ready
2025-01-27 17:05:24,690 INFO c.h.h.t.HelmChartContainer - [test-hivemq-platform] [hivemq] [a626ad47] INFO  - [HiveMQ Platform Operator Init 1.7.0-SNAPSHOT] HiveMQ Platform Operator Init 1.7.0-SNAPSHOT (commit: bebf408 on branch: HEAD) built on Sun Jan 26 20:47:47 UTC 2025
2025-01-27 17:05:25,889 INFO c.h.h.t.HelmChartContainer - [test-hivemq-platform] [hivemq] [a626ad47] INFO  - [HiveMQ Platform Operator Init App 1.7.0-SNAPSHOT] Using bind address 10.42.0.6 from environment variable
2025-01-27 17:05:26,879 INFO c.h.h.t.HelmChartContainer - [test-hivemq-platform] [hivemq] [a626ad47] INFO  - [HiveMQ Platform Operator Init App 1.7.0-SNAPSHOT] HiveMQ Platform Operator Init App 1.7.0-SNAPSHOT (commit: bebf408 on branch: HEAD) built on Sun Jan 26 20:47:47 UTC 2025
2025-01-27 17:05:26,879 INFO c.h.h.t.HelmChartContainer - [test-hivemq-platform] [hivemq] [a626ad47] INFO  - [HiveMQ Platform Operator Init App 1.7.0-SNAPSHOT] PodInfo ConfigMap directory: /etc/podinfo
2025-01-27 17:05:26,879 INFO c.h.h.t.HelmChartContainer - [test-hivemq-platform] [hivemq] [a626ad47] INFO  - [HiveMQ Platform Operator Init App 1.7.0-SNAPSHOT] HiveMQ home directory: /opt/hivemq
2025-01-27 17:05:26,879 INFO c.h.h.t.HelmChartContainer - [test-hivemq-platform] [hivemq] [a626ad47] INFO  - [HiveMQ Platform Operator Init App 1.7.0-SNAPSHOT] HiveMQ Logback folder: /opt/hivemq/conf
2025-01-27 17:05:26,879 INFO c.h.h.t.HelmChartContainer - [test-hivemq-platform] [hivemq] [a626ad47] INFO  - [HiveMQ Platform Operator Init App 1.7.0-SNAPSHOT] HiveMQ Config folder: /opt/hivemq/conf-k8s
2025-01-27 17:05:26,886 INFO c.h.h.t.HelmChartContainer - [test-hivemq-platform] [hivemq] [a626ad47] INFO  - [HiveMQ Platform Operator Init App 1.7.0-SNAPSHOT] Starting HiveMQ Platform Operator Init App
2025-01-27 17:05:26,887 INFO c.h.h.t.HelmChartContainer - [test-hivemq-platform] [hivemq] [a626ad47] INFO  - [HiveMQ Platform Operator Init App 1.7.0-SNAPSHOT] Starting Pod reconciler
2025-01-27 17:05:28,206 INFO c.h.h.t.HelmChartContainer - [test-hivemq-platform] [hivemq] [a626ad47] INFO  - [HiveMQ Platform Operator Init App 1.7.0-SNAPSHOT] Pod reconciler is scheduled (interval: 5000 ms)
2025-01-27 17:05:28,207 INFO c.h.h.t.HelmChartContainer - [test-hivemq-platform] [hivemq] [a626ad47] INFO  - [HiveMQ Platform Operator Init App 1.7.0-SNAPSHOT] Starting the REST API on 10.42.0.6:7979
2025-01-27 17:05:28,211 INFO c.h.h.t.HelmChartContainer - [test-hivemq-platform] [hivemq] [a626ad47] INFO  - [HiveMQ Platform Operator Init App 1.7.0-SNAPSHOT] Waiting up to 600s for at most 1 HiveMQ nodes in cluster service hivemq-test-hivemq-platform-cluster.helmdatahubit.svc
2025-01-27 17:05:28,596 INFO c.h.h.t.HelmChartContainer - [test-hivemq-platform] [hivemq] [a626ad47] INFO  - [HiveMQ Platform Operator Init App 1.7.0-SNAPSHOT] Resolved 1 IP addresses: [10.42.0.6]
2025-01-27 17:05:28,596 INFO c.h.h.t.HelmChartContainer - [test-hivemq-platform] [hivemq] [a626ad47] INFO  - [HiveMQ Platform Operator Init App 1.7.0-SNAPSHOT] HiveMQ node count of 1 is within threshold of 1
2025-01-27 17:05:28,596 INFO c.h.h.t.HelmChartContainer - [test-hivemq-platform] [hivemq] [a626ad47] INFO  - [HiveMQ Platform Operator Init App 1.7.0-SNAPSHOT] Proceeding with container start
2025-01-27 17:05:28,687 INFO c.h.h.t.HelmChartContainer - [test-hivemq-platform] [hivemq] [a626ad47] INFO  - [HiveMQ Platform Operator Init App 1.7.0-SNAPSHOT] Initializing HiveMQ Platform extensions with initial configuration: {hivemq-allow-all-extension={start-priority=-1, skip-https-hostname-verification=false, restart=true, config-version=0, header-version=0, c-uri=, priority=-1, uri=preinstalled, skip-https-certificate-validation=false, enabled=true}, hivemq-prometheus-extension={restart=true, priority=-1, start-priority=-1, c-uri=, skip-https-hostname-verification=false, skip-https-certificate-validation=false, uri=preinstalled, request-header-path=no-request-headers, enabled=true}}
2025-01-27 17:05:29,103 INFO c.h.h.t.HelmChartContainer - [test-hivemq-platform] [hivemq] [a626ad47] INFO  - [HiveMQ Platform Operator Init App 1.7.0-SNAPSHOT] Extension hivemq-allow-all-extension was already enabled
2025-01-27 17:05:29,194 INFO c.h.h.t.HelmChartContainer - [test-hivemq-platform] [hivemq] [a626ad47] INFO  - [HiveMQ Platform Operator Init App 1.7.0-SNAPSHOT] Successfully enabled extension hivemq-prometheus-extension
2025-01-27 17:05:29,195 INFO c.h.h.t.HelmChartContainer - [test-hivemq-platform] [hivemq] [a626ad47] INFO  - [HiveMQ Platform Operator Init App 1.7.0-SNAPSHOT] Starting HiveMQ Platform version 4.35.0 (4.35.0)
2025-01-27 17:05:29,196 INFO c.h.h.t.HelmChartContainer - [test-hivemq-platform] [hivemq] [a626ad47] INFO  - [HiveMQ Platform Operator Init App 1.7.0-SNAPSHOT] Configuring the HiveMQ Platform
2025-01-27 17:05:29,290 INFO c.h.h.t.HelmChartContainer - [test-hivemq-platform] [hivemq] [a626ad47] INFO  - [HiveMQ Platform Operator Init App 1.7.0-SNAPSHOT] Changed logback.xml file scan period to 20 seconds
2025-01-27 17:05:29,387 INFO c.h.h.t.HelmChartContainer - [test-hivemq-platform] [hivemq] [a626ad47] INFO  - [HiveMQ Platform Operator Init App 1.7.0-SNAPSHOT] Starting the HiveMQ Platform
2025-01-27 17:05:29,390 INFO c.h.h.t.HelmChartContainer - [test-hivemq-platform] [hivemq] [a626ad47] -------------------------------------------------------------------------
2025-01-27 17:05:29,392 INFO c.h.h.t.HelmChartContainer - [test-hivemq-platform] [hivemq] [a626ad47] 
2025-01-27 17:05:29,392 INFO c.h.h.t.HelmChartContainer - [test-hivemq-platform] [hivemq] [a626ad47]                   _    _  _              __  __   ____
2025-01-27 17:05:29,392 INFO c.h.h.t.HelmChartContainer - [test-hivemq-platform] [hivemq] [a626ad47]                  | |  | |(_)            |  \/  | / __ \
2025-01-27 17:05:29,392 INFO c.h.h.t.HelmChartContainer - [test-hivemq-platform] [hivemq] [a626ad47]                  | |__| | _ __   __ ___ | \  / || |  | |
2025-01-27 17:05:29,392 INFO c.h.h.t.HelmChartContainer - [test-hivemq-platform] [hivemq] [a626ad47]                  |  __  || |\ \ / // _ \| |\/| || |  | |
2025-01-27 17:05:29,392 INFO c.h.h.t.HelmChartContainer - [test-hivemq-platform] [hivemq] [a626ad47]                  | |  | || | \ V /|  __/| |  | || |__| |
2025-01-27 17:05:29,392 INFO c.h.h.t.HelmChartContainer - [test-hivemq-platform] [hivemq] [a626ad47]                  |_|  |_||_|  \_/  \___||_|  |_| \___\_\
2025-01-27 17:05:29,392 INFO c.h.h.t.HelmChartContainer - [test-hivemq-platform] [hivemq] [a626ad47] 
2025-01-27 17:05:29,392 INFO c.h.h.t.HelmChartContainer - [test-hivemq-platform] [hivemq] [a626ad47] -------------------------------------------------------------------------
2025-01-27 17:05:29,392 INFO c.h.h.t.HelmChartContainer - [test-hivemq-platform] [hivemq] [a626ad47] 
2025-01-27 17:05:29,392 INFO c.h.h.t.HelmChartContainer - [test-hivemq-platform] [hivemq] [a626ad47]   HiveMQ Start Script for Linux/Unix v1.14
2025-01-27 17:05:29,392 INFO c.h.h.t.HelmChartContainer - [test-hivemq-platform] [hivemq] [a626ad47] 
2025-01-27 17:05:29,421 INFO c.h.h.t.HelmChartContainer - [test-hivemq-platform] [hivemq] [a626ad47] -------------------------------------------------------------------------
2025-01-27 17:05:29,421 INFO c.h.h.t.HelmChartContainer - [test-hivemq-platform] [hivemq] [a626ad47] 
2025-01-27 17:05:29,421 INFO c.h.h.t.HelmChartContainer - [test-hivemq-platform] [hivemq] [a626ad47]   HIVEMQ_HOME: /opt/hivemq
2025-01-27 17:05:29,421 INFO c.h.h.t.HelmChartContainer - [test-hivemq-platform] [hivemq] [a626ad47] 
2025-01-27 17:05:29,421 INFO c.h.h.t.HelmChartContainer - [test-hivemq-platform] [hivemq] [a626ad47]   JAVA_OPTS: -XX:+UnlockExperimentalVMOptions -XX:InitialRAMPercentage=50 -XX:MaxRAMPercentage=50 -Djava.net.preferIPv4Stack=true --add-opens java.base/java.lang=ALL-UNNAMED --add-opens java.base/java.nio=ALL-UNNAMED --add-opens java.base/sun.nio.ch=ALL-UNNAMED --add-opens jdk.management/com.sun.management.internal=ALL-UNNAMED --add-exports java.base/jdk.internal.misc=ALL-UNNAMED -Djava.security.egd=file:/dev/./urandom -Dcom.sun.management.jmxremote -Dcom.sun.management.jmxremote.port=9010 -Dcom.sun.management.jmxremote.local.only=false -Dcom.sun.management.jmxremote.authenticate=false -Dcom.sun.management.jmxremote.ssl=false -Duser.language=en -Duser.region=US -XX:+CrashOnOutOfMemoryError -XX:+HeapDumpOnOutOfMemoryError
2025-01-27 17:05:29,421 INFO c.h.h.t.HelmChartContainer - [test-hivemq-platform] [hivemq] [a626ad47] 
2025-01-27 17:05:29,421 INFO c.h.h.t.HelmChartContainer - [test-hivemq-platform] [hivemq] [a626ad47]   JAVA_VERSION: 21
2025-01-27 17:05:29,421 INFO c.h.h.t.HelmChartContainer - [test-hivemq-platform] [hivemq] [a626ad47] 
2025-01-27 17:05:29,421 INFO c.h.h.t.HelmChartContainer - [test-hivemq-platform] [hivemq] [a626ad47] -------------------------------------------------------------------------
2025-01-27 17:05:29,421 INFO c.h.h.t.HelmChartContainer - [test-hivemq-platform] [hivemq] [a626ad47] 
2025-01-27 17:05:30,491 INFO c.h.h.t.HelmChartContainer - [test-hivemq-platform] [hivemq] [a626ad47] INFO  - [HiveMQ Platform Operator Init App 1.7.0-SNAPSHOT] Returning default Health API response 503 for readiness
2025-01-27 17:05:30,797 INFO c.h.h.t.HelmChartContainer - [EVENT] Warning [Unhealthy] Readiness probe failed: HTTP probe failed with statuscode: 503 [helmdatahubit:test-hivemq-platform-0]
2025-01-27 17:05:30,797 INFO c.h.h.t.HelmChartContainer - Received Unhealthy event for container hivemq in pod test-hivemq-platform-0 [a626ad47-0308-4b52-a871-9db3946ddf20]
2025-01-27 17:05:32,097 INFO c.h.h.t.HelmChartContainer - [test-hivemq-platform] [hivemq] [a626ad47] INFO  - Starting HiveMQ Enterprise Server
2025-01-27 17:05:32,105 INFO c.h.h.t.HelmChartContainer - [test-hivemq-platform] [hivemq] [a626ad47] INFO  - HiveMQ version: 4.35.0
2025-01-27 17:05:32,105 INFO c.h.h.t.HelmChartContainer - [test-hivemq-platform] [hivemq] [a626ad47] INFO  - HiveMQ home directory: /opt/hivemq
2025-01-27 17:05:32,106 INFO c.h.h.t.HelmChartContainer - [test-hivemq-platform] [hivemq] [a626ad47] INFO  - Log Configuration was overridden by /opt/hivemq/conf/logback.xml
2025-01-27 17:05:33,203 INFO c.h.h.t.HelmChartContainer - [test-hivemq-platform] [hivemq] [a626ad47] INFO  - Successfully loaded configuration from '/opt/hivemq/conf-k8s/config.xml'.
2025-01-27 17:05:33,693 INFO c.h.h.t.HelmChartContainer - [test-hivemq-platform] [hivemq] [a626ad47] INFO  - This node's ID is HtON9
2025-01-27 17:05:33,693 INFO c.h.h.t.HelmChartContainer - [test-hivemq-platform] [hivemq] [a626ad47] INFO  - Clustering is enabled
2025-01-27 17:05:34,506 INFO c.h.h.t.HelmChartContainer - [hivemq-test-hivemq-platform] [hivemq-platform-operator] [0d25b394] 17:05:34.502 [pool-6-thread-11] DEBUG c.h.p.o.d.PlatformServiceResource - [helmdata] Desired Platform services (3 services)
2025-01-27 17:05:34,506 INFO c.h.h.t.HelmChartContainer - [hivemq-test-hivemq-platform] [hivemq-platform-operator] [0d25b394] 17:05:34.503 [pool-6-thread-19] DEBUG c.h.p.o.dependants.PodInfoConfigMap - [helmdata] Desired PodInfo ConfigMap (1 extensions) (1 enabled)
2025-01-27 17:05:34,506 INFO c.h.h.t.HelmChartContainer - [hivemq-test-hivemq-platform] [hivemq-platform-operator] [0d25b394] 17:05:34.503 [pool-6-thread-19] DEBUG c.h.p.o.dependants.PodInfoConfigMap - [helmdata] Desired PodInfo ConfigMap (metrics port: 9399) (metrics path: /)
2025-01-27 17:05:34,506 INFO c.h.h.t.HelmChartContainer - [hivemq-test-hivemq-platform] [hivemq-platform-operator] [0d25b394] 17:05:34.503 [pool-6-thread-19] DEBUG c.h.p.o.dependants.PodInfoConfigMap - [helmdata] Desired PodInfo ConfigMap (extension state hash: -1817474005)
2025-01-27 17:05:34,506 INFO c.h.h.t.HelmChartContainer - [hivemq-test-hivemq-platform] [hivemq-platform-operator] [0d25b394] 17:05:34.504 [pool-6-thread-16] DEBUG c.h.p.o.d.PodServiceAccountResource - [helmdata] Desired PodServiceAccountResource (serviceAccountName: hivemq-platform-pod-test-hivemq-platform)
2025-01-27 17:05:34,510 INFO c.h.h.t.HelmChartContainer - [hivemq-test-hivemq-platform] [hivemq-platform-operator] [0d25b394] 17:05:34.509 [pool-6-thread-11] DEBUG c.h.p.o.d.StatefulSetResource - [helmdata] Desired StatefulSet (1 replicas) for status STARTING (READY)
2025-01-27 17:05:34,514 INFO c.h.h.t.HelmChartContainer - [hivemq-test-hivemq-platform] [hivemq-platform-operator] [0d25b394] 17:05:34.513 [ReconcilerExecutor-hivemq-controller-111] INFO  c.h.p.o.HiveMQPlatformReconciler - [helmdata] Reconciling HiveMQ Platform 'test-hivemq-platform' in namespace 'helmdatahubit'
2025-01-27 17:05:34,515 INFO c.h.h.t.HelmChartContainer - [hivemq-test-hivemq-platform] [hivemq-platform-operator] [0d25b394] 17:05:34.513 [ReconcilerExecutor-hivemq-controller-111] DEBUG c.h.p.o.HiveMQPlatformReconciler - [helmdata] Custom Resource Status STARTING - HiveMQ Platform is starting (READY)
2025-01-27 17:05:34,516 INFO c.h.h.t.HelmChartContainer - [hivemq-test-hivemq-platform] [hivemq-platform-operator] [0d25b394] 17:05:34.513 [ReconcilerExecutor-hivemq-controller-111] DEBUG c.h.p.o.HiveMQPlatformReconciler - [helmdata] Custom Resource Spec (replicas: 1) (extensions: 1)
2025-01-27 17:05:34,516 INFO c.h.h.t.HelmChartContainer - [hivemq-test-hivemq-platform] [hivemq-platform-operator] [0d25b394] 17:05:34.515 [ReconcilerExecutor-hivemq-controller-111] DEBUG c.h.p.o.HiveMQPlatformReconciler - [helmdata] StatefulSet Status (revision: test-hivemq-platform-998c8bc89, replicas: 1, available: 0, ready: 0, current: 1, updated: 1)
2025-01-27 17:05:34,517 INFO c.h.h.t.HelmChartContainer - [hivemq-test-hivemq-platform] [hivemq-platform-operator] [0d25b394] 17:05:34.515 [ReconcilerExecutor-hivemq-controller-111] DEBUG c.h.p.o.HiveMQPlatformReconciler - [helmdata] StatefulSet Spec (replicas: 1, init containers: 1, containers: 1, volumes: 3)
2025-01-27 17:05:34,518 INFO c.h.h.t.HelmChartContainer - [hivemq-test-hivemq-platform] [hivemq-platform-operator] [0d25b394] 17:05:34.517 [ReconcilerExecutor-hivemq-controller-111] DEBUG c.h.p.o.h.HiveMQPlatformReconcilerErrorHandler - [helmdata] Pod 'test-hivemq-platform-0' phase Running
2025-01-27 17:05:34,519 INFO c.h.h.t.HelmChartContainer - [hivemq-test-hivemq-platform] [hivemq-platform-operator] [0d25b394] 17:05:34.517 [ReconcilerExecutor-hivemq-controller-111] INFO  c.h.p.o.h.HiveMQPlatformReconcilerBaseHandler - [helmdata] HiveMQ Platform is starting, 0 of 1 replicas are ready
2025-01-27 17:05:35,892 INFO c.h.h.t.HelmChartContainer - [test-hivemq-platform] [hivemq] [a626ad47] WARN  - [HiveMQ Platform Operator Init App 1.7.0-SNAPSHOT] Cannot connect to Health API for readiness: null
2025-01-27 17:05:35,996 INFO c.h.h.t.HelmChartContainer - [EVENT] Warning [Unhealthy] Readiness probe failed: HTTP probe failed with statuscode: 503 [helmdatahubit:test-hivemq-platform-0]
2025-01-27 17:05:35,996 INFO c.h.h.t.HelmChartContainer - Received Unhealthy event for container hivemq in pod test-hivemq-platform-0 [a626ad47-0308-4b52-a871-9db3946ddf20]
2025-01-27 17:05:38,398 INFO c.h.h.t.HelmChartContainer - [test-hivemq-platform] [hivemq] [a626ad47] Jan 27, 2025 5:05:38 PM io.vertx.core.impl.BlockedThreadChecker
2025-01-27 17:05:38,398 INFO c.h.h.t.HelmChartContainer - [test-hivemq-platform] [hivemq] [a626ad47] WARNING: Thread Thread[vert.x-eventloop-thread-1,5,main] has been blocked for 2000 ms, time limit is 2000 ms
2025-01-27 17:05:39,395 INFO c.h.h.t.HelmChartContainer - [test-hivemq-platform] [hivemq] [a626ad47] Jan 27, 2025 5:05:39 PM io.vertx.core.impl.BlockedThreadChecker
2025-01-27 17:05:39,395 INFO c.h.h.t.HelmChartContainer - [test-hivemq-platform] [hivemq] [a626ad47] WARNING: Thread Thread[vert.x-eventloop-thread-1,5,main] has been blocked for 3000 ms, time limit is 2000 ms
2025-01-27 17:05:39,579 INFO c.h.h.t.HelmChartContainer - [test-hivemq-platform] [hivemq] [a626ad47] INFO  - [HiveMQ Platform Operator Init App 1.7.0-SNAPSHOT] Updating Pod HiveMQ Platform Operator Init App version annotation (version: 1.7.0-SNAPSHOT)
2025-01-27 17:05:40,204 INFO c.h.h.t.HelmChartContainer - [POD] test-hivemq-platform-0 [a626ad47-0308-4b52-a871-9db3946ddf20] in helmdatahubit was MODIFIED
2025-01-27 17:05:40,214 INFO c.h.h.t.HelmChartContainer - [hivemq-test-hivemq-platform] [hivemq-platform-operator] [0d25b394] 17:05:40.208 [pool-6-thread-26] DEBUG c.h.p.o.d.PlatformServiceResource - [helmdata] Desired Platform services (3 services)
2025-01-27 17:05:40,214 INFO c.h.h.t.HelmChartContainer - [hivemq-test-hivemq-platform] [hivemq-platform-operator] [0d25b394] 17:05:40.210 [pool-6-thread-25] DEBUG c.h.p.o.d.PodServiceAccountResource - [helmdata] Desired PodServiceAccountResource (serviceAccountName: hivemq-platform-pod-test-hivemq-platform)
2025-01-27 17:05:40,215 INFO c.h.h.t.HelmChartContainer - [hivemq-test-hivemq-platform] [hivemq-platform-operator] [0d25b394] 17:05:40.209 [pool-6-thread-27] DEBUG c.h.p.o.dependants.PodInfoConfigMap - [helmdata] Desired PodInfo ConfigMap (1 extensions) (1 enabled)
2025-01-27 17:05:40,215 INFO c.h.h.t.HelmChartContainer - [hivemq-test-hivemq-platform] [hivemq-platform-operator] [0d25b394] 17:05:40.214 [pool-6-thread-27] DEBUG c.h.p.o.dependants.PodInfoConfigMap - [helmdata] Desired PodInfo ConfigMap (metrics port: 9399) (metrics path: /)
2025-01-27 17:05:40,215 INFO c.h.h.t.HelmChartContainer - [hivemq-test-hivemq-platform] [hivemq-platform-operator] [0d25b394] 17:05:40.214 [pool-6-thread-27] DEBUG c.h.p.o.dependants.PodInfoConfigMap - [helmdata] Desired PodInfo ConfigMap (extension state hash: -1817474005)
2025-01-27 17:05:40,219 INFO c.h.h.t.HelmChartContainer - [hivemq-test-hivemq-platform] [hivemq-platform-operator] [0d25b394] 17:05:40.218 [pool-6-thread-26] DEBUG c.h.p.o.d.StatefulSetResource - [helmdata] Desired StatefulSet (1 replicas) for status STARTING (READY)
2025-01-27 17:05:40,290 INFO c.h.h.t.HelmChartContainer - [test-hivemq-platform] [hivemq] [a626ad47] WARN  - [HiveMQ Platform Operator Init App 1.7.0-SNAPSHOT] Cannot connect to Health API for readiness: null
2025-01-27 17:05:40,291 INFO c.h.h.t.HelmChartContainer - [test-hivemq-platform] [hivemq] [a626ad47] INFO  - [HiveMQ Platform Operator Init App 1.7.0-SNAPSHOT] Successfully updated Pod HiveMQ Platform Operator Init App version annotation (version: 1.7.0-SNAPSHOT)
2025-01-27 17:05:40,296 INFO c.h.h.t.HelmChartContainer - [EVENT] Warning [Unhealthy] Readiness probe failed: HTTP probe failed with statuscode: 503 [helmdatahubit:test-hivemq-platform-0]
2025-01-27 17:05:40,296 INFO c.h.h.t.HelmChartContainer - Received Unhealthy event for container hivemq in pod test-hivemq-platform-0 [a626ad47-0308-4b52-a871-9db3946ddf20]
2025-01-27 17:05:40,301 INFO c.h.h.t.HelmChartContainer - [hivemq-test-hivemq-platform] [hivemq-platform-operator] [0d25b394] 17:05:40.296 [ReconcilerExecutor-hivemq-controller-112] INFO  c.h.p.o.HiveMQPlatformReconciler - [helmdata] Reconciling HiveMQ Platform 'test-hivemq-platform' in namespace 'helmdatahubit'
2025-01-27 17:05:40,301 INFO c.h.h.t.HelmChartContainer - [hivemq-test-hivemq-platform] [hivemq-platform-operator] [0d25b394] 17:05:40.296 [ReconcilerExecutor-hivemq-controller-112] DEBUG c.h.p.o.HiveMQPlatformReconciler - [helmdata] Custom Resource Status STARTING - HiveMQ Platform is starting (READY)
2025-01-27 17:05:40,301 INFO c.h.h.t.HelmChartContainer - [hivemq-test-hivemq-platform] [hivemq-platform-operator] [0d25b394] 17:05:40.296 [ReconcilerExecutor-hivemq-controller-112] DEBUG c.h.p.o.HiveMQPlatformReconciler - [helmdata] Custom Resource Spec (replicas: 1) (extensions: 1)
2025-01-27 17:05:40,302 INFO c.h.h.t.HelmChartContainer - [hivemq-test-hivemq-platform] [hivemq-platform-operator] [0d25b394] 17:05:40.301 [ReconcilerExecutor-hivemq-controller-112] DEBUG c.h.p.o.HiveMQPlatformReconciler - [helmdata] StatefulSet Status (revision: test-hivemq-platform-998c8bc89, replicas: 1, available: 0, ready: 0, current: 1, updated: 1)
2025-01-27 17:05:40,302 INFO c.h.h.t.HelmChartContainer - [hivemq-test-hivemq-platform] [hivemq-platform-operator] [0d25b394] 17:05:40.302 [ReconcilerExecutor-hivemq-controller-112] DEBUG c.h.p.o.HiveMQPlatformReconciler - [helmdata] StatefulSet Spec (replicas: 1, init containers: 1, containers: 1, volumes: 3)
2025-01-27 17:05:40,306 INFO c.h.h.t.HelmChartContainer - [hivemq-test-hivemq-platform] [hivemq-platform-operator] [0d25b394] 17:05:40.305 [ReconcilerExecutor-hivemq-controller-112] DEBUG c.h.p.o.h.HiveMQPlatformReconcilerErrorHandler - [helmdata] Pod 'test-hivemq-platform-0' phase Running
2025-01-27 17:05:40,308 INFO c.h.h.t.HelmChartContainer - [hivemq-test-hivemq-platform] [hivemq-platform-operator] [0d25b394] 17:05:40.307 [ReconcilerExecutor-hivemq-controller-112] INFO  c.h.p.o.h.HiveMQPlatformReconcilerBaseHandler - [helmdata] HiveMQ Platform is starting, 0 of 1 replicas are ready
2025-01-27 17:05:45,205 INFO c.h.h.t.HelmChartContainer - [test-hivemq-platform] [hivemq] [a626ad47] WARN  - [HiveMQ Platform Operator Init App 1.7.0-SNAPSHOT] Cannot connect to Health API for readiness: null
2025-01-27 17:05:45,211 INFO c.h.h.t.HelmChartContainer - [EVENT] Warning [Unhealthy] Readiness probe failed: HTTP probe failed with statuscode: 503 [helmdatahubit:test-hivemq-platform-0]
2025-01-27 17:05:45,211 INFO c.h.h.t.HelmChartContainer - Received Unhealthy event for container hivemq in pod test-hivemq-platform-0 [a626ad47-0308-4b52-a871-9db3946ddf20]
2025-01-27 17:05:50,289 INFO c.h.h.t.HelmChartContainer - [test-hivemq-platform] [hivemq] [a626ad47] WARN  - [HiveMQ Platform Operator Init App 1.7.0-SNAPSHOT] Cannot connect to Health API for readiness: null
2025-01-27 17:05:50,293 INFO c.h.h.t.HelmChartContainer - [EVENT] Warning [Unhealthy] Readiness probe failed: HTTP probe failed with statuscode: 503 [helmdatahubit:test-hivemq-platform-0]
2025-01-27 17:05:50,294 INFO c.h.h.t.HelmChartContainer - Received Unhealthy event for container hivemq in pod test-hivemq-platform-0 [a626ad47-0308-4b52-a871-9db3946ddf20]
2025-01-27 17:05:50,317 INFO c.h.h.t.HelmChartContainer - [hivemq-test-hivemq-platform] [hivemq-platform-operator] [0d25b394] 17:05:50.312 [pool-6-thread-37] DEBUG c.h.p.o.d.PlatformServiceResource - [helmdata] Desired Platform services (3 services)
2025-01-27 17:05:50,317 INFO c.h.h.t.HelmChartContainer - [hivemq-test-hivemq-platform] [hivemq-platform-operator] [0d25b394] 17:05:50.312 [pool-6-thread-33] DEBUG c.h.p.o.dependants.PodInfoConfigMap - [helmdata] Desired PodInfo ConfigMap (1 extensions) (1 enabled)
2025-01-27 17:05:50,317 INFO c.h.h.t.HelmChartContainer - [hivemq-test-hivemq-platform] [hivemq-platform-operator] [0d25b394] 17:05:50.312 [pool-6-thread-33] DEBUG c.h.p.o.dependants.PodInfoConfigMap - [helmdata] Desired PodInfo ConfigMap (metrics port: 9399) (metrics path: /)
2025-01-27 17:05:50,317 INFO c.h.h.t.HelmChartContainer - [hivemq-test-hivemq-platform] [hivemq-platform-operator] [0d25b394] 17:05:50.312 [pool-6-thread-33] DEBUG c.h.p.o.dependants.PodInfoConfigMap - [helmdata] Desired PodInfo ConfigMap (extension state hash: -1817474005)
2025-01-27 17:05:50,317 INFO c.h.h.t.HelmChartContainer - [hivemq-test-hivemq-platform] [hivemq-platform-operator] [0d25b394] 17:05:50.313 [pool-6-thread-35] DEBUG c.h.p.o.d.PodServiceAccountResource - [helmdata] Desired PodServiceAccountResource (serviceAccountName: hivemq-platform-pod-test-hivemq-platform)
2025-01-27 17:05:50,319 INFO c.h.h.t.HelmChartContainer - [hivemq-test-hivemq-platform] [hivemq-platform-operator] [0d25b394] 17:05:50.318 [pool-6-thread-37] DEBUG c.h.p.o.d.StatefulSetResource - [helmdata] Desired StatefulSet (1 replicas) for status STARTING (READY)
2025-01-27 17:05:50,323 INFO c.h.h.t.HelmChartContainer - [hivemq-test-hivemq-platform] [hivemq-platform-operator] [0d25b394] 17:05:50.322 [ReconcilerExecutor-hivemq-controller-113] INFO  c.h.p.o.HiveMQPlatformReconciler - [helmdata] Reconciling HiveMQ Platform 'test-hivemq-platform' in namespace 'helmdatahubit'
2025-01-27 17:05:50,324 INFO c.h.h.t.HelmChartContainer - [hivemq-test-hivemq-platform] [hivemq-platform-operator] [0d25b394] 17:05:50.322 [ReconcilerExecutor-hivemq-controller-113] DEBUG c.h.p.o.HiveMQPlatformReconciler - [helmdata] Custom Resource Status STARTING - HiveMQ Platform is starting (READY)
2025-01-27 17:05:50,324 INFO c.h.h.t.HelmChartContainer - [hivemq-test-hivemq-platform] [hivemq-platform-operator] [0d25b394] 17:05:50.322 [ReconcilerExecutor-hivemq-controller-113] DEBUG c.h.p.o.HiveMQPlatformReconciler - [helmdata] Custom Resource Spec (replicas: 1) (extensions: 1)
2025-01-27 17:05:50,325 INFO c.h.h.t.HelmChartContainer - [hivemq-test-hivemq-platform] [hivemq-platform-operator] [0d25b394] 17:05:50.324 [ReconcilerExecutor-hivemq-controller-113] DEBUG c.h.p.o.HiveMQPlatformReconciler - [helmdata] StatefulSet Status (revision: test-hivemq-platform-998c8bc89, replicas: 1, available: 0, ready: 0, current: 1, updated: 1)
2025-01-27 17:05:50,325 INFO c.h.h.t.HelmChartContainer - [hivemq-test-hivemq-platform] [hivemq-platform-operator] [0d25b394] 17:05:50.324 [ReconcilerExecutor-hivemq-controller-113] DEBUG c.h.p.o.HiveMQPlatformReconciler - [helmdata] StatefulSet Spec (replicas: 1, init containers: 1, containers: 1, volumes: 3)
2025-01-27 17:05:50,326 INFO c.h.h.t.HelmChartContainer - [hivemq-test-hivemq-platform] [hivemq-platform-operator] [0d25b394] 17:05:50.325 [ReconcilerExecutor-hivemq-controller-113] DEBUG c.h.p.o.h.HiveMQPlatformReconcilerErrorHandler - [helmdata] Pod 'test-hivemq-platform-0' phase Running
2025-01-27 17:05:50,327 INFO c.h.h.t.HelmChartContainer - [hivemq-test-hivemq-platform] [hivemq-platform-operator] [0d25b394] 17:05:50.326 [ReconcilerExecutor-hivemq-controller-113] INFO  c.h.p.o.h.HiveMQPlatformReconcilerBaseHandler - [helmdata] HiveMQ Platform is starting, 0 of 1 replicas are ready
2025-01-27 17:05:51,091 INFO c.h.h.t.HelmChartContainer - [test-hivemq-platform] [hivemq] [a626ad47] WARN  - [HiveMQ Platform Operator Init App 1.7.0-SNAPSHOT] Cannot connect to Health API for liveness: null
2025-01-27 17:05:51,092 INFO c.h.h.t.HelmChartContainer - [test-hivemq-platform] [hivemq] [a626ad47] INFO  - [HiveMQ Platform Operator Init App 1.7.0-SNAPSHOT] Returning default Health API response 200 for liveness
2025-01-27 17:05:51,692 INFO c.h.h.t.HelmChartContainer - [test-hivemq-platform] [hivemq] [a626ad47] INFO  - No valid license file found. Using trial license, restricted to 25 connections.
2025-01-27 17:05:55,288 INFO c.h.h.t.HelmChartContainer - [test-hivemq-platform] [hivemq] [a626ad47] WARN  - [HiveMQ Platform Operator Init App 1.7.0-SNAPSHOT] Cannot connect to Health API for readiness: null
2025-01-27 17:05:55,293 INFO c.h.h.t.HelmChartContainer - [EVENT] Warning [Unhealthy] Readiness probe failed: HTTP probe failed with statuscode: 503 [helmdatahubit:test-hivemq-platform-0]
2025-01-27 17:05:55,293 INFO c.h.h.t.HelmChartContainer - Received Unhealthy event for container hivemq in pod test-hivemq-platform-0 [a626ad47-0308-4b52-a871-9db3946ddf20]
2025-01-27 17:05:55,989 INFO c.h.h.t.HelmChartContainer - [test-hivemq-platform] [hivemq] [a626ad47] INFO  - No valid license file for Data Hub found. Using free license, restricted to 1 policy.
2025-01-27 17:05:56,893 INFO c.h.h.t.HelmChartContainer - [test-hivemq-platform] [hivemq] [a626ad47] INFO  - Audit Logger started.
2025-01-27 17:05:57,205 INFO c.h.h.t.HelmChartContainer - [test-hivemq-platform] [hivemq] [a626ad47] INFO  - This node uses '1' CPU cores.
2025-01-27 17:05:57,209 INFO c.h.h.t.HelmChartContainer - [test-hivemq-platform] [hivemq] [a626ad47] INFO  - Starting HiveMQ Health API on address 0.0.0.0 and port 8889
2025-01-27 17:05:57,996 INFO c.h.h.t.HelmChartContainer - [test-hivemq-platform] [hivemq] [a626ad47] INFO  - Started HiveMQ Health API in 786ms
2025-01-27 17:05:58,000 INFO c.h.h.t.HelmChartContainer - [test-hivemq-platform] [hivemq] [a626ad47] INFO  - Starting HiveMQ extension system.
2025-01-27 17:05:58,201 INFO c.h.h.t.HelmChartContainer - [test-hivemq-platform] [hivemq] [a626ad47] INFO  - Starting extension with id "hivemq-dns-cluster-discovery" at /opt/hivemq/extensions/hivemq-dns-cluster-discovery
2025-01-27 17:05:58,697 INFO c.h.h.t.HelmChartContainer - [test-hivemq-platform] [hivemq] [a626ad47] INFO  - Using TCP cluster transport on address 10.42.0.6 and port 7000
2025-01-27 17:05:58,700 INFO c.h.h.t.HelmChartContainer - [test-hivemq-platform] [hivemq] [a626ad47] INFO  - Using extension cluster discovery
2025-01-27 17:05:58,794 INFO c.h.h.t.HelmChartContainer - [test-hivemq-platform] [hivemq] [a626ad47] INFO  - Extension "DNS Cluster Discovery Extension" version 4.3.2 started successfully.
2025-01-27 17:05:58,794 INFO c.h.h.t.HelmChartContainer - [test-hivemq-platform] [hivemq] [a626ad47] INFO  - Starting extension with id "hivemq-prometheus-extension" at /opt/hivemq/extensions/hivemq-prometheus-extension
2025-01-27 17:05:59,690 INFO c.h.h.t.HelmChartContainer - [test-hivemq-platform] [hivemq] [a626ad47] INFO  - Started Jetty Server exposing Prometheus Servlet on URI http://0.0.0.0:9399/
2025-01-27 17:05:59,691 INFO c.h.h.t.HelmChartContainer - [test-hivemq-platform] [hivemq] [a626ad47] INFO  - Extension "Prometheus Monitoring Extension" version 4.0.12 started successfully.
2025-01-27 17:05:59,691 INFO c.h.h.t.HelmChartContainer - [test-hivemq-platform] [hivemq] [a626ad47] INFO  - Starting extension with id "hivemq-allow-all-extension" at /opt/hivemq/extensions/hivemq-allow-all-extension
2025-01-27 17:05:59,692 INFO c.h.h.t.HelmChartContainer - [test-hivemq-platform] [hivemq] [a626ad47] WARN  - 
2025-01-27 17:05:59,692 INFO c.h.h.t.HelmChartContainer - [test-hivemq-platform] [hivemq] [a626ad47] ################################################################################################################
2025-01-27 17:05:59,692 INFO c.h.h.t.HelmChartContainer - [test-hivemq-platform] [hivemq] [a626ad47] # This HiveMQ deployment is not secure! You are lacking Authentication and Authorization.                      #
2025-01-27 17:05:59,692 INFO c.h.h.t.HelmChartContainer - [test-hivemq-platform] [hivemq] [a626ad47] # Right now any MQTT client can connect to the broker with a full set of permissions.                          #
2025-01-27 17:05:59,692 INFO c.h.h.t.HelmChartContainer - [test-hivemq-platform] [hivemq] [a626ad47] # For production usage, add an appropriate security extension and remove the hivemq-allow-all extension.       #
2025-01-27 17:05:59,692 INFO c.h.h.t.HelmChartContainer - [test-hivemq-platform] [hivemq] [a626ad47] # You can download security extensions from the HiveMQ Marketplace (https://www.hivemq.com/extensions/).       #
2025-01-27 17:05:59,692 INFO c.h.h.t.HelmChartContainer - [test-hivemq-platform] [hivemq] [a626ad47] ################################################################################################################
2025-01-27 17:05:59,692 INFO c.h.h.t.HelmChartContainer - [test-hivemq-platform] [hivemq] [a626ad47] INFO  - Extension "Allow All Extension" version 1.1.0 started successfully.
2025-01-27 17:06:00,332 INFO c.h.h.t.HelmChartContainer - [hivemq-test-hivemq-platform] [hivemq-platform-operator] [0d25b394] 17:06:00.330 [pool-6-thread-45] DEBUG c.h.p.o.d.PlatformServiceResource - [helmdata] Desired Platform services (3 services)
2025-01-27 17:06:00,334 INFO c.h.h.t.HelmChartContainer - [hivemq-test-hivemq-platform] [hivemq-platform-operator] [0d25b394] 17:06:00.332 [pool-6-thread-49] DEBUG c.h.p.o.dependants.PodInfoConfigMap - [helmdata] Desired PodInfo ConfigMap (1 extensions) (1 enabled)
2025-01-27 17:06:00,334 INFO c.h.h.t.HelmChartContainer - [hivemq-test-hivemq-platform] [hivemq-platform-operator] [0d25b394] 17:06:00.333 [pool-6-thread-49] DEBUG c.h.p.o.dependants.PodInfoConfigMap - [helmdata] Desired PodInfo ConfigMap (metrics port: 9399) (metrics path: /)
2025-01-27 17:06:00,334 INFO c.h.h.t.HelmChartContainer - [hivemq-test-hivemq-platform] [hivemq-platform-operator] [0d25b394] 17:06:00.333 [pool-6-thread-49] DEBUG c.h.p.o.dependants.PodInfoConfigMap - [helmdata] Desired PodInfo ConfigMap (extension state hash: -1817474005)
2025-01-27 17:06:00,336 INFO c.h.h.t.HelmChartContainer - [hivemq-test-hivemq-platform] [hivemq-platform-operator] [0d25b394] 17:06:00.336 [pool-6-thread-46] DEBUG c.h.p.o.d.PodServiceAccountResource - [helmdata] Desired PodServiceAccountResource (serviceAccountName: hivemq-platform-pod-test-hivemq-platform)
2025-01-27 17:06:00,340 INFO c.h.h.t.HelmChartContainer - [hivemq-test-hivemq-platform] [hivemq-platform-operator] [0d25b394] 17:06:00.339 [pool-6-thread-49] DEBUG c.h.p.o.d.StatefulSetResource - [helmdata] Desired StatefulSet (1 replicas) for status STARTING (READY)
2025-01-27 17:06:00,399 INFO c.h.h.t.HelmChartContainer - [hivemq-test-hivemq-platform] [hivemq-platform-operator] [0d25b394] 17:06:00.398 [ReconcilerExecutor-hivemq-controller-114] INFO  c.h.p.o.HiveMQPlatformReconciler - [helmdata] Reconciling HiveMQ Platform 'test-hivemq-platform' in namespace 'helmdatahubit'
2025-01-27 17:06:00,400 INFO c.h.h.t.HelmChartContainer - [hivemq-test-hivemq-platform] [hivemq-platform-operator] [0d25b394] 17:06:00.398 [ReconcilerExecutor-hivemq-controller-114] DEBUG c.h.p.o.HiveMQPlatformReconciler - [helmdata] Custom Resource Status STARTING - HiveMQ Platform is starting (READY)
2025-01-27 17:06:00,400 INFO c.h.h.t.HelmChartContainer - [hivemq-test-hivemq-platform] [hivemq-platform-operator] [0d25b394] 17:06:00.398 [ReconcilerExecutor-hivemq-controller-114] DEBUG c.h.p.o.HiveMQPlatformReconciler - [helmdata] Custom Resource Spec (replicas: 1) (extensions: 1)
2025-01-27 17:06:00,402 INFO c.h.h.t.HelmChartContainer - [hivemq-test-hivemq-platform] [hivemq-platform-operator] [0d25b394] 17:06:00.402 [ReconcilerExecutor-hivemq-controller-114] DEBUG c.h.p.o.HiveMQPlatformReconciler - [helmdata] StatefulSet Status (revision: test-hivemq-platform-998c8bc89, replicas: 1, available: 0, ready: 0, current: 1, updated: 1)
2025-01-27 17:06:00,403 INFO c.h.h.t.HelmChartContainer - [hivemq-test-hivemq-platform] [hivemq-platform-operator] [0d25b394] 17:06:00.402 [ReconcilerExecutor-hivemq-controller-114] DEBUG c.h.p.o.HiveMQPlatformReconciler - [helmdata] StatefulSet Spec (replicas: 1, init containers: 1, containers: 1, volumes: 3)
2025-01-27 17:06:00,407 INFO c.h.h.t.HelmChartContainer - [hivemq-test-hivemq-platform] [hivemq-platform-operator] [0d25b394] 17:06:00.406 [ReconcilerExecutor-hivemq-controller-114] DEBUG c.h.p.o.h.HiveMQPlatformReconcilerErrorHandler - [helmdata] Pod 'test-hivemq-platform-0' phase Running
2025-01-27 17:06:00,433 INFO c.h.h.t.HelmChartContainer - [hivemq-test-hivemq-platform] [hivemq-platform-operator] [0d25b394] 17:06:00.432 [ReconcilerExecutor-hivemq-controller-114] INFO  c.h.p.o.h.HiveMQPlatformReconcilerBaseHandler - [helmdata] HiveMQ Platform is starting, 0 of 1 replicas are ready
2025-01-27 17:06:00,596 INFO c.h.h.t.HelmChartContainer - [test-hivemq-platform] [hivemq] [a626ad47] INFO  - [HiveMQ Platform Operator Init App 1.7.0-SNAPSHOT] Returning Health API response 503 for readiness
2025-01-27 17:06:00,601 INFO c.h.h.t.HelmChartContainer - [EVENT] Warning [Unhealthy] Readiness probe failed: HTTP probe failed with statuscode: 503 [helmdatahubit:test-hivemq-platform-0]
2025-01-27 17:06:00,601 INFO c.h.h.t.HelmChartContainer - Received Unhealthy event for container hivemq in pod test-hivemq-platform-0 [a626ad47-0308-4b52-a871-9db3946ddf20]
2025-01-27 17:06:01,887 INFO c.h.h.t.HelmChartContainer - [test-hivemq-platform] [hivemq] [a626ad47] INFO  - HtON9: no members discovered after 2600 ms: creating cluster as first member
2025-01-27 17:06:01,893 INFO c.h.h.t.HelmChartContainer - [test-hivemq-platform] [hivemq] [a626ad47] INFO  - Cluster nodes found by discovery: [HtON9|0] (1) [HtON9].
2025-01-27 17:06:01,988 INFO c.h.h.t.HelmChartContainer - [test-hivemq-platform] [hivemq] [a626ad47] INFO  - Starting HiveMQ REST API on address 0.0.0.0 and port 8890
2025-01-27 17:06:02,393 INFO c.h.h.t.HelmChartContainer - [test-hivemq-platform] [hivemq] [a626ad47] INFO  - Started HiveMQ REST API in 403ms
2025-01-27 17:06:02,393 INFO c.h.h.t.HelmChartContainer - [test-hivemq-platform] [hivemq] [a626ad47] INFO  - No user for HiveMQ Control Center configured. Starting with default user
2025-01-27 17:06:02,393 INFO c.h.h.t.HelmChartContainer - [test-hivemq-platform] [hivemq] [a626ad47] INFO  - Starting HiveMQ Control Center on address 127.0.0.1 and port 8080
2025-01-27 17:06:02,394 INFO c.h.h.t.HelmChartContainer - [test-hivemq-platform] [hivemq] [a626ad47] INFO  - Mounting HiveMQ Control Center V2 Preview
2025-01-27 17:06:03,088 INFO c.h.h.t.HelmChartContainer - [test-hivemq-platform] [hivemq] [a626ad47] INFO  - Started HiveMQ Control Center in 696ms
2025-01-27 17:06:03,107 INFO c.h.h.t.HelmChartContainer - [test-hivemq-platform] [hivemq] [a626ad47] INFO  - Starting TCP listener on address 0.0.0.0 and port 1883
2025-01-27 17:06:03,200 INFO c.h.h.t.HelmChartContainer - [test-hivemq-platform] [hivemq] [a626ad47] INFO  - Started TCP Listener on address 0.0.0.0 and on port 1883.
2025-01-27 17:06:03,200 INFO c.h.h.t.HelmChartContainer - [test-hivemq-platform] [hivemq] [a626ad47] INFO  - Started HiveMQ in 31499ms
2025-01-27 17:06:05,208 INFO c.h.h.t.HelmChartContainer - [test-hivemq-platform] [hivemq] [a626ad47] INFO  - [HiveMQ Platform Operator Init App 1.7.0-SNAPSHOT] Returning Health API response 200 for readiness
2025-01-27 17:06:05,224 INFO c.h.h.t.HelmChartContainer - [POD] test-hivemq-platform-0 [a626ad47-0308-4b52-a871-9db3946ddf20] in helmdatahubit was MODIFIED
2025-01-27 17:06:05,235 INFO c.h.h.t.HelmChartContainer - [hivemq-test-hivemq-platform] [hivemq-platform-operator] [0d25b394] 17:06:05.224 [pool-6-thread-8] DEBUG c.h.p.o.d.PlatformServiceResource - [helmdata] Desired Platform services (3 services)
2025-01-27 17:06:05,236 INFO c.h.h.t.HelmChartContainer - [hivemq-test-hivemq-platform] [hivemq-platform-operator] [0d25b394] 17:06:05.228 [pool-6-thread-3] DEBUG c.h.p.o.dependants.PodInfoConfigMap - [helmdata] Desired PodInfo ConfigMap (1 extensions) (1 enabled)
2025-01-27 17:06:05,236 INFO c.h.h.t.HelmChartContainer - [hivemq-test-hivemq-platform] [hivemq-platform-operator] [0d25b394] 17:06:05.229 [pool-6-thread-4] DEBUG c.h.p.o.d.PodServiceAccountResource - [helmdata] Desired PodServiceAccountResource (serviceAccountName: hivemq-platform-pod-test-hivemq-platform)
2025-01-27 17:06:05,236 INFO c.h.h.t.HelmChartContainer - [hivemq-test-hivemq-platform] [hivemq-platform-operator] [0d25b394] 17:06:05.228 [pool-6-thread-3] DEBUG c.h.p.o.dependants.PodInfoConfigMap - [helmdata] Desired PodInfo ConfigMap (metrics port: 9399) (metrics path: /)
2025-01-27 17:06:05,236 INFO c.h.h.t.HelmChartContainer - [hivemq-test-hivemq-platform] [hivemq-platform-operator] [0d25b394] 17:06:05.230 [pool-6-thread-3] DEBUG c.h.p.o.dependants.PodInfoConfigMap - [helmdata] Desired PodInfo ConfigMap (extension state hash: -1817474005)
2025-01-27 17:06:05,243 INFO c.h.h.t.HelmChartContainer - [hivemq-test-hivemq-platform] [hivemq-platform-operator] [0d25b394] 17:06:05.241 [pool-6-thread-8] DEBUG c.h.p.o.d.StatefulSetResource - [helmdata] Desired StatefulSet (1 replicas) for status STARTING (READY)
2025-01-27 17:06:05,249 INFO c.h.h.t.HelmChartContainer - [hivemq-test-hivemq-platform] [hivemq-platform-operator] [0d25b394] 17:06:05.248 [ReconcilerExecutor-hivemq-controller-115] INFO  c.h.p.o.HiveMQPlatformReconciler - [helmdata] Reconciling HiveMQ Platform 'test-hivemq-platform' in namespace 'helmdatahubit'
2025-01-27 17:06:05,250 INFO c.h.h.t.HelmChartContainer - [hivemq-test-hivemq-platform] [hivemq-platform-operator] [0d25b394] 17:06:05.249 [ReconcilerExecutor-hivemq-controller-115] DEBUG c.h.p.o.HiveMQPlatformReconciler - [helmdata] Custom Resource Status STARTING - HiveMQ Platform is starting (READY)
2025-01-27 17:06:05,250 INFO c.h.h.t.HelmChartContainer - [hivemq-test-hivemq-platform] [hivemq-platform-operator] [0d25b394] 17:06:05.249 [ReconcilerExecutor-hivemq-controller-115] DEBUG c.h.p.o.HiveMQPlatformReconciler - [helmdata] Custom Resource Spec (replicas: 1) (extensions: 1)
2025-01-27 17:06:05,251 INFO c.h.h.t.HelmChartContainer - [hivemq-test-hivemq-platform] [hivemq-platform-operator] [0d25b394] 17:06:05.250 [ReconcilerExecutor-hivemq-controller-115] DEBUG c.h.p.o.HiveMQPlatformReconciler - [helmdata] StatefulSet Status (revision: test-hivemq-platform-998c8bc89, replicas: 1, available: 0, ready: 0, current: 1, updated: 1)
2025-01-27 17:06:05,251 INFO c.h.h.t.HelmChartContainer - [hivemq-test-hivemq-platform] [hivemq-platform-operator] [0d25b394] 17:06:05.250 [ReconcilerExecutor-hivemq-controller-115] DEBUG c.h.p.o.HiveMQPlatformReconciler - [helmdata] StatefulSet Spec (replicas: 1, init containers: 1, containers: 1, volumes: 3)
2025-01-27 17:06:05,296 INFO c.h.h.t.HelmChartContainer - [hivemq-test-hivemq-platform] [hivemq-platform-operator] [0d25b394] 17:06:05.294 [ReconcilerExecutor-hivemq-controller-115] DEBUG c.h.p.o.h.HiveMQPlatformReconcilerErrorHandler - [helmdata] Pod 'test-hivemq-platform-0' phase Running
2025-01-27 17:06:05,297 INFO c.h.h.t.HelmChartContainer - [hivemq-test-hivemq-platform] [hivemq-platform-operator] [0d25b394] 17:06:05.295 [ReconcilerExecutor-hivemq-controller-115] INFO  c.h.p.o.h.HiveMQPlatformReconcilerBaseHandler - [helmdata] HiveMQ Platform is starting, 0 of 1 replicas are ready
2025-01-27 17:06:05,302 INFO c.h.h.t.HelmChartContainer - [hivemq-test-hivemq-platform] [hivemq-platform-operator] [0d25b394] 17:06:05.299 [pool-6-thread-16] DEBUG c.h.p.o.d.PlatformServiceResource - [helmdata] Desired Platform services (3 services)
2025-01-27 17:06:05,302 INFO c.h.h.t.HelmChartContainer - [hivemq-test-hivemq-platform] [hivemq-platform-operator] [0d25b394] 17:06:05.299 [pool-6-thread-14] DEBUG c.h.p.o.d.PodServiceAccountResource - [helmdata] Desired PodServiceAccountResource (serviceAccountName: hivemq-platform-pod-test-hivemq-platform)
2025-01-27 17:06:05,302 INFO c.h.h.t.HelmChartContainer - [hivemq-test-hivemq-platform] [hivemq-platform-operator] [0d25b394] 17:06:05.300 [pool-6-thread-13] DEBUG c.h.p.o.dependants.PodInfoConfigMap - [helmdata] Desired PodInfo ConfigMap (1 extensions) (1 enabled)
2025-01-27 17:06:05,302 INFO c.h.h.t.HelmChartContainer - [hivemq-test-hivemq-platform] [hivemq-platform-operator] [0d25b394] 17:06:05.300 [pool-6-thread-13] DEBUG c.h.p.o.dependants.PodInfoConfigMap - [helmdata] Desired PodInfo ConfigMap (metrics port: 9399) (metrics path: /)
2025-01-27 17:06:05,302 INFO c.h.h.t.HelmChartContainer - [hivemq-test-hivemq-platform] [hivemq-platform-operator] [0d25b394] 17:06:05.301 [pool-6-thread-13] DEBUG c.h.p.o.dependants.PodInfoConfigMap - [helmdata] Desired PodInfo ConfigMap (extension state hash: -1817474005)
2025-01-27 17:06:05,337 INFO c.h.h.t.HelmChartContainer - [hivemq-test-hivemq-platform] [hivemq-platform-operator] [0d25b394] 17:06:05.336 [pool-6-thread-16] DEBUG c.h.p.o.d.StatefulSetResource - [helmdata] Desired StatefulSet (1 replicas) for status STARTING (READY)
2025-01-27 17:06:05,398 INFO c.h.h.t.HelmChartContainer - [hivemq-test-hivemq-platform] [hivemq-platform-operator] [0d25b394] 17:06:05.396 [ReconcilerExecutor-hivemq-controller-116] INFO  c.h.p.o.HiveMQPlatformReconciler - [helmdata] Reconciling HiveMQ Platform 'test-hivemq-platform' in namespace 'helmdatahubit'
2025-01-27 17:06:05,399 INFO c.h.h.t.HelmChartContainer - [hivemq-test-hivemq-platform] [hivemq-platform-operator] [0d25b394] 17:06:05.396 [ReconcilerExecutor-hivemq-controller-116] DEBUG c.h.p.o.HiveMQPlatformReconciler - [helmdata] Custom Resource Status STARTING - HiveMQ Platform is starting (READY)
2025-01-27 17:06:05,399 INFO c.h.h.t.HelmChartContainer - [hivemq-test-hivemq-platform] [hivemq-platform-operator] [0d25b394] 17:06:05.396 [ReconcilerExecutor-hivemq-controller-116] DEBUG c.h.p.o.HiveMQPlatformReconciler - [helmdata] Custom Resource Spec (replicas: 1) (extensions: 1)
2025-01-27 17:06:05,401 INFO c.h.h.t.HelmChartContainer - [hivemq-test-hivemq-platform] [hivemq-platform-operator] [0d25b394] 17:06:05.400 [ReconcilerExecutor-hivemq-controller-116] DEBUG c.h.p.o.HiveMQPlatformReconciler - [helmdata] StatefulSet Status (revision: test-hivemq-platform-998c8bc89, replicas: 1, available: 1, ready: 1, current: 1, updated: 1)
2025-01-27 17:06:05,401 INFO c.h.h.t.HelmChartContainer - [hivemq-test-hivemq-platform] [hivemq-platform-operator] [0d25b394] 17:06:05.400 [ReconcilerExecutor-hivemq-controller-116] DEBUG c.h.p.o.HiveMQPlatformReconciler - [helmdata] StatefulSet Spec (replicas: 1, init containers: 1, containers: 1, volumes: 3)
2025-01-27 17:06:05,404 INFO c.h.h.t.HelmChartContainer - [hivemq-test-hivemq-platform] [hivemq-platform-operator] [0d25b394] 17:06:05.403 [ReconcilerExecutor-hivemq-controller-116] DEBUG c.h.p.o.h.HiveMQPlatformReconcilerErrorHandler - [helmdata] Pod 'test-hivemq-platform-0' phase Running
2025-01-27 17:06:05,405 INFO c.h.h.t.HelmChartContainer - [hivemq-test-hivemq-platform] [hivemq-platform-operator] [0d25b394] 17:06:05.404 [ReconcilerExecutor-hivemq-controller-116] INFO  c.h.p.o.h.HiveMQPlatformReconcilerBaseHandler - [helmdata] HiveMQ Platform started successfully
2025-01-27 17:06:05,537 INFO c.h.h.t.HelmChartContainer - [hivemq-test-hivemq-platform] [hivemq-platform-operator] [0d25b394] 17:06:05.536 [ReconcilerExecutor-hivemq-controller-116] DEBUG c.h.p.operator.event.EventSender - [helmdata] Creating K8s event hivemq-platform-ready: [Ready] HiveMQ Platform is ready
2025-01-27 17:06:05,541 INFO c.h.h.t.HelmChartContainer - [EVENT] Normal [Ready] HiveMQ Platform is ready [helmdatahubit:test-hivemq-platform]
2025-01-27 17:06:05,542 INFO c.h.h.t.HelmChartContainer - [hivemq-test-hivemq-platform] [hivemq-platform-operator] [0d25b394] 17:06:05.541 [ReconcilerExecutor-hivemq-controller-116] INFO  c.h.p.o.h.AbstractHiveMQReconcilerStateHandler - [helmdata] Update HiveMQ Platform Status (STARTING [READY] -> RUNNING [READY]): HiveMQ Platform is ready
2025-01-27 17:06:05,550 DEBUG com.hivemq.helmcharts.util.K8sUtil - Comparing actual state 'RUNNING' and waiting for 'RUNNING'
2025-01-27 17:06:07,522 INFO c.h.h.t.HelmChartContainer - Uninstalling release 'test-hivemq-platform' in namespace 'helmdatahubit'...
2025-01-27 17:06:07,522 DEBUG c.h.h.t.HelmChartContainer - Executing helm command: /bin/helm --kubeconfig /etc/rancher/k3s/k3s.yaml uninstall test-hivemq-platform  --wait --timeout 5m0s --cascade foreground --namespace helmdatahubit
2025-01-27 17:06:07,719 INFO c.h.h.t.HelmChartContainer - [hivemq-test-hivemq-platform] [hivemq-platform-operator] [0d25b394] 17:06:07.709 [pool-6-thread-24] DEBUG c.h.p.o.d.PlatformServiceResource - [helmdata] Desired Platform services (3 services)
2025-01-27 17:06:07,720 INFO c.h.h.t.HelmChartContainer - [hivemq-test-hivemq-platform] [hivemq-platform-operator] [0d25b394] 17:06:07.710 [pool-6-thread-23] DEBUG c.h.p.o.dependants.PodInfoConfigMap - [helmdata] Desired PodInfo ConfigMap (1 extensions) (1 enabled)
2025-01-27 17:06:07,720 INFO c.h.h.t.HelmChartContainer - [hivemq-test-hivemq-platform] [hivemq-platform-operator] [0d25b394] 17:06:07.710 [pool-6-thread-23] DEBUG c.h.p.o.dependants.PodInfoConfigMap - [helmdata] Desired PodInfo ConfigMap (metrics port: 9399) (metrics path: /)
2025-01-27 17:06:07,720 INFO c.h.h.t.HelmChartContainer - [hivemq-test-hivemq-platform] [hivemq-platform-operator] [0d25b394] 17:06:07.710 [pool-6-thread-23] DEBUG c.h.p.o.dependants.PodInfoConfigMap - [helmdata] Desired PodInfo ConfigMap (extension state hash: -1817474005)
2025-01-27 17:06:07,720 INFO c.h.h.t.HelmChartContainer - [hivemq-test-hivemq-platform] [hivemq-platform-operator] [0d25b394] 17:06:07.711 [pool-6-thread-23] DEBUG c.h.p.o.dependants.PodInfoConfigMap - [helmdata] Update PodInfo ConfigMap
2025-01-27 17:06:07,725 INFO c.h.h.t.HelmChartContainer - [hivemq-test-hivemq-platform] [hivemq-platform-operator] [0d25b394] 17:06:07.719 [pool-6-thread-25] DEBUG c.h.p.o.d.PodServiceAccountResource - [helmdata] Desired PodServiceAccountResource (serviceAccountName: hivemq-platform-pod-test-hivemq-platform)
2025-01-27 17:06:07,800 INFO c.h.h.t.HelmChartContainer - [hivemq-test-hivemq-platform] [hivemq-platform-operator] [0d25b394] 17:06:07.799 [pool-6-thread-23] DEBUG c.h.p.o.d.StatefulSetResource - [helmdata] Desired StatefulSet (1 replicas) for status RUNNING (READY)
2025-01-27 17:06:07,900 INFO c.h.h.t.HelmChartContainer - [hivemq-test-hivemq-platform] [hivemq-platform-operator] [0d25b394] 17:06:07.897 [pool-6-thread-23] DEBUG c.h.p.o.d.StatefulSetResource - [helmdata] Update StatefulSet (replicas: 1 -> 1)
2025-01-27 17:06:07,901 INFO c.h.h.t.HelmChartContainer - [hivemq-test-hivemq-platform] [hivemq-platform-operator] [0d25b394] 17:06:07.897 [pool-6-thread-23] DEBUG c.h.p.o.d.StatefulSetResource - [helmdata] Detected change in StatefulSet specification (path: /template/metadata/annotations/kubernetes-resource-versions) (actual value: {broker-configuration-v2=606311128}) (target value: {broker-configuration-v2=0})
2025-01-27 17:06:07,901 INFO c.h.h.t.HelmChartContainer - [hivemq-test-hivemq-platform] [hivemq-platform-operator] [0d25b394] 17:06:07.898 [pool-6-thread-23] INFO  c.h.p.o.d.StatefulSetResource - [helmdata] StatefulSet spec was updated, triggering rolling restart
2025-01-27 17:06:07,934 INFO c.h.h.t.HelmChartContainer - [hivemq-test-hivemq-platform] [hivemq-platform-operator] [0d25b394] 17:06:07.932 [ReconcilerExecutor-hivemq-controller-117] INFO  c.h.p.o.HiveMQPlatformReconciler - [helmdata] Reconciling HiveMQ Platform 'test-hivemq-platform' in namespace 'helmdatahubit'
2025-01-27 17:06:07,935 INFO c.h.h.t.HelmChartContainer - [hivemq-test-hivemq-platform] [hivemq-platform-operator] [0d25b394] 17:06:07.933 [ReconcilerExecutor-hivemq-controller-117] DEBUG c.h.p.o.HiveMQPlatformReconciler - [helmdata] Custom Resource Status RUNNING - HiveMQ Platform is ready (READY) (reconciliation requests: REQUESTS_UPDATED, ROLLING_RESTART)
2025-01-27 17:06:07,935 INFO c.h.h.t.HelmChartContainer - [hivemq-test-hivemq-platform] [hivemq-platform-operator] [0d25b394] 17:06:07.933 [ReconcilerExecutor-hivemq-controller-117] DEBUG c.h.p.o.HiveMQPlatformReconciler - [helmdata] Custom Resource Spec (replicas: 1) (extensions: 1)
2025-01-27 17:06:07,936 INFO c.h.h.t.HelmChartContainer - [hivemq-test-hivemq-platform] [hivemq-platform-operator] [0d25b394] 17:06:07.934 [ReconcilerExecutor-hivemq-controller-117] WARN  c.h.p.o.h.HiveMQPlatformReconcilerErrorHandler - [helmdata] Could not find ConfigMap 'hivemq-configuration-test-hivemq-platform' for HiveMQ Platform configuration
2025-01-27 17:06:08,007 INFO c.h.h.t.HelmChartContainer - [hivemq-test-hivemq-platform] [hivemq-platform-operator] [0d25b394] 17:06:08.006 [ReconcilerExecutor-hivemq-controller-117] DEBUG c.h.p.operator.event.EventSender - [helmdata] Creating K8s event hivemq-platform-invalid-configuration: [Start] Could not find ConfigMap 'hivemq-configuration-test-hivemq-platform' for HiveMQ Platform configuration
2025-01-27 17:06:08,012 INFO c.h.h.t.HelmChartContainer - [EVENT] Warning [Start] Could not find ConfigMap 'hivemq-configuration-test-hivemq-platform' for HiveMQ Platform configuration [helmdatahubit:test-hivemq-platform]
2025-01-27 17:06:08,033 INFO c.h.h.t.HelmChartContainer - [hivemq-test-hivemq-platform] [hivemq-platform-operator] [0d25b394] 17:06:08.032 [ReconcilerExecutor-hivemq-controller-117] INFO  c.h.p.o.h.AbstractHiveMQReconcilerStateHandler - [helmdata] Update HiveMQ Platform Status (RUNNING [READY] -> ERROR [INVALID_CONFIG_MAP]): Could not find ConfigMap 'hivemq-configuration-test-hivemq-platform' for HiveMQ Platform configuration (reconciliation requests: ROLLING_RESTART)
2025-01-27 17:06:08,106 INFO c.h.h.t.HelmChartContainer - [hivemq-test-hivemq-platform] [hivemq-platform-operator] [0d25b394] 17:06:08.101 [ReconcilerExecutor-hivemq-controller-117] ERROR i.j.o.p.event.EventProcessor - Error during event processing ExecutionScope{ resource id: ResourceID{name='test-hivemq-platform', namespace='helmdatahubit'}, version: 605}
2025-01-27 17:06:08,106 INFO c.h.h.t.HelmChartContainer - [hivemq-test-hivemq-platform] [hivemq-platform-operator] [0d25b394] io.fabric8.kubernetes.client.KubernetesClientException: Failure executing: PUT at: https://10.43.0.1:443/apis/hivemq.com/v1/namespaces/helmdatahubit/hivemq-platforms/test-hivemq-platform/status. Message: Operation cannot be fulfilled on hivemq-platforms.hivemq.com "test-hivemq-platform": the object has been modified; please apply your changes to the latest version and try again. Received status: Status(apiVersion=v1, code=409, details=StatusDetails(causes=[], group=hivemq.com, kind=hivemq-platforms, name=test-hivemq-platform, retryAfterSeconds=null, uid=null, additionalProperties={}), kind=Status, message=Operation cannot be fulfilled on hivemq-platforms.hivemq.com "test-hivemq-platform": the object has been modified; please apply your changes to the latest version and try again, metadata=ListMeta(_continue=null, remainingItemCount=null, resourceVersion=null, selfLink=null, additionalProperties={}), reason=Conflict, status=Failure, additionalProperties={}).
2025-01-27 17:06:08,106 INFO c.h.h.t.HelmChartContainer - [hivemq-test-hivemq-platform] [hivemq-platform-operator] [0d25b394] 	at io.fabric8.kubernetes.client.KubernetesClientException.copyAsCause(KubernetesClientException.java:238)
2025-01-27 17:06:08,106 INFO c.h.h.t.HelmChartContainer - [hivemq-test-hivemq-platform] [hivemq-platform-operator] [0d25b394] 	at io.fabric8.kubernetes.client.dsl.internal.OperationSupport.waitForResult(OperationSupport.java:507)
2025-01-27 17:06:08,106 INFO c.h.h.t.HelmChartContainer - [hivemq-test-hivemq-platform] [hivemq-platform-operator] [0d25b394] 	at io.fabric8.kubernetes.client.dsl.internal.OperationSupport.handleResponse(OperationSupport.java:524)
2025-01-27 17:06:08,106 INFO c.h.h.t.HelmChartContainer - [hivemq-test-hivemq-platform] [hivemq-platform-operator] [0d25b394] 	at io.fabric8.kubernetes.client.dsl.internal.OperationSupport.handleUpdate(OperationSupport.java:358)
2025-01-27 17:06:08,106 INFO c.h.h.t.HelmChartContainer - [hivemq-test-hivemq-platform] [hivemq-platform-operator] [0d25b394] 	at io.fabric8.kubernetes.client.dsl.internal.BaseOperation.handleUpdate(BaseOperation.java:759)
2025-01-27 17:06:08,106 INFO c.h.h.t.HelmChartContainer - [hivemq-test-hivemq-platform] [hivemq-platform-operator] [0d25b394] 	at io.fabric8.kubernetes.client.dsl.internal.HasMetadataOperation.update(HasMetadataOperation.java:138)
2025-01-27 17:06:08,106 INFO c.h.h.t.HelmChartContainer - [hivemq-test-hivemq-platform] [hivemq-platform-operator] [0d25b394] 	at io.fabric8.kubernetes.client.dsl.internal.HasMetadataOperation.update(HasMetadataOperation.java:121)
2025-01-27 17:06:08,106 INFO c.h.h.t.HelmChartContainer - [hivemq-test-hivemq-platform] [hivemq-platform-operator] [0d25b394] 	at io.fabric8.kubernetes.client.dsl.internal.HasMetadataOperation.updateStatus(HasMetadataOperation.java:126)
2025-01-27 17:06:08,106 INFO c.h.h.t.HelmChartContainer - [hivemq-test-hivemq-platform] [hivemq-platform-operator] [0d25b394] 	at io.fabric8.kubernetes.client.dsl.internal.HasMetadataOperation.updateStatus(HasMetadataOperation.java:44)
2025-01-27 17:06:08,106 INFO c.h.h.t.HelmChartContainer - [hivemq-test-hivemq-platform] [hivemq-platform-operator] [0d25b394] 	at io.javaoperatorsdk.operator.processing.event.ReconciliationDispatcher$CustomResourceFacade.updateStatus(ReconciliationDispatcher.java:408)
2025-01-27 17:06:08,106 INFO c.h.h.t.HelmChartContainer - [hivemq-test-hivemq-platform] [hivemq-platform-operator] [0d25b394] 	at io.javaoperatorsdk.operator.processing.event.ReconciliationDispatcher.updateStatusGenerationAware(ReconciliationDispatcher.java:228)
2025-01-27 17:06:08,106 INFO c.h.h.t.HelmChartContainer - [hivemq-test-hivemq-platform] [hivemq-platform-operator] [0d25b394] 	at io.javaoperatorsdk.operator.processing.event.ReconciliationDispatcher.reconcileExecution(ReconciliationDispatcher.java:150)
2025-01-27 17:06:08,106 INFO c.h.h.t.HelmChartContainer - [hivemq-test-hivemq-platform] [hivemq-platform-operator] [0d25b394] 	at io.javaoperatorsdk.operator.processing.event.ReconciliationDispatcher.handleReconcile(ReconciliationDispatcher.java:117)
2025-01-27 17:06:08,106 INFO c.h.h.t.HelmChartContainer - [hivemq-test-hivemq-platform] [hivemq-platform-operator] [0d25b394] 	at io.javaoperatorsdk.operator.processing.event.ReconciliationDispatcher.handleDispatch(ReconciliationDispatcher.java:91)
2025-01-27 17:06:08,106 INFO c.h.h.t.HelmChartContainer - [hivemq-test-hivemq-platform] [hivemq-platform-operator] [0d25b394] 	at io.javaoperatorsdk.operator.processing.event.ReconciliationDispatcher.handleExecution(ReconciliationDispatcher.java:64)
2025-01-27 17:06:08,106 INFO c.h.h.t.HelmChartContainer - [hivemq-test-hivemq-platform] [hivemq-platform-operator] [0d25b394] 	at io.javaoperatorsdk.operator.processing.event.EventProcessor$ReconcilerExecutor.run(EventProcessor.java:452)
2025-01-27 17:06:08,106 INFO c.h.h.t.HelmChartContainer - [hivemq-test-hivemq-platform] [hivemq-platform-operator] [0d25b394] 	at java.base/java.util.concurrent.ThreadPoolExecutor.runWorker(Unknown Source)
2025-01-27 17:06:08,106 INFO c.h.h.t.HelmChartContainer - [hivemq-test-hivemq-platform] [hivemq-platform-operator] [0d25b394] 	at java.base/java.util.concurrent.ThreadPoolExecutor$Worker.run(Unknown Source)
2025-01-27 17:06:08,106 INFO c.h.h.t.HelmChartContainer - [hivemq-test-hivemq-platform] [hivemq-platform-operator] [0d25b394] 	at java.base/java.lang.Thread.run(Unknown Source)
2025-01-27 17:06:08,106 INFO c.h.h.t.HelmChartContainer - [hivemq-test-hivemq-platform] [hivemq-platform-operator] [0d25b394] Caused by: io.fabric8.kubernetes.client.KubernetesClientException: Failure executing: PUT at: https://10.43.0.1:443/apis/hivemq.com/v1/namespaces/helmdatahubit/hivemq-platforms/test-hivemq-platform/status. Message: Operation cannot be fulfilled on hivemq-platforms.hivemq.com "test-hivemq-platform": the object has been modified; please apply your changes to the latest version and try again. Received status: Status(apiVersion=v1, code=409, details=StatusDetails(causes=[], group=hivemq.com, kind=hivemq-platforms, name=test-hivemq-platform, retryAfterSeconds=null, uid=null, additionalProperties={}), kind=Status, message=Operation cannot be fulfilled on hivemq-platforms.hivemq.com "test-hivemq-platform": the object has been modified; please apply your changes to the latest version and try again, metadata=ListMeta(_continue=null, remainingItemCount=null, resourceVersion=null, selfLink=null, additionalProperties={}), reason=Conflict, status=Failure, additionalProperties={}).
2025-01-27 17:06:08,106 INFO c.h.h.t.HelmChartContainer - [hivemq-test-hivemq-platform] [hivemq-platform-operator] [0d25b394] 	at io.fabric8.kubernetes.client.dsl.internal.OperationSupport.requestFailure(OperationSupport.java:660)
2025-01-27 17:06:08,106 INFO c.h.h.t.HelmChartContainer - [hivemq-test-hivemq-platform] [hivemq-platform-operator] [0d25b394] 	at io.fabric8.kubernetes.client.dsl.internal.OperationSupport.requestFailure(OperationSupport.java:640)
2025-01-27 17:06:08,106 INFO c.h.h.t.HelmChartContainer - [hivemq-test-hivemq-platform] [hivemq-platform-operator] [0d25b394] 	at io.fabric8.kubernetes.client.dsl.internal.OperationSupport.assertResponseCode(OperationSupport.java:589)
2025-01-27 17:06:08,106 INFO c.h.h.t.HelmChartContainer - [hivemq-test-hivemq-platform] [hivemq-platform-operator] [0d25b394] 	at io.fabric8.kubernetes.client.dsl.internal.OperationSupport.lambda$handleResponse$0(OperationSupport.java:549)
2025-01-27 17:06:08,106 INFO c.h.h.t.HelmChartContainer - [hivemq-test-hivemq-platform] [hivemq-platform-operator] [0d25b394] 	at java.base/java.util.concurrent.CompletableFuture$UniApply.tryFire(Unknown Source)
2025-01-27 17:06:08,106 INFO c.h.h.t.HelmChartContainer - [hivemq-test-hivemq-platform] [hivemq-platform-operator] [0d25b394] 	at java.base/java.util.concurrent.CompletableFuture.postComplete(Unknown Source)
2025-01-27 17:06:08,106 INFO c.h.h.t.HelmChartContainer - [hivemq-test-hivemq-platform] [hivemq-platform-operator] [0d25b394] 	at java.base/java.util.concurrent.CompletableFuture.complete(Unknown Source)
2025-01-27 17:06:08,106 INFO c.h.h.t.HelmChartContainer - [hivemq-test-hivemq-platform] [hivemq-platform-operator] [0d25b394] 	at io.fabric8.kubernetes.client.http.StandardHttpClient.lambda$completeOrCancel$10(StandardHttpClient.java:141)
2025-01-27 17:06:08,106 INFO c.h.h.t.HelmChartContainer - [hivemq-test-hivemq-platform] [hivemq-platform-operator] [0d25b394] 	at java.base/java.util.concurrent.CompletableFuture.uniWhenComplete(Unknown Source)
2025-01-27 17:06:08,106 INFO c.h.h.t.HelmChartContainer - [hivemq-test-hivemq-platform] [hivemq-platform-operator] [0d25b394] 	at java.base/java.util.concurrent.CompletableFuture$UniWhenComplete.tryFire(Unknown Source)
2025-01-27 17:06:08,106 INFO c.h.h.t.HelmChartContainer - [hivemq-test-hivemq-platform] [hivemq-platform-operator] [0d25b394] 	at java.base/java.util.concurrent.CompletableFuture.postComplete(Unknown Source)
2025-01-27 17:06:08,106 INFO c.h.h.t.HelmChartContainer - [hivemq-test-hivemq-platform] [hivemq-platform-operator] [0d25b394] 	at java.base/java.util.concurrent.CompletableFuture.complete(Unknown Source)
2025-01-27 17:06:08,107 INFO c.h.h.t.HelmChartContainer - [hivemq-test-hivemq-platform] [hivemq-platform-operator] [0d25b394] 	at io.fabric8.kubernetes.client.http.ByteArrayBodyHandler.onBodyDone(ByteArrayBodyHandler.java:51)
2025-01-27 17:06:08,107 INFO c.h.h.t.HelmChartContainer - [hivemq-test-hivemq-platform] [hivemq-platform-operator] [0d25b394] 	at java.base/java.util.concurrent.CompletableFuture.uniWhenComplete(Unknown Source)
2025-01-27 17:06:08,107 INFO c.h.h.t.HelmChartContainer - [hivemq-test-hivemq-platform] [hivemq-platform-operator] [0d25b394] 	at java.base/java.util.concurrent.CompletableFuture$UniWhenComplete.tryFire(Unknown Source)
2025-01-27 17:06:08,107 INFO c.h.h.t.HelmChartContainer - [hivemq-test-hivemq-platform] [hivemq-platform-operator] [0d25b394] 	at java.base/java.util.concurrent.CompletableFuture.postComplete(Unknown Source)
2025-01-27 17:06:08,107 INFO c.h.h.t.HelmChartContainer - [hivemq-test-hivemq-platform] [hivemq-platform-operator] [0d25b394] 	at java.base/java.util.concurrent.CompletableFuture.complete(Unknown Source)
2025-01-27 17:06:08,107 INFO c.h.h.t.HelmChartContainer - [hivemq-test-hivemq-platform] [hivemq-platform-operator] [0d25b394] 	at io.fabric8.kubernetes.client.vertx.VertxHttpRequest.lambda$null$1(VertxHttpRequest.java:121)
2025-01-27 17:06:08,107 INFO c.h.h.t.HelmChartContainer - [hivemq-test-hivemq-platform] [hivemq-platform-operator] [0d25b394] 	at io.vertx.core.impl.ContextInternal.dispatch(ContextInternal.java:279)
2025-01-27 17:06:08,107 INFO c.h.h.t.HelmChartContainer - [hivemq-test-hivemq-platform] [hivemq-platform-operator] [0d25b394] 	at io.vertx.core.impl.ContextInternal.dispatch(ContextInternal.java:261)
2025-01-27 17:06:08,107 INFO c.h.h.t.HelmChartContainer - [hivemq-test-hivemq-platform] [hivemq-platform-operator] [0d25b394] 	at io.vertx.core.http.impl.HttpEventHandler.handleEnd(HttpEventHandler.java:76)
2025-01-27 17:06:08,107 INFO c.h.h.t.HelmChartContainer - [hivemq-test-hivemq-platform] [hivemq-platform-operator] [0d25b394] 	at io.vertx.core.http.impl.HttpClientResponseImpl.handleEnd(HttpClientResponseImpl.java:250)
2025-01-27 17:06:08,107 INFO c.h.h.t.HelmChartContainer - [hivemq-test-hivemq-platform] [hivemq-platform-operator] [0d25b394] 	at io.vertx.core.http.impl.Http1xClientConnection$StreamImpl.lambda$new$0(Http1xClientConnection.java:421)
2025-01-27 17:06:08,107 INFO c.h.h.t.HelmChartContainer - [hivemq-test-hivemq-platform] [hivemq-platform-operator] [0d25b394] 	at io.vertx.core.streams.impl.InboundBuffer.handleEvent(InboundBuffer.java:279)
2025-01-27 17:06:08,107 INFO c.h.h.t.HelmChartContainer - [hivemq-test-hivemq-platform] [hivemq-platform-operator] [0d25b394] 	at io.vertx.core.streams.impl.InboundBuffer.write(InboundBuffer.java:157)
2025-01-27 17:06:08,107 INFO c.h.h.t.HelmChartContainer - [hivemq-test-hivemq-platform] [hivemq-platform-operator] [0d25b394] 	at io.vertx.core.http.impl.Http1xClientConnection$StreamImpl.handleEnd(Http1xClientConnection.java:709)
2025-01-27 17:06:08,107 INFO c.h.h.t.HelmChartContainer - [hivemq-test-hivemq-platform] [hivemq-platform-operator] [0d25b394] 	at io.vertx.core.impl.ContextImpl.execute(ContextImpl.java:313)
2025-01-27 17:06:08,107 INFO c.h.h.t.HelmChartContainer - [hivemq-test-hivemq-platform] [hivemq-platform-operator] [0d25b394] 	at io.vertx.core.impl.ContextImpl.execute(ContextImpl.java:293)
2025-01-27 17:06:08,107 INFO c.h.h.t.HelmChartContainer - [hivemq-test-hivemq-platform] [hivemq-platform-operator] [0d25b394] 	at io.vertx.core.http.impl.Http1xClientConnection.handleResponseEnd(Http1xClientConnection.java:940)
2025-01-27 17:06:08,107 INFO c.h.h.t.HelmChartContainer - [hivemq-test-hivemq-platform] [hivemq-platform-operator] [0d25b394] 	at io.vertx.core.http.impl.Http1xClientConnection.handleHttpMessage(Http1xClientConnection.java:810)
2025-01-27 17:06:08,107 INFO c.h.h.t.HelmChartContainer - [hivemq-test-hivemq-platform] [hivemq-platform-operator] [0d25b394] 	at io.vertx.core.http.impl.Http1xClientConnection.handleMessage(Http1xClientConnection.java:774)
2025-01-27 17:06:08,107 INFO c.h.h.t.HelmChartContainer - [hivemq-test-hivemq-platform] [hivemq-platform-operator] [0d25b394] 	at io.vertx.core.net.impl.ConnectionBase.read(ConnectionBase.java:159)
2025-01-27 17:06:08,107 INFO c.h.h.t.HelmChartContainer - [hivemq-test-hivemq-platform] [hivemq-platform-operator] [0d25b394] 	at io.vertx.core.net.impl.VertxHandler.channelRead(VertxHandler.java:153)
2025-01-27 17:06:08,107 INFO c.h.h.t.HelmChartContainer - [hivemq-test-hivemq-platform] [hivemq-platform-operator] [0d25b394] 	at io.netty.channel.AbstractChannelHandlerContext.invokeChannelRead(AbstractChannelHandlerContext.java:442)
2025-01-27 17:06:08,107 INFO c.h.h.t.HelmChartContainer - [hivemq-test-hivemq-platform] [hivemq-platform-operator] [0d25b394] 	at io.netty.channel.AbstractChannelHandlerContext.invokeChannelRead(AbstractChannelHandlerContext.java:420)
2025-01-27 17:06:08,107 INFO c.h.h.t.HelmChartContainer - [hivemq-test-hivemq-platform] [hivemq-platform-operator] [0d25b394] 	at io.netty.channel.AbstractChannelHandlerContext.fireChannelRead(AbstractChannelHandlerContext.java:412)
2025-01-27 17:06:08,107 INFO c.h.h.t.HelmChartContainer - [hivemq-test-hivemq-platform] [hivemq-platform-operator] [0d25b394] 	at io.netty.channel.CombinedChannelDuplexHandler$DelegatingChannelHandlerContext.fireChannelRead(CombinedChannelDuplexHandler.java:436)
2025-01-27 17:06:08,107 INFO c.h.h.t.HelmChartContainer - [hivemq-test-hivemq-platform] [hivemq-platform-operator] [0d25b394] 	at io.netty.handler.codec.ByteToMessageDecoder.fireChannelRead(ByteToMessageDecoder.java:346)
2025-01-27 17:06:08,107 INFO c.h.h.t.HelmChartContainer - [hivemq-test-hivemq-platform] [hivemq-platform-operator] [0d25b394] 	at io.netty.handler.codec.ByteToMessageDecoder.channelRead(ByteToMessageDecoder.java:318)
2025-01-27 17:06:08,107 INFO c.h.h.t.HelmChartContainer - [hivemq-test-hivemq-platform] [hivemq-platform-operator] [0d25b394] 	at io.netty.channel.CombinedChannelDuplexHandler.channelRead(CombinedChannelDuplexHandler.java:251)
2025-01-27 17:06:08,107 INFO c.h.h.t.HelmChartContainer - [hivemq-test-hivemq-platform] [hivemq-platform-operator] [0d25b394] 	at io.netty.channel.AbstractChannelHandlerContext.invokeChannelRead(AbstractChannelHandlerContext.java:442)
2025-01-27 17:06:08,107 INFO c.h.h.t.HelmChartContainer - [hivemq-test-hivemq-platform] [hivemq-platform-operator] [0d25b394] 	at io.netty.channel.AbstractChannelHandlerContext.invokeChannelRead(AbstractChannelHandlerContext.java:420)
2025-01-27 17:06:08,115 INFO c.h.h.t.HelmChartContainer - [hivemq-test-hivemq-platform] [hivemq-platform-operator] [0d25b394] 	at io.netty.channel.AbstractChannelHandlerContext.fireChannelRead(AbstractChannelHandlerContext.java:412)
2025-01-27 17:06:08,115 INFO c.h.h.t.HelmChartContainer - [hivemq-test-hivemq-platform] [hivemq-platform-operator] [0d25b394] 	at io.netty.handler.ssl.SslHandler.unwrap(SslHandler.java:1475)
2025-01-27 17:06:08,115 INFO c.h.h.t.HelmChartContainer - [hivemq-test-hivemq-platform] [hivemq-platform-operator] [0d25b394] 	at io.netty.handler.ssl.SslHandler.decodeJdkCompatible(SslHandler.java:1338)
2025-01-27 17:06:08,115 INFO c.h.h.t.HelmChartContainer - [hivemq-test-hivemq-platform] [hivemq-platform-operator] [0d25b394] 	at io.netty.handler.ssl.SslHandler.decode(SslHandler.java:1387)
2025-01-27 17:06:08,115 INFO c.h.h.t.HelmChartContainer - [hivemq-test-hivemq-platform] [hivemq-platform-operator] [0d25b394] 	at io.netty.handler.codec.ByteToMessageDecoder.decodeRemovalReentryProtection(ByteToMessageDecoder.java:530)
2025-01-27 17:06:08,115 INFO c.h.h.t.HelmChartContainer - [hivemq-test-hivemq-platform] [hivemq-platform-operator] [0d25b394] 	at io.netty.handler.codec.ByteToMessageDecoder.callDecode(ByteToMessageDecoder.java:469)
2025-01-27 17:06:08,115 INFO c.h.h.t.HelmChartContainer - [hivemq-test-hivemq-platform] [hivemq-platform-operator] [0d25b394] 	at io.netty.handler.codec.ByteToMessageDecoder.channelRead(ByteToMessageDecoder.java:290)
2025-01-27 17:06:08,115 INFO c.h.h.t.HelmChartContainer - [hivemq-test-hivemq-platform] [hivemq-platform-operator] [0d25b394] 	at io.netty.channel.AbstractChannelHandlerContext.invokeChannelRead(AbstractChannelHandlerContext.java:444)
2025-01-27 17:06:08,115 INFO c.h.h.t.HelmChartContainer - [hivemq-test-hivemq-platform] [hivemq-platform-operator] [0d25b394] 	at io.netty.channel.AbstractChannelHandlerContext.invokeChannelRead(AbstractChannelHandlerContext.java:420)
2025-01-27 17:06:08,115 INFO c.h.h.t.HelmChartContainer - [hivemq-test-hivemq-platform] [hivemq-platform-operator] [0d25b394] 	at io.netty.channel.AbstractChannelHandlerContext.fireChannelRead(AbstractChannelHandlerContext.java:412)
2025-01-27 17:06:08,115 INFO c.h.h.t.HelmChartContainer - [hivemq-test-hivemq-platform] [hivemq-platform-operator] [0d25b394] 	at io.netty.channel.DefaultChannelPipeline$HeadContext.channelRead(DefaultChannelPipeline.java:1407)
2025-01-27 17:06:08,115 INFO c.h.h.t.HelmChartContainer - [hivemq-test-hivemq-platform] [hivemq-platform-operator] [0d25b394] 	at io.netty.channel.AbstractChannelHandlerContext.invokeChannelRead(AbstractChannelHandlerContext.java:440)
2025-01-27 17:06:08,115 INFO c.h.h.t.HelmChartContainer - [hivemq-test-hivemq-platform] [hivemq-platform-operator] [0d25b394] 	at io.netty.channel.AbstractChannelHandlerContext.invokeChannelRead(AbstractChannelHandlerContext.java:420)
2025-01-27 17:06:08,115 INFO c.h.h.t.HelmChartContainer - [hivemq-test-hivemq-platform] [hivemq-platform-operator] [0d25b394] 	at io.netty.channel.DefaultChannelPipeline.fireChannelRead(DefaultChannelPipeline.java:918)
2025-01-27 17:06:08,115 INFO c.h.h.t.HelmChartContainer - [hivemq-test-hivemq-platform] [hivemq-platform-operator] [0d25b394] 	at io.netty.channel.nio.AbstractNioByteChannel$NioByteUnsafe.read(AbstractNioByteChannel.java:166)
2025-01-27 17:06:08,115 INFO c.h.h.t.HelmChartContainer - [hivemq-test-hivemq-platform] [hivemq-platform-operator] [0d25b394] 	at io.netty.channel.nio.NioEventLoop.processSelectedKey(NioEventLoop.java:788)
2025-01-27 17:06:08,115 INFO c.h.h.t.HelmChartContainer - [hivemq-test-hivemq-platform] [hivemq-platform-operator] [0d25b394] 	at io.netty.channel.nio.NioEventLoop.processSelectedKeysOptimized(NioEventLoop.java:724)
2025-01-27 17:06:08,116 INFO c.h.h.t.HelmChartContainer - [hivemq-test-hivemq-platform] [hivemq-platform-operator] [0d25b394] 	at io.netty.channel.nio.NioEventLoop.processSelectedKeys(NioEventLoop.java:650)
2025-01-27 17:06:08,116 INFO c.h.h.t.HelmChartContainer - [hivemq-test-hivemq-platform] [hivemq-platform-operator] [0d25b394] 	at io.netty.channel.nio.NioEventLoop.run(NioEventLoop.java:562)
2025-01-27 17:06:08,116 INFO c.h.h.t.HelmChartContainer - [hivemq-test-hivemq-platform] [hivemq-platform-operator] [0d25b394] 	at io.netty.util.concurrent.SingleThreadEventExecutor$4.run(SingleThreadEventExecutor.java:997)
2025-01-27 17:06:08,116 INFO c.h.h.t.HelmChartContainer - [hivemq-test-hivemq-platform] [hivemq-platform-operator] [0d25b394] 	at io.netty.util.internal.ThreadExecutorMap$2.run(ThreadExecutorMap.java:74)
2025-01-27 17:06:08,116 INFO c.h.h.t.HelmChartContainer - [hivemq-test-hivemq-platform] [hivemq-platform-operator] [0d25b394] 	at io.netty.util.concurrent.FastThreadLocalRunnable.run(FastThreadLocalRunnable.java:30)
2025-01-27 17:06:08,116 INFO c.h.h.t.HelmChartContainer - [hivemq-test-hivemq-platform] [hivemq-platform-operator] [0d25b394] 	... 1 common frames omitted
2025-01-27 17:06:08,116 INFO c.h.h.t.HelmChartContainer - [hivemq-test-hivemq-platform] [hivemq-platform-operator] [0d25b394] 17:06:08.113 [ReconcilerExecutor-hivemq-controller-121] INFO  c.h.p.o.HiveMQPlatformReconciler - [helmdata] Cleanup test-hivemq-platform - helmdatahubit HiveMQ Platform is shut down
2025-01-27 17:06:08,321 INFO c.h.h.t.HelmChartContainer - [EVENT] Normal [Killing] Stopping container hivemq [helmdatahubit:test-hivemq-platform-0]
2025-01-27 17:06:08,321 INFO c.h.h.t.HelmChartContainer - Received Killing event for container hivemq in pod test-hivemq-platform-0 [a626ad47-0308-4b52-a871-9db3946ddf20]
2025-01-27 17:06:08,321 INFO c.h.h.t.HelmChartContainer - Container [test-hivemq-platform-0] [hivemq] [a626ad47-0308-4b52-a871-9db3946ddf20] was terminated
2025-01-27 17:06:08,321 INFO c.h.h.t.HelmChartContainer - Stopped log watcher for hivemq in pod test-hivemq-platform-0 [a626ad47-0308-4b52-a871-9db3946ddf20]
2025-01-27 17:06:08,322 INFO c.h.h.t.HelmChartContainer - [POD] test-hivemq-platform-0 [a626ad47-0308-4b52-a871-9db3946ddf20] in helmdatahubit was MODIFIED
2025-01-27 17:06:08,340 INFO c.h.h.t.HelmChartContainer - [test-hivemq-platform] [hivemq] [a626ad47] INFO  - [HiveMQ Platform Operator Init App 1.7.0-SNAPSHOT] Shutting down
2025-01-27 17:06:08,341 INFO c.h.h.t.HelmChartContainer - [test-hivemq-platform] [hivemq] [a626ad47] INFO  - [HiveMQ Platform Operator Init App 1.7.0-SNAPSHOT] Stopping the HiveMQ Platform
2025-01-27 17:06:08,404 INFO c.h.h.t.HelmChartContainer - [test-hivemq-platform] [hivemq] [a626ad47] INFO  - Shutting down HiveMQ. Please wait, this could take a while...
2025-01-27 17:06:08,492 INFO c.h.h.t.HelmChartContainer - [test-hivemq-platform] [hivemq] [a626ad47] INFO  - Shutting down listeners and clients
2025-01-27 17:06:08,494 INFO c.h.h.t.HelmChartContainer - [test-hivemq-platform] [hivemq] [a626ad47] INFO  - Shutdown of listeners is done
2025-01-27 17:06:08,494 INFO c.h.h.t.HelmChartContainer - [test-hivemq-platform] [hivemq] [a626ad47] INFO  - No clients are connected, proceeding with shutdown
2025-01-27 17:06:09,768 INFO c.h.h.t.HelmChartContainer - Deleting namespace 'helmdatahubit'...
2025-01-27 17:06:10,203 INFO c.h.h.t.HelmChartContainer - [test-hivemq-platform] [hivemq] [a626ad47] INFO  - [HiveMQ Platform Operator Init App 1.7.0-SNAPSHOT] Returning shutdown Health API response 503 for readiness
2025-01-27 17:06:10,208 INFO c.h.h.t.HelmChartContainer - [EVENT] Warning [Unhealthy] Readiness probe failed: HTTP probe failed with statuscode: 503 [helmdatahubit:test-hivemq-platform-0]
2025-01-27 17:06:10,208 INFO c.h.h.t.HelmChartContainer - Received Unhealthy event for container hivemq in pod test-hivemq-platform-0 [a626ad47-0308-4b52-a871-9db3946ddf20]
2025-01-27 17:06:10,509 INFO c.h.h.t.HelmChartContainer - [K3S] [authentication.go:74] "Unable to authenticate the request" err="[invalid bearer token, serviceaccounts \"hivemq-platform-pod-test-hivemq-platform\" not found]"
2025-01-27 17:06:10,528 INFO c.h.h.t.HelmChartContainer - [K3S] [authentication.go:74] "Unable to authenticate the request" err="[invalid bearer token, serviceaccounts \"hivemq-platform-pod-test-hivemq-platform\" not found]"
2025-01-27 17:06:10,596 INFO c.h.h.t.HelmChartContainer - [test-hivemq-platform] [hivemq] [a626ad47] WARN  - [HiveMQ Platform Operator Init App 1.7.0-SNAPSHOT] Could not update Pod annotations: Failure executing: GET at: https://10.43.0.1:443/api/v1/namespaces/helmdatahubit/pods/test-hivemq-platform-0. Message: Unauthorized. Received status: Status(apiVersion=v1, code=401, details=null, kind=Status, message=Unauthorized, metadata=ListMeta(_continue=null, remainingItemCount=null, resourceVersion=null, selfLink=null, additionalProperties={}), reason=Unauthorized, status=Failure, additionalProperties={}).
2025-01-27 17:06:11,905 INFO c.h.h.t.HelmChartContainer - [test-hivemq-platform] [hivemq] [a626ad47] INFO  - Shutting down extension system
2025-01-27 17:06:11,907 INFO c.h.h.t.HelmChartContainer - [test-hivemq-platform] [hivemq] [a626ad47] INFO  - Stopping extension with id hivemq-dns-cluster-discovery
2025-01-27 17:06:11,908 INFO c.h.h.t.HelmChartContainer - [test-hivemq-platform] [hivemq] [a626ad47] INFO  - Extension "DNS Cluster Discovery Extension" version 4.3.2 stopped successfully.
2025-01-27 17:06:11,908 INFO c.h.h.t.HelmChartContainer - [test-hivemq-platform] [hivemq] [a626ad47] INFO  - Stopping extension with id hivemq-prometheus-extension
2025-01-27 17:06:11,914 INFO c.h.h.t.HelmChartContainer - [test-hivemq-platform] [hivemq] [a626ad47] INFO  - Extension "Prometheus Monitoring Extension" version 4.0.12 stopped successfully.
2025-01-27 17:06:11,914 INFO c.h.h.t.HelmChartContainer - [test-hivemq-platform] [hivemq] [a626ad47] INFO  - Stopping extension with id hivemq-allow-all-extension
2025-01-27 17:06:11,914 INFO c.h.h.t.HelmChartContainer - [test-hivemq-platform] [hivemq] [a626ad47] INFO  - Extension "Allow All Extension" version 1.1.0 stopped successfully.
2025-01-27 17:06:14,199 INFO c.h.h.t.HelmChartContainer - [test-hivemq-platform] [hivemq] [a626ad47] INFO  - Shutdown completed.
2025-01-27 17:06:14,545 INFO c.h.h.t.HelmChartContainer - [test-hivemq-platform] [hivemq] [a626ad47] INFO  - [HiveMQ Platform Operator Init App 1.7.0-SNAPSHOT] The HiveMQ Platform exited with code 143
2025-01-27 17:06:14,545 INFO c.h.h.t.HelmChartContainer - [test-hivemq-platform] [hivemq] [a626ad47] INFO  - [HiveMQ Platform Operator Init App 1.7.0-SNAPSHOT] Stopping the REST API
2025-01-27 17:06:14,552 INFO c.h.h.t.HelmChartContainer - [test-hivemq-platform] [hivemq] [a626ad47] INFO  - [HiveMQ Platform Operator Init App 1.7.0-SNAPSHOT] Shutdown complete
2025-01-27 17:06:14,883 INFO c.h.h.t.HelmChartContainer - [K3S] [stateful_set.go:466] "StatefulSet has been deleted" key="helmdatahubit/test-hivemq-platform"
2025-01-27 17:06:15,061 INFO c.h.h.t.HelmChartContainer - [POD] test-hivemq-platform-0 [a626ad47-0308-4b52-a871-9db3946ddf20] in helmdatahubit was MODIFIED
2025-01-27 17:06:15,175 INFO c.h.h.t.HelmChartContainer - [K3S] [reconciler_common.go:162] "operationExecutor.UnmountVolume started for volume \"operator-init\" (UniqueName: \"kubernetes.io/empty-dir/a626ad47-0308-4b52-a871-9db3946ddf20-operator-init\") pod \"a626ad47-0308-4b52-a871-9db3946ddf20\" (UID: \"a626ad47-0308-4b52-a871-9db3946ddf20\") "
2025-01-27 17:06:15,175 INFO c.h.h.t.HelmChartContainer - [K3S] [reconciler_common.go:162] "operationExecutor.UnmountVolume started for volume \"kube-api-access-c5t7l\" (UniqueName: \"kubernetes.io/projected/a626ad47-0308-4b52-a871-9db3946ddf20-kube-api-access-c5t7l\") pod \"a626ad47-0308-4b52-a871-9db3946ddf20\" (UID: \"a626ad47-0308-4b52-a871-9db3946ddf20\") "
2025-01-27 17:06:15,175 INFO c.h.h.t.HelmChartContainer - [K3S] [reconciler_common.go:162] "operationExecutor.UnmountVolume started for volume \"pod-info\" (UniqueName: \"kubernetes.io/configmap/a626ad47-0308-4b52-a871-9db3946ddf20-pod-info\") pod \"a626ad47-0308-4b52-a871-9db3946ddf20\" (UID: \"a626ad47-0308-4b52-a871-9db3946ddf20\") "
2025-01-27 17:06:15,175 INFO c.h.h.t.HelmChartContainer - [K3S] [reconciler_common.go:162] "operationExecutor.UnmountVolume started for volume \"broker-configuration\" (UniqueName: \"kubernetes.io/configmap/a626ad47-0308-4b52-a871-9db3946ddf20-broker-configuration\") pod \"a626ad47-0308-4b52-a871-9db3946ddf20\" (UID: \"a626ad47-0308-4b52-a871-9db3946ddf20\") "
2025-01-27 17:06:15,275 INFO c.h.h.t.HelmChartContainer - [K3S] [reconciler_common.go:299] "Volume detached for volume \"operator-init\" (UniqueName: \"kubernetes.io/empty-dir/a626ad47-0308-4b52-a871-9db3946ddf20-operator-init\") on node \"20460d4a333c\" DevicePath \"\""
2025-01-27 17:06:15,275 INFO c.h.h.t.HelmChartContainer - [K3S] [reconciler_common.go:299] "Volume detached for volume \"kube-api-access-c5t7l\" (UniqueName: \"kubernetes.io/projected/a626ad47-0308-4b52-a871-9db3946ddf20-kube-api-access-c5t7l\") on node \"20460d4a333c\" DevicePath \"\""
2025-01-27 17:06:15,275 INFO c.h.h.t.HelmChartContainer - [K3S] [reconciler_common.go:299] "Volume detached for volume \"pod-info\" (UniqueName: \"kubernetes.io/configmap/a626ad47-0308-4b52-a871-9db3946ddf20-pod-info\") on node \"20460d4a333c\" DevicePath \"\""
2025-01-27 17:06:15,275 INFO c.h.h.t.HelmChartContainer - [K3S] [reconciler_common.go:299] "Volume detached for volume \"broker-configuration\" (UniqueName: \"kubernetes.io/configmap/a626ad47-0308-4b52-a871-9db3946ddf20-broker-configuration\") on node \"20460d4a333c\" DevicePath \"\""
2025-01-27 17:06:15,487 INFO c.h.h.t.HelmChartContainer - [K3S] [scope.go:117] "RemoveContainer" containerID="62a37a63fa509fce6fdaac6720177ea67f3402c10046e53b2f772c96bff60991"
2025-01-27 17:06:15,508 INFO c.h.h.t.HelmChartContainer - [POD] test-hivemq-platform-0 [a626ad47-0308-4b52-a871-9db3946ddf20] in helmdatahubit was MODIFIED
2025-01-27 17:06:15,509 INFO c.h.h.t.HelmChartContainer - [POD] test-hivemq-platform-0 [a626ad47-0308-4b52-a871-9db3946ddf20] in helmdatahubit was DELETED
2025-01-27 17:06:15,598 INFO c.h.h.t.HelmChartContainer - [K3S] [scope.go:117] "RemoveContainer" containerID="617b2b8679b0e85f7a6675ec9e20076f5ce0adf667c4671ef8e48ca7ed75153c"
2025-01-27 17:06:15,603 INFO c.h.h.t.HelmChartContainer - [K3S] [scope.go:117] "RemoveContainer" containerID="62a37a63fa509fce6fdaac6720177ea67f3402c10046e53b2f772c96bff60991"
2025-01-27 17:06:15,604 INFO c.h.h.t.HelmChartContainer - [K3S] [scope.go:117] "RemoveContainer" containerID="617b2b8679b0e85f7a6675ec9e20076f5ce0adf667c4671ef8e48ca7ed75153c"
2025-01-27 17:06:16,321 INFO c.h.h.t.HelmChartContainer - [K3S] [kubelet_volumes.go:163] "Cleaned up orphaned pod volumes dir" podUID="a626ad47-0308-4b52-a871-9db3946ddf20" path="/var/lib/kubelet/pods/a626ad47-0308-4b52-a871-9db3946ddf20/volumes"
2025-01-27 17:06:20,121 INFO c.h.h.t.HelmChartContainer - Namespace 'helmdatahubit' deleted
2025-01-27 17:06:20,121 INFO c.h.h.t.HelmChartContainer - Release 'test-hivemq-platform' in namespace 'helmdatahubit' is uninstalled
2025-01-27 17:06:20,122 INFO c.h.h.t.HelmChartContainer - Uninstalling release 'test-hivemq-platform-operator' in namespace 'helmdatahubit-operator'...
2025-01-27 17:06:20,122 DEBUG c.h.h.t.HelmChartContainer - Executing helm command: /bin/helm --kubeconfig /etc/rancher/k3s/k3s.yaml uninstall test-hivemq-platform-operator  --wait --timeout 5m0s --cascade foreground --namespace helmdatahubit-operator
2025-01-27 17:06:20,302 INFO c.h.h.t.HelmChartContainer - [K3S] [replica_set.go:679] "Finished syncing" kind="ReplicaSet" key="helmdatahubit-operator/hivemq-test-hivemq-platform-operator-6966f96d65" duration="9.466052ms"
2025-01-27 17:06:20,302 INFO c.h.h.t.HelmChartContainer - [K3S] [replica_set.go:679] "Finished syncing" kind="ReplicaSet" key="helmdatahubit-operator/hivemq-test-hivemq-platform-operator-6966f96d65" duration="37.47µs"
2025-01-27 17:06:20,319 INFO c.h.h.t.HelmChartContainer - [POD] hivemq-test-hivemq-platform-operator-6966f96d65-khl8x [0d25b394-ef5f-4028-8b20-799a09662684] in helmdatahubit-operator was MODIFIED
2025-01-27 17:06:20,324 INFO c.h.h.t.HelmChartContainer - [EVENT] Normal [Killing] Stopping container hivemq-platform-operator [helmdatahubit-operator:hivemq-test-hivemq-platform-operator-6966f96d65-khl8x]
2025-01-27 17:06:20,325 INFO c.h.h.t.HelmChartContainer - Received Killing event for container hivemq-platform-operator in pod hivemq-test-hivemq-platform-operator-6966f96d65-khl8x [0d25b394-ef5f-4028-8b20-799a09662684]
2025-01-27 17:06:20,325 INFO c.h.h.t.HelmChartContainer - Container [hivemq-test-hivemq-platform-operator-6966f96d65-khl8x] [hivemq-platform-operator] [0d25b394-ef5f-4028-8b20-799a09662684] was terminated
2025-01-27 17:06:20,325 INFO c.h.h.t.HelmChartContainer - Stopped log watcher for hivemq-platform-operator in pod hivemq-test-hivemq-platform-operator-6966f96d65-khl8x [0d25b394-ef5f-4028-8b20-799a09662684]
2025-01-27 17:06:20,327 INFO c.h.h.t.HelmChartContainer - [K3S] [replica_set.go:679] "Finished syncing" kind="ReplicaSet" key="helmdatahubit-operator/hivemq-test-hivemq-platform-operator-6966f96d65" duration="13.16224ms"
2025-01-27 17:06:20,330 INFO c.h.h.t.HelmChartContainer - [K3S] [replica_set.go:679] "Finished syncing" kind="ReplicaSet" key="helmdatahubit-operator/hivemq-test-hivemq-platform-operator-6966f96d65" duration="37.159µs"
2025-01-27 17:06:20,339 INFO c.h.h.t.HelmChartContainer - [hivemq-test-hivemq-platform] [hivemq-platform-operator] [0d25b394] 17:06:20.332 [application-shutdown-thread] INFO  c.h.p.o.HiveMQPlatformOperatorApplication - HiveMQ Platform Operator is stopping...
2025-01-27 17:06:20,340 INFO c.h.h.t.HelmChartContainer - [hivemq-test-hivemq-platform] [hivemq-platform-operator] [0d25b394] 17:06:20.333 [application-shutdown-thread] INFO  i.javaoperatorsdk.operator.Operator - Operator SDK 4.9.7 is shutting down...
2025-01-27 17:06:20,974 INFO c.h.h.t.HelmChartContainer - [K3S] [replica_set.go:679] "Finished syncing" kind="ReplicaSet" key="helmdatahubit-operator/hivemq-test-hivemq-platform-operator-6966f96d65" duration="43.311µs"
2025-01-27 17:06:20,975 INFO c.h.h.t.HelmChartContainer - [POD] hivemq-test-hivemq-platform-operator-6966f96d65-khl8x [0d25b394-ef5f-4028-8b20-799a09662684] in helmdatahubit-operator was MODIFIED
2025-01-27 17:06:21,109 INFO c.h.h.t.HelmChartContainer - [K3S] [reconciler_common.go:162] "operationExecutor.UnmountVolume started for volume \"kube-api-access-qzzqm\" (UniqueName: \"kubernetes.io/projected/0d25b394-ef5f-4028-8b20-799a09662684-kube-api-access-qzzqm\") pod \"0d25b394-ef5f-4028-8b20-799a09662684\" (UID: \"0d25b394-ef5f-4028-8b20-799a09662684\") "
2025-01-27 17:06:21,210 INFO c.h.h.t.HelmChartContainer - [K3S] [reconciler_common.go:299] "Volume detached for volume \"kube-api-access-qzzqm\" (UniqueName: \"kubernetes.io/projected/0d25b394-ef5f-4028-8b20-799a09662684-kube-api-access-qzzqm\") on node \"20460d4a333c\" DevicePath \"\""
2025-01-27 17:06:21,495 INFO c.h.h.t.HelmChartContainer - [K3S] [scope.go:117] "RemoveContainer" containerID="55226b8185e0a758bc7d3f4c8653d4294972a19bf77308de4457582b9241b240"
2025-01-27 17:06:21,499 INFO c.h.h.t.HelmChartContainer - [K3S] [scope.go:117] "RemoveContainer" containerID="55226b8185e0a758bc7d3f4c8653d4294972a19bf77308de4457582b9241b240"
2025-01-27 17:06:21,509 INFO c.h.h.t.HelmChartContainer - [K3S] [replica_set.go:679] "Finished syncing" kind="ReplicaSet" key="helmdatahubit-operator/hivemq-test-hivemq-platform-operator-6966f96d65" duration="50.855µs"
2025-01-27 17:06:21,509 INFO c.h.h.t.HelmChartContainer - [POD] hivemq-test-hivemq-platform-operator-6966f96d65-khl8x [0d25b394-ef5f-4028-8b20-799a09662684] in helmdatahubit-operator was MODIFIED
2025-01-27 17:06:21,512 INFO c.h.h.t.HelmChartContainer - [K3S] [replica_set.go:679] "Finished syncing" kind="ReplicaSet" key="helmdatahubit-operator/hivemq-test-hivemq-platform-operator-6966f96d65" duration="43.771µs"
2025-01-27 17:06:21,515 INFO c.h.h.t.HelmChartContainer - [POD] hivemq-test-hivemq-platform-operator-6966f96d65-khl8x [0d25b394-ef5f-4028-8b20-799a09662684] in helmdatahubit-operator was DELETED
2025-01-27 17:06:21,528 INFO c.h.h.t.HelmChartContainer - [K3S] [replica_set.go:679] "Finished syncing" kind="ReplicaSet" key="helmdatahubit-operator/hivemq-test-hivemq-platform-operator-6966f96d65" duration="6.944µs"
2025-01-27 17:06:22,321 INFO c.h.h.t.HelmChartContainer - [K3S] [kubelet_volumes.go:163] "Cleaned up orphaned pod volumes dir" podUID="0d25b394-ef5f-4028-8b20-799a09662684" path="/var/lib/kubelet/pods/0d25b394-ef5f-4028-8b20-799a09662684/volumes"
2025-01-27 17:06:22,349 INFO c.h.h.t.HelmChartContainer - Deleting namespace 'helmdatahubit-operator'...
2025-01-27 17:06:25,040 INFO c.h.h.t.HelmChartContainer - [K3S] [namespace_controller.go:187] "Namespace has been deleted" namespace="helmdatahubit"
2025-01-27 17:06:27,569 INFO c.h.h.t.HelmChartContainer - Namespace 'helmdatahubit-operator' deleted
2025-01-27 17:06:27,569 INFO c.h.h.t.HelmChartContainer - Release 'test-hivemq-platform-operator' in namespace 'helmdatahubit-operator' is uninstalled
2025-01-27 17:06:28,294 INFO c.h.helmcharts.AbstractHelmChartIT - Removed unused containers:

2025-01-27 17:06:32,468 INFO c.h.h.t.HelmChartContainer - [K3S] [namespace_controller.go:187] "Namespace has been deleted" namespace="helmdatahubit-operator"
2025-01-27 17:06:36,019 INFO c.h.helmcharts.AbstractHelmChartIT - Removed unused snapshots:
Removing snapshot sha256:026a712f86a389a5fd74927b58e3b9c46d97b4685244a93cf8afd5dd2d926256
Removing snapshot sha256:03af251906410714c5aef9fa705b63f6bbc39c4a5e787de7361eeb18886c2ed2
Removing snapshot sha256:04586d725303b4dcbc0cdc42a56e7852bc8859e90a3b42def5c29ab6c5b2378a
Removing snapshot sha256:0c46b3b43cce082ce5ec34ffc6c294e0417d17b9d1e6f366d114b6aadc4f96dc
Removing snapshot sha256:0ce761beee59082d6ed5bcebd3a805b8ddd9b3426b617e4809e7fb7c6587ffec
Removing snapshot sha256:1021ef88c7974bfff89c5a0ec4fd3160daac6c48a075f74cff721f85dd104e68
Removing snapshot sha256:10aba4953ddc18145dd38e3704709bc464aa20af60b56fe52caaff4b68411e62
Removing snapshot sha256:12fcdb97878a8124028dd759e7639b77bca16c0f46aabea18189ae25af2554ab
Removing snapshot sha256:17e20d0d13f37559ffdba8fbef58a2ab60c148e2ab945017183a672f5da37e78
Removing snapshot sha256:2573e0d8158209ed54ab25c87bcdcb00bd3d2539246960a3d592a1c599d70465
Removing snapshot sha256:362a8a37f8bbc31925a8146adcf7cf51f9882f5c1dcbef67c5baa03a297543c0
Removing snapshot sha256:43a7c979bbaba6838bc3102d6b10a1459f3ab050b87ccdfef84ef90cf43d3058
Removing snapshot sha256:4ab04491cdf0d3267f08206fe30bd48f49f94b9cab2f016d6739220f722a64af
Removing snapshot sha256:4b6068250e89c96f263060261819c7d912855bfbd64b3eb4c4a8483299b8c295
Removing snapshot sha256:54760460dde328a0df5fb97426e3821ea3128f2a777231b6e8478cdaf84d50a9
Removing snapshot sha256:580e69a0a8034ede1921139bbd2bfb72a69ebf276d008281896c32dd8bf74775
Removing snapshot sha256:5ad32423e4b556ca23e4a282f00b6c28ba2ec8ad2b7822350a080868a3597d3e
Removing snapshot sha256:5d30ba46b27fe37484567ccc5242cadc78217b8da605f3f195ef25cbf7487904
Removing snapshot sha256:63ca1fbb43ae5034640e5e6cb3e083e05c290072c5366fcaa9d62435a4cced85
Removing snapshot sha256:67e1046c75540b05886949b984ff2925b6ff9452555dc578bb151dc66e99abb6
Removing snapshot sha256:67f702c6baae873bceb19487c8b1f27bd2b86077e4f2f0e480e6d60ab508b8f5
Removing snapshot sha256:6864348dd42806d552efdec384f1274be15e2d0c10ce44c1f04347af004c10a9
Removing snapshot sha256:6b6a1f10cca10ea08499c191fc025406a23858de44f58930b06dc6608ff034e5
Removing snapshot sha256:6c7dee8f2c39b84b7dc2711c01d33de93514d9055499173e9290176fbe484b6c
Removing snapshot sha256:82753493a6d61ded36556292f02f31841a14c20d2f279f19eaad65afb661d5cd
Removing snapshot sha256:8a10d3db42c505ee0fcfa98417bdd7e39b304f6bcc0a06bb1b220797ff2cc63c
Removing snapshot sha256:a21e5b12dbac529ad45d976eb9ce45c881f3bedcc500fb30aba1e52aa1813418
Removing snapshot sha256:b921e6c28969094157f9b8e7244677780319637afd14450b7cb6b2fdea558a0c
Removing snapshot sha256:bc27ecb5769a00e309cf99ebc763c4a4b958b618d1decc96ffac5bc05f02f5b7
Removing snapshot sha256:be3ccb6627a5332e309d45ef461d09b4879dd870c7394d89323d0ebc6ca6aa8a
Removing snapshot sha256:c261f7cbbc64211ee175ee47273acdb7b1a36a4450b397a064a8f2c026490095
Removing snapshot sha256:c34d9393647eea0c9e3557ab988efaf59f61d10a2a5613b439ef0958cca5ec10
Removing snapshot sha256:ccf3c4a0fa967a41c1c83497a2ce6fa5787965859df0adb32c4ca2cf7490bc2b
Removing snapshot sha256:cf92d33f869417309692088c341cd0f223c178ea78a125f757317b22aa8f90e9
Removing snapshot sha256:d0037344cf2fb078884f1849f6a1f8cf9a33a3b6139b6a85833e5ee528e1f9a8
Removing snapshot sha256:d3b36d5b79273b1e98e7700470eaeff05a882e777124d84cebcc1505b85ecb36
Removing snapshot sha256:d65a44a37914602d12c611e5e22a50f11451d847e63015cc1c2aef92dee777a4
Removing snapshot sha256:e2dc0bae2455930f23ae570e019b7f32edc75c0f2d71cab084db837ff9051796
Removing snapshot sha256:eccbd24a99c60cd9e86ee5305dbfc4a4dc89f5ab4fb1f06c8d64797cecedef34
Removing snapshot sha256:f144bb4c7c7f0d2aa7eeffd36d934ec40db1ee167be727e326aad9fdc616f475

2025-01-27 17:06:36,019 WARN c.h.helmcharts.AbstractHelmChartIT - Error during removal of snapshots:
ctr: failed to remove "sha256:026a712f86a389a5fd74927b58e3b9c46d97b4685244a93cf8afd5dd2d926256": cannot remove snapshot with child: failed precondition
ctr: failed to remove "sha256:03af251906410714c5aef9fa705b63f6bbc39c4a5e787de7361eeb18886c2ed2": cannot remove snapshot with child: failed precondition
ctr: failed to remove "sha256:04586d725303b4dcbc0cdc42a56e7852bc8859e90a3b42def5c29ab6c5b2378a": cannot remove snapshot with child: failed precondition
ctr: failed to remove "sha256:0c46b3b43cce082ce5ec34ffc6c294e0417d17b9d1e6f366d114b6aadc4f96dc": cannot remove snapshot with child: failed precondition
ctr: failed to remove "sha256:0ce761beee59082d6ed5bcebd3a805b8ddd9b3426b617e4809e7fb7c6587ffec": cannot remove snapshot with child: failed precondition
ctr: failed to remove "sha256:1021ef88c7974bfff89c5a0ec4fd3160daac6c48a075f74cff721f85dd104e68": cannot remove snapshot with child: failed precondition
ctr: failed to remove "sha256:10aba4953ddc18145dd38e3704709bc464aa20af60b56fe52caaff4b68411e62": cannot remove snapshot with child: failed precondition
ctr: failed to remove "sha256:12fcdb97878a8124028dd759e7639b77bca16c0f46aabea18189ae25af2554ab": cannot remove snapshot with child: failed precondition
ctr: failed to remove "sha256:2573e0d8158209ed54ab25c87bcdcb00bd3d2539246960a3d592a1c599d70465": cannot remove snapshot with child: failed precondition
ctr: failed to remove "sha256:362a8a37f8bbc31925a8146adcf7cf51f9882f5c1dcbef67c5baa03a297543c0": cannot remove snapshot with child: failed precondition
ctr: failed to remove "sha256:43a7c979bbaba6838bc3102d6b10a1459f3ab050b87ccdfef84ef90cf43d3058": cannot remove snapshot with child: failed precondition
ctr: failed to remove "sha256:4ab04491cdf0d3267f08206fe30bd48f49f94b9cab2f016d6739220f722a64af": cannot remove snapshot with child: failed precondition
ctr: failed to remove "sha256:4b6068250e89c96f263060261819c7d912855bfbd64b3eb4c4a8483299b8c295": cannot remove snapshot with child: failed precondition
ctr: failed to remove "sha256:54760460dde328a0df5fb97426e3821ea3128f2a777231b6e8478cdaf84d50a9": cannot remove snapshot with child: failed precondition
ctr: failed to remove "sha256:580e69a0a8034ede1921139bbd2bfb72a69ebf276d008281896c32dd8bf74775": cannot remove snapshot with child: failed precondition
ctr: failed to remove "sha256:5ad32423e4b556ca23e4a282f00b6c28ba2ec8ad2b7822350a080868a3597d3e": cannot remove snapshot with child: failed precondition
ctr: failed to remove "sha256:5d30ba46b27fe37484567ccc5242cadc78217b8da605f3f195ef25cbf7487904": cannot remove snapshot with child: failed precondition
ctr: failed to remove "sha256:63ca1fbb43ae5034640e5e6cb3e083e05c290072c5366fcaa9d62435a4cced85": cannot remove snapshot with child: failed precondition
ctr: failed to remove "sha256:67f702c6baae873bceb19487c8b1f27bd2b86077e4f2f0e480e6d60ab508b8f5": cannot remove snapshot with child: failed precondition
ctr: failed to remove "sha256:6864348dd42806d552efdec384f1274be15e2d0c10ce44c1f04347af004c10a9": cannot remove snapshot with child: failed precondition
ctr: failed to remove "sha256:6c7dee8f2c39b84b7dc2711c01d33de93514d9055499173e9290176fbe484b6c": cannot remove snapshot with child: failed precondition
ctr: failed to remove "sha256:82753493a6d61ded36556292f02f31841a14c20d2f279f19eaad65afb661d5cd": cannot remove snapshot with child: failed precondition
ctr: failed to remove "sha256:8a10d3db42c505ee0fcfa98417bdd7e39b304f6bcc0a06bb1b220797ff2cc63c": cannot remove snapshot with child: failed precondition
ctr: failed to remove "sha256:a21e5b12dbac529ad45d976eb9ce45c881f3bedcc500fb30aba1e52aa1813418": cannot remove snapshot with child: failed precondition
ctr: failed to remove "sha256:b921e6c28969094157f9b8e7244677780319637afd14450b7cb6b2fdea558a0c": cannot remove snapshot with child: failed precondition
ctr: failed to remove "sha256:bc27ecb5769a00e309cf99ebc763c4a4b958b618d1decc96ffac5bc05f02f5b7": cannot remove snapshot with child: failed precondition
ctr: failed to remove "sha256:be3ccb6627a5332e309d45ef461d09b4879dd870c7394d89323d0ebc6ca6aa8a": cannot remove snapshot with child: failed precondition
ctr: failed to remove "sha256:c261f7cbbc64211ee175ee47273acdb7b1a36a4450b397a064a8f2c026490095": cannot remove snapshot with child: failed precondition
ctr: failed to remove "sha256:c34d9393647eea0c9e3557ab988efaf59f61d10a2a5613b439ef0958cca5ec10": cannot remove snapshot with child: failed precondition
ctr: failed to remove "sha256:ccf3c4a0fa967a41c1c83497a2ce6fa5787965859df0adb32c4ca2cf7490bc2b": cannot remove snapshot with child: failed precondition
ctr: failed to remove "sha256:cf92d33f869417309692088c341cd0f223c178ea78a125f757317b22aa8f90e9": cannot remove snapshot with child: failed precondition
ctr: failed to remove "sha256:d0037344cf2fb078884f1849f6a1f8cf9a33a3b6139b6a85833e5ee528e1f9a8": cannot remove snapshot with child: failed precondition
ctr: failed to remove "sha256:d3b36d5b79273b1e98e7700470eaeff05a882e777124d84cebcc1505b85ecb36": cannot remove snapshot with child: failed precondition
ctr: failed to remove "sha256:d65a44a37914602d12c611e5e22a50f11451d847e63015cc1c2aef92dee777a4": cannot remove snapshot with child: failed precondition
ctr: failed to remove "sha256:e2dc0bae2455930f23ae570e019b7f32edc75c0f2d71cab084db837ff9051796": cannot remove snapshot with child: failed precondition
ctr: failed to remove "sha256:eccbd24a99c60cd9e86ee5305dbfc4a4dc89f5ab4fb1f06c8d64797cecedef34": cannot remove snapshot with child: failed precondition
ctr: failed to remove "sha256:f144bb4c7c7f0d2aa7eeffd36d934ec40db1ee167be727e326aad9fdc616f475": cannot remove snapshot with child: failed precondition

]]></system-out>
  </testcase>
  <system-out><![CDATA[2025-01-27 17:03:56,546 INFO c.h.h.t.HelmChartContainerExtension - Using cached HelmChartContainer instance
2025-01-27 17:03:56,553 INFO c.h.h.t.HelmChartContainerExtension - Creating cached HelmChartContainer instance
2025-01-27 17:03:56,573 INFO o.testcontainers.DockerClientFactory - Testcontainers version: 1.20.4
2025-01-27 17:03:56,960 INFO o.t.d.DockerClientProviderStrategy - Found Docker environment with local Unix socket (unix:///var/run/docker.sock)
2025-01-27 17:03:56,969 INFO o.testcontainers.DockerClientFactory - Docker host IP address is localhost
2025-01-27 17:03:56,985 INFO o.testcontainers.DockerClientFactory - Connected to docker: 
  Server Version: 26.1.3
  API Version: 1.45
  Operating System: Ubuntu 24.04.1 LTS
  Total Memory: 15990 MB
2025-01-27 17:03:56,992 INFO o.testcontainers.images.PullPolicy - Image pull policy will be performed by: DefaultPullPolicy()
2025-01-27 17:03:56,994 INFO o.t.utility.ImageNameSubstitutor - Image name substitution will be performed by: DefaultImageNameSubstitutor (composite of 'ConfigurationFileImageNameSubstitutor' and 'PrefixingImageNameSubstitutor')
2025-01-27 17:03:57,023 INFO tc.testcontainers/ryuk:0.11.0 - Pulling docker image: testcontainers/ryuk:0.11.0. Please be patient; this may take some time but only needs to be done once.
2025-01-27 17:04:03,229 INFO tc.testcontainers/ryuk:0.11.0 - Starting to pull image
2025-01-27 17:04:03,295 INFO tc.testcontainers/ryuk:0.11.0 - Pulling image layers:  0 pending,  0 downloaded,  0 extracted, (0 bytes/0 bytes)
2025-01-27 17:04:03,920 INFO tc.testcontainers/ryuk:0.11.0 - Pulling image layers:  2 pending,  1 downloaded,  0 extracted, (107 KB/? MB)
2025-01-27 17:04:03,989 INFO tc.testcontainers/ryuk:0.11.0 - Pulling image layers:  1 pending,  2 downloaded,  0 extracted, (8 MB/? MB)
2025-01-27 17:04:04,025 INFO tc.testcontainers/ryuk:0.11.0 - Pulling image layers:  1 pending,  2 downloaded,  1 extracted, (8 MB/? MB)
2025-01-27 17:04:04,077 INFO tc.testcontainers/ryuk:0.11.0 - Pulling image layers:  0 pending,  3 downloaded,  1 extracted, (8 MB/10 MB)
2025-01-27 17:04:04,167 INFO tc.testcontainers/ryuk:0.11.0 - Pulling image layers:  0 pending,  3 downloaded,  2 extracted, (9 MB/10 MB)
2025-01-27 17:04:04,208 INFO tc.testcontainers/ryuk:0.11.0 - Pulling image layers:  0 pending,  3 downloaded,  3 extracted, (10 MB/10 MB)
2025-01-27 17:04:04,215 INFO tc.testcontainers/ryuk:0.11.0 - Image testcontainers/ryuk:0.11.0 pull took PT7.191583947S
2025-01-27 17:04:04,231 INFO tc.testcontainers/ryuk:0.11.0 - Creating container for image: testcontainers/ryuk:0.11.0
2025-01-27 17:04:04,294 INFO tc.testcontainers/ryuk:0.11.0 - Container testcontainers/ryuk:0.11.0 is starting: 569da83fee72fc41ea62680e9f83ad20df2b693ee9fb8efe591d3e25d3812c3a
2025-01-27 17:04:04,546 INFO tc.testcontainers/ryuk:0.11.0 - Container testcontainers/ryuk:0.11.0 started in PT0.31437757S
2025-01-27 17:04:04,550 INFO o.t.utility.RyukResourceReaper - Ryuk started - will monitor and terminate Testcontainers containers on JVM exit
2025-01-27 17:04:04,550 INFO o.testcontainers.DockerClientFactory - Checking the system...
2025-01-27 17:04:04,550 INFO o.testcontainers.DockerClientFactory - ✔︎ Docker server version should be at least 1.6.0
2025-01-27 17:04:04,627 INFO o.t.i.builder.ImageFromDockerfile - Pre-emptively checking local images for 'ubuntu:noble-20241118.1@sha256:80dd3c3b9c6cecb9f1667e9290b3bc61b78c2678c02cbdae5f0fea92cc6734ab', referenced via a Dockerfile. If not available, it will be pulled.
2025-01-27 17:04:04,629 INFO t.u.1@sha256:80dd3c... - Pulling docker image: ubuntu:noble-20241118.1@sha256:80dd3c3b9c6cecb9f1667e9290b3bc61b78c2678c02cbdae5f0fea92cc6734ab. Please be patient; this may take some time but only needs to be done once.
2025-01-27 17:04:05,374 INFO t.u.1@sha256:80dd3c... - Starting to pull image
2025-01-27 17:04:05,375 INFO t.u.1@sha256:80dd3c... - Pulling image layers:  0 pending,  0 downloaded,  0 extracted, (0 bytes/0 bytes)
2025-01-27 17:04:06,255 INFO t.u.1@sha256:80dd3c... - Pulling image layers:  0 pending,  1 downloaded,  0 extracted, (27 MB/28 MB)
2025-01-27 17:04:07,200 INFO t.u.1@sha256:80dd3c... - Pulling image layers:  0 pending,  1 downloaded,  1 extracted, (28 MB/28 MB)
2025-01-27 17:04:07,206 INFO t.u.1@sha256:80dd3c... - Pull complete. 1 layers, pulled in 1s (downloaded 28 MB at 28 MB/s)
2025-01-27 17:04:07,206 INFO t.u.1@sha256:80dd3c... - Image ubuntu:noble-20241118.1@sha256:80dd3c3b9c6cecb9f1667e9290b3bc61b78c2678c02cbdae5f0fea92cc6734ab pull took PT2.575904896S
2025-01-27 17:04:07,208 INFO o.t.i.builder.ImageFromDockerfile - Pre-emptively checking local images for 'rancher/k3s:v1.32.0-k3s1', referenced via a Dockerfile. If not available, it will be pulled.
2025-01-27 17:04:07,209 INFO tc.rancher/k3s:v1.32.0-k3s1 - Pulling docker image: rancher/k3s:v1.32.0-k3s1. Please be patient; this may take some time but only needs to be done once.
2025-01-27 17:04:08,238 INFO tc.rancher/k3s:v1.32.0-k3s1 - Starting to pull image
2025-01-27 17:04:08,239 INFO tc.rancher/k3s:v1.32.0-k3s1 - Pulling image layers:  0 pending,  0 downloaded,  0 extracted, (0 bytes/0 bytes)
2025-01-27 17:04:10,250 INFO tc.rancher/k3s:v1.32.0-k3s1 - Pulling image layers:  0 pending,  1 downloaded,  0 extracted, (69 MB/71 MB)
2025-01-27 17:04:11,302 INFO tc.rancher/k3s:v1.32.0-k3s1 - Pulling image layers:  0 pending,  1 downloaded,  1 extracted, (71 MB/71 MB)
2025-01-27 17:04:11,308 INFO tc.rancher/k3s:v1.32.0-k3s1 - Image rancher/k3s:v1.32.0-k3s1 pull took PT4.098878005S
2025-01-27 17:04:11,308 INFO tc.rancher/k3s:v1.32.0-k3s1 - Pull complete. 1 layers, pulled in 3s (downloaded 71 MB at 23 MB/s)
2025-01-27 17:04:11,314 INFO o.t.i.builder.ImageFromDockerfile - Transferred 0 bytes to Docker daemon
2025-01-27 17:04:28,018 INFO c.h.h.t.HelmChartContainer - Starting HelmChartContainer...
2025-01-27 17:04:28,021 INFO t.localhost/testcontainers/wm3v6uwx12wfzxnm:latest - Creating container for image: localhost/testcontainers/wm3v6uwx12wfzxnm:latest
2025-01-27 17:04:28,090 INFO tc.alpine:3.17 - Pulling docker image: alpine:3.17. Please be patient; this may take some time but only needs to be done once.
2025-01-27 17:04:29,136 INFO tc.alpine:3.17 - Starting to pull image
2025-01-27 17:04:29,137 INFO tc.alpine:3.17 - Pulling image layers:  0 pending,  0 downloaded,  0 extracted, (0 bytes/0 bytes)
2025-01-27 17:04:29,732 INFO tc.alpine:3.17 - Pulling image layers:  0 pending,  1 downloaded,  0 extracted, (33 KB/3 MB)
2025-01-27 17:04:29,827 INFO tc.alpine:3.17 - Pulling image layers:  0 pending,  1 downloaded,  1 extracted, (3 MB/3 MB)
2025-01-27 17:04:29,833 INFO tc.alpine:3.17 - Image alpine:3.17 pull took PT1.743071434S
2025-01-27 17:04:30,382 INFO t.localhost/testcontainers/wm3v6uwx12wfzxnm:latest - Container localhost/testcontainers/wm3v6uwx12wfzxnm:latest is starting: 20460d4a333ca2fa76da87f82133c8414ef26b44cba0e638ed2ca375af4e7712
2025-01-27 17:04:30,741 INFO c.h.h.t.HelmChartContainer - [K3S] [INFO] Starting k3s v1.32.0+k3s1 (cca8faca)
2025-01-27 17:04:30,744 INFO c.h.h.t.HelmChartContainer - [K3S] [INFO] Configuring sqlite3 database connection pooling: maxIdleConns=2, maxOpenConns=0, connMaxLifetime=0s
2025-01-27 17:04:30,744 INFO c.h.h.t.HelmChartContainer - [K3S] [INFO] Configuring database table schema and indexes, this may take a moment...
2025-01-27 17:04:30,746 INFO c.h.h.t.HelmChartContainer - [K3S] [INFO] Database tables and indexes are up to date
2025-01-27 17:04:30,749 INFO c.h.h.t.HelmChartContainer - [K3S] [INFO] Kine available at unix://kine.sock
2025-01-27 17:04:30,889 INFO c.h.h.t.HelmChartContainer - [K3S] [INFO] Saving cluster bootstrap data to datastore
2025-01-27 17:04:30,890 INFO c.h.h.t.HelmChartContainer - [K3S] [WARNING] dynamiclistener [::]:6443: no cached certificate available for preload - deferring certificate load until storage initialization or first client request
2025-01-27 17:04:30,891 INFO c.h.h.t.HelmChartContainer - [K3S] [INFO] Active TLS secret / (ver=) (count 10): map[listener.cattle.io/cn-10.43.0.1:10.43.0.1 listener.cattle.io/cn-127.0.0.1:127.0.0.1 listener.cattle.io/cn-172.18.0.2:172.18.0.2 listener.cattle.io/cn-20460d4a333c:20460d4a333c listener.cattle.io/cn-__1-f16284:::1 listener.cattle.io/cn-kubernetes:kubernetes listener.cattle.io/cn-kubernetes.default:kubernetes.default listener.cattle.io/cn-kubernetes.default.svc:kubernetes.default.svc listener.cattle.io/cn-kubernetes.default.svc.cluster.local:kubernetes.default.svc.cluster.local listener.cattle.io/cn-localhost:localhost listener.cattle.io/fingerprint:SHA1=E3C5818F234E397917FB4DF0989E4848D3E7B31F]
2025-01-27 17:04:31,055 INFO c.h.h.t.HelmChartContainer - [K3S] [INFO] Running kube-apiserver --advertise-port=6443 --allow-privileged=true --anonymous-auth=false --api-audiences=https://kubernetes.default.svc.cluster.local,k3s --authorization-mode=Node,RBAC --bind-address=127.0.0.1 --cert-dir=/var/lib/rancher/k3s/server/tls/temporary-certs --client-ca-file=/var/lib/rancher/k3s/server/tls/client-ca.crt --egress-selector-config-file=/var/lib/rancher/k3s/server/etc/egress-selector-config.yaml --enable-admission-plugins=NodeRestriction --enable-aggregator-routing=true --enable-bootstrap-token-auth=true --etcd-compaction-interval=0s --etcd-servers=unix://kine.sock --kubelet-certificate-authority=/var/lib/rancher/k3s/server/tls/server-ca.crt --kubelet-client-certificate=/var/lib/rancher/k3s/server/tls/client-kube-apiserver.crt --kubelet-client-key=/var/lib/rancher/k3s/server/tls/client-kube-apiserver.key --kubelet-preferred-address-types=InternalIP,ExternalIP,Hostname --profiling=false --proxy-client-cert-file=/var/lib/rancher/k3s/server/tls/client-auth-proxy.crt --proxy-client-key-file=/var/lib/rancher/k3s/server/tls/client-auth-proxy.key --requestheader-allowed-names=system:auth-proxy --requestheader-client-ca-file=/var/lib/rancher/k3s/server/tls/request-header-ca.crt --requestheader-extra-headers-prefix=X-Remote-Extra- --requestheader-group-headers=X-Remote-Group --requestheader-username-headers=X-Remote-User --secure-port=6444 --service-account-issuer=https://kubernetes.default.svc.cluster.local --service-account-key-file=/var/lib/rancher/k3s/server/tls/service.key --service-account-signing-key-file=/var/lib/rancher/k3s/server/tls/service.current.key --service-cluster-ip-range=10.43.0.0/16 --service-node-port-range=30000-32767 --storage-backend=etcd3 --tls-cert-file=/var/lib/rancher/k3s/server/tls/serving-kube-apiserver.crt --tls-cipher-suites=TLS_ECDHE_ECDSA_WITH_AES_256_GCM_SHA384,TLS_ECDHE_RSA_WITH_AES_256_GCM_SHA384,TLS_ECDHE_ECDSA_WITH_AES_128_GCM_SHA256,TLS_ECDHE_RSA_WITH_AES_128_GCM_SHA256,TLS_ECDHE_ECDSA_WITH_CHACHA20_POLY1305,TLS_ECDHE_RSA_WITH_CHACHA20_POLY1305 --tls-private-key-file=/var/lib/rancher/k3s/server/tls/serving-kube-apiserver.key
2025-01-27 17:04:31,058 INFO c.h.h.t.HelmChartContainer - [K3S] [INFO] Running kube-scheduler --authentication-kubeconfig=/var/lib/rancher/k3s/server/cred/scheduler.kubeconfig --authorization-kubeconfig=/var/lib/rancher/k3s/server/cred/scheduler.kubeconfig --bind-address=127.0.0.1 --kubeconfig=/var/lib/rancher/k3s/server/cred/scheduler.kubeconfig --leader-elect=false --profiling=false --secure-port=10259
2025-01-27 17:04:31,058 INFO c.h.h.t.HelmChartContainer - [K3S] [registry.go:256] calling componentGlobalsRegistry.AddFlags more than once, the registry will be set by the latest flags
2025-01-27 17:04:31,058 INFO c.h.h.t.HelmChartContainer - [K3S] [INFO] Waiting for API server to become available
2025-01-27 17:04:31,059 INFO c.h.h.t.HelmChartContainer - [K3S] [INFO] Running kube-controller-manager --allocate-node-cidrs=true --authentication-kubeconfig=/var/lib/rancher/k3s/server/cred/controller.kubeconfig --authorization-kubeconfig=/var/lib/rancher/k3s/server/cred/controller.kubeconfig --bind-address=127.0.0.1 --cluster-cidr=10.42.0.0/16 --cluster-signing-kube-apiserver-client-cert-file=/var/lib/rancher/k3s/server/tls/client-ca.nochain.crt --cluster-signing-kube-apiserver-client-key-file=/var/lib/rancher/k3s/server/tls/client-ca.key --cluster-signing-kubelet-client-cert-file=/var/lib/rancher/k3s/server/tls/client-ca.nochain.crt --cluster-signing-kubelet-client-key-file=/var/lib/rancher/k3s/server/tls/client-ca.key --cluster-signing-kubelet-serving-cert-file=/var/lib/rancher/k3s/server/tls/server-ca.nochain.crt --cluster-signing-kubelet-serving-key-file=/var/lib/rancher/k3s/server/tls/server-ca.key --cluster-signing-legacy-unknown-cert-file=/var/lib/rancher/k3s/server/tls/server-ca.nochain.crt --cluster-signing-legacy-unknown-key-file=/var/lib/rancher/k3s/server/tls/server-ca.key --configure-cloud-routes=false --controllers=*,tokencleaner,-service,-route,-cloud-node-lifecycle --kubeconfig=/var/lib/rancher/k3s/server/cred/controller.kubeconfig --leader-elect=false --profiling=false --root-ca-file=/var/lib/rancher/k3s/server/tls/server-ca.crt --secure-port=10257 --service-account-private-key-file=/var/lib/rancher/k3s/server/tls/service.current.key --service-cluster-ip-range=10.43.0.0/16 --use-service-account-credentials=true
2025-01-27 17:04:31,059 INFO c.h.h.t.HelmChartContainer - [K3S] [options.go:299] unable to set WatchListClient feature gate, err: cannot override default for feature "WatchListClient": gates already added to a flag set
2025-01-27 17:04:31,060 INFO c.h.h.t.HelmChartContainer - [K3S] [registry.go:256] calling componentGlobalsRegistry.AddFlags more than once, the registry will be set by the latest flags
2025-01-27 17:04:31,060 INFO c.h.h.t.HelmChartContainer - [K3S] [INFO] Running cloud-controller-manager --allocate-node-cidrs=true --authentication-kubeconfig=/var/lib/rancher/k3s/server/cred/cloud-controller.kubeconfig --authorization-kubeconfig=/var/lib/rancher/k3s/server/cred/cloud-controller.kubeconfig --bind-address=127.0.0.1 --cloud-config=/var/lib/rancher/k3s/server/etc/cloud-config.yaml --cloud-provider=k3s --cluster-cidr=10.42.0.0/16 --configure-cloud-routes=false --controllers=*,-route --kubeconfig=/var/lib/rancher/k3s/server/cred/cloud-controller.kubeconfig --leader-elect=false --leader-elect-resource-name=k3s-cloud-controller-manager --node-status-update-frequency=1m0s --profiling=false
2025-01-27 17:04:31,061 INFO c.h.h.t.HelmChartContainer - [K3S] [registry.go:256] calling componentGlobalsRegistry.AddFlags more than once, the registry will be set by the latest flags
2025-01-27 17:04:31,061 INFO c.h.h.t.HelmChartContainer - [K3S] [INFO] Server node token is available at /var/lib/rancher/k3s/server/token
2025-01-27 17:04:31,061 INFO c.h.h.t.HelmChartContainer - [K3S] [options.go:238] external host was not specified, using 172.18.0.2
2025-01-27 17:04:31,061 INFO c.h.h.t.HelmChartContainer - [K3S] [INFO] To join server node to cluster: k3s server -s https://172.18.0.2:6443 -t ${SERVER_NODE_TOKEN}
2025-01-27 17:04:31,061 INFO c.h.h.t.HelmChartContainer - [K3S] [INFO] Agent node token is available at /var/lib/rancher/k3s/server/agent-token
2025-01-27 17:04:31,062 INFO c.h.h.t.HelmChartContainer - [K3S] [INFO] To join agent node to cluster: k3s agent -s https://172.18.0.2:6443 -t ${AGENT_NODE_TOKEN}
2025-01-27 17:04:31,062 INFO c.h.h.t.HelmChartContainer - [K3S] [INFO] Wrote kubeconfig /etc/rancher/k3s/k3s.yaml
2025-01-27 17:04:31,062 INFO c.h.h.t.HelmChartContainer - [K3S] [INFO] Run: k3s kubectl
2025-01-27 17:04:31,062 INFO c.h.h.t.HelmChartContainer - [K3S] [server.go:151] Version: v1.32.0+k3s1
2025-01-27 17:04:31,062 INFO c.h.h.t.HelmChartContainer - [K3S] [server.go:153] "Golang settings" GOGC="" GOMAXPROCS="" GOTRACEBACK=""
2025-01-27 17:04:31,457 INFO c.h.h.t.HelmChartContainer - [K3S] [plugins.go:157] Loaded 13 mutating admission controller(s) successfully in the following order: NamespaceLifecycle,LimitRanger,ServiceAccount,NodeRestriction,TaintNodesByCondition,Priority,DefaultTolerationSeconds,DefaultStorageClass,StorageObjectInUseProtection,RuntimeClass,DefaultIngressClass,MutatingAdmissionPolicy,MutatingAdmissionWebhook.
2025-01-27 17:04:31,460 INFO c.h.h.t.HelmChartContainer - [K3S] [plugins.go:160] Loaded 13 validating admission controller(s) successfully in the following order: LimitRanger,ServiceAccount,PodSecurity,Priority,PersistentVolumeClaimResize,RuntimeClass,CertificateApproval,CertificateSigning,ClusterTrustBundleAttest,CertificateSubjectRestriction,ValidatingAdmissionPolicy,ValidatingAdmissionWebhook,ResourceQuota.
2025-01-27 17:04:31,460 INFO c.h.h.t.HelmChartContainer - [K3S] [instance.go:233] Using reconciler: lease
2025-01-27 17:04:31,517 INFO c.h.h.t.HelmChartContainer - [K3S] [apis.go:106] API group "internal.apiserver.k8s.io" is not enabled, skipping.
2025-01-27 17:04:31,570 INFO c.h.h.t.HelmChartContainer - [K3S] [apis.go:106] API group "storagemigration.k8s.io" is not enabled, skipping.
2025-01-27 17:04:31,598 INFO c.h.h.t.HelmChartContainer - [K3S] [apis.go:106] API group "resource.k8s.io" is not enabled, skipping.
2025-01-27 17:04:31,638 INFO c.h.h.t.HelmChartContainer - [K3S] [INFO] Password verified locally for node 20460d4a333c
2025-01-27 17:04:31,913 INFO c.h.h.t.HelmChartContainer - [K3S] [dynamic_cafile_content.go:161] "Starting controller" name="request-header::/var/lib/rancher/k3s/server/tls/request-header-ca.crt"
2025-01-27 17:04:31,914 INFO c.h.h.t.HelmChartContainer - [K3S] [dynamic_cafile_content.go:161] "Starting controller" name="client-ca-bundle::/var/lib/rancher/k3s/server/tls/client-ca.crt"
2025-01-27 17:04:31,914 INFO c.h.h.t.HelmChartContainer - [K3S] [secure_serving.go:213] Serving securely on 127.0.0.1:6444
2025-01-27 17:04:31,915 INFO c.h.h.t.HelmChartContainer - [K3S] [system_namespaces_controller.go:66] Starting system namespaces controller
2025-01-27 17:04:31,916 INFO c.h.h.t.HelmChartContainer - [K3S] [dynamic_serving_content.go:135] "Starting controller" name="serving-cert::/var/lib/rancher/k3s/server/tls/serving-kube-apiserver.crt::/var/lib/rancher/k3s/server/tls/serving-kube-apiserver.key"
2025-01-27 17:04:31,916 INFO c.h.h.t.HelmChartContainer - [K3S] [local_available_controller.go:156] Starting LocalAvailability controller
2025-01-27 17:04:31,916 INFO c.h.h.t.HelmChartContainer - [K3S] [remote_available_controller.go:411] Starting RemoteAvailability controller
2025-01-27 17:04:31,916 INFO c.h.h.t.HelmChartContainer - [K3S] [tlsconfig.go:243] "Starting DynamicServingCertificateController"
2025-01-27 17:04:31,917 INFO c.h.h.t.HelmChartContainer - [K3S] [apf_controller.go:377] Starting API Priority and Fairness config controller
2025-01-27 17:04:31,917 INFO c.h.h.t.HelmChartContainer - [K3S] [controller.go:80] Starting OpenAPI V3 AggregationController
2025-01-27 17:04:31,917 INFO c.h.h.t.HelmChartContainer - [K3S] [cluster_authentication_trust_controller.go:462] Starting cluster_authentication_trust_controller controller
2025-01-27 17:04:31,917 INFO c.h.h.t.HelmChartContainer - [K3S] [aggregator.go:169] waiting for initial CRD sync...
2025-01-27 17:04:31,917 INFO c.h.h.t.HelmChartContainer - [K3S] [controller.go:78] Starting OpenAPI AggregationController
2025-01-27 17:04:31,922 INFO c.h.h.t.HelmChartContainer - [K3S] [dynamic_cafile_content.go:161] "Starting controller" name="client-ca-bundle::/var/lib/rancher/k3s/server/tls/client-ca.crt"
2025-01-27 17:04:31,922 INFO c.h.h.t.HelmChartContainer - [K3S] [dynamic_cafile_content.go:161] "Starting controller" name="request-header::/var/lib/rancher/k3s/server/tls/request-header-ca.crt"
2025-01-27 17:04:31,923 INFO c.h.h.t.HelmChartContainer - [K3S] [dynamic_serving_content.go:135] "Starting controller" name="aggregator-proxy-cert::/var/lib/rancher/k3s/server/tls/client-auth-proxy.crt::/var/lib/rancher/k3s/server/tls/client-auth-proxy.key"
2025-01-27 17:04:31,923 INFO c.h.h.t.HelmChartContainer - [K3S] [customresource_discovery_controller.go:292] Starting DiscoveryController
2025-01-27 17:04:31,923 INFO c.h.h.t.HelmChartContainer - [K3S] [apiservice_controller.go:100] Starting APIServiceRegistrationController
2025-01-27 17:04:31,923 INFO c.h.h.t.HelmChartContainer - [K3S] [gc_controller.go:78] Starting apiserver lease garbage collector
2025-01-27 17:04:31,923 INFO c.h.h.t.HelmChartContainer - [K3S] [crdregistration_controller.go:114] Starting crd-autoregister controller
2025-01-27 17:04:31,923 INFO c.h.h.t.HelmChartContainer - [K3S] [controller.go:142] Starting OpenAPI controller
2025-01-27 17:04:31,923 INFO c.h.h.t.HelmChartContainer - [K3S] [controller.go:90] Starting OpenAPI V3 controller
2025-01-27 17:04:31,923 INFO c.h.h.t.HelmChartContainer - [K3S] [naming_controller.go:294] Starting NamingConditionController
2025-01-27 17:04:31,923 INFO c.h.h.t.HelmChartContainer - [K3S] [establishing_controller.go:81] Starting EstablishingController
2025-01-27 17:04:31,923 INFO c.h.h.t.HelmChartContainer - [K3S] [nonstructuralschema_controller.go:195] Starting NonStructuralSchemaConditionController
2025-01-27 17:04:31,923 INFO c.h.h.t.HelmChartContainer - [K3S] [apiapproval_controller.go:189] Starting KubernetesAPIApprovalPolicyConformantConditionController
2025-01-27 17:04:31,924 INFO c.h.h.t.HelmChartContainer - [K3S] [crd_finalizer.go:269] Starting CRDFinalizer
2025-01-27 17:04:31,924 INFO c.h.h.t.HelmChartContainer - [K3S] [controller.go:119] Starting legacy_token_tracking_controller
2025-01-27 17:04:31,965 INFO c.h.h.t.HelmChartContainer - [K3S] [policy_source.go:240] refreshing policies
2025-01-27 17:04:32,000 INFO c.h.h.t.HelmChartContainer - [K3S] [controller.go:145] "Failed to ensure lease exists, will retry" err="namespaces \"kube-system\" not found" interval="200ms"
2025-01-27 17:04:32,014 INFO c.h.h.t.HelmChartContainer - [K3S] [apf_controller.go:382] Running API Priority and Fairness config worker
2025-01-27 17:04:32,015 INFO c.h.h.t.HelmChartContainer - [K3S] [apf_controller.go:385] Running API Priority and Fairness periodic rebalancing process
2025-01-27 17:04:32,026 INFO c.h.h.t.HelmChartContainer - [K3S] [handler_discovery.go:451] Starting ResourceDiscoveryManager
2025-01-27 17:04:32,027 INFO c.h.h.t.HelmChartContainer - [K3S] [aggregator.go:171] initial CRD sync complete...
2025-01-27 17:04:32,027 INFO c.h.h.t.HelmChartContainer - [K3S] [autoregister_controller.go:144] Starting autoregister controller
2025-01-27 17:04:32,076 INFO c.h.h.t.HelmChartContainer - [K3S] [controller.go:95] Unable to perform initial Kubernetes service initialization: namespaces "default" not found
2025-01-27 17:04:32,214 INFO c.h.h.t.HelmChartContainer - [K3S] [WARNING] Host resolv.conf includes loopback or multicast nameservers - kubelet will use autogenerated resolv.conf with nameserver 8.8.8.8
2025-01-27 17:04:32,224 INFO c.h.h.t.HelmChartContainer - [K3S] [INFO] Module overlay was already loaded
2025-01-27 17:04:32,224 INFO c.h.h.t.HelmChartContainer - [K3S] [INFO] Module nf_conntrack was already loaded
2025-01-27 17:04:32,224 INFO c.h.h.t.HelmChartContainer - [K3S] [INFO] Module br_netfilter was already loaded
2025-01-27 17:04:32,229 INFO c.h.h.t.HelmChartContainer - [K3S] [INFO] Set sysctl 'net/netfilter/nf_conntrack_max' to 131072
2025-01-27 17:04:32,229 INFO c.h.h.t.HelmChartContainer - [K3S] [INFO] Set sysctl 'net/netfilter/nf_conntrack_tcp_timeout_established' to 86400
2025-01-27 17:04:32,229 INFO c.h.h.t.HelmChartContainer - [K3S] [INFO] Set sysctl 'net/netfilter/nf_conntrack_tcp_timeout_close_wait' to 3600
2025-01-27 17:04:32,231 INFO c.h.h.t.HelmChartContainer - [K3S] [INFO] Logging containerd to /var/lib/rancher/k3s/agent/containerd/containerd.log
2025-01-27 17:04:32,231 INFO c.h.h.t.HelmChartContainer - [K3S] [INFO] Running containerd -c /var/lib/rancher/k3s/agent/etc/containerd/config.toml -a /run/k3s/containerd/containerd.sock --state /run/k3s/containerd --root /var/lib/rancher/k3s/agent/containerd
2025-01-27 17:04:32,918 INFO c.h.h.t.HelmChartContainer - [K3S] [storage_scheduling.go:95] created PriorityClass system-node-critical with value 2000001000
2025-01-27 17:04:32,921 INFO c.h.h.t.HelmChartContainer - [K3S] [storage_scheduling.go:95] created PriorityClass system-cluster-critical with value 2000000000
2025-01-27 17:04:32,921 INFO c.h.h.t.HelmChartContainer - [K3S] [storage_scheduling.go:111] all system priority classes are created successfully or already exist.
2025-01-27 17:04:33,235 INFO c.h.h.t.HelmChartContainer - [K3S] [INFO] containerd is now running
2025-01-27 17:04:33,237 INFO c.h.h.t.HelmChartContainer - [K3S] [INFO] Connecting to proxy" url="wss://127.0.0.1:6443/v1-k3s/connect
2025-01-27 17:04:33,240 INFO c.h.h.t.HelmChartContainer - [K3S] [INFO] Creating k3s-cert-monitor event broadcaster
2025-01-27 17:04:33,241 INFO c.h.h.t.HelmChartContainer - [K3S] [INFO] Running kubelet --cloud-provider=external --config-dir=/var/lib/rancher/k3s/agent/etc/kubelet.conf.d --containerd=/run/k3s/containerd/containerd.sock --hostname-override=20460d4a333c --kubeconfig=/var/lib/rancher/k3s/agent/kubelet.kubeconfig --node-ip=172.18.0.2 --node-labels=
2025-01-27 17:04:33,241 INFO c.h.h.t.HelmChartContainer - [K3S] [INFO] Handling backend connection request [20460d4a333c]
2025-01-27 17:04:33,241 INFO c.h.h.t.HelmChartContainer - [K3S] [INFO] Remotedialer connected to proxy" url="wss://127.0.0.1:6443/v1-k3s/connect
2025-01-27 17:04:33,286 INFO c.h.h.t.HelmChartContainer - [K3S] [alloc.go:330] "allocated clusterIPs" service="default/kubernetes" clusterIPs={"IPv4":"10.43.0.1"}
2025-01-27 17:04:33,290 INFO c.h.h.t.HelmChartContainer - [K3S] [lease.go:265] Resetting endpoints for master service "kubernetes" to [172.18.0.2]
2025-01-27 17:04:33,343 INFO c.h.h.t.HelmChartContainer - [K3S] [ERROR] Sending HTTP/1.1 503 response to 127.0.0.1:46082: runtime core not ready
2025-01-27 17:04:33,430 INFO c.h.h.t.HelmChartContainer - [K3S] [INFO] Running kube-proxy --cluster-cidr=10.42.0.0/16 --conntrack-max-per-core=0 --conntrack-tcp-timeout-close-wait=0s --conntrack-tcp-timeout-established=0s --healthz-bind-address=127.0.0.1 --hostname-override=20460d4a333c --kubeconfig=/var/lib/rancher/k3s/agent/kubeproxy.kubeconfig --proxy-mode=iptables
2025-01-27 17:04:33,470 INFO c.h.h.t.HelmChartContainer - [K3S] [server.go:687] "Failed to retrieve node info" err="nodes \"20460d4a333c\" not found"
2025-01-27 17:04:34,062 INFO c.h.h.t.HelmChartContainer - [K3S] [INFO] Waiting for untainted node
2025-01-27 17:04:34,062 INFO c.h.h.t.HelmChartContainer - [K3S] [INFO] Waiting for cloud-controller-manager privileges to become available
2025-01-27 17:04:34,062 INFO c.h.h.t.HelmChartContainer - [K3S] [INFO] Kube API server is now running
2025-01-27 17:04:34,062 INFO c.h.h.t.HelmChartContainer - [K3S] [INFO] ETCD server is now running
2025-01-27 17:04:34,062 INFO c.h.h.t.HelmChartContainer - [K3S] [INFO] k3s is up and running
2025-01-27 17:04:34,063 INFO c.h.h.t.HelmChartContainer - [K3S] [INFO] Creating k3s-supervisor event broadcaster
2025-01-27 17:04:34,070 INFO c.h.h.t.HelmChartContainer - [K3S] [INFO] Applying CRD addons.k3s.cattle.io
2025-01-27 17:04:34,079 INFO c.h.h.t.HelmChartContainer - [K3S] [INFO] Applying CRD etcdsnapshotfiles.k3s.cattle.io
2025-01-27 17:04:34,091 INFO c.h.h.t.HelmChartContainer - [K3S] [INFO] Applying CRD helmcharts.helm.cattle.io
2025-01-27 17:04:34,107 INFO c.h.h.t.HelmChartContainer - [K3S] [INFO] Applying CRD helmchartconfigs.helm.cattle.io
2025-01-27 17:04:34,125 INFO c.h.h.t.HelmChartContainer - [K3S] [INFO] Waiting for CRD helmchartconfigs.helm.cattle.io to become available
2025-01-27 17:04:34,245 INFO c.h.h.t.HelmChartContainer - [K3S] Flag --containerd has been deprecated, This is a cadvisor flag that was mistakenly registered with the Kubelet. Due to legacy concerns, it will follow the standard CLI deprecation timeline before being removed.
2025-01-27 17:04:34,248 INFO c.h.h.t.HelmChartContainer - [K3S] [server.go:515] "Kubelet version" kubeletVersion="v1.32.0+k3s1"
2025-01-27 17:04:34,249 INFO c.h.h.t.HelmChartContainer - [K3S] [server.go:517] "Golang settings" GOGC="" GOMAXPROCS="" GOTRACEBACK=""
2025-01-27 17:04:34,250 INFO c.h.h.t.HelmChartContainer - [K3S] [dynamic_cafile_content.go:161] "Starting controller" name="client-ca-bundle::/var/lib/rancher/k3s/agent/client-ca.crt"
2025-01-27 17:04:34,252 INFO c.h.h.t.HelmChartContainer - [K3S] [log.go:32] "RuntimeConfig from runtime service failed" err="rpc error: code = Unimplemented desc = method RuntimeConfig not implemented"
2025-01-27 17:04:34,252 INFO c.h.h.t.HelmChartContainer - [K3S] [server.go:1416] "CRI implementation should be updated to support RuntimeConfig when KubeletCgroupDriverFromCRI feature gate has been enabled. Falling back to using cgroupDriver from kubelet config."
2025-01-27 17:04:34,255 INFO c.h.h.t.HelmChartContainer - [K3S] [info.go:53] Couldn't collect info from any of the files in "/etc/machine-id,/var/lib/dbus/machine-id"
2025-01-27 17:04:34,256 INFO c.h.h.t.HelmChartContainer - [K3S] [server.go:767] "--cgroups-per-qos enabled, but --cgroup-root was not specified.  defaulting to /"
2025-01-27 17:04:34,256 INFO c.h.h.t.HelmChartContainer - [K3S] [server.go:836] "NoSwap is set due to memorySwapBehavior not specified" memorySwapBehavior="" FailSwapOn=false
2025-01-27 17:04:34,256 INFO c.h.h.t.HelmChartContainer - [K3S] [swap_util.go:115] "Swap is on" /proc/swaps contents=<
2025-01-27 17:04:34,256 INFO c.h.h.t.HelmChartContainer - [K3S] 	Filename				Type		Size		Used		Priority
2025-01-27 17:04:34,256 INFO c.h.h.t.HelmChartContainer - [K3S] 	/mnt/swapfile                           file		4194300		0		-2
2025-01-27 17:04:34,257 INFO c.h.h.t.HelmChartContainer - [K3S]  >
2025-01-27 17:04:34,258 INFO c.h.h.t.HelmChartContainer - [K3S] [container_manager_linux.go:268] "Container manager verified user specified cgroup-root exists" cgroupRoot=[]
2025-01-27 17:04:34,258 INFO c.h.h.t.HelmChartContainer - [K3S] [container_manager_linux.go:273] "Creating Container Manager object based on Node Config" nodeConfig={"NodeName":"20460d4a333c","RuntimeCgroupsName":"","SystemCgroupsName":"","KubeletCgroupsName":"/k3s","KubeletOOMScoreAdj":-999,"ContainerRuntime":"","CgroupsPerQOS":true,"CgroupRoot":"/","CgroupDriver":"cgroupfs","KubeletRootDir":"/var/lib/kubelet","ProtectKernelDefaults":false,"KubeReservedCgroupName":"","SystemReservedCgroupName":"","ReservedSystemCPUs":{},"EnforceNodeAllocatable":{"pods":{}},"KubeReserved":null,"SystemReserved":null,"HardEvictionThresholds":[{"Signal":"imagefs.available","Operator":"LessThan","Value":{"Quantity":null,"Percentage":0.05},"GracePeriod":0,"MinReclaim":null},{"Signal":"nodefs.available","Operator":"LessThan","Value":{"Quantity":null,"Percentage":0.05},"GracePeriod":0,"MinReclaim":null}],"QOSReserved":{},"CPUManagerPolicy":"none","CPUManagerPolicyOptions":null,"TopologyManagerScope":"container","CPUManagerReconcilePeriod":10000000000,"ExperimentalMemoryManagerPolicy":"None","ExperimentalMemoryManagerReservedMemory":null,"PodPidsLimit":-1,"EnforceCPULimits":true,"CPUCFSQuotaPeriod":100000000,"TopologyManagerPolicy":"none","TopologyManagerPolicyOptions":null,"CgroupVersion":2}
2025-01-27 17:04:34,258 INFO c.h.h.t.HelmChartContainer - [K3S] [topology_manager.go:138] "Creating topology manager with none policy"
2025-01-27 17:04:34,258 INFO c.h.h.t.HelmChartContainer - [K3S] [container_manager_linux.go:304] "Creating device plugin manager"
2025-01-27 17:04:34,258 INFO c.h.h.t.HelmChartContainer - [K3S] [state_mem.go:36] "Initialized new in-memory state store"
2025-01-27 17:04:34,258 INFO c.h.h.t.HelmChartContainer - [K3S] [kubelet.go:446] "Attempting to sync node with API server"
2025-01-27 17:04:34,258 INFO c.h.h.t.HelmChartContainer - [K3S] [kubelet.go:341] "Adding static pod path" path="/var/lib/rancher/k3s/agent/pod-manifests"
2025-01-27 17:04:34,258 INFO c.h.h.t.HelmChartContainer - [K3S] [kubelet.go:352] "Adding apiserver pod source"
2025-01-27 17:04:34,259 INFO c.h.h.t.HelmChartContainer - [K3S] [apiserver.go:42] "Waiting for node sync before watching apiserver pods"
2025-01-27 17:04:34,259 INFO c.h.h.t.HelmChartContainer - [K3S] [kuberuntime_manager.go:269] "Container runtime initialized" containerRuntime="containerd" version="v1.7.23-k3s2" apiVersion="v1"
2025-01-27 17:04:34,260 INFO c.h.h.t.HelmChartContainer - [K3S] [kubelet.go:890] "Not starting ClusterTrustBundle informer because we are in static kubelet mode"
2025-01-27 17:04:34,260 INFO c.h.h.t.HelmChartContainer - [K3S] [probe.go:272] Flexvolume plugin directory at /usr/libexec/kubernetes/kubelet-plugins/volume/exec/ does not exist. Recreating.
2025-01-27 17:04:34,262 INFO c.h.h.t.HelmChartContainer - [K3S] [watchdog_linux.go:99] "Systemd watchdog is not enabled"
2025-01-27 17:04:34,262 INFO c.h.h.t.HelmChartContainer - [K3S] [server.go:1282] "Started kubelet"
2025-01-27 17:04:34,263 INFO c.h.h.t.HelmChartContainer - [K3S] [fs_resource_analyzer.go:67] "Starting FS ResourceAnalyzer"
2025-01-27 17:04:34,268 INFO c.h.h.t.HelmChartContainer - [K3S] [volume_manager.go:297] "Starting Kubelet Volume Manager"
2025-01-27 17:04:34,269 INFO c.h.h.t.HelmChartContainer - [K3S] [kubelet_node_status.go:467] "Error getting the current node from lister" err="node \"20460d4a333c\" not found"
2025-01-27 17:04:34,271 INFO c.h.h.t.HelmChartContainer - [K3S] [desired_state_of_world_populator.go:149] "Desired state populator starts to run"
2025-01-27 17:04:34,272 INFO c.h.h.t.HelmChartContainer - [K3S] [reconciler.go:26] "Reconciler: start to sync state"
2025-01-27 17:04:34,274 INFO c.h.h.t.HelmChartContainer - [K3S] [server.go:169] "Starting to listen" address="0.0.0.0" port=10250
2025-01-27 17:04:34,275 INFO c.h.h.t.HelmChartContainer - [K3S] [server.go:490] "Adding debug handlers to kubelet server"
2025-01-27 17:04:34,275 INFO c.h.h.t.HelmChartContainer - [K3S] [factory.go:219] Registration of the crio container factory failed: Get "http://%2Fvar%2Frun%2Fcrio%2Fcrio.sock/info": dial unix /var/run/crio/crio.sock: connect: no such file or directory
2025-01-27 17:04:34,277 INFO c.h.h.t.HelmChartContainer - [K3S] [server.go:208] "Starting to listen read-only" address="0.0.0.0" port=10255
2025-01-27 17:04:34,279 INFO c.h.h.t.HelmChartContainer - [K3S] [ratelimit.go:55] "Setting rate limiting for endpoint" service="podresources" qps=100 burstTokens=10
2025-01-27 17:04:34,280 INFO c.h.h.t.HelmChartContainer - [K3S] [server.go:243] "Starting to serve the podresources API" endpoint="unix:/var/lib/kubelet/pod-resources/kubelet.sock"
2025-01-27 17:04:34,280 INFO c.h.h.t.HelmChartContainer - [K3S] [kubelet.go:1561] "Image garbage collection failed once. Stats initialization may not have completed yet" err="invalid capacity 0 on image filesystem"
2025-01-27 17:04:34,282 INFO c.h.h.t.HelmChartContainer - [K3S] [dynamic_serving_content.go:135] "Starting controller" name="kubelet-server-cert-files::/var/lib/rancher/k3s/agent/serving-kubelet.crt::/var/lib/rancher/k3s/agent/serving-kubelet.key"
2025-01-27 17:04:34,283 INFO c.h.h.t.HelmChartContainer - [K3S] [factory.go:221] Registration of the containerd container factory successfully
2025-01-27 17:04:34,284 INFO c.h.h.t.HelmChartContainer - [K3S] [factory.go:221] Registration of the systemd container factory successfully
2025-01-27 17:04:34,289 INFO c.h.h.t.HelmChartContainer - [K3S] [nodelease.go:49] "Failed to get node when trying to set owner ref to the node lease" err="nodes \"20460d4a333c\" not found" node="20460d4a333c"
2025-01-27 17:04:34,296 INFO c.h.h.t.HelmChartContainer - [K3S] [cpu_manager.go:221] "Starting CPU manager" policy="none"
2025-01-27 17:04:34,297 INFO c.h.h.t.HelmChartContainer - [K3S] [cpu_manager.go:222] "Reconciling" reconcilePeriod="10s"
2025-01-27 17:04:34,297 INFO c.h.h.t.HelmChartContainer - [K3S] [state_mem.go:36] "Initialized new in-memory state store"
2025-01-27 17:04:34,299 INFO c.h.h.t.HelmChartContainer - [K3S] [policy_none.go:49] "None policy: Start"
2025-01-27 17:04:34,299 INFO c.h.h.t.HelmChartContainer - [K3S] [memory_manager.go:186] "Starting memorymanager" policy="None"
2025-01-27 17:04:34,299 INFO c.h.h.t.HelmChartContainer - [K3S] [state_mem.go:35] "Initializing new in-memory state store"
2025-01-27 17:04:34,301 INFO c.h.h.t.HelmChartContainer - [K3S] [manager.go:519] "Failed to read data from checkpoint" checkpoint="kubelet_internal_checkpoint" err="checkpoint is not found"
2025-01-27 17:04:34,301 INFO c.h.h.t.HelmChartContainer - [K3S] [eviction_manager.go:189] "Eviction manager: starting control loop"
2025-01-27 17:04:34,302 INFO c.h.h.t.HelmChartContainer - [K3S] [container_log_manager.go:189] "Initializing container log rotate workers" workers=1 monitorPeriod="10s"
2025-01-27 17:04:34,312 INFO c.h.h.t.HelmChartContainer - [K3S] [plugin_manager.go:118] "Starting Kubelet Plugin Manager"
2025-01-27 17:04:34,314 INFO c.h.h.t.HelmChartContainer - [K3S] [eviction_manager.go:267] "eviction manager: failed to check if we have separate container filesystem. Ignoring." err="no imagefs label for configured runtime"
2025-01-27 17:04:34,317 INFO c.h.h.t.HelmChartContainer - [K3S] [eviction_manager.go:292] "Eviction manager: failed to get summary stats" err="failed to get node info: node \"20460d4a333c\" not found"
2025-01-27 17:04:34,318 INFO c.h.h.t.HelmChartContainer - [K3S] [kubelet_network_linux.go:50] "Initialized iptables rules." protocol="IPv4"
2025-01-27 17:04:34,320 INFO c.h.h.t.HelmChartContainer - [K3S] [kubelet_network_linux.go:50] "Initialized iptables rules." protocol="IPv6"
2025-01-27 17:04:34,322 INFO c.h.h.t.HelmChartContainer - [K3S] [status_manager.go:227] "Starting to sync pod status with apiserver"
2025-01-27 17:04:34,322 INFO c.h.h.t.HelmChartContainer - [K3S] [watchdog_linux.go:127] "Systemd watchdog is not enabled or the interval is invalid, so health checking will not be started."
2025-01-27 17:04:34,322 INFO c.h.h.t.HelmChartContainer - [K3S] [kubelet.go:2388] "Starting kubelet main sync loop"
2025-01-27 17:04:34,322 INFO c.h.h.t.HelmChartContainer - [K3S] [kubelet.go:2412] "Skipping pod synchronization" err="PLEG is not healthy: pleg has yet to be successful"
2025-01-27 17:04:34,403 INFO c.h.h.t.HelmChartContainer - [K3S] [kubelet_node_status.go:76] "Attempting to register node" node="20460d4a333c"
2025-01-27 17:04:34,407 INFO c.h.h.t.HelmChartContainer - [K3S] [kubelet_node_status.go:79] "Successfully registered node" node="20460d4a333c"
2025-01-27 17:04:34,407 INFO c.h.h.t.HelmChartContainer - [K3S] [kubelet_node_status.go:549] "Error updating node status, will retry" err="error getting node \"20460d4a333c\": node \"20460d4a333c\" not found"
2025-01-27 17:04:34,415 INFO c.h.h.t.HelmChartContainer - [K3S] [INFO] Annotations and labels have been set successfully on node: 20460d4a333c
2025-01-27 17:04:34,416 INFO c.h.h.t.HelmChartContainer - [K3S] [INFO] Starting flannel with backend vxlan
2025-01-27 17:04:34,469 INFO c.h.h.t.HelmChartContainer - [K3S] [serving.go:392] Generated self-signed cert in-memory
2025-01-27 17:04:34,627 INFO c.h.h.t.HelmChartContainer - [K3S] [INFO] Done waiting for CRD helmchartconfigs.helm.cattle.io to become available
2025-01-27 17:04:34,629 INFO c.h.h.t.HelmChartContainer - [K3S] [INFO] Writing static file: /var/lib/rancher/k3s/server/static/charts/traefik-27.0.201+up27.0.2.tgz
2025-01-27 17:04:34,629 INFO c.h.h.t.HelmChartContainer - [K3S] [INFO] Writing static file: /var/lib/rancher/k3s/server/static/charts/traefik-crd-27.0.201+up27.0.2.tgz
2025-01-27 17:04:34,629 INFO c.h.h.t.HelmChartContainer - [K3S] [INFO] Writing manifest: /var/lib/rancher/k3s/server/manifests/metrics-server/resource-reader.yaml
2025-01-27 17:04:34,630 INFO c.h.h.t.HelmChartContainer - [K3S] [INFO] Writing manifest: /var/lib/rancher/k3s/server/manifests/rolebindings.yaml
2025-01-27 17:04:34,630 INFO c.h.h.t.HelmChartContainer - [K3S] [INFO] Writing manifest: /var/lib/rancher/k3s/server/manifests/runtimes.yaml
2025-01-27 17:04:34,630 INFO c.h.h.t.HelmChartContainer - [K3S] [INFO] Writing manifest: /var/lib/rancher/k3s/server/manifests/ccm.yaml
2025-01-27 17:04:34,630 INFO c.h.h.t.HelmChartContainer - [K3S] [INFO] Writing manifest: /var/lib/rancher/k3s/server/manifests/coredns.yaml
2025-01-27 17:04:34,630 INFO c.h.h.t.HelmChartContainer - [K3S] [INFO] Writing manifest: /var/lib/rancher/k3s/server/manifests/metrics-server/aggregated-metrics-reader.yaml
2025-01-27 17:04:34,630 INFO c.h.h.t.HelmChartContainer - [K3S] [INFO] Writing manifest: /var/lib/rancher/k3s/server/manifests/metrics-server/metrics-apiservice.yaml
2025-01-27 17:04:34,631 INFO c.h.h.t.HelmChartContainer - [K3S] [INFO] Writing manifest: /var/lib/rancher/k3s/server/manifests/metrics-server/metrics-server-service.yaml
2025-01-27 17:04:34,631 INFO c.h.h.t.HelmChartContainer - [K3S] [INFO] Writing manifest: /var/lib/rancher/k3s/server/manifests/local-storage.yaml
2025-01-27 17:04:34,631 INFO c.h.h.t.HelmChartContainer - [K3S] [INFO] Writing manifest: /var/lib/rancher/k3s/server/manifests/metrics-server/auth-delegator.yaml
2025-01-27 17:04:34,631 INFO c.h.h.t.HelmChartContainer - [K3S] [INFO] Writing manifest: /var/lib/rancher/k3s/server/manifests/metrics-server/auth-reader.yaml
2025-01-27 17:04:34,631 INFO c.h.h.t.HelmChartContainer - [K3S] [INFO] Writing manifest: /var/lib/rancher/k3s/server/manifests/metrics-server/metrics-server-deployment.yaml
2025-01-27 17:04:34,632 INFO c.h.h.t.HelmChartContainer - [K3S] [INFO] Tunnel server egress proxy mode: agent
2025-01-27 17:04:34,633 INFO c.h.h.t.HelmChartContainer - [K3S] [INFO] Starting dynamiclistener CN filter node controller with SANs: [localhost 127.0.0.1 ::1 localhost 20460d4a333c 172.18.0.2 10.43.0.1 kubernetes kubernetes.default kubernetes.default.svc kubernetes.default.svc.cluster.local]
2025-01-27 17:04:34,667 INFO c.h.h.t.HelmChartContainer - [K3S] [server.go:698] "Successfully retrieved node IP(s)" IPs=["172.18.0.2"]
2025-01-27 17:04:34,667 INFO c.h.h.t.HelmChartContainer - [K3S] [server.go:234] "Kube-proxy configuration may be incomplete or incorrect" err="nodePortAddresses is unset; NodePort connections will be accepted on all local IPs. Consider using `--nodeport-addresses primary`"
2025-01-27 17:04:34,671 INFO c.h.h.t.HelmChartContainer - [K3S] [server.go:243] "kube-proxy running in dual-stack mode" primary ipFamily="IPv4"
2025-01-27 17:04:34,671 INFO c.h.h.t.HelmChartContainer - [K3S] [server_linux.go:170] "Using iptables Proxier"
2025-01-27 17:04:34,672 INFO c.h.h.t.HelmChartContainer - [K3S] [proxier.go:255] "Setting route_localnet=1 to allow node-ports on localhost; to change this either disable iptables.localhostNodePorts (--iptables-localhost-nodeports) or set nodePortAddresses (--nodeport-addresses) to filter loopback addresses"
2025-01-27 17:04:34,676 INFO c.h.h.t.HelmChartContainer - [K3S] [server.go:497] "Version info" version="v1.32.0+k3s1"
2025-01-27 17:04:34,676 INFO c.h.h.t.HelmChartContainer - [K3S] [server.go:499] "Golang settings" GOGC="" GOMAXPROCS="" GOTRACEBACK=""
2025-01-27 17:04:34,676 INFO c.h.h.t.HelmChartContainer - [K3S] [config.go:199] "Starting service config controller"
2025-01-27 17:04:34,678 INFO c.h.h.t.HelmChartContainer - [K3S] [config.go:105] "Starting endpoint slice config controller"
2025-01-27 17:04:34,681 INFO c.h.h.t.HelmChartContainer - [K3S] [config.go:329] "Starting node config controller"
2025-01-27 17:04:34,716 INFO c.h.h.t.HelmChartContainer - [K3S] [kubelet_node_status.go:502] "Fast updating node status as it just became ready"
2025-01-27 17:04:34,738 INFO c.h.h.t.HelmChartContainer - [K3S] [INFO] Starting k3s.cattle.io/v1, Kind=Addon controller
2025-01-27 17:04:34,739 INFO c.h.h.t.HelmChartContainer - [K3S] [INFO] Creating deploy event broadcaster
2025-01-27 17:04:34,843 INFO c.h.h.t.HelmChartContainer - [K3S] [INFO] Starting /v1, Kind=Node controller
2025-01-27 17:04:34,844 INFO c.h.h.t.HelmChartContainer - [K3S] [INFO] Creating helm-controller event broadcaster
2025-01-27 17:04:34,864 INFO c.h.h.t.HelmChartContainer - [K3S] [INFO] Labels and annotations have been set successfully on node: 20460d4a333c
2025-01-27 17:04:34,865 INFO c.h.h.t.HelmChartContainer - [K3S] [INFO] Cluster dns configmap has been set successfully
2025-01-27 17:04:34,894 INFO c.h.h.t.HelmChartContainer - [K3S] [INFO] Starting /v1, Kind=ConfigMap controller
2025-01-27 17:04:34,894 INFO c.h.h.t.HelmChartContainer - [K3S] [INFO] Starting /v1, Kind=ServiceAccount controller
2025-01-27 17:04:34,895 INFO c.h.h.t.HelmChartContainer - [K3S] [INFO] Starting /v1, Kind=Secret controller
2025-01-27 17:04:34,901 INFO c.h.h.t.HelmChartContainer - [K3S] [INFO] Updating TLS secret for kube-system/k3s-serving (count: 10): map[listener.cattle.io/cn-10.43.0.1:10.43.0.1 listener.cattle.io/cn-127.0.0.1:127.0.0.1 listener.cattle.io/cn-172.18.0.2:172.18.0.2 listener.cattle.io/cn-20460d4a333c:20460d4a333c listener.cattle.io/cn-__1-f16284:::1 listener.cattle.io/cn-kubernetes:kubernetes listener.cattle.io/cn-kubernetes.default:kubernetes.default listener.cattle.io/cn-kubernetes.default.svc:kubernetes.default.svc listener.cattle.io/cn-kubernetes.default.svc.cluster.local:kubernetes.default.svc.cluster.local listener.cattle.io/cn-localhost:localhost listener.cattle.io/fingerprint:SHA1=E3C5818F234E397917FB4DF0989E4848D3E7B31F]
2025-01-27 17:04:34,904 INFO c.h.h.t.HelmChartContainer - [K3S] [INFO] Active TLS secret kube-system/k3s-serving (ver=229) (count 10): map[listener.cattle.io/cn-10.43.0.1:10.43.0.1 listener.cattle.io/cn-127.0.0.1:127.0.0.1 listener.cattle.io/cn-172.18.0.2:172.18.0.2 listener.cattle.io/cn-20460d4a333c:20460d4a333c listener.cattle.io/cn-__1-f16284:::1 listener.cattle.io/cn-kubernetes:kubernetes listener.cattle.io/cn-kubernetes.default:kubernetes.default listener.cattle.io/cn-kubernetes.default.svc:kubernetes.default.svc listener.cattle.io/cn-kubernetes.default.svc.cluster.local:kubernetes.default.svc.cluster.local listener.cattle.io/cn-localhost:localhost listener.cattle.io/fingerprint:SHA1=E3C5818F234E397917FB4DF0989E4848D3E7B31F]
2025-01-27 17:04:34,926 INFO c.h.h.t.HelmChartContainer - [K3S] [controllermanager.go:185] "Starting" version="v1.32.0+k3s1"
2025-01-27 17:04:34,927 INFO c.h.h.t.HelmChartContainer - [K3S] [controllermanager.go:187] "Golang settings" GOGC="" GOMAXPROCS="" GOTRACEBACK=""
2025-01-27 17:04:34,929 INFO c.h.h.t.HelmChartContainer - [K3S] [requestheader_controller.go:180] Starting RequestHeaderAuthRequestController
2025-01-27 17:04:34,930 INFO c.h.h.t.HelmChartContainer - [K3S] [configmap_cafile_content.go:205] "Starting controller" name="client-ca::kube-system::extension-apiserver-authentication::client-ca-file"
2025-01-27 17:04:34,930 INFO c.h.h.t.HelmChartContainer - [K3S] [configmap_cafile_content.go:205] "Starting controller" name="client-ca::kube-system::extension-apiserver-authentication::requestheader-client-ca-file"
2025-01-27 17:04:34,930 INFO c.h.h.t.HelmChartContainer - [K3S] [secure_serving.go:213] Serving securely on 127.0.0.1:10257
2025-01-27 17:04:34,931 INFO c.h.h.t.HelmChartContainer - [K3S] [tlsconfig.go:243] "Starting DynamicServingCertificateController"
2025-01-27 17:04:34,934 INFO c.h.h.t.HelmChartContainer - [K3S] [controllermanager.go:765] "Started controller" controller="serviceaccount-token-controller"
2025-01-27 17:04:34,941 INFO c.h.h.t.HelmChartContainer - [K3S] [controllermanager.go:765] "Started controller" controller="endpointslice-controller"
2025-01-27 17:04:34,942 INFO c.h.h.t.HelmChartContainer - [K3S] [endpointslice_controller.go:281] "Starting endpoint slice controller"
2025-01-27 17:04:34,947 INFO c.h.h.t.HelmChartContainer - [K3S] [certificate_controller.go:120] "Starting certificate controller" name="csrsigning-kubelet-serving"
2025-01-27 17:04:34,947 INFO c.h.h.t.HelmChartContainer - [K3S] [dynamic_serving_content.go:135] "Starting controller" name="csr-controller::/var/lib/rancher/k3s/server/tls/server-ca.nochain.crt::/var/lib/rancher/k3s/server/tls/server-ca.key"
2025-01-27 17:04:34,947 INFO c.h.h.t.HelmChartContainer - [K3S] [certificate_controller.go:120] "Starting certificate controller" name="csrsigning-kubelet-client"
2025-01-27 17:04:34,947 INFO c.h.h.t.HelmChartContainer - [K3S] [dynamic_serving_content.go:135] "Starting controller" name="csr-controller::/var/lib/rancher/k3s/server/tls/client-ca.nochain.crt::/var/lib/rancher/k3s/server/tls/client-ca.key"
2025-01-27 17:04:34,948 INFO c.h.h.t.HelmChartContainer - [K3S] [certificate_controller.go:120] "Starting certificate controller" name="csrsigning-kube-apiserver-client"
2025-01-27 17:04:34,948 INFO c.h.h.t.HelmChartContainer - [K3S] [dynamic_serving_content.go:135] "Starting controller" name="csr-controller::/var/lib/rancher/k3s/server/tls/client-ca.nochain.crt::/var/lib/rancher/k3s/server/tls/client-ca.key"
2025-01-27 17:04:34,948 INFO c.h.h.t.HelmChartContainer - [K3S] [controllermanager.go:765] "Started controller" controller="certificatesigningrequest-signing-controller"
2025-01-27 17:04:34,948 INFO c.h.h.t.HelmChartContainer - [K3S] [certificate_controller.go:120] "Starting certificate controller" name="csrsigning-legacy-unknown"
2025-01-27 17:04:34,948 INFO c.h.h.t.HelmChartContainer - [K3S] [dynamic_serving_content.go:135] "Starting controller" name="csr-controller::/var/lib/rancher/k3s/server/tls/server-ca.nochain.crt::/var/lib/rancher/k3s/server/tls/server-ca.key"
2025-01-27 17:04:34,954 INFO c.h.h.t.HelmChartContainer - [K3S] [controllermanager.go:765] "Started controller" controller="persistentvolume-binder-controller"
2025-01-27 17:04:34,954 INFO c.h.h.t.HelmChartContainer - [K3S] [pv_controller_base.go:308] "Starting persistent volume controller"
2025-01-27 17:04:34,957 INFO c.h.h.t.HelmChartContainer - [K3S] [INFO] Starting helm.cattle.io/v1, Kind=HelmChart controller
2025-01-27 17:04:34,957 INFO c.h.h.t.HelmChartContainer - [K3S] [INFO] Starting helm.cattle.io/v1, Kind=HelmChartConfig controller
2025-01-27 17:04:34,960 INFO c.h.h.t.HelmChartContainer - [K3S] [INFO] Starting rbac.authorization.k8s.io/v1, Kind=ClusterRoleBinding controller
2025-01-27 17:04:34,960 INFO c.h.h.t.HelmChartContainer - [K3S] [controllermanager.go:765] "Started controller" controller="persistentvolume-attach-detach-controller"
2025-01-27 17:04:34,961 INFO c.h.h.t.HelmChartContainer - [K3S] [attach_detach_controller.go:338] "Starting attach detach controller"
2025-01-27 17:04:34,963 INFO c.h.h.t.HelmChartContainer - [K3S] [INFO] Starting batch/v1, Kind=Job controller
2025-01-27 17:04:34,966 INFO c.h.h.t.HelmChartContainer - [K3S] [controllermanager.go:765] "Started controller" controller="persistentvolumeclaim-protection-controller"
2025-01-27 17:04:34,966 INFO c.h.h.t.HelmChartContainer - [K3S] [pvc_protection_controller.go:168] "Starting PVC protection controller"
2025-01-27 17:04:34,966 INFO c.h.h.t.HelmChartContainer - [K3S] [controllermanager.go:717] "Controller is disabled by a feature gate" controller="volumeattributesclass-protection-controller" requiredFeatureGates=["VolumeAttributesClass"]
2025-01-27 17:04:34,981 INFO c.h.h.t.HelmChartContainer - [K3S] [controllermanager.go:765] "Started controller" controller="resourcequota-controller"
2025-01-27 17:04:34,982 INFO c.h.h.t.HelmChartContainer - [K3S] [resource_quota_controller.go:300] "Starting resource quota controller"
2025-01-27 17:04:34,987 INFO c.h.h.t.HelmChartContainer - [K3S] [controllermanager.go:765] "Started controller" controller="replicaset-controller"
2025-01-27 17:04:34,987 INFO c.h.h.t.HelmChartContainer - [K3S] [replica_set.go:217] "Starting controller" name="replicaset"
2025-01-27 17:04:34,993 INFO c.h.h.t.HelmChartContainer - [K3S] [INFO] Updating TLS secret for kube-system/k3s-serving (count: 10): map[listener.cattle.io/cn-10.43.0.1:10.43.0.1 listener.cattle.io/cn-127.0.0.1:127.0.0.1 listener.cattle.io/cn-172.18.0.2:172.18.0.2 listener.cattle.io/cn-20460d4a333c:20460d4a333c listener.cattle.io/cn-__1-f16284:::1 listener.cattle.io/cn-kubernetes:kubernetes listener.cattle.io/cn-kubernetes.default:kubernetes.default listener.cattle.io/cn-kubernetes.default.svc:kubernetes.default.svc listener.cattle.io/cn-kubernetes.default.svc.cluster.local:kubernetes.default.svc.cluster.local listener.cattle.io/cn-localhost:localhost listener.cattle.io/fingerprint:SHA1=E3C5818F234E397917FB4DF0989E4848D3E7B31F]
2025-01-27 17:04:34,998 INFO c.h.h.t.HelmChartContainer - [K3S] [controllermanager.go:765] "Started controller" controller="horizontal-pod-autoscaler-controller"
2025-01-27 17:04:34,998 INFO c.h.h.t.HelmChartContainer - [K3S] [horizontal.go:201] "Starting HPA controller"
2025-01-27 17:04:35,189 INFO c.h.h.t.HelmChartContainer - [K3S] [range_allocator.go:112] "No Secondary Service CIDR provided. Skipping filtering out secondary service addresses"
2025-01-27 17:04:35,189 INFO c.h.h.t.HelmChartContainer - [K3S] [controllermanager.go:765] "Started controller" controller="node-ipam-controller"
2025-01-27 17:04:35,189 INFO c.h.h.t.HelmChartContainer - [K3S] [node_ipam_controller.go:141] "Starting ipam controller"
2025-01-27 17:04:35,259 INFO c.h.h.t.HelmChartContainer - [K3S] [apiserver.go:52] "Watching apiserver"
2025-01-27 17:04:35,272 INFO c.h.h.t.HelmChartContainer - [K3S] [desired_state_of_world_populator.go:157] "Finished populating initial desired state of world"
2025-01-27 17:04:35,338 INFO c.h.h.t.HelmChartContainer - [K3S] [controllermanager.go:765] "Started controller" controller="ephemeral-volume-controller"
2025-01-27 17:04:35,338 INFO c.h.h.t.HelmChartContainer - [K3S] [controller.go:173] "Starting ephemeral volume controller"
2025-01-27 17:04:35,338 INFO c.h.h.t.HelmChartContainer - [K3S] [controllermanager.go:717] "Controller is disabled by a feature gate" controller="storageversion-garbage-collector-controller" requiredFeatureGates=["APIServerIdentity","StorageVersionAPI"]
2025-01-27 17:04:35,338 INFO c.h.h.t.HelmChartContainer - [K3S] [controllermanager.go:717] "Controller is disabled by a feature gate" controller="service-cidr-controller" requiredFeatureGates=["MultiCIDRServiceAllocator"]
2025-01-27 17:04:35,338 INFO c.h.h.t.HelmChartContainer - [K3S] [controllermanager.go:717] "Controller is disabled by a feature gate" controller="selinux-warning-controller" requiredFeatureGates=["SELinuxChangePolicy"]
2025-01-27 17:04:35,487 INFO c.h.h.t.HelmChartContainer - [K3S] [controllermanager.go:765] "Started controller" controller="pod-garbage-collector-controller"
2025-01-27 17:04:35,488 INFO c.h.h.t.HelmChartContainer - [K3S] [gc_controller.go:99] "Starting GC controller"
2025-01-27 17:04:35,536 INFO c.h.h.t.HelmChartContainer - [K3S] [controllermanager.go:765] "Started controller" controller="certificatesigningrequest-cleaner-controller"
2025-01-27 17:04:35,536 INFO c.h.h.t.HelmChartContainer - [K3S] [cleaner.go:83] "Starting CSR cleaner controller"
2025-01-27 17:04:35,693 INFO c.h.h.t.HelmChartContainer - [K3S] [controllermanager.go:765] "Started controller" controller="ttl-after-finished-controller"
2025-01-27 17:04:35,693 INFO c.h.h.t.HelmChartContainer - [K3S] [controllermanager.go:723] "Skipping a cloud provider controller" controller="service-lb-controller"
2025-01-27 17:04:35,693 INFO c.h.h.t.HelmChartContainer - [K3S] [controllermanager.go:723] "Skipping a cloud provider controller" controller="cloud-node-lifecycle-controller"
2025-01-27 17:04:35,693 INFO c.h.h.t.HelmChartContainer - [K3S] [ttlafterfinished_controller.go:112] "Starting TTL after finished controller"
2025-01-27 17:04:35,838 INFO c.h.h.t.HelmChartContainer - [K3S] [controllermanager.go:765] "Started controller" controller="persistentvolume-protection-controller"
2025-01-27 17:04:35,838 INFO c.h.h.t.HelmChartContainer - [K3S] [pv_protection_controller.go:81] "Starting PV protection controller"
2025-01-27 17:04:35,987 INFO c.h.h.t.HelmChartContainer - [K3S] [controllermanager.go:765] "Started controller" controller="root-ca-certificate-publisher-controller"
2025-01-27 17:04:35,987 INFO c.h.h.t.HelmChartContainer - [K3S] [publisher.go:107] "Starting root CA cert publisher controller"
2025-01-27 17:04:36,237 INFO c.h.h.t.HelmChartContainer - [K3S] [graph_builder.go:351] "Running" component="GraphBuilder"
2025-01-27 17:04:36,237 INFO c.h.h.t.HelmChartContainer - [K3S] [controllermanager.go:765] "Started controller" controller="garbage-collector-controller"
2025-01-27 17:04:36,488 INFO c.h.h.t.HelmChartContainer - [K3S] [controllermanager.go:765] "Started controller" controller="deployment-controller"
2025-01-27 17:04:36,488 INFO c.h.h.t.HelmChartContainer - [K3S] [deployment_controller.go:173] "Starting controller" controller="deployment"
2025-01-27 17:04:36,637 INFO c.h.h.t.HelmChartContainer - [K3S] [controllermanager.go:765] "Started controller" controller="cronjob-controller"
2025-01-27 17:04:36,638 INFO c.h.h.t.HelmChartContainer - [K3S] [cronjob_controllerv2.go:145] "Starting cronjob controller v2"
2025-01-27 17:04:36,687 INFO c.h.h.t.HelmChartContainer - [K3S] [controllermanager.go:765] "Started controller" controller="certificatesigningrequest-approving-controller"
2025-01-27 17:04:36,687 INFO c.h.h.t.HelmChartContainer - [K3S] [certificate_controller.go:120] "Starting certificate controller" name="csrapproving"
2025-01-27 17:04:36,737 INFO c.h.h.t.HelmChartContainer - [K3S] [event.go:389] "Event occurred" object="20460d4a333c" fieldPath="" kind="Node" apiVersion="" type="Normal" reason="NodePasswordValidationComplete" message="Deferred node password secret validation complete"
2025-01-27 17:04:36,744 INFO c.h.h.t.HelmChartContainer - [K3S] [event.go:389] "Event occurred" object="kube-system/ccm" fieldPath="" kind="Addon" apiVersion="k3s.cattle.io/v1" type="Normal" reason="ApplyingManifest" message="Applying manifest at \"/var/lib/rancher/k3s/server/manifests/ccm.yaml\""
2025-01-27 17:04:36,762 INFO c.h.h.t.HelmChartContainer - [K3S] [event.go:389] "Event occurred" object="kube-system/ccm" fieldPath="" kind="Addon" apiVersion="k3s.cattle.io/v1" type="Normal" reason="AppliedManifest" message="Applied manifest at \"/var/lib/rancher/k3s/server/manifests/ccm.yaml\""
2025-01-27 17:04:36,770 INFO c.h.h.t.HelmChartContainer - [K3S] [event.go:389] "Event occurred" object="kube-system/coredns" fieldPath="" kind="Addon" apiVersion="k3s.cattle.io/v1" type="Normal" reason="ApplyingManifest" message="Applying manifest at \"/var/lib/rancher/k3s/server/manifests/coredns.yaml\""
2025-01-27 17:04:36,874 INFO c.h.h.t.HelmChartContainer - [K3S] [alloc.go:330] "allocated clusterIPs" service="kube-system/kube-dns" clusterIPs={"IPv4":"10.43.0.10"}
2025-01-27 17:04:36,875 INFO c.h.h.t.HelmChartContainer - [K3S] [event.go:389] "Event occurred" object="kube-system/coredns" fieldPath="" kind="Addon" apiVersion="k3s.cattle.io/v1" type="Normal" reason="AppliedManifest" message="Applied manifest at \"/var/lib/rancher/k3s/server/manifests/coredns.yaml\""
2025-01-27 17:04:36,882 INFO c.h.h.t.HelmChartContainer - [K3S] [event.go:389] "Event occurred" object="kube-system/local-storage" fieldPath="" kind="Addon" apiVersion="k3s.cattle.io/v1" type="Normal" reason="ApplyingManifest" message="Applying manifest at \"/var/lib/rancher/k3s/server/manifests/local-storage.yaml\""
2025-01-27 17:04:36,886 INFO c.h.h.t.HelmChartContainer - [K3S] [controllermanager.go:765] "Started controller" controller="validatingadmissionpolicy-status-controller"
2025-01-27 17:04:36,975 INFO c.h.h.t.HelmChartContainer - [K3S] [event.go:389] "Event occurred" object="kube-system/local-storage" fieldPath="" kind="Addon" apiVersion="k3s.cattle.io/v1" type="Normal" reason="AppliedManifest" message="Applied manifest at \"/var/lib/rancher/k3s/server/manifests/local-storage.yaml\""
2025-01-27 17:04:36,980 INFO c.h.h.t.HelmChartContainer - [K3S] [event.go:389] "Event occurred" object="kube-system/aggregated-metrics-reader" fieldPath="" kind="Addon" apiVersion="k3s.cattle.io/v1" type="Normal" reason="ApplyingManifest" message="Applying manifest at \"/var/lib/rancher/k3s/server/manifests/metrics-server/aggregated-metrics-reader.yaml\""
2025-01-27 17:04:37,005 INFO c.h.h.t.HelmChartContainer - [K3S] [event.go:389] "Event occurred" object="kube-system/aggregated-metrics-reader" fieldPath="" kind="Addon" apiVersion="k3s.cattle.io/v1" type="Normal" reason="AppliedManifest" message="Applied manifest at \"/var/lib/rancher/k3s/server/manifests/metrics-server/aggregated-metrics-reader.yaml\""
2025-01-27 17:04:37,010 INFO c.h.h.t.HelmChartContainer - [K3S] [event.go:389] "Event occurred" object="kube-system/auth-delegator" fieldPath="" kind="Addon" apiVersion="k3s.cattle.io/v1" type="Normal" reason="ApplyingManifest" message="Applying manifest at \"/var/lib/rancher/k3s/server/manifests/metrics-server/auth-delegator.yaml\""
2025-01-27 17:04:37,036 INFO c.h.h.t.HelmChartContainer - [K3S] [controllermanager.go:765] "Started controller" controller="persistentvolume-expander-controller"
2025-01-27 17:04:37,036 INFO c.h.h.t.HelmChartContainer - [K3S] [expand_controller.go:329] "Starting expand controller"
2025-01-27 17:04:37,056 INFO c.h.h.t.HelmChartContainer - [K3S] [event.go:389] "Event occurred" object="kube-system/auth-delegator" fieldPath="" kind="Addon" apiVersion="k3s.cattle.io/v1" type="Normal" reason="AppliedManifest" message="Applied manifest at \"/var/lib/rancher/k3s/server/manifests/metrics-server/auth-delegator.yaml\""
2025-01-27 17:04:37,062 INFO c.h.h.t.HelmChartContainer - [K3S] [event.go:389] "Event occurred" object="kube-system/auth-reader" fieldPath="" kind="Addon" apiVersion="k3s.cattle.io/v1" type="Normal" reason="ApplyingManifest" message="Applying manifest at \"/var/lib/rancher/k3s/server/manifests/metrics-server/auth-reader.yaml\""
2025-01-27 17:04:37,067 INFO c.h.h.t.HelmChartContainer - [K3S] [event.go:389] "Event occurred" object="kube-system/auth-reader" fieldPath="" kind="Addon" apiVersion="k3s.cattle.io/v1" type="Normal" reason="AppliedManifest" message="Applied manifest at \"/var/lib/rancher/k3s/server/manifests/metrics-server/auth-reader.yaml\""
2025-01-27 17:04:37,073 INFO c.h.h.t.HelmChartContainer - [K3S] [event.go:389] "Event occurred" object="kube-system/metrics-apiservice" fieldPath="" kind="Addon" apiVersion="k3s.cattle.io/v1" type="Normal" reason="ApplyingManifest" message="Applying manifest at \"/var/lib/rancher/k3s/server/manifests/metrics-server/metrics-apiservice.yaml\""
2025-01-27 17:04:37,079 INFO c.h.h.t.HelmChartContainer - [K3S] [event.go:389] "Event occurred" object="kube-system/metrics-apiservice" fieldPath="" kind="Addon" apiVersion="k3s.cattle.io/v1" type="Normal" reason="AppliedManifest" message="Applied manifest at \"/var/lib/rancher/k3s/server/manifests/metrics-server/metrics-apiservice.yaml\""
2025-01-27 17:04:37,084 INFO c.h.h.t.HelmChartContainer - [K3S] [handler_proxy.go:99] no RequestInfo found in the context
2025-01-27 17:04:37,084 INFO c.h.h.t.HelmChartContainer - [K3S] [controller.go:146] "Unhandled Error" err=<
2025-01-27 17:04:37,084 INFO c.h.h.t.HelmChartContainer - [K3S] 	, Header: map[Content-Type:[text/plain; charset=utf-8] X-Content-Type-Options:[nosniff]]
2025-01-27 17:04:37,084 INFO c.h.h.t.HelmChartContainer - [K3S]  >
2025-01-27 17:04:37,085 INFO c.h.h.t.HelmChartContainer - [K3S] [handler_proxy.go:143] error resolving kube-system/metrics-server: service "metrics-server" not found
2025-01-27 17:04:37,087 INFO c.h.h.t.HelmChartContainer - [K3S] [event.go:389] "Event occurred" object="kube-system/metrics-server-deployment" fieldPath="" kind="Addon" apiVersion="k3s.cattle.io/v1" type="Normal" reason="ApplyingManifest" message="Applying manifest at \"/var/lib/rancher/k3s/server/manifests/metrics-server/metrics-server-deployment.yaml\""
2025-01-27 17:04:37,098 INFO c.h.h.t.HelmChartContainer - [K3S] [event.go:389] "Event occurred" object="kube-system/metrics-server-deployment" fieldPath="" kind="Addon" apiVersion="k3s.cattle.io/v1" type="Normal" reason="AppliedManifest" message="Applied manifest at \"/var/lib/rancher/k3s/server/manifests/metrics-server/metrics-server-deployment.yaml\""
2025-01-27 17:04:37,104 INFO c.h.h.t.HelmChartContainer - [K3S] [event.go:389] "Event occurred" object="kube-system/metrics-server-service" fieldPath="" kind="Addon" apiVersion="k3s.cattle.io/v1" type="Normal" reason="ApplyingManifest" message="Applying manifest at \"/var/lib/rancher/k3s/server/manifests/metrics-server/metrics-server-service.yaml\""
2025-01-27 17:04:37,110 INFO c.h.h.t.HelmChartContainer - [K3S] [alloc.go:330] "allocated clusterIPs" service="kube-system/metrics-server" clusterIPs={"IPv4":"10.43.104.154"}
2025-01-27 17:04:37,111 INFO c.h.h.t.HelmChartContainer - [K3S] [event.go:389] "Event occurred" object="kube-system/metrics-server-service" fieldPath="" kind="Addon" apiVersion="k3s.cattle.io/v1" type="Normal" reason="AppliedManifest" message="Applied manifest at \"/var/lib/rancher/k3s/server/manifests/metrics-server/metrics-server-service.yaml\""
2025-01-27 17:04:37,115 INFO c.h.h.t.HelmChartContainer - [K3S] [handler_proxy.go:99] no RequestInfo found in the context
2025-01-27 17:04:37,116 INFO c.h.h.t.HelmChartContainer - [K3S] [controller.go:146] "Unhandled Error" err=<
2025-01-27 17:04:37,117 INFO c.h.h.t.HelmChartContainer - [K3S] 	, Header: map[Content-Type:[text/plain; charset=utf-8] X-Content-Type-Options:[nosniff]]
2025-01-27 17:04:37,117 INFO c.h.h.t.HelmChartContainer - [K3S]  >
2025-01-27 17:04:37,117 INFO c.h.h.t.HelmChartContainer - [K3S] [handler_proxy.go:143] error resolving kube-system/metrics-server: endpoints "metrics-server" not found
2025-01-27 17:04:37,119 INFO c.h.h.t.HelmChartContainer - [K3S] [event.go:389] "Event occurred" object="kube-system/resource-reader" fieldPath="" kind="Addon" apiVersion="k3s.cattle.io/v1" type="Normal" reason="ApplyingManifest" message="Applying manifest at \"/var/lib/rancher/k3s/server/manifests/metrics-server/resource-reader.yaml\""
2025-01-27 17:04:37,157 INFO c.h.h.t.HelmChartContainer - [K3S] [event.go:389] "Event occurred" object="kube-system/resource-reader" fieldPath="" kind="Addon" apiVersion="k3s.cattle.io/v1" type="Normal" reason="AppliedManifest" message="Applied manifest at \"/var/lib/rancher/k3s/server/manifests/metrics-server/resource-reader.yaml\""
2025-01-27 17:04:37,162 INFO c.h.h.t.HelmChartContainer - [K3S] [event.go:389] "Event occurred" object="kube-system/rolebindings" fieldPath="" kind="Addon" apiVersion="k3s.cattle.io/v1" type="Normal" reason="ApplyingManifest" message="Applying manifest at \"/var/lib/rancher/k3s/server/manifests/rolebindings.yaml\""
2025-01-27 17:04:37,186 INFO c.h.h.t.HelmChartContainer - [K3S] [controllermanager.go:765] "Started controller" controller="endpointslice-mirroring-controller"
2025-01-27 17:04:37,186 INFO c.h.h.t.HelmChartContainer - [K3S] [endpointslicemirroring_controller.go:227] "Starting EndpointSliceMirroring controller"
2025-01-27 17:04:37,270 INFO c.h.h.t.HelmChartContainer - [K3S] [event.go:389] "Event occurred" object="kube-system/rolebindings" fieldPath="" kind="Addon" apiVersion="k3s.cattle.io/v1" type="Normal" reason="AppliedManifest" message="Applied manifest at \"/var/lib/rancher/k3s/server/manifests/rolebindings.yaml\""
2025-01-27 17:04:37,277 INFO c.h.h.t.HelmChartContainer - [K3S] [event.go:389] "Event occurred" object="kube-system/runtimes" fieldPath="" kind="Addon" apiVersion="k3s.cattle.io/v1" type="Normal" reason="ApplyingManifest" message="Applying manifest at \"/var/lib/rancher/k3s/server/manifests/runtimes.yaml\""
2025-01-27 17:04:37,303 INFO c.h.h.t.HelmChartContainer - [K3S] [event.go:389] "Event occurred" object="kube-system/runtimes" fieldPath="" kind="Addon" apiVersion="k3s.cattle.io/v1" type="Normal" reason="AppliedManifest" message="Applied manifest at \"/var/lib/rancher/k3s/server/manifests/runtimes.yaml\""
2025-01-27 17:04:37,338 INFO c.h.h.t.HelmChartContainer - [K3S] [controllermanager.go:765] "Started controller" controller="replicationcontroller-controller"
2025-01-27 17:04:37,338 INFO c.h.h.t.HelmChartContainer - [K3S] [controllermanager.go:728] "Warning: controller is disabled" controller="bootstrap-signer-controller"
2025-01-27 17:04:37,338 INFO c.h.h.t.HelmChartContainer - [K3S] [controllermanager.go:723] "Skipping a cloud provider controller" controller="node-route-controller"
2025-01-27 17:04:37,338 INFO c.h.h.t.HelmChartContainer - [K3S] [controllermanager.go:717] "Controller is disabled by a feature gate" controller="resourceclaim-controller" requiredFeatureGates=["DynamicResourceAllocation"]
2025-01-27 17:04:37,338 INFO c.h.h.t.HelmChartContainer - [K3S] [controllermanager.go:743] "Warning: skipping controller" controller="storage-version-migrator-controller"
2025-01-27 17:04:37,338 INFO c.h.h.t.HelmChartContainer - [K3S] [replica_set.go:217] "Starting controller" name="replicationcontroller"
2025-01-27 17:04:37,491 INFO c.h.h.t.HelmChartContainer - [K3S] [controllermanager.go:765] "Started controller" controller="daemonset-controller"
2025-01-27 17:04:37,492 INFO c.h.h.t.HelmChartContainer - [K3S] [daemon_controller.go:294] "Starting daemon sets controller"
2025-01-27 17:04:37,638 INFO c.h.h.t.HelmChartContainer - [K3S] [controllermanager.go:765] "Started controller" controller="ttl-controller"
2025-01-27 17:04:37,638 INFO c.h.h.t.HelmChartContainer - [K3S] [ttl_controller.go:127] "Starting TTL controller"
2025-01-27 17:04:37,721 INFO c.h.h.t.HelmChartContainer - [K3S] [serving.go:392] Generated self-signed cert in-memory
2025-01-27 17:04:37,787 INFO c.h.h.t.HelmChartContainer - [K3S] [controllermanager.go:765] "Started controller" controller="token-cleaner-controller"
2025-01-27 17:04:37,788 INFO c.h.h.t.HelmChartContainer - [K3S] [controllermanager.go:717] "Controller is disabled by a feature gate" controller="kube-apiserver-serving-clustertrustbundle-publisher-controller" requiredFeatureGates=["ClusterTrustBundle"]
2025-01-27 17:04:37,788 INFO c.h.h.t.HelmChartContainer - [K3S] [tokencleaner.go:117] "Starting token cleaner controller"
2025-01-27 17:04:37,836 INFO c.h.h.t.HelmChartContainer - [K3S] [controllermanager.go:765] "Started controller" controller="taint-eviction-controller"
2025-01-27 17:04:37,837 INFO c.h.h.t.HelmChartContainer - [K3S] [taint_eviction.go:281] "Starting" controller="taint-eviction-controller"
2025-01-27 17:04:37,837 INFO c.h.h.t.HelmChartContainer - [K3S] [taint_eviction.go:287] "Sending events to api server"
2025-01-27 17:04:37,979 INFO c.h.h.t.HelmChartContainer - [K3S] [serving.go:392] Generated self-signed cert in-memory
2025-01-27 17:04:38,080 INFO c.h.h.t.HelmChartContainer - [K3S] [handler_proxy.go:99] no RequestInfo found in the context
2025-01-27 17:04:38,080 INFO c.h.h.t.HelmChartContainer - [K3S] [handler_proxy.go:99] no RequestInfo found in the context
2025-01-27 17:04:38,080 INFO c.h.h.t.HelmChartContainer - [K3S] [controller.go:102] "Unhandled Error" err=<
2025-01-27 17:04:38,080 INFO c.h.h.t.HelmChartContainer - [K3S] 	, Header: map[Content-Type:[text/plain; charset=utf-8] X-Content-Type-Options:[nosniff]]
2025-01-27 17:04:38,080 INFO c.h.h.t.HelmChartContainer - [K3S]  >
2025-01-27 17:04:38,092 INFO c.h.h.t.HelmChartContainer - [K3S] [controllermanager.go:765] "Started controller" controller="namespace-controller"
2025-01-27 17:04:38,092 INFO c.h.h.t.HelmChartContainer - [K3S] [namespace_controller.go:202] "Starting namespace controller"
2025-01-27 17:04:38,100 INFO c.h.h.t.HelmChartContainer - [K3S] [controllermanager.go:160] Version: v1.32.0+k3s1
2025-01-27 17:04:38,105 INFO c.h.h.t.HelmChartContainer - [K3S] [requestheader_controller.go:180] Starting RequestHeaderAuthRequestController
2025-01-27 17:04:38,105 INFO c.h.h.t.HelmChartContainer - [K3S] [configmap_cafile_content.go:205] "Starting controller" name="client-ca::kube-system::extension-apiserver-authentication::requestheader-client-ca-file"
2025-01-27 17:04:38,105 INFO c.h.h.t.HelmChartContainer - [K3S] [configmap_cafile_content.go:205] "Starting controller" name="client-ca::kube-system::extension-apiserver-authentication::client-ca-file"
2025-01-27 17:04:38,105 INFO c.h.h.t.HelmChartContainer - [K3S] [secure_serving.go:213] Serving securely on 127.0.0.1:10258
2025-01-27 17:04:38,105 INFO c.h.h.t.HelmChartContainer - [K3S] [tlsconfig.go:243] "Starting DynamicServingCertificateController"
2025-01-27 17:04:38,107 INFO c.h.h.t.HelmChartContainer - [K3S] [INFO] Creating service-lb-controller event broadcaster
2025-01-27 17:04:38,218 INFO c.h.h.t.HelmChartContainer - [K3S] [INFO] Starting /v1, Kind=Node controller
2025-01-27 17:04:38,221 INFO c.h.h.t.HelmChartContainer - [K3S] [INFO] Starting /v1, Kind=Pod controller
2025-01-27 17:04:38,224 INFO c.h.h.t.HelmChartContainer - [K3S] [INFO] Starting apps/v1, Kind=DaemonSet controller
2025-01-27 17:04:38,227 INFO c.h.h.t.HelmChartContainer - [K3S] [INFO] Starting discovery.k8s.io/v1, Kind=EndpointSlice controller
2025-01-27 17:04:38,228 INFO c.h.h.t.HelmChartContainer - [K3S] [controllermanager.go:329] Started "cloud-node-controller"
2025-01-27 17:04:38,228 INFO c.h.h.t.HelmChartContainer - [K3S] [node_controller.go:176] Sending events to api server.
2025-01-27 17:04:38,228 INFO c.h.h.t.HelmChartContainer - [K3S] [node_controller.go:185] Waiting for informer caches to sync
2025-01-27 17:04:38,228 INFO c.h.h.t.HelmChartContainer - [K3S] [controllermanager.go:329] Started "cloud-node-lifecycle-controller"
2025-01-27 17:04:38,228 INFO c.h.h.t.HelmChartContainer - [K3S] [node_lifecycle_controller.go:112] Sending events to api server
2025-01-27 17:04:38,228 INFO c.h.h.t.HelmChartContainer - [K3S] [controllermanager.go:329] Started "service-lb-controller"
2025-01-27 17:04:38,228 INFO c.h.h.t.HelmChartContainer - [K3S] [controllermanager.go:306] "node-route-controller" is disabled
2025-01-27 17:04:38,228 INFO c.h.h.t.HelmChartContainer - [K3S] [controller.go:234] Starting service controller
2025-01-27 17:04:38,236 INFO c.h.h.t.HelmChartContainer - [K3S] [controllermanager.go:765] "Started controller" controller="serviceaccount-controller"
2025-01-27 17:04:38,236 INFO c.h.h.t.HelmChartContainer - [K3S] [serviceaccounts_controller.go:114] "Starting service account controller"
2025-01-27 17:04:38,245 INFO c.h.h.t.HelmChartContainer - [K3S] [INFO] Tunnel authorizer set Kubelet Port 0.0.0.0:10250
2025-01-27 17:04:38,328 INFO c.h.h.t.HelmChartContainer - [K3S] [node_controller.go:429] Initializing node 20460d4a333c with cloud provider
2025-01-27 17:04:38,333 INFO c.h.h.t.HelmChartContainer - [K3S] [node_controller.go:474] Successfully initialized node 20460d4a333c with cloud provider
2025-01-27 17:04:38,333 INFO c.h.h.t.HelmChartContainer - [K3S] [event.go:389] "Event occurred" object="20460d4a333c" fieldPath="" kind="Node" apiVersion="v1" type="Normal" reason="Synced" message="Node synced successfully"
2025-01-27 17:04:38,343 INFO c.h.h.t.HelmChartContainer - [K3S] [INFO] Updated coredns NodeHosts entry for 20460d4a333c
2025-01-27 17:04:38,395 INFO c.h.h.t.HelmChartContainer - [K3S] [controllermanager.go:765] "Started controller" controller="job-controller"
2025-01-27 17:04:38,395 INFO c.h.h.t.HelmChartContainer - [K3S] [job_controller.go:243] "Starting job controller"
2025-01-27 17:04:38,436 INFO c.h.h.t.HelmChartContainer - [K3S] [node_lifecycle_controller.go:432] "Controller will reconcile labels"
2025-01-27 17:04:38,437 INFO c.h.h.t.HelmChartContainer - [K3S] [controllermanager.go:765] "Started controller" controller="node-lifecycle-controller"
2025-01-27 17:04:38,437 INFO c.h.h.t.HelmChartContainer - [K3S] [node_lifecycle_controller.go:466] "Sending events to api server"
2025-01-27 17:04:38,437 INFO c.h.h.t.HelmChartContainer - [K3S] [node_lifecycle_controller.go:477] "Starting node controller"
2025-01-27 17:04:38,587 INFO c.h.h.t.HelmChartContainer - [K3S] [controllermanager.go:765] "Started controller" controller="legacy-serviceaccount-token-cleaner-controller"
2025-01-27 17:04:38,587 INFO c.h.h.t.HelmChartContainer - [K3S] [legacy_serviceaccount_token_cleaner.go:103] "Starting legacy service account token cleaner controller"
2025-01-27 17:04:38,602 INFO c.h.h.t.HelmChartContainer - [K3S] [serving.go:392] Generated self-signed cert in-memory
2025-01-27 17:04:38,737 INFO c.h.h.t.HelmChartContainer - [K3S] [controllermanager.go:765] "Started controller" controller="endpoints-controller"
2025-01-27 17:04:38,737 INFO c.h.h.t.HelmChartContainer - [K3S] [endpoints_controller.go:182] "Starting endpoint controller"
2025-01-27 17:04:38,901 INFO c.h.h.t.HelmChartContainer - [K3S] [server.go:164] "Starting Kubernetes Scheduler" version="v1.32.0+k3s1"
2025-01-27 17:04:38,902 INFO c.h.h.t.HelmChartContainer - [K3S] [server.go:166] "Golang settings" GOGC="" GOMAXPROCS="" GOTRACEBACK=""
2025-01-27 17:04:38,904 INFO c.h.h.t.HelmChartContainer - [K3S] [requestheader_controller.go:180] Starting RequestHeaderAuthRequestController
2025-01-27 17:04:38,907 INFO c.h.h.t.HelmChartContainer - [K3S] [configmap_cafile_content.go:205] "Starting controller" name="client-ca::kube-system::extension-apiserver-authentication::requestheader-client-ca-file"
2025-01-27 17:04:38,907 INFO c.h.h.t.HelmChartContainer - [K3S] [configmap_cafile_content.go:205] "Starting controller" name="client-ca::kube-system::extension-apiserver-authentication::client-ca-file"
2025-01-27 17:04:38,908 INFO c.h.h.t.HelmChartContainer - [K3S] [secure_serving.go:213] Serving securely on 127.0.0.1:10259
2025-01-27 17:04:38,908 INFO c.h.h.t.HelmChartContainer - [K3S] [tlsconfig.go:243] "Starting DynamicServingCertificateController"
2025-01-27 17:04:38,936 INFO c.h.h.t.HelmChartContainer - [K3S] [controllermanager.go:765] "Started controller" controller="disruption-controller"
2025-01-27 17:04:38,936 INFO c.h.h.t.HelmChartContainer - [K3S] [disruption.go:452] "Sending events to api server."
2025-01-27 17:04:38,936 INFO c.h.h.t.HelmChartContainer - [K3S] [disruption.go:463] "Starting disruption controller"
2025-01-27 17:04:39,088 INFO c.h.h.t.HelmChartContainer - [K3S] [controllermanager.go:765] "Started controller" controller="statefulset-controller"
2025-01-27 17:04:39,088 INFO c.h.h.t.HelmChartContainer - [K3S] [stateful_set.go:166] "Starting stateful set controller"
2025-01-27 17:04:39,238 INFO c.h.h.t.HelmChartContainer - [K3S] [controllermanager.go:765] "Started controller" controller="clusterrole-aggregation-controller"
2025-01-27 17:04:39,238 INFO c.h.h.t.HelmChartContainer - [K3S] [clusterroleaggregation_controller.go:194] "Starting ClusterRoleAggregator controller"
2025-01-27 17:04:39,251 INFO c.h.h.t.HelmChartContainer - [K3S] [INFO] Started tunnel to 172.18.0.2:6443
2025-01-27 17:04:39,251 INFO c.h.h.t.HelmChartContainer - [K3S] [INFO] Stopped tunnel to 127.0.0.1:6443
2025-01-27 17:04:39,251 INFO c.h.h.t.HelmChartContainer - [K3S] [INFO] Connecting to proxy" url="wss://172.18.0.2:6443/v1-k3s/connect
2025-01-27 17:04:39,251 INFO c.h.h.t.HelmChartContainer - [K3S] [INFO] Proxy done" err="context canceled" url="wss://127.0.0.1:6443/v1-k3s/connect
2025-01-27 17:04:39,251 INFO c.h.h.t.HelmChartContainer - [K3S] [INFO] error in remotedialer server [400]: websocket: close 1006 (abnormal closure): unexpected EOF
2025-01-27 17:04:39,251 INFO c.h.h.t.HelmChartContainer - [K3S] [INFO] Handling backend connection request [20460d4a333c]
2025-01-27 17:04:39,251 INFO c.h.h.t.HelmChartContainer - [K3S] [INFO] Remotedialer connected to proxy" url="wss://172.18.0.2:6443/v1-k3s/connect
2025-01-27 17:04:39,252 INFO c.h.h.t.HelmChartContainer - [K3S] [actual_state_of_world.go:541] "Failed to update statusUpdateNeeded field in actual state of world" err="Failed to set statusUpdateNeeded to needed true, because nodeName=\"20460d4a333c\" does not exist"
2025-01-27 17:04:39,289 INFO c.h.h.t.HelmChartContainer - [K3S] [range_allocator.go:177] "Sending events to api server"
2025-01-27 17:04:39,290 INFO c.h.h.t.HelmChartContainer - [K3S] [range_allocator.go:183] "Starting range CIDR allocator"
2025-01-27 17:04:39,294 INFO c.h.h.t.HelmChartContainer - [K3S] [range_allocator.go:428] "Set node PodCIDR" node="20460d4a333c" podCIDRs=["10.42.0.0/24"]
2025-01-27 17:04:39,294 INFO c.h.h.t.HelmChartContainer - [K3S] [range_allocator.go:247] "Successfully synced" key="20460d4a333c"
2025-01-27 17:04:39,294 INFO c.h.h.t.HelmChartContainer - [K3S] [range_allocator.go:247] "Successfully synced" key="20460d4a333c"
2025-01-27 17:04:39,295 INFO c.h.h.t.HelmChartContainer - [K3S] [INFO] Flannel found PodCIDR assigned for node 20460d4a333c
2025-01-27 17:04:39,295 INFO c.h.h.t.HelmChartContainer - [K3S] [INFO] The interface eth0 with ipv4 address 172.18.0.2 will be used by flannel
2025-01-27 17:04:39,296 INFO c.h.h.t.HelmChartContainer - [K3S] [kube.go:139] Waiting 10m0s for node controller to sync
2025-01-27 17:04:39,296 INFO c.h.h.t.HelmChartContainer - [K3S] [kube.go:469] Starting kube subnet manager
2025-01-27 17:04:39,339 INFO c.h.h.t.HelmChartContainer - [K3S] [node_lifecycle_controller.go:1234] "Initializing eviction metric for zone" zone=""
2025-01-27 17:04:39,339 INFO c.h.h.t.HelmChartContainer - [K3S] [node_lifecycle_controller.go:886] "Missing timestamp for Node. Assuming now as a timestamp" node="20460d4a333c"
2025-01-27 17:04:39,339 INFO c.h.h.t.HelmChartContainer - [K3S] [node_lifecycle_controller.go:1080] "Controller detected that zone is now in new state" zone="" newState="Normal"
2025-01-27 17:04:39,343 INFO c.h.h.t.HelmChartContainer - [K3S] [range_allocator.go:247] "Successfully synced" key="20460d4a333c"
2025-01-27 17:04:39,405 INFO c.h.h.t.HelmChartContainer - [K3S] [INFO] Starting network policy controller version v2.2.1, built on 2025-01-10T17:03:20Z, go1.23.3
2025-01-27 17:04:39,405 INFO c.h.h.t.HelmChartContainer - [K3S] [network_policy_controller.go:164] Starting network policy controller
2025-01-27 17:04:39,433 INFO c.h.h.t.HelmChartContainer - [K3S] [network_policy_controller.go:176] Starting network policy controller full sync goroutine
2025-01-27 17:04:39,693 INFO c.h.h.t.HelmChartContainer - [K3S] [handler_proxy.go:99] no RequestInfo found in the context
2025-01-27 17:04:39,694 INFO c.h.h.t.HelmChartContainer - [K3S] [controller.go:146] "Unhandled Error" err=<
2025-01-27 17:04:39,694 INFO c.h.h.t.HelmChartContainer - [K3S] 	, Header: map[Content-Type:[text/plain; charset=utf-8] X-Content-Type-Options:[nosniff]]
2025-01-27 17:04:39,694 INFO c.h.h.t.HelmChartContainer - [K3S]  >
2025-01-27 17:04:39,694 INFO c.h.h.t.HelmChartContainer - [K3S] [handler_proxy.go:143] error resolving kube-system/metrics-server: no endpoints available for service "metrics-server"
2025-01-27 17:04:39,842 INFO c.h.h.t.HelmChartContainer - [K3S] [range_allocator.go:247] "Successfully synced" key="20460d4a333c"
2025-01-27 17:04:40,155 INFO c.h.h.t.HelmChartContainer - [K3S] [replica_set.go:679] "Finished syncing" kind="ReplicaSet" key="kube-system/metrics-server-8584b5786c" duration="160.027274ms"
2025-01-27 17:04:40,159 INFO c.h.h.t.HelmChartContainer - [K3S] [replica_set.go:679] "Finished syncing" kind="ReplicaSet" key="kube-system/local-path-provisioner-698b58967b" duration="165.58862ms"
2025-01-27 17:04:40,160 INFO c.h.h.t.HelmChartContainer - [K3S] [replica_set.go:679] "Finished syncing" kind="ReplicaSet" key="kube-system/coredns-ff8999cc5" duration="164.202059ms"
2025-01-27 17:04:40,166 INFO c.h.h.t.HelmChartContainer - [K3S] [replica_set.go:679] "Finished syncing" kind="ReplicaSet" key="kube-system/metrics-server-8584b5786c" duration="12.530181ms"
2025-01-27 17:04:40,166 INFO c.h.h.t.HelmChartContainer - [K3S] [replica_set.go:679] "Finished syncing" kind="ReplicaSet" key="kube-system/metrics-server-8584b5786c" duration="28.383µs"
2025-01-27 17:04:40,167 INFO c.h.h.t.HelmChartContainer - [K3S] [replica_set.go:679] "Finished syncing" kind="ReplicaSet" key="kube-system/local-path-provisioner-698b58967b" duration="8.167737ms"
2025-01-27 17:04:40,169 INFO c.h.h.t.HelmChartContainer - [K3S] [replica_set.go:679] "Finished syncing" kind="ReplicaSet" key="kube-system/coredns-ff8999cc5" duration="9.785506ms"
2025-01-27 17:04:40,170 INFO c.h.h.t.HelmChartContainer - [K3S] [replica_set.go:679] "Finished syncing" kind="ReplicaSet" key="kube-system/local-path-provisioner-698b58967b" duration="20.008µs"
2025-01-27 17:04:40,171 INFO c.h.h.t.HelmChartContainer - [K3S] [replica_set.go:679] "Finished syncing" kind="ReplicaSet" key="kube-system/coredns-ff8999cc5" duration="56.175µs"
2025-01-27 17:04:40,179 INFO c.h.h.t.HelmChartContainer - [K3S] [replica_set.go:679] "Finished syncing" kind="ReplicaSet" key="kube-system/local-path-provisioner-698b58967b" duration="26.45µs"
2025-01-27 17:04:40,188 INFO c.h.h.t.HelmChartContainer - [K3S] [replica_set.go:679] "Finished syncing" kind="ReplicaSet" key="kube-system/coredns-ff8999cc5" duration="31.9µs"
2025-01-27 17:04:40,194 INFO c.h.h.t.HelmChartContainer - [K3S] [replica_set.go:679] "Finished syncing" kind="ReplicaSet" key="kube-system/metrics-server-8584b5786c" duration="53.038µs"
2025-01-27 17:04:40,199 INFO c.h.h.t.HelmChartContainer - [K3S] [reconciler_common.go:251] "operationExecutor.VerifyControllerAttachedVolume started for volume \"kube-api-access-ph6w5\" (UniqueName: \"kubernetes.io/projected/1f037461-29bb-478b-b1c7-93d716e11565-kube-api-access-ph6w5\") pod \"local-path-provisioner-698b58967b-252b7\" (UID: \"1f037461-29bb-478b-b1c7-93d716e11565\") " pod="kube-system/local-path-provisioner-698b58967b-252b7"
2025-01-27 17:04:40,199 INFO c.h.h.t.HelmChartContainer - [K3S] [reconciler_common.go:251] "operationExecutor.VerifyControllerAttachedVolume started for volume \"config-volume\" (UniqueName: \"kubernetes.io/configmap/6d0c7bc2-8fcf-470b-87b2-1e9b252a28ea-config-volume\") pod \"coredns-ff8999cc5-74q72\" (UID: \"6d0c7bc2-8fcf-470b-87b2-1e9b252a28ea\") " pod="kube-system/coredns-ff8999cc5-74q72"
2025-01-27 17:04:40,199 INFO c.h.h.t.HelmChartContainer - [K3S] [reconciler_common.go:251] "operationExecutor.VerifyControllerAttachedVolume started for volume \"custom-config-volume\" (UniqueName: \"kubernetes.io/configmap/6d0c7bc2-8fcf-470b-87b2-1e9b252a28ea-custom-config-volume\") pod \"coredns-ff8999cc5-74q72\" (UID: \"6d0c7bc2-8fcf-470b-87b2-1e9b252a28ea\") " pod="kube-system/coredns-ff8999cc5-74q72"
2025-01-27 17:04:40,199 INFO c.h.h.t.HelmChartContainer - [K3S] [reconciler_common.go:251] "operationExecutor.VerifyControllerAttachedVolume started for volume \"kube-api-access-4sc7t\" (UniqueName: \"kubernetes.io/projected/6d0c7bc2-8fcf-470b-87b2-1e9b252a28ea-kube-api-access-4sc7t\") pod \"coredns-ff8999cc5-74q72\" (UID: \"6d0c7bc2-8fcf-470b-87b2-1e9b252a28ea\") " pod="kube-system/coredns-ff8999cc5-74q72"
2025-01-27 17:04:40,199 INFO c.h.h.t.HelmChartContainer - [K3S] [reconciler_common.go:251] "operationExecutor.VerifyControllerAttachedVolume started for volume \"tmp-dir\" (UniqueName: \"kubernetes.io/empty-dir/7280eddd-a88b-405e-8fc6-2a00ef54a748-tmp-dir\") pod \"metrics-server-8584b5786c-ctgjm\" (UID: \"7280eddd-a88b-405e-8fc6-2a00ef54a748\") " pod="kube-system/metrics-server-8584b5786c-ctgjm"
2025-01-27 17:04:40,199 INFO c.h.h.t.HelmChartContainer - [K3S] [reconciler_common.go:251] "operationExecutor.VerifyControllerAttachedVolume started for volume \"kube-api-access-hwdch\" (UniqueName: \"kubernetes.io/projected/7280eddd-a88b-405e-8fc6-2a00ef54a748-kube-api-access-hwdch\") pod \"metrics-server-8584b5786c-ctgjm\" (UID: \"7280eddd-a88b-405e-8fc6-2a00ef54a748\") " pod="kube-system/metrics-server-8584b5786c-ctgjm"
2025-01-27 17:04:40,200 INFO c.h.h.t.HelmChartContainer - [K3S] [reconciler_common.go:251] "operationExecutor.VerifyControllerAttachedVolume started for volume \"config-volume\" (UniqueName: \"kubernetes.io/configmap/1f037461-29bb-478b-b1c7-93d716e11565-config-volume\") pod \"local-path-provisioner-698b58967b-252b7\" (UID: \"1f037461-29bb-478b-b1c7-93d716e11565\") " pod="kube-system/local-path-provisioner-698b58967b-252b7"
2025-01-27 17:04:40,297 INFO c.h.h.t.HelmChartContainer - [K3S] [kube.go:146] Node controller sync successful
2025-01-27 17:04:40,297 INFO c.h.h.t.HelmChartContainer - [K3S] [vxlan.go:141] VXLAN config: VNI=1 Port=0 GBP=false Learning=false DirectRouting=false
2025-01-27 17:04:40,299 INFO c.h.h.t.HelmChartContainer - [K3S] [kube.go:636] List of node(20460d4a333c) annotations: map[string]string{"alpha.kubernetes.io/provided-node-ip":"172.18.0.2", "k3s.io/hostname":"20460d4a333c", "k3s.io/internal-ip":"172.18.0.2", "k3s.io/node-args":"[\"server\",\"--etcd-arg\",\"unsafe-no-fsync\",\"--etcd-arg\",\"snapshot-count=10000\",\"--etcd-arg\",\"auto-compaction-mode=revision\",\"--etcd-arg\",\"auto-compaction-retention=1000000\",\"--kube-apiserver-arg\",\"etcd-compaction-interval=0s\",\"--disable\",\"traefik\",\"--tls-san\",\"localhost\"]", "k3s.io/node-config-hash":"2QNNT5M5XUBFOLO5XPGEVGOM5UDLHHTIVMSRUPAUHE5DU3HUYQUQ====", "k3s.io/node-env":"{}", "node.alpha.kubernetes.io/ttl":"0", "volumes.kubernetes.io/controller-managed-attach-detach":"true"}
2025-01-27 17:04:40,308 INFO c.h.h.t.HelmChartContainer - [K3S] [range_allocator.go:247] "Successfully synced" key="20460d4a333c"
2025-01-27 17:04:40,308 INFO c.h.h.t.HelmChartContainer - [K3S] [iptables.go:51] Starting flannel in iptables mode...
2025-01-27 17:04:40,308 INFO c.h.h.t.HelmChartContainer - [K3S] [WARNING] no subnet found for key: FLANNEL_NETWORK in file: /run/flannel/subnet.env
2025-01-27 17:04:40,308 INFO c.h.h.t.HelmChartContainer - [K3S] [WARNING] no subnet found for key: FLANNEL_SUBNET in file: /run/flannel/subnet.env
2025-01-27 17:04:40,308 INFO c.h.h.t.HelmChartContainer - [K3S] [WARNING] no subnet found for key: FLANNEL_IPV6_NETWORK in file: /run/flannel/subnet.env
2025-01-27 17:04:40,308 INFO c.h.h.t.HelmChartContainer - [K3S] [WARNING] no subnet found for key: FLANNEL_IPV6_SUBNET in file: /run/flannel/subnet.env
2025-01-27 17:04:40,308 INFO c.h.h.t.HelmChartContainer - [K3S] [iptables.go:115] Current network or subnet (10.42.0.0/16, 10.42.0.0/24) is not equal to previous one (0.0.0.0/0, 0.0.0.0/0), trying to recycle old iptables rules
2025-01-27 17:04:40,309 INFO c.h.h.t.HelmChartContainer - [K3S] [kube.go:490] Creating the node lease for IPv4. This is the n.Spec.PodCIDRs: [10.42.0.0/24]
2025-01-27 17:04:40,316 INFO c.h.h.t.HelmChartContainer - [K3S] [iptables.go:125] Setting up masking rules
2025-01-27 17:04:40,318 INFO c.h.h.t.HelmChartContainer - [K3S] [iptables.go:226] Changing default FORWARD chain policy to ACCEPT
2025-01-27 17:04:40,320 INFO c.h.h.t.HelmChartContainer - [K3S] [INFO] Wrote flannel subnet file to /run/flannel/subnet.env
2025-01-27 17:04:40,320 INFO c.h.h.t.HelmChartContainer - [K3S] [INFO] Running flannel backend.
2025-01-27 17:04:40,320 INFO c.h.h.t.HelmChartContainer - [K3S] [vxlan_network.go:65] watching for new subnet leases
2025-01-27 17:04:40,330 INFO c.h.h.t.HelmChartContainer - [K3S] [iptables.go:372] bootstrap done
2025-01-27 17:04:40,338 INFO c.h.h.t.HelmChartContainer - [K3S] [iptables.go:372] bootstrap done
2025-01-27 17:04:40,695 INFO c.h.h.t.HelmChartContainer - [K3S] [handler_proxy.go:99] no RequestInfo found in the context
2025-01-27 17:04:40,696 INFO c.h.h.t.HelmChartContainer - [K3S] [handler_proxy.go:99] no RequestInfo found in the context
2025-01-27 17:04:40,696 INFO c.h.h.t.HelmChartContainer - [K3S] [controller.go:102] "Unhandled Error" err=<
2025-01-27 17:04:40,696 INFO c.h.h.t.HelmChartContainer - [K3S] 	, Header: map[Content-Type:[text/plain; charset=utf-8] X-Content-Type-Options:[nosniff]]
2025-01-27 17:04:40,696 INFO c.h.h.t.HelmChartContainer - [K3S]  >
2025-01-27 17:04:43,537 DEBUG c.h.h.t.HelmChartContainer - Image file loaded 'hivemq-platform-operator.tar'
2025-01-27 17:04:44,051 DEBUG c.h.h.t.HelmChartContainer - Image file loaded 'hivemq-platform-operator-init.tar'
2025-01-27 17:04:44,721 INFO c.h.h.t.HelmChartContainer - [K3S] [kuberuntime_manager.go:1702] "Updating runtime config through cri with podcidr" CIDR="10.42.0.0/24"
2025-01-27 17:04:44,722 INFO c.h.h.t.HelmChartContainer - [K3S] [kubelet_network.go:61] "Updating Pod CIDR" originalPodCIDR="" newPodCIDR="10.42.0.0/24"
2025-01-27 17:04:44,794 INFO c.h.h.t.HelmChartContainer - [K3S] [range_allocator.go:247] "Successfully synced" key="20460d4a333c"
2025-01-27 17:04:45,363 INFO c.h.h.t.HelmChartContainer - [K3S] [replica_set.go:679] "Finished syncing" kind="ReplicaSet" key="kube-system/local-path-provisioner-698b58967b" duration="7.083995ms"
2025-01-27 17:04:45,366 INFO c.h.h.t.HelmChartContainer - [K3S] [replica_set.go:679] "Finished syncing" kind="ReplicaSet" key="kube-system/local-path-provisioner-698b58967b" duration="39.343µs"
2025-01-27 17:04:46,398 INFO c.h.h.t.HelmChartContainer - [K3S] [replica_set.go:679] "Finished syncing" kind="ReplicaSet" key="kube-system/coredns-ff8999cc5" duration="34.334µs"
2025-01-27 17:04:46,439 INFO c.h.h.t.HelmChartContainer - [K3S] [replica_set.go:679] "Finished syncing" kind="ReplicaSet" key="kube-system/coredns-ff8999cc5" duration="26.045353ms"
2025-01-27 17:04:46,441 INFO c.h.h.t.HelmChartContainer - [K3S] [replica_set.go:679] "Finished syncing" kind="ReplicaSet" key="kube-system/coredns-ff8999cc5" duration="515.28µs"
2025-01-27 17:04:46,455 INFO c.h.h.t.HelmChartContainer - [K3S] [replica_set.go:679] "Finished syncing" kind="ReplicaSet" key="kube-system/metrics-server-8584b5786c" duration="39.153µs"
2025-01-27 17:04:52,297 DEBUG c.h.h.t.HelmChartContainer - Image file loaded 'hivemq-platform.tar'
2025-01-27 17:04:52,298 DEBUG c.h.h.t.HelmChartContainer - Successful Helm chart Container startup
2025-01-27 17:04:52,304 INFO t.localhost/testcontainers/wm3v6uwx12wfzxnm:latest - Container localhost/testcontainers/wm3v6uwx12wfzxnm:latest started in PT24.283731116S
2025-01-27 17:04:52,316 DEBUG c.h.h.t.HelmChartContainer - Executing helm command: /bin/helm --kubeconfig /etc/rancher/k3s/k3s.yaml repo add hivemq https://hivemq.github.io/helm-charts
2025-01-27 17:04:53,749 INFO c.h.h.t.HelmChartContainer - [EVENT] Normal [Starting] Starting kubelet. [null:20460d4a333c]
2025-01-27 17:04:53,751 INFO c.h.h.t.HelmChartContainer - [EVENT] Warning [InvalidDiskCapacity] invalid capacity 0 on image filesystem [null:20460d4a333c]
2025-01-27 17:04:53,751 INFO c.h.h.t.HelmChartContainer - [EVENT] Normal [NodeHasSufficientMemory] Node 20460d4a333c status is now: NodeHasSufficientMemory [null:20460d4a333c]
2025-01-27 17:04:53,752 INFO c.h.h.t.HelmChartContainer - [EVENT] Normal [NodeHasNoDiskPressure] Node 20460d4a333c status is now: NodeHasNoDiskPressure [null:20460d4a333c]
2025-01-27 17:04:53,753 INFO c.h.h.t.HelmChartContainer - [EVENT] Normal [NodeHasSufficientPID] Node 20460d4a333c status is now: NodeHasSufficientPID [null:20460d4a333c]
2025-01-27 17:04:53,754 INFO c.h.h.t.HelmChartContainer - [EVENT] Normal [NodeAllocatableEnforced] Updated Node Allocatable limit across pods [null:20460d4a333c]
2025-01-27 17:04:53,755 INFO c.h.h.t.HelmChartContainer - [EVENT] Normal [NodeReady] Node 20460d4a333c status is now: NodeReady [null:20460d4a333c]
2025-01-27 17:04:53,756 INFO c.h.h.t.HelmChartContainer - [EVENT] Normal [NodePasswordValidationComplete] Deferred node password secret validation complete [null:20460d4a333c]
2025-01-27 17:04:53,757 INFO c.h.h.t.HelmChartContainer - [EVENT] Normal [Synced] Node synced successfully [null:20460d4a333c]
2025-01-27 17:04:53,758 INFO c.h.h.t.HelmChartContainer - [EVENT] Normal [RegisteredNode] Node 20460d4a333c event: Registered Node 20460d4a333c in Controller [null:20460d4a333c]
2025-01-27 17:04:53,763 INFO c.h.h.t.HelmChartContainer - Saved kubeconfig file on /tmp/kubeconfig-9759375679260365512.yaml
2025-01-27 17:04:53,763 INFO c.h.h.t.HelmChartContainer - HelmChartContainer is started
]]></system-out>
  <system-err><![CDATA[]]></system-err>
</testsuite>
