<?xml version="1.0" encoding="UTF-8"?>
<testsuite name="com.hivemq.helmcharts.serviceaccount.HelmCustomServiceAccountDisabledCreationAndValidationIT" tests="1" skipped="0" failures="0" errors="0" timestamp="2025-09-17T15:49:24" hostname="runnervmf4ws1" time="89.693">
  <properties/>
  <testcase name="platformCharts_withCreationAndValidationDisabled_withCorrectExternalPermissions_hivemqRunning()" classname="com.hivemq.helmcharts.serviceaccount.HelmCustomServiceAccountDisabledCreationAndValidationIT" time="89.693"/>
</testsuite>
