<?xml version="1.0" encoding="UTF-8"?>
<testsuite name="com.hivemq.helmcharts.services.HelmMqttIT" tests="5" skipped="0" failures="0" errors="0" timestamp="2025-01-30T18:28:16" hostname="fv-az1721-166" time="491.779">
  <properties/>
  <testcase name="platformChart_withCustomServiceName_thenSendsReceivesMessage()" classname="com.hivemq.helmcharts.services.HelmMqttIT" time="102.18">
    <system-out><![CDATA[2025-01-30 18:28:16,370 INFO c.h.h.t.HelmChartContainer - Creating namespace 'helmmqttit-operator'...
2025-01-30 18:28:16,633 INFO c.h.h.t.HelmChartContainer - [POD] coredns-ff8999cc5-qkd7k [3b41aa4f-e694-4ce4-9487-ccd72a96a899] in kube-system was ADDED
2025-01-30 18:28:16,634 INFO c.h.h.t.HelmChartContainer - Namespace 'helmmqttit-operator' created
2025-01-30 18:28:16,634 INFO c.h.h.t.HelmChartContainer - Creating namespace 'helmmqttit'...
2025-01-30 18:28:16,636 INFO c.h.h.t.HelmChartContainer - [POD] local-path-provisioner-698b58967b-t92b8 [ac239157-a197-48c3-8bab-2335754eea5d] in kube-system was ADDED
2025-01-30 18:28:16,639 INFO c.h.h.t.HelmChartContainer - [POD] metrics-server-8584b5786c-cc5dl [b39da47e-9096-4064-b13c-a58cceae0cec] in kube-system was ADDED
2025-01-30 18:28:16,648 INFO c.h.h.t.HelmChartContainer - Namespace 'helmmqttit' created
2025-01-30 18:28:16,730 DEBUG c.h.h.t.HelmChartContainer - Executing helm command: /bin/helm --kubeconfig /etc/rancher/k3s/k3s.yaml install test-hivemq-platform-operator /charts/hivemq-platform-operator --wait --timeout 5m0s --set image.repository=docker.io/hivemq --set image.name=hivemq-platform-operator-test --set image.initImageName=hivemq-platform-operator-init-test --set image.tag=snapshot --set image.pullPolicy=Never --set logLevel=DEBUG --set resources.cpu=512m --namespace helmmqttit-operator
2025-01-30 18:28:19,085 INFO c.h.h.t.HelmChartContainer - [K3S] [alloc.go:330] "allocated clusterIPs" service="helmmqttit-operator/hivemq-platform-operator-test-hivemq-platform-operator" clusterIPs={"IPv4":"10.43.66.199"}
2025-01-30 18:28:19,102 INFO c.h.h.t.HelmChartContainer - [EVENT] Normal [ScalingReplicaSet] Scaled up replica set hivemq-test-hivemq-platform-operator-6966f96d65 from 0 to 1 [helmmqttit-operator:hivemq-test-hivemq-platform-operator]
2025-01-30 18:28:19,113 INFO c.h.h.t.HelmChartContainer - [EVENT] Normal [SuccessfulCreate] Created pod: hivemq-test-hivemq-platform-operator-6966f96d65-lk76g [helmmqttit-operator:hivemq-test-hivemq-platform-operator-6966f96d65]
2025-01-30 18:28:19,116 INFO c.h.h.t.HelmChartContainer - [POD] hivemq-test-hivemq-platform-operator-6966f96d65-lk76g [c9b89633-f1a6-4c04-af4c-e4bed63cb91c] in helmmqttit-operator was ADDED
2025-01-30 18:28:19,116 INFO c.h.h.t.HelmChartContainer - [K3S] [replica_set.go:679] "Finished syncing" kind="ReplicaSet" key="helmmqttit-operator/hivemq-test-hivemq-platform-operator-6966f96d65" duration="15.895096ms"
2025-01-30 18:28:19,126 INFO c.h.h.t.HelmChartContainer - [K3S] [replica_set.go:679] "Finished syncing" kind="ReplicaSet" key="helmmqttit-operator/hivemq-test-hivemq-platform-operator-6966f96d65" duration="9.190694ms"
2025-01-30 18:28:19,135 INFO c.h.h.t.HelmChartContainer - [EVENT] Normal [Scheduled] Successfully assigned helmmqttit-operator/hivemq-test-hivemq-platform-operator-6966f96d65-lk76g to bad0b85700c6 [helmmqttit-operator:hivemq-test-hivemq-platform-operator-6966f96d65-lk76g]
2025-01-30 18:28:19,135 INFO c.h.h.t.HelmChartContainer - [POD] hivemq-test-hivemq-platform-operator-6966f96d65-lk76g [c9b89633-f1a6-4c04-af4c-e4bed63cb91c] in helmmqttit-operator was MODIFIED
2025-01-30 18:28:19,146 INFO c.h.h.t.HelmChartContainer - [K3S] [replica_set.go:679] "Finished syncing" kind="ReplicaSet" key="helmmqttit-operator/hivemq-test-hivemq-platform-operator-6966f96d65" duration="21.316411ms"
2025-01-30 18:28:19,147 INFO c.h.h.t.HelmChartContainer - [K3S] [replica_set.go:679] "Finished syncing" kind="ReplicaSet" key="helmmqttit-operator/hivemq-test-hivemq-platform-operator-6966f96d65" duration="34.384µs"
2025-01-30 18:28:19,149 INFO c.h.h.t.HelmChartContainer - [POD] hivemq-test-hivemq-platform-operator-6966f96d65-lk76g [c9b89633-f1a6-4c04-af4c-e4bed63cb91c] in helmmqttit-operator was MODIFIED
2025-01-30 18:28:19,176 INFO c.h.h.t.HelmChartContainer - [K3S] [reconciler_common.go:251] "operationExecutor.VerifyControllerAttachedVolume started for volume \"kube-api-access-bv5sz\" (UniqueName: \"kubernetes.io/projected/c9b89633-f1a6-4c04-af4c-e4bed63cb91c-kube-api-access-bv5sz\") pod \"hivemq-test-hivemq-platform-operator-6966f96d65-lk76g\" (UID: \"c9b89633-f1a6-4c04-af4c-e4bed63cb91c\") " pod="helmmqttit-operator/hivemq-test-hivemq-platform-operator-6966f96d65-lk76g"
2025-01-30 18:28:19,519 INFO c.h.h.t.HelmChartContainer - [EVENT] Normal [Pulled] Container image "docker.io/hivemq/hivemq-platform-operator-test:snapshot" already present on machine [helmmqttit-operator:hivemq-test-hivemq-platform-operator-6966f96d65-lk76g]
2025-01-30 18:28:19,520 INFO c.h.h.t.HelmChartContainer - Received Pulled event for container hivemq-platform-operator in pod hivemq-test-hivemq-platform-operator-6966f96d65-lk76g [c9b89633-f1a6-4c04-af4c-e4bed63cb91c]
2025-01-30 18:28:19,527 INFO c.h.h.t.HelmChartContainer - [EVENT] Normal [Created] Created container: hivemq-platform-operator [helmmqttit-operator:hivemq-test-hivemq-platform-operator-6966f96d65-lk76g]
2025-01-30 18:28:19,527 INFO c.h.h.t.HelmChartContainer - Received Created event for container hivemq-platform-operator in pod hivemq-test-hivemq-platform-operator-6966f96d65-lk76g [c9b89633-f1a6-4c04-af4c-e4bed63cb91c]
2025-01-30 18:28:20,197 INFO c.h.h.t.HelmChartContainer - [POD] hivemq-test-hivemq-platform-operator-6966f96d65-lk76g [c9b89633-f1a6-4c04-af4c-e4bed63cb91c] in helmmqttit-operator was MODIFIED
2025-01-30 18:28:20,198 INFO c.h.h.t.HelmChartContainer - [K3S] [replica_set.go:679] "Finished syncing" kind="ReplicaSet" key="helmmqttit-operator/hivemq-test-hivemq-platform-operator-6966f96d65" duration="43.642µs"
2025-01-30 18:28:20,223 INFO c.h.h.t.HelmChartContainer - Started log watcher for hivemq-platform-operator in pod hivemq-test-hivemq-platform-operator-6966f96d65-lk76g [c9b89633-f1a6-4c04-af4c-e4bed63cb91c]
2025-01-30 18:28:20,223 INFO c.h.h.t.HelmChartContainer - [EVENT] Normal [Started] Started container hivemq-platform-operator [helmmqttit-operator:hivemq-test-hivemq-platform-operator-6966f96d65-lk76g]
2025-01-30 18:28:20,224 INFO c.h.h.t.HelmChartContainer - [hivemq-test-hivemq-platform] [hivemq-platform-operator] [c9b89633] -------------------------------------------------------------------------
2025-01-30 18:28:20,224 INFO c.h.h.t.HelmChartContainer - Received Started event for container hivemq-platform-operator in pod hivemq-test-hivemq-platform-operator-6966f96d65-lk76g [c9b89633-f1a6-4c04-af4c-e4bed63cb91c]
2025-01-30 18:28:20,224 INFO c.h.h.t.HelmChartContainer - [hivemq-test-hivemq-platform] [hivemq-platform-operator] [c9b89633] 
2025-01-30 18:28:20,224 INFO c.h.h.t.HelmChartContainer - [hivemq-test-hivemq-platform] [hivemq-platform-operator] [c9b89633]                   _    _  _              __  __   ____
2025-01-30 18:28:20,224 INFO c.h.h.t.HelmChartContainer - [hivemq-test-hivemq-platform] [hivemq-platform-operator] [c9b89633]                  | |  | |(_)            |  \/  | / __ \
2025-01-30 18:28:20,224 INFO c.h.h.t.HelmChartContainer - [hivemq-test-hivemq-platform] [hivemq-platform-operator] [c9b89633]                  | |__| | _ __   __ ___ | \  / || |  | |
2025-01-30 18:28:20,224 INFO c.h.h.t.HelmChartContainer - [hivemq-test-hivemq-platform] [hivemq-platform-operator] [c9b89633]                  |  __  || |\ \ / // _ \| |\/| || |  | |
2025-01-30 18:28:20,224 INFO c.h.h.t.HelmChartContainer - [hivemq-test-hivemq-platform] [hivemq-platform-operator] [c9b89633]                  | |  | || | \ V /|  __/| |  | || |__| |
2025-01-30 18:28:20,224 INFO c.h.h.t.HelmChartContainer - [hivemq-test-hivemq-platform] [hivemq-platform-operator] [c9b89633]                  |_|  |_||_|  \_/  \___||_|  |_| \___\_\
2025-01-30 18:28:20,224 INFO c.h.h.t.HelmChartContainer - [hivemq-test-hivemq-platform] [hivemq-platform-operator] [c9b89633] 
2025-01-30 18:28:20,224 INFO c.h.h.t.HelmChartContainer - [hivemq-test-hivemq-platform] [hivemq-platform-operator] [c9b89633] -------------------------------------------------------------------------
2025-01-30 18:28:20,224 INFO c.h.h.t.HelmChartContainer - [hivemq-test-hivemq-platform] [hivemq-platform-operator] [c9b89633] 
2025-01-30 18:28:20,224 INFO c.h.h.t.HelmChartContainer - [hivemq-test-hivemq-platform] [hivemq-platform-operator] [c9b89633]   HiveMQ Platform Operator Start Script v1.0
2025-01-30 18:28:20,224 INFO c.h.h.t.HelmChartContainer - [hivemq-test-hivemq-platform] [hivemq-platform-operator] [c9b89633] 
2025-01-30 18:28:20,224 INFO c.h.h.t.HelmChartContainer - [hivemq-test-hivemq-platform] [hivemq-platform-operator] [c9b89633] -------------------------------------------------------------------------
2025-01-30 18:28:20,224 INFO c.h.h.t.HelmChartContainer - [hivemq-test-hivemq-platform] [hivemq-platform-operator] [c9b89633] 
2025-01-30 18:28:20,224 INFO c.h.h.t.HelmChartContainer - [hivemq-test-hivemq-platform] [hivemq-platform-operator] [c9b89633]   JAVA_OPTS: -XX:+UnlockExperimentalVMOptions -XX:InitialRAMPercentage=75 -XX:MaxRAMPercentage=75 -Duser.language=en -Duser.region=US
2025-01-30 18:28:20,224 INFO c.h.h.t.HelmChartContainer - [hivemq-test-hivemq-platform] [hivemq-platform-operator] [c9b89633] 
2025-01-30 18:28:20,224 INFO c.h.h.t.HelmChartContainer - [hivemq-test-hivemq-platform] [hivemq-platform-operator] [c9b89633]   JAVA_VERSION: 21
2025-01-30 18:28:20,224 INFO c.h.h.t.HelmChartContainer - [hivemq-test-hivemq-platform] [hivemq-platform-operator] [c9b89633] 
2025-01-30 18:28:20,224 INFO c.h.h.t.HelmChartContainer - [hivemq-test-hivemq-platform] [hivemq-platform-operator] [c9b89633] -------------------------------------------------------------------------
2025-01-30 18:28:20,224 INFO c.h.h.t.HelmChartContainer - [hivemq-test-hivemq-platform] [hivemq-platform-operator] [c9b89633] 
2025-01-30 18:28:22,929 INFO c.h.h.t.HelmChartContainer - [hivemq-test-hivemq-platform] [hivemq-platform-operator] [c9b89633] 18:28:22.873 [main] DEBUG org.jboss.logging - Logging Provider: org.jboss.logging.Slf4jLoggerProvider
2025-01-30 18:28:22,978 INFO c.h.h.t.HelmChartContainer - [hivemq-test-hivemq-platform] [hivemq-platform-operator] [c9b89633] 18:28:22.977 [main] DEBUG io.smallrye.config - SRCFG01006: Loaded ConfigSource SysPropConfigSource with ordinal 400
2025-01-30 18:28:22,978 INFO c.h.h.t.HelmChartContainer - [hivemq-test-hivemq-platform] [hivemq-platform-operator] [c9b89633] 18:28:22.977 [main] DEBUG io.smallrye.config - SRCFG01006: Loaded ConfigSource EnvConfigSource with ordinal 300
2025-01-30 18:28:22,978 INFO c.h.h.t.HelmChartContainer - [hivemq-test-hivemq-platform] [hivemq-platform-operator] [c9b89633] 18:28:22.977 [main] DEBUG io.smallrye.config - SRCFG01006: Loaded ConfigSource PropertiesConfigSource[source=jar:file:///opt/hivemq-platform-operator/bin/hivemq-platform-operator.jar!/hivemq-platform-operator.properties] with ordinal 100
2025-01-30 18:28:23,027 INFO c.h.h.t.HelmChartContainer - [hivemq-test-hivemq-platform] [hivemq-platform-operator] [c9b89633] 18:28:22.977 [main] DEBUG io.smallrye.config - SRCFG01006: Loaded ConfigSource DefaultValuesConfigSource with ordinal -2147483648
2025-01-30 18:28:23,085 INFO c.h.h.t.HelmChartContainer - [hivemq-test-hivemq-platform] [hivemq-platform-operator] [c9b89633] 18:28:23.084 [main] DEBUG i.m.c.u.i.l.InternalLoggerFactory - Using SLF4J as the default logging framework
2025-01-30 18:28:23,264 INFO c.h.h.t.HelmChartContainer - [hivemq-test-hivemq-platform] [hivemq-platform-operator] [c9b89633] 18:28:23.179 [main] INFO  c.h.p.o.HiveMQPlatformOperatorApplication - HiveMQ Platform Operator 1.7.0-SNAPSHOT (commit: 47e3375 on branch: HEAD) built on Thu Jan 30 03:55:50 UTC 2025
2025-01-30 18:28:23,264 INFO c.h.h.t.HelmChartContainer - [hivemq-test-hivemq-platform] [hivemq-platform-operator] [c9b89633] 18:28:23.262 [main] INFO  c.h.p.o.HiveMQPlatformOperatorApplication - HiveMQ Platform Operator is running in namespace: helmmqttit-operator
2025-01-30 18:28:23,265 INFO c.h.h.t.HelmChartContainer - [hivemq-test-hivemq-platform] [hivemq-platform-operator] [c9b89633] 18:28:23.262 [main] INFO  c.h.p.o.HiveMQPlatformOperatorApplication - Watching all namespaces
2025-01-30 18:28:23,265 INFO c.h.h.t.HelmChartContainer - [hivemq-test-hivemq-platform] [hivemq-platform-operator] [c9b89633] 18:28:23.262 [main] INFO  c.h.p.o.HiveMQPlatformOperatorApplication - Log level: DEBUG
2025-01-30 18:28:23,265 INFO c.h.h.t.HelmChartContainer - [hivemq-test-hivemq-platform] [hivemq-platform-operator] [c9b89633] 18:28:23.262 [main] INFO  c.h.p.o.HiveMQPlatformOperatorApplication - Release name: test-hivemq-platform-operator
2025-01-30 18:28:23,265 INFO c.h.h.t.HelmChartContainer - [hivemq-test-hivemq-platform] [hivemq-platform-operator] [c9b89633] 18:28:23.262 [main] INFO  c.h.p.o.HiveMQPlatformOperatorApplication - HiveMQ Platform Operator Init image: docker.io/hivemq/hivemq-platform-operator-init-test:snapshot
2025-01-30 18:28:23,265 INFO c.h.h.t.HelmChartContainer - [hivemq-test-hivemq-platform] [hivemq-platform-operator] [c9b89633] 18:28:23.262 [main] INFO  c.h.p.o.HiveMQPlatformOperatorApplication - HiveMQ Platform Operator Init App update URL: http://hivemq-platform-operator-test-hivemq-platform-operator.helmmqttit-operator.svc:8080/initAppUpdate/hivemq-platform-operator-init-app-1.7.0-SNAPSHOT.jar
2025-01-30 18:28:23,265 INFO c.h.h.t.HelmChartContainer - [hivemq-test-hivemq-platform] [hivemq-platform-operator] [c9b89633] 18:28:23.263 [main] INFO  c.h.p.o.HiveMQPlatformOperatorApplication - Additional imagePullSecret for all Platform deployments: none
2025-01-30 18:28:23,265 INFO c.h.h.t.HelmChartContainer - [hivemq-test-hivemq-platform] [hivemq-platform-operator] [c9b89633] 18:28:23.263 [main] INFO  c.h.p.o.HiveMQPlatformOperatorApplication - Apply HiveMQ Platform CRD: true
2025-01-30 18:28:23,265 INFO c.h.h.t.HelmChartContainer - [hivemq-test-hivemq-platform] [hivemq-platform-operator] [c9b89633] 18:28:23.263 [main] INFO  c.h.p.o.HiveMQPlatformOperatorApplication - Create Platform ServiceAccount: true
2025-01-30 18:28:23,265 INFO c.h.h.t.HelmChartContainer - [hivemq-test-hivemq-platform] [hivemq-platform-operator] [c9b89633] 18:28:23.263 [main] INFO  c.h.p.o.HiveMQPlatformOperatorApplication - Create Platform ServiceAccount permissions: true
2025-01-30 18:28:23,267 INFO c.h.h.t.HelmChartContainer - [hivemq-test-hivemq-platform] [hivemq-platform-operator] [c9b89633] 18:28:23.263 [main] INFO  c.h.p.o.HiveMQPlatformOperatorApplication - Validate Platform ServiceAccount: true
2025-01-30 18:28:23,267 INFO c.h.h.t.HelmChartContainer - [hivemq-test-hivemq-platform] [hivemq-platform-operator] [c9b89633] 18:28:23.263 [main] INFO  c.h.p.o.HiveMQPlatformOperatorApplication - Validate Platform ServiceAccount permissions: true
2025-01-30 18:28:23,280 INFO c.h.h.t.HelmChartContainer - [hivemq-test-hivemq-platform] [hivemq-platform-operator] [c9b89633] 18:28:23.279 [main] INFO  c.h.platform.operator.util.CRDUtil - Verifying deployed HiveMQ Platform CRD...
2025-01-30 18:28:25,185 INFO c.h.h.t.HelmChartContainer - [POD] metrics-server-8584b5786c-cc5dl [b39da47e-9096-4064-b13c-a58cceae0cec] in kube-system was MODIFIED
2025-01-30 18:28:25,188 INFO c.h.h.t.HelmChartContainer - [K3S] [replica_set.go:679] "Finished syncing" kind="ReplicaSet" key="kube-system/metrics-server-8584b5786c" duration="4.677568ms"
2025-01-30 18:28:25,194 INFO c.h.h.t.HelmChartContainer - [K3S] [replica_set.go:679] "Finished syncing" kind="ReplicaSet" key="kube-system/metrics-server-8584b5786c" duration="46.396µs"
2025-01-30 18:28:25,868 INFO c.h.h.t.HelmChartContainer - [hivemq-test-hivemq-platform] [hivemq-platform-operator] [c9b89633] 18:28:25.866 [main] DEBUG c.h.platform.operator.util.CRDUtil - HiveMQ Platform CRD version v1 is up to date
2025-01-30 18:28:25,868 INFO c.h.h.t.HelmChartContainer - [hivemq-test-hivemq-platform] [hivemq-platform-operator] [c9b89633] 18:28:25.866 [main] INFO  c.h.platform.operator.util.CRDUtil - HiveMQ Platform CRD is up to date (version: V1_6_0)
2025-01-30 18:28:25,868 INFO c.h.h.t.HelmChartContainer - [hivemq-test-hivemq-platform] [hivemq-platform-operator] [c9b89633] 18:28:25.866 [main] INFO  c.h.platform.operator.util.CRDUtil - Waiting 10000 ms for HiveMQ Platform CRD 'hivemq-platforms.hivemq.com' to become ready...
2025-01-30 18:28:26,167 INFO c.h.h.t.HelmChartContainer - [hivemq-test-hivemq-platform] [hivemq-platform-operator] [c9b89633] 18:28:26.166 [vert.x-eventloop-thread-1] DEBUG c.h.platform.operator.util.CRDUtil - Checking CRD condition 'NamesAccepted' (status: 'True')
2025-01-30 18:28:26,168 INFO c.h.h.t.HelmChartContainer - [hivemq-test-hivemq-platform] [hivemq-platform-operator] [c9b89633] 18:28:26.166 [vert.x-eventloop-thread-1] DEBUG c.h.platform.operator.util.CRDUtil - Checking CRD condition 'Established' (status: 'True')
2025-01-30 18:28:26,169 INFO c.h.h.t.HelmChartContainer - [hivemq-test-hivemq-platform] [hivemq-platform-operator] [c9b89633] 18:28:26.167 [main] INFO  c.h.platform.operator.util.CRDUtil - HiveMQ Platform CRD 'hivemq-platforms.hivemq.com' is ready
2025-01-30 18:28:26,332 INFO c.h.h.t.HelmChartContainer - [hivemq-test-hivemq-platform] [hivemq-platform-operator] [c9b89633] 18:28:26.331 [main] INFO  c.h.p.o.HiveMQPlatformReconciler - HiveMQ Platform Operator is starting...
2025-01-30 18:28:26,429 INFO c.h.h.t.HelmChartContainer - [hivemq-test-hivemq-platform] [hivemq-platform-operator] [c9b89633] 18:28:26.427 [main] WARN  Default ConfigurationService implementation - Configuration for reconciler 'hivemq-controller' was not found. Known reconcilers: None.
2025-01-30 18:28:26,436 INFO c.h.h.t.HelmChartContainer - [hivemq-test-hivemq-platform] [hivemq-platform-operator] [c9b89633] 18:28:26.435 [main] INFO  Default ConfigurationService implementation - Created configuration for reconciler com.hivemq.platform.operator.HiveMQPlatformReconciler with name hivemq-controller
2025-01-30 18:28:26,561 INFO c.h.h.t.HelmChartContainer - [hivemq-test-hivemq-platform] [hivemq-platform-operator] [c9b89633] 18:28:26.560 [main] DEBUG c.h.p.o.HiveMQPlatformReconciler - HiveMQ Platform Operator is preparing EventSources
2025-01-30 18:28:26,573 INFO c.h.h.t.HelmChartContainer - [hivemq-test-hivemq-platform] [hivemq-platform-operator] [c9b89633] 18:28:26.572 [main] INFO  i.javaoperatorsdk.operator.Operator - Registered reconciler: 'hivemq-controller' for resource: 'class com.hivemq.platform.operator.v1.HiveMQPlatform' for namespace(s): [all namespaces]
2025-01-30 18:28:27,129 INFO c.h.h.t.HelmChartContainer - [hivemq-test-hivemq-platform] [hivemq-platform-operator] [c9b89633] 18:28:27.128 [main] INFO  c.h.p.operator.webserver.JettyServer - Starting Jetty server on port 8080
2025-01-30 18:28:27,234 INFO c.h.h.t.HelmChartContainer - [hivemq-test-hivemq-platform] [hivemq-platform-operator] [c9b89633] 18:28:27.233 [main] INFO  i.javaoperatorsdk.operator.Operator - Operator SDK 4.9.7 (commit: 2133d28) built on Wed Nov 20 12:56:20 UTC 2024 starting...
2025-01-30 18:28:27,234 INFO c.h.h.t.HelmChartContainer - [hivemq-test-hivemq-platform] [hivemq-platform-operator] [c9b89633] 18:28:27.233 [main] INFO  i.javaoperatorsdk.operator.Operator - Client version: 6.13.5
2025-01-30 18:28:27,261 INFO c.h.h.t.HelmChartContainer - [hivemq-test-hivemq-platform] [hivemq-platform-operator] [c9b89633] 18:28:27.259 [Controller Starter for: hivemq-controller] INFO  i.j.operator.processing.Controller - Starting 'hivemq-controller' controller for reconciler: com.hivemq.platform.operator.HiveMQPlatformReconciler, resource: com.hivemq.platform.operator.v1.HiveMQPlatform
2025-01-30 18:28:29,767 INFO c.h.h.t.HelmChartContainer - [hivemq-test-hivemq-platform] [hivemq-platform-operator] [c9b89633] 18:28:29.766 [Controller Starter for: hivemq-controller] INFO  i.j.operator.processing.Controller - 'hivemq-controller' controller started
2025-01-30 18:28:29,768 INFO c.h.h.t.HelmChartContainer - [hivemq-test-hivemq-platform] [hivemq-platform-operator] [c9b89633] 18:28:29.766 [main] INFO  c.h.p.o.HiveMQPlatformOperatorApplication - HiveMQ Platform Operator 1.7.0-SNAPSHOT started in 6587 ms
2025-01-30 18:28:29,942 INFO c.h.h.t.HelmChartContainer - [K3S] [range_allocator.go:247] "Successfully synced" key="bad0b85700c6"
2025-01-30 18:28:31,203 INFO c.h.h.t.HelmChartContainer - [POD] hivemq-test-hivemq-platform-operator-6966f96d65-lk76g [c9b89633-f1a6-4c04-af4c-e4bed63cb91c] in helmmqttit-operator was MODIFIED
2025-01-30 18:28:31,210 INFO c.h.h.t.HelmChartContainer - [K3S] [replica_set.go:679] "Finished syncing" kind="ReplicaSet" key="helmmqttit-operator/hivemq-test-hivemq-platform-operator-6966f96d65" duration="9.031714ms"
2025-01-30 18:28:31,210 INFO c.h.h.t.HelmChartContainer - [K3S] [replica_set.go:679] "Finished syncing" kind="ReplicaSet" key="helmmqttit-operator/hivemq-test-hivemq-platform-operator-6966f96d65" duration="31.328µs"
2025-01-30 18:28:33,220 DEBUG c.h.h.t.HelmChartContainer - Executing helm command: /bin/helm --kubeconfig /etc/rancher/k3s/k3s.yaml install test-hivemq-platform /charts/hivemq-platform --wait --timeout 5m0s --set image.repository=docker.io/hivemq --set image.tag=4.36.0 --set image.pullPolicy=Never --set nodes.resources.cpu=512m -f /files/custom-service-names-values.yaml --namespace helmmqttit
2025-01-30 18:28:33,456 INFO c.h.h.t.HelmChartContainer - [hivemq-test-hivemq-platform] [hivemq-platform-operator] [c9b89633] 18:28:33.455 [-2082509879-pool-1-thread-4] WARN  i.m.p.PrometheusMeterRegistry - The meter (MeterId{name='operator.sdk.events.received', tags=[tag(action=ADDED),tag(event=ResourceEvent),tag(group=hivemq.com),tag(kind=HiveMQPlatform),tag(name=test-hivemq-platform),tag(namespace=helmmqttit),tag(scope=namespace),tag(version=v1)]}) registration has failed: Prometheus requires that all meters with the same name have the same set of tag keys. There is already an existing meter named 'operator.sdk.events.received' containing tag keys [event, group, kind, name, namespace, scope, version]. The meter you are attempting to register has keys [action, event, group, kind, name, namespace, scope, version]. Note that subsequent logs will be logged at debug level.
2025-01-30 18:28:33,936 INFO c.h.h.t.HelmChartContainer - [hivemq-test-hivemq-platform] [hivemq-platform-operator] [c9b89633] 18:28:33.934 [pool-6-thread-3] DEBUG c.h.p.o.dependants.PodInfoConfigMap - [helmmqtt] Desired PodInfo ConfigMap (1 extensions) (1 enabled)
2025-01-30 18:28:33,936 INFO c.h.h.t.HelmChartContainer - [hivemq-test-hivemq-platform] [hivemq-platform-operator] [c9b89633] 18:28:33.935 [pool-6-thread-3] DEBUG c.h.p.o.dependants.PodInfoConfigMap - [helmmqtt] Desired PodInfo ConfigMap (metrics port: 9399) (metrics path: /)
2025-01-30 18:28:33,936 INFO c.h.h.t.HelmChartContainer - [hivemq-test-hivemq-platform] [hivemq-platform-operator] [c9b89633] 18:28:33.935 [pool-6-thread-3] DEBUG c.h.p.o.dependants.PodInfoConfigMap - [helmmqtt] Desired PodInfo ConfigMap (extension state hash: -1817474005)
2025-01-30 18:28:33,938 INFO c.h.h.t.HelmChartContainer - [hivemq-test-hivemq-platform] [hivemq-platform-operator] [c9b89633] 18:28:33.936 [pool-6-thread-3] DEBUG c.h.p.o.dependants.PodInfoConfigMap - [helmmqtt] Create PodInfo ConfigMap
2025-01-30 18:28:34,036 INFO c.h.h.t.HelmChartContainer - [hivemq-test-hivemq-platform] [hivemq-platform-operator] [c9b89633] 18:28:34.032 [pool-6-thread-5] DEBUG c.h.p.o.dependants.PodRoleResource - [helmmqtt] Create Role: Role(apiVersion=rbac.authorization.k8s.io/v1, kind=Role, metadata=ObjectMeta(annotations={meta.helm.sh/release-name=test-hivemq-platform, meta.helm.sh/release-namespace=helmmqttit}, creationTimestamp=null, deletionGracePeriodSeconds=null, deletionTimestamp=null, finalizers=[], generateName=null, generation=null, labels={helm.sh/chart=hivemq-platform-0.2.32, app.kubernetes.io/managed-by=Helm, app.kubernetes.io/name=hivemq-platform, hivemq-platform=test-hivemq-platform, app.kubernetes.io/instance=test-hivemq-platform, app.kubernetes.io/version=4.36.0}, managedFields=[], name=hivemq-platform-role-test-hivemq-platform, namespace=helmmqttit, ownerReferences=[OwnerReference(apiVersion=hivemq.com/v1, blockOwnerDeletion=null, controller=null, kind=HiveMQPlatform, name=test-hivemq-platform, uid=026c8283-6f52-46d0-ad27-bd4bcb97ae08, additionalProperties={})], resourceVersion=null, selfLink=null, uid=null, additionalProperties={}), rules=[PolicyRule(apiGroups=[], nonResourceURLs=[], resourceNames=[], resources=[pods], verbs=[get, patch, update], additionalProperties={})], additionalProperties={})
2025-01-30 18:28:34,232 INFO c.h.h.t.HelmChartContainer - [hivemq-test-hivemq-platform] [hivemq-platform-operator] [c9b89633] 18:28:34.227 [pool-6-thread-7] DEBUG c.h.p.o.d.PodServiceAccountResource - [helmmqtt] Desired PodServiceAccountResource (serviceAccountName: hivemq-platform-pod-test-hivemq-platform)
2025-01-30 18:28:34,232 INFO c.h.h.t.HelmChartContainer - [hivemq-test-hivemq-platform] [hivemq-platform-operator] [c9b89633] 18:28:34.228 [pool-6-thread-7] DEBUG c.h.p.o.d.PodServiceAccountResource - [helmmqtt] Create ServiceAccount 'hivemq-platform-pod-test-hivemq-platform'
2025-01-30 18:28:34,338 INFO c.h.h.t.HelmChartContainer - [hivemq-test-hivemq-platform] [hivemq-platform-operator] [c9b89633] 18:28:34.336 [pool-6-thread-10] DEBUG c.h.p.o.d.PodRoleBindingResource - [helmmqtt] Create RoleBinding: RoleBinding(apiVersion=rbac.authorization.k8s.io/v1, kind=RoleBinding, metadata=ObjectMeta(annotations={meta.helm.sh/release-name=test-hivemq-platform, meta.helm.sh/release-namespace=helmmqttit}, creationTimestamp=null, deletionGracePeriodSeconds=null, deletionTimestamp=null, finalizers=[], generateName=null, generation=null, labels={helm.sh/chart=hivemq-platform-0.2.32, app.kubernetes.io/managed-by=Helm, app.kubernetes.io/name=hivemq-platform, hivemq-platform=test-hivemq-platform, app.kubernetes.io/instance=test-hivemq-platform, app.kubernetes.io/version=4.36.0}, managedFields=[], name=hivemq-platform-role-binding-test-hivemq-platform, namespace=helmmqttit, ownerReferences=[OwnerReference(apiVersion=hivemq.com/v1, blockOwnerDeletion=null, controller=null, kind=HiveMQPlatform, name=test-hivemq-platform, uid=026c8283-6f52-46d0-ad27-bd4bcb97ae08, additionalProperties={})], resourceVersion=null, selfLink=null, uid=null, additionalProperties={}), roleRef=RoleRef(apiGroup=rbac.authorization.k8s.io, kind=Role, name=hivemq-platform-role-test-hivemq-platform, additionalProperties={}), subjects=[Subject(apiGroup=null, kind=ServiceAccount, name=hivemq-platform-pod-test-hivemq-platform, namespace=helmmqttit, additionalProperties={})], additionalProperties={})
2025-01-30 18:28:34,431 INFO c.h.h.t.HelmChartContainer - [hivemq-test-hivemq-platform] [hivemq-platform-operator] [c9b89633] 18:28:34.430 [ReconcilerExecutor-hivemq-controller-54] INFO  c.h.p.o.HiveMQPlatformReconciler - [helmmqtt] Reconciling HiveMQ Platform 'test-hivemq-platform' in namespace 'helmmqttit'
2025-01-30 18:28:34,432 INFO c.h.h.t.HelmChartContainer - [hivemq-test-hivemq-platform] [hivemq-platform-operator] [c9b89633] 18:28:34.430 [ReconcilerExecutor-hivemq-controller-54] DEBUG c.h.p.o.HiveMQPlatformReconciler - [helmmqtt] Custom Resource Status CREATED - HiveMQ Platform was created (READY)
2025-01-30 18:28:34,432 INFO c.h.h.t.HelmChartContainer - [hivemq-test-hivemq-platform] [hivemq-platform-operator] [c9b89633] 18:28:34.430 [ReconcilerExecutor-hivemq-controller-54] DEBUG c.h.p.o.HiveMQPlatformReconciler - [helmmqtt] Custom Resource Spec (replicas: 1) (extensions: 1)
2025-01-30 18:28:34,434 INFO c.h.h.t.HelmChartContainer - [hivemq-test-hivemq-platform] [hivemq-platform-operator] [c9b89633] 18:28:34.433 [ReconcilerExecutor-hivemq-controller-54] INFO  c.h.p.o.h.HiveMQPlatformReconcilerBaseHandler - [helmmqtt] HiveMQ Platform is starting
2025-01-30 18:28:34,540 INFO c.h.h.t.HelmChartContainer - [hivemq-test-hivemq-platform] [hivemq-platform-operator] [c9b89633] 18:28:34.539 [ReconcilerExecutor-hivemq-controller-54] DEBUG c.h.p.operator.event.EventSender - [helmmqtt] Creating K8s event hivemq-platform-starting: [Start] HiveMQ Platform is starting
2025-01-30 18:28:34,550 INFO c.h.h.t.HelmChartContainer - [EVENT] Normal [Start] HiveMQ Platform is starting [helmmqttit:test-hivemq-platform]
2025-01-30 18:28:34,631 INFO c.h.h.t.HelmChartContainer - [hivemq-test-hivemq-platform] [hivemq-platform-operator] [c9b89633] 18:28:34.629 [ReconcilerExecutor-hivemq-controller-54] INFO  c.h.p.o.h.AbstractHiveMQReconcilerStateHandler - [helmmqtt] Update HiveMQ Platform Status (CREATED [READY] -> STARTING [READY]): HiveMQ Platform is starting
2025-01-30 18:28:34,646 DEBUG com.hivemq.helmcharts.util.K8sUtil - Comparing actual state 'STARTING' and waiting for 'RUNNING'
2025-01-30 18:28:44,660 INFO c.h.h.t.HelmChartContainer - [hivemq-test-hivemq-platform] [hivemq-platform-operator] [c9b89633] 18:28:44.654 [pool-6-thread-12] DEBUG c.h.p.o.d.PlatformServiceResource - [helmmqtt] Desired Platform services (4 services)
2025-01-30 18:28:44,660 INFO c.h.h.t.HelmChartContainer - [hivemq-test-hivemq-platform] [hivemq-platform-operator] [c9b89633] 18:28:44.656 [pool-6-thread-13] DEBUG c.h.p.o.dependants.PodInfoConfigMap - [helmmqtt] Desired PodInfo ConfigMap (1 extensions) (1 enabled)
2025-01-30 18:28:44,660 INFO c.h.h.t.HelmChartContainer - [hivemq-test-hivemq-platform] [hivemq-platform-operator] [c9b89633] 18:28:44.656 [pool-6-thread-13] DEBUG c.h.p.o.dependants.PodInfoConfigMap - [helmmqtt] Desired PodInfo ConfigMap (metrics port: 9399) (metrics path: /)
2025-01-30 18:28:44,661 INFO c.h.h.t.HelmChartContainer - [hivemq-test-hivemq-platform] [hivemq-platform-operator] [c9b89633] 18:28:44.656 [pool-6-thread-13] DEBUG c.h.p.o.dependants.PodInfoConfigMap - [helmmqtt] Desired PodInfo ConfigMap (extension state hash: -1817474005)
2025-01-30 18:28:44,666 INFO c.h.h.t.HelmChartContainer - [hivemq-test-hivemq-platform] [hivemq-platform-operator] [c9b89633] 18:28:44.661 [pool-6-thread-17] DEBUG c.h.p.o.d.PodServiceAccountResource - [helmmqtt] Desired PodServiceAccountResource (serviceAccountName: hivemq-platform-pod-test-hivemq-platform)
2025-01-30 18:28:44,727 INFO c.h.h.t.HelmChartContainer - [hivemq-test-hivemq-platform] [hivemq-platform-operator] [c9b89633] 18:28:44.661 [pool-6-thread-13] DEBUG c.h.p.o.dependants.PodInfoConfigMap - [helmmqtt] Update PodInfo ConfigMap
2025-01-30 18:28:44,740 INFO c.h.h.t.HelmChartContainer - [K3S] [alloc.go:330] "allocated clusterIPs" service="helmmqttit/mqtt-service" clusterIPs={"IPv4":"10.43.208.52"}
2025-01-30 18:28:44,833 INFO c.h.h.t.HelmChartContainer - [K3S] [alloc.go:330] "allocated clusterIPs" service="helmmqttit/control-center-service" clusterIPs={"IPv4":"10.43.87.5"}
2025-01-30 18:28:44,847 INFO c.h.h.t.HelmChartContainer - [K3S] [alloc.go:330] "allocated clusterIPs" service="helmmqttit/rest-api-service" clusterIPs={"IPv4":"10.43.56.200"}
2025-01-30 18:28:44,934 INFO c.h.h.t.HelmChartContainer - [K3S] [alloc.go:330] "allocated clusterIPs" service="helmmqttit/metrics-service" clusterIPs={"IPv4":"10.43.239.250"}
2025-01-30 18:28:44,944 INFO c.h.h.t.HelmChartContainer - [hivemq-test-hivemq-platform] [hivemq-platform-operator] [c9b89633] 18:28:44.941 [pool-6-thread-20] DEBUG c.h.p.o.d.StatefulSetResource - [helmmqtt] Desired StatefulSet (1 replicas) for status STARTING (READY)
2025-01-30 18:28:45,032 INFO c.h.h.t.HelmChartContainer - [hivemq-test-hivemq-platform] [hivemq-platform-operator] [c9b89633] 18:28:45.030 [pool-6-thread-20] DEBUG c.h.p.o.d.StatefulSetResource - [helmmqtt] Create StatefulSet
2025-01-30 18:28:45,068 INFO c.h.h.t.HelmChartContainer - [POD] test-hivemq-platform-0 [33c0b752-7dd9-4fd0-9325-cc9e51ea4487] in helmmqttit was ADDED
2025-01-30 18:28:45,068 INFO c.h.h.t.HelmChartContainer - [EVENT] Normal [SuccessfulCreate] create Pod test-hivemq-platform-0 in StatefulSet test-hivemq-platform successful [helmmqttit:test-hivemq-platform]
2025-01-30 18:28:45,070 INFO c.h.h.t.HelmChartContainer - [POD] test-hivemq-platform-0 [33c0b752-7dd9-4fd0-9325-cc9e51ea4487] in helmmqttit was MODIFIED
2025-01-30 18:28:45,071 INFO c.h.h.t.HelmChartContainer - [EVENT] Normal [Scheduled] Successfully assigned helmmqttit/test-hivemq-platform-0 to bad0b85700c6 [helmmqttit:test-hivemq-platform-0]
2025-01-30 18:28:45,084 INFO c.h.h.t.HelmChartContainer - [POD] test-hivemq-platform-0 [33c0b752-7dd9-4fd0-9325-cc9e51ea4487] in helmmqttit was MODIFIED
2025-01-30 18:28:45,130 INFO c.h.h.t.HelmChartContainer - [K3S] [reconciler_common.go:251] "operationExecutor.VerifyControllerAttachedVolume started for volume \"kube-api-access-nqmmx\" (UniqueName: \"kubernetes.io/projected/33c0b752-7dd9-4fd0-9325-cc9e51ea4487-kube-api-access-nqmmx\") pod \"test-hivemq-platform-0\" (UID: \"33c0b752-7dd9-4fd0-9325-cc9e51ea4487\") " pod="helmmqttit/test-hivemq-platform-0"
2025-01-30 18:28:45,130 INFO c.h.h.t.HelmChartContainer - [K3S] [reconciler_common.go:251] "operationExecutor.VerifyControllerAttachedVolume started for volume \"pod-info\" (UniqueName: \"kubernetes.io/configmap/33c0b752-7dd9-4fd0-9325-cc9e51ea4487-pod-info\") pod \"test-hivemq-platform-0\" (UID: \"33c0b752-7dd9-4fd0-9325-cc9e51ea4487\") " pod="helmmqttit/test-hivemq-platform-0"
2025-01-30 18:28:45,131 INFO c.h.h.t.HelmChartContainer - [K3S] [reconciler_common.go:251] "operationExecutor.VerifyControllerAttachedVolume started for volume \"broker-configuration\" (UniqueName: \"kubernetes.io/configmap/33c0b752-7dd9-4fd0-9325-cc9e51ea4487-broker-configuration\") pod \"test-hivemq-platform-0\" (UID: \"33c0b752-7dd9-4fd0-9325-cc9e51ea4487\") " pod="helmmqttit/test-hivemq-platform-0"
2025-01-30 18:28:45,131 INFO c.h.h.t.HelmChartContainer - [K3S] [reconciler_common.go:251] "operationExecutor.VerifyControllerAttachedVolume started for volume \"operator-init\" (UniqueName: \"kubernetes.io/empty-dir/33c0b752-7dd9-4fd0-9325-cc9e51ea4487-operator-init\") pod \"test-hivemq-platform-0\" (UID: \"33c0b752-7dd9-4fd0-9325-cc9e51ea4487\") " pod="helmmqttit/test-hivemq-platform-0"
2025-01-30 18:28:45,131 INFO c.h.h.t.HelmChartContainer - [hivemq-test-hivemq-platform] [hivemq-platform-operator] [c9b89633] 18:28:45.129 [ReconcilerExecutor-hivemq-controller-65] INFO  c.h.p.o.HiveMQPlatformReconciler - [helmmqtt] Reconciling HiveMQ Platform 'test-hivemq-platform' in namespace 'helmmqttit'
2025-01-30 18:28:45,132 INFO c.h.h.t.HelmChartContainer - [hivemq-test-hivemq-platform] [hivemq-platform-operator] [c9b89633] 18:28:45.129 [ReconcilerExecutor-hivemq-controller-65] DEBUG c.h.p.o.HiveMQPlatformReconciler - [helmmqtt] Custom Resource Status STARTING - HiveMQ Platform is starting (READY)
2025-01-30 18:28:45,133 INFO c.h.h.t.HelmChartContainer - [hivemq-test-hivemq-platform] [hivemq-platform-operator] [c9b89633] 18:28:45.130 [ReconcilerExecutor-hivemq-controller-65] DEBUG c.h.p.o.HiveMQPlatformReconciler - [helmmqtt] Custom Resource Spec (replicas: 1) (extensions: 1)
2025-01-30 18:28:45,233 INFO c.h.h.t.HelmChartContainer - [hivemq-test-hivemq-platform] [hivemq-platform-operator] [c9b89633] 18:28:45.228 [ReconcilerExecutor-hivemq-controller-65] DEBUG c.h.p.o.HiveMQPlatformReconciler - [helmmqtt] StatefulSet Status (revision: null, replicas: 0, available: 0, ready: 0, current: 0, updated: 0)
2025-01-30 18:28:45,233 INFO c.h.h.t.HelmChartContainer - [hivemq-test-hivemq-platform] [hivemq-platform-operator] [c9b89633] 18:28:45.228 [ReconcilerExecutor-hivemq-controller-65] DEBUG c.h.p.o.HiveMQPlatformReconciler - [helmmqtt] StatefulSet Spec (replicas: 1, init containers: 1, containers: 1, volumes: 3)
2025-01-30 18:28:45,265 INFO c.h.h.t.HelmChartContainer - [hivemq-test-hivemq-platform] [hivemq-platform-operator] [c9b89633] 18:28:45.263 [ReconcilerExecutor-hivemq-controller-65] DEBUG c.h.p.o.h.HiveMQPlatformReconcilerErrorHandler - [helmmqtt] Pod 'test-hivemq-platform-0' phase Pending
2025-01-30 18:28:45,328 INFO c.h.h.t.HelmChartContainer - [hivemq-test-hivemq-platform] [hivemq-platform-operator] [c9b89633] 18:28:45.264 [ReconcilerExecutor-hivemq-controller-65] DEBUG c.h.p.o.h.HiveMQPlatformReconcilerErrorHandler - [helmmqtt] Pod 'test-hivemq-platform-0' condition 'PodReadyToStartContainers': False
2025-01-30 18:28:45,329 INFO c.h.h.t.HelmChartContainer - [hivemq-test-hivemq-platform] [hivemq-platform-operator] [c9b89633] 18:28:45.327 [ReconcilerExecutor-hivemq-controller-65] DEBUG c.h.p.o.h.HiveMQPlatformReconcilerErrorHandler - [helmmqtt] Pod 'test-hivemq-platform-0' condition 'Initialized': False
2025-01-30 18:28:45,330 INFO c.h.h.t.HelmChartContainer - [hivemq-test-hivemq-platform] [hivemq-platform-operator] [c9b89633] 18:28:45.327 [ReconcilerExecutor-hivemq-controller-65] DEBUG c.h.p.o.h.HiveMQPlatformReconcilerErrorHandler - [helmmqtt] Pod 'test-hivemq-platform-0' condition 'Ready': False
2025-01-30 18:28:45,330 INFO c.h.h.t.HelmChartContainer - [hivemq-test-hivemq-platform] [hivemq-platform-operator] [c9b89633] 18:28:45.327 [ReconcilerExecutor-hivemq-controller-65] DEBUG c.h.p.o.h.HiveMQPlatformReconcilerErrorHandler - [helmmqtt] Pod 'test-hivemq-platform-0' condition 'ContainersReady': False
2025-01-30 18:28:45,330 INFO c.h.h.t.HelmChartContainer - [hivemq-test-hivemq-platform] [hivemq-platform-operator] [c9b89633] 18:28:45.327 [ReconcilerExecutor-hivemq-controller-65] DEBUG c.h.p.o.h.HiveMQPlatformReconcilerErrorHandler - [helmmqtt] Pod 'test-hivemq-platform-0' condition 'PodScheduled': True
2025-01-30 18:28:45,330 INFO c.h.h.t.HelmChartContainer - [hivemq-test-hivemq-platform] [hivemq-platform-operator] [c9b89633] 18:28:45.327 [ReconcilerExecutor-hivemq-controller-65] DEBUG c.h.p.o.h.HiveMQPlatformReconcilerErrorHandler - [helmmqtt] Pod 'test-hivemq-platform-0' containerStatus 'hivemq' (started: false) (ready: false) (waiting: [PodInitializing] null)
2025-01-30 18:28:45,331 INFO c.h.h.t.HelmChartContainer - [hivemq-test-hivemq-platform] [hivemq-platform-operator] [c9b89633] 18:28:45.329 [ReconcilerExecutor-hivemq-controller-65] INFO  c.h.p.o.h.HiveMQPlatformReconcilerBaseHandler - [helmmqtt] HiveMQ Platform is starting, 0 of 1 replicas are ready
2025-01-30 18:28:45,339 INFO c.h.h.t.HelmChartContainer - [hivemq-test-hivemq-platform] [hivemq-platform-operator] [c9b89633] 18:28:45.336 [pool-6-thread-22] DEBUG c.h.p.o.d.PlatformServiceResource - [helmmqtt] Desired Platform services (4 services)
2025-01-30 18:28:45,340 INFO c.h.h.t.HelmChartContainer - [hivemq-test-hivemq-platform] [hivemq-platform-operator] [c9b89633] 18:28:45.337 [pool-6-thread-23] DEBUG c.h.p.o.dependants.PodInfoConfigMap - [helmmqtt] Desired PodInfo ConfigMap (1 extensions) (1 enabled)
2025-01-30 18:28:45,341 INFO c.h.h.t.HelmChartContainer - [hivemq-test-hivemq-platform] [hivemq-platform-operator] [c9b89633] 18:28:45.337 [pool-6-thread-23] DEBUG c.h.p.o.dependants.PodInfoConfigMap - [helmmqtt] Desired PodInfo ConfigMap (metrics port: 9399) (metrics path: /)
2025-01-30 18:28:45,341 INFO c.h.h.t.HelmChartContainer - [hivemq-test-hivemq-platform] [hivemq-platform-operator] [c9b89633] 18:28:45.337 [pool-6-thread-23] DEBUG c.h.p.o.dependants.PodInfoConfigMap - [helmmqtt] Desired PodInfo ConfigMap (extension state hash: -1817474005)
2025-01-30 18:28:45,431 INFO c.h.h.t.HelmChartContainer - [hivemq-test-hivemq-platform] [hivemq-platform-operator] [c9b89633] 18:28:45.428 [pool-6-thread-27] DEBUG c.h.p.o.d.PodServiceAccountResource - [helmmqtt] Desired PodServiceAccountResource (serviceAccountName: hivemq-platform-pod-test-hivemq-platform)
2025-01-30 18:28:45,442 INFO c.h.h.t.HelmChartContainer - [hivemq-test-hivemq-platform] [hivemq-platform-operator] [c9b89633] 18:28:45.440 [pool-6-thread-30] DEBUG c.h.p.o.d.StatefulSetResource - [helmmqtt] Desired StatefulSet (1 replicas) for status STARTING (READY)
2025-01-30 18:28:45,474 INFO c.h.h.t.HelmChartContainer - [EVENT] Normal [Pulled] Container image "docker.io/hivemq/hivemq-platform-operator-init-test:snapshot" already present on machine [helmmqttit:test-hivemq-platform-0]
2025-01-30 18:28:45,484 INFO c.h.h.t.HelmChartContainer - [EVENT] Normal [Created] Created container: hivemq-platform-operator-init [helmmqttit:test-hivemq-platform-0]
2025-01-30 18:28:45,524 INFO c.h.h.t.HelmChartContainer - [EVENT] Normal [Started] Started container hivemq-platform-operator-init [helmmqttit:test-hivemq-platform-0]
2025-01-30 18:28:45,529 INFO c.h.h.t.HelmChartContainer - [hivemq-test-hivemq-platform] [hivemq-platform-operator] [c9b89633] 18:28:45.526 [ReconcilerExecutor-hivemq-controller-76] INFO  c.h.p.o.HiveMQPlatformReconciler - [helmmqtt] Reconciling HiveMQ Platform 'test-hivemq-platform' in namespace 'helmmqttit'
2025-01-30 18:28:45,529 INFO c.h.h.t.HelmChartContainer - [hivemq-test-hivemq-platform] [hivemq-platform-operator] [c9b89633] 18:28:45.526 [ReconcilerExecutor-hivemq-controller-76] DEBUG c.h.p.o.HiveMQPlatformReconciler - [helmmqtt] Custom Resource Status STARTING - HiveMQ Platform is starting (READY)
2025-01-30 18:28:45,529 INFO c.h.h.t.HelmChartContainer - [hivemq-test-hivemq-platform] [hivemq-platform-operator] [c9b89633] 18:28:45.526 [ReconcilerExecutor-hivemq-controller-76] DEBUG c.h.p.o.HiveMQPlatformReconciler - [helmmqtt] Custom Resource Spec (replicas: 1) (extensions: 1)
2025-01-30 18:28:45,535 INFO c.h.h.t.HelmChartContainer - [hivemq-test-hivemq-platform] [hivemq-platform-operator] [c9b89633] 18:28:45.532 [ReconcilerExecutor-hivemq-controller-76] DEBUG c.h.p.o.HiveMQPlatformReconciler - [helmmqtt] StatefulSet Status (revision: test-hivemq-platform-6c4dd86f88, replicas: 1, available: 0, ready: 0, current: 1, updated: 1)
2025-01-30 18:28:45,535 INFO c.h.h.t.HelmChartContainer - [hivemq-test-hivemq-platform] [hivemq-platform-operator] [c9b89633] 18:28:45.533 [ReconcilerExecutor-hivemq-controller-76] DEBUG c.h.p.o.HiveMQPlatformReconciler - [helmmqtt] StatefulSet Spec (replicas: 1, init containers: 1, containers: 1, volumes: 3)
2025-01-30 18:28:45,537 INFO c.h.h.t.HelmChartContainer - [hivemq-test-hivemq-platform] [hivemq-platform-operator] [c9b89633] 18:28:45.535 [ReconcilerExecutor-hivemq-controller-76] DEBUG c.h.p.o.h.HiveMQPlatformReconcilerErrorHandler - [helmmqtt] Pod 'test-hivemq-platform-0' phase Pending
2025-01-30 18:28:45,537 INFO c.h.h.t.HelmChartContainer - [hivemq-test-hivemq-platform] [hivemq-platform-operator] [c9b89633] 18:28:45.535 [ReconcilerExecutor-hivemq-controller-76] DEBUG c.h.p.o.h.HiveMQPlatformReconcilerErrorHandler - [helmmqtt] Pod 'test-hivemq-platform-0' condition 'PodReadyToStartContainers': False
2025-01-30 18:28:45,537 INFO c.h.h.t.HelmChartContainer - [hivemq-test-hivemq-platform] [hivemq-platform-operator] [c9b89633] 18:28:45.535 [ReconcilerExecutor-hivemq-controller-76] DEBUG c.h.p.o.h.HiveMQPlatformReconcilerErrorHandler - [helmmqtt] Pod 'test-hivemq-platform-0' condition 'Initialized': False
2025-01-30 18:28:45,537 INFO c.h.h.t.HelmChartContainer - [hivemq-test-hivemq-platform] [hivemq-platform-operator] [c9b89633] 18:28:45.535 [ReconcilerExecutor-hivemq-controller-76] DEBUG c.h.p.o.h.HiveMQPlatformReconcilerErrorHandler - [helmmqtt] Pod 'test-hivemq-platform-0' condition 'Ready': False
2025-01-30 18:28:45,537 INFO c.h.h.t.HelmChartContainer - [hivemq-test-hivemq-platform] [hivemq-platform-operator] [c9b89633] 18:28:45.535 [ReconcilerExecutor-hivemq-controller-76] DEBUG c.h.p.o.h.HiveMQPlatformReconcilerErrorHandler - [helmmqtt] Pod 'test-hivemq-platform-0' condition 'ContainersReady': False
2025-01-30 18:28:45,538 INFO c.h.h.t.HelmChartContainer - [hivemq-test-hivemq-platform] [hivemq-platform-operator] [c9b89633] 18:28:45.535 [ReconcilerExecutor-hivemq-controller-76] DEBUG c.h.p.o.h.HiveMQPlatformReconcilerErrorHandler - [helmmqtt] Pod 'test-hivemq-platform-0' condition 'PodScheduled': True
2025-01-30 18:28:45,538 INFO c.h.h.t.HelmChartContainer - [hivemq-test-hivemq-platform] [hivemq-platform-operator] [c9b89633] 18:28:45.535 [ReconcilerExecutor-hivemq-controller-76] DEBUG c.h.p.o.h.HiveMQPlatformReconcilerErrorHandler - [helmmqtt] Pod 'test-hivemq-platform-0' containerStatus 'hivemq' (started: false) (ready: false) (waiting: [PodInitializing] null)
2025-01-30 18:28:45,539 INFO c.h.h.t.HelmChartContainer - [hivemq-test-hivemq-platform] [hivemq-platform-operator] [c9b89633] 18:28:45.536 [ReconcilerExecutor-hivemq-controller-76] INFO  c.h.p.o.h.HiveMQPlatformReconcilerBaseHandler - [helmmqtt] HiveMQ Platform is starting, 0 of 1 replicas are ready
2025-01-30 18:28:46,229 INFO c.h.h.t.HelmChartContainer - [EVENT] Normal [Pulled] Container image "docker.io/hivemq/hivemq4:4.36.0" already present on machine [helmmqttit:test-hivemq-platform-0]
2025-01-30 18:28:46,230 INFO c.h.h.t.HelmChartContainer - Received Pulled event for container hivemq in pod test-hivemq-platform-0 [33c0b752-7dd9-4fd0-9325-cc9e51ea4487]
2025-01-30 18:28:46,241 INFO c.h.h.t.HelmChartContainer - [POD] test-hivemq-platform-0 [33c0b752-7dd9-4fd0-9325-cc9e51ea4487] in helmmqttit was MODIFIED
2025-01-30 18:28:46,264 INFO c.h.h.t.HelmChartContainer - [EVENT] Normal [Created] Created container: hivemq [helmmqttit:test-hivemq-platform-0]
2025-01-30 18:28:46,264 INFO c.h.h.t.HelmChartContainer - Received Created event for container hivemq in pod test-hivemq-platform-0 [33c0b752-7dd9-4fd0-9325-cc9e51ea4487]
2025-01-30 18:28:46,266 INFO c.h.h.t.HelmChartContainer - [hivemq-test-hivemq-platform] [hivemq-platform-operator] [c9b89633] 18:28:46.250 [pool-6-thread-32] DEBUG c.h.p.o.d.PlatformServiceResource - [helmmqtt] Desired Platform services (4 services)
2025-01-30 18:28:46,276 INFO c.h.h.t.HelmChartContainer - [hivemq-test-hivemq-platform] [hivemq-platform-operator] [c9b89633] 18:28:46.259 [pool-6-thread-33] DEBUG c.h.p.o.dependants.PodInfoConfigMap - [helmmqtt] Desired PodInfo ConfigMap (1 extensions) (1 enabled)
2025-01-30 18:28:46,276 INFO c.h.h.t.HelmChartContainer - [hivemq-test-hivemq-platform] [hivemq-platform-operator] [c9b89633] 18:28:46.260 [pool-6-thread-33] DEBUG c.h.p.o.dependants.PodInfoConfigMap - [helmmqtt] Desired PodInfo ConfigMap (metrics port: 9399) (metrics path: /)
2025-01-30 18:28:46,276 INFO c.h.h.t.HelmChartContainer - [hivemq-test-hivemq-platform] [hivemq-platform-operator] [c9b89633] 18:28:46.260 [pool-6-thread-33] DEBUG c.h.p.o.dependants.PodInfoConfigMap - [helmmqtt] Desired PodInfo ConfigMap (extension state hash: -1817474005)
2025-01-30 18:28:46,276 INFO c.h.h.t.HelmChartContainer - [hivemq-test-hivemq-platform] [hivemq-platform-operator] [c9b89633] 18:28:46.264 [pool-6-thread-37] DEBUG c.h.p.o.d.PodServiceAccountResource - [helmmqtt] Desired PodServiceAccountResource (serviceAccountName: hivemq-platform-pod-test-hivemq-platform)
2025-01-30 18:28:46,329 INFO c.h.h.t.HelmChartContainer - [hivemq-test-hivemq-platform] [hivemq-platform-operator] [c9b89633] 18:28:46.327 [pool-6-thread-40] DEBUG c.h.p.o.d.StatefulSetResource - [helmmqtt] Desired StatefulSet (1 replicas) for status STARTING (READY)
2025-01-30 18:28:46,338 INFO c.h.h.t.HelmChartContainer - [hivemq-test-hivemq-platform] [hivemq-platform-operator] [c9b89633] 18:28:46.335 [ReconcilerExecutor-hivemq-controller-87] INFO  c.h.p.o.HiveMQPlatformReconciler - [helmmqtt] Reconciling HiveMQ Platform 'test-hivemq-platform' in namespace 'helmmqttit'
2025-01-30 18:28:46,339 INFO c.h.h.t.HelmChartContainer - [hivemq-test-hivemq-platform] [hivemq-platform-operator] [c9b89633] 18:28:46.335 [ReconcilerExecutor-hivemq-controller-87] DEBUG c.h.p.o.HiveMQPlatformReconciler - [helmmqtt] Custom Resource Status STARTING - HiveMQ Platform is starting (READY)
2025-01-30 18:28:46,339 INFO c.h.h.t.HelmChartContainer - [hivemq-test-hivemq-platform] [hivemq-platform-operator] [c9b89633] 18:28:46.335 [ReconcilerExecutor-hivemq-controller-87] DEBUG c.h.p.o.HiveMQPlatformReconciler - [helmmqtt] Custom Resource Spec (replicas: 1) (extensions: 1)
2025-01-30 18:28:46,348 INFO c.h.h.t.HelmChartContainer - [hivemq-test-hivemq-platform] [hivemq-platform-operator] [c9b89633] 18:28:46.341 [ReconcilerExecutor-hivemq-controller-87] DEBUG c.h.p.o.HiveMQPlatformReconciler - [helmmqtt] StatefulSet Status (revision: test-hivemq-platform-6c4dd86f88, replicas: 1, available: 0, ready: 0, current: 1, updated: 1)
2025-01-30 18:28:46,348 INFO c.h.h.t.HelmChartContainer - [hivemq-test-hivemq-platform] [hivemq-platform-operator] [c9b89633] 18:28:46.342 [ReconcilerExecutor-hivemq-controller-87] DEBUG c.h.p.o.HiveMQPlatformReconciler - [helmmqtt] StatefulSet Spec (replicas: 1, init containers: 1, containers: 1, volumes: 3)
2025-01-30 18:28:46,348 INFO c.h.h.t.HelmChartContainer - [hivemq-test-hivemq-platform] [hivemq-platform-operator] [c9b89633] 18:28:46.346 [ReconcilerExecutor-hivemq-controller-87] DEBUG c.h.p.o.h.HiveMQPlatformReconcilerErrorHandler - [helmmqtt] Pod 'test-hivemq-platform-0' phase Pending
2025-01-30 18:28:46,349 INFO c.h.h.t.HelmChartContainer - [hivemq-test-hivemq-platform] [hivemq-platform-operator] [c9b89633] 18:28:46.346 [ReconcilerExecutor-hivemq-controller-87] DEBUG c.h.p.o.h.HiveMQPlatformReconcilerErrorHandler - [helmmqtt] Pod 'test-hivemq-platform-0' condition 'PodReadyToStartContainers': True
2025-01-30 18:28:46,351 INFO c.h.h.t.HelmChartContainer - [hivemq-test-hivemq-platform] [hivemq-platform-operator] [c9b89633] 18:28:46.346 [ReconcilerExecutor-hivemq-controller-87] DEBUG c.h.p.o.h.HiveMQPlatformReconcilerErrorHandler - [helmmqtt] Pod 'test-hivemq-platform-0' condition 'Initialized': True
2025-01-30 18:28:46,351 INFO c.h.h.t.HelmChartContainer - [hivemq-test-hivemq-platform] [hivemq-platform-operator] [c9b89633] 18:28:46.346 [ReconcilerExecutor-hivemq-controller-87] DEBUG c.h.p.o.h.HiveMQPlatformReconcilerErrorHandler - [helmmqtt] Pod 'test-hivemq-platform-0' condition 'Ready': False
2025-01-30 18:28:46,351 INFO c.h.h.t.HelmChartContainer - [hivemq-test-hivemq-platform] [hivemq-platform-operator] [c9b89633] 18:28:46.346 [ReconcilerExecutor-hivemq-controller-87] DEBUG c.h.p.o.h.HiveMQPlatformReconcilerErrorHandler - [helmmqtt] Pod 'test-hivemq-platform-0' condition 'ContainersReady': False
2025-01-30 18:28:46,351 INFO c.h.h.t.HelmChartContainer - [hivemq-test-hivemq-platform] [hivemq-platform-operator] [c9b89633] 18:28:46.346 [ReconcilerExecutor-hivemq-controller-87] DEBUG c.h.p.o.h.HiveMQPlatformReconcilerErrorHandler - [helmmqtt] Pod 'test-hivemq-platform-0' condition 'PodScheduled': True
2025-01-30 18:28:46,351 INFO c.h.h.t.HelmChartContainer - [hivemq-test-hivemq-platform] [hivemq-platform-operator] [c9b89633] 18:28:46.346 [ReconcilerExecutor-hivemq-controller-87] DEBUG c.h.p.o.h.HiveMQPlatformReconcilerErrorHandler - [helmmqtt] Pod 'test-hivemq-platform-0' containerStatus 'hivemq' (started: false) (ready: false) (waiting: [PodInitializing] null)
2025-01-30 18:28:46,351 INFO c.h.h.t.HelmChartContainer - [hivemq-test-hivemq-platform] [hivemq-platform-operator] [c9b89633] 18:28:46.347 [ReconcilerExecutor-hivemq-controller-87] INFO  c.h.p.o.h.HiveMQPlatformReconcilerBaseHandler - [helmmqtt] HiveMQ Platform is starting, 0 of 1 replicas are ready
2025-01-30 18:28:47,249 INFO c.h.h.t.HelmChartContainer - [POD] test-hivemq-platform-0 [33c0b752-7dd9-4fd0-9325-cc9e51ea4487] in helmmqttit was MODIFIED
2025-01-30 18:28:47,254 INFO c.h.h.t.HelmChartContainer - [EVENT] Normal [Started] Started container hivemq [helmmqttit:test-hivemq-platform-0]
2025-01-30 18:28:47,254 INFO c.h.h.t.HelmChartContainer - Started log watcher for hivemq in pod test-hivemq-platform-0 [33c0b752-7dd9-4fd0-9325-cc9e51ea4487]
2025-01-30 18:28:47,254 INFO c.h.h.t.HelmChartContainer - Received Started event for container hivemq in pod test-hivemq-platform-0 [33c0b752-7dd9-4fd0-9325-cc9e51ea4487]
2025-01-30 18:28:47,258 INFO c.h.h.t.HelmChartContainer - [test-hivemq-platform] [hivemq] [33c0b752] Adding pre-installed HiveMQ Platform Operator extensions
2025-01-30 18:28:47,258 INFO c.h.h.t.HelmChartContainer - [test-hivemq-platform] [hivemq] [33c0b752] Running as user 10000
2025-01-30 18:28:47,258 INFO c.h.h.t.HelmChartContainer - [test-hivemq-platform] [hivemq] [33c0b752] Starting HiveMQ Platform Operator Init
2025-01-30 18:28:47,259 INFO c.h.h.t.HelmChartContainer - [hivemq-test-hivemq-platform] [hivemq-platform-operator] [c9b89633] 18:28:47.252 [pool-6-thread-42] DEBUG c.h.p.o.d.PlatformServiceResource - [helmmqtt] Desired Platform services (4 services)
2025-01-30 18:28:47,264 INFO c.h.h.t.HelmChartContainer - [hivemq-test-hivemq-platform] [hivemq-platform-operator] [c9b89633] 18:28:47.261 [pool-6-thread-43] DEBUG c.h.p.o.dependants.PodInfoConfigMap - [helmmqtt] Desired PodInfo ConfigMap (1 extensions) (1 enabled)
2025-01-30 18:28:47,264 INFO c.h.h.t.HelmChartContainer - [hivemq-test-hivemq-platform] [hivemq-platform-operator] [c9b89633] 18:28:47.262 [pool-6-thread-47] DEBUG c.h.p.o.d.PodServiceAccountResource - [helmmqtt] Desired PodServiceAccountResource (serviceAccountName: hivemq-platform-pod-test-hivemq-platform)
2025-01-30 18:28:47,266 INFO c.h.h.t.HelmChartContainer - [hivemq-test-hivemq-platform] [hivemq-platform-operator] [c9b89633] 18:28:47.261 [pool-6-thread-43] DEBUG c.h.p.o.dependants.PodInfoConfigMap - [helmmqtt] Desired PodInfo ConfigMap (metrics port: 9399) (metrics path: /)
2025-01-30 18:28:47,266 INFO c.h.h.t.HelmChartContainer - [hivemq-test-hivemq-platform] [hivemq-platform-operator] [c9b89633] 18:28:47.263 [pool-6-thread-43] DEBUG c.h.p.o.dependants.PodInfoConfigMap - [helmmqtt] Desired PodInfo ConfigMap (extension state hash: -1817474005)
2025-01-30 18:28:47,335 INFO c.h.h.t.HelmChartContainer - [hivemq-test-hivemq-platform] [hivemq-platform-operator] [c9b89633] 18:28:47.332 [pool-6-thread-50] DEBUG c.h.p.o.d.StatefulSetResource - [helmmqtt] Desired StatefulSet (1 replicas) for status STARTING (READY)
2025-01-30 18:28:47,340 INFO c.h.h.t.HelmChartContainer - [hivemq-test-hivemq-platform] [hivemq-platform-operator] [c9b89633] 18:28:47.337 [ReconcilerExecutor-hivemq-controller-98] INFO  c.h.p.o.HiveMQPlatformReconciler - [helmmqtt] Reconciling HiveMQ Platform 'test-hivemq-platform' in namespace 'helmmqttit'
2025-01-30 18:28:47,341 INFO c.h.h.t.HelmChartContainer - [hivemq-test-hivemq-platform] [hivemq-platform-operator] [c9b89633] 18:28:47.337 [ReconcilerExecutor-hivemq-controller-98] DEBUG c.h.p.o.HiveMQPlatformReconciler - [helmmqtt] Custom Resource Status STARTING - HiveMQ Platform is starting (READY)
2025-01-30 18:28:47,341 INFO c.h.h.t.HelmChartContainer - [hivemq-test-hivemq-platform] [hivemq-platform-operator] [c9b89633] 18:28:47.337 [ReconcilerExecutor-hivemq-controller-98] DEBUG c.h.p.o.HiveMQPlatformReconciler - [helmmqtt] Custom Resource Spec (replicas: 1) (extensions: 1)
2025-01-30 18:28:47,344 INFO c.h.h.t.HelmChartContainer - [hivemq-test-hivemq-platform] [hivemq-platform-operator] [c9b89633] 18:28:47.340 [ReconcilerExecutor-hivemq-controller-98] DEBUG c.h.p.o.HiveMQPlatformReconciler - [helmmqtt] StatefulSet Status (revision: test-hivemq-platform-6c4dd86f88, replicas: 1, available: 0, ready: 0, current: 1, updated: 1)
2025-01-30 18:28:47,344 INFO c.h.h.t.HelmChartContainer - [hivemq-test-hivemq-platform] [hivemq-platform-operator] [c9b89633] 18:28:47.340 [ReconcilerExecutor-hivemq-controller-98] DEBUG c.h.p.o.HiveMQPlatformReconciler - [helmmqtt] StatefulSet Spec (replicas: 1, init containers: 1, containers: 1, volumes: 3)
2025-01-30 18:28:47,345 INFO c.h.h.t.HelmChartContainer - [hivemq-test-hivemq-platform] [hivemq-platform-operator] [c9b89633] 18:28:47.342 [ReconcilerExecutor-hivemq-controller-98] DEBUG c.h.p.o.h.HiveMQPlatformReconcilerErrorHandler - [helmmqtt] Pod 'test-hivemq-platform-0' phase Running
2025-01-30 18:28:47,346 INFO c.h.h.t.HelmChartContainer - [hivemq-test-hivemq-platform] [hivemq-platform-operator] [c9b89633] 18:28:47.343 [ReconcilerExecutor-hivemq-controller-98] INFO  c.h.p.o.h.HiveMQPlatformReconcilerBaseHandler - [helmmqtt] HiveMQ Platform is starting, 0 of 1 replicas are ready
2025-01-30 18:28:47,601 INFO c.h.h.t.HelmChartContainer - [test-hivemq-platform] [hivemq] [33c0b752] INFO  - [HiveMQ Platform Operator Init 1.7.0-SNAPSHOT] HiveMQ Platform Operator Init 1.7.0-SNAPSHOT (commit: 47e3375 on branch: HEAD) built on Thu Jan 30 03:55:50 UTC 2025
2025-01-30 18:28:48,755 INFO c.h.h.t.HelmChartContainer - [test-hivemq-platform] [hivemq] [33c0b752] INFO  - [HiveMQ Platform Operator Init App 1.7.0-SNAPSHOT] Using bind address 10.42.0.6 from environment variable
2025-01-30 18:28:49,731 INFO c.h.h.t.HelmChartContainer - [test-hivemq-platform] [hivemq] [33c0b752] INFO  - [HiveMQ Platform Operator Init App 1.7.0-SNAPSHOT] HiveMQ Platform Operator Init App 1.7.0-SNAPSHOT (commit: 47e3375 on branch: HEAD) built on Thu Jan 30 03:55:50 UTC 2025
2025-01-30 18:28:49,732 INFO c.h.h.t.HelmChartContainer - [test-hivemq-platform] [hivemq] [33c0b752] INFO  - [HiveMQ Platform Operator Init App 1.7.0-SNAPSHOT] PodInfo ConfigMap directory: /etc/podinfo
2025-01-30 18:28:49,732 INFO c.h.h.t.HelmChartContainer - [test-hivemq-platform] [hivemq] [33c0b752] INFO  - [HiveMQ Platform Operator Init App 1.7.0-SNAPSHOT] HiveMQ home directory: /opt/hivemq
2025-01-30 18:28:49,732 INFO c.h.h.t.HelmChartContainer - [test-hivemq-platform] [hivemq] [33c0b752] INFO  - [HiveMQ Platform Operator Init App 1.7.0-SNAPSHOT] HiveMQ Logback folder: /opt/hivemq/conf
2025-01-30 18:28:49,732 INFO c.h.h.t.HelmChartContainer - [test-hivemq-platform] [hivemq] [33c0b752] INFO  - [HiveMQ Platform Operator Init App 1.7.0-SNAPSHOT] HiveMQ Config folder: /opt/hivemq/conf-k8s
2025-01-30 18:28:49,732 INFO c.h.h.t.HelmChartContainer - [test-hivemq-platform] [hivemq] [33c0b752] INFO  - [HiveMQ Platform Operator Init App 1.7.0-SNAPSHOT] Starting HiveMQ Platform Operator Init App
2025-01-30 18:28:49,733 INFO c.h.h.t.HelmChartContainer - [test-hivemq-platform] [hivemq] [33c0b752] INFO  - [HiveMQ Platform Operator Init App 1.7.0-SNAPSHOT] Starting Pod reconciler
2025-01-30 18:28:51,096 INFO c.h.h.t.HelmChartContainer - [test-hivemq-platform] [hivemq] [33c0b752] INFO  - [HiveMQ Platform Operator Init App 1.7.0-SNAPSHOT] Pod reconciler is scheduled (interval: 5000 ms)
2025-01-30 18:28:51,097 INFO c.h.h.t.HelmChartContainer - [test-hivemq-platform] [hivemq] [33c0b752] INFO  - [HiveMQ Platform Operator Init App 1.7.0-SNAPSHOT] Starting the REST API on 10.42.0.6:7979
2025-01-30 18:28:51,100 INFO c.h.h.t.HelmChartContainer - [test-hivemq-platform] [hivemq] [33c0b752] INFO  - [HiveMQ Platform Operator Init App 1.7.0-SNAPSHOT] Waiting up to 600s for at most 1 HiveMQ nodes in cluster service hivemq-test-hivemq-platform-cluster.helmmqttit.svc
2025-01-30 18:28:51,496 INFO c.h.h.t.HelmChartContainer - [test-hivemq-platform] [hivemq] [33c0b752] INFO  - [HiveMQ Platform Operator Init App 1.7.0-SNAPSHOT] Resolved 1 IP addresses: [10.42.0.6]
2025-01-30 18:28:51,496 INFO c.h.h.t.HelmChartContainer - [test-hivemq-platform] [hivemq] [33c0b752] INFO  - [HiveMQ Platform Operator Init App 1.7.0-SNAPSHOT] HiveMQ node count of 1 is within threshold of 1
2025-01-30 18:28:51,497 INFO c.h.h.t.HelmChartContainer - [test-hivemq-platform] [hivemq] [33c0b752] INFO  - [HiveMQ Platform Operator Init App 1.7.0-SNAPSHOT] Proceeding with container start
2025-01-30 18:28:51,537 INFO c.h.h.t.HelmChartContainer - [test-hivemq-platform] [hivemq] [33c0b752] INFO  - [HiveMQ Platform Operator Init App 1.7.0-SNAPSHOT] Initializing HiveMQ Platform extensions with initial configuration: {hivemq-allow-all-extension={start-priority=-1, skip-https-hostname-verification=false, restart=true, config-version=0, header-version=0, c-uri=, priority=-1, uri=preinstalled, skip-https-certificate-validation=false, enabled=true}, hivemq-prometheus-extension={priority=-1, start-priority=-1, c-uri=, skip-https-hostname-verification=false, skip-https-certificate-validation=false, uri=preinstalled, request-header-path=no-request-headers, enabled=true, restart=true}}
2025-01-30 18:28:52,026 INFO c.h.h.t.HelmChartContainer - [test-hivemq-platform] [hivemq] [33c0b752] INFO  - [HiveMQ Platform Operator Init App 1.7.0-SNAPSHOT] Extension hivemq-allow-all-extension was already enabled
2025-01-30 18:28:52,098 INFO c.h.h.t.HelmChartContainer - [test-hivemq-platform] [hivemq] [33c0b752] INFO  - [HiveMQ Platform Operator Init App 1.7.0-SNAPSHOT] Successfully enabled extension hivemq-prometheus-extension
2025-01-30 18:28:52,099 INFO c.h.h.t.HelmChartContainer - [test-hivemq-platform] [hivemq] [33c0b752] INFO  - [HiveMQ Platform Operator Init App 1.7.0-SNAPSHOT] Starting HiveMQ Platform version 4.36.0 (4.36.0)
2025-01-30 18:28:52,099 INFO c.h.h.t.HelmChartContainer - [test-hivemq-platform] [hivemq] [33c0b752] INFO  - [HiveMQ Platform Operator Init App 1.7.0-SNAPSHOT] Configuring the HiveMQ Platform
2025-01-30 18:28:52,129 INFO c.h.h.t.HelmChartContainer - [test-hivemq-platform] [hivemq] [33c0b752] INFO  - [HiveMQ Platform Operator Init App 1.7.0-SNAPSHOT] Changed logback.xml file scan period to 20 seconds
2025-01-30 18:28:52,196 INFO c.h.h.t.HelmChartContainer - [test-hivemq-platform] [hivemq] [33c0b752] INFO  - [HiveMQ Platform Operator Init App 1.7.0-SNAPSHOT] Starting the HiveMQ Platform
2025-01-30 18:28:52,199 INFO c.h.h.t.HelmChartContainer - [test-hivemq-platform] [hivemq] [33c0b752] -------------------------------------------------------------------------
2025-01-30 18:28:52,199 INFO c.h.h.t.HelmChartContainer - [test-hivemq-platform] [hivemq] [33c0b752] 
2025-01-30 18:28:52,199 INFO c.h.h.t.HelmChartContainer - [test-hivemq-platform] [hivemq] [33c0b752]                   _    _  _              __  __   ____
2025-01-30 18:28:52,199 INFO c.h.h.t.HelmChartContainer - [test-hivemq-platform] [hivemq] [33c0b752]                  | |  | |(_)            |  \/  | / __ \
2025-01-30 18:28:52,199 INFO c.h.h.t.HelmChartContainer - [test-hivemq-platform] [hivemq] [33c0b752]                  | |__| | _ __   __ ___ | \  / || |  | |
2025-01-30 18:28:52,199 INFO c.h.h.t.HelmChartContainer - [test-hivemq-platform] [hivemq] [33c0b752]                  |  __  || |\ \ / // _ \| |\/| || |  | |
2025-01-30 18:28:52,200 INFO c.h.h.t.HelmChartContainer - [test-hivemq-platform] [hivemq] [33c0b752]                  | |  | || | \ V /|  __/| |  | || |__| |
2025-01-30 18:28:52,200 INFO c.h.h.t.HelmChartContainer - [test-hivemq-platform] [hivemq] [33c0b752]                  |_|  |_||_|  \_/  \___||_|  |_| \___\_\
2025-01-30 18:28:52,200 INFO c.h.h.t.HelmChartContainer - [test-hivemq-platform] [hivemq] [33c0b752] 
2025-01-30 18:28:52,200 INFO c.h.h.t.HelmChartContainer - [test-hivemq-platform] [hivemq] [33c0b752] -------------------------------------------------------------------------
2025-01-30 18:28:52,200 INFO c.h.h.t.HelmChartContainer - [test-hivemq-platform] [hivemq] [33c0b752] 
2025-01-30 18:28:52,200 INFO c.h.h.t.HelmChartContainer - [test-hivemq-platform] [hivemq] [33c0b752]   HiveMQ Start Script for Linux/Unix v1.14
2025-01-30 18:28:52,200 INFO c.h.h.t.HelmChartContainer - [test-hivemq-platform] [hivemq] [33c0b752] 
2025-01-30 18:28:52,294 INFO c.h.h.t.HelmChartContainer - [test-hivemq-platform] [hivemq] [33c0b752] -------------------------------------------------------------------------
2025-01-30 18:28:52,295 INFO c.h.h.t.HelmChartContainer - [test-hivemq-platform] [hivemq] [33c0b752] 
2025-01-30 18:28:52,295 INFO c.h.h.t.HelmChartContainer - [test-hivemq-platform] [hivemq] [33c0b752]   HIVEMQ_HOME: /opt/hivemq
2025-01-30 18:28:52,295 INFO c.h.h.t.HelmChartContainer - [test-hivemq-platform] [hivemq] [33c0b752] 
2025-01-30 18:28:52,295 INFO c.h.h.t.HelmChartContainer - [test-hivemq-platform] [hivemq] [33c0b752]   JAVA_OPTS: -XX:+UnlockExperimentalVMOptions -XX:InitialRAMPercentage=50 -XX:MaxRAMPercentage=50 -Djava.net.preferIPv4Stack=true --add-opens java.base/java.lang=ALL-UNNAMED --add-opens java.base/java.nio=ALL-UNNAMED --add-opens java.base/sun.nio.ch=ALL-UNNAMED --add-opens jdk.management/com.sun.management.internal=ALL-UNNAMED --add-exports java.base/jdk.internal.misc=ALL-UNNAMED -Djava.security.egd=file:/dev/./urandom -Dcom.sun.management.jmxremote -Dcom.sun.management.jmxremote.port=9010 -Dcom.sun.management.jmxremote.local.only=false -Dcom.sun.management.jmxremote.authenticate=false -Dcom.sun.management.jmxremote.ssl=false -Duser.language=en -Duser.region=US -XX:+CrashOnOutOfMemoryError -XX:+HeapDumpOnOutOfMemoryError
2025-01-30 18:28:52,295 INFO c.h.h.t.HelmChartContainer - [test-hivemq-platform] [hivemq] [33c0b752] 
2025-01-30 18:28:52,295 INFO c.h.h.t.HelmChartContainer - [test-hivemq-platform] [hivemq] [33c0b752]   JAVA_VERSION: 21
2025-01-30 18:28:52,295 INFO c.h.h.t.HelmChartContainer - [test-hivemq-platform] [hivemq] [33c0b752] 
2025-01-30 18:28:52,295 INFO c.h.h.t.HelmChartContainer - [test-hivemq-platform] [hivemq] [33c0b752] -------------------------------------------------------------------------
2025-01-30 18:28:52,295 INFO c.h.h.t.HelmChartContainer - [test-hivemq-platform] [hivemq] [33c0b752] 
2025-01-30 18:28:53,323 INFO c.h.h.t.HelmChartContainer - [test-hivemq-platform] [hivemq] [33c0b752] INFO  - [HiveMQ Platform Operator Init App 1.7.0-SNAPSHOT] Returning default Health API response 503 for readiness
2025-01-30 18:28:53,631 INFO c.h.h.t.HelmChartContainer - [EVENT] Warning [Unhealthy] Readiness probe failed: HTTP probe failed with statuscode: 503 [helmmqttit:test-hivemq-platform-0]
2025-01-30 18:28:53,631 INFO c.h.h.t.HelmChartContainer - Received Unhealthy event for container hivemq in pod test-hivemq-platform-0 [33c0b752-7dd9-4fd0-9325-cc9e51ea4487]
2025-01-30 18:28:54,995 INFO c.h.h.t.HelmChartContainer - [test-hivemq-platform] [hivemq] [33c0b752] INFO  - Starting HiveMQ Enterprise Server
2025-01-30 18:28:55,023 INFO c.h.h.t.HelmChartContainer - [test-hivemq-platform] [hivemq] [33c0b752] INFO  - HiveMQ version: 4.36.0
2025-01-30 18:28:55,023 INFO c.h.h.t.HelmChartContainer - [test-hivemq-platform] [hivemq] [33c0b752] INFO  - HiveMQ home directory: /opt/hivemq
2025-01-30 18:28:55,024 INFO c.h.h.t.HelmChartContainer - [test-hivemq-platform] [hivemq] [33c0b752] INFO  - Log Configuration was overridden by /opt/hivemq/conf/logback.xml
2025-01-30 18:28:56,338 INFO c.h.h.t.HelmChartContainer - [test-hivemq-platform] [hivemq] [33c0b752] INFO  - Successfully loaded configuration from '/opt/hivemq/conf-k8s/config.xml'.
2025-01-30 18:28:57,095 INFO c.h.h.t.HelmChartContainer - [test-hivemq-platform] [hivemq] [33c0b752] INFO  - This node's ID is 44DYM
2025-01-30 18:28:57,095 INFO c.h.h.t.HelmChartContainer - [test-hivemq-platform] [hivemq] [33c0b752] INFO  - Clustering is enabled
2025-01-30 18:28:57,349 INFO c.h.h.t.HelmChartContainer - [hivemq-test-hivemq-platform] [hivemq-platform-operator] [c9b89633] 18:28:57.347 [pool-6-thread-8] DEBUG c.h.p.o.d.PlatformServiceResource - [helmmqtt] Desired Platform services (4 services)
2025-01-30 18:28:57,351 INFO c.h.h.t.HelmChartContainer - [hivemq-test-hivemq-platform] [hivemq-platform-operator] [c9b89633] 18:28:57.350 [pool-6-thread-3] DEBUG c.h.p.o.d.PodServiceAccountResource - [helmmqtt] Desired PodServiceAccountResource (serviceAccountName: hivemq-platform-pod-test-hivemq-platform)
2025-01-30 18:28:57,358 INFO c.h.h.t.HelmChartContainer - [hivemq-test-hivemq-platform] [hivemq-platform-operator] [c9b89633] 18:28:57.351 [pool-6-thread-9] DEBUG c.h.p.o.dependants.PodInfoConfigMap - [helmmqtt] Desired PodInfo ConfigMap (1 extensions) (1 enabled)
2025-01-30 18:28:57,358 INFO c.h.h.t.HelmChartContainer - [hivemq-test-hivemq-platform] [hivemq-platform-operator] [c9b89633] 18:28:57.353 [pool-6-thread-9] DEBUG c.h.p.o.dependants.PodInfoConfigMap - [helmmqtt] Desired PodInfo ConfigMap (metrics port: 9399) (metrics path: /)
2025-01-30 18:28:57,359 INFO c.h.h.t.HelmChartContainer - [hivemq-test-hivemq-platform] [hivemq-platform-operator] [c9b89633] 18:28:57.355 [pool-6-thread-9] DEBUG c.h.p.o.dependants.PodInfoConfigMap - [helmmqtt] Desired PodInfo ConfigMap (extension state hash: -1817474005)
2025-01-30 18:28:57,362 INFO c.h.h.t.HelmChartContainer - [hivemq-test-hivemq-platform] [hivemq-platform-operator] [c9b89633] 18:28:57.361 [pool-6-thread-8] DEBUG c.h.p.o.d.StatefulSetResource - [helmmqtt] Desired StatefulSet (1 replicas) for status STARTING (READY)
2025-01-30 18:28:57,435 INFO c.h.h.t.HelmChartContainer - [hivemq-test-hivemq-platform] [hivemq-platform-operator] [c9b89633] 18:28:57.431 [ReconcilerExecutor-hivemq-controller-109] INFO  c.h.p.o.HiveMQPlatformReconciler - [helmmqtt] Reconciling HiveMQ Platform 'test-hivemq-platform' in namespace 'helmmqttit'
2025-01-30 18:28:57,436 INFO c.h.h.t.HelmChartContainer - [hivemq-test-hivemq-platform] [hivemq-platform-operator] [c9b89633] 18:28:57.431 [ReconcilerExecutor-hivemq-controller-109] DEBUG c.h.p.o.HiveMQPlatformReconciler - [helmmqtt] Custom Resource Status STARTING - HiveMQ Platform is starting (READY)
2025-01-30 18:28:57,436 INFO c.h.h.t.HelmChartContainer - [hivemq-test-hivemq-platform] [hivemq-platform-operator] [c9b89633] 18:28:57.431 [ReconcilerExecutor-hivemq-controller-109] DEBUG c.h.p.o.HiveMQPlatformReconciler - [helmmqtt] Custom Resource Spec (replicas: 1) (extensions: 1)
2025-01-30 18:28:57,437 INFO c.h.h.t.HelmChartContainer - [hivemq-test-hivemq-platform] [hivemq-platform-operator] [c9b89633] 18:28:57.436 [ReconcilerExecutor-hivemq-controller-109] DEBUG c.h.p.o.HiveMQPlatformReconciler - [helmmqtt] StatefulSet Status (revision: test-hivemq-platform-6c4dd86f88, replicas: 1, available: 0, ready: 0, current: 1, updated: 1)
2025-01-30 18:28:57,438 INFO c.h.h.t.HelmChartContainer - [hivemq-test-hivemq-platform] [hivemq-platform-operator] [c9b89633] 18:28:57.436 [ReconcilerExecutor-hivemq-controller-109] DEBUG c.h.p.o.HiveMQPlatformReconciler - [helmmqtt] StatefulSet Spec (replicas: 1, init containers: 1, containers: 1, volumes: 3)
2025-01-30 18:28:57,439 INFO c.h.h.t.HelmChartContainer - [hivemq-test-hivemq-platform] [hivemq-platform-operator] [c9b89633] 18:28:57.437 [ReconcilerExecutor-hivemq-controller-109] DEBUG c.h.p.o.h.HiveMQPlatformReconcilerErrorHandler - [helmmqtt] Pod 'test-hivemq-platform-0' phase Running
2025-01-30 18:28:57,440 INFO c.h.h.t.HelmChartContainer - [hivemq-test-hivemq-platform] [hivemq-platform-operator] [c9b89633] 18:28:57.438 [ReconcilerExecutor-hivemq-controller-109] INFO  c.h.p.o.h.HiveMQPlatformReconcilerBaseHandler - [helmmqtt] HiveMQ Platform is starting, 0 of 1 replicas are ready
2025-01-30 18:28:58,931 INFO c.h.h.t.HelmChartContainer - [test-hivemq-platform] [hivemq] [33c0b752] WARN  - [HiveMQ Platform Operator Init App 1.7.0-SNAPSHOT] Cannot connect to Health API for readiness: null
2025-01-30 18:28:58,935 INFO c.h.h.t.HelmChartContainer - [EVENT] Warning [Unhealthy] Readiness probe failed: HTTP probe failed with statuscode: 503 [helmmqttit:test-hivemq-platform-0]
2025-01-30 18:28:58,936 INFO c.h.h.t.HelmChartContainer - Received Unhealthy event for container hivemq in pod test-hivemq-platform-0 [33c0b752-7dd9-4fd0-9325-cc9e51ea4487]
2025-01-30 18:29:02,428 INFO c.h.h.t.HelmChartContainer - [test-hivemq-platform] [hivemq] [33c0b752] Jan 30, 2025 6:29:02 PM io.vertx.core.impl.BlockedThreadChecker
2025-01-30 18:29:02,428 INFO c.h.h.t.HelmChartContainer - [test-hivemq-platform] [hivemq] [33c0b752] WARNING: Thread Thread[vert.x-eventloop-thread-1,5,main] has been blocked for 2794 ms, time limit is 2000 ms
2025-01-30 18:29:03,026 INFO c.h.h.t.HelmChartContainer - [test-hivemq-platform] [hivemq] [33c0b752] INFO  - [HiveMQ Platform Operator Init App 1.7.0-SNAPSHOT] Updating Pod HiveMQ Platform Operator Init App version annotation (version: 1.7.0-SNAPSHOT)
2025-01-30 18:29:03,324 INFO c.h.h.t.HelmChartContainer - [test-hivemq-platform] [hivemq] [33c0b752] WARN  - [HiveMQ Platform Operator Init App 1.7.0-SNAPSHOT] Cannot connect to Health API for readiness: null
2025-01-30 18:29:03,330 INFO c.h.h.t.HelmChartContainer - [EVENT] Warning [Unhealthy] Readiness probe failed: HTTP probe failed with statuscode: 503 [helmmqttit:test-hivemq-platform-0]
2025-01-30 18:29:03,330 INFO c.h.h.t.HelmChartContainer - Received Unhealthy event for container hivemq in pod test-hivemq-platform-0 [33c0b752-7dd9-4fd0-9325-cc9e51ea4487]
2025-01-30 18:29:03,637 INFO c.h.h.t.HelmChartContainer - [POD] test-hivemq-platform-0 [33c0b752-7dd9-4fd0-9325-cc9e51ea4487] in helmmqttit was MODIFIED
2025-01-30 18:29:03,642 INFO c.h.h.t.HelmChartContainer - [test-hivemq-platform] [hivemq] [33c0b752] WARN  - [HiveMQ Platform Operator Init App 1.7.0-SNAPSHOT] Cannot connect to Health API for readiness: null
2025-01-30 18:29:03,645 INFO c.h.h.t.HelmChartContainer - [hivemq-test-hivemq-platform] [hivemq-platform-operator] [c9b89633] 18:29:03.641 [pool-6-thread-16] DEBUG c.h.p.o.d.PlatformServiceResource - [helmmqtt] Desired Platform services (4 services)
2025-01-30 18:29:03,650 INFO c.h.h.t.HelmChartContainer - [hivemq-test-hivemq-platform] [hivemq-platform-operator] [c9b89633] 18:29:03.649 [pool-6-thread-14] DEBUG c.h.p.o.d.PodServiceAccountResource - [helmmqtt] Desired PodServiceAccountResource (serviceAccountName: hivemq-platform-pod-test-hivemq-platform)
2025-01-30 18:29:03,652 INFO c.h.h.t.HelmChartContainer - [EVENT] Warning [Unhealthy] Readiness probe failed: HTTP probe failed with statuscode: 503 [helmmqttit:test-hivemq-platform-0]
2025-01-30 18:29:03,652 INFO c.h.h.t.HelmChartContainer - Received Unhealthy event for container hivemq in pod test-hivemq-platform-0 [33c0b752-7dd9-4fd0-9325-cc9e51ea4487]
2025-01-30 18:29:03,653 INFO c.h.h.t.HelmChartContainer - [hivemq-test-hivemq-platform] [hivemq-platform-operator] [c9b89633] 18:29:03.643 [pool-6-thread-15] DEBUG c.h.p.o.dependants.PodInfoConfigMap - [helmmqtt] Desired PodInfo ConfigMap (1 extensions) (1 enabled)
2025-01-30 18:29:03,654 INFO c.h.h.t.HelmChartContainer - [hivemq-test-hivemq-platform] [hivemq-platform-operator] [c9b89633] 18:29:03.650 [pool-6-thread-15] DEBUG c.h.p.o.dependants.PodInfoConfigMap - [helmmqtt] Desired PodInfo ConfigMap (metrics port: 9399) (metrics path: /)
2025-01-30 18:29:03,654 INFO c.h.h.t.HelmChartContainer - [hivemq-test-hivemq-platform] [hivemq-platform-operator] [c9b89633] 18:29:03.651 [pool-6-thread-15] DEBUG c.h.p.o.dependants.PodInfoConfigMap - [helmmqtt] Desired PodInfo ConfigMap (extension state hash: -1817474005)
2025-01-30 18:29:03,664 INFO c.h.h.t.HelmChartContainer - [hivemq-test-hivemq-platform] [hivemq-platform-operator] [c9b89633] 18:29:03.660 [pool-6-thread-16] DEBUG c.h.p.o.d.StatefulSetResource - [helmmqtt] Desired StatefulSet (1 replicas) for status STARTING (READY)
2025-01-30 18:29:03,722 INFO c.h.h.t.HelmChartContainer - [test-hivemq-platform] [hivemq] [33c0b752] INFO  - [HiveMQ Platform Operator Init App 1.7.0-SNAPSHOT] Successfully updated Pod HiveMQ Platform Operator Init App version annotation (version: 1.7.0-SNAPSHOT)
2025-01-30 18:29:03,728 INFO c.h.h.t.HelmChartContainer - [hivemq-test-hivemq-platform] [hivemq-platform-operator] [c9b89633] 18:29:03.726 [ReconcilerExecutor-hivemq-controller-110] INFO  c.h.p.o.HiveMQPlatformReconciler - [helmmqtt] Reconciling HiveMQ Platform 'test-hivemq-platform' in namespace 'helmmqttit'
2025-01-30 18:29:03,728 INFO c.h.h.t.HelmChartContainer - [hivemq-test-hivemq-platform] [hivemq-platform-operator] [c9b89633] 18:29:03.727 [ReconcilerExecutor-hivemq-controller-110] DEBUG c.h.p.o.HiveMQPlatformReconciler - [helmmqtt] Custom Resource Status STARTING - HiveMQ Platform is starting (READY)
2025-01-30 18:29:03,728 INFO c.h.h.t.HelmChartContainer - [hivemq-test-hivemq-platform] [hivemq-platform-operator] [c9b89633] 18:29:03.727 [ReconcilerExecutor-hivemq-controller-110] DEBUG c.h.p.o.HiveMQPlatformReconciler - [helmmqtt] Custom Resource Spec (replicas: 1) (extensions: 1)
2025-01-30 18:29:03,730 INFO c.h.h.t.HelmChartContainer - [hivemq-test-hivemq-platform] [hivemq-platform-operator] [c9b89633] 18:29:03.729 [ReconcilerExecutor-hivemq-controller-110] DEBUG c.h.p.o.HiveMQPlatformReconciler - [helmmqtt] StatefulSet Status (revision: test-hivemq-platform-6c4dd86f88, replicas: 1, available: 0, ready: 0, current: 1, updated: 1)
2025-01-30 18:29:03,731 INFO c.h.h.t.HelmChartContainer - [hivemq-test-hivemq-platform] [hivemq-platform-operator] [c9b89633] 18:29:03.729 [ReconcilerExecutor-hivemq-controller-110] DEBUG c.h.p.o.HiveMQPlatformReconciler - [helmmqtt] StatefulSet Spec (replicas: 1, init containers: 1, containers: 1, volumes: 3)
2025-01-30 18:29:03,733 INFO c.h.h.t.HelmChartContainer - [hivemq-test-hivemq-platform] [hivemq-platform-operator] [c9b89633] 18:29:03.732 [ReconcilerExecutor-hivemq-controller-110] DEBUG c.h.p.o.h.HiveMQPlatformReconcilerErrorHandler - [helmmqtt] Pod 'test-hivemq-platform-0' phase Running
2025-01-30 18:29:03,733 INFO c.h.h.t.HelmChartContainer - [hivemq-test-hivemq-platform] [hivemq-platform-operator] [c9b89633] 18:29:03.733 [ReconcilerExecutor-hivemq-controller-110] INFO  c.h.p.o.h.HiveMQPlatformReconcilerBaseHandler - [helmmqtt] HiveMQ Platform is starting, 0 of 1 replicas are ready
2025-01-30 18:29:08,637 INFO c.h.h.t.HelmChartContainer - [test-hivemq-platform] [hivemq] [33c0b752] WARN  - [HiveMQ Platform Operator Init App 1.7.0-SNAPSHOT] Cannot connect to Health API for readiness: null
2025-01-30 18:29:08,641 INFO c.h.h.t.HelmChartContainer - [EVENT] Warning [Unhealthy] Readiness probe failed: HTTP probe failed with statuscode: 503 [helmmqttit:test-hivemq-platform-0]
2025-01-30 18:29:08,641 INFO c.h.h.t.HelmChartContainer - Received Unhealthy event for container hivemq in pod test-hivemq-platform-0 [33c0b752-7dd9-4fd0-9325-cc9e51ea4487]
2025-01-30 18:29:13,637 INFO c.h.h.t.HelmChartContainer - [test-hivemq-platform] [hivemq] [33c0b752] WARN  - [HiveMQ Platform Operator Init App 1.7.0-SNAPSHOT] Cannot connect to Health API for readiness: null
2025-01-30 18:29:13,642 INFO c.h.h.t.HelmChartContainer - [EVENT] Warning [Unhealthy] Readiness probe failed: HTTP probe failed with statuscode: 503 [helmmqttit:test-hivemq-platform-0]
2025-01-30 18:29:13,642 INFO c.h.h.t.HelmChartContainer - Received Unhealthy event for container hivemq in pod test-hivemq-platform-0 [33c0b752-7dd9-4fd0-9325-cc9e51ea4487]
2025-01-30 18:29:13,745 INFO c.h.h.t.HelmChartContainer - [hivemq-test-hivemq-platform] [hivemq-platform-operator] [c9b89633] 18:29:13.739 [pool-6-thread-22] DEBUG c.h.p.o.d.PlatformServiceResource - [helmmqtt] Desired Platform services (4 services)
2025-01-30 18:29:13,746 INFO c.h.h.t.HelmChartContainer - [hivemq-test-hivemq-platform] [hivemq-platform-operator] [c9b89633] 18:29:13.740 [pool-6-thread-26] DEBUG c.h.p.o.d.PodServiceAccountResource - [helmmqtt] Desired PodServiceAccountResource (serviceAccountName: hivemq-platform-pod-test-hivemq-platform)
2025-01-30 18:29:13,746 INFO c.h.h.t.HelmChartContainer - [hivemq-test-hivemq-platform] [hivemq-platform-operator] [c9b89633] 18:29:13.741 [pool-6-thread-27] DEBUG c.h.p.o.dependants.PodInfoConfigMap - [helmmqtt] Desired PodInfo ConfigMap (1 extensions) (1 enabled)
2025-01-30 18:29:13,746 INFO c.h.h.t.HelmChartContainer - [hivemq-test-hivemq-platform] [hivemq-platform-operator] [c9b89633] 18:29:13.741 [pool-6-thread-27] DEBUG c.h.p.o.dependants.PodInfoConfigMap - [helmmqtt] Desired PodInfo ConfigMap (metrics port: 9399) (metrics path: /)
2025-01-30 18:29:13,746 INFO c.h.h.t.HelmChartContainer - [hivemq-test-hivemq-platform] [hivemq-platform-operator] [c9b89633] 18:29:13.741 [pool-6-thread-27] DEBUG c.h.p.o.dependants.PodInfoConfigMap - [helmmqtt] Desired PodInfo ConfigMap (extension state hash: -1817474005)
2025-01-30 18:29:13,750 INFO c.h.h.t.HelmChartContainer - [hivemq-test-hivemq-platform] [hivemq-platform-operator] [c9b89633] 18:29:13.749 [pool-6-thread-22] DEBUG c.h.p.o.d.StatefulSetResource - [helmmqtt] Desired StatefulSet (1 replicas) for status STARTING (READY)
2025-01-30 18:29:13,754 INFO c.h.h.t.HelmChartContainer - [hivemq-test-hivemq-platform] [hivemq-platform-operator] [c9b89633] 18:29:13.753 [ReconcilerExecutor-hivemq-controller-111] INFO  c.h.p.o.HiveMQPlatformReconciler - [helmmqtt] Reconciling HiveMQ Platform 'test-hivemq-platform' in namespace 'helmmqttit'
2025-01-30 18:29:13,754 INFO c.h.h.t.HelmChartContainer - [hivemq-test-hivemq-platform] [hivemq-platform-operator] [c9b89633] 18:29:13.753 [ReconcilerExecutor-hivemq-controller-111] DEBUG c.h.p.o.HiveMQPlatformReconciler - [helmmqtt] Custom Resource Status STARTING - HiveMQ Platform is starting (READY)
2025-01-30 18:29:13,756 INFO c.h.h.t.HelmChartContainer - [hivemq-test-hivemq-platform] [hivemq-platform-operator] [c9b89633] 18:29:13.753 [ReconcilerExecutor-hivemq-controller-111] DEBUG c.h.p.o.HiveMQPlatformReconciler - [helmmqtt] Custom Resource Spec (replicas: 1) (extensions: 1)
2025-01-30 18:29:13,757 INFO c.h.h.t.HelmChartContainer - [hivemq-test-hivemq-platform] [hivemq-platform-operator] [c9b89633] 18:29:13.754 [ReconcilerExecutor-hivemq-controller-111] DEBUG c.h.p.o.HiveMQPlatformReconciler - [helmmqtt] StatefulSet Status (revision: test-hivemq-platform-6c4dd86f88, replicas: 1, available: 0, ready: 0, current: 1, updated: 1)
2025-01-30 18:29:13,757 INFO c.h.h.t.HelmChartContainer - [hivemq-test-hivemq-platform] [hivemq-platform-operator] [c9b89633] 18:29:13.755 [ReconcilerExecutor-hivemq-controller-111] DEBUG c.h.p.o.HiveMQPlatformReconciler - [helmmqtt] StatefulSet Spec (replicas: 1, init containers: 1, containers: 1, volumes: 3)
2025-01-30 18:29:13,757 INFO c.h.h.t.HelmChartContainer - [hivemq-test-hivemq-platform] [hivemq-platform-operator] [c9b89633] 18:29:13.756 [ReconcilerExecutor-hivemq-controller-111] DEBUG c.h.p.o.h.HiveMQPlatformReconcilerErrorHandler - [helmmqtt] Pod 'test-hivemq-platform-0' phase Running
2025-01-30 18:29:13,757 INFO c.h.h.t.HelmChartContainer - [hivemq-test-hivemq-platform] [hivemq-platform-operator] [c9b89633] 18:29:13.757 [ReconcilerExecutor-hivemq-controller-111] INFO  c.h.p.o.h.HiveMQPlatformReconcilerBaseHandler - [helmmqtt] HiveMQ Platform is starting, 0 of 1 replicas are ready
2025-01-30 18:29:14,643 INFO c.h.h.t.HelmChartContainer - [test-hivemq-platform] [hivemq] [33c0b752] INFO  - No valid license file found. Using trial license, restricted to 25 connections.
2025-01-30 18:29:15,427 INFO c.h.h.t.HelmChartContainer - [test-hivemq-platform] [hivemq] [33c0b752] WARN  - [HiveMQ Platform Operator Init App 1.7.0-SNAPSHOT] Cannot connect to Health API for liveness: null
2025-01-30 18:29:15,427 INFO c.h.h.t.HelmChartContainer - [test-hivemq-platform] [hivemq] [33c0b752] INFO  - [HiveMQ Platform Operator Init App 1.7.0-SNAPSHOT] Returning default Health API response 200 for liveness
2025-01-30 18:29:18,146 INFO c.h.h.t.HelmChartContainer - [test-hivemq-platform] [hivemq] [33c0b752] INFO  - No valid license file for Data Hub found. Using free license, restricted to 1 policy.
2025-01-30 18:29:18,694 INFO c.h.h.t.HelmChartContainer - [test-hivemq-platform] [hivemq] [33c0b752] WARN  - [HiveMQ Platform Operator Init App 1.7.0-SNAPSHOT] Cannot connect to Health API for readiness: null
2025-01-30 18:29:18,698 INFO c.h.h.t.HelmChartContainer - [EVENT] Warning [Unhealthy] Readiness probe failed: HTTP probe failed with statuscode: 503 [helmmqttit:test-hivemq-platform-0]
2025-01-30 18:29:18,699 INFO c.h.h.t.HelmChartContainer - Received Unhealthy event for container hivemq in pod test-hivemq-platform-0 [33c0b752-7dd9-4fd0-9325-cc9e51ea4487]
2025-01-30 18:29:19,644 INFO c.h.h.t.HelmChartContainer - [test-hivemq-platform] [hivemq] [33c0b752] INFO  - Audit Logger started.
2025-01-30 18:29:19,942 INFO c.h.h.t.HelmChartContainer - [test-hivemq-platform] [hivemq] [33c0b752] INFO  - This node uses '1' CPU cores.
2025-01-30 18:29:19,951 INFO c.h.h.t.HelmChartContainer - [test-hivemq-platform] [hivemq] [33c0b752] INFO  - Starting HiveMQ Health API on address 0.0.0.0 and port 8889
2025-01-30 18:29:20,795 INFO c.h.h.t.HelmChartContainer - [test-hivemq-platform] [hivemq] [33c0b752] INFO  - Started HiveMQ Health API in 847ms
2025-01-30 18:29:21,342 INFO c.h.h.t.HelmChartContainer - [test-hivemq-platform] [hivemq] [33c0b752] INFO  - Starting HiveMQ extension system.
2025-01-30 18:29:21,630 INFO c.h.h.t.HelmChartContainer - [test-hivemq-platform] [hivemq] [33c0b752] INFO  - Starting extension with id "hivemq-dns-cluster-discovery" at /opt/hivemq/extensions/hivemq-dns-cluster-discovery
2025-01-30 18:29:22,037 INFO c.h.h.t.HelmChartContainer - [test-hivemq-platform] [hivemq] [33c0b752] INFO  - Using TCP cluster transport on address 10.42.0.6 and port 7000
2025-01-30 18:29:22,125 INFO c.h.h.t.HelmChartContainer - [test-hivemq-platform] [hivemq] [33c0b752] INFO  - Using extension cluster discovery
2025-01-30 18:29:22,228 INFO c.h.h.t.HelmChartContainer - [test-hivemq-platform] [hivemq] [33c0b752] INFO  - Extension "DNS Cluster Discovery Extension" version 4.3.2 started successfully.
2025-01-30 18:29:22,228 INFO c.h.h.t.HelmChartContainer - [test-hivemq-platform] [hivemq] [33c0b752] INFO  - Starting extension with id "hivemq-prometheus-extension" at /opt/hivemq/extensions/hivemq-prometheus-extension
2025-01-30 18:29:23,137 INFO c.h.h.t.HelmChartContainer - [test-hivemq-platform] [hivemq] [33c0b752] INFO  - Started Jetty Server exposing Prometheus Servlet on URI http://0.0.0.0:9399/
2025-01-30 18:29:23,137 INFO c.h.h.t.HelmChartContainer - [test-hivemq-platform] [hivemq] [33c0b752] INFO  - Extension "Prometheus Monitoring Extension" version 4.0.12 started successfully.
2025-01-30 18:29:23,138 INFO c.h.h.t.HelmChartContainer - [test-hivemq-platform] [hivemq] [33c0b752] INFO  - Starting extension with id "hivemq-allow-all-extension" at /opt/hivemq/extensions/hivemq-allow-all-extension
2025-01-30 18:29:23,139 INFO c.h.h.t.HelmChartContainer - [test-hivemq-platform] [hivemq] [33c0b752] WARN  - 
2025-01-30 18:29:23,139 INFO c.h.h.t.HelmChartContainer - [test-hivemq-platform] [hivemq] [33c0b752] ################################################################################################################
2025-01-30 18:29:23,139 INFO c.h.h.t.HelmChartContainer - [test-hivemq-platform] [hivemq] [33c0b752] # This HiveMQ deployment is not secure! You are lacking Authentication and Authorization.                      #
2025-01-30 18:29:23,139 INFO c.h.h.t.HelmChartContainer - [test-hivemq-platform] [hivemq] [33c0b752] # Right now any MQTT client can connect to the broker with a full set of permissions.                          #
2025-01-30 18:29:23,139 INFO c.h.h.t.HelmChartContainer - [test-hivemq-platform] [hivemq] [33c0b752] # For production usage, add an appropriate security extension and remove the hivemq-allow-all extension.       #
2025-01-30 18:29:23,139 INFO c.h.h.t.HelmChartContainer - [test-hivemq-platform] [hivemq] [33c0b752] # You can download security extensions from the HiveMQ Marketplace (https://www.hivemq.com/extensions/).       #
2025-01-30 18:29:23,139 INFO c.h.h.t.HelmChartContainer - [test-hivemq-platform] [hivemq] [33c0b752] ################################################################################################################
2025-01-30 18:29:23,222 INFO c.h.h.t.HelmChartContainer - [test-hivemq-platform] [hivemq] [33c0b752] INFO  - Extension "Allow All Extension" version 1.1.1 started successfully.
2025-01-30 18:29:23,764 INFO c.h.h.t.HelmChartContainer - [hivemq-test-hivemq-platform] [hivemq-platform-operator] [c9b89633] 18:29:23.761 [pool-6-thread-35] DEBUG c.h.p.o.dependants.PodInfoConfigMap - [helmmqtt] Desired PodInfo ConfigMap (1 extensions) (1 enabled)
2025-01-30 18:29:23,765 INFO c.h.h.t.HelmChartContainer - [hivemq-test-hivemq-platform] [hivemq-platform-operator] [c9b89633] 18:29:23.762 [pool-6-thread-35] DEBUG c.h.p.o.dependants.PodInfoConfigMap - [helmmqtt] Desired PodInfo ConfigMap (metrics port: 9399) (metrics path: /)
2025-01-30 18:29:23,765 INFO c.h.h.t.HelmChartContainer - [hivemq-test-hivemq-platform] [hivemq-platform-operator] [c9b89633] 18:29:23.762 [pool-6-thread-35] DEBUG c.h.p.o.dependants.PodInfoConfigMap - [helmmqtt] Desired PodInfo ConfigMap (extension state hash: -1817474005)
2025-01-30 18:29:23,765 INFO c.h.h.t.HelmChartContainer - [hivemq-test-hivemq-platform] [hivemq-platform-operator] [c9b89633] 18:29:23.763 [pool-6-thread-35] DEBUG c.h.p.o.d.PodServiceAccountResource - [helmmqtt] Desired PodServiceAccountResource (serviceAccountName: hivemq-platform-pod-test-hivemq-platform)
2025-01-30 18:29:23,767 INFO c.h.h.t.HelmChartContainer - [hivemq-test-hivemq-platform] [hivemq-platform-operator] [c9b89633] 18:29:23.764 [pool-6-thread-36] DEBUG c.h.p.o.d.PlatformServiceResource - [helmmqtt] Desired Platform services (4 services)
2025-01-30 18:29:23,771 INFO c.h.h.t.HelmChartContainer - [hivemq-test-hivemq-platform] [hivemq-platform-operator] [c9b89633] 18:29:23.770 [pool-6-thread-36] DEBUG c.h.p.o.d.StatefulSetResource - [helmmqtt] Desired StatefulSet (1 replicas) for status STARTING (READY)
2025-01-30 18:29:23,774 INFO c.h.h.t.HelmChartContainer - [hivemq-test-hivemq-platform] [hivemq-platform-operator] [c9b89633] 18:29:23.773 [ReconcilerExecutor-hivemq-controller-112] INFO  c.h.p.o.HiveMQPlatformReconciler - [helmmqtt] Reconciling HiveMQ Platform 'test-hivemq-platform' in namespace 'helmmqttit'
2025-01-30 18:29:23,774 INFO c.h.h.t.HelmChartContainer - [hivemq-test-hivemq-platform] [hivemq-platform-operator] [c9b89633] 18:29:23.774 [ReconcilerExecutor-hivemq-controller-112] DEBUG c.h.p.o.HiveMQPlatformReconciler - [helmmqtt] Custom Resource Status STARTING - HiveMQ Platform is starting (READY)
2025-01-30 18:29:23,774 INFO c.h.h.t.HelmChartContainer - [hivemq-test-hivemq-platform] [hivemq-platform-operator] [c9b89633] 18:29:23.774 [ReconcilerExecutor-hivemq-controller-112] DEBUG c.h.p.o.HiveMQPlatformReconciler - [helmmqtt] Custom Resource Spec (replicas: 1) (extensions: 1)
2025-01-30 18:29:23,830 INFO c.h.h.t.HelmChartContainer - [hivemq-test-hivemq-platform] [hivemq-platform-operator] [c9b89633] 18:29:23.828 [ReconcilerExecutor-hivemq-controller-112] DEBUG c.h.p.o.HiveMQPlatformReconciler - [helmmqtt] StatefulSet Status (revision: test-hivemq-platform-6c4dd86f88, replicas: 1, available: 0, ready: 0, current: 1, updated: 1)
2025-01-30 18:29:23,830 INFO c.h.h.t.HelmChartContainer - [hivemq-test-hivemq-platform] [hivemq-platform-operator] [c9b89633] 18:29:23.828 [ReconcilerExecutor-hivemq-controller-112] DEBUG c.h.p.o.HiveMQPlatformReconciler - [helmmqtt] StatefulSet Spec (replicas: 1, init containers: 1, containers: 1, volumes: 3)
2025-01-30 18:29:23,832 INFO c.h.h.t.HelmChartContainer - [hivemq-test-hivemq-platform] [hivemq-platform-operator] [c9b89633] 18:29:23.830 [ReconcilerExecutor-hivemq-controller-112] DEBUG c.h.p.o.h.HiveMQPlatformReconcilerErrorHandler - [helmmqtt] Pod 'test-hivemq-platform-0' phase Running
2025-01-30 18:29:23,833 INFO c.h.h.t.HelmChartContainer - [hivemq-test-hivemq-platform] [hivemq-platform-operator] [c9b89633] 18:29:23.831 [ReconcilerExecutor-hivemq-controller-112] INFO  c.h.p.o.h.HiveMQPlatformReconcilerBaseHandler - [helmmqtt] HiveMQ Platform is starting, 0 of 1 replicas are ready
2025-01-30 18:29:24,135 INFO c.h.h.t.HelmChartContainer - [test-hivemq-platform] [hivemq] [33c0b752] INFO  - [HiveMQ Platform Operator Init App 1.7.0-SNAPSHOT] Returning Health API response 503 for readiness
2025-01-30 18:29:24,139 INFO c.h.h.t.HelmChartContainer - [EVENT] Warning [Unhealthy] Readiness probe failed: HTTP probe failed with statuscode: 503 [helmmqttit:test-hivemq-platform-0]
2025-01-30 18:29:24,140 INFO c.h.h.t.HelmChartContainer - Received Unhealthy event for container hivemq in pod test-hivemq-platform-0 [33c0b752-7dd9-4fd0-9325-cc9e51ea4487]
2025-01-30 18:29:25,234 INFO c.h.h.t.HelmChartContainer - [test-hivemq-platform] [hivemq] [33c0b752] INFO  - 44DYM: no members discovered after 2506 ms: creating cluster as first member
2025-01-30 18:29:25,241 INFO c.h.h.t.HelmChartContainer - [test-hivemq-platform] [hivemq] [33c0b752] INFO  - Cluster nodes found by discovery: [44DYM|0] (1) [44DYM].
2025-01-30 18:29:25,329 INFO c.h.h.t.HelmChartContainer - [test-hivemq-platform] [hivemq] [33c0b752] INFO  - Starting HiveMQ REST API on address 0.0.0.0 and port 8890
2025-01-30 18:29:25,831 INFO c.h.h.t.HelmChartContainer - [test-hivemq-platform] [hivemq] [33c0b752] INFO  - Started HiveMQ REST API in 502ms
2025-01-30 18:29:25,831 INFO c.h.h.t.HelmChartContainer - [test-hivemq-platform] [hivemq] [33c0b752] WARN  - No user for HiveMQ Control Center configured. Starting with default user
2025-01-30 18:29:25,831 INFO c.h.h.t.HelmChartContainer - [test-hivemq-platform] [hivemq] [33c0b752] INFO  - Starting HiveMQ Control Center on address 0.0.0.0 and port 8081
2025-01-30 18:29:25,838 INFO c.h.h.t.HelmChartContainer - [test-hivemq-platform] [hivemq] [33c0b752] INFO  - Mounting HiveMQ Control Center V2 Preview
2025-01-30 18:29:26,428 INFO c.h.h.t.HelmChartContainer - [test-hivemq-platform] [hivemq] [33c0b752] INFO  - Started HiveMQ Control Center in 597ms
2025-01-30 18:29:26,494 INFO c.h.h.t.HelmChartContainer - [test-hivemq-platform] [hivemq] [33c0b752] INFO  - Starting TCP listener on address 0.0.0.0 and port 1883
2025-01-30 18:29:26,535 INFO c.h.h.t.HelmChartContainer - [test-hivemq-platform] [hivemq] [33c0b752] INFO  - Started TCP Listener on address 0.0.0.0 and on port 1883.
2025-01-30 18:29:26,536 INFO c.h.h.t.HelmChartContainer - [test-hivemq-platform] [hivemq] [33c0b752] INFO  - Started HiveMQ in 31910ms
2025-01-30 18:29:28,637 INFO c.h.h.t.HelmChartContainer - [test-hivemq-platform] [hivemq] [33c0b752] INFO  - [HiveMQ Platform Operator Init App 1.7.0-SNAPSHOT] Returning Health API response 200 for readiness
2025-01-30 18:29:28,655 INFO c.h.h.t.HelmChartContainer - [POD] test-hivemq-platform-0 [33c0b752-7dd9-4fd0-9325-cc9e51ea4487] in helmmqttit was MODIFIED
2025-01-30 18:29:28,659 INFO c.h.h.t.HelmChartContainer - [hivemq-test-hivemq-platform] [hivemq-platform-operator] [c9b89633] 18:29:28.657 [pool-6-thread-41] DEBUG c.h.p.o.d.PlatformServiceResource - [helmmqtt] Desired Platform services (4 services)
2025-01-30 18:29:28,669 INFO c.h.h.t.HelmChartContainer - [hivemq-test-hivemq-platform] [hivemq-platform-operator] [c9b89633] 18:29:28.662 [pool-6-thread-46] DEBUG c.h.p.o.dependants.PodInfoConfigMap - [helmmqtt] Desired PodInfo ConfigMap (1 extensions) (1 enabled)
2025-01-30 18:29:28,669 INFO c.h.h.t.HelmChartContainer - [hivemq-test-hivemq-platform] [hivemq-platform-operator] [c9b89633] 18:29:28.662 [pool-6-thread-46] DEBUG c.h.p.o.dependants.PodInfoConfigMap - [helmmqtt] Desired PodInfo ConfigMap (metrics port: 9399) (metrics path: /)
2025-01-30 18:29:28,669 INFO c.h.h.t.HelmChartContainer - [hivemq-test-hivemq-platform] [hivemq-platform-operator] [c9b89633] 18:29:28.663 [pool-6-thread-46] DEBUG c.h.p.o.dependants.PodInfoConfigMap - [helmmqtt] Desired PodInfo ConfigMap (extension state hash: -1817474005)
2025-01-30 18:29:28,669 INFO c.h.h.t.HelmChartContainer - [hivemq-test-hivemq-platform] [hivemq-platform-operator] [c9b89633] 18:29:28.663 [pool-6-thread-42] DEBUG c.h.p.o.d.PodServiceAccountResource - [helmmqtt] Desired PodServiceAccountResource (serviceAccountName: hivemq-platform-pod-test-hivemq-platform)
2025-01-30 18:29:28,728 INFO c.h.h.t.HelmChartContainer - [hivemq-test-hivemq-platform] [hivemq-platform-operator] [c9b89633] 18:29:28.726 [pool-6-thread-50] DEBUG c.h.p.o.d.StatefulSetResource - [helmmqtt] Desired StatefulSet (1 replicas) for status STARTING (READY)
2025-01-30 18:29:28,770 INFO c.h.h.t.HelmChartContainer - [hivemq-test-hivemq-platform] [hivemq-platform-operator] [c9b89633] 18:29:28.769 [ReconcilerExecutor-hivemq-controller-113] INFO  c.h.p.o.HiveMQPlatformReconciler - [helmmqtt] Reconciling HiveMQ Platform 'test-hivemq-platform' in namespace 'helmmqttit'
2025-01-30 18:29:28,770 INFO c.h.h.t.HelmChartContainer - [hivemq-test-hivemq-platform] [hivemq-platform-operator] [c9b89633] 18:29:28.769 [ReconcilerExecutor-hivemq-controller-113] DEBUG c.h.p.o.HiveMQPlatformReconciler - [helmmqtt] Custom Resource Status STARTING - HiveMQ Platform is starting (READY)
2025-01-30 18:29:28,770 INFO c.h.h.t.HelmChartContainer - [hivemq-test-hivemq-platform] [hivemq-platform-operator] [c9b89633] 18:29:28.769 [ReconcilerExecutor-hivemq-controller-113] DEBUG c.h.p.o.HiveMQPlatformReconciler - [helmmqtt] Custom Resource Spec (replicas: 1) (extensions: 1)
2025-01-30 18:29:28,772 INFO c.h.h.t.HelmChartContainer - [hivemq-test-hivemq-platform] [hivemq-platform-operator] [c9b89633] 18:29:28.771 [ReconcilerExecutor-hivemq-controller-113] DEBUG c.h.p.o.HiveMQPlatformReconciler - [helmmqtt] StatefulSet Status (revision: test-hivemq-platform-6c4dd86f88, replicas: 1, available: 1, ready: 1, current: 1, updated: 1)
2025-01-30 18:29:28,772 INFO c.h.h.t.HelmChartContainer - [hivemq-test-hivemq-platform] [hivemq-platform-operator] [c9b89633] 18:29:28.771 [ReconcilerExecutor-hivemq-controller-113] DEBUG c.h.p.o.HiveMQPlatformReconciler - [helmmqtt] StatefulSet Spec (replicas: 1, init containers: 1, containers: 1, volumes: 3)
2025-01-30 18:29:28,830 INFO c.h.h.t.HelmChartContainer - [hivemq-test-hivemq-platform] [hivemq-platform-operator] [c9b89633] 18:29:28.827 [ReconcilerExecutor-hivemq-controller-113] DEBUG c.h.p.o.h.HiveMQPlatformReconcilerErrorHandler - [helmmqtt] Pod 'test-hivemq-platform-0' phase Running
2025-01-30 18:29:28,830 INFO c.h.h.t.HelmChartContainer - [hivemq-test-hivemq-platform] [hivemq-platform-operator] [c9b89633] 18:29:28.828 [ReconcilerExecutor-hivemq-controller-113] INFO  c.h.p.o.h.HiveMQPlatformReconcilerBaseHandler - [helmmqtt] HiveMQ Platform started successfully
2025-01-30 18:29:28,874 INFO c.h.h.t.HelmChartContainer - [hivemq-test-hivemq-platform] [hivemq-platform-operator] [c9b89633] 18:29:28.873 [ReconcilerExecutor-hivemq-controller-113] DEBUG c.h.p.operator.event.EventSender - [helmmqtt] Creating K8s event hivemq-platform-ready: [Ready] HiveMQ Platform is ready
2025-01-30 18:29:28,931 INFO c.h.h.t.HelmChartContainer - [EVENT] Normal [Ready] HiveMQ Platform is ready [helmmqttit:test-hivemq-platform]
2025-01-30 18:29:28,932 INFO c.h.h.t.HelmChartContainer - [hivemq-test-hivemq-platform] [hivemq-platform-operator] [c9b89633] 18:29:28.931 [ReconcilerExecutor-hivemq-controller-113] INFO  c.h.p.o.h.AbstractHiveMQReconcilerStateHandler - [helmmqtt] Update HiveMQ Platform Status (STARTING [READY] -> RUNNING [READY]): HiveMQ Platform is ready
2025-01-30 18:29:28,939 DEBUG com.hivemq.helmcharts.util.K8sUtil - Comparing actual state 'RUNNING' and waiting for 'RUNNING'
2025-01-30 18:29:28,965 INFO c.h.h.t.HelmChartContainer - [hivemq-test-hivemq-platform] [hivemq-platform-operator] [c9b89633] 18:29:28.963 [pool-6-thread-2] DEBUG c.h.p.o.d.PlatformServiceResource - [helmmqtt] Desired Platform services (4 services)
2025-01-30 18:29:28,969 INFO c.h.h.t.HelmChartContainer - [hivemq-test-hivemq-platform] [hivemq-platform-operator] [c9b89633] 18:29:28.965 [pool-6-thread-5] DEBUG c.h.p.o.dependants.PodInfoConfigMap - [helmmqtt] Desired PodInfo ConfigMap (1 extensions) (1 enabled)
2025-01-30 18:29:28,969 INFO c.h.h.t.HelmChartContainer - [hivemq-test-hivemq-platform] [hivemq-platform-operator] [c9b89633] 18:29:28.965 [pool-6-thread-5] DEBUG c.h.p.o.dependants.PodInfoConfigMap - [helmmqtt] Desired PodInfo ConfigMap (metrics port: 9399) (metrics path: /)
2025-01-30 18:29:28,969 INFO c.h.h.t.HelmChartContainer - [hivemq-test-hivemq-platform] [hivemq-platform-operator] [c9b89633] 18:29:28.965 [pool-6-thread-5] DEBUG c.h.p.o.dependants.PodInfoConfigMap - [helmmqtt] Desired PodInfo ConfigMap (extension state hash: -1817474005)
2025-01-30 18:29:28,969 INFO c.h.h.t.HelmChartContainer - [hivemq-test-hivemq-platform] [hivemq-platform-operator] [c9b89633] 18:29:28.965 [pool-6-thread-7] DEBUG c.h.p.o.d.PodServiceAccountResource - [helmmqtt] Desired PodServiceAccountResource (serviceAccountName: hivemq-platform-pod-test-hivemq-platform)
2025-01-30 18:29:28,970 INFO c.h.h.t.HelmChartContainer - [hivemq-test-hivemq-platform] [hivemq-platform-operator] [c9b89633] 18:29:28.966 [pool-6-thread-5] DEBUG c.h.p.o.dependants.PodInfoConfigMap - [helmmqtt] Update PodInfo ConfigMap
2025-01-30 18:29:29,062 INFO c.h.h.t.HelmChartContainer - [hivemq-test-hivemq-platform] [hivemq-platform-operator] [c9b89633] 18:29:29.061 [pool-6-thread-5] DEBUG c.h.p.o.d.StatefulSetResource - [helmmqtt] Desired StatefulSet (1 replicas) for status RUNNING (READY)
2025-01-30 18:29:29,066 INFO c.h.h.t.HelmChartContainer - [hivemq-test-hivemq-platform] [hivemq-platform-operator] [c9b89633] 18:29:29.065 [ReconcilerExecutor-hivemq-controller-114] INFO  c.h.p.o.HiveMQPlatformReconciler - [helmmqtt] Reconciling HiveMQ Platform 'test-hivemq-platform' in namespace 'helmmqttit'
2025-01-30 18:29:29,066 INFO c.h.h.t.HelmChartContainer - [hivemq-test-hivemq-platform] [hivemq-platform-operator] [c9b89633] 18:29:29.065 [ReconcilerExecutor-hivemq-controller-114] DEBUG c.h.p.o.HiveMQPlatformReconciler - [helmmqtt] Custom Resource Status RUNNING - HiveMQ Platform is ready (READY)
2025-01-30 18:29:29,066 INFO c.h.h.t.HelmChartContainer - [hivemq-test-hivemq-platform] [hivemq-platform-operator] [c9b89633] 18:29:29.065 [ReconcilerExecutor-hivemq-controller-114] DEBUG c.h.p.o.HiveMQPlatformReconciler - [helmmqtt] Custom Resource Spec (replicas: 1) (extensions: 1)
2025-01-30 18:29:29,067 INFO c.h.h.t.HelmChartContainer - [hivemq-test-hivemq-platform] [hivemq-platform-operator] [c9b89633] 18:29:29.067 [ReconcilerExecutor-hivemq-controller-114] DEBUG c.h.p.o.HiveMQPlatformReconciler - [helmmqtt] StatefulSet Status (revision: test-hivemq-platform-6c4dd86f88, replicas: 1, available: 1, ready: 1, current: 1, updated: 1)
2025-01-30 18:29:29,069 INFO c.h.h.t.HelmChartContainer - [hivemq-test-hivemq-platform] [hivemq-platform-operator] [c9b89633] 18:29:29.067 [ReconcilerExecutor-hivemq-controller-114] DEBUG c.h.p.o.HiveMQPlatformReconciler - [helmmqtt] StatefulSet Spec (replicas: 1, init containers: 1, containers: 1, volumes: 3)
2025-01-30 18:29:29,070 INFO c.h.h.t.HelmChartContainer - [hivemq-test-hivemq-platform] [hivemq-platform-operator] [c9b89633] 18:29:29.068 [ReconcilerExecutor-hivemq-controller-114] DEBUG c.h.p.o.h.HiveMQPlatformReconcilerErrorHandler - [helmmqtt] Pod 'test-hivemq-platform-0' phase Running
2025-01-30 18:29:34,454 INFO c.h.h.t.HelmChartContainer - Uninstalling release 'test-hivemq-platform' in namespace 'helmmqttit'...
2025-01-30 18:29:34,454 DEBUG c.h.h.t.HelmChartContainer - Executing helm command: /bin/helm --kubeconfig /etc/rancher/k3s/k3s.yaml uninstall test-hivemq-platform  --wait --timeout 5m0s --cascade foreground --namespace helmmqttit
2025-01-30 18:29:34,648 INFO c.h.h.t.HelmChartContainer - [hivemq-test-hivemq-platform] [hivemq-platform-operator] [c9b89633] 18:29:34.644 [pool-6-thread-17] DEBUG c.h.p.o.d.PlatformServiceResource - [helmmqtt] Desired Platform services (4 services)
2025-01-30 18:29:34,648 INFO c.h.h.t.HelmChartContainer - [hivemq-test-hivemq-platform] [hivemq-platform-operator] [c9b89633] 18:29:34.646 [pool-6-thread-19] DEBUG c.h.p.o.dependants.PodInfoConfigMap - [helmmqtt] Desired PodInfo ConfigMap (1 extensions) (1 enabled)
2025-01-30 18:29:34,648 INFO c.h.h.t.HelmChartContainer - [hivemq-test-hivemq-platform] [hivemq-platform-operator] [c9b89633] 18:29:34.646 [pool-6-thread-19] DEBUG c.h.p.o.dependants.PodInfoConfigMap - [helmmqtt] Desired PodInfo ConfigMap (metrics port: 9399) (metrics path: /)
2025-01-30 18:29:34,648 INFO c.h.h.t.HelmChartContainer - [hivemq-test-hivemq-platform] [hivemq-platform-operator] [c9b89633] 18:29:34.646 [pool-6-thread-19] DEBUG c.h.p.o.dependants.PodInfoConfigMap - [helmmqtt] Desired PodInfo ConfigMap (extension state hash: -1817474005)
2025-01-30 18:29:34,651 INFO c.h.h.t.HelmChartContainer - [hivemq-test-hivemq-platform] [hivemq-platform-operator] [c9b89633] 18:29:34.650 [pool-6-thread-19] DEBUG c.h.p.o.d.PodServiceAccountResource - [helmmqtt] Desired PodServiceAccountResource (serviceAccountName: hivemq-platform-pod-test-hivemq-platform)
2025-01-30 18:29:34,666 INFO c.h.h.t.HelmChartContainer - [hivemq-test-hivemq-platform] [hivemq-platform-operator] [c9b89633] 18:29:34.662 [pool-6-thread-17] DEBUG c.h.p.o.d.StatefulSetResource - [helmmqtt] Desired StatefulSet (1 replicas) for status RUNNING (READY)
2025-01-30 18:29:34,732 INFO c.h.h.t.HelmChartContainer - [hivemq-test-hivemq-platform] [hivemq-platform-operator] [c9b89633] 18:29:34.729 [ReconcilerExecutor-hivemq-controller-115] INFO  c.h.p.o.HiveMQPlatformReconciler - [helmmqtt] Reconciling HiveMQ Platform 'test-hivemq-platform' in namespace 'helmmqttit'
2025-01-30 18:29:34,732 INFO c.h.h.t.HelmChartContainer - [hivemq-test-hivemq-platform] [hivemq-platform-operator] [c9b89633] 18:29:34.730 [ReconcilerExecutor-hivemq-controller-115] DEBUG c.h.p.o.HiveMQPlatformReconciler - [helmmqtt] Custom Resource Status RUNNING - HiveMQ Platform is ready (READY)
2025-01-30 18:29:34,734 INFO c.h.h.t.HelmChartContainer - [hivemq-test-hivemq-platform] [hivemq-platform-operator] [c9b89633] 18:29:34.730 [ReconcilerExecutor-hivemq-controller-115] DEBUG c.h.p.o.HiveMQPlatformReconciler - [helmmqtt] Custom Resource Spec (replicas: 1) (extensions: 1)
2025-01-30 18:29:34,734 INFO c.h.h.t.HelmChartContainer - [hivemq-test-hivemq-platform] [hivemq-platform-operator] [c9b89633] 18:29:34.732 [ReconcilerExecutor-hivemq-controller-115] DEBUG c.h.p.o.HiveMQPlatformReconciler - [helmmqtt] StatefulSet Status (revision: test-hivemq-platform-6c4dd86f88, replicas: 1, available: 1, ready: 1, current: 1, updated: 1)
2025-01-30 18:29:34,734 INFO c.h.h.t.HelmChartContainer - [hivemq-test-hivemq-platform] [hivemq-platform-operator] [c9b89633] 18:29:34.732 [ReconcilerExecutor-hivemq-controller-115] DEBUG c.h.p.o.HiveMQPlatformReconciler - [helmmqtt] StatefulSet Spec (replicas: 1, init containers: 1, containers: 1, volumes: 3)
2025-01-30 18:29:34,737 INFO c.h.h.t.HelmChartContainer - [hivemq-test-hivemq-platform] [hivemq-platform-operator] [c9b89633] 18:29:34.734 [ReconcilerExecutor-hivemq-controller-115] DEBUG c.h.p.o.h.HiveMQPlatformReconcilerErrorHandler - [helmmqtt] Pod 'test-hivemq-platform-0' phase Running
2025-01-30 18:29:34,737 INFO c.h.h.t.HelmChartContainer - [hivemq-test-hivemq-platform] [hivemq-platform-operator] [c9b89633] 18:29:34.734 [ReconcilerExecutor-hivemq-controller-115] DEBUG c.h.p.o.HiveMQPlatformReconciler - [helmmqtt] PodInfoConfigMap is not ready yet
2025-01-30 18:29:34,832 INFO c.h.h.t.HelmChartContainer - [hivemq-test-hivemq-platform] [hivemq-platform-operator] [c9b89633] 18:29:34.829 [ReconcilerExecutor-hivemq-controller-122] INFO  c.h.p.o.HiveMQPlatformReconciler - [helmmqtt] Cleanup test-hivemq-platform - helmmqttit HiveMQ Platform is shut down
2025-01-30 18:29:35,610 INFO c.h.h.t.HelmChartContainer - [POD] test-hivemq-platform-0 [33c0b752-7dd9-4fd0-9325-cc9e51ea4487] in helmmqttit was MODIFIED
2025-01-30 18:29:35,613 INFO c.h.h.t.HelmChartContainer - [test-hivemq-platform] [hivemq] [33c0b752] INFO  - [HiveMQ Platform Operator Init App 1.7.0-SNAPSHOT] Shutting down
2025-01-30 18:29:35,615 INFO c.h.h.t.HelmChartContainer - [EVENT] Normal [Killing] Stopping container hivemq [helmmqttit:test-hivemq-platform-0]
2025-01-30 18:29:35,616 INFO c.h.h.t.HelmChartContainer - Received Killing event for container hivemq in pod test-hivemq-platform-0 [33c0b752-7dd9-4fd0-9325-cc9e51ea4487]
2025-01-30 18:29:35,616 INFO c.h.h.t.HelmChartContainer - Container [test-hivemq-platform-0] [hivemq] [33c0b752-7dd9-4fd0-9325-cc9e51ea4487] was terminated
2025-01-30 18:29:35,617 INFO c.h.h.t.HelmChartContainer - Stopped log watcher for hivemq in pod test-hivemq-platform-0 [33c0b752-7dd9-4fd0-9325-cc9e51ea4487]
2025-01-30 18:29:35,618 INFO c.h.h.t.HelmChartContainer - [test-hivemq-platform] [hivemq] [33c0b752] INFO  - [HiveMQ Platform Operator Init App 1.7.0-SNAPSHOT] Stopping the HiveMQ Platform
2025-01-30 18:29:35,738 INFO c.h.h.t.HelmChartContainer - [test-hivemq-platform] [hivemq] [33c0b752] INFO  - Shutting down HiveMQ. Please wait, this could take a while...
2025-01-30 18:29:35,826 INFO c.h.h.t.HelmChartContainer - [test-hivemq-platform] [hivemq] [33c0b752] INFO  - Shutting down listeners and clients
2025-01-30 18:29:35,827 INFO c.h.h.t.HelmChartContainer - [test-hivemq-platform] [hivemq] [33c0b752] INFO  - Shutdown of listeners is done
2025-01-30 18:29:35,827 INFO c.h.h.t.HelmChartContainer - [test-hivemq-platform] [hivemq] [33c0b752] INFO  - No clients are connected, proceeding with shutdown
2025-01-30 18:29:36,729 INFO c.h.h.t.HelmChartContainer - Deleting namespace 'helmmqttit'...
2025-01-30 18:29:38,427 INFO c.h.h.t.HelmChartContainer - [test-hivemq-platform] [hivemq] [33c0b752] INFO  - Shutting down extension system
2025-01-30 18:29:38,430 INFO c.h.h.t.HelmChartContainer - [test-hivemq-platform] [hivemq] [33c0b752] INFO  - Stopping extension with id hivemq-dns-cluster-discovery
2025-01-30 18:29:38,431 INFO c.h.h.t.HelmChartContainer - [test-hivemq-platform] [hivemq] [33c0b752] INFO  - Extension "DNS Cluster Discovery Extension" version 4.3.2 stopped successfully.
2025-01-30 18:29:38,432 INFO c.h.h.t.HelmChartContainer - [test-hivemq-platform] [hivemq] [33c0b752] INFO  - Stopping extension with id hivemq-prometheus-extension
2025-01-30 18:29:38,435 INFO c.h.h.t.HelmChartContainer - [test-hivemq-platform] [hivemq] [33c0b752] INFO  - Extension "Prometheus Monitoring Extension" version 4.0.12 stopped successfully.
2025-01-30 18:29:38,437 INFO c.h.h.t.HelmChartContainer - [test-hivemq-platform] [hivemq] [33c0b752] INFO  - Stopping extension with id hivemq-allow-all-extension
2025-01-30 18:29:38,437 INFO c.h.h.t.HelmChartContainer - [test-hivemq-platform] [hivemq] [33c0b752] INFO  - Extension "Allow All Extension" version 1.1.1 stopped successfully.
2025-01-30 18:29:38,633 INFO c.h.h.t.HelmChartContainer - [test-hivemq-platform] [hivemq] [33c0b752] INFO  - [HiveMQ Platform Operator Init App 1.7.0-SNAPSHOT] Returning shutdown Health API response 503 for readiness
2025-01-30 18:29:38,637 INFO c.h.h.t.HelmChartContainer - [EVENT] Warning [Unhealthy] Readiness probe failed: HTTP probe failed with statuscode: 503 [helmmqttit:test-hivemq-platform-0]
2025-01-30 18:29:38,637 INFO c.h.h.t.HelmChartContainer - Received Unhealthy event for container hivemq in pod test-hivemq-platform-0 [33c0b752-7dd9-4fd0-9325-cc9e51ea4487]
2025-01-30 18:29:39,057 INFO c.h.h.t.HelmChartContainer - [test-hivemq-platform] [hivemq] [33c0b752] WARN  - [HiveMQ Platform Operator Init App 1.7.0-SNAPSHOT] Could not update Pod annotations: Failure executing: GET at: https://10.43.0.1:443/api/v1/namespaces/helmmqttit/pods/test-hivemq-platform-0. Message: pods "test-hivemq-platform-0" is forbidden: User "system:serviceaccount:helmmqttit:hivemq-platform-pod-test-hivemq-platform" cannot get resource "pods" in API group "" in the namespace "helmmqttit". Received status: Status(apiVersion=v1, code=403, details=StatusDetails(causes=[], group=null, kind=pods, name=test-hivemq-platform-0, retryAfterSeconds=null, uid=null, additionalProperties={}), kind=Status, message=pods "test-hivemq-platform-0" is forbidden: User "system:serviceaccount:helmmqttit:hivemq-platform-pod-test-hivemq-platform" cannot get resource "pods" in API group "" in the namespace "helmmqttit", metadata=ListMeta(_continue=null, remainingItemCount=null, resourceVersion=null, selfLink=null, additionalProperties={}), reason=Forbidden, status=Failure, additionalProperties={}).
2025-01-30 18:29:40,710 INFO c.h.h.t.HelmChartContainer - [test-hivemq-platform] [hivemq] [33c0b752] INFO  - Shutdown completed.
2025-01-30 18:29:41,059 INFO c.h.h.t.HelmChartContainer - [test-hivemq-platform] [hivemq] [33c0b752] INFO  - [HiveMQ Platform Operator Init App 1.7.0-SNAPSHOT] The HiveMQ Platform exited with code 143
2025-01-30 18:29:41,060 INFO c.h.h.t.HelmChartContainer - [test-hivemq-platform] [hivemq] [33c0b752] INFO  - [HiveMQ Platform Operator Init App 1.7.0-SNAPSHOT] Stopping the REST API
2025-01-30 18:29:41,065 INFO c.h.h.t.HelmChartContainer - [test-hivemq-platform] [hivemq] [33c0b752] INFO  - [HiveMQ Platform Operator Init App 1.7.0-SNAPSHOT] Shutdown complete
2025-01-30 18:29:41,573 INFO c.h.h.t.HelmChartContainer - [POD] test-hivemq-platform-0 [33c0b752-7dd9-4fd0-9325-cc9e51ea4487] in helmmqttit was MODIFIED
2025-01-30 18:29:41,575 INFO c.h.h.t.HelmChartContainer - [K3S] [stateful_set.go:438] "Unhandled Error" err="error syncing StatefulSet helmmqttit/test-hivemq-platform, requeuing: controllerrevisions.apps \"test-hivemq-platform-6c4dd86f88\" is forbidden: unable to create new content in namespace helmmqttit because it is being terminated"
2025-01-30 18:29:41,582 INFO c.h.h.t.HelmChartContainer - [K3S] [stateful_set.go:438] "Unhandled Error" err="error syncing StatefulSet helmmqttit/test-hivemq-platform, requeuing: controllerrevisions.apps \"test-hivemq-platform-6c4dd86f88\" is forbidden: unable to create new content in namespace helmmqttit because it is being terminated"
2025-01-30 18:29:41,596 INFO c.h.h.t.HelmChartContainer - [K3S] [stateful_set.go:438] "Unhandled Error" err="error syncing StatefulSet helmmqttit/test-hivemq-platform, requeuing: controllerrevisions.apps \"test-hivemq-platform-6c4dd86f88\" is forbidden: unable to create new content in namespace helmmqttit because it is being terminated"
2025-01-30 18:29:41,619 INFO c.h.h.t.HelmChartContainer - [K3S] [stateful_set.go:438] "Unhandled Error" err="error syncing StatefulSet helmmqttit/test-hivemq-platform, requeuing: controllerrevisions.apps \"test-hivemq-platform-6c4dd86f88\" is forbidden: unable to create new content in namespace helmmqttit because it is being terminated"
2025-01-30 18:29:41,661 INFO c.h.h.t.HelmChartContainer - [K3S] [reconciler_common.go:162] "operationExecutor.UnmountVolume started for volume \"kube-api-access-nqmmx\" (UniqueName: \"kubernetes.io/projected/33c0b752-7dd9-4fd0-9325-cc9e51ea4487-kube-api-access-nqmmx\") pod \"33c0b752-7dd9-4fd0-9325-cc9e51ea4487\" (UID: \"33c0b752-7dd9-4fd0-9325-cc9e51ea4487\") "
2025-01-30 18:29:41,661 INFO c.h.h.t.HelmChartContainer - [K3S] [reconciler_common.go:162] "operationExecutor.UnmountVolume started for volume \"pod-info\" (UniqueName: \"kubernetes.io/configmap/33c0b752-7dd9-4fd0-9325-cc9e51ea4487-pod-info\") pod \"33c0b752-7dd9-4fd0-9325-cc9e51ea4487\" (UID: \"33c0b752-7dd9-4fd0-9325-cc9e51ea4487\") "
2025-01-30 18:29:41,661 INFO c.h.h.t.HelmChartContainer - [K3S] [reconciler_common.go:162] "operationExecutor.UnmountVolume started for volume \"operator-init\" (UniqueName: \"kubernetes.io/empty-dir/33c0b752-7dd9-4fd0-9325-cc9e51ea4487-operator-init\") pod \"33c0b752-7dd9-4fd0-9325-cc9e51ea4487\" (UID: \"33c0b752-7dd9-4fd0-9325-cc9e51ea4487\") "
2025-01-30 18:29:41,662 INFO c.h.h.t.HelmChartContainer - [K3S] [reconciler_common.go:162] "operationExecutor.UnmountVolume started for volume \"broker-configuration\" (UniqueName: \"kubernetes.io/configmap/33c0b752-7dd9-4fd0-9325-cc9e51ea4487-broker-configuration\") pod \"33c0b752-7dd9-4fd0-9325-cc9e51ea4487\" (UID: \"33c0b752-7dd9-4fd0-9325-cc9e51ea4487\") "
2025-01-30 18:29:41,663 INFO c.h.h.t.HelmChartContainer - [K3S] [stateful_set.go:438] "Unhandled Error" err="error syncing StatefulSet helmmqttit/test-hivemq-platform, requeuing: controllerrevisions.apps \"test-hivemq-platform-6c4dd86f88\" is forbidden: unable to create new content in namespace helmmqttit because it is being terminated"
2025-01-30 18:29:41,746 INFO c.h.h.t.HelmChartContainer - [K3S] [stateful_set.go:438] "Unhandled Error" err="error syncing StatefulSet helmmqttit/test-hivemq-platform, requeuing: controllerrevisions.apps \"test-hivemq-platform-6c4dd86f88\" is forbidden: unable to create new content in namespace helmmqttit because it is being terminated"
2025-01-30 18:29:41,752 INFO c.h.h.t.HelmChartContainer - [K3S] [stateful_set.go:466] "StatefulSet has been deleted" key="helmmqttit/test-hivemq-platform"
2025-01-30 18:29:41,761 INFO c.h.h.t.HelmChartContainer - [K3S] [reconciler_common.go:299] "Volume detached for volume \"kube-api-access-nqmmx\" (UniqueName: \"kubernetes.io/projected/33c0b752-7dd9-4fd0-9325-cc9e51ea4487-kube-api-access-nqmmx\") on node \"bad0b85700c6\" DevicePath \"\""
2025-01-30 18:29:41,761 INFO c.h.h.t.HelmChartContainer - [K3S] [reconciler_common.go:299] "Volume detached for volume \"pod-info\" (UniqueName: \"kubernetes.io/configmap/33c0b752-7dd9-4fd0-9325-cc9e51ea4487-pod-info\") on node \"bad0b85700c6\" DevicePath \"\""
2025-01-30 18:29:41,761 INFO c.h.h.t.HelmChartContainer - [K3S] [reconciler_common.go:299] "Volume detached for volume \"operator-init\" (UniqueName: \"kubernetes.io/empty-dir/33c0b752-7dd9-4fd0-9325-cc9e51ea4487-operator-init\") on node \"bad0b85700c6\" DevicePath \"\""
2025-01-30 18:29:41,761 INFO c.h.h.t.HelmChartContainer - [K3S] [reconciler_common.go:299] "Volume detached for volume \"broker-configuration\" (UniqueName: \"kubernetes.io/configmap/33c0b752-7dd9-4fd0-9325-cc9e51ea4487-broker-configuration\") on node \"bad0b85700c6\" DevicePath \"\""
2025-01-30 18:29:41,873 INFO c.h.h.t.HelmChartContainer - [K3S] [namespace_controller.go:164] "Unhandled Error" err="deletion of namespace helmmqttit failed: unexpected items still remain in namespace: helmmqttit for gvr: /v1, Resource=pods"
2025-01-30 18:29:41,908 INFO c.h.h.t.HelmChartContainer - [K3S] [stateful_set.go:466] "StatefulSet has been deleted" key="helmmqttit/test-hivemq-platform"
2025-01-30 18:29:42,039 INFO c.h.h.t.HelmChartContainer - [K3S] [namespace_controller.go:164] "Unhandled Error" err="deletion of namespace helmmqttit failed: unexpected items still remain in namespace: helmmqttit for gvr: /v1, Resource=pods"
2025-01-30 18:29:42,144 INFO c.h.h.t.HelmChartContainer - [K3S] [namespace_controller.go:164] "Unhandled Error" err="deletion of namespace helmmqttit failed: unexpected items still remain in namespace: helmmqttit for gvr: /v1, Resource=pods"
2025-01-30 18:29:42,256 INFO c.h.h.t.HelmChartContainer - [K3S] [namespace_controller.go:164] "Unhandled Error" err="deletion of namespace helmmqttit failed: unexpected items still remain in namespace: helmmqttit for gvr: /v1, Resource=pods"
2025-01-30 18:29:42,307 INFO c.h.h.t.HelmChartContainer - [K3S] [scope.go:117] "RemoveContainer" containerID="a12551a284ababfd7bcc8d58baa89a9c0cf6e6d6941c6530a168f70e9e1c06e6"
2025-01-30 18:29:42,328 INFO c.h.h.t.HelmChartContainer - [POD] test-hivemq-platform-0 [33c0b752-7dd9-4fd0-9325-cc9e51ea4487] in helmmqttit was MODIFIED
2025-01-30 18:29:42,329 INFO c.h.h.t.HelmChartContainer - [POD] test-hivemq-platform-0 [33c0b752-7dd9-4fd0-9325-cc9e51ea4487] in helmmqttit was DELETED
2025-01-30 18:29:42,415 INFO c.h.h.t.HelmChartContainer - [K3S] [scope.go:117] "RemoveContainer" containerID="bf103ca088167d3230cd30cc7f962221ab644d825c7d47a791abc28102417463"
2025-01-30 18:29:42,417 INFO c.h.h.t.HelmChartContainer - [K3S] [scope.go:117] "RemoveContainer" containerID="a12551a284ababfd7bcc8d58baa89a9c0cf6e6d6941c6530a168f70e9e1c06e6"
2025-01-30 18:29:42,418 INFO c.h.h.t.HelmChartContainer - [K3S] [scope.go:117] "RemoveContainer" containerID="bf103ca088167d3230cd30cc7f962221ab644d825c7d47a791abc28102417463"
2025-01-30 18:29:42,558 INFO c.h.h.t.HelmChartContainer - Namespace 'helmmqttit' deleted
2025-01-30 18:29:42,558 INFO c.h.h.t.HelmChartContainer - Release 'test-hivemq-platform' in namespace 'helmmqttit' is uninstalled
2025-01-30 18:29:42,558 INFO c.h.h.t.HelmChartContainer - Uninstalling release 'test-hivemq-platform-operator' in namespace 'helmmqttit-operator'...
2025-01-30 18:29:42,558 DEBUG c.h.h.t.HelmChartContainer - Executing helm command: /bin/helm --kubeconfig /etc/rancher/k3s/k3s.yaml uninstall test-hivemq-platform-operator  --wait --timeout 5m0s --cascade foreground --namespace helmmqttit-operator
2025-01-30 18:29:42,732 INFO c.h.h.t.HelmChartContainer - [K3S] [replica_set.go:679] "Finished syncing" kind="ReplicaSet" key="helmmqttit-operator/hivemq-test-hivemq-platform-operator-6966f96d65" duration="13.045536ms"
2025-01-30 18:29:42,732 INFO c.h.h.t.HelmChartContainer - [K3S] [replica_set.go:679] "Finished syncing" kind="ReplicaSet" key="helmmqttit-operator/hivemq-test-hivemq-platform-operator-6966f96d65" duration="40.285µs"
2025-01-30 18:29:42,749 INFO c.h.h.t.HelmChartContainer - [POD] hivemq-test-hivemq-platform-operator-6966f96d65-lk76g [c9b89633-f1a6-4c04-af4c-e4bed63cb91c] in helmmqttit-operator was MODIFIED
2025-01-30 18:29:42,761 INFO c.h.h.t.HelmChartContainer - [EVENT] Normal [Killing] Stopping container hivemq-platform-operator [helmmqttit-operator:hivemq-test-hivemq-platform-operator-6966f96d65-lk76g]
2025-01-30 18:29:42,762 INFO c.h.h.t.HelmChartContainer - Received Killing event for container hivemq-platform-operator in pod hivemq-test-hivemq-platform-operator-6966f96d65-lk76g [c9b89633-f1a6-4c04-af4c-e4bed63cb91c]
2025-01-30 18:29:42,762 INFO c.h.h.t.HelmChartContainer - Container [hivemq-test-hivemq-platform-operator-6966f96d65-lk76g] [hivemq-platform-operator] [c9b89633-f1a6-4c04-af4c-e4bed63cb91c] was terminated
2025-01-30 18:29:42,762 INFO c.h.h.t.HelmChartContainer - Stopped log watcher for hivemq-platform-operator in pod hivemq-test-hivemq-platform-operator-6966f96d65-lk76g [c9b89633-f1a6-4c04-af4c-e4bed63cb91c]
2025-01-30 18:29:42,767 INFO c.h.h.t.HelmChartContainer - [hivemq-test-hivemq-platform] [hivemq-platform-operator] [c9b89633] 18:29:42.761 [application-shutdown-thread] INFO  c.h.p.o.HiveMQPlatformOperatorApplication - HiveMQ Platform Operator is stopping...
2025-01-30 18:29:42,767 INFO c.h.h.t.HelmChartContainer - [hivemq-test-hivemq-platform] [hivemq-platform-operator] [c9b89633] 18:29:42.762 [application-shutdown-thread] INFO  i.javaoperatorsdk.operator.Operator - Operator SDK 4.9.7 is shutting down...
2025-01-30 18:29:42,769 INFO c.h.h.t.HelmChartContainer - [K3S] [replica_set.go:679] "Finished syncing" kind="ReplicaSet" key="helmmqttit-operator/hivemq-test-hivemq-platform-operator-6966f96d65" duration="20.32102ms"
2025-01-30 18:29:42,769 INFO c.h.h.t.HelmChartContainer - [K3S] [replica_set.go:679] "Finished syncing" kind="ReplicaSet" key="helmmqttit-operator/hivemq-test-hivemq-platform-operator-6966f96d65" duration="364.03µs"
2025-01-30 18:29:43,139 INFO c.h.h.t.HelmChartContainer - [K3S] [kubelet_volumes.go:163] "Cleaned up orphaned pod volumes dir" podUID="33c0b752-7dd9-4fd0-9325-cc9e51ea4487" path="/var/lib/kubelet/pods/33c0b752-7dd9-4fd0-9325-cc9e51ea4487/volumes"
2025-01-30 18:29:43,403 INFO c.h.h.t.HelmChartContainer - [K3S] [replica_set.go:679] "Finished syncing" kind="ReplicaSet" key="helmmqttit-operator/hivemq-test-hivemq-platform-operator-6966f96d65" duration="41.056µs"
2025-01-30 18:29:43,404 INFO c.h.h.t.HelmChartContainer - [POD] hivemq-test-hivemq-platform-operator-6966f96d65-lk76g [c9b89633-f1a6-4c04-af4c-e4bed63cb91c] in helmmqttit-operator was MODIFIED
2025-01-30 18:29:43,468 INFO c.h.h.t.HelmChartContainer - [K3S] [reconciler_common.go:162] "operationExecutor.UnmountVolume started for volume \"kube-api-access-bv5sz\" (UniqueName: \"kubernetes.io/projected/c9b89633-f1a6-4c04-af4c-e4bed63cb91c-kube-api-access-bv5sz\") pod \"c9b89633-f1a6-4c04-af4c-e4bed63cb91c\" (UID: \"c9b89633-f1a6-4c04-af4c-e4bed63cb91c\") "
2025-01-30 18:29:43,568 INFO c.h.h.t.HelmChartContainer - [K3S] [reconciler_common.go:299] "Volume detached for volume \"kube-api-access-bv5sz\" (UniqueName: \"kubernetes.io/projected/c9b89633-f1a6-4c04-af4c-e4bed63cb91c-kube-api-access-bv5sz\") on node \"bad0b85700c6\" DevicePath \"\""
2025-01-30 18:29:44,312 INFO c.h.h.t.HelmChartContainer - [K3S] [scope.go:117] "RemoveContainer" containerID="a1a7246b0c6fb3397b60bf22261c54a01f327fd9e77188f42e7f91792d81e6b5"
2025-01-30 18:29:44,315 INFO c.h.h.t.HelmChartContainer - [K3S] [scope.go:117] "RemoveContainer" containerID="a1a7246b0c6fb3397b60bf22261c54a01f327fd9e77188f42e7f91792d81e6b5"
2025-01-30 18:29:44,323 INFO c.h.h.t.HelmChartContainer - [K3S] [replica_set.go:679] "Finished syncing" kind="ReplicaSet" key="helmmqttit-operator/hivemq-test-hivemq-platform-operator-6966f96d65" duration="39.664µs"
2025-01-30 18:29:44,324 INFO c.h.h.t.HelmChartContainer - [POD] hivemq-test-hivemq-platform-operator-6966f96d65-lk76g [c9b89633-f1a6-4c04-af4c-e4bed63cb91c] in helmmqttit-operator was MODIFIED
2025-01-30 18:29:44,327 INFO c.h.h.t.HelmChartContainer - [POD] hivemq-test-hivemq-platform-operator-6966f96d65-lk76g [c9b89633-f1a6-4c04-af4c-e4bed63cb91c] in helmmqttit-operator was DELETED
2025-01-30 18:29:44,329 INFO c.h.h.t.HelmChartContainer - [K3S] [replica_set.go:679] "Finished syncing" kind="ReplicaSet" key="helmmqttit-operator/hivemq-test-hivemq-platform-operator-6966f96d65" duration="35.686µs"
2025-01-30 18:29:44,339 INFO c.h.h.t.HelmChartContainer - [K3S] [replica_set.go:679] "Finished syncing" kind="ReplicaSet" key="helmmqttit-operator/hivemq-test-hivemq-platform-operator-6966f96d65" duration="5.49µs"
2025-01-30 18:29:44,771 INFO c.h.h.t.HelmChartContainer - Deleting namespace 'helmmqttit-operator'...
2025-01-30 18:29:45,138 INFO c.h.h.t.HelmChartContainer - [K3S] [kubelet_volumes.go:163] "Cleaned up orphaned pod volumes dir" podUID="c9b89633-f1a6-4c04-af4c-e4bed63cb91c" path="/var/lib/kubelet/pods/c9b89633-f1a6-4c04-af4c-e4bed63cb91c/volumes"
2025-01-30 18:29:47,491 INFO c.h.h.t.HelmChartContainer - [K3S] [namespace_controller.go:187] "Namespace has been deleted" namespace="helmmqttit"
2025-01-30 18:29:49,990 INFO c.h.h.t.HelmChartContainer - Namespace 'helmmqttit-operator' deleted
2025-01-30 18:29:49,990 INFO c.h.h.t.HelmChartContainer - Release 'test-hivemq-platform-operator' in namespace 'helmmqttit-operator' is uninstalled
2025-01-30 18:29:50,714 INFO c.h.helmcharts.AbstractHelmChartIT - Removed unused containers:

2025-01-30 18:29:54,887 INFO c.h.h.t.HelmChartContainer - [K3S] [namespace_controller.go:187] "Namespace has been deleted" namespace="helmmqttit-operator"
2025-01-30 18:29:58,533 INFO c.h.helmcharts.AbstractHelmChartIT - Removed unused snapshots:
Removing snapshot sha256:03af251906410714c5aef9fa705b63f6bbc39c4a5e787de7361eeb18886c2ed2
Removing snapshot sha256:0c46b3b43cce082ce5ec34ffc6c294e0417d17b9d1e6f366d114b6aadc4f96dc
Removing snapshot sha256:0ce761beee59082d6ed5bcebd3a805b8ddd9b3426b617e4809e7fb7c6587ffec
Removing snapshot sha256:0df91287303208332c8ff6ba40ae4710105201739addbfbddfb955f1ad593664
Removing snapshot sha256:1021ef88c7974bfff89c5a0ec4fd3160daac6c48a075f74cff721f85dd104e68
Removing snapshot sha256:10aba4953ddc18145dd38e3704709bc464aa20af60b56fe52caaff4b68411e62
Removing snapshot sha256:2573e0d8158209ed54ab25c87bcdcb00bd3d2539246960a3d592a1c599d70465
Removing snapshot sha256:362a8a37f8bbc31925a8146adcf7cf51f9882f5c1dcbef67c5baa03a297543c0
Removing snapshot sha256:3fa4ad33f0ddc8fd45b39b6b4640f82a3a83619606cd975bfe89d8710ad2d4cd
Removing snapshot sha256:43a7c979bbaba6838bc3102d6b10a1459f3ab050b87ccdfef84ef90cf43d3058
Removing snapshot sha256:4ab04491cdf0d3267f08206fe30bd48f49f94b9cab2f016d6739220f722a64af
Removing snapshot sha256:4b6068250e89c96f263060261819c7d912855bfbd64b3eb4c4a8483299b8c295
Removing snapshot sha256:580e69a0a8034ede1921139bbd2bfb72a69ebf276d008281896c32dd8bf74775
Removing snapshot sha256:5d30ba46b27fe37484567ccc5242cadc78217b8da605f3f195ef25cbf7487904
Removing snapshot sha256:63ca1fbb43ae5034640e5e6cb3e083e05c290072c5366fcaa9d62435a4cced85
Removing snapshot sha256:67f702c6baae873bceb19487c8b1f27bd2b86077e4f2f0e480e6d60ab508b8f5
Removing snapshot sha256:6864348dd42806d552efdec384f1274be15e2d0c10ce44c1f04347af004c10a9
Removing snapshot sha256:6c7dee8f2c39b84b7dc2711c01d33de93514d9055499173e9290176fbe484b6c
Removing snapshot sha256:82753493a6d61ded36556292f02f31841a14c20d2f279f19eaad65afb661d5cd
Removing snapshot sha256:8a10d3db42c505ee0fcfa98417bdd7e39b304f6bcc0a06bb1b220797ff2cc63c
Removing snapshot sha256:985bea1c17df10c82165bc56cedb67e3f84c75a1e191d3fe9d7b13dc183fde7c
Removing snapshot sha256:a21e5b12dbac529ad45d976eb9ce45c881f3bedcc500fb30aba1e52aa1813418
Removing snapshot sha256:afaa4425ab5c00049e5afa2d123fced83e231a646da3d9612397da06b403c675
Removing snapshot sha256:b921e6c28969094157f9b8e7244677780319637afd14450b7cb6b2fdea558a0c
Removing snapshot sha256:bc27ecb5769a00e309cf99ebc763c4a4b958b618d1decc96ffac5bc05f02f5b7
Removing snapshot sha256:be3ccb6627a5332e309d45ef461d09b4879dd870c7394d89323d0ebc6ca6aa8a
Removing snapshot sha256:c261f7cbbc64211ee175ee47273acdb7b1a36a4450b397a064a8f2c026490095
Removing snapshot sha256:c34d9393647eea0c9e3557ab988efaf59f61d10a2a5613b439ef0958cca5ec10
Removing snapshot sha256:ccf3c4a0fa967a41c1c83497a2ce6fa5787965859df0adb32c4ca2cf7490bc2b
Removing snapshot sha256:cf92d33f869417309692088c341cd0f223c178ea78a125f757317b22aa8f90e9
Removing snapshot sha256:d0037344cf2fb078884f1849f6a1f8cf9a33a3b6139b6a85833e5ee528e1f9a8
Removing snapshot sha256:d3b36d5b79273b1e98e7700470eaeff05a882e777124d84cebcc1505b85ecb36
Removing snapshot sha256:d65a44a37914602d12c611e5e22a50f11451d847e63015cc1c2aef92dee777a4
Removing snapshot sha256:e2dc0bae2455930f23ae570e019b7f32edc75c0f2d71cab084db837ff9051796
Removing snapshot sha256:eccbd24a99c60cd9e86ee5305dbfc4a4dc89f5ab4fb1f06c8d64797cecedef34
Removing snapshot sha256:f144bb4c7c7f0d2aa7eeffd36d934ec40db1ee167be727e326aad9fdc616f475

]]></system-out>
  </testcase>
  <testcase name="platformChart_whenMqttNodePortEnabled_thenSendsReceivesMessage()" classname="com.hivemq.helmcharts.services.HelmMqttIT" time="100.355">
    <system-out><![CDATA[2025-01-30 18:29:58,542 INFO c.h.h.t.HelmChartContainer - Creating namespace 'helmmqttit-operator'...
2025-01-30 18:29:58,549 INFO c.h.h.t.HelmChartContainer - Namespace 'helmmqttit-operator' created
2025-01-30 18:29:58,549 INFO c.h.h.t.HelmChartContainer - Creating namespace 'helmmqttit'...
2025-01-30 18:29:58,558 INFO c.h.h.t.HelmChartContainer - Namespace 'helmmqttit' created
2025-01-30 18:29:58,625 DEBUG c.h.h.t.HelmChartContainer - Executing helm command: /bin/helm --kubeconfig /etc/rancher/k3s/k3s.yaml install test-hivemq-platform-operator /charts/hivemq-platform-operator --wait --timeout 5m0s --set image.repository=docker.io/hivemq --set image.name=hivemq-platform-operator-test --set image.initImageName=hivemq-platform-operator-init-test --set image.tag=snapshot --set image.pullPolicy=Never --set logLevel=DEBUG --set resources.cpu=512m --namespace helmmqttit-operator
2025-01-30 18:29:58,939 INFO c.h.h.t.HelmChartContainer - [K3S] [alloc.go:330] "allocated clusterIPs" service="helmmqttit-operator/hivemq-platform-operator-test-hivemq-platform-operator" clusterIPs={"IPv4":"10.43.137.21"}
2025-01-30 18:29:58,959 INFO c.h.h.t.HelmChartContainer - [EVENT] Normal [ScalingReplicaSet] Scaled up replica set hivemq-test-hivemq-platform-operator-6966f96d65 from 0 to 1 [helmmqttit-operator:hivemq-test-hivemq-platform-operator]
2025-01-30 18:29:58,964 INFO c.h.h.t.HelmChartContainer - [POD] hivemq-test-hivemq-platform-operator-6966f96d65-2c7hg [2ac26a34-047a-4f20-b44b-f95cf267263e] in helmmqttit-operator was ADDED
2025-01-30 18:29:58,977 INFO c.h.h.t.HelmChartContainer - [EVENT] Normal [SuccessfulCreate] Created pod: hivemq-test-hivemq-platform-operator-6966f96d65-2c7hg [helmmqttit-operator:hivemq-test-hivemq-platform-operator-6966f96d65]
2025-01-30 18:29:58,978 INFO c.h.h.t.HelmChartContainer - [POD] hivemq-test-hivemq-platform-operator-6966f96d65-2c7hg [2ac26a34-047a-4f20-b44b-f95cf267263e] in helmmqttit-operator was MODIFIED
2025-01-30 18:29:58,981 INFO c.h.h.t.HelmChartContainer - [EVENT] Normal [Scheduled] Successfully assigned helmmqttit-operator/hivemq-test-hivemq-platform-operator-6966f96d65-2c7hg to bad0b85700c6 [helmmqttit-operator:hivemq-test-hivemq-platform-operator-6966f96d65-2c7hg]
2025-01-30 18:29:58,983 INFO c.h.h.t.HelmChartContainer - [K3S] [replica_set.go:679] "Finished syncing" kind="ReplicaSet" key="helmmqttit-operator/hivemq-test-hivemq-platform-operator-6966f96d65" duration="24.804293ms"
2025-01-30 18:29:58,983 INFO c.h.h.t.HelmChartContainer - [K3S] [memory_manager.go:355] "RemoveStaleState removing state" podUID="c9b89633-f1a6-4c04-af4c-e4bed63cb91c" containerName="hivemq-platform-operator"
2025-01-30 18:29:58,983 INFO c.h.h.t.HelmChartContainer - [K3S] [memory_manager.go:355] "RemoveStaleState removing state" podUID="33c0b752-7dd9-4fd0-9325-cc9e51ea4487" containerName="hivemq"
2025-01-30 18:29:58,987 INFO c.h.h.t.HelmChartContainer - [K3S] [replica_set.go:679] "Finished syncing" kind="ReplicaSet" key="helmmqttit-operator/hivemq-test-hivemq-platform-operator-6966f96d65" duration="9.467962ms"
2025-01-30 18:29:58,988 INFO c.h.h.t.HelmChartContainer - [K3S] [replica_set.go:679] "Finished syncing" kind="ReplicaSet" key="helmmqttit-operator/hivemq-test-hivemq-platform-operator-6966f96d65" duration="38.492µs"
2025-01-30 18:29:58,992 INFO c.h.h.t.HelmChartContainer - [K3S] [replica_set.go:679] "Finished syncing" kind="ReplicaSet" key="helmmqttit-operator/hivemq-test-hivemq-platform-operator-6966f96d65" duration="29.785µs"
2025-01-30 18:29:58,992 INFO c.h.h.t.HelmChartContainer - [POD] hivemq-test-hivemq-platform-operator-6966f96d65-2c7hg [2ac26a34-047a-4f20-b44b-f95cf267263e] in helmmqttit-operator was MODIFIED
2025-01-30 18:29:59,057 INFO c.h.h.t.HelmChartContainer - [K3S] [reconciler_common.go:251] "operationExecutor.VerifyControllerAttachedVolume started for volume \"kube-api-access-nx6n8\" (UniqueName: \"kubernetes.io/projected/2ac26a34-047a-4f20-b44b-f95cf267263e-kube-api-access-nx6n8\") pod \"hivemq-test-hivemq-platform-operator-6966f96d65-2c7hg\" (UID: \"2ac26a34-047a-4f20-b44b-f95cf267263e\") " pod="helmmqttit-operator/hivemq-test-hivemq-platform-operator-6966f96d65-2c7hg"
2025-01-30 18:29:59,380 INFO c.h.h.t.HelmChartContainer - [EVENT] Normal [Pulled] Container image "docker.io/hivemq/hivemq-platform-operator-test:snapshot" already present on machine [helmmqttit-operator:hivemq-test-hivemq-platform-operator-6966f96d65-2c7hg]
2025-01-30 18:29:59,380 INFO c.h.h.t.HelmChartContainer - Received Pulled event for container hivemq-platform-operator in pod hivemq-test-hivemq-platform-operator-6966f96d65-2c7hg [2ac26a34-047a-4f20-b44b-f95cf267263e]
2025-01-30 18:30:00,620 INFO c.h.h.t.HelmChartContainer - [EVENT] Normal [Created] Created container: hivemq-platform-operator [helmmqttit-operator:hivemq-test-hivemq-platform-operator-6966f96d65-2c7hg]
2025-01-30 18:30:00,621 INFO c.h.h.t.HelmChartContainer - Received Created event for container hivemq-platform-operator in pod hivemq-test-hivemq-platform-operator-6966f96d65-2c7hg [2ac26a34-047a-4f20-b44b-f95cf267263e]
2025-01-30 18:30:01,356 INFO c.h.h.t.HelmChartContainer - [K3S] [replica_set.go:679] "Finished syncing" kind="ReplicaSet" key="helmmqttit-operator/hivemq-test-hivemq-platform-operator-6966f96d65" duration="123.7µs"
2025-01-30 18:30:01,359 INFO c.h.h.t.HelmChartContainer - [POD] hivemq-test-hivemq-platform-operator-6966f96d65-2c7hg [2ac26a34-047a-4f20-b44b-f95cf267263e] in helmmqttit-operator was MODIFIED
2025-01-30 18:30:01,367 INFO c.h.h.t.HelmChartContainer - [EVENT] Normal [Started] Started container hivemq-platform-operator [helmmqttit-operator:hivemq-test-hivemq-platform-operator-6966f96d65-2c7hg]
2025-01-30 18:30:01,367 INFO c.h.h.t.HelmChartContainer - Received Started event for container hivemq-platform-operator in pod hivemq-test-hivemq-platform-operator-6966f96d65-2c7hg [2ac26a34-047a-4f20-b44b-f95cf267263e]
2025-01-30 18:30:01,367 INFO c.h.h.t.HelmChartContainer - Started log watcher for hivemq-platform-operator in pod hivemq-test-hivemq-platform-operator-6966f96d65-2c7hg [2ac26a34-047a-4f20-b44b-f95cf267263e]
2025-01-30 18:30:01,367 INFO c.h.h.t.HelmChartContainer - [hivemq-test-hivemq-platform] [hivemq-platform-operator] [2ac26a34] -------------------------------------------------------------------------
2025-01-30 18:30:01,367 INFO c.h.h.t.HelmChartContainer - [hivemq-test-hivemq-platform] [hivemq-platform-operator] [2ac26a34] 
2025-01-30 18:30:01,367 INFO c.h.h.t.HelmChartContainer - [hivemq-test-hivemq-platform] [hivemq-platform-operator] [2ac26a34]                   _    _  _              __  __   ____
2025-01-30 18:30:01,367 INFO c.h.h.t.HelmChartContainer - [hivemq-test-hivemq-platform] [hivemq-platform-operator] [2ac26a34]                  | |  | |(_)            |  \/  | / __ \
2025-01-30 18:30:01,367 INFO c.h.h.t.HelmChartContainer - [hivemq-test-hivemq-platform] [hivemq-platform-operator] [2ac26a34]                  | |__| | _ __   __ ___ | \  / || |  | |
2025-01-30 18:30:01,367 INFO c.h.h.t.HelmChartContainer - [hivemq-test-hivemq-platform] [hivemq-platform-operator] [2ac26a34]                  |  __  || |\ \ / // _ \| |\/| || |  | |
2025-01-30 18:30:01,367 INFO c.h.h.t.HelmChartContainer - [hivemq-test-hivemq-platform] [hivemq-platform-operator] [2ac26a34]                  | |  | || | \ V /|  __/| |  | || |__| |
2025-01-30 18:30:01,367 INFO c.h.h.t.HelmChartContainer - [hivemq-test-hivemq-platform] [hivemq-platform-operator] [2ac26a34]                  |_|  |_||_|  \_/  \___||_|  |_| \___\_\
2025-01-30 18:30:01,367 INFO c.h.h.t.HelmChartContainer - [hivemq-test-hivemq-platform] [hivemq-platform-operator] [2ac26a34] 
2025-01-30 18:30:01,367 INFO c.h.h.t.HelmChartContainer - [hivemq-test-hivemq-platform] [hivemq-platform-operator] [2ac26a34] -------------------------------------------------------------------------
2025-01-30 18:30:01,367 INFO c.h.h.t.HelmChartContainer - [hivemq-test-hivemq-platform] [hivemq-platform-operator] [2ac26a34] 
2025-01-30 18:30:01,367 INFO c.h.h.t.HelmChartContainer - [hivemq-test-hivemq-platform] [hivemq-platform-operator] [2ac26a34]   HiveMQ Platform Operator Start Script v1.0
2025-01-30 18:30:01,367 INFO c.h.h.t.HelmChartContainer - [hivemq-test-hivemq-platform] [hivemq-platform-operator] [2ac26a34] 
2025-01-30 18:30:01,367 INFO c.h.h.t.HelmChartContainer - [hivemq-test-hivemq-platform] [hivemq-platform-operator] [2ac26a34] -------------------------------------------------------------------------
2025-01-30 18:30:01,367 INFO c.h.h.t.HelmChartContainer - [hivemq-test-hivemq-platform] [hivemq-platform-operator] [2ac26a34] 
2025-01-30 18:30:01,367 INFO c.h.h.t.HelmChartContainer - [hivemq-test-hivemq-platform] [hivemq-platform-operator] [2ac26a34]   JAVA_OPTS: -XX:+UnlockExperimentalVMOptions -XX:InitialRAMPercentage=75 -XX:MaxRAMPercentage=75 -Duser.language=en -Duser.region=US
2025-01-30 18:30:01,367 INFO c.h.h.t.HelmChartContainer - [hivemq-test-hivemq-platform] [hivemq-platform-operator] [2ac26a34] 
2025-01-30 18:30:01,367 INFO c.h.h.t.HelmChartContainer - [hivemq-test-hivemq-platform] [hivemq-platform-operator] [2ac26a34]   JAVA_VERSION: 21
2025-01-30 18:30:01,367 INFO c.h.h.t.HelmChartContainer - [hivemq-test-hivemq-platform] [hivemq-platform-operator] [2ac26a34] 
2025-01-30 18:30:01,367 INFO c.h.h.t.HelmChartContainer - [hivemq-test-hivemq-platform] [hivemq-platform-operator] [2ac26a34] -------------------------------------------------------------------------
2025-01-30 18:30:01,367 INFO c.h.h.t.HelmChartContainer - [hivemq-test-hivemq-platform] [hivemq-platform-operator] [2ac26a34] 
2025-01-30 18:30:03,993 INFO c.h.h.t.HelmChartContainer - [hivemq-test-hivemq-platform] [hivemq-platform-operator] [2ac26a34] 18:30:03.991 [main] DEBUG org.jboss.logging - Logging Provider: org.jboss.logging.Slf4jLoggerProvider
2025-01-30 18:30:04,128 INFO c.h.h.t.HelmChartContainer - [hivemq-test-hivemq-platform] [hivemq-platform-operator] [2ac26a34] 18:30:04.127 [main] DEBUG io.smallrye.config - SRCFG01006: Loaded ConfigSource SysPropConfigSource with ordinal 400
2025-01-30 18:30:04,128 INFO c.h.h.t.HelmChartContainer - [hivemq-test-hivemq-platform] [hivemq-platform-operator] [2ac26a34] 18:30:04.127 [main] DEBUG io.smallrye.config - SRCFG01006: Loaded ConfigSource EnvConfigSource with ordinal 300
2025-01-30 18:30:04,128 INFO c.h.h.t.HelmChartContainer - [hivemq-test-hivemq-platform] [hivemq-platform-operator] [2ac26a34] 18:30:04.127 [main] DEBUG io.smallrye.config - SRCFG01006: Loaded ConfigSource PropertiesConfigSource[source=jar:file:///opt/hivemq-platform-operator/bin/hivemq-platform-operator.jar!/hivemq-platform-operator.properties] with ordinal 100
2025-01-30 18:30:04,128 INFO c.h.h.t.HelmChartContainer - [hivemq-test-hivemq-platform] [hivemq-platform-operator] [2ac26a34] 18:30:04.127 [main] DEBUG io.smallrye.config - SRCFG01006: Loaded ConfigSource DefaultValuesConfigSource with ordinal -2147483648
2025-01-30 18:30:04,190 INFO c.h.h.t.HelmChartContainer - [hivemq-test-hivemq-platform] [hivemq-platform-operator] [2ac26a34] 18:30:04.189 [main] DEBUG i.m.c.u.i.l.InternalLoggerFactory - Using SLF4J as the default logging framework
2025-01-30 18:30:04,338 INFO c.h.h.t.HelmChartContainer - [hivemq-test-hivemq-platform] [hivemq-platform-operator] [2ac26a34] 18:30:04.331 [main] INFO  c.h.p.o.HiveMQPlatformOperatorApplication - HiveMQ Platform Operator 1.7.0-SNAPSHOT (commit: 47e3375 on branch: HEAD) built on Thu Jan 30 03:55:50 UTC 2025
2025-01-30 18:30:04,339 INFO c.h.h.t.HelmChartContainer - [hivemq-test-hivemq-platform] [hivemq-platform-operator] [2ac26a34] 18:30:04.337 [main] INFO  c.h.p.o.HiveMQPlatformOperatorApplication - HiveMQ Platform Operator is running in namespace: helmmqttit-operator
2025-01-30 18:30:04,339 INFO c.h.h.t.HelmChartContainer - [hivemq-test-hivemq-platform] [hivemq-platform-operator] [2ac26a34] 18:30:04.337 [main] INFO  c.h.p.o.HiveMQPlatformOperatorApplication - Watching all namespaces
2025-01-30 18:30:04,339 INFO c.h.h.t.HelmChartContainer - [hivemq-test-hivemq-platform] [hivemq-platform-operator] [2ac26a34] 18:30:04.337 [main] INFO  c.h.p.o.HiveMQPlatformOperatorApplication - Log level: DEBUG
2025-01-30 18:30:04,339 INFO c.h.h.t.HelmChartContainer - [hivemq-test-hivemq-platform] [hivemq-platform-operator] [2ac26a34] 18:30:04.337 [main] INFO  c.h.p.o.HiveMQPlatformOperatorApplication - Release name: test-hivemq-platform-operator
2025-01-30 18:30:04,339 INFO c.h.h.t.HelmChartContainer - [hivemq-test-hivemq-platform] [hivemq-platform-operator] [2ac26a34] 18:30:04.337 [main] INFO  c.h.p.o.HiveMQPlatformOperatorApplication - HiveMQ Platform Operator Init image: docker.io/hivemq/hivemq-platform-operator-init-test:snapshot
2025-01-30 18:30:04,339 INFO c.h.h.t.HelmChartContainer - [hivemq-test-hivemq-platform] [hivemq-platform-operator] [2ac26a34] 18:30:04.337 [main] INFO  c.h.p.o.HiveMQPlatformOperatorApplication - HiveMQ Platform Operator Init App update URL: http://hivemq-platform-operator-test-hivemq-platform-operator.helmmqttit-operator.svc:8080/initAppUpdate/hivemq-platform-operator-init-app-1.7.0-SNAPSHOT.jar
2025-01-30 18:30:04,339 INFO c.h.h.t.HelmChartContainer - [hivemq-test-hivemq-platform] [hivemq-platform-operator] [2ac26a34] 18:30:04.337 [main] INFO  c.h.p.o.HiveMQPlatformOperatorApplication - Additional imagePullSecret for all Platform deployments: none
2025-01-30 18:30:04,339 INFO c.h.h.t.HelmChartContainer - [hivemq-test-hivemq-platform] [hivemq-platform-operator] [2ac26a34] 18:30:04.337 [main] INFO  c.h.p.o.HiveMQPlatformOperatorApplication - Apply HiveMQ Platform CRD: true
2025-01-30 18:30:04,339 INFO c.h.h.t.HelmChartContainer - [hivemq-test-hivemq-platform] [hivemq-platform-operator] [2ac26a34] 18:30:04.337 [main] INFO  c.h.p.o.HiveMQPlatformOperatorApplication - Create Platform ServiceAccount: true
2025-01-30 18:30:04,340 INFO c.h.h.t.HelmChartContainer - [hivemq-test-hivemq-platform] [hivemq-platform-operator] [2ac26a34] 18:30:04.338 [main] INFO  c.h.p.o.HiveMQPlatformOperatorApplication - Create Platform ServiceAccount permissions: true
2025-01-30 18:30:04,340 INFO c.h.h.t.HelmChartContainer - [hivemq-test-hivemq-platform] [hivemq-platform-operator] [2ac26a34] 18:30:04.338 [main] INFO  c.h.p.o.HiveMQPlatformOperatorApplication - Validate Platform ServiceAccount: true
2025-01-30 18:30:04,340 INFO c.h.h.t.HelmChartContainer - [hivemq-test-hivemq-platform] [hivemq-platform-operator] [2ac26a34] 18:30:04.338 [main] INFO  c.h.p.o.HiveMQPlatformOperatorApplication - Validate Platform ServiceAccount permissions: true
2025-01-30 18:30:04,458 INFO c.h.h.t.HelmChartContainer - [hivemq-test-hivemq-platform] [hivemq-platform-operator] [2ac26a34] 18:30:04.456 [main] INFO  c.h.platform.operator.util.CRDUtil - Verifying deployed HiveMQ Platform CRD...
2025-01-30 18:30:06,941 INFO c.h.h.t.HelmChartContainer - [hivemq-test-hivemq-platform] [hivemq-platform-operator] [2ac26a34] 18:30:06.939 [main] DEBUG c.h.platform.operator.util.CRDUtil - HiveMQ Platform CRD version v1 is up to date
2025-01-30 18:30:06,941 INFO c.h.h.t.HelmChartContainer - [hivemq-test-hivemq-platform] [hivemq-platform-operator] [2ac26a34] 18:30:06.939 [main] INFO  c.h.platform.operator.util.CRDUtil - HiveMQ Platform CRD is up to date (version: V1_6_0)
2025-01-30 18:30:06,941 INFO c.h.h.t.HelmChartContainer - [hivemq-test-hivemq-platform] [hivemq-platform-operator] [2ac26a34] 18:30:06.939 [main] INFO  c.h.platform.operator.util.CRDUtil - Waiting 10000 ms for HiveMQ Platform CRD 'hivemq-platforms.hivemq.com' to become ready...
2025-01-30 18:30:07,238 INFO c.h.h.t.HelmChartContainer - [hivemq-test-hivemq-platform] [hivemq-platform-operator] [2ac26a34] 18:30:07.235 [vert.x-eventloop-thread-1] DEBUG c.h.platform.operator.util.CRDUtil - Checking CRD condition 'NamesAccepted' (status: 'True')
2025-01-30 18:30:07,238 INFO c.h.h.t.HelmChartContainer - [hivemq-test-hivemq-platform] [hivemq-platform-operator] [2ac26a34] 18:30:07.236 [vert.x-eventloop-thread-1] DEBUG c.h.platform.operator.util.CRDUtil - Checking CRD condition 'Established' (status: 'True')
2025-01-30 18:30:07,238 INFO c.h.h.t.HelmChartContainer - [hivemq-test-hivemq-platform] [hivemq-platform-operator] [2ac26a34] 18:30:07.236 [main] INFO  c.h.platform.operator.util.CRDUtil - HiveMQ Platform CRD 'hivemq-platforms.hivemq.com' is ready
2025-01-30 18:30:07,440 INFO c.h.h.t.HelmChartContainer - [hivemq-test-hivemq-platform] [hivemq-platform-operator] [2ac26a34] 18:30:07.439 [main] INFO  c.h.p.o.HiveMQPlatformReconciler - HiveMQ Platform Operator is starting...
2025-01-30 18:30:07,545 INFO c.h.h.t.HelmChartContainer - [hivemq-test-hivemq-platform] [hivemq-platform-operator] [2ac26a34] 18:30:07.544 [main] WARN  Default ConfigurationService implementation - Configuration for reconciler 'hivemq-controller' was not found. Known reconcilers: None.
2025-01-30 18:30:07,631 INFO c.h.h.t.HelmChartContainer - [hivemq-test-hivemq-platform] [hivemq-platform-operator] [2ac26a34] 18:30:07.630 [main] INFO  Default ConfigurationService implementation - Created configuration for reconciler com.hivemq.platform.operator.HiveMQPlatformReconciler with name hivemq-controller
2025-01-30 18:30:07,737 INFO c.h.h.t.HelmChartContainer - [hivemq-test-hivemq-platform] [hivemq-platform-operator] [2ac26a34] 18:30:07.736 [main] DEBUG c.h.p.o.HiveMQPlatformReconciler - HiveMQ Platform Operator is preparing EventSources
2025-01-30 18:30:07,790 INFO c.h.h.t.HelmChartContainer - [hivemq-test-hivemq-platform] [hivemq-platform-operator] [2ac26a34] 18:30:07.789 [main] INFO  i.javaoperatorsdk.operator.Operator - Registered reconciler: 'hivemq-controller' for resource: 'class com.hivemq.platform.operator.v1.HiveMQPlatform' for namespace(s): [all namespaces]
2025-01-30 18:30:08,433 INFO c.h.h.t.HelmChartContainer - [hivemq-test-hivemq-platform] [hivemq-platform-operator] [2ac26a34] 18:30:08.432 [main] INFO  c.h.p.operator.webserver.JettyServer - Starting Jetty server on port 8080
2025-01-30 18:30:08,529 INFO c.h.h.t.HelmChartContainer - [hivemq-test-hivemq-platform] [hivemq-platform-operator] [2ac26a34] 18:30:08.528 [main] INFO  i.javaoperatorsdk.operator.Operator - Operator SDK 4.9.7 (commit: 2133d28) built on Wed Nov 20 12:56:20 UTC 2024 starting...
2025-01-30 18:30:08,530 INFO c.h.h.t.HelmChartContainer - [hivemq-test-hivemq-platform] [hivemq-platform-operator] [2ac26a34] 18:30:08.529 [main] INFO  i.javaoperatorsdk.operator.Operator - Client version: 6.13.5
2025-01-30 18:30:08,532 INFO c.h.h.t.HelmChartContainer - [hivemq-test-hivemq-platform] [hivemq-platform-operator] [2ac26a34] 18:30:08.530 [Controller Starter for: hivemq-controller] INFO  i.j.operator.processing.Controller - Starting 'hivemq-controller' controller for reconciler: com.hivemq.platform.operator.HiveMQPlatformReconciler, resource: com.hivemq.platform.operator.v1.HiveMQPlatform
2025-01-30 18:30:10,835 INFO c.h.h.t.HelmChartContainer - [hivemq-test-hivemq-platform] [hivemq-platform-operator] [2ac26a34] 18:30:10.835 [Controller Starter for: hivemq-controller] INFO  i.j.operator.processing.Controller - 'hivemq-controller' controller started
2025-01-30 18:30:10,837 INFO c.h.h.t.HelmChartContainer - [hivemq-test-hivemq-platform] [hivemq-platform-operator] [2ac26a34] 18:30:10.835 [main] INFO  c.h.p.o.HiveMQPlatformOperatorApplication - HiveMQ Platform Operator 1.7.0-SNAPSHOT started in 6504 ms
2025-01-30 18:30:12,362 INFO c.h.h.t.HelmChartContainer - [POD] hivemq-test-hivemq-platform-operator-6966f96d65-2c7hg [2ac26a34-047a-4f20-b44b-f95cf267263e] in helmmqttit-operator was MODIFIED
2025-01-30 18:30:12,370 INFO c.h.h.t.HelmChartContainer - [K3S] [replica_set.go:679] "Finished syncing" kind="ReplicaSet" key="helmmqttit-operator/hivemq-test-hivemq-platform-operator-6966f96d65" duration="10.48191ms"
2025-01-30 18:30:12,372 INFO c.h.h.t.HelmChartContainer - [K3S] [replica_set.go:679] "Finished syncing" kind="ReplicaSet" key="helmmqttit-operator/hivemq-test-hivemq-platform-operator-6966f96d65" duration="33.643µs"
2025-01-30 18:30:13,082 DEBUG c.h.h.t.HelmChartContainer - Executing helm command: /bin/helm --kubeconfig /etc/rancher/k3s/k3s.yaml install test-hivemq-platform /charts/hivemq-platform --wait --timeout 5m0s --set image.repository=docker.io/hivemq --set image.tag=4.36.0 --set image.pullPolicy=Never --set nodes.resources.cpu=512m -f /files/mqtt-node-port-values.yaml --namespace helmmqttit
2025-01-30 18:30:13,395 INFO c.h.h.t.HelmChartContainer - [hivemq-test-hivemq-platform] [hivemq-platform-operator] [2ac26a34] 18:30:13.393 [-2082509879-pool-1-thread-3] WARN  i.m.p.PrometheusMeterRegistry - The meter (MeterId{name='operator.sdk.events.received', tags=[tag(action=ADDED),tag(event=ResourceEvent),tag(group=hivemq.com),tag(kind=HiveMQPlatform),tag(name=test-hivemq-platform),tag(namespace=helmmqttit),tag(scope=namespace),tag(version=v1)]}) registration has failed: Prometheus requires that all meters with the same name have the same set of tag keys. There is already an existing meter named 'operator.sdk.events.received' containing tag keys [event, group, kind, name, namespace, scope, version]. The meter you are attempting to register has keys [action, event, group, kind, name, namespace, scope, version]. Note that subsequent logs will be logged at debug level.
2025-01-30 18:30:13,805 INFO c.h.h.t.HelmChartContainer - [hivemq-test-hivemq-platform] [hivemq-platform-operator] [2ac26a34] 18:30:13.803 [pool-6-thread-3] DEBUG c.h.p.o.dependants.PodInfoConfigMap - [helmmqtt] Desired PodInfo ConfigMap (1 extensions) (1 enabled)
2025-01-30 18:30:13,805 INFO c.h.h.t.HelmChartContainer - [hivemq-test-hivemq-platform] [hivemq-platform-operator] [2ac26a34] 18:30:13.804 [pool-6-thread-3] DEBUG c.h.p.o.dependants.PodInfoConfigMap - [helmmqtt] Desired PodInfo ConfigMap (metrics port: 9399) (metrics path: /)
2025-01-30 18:30:13,805 INFO c.h.h.t.HelmChartContainer - [hivemq-test-hivemq-platform] [hivemq-platform-operator] [2ac26a34] 18:30:13.804 [pool-6-thread-3] DEBUG c.h.p.o.dependants.PodInfoConfigMap - [helmmqtt] Desired PodInfo ConfigMap (extension state hash: -1817474005)
2025-01-30 18:30:13,829 INFO c.h.h.t.HelmChartContainer - [hivemq-test-hivemq-platform] [hivemq-platform-operator] [2ac26a34] 18:30:13.827 [pool-6-thread-3] DEBUG c.h.p.o.dependants.PodInfoConfigMap - [helmmqtt] Create PodInfo ConfigMap
2025-01-30 18:30:13,992 INFO c.h.h.t.HelmChartContainer - [hivemq-test-hivemq-platform] [hivemq-platform-operator] [2ac26a34] 18:30:13.990 [pool-6-thread-5] DEBUG c.h.p.o.dependants.PodRoleResource - [helmmqtt] Create Role: Role(apiVersion=rbac.authorization.k8s.io/v1, kind=Role, metadata=ObjectMeta(annotations={meta.helm.sh/release-name=test-hivemq-platform, meta.helm.sh/release-namespace=helmmqttit}, creationTimestamp=null, deletionGracePeriodSeconds=null, deletionTimestamp=null, finalizers=[], generateName=null, generation=null, labels={helm.sh/chart=hivemq-platform-0.2.32, app.kubernetes.io/managed-by=Helm, app.kubernetes.io/name=hivemq-platform, hivemq-platform=test-hivemq-platform, app.kubernetes.io/instance=test-hivemq-platform, app.kubernetes.io/version=4.36.0}, managedFields=[], name=hivemq-platform-role-test-hivemq-platform, namespace=helmmqttit, ownerReferences=[OwnerReference(apiVersion=hivemq.com/v1, blockOwnerDeletion=null, controller=null, kind=HiveMQPlatform, name=test-hivemq-platform, uid=33e14395-fe9e-43e8-8ae3-b851f71e7c74, additionalProperties={})], resourceVersion=null, selfLink=null, uid=null, additionalProperties={}), rules=[PolicyRule(apiGroups=[], nonResourceURLs=[], resourceNames=[], resources=[pods], verbs=[get, patch, update], additionalProperties={})], additionalProperties={})
2025-01-30 18:30:14,102 INFO c.h.h.t.HelmChartContainer - [hivemq-test-hivemq-platform] [hivemq-platform-operator] [2ac26a34] 18:30:14.100 [pool-6-thread-7] DEBUG c.h.p.o.d.PodServiceAccountResource - [helmmqtt] Desired PodServiceAccountResource (serviceAccountName: hivemq-platform-pod-test-hivemq-platform)
2025-01-30 18:30:14,103 INFO c.h.h.t.HelmChartContainer - [hivemq-test-hivemq-platform] [hivemq-platform-operator] [2ac26a34] 18:30:14.101 [pool-6-thread-7] DEBUG c.h.p.o.d.PodServiceAccountResource - [helmmqtt] Create ServiceAccount 'hivemq-platform-pod-test-hivemq-platform'
2025-01-30 18:30:14,204 INFO c.h.h.t.HelmChartContainer - [hivemq-test-hivemq-platform] [hivemq-platform-operator] [2ac26a34] 18:30:14.202 [pool-6-thread-9] DEBUG c.h.p.o.d.PodRoleBindingResource - [helmmqtt] Create RoleBinding: RoleBinding(apiVersion=rbac.authorization.k8s.io/v1, kind=RoleBinding, metadata=ObjectMeta(annotations={meta.helm.sh/release-name=test-hivemq-platform, meta.helm.sh/release-namespace=helmmqttit}, creationTimestamp=null, deletionGracePeriodSeconds=null, deletionTimestamp=null, finalizers=[], generateName=null, generation=null, labels={helm.sh/chart=hivemq-platform-0.2.32, app.kubernetes.io/managed-by=Helm, app.kubernetes.io/name=hivemq-platform, hivemq-platform=test-hivemq-platform, app.kubernetes.io/instance=test-hivemq-platform, app.kubernetes.io/version=4.36.0}, managedFields=[], name=hivemq-platform-role-binding-test-hivemq-platform, namespace=helmmqttit, ownerReferences=[OwnerReference(apiVersion=hivemq.com/v1, blockOwnerDeletion=null, controller=null, kind=HiveMQPlatform, name=test-hivemq-platform, uid=33e14395-fe9e-43e8-8ae3-b851f71e7c74, additionalProperties={})], resourceVersion=null, selfLink=null, uid=null, additionalProperties={}), roleRef=RoleRef(apiGroup=rbac.authorization.k8s.io, kind=Role, name=hivemq-platform-role-test-hivemq-platform, additionalProperties={}), subjects=[Subject(apiGroup=null, kind=ServiceAccount, name=hivemq-platform-pod-test-hivemq-platform, namespace=helmmqttit, additionalProperties={})], additionalProperties={})
2025-01-30 18:30:14,293 INFO c.h.h.t.HelmChartContainer - [hivemq-test-hivemq-platform] [hivemq-platform-operator] [2ac26a34] 18:30:14.292 [ReconcilerExecutor-hivemq-controller-54] INFO  c.h.p.o.HiveMQPlatformReconciler - [helmmqtt] Reconciling HiveMQ Platform 'test-hivemq-platform' in namespace 'helmmqttit'
2025-01-30 18:30:14,294 INFO c.h.h.t.HelmChartContainer - [hivemq-test-hivemq-platform] [hivemq-platform-operator] [2ac26a34] 18:30:14.293 [ReconcilerExecutor-hivemq-controller-54] DEBUG c.h.p.o.HiveMQPlatformReconciler - [helmmqtt] Custom Resource Status CREATED - HiveMQ Platform was created (READY)
2025-01-30 18:30:14,294 INFO c.h.h.t.HelmChartContainer - [hivemq-test-hivemq-platform] [hivemq-platform-operator] [2ac26a34] 18:30:14.293 [ReconcilerExecutor-hivemq-controller-54] DEBUG c.h.p.o.HiveMQPlatformReconciler - [helmmqtt] Custom Resource Spec (replicas: 1) (extensions: 1)
2025-01-30 18:30:14,298 INFO c.h.h.t.HelmChartContainer - [hivemq-test-hivemq-platform] [hivemq-platform-operator] [2ac26a34] 18:30:14.297 [ReconcilerExecutor-hivemq-controller-54] INFO  c.h.p.o.h.HiveMQPlatformReconcilerBaseHandler - [helmmqtt] HiveMQ Platform is starting
2025-01-30 18:30:14,404 INFO c.h.h.t.HelmChartContainer - [hivemq-test-hivemq-platform] [hivemq-platform-operator] [2ac26a34] 18:30:14.403 [ReconcilerExecutor-hivemq-controller-54] DEBUG c.h.p.operator.event.EventSender - [helmmqtt] Creating K8s event hivemq-platform-starting: [Start] HiveMQ Platform is starting
2025-01-30 18:30:14,495 INFO c.h.h.t.HelmChartContainer - [EVENT] Normal [Start] HiveMQ Platform is starting [helmmqttit:test-hivemq-platform]
2025-01-30 18:30:14,500 INFO c.h.h.t.HelmChartContainer - [hivemq-test-hivemq-platform] [hivemq-platform-operator] [2ac26a34] 18:30:14.498 [ReconcilerExecutor-hivemq-controller-54] INFO  c.h.p.o.h.AbstractHiveMQReconcilerStateHandler - [helmmqtt] Update HiveMQ Platform Status (CREATED [READY] -> STARTING [READY]): HiveMQ Platform is starting
2025-01-30 18:30:14,512 DEBUG com.hivemq.helmcharts.util.K8sUtil - Comparing actual state 'STARTING' and waiting for 'RUNNING'
2025-01-30 18:30:24,603 INFO c.h.h.t.HelmChartContainer - [hivemq-test-hivemq-platform] [hivemq-platform-operator] [2ac26a34] 18:30:24.599 [pool-6-thread-12] DEBUG c.h.p.o.d.PlatformServiceResource - [helmmqtt] Desired Platform services (2 services)
2025-01-30 18:30:24,605 INFO c.h.h.t.HelmChartContainer - [hivemq-test-hivemq-platform] [hivemq-platform-operator] [2ac26a34] 18:30:24.601 [pool-6-thread-13] DEBUG c.h.p.o.dependants.PodInfoConfigMap - [helmmqtt] Desired PodInfo ConfigMap (1 extensions) (1 enabled)
2025-01-30 18:30:24,605 INFO c.h.h.t.HelmChartContainer - [hivemq-test-hivemq-platform] [hivemq-platform-operator] [2ac26a34] 18:30:24.602 [pool-6-thread-13] DEBUG c.h.p.o.dependants.PodInfoConfigMap - [helmmqtt] Desired PodInfo ConfigMap (metrics port: 9399) (metrics path: /)
2025-01-30 18:30:24,605 INFO c.h.h.t.HelmChartContainer - [hivemq-test-hivemq-platform] [hivemq-platform-operator] [2ac26a34] 18:30:24.602 [pool-6-thread-13] DEBUG c.h.p.o.dependants.PodInfoConfigMap - [helmmqtt] Desired PodInfo ConfigMap (extension state hash: -1817474005)
2025-01-30 18:30:24,608 INFO c.h.h.t.HelmChartContainer - [hivemq-test-hivemq-platform] [hivemq-platform-operator] [2ac26a34] 18:30:24.607 [pool-6-thread-17] DEBUG c.h.p.o.d.PodServiceAccountResource - [helmmqtt] Desired PodServiceAccountResource (serviceAccountName: hivemq-platform-pod-test-hivemq-platform)
2025-01-30 18:30:24,608 INFO c.h.h.t.HelmChartContainer - [hivemq-test-hivemq-platform] [hivemq-platform-operator] [2ac26a34] 18:30:24.608 [pool-6-thread-13] DEBUG c.h.p.o.dependants.PodInfoConfigMap - [helmmqtt] Update PodInfo ConfigMap
2025-01-30 18:30:24,701 INFO c.h.h.t.HelmChartContainer - [K3S] [alloc.go:330] "allocated clusterIPs" service="helmmqttit/hivemq-test-hivemq-platform-metrics-9399" clusterIPs={"IPv4":"10.43.10.180"}
2025-01-30 18:30:24,720 INFO c.h.h.t.HelmChartContainer - [K3S] [alloc.go:330] "allocated clusterIPs" service="helmmqttit/hivemq-test-hivemq-platform-mqtt-1884" clusterIPs={"IPv4":"10.43.212.55"}
2025-01-30 18:30:24,794 INFO c.h.h.t.HelmChartContainer - [hivemq-test-hivemq-platform] [hivemq-platform-operator] [2ac26a34] 18:30:24.793 [pool-6-thread-20] DEBUG c.h.p.o.d.StatefulSetResource - [helmmqtt] Desired StatefulSet (1 replicas) for status STARTING (READY)
2025-01-30 18:30:24,806 INFO c.h.h.t.HelmChartContainer - [hivemq-test-hivemq-platform] [hivemq-platform-operator] [2ac26a34] 18:30:24.805 [pool-6-thread-20] DEBUG c.h.p.o.d.StatefulSetResource - [helmmqtt] Create StatefulSet
2025-01-30 18:30:24,905 INFO c.h.h.t.HelmChartContainer - [hivemq-test-hivemq-platform] [hivemq-platform-operator] [2ac26a34] 18:30:24.901 [ReconcilerExecutor-hivemq-controller-65] INFO  c.h.p.o.HiveMQPlatformReconciler - [helmmqtt] Reconciling HiveMQ Platform 'test-hivemq-platform' in namespace 'helmmqttit'
2025-01-30 18:30:24,905 INFO c.h.h.t.HelmChartContainer - [hivemq-test-hivemq-platform] [hivemq-platform-operator] [2ac26a34] 18:30:24.901 [ReconcilerExecutor-hivemq-controller-65] DEBUG c.h.p.o.HiveMQPlatformReconciler - [helmmqtt] Custom Resource Status STARTING - HiveMQ Platform is starting (READY)
2025-01-30 18:30:24,905 INFO c.h.h.t.HelmChartContainer - [hivemq-test-hivemq-platform] [hivemq-platform-operator] [2ac26a34] 18:30:24.901 [ReconcilerExecutor-hivemq-controller-65] DEBUG c.h.p.o.HiveMQPlatformReconciler - [helmmqtt] Custom Resource Spec (replicas: 1) (extensions: 1)
2025-01-30 18:30:24,909 INFO c.h.h.t.HelmChartContainer - [hivemq-test-hivemq-platform] [hivemq-platform-operator] [2ac26a34] 18:30:24.909 [ReconcilerExecutor-hivemq-controller-65] DEBUG c.h.p.o.HiveMQPlatformReconciler - [helmmqtt] StatefulSet Status (revision: null, replicas: 0, available: 0, ready: 0, current: 0, updated: 0)
2025-01-30 18:30:24,909 INFO c.h.h.t.HelmChartContainer - [hivemq-test-hivemq-platform] [hivemq-platform-operator] [2ac26a34] 18:30:24.909 [ReconcilerExecutor-hivemq-controller-65] DEBUG c.h.p.o.HiveMQPlatformReconciler - [helmmqtt] StatefulSet Spec (replicas: 1, init containers: 1, containers: 1, volumes: 3)
2025-01-30 18:30:24,915 INFO c.h.h.t.HelmChartContainer - [POD] test-hivemq-platform-0 [350a06c8-59b4-4a54-9785-29895187a557] in helmmqttit was ADDED
2025-01-30 18:30:24,916 INFO c.h.h.t.HelmChartContainer - [EVENT] Normal [SuccessfulCreate] create Pod test-hivemq-platform-0 in StatefulSet test-hivemq-platform successful [helmmqttit:test-hivemq-platform]
2025-01-30 18:30:24,919 INFO c.h.h.t.HelmChartContainer - [POD] test-hivemq-platform-0 [350a06c8-59b4-4a54-9785-29895187a557] in helmmqttit was MODIFIED
2025-01-30 18:30:24,920 INFO c.h.h.t.HelmChartContainer - [EVENT] Normal [Scheduled] Successfully assigned helmmqttit/test-hivemq-platform-0 to bad0b85700c6 [helmmqttit:test-hivemq-platform-0]
2025-01-30 18:30:24,930 INFO c.h.h.t.HelmChartContainer - [POD] test-hivemq-platform-0 [350a06c8-59b4-4a54-9785-29895187a557] in helmmqttit was MODIFIED
2025-01-30 18:30:24,993 INFO c.h.h.t.HelmChartContainer - [hivemq-test-hivemq-platform] [hivemq-platform-operator] [2ac26a34] 18:30:24.991 [ReconcilerExecutor-hivemq-controller-65] INFO  c.h.p.o.h.HiveMQPlatformReconcilerBaseHandler - [helmmqtt] HiveMQ Platform is starting, 0 of 1 replicas are ready
2025-01-30 18:30:25,002 INFO c.h.h.t.HelmChartContainer - [hivemq-test-hivemq-platform] [hivemq-platform-operator] [2ac26a34] 18:30:25.001 [pool-6-thread-22] DEBUG c.h.p.o.d.PlatformServiceResource - [helmmqtt] Desired Platform services (2 services)
2025-01-30 18:30:25,020 INFO c.h.h.t.HelmChartContainer - [K3S] [reconciler_common.go:251] "operationExecutor.VerifyControllerAttachedVolume started for volume \"kube-api-access-55lpt\" (UniqueName: \"kubernetes.io/projected/350a06c8-59b4-4a54-9785-29895187a557-kube-api-access-55lpt\") pod \"test-hivemq-platform-0\" (UID: \"350a06c8-59b4-4a54-9785-29895187a557\") " pod="helmmqttit/test-hivemq-platform-0"
2025-01-30 18:30:25,020 INFO c.h.h.t.HelmChartContainer - [K3S] [reconciler_common.go:251] "operationExecutor.VerifyControllerAttachedVolume started for volume \"pod-info\" (UniqueName: \"kubernetes.io/configmap/350a06c8-59b4-4a54-9785-29895187a557-pod-info\") pod \"test-hivemq-platform-0\" (UID: \"350a06c8-59b4-4a54-9785-29895187a557\") " pod="helmmqttit/test-hivemq-platform-0"
2025-01-30 18:30:25,020 INFO c.h.h.t.HelmChartContainer - [K3S] [reconciler_common.go:251] "operationExecutor.VerifyControllerAttachedVolume started for volume \"broker-configuration\" (UniqueName: \"kubernetes.io/configmap/350a06c8-59b4-4a54-9785-29895187a557-broker-configuration\") pod \"test-hivemq-platform-0\" (UID: \"350a06c8-59b4-4a54-9785-29895187a557\") " pod="helmmqttit/test-hivemq-platform-0"
2025-01-30 18:30:25,020 INFO c.h.h.t.HelmChartContainer - [K3S] [reconciler_common.go:251] "operationExecutor.VerifyControllerAttachedVolume started for volume \"operator-init\" (UniqueName: \"kubernetes.io/empty-dir/350a06c8-59b4-4a54-9785-29895187a557-operator-init\") pod \"test-hivemq-platform-0\" (UID: \"350a06c8-59b4-4a54-9785-29895187a557\") " pod="helmmqttit/test-hivemq-platform-0"
2025-01-30 18:30:25,092 INFO c.h.h.t.HelmChartContainer - [hivemq-test-hivemq-platform] [hivemq-platform-operator] [2ac26a34] 18:30:25.089 [pool-6-thread-23] DEBUG c.h.p.o.dependants.PodInfoConfigMap - [helmmqtt] Desired PodInfo ConfigMap (1 extensions) (1 enabled)
2025-01-30 18:30:25,094 INFO c.h.h.t.HelmChartContainer - [hivemq-test-hivemq-platform] [hivemq-platform-operator] [2ac26a34] 18:30:25.089 [pool-6-thread-23] DEBUG c.h.p.o.dependants.PodInfoConfigMap - [helmmqtt] Desired PodInfo ConfigMap (metrics port: 9399) (metrics path: /)
2025-01-30 18:30:25,094 INFO c.h.h.t.HelmChartContainer - [hivemq-test-hivemq-platform] [hivemq-platform-operator] [2ac26a34] 18:30:25.089 [pool-6-thread-23] DEBUG c.h.p.o.dependants.PodInfoConfigMap - [helmmqtt] Desired PodInfo ConfigMap (extension state hash: -1817474005)
2025-01-30 18:30:25,094 INFO c.h.h.t.HelmChartContainer - [hivemq-test-hivemq-platform] [hivemq-platform-operator] [2ac26a34] 18:30:25.091 [pool-6-thread-27] DEBUG c.h.p.o.d.PodServiceAccountResource - [helmmqtt] Desired PodServiceAccountResource (serviceAccountName: hivemq-platform-pod-test-hivemq-platform)
2025-01-30 18:30:25,100 INFO c.h.h.t.HelmChartContainer - [hivemq-test-hivemq-platform] [hivemq-platform-operator] [2ac26a34] 18:30:25.099 [pool-6-thread-30] DEBUG c.h.p.o.d.StatefulSetResource - [helmmqtt] Desired StatefulSet (1 replicas) for status STARTING (READY)
2025-01-30 18:30:25,106 INFO c.h.h.t.HelmChartContainer - [hivemq-test-hivemq-platform] [hivemq-platform-operator] [2ac26a34] 18:30:25.105 [ReconcilerExecutor-hivemq-controller-76] INFO  c.h.p.o.HiveMQPlatformReconciler - [helmmqtt] Reconciling HiveMQ Platform 'test-hivemq-platform' in namespace 'helmmqttit'
2025-01-30 18:30:25,106 INFO c.h.h.t.HelmChartContainer - [hivemq-test-hivemq-platform] [hivemq-platform-operator] [2ac26a34] 18:30:25.105 [ReconcilerExecutor-hivemq-controller-76] DEBUG c.h.p.o.HiveMQPlatformReconciler - [helmmqtt] Custom Resource Status STARTING - HiveMQ Platform is starting (READY)
2025-01-30 18:30:25,106 INFO c.h.h.t.HelmChartContainer - [hivemq-test-hivemq-platform] [hivemq-platform-operator] [2ac26a34] 18:30:25.105 [ReconcilerExecutor-hivemq-controller-76] DEBUG c.h.p.o.HiveMQPlatformReconciler - [helmmqtt] Custom Resource Spec (replicas: 1) (extensions: 1)
2025-01-30 18:30:25,108 INFO c.h.h.t.HelmChartContainer - [hivemq-test-hivemq-platform] [hivemq-platform-operator] [2ac26a34] 18:30:25.107 [ReconcilerExecutor-hivemq-controller-76] DEBUG c.h.p.o.HiveMQPlatformReconciler - [helmmqtt] StatefulSet Status (revision: test-hivemq-platform-7bbc5894fb, replicas: 1, available: 0, ready: 0, current: 1, updated: 1)
2025-01-30 18:30:25,108 INFO c.h.h.t.HelmChartContainer - [hivemq-test-hivemq-platform] [hivemq-platform-operator] [2ac26a34] 18:30:25.107 [ReconcilerExecutor-hivemq-controller-76] DEBUG c.h.p.o.HiveMQPlatformReconciler - [helmmqtt] StatefulSet Spec (replicas: 1, init containers: 1, containers: 1, volumes: 3)
2025-01-30 18:30:25,198 INFO c.h.h.t.HelmChartContainer - [hivemq-test-hivemq-platform] [hivemq-platform-operator] [2ac26a34] 18:30:25.196 [ReconcilerExecutor-hivemq-controller-76] DEBUG c.h.p.o.h.HiveMQPlatformReconcilerErrorHandler - [helmmqtt] Pod 'test-hivemq-platform-0' phase Pending
2025-01-30 18:30:25,199 INFO c.h.h.t.HelmChartContainer - [hivemq-test-hivemq-platform] [hivemq-platform-operator] [2ac26a34] 18:30:25.197 [ReconcilerExecutor-hivemq-controller-76] DEBUG c.h.p.o.h.HiveMQPlatformReconcilerErrorHandler - [helmmqtt] Pod 'test-hivemq-platform-0' condition 'PodReadyToStartContainers': False
2025-01-30 18:30:25,199 INFO c.h.h.t.HelmChartContainer - [hivemq-test-hivemq-platform] [hivemq-platform-operator] [2ac26a34] 18:30:25.197 [ReconcilerExecutor-hivemq-controller-76] DEBUG c.h.p.o.h.HiveMQPlatformReconcilerErrorHandler - [helmmqtt] Pod 'test-hivemq-platform-0' condition 'Initialized': False
2025-01-30 18:30:25,199 INFO c.h.h.t.HelmChartContainer - [hivemq-test-hivemq-platform] [hivemq-platform-operator] [2ac26a34] 18:30:25.197 [ReconcilerExecutor-hivemq-controller-76] DEBUG c.h.p.o.h.HiveMQPlatformReconcilerErrorHandler - [helmmqtt] Pod 'test-hivemq-platform-0' condition 'Ready': False
2025-01-30 18:30:25,199 INFO c.h.h.t.HelmChartContainer - [hivemq-test-hivemq-platform] [hivemq-platform-operator] [2ac26a34] 18:30:25.197 [ReconcilerExecutor-hivemq-controller-76] DEBUG c.h.p.o.h.HiveMQPlatformReconcilerErrorHandler - [helmmqtt] Pod 'test-hivemq-platform-0' condition 'ContainersReady': False
2025-01-30 18:30:25,199 INFO c.h.h.t.HelmChartContainer - [hivemq-test-hivemq-platform] [hivemq-platform-operator] [2ac26a34] 18:30:25.197 [ReconcilerExecutor-hivemq-controller-76] DEBUG c.h.p.o.h.HiveMQPlatformReconcilerErrorHandler - [helmmqtt] Pod 'test-hivemq-platform-0' condition 'PodScheduled': True
2025-01-30 18:30:25,199 INFO c.h.h.t.HelmChartContainer - [hivemq-test-hivemq-platform] [hivemq-platform-operator] [2ac26a34] 18:30:25.198 [ReconcilerExecutor-hivemq-controller-76] DEBUG c.h.p.o.h.HiveMQPlatformReconcilerErrorHandler - [helmmqtt] Pod 'test-hivemq-platform-0' containerStatus 'hivemq' (started: false) (ready: false) (waiting: [PodInitializing] null)
2025-01-30 18:30:25,201 INFO c.h.h.t.HelmChartContainer - [hivemq-test-hivemq-platform] [hivemq-platform-operator] [2ac26a34] 18:30:25.199 [ReconcilerExecutor-hivemq-controller-76] INFO  c.h.p.o.h.HiveMQPlatformReconcilerBaseHandler - [helmmqtt] HiveMQ Platform is starting, 0 of 1 replicas are ready
2025-01-30 18:30:25,206 INFO c.h.h.t.HelmChartContainer - [hivemq-test-hivemq-platform] [hivemq-platform-operator] [2ac26a34] 18:30:25.205 [pool-6-thread-32] DEBUG c.h.p.o.d.PlatformServiceResource - [helmmqtt] Desired Platform services (2 services)
2025-01-30 18:30:25,294 INFO c.h.h.t.HelmChartContainer - [hivemq-test-hivemq-platform] [hivemq-platform-operator] [2ac26a34] 18:30:25.292 [pool-6-thread-37] DEBUG c.h.p.o.d.PodServiceAccountResource - [helmmqtt] Desired PodServiceAccountResource (serviceAccountName: hivemq-platform-pod-test-hivemq-platform)
2025-01-30 18:30:25,298 INFO c.h.h.t.HelmChartContainer - [hivemq-test-hivemq-platform] [hivemq-platform-operator] [2ac26a34] 18:30:25.206 [pool-6-thread-33] DEBUG c.h.p.o.dependants.PodInfoConfigMap - [helmmqtt] Desired PodInfo ConfigMap (1 extensions) (1 enabled)
2025-01-30 18:30:25,299 INFO c.h.h.t.HelmChartContainer - [hivemq-test-hivemq-platform] [hivemq-platform-operator] [2ac26a34] 18:30:25.297 [pool-6-thread-33] DEBUG c.h.p.o.dependants.PodInfoConfigMap - [helmmqtt] Desired PodInfo ConfigMap (metrics port: 9399) (metrics path: /)
2025-01-30 18:30:25,300 INFO c.h.h.t.HelmChartContainer - [hivemq-test-hivemq-platform] [hivemq-platform-operator] [2ac26a34] 18:30:25.297 [pool-6-thread-33] DEBUG c.h.p.o.dependants.PodInfoConfigMap - [helmmqtt] Desired PodInfo ConfigMap (extension state hash: -1817474005)
2025-01-30 18:30:25,308 INFO c.h.h.t.HelmChartContainer - [hivemq-test-hivemq-platform] [hivemq-platform-operator] [2ac26a34] 18:30:25.307 [pool-6-thread-40] DEBUG c.h.p.o.d.StatefulSetResource - [helmmqtt] Desired StatefulSet (1 replicas) for status STARTING (READY)
2025-01-30 18:30:25,313 INFO c.h.h.t.HelmChartContainer - [hivemq-test-hivemq-platform] [hivemq-platform-operator] [2ac26a34] 18:30:25.312 [ReconcilerExecutor-hivemq-controller-87] INFO  c.h.p.o.HiveMQPlatformReconciler - [helmmqtt] Reconciling HiveMQ Platform 'test-hivemq-platform' in namespace 'helmmqttit'
2025-01-30 18:30:25,317 INFO c.h.h.t.HelmChartContainer - [hivemq-test-hivemq-platform] [hivemq-platform-operator] [2ac26a34] 18:30:25.313 [ReconcilerExecutor-hivemq-controller-87] DEBUG c.h.p.o.HiveMQPlatformReconciler - [helmmqtt] Custom Resource Status STARTING - HiveMQ Platform is starting (READY)
2025-01-30 18:30:25,317 INFO c.h.h.t.HelmChartContainer - [hivemq-test-hivemq-platform] [hivemq-platform-operator] [2ac26a34] 18:30:25.313 [ReconcilerExecutor-hivemq-controller-87] DEBUG c.h.p.o.HiveMQPlatformReconciler - [helmmqtt] Custom Resource Spec (replicas: 1) (extensions: 1)
2025-01-30 18:30:25,320 INFO c.h.h.t.HelmChartContainer - [hivemq-test-hivemq-platform] [hivemq-platform-operator] [2ac26a34] 18:30:25.318 [ReconcilerExecutor-hivemq-controller-87] DEBUG c.h.p.o.HiveMQPlatformReconciler - [helmmqtt] StatefulSet Status (revision: test-hivemq-platform-7bbc5894fb, replicas: 1, available: 0, ready: 0, current: 1, updated: 1)
2025-01-30 18:30:25,320 INFO c.h.h.t.HelmChartContainer - [hivemq-test-hivemq-platform] [hivemq-platform-operator] [2ac26a34] 18:30:25.318 [ReconcilerExecutor-hivemq-controller-87] DEBUG c.h.p.o.HiveMQPlatformReconciler - [helmmqtt] StatefulSet Spec (replicas: 1, init containers: 1, containers: 1, volumes: 3)
2025-01-30 18:30:25,336 INFO c.h.h.t.HelmChartContainer - [EVENT] Normal [Pulled] Container image "docker.io/hivemq/hivemq-platform-operator-init-test:snapshot" already present on machine [helmmqttit:test-hivemq-platform-0]
2025-01-30 18:30:25,393 INFO c.h.h.t.HelmChartContainer - [hivemq-test-hivemq-platform] [hivemq-platform-operator] [2ac26a34] 18:30:25.390 [ReconcilerExecutor-hivemq-controller-87] DEBUG c.h.p.o.h.HiveMQPlatformReconcilerErrorHandler - [helmmqtt] Pod 'test-hivemq-platform-0' phase Pending
2025-01-30 18:30:25,393 INFO c.h.h.t.HelmChartContainer - [hivemq-test-hivemq-platform] [hivemq-platform-operator] [2ac26a34] 18:30:25.390 [ReconcilerExecutor-hivemq-controller-87] DEBUG c.h.p.o.h.HiveMQPlatformReconcilerErrorHandler - [helmmqtt] Pod 'test-hivemq-platform-0' condition 'PodReadyToStartContainers': False
2025-01-30 18:30:25,393 INFO c.h.h.t.HelmChartContainer - [hivemq-test-hivemq-platform] [hivemq-platform-operator] [2ac26a34] 18:30:25.390 [ReconcilerExecutor-hivemq-controller-87] DEBUG c.h.p.o.h.HiveMQPlatformReconcilerErrorHandler - [helmmqtt] Pod 'test-hivemq-platform-0' condition 'Initialized': False
2025-01-30 18:30:25,393 INFO c.h.h.t.HelmChartContainer - [hivemq-test-hivemq-platform] [hivemq-platform-operator] [2ac26a34] 18:30:25.390 [ReconcilerExecutor-hivemq-controller-87] DEBUG c.h.p.o.h.HiveMQPlatformReconcilerErrorHandler - [helmmqtt] Pod 'test-hivemq-platform-0' condition 'Ready': False
2025-01-30 18:30:25,393 INFO c.h.h.t.HelmChartContainer - [hivemq-test-hivemq-platform] [hivemq-platform-operator] [2ac26a34] 18:30:25.390 [ReconcilerExecutor-hivemq-controller-87] DEBUG c.h.p.o.h.HiveMQPlatformReconcilerErrorHandler - [helmmqtt] Pod 'test-hivemq-platform-0' condition 'ContainersReady': False
2025-01-30 18:30:25,393 INFO c.h.h.t.HelmChartContainer - [hivemq-test-hivemq-platform] [hivemq-platform-operator] [2ac26a34] 18:30:25.390 [ReconcilerExecutor-hivemq-controller-87] DEBUG c.h.p.o.h.HiveMQPlatformReconcilerErrorHandler - [helmmqtt] Pod 'test-hivemq-platform-0' condition 'PodScheduled': True
2025-01-30 18:30:25,394 INFO c.h.h.t.HelmChartContainer - [hivemq-test-hivemq-platform] [hivemq-platform-operator] [2ac26a34] 18:30:25.390 [ReconcilerExecutor-hivemq-controller-87] DEBUG c.h.p.o.h.HiveMQPlatformReconcilerErrorHandler - [helmmqtt] Pod 'test-hivemq-platform-0' containerStatus 'hivemq' (started: false) (ready: false) (waiting: [PodInitializing] null)
2025-01-30 18:30:25,394 INFO c.h.h.t.HelmChartContainer - [hivemq-test-hivemq-platform] [hivemq-platform-operator] [2ac26a34] 18:30:25.391 [ReconcilerExecutor-hivemq-controller-87] INFO  c.h.p.o.h.HiveMQPlatformReconcilerBaseHandler - [helmmqtt] HiveMQ Platform is starting, 0 of 1 replicas are ready
2025-01-30 18:30:25,478 INFO c.h.h.t.HelmChartContainer - [EVENT] Normal [Created] Created container: hivemq-platform-operator-init [helmmqttit:test-hivemq-platform-0]
2025-01-30 18:30:25,523 INFO c.h.h.t.HelmChartContainer - [EVENT] Normal [Started] Started container hivemq-platform-operator-init [helmmqttit:test-hivemq-platform-0]
2025-01-30 18:30:26,381 INFO c.h.h.t.HelmChartContainer - [EVENT] Normal [Pulled] Container image "docker.io/hivemq/hivemq4:4.36.0" already present on machine [helmmqttit:test-hivemq-platform-0]
2025-01-30 18:30:26,381 INFO c.h.h.t.HelmChartContainer - Received Pulled event for container hivemq in pod test-hivemq-platform-0 [350a06c8-59b4-4a54-9785-29895187a557]
2025-01-30 18:30:26,391 INFO c.h.h.t.HelmChartContainer - [POD] test-hivemq-platform-0 [350a06c8-59b4-4a54-9785-29895187a557] in helmmqttit was MODIFIED
2025-01-30 18:30:26,414 INFO c.h.h.t.HelmChartContainer - [hivemq-test-hivemq-platform] [hivemq-platform-operator] [2ac26a34] 18:30:26.408 [pool-6-thread-42] DEBUG c.h.p.o.d.PlatformServiceResource - [helmmqtt] Desired Platform services (2 services)
2025-01-30 18:30:26,414 INFO c.h.h.t.HelmChartContainer - [hivemq-test-hivemq-platform] [hivemq-platform-operator] [2ac26a34] 18:30:26.412 [pool-6-thread-43] DEBUG c.h.p.o.dependants.PodInfoConfigMap - [helmmqtt] Desired PodInfo ConfigMap (1 extensions) (1 enabled)
2025-01-30 18:30:26,414 INFO c.h.h.t.HelmChartContainer - [hivemq-test-hivemq-platform] [hivemq-platform-operator] [2ac26a34] 18:30:26.412 [pool-6-thread-43] DEBUG c.h.p.o.dependants.PodInfoConfigMap - [helmmqtt] Desired PodInfo ConfigMap (metrics port: 9399) (metrics path: /)
2025-01-30 18:30:26,414 INFO c.h.h.t.HelmChartContainer - [hivemq-test-hivemq-platform] [hivemq-platform-operator] [2ac26a34] 18:30:26.413 [pool-6-thread-43] DEBUG c.h.p.o.dependants.PodInfoConfigMap - [helmmqtt] Desired PodInfo ConfigMap (extension state hash: -1817474005)
2025-01-30 18:30:26,416 INFO c.h.h.t.HelmChartContainer - [hivemq-test-hivemq-platform] [hivemq-platform-operator] [2ac26a34] 18:30:26.414 [pool-6-thread-47] DEBUG c.h.p.o.d.PodServiceAccountResource - [helmmqtt] Desired PodServiceAccountResource (serviceAccountName: hivemq-platform-pod-test-hivemq-platform)
2025-01-30 18:30:26,494 INFO c.h.h.t.HelmChartContainer - [hivemq-test-hivemq-platform] [hivemq-platform-operator] [2ac26a34] 18:30:26.491 [pool-6-thread-49] DEBUG c.h.p.o.d.StatefulSetResource - [helmmqtt] Desired StatefulSet (1 replicas) for status STARTING (READY)
2025-01-30 18:30:26,497 INFO c.h.h.t.HelmChartContainer - [hivemq-test-hivemq-platform] [hivemq-platform-operator] [2ac26a34] 18:30:26.496 [ReconcilerExecutor-hivemq-controller-98] INFO  c.h.p.o.HiveMQPlatformReconciler - [helmmqtt] Reconciling HiveMQ Platform 'test-hivemq-platform' in namespace 'helmmqttit'
2025-01-30 18:30:26,498 INFO c.h.h.t.HelmChartContainer - [hivemq-test-hivemq-platform] [hivemq-platform-operator] [2ac26a34] 18:30:26.496 [ReconcilerExecutor-hivemq-controller-98] DEBUG c.h.p.o.HiveMQPlatformReconciler - [helmmqtt] Custom Resource Status STARTING - HiveMQ Platform is starting (READY)
2025-01-30 18:30:26,498 INFO c.h.h.t.HelmChartContainer - [hivemq-test-hivemq-platform] [hivemq-platform-operator] [2ac26a34] 18:30:26.497 [ReconcilerExecutor-hivemq-controller-98] DEBUG c.h.p.o.HiveMQPlatformReconciler - [helmmqtt] Custom Resource Spec (replicas: 1) (extensions: 1)
2025-01-30 18:30:26,500 INFO c.h.h.t.HelmChartContainer - [hivemq-test-hivemq-platform] [hivemq-platform-operator] [2ac26a34] 18:30:26.499 [ReconcilerExecutor-hivemq-controller-98] DEBUG c.h.p.o.HiveMQPlatformReconciler - [helmmqtt] StatefulSet Status (revision: test-hivemq-platform-7bbc5894fb, replicas: 1, available: 0, ready: 0, current: 1, updated: 1)
2025-01-30 18:30:26,500 INFO c.h.h.t.HelmChartContainer - [hivemq-test-hivemq-platform] [hivemq-platform-operator] [2ac26a34] 18:30:26.499 [ReconcilerExecutor-hivemq-controller-98] DEBUG c.h.p.o.HiveMQPlatformReconciler - [helmmqtt] StatefulSet Spec (replicas: 1, init containers: 1, containers: 1, volumes: 3)
2025-01-30 18:30:26,503 INFO c.h.h.t.HelmChartContainer - [hivemq-test-hivemq-platform] [hivemq-platform-operator] [2ac26a34] 18:30:26.503 [ReconcilerExecutor-hivemq-controller-98] DEBUG c.h.p.o.h.HiveMQPlatformReconcilerErrorHandler - [helmmqtt] Pod 'test-hivemq-platform-0' phase Pending
2025-01-30 18:30:26,505 INFO c.h.h.t.HelmChartContainer - [hivemq-test-hivemq-platform] [hivemq-platform-operator] [2ac26a34] 18:30:26.503 [ReconcilerExecutor-hivemq-controller-98] DEBUG c.h.p.o.h.HiveMQPlatformReconcilerErrorHandler - [helmmqtt] Pod 'test-hivemq-platform-0' condition 'PodReadyToStartContainers': True
2025-01-30 18:30:26,505 INFO c.h.h.t.HelmChartContainer - [hivemq-test-hivemq-platform] [hivemq-platform-operator] [2ac26a34] 18:30:26.503 [ReconcilerExecutor-hivemq-controller-98] DEBUG c.h.p.o.h.HiveMQPlatformReconcilerErrorHandler - [helmmqtt] Pod 'test-hivemq-platform-0' condition 'Initialized': True
2025-01-30 18:30:26,505 INFO c.h.h.t.HelmChartContainer - [hivemq-test-hivemq-platform] [hivemq-platform-operator] [2ac26a34] 18:30:26.503 [ReconcilerExecutor-hivemq-controller-98] DEBUG c.h.p.o.h.HiveMQPlatformReconcilerErrorHandler - [helmmqtt] Pod 'test-hivemq-platform-0' condition 'Ready': False
2025-01-30 18:30:26,505 INFO c.h.h.t.HelmChartContainer - [hivemq-test-hivemq-platform] [hivemq-platform-operator] [2ac26a34] 18:30:26.503 [ReconcilerExecutor-hivemq-controller-98] DEBUG c.h.p.o.h.HiveMQPlatformReconcilerErrorHandler - [helmmqtt] Pod 'test-hivemq-platform-0' condition 'ContainersReady': False
2025-01-30 18:30:26,505 INFO c.h.h.t.HelmChartContainer - [hivemq-test-hivemq-platform] [hivemq-platform-operator] [2ac26a34] 18:30:26.503 [ReconcilerExecutor-hivemq-controller-98] DEBUG c.h.p.o.h.HiveMQPlatformReconcilerErrorHandler - [helmmqtt] Pod 'test-hivemq-platform-0' condition 'PodScheduled': True
2025-01-30 18:30:26,505 INFO c.h.h.t.HelmChartContainer - [hivemq-test-hivemq-platform] [hivemq-platform-operator] [2ac26a34] 18:30:26.503 [ReconcilerExecutor-hivemq-controller-98] DEBUG c.h.p.o.h.HiveMQPlatformReconcilerErrorHandler - [helmmqtt] Pod 'test-hivemq-platform-0' containerStatus 'hivemq' (started: false) (ready: false) (waiting: [PodInitializing] null)
2025-01-30 18:30:26,506 INFO c.h.h.t.HelmChartContainer - [hivemq-test-hivemq-platform] [hivemq-platform-operator] [2ac26a34] 18:30:26.504 [ReconcilerExecutor-hivemq-controller-98] INFO  c.h.p.o.h.HiveMQPlatformReconcilerBaseHandler - [helmmqtt] HiveMQ Platform is starting, 0 of 1 replicas are ready
2025-01-30 18:30:27,668 INFO c.h.h.t.HelmChartContainer - [EVENT] Normal [Created] Created container: hivemq [helmmqttit:test-hivemq-platform-0]
2025-01-30 18:30:27,668 INFO c.h.h.t.HelmChartContainer - Received Created event for container hivemq in pod test-hivemq-platform-0 [350a06c8-59b4-4a54-9785-29895187a557]
2025-01-30 18:30:28,389 INFO c.h.h.t.HelmChartContainer - [POD] test-hivemq-platform-0 [350a06c8-59b4-4a54-9785-29895187a557] in helmmqttit was MODIFIED
2025-01-30 18:30:28,398 INFO c.h.h.t.HelmChartContainer - [EVENT] Normal [Started] Started container hivemq [helmmqttit:test-hivemq-platform-0]
2025-01-30 18:30:28,398 INFO c.h.h.t.HelmChartContainer - Received Started event for container hivemq in pod test-hivemq-platform-0 [350a06c8-59b4-4a54-9785-29895187a557]
2025-01-30 18:30:28,399 INFO c.h.h.t.HelmChartContainer - Started log watcher for hivemq in pod test-hivemq-platform-0 [350a06c8-59b4-4a54-9785-29895187a557]
2025-01-30 18:30:28,399 INFO c.h.h.t.HelmChartContainer - [test-hivemq-platform] [hivemq] [350a06c8] Adding pre-installed HiveMQ Platform Operator extensions
2025-01-30 18:30:28,399 INFO c.h.h.t.HelmChartContainer - [test-hivemq-platform] [hivemq] [350a06c8] Running as user 10000
2025-01-30 18:30:28,399 INFO c.h.h.t.HelmChartContainer - [test-hivemq-platform] [hivemq] [350a06c8] Starting HiveMQ Platform Operator Init
2025-01-30 18:30:28,400 INFO c.h.h.t.HelmChartContainer - [hivemq-test-hivemq-platform] [hivemq-platform-operator] [2ac26a34] 18:30:28.397 [pool-6-thread-6] DEBUG c.h.p.o.d.PlatformServiceResource - [helmmqtt] Desired Platform services (2 services)
2025-01-30 18:30:28,402 INFO c.h.h.t.HelmChartContainer - [hivemq-test-hivemq-platform] [hivemq-platform-operator] [2ac26a34] 18:30:28.401 [pool-6-thread-3] DEBUG c.h.p.o.d.PodServiceAccountResource - [helmmqtt] Desired PodServiceAccountResource (serviceAccountName: hivemq-platform-pod-test-hivemq-platform)
2025-01-30 18:30:28,403 INFO c.h.h.t.HelmChartContainer - [hivemq-test-hivemq-platform] [hivemq-platform-operator] [2ac26a34] 18:30:28.402 [pool-6-thread-5] DEBUG c.h.p.o.dependants.PodInfoConfigMap - [helmmqtt] Desired PodInfo ConfigMap (1 extensions) (1 enabled)
2025-01-30 18:30:28,403 INFO c.h.h.t.HelmChartContainer - [hivemq-test-hivemq-platform] [hivemq-platform-operator] [2ac26a34] 18:30:28.402 [pool-6-thread-5] DEBUG c.h.p.o.dependants.PodInfoConfigMap - [helmmqtt] Desired PodInfo ConfigMap (metrics port: 9399) (metrics path: /)
2025-01-30 18:30:28,405 INFO c.h.h.t.HelmChartContainer - [hivemq-test-hivemq-platform] [hivemq-platform-operator] [2ac26a34] 18:30:28.404 [pool-6-thread-5] DEBUG c.h.p.o.dependants.PodInfoConfigMap - [helmmqtt] Desired PodInfo ConfigMap (extension state hash: -1817474005)
2025-01-30 18:30:28,419 INFO c.h.h.t.HelmChartContainer - [hivemq-test-hivemq-platform] [hivemq-platform-operator] [2ac26a34] 18:30:28.418 [pool-6-thread-6] DEBUG c.h.p.o.d.StatefulSetResource - [helmmqtt] Desired StatefulSet (1 replicas) for status STARTING (READY)
2025-01-30 18:30:28,493 INFO c.h.h.t.HelmChartContainer - [hivemq-test-hivemq-platform] [hivemq-platform-operator] [2ac26a34] 18:30:28.492 [ReconcilerExecutor-hivemq-controller-109] INFO  c.h.p.o.HiveMQPlatformReconciler - [helmmqtt] Reconciling HiveMQ Platform 'test-hivemq-platform' in namespace 'helmmqttit'
2025-01-30 18:30:28,493 INFO c.h.h.t.HelmChartContainer - [hivemq-test-hivemq-platform] [hivemq-platform-operator] [2ac26a34] 18:30:28.492 [ReconcilerExecutor-hivemq-controller-109] DEBUG c.h.p.o.HiveMQPlatformReconciler - [helmmqtt] Custom Resource Status STARTING - HiveMQ Platform is starting (READY)
2025-01-30 18:30:28,493 INFO c.h.h.t.HelmChartContainer - [hivemq-test-hivemq-platform] [hivemq-platform-operator] [2ac26a34] 18:30:28.492 [ReconcilerExecutor-hivemq-controller-109] DEBUG c.h.p.o.HiveMQPlatformReconciler - [helmmqtt] Custom Resource Spec (replicas: 1) (extensions: 1)
2025-01-30 18:30:28,496 INFO c.h.h.t.HelmChartContainer - [hivemq-test-hivemq-platform] [hivemq-platform-operator] [2ac26a34] 18:30:28.494 [ReconcilerExecutor-hivemq-controller-109] DEBUG c.h.p.o.HiveMQPlatformReconciler - [helmmqtt] StatefulSet Status (revision: test-hivemq-platform-7bbc5894fb, replicas: 1, available: 0, ready: 0, current: 1, updated: 1)
2025-01-30 18:30:28,496 INFO c.h.h.t.HelmChartContainer - [hivemq-test-hivemq-platform] [hivemq-platform-operator] [2ac26a34] 18:30:28.494 [ReconcilerExecutor-hivemq-controller-109] DEBUG c.h.p.o.HiveMQPlatformReconciler - [helmmqtt] StatefulSet Spec (replicas: 1, init containers: 1, containers: 1, volumes: 3)
2025-01-30 18:30:28,498 INFO c.h.h.t.HelmChartContainer - [hivemq-test-hivemq-platform] [hivemq-platform-operator] [2ac26a34] 18:30:28.497 [ReconcilerExecutor-hivemq-controller-109] DEBUG c.h.p.o.h.HiveMQPlatformReconcilerErrorHandler - [helmmqtt] Pod 'test-hivemq-platform-0' phase Running
2025-01-30 18:30:28,499 INFO c.h.h.t.HelmChartContainer - [hivemq-test-hivemq-platform] [hivemq-platform-operator] [2ac26a34] 18:30:28.498 [ReconcilerExecutor-hivemq-controller-109] INFO  c.h.p.o.h.HiveMQPlatformReconcilerBaseHandler - [helmmqtt] HiveMQ Platform is starting, 0 of 1 replicas are ready
2025-01-30 18:30:28,876 INFO c.h.h.t.HelmChartContainer - [test-hivemq-platform] [hivemq] [350a06c8] INFO  - [HiveMQ Platform Operator Init 1.7.0-SNAPSHOT] HiveMQ Platform Operator Init 1.7.0-SNAPSHOT (commit: 47e3375 on branch: HEAD) built on Thu Jan 30 03:55:50 UTC 2025
2025-01-30 18:30:30,036 INFO c.h.h.t.HelmChartContainer - [test-hivemq-platform] [hivemq] [350a06c8] INFO  - [HiveMQ Platform Operator Init App 1.7.0-SNAPSHOT] Using bind address 10.42.0.8 from environment variable
2025-01-30 18:30:31,007 INFO c.h.h.t.HelmChartContainer - [test-hivemq-platform] [hivemq] [350a06c8] INFO  - [HiveMQ Platform Operator Init App 1.7.0-SNAPSHOT] HiveMQ Platform Operator Init App 1.7.0-SNAPSHOT (commit: 47e3375 on branch: HEAD) built on Thu Jan 30 03:55:50 UTC 2025
2025-01-30 18:30:31,007 INFO c.h.h.t.HelmChartContainer - [test-hivemq-platform] [hivemq] [350a06c8] INFO  - [HiveMQ Platform Operator Init App 1.7.0-SNAPSHOT] PodInfo ConfigMap directory: /etc/podinfo
2025-01-30 18:30:31,007 INFO c.h.h.t.HelmChartContainer - [test-hivemq-platform] [hivemq] [350a06c8] INFO  - [HiveMQ Platform Operator Init App 1.7.0-SNAPSHOT] HiveMQ home directory: /opt/hivemq
2025-01-30 18:30:31,008 INFO c.h.h.t.HelmChartContainer - [test-hivemq-platform] [hivemq] [350a06c8] INFO  - [HiveMQ Platform Operator Init App 1.7.0-SNAPSHOT] HiveMQ Logback folder: /opt/hivemq/conf
2025-01-30 18:30:31,008 INFO c.h.h.t.HelmChartContainer - [test-hivemq-platform] [hivemq] [350a06c8] INFO  - [HiveMQ Platform Operator Init App 1.7.0-SNAPSHOT] HiveMQ Config folder: /opt/hivemq/conf-k8s
2025-01-30 18:30:31,009 INFO c.h.h.t.HelmChartContainer - [test-hivemq-platform] [hivemq] [350a06c8] INFO  - [HiveMQ Platform Operator Init App 1.7.0-SNAPSHOT] Starting HiveMQ Platform Operator Init App
2025-01-30 18:30:31,010 INFO c.h.h.t.HelmChartContainer - [test-hivemq-platform] [hivemq] [350a06c8] INFO  - [HiveMQ Platform Operator Init App 1.7.0-SNAPSHOT] Starting Pod reconciler
2025-01-30 18:30:32,208 INFO c.h.h.t.HelmChartContainer - [test-hivemq-platform] [hivemq] [350a06c8] INFO  - [HiveMQ Platform Operator Init App 1.7.0-SNAPSHOT] Pod reconciler is scheduled (interval: 5000 ms)
2025-01-30 18:30:32,209 INFO c.h.h.t.HelmChartContainer - [test-hivemq-platform] [hivemq] [350a06c8] INFO  - [HiveMQ Platform Operator Init App 1.7.0-SNAPSHOT] Starting the REST API on 10.42.0.8:7979
2025-01-30 18:30:32,212 INFO c.h.h.t.HelmChartContainer - [test-hivemq-platform] [hivemq] [350a06c8] INFO  - [HiveMQ Platform Operator Init App 1.7.0-SNAPSHOT] Waiting up to 600s for at most 1 HiveMQ nodes in cluster service hivemq-test-hivemq-platform-cluster.helmmqttit.svc
2025-01-30 18:30:32,522 INFO c.h.h.t.HelmChartContainer - [test-hivemq-platform] [hivemq] [350a06c8] INFO  - [HiveMQ Platform Operator Init App 1.7.0-SNAPSHOT] Resolved 1 IP addresses: [10.42.0.8]
2025-01-30 18:30:32,523 INFO c.h.h.t.HelmChartContainer - [test-hivemq-platform] [hivemq] [350a06c8] INFO  - [HiveMQ Platform Operator Init App 1.7.0-SNAPSHOT] HiveMQ node count of 1 is within threshold of 1
2025-01-30 18:30:32,523 INFO c.h.h.t.HelmChartContainer - [test-hivemq-platform] [hivemq] [350a06c8] INFO  - [HiveMQ Platform Operator Init App 1.7.0-SNAPSHOT] Proceeding with container start
2025-01-30 18:30:32,621 INFO c.h.h.t.HelmChartContainer - [test-hivemq-platform] [hivemq] [350a06c8] INFO  - [HiveMQ Platform Operator Init App 1.7.0-SNAPSHOT] Initializing HiveMQ Platform extensions with initial configuration: {hivemq-allow-all-extension={start-priority=-1, skip-https-hostname-verification=false, restart=true, config-version=0, header-version=0, c-uri=, priority=-1, uri=preinstalled, skip-https-certificate-validation=false, enabled=true}, hivemq-prometheus-extension={enabled=true, request-header-path=no-request-headers, uri=preinstalled, skip-https-certificate-validation=false, skip-https-hostname-verification=false, c-uri=, start-priority=-1, priority=-1, restart=true}}
2025-01-30 18:30:33,110 INFO c.h.h.t.HelmChartContainer - [test-hivemq-platform] [hivemq] [350a06c8] INFO  - [HiveMQ Platform Operator Init App 1.7.0-SNAPSHOT] Extension hivemq-allow-all-extension was already enabled
2025-01-30 18:30:33,118 INFO c.h.h.t.HelmChartContainer - [test-hivemq-platform] [hivemq] [350a06c8] INFO  - [HiveMQ Platform Operator Init App 1.7.0-SNAPSHOT] Successfully enabled extension hivemq-prometheus-extension
2025-01-30 18:30:33,119 INFO c.h.h.t.HelmChartContainer - [test-hivemq-platform] [hivemq] [350a06c8] INFO  - [HiveMQ Platform Operator Init App 1.7.0-SNAPSHOT] Starting HiveMQ Platform version 4.36.0 (4.36.0)
2025-01-30 18:30:33,119 INFO c.h.h.t.HelmChartContainer - [test-hivemq-platform] [hivemq] [350a06c8] INFO  - [HiveMQ Platform Operator Init App 1.7.0-SNAPSHOT] Configuring the HiveMQ Platform
2025-01-30 18:30:33,209 INFO c.h.h.t.HelmChartContainer - [test-hivemq-platform] [hivemq] [350a06c8] INFO  - [HiveMQ Platform Operator Init App 1.7.0-SNAPSHOT] Changed logback.xml file scan period to 20 seconds
2025-01-30 18:30:33,272 INFO c.h.h.t.HelmChartContainer - [test-hivemq-platform] [hivemq] [350a06c8] INFO  - [HiveMQ Platform Operator Init App 1.7.0-SNAPSHOT] Starting the HiveMQ Platform
2025-01-30 18:30:33,306 INFO c.h.h.t.HelmChartContainer - [test-hivemq-platform] [hivemq] [350a06c8] -------------------------------------------------------------------------
2025-01-30 18:30:33,306 INFO c.h.h.t.HelmChartContainer - [test-hivemq-platform] [hivemq] [350a06c8] 
2025-01-30 18:30:33,306 INFO c.h.h.t.HelmChartContainer - [test-hivemq-platform] [hivemq] [350a06c8]                   _    _  _              __  __   ____
2025-01-30 18:30:33,306 INFO c.h.h.t.HelmChartContainer - [test-hivemq-platform] [hivemq] [350a06c8]                  | |  | |(_)            |  \/  | / __ \
2025-01-30 18:30:33,306 INFO c.h.h.t.HelmChartContainer - [test-hivemq-platform] [hivemq] [350a06c8]                  | |__| | _ __   __ ___ | \  / || |  | |
2025-01-30 18:30:33,306 INFO c.h.h.t.HelmChartContainer - [test-hivemq-platform] [hivemq] [350a06c8]                  |  __  || |\ \ / // _ \| |\/| || |  | |
2025-01-30 18:30:33,307 INFO c.h.h.t.HelmChartContainer - [test-hivemq-platform] [hivemq] [350a06c8]                  | |  | || | \ V /|  __/| |  | || |__| |
2025-01-30 18:30:33,307 INFO c.h.h.t.HelmChartContainer - [test-hivemq-platform] [hivemq] [350a06c8]                  |_|  |_||_|  \_/  \___||_|  |_| \___\_\
2025-01-30 18:30:33,307 INFO c.h.h.t.HelmChartContainer - [test-hivemq-platform] [hivemq] [350a06c8] 
2025-01-30 18:30:33,307 INFO c.h.h.t.HelmChartContainer - [test-hivemq-platform] [hivemq] [350a06c8] -------------------------------------------------------------------------
2025-01-30 18:30:33,307 INFO c.h.h.t.HelmChartContainer - [test-hivemq-platform] [hivemq] [350a06c8] 
2025-01-30 18:30:33,307 INFO c.h.h.t.HelmChartContainer - [test-hivemq-platform] [hivemq] [350a06c8]   HiveMQ Start Script for Linux/Unix v1.14
2025-01-30 18:30:33,307 INFO c.h.h.t.HelmChartContainer - [test-hivemq-platform] [hivemq] [350a06c8] 
2025-01-30 18:30:33,408 INFO c.h.h.t.HelmChartContainer - [test-hivemq-platform] [hivemq] [350a06c8] -------------------------------------------------------------------------
2025-01-30 18:30:33,409 INFO c.h.h.t.HelmChartContainer - [test-hivemq-platform] [hivemq] [350a06c8] 
2025-01-30 18:30:33,409 INFO c.h.h.t.HelmChartContainer - [test-hivemq-platform] [hivemq] [350a06c8]   HIVEMQ_HOME: /opt/hivemq
2025-01-30 18:30:33,409 INFO c.h.h.t.HelmChartContainer - [test-hivemq-platform] [hivemq] [350a06c8] 
2025-01-30 18:30:33,409 INFO c.h.h.t.HelmChartContainer - [test-hivemq-platform] [hivemq] [350a06c8]   JAVA_OPTS: -XX:+UnlockExperimentalVMOptions -XX:InitialRAMPercentage=50 -XX:MaxRAMPercentage=50 -Djava.net.preferIPv4Stack=true --add-opens java.base/java.lang=ALL-UNNAMED --add-opens java.base/java.nio=ALL-UNNAMED --add-opens java.base/sun.nio.ch=ALL-UNNAMED --add-opens jdk.management/com.sun.management.internal=ALL-UNNAMED --add-exports java.base/jdk.internal.misc=ALL-UNNAMED -Djava.security.egd=file:/dev/./urandom -Dcom.sun.management.jmxremote -Dcom.sun.management.jmxremote.port=9010 -Dcom.sun.management.jmxremote.local.only=false -Dcom.sun.management.jmxremote.authenticate=false -Dcom.sun.management.jmxremote.ssl=false -Duser.language=en -Duser.region=US -XX:+CrashOnOutOfMemoryError -XX:+HeapDumpOnOutOfMemoryError
2025-01-30 18:30:33,409 INFO c.h.h.t.HelmChartContainer - [test-hivemq-platform] [hivemq] [350a06c8] 
2025-01-30 18:30:33,409 INFO c.h.h.t.HelmChartContainer - [test-hivemq-platform] [hivemq] [350a06c8]   JAVA_VERSION: 21
2025-01-30 18:30:33,409 INFO c.h.h.t.HelmChartContainer - [test-hivemq-platform] [hivemq] [350a06c8] 
2025-01-30 18:30:33,409 INFO c.h.h.t.HelmChartContainer - [test-hivemq-platform] [hivemq] [350a06c8] -------------------------------------------------------------------------
2025-01-30 18:30:33,409 INFO c.h.h.t.HelmChartContainer - [test-hivemq-platform] [hivemq] [350a06c8] 
2025-01-30 18:30:34,415 INFO c.h.h.t.HelmChartContainer - [test-hivemq-platform] [hivemq] [350a06c8] INFO  - [HiveMQ Platform Operator Init App 1.7.0-SNAPSHOT] Returning default Health API response 503 for readiness
2025-01-30 18:30:34,809 INFO c.h.h.t.HelmChartContainer - [EVENT] Warning [Unhealthy] Readiness probe failed: HTTP probe failed with statuscode: 503 [helmmqttit:test-hivemq-platform-0]
2025-01-30 18:30:34,809 INFO c.h.h.t.HelmChartContainer - Received Unhealthy event for container hivemq in pod test-hivemq-platform-0 [350a06c8-59b4-4a54-9785-29895187a557]
2025-01-30 18:30:36,015 INFO c.h.h.t.HelmChartContainer - [test-hivemq-platform] [hivemq] [350a06c8] INFO  - Starting HiveMQ Enterprise Server
2025-01-30 18:30:36,104 INFO c.h.h.t.HelmChartContainer - [test-hivemq-platform] [hivemq] [350a06c8] INFO  - HiveMQ version: 4.36.0
2025-01-30 18:30:36,105 INFO c.h.h.t.HelmChartContainer - [test-hivemq-platform] [hivemq] [350a06c8] INFO  - HiveMQ home directory: /opt/hivemq
2025-01-30 18:30:36,105 INFO c.h.h.t.HelmChartContainer - [test-hivemq-platform] [hivemq] [350a06c8] INFO  - Log Configuration was overridden by /opt/hivemq/conf/logback.xml
2025-01-30 18:30:37,313 INFO c.h.h.t.HelmChartContainer - [test-hivemq-platform] [hivemq] [350a06c8] INFO  - Successfully loaded configuration from '/opt/hivemq/conf-k8s/config.xml'.
2025-01-30 18:30:38,112 INFO c.h.h.t.HelmChartContainer - [test-hivemq-platform] [hivemq] [350a06c8] INFO  - This node's ID is AfRme
2025-01-30 18:30:38,112 INFO c.h.h.t.HelmChartContainer - [test-hivemq-platform] [hivemq] [350a06c8] INFO  - Clustering is enabled
2025-01-30 18:30:38,506 INFO c.h.h.t.HelmChartContainer - [hivemq-test-hivemq-platform] [hivemq-platform-operator] [2ac26a34] 18:30:38.502 [pool-6-thread-15] DEBUG c.h.p.o.d.PlatformServiceResource - [helmmqtt] Desired Platform services (2 services)
2025-01-30 18:30:38,510 INFO c.h.h.t.HelmChartContainer - [hivemq-test-hivemq-platform] [hivemq-platform-operator] [2ac26a34] 18:30:38.508 [pool-6-thread-19] DEBUG c.h.p.o.dependants.PodInfoConfigMap - [helmmqtt] Desired PodInfo ConfigMap (1 extensions) (1 enabled)
2025-01-30 18:30:38,510 INFO c.h.h.t.HelmChartContainer - [hivemq-test-hivemq-platform] [hivemq-platform-operator] [2ac26a34] 18:30:38.508 [pool-6-thread-19] DEBUG c.h.p.o.dependants.PodInfoConfigMap - [helmmqtt] Desired PodInfo ConfigMap (metrics port: 9399) (metrics path: /)
2025-01-30 18:30:38,510 INFO c.h.h.t.HelmChartContainer - [hivemq-test-hivemq-platform] [hivemq-platform-operator] [2ac26a34] 18:30:38.508 [pool-6-thread-19] DEBUG c.h.p.o.dependants.PodInfoConfigMap - [helmmqtt] Desired PodInfo ConfigMap (extension state hash: -1817474005)
2025-01-30 18:30:38,512 INFO c.h.h.t.HelmChartContainer - [hivemq-test-hivemq-platform] [hivemq-platform-operator] [2ac26a34] 18:30:38.511 [pool-6-thread-11] DEBUG c.h.p.o.d.PodServiceAccountResource - [helmmqtt] Desired PodServiceAccountResource (serviceAccountName: hivemq-platform-pod-test-hivemq-platform)
2025-01-30 18:30:38,518 INFO c.h.h.t.HelmChartContainer - [hivemq-test-hivemq-platform] [hivemq-platform-operator] [2ac26a34] 18:30:38.518 [pool-6-thread-16] DEBUG c.h.p.o.d.StatefulSetResource - [helmmqtt] Desired StatefulSet (1 replicas) for status STARTING (READY)
2025-01-30 18:30:38,525 INFO c.h.h.t.HelmChartContainer - [hivemq-test-hivemq-platform] [hivemq-platform-operator] [2ac26a34] 18:30:38.523 [ReconcilerExecutor-hivemq-controller-110] INFO  c.h.p.o.HiveMQPlatformReconciler - [helmmqtt] Reconciling HiveMQ Platform 'test-hivemq-platform' in namespace 'helmmqttit'
2025-01-30 18:30:38,525 INFO c.h.h.t.HelmChartContainer - [hivemq-test-hivemq-platform] [hivemq-platform-operator] [2ac26a34] 18:30:38.524 [ReconcilerExecutor-hivemq-controller-110] DEBUG c.h.p.o.HiveMQPlatformReconciler - [helmmqtt] Custom Resource Status STARTING - HiveMQ Platform is starting (READY)
2025-01-30 18:30:38,525 INFO c.h.h.t.HelmChartContainer - [hivemq-test-hivemq-platform] [hivemq-platform-operator] [2ac26a34] 18:30:38.524 [ReconcilerExecutor-hivemq-controller-110] DEBUG c.h.p.o.HiveMQPlatformReconciler - [helmmqtt] Custom Resource Spec (replicas: 1) (extensions: 1)
2025-01-30 18:30:38,526 INFO c.h.h.t.HelmChartContainer - [hivemq-test-hivemq-platform] [hivemq-platform-operator] [2ac26a34] 18:30:38.526 [ReconcilerExecutor-hivemq-controller-110] DEBUG c.h.p.o.HiveMQPlatformReconciler - [helmmqtt] StatefulSet Status (revision: test-hivemq-platform-7bbc5894fb, replicas: 1, available: 0, ready: 0, current: 1, updated: 1)
2025-01-30 18:30:38,527 INFO c.h.h.t.HelmChartContainer - [hivemq-test-hivemq-platform] [hivemq-platform-operator] [2ac26a34] 18:30:38.526 [ReconcilerExecutor-hivemq-controller-110] DEBUG c.h.p.o.HiveMQPlatformReconciler - [helmmqtt] StatefulSet Spec (replicas: 1, init containers: 1, containers: 1, volumes: 3)
2025-01-30 18:30:38,592 INFO c.h.h.t.HelmChartContainer - [hivemq-test-hivemq-platform] [hivemq-platform-operator] [2ac26a34] 18:30:38.590 [ReconcilerExecutor-hivemq-controller-110] DEBUG c.h.p.o.h.HiveMQPlatformReconcilerErrorHandler - [helmmqtt] Pod 'test-hivemq-platform-0' phase Running
2025-01-30 18:30:38,592 INFO c.h.h.t.HelmChartContainer - [hivemq-test-hivemq-platform] [hivemq-platform-operator] [2ac26a34] 18:30:38.590 [ReconcilerExecutor-hivemq-controller-110] INFO  c.h.p.o.h.HiveMQPlatformReconcilerBaseHandler - [helmmqtt] HiveMQ Platform is starting, 0 of 1 replicas are ready
2025-01-30 18:30:39,813 INFO c.h.h.t.HelmChartContainer - [test-hivemq-platform] [hivemq] [350a06c8] WARN  - [HiveMQ Platform Operator Init App 1.7.0-SNAPSHOT] Cannot connect to Health API for readiness: null
2025-01-30 18:30:39,876 INFO c.h.h.t.HelmChartContainer - [EVENT] Warning [Unhealthy] Readiness probe failed: HTTP probe failed with statuscode: 503 [helmmqttit:test-hivemq-platform-0]
2025-01-30 18:30:39,876 INFO c.h.h.t.HelmChartContainer - Received Unhealthy event for container hivemq in pod test-hivemq-platform-0 [350a06c8-59b4-4a54-9785-29895187a557]
2025-01-30 18:30:43,513 INFO c.h.h.t.HelmChartContainer - [test-hivemq-platform] [hivemq] [350a06c8] Jan 30, 2025 6:30:43 PM io.vertx.core.impl.BlockedThreadChecker
2025-01-30 18:30:43,513 INFO c.h.h.t.HelmChartContainer - [test-hivemq-platform] [hivemq] [350a06c8] WARNING: Thread Thread[vert.x-eventloop-thread-1,5,main] has been blocked for 2993 ms, time limit is 2000 ms
2025-01-30 18:30:44,009 INFO c.h.h.t.HelmChartContainer - [test-hivemq-platform] [hivemq] [350a06c8] INFO  - [HiveMQ Platform Operator Init App 1.7.0-SNAPSHOT] Updating Pod HiveMQ Platform Operator Init App version annotation (version: 1.7.0-SNAPSHOT)
2025-01-30 18:30:44,410 INFO c.h.h.t.HelmChartContainer - [test-hivemq-platform] [hivemq] [350a06c8] WARN  - [HiveMQ Platform Operator Init App 1.7.0-SNAPSHOT] Cannot connect to Health API for readiness: null
2025-01-30 18:30:44,414 INFO c.h.h.t.HelmChartContainer - [EVENT] Warning [Unhealthy] Readiness probe failed: HTTP probe failed with statuscode: 503 [helmmqttit:test-hivemq-platform-0]
2025-01-30 18:30:44,414 INFO c.h.h.t.HelmChartContainer - Received Unhealthy event for container hivemq in pod test-hivemq-platform-0 [350a06c8-59b4-4a54-9785-29895187a557]
2025-01-30 18:30:44,718 INFO c.h.h.t.HelmChartContainer - [POD] test-hivemq-platform-0 [350a06c8-59b4-4a54-9785-29895187a557] in helmmqttit was MODIFIED
2025-01-30 18:30:44,727 INFO c.h.h.t.HelmChartContainer - [test-hivemq-platform] [hivemq] [350a06c8] WARN  - [HiveMQ Platform Operator Init App 1.7.0-SNAPSHOT] Cannot connect to Health API for readiness: null
2025-01-30 18:30:44,729 INFO c.h.h.t.HelmChartContainer - [hivemq-test-hivemq-platform] [hivemq-platform-operator] [2ac26a34] 18:30:44.727 [pool-6-thread-23] DEBUG c.h.p.o.d.PlatformServiceResource - [helmmqtt] Desired Platform services (2 services)
2025-01-30 18:30:44,732 INFO c.h.h.t.HelmChartContainer - [hivemq-test-hivemq-platform] [hivemq-platform-operator] [2ac26a34] 18:30:44.731 [pool-6-thread-22] DEBUG c.h.p.o.dependants.PodInfoConfigMap - [helmmqtt] Desired PodInfo ConfigMap (1 extensions) (1 enabled)
2025-01-30 18:30:44,733 INFO c.h.h.t.HelmChartContainer - [hivemq-test-hivemq-platform] [hivemq-platform-operator] [2ac26a34] 18:30:44.731 [pool-6-thread-22] DEBUG c.h.p.o.dependants.PodInfoConfigMap - [helmmqtt] Desired PodInfo ConfigMap (metrics port: 9399) (metrics path: /)
2025-01-30 18:30:44,733 INFO c.h.h.t.HelmChartContainer - [hivemq-test-hivemq-platform] [hivemq-platform-operator] [2ac26a34] 18:30:44.731 [pool-6-thread-22] DEBUG c.h.p.o.dependants.PodInfoConfigMap - [helmmqtt] Desired PodInfo ConfigMap (extension state hash: -1817474005)
2025-01-30 18:30:44,734 INFO c.h.h.t.HelmChartContainer - [hivemq-test-hivemq-platform] [hivemq-platform-operator] [2ac26a34] 18:30:44.733 [pool-6-thread-25] DEBUG c.h.p.o.d.PodServiceAccountResource - [helmmqtt] Desired PodServiceAccountResource (serviceAccountName: hivemq-platform-pod-test-hivemq-platform)
2025-01-30 18:30:44,739 INFO c.h.h.t.HelmChartContainer - [hivemq-test-hivemq-platform] [hivemq-platform-operator] [2ac26a34] 18:30:44.738 [pool-6-thread-28] DEBUG c.h.p.o.d.StatefulSetResource - [helmmqtt] Desired StatefulSet (1 replicas) for status STARTING (READY)
2025-01-30 18:30:44,776 INFO c.h.h.t.HelmChartContainer - [EVENT] Warning [Unhealthy] Readiness probe failed: HTTP probe failed with statuscode: 503 [helmmqttit:test-hivemq-platform-0]
2025-01-30 18:30:44,776 INFO c.h.h.t.HelmChartContainer - Received Unhealthy event for container hivemq in pod test-hivemq-platform-0 [350a06c8-59b4-4a54-9785-29895187a557]
2025-01-30 18:30:44,796 INFO c.h.h.t.HelmChartContainer - [hivemq-test-hivemq-platform] [hivemq-platform-operator] [2ac26a34] 18:30:44.794 [ReconcilerExecutor-hivemq-controller-111] INFO  c.h.p.o.HiveMQPlatformReconciler - [helmmqtt] Reconciling HiveMQ Platform 'test-hivemq-platform' in namespace 'helmmqttit'
2025-01-30 18:30:44,796 INFO c.h.h.t.HelmChartContainer - [hivemq-test-hivemq-platform] [hivemq-platform-operator] [2ac26a34] 18:30:44.794 [ReconcilerExecutor-hivemq-controller-111] DEBUG c.h.p.o.HiveMQPlatformReconciler - [helmmqtt] Custom Resource Status STARTING - HiveMQ Platform is starting (READY)
2025-01-30 18:30:44,796 INFO c.h.h.t.HelmChartContainer - [hivemq-test-hivemq-platform] [hivemq-platform-operator] [2ac26a34] 18:30:44.794 [ReconcilerExecutor-hivemq-controller-111] DEBUG c.h.p.o.HiveMQPlatformReconciler - [helmmqtt] Custom Resource Spec (replicas: 1) (extensions: 1)
2025-01-30 18:30:44,797 INFO c.h.h.t.HelmChartContainer - [hivemq-test-hivemq-platform] [hivemq-platform-operator] [2ac26a34] 18:30:44.796 [ReconcilerExecutor-hivemq-controller-111] DEBUG c.h.p.o.HiveMQPlatformReconciler - [helmmqtt] StatefulSet Status (revision: test-hivemq-platform-7bbc5894fb, replicas: 1, available: 0, ready: 0, current: 1, updated: 1)
2025-01-30 18:30:44,797 INFO c.h.h.t.HelmChartContainer - [hivemq-test-hivemq-platform] [hivemq-platform-operator] [2ac26a34] 18:30:44.796 [ReconcilerExecutor-hivemq-controller-111] DEBUG c.h.p.o.HiveMQPlatformReconciler - [helmmqtt] StatefulSet Spec (replicas: 1, init containers: 1, containers: 1, volumes: 3)
2025-01-30 18:30:44,798 INFO c.h.h.t.HelmChartContainer - [hivemq-test-hivemq-platform] [hivemq-platform-operator] [2ac26a34] 18:30:44.798 [ReconcilerExecutor-hivemq-controller-111] DEBUG c.h.p.o.h.HiveMQPlatformReconcilerErrorHandler - [helmmqtt] Pod 'test-hivemq-platform-0' phase Running
2025-01-30 18:30:44,806 INFO c.h.h.t.HelmChartContainer - [test-hivemq-platform] [hivemq] [350a06c8] INFO  - [HiveMQ Platform Operator Init App 1.7.0-SNAPSHOT] Successfully updated Pod HiveMQ Platform Operator Init App version annotation (version: 1.7.0-SNAPSHOT)
2025-01-30 18:30:44,871 INFO c.h.h.t.HelmChartContainer - [hivemq-test-hivemq-platform] [hivemq-platform-operator] [2ac26a34] 18:30:44.827 [ReconcilerExecutor-hivemq-controller-111] INFO  c.h.p.o.h.HiveMQPlatformReconcilerBaseHandler - [helmmqtt] HiveMQ Platform is starting, 0 of 1 replicas are ready
2025-01-30 18:30:49,806 INFO c.h.h.t.HelmChartContainer - [test-hivemq-platform] [hivemq] [350a06c8] WARN  - [HiveMQ Platform Operator Init App 1.7.0-SNAPSHOT] Cannot connect to Health API for readiness: null
2025-01-30 18:30:49,812 INFO c.h.h.t.HelmChartContainer - [EVENT] Warning [Unhealthy] Readiness probe failed: HTTP probe failed with statuscode: 503 [helmmqttit:test-hivemq-platform-0]
2025-01-30 18:30:49,812 INFO c.h.h.t.HelmChartContainer - Received Unhealthy event for container hivemq in pod test-hivemq-platform-0 [350a06c8-59b4-4a54-9785-29895187a557]
2025-01-30 18:30:54,718 INFO c.h.h.t.HelmChartContainer - [test-hivemq-platform] [hivemq] [350a06c8] WARN  - [HiveMQ Platform Operator Init App 1.7.0-SNAPSHOT] Cannot connect to Health API for readiness: null
2025-01-30 18:30:54,725 INFO c.h.h.t.HelmChartContainer - [EVENT] Warning [Unhealthy] Readiness probe failed: HTTP probe failed with statuscode: 503 [helmmqttit:test-hivemq-platform-0]
2025-01-30 18:30:54,725 INFO c.h.h.t.HelmChartContainer - Received Unhealthy event for container hivemq in pod test-hivemq-platform-0 [350a06c8-59b4-4a54-9785-29895187a557]
2025-01-30 18:30:54,835 INFO c.h.h.t.HelmChartContainer - [hivemq-test-hivemq-platform] [hivemq-platform-operator] [2ac26a34] 18:30:54.832 [pool-6-thread-35] DEBUG c.h.p.o.d.PlatformServiceResource - [helmmqtt] Desired Platform services (2 services)
2025-01-30 18:30:54,835 INFO c.h.h.t.HelmChartContainer - [hivemq-test-hivemq-platform] [hivemq-platform-operator] [2ac26a34] 18:30:54.833 [pool-6-thread-38] DEBUG c.h.p.o.dependants.PodInfoConfigMap - [helmmqtt] Desired PodInfo ConfigMap (1 extensions) (1 enabled)
2025-01-30 18:30:54,835 INFO c.h.h.t.HelmChartContainer - [hivemq-test-hivemq-platform] [hivemq-platform-operator] [2ac26a34] 18:30:54.833 [pool-6-thread-38] DEBUG c.h.p.o.dependants.PodInfoConfigMap - [helmmqtt] Desired PodInfo ConfigMap (metrics port: 9399) (metrics path: /)
2025-01-30 18:30:54,835 INFO c.h.h.t.HelmChartContainer - [hivemq-test-hivemq-platform] [hivemq-platform-operator] [2ac26a34] 18:30:54.833 [pool-6-thread-38] DEBUG c.h.p.o.dependants.PodInfoConfigMap - [helmmqtt] Desired PodInfo ConfigMap (extension state hash: -1817474005)
2025-01-30 18:30:54,835 INFO c.h.h.t.HelmChartContainer - [hivemq-test-hivemq-platform] [hivemq-platform-operator] [2ac26a34] 18:30:54.833 [pool-6-thread-31] DEBUG c.h.p.o.d.PodServiceAccountResource - [helmmqtt] Desired PodServiceAccountResource (serviceAccountName: hivemq-platform-pod-test-hivemq-platform)
2025-01-30 18:30:54,840 INFO c.h.h.t.HelmChartContainer - [hivemq-test-hivemq-platform] [hivemq-platform-operator] [2ac26a34] 18:30:54.838 [pool-6-thread-35] DEBUG c.h.p.o.d.StatefulSetResource - [helmmqtt] Desired StatefulSet (1 replicas) for status STARTING (READY)
2025-01-30 18:30:54,844 INFO c.h.h.t.HelmChartContainer - [hivemq-test-hivemq-platform] [hivemq-platform-operator] [2ac26a34] 18:30:54.843 [ReconcilerExecutor-hivemq-controller-112] INFO  c.h.p.o.HiveMQPlatformReconciler - [helmmqtt] Reconciling HiveMQ Platform 'test-hivemq-platform' in namespace 'helmmqttit'
2025-01-30 18:30:54,845 INFO c.h.h.t.HelmChartContainer - [hivemq-test-hivemq-platform] [hivemq-platform-operator] [2ac26a34] 18:30:54.843 [ReconcilerExecutor-hivemq-controller-112] DEBUG c.h.p.o.HiveMQPlatformReconciler - [helmmqtt] Custom Resource Status STARTING - HiveMQ Platform is starting (READY)
2025-01-30 18:30:54,847 INFO c.h.h.t.HelmChartContainer - [hivemq-test-hivemq-platform] [hivemq-platform-operator] [2ac26a34] 18:30:54.843 [ReconcilerExecutor-hivemq-controller-112] DEBUG c.h.p.o.HiveMQPlatformReconciler - [helmmqtt] Custom Resource Spec (replicas: 1) (extensions: 1)
2025-01-30 18:30:54,847 INFO c.h.h.t.HelmChartContainer - [hivemq-test-hivemq-platform] [hivemq-platform-operator] [2ac26a34] 18:30:54.845 [ReconcilerExecutor-hivemq-controller-112] DEBUG c.h.p.o.HiveMQPlatformReconciler - [helmmqtt] StatefulSet Status (revision: test-hivemq-platform-7bbc5894fb, replicas: 1, available: 0, ready: 0, current: 1, updated: 1)
2025-01-30 18:30:54,847 INFO c.h.h.t.HelmChartContainer - [hivemq-test-hivemq-platform] [hivemq-platform-operator] [2ac26a34] 18:30:54.845 [ReconcilerExecutor-hivemq-controller-112] DEBUG c.h.p.o.HiveMQPlatformReconciler - [helmmqtt] StatefulSet Spec (replicas: 1, init containers: 1, containers: 1, volumes: 3)
2025-01-30 18:30:54,928 INFO c.h.h.t.HelmChartContainer - [hivemq-test-hivemq-platform] [hivemq-platform-operator] [2ac26a34] 18:30:54.927 [ReconcilerExecutor-hivemq-controller-112] DEBUG c.h.p.o.h.HiveMQPlatformReconcilerErrorHandler - [helmmqtt] Pod 'test-hivemq-platform-0' phase Running
2025-01-30 18:30:54,930 INFO c.h.h.t.HelmChartContainer - [hivemq-test-hivemq-platform] [hivemq-platform-operator] [2ac26a34] 18:30:54.929 [ReconcilerExecutor-hivemq-controller-112] INFO  c.h.p.o.h.HiveMQPlatformReconcilerBaseHandler - [helmmqtt] HiveMQ Platform is starting, 0 of 1 replicas are ready
2025-01-30 18:30:55,306 INFO c.h.h.t.HelmChartContainer - [test-hivemq-platform] [hivemq] [350a06c8] WARN  - [HiveMQ Platform Operator Init App 1.7.0-SNAPSHOT] Cannot connect to Health API for liveness: null
2025-01-30 18:30:55,307 INFO c.h.h.t.HelmChartContainer - [test-hivemq-platform] [hivemq] [350a06c8] INFO  - [HiveMQ Platform Operator Init App 1.7.0-SNAPSHOT] Returning default Health API response 200 for liveness
2025-01-30 18:30:55,630 INFO c.h.h.t.HelmChartContainer - [test-hivemq-platform] [hivemq] [350a06c8] INFO  - No valid license file found. Using trial license, restricted to 25 connections.
2025-01-30 18:30:59,718 INFO c.h.h.t.HelmChartContainer - [test-hivemq-platform] [hivemq] [350a06c8] WARN  - [HiveMQ Platform Operator Init App 1.7.0-SNAPSHOT] Cannot connect to Health API for readiness: null
2025-01-30 18:30:59,724 INFO c.h.h.t.HelmChartContainer - [EVENT] Warning [Unhealthy] Readiness probe failed: HTTP probe failed with statuscode: 503 [helmmqttit:test-hivemq-platform-0]
2025-01-30 18:30:59,724 INFO c.h.h.t.HelmChartContainer - Received Unhealthy event for container hivemq in pod test-hivemq-platform-0 [350a06c8-59b4-4a54-9785-29895187a557]
2025-01-30 18:31:00,313 INFO c.h.h.t.HelmChartContainer - [test-hivemq-platform] [hivemq] [350a06c8] INFO  - No valid license file for Data Hub found. Using free license, restricted to 1 policy.
2025-01-30 18:31:01,507 INFO c.h.h.t.HelmChartContainer - [test-hivemq-platform] [hivemq] [350a06c8] INFO  - Audit Logger started.
2025-01-30 18:31:01,809 INFO c.h.h.t.HelmChartContainer - [test-hivemq-platform] [hivemq] [350a06c8] INFO  - This node uses '1' CPU cores.
2025-01-30 18:31:01,815 INFO c.h.h.t.HelmChartContainer - [test-hivemq-platform] [hivemq] [350a06c8] INFO  - Starting HiveMQ Health API on address 0.0.0.0 and port 8889
2025-01-30 18:31:02,672 INFO c.h.h.t.HelmChartContainer - [test-hivemq-platform] [hivemq] [350a06c8] INFO  - Started HiveMQ Health API in 857ms
2025-01-30 18:31:03,204 INFO c.h.h.t.HelmChartContainer - [test-hivemq-platform] [hivemq] [350a06c8] INFO  - Starting HiveMQ extension system.
2025-01-30 18:31:03,411 INFO c.h.h.t.HelmChartContainer - [test-hivemq-platform] [hivemq] [350a06c8] INFO  - Starting extension with id "hivemq-dns-cluster-discovery" at /opt/hivemq/extensions/hivemq-dns-cluster-discovery
2025-01-30 18:31:03,908 INFO c.h.h.t.HelmChartContainer - [test-hivemq-platform] [hivemq] [350a06c8] INFO  - Using TCP cluster transport on address 10.42.0.8 and port 7000
2025-01-30 18:31:03,913 INFO c.h.h.t.HelmChartContainer - [test-hivemq-platform] [hivemq] [350a06c8] INFO  - Using extension cluster discovery
2025-01-30 18:31:04,072 INFO c.h.h.t.HelmChartContainer - [test-hivemq-platform] [hivemq] [350a06c8] INFO  - Extension "DNS Cluster Discovery Extension" version 4.3.2 started successfully.
2025-01-30 18:31:04,105 INFO c.h.h.t.HelmChartContainer - [test-hivemq-platform] [hivemq] [350a06c8] INFO  - Starting extension with id "hivemq-prometheus-extension" at /opt/hivemq/extensions/hivemq-prometheus-extension
2025-01-30 18:31:04,915 INFO c.h.h.t.HelmChartContainer - [test-hivemq-platform] [hivemq] [350a06c8] INFO  - Started Jetty Server exposing Prometheus Servlet on URI http://0.0.0.0:9399/
2025-01-30 18:31:04,935 INFO c.h.h.t.HelmChartContainer - [hivemq-test-hivemq-platform] [hivemq-platform-operator] [2ac26a34] 18:31:04.933 [pool-6-thread-43] DEBUG c.h.p.o.dependants.PodInfoConfigMap - [helmmqtt] Desired PodInfo ConfigMap (1 extensions) (1 enabled)
2025-01-30 18:31:04,937 INFO c.h.h.t.HelmChartContainer - [hivemq-test-hivemq-platform] [hivemq-platform-operator] [2ac26a34] 18:31:04.933 [pool-6-thread-43] DEBUG c.h.p.o.dependants.PodInfoConfigMap - [helmmqtt] Desired PodInfo ConfigMap (metrics port: 9399) (metrics path: /)
2025-01-30 18:31:04,939 INFO c.h.h.t.HelmChartContainer - [hivemq-test-hivemq-platform] [hivemq-platform-operator] [2ac26a34] 18:31:04.933 [pool-6-thread-48] DEBUG c.h.p.o.d.PodServiceAccountResource - [helmmqtt] Desired PodServiceAccountResource (serviceAccountName: hivemq-platform-pod-test-hivemq-platform)
2025-01-30 18:31:04,939 INFO c.h.h.t.HelmChartContainer - [hivemq-test-hivemq-platform] [hivemq-platform-operator] [2ac26a34] 18:31:04.933 [pool-6-thread-47] DEBUG c.h.p.o.d.PlatformServiceResource - [helmmqtt] Desired Platform services (2 services)
2025-01-30 18:31:04,939 INFO c.h.h.t.HelmChartContainer - [hivemq-test-hivemq-platform] [hivemq-platform-operator] [2ac26a34] 18:31:04.935 [pool-6-thread-43] DEBUG c.h.p.o.dependants.PodInfoConfigMap - [helmmqtt] Desired PodInfo ConfigMap (extension state hash: -1817474005)
2025-01-30 18:31:04,940 INFO c.h.h.t.HelmChartContainer - [hivemq-test-hivemq-platform] [hivemq-platform-operator] [2ac26a34] 18:31:04.938 [pool-6-thread-46] DEBUG c.h.p.o.d.StatefulSetResource - [helmmqtt] Desired StatefulSet (1 replicas) for status STARTING (READY)
2025-01-30 18:31:04,945 INFO c.h.h.t.HelmChartContainer - [hivemq-test-hivemq-platform] [hivemq-platform-operator] [2ac26a34] 18:31:04.944 [ReconcilerExecutor-hivemq-controller-113] INFO  c.h.p.o.HiveMQPlatformReconciler - [helmmqtt] Reconciling HiveMQ Platform 'test-hivemq-platform' in namespace 'helmmqttit'
2025-01-30 18:31:04,946 INFO c.h.h.t.HelmChartContainer - [hivemq-test-hivemq-platform] [hivemq-platform-operator] [2ac26a34] 18:31:04.944 [ReconcilerExecutor-hivemq-controller-113] DEBUG c.h.p.o.HiveMQPlatformReconciler - [helmmqtt] Custom Resource Status STARTING - HiveMQ Platform is starting (READY)
2025-01-30 18:31:04,947 INFO c.h.h.t.HelmChartContainer - [hivemq-test-hivemq-platform] [hivemq-platform-operator] [2ac26a34] 18:31:04.944 [ReconcilerExecutor-hivemq-controller-113] DEBUG c.h.p.o.HiveMQPlatformReconciler - [helmmqtt] Custom Resource Spec (replicas: 1) (extensions: 1)
2025-01-30 18:31:04,953 INFO c.h.h.t.HelmChartContainer - [hivemq-test-hivemq-platform] [hivemq-platform-operator] [2ac26a34] 18:31:04.951 [ReconcilerExecutor-hivemq-controller-113] DEBUG c.h.p.o.HiveMQPlatformReconciler - [helmmqtt] StatefulSet Status (revision: test-hivemq-platform-7bbc5894fb, replicas: 1, available: 0, ready: 0, current: 1, updated: 1)
2025-01-30 18:31:04,953 INFO c.h.h.t.HelmChartContainer - [hivemq-test-hivemq-platform] [hivemq-platform-operator] [2ac26a34] 18:31:04.951 [ReconcilerExecutor-hivemq-controller-113] DEBUG c.h.p.o.HiveMQPlatformReconciler - [helmmqtt] StatefulSet Spec (replicas: 1, init containers: 1, containers: 1, volumes: 3)
2025-01-30 18:31:04,973 INFO c.h.h.t.HelmChartContainer - [test-hivemq-platform] [hivemq] [350a06c8] INFO  - Extension "Prometheus Monitoring Extension" version 4.0.12 started successfully.
2025-01-30 18:31:04,974 INFO c.h.h.t.HelmChartContainer - [test-hivemq-platform] [hivemq] [350a06c8] INFO  - Starting extension with id "hivemq-allow-all-extension" at /opt/hivemq/extensions/hivemq-allow-all-extension
2025-01-30 18:31:04,974 INFO c.h.h.t.HelmChartContainer - [test-hivemq-platform] [hivemq] [350a06c8] WARN  - 
2025-01-30 18:31:04,974 INFO c.h.h.t.HelmChartContainer - [test-hivemq-platform] [hivemq] [350a06c8] ################################################################################################################
2025-01-30 18:31:04,974 INFO c.h.h.t.HelmChartContainer - [test-hivemq-platform] [hivemq] [350a06c8] # This HiveMQ deployment is not secure! You are lacking Authentication and Authorization.                      #
2025-01-30 18:31:04,974 INFO c.h.h.t.HelmChartContainer - [test-hivemq-platform] [hivemq] [350a06c8] # Right now any MQTT client can connect to the broker with a full set of permissions.                          #
2025-01-30 18:31:04,974 INFO c.h.h.t.HelmChartContainer - [test-hivemq-platform] [hivemq] [350a06c8] # For production usage, add an appropriate security extension and remove the hivemq-allow-all extension.       #
2025-01-30 18:31:04,974 INFO c.h.h.t.HelmChartContainer - [test-hivemq-platform] [hivemq] [350a06c8] # You can download security extensions from the HiveMQ Marketplace (https://www.hivemq.com/extensions/).       #
2025-01-30 18:31:04,974 INFO c.h.h.t.HelmChartContainer - [test-hivemq-platform] [hivemq] [350a06c8] ################################################################################################################
2025-01-30 18:31:05,003 INFO c.h.h.t.HelmChartContainer - [test-hivemq-platform] [hivemq] [350a06c8] INFO  - Extension "Allow All Extension" version 1.1.1 started successfully.
2025-01-30 18:31:05,034 INFO c.h.h.t.HelmChartContainer - [hivemq-test-hivemq-platform] [hivemq-platform-operator] [2ac26a34] 18:31:05.032 [ReconcilerExecutor-hivemq-controller-113] DEBUG c.h.p.o.h.HiveMQPlatformReconcilerErrorHandler - [helmmqtt] Pod 'test-hivemq-platform-0' phase Running
2025-01-30 18:31:05,034 INFO c.h.h.t.HelmChartContainer - [hivemq-test-hivemq-platform] [hivemq-platform-operator] [2ac26a34] 18:31:05.033 [ReconcilerExecutor-hivemq-controller-113] INFO  c.h.p.o.h.HiveMQPlatformReconcilerBaseHandler - [helmmqtt] HiveMQ Platform is starting, 0 of 1 replicas are ready
2025-01-30 18:31:05,617 INFO c.h.h.t.HelmChartContainer - [test-hivemq-platform] [hivemq] [350a06c8] INFO  - [HiveMQ Platform Operator Init App 1.7.0-SNAPSHOT] Returning Health API response 503 for readiness
2025-01-30 18:31:05,621 INFO c.h.h.t.HelmChartContainer - [EVENT] Warning [Unhealthy] Readiness probe failed: HTTP probe failed with statuscode: 503 [helmmqttit:test-hivemq-platform-0]
2025-01-30 18:31:05,621 INFO c.h.h.t.HelmChartContainer - Received Unhealthy event for container hivemq in pod test-hivemq-platform-0 [350a06c8-59b4-4a54-9785-29895187a557]
2025-01-30 18:31:07,406 INFO c.h.h.t.HelmChartContainer - [test-hivemq-platform] [hivemq] [350a06c8] INFO  - AfRme: no members discovered after 2997 ms: creating cluster as first member
2025-01-30 18:31:07,412 INFO c.h.h.t.HelmChartContainer - [test-hivemq-platform] [hivemq] [350a06c8] INFO  - Cluster nodes found by discovery: [AfRme|0] (1) [AfRme].
2025-01-30 18:31:07,511 INFO c.h.h.t.HelmChartContainer - [test-hivemq-platform] [hivemq] [350a06c8] WARN  - No user for HiveMQ Control Center configured. Starting with default user
2025-01-30 18:31:07,512 INFO c.h.h.t.HelmChartContainer - [test-hivemq-platform] [hivemq] [350a06c8] INFO  - Starting HiveMQ Control Center on address 127.0.0.1 and port 8080
2025-01-30 18:31:07,513 INFO c.h.h.t.HelmChartContainer - [test-hivemq-platform] [hivemq] [350a06c8] INFO  - Mounting HiveMQ Control Center V2 Preview
2025-01-30 18:31:08,114 INFO c.h.h.t.HelmChartContainer - [test-hivemq-platform] [hivemq] [350a06c8] INFO  - Started HiveMQ Control Center in 604ms
2025-01-30 18:31:08,206 INFO c.h.h.t.HelmChartContainer - [test-hivemq-platform] [hivemq] [350a06c8] INFO  - Starting TCP listener on address 0.0.0.0 and port 1884
2025-01-30 18:31:08,220 INFO c.h.h.t.HelmChartContainer - [test-hivemq-platform] [hivemq] [350a06c8] INFO  - Started TCP Listener on address 0.0.0.0 and on port 1884.
2025-01-30 18:31:08,220 INFO c.h.h.t.HelmChartContainer - [test-hivemq-platform] [hivemq] [350a06c8] INFO  - Started HiveMQ in 32511ms
2025-01-30 18:31:09,720 INFO c.h.h.t.HelmChartContainer - [test-hivemq-platform] [hivemq] [350a06c8] INFO  - [HiveMQ Platform Operator Init App 1.7.0-SNAPSHOT] Returning Health API response 200 for readiness
2025-01-30 18:31:09,730 INFO c.h.h.t.HelmChartContainer - [POD] test-hivemq-platform-0 [350a06c8-59b4-4a54-9785-29895187a557] in helmmqttit was MODIFIED
2025-01-30 18:31:09,743 INFO c.h.h.t.HelmChartContainer - [hivemq-test-hivemq-platform] [hivemq-platform-operator] [2ac26a34] 18:31:09.740 [pool-6-thread-3] DEBUG c.h.p.o.d.PlatformServiceResource - [helmmqtt] Desired Platform services (2 services)
2025-01-30 18:31:09,747 INFO c.h.h.t.HelmChartContainer - [hivemq-test-hivemq-platform] [hivemq-platform-operator] [2ac26a34] 18:31:09.743 [pool-6-thread-1] DEBUG c.h.p.o.dependants.PodInfoConfigMap - [helmmqtt] Desired PodInfo ConfigMap (1 extensions) (1 enabled)
2025-01-30 18:31:09,747 INFO c.h.h.t.HelmChartContainer - [hivemq-test-hivemq-platform] [hivemq-platform-operator] [2ac26a34] 18:31:09.743 [pool-6-thread-1] DEBUG c.h.p.o.dependants.PodInfoConfigMap - [helmmqtt] Desired PodInfo ConfigMap (metrics port: 9399) (metrics path: /)
2025-01-30 18:31:09,747 INFO c.h.h.t.HelmChartContainer - [hivemq-test-hivemq-platform] [hivemq-platform-operator] [2ac26a34] 18:31:09.743 [pool-6-thread-1] DEBUG c.h.p.o.dependants.PodInfoConfigMap - [helmmqtt] Desired PodInfo ConfigMap (extension state hash: -1817474005)
2025-01-30 18:31:09,747 INFO c.h.h.t.HelmChartContainer - [hivemq-test-hivemq-platform] [hivemq-platform-operator] [2ac26a34] 18:31:09.745 [pool-6-thread-4] DEBUG c.h.p.o.d.PodServiceAccountResource - [helmmqtt] Desired PodServiceAccountResource (serviceAccountName: hivemq-platform-pod-test-hivemq-platform)
2025-01-30 18:31:09,756 INFO c.h.h.t.HelmChartContainer - [hivemq-test-hivemq-platform] [hivemq-platform-operator] [2ac26a34] 18:31:09.753 [pool-6-thread-3] DEBUG c.h.p.o.d.StatefulSetResource - [helmmqtt] Desired StatefulSet (1 replicas) for status STARTING (READY)
2025-01-30 18:31:09,831 INFO c.h.h.t.HelmChartContainer - [hivemq-test-hivemq-platform] [hivemq-platform-operator] [2ac26a34] 18:31:09.828 [ReconcilerExecutor-hivemq-controller-114] INFO  c.h.p.o.HiveMQPlatformReconciler - [helmmqtt] Reconciling HiveMQ Platform 'test-hivemq-platform' in namespace 'helmmqttit'
2025-01-30 18:31:09,831 INFO c.h.h.t.HelmChartContainer - [hivemq-test-hivemq-platform] [hivemq-platform-operator] [2ac26a34] 18:31:09.828 [ReconcilerExecutor-hivemq-controller-114] DEBUG c.h.p.o.HiveMQPlatformReconciler - [helmmqtt] Custom Resource Status STARTING - HiveMQ Platform is starting (READY)
2025-01-30 18:31:09,831 INFO c.h.h.t.HelmChartContainer - [hivemq-test-hivemq-platform] [hivemq-platform-operator] [2ac26a34] 18:31:09.828 [ReconcilerExecutor-hivemq-controller-114] DEBUG c.h.p.o.HiveMQPlatformReconciler - [helmmqtt] Custom Resource Spec (replicas: 1) (extensions: 1)
2025-01-30 18:31:09,831 INFO c.h.h.t.HelmChartContainer - [hivemq-test-hivemq-platform] [hivemq-platform-operator] [2ac26a34] 18:31:09.830 [ReconcilerExecutor-hivemq-controller-114] DEBUG c.h.p.o.HiveMQPlatformReconciler - [helmmqtt] StatefulSet Status (revision: test-hivemq-platform-7bbc5894fb, replicas: 1, available: 1, ready: 1, current: 1, updated: 1)
2025-01-30 18:31:09,831 INFO c.h.h.t.HelmChartContainer - [hivemq-test-hivemq-platform] [hivemq-platform-operator] [2ac26a34] 18:31:09.830 [ReconcilerExecutor-hivemq-controller-114] DEBUG c.h.p.o.HiveMQPlatformReconciler - [helmmqtt] StatefulSet Spec (replicas: 1, init containers: 1, containers: 1, volumes: 3)
2025-01-30 18:31:09,833 INFO c.h.h.t.HelmChartContainer - [hivemq-test-hivemq-platform] [hivemq-platform-operator] [2ac26a34] 18:31:09.831 [ReconcilerExecutor-hivemq-controller-114] DEBUG c.h.p.o.h.HiveMQPlatformReconcilerErrorHandler - [helmmqtt] Pod 'test-hivemq-platform-0' phase Running
2025-01-30 18:31:09,834 INFO c.h.h.t.HelmChartContainer - [hivemq-test-hivemq-platform] [hivemq-platform-operator] [2ac26a34] 18:31:09.832 [ReconcilerExecutor-hivemq-controller-114] INFO  c.h.p.o.h.HiveMQPlatformReconcilerBaseHandler - [helmmqtt] HiveMQ Platform started successfully
2025-01-30 18:31:09,932 INFO c.h.h.t.HelmChartContainer - [hivemq-test-hivemq-platform] [hivemq-platform-operator] [2ac26a34] 18:31:09.930 [ReconcilerExecutor-hivemq-controller-114] DEBUG c.h.p.operator.event.EventSender - [helmmqtt] Creating K8s event hivemq-platform-ready: [Ready] HiveMQ Platform is ready
2025-01-30 18:31:09,935 INFO c.h.h.t.HelmChartContainer - [EVENT] Normal [Ready] HiveMQ Platform is ready [helmmqttit:test-hivemq-platform]
2025-01-30 18:31:09,937 INFO c.h.h.t.HelmChartContainer - [hivemq-test-hivemq-platform] [hivemq-platform-operator] [2ac26a34] 18:31:09.936 [ReconcilerExecutor-hivemq-controller-114] INFO  c.h.p.o.h.AbstractHiveMQReconcilerStateHandler - [helmmqtt] Update HiveMQ Platform Status (STARTING [READY] -> RUNNING [READY]): HiveMQ Platform is ready
2025-01-30 18:31:09,946 DEBUG com.hivemq.helmcharts.util.K8sUtil - Comparing actual state 'RUNNING' and waiting for 'RUNNING'
2025-01-30 18:31:09,953 INFO c.h.h.t.HelmChartContainer - [hivemq-test-hivemq-platform] [hivemq-platform-operator] [2ac26a34] 18:31:09.953 [pool-6-thread-11] DEBUG c.h.p.o.d.PlatformServiceResource - [helmmqtt] Desired Platform services (2 services)
2025-01-30 18:31:09,957 INFO c.h.h.t.HelmChartContainer - [hivemq-test-hivemq-platform] [hivemq-platform-operator] [2ac26a34] 18:31:09.956 [pool-6-thread-14] DEBUG c.h.p.o.dependants.PodInfoConfigMap - [helmmqtt] Desired PodInfo ConfigMap (1 extensions) (1 enabled)
2025-01-30 18:31:09,958 INFO c.h.h.t.HelmChartContainer - [hivemq-test-hivemq-platform] [hivemq-platform-operator] [2ac26a34] 18:31:09.957 [pool-6-thread-14] DEBUG c.h.p.o.dependants.PodInfoConfigMap - [helmmqtt] Desired PodInfo ConfigMap (metrics port: 9399) (metrics path: /)
2025-01-30 18:31:09,958 INFO c.h.h.t.HelmChartContainer - [hivemq-test-hivemq-platform] [hivemq-platform-operator] [2ac26a34] 18:31:09.957 [pool-6-thread-14] DEBUG c.h.p.o.dependants.PodInfoConfigMap - [helmmqtt] Desired PodInfo ConfigMap (extension state hash: -1817474005)
2025-01-30 18:31:10,028 INFO c.h.h.t.HelmChartContainer - [hivemq-test-hivemq-platform] [hivemq-platform-operator] [2ac26a34] 18:31:10.026 [pool-6-thread-14] DEBUG c.h.p.o.dependants.PodInfoConfigMap - [helmmqtt] Update PodInfo ConfigMap
2025-01-30 18:31:10,029 INFO c.h.h.t.HelmChartContainer - [hivemq-test-hivemq-platform] [hivemq-platform-operator] [2ac26a34] 18:31:10.027 [pool-6-thread-17] DEBUG c.h.p.o.d.PodServiceAccountResource - [helmmqtt] Desired PodServiceAccountResource (serviceAccountName: hivemq-platform-pod-test-hivemq-platform)
2025-01-30 18:31:10,038 INFO c.h.h.t.HelmChartContainer - [hivemq-test-hivemq-platform] [hivemq-platform-operator] [2ac26a34] 18:31:10.037 [pool-6-thread-14] DEBUG c.h.p.o.d.StatefulSetResource - [helmmqtt] Desired StatefulSet (1 replicas) for status RUNNING (READY)
2025-01-30 18:31:10,042 INFO c.h.h.t.HelmChartContainer - [hivemq-test-hivemq-platform] [hivemq-platform-operator] [2ac26a34] 18:31:10.041 [ReconcilerExecutor-hivemq-controller-115] INFO  c.h.p.o.HiveMQPlatformReconciler - [helmmqtt] Reconciling HiveMQ Platform 'test-hivemq-platform' in namespace 'helmmqttit'
2025-01-30 18:31:10,043 INFO c.h.h.t.HelmChartContainer - [hivemq-test-hivemq-platform] [hivemq-platform-operator] [2ac26a34] 18:31:10.042 [ReconcilerExecutor-hivemq-controller-115] DEBUG c.h.p.o.HiveMQPlatformReconciler - [helmmqtt] Custom Resource Status RUNNING - HiveMQ Platform is ready (READY)
2025-01-30 18:31:10,043 INFO c.h.h.t.HelmChartContainer - [hivemq-test-hivemq-platform] [hivemq-platform-operator] [2ac26a34] 18:31:10.042 [ReconcilerExecutor-hivemq-controller-115] DEBUG c.h.p.o.HiveMQPlatformReconciler - [helmmqtt] Custom Resource Spec (replicas: 1) (extensions: 1)
2025-01-30 18:31:10,044 INFO c.h.h.t.HelmChartContainer - [hivemq-test-hivemq-platform] [hivemq-platform-operator] [2ac26a34] 18:31:10.043 [ReconcilerExecutor-hivemq-controller-115] DEBUG c.h.p.o.HiveMQPlatformReconciler - [helmmqtt] StatefulSet Status (revision: test-hivemq-platform-7bbc5894fb, replicas: 1, available: 1, ready: 1, current: 1, updated: 1)
2025-01-30 18:31:10,044 INFO c.h.h.t.HelmChartContainer - [hivemq-test-hivemq-platform] [hivemq-platform-operator] [2ac26a34] 18:31:10.043 [ReconcilerExecutor-hivemq-controller-115] DEBUG c.h.p.o.HiveMQPlatformReconciler - [helmmqtt] StatefulSet Spec (replicas: 1, init containers: 1, containers: 1, volumes: 3)
2025-01-30 18:31:10,128 INFO c.h.h.t.HelmChartContainer - [hivemq-test-hivemq-platform] [hivemq-platform-operator] [2ac26a34] 18:31:10.127 [ReconcilerExecutor-hivemq-controller-115] DEBUG c.h.p.o.h.HiveMQPlatformReconcilerErrorHandler - [helmmqtt] Pod 'test-hivemq-platform-0' phase Running
2025-01-30 18:31:15,049 INFO c.h.h.t.HelmChartContainer - Uninstalling release 'test-hivemq-platform' in namespace 'helmmqttit'...
2025-01-30 18:31:15,049 DEBUG c.h.h.t.HelmChartContainer - Executing helm command: /bin/helm --kubeconfig /etc/rancher/k3s/k3s.yaml uninstall test-hivemq-platform  --wait --timeout 5m0s --cascade foreground --namespace helmmqttit
2025-01-30 18:31:15,252 INFO c.h.h.t.HelmChartContainer - [hivemq-test-hivemq-platform] [hivemq-platform-operator] [2ac26a34] 18:31:15.249 [pool-6-thread-24] DEBUG c.h.p.o.d.PlatformServiceResource - [helmmqtt] Desired Platform services (2 services)
2025-01-30 18:31:15,254 INFO c.h.h.t.HelmChartContainer - [hivemq-test-hivemq-platform] [hivemq-platform-operator] [2ac26a34] 18:31:15.250 [pool-6-thread-21] DEBUG c.h.p.o.dependants.PodInfoConfigMap - [helmmqtt] Desired PodInfo ConfigMap (1 extensions) (1 enabled)
2025-01-30 18:31:15,257 INFO c.h.h.t.HelmChartContainer - [hivemq-test-hivemq-platform] [hivemq-platform-operator] [2ac26a34] 18:31:15.250 [pool-6-thread-21] DEBUG c.h.p.o.dependants.PodInfoConfigMap - [helmmqtt] Desired PodInfo ConfigMap (metrics port: 9399) (metrics path: /)
2025-01-30 18:31:15,257 INFO c.h.h.t.HelmChartContainer - [hivemq-test-hivemq-platform] [hivemq-platform-operator] [2ac26a34] 18:31:15.250 [pool-6-thread-21] DEBUG c.h.p.o.dependants.PodInfoConfigMap - [helmmqtt] Desired PodInfo ConfigMap (extension state hash: -1817474005)
2025-01-30 18:31:15,333 INFO c.h.h.t.HelmChartContainer - [hivemq-test-hivemq-platform] [hivemq-platform-operator] [2ac26a34] 18:31:15.331 [pool-6-thread-21] DEBUG c.h.p.o.d.PodServiceAccountResource - [helmmqtt] Desired PodServiceAccountResource (serviceAccountName: hivemq-platform-pod-test-hivemq-platform)
2025-01-30 18:31:15,335 INFO c.h.h.t.HelmChartContainer - [hivemq-test-hivemq-platform] [hivemq-platform-operator] [2ac26a34] 18:31:15.334 [pool-6-thread-25] DEBUG c.h.p.o.d.StatefulSetResource - [helmmqtt] Desired StatefulSet (1 replicas) for status RUNNING (READY)
2025-01-30 18:31:15,338 INFO c.h.h.t.HelmChartContainer - [hivemq-test-hivemq-platform] [hivemq-platform-operator] [2ac26a34] 18:31:15.338 [pool-6-thread-25] DEBUG c.h.p.o.d.StatefulSetResource - [helmmqtt] Update StatefulSet (replicas: 1 -> 1)
2025-01-30 18:31:15,339 INFO c.h.h.t.HelmChartContainer - [hivemq-test-hivemq-platform] [hivemq-platform-operator] [2ac26a34] 18:31:15.339 [pool-6-thread-25] DEBUG c.h.p.o.d.StatefulSetResource - [helmmqtt] Detected change in StatefulSet specification (path: /template/metadata/annotations/kubernetes-resource-versions) (actual value: {broker-configuration-v2=319910904}) (target value: {broker-configuration-v2=0})
2025-01-30 18:31:15,340 INFO c.h.h.t.HelmChartContainer - [hivemq-test-hivemq-platform] [hivemq-platform-operator] [2ac26a34] 18:31:15.339 [pool-6-thread-25] INFO  c.h.p.o.d.StatefulSetResource - [helmmqtt] StatefulSet spec was updated, triggering rolling restart
2025-01-30 18:31:15,433 INFO c.h.h.t.HelmChartContainer - [hivemq-test-hivemq-platform] [hivemq-platform-operator] [2ac26a34] 18:31:15.430 [ReconcilerExecutor-hivemq-controller-116] INFO  c.h.p.o.HiveMQPlatformReconciler - [helmmqtt] Reconciling HiveMQ Platform 'test-hivemq-platform' in namespace 'helmmqttit'
2025-01-30 18:31:15,433 INFO c.h.h.t.HelmChartContainer - [hivemq-test-hivemq-platform] [hivemq-platform-operator] [2ac26a34] 18:31:15.430 [ReconcilerExecutor-hivemq-controller-116] DEBUG c.h.p.o.HiveMQPlatformReconciler - [helmmqtt] Custom Resource Status RUNNING - HiveMQ Platform is ready (READY) (reconciliation requests: REQUESTS_UPDATED, ROLLING_RESTART)
2025-01-30 18:31:15,433 INFO c.h.h.t.HelmChartContainer - [hivemq-test-hivemq-platform] [hivemq-platform-operator] [2ac26a34] 18:31:15.431 [ReconcilerExecutor-hivemq-controller-116] DEBUG c.h.p.o.HiveMQPlatformReconciler - [helmmqtt] Custom Resource Spec (replicas: 1) (extensions: 1)
2025-01-30 18:31:15,433 INFO c.h.h.t.HelmChartContainer - [hivemq-test-hivemq-platform] [hivemq-platform-operator] [2ac26a34] 18:31:15.431 [ReconcilerExecutor-hivemq-controller-116] WARN  c.h.p.o.h.HiveMQPlatformReconcilerErrorHandler - [helmmqtt] Could not find ConfigMap 'hivemq-configuration-test-hivemq-platform' for HiveMQ Platform configuration
2025-01-30 18:31:15,533 INFO c.h.h.t.HelmChartContainer - [hivemq-test-hivemq-platform] [hivemq-platform-operator] [2ac26a34] 18:31:15.532 [ReconcilerExecutor-hivemq-controller-116] DEBUG c.h.p.operator.event.EventSender - [helmmqtt] Creating K8s event hivemq-platform-invalid-configuration: [Start] Could not find ConfigMap 'hivemq-configuration-test-hivemq-platform' for HiveMQ Platform configuration
2025-01-30 18:31:15,537 INFO c.h.h.t.HelmChartContainer - [EVENT] Warning [Start] Could not find ConfigMap 'hivemq-configuration-test-hivemq-platform' for HiveMQ Platform configuration [helmmqttit:test-hivemq-platform]
2025-01-30 18:31:15,538 INFO c.h.h.t.HelmChartContainer - [hivemq-test-hivemq-platform] [hivemq-platform-operator] [2ac26a34] 18:31:15.537 [ReconcilerExecutor-hivemq-controller-116] INFO  c.h.p.o.h.AbstractHiveMQReconcilerStateHandler - [helmmqtt] Update HiveMQ Platform Status (RUNNING [READY] -> ERROR [INVALID_CONFIG_MAP]): Could not find ConfigMap 'hivemq-configuration-test-hivemq-platform' for HiveMQ Platform configuration (reconciliation requests: ROLLING_RESTART)
2025-01-30 18:31:15,629 INFO c.h.h.t.HelmChartContainer - [hivemq-test-hivemq-platform] [hivemq-platform-operator] [2ac26a34] 18:31:15.546 [ReconcilerExecutor-hivemq-controller-116] ERROR i.j.o.p.event.EventProcessor - Error during event processing ExecutionScope{ resource id: ResourceID{name='test-hivemq-platform', namespace='helmmqttit'}, version: 862}
2025-01-30 18:31:15,629 INFO c.h.h.t.HelmChartContainer - [hivemq-test-hivemq-platform] [hivemq-platform-operator] [2ac26a34] io.fabric8.kubernetes.client.KubernetesClientException: Failure executing: PUT at: https://10.43.0.1:443/apis/hivemq.com/v1/namespaces/helmmqttit/hivemq-platforms/test-hivemq-platform/status. Message: Operation cannot be fulfilled on hivemq-platforms.hivemq.com "test-hivemq-platform": the object has been modified; please apply your changes to the latest version and try again. Received status: Status(apiVersion=v1, code=409, details=StatusDetails(causes=[], group=hivemq.com, kind=hivemq-platforms, name=test-hivemq-platform, retryAfterSeconds=null, uid=null, additionalProperties={}), kind=Status, message=Operation cannot be fulfilled on hivemq-platforms.hivemq.com "test-hivemq-platform": the object has been modified; please apply your changes to the latest version and try again, metadata=ListMeta(_continue=null, remainingItemCount=null, resourceVersion=null, selfLink=null, additionalProperties={}), reason=Conflict, status=Failure, additionalProperties={}).
2025-01-30 18:31:15,629 INFO c.h.h.t.HelmChartContainer - [hivemq-test-hivemq-platform] [hivemq-platform-operator] [2ac26a34] 	at io.fabric8.kubernetes.client.KubernetesClientException.copyAsCause(KubernetesClientException.java:238)
2025-01-30 18:31:15,629 INFO c.h.h.t.HelmChartContainer - [hivemq-test-hivemq-platform] [hivemq-platform-operator] [2ac26a34] 	at io.fabric8.kubernetes.client.dsl.internal.OperationSupport.waitForResult(OperationSupport.java:507)
2025-01-30 18:31:15,629 INFO c.h.h.t.HelmChartContainer - [hivemq-test-hivemq-platform] [hivemq-platform-operator] [2ac26a34] 	at io.fabric8.kubernetes.client.dsl.internal.OperationSupport.handleResponse(OperationSupport.java:524)
2025-01-30 18:31:15,629 INFO c.h.h.t.HelmChartContainer - [hivemq-test-hivemq-platform] [hivemq-platform-operator] [2ac26a34] 	at io.fabric8.kubernetes.client.dsl.internal.OperationSupport.handleUpdate(OperationSupport.java:358)
2025-01-30 18:31:15,629 INFO c.h.h.t.HelmChartContainer - [hivemq-test-hivemq-platform] [hivemq-platform-operator] [2ac26a34] 	at io.fabric8.kubernetes.client.dsl.internal.BaseOperation.handleUpdate(BaseOperation.java:759)
2025-01-30 18:31:15,629 INFO c.h.h.t.HelmChartContainer - [hivemq-test-hivemq-platform] [hivemq-platform-operator] [2ac26a34] 	at io.fabric8.kubernetes.client.dsl.internal.HasMetadataOperation.update(HasMetadataOperation.java:138)
2025-01-30 18:31:15,629 INFO c.h.h.t.HelmChartContainer - [hivemq-test-hivemq-platform] [hivemq-platform-operator] [2ac26a34] 	at io.fabric8.kubernetes.client.dsl.internal.HasMetadataOperation.update(HasMetadataOperation.java:121)
2025-01-30 18:31:15,629 INFO c.h.h.t.HelmChartContainer - [hivemq-test-hivemq-platform] [hivemq-platform-operator] [2ac26a34] 	at io.fabric8.kubernetes.client.dsl.internal.HasMetadataOperation.updateStatus(HasMetadataOperation.java:126)
2025-01-30 18:31:15,629 INFO c.h.h.t.HelmChartContainer - [hivemq-test-hivemq-platform] [hivemq-platform-operator] [2ac26a34] 	at io.fabric8.kubernetes.client.dsl.internal.HasMetadataOperation.updateStatus(HasMetadataOperation.java:44)
2025-01-30 18:31:15,629 INFO c.h.h.t.HelmChartContainer - [hivemq-test-hivemq-platform] [hivemq-platform-operator] [2ac26a34] 	at io.javaoperatorsdk.operator.processing.event.ReconciliationDispatcher$CustomResourceFacade.updateStatus(ReconciliationDispatcher.java:408)
2025-01-30 18:31:15,629 INFO c.h.h.t.HelmChartContainer - [hivemq-test-hivemq-platform] [hivemq-platform-operator] [2ac26a34] 	at io.javaoperatorsdk.operator.processing.event.ReconciliationDispatcher.updateStatusGenerationAware(ReconciliationDispatcher.java:228)
2025-01-30 18:31:15,629 INFO c.h.h.t.HelmChartContainer - [hivemq-test-hivemq-platform] [hivemq-platform-operator] [2ac26a34] 	at io.javaoperatorsdk.operator.processing.event.ReconciliationDispatcher.reconcileExecution(ReconciliationDispatcher.java:150)
2025-01-30 18:31:15,629 INFO c.h.h.t.HelmChartContainer - [hivemq-test-hivemq-platform] [hivemq-platform-operator] [2ac26a34] 	at io.javaoperatorsdk.operator.processing.event.ReconciliationDispatcher.handleReconcile(ReconciliationDispatcher.java:117)
2025-01-30 18:31:15,629 INFO c.h.h.t.HelmChartContainer - [hivemq-test-hivemq-platform] [hivemq-platform-operator] [2ac26a34] 	at io.javaoperatorsdk.operator.processing.event.ReconciliationDispatcher.handleDispatch(ReconciliationDispatcher.java:91)
2025-01-30 18:31:15,629 INFO c.h.h.t.HelmChartContainer - [hivemq-test-hivemq-platform] [hivemq-platform-operator] [2ac26a34] 	at io.javaoperatorsdk.operator.processing.event.ReconciliationDispatcher.handleExecution(ReconciliationDispatcher.java:64)
2025-01-30 18:31:15,629 INFO c.h.h.t.HelmChartContainer - [hivemq-test-hivemq-platform] [hivemq-platform-operator] [2ac26a34] 	at io.javaoperatorsdk.operator.processing.event.EventProcessor$ReconcilerExecutor.run(EventProcessor.java:452)
2025-01-30 18:31:15,629 INFO c.h.h.t.HelmChartContainer - [hivemq-test-hivemq-platform] [hivemq-platform-operator] [2ac26a34] 	at java.base/java.util.concurrent.ThreadPoolExecutor.runWorker(Unknown Source)
2025-01-30 18:31:15,629 INFO c.h.h.t.HelmChartContainer - [hivemq-test-hivemq-platform] [hivemq-platform-operator] [2ac26a34] 	at java.base/java.util.concurrent.ThreadPoolExecutor$Worker.run(Unknown Source)
2025-01-30 18:31:15,629 INFO c.h.h.t.HelmChartContainer - [hivemq-test-hivemq-platform] [hivemq-platform-operator] [2ac26a34] 	at java.base/java.lang.Thread.run(Unknown Source)
2025-01-30 18:31:15,629 INFO c.h.h.t.HelmChartContainer - [hivemq-test-hivemq-platform] [hivemq-platform-operator] [2ac26a34] Caused by: io.fabric8.kubernetes.client.KubernetesClientException: Failure executing: PUT at: https://10.43.0.1:443/apis/hivemq.com/v1/namespaces/helmmqttit/hivemq-platforms/test-hivemq-platform/status. Message: Operation cannot be fulfilled on hivemq-platforms.hivemq.com "test-hivemq-platform": the object has been modified; please apply your changes to the latest version and try again. Received status: Status(apiVersion=v1, code=409, details=StatusDetails(causes=[], group=hivemq.com, kind=hivemq-platforms, name=test-hivemq-platform, retryAfterSeconds=null, uid=null, additionalProperties={}), kind=Status, message=Operation cannot be fulfilled on hivemq-platforms.hivemq.com "test-hivemq-platform": the object has been modified; please apply your changes to the latest version and try again, metadata=ListMeta(_continue=null, remainingItemCount=null, resourceVersion=null, selfLink=null, additionalProperties={}), reason=Conflict, status=Failure, additionalProperties={}).
2025-01-30 18:31:15,629 INFO c.h.h.t.HelmChartContainer - [hivemq-test-hivemq-platform] [hivemq-platform-operator] [2ac26a34] 	at io.fabric8.kubernetes.client.dsl.internal.OperationSupport.requestFailure(OperationSupport.java:660)
2025-01-30 18:31:15,629 INFO c.h.h.t.HelmChartContainer - [hivemq-test-hivemq-platform] [hivemq-platform-operator] [2ac26a34] 	at io.fabric8.kubernetes.client.dsl.internal.OperationSupport.requestFailure(OperationSupport.java:640)
2025-01-30 18:31:15,629 INFO c.h.h.t.HelmChartContainer - [hivemq-test-hivemq-platform] [hivemq-platform-operator] [2ac26a34] 	at io.fabric8.kubernetes.client.dsl.internal.OperationSupport.assertResponseCode(OperationSupport.java:589)
2025-01-30 18:31:15,629 INFO c.h.h.t.HelmChartContainer - [hivemq-test-hivemq-platform] [hivemq-platform-operator] [2ac26a34] 	at io.fabric8.kubernetes.client.dsl.internal.OperationSupport.lambda$handleResponse$0(OperationSupport.java:549)
2025-01-30 18:31:15,630 INFO c.h.h.t.HelmChartContainer - [hivemq-test-hivemq-platform] [hivemq-platform-operator] [2ac26a34] 	at java.base/java.util.concurrent.CompletableFuture$UniApply.tryFire(Unknown Source)
2025-01-30 18:31:15,630 INFO c.h.h.t.HelmChartContainer - [hivemq-test-hivemq-platform] [hivemq-platform-operator] [2ac26a34] 	at java.base/java.util.concurrent.CompletableFuture.postComplete(Unknown Source)
2025-01-30 18:31:15,630 INFO c.h.h.t.HelmChartContainer - [hivemq-test-hivemq-platform] [hivemq-platform-operator] [2ac26a34] 	at java.base/java.util.concurrent.CompletableFuture.complete(Unknown Source)
2025-01-30 18:31:15,630 INFO c.h.h.t.HelmChartContainer - [hivemq-test-hivemq-platform] [hivemq-platform-operator] [2ac26a34] 	at io.fabric8.kubernetes.client.http.StandardHttpClient.lambda$completeOrCancel$10(StandardHttpClient.java:141)
2025-01-30 18:31:15,630 INFO c.h.h.t.HelmChartContainer - [hivemq-test-hivemq-platform] [hivemq-platform-operator] [2ac26a34] 	at java.base/java.util.concurrent.CompletableFuture.uniWhenComplete(Unknown Source)
2025-01-30 18:31:15,630 INFO c.h.h.t.HelmChartContainer - [hivemq-test-hivemq-platform] [hivemq-platform-operator] [2ac26a34] 	at java.base/java.util.concurrent.CompletableFuture$UniWhenComplete.tryFire(Unknown Source)
2025-01-30 18:31:15,630 INFO c.h.h.t.HelmChartContainer - [hivemq-test-hivemq-platform] [hivemq-platform-operator] [2ac26a34] 	at java.base/java.util.concurrent.CompletableFuture.postComplete(Unknown Source)
2025-01-30 18:31:15,630 INFO c.h.h.t.HelmChartContainer - [hivemq-test-hivemq-platform] [hivemq-platform-operator] [2ac26a34] 	at java.base/java.util.concurrent.CompletableFuture.complete(Unknown Source)
2025-01-30 18:31:15,630 INFO c.h.h.t.HelmChartContainer - [hivemq-test-hivemq-platform] [hivemq-platform-operator] [2ac26a34] 	at io.fabric8.kubernetes.client.http.ByteArrayBodyHandler.onBodyDone(ByteArrayBodyHandler.java:51)
2025-01-30 18:31:15,630 INFO c.h.h.t.HelmChartContainer - [hivemq-test-hivemq-platform] [hivemq-platform-operator] [2ac26a34] 	at java.base/java.util.concurrent.CompletableFuture.uniWhenComplete(Unknown Source)
2025-01-30 18:31:15,630 INFO c.h.h.t.HelmChartContainer - [hivemq-test-hivemq-platform] [hivemq-platform-operator] [2ac26a34] 	at java.base/java.util.concurrent.CompletableFuture$UniWhenComplete.tryFire(Unknown Source)
2025-01-30 18:31:15,631 INFO c.h.h.t.HelmChartContainer - [hivemq-test-hivemq-platform] [hivemq-platform-operator] [2ac26a34] 	at java.base/java.util.concurrent.CompletableFuture.postComplete(Unknown Source)
2025-01-30 18:31:15,631 INFO c.h.h.t.HelmChartContainer - [hivemq-test-hivemq-platform] [hivemq-platform-operator] [2ac26a34] 	at java.base/java.util.concurrent.CompletableFuture.complete(Unknown Source)
2025-01-30 18:31:15,631 INFO c.h.h.t.HelmChartContainer - [hivemq-test-hivemq-platform] [hivemq-platform-operator] [2ac26a34] 	at io.fabric8.kubernetes.client.vertx.VertxHttpRequest.lambda$null$1(VertxHttpRequest.java:121)
2025-01-30 18:31:15,631 INFO c.h.h.t.HelmChartContainer - [hivemq-test-hivemq-platform] [hivemq-platform-operator] [2ac26a34] 	at io.vertx.core.impl.ContextInternal.dispatch(ContextInternal.java:279)
2025-01-30 18:31:15,631 INFO c.h.h.t.HelmChartContainer - [hivemq-test-hivemq-platform] [hivemq-platform-operator] [2ac26a34] 	at io.vertx.core.impl.ContextInternal.dispatch(ContextInternal.java:261)
2025-01-30 18:31:15,631 INFO c.h.h.t.HelmChartContainer - [hivemq-test-hivemq-platform] [hivemq-platform-operator] [2ac26a34] 	at io.vertx.core.http.impl.HttpEventHandler.handleEnd(HttpEventHandler.java:76)
2025-01-30 18:31:15,631 INFO c.h.h.t.HelmChartContainer - [hivemq-test-hivemq-platform] [hivemq-platform-operator] [2ac26a34] 	at io.vertx.core.http.impl.HttpClientResponseImpl.handleEnd(HttpClientResponseImpl.java:250)
2025-01-30 18:31:15,631 INFO c.h.h.t.HelmChartContainer - [hivemq-test-hivemq-platform] [hivemq-platform-operator] [2ac26a34] 	at io.vertx.core.http.impl.Http1xClientConnection$StreamImpl.lambda$new$0(Http1xClientConnection.java:421)
2025-01-30 18:31:15,631 INFO c.h.h.t.HelmChartContainer - [hivemq-test-hivemq-platform] [hivemq-platform-operator] [2ac26a34] 	at io.vertx.core.streams.impl.InboundBuffer.handleEvent(InboundBuffer.java:279)
2025-01-30 18:31:15,631 INFO c.h.h.t.HelmChartContainer - [hivemq-test-hivemq-platform] [hivemq-platform-operator] [2ac26a34] 	at io.vertx.core.streams.impl.InboundBuffer.write(InboundBuffer.java:157)
2025-01-30 18:31:15,631 INFO c.h.h.t.HelmChartContainer - [hivemq-test-hivemq-platform] [hivemq-platform-operator] [2ac26a34] 	at io.vertx.core.http.impl.Http1xClientConnection$StreamImpl.handleEnd(Http1xClientConnection.java:709)
2025-01-30 18:31:15,631 INFO c.h.h.t.HelmChartContainer - [hivemq-test-hivemq-platform] [hivemq-platform-operator] [2ac26a34] 	at io.vertx.core.impl.ContextImpl.lambda$execute$4(ContextImpl.java:315)
2025-01-30 18:31:15,631 INFO c.h.h.t.HelmChartContainer - [hivemq-test-hivemq-platform] [hivemq-platform-operator] [2ac26a34] 	at io.netty.util.concurrent.AbstractEventExecutor.runTask(AbstractEventExecutor.java:173)
2025-01-30 18:31:15,631 INFO c.h.h.t.HelmChartContainer - [hivemq-test-hivemq-platform] [hivemq-platform-operator] [2ac26a34] 	at io.netty.util.concurrent.AbstractEventExecutor.safeExecute(AbstractEventExecutor.java:166)
2025-01-30 18:31:15,631 INFO c.h.h.t.HelmChartContainer - [hivemq-test-hivemq-platform] [hivemq-platform-operator] [2ac26a34] 	at io.netty.util.concurrent.SingleThreadEventExecutor.runAllTasks(SingleThreadEventExecutor.java:472)
2025-01-30 18:31:15,631 INFO c.h.h.t.HelmChartContainer - [hivemq-test-hivemq-platform] [hivemq-platform-operator] [2ac26a34] 	at io.netty.channel.nio.NioEventLoop.run(NioEventLoop.java:569)
2025-01-30 18:31:15,631 INFO c.h.h.t.HelmChartContainer - [hivemq-test-hivemq-platform] [hivemq-platform-operator] [2ac26a34] 	at io.netty.util.concurrent.SingleThreadEventExecutor$4.run(SingleThreadEventExecutor.java:997)
2025-01-30 18:31:15,631 INFO c.h.h.t.HelmChartContainer - [hivemq-test-hivemq-platform] [hivemq-platform-operator] [2ac26a34] 	at io.netty.util.internal.ThreadExecutorMap$2.run(ThreadExecutorMap.java:74)
2025-01-30 18:31:15,631 INFO c.h.h.t.HelmChartContainer - [hivemq-test-hivemq-platform] [hivemq-platform-operator] [2ac26a34] 	at io.netty.util.concurrent.FastThreadLocalRunnable.run(FastThreadLocalRunnable.java:30)
2025-01-30 18:31:15,631 INFO c.h.h.t.HelmChartContainer - [hivemq-test-hivemq-platform] [hivemq-platform-operator] [2ac26a34] 	... 1 common frames omitted
2025-01-30 18:31:15,634 INFO c.h.h.t.HelmChartContainer - [hivemq-test-hivemq-platform] [hivemq-platform-operator] [2ac26a34] 18:31:15.632 [ReconcilerExecutor-hivemq-controller-122] INFO  c.h.p.o.HiveMQPlatformReconciler - [helmmqtt] Cleanup test-hivemq-platform - helmmqttit HiveMQ Platform is shut down
2025-01-30 18:31:15,713 INFO c.h.h.t.HelmChartContainer - [POD] test-hivemq-platform-0 [350a06c8-59b4-4a54-9785-29895187a557] in helmmqttit was MODIFIED
2025-01-30 18:31:15,722 INFO c.h.h.t.HelmChartContainer - [EVENT] Normal [Killing] Stopping container hivemq [helmmqttit:test-hivemq-platform-0]
2025-01-30 18:31:15,722 INFO c.h.h.t.HelmChartContainer - Received Killing event for container hivemq in pod test-hivemq-platform-0 [350a06c8-59b4-4a54-9785-29895187a557]
2025-01-30 18:31:15,722 INFO c.h.h.t.HelmChartContainer - Container [test-hivemq-platform-0] [hivemq] [350a06c8-59b4-4a54-9785-29895187a557] was terminated
2025-01-30 18:31:15,722 INFO c.h.h.t.HelmChartContainer - Stopped log watcher for hivemq in pod test-hivemq-platform-0 [350a06c8-59b4-4a54-9785-29895187a557]
2025-01-30 18:31:15,724 INFO c.h.h.t.HelmChartContainer - [test-hivemq-platform] [hivemq] [350a06c8] INFO  - [HiveMQ Platform Operator Init App 1.7.0-SNAPSHOT] Shutting down
2025-01-30 18:31:15,725 INFO c.h.h.t.HelmChartContainer - [test-hivemq-platform] [hivemq] [350a06c8] INFO  - [HiveMQ Platform Operator Init App 1.7.0-SNAPSHOT] Stopping the HiveMQ Platform
2025-01-30 18:31:15,817 INFO c.h.h.t.HelmChartContainer - [test-hivemq-platform] [hivemq] [350a06c8] INFO  - Shutting down HiveMQ. Please wait, this could take a while...
2025-01-30 18:31:15,904 INFO c.h.h.t.HelmChartContainer - [test-hivemq-platform] [hivemq] [350a06c8] INFO  - Shutting down listeners and clients
2025-01-30 18:31:15,908 INFO c.h.h.t.HelmChartContainer - [test-hivemq-platform] [hivemq] [350a06c8] INFO  - Shutdown of listeners is done
2025-01-30 18:31:15,908 INFO c.h.h.t.HelmChartContainer - [test-hivemq-platform] [hivemq] [350a06c8] INFO  - No clients are connected, proceeding with shutdown
2025-01-30 18:31:17,302 INFO c.h.h.t.HelmChartContainer - Deleting namespace 'helmmqttit'...
2025-01-30 18:31:19,213 INFO c.h.h.t.HelmChartContainer - [test-hivemq-platform] [hivemq] [350a06c8] INFO  - Shutting down extension system
2025-01-30 18:31:19,215 INFO c.h.h.t.HelmChartContainer - [test-hivemq-platform] [hivemq] [350a06c8] INFO  - Stopping extension with id hivemq-dns-cluster-discovery
2025-01-30 18:31:19,216 INFO c.h.h.t.HelmChartContainer - [test-hivemq-platform] [hivemq] [350a06c8] INFO  - Extension "DNS Cluster Discovery Extension" version 4.3.2 stopped successfully.
2025-01-30 18:31:19,217 INFO c.h.h.t.HelmChartContainer - [test-hivemq-platform] [hivemq] [350a06c8] INFO  - Stopping extension with id hivemq-prometheus-extension
2025-01-30 18:31:19,220 INFO c.h.h.t.HelmChartContainer - [test-hivemq-platform] [hivemq] [350a06c8] INFO  - Extension "Prometheus Monitoring Extension" version 4.0.12 stopped successfully.
2025-01-30 18:31:19,221 INFO c.h.h.t.HelmChartContainer - [test-hivemq-platform] [hivemq] [350a06c8] INFO  - Stopping extension with id hivemq-allow-all-extension
2025-01-30 18:31:19,222 INFO c.h.h.t.HelmChartContainer - [test-hivemq-platform] [hivemq] [350a06c8] INFO  - Extension "Allow All Extension" version 1.1.1 stopped successfully.
2025-01-30 18:31:19,716 INFO c.h.h.t.HelmChartContainer - [test-hivemq-platform] [hivemq] [350a06c8] INFO  - [HiveMQ Platform Operator Init App 1.7.0-SNAPSHOT] Returning shutdown Health API response 503 for readiness
2025-01-30 18:31:19,720 INFO c.h.h.t.HelmChartContainer - [EVENT] Warning [Unhealthy] Readiness probe failed: HTTP probe failed with statuscode: 503 [helmmqttit:test-hivemq-platform-0]
2025-01-30 18:31:19,720 INFO c.h.h.t.HelmChartContainer - Received Unhealthy event for container hivemq in pod test-hivemq-platform-0 [350a06c8-59b4-4a54-9785-29895187a557]
2025-01-30 18:31:20,239 INFO c.h.h.t.HelmChartContainer - [test-hivemq-platform] [hivemq] [350a06c8] WARN  - [HiveMQ Platform Operator Init App 1.7.0-SNAPSHOT] Could not update Pod annotations: Failure executing: GET at: https://10.43.0.1:443/api/v1/namespaces/helmmqttit/pods/test-hivemq-platform-0. Message: pods "test-hivemq-platform-0" is forbidden: User "system:serviceaccount:helmmqttit:hivemq-platform-pod-test-hivemq-platform" cannot get resource "pods" in API group "" in the namespace "helmmqttit". Received status: Status(apiVersion=v1, code=403, details=StatusDetails(causes=[], group=null, kind=pods, name=test-hivemq-platform-0, retryAfterSeconds=null, uid=null, additionalProperties={}), kind=Status, message=pods "test-hivemq-platform-0" is forbidden: User "system:serviceaccount:helmmqttit:hivemq-platform-pod-test-hivemq-platform" cannot get resource "pods" in API group "" in the namespace "helmmqttit", metadata=ListMeta(_continue=null, remainingItemCount=null, resourceVersion=null, selfLink=null, additionalProperties={}), reason=Forbidden, status=Failure, additionalProperties={}).
2025-01-30 18:31:21,572 INFO c.h.h.t.HelmChartContainer - [test-hivemq-platform] [hivemq] [350a06c8] INFO  - Shutdown completed.
2025-01-30 18:31:21,919 INFO c.h.h.t.HelmChartContainer - [test-hivemq-platform] [hivemq] [350a06c8] INFO  - [HiveMQ Platform Operator Init App 1.7.0-SNAPSHOT] The HiveMQ Platform exited with code 143
2025-01-30 18:31:21,919 INFO c.h.h.t.HelmChartContainer - [test-hivemq-platform] [hivemq] [350a06c8] INFO  - [HiveMQ Platform Operator Init App 1.7.0-SNAPSHOT] Stopping the REST API
2025-01-30 18:31:21,925 INFO c.h.h.t.HelmChartContainer - [test-hivemq-platform] [hivemq] [350a06c8] INFO  - [HiveMQ Platform Operator Init App 1.7.0-SNAPSHOT] Shutdown complete
2025-01-30 18:31:22,341 INFO c.h.h.t.HelmChartContainer - [K3S] [stateful_set.go:466] "StatefulSet has been deleted" key="helmmqttit/test-hivemq-platform"
2025-01-30 18:31:22,369 INFO c.h.h.t.HelmChartContainer - [POD] test-hivemq-platform-0 [350a06c8-59b4-4a54-9785-29895187a557] in helmmqttit was MODIFIED
2025-01-30 18:31:22,456 INFO c.h.h.t.HelmChartContainer - [K3S] [scope.go:117] "RemoveContainer" containerID="26f74955c9a85783ae59ff530cc09233ceee8617d082843d782e6f3c6328feca"
2025-01-30 18:31:22,467 INFO c.h.h.t.HelmChartContainer - [K3S] [reconciler_common.go:162] "operationExecutor.UnmountVolume started for volume \"kube-api-access-55lpt\" (UniqueName: \"kubernetes.io/projected/350a06c8-59b4-4a54-9785-29895187a557-kube-api-access-55lpt\") pod \"350a06c8-59b4-4a54-9785-29895187a557\" (UID: \"350a06c8-59b4-4a54-9785-29895187a557\") "
2025-01-30 18:31:22,467 INFO c.h.h.t.HelmChartContainer - [K3S] [reconciler_common.go:162] "operationExecutor.UnmountVolume started for volume \"pod-info\" (UniqueName: \"kubernetes.io/configmap/350a06c8-59b4-4a54-9785-29895187a557-pod-info\") pod \"350a06c8-59b4-4a54-9785-29895187a557\" (UID: \"350a06c8-59b4-4a54-9785-29895187a557\") "
2025-01-30 18:31:22,467 INFO c.h.h.t.HelmChartContainer - [K3S] [reconciler_common.go:162] "operationExecutor.UnmountVolume started for volume \"operator-init\" (UniqueName: \"kubernetes.io/empty-dir/350a06c8-59b4-4a54-9785-29895187a557-operator-init\") pod \"350a06c8-59b4-4a54-9785-29895187a557\" (UID: \"350a06c8-59b4-4a54-9785-29895187a557\") "
2025-01-30 18:31:22,467 INFO c.h.h.t.HelmChartContainer - [K3S] [reconciler_common.go:162] "operationExecutor.UnmountVolume started for volume \"broker-configuration\" (UniqueName: \"kubernetes.io/configmap/350a06c8-59b4-4a54-9785-29895187a557-broker-configuration\") pod \"350a06c8-59b4-4a54-9785-29895187a557\" (UID: \"350a06c8-59b4-4a54-9785-29895187a557\") "
2025-01-30 18:31:22,498 INFO c.h.h.t.HelmChartContainer - [K3S] [namespace_controller.go:164] "Unhandled Error" err="deletion of namespace helmmqttit failed: unexpected items still remain in namespace: helmmqttit for gvr: /v1, Resource=pods"
2025-01-30 18:31:22,558 INFO c.h.h.t.HelmChartContainer - [K3S] [scope.go:117] "RemoveContainer" containerID="003b81d27ba727c9ca8585cbf0f5295509a6aee5163f1159cb578d37f43cfa1b"
2025-01-30 18:31:22,561 INFO c.h.h.t.HelmChartContainer - [K3S] [scope.go:117] "RemoveContainer" containerID="26f74955c9a85783ae59ff530cc09233ceee8617d082843d782e6f3c6328feca"
2025-01-30 18:31:22,562 INFO c.h.h.t.HelmChartContainer - [K3S] [scope.go:117] "RemoveContainer" containerID="003b81d27ba727c9ca8585cbf0f5295509a6aee5163f1159cb578d37f43cfa1b"
2025-01-30 18:31:22,567 INFO c.h.h.t.HelmChartContainer - [K3S] [reconciler_common.go:299] "Volume detached for volume \"operator-init\" (UniqueName: \"kubernetes.io/empty-dir/350a06c8-59b4-4a54-9785-29895187a557-operator-init\") on node \"bad0b85700c6\" DevicePath \"\""
2025-01-30 18:31:22,567 INFO c.h.h.t.HelmChartContainer - [K3S] [reconciler_common.go:299] "Volume detached for volume \"kube-api-access-55lpt\" (UniqueName: \"kubernetes.io/projected/350a06c8-59b4-4a54-9785-29895187a557-kube-api-access-55lpt\") on node \"bad0b85700c6\" DevicePath \"\""
2025-01-30 18:31:22,567 INFO c.h.h.t.HelmChartContainer - [K3S] [reconciler_common.go:299] "Volume detached for volume \"pod-info\" (UniqueName: \"kubernetes.io/configmap/350a06c8-59b4-4a54-9785-29895187a557-pod-info\") on node \"bad0b85700c6\" DevicePath \"\""
2025-01-30 18:31:22,567 INFO c.h.h.t.HelmChartContainer - [K3S] [reconciler_common.go:299] "Volume detached for volume \"broker-configuration\" (UniqueName: \"kubernetes.io/configmap/350a06c8-59b4-4a54-9785-29895187a557-broker-configuration\") on node \"bad0b85700c6\" DevicePath \"\""
2025-01-30 18:31:22,660 INFO c.h.h.t.HelmChartContainer - [K3S] [namespace_controller.go:164] "Unhandled Error" err="deletion of namespace helmmqttit failed: unexpected items still remain in namespace: helmmqttit for gvr: /v1, Resource=pods"
2025-01-30 18:31:22,756 INFO c.h.h.t.HelmChartContainer - [K3S] [namespace_controller.go:164] "Unhandled Error" err="deletion of namespace helmmqttit failed: unexpected items still remain in namespace: helmmqttit for gvr: /v1, Resource=pods"
2025-01-30 18:31:22,770 INFO c.h.h.t.HelmChartContainer - [POD] test-hivemq-platform-0 [350a06c8-59b4-4a54-9785-29895187a557] in helmmqttit was MODIFIED
2025-01-30 18:31:22,772 INFO c.h.h.t.HelmChartContainer - [POD] test-hivemq-platform-0 [350a06c8-59b4-4a54-9785-29895187a557] in helmmqttit was DELETED
2025-01-30 18:31:22,934 INFO c.h.h.t.HelmChartContainer - Namespace 'helmmqttit' deleted
2025-01-30 18:31:22,934 INFO c.h.h.t.HelmChartContainer - Release 'test-hivemq-platform' in namespace 'helmmqttit' is uninstalled
2025-01-30 18:31:22,934 INFO c.h.h.t.HelmChartContainer - Uninstalling release 'test-hivemq-platform-operator' in namespace 'helmmqttit-operator'...
2025-01-30 18:31:22,934 DEBUG c.h.h.t.HelmChartContainer - Executing helm command: /bin/helm --kubeconfig /etc/rancher/k3s/k3s.yaml uninstall test-hivemq-platform-operator  --wait --timeout 5m0s --cascade foreground --namespace helmmqttit-operator
2025-01-30 18:31:23,101 INFO c.h.h.t.HelmChartContainer - [K3S] [replica_set.go:679] "Finished syncing" kind="ReplicaSet" key="helmmqttit-operator/hivemq-test-hivemq-platform-operator-6966f96d65" duration="14.881191ms"
2025-01-30 18:31:23,104 INFO c.h.h.t.HelmChartContainer - [K3S] [replica_set.go:679] "Finished syncing" kind="ReplicaSet" key="helmmqttit-operator/hivemq-test-hivemq-platform-operator-6966f96d65" duration="31.539µs"
2025-01-30 18:31:23,122 INFO c.h.h.t.HelmChartContainer - [POD] hivemq-test-hivemq-platform-operator-6966f96d65-2c7hg [2ac26a34-047a-4f20-b44b-f95cf267263e] in helmmqttit-operator was MODIFIED
2025-01-30 18:31:23,131 INFO c.h.h.t.HelmChartContainer - [K3S] [replica_set.go:679] "Finished syncing" kind="ReplicaSet" key="helmmqttit-operator/hivemq-test-hivemq-platform-operator-6966f96d65" duration="11.68063ms"
2025-01-30 18:31:23,133 INFO c.h.h.t.HelmChartContainer - [K3S] [replica_set.go:679] "Finished syncing" kind="ReplicaSet" key="helmmqttit-operator/hivemq-test-hivemq-platform-operator-6966f96d65" duration="46.286µs"
2025-01-30 18:31:23,136 INFO c.h.h.t.HelmChartContainer - [EVENT] Normal [Killing] Stopping container hivemq-platform-operator [helmmqttit-operator:hivemq-test-hivemq-platform-operator-6966f96d65-2c7hg]
2025-01-30 18:31:23,136 INFO c.h.h.t.HelmChartContainer - Received Killing event for container hivemq-platform-operator in pod hivemq-test-hivemq-platform-operator-6966f96d65-2c7hg [2ac26a34-047a-4f20-b44b-f95cf267263e]
2025-01-30 18:31:23,136 INFO c.h.h.t.HelmChartContainer - Container [hivemq-test-hivemq-platform-operator-6966f96d65-2c7hg] [hivemq-platform-operator] [2ac26a34-047a-4f20-b44b-f95cf267263e] was terminated
2025-01-30 18:31:23,137 INFO c.h.h.t.HelmChartContainer - Stopped log watcher for hivemq-platform-operator in pod hivemq-test-hivemq-platform-operator-6966f96d65-2c7hg [2ac26a34-047a-4f20-b44b-f95cf267263e]
2025-01-30 18:31:23,137 INFO c.h.h.t.HelmChartContainer - [hivemq-test-hivemq-platform] [hivemq-platform-operator] [2ac26a34] 18:31:23.132 [application-shutdown-thread] INFO  c.h.p.o.HiveMQPlatformOperatorApplication - HiveMQ Platform Operator is stopping...
2025-01-30 18:31:23,137 INFO c.h.h.t.HelmChartContainer - [hivemq-test-hivemq-platform] [hivemq-platform-operator] [2ac26a34] 18:31:23.132 [application-shutdown-thread] INFO  i.javaoperatorsdk.operator.Operator - Operator SDK 4.9.7 is shutting down...
2025-01-30 18:31:23,142 INFO c.h.h.t.HelmChartContainer - [K3S] [kubelet_volumes.go:163] "Cleaned up orphaned pod volumes dir" podUID="350a06c8-59b4-4a54-9785-29895187a557" path="/var/lib/kubelet/pods/350a06c8-59b4-4a54-9785-29895187a557/volumes"
2025-01-30 18:31:23,763 INFO c.h.h.t.HelmChartContainer - [K3S] [replica_set.go:679] "Finished syncing" kind="ReplicaSet" key="helmmqttit-operator/hivemq-test-hivemq-platform-operator-6966f96d65" duration="39.864µs"
2025-01-30 18:31:23,765 INFO c.h.h.t.HelmChartContainer - [POD] hivemq-test-hivemq-platform-operator-6966f96d65-2c7hg [2ac26a34-047a-4f20-b44b-f95cf267263e] in helmmqttit-operator was MODIFIED
2025-01-30 18:31:23,873 INFO c.h.h.t.HelmChartContainer - [K3S] [reconciler_common.go:162] "operationExecutor.UnmountVolume started for volume \"kube-api-access-nx6n8\" (UniqueName: \"kubernetes.io/projected/2ac26a34-047a-4f20-b44b-f95cf267263e-kube-api-access-nx6n8\") pod \"2ac26a34-047a-4f20-b44b-f95cf267263e\" (UID: \"2ac26a34-047a-4f20-b44b-f95cf267263e\") "
2025-01-30 18:31:23,973 INFO c.h.h.t.HelmChartContainer - [K3S] [reconciler_common.go:299] "Volume detached for volume \"kube-api-access-nx6n8\" (UniqueName: \"kubernetes.io/projected/2ac26a34-047a-4f20-b44b-f95cf267263e-kube-api-access-nx6n8\") on node \"bad0b85700c6\" DevicePath \"\""
2025-01-30 18:31:24,460 INFO c.h.h.t.HelmChartContainer - [K3S] [scope.go:117] "RemoveContainer" containerID="5a2c065368f9b0c58e6f240feadb280b6265b01c690ae5ca06c0a7d235e2e8b3"
2025-01-30 18:31:24,463 INFO c.h.h.t.HelmChartContainer - [K3S] [scope.go:117] "RemoveContainer" containerID="5a2c065368f9b0c58e6f240feadb280b6265b01c690ae5ca06c0a7d235e2e8b3"
2025-01-30 18:31:24,471 INFO c.h.h.t.HelmChartContainer - [K3S] [replica_set.go:679] "Finished syncing" kind="ReplicaSet" key="helmmqttit-operator/hivemq-test-hivemq-platform-operator-6966f96d65" duration="66.885µs"
2025-01-30 18:31:24,472 INFO c.h.h.t.HelmChartContainer - [POD] hivemq-test-hivemq-platform-operator-6966f96d65-2c7hg [2ac26a34-047a-4f20-b44b-f95cf267263e] in helmmqttit-operator was MODIFIED
2025-01-30 18:31:24,474 INFO c.h.h.t.HelmChartContainer - [POD] hivemq-test-hivemq-platform-operator-6966f96d65-2c7hg [2ac26a34-047a-4f20-b44b-f95cf267263e] in helmmqttit-operator was DELETED
2025-01-30 18:31:24,474 INFO c.h.h.t.HelmChartContainer - [K3S] [replica_set.go:679] "Finished syncing" kind="ReplicaSet" key="helmmqttit-operator/hivemq-test-hivemq-platform-operator-6966f96d65" duration="30.317µs"
2025-01-30 18:31:24,485 INFO c.h.h.t.HelmChartContainer - [K3S] [replica_set.go:679] "Finished syncing" kind="ReplicaSet" key="helmmqttit-operator/hivemq-test-hivemq-platform-operator-6966f96d65" duration="12.924µs"
2025-01-30 18:31:25,139 INFO c.h.h.t.HelmChartContainer - [K3S] [kubelet_volumes.go:163] "Cleaned up orphaned pod volumes dir" podUID="2ac26a34-047a-4f20-b44b-f95cf267263e" path="/var/lib/kubelet/pods/2ac26a34-047a-4f20-b44b-f95cf267263e/volumes"
2025-01-30 18:31:25,152 INFO c.h.h.t.HelmChartContainer - Deleting namespace 'helmmqttit-operator'...
2025-01-30 18:31:27,870 INFO c.h.h.t.HelmChartContainer - [K3S] [namespace_controller.go:187] "Namespace has been deleted" namespace="helmmqttit"
2025-01-30 18:31:30,470 INFO c.h.h.t.HelmChartContainer - Namespace 'helmmqttit-operator' deleted
2025-01-30 18:31:30,470 INFO c.h.h.t.HelmChartContainer - Release 'test-hivemq-platform-operator' in namespace 'helmmqttit-operator' is uninstalled
2025-01-30 18:31:31,195 INFO c.h.helmcharts.AbstractHelmChartIT - Removed unused containers:

2025-01-30 18:31:35,369 INFO c.h.h.t.HelmChartContainer - [K3S] [namespace_controller.go:187] "Namespace has been deleted" namespace="helmmqttit-operator"
2025-01-30 18:31:38,895 INFO c.h.helmcharts.AbstractHelmChartIT - Removed unused snapshots:
Removing snapshot sha256:03af251906410714c5aef9fa705b63f6bbc39c4a5e787de7361eeb18886c2ed2
Removing snapshot sha256:0c46b3b43cce082ce5ec34ffc6c294e0417d17b9d1e6f366d114b6aadc4f96dc
Removing snapshot sha256:0ce761beee59082d6ed5bcebd3a805b8ddd9b3426b617e4809e7fb7c6587ffec
Removing snapshot sha256:0df91287303208332c8ff6ba40ae4710105201739addbfbddfb955f1ad593664
Removing snapshot sha256:1021ef88c7974bfff89c5a0ec4fd3160daac6c48a075f74cff721f85dd104e68
Removing snapshot sha256:10aba4953ddc18145dd38e3704709bc464aa20af60b56fe52caaff4b68411e62
Removing snapshot sha256:2573e0d8158209ed54ab25c87bcdcb00bd3d2539246960a3d592a1c599d70465
Removing snapshot sha256:362a8a37f8bbc31925a8146adcf7cf51f9882f5c1dcbef67c5baa03a297543c0
Removing snapshot sha256:3fa4ad33f0ddc8fd45b39b6b4640f82a3a83619606cd975bfe89d8710ad2d4cd
Removing snapshot sha256:43a7c979bbaba6838bc3102d6b10a1459f3ab050b87ccdfef84ef90cf43d3058
Removing snapshot sha256:4ab04491cdf0d3267f08206fe30bd48f49f94b9cab2f016d6739220f722a64af
Removing snapshot sha256:4b6068250e89c96f263060261819c7d912855bfbd64b3eb4c4a8483299b8c295
Removing snapshot sha256:580e69a0a8034ede1921139bbd2bfb72a69ebf276d008281896c32dd8bf74775
Removing snapshot sha256:5d30ba46b27fe37484567ccc5242cadc78217b8da605f3f195ef25cbf7487904
Removing snapshot sha256:63ca1fbb43ae5034640e5e6cb3e083e05c290072c5366fcaa9d62435a4cced85
Removing snapshot sha256:67f702c6baae873bceb19487c8b1f27bd2b86077e4f2f0e480e6d60ab508b8f5
Removing snapshot sha256:6864348dd42806d552efdec384f1274be15e2d0c10ce44c1f04347af004c10a9
Removing snapshot sha256:6c7dee8f2c39b84b7dc2711c01d33de93514d9055499173e9290176fbe484b6c
Removing snapshot sha256:82753493a6d61ded36556292f02f31841a14c20d2f279f19eaad65afb661d5cd
Removing snapshot sha256:8a10d3db42c505ee0fcfa98417bdd7e39b304f6bcc0a06bb1b220797ff2cc63c
Removing snapshot sha256:985bea1c17df10c82165bc56cedb67e3f84c75a1e191d3fe9d7b13dc183fde7c
Removing snapshot sha256:a21e5b12dbac529ad45d976eb9ce45c881f3bedcc500fb30aba1e52aa1813418
Removing snapshot sha256:afaa4425ab5c00049e5afa2d123fced83e231a646da3d9612397da06b403c675
Removing snapshot sha256:b921e6c28969094157f9b8e7244677780319637afd14450b7cb6b2fdea558a0c
Removing snapshot sha256:bc27ecb5769a00e309cf99ebc763c4a4b958b618d1decc96ffac5bc05f02f5b7
Removing snapshot sha256:be3ccb6627a5332e309d45ef461d09b4879dd870c7394d89323d0ebc6ca6aa8a
Removing snapshot sha256:c261f7cbbc64211ee175ee47273acdb7b1a36a4450b397a064a8f2c026490095
Removing snapshot sha256:c34d9393647eea0c9e3557ab988efaf59f61d10a2a5613b439ef0958cca5ec10
Removing snapshot sha256:ccf3c4a0fa967a41c1c83497a2ce6fa5787965859df0adb32c4ca2cf7490bc2b
Removing snapshot sha256:cf92d33f869417309692088c341cd0f223c178ea78a125f757317b22aa8f90e9
Removing snapshot sha256:d0037344cf2fb078884f1849f6a1f8cf9a33a3b6139b6a85833e5ee528e1f9a8
Removing snapshot sha256:d3b36d5b79273b1e98e7700470eaeff05a882e777124d84cebcc1505b85ecb36
Removing snapshot sha256:d65a44a37914602d12c611e5e22a50f11451d847e63015cc1c2aef92dee777a4
Removing snapshot sha256:e2dc0bae2455930f23ae570e019b7f32edc75c0f2d71cab084db837ff9051796
Removing snapshot sha256:eccbd24a99c60cd9e86ee5305dbfc4a4dc89f5ab4fb1f06c8d64797cecedef34
Removing snapshot sha256:f144bb4c7c7f0d2aa7eeffd36d934ec40db1ee167be727e326aad9fdc616f475

]]></system-out>
  </testcase>
  <testcase name="platformChart_whenMqttLoadBalancerEnabled_thenSendsReceivesMessage()" classname="com.hivemq.helmcharts.services.HelmMqttIT" time="89.094">
    <system-out><![CDATA[2025-01-30 18:31:38,897 INFO c.h.h.t.HelmChartContainer - Creating namespace 'helmmqttit-operator'...
2025-01-30 18:31:38,902 INFO c.h.h.t.HelmChartContainer - Namespace 'helmmqttit-operator' created
2025-01-30 18:31:38,902 INFO c.h.h.t.HelmChartContainer - Creating namespace 'helmmqttit'...
2025-01-30 18:31:38,910 INFO c.h.h.t.HelmChartContainer - Namespace 'helmmqttit' created
2025-01-30 18:31:38,975 DEBUG c.h.h.t.HelmChartContainer - Executing helm command: /bin/helm --kubeconfig /etc/rancher/k3s/k3s.yaml install test-hivemq-platform-operator /charts/hivemq-platform-operator --wait --timeout 5m0s --set image.repository=docker.io/hivemq --set image.name=hivemq-platform-operator-test --set image.initImageName=hivemq-platform-operator-init-test --set image.tag=snapshot --set image.pullPolicy=Never --set logLevel=DEBUG --set resources.cpu=512m --namespace helmmqttit-operator
2025-01-30 18:31:39,286 INFO c.h.h.t.HelmChartContainer - [K3S] [alloc.go:330] "allocated clusterIPs" service="helmmqttit-operator/hivemq-platform-operator-test-hivemq-platform-operator" clusterIPs={"IPv4":"10.43.17.196"}
2025-01-30 18:31:39,316 INFO c.h.h.t.HelmChartContainer - [EVENT] Normal [ScalingReplicaSet] Scaled up replica set hivemq-test-hivemq-platform-operator-6966f96d65 from 0 to 1 [helmmqttit-operator:hivemq-test-hivemq-platform-operator]
2025-01-30 18:31:39,318 INFO c.h.h.t.HelmChartContainer - [POD] hivemq-test-hivemq-platform-operator-6966f96d65-5ptmr [e4761a86-75fb-4eb0-854c-773a8ba74736] in helmmqttit-operator was ADDED
2025-01-30 18:31:39,333 INFO c.h.h.t.HelmChartContainer - [POD] hivemq-test-hivemq-platform-operator-6966f96d65-5ptmr [e4761a86-75fb-4eb0-854c-773a8ba74736] in helmmqttit-operator was MODIFIED
2025-01-30 18:31:39,335 INFO c.h.h.t.HelmChartContainer - [K3S] [memory_manager.go:355] "RemoveStaleState removing state" podUID="2ac26a34-047a-4f20-b44b-f95cf267263e" containerName="hivemq-platform-operator"
2025-01-30 18:31:39,335 INFO c.h.h.t.HelmChartContainer - [K3S] [memory_manager.go:355] "RemoveStaleState removing state" podUID="350a06c8-59b4-4a54-9785-29895187a557" containerName="hivemq"
2025-01-30 18:31:39,343 INFO c.h.h.t.HelmChartContainer - [EVENT] Normal [SuccessfulCreate] Created pod: hivemq-test-hivemq-platform-operator-6966f96d65-5ptmr [helmmqttit-operator:hivemq-test-hivemq-platform-operator-6966f96d65]
2025-01-30 18:31:39,348 INFO c.h.h.t.HelmChartContainer - [EVENT] Normal [Scheduled] Successfully assigned helmmqttit-operator/hivemq-test-hivemq-platform-operator-6966f96d65-5ptmr to bad0b85700c6 [helmmqttit-operator:hivemq-test-hivemq-platform-operator-6966f96d65-5ptmr]
2025-01-30 18:31:39,351 INFO c.h.h.t.HelmChartContainer - [K3S] [replica_set.go:679] "Finished syncing" kind="ReplicaSet" key="helmmqttit-operator/hivemq-test-hivemq-platform-operator-6966f96d65" duration="53.228438ms"
2025-01-30 18:31:39,365 INFO c.h.h.t.HelmChartContainer - [POD] hivemq-test-hivemq-platform-operator-6966f96d65-5ptmr [e4761a86-75fb-4eb0-854c-773a8ba74736] in helmmqttit-operator was MODIFIED
2025-01-30 18:31:39,366 INFO c.h.h.t.HelmChartContainer - [K3S] [replica_set.go:679] "Finished syncing" kind="ReplicaSet" key="helmmqttit-operator/hivemq-test-hivemq-platform-operator-6966f96d65" duration="14.071047ms"
2025-01-30 18:31:39,388 INFO c.h.h.t.HelmChartContainer - [K3S] [reconciler_common.go:251] "operationExecutor.VerifyControllerAttachedVolume started for volume \"kube-api-access-zghh9\" (UniqueName: \"kubernetes.io/projected/e4761a86-75fb-4eb0-854c-773a8ba74736-kube-api-access-zghh9\") pod \"hivemq-test-hivemq-platform-operator-6966f96d65-5ptmr\" (UID: \"e4761a86-75fb-4eb0-854c-773a8ba74736\") " pod="helmmqttit-operator/hivemq-test-hivemq-platform-operator-6966f96d65-5ptmr"
2025-01-30 18:31:39,396 INFO c.h.h.t.HelmChartContainer - [K3S] [replica_set.go:679] "Finished syncing" kind="ReplicaSet" key="helmmqttit-operator/hivemq-test-hivemq-platform-operator-6966f96d65" duration="29.354228ms"
2025-01-30 18:31:39,396 INFO c.h.h.t.HelmChartContainer - [K3S] [replica_set.go:679] "Finished syncing" kind="ReplicaSet" key="helmmqttit-operator/hivemq-test-hivemq-platform-operator-6966f96d65" duration="65.362µs"
2025-01-30 18:31:39,728 INFO c.h.h.t.HelmChartContainer - [EVENT] Normal [Pulled] Container image "docker.io/hivemq/hivemq-platform-operator-test:snapshot" already present on machine [helmmqttit-operator:hivemq-test-hivemq-platform-operator-6966f96d65-5ptmr]
2025-01-30 18:31:39,728 INFO c.h.h.t.HelmChartContainer - Received Pulled event for container hivemq-platform-operator in pod hivemq-test-hivemq-platform-operator-6966f96d65-5ptmr [e4761a86-75fb-4eb0-854c-773a8ba74736]
2025-01-30 18:31:40,965 INFO c.h.h.t.HelmChartContainer - [EVENT] Normal [Created] Created container: hivemq-platform-operator [helmmqttit-operator:hivemq-test-hivemq-platform-operator-6966f96d65-5ptmr]
2025-01-30 18:31:40,966 INFO c.h.h.t.HelmChartContainer - Received Created event for container hivemq-platform-operator in pod hivemq-test-hivemq-platform-operator-6966f96d65-5ptmr [e4761a86-75fb-4eb0-854c-773a8ba74736]
2025-01-30 18:31:41,497 INFO c.h.h.t.HelmChartContainer - [K3S] [replica_set.go:679] "Finished syncing" kind="ReplicaSet" key="helmmqttit-operator/hivemq-test-hivemq-platform-operator-6966f96d65" duration="94.276µs"
2025-01-30 18:31:41,505 INFO c.h.h.t.HelmChartContainer - [POD] hivemq-test-hivemq-platform-operator-6966f96d65-5ptmr [e4761a86-75fb-4eb0-854c-773a8ba74736] in helmmqttit-operator was MODIFIED
2025-01-30 18:31:41,505 INFO c.h.h.t.HelmChartContainer - [EVENT] Normal [Started] Started container hivemq-platform-operator [helmmqttit-operator:hivemq-test-hivemq-platform-operator-6966f96d65-5ptmr]
2025-01-30 18:31:41,506 INFO c.h.h.t.HelmChartContainer - Received Started event for container hivemq-platform-operator in pod hivemq-test-hivemq-platform-operator-6966f96d65-5ptmr [e4761a86-75fb-4eb0-854c-773a8ba74736]
2025-01-30 18:31:41,505 INFO c.h.h.t.HelmChartContainer - Started log watcher for hivemq-platform-operator in pod hivemq-test-hivemq-platform-operator-6966f96d65-5ptmr [e4761a86-75fb-4eb0-854c-773a8ba74736]
2025-01-30 18:31:41,508 INFO c.h.h.t.HelmChartContainer - [hivemq-test-hivemq-platform] [hivemq-platform-operator] [e4761a86] -------------------------------------------------------------------------
2025-01-30 18:31:41,508 INFO c.h.h.t.HelmChartContainer - [hivemq-test-hivemq-platform] [hivemq-platform-operator] [e4761a86] 
2025-01-30 18:31:41,508 INFO c.h.h.t.HelmChartContainer - [hivemq-test-hivemq-platform] [hivemq-platform-operator] [e4761a86]                   _    _  _              __  __   ____
2025-01-30 18:31:41,508 INFO c.h.h.t.HelmChartContainer - [hivemq-test-hivemq-platform] [hivemq-platform-operator] [e4761a86]                  | |  | |(_)            |  \/  | / __ \
2025-01-30 18:31:41,508 INFO c.h.h.t.HelmChartContainer - [hivemq-test-hivemq-platform] [hivemq-platform-operator] [e4761a86]                  | |__| | _ __   __ ___ | \  / || |  | |
2025-01-30 18:31:41,508 INFO c.h.h.t.HelmChartContainer - [hivemq-test-hivemq-platform] [hivemq-platform-operator] [e4761a86]                  |  __  || |\ \ / // _ \| |\/| || |  | |
2025-01-30 18:31:41,508 INFO c.h.h.t.HelmChartContainer - [hivemq-test-hivemq-platform] [hivemq-platform-operator] [e4761a86]                  | |  | || | \ V /|  __/| |  | || |__| |
2025-01-30 18:31:41,508 INFO c.h.h.t.HelmChartContainer - [hivemq-test-hivemq-platform] [hivemq-platform-operator] [e4761a86]                  |_|  |_||_|  \_/  \___||_|  |_| \___\_\
2025-01-30 18:31:41,508 INFO c.h.h.t.HelmChartContainer - [hivemq-test-hivemq-platform] [hivemq-platform-operator] [e4761a86] 
2025-01-30 18:31:41,508 INFO c.h.h.t.HelmChartContainer - [hivemq-test-hivemq-platform] [hivemq-platform-operator] [e4761a86] -------------------------------------------------------------------------
2025-01-30 18:31:41,508 INFO c.h.h.t.HelmChartContainer - [hivemq-test-hivemq-platform] [hivemq-platform-operator] [e4761a86] 
2025-01-30 18:31:41,508 INFO c.h.h.t.HelmChartContainer - [hivemq-test-hivemq-platform] [hivemq-platform-operator] [e4761a86]   HiveMQ Platform Operator Start Script v1.0
2025-01-30 18:31:41,508 INFO c.h.h.t.HelmChartContainer - [hivemq-test-hivemq-platform] [hivemq-platform-operator] [e4761a86] 
2025-01-30 18:31:41,508 INFO c.h.h.t.HelmChartContainer - [hivemq-test-hivemq-platform] [hivemq-platform-operator] [e4761a86] -------------------------------------------------------------------------
2025-01-30 18:31:41,508 INFO c.h.h.t.HelmChartContainer - [hivemq-test-hivemq-platform] [hivemq-platform-operator] [e4761a86] 
2025-01-30 18:31:41,508 INFO c.h.h.t.HelmChartContainer - [hivemq-test-hivemq-platform] [hivemq-platform-operator] [e4761a86]   JAVA_OPTS: -XX:+UnlockExperimentalVMOptions -XX:InitialRAMPercentage=75 -XX:MaxRAMPercentage=75 -Duser.language=en -Duser.region=US
2025-01-30 18:31:41,508 INFO c.h.h.t.HelmChartContainer - [hivemq-test-hivemq-platform] [hivemq-platform-operator] [e4761a86] 
2025-01-30 18:31:41,508 INFO c.h.h.t.HelmChartContainer - [hivemq-test-hivemq-platform] [hivemq-platform-operator] [e4761a86]   JAVA_VERSION: 21
2025-01-30 18:31:41,508 INFO c.h.h.t.HelmChartContainer - [hivemq-test-hivemq-platform] [hivemq-platform-operator] [e4761a86] 
2025-01-30 18:31:41,508 INFO c.h.h.t.HelmChartContainer - [hivemq-test-hivemq-platform] [hivemq-platform-operator] [e4761a86] -------------------------------------------------------------------------
2025-01-30 18:31:41,508 INFO c.h.h.t.HelmChartContainer - [hivemq-test-hivemq-platform] [hivemq-platform-operator] [e4761a86] 
2025-01-30 18:31:44,389 INFO c.h.h.t.HelmChartContainer - [hivemq-test-hivemq-platform] [hivemq-platform-operator] [e4761a86] 18:31:44.307 [main] DEBUG org.jboss.logging - Logging Provider: org.jboss.logging.Slf4jLoggerProvider
2025-01-30 18:31:44,490 INFO c.h.h.t.HelmChartContainer - [hivemq-test-hivemq-platform] [hivemq-platform-operator] [e4761a86] 18:31:44.488 [main] DEBUG io.smallrye.config - SRCFG01006: Loaded ConfigSource SysPropConfigSource with ordinal 400
2025-01-30 18:31:44,490 INFO c.h.h.t.HelmChartContainer - [hivemq-test-hivemq-platform] [hivemq-platform-operator] [e4761a86] 18:31:44.489 [main] DEBUG io.smallrye.config - SRCFG01006: Loaded ConfigSource EnvConfigSource with ordinal 300
2025-01-30 18:31:44,490 INFO c.h.h.t.HelmChartContainer - [hivemq-test-hivemq-platform] [hivemq-platform-operator] [e4761a86] 18:31:44.489 [main] DEBUG io.smallrye.config - SRCFG01006: Loaded ConfigSource PropertiesConfigSource[source=jar:file:///opt/hivemq-platform-operator/bin/hivemq-platform-operator.jar!/hivemq-platform-operator.properties] with ordinal 100
2025-01-30 18:31:44,490 INFO c.h.h.t.HelmChartContainer - [hivemq-test-hivemq-platform] [hivemq-platform-operator] [e4761a86] 18:31:44.489 [main] DEBUG io.smallrye.config - SRCFG01006: Loaded ConfigSource DefaultValuesConfigSource with ordinal -2147483648
2025-01-30 18:31:44,598 INFO c.h.h.t.HelmChartContainer - [hivemq-test-hivemq-platform] [hivemq-platform-operator] [e4761a86] 18:31:44.597 [main] DEBUG i.m.c.u.i.l.InternalLoggerFactory - Using SLF4J as the default logging framework
2025-01-30 18:31:44,705 INFO c.h.h.t.HelmChartContainer - [hivemq-test-hivemq-platform] [hivemq-platform-operator] [e4761a86] 18:31:44.697 [main] INFO  c.h.p.o.HiveMQPlatformOperatorApplication - HiveMQ Platform Operator 1.7.0-SNAPSHOT (commit: 47e3375 on branch: HEAD) built on Thu Jan 30 03:55:50 UTC 2025
2025-01-30 18:31:44,706 INFO c.h.h.t.HelmChartContainer - [hivemq-test-hivemq-platform] [hivemq-platform-operator] [e4761a86] 18:31:44.705 [main] INFO  c.h.p.o.HiveMQPlatformOperatorApplication - HiveMQ Platform Operator is running in namespace: helmmqttit-operator
2025-01-30 18:31:44,706 INFO c.h.h.t.HelmChartContainer - [hivemq-test-hivemq-platform] [hivemq-platform-operator] [e4761a86] 18:31:44.705 [main] INFO  c.h.p.o.HiveMQPlatformOperatorApplication - Watching all namespaces
2025-01-30 18:31:44,706 INFO c.h.h.t.HelmChartContainer - [hivemq-test-hivemq-platform] [hivemq-platform-operator] [e4761a86] 18:31:44.705 [main] INFO  c.h.p.o.HiveMQPlatformOperatorApplication - Log level: DEBUG
2025-01-30 18:31:44,706 INFO c.h.h.t.HelmChartContainer - [hivemq-test-hivemq-platform] [hivemq-platform-operator] [e4761a86] 18:31:44.705 [main] INFO  c.h.p.o.HiveMQPlatformOperatorApplication - Release name: test-hivemq-platform-operator
2025-01-30 18:31:44,706 INFO c.h.h.t.HelmChartContainer - [hivemq-test-hivemq-platform] [hivemq-platform-operator] [e4761a86] 18:31:44.705 [main] INFO  c.h.p.o.HiveMQPlatformOperatorApplication - HiveMQ Platform Operator Init image: docker.io/hivemq/hivemq-platform-operator-init-test:snapshot
2025-01-30 18:31:44,706 INFO c.h.h.t.HelmChartContainer - [hivemq-test-hivemq-platform] [hivemq-platform-operator] [e4761a86] 18:31:44.705 [main] INFO  c.h.p.o.HiveMQPlatformOperatorApplication - HiveMQ Platform Operator Init App update URL: http://hivemq-platform-operator-test-hivemq-platform-operator.helmmqttit-operator.svc:8080/initAppUpdate/hivemq-platform-operator-init-app-1.7.0-SNAPSHOT.jar
2025-01-30 18:31:44,706 INFO c.h.h.t.HelmChartContainer - [hivemq-test-hivemq-platform] [hivemq-platform-operator] [e4761a86] 18:31:44.705 [main] INFO  c.h.p.o.HiveMQPlatformOperatorApplication - Additional imagePullSecret for all Platform deployments: none
2025-01-30 18:31:44,706 INFO c.h.h.t.HelmChartContainer - [hivemq-test-hivemq-platform] [hivemq-platform-operator] [e4761a86] 18:31:44.705 [main] INFO  c.h.p.o.HiveMQPlatformOperatorApplication - Apply HiveMQ Platform CRD: true
2025-01-30 18:31:44,706 INFO c.h.h.t.HelmChartContainer - [hivemq-test-hivemq-platform] [hivemq-platform-operator] [e4761a86] 18:31:44.705 [main] INFO  c.h.p.o.HiveMQPlatformOperatorApplication - Create Platform ServiceAccount: true
2025-01-30 18:31:44,706 INFO c.h.h.t.HelmChartContainer - [hivemq-test-hivemq-platform] [hivemq-platform-operator] [e4761a86] 18:31:44.705 [main] INFO  c.h.p.o.HiveMQPlatformOperatorApplication - Create Platform ServiceAccount permissions: true
2025-01-30 18:31:44,707 INFO c.h.h.t.HelmChartContainer - [hivemq-test-hivemq-platform] [hivemq-platform-operator] [e4761a86] 18:31:44.705 [main] INFO  c.h.p.o.HiveMQPlatformOperatorApplication - Validate Platform ServiceAccount: true
2025-01-30 18:31:44,707 INFO c.h.h.t.HelmChartContainer - [hivemq-test-hivemq-platform] [hivemq-platform-operator] [e4761a86] 18:31:44.705 [main] INFO  c.h.p.o.HiveMQPlatformOperatorApplication - Validate Platform ServiceAccount permissions: true
2025-01-30 18:31:44,898 INFO c.h.h.t.HelmChartContainer - [hivemq-test-hivemq-platform] [hivemq-platform-operator] [e4761a86] 18:31:44.897 [main] INFO  c.h.platform.operator.util.CRDUtil - Verifying deployed HiveMQ Platform CRD...
2025-01-30 18:31:47,394 INFO c.h.h.t.HelmChartContainer - [hivemq-test-hivemq-platform] [hivemq-platform-operator] [e4761a86] 18:31:47.392 [main] DEBUG c.h.platform.operator.util.CRDUtil - HiveMQ Platform CRD version v1 is up to date
2025-01-30 18:31:47,394 INFO c.h.h.t.HelmChartContainer - [hivemq-test-hivemq-platform] [hivemq-platform-operator] [e4761a86] 18:31:47.392 [main] INFO  c.h.platform.operator.util.CRDUtil - HiveMQ Platform CRD is up to date (version: V1_6_0)
2025-01-30 18:31:47,394 INFO c.h.h.t.HelmChartContainer - [hivemq-test-hivemq-platform] [hivemq-platform-operator] [e4761a86] 18:31:47.392 [main] INFO  c.h.platform.operator.util.CRDUtil - Waiting 10000 ms for HiveMQ Platform CRD 'hivemq-platforms.hivemq.com' to become ready...
2025-01-30 18:31:47,702 INFO c.h.h.t.HelmChartContainer - [hivemq-test-hivemq-platform] [hivemq-platform-operator] [e4761a86] 18:31:47.701 [vert.x-eventloop-thread-1] DEBUG c.h.platform.operator.util.CRDUtil - Checking CRD condition 'NamesAccepted' (status: 'True')
2025-01-30 18:31:47,702 INFO c.h.h.t.HelmChartContainer - [hivemq-test-hivemq-platform] [hivemq-platform-operator] [e4761a86] 18:31:47.701 [vert.x-eventloop-thread-1] DEBUG c.h.platform.operator.util.CRDUtil - Checking CRD condition 'Established' (status: 'True')
2025-01-30 18:31:47,744 INFO c.h.h.t.HelmChartContainer - [hivemq-test-hivemq-platform] [hivemq-platform-operator] [e4761a86] 18:31:47.742 [main] INFO  c.h.platform.operator.util.CRDUtil - HiveMQ Platform CRD 'hivemq-platforms.hivemq.com' is ready
2025-01-30 18:31:47,902 INFO c.h.h.t.HelmChartContainer - [hivemq-test-hivemq-platform] [hivemq-platform-operator] [e4761a86] 18:31:47.901 [main] INFO  c.h.p.o.HiveMQPlatformReconciler - HiveMQ Platform Operator is starting...
2025-01-30 18:31:48,005 INFO c.h.h.t.HelmChartContainer - [hivemq-test-hivemq-platform] [hivemq-platform-operator] [e4761a86] 18:31:48.003 [main] WARN  Default ConfigurationService implementation - Configuration for reconciler 'hivemq-controller' was not found. Known reconcilers: None.
2025-01-30 18:31:48,093 INFO c.h.h.t.HelmChartContainer - [hivemq-test-hivemq-platform] [hivemq-platform-operator] [e4761a86] 18:31:48.091 [main] INFO  Default ConfigurationService implementation - Created configuration for reconciler com.hivemq.platform.operator.HiveMQPlatformReconciler with name hivemq-controller
2025-01-30 18:31:48,205 INFO c.h.h.t.HelmChartContainer - [hivemq-test-hivemq-platform] [hivemq-platform-operator] [e4761a86] 18:31:48.203 [main] DEBUG c.h.p.o.HiveMQPlatformReconciler - HiveMQ Platform Operator is preparing EventSources
2025-01-30 18:31:48,296 INFO c.h.h.t.HelmChartContainer - [hivemq-test-hivemq-platform] [hivemq-platform-operator] [e4761a86] 18:31:48.295 [main] INFO  i.javaoperatorsdk.operator.Operator - Registered reconciler: 'hivemq-controller' for resource: 'class com.hivemq.platform.operator.v1.HiveMQPlatform' for namespace(s): [all namespaces]
2025-01-30 18:31:48,902 INFO c.h.h.t.HelmChartContainer - [hivemq-test-hivemq-platform] [hivemq-platform-operator] [e4761a86] 18:31:48.901 [main] INFO  c.h.p.operator.webserver.JettyServer - Starting Jetty server on port 8080
2025-01-30 18:31:48,998 INFO c.h.h.t.HelmChartContainer - [hivemq-test-hivemq-platform] [hivemq-platform-operator] [e4761a86] 18:31:48.997 [main] INFO  i.javaoperatorsdk.operator.Operator - Operator SDK 4.9.7 (commit: 2133d28) built on Wed Nov 20 12:56:20 UTC 2024 starting...
2025-01-30 18:31:48,999 INFO c.h.h.t.HelmChartContainer - [hivemq-test-hivemq-platform] [hivemq-platform-operator] [e4761a86] 18:31:48.998 [main] INFO  i.javaoperatorsdk.operator.Operator - Client version: 6.13.5
2025-01-30 18:31:49,000 INFO c.h.h.t.HelmChartContainer - [hivemq-test-hivemq-platform] [hivemq-platform-operator] [e4761a86] 18:31:48.999 [Controller Starter for: hivemq-controller] INFO  i.j.operator.processing.Controller - Starting 'hivemq-controller' controller for reconciler: com.hivemq.platform.operator.HiveMQPlatformReconciler, resource: com.hivemq.platform.operator.v1.HiveMQPlatform
2025-01-30 18:31:51,395 INFO c.h.h.t.HelmChartContainer - [hivemq-test-hivemq-platform] [hivemq-platform-operator] [e4761a86] 18:31:51.394 [Controller Starter for: hivemq-controller] INFO  i.j.operator.processing.Controller - 'hivemq-controller' controller started
2025-01-30 18:31:51,395 INFO c.h.h.t.HelmChartContainer - [hivemq-test-hivemq-platform] [hivemq-platform-operator] [e4761a86] 18:31:51.394 [main] INFO  c.h.p.o.HiveMQPlatformOperatorApplication - HiveMQ Platform Operator 1.7.0-SNAPSHOT started in 6697 ms
2025-01-30 18:31:52,502 INFO c.h.h.t.HelmChartContainer - [POD] hivemq-test-hivemq-platform-operator-6966f96d65-5ptmr [e4761a86-75fb-4eb0-854c-773a8ba74736] in helmmqttit-operator was MODIFIED
2025-01-30 18:31:52,511 INFO c.h.h.t.HelmChartContainer - [K3S] [replica_set.go:679] "Finished syncing" kind="ReplicaSet" key="helmmqttit-operator/hivemq-test-hivemq-platform-operator-6966f96d65" duration="9.855433ms"
2025-01-30 18:31:52,511 INFO c.h.h.t.HelmChartContainer - [K3S] [replica_set.go:679] "Finished syncing" kind="ReplicaSet" key="helmmqttit-operator/hivemq-test-hivemq-platform-operator-6966f96d65" duration="69.581µs"
2025-01-30 18:31:53,417 DEBUG c.h.h.t.HelmChartContainer - Executing helm command: /bin/helm --kubeconfig /etc/rancher/k3s/k3s.yaml install test-hivemq-platform /charts/hivemq-platform --wait --timeout 5m0s --set image.repository=docker.io/hivemq --set image.tag=4.36.0 --set image.pullPolicy=Never --set nodes.resources.cpu=512m -f /files/mqtt-load-balancer-values.yaml --namespace helmmqttit
2025-01-30 18:31:53,666 INFO c.h.h.t.HelmChartContainer - [hivemq-test-hivemq-platform] [hivemq-platform-operator] [e4761a86] 18:31:53.663 [-2082509879-pool-1-thread-2] WARN  i.m.p.PrometheusMeterRegistry - The meter (MeterId{name='operator.sdk.events.received', tags=[tag(action=ADDED),tag(event=ResourceEvent),tag(group=hivemq.com),tag(kind=HiveMQPlatform),tag(name=test-hivemq-platform),tag(namespace=helmmqttit),tag(scope=namespace),tag(version=v1)]}) registration has failed: Prometheus requires that all meters with the same name have the same set of tag keys. There is already an existing meter named 'operator.sdk.events.received' containing tag keys [event, group, kind, name, namespace, scope, version]. The meter you are attempting to register has keys [action, event, group, kind, name, namespace, scope, version]. Note that subsequent logs will be logged at debug level.
2025-01-30 18:31:54,149 INFO c.h.h.t.HelmChartContainer - [hivemq-test-hivemq-platform] [hivemq-platform-operator] [e4761a86] 18:31:54.148 [pool-6-thread-3] DEBUG c.h.p.o.dependants.PodInfoConfigMap - [helmmqtt] Desired PodInfo ConfigMap (1 extensions) (1 enabled)
2025-01-30 18:31:54,150 INFO c.h.h.t.HelmChartContainer - [hivemq-test-hivemq-platform] [hivemq-platform-operator] [e4761a86] 18:31:54.150 [pool-6-thread-3] DEBUG c.h.p.o.dependants.PodInfoConfigMap - [helmmqtt] Desired PodInfo ConfigMap (metrics port: 9399) (metrics path: /)
2025-01-30 18:31:54,152 INFO c.h.h.t.HelmChartContainer - [hivemq-test-hivemq-platform] [hivemq-platform-operator] [e4761a86] 18:31:54.150 [pool-6-thread-3] DEBUG c.h.p.o.dependants.PodInfoConfigMap - [helmmqtt] Desired PodInfo ConfigMap (extension state hash: -1817474005)
2025-01-30 18:31:54,159 INFO c.h.h.t.HelmChartContainer - [hivemq-test-hivemq-platform] [hivemq-platform-operator] [e4761a86] 18:31:54.151 [pool-6-thread-3] DEBUG c.h.p.o.dependants.PodInfoConfigMap - [helmmqtt] Create PodInfo ConfigMap
2025-01-30 18:31:54,255 INFO c.h.h.t.HelmChartContainer - [hivemq-test-hivemq-platform] [hivemq-platform-operator] [e4761a86] 18:31:54.254 [pool-6-thread-5] DEBUG c.h.p.o.dependants.PodRoleResource - [helmmqtt] Create Role: Role(apiVersion=rbac.authorization.k8s.io/v1, kind=Role, metadata=ObjectMeta(annotations={meta.helm.sh/release-name=test-hivemq-platform, meta.helm.sh/release-namespace=helmmqttit}, creationTimestamp=null, deletionGracePeriodSeconds=null, deletionTimestamp=null, finalizers=[], generateName=null, generation=null, labels={helm.sh/chart=hivemq-platform-0.2.32, app.kubernetes.io/managed-by=Helm, app.kubernetes.io/name=hivemq-platform, hivemq-platform=test-hivemq-platform, app.kubernetes.io/instance=test-hivemq-platform, app.kubernetes.io/version=4.36.0}, managedFields=[], name=hivemq-platform-role-test-hivemq-platform, namespace=helmmqttit, ownerReferences=[OwnerReference(apiVersion=hivemq.com/v1, blockOwnerDeletion=null, controller=null, kind=HiveMQPlatform, name=test-hivemq-platform, uid=d323a146-56a2-40e4-be8f-c856e5918c06, additionalProperties={})], resourceVersion=null, selfLink=null, uid=null, additionalProperties={}), rules=[PolicyRule(apiGroups=[], nonResourceURLs=[], resourceNames=[], resources=[pods], verbs=[get, patch, update], additionalProperties={})], additionalProperties={})
2025-01-30 18:31:54,357 INFO c.h.h.t.HelmChartContainer - [hivemq-test-hivemq-platform] [hivemq-platform-operator] [e4761a86] 18:31:54.355 [pool-6-thread-7] DEBUG c.h.p.o.d.PodServiceAccountResource - [helmmqtt] Desired PodServiceAccountResource (serviceAccountName: hivemq-platform-pod-test-hivemq-platform)
2025-01-30 18:31:54,357 INFO c.h.h.t.HelmChartContainer - [hivemq-test-hivemq-platform] [hivemq-platform-operator] [e4761a86] 18:31:54.356 [pool-6-thread-7] DEBUG c.h.p.o.d.PodServiceAccountResource - [helmmqtt] Create ServiceAccount 'hivemq-platform-pod-test-hivemq-platform'
2025-01-30 18:31:54,552 INFO c.h.h.t.HelmChartContainer - [hivemq-test-hivemq-platform] [hivemq-platform-operator] [e4761a86] 18:31:54.551 [pool-6-thread-10] DEBUG c.h.p.o.d.PodRoleBindingResource - [helmmqtt] Create RoleBinding: RoleBinding(apiVersion=rbac.authorization.k8s.io/v1, kind=RoleBinding, metadata=ObjectMeta(annotations={meta.helm.sh/release-name=test-hivemq-platform, meta.helm.sh/release-namespace=helmmqttit}, creationTimestamp=null, deletionGracePeriodSeconds=null, deletionTimestamp=null, finalizers=[], generateName=null, generation=null, labels={helm.sh/chart=hivemq-platform-0.2.32, app.kubernetes.io/managed-by=Helm, app.kubernetes.io/name=hivemq-platform, hivemq-platform=test-hivemq-platform, app.kubernetes.io/instance=test-hivemq-platform, app.kubernetes.io/version=4.36.0}, managedFields=[], name=hivemq-platform-role-binding-test-hivemq-platform, namespace=helmmqttit, ownerReferences=[OwnerReference(apiVersion=hivemq.com/v1, blockOwnerDeletion=null, controller=null, kind=HiveMQPlatform, name=test-hivemq-platform, uid=d323a146-56a2-40e4-be8f-c856e5918c06, additionalProperties={})], resourceVersion=null, selfLink=null, uid=null, additionalProperties={}), roleRef=RoleRef(apiGroup=rbac.authorization.k8s.io, kind=Role, name=hivemq-platform-role-test-hivemq-platform, additionalProperties={}), subjects=[Subject(apiGroup=null, kind=ServiceAccount, name=hivemq-platform-pod-test-hivemq-platform, namespace=helmmqttit, additionalProperties={})], additionalProperties={})
2025-01-30 18:31:54,592 INFO c.h.h.t.HelmChartContainer - [hivemq-test-hivemq-platform] [hivemq-platform-operator] [e4761a86] 18:31:54.591 [ReconcilerExecutor-hivemq-controller-54] INFO  c.h.p.o.HiveMQPlatformReconciler - [helmmqtt] Reconciling HiveMQ Platform 'test-hivemq-platform' in namespace 'helmmqttit'
2025-01-30 18:31:54,593 INFO c.h.h.t.HelmChartContainer - [hivemq-test-hivemq-platform] [hivemq-platform-operator] [e4761a86] 18:31:54.592 [ReconcilerExecutor-hivemq-controller-54] DEBUG c.h.p.o.HiveMQPlatformReconciler - [helmmqtt] Custom Resource Status CREATED - HiveMQ Platform was created (READY)
2025-01-30 18:31:54,593 INFO c.h.h.t.HelmChartContainer - [hivemq-test-hivemq-platform] [hivemq-platform-operator] [e4761a86] 18:31:54.592 [ReconcilerExecutor-hivemq-controller-54] DEBUG c.h.p.o.HiveMQPlatformReconciler - [helmmqtt] Custom Resource Spec (replicas: 1) (extensions: 1)
2025-01-30 18:31:54,650 INFO c.h.h.t.HelmChartContainer - [hivemq-test-hivemq-platform] [hivemq-platform-operator] [e4761a86] 18:31:54.647 [ReconcilerExecutor-hivemq-controller-54] INFO  c.h.p.o.h.HiveMQPlatformReconcilerBaseHandler - [helmmqtt] HiveMQ Platform is starting
2025-01-30 18:31:54,754 INFO c.h.h.t.HelmChartContainer - [hivemq-test-hivemq-platform] [hivemq-platform-operator] [e4761a86] 18:31:54.752 [ReconcilerExecutor-hivemq-controller-54] DEBUG c.h.p.operator.event.EventSender - [helmmqtt] Creating K8s event hivemq-platform-starting: [Start] HiveMQ Platform is starting
2025-01-30 18:31:54,764 INFO c.h.h.t.HelmChartContainer - [EVENT] Normal [Start] HiveMQ Platform is starting [helmmqttit:test-hivemq-platform]
2025-01-30 18:31:54,846 INFO c.h.h.t.HelmChartContainer - [hivemq-test-hivemq-platform] [hivemq-platform-operator] [e4761a86] 18:31:54.844 [ReconcilerExecutor-hivemq-controller-54] INFO  c.h.p.o.h.AbstractHiveMQReconcilerStateHandler - [helmmqtt] Update HiveMQ Platform Status (CREATED [READY] -> STARTING [READY]): HiveMQ Platform is starting
2025-01-30 18:31:54,860 DEBUG com.hivemq.helmcharts.util.K8sUtil - Comparing actual state 'STARTING' and waiting for 'RUNNING'
2025-01-30 18:31:54,949 INFO c.h.h.t.HelmChartContainer - [hivemq-test-hivemq-platform] [hivemq-platform-operator] [e4761a86] 18:31:54.947 [pool-6-thread-12] DEBUG c.h.p.o.d.PlatformServiceResource - [helmmqtt] Desired Platform services (2 services)
2025-01-30 18:31:54,951 INFO c.h.h.t.HelmChartContainer - [hivemq-test-hivemq-platform] [hivemq-platform-operator] [e4761a86] 18:31:54.950 [pool-6-thread-13] DEBUG c.h.p.o.dependants.PodInfoConfigMap - [helmmqtt] Desired PodInfo ConfigMap (1 extensions) (1 enabled)
2025-01-30 18:31:54,951 INFO c.h.h.t.HelmChartContainer - [hivemq-test-hivemq-platform] [hivemq-platform-operator] [e4761a86] 18:31:54.950 [pool-6-thread-13] DEBUG c.h.p.o.dependants.PodInfoConfigMap - [helmmqtt] Desired PodInfo ConfigMap (metrics port: 9399) (metrics path: /)
2025-01-30 18:31:54,951 INFO c.h.h.t.HelmChartContainer - [hivemq-test-hivemq-platform] [hivemq-platform-operator] [e4761a86] 18:31:54.950 [pool-6-thread-13] DEBUG c.h.p.o.dependants.PodInfoConfigMap - [helmmqtt] Desired PodInfo ConfigMap (extension state hash: -1817474005)
2025-01-30 18:31:54,990 INFO c.h.h.t.HelmChartContainer - [hivemq-test-hivemq-platform] [hivemq-platform-operator] [e4761a86] 18:31:54.989 [pool-6-thread-13] DEBUG c.h.p.o.dependants.PodInfoConfigMap - [helmmqtt] Update PodInfo ConfigMap
2025-01-30 18:31:54,991 INFO c.h.h.t.HelmChartContainer - [hivemq-test-hivemq-platform] [hivemq-platform-operator] [e4761a86] 18:31:54.989 [pool-6-thread-17] DEBUG c.h.p.o.d.PodServiceAccountResource - [helmmqtt] Desired PodServiceAccountResource (serviceAccountName: hivemq-platform-pod-test-hivemq-platform)
2025-01-30 18:31:54,996 INFO c.h.h.t.HelmChartContainer - [K3S] [alloc.go:330] "allocated clusterIPs" service="helmmqttit/hivemq-test-hivemq-platform-metrics-9399" clusterIPs={"IPv4":"10.43.123.212"}
2025-01-30 18:31:55,061 INFO c.h.h.t.HelmChartContainer - [K3S] [alloc.go:330] "allocated clusterIPs" service="helmmqttit/hivemq-test-hivemq-platform-mqtt-1884" clusterIPs={"IPv4":"10.43.52.134"}
2025-01-30 18:31:55,064 INFO c.h.h.t.HelmChartContainer - [K3S] [event.go:389] "Event occurred" object="helmmqttit/hivemq-test-hivemq-platform-mqtt-1884" fieldPath="" kind="Service" apiVersion="v1" type="Normal" reason="EnsuringLoadBalancer" message="Ensuring load balancer"
2025-01-30 18:31:55,068 INFO c.h.h.t.HelmChartContainer - [EVENT] Normal [EnsuringLoadBalancer] Ensuring load balancer [helmmqttit:hivemq-test-hivemq-platform-mqtt-1884]
2025-01-30 18:31:55,077 INFO c.h.h.t.HelmChartContainer - [K3S] [event.go:389] "Event occurred" object="helmmqttit/hivemq-test-hivemq-platform-mqtt-1884" fieldPath="" kind="Service" apiVersion="v1" type="Normal" reason="AppliedDaemonSet" message="Applied LoadBalancer DaemonSet kube-system/svclb-hivemq-test-hivemq-platform-mqtt-1884-81d0de50"
2025-01-30 18:31:55,081 INFO c.h.h.t.HelmChartContainer - [EVENT] Normal [AppliedDaemonSet] Applied LoadBalancer DaemonSet kube-system/svclb-hivemq-test-hivemq-platform-mqtt-1884-81d0de50 [helmmqttit:hivemq-test-hivemq-platform-mqtt-1884]
2025-01-30 18:31:55,094 INFO c.h.h.t.HelmChartContainer - [POD] svclb-hivemq-test-hivemq-platform-mqtt-1884-81d0de50-5kbgh [ad36a308-4ba9-4be8-9cce-0b3b0cf20f40] in kube-system was ADDED
2025-01-30 18:31:55,099 INFO c.h.h.t.HelmChartContainer - [POD] svclb-hivemq-test-hivemq-platform-mqtt-1884-81d0de50-5kbgh [ad36a308-4ba9-4be8-9cce-0b3b0cf20f40] in kube-system was MODIFIED
2025-01-30 18:31:55,111 INFO c.h.h.t.HelmChartContainer - [POD] svclb-hivemq-test-hivemq-platform-mqtt-1884-81d0de50-5kbgh [ad36a308-4ba9-4be8-9cce-0b3b0cf20f40] in kube-system was MODIFIED
2025-01-30 18:31:55,153 INFO c.h.h.t.HelmChartContainer - [hivemq-test-hivemq-platform] [hivemq-platform-operator] [e4761a86] 18:31:55.152 [pool-6-thread-20] DEBUG c.h.p.o.d.StatefulSetResource - [helmmqtt] Desired StatefulSet (1 replicas) for status STARTING (READY)
2025-01-30 18:31:55,248 INFO c.h.h.t.HelmChartContainer - [hivemq-test-hivemq-platform] [hivemq-platform-operator] [e4761a86] 18:31:55.247 [pool-6-thread-20] DEBUG c.h.p.o.d.StatefulSetResource - [helmmqtt] Create StatefulSet
2025-01-30 18:31:55,274 INFO c.h.h.t.HelmChartContainer - [POD] test-hivemq-platform-0 [d5c51875-9f3b-4415-b45d-b9273e60a292] in helmmqttit was ADDED
2025-01-30 18:31:55,277 INFO c.h.h.t.HelmChartContainer - [EVENT] Normal [SuccessfulCreate] create Pod test-hivemq-platform-0 in StatefulSet test-hivemq-platform successful [helmmqttit:test-hivemq-platform]
2025-01-30 18:31:55,281 INFO c.h.h.t.HelmChartContainer - [POD] test-hivemq-platform-0 [d5c51875-9f3b-4415-b45d-b9273e60a292] in helmmqttit was MODIFIED
2025-01-30 18:31:55,281 INFO c.h.h.t.HelmChartContainer - [EVENT] Normal [Scheduled] Successfully assigned helmmqttit/test-hivemq-platform-0 to bad0b85700c6 [helmmqttit:test-hivemq-platform-0]
2025-01-30 18:31:55,283 INFO c.h.h.t.HelmChartContainer - [K3S] [reconciler_common.go:251] "operationExecutor.VerifyControllerAttachedVolume started for volume \"pod-info\" (UniqueName: \"kubernetes.io/configmap/d5c51875-9f3b-4415-b45d-b9273e60a292-pod-info\") pod \"test-hivemq-platform-0\" (UID: \"d5c51875-9f3b-4415-b45d-b9273e60a292\") " pod="helmmqttit/test-hivemq-platform-0"
2025-01-30 18:31:55,283 INFO c.h.h.t.HelmChartContainer - [K3S] [reconciler_common.go:251] "operationExecutor.VerifyControllerAttachedVolume started for volume \"broker-configuration\" (UniqueName: \"kubernetes.io/configmap/d5c51875-9f3b-4415-b45d-b9273e60a292-broker-configuration\") pod \"test-hivemq-platform-0\" (UID: \"d5c51875-9f3b-4415-b45d-b9273e60a292\") " pod="helmmqttit/test-hivemq-platform-0"
2025-01-30 18:31:55,283 INFO c.h.h.t.HelmChartContainer - [K3S] [reconciler_common.go:251] "operationExecutor.VerifyControllerAttachedVolume started for volume \"operator-init\" (UniqueName: \"kubernetes.io/empty-dir/d5c51875-9f3b-4415-b45d-b9273e60a292-operator-init\") pod \"test-hivemq-platform-0\" (UID: \"d5c51875-9f3b-4415-b45d-b9273e60a292\") " pod="helmmqttit/test-hivemq-platform-0"
2025-01-30 18:31:55,284 INFO c.h.h.t.HelmChartContainer - [K3S] [reconciler_common.go:251] "operationExecutor.VerifyControllerAttachedVolume started for volume \"kube-api-access-nxnjj\" (UniqueName: \"kubernetes.io/projected/d5c51875-9f3b-4415-b45d-b9273e60a292-kube-api-access-nxnjj\") pod \"test-hivemq-platform-0\" (UID: \"d5c51875-9f3b-4415-b45d-b9273e60a292\") " pod="helmmqttit/test-hivemq-platform-0"
2025-01-30 18:31:55,289 INFO c.h.h.t.HelmChartContainer - [POD] test-hivemq-platform-0 [d5c51875-9f3b-4415-b45d-b9273e60a292] in helmmqttit was MODIFIED
2025-01-30 18:31:55,444 INFO c.h.h.t.HelmChartContainer - [hivemq-test-hivemq-platform] [hivemq-platform-operator] [e4761a86] 18:31:55.442 [ReconcilerExecutor-hivemq-controller-65] INFO  c.h.p.o.HiveMQPlatformReconciler - [helmmqtt] Reconciling HiveMQ Platform 'test-hivemq-platform' in namespace 'helmmqttit'
2025-01-30 18:31:55,444 INFO c.h.h.t.HelmChartContainer - [hivemq-test-hivemq-platform] [hivemq-platform-operator] [e4761a86] 18:31:55.443 [ReconcilerExecutor-hivemq-controller-65] DEBUG c.h.p.o.HiveMQPlatformReconciler - [helmmqtt] Custom Resource Status STARTING - HiveMQ Platform is starting (READY)
2025-01-30 18:31:55,444 INFO c.h.h.t.HelmChartContainer - [hivemq-test-hivemq-platform] [hivemq-platform-operator] [e4761a86] 18:31:55.443 [ReconcilerExecutor-hivemq-controller-65] DEBUG c.h.p.o.HiveMQPlatformReconciler - [helmmqtt] Custom Resource Spec (replicas: 1) (extensions: 1)
2025-01-30 18:31:55,447 INFO c.h.h.t.HelmChartContainer - [hivemq-test-hivemq-platform] [hivemq-platform-operator] [e4761a86] 18:31:55.446 [ReconcilerExecutor-hivemq-controller-65] DEBUG c.h.p.o.HiveMQPlatformReconciler - [helmmqtt] StatefulSet Status (revision: test-hivemq-platform-7bbc5894fb, replicas: 1, available: 0, ready: 0, current: 1, updated: 1)
2025-01-30 18:31:55,447 INFO c.h.h.t.HelmChartContainer - [hivemq-test-hivemq-platform] [hivemq-platform-operator] [e4761a86] 18:31:55.446 [ReconcilerExecutor-hivemq-controller-65] DEBUG c.h.p.o.HiveMQPlatformReconciler - [helmmqtt] StatefulSet Spec (replicas: 1, init containers: 1, containers: 1, volumes: 3)
2025-01-30 18:31:55,545 INFO c.h.h.t.HelmChartContainer - [hivemq-test-hivemq-platform] [hivemq-platform-operator] [e4761a86] 18:31:55.543 [ReconcilerExecutor-hivemq-controller-65] DEBUG c.h.p.o.h.HiveMQPlatformReconcilerErrorHandler - [helmmqtt] Pod 'test-hivemq-platform-0' phase Pending
2025-01-30 18:31:55,545 INFO c.h.h.t.HelmChartContainer - [hivemq-test-hivemq-platform] [hivemq-platform-operator] [e4761a86] 18:31:55.544 [ReconcilerExecutor-hivemq-controller-65] DEBUG c.h.p.o.h.HiveMQPlatformReconcilerErrorHandler - [helmmqtt] Pod 'test-hivemq-platform-0' condition 'PodReadyToStartContainers': False
2025-01-30 18:31:55,546 INFO c.h.h.t.HelmChartContainer - [hivemq-test-hivemq-platform] [hivemq-platform-operator] [e4761a86] 18:31:55.545 [ReconcilerExecutor-hivemq-controller-65] DEBUG c.h.p.o.h.HiveMQPlatformReconcilerErrorHandler - [helmmqtt] Pod 'test-hivemq-platform-0' condition 'Initialized': False
2025-01-30 18:31:55,546 INFO c.h.h.t.HelmChartContainer - [hivemq-test-hivemq-platform] [hivemq-platform-operator] [e4761a86] 18:31:55.545 [ReconcilerExecutor-hivemq-controller-65] DEBUG c.h.p.o.h.HiveMQPlatformReconcilerErrorHandler - [helmmqtt] Pod 'test-hivemq-platform-0' condition 'Ready': False
2025-01-30 18:31:55,546 INFO c.h.h.t.HelmChartContainer - [hivemq-test-hivemq-platform] [hivemq-platform-operator] [e4761a86] 18:31:55.545 [ReconcilerExecutor-hivemq-controller-65] DEBUG c.h.p.o.h.HiveMQPlatformReconcilerErrorHandler - [helmmqtt] Pod 'test-hivemq-platform-0' condition 'ContainersReady': False
2025-01-30 18:31:55,546 INFO c.h.h.t.HelmChartContainer - [hivemq-test-hivemq-platform] [hivemq-platform-operator] [e4761a86] 18:31:55.545 [ReconcilerExecutor-hivemq-controller-65] DEBUG c.h.p.o.h.HiveMQPlatformReconcilerErrorHandler - [helmmqtt] Pod 'test-hivemq-platform-0' condition 'PodScheduled': True
2025-01-30 18:31:55,546 INFO c.h.h.t.HelmChartContainer - [hivemq-test-hivemq-platform] [hivemq-platform-operator] [e4761a86] 18:31:55.545 [ReconcilerExecutor-hivemq-controller-65] DEBUG c.h.p.o.h.HiveMQPlatformReconcilerErrorHandler - [helmmqtt] Pod 'test-hivemq-platform-0' containerStatus 'hivemq' (started: false) (ready: false) (waiting: [PodInitializing] null)
2025-01-30 18:31:55,548 INFO c.h.h.t.HelmChartContainer - [hivemq-test-hivemq-platform] [hivemq-platform-operator] [e4761a86] 18:31:55.547 [ReconcilerExecutor-hivemq-controller-65] INFO  c.h.p.o.h.HiveMQPlatformReconcilerBaseHandler - [helmmqtt] HiveMQ Platform is starting, 0 of 1 replicas are ready
2025-01-30 18:31:55,556 INFO c.h.h.t.HelmChartContainer - [hivemq-test-hivemq-platform] [hivemq-platform-operator] [e4761a86] 18:31:55.552 [pool-6-thread-22] DEBUG c.h.p.o.d.PlatformServiceResource - [helmmqtt] Desired Platform services (2 services)
2025-01-30 18:31:55,556 INFO c.h.h.t.HelmChartContainer - [hivemq-test-hivemq-platform] [hivemq-platform-operator] [e4761a86] 18:31:55.553 [pool-6-thread-23] DEBUG c.h.p.o.dependants.PodInfoConfigMap - [helmmqtt] Desired PodInfo ConfigMap (1 extensions) (1 enabled)
2025-01-30 18:31:55,556 INFO c.h.h.t.HelmChartContainer - [hivemq-test-hivemq-platform] [hivemq-platform-operator] [e4761a86] 18:31:55.553 [pool-6-thread-23] DEBUG c.h.p.o.dependants.PodInfoConfigMap - [helmmqtt] Desired PodInfo ConfigMap (metrics port: 9399) (metrics path: /)
2025-01-30 18:31:55,556 INFO c.h.h.t.HelmChartContainer - [hivemq-test-hivemq-platform] [hivemq-platform-operator] [e4761a86] 18:31:55.553 [pool-6-thread-23] DEBUG c.h.p.o.dependants.PodInfoConfigMap - [helmmqtt] Desired PodInfo ConfigMap (extension state hash: -1817474005)
2025-01-30 18:31:55,556 INFO c.h.h.t.HelmChartContainer - [hivemq-test-hivemq-platform] [hivemq-platform-operator] [e4761a86] 18:31:55.555 [pool-6-thread-27] DEBUG c.h.p.o.d.PodServiceAccountResource - [helmmqtt] Desired PodServiceAccountResource (serviceAccountName: hivemq-platform-pod-test-hivemq-platform)
2025-01-30 18:31:55,654 INFO c.h.h.t.HelmChartContainer - [hivemq-test-hivemq-platform] [hivemq-platform-operator] [e4761a86] 18:31:55.652 [pool-6-thread-30] DEBUG c.h.p.o.d.StatefulSetResource - [helmmqtt] Desired StatefulSet (1 replicas) for status STARTING (READY)
2025-01-30 18:31:55,670 INFO c.h.h.t.HelmChartContainer - [EVENT] Normal [Pulled] Container image "docker.io/hivemq/hivemq-platform-operator-init-test:snapshot" already present on machine [helmmqttit:test-hivemq-platform-0]
2025-01-30 18:31:55,695 INFO c.h.h.t.HelmChartContainer - [hivemq-test-hivemq-platform] [hivemq-platform-operator] [e4761a86] 18:31:55.692 [ReconcilerExecutor-hivemq-controller-76] INFO  c.h.p.o.HiveMQPlatformReconciler - [helmmqtt] Reconciling HiveMQ Platform 'test-hivemq-platform' in namespace 'helmmqttit'
2025-01-30 18:31:55,695 INFO c.h.h.t.HelmChartContainer - [hivemq-test-hivemq-platform] [hivemq-platform-operator] [e4761a86] 18:31:55.693 [ReconcilerExecutor-hivemq-controller-76] DEBUG c.h.p.o.HiveMQPlatformReconciler - [helmmqtt] Custom Resource Status STARTING - HiveMQ Platform is starting (READY)
2025-01-30 18:31:55,695 INFO c.h.h.t.HelmChartContainer - [hivemq-test-hivemq-platform] [hivemq-platform-operator] [e4761a86] 18:31:55.693 [ReconcilerExecutor-hivemq-controller-76] DEBUG c.h.p.o.HiveMQPlatformReconciler - [helmmqtt] Custom Resource Spec (replicas: 1) (extensions: 1)
2025-01-30 18:31:55,749 INFO c.h.h.t.HelmChartContainer - [hivemq-test-hivemq-platform] [hivemq-platform-operator] [e4761a86] 18:31:55.745 [ReconcilerExecutor-hivemq-controller-76] DEBUG c.h.p.o.HiveMQPlatformReconciler - [helmmqtt] StatefulSet Status (revision: test-hivemq-platform-7bbc5894fb, replicas: 1, available: 0, ready: 0, current: 1, updated: 1)
2025-01-30 18:31:55,749 INFO c.h.h.t.HelmChartContainer - [hivemq-test-hivemq-platform] [hivemq-platform-operator] [e4761a86] 18:31:55.745 [ReconcilerExecutor-hivemq-controller-76] DEBUG c.h.p.o.HiveMQPlatformReconciler - [helmmqtt] StatefulSet Spec (replicas: 1, init containers: 1, containers: 1, volumes: 3)
2025-01-30 18:31:55,749 INFO c.h.h.t.HelmChartContainer - [hivemq-test-hivemq-platform] [hivemq-platform-operator] [e4761a86] 18:31:55.747 [ReconcilerExecutor-hivemq-controller-76] DEBUG c.h.p.o.h.HiveMQPlatformReconcilerErrorHandler - [helmmqtt] Pod 'test-hivemq-platform-0' phase Pending
2025-01-30 18:31:55,749 INFO c.h.h.t.HelmChartContainer - [hivemq-test-hivemq-platform] [hivemq-platform-operator] [e4761a86] 18:31:55.747 [ReconcilerExecutor-hivemq-controller-76] DEBUG c.h.p.o.h.HiveMQPlatformReconcilerErrorHandler - [helmmqtt] Pod 'test-hivemq-platform-0' condition 'PodReadyToStartContainers': False
2025-01-30 18:31:55,749 INFO c.h.h.t.HelmChartContainer - [hivemq-test-hivemq-platform] [hivemq-platform-operator] [e4761a86] 18:31:55.748 [ReconcilerExecutor-hivemq-controller-76] DEBUG c.h.p.o.h.HiveMQPlatformReconcilerErrorHandler - [helmmqtt] Pod 'test-hivemq-platform-0' condition 'Initialized': False
2025-01-30 18:31:55,749 INFO c.h.h.t.HelmChartContainer - [hivemq-test-hivemq-platform] [hivemq-platform-operator] [e4761a86] 18:31:55.748 [ReconcilerExecutor-hivemq-controller-76] DEBUG c.h.p.o.h.HiveMQPlatformReconcilerErrorHandler - [helmmqtt] Pod 'test-hivemq-platform-0' condition 'Ready': False
2025-01-30 18:31:55,749 INFO c.h.h.t.HelmChartContainer - [hivemq-test-hivemq-platform] [hivemq-platform-operator] [e4761a86] 18:31:55.748 [ReconcilerExecutor-hivemq-controller-76] DEBUG c.h.p.o.h.HiveMQPlatformReconcilerErrorHandler - [helmmqtt] Pod 'test-hivemq-platform-0' condition 'ContainersReady': False
2025-01-30 18:31:55,749 INFO c.h.h.t.HelmChartContainer - [hivemq-test-hivemq-platform] [hivemq-platform-operator] [e4761a86] 18:31:55.748 [ReconcilerExecutor-hivemq-controller-76] DEBUG c.h.p.o.h.HiveMQPlatformReconcilerErrorHandler - [helmmqtt] Pod 'test-hivemq-platform-0' condition 'PodScheduled': True
2025-01-30 18:31:55,749 INFO c.h.h.t.HelmChartContainer - [hivemq-test-hivemq-platform] [hivemq-platform-operator] [e4761a86] 18:31:55.748 [ReconcilerExecutor-hivemq-controller-76] DEBUG c.h.p.o.h.HiveMQPlatformReconcilerErrorHandler - [helmmqtt] Pod 'test-hivemq-platform-0' containerStatus 'hivemq' (started: false) (ready: false) (waiting: [PodInitializing] null)
2025-01-30 18:31:55,750 INFO c.h.h.t.HelmChartContainer - [hivemq-test-hivemq-platform] [hivemq-platform-operator] [e4761a86] 18:31:55.749 [ReconcilerExecutor-hivemq-controller-76] INFO  c.h.p.o.h.HiveMQPlatformReconcilerBaseHandler - [helmmqtt] HiveMQ Platform is starting, 0 of 1 replicas are ready
2025-01-30 18:31:55,802 INFO c.h.h.t.HelmChartContainer - [EVENT] Normal [Created] Created container: hivemq-platform-operator-init [helmmqttit:test-hivemq-platform-0]
2025-01-30 18:31:55,845 INFO c.h.h.t.HelmChartContainer - [EVENT] Normal [Started] Started container hivemq-platform-operator-init [helmmqttit:test-hivemq-platform-0]
2025-01-30 18:31:56,518 INFO c.h.h.t.HelmChartContainer - [EVENT] Normal [Pulled] Container image "docker.io/hivemq/hivemq4:4.36.0" already present on machine [helmmqttit:test-hivemq-platform-0]
2025-01-30 18:31:56,518 INFO c.h.h.t.HelmChartContainer - Received Pulled event for container hivemq in pod test-hivemq-platform-0 [d5c51875-9f3b-4415-b45d-b9273e60a292]
2025-01-30 18:31:56,529 INFO c.h.h.t.HelmChartContainer - [POD] svclb-hivemq-test-hivemq-platform-mqtt-1884-81d0de50-5kbgh [ad36a308-4ba9-4be8-9cce-0b3b0cf20f40] in kube-system was MODIFIED
2025-01-30 18:31:56,547 INFO c.h.h.t.HelmChartContainer - [K3S] [event.go:389] "Event occurred" object="helmmqttit/hivemq-test-hivemq-platform-mqtt-1884" fieldPath="" kind="Service" apiVersion="v1" type="Normal" reason="UpdatedLoadBalancer" message="Updated LoadBalancer with new IPs: [] -> [172.18.0.2]"
2025-01-30 18:31:56,551 INFO c.h.h.t.HelmChartContainer - [EVENT] Normal [UpdatedLoadBalancer] Updated LoadBalancer with new IPs: [] -> [172.18.0.2] [helmmqttit:hivemq-test-hivemq-platform-mqtt-1884]
2025-01-30 18:31:56,558 INFO c.h.h.t.HelmChartContainer - [POD] test-hivemq-platform-0 [d5c51875-9f3b-4415-b45d-b9273e60a292] in helmmqttit was MODIFIED
2025-01-30 18:31:56,571 INFO c.h.h.t.HelmChartContainer - [hivemq-test-hivemq-platform] [hivemq-platform-operator] [e4761a86] 18:31:56.558 [pool-6-thread-32] DEBUG c.h.p.o.d.PlatformServiceResource - [helmmqtt] Desired Platform services (2 services)
2025-01-30 18:31:56,571 INFO c.h.h.t.HelmChartContainer - [hivemq-test-hivemq-platform] [hivemq-platform-operator] [e4761a86] 18:31:56.563 [pool-6-thread-33] DEBUG c.h.p.o.dependants.PodInfoConfigMap - [helmmqtt] Desired PodInfo ConfigMap (1 extensions) (1 enabled)
2025-01-30 18:31:56,571 INFO c.h.h.t.HelmChartContainer - [hivemq-test-hivemq-platform] [hivemq-platform-operator] [e4761a86] 18:31:56.564 [pool-6-thread-33] DEBUG c.h.p.o.dependants.PodInfoConfigMap - [helmmqtt] Desired PodInfo ConfigMap (metrics port: 9399) (metrics path: /)
2025-01-30 18:31:56,571 INFO c.h.h.t.HelmChartContainer - [hivemq-test-hivemq-platform] [hivemq-platform-operator] [e4761a86] 18:31:56.564 [pool-6-thread-33] DEBUG c.h.p.o.dependants.PodInfoConfigMap - [helmmqtt] Desired PodInfo ConfigMap (extension state hash: -1817474005)
2025-01-30 18:31:56,584 INFO c.h.h.t.HelmChartContainer - [K3S] [event.go:389] "Event occurred" object="helmmqttit/hivemq-test-hivemq-platform-mqtt-1884" fieldPath="" kind="Service" apiVersion="v1" type="Normal" reason="UpdatedLoadBalancer" message="Updated LoadBalancer with new IPs: [172.18.0.2] -> [172.18.0.2]"
2025-01-30 18:31:56,585 INFO c.h.h.t.HelmChartContainer - [EVENT] Normal [UpdatedLoadBalancer] Updated LoadBalancer with new IPs: [172.18.0.2] -> [172.18.0.2] [helmmqttit:hivemq-test-hivemq-platform-mqtt-1884]
2025-01-30 18:31:56,595 INFO c.h.h.t.HelmChartContainer - [hivemq-test-hivemq-platform] [hivemq-platform-operator] [e4761a86] 18:31:56.593 [pool-6-thread-37] DEBUG c.h.p.o.d.PodServiceAccountResource - [helmmqtt] Desired PodServiceAccountResource (serviceAccountName: hivemq-platform-pod-test-hivemq-platform)
2025-01-30 18:31:56,649 INFO c.h.h.t.HelmChartContainer - [hivemq-test-hivemq-platform] [hivemq-platform-operator] [e4761a86] 18:31:56.648 [pool-6-thread-40] DEBUG c.h.p.o.d.StatefulSetResource - [helmmqtt] Desired StatefulSet (1 replicas) for status STARTING (READY)
2025-01-30 18:31:56,655 INFO c.h.h.t.HelmChartContainer - [hivemq-test-hivemq-platform] [hivemq-platform-operator] [e4761a86] 18:31:56.654 [ReconcilerExecutor-hivemq-controller-87] INFO  c.h.p.o.HiveMQPlatformReconciler - [helmmqtt] Reconciling HiveMQ Platform 'test-hivemq-platform' in namespace 'helmmqttit'
2025-01-30 18:31:56,656 INFO c.h.h.t.HelmChartContainer - [hivemq-test-hivemq-platform] [hivemq-platform-operator] [e4761a86] 18:31:56.654 [ReconcilerExecutor-hivemq-controller-87] DEBUG c.h.p.o.HiveMQPlatformReconciler - [helmmqtt] Custom Resource Status STARTING - HiveMQ Platform is starting (READY)
2025-01-30 18:31:56,656 INFO c.h.h.t.HelmChartContainer - [hivemq-test-hivemq-platform] [hivemq-platform-operator] [e4761a86] 18:31:56.654 [ReconcilerExecutor-hivemq-controller-87] DEBUG c.h.p.o.HiveMQPlatformReconciler - [helmmqtt] Custom Resource Spec (replicas: 1) (extensions: 1)
2025-01-30 18:31:56,691 INFO c.h.h.t.HelmChartContainer - [hivemq-test-hivemq-platform] [hivemq-platform-operator] [e4761a86] 18:31:56.689 [ReconcilerExecutor-hivemq-controller-87] DEBUG c.h.p.o.HiveMQPlatformReconciler - [helmmqtt] StatefulSet Status (revision: test-hivemq-platform-7bbc5894fb, replicas: 1, available: 0, ready: 0, current: 1, updated: 1)
2025-01-30 18:31:56,691 INFO c.h.h.t.HelmChartContainer - [hivemq-test-hivemq-platform] [hivemq-platform-operator] [e4761a86] 18:31:56.689 [ReconcilerExecutor-hivemq-controller-87] DEBUG c.h.p.o.HiveMQPlatformReconciler - [helmmqtt] StatefulSet Spec (replicas: 1, init containers: 1, containers: 1, volumes: 3)
2025-01-30 18:31:56,695 INFO c.h.h.t.HelmChartContainer - [hivemq-test-hivemq-platform] [hivemq-platform-operator] [e4761a86] 18:31:56.692 [ReconcilerExecutor-hivemq-controller-87] DEBUG c.h.p.o.h.HiveMQPlatformReconcilerErrorHandler - [helmmqtt] Pod 'test-hivemq-platform-0' phase Pending
2025-01-30 18:31:56,695 INFO c.h.h.t.HelmChartContainer - [hivemq-test-hivemq-platform] [hivemq-platform-operator] [e4761a86] 18:31:56.693 [ReconcilerExecutor-hivemq-controller-87] DEBUG c.h.p.o.h.HiveMQPlatformReconcilerErrorHandler - [helmmqtt] Pod 'test-hivemq-platform-0' condition 'PodReadyToStartContainers': True
2025-01-30 18:31:56,695 INFO c.h.h.t.HelmChartContainer - [hivemq-test-hivemq-platform] [hivemq-platform-operator] [e4761a86] 18:31:56.693 [ReconcilerExecutor-hivemq-controller-87] DEBUG c.h.p.o.h.HiveMQPlatformReconcilerErrorHandler - [helmmqtt] Pod 'test-hivemq-platform-0' condition 'Initialized': True
2025-01-30 18:31:56,695 INFO c.h.h.t.HelmChartContainer - [hivemq-test-hivemq-platform] [hivemq-platform-operator] [e4761a86] 18:31:56.693 [ReconcilerExecutor-hivemq-controller-87] DEBUG c.h.p.o.h.HiveMQPlatformReconcilerErrorHandler - [helmmqtt] Pod 'test-hivemq-platform-0' condition 'Ready': False
2025-01-30 18:31:56,695 INFO c.h.h.t.HelmChartContainer - [hivemq-test-hivemq-platform] [hivemq-platform-operator] [e4761a86] 18:31:56.693 [ReconcilerExecutor-hivemq-controller-87] DEBUG c.h.p.o.h.HiveMQPlatformReconcilerErrorHandler - [helmmqtt] Pod 'test-hivemq-platform-0' condition 'ContainersReady': False
2025-01-30 18:31:56,695 INFO c.h.h.t.HelmChartContainer - [hivemq-test-hivemq-platform] [hivemq-platform-operator] [e4761a86] 18:31:56.693 [ReconcilerExecutor-hivemq-controller-87] DEBUG c.h.p.o.h.HiveMQPlatformReconcilerErrorHandler - [helmmqtt] Pod 'test-hivemq-platform-0' condition 'PodScheduled': True
2025-01-30 18:31:56,695 INFO c.h.h.t.HelmChartContainer - [hivemq-test-hivemq-platform] [hivemq-platform-operator] [e4761a86] 18:31:56.693 [ReconcilerExecutor-hivemq-controller-87] DEBUG c.h.p.o.h.HiveMQPlatformReconcilerErrorHandler - [helmmqtt] Pod 'test-hivemq-platform-0' containerStatus 'hivemq' (started: false) (ready: false) (waiting: [PodInitializing] null)
2025-01-30 18:31:56,695 INFO c.h.h.t.HelmChartContainer - [hivemq-test-hivemq-platform] [hivemq-platform-operator] [e4761a86] 18:31:56.694 [ReconcilerExecutor-hivemq-controller-87] INFO  c.h.p.o.h.HiveMQPlatformReconcilerBaseHandler - [helmmqtt] HiveMQ Platform is starting, 0 of 1 replicas are ready
2025-01-30 18:31:56,750 INFO c.h.h.t.HelmChartContainer - [hivemq-test-hivemq-platform] [hivemq-platform-operator] [e4761a86] 18:31:56.746 [pool-6-thread-42] DEBUG c.h.p.o.d.PlatformServiceResource - [helmmqtt] Desired Platform services (2 services)
2025-01-30 18:31:56,752 INFO c.h.h.t.HelmChartContainer - [hivemq-test-hivemq-platform] [hivemq-platform-operator] [e4761a86] 18:31:56.751 [pool-6-thread-43] DEBUG c.h.p.o.dependants.PodInfoConfigMap - [helmmqtt] Desired PodInfo ConfigMap (1 extensions) (1 enabled)
2025-01-30 18:31:56,754 INFO c.h.h.t.HelmChartContainer - [hivemq-test-hivemq-platform] [hivemq-platform-operator] [e4761a86] 18:31:56.751 [pool-6-thread-43] DEBUG c.h.p.o.dependants.PodInfoConfigMap - [helmmqtt] Desired PodInfo ConfigMap (metrics port: 9399) (metrics path: /)
2025-01-30 18:31:56,754 INFO c.h.h.t.HelmChartContainer - [hivemq-test-hivemq-platform] [hivemq-platform-operator] [e4761a86] 18:31:56.751 [pool-6-thread-43] DEBUG c.h.p.o.dependants.PodInfoConfigMap - [helmmqtt] Desired PodInfo ConfigMap (extension state hash: -1817474005)
2025-01-30 18:31:56,758 INFO c.h.h.t.HelmChartContainer - [hivemq-test-hivemq-platform] [hivemq-platform-operator] [e4761a86] 18:31:56.756 [pool-6-thread-47] DEBUG c.h.p.o.d.PodServiceAccountResource - [helmmqtt] Desired PodServiceAccountResource (serviceAccountName: hivemq-platform-pod-test-hivemq-platform)
2025-01-30 18:31:56,793 INFO c.h.h.t.HelmChartContainer - [hivemq-test-hivemq-platform] [hivemq-platform-operator] [e4761a86] 18:31:56.793 [pool-6-thread-50] DEBUG c.h.p.o.d.StatefulSetResource - [helmmqtt] Desired StatefulSet (1 replicas) for status STARTING (READY)
2025-01-30 18:31:56,850 INFO c.h.h.t.HelmChartContainer - [hivemq-test-hivemq-platform] [hivemq-platform-operator] [e4761a86] 18:31:56.846 [ReconcilerExecutor-hivemq-controller-98] INFO  c.h.p.o.HiveMQPlatformReconciler - [helmmqtt] Reconciling HiveMQ Platform 'test-hivemq-platform' in namespace 'helmmqttit'
2025-01-30 18:31:56,850 INFO c.h.h.t.HelmChartContainer - [hivemq-test-hivemq-platform] [hivemq-platform-operator] [e4761a86] 18:31:56.846 [ReconcilerExecutor-hivemq-controller-98] DEBUG c.h.p.o.HiveMQPlatformReconciler - [helmmqtt] Custom Resource Status STARTING - HiveMQ Platform is starting (READY)
2025-01-30 18:31:56,850 INFO c.h.h.t.HelmChartContainer - [hivemq-test-hivemq-platform] [hivemq-platform-operator] [e4761a86] 18:31:56.847 [ReconcilerExecutor-hivemq-controller-98] DEBUG c.h.p.o.HiveMQPlatformReconciler - [helmmqtt] Custom Resource Spec (replicas: 1) (extensions: 1)
2025-01-30 18:31:56,860 INFO c.h.h.t.HelmChartContainer - [hivemq-test-hivemq-platform] [hivemq-platform-operator] [e4761a86] 18:31:56.858 [ReconcilerExecutor-hivemq-controller-98] DEBUG c.h.p.o.HiveMQPlatformReconciler - [helmmqtt] StatefulSet Status (revision: test-hivemq-platform-7bbc5894fb, replicas: 1, available: 0, ready: 0, current: 1, updated: 1)
2025-01-30 18:31:56,860 INFO c.h.h.t.HelmChartContainer - [hivemq-test-hivemq-platform] [hivemq-platform-operator] [e4761a86] 18:31:56.858 [ReconcilerExecutor-hivemq-controller-98] DEBUG c.h.p.o.HiveMQPlatformReconciler - [helmmqtt] StatefulSet Spec (replicas: 1, init containers: 1, containers: 1, volumes: 3)
2025-01-30 18:31:56,861 INFO c.h.h.t.HelmChartContainer - [hivemq-test-hivemq-platform] [hivemq-platform-operator] [e4761a86] 18:31:56.860 [ReconcilerExecutor-hivemq-controller-98] DEBUG c.h.p.o.h.HiveMQPlatformReconcilerErrorHandler - [helmmqtt] Pod 'test-hivemq-platform-0' phase Pending
2025-01-30 18:31:56,862 INFO c.h.h.t.HelmChartContainer - [hivemq-test-hivemq-platform] [hivemq-platform-operator] [e4761a86] 18:31:56.861 [ReconcilerExecutor-hivemq-controller-98] DEBUG c.h.p.o.h.HiveMQPlatformReconcilerErrorHandler - [helmmqtt] Pod 'test-hivemq-platform-0' condition 'PodReadyToStartContainers': True
2025-01-30 18:31:56,862 INFO c.h.h.t.HelmChartContainer - [hivemq-test-hivemq-platform] [hivemq-platform-operator] [e4761a86] 18:31:56.861 [ReconcilerExecutor-hivemq-controller-98] DEBUG c.h.p.o.h.HiveMQPlatformReconcilerErrorHandler - [helmmqtt] Pod 'test-hivemq-platform-0' condition 'Initialized': True
2025-01-30 18:31:56,862 INFO c.h.h.t.HelmChartContainer - [hivemq-test-hivemq-platform] [hivemq-platform-operator] [e4761a86] 18:31:56.861 [ReconcilerExecutor-hivemq-controller-98] DEBUG c.h.p.o.h.HiveMQPlatformReconcilerErrorHandler - [helmmqtt] Pod 'test-hivemq-platform-0' condition 'Ready': False
2025-01-30 18:31:56,862 INFO c.h.h.t.HelmChartContainer - [hivemq-test-hivemq-platform] [hivemq-platform-operator] [e4761a86] 18:31:56.861 [ReconcilerExecutor-hivemq-controller-98] DEBUG c.h.p.o.h.HiveMQPlatformReconcilerErrorHandler - [helmmqtt] Pod 'test-hivemq-platform-0' condition 'ContainersReady': False
2025-01-30 18:31:56,862 INFO c.h.h.t.HelmChartContainer - [hivemq-test-hivemq-platform] [hivemq-platform-operator] [e4761a86] 18:31:56.861 [ReconcilerExecutor-hivemq-controller-98] DEBUG c.h.p.o.h.HiveMQPlatformReconcilerErrorHandler - [helmmqtt] Pod 'test-hivemq-platform-0' condition 'PodScheduled': True
2025-01-30 18:31:56,863 INFO c.h.h.t.HelmChartContainer - [hivemq-test-hivemq-platform] [hivemq-platform-operator] [e4761a86] 18:31:56.861 [ReconcilerExecutor-hivemq-controller-98] DEBUG c.h.p.o.h.HiveMQPlatformReconcilerErrorHandler - [helmmqtt] Pod 'test-hivemq-platform-0' containerStatus 'hivemq' (started: false) (ready: false) (waiting: [PodInitializing] null)
2025-01-30 18:31:56,863 INFO c.h.h.t.HelmChartContainer - [hivemq-test-hivemq-platform] [hivemq-platform-operator] [e4761a86] 18:31:56.862 [ReconcilerExecutor-hivemq-controller-98] INFO  c.h.p.o.h.HiveMQPlatformReconcilerBaseHandler - [helmmqtt] HiveMQ Platform is starting, 0 of 1 replicas are ready
2025-01-30 18:31:57,911 INFO c.h.h.t.HelmChartContainer - [EVENT] Normal [Created] Created container: hivemq [helmmqttit:test-hivemq-platform-0]
2025-01-30 18:31:57,911 INFO c.h.h.t.HelmChartContainer - Received Created event for container hivemq in pod test-hivemq-platform-0 [d5c51875-9f3b-4415-b45d-b9273e60a292]
2025-01-30 18:31:58,531 INFO c.h.h.t.HelmChartContainer - [POD] test-hivemq-platform-0 [d5c51875-9f3b-4415-b45d-b9273e60a292] in helmmqttit was MODIFIED
2025-01-30 18:31:58,542 INFO c.h.h.t.HelmChartContainer - [EVENT] Normal [Started] Started container hivemq [helmmqttit:test-hivemq-platform-0]
2025-01-30 18:31:58,542 INFO c.h.h.t.HelmChartContainer - [hivemq-test-hivemq-platform] [hivemq-platform-operator] [e4761a86] 18:31:58.537 [pool-6-thread-8] DEBUG c.h.p.o.d.PlatformServiceResource - [helmmqtt] Desired Platform services (2 services)
2025-01-30 18:31:58,542 INFO c.h.h.t.HelmChartContainer - Started log watcher for hivemq in pod test-hivemq-platform-0 [d5c51875-9f3b-4415-b45d-b9273e60a292]
2025-01-30 18:31:58,542 INFO c.h.h.t.HelmChartContainer - Received Started event for container hivemq in pod test-hivemq-platform-0 [d5c51875-9f3b-4415-b45d-b9273e60a292]
2025-01-30 18:31:58,542 INFO c.h.h.t.HelmChartContainer - [test-hivemq-platform] [hivemq] [d5c51875] Adding pre-installed HiveMQ Platform Operator extensions
2025-01-30 18:31:58,542 INFO c.h.h.t.HelmChartContainer - [test-hivemq-platform] [hivemq] [d5c51875] Running as user 10000
2025-01-30 18:31:58,542 INFO c.h.h.t.HelmChartContainer - [test-hivemq-platform] [hivemq] [d5c51875] Starting HiveMQ Platform Operator Init
2025-01-30 18:31:58,542 INFO c.h.h.t.HelmChartContainer - [hivemq-test-hivemq-platform] [hivemq-platform-operator] [e4761a86] 18:31:58.539 [pool-6-thread-3] DEBUG c.h.p.o.dependants.PodInfoConfigMap - [helmmqtt] Desired PodInfo ConfigMap (1 extensions) (1 enabled)
2025-01-30 18:31:58,542 INFO c.h.h.t.HelmChartContainer - [hivemq-test-hivemq-platform] [hivemq-platform-operator] [e4761a86] 18:31:58.539 [pool-6-thread-3] DEBUG c.h.p.o.dependants.PodInfoConfigMap - [helmmqtt] Desired PodInfo ConfigMap (metrics port: 9399) (metrics path: /)
2025-01-30 18:31:58,542 INFO c.h.h.t.HelmChartContainer - [hivemq-test-hivemq-platform] [hivemq-platform-operator] [e4761a86] 18:31:58.539 [pool-6-thread-3] DEBUG c.h.p.o.dependants.PodInfoConfigMap - [helmmqtt] Desired PodInfo ConfigMap (extension state hash: -1817474005)
2025-01-30 18:31:58,542 INFO c.h.h.t.HelmChartContainer - [hivemq-test-hivemq-platform] [hivemq-platform-operator] [e4761a86] 18:31:58.540 [pool-6-thread-6] DEBUG c.h.p.o.d.PodServiceAccountResource - [helmmqtt] Desired PodServiceAccountResource (serviceAccountName: hivemq-platform-pod-test-hivemq-platform)
2025-01-30 18:31:58,592 INFO c.h.h.t.HelmChartContainer - [hivemq-test-hivemq-platform] [hivemq-platform-operator] [e4761a86] 18:31:58.590 [pool-6-thread-10] DEBUG c.h.p.o.d.StatefulSetResource - [helmmqtt] Desired StatefulSet (1 replicas) for status STARTING (READY)
2025-01-30 18:31:58,596 INFO c.h.h.t.HelmChartContainer - [hivemq-test-hivemq-platform] [hivemq-platform-operator] [e4761a86] 18:31:58.594 [ReconcilerExecutor-hivemq-controller-109] INFO  c.h.p.o.HiveMQPlatformReconciler - [helmmqtt] Reconciling HiveMQ Platform 'test-hivemq-platform' in namespace 'helmmqttit'
2025-01-30 18:31:58,596 INFO c.h.h.t.HelmChartContainer - [hivemq-test-hivemq-platform] [hivemq-platform-operator] [e4761a86] 18:31:58.594 [ReconcilerExecutor-hivemq-controller-109] DEBUG c.h.p.o.HiveMQPlatformReconciler - [helmmqtt] Custom Resource Status STARTING - HiveMQ Platform is starting (READY)
2025-01-30 18:31:58,596 INFO c.h.h.t.HelmChartContainer - [hivemq-test-hivemq-platform] [hivemq-platform-operator] [e4761a86] 18:31:58.594 [ReconcilerExecutor-hivemq-controller-109] DEBUG c.h.p.o.HiveMQPlatformReconciler - [helmmqtt] Custom Resource Spec (replicas: 1) (extensions: 1)
2025-01-30 18:31:58,600 INFO c.h.h.t.HelmChartContainer - [hivemq-test-hivemq-platform] [hivemq-platform-operator] [e4761a86] 18:31:58.599 [ReconcilerExecutor-hivemq-controller-109] DEBUG c.h.p.o.HiveMQPlatformReconciler - [helmmqtt] StatefulSet Status (revision: test-hivemq-platform-7bbc5894fb, replicas: 1, available: 0, ready: 0, current: 1, updated: 1)
2025-01-30 18:31:58,600 INFO c.h.h.t.HelmChartContainer - [hivemq-test-hivemq-platform] [hivemq-platform-operator] [e4761a86] 18:31:58.599 [ReconcilerExecutor-hivemq-controller-109] DEBUG c.h.p.o.HiveMQPlatformReconciler - [helmmqtt] StatefulSet Spec (replicas: 1, init containers: 1, containers: 1, volumes: 3)
2025-01-30 18:31:58,602 INFO c.h.h.t.HelmChartContainer - [hivemq-test-hivemq-platform] [hivemq-platform-operator] [e4761a86] 18:31:58.602 [ReconcilerExecutor-hivemq-controller-109] DEBUG c.h.p.o.h.HiveMQPlatformReconcilerErrorHandler - [helmmqtt] Pod 'test-hivemq-platform-0' phase Running
2025-01-30 18:31:58,603 INFO c.h.h.t.HelmChartContainer - [hivemq-test-hivemq-platform] [hivemq-platform-operator] [e4761a86] 18:31:58.603 [ReconcilerExecutor-hivemq-controller-109] INFO  c.h.p.o.h.HiveMQPlatformReconcilerBaseHandler - [helmmqtt] HiveMQ Platform is starting, 0 of 1 replicas are ready
2025-01-30 18:31:59,247 INFO c.h.h.t.HelmChartContainer - [test-hivemq-platform] [hivemq] [d5c51875] INFO  - [HiveMQ Platform Operator Init 1.7.0-SNAPSHOT] HiveMQ Platform Operator Init 1.7.0-SNAPSHOT (commit: 47e3375 on branch: HEAD) built on Thu Jan 30 03:55:50 UTC 2025
2025-01-30 18:32:00,361 INFO c.h.h.t.HelmChartContainer - [test-hivemq-platform] [hivemq] [d5c51875] INFO  - [HiveMQ Platform Operator Init App 1.7.0-SNAPSHOT] Using bind address 10.42.0.11 from environment variable
2025-01-30 18:32:01,255 INFO c.h.h.t.HelmChartContainer - [test-hivemq-platform] [hivemq] [d5c51875] INFO  - [HiveMQ Platform Operator Init App 1.7.0-SNAPSHOT] HiveMQ Platform Operator Init App 1.7.0-SNAPSHOT (commit: 47e3375 on branch: HEAD) built on Thu Jan 30 03:55:50 UTC 2025
2025-01-30 18:32:01,255 INFO c.h.h.t.HelmChartContainer - [test-hivemq-platform] [hivemq] [d5c51875] INFO  - [HiveMQ Platform Operator Init App 1.7.0-SNAPSHOT] PodInfo ConfigMap directory: /etc/podinfo
2025-01-30 18:32:01,255 INFO c.h.h.t.HelmChartContainer - [test-hivemq-platform] [hivemq] [d5c51875] INFO  - [HiveMQ Platform Operator Init App 1.7.0-SNAPSHOT] HiveMQ home directory: /opt/hivemq
2025-01-30 18:32:01,255 INFO c.h.h.t.HelmChartContainer - [test-hivemq-platform] [hivemq] [d5c51875] INFO  - [HiveMQ Platform Operator Init App 1.7.0-SNAPSHOT] HiveMQ Logback folder: /opt/hivemq/conf
2025-01-30 18:32:01,255 INFO c.h.h.t.HelmChartContainer - [test-hivemq-platform] [hivemq] [d5c51875] INFO  - [HiveMQ Platform Operator Init App 1.7.0-SNAPSHOT] HiveMQ Config folder: /opt/hivemq/conf-k8s
2025-01-30 18:32:01,256 INFO c.h.h.t.HelmChartContainer - [test-hivemq-platform] [hivemq] [d5c51875] INFO  - [HiveMQ Platform Operator Init App 1.7.0-SNAPSHOT] Starting HiveMQ Platform Operator Init App
2025-01-30 18:32:01,256 INFO c.h.h.t.HelmChartContainer - [test-hivemq-platform] [hivemq] [d5c51875] INFO  - [HiveMQ Platform Operator Init App 1.7.0-SNAPSHOT] Starting Pod reconciler
2025-01-30 18:32:02,657 INFO c.h.h.t.HelmChartContainer - [test-hivemq-platform] [hivemq] [d5c51875] INFO  - [HiveMQ Platform Operator Init App 1.7.0-SNAPSHOT] Pod reconciler is scheduled (interval: 5000 ms)
2025-01-30 18:32:02,675 INFO c.h.h.t.HelmChartContainer - [test-hivemq-platform] [hivemq] [d5c51875] INFO  - [HiveMQ Platform Operator Init App 1.7.0-SNAPSHOT] Starting the REST API on 10.42.0.11:7979
2025-01-30 18:32:02,678 INFO c.h.h.t.HelmChartContainer - [test-hivemq-platform] [hivemq] [d5c51875] INFO  - [HiveMQ Platform Operator Init App 1.7.0-SNAPSHOT] Waiting up to 600s for at most 1 HiveMQ nodes in cluster service hivemq-test-hivemq-platform-cluster.helmmqttit.svc
2025-01-30 18:32:03,050 INFO c.h.h.t.HelmChartContainer - [test-hivemq-platform] [hivemq] [d5c51875] INFO  - [HiveMQ Platform Operator Init App 1.7.0-SNAPSHOT] Resolved 1 IP addresses: [10.42.0.11]
2025-01-30 18:32:03,050 INFO c.h.h.t.HelmChartContainer - [test-hivemq-platform] [hivemq] [d5c51875] INFO  - [HiveMQ Platform Operator Init App 1.7.0-SNAPSHOT] HiveMQ node count of 1 is within threshold of 1
2025-01-30 18:32:03,050 INFO c.h.h.t.HelmChartContainer - [test-hivemq-platform] [hivemq] [d5c51875] INFO  - [HiveMQ Platform Operator Init App 1.7.0-SNAPSHOT] Proceeding with container start
2025-01-30 18:32:03,091 INFO c.h.h.t.HelmChartContainer - [test-hivemq-platform] [hivemq] [d5c51875] INFO  - [HiveMQ Platform Operator Init App 1.7.0-SNAPSHOT] Initializing HiveMQ Platform extensions with initial configuration: {hivemq-allow-all-extension={start-priority=-1, skip-https-hostname-verification=false, restart=true, config-version=0, header-version=0, c-uri=, priority=-1, uri=preinstalled, skip-https-certificate-validation=false, enabled=true}, hivemq-prometheus-extension={enabled=true, restart=true, priority=-1, start-priority=-1, c-uri=, skip-https-hostname-verification=false, skip-https-certificate-validation=false, uri=preinstalled, request-header-path=no-request-headers}}
2025-01-30 18:32:03,584 INFO c.h.h.t.HelmChartContainer - [test-hivemq-platform] [hivemq] [d5c51875] INFO  - [HiveMQ Platform Operator Init App 1.7.0-SNAPSHOT] Extension hivemq-allow-all-extension was already enabled
2025-01-30 18:32:03,630 INFO c.h.h.t.HelmChartContainer - [K3S] [range_allocator.go:247] "Successfully synced" key="bad0b85700c6"
2025-01-30 18:32:03,652 INFO c.h.h.t.HelmChartContainer - [test-hivemq-platform] [hivemq] [d5c51875] INFO  - [HiveMQ Platform Operator Init App 1.7.0-SNAPSHOT] Successfully enabled extension hivemq-prometheus-extension
2025-01-30 18:32:03,676 INFO c.h.h.t.HelmChartContainer - [test-hivemq-platform] [hivemq] [d5c51875] INFO  - [HiveMQ Platform Operator Init App 1.7.0-SNAPSHOT] Starting HiveMQ Platform version 4.36.0 (4.36.0)
2025-01-30 18:32:03,678 INFO c.h.h.t.HelmChartContainer - [test-hivemq-platform] [hivemq] [d5c51875] INFO  - [HiveMQ Platform Operator Init App 1.7.0-SNAPSHOT] Configuring the HiveMQ Platform
2025-01-30 18:32:03,747 INFO c.h.h.t.HelmChartContainer - [test-hivemq-platform] [hivemq] [d5c51875] INFO  - [HiveMQ Platform Operator Init App 1.7.0-SNAPSHOT] Changed logback.xml file scan period to 20 seconds
2025-01-30 18:32:03,783 INFO c.h.h.t.HelmChartContainer - [test-hivemq-platform] [hivemq] [d5c51875] INFO  - [HiveMQ Platform Operator Init App 1.7.0-SNAPSHOT] Starting the HiveMQ Platform
2025-01-30 18:32:03,844 INFO c.h.h.t.HelmChartContainer - [test-hivemq-platform] [hivemq] [d5c51875] -------------------------------------------------------------------------
2025-01-30 18:32:03,844 INFO c.h.h.t.HelmChartContainer - [test-hivemq-platform] [hivemq] [d5c51875] 
2025-01-30 18:32:03,844 INFO c.h.h.t.HelmChartContainer - [test-hivemq-platform] [hivemq] [d5c51875]                   _    _  _              __  __   ____
2025-01-30 18:32:03,845 INFO c.h.h.t.HelmChartContainer - [test-hivemq-platform] [hivemq] [d5c51875]                  | |  | |(_)            |  \/  | / __ \
2025-01-30 18:32:03,845 INFO c.h.h.t.HelmChartContainer - [test-hivemq-platform] [hivemq] [d5c51875]                  | |__| | _ __   __ ___ | \  / || |  | |
2025-01-30 18:32:03,845 INFO c.h.h.t.HelmChartContainer - [test-hivemq-platform] [hivemq] [d5c51875]                  |  __  || |\ \ / // _ \| |\/| || |  | |
2025-01-30 18:32:03,845 INFO c.h.h.t.HelmChartContainer - [test-hivemq-platform] [hivemq] [d5c51875]                  | |  | || | \ V /|  __/| |  | || |__| |
2025-01-30 18:32:03,845 INFO c.h.h.t.HelmChartContainer - [test-hivemq-platform] [hivemq] [d5c51875]                  |_|  |_||_|  \_/  \___||_|  |_| \___\_\
2025-01-30 18:32:03,845 INFO c.h.h.t.HelmChartContainer - [test-hivemq-platform] [hivemq] [d5c51875] 
2025-01-30 18:32:03,845 INFO c.h.h.t.HelmChartContainer - [test-hivemq-platform] [hivemq] [d5c51875] -------------------------------------------------------------------------
2025-01-30 18:32:03,845 INFO c.h.h.t.HelmChartContainer - [test-hivemq-platform] [hivemq] [d5c51875] 
2025-01-30 18:32:03,845 INFO c.h.h.t.HelmChartContainer - [test-hivemq-platform] [hivemq] [d5c51875]   HiveMQ Start Script for Linux/Unix v1.14
2025-01-30 18:32:03,845 INFO c.h.h.t.HelmChartContainer - [test-hivemq-platform] [hivemq] [d5c51875] 
2025-01-30 18:32:03,894 INFO c.h.h.t.HelmChartContainer - [test-hivemq-platform] [hivemq] [d5c51875] -------------------------------------------------------------------------
2025-01-30 18:32:03,894 INFO c.h.h.t.HelmChartContainer - [test-hivemq-platform] [hivemq] [d5c51875] 
2025-01-30 18:32:03,894 INFO c.h.h.t.HelmChartContainer - [test-hivemq-platform] [hivemq] [d5c51875]   HIVEMQ_HOME: /opt/hivemq
2025-01-30 18:32:03,894 INFO c.h.h.t.HelmChartContainer - [test-hivemq-platform] [hivemq] [d5c51875] 
2025-01-30 18:32:03,894 INFO c.h.h.t.HelmChartContainer - [test-hivemq-platform] [hivemq] [d5c51875]   JAVA_OPTS: -XX:+UnlockExperimentalVMOptions -XX:InitialRAMPercentage=50 -XX:MaxRAMPercentage=50 -Djava.net.preferIPv4Stack=true --add-opens java.base/java.lang=ALL-UNNAMED --add-opens java.base/java.nio=ALL-UNNAMED --add-opens java.base/sun.nio.ch=ALL-UNNAMED --add-opens jdk.management/com.sun.management.internal=ALL-UNNAMED --add-exports java.base/jdk.internal.misc=ALL-UNNAMED -Djava.security.egd=file:/dev/./urandom -Dcom.sun.management.jmxremote -Dcom.sun.management.jmxremote.port=9010 -Dcom.sun.management.jmxremote.local.only=false -Dcom.sun.management.jmxremote.authenticate=false -Dcom.sun.management.jmxremote.ssl=false -Duser.language=en -Duser.region=US -XX:+CrashOnOutOfMemoryError -XX:+HeapDumpOnOutOfMemoryError
2025-01-30 18:32:03,894 INFO c.h.h.t.HelmChartContainer - [test-hivemq-platform] [hivemq] [d5c51875] 
2025-01-30 18:32:03,894 INFO c.h.h.t.HelmChartContainer - [test-hivemq-platform] [hivemq] [d5c51875]   JAVA_VERSION: 21
2025-01-30 18:32:03,894 INFO c.h.h.t.HelmChartContainer - [test-hivemq-platform] [hivemq] [d5c51875] 
2025-01-30 18:32:03,894 INFO c.h.h.t.HelmChartContainer - [test-hivemq-platform] [hivemq] [d5c51875] -------------------------------------------------------------------------
2025-01-30 18:32:03,894 INFO c.h.h.t.HelmChartContainer - [test-hivemq-platform] [hivemq] [d5c51875] 
2025-01-30 18:32:04,552 INFO c.h.h.t.HelmChartContainer - [test-hivemq-platform] [hivemq] [d5c51875] INFO  - [HiveMQ Platform Operator Init App 1.7.0-SNAPSHOT] Returning default Health API response 503 for readiness
2025-01-30 18:32:04,948 INFO c.h.h.t.HelmChartContainer - [EVENT] Warning [Unhealthy] Readiness probe failed: HTTP probe failed with statuscode: 503 [helmmqttit:test-hivemq-platform-0]
2025-01-30 18:32:04,948 INFO c.h.h.t.HelmChartContainer - Received Unhealthy event for container hivemq in pod test-hivemq-platform-0 [d5c51875-9f3b-4415-b45d-b9273e60a292]
2025-01-30 18:32:06,586 INFO c.h.h.t.HelmChartContainer - [test-hivemq-platform] [hivemq] [d5c51875] INFO  - Starting HiveMQ Enterprise Server
2025-01-30 18:32:06,647 INFO c.h.h.t.HelmChartContainer - [test-hivemq-platform] [hivemq] [d5c51875] INFO  - HiveMQ version: 4.36.0
2025-01-30 18:32:06,648 INFO c.h.h.t.HelmChartContainer - [test-hivemq-platform] [hivemq] [d5c51875] INFO  - HiveMQ home directory: /opt/hivemq
2025-01-30 18:32:06,648 INFO c.h.h.t.HelmChartContainer - [test-hivemq-platform] [hivemq] [d5c51875] INFO  - Log Configuration was overridden by /opt/hivemq/conf/logback.xml
2025-01-30 18:32:07,980 INFO c.h.h.t.HelmChartContainer - [test-hivemq-platform] [hivemq] [d5c51875] INFO  - Successfully loaded configuration from '/opt/hivemq/conf-k8s/config.xml'.
2025-01-30 18:32:08,612 INFO c.h.h.t.HelmChartContainer - [hivemq-test-hivemq-platform] [hivemq-platform-operator] [e4761a86] 18:32:08.607 [pool-6-thread-15] DEBUG c.h.p.o.d.PlatformServiceResource - [helmmqtt] Desired Platform services (2 services)
2025-01-30 18:32:08,612 INFO c.h.h.t.HelmChartContainer - [hivemq-test-hivemq-platform] [hivemq-platform-operator] [e4761a86] 18:32:08.608 [pool-6-thread-17] DEBUG c.h.p.o.dependants.PodInfoConfigMap - [helmmqtt] Desired PodInfo ConfigMap (1 extensions) (1 enabled)
2025-01-30 18:32:08,612 INFO c.h.h.t.HelmChartContainer - [hivemq-test-hivemq-platform] [hivemq-platform-operator] [e4761a86] 18:32:08.608 [pool-6-thread-17] DEBUG c.h.p.o.dependants.PodInfoConfigMap - [helmmqtt] Desired PodInfo ConfigMap (metrics port: 9399) (metrics path: /)
2025-01-30 18:32:08,612 INFO c.h.h.t.HelmChartContainer - [hivemq-test-hivemq-platform] [hivemq-platform-operator] [e4761a86] 18:32:08.608 [pool-6-thread-17] DEBUG c.h.p.o.dependants.PodInfoConfigMap - [helmmqtt] Desired PodInfo ConfigMap (extension state hash: -1817474005)
2025-01-30 18:32:08,613 INFO c.h.h.t.HelmChartContainer - [hivemq-test-hivemq-platform] [hivemq-platform-operator] [e4761a86] 18:32:08.612 [pool-6-thread-17] DEBUG c.h.p.o.d.PodServiceAccountResource - [helmmqtt] Desired PodServiceAccountResource (serviceAccountName: hivemq-platform-pod-test-hivemq-platform)
2025-01-30 18:32:08,616 INFO c.h.h.t.HelmChartContainer - [hivemq-test-hivemq-platform] [hivemq-platform-operator] [e4761a86] 18:32:08.616 [pool-6-thread-16] DEBUG c.h.p.o.d.StatefulSetResource - [helmmqtt] Desired StatefulSet (1 replicas) for status STARTING (READY)
2025-01-30 18:32:08,621 INFO c.h.h.t.HelmChartContainer - [hivemq-test-hivemq-platform] [hivemq-platform-operator] [e4761a86] 18:32:08.620 [ReconcilerExecutor-hivemq-controller-110] INFO  c.h.p.o.HiveMQPlatformReconciler - [helmmqtt] Reconciling HiveMQ Platform 'test-hivemq-platform' in namespace 'helmmqttit'
2025-01-30 18:32:08,622 INFO c.h.h.t.HelmChartContainer - [hivemq-test-hivemq-platform] [hivemq-platform-operator] [e4761a86] 18:32:08.620 [ReconcilerExecutor-hivemq-controller-110] DEBUG c.h.p.o.HiveMQPlatformReconciler - [helmmqtt] Custom Resource Status STARTING - HiveMQ Platform is starting (READY)
2025-01-30 18:32:08,622 INFO c.h.h.t.HelmChartContainer - [hivemq-test-hivemq-platform] [hivemq-platform-operator] [e4761a86] 18:32:08.620 [ReconcilerExecutor-hivemq-controller-110] DEBUG c.h.p.o.HiveMQPlatformReconciler - [helmmqtt] Custom Resource Spec (replicas: 1) (extensions: 1)
2025-01-30 18:32:08,623 INFO c.h.h.t.HelmChartContainer - [hivemq-test-hivemq-platform] [hivemq-platform-operator] [e4761a86] 18:32:08.623 [ReconcilerExecutor-hivemq-controller-110] DEBUG c.h.p.o.HiveMQPlatformReconciler - [helmmqtt] StatefulSet Status (revision: test-hivemq-platform-7bbc5894fb, replicas: 1, available: 0, ready: 0, current: 1, updated: 1)
2025-01-30 18:32:08,623 INFO c.h.h.t.HelmChartContainer - [hivemq-test-hivemq-platform] [hivemq-platform-operator] [e4761a86] 18:32:08.623 [ReconcilerExecutor-hivemq-controller-110] DEBUG c.h.p.o.HiveMQPlatformReconciler - [helmmqtt] StatefulSet Spec (replicas: 1, init containers: 1, containers: 1, volumes: 3)
2025-01-30 18:32:08,691 INFO c.h.h.t.HelmChartContainer - [hivemq-test-hivemq-platform] [hivemq-platform-operator] [e4761a86] 18:32:08.690 [ReconcilerExecutor-hivemq-controller-110] DEBUG c.h.p.o.h.HiveMQPlatformReconcilerErrorHandler - [helmmqtt] Pod 'test-hivemq-platform-0' phase Running
2025-01-30 18:32:08,692 INFO c.h.h.t.HelmChartContainer - [hivemq-test-hivemq-platform] [hivemq-platform-operator] [e4761a86] 18:32:08.691 [ReconcilerExecutor-hivemq-controller-110] INFO  c.h.p.o.h.HiveMQPlatformReconcilerBaseHandler - [helmmqtt] HiveMQ Platform is starting, 0 of 1 replicas are ready
2025-01-30 18:32:08,846 INFO c.h.h.t.HelmChartContainer - [test-hivemq-platform] [hivemq] [d5c51875] INFO  - This node's ID is Eppob
2025-01-30 18:32:08,847 INFO c.h.h.t.HelmChartContainer - [test-hivemq-platform] [hivemq] [d5c51875] INFO  - Clustering is enabled
2025-01-30 18:32:10,180 INFO c.h.h.t.HelmChartContainer - [test-hivemq-platform] [hivemq] [d5c51875] WARN  - [HiveMQ Platform Operator Init App 1.7.0-SNAPSHOT] Cannot connect to Health API for readiness: null
2025-01-30 18:32:10,249 INFO c.h.h.t.HelmChartContainer - [EVENT] Warning [Unhealthy] Readiness probe failed: HTTP probe failed with statuscode: 503 [helmmqttit:test-hivemq-platform-0]
2025-01-30 18:32:10,250 INFO c.h.h.t.HelmChartContainer - Received Unhealthy event for container hivemq in pod test-hivemq-platform-0 [d5c51875-9f3b-4415-b45d-b9273e60a292]
2025-01-30 18:32:12,947 INFO c.h.h.t.HelmChartContainer - [test-hivemq-platform] [hivemq] [d5c51875] Jan 30, 2025 6:32:12 PM io.vertx.core.impl.BlockedThreadChecker
2025-01-30 18:32:12,947 INFO c.h.h.t.HelmChartContainer - [test-hivemq-platform] [hivemq] [d5c51875] WARNING: Thread Thread[vert.x-eventloop-thread-1,5,main] has been blocked for 2200 ms, time limit is 2000 ms
2025-01-30 18:32:13,648 INFO c.h.h.t.HelmChartContainer - [test-hivemq-platform] [hivemq] [d5c51875] INFO  - [HiveMQ Platform Operator Init App 1.7.0-SNAPSHOT] Updating Pod HiveMQ Platform Operator Init App version annotation (version: 1.7.0-SNAPSHOT)
2025-01-30 18:32:14,455 INFO c.h.h.t.HelmChartContainer - [POD] test-hivemq-platform-0 [d5c51875-9f3b-4415-b45d-b9273e60a292] in helmmqttit was MODIFIED
2025-01-30 18:32:14,460 INFO c.h.h.t.HelmChartContainer - [hivemq-test-hivemq-platform] [hivemq-platform-operator] [e4761a86] 18:32:14.458 [pool-6-thread-26] DEBUG c.h.p.o.d.PlatformServiceResource - [helmmqtt] Desired Platform services (2 services)
2025-01-30 18:32:14,465 INFO c.h.h.t.HelmChartContainer - [hivemq-test-hivemq-platform] [hivemq-platform-operator] [e4761a86] 18:32:14.461 [pool-6-thread-21] DEBUG c.h.p.o.d.PodServiceAccountResource - [helmmqtt] Desired PodServiceAccountResource (serviceAccountName: hivemq-platform-pod-test-hivemq-platform)
2025-01-30 18:32:14,465 INFO c.h.h.t.HelmChartContainer - [hivemq-test-hivemq-platform] [hivemq-platform-operator] [e4761a86] 18:32:14.461 [pool-6-thread-27] DEBUG c.h.p.o.dependants.PodInfoConfigMap - [helmmqtt] Desired PodInfo ConfigMap (1 extensions) (1 enabled)
2025-01-30 18:32:14,465 INFO c.h.h.t.HelmChartContainer - [hivemq-test-hivemq-platform] [hivemq-platform-operator] [e4761a86] 18:32:14.463 [pool-6-thread-27] DEBUG c.h.p.o.dependants.PodInfoConfigMap - [helmmqtt] Desired PodInfo ConfigMap (metrics port: 9399) (metrics path: /)
2025-01-30 18:32:14,465 INFO c.h.h.t.HelmChartContainer - [hivemq-test-hivemq-platform] [hivemq-platform-operator] [e4761a86] 18:32:14.463 [pool-6-thread-27] DEBUG c.h.p.o.dependants.PodInfoConfigMap - [helmmqtt] Desired PodInfo ConfigMap (extension state hash: -1817474005)
2025-01-30 18:32:14,472 INFO c.h.h.t.HelmChartContainer - [hivemq-test-hivemq-platform] [hivemq-platform-operator] [e4761a86] 18:32:14.466 [pool-6-thread-26] DEBUG c.h.p.o.d.StatefulSetResource - [helmmqtt] Desired StatefulSet (1 replicas) for status STARTING (READY)
2025-01-30 18:32:14,472 INFO c.h.h.t.HelmChartContainer - [hivemq-test-hivemq-platform] [hivemq-platform-operator] [e4761a86] 18:32:14.469 [ReconcilerExecutor-hivemq-controller-111] INFO  c.h.p.o.HiveMQPlatformReconciler - [helmmqtt] Reconciling HiveMQ Platform 'test-hivemq-platform' in namespace 'helmmqttit'
2025-01-30 18:32:14,472 INFO c.h.h.t.HelmChartContainer - [hivemq-test-hivemq-platform] [hivemq-platform-operator] [e4761a86] 18:32:14.469 [ReconcilerExecutor-hivemq-controller-111] DEBUG c.h.p.o.HiveMQPlatformReconciler - [helmmqtt] Custom Resource Status STARTING - HiveMQ Platform is starting (READY)
2025-01-30 18:32:14,472 INFO c.h.h.t.HelmChartContainer - [hivemq-test-hivemq-platform] [hivemq-platform-operator] [e4761a86] 18:32:14.469 [ReconcilerExecutor-hivemq-controller-111] DEBUG c.h.p.o.HiveMQPlatformReconciler - [helmmqtt] Custom Resource Spec (replicas: 1) (extensions: 1)
2025-01-30 18:32:14,472 INFO c.h.h.t.HelmChartContainer - [hivemq-test-hivemq-platform] [hivemq-platform-operator] [e4761a86] 18:32:14.471 [ReconcilerExecutor-hivemq-controller-111] DEBUG c.h.p.o.HiveMQPlatformReconciler - [helmmqtt] StatefulSet Status (revision: test-hivemq-platform-7bbc5894fb, replicas: 1, available: 0, ready: 0, current: 1, updated: 1)
2025-01-30 18:32:14,472 INFO c.h.h.t.HelmChartContainer - [hivemq-test-hivemq-platform] [hivemq-platform-operator] [e4761a86] 18:32:14.471 [ReconcilerExecutor-hivemq-controller-111] DEBUG c.h.p.o.HiveMQPlatformReconciler - [helmmqtt] StatefulSet Spec (replicas: 1, init containers: 1, containers: 1, volumes: 3)
2025-01-30 18:32:14,473 INFO c.h.h.t.HelmChartContainer - [hivemq-test-hivemq-platform] [hivemq-platform-operator] [e4761a86] 18:32:14.472 [ReconcilerExecutor-hivemq-controller-111] DEBUG c.h.p.o.h.HiveMQPlatformReconcilerErrorHandler - [helmmqtt] Pod 'test-hivemq-platform-0' phase Running
2025-01-30 18:32:14,482 INFO c.h.h.t.HelmChartContainer - [test-hivemq-platform] [hivemq] [d5c51875] WARN  - [HiveMQ Platform Operator Init App 1.7.0-SNAPSHOT] Cannot connect to Health API for readiness: null
2025-01-30 18:32:14,487 INFO c.h.h.t.HelmChartContainer - [EVENT] Warning [Unhealthy] Readiness probe failed: HTTP probe failed with statuscode: 503 [helmmqttit:test-hivemq-platform-0]
2025-01-30 18:32:14,487 INFO c.h.h.t.HelmChartContainer - Received Unhealthy event for container hivemq in pod test-hivemq-platform-0 [d5c51875-9f3b-4415-b45d-b9273e60a292]
2025-01-30 18:32:14,544 INFO c.h.h.t.HelmChartContainer - [hivemq-test-hivemq-platform] [hivemq-platform-operator] [e4761a86] 18:32:14.473 [ReconcilerExecutor-hivemq-controller-111] INFO  c.h.p.o.h.HiveMQPlatformReconcilerBaseHandler - [helmmqtt] HiveMQ Platform is starting, 0 of 1 replicas are ready
2025-01-30 18:32:14,546 INFO c.h.h.t.HelmChartContainer - [test-hivemq-platform] [hivemq] [d5c51875] INFO  - [HiveMQ Platform Operator Init App 1.7.0-SNAPSHOT] Successfully updated Pod HiveMQ Platform Operator Init App version annotation (version: 1.7.0-SNAPSHOT)
2025-01-30 18:32:19,478 INFO c.h.h.t.HelmChartContainer - [test-hivemq-platform] [hivemq] [d5c51875] WARN  - [HiveMQ Platform Operator Init App 1.7.0-SNAPSHOT] Cannot connect to Health API for readiness: null
2025-01-30 18:32:19,483 INFO c.h.h.t.HelmChartContainer - [EVENT] Warning [Unhealthy] Readiness probe failed: HTTP probe failed with statuscode: 503 [helmmqttit:test-hivemq-platform-0]
2025-01-30 18:32:19,483 INFO c.h.h.t.HelmChartContainer - Received Unhealthy event for container hivemq in pod test-hivemq-platform-0 [d5c51875-9f3b-4415-b45d-b9273e60a292]
2025-01-30 18:32:24,483 INFO c.h.h.t.HelmChartContainer - [test-hivemq-platform] [hivemq] [d5c51875] WARN  - [HiveMQ Platform Operator Init App 1.7.0-SNAPSHOT] Cannot connect to Health API for readiness: null
2025-01-30 18:32:24,486 INFO c.h.h.t.HelmChartContainer - [EVENT] Warning [Unhealthy] Readiness probe failed: HTTP probe failed with statuscode: 503 [helmmqttit:test-hivemq-platform-0]
2025-01-30 18:32:24,486 INFO c.h.h.t.HelmChartContainer - Received Unhealthy event for container hivemq in pod test-hivemq-platform-0 [d5c51875-9f3b-4415-b45d-b9273e60a292]
2025-01-30 18:32:24,549 INFO c.h.h.t.HelmChartContainer - [hivemq-test-hivemq-platform] [hivemq-platform-operator] [e4761a86] 18:32:24.547 [pool-6-thread-37] DEBUG c.h.p.o.d.PlatformServiceResource - [helmmqtt] Desired Platform services (2 services)
2025-01-30 18:32:24,551 INFO c.h.h.t.HelmChartContainer - [hivemq-test-hivemq-platform] [hivemq-platform-operator] [e4761a86] 18:32:24.547 [pool-6-thread-36] DEBUG c.h.p.o.dependants.PodInfoConfigMap - [helmmqtt] Desired PodInfo ConfigMap (1 extensions) (1 enabled)
2025-01-30 18:32:24,551 INFO c.h.h.t.HelmChartContainer - [hivemq-test-hivemq-platform] [hivemq-platform-operator] [e4761a86] 18:32:24.550 [pool-6-thread-36] DEBUG c.h.p.o.dependants.PodInfoConfigMap - [helmmqtt] Desired PodInfo ConfigMap (metrics port: 9399) (metrics path: /)
2025-01-30 18:32:24,553 INFO c.h.h.t.HelmChartContainer - [hivemq-test-hivemq-platform] [hivemq-platform-operator] [e4761a86] 18:32:24.551 [pool-6-thread-36] DEBUG c.h.p.o.dependants.PodInfoConfigMap - [helmmqtt] Desired PodInfo ConfigMap (extension state hash: -1817474005)
2025-01-30 18:32:24,553 INFO c.h.h.t.HelmChartContainer - [hivemq-test-hivemq-platform] [hivemq-platform-operator] [e4761a86] 18:32:24.549 [pool-6-thread-35] DEBUG c.h.p.o.d.PodServiceAccountResource - [helmmqtt] Desired PodServiceAccountResource (serviceAccountName: hivemq-platform-pod-test-hivemq-platform)
2025-01-30 18:32:24,555 INFO c.h.h.t.HelmChartContainer - [hivemq-test-hivemq-platform] [hivemq-platform-operator] [e4761a86] 18:32:24.553 [pool-6-thread-36] DEBUG c.h.p.o.d.StatefulSetResource - [helmmqtt] Desired StatefulSet (1 replicas) for status STARTING (READY)
2025-01-30 18:32:24,557 INFO c.h.h.t.HelmChartContainer - [hivemq-test-hivemq-platform] [hivemq-platform-operator] [e4761a86] 18:32:24.556 [ReconcilerExecutor-hivemq-controller-112] INFO  c.h.p.o.HiveMQPlatformReconciler - [helmmqtt] Reconciling HiveMQ Platform 'test-hivemq-platform' in namespace 'helmmqttit'
2025-01-30 18:32:24,559 INFO c.h.h.t.HelmChartContainer - [hivemq-test-hivemq-platform] [hivemq-platform-operator] [e4761a86] 18:32:24.557 [ReconcilerExecutor-hivemq-controller-112] DEBUG c.h.p.o.HiveMQPlatformReconciler - [helmmqtt] Custom Resource Status STARTING - HiveMQ Platform is starting (READY)
2025-01-30 18:32:24,559 INFO c.h.h.t.HelmChartContainer - [hivemq-test-hivemq-platform] [hivemq-platform-operator] [e4761a86] 18:32:24.557 [ReconcilerExecutor-hivemq-controller-112] DEBUG c.h.p.o.HiveMQPlatformReconciler - [helmmqtt] Custom Resource Spec (replicas: 1) (extensions: 1)
2025-01-30 18:32:24,559 INFO c.h.h.t.HelmChartContainer - [hivemq-test-hivemq-platform] [hivemq-platform-operator] [e4761a86] 18:32:24.558 [ReconcilerExecutor-hivemq-controller-112] DEBUG c.h.p.o.HiveMQPlatformReconciler - [helmmqtt] StatefulSet Status (revision: test-hivemq-platform-7bbc5894fb, replicas: 1, available: 0, ready: 0, current: 1, updated: 1)
2025-01-30 18:32:24,559 INFO c.h.h.t.HelmChartContainer - [hivemq-test-hivemq-platform] [hivemq-platform-operator] [e4761a86] 18:32:24.558 [ReconcilerExecutor-hivemq-controller-112] DEBUG c.h.p.o.HiveMQPlatformReconciler - [helmmqtt] StatefulSet Spec (replicas: 1, init containers: 1, containers: 1, volumes: 3)
2025-01-30 18:32:24,562 INFO c.h.h.t.HelmChartContainer - [hivemq-test-hivemq-platform] [hivemq-platform-operator] [e4761a86] 18:32:24.560 [ReconcilerExecutor-hivemq-controller-112] DEBUG c.h.p.o.h.HiveMQPlatformReconcilerErrorHandler - [helmmqtt] Pod 'test-hivemq-platform-0' phase Running
2025-01-30 18:32:24,562 INFO c.h.h.t.HelmChartContainer - [hivemq-test-hivemq-platform] [hivemq-platform-operator] [e4761a86] 18:32:24.561 [ReconcilerExecutor-hivemq-controller-112] INFO  c.h.p.o.h.HiveMQPlatformReconcilerBaseHandler - [helmmqtt] HiveMQ Platform is starting, 0 of 1 replicas are ready
2025-01-30 18:32:25,586 INFO c.h.h.t.HelmChartContainer - [test-hivemq-platform] [hivemq] [d5c51875] WARN  - [HiveMQ Platform Operator Init App 1.7.0-SNAPSHOT] Cannot connect to Health API for liveness: null
2025-01-30 18:32:25,586 INFO c.h.h.t.HelmChartContainer - [test-hivemq-platform] [hivemq] [d5c51875] INFO  - [HiveMQ Platform Operator Init App 1.7.0-SNAPSHOT] Returning default Health API response 200 for liveness
2025-01-30 18:32:26,197 INFO c.h.h.t.HelmChartContainer - [test-hivemq-platform] [hivemq] [d5c51875] INFO  - No valid license file found. Using trial license, restricted to 25 connections.
2025-01-30 18:32:28,982 INFO c.h.h.t.HelmChartContainer - [test-hivemq-platform] [hivemq] [d5c51875] INFO  - No valid license file for Data Hub found. Using free license, restricted to 1 policy.
2025-01-30 18:32:29,479 INFO c.h.h.t.HelmChartContainer - [test-hivemq-platform] [hivemq] [d5c51875] WARN  - [HiveMQ Platform Operator Init App 1.7.0-SNAPSHOT] Cannot connect to Health API for readiness: null
2025-01-30 18:32:29,486 INFO c.h.h.t.HelmChartContainer - [EVENT] Warning [Unhealthy] Readiness probe failed: HTTP probe failed with statuscode: 503 [helmmqttit:test-hivemq-platform-0]
2025-01-30 18:32:29,486 INFO c.h.h.t.HelmChartContainer - Received Unhealthy event for container hivemq in pod test-hivemq-platform-0 [d5c51875-9f3b-4415-b45d-b9273e60a292]
2025-01-30 18:32:30,193 INFO c.h.h.t.HelmChartContainer - [test-hivemq-platform] [hivemq] [d5c51875] INFO  - Audit Logger started.
2025-01-30 18:32:30,481 INFO c.h.h.t.HelmChartContainer - [test-hivemq-platform] [hivemq] [d5c51875] INFO  - This node uses '1' CPU cores.
2025-01-30 18:32:30,486 INFO c.h.h.t.HelmChartContainer - [test-hivemq-platform] [hivemq] [d5c51875] INFO  - Starting HiveMQ Health API on address 0.0.0.0 and port 8889
2025-01-30 18:32:31,277 INFO c.h.h.t.HelmChartContainer - [test-hivemq-platform] [hivemq] [d5c51875] INFO  - Started HiveMQ Health API in 791ms
2025-01-30 18:32:31,891 INFO c.h.h.t.HelmChartContainer - [test-hivemq-platform] [hivemq] [d5c51875] INFO  - Starting HiveMQ extension system.
2025-01-30 18:32:32,187 INFO c.h.h.t.HelmChartContainer - [test-hivemq-platform] [hivemq] [d5c51875] INFO  - Starting extension with id "hivemq-dns-cluster-discovery" at /opt/hivemq/extensions/hivemq-dns-cluster-discovery
2025-01-30 18:32:32,676 INFO c.h.h.t.HelmChartContainer - [test-hivemq-platform] [hivemq] [d5c51875] INFO  - Extension "DNS Cluster Discovery Extension" version 4.3.2 started successfully.
2025-01-30 18:32:32,677 INFO c.h.h.t.HelmChartContainer - [test-hivemq-platform] [hivemq] [d5c51875] INFO  - Starting extension with id "hivemq-prometheus-extension" at /opt/hivemq/extensions/hivemq-prometheus-extension
2025-01-30 18:32:32,686 INFO c.h.h.t.HelmChartContainer - [test-hivemq-platform] [hivemq] [d5c51875] INFO  - Using TCP cluster transport on address 10.42.0.11 and port 7000
2025-01-30 18:32:32,745 INFO c.h.h.t.HelmChartContainer - [test-hivemq-platform] [hivemq] [d5c51875] INFO  - Using extension cluster discovery
2025-01-30 18:32:33,677 INFO c.h.h.t.HelmChartContainer - [test-hivemq-platform] [hivemq] [d5c51875] INFO  - Started Jetty Server exposing Prometheus Servlet on URI http://0.0.0.0:9399/
2025-01-30 18:32:33,677 INFO c.h.h.t.HelmChartContainer - [test-hivemq-platform] [hivemq] [d5c51875] INFO  - Extension "Prometheus Monitoring Extension" version 4.0.12 started successfully.
2025-01-30 18:32:33,678 INFO c.h.h.t.HelmChartContainer - [test-hivemq-platform] [hivemq] [d5c51875] INFO  - Starting extension with id "hivemq-allow-all-extension" at /opt/hivemq/extensions/hivemq-allow-all-extension
2025-01-30 18:32:33,678 INFO c.h.h.t.HelmChartContainer - [test-hivemq-platform] [hivemq] [d5c51875] WARN  - 
2025-01-30 18:32:33,678 INFO c.h.h.t.HelmChartContainer - [test-hivemq-platform] [hivemq] [d5c51875] ################################################################################################################
2025-01-30 18:32:33,678 INFO c.h.h.t.HelmChartContainer - [test-hivemq-platform] [hivemq] [d5c51875] # This HiveMQ deployment is not secure! You are lacking Authentication and Authorization.                      #
2025-01-30 18:32:33,679 INFO c.h.h.t.HelmChartContainer - [test-hivemq-platform] [hivemq] [d5c51875] # Right now any MQTT client can connect to the broker with a full set of permissions.                          #
2025-01-30 18:32:33,679 INFO c.h.h.t.HelmChartContainer - [test-hivemq-platform] [hivemq] [d5c51875] # For production usage, add an appropriate security extension and remove the hivemq-allow-all extension.       #
2025-01-30 18:32:33,679 INFO c.h.h.t.HelmChartContainer - [test-hivemq-platform] [hivemq] [d5c51875] # You can download security extensions from the HiveMQ Marketplace (https://www.hivemq.com/extensions/).       #
2025-01-30 18:32:33,679 INFO c.h.h.t.HelmChartContainer - [test-hivemq-platform] [hivemq] [d5c51875] ################################################################################################################
2025-01-30 18:32:33,680 INFO c.h.h.t.HelmChartContainer - [test-hivemq-platform] [hivemq] [d5c51875] INFO  - Extension "Allow All Extension" version 1.1.1 started successfully.
2025-01-30 18:32:34,569 INFO c.h.h.t.HelmChartContainer - [hivemq-test-hivemq-platform] [hivemq-platform-operator] [e4761a86] 18:32:34.567 [pool-6-thread-44] DEBUG c.h.p.o.d.PlatformServiceResource - [helmmqtt] Desired Platform services (2 services)
2025-01-30 18:32:34,569 INFO c.h.h.t.HelmChartContainer - [hivemq-test-hivemq-platform] [hivemq-platform-operator] [e4761a86] 18:32:34.568 [pool-6-thread-47] DEBUG c.h.p.o.d.PodServiceAccountResource - [helmmqtt] Desired PodServiceAccountResource (serviceAccountName: hivemq-platform-pod-test-hivemq-platform)
2025-01-30 18:32:34,572 INFO c.h.h.t.HelmChartContainer - [hivemq-test-hivemq-platform] [hivemq-platform-operator] [e4761a86] 18:32:34.571 [pool-6-thread-46] DEBUG c.h.p.o.dependants.PodInfoConfigMap - [helmmqtt] Desired PodInfo ConfigMap (1 extensions) (1 enabled)
2025-01-30 18:32:34,574 INFO c.h.h.t.HelmChartContainer - [hivemq-test-hivemq-platform] [hivemq-platform-operator] [e4761a86] 18:32:34.571 [pool-6-thread-46] DEBUG c.h.p.o.dependants.PodInfoConfigMap - [helmmqtt] Desired PodInfo ConfigMap (metrics port: 9399) (metrics path: /)
2025-01-30 18:32:34,574 INFO c.h.h.t.HelmChartContainer - [hivemq-test-hivemq-platform] [hivemq-platform-operator] [e4761a86] 18:32:34.571 [pool-6-thread-46] DEBUG c.h.p.o.dependants.PodInfoConfigMap - [helmmqtt] Desired PodInfo ConfigMap (extension state hash: -1817474005)
2025-01-30 18:32:34,583 INFO c.h.h.t.HelmChartContainer - [hivemq-test-hivemq-platform] [hivemq-platform-operator] [e4761a86] 18:32:34.581 [pool-6-thread-43] DEBUG c.h.p.o.d.StatefulSetResource - [helmmqtt] Desired StatefulSet (1 replicas) for status STARTING (READY)
2025-01-30 18:32:34,648 INFO c.h.h.t.HelmChartContainer - [hivemq-test-hivemq-platform] [hivemq-platform-operator] [e4761a86] 18:32:34.645 [ReconcilerExecutor-hivemq-controller-113] INFO  c.h.p.o.HiveMQPlatformReconciler - [helmmqtt] Reconciling HiveMQ Platform 'test-hivemq-platform' in namespace 'helmmqttit'
2025-01-30 18:32:34,648 INFO c.h.h.t.HelmChartContainer - [hivemq-test-hivemq-platform] [hivemq-platform-operator] [e4761a86] 18:32:34.645 [ReconcilerExecutor-hivemq-controller-113] DEBUG c.h.p.o.HiveMQPlatformReconciler - [helmmqtt] Custom Resource Status STARTING - HiveMQ Platform is starting (READY)
2025-01-30 18:32:34,649 INFO c.h.h.t.HelmChartContainer - [hivemq-test-hivemq-platform] [hivemq-platform-operator] [e4761a86] 18:32:34.645 [ReconcilerExecutor-hivemq-controller-113] DEBUG c.h.p.o.HiveMQPlatformReconciler - [helmmqtt] Custom Resource Spec (replicas: 1) (extensions: 1)
2025-01-30 18:32:34,649 INFO c.h.h.t.HelmChartContainer - [hivemq-test-hivemq-platform] [hivemq-platform-operator] [e4761a86] 18:32:34.647 [ReconcilerExecutor-hivemq-controller-113] DEBUG c.h.p.o.HiveMQPlatformReconciler - [helmmqtt] StatefulSet Status (revision: test-hivemq-platform-7bbc5894fb, replicas: 1, available: 0, ready: 0, current: 1, updated: 1)
2025-01-30 18:32:34,649 INFO c.h.h.t.HelmChartContainer - [hivemq-test-hivemq-platform] [hivemq-platform-operator] [e4761a86] 18:32:34.648 [ReconcilerExecutor-hivemq-controller-113] DEBUG c.h.p.o.HiveMQPlatformReconciler - [helmmqtt] StatefulSet Spec (replicas: 1, init containers: 1, containers: 1, volumes: 3)
2025-01-30 18:32:34,652 INFO c.h.h.t.HelmChartContainer - [hivemq-test-hivemq-platform] [hivemq-platform-operator] [e4761a86] 18:32:34.649 [ReconcilerExecutor-hivemq-controller-113] DEBUG c.h.p.o.h.HiveMQPlatformReconcilerErrorHandler - [helmmqtt] Pod 'test-hivemq-platform-0' phase Running
2025-01-30 18:32:34,652 INFO c.h.h.t.HelmChartContainer - [hivemq-test-hivemq-platform] [hivemq-platform-operator] [e4761a86] 18:32:34.650 [ReconcilerExecutor-hivemq-controller-113] INFO  c.h.p.o.h.HiveMQPlatformReconcilerBaseHandler - [helmmqtt] HiveMQ Platform is starting, 0 of 1 replicas are ready
2025-01-30 18:32:34,951 INFO c.h.h.t.HelmChartContainer - [test-hivemq-platform] [hivemq] [d5c51875] INFO  - [HiveMQ Platform Operator Init App 1.7.0-SNAPSHOT] Returning Health API response 503 for readiness
2025-01-30 18:32:34,961 INFO c.h.h.t.HelmChartContainer - [EVENT] Warning [Unhealthy] Readiness probe failed: HTTP probe failed with statuscode: 503 [helmmqttit:test-hivemq-platform-0]
2025-01-30 18:32:34,961 INFO c.h.h.t.HelmChartContainer - Received Unhealthy event for container hivemq in pod test-hivemq-platform-0 [d5c51875-9f3b-4415-b45d-b9273e60a292]
2025-01-30 18:32:35,787 INFO c.h.h.t.HelmChartContainer - [test-hivemq-platform] [hivemq] [d5c51875] INFO  - Eppob: no members discovered after 2403 ms: creating cluster as first member
2025-01-30 18:32:35,792 INFO c.h.h.t.HelmChartContainer - [test-hivemq-platform] [hivemq] [d5c51875] INFO  - Cluster nodes found by discovery: [Eppob|0] (1) [Eppob].
2025-01-30 18:32:35,877 INFO c.h.h.t.HelmChartContainer - [test-hivemq-platform] [hivemq] [d5c51875] WARN  - No user for HiveMQ Control Center configured. Starting with default user
2025-01-30 18:32:35,877 INFO c.h.h.t.HelmChartContainer - [test-hivemq-platform] [hivemq] [d5c51875] INFO  - Starting HiveMQ Control Center on address 127.0.0.1 and port 8080
2025-01-30 18:32:35,878 INFO c.h.h.t.HelmChartContainer - [test-hivemq-platform] [hivemq] [d5c51875] INFO  - Mounting HiveMQ Control Center V2 Preview
2025-01-30 18:32:36,476 INFO c.h.h.t.HelmChartContainer - [test-hivemq-platform] [hivemq] [d5c51875] INFO  - Started HiveMQ Control Center in 600ms
2025-01-30 18:32:36,491 INFO c.h.h.t.HelmChartContainer - [test-hivemq-platform] [hivemq] [d5c51875] INFO  - Starting TCP listener on address 0.0.0.0 and port 1884
2025-01-30 18:32:36,583 INFO c.h.h.t.HelmChartContainer - [test-hivemq-platform] [hivemq] [d5c51875] INFO  - Started TCP Listener on address 0.0.0.0 and on port 1884.
2025-01-30 18:32:36,583 INFO c.h.h.t.HelmChartContainer - [test-hivemq-platform] [hivemq] [d5c51875] INFO  - Started HiveMQ in 30399ms
2025-01-30 18:32:39,460 INFO c.h.h.t.HelmChartContainer - [test-hivemq-platform] [hivemq] [d5c51875] INFO  - [HiveMQ Platform Operator Init App 1.7.0-SNAPSHOT] Returning Health API response 200 for readiness
2025-01-30 18:32:39,472 INFO c.h.h.t.HelmChartContainer - [POD] test-hivemq-platform-0 [d5c51875-9f3b-4415-b45d-b9273e60a292] in helmmqttit was MODIFIED
2025-01-30 18:32:39,485 INFO c.h.h.t.HelmChartContainer - [hivemq-test-hivemq-platform] [hivemq-platform-operator] [e4761a86] 18:32:39.480 [pool-6-thread-3] DEBUG c.h.p.o.d.PlatformServiceResource - [helmmqtt] Desired Platform services (2 services)
2025-01-30 18:32:39,485 INFO c.h.h.t.HelmChartContainer - [hivemq-test-hivemq-platform] [hivemq-platform-operator] [e4761a86] 18:32:39.483 [pool-6-thread-4] DEBUG c.h.p.o.dependants.PodInfoConfigMap - [helmmqtt] Desired PodInfo ConfigMap (1 extensions) (1 enabled)
2025-01-30 18:32:39,485 INFO c.h.h.t.HelmChartContainer - [hivemq-test-hivemq-platform] [hivemq-platform-operator] [e4761a86] 18:32:39.483 [pool-6-thread-4] DEBUG c.h.p.o.dependants.PodInfoConfigMap - [helmmqtt] Desired PodInfo ConfigMap (metrics port: 9399) (metrics path: /)
2025-01-30 18:32:39,485 INFO c.h.h.t.HelmChartContainer - [hivemq-test-hivemq-platform] [hivemq-platform-operator] [e4761a86] 18:32:39.484 [pool-6-thread-4] DEBUG c.h.p.o.dependants.PodInfoConfigMap - [helmmqtt] Desired PodInfo ConfigMap (extension state hash: -1817474005)
2025-01-30 18:32:39,489 INFO c.h.h.t.HelmChartContainer - [hivemq-test-hivemq-platform] [hivemq-platform-operator] [e4761a86] 18:32:39.488 [pool-6-thread-2] DEBUG c.h.p.o.d.PodServiceAccountResource - [helmmqtt] Desired PodServiceAccountResource (serviceAccountName: hivemq-platform-pod-test-hivemq-platform)
2025-01-30 18:32:39,494 INFO c.h.h.t.HelmChartContainer - [K3S] [event.go:389] "Event occurred" object="helmmqttit/hivemq-test-hivemq-platform-mqtt-1884" fieldPath="" kind="Service" apiVersion="v1" type="Normal" reason="UpdatedLoadBalancer" message="Updated LoadBalancer with new IPs: [172.18.0.2] -> [172.18.0.2]"
2025-01-30 18:32:39,498 INFO c.h.h.t.HelmChartContainer - [hivemq-test-hivemq-platform] [hivemq-platform-operator] [e4761a86] 18:32:39.493 [pool-6-thread-7] DEBUG c.h.p.o.d.StatefulSetResource - [helmmqtt] Desired StatefulSet (1 replicas) for status STARTING (READY)
2025-01-30 18:32:39,499 INFO c.h.h.t.HelmChartContainer - [EVENT] Normal [UpdatedLoadBalancer] Updated LoadBalancer with new IPs: [172.18.0.2] -> [172.18.0.2] [helmmqttit:hivemq-test-hivemq-platform-mqtt-1884]
2025-01-30 18:32:39,544 INFO c.h.h.t.HelmChartContainer - [hivemq-test-hivemq-platform] [hivemq-platform-operator] [e4761a86] 18:32:39.543 [ReconcilerExecutor-hivemq-controller-114] INFO  c.h.p.o.HiveMQPlatformReconciler - [helmmqtt] Reconciling HiveMQ Platform 'test-hivemq-platform' in namespace 'helmmqttit'
2025-01-30 18:32:39,545 INFO c.h.h.t.HelmChartContainer - [hivemq-test-hivemq-platform] [hivemq-platform-operator] [e4761a86] 18:32:39.543 [ReconcilerExecutor-hivemq-controller-114] DEBUG c.h.p.o.HiveMQPlatformReconciler - [helmmqtt] Custom Resource Status STARTING - HiveMQ Platform is starting (READY)
2025-01-30 18:32:39,545 INFO c.h.h.t.HelmChartContainer - [hivemq-test-hivemq-platform] [hivemq-platform-operator] [e4761a86] 18:32:39.543 [ReconcilerExecutor-hivemq-controller-114] DEBUG c.h.p.o.HiveMQPlatformReconciler - [helmmqtt] Custom Resource Spec (replicas: 1) (extensions: 1)
2025-01-30 18:32:39,546 INFO c.h.h.t.HelmChartContainer - [hivemq-test-hivemq-platform] [hivemq-platform-operator] [e4761a86] 18:32:39.545 [ReconcilerExecutor-hivemq-controller-114] DEBUG c.h.p.o.HiveMQPlatformReconciler - [helmmqtt] StatefulSet Status (revision: test-hivemq-platform-7bbc5894fb, replicas: 1, available: 1, ready: 1, current: 1, updated: 1)
2025-01-30 18:32:39,546 INFO c.h.h.t.HelmChartContainer - [hivemq-test-hivemq-platform] [hivemq-platform-operator] [e4761a86] 18:32:39.545 [ReconcilerExecutor-hivemq-controller-114] DEBUG c.h.p.o.HiveMQPlatformReconciler - [helmmqtt] StatefulSet Spec (replicas: 1, init containers: 1, containers: 1, volumes: 3)
2025-01-30 18:32:39,547 INFO c.h.h.t.HelmChartContainer - [hivemq-test-hivemq-platform] [hivemq-platform-operator] [e4761a86] 18:32:39.546 [ReconcilerExecutor-hivemq-controller-114] DEBUG c.h.p.o.h.HiveMQPlatformReconcilerErrorHandler - [helmmqtt] Pod 'test-hivemq-platform-0' phase Running
2025-01-30 18:32:39,548 INFO c.h.h.t.HelmChartContainer - [hivemq-test-hivemq-platform] [hivemq-platform-operator] [e4761a86] 18:32:39.547 [ReconcilerExecutor-hivemq-controller-114] INFO  c.h.p.o.h.HiveMQPlatformReconcilerBaseHandler - [helmmqtt] HiveMQ Platform started successfully
2025-01-30 18:32:39,593 INFO c.h.h.t.HelmChartContainer - [hivemq-test-hivemq-platform] [hivemq-platform-operator] [e4761a86] 18:32:39.591 [ReconcilerExecutor-hivemq-controller-114] DEBUG c.h.p.operator.event.EventSender - [helmmqtt] Creating K8s event hivemq-platform-ready: [Ready] HiveMQ Platform is ready
2025-01-30 18:32:39,596 INFO c.h.h.t.HelmChartContainer - [EVENT] Normal [Ready] HiveMQ Platform is ready [helmmqttit:test-hivemq-platform]
2025-01-30 18:32:39,645 INFO c.h.h.t.HelmChartContainer - [hivemq-test-hivemq-platform] [hivemq-platform-operator] [e4761a86] 18:32:39.644 [ReconcilerExecutor-hivemq-controller-114] INFO  c.h.p.o.h.AbstractHiveMQReconcilerStateHandler - [helmmqtt] Update HiveMQ Platform Status (STARTING [READY] -> RUNNING [READY]): HiveMQ Platform is ready
2025-01-30 18:32:39,653 DEBUG com.hivemq.helmcharts.util.K8sUtil - Comparing actual state 'RUNNING' and waiting for 'RUNNING'
2025-01-30 18:32:39,691 INFO c.h.h.t.HelmChartContainer - [hivemq-test-hivemq-platform] [hivemq-platform-operator] [e4761a86] 18:32:39.688 [pool-6-thread-15] DEBUG c.h.p.o.d.PlatformServiceResource - [helmmqtt] Desired Platform services (2 services)
2025-01-30 18:32:39,691 INFO c.h.h.t.HelmChartContainer - [hivemq-test-hivemq-platform] [hivemq-platform-operator] [e4761a86] 18:32:39.689 [pool-6-thread-14] DEBUG c.h.p.o.dependants.PodInfoConfigMap - [helmmqtt] Desired PodInfo ConfigMap (1 extensions) (1 enabled)
2025-01-30 18:32:39,691 INFO c.h.h.t.HelmChartContainer - [hivemq-test-hivemq-platform] [hivemq-platform-operator] [e4761a86] 18:32:39.689 [pool-6-thread-14] DEBUG c.h.p.o.dependants.PodInfoConfigMap - [helmmqtt] Desired PodInfo ConfigMap (metrics port: 9399) (metrics path: /)
2025-01-30 18:32:39,691 INFO c.h.h.t.HelmChartContainer - [hivemq-test-hivemq-platform] [hivemq-platform-operator] [e4761a86] 18:32:39.689 [pool-6-thread-14] DEBUG c.h.p.o.dependants.PodInfoConfigMap - [helmmqtt] Desired PodInfo ConfigMap (extension state hash: -1817474005)
2025-01-30 18:32:39,691 INFO c.h.h.t.HelmChartContainer - [hivemq-test-hivemq-platform] [hivemq-platform-operator] [e4761a86] 18:32:39.690 [pool-6-thread-14] DEBUG c.h.p.o.dependants.PodInfoConfigMap - [helmmqtt] Update PodInfo ConfigMap
2025-01-30 18:32:39,691 INFO c.h.h.t.HelmChartContainer - [hivemq-test-hivemq-platform] [hivemq-platform-operator] [e4761a86] 18:32:39.690 [pool-6-thread-11] DEBUG c.h.p.o.d.PodServiceAccountResource - [helmmqtt] Desired PodServiceAccountResource (serviceAccountName: hivemq-platform-pod-test-hivemq-platform)
2025-01-30 18:32:39,752 INFO c.h.h.t.HelmChartContainer - [hivemq-test-hivemq-platform] [hivemq-platform-operator] [e4761a86] 18:32:39.751 [pool-6-thread-16] DEBUG c.h.p.o.d.StatefulSetResource - [helmmqtt] Desired StatefulSet (1 replicas) for status RUNNING (READY)
2025-01-30 18:32:39,755 INFO c.h.h.t.HelmChartContainer - [hivemq-test-hivemq-platform] [hivemq-platform-operator] [e4761a86] 18:32:39.754 [ReconcilerExecutor-hivemq-controller-115] INFO  c.h.p.o.HiveMQPlatformReconciler - [helmmqtt] Reconciling HiveMQ Platform 'test-hivemq-platform' in namespace 'helmmqttit'
2025-01-30 18:32:39,755 INFO c.h.h.t.HelmChartContainer - [hivemq-test-hivemq-platform] [hivemq-platform-operator] [e4761a86] 18:32:39.754 [ReconcilerExecutor-hivemq-controller-115] DEBUG c.h.p.o.HiveMQPlatformReconciler - [helmmqtt] Custom Resource Status RUNNING - HiveMQ Platform is ready (READY)
2025-01-30 18:32:39,755 INFO c.h.h.t.HelmChartContainer - [hivemq-test-hivemq-platform] [hivemq-platform-operator] [e4761a86] 18:32:39.754 [ReconcilerExecutor-hivemq-controller-115] DEBUG c.h.p.o.HiveMQPlatformReconciler - [helmmqtt] Custom Resource Spec (replicas: 1) (extensions: 1)
2025-01-30 18:32:39,791 INFO c.h.h.t.HelmChartContainer - [hivemq-test-hivemq-platform] [hivemq-platform-operator] [e4761a86] 18:32:39.789 [ReconcilerExecutor-hivemq-controller-115] DEBUG c.h.p.o.HiveMQPlatformReconciler - [helmmqtt] StatefulSet Status (revision: test-hivemq-platform-7bbc5894fb, replicas: 1, available: 1, ready: 1, current: 1, updated: 1)
2025-01-30 18:32:39,791 INFO c.h.h.t.HelmChartContainer - [hivemq-test-hivemq-platform] [hivemq-platform-operator] [e4761a86] 18:32:39.789 [ReconcilerExecutor-hivemq-controller-115] DEBUG c.h.p.o.HiveMQPlatformReconciler - [helmmqtt] StatefulSet Spec (replicas: 1, init containers: 1, containers: 1, volumes: 3)
2025-01-30 18:32:39,843 INFO c.h.h.t.HelmChartContainer - [hivemq-test-hivemq-platform] [hivemq-platform-operator] [e4761a86] 18:32:39.842 [ReconcilerExecutor-hivemq-controller-115] DEBUG c.h.p.o.h.HiveMQPlatformReconcilerErrorHandler - [helmmqtt] Pod 'test-hivemq-platform-0' phase Running
2025-01-30 18:32:44,680 INFO c.h.h.t.HelmChartContainer - Uninstalling release 'test-hivemq-platform' in namespace 'helmmqttit'...
2025-01-30 18:32:44,680 DEBUG c.h.h.t.HelmChartContainer - Executing helm command: /bin/helm --kubeconfig /etc/rancher/k3s/k3s.yaml uninstall test-hivemq-platform  --wait --timeout 5m0s --cascade foreground --namespace helmmqttit
2025-01-30 18:32:44,880 INFO c.h.h.t.HelmChartContainer - [hivemq-test-hivemq-platform] [hivemq-platform-operator] [e4761a86] 18:32:44.862 [pool-6-thread-25] DEBUG c.h.p.o.dependants.PodInfoConfigMap - [helmmqtt] Desired PodInfo ConfigMap (1 extensions) (1 enabled)
2025-01-30 18:32:44,881 INFO c.h.h.t.HelmChartContainer - [hivemq-test-hivemq-platform] [hivemq-platform-operator] [e4761a86] 18:32:44.862 [pool-6-thread-25] DEBUG c.h.p.o.dependants.PodInfoConfigMap - [helmmqtt] Desired PodInfo ConfigMap (metrics port: 9399) (metrics path: /)
2025-01-30 18:32:44,881 INFO c.h.h.t.HelmChartContainer - [hivemq-test-hivemq-platform] [hivemq-platform-operator] [e4761a86] 18:32:44.862 [pool-6-thread-25] DEBUG c.h.p.o.dependants.PodInfoConfigMap - [helmmqtt] Desired PodInfo ConfigMap (extension state hash: -1817474005)
2025-01-30 18:32:44,881 INFO c.h.h.t.HelmChartContainer - [hivemq-test-hivemq-platform] [hivemq-platform-operator] [e4761a86] 18:32:44.863 [pool-6-thread-21] DEBUG c.h.p.o.d.PodServiceAccountResource - [helmmqtt] Desired PodServiceAccountResource (serviceAccountName: hivemq-platform-pod-test-hivemq-platform)
2025-01-30 18:32:44,881 INFO c.h.h.t.HelmChartContainer - [hivemq-test-hivemq-platform] [hivemq-platform-operator] [e4761a86] 18:32:44.867 [pool-6-thread-23] DEBUG c.h.p.o.d.PlatformServiceResource - [helmmqtt] Desired Platform services (2 services)
2025-01-30 18:32:44,898 INFO c.h.h.t.HelmChartContainer - [K3S] [event.go:389] "Event occurred" object="helmmqttit/hivemq-test-hivemq-platform-mqtt-1884" fieldPath="" kind="Service" apiVersion="v1" type="Normal" reason="DeletingLoadBalancer" message="Deleting load balancer"
2025-01-30 18:32:44,909 INFO c.h.h.t.HelmChartContainer - [EVENT] Normal [DeletingLoadBalancer] Deleting load balancer [helmmqttit:hivemq-test-hivemq-platform-mqtt-1884]
2025-01-30 18:32:44,913 INFO c.h.h.t.HelmChartContainer - [K3S] [event.go:389] "Event occurred" object="helmmqttit/hivemq-test-hivemq-platform-mqtt-1884" fieldPath="" kind="Service" apiVersion="v1" type="Normal" reason="DeletedDaemonSet" message="Deleted LoadBalancer DaemonSet kube-system/svclb-hivemq-test-hivemq-platform-mqtt-1884-81d0de50"
2025-01-30 18:32:44,915 INFO c.h.h.t.HelmChartContainer - [EVENT] Normal [DeletedDaemonSet] Deleted LoadBalancer DaemonSet kube-system/svclb-hivemq-test-hivemq-platform-mqtt-1884-81d0de50 [helmmqttit:hivemq-test-hivemq-platform-mqtt-1884]
2025-01-30 18:32:44,917 INFO c.h.h.t.HelmChartContainer - [K3S] [event.go:389] "Event occurred" object="helmmqttit/hivemq-test-hivemq-platform-mqtt-1884" fieldPath="" kind="Service" apiVersion="v1" type="Normal" reason="DeletedLoadBalancer" message="Deleted load balancer"
2025-01-30 18:32:44,919 INFO c.h.h.t.HelmChartContainer - [EVENT] Normal [DeletedLoadBalancer] Deleted load balancer [helmmqttit:hivemq-test-hivemq-platform-mqtt-1884]
2025-01-30 18:32:44,949 INFO c.h.h.t.HelmChartContainer - [hivemq-test-hivemq-platform] [hivemq-platform-operator] [e4761a86] 18:32:44.945 [pool-6-thread-23] DEBUG c.h.p.o.d.StatefulSetResource - [helmmqtt] Desired StatefulSet (1 replicas) for status RUNNING (READY)
2025-01-30 18:32:44,950 INFO c.h.h.t.HelmChartContainer - [hivemq-test-hivemq-platform] [hivemq-platform-operator] [e4761a86] 18:32:44.949 [pool-6-thread-23] DEBUG c.h.p.o.d.StatefulSetResource - [helmmqtt] Update StatefulSet (replicas: 1 -> 1)
2025-01-30 18:32:44,952 INFO c.h.h.t.HelmChartContainer - [hivemq-test-hivemq-platform] [hivemq-platform-operator] [e4761a86] 18:32:44.951 [pool-6-thread-23] DEBUG c.h.p.o.d.StatefulSetResource - [helmmqtt] Detected change in StatefulSet specification (path: /template/metadata/annotations/kubernetes-resource-versions) (actual value: {broker-configuration-v2=319910904}) (target value: {broker-configuration-v2=0})
2025-01-30 18:32:44,952 INFO c.h.h.t.HelmChartContainer - [hivemq-test-hivemq-platform] [hivemq-platform-operator] [e4761a86] 18:32:44.952 [pool-6-thread-23] INFO  c.h.p.o.d.StatefulSetResource - [helmmqtt] StatefulSet spec was updated, triggering rolling restart
2025-01-30 18:32:45,061 INFO c.h.h.t.HelmChartContainer - [hivemq-test-hivemq-platform] [hivemq-platform-operator] [e4761a86] 18:32:45.060 [ReconcilerExecutor-hivemq-controller-116] INFO  c.h.p.o.HiveMQPlatformReconciler - [helmmqtt] Reconciling HiveMQ Platform 'test-hivemq-platform' in namespace 'helmmqttit'
2025-01-30 18:32:45,062 INFO c.h.h.t.HelmChartContainer - [hivemq-test-hivemq-platform] [hivemq-platform-operator] [e4761a86] 18:32:45.060 [ReconcilerExecutor-hivemq-controller-116] DEBUG c.h.p.o.HiveMQPlatformReconciler - [helmmqtt] Custom Resource Status RUNNING - HiveMQ Platform is ready (READY) (reconciliation requests: ROLLING_RESTART, REQUESTS_UPDATED)
2025-01-30 18:32:45,062 INFO c.h.h.t.HelmChartContainer - [hivemq-test-hivemq-platform] [hivemq-platform-operator] [e4761a86] 18:32:45.060 [ReconcilerExecutor-hivemq-controller-116] DEBUG c.h.p.o.HiveMQPlatformReconciler - [helmmqtt] Custom Resource Spec (replicas: 1) (extensions: 1)
2025-01-30 18:32:45,062 INFO c.h.h.t.HelmChartContainer - [hivemq-test-hivemq-platform] [hivemq-platform-operator] [e4761a86] 18:32:45.060 [ReconcilerExecutor-hivemq-controller-116] WARN  c.h.p.o.h.HiveMQPlatformReconcilerErrorHandler - [helmmqtt] Could not find ConfigMap 'hivemq-configuration-test-hivemq-platform' for HiveMQ Platform configuration
2025-01-30 18:32:45,147 INFO c.h.h.t.HelmChartContainer - [POD] test-hivemq-platform-0 [d5c51875-9f3b-4415-b45d-b9273e60a292] in helmmqttit was MODIFIED
2025-01-30 18:32:45,161 INFO c.h.h.t.HelmChartContainer - [EVENT] Normal [Killing] Stopping container hivemq [helmmqttit:test-hivemq-platform-0]
2025-01-30 18:32:45,161 INFO c.h.h.t.HelmChartContainer - Received Killing event for container hivemq in pod test-hivemq-platform-0 [d5c51875-9f3b-4415-b45d-b9273e60a292]
2025-01-30 18:32:45,161 INFO c.h.h.t.HelmChartContainer - Container [test-hivemq-platform-0] [hivemq] [d5c51875-9f3b-4415-b45d-b9273e60a292] was terminated
2025-01-30 18:32:45,161 INFO c.h.h.t.HelmChartContainer - Stopped log watcher for hivemq in pod test-hivemq-platform-0 [d5c51875-9f3b-4415-b45d-b9273e60a292]
2025-01-30 18:32:45,162 INFO c.h.h.t.HelmChartContainer - [test-hivemq-platform] [hivemq] [d5c51875] INFO  - [HiveMQ Platform Operator Init App 1.7.0-SNAPSHOT] Shutting down
2025-01-30 18:32:45,164 INFO c.h.h.t.HelmChartContainer - [test-hivemq-platform] [hivemq] [d5c51875] INFO  - [HiveMQ Platform Operator Init App 1.7.0-SNAPSHOT] Stopping the HiveMQ Platform
2025-01-30 18:32:45,183 INFO c.h.h.t.HelmChartContainer - [K3S] [event.go:389] "Event occurred" object="helmmqttit/hivemq-test-hivemq-platform-mqtt-1884" fieldPath="" kind="Service" apiVersion="v1" type="Normal" reason="UpdatedLoadBalancer" message="Updated LoadBalancer with new IPs: [] -> [172.18.0.2]"
2025-01-30 18:32:45,189 INFO c.h.h.t.HelmChartContainer - [EVENT] Normal [UpdatedLoadBalancer] Updated LoadBalancer with new IPs: [] -> [172.18.0.2] [helmmqttit:hivemq-test-hivemq-platform-mqtt-1884]
2025-01-30 18:32:45,260 INFO c.h.h.t.HelmChartContainer - [hivemq-test-hivemq-platform] [hivemq-platform-operator] [e4761a86] 18:32:45.259 [ReconcilerExecutor-hivemq-controller-116] DEBUG c.h.p.operator.event.EventSender - [helmmqtt] Creating K8s event hivemq-platform-invalid-configuration: [Start] Could not find ConfigMap 'hivemq-configuration-test-hivemq-platform' for HiveMQ Platform configuration
2025-01-30 18:32:45,265 INFO c.h.h.t.HelmChartContainer - [EVENT] Warning [Start] Could not find ConfigMap 'hivemq-configuration-test-hivemq-platform' for HiveMQ Platform configuration [helmmqttit:test-hivemq-platform]
2025-01-30 18:32:45,266 INFO c.h.h.t.HelmChartContainer - [hivemq-test-hivemq-platform] [hivemq-platform-operator] [e4761a86] 18:32:45.265 [ReconcilerExecutor-hivemq-controller-116] INFO  c.h.p.o.h.AbstractHiveMQReconcilerStateHandler - [helmmqtt] Update HiveMQ Platform Status (RUNNING [READY] -> ERROR [INVALID_CONFIG_MAP]): Could not find ConfigMap 'hivemq-configuration-test-hivemq-platform' for HiveMQ Platform configuration (reconciliation requests: ROLLING_RESTART)
2025-01-30 18:32:45,286 INFO c.h.h.t.HelmChartContainer - [test-hivemq-platform] [hivemq] [d5c51875] INFO  - Shutting down HiveMQ. Please wait, this could take a while...
2025-01-30 18:32:45,317 INFO c.h.h.t.HelmChartContainer - [POD] svclb-hivemq-test-hivemq-platform-mqtt-1884-81d0de50-5kbgh [ad36a308-4ba9-4be8-9cce-0b3b0cf20f40] in kube-system was MODIFIED
2025-01-30 18:32:45,322 INFO c.h.h.t.HelmChartContainer - [K3S] [event.go:389] "Event occurred" object="helmmqttit/hivemq-test-hivemq-platform-mqtt-1884" fieldPath="" kind="Service" apiVersion="v1" type="Normal" reason="UpdatedLoadBalancer" message="Updated LoadBalancer with new IPs: [172.18.0.2] -> [172.18.0.2]"
2025-01-30 18:32:45,326 INFO c.h.h.t.HelmChartContainer - [EVENT] Normal [UpdatedLoadBalancer] Updated LoadBalancer with new IPs: [172.18.0.2] -> [172.18.0.2] [helmmqttit:hivemq-test-hivemq-platform-mqtt-1884]
2025-01-30 18:32:45,348 INFO c.h.h.t.HelmChartContainer - [test-hivemq-platform] [hivemq] [d5c51875] INFO  - Shutting down listeners and clients
2025-01-30 18:32:45,348 INFO c.h.h.t.HelmChartContainer - [hivemq-test-hivemq-platform] [hivemq-platform-operator] [e4761a86] 18:32:45.271 [ReconcilerExecutor-hivemq-controller-116] ERROR i.j.o.p.event.EventProcessor - Error during event processing ExecutionScope{ resource id: ResourceID{name='test-hivemq-platform', namespace='helmmqttit'}, version: 1127}
2025-01-30 18:32:45,348 INFO c.h.h.t.HelmChartContainer - [hivemq-test-hivemq-platform] [hivemq-platform-operator] [e4761a86] io.fabric8.kubernetes.client.KubernetesClientException: Failure executing: PUT at: https://10.43.0.1:443/apis/hivemq.com/v1/namespaces/helmmqttit/hivemq-platforms/test-hivemq-platform/status. Message: Operation cannot be fulfilled on hivemq-platforms.hivemq.com "test-hivemq-platform": the object has been modified; please apply your changes to the latest version and try again. Received status: Status(apiVersion=v1, code=409, details=StatusDetails(causes=[], group=hivemq.com, kind=hivemq-platforms, name=test-hivemq-platform, retryAfterSeconds=null, uid=null, additionalProperties={}), kind=Status, message=Operation cannot be fulfilled on hivemq-platforms.hivemq.com "test-hivemq-platform": the object has been modified; please apply your changes to the latest version and try again, metadata=ListMeta(_continue=null, remainingItemCount=null, resourceVersion=null, selfLink=null, additionalProperties={}), reason=Conflict, status=Failure, additionalProperties={}).
2025-01-30 18:32:45,348 INFO c.h.h.t.HelmChartContainer - [hivemq-test-hivemq-platform] [hivemq-platform-operator] [e4761a86] 	at io.fabric8.kubernetes.client.KubernetesClientException.copyAsCause(KubernetesClientException.java:238)
2025-01-30 18:32:45,348 INFO c.h.h.t.HelmChartContainer - [hivemq-test-hivemq-platform] [hivemq-platform-operator] [e4761a86] 	at io.fabric8.kubernetes.client.dsl.internal.OperationSupport.waitForResult(OperationSupport.java:507)
2025-01-30 18:32:45,348 INFO c.h.h.t.HelmChartContainer - [hivemq-test-hivemq-platform] [hivemq-platform-operator] [e4761a86] 	at io.fabric8.kubernetes.client.dsl.internal.OperationSupport.handleResponse(OperationSupport.java:524)
2025-01-30 18:32:45,348 INFO c.h.h.t.HelmChartContainer - [hivemq-test-hivemq-platform] [hivemq-platform-operator] [e4761a86] 	at io.fabric8.kubernetes.client.dsl.internal.OperationSupport.handleUpdate(OperationSupport.java:358)
2025-01-30 18:32:45,348 INFO c.h.h.t.HelmChartContainer - [hivemq-test-hivemq-platform] [hivemq-platform-operator] [e4761a86] 	at io.fabric8.kubernetes.client.dsl.internal.BaseOperation.handleUpdate(BaseOperation.java:759)
2025-01-30 18:32:45,348 INFO c.h.h.t.HelmChartContainer - [hivemq-test-hivemq-platform] [hivemq-platform-operator] [e4761a86] 	at io.fabric8.kubernetes.client.dsl.internal.HasMetadataOperation.update(HasMetadataOperation.java:138)
2025-01-30 18:32:45,348 INFO c.h.h.t.HelmChartContainer - [hivemq-test-hivemq-platform] [hivemq-platform-operator] [e4761a86] 	at io.fabric8.kubernetes.client.dsl.internal.HasMetadataOperation.update(HasMetadataOperation.java:121)
2025-01-30 18:32:45,348 INFO c.h.h.t.HelmChartContainer - [hivemq-test-hivemq-platform] [hivemq-platform-operator] [e4761a86] 	at io.fabric8.kubernetes.client.dsl.internal.HasMetadataOperation.updateStatus(HasMetadataOperation.java:126)
2025-01-30 18:32:45,348 INFO c.h.h.t.HelmChartContainer - [hivemq-test-hivemq-platform] [hivemq-platform-operator] [e4761a86] 	at io.fabric8.kubernetes.client.dsl.internal.HasMetadataOperation.updateStatus(HasMetadataOperation.java:44)
2025-01-30 18:32:45,348 INFO c.h.h.t.HelmChartContainer - [hivemq-test-hivemq-platform] [hivemq-platform-operator] [e4761a86] 	at io.javaoperatorsdk.operator.processing.event.ReconciliationDispatcher$CustomResourceFacade.updateStatus(ReconciliationDispatcher.java:408)
2025-01-30 18:32:45,348 INFO c.h.h.t.HelmChartContainer - [hivemq-test-hivemq-platform] [hivemq-platform-operator] [e4761a86] 	at io.javaoperatorsdk.operator.processing.event.ReconciliationDispatcher.updateStatusGenerationAware(ReconciliationDispatcher.java:228)
2025-01-30 18:32:45,348 INFO c.h.h.t.HelmChartContainer - [hivemq-test-hivemq-platform] [hivemq-platform-operator] [e4761a86] 	at io.javaoperatorsdk.operator.processing.event.ReconciliationDispatcher.reconcileExecution(ReconciliationDispatcher.java:150)
2025-01-30 18:32:45,348 INFO c.h.h.t.HelmChartContainer - [hivemq-test-hivemq-platform] [hivemq-platform-operator] [e4761a86] 	at io.javaoperatorsdk.operator.processing.event.ReconciliationDispatcher.handleReconcile(ReconciliationDispatcher.java:117)
2025-01-30 18:32:45,348 INFO c.h.h.t.HelmChartContainer - [hivemq-test-hivemq-platform] [hivemq-platform-operator] [e4761a86] 	at io.javaoperatorsdk.operator.processing.event.ReconciliationDispatcher.handleDispatch(ReconciliationDispatcher.java:91)
2025-01-30 18:32:45,348 INFO c.h.h.t.HelmChartContainer - [hivemq-test-hivemq-platform] [hivemq-platform-operator] [e4761a86] 	at io.javaoperatorsdk.operator.processing.event.ReconciliationDispatcher.handleExecution(ReconciliationDispatcher.java:64)
2025-01-30 18:32:45,348 INFO c.h.h.t.HelmChartContainer - [hivemq-test-hivemq-platform] [hivemq-platform-operator] [e4761a86] 	at io.javaoperatorsdk.operator.processing.event.EventProcessor$ReconcilerExecutor.run(EventProcessor.java:452)
2025-01-30 18:32:45,348 INFO c.h.h.t.HelmChartContainer - [hivemq-test-hivemq-platform] [hivemq-platform-operator] [e4761a86] 	at java.base/java.util.concurrent.ThreadPoolExecutor.runWorker(Unknown Source)
2025-01-30 18:32:45,348 INFO c.h.h.t.HelmChartContainer - [hivemq-test-hivemq-platform] [hivemq-platform-operator] [e4761a86] 	at java.base/java.util.concurrent.ThreadPoolExecutor$Worker.run(Unknown Source)
2025-01-30 18:32:45,348 INFO c.h.h.t.HelmChartContainer - [hivemq-test-hivemq-platform] [hivemq-platform-operator] [e4761a86] 	at java.base/java.lang.Thread.run(Unknown Source)
2025-01-30 18:32:45,348 INFO c.h.h.t.HelmChartContainer - [hivemq-test-hivemq-platform] [hivemq-platform-operator] [e4761a86] Caused by: io.fabric8.kubernetes.client.KubernetesClientException: Failure executing: PUT at: https://10.43.0.1:443/apis/hivemq.com/v1/namespaces/helmmqttit/hivemq-platforms/test-hivemq-platform/status. Message: Operation cannot be fulfilled on hivemq-platforms.hivemq.com "test-hivemq-platform": the object has been modified; please apply your changes to the latest version and try again. Received status: Status(apiVersion=v1, code=409, details=StatusDetails(causes=[], group=hivemq.com, kind=hivemq-platforms, name=test-hivemq-platform, retryAfterSeconds=null, uid=null, additionalProperties={}), kind=Status, message=Operation cannot be fulfilled on hivemq-platforms.hivemq.com "test-hivemq-platform": the object has been modified; please apply your changes to the latest version and try again, metadata=ListMeta(_continue=null, remainingItemCount=null, resourceVersion=null, selfLink=null, additionalProperties={}), reason=Conflict, status=Failure, additionalProperties={}).
2025-01-30 18:32:45,348 INFO c.h.h.t.HelmChartContainer - [hivemq-test-hivemq-platform] [hivemq-platform-operator] [e4761a86] 	at io.fabric8.kubernetes.client.dsl.internal.OperationSupport.requestFailure(OperationSupport.java:660)
2025-01-30 18:32:45,348 INFO c.h.h.t.HelmChartContainer - [hivemq-test-hivemq-platform] [hivemq-platform-operator] [e4761a86] 	at io.fabric8.kubernetes.client.dsl.internal.OperationSupport.requestFailure(OperationSupport.java:640)
2025-01-30 18:32:45,348 INFO c.h.h.t.HelmChartContainer - [hivemq-test-hivemq-platform] [hivemq-platform-operator] [e4761a86] 	at io.fabric8.kubernetes.client.dsl.internal.OperationSupport.assertResponseCode(OperationSupport.java:589)
2025-01-30 18:32:45,348 INFO c.h.h.t.HelmChartContainer - [hivemq-test-hivemq-platform] [hivemq-platform-operator] [e4761a86] 	at io.fabric8.kubernetes.client.dsl.internal.OperationSupport.lambda$handleResponse$0(OperationSupport.java:549)
2025-01-30 18:32:45,348 INFO c.h.h.t.HelmChartContainer - [hivemq-test-hivemq-platform] [hivemq-platform-operator] [e4761a86] 	at java.base/java.util.concurrent.CompletableFuture$UniApply.tryFire(Unknown Source)
2025-01-30 18:32:45,348 INFO c.h.h.t.HelmChartContainer - [hivemq-test-hivemq-platform] [hivemq-platform-operator] [e4761a86] 	at java.base/java.util.concurrent.CompletableFuture.postComplete(Unknown Source)
2025-01-30 18:32:45,348 INFO c.h.h.t.HelmChartContainer - [hivemq-test-hivemq-platform] [hivemq-platform-operator] [e4761a86] 	at java.base/java.util.concurrent.CompletableFuture.complete(Unknown Source)
2025-01-30 18:32:45,348 INFO c.h.h.t.HelmChartContainer - [hivemq-test-hivemq-platform] [hivemq-platform-operator] [e4761a86] 	at io.fabric8.kubernetes.client.http.StandardHttpClient.lambda$completeOrCancel$10(StandardHttpClient.java:141)
2025-01-30 18:32:45,348 INFO c.h.h.t.HelmChartContainer - [hivemq-test-hivemq-platform] [hivemq-platform-operator] [e4761a86] 	at java.base/java.util.concurrent.CompletableFuture.uniWhenComplete(Unknown Source)
2025-01-30 18:32:45,348 INFO c.h.h.t.HelmChartContainer - [hivemq-test-hivemq-platform] [hivemq-platform-operator] [e4761a86] 	at java.base/java.util.concurrent.CompletableFuture$UniWhenComplete.tryFire(Unknown Source)
2025-01-30 18:32:45,348 INFO c.h.h.t.HelmChartContainer - [hivemq-test-hivemq-platform] [hivemq-platform-operator] [e4761a86] 	at java.base/java.util.concurrent.CompletableFuture.postComplete(Unknown Source)
2025-01-30 18:32:45,348 INFO c.h.h.t.HelmChartContainer - [hivemq-test-hivemq-platform] [hivemq-platform-operator] [e4761a86] 	at java.base/java.util.concurrent.CompletableFuture.complete(Unknown Source)
2025-01-30 18:32:45,348 INFO c.h.h.t.HelmChartContainer - [hivemq-test-hivemq-platform] [hivemq-platform-operator] [e4761a86] 	at io.fabric8.kubernetes.client.http.ByteArrayBodyHandler.onBodyDone(ByteArrayBodyHandler.java:51)
2025-01-30 18:32:45,348 INFO c.h.h.t.HelmChartContainer - [hivemq-test-hivemq-platform] [hivemq-platform-operator] [e4761a86] 	at java.base/java.util.concurrent.CompletableFuture.uniWhenComplete(Unknown Source)
2025-01-30 18:32:45,348 INFO c.h.h.t.HelmChartContainer - [hivemq-test-hivemq-platform] [hivemq-platform-operator] [e4761a86] 	at java.base/java.util.concurrent.CompletableFuture$UniWhenComplete.tryFire(Unknown Source)
2025-01-30 18:32:45,348 INFO c.h.h.t.HelmChartContainer - [hivemq-test-hivemq-platform] [hivemq-platform-operator] [e4761a86] 	at java.base/java.util.concurrent.CompletableFuture.postComplete(Unknown Source)
2025-01-30 18:32:45,348 INFO c.h.h.t.HelmChartContainer - [hivemq-test-hivemq-platform] [hivemq-platform-operator] [e4761a86] 	at java.base/java.util.concurrent.CompletableFuture.complete(Unknown Source)
2025-01-30 18:32:45,348 INFO c.h.h.t.HelmChartContainer - [hivemq-test-hivemq-platform] [hivemq-platform-operator] [e4761a86] 	at io.fabric8.kubernetes.client.vertx.VertxHttpRequest.lambda$null$1(VertxHttpRequest.java:121)
2025-01-30 18:32:45,348 INFO c.h.h.t.HelmChartContainer - [hivemq-test-hivemq-platform] [hivemq-platform-operator] [e4761a86] 	at io.vertx.core.impl.ContextInternal.dispatch(ContextInternal.java:279)
2025-01-30 18:32:45,348 INFO c.h.h.t.HelmChartContainer - [hivemq-test-hivemq-platform] [hivemq-platform-operator] [e4761a86] 	at io.vertx.core.impl.ContextInternal.dispatch(ContextInternal.java:261)
2025-01-30 18:32:45,348 INFO c.h.h.t.HelmChartContainer - [hivemq-test-hivemq-platform] [hivemq-platform-operator] [e4761a86] 	at io.vertx.core.http.impl.HttpEventHandler.handleEnd(HttpEventHandler.java:76)
2025-01-30 18:32:45,348 INFO c.h.h.t.HelmChartContainer - [hivemq-test-hivemq-platform] [hivemq-platform-operator] [e4761a86] 	at io.vertx.core.http.impl.HttpClientResponseImpl.handleEnd(HttpClientResponseImpl.java:250)
2025-01-30 18:32:45,348 INFO c.h.h.t.HelmChartContainer - [hivemq-test-hivemq-platform] [hivemq-platform-operator] [e4761a86] 	at io.vertx.core.http.impl.Http1xClientConnection$StreamImpl.lambda$new$0(Http1xClientConnection.java:421)
2025-01-30 18:32:45,348 INFO c.h.h.t.HelmChartContainer - [hivemq-test-hivemq-platform] [hivemq-platform-operator] [e4761a86] 	at io.vertx.core.streams.impl.InboundBuffer.handleEvent(InboundBuffer.java:279)
2025-01-30 18:32:45,348 INFO c.h.h.t.HelmChartContainer - [hivemq-test-hivemq-platform] [hivemq-platform-operator] [e4761a86] 	at io.vertx.core.streams.impl.InboundBuffer.write(InboundBuffer.java:157)
2025-01-30 18:32:45,348 INFO c.h.h.t.HelmChartContainer - [hivemq-test-hivemq-platform] [hivemq-platform-operator] [e4761a86] 	at io.vertx.core.http.impl.Http1xClientConnection$StreamImpl.handleEnd(Http1xClientConnection.java:709)
2025-01-30 18:32:45,348 INFO c.h.h.t.HelmChartContainer - [hivemq-test-hivemq-platform] [hivemq-platform-operator] [e4761a86] 	at io.vertx.core.impl.ContextImpl.lambda$execute$4(ContextImpl.java:315)
2025-01-30 18:32:45,348 INFO c.h.h.t.HelmChartContainer - [hivemq-test-hivemq-platform] [hivemq-platform-operator] [e4761a86] 	at io.netty.util.concurrent.AbstractEventExecutor.runTask(AbstractEventExecutor.java:173)
2025-01-30 18:32:45,348 INFO c.h.h.t.HelmChartContainer - [hivemq-test-hivemq-platform] [hivemq-platform-operator] [e4761a86] 	at io.netty.util.concurrent.AbstractEventExecutor.safeExecute(AbstractEventExecutor.java:166)
2025-01-30 18:32:45,348 INFO c.h.h.t.HelmChartContainer - [hivemq-test-hivemq-platform] [hivemq-platform-operator] [e4761a86] 	at io.netty.util.concurrent.SingleThreadEventExecutor.runAllTasks(SingleThreadEventExecutor.java:472)
2025-01-30 18:32:45,348 INFO c.h.h.t.HelmChartContainer - [hivemq-test-hivemq-platform] [hivemq-platform-operator] [e4761a86] 	at io.netty.channel.nio.NioEventLoop.run(NioEventLoop.java:569)
2025-01-30 18:32:45,348 INFO c.h.h.t.HelmChartContainer - [hivemq-test-hivemq-platform] [hivemq-platform-operator] [e4761a86] 	at io.netty.util.concurrent.SingleThreadEventExecutor$4.run(SingleThreadEventExecutor.java:997)
2025-01-30 18:32:45,348 INFO c.h.h.t.HelmChartContainer - [hivemq-test-hivemq-platform] [hivemq-platform-operator] [e4761a86] 	at io.netty.util.internal.ThreadExecutorMap$2.run(ThreadExecutorMap.java:74)
2025-01-30 18:32:45,348 INFO c.h.h.t.HelmChartContainer - [hivemq-test-hivemq-platform] [hivemq-platform-operator] [e4761a86] 	at io.netty.util.concurrent.FastThreadLocalRunnable.run(FastThreadLocalRunnable.java:30)
2025-01-30 18:32:45,348 INFO c.h.h.t.HelmChartContainer - [hivemq-test-hivemq-platform] [hivemq-platform-operator] [e4761a86] 	... 1 common frames omitted
2025-01-30 18:32:45,349 INFO c.h.h.t.HelmChartContainer - [test-hivemq-platform] [hivemq] [d5c51875] INFO  - Shutdown of listeners is done
2025-01-30 18:32:45,350 INFO c.h.h.t.HelmChartContainer - [test-hivemq-platform] [hivemq] [d5c51875] INFO  - No clients are connected, proceeding with shutdown
2025-01-30 18:32:45,357 INFO c.h.h.t.HelmChartContainer - [hivemq-test-hivemq-platform] [hivemq-platform-operator] [e4761a86] 18:32:45.352 [ReconcilerExecutor-hivemq-controller-120] INFO  c.h.p.o.HiveMQPlatformReconciler - [helmmqtt] Cleanup test-hivemq-platform - helmmqttit HiveMQ Platform is shut down
2025-01-30 18:32:45,501 INFO c.h.h.t.HelmChartContainer - [POD] svclb-hivemq-test-hivemq-platform-mqtt-1884-81d0de50-5kbgh [ad36a308-4ba9-4be8-9cce-0b3b0cf20f40] in kube-system was MODIFIED
2025-01-30 18:32:45,511 INFO c.h.h.t.HelmChartContainer - [K3S] [event.go:389] "Event occurred" object="helmmqttit/hivemq-test-hivemq-platform-mqtt-1884" fieldPath="" kind="Service" apiVersion="v1" type="Warning" reason="UnAvailableLoadBalancer" message="There are no available nodes for LoadBalancer"
2025-01-30 18:32:45,515 INFO c.h.h.t.HelmChartContainer - [EVENT] Warning [UnAvailableLoadBalancer] There are no available nodes for LoadBalancer [helmmqttit:hivemq-test-hivemq-platform-mqtt-1884]
2025-01-30 18:32:45,591 INFO c.h.h.t.HelmChartContainer - [K3S] [scope.go:117] "RemoveContainer" containerID="38767f2e41f2fd47a077b456dbd2f2cecc4784c944515624d626bea72fa7e794"
2025-01-30 18:32:45,594 INFO c.h.h.t.HelmChartContainer - [K3S] [scope.go:117] "RemoveContainer" containerID="38767f2e41f2fd47a077b456dbd2f2cecc4784c944515624d626bea72fa7e794"
2025-01-30 18:32:45,606 INFO c.h.h.t.HelmChartContainer - [POD] svclb-hivemq-test-hivemq-platform-mqtt-1884-81d0de50-5kbgh [ad36a308-4ba9-4be8-9cce-0b3b0cf20f40] in kube-system was MODIFIED
2025-01-30 18:32:45,606 INFO c.h.h.t.HelmChartContainer - [POD] svclb-hivemq-test-hivemq-platform-mqtt-1884-81d0de50-5kbgh [ad36a308-4ba9-4be8-9cce-0b3b0cf20f40] in kube-system was DELETED
2025-01-30 18:32:46,922 INFO c.h.h.t.HelmChartContainer - Deleting namespace 'helmmqttit'...
2025-01-30 18:32:47,139 INFO c.h.h.t.HelmChartContainer - [K3S] [kubelet_volumes.go:163] "Cleaned up orphaned pod volumes dir" podUID="ad36a308-4ba9-4be8-9cce-0b3b0cf20f40" path="/var/lib/kubelet/pods/ad36a308-4ba9-4be8-9cce-0b3b0cf20f40/volumes"
2025-01-30 18:32:47,982 INFO c.h.h.t.HelmChartContainer - [test-hivemq-platform] [hivemq] [d5c51875] INFO  - Shutting down extension system
2025-01-30 18:32:47,984 INFO c.h.h.t.HelmChartContainer - [test-hivemq-platform] [hivemq] [d5c51875] INFO  - Stopping extension with id hivemq-dns-cluster-discovery
2025-01-30 18:32:47,984 INFO c.h.h.t.HelmChartContainer - [test-hivemq-platform] [hivemq] [d5c51875] INFO  - Extension "DNS Cluster Discovery Extension" version 4.3.2 stopped successfully.
2025-01-30 18:32:47,985 INFO c.h.h.t.HelmChartContainer - [test-hivemq-platform] [hivemq] [d5c51875] INFO  - Stopping extension with id hivemq-prometheus-extension
2025-01-30 18:32:47,990 INFO c.h.h.t.HelmChartContainer - [test-hivemq-platform] [hivemq] [d5c51875] INFO  - Extension "Prometheus Monitoring Extension" version 4.0.12 stopped successfully.
2025-01-30 18:32:47,990 INFO c.h.h.t.HelmChartContainer - [test-hivemq-platform] [hivemq] [d5c51875] INFO  - Stopping extension with id hivemq-allow-all-extension
2025-01-30 18:32:47,990 INFO c.h.h.t.HelmChartContainer - [test-hivemq-platform] [hivemq] [d5c51875] INFO  - Extension "Allow All Extension" version 1.1.1 stopped successfully.
2025-01-30 18:32:49,456 INFO c.h.h.t.HelmChartContainer - [test-hivemq-platform] [hivemq] [d5c51875] INFO  - [HiveMQ Platform Operator Init App 1.7.0-SNAPSHOT] Returning shutdown Health API response 503 for readiness
2025-01-30 18:32:49,461 INFO c.h.h.t.HelmChartContainer - [EVENT] Warning [Unhealthy] Readiness probe failed: HTTP probe failed with statuscode: 503 [helmmqttit:test-hivemq-platform-0]
2025-01-30 18:32:49,461 INFO c.h.h.t.HelmChartContainer - Received Unhealthy event for container hivemq in pod test-hivemq-platform-0 [d5c51875-9f3b-4415-b45d-b9273e60a292]
2025-01-30 18:32:49,927 INFO c.h.h.t.HelmChartContainer - [test-hivemq-platform] [hivemq] [d5c51875] WARN  - [HiveMQ Platform Operator Init App 1.7.0-SNAPSHOT] Could not update Pod annotations: Failure executing: GET at: https://10.43.0.1:443/api/v1/namespaces/helmmqttit/pods/test-hivemq-platform-0. Message: pods "test-hivemq-platform-0" is forbidden: User "system:serviceaccount:helmmqttit:hivemq-platform-pod-test-hivemq-platform" cannot get resource "pods" in API group "" in the namespace "helmmqttit". Received status: Status(apiVersion=v1, code=403, details=StatusDetails(causes=[], group=null, kind=pods, name=test-hivemq-platform-0, retryAfterSeconds=null, uid=null, additionalProperties={}), kind=Status, message=pods "test-hivemq-platform-0" is forbidden: User "system:serviceaccount:helmmqttit:hivemq-platform-pod-test-hivemq-platform" cannot get resource "pods" in API group "" in the namespace "helmmqttit", metadata=ListMeta(_continue=null, remainingItemCount=null, resourceVersion=null, selfLink=null, additionalProperties={}), reason=Forbidden, status=Failure, additionalProperties={}).
2025-01-30 18:32:50,258 INFO c.h.h.t.HelmChartContainer - [test-hivemq-platform] [hivemq] [d5c51875] INFO  - Shutdown completed.
2025-01-30 18:32:50,621 INFO c.h.h.t.HelmChartContainer - [test-hivemq-platform] [hivemq] [d5c51875] INFO  - [HiveMQ Platform Operator Init App 1.7.0-SNAPSHOT] The HiveMQ Platform exited with code 143
2025-01-30 18:32:50,621 INFO c.h.h.t.HelmChartContainer - [test-hivemq-platform] [hivemq] [d5c51875] INFO  - [HiveMQ Platform Operator Init App 1.7.0-SNAPSHOT] Stopping the REST API
2025-01-30 18:32:50,627 INFO c.h.h.t.HelmChartContainer - [test-hivemq-platform] [hivemq] [d5c51875] INFO  - [HiveMQ Platform Operator Init App 1.7.0-SNAPSHOT] Shutdown complete
2025-01-30 18:32:51,067 INFO c.h.h.t.HelmChartContainer - [K3S] [stateful_set.go:438] "Unhandled Error" err="error syncing StatefulSet helmmqttit/test-hivemq-platform, requeuing: controllerrevisions.apps \"test-hivemq-platform-86c78c5c66\" is forbidden: unable to create new content in namespace helmmqttit because it is being terminated"
2025-01-30 18:32:51,068 INFO c.h.h.t.HelmChartContainer - [POD] test-hivemq-platform-0 [d5c51875-9f3b-4415-b45d-b9273e60a292] in helmmqttit was MODIFIED
2025-01-30 18:32:51,075 INFO c.h.h.t.HelmChartContainer - [K3S] [stateful_set.go:438] "Unhandled Error" err="error syncing StatefulSet helmmqttit/test-hivemq-platform, requeuing: controllerrevisions.apps \"test-hivemq-platform-86c78c5c66\" is forbidden: unable to create new content in namespace helmmqttit because it is being terminated"
2025-01-30 18:32:51,088 INFO c.h.h.t.HelmChartContainer - [K3S] [stateful_set.go:438] "Unhandled Error" err="error syncing StatefulSet helmmqttit/test-hivemq-platform, requeuing: controllerrevisions.apps \"test-hivemq-platform-86c78c5c66\" is forbidden: unable to create new content in namespace helmmqttit because it is being terminated"
2025-01-30 18:32:51,111 INFO c.h.h.t.HelmChartContainer - [K3S] [reconciler_common.go:162] "operationExecutor.UnmountVolume started for volume \"broker-configuration\" (UniqueName: \"kubernetes.io/configmap/d5c51875-9f3b-4415-b45d-b9273e60a292-broker-configuration\") pod \"d5c51875-9f3b-4415-b45d-b9273e60a292\" (UID: \"d5c51875-9f3b-4415-b45d-b9273e60a292\") "
2025-01-30 18:32:51,111 INFO c.h.h.t.HelmChartContainer - [K3S] [reconciler_common.go:162] "operationExecutor.UnmountVolume started for volume \"pod-info\" (UniqueName: \"kubernetes.io/configmap/d5c51875-9f3b-4415-b45d-b9273e60a292-pod-info\") pod \"d5c51875-9f3b-4415-b45d-b9273e60a292\" (UID: \"d5c51875-9f3b-4415-b45d-b9273e60a292\") "
2025-01-30 18:32:51,111 INFO c.h.h.t.HelmChartContainer - [K3S] [reconciler_common.go:162] "operationExecutor.UnmountVolume started for volume \"kube-api-access-nxnjj\" (UniqueName: \"kubernetes.io/projected/d5c51875-9f3b-4415-b45d-b9273e60a292-kube-api-access-nxnjj\") pod \"d5c51875-9f3b-4415-b45d-b9273e60a292\" (UID: \"d5c51875-9f3b-4415-b45d-b9273e60a292\") "
2025-01-30 18:32:51,112 INFO c.h.h.t.HelmChartContainer - [K3S] [reconciler_common.go:162] "operationExecutor.UnmountVolume started for volume \"operator-init\" (UniqueName: \"kubernetes.io/empty-dir/d5c51875-9f3b-4415-b45d-b9273e60a292-operator-init\") pod \"d5c51875-9f3b-4415-b45d-b9273e60a292\" (UID: \"d5c51875-9f3b-4415-b45d-b9273e60a292\") "
2025-01-30 18:32:51,112 INFO c.h.h.t.HelmChartContainer - [K3S] [stateful_set.go:438] "Unhandled Error" err="error syncing StatefulSet helmmqttit/test-hivemq-platform, requeuing: controllerrevisions.apps \"test-hivemq-platform-86c78c5c66\" is forbidden: unable to create new content in namespace helmmqttit because it is being terminated"
2025-01-30 18:32:51,156 INFO c.h.h.t.HelmChartContainer - [K3S] [stateful_set.go:438] "Unhandled Error" err="error syncing StatefulSet helmmqttit/test-hivemq-platform, requeuing: controllerrevisions.apps \"test-hivemq-platform-86c78c5c66\" is forbidden: unable to create new content in namespace helmmqttit because it is being terminated"
2025-01-30 18:32:51,211 INFO c.h.h.t.HelmChartContainer - [K3S] [reconciler_common.go:299] "Volume detached for volume \"kube-api-access-nxnjj\" (UniqueName: \"kubernetes.io/projected/d5c51875-9f3b-4415-b45d-b9273e60a292-kube-api-access-nxnjj\") on node \"bad0b85700c6\" DevicePath \"\""
2025-01-30 18:32:51,211 INFO c.h.h.t.HelmChartContainer - [K3S] [reconciler_common.go:299] "Volume detached for volume \"operator-init\" (UniqueName: \"kubernetes.io/empty-dir/d5c51875-9f3b-4415-b45d-b9273e60a292-operator-init\") on node \"bad0b85700c6\" DevicePath \"\""
2025-01-30 18:32:51,211 INFO c.h.h.t.HelmChartContainer - [K3S] [reconciler_common.go:299] "Volume detached for volume \"pod-info\" (UniqueName: \"kubernetes.io/configmap/d5c51875-9f3b-4415-b45d-b9273e60a292-pod-info\") on node \"bad0b85700c6\" DevicePath \"\""
2025-01-30 18:32:51,211 INFO c.h.h.t.HelmChartContainer - [K3S] [reconciler_common.go:299] "Volume detached for volume \"broker-configuration\" (UniqueName: \"kubernetes.io/configmap/d5c51875-9f3b-4415-b45d-b9273e60a292-broker-configuration\") on node \"bad0b85700c6\" DevicePath \"\""
2025-01-30 18:32:51,239 INFO c.h.h.t.HelmChartContainer - [K3S] [stateful_set.go:438] "Unhandled Error" err="error syncing StatefulSet helmmqttit/test-hivemq-platform, requeuing: controllerrevisions.apps \"test-hivemq-platform-86c78c5c66\" is forbidden: unable to create new content in namespace helmmqttit because it is being terminated"
2025-01-30 18:32:51,402 INFO c.h.h.t.HelmChartContainer - [K3S] [stateful_set.go:438] "Unhandled Error" err="error syncing StatefulSet helmmqttit/test-hivemq-platform, requeuing: controllerrevisions.apps \"test-hivemq-platform-86c78c5c66\" is forbidden: unable to create new content in namespace helmmqttit because it is being terminated"
2025-01-30 18:32:51,601 INFO c.h.h.t.HelmChartContainer - [K3S] [scope.go:117] "RemoveContainer" containerID="76340b1d0ab0b134767b3c127484c8a3473032e3636419a6bab8020d0b4eac2a"
2025-01-30 18:32:51,612 INFO c.h.h.t.HelmChartContainer - [K3S] [stateful_set.go:438] "Unhandled Error" err="error syncing StatefulSet helmmqttit/test-hivemq-platform, requeuing: controllerrevisions.apps \"test-hivemq-platform-86c78c5c66\" is forbidden: unable to create new content in namespace helmmqttit because it is being terminated"
2025-01-30 18:32:51,612 INFO c.h.h.t.HelmChartContainer - [POD] test-hivemq-platform-0 [d5c51875-9f3b-4415-b45d-b9273e60a292] in helmmqttit was MODIFIED
2025-01-30 18:32:51,614 INFO c.h.h.t.HelmChartContainer - [POD] test-hivemq-platform-0 [d5c51875-9f3b-4415-b45d-b9273e60a292] in helmmqttit was DELETED
2025-01-30 18:32:51,619 INFO c.h.h.t.HelmChartContainer - [K3S] [stateful_set.go:438] "Unhandled Error" err="error syncing StatefulSet helmmqttit/test-hivemq-platform, requeuing: controllerrevisions.apps \"test-hivemq-platform-86c78c5c66\" is forbidden: unable to create new content in namespace helmmqttit because it is being terminated"
2025-01-30 18:32:51,638 INFO c.h.h.t.HelmChartContainer - [K3S] [stateful_set.go:466] "StatefulSet has been deleted" key="helmmqttit/test-hivemq-platform"
2025-01-30 18:32:51,710 INFO c.h.h.t.HelmChartContainer - [K3S] [scope.go:117] "RemoveContainer" containerID="8240700dfc7c6b4b0ec0b6b4ac2b4d2ce8b7b062102c4130a109fe93f21cf601"
2025-01-30 18:32:51,713 INFO c.h.h.t.HelmChartContainer - [K3S] [scope.go:117] "RemoveContainer" containerID="76340b1d0ab0b134767b3c127484c8a3473032e3636419a6bab8020d0b4eac2a"
2025-01-30 18:32:51,714 INFO c.h.h.t.HelmChartContainer - [K3S] [scope.go:117] "RemoveContainer" containerID="8240700dfc7c6b4b0ec0b6b4ac2b4d2ce8b7b062102c4130a109fe93f21cf601"
2025-01-30 18:32:51,723 INFO c.h.h.t.HelmChartContainer - [K3S] [stateful_set.go:466] "StatefulSet has been deleted" key="helmmqttit/test-hivemq-platform"
2025-01-30 18:32:52,149 INFO c.h.h.t.HelmChartContainer - Namespace 'helmmqttit' deleted
2025-01-30 18:32:52,149 INFO c.h.h.t.HelmChartContainer - Release 'test-hivemq-platform' in namespace 'helmmqttit' is uninstalled
2025-01-30 18:32:52,149 INFO c.h.h.t.HelmChartContainer - Uninstalling release 'test-hivemq-platform-operator' in namespace 'helmmqttit-operator'...
2025-01-30 18:32:52,149 DEBUG c.h.h.t.HelmChartContainer - Executing helm command: /bin/helm --kubeconfig /etc/rancher/k3s/k3s.yaml uninstall test-hivemq-platform-operator  --wait --timeout 5m0s --cascade foreground --namespace helmmqttit-operator
2025-01-30 18:32:52,317 INFO c.h.h.t.HelmChartContainer - [K3S] [replica_set.go:679] "Finished syncing" kind="ReplicaSet" key="helmmqttit-operator/hivemq-test-hivemq-platform-operator-6966f96d65" duration="11.845298ms"
2025-01-30 18:32:52,317 INFO c.h.h.t.HelmChartContainer - [K3S] [replica_set.go:679] "Finished syncing" kind="ReplicaSet" key="helmmqttit-operator/hivemq-test-hivemq-platform-operator-6966f96d65" duration="58.84µs"
2025-01-30 18:32:52,332 INFO c.h.h.t.HelmChartContainer - [POD] hivemq-test-hivemq-platform-operator-6966f96d65-5ptmr [e4761a86-75fb-4eb0-854c-773a8ba74736] in helmmqttit-operator was MODIFIED
2025-01-30 18:32:52,341 INFO c.h.h.t.HelmChartContainer - [EVENT] Normal [Killing] Stopping container hivemq-platform-operator [helmmqttit-operator:hivemq-test-hivemq-platform-operator-6966f96d65-5ptmr]
2025-01-30 18:32:52,342 INFO c.h.h.t.HelmChartContainer - Received Killing event for container hivemq-platform-operator in pod hivemq-test-hivemq-platform-operator-6966f96d65-5ptmr [e4761a86-75fb-4eb0-854c-773a8ba74736]
2025-01-30 18:32:52,342 INFO c.h.h.t.HelmChartContainer - Container [hivemq-test-hivemq-platform-operator-6966f96d65-5ptmr] [hivemq-platform-operator] [e4761a86-75fb-4eb0-854c-773a8ba74736] was terminated
2025-01-30 18:32:52,342 INFO c.h.h.t.HelmChartContainer - Stopped log watcher for hivemq-platform-operator in pod hivemq-test-hivemq-platform-operator-6966f96d65-5ptmr [e4761a86-75fb-4eb0-854c-773a8ba74736]
2025-01-30 18:32:52,343 INFO c.h.h.t.HelmChartContainer - [K3S] [replica_set.go:679] "Finished syncing" kind="ReplicaSet" key="helmmqttit-operator/hivemq-test-hivemq-platform-operator-6966f96d65" duration="11.550141ms"
2025-01-30 18:32:52,343 INFO c.h.h.t.HelmChartContainer - [K3S] [replica_set.go:679] "Finished syncing" kind="ReplicaSet" key="helmmqttit-operator/hivemq-test-hivemq-platform-operator-6966f96d65" duration="29.545µs"
2025-01-30 18:32:52,374 INFO c.h.h.t.HelmChartContainer - [hivemq-test-hivemq-platform] [hivemq-platform-operator] [e4761a86] 18:32:52.373 [application-shutdown-thread] INFO  c.h.p.o.HiveMQPlatformOperatorApplication - HiveMQ Platform Operator is stopping...
2025-01-30 18:32:52,374 INFO c.h.h.t.HelmChartContainer - [hivemq-test-hivemq-platform] [hivemq-platform-operator] [e4761a86] 18:32:52.373 [application-shutdown-thread] INFO  i.javaoperatorsdk.operator.Operator - Operator SDK 4.9.7 is shutting down...
2025-01-30 18:32:52,987 INFO c.h.h.t.HelmChartContainer - [K3S] [replica_set.go:679] "Finished syncing" kind="ReplicaSet" key="helmmqttit-operator/hivemq-test-hivemq-platform-operator-6966f96d65" duration="42.259µs"
2025-01-30 18:32:52,988 INFO c.h.h.t.HelmChartContainer - [POD] hivemq-test-hivemq-platform-operator-6966f96d65-5ptmr [e4761a86-75fb-4eb0-854c-773a8ba74736] in helmmqttit-operator was MODIFIED
2025-01-30 18:32:53,021 INFO c.h.h.t.HelmChartContainer - [K3S] [reconciler_common.go:162] "operationExecutor.UnmountVolume started for volume \"kube-api-access-zghh9\" (UniqueName: \"kubernetes.io/projected/e4761a86-75fb-4eb0-854c-773a8ba74736-kube-api-access-zghh9\") pod \"e4761a86-75fb-4eb0-854c-773a8ba74736\" (UID: \"e4761a86-75fb-4eb0-854c-773a8ba74736\") "
2025-01-30 18:32:53,121 INFO c.h.h.t.HelmChartContainer - [K3S] [reconciler_common.go:299] "Volume detached for volume \"kube-api-access-zghh9\" (UniqueName: \"kubernetes.io/projected/e4761a86-75fb-4eb0-854c-773a8ba74736-kube-api-access-zghh9\") on node \"bad0b85700c6\" DevicePath \"\""
2025-01-30 18:32:53,139 INFO c.h.h.t.HelmChartContainer - [K3S] [kubelet_volumes.go:163] "Cleaned up orphaned pod volumes dir" podUID="d5c51875-9f3b-4415-b45d-b9273e60a292" path="/var/lib/kubelet/pods/d5c51875-9f3b-4415-b45d-b9273e60a292/volumes"
2025-01-30 18:32:53,605 INFO c.h.h.t.HelmChartContainer - [K3S] [scope.go:117] "RemoveContainer" containerID="7936a8520b756e7b7217e027116ddf4e55d74878ee8758a2116b8be7baadde17"
2025-01-30 18:32:53,608 INFO c.h.h.t.HelmChartContainer - [K3S] [scope.go:117] "RemoveContainer" containerID="7936a8520b756e7b7217e027116ddf4e55d74878ee8758a2116b8be7baadde17"
2025-01-30 18:32:53,614 INFO c.h.h.t.HelmChartContainer - [K3S] [replica_set.go:679] "Finished syncing" kind="ReplicaSet" key="helmmqttit-operator/hivemq-test-hivemq-platform-operator-6966f96d65" duration="43.962µs"
2025-01-30 18:32:53,617 INFO c.h.h.t.HelmChartContainer - [POD] hivemq-test-hivemq-platform-operator-6966f96d65-5ptmr [e4761a86-75fb-4eb0-854c-773a8ba74736] in helmmqttit-operator was MODIFIED
2025-01-30 18:32:53,618 INFO c.h.h.t.HelmChartContainer - [K3S] [replica_set.go:679] "Finished syncing" kind="ReplicaSet" key="helmmqttit-operator/hivemq-test-hivemq-platform-operator-6966f96d65" duration="35.887µs"
2025-01-30 18:32:53,619 INFO c.h.h.t.HelmChartContainer - [POD] hivemq-test-hivemq-platform-operator-6966f96d65-5ptmr [e4761a86-75fb-4eb0-854c-773a8ba74736] in helmmqttit-operator was DELETED
2025-01-30 18:32:53,628 INFO c.h.h.t.HelmChartContainer - [K3S] [replica_set.go:679] "Finished syncing" kind="ReplicaSet" key="helmmqttit-operator/hivemq-test-hivemq-platform-operator-6966f96d65" duration="6.051µs"
2025-01-30 18:32:54,356 INFO c.h.h.t.HelmChartContainer - Deleting namespace 'helmmqttit-operator'...
2025-01-30 18:32:55,138 INFO c.h.h.t.HelmChartContainer - [K3S] [kubelet_volumes.go:163] "Cleaned up orphaned pod volumes dir" podUID="e4761a86-75fb-4eb0-854c-773a8ba74736" path="/var/lib/kubelet/pods/e4761a86-75fb-4eb0-854c-773a8ba74736/volumes"
2025-01-30 18:32:55,532 INFO c.h.h.t.HelmChartContainer - [K3S] [INFO] COMPACT compactRev=0 targetCompactRev=2 currentRev=1254
2025-01-30 18:32:55,532 INFO c.h.h.t.HelmChartContainer - [K3S] [INFO] COMPACT deleted 0 rows from 2 revisions in 460.29µs - compacted to 2/1254
2025-01-30 18:32:55,532 INFO c.h.h.t.HelmChartContainer - [K3S] [INFO] COMPACT compacted from 0 to 2 in 1 transactions over 1ms
2025-01-30 18:32:57,110 INFO c.h.h.t.HelmChartContainer - [K3S] [namespace_controller.go:187] "Namespace has been deleted" namespace="helmmqttit"
2025-01-30 18:32:59,148 INFO c.h.h.t.HelmChartContainer - [K3S] [info.go:53] Couldn't collect info from any of the files in "/etc/machine-id,/var/lib/dbus/machine-id"
2025-01-30 18:32:59,573 INFO c.h.h.t.HelmChartContainer - Namespace 'helmmqttit-operator' deleted
2025-01-30 18:32:59,573 INFO c.h.h.t.HelmChartContainer - Release 'test-hivemq-platform-operator' in namespace 'helmmqttit-operator' is uninstalled
2025-01-30 18:33:00,148 INFO c.h.helmcharts.AbstractHelmChartIT - Removed unused containers:

2025-01-30 18:33:04,478 INFO c.h.h.t.HelmChartContainer - [K3S] [namespace_controller.go:187] "Namespace has been deleted" namespace="helmmqttit-operator"
2025-01-30 18:33:07,989 INFO c.h.helmcharts.AbstractHelmChartIT - Removed unused snapshots:
Removing snapshot sha256:03af251906410714c5aef9fa705b63f6bbc39c4a5e787de7361eeb18886c2ed2
Removing snapshot sha256:0c46b3b43cce082ce5ec34ffc6c294e0417d17b9d1e6f366d114b6aadc4f96dc
Removing snapshot sha256:0ce761beee59082d6ed5bcebd3a805b8ddd9b3426b617e4809e7fb7c6587ffec
Removing snapshot sha256:0df91287303208332c8ff6ba40ae4710105201739addbfbddfb955f1ad593664
Removing snapshot sha256:1021ef88c7974bfff89c5a0ec4fd3160daac6c48a075f74cff721f85dd104e68
Removing snapshot sha256:10aba4953ddc18145dd38e3704709bc464aa20af60b56fe52caaff4b68411e62
Removing snapshot sha256:2573e0d8158209ed54ab25c87bcdcb00bd3d2539246960a3d592a1c599d70465
Removing snapshot sha256:362a8a37f8bbc31925a8146adcf7cf51f9882f5c1dcbef67c5baa03a297543c0
Removing snapshot sha256:3fa4ad33f0ddc8fd45b39b6b4640f82a3a83619606cd975bfe89d8710ad2d4cd
Removing snapshot sha256:43a7c979bbaba6838bc3102d6b10a1459f3ab050b87ccdfef84ef90cf43d3058
Removing snapshot sha256:4ab04491cdf0d3267f08206fe30bd48f49f94b9cab2f016d6739220f722a64af
Removing snapshot sha256:4b6068250e89c96f263060261819c7d912855bfbd64b3eb4c4a8483299b8c295
Removing snapshot sha256:57f3eb95f971d7bc40368e9b7dc83376c215da5fbd14ec8fde3439512f60314d
Removing snapshot sha256:580e69a0a8034ede1921139bbd2bfb72a69ebf276d008281896c32dd8bf74775
Removing snapshot sha256:5d30ba46b27fe37484567ccc5242cadc78217b8da605f3f195ef25cbf7487904
Removing snapshot sha256:63ca1fbb43ae5034640e5e6cb3e083e05c290072c5366fcaa9d62435a4cced85
Removing snapshot sha256:67f702c6baae873bceb19487c8b1f27bd2b86077e4f2f0e480e6d60ab508b8f5
Removing snapshot sha256:6864348dd42806d552efdec384f1274be15e2d0c10ce44c1f04347af004c10a9
Removing snapshot sha256:6c7dee8f2c39b84b7dc2711c01d33de93514d9055499173e9290176fbe484b6c
Removing snapshot sha256:82753493a6d61ded36556292f02f31841a14c20d2f279f19eaad65afb661d5cd
Removing snapshot sha256:8a10d3db42c505ee0fcfa98417bdd7e39b304f6bcc0a06bb1b220797ff2cc63c
Removing snapshot sha256:985bea1c17df10c82165bc56cedb67e3f84c75a1e191d3fe9d7b13dc183fde7c
Removing snapshot sha256:a21e5b12dbac529ad45d976eb9ce45c881f3bedcc500fb30aba1e52aa1813418
Removing snapshot sha256:afaa4425ab5c00049e5afa2d123fced83e231a646da3d9612397da06b403c675
Removing snapshot sha256:b921e6c28969094157f9b8e7244677780319637afd14450b7cb6b2fdea558a0c
Removing snapshot sha256:bc27ecb5769a00e309cf99ebc763c4a4b958b618d1decc96ffac5bc05f02f5b7
Removing snapshot sha256:be3ccb6627a5332e309d45ef461d09b4879dd870c7394d89323d0ebc6ca6aa8a
Removing snapshot sha256:c261f7cbbc64211ee175ee47273acdb7b1a36a4450b397a064a8f2c026490095
Removing snapshot sha256:c34d9393647eea0c9e3557ab988efaf59f61d10a2a5613b439ef0958cca5ec10
Removing snapshot sha256:ccf3c4a0fa967a41c1c83497a2ce6fa5787965859df0adb32c4ca2cf7490bc2b
Removing snapshot sha256:cf92d33f869417309692088c341cd0f223c178ea78a125f757317b22aa8f90e9
Removing snapshot sha256:d0037344cf2fb078884f1849f6a1f8cf9a33a3b6139b6a85833e5ee528e1f9a8
Removing snapshot sha256:d3b36d5b79273b1e98e7700470eaeff05a882e777124d84cebcc1505b85ecb36
Removing snapshot sha256:d65a44a37914602d12c611e5e22a50f11451d847e63015cc1c2aef92dee777a4
Removing snapshot sha256:e2dc0bae2455930f23ae570e019b7f32edc75c0f2d71cab084db837ff9051796
Removing snapshot sha256:eccbd24a99c60cd9e86ee5305dbfc4a4dc89f5ab4fb1f06c8d64797cecedef34
Removing snapshot sha256:f144bb4c7c7f0d2aa7eeffd36d934ec40db1ee167be727e326aad9fdc616f475

]]></system-out>
  </testcase>
  <testcase name="platformChart_whenMqttAnnotationsEnabled_thenAnnotationsExist()" classname="com.hivemq.helmcharts.services.HelmMqttIT" time="100.257">
    <system-out><![CDATA[2025-01-30 18:33:07,991 INFO c.h.h.t.HelmChartContainer - Creating namespace 'helmmqttit-operator'...
2025-01-30 18:33:07,999 INFO c.h.h.t.HelmChartContainer - Namespace 'helmmqttit-operator' created
2025-01-30 18:33:07,999 INFO c.h.h.t.HelmChartContainer - Creating namespace 'helmmqttit'...
2025-01-30 18:33:08,014 INFO c.h.h.t.HelmChartContainer - Namespace 'helmmqttit' created
2025-01-30 18:33:08,102 DEBUG c.h.h.t.HelmChartContainer - Executing helm command: /bin/helm --kubeconfig /etc/rancher/k3s/k3s.yaml install test-hivemq-platform-operator /charts/hivemq-platform-operator --wait --timeout 5m0s --set image.repository=docker.io/hivemq --set image.name=hivemq-platform-operator-test --set image.initImageName=hivemq-platform-operator-init-test --set image.tag=snapshot --set image.pullPolicy=Never --set logLevel=DEBUG --set resources.cpu=512m --namespace helmmqttit-operator
2025-01-30 18:33:08,429 INFO c.h.h.t.HelmChartContainer - [K3S] [alloc.go:330] "allocated clusterIPs" service="helmmqttit-operator/hivemq-platform-operator-test-hivemq-platform-operator" clusterIPs={"IPv4":"10.43.15.41"}
2025-01-30 18:33:08,449 INFO c.h.h.t.HelmChartContainer - [EVENT] Normal [ScalingReplicaSet] Scaled up replica set hivemq-test-hivemq-platform-operator-6966f96d65 from 0 to 1 [helmmqttit-operator:hivemq-test-hivemq-platform-operator]
2025-01-30 18:33:08,453 INFO c.h.h.t.HelmChartContainer - [POD] hivemq-test-hivemq-platform-operator-6966f96d65-9dnjz [131f8cc1-f1f1-4d5f-8ba2-1e51ae03b81e] in helmmqttit-operator was ADDED
2025-01-30 18:33:08,460 INFO c.h.h.t.HelmChartContainer - [EVENT] Normal [SuccessfulCreate] Created pod: hivemq-test-hivemq-platform-operator-6966f96d65-9dnjz [helmmqttit-operator:hivemq-test-hivemq-platform-operator-6966f96d65]
2025-01-30 18:33:08,461 INFO c.h.h.t.HelmChartContainer - [K3S] [replica_set.go:679] "Finished syncing" kind="ReplicaSet" key="helmmqttit-operator/hivemq-test-hivemq-platform-operator-6966f96d65" duration="17.616631ms"
2025-01-30 18:33:08,463 INFO c.h.h.t.HelmChartContainer - [POD] hivemq-test-hivemq-platform-operator-6966f96d65-9dnjz [131f8cc1-f1f1-4d5f-8ba2-1e51ae03b81e] in helmmqttit-operator was MODIFIED
2025-01-30 18:33:08,464 INFO c.h.h.t.HelmChartContainer - [K3S] [memory_manager.go:355] "RemoveStaleState removing state" podUID="e4761a86-75fb-4eb0-854c-773a8ba74736" containerName="hivemq-platform-operator"
2025-01-30 18:33:08,464 INFO c.h.h.t.HelmChartContainer - [K3S] [memory_manager.go:355] "RemoveStaleState removing state" podUID="ad36a308-4ba9-4be8-9cce-0b3b0cf20f40" containerName="lb-tcp-1884"
2025-01-30 18:33:08,464 INFO c.h.h.t.HelmChartContainer - [K3S] [memory_manager.go:355] "RemoveStaleState removing state" podUID="d5c51875-9f3b-4415-b45d-b9273e60a292" containerName="hivemq"
2025-01-30 18:33:08,474 INFO c.h.h.t.HelmChartContainer - [EVENT] Normal [Scheduled] Successfully assigned helmmqttit-operator/hivemq-test-hivemq-platform-operator-6966f96d65-9dnjz to bad0b85700c6 [helmmqttit-operator:hivemq-test-hivemq-platform-operator-6966f96d65-9dnjz]
2025-01-30 18:33:08,478 INFO c.h.h.t.HelmChartContainer - [POD] hivemq-test-hivemq-platform-operator-6966f96d65-9dnjz [131f8cc1-f1f1-4d5f-8ba2-1e51ae03b81e] in helmmqttit-operator was MODIFIED
2025-01-30 18:33:08,487 INFO c.h.h.t.HelmChartContainer - [K3S] [replica_set.go:679] "Finished syncing" kind="ReplicaSet" key="helmmqttit-operator/hivemq-test-hivemq-platform-operator-6966f96d65" duration="25.26438ms"
2025-01-30 18:33:08,516 INFO c.h.h.t.HelmChartContainer - [K3S] [replica_set.go:679] "Finished syncing" kind="ReplicaSet" key="helmmqttit-operator/hivemq-test-hivemq-platform-operator-6966f96d65" duration="28.730401ms"
2025-01-30 18:33:08,516 INFO c.h.h.t.HelmChartContainer - [K3S] [replica_set.go:679] "Finished syncing" kind="ReplicaSet" key="helmmqttit-operator/hivemq-test-hivemq-platform-operator-6966f96d65" duration="64.301µs"
2025-01-30 18:33:08,517 INFO c.h.h.t.HelmChartContainer - [K3S] [reconciler_common.go:251] "operationExecutor.VerifyControllerAttachedVolume started for volume \"kube-api-access-t8rvb\" (UniqueName: \"kubernetes.io/projected/131f8cc1-f1f1-4d5f-8ba2-1e51ae03b81e-kube-api-access-t8rvb\") pod \"hivemq-test-hivemq-platform-operator-6966f96d65-9dnjz\" (UID: \"131f8cc1-f1f1-4d5f-8ba2-1e51ae03b81e\") " pod="helmmqttit-operator/hivemq-test-hivemq-platform-operator-6966f96d65-9dnjz"
2025-01-30 18:33:08,862 INFO c.h.h.t.HelmChartContainer - [EVENT] Normal [Pulled] Container image "docker.io/hivemq/hivemq-platform-operator-test:snapshot" already present on machine [helmmqttit-operator:hivemq-test-hivemq-platform-operator-6966f96d65-9dnjz]
2025-01-30 18:33:08,863 INFO c.h.h.t.HelmChartContainer - Received Pulled event for container hivemq-platform-operator in pod hivemq-test-hivemq-platform-operator-6966f96d65-9dnjz [131f8cc1-f1f1-4d5f-8ba2-1e51ae03b81e]
2025-01-30 18:33:10,106 INFO c.h.h.t.HelmChartContainer - [EVENT] Normal [Created] Created container: hivemq-platform-operator [helmmqttit-operator:hivemq-test-hivemq-platform-operator-6966f96d65-9dnjz]
2025-01-30 18:33:10,106 INFO c.h.h.t.HelmChartContainer - Received Created event for container hivemq-platform-operator in pod hivemq-test-hivemq-platform-operator-6966f96d65-9dnjz [131f8cc1-f1f1-4d5f-8ba2-1e51ae03b81e]
2025-01-30 18:33:10,641 INFO c.h.h.t.HelmChartContainer - [K3S] [replica_set.go:679] "Finished syncing" kind="ReplicaSet" key="helmmqttit-operator/hivemq-test-hivemq-platform-operator-6966f96d65" duration="40.325µs"
2025-01-30 18:33:10,644 INFO c.h.h.t.HelmChartContainer - [POD] hivemq-test-hivemq-platform-operator-6966f96d65-9dnjz [131f8cc1-f1f1-4d5f-8ba2-1e51ae03b81e] in helmmqttit-operator was MODIFIED
2025-01-30 18:33:10,654 INFO c.h.h.t.HelmChartContainer - Started log watcher for hivemq-platform-operator in pod hivemq-test-hivemq-platform-operator-6966f96d65-9dnjz [131f8cc1-f1f1-4d5f-8ba2-1e51ae03b81e]
2025-01-30 18:33:10,654 INFO c.h.h.t.HelmChartContainer - [EVENT] Normal [Started] Started container hivemq-platform-operator [helmmqttit-operator:hivemq-test-hivemq-platform-operator-6966f96d65-9dnjz]
2025-01-30 18:33:10,654 INFO c.h.h.t.HelmChartContainer - [hivemq-test-hivemq-platform] [hivemq-platform-operator] [131f8cc1] -------------------------------------------------------------------------
2025-01-30 18:33:10,654 INFO c.h.h.t.HelmChartContainer - Received Started event for container hivemq-platform-operator in pod hivemq-test-hivemq-platform-operator-6966f96d65-9dnjz [131f8cc1-f1f1-4d5f-8ba2-1e51ae03b81e]
2025-01-30 18:33:10,654 INFO c.h.h.t.HelmChartContainer - [hivemq-test-hivemq-platform] [hivemq-platform-operator] [131f8cc1] 
2025-01-30 18:33:10,654 INFO c.h.h.t.HelmChartContainer - [hivemq-test-hivemq-platform] [hivemq-platform-operator] [131f8cc1]                   _    _  _              __  __   ____
2025-01-30 18:33:10,654 INFO c.h.h.t.HelmChartContainer - [hivemq-test-hivemq-platform] [hivemq-platform-operator] [131f8cc1]                  | |  | |(_)            |  \/  | / __ \
2025-01-30 18:33:10,654 INFO c.h.h.t.HelmChartContainer - [hivemq-test-hivemq-platform] [hivemq-platform-operator] [131f8cc1]                  | |__| | _ __   __ ___ | \  / || |  | |
2025-01-30 18:33:10,654 INFO c.h.h.t.HelmChartContainer - [hivemq-test-hivemq-platform] [hivemq-platform-operator] [131f8cc1]                  |  __  || |\ \ / // _ \| |\/| || |  | |
2025-01-30 18:33:10,654 INFO c.h.h.t.HelmChartContainer - [hivemq-test-hivemq-platform] [hivemq-platform-operator] [131f8cc1]                  | |  | || | \ V /|  __/| |  | || |__| |
2025-01-30 18:33:10,654 INFO c.h.h.t.HelmChartContainer - [hivemq-test-hivemq-platform] [hivemq-platform-operator] [131f8cc1]                  |_|  |_||_|  \_/  \___||_|  |_| \___\_\
2025-01-30 18:33:10,654 INFO c.h.h.t.HelmChartContainer - [hivemq-test-hivemq-platform] [hivemq-platform-operator] [131f8cc1] 
2025-01-30 18:33:10,654 INFO c.h.h.t.HelmChartContainer - [hivemq-test-hivemq-platform] [hivemq-platform-operator] [131f8cc1] -------------------------------------------------------------------------
2025-01-30 18:33:10,654 INFO c.h.h.t.HelmChartContainer - [hivemq-test-hivemq-platform] [hivemq-platform-operator] [131f8cc1] 
2025-01-30 18:33:10,654 INFO c.h.h.t.HelmChartContainer - [hivemq-test-hivemq-platform] [hivemq-platform-operator] [131f8cc1]   HiveMQ Platform Operator Start Script v1.0
2025-01-30 18:33:10,654 INFO c.h.h.t.HelmChartContainer - [hivemq-test-hivemq-platform] [hivemq-platform-operator] [131f8cc1] 
2025-01-30 18:33:10,654 INFO c.h.h.t.HelmChartContainer - [hivemq-test-hivemq-platform] [hivemq-platform-operator] [131f8cc1] -------------------------------------------------------------------------
2025-01-30 18:33:10,654 INFO c.h.h.t.HelmChartContainer - [hivemq-test-hivemq-platform] [hivemq-platform-operator] [131f8cc1] 
2025-01-30 18:33:10,654 INFO c.h.h.t.HelmChartContainer - [hivemq-test-hivemq-platform] [hivemq-platform-operator] [131f8cc1]   JAVA_OPTS: -XX:+UnlockExperimentalVMOptions -XX:InitialRAMPercentage=75 -XX:MaxRAMPercentage=75 -Duser.language=en -Duser.region=US
2025-01-30 18:33:10,654 INFO c.h.h.t.HelmChartContainer - [hivemq-test-hivemq-platform] [hivemq-platform-operator] [131f8cc1] 
2025-01-30 18:33:10,654 INFO c.h.h.t.HelmChartContainer - [hivemq-test-hivemq-platform] [hivemq-platform-operator] [131f8cc1]   JAVA_VERSION: 21
2025-01-30 18:33:10,654 INFO c.h.h.t.HelmChartContainer - [hivemq-test-hivemq-platform] [hivemq-platform-operator] [131f8cc1] 
2025-01-30 18:33:10,654 INFO c.h.h.t.HelmChartContainer - [hivemq-test-hivemq-platform] [hivemq-platform-operator] [131f8cc1] -------------------------------------------------------------------------
2025-01-30 18:33:10,654 INFO c.h.h.t.HelmChartContainer - [hivemq-test-hivemq-platform] [hivemq-platform-operator] [131f8cc1] 
2025-01-30 18:33:13,488 INFO c.h.h.t.HelmChartContainer - [hivemq-test-hivemq-platform] [hivemq-platform-operator] [131f8cc1] 18:33:13.405 [main] DEBUG org.jboss.logging - Logging Provider: org.jboss.logging.Slf4jLoggerProvider
2025-01-30 18:33:13,514 INFO c.h.h.t.HelmChartContainer - [hivemq-test-hivemq-platform] [hivemq-platform-operator] [131f8cc1] 18:33:13.513 [main] DEBUG io.smallrye.config - SRCFG01006: Loaded ConfigSource SysPropConfigSource with ordinal 400
2025-01-30 18:33:13,589 INFO c.h.h.t.HelmChartContainer - [hivemq-test-hivemq-platform] [hivemq-platform-operator] [131f8cc1] 18:33:13.587 [main] DEBUG io.smallrye.config - SRCFG01006: Loaded ConfigSource EnvConfigSource with ordinal 300
2025-01-30 18:33:13,589 INFO c.h.h.t.HelmChartContainer - [hivemq-test-hivemq-platform] [hivemq-platform-operator] [131f8cc1] 18:33:13.587 [main] DEBUG io.smallrye.config - SRCFG01006: Loaded ConfigSource PropertiesConfigSource[source=jar:file:///opt/hivemq-platform-operator/bin/hivemq-platform-operator.jar!/hivemq-platform-operator.properties] with ordinal 100
2025-01-30 18:33:13,589 INFO c.h.h.t.HelmChartContainer - [hivemq-test-hivemq-platform] [hivemq-platform-operator] [131f8cc1] 18:33:13.587 [main] DEBUG io.smallrye.config - SRCFG01006: Loaded ConfigSource DefaultValuesConfigSource with ordinal -2147483648
2025-01-30 18:33:13,620 INFO c.h.h.t.HelmChartContainer - [hivemq-test-hivemq-platform] [hivemq-platform-operator] [131f8cc1] 18:33:13.619 [main] DEBUG i.m.c.u.i.l.InternalLoggerFactory - Using SLF4J as the default logging framework
2025-01-30 18:33:13,797 INFO c.h.h.t.HelmChartContainer - [hivemq-test-hivemq-platform] [hivemq-platform-operator] [131f8cc1] 18:33:13.790 [main] INFO  c.h.p.o.HiveMQPlatformOperatorApplication - HiveMQ Platform Operator 1.7.0-SNAPSHOT (commit: 47e3375 on branch: HEAD) built on Thu Jan 30 03:55:50 UTC 2025
2025-01-30 18:33:13,797 INFO c.h.h.t.HelmChartContainer - [hivemq-test-hivemq-platform] [hivemq-platform-operator] [131f8cc1] 18:33:13.796 [main] INFO  c.h.p.o.HiveMQPlatformOperatorApplication - HiveMQ Platform Operator is running in namespace: helmmqttit-operator
2025-01-30 18:33:13,797 INFO c.h.h.t.HelmChartContainer - [hivemq-test-hivemq-platform] [hivemq-platform-operator] [131f8cc1] 18:33:13.796 [main] INFO  c.h.p.o.HiveMQPlatformOperatorApplication - Watching all namespaces
2025-01-30 18:33:13,797 INFO c.h.h.t.HelmChartContainer - [hivemq-test-hivemq-platform] [hivemq-platform-operator] [131f8cc1] 18:33:13.796 [main] INFO  c.h.p.o.HiveMQPlatformOperatorApplication - Log level: DEBUG
2025-01-30 18:33:13,797 INFO c.h.h.t.HelmChartContainer - [hivemq-test-hivemq-platform] [hivemq-platform-operator] [131f8cc1] 18:33:13.796 [main] INFO  c.h.p.o.HiveMQPlatformOperatorApplication - Release name: test-hivemq-platform-operator
2025-01-30 18:33:13,797 INFO c.h.h.t.HelmChartContainer - [hivemq-test-hivemq-platform] [hivemq-platform-operator] [131f8cc1] 18:33:13.796 [main] INFO  c.h.p.o.HiveMQPlatformOperatorApplication - HiveMQ Platform Operator Init image: docker.io/hivemq/hivemq-platform-operator-init-test:snapshot
2025-01-30 18:33:13,797 INFO c.h.h.t.HelmChartContainer - [hivemq-test-hivemq-platform] [hivemq-platform-operator] [131f8cc1] 18:33:13.796 [main] INFO  c.h.p.o.HiveMQPlatformOperatorApplication - HiveMQ Platform Operator Init App update URL: http://hivemq-platform-operator-test-hivemq-platform-operator.helmmqttit-operator.svc:8080/initAppUpdate/hivemq-platform-operator-init-app-1.7.0-SNAPSHOT.jar
2025-01-30 18:33:13,797 INFO c.h.h.t.HelmChartContainer - [hivemq-test-hivemq-platform] [hivemq-platform-operator] [131f8cc1] 18:33:13.796 [main] INFO  c.h.p.o.HiveMQPlatformOperatorApplication - Additional imagePullSecret for all Platform deployments: none
2025-01-30 18:33:13,797 INFO c.h.h.t.HelmChartContainer - [hivemq-test-hivemq-platform] [hivemq-platform-operator] [131f8cc1] 18:33:13.796 [main] INFO  c.h.p.o.HiveMQPlatformOperatorApplication - Apply HiveMQ Platform CRD: true
2025-01-30 18:33:13,797 INFO c.h.h.t.HelmChartContainer - [hivemq-test-hivemq-platform] [hivemq-platform-operator] [131f8cc1] 18:33:13.796 [main] INFO  c.h.p.o.HiveMQPlatformOperatorApplication - Create Platform ServiceAccount: true
2025-01-30 18:33:13,798 INFO c.h.h.t.HelmChartContainer - [hivemq-test-hivemq-platform] [hivemq-platform-operator] [131f8cc1] 18:33:13.796 [main] INFO  c.h.p.o.HiveMQPlatformOperatorApplication - Create Platform ServiceAccount permissions: true
2025-01-30 18:33:13,798 INFO c.h.h.t.HelmChartContainer - [hivemq-test-hivemq-platform] [hivemq-platform-operator] [131f8cc1] 18:33:13.796 [main] INFO  c.h.p.o.HiveMQPlatformOperatorApplication - Validate Platform ServiceAccount: true
2025-01-30 18:33:13,798 INFO c.h.h.t.HelmChartContainer - [hivemq-test-hivemq-platform] [hivemq-platform-operator] [131f8cc1] 18:33:13.796 [main] INFO  c.h.p.o.HiveMQPlatformOperatorApplication - Validate Platform ServiceAccount permissions: true
2025-01-30 18:33:13,916 INFO c.h.h.t.HelmChartContainer - [hivemq-test-hivemq-platform] [hivemq-platform-operator] [131f8cc1] 18:33:13.915 [main] INFO  c.h.platform.operator.util.CRDUtil - Verifying deployed HiveMQ Platform CRD...
2025-01-30 18:33:16,292 INFO c.h.h.t.HelmChartContainer - [hivemq-test-hivemq-platform] [hivemq-platform-operator] [131f8cc1] 18:33:16.291 [main] DEBUG c.h.platform.operator.util.CRDUtil - HiveMQ Platform CRD version v1 is up to date
2025-01-30 18:33:16,292 INFO c.h.h.t.HelmChartContainer - [hivemq-test-hivemq-platform] [hivemq-platform-operator] [131f8cc1] 18:33:16.291 [main] INFO  c.h.platform.operator.util.CRDUtil - HiveMQ Platform CRD is up to date (version: V1_6_0)
2025-01-30 18:33:16,293 INFO c.h.h.t.HelmChartContainer - [hivemq-test-hivemq-platform] [hivemq-platform-operator] [131f8cc1] 18:33:16.291 [main] INFO  c.h.platform.operator.util.CRDUtil - Waiting 10000 ms for HiveMQ Platform CRD 'hivemq-platforms.hivemq.com' to become ready...
2025-01-30 18:33:16,602 INFO c.h.h.t.HelmChartContainer - [hivemq-test-hivemq-platform] [hivemq-platform-operator] [131f8cc1] 18:33:16.601 [vert.x-eventloop-thread-1] DEBUG c.h.platform.operator.util.CRDUtil - Checking CRD condition 'NamesAccepted' (status: 'True')
2025-01-30 18:33:16,603 INFO c.h.h.t.HelmChartContainer - [hivemq-test-hivemq-platform] [hivemq-platform-operator] [131f8cc1] 18:33:16.602 [vert.x-eventloop-thread-1] DEBUG c.h.platform.operator.util.CRDUtil - Checking CRD condition 'Established' (status: 'True')
2025-01-30 18:33:16,682 INFO c.h.h.t.HelmChartContainer - [hivemq-test-hivemq-platform] [hivemq-platform-operator] [131f8cc1] 18:33:16.681 [main] INFO  c.h.platform.operator.util.CRDUtil - HiveMQ Platform CRD 'hivemq-platforms.hivemq.com' is ready
2025-01-30 18:33:16,808 INFO c.h.h.t.HelmChartContainer - [hivemq-test-hivemq-platform] [hivemq-platform-operator] [131f8cc1] 18:33:16.807 [main] INFO  c.h.p.o.HiveMQPlatformReconciler - HiveMQ Platform Operator is starting...
2025-01-30 18:33:16,989 INFO c.h.h.t.HelmChartContainer - [hivemq-test-hivemq-platform] [hivemq-platform-operator] [131f8cc1] 18:33:16.987 [main] WARN  Default ConfigurationService implementation - Configuration for reconciler 'hivemq-controller' was not found. Known reconcilers: None.
2025-01-30 18:33:16,995 INFO c.h.h.t.HelmChartContainer - [hivemq-test-hivemq-platform] [hivemq-platform-operator] [131f8cc1] 18:33:16.994 [main] INFO  Default ConfigurationService implementation - Created configuration for reconciler com.hivemq.platform.operator.HiveMQPlatformReconciler with name hivemq-controller
2025-01-30 18:33:17,095 INFO c.h.h.t.HelmChartContainer - [hivemq-test-hivemq-platform] [hivemq-platform-operator] [131f8cc1] 18:33:17.094 [main] DEBUG c.h.p.o.HiveMQPlatformReconciler - HiveMQ Platform Operator is preparing EventSources
2025-01-30 18:33:17,107 INFO c.h.h.t.HelmChartContainer - [hivemq-test-hivemq-platform] [hivemq-platform-operator] [131f8cc1] 18:33:17.106 [main] INFO  i.javaoperatorsdk.operator.Operator - Registered reconciler: 'hivemq-controller' for resource: 'class com.hivemq.platform.operator.v1.HiveMQPlatform' for namespace(s): [all namespaces]
2025-01-30 18:33:17,695 INFO c.h.h.t.HelmChartContainer - [hivemq-test-hivemq-platform] [hivemq-platform-operator] [131f8cc1] 18:33:17.694 [main] INFO  c.h.p.operator.webserver.JettyServer - Starting Jetty server on port 8080
2025-01-30 18:33:17,794 INFO c.h.h.t.HelmChartContainer - [hivemq-test-hivemq-platform] [hivemq-platform-operator] [131f8cc1] 18:33:17.792 [main] INFO  i.javaoperatorsdk.operator.Operator - Operator SDK 4.9.7 (commit: 2133d28) built on Wed Nov 20 12:56:20 UTC 2024 starting...
2025-01-30 18:33:17,794 INFO c.h.h.t.HelmChartContainer - [hivemq-test-hivemq-platform] [hivemq-platform-operator] [131f8cc1] 18:33:17.793 [main] INFO  i.javaoperatorsdk.operator.Operator - Client version: 6.13.5
2025-01-30 18:33:17,795 INFO c.h.h.t.HelmChartContainer - [hivemq-test-hivemq-platform] [hivemq-platform-operator] [131f8cc1] 18:33:17.794 [Controller Starter for: hivemq-controller] INFO  i.j.operator.processing.Controller - Starting 'hivemq-controller' controller for reconciler: com.hivemq.platform.operator.HiveMQPlatformReconciler, resource: com.hivemq.platform.operator.v1.HiveMQPlatform
2025-01-30 18:33:20,194 INFO c.h.h.t.HelmChartContainer - [hivemq-test-hivemq-platform] [hivemq-platform-operator] [131f8cc1] 18:33:20.193 [Controller Starter for: hivemq-controller] INFO  i.j.operator.processing.Controller - 'hivemq-controller' controller started
2025-01-30 18:33:20,194 INFO c.h.h.t.HelmChartContainer - [hivemq-test-hivemq-platform] [hivemq-platform-operator] [131f8cc1] 18:33:20.193 [main] INFO  c.h.p.o.HiveMQPlatformOperatorApplication - HiveMQ Platform Operator 1.7.0-SNAPSHOT started in 6403 ms
2025-01-30 18:33:21,653 INFO c.h.h.t.HelmChartContainer - [POD] hivemq-test-hivemq-platform-operator-6966f96d65-9dnjz [131f8cc1-f1f1-4d5f-8ba2-1e51ae03b81e] in helmmqttit-operator was MODIFIED
2025-01-30 18:33:21,659 INFO c.h.h.t.HelmChartContainer - [K3S] [replica_set.go:679] "Finished syncing" kind="ReplicaSet" key="helmmqttit-operator/hivemq-test-hivemq-platform-operator-6966f96d65" duration="12.370266ms"
2025-01-30 18:33:21,659 INFO c.h.h.t.HelmChartContainer - [K3S] [replica_set.go:679] "Finished syncing" kind="ReplicaSet" key="helmmqttit-operator/hivemq-test-hivemq-platform-operator-6966f96d65" duration="33.673µs"
2025-01-30 18:33:22,565 DEBUG c.h.h.t.HelmChartContainer - Executing helm command: /bin/helm --kubeconfig /etc/rancher/k3s/k3s.yaml install test-hivemq-platform /charts/hivemq-platform --wait --timeout 5m0s --set image.repository=docker.io/hivemq --set image.tag=4.36.0 --set image.pullPolicy=Never --set nodes.resources.cpu=512m -f /files/mqtt-annotations-values.yaml --namespace helmmqttit
2025-01-30 18:33:22,799 INFO c.h.h.t.HelmChartContainer - [hivemq-test-hivemq-platform] [hivemq-platform-operator] [131f8cc1] 18:33:22.797 [-2082509879-pool-1-thread-1] WARN  i.m.p.PrometheusMeterRegistry - The meter (MeterId{name='operator.sdk.events.received', tags=[tag(action=ADDED),tag(event=ResourceEvent),tag(group=hivemq.com),tag(kind=HiveMQPlatform),tag(name=test-hivemq-platform),tag(namespace=helmmqttit),tag(scope=namespace),tag(version=v1)]}) registration has failed: Prometheus requires that all meters with the same name have the same set of tag keys. There is already an existing meter named 'operator.sdk.events.received' containing tag keys [event, group, kind, name, namespace, scope, version]. The meter you are attempting to register has keys [action, event, group, kind, name, namespace, scope, version]. Note that subsequent logs will be logged at debug level.
2025-01-30 18:33:23,294 INFO c.h.h.t.HelmChartContainer - [hivemq-test-hivemq-platform] [hivemq-platform-operator] [131f8cc1] 18:33:23.293 [pool-6-thread-3] DEBUG c.h.p.o.dependants.PodInfoConfigMap - [helmmqtt] Desired PodInfo ConfigMap (1 extensions) (1 enabled)
2025-01-30 18:33:23,294 INFO c.h.h.t.HelmChartContainer - [hivemq-test-hivemq-platform] [hivemq-platform-operator] [131f8cc1] 18:33:23.294 [pool-6-thread-3] DEBUG c.h.p.o.dependants.PodInfoConfigMap - [helmmqtt] Desired PodInfo ConfigMap (metrics port: 9399) (metrics path: /)
2025-01-30 18:33:23,295 INFO c.h.h.t.HelmChartContainer - [hivemq-test-hivemq-platform] [hivemq-platform-operator] [131f8cc1] 18:33:23.294 [pool-6-thread-3] DEBUG c.h.p.o.dependants.PodInfoConfigMap - [helmmqtt] Desired PodInfo ConfigMap (extension state hash: -1817474005)
2025-01-30 18:33:23,298 INFO c.h.h.t.HelmChartContainer - [hivemq-test-hivemq-platform] [hivemq-platform-operator] [131f8cc1] 18:33:23.297 [pool-6-thread-3] DEBUG c.h.p.o.dependants.PodInfoConfigMap - [helmmqtt] Create PodInfo ConfigMap
2025-01-30 18:33:23,402 INFO c.h.h.t.HelmChartContainer - [hivemq-test-hivemq-platform] [hivemq-platform-operator] [131f8cc1] 18:33:23.398 [pool-6-thread-5] DEBUG c.h.p.o.dependants.PodRoleResource - [helmmqtt] Create Role: Role(apiVersion=rbac.authorization.k8s.io/v1, kind=Role, metadata=ObjectMeta(annotations={meta.helm.sh/release-name=test-hivemq-platform, meta.helm.sh/release-namespace=helmmqttit}, creationTimestamp=null, deletionGracePeriodSeconds=null, deletionTimestamp=null, finalizers=[], generateName=null, generation=null, labels={helm.sh/chart=hivemq-platform-0.2.32, app.kubernetes.io/managed-by=Helm, app.kubernetes.io/name=hivemq-platform, hivemq-platform=test-hivemq-platform, app.kubernetes.io/instance=test-hivemq-platform, app.kubernetes.io/version=4.36.0}, managedFields=[], name=hivemq-platform-role-test-hivemq-platform, namespace=helmmqttit, ownerReferences=[OwnerReference(apiVersion=hivemq.com/v1, blockOwnerDeletion=null, controller=null, kind=HiveMQPlatform, name=test-hivemq-platform, uid=c22b8df5-a6ad-4f6b-b0f7-ed9b3bbc37d6, additionalProperties={})], resourceVersion=null, selfLink=null, uid=null, additionalProperties={}), rules=[PolicyRule(apiGroups=[], nonResourceURLs=[], resourceNames=[], resources=[pods], verbs=[get, patch, update], additionalProperties={})], additionalProperties={})
2025-01-30 18:33:23,591 INFO c.h.h.t.HelmChartContainer - [hivemq-test-hivemq-platform] [hivemq-platform-operator] [131f8cc1] 18:33:23.589 [pool-6-thread-7] DEBUG c.h.p.o.d.PodServiceAccountResource - [helmmqtt] Desired PodServiceAccountResource (serviceAccountName: hivemq-platform-pod-test-hivemq-platform)
2025-01-30 18:33:23,592 INFO c.h.h.t.HelmChartContainer - [hivemq-test-hivemq-platform] [hivemq-platform-operator] [131f8cc1] 18:33:23.591 [pool-6-thread-7] DEBUG c.h.p.o.d.PodServiceAccountResource - [helmmqtt] Create ServiceAccount 'hivemq-platform-pod-test-hivemq-platform'
2025-01-30 18:33:23,701 INFO c.h.h.t.HelmChartContainer - [hivemq-test-hivemq-platform] [hivemq-platform-operator] [131f8cc1] 18:33:23.700 [pool-6-thread-10] DEBUG c.h.p.o.d.PodRoleBindingResource - [helmmqtt] Create RoleBinding: RoleBinding(apiVersion=rbac.authorization.k8s.io/v1, kind=RoleBinding, metadata=ObjectMeta(annotations={meta.helm.sh/release-name=test-hivemq-platform, meta.helm.sh/release-namespace=helmmqttit}, creationTimestamp=null, deletionGracePeriodSeconds=null, deletionTimestamp=null, finalizers=[], generateName=null, generation=null, labels={helm.sh/chart=hivemq-platform-0.2.32, app.kubernetes.io/managed-by=Helm, app.kubernetes.io/name=hivemq-platform, hivemq-platform=test-hivemq-platform, app.kubernetes.io/instance=test-hivemq-platform, app.kubernetes.io/version=4.36.0}, managedFields=[], name=hivemq-platform-role-binding-test-hivemq-platform, namespace=helmmqttit, ownerReferences=[OwnerReference(apiVersion=hivemq.com/v1, blockOwnerDeletion=null, controller=null, kind=HiveMQPlatform, name=test-hivemq-platform, uid=c22b8df5-a6ad-4f6b-b0f7-ed9b3bbc37d6, additionalProperties={})], resourceVersion=null, selfLink=null, uid=null, additionalProperties={}), roleRef=RoleRef(apiGroup=rbac.authorization.k8s.io, kind=Role, name=hivemq-platform-role-test-hivemq-platform, additionalProperties={}), subjects=[Subject(apiGroup=null, kind=ServiceAccount, name=hivemq-platform-pod-test-hivemq-platform, namespace=helmmqttit, additionalProperties={})], additionalProperties={})
2025-01-30 18:33:23,797 INFO c.h.h.t.HelmChartContainer - [hivemq-test-hivemq-platform] [hivemq-platform-operator] [131f8cc1] 18:33:23.796 [ReconcilerExecutor-hivemq-controller-54] INFO  c.h.p.o.HiveMQPlatformReconciler - [helmmqtt] Reconciling HiveMQ Platform 'test-hivemq-platform' in namespace 'helmmqttit'
2025-01-30 18:33:23,798 INFO c.h.h.t.HelmChartContainer - [hivemq-test-hivemq-platform] [hivemq-platform-operator] [131f8cc1] 18:33:23.797 [ReconcilerExecutor-hivemq-controller-54] DEBUG c.h.p.o.HiveMQPlatformReconciler - [helmmqtt] Custom Resource Status CREATED - HiveMQ Platform was created (READY)
2025-01-30 18:33:23,798 INFO c.h.h.t.HelmChartContainer - [hivemq-test-hivemq-platform] [hivemq-platform-operator] [131f8cc1] 18:33:23.797 [ReconcilerExecutor-hivemq-controller-54] DEBUG c.h.p.o.HiveMQPlatformReconciler - [helmmqtt] Custom Resource Spec (replicas: 1) (extensions: 1)
2025-01-30 18:33:23,801 INFO c.h.h.t.HelmChartContainer - [hivemq-test-hivemq-platform] [hivemq-platform-operator] [131f8cc1] 18:33:23.800 [ReconcilerExecutor-hivemq-controller-54] INFO  c.h.p.o.h.HiveMQPlatformReconcilerBaseHandler - [helmmqtt] HiveMQ Platform is starting
2025-01-30 18:33:23,903 INFO c.h.h.t.HelmChartContainer - [hivemq-test-hivemq-platform] [hivemq-platform-operator] [131f8cc1] 18:33:23.902 [ReconcilerExecutor-hivemq-controller-54] DEBUG c.h.p.operator.event.EventSender - [helmmqtt] Creating K8s event hivemq-platform-starting: [Start] HiveMQ Platform is starting
2025-01-30 18:33:23,987 INFO c.h.h.t.HelmChartContainer - [EVENT] Normal [Start] HiveMQ Platform is starting [helmmqttit:test-hivemq-platform]
2025-01-30 18:33:23,993 INFO c.h.h.t.HelmChartContainer - [hivemq-test-hivemq-platform] [hivemq-platform-operator] [131f8cc1] 18:33:23.992 [ReconcilerExecutor-hivemq-controller-54] INFO  c.h.p.o.h.AbstractHiveMQReconcilerStateHandler - [helmmqtt] Update HiveMQ Platform Status (CREATED [READY] -> STARTING [READY]): HiveMQ Platform is starting
2025-01-30 18:33:24,007 DEBUG com.hivemq.helmcharts.util.K8sUtil - Comparing actual state 'STARTING' and waiting for 'RUNNING'
2025-01-30 18:33:34,098 INFO c.h.h.t.HelmChartContainer - [hivemq-test-hivemq-platform] [hivemq-platform-operator] [131f8cc1] 18:33:34.096 [pool-6-thread-12] DEBUG c.h.p.o.d.PlatformServiceResource - [helmmqtt] Desired Platform services (2 services)
2025-01-30 18:33:34,100 INFO c.h.h.t.HelmChartContainer - [hivemq-test-hivemq-platform] [hivemq-platform-operator] [131f8cc1] 18:33:34.099 [pool-6-thread-13] DEBUG c.h.p.o.dependants.PodInfoConfigMap - [helmmqtt] Desired PodInfo ConfigMap (1 extensions) (1 enabled)
2025-01-30 18:33:34,100 INFO c.h.h.t.HelmChartContainer - [hivemq-test-hivemq-platform] [hivemq-platform-operator] [131f8cc1] 18:33:34.099 [pool-6-thread-13] DEBUG c.h.p.o.dependants.PodInfoConfigMap - [helmmqtt] Desired PodInfo ConfigMap (metrics port: 9399) (metrics path: /)
2025-01-30 18:33:34,100 INFO c.h.h.t.HelmChartContainer - [hivemq-test-hivemq-platform] [hivemq-platform-operator] [131f8cc1] 18:33:34.099 [pool-6-thread-13] DEBUG c.h.p.o.dependants.PodInfoConfigMap - [helmmqtt] Desired PodInfo ConfigMap (extension state hash: -1817474005)
2025-01-30 18:33:34,105 INFO c.h.h.t.HelmChartContainer - [hivemq-test-hivemq-platform] [hivemq-platform-operator] [131f8cc1] 18:33:34.104 [pool-6-thread-13] DEBUG c.h.p.o.dependants.PodInfoConfigMap - [helmmqtt] Update PodInfo ConfigMap
2025-01-30 18:33:34,106 INFO c.h.h.t.HelmChartContainer - [hivemq-test-hivemq-platform] [hivemq-platform-operator] [131f8cc1] 18:33:34.105 [pool-6-thread-17] DEBUG c.h.p.o.d.PodServiceAccountResource - [helmmqtt] Desired PodServiceAccountResource (serviceAccountName: hivemq-platform-pod-test-hivemq-platform)
2025-01-30 18:33:34,114 INFO c.h.h.t.HelmChartContainer - [K3S] [alloc.go:330] "allocated clusterIPs" service="helmmqttit/hivemq-test-hivemq-platform-metrics-9399" clusterIPs={"IPv4":"10.43.195.230"}
2025-01-30 18:33:34,204 INFO c.h.h.t.HelmChartContainer - [K3S] [alloc.go:330] "allocated clusterIPs" service="helmmqttit/hivemq-test-hivemq-platform-mqtt-1884" clusterIPs={"IPv4":"10.43.233.91"}
2025-01-30 18:33:34,290 INFO c.h.h.t.HelmChartContainer - [hivemq-test-hivemq-platform] [hivemq-platform-operator] [131f8cc1] 18:33:34.288 [pool-6-thread-20] DEBUG c.h.p.o.d.StatefulSetResource - [helmmqtt] Desired StatefulSet (1 replicas) for status STARTING (READY)
2025-01-30 18:33:34,305 INFO c.h.h.t.HelmChartContainer - [hivemq-test-hivemq-platform] [hivemq-platform-operator] [131f8cc1] 18:33:34.302 [pool-6-thread-20] DEBUG c.h.p.o.d.StatefulSetResource - [helmmqtt] Create StatefulSet
2025-01-30 18:33:34,410 INFO c.h.h.t.HelmChartContainer - [POD] test-hivemq-platform-0 [f31c5d04-94fe-4170-8497-cf31e0fd5994] in helmmqttit was ADDED
2025-01-30 18:33:34,411 INFO c.h.h.t.HelmChartContainer - [hivemq-test-hivemq-platform] [hivemq-platform-operator] [131f8cc1] 18:33:34.407 [ReconcilerExecutor-hivemq-controller-65] INFO  c.h.p.o.HiveMQPlatformReconciler - [helmmqtt] Reconciling HiveMQ Platform 'test-hivemq-platform' in namespace 'helmmqttit'
2025-01-30 18:33:34,411 INFO c.h.h.t.HelmChartContainer - [hivemq-test-hivemq-platform] [hivemq-platform-operator] [131f8cc1] 18:33:34.407 [ReconcilerExecutor-hivemq-controller-65] DEBUG c.h.p.o.HiveMQPlatformReconciler - [helmmqtt] Custom Resource Status STARTING - HiveMQ Platform is starting (READY)
2025-01-30 18:33:34,411 INFO c.h.h.t.HelmChartContainer - [hivemq-test-hivemq-platform] [hivemq-platform-operator] [131f8cc1] 18:33:34.407 [ReconcilerExecutor-hivemq-controller-65] DEBUG c.h.p.o.HiveMQPlatformReconciler - [helmmqtt] Custom Resource Spec (replicas: 1) (extensions: 1)
2025-01-30 18:33:34,413 INFO c.h.h.t.HelmChartContainer - [EVENT] Normal [SuccessfulCreate] create Pod test-hivemq-platform-0 in StatefulSet test-hivemq-platform successful [helmmqttit:test-hivemq-platform]
2025-01-30 18:33:34,418 INFO c.h.h.t.HelmChartContainer - [EVENT] Normal [Scheduled] Successfully assigned helmmqttit/test-hivemq-platform-0 to bad0b85700c6 [helmmqttit:test-hivemq-platform-0]
2025-01-30 18:33:34,418 INFO c.h.h.t.HelmChartContainer - [POD] test-hivemq-platform-0 [f31c5d04-94fe-4170-8497-cf31e0fd5994] in helmmqttit was MODIFIED
2025-01-30 18:33:34,427 INFO c.h.h.t.HelmChartContainer - [POD] test-hivemq-platform-0 [f31c5d04-94fe-4170-8497-cf31e0fd5994] in helmmqttit was MODIFIED
2025-01-30 18:33:34,462 INFO c.h.h.t.HelmChartContainer - [K3S] [reconciler_common.go:251] "operationExecutor.VerifyControllerAttachedVolume started for volume \"kube-api-access-cb5nj\" (UniqueName: \"kubernetes.io/projected/f31c5d04-94fe-4170-8497-cf31e0fd5994-kube-api-access-cb5nj\") pod \"test-hivemq-platform-0\" (UID: \"f31c5d04-94fe-4170-8497-cf31e0fd5994\") " pod="helmmqttit/test-hivemq-platform-0"
2025-01-30 18:33:34,462 INFO c.h.h.t.HelmChartContainer - [K3S] [reconciler_common.go:251] "operationExecutor.VerifyControllerAttachedVolume started for volume \"broker-configuration\" (UniqueName: \"kubernetes.io/configmap/f31c5d04-94fe-4170-8497-cf31e0fd5994-broker-configuration\") pod \"test-hivemq-platform-0\" (UID: \"f31c5d04-94fe-4170-8497-cf31e0fd5994\") " pod="helmmqttit/test-hivemq-platform-0"
2025-01-30 18:33:34,462 INFO c.h.h.t.HelmChartContainer - [K3S] [reconciler_common.go:251] "operationExecutor.VerifyControllerAttachedVolume started for volume \"operator-init\" (UniqueName: \"kubernetes.io/empty-dir/f31c5d04-94fe-4170-8497-cf31e0fd5994-operator-init\") pod \"test-hivemq-platform-0\" (UID: \"f31c5d04-94fe-4170-8497-cf31e0fd5994\") " pod="helmmqttit/test-hivemq-platform-0"
2025-01-30 18:33:34,462 INFO c.h.h.t.HelmChartContainer - [K3S] [reconciler_common.go:251] "operationExecutor.VerifyControllerAttachedVolume started for volume \"pod-info\" (UniqueName: \"kubernetes.io/configmap/f31c5d04-94fe-4170-8497-cf31e0fd5994-pod-info\") pod \"test-hivemq-platform-0\" (UID: \"f31c5d04-94fe-4170-8497-cf31e0fd5994\") " pod="helmmqttit/test-hivemq-platform-0"
2025-01-30 18:33:34,493 INFO c.h.h.t.HelmChartContainer - [hivemq-test-hivemq-platform] [hivemq-platform-operator] [131f8cc1] 18:33:34.490 [ReconcilerExecutor-hivemq-controller-65] DEBUG c.h.p.o.HiveMQPlatformReconciler - [helmmqtt] StatefulSet Status (revision: null, replicas: 0, available: 0, ready: 0, current: 0, updated: 0)
2025-01-30 18:33:34,494 INFO c.h.h.t.HelmChartContainer - [hivemq-test-hivemq-platform] [hivemq-platform-operator] [131f8cc1] 18:33:34.490 [ReconcilerExecutor-hivemq-controller-65] DEBUG c.h.p.o.HiveMQPlatformReconciler - [helmmqtt] StatefulSet Spec (replicas: 1, init containers: 1, containers: 1, volumes: 3)
2025-01-30 18:33:34,591 INFO c.h.h.t.HelmChartContainer - [hivemq-test-hivemq-platform] [hivemq-platform-operator] [131f8cc1] 18:33:34.589 [ReconcilerExecutor-hivemq-controller-65] DEBUG c.h.p.o.h.HiveMQPlatformReconcilerErrorHandler - [helmmqtt] Pod 'test-hivemq-platform-0' phase Pending
2025-01-30 18:33:34,591 INFO c.h.h.t.HelmChartContainer - [hivemq-test-hivemq-platform] [hivemq-platform-operator] [131f8cc1] 18:33:34.590 [ReconcilerExecutor-hivemq-controller-65] DEBUG c.h.p.o.h.HiveMQPlatformReconcilerErrorHandler - [helmmqtt] Pod 'test-hivemq-platform-0' condition 'PodScheduled': True
2025-01-30 18:33:34,595 INFO c.h.h.t.HelmChartContainer - [hivemq-test-hivemq-platform] [hivemq-platform-operator] [131f8cc1] 18:33:34.594 [ReconcilerExecutor-hivemq-controller-65] INFO  c.h.p.o.h.HiveMQPlatformReconcilerBaseHandler - [helmmqtt] HiveMQ Platform is starting, 0 of 1 replicas are ready
2025-01-30 18:33:34,601 INFO c.h.h.t.HelmChartContainer - [hivemq-test-hivemq-platform] [hivemq-platform-operator] [131f8cc1] 18:33:34.599 [pool-6-thread-22] DEBUG c.h.p.o.d.PlatformServiceResource - [helmmqtt] Desired Platform services (2 services)
2025-01-30 18:33:34,603 INFO c.h.h.t.HelmChartContainer - [hivemq-test-hivemq-platform] [hivemq-platform-operator] [131f8cc1] 18:33:34.600 [pool-6-thread-23] DEBUG c.h.p.o.dependants.PodInfoConfigMap - [helmmqtt] Desired PodInfo ConfigMap (1 extensions) (1 enabled)
2025-01-30 18:33:34,603 INFO c.h.h.t.HelmChartContainer - [hivemq-test-hivemq-platform] [hivemq-platform-operator] [131f8cc1] 18:33:34.602 [pool-6-thread-23] DEBUG c.h.p.o.dependants.PodInfoConfigMap - [helmmqtt] Desired PodInfo ConfigMap (metrics port: 9399) (metrics path: /)
2025-01-30 18:33:34,603 INFO c.h.h.t.HelmChartContainer - [hivemq-test-hivemq-platform] [hivemq-platform-operator] [131f8cc1] 18:33:34.602 [pool-6-thread-23] DEBUG c.h.p.o.dependants.PodInfoConfigMap - [helmmqtt] Desired PodInfo ConfigMap (extension state hash: -1817474005)
2025-01-30 18:33:34,690 INFO c.h.h.t.HelmChartContainer - [hivemq-test-hivemq-platform] [hivemq-platform-operator] [131f8cc1] 18:33:34.687 [pool-6-thread-27] DEBUG c.h.p.o.d.PodServiceAccountResource - [helmmqtt] Desired PodServiceAccountResource (serviceAccountName: hivemq-platform-pod-test-hivemq-platform)
2025-01-30 18:33:34,694 INFO c.h.h.t.HelmChartContainer - [hivemq-test-hivemq-platform] [hivemq-platform-operator] [131f8cc1] 18:33:34.693 [pool-6-thread-30] DEBUG c.h.p.o.d.StatefulSetResource - [helmmqtt] Desired StatefulSet (1 replicas) for status STARTING (READY)
2025-01-30 18:33:34,699 INFO c.h.h.t.HelmChartContainer - [hivemq-test-hivemq-platform] [hivemq-platform-operator] [131f8cc1] 18:33:34.698 [ReconcilerExecutor-hivemq-controller-76] INFO  c.h.p.o.HiveMQPlatformReconciler - [helmmqtt] Reconciling HiveMQ Platform 'test-hivemq-platform' in namespace 'helmmqttit'
2025-01-30 18:33:34,699 INFO c.h.h.t.HelmChartContainer - [hivemq-test-hivemq-platform] [hivemq-platform-operator] [131f8cc1] 18:33:34.698 [ReconcilerExecutor-hivemq-controller-76] DEBUG c.h.p.o.HiveMQPlatformReconciler - [helmmqtt] Custom Resource Status STARTING - HiveMQ Platform is starting (READY)
2025-01-30 18:33:34,699 INFO c.h.h.t.HelmChartContainer - [hivemq-test-hivemq-platform] [hivemq-platform-operator] [131f8cc1] 18:33:34.698 [ReconcilerExecutor-hivemq-controller-76] DEBUG c.h.p.o.HiveMQPlatformReconciler - [helmmqtt] Custom Resource Spec (replicas: 1) (extensions: 1)
2025-01-30 18:33:34,702 INFO c.h.h.t.HelmChartContainer - [hivemq-test-hivemq-platform] [hivemq-platform-operator] [131f8cc1] 18:33:34.702 [ReconcilerExecutor-hivemq-controller-76] DEBUG c.h.p.o.HiveMQPlatformReconciler - [helmmqtt] StatefulSet Status (revision: test-hivemq-platform-7bbc5894fb, replicas: 1, available: 0, ready: 0, current: 1, updated: 1)
2025-01-30 18:33:34,703 INFO c.h.h.t.HelmChartContainer - [hivemq-test-hivemq-platform] [hivemq-platform-operator] [131f8cc1] 18:33:34.702 [ReconcilerExecutor-hivemq-controller-76] DEBUG c.h.p.o.HiveMQPlatformReconciler - [helmmqtt] StatefulSet Spec (replicas: 1, init containers: 1, containers: 1, volumes: 3)
2025-01-30 18:33:34,792 INFO c.h.h.t.HelmChartContainer - [hivemq-test-hivemq-platform] [hivemq-platform-operator] [131f8cc1] 18:33:34.791 [ReconcilerExecutor-hivemq-controller-76] DEBUG c.h.p.o.h.HiveMQPlatformReconcilerErrorHandler - [helmmqtt] Pod 'test-hivemq-platform-0' phase Pending
2025-01-30 18:33:34,793 INFO c.h.h.t.HelmChartContainer - [hivemq-test-hivemq-platform] [hivemq-platform-operator] [131f8cc1] 18:33:34.793 [ReconcilerExecutor-hivemq-controller-76] DEBUG c.h.p.o.h.HiveMQPlatformReconcilerErrorHandler - [helmmqtt] Pod 'test-hivemq-platform-0' condition 'PodReadyToStartContainers': False
2025-01-30 18:33:34,794 INFO c.h.h.t.HelmChartContainer - [hivemq-test-hivemq-platform] [hivemq-platform-operator] [131f8cc1] 18:33:34.793 [ReconcilerExecutor-hivemq-controller-76] DEBUG c.h.p.o.h.HiveMQPlatformReconcilerErrorHandler - [helmmqtt] Pod 'test-hivemq-platform-0' condition 'Initialized': False
2025-01-30 18:33:34,795 INFO c.h.h.t.HelmChartContainer - [hivemq-test-hivemq-platform] [hivemq-platform-operator] [131f8cc1] 18:33:34.793 [ReconcilerExecutor-hivemq-controller-76] DEBUG c.h.p.o.h.HiveMQPlatformReconcilerErrorHandler - [helmmqtt] Pod 'test-hivemq-platform-0' condition 'Ready': False
2025-01-30 18:33:34,795 INFO c.h.h.t.HelmChartContainer - [hivemq-test-hivemq-platform] [hivemq-platform-operator] [131f8cc1] 18:33:34.793 [ReconcilerExecutor-hivemq-controller-76] DEBUG c.h.p.o.h.HiveMQPlatformReconcilerErrorHandler - [helmmqtt] Pod 'test-hivemq-platform-0' condition 'ContainersReady': False
2025-01-30 18:33:34,798 INFO c.h.h.t.HelmChartContainer - [hivemq-test-hivemq-platform] [hivemq-platform-operator] [131f8cc1] 18:33:34.794 [ReconcilerExecutor-hivemq-controller-76] DEBUG c.h.p.o.h.HiveMQPlatformReconcilerErrorHandler - [helmmqtt] Pod 'test-hivemq-platform-0' condition 'PodScheduled': True
2025-01-30 18:33:34,798 INFO c.h.h.t.HelmChartContainer - [hivemq-test-hivemq-platform] [hivemq-platform-operator] [131f8cc1] 18:33:34.794 [ReconcilerExecutor-hivemq-controller-76] DEBUG c.h.p.o.h.HiveMQPlatformReconcilerErrorHandler - [helmmqtt] Pod 'test-hivemq-platform-0' containerStatus 'hivemq' (started: false) (ready: false) (waiting: [PodInitializing] null)
2025-01-30 18:33:34,798 INFO c.h.h.t.HelmChartContainer - [hivemq-test-hivemq-platform] [hivemq-platform-operator] [131f8cc1] 18:33:34.796 [ReconcilerExecutor-hivemq-controller-76] INFO  c.h.p.o.h.HiveMQPlatformReconcilerBaseHandler - [helmmqtt] HiveMQ Platform is starting, 0 of 1 replicas are ready
2025-01-30 18:33:34,810 INFO c.h.h.t.HelmChartContainer - [EVENT] Normal [Pulled] Container image "docker.io/hivemq/hivemq-platform-operator-init-test:snapshot" already present on machine [helmmqttit:test-hivemq-platform-0]
2025-01-30 18:33:34,946 INFO c.h.h.t.HelmChartContainer - [EVENT] Normal [Created] Created container: hivemq-platform-operator-init [helmmqttit:test-hivemq-platform-0]
2025-01-30 18:33:34,984 INFO c.h.h.t.HelmChartContainer - [EVENT] Normal [Started] Started container hivemq-platform-operator-init [helmmqttit:test-hivemq-platform-0]
2025-01-30 18:33:35,677 INFO c.h.h.t.HelmChartContainer - [POD] test-hivemq-platform-0 [f31c5d04-94fe-4170-8497-cf31e0fd5994] in helmmqttit was MODIFIED
2025-01-30 18:33:35,694 INFO c.h.h.t.HelmChartContainer - [hivemq-test-hivemq-platform] [hivemq-platform-operator] [131f8cc1] 18:33:35.692 [pool-6-thread-32] DEBUG c.h.p.o.d.PlatformServiceResource - [helmmqtt] Desired Platform services (2 services)
2025-01-30 18:33:35,698 INFO c.h.h.t.HelmChartContainer - [hivemq-test-hivemq-platform] [hivemq-platform-operator] [131f8cc1] 18:33:35.696 [pool-6-thread-33] DEBUG c.h.p.o.dependants.PodInfoConfigMap - [helmmqtt] Desired PodInfo ConfigMap (1 extensions) (1 enabled)
2025-01-30 18:33:35,698 INFO c.h.h.t.HelmChartContainer - [hivemq-test-hivemq-platform] [hivemq-platform-operator] [131f8cc1] 18:33:35.697 [pool-6-thread-33] DEBUG c.h.p.o.dependants.PodInfoConfigMap - [helmmqtt] Desired PodInfo ConfigMap (metrics port: 9399) (metrics path: /)
2025-01-30 18:33:35,698 INFO c.h.h.t.HelmChartContainer - [hivemq-test-hivemq-platform] [hivemq-platform-operator] [131f8cc1] 18:33:35.697 [pool-6-thread-33] DEBUG c.h.p.o.dependants.PodInfoConfigMap - [helmmqtt] Desired PodInfo ConfigMap (extension state hash: -1817474005)
2025-01-30 18:33:35,703 INFO c.h.h.t.HelmChartContainer - [hivemq-test-hivemq-platform] [hivemq-platform-operator] [131f8cc1] 18:33:35.702 [pool-6-thread-37] DEBUG c.h.p.o.d.PodServiceAccountResource - [helmmqtt] Desired PodServiceAccountResource (serviceAccountName: hivemq-platform-pod-test-hivemq-platform)
2025-01-30 18:33:35,708 INFO c.h.h.t.HelmChartContainer - [hivemq-test-hivemq-platform] [hivemq-platform-operator] [131f8cc1] 18:33:35.706 [pool-6-thread-40] DEBUG c.h.p.o.d.StatefulSetResource - [helmmqtt] Desired StatefulSet (1 replicas) for status STARTING (READY)
2025-01-30 18:33:35,790 INFO c.h.h.t.HelmChartContainer - [hivemq-test-hivemq-platform] [hivemq-platform-operator] [131f8cc1] 18:33:35.789 [ReconcilerExecutor-hivemq-controller-87] INFO  c.h.p.o.HiveMQPlatformReconciler - [helmmqtt] Reconciling HiveMQ Platform 'test-hivemq-platform' in namespace 'helmmqttit'
2025-01-30 18:33:35,790 INFO c.h.h.t.HelmChartContainer - [hivemq-test-hivemq-platform] [hivemq-platform-operator] [131f8cc1] 18:33:35.789 [ReconcilerExecutor-hivemq-controller-87] DEBUG c.h.p.o.HiveMQPlatformReconciler - [helmmqtt] Custom Resource Status STARTING - HiveMQ Platform is starting (READY)
2025-01-30 18:33:35,790 INFO c.h.h.t.HelmChartContainer - [hivemq-test-hivemq-platform] [hivemq-platform-operator] [131f8cc1] 18:33:35.789 [ReconcilerExecutor-hivemq-controller-87] DEBUG c.h.p.o.HiveMQPlatformReconciler - [helmmqtt] Custom Resource Spec (replicas: 1) (extensions: 1)
2025-01-30 18:33:35,792 INFO c.h.h.t.HelmChartContainer - [hivemq-test-hivemq-platform] [hivemq-platform-operator] [131f8cc1] 18:33:35.791 [ReconcilerExecutor-hivemq-controller-87] DEBUG c.h.p.o.HiveMQPlatformReconciler - [helmmqtt] StatefulSet Status (revision: test-hivemq-platform-7bbc5894fb, replicas: 1, available: 0, ready: 0, current: 1, updated: 1)
2025-01-30 18:33:35,792 INFO c.h.h.t.HelmChartContainer - [hivemq-test-hivemq-platform] [hivemq-platform-operator] [131f8cc1] 18:33:35.792 [ReconcilerExecutor-hivemq-controller-87] DEBUG c.h.p.o.HiveMQPlatformReconciler - [helmmqtt] StatefulSet Spec (replicas: 1, init containers: 1, containers: 1, volumes: 3)
2025-01-30 18:33:35,796 INFO c.h.h.t.HelmChartContainer - [hivemq-test-hivemq-platform] [hivemq-platform-operator] [131f8cc1] 18:33:35.795 [ReconcilerExecutor-hivemq-controller-87] DEBUG c.h.p.o.h.HiveMQPlatformReconcilerErrorHandler - [helmmqtt] Pod 'test-hivemq-platform-0' phase Pending
2025-01-30 18:33:35,796 INFO c.h.h.t.HelmChartContainer - [hivemq-test-hivemq-platform] [hivemq-platform-operator] [131f8cc1] 18:33:35.795 [ReconcilerExecutor-hivemq-controller-87] DEBUG c.h.p.o.h.HiveMQPlatformReconcilerErrorHandler - [helmmqtt] Pod 'test-hivemq-platform-0' condition 'PodReadyToStartContainers': True
2025-01-30 18:33:35,797 INFO c.h.h.t.HelmChartContainer - [hivemq-test-hivemq-platform] [hivemq-platform-operator] [131f8cc1] 18:33:35.795 [ReconcilerExecutor-hivemq-controller-87] DEBUG c.h.p.o.h.HiveMQPlatformReconcilerErrorHandler - [helmmqtt] Pod 'test-hivemq-platform-0' condition 'Initialized': False
2025-01-30 18:33:35,797 INFO c.h.h.t.HelmChartContainer - [hivemq-test-hivemq-platform] [hivemq-platform-operator] [131f8cc1] 18:33:35.795 [ReconcilerExecutor-hivemq-controller-87] DEBUG c.h.p.o.h.HiveMQPlatformReconcilerErrorHandler - [helmmqtt] Pod 'test-hivemq-platform-0' condition 'Ready': False
2025-01-30 18:33:35,797 INFO c.h.h.t.HelmChartContainer - [hivemq-test-hivemq-platform] [hivemq-platform-operator] [131f8cc1] 18:33:35.795 [ReconcilerExecutor-hivemq-controller-87] DEBUG c.h.p.o.h.HiveMQPlatformReconcilerErrorHandler - [helmmqtt] Pod 'test-hivemq-platform-0' condition 'ContainersReady': False
2025-01-30 18:33:35,797 INFO c.h.h.t.HelmChartContainer - [hivemq-test-hivemq-platform] [hivemq-platform-operator] [131f8cc1] 18:33:35.795 [ReconcilerExecutor-hivemq-controller-87] DEBUG c.h.p.o.h.HiveMQPlatformReconcilerErrorHandler - [helmmqtt] Pod 'test-hivemq-platform-0' condition 'PodScheduled': True
2025-01-30 18:33:35,797 INFO c.h.h.t.HelmChartContainer - [hivemq-test-hivemq-platform] [hivemq-platform-operator] [131f8cc1] 18:33:35.795 [ReconcilerExecutor-hivemq-controller-87] DEBUG c.h.p.o.h.HiveMQPlatformReconcilerErrorHandler - [helmmqtt] Pod 'test-hivemq-platform-0' containerStatus 'hivemq' (started: false) (ready: false) (waiting: [PodInitializing] null)
2025-01-30 18:33:35,798 INFO c.h.h.t.HelmChartContainer - [hivemq-test-hivemq-platform] [hivemq-platform-operator] [131f8cc1] 18:33:35.796 [ReconcilerExecutor-hivemq-controller-87] INFO  c.h.p.o.h.HiveMQPlatformReconcilerBaseHandler - [helmmqtt] HiveMQ Platform is starting, 0 of 1 replicas are ready
2025-01-30 18:33:36,673 INFO c.h.h.t.HelmChartContainer - [EVENT] Normal [Pulled] Container image "docker.io/hivemq/hivemq4:4.36.0" already present on machine [helmmqttit:test-hivemq-platform-0]
2025-01-30 18:33:36,673 INFO c.h.h.t.HelmChartContainer - Received Pulled event for container hivemq in pod test-hivemq-platform-0 [f31c5d04-94fe-4170-8497-cf31e0fd5994]
2025-01-30 18:33:36,679 INFO c.h.h.t.HelmChartContainer - [POD] test-hivemq-platform-0 [f31c5d04-94fe-4170-8497-cf31e0fd5994] in helmmqttit was MODIFIED
2025-01-30 18:33:36,689 INFO c.h.h.t.HelmChartContainer - [hivemq-test-hivemq-platform] [hivemq-platform-operator] [131f8cc1] 18:33:36.686 [pool-6-thread-42] DEBUG c.h.p.o.d.PlatformServiceResource - [helmmqtt] Desired Platform services (2 services)
2025-01-30 18:33:36,689 INFO c.h.h.t.HelmChartContainer - [hivemq-test-hivemq-platform] [hivemq-platform-operator] [131f8cc1] 18:33:36.687 [pool-6-thread-43] DEBUG c.h.p.o.dependants.PodInfoConfigMap - [helmmqtt] Desired PodInfo ConfigMap (1 extensions) (1 enabled)
2025-01-30 18:33:36,692 INFO c.h.h.t.HelmChartContainer - [hivemq-test-hivemq-platform] [hivemq-platform-operator] [131f8cc1] 18:33:36.690 [pool-6-thread-43] DEBUG c.h.p.o.dependants.PodInfoConfigMap - [helmmqtt] Desired PodInfo ConfigMap (metrics port: 9399) (metrics path: /)
2025-01-30 18:33:36,692 INFO c.h.h.t.HelmChartContainer - [hivemq-test-hivemq-platform] [hivemq-platform-operator] [131f8cc1] 18:33:36.691 [pool-6-thread-43] DEBUG c.h.p.o.dependants.PodInfoConfigMap - [helmmqtt] Desired PodInfo ConfigMap (extension state hash: -1817474005)
2025-01-30 18:33:36,695 INFO c.h.h.t.HelmChartContainer - [hivemq-test-hivemq-platform] [hivemq-platform-operator] [131f8cc1] 18:33:36.694 [pool-6-thread-47] DEBUG c.h.p.o.d.PodServiceAccountResource - [helmmqtt] Desired PodServiceAccountResource (serviceAccountName: hivemq-platform-pod-test-hivemq-platform)
2025-01-30 18:33:36,699 INFO c.h.h.t.HelmChartContainer - [hivemq-test-hivemq-platform] [hivemq-platform-operator] [131f8cc1] 18:33:36.698 [pool-6-thread-50] DEBUG c.h.p.o.d.StatefulSetResource - [helmmqtt] Desired StatefulSet (1 replicas) for status STARTING (READY)
2025-01-30 18:33:36,702 INFO c.h.h.t.HelmChartContainer - [hivemq-test-hivemq-platform] [hivemq-platform-operator] [131f8cc1] 18:33:36.702 [ReconcilerExecutor-hivemq-controller-98] INFO  c.h.p.o.HiveMQPlatformReconciler - [helmmqtt] Reconciling HiveMQ Platform 'test-hivemq-platform' in namespace 'helmmqttit'
2025-01-30 18:33:36,703 INFO c.h.h.t.HelmChartContainer - [hivemq-test-hivemq-platform] [hivemq-platform-operator] [131f8cc1] 18:33:36.702 [ReconcilerExecutor-hivemq-controller-98] DEBUG c.h.p.o.HiveMQPlatformReconciler - [helmmqtt] Custom Resource Status STARTING - HiveMQ Platform is starting (READY)
2025-01-30 18:33:36,703 INFO c.h.h.t.HelmChartContainer - [hivemq-test-hivemq-platform] [hivemq-platform-operator] [131f8cc1] 18:33:36.702 [ReconcilerExecutor-hivemq-controller-98] DEBUG c.h.p.o.HiveMQPlatformReconciler - [helmmqtt] Custom Resource Spec (replicas: 1) (extensions: 1)
2025-01-30 18:33:36,785 INFO c.h.h.t.HelmChartContainer - [hivemq-test-hivemq-platform] [hivemq-platform-operator] [131f8cc1] 18:33:36.783 [ReconcilerExecutor-hivemq-controller-98] DEBUG c.h.p.o.HiveMQPlatformReconciler - [helmmqtt] StatefulSet Status (revision: test-hivemq-platform-7bbc5894fb, replicas: 1, available: 0, ready: 0, current: 1, updated: 1)
2025-01-30 18:33:36,785 INFO c.h.h.t.HelmChartContainer - [hivemq-test-hivemq-platform] [hivemq-platform-operator] [131f8cc1] 18:33:36.783 [ReconcilerExecutor-hivemq-controller-98] DEBUG c.h.p.o.HiveMQPlatformReconciler - [helmmqtt] StatefulSet Spec (replicas: 1, init containers: 1, containers: 1, volumes: 3)
2025-01-30 18:33:36,787 INFO c.h.h.t.HelmChartContainer - [hivemq-test-hivemq-platform] [hivemq-platform-operator] [131f8cc1] 18:33:36.786 [ReconcilerExecutor-hivemq-controller-98] DEBUG c.h.p.o.h.HiveMQPlatformReconcilerErrorHandler - [helmmqtt] Pod 'test-hivemq-platform-0' phase Pending
2025-01-30 18:33:36,790 INFO c.h.h.t.HelmChartContainer - [hivemq-test-hivemq-platform] [hivemq-platform-operator] [131f8cc1] 18:33:36.787 [ReconcilerExecutor-hivemq-controller-98] DEBUG c.h.p.o.h.HiveMQPlatformReconcilerErrorHandler - [helmmqtt] Pod 'test-hivemq-platform-0' condition 'PodReadyToStartContainers': True
2025-01-30 18:33:36,790 INFO c.h.h.t.HelmChartContainer - [hivemq-test-hivemq-platform] [hivemq-platform-operator] [131f8cc1] 18:33:36.787 [ReconcilerExecutor-hivemq-controller-98] DEBUG c.h.p.o.h.HiveMQPlatformReconcilerErrorHandler - [helmmqtt] Pod 'test-hivemq-platform-0' condition 'Initialized': True
2025-01-30 18:33:36,790 INFO c.h.h.t.HelmChartContainer - [hivemq-test-hivemq-platform] [hivemq-platform-operator] [131f8cc1] 18:33:36.787 [ReconcilerExecutor-hivemq-controller-98] DEBUG c.h.p.o.h.HiveMQPlatformReconcilerErrorHandler - [helmmqtt] Pod 'test-hivemq-platform-0' condition 'Ready': False
2025-01-30 18:33:36,790 INFO c.h.h.t.HelmChartContainer - [hivemq-test-hivemq-platform] [hivemq-platform-operator] [131f8cc1] 18:33:36.787 [ReconcilerExecutor-hivemq-controller-98] DEBUG c.h.p.o.h.HiveMQPlatformReconcilerErrorHandler - [helmmqtt] Pod 'test-hivemq-platform-0' condition 'ContainersReady': False
2025-01-30 18:33:36,790 INFO c.h.h.t.HelmChartContainer - [hivemq-test-hivemq-platform] [hivemq-platform-operator] [131f8cc1] 18:33:36.787 [ReconcilerExecutor-hivemq-controller-98] DEBUG c.h.p.o.h.HiveMQPlatformReconcilerErrorHandler - [helmmqtt] Pod 'test-hivemq-platform-0' condition 'PodScheduled': True
2025-01-30 18:33:36,790 INFO c.h.h.t.HelmChartContainer - [hivemq-test-hivemq-platform] [hivemq-platform-operator] [131f8cc1] 18:33:36.787 [ReconcilerExecutor-hivemq-controller-98] DEBUG c.h.p.o.h.HiveMQPlatformReconcilerErrorHandler - [helmmqtt] Pod 'test-hivemq-platform-0' containerStatus 'hivemq' (started: false) (ready: false) (waiting: [PodInitializing] null)
2025-01-30 18:33:36,790 INFO c.h.h.t.HelmChartContainer - [hivemq-test-hivemq-platform] [hivemq-platform-operator] [131f8cc1] 18:33:36.788 [ReconcilerExecutor-hivemq-controller-98] INFO  c.h.p.o.h.HiveMQPlatformReconcilerBaseHandler - [helmmqtt] HiveMQ Platform is starting, 0 of 1 replicas are ready
2025-01-30 18:33:37,751 INFO c.h.h.t.HelmChartContainer - [EVENT] Normal [Created] Created container: hivemq [helmmqttit:test-hivemq-platform-0]
2025-01-30 18:33:37,751 INFO c.h.h.t.HelmChartContainer - Received Created event for container hivemq in pod test-hivemq-platform-0 [f31c5d04-94fe-4170-8497-cf31e0fd5994]
2025-01-30 18:33:38,687 INFO c.h.h.t.HelmChartContainer - [POD] test-hivemq-platform-0 [f31c5d04-94fe-4170-8497-cf31e0fd5994] in helmmqttit was MODIFIED
2025-01-30 18:33:38,701 INFO c.h.h.t.HelmChartContainer - [hivemq-test-hivemq-platform] [hivemq-platform-operator] [131f8cc1] 18:33:38.693 [pool-6-thread-9] DEBUG c.h.p.o.d.PlatformServiceResource - [helmmqtt] Desired Platform services (2 services)
2025-01-30 18:33:38,702 INFO c.h.h.t.HelmChartContainer - [hivemq-test-hivemq-platform] [hivemq-platform-operator] [131f8cc1] 18:33:38.696 [pool-6-thread-8] DEBUG c.h.p.o.dependants.PodInfoConfigMap - [helmmqtt] Desired PodInfo ConfigMap (1 extensions) (1 enabled)
2025-01-30 18:33:38,702 INFO c.h.h.t.HelmChartContainer - [hivemq-test-hivemq-platform] [hivemq-platform-operator] [131f8cc1] 18:33:38.696 [pool-6-thread-8] DEBUG c.h.p.o.dependants.PodInfoConfigMap - [helmmqtt] Desired PodInfo ConfigMap (metrics port: 9399) (metrics path: /)
2025-01-30 18:33:38,702 INFO c.h.h.t.HelmChartContainer - [hivemq-test-hivemq-platform] [hivemq-platform-operator] [131f8cc1] 18:33:38.696 [pool-6-thread-8] DEBUG c.h.p.o.dependants.PodInfoConfigMap - [helmmqtt] Desired PodInfo ConfigMap (extension state hash: -1817474005)
2025-01-30 18:33:38,704 INFO c.h.h.t.HelmChartContainer - [hivemq-test-hivemq-platform] [hivemq-platform-operator] [131f8cc1] 18:33:38.700 [pool-6-thread-8] DEBUG c.h.p.o.d.PodServiceAccountResource - [helmmqtt] Desired PodServiceAccountResource (serviceAccountName: hivemq-platform-pod-test-hivemq-platform)
2025-01-30 18:33:38,705 INFO c.h.h.t.HelmChartContainer - [EVENT] Normal [Started] Started container hivemq [helmmqttit:test-hivemq-platform-0]
2025-01-30 18:33:38,705 INFO c.h.h.t.HelmChartContainer - Received Started event for container hivemq in pod test-hivemq-platform-0 [f31c5d04-94fe-4170-8497-cf31e0fd5994]
2025-01-30 18:33:38,705 INFO c.h.h.t.HelmChartContainer - Started log watcher for hivemq in pod test-hivemq-platform-0 [f31c5d04-94fe-4170-8497-cf31e0fd5994]
2025-01-30 18:33:38,705 INFO c.h.h.t.HelmChartContainer - [test-hivemq-platform] [hivemq] [f31c5d04] Adding pre-installed HiveMQ Platform Operator extensions
2025-01-30 18:33:38,705 INFO c.h.h.t.HelmChartContainer - [test-hivemq-platform] [hivemq] [f31c5d04] Running as user 10000
2025-01-30 18:33:38,705 INFO c.h.h.t.HelmChartContainer - [test-hivemq-platform] [hivemq] [f31c5d04] Starting HiveMQ Platform Operator Init
2025-01-30 18:33:38,713 INFO c.h.h.t.HelmChartContainer - [hivemq-test-hivemq-platform] [hivemq-platform-operator] [131f8cc1] 18:33:38.712 [pool-6-thread-9] DEBUG c.h.p.o.d.StatefulSetResource - [helmmqtt] Desired StatefulSet (1 replicas) for status STARTING (READY)
2025-01-30 18:33:38,785 INFO c.h.h.t.HelmChartContainer - [hivemq-test-hivemq-platform] [hivemq-platform-operator] [131f8cc1] 18:33:38.783 [ReconcilerExecutor-hivemq-controller-109] INFO  c.h.p.o.HiveMQPlatformReconciler - [helmmqtt] Reconciling HiveMQ Platform 'test-hivemq-platform' in namespace 'helmmqttit'
2025-01-30 18:33:38,785 INFO c.h.h.t.HelmChartContainer - [hivemq-test-hivemq-platform] [hivemq-platform-operator] [131f8cc1] 18:33:38.783 [ReconcilerExecutor-hivemq-controller-109] DEBUG c.h.p.o.HiveMQPlatformReconciler - [helmmqtt] Custom Resource Status STARTING - HiveMQ Platform is starting (READY)
2025-01-30 18:33:38,785 INFO c.h.h.t.HelmChartContainer - [hivemq-test-hivemq-platform] [hivemq-platform-operator] [131f8cc1] 18:33:38.783 [ReconcilerExecutor-hivemq-controller-109] DEBUG c.h.p.o.HiveMQPlatformReconciler - [helmmqtt] Custom Resource Spec (replicas: 1) (extensions: 1)
2025-01-30 18:33:38,794 INFO c.h.h.t.HelmChartContainer - [hivemq-test-hivemq-platform] [hivemq-platform-operator] [131f8cc1] 18:33:38.790 [ReconcilerExecutor-hivemq-controller-109] DEBUG c.h.p.o.HiveMQPlatformReconciler - [helmmqtt] StatefulSet Status (revision: test-hivemq-platform-7bbc5894fb, replicas: 1, available: 0, ready: 0, current: 1, updated: 1)
2025-01-30 18:33:38,796 INFO c.h.h.t.HelmChartContainer - [hivemq-test-hivemq-platform] [hivemq-platform-operator] [131f8cc1] 18:33:38.791 [ReconcilerExecutor-hivemq-controller-109] DEBUG c.h.p.o.HiveMQPlatformReconciler - [helmmqtt] StatefulSet Spec (replicas: 1, init containers: 1, containers: 1, volumes: 3)
2025-01-30 18:33:38,796 INFO c.h.h.t.HelmChartContainer - [hivemq-test-hivemq-platform] [hivemq-platform-operator] [131f8cc1] 18:33:38.795 [ReconcilerExecutor-hivemq-controller-109] DEBUG c.h.p.o.h.HiveMQPlatformReconcilerErrorHandler - [helmmqtt] Pod 'test-hivemq-platform-0' phase Running
2025-01-30 18:33:38,797 INFO c.h.h.t.HelmChartContainer - [hivemq-test-hivemq-platform] [hivemq-platform-operator] [131f8cc1] 18:33:38.796 [ReconcilerExecutor-hivemq-controller-109] INFO  c.h.p.o.h.HiveMQPlatformReconcilerBaseHandler - [helmmqtt] HiveMQ Platform is starting, 0 of 1 replicas are ready
2025-01-30 18:33:39,072 INFO c.h.h.t.HelmChartContainer - [test-hivemq-platform] [hivemq] [f31c5d04] INFO  - [HiveMQ Platform Operator Init 1.7.0-SNAPSHOT] HiveMQ Platform Operator Init 1.7.0-SNAPSHOT (commit: 47e3375 on branch: HEAD) built on Thu Jan 30 03:55:50 UTC 2025
2025-01-30 18:33:40,197 INFO c.h.h.t.HelmChartContainer - [test-hivemq-platform] [hivemq] [f31c5d04] INFO  - [HiveMQ Platform Operator Init App 1.7.0-SNAPSHOT] Using bind address 10.42.0.13 from environment variable
2025-01-30 18:33:41,093 INFO c.h.h.t.HelmChartContainer - [test-hivemq-platform] [hivemq] [f31c5d04] INFO  - [HiveMQ Platform Operator Init App 1.7.0-SNAPSHOT] HiveMQ Platform Operator Init App 1.7.0-SNAPSHOT (commit: 47e3375 on branch: HEAD) built on Thu Jan 30 03:55:50 UTC 2025
2025-01-30 18:33:41,094 INFO c.h.h.t.HelmChartContainer - [test-hivemq-platform] [hivemq] [f31c5d04] INFO  - [HiveMQ Platform Operator Init App 1.7.0-SNAPSHOT] PodInfo ConfigMap directory: /etc/podinfo
2025-01-30 18:33:41,095 INFO c.h.h.t.HelmChartContainer - [test-hivemq-platform] [hivemq] [f31c5d04] INFO  - [HiveMQ Platform Operator Init App 1.7.0-SNAPSHOT] HiveMQ home directory: /opt/hivemq
2025-01-30 18:33:41,095 INFO c.h.h.t.HelmChartContainer - [test-hivemq-platform] [hivemq] [f31c5d04] INFO  - [HiveMQ Platform Operator Init App 1.7.0-SNAPSHOT] HiveMQ Logback folder: /opt/hivemq/conf
2025-01-30 18:33:41,095 INFO c.h.h.t.HelmChartContainer - [test-hivemq-platform] [hivemq] [f31c5d04] INFO  - [HiveMQ Platform Operator Init App 1.7.0-SNAPSHOT] HiveMQ Config folder: /opt/hivemq/conf-k8s
2025-01-30 18:33:41,095 INFO c.h.h.t.HelmChartContainer - [test-hivemq-platform] [hivemq] [f31c5d04] INFO  - [HiveMQ Platform Operator Init App 1.7.0-SNAPSHOT] Starting HiveMQ Platform Operator Init App
2025-01-30 18:33:41,095 INFO c.h.h.t.HelmChartContainer - [test-hivemq-platform] [hivemq] [f31c5d04] INFO  - [HiveMQ Platform Operator Init App 1.7.0-SNAPSHOT] Starting Pod reconciler
2025-01-30 18:33:42,280 INFO c.h.h.t.HelmChartContainer - [test-hivemq-platform] [hivemq] [f31c5d04] INFO  - [HiveMQ Platform Operator Init App 1.7.0-SNAPSHOT] Pod reconciler is scheduled (interval: 5000 ms)
2025-01-30 18:33:42,281 INFO c.h.h.t.HelmChartContainer - [test-hivemq-platform] [hivemq] [f31c5d04] INFO  - [HiveMQ Platform Operator Init App 1.7.0-SNAPSHOT] Starting the REST API on 10.42.0.13:7979
2025-01-30 18:33:42,284 INFO c.h.h.t.HelmChartContainer - [test-hivemq-platform] [hivemq] [f31c5d04] INFO  - [HiveMQ Platform Operator Init App 1.7.0-SNAPSHOT] Waiting up to 600s for at most 1 HiveMQ nodes in cluster service hivemq-test-hivemq-platform-cluster.helmmqttit.svc
2025-01-30 18:33:42,591 INFO c.h.h.t.HelmChartContainer - [test-hivemq-platform] [hivemq] [f31c5d04] INFO  - [HiveMQ Platform Operator Init App 1.7.0-SNAPSHOT] Resolved 1 IP addresses: [10.42.0.13]
2025-01-30 18:33:42,591 INFO c.h.h.t.HelmChartContainer - [test-hivemq-platform] [hivemq] [f31c5d04] INFO  - [HiveMQ Platform Operator Init App 1.7.0-SNAPSHOT] HiveMQ node count of 1 is within threshold of 1
2025-01-30 18:33:42,591 INFO c.h.h.t.HelmChartContainer - [test-hivemq-platform] [hivemq] [f31c5d04] INFO  - [HiveMQ Platform Operator Init App 1.7.0-SNAPSHOT] Proceeding with container start
2025-01-30 18:33:42,773 INFO c.h.h.t.HelmChartContainer - [test-hivemq-platform] [hivemq] [f31c5d04] INFO  - [HiveMQ Platform Operator Init App 1.7.0-SNAPSHOT] Initializing HiveMQ Platform extensions with initial configuration: {hivemq-allow-all-extension={start-priority=-1, skip-https-hostname-verification=false, restart=true, config-version=0, header-version=0, c-uri=, priority=-1, uri=preinstalled, skip-https-certificate-validation=false, enabled=true}, hivemq-prometheus-extension={restart=true, priority=-1, start-priority=-1, c-uri=, skip-https-hostname-verification=false, skip-https-certificate-validation=false, uri=preinstalled, request-header-path=no-request-headers, enabled=true}}
2025-01-30 18:33:43,278 INFO c.h.h.t.HelmChartContainer - [test-hivemq-platform] [hivemq] [f31c5d04] INFO  - [HiveMQ Platform Operator Init App 1.7.0-SNAPSHOT] Extension hivemq-allow-all-extension was already enabled
2025-01-30 18:33:43,289 INFO c.h.h.t.HelmChartContainer - [test-hivemq-platform] [hivemq] [f31c5d04] INFO  - [HiveMQ Platform Operator Init App 1.7.0-SNAPSHOT] Successfully enabled extension hivemq-prometheus-extension
2025-01-30 18:33:43,373 INFO c.h.h.t.HelmChartContainer - [test-hivemq-platform] [hivemq] [f31c5d04] INFO  - [HiveMQ Platform Operator Init App 1.7.0-SNAPSHOT] Starting HiveMQ Platform version 4.36.0 (4.36.0)
2025-01-30 18:33:43,373 INFO c.h.h.t.HelmChartContainer - [test-hivemq-platform] [hivemq] [f31c5d04] INFO  - [HiveMQ Platform Operator Init App 1.7.0-SNAPSHOT] Configuring the HiveMQ Platform
2025-01-30 18:33:43,385 INFO c.h.h.t.HelmChartContainer - [test-hivemq-platform] [hivemq] [f31c5d04] INFO  - [HiveMQ Platform Operator Init App 1.7.0-SNAPSHOT] Changed logback.xml file scan period to 20 seconds
2025-01-30 18:33:43,480 INFO c.h.h.t.HelmChartContainer - [test-hivemq-platform] [hivemq] [f31c5d04] INFO  - [HiveMQ Platform Operator Init App 1.7.0-SNAPSHOT] Starting the HiveMQ Platform
2025-01-30 18:33:43,483 INFO c.h.h.t.HelmChartContainer - [test-hivemq-platform] [hivemq] [f31c5d04] -------------------------------------------------------------------------
2025-01-30 18:33:43,483 INFO c.h.h.t.HelmChartContainer - [test-hivemq-platform] [hivemq] [f31c5d04] 
2025-01-30 18:33:43,483 INFO c.h.h.t.HelmChartContainer - [test-hivemq-platform] [hivemq] [f31c5d04]                   _    _  _              __  __   ____
2025-01-30 18:33:43,483 INFO c.h.h.t.HelmChartContainer - [test-hivemq-platform] [hivemq] [f31c5d04]                  | |  | |(_)            |  \/  | / __ \
2025-01-30 18:33:43,483 INFO c.h.h.t.HelmChartContainer - [test-hivemq-platform] [hivemq] [f31c5d04]                  | |__| | _ __   __ ___ | \  / || |  | |
2025-01-30 18:33:43,483 INFO c.h.h.t.HelmChartContainer - [test-hivemq-platform] [hivemq] [f31c5d04]                  |  __  || |\ \ / // _ \| |\/| || |  | |
2025-01-30 18:33:43,483 INFO c.h.h.t.HelmChartContainer - [test-hivemq-platform] [hivemq] [f31c5d04]                  | |  | || | \ V /|  __/| |  | || |__| |
2025-01-30 18:33:43,483 INFO c.h.h.t.HelmChartContainer - [test-hivemq-platform] [hivemq] [f31c5d04]                  |_|  |_||_|  \_/  \___||_|  |_| \___\_\
2025-01-30 18:33:43,483 INFO c.h.h.t.HelmChartContainer - [test-hivemq-platform] [hivemq] [f31c5d04] 
2025-01-30 18:33:43,483 INFO c.h.h.t.HelmChartContainer - [test-hivemq-platform] [hivemq] [f31c5d04] -------------------------------------------------------------------------
2025-01-30 18:33:43,483 INFO c.h.h.t.HelmChartContainer - [test-hivemq-platform] [hivemq] [f31c5d04] 
2025-01-30 18:33:43,483 INFO c.h.h.t.HelmChartContainer - [test-hivemq-platform] [hivemq] [f31c5d04]   HiveMQ Start Script for Linux/Unix v1.14
2025-01-30 18:33:43,483 INFO c.h.h.t.HelmChartContainer - [test-hivemq-platform] [hivemq] [f31c5d04] 
2025-01-30 18:33:43,583 INFO c.h.h.t.HelmChartContainer - [test-hivemq-platform] [hivemq] [f31c5d04] -------------------------------------------------------------------------
2025-01-30 18:33:43,583 INFO c.h.h.t.HelmChartContainer - [test-hivemq-platform] [hivemq] [f31c5d04] 
2025-01-30 18:33:43,583 INFO c.h.h.t.HelmChartContainer - [test-hivemq-platform] [hivemq] [f31c5d04]   HIVEMQ_HOME: /opt/hivemq
2025-01-30 18:33:43,583 INFO c.h.h.t.HelmChartContainer - [test-hivemq-platform] [hivemq] [f31c5d04] 
2025-01-30 18:33:43,583 INFO c.h.h.t.HelmChartContainer - [test-hivemq-platform] [hivemq] [f31c5d04]   JAVA_OPTS: -XX:+UnlockExperimentalVMOptions -XX:InitialRAMPercentage=50 -XX:MaxRAMPercentage=50 -Djava.net.preferIPv4Stack=true --add-opens java.base/java.lang=ALL-UNNAMED --add-opens java.base/java.nio=ALL-UNNAMED --add-opens java.base/sun.nio.ch=ALL-UNNAMED --add-opens jdk.management/com.sun.management.internal=ALL-UNNAMED --add-exports java.base/jdk.internal.misc=ALL-UNNAMED -Djava.security.egd=file:/dev/./urandom -Dcom.sun.management.jmxremote -Dcom.sun.management.jmxremote.port=9010 -Dcom.sun.management.jmxremote.local.only=false -Dcom.sun.management.jmxremote.authenticate=false -Dcom.sun.management.jmxremote.ssl=false -Duser.language=en -Duser.region=US -XX:+CrashOnOutOfMemoryError -XX:+HeapDumpOnOutOfMemoryError
2025-01-30 18:33:43,584 INFO c.h.h.t.HelmChartContainer - [test-hivemq-platform] [hivemq] [f31c5d04] 
2025-01-30 18:33:43,584 INFO c.h.h.t.HelmChartContainer - [test-hivemq-platform] [hivemq] [f31c5d04]   JAVA_VERSION: 21
2025-01-30 18:33:43,584 INFO c.h.h.t.HelmChartContainer - [test-hivemq-platform] [hivemq] [f31c5d04] 
2025-01-30 18:33:43,584 INFO c.h.h.t.HelmChartContainer - [test-hivemq-platform] [hivemq] [f31c5d04] -------------------------------------------------------------------------
2025-01-30 18:33:43,584 INFO c.h.h.t.HelmChartContainer - [test-hivemq-platform] [hivemq] [f31c5d04] 
2025-01-30 18:33:44,690 INFO c.h.h.t.HelmChartContainer - [test-hivemq-platform] [hivemq] [f31c5d04] INFO  - [HiveMQ Platform Operator Init App 1.7.0-SNAPSHOT] Returning default Health API response 503 for readiness
2025-01-30 18:33:44,987 INFO c.h.h.t.HelmChartContainer - [EVENT] Warning [Unhealthy] Readiness probe failed: HTTP probe failed with statuscode: 503 [helmmqttit:test-hivemq-platform-0]
2025-01-30 18:33:44,987 INFO c.h.h.t.HelmChartContainer - Received Unhealthy event for container hivemq in pod test-hivemq-platform-0 [f31c5d04-94fe-4170-8497-cf31e0fd5994]
2025-01-30 18:33:46,282 INFO c.h.h.t.HelmChartContainer - [test-hivemq-platform] [hivemq] [f31c5d04] INFO  - Starting HiveMQ Enterprise Server
2025-01-30 18:33:46,289 INFO c.h.h.t.HelmChartContainer - [test-hivemq-platform] [hivemq] [f31c5d04] INFO  - HiveMQ version: 4.36.0
2025-01-30 18:33:46,289 INFO c.h.h.t.HelmChartContainer - [test-hivemq-platform] [hivemq] [f31c5d04] INFO  - HiveMQ home directory: /opt/hivemq
2025-01-30 18:33:46,289 INFO c.h.h.t.HelmChartContainer - [test-hivemq-platform] [hivemq] [f31c5d04] INFO  - Log Configuration was overridden by /opt/hivemq/conf/logback.xml
2025-01-30 18:33:47,677 INFO c.h.h.t.HelmChartContainer - [test-hivemq-platform] [hivemq] [f31c5d04] INFO  - Successfully loaded configuration from '/opt/hivemq/conf-k8s/config.xml'.
2025-01-30 18:33:48,475 INFO c.h.h.t.HelmChartContainer - [test-hivemq-platform] [hivemq] [f31c5d04] INFO  - This node's ID is LGId6
2025-01-30 18:33:48,475 INFO c.h.h.t.HelmChartContainer - [test-hivemq-platform] [hivemq] [f31c5d04] INFO  - Clustering is enabled
2025-01-30 18:33:48,802 INFO c.h.h.t.HelmChartContainer - [hivemq-test-hivemq-platform] [hivemq-platform-operator] [131f8cc1] 18:33:48.799 [pool-6-thread-11] DEBUG c.h.p.o.d.PlatformServiceResource - [helmmqtt] Desired Platform services (2 services)
2025-01-30 18:33:48,802 INFO c.h.h.t.HelmChartContainer - [hivemq-test-hivemq-platform] [hivemq-platform-operator] [131f8cc1] 18:33:48.800 [pool-6-thread-14] DEBUG c.h.p.o.d.PodServiceAccountResource - [helmmqtt] Desired PodServiceAccountResource (serviceAccountName: hivemq-platform-pod-test-hivemq-platform)
2025-01-30 18:33:48,803 INFO c.h.h.t.HelmChartContainer - [hivemq-test-hivemq-platform] [hivemq-platform-operator] [131f8cc1] 18:33:48.800 [pool-6-thread-15] DEBUG c.h.p.o.dependants.PodInfoConfigMap - [helmmqtt] Desired PodInfo ConfigMap (1 extensions) (1 enabled)
2025-01-30 18:33:48,804 INFO c.h.h.t.HelmChartContainer - [hivemq-test-hivemq-platform] [hivemq-platform-operator] [131f8cc1] 18:33:48.803 [pool-6-thread-15] DEBUG c.h.p.o.dependants.PodInfoConfigMap - [helmmqtt] Desired PodInfo ConfigMap (metrics port: 9399) (metrics path: /)
2025-01-30 18:33:48,804 INFO c.h.h.t.HelmChartContainer - [hivemq-test-hivemq-platform] [hivemq-platform-operator] [131f8cc1] 18:33:48.803 [pool-6-thread-15] DEBUG c.h.p.o.dependants.PodInfoConfigMap - [helmmqtt] Desired PodInfo ConfigMap (extension state hash: -1817474005)
2025-01-30 18:33:48,807 INFO c.h.h.t.HelmChartContainer - [hivemq-test-hivemq-platform] [hivemq-platform-operator] [131f8cc1] 18:33:48.806 [pool-6-thread-20] DEBUG c.h.p.o.d.StatefulSetResource - [helmmqtt] Desired StatefulSet (1 replicas) for status STARTING (READY)
2025-01-30 18:33:48,811 INFO c.h.h.t.HelmChartContainer - [hivemq-test-hivemq-platform] [hivemq-platform-operator] [131f8cc1] 18:33:48.810 [ReconcilerExecutor-hivemq-controller-110] INFO  c.h.p.o.HiveMQPlatformReconciler - [helmmqtt] Reconciling HiveMQ Platform 'test-hivemq-platform' in namespace 'helmmqttit'
2025-01-30 18:33:48,811 INFO c.h.h.t.HelmChartContainer - [hivemq-test-hivemq-platform] [hivemq-platform-operator] [131f8cc1] 18:33:48.810 [ReconcilerExecutor-hivemq-controller-110] DEBUG c.h.p.o.HiveMQPlatformReconciler - [helmmqtt] Custom Resource Status STARTING - HiveMQ Platform is starting (READY)
2025-01-30 18:33:48,811 INFO c.h.h.t.HelmChartContainer - [hivemq-test-hivemq-platform] [hivemq-platform-operator] [131f8cc1] 18:33:48.810 [ReconcilerExecutor-hivemq-controller-110] DEBUG c.h.p.o.HiveMQPlatformReconciler - [helmmqtt] Custom Resource Spec (replicas: 1) (extensions: 1)
2025-01-30 18:33:48,814 INFO c.h.h.t.HelmChartContainer - [hivemq-test-hivemq-platform] [hivemq-platform-operator] [131f8cc1] 18:33:48.813 [ReconcilerExecutor-hivemq-controller-110] DEBUG c.h.p.o.HiveMQPlatformReconciler - [helmmqtt] StatefulSet Status (revision: test-hivemq-platform-7bbc5894fb, replicas: 1, available: 0, ready: 0, current: 1, updated: 1)
2025-01-30 18:33:48,814 INFO c.h.h.t.HelmChartContainer - [hivemq-test-hivemq-platform] [hivemq-platform-operator] [131f8cc1] 18:33:48.813 [ReconcilerExecutor-hivemq-controller-110] DEBUG c.h.p.o.HiveMQPlatformReconciler - [helmmqtt] StatefulSet Spec (replicas: 1, init containers: 1, containers: 1, volumes: 3)
2025-01-30 18:33:48,816 INFO c.h.h.t.HelmChartContainer - [hivemq-test-hivemq-platform] [hivemq-platform-operator] [131f8cc1] 18:33:48.815 [ReconcilerExecutor-hivemq-controller-110] DEBUG c.h.p.o.h.HiveMQPlatformReconcilerErrorHandler - [helmmqtt] Pod 'test-hivemq-platform-0' phase Running
2025-01-30 18:33:48,817 INFO c.h.h.t.HelmChartContainer - [hivemq-test-hivemq-platform] [hivemq-platform-operator] [131f8cc1] 18:33:48.816 [ReconcilerExecutor-hivemq-controller-110] INFO  c.h.p.o.h.HiveMQPlatformReconcilerBaseHandler - [helmmqtt] HiveMQ Platform is starting, 0 of 1 replicas are ready
2025-01-30 18:33:50,275 INFO c.h.h.t.HelmChartContainer - [test-hivemq-platform] [hivemq] [f31c5d04] WARN  - [HiveMQ Platform Operator Init App 1.7.0-SNAPSHOT] Cannot connect to Health API for readiness: null
2025-01-30 18:33:50,280 INFO c.h.h.t.HelmChartContainer - [EVENT] Warning [Unhealthy] Readiness probe failed: HTTP probe failed with statuscode: 503 [helmmqttit:test-hivemq-platform-0]
2025-01-30 18:33:50,280 INFO c.h.h.t.HelmChartContainer - Received Unhealthy event for container hivemq in pod test-hivemq-platform-0 [f31c5d04-94fe-4170-8497-cf31e0fd5994]
2025-01-30 18:33:52,576 INFO c.h.h.t.HelmChartContainer - [test-hivemq-platform] [hivemq] [f31c5d04] Jan 30, 2025 6:33:52 PM io.vertx.core.impl.BlockedThreadChecker
2025-01-30 18:33:52,576 INFO c.h.h.t.HelmChartContainer - [test-hivemq-platform] [hivemq] [f31c5d04] WARNING: Thread Thread[vert.x-eventloop-thread-1,5,main] has been blocked for 2188 ms, time limit is 2000 ms
2025-01-30 18:33:53,481 INFO c.h.h.t.HelmChartContainer - [test-hivemq-platform] [hivemq] [f31c5d04] INFO  - [HiveMQ Platform Operator Init App 1.7.0-SNAPSHOT] Updating Pod HiveMQ Platform Operator Init App version annotation (version: 1.7.0-SNAPSHOT)
2025-01-30 18:33:54,192 INFO c.h.h.t.HelmChartContainer - [POD] test-hivemq-platform-0 [f31c5d04-94fe-4170-8497-cf31e0fd5994] in helmmqttit was MODIFIED
2025-01-30 18:33:54,272 INFO c.h.h.t.HelmChartContainer - [hivemq-test-hivemq-platform] [hivemq-platform-operator] [131f8cc1] 18:33:54.197 [pool-6-thread-22] DEBUG c.h.p.o.d.PlatformServiceResource - [helmmqtt] Desired Platform services (2 services)
2025-01-30 18:33:54,272 INFO c.h.h.t.HelmChartContainer - [hivemq-test-hivemq-platform] [hivemq-platform-operator] [131f8cc1] 18:33:54.200 [pool-6-thread-23] DEBUG c.h.p.o.dependants.PodInfoConfigMap - [helmmqtt] Desired PodInfo ConfigMap (1 extensions) (1 enabled)
2025-01-30 18:33:54,275 INFO c.h.h.t.HelmChartContainer - [hivemq-test-hivemq-platform] [hivemq-platform-operator] [131f8cc1] 18:33:54.201 [pool-6-thread-23] DEBUG c.h.p.o.dependants.PodInfoConfigMap - [helmmqtt] Desired PodInfo ConfigMap (metrics port: 9399) (metrics path: /)
2025-01-30 18:33:54,275 INFO c.h.h.t.HelmChartContainer - [hivemq-test-hivemq-platform] [hivemq-platform-operator] [131f8cc1] 18:33:54.201 [pool-6-thread-23] DEBUG c.h.p.o.dependants.PodInfoConfigMap - [helmmqtt] Desired PodInfo ConfigMap (extension state hash: -1817474005)
2025-01-30 18:33:54,277 INFO c.h.h.t.HelmChartContainer - [hivemq-test-hivemq-platform] [hivemq-platform-operator] [131f8cc1] 18:33:54.200 [pool-6-thread-26] DEBUG c.h.p.o.d.PodServiceAccountResource - [helmmqtt] Desired PodServiceAccountResource (serviceAccountName: hivemq-platform-pod-test-hivemq-platform)
2025-01-30 18:33:54,277 INFO c.h.h.t.HelmChartContainer - [hivemq-test-hivemq-platform] [hivemq-platform-operator] [131f8cc1] 18:33:54.203 [pool-6-thread-23] DEBUG c.h.p.o.d.StatefulSetResource - [helmmqtt] Desired StatefulSet (1 replicas) for status STARTING (READY)
2025-01-30 18:33:54,277 INFO c.h.h.t.HelmChartContainer - [hivemq-test-hivemq-platform] [hivemq-platform-operator] [131f8cc1] 18:33:54.206 [ReconcilerExecutor-hivemq-controller-111] INFO  c.h.p.o.HiveMQPlatformReconciler - [helmmqtt] Reconciling HiveMQ Platform 'test-hivemq-platform' in namespace 'helmmqttit'
2025-01-30 18:33:54,277 INFO c.h.h.t.HelmChartContainer - [hivemq-test-hivemq-platform] [hivemq-platform-operator] [131f8cc1] 18:33:54.206 [ReconcilerExecutor-hivemq-controller-111] DEBUG c.h.p.o.HiveMQPlatformReconciler - [helmmqtt] Custom Resource Status STARTING - HiveMQ Platform is starting (READY)
2025-01-30 18:33:54,277 INFO c.h.h.t.HelmChartContainer - [hivemq-test-hivemq-platform] [hivemq-platform-operator] [131f8cc1] 18:33:54.206 [ReconcilerExecutor-hivemq-controller-111] DEBUG c.h.p.o.HiveMQPlatformReconciler - [helmmqtt] Custom Resource Spec (replicas: 1) (extensions: 1)
2025-01-30 18:33:54,277 INFO c.h.h.t.HelmChartContainer - [hivemq-test-hivemq-platform] [hivemq-platform-operator] [131f8cc1] 18:33:54.207 [ReconcilerExecutor-hivemq-controller-111] DEBUG c.h.p.o.HiveMQPlatformReconciler - [helmmqtt] StatefulSet Status (revision: test-hivemq-platform-7bbc5894fb, replicas: 1, available: 0, ready: 0, current: 1, updated: 1)
2025-01-30 18:33:54,277 INFO c.h.h.t.HelmChartContainer - [hivemq-test-hivemq-platform] [hivemq-platform-operator] [131f8cc1] 18:33:54.208 [ReconcilerExecutor-hivemq-controller-111] DEBUG c.h.p.o.HiveMQPlatformReconciler - [helmmqtt] StatefulSet Spec (replicas: 1, init containers: 1, containers: 1, volumes: 3)
2025-01-30 18:33:54,277 INFO c.h.h.t.HelmChartContainer - [hivemq-test-hivemq-platform] [hivemq-platform-operator] [131f8cc1] 18:33:54.209 [ReconcilerExecutor-hivemq-controller-111] DEBUG c.h.p.o.h.HiveMQPlatformReconcilerErrorHandler - [helmmqtt] Pod 'test-hivemq-platform-0' phase Running
2025-01-30 18:33:54,279 INFO c.h.h.t.HelmChartContainer - [test-hivemq-platform] [hivemq] [f31c5d04] WARN  - [HiveMQ Platform Operator Init App 1.7.0-SNAPSHOT] Cannot connect to Health API for readiness: null
2025-01-30 18:33:54,281 INFO c.h.h.t.HelmChartContainer - [test-hivemq-platform] [hivemq] [f31c5d04] INFO  - [HiveMQ Platform Operator Init App 1.7.0-SNAPSHOT] Successfully updated Pod HiveMQ Platform Operator Init App version annotation (version: 1.7.0-SNAPSHOT)
2025-01-30 18:33:54,285 INFO c.h.h.t.HelmChartContainer - [EVENT] Warning [Unhealthy] Readiness probe failed: HTTP probe failed with statuscode: 503 [helmmqttit:test-hivemq-platform-0]
2025-01-30 18:33:54,285 INFO c.h.h.t.HelmChartContainer - Received Unhealthy event for container hivemq in pod test-hivemq-platform-0 [f31c5d04-94fe-4170-8497-cf31e0fd5994]
2025-01-30 18:33:54,289 INFO c.h.h.t.HelmChartContainer - [hivemq-test-hivemq-platform] [hivemq-platform-operator] [131f8cc1] 18:33:54.288 [ReconcilerExecutor-hivemq-controller-111] INFO  c.h.p.o.h.HiveMQPlatformReconcilerBaseHandler - [helmmqtt] HiveMQ Platform is starting, 0 of 1 replicas are ready
2025-01-30 18:33:59,260 INFO c.h.h.t.HelmChartContainer - [test-hivemq-platform] [hivemq] [f31c5d04] WARN  - [HiveMQ Platform Operator Init App 1.7.0-SNAPSHOT] Cannot connect to Health API for readiness: null
2025-01-30 18:33:59,278 INFO c.h.h.t.HelmChartContainer - [EVENT] Warning [Unhealthy] Readiness probe failed: HTTP probe failed with statuscode: 503 [helmmqttit:test-hivemq-platform-0]
2025-01-30 18:33:59,278 INFO c.h.h.t.HelmChartContainer - Received Unhealthy event for container hivemq in pod test-hivemq-platform-0 [f31c5d04-94fe-4170-8497-cf31e0fd5994]
2025-01-30 18:34:04,276 INFO c.h.h.t.HelmChartContainer - [test-hivemq-platform] [hivemq] [f31c5d04] WARN  - [HiveMQ Platform Operator Init App 1.7.0-SNAPSHOT] Cannot connect to Health API for readiness: null
2025-01-30 18:34:04,283 INFO c.h.h.t.HelmChartContainer - [EVENT] Warning [Unhealthy] Readiness probe failed: HTTP probe failed with statuscode: 503 [helmmqttit:test-hivemq-platform-0]
2025-01-30 18:34:04,283 INFO c.h.h.t.HelmChartContainer - Received Unhealthy event for container hivemq in pod test-hivemq-platform-0 [f31c5d04-94fe-4170-8497-cf31e0fd5994]
2025-01-30 18:34:04,293 INFO c.h.h.t.HelmChartContainer - [hivemq-test-hivemq-platform] [hivemq-platform-operator] [131f8cc1] 18:34:04.292 [pool-6-thread-36] DEBUG c.h.p.o.d.PlatformServiceResource - [helmmqtt] Desired Platform services (2 services)
2025-01-30 18:34:04,295 INFO c.h.h.t.HelmChartContainer - [hivemq-test-hivemq-platform] [hivemq-platform-operator] [131f8cc1] 18:34:04.293 [pool-6-thread-37] DEBUG c.h.p.o.dependants.PodInfoConfigMap - [helmmqtt] Desired PodInfo ConfigMap (1 extensions) (1 enabled)
2025-01-30 18:34:04,295 INFO c.h.h.t.HelmChartContainer - [hivemq-test-hivemq-platform] [hivemq-platform-operator] [131f8cc1] 18:34:04.293 [pool-6-thread-37] DEBUG c.h.p.o.dependants.PodInfoConfigMap - [helmmqtt] Desired PodInfo ConfigMap (metrics port: 9399) (metrics path: /)
2025-01-30 18:34:04,295 INFO c.h.h.t.HelmChartContainer - [hivemq-test-hivemq-platform] [hivemq-platform-operator] [131f8cc1] 18:34:04.293 [pool-6-thread-37] DEBUG c.h.p.o.dependants.PodInfoConfigMap - [helmmqtt] Desired PodInfo ConfigMap (extension state hash: -1817474005)
2025-01-30 18:34:04,295 INFO c.h.h.t.HelmChartContainer - [hivemq-test-hivemq-platform] [hivemq-platform-operator] [131f8cc1] 18:34:04.294 [pool-6-thread-31] DEBUG c.h.p.o.d.PodServiceAccountResource - [helmmqtt] Desired PodServiceAccountResource (serviceAccountName: hivemq-platform-pod-test-hivemq-platform)
2025-01-30 18:34:04,299 INFO c.h.h.t.HelmChartContainer - [hivemq-test-hivemq-platform] [hivemq-platform-operator] [131f8cc1] 18:34:04.297 [pool-6-thread-31] DEBUG c.h.p.o.d.StatefulSetResource - [helmmqtt] Desired StatefulSet (1 replicas) for status STARTING (READY)
2025-01-30 18:34:04,303 INFO c.h.h.t.HelmChartContainer - [hivemq-test-hivemq-platform] [hivemq-platform-operator] [131f8cc1] 18:34:04.302 [ReconcilerExecutor-hivemq-controller-112] INFO  c.h.p.o.HiveMQPlatformReconciler - [helmmqtt] Reconciling HiveMQ Platform 'test-hivemq-platform' in namespace 'helmmqttit'
2025-01-30 18:34:04,303 INFO c.h.h.t.HelmChartContainer - [hivemq-test-hivemq-platform] [hivemq-platform-operator] [131f8cc1] 18:34:04.302 [ReconcilerExecutor-hivemq-controller-112] DEBUG c.h.p.o.HiveMQPlatformReconciler - [helmmqtt] Custom Resource Status STARTING - HiveMQ Platform is starting (READY)
2025-01-30 18:34:04,304 INFO c.h.h.t.HelmChartContainer - [hivemq-test-hivemq-platform] [hivemq-platform-operator] [131f8cc1] 18:34:04.302 [ReconcilerExecutor-hivemq-controller-112] DEBUG c.h.p.o.HiveMQPlatformReconciler - [helmmqtt] Custom Resource Spec (replicas: 1) (extensions: 1)
2025-01-30 18:34:04,306 INFO c.h.h.t.HelmChartContainer - [hivemq-test-hivemq-platform] [hivemq-platform-operator] [131f8cc1] 18:34:04.304 [ReconcilerExecutor-hivemq-controller-112] DEBUG c.h.p.o.HiveMQPlatformReconciler - [helmmqtt] StatefulSet Status (revision: test-hivemq-platform-7bbc5894fb, replicas: 1, available: 0, ready: 0, current: 1, updated: 1)
2025-01-30 18:34:04,307 INFO c.h.h.t.HelmChartContainer - [hivemq-test-hivemq-platform] [hivemq-platform-operator] [131f8cc1] 18:34:04.304 [ReconcilerExecutor-hivemq-controller-112] DEBUG c.h.p.o.HiveMQPlatformReconciler - [helmmqtt] StatefulSet Spec (replicas: 1, init containers: 1, containers: 1, volumes: 3)
2025-01-30 18:34:04,307 INFO c.h.h.t.HelmChartContainer - [hivemq-test-hivemq-platform] [hivemq-platform-operator] [131f8cc1] 18:34:04.306 [ReconcilerExecutor-hivemq-controller-112] DEBUG c.h.p.o.h.HiveMQPlatformReconcilerErrorHandler - [helmmqtt] Pod 'test-hivemq-platform-0' phase Running
2025-01-30 18:34:04,307 INFO c.h.h.t.HelmChartContainer - [hivemq-test-hivemq-platform] [hivemq-platform-operator] [131f8cc1] 18:34:04.306 [ReconcilerExecutor-hivemq-controller-112] INFO  c.h.p.o.h.HiveMQPlatformReconcilerBaseHandler - [helmmqtt] HiveMQ Platform is starting, 0 of 1 replicas are ready
2025-01-30 18:34:04,774 INFO c.h.h.t.HelmChartContainer - [test-hivemq-platform] [hivemq] [f31c5d04] WARN  - [HiveMQ Platform Operator Init App 1.7.0-SNAPSHOT] Cannot connect to Health API for liveness: null
2025-01-30 18:34:04,774 INFO c.h.h.t.HelmChartContainer - [test-hivemq-platform] [hivemq] [f31c5d04] INFO  - [HiveMQ Platform Operator Init App 1.7.0-SNAPSHOT] Returning default Health API response 200 for liveness
2025-01-30 18:34:05,482 INFO c.h.h.t.HelmChartContainer - [test-hivemq-platform] [hivemq] [f31c5d04] INFO  - No valid license file found. Using trial license, restricted to 25 connections.
2025-01-30 18:34:09,273 INFO c.h.h.t.HelmChartContainer - [test-hivemq-platform] [hivemq] [f31c5d04] WARN  - [HiveMQ Platform Operator Init App 1.7.0-SNAPSHOT] Cannot connect to Health API for readiness: null
2025-01-30 18:34:09,280 INFO c.h.h.t.HelmChartContainer - [EVENT] Warning [Unhealthy] Readiness probe failed: HTTP probe failed with statuscode: 503 [helmmqttit:test-hivemq-platform-0]
2025-01-30 18:34:09,280 INFO c.h.h.t.HelmChartContainer - Received Unhealthy event for container hivemq in pod test-hivemq-platform-0 [f31c5d04-94fe-4170-8497-cf31e0fd5994]
2025-01-30 18:34:09,589 INFO c.h.h.t.HelmChartContainer - [test-hivemq-platform] [hivemq] [f31c5d04] INFO  - No valid license file for Data Hub found. Using free license, restricted to 1 policy.
2025-01-30 18:34:10,788 INFO c.h.h.t.HelmChartContainer - [test-hivemq-platform] [hivemq] [f31c5d04] INFO  - Audit Logger started.
2025-01-30 18:34:11,079 INFO c.h.h.t.HelmChartContainer - [test-hivemq-platform] [hivemq] [f31c5d04] INFO  - This node uses '1' CPU cores.
2025-01-30 18:34:11,084 INFO c.h.h.t.HelmChartContainer - [test-hivemq-platform] [hivemq] [f31c5d04] INFO  - Starting HiveMQ Health API on address 0.0.0.0 and port 8889
2025-01-30 18:34:11,882 INFO c.h.h.t.HelmChartContainer - [test-hivemq-platform] [hivemq] [f31c5d04] INFO  - Started HiveMQ Health API in 797ms
2025-01-30 18:34:12,485 INFO c.h.h.t.HelmChartContainer - [test-hivemq-platform] [hivemq] [f31c5d04] INFO  - Starting HiveMQ extension system.
2025-01-30 18:34:12,690 INFO c.h.h.t.HelmChartContainer - [test-hivemq-platform] [hivemq] [f31c5d04] INFO  - Starting extension with id "hivemq-dns-cluster-discovery" at /opt/hivemq/extensions/hivemq-dns-cluster-discovery
2025-01-30 18:34:13,185 INFO c.h.h.t.HelmChartContainer - [test-hivemq-platform] [hivemq] [f31c5d04] INFO  - Extension "DNS Cluster Discovery Extension" version 4.3.2 started successfully.
2025-01-30 18:34:13,185 INFO c.h.h.t.HelmChartContainer - [test-hivemq-platform] [hivemq] [f31c5d04] INFO  - Starting extension with id "hivemq-prometheus-extension" at /opt/hivemq/extensions/hivemq-prometheus-extension
2025-01-30 18:34:13,278 INFO c.h.h.t.HelmChartContainer - [test-hivemq-platform] [hivemq] [f31c5d04] INFO  - Using TCP cluster transport on address 10.42.0.13 and port 7000
2025-01-30 18:34:13,281 INFO c.h.h.t.HelmChartContainer - [test-hivemq-platform] [hivemq] [f31c5d04] INFO  - Using extension cluster discovery
2025-01-30 18:34:14,314 INFO c.h.h.t.HelmChartContainer - [hivemq-test-hivemq-platform] [hivemq-platform-operator] [131f8cc1] 18:34:14.310 [pool-6-thread-45] DEBUG c.h.p.o.d.PlatformServiceResource - [helmmqtt] Desired Platform services (2 services)
2025-01-30 18:34:14,314 INFO c.h.h.t.HelmChartContainer - [hivemq-test-hivemq-platform] [hivemq-platform-operator] [131f8cc1] 18:34:14.311 [pool-6-thread-46] DEBUG c.h.p.o.dependants.PodInfoConfigMap - [helmmqtt] Desired PodInfo ConfigMap (1 extensions) (1 enabled)
2025-01-30 18:34:14,314 INFO c.h.h.t.HelmChartContainer - [hivemq-test-hivemq-platform] [hivemq-platform-operator] [131f8cc1] 18:34:14.311 [pool-6-thread-46] DEBUG c.h.p.o.dependants.PodInfoConfigMap - [helmmqtt] Desired PodInfo ConfigMap (metrics port: 9399) (metrics path: /)
2025-01-30 18:34:14,314 INFO c.h.h.t.HelmChartContainer - [hivemq-test-hivemq-platform] [hivemq-platform-operator] [131f8cc1] 18:34:14.311 [pool-6-thread-46] DEBUG c.h.p.o.dependants.PodInfoConfigMap - [helmmqtt] Desired PodInfo ConfigMap (extension state hash: -1817474005)
2025-01-30 18:34:14,314 INFO c.h.h.t.HelmChartContainer - [hivemq-test-hivemq-platform] [hivemq-platform-operator] [131f8cc1] 18:34:14.312 [pool-6-thread-44] DEBUG c.h.p.o.d.PodServiceAccountResource - [helmmqtt] Desired PodServiceAccountResource (serviceAccountName: hivemq-platform-pod-test-hivemq-platform)
2025-01-30 18:34:14,320 INFO c.h.h.t.HelmChartContainer - [hivemq-test-hivemq-platform] [hivemq-platform-operator] [131f8cc1] 18:34:14.319 [pool-6-thread-44] DEBUG c.h.p.o.d.StatefulSetResource - [helmmqtt] Desired StatefulSet (1 replicas) for status STARTING (READY)
2025-01-30 18:34:14,376 INFO c.h.h.t.HelmChartContainer - [test-hivemq-platform] [hivemq] [f31c5d04] INFO  - Started Jetty Server exposing Prometheus Servlet on URI http://0.0.0.0:9399/
2025-01-30 18:34:14,376 INFO c.h.h.t.HelmChartContainer - [test-hivemq-platform] [hivemq] [f31c5d04] INFO  - Extension "Prometheus Monitoring Extension" version 4.0.12 started successfully.
2025-01-30 18:34:14,376 INFO c.h.h.t.HelmChartContainer - [test-hivemq-platform] [hivemq] [f31c5d04] INFO  - Starting extension with id "hivemq-allow-all-extension" at /opt/hivemq/extensions/hivemq-allow-all-extension
2025-01-30 18:34:14,376 INFO c.h.h.t.HelmChartContainer - [test-hivemq-platform] [hivemq] [f31c5d04] WARN  - 
2025-01-30 18:34:14,376 INFO c.h.h.t.HelmChartContainer - [test-hivemq-platform] [hivemq] [f31c5d04] ################################################################################################################
2025-01-30 18:34:14,376 INFO c.h.h.t.HelmChartContainer - [test-hivemq-platform] [hivemq] [f31c5d04] # This HiveMQ deployment is not secure! You are lacking Authentication and Authorization.                      #
2025-01-30 18:34:14,376 INFO c.h.h.t.HelmChartContainer - [test-hivemq-platform] [hivemq] [f31c5d04] # Right now any MQTT client can connect to the broker with a full set of permissions.                          #
2025-01-30 18:34:14,376 INFO c.h.h.t.HelmChartContainer - [test-hivemq-platform] [hivemq] [f31c5d04] # For production usage, add an appropriate security extension and remove the hivemq-allow-all extension.       #
2025-01-30 18:34:14,376 INFO c.h.h.t.HelmChartContainer - [test-hivemq-platform] [hivemq] [f31c5d04] # You can download security extensions from the HiveMQ Marketplace (https://www.hivemq.com/extensions/).       #
2025-01-30 18:34:14,376 INFO c.h.h.t.HelmChartContainer - [test-hivemq-platform] [hivemq] [f31c5d04] ################################################################################################################
2025-01-30 18:34:14,378 INFO c.h.h.t.HelmChartContainer - [test-hivemq-platform] [hivemq] [f31c5d04] INFO  - Extension "Allow All Extension" version 1.1.1 started successfully.
2025-01-30 18:34:14,389 INFO c.h.h.t.HelmChartContainer - [hivemq-test-hivemq-platform] [hivemq-platform-operator] [131f8cc1] 18:34:14.387 [ReconcilerExecutor-hivemq-controller-113] INFO  c.h.p.o.HiveMQPlatformReconciler - [helmmqtt] Reconciling HiveMQ Platform 'test-hivemq-platform' in namespace 'helmmqttit'
2025-01-30 18:34:14,389 INFO c.h.h.t.HelmChartContainer - [hivemq-test-hivemq-platform] [hivemq-platform-operator] [131f8cc1] 18:34:14.388 [ReconcilerExecutor-hivemq-controller-113] DEBUG c.h.p.o.HiveMQPlatformReconciler - [helmmqtt] Custom Resource Status STARTING - HiveMQ Platform is starting (READY)
2025-01-30 18:34:14,389 INFO c.h.h.t.HelmChartContainer - [hivemq-test-hivemq-platform] [hivemq-platform-operator] [131f8cc1] 18:34:14.388 [ReconcilerExecutor-hivemq-controller-113] DEBUG c.h.p.o.HiveMQPlatformReconciler - [helmmqtt] Custom Resource Spec (replicas: 1) (extensions: 1)
2025-01-30 18:34:14,392 INFO c.h.h.t.HelmChartContainer - [hivemq-test-hivemq-platform] [hivemq-platform-operator] [131f8cc1] 18:34:14.391 [ReconcilerExecutor-hivemq-controller-113] DEBUG c.h.p.o.HiveMQPlatformReconciler - [helmmqtt] StatefulSet Status (revision: test-hivemq-platform-7bbc5894fb, replicas: 1, available: 0, ready: 0, current: 1, updated: 1)
2025-01-30 18:34:14,393 INFO c.h.h.t.HelmChartContainer - [hivemq-test-hivemq-platform] [hivemq-platform-operator] [131f8cc1] 18:34:14.392 [ReconcilerExecutor-hivemq-controller-113] DEBUG c.h.p.o.HiveMQPlatformReconciler - [helmmqtt] StatefulSet Spec (replicas: 1, init containers: 1, containers: 1, volumes: 3)
2025-01-30 18:34:14,397 INFO c.h.h.t.HelmChartContainer - [hivemq-test-hivemq-platform] [hivemq-platform-operator] [131f8cc1] 18:34:14.395 [ReconcilerExecutor-hivemq-controller-113] DEBUG c.h.p.o.h.HiveMQPlatformReconcilerErrorHandler - [helmmqtt] Pod 'test-hivemq-platform-0' phase Running
2025-01-30 18:34:14,397 INFO c.h.h.t.HelmChartContainer - [hivemq-test-hivemq-platform] [hivemq-platform-operator] [131f8cc1] 18:34:14.396 [ReconcilerExecutor-hivemq-controller-113] INFO  c.h.p.o.h.HiveMQPlatformReconcilerBaseHandler - [helmmqtt] HiveMQ Platform is starting, 0 of 1 replicas are ready
2025-01-30 18:34:14,884 INFO c.h.h.t.HelmChartContainer - [test-hivemq-platform] [hivemq] [f31c5d04] INFO  - [HiveMQ Platform Operator Init App 1.7.0-SNAPSHOT] Returning Health API response 503 for readiness
2025-01-30 18:34:14,963 INFO c.h.h.t.HelmChartContainer - [EVENT] Warning [Unhealthy] Readiness probe failed: HTTP probe failed with statuscode: 503 [helmmqttit:test-hivemq-platform-0]
2025-01-30 18:34:14,963 INFO c.h.h.t.HelmChartContainer - Received Unhealthy event for container hivemq in pod test-hivemq-platform-0 [f31c5d04-94fe-4170-8497-cf31e0fd5994]
2025-01-30 18:34:16,360 INFO c.h.h.t.HelmChartContainer - [test-hivemq-platform] [hivemq] [f31c5d04] INFO  - LGId6: no members discovered after 2288 ms: creating cluster as first member
2025-01-30 18:34:16,366 INFO c.h.h.t.HelmChartContainer - [test-hivemq-platform] [hivemq] [f31c5d04] INFO  - Cluster nodes found by discovery: [LGId6|0] (1) [LGId6].
2025-01-30 18:34:16,460 INFO c.h.h.t.HelmChartContainer - [test-hivemq-platform] [hivemq] [f31c5d04] WARN  - No user for HiveMQ Control Center configured. Starting with default user
2025-01-30 18:34:16,460 INFO c.h.h.t.HelmChartContainer - [test-hivemq-platform] [hivemq] [f31c5d04] INFO  - Starting HiveMQ Control Center on address 127.0.0.1 and port 8080
2025-01-30 18:34:16,462 INFO c.h.h.t.HelmChartContainer - [test-hivemq-platform] [hivemq] [f31c5d04] INFO  - Mounting HiveMQ Control Center V2 Preview
2025-01-30 18:34:17,160 INFO c.h.h.t.HelmChartContainer - [test-hivemq-platform] [hivemq] [f31c5d04] INFO  - Started HiveMQ Control Center in 700ms
2025-01-30 18:34:17,178 INFO c.h.h.t.HelmChartContainer - [test-hivemq-platform] [hivemq] [f31c5d04] INFO  - Starting TCP listener on address 0.0.0.0 and port 1884
2025-01-30 18:34:17,267 INFO c.h.h.t.HelmChartContainer - [test-hivemq-platform] [hivemq] [f31c5d04] INFO  - Started TCP Listener on address 0.0.0.0 and on port 1884.
2025-01-30 18:34:17,268 INFO c.h.h.t.HelmChartContainer - [test-hivemq-platform] [hivemq] [f31c5d04] INFO  - Started HiveMQ in 31378ms
2025-01-30 18:34:19,198 INFO c.h.h.t.HelmChartContainer - [test-hivemq-platform] [hivemq] [f31c5d04] INFO  - [HiveMQ Platform Operator Init App 1.7.0-SNAPSHOT] Returning Health API response 200 for readiness
2025-01-30 18:34:19,210 INFO c.h.h.t.HelmChartContainer - [POD] test-hivemq-platform-0 [f31c5d04-94fe-4170-8497-cf31e0fd5994] in helmmqttit was MODIFIED
2025-01-30 18:34:19,218 INFO c.h.h.t.HelmChartContainer - [hivemq-test-hivemq-platform] [hivemq-platform-operator] [131f8cc1] 18:34:19.216 [pool-6-thread-6] DEBUG c.h.p.o.d.PlatformServiceResource - [helmmqtt] Desired Platform services (2 services)
2025-01-30 18:34:19,228 INFO c.h.h.t.HelmChartContainer - [hivemq-test-hivemq-platform] [hivemq-platform-operator] [131f8cc1] 18:34:19.217 [pool-6-thread-8] DEBUG c.h.p.o.dependants.PodInfoConfigMap - [helmmqtt] Desired PodInfo ConfigMap (1 extensions) (1 enabled)
2025-01-30 18:34:19,232 INFO c.h.h.t.HelmChartContainer - [hivemq-test-hivemq-platform] [hivemq-platform-operator] [131f8cc1] 18:34:19.226 [pool-6-thread-8] DEBUG c.h.p.o.dependants.PodInfoConfigMap - [helmmqtt] Desired PodInfo ConfigMap (metrics port: 9399) (metrics path: /)
2025-01-30 18:34:19,232 INFO c.h.h.t.HelmChartContainer - [hivemq-test-hivemq-platform] [hivemq-platform-operator] [131f8cc1] 18:34:19.227 [pool-6-thread-8] DEBUG c.h.p.o.dependants.PodInfoConfigMap - [helmmqtt] Desired PodInfo ConfigMap (extension state hash: -1817474005)
2025-01-30 18:34:19,232 INFO c.h.h.t.HelmChartContainer - [hivemq-test-hivemq-platform] [hivemq-platform-operator] [131f8cc1] 18:34:19.219 [pool-6-thread-1] DEBUG c.h.p.o.d.PodServiceAccountResource - [helmmqtt] Desired PodServiceAccountResource (serviceAccountName: hivemq-platform-pod-test-hivemq-platform)
2025-01-30 18:34:19,232 INFO c.h.h.t.HelmChartContainer - [hivemq-test-hivemq-platform] [hivemq-platform-operator] [131f8cc1] 18:34:19.230 [pool-6-thread-8] DEBUG c.h.p.o.d.StatefulSetResource - [helmmqtt] Desired StatefulSet (1 replicas) for status STARTING (READY)
2025-01-30 18:34:19,288 INFO c.h.h.t.HelmChartContainer - [hivemq-test-hivemq-platform] [hivemq-platform-operator] [131f8cc1] 18:34:19.287 [ReconcilerExecutor-hivemq-controller-114] INFO  c.h.p.o.HiveMQPlatformReconciler - [helmmqtt] Reconciling HiveMQ Platform 'test-hivemq-platform' in namespace 'helmmqttit'
2025-01-30 18:34:19,288 INFO c.h.h.t.HelmChartContainer - [hivemq-test-hivemq-platform] [hivemq-platform-operator] [131f8cc1] 18:34:19.287 [ReconcilerExecutor-hivemq-controller-114] DEBUG c.h.p.o.HiveMQPlatformReconciler - [helmmqtt] Custom Resource Status STARTING - HiveMQ Platform is starting (READY)
2025-01-30 18:34:19,288 INFO c.h.h.t.HelmChartContainer - [hivemq-test-hivemq-platform] [hivemq-platform-operator] [131f8cc1] 18:34:19.287 [ReconcilerExecutor-hivemq-controller-114] DEBUG c.h.p.o.HiveMQPlatformReconciler - [helmmqtt] Custom Resource Spec (replicas: 1) (extensions: 1)
2025-01-30 18:34:19,290 INFO c.h.h.t.HelmChartContainer - [hivemq-test-hivemq-platform] [hivemq-platform-operator] [131f8cc1] 18:34:19.289 [ReconcilerExecutor-hivemq-controller-114] DEBUG c.h.p.o.HiveMQPlatformReconciler - [helmmqtt] StatefulSet Status (revision: test-hivemq-platform-7bbc5894fb, replicas: 1, available: 1, ready: 1, current: 1, updated: 1)
2025-01-30 18:34:19,291 INFO c.h.h.t.HelmChartContainer - [hivemq-test-hivemq-platform] [hivemq-platform-operator] [131f8cc1] 18:34:19.290 [ReconcilerExecutor-hivemq-controller-114] DEBUG c.h.p.o.HiveMQPlatformReconciler - [helmmqtt] StatefulSet Spec (replicas: 1, init containers: 1, containers: 1, volumes: 3)
2025-01-30 18:34:19,292 INFO c.h.h.t.HelmChartContainer - [hivemq-test-hivemq-platform] [hivemq-platform-operator] [131f8cc1] 18:34:19.291 [ReconcilerExecutor-hivemq-controller-114] DEBUG c.h.p.o.h.HiveMQPlatformReconcilerErrorHandler - [helmmqtt] Pod 'test-hivemq-platform-0' phase Running
2025-01-30 18:34:19,292 INFO c.h.h.t.HelmChartContainer - [hivemq-test-hivemq-platform] [hivemq-platform-operator] [131f8cc1] 18:34:19.292 [ReconcilerExecutor-hivemq-controller-114] INFO  c.h.p.o.h.HiveMQPlatformReconcilerBaseHandler - [helmmqtt] HiveMQ Platform started successfully
2025-01-30 18:34:19,312 INFO c.h.h.t.HelmChartContainer - [hivemq-test-hivemq-platform] [hivemq-platform-operator] [131f8cc1] 18:34:19.310 [ReconcilerExecutor-hivemq-controller-114] DEBUG c.h.p.operator.event.EventSender - [helmmqtt] Creating K8s event hivemq-platform-ready: [Ready] HiveMQ Platform is ready
2025-01-30 18:34:19,314 INFO c.h.h.t.HelmChartContainer - [EVENT] Normal [Ready] HiveMQ Platform is ready [helmmqttit:test-hivemq-platform]
2025-01-30 18:34:19,389 INFO c.h.h.t.HelmChartContainer - [hivemq-test-hivemq-platform] [hivemq-platform-operator] [131f8cc1] 18:34:19.388 [ReconcilerExecutor-hivemq-controller-114] INFO  c.h.p.o.h.AbstractHiveMQReconcilerStateHandler - [helmmqtt] Update HiveMQ Platform Status (STARTING [READY] -> RUNNING [READY]): HiveMQ Platform is ready
2025-01-30 18:34:19,398 DEBUG com.hivemq.helmcharts.util.K8sUtil - Comparing actual state 'RUNNING' and waiting for 'RUNNING'
2025-01-30 18:34:19,402 INFO c.h.h.t.HelmChartContainer - [hivemq-test-hivemq-platform] [hivemq-platform-operator] [131f8cc1] 18:34:19.399 [pool-6-thread-19] DEBUG c.h.p.o.d.PlatformServiceResource - [helmmqtt] Desired Platform services (2 services)
2025-01-30 18:34:19,404 INFO c.h.h.t.HelmChartContainer - [hivemq-test-hivemq-platform] [hivemq-platform-operator] [131f8cc1] 18:34:19.402 [pool-6-thread-12] DEBUG c.h.p.o.d.PodServiceAccountResource - [helmmqtt] Desired PodServiceAccountResource (serviceAccountName: hivemq-platform-pod-test-hivemq-platform)
2025-01-30 18:34:19,410 INFO c.h.h.t.HelmChartContainer - [hivemq-test-hivemq-platform] [hivemq-platform-operator] [131f8cc1] 18:34:19.405 [pool-6-thread-13] DEBUG c.h.p.o.dependants.PodInfoConfigMap - [helmmqtt] Desired PodInfo ConfigMap (1 extensions) (1 enabled)
2025-01-30 18:34:19,410 INFO c.h.h.t.HelmChartContainer - [hivemq-test-hivemq-platform] [hivemq-platform-operator] [131f8cc1] 18:34:19.408 [pool-6-thread-13] DEBUG c.h.p.o.dependants.PodInfoConfigMap - [helmmqtt] Desired PodInfo ConfigMap (metrics port: 9399) (metrics path: /)
2025-01-30 18:34:19,410 INFO c.h.h.t.HelmChartContainer - [hivemq-test-hivemq-platform] [hivemq-platform-operator] [131f8cc1] 18:34:19.408 [pool-6-thread-13] DEBUG c.h.p.o.dependants.PodInfoConfigMap - [helmmqtt] Desired PodInfo ConfigMap (extension state hash: -1817474005)
2025-01-30 18:34:19,410 INFO c.h.h.t.HelmChartContainer - [hivemq-test-hivemq-platform] [hivemq-platform-operator] [131f8cc1] 18:34:19.409 [pool-6-thread-13] DEBUG c.h.p.o.dependants.PodInfoConfigMap - [helmmqtt] Update PodInfo ConfigMap
2025-01-30 18:34:19,490 INFO c.h.h.t.HelmChartContainer - [hivemq-test-hivemq-platform] [hivemq-platform-operator] [131f8cc1] 18:34:19.489 [pool-6-thread-13] DEBUG c.h.p.o.d.StatefulSetResource - [helmmqtt] Desired StatefulSet (1 replicas) for status RUNNING (READY)
2025-01-30 18:34:19,494 INFO c.h.h.t.HelmChartContainer - [hivemq-test-hivemq-platform] [hivemq-platform-operator] [131f8cc1] 18:34:19.493 [ReconcilerExecutor-hivemq-controller-115] INFO  c.h.p.o.HiveMQPlatformReconciler - [helmmqtt] Reconciling HiveMQ Platform 'test-hivemq-platform' in namespace 'helmmqttit'
2025-01-30 18:34:19,494 INFO c.h.h.t.HelmChartContainer - [hivemq-test-hivemq-platform] [hivemq-platform-operator] [131f8cc1] 18:34:19.493 [ReconcilerExecutor-hivemq-controller-115] DEBUG c.h.p.o.HiveMQPlatformReconciler - [helmmqtt] Custom Resource Status RUNNING - HiveMQ Platform is ready (READY)
2025-01-30 18:34:19,494 INFO c.h.h.t.HelmChartContainer - [hivemq-test-hivemq-platform] [hivemq-platform-operator] [131f8cc1] 18:34:19.493 [ReconcilerExecutor-hivemq-controller-115] DEBUG c.h.p.o.HiveMQPlatformReconciler - [helmmqtt] Custom Resource Spec (replicas: 1) (extensions: 1)
2025-01-30 18:34:19,496 INFO c.h.h.t.HelmChartContainer - [hivemq-test-hivemq-platform] [hivemq-platform-operator] [131f8cc1] 18:34:19.495 [ReconcilerExecutor-hivemq-controller-115] DEBUG c.h.p.o.HiveMQPlatformReconciler - [helmmqtt] StatefulSet Status (revision: test-hivemq-platform-7bbc5894fb, replicas: 1, available: 1, ready: 1, current: 1, updated: 1)
2025-01-30 18:34:19,496 INFO c.h.h.t.HelmChartContainer - [hivemq-test-hivemq-platform] [hivemq-platform-operator] [131f8cc1] 18:34:19.495 [ReconcilerExecutor-hivemq-controller-115] DEBUG c.h.p.o.HiveMQPlatformReconciler - [helmmqtt] StatefulSet Spec (replicas: 1, init containers: 1, containers: 1, volumes: 3)
2025-01-30 18:34:19,497 INFO c.h.h.t.HelmChartContainer - [hivemq-test-hivemq-platform] [hivemq-platform-operator] [131f8cc1] 18:34:19.496 [ReconcilerExecutor-hivemq-controller-115] DEBUG c.h.p.o.h.HiveMQPlatformReconcilerErrorHandler - [helmmqtt] Pod 'test-hivemq-platform-0' phase Running
2025-01-30 18:34:24,575 INFO c.h.h.t.HelmChartContainer - Uninstalling release 'test-hivemq-platform' in namespace 'helmmqttit'...
2025-01-30 18:34:24,575 DEBUG c.h.h.t.HelmChartContainer - Executing helm command: /bin/helm --kubeconfig /etc/rancher/k3s/k3s.yaml uninstall test-hivemq-platform  --wait --timeout 5m0s --cascade foreground --namespace helmmqttit
2025-01-30 18:34:24,771 INFO c.h.h.t.HelmChartContainer - [hivemq-test-hivemq-platform] [hivemq-platform-operator] [131f8cc1] 18:34:24.763 [pool-6-thread-24] DEBUG c.h.p.o.dependants.PodInfoConfigMap - [helmmqtt] Desired PodInfo ConfigMap (1 extensions) (1 enabled)
2025-01-30 18:34:24,772 INFO c.h.h.t.HelmChartContainer - [hivemq-test-hivemq-platform] [hivemq-platform-operator] [131f8cc1] 18:34:24.763 [pool-6-thread-24] DEBUG c.h.p.o.dependants.PodInfoConfigMap - [helmmqtt] Desired PodInfo ConfigMap (metrics port: 9399) (metrics path: /)
2025-01-30 18:34:24,772 INFO c.h.h.t.HelmChartContainer - [hivemq-test-hivemq-platform] [hivemq-platform-operator] [131f8cc1] 18:34:24.763 [pool-6-thread-24] DEBUG c.h.p.o.dependants.PodInfoConfigMap - [helmmqtt] Desired PodInfo ConfigMap (extension state hash: -1817474005)
2025-01-30 18:34:24,772 INFO c.h.h.t.HelmChartContainer - [hivemq-test-hivemq-platform] [hivemq-platform-operator] [131f8cc1] 18:34:24.760 [pool-6-thread-21] DEBUG c.h.p.o.d.PlatformServiceResource - [helmmqtt] Desired Platform services (2 services)
2025-01-30 18:34:24,790 INFO c.h.h.t.HelmChartContainer - [hivemq-test-hivemq-platform] [hivemq-platform-operator] [131f8cc1] 18:34:24.787 [pool-6-thread-27] DEBUG c.h.p.o.d.PodServiceAccountResource - [helmmqtt] Desired PodServiceAccountResource (serviceAccountName: hivemq-platform-pod-test-hivemq-platform)
2025-01-30 18:34:24,799 INFO c.h.h.t.HelmChartContainer - [hivemq-test-hivemq-platform] [hivemq-platform-operator] [131f8cc1] 18:34:24.795 [pool-6-thread-25] DEBUG c.h.p.o.d.StatefulSetResource - [helmmqtt] Desired StatefulSet (1 replicas) for status RUNNING (READY)
2025-01-30 18:34:24,802 INFO c.h.h.t.HelmChartContainer - [hivemq-test-hivemq-platform] [hivemq-platform-operator] [131f8cc1] 18:34:24.802 [pool-6-thread-25] DEBUG c.h.p.o.d.StatefulSetResource - [helmmqtt] Update StatefulSet (replicas: 1 -> 1)
2025-01-30 18:34:24,809 INFO c.h.h.t.HelmChartContainer - [hivemq-test-hivemq-platform] [hivemq-platform-operator] [131f8cc1] 18:34:24.807 [pool-6-thread-25] DEBUG c.h.p.o.d.StatefulSetResource - [helmmqtt] Detected change in StatefulSet specification (path: /template/metadata/annotations/kubernetes-resource-versions) (actual value: {broker-configuration-v2=319910904}) (target value: {broker-configuration-v2=0})
2025-01-30 18:34:24,809 INFO c.h.h.t.HelmChartContainer - [hivemq-test-hivemq-platform] [hivemq-platform-operator] [131f8cc1] 18:34:24.807 [pool-6-thread-25] INFO  c.h.p.o.d.StatefulSetResource - [helmmqtt] StatefulSet spec was updated, triggering rolling restart
2025-01-30 18:34:24,904 INFO c.h.h.t.HelmChartContainer - [hivemq-test-hivemq-platform] [hivemq-platform-operator] [131f8cc1] 18:34:24.902 [ReconcilerExecutor-hivemq-controller-116] INFO  c.h.p.o.HiveMQPlatformReconciler - [helmmqtt] Reconciling HiveMQ Platform 'test-hivemq-platform' in namespace 'helmmqttit'
2025-01-30 18:34:24,904 INFO c.h.h.t.HelmChartContainer - [hivemq-test-hivemq-platform] [hivemq-platform-operator] [131f8cc1] 18:34:24.902 [ReconcilerExecutor-hivemq-controller-116] DEBUG c.h.p.o.HiveMQPlatformReconciler - [helmmqtt] Custom Resource Status RUNNING - HiveMQ Platform is ready (READY) (reconciliation requests: ROLLING_RESTART, REQUESTS_UPDATED)
2025-01-30 18:34:24,904 INFO c.h.h.t.HelmChartContainer - [hivemq-test-hivemq-platform] [hivemq-platform-operator] [131f8cc1] 18:34:24.902 [ReconcilerExecutor-hivemq-controller-116] DEBUG c.h.p.o.HiveMQPlatformReconciler - [helmmqtt] Custom Resource Spec (replicas: 1) (extensions: 1)
2025-01-30 18:34:24,904 INFO c.h.h.t.HelmChartContainer - [hivemq-test-hivemq-platform] [hivemq-platform-operator] [131f8cc1] 18:34:24.903 [ReconcilerExecutor-hivemq-controller-116] WARN  c.h.p.o.h.HiveMQPlatformReconcilerErrorHandler - [helmmqtt] Could not find ConfigMap 'hivemq-configuration-test-hivemq-platform' for HiveMQ Platform configuration
2025-01-30 18:34:24,996 INFO c.h.h.t.HelmChartContainer - [hivemq-test-hivemq-platform] [hivemq-platform-operator] [131f8cc1] 18:34:24.995 [ReconcilerExecutor-hivemq-controller-116] DEBUG c.h.p.operator.event.EventSender - [helmmqtt] Creating K8s event hivemq-platform-invalid-configuration: [Start] Could not find ConfigMap 'hivemq-configuration-test-hivemq-platform' for HiveMQ Platform configuration
2025-01-30 18:34:25,001 INFO c.h.h.t.HelmChartContainer - [EVENT] Warning [Start] Could not find ConfigMap 'hivemq-configuration-test-hivemq-platform' for HiveMQ Platform configuration [helmmqttit:test-hivemq-platform]
2025-01-30 18:34:25,002 INFO c.h.h.t.HelmChartContainer - [hivemq-test-hivemq-platform] [hivemq-platform-operator] [131f8cc1] 18:34:25.000 [ReconcilerExecutor-hivemq-controller-116] INFO  c.h.p.o.h.AbstractHiveMQReconcilerStateHandler - [helmmqtt] Update HiveMQ Platform Status (RUNNING [READY] -> ERROR [INVALID_CONFIG_MAP]): Could not find ConfigMap 'hivemq-configuration-test-hivemq-platform' for HiveMQ Platform configuration (reconciliation requests: ROLLING_RESTART)
2025-01-30 18:34:25,090 INFO c.h.h.t.HelmChartContainer - [hivemq-test-hivemq-platform] [hivemq-platform-operator] [131f8cc1] 18:34:25.009 [ReconcilerExecutor-hivemq-controller-116] ERROR i.j.o.p.event.EventProcessor - Error during event processing ExecutionScope{ resource id: ResourceID{name='test-hivemq-platform', namespace='helmmqttit'}, version: 1394}
2025-01-30 18:34:25,090 INFO c.h.h.t.HelmChartContainer - [hivemq-test-hivemq-platform] [hivemq-platform-operator] [131f8cc1] io.fabric8.kubernetes.client.KubernetesClientException: Failure executing: PUT at: https://10.43.0.1:443/apis/hivemq.com/v1/namespaces/helmmqttit/hivemq-platforms/test-hivemq-platform/status. Message: Operation cannot be fulfilled on hivemq-platforms.hivemq.com "test-hivemq-platform": the object has been modified; please apply your changes to the latest version and try again. Received status: Status(apiVersion=v1, code=409, details=StatusDetails(causes=[], group=hivemq.com, kind=hivemq-platforms, name=test-hivemq-platform, retryAfterSeconds=null, uid=null, additionalProperties={}), kind=Status, message=Operation cannot be fulfilled on hivemq-platforms.hivemq.com "test-hivemq-platform": the object has been modified; please apply your changes to the latest version and try again, metadata=ListMeta(_continue=null, remainingItemCount=null, resourceVersion=null, selfLink=null, additionalProperties={}), reason=Conflict, status=Failure, additionalProperties={}).
2025-01-30 18:34:25,090 INFO c.h.h.t.HelmChartContainer - [hivemq-test-hivemq-platform] [hivemq-platform-operator] [131f8cc1] 	at io.fabric8.kubernetes.client.KubernetesClientException.copyAsCause(KubernetesClientException.java:238)
2025-01-30 18:34:25,090 INFO c.h.h.t.HelmChartContainer - [hivemq-test-hivemq-platform] [hivemq-platform-operator] [131f8cc1] 	at io.fabric8.kubernetes.client.dsl.internal.OperationSupport.waitForResult(OperationSupport.java:507)
2025-01-30 18:34:25,090 INFO c.h.h.t.HelmChartContainer - [hivemq-test-hivemq-platform] [hivemq-platform-operator] [131f8cc1] 	at io.fabric8.kubernetes.client.dsl.internal.OperationSupport.handleResponse(OperationSupport.java:524)
2025-01-30 18:34:25,090 INFO c.h.h.t.HelmChartContainer - [hivemq-test-hivemq-platform] [hivemq-platform-operator] [131f8cc1] 	at io.fabric8.kubernetes.client.dsl.internal.OperationSupport.handleUpdate(OperationSupport.java:358)
2025-01-30 18:34:25,090 INFO c.h.h.t.HelmChartContainer - [hivemq-test-hivemq-platform] [hivemq-platform-operator] [131f8cc1] 	at io.fabric8.kubernetes.client.dsl.internal.BaseOperation.handleUpdate(BaseOperation.java:759)
2025-01-30 18:34:25,090 INFO c.h.h.t.HelmChartContainer - [hivemq-test-hivemq-platform] [hivemq-platform-operator] [131f8cc1] 	at io.fabric8.kubernetes.client.dsl.internal.HasMetadataOperation.update(HasMetadataOperation.java:138)
2025-01-30 18:34:25,090 INFO c.h.h.t.HelmChartContainer - [hivemq-test-hivemq-platform] [hivemq-platform-operator] [131f8cc1] 	at io.fabric8.kubernetes.client.dsl.internal.HasMetadataOperation.update(HasMetadataOperation.java:121)
2025-01-30 18:34:25,090 INFO c.h.h.t.HelmChartContainer - [hivemq-test-hivemq-platform] [hivemq-platform-operator] [131f8cc1] 	at io.fabric8.kubernetes.client.dsl.internal.HasMetadataOperation.updateStatus(HasMetadataOperation.java:126)
2025-01-30 18:34:25,090 INFO c.h.h.t.HelmChartContainer - [hivemq-test-hivemq-platform] [hivemq-platform-operator] [131f8cc1] 	at io.fabric8.kubernetes.client.dsl.internal.HasMetadataOperation.updateStatus(HasMetadataOperation.java:44)
2025-01-30 18:34:25,090 INFO c.h.h.t.HelmChartContainer - [hivemq-test-hivemq-platform] [hivemq-platform-operator] [131f8cc1] 	at io.javaoperatorsdk.operator.processing.event.ReconciliationDispatcher$CustomResourceFacade.updateStatus(ReconciliationDispatcher.java:408)
2025-01-30 18:34:25,090 INFO c.h.h.t.HelmChartContainer - [hivemq-test-hivemq-platform] [hivemq-platform-operator] [131f8cc1] 	at io.javaoperatorsdk.operator.processing.event.ReconciliationDispatcher.updateStatusGenerationAware(ReconciliationDispatcher.java:228)
2025-01-30 18:34:25,091 INFO c.h.h.t.HelmChartContainer - [hivemq-test-hivemq-platform] [hivemq-platform-operator] [131f8cc1] 	at io.javaoperatorsdk.operator.processing.event.ReconciliationDispatcher.reconcileExecution(ReconciliationDispatcher.java:150)
2025-01-30 18:34:25,091 INFO c.h.h.t.HelmChartContainer - [hivemq-test-hivemq-platform] [hivemq-platform-operator] [131f8cc1] 	at io.javaoperatorsdk.operator.processing.event.ReconciliationDispatcher.handleReconcile(ReconciliationDispatcher.java:117)
2025-01-30 18:34:25,091 INFO c.h.h.t.HelmChartContainer - [hivemq-test-hivemq-platform] [hivemq-platform-operator] [131f8cc1] 	at io.javaoperatorsdk.operator.processing.event.ReconciliationDispatcher.handleDispatch(ReconciliationDispatcher.java:91)
2025-01-30 18:34:25,091 INFO c.h.h.t.HelmChartContainer - [hivemq-test-hivemq-platform] [hivemq-platform-operator] [131f8cc1] 	at io.javaoperatorsdk.operator.processing.event.ReconciliationDispatcher.handleExecution(ReconciliationDispatcher.java:64)
2025-01-30 18:34:25,091 INFO c.h.h.t.HelmChartContainer - [hivemq-test-hivemq-platform] [hivemq-platform-operator] [131f8cc1] 	at io.javaoperatorsdk.operator.processing.event.EventProcessor$ReconcilerExecutor.run(EventProcessor.java:452)
2025-01-30 18:34:25,091 INFO c.h.h.t.HelmChartContainer - [hivemq-test-hivemq-platform] [hivemq-platform-operator] [131f8cc1] 	at java.base/java.util.concurrent.ThreadPoolExecutor.runWorker(Unknown Source)
2025-01-30 18:34:25,091 INFO c.h.h.t.HelmChartContainer - [hivemq-test-hivemq-platform] [hivemq-platform-operator] [131f8cc1] 	at java.base/java.util.concurrent.ThreadPoolExecutor$Worker.run(Unknown Source)
2025-01-30 18:34:25,091 INFO c.h.h.t.HelmChartContainer - [hivemq-test-hivemq-platform] [hivemq-platform-operator] [131f8cc1] 	at java.base/java.lang.Thread.run(Unknown Source)
2025-01-30 18:34:25,091 INFO c.h.h.t.HelmChartContainer - [hivemq-test-hivemq-platform] [hivemq-platform-operator] [131f8cc1] Caused by: io.fabric8.kubernetes.client.KubernetesClientException: Failure executing: PUT at: https://10.43.0.1:443/apis/hivemq.com/v1/namespaces/helmmqttit/hivemq-platforms/test-hivemq-platform/status. Message: Operation cannot be fulfilled on hivemq-platforms.hivemq.com "test-hivemq-platform": the object has been modified; please apply your changes to the latest version and try again. Received status: Status(apiVersion=v1, code=409, details=StatusDetails(causes=[], group=hivemq.com, kind=hivemq-platforms, name=test-hivemq-platform, retryAfterSeconds=null, uid=null, additionalProperties={}), kind=Status, message=Operation cannot be fulfilled on hivemq-platforms.hivemq.com "test-hivemq-platform": the object has been modified; please apply your changes to the latest version and try again, metadata=ListMeta(_continue=null, remainingItemCount=null, resourceVersion=null, selfLink=null, additionalProperties={}), reason=Conflict, status=Failure, additionalProperties={}).
2025-01-30 18:34:25,091 INFO c.h.h.t.HelmChartContainer - [hivemq-test-hivemq-platform] [hivemq-platform-operator] [131f8cc1] 	at io.fabric8.kubernetes.client.dsl.internal.OperationSupport.requestFailure(OperationSupport.java:660)
2025-01-30 18:34:25,091 INFO c.h.h.t.HelmChartContainer - [hivemq-test-hivemq-platform] [hivemq-platform-operator] [131f8cc1] 	at io.fabric8.kubernetes.client.dsl.internal.OperationSupport.requestFailure(OperationSupport.java:640)
2025-01-30 18:34:25,091 INFO c.h.h.t.HelmChartContainer - [hivemq-test-hivemq-platform] [hivemq-platform-operator] [131f8cc1] 	at io.fabric8.kubernetes.client.dsl.internal.OperationSupport.assertResponseCode(OperationSupport.java:589)
2025-01-30 18:34:25,091 INFO c.h.h.t.HelmChartContainer - [hivemq-test-hivemq-platform] [hivemq-platform-operator] [131f8cc1] 	at io.fabric8.kubernetes.client.dsl.internal.OperationSupport.lambda$handleResponse$0(OperationSupport.java:549)
2025-01-30 18:34:25,091 INFO c.h.h.t.HelmChartContainer - [hivemq-test-hivemq-platform] [hivemq-platform-operator] [131f8cc1] 	at java.base/java.util.concurrent.CompletableFuture$UniApply.tryFire(Unknown Source)
2025-01-30 18:34:25,091 INFO c.h.h.t.HelmChartContainer - [hivemq-test-hivemq-platform] [hivemq-platform-operator] [131f8cc1] 	at java.base/java.util.concurrent.CompletableFuture.postComplete(Unknown Source)
2025-01-30 18:34:25,091 INFO c.h.h.t.HelmChartContainer - [hivemq-test-hivemq-platform] [hivemq-platform-operator] [131f8cc1] 	at java.base/java.util.concurrent.CompletableFuture.complete(Unknown Source)
2025-01-30 18:34:25,091 INFO c.h.h.t.HelmChartContainer - [hivemq-test-hivemq-platform] [hivemq-platform-operator] [131f8cc1] 	at io.fabric8.kubernetes.client.http.StandardHttpClient.lambda$completeOrCancel$10(StandardHttpClient.java:141)
2025-01-30 18:34:25,091 INFO c.h.h.t.HelmChartContainer - [hivemq-test-hivemq-platform] [hivemq-platform-operator] [131f8cc1] 	at java.base/java.util.concurrent.CompletableFuture.uniWhenComplete(Unknown Source)
2025-01-30 18:34:25,091 INFO c.h.h.t.HelmChartContainer - [hivemq-test-hivemq-platform] [hivemq-platform-operator] [131f8cc1] 	at java.base/java.util.concurrent.CompletableFuture$UniWhenComplete.tryFire(Unknown Source)
2025-01-30 18:34:25,091 INFO c.h.h.t.HelmChartContainer - [hivemq-test-hivemq-platform] [hivemq-platform-operator] [131f8cc1] 	at java.base/java.util.concurrent.CompletableFuture.postComplete(Unknown Source)
2025-01-30 18:34:25,091 INFO c.h.h.t.HelmChartContainer - [hivemq-test-hivemq-platform] [hivemq-platform-operator] [131f8cc1] 	at java.base/java.util.concurrent.CompletableFuture.complete(Unknown Source)
2025-01-30 18:34:25,091 INFO c.h.h.t.HelmChartContainer - [hivemq-test-hivemq-platform] [hivemq-platform-operator] [131f8cc1] 	at io.fabric8.kubernetes.client.http.ByteArrayBodyHandler.onBodyDone(ByteArrayBodyHandler.java:51)
2025-01-30 18:34:25,091 INFO c.h.h.t.HelmChartContainer - [hivemq-test-hivemq-platform] [hivemq-platform-operator] [131f8cc1] 	at java.base/java.util.concurrent.CompletableFuture.uniWhenComplete(Unknown Source)
2025-01-30 18:34:25,092 INFO c.h.h.t.HelmChartContainer - [hivemq-test-hivemq-platform] [hivemq-platform-operator] [131f8cc1] 	at java.base/java.util.concurrent.CompletableFuture$UniWhenComplete.tryFire(Unknown Source)
2025-01-30 18:34:25,092 INFO c.h.h.t.HelmChartContainer - [hivemq-test-hivemq-platform] [hivemq-platform-operator] [131f8cc1] 	at java.base/java.util.concurrent.CompletableFuture.postComplete(Unknown Source)
2025-01-30 18:34:25,092 INFO c.h.h.t.HelmChartContainer - [hivemq-test-hivemq-platform] [hivemq-platform-operator] [131f8cc1] 	at java.base/java.util.concurrent.CompletableFuture.complete(Unknown Source)
2025-01-30 18:34:25,092 INFO c.h.h.t.HelmChartContainer - [hivemq-test-hivemq-platform] [hivemq-platform-operator] [131f8cc1] 	at io.fabric8.kubernetes.client.vertx.VertxHttpRequest.lambda$null$1(VertxHttpRequest.java:121)
2025-01-30 18:34:25,092 INFO c.h.h.t.HelmChartContainer - [hivemq-test-hivemq-platform] [hivemq-platform-operator] [131f8cc1] 	at io.vertx.core.impl.ContextInternal.dispatch(ContextInternal.java:279)
2025-01-30 18:34:25,092 INFO c.h.h.t.HelmChartContainer - [hivemq-test-hivemq-platform] [hivemq-platform-operator] [131f8cc1] 	at io.vertx.core.impl.ContextInternal.dispatch(ContextInternal.java:261)
2025-01-30 18:34:25,092 INFO c.h.h.t.HelmChartContainer - [hivemq-test-hivemq-platform] [hivemq-platform-operator] [131f8cc1] 	at io.vertx.core.http.impl.HttpEventHandler.handleEnd(HttpEventHandler.java:76)
2025-01-30 18:34:25,092 INFO c.h.h.t.HelmChartContainer - [hivemq-test-hivemq-platform] [hivemq-platform-operator] [131f8cc1] 	at io.vertx.core.http.impl.HttpClientResponseImpl.handleEnd(HttpClientResponseImpl.java:250)
2025-01-30 18:34:25,092 INFO c.h.h.t.HelmChartContainer - [hivemq-test-hivemq-platform] [hivemq-platform-operator] [131f8cc1] 	at io.vertx.core.http.impl.Http1xClientConnection$StreamImpl.lambda$new$0(Http1xClientConnection.java:421)
2025-01-30 18:34:25,092 INFO c.h.h.t.HelmChartContainer - [hivemq-test-hivemq-platform] [hivemq-platform-operator] [131f8cc1] 	at io.vertx.core.streams.impl.InboundBuffer.handleEvent(InboundBuffer.java:279)
2025-01-30 18:34:25,092 INFO c.h.h.t.HelmChartContainer - [hivemq-test-hivemq-platform] [hivemq-platform-operator] [131f8cc1] 	at io.vertx.core.streams.impl.InboundBuffer.write(InboundBuffer.java:157)
2025-01-30 18:34:25,092 INFO c.h.h.t.HelmChartContainer - [hivemq-test-hivemq-platform] [hivemq-platform-operator] [131f8cc1] 	at io.vertx.core.http.impl.Http1xClientConnection$StreamImpl.handleEnd(Http1xClientConnection.java:709)
2025-01-30 18:34:25,092 INFO c.h.h.t.HelmChartContainer - [hivemq-test-hivemq-platform] [hivemq-platform-operator] [131f8cc1] 	at io.vertx.core.impl.ContextImpl.lambda$execute$4(ContextImpl.java:315)
2025-01-30 18:34:25,092 INFO c.h.h.t.HelmChartContainer - [hivemq-test-hivemq-platform] [hivemq-platform-operator] [131f8cc1] 	at io.netty.util.concurrent.AbstractEventExecutor.runTask(AbstractEventExecutor.java:173)
2025-01-30 18:34:25,092 INFO c.h.h.t.HelmChartContainer - [hivemq-test-hivemq-platform] [hivemq-platform-operator] [131f8cc1] 	at io.netty.util.concurrent.AbstractEventExecutor.safeExecute(AbstractEventExecutor.java:166)
2025-01-30 18:34:25,092 INFO c.h.h.t.HelmChartContainer - [hivemq-test-hivemq-platform] [hivemq-platform-operator] [131f8cc1] 	at io.netty.util.concurrent.SingleThreadEventExecutor.runAllTasks(SingleThreadEventExecutor.java:472)
2025-01-30 18:34:25,092 INFO c.h.h.t.HelmChartContainer - [hivemq-test-hivemq-platform] [hivemq-platform-operator] [131f8cc1] 	at io.netty.channel.nio.NioEventLoop.run(NioEventLoop.java:569)
2025-01-30 18:34:25,092 INFO c.h.h.t.HelmChartContainer - [hivemq-test-hivemq-platform] [hivemq-platform-operator] [131f8cc1] 	at io.netty.util.concurrent.SingleThreadEventExecutor$4.run(SingleThreadEventExecutor.java:997)
2025-01-30 18:34:25,092 INFO c.h.h.t.HelmChartContainer - [hivemq-test-hivemq-platform] [hivemq-platform-operator] [131f8cc1] 	at io.netty.util.internal.ThreadExecutorMap$2.run(ThreadExecutorMap.java:74)
2025-01-30 18:34:25,092 INFO c.h.h.t.HelmChartContainer - [hivemq-test-hivemq-platform] [hivemq-platform-operator] [131f8cc1] 	at io.netty.util.concurrent.FastThreadLocalRunnable.run(FastThreadLocalRunnable.java:30)
2025-01-30 18:34:25,092 INFO c.h.h.t.HelmChartContainer - [hivemq-test-hivemq-platform] [hivemq-platform-operator] [131f8cc1] 	... 1 common frames omitted
2025-01-30 18:34:25,094 INFO c.h.h.t.HelmChartContainer - [hivemq-test-hivemq-platform] [hivemq-platform-operator] [131f8cc1] 18:34:25.093 [ReconcilerExecutor-hivemq-controller-119] INFO  c.h.p.o.HiveMQPlatformReconciler - [helmmqtt] Cleanup test-hivemq-platform - helmmqttit HiveMQ Platform is shut down
2025-01-30 18:34:25,141 INFO c.h.h.t.HelmChartContainer - [POD] test-hivemq-platform-0 [f31c5d04-94fe-4170-8497-cf31e0fd5994] in helmmqttit was MODIFIED
2025-01-30 18:34:25,148 INFO c.h.h.t.HelmChartContainer - [EVENT] Normal [Killing] Stopping container hivemq [helmmqttit:test-hivemq-platform-0]
2025-01-30 18:34:25,148 INFO c.h.h.t.HelmChartContainer - Received Killing event for container hivemq in pod test-hivemq-platform-0 [f31c5d04-94fe-4170-8497-cf31e0fd5994]
2025-01-30 18:34:25,149 INFO c.h.h.t.HelmChartContainer - Container [test-hivemq-platform-0] [hivemq] [f31c5d04-94fe-4170-8497-cf31e0fd5994] was terminated
2025-01-30 18:34:25,149 INFO c.h.h.t.HelmChartContainer - Stopped log watcher for hivemq in pod test-hivemq-platform-0 [f31c5d04-94fe-4170-8497-cf31e0fd5994]
2025-01-30 18:34:25,159 INFO c.h.h.t.HelmChartContainer - [test-hivemq-platform] [hivemq] [f31c5d04] INFO  - [HiveMQ Platform Operator Init App 1.7.0-SNAPSHOT] Shutting down
2025-01-30 18:34:25,159 INFO c.h.h.t.HelmChartContainer - [test-hivemq-platform] [hivemq] [f31c5d04] INFO  - [HiveMQ Platform Operator Init App 1.7.0-SNAPSHOT] Stopping the HiveMQ Platform
2025-01-30 18:34:25,277 INFO c.h.h.t.HelmChartContainer - [test-hivemq-platform] [hivemq] [f31c5d04] INFO  - Shutting down HiveMQ. Please wait, this could take a while...
2025-01-30 18:34:25,361 INFO c.h.h.t.HelmChartContainer - [test-hivemq-platform] [hivemq] [f31c5d04] INFO  - Shutting down listeners and clients
2025-01-30 18:34:25,363 INFO c.h.h.t.HelmChartContainer - [test-hivemq-platform] [hivemq] [f31c5d04] INFO  - Shutdown of listeners is done
2025-01-30 18:34:25,363 INFO c.h.h.t.HelmChartContainer - [test-hivemq-platform] [hivemq] [f31c5d04] INFO  - No clients are connected, proceeding with shutdown
2025-01-30 18:34:26,807 INFO c.h.h.t.HelmChartContainer - Deleting namespace 'helmmqttit'...
2025-01-30 18:34:28,579 INFO c.h.h.t.HelmChartContainer - [test-hivemq-platform] [hivemq] [f31c5d04] INFO  - Shutting down extension system
2025-01-30 18:34:28,581 INFO c.h.h.t.HelmChartContainer - [test-hivemq-platform] [hivemq] [f31c5d04] INFO  - Stopping extension with id hivemq-dns-cluster-discovery
2025-01-30 18:34:28,581 INFO c.h.h.t.HelmChartContainer - [test-hivemq-platform] [hivemq] [f31c5d04] INFO  - Extension "DNS Cluster Discovery Extension" version 4.3.2 stopped successfully.
2025-01-30 18:34:28,583 INFO c.h.h.t.HelmChartContainer - [test-hivemq-platform] [hivemq] [f31c5d04] INFO  - Stopping extension with id hivemq-prometheus-extension
2025-01-30 18:34:28,586 INFO c.h.h.t.HelmChartContainer - [test-hivemq-platform] [hivemq] [f31c5d04] INFO  - Extension "Prometheus Monitoring Extension" version 4.0.12 stopped successfully.
2025-01-30 18:34:28,587 INFO c.h.h.t.HelmChartContainer - [test-hivemq-platform] [hivemq] [f31c5d04] INFO  - Stopping extension with id hivemq-allow-all-extension
2025-01-30 18:34:28,587 INFO c.h.h.t.HelmChartContainer - [test-hivemq-platform] [hivemq] [f31c5d04] INFO  - Extension "Allow All Extension" version 1.1.1 stopped successfully.
2025-01-30 18:34:29,193 INFO c.h.h.t.HelmChartContainer - [test-hivemq-platform] [hivemq] [f31c5d04] INFO  - [HiveMQ Platform Operator Init App 1.7.0-SNAPSHOT] Returning shutdown Health API response 503 for readiness
2025-01-30 18:34:29,197 INFO c.h.h.t.HelmChartContainer - [EVENT] Warning [Unhealthy] Readiness probe failed: HTTP probe failed with statuscode: 503 [helmmqttit:test-hivemq-platform-0]
2025-01-30 18:34:29,197 INFO c.h.h.t.HelmChartContainer - Received Unhealthy event for container hivemq in pod test-hivemq-platform-0 [f31c5d04-94fe-4170-8497-cf31e0fd5994]
2025-01-30 18:34:29,614 INFO c.h.h.t.HelmChartContainer - [test-hivemq-platform] [hivemq] [f31c5d04] WARN  - [HiveMQ Platform Operator Init App 1.7.0-SNAPSHOT] Could not update Pod annotations: Failure executing: GET at: https://10.43.0.1:443/api/v1/namespaces/helmmqttit/pods/test-hivemq-platform-0. Message: pods "test-hivemq-platform-0" is forbidden: User "system:serviceaccount:helmmqttit:hivemq-platform-pod-test-hivemq-platform" cannot get resource "pods" in API group "" in the namespace "helmmqttit". Received status: Status(apiVersion=v1, code=403, details=StatusDetails(causes=[], group=null, kind=pods, name=test-hivemq-platform-0, retryAfterSeconds=null, uid=null, additionalProperties={}), kind=Status, message=pods "test-hivemq-platform-0" is forbidden: User "system:serviceaccount:helmmqttit:hivemq-platform-pod-test-hivemq-platform" cannot get resource "pods" in API group "" in the namespace "helmmqttit", metadata=ListMeta(_continue=null, remainingItemCount=null, resourceVersion=null, selfLink=null, additionalProperties={}), reason=Forbidden, status=Failure, additionalProperties={}).
2025-01-30 18:34:30,868 INFO c.h.h.t.HelmChartContainer - [test-hivemq-platform] [hivemq] [f31c5d04] INFO  - Shutdown completed.
2025-01-30 18:34:31,215 INFO c.h.h.t.HelmChartContainer - [test-hivemq-platform] [hivemq] [f31c5d04] INFO  - [HiveMQ Platform Operator Init App 1.7.0-SNAPSHOT] The HiveMQ Platform exited with code 143
2025-01-30 18:34:31,215 INFO c.h.h.t.HelmChartContainer - [test-hivemq-platform] [hivemq] [f31c5d04] INFO  - [HiveMQ Platform Operator Init App 1.7.0-SNAPSHOT] Stopping the REST API
2025-01-30 18:34:31,221 INFO c.h.h.t.HelmChartContainer - [test-hivemq-platform] [hivemq] [f31c5d04] INFO  - [HiveMQ Platform Operator Init App 1.7.0-SNAPSHOT] Shutdown complete
2025-01-30 18:34:31,712 INFO c.h.h.t.HelmChartContainer - [POD] test-hivemq-platform-0 [f31c5d04-94fe-4170-8497-cf31e0fd5994] in helmmqttit was MODIFIED
2025-01-30 18:34:31,714 INFO c.h.h.t.HelmChartContainer - [K3S] [stateful_set.go:438] "Unhandled Error" err="error syncing StatefulSet helmmqttit/test-hivemq-platform, requeuing: controllerrevisions.apps \"test-hivemq-platform-86c78c5c66\" is forbidden: unable to create new content in namespace helmmqttit because it is being terminated"
2025-01-30 18:34:31,723 INFO c.h.h.t.HelmChartContainer - [K3S] [stateful_set.go:438] "Unhandled Error" err="error syncing StatefulSet helmmqttit/test-hivemq-platform, requeuing: controllerrevisions.apps \"test-hivemq-platform-86c78c5c66\" is forbidden: unable to create new content in namespace helmmqttit because it is being terminated"
2025-01-30 18:34:31,737 INFO c.h.h.t.HelmChartContainer - [K3S] [stateful_set.go:438] "Unhandled Error" err="error syncing StatefulSet helmmqttit/test-hivemq-platform, requeuing: controllerrevisions.apps \"test-hivemq-platform-86c78c5c66\" is forbidden: unable to create new content in namespace helmmqttit because it is being terminated"
2025-01-30 18:34:31,752 INFO c.h.h.t.HelmChartContainer - [K3S] [scope.go:117] "RemoveContainer" containerID="e2fa62129dcbeaa0d3ba247abc48a2cea0b0494cee410c3704310f245dbefabc"
2025-01-30 18:34:31,761 INFO c.h.h.t.HelmChartContainer - [K3S] [stateful_set.go:438] "Unhandled Error" err="error syncing StatefulSet helmmqttit/test-hivemq-platform, requeuing: controllerrevisions.apps \"test-hivemq-platform-86c78c5c66\" is forbidden: unable to create new content in namespace helmmqttit because it is being terminated"
2025-01-30 18:34:31,804 INFO c.h.h.t.HelmChartContainer - [K3S] [stateful_set.go:438] "Unhandled Error" err="error syncing StatefulSet helmmqttit/test-hivemq-platform, requeuing: controllerrevisions.apps \"test-hivemq-platform-86c78c5c66\" is forbidden: unable to create new content in namespace helmmqttit because it is being terminated"
2025-01-30 18:34:31,812 INFO c.h.h.t.HelmChartContainer - [K3S] [reconciler_common.go:162] "operationExecutor.UnmountVolume started for volume \"pod-info\" (UniqueName: \"kubernetes.io/configmap/f31c5d04-94fe-4170-8497-cf31e0fd5994-pod-info\") pod \"f31c5d04-94fe-4170-8497-cf31e0fd5994\" (UID: \"f31c5d04-94fe-4170-8497-cf31e0fd5994\") "
2025-01-30 18:34:31,812 INFO c.h.h.t.HelmChartContainer - [K3S] [reconciler_common.go:162] "operationExecutor.UnmountVolume started for volume \"kube-api-access-cb5nj\" (UniqueName: \"kubernetes.io/projected/f31c5d04-94fe-4170-8497-cf31e0fd5994-kube-api-access-cb5nj\") pod \"f31c5d04-94fe-4170-8497-cf31e0fd5994\" (UID: \"f31c5d04-94fe-4170-8497-cf31e0fd5994\") "
2025-01-30 18:34:31,812 INFO c.h.h.t.HelmChartContainer - [K3S] [reconciler_common.go:162] "operationExecutor.UnmountVolume started for volume \"broker-configuration\" (UniqueName: \"kubernetes.io/configmap/f31c5d04-94fe-4170-8497-cf31e0fd5994-broker-configuration\") pod \"f31c5d04-94fe-4170-8497-cf31e0fd5994\" (UID: \"f31c5d04-94fe-4170-8497-cf31e0fd5994\") "
2025-01-30 18:34:31,812 INFO c.h.h.t.HelmChartContainer - [K3S] [reconciler_common.go:162] "operationExecutor.UnmountVolume started for volume \"operator-init\" (UniqueName: \"kubernetes.io/empty-dir/f31c5d04-94fe-4170-8497-cf31e0fd5994-operator-init\") pod \"f31c5d04-94fe-4170-8497-cf31e0fd5994\" (UID: \"f31c5d04-94fe-4170-8497-cf31e0fd5994\") "
2025-01-30 18:34:31,852 INFO c.h.h.t.HelmChartContainer - [K3S] [scope.go:117] "RemoveContainer" containerID="f4f7f84359dcc9108ab395015c376df79ac4073589165f0cc1bf820da02bf729"
2025-01-30 18:34:31,856 INFO c.h.h.t.HelmChartContainer - [K3S] [scope.go:117] "RemoveContainer" containerID="e2fa62129dcbeaa0d3ba247abc48a2cea0b0494cee410c3704310f245dbefabc"
2025-01-30 18:34:31,856 INFO c.h.h.t.HelmChartContainer - [K3S] [scope.go:117] "RemoveContainer" containerID="f4f7f84359dcc9108ab395015c376df79ac4073589165f0cc1bf820da02bf729"
2025-01-30 18:34:31,887 INFO c.h.h.t.HelmChartContainer - [K3S] [stateful_set.go:438] "Unhandled Error" err="error syncing StatefulSet helmmqttit/test-hivemq-platform, requeuing: controllerrevisions.apps \"test-hivemq-platform-86c78c5c66\" is forbidden: unable to create new content in namespace helmmqttit because it is being terminated"
2025-01-30 18:34:31,903 INFO c.h.h.t.HelmChartContainer - [K3S] [stateful_set.go:466] "StatefulSet has been deleted" key="helmmqttit/test-hivemq-platform"
2025-01-30 18:34:31,912 INFO c.h.h.t.HelmChartContainer - [K3S] [reconciler_common.go:299] "Volume detached for volume \"broker-configuration\" (UniqueName: \"kubernetes.io/configmap/f31c5d04-94fe-4170-8497-cf31e0fd5994-broker-configuration\") on node \"bad0b85700c6\" DevicePath \"\""
2025-01-30 18:34:31,912 INFO c.h.h.t.HelmChartContainer - [K3S] [reconciler_common.go:299] "Volume detached for volume \"operator-init\" (UniqueName: \"kubernetes.io/empty-dir/f31c5d04-94fe-4170-8497-cf31e0fd5994-operator-init\") on node \"bad0b85700c6\" DevicePath \"\""
2025-01-30 18:34:31,912 INFO c.h.h.t.HelmChartContainer - [K3S] [reconciler_common.go:299] "Volume detached for volume \"pod-info\" (UniqueName: \"kubernetes.io/configmap/f31c5d04-94fe-4170-8497-cf31e0fd5994-pod-info\") on node \"bad0b85700c6\" DevicePath \"\""
2025-01-30 18:34:31,912 INFO c.h.h.t.HelmChartContainer - [K3S] [reconciler_common.go:299] "Volume detached for volume \"kube-api-access-cb5nj\" (UniqueName: \"kubernetes.io/projected/f31c5d04-94fe-4170-8497-cf31e0fd5994-kube-api-access-cb5nj\") on node \"bad0b85700c6\" DevicePath \"\""
2025-01-30 18:34:31,963 INFO c.h.h.t.HelmChartContainer - [K3S] [namespace_controller.go:164] "Unhandled Error" err="deletion of namespace helmmqttit failed: unexpected items still remain in namespace: helmmqttit for gvr: /v1, Resource=pods"
2025-01-30 18:34:32,049 INFO c.h.h.t.HelmChartContainer - [K3S] [stateful_set.go:466] "StatefulSet has been deleted" key="helmmqttit/test-hivemq-platform"
2025-01-30 18:34:32,065 INFO c.h.h.t.HelmChartContainer - [POD] test-hivemq-platform-0 [f31c5d04-94fe-4170-8497-cf31e0fd5994] in helmmqttit was MODIFIED
2025-01-30 18:34:32,068 INFO c.h.h.t.HelmChartContainer - [POD] test-hivemq-platform-0 [f31c5d04-94fe-4170-8497-cf31e0fd5994] in helmmqttit was DELETED
2025-01-30 18:34:32,327 INFO c.h.h.t.HelmChartContainer - Namespace 'helmmqttit' deleted
2025-01-30 18:34:32,327 INFO c.h.h.t.HelmChartContainer - Release 'test-hivemq-platform' in namespace 'helmmqttit' is uninstalled
2025-01-30 18:34:32,327 INFO c.h.h.t.HelmChartContainer - Uninstalling release 'test-hivemq-platform-operator' in namespace 'helmmqttit-operator'...
2025-01-30 18:34:32,327 DEBUG c.h.h.t.HelmChartContainer - Executing helm command: /bin/helm --kubeconfig /etc/rancher/k3s/k3s.yaml uninstall test-hivemq-platform-operator  --wait --timeout 5m0s --cascade foreground --namespace helmmqttit-operator
2025-01-30 18:34:32,494 INFO c.h.h.t.HelmChartContainer - [K3S] [replica_set.go:679] "Finished syncing" kind="ReplicaSet" key="helmmqttit-operator/hivemq-test-hivemq-platform-operator-6966f96d65" duration="9.033154ms"
2025-01-30 18:34:32,495 INFO c.h.h.t.HelmChartContainer - [K3S] [replica_set.go:679] "Finished syncing" kind="ReplicaSet" key="helmmqttit-operator/hivemq-test-hivemq-platform-operator-6966f96d65" duration="38.432µs"
2025-01-30 18:34:32,510 INFO c.h.h.t.HelmChartContainer - [POD] hivemq-test-hivemq-platform-operator-6966f96d65-9dnjz [131f8cc1-f1f1-4d5f-8ba2-1e51ae03b81e] in helmmqttit-operator was MODIFIED
2025-01-30 18:34:32,521 INFO c.h.h.t.HelmChartContainer - [EVENT] Normal [Killing] Stopping container hivemq-platform-operator [helmmqttit-operator:hivemq-test-hivemq-platform-operator-6966f96d65-9dnjz]
2025-01-30 18:34:32,522 INFO c.h.h.t.HelmChartContainer - Received Killing event for container hivemq-platform-operator in pod hivemq-test-hivemq-platform-operator-6966f96d65-9dnjz [131f8cc1-f1f1-4d5f-8ba2-1e51ae03b81e]
2025-01-30 18:34:32,522 INFO c.h.h.t.HelmChartContainer - Container [hivemq-test-hivemq-platform-operator-6966f96d65-9dnjz] [hivemq-platform-operator] [131f8cc1-f1f1-4d5f-8ba2-1e51ae03b81e] was terminated
2025-01-30 18:34:32,522 INFO c.h.h.t.HelmChartContainer - Stopped log watcher for hivemq-platform-operator in pod hivemq-test-hivemq-platform-operator-6966f96d65-9dnjz [131f8cc1-f1f1-4d5f-8ba2-1e51ae03b81e]
2025-01-30 18:34:32,527 INFO c.h.h.t.HelmChartContainer - [hivemq-test-hivemq-platform] [hivemq-platform-operator] [131f8cc1] 18:34:32.525 [application-shutdown-thread] INFO  c.h.p.o.HiveMQPlatformOperatorApplication - HiveMQ Platform Operator is stopping...
2025-01-30 18:34:32,527 INFO c.h.h.t.HelmChartContainer - [hivemq-test-hivemq-platform] [hivemq-platform-operator] [131f8cc1] 18:34:32.526 [application-shutdown-thread] INFO  i.javaoperatorsdk.operator.Operator - Operator SDK 4.9.7 is shutting down...
2025-01-30 18:34:32,528 INFO c.h.h.t.HelmChartContainer - [K3S] [replica_set.go:679] "Finished syncing" kind="ReplicaSet" key="helmmqttit-operator/hivemq-test-hivemq-platform-operator-6966f96d65" duration="17.026502ms"
2025-01-30 18:34:32,530 INFO c.h.h.t.HelmChartContainer - [K3S] [replica_set.go:679] "Finished syncing" kind="ReplicaSet" key="helmmqttit-operator/hivemq-test-hivemq-platform-operator-6966f96d65" duration="31.018µs"
2025-01-30 18:34:33,128 INFO c.h.h.t.HelmChartContainer - [K3S] [replica_set.go:679] "Finished syncing" kind="ReplicaSet" key="helmmqttit-operator/hivemq-test-hivemq-platform-operator-6966f96d65" duration="42.6µs"
2025-01-30 18:34:33,132 INFO c.h.h.t.HelmChartContainer - [POD] hivemq-test-hivemq-platform-operator-6966f96d65-9dnjz [131f8cc1-f1f1-4d5f-8ba2-1e51ae03b81e] in helmmqttit-operator was MODIFIED
2025-01-30 18:34:33,139 INFO c.h.h.t.HelmChartContainer - [K3S] [kubelet_volumes.go:163] "Cleaned up orphaned pod volumes dir" podUID="f31c5d04-94fe-4170-8497-cf31e0fd5994" path="/var/lib/kubelet/pods/f31c5d04-94fe-4170-8497-cf31e0fd5994/volumes"
2025-01-30 18:34:33,218 INFO c.h.h.t.HelmChartContainer - [K3S] [reconciler_common.go:162] "operationExecutor.UnmountVolume started for volume \"kube-api-access-t8rvb\" (UniqueName: \"kubernetes.io/projected/131f8cc1-f1f1-4d5f-8ba2-1e51ae03b81e-kube-api-access-t8rvb\") pod \"131f8cc1-f1f1-4d5f-8ba2-1e51ae03b81e\" (UID: \"131f8cc1-f1f1-4d5f-8ba2-1e51ae03b81e\") "
2025-01-30 18:34:33,318 INFO c.h.h.t.HelmChartContainer - [K3S] [reconciler_common.go:299] "Volume detached for volume \"kube-api-access-t8rvb\" (UniqueName: \"kubernetes.io/projected/131f8cc1-f1f1-4d5f-8ba2-1e51ae03b81e-kube-api-access-t8rvb\") on node \"bad0b85700c6\" DevicePath \"\""
2025-01-30 18:34:33,757 INFO c.h.h.t.HelmChartContainer - [K3S] [scope.go:117] "RemoveContainer" containerID="76260ffe4bf56fa373a2b5d500835e051042ca591d41593d2f9f36bb1c7c6020"
2025-01-30 18:34:33,760 INFO c.h.h.t.HelmChartContainer - [K3S] [scope.go:117] "RemoveContainer" containerID="76260ffe4bf56fa373a2b5d500835e051042ca591d41593d2f9f36bb1c7c6020"
2025-01-30 18:34:33,768 INFO c.h.h.t.HelmChartContainer - [K3S] [replica_set.go:679] "Finished syncing" kind="ReplicaSet" key="helmmqttit-operator/hivemq-test-hivemq-platform-operator-6966f96d65" duration="48.571µs"
2025-01-30 18:34:33,769 INFO c.h.h.t.HelmChartContainer - [POD] hivemq-test-hivemq-platform-operator-6966f96d65-9dnjz [131f8cc1-f1f1-4d5f-8ba2-1e51ae03b81e] in helmmqttit-operator was MODIFIED
2025-01-30 18:34:33,771 INFO c.h.h.t.HelmChartContainer - [POD] hivemq-test-hivemq-platform-operator-6966f96d65-9dnjz [131f8cc1-f1f1-4d5f-8ba2-1e51ae03b81e] in helmmqttit-operator was DELETED
2025-01-30 18:34:33,771 INFO c.h.h.t.HelmChartContainer - [K3S] [replica_set.go:679] "Finished syncing" kind="ReplicaSet" key="helmmqttit-operator/hivemq-test-hivemq-platform-operator-6966f96d65" duration="27.551µs"
2025-01-30 18:34:33,781 INFO c.h.h.t.HelmChartContainer - [K3S] [replica_set.go:679] "Finished syncing" kind="ReplicaSet" key="helmmqttit-operator/hivemq-test-hivemq-platform-operator-6966f96d65" duration="5.25µs"
2025-01-30 18:34:34,548 INFO c.h.h.t.HelmChartContainer - Deleting namespace 'helmmqttit-operator'...
2025-01-30 18:34:35,139 INFO c.h.h.t.HelmChartContainer - [K3S] [kubelet_volumes.go:163] "Cleaned up orphaned pod volumes dir" podUID="131f8cc1-f1f1-4d5f-8ba2-1e51ae03b81e" path="/var/lib/kubelet/pods/131f8cc1-f1f1-4d5f-8ba2-1e51ae03b81e/volumes"
2025-01-30 18:34:37,249 INFO c.h.h.t.HelmChartContainer - [K3S] [namespace_controller.go:187] "Namespace has been deleted" namespace="helmmqttit"
2025-01-30 18:34:39,767 INFO c.h.h.t.HelmChartContainer - Namespace 'helmmqttit-operator' deleted
2025-01-30 18:34:39,767 INFO c.h.h.t.HelmChartContainer - Release 'test-hivemq-platform-operator' in namespace 'helmmqttit-operator' is uninstalled
2025-01-30 18:34:40,478 INFO c.h.helmcharts.AbstractHelmChartIT - Removed unused containers:

2025-01-30 18:34:44,672 INFO c.h.h.t.HelmChartContainer - [K3S] [namespace_controller.go:187] "Namespace has been deleted" namespace="helmmqttit-operator"
2025-01-30 18:34:48,247 INFO c.h.helmcharts.AbstractHelmChartIT - Removed unused snapshots:
Removing snapshot sha256:03af251906410714c5aef9fa705b63f6bbc39c4a5e787de7361eeb18886c2ed2
Removing snapshot sha256:0c46b3b43cce082ce5ec34ffc6c294e0417d17b9d1e6f366d114b6aadc4f96dc
Removing snapshot sha256:0ce761beee59082d6ed5bcebd3a805b8ddd9b3426b617e4809e7fb7c6587ffec
Removing snapshot sha256:0df91287303208332c8ff6ba40ae4710105201739addbfbddfb955f1ad593664
Removing snapshot sha256:1021ef88c7974bfff89c5a0ec4fd3160daac6c48a075f74cff721f85dd104e68
Removing snapshot sha256:10aba4953ddc18145dd38e3704709bc464aa20af60b56fe52caaff4b68411e62
Removing snapshot sha256:2573e0d8158209ed54ab25c87bcdcb00bd3d2539246960a3d592a1c599d70465
Removing snapshot sha256:362a8a37f8bbc31925a8146adcf7cf51f9882f5c1dcbef67c5baa03a297543c0
Removing snapshot sha256:3fa4ad33f0ddc8fd45b39b6b4640f82a3a83619606cd975bfe89d8710ad2d4cd
Removing snapshot sha256:43a7c979bbaba6838bc3102d6b10a1459f3ab050b87ccdfef84ef90cf43d3058
Removing snapshot sha256:4ab04491cdf0d3267f08206fe30bd48f49f94b9cab2f016d6739220f722a64af
Removing snapshot sha256:4b6068250e89c96f263060261819c7d912855bfbd64b3eb4c4a8483299b8c295
Removing snapshot sha256:580e69a0a8034ede1921139bbd2bfb72a69ebf276d008281896c32dd8bf74775
Removing snapshot sha256:5d30ba46b27fe37484567ccc5242cadc78217b8da605f3f195ef25cbf7487904
Removing snapshot sha256:63ca1fbb43ae5034640e5e6cb3e083e05c290072c5366fcaa9d62435a4cced85
Removing snapshot sha256:67f702c6baae873bceb19487c8b1f27bd2b86077e4f2f0e480e6d60ab508b8f5
Removing snapshot sha256:6864348dd42806d552efdec384f1274be15e2d0c10ce44c1f04347af004c10a9
Removing snapshot sha256:6c7dee8f2c39b84b7dc2711c01d33de93514d9055499173e9290176fbe484b6c
Removing snapshot sha256:82753493a6d61ded36556292f02f31841a14c20d2f279f19eaad65afb661d5cd
Removing snapshot sha256:8a10d3db42c505ee0fcfa98417bdd7e39b304f6bcc0a06bb1b220797ff2cc63c
Removing snapshot sha256:985bea1c17df10c82165bc56cedb67e3f84c75a1e191d3fe9d7b13dc183fde7c
Removing snapshot sha256:a0904247e36a7726c03c71ee48f3e64462021c88dafeb13f37fdaf613b27f11c
Removing snapshot sha256:a21e5b12dbac529ad45d976eb9ce45c881f3bedcc500fb30aba1e52aa1813418
Removing snapshot sha256:afaa4425ab5c00049e5afa2d123fced83e231a646da3d9612397da06b403c675
Removing snapshot sha256:b921e6c28969094157f9b8e7244677780319637afd14450b7cb6b2fdea558a0c
Removing snapshot sha256:bc27ecb5769a00e309cf99ebc763c4a4b958b618d1decc96ffac5bc05f02f5b7
Removing snapshot sha256:be3ccb6627a5332e309d45ef461d09b4879dd870c7394d89323d0ebc6ca6aa8a
Removing snapshot sha256:c261f7cbbc64211ee175ee47273acdb7b1a36a4450b397a064a8f2c026490095
Removing snapshot sha256:c34d9393647eea0c9e3557ab988efaf59f61d10a2a5613b439ef0958cca5ec10
Removing snapshot sha256:ccf3c4a0fa967a41c1c83497a2ce6fa5787965859df0adb32c4ca2cf7490bc2b
Removing snapshot sha256:cf92d33f869417309692088c341cd0f223c178ea78a125f757317b22aa8f90e9
Removing snapshot sha256:d0037344cf2fb078884f1849f6a1f8cf9a33a3b6139b6a85833e5ee528e1f9a8
Removing snapshot sha256:d3b36d5b79273b1e98e7700470eaeff05a882e777124d84cebcc1505b85ecb36
Removing snapshot sha256:d65a44a37914602d12c611e5e22a50f11451d847e63015cc1c2aef92dee777a4
Removing snapshot sha256:e2dc0bae2455930f23ae570e019b7f32edc75c0f2d71cab084db837ff9051796
Removing snapshot sha256:eccbd24a99c60cd9e86ee5305dbfc4a4dc89f5ab4fb1f06c8d64797cecedef34
Removing snapshot sha256:f144bb4c7c7f0d2aa7eeffd36d934ec40db1ee167be727e326aad9fdc616f475

]]></system-out>
  </testcase>
  <testcase name="platformChart_whenMqttEnabled_thenSendsReceivesMessage()" classname="com.hivemq.helmcharts.services.HelmMqttIT" time="99.892">
    <system-out><![CDATA[2025-01-30 18:34:48,248 INFO c.h.h.t.HelmChartContainer - Creating namespace 'helmmqttit-operator'...
2025-01-30 18:34:48,253 INFO c.h.h.t.HelmChartContainer - Namespace 'helmmqttit-operator' created
2025-01-30 18:34:48,253 INFO c.h.h.t.HelmChartContainer - Creating namespace 'helmmqttit'...
2025-01-30 18:34:48,260 INFO c.h.h.t.HelmChartContainer - Namespace 'helmmqttit' created
2025-01-30 18:34:48,338 DEBUG c.h.h.t.HelmChartContainer - Executing helm command: /bin/helm --kubeconfig /etc/rancher/k3s/k3s.yaml install test-hivemq-platform-operator /charts/hivemq-platform-operator --wait --timeout 5m0s --set image.repository=docker.io/hivemq --set image.name=hivemq-platform-operator-test --set image.initImageName=hivemq-platform-operator-init-test --set image.tag=snapshot --set image.pullPolicy=Never --set logLevel=DEBUG --set resources.cpu=512m --namespace helmmqttit-operator
2025-01-30 18:34:48,642 INFO c.h.h.t.HelmChartContainer - [K3S] [alloc.go:330] "allocated clusterIPs" service="helmmqttit-operator/hivemq-platform-operator-test-hivemq-platform-operator" clusterIPs={"IPv4":"10.43.14.98"}
2025-01-30 18:34:48,660 INFO c.h.h.t.HelmChartContainer - [EVENT] Normal [ScalingReplicaSet] Scaled up replica set hivemq-test-hivemq-platform-operator-6966f96d65 from 0 to 1 [helmmqttit-operator:hivemq-test-hivemq-platform-operator]
2025-01-30 18:34:48,667 INFO c.h.h.t.HelmChartContainer - [POD] hivemq-test-hivemq-platform-operator-6966f96d65-5q6vt [45057744-84b4-4055-9a57-a6ec14c84d5e] in helmmqttit-operator was ADDED
2025-01-30 18:34:48,675 INFO c.h.h.t.HelmChartContainer - [EVENT] Normal [SuccessfulCreate] Created pod: hivemq-test-hivemq-platform-operator-6966f96d65-5q6vt [helmmqttit-operator:hivemq-test-hivemq-platform-operator-6966f96d65]
2025-01-30 18:34:48,676 INFO c.h.h.t.HelmChartContainer - [K3S] [replica_set.go:679] "Finished syncing" kind="ReplicaSet" key="helmmqttit-operator/hivemq-test-hivemq-platform-operator-6966f96d65" duration="20.972595ms"
2025-01-30 18:34:48,679 INFO c.h.h.t.HelmChartContainer - [POD] hivemq-test-hivemq-platform-operator-6966f96d65-5q6vt [45057744-84b4-4055-9a57-a6ec14c84d5e] in helmmqttit-operator was MODIFIED
2025-01-30 18:34:48,679 INFO c.h.h.t.HelmChartContainer - [K3S] [memory_manager.go:355] "RemoveStaleState removing state" podUID="131f8cc1-f1f1-4d5f-8ba2-1e51ae03b81e" containerName="hivemq-platform-operator"
2025-01-30 18:34:48,680 INFO c.h.h.t.HelmChartContainer - [K3S] [memory_manager.go:355] "RemoveStaleState removing state" podUID="f31c5d04-94fe-4170-8497-cf31e0fd5994" containerName="hivemq"
2025-01-30 18:34:48,686 INFO c.h.h.t.HelmChartContainer - [EVENT] Normal [Scheduled] Successfully assigned helmmqttit-operator/hivemq-test-hivemq-platform-operator-6966f96d65-5q6vt to bad0b85700c6 [helmmqttit-operator:hivemq-test-hivemq-platform-operator-6966f96d65-5q6vt]
2025-01-30 18:34:48,693 INFO c.h.h.t.HelmChartContainer - [POD] hivemq-test-hivemq-platform-operator-6966f96d65-5q6vt [45057744-84b4-4055-9a57-a6ec14c84d5e] in helmmqttit-operator was MODIFIED
2025-01-30 18:34:48,695 INFO c.h.h.t.HelmChartContainer - [K3S] [replica_set.go:679] "Finished syncing" kind="ReplicaSet" key="helmmqttit-operator/hivemq-test-hivemq-platform-operator-6966f96d65" duration="19.985471ms"
2025-01-30 18:34:48,709 INFO c.h.h.t.HelmChartContainer - [K3S] [replica_set.go:679] "Finished syncing" kind="ReplicaSet" key="helmmqttit-operator/hivemq-test-hivemq-platform-operator-6966f96d65" duration="13.781675ms"
2025-01-30 18:34:48,709 INFO c.h.h.t.HelmChartContainer - [K3S] [replica_set.go:679] "Finished syncing" kind="ReplicaSet" key="helmmqttit-operator/hivemq-test-hivemq-platform-operator-6966f96d65" duration="37.2µs"
2025-01-30 18:34:48,709 INFO c.h.h.t.HelmChartContainer - [K3S] [reconciler_common.go:251] "operationExecutor.VerifyControllerAttachedVolume started for volume \"kube-api-access-mcggf\" (UniqueName: \"kubernetes.io/projected/45057744-84b4-4055-9a57-a6ec14c84d5e-kube-api-access-mcggf\") pod \"hivemq-test-hivemq-platform-operator-6966f96d65-5q6vt\" (UID: \"45057744-84b4-4055-9a57-a6ec14c84d5e\") " pod="helmmqttit-operator/hivemq-test-hivemq-platform-operator-6966f96d65-5q6vt"
2025-01-30 18:34:49,080 INFO c.h.h.t.HelmChartContainer - [EVENT] Normal [Pulled] Container image "docker.io/hivemq/hivemq-platform-operator-test:snapshot" already present on machine [helmmqttit-operator:hivemq-test-hivemq-platform-operator-6966f96d65-5q6vt]
2025-01-30 18:34:49,080 INFO c.h.h.t.HelmChartContainer - Received Pulled event for container hivemq-platform-operator in pod hivemq-test-hivemq-platform-operator-6966f96d65-5q6vt [45057744-84b4-4055-9a57-a6ec14c84d5e]
2025-01-30 18:34:50,333 INFO c.h.h.t.HelmChartContainer - [EVENT] Normal [Created] Created container: hivemq-platform-operator [helmmqttit-operator:hivemq-test-hivemq-platform-operator-6966f96d65-5q6vt]
2025-01-30 18:34:50,334 INFO c.h.h.t.HelmChartContainer - Received Created event for container hivemq-platform-operator in pod hivemq-test-hivemq-platform-operator-6966f96d65-5q6vt [45057744-84b4-4055-9a57-a6ec14c84d5e]
2025-01-30 18:34:50,797 INFO c.h.h.t.HelmChartContainer - [K3S] [replica_set.go:679] "Finished syncing" kind="ReplicaSet" key="helmmqttit-operator/hivemq-test-hivemq-platform-operator-6966f96d65" duration="37.23µs"
2025-01-30 18:34:50,798 INFO c.h.h.t.HelmChartContainer - [POD] hivemq-test-hivemq-platform-operator-6966f96d65-5q6vt [45057744-84b4-4055-9a57-a6ec14c84d5e] in helmmqttit-operator was MODIFIED
2025-01-30 18:34:50,812 INFO c.h.h.t.HelmChartContainer - [EVENT] Normal [Started] Started container hivemq-platform-operator [helmmqttit-operator:hivemq-test-hivemq-platform-operator-6966f96d65-5q6vt]
2025-01-30 18:34:50,812 INFO c.h.h.t.HelmChartContainer - Received Started event for container hivemq-platform-operator in pod hivemq-test-hivemq-platform-operator-6966f96d65-5q6vt [45057744-84b4-4055-9a57-a6ec14c84d5e]
2025-01-30 18:34:50,812 INFO c.h.h.t.HelmChartContainer - Started log watcher for hivemq-platform-operator in pod hivemq-test-hivemq-platform-operator-6966f96d65-5q6vt [45057744-84b4-4055-9a57-a6ec14c84d5e]
2025-01-30 18:34:50,812 INFO c.h.h.t.HelmChartContainer - [hivemq-test-hivemq-platform] [hivemq-platform-operator] [45057744] -------------------------------------------------------------------------
2025-01-30 18:34:50,812 INFO c.h.h.t.HelmChartContainer - [hivemq-test-hivemq-platform] [hivemq-platform-operator] [45057744] 
2025-01-30 18:34:50,812 INFO c.h.h.t.HelmChartContainer - [hivemq-test-hivemq-platform] [hivemq-platform-operator] [45057744]                   _    _  _              __  __   ____
2025-01-30 18:34:50,812 INFO c.h.h.t.HelmChartContainer - [hivemq-test-hivemq-platform] [hivemq-platform-operator] [45057744]                  | |  | |(_)            |  \/  | / __ \
2025-01-30 18:34:50,812 INFO c.h.h.t.HelmChartContainer - [hivemq-test-hivemq-platform] [hivemq-platform-operator] [45057744]                  | |__| | _ __   __ ___ | \  / || |  | |
2025-01-30 18:34:50,812 INFO c.h.h.t.HelmChartContainer - [hivemq-test-hivemq-platform] [hivemq-platform-operator] [45057744]                  |  __  || |\ \ / // _ \| |\/| || |  | |
2025-01-30 18:34:50,812 INFO c.h.h.t.HelmChartContainer - [hivemq-test-hivemq-platform] [hivemq-platform-operator] [45057744]                  | |  | || | \ V /|  __/| |  | || |__| |
2025-01-30 18:34:50,812 INFO c.h.h.t.HelmChartContainer - [hivemq-test-hivemq-platform] [hivemq-platform-operator] [45057744]                  |_|  |_||_|  \_/  \___||_|  |_| \___\_\
2025-01-30 18:34:50,812 INFO c.h.h.t.HelmChartContainer - [hivemq-test-hivemq-platform] [hivemq-platform-operator] [45057744] 
2025-01-30 18:34:50,812 INFO c.h.h.t.HelmChartContainer - [hivemq-test-hivemq-platform] [hivemq-platform-operator] [45057744] -------------------------------------------------------------------------
2025-01-30 18:34:50,812 INFO c.h.h.t.HelmChartContainer - [hivemq-test-hivemq-platform] [hivemq-platform-operator] [45057744] 
2025-01-30 18:34:50,812 INFO c.h.h.t.HelmChartContainer - [hivemq-test-hivemq-platform] [hivemq-platform-operator] [45057744]   HiveMQ Platform Operator Start Script v1.0
2025-01-30 18:34:50,812 INFO c.h.h.t.HelmChartContainer - [hivemq-test-hivemq-platform] [hivemq-platform-operator] [45057744] 
2025-01-30 18:34:50,812 INFO c.h.h.t.HelmChartContainer - [hivemq-test-hivemq-platform] [hivemq-platform-operator] [45057744] -------------------------------------------------------------------------
2025-01-30 18:34:50,812 INFO c.h.h.t.HelmChartContainer - [hivemq-test-hivemq-platform] [hivemq-platform-operator] [45057744] 
2025-01-30 18:34:50,812 INFO c.h.h.t.HelmChartContainer - [hivemq-test-hivemq-platform] [hivemq-platform-operator] [45057744]   JAVA_OPTS: -XX:+UnlockExperimentalVMOptions -XX:InitialRAMPercentage=75 -XX:MaxRAMPercentage=75 -Duser.language=en -Duser.region=US
2025-01-30 18:34:50,812 INFO c.h.h.t.HelmChartContainer - [hivemq-test-hivemq-platform] [hivemq-platform-operator] [45057744] 
2025-01-30 18:34:50,812 INFO c.h.h.t.HelmChartContainer - [hivemq-test-hivemq-platform] [hivemq-platform-operator] [45057744]   JAVA_VERSION: 21
2025-01-30 18:34:50,812 INFO c.h.h.t.HelmChartContainer - [hivemq-test-hivemq-platform] [hivemq-platform-operator] [45057744] 
2025-01-30 18:34:50,812 INFO c.h.h.t.HelmChartContainer - [hivemq-test-hivemq-platform] [hivemq-platform-operator] [45057744] -------------------------------------------------------------------------
2025-01-30 18:34:50,812 INFO c.h.h.t.HelmChartContainer - [hivemq-test-hivemq-platform] [hivemq-platform-operator] [45057744] 
2025-01-30 18:34:53,598 INFO c.h.h.t.HelmChartContainer - [hivemq-test-hivemq-platform] [hivemq-platform-operator] [45057744] 18:34:53.595 [main] DEBUG org.jboss.logging - Logging Provider: org.jboss.logging.Slf4jLoggerProvider
2025-01-30 18:34:53,702 INFO c.h.h.t.HelmChartContainer - [hivemq-test-hivemq-platform] [hivemq-platform-operator] [45057744] 18:34:53.701 [main] DEBUG io.smallrye.config - SRCFG01006: Loaded ConfigSource SysPropConfigSource with ordinal 400
2025-01-30 18:34:53,702 INFO c.h.h.t.HelmChartContainer - [hivemq-test-hivemq-platform] [hivemq-platform-operator] [45057744] 18:34:53.701 [main] DEBUG io.smallrye.config - SRCFG01006: Loaded ConfigSource EnvConfigSource with ordinal 300
2025-01-30 18:34:53,703 INFO c.h.h.t.HelmChartContainer - [hivemq-test-hivemq-platform] [hivemq-platform-operator] [45057744] 18:34:53.701 [main] DEBUG io.smallrye.config - SRCFG01006: Loaded ConfigSource PropertiesConfigSource[source=jar:file:///opt/hivemq-platform-operator/bin/hivemq-platform-operator.jar!/hivemq-platform-operator.properties] with ordinal 100
2025-01-30 18:34:53,703 INFO c.h.h.t.HelmChartContainer - [hivemq-test-hivemq-platform] [hivemq-platform-operator] [45057744] 18:34:53.701 [main] DEBUG io.smallrye.config - SRCFG01006: Loaded ConfigSource DefaultValuesConfigSource with ordinal -2147483648
2025-01-30 18:34:53,813 INFO c.h.h.t.HelmChartContainer - [hivemq-test-hivemq-platform] [hivemq-platform-operator] [45057744] 18:34:53.812 [main] DEBUG i.m.c.u.i.l.InternalLoggerFactory - Using SLF4J as the default logging framework
2025-01-30 18:34:53,992 INFO c.h.h.t.HelmChartContainer - [hivemq-test-hivemq-platform] [hivemq-platform-operator] [45057744] 18:34:53.909 [main] INFO  c.h.p.o.HiveMQPlatformOperatorApplication - HiveMQ Platform Operator 1.7.0-SNAPSHOT (commit: 47e3375 on branch: HEAD) built on Thu Jan 30 03:55:50 UTC 2025
2025-01-30 18:34:53,993 INFO c.h.h.t.HelmChartContainer - [hivemq-test-hivemq-platform] [hivemq-platform-operator] [45057744] 18:34:53.991 [main] INFO  c.h.p.o.HiveMQPlatformOperatorApplication - HiveMQ Platform Operator is running in namespace: helmmqttit-operator
2025-01-30 18:34:53,993 INFO c.h.h.t.HelmChartContainer - [hivemq-test-hivemq-platform] [hivemq-platform-operator] [45057744] 18:34:53.991 [main] INFO  c.h.p.o.HiveMQPlatformOperatorApplication - Watching all namespaces
2025-01-30 18:34:53,993 INFO c.h.h.t.HelmChartContainer - [hivemq-test-hivemq-platform] [hivemq-platform-operator] [45057744] 18:34:53.991 [main] INFO  c.h.p.o.HiveMQPlatformOperatorApplication - Log level: DEBUG
2025-01-30 18:34:53,993 INFO c.h.h.t.HelmChartContainer - [hivemq-test-hivemq-platform] [hivemq-platform-operator] [45057744] 18:34:53.991 [main] INFO  c.h.p.o.HiveMQPlatformOperatorApplication - Release name: test-hivemq-platform-operator
2025-01-30 18:34:53,993 INFO c.h.h.t.HelmChartContainer - [hivemq-test-hivemq-platform] [hivemq-platform-operator] [45057744] 18:34:53.991 [main] INFO  c.h.p.o.HiveMQPlatformOperatorApplication - HiveMQ Platform Operator Init image: docker.io/hivemq/hivemq-platform-operator-init-test:snapshot
2025-01-30 18:34:53,993 INFO c.h.h.t.HelmChartContainer - [hivemq-test-hivemq-platform] [hivemq-platform-operator] [45057744] 18:34:53.991 [main] INFO  c.h.p.o.HiveMQPlatformOperatorApplication - HiveMQ Platform Operator Init App update URL: http://hivemq-platform-operator-test-hivemq-platform-operator.helmmqttit-operator.svc:8080/initAppUpdate/hivemq-platform-operator-init-app-1.7.0-SNAPSHOT.jar
2025-01-30 18:34:53,993 INFO c.h.h.t.HelmChartContainer - [hivemq-test-hivemq-platform] [hivemq-platform-operator] [45057744] 18:34:53.991 [main] INFO  c.h.p.o.HiveMQPlatformOperatorApplication - Additional imagePullSecret for all Platform deployments: none
2025-01-30 18:34:53,993 INFO c.h.h.t.HelmChartContainer - [hivemq-test-hivemq-platform] [hivemq-platform-operator] [45057744] 18:34:53.991 [main] INFO  c.h.p.o.HiveMQPlatformOperatorApplication - Apply HiveMQ Platform CRD: true
2025-01-30 18:34:53,993 INFO c.h.h.t.HelmChartContainer - [hivemq-test-hivemq-platform] [hivemq-platform-operator] [45057744] 18:34:53.991 [main] INFO  c.h.p.o.HiveMQPlatformOperatorApplication - Create Platform ServiceAccount: true
2025-01-30 18:34:53,993 INFO c.h.h.t.HelmChartContainer - [hivemq-test-hivemq-platform] [hivemq-platform-operator] [45057744] 18:34:53.991 [main] INFO  c.h.p.o.HiveMQPlatformOperatorApplication - Create Platform ServiceAccount permissions: true
2025-01-30 18:34:53,993 INFO c.h.h.t.HelmChartContainer - [hivemq-test-hivemq-platform] [hivemq-platform-operator] [45057744] 18:34:53.991 [main] INFO  c.h.p.o.HiveMQPlatformOperatorApplication - Validate Platform ServiceAccount: true
2025-01-30 18:34:53,993 INFO c.h.h.t.HelmChartContainer - [hivemq-test-hivemq-platform] [hivemq-platform-operator] [45057744] 18:34:53.991 [main] INFO  c.h.p.o.HiveMQPlatformOperatorApplication - Validate Platform ServiceAccount permissions: true
2025-01-30 18:34:54,116 INFO c.h.h.t.HelmChartContainer - [hivemq-test-hivemq-platform] [hivemq-platform-operator] [45057744] 18:34:54.114 [main] INFO  c.h.platform.operator.util.CRDUtil - Verifying deployed HiveMQ Platform CRD...
2025-01-30 18:34:56,496 INFO c.h.h.t.HelmChartContainer - [hivemq-test-hivemq-platform] [hivemq-platform-operator] [45057744] 18:34:56.494 [main] DEBUG c.h.platform.operator.util.CRDUtil - HiveMQ Platform CRD version v1 is up to date
2025-01-30 18:34:56,497 INFO c.h.h.t.HelmChartContainer - [hivemq-test-hivemq-platform] [hivemq-platform-operator] [45057744] 18:34:56.495 [main] INFO  c.h.platform.operator.util.CRDUtil - HiveMQ Platform CRD is up to date (version: V1_6_0)
2025-01-30 18:34:56,499 INFO c.h.h.t.HelmChartContainer - [hivemq-test-hivemq-platform] [hivemq-platform-operator] [45057744] 18:34:56.496 [main] INFO  c.h.platform.operator.util.CRDUtil - Waiting 10000 ms for HiveMQ Platform CRD 'hivemq-platforms.hivemq.com' to become ready...
2025-01-30 18:34:56,802 INFO c.h.h.t.HelmChartContainer - [hivemq-test-hivemq-platform] [hivemq-platform-operator] [45057744] 18:34:56.801 [vert.x-eventloop-thread-1] DEBUG c.h.platform.operator.util.CRDUtil - Checking CRD condition 'NamesAccepted' (status: 'True')
2025-01-30 18:34:56,803 INFO c.h.h.t.HelmChartContainer - [hivemq-test-hivemq-platform] [hivemq-platform-operator] [45057744] 18:34:56.801 [vert.x-eventloop-thread-1] DEBUG c.h.platform.operator.util.CRDUtil - Checking CRD condition 'Established' (status: 'True')
2025-01-30 18:34:56,803 INFO c.h.h.t.HelmChartContainer - [hivemq-test-hivemq-platform] [hivemq-platform-operator] [45057744] 18:34:56.802 [main] INFO  c.h.platform.operator.util.CRDUtil - HiveMQ Platform CRD 'hivemq-platforms.hivemq.com' is ready
2025-01-30 18:34:56,999 INFO c.h.h.t.HelmChartContainer - [hivemq-test-hivemq-platform] [hivemq-platform-operator] [45057744] 18:34:56.998 [main] INFO  c.h.p.o.HiveMQPlatformReconciler - HiveMQ Platform Operator is starting...
2025-01-30 18:34:57,105 INFO c.h.h.t.HelmChartContainer - [hivemq-test-hivemq-platform] [hivemq-platform-operator] [45057744] 18:34:57.104 [main] WARN  Default ConfigurationService implementation - Configuration for reconciler 'hivemq-controller' was not found. Known reconcilers: None.
2025-01-30 18:34:57,189 INFO c.h.h.t.HelmChartContainer - [hivemq-test-hivemq-platform] [hivemq-platform-operator] [45057744] 18:34:57.188 [main] INFO  Default ConfigurationService implementation - Created configuration for reconciler com.hivemq.platform.operator.HiveMQPlatformReconciler with name hivemq-controller
2025-01-30 18:34:57,292 INFO c.h.h.t.HelmChartContainer - [hivemq-test-hivemq-platform] [hivemq-platform-operator] [45057744] 18:34:57.291 [main] DEBUG c.h.p.o.HiveMQPlatformReconciler - HiveMQ Platform Operator is preparing EventSources
2025-01-30 18:34:57,303 INFO c.h.h.t.HelmChartContainer - [hivemq-test-hivemq-platform] [hivemq-platform-operator] [45057744] 18:34:57.302 [main] INFO  i.javaoperatorsdk.operator.Operator - Registered reconciler: 'hivemq-controller' for resource: 'class com.hivemq.platform.operator.v1.HiveMQPlatform' for namespace(s): [all namespaces]
2025-01-30 18:34:57,990 INFO c.h.h.t.HelmChartContainer - [hivemq-test-hivemq-platform] [hivemq-platform-operator] [45057744] 18:34:57.988 [main] INFO  c.h.p.operator.webserver.JettyServer - Starting Jetty server on port 8080
2025-01-30 18:34:58,008 INFO c.h.h.t.HelmChartContainer - [hivemq-test-hivemq-platform] [hivemq-platform-operator] [45057744] 18:34:58.007 [main] INFO  i.javaoperatorsdk.operator.Operator - Operator SDK 4.9.7 (commit: 2133d28) built on Wed Nov 20 12:56:20 UTC 2024 starting...
2025-01-30 18:34:58,008 INFO c.h.h.t.HelmChartContainer - [hivemq-test-hivemq-platform] [hivemq-platform-operator] [45057744] 18:34:58.007 [main] INFO  i.javaoperatorsdk.operator.Operator - Client version: 6.13.5
2025-01-30 18:34:58,087 INFO c.h.h.t.HelmChartContainer - [hivemq-test-hivemq-platform] [hivemq-platform-operator] [45057744] 18:34:58.086 [Controller Starter for: hivemq-controller] INFO  i.j.operator.processing.Controller - Starting 'hivemq-controller' controller for reconciler: com.hivemq.platform.operator.HiveMQPlatformReconciler, resource: com.hivemq.platform.operator.v1.HiveMQPlatform
2025-01-30 18:35:00,395 INFO c.h.h.t.HelmChartContainer - [hivemq-test-hivemq-platform] [hivemq-platform-operator] [45057744] 18:35:00.394 [Controller Starter for: hivemq-controller] INFO  i.j.operator.processing.Controller - 'hivemq-controller' controller started
2025-01-30 18:35:00,396 INFO c.h.h.t.HelmChartContainer - [hivemq-test-hivemq-platform] [hivemq-platform-operator] [45057744] 18:35:00.394 [main] INFO  c.h.p.o.HiveMQPlatformOperatorApplication - HiveMQ Platform Operator 1.7.0-SNAPSHOT started in 6485 ms
2025-01-30 18:35:01,804 INFO c.h.h.t.HelmChartContainer - [POD] hivemq-test-hivemq-platform-operator-6966f96d65-5q6vt [45057744-84b4-4055-9a57-a6ec14c84d5e] in helmmqttit-operator was MODIFIED
2025-01-30 18:35:01,809 INFO c.h.h.t.HelmChartContainer - [K3S] [replica_set.go:679] "Finished syncing" kind="ReplicaSet" key="helmmqttit-operator/hivemq-test-hivemq-platform-operator-6966f96d65" duration="9.345736ms"
2025-01-30 18:35:01,810 INFO c.h.h.t.HelmChartContainer - [K3S] [replica_set.go:679] "Finished syncing" kind="ReplicaSet" key="helmmqttit-operator/hivemq-test-hivemq-platform-operator-6966f96d65" duration="28.744µs"
2025-01-30 18:35:02,774 DEBUG c.h.h.t.HelmChartContainer - Executing helm command: /bin/helm --kubeconfig /etc/rancher/k3s/k3s.yaml install test-hivemq-platform /charts/hivemq-platform --wait --timeout 5m0s --set image.repository=docker.io/hivemq --set image.tag=4.36.0 --set image.pullPolicy=Never --set nodes.resources.cpu=512m -f /files/mqtt-values.yaml --namespace helmmqttit
2025-01-30 18:35:03,051 INFO c.h.h.t.HelmChartContainer - [hivemq-test-hivemq-platform] [hivemq-platform-operator] [45057744] 18:35:03.048 [-2082509879-pool-1-thread-1] WARN  i.m.p.PrometheusMeterRegistry - The meter (MeterId{name='operator.sdk.events.received', tags=[tag(action=ADDED),tag(event=ResourceEvent),tag(group=hivemq.com),tag(kind=HiveMQPlatform),tag(name=test-hivemq-platform),tag(namespace=helmmqttit),tag(scope=namespace),tag(version=v1)]}) registration has failed: Prometheus requires that all meters with the same name have the same set of tag keys. There is already an existing meter named 'operator.sdk.events.received' containing tag keys [event, group, kind, name, namespace, scope, version]. The meter you are attempting to register has keys [action, event, group, kind, name, namespace, scope, version]. Note that subsequent logs will be logged at debug level.
2025-01-30 18:35:03,498 INFO c.h.h.t.HelmChartContainer - [hivemq-test-hivemq-platform] [hivemq-platform-operator] [45057744] 18:35:03.492 [pool-6-thread-3] DEBUG c.h.p.o.dependants.PodInfoConfigMap - [helmmqtt] Desired PodInfo ConfigMap (1 extensions) (1 enabled)
2025-01-30 18:35:03,498 INFO c.h.h.t.HelmChartContainer - [hivemq-test-hivemq-platform] [hivemq-platform-operator] [45057744] 18:35:03.493 [pool-6-thread-3] DEBUG c.h.p.o.dependants.PodInfoConfigMap - [helmmqtt] Desired PodInfo ConfigMap (metrics port: 9399) (metrics path: /)
2025-01-30 18:35:03,498 INFO c.h.h.t.HelmChartContainer - [hivemq-test-hivemq-platform] [hivemq-platform-operator] [45057744] 18:35:03.493 [pool-6-thread-3] DEBUG c.h.p.o.dependants.PodInfoConfigMap - [helmmqtt] Desired PodInfo ConfigMap (extension state hash: -1817474005)
2025-01-30 18:35:03,498 INFO c.h.h.t.HelmChartContainer - [hivemq-test-hivemq-platform] [hivemq-platform-operator] [45057744] 18:35:03.495 [pool-6-thread-3] DEBUG c.h.p.o.dependants.PodInfoConfigMap - [helmmqtt] Create PodInfo ConfigMap
2025-01-30 18:35:03,598 INFO c.h.h.t.HelmChartContainer - [hivemq-test-hivemq-platform] [hivemq-platform-operator] [45057744] 18:35:03.595 [pool-6-thread-5] DEBUG c.h.p.o.dependants.PodRoleResource - [helmmqtt] Create Role: Role(apiVersion=rbac.authorization.k8s.io/v1, kind=Role, metadata=ObjectMeta(annotations={meta.helm.sh/release-name=test-hivemq-platform, meta.helm.sh/release-namespace=helmmqttit}, creationTimestamp=null, deletionGracePeriodSeconds=null, deletionTimestamp=null, finalizers=[], generateName=null, generation=null, labels={helm.sh/chart=hivemq-platform-0.2.32, app.kubernetes.io/managed-by=Helm, app.kubernetes.io/name=hivemq-platform, hivemq-platform=test-hivemq-platform, app.kubernetes.io/instance=test-hivemq-platform, app.kubernetes.io/version=4.36.0}, managedFields=[], name=hivemq-platform-role-test-hivemq-platform, namespace=helmmqttit, ownerReferences=[OwnerReference(apiVersion=hivemq.com/v1, blockOwnerDeletion=null, controller=null, kind=HiveMQPlatform, name=test-hivemq-platform, uid=da00642b-22f3-4c86-a09c-0298f7b64464, additionalProperties={})], resourceVersion=null, selfLink=null, uid=null, additionalProperties={}), rules=[PolicyRule(apiGroups=[], nonResourceURLs=[], resourceNames=[], resources=[pods], verbs=[get, patch, update], additionalProperties={})], additionalProperties={})
2025-01-30 18:35:03,703 INFO c.h.h.t.HelmChartContainer - [hivemq-test-hivemq-platform] [hivemq-platform-operator] [45057744] 18:35:03.701 [pool-6-thread-7] DEBUG c.h.p.o.d.PodServiceAccountResource - [helmmqtt] Desired PodServiceAccountResource (serviceAccountName: hivemq-platform-pod-test-hivemq-platform)
2025-01-30 18:35:03,777 INFO c.h.h.t.HelmChartContainer - [hivemq-test-hivemq-platform] [hivemq-platform-operator] [45057744] 18:35:03.776 [pool-6-thread-7] DEBUG c.h.p.o.d.PodServiceAccountResource - [helmmqtt] Create ServiceAccount 'hivemq-platform-pod-test-hivemq-platform'
2025-01-30 18:35:03,894 INFO c.h.h.t.HelmChartContainer - [hivemq-test-hivemq-platform] [hivemq-platform-operator] [45057744] 18:35:03.892 [pool-6-thread-10] DEBUG c.h.p.o.d.PodRoleBindingResource - [helmmqtt] Create RoleBinding: RoleBinding(apiVersion=rbac.authorization.k8s.io/v1, kind=RoleBinding, metadata=ObjectMeta(annotations={meta.helm.sh/release-name=test-hivemq-platform, meta.helm.sh/release-namespace=helmmqttit}, creationTimestamp=null, deletionGracePeriodSeconds=null, deletionTimestamp=null, finalizers=[], generateName=null, generation=null, labels={helm.sh/chart=hivemq-platform-0.2.32, app.kubernetes.io/managed-by=Helm, app.kubernetes.io/name=hivemq-platform, hivemq-platform=test-hivemq-platform, app.kubernetes.io/instance=test-hivemq-platform, app.kubernetes.io/version=4.36.0}, managedFields=[], name=hivemq-platform-role-binding-test-hivemq-platform, namespace=helmmqttit, ownerReferences=[OwnerReference(apiVersion=hivemq.com/v1, blockOwnerDeletion=null, controller=null, kind=HiveMQPlatform, name=test-hivemq-platform, uid=da00642b-22f3-4c86-a09c-0298f7b64464, additionalProperties={})], resourceVersion=null, selfLink=null, uid=null, additionalProperties={}), roleRef=RoleRef(apiGroup=rbac.authorization.k8s.io, kind=Role, name=hivemq-platform-role-test-hivemq-platform, additionalProperties={}), subjects=[Subject(apiGroup=null, kind=ServiceAccount, name=hivemq-platform-pod-test-hivemq-platform, namespace=helmmqttit, additionalProperties={})], additionalProperties={})
2025-01-30 18:35:03,977 INFO c.h.h.t.HelmChartContainer - [hivemq-test-hivemq-platform] [hivemq-platform-operator] [45057744] 18:35:03.975 [ReconcilerExecutor-hivemq-controller-54] INFO  c.h.p.o.HiveMQPlatformReconciler - [helmmqtt] Reconciling HiveMQ Platform 'test-hivemq-platform' in namespace 'helmmqttit'
2025-01-30 18:35:03,977 INFO c.h.h.t.HelmChartContainer - [hivemq-test-hivemq-platform] [hivemq-platform-operator] [45057744] 18:35:03.976 [ReconcilerExecutor-hivemq-controller-54] DEBUG c.h.p.o.HiveMQPlatformReconciler - [helmmqtt] Custom Resource Status CREATED - HiveMQ Platform was created (READY)
2025-01-30 18:35:03,977 INFO c.h.h.t.HelmChartContainer - [hivemq-test-hivemq-platform] [hivemq-platform-operator] [45057744] 18:35:03.976 [ReconcilerExecutor-hivemq-controller-54] DEBUG c.h.p.o.HiveMQPlatformReconciler - [helmmqtt] Custom Resource Spec (replicas: 1) (extensions: 1)
2025-01-30 18:35:03,988 INFO c.h.h.t.HelmChartContainer - [hivemq-test-hivemq-platform] [hivemq-platform-operator] [45057744] 18:35:03.987 [ReconcilerExecutor-hivemq-controller-54] INFO  c.h.p.o.h.HiveMQPlatformReconcilerBaseHandler - [helmmqtt] HiveMQ Platform is starting
2025-01-30 18:35:04,087 INFO c.h.h.t.HelmChartContainer - [hivemq-test-hivemq-platform] [hivemq-platform-operator] [45057744] 18:35:04.076 [ReconcilerExecutor-hivemq-controller-54] DEBUG c.h.p.operator.event.EventSender - [helmmqtt] Creating K8s event hivemq-platform-starting: [Start] HiveMQ Platform is starting
2025-01-30 18:35:04,098 INFO c.h.h.t.HelmChartContainer - [EVENT] Normal [Start] HiveMQ Platform is starting [helmmqttit:test-hivemq-platform]
2025-01-30 18:35:04,103 INFO c.h.h.t.HelmChartContainer - [hivemq-test-hivemq-platform] [hivemq-platform-operator] [45057744] 18:35:04.101 [ReconcilerExecutor-hivemq-controller-54] INFO  c.h.p.o.h.AbstractHiveMQReconcilerStateHandler - [helmmqtt] Update HiveMQ Platform Status (CREATED [READY] -> STARTING [READY]): HiveMQ Platform is starting
2025-01-30 18:35:04,194 DEBUG com.hivemq.helmcharts.util.K8sUtil - Comparing actual state 'STARTING' and waiting for 'RUNNING'
2025-01-30 18:35:14,204 INFO c.h.h.t.HelmChartContainer - [hivemq-test-hivemq-platform] [hivemq-platform-operator] [45057744] 18:35:14.203 [pool-6-thread-12] DEBUG c.h.p.o.d.PlatformServiceResource - [helmmqtt] Desired Platform services (2 services)
2025-01-30 18:35:14,209 INFO c.h.h.t.HelmChartContainer - [hivemq-test-hivemq-platform] [hivemq-platform-operator] [45057744] 18:35:14.207 [pool-6-thread-13] DEBUG c.h.p.o.dependants.PodInfoConfigMap - [helmmqtt] Desired PodInfo ConfigMap (1 extensions) (1 enabled)
2025-01-30 18:35:14,209 INFO c.h.h.t.HelmChartContainer - [hivemq-test-hivemq-platform] [hivemq-platform-operator] [45057744] 18:35:14.207 [pool-6-thread-13] DEBUG c.h.p.o.dependants.PodInfoConfigMap - [helmmqtt] Desired PodInfo ConfigMap (metrics port: 9399) (metrics path: /)
2025-01-30 18:35:14,209 INFO c.h.h.t.HelmChartContainer - [hivemq-test-hivemq-platform] [hivemq-platform-operator] [45057744] 18:35:14.207 [pool-6-thread-13] DEBUG c.h.p.o.dependants.PodInfoConfigMap - [helmmqtt] Desired PodInfo ConfigMap (extension state hash: -1817474005)
2025-01-30 18:35:14,210 INFO c.h.h.t.HelmChartContainer - [hivemq-test-hivemq-platform] [hivemq-platform-operator] [45057744] 18:35:14.209 [pool-6-thread-17] DEBUG c.h.p.o.d.PodServiceAccountResource - [helmmqtt] Desired PodServiceAccountResource (serviceAccountName: hivemq-platform-pod-test-hivemq-platform)
2025-01-30 18:35:14,219 INFO c.h.h.t.HelmChartContainer - [K3S] [alloc.go:330] "allocated clusterIPs" service="helmmqttit/hivemq-test-hivemq-platform-metrics-9399" clusterIPs={"IPv4":"10.43.22.146"}
2025-01-30 18:35:14,291 INFO c.h.h.t.HelmChartContainer - [hivemq-test-hivemq-platform] [hivemq-platform-operator] [45057744] 18:35:14.288 [pool-6-thread-13] DEBUG c.h.p.o.dependants.PodInfoConfigMap - [helmmqtt] Update PodInfo ConfigMap
2025-01-30 18:35:14,305 INFO c.h.h.t.HelmChartContainer - [K3S] [alloc.go:330] "allocated clusterIPs" service="helmmqttit/hivemq-test-hivemq-platform-mqtt-1884" clusterIPs={"IPv4":"10.43.132.238"}
2025-01-30 18:35:14,391 INFO c.h.h.t.HelmChartContainer - [hivemq-test-hivemq-platform] [hivemq-platform-operator] [45057744] 18:35:14.390 [pool-6-thread-20] DEBUG c.h.p.o.d.StatefulSetResource - [helmmqtt] Desired StatefulSet (1 replicas) for status STARTING (READY)
2025-01-30 18:35:14,403 INFO c.h.h.t.HelmChartContainer - [hivemq-test-hivemq-platform] [hivemq-platform-operator] [45057744] 18:35:14.402 [pool-6-thread-20] DEBUG c.h.p.o.d.StatefulSetResource - [helmmqtt] Create StatefulSet
2025-01-30 18:35:14,500 INFO c.h.h.t.HelmChartContainer - [hivemq-test-hivemq-platform] [hivemq-platform-operator] [45057744] 18:35:14.497 [ReconcilerExecutor-hivemq-controller-65] INFO  c.h.p.o.HiveMQPlatformReconciler - [helmmqtt] Reconciling HiveMQ Platform 'test-hivemq-platform' in namespace 'helmmqttit'
2025-01-30 18:35:14,500 INFO c.h.h.t.HelmChartContainer - [hivemq-test-hivemq-platform] [hivemq-platform-operator] [45057744] 18:35:14.497 [ReconcilerExecutor-hivemq-controller-65] DEBUG c.h.p.o.HiveMQPlatformReconciler - [helmmqtt] Custom Resource Status STARTING - HiveMQ Platform is starting (READY)
2025-01-30 18:35:14,501 INFO c.h.h.t.HelmChartContainer - [hivemq-test-hivemq-platform] [hivemq-platform-operator] [45057744] 18:35:14.497 [ReconcilerExecutor-hivemq-controller-65] DEBUG c.h.p.o.HiveMQPlatformReconciler - [helmmqtt] Custom Resource Spec (replicas: 1) (extensions: 1)
2025-01-30 18:35:14,511 INFO c.h.h.t.HelmChartContainer - [POD] test-hivemq-platform-0 [345aee3b-01b8-465b-9ccf-b2e445eb08cc] in helmmqttit was ADDED
2025-01-30 18:35:14,511 INFO c.h.h.t.HelmChartContainer - [EVENT] Normal [SuccessfulCreate] create Pod test-hivemq-platform-0 in StatefulSet test-hivemq-platform successful [helmmqttit:test-hivemq-platform]
2025-01-30 18:35:14,515 INFO c.h.h.t.HelmChartContainer - [EVENT] Normal [Scheduled] Successfully assigned helmmqttit/test-hivemq-platform-0 to bad0b85700c6 [helmmqttit:test-hivemq-platform-0]
2025-01-30 18:35:14,516 INFO c.h.h.t.HelmChartContainer - [POD] test-hivemq-platform-0 [345aee3b-01b8-465b-9ccf-b2e445eb08cc] in helmmqttit was MODIFIED
2025-01-30 18:35:14,526 INFO c.h.h.t.HelmChartContainer - [POD] test-hivemq-platform-0 [345aee3b-01b8-465b-9ccf-b2e445eb08cc] in helmmqttit was MODIFIED
2025-01-30 18:35:14,561 INFO c.h.h.t.HelmChartContainer - [K3S] [reconciler_common.go:251] "operationExecutor.VerifyControllerAttachedVolume started for volume \"operator-init\" (UniqueName: \"kubernetes.io/empty-dir/345aee3b-01b8-465b-9ccf-b2e445eb08cc-operator-init\") pod \"test-hivemq-platform-0\" (UID: \"345aee3b-01b8-465b-9ccf-b2e445eb08cc\") " pod="helmmqttit/test-hivemq-platform-0"
2025-01-30 18:35:14,561 INFO c.h.h.t.HelmChartContainer - [K3S] [reconciler_common.go:251] "operationExecutor.VerifyControllerAttachedVolume started for volume \"pod-info\" (UniqueName: \"kubernetes.io/configmap/345aee3b-01b8-465b-9ccf-b2e445eb08cc-pod-info\") pod \"test-hivemq-platform-0\" (UID: \"345aee3b-01b8-465b-9ccf-b2e445eb08cc\") " pod="helmmqttit/test-hivemq-platform-0"
2025-01-30 18:35:14,561 INFO c.h.h.t.HelmChartContainer - [K3S] [reconciler_common.go:251] "operationExecutor.VerifyControllerAttachedVolume started for volume \"broker-configuration\" (UniqueName: \"kubernetes.io/configmap/345aee3b-01b8-465b-9ccf-b2e445eb08cc-broker-configuration\") pod \"test-hivemq-platform-0\" (UID: \"345aee3b-01b8-465b-9ccf-b2e445eb08cc\") " pod="helmmqttit/test-hivemq-platform-0"
2025-01-30 18:35:14,561 INFO c.h.h.t.HelmChartContainer - [K3S] [reconciler_common.go:251] "operationExecutor.VerifyControllerAttachedVolume started for volume \"kube-api-access-4pcsn\" (UniqueName: \"kubernetes.io/projected/345aee3b-01b8-465b-9ccf-b2e445eb08cc-kube-api-access-4pcsn\") pod \"test-hivemq-platform-0\" (UID: \"345aee3b-01b8-465b-9ccf-b2e445eb08cc\") " pod="helmmqttit/test-hivemq-platform-0"
2025-01-30 18:35:14,587 INFO c.h.h.t.HelmChartContainer - [hivemq-test-hivemq-platform] [hivemq-platform-operator] [45057744] 18:35:14.586 [ReconcilerExecutor-hivemq-controller-65] DEBUG c.h.p.o.HiveMQPlatformReconciler - [helmmqtt] StatefulSet Status (revision: null, replicas: 0, available: 0, ready: 0, current: 0, updated: 0)
2025-01-30 18:35:14,587 INFO c.h.h.t.HelmChartContainer - [hivemq-test-hivemq-platform] [hivemq-platform-operator] [45057744] 18:35:14.586 [ReconcilerExecutor-hivemq-controller-65] DEBUG c.h.p.o.HiveMQPlatformReconciler - [helmmqtt] StatefulSet Spec (replicas: 1, init containers: 1, containers: 1, volumes: 3)
2025-01-30 18:35:14,592 INFO c.h.h.t.HelmChartContainer - [hivemq-test-hivemq-platform] [hivemq-platform-operator] [45057744] 18:35:14.589 [ReconcilerExecutor-hivemq-controller-65] INFO  c.h.p.o.h.HiveMQPlatformReconcilerBaseHandler - [helmmqtt] HiveMQ Platform is starting, 0 of 1 replicas are ready
2025-01-30 18:35:14,598 INFO c.h.h.t.HelmChartContainer - [hivemq-test-hivemq-platform] [hivemq-platform-operator] [45057744] 18:35:14.597 [pool-6-thread-22] DEBUG c.h.p.o.d.PlatformServiceResource - [helmmqtt] Desired Platform services (2 services)
2025-01-30 18:35:14,601 INFO c.h.h.t.HelmChartContainer - [hivemq-test-hivemq-platform] [hivemq-platform-operator] [45057744] 18:35:14.600 [pool-6-thread-27] DEBUG c.h.p.o.d.PodServiceAccountResource - [helmmqtt] Desired PodServiceAccountResource (serviceAccountName: hivemq-platform-pod-test-hivemq-platform)
2025-01-30 18:35:14,690 INFO c.h.h.t.HelmChartContainer - [hivemq-test-hivemq-platform] [hivemq-platform-operator] [45057744] 18:35:14.687 [pool-6-thread-23] DEBUG c.h.p.o.dependants.PodInfoConfigMap - [helmmqtt] Desired PodInfo ConfigMap (1 extensions) (1 enabled)
2025-01-30 18:35:14,690 INFO c.h.h.t.HelmChartContainer - [hivemq-test-hivemq-platform] [hivemq-platform-operator] [45057744] 18:35:14.688 [pool-6-thread-23] DEBUG c.h.p.o.dependants.PodInfoConfigMap - [helmmqtt] Desired PodInfo ConfigMap (metrics port: 9399) (metrics path: /)
2025-01-30 18:35:14,690 INFO c.h.h.t.HelmChartContainer - [hivemq-test-hivemq-platform] [hivemq-platform-operator] [45057744] 18:35:14.688 [pool-6-thread-23] DEBUG c.h.p.o.dependants.PodInfoConfigMap - [helmmqtt] Desired PodInfo ConfigMap (extension state hash: -1817474005)
2025-01-30 18:35:14,694 INFO c.h.h.t.HelmChartContainer - [hivemq-test-hivemq-platform] [hivemq-platform-operator] [45057744] 18:35:14.693 [pool-6-thread-30] DEBUG c.h.p.o.d.StatefulSetResource - [helmmqtt] Desired StatefulSet (1 replicas) for status STARTING (READY)
2025-01-30 18:35:14,699 INFO c.h.h.t.HelmChartContainer - [hivemq-test-hivemq-platform] [hivemq-platform-operator] [45057744] 18:35:14.698 [ReconcilerExecutor-hivemq-controller-76] INFO  c.h.p.o.HiveMQPlatformReconciler - [helmmqtt] Reconciling HiveMQ Platform 'test-hivemq-platform' in namespace 'helmmqttit'
2025-01-30 18:35:14,699 INFO c.h.h.t.HelmChartContainer - [hivemq-test-hivemq-platform] [hivemq-platform-operator] [45057744] 18:35:14.698 [ReconcilerExecutor-hivemq-controller-76] DEBUG c.h.p.o.HiveMQPlatformReconciler - [helmmqtt] Custom Resource Status STARTING - HiveMQ Platform is starting (READY)
2025-01-30 18:35:14,699 INFO c.h.h.t.HelmChartContainer - [hivemq-test-hivemq-platform] [hivemq-platform-operator] [45057744] 18:35:14.698 [ReconcilerExecutor-hivemq-controller-76] DEBUG c.h.p.o.HiveMQPlatformReconciler - [helmmqtt] Custom Resource Spec (replicas: 1) (extensions: 1)
2025-01-30 18:35:14,702 INFO c.h.h.t.HelmChartContainer - [hivemq-test-hivemq-platform] [hivemq-platform-operator] [45057744] 18:35:14.701 [ReconcilerExecutor-hivemq-controller-76] DEBUG c.h.p.o.HiveMQPlatformReconciler - [helmmqtt] StatefulSet Status (revision: test-hivemq-platform-7bbc5894fb, replicas: 1, available: 0, ready: 0, current: 1, updated: 1)
2025-01-30 18:35:14,702 INFO c.h.h.t.HelmChartContainer - [hivemq-test-hivemq-platform] [hivemq-platform-operator] [45057744] 18:35:14.701 [ReconcilerExecutor-hivemq-controller-76] DEBUG c.h.p.o.HiveMQPlatformReconciler - [helmmqtt] StatefulSet Spec (replicas: 1, init containers: 1, containers: 1, volumes: 3)
2025-01-30 18:35:14,797 INFO c.h.h.t.HelmChartContainer - [hivemq-test-hivemq-platform] [hivemq-platform-operator] [45057744] 18:35:14.795 [ReconcilerExecutor-hivemq-controller-76] DEBUG c.h.p.o.h.HiveMQPlatformReconcilerErrorHandler - [helmmqtt] Pod 'test-hivemq-platform-0' phase Pending
2025-01-30 18:35:14,798 INFO c.h.h.t.HelmChartContainer - [hivemq-test-hivemq-platform] [hivemq-platform-operator] [45057744] 18:35:14.796 [ReconcilerExecutor-hivemq-controller-76] DEBUG c.h.p.o.h.HiveMQPlatformReconcilerErrorHandler - [helmmqtt] Pod 'test-hivemq-platform-0' condition 'PodReadyToStartContainers': False
2025-01-30 18:35:14,798 INFO c.h.h.t.HelmChartContainer - [hivemq-test-hivemq-platform] [hivemq-platform-operator] [45057744] 18:35:14.796 [ReconcilerExecutor-hivemq-controller-76] DEBUG c.h.p.o.h.HiveMQPlatformReconcilerErrorHandler - [helmmqtt] Pod 'test-hivemq-platform-0' condition 'Initialized': False
2025-01-30 18:35:14,798 INFO c.h.h.t.HelmChartContainer - [hivemq-test-hivemq-platform] [hivemq-platform-operator] [45057744] 18:35:14.796 [ReconcilerExecutor-hivemq-controller-76] DEBUG c.h.p.o.h.HiveMQPlatformReconcilerErrorHandler - [helmmqtt] Pod 'test-hivemq-platform-0' condition 'Ready': False
2025-01-30 18:35:14,798 INFO c.h.h.t.HelmChartContainer - [hivemq-test-hivemq-platform] [hivemq-platform-operator] [45057744] 18:35:14.796 [ReconcilerExecutor-hivemq-controller-76] DEBUG c.h.p.o.h.HiveMQPlatformReconcilerErrorHandler - [helmmqtt] Pod 'test-hivemq-platform-0' condition 'ContainersReady': False
2025-01-30 18:35:14,800 INFO c.h.h.t.HelmChartContainer - [hivemq-test-hivemq-platform] [hivemq-platform-operator] [45057744] 18:35:14.796 [ReconcilerExecutor-hivemq-controller-76] DEBUG c.h.p.o.h.HiveMQPlatformReconcilerErrorHandler - [helmmqtt] Pod 'test-hivemq-platform-0' condition 'PodScheduled': True
2025-01-30 18:35:14,800 INFO c.h.h.t.HelmChartContainer - [hivemq-test-hivemq-platform] [hivemq-platform-operator] [45057744] 18:35:14.796 [ReconcilerExecutor-hivemq-controller-76] DEBUG c.h.p.o.h.HiveMQPlatformReconcilerErrorHandler - [helmmqtt] Pod 'test-hivemq-platform-0' containerStatus 'hivemq' (started: false) (ready: false) (waiting: [PodInitializing] null)
2025-01-30 18:35:14,800 INFO c.h.h.t.HelmChartContainer - [hivemq-test-hivemq-platform] [hivemq-platform-operator] [45057744] 18:35:14.798 [ReconcilerExecutor-hivemq-controller-76] INFO  c.h.p.o.h.HiveMQPlatformReconcilerBaseHandler - [helmmqtt] HiveMQ Platform is starting, 0 of 1 replicas are ready
2025-01-30 18:35:14,892 INFO c.h.h.t.HelmChartContainer - [hivemq-test-hivemq-platform] [hivemq-platform-operator] [45057744] 18:35:14.887 [pool-6-thread-32] DEBUG c.h.p.o.d.PlatformServiceResource - [helmmqtt] Desired Platform services (2 services)
2025-01-30 18:35:14,892 INFO c.h.h.t.HelmChartContainer - [hivemq-test-hivemq-platform] [hivemq-platform-operator] [45057744] 18:35:14.890 [pool-6-thread-33] DEBUG c.h.p.o.dependants.PodInfoConfigMap - [helmmqtt] Desired PodInfo ConfigMap (1 extensions) (1 enabled)
2025-01-30 18:35:14,892 INFO c.h.h.t.HelmChartContainer - [hivemq-test-hivemq-platform] [hivemq-platform-operator] [45057744] 18:35:14.890 [pool-6-thread-33] DEBUG c.h.p.o.dependants.PodInfoConfigMap - [helmmqtt] Desired PodInfo ConfigMap (metrics port: 9399) (metrics path: /)
2025-01-30 18:35:14,892 INFO c.h.h.t.HelmChartContainer - [hivemq-test-hivemq-platform] [hivemq-platform-operator] [45057744] 18:35:14.890 [pool-6-thread-33] DEBUG c.h.p.o.dependants.PodInfoConfigMap - [helmmqtt] Desired PodInfo ConfigMap (extension state hash: -1817474005)
2025-01-30 18:35:14,894 INFO c.h.h.t.HelmChartContainer - [hivemq-test-hivemq-platform] [hivemq-platform-operator] [45057744] 18:35:14.894 [pool-6-thread-37] DEBUG c.h.p.o.d.PodServiceAccountResource - [helmmqtt] Desired PodServiceAccountResource (serviceAccountName: hivemq-platform-pod-test-hivemq-platform)
2025-01-30 18:35:14,903 INFO c.h.h.t.HelmChartContainer - [hivemq-test-hivemq-platform] [hivemq-platform-operator] [45057744] 18:35:14.902 [pool-6-thread-40] DEBUG c.h.p.o.d.StatefulSetResource - [helmmqtt] Desired StatefulSet (1 replicas) for status STARTING (READY)
2025-01-30 18:35:14,910 INFO c.h.h.t.HelmChartContainer - [hivemq-test-hivemq-platform] [hivemq-platform-operator] [45057744] 18:35:14.908 [ReconcilerExecutor-hivemq-controller-87] INFO  c.h.p.o.HiveMQPlatformReconciler - [helmmqtt] Reconciling HiveMQ Platform 'test-hivemq-platform' in namespace 'helmmqttit'
2025-01-30 18:35:14,910 INFO c.h.h.t.HelmChartContainer - [hivemq-test-hivemq-platform] [hivemq-platform-operator] [45057744] 18:35:14.909 [ReconcilerExecutor-hivemq-controller-87] DEBUG c.h.p.o.HiveMQPlatformReconciler - [helmmqtt] Custom Resource Status STARTING - HiveMQ Platform is starting (READY)
2025-01-30 18:35:14,910 INFO c.h.h.t.HelmChartContainer - [hivemq-test-hivemq-platform] [hivemq-platform-operator] [45057744] 18:35:14.909 [ReconcilerExecutor-hivemq-controller-87] DEBUG c.h.p.o.HiveMQPlatformReconciler - [helmmqtt] Custom Resource Spec (replicas: 1) (extensions: 1)
2025-01-30 18:35:14,912 INFO c.h.h.t.HelmChartContainer - [EVENT] Normal [Pulled] Container image "docker.io/hivemq/hivemq-platform-operator-init-test:snapshot" already present on machine [helmmqttit:test-hivemq-platform-0]
2025-01-30 18:35:14,990 INFO c.h.h.t.HelmChartContainer - [hivemq-test-hivemq-platform] [hivemq-platform-operator] [45057744] 18:35:14.989 [ReconcilerExecutor-hivemq-controller-87] DEBUG c.h.p.o.HiveMQPlatformReconciler - [helmmqtt] StatefulSet Status (revision: test-hivemq-platform-7bbc5894fb, replicas: 1, available: 0, ready: 0, current: 1, updated: 1)
2025-01-30 18:35:14,992 INFO c.h.h.t.HelmChartContainer - [hivemq-test-hivemq-platform] [hivemq-platform-operator] [45057744] 18:35:14.989 [ReconcilerExecutor-hivemq-controller-87] DEBUG c.h.p.o.HiveMQPlatformReconciler - [helmmqtt] StatefulSet Spec (replicas: 1, init containers: 1, containers: 1, volumes: 3)
2025-01-30 18:35:14,994 INFO c.h.h.t.HelmChartContainer - [hivemq-test-hivemq-platform] [hivemq-platform-operator] [45057744] 18:35:14.991 [ReconcilerExecutor-hivemq-controller-87] DEBUG c.h.p.o.h.HiveMQPlatformReconcilerErrorHandler - [helmmqtt] Pod 'test-hivemq-platform-0' phase Pending
2025-01-30 18:35:14,994 INFO c.h.h.t.HelmChartContainer - [hivemq-test-hivemq-platform] [hivemq-platform-operator] [45057744] 18:35:14.991 [ReconcilerExecutor-hivemq-controller-87] DEBUG c.h.p.o.h.HiveMQPlatformReconcilerErrorHandler - [helmmqtt] Pod 'test-hivemq-platform-0' condition 'PodReadyToStartContainers': False
2025-01-30 18:35:14,994 INFO c.h.h.t.HelmChartContainer - [hivemq-test-hivemq-platform] [hivemq-platform-operator] [45057744] 18:35:14.991 [ReconcilerExecutor-hivemq-controller-87] DEBUG c.h.p.o.h.HiveMQPlatformReconcilerErrorHandler - [helmmqtt] Pod 'test-hivemq-platform-0' condition 'Initialized': False
2025-01-30 18:35:14,994 INFO c.h.h.t.HelmChartContainer - [hivemq-test-hivemq-platform] [hivemq-platform-operator] [45057744] 18:35:14.991 [ReconcilerExecutor-hivemq-controller-87] DEBUG c.h.p.o.h.HiveMQPlatformReconcilerErrorHandler - [helmmqtt] Pod 'test-hivemq-platform-0' condition 'Ready': False
2025-01-30 18:35:14,994 INFO c.h.h.t.HelmChartContainer - [hivemq-test-hivemq-platform] [hivemq-platform-operator] [45057744] 18:35:14.991 [ReconcilerExecutor-hivemq-controller-87] DEBUG c.h.p.o.h.HiveMQPlatformReconcilerErrorHandler - [helmmqtt] Pod 'test-hivemq-platform-0' condition 'ContainersReady': False
2025-01-30 18:35:14,994 INFO c.h.h.t.HelmChartContainer - [hivemq-test-hivemq-platform] [hivemq-platform-operator] [45057744] 18:35:14.991 [ReconcilerExecutor-hivemq-controller-87] DEBUG c.h.p.o.h.HiveMQPlatformReconcilerErrorHandler - [helmmqtt] Pod 'test-hivemq-platform-0' condition 'PodScheduled': True
2025-01-30 18:35:14,994 INFO c.h.h.t.HelmChartContainer - [hivemq-test-hivemq-platform] [hivemq-platform-operator] [45057744] 18:35:14.991 [ReconcilerExecutor-hivemq-controller-87] DEBUG c.h.p.o.h.HiveMQPlatformReconcilerErrorHandler - [helmmqtt] Pod 'test-hivemq-platform-0' containerStatus 'hivemq' (started: false) (ready: false) (waiting: [PodInitializing] null)
2025-01-30 18:35:14,995 INFO c.h.h.t.HelmChartContainer - [hivemq-test-hivemq-platform] [hivemq-platform-operator] [45057744] 18:35:14.994 [ReconcilerExecutor-hivemq-controller-87] INFO  c.h.p.o.h.HiveMQPlatformReconcilerBaseHandler - [helmmqtt] HiveMQ Platform is starting, 0 of 1 replicas are ready
2025-01-30 18:35:15,024 INFO c.h.h.t.HelmChartContainer - [EVENT] Normal [Created] Created container: hivemq-platform-operator-init [helmmqttit:test-hivemq-platform-0]
2025-01-30 18:35:15,088 INFO c.h.h.t.HelmChartContainer - [EVENT] Normal [Started] Started container hivemq-platform-operator-init [helmmqttit:test-hivemq-platform-0]
2025-01-30 18:35:15,837 INFO c.h.h.t.HelmChartContainer - [POD] test-hivemq-platform-0 [345aee3b-01b8-465b-9ccf-b2e445eb08cc] in helmmqttit was MODIFIED
2025-01-30 18:35:15,852 INFO c.h.h.t.HelmChartContainer - [hivemq-test-hivemq-platform] [hivemq-platform-operator] [45057744] 18:35:15.840 [pool-6-thread-42] DEBUG c.h.p.o.d.PlatformServiceResource - [helmmqtt] Desired Platform services (2 services)
2025-01-30 18:35:15,853 INFO c.h.h.t.HelmChartContainer - [hivemq-test-hivemq-platform] [hivemq-platform-operator] [45057744] 18:35:15.843 [pool-6-thread-43] DEBUG c.h.p.o.dependants.PodInfoConfigMap - [helmmqtt] Desired PodInfo ConfigMap (1 extensions) (1 enabled)
2025-01-30 18:35:15,853 INFO c.h.h.t.HelmChartContainer - [hivemq-test-hivemq-platform] [hivemq-platform-operator] [45057744] 18:35:15.845 [pool-6-thread-43] DEBUG c.h.p.o.dependants.PodInfoConfigMap - [helmmqtt] Desired PodInfo ConfigMap (metrics port: 9399) (metrics path: /)
2025-01-30 18:35:15,853 INFO c.h.h.t.HelmChartContainer - [hivemq-test-hivemq-platform] [hivemq-platform-operator] [45057744] 18:35:15.845 [pool-6-thread-43] DEBUG c.h.p.o.dependants.PodInfoConfigMap - [helmmqtt] Desired PodInfo ConfigMap (extension state hash: -1817474005)
2025-01-30 18:35:15,853 INFO c.h.h.t.HelmChartContainer - [hivemq-test-hivemq-platform] [hivemq-platform-operator] [45057744] 18:35:15.847 [pool-6-thread-47] DEBUG c.h.p.o.d.PodServiceAccountResource - [helmmqtt] Desired PodServiceAccountResource (serviceAccountName: hivemq-platform-pod-test-hivemq-platform)
2025-01-30 18:35:15,856 INFO c.h.h.t.HelmChartContainer - [hivemq-test-hivemq-platform] [hivemq-platform-operator] [45057744] 18:35:15.854 [pool-6-thread-49] DEBUG c.h.p.o.d.StatefulSetResource - [helmmqtt] Desired StatefulSet (1 replicas) for status STARTING (READY)
2025-01-30 18:35:15,889 INFO c.h.h.t.HelmChartContainer - [hivemq-test-hivemq-platform] [hivemq-platform-operator] [45057744] 18:35:15.886 [ReconcilerExecutor-hivemq-controller-98] INFO  c.h.p.o.HiveMQPlatformReconciler - [helmmqtt] Reconciling HiveMQ Platform 'test-hivemq-platform' in namespace 'helmmqttit'
2025-01-30 18:35:15,889 INFO c.h.h.t.HelmChartContainer - [hivemq-test-hivemq-platform] [hivemq-platform-operator] [45057744] 18:35:15.887 [ReconcilerExecutor-hivemq-controller-98] DEBUG c.h.p.o.HiveMQPlatformReconciler - [helmmqtt] Custom Resource Status STARTING - HiveMQ Platform is starting (READY)
2025-01-30 18:35:15,889 INFO c.h.h.t.HelmChartContainer - [hivemq-test-hivemq-platform] [hivemq-platform-operator] [45057744] 18:35:15.887 [ReconcilerExecutor-hivemq-controller-98] DEBUG c.h.p.o.HiveMQPlatformReconciler - [helmmqtt] Custom Resource Spec (replicas: 1) (extensions: 1)
2025-01-30 18:35:15,892 INFO c.h.h.t.HelmChartContainer - [hivemq-test-hivemq-platform] [hivemq-platform-operator] [45057744] 18:35:15.889 [ReconcilerExecutor-hivemq-controller-98] DEBUG c.h.p.o.HiveMQPlatformReconciler - [helmmqtt] StatefulSet Status (revision: test-hivemq-platform-7bbc5894fb, replicas: 1, available: 0, ready: 0, current: 1, updated: 1)
2025-01-30 18:35:15,892 INFO c.h.h.t.HelmChartContainer - [hivemq-test-hivemq-platform] [hivemq-platform-operator] [45057744] 18:35:15.889 [ReconcilerExecutor-hivemq-controller-98] DEBUG c.h.p.o.HiveMQPlatformReconciler - [helmmqtt] StatefulSet Spec (replicas: 1, init containers: 1, containers: 1, volumes: 3)
2025-01-30 18:35:15,895 INFO c.h.h.t.HelmChartContainer - [hivemq-test-hivemq-platform] [hivemq-platform-operator] [45057744] 18:35:15.892 [ReconcilerExecutor-hivemq-controller-98] DEBUG c.h.p.o.h.HiveMQPlatformReconcilerErrorHandler - [helmmqtt] Pod 'test-hivemq-platform-0' phase Pending
2025-01-30 18:35:15,895 INFO c.h.h.t.HelmChartContainer - [hivemq-test-hivemq-platform] [hivemq-platform-operator] [45057744] 18:35:15.893 [ReconcilerExecutor-hivemq-controller-98] DEBUG c.h.p.o.h.HiveMQPlatformReconcilerErrorHandler - [helmmqtt] Pod 'test-hivemq-platform-0' condition 'PodReadyToStartContainers': True
2025-01-30 18:35:15,895 INFO c.h.h.t.HelmChartContainer - [hivemq-test-hivemq-platform] [hivemq-platform-operator] [45057744] 18:35:15.893 [ReconcilerExecutor-hivemq-controller-98] DEBUG c.h.p.o.h.HiveMQPlatformReconcilerErrorHandler - [helmmqtt] Pod 'test-hivemq-platform-0' condition 'Initialized': False
2025-01-30 18:35:15,895 INFO c.h.h.t.HelmChartContainer - [hivemq-test-hivemq-platform] [hivemq-platform-operator] [45057744] 18:35:15.893 [ReconcilerExecutor-hivemq-controller-98] DEBUG c.h.p.o.h.HiveMQPlatformReconcilerErrorHandler - [helmmqtt] Pod 'test-hivemq-platform-0' condition 'Ready': False
2025-01-30 18:35:15,895 INFO c.h.h.t.HelmChartContainer - [hivemq-test-hivemq-platform] [hivemq-platform-operator] [45057744] 18:35:15.893 [ReconcilerExecutor-hivemq-controller-98] DEBUG c.h.p.o.h.HiveMQPlatformReconcilerErrorHandler - [helmmqtt] Pod 'test-hivemq-platform-0' condition 'ContainersReady': False
2025-01-30 18:35:15,895 INFO c.h.h.t.HelmChartContainer - [hivemq-test-hivemq-platform] [hivemq-platform-operator] [45057744] 18:35:15.893 [ReconcilerExecutor-hivemq-controller-98] DEBUG c.h.p.o.h.HiveMQPlatformReconcilerErrorHandler - [helmmqtt] Pod 'test-hivemq-platform-0' condition 'PodScheduled': True
2025-01-30 18:35:15,896 INFO c.h.h.t.HelmChartContainer - [hivemq-test-hivemq-platform] [hivemq-platform-operator] [45057744] 18:35:15.893 [ReconcilerExecutor-hivemq-controller-98] DEBUG c.h.p.o.h.HiveMQPlatformReconcilerErrorHandler - [helmmqtt] Pod 'test-hivemq-platform-0' containerStatus 'hivemq' (started: false) (ready: false) (waiting: [PodInitializing] null)
2025-01-30 18:35:15,896 INFO c.h.h.t.HelmChartContainer - [hivemq-test-hivemq-platform] [hivemq-platform-operator] [45057744] 18:35:15.894 [ReconcilerExecutor-hivemq-controller-98] INFO  c.h.p.o.h.HiveMQPlatformReconcilerBaseHandler - [helmmqtt] HiveMQ Platform is starting, 0 of 1 replicas are ready
2025-01-30 18:35:16,830 INFO c.h.h.t.HelmChartContainer - [EVENT] Normal [Pulled] Container image "docker.io/hivemq/hivemq4:4.36.0" already present on machine [helmmqttit:test-hivemq-platform-0]
2025-01-30 18:35:16,830 INFO c.h.h.t.HelmChartContainer - Received Pulled event for container hivemq in pod test-hivemq-platform-0 [345aee3b-01b8-465b-9ccf-b2e445eb08cc]
2025-01-30 18:35:16,836 INFO c.h.h.t.HelmChartContainer - [POD] test-hivemq-platform-0 [345aee3b-01b8-465b-9ccf-b2e445eb08cc] in helmmqttit was MODIFIED
2025-01-30 18:35:16,846 INFO c.h.h.t.HelmChartContainer - [hivemq-test-hivemq-platform] [hivemq-platform-operator] [45057744] 18:35:16.843 [pool-6-thread-9] DEBUG c.h.p.o.d.PlatformServiceResource - [helmmqtt] Desired Platform services (2 services)
2025-01-30 18:35:16,846 INFO c.h.h.t.HelmChartContainer - [hivemq-test-hivemq-platform] [hivemq-platform-operator] [45057744] 18:35:16.844 [pool-6-thread-3] DEBUG c.h.p.o.dependants.PodInfoConfigMap - [helmmqtt] Desired PodInfo ConfigMap (1 extensions) (1 enabled)
2025-01-30 18:35:16,846 INFO c.h.h.t.HelmChartContainer - [hivemq-test-hivemq-platform] [hivemq-platform-operator] [45057744] 18:35:16.844 [pool-6-thread-3] DEBUG c.h.p.o.dependants.PodInfoConfigMap - [helmmqtt] Desired PodInfo ConfigMap (metrics port: 9399) (metrics path: /)
2025-01-30 18:35:16,846 INFO c.h.h.t.HelmChartContainer - [hivemq-test-hivemq-platform] [hivemq-platform-operator] [45057744] 18:35:16.844 [pool-6-thread-3] DEBUG c.h.p.o.dependants.PodInfoConfigMap - [helmmqtt] Desired PodInfo ConfigMap (extension state hash: -1817474005)
2025-01-30 18:35:16,846 INFO c.h.h.t.HelmChartContainer - [hivemq-test-hivemq-platform] [hivemq-platform-operator] [45057744] 18:35:16.845 [pool-6-thread-6] DEBUG c.h.p.o.d.PodServiceAccountResource - [helmmqtt] Desired PodServiceAccountResource (serviceAccountName: hivemq-platform-pod-test-hivemq-platform)
2025-01-30 18:35:16,855 INFO c.h.h.t.HelmChartContainer - [hivemq-test-hivemq-platform] [hivemq-platform-operator] [45057744] 18:35:16.854 [pool-6-thread-10] DEBUG c.h.p.o.d.StatefulSetResource - [helmmqtt] Desired StatefulSet (1 replicas) for status STARTING (READY)
2025-01-30 18:35:16,890 INFO c.h.h.t.HelmChartContainer - [hivemq-test-hivemq-platform] [hivemq-platform-operator] [45057744] 18:35:16.888 [ReconcilerExecutor-hivemq-controller-109] INFO  c.h.p.o.HiveMQPlatformReconciler - [helmmqtt] Reconciling HiveMQ Platform 'test-hivemq-platform' in namespace 'helmmqttit'
2025-01-30 18:35:16,890 INFO c.h.h.t.HelmChartContainer - [hivemq-test-hivemq-platform] [hivemq-platform-operator] [45057744] 18:35:16.888 [ReconcilerExecutor-hivemq-controller-109] DEBUG c.h.p.o.HiveMQPlatformReconciler - [helmmqtt] Custom Resource Status STARTING - HiveMQ Platform is starting (READY)
2025-01-30 18:35:16,890 INFO c.h.h.t.HelmChartContainer - [hivemq-test-hivemq-platform] [hivemq-platform-operator] [45057744] 18:35:16.888 [ReconcilerExecutor-hivemq-controller-109] DEBUG c.h.p.o.HiveMQPlatformReconciler - [helmmqtt] Custom Resource Spec (replicas: 1) (extensions: 1)
2025-01-30 18:35:16,891 INFO c.h.h.t.HelmChartContainer - [hivemq-test-hivemq-platform] [hivemq-platform-operator] [45057744] 18:35:16.890 [ReconcilerExecutor-hivemq-controller-109] DEBUG c.h.p.o.HiveMQPlatformReconciler - [helmmqtt] StatefulSet Status (revision: test-hivemq-platform-7bbc5894fb, replicas: 1, available: 0, ready: 0, current: 1, updated: 1)
2025-01-30 18:35:16,891 INFO c.h.h.t.HelmChartContainer - [hivemq-test-hivemq-platform] [hivemq-platform-operator] [45057744] 18:35:16.890 [ReconcilerExecutor-hivemq-controller-109] DEBUG c.h.p.o.HiveMQPlatformReconciler - [helmmqtt] StatefulSet Spec (replicas: 1, init containers: 1, containers: 1, volumes: 3)
2025-01-30 18:35:16,895 INFO c.h.h.t.HelmChartContainer - [hivemq-test-hivemq-platform] [hivemq-platform-operator] [45057744] 18:35:16.894 [ReconcilerExecutor-hivemq-controller-109] DEBUG c.h.p.o.h.HiveMQPlatformReconcilerErrorHandler - [helmmqtt] Pod 'test-hivemq-platform-0' phase Pending
2025-01-30 18:35:16,895 INFO c.h.h.t.HelmChartContainer - [hivemq-test-hivemq-platform] [hivemq-platform-operator] [45057744] 18:35:16.895 [ReconcilerExecutor-hivemq-controller-109] DEBUG c.h.p.o.h.HiveMQPlatformReconcilerErrorHandler - [helmmqtt] Pod 'test-hivemq-platform-0' condition 'PodReadyToStartContainers': True
2025-01-30 18:35:16,896 INFO c.h.h.t.HelmChartContainer - [hivemq-test-hivemq-platform] [hivemq-platform-operator] [45057744] 18:35:16.895 [ReconcilerExecutor-hivemq-controller-109] DEBUG c.h.p.o.h.HiveMQPlatformReconcilerErrorHandler - [helmmqtt] Pod 'test-hivemq-platform-0' condition 'Initialized': True
2025-01-30 18:35:16,898 INFO c.h.h.t.HelmChartContainer - [hivemq-test-hivemq-platform] [hivemq-platform-operator] [45057744] 18:35:16.895 [ReconcilerExecutor-hivemq-controller-109] DEBUG c.h.p.o.h.HiveMQPlatformReconcilerErrorHandler - [helmmqtt] Pod 'test-hivemq-platform-0' condition 'Ready': False
2025-01-30 18:35:16,898 INFO c.h.h.t.HelmChartContainer - [hivemq-test-hivemq-platform] [hivemq-platform-operator] [45057744] 18:35:16.895 [ReconcilerExecutor-hivemq-controller-109] DEBUG c.h.p.o.h.HiveMQPlatformReconcilerErrorHandler - [helmmqtt] Pod 'test-hivemq-platform-0' condition 'ContainersReady': False
2025-01-30 18:35:16,898 INFO c.h.h.t.HelmChartContainer - [hivemq-test-hivemq-platform] [hivemq-platform-operator] [45057744] 18:35:16.895 [ReconcilerExecutor-hivemq-controller-109] DEBUG c.h.p.o.h.HiveMQPlatformReconcilerErrorHandler - [helmmqtt] Pod 'test-hivemq-platform-0' condition 'PodScheduled': True
2025-01-30 18:35:16,899 INFO c.h.h.t.HelmChartContainer - [hivemq-test-hivemq-platform] [hivemq-platform-operator] [45057744] 18:35:16.896 [ReconcilerExecutor-hivemq-controller-109] DEBUG c.h.p.o.h.HiveMQPlatformReconcilerErrorHandler - [helmmqtt] Pod 'test-hivemq-platform-0' containerStatus 'hivemq' (started: false) (ready: false) (waiting: [PodInitializing] null)
2025-01-30 18:35:16,899 INFO c.h.h.t.HelmChartContainer - [hivemq-test-hivemq-platform] [hivemq-platform-operator] [45057744] 18:35:16.897 [ReconcilerExecutor-hivemq-controller-109] INFO  c.h.p.o.h.HiveMQPlatformReconcilerBaseHandler - [helmmqtt] HiveMQ Platform is starting, 0 of 1 replicas are ready
2025-01-30 18:35:17,888 INFO c.h.h.t.HelmChartContainer - [EVENT] Normal [Created] Created container: hivemq [helmmqttit:test-hivemq-platform-0]
2025-01-30 18:35:17,888 INFO c.h.h.t.HelmChartContainer - Received Created event for container hivemq in pod test-hivemq-platform-0 [345aee3b-01b8-465b-9ccf-b2e445eb08cc]
2025-01-30 18:35:18,846 INFO c.h.h.t.HelmChartContainer - [POD] test-hivemq-platform-0 [345aee3b-01b8-465b-9ccf-b2e445eb08cc] in helmmqttit was MODIFIED
2025-01-30 18:35:18,853 INFO c.h.h.t.HelmChartContainer - [EVENT] Normal [Started] Started container hivemq [helmmqttit:test-hivemq-platform-0]
2025-01-30 18:35:18,853 INFO c.h.h.t.HelmChartContainer - Received Started event for container hivemq in pod test-hivemq-platform-0 [345aee3b-01b8-465b-9ccf-b2e445eb08cc]
2025-01-30 18:35:18,853 INFO c.h.h.t.HelmChartContainer - Started log watcher for hivemq in pod test-hivemq-platform-0 [345aee3b-01b8-465b-9ccf-b2e445eb08cc]
2025-01-30 18:35:18,853 INFO c.h.h.t.HelmChartContainer - [test-hivemq-platform] [hivemq] [345aee3b] Adding pre-installed HiveMQ Platform Operator extensions
2025-01-30 18:35:18,854 INFO c.h.h.t.HelmChartContainer - [test-hivemq-platform] [hivemq] [345aee3b] Running as user 10000
2025-01-30 18:35:18,854 INFO c.h.h.t.HelmChartContainer - [test-hivemq-platform] [hivemq] [345aee3b] Starting HiveMQ Platform Operator Init
2025-01-30 18:35:18,858 INFO c.h.h.t.HelmChartContainer - [hivemq-test-hivemq-platform] [hivemq-platform-operator] [45057744] 18:35:18.849 [pool-6-thread-14] DEBUG c.h.p.o.d.PlatformServiceResource - [helmmqtt] Desired Platform services (2 services)
2025-01-30 18:35:18,858 INFO c.h.h.t.HelmChartContainer - [hivemq-test-hivemq-platform] [hivemq-platform-operator] [45057744] 18:35:18.857 [pool-6-thread-16] DEBUG c.h.p.o.dependants.PodInfoConfigMap - [helmmqtt] Desired PodInfo ConfigMap (1 extensions) (1 enabled)
2025-01-30 18:35:18,858 INFO c.h.h.t.HelmChartContainer - [hivemq-test-hivemq-platform] [hivemq-platform-operator] [45057744] 18:35:18.857 [pool-6-thread-16] DEBUG c.h.p.o.dependants.PodInfoConfigMap - [helmmqtt] Desired PodInfo ConfigMap (metrics port: 9399) (metrics path: /)
2025-01-30 18:35:18,858 INFO c.h.h.t.HelmChartContainer - [hivemq-test-hivemq-platform] [hivemq-platform-operator] [45057744] 18:35:18.857 [pool-6-thread-16] DEBUG c.h.p.o.dependants.PodInfoConfigMap - [helmmqtt] Desired PodInfo ConfigMap (extension state hash: -1817474005)
2025-01-30 18:35:18,860 INFO c.h.h.t.HelmChartContainer - [hivemq-test-hivemq-platform] [hivemq-platform-operator] [45057744] 18:35:18.860 [pool-6-thread-15] DEBUG c.h.p.o.d.PodServiceAccountResource - [helmmqtt] Desired PodServiceAccountResource (serviceAccountName: hivemq-platform-pod-test-hivemq-platform)
2025-01-30 18:35:18,866 INFO c.h.h.t.HelmChartContainer - [hivemq-test-hivemq-platform] [hivemq-platform-operator] [45057744] 18:35:18.865 [pool-6-thread-19] DEBUG c.h.p.o.d.StatefulSetResource - [helmmqtt] Desired StatefulSet (1 replicas) for status STARTING (READY)
2025-01-30 18:35:18,891 INFO c.h.h.t.HelmChartContainer - [hivemq-test-hivemq-platform] [hivemq-platform-operator] [45057744] 18:35:18.889 [ReconcilerExecutor-hivemq-controller-110] INFO  c.h.p.o.HiveMQPlatformReconciler - [helmmqtt] Reconciling HiveMQ Platform 'test-hivemq-platform' in namespace 'helmmqttit'
2025-01-30 18:35:18,892 INFO c.h.h.t.HelmChartContainer - [hivemq-test-hivemq-platform] [hivemq-platform-operator] [45057744] 18:35:18.889 [ReconcilerExecutor-hivemq-controller-110] DEBUG c.h.p.o.HiveMQPlatformReconciler - [helmmqtt] Custom Resource Status STARTING - HiveMQ Platform is starting (READY)
2025-01-30 18:35:18,892 INFO c.h.h.t.HelmChartContainer - [hivemq-test-hivemq-platform] [hivemq-platform-operator] [45057744] 18:35:18.889 [ReconcilerExecutor-hivemq-controller-110] DEBUG c.h.p.o.HiveMQPlatformReconciler - [helmmqtt] Custom Resource Spec (replicas: 1) (extensions: 1)
2025-01-30 18:35:18,895 INFO c.h.h.t.HelmChartContainer - [hivemq-test-hivemq-platform] [hivemq-platform-operator] [45057744] 18:35:18.892 [ReconcilerExecutor-hivemq-controller-110] DEBUG c.h.p.o.HiveMQPlatformReconciler - [helmmqtt] StatefulSet Status (revision: test-hivemq-platform-7bbc5894fb, replicas: 1, available: 0, ready: 0, current: 1, updated: 1)
2025-01-30 18:35:18,895 INFO c.h.h.t.HelmChartContainer - [hivemq-test-hivemq-platform] [hivemq-platform-operator] [45057744] 18:35:18.893 [ReconcilerExecutor-hivemq-controller-110] DEBUG c.h.p.o.HiveMQPlatformReconciler - [helmmqtt] StatefulSet Spec (replicas: 1, init containers: 1, containers: 1, volumes: 3)
2025-01-30 18:35:18,897 INFO c.h.h.t.HelmChartContainer - [hivemq-test-hivemq-platform] [hivemq-platform-operator] [45057744] 18:35:18.895 [ReconcilerExecutor-hivemq-controller-110] DEBUG c.h.p.o.h.HiveMQPlatformReconcilerErrorHandler - [helmmqtt] Pod 'test-hivemq-platform-0' phase Running
2025-01-30 18:35:18,897 INFO c.h.h.t.HelmChartContainer - [hivemq-test-hivemq-platform] [hivemq-platform-operator] [45057744] 18:35:18.896 [ReconcilerExecutor-hivemq-controller-110] INFO  c.h.p.o.h.HiveMQPlatformReconcilerBaseHandler - [helmmqtt] HiveMQ Platform is starting, 0 of 1 replicas are ready
2025-01-30 18:35:19,107 INFO c.h.h.t.HelmChartContainer - [test-hivemq-platform] [hivemq] [345aee3b] INFO  - [HiveMQ Platform Operator Init 1.7.0-SNAPSHOT] HiveMQ Platform Operator Init 1.7.0-SNAPSHOT (commit: 47e3375 on branch: HEAD) built on Thu Jan 30 03:55:50 UTC 2025
2025-01-30 18:35:20,300 INFO c.h.h.t.HelmChartContainer - [test-hivemq-platform] [hivemq] [345aee3b] INFO  - [HiveMQ Platform Operator Init App 1.7.0-SNAPSHOT] Using bind address 10.42.0.15 from environment variable
2025-01-30 18:35:21,125 INFO c.h.h.t.HelmChartContainer - [test-hivemq-platform] [hivemq] [345aee3b] INFO  - [HiveMQ Platform Operator Init App 1.7.0-SNAPSHOT] HiveMQ Platform Operator Init App 1.7.0-SNAPSHOT (commit: 47e3375 on branch: HEAD) built on Thu Jan 30 03:55:50 UTC 2025
2025-01-30 18:35:21,125 INFO c.h.h.t.HelmChartContainer - [test-hivemq-platform] [hivemq] [345aee3b] INFO  - [HiveMQ Platform Operator Init App 1.7.0-SNAPSHOT] PodInfo ConfigMap directory: /etc/podinfo
2025-01-30 18:35:21,125 INFO c.h.h.t.HelmChartContainer - [test-hivemq-platform] [hivemq] [345aee3b] INFO  - [HiveMQ Platform Operator Init App 1.7.0-SNAPSHOT] HiveMQ home directory: /opt/hivemq
2025-01-30 18:35:21,125 INFO c.h.h.t.HelmChartContainer - [test-hivemq-platform] [hivemq] [345aee3b] INFO  - [HiveMQ Platform Operator Init App 1.7.0-SNAPSHOT] HiveMQ Logback folder: /opt/hivemq/conf
2025-01-30 18:35:21,125 INFO c.h.h.t.HelmChartContainer - [test-hivemq-platform] [hivemq] [345aee3b] INFO  - [HiveMQ Platform Operator Init App 1.7.0-SNAPSHOT] HiveMQ Config folder: /opt/hivemq/conf-k8s
2025-01-30 18:35:21,199 INFO c.h.h.t.HelmChartContainer - [test-hivemq-platform] [hivemq] [345aee3b] INFO  - [HiveMQ Platform Operator Init App 1.7.0-SNAPSHOT] Starting HiveMQ Platform Operator Init App
2025-01-30 18:35:21,200 INFO c.h.h.t.HelmChartContainer - [test-hivemq-platform] [hivemq] [345aee3b] INFO  - [HiveMQ Platform Operator Init App 1.7.0-SNAPSHOT] Starting Pod reconciler
2025-01-30 18:35:22,329 INFO c.h.h.t.HelmChartContainer - [test-hivemq-platform] [hivemq] [345aee3b] INFO  - [HiveMQ Platform Operator Init App 1.7.0-SNAPSHOT] Pod reconciler is scheduled (interval: 5000 ms)
2025-01-30 18:35:22,330 INFO c.h.h.t.HelmChartContainer - [test-hivemq-platform] [hivemq] [345aee3b] INFO  - [HiveMQ Platform Operator Init App 1.7.0-SNAPSHOT] Starting the REST API on 10.42.0.15:7979
2025-01-30 18:35:22,332 INFO c.h.h.t.HelmChartContainer - [test-hivemq-platform] [hivemq] [345aee3b] INFO  - [HiveMQ Platform Operator Init App 1.7.0-SNAPSHOT] Waiting up to 600s for at most 1 HiveMQ nodes in cluster service hivemq-test-hivemq-platform-cluster.helmmqttit.svc
2025-01-30 18:35:22,719 INFO c.h.h.t.HelmChartContainer - [test-hivemq-platform] [hivemq] [345aee3b] INFO  - [HiveMQ Platform Operator Init App 1.7.0-SNAPSHOT] Resolved 1 IP addresses: [10.42.0.15]
2025-01-30 18:35:22,720 INFO c.h.h.t.HelmChartContainer - [test-hivemq-platform] [hivemq] [345aee3b] INFO  - [HiveMQ Platform Operator Init App 1.7.0-SNAPSHOT] HiveMQ node count of 1 is within threshold of 1
2025-01-30 18:35:22,720 INFO c.h.h.t.HelmChartContainer - [test-hivemq-platform] [hivemq] [345aee3b] INFO  - [HiveMQ Platform Operator Init App 1.7.0-SNAPSHOT] Proceeding with container start
2025-01-30 18:35:22,818 INFO c.h.h.t.HelmChartContainer - [test-hivemq-platform] [hivemq] [345aee3b] INFO  - [HiveMQ Platform Operator Init App 1.7.0-SNAPSHOT] Initializing HiveMQ Platform extensions with initial configuration: {hivemq-allow-all-extension={start-priority=-1, skip-https-hostname-verification=false, restart=true, config-version=0, header-version=0, c-uri=, priority=-1, uri=preinstalled, skip-https-certificate-validation=false, enabled=true}, hivemq-prometheus-extension={uri=preinstalled, skip-https-certificate-validation=false, skip-https-hostname-verification=false, c-uri=, start-priority=-1, priority=-1, restart=true, enabled=true, request-header-path=no-request-headers}}
2025-01-30 18:35:23,305 INFO c.h.h.t.HelmChartContainer - [test-hivemq-platform] [hivemq] [345aee3b] INFO  - [HiveMQ Platform Operator Init App 1.7.0-SNAPSHOT] Extension hivemq-allow-all-extension was already enabled
2025-01-30 18:35:23,317 INFO c.h.h.t.HelmChartContainer - [test-hivemq-platform] [hivemq] [345aee3b] INFO  - [HiveMQ Platform Operator Init App 1.7.0-SNAPSHOT] Successfully enabled extension hivemq-prometheus-extension
2025-01-30 18:35:23,318 INFO c.h.h.t.HelmChartContainer - [test-hivemq-platform] [hivemq] [345aee3b] INFO  - [HiveMQ Platform Operator Init App 1.7.0-SNAPSHOT] Starting HiveMQ Platform version 4.36.0 (4.36.0)
2025-01-30 18:35:23,319 INFO c.h.h.t.HelmChartContainer - [test-hivemq-platform] [hivemq] [345aee3b] INFO  - [HiveMQ Platform Operator Init App 1.7.0-SNAPSHOT] Configuring the HiveMQ Platform
2025-01-30 18:35:23,407 INFO c.h.h.t.HelmChartContainer - [test-hivemq-platform] [hivemq] [345aee3b] INFO  - [HiveMQ Platform Operator Init App 1.7.0-SNAPSHOT] Changed logback.xml file scan period to 20 seconds
2025-01-30 18:35:23,499 INFO c.h.h.t.HelmChartContainer - [test-hivemq-platform] [hivemq] [345aee3b] INFO  - [HiveMQ Platform Operator Init App 1.7.0-SNAPSHOT] Starting the HiveMQ Platform
2025-01-30 18:35:23,502 INFO c.h.h.t.HelmChartContainer - [test-hivemq-platform] [hivemq] [345aee3b] -------------------------------------------------------------------------
2025-01-30 18:35:23,502 INFO c.h.h.t.HelmChartContainer - [test-hivemq-platform] [hivemq] [345aee3b] 
2025-01-30 18:35:23,502 INFO c.h.h.t.HelmChartContainer - [test-hivemq-platform] [hivemq] [345aee3b]                   _    _  _              __  __   ____
2025-01-30 18:35:23,502 INFO c.h.h.t.HelmChartContainer - [test-hivemq-platform] [hivemq] [345aee3b]                  | |  | |(_)            |  \/  | / __ \
2025-01-30 18:35:23,502 INFO c.h.h.t.HelmChartContainer - [test-hivemq-platform] [hivemq] [345aee3b]                  | |__| | _ __   __ ___ | \  / || |  | |
2025-01-30 18:35:23,503 INFO c.h.h.t.HelmChartContainer - [test-hivemq-platform] [hivemq] [345aee3b]                  |  __  || |\ \ / // _ \| |\/| || |  | |
2025-01-30 18:35:23,503 INFO c.h.h.t.HelmChartContainer - [test-hivemq-platform] [hivemq] [345aee3b]                  | |  | || | \ V /|  __/| |  | || |__| |
2025-01-30 18:35:23,503 INFO c.h.h.t.HelmChartContainer - [test-hivemq-platform] [hivemq] [345aee3b]                  |_|  |_||_|  \_/  \___||_|  |_| \___\_\
2025-01-30 18:35:23,503 INFO c.h.h.t.HelmChartContainer - [test-hivemq-platform] [hivemq] [345aee3b] 
2025-01-30 18:35:23,503 INFO c.h.h.t.HelmChartContainer - [test-hivemq-platform] [hivemq] [345aee3b] -------------------------------------------------------------------------
2025-01-30 18:35:23,503 INFO c.h.h.t.HelmChartContainer - [test-hivemq-platform] [hivemq] [345aee3b] 
2025-01-30 18:35:23,504 INFO c.h.h.t.HelmChartContainer - [test-hivemq-platform] [hivemq] [345aee3b]   HiveMQ Start Script for Linux/Unix v1.14
2025-01-30 18:35:23,504 INFO c.h.h.t.HelmChartContainer - [test-hivemq-platform] [hivemq] [345aee3b] 
2025-01-30 18:35:23,530 INFO c.h.h.t.HelmChartContainer - [test-hivemq-platform] [hivemq] [345aee3b] -------------------------------------------------------------------------
2025-01-30 18:35:23,530 INFO c.h.h.t.HelmChartContainer - [test-hivemq-platform] [hivemq] [345aee3b] 
2025-01-30 18:35:23,530 INFO c.h.h.t.HelmChartContainer - [test-hivemq-platform] [hivemq] [345aee3b]   HIVEMQ_HOME: /opt/hivemq
2025-01-30 18:35:23,530 INFO c.h.h.t.HelmChartContainer - [test-hivemq-platform] [hivemq] [345aee3b] 
2025-01-30 18:35:23,530 INFO c.h.h.t.HelmChartContainer - [test-hivemq-platform] [hivemq] [345aee3b]   JAVA_OPTS: -XX:+UnlockExperimentalVMOptions -XX:InitialRAMPercentage=50 -XX:MaxRAMPercentage=50 -Djava.net.preferIPv4Stack=true --add-opens java.base/java.lang=ALL-UNNAMED --add-opens java.base/java.nio=ALL-UNNAMED --add-opens java.base/sun.nio.ch=ALL-UNNAMED --add-opens jdk.management/com.sun.management.internal=ALL-UNNAMED --add-exports java.base/jdk.internal.misc=ALL-UNNAMED -Djava.security.egd=file:/dev/./urandom -Dcom.sun.management.jmxremote -Dcom.sun.management.jmxremote.port=9010 -Dcom.sun.management.jmxremote.local.only=false -Dcom.sun.management.jmxremote.authenticate=false -Dcom.sun.management.jmxremote.ssl=false -Duser.language=en -Duser.region=US -XX:+CrashOnOutOfMemoryError -XX:+HeapDumpOnOutOfMemoryError
2025-01-30 18:35:23,530 INFO c.h.h.t.HelmChartContainer - [test-hivemq-platform] [hivemq] [345aee3b] 
2025-01-30 18:35:23,530 INFO c.h.h.t.HelmChartContainer - [test-hivemq-platform] [hivemq] [345aee3b]   JAVA_VERSION: 21
2025-01-30 18:35:23,530 INFO c.h.h.t.HelmChartContainer - [test-hivemq-platform] [hivemq] [345aee3b] 
2025-01-30 18:35:23,530 INFO c.h.h.t.HelmChartContainer - [test-hivemq-platform] [hivemq] [345aee3b] -------------------------------------------------------------------------
2025-01-30 18:35:23,530 INFO c.h.h.t.HelmChartContainer - [test-hivemq-platform] [hivemq] [345aee3b] 
2025-01-30 18:35:24,911 INFO c.h.h.t.HelmChartContainer - [test-hivemq-platform] [hivemq] [345aee3b] INFO  - [HiveMQ Platform Operator Init App 1.7.0-SNAPSHOT] Returning default Health API response 503 for readiness
2025-01-30 18:35:25,313 INFO c.h.h.t.HelmChartContainer - [EVENT] Warning [Unhealthy] Readiness probe failed: HTTP probe failed with statuscode: 503 [helmmqttit:test-hivemq-platform-0]
2025-01-30 18:35:25,313 INFO c.h.h.t.HelmChartContainer - Received Unhealthy event for container hivemq in pod test-hivemq-platform-0 [345aee3b-01b8-465b-9ccf-b2e445eb08cc]
2025-01-30 18:35:26,203 INFO c.h.h.t.HelmChartContainer - [test-hivemq-platform] [hivemq] [345aee3b] INFO  - Starting HiveMQ Enterprise Server
2025-01-30 18:35:26,210 INFO c.h.h.t.HelmChartContainer - [test-hivemq-platform] [hivemq] [345aee3b] INFO  - HiveMQ version: 4.36.0
2025-01-30 18:35:26,210 INFO c.h.h.t.HelmChartContainer - [test-hivemq-platform] [hivemq] [345aee3b] INFO  - HiveMQ home directory: /opt/hivemq
2025-01-30 18:35:26,210 INFO c.h.h.t.HelmChartContainer - [test-hivemq-platform] [hivemq] [345aee3b] INFO  - Log Configuration was overridden by /opt/hivemq/conf/logback.xml
2025-01-30 18:35:27,404 INFO c.h.h.t.HelmChartContainer - [test-hivemq-platform] [hivemq] [345aee3b] INFO  - Successfully loaded configuration from '/opt/hivemq/conf-k8s/config.xml'.
2025-01-30 18:35:28,207 INFO c.h.h.t.HelmChartContainer - [test-hivemq-platform] [hivemq] [345aee3b] INFO  - This node's ID is udpyW
2025-01-30 18:35:28,208 INFO c.h.h.t.HelmChartContainer - [test-hivemq-platform] [hivemq] [345aee3b] INFO  - Clustering is enabled
2025-01-30 18:35:28,911 INFO c.h.h.t.HelmChartContainer - [hivemq-test-hivemq-platform] [hivemq-platform-operator] [45057744] 18:35:28.908 [pool-6-thread-21] DEBUG c.h.p.o.d.PlatformServiceResource - [helmmqtt] Desired Platform services (2 services)
2025-01-30 18:35:28,911 INFO c.h.h.t.HelmChartContainer - [hivemq-test-hivemq-platform] [hivemq-platform-operator] [45057744] 18:35:28.909 [pool-6-thread-24] DEBUG c.h.p.o.dependants.PodInfoConfigMap - [helmmqtt] Desired PodInfo ConfigMap (1 extensions) (1 enabled)
2025-01-30 18:35:28,911 INFO c.h.h.t.HelmChartContainer - [hivemq-test-hivemq-platform] [hivemq-platform-operator] [45057744] 18:35:28.909 [pool-6-thread-24] DEBUG c.h.p.o.dependants.PodInfoConfigMap - [helmmqtt] Desired PodInfo ConfigMap (metrics port: 9399) (metrics path: /)
2025-01-30 18:35:28,911 INFO c.h.h.t.HelmChartContainer - [hivemq-test-hivemq-platform] [hivemq-platform-operator] [45057744] 18:35:28.909 [pool-6-thread-24] DEBUG c.h.p.o.dependants.PodInfoConfigMap - [helmmqtt] Desired PodInfo ConfigMap (extension state hash: -1817474005)
2025-01-30 18:35:28,915 INFO c.h.h.t.HelmChartContainer - [hivemq-test-hivemq-platform] [hivemq-platform-operator] [45057744] 18:35:28.914 [pool-6-thread-25] DEBUG c.h.p.o.d.PodServiceAccountResource - [helmmqtt] Desired PodServiceAccountResource (serviceAccountName: hivemq-platform-pod-test-hivemq-platform)
2025-01-30 18:35:28,920 INFO c.h.h.t.HelmChartContainer - [hivemq-test-hivemq-platform] [hivemq-platform-operator] [45057744] 18:35:28.919 [pool-6-thread-27] DEBUG c.h.p.o.d.StatefulSetResource - [helmmqtt] Desired StatefulSet (1 replicas) for status STARTING (READY)
2025-01-30 18:35:28,924 INFO c.h.h.t.HelmChartContainer - [hivemq-test-hivemq-platform] [hivemq-platform-operator] [45057744] 18:35:28.923 [ReconcilerExecutor-hivemq-controller-111] INFO  c.h.p.o.HiveMQPlatformReconciler - [helmmqtt] Reconciling HiveMQ Platform 'test-hivemq-platform' in namespace 'helmmqttit'
2025-01-30 18:35:28,924 INFO c.h.h.t.HelmChartContainer - [hivemq-test-hivemq-platform] [hivemq-platform-operator] [45057744] 18:35:28.923 [ReconcilerExecutor-hivemq-controller-111] DEBUG c.h.p.o.HiveMQPlatformReconciler - [helmmqtt] Custom Resource Status STARTING - HiveMQ Platform is starting (READY)
2025-01-30 18:35:28,924 INFO c.h.h.t.HelmChartContainer - [hivemq-test-hivemq-platform] [hivemq-platform-operator] [45057744] 18:35:28.923 [ReconcilerExecutor-hivemq-controller-111] DEBUG c.h.p.o.HiveMQPlatformReconciler - [helmmqtt] Custom Resource Spec (replicas: 1) (extensions: 1)
2025-01-30 18:35:28,926 INFO c.h.h.t.HelmChartContainer - [hivemq-test-hivemq-platform] [hivemq-platform-operator] [45057744] 18:35:28.926 [ReconcilerExecutor-hivemq-controller-111] DEBUG c.h.p.o.HiveMQPlatformReconciler - [helmmqtt] StatefulSet Status (revision: test-hivemq-platform-7bbc5894fb, replicas: 1, available: 0, ready: 0, current: 1, updated: 1)
2025-01-30 18:35:28,926 INFO c.h.h.t.HelmChartContainer - [hivemq-test-hivemq-platform] [hivemq-platform-operator] [45057744] 18:35:28.926 [ReconcilerExecutor-hivemq-controller-111] DEBUG c.h.p.o.HiveMQPlatformReconciler - [helmmqtt] StatefulSet Spec (replicas: 1, init containers: 1, containers: 1, volumes: 3)
2025-01-30 18:35:28,987 INFO c.h.h.t.HelmChartContainer - [hivemq-test-hivemq-platform] [hivemq-platform-operator] [45057744] 18:35:28.986 [ReconcilerExecutor-hivemq-controller-111] DEBUG c.h.p.o.h.HiveMQPlatformReconcilerErrorHandler - [helmmqtt] Pod 'test-hivemq-platform-0' phase Running
2025-01-30 18:35:28,990 INFO c.h.h.t.HelmChartContainer - [hivemq-test-hivemq-platform] [hivemq-platform-operator] [45057744] 18:35:28.987 [ReconcilerExecutor-hivemq-controller-111] INFO  c.h.p.o.h.HiveMQPlatformReconcilerBaseHandler - [helmmqtt] HiveMQ Platform is starting, 0 of 1 replicas are ready
2025-01-30 18:35:30,405 INFO c.h.h.t.HelmChartContainer - [test-hivemq-platform] [hivemq] [345aee3b] WARN  - [HiveMQ Platform Operator Init App 1.7.0-SNAPSHOT] Cannot connect to Health API for readiness: null
2025-01-30 18:35:30,408 INFO c.h.h.t.HelmChartContainer - [EVENT] Warning [Unhealthy] Readiness probe failed: HTTP probe failed with statuscode: 503 [helmmqttit:test-hivemq-platform-0]
2025-01-30 18:35:30,408 INFO c.h.h.t.HelmChartContainer - Received Unhealthy event for container hivemq in pod test-hivemq-platform-0 [345aee3b-01b8-465b-9ccf-b2e445eb08cc]
2025-01-30 18:35:33,607 INFO c.h.h.t.HelmChartContainer - [test-hivemq-platform] [hivemq] [345aee3b] Jan 30, 2025 6:35:33 PM io.vertx.core.impl.BlockedThreadChecker
2025-01-30 18:35:33,608 INFO c.h.h.t.HelmChartContainer - [test-hivemq-platform] [hivemq] [345aee3b] WARNING: Thread Thread[vert.x-eventloop-thread-1,5,main] has been blocked for 2999 ms, time limit is 2000 ms
2025-01-30 18:35:33,709 INFO c.h.h.t.HelmChartContainer - [test-hivemq-platform] [hivemq] [345aee3b] INFO  - [HiveMQ Platform Operator Init App 1.7.0-SNAPSHOT] Updating Pod HiveMQ Platform Operator Init App version annotation (version: 1.7.0-SNAPSHOT)
2025-01-30 18:35:34,517 INFO c.h.h.t.HelmChartContainer - [POD] test-hivemq-platform-0 [345aee3b-01b8-465b-9ccf-b2e445eb08cc] in helmmqttit was MODIFIED
2025-01-30 18:35:34,520 INFO c.h.h.t.HelmChartContainer - [hivemq-test-hivemq-platform] [hivemq-platform-operator] [45057744] 18:35:34.519 [pool-6-thread-37] DEBUG c.h.p.o.d.PlatformServiceResource - [helmmqtt] Desired Platform services (2 services)
2025-01-30 18:35:34,524 INFO c.h.h.t.HelmChartContainer - [test-hivemq-platform] [hivemq] [345aee3b] WARN  - [HiveMQ Platform Operator Init App 1.7.0-SNAPSHOT] Cannot connect to Health API for readiness: null
2025-01-30 18:35:34,525 INFO c.h.h.t.HelmChartContainer - [hivemq-test-hivemq-platform] [hivemq-platform-operator] [45057744] 18:35:34.523 [pool-6-thread-36] DEBUG c.h.p.o.dependants.PodInfoConfigMap - [helmmqtt] Desired PodInfo ConfigMap (1 extensions) (1 enabled)
2025-01-30 18:35:34,526 INFO c.h.h.t.HelmChartContainer - [hivemq-test-hivemq-platform] [hivemq-platform-operator] [45057744] 18:35:34.524 [pool-6-thread-36] DEBUG c.h.p.o.dependants.PodInfoConfigMap - [helmmqtt] Desired PodInfo ConfigMap (metrics port: 9399) (metrics path: /)
2025-01-30 18:35:34,526 INFO c.h.h.t.HelmChartContainer - [hivemq-test-hivemq-platform] [hivemq-platform-operator] [45057744] 18:35:34.524 [pool-6-thread-36] DEBUG c.h.p.o.dependants.PodInfoConfigMap - [helmmqtt] Desired PodInfo ConfigMap (extension state hash: -1817474005)
2025-01-30 18:35:34,526 INFO c.h.h.t.HelmChartContainer - [hivemq-test-hivemq-platform] [hivemq-platform-operator] [45057744] 18:35:34.525 [pool-6-thread-35] DEBUG c.h.p.o.d.PodServiceAccountResource - [helmmqtt] Desired PodServiceAccountResource (serviceAccountName: hivemq-platform-pod-test-hivemq-platform)
2025-01-30 18:35:34,532 INFO c.h.h.t.HelmChartContainer - [hivemq-test-hivemq-platform] [hivemq-platform-operator] [45057744] 18:35:34.530 [pool-6-thread-37] DEBUG c.h.p.o.d.StatefulSetResource - [helmmqtt] Desired StatefulSet (1 replicas) for status STARTING (READY)
2025-01-30 18:35:34,534 INFO c.h.h.t.HelmChartContainer - [hivemq-test-hivemq-platform] [hivemq-platform-operator] [45057744] 18:35:34.533 [ReconcilerExecutor-hivemq-controller-112] INFO  c.h.p.o.HiveMQPlatformReconciler - [helmmqtt] Reconciling HiveMQ Platform 'test-hivemq-platform' in namespace 'helmmqttit'
2025-01-30 18:35:34,535 INFO c.h.h.t.HelmChartContainer - [hivemq-test-hivemq-platform] [hivemq-platform-operator] [45057744] 18:35:34.533 [ReconcilerExecutor-hivemq-controller-112] DEBUG c.h.p.o.HiveMQPlatformReconciler - [helmmqtt] Custom Resource Status STARTING - HiveMQ Platform is starting (READY)
2025-01-30 18:35:34,535 INFO c.h.h.t.HelmChartContainer - [hivemq-test-hivemq-platform] [hivemq-platform-operator] [45057744] 18:35:34.533 [ReconcilerExecutor-hivemq-controller-112] DEBUG c.h.p.o.HiveMQPlatformReconciler - [helmmqtt] Custom Resource Spec (replicas: 1) (extensions: 1)
2025-01-30 18:35:34,536 INFO c.h.h.t.HelmChartContainer - [hivemq-test-hivemq-platform] [hivemq-platform-operator] [45057744] 18:35:34.535 [ReconcilerExecutor-hivemq-controller-112] DEBUG c.h.p.o.HiveMQPlatformReconciler - [helmmqtt] StatefulSet Status (revision: test-hivemq-platform-7bbc5894fb, replicas: 1, available: 0, ready: 0, current: 1, updated: 1)
2025-01-30 18:35:34,537 INFO c.h.h.t.HelmChartContainer - [hivemq-test-hivemq-platform] [hivemq-platform-operator] [45057744] 18:35:34.536 [ReconcilerExecutor-hivemq-controller-112] DEBUG c.h.p.o.HiveMQPlatformReconciler - [helmmqtt] StatefulSet Spec (replicas: 1, init containers: 1, containers: 1, volumes: 3)
2025-01-30 18:35:34,588 INFO c.h.h.t.HelmChartContainer - [hivemq-test-hivemq-platform] [hivemq-platform-operator] [45057744] 18:35:34.587 [ReconcilerExecutor-hivemq-controller-112] DEBUG c.h.p.o.h.HiveMQPlatformReconcilerErrorHandler - [helmmqtt] Pod 'test-hivemq-platform-0' phase Running
2025-01-30 18:35:34,589 INFO c.h.h.t.HelmChartContainer - [hivemq-test-hivemq-platform] [hivemq-platform-operator] [45057744] 18:35:34.588 [ReconcilerExecutor-hivemq-controller-112] INFO  c.h.p.o.h.HiveMQPlatformReconcilerBaseHandler - [helmmqtt] HiveMQ Platform is starting, 0 of 1 replicas are ready
2025-01-30 18:35:34,604 INFO c.h.h.t.HelmChartContainer - [EVENT] Warning [Unhealthy] Readiness probe failed: HTTP probe failed with statuscode: 503 [helmmqttit:test-hivemq-platform-0]
2025-01-30 18:35:34,604 INFO c.h.h.t.HelmChartContainer - Received Unhealthy event for container hivemq in pod test-hivemq-platform-0 [345aee3b-01b8-465b-9ccf-b2e445eb08cc]
2025-01-30 18:35:34,605 INFO c.h.h.t.HelmChartContainer - [test-hivemq-platform] [hivemq] [345aee3b] INFO  - [HiveMQ Platform Operator Init App 1.7.0-SNAPSHOT] Successfully updated Pod HiveMQ Platform Operator Init App version annotation (version: 1.7.0-SNAPSHOT)
2025-01-30 18:35:39,601 INFO c.h.h.t.HelmChartContainer - [test-hivemq-platform] [hivemq] [345aee3b] WARN  - [HiveMQ Platform Operator Init App 1.7.0-SNAPSHOT] Cannot connect to Health API for readiness: null
2025-01-30 18:35:39,611 INFO c.h.h.t.HelmChartContainer - [EVENT] Warning [Unhealthy] Readiness probe failed: HTTP probe failed with statuscode: 503 [helmmqttit:test-hivemq-platform-0]
2025-01-30 18:35:39,611 INFO c.h.h.t.HelmChartContainer - Received Unhealthy event for container hivemq in pod test-hivemq-platform-0 [345aee3b-01b8-465b-9ccf-b2e445eb08cc]
2025-01-30 18:35:44,595 INFO c.h.h.t.HelmChartContainer - [hivemq-test-hivemq-platform] [hivemq-platform-operator] [45057744] 18:35:44.591 [pool-6-thread-46] DEBUG c.h.p.o.d.PlatformServiceResource - [helmmqtt] Desired Platform services (2 services)
2025-01-30 18:35:44,595 INFO c.h.h.t.HelmChartContainer - [hivemq-test-hivemq-platform] [hivemq-platform-operator] [45057744] 18:35:44.592 [pool-6-thread-44] DEBUG c.h.p.o.dependants.PodInfoConfigMap - [helmmqtt] Desired PodInfo ConfigMap (1 extensions) (1 enabled)
2025-01-30 18:35:44,595 INFO c.h.h.t.HelmChartContainer - [hivemq-test-hivemq-platform] [hivemq-platform-operator] [45057744] 18:35:44.592 [pool-6-thread-44] DEBUG c.h.p.o.dependants.PodInfoConfigMap - [helmmqtt] Desired PodInfo ConfigMap (metrics port: 9399) (metrics path: /)
2025-01-30 18:35:44,595 INFO c.h.h.t.HelmChartContainer - [hivemq-test-hivemq-platform] [hivemq-platform-operator] [45057744] 18:35:44.592 [pool-6-thread-44] DEBUG c.h.p.o.dependants.PodInfoConfigMap - [helmmqtt] Desired PodInfo ConfigMap (extension state hash: -1817474005)
2025-01-30 18:35:44,595 INFO c.h.h.t.HelmChartContainer - [hivemq-test-hivemq-platform] [hivemq-platform-operator] [45057744] 18:35:44.592 [pool-6-thread-48] DEBUG c.h.p.o.d.PodServiceAccountResource - [helmmqtt] Desired PodServiceAccountResource (serviceAccountName: hivemq-platform-pod-test-hivemq-platform)
2025-01-30 18:35:44,596 INFO c.h.h.t.HelmChartContainer - [hivemq-test-hivemq-platform] [hivemq-platform-operator] [45057744] 18:35:44.596 [pool-6-thread-42] DEBUG c.h.p.o.d.StatefulSetResource - [helmmqtt] Desired StatefulSet (1 replicas) for status STARTING (READY)
2025-01-30 18:35:44,599 INFO c.h.h.t.HelmChartContainer - [test-hivemq-platform] [hivemq] [345aee3b] WARN  - [HiveMQ Platform Operator Init App 1.7.0-SNAPSHOT] Cannot connect to Health API for readiness: null
2025-01-30 18:35:44,605 INFO c.h.h.t.HelmChartContainer - [hivemq-test-hivemq-platform] [hivemq-platform-operator] [45057744] 18:35:44.603 [ReconcilerExecutor-hivemq-controller-113] INFO  c.h.p.o.HiveMQPlatformReconciler - [helmmqtt] Reconciling HiveMQ Platform 'test-hivemq-platform' in namespace 'helmmqttit'
2025-01-30 18:35:44,605 INFO c.h.h.t.HelmChartContainer - [hivemq-test-hivemq-platform] [hivemq-platform-operator] [45057744] 18:35:44.603 [ReconcilerExecutor-hivemq-controller-113] DEBUG c.h.p.o.HiveMQPlatformReconciler - [helmmqtt] Custom Resource Status STARTING - HiveMQ Platform is starting (READY)
2025-01-30 18:35:44,605 INFO c.h.h.t.HelmChartContainer - [hivemq-test-hivemq-platform] [hivemq-platform-operator] [45057744] 18:35:44.603 [ReconcilerExecutor-hivemq-controller-113] DEBUG c.h.p.o.HiveMQPlatformReconciler - [helmmqtt] Custom Resource Spec (replicas: 1) (extensions: 1)
2025-01-30 18:35:44,608 INFO c.h.h.t.HelmChartContainer - [EVENT] Warning [Unhealthy] Readiness probe failed: HTTP probe failed with statuscode: 503 [helmmqttit:test-hivemq-platform-0]
2025-01-30 18:35:44,608 INFO c.h.h.t.HelmChartContainer - Received Unhealthy event for container hivemq in pod test-hivemq-platform-0 [345aee3b-01b8-465b-9ccf-b2e445eb08cc]
2025-01-30 18:35:44,616 INFO c.h.h.t.HelmChartContainer - [hivemq-test-hivemq-platform] [hivemq-platform-operator] [45057744] 18:35:44.614 [ReconcilerExecutor-hivemq-controller-113] DEBUG c.h.p.o.HiveMQPlatformReconciler - [helmmqtt] StatefulSet Status (revision: test-hivemq-platform-7bbc5894fb, replicas: 1, available: 0, ready: 0, current: 1, updated: 1)
2025-01-30 18:35:44,616 INFO c.h.h.t.HelmChartContainer - [hivemq-test-hivemq-platform] [hivemq-platform-operator] [45057744] 18:35:44.614 [ReconcilerExecutor-hivemq-controller-113] DEBUG c.h.p.o.HiveMQPlatformReconciler - [helmmqtt] StatefulSet Spec (replicas: 1, init containers: 1, containers: 1, volumes: 3)
2025-01-30 18:35:44,690 INFO c.h.h.t.HelmChartContainer - [hivemq-test-hivemq-platform] [hivemq-platform-operator] [45057744] 18:35:44.688 [ReconcilerExecutor-hivemq-controller-113] DEBUG c.h.p.o.h.HiveMQPlatformReconcilerErrorHandler - [helmmqtt] Pod 'test-hivemq-platform-0' phase Running
2025-01-30 18:35:44,690 INFO c.h.h.t.HelmChartContainer - [hivemq-test-hivemq-platform] [hivemq-platform-operator] [45057744] 18:35:44.689 [ReconcilerExecutor-hivemq-controller-113] INFO  c.h.p.o.h.HiveMQPlatformReconcilerBaseHandler - [helmmqtt] HiveMQ Platform is starting, 0 of 1 replicas are ready
2025-01-30 18:35:44,904 INFO c.h.h.t.HelmChartContainer - [test-hivemq-platform] [hivemq] [345aee3b] WARN  - [HiveMQ Platform Operator Init App 1.7.0-SNAPSHOT] Cannot connect to Health API for liveness: null
2025-01-30 18:35:44,905 INFO c.h.h.t.HelmChartContainer - [test-hivemq-platform] [hivemq] [345aee3b] INFO  - [HiveMQ Platform Operator Init App 1.7.0-SNAPSHOT] Returning default Health API response 200 for liveness
2025-01-30 18:35:45,415 INFO c.h.h.t.HelmChartContainer - [test-hivemq-platform] [hivemq] [345aee3b] INFO  - No valid license file found. Using trial license, restricted to 25 connections.
2025-01-30 18:35:48,611 INFO c.h.h.t.HelmChartContainer - [test-hivemq-platform] [hivemq] [345aee3b] INFO  - No valid license file for Data Hub found. Using free license, restricted to 1 policy.
2025-01-30 18:35:49,603 INFO c.h.h.t.HelmChartContainer - [test-hivemq-platform] [hivemq] [345aee3b] WARN  - [HiveMQ Platform Operator Init App 1.7.0-SNAPSHOT] Cannot connect to Health API for readiness: null
2025-01-30 18:35:49,610 INFO c.h.h.t.HelmChartContainer - [EVENT] Warning [Unhealthy] Readiness probe failed: HTTP probe failed with statuscode: 503 [helmmqttit:test-hivemq-platform-0]
2025-01-30 18:35:49,610 INFO c.h.h.t.HelmChartContainer - Received Unhealthy event for container hivemq in pod test-hivemq-platform-0 [345aee3b-01b8-465b-9ccf-b2e445eb08cc]
2025-01-30 18:35:49,900 INFO c.h.h.t.HelmChartContainer - [test-hivemq-platform] [hivemq] [345aee3b] INFO  - Audit Logger started.
2025-01-30 18:35:50,122 INFO c.h.h.t.HelmChartContainer - [test-hivemq-platform] [hivemq] [345aee3b] INFO  - This node uses '1' CPU cores.
2025-01-30 18:35:50,126 INFO c.h.h.t.HelmChartContainer - [test-hivemq-platform] [hivemq] [345aee3b] INFO  - Starting HiveMQ Health API on address 0.0.0.0 and port 8889
2025-01-30 18:35:51,015 INFO c.h.h.t.HelmChartContainer - [test-hivemq-platform] [hivemq] [345aee3b] INFO  - Started HiveMQ Health API in 888ms
2025-01-30 18:35:51,704 INFO c.h.h.t.HelmChartContainer - [test-hivemq-platform] [hivemq] [345aee3b] INFO  - Starting HiveMQ extension system.
2025-01-30 18:35:52,002 INFO c.h.h.t.HelmChartContainer - [test-hivemq-platform] [hivemq] [345aee3b] INFO  - Starting extension with id "hivemq-dns-cluster-discovery" at /opt/hivemq/extensions/hivemq-dns-cluster-discovery
2025-01-30 18:35:52,510 INFO c.h.h.t.HelmChartContainer - [test-hivemq-platform] [hivemq] [345aee3b] INFO  - Using TCP cluster transport on address 10.42.0.15 and port 7000
2025-01-30 18:35:52,510 INFO c.h.h.t.HelmChartContainer - [test-hivemq-platform] [hivemq] [345aee3b] INFO  - Extension "DNS Cluster Discovery Extension" version 4.3.2 started successfully.
2025-01-30 18:35:52,510 INFO c.h.h.t.HelmChartContainer - [test-hivemq-platform] [hivemq] [345aee3b] INFO  - Starting extension with id "hivemq-prometheus-extension" at /opt/hivemq/extensions/hivemq-prometheus-extension
2025-01-30 18:35:52,606 INFO c.h.h.t.HelmChartContainer - [test-hivemq-platform] [hivemq] [345aee3b] INFO  - Using extension cluster discovery
2025-01-30 18:35:53,509 INFO c.h.h.t.HelmChartContainer - [test-hivemq-platform] [hivemq] [345aee3b] INFO  - Started Jetty Server exposing Prometheus Servlet on URI http://0.0.0.0:9399/
2025-01-30 18:35:53,509 INFO c.h.h.t.HelmChartContainer - [test-hivemq-platform] [hivemq] [345aee3b] INFO  - Extension "Prometheus Monitoring Extension" version 4.0.12 started successfully.
2025-01-30 18:35:53,509 INFO c.h.h.t.HelmChartContainer - [test-hivemq-platform] [hivemq] [345aee3b] INFO  - Starting extension with id "hivemq-allow-all-extension" at /opt/hivemq/extensions/hivemq-allow-all-extension
2025-01-30 18:35:53,510 INFO c.h.h.t.HelmChartContainer - [test-hivemq-platform] [hivemq] [345aee3b] WARN  - 
2025-01-30 18:35:53,511 INFO c.h.h.t.HelmChartContainer - [test-hivemq-platform] [hivemq] [345aee3b] ################################################################################################################
2025-01-30 18:35:53,512 INFO c.h.h.t.HelmChartContainer - [test-hivemq-platform] [hivemq] [345aee3b] # This HiveMQ deployment is not secure! You are lacking Authentication and Authorization.                      #
2025-01-30 18:35:53,512 INFO c.h.h.t.HelmChartContainer - [test-hivemq-platform] [hivemq] [345aee3b] # Right now any MQTT client can connect to the broker with a full set of permissions.                          #
2025-01-30 18:35:53,512 INFO c.h.h.t.HelmChartContainer - [test-hivemq-platform] [hivemq] [345aee3b] # For production usage, add an appropriate security extension and remove the hivemq-allow-all extension.       #
2025-01-30 18:35:53,512 INFO c.h.h.t.HelmChartContainer - [test-hivemq-platform] [hivemq] [345aee3b] # You can download security extensions from the HiveMQ Marketplace (https://www.hivemq.com/extensions/).       #
2025-01-30 18:35:53,512 INFO c.h.h.t.HelmChartContainer - [test-hivemq-platform] [hivemq] [345aee3b] ################################################################################################################
2025-01-30 18:35:53,512 INFO c.h.h.t.HelmChartContainer - [test-hivemq-platform] [hivemq] [345aee3b] INFO  - Extension "Allow All Extension" version 1.1.1 started successfully.
2025-01-30 18:35:54,695 INFO c.h.h.t.HelmChartContainer - [hivemq-test-hivemq-platform] [hivemq-platform-operator] [45057744] 18:35:54.693 [pool-6-thread-2] DEBUG c.h.p.o.d.PlatformServiceResource - [helmmqtt] Desired Platform services (2 services)
2025-01-30 18:35:54,697 INFO c.h.h.t.HelmChartContainer - [hivemq-test-hivemq-platform] [hivemq-platform-operator] [45057744] 18:35:54.694 [pool-6-thread-4] DEBUG c.h.p.o.d.PodServiceAccountResource - [helmmqtt] Desired PodServiceAccountResource (serviceAccountName: hivemq-platform-pod-test-hivemq-platform)
2025-01-30 18:35:54,700 INFO c.h.h.t.HelmChartContainer - [hivemq-test-hivemq-platform] [hivemq-platform-operator] [45057744] 18:35:54.694 [pool-6-thread-1] DEBUG c.h.p.o.dependants.PodInfoConfigMap - [helmmqtt] Desired PodInfo ConfigMap (1 extensions) (1 enabled)
2025-01-30 18:35:54,700 INFO c.h.h.t.HelmChartContainer - [hivemq-test-hivemq-platform] [hivemq-platform-operator] [45057744] 18:35:54.696 [pool-6-thread-1] DEBUG c.h.p.o.dependants.PodInfoConfigMap - [helmmqtt] Desired PodInfo ConfigMap (metrics port: 9399) (metrics path: /)
2025-01-30 18:35:54,700 INFO c.h.h.t.HelmChartContainer - [hivemq-test-hivemq-platform] [hivemq-platform-operator] [45057744] 18:35:54.696 [pool-6-thread-1] DEBUG c.h.p.o.dependants.PodInfoConfigMap - [helmmqtt] Desired PodInfo ConfigMap (extension state hash: -1817474005)
2025-01-30 18:35:54,704 INFO c.h.h.t.HelmChartContainer - [hivemq-test-hivemq-platform] [hivemq-platform-operator] [45057744] 18:35:54.703 [pool-6-thread-2] DEBUG c.h.p.o.d.StatefulSetResource - [helmmqtt] Desired StatefulSet (1 replicas) for status STARTING (READY)
2025-01-30 18:35:54,711 INFO c.h.h.t.HelmChartContainer - [hivemq-test-hivemq-platform] [hivemq-platform-operator] [45057744] 18:35:54.710 [ReconcilerExecutor-hivemq-controller-114] INFO  c.h.p.o.HiveMQPlatformReconciler - [helmmqtt] Reconciling HiveMQ Platform 'test-hivemq-platform' in namespace 'helmmqttit'
2025-01-30 18:35:54,713 INFO c.h.h.t.HelmChartContainer - [hivemq-test-hivemq-platform] [hivemq-platform-operator] [45057744] 18:35:54.710 [ReconcilerExecutor-hivemq-controller-114] DEBUG c.h.p.o.HiveMQPlatformReconciler - [helmmqtt] Custom Resource Status STARTING - HiveMQ Platform is starting (READY)
2025-01-30 18:35:54,714 INFO c.h.h.t.HelmChartContainer - [hivemq-test-hivemq-platform] [hivemq-platform-operator] [45057744] 18:35:54.710 [ReconcilerExecutor-hivemq-controller-114] DEBUG c.h.p.o.HiveMQPlatformReconciler - [helmmqtt] Custom Resource Spec (replicas: 1) (extensions: 1)
2025-01-30 18:35:54,716 INFO c.h.h.t.HelmChartContainer - [hivemq-test-hivemq-platform] [hivemq-platform-operator] [45057744] 18:35:54.715 [ReconcilerExecutor-hivemq-controller-114] DEBUG c.h.p.o.HiveMQPlatformReconciler - [helmmqtt] StatefulSet Status (revision: test-hivemq-platform-7bbc5894fb, replicas: 1, available: 0, ready: 0, current: 1, updated: 1)
2025-01-30 18:35:54,717 INFO c.h.h.t.HelmChartContainer - [hivemq-test-hivemq-platform] [hivemq-platform-operator] [45057744] 18:35:54.715 [ReconcilerExecutor-hivemq-controller-114] DEBUG c.h.p.o.HiveMQPlatformReconciler - [helmmqtt] StatefulSet Spec (replicas: 1, init containers: 1, containers: 1, volumes: 3)
2025-01-30 18:35:54,789 INFO c.h.h.t.HelmChartContainer - [hivemq-test-hivemq-platform] [hivemq-platform-operator] [45057744] 18:35:54.787 [ReconcilerExecutor-hivemq-controller-114] DEBUG c.h.p.o.h.HiveMQPlatformReconcilerErrorHandler - [helmmqtt] Pod 'test-hivemq-platform-0' phase Running
2025-01-30 18:35:54,789 INFO c.h.h.t.HelmChartContainer - [hivemq-test-hivemq-platform] [hivemq-platform-operator] [45057744] 18:35:54.788 [ReconcilerExecutor-hivemq-controller-114] INFO  c.h.p.o.h.HiveMQPlatformReconcilerBaseHandler - [helmmqtt] HiveMQ Platform is starting, 0 of 1 replicas are ready
2025-01-30 18:35:55,100 INFO c.h.h.t.HelmChartContainer - [test-hivemq-platform] [hivemq] [345aee3b] INFO  - [HiveMQ Platform Operator Init App 1.7.0-SNAPSHOT] Returning Health API response 503 for readiness
2025-01-30 18:35:55,104 INFO c.h.h.t.HelmChartContainer - [EVENT] Warning [Unhealthy] Readiness probe failed: HTTP probe failed with statuscode: 503 [helmmqttit:test-hivemq-platform-0]
2025-01-30 18:35:55,105 INFO c.h.h.t.HelmChartContainer - Received Unhealthy event for container hivemq in pod test-hivemq-platform-0 [345aee3b-01b8-465b-9ccf-b2e445eb08cc]
2025-01-30 18:35:55,599 INFO c.h.h.t.HelmChartContainer - [test-hivemq-platform] [hivemq] [345aee3b] INFO  - udpyW: no members discovered after 2299 ms: creating cluster as first member
2025-01-30 18:35:55,606 INFO c.h.h.t.HelmChartContainer - [test-hivemq-platform] [hivemq] [345aee3b] INFO  - Cluster nodes found by discovery: [udpyW|0] (1) [udpyW].
2025-01-30 18:35:55,702 INFO c.h.h.t.HelmChartContainer - [test-hivemq-platform] [hivemq] [345aee3b] WARN  - No user for HiveMQ Control Center configured. Starting with default user
2025-01-30 18:35:55,702 INFO c.h.h.t.HelmChartContainer - [test-hivemq-platform] [hivemq] [345aee3b] INFO  - Starting HiveMQ Control Center on address 127.0.0.1 and port 8080
2025-01-30 18:35:55,703 INFO c.h.h.t.HelmChartContainer - [test-hivemq-platform] [hivemq] [345aee3b] INFO  - Mounting HiveMQ Control Center V2 Preview
2025-01-30 18:35:56,219 INFO c.h.h.t.HelmChartContainer - [test-hivemq-platform] [hivemq] [345aee3b] INFO  - Started HiveMQ Control Center in 518ms
2025-01-30 18:35:56,311 INFO c.h.h.t.HelmChartContainer - [test-hivemq-platform] [hivemq] [345aee3b] INFO  - Starting TCP listener on address 0.0.0.0 and port 1884
2025-01-30 18:35:56,399 INFO c.h.h.t.HelmChartContainer - [test-hivemq-platform] [hivemq] [345aee3b] INFO  - Started TCP Listener on address 0.0.0.0 and on port 1884.
2025-01-30 18:35:56,400 INFO c.h.h.t.HelmChartContainer - [test-hivemq-platform] [hivemq] [345aee3b] INFO  - Started HiveMQ in 30581ms
2025-01-30 18:35:59,516 INFO c.h.h.t.HelmChartContainer - [test-hivemq-platform] [hivemq] [345aee3b] INFO  - [HiveMQ Platform Operator Init App 1.7.0-SNAPSHOT] Returning Health API response 200 for readiness
2025-01-30 18:35:59,527 INFO c.h.h.t.HelmChartContainer - [POD] test-hivemq-platform-0 [345aee3b-01b8-465b-9ccf-b2e445eb08cc] in helmmqttit was MODIFIED
2025-01-30 18:35:59,536 INFO c.h.h.t.HelmChartContainer - [hivemq-test-hivemq-platform] [hivemq-platform-operator] [45057744] 18:35:59.532 [pool-6-thread-17] DEBUG c.h.p.o.d.PlatformServiceResource - [helmmqtt] Desired Platform services (2 services)
2025-01-30 18:35:59,540 INFO c.h.h.t.HelmChartContainer - [hivemq-test-hivemq-platform] [hivemq-platform-operator] [45057744] 18:35:59.534 [pool-6-thread-13] DEBUG c.h.p.o.d.PodServiceAccountResource - [helmmqtt] Desired PodServiceAccountResource (serviceAccountName: hivemq-platform-pod-test-hivemq-platform)
2025-01-30 18:35:59,540 INFO c.h.h.t.HelmChartContainer - [hivemq-test-hivemq-platform] [hivemq-platform-operator] [45057744] 18:35:59.536 [pool-6-thread-11] DEBUG c.h.p.o.dependants.PodInfoConfigMap - [helmmqtt] Desired PodInfo ConfigMap (1 extensions) (1 enabled)
2025-01-30 18:35:59,540 INFO c.h.h.t.HelmChartContainer - [hivemq-test-hivemq-platform] [hivemq-platform-operator] [45057744] 18:35:59.539 [pool-6-thread-11] DEBUG c.h.p.o.dependants.PodInfoConfigMap - [helmmqtt] Desired PodInfo ConfigMap (metrics port: 9399) (metrics path: /)
2025-01-30 18:35:59,540 INFO c.h.h.t.HelmChartContainer - [hivemq-test-hivemq-platform] [hivemq-platform-operator] [45057744] 18:35:59.539 [pool-6-thread-11] DEBUG c.h.p.o.dependants.PodInfoConfigMap - [helmmqtt] Desired PodInfo ConfigMap (extension state hash: -1817474005)
2025-01-30 18:35:59,547 INFO c.h.h.t.HelmChartContainer - [hivemq-test-hivemq-platform] [hivemq-platform-operator] [45057744] 18:35:59.545 [pool-6-thread-19] DEBUG c.h.p.o.d.StatefulSetResource - [helmmqtt] Desired StatefulSet (1 replicas) for status STARTING (READY)
2025-01-30 18:35:59,550 INFO c.h.h.t.HelmChartContainer - [hivemq-test-hivemq-platform] [hivemq-platform-operator] [45057744] 18:35:59.549 [ReconcilerExecutor-hivemq-controller-115] INFO  c.h.p.o.HiveMQPlatformReconciler - [helmmqtt] Reconciling HiveMQ Platform 'test-hivemq-platform' in namespace 'helmmqttit'
2025-01-30 18:35:59,551 INFO c.h.h.t.HelmChartContainer - [hivemq-test-hivemq-platform] [hivemq-platform-operator] [45057744] 18:35:59.550 [ReconcilerExecutor-hivemq-controller-115] DEBUG c.h.p.o.HiveMQPlatformReconciler - [helmmqtt] Custom Resource Status STARTING - HiveMQ Platform is starting (READY)
2025-01-30 18:35:59,551 INFO c.h.h.t.HelmChartContainer - [hivemq-test-hivemq-platform] [hivemq-platform-operator] [45057744] 18:35:59.550 [ReconcilerExecutor-hivemq-controller-115] DEBUG c.h.p.o.HiveMQPlatformReconciler - [helmmqtt] Custom Resource Spec (replicas: 1) (extensions: 1)
2025-01-30 18:35:59,588 INFO c.h.h.t.HelmChartContainer - [hivemq-test-hivemq-platform] [hivemq-platform-operator] [45057744] 18:35:59.586 [ReconcilerExecutor-hivemq-controller-115] DEBUG c.h.p.o.HiveMQPlatformReconciler - [helmmqtt] StatefulSet Status (revision: test-hivemq-platform-7bbc5894fb, replicas: 1, available: 1, ready: 1, current: 1, updated: 1)
2025-01-30 18:35:59,588 INFO c.h.h.t.HelmChartContainer - [hivemq-test-hivemq-platform] [hivemq-platform-operator] [45057744] 18:35:59.586 [ReconcilerExecutor-hivemq-controller-115] DEBUG c.h.p.o.HiveMQPlatformReconciler - [helmmqtt] StatefulSet Spec (replicas: 1, init containers: 1, containers: 1, volumes: 3)
2025-01-30 18:35:59,589 INFO c.h.h.t.HelmChartContainer - [hivemq-test-hivemq-platform] [hivemq-platform-operator] [45057744] 18:35:59.588 [ReconcilerExecutor-hivemq-controller-115] DEBUG c.h.p.o.h.HiveMQPlatformReconcilerErrorHandler - [helmmqtt] Pod 'test-hivemq-platform-0' phase Running
2025-01-30 18:35:59,590 INFO c.h.h.t.HelmChartContainer - [hivemq-test-hivemq-platform] [hivemq-platform-operator] [45057744] 18:35:59.589 [ReconcilerExecutor-hivemq-controller-115] INFO  c.h.p.o.h.HiveMQPlatformReconcilerBaseHandler - [helmmqtt] HiveMQ Platform started successfully
2025-01-30 18:35:59,610 INFO c.h.h.t.HelmChartContainer - [hivemq-test-hivemq-platform] [hivemq-platform-operator] [45057744] 18:35:59.609 [ReconcilerExecutor-hivemq-controller-115] DEBUG c.h.p.operator.event.EventSender - [helmmqtt] Creating K8s event hivemq-platform-ready: [Ready] HiveMQ Platform is ready
2025-01-30 18:35:59,614 INFO c.h.h.t.HelmChartContainer - [EVENT] Normal [Ready] HiveMQ Platform is ready [helmmqttit:test-hivemq-platform]
2025-01-30 18:35:59,687 INFO c.h.h.t.HelmChartContainer - [hivemq-test-hivemq-platform] [hivemq-platform-operator] [45057744] 18:35:59.686 [ReconcilerExecutor-hivemq-controller-115] INFO  c.h.p.o.h.AbstractHiveMQReconcilerStateHandler - [helmmqtt] Update HiveMQ Platform Status (STARTING [READY] -> RUNNING [READY]): HiveMQ Platform is ready
2025-01-30 18:35:59,695 DEBUG com.hivemq.helmcharts.util.K8sUtil - Comparing actual state 'RUNNING' and waiting for 'RUNNING'
2025-01-30 18:35:59,701 INFO c.h.h.t.HelmChartContainer - [hivemq-test-hivemq-platform] [hivemq-platform-operator] [45057744] 18:35:59.700 [pool-6-thread-25] DEBUG c.h.p.o.d.PlatformServiceResource - [helmmqtt] Desired Platform services (2 services)
2025-01-30 18:35:59,703 INFO c.h.h.t.HelmChartContainer - [hivemq-test-hivemq-platform] [hivemq-platform-operator] [45057744] 18:35:59.701 [pool-6-thread-29] DEBUG c.h.p.o.d.PodServiceAccountResource - [helmmqtt] Desired PodServiceAccountResource (serviceAccountName: hivemq-platform-pod-test-hivemq-platform)
2025-01-30 18:35:59,704 INFO c.h.h.t.HelmChartContainer - [hivemq-test-hivemq-platform] [hivemq-platform-operator] [45057744] 18:35:59.704 [pool-6-thread-21] DEBUG c.h.p.o.dependants.PodInfoConfigMap - [helmmqtt] Desired PodInfo ConfigMap (1 extensions) (1 enabled)
2025-01-30 18:35:59,705 INFO c.h.h.t.HelmChartContainer - [hivemq-test-hivemq-platform] [hivemq-platform-operator] [45057744] 18:35:59.704 [pool-6-thread-21] DEBUG c.h.p.o.dependants.PodInfoConfigMap - [helmmqtt] Desired PodInfo ConfigMap (metrics port: 9399) (metrics path: /)
2025-01-30 18:35:59,705 INFO c.h.h.t.HelmChartContainer - [hivemq-test-hivemq-platform] [hivemq-platform-operator] [45057744] 18:35:59.704 [pool-6-thread-21] DEBUG c.h.p.o.dependants.PodInfoConfigMap - [helmmqtt] Desired PodInfo ConfigMap (extension state hash: -1817474005)
2025-01-30 18:35:59,707 INFO c.h.h.t.HelmChartContainer - [hivemq-test-hivemq-platform] [hivemq-platform-operator] [45057744] 18:35:59.704 [pool-6-thread-21] DEBUG c.h.p.o.dependants.PodInfoConfigMap - [helmmqtt] Update PodInfo ConfigMap
2025-01-30 18:35:59,795 INFO c.h.h.t.HelmChartContainer - [hivemq-test-hivemq-platform] [hivemq-platform-operator] [45057744] 18:35:59.794 [pool-6-thread-21] DEBUG c.h.p.o.d.StatefulSetResource - [helmmqtt] Desired StatefulSet (1 replicas) for status RUNNING (READY)
2025-01-30 18:35:59,798 INFO c.h.h.t.HelmChartContainer - [hivemq-test-hivemq-platform] [hivemq-platform-operator] [45057744] 18:35:59.797 [ReconcilerExecutor-hivemq-controller-116] INFO  c.h.p.o.HiveMQPlatformReconciler - [helmmqtt] Reconciling HiveMQ Platform 'test-hivemq-platform' in namespace 'helmmqttit'
2025-01-30 18:35:59,799 INFO c.h.h.t.HelmChartContainer - [hivemq-test-hivemq-platform] [hivemq-platform-operator] [45057744] 18:35:59.797 [ReconcilerExecutor-hivemq-controller-116] DEBUG c.h.p.o.HiveMQPlatformReconciler - [helmmqtt] Custom Resource Status RUNNING - HiveMQ Platform is ready (READY)
2025-01-30 18:35:59,799 INFO c.h.h.t.HelmChartContainer - [hivemq-test-hivemq-platform] [hivemq-platform-operator] [45057744] 18:35:59.797 [ReconcilerExecutor-hivemq-controller-116] DEBUG c.h.p.o.HiveMQPlatformReconciler - [helmmqtt] Custom Resource Spec (replicas: 1) (extensions: 1)
2025-01-30 18:35:59,800 INFO c.h.h.t.HelmChartContainer - [hivemq-test-hivemq-platform] [hivemq-platform-operator] [45057744] 18:35:59.799 [ReconcilerExecutor-hivemq-controller-116] DEBUG c.h.p.o.HiveMQPlatformReconciler - [helmmqtt] StatefulSet Status (revision: test-hivemq-platform-7bbc5894fb, replicas: 1, available: 1, ready: 1, current: 1, updated: 1)
2025-01-30 18:35:59,800 INFO c.h.h.t.HelmChartContainer - [hivemq-test-hivemq-platform] [hivemq-platform-operator] [45057744] 18:35:59.799 [ReconcilerExecutor-hivemq-controller-116] DEBUG c.h.p.o.HiveMQPlatformReconciler - [helmmqtt] StatefulSet Spec (replicas: 1, init containers: 1, containers: 1, volumes: 3)
2025-01-30 18:35:59,801 INFO c.h.h.t.HelmChartContainer - [hivemq-test-hivemq-platform] [hivemq-platform-operator] [45057744] 18:35:59.800 [ReconcilerExecutor-hivemq-controller-116] DEBUG c.h.p.o.h.HiveMQPlatformReconcilerErrorHandler - [helmmqtt] Pod 'test-hivemq-platform-0' phase Running
2025-01-30 18:36:04,751 INFO c.h.h.t.HelmChartContainer - Uninstalling release 'test-hivemq-platform' in namespace 'helmmqttit'...
2025-01-30 18:36:04,751 DEBUG c.h.h.t.HelmChartContainer - Executing helm command: /bin/helm --kubeconfig /etc/rancher/k3s/k3s.yaml uninstall test-hivemq-platform  --wait --timeout 5m0s --cascade foreground --namespace helmmqttit
2025-01-30 18:36:04,949 INFO c.h.h.t.HelmChartContainer - [hivemq-test-hivemq-platform] [hivemq-platform-operator] [45057744] 18:36:04.943 [pool-6-thread-31] DEBUG c.h.p.o.d.PlatformServiceResource - [helmmqtt] Desired Platform services (2 services)
2025-01-30 18:36:04,950 INFO c.h.h.t.HelmChartContainer - [hivemq-test-hivemq-platform] [hivemq-platform-operator] [45057744] 18:36:04.944 [pool-6-thread-38] DEBUG c.h.p.o.dependants.PodInfoConfigMap - [helmmqtt] Desired PodInfo ConfigMap (1 extensions) (1 enabled)
2025-01-30 18:36:04,950 INFO c.h.h.t.HelmChartContainer - [hivemq-test-hivemq-platform] [hivemq-platform-operator] [45057744] 18:36:04.944 [pool-6-thread-38] DEBUG c.h.p.o.dependants.PodInfoConfigMap - [helmmqtt] Desired PodInfo ConfigMap (metrics port: 9399) (metrics path: /)
2025-01-30 18:36:04,950 INFO c.h.h.t.HelmChartContainer - [hivemq-test-hivemq-platform] [hivemq-platform-operator] [45057744] 18:36:04.944 [pool-6-thread-38] DEBUG c.h.p.o.dependants.PodInfoConfigMap - [helmmqtt] Desired PodInfo ConfigMap (extension state hash: -1817474005)
2025-01-30 18:36:04,950 INFO c.h.h.t.HelmChartContainer - [hivemq-test-hivemq-platform] [hivemq-platform-operator] [45057744] 18:36:04.946 [pool-6-thread-34] DEBUG c.h.p.o.d.PodServiceAccountResource - [helmmqtt] Desired PodServiceAccountResource (serviceAccountName: hivemq-platform-pod-test-hivemq-platform)
2025-01-30 18:36:04,966 INFO c.h.h.t.HelmChartContainer - [hivemq-test-hivemq-platform] [hivemq-platform-operator] [45057744] 18:36:04.952 [pool-6-thread-31] DEBUG c.h.p.o.d.StatefulSetResource - [helmmqtt] Desired StatefulSet (1 replicas) for status RUNNING (READY)
2025-01-30 18:36:05,014 INFO c.h.h.t.HelmChartContainer - [hivemq-test-hivemq-platform] [hivemq-platform-operator] [45057744] 18:36:04.991 [ReconcilerExecutor-hivemq-controller-117] INFO  c.h.p.o.HiveMQPlatformReconciler - [helmmqtt] Reconciling HiveMQ Platform 'test-hivemq-platform' in namespace 'helmmqttit'
2025-01-30 18:36:05,014 INFO c.h.h.t.HelmChartContainer - [hivemq-test-hivemq-platform] [hivemq-platform-operator] [45057744] 18:36:04.993 [ReconcilerExecutor-hivemq-controller-117] DEBUG c.h.p.o.HiveMQPlatformReconciler - [helmmqtt] Custom Resource Status RUNNING - HiveMQ Platform is ready (READY)
2025-01-30 18:36:05,017 INFO c.h.h.t.HelmChartContainer - [hivemq-test-hivemq-platform] [hivemq-platform-operator] [45057744] 18:36:04.993 [ReconcilerExecutor-hivemq-controller-117] DEBUG c.h.p.o.HiveMQPlatformReconciler - [helmmqtt] Custom Resource Spec (replicas: 1) (extensions: 1)
2025-01-30 18:36:05,018 INFO c.h.h.t.HelmChartContainer - [hivemq-test-hivemq-platform] [hivemq-platform-operator] [45057744] 18:36:04.993 [ReconcilerExecutor-hivemq-controller-117] WARN  c.h.p.o.h.HiveMQPlatformReconcilerErrorHandler - [helmmqtt] Could not find ConfigMap 'hivemq-configuration-test-hivemq-platform' for HiveMQ Platform configuration
2025-01-30 18:36:05,098 INFO c.h.h.t.HelmChartContainer - [hivemq-test-hivemq-platform] [hivemq-platform-operator] [45057744] 18:36:05.097 [ReconcilerExecutor-hivemq-controller-117] DEBUG c.h.p.operator.event.EventSender - [helmmqtt] Creating K8s event hivemq-platform-invalid-configuration: [Start] Could not find ConfigMap 'hivemq-configuration-test-hivemq-platform' for HiveMQ Platform configuration
2025-01-30 18:36:05,102 INFO c.h.h.t.HelmChartContainer - [EVENT] Warning [Start] Could not find ConfigMap 'hivemq-configuration-test-hivemq-platform' for HiveMQ Platform configuration [helmmqttit:test-hivemq-platform]
2025-01-30 18:36:05,103 INFO c.h.h.t.HelmChartContainer - [hivemq-test-hivemq-platform] [hivemq-platform-operator] [45057744] 18:36:05.102 [ReconcilerExecutor-hivemq-controller-117] INFO  c.h.p.o.h.AbstractHiveMQReconcilerStateHandler - [helmmqtt] Update HiveMQ Platform Status (RUNNING [READY] -> ERROR [INVALID_CONFIG_MAP]): Could not find ConfigMap 'hivemq-configuration-test-hivemq-platform' for HiveMQ Platform configuration
2025-01-30 18:36:05,189 INFO c.h.h.t.HelmChartContainer - [hivemq-test-hivemq-platform] [hivemq-platform-operator] [45057744] 18:36:05.108 [ReconcilerExecutor-hivemq-controller-117] ERROR i.j.o.p.event.EventProcessor - Error during event processing ExecutionScope{ resource id: ResourceID{name='test-hivemq-platform', namespace='helmmqttit'}, version: 1635}
2025-01-30 18:36:05,189 INFO c.h.h.t.HelmChartContainer - [hivemq-test-hivemq-platform] [hivemq-platform-operator] [45057744] io.fabric8.kubernetes.client.KubernetesClientException: Failure executing: PUT at: https://10.43.0.1:443/apis/hivemq.com/v1/namespaces/helmmqttit/hivemq-platforms/test-hivemq-platform/status. Message: Operation cannot be fulfilled on hivemq-platforms.hivemq.com "test-hivemq-platform": the object has been modified; please apply your changes to the latest version and try again. Received status: Status(apiVersion=v1, code=409, details=StatusDetails(causes=[], group=hivemq.com, kind=hivemq-platforms, name=test-hivemq-platform, retryAfterSeconds=null, uid=null, additionalProperties={}), kind=Status, message=Operation cannot be fulfilled on hivemq-platforms.hivemq.com "test-hivemq-platform": the object has been modified; please apply your changes to the latest version and try again, metadata=ListMeta(_continue=null, remainingItemCount=null, resourceVersion=null, selfLink=null, additionalProperties={}), reason=Conflict, status=Failure, additionalProperties={}).
2025-01-30 18:36:05,189 INFO c.h.h.t.HelmChartContainer - [hivemq-test-hivemq-platform] [hivemq-platform-operator] [45057744] 	at io.fabric8.kubernetes.client.KubernetesClientException.copyAsCause(KubernetesClientException.java:238)
2025-01-30 18:36:05,189 INFO c.h.h.t.HelmChartContainer - [hivemq-test-hivemq-platform] [hivemq-platform-operator] [45057744] 	at io.fabric8.kubernetes.client.dsl.internal.OperationSupport.waitForResult(OperationSupport.java:507)
2025-01-30 18:36:05,189 INFO c.h.h.t.HelmChartContainer - [hivemq-test-hivemq-platform] [hivemq-platform-operator] [45057744] 	at io.fabric8.kubernetes.client.dsl.internal.OperationSupport.handleResponse(OperationSupport.java:524)
2025-01-30 18:36:05,189 INFO c.h.h.t.HelmChartContainer - [hivemq-test-hivemq-platform] [hivemq-platform-operator] [45057744] 	at io.fabric8.kubernetes.client.dsl.internal.OperationSupport.handleUpdate(OperationSupport.java:358)
2025-01-30 18:36:05,189 INFO c.h.h.t.HelmChartContainer - [hivemq-test-hivemq-platform] [hivemq-platform-operator] [45057744] 	at io.fabric8.kubernetes.client.dsl.internal.BaseOperation.handleUpdate(BaseOperation.java:759)
2025-01-30 18:36:05,189 INFO c.h.h.t.HelmChartContainer - [hivemq-test-hivemq-platform] [hivemq-platform-operator] [45057744] 	at io.fabric8.kubernetes.client.dsl.internal.HasMetadataOperation.update(HasMetadataOperation.java:138)
2025-01-30 18:36:05,189 INFO c.h.h.t.HelmChartContainer - [hivemq-test-hivemq-platform] [hivemq-platform-operator] [45057744] 	at io.fabric8.kubernetes.client.dsl.internal.HasMetadataOperation.update(HasMetadataOperation.java:121)
2025-01-30 18:36:05,189 INFO c.h.h.t.HelmChartContainer - [hivemq-test-hivemq-platform] [hivemq-platform-operator] [45057744] 	at io.fabric8.kubernetes.client.dsl.internal.HasMetadataOperation.updateStatus(HasMetadataOperation.java:126)
2025-01-30 18:36:05,189 INFO c.h.h.t.HelmChartContainer - [hivemq-test-hivemq-platform] [hivemq-platform-operator] [45057744] 	at io.fabric8.kubernetes.client.dsl.internal.HasMetadataOperation.updateStatus(HasMetadataOperation.java:44)
2025-01-30 18:36:05,189 INFO c.h.h.t.HelmChartContainer - [hivemq-test-hivemq-platform] [hivemq-platform-operator] [45057744] 	at io.javaoperatorsdk.operator.processing.event.ReconciliationDispatcher$CustomResourceFacade.updateStatus(ReconciliationDispatcher.java:408)
2025-01-30 18:36:05,189 INFO c.h.h.t.HelmChartContainer - [hivemq-test-hivemq-platform] [hivemq-platform-operator] [45057744] 	at io.javaoperatorsdk.operator.processing.event.ReconciliationDispatcher.updateStatusGenerationAware(ReconciliationDispatcher.java:228)
2025-01-30 18:36:05,189 INFO c.h.h.t.HelmChartContainer - [hivemq-test-hivemq-platform] [hivemq-platform-operator] [45057744] 	at io.javaoperatorsdk.operator.processing.event.ReconciliationDispatcher.reconcileExecution(ReconciliationDispatcher.java:150)
2025-01-30 18:36:05,189 INFO c.h.h.t.HelmChartContainer - [hivemq-test-hivemq-platform] [hivemq-platform-operator] [45057744] 	at io.javaoperatorsdk.operator.processing.event.ReconciliationDispatcher.handleReconcile(ReconciliationDispatcher.java:117)
2025-01-30 18:36:05,189 INFO c.h.h.t.HelmChartContainer - [hivemq-test-hivemq-platform] [hivemq-platform-operator] [45057744] 	at io.javaoperatorsdk.operator.processing.event.ReconciliationDispatcher.handleDispatch(ReconciliationDispatcher.java:91)
2025-01-30 18:36:05,189 INFO c.h.h.t.HelmChartContainer - [hivemq-test-hivemq-platform] [hivemq-platform-operator] [45057744] 	at io.javaoperatorsdk.operator.processing.event.ReconciliationDispatcher.handleExecution(ReconciliationDispatcher.java:64)
2025-01-30 18:36:05,189 INFO c.h.h.t.HelmChartContainer - [hivemq-test-hivemq-platform] [hivemq-platform-operator] [45057744] 	at io.javaoperatorsdk.operator.processing.event.EventProcessor$ReconcilerExecutor.run(EventProcessor.java:452)
2025-01-30 18:36:05,189 INFO c.h.h.t.HelmChartContainer - [hivemq-test-hivemq-platform] [hivemq-platform-operator] [45057744] 	at java.base/java.util.concurrent.ThreadPoolExecutor.runWorker(Unknown Source)
2025-01-30 18:36:05,189 INFO c.h.h.t.HelmChartContainer - [hivemq-test-hivemq-platform] [hivemq-platform-operator] [45057744] 	at java.base/java.util.concurrent.ThreadPoolExecutor$Worker.run(Unknown Source)
2025-01-30 18:36:05,189 INFO c.h.h.t.HelmChartContainer - [hivemq-test-hivemq-platform] [hivemq-platform-operator] [45057744] 	at java.base/java.lang.Thread.run(Unknown Source)
2025-01-30 18:36:05,189 INFO c.h.h.t.HelmChartContainer - [hivemq-test-hivemq-platform] [hivemq-platform-operator] [45057744] Caused by: io.fabric8.kubernetes.client.KubernetesClientException: Failure executing: PUT at: https://10.43.0.1:443/apis/hivemq.com/v1/namespaces/helmmqttit/hivemq-platforms/test-hivemq-platform/status. Message: Operation cannot be fulfilled on hivemq-platforms.hivemq.com "test-hivemq-platform": the object has been modified; please apply your changes to the latest version and try again. Received status: Status(apiVersion=v1, code=409, details=StatusDetails(causes=[], group=hivemq.com, kind=hivemq-platforms, name=test-hivemq-platform, retryAfterSeconds=null, uid=null, additionalProperties={}), kind=Status, message=Operation cannot be fulfilled on hivemq-platforms.hivemq.com "test-hivemq-platform": the object has been modified; please apply your changes to the latest version and try again, metadata=ListMeta(_continue=null, remainingItemCount=null, resourceVersion=null, selfLink=null, additionalProperties={}), reason=Conflict, status=Failure, additionalProperties={}).
2025-01-30 18:36:05,189 INFO c.h.h.t.HelmChartContainer - [hivemq-test-hivemq-platform] [hivemq-platform-operator] [45057744] 	at io.fabric8.kubernetes.client.dsl.internal.OperationSupport.requestFailure(OperationSupport.java:660)
2025-01-30 18:36:05,189 INFO c.h.h.t.HelmChartContainer - [hivemq-test-hivemq-platform] [hivemq-platform-operator] [45057744] 	at io.fabric8.kubernetes.client.dsl.internal.OperationSupport.requestFailure(OperationSupport.java:640)
2025-01-30 18:36:05,189 INFO c.h.h.t.HelmChartContainer - [hivemq-test-hivemq-platform] [hivemq-platform-operator] [45057744] 	at io.fabric8.kubernetes.client.dsl.internal.OperationSupport.assertResponseCode(OperationSupport.java:589)
2025-01-30 18:36:05,189 INFO c.h.h.t.HelmChartContainer - [hivemq-test-hivemq-platform] [hivemq-platform-operator] [45057744] 	at io.fabric8.kubernetes.client.dsl.internal.OperationSupport.lambda$handleResponse$0(OperationSupport.java:549)
2025-01-30 18:36:05,189 INFO c.h.h.t.HelmChartContainer - [hivemq-test-hivemq-platform] [hivemq-platform-operator] [45057744] 	at java.base/java.util.concurrent.CompletableFuture$UniApply.tryFire(Unknown Source)
2025-01-30 18:36:05,189 INFO c.h.h.t.HelmChartContainer - [hivemq-test-hivemq-platform] [hivemq-platform-operator] [45057744] 	at java.base/java.util.concurrent.CompletableFuture.postComplete(Unknown Source)
2025-01-30 18:36:05,189 INFO c.h.h.t.HelmChartContainer - [hivemq-test-hivemq-platform] [hivemq-platform-operator] [45057744] 	at java.base/java.util.concurrent.CompletableFuture.complete(Unknown Source)
2025-01-30 18:36:05,189 INFO c.h.h.t.HelmChartContainer - [hivemq-test-hivemq-platform] [hivemq-platform-operator] [45057744] 	at io.fabric8.kubernetes.client.http.StandardHttpClient.lambda$completeOrCancel$10(StandardHttpClient.java:141)
2025-01-30 18:36:05,189 INFO c.h.h.t.HelmChartContainer - [hivemq-test-hivemq-platform] [hivemq-platform-operator] [45057744] 	at java.base/java.util.concurrent.CompletableFuture.uniWhenComplete(Unknown Source)
2025-01-30 18:36:05,189 INFO c.h.h.t.HelmChartContainer - [hivemq-test-hivemq-platform] [hivemq-platform-operator] [45057744] 	at java.base/java.util.concurrent.CompletableFuture$UniWhenComplete.tryFire(Unknown Source)
2025-01-30 18:36:05,189 INFO c.h.h.t.HelmChartContainer - [hivemq-test-hivemq-platform] [hivemq-platform-operator] [45057744] 	at java.base/java.util.concurrent.CompletableFuture.postComplete(Unknown Source)
2025-01-30 18:36:05,189 INFO c.h.h.t.HelmChartContainer - [hivemq-test-hivemq-platform] [hivemq-platform-operator] [45057744] 	at java.base/java.util.concurrent.CompletableFuture.complete(Unknown Source)
2025-01-30 18:36:05,189 INFO c.h.h.t.HelmChartContainer - [hivemq-test-hivemq-platform] [hivemq-platform-operator] [45057744] 	at io.fabric8.kubernetes.client.http.ByteArrayBodyHandler.onBodyDone(ByteArrayBodyHandler.java:51)
2025-01-30 18:36:05,189 INFO c.h.h.t.HelmChartContainer - [hivemq-test-hivemq-platform] [hivemq-platform-operator] [45057744] 	at java.base/java.util.concurrent.CompletableFuture.uniWhenComplete(Unknown Source)
2025-01-30 18:36:05,189 INFO c.h.h.t.HelmChartContainer - [hivemq-test-hivemq-platform] [hivemq-platform-operator] [45057744] 	at java.base/java.util.concurrent.CompletableFuture$UniWhenComplete.tryFire(Unknown Source)
2025-01-30 18:36:05,189 INFO c.h.h.t.HelmChartContainer - [hivemq-test-hivemq-platform] [hivemq-platform-operator] [45057744] 	at java.base/java.util.concurrent.CompletableFuture.postComplete(Unknown Source)
2025-01-30 18:36:05,189 INFO c.h.h.t.HelmChartContainer - [hivemq-test-hivemq-platform] [hivemq-platform-operator] [45057744] 	at java.base/java.util.concurrent.CompletableFuture.complete(Unknown Source)
2025-01-30 18:36:05,189 INFO c.h.h.t.HelmChartContainer - [hivemq-test-hivemq-platform] [hivemq-platform-operator] [45057744] 	at io.fabric8.kubernetes.client.vertx.VertxHttpRequest.lambda$null$1(VertxHttpRequest.java:121)
2025-01-30 18:36:05,189 INFO c.h.h.t.HelmChartContainer - [hivemq-test-hivemq-platform] [hivemq-platform-operator] [45057744] 	at io.vertx.core.impl.ContextInternal.dispatch(ContextInternal.java:279)
2025-01-30 18:36:05,189 INFO c.h.h.t.HelmChartContainer - [hivemq-test-hivemq-platform] [hivemq-platform-operator] [45057744] 	at io.vertx.core.impl.ContextInternal.dispatch(ContextInternal.java:261)
2025-01-30 18:36:05,189 INFO c.h.h.t.HelmChartContainer - [hivemq-test-hivemq-platform] [hivemq-platform-operator] [45057744] 	at io.vertx.core.http.impl.HttpEventHandler.handleEnd(HttpEventHandler.java:76)
2025-01-30 18:36:05,189 INFO c.h.h.t.HelmChartContainer - [hivemq-test-hivemq-platform] [hivemq-platform-operator] [45057744] 	at io.vertx.core.http.impl.HttpClientResponseImpl.handleEnd(HttpClientResponseImpl.java:250)
2025-01-30 18:36:05,189 INFO c.h.h.t.HelmChartContainer - [hivemq-test-hivemq-platform] [hivemq-platform-operator] [45057744] 	at io.vertx.core.http.impl.Http1xClientConnection$StreamImpl.lambda$new$0(Http1xClientConnection.java:421)
2025-01-30 18:36:05,189 INFO c.h.h.t.HelmChartContainer - [hivemq-test-hivemq-platform] [hivemq-platform-operator] [45057744] 	at io.vertx.core.streams.impl.InboundBuffer.handleEvent(InboundBuffer.java:279)
2025-01-30 18:36:05,190 INFO c.h.h.t.HelmChartContainer - [hivemq-test-hivemq-platform] [hivemq-platform-operator] [45057744] 	at io.vertx.core.streams.impl.InboundBuffer.write(InboundBuffer.java:157)
2025-01-30 18:36:05,190 INFO c.h.h.t.HelmChartContainer - [hivemq-test-hivemq-platform] [hivemq-platform-operator] [45057744] 	at io.vertx.core.http.impl.Http1xClientConnection$StreamImpl.handleEnd(Http1xClientConnection.java:709)
2025-01-30 18:36:05,190 INFO c.h.h.t.HelmChartContainer - [hivemq-test-hivemq-platform] [hivemq-platform-operator] [45057744] 	at io.vertx.core.impl.ContextImpl.execute(ContextImpl.java:313)
2025-01-30 18:36:05,190 INFO c.h.h.t.HelmChartContainer - [hivemq-test-hivemq-platform] [hivemq-platform-operator] [45057744] 	at io.vertx.core.impl.ContextImpl.execute(ContextImpl.java:293)
2025-01-30 18:36:05,190 INFO c.h.h.t.HelmChartContainer - [hivemq-test-hivemq-platform] [hivemq-platform-operator] [45057744] 	at io.vertx.core.http.impl.Http1xClientConnection.handleResponseEnd(Http1xClientConnection.java:940)
2025-01-30 18:36:05,190 INFO c.h.h.t.HelmChartContainer - [hivemq-test-hivemq-platform] [hivemq-platform-operator] [45057744] 	at io.vertx.core.http.impl.Http1xClientConnection.handleHttpMessage(Http1xClientConnection.java:810)
2025-01-30 18:36:05,190 INFO c.h.h.t.HelmChartContainer - [hivemq-test-hivemq-platform] [hivemq-platform-operator] [45057744] 	at io.vertx.core.http.impl.Http1xClientConnection.handleMessage(Http1xClientConnection.java:774)
2025-01-30 18:36:05,191 INFO c.h.h.t.HelmChartContainer - [hivemq-test-hivemq-platform] [hivemq-platform-operator] [45057744] 	at io.vertx.core.net.impl.ConnectionBase.read(ConnectionBase.java:159)
2025-01-30 18:36:05,191 INFO c.h.h.t.HelmChartContainer - [hivemq-test-hivemq-platform] [hivemq-platform-operator] [45057744] 	at io.vertx.core.net.impl.VertxHandler.channelRead(VertxHandler.java:153)
2025-01-30 18:36:05,191 INFO c.h.h.t.HelmChartContainer - [hivemq-test-hivemq-platform] [hivemq-platform-operator] [45057744] 	at io.netty.channel.AbstractChannelHandlerContext.invokeChannelRead(AbstractChannelHandlerContext.java:442)
2025-01-30 18:36:05,191 INFO c.h.h.t.HelmChartContainer - [hivemq-test-hivemq-platform] [hivemq-platform-operator] [45057744] 	at io.netty.channel.AbstractChannelHandlerContext.invokeChannelRead(AbstractChannelHandlerContext.java:420)
2025-01-30 18:36:05,191 INFO c.h.h.t.HelmChartContainer - [hivemq-test-hivemq-platform] [hivemq-platform-operator] [45057744] 	at io.netty.channel.AbstractChannelHandlerContext.fireChannelRead(AbstractChannelHandlerContext.java:412)
2025-01-30 18:36:05,191 INFO c.h.h.t.HelmChartContainer - [hivemq-test-hivemq-platform] [hivemq-platform-operator] [45057744] 	at io.netty.channel.CombinedChannelDuplexHandler$DelegatingChannelHandlerContext.fireChannelRead(CombinedChannelDuplexHandler.java:436)
2025-01-30 18:36:05,191 INFO c.h.h.t.HelmChartContainer - [hivemq-test-hivemq-platform] [hivemq-platform-operator] [45057744] 	at io.netty.handler.codec.ByteToMessageDecoder.fireChannelRead(ByteToMessageDecoder.java:346)
2025-01-30 18:36:05,191 INFO c.h.h.t.HelmChartContainer - [hivemq-test-hivemq-platform] [hivemq-platform-operator] [45057744] 	at io.netty.handler.codec.ByteToMessageDecoder.channelRead(ByteToMessageDecoder.java:318)
2025-01-30 18:36:05,191 INFO c.h.h.t.HelmChartContainer - [hivemq-test-hivemq-platform] [hivemq-platform-operator] [45057744] 	at io.netty.channel.CombinedChannelDuplexHandler.channelRead(CombinedChannelDuplexHandler.java:251)
2025-01-30 18:36:05,191 INFO c.h.h.t.HelmChartContainer - [hivemq-test-hivemq-platform] [hivemq-platform-operator] [45057744] 	at io.netty.channel.AbstractChannelHandlerContext.invokeChannelRead(AbstractChannelHandlerContext.java:442)
2025-01-30 18:36:05,191 INFO c.h.h.t.HelmChartContainer - [hivemq-test-hivemq-platform] [hivemq-platform-operator] [45057744] 	at io.netty.channel.AbstractChannelHandlerContext.invokeChannelRead(AbstractChannelHandlerContext.java:420)
2025-01-30 18:36:05,191 INFO c.h.h.t.HelmChartContainer - [hivemq-test-hivemq-platform] [hivemq-platform-operator] [45057744] 	at io.netty.channel.AbstractChannelHandlerContext.fireChannelRead(AbstractChannelHandlerContext.java:412)
2025-01-30 18:36:05,191 INFO c.h.h.t.HelmChartContainer - [hivemq-test-hivemq-platform] [hivemq-platform-operator] [45057744] 	at io.netty.handler.ssl.SslHandler.unwrap(SslHandler.java:1475)
2025-01-30 18:36:05,191 INFO c.h.h.t.HelmChartContainer - [hivemq-test-hivemq-platform] [hivemq-platform-operator] [45057744] 	at io.netty.handler.ssl.SslHandler.decodeJdkCompatible(SslHandler.java:1338)
2025-01-30 18:36:05,191 INFO c.h.h.t.HelmChartContainer - [hivemq-test-hivemq-platform] [hivemq-platform-operator] [45057744] 	at io.netty.handler.ssl.SslHandler.decode(SslHandler.java:1387)
2025-01-30 18:36:05,191 INFO c.h.h.t.HelmChartContainer - [hivemq-test-hivemq-platform] [hivemq-platform-operator] [45057744] 	at io.netty.handler.codec.ByteToMessageDecoder.decodeRemovalReentryProtection(ByteToMessageDecoder.java:530)
2025-01-30 18:36:05,191 INFO c.h.h.t.HelmChartContainer - [hivemq-test-hivemq-platform] [hivemq-platform-operator] [45057744] 	at io.netty.handler.codec.ByteToMessageDecoder.callDecode(ByteToMessageDecoder.java:469)
2025-01-30 18:36:05,191 INFO c.h.h.t.HelmChartContainer - [hivemq-test-hivemq-platform] [hivemq-platform-operator] [45057744] 	at io.netty.handler.codec.ByteToMessageDecoder.channelRead(ByteToMessageDecoder.java:290)
2025-01-30 18:36:05,191 INFO c.h.h.t.HelmChartContainer - [hivemq-test-hivemq-platform] [hivemq-platform-operator] [45057744] 	at io.netty.channel.AbstractChannelHandlerContext.invokeChannelRead(AbstractChannelHandlerContext.java:444)
2025-01-30 18:36:05,191 INFO c.h.h.t.HelmChartContainer - [hivemq-test-hivemq-platform] [hivemq-platform-operator] [45057744] 	at io.netty.channel.AbstractChannelHandlerContext.invokeChannelRead(AbstractChannelHandlerContext.java:420)
2025-01-30 18:36:05,191 INFO c.h.h.t.HelmChartContainer - [hivemq-test-hivemq-platform] [hivemq-platform-operator] [45057744] 	at io.netty.channel.AbstractChannelHandlerContext.fireChannelRead(AbstractChannelHandlerContext.java:412)
2025-01-30 18:36:05,191 INFO c.h.h.t.HelmChartContainer - [hivemq-test-hivemq-platform] [hivemq-platform-operator] [45057744] 	at io.netty.channel.DefaultChannelPipeline$HeadContext.channelRead(DefaultChannelPipeline.java:1407)
2025-01-30 18:36:05,191 INFO c.h.h.t.HelmChartContainer - [hivemq-test-hivemq-platform] [hivemq-platform-operator] [45057744] 	at io.netty.channel.AbstractChannelHandlerContext.invokeChannelRead(AbstractChannelHandlerContext.java:440)
2025-01-30 18:36:05,191 INFO c.h.h.t.HelmChartContainer - [hivemq-test-hivemq-platform] [hivemq-platform-operator] [45057744] 	at io.netty.channel.AbstractChannelHandlerContext.invokeChannelRead(AbstractChannelHandlerContext.java:420)
2025-01-30 18:36:05,191 INFO c.h.h.t.HelmChartContainer - [hivemq-test-hivemq-platform] [hivemq-platform-operator] [45057744] 	at io.netty.channel.DefaultChannelPipeline.fireChannelRead(DefaultChannelPipeline.java:918)
2025-01-30 18:36:05,191 INFO c.h.h.t.HelmChartContainer - [hivemq-test-hivemq-platform] [hivemq-platform-operator] [45057744] 	at io.netty.channel.nio.AbstractNioByteChannel$NioByteUnsafe.read(AbstractNioByteChannel.java:166)
2025-01-30 18:36:05,191 INFO c.h.h.t.HelmChartContainer - [hivemq-test-hivemq-platform] [hivemq-platform-operator] [45057744] 	at io.netty.channel.nio.NioEventLoop.processSelectedKey(NioEventLoop.java:788)
2025-01-30 18:36:05,191 INFO c.h.h.t.HelmChartContainer - [hivemq-test-hivemq-platform] [hivemq-platform-operator] [45057744] 	at io.netty.channel.nio.NioEventLoop.processSelectedKeysOptimized(NioEventLoop.java:724)
2025-01-30 18:36:05,191 INFO c.h.h.t.HelmChartContainer - [hivemq-test-hivemq-platform] [hivemq-platform-operator] [45057744] 	at io.netty.channel.nio.NioEventLoop.processSelectedKeys(NioEventLoop.java:650)
2025-01-30 18:36:05,191 INFO c.h.h.t.HelmChartContainer - [hivemq-test-hivemq-platform] [hivemq-platform-operator] [45057744] 	at io.netty.channel.nio.NioEventLoop.run(NioEventLoop.java:562)
2025-01-30 18:36:05,191 INFO c.h.h.t.HelmChartContainer - [hivemq-test-hivemq-platform] [hivemq-platform-operator] [45057744] 	at io.netty.util.concurrent.SingleThreadEventExecutor$4.run(SingleThreadEventExecutor.java:997)
2025-01-30 18:36:05,191 INFO c.h.h.t.HelmChartContainer - [hivemq-test-hivemq-platform] [hivemq-platform-operator] [45057744] 	at io.netty.util.internal.ThreadExecutorMap$2.run(ThreadExecutorMap.java:74)
2025-01-30 18:36:05,191 INFO c.h.h.t.HelmChartContainer - [hivemq-test-hivemq-platform] [hivemq-platform-operator] [45057744] 	at io.netty.util.concurrent.FastThreadLocalRunnable.run(FastThreadLocalRunnable.java:30)
2025-01-30 18:36:05,191 INFO c.h.h.t.HelmChartContainer - [hivemq-test-hivemq-platform] [hivemq-platform-operator] [45057744] 	... 1 common frames omitted
2025-01-30 18:36:05,196 INFO c.h.h.t.HelmChartContainer - [hivemq-test-hivemq-platform] [hivemq-platform-operator] [45057744] 18:36:05.194 [ReconcilerExecutor-hivemq-controller-119] INFO  c.h.p.o.HiveMQPlatformReconciler - [helmmqtt] Cleanup test-hivemq-platform - helmmqttit HiveMQ Platform is shut down
2025-01-30 18:36:05,378 INFO c.h.h.t.HelmChartContainer - [POD] test-hivemq-platform-0 [345aee3b-01b8-465b-9ccf-b2e445eb08cc] in helmmqttit was MODIFIED
2025-01-30 18:36:05,387 INFO c.h.h.t.HelmChartContainer - [test-hivemq-platform] [hivemq] [345aee3b] INFO  - [HiveMQ Platform Operator Init App 1.7.0-SNAPSHOT] Shutting down
2025-01-30 18:36:05,387 INFO c.h.h.t.HelmChartContainer - [test-hivemq-platform] [hivemq] [345aee3b] INFO  - [HiveMQ Platform Operator Init App 1.7.0-SNAPSHOT] Stopping the HiveMQ Platform
2025-01-30 18:36:05,390 INFO c.h.h.t.HelmChartContainer - [EVENT] Normal [Killing] Stopping container hivemq [helmmqttit:test-hivemq-platform-0]
2025-01-30 18:36:05,390 INFO c.h.h.t.HelmChartContainer - Received Killing event for container hivemq in pod test-hivemq-platform-0 [345aee3b-01b8-465b-9ccf-b2e445eb08cc]
2025-01-30 18:36:05,390 INFO c.h.h.t.HelmChartContainer - Container [test-hivemq-platform-0] [hivemq] [345aee3b-01b8-465b-9ccf-b2e445eb08cc] was terminated
2025-01-30 18:36:05,390 INFO c.h.h.t.HelmChartContainer - Stopped log watcher for hivemq in pod test-hivemq-platform-0 [345aee3b-01b8-465b-9ccf-b2e445eb08cc]
2025-01-30 18:36:05,513 INFO c.h.h.t.HelmChartContainer - [test-hivemq-platform] [hivemq] [345aee3b] INFO  - Shutting down HiveMQ. Please wait, this could take a while...
2025-01-30 18:36:05,516 INFO c.h.h.t.HelmChartContainer - [test-hivemq-platform] [hivemq] [345aee3b] INFO  - Shutting down listeners and clients
2025-01-30 18:36:05,599 INFO c.h.h.t.HelmChartContainer - [test-hivemq-platform] [hivemq] [345aee3b] INFO  - Shutdown of listeners is done
2025-01-30 18:36:05,599 INFO c.h.h.t.HelmChartContainer - [test-hivemq-platform] [hivemq] [345aee3b] INFO  - No clients are connected, proceeding with shutdown
2025-01-30 18:36:06,996 INFO c.h.h.t.HelmChartContainer - Deleting namespace 'helmmqttit'...
2025-01-30 18:36:07,711 INFO c.h.h.t.HelmChartContainer - [test-hivemq-platform] [hivemq] [345aee3b] INFO  - Shutting down extension system
2025-01-30 18:36:07,716 INFO c.h.h.t.HelmChartContainer - [test-hivemq-platform] [hivemq] [345aee3b] INFO  - Stopping extension with id hivemq-dns-cluster-discovery
2025-01-30 18:36:07,717 INFO c.h.h.t.HelmChartContainer - [test-hivemq-platform] [hivemq] [345aee3b] INFO  - Extension "DNS Cluster Discovery Extension" version 4.3.2 stopped successfully.
2025-01-30 18:36:07,717 INFO c.h.h.t.HelmChartContainer - [test-hivemq-platform] [hivemq] [345aee3b] INFO  - Stopping extension with id hivemq-prometheus-extension
2025-01-30 18:36:07,722 INFO c.h.h.t.HelmChartContainer - [test-hivemq-platform] [hivemq] [345aee3b] INFO  - Extension "Prometheus Monitoring Extension" version 4.0.12 stopped successfully.
2025-01-30 18:36:07,722 INFO c.h.h.t.HelmChartContainer - [test-hivemq-platform] [hivemq] [345aee3b] INFO  - Stopping extension with id hivemq-allow-all-extension
2025-01-30 18:36:07,722 INFO c.h.h.t.HelmChartContainer - [test-hivemq-platform] [hivemq] [345aee3b] INFO  - Extension "Allow All Extension" version 1.1.1 stopped successfully.
2025-01-30 18:36:09,512 INFO c.h.h.t.HelmChartContainer - [test-hivemq-platform] [hivemq] [345aee3b] INFO  - [HiveMQ Platform Operator Init App 1.7.0-SNAPSHOT] Returning shutdown Health API response 503 for readiness
2025-01-30 18:36:09,516 INFO c.h.h.t.HelmChartContainer - [EVENT] Warning [Unhealthy] Readiness probe failed: HTTP probe failed with statuscode: 503 [helmmqttit:test-hivemq-platform-0]
2025-01-30 18:36:09,516 INFO c.h.h.t.HelmChartContainer - Received Unhealthy event for container hivemq in pod test-hivemq-platform-0 [345aee3b-01b8-465b-9ccf-b2e445eb08cc]
2025-01-30 18:36:10,009 INFO c.h.h.t.HelmChartContainer - [test-hivemq-platform] [hivemq] [345aee3b] INFO  - Shutdown completed.
2025-01-30 18:36:10,100 INFO c.h.h.t.HelmChartContainer - [test-hivemq-platform] [hivemq] [345aee3b] WARN  - [HiveMQ Platform Operator Init App 1.7.0-SNAPSHOT] Could not update Pod annotations: Failure executing: GET at: https://10.43.0.1:443/api/v1/namespaces/helmmqttit/pods/test-hivemq-platform-0. Message: pods "test-hivemq-platform-0" is forbidden: User "system:serviceaccount:helmmqttit:hivemq-platform-pod-test-hivemq-platform" cannot get resource "pods" in API group "" in the namespace "helmmqttit". Received status: Status(apiVersion=v1, code=403, details=StatusDetails(causes=[], group=null, kind=pods, name=test-hivemq-platform-0, retryAfterSeconds=null, uid=null, additionalProperties={}), kind=Status, message=pods "test-hivemq-platform-0" is forbidden: User "system:serviceaccount:helmmqttit:hivemq-platform-pod-test-hivemq-platform" cannot get resource "pods" in API group "" in the namespace "helmmqttit", metadata=ListMeta(_continue=null, remainingItemCount=null, resourceVersion=null, selfLink=null, additionalProperties={}), reason=Forbidden, status=Failure, additionalProperties={}).
2025-01-30 18:36:10,445 INFO c.h.h.t.HelmChartContainer - [test-hivemq-platform] [hivemq] [345aee3b] INFO  - [HiveMQ Platform Operator Init App 1.7.0-SNAPSHOT] The HiveMQ Platform exited with code 143
2025-01-30 18:36:10,445 INFO c.h.h.t.HelmChartContainer - [test-hivemq-platform] [hivemq] [345aee3b] INFO  - [HiveMQ Platform Operator Init App 1.7.0-SNAPSHOT] Stopping the REST API
2025-01-30 18:36:10,454 INFO c.h.h.t.HelmChartContainer - [test-hivemq-platform] [hivemq] [345aee3b] INFO  - [HiveMQ Platform Operator Init App 1.7.0-SNAPSHOT] Shutdown complete
2025-01-30 18:36:10,887 INFO c.h.h.t.HelmChartContainer - [POD] test-hivemq-platform-0 [345aee3b-01b8-465b-9ccf-b2e445eb08cc] in helmmqttit was MODIFIED
2025-01-30 18:36:10,889 INFO c.h.h.t.HelmChartContainer - [K3S] [stateful_set.go:438] "Unhandled Error" err="error syncing StatefulSet helmmqttit/test-hivemq-platform, requeuing: controllerrevisions.apps \"test-hivemq-platform-7bbc5894fb\" is forbidden: unable to create new content in namespace helmmqttit because it is being terminated"
2025-01-30 18:36:10,896 INFO c.h.h.t.HelmChartContainer - [K3S] [stateful_set.go:438] "Unhandled Error" err="error syncing StatefulSet helmmqttit/test-hivemq-platform, requeuing: controllerrevisions.apps \"test-hivemq-platform-7bbc5894fb\" is forbidden: unable to create new content in namespace helmmqttit because it is being terminated"
2025-01-30 18:36:10,900 INFO c.h.h.t.HelmChartContainer - [K3S] [scope.go:117] "RemoveContainer" containerID="f6e379ecaf9697af4e6f38f759b00d213fbd4008adca714002cd86ef50dffcb1"
2025-01-30 18:36:10,910 INFO c.h.h.t.HelmChartContainer - [K3S] [stateful_set.go:438] "Unhandled Error" err="error syncing StatefulSet helmmqttit/test-hivemq-platform, requeuing: controllerrevisions.apps \"test-hivemq-platform-7bbc5894fb\" is forbidden: unable to create new content in namespace helmmqttit because it is being terminated"
2025-01-30 18:36:10,933 INFO c.h.h.t.HelmChartContainer - [K3S] [stateful_set.go:438] "Unhandled Error" err="error syncing StatefulSet helmmqttit/test-hivemq-platform, requeuing: controllerrevisions.apps \"test-hivemq-platform-7bbc5894fb\" is forbidden: unable to create new content in namespace helmmqttit because it is being terminated"
2025-01-30 18:36:10,977 INFO c.h.h.t.HelmChartContainer - [K3S] [stateful_set.go:438] "Unhandled Error" err="error syncing StatefulSet helmmqttit/test-hivemq-platform, requeuing: controllerrevisions.apps \"test-hivemq-platform-7bbc5894fb\" is forbidden: unable to create new content in namespace helmmqttit because it is being terminated"
2025-01-30 18:36:10,979 INFO c.h.h.t.HelmChartContainer - [K3S] [reconciler_common.go:162] "operationExecutor.UnmountVolume started for volume \"operator-init\" (UniqueName: \"kubernetes.io/empty-dir/345aee3b-01b8-465b-9ccf-b2e445eb08cc-operator-init\") pod \"345aee3b-01b8-465b-9ccf-b2e445eb08cc\" (UID: \"345aee3b-01b8-465b-9ccf-b2e445eb08cc\") "
2025-01-30 18:36:10,979 INFO c.h.h.t.HelmChartContainer - [K3S] [reconciler_common.go:162] "operationExecutor.UnmountVolume started for volume \"broker-configuration\" (UniqueName: \"kubernetes.io/configmap/345aee3b-01b8-465b-9ccf-b2e445eb08cc-broker-configuration\") pod \"345aee3b-01b8-465b-9ccf-b2e445eb08cc\" (UID: \"345aee3b-01b8-465b-9ccf-b2e445eb08cc\") "
2025-01-30 18:36:10,979 INFO c.h.h.t.HelmChartContainer - [K3S] [reconciler_common.go:162] "operationExecutor.UnmountVolume started for volume \"kube-api-access-4pcsn\" (UniqueName: \"kubernetes.io/projected/345aee3b-01b8-465b-9ccf-b2e445eb08cc-kube-api-access-4pcsn\") pod \"345aee3b-01b8-465b-9ccf-b2e445eb08cc\" (UID: \"345aee3b-01b8-465b-9ccf-b2e445eb08cc\") "
2025-01-30 18:36:10,979 INFO c.h.h.t.HelmChartContainer - [K3S] [reconciler_common.go:162] "operationExecutor.UnmountVolume started for volume \"pod-info\" (UniqueName: \"kubernetes.io/configmap/345aee3b-01b8-465b-9ccf-b2e445eb08cc-pod-info\") pod \"345aee3b-01b8-465b-9ccf-b2e445eb08cc\" (UID: \"345aee3b-01b8-465b-9ccf-b2e445eb08cc\") "
2025-01-30 18:36:10,993 INFO c.h.h.t.HelmChartContainer - [K3S] [scope.go:117] "RemoveContainer" containerID="ba7cd88fbcd0011c7a3688c9109427a3884494eb19d310227350e76bd55ac715"
2025-01-30 18:36:10,996 INFO c.h.h.t.HelmChartContainer - [K3S] [scope.go:117] "RemoveContainer" containerID="f6e379ecaf9697af4e6f38f759b00d213fbd4008adca714002cd86ef50dffcb1"
2025-01-30 18:36:10,996 INFO c.h.h.t.HelmChartContainer - [K3S] [scope.go:117] "RemoveContainer" containerID="ba7cd88fbcd0011c7a3688c9109427a3884494eb19d310227350e76bd55ac715"
2025-01-30 18:36:11,061 INFO c.h.h.t.HelmChartContainer - [K3S] [stateful_set.go:438] "Unhandled Error" err="error syncing StatefulSet helmmqttit/test-hivemq-platform, requeuing: controllerrevisions.apps \"test-hivemq-platform-7bbc5894fb\" is forbidden: unable to create new content in namespace helmmqttit because it is being terminated"
2025-01-30 18:36:11,079 INFO c.h.h.t.HelmChartContainer - [K3S] [reconciler_common.go:299] "Volume detached for volume \"operator-init\" (UniqueName: \"kubernetes.io/empty-dir/345aee3b-01b8-465b-9ccf-b2e445eb08cc-operator-init\") on node \"bad0b85700c6\" DevicePath \"\""
2025-01-30 18:36:11,079 INFO c.h.h.t.HelmChartContainer - [K3S] [reconciler_common.go:299] "Volume detached for volume \"broker-configuration\" (UniqueName: \"kubernetes.io/configmap/345aee3b-01b8-465b-9ccf-b2e445eb08cc-broker-configuration\") on node \"bad0b85700c6\" DevicePath \"\""
2025-01-30 18:36:11,079 INFO c.h.h.t.HelmChartContainer - [K3S] [reconciler_common.go:299] "Volume detached for volume \"kube-api-access-4pcsn\" (UniqueName: \"kubernetes.io/projected/345aee3b-01b8-465b-9ccf-b2e445eb08cc-kube-api-access-4pcsn\") on node \"bad0b85700c6\" DevicePath \"\""
2025-01-30 18:36:11,079 INFO c.h.h.t.HelmChartContainer - [K3S] [reconciler_common.go:299] "Volume detached for volume \"pod-info\" (UniqueName: \"kubernetes.io/configmap/345aee3b-01b8-465b-9ccf-b2e445eb08cc-pod-info\") on node \"bad0b85700c6\" DevicePath \"\""
2025-01-30 18:36:11,210 INFO c.h.h.t.HelmChartContainer - [POD] test-hivemq-platform-0 [345aee3b-01b8-465b-9ccf-b2e445eb08cc] in helmmqttit was MODIFIED
2025-01-30 18:36:11,212 INFO c.h.h.t.HelmChartContainer - [POD] test-hivemq-platform-0 [345aee3b-01b8-465b-9ccf-b2e445eb08cc] in helmmqttit was DELETED
2025-01-30 18:36:11,216 INFO c.h.h.t.HelmChartContainer - [K3S] [stateful_set.go:438] "Unhandled Error" err="error syncing StatefulSet helmmqttit/test-hivemq-platform, requeuing: controllerrevisions.apps \"test-hivemq-platform-7bbc5894fb\" is forbidden: unable to create new content in namespace helmmqttit because it is being terminated"
2025-01-30 18:36:11,218 INFO c.h.h.t.HelmChartContainer - [K3S] [stateful_set.go:438] "Unhandled Error" err="error syncing StatefulSet helmmqttit/test-hivemq-platform, requeuing: controllerrevisions.apps \"test-hivemq-platform-7bbc5894fb\" is forbidden: unable to create new content in namespace helmmqttit because it is being terminated"
2025-01-30 18:36:11,224 INFO c.h.h.t.HelmChartContainer - [K3S] [stateful_set.go:438] "Unhandled Error" err="error syncing StatefulSet helmmqttit/test-hivemq-platform, requeuing: controllerrevisions.apps \"test-hivemq-platform-7bbc5894fb\" is forbidden: unable to create new content in namespace helmmqttit because it is being terminated"
2025-01-30 18:36:11,225 INFO c.h.h.t.HelmChartContainer - [K3S] [stateful_set.go:466] "StatefulSet has been deleted" key="helmmqttit/test-hivemq-platform"
2025-01-30 18:36:12,219 INFO c.h.h.t.HelmChartContainer - Namespace 'helmmqttit' deleted
2025-01-30 18:36:12,219 INFO c.h.h.t.HelmChartContainer - Release 'test-hivemq-platform' in namespace 'helmmqttit' is uninstalled
2025-01-30 18:36:12,219 INFO c.h.h.t.HelmChartContainer - Uninstalling release 'test-hivemq-platform-operator' in namespace 'helmmqttit-operator'...
2025-01-30 18:36:12,220 DEBUG c.h.h.t.HelmChartContainer - Executing helm command: /bin/helm --kubeconfig /etc/rancher/k3s/k3s.yaml uninstall test-hivemq-platform-operator  --wait --timeout 5m0s --cascade foreground --namespace helmmqttit-operator
2025-01-30 18:36:12,380 INFO c.h.h.t.HelmChartContainer - [K3S] [replica_set.go:679] "Finished syncing" kind="ReplicaSet" key="helmmqttit-operator/hivemq-test-hivemq-platform-operator-6966f96d65" duration="8.187989ms"
2025-01-30 18:36:12,380 INFO c.h.h.t.HelmChartContainer - [K3S] [replica_set.go:679] "Finished syncing" kind="ReplicaSet" key="helmmqttit-operator/hivemq-test-hivemq-platform-operator-6966f96d65" duration="58.099µs"
2025-01-30 18:36:12,406 INFO c.h.h.t.HelmChartContainer - [POD] hivemq-test-hivemq-platform-operator-6966f96d65-5q6vt [45057744-84b4-4055-9a57-a6ec14c84d5e] in helmmqttit-operator was MODIFIED
2025-01-30 18:36:12,414 INFO c.h.h.t.HelmChartContainer - [EVENT] Normal [Killing] Stopping container hivemq-platform-operator [helmmqttit-operator:hivemq-test-hivemq-platform-operator-6966f96d65-5q6vt]
2025-01-30 18:36:12,414 INFO c.h.h.t.HelmChartContainer - Received Killing event for container hivemq-platform-operator in pod hivemq-test-hivemq-platform-operator-6966f96d65-5q6vt [45057744-84b4-4055-9a57-a6ec14c84d5e]
2025-01-30 18:36:12,414 INFO c.h.h.t.HelmChartContainer - Container [hivemq-test-hivemq-platform-operator-6966f96d65-5q6vt] [hivemq-platform-operator] [45057744-84b4-4055-9a57-a6ec14c84d5e] was terminated
2025-01-30 18:36:12,414 INFO c.h.h.t.HelmChartContainer - Stopped log watcher for hivemq-platform-operator in pod hivemq-test-hivemq-platform-operator-6966f96d65-5q6vt [45057744-84b4-4055-9a57-a6ec14c84d5e]
2025-01-30 18:36:12,416 INFO c.h.h.t.HelmChartContainer - [K3S] [replica_set.go:679] "Finished syncing" kind="ReplicaSet" key="helmmqttit-operator/hivemq-test-hivemq-platform-operator-6966f96d65" duration="16.766535ms"
2025-01-30 18:36:12,416 INFO c.h.h.t.HelmChartContainer - [hivemq-test-hivemq-platform] [hivemq-platform-operator] [45057744] 18:36:12.412 [application-shutdown-thread] INFO  c.h.p.o.HiveMQPlatformOperatorApplication - HiveMQ Platform Operator is stopping...
2025-01-30 18:36:12,416 INFO c.h.h.t.HelmChartContainer - [hivemq-test-hivemq-platform] [hivemq-platform-operator] [45057744] 18:36:12.413 [application-shutdown-thread] INFO  i.javaoperatorsdk.operator.Operator - Operator SDK 4.9.7 is shutting down...
2025-01-30 18:36:12,417 INFO c.h.h.t.HelmChartContainer - [K3S] [replica_set.go:679] "Finished syncing" kind="ReplicaSet" key="helmmqttit-operator/hivemq-test-hivemq-platform-operator-6966f96d65" duration="37.129µs"
2025-01-30 18:36:12,505 INFO c.h.h.t.HelmChartContainer - [K3S] [stateful_set.go:466] "StatefulSet has been deleted" key="helmmqttit/test-hivemq-platform"
2025-01-30 18:36:13,027 INFO c.h.h.t.HelmChartContainer - [K3S] [replica_set.go:679] "Finished syncing" kind="ReplicaSet" key="helmmqttit-operator/hivemq-test-hivemq-platform-operator-6966f96d65" duration="39.574µs"
2025-01-30 18:36:13,028 INFO c.h.h.t.HelmChartContainer - [POD] hivemq-test-hivemq-platform-operator-6966f96d65-5q6vt [45057744-84b4-4055-9a57-a6ec14c84d5e] in helmmqttit-operator was MODIFIED
2025-01-30 18:36:13,090 INFO c.h.h.t.HelmChartContainer - [K3S] [reconciler_common.go:162] "operationExecutor.UnmountVolume started for volume \"kube-api-access-mcggf\" (UniqueName: \"kubernetes.io/projected/45057744-84b4-4055-9a57-a6ec14c84d5e-kube-api-access-mcggf\") pod \"45057744-84b4-4055-9a57-a6ec14c84d5e\" (UID: \"45057744-84b4-4055-9a57-a6ec14c84d5e\") "
2025-01-30 18:36:13,138 INFO c.h.h.t.HelmChartContainer - [K3S] [kubelet_volumes.go:163] "Cleaned up orphaned pod volumes dir" podUID="345aee3b-01b8-465b-9ccf-b2e445eb08cc" path="/var/lib/kubelet/pods/345aee3b-01b8-465b-9ccf-b2e445eb08cc/volumes"
2025-01-30 18:36:13,190 INFO c.h.h.t.HelmChartContainer - [K3S] [reconciler_common.go:299] "Volume detached for volume \"kube-api-access-mcggf\" (UniqueName: \"kubernetes.io/projected/45057744-84b4-4055-9a57-a6ec14c84d5e-kube-api-access-mcggf\") on node \"bad0b85700c6\" DevicePath \"\""
2025-01-30 18:36:13,907 INFO c.h.h.t.HelmChartContainer - [K3S] [scope.go:117] "RemoveContainer" containerID="7ebf48be59ee62020f9e8c0ef3abc337fb859777426887850afc1ae6ef0884cb"
2025-01-30 18:36:13,909 INFO c.h.h.t.HelmChartContainer - [K3S] [scope.go:117] "RemoveContainer" containerID="7ebf48be59ee62020f9e8c0ef3abc337fb859777426887850afc1ae6ef0884cb"
2025-01-30 18:36:13,915 INFO c.h.h.t.HelmChartContainer - [K3S] [replica_set.go:679] "Finished syncing" kind="ReplicaSet" key="helmmqttit-operator/hivemq-test-hivemq-platform-operator-6966f96d65" duration="42.459µs"
2025-01-30 18:36:13,916 INFO c.h.h.t.HelmChartContainer - [POD] hivemq-test-hivemq-platform-operator-6966f96d65-5q6vt [45057744-84b4-4055-9a57-a6ec14c84d5e] in helmmqttit-operator was MODIFIED
2025-01-30 18:36:13,918 INFO c.h.h.t.HelmChartContainer - [K3S] [replica_set.go:679] "Finished syncing" kind="ReplicaSet" key="helmmqttit-operator/hivemq-test-hivemq-platform-operator-6966f96d65" duration="26.73µs"
2025-01-30 18:36:13,920 INFO c.h.h.t.HelmChartContainer - [POD] hivemq-test-hivemq-platform-operator-6966f96d65-5q6vt [45057744-84b4-4055-9a57-a6ec14c84d5e] in helmmqttit-operator was DELETED
2025-01-30 18:36:13,928 INFO c.h.h.t.HelmChartContainer - [K3S] [replica_set.go:679] "Finished syncing" kind="ReplicaSet" key="helmmqttit-operator/hivemq-test-hivemq-platform-operator-6966f96d65" duration="6.111µs"
2025-01-30 18:36:14,421 INFO c.h.h.t.HelmChartContainer - Deleting namespace 'helmmqttit-operator'...
2025-01-30 18:36:15,138 INFO c.h.h.t.HelmChartContainer - [K3S] [kubelet_volumes.go:163] "Cleaned up orphaned pod volumes dir" podUID="45057744-84b4-4055-9a57-a6ec14c84d5e" path="/var/lib/kubelet/pods/45057744-84b4-4055-9a57-a6ec14c84d5e/volumes"
2025-01-30 18:36:17,145 INFO c.h.h.t.HelmChartContainer - [K3S] [namespace_controller.go:187] "Namespace has been deleted" namespace="helmmqttit"
2025-01-30 18:36:19,637 INFO c.h.h.t.HelmChartContainer - Namespace 'helmmqttit-operator' deleted
2025-01-30 18:36:19,637 INFO c.h.h.t.HelmChartContainer - Release 'test-hivemq-platform-operator' in namespace 'helmmqttit-operator' is uninstalled
2025-01-30 18:36:20,352 INFO c.h.helmcharts.AbstractHelmChartIT - Removed unused containers:

2025-01-30 18:36:24,543 INFO c.h.h.t.HelmChartContainer - [K3S] [namespace_controller.go:187] "Namespace has been deleted" namespace="helmmqttit-operator"
2025-01-30 18:36:28,138 INFO c.h.helmcharts.AbstractHelmChartIT - Removed unused snapshots:
Removing snapshot sha256:03af251906410714c5aef9fa705b63f6bbc39c4a5e787de7361eeb18886c2ed2
Removing snapshot sha256:0c46b3b43cce082ce5ec34ffc6c294e0417d17b9d1e6f366d114b6aadc4f96dc
Removing snapshot sha256:0ce761beee59082d6ed5bcebd3a805b8ddd9b3426b617e4809e7fb7c6587ffec
Removing snapshot sha256:0df91287303208332c8ff6ba40ae4710105201739addbfbddfb955f1ad593664
Removing snapshot sha256:1021ef88c7974bfff89c5a0ec4fd3160daac6c48a075f74cff721f85dd104e68
Removing snapshot sha256:10aba4953ddc18145dd38e3704709bc464aa20af60b56fe52caaff4b68411e62
Removing snapshot sha256:2573e0d8158209ed54ab25c87bcdcb00bd3d2539246960a3d592a1c599d70465
Removing snapshot sha256:362a8a37f8bbc31925a8146adcf7cf51f9882f5c1dcbef67c5baa03a297543c0
Removing snapshot sha256:3fa4ad33f0ddc8fd45b39b6b4640f82a3a83619606cd975bfe89d8710ad2d4cd
Removing snapshot sha256:43a7c979bbaba6838bc3102d6b10a1459f3ab050b87ccdfef84ef90cf43d3058
Removing snapshot sha256:4ab04491cdf0d3267f08206fe30bd48f49f94b9cab2f016d6739220f722a64af
Removing snapshot sha256:4b6068250e89c96f263060261819c7d912855bfbd64b3eb4c4a8483299b8c295
Removing snapshot sha256:580e69a0a8034ede1921139bbd2bfb72a69ebf276d008281896c32dd8bf74775
Removing snapshot sha256:5d30ba46b27fe37484567ccc5242cadc78217b8da605f3f195ef25cbf7487904
Removing snapshot sha256:63ca1fbb43ae5034640e5e6cb3e083e05c290072c5366fcaa9d62435a4cced85
Removing snapshot sha256:67f702c6baae873bceb19487c8b1f27bd2b86077e4f2f0e480e6d60ab508b8f5
Removing snapshot sha256:6864348dd42806d552efdec384f1274be15e2d0c10ce44c1f04347af004c10a9
Removing snapshot sha256:6c7dee8f2c39b84b7dc2711c01d33de93514d9055499173e9290176fbe484b6c
Removing snapshot sha256:82753493a6d61ded36556292f02f31841a14c20d2f279f19eaad65afb661d5cd
Removing snapshot sha256:8a10d3db42c505ee0fcfa98417bdd7e39b304f6bcc0a06bb1b220797ff2cc63c
Removing snapshot sha256:985bea1c17df10c82165bc56cedb67e3f84c75a1e191d3fe9d7b13dc183fde7c
Removing snapshot sha256:a21e5b12dbac529ad45d976eb9ce45c881f3bedcc500fb30aba1e52aa1813418
Removing snapshot sha256:afaa4425ab5c00049e5afa2d123fced83e231a646da3d9612397da06b403c675
Removing snapshot sha256:b921e6c28969094157f9b8e7244677780319637afd14450b7cb6b2fdea558a0c
Removing snapshot sha256:bc27ecb5769a00e309cf99ebc763c4a4b958b618d1decc96ffac5bc05f02f5b7
Removing snapshot sha256:be3ccb6627a5332e309d45ef461d09b4879dd870c7394d89323d0ebc6ca6aa8a
Removing snapshot sha256:c261f7cbbc64211ee175ee47273acdb7b1a36a4450b397a064a8f2c026490095
Removing snapshot sha256:c34d9393647eea0c9e3557ab988efaf59f61d10a2a5613b439ef0958cca5ec10
Removing snapshot sha256:ccf3c4a0fa967a41c1c83497a2ce6fa5787965859df0adb32c4ca2cf7490bc2b
Removing snapshot sha256:cf92d33f869417309692088c341cd0f223c178ea78a125f757317b22aa8f90e9
Removing snapshot sha256:d0037344cf2fb078884f1849f6a1f8cf9a33a3b6139b6a85833e5ee528e1f9a8
Removing snapshot sha256:d3b36d5b79273b1e98e7700470eaeff05a882e777124d84cebcc1505b85ecb36
Removing snapshot sha256:d65a44a37914602d12c611e5e22a50f11451d847e63015cc1c2aef92dee777a4
Removing snapshot sha256:e2dc0bae2455930f23ae570e019b7f32edc75c0f2d71cab084db837ff9051796
Removing snapshot sha256:eccbd24a99c60cd9e86ee5305dbfc4a4dc89f5ab4fb1f06c8d64797cecedef34
Removing snapshot sha256:f144bb4c7c7f0d2aa7eeffd36d934ec40db1ee167be727e326aad9fdc616f475

]]></system-out>
  </testcase>
  <system-out><![CDATA[2025-01-30 18:27:32,502 INFO c.h.h.t.HelmChartContainerExtension - Using cached HelmChartContainer instance
2025-01-30 18:27:32,509 INFO c.h.h.t.HelmChartContainerExtension - Creating cached HelmChartContainer instance
2025-01-30 18:27:32,531 INFO o.testcontainers.DockerClientFactory - Testcontainers version: 1.20.4
2025-01-30 18:27:32,958 INFO o.t.d.DockerClientProviderStrategy - Found Docker environment with local Unix socket (unix:///var/run/docker.sock)
2025-01-30 18:27:32,967 INFO o.testcontainers.DockerClientFactory - Docker host IP address is localhost
2025-01-30 18:27:32,983 INFO o.testcontainers.DockerClientFactory - Connected to docker: 
  Server Version: 26.1.3
  API Version: 1.45
  Operating System: Ubuntu 24.04.1 LTS
  Total Memory: 15990 MB
2025-01-30 18:27:32,990 INFO o.testcontainers.images.PullPolicy - Image pull policy will be performed by: DefaultPullPolicy()
2025-01-30 18:27:32,992 INFO o.t.utility.ImageNameSubstitutor - Image name substitution will be performed by: DefaultImageNameSubstitutor (composite of 'ConfigurationFileImageNameSubstitutor' and 'PrefixingImageNameSubstitutor')
2025-01-30 18:27:33,019 INFO tc.testcontainers/ryuk:0.11.0 - Pulling docker image: testcontainers/ryuk:0.11.0. Please be patient; this may take some time but only needs to be done once.
2025-01-30 18:27:33,334 INFO tc.testcontainers/ryuk:0.11.0 - Starting to pull image
2025-01-30 18:27:33,349 INFO tc.testcontainers/ryuk:0.11.0 - Pulling image layers:  0 pending,  0 downloaded,  0 extracted, (0 bytes/0 bytes)
2025-01-30 18:27:33,508 INFO tc.testcontainers/ryuk:0.11.0 - Pulling image layers:  2 pending,  1 downloaded,  0 extracted, (116 KB/? MB)
2025-01-30 18:27:33,539 INFO tc.testcontainers/ryuk:0.11.0 - Pulling image layers:  1 pending,  2 downloaded,  0 extracted, (116 KB/? MB)
2025-01-30 18:27:33,571 INFO tc.testcontainers/ryuk:0.11.0 - Pulling image layers:  0 pending,  3 downloaded,  0 extracted, (144 KB/10 MB)
2025-01-30 18:27:33,641 INFO tc.testcontainers/ryuk:0.11.0 - Pulling image layers:  0 pending,  3 downloaded,  1 extracted, (3 MB/10 MB)
2025-01-30 18:27:33,786 INFO tc.testcontainers/ryuk:0.11.0 - Pulling image layers:  0 pending,  3 downloaded,  2 extracted, (4 MB/10 MB)
2025-01-30 18:27:33,826 INFO tc.testcontainers/ryuk:0.11.0 - Pulling image layers:  0 pending,  3 downloaded,  3 extracted, (10 MB/10 MB)
2025-01-30 18:27:33,832 INFO tc.testcontainers/ryuk:0.11.0 - Image testcontainers/ryuk:0.11.0 pull took PT0.812762504S
2025-01-30 18:27:33,848 INFO tc.testcontainers/ryuk:0.11.0 - Creating container for image: testcontainers/ryuk:0.11.0
2025-01-30 18:27:33,907 INFO tc.testcontainers/ryuk:0.11.0 - Container testcontainers/ryuk:0.11.0 is starting: 4600b7270c46343172779e59e5a62827c82bc2c645fa0fde2c6cb485a06f1a11
2025-01-30 18:27:34,143 INFO tc.testcontainers/ryuk:0.11.0 - Container testcontainers/ryuk:0.11.0 started in PT0.295357659S
2025-01-30 18:27:34,147 INFO o.t.utility.RyukResourceReaper - Ryuk started - will monitor and terminate Testcontainers containers on JVM exit
2025-01-30 18:27:34,147 INFO o.testcontainers.DockerClientFactory - Checking the system...
2025-01-30 18:27:34,147 INFO o.testcontainers.DockerClientFactory - ✔︎ Docker server version should be at least 1.6.0
2025-01-30 18:27:34,221 INFO o.t.i.builder.ImageFromDockerfile - Pre-emptively checking local images for 'ubuntu:noble-20241118.1@sha256:80dd3c3b9c6cecb9f1667e9290b3bc61b78c2678c02cbdae5f0fea92cc6734ab', referenced via a Dockerfile. If not available, it will be pulled.
2025-01-30 18:27:34,224 INFO t.u.1@sha256:80dd3c... - Pulling docker image: ubuntu:noble-20241118.1@sha256:80dd3c3b9c6cecb9f1667e9290b3bc61b78c2678c02cbdae5f0fea92cc6734ab. Please be patient; this may take some time but only needs to be done once.
2025-01-30 18:27:34,365 INFO t.u.1@sha256:80dd3c... - Starting to pull image
2025-01-30 18:27:34,366 INFO t.u.1@sha256:80dd3c... - Pulling image layers:  0 pending,  0 downloaded,  0 extracted, (0 bytes/0 bytes)
2025-01-30 18:27:34,805 INFO t.u.1@sha256:80dd3c... - Pulling image layers:  0 pending,  1 downloaded,  0 extracted, (23 MB/28 MB)
2025-01-30 18:27:35,722 INFO t.u.1@sha256:80dd3c... - Pulling image layers:  0 pending,  1 downloaded,  1 extracted, (28 MB/28 MB)
2025-01-30 18:27:35,730 INFO t.u.1@sha256:80dd3c... - Pull complete. 1 layers, pulled in 1s (downloaded 28 MB at 28 MB/s)
2025-01-30 18:27:35,730 INFO t.u.1@sha256:80dd3c... - Image ubuntu:noble-20241118.1@sha256:80dd3c3b9c6cecb9f1667e9290b3bc61b78c2678c02cbdae5f0fea92cc6734ab pull took PT1.505617503S
2025-01-30 18:27:35,733 INFO o.t.i.builder.ImageFromDockerfile - Pre-emptively checking local images for 'rancher/k3s:v1.32.1-k3s1', referenced via a Dockerfile. If not available, it will be pulled.
2025-01-30 18:27:35,736 INFO tc.rancher/k3s:v1.32.1-k3s1 - Pulling docker image: rancher/k3s:v1.32.1-k3s1. Please be patient; this may take some time but only needs to be done once.
2025-01-30 18:27:35,966 INFO tc.rancher/k3s:v1.32.1-k3s1 - Starting to pull image
2025-01-30 18:27:35,967 INFO tc.rancher/k3s:v1.32.1-k3s1 - Pulling image layers:  0 pending,  0 downloaded,  0 extracted, (0 bytes/0 bytes)
2025-01-30 18:27:37,080 INFO tc.rancher/k3s:v1.32.1-k3s1 - Pulling image layers:  0 pending,  1 downloaded,  0 extracted, (70 MB/71 MB)
2025-01-30 18:27:38,118 INFO tc.rancher/k3s:v1.32.1-k3s1 - Pulling image layers:  0 pending,  1 downloaded,  1 extracted, (71 MB/71 MB)
2025-01-30 18:27:38,124 INFO tc.rancher/k3s:v1.32.1-k3s1 - Pull complete. 1 layers, pulled in 2s (downloaded 71 MB at 35 MB/s)
2025-01-30 18:27:38,124 INFO tc.rancher/k3s:v1.32.1-k3s1 - Image rancher/k3s:v1.32.1-k3s1 pull took PT2.38767758S
2025-01-30 18:27:38,130 INFO o.t.i.builder.ImageFromDockerfile - Transferred 0 bytes to Docker daemon
2025-01-30 18:27:54,017 INFO c.h.h.t.HelmChartContainer - Starting HelmChartContainer...
2025-01-30 18:27:54,020 INFO t.localhost/testcontainers/dmpuyyaibpw9mvzh:latest - Creating container for image: localhost/testcontainers/dmpuyyaibpw9mvzh:latest
2025-01-30 18:27:54,086 INFO tc.alpine:3.17 - Pulling docker image: alpine:3.17. Please be patient; this may take some time but only needs to be done once.
2025-01-30 18:27:54,310 INFO tc.alpine:3.17 - Starting to pull image
2025-01-30 18:27:54,311 INFO tc.alpine:3.17 - Pulling image layers:  0 pending,  0 downloaded,  0 extracted, (0 bytes/0 bytes)
2025-01-30 18:27:54,506 INFO tc.alpine:3.17 - Pulling image layers:  0 pending,  1 downloaded,  0 extracted, (33 KB/3 MB)
2025-01-30 18:27:54,600 INFO tc.alpine:3.17 - Pulling image layers:  0 pending,  1 downloaded,  1 extracted, (3 MB/3 MB)
2025-01-30 18:27:54,607 INFO tc.alpine:3.17 - Image alpine:3.17 pull took PT0.521507225S
2025-01-30 18:27:55,154 INFO t.localhost/testcontainers/dmpuyyaibpw9mvzh:latest - Container localhost/testcontainers/dmpuyyaibpw9mvzh:latest is starting: bad0b85700c6f0ef6c4d786be8474b6900bcc7e6d5c7844afe0589daaa8dda01
2025-01-30 18:27:55,520 INFO c.h.h.t.HelmChartContainer - [K3S] [INFO] Starting k3s v1.32.1+k3s1 (6a322f12)
2025-01-30 18:27:55,523 INFO c.h.h.t.HelmChartContainer - [K3S] [INFO] Configuring sqlite3 database connection pooling: maxIdleConns=2, maxOpenConns=0, connMaxLifetime=0s
2025-01-30 18:27:55,524 INFO c.h.h.t.HelmChartContainer - [K3S] [INFO] Configuring database table schema and indexes, this may take a moment...
2025-01-30 18:27:55,526 INFO c.h.h.t.HelmChartContainer - [K3S] [INFO] Database tables and indexes are up to date
2025-01-30 18:27:55,529 INFO c.h.h.t.HelmChartContainer - [K3S] [INFO] Kine available at unix://kine.sock
2025-01-30 18:27:55,673 INFO c.h.h.t.HelmChartContainer - [K3S] [INFO] Saving cluster bootstrap data to datastore
2025-01-30 18:27:55,674 INFO c.h.h.t.HelmChartContainer - [K3S] [WARNING] dynamiclistener [::]:6443: no cached certificate available for preload - deferring certificate load until storage initialization or first client request
2025-01-30 18:27:55,675 INFO c.h.h.t.HelmChartContainer - [K3S] [INFO] Active TLS secret / (ver=) (count 10): map[listener.cattle.io/cn-10.43.0.1:10.43.0.1 listener.cattle.io/cn-127.0.0.1:127.0.0.1 listener.cattle.io/cn-172.18.0.2:172.18.0.2 listener.cattle.io/cn-__1-f16284:::1 listener.cattle.io/cn-bad0b85700c6:bad0b85700c6 listener.cattle.io/cn-kubernetes:kubernetes listener.cattle.io/cn-kubernetes.default:kubernetes.default listener.cattle.io/cn-kubernetes.default.svc:kubernetes.default.svc listener.cattle.io/cn-kubernetes.default.svc.cluster.local:kubernetes.default.svc.cluster.local listener.cattle.io/cn-localhost:localhost listener.cattle.io/fingerprint:SHA1=136A1702AA0655D0FBE21A2AA0A153045723F4D9]
2025-01-30 18:27:55,837 INFO c.h.h.t.HelmChartContainer - [K3S] [INFO] Running kube-apiserver --advertise-port=6443 --allow-privileged=true --anonymous-auth=false --api-audiences=https://kubernetes.default.svc.cluster.local,k3s --authorization-mode=Node,RBAC --bind-address=127.0.0.1 --cert-dir=/var/lib/rancher/k3s/server/tls/temporary-certs --client-ca-file=/var/lib/rancher/k3s/server/tls/client-ca.crt --egress-selector-config-file=/var/lib/rancher/k3s/server/etc/egress-selector-config.yaml --enable-admission-plugins=NodeRestriction --enable-aggregator-routing=true --enable-bootstrap-token-auth=true --etcd-compaction-interval=0s --etcd-servers=unix://kine.sock --kubelet-certificate-authority=/var/lib/rancher/k3s/server/tls/server-ca.crt --kubelet-client-certificate=/var/lib/rancher/k3s/server/tls/client-kube-apiserver.crt --kubelet-client-key=/var/lib/rancher/k3s/server/tls/client-kube-apiserver.key --kubelet-preferred-address-types=InternalIP,ExternalIP,Hostname --profiling=false --proxy-client-cert-file=/var/lib/rancher/k3s/server/tls/client-auth-proxy.crt --proxy-client-key-file=/var/lib/rancher/k3s/server/tls/client-auth-proxy.key --requestheader-allowed-names=system:auth-proxy --requestheader-client-ca-file=/var/lib/rancher/k3s/server/tls/request-header-ca.crt --requestheader-extra-headers-prefix=X-Remote-Extra- --requestheader-group-headers=X-Remote-Group --requestheader-username-headers=X-Remote-User --secure-port=6444 --service-account-issuer=https://kubernetes.default.svc.cluster.local --service-account-key-file=/var/lib/rancher/k3s/server/tls/service.key --service-account-signing-key-file=/var/lib/rancher/k3s/server/tls/service.current.key --service-cluster-ip-range=10.43.0.0/16 --service-node-port-range=30000-32767 --storage-backend=etcd3 --tls-cert-file=/var/lib/rancher/k3s/server/tls/serving-kube-apiserver.crt --tls-cipher-suites=TLS_ECDHE_ECDSA_WITH_AES_256_GCM_SHA384,TLS_ECDHE_RSA_WITH_AES_256_GCM_SHA384,TLS_ECDHE_ECDSA_WITH_AES_128_GCM_SHA256,TLS_ECDHE_RSA_WITH_AES_128_GCM_SHA256,TLS_ECDHE_ECDSA_WITH_CHACHA20_POLY1305,TLS_ECDHE_RSA_WITH_CHACHA20_POLY1305 --tls-private-key-file=/var/lib/rancher/k3s/server/tls/serving-kube-apiserver.key
2025-01-30 18:27:55,839 INFO c.h.h.t.HelmChartContainer - [K3S] [INFO] Running kube-scheduler --authentication-kubeconfig=/var/lib/rancher/k3s/server/cred/scheduler.kubeconfig --authorization-kubeconfig=/var/lib/rancher/k3s/server/cred/scheduler.kubeconfig --bind-address=127.0.0.1 --kubeconfig=/var/lib/rancher/k3s/server/cred/scheduler.kubeconfig --leader-elect=false --profiling=false --secure-port=10259
2025-01-30 18:27:55,839 INFO c.h.h.t.HelmChartContainer - [K3S] [registry.go:256] calling componentGlobalsRegistry.AddFlags more than once, the registry will be set by the latest flags
2025-01-30 18:27:55,839 INFO c.h.h.t.HelmChartContainer - [K3S] [INFO] Waiting for API server to become available
2025-01-30 18:27:55,840 INFO c.h.h.t.HelmChartContainer - [K3S] [INFO] Running kube-controller-manager --allocate-node-cidrs=true --authentication-kubeconfig=/var/lib/rancher/k3s/server/cred/controller.kubeconfig --authorization-kubeconfig=/var/lib/rancher/k3s/server/cred/controller.kubeconfig --bind-address=127.0.0.1 --cluster-cidr=10.42.0.0/16 --cluster-signing-kube-apiserver-client-cert-file=/var/lib/rancher/k3s/server/tls/client-ca.nochain.crt --cluster-signing-kube-apiserver-client-key-file=/var/lib/rancher/k3s/server/tls/client-ca.key --cluster-signing-kubelet-client-cert-file=/var/lib/rancher/k3s/server/tls/client-ca.nochain.crt --cluster-signing-kubelet-client-key-file=/var/lib/rancher/k3s/server/tls/client-ca.key --cluster-signing-kubelet-serving-cert-file=/var/lib/rancher/k3s/server/tls/server-ca.nochain.crt --cluster-signing-kubelet-serving-key-file=/var/lib/rancher/k3s/server/tls/server-ca.key --cluster-signing-legacy-unknown-cert-file=/var/lib/rancher/k3s/server/tls/server-ca.nochain.crt --cluster-signing-legacy-unknown-key-file=/var/lib/rancher/k3s/server/tls/server-ca.key --configure-cloud-routes=false --controllers=*,tokencleaner,-service,-route,-cloud-node-lifecycle --kubeconfig=/var/lib/rancher/k3s/server/cred/controller.kubeconfig --leader-elect=false --profiling=false --root-ca-file=/var/lib/rancher/k3s/server/tls/server-ca.crt --secure-port=10257 --service-account-private-key-file=/var/lib/rancher/k3s/server/tls/service.current.key --service-cluster-ip-range=10.43.0.0/16 --use-service-account-credentials=true
2025-01-30 18:27:55,841 INFO c.h.h.t.HelmChartContainer - [K3S] [options.go:299] unable to set WatchListClient feature gate, err: cannot override default for feature "WatchListClient": gates already added to a flag set
2025-01-30 18:27:55,841 INFO c.h.h.t.HelmChartContainer - [K3S] [registry.go:256] calling componentGlobalsRegistry.AddFlags more than once, the registry will be set by the latest flags
2025-01-30 18:27:55,841 INFO c.h.h.t.HelmChartContainer - [K3S] [INFO] Running cloud-controller-manager --allocate-node-cidrs=true --authentication-kubeconfig=/var/lib/rancher/k3s/server/cred/cloud-controller.kubeconfig --authorization-kubeconfig=/var/lib/rancher/k3s/server/cred/cloud-controller.kubeconfig --bind-address=127.0.0.1 --cloud-config=/var/lib/rancher/k3s/server/etc/cloud-config.yaml --cloud-provider=k3s --cluster-cidr=10.42.0.0/16 --configure-cloud-routes=false --controllers=*,-route --kubeconfig=/var/lib/rancher/k3s/server/cred/cloud-controller.kubeconfig --leader-elect=false --leader-elect-resource-name=k3s-cloud-controller-manager --node-status-update-frequency=1m0s --profiling=false
2025-01-30 18:27:55,842 INFO c.h.h.t.HelmChartContainer - [K3S] [registry.go:256] calling componentGlobalsRegistry.AddFlags more than once, the registry will be set by the latest flags
2025-01-30 18:27:55,842 INFO c.h.h.t.HelmChartContainer - [K3S] [INFO] Server node token is available at /var/lib/rancher/k3s/server/token
2025-01-30 18:27:55,842 INFO c.h.h.t.HelmChartContainer - [K3S] [INFO] To join server node to cluster: k3s server -s https://172.18.0.2:6443 -t ${SERVER_NODE_TOKEN}
2025-01-30 18:27:55,843 INFO c.h.h.t.HelmChartContainer - [K3S] [INFO] Agent node token is available at /var/lib/rancher/k3s/server/agent-token
2025-01-30 18:27:55,843 INFO c.h.h.t.HelmChartContainer - [K3S] [options.go:238] external host was not specified, using 172.18.0.2
2025-01-30 18:27:55,843 INFO c.h.h.t.HelmChartContainer - [K3S] [INFO] To join agent node to cluster: k3s agent -s https://172.18.0.2:6443 -t ${AGENT_NODE_TOKEN}
2025-01-30 18:27:55,843 INFO c.h.h.t.HelmChartContainer - [K3S] [INFO] Wrote kubeconfig /etc/rancher/k3s/k3s.yaml
2025-01-30 18:27:55,843 INFO c.h.h.t.HelmChartContainer - [K3S] [INFO] Run: k3s kubectl
2025-01-30 18:27:55,843 INFO c.h.h.t.HelmChartContainer - [K3S] [server.go:151] Version: v1.32.1+k3s1
2025-01-30 18:27:55,844 INFO c.h.h.t.HelmChartContainer - [K3S] [server.go:153] "Golang settings" GOGC="" GOMAXPROCS="" GOTRACEBACK=""
2025-01-30 18:27:56,333 INFO c.h.h.t.HelmChartContainer - [K3S] [plugins.go:157] Loaded 13 mutating admission controller(s) successfully in the following order: NamespaceLifecycle,LimitRanger,ServiceAccount,NodeRestriction,TaintNodesByCondition,Priority,DefaultTolerationSeconds,DefaultStorageClass,StorageObjectInUseProtection,RuntimeClass,DefaultIngressClass,MutatingAdmissionPolicy,MutatingAdmissionWebhook.
2025-01-30 18:27:56,333 INFO c.h.h.t.HelmChartContainer - [K3S] [plugins.go:160] Loaded 13 validating admission controller(s) successfully in the following order: LimitRanger,ServiceAccount,PodSecurity,Priority,PersistentVolumeClaimResize,RuntimeClass,CertificateApproval,CertificateSigning,ClusterTrustBundleAttest,CertificateSubjectRestriction,ValidatingAdmissionPolicy,ValidatingAdmissionWebhook,ResourceQuota.
2025-01-30 18:27:56,334 INFO c.h.h.t.HelmChartContainer - [K3S] [instance.go:233] Using reconciler: lease
2025-01-30 18:27:56,395 INFO c.h.h.t.HelmChartContainer - [K3S] [apis.go:106] API group "internal.apiserver.k8s.io" is not enabled, skipping.
2025-01-30 18:27:56,436 INFO c.h.h.t.HelmChartContainer - [K3S] [apis.go:106] API group "storagemigration.k8s.io" is not enabled, skipping.
2025-01-30 18:27:56,461 INFO c.h.h.t.HelmChartContainer - [K3S] [apis.go:106] API group "resource.k8s.io" is not enabled, skipping.
2025-01-30 18:27:56,466 INFO c.h.h.t.HelmChartContainer - [K3S] [INFO] Password verified locally for node bad0b85700c6
2025-01-30 18:27:56,782 INFO c.h.h.t.HelmChartContainer - [K3S] [dynamic_cafile_content.go:161] "Starting controller" name="request-header::/var/lib/rancher/k3s/server/tls/request-header-ca.crt"
2025-01-30 18:27:56,784 INFO c.h.h.t.HelmChartContainer - [K3S] [dynamic_cafile_content.go:161] "Starting controller" name="client-ca-bundle::/var/lib/rancher/k3s/server/tls/client-ca.crt"
2025-01-30 18:27:56,784 INFO c.h.h.t.HelmChartContainer - [K3S] [secure_serving.go:213] Serving securely on 127.0.0.1:6444
2025-01-30 18:27:56,784 INFO c.h.h.t.HelmChartContainer - [K3S] [dynamic_serving_content.go:135] "Starting controller" name="serving-cert::/var/lib/rancher/k3s/server/tls/serving-kube-apiserver.crt::/var/lib/rancher/k3s/server/tls/serving-kube-apiserver.key"
2025-01-30 18:27:56,784 INFO c.h.h.t.HelmChartContainer - [K3S] [tlsconfig.go:243] "Starting DynamicServingCertificateController"
2025-01-30 18:27:56,785 INFO c.h.h.t.HelmChartContainer - [K3S] [apf_controller.go:377] Starting API Priority and Fairness config controller
2025-01-30 18:27:56,785 INFO c.h.h.t.HelmChartContainer - [K3S] [local_available_controller.go:156] Starting LocalAvailability controller
2025-01-30 18:27:56,794 INFO c.h.h.t.HelmChartContainer - [K3S] [gc_controller.go:78] Starting apiserver lease garbage collector
2025-01-30 18:27:56,794 INFO c.h.h.t.HelmChartContainer - [K3S] [dynamic_serving_content.go:135] "Starting controller" name="aggregator-proxy-cert::/var/lib/rancher/k3s/server/tls/client-auth-proxy.crt::/var/lib/rancher/k3s/server/tls/client-auth-proxy.key"
2025-01-30 18:27:56,794 INFO c.h.h.t.HelmChartContainer - [K3S] [remote_available_controller.go:411] Starting RemoteAvailability controller
2025-01-30 18:27:56,794 INFO c.h.h.t.HelmChartContainer - [K3S] [controller.go:78] Starting OpenAPI AggregationController
2025-01-30 18:27:56,794 INFO c.h.h.t.HelmChartContainer - [K3S] [apiservice_controller.go:100] Starting APIServiceRegistrationController
2025-01-30 18:27:56,795 INFO c.h.h.t.HelmChartContainer - [K3S] [customresource_discovery_controller.go:292] Starting DiscoveryController
2025-01-30 18:27:56,795 INFO c.h.h.t.HelmChartContainer - [K3S] [cluster_authentication_trust_controller.go:462] Starting cluster_authentication_trust_controller controller
2025-01-30 18:27:56,795 INFO c.h.h.t.HelmChartContainer - [K3S] [controller.go:119] Starting legacy_token_tracking_controller
2025-01-30 18:27:56,795 INFO c.h.h.t.HelmChartContainer - [K3S] [system_namespaces_controller.go:66] Starting system namespaces controller
2025-01-30 18:27:56,795 INFO c.h.h.t.HelmChartContainer - [K3S] [aggregator.go:169] waiting for initial CRD sync...
2025-01-30 18:27:56,795 INFO c.h.h.t.HelmChartContainer - [K3S] [controller.go:80] Starting OpenAPI V3 AggregationController
2025-01-30 18:27:56,795 INFO c.h.h.t.HelmChartContainer - [K3S] [crdregistration_controller.go:114] Starting crd-autoregister controller
2025-01-30 18:27:56,795 INFO c.h.h.t.HelmChartContainer - [K3S] [controller.go:142] Starting OpenAPI controller
2025-01-30 18:27:56,795 INFO c.h.h.t.HelmChartContainer - [K3S] [controller.go:90] Starting OpenAPI V3 controller
2025-01-30 18:27:56,795 INFO c.h.h.t.HelmChartContainer - [K3S] [naming_controller.go:294] Starting NamingConditionController
2025-01-30 18:27:56,795 INFO c.h.h.t.HelmChartContainer - [K3S] [establishing_controller.go:81] Starting EstablishingController
2025-01-30 18:27:56,796 INFO c.h.h.t.HelmChartContainer - [K3S] [nonstructuralschema_controller.go:195] Starting NonStructuralSchemaConditionController
2025-01-30 18:27:56,796 INFO c.h.h.t.HelmChartContainer - [K3S] [apiapproval_controller.go:189] Starting KubernetesAPIApprovalPolicyConformantConditionController
2025-01-30 18:27:56,796 INFO c.h.h.t.HelmChartContainer - [K3S] [crd_finalizer.go:269] Starting CRDFinalizer
2025-01-30 18:27:56,796 INFO c.h.h.t.HelmChartContainer - [K3S] [dynamic_cafile_content.go:161] "Starting controller" name="client-ca-bundle::/var/lib/rancher/k3s/server/tls/client-ca.crt"
2025-01-30 18:27:56,796 INFO c.h.h.t.HelmChartContainer - [K3S] [dynamic_cafile_content.go:161] "Starting controller" name="request-header::/var/lib/rancher/k3s/server/tls/request-header-ca.crt"
2025-01-30 18:27:56,883 INFO c.h.h.t.HelmChartContainer - [K3S] [apf_controller.go:382] Running API Priority and Fairness config worker
2025-01-30 18:27:56,883 INFO c.h.h.t.HelmChartContainer - [K3S] [apf_controller.go:385] Running API Priority and Fairness periodic rebalancing process
2025-01-30 18:27:56,884 INFO c.h.h.t.HelmChartContainer - [K3S] [handler_discovery.go:451] Starting ResourceDiscoveryManager
2025-01-30 18:27:56,885 INFO c.h.h.t.HelmChartContainer - [K3S] [aggregator.go:171] initial CRD sync complete...
2025-01-30 18:27:56,885 INFO c.h.h.t.HelmChartContainer - [K3S] [autoregister_controller.go:144] Starting autoregister controller
2025-01-30 18:27:56,906 INFO c.h.h.t.HelmChartContainer - [K3S] [controller.go:145] "Failed to ensure lease exists, will retry" err="namespaces \"kube-system\" not found" interval="200ms"
2025-01-30 18:27:56,928 INFO c.h.h.t.HelmChartContainer - [K3S] [policy_source.go:240] refreshing policies
2025-01-30 18:27:56,939 INFO c.h.h.t.HelmChartContainer - [K3S] [controller.go:95] Unable to perform initial Kubernetes service initialization: namespaces "default" not found
2025-01-30 18:27:56,939 INFO c.h.h.t.HelmChartContainer - [K3S] [controller.go:148] "Unhandled Error" err="while syncing ConfigMap \"kube-system/kube-apiserver-legacy-service-account-token-tracking\", err: namespaces \"kube-system\" not found" logger="UnhandledError"
2025-01-30 18:27:57,031 INFO c.h.h.t.HelmChartContainer - [K3S] [WARNING] Host resolv.conf includes loopback or multicast nameservers - kubelet will use autogenerated resolv.conf with nameserver 8.8.8.8
2025-01-30 18:27:57,039 INFO c.h.h.t.HelmChartContainer - [K3S] [INFO] Module overlay was already loaded
2025-01-30 18:27:57,039 INFO c.h.h.t.HelmChartContainer - [K3S] [INFO] Module nf_conntrack was already loaded
2025-01-30 18:27:57,040 INFO c.h.h.t.HelmChartContainer - [K3S] [INFO] Module br_netfilter was already loaded
2025-01-30 18:27:57,050 INFO c.h.h.t.HelmChartContainer - [K3S] [INFO] Set sysctl 'net/netfilter/nf_conntrack_max' to 131072
2025-01-30 18:27:57,051 INFO c.h.h.t.HelmChartContainer - [K3S] [INFO] Set sysctl 'net/netfilter/nf_conntrack_tcp_timeout_established' to 86400
2025-01-30 18:27:57,051 INFO c.h.h.t.HelmChartContainer - [K3S] [INFO] Set sysctl 'net/netfilter/nf_conntrack_tcp_timeout_close_wait' to 3600
2025-01-30 18:27:57,051 INFO c.h.h.t.HelmChartContainer - [K3S] [INFO] Logging containerd to /var/lib/rancher/k3s/agent/containerd/containerd.log
2025-01-30 18:27:57,051 INFO c.h.h.t.HelmChartContainer - [K3S] [INFO] Running containerd -c /var/lib/rancher/k3s/agent/etc/containerd/config.toml -a /run/k3s/containerd/containerd.sock --state /run/k3s/containerd --root /var/lib/rancher/k3s/agent/containerd
2025-01-30 18:27:57,787 INFO c.h.h.t.HelmChartContainer - [K3S] [storage_scheduling.go:95] created PriorityClass system-node-critical with value 2000001000
2025-01-30 18:27:57,790 INFO c.h.h.t.HelmChartContainer - [K3S] [storage_scheduling.go:95] created PriorityClass system-cluster-critical with value 2000000000
2025-01-30 18:27:57,790 INFO c.h.h.t.HelmChartContainer - [K3S] [storage_scheduling.go:111] all system priority classes are created successfully or already exist.
2025-01-30 18:27:58,055 INFO c.h.h.t.HelmChartContainer - [K3S] [INFO] containerd is now running
2025-01-30 18:27:58,062 INFO c.h.h.t.HelmChartContainer - [K3S] [INFO] Creating k3s-cert-monitor event broadcaster
2025-01-30 18:27:58,062 INFO c.h.h.t.HelmChartContainer - [K3S] [INFO] Connecting to proxy" url="wss://127.0.0.1:6443/v1-k3s/connect
2025-01-30 18:27:58,062 INFO c.h.h.t.HelmChartContainer - [K3S] [INFO] Running kubelet --cloud-provider=external --config-dir=/var/lib/rancher/k3s/agent/etc/kubelet.conf.d --containerd=/run/k3s/containerd/containerd.sock --hostname-override=bad0b85700c6 --kubeconfig=/var/lib/rancher/k3s/agent/kubelet.kubeconfig --node-ip=172.18.0.2 --node-labels=
2025-01-30 18:27:58,063 INFO c.h.h.t.HelmChartContainer - [K3S] [INFO] Handling backend connection request [bad0b85700c6]
2025-01-30 18:27:58,067 INFO c.h.h.t.HelmChartContainer - [K3S] [INFO] Remotedialer connected to proxy" url="wss://127.0.0.1:6443/v1-k3s/connect
2025-01-30 18:27:58,195 INFO c.h.h.t.HelmChartContainer - [K3S] [ERROR] Sending HTTP/1.1 503 response to 127.0.0.1:54362: runtime core not ready
2025-01-30 18:27:58,245 INFO c.h.h.t.HelmChartContainer - [K3S] [alloc.go:330] "allocated clusterIPs" service="default/kubernetes" clusterIPs={"IPv4":"10.43.0.1"}
2025-01-30 18:27:58,249 INFO c.h.h.t.HelmChartContainer - [K3S] [lease.go:265] Resetting endpoints for master service "kubernetes" to [172.18.0.2]
2025-01-30 18:27:58,292 INFO c.h.h.t.HelmChartContainer - [K3S] [INFO] Running kube-proxy --cluster-cidr=10.42.0.0/16 --conntrack-max-per-core=0 --conntrack-tcp-timeout-close-wait=0s --conntrack-tcp-timeout-established=0s --healthz-bind-address=127.0.0.1 --hostname-override=bad0b85700c6 --kubeconfig=/var/lib/rancher/k3s/agent/kubeproxy.kubeconfig --proxy-mode=iptables
2025-01-30 18:27:58,330 INFO c.h.h.t.HelmChartContainer - [K3S] [server.go:687] "Failed to retrieve node info" err="nodes \"bad0b85700c6\" not found"
2025-01-30 18:27:58,841 INFO c.h.h.t.HelmChartContainer - [K3S] [INFO] Waiting for untainted node
2025-01-30 18:27:58,842 INFO c.h.h.t.HelmChartContainer - [K3S] [INFO] Kube API server is now running
2025-01-30 18:27:58,842 INFO c.h.h.t.HelmChartContainer - [K3S] [INFO] ETCD server is now running
2025-01-30 18:27:58,842 INFO c.h.h.t.HelmChartContainer - [K3S] [INFO] k3s is up and running
2025-01-30 18:27:58,842 INFO c.h.h.t.HelmChartContainer - [K3S] [INFO] Waiting for cloud-controller-manager privileges to become available
2025-01-30 18:27:58,843 INFO c.h.h.t.HelmChartContainer - [K3S] [INFO] Creating k3s-supervisor event broadcaster
2025-01-30 18:27:58,849 INFO c.h.h.t.HelmChartContainer - [K3S] [INFO] Applying CRD addons.k3s.cattle.io
2025-01-30 18:27:58,861 INFO c.h.h.t.HelmChartContainer - [K3S] [INFO] Applying CRD etcdsnapshotfiles.k3s.cattle.io
2025-01-30 18:27:58,875 INFO c.h.h.t.HelmChartContainer - [K3S] [INFO] Applying CRD helmcharts.helm.cattle.io
2025-01-30 18:27:58,888 INFO c.h.h.t.HelmChartContainer - [K3S] [INFO] Applying CRD helmchartconfigs.helm.cattle.io
2025-01-30 18:27:58,900 INFO c.h.h.t.HelmChartContainer - [K3S] [INFO] Waiting for CRD helmcharts.helm.cattle.io to become available
2025-01-30 18:27:59,077 INFO c.h.h.t.HelmChartContainer - [K3S] Flag --containerd has been deprecated, This is a cadvisor flag that was mistakenly registered with the Kubelet. Due to legacy concerns, it will follow the standard CLI deprecation timeline before being removed.
2025-01-30 18:27:59,084 INFO c.h.h.t.HelmChartContainer - [K3S] [server.go:515] "Kubelet version" kubeletVersion="v1.32.1+k3s1"
2025-01-30 18:27:59,084 INFO c.h.h.t.HelmChartContainer - [K3S] [server.go:517] "Golang settings" GOGC="" GOMAXPROCS="" GOTRACEBACK=""
2025-01-30 18:27:59,086 INFO c.h.h.t.HelmChartContainer - [K3S] [dynamic_cafile_content.go:161] "Starting controller" name="client-ca-bundle::/var/lib/rancher/k3s/agent/client-ca.crt"
2025-01-30 18:27:59,088 INFO c.h.h.t.HelmChartContainer - [K3S] [log.go:32] "RuntimeConfig from runtime service failed" err="rpc error: code = Unimplemented desc = method RuntimeConfig not implemented"
2025-01-30 18:27:59,089 INFO c.h.h.t.HelmChartContainer - [K3S] [server.go:1416] "CRI implementation should be updated to support RuntimeConfig when KubeletCgroupDriverFromCRI feature gate has been enabled. Falling back to using cgroupDriver from kubelet config."
2025-01-30 18:27:59,098 INFO c.h.h.t.HelmChartContainer - [K3S] [info.go:53] Couldn't collect info from any of the files in "/etc/machine-id,/var/lib/dbus/machine-id"
2025-01-30 18:27:59,098 INFO c.h.h.t.HelmChartContainer - [K3S] [server.go:767] "--cgroups-per-qos enabled, but --cgroup-root was not specified.  defaulting to /"
2025-01-30 18:27:59,098 INFO c.h.h.t.HelmChartContainer - [K3S] [server.go:836] "NoSwap is set due to memorySwapBehavior not specified" memorySwapBehavior="" FailSwapOn=false
2025-01-30 18:27:59,099 INFO c.h.h.t.HelmChartContainer - [K3S] [swap_util.go:115] "Swap is on" /proc/swaps contents=<
2025-01-30 18:27:59,099 INFO c.h.h.t.HelmChartContainer - [K3S] 	Filename				Type		Size		Used		Priority
2025-01-30 18:27:59,099 INFO c.h.h.t.HelmChartContainer - [K3S] 	/mnt/swapfile                           file		4194300		0		-2
2025-01-30 18:27:59,099 INFO c.h.h.t.HelmChartContainer - [K3S]  >
2025-01-30 18:27:59,099 INFO c.h.h.t.HelmChartContainer - [K3S] [container_manager_linux.go:268] "Container manager verified user specified cgroup-root exists" cgroupRoot=[]
2025-01-30 18:27:59,099 INFO c.h.h.t.HelmChartContainer - [K3S] [container_manager_linux.go:273] "Creating Container Manager object based on Node Config" nodeConfig={"NodeName":"bad0b85700c6","RuntimeCgroupsName":"","SystemCgroupsName":"","KubeletCgroupsName":"/k3s","KubeletOOMScoreAdj":-999,"ContainerRuntime":"","CgroupsPerQOS":true,"CgroupRoot":"/","CgroupDriver":"cgroupfs","KubeletRootDir":"/var/lib/kubelet","ProtectKernelDefaults":false,"KubeReservedCgroupName":"","SystemReservedCgroupName":"","ReservedSystemCPUs":{},"EnforceNodeAllocatable":{"pods":{}},"KubeReserved":null,"SystemReserved":null,"HardEvictionThresholds":[{"Signal":"imagefs.available","Operator":"LessThan","Value":{"Quantity":null,"Percentage":0.05},"GracePeriod":0,"MinReclaim":null},{"Signal":"nodefs.available","Operator":"LessThan","Value":{"Quantity":null,"Percentage":0.05},"GracePeriod":0,"MinReclaim":null}],"QOSReserved":{},"CPUManagerPolicy":"none","CPUManagerPolicyOptions":null,"TopologyManagerScope":"container","CPUManagerReconcilePeriod":10000000000,"ExperimentalMemoryManagerPolicy":"None","ExperimentalMemoryManagerReservedMemory":null,"PodPidsLimit":-1,"EnforceCPULimits":true,"CPUCFSQuotaPeriod":100000000,"TopologyManagerPolicy":"none","TopologyManagerPolicyOptions":null,"CgroupVersion":2}
2025-01-30 18:27:59,099 INFO c.h.h.t.HelmChartContainer - [K3S] [topology_manager.go:138] "Creating topology manager with none policy"
2025-01-30 18:27:59,099 INFO c.h.h.t.HelmChartContainer - [K3S] [container_manager_linux.go:304] "Creating device plugin manager"
2025-01-30 18:27:59,100 INFO c.h.h.t.HelmChartContainer - [K3S] [state_mem.go:36] "Initialized new in-memory state store"
2025-01-30 18:27:59,100 INFO c.h.h.t.HelmChartContainer - [K3S] [kubelet.go:446] "Attempting to sync node with API server"
2025-01-30 18:27:59,100 INFO c.h.h.t.HelmChartContainer - [K3S] [kubelet.go:341] "Adding static pod path" path="/var/lib/rancher/k3s/agent/pod-manifests"
2025-01-30 18:27:59,100 INFO c.h.h.t.HelmChartContainer - [K3S] [kubelet.go:352] "Adding apiserver pod source"
2025-01-30 18:27:59,100 INFO c.h.h.t.HelmChartContainer - [K3S] [apiserver.go:42] "Waiting for node sync before watching apiserver pods"
2025-01-30 18:27:59,100 INFO c.h.h.t.HelmChartContainer - [K3S] [kuberuntime_manager.go:269] "Container runtime initialized" containerRuntime="containerd" version="v1.7.23-k3s2" apiVersion="v1"
2025-01-30 18:27:59,101 INFO c.h.h.t.HelmChartContainer - [K3S] [kubelet.go:890] "Not starting ClusterTrustBundle informer because we are in static kubelet mode"
2025-01-30 18:27:59,101 INFO c.h.h.t.HelmChartContainer - [K3S] [probe.go:272] Flexvolume plugin directory at /usr/libexec/kubernetes/kubelet-plugins/volume/exec/ does not exist. Recreating.
2025-01-30 18:27:59,103 INFO c.h.h.t.HelmChartContainer - [K3S] [watchdog_linux.go:99] "Systemd watchdog is not enabled"
2025-01-30 18:27:59,103 INFO c.h.h.t.HelmChartContainer - [K3S] [server.go:1282] "Started kubelet"
2025-01-30 18:27:59,105 INFO c.h.h.t.HelmChartContainer - [K3S] [fs_resource_analyzer.go:67] "Starting FS ResourceAnalyzer"
2025-01-30 18:27:59,114 INFO c.h.h.t.HelmChartContainer - [K3S] [volume_manager.go:297] "Starting Kubelet Volume Manager"
2025-01-30 18:27:59,114 INFO c.h.h.t.HelmChartContainer - [K3S] [kubelet_node_status.go:467] "Error getting the current node from lister" err="node \"bad0b85700c6\" not found"
2025-01-30 18:27:59,117 INFO c.h.h.t.HelmChartContainer - [K3S] [factory.go:221] Registration of the systemd container factory successfully
2025-01-30 18:27:59,118 INFO c.h.h.t.HelmChartContainer - [K3S] [factory.go:219] Registration of the crio container factory failed: Get "http://%2Fvar%2Frun%2Fcrio%2Fcrio.sock/info": dial unix /var/run/crio/crio.sock: connect: no such file or directory
2025-01-30 18:27:59,118 INFO c.h.h.t.HelmChartContainer - [K3S] [desired_state_of_world_populator.go:149] "Desired state populator starts to run"
2025-01-30 18:27:59,118 INFO c.h.h.t.HelmChartContainer - [K3S] [reconciler.go:26] "Reconciler: start to sync state"
2025-01-30 18:27:59,118 INFO c.h.h.t.HelmChartContainer - [K3S] [server.go:169] "Starting to listen" address="0.0.0.0" port=10250
2025-01-30 18:27:59,120 INFO c.h.h.t.HelmChartContainer - [K3S] [server.go:490] "Adding debug handlers to kubelet server"
2025-01-30 18:27:59,120 INFO c.h.h.t.HelmChartContainer - [K3S] [server.go:208] "Starting to listen read-only" address="0.0.0.0" port=10255
2025-01-30 18:27:59,121 INFO c.h.h.t.HelmChartContainer - [K3S] [ratelimit.go:55] "Setting rate limiting for endpoint" service="podresources" qps=100 burstTokens=10
2025-01-30 18:27:59,122 INFO c.h.h.t.HelmChartContainer - [K3S] [server.go:243] "Starting to serve the podresources API" endpoint="unix:/var/lib/kubelet/pod-resources/kubelet.sock"
2025-01-30 18:27:59,122 INFO c.h.h.t.HelmChartContainer - [K3S] [dynamic_serving_content.go:135] "Starting controller" name="kubelet-server-cert-files::/var/lib/rancher/k3s/agent/serving-kubelet.crt::/var/lib/rancher/k3s/agent/serving-kubelet.key"
2025-01-30 18:27:59,122 INFO c.h.h.t.HelmChartContainer - [K3S] [factory.go:221] Registration of the containerd container factory successfully
2025-01-30 18:27:59,126 INFO c.h.h.t.HelmChartContainer - [K3S] [nodelease.go:49] "Failed to get node when trying to set owner ref to the node lease" err="nodes \"bad0b85700c6\" not found" node="bad0b85700c6"
2025-01-30 18:27:59,133 INFO c.h.h.t.HelmChartContainer - [K3S] [kubelet_network_linux.go:50] "Initialized iptables rules." protocol="IPv4"
2025-01-30 18:27:59,134 INFO c.h.h.t.HelmChartContainer - [K3S] [kubelet_network_linux.go:50] "Initialized iptables rules." protocol="IPv6"
2025-01-30 18:27:59,135 INFO c.h.h.t.HelmChartContainer - [K3S] [status_manager.go:227] "Starting to sync pod status with apiserver"
2025-01-30 18:27:59,135 INFO c.h.h.t.HelmChartContainer - [K3S] [watchdog_linux.go:127] "Systemd watchdog is not enabled or the interval is invalid, so health checking will not be started."
2025-01-30 18:27:59,135 INFO c.h.h.t.HelmChartContainer - [K3S] [kubelet.go:2388] "Starting kubelet main sync loop"
2025-01-30 18:27:59,135 INFO c.h.h.t.HelmChartContainer - [K3S] [kubelet.go:2412] "Skipping pod synchronization" err="[container runtime status check may not have completed yet, PLEG is not healthy: pleg has yet to be successful]"
2025-01-30 18:27:59,148 INFO c.h.h.t.HelmChartContainer - [K3S] [cpu_manager.go:221] "Starting CPU manager" policy="none"
2025-01-30 18:27:59,148 INFO c.h.h.t.HelmChartContainer - [K3S] [cpu_manager.go:222] "Reconciling" reconcilePeriod="10s"
2025-01-30 18:27:59,149 INFO c.h.h.t.HelmChartContainer - [K3S] [state_mem.go:36] "Initialized new in-memory state store"
2025-01-30 18:27:59,150 INFO c.h.h.t.HelmChartContainer - [K3S] [serving.go:392] Generated self-signed cert in-memory
2025-01-30 18:27:59,150 INFO c.h.h.t.HelmChartContainer - [K3S] [policy_none.go:49] "None policy: Start"
2025-01-30 18:27:59,151 INFO c.h.h.t.HelmChartContainer - [K3S] [memory_manager.go:186] "Starting memorymanager" policy="None"
2025-01-30 18:27:59,151 INFO c.h.h.t.HelmChartContainer - [K3S] [state_mem.go:35] "Initializing new in-memory state store"
2025-01-30 18:27:59,159 INFO c.h.h.t.HelmChartContainer - [K3S] [manager.go:519] "Failed to read data from checkpoint" checkpoint="kubelet_internal_checkpoint" err="checkpoint is not found"
2025-01-30 18:27:59,159 INFO c.h.h.t.HelmChartContainer - [K3S] [eviction_manager.go:189] "Eviction manager: starting control loop"
2025-01-30 18:27:59,160 INFO c.h.h.t.HelmChartContainer - [K3S] [container_log_manager.go:189] "Initializing container log rotate workers" workers=1 monitorPeriod="10s"
2025-01-30 18:27:59,162 INFO c.h.h.t.HelmChartContainer - [K3S] [plugin_manager.go:118] "Starting Kubelet Plugin Manager"
2025-01-30 18:27:59,163 INFO c.h.h.t.HelmChartContainer - [K3S] [eviction_manager.go:267] "eviction manager: failed to check if we have separate container filesystem. Ignoring." err="no imagefs label for configured runtime"
2025-01-30 18:27:59,163 INFO c.h.h.t.HelmChartContainer - [K3S] [eviction_manager.go:292] "Eviction manager: failed to get summary stats" err="failed to get node info: node \"bad0b85700c6\" not found"
2025-01-30 18:27:59,260 INFO c.h.h.t.HelmChartContainer - [K3S] [kubelet_node_status.go:76] "Attempting to register node" node="bad0b85700c6"
2025-01-30 18:27:59,266 INFO c.h.h.t.HelmChartContainer - [K3S] [kubelet_node_status.go:79] "Successfully registered node" node="bad0b85700c6"
2025-01-30 18:27:59,267 INFO c.h.h.t.HelmChartContainer - [K3S] [kubelet_node_status.go:549] "Error updating node status, will retry" err="error getting node \"bad0b85700c6\": node \"bad0b85700c6\" not found"
2025-01-30 18:27:59,272 INFO c.h.h.t.HelmChartContainer - [K3S] [INFO] Annotations and labels have been set successfully on node: bad0b85700c6
2025-01-30 18:27:59,275 INFO c.h.h.t.HelmChartContainer - [K3S] [INFO] Starting flannel with backend vxlan
2025-01-30 18:27:59,400 INFO c.h.h.t.HelmChartContainer - [K3S] [server.go:698] "Successfully retrieved node IP(s)" IPs=["172.18.0.2"]
2025-01-30 18:27:59,401 INFO c.h.h.t.HelmChartContainer - [K3S] [server.go:234] "Kube-proxy configuration may be incomplete or incorrect" err="nodePortAddresses is unset; NodePort connections will be accepted on all local IPs. Consider using `--nodeport-addresses primary`"
2025-01-30 18:27:59,404 INFO c.h.h.t.HelmChartContainer - [K3S] [INFO] Done waiting for CRD helmcharts.helm.cattle.io to become available
2025-01-30 18:27:59,404 INFO c.h.h.t.HelmChartContainer - [K3S] [INFO] Waiting for CRD helmchartconfigs.helm.cattle.io to become available
2025-01-30 18:27:59,406 INFO c.h.h.t.HelmChartContainer - [K3S] [server.go:243] "kube-proxy running in dual-stack mode" primary ipFamily="IPv4"
2025-01-30 18:27:59,406 INFO c.h.h.t.HelmChartContainer - [K3S] [server_linux.go:170] "Using iptables Proxier"
2025-01-30 18:27:59,408 INFO c.h.h.t.HelmChartContainer - [K3S] [proxier.go:255] "Setting route_localnet=1 to allow node-ports on localhost; to change this either disable iptables.localhostNodePorts (--iptables-localhost-nodeports) or set nodePortAddresses (--nodeport-addresses) to filter loopback addresses"
2025-01-30 18:27:59,413 INFO c.h.h.t.HelmChartContainer - [K3S] [server.go:497] "Version info" version="v1.32.1+k3s1"
2025-01-30 18:27:59,413 INFO c.h.h.t.HelmChartContainer - [K3S] [server.go:499] "Golang settings" GOGC="" GOMAXPROCS="" GOTRACEBACK=""
2025-01-30 18:27:59,414 INFO c.h.h.t.HelmChartContainer - [K3S] [config.go:199] "Starting service config controller"
2025-01-30 18:27:59,414 INFO c.h.h.t.HelmChartContainer - [K3S] [config.go:105] "Starting endpoint slice config controller"
2025-01-30 18:27:59,414 INFO c.h.h.t.HelmChartContainer - [K3S] [config.go:329] "Starting node config controller"
2025-01-30 18:27:59,474 INFO c.h.h.t.HelmChartContainer - [K3S] [kubelet_node_status.go:502] "Fast updating node status as it just became ready"
2025-01-30 18:27:59,676 INFO c.h.h.t.HelmChartContainer - [K3S] [controllermanager.go:185] "Starting" version="v1.32.1+k3s1"
2025-01-30 18:27:59,676 INFO c.h.h.t.HelmChartContainer - [K3S] [controllermanager.go:187] "Golang settings" GOGC="" GOMAXPROCS="" GOTRACEBACK=""
2025-01-30 18:27:59,678 INFO c.h.h.t.HelmChartContainer - [K3S] [secure_serving.go:213] Serving securely on 127.0.0.1:10257
2025-01-30 18:27:59,679 INFO c.h.h.t.HelmChartContainer - [K3S] [tlsconfig.go:243] "Starting DynamicServingCertificateController"
2025-01-30 18:27:59,680 INFO c.h.h.t.HelmChartContainer - [K3S] [requestheader_controller.go:180] Starting RequestHeaderAuthRequestController
2025-01-30 18:27:59,680 INFO c.h.h.t.HelmChartContainer - [K3S] [configmap_cafile_content.go:205] "Starting controller" name="client-ca::kube-system::extension-apiserver-authentication::client-ca-file"
2025-01-30 18:27:59,680 INFO c.h.h.t.HelmChartContainer - [K3S] [configmap_cafile_content.go:205] "Starting controller" name="client-ca::kube-system::extension-apiserver-authentication::requestheader-client-ca-file"
2025-01-30 18:27:59,684 INFO c.h.h.t.HelmChartContainer - [K3S] [controllermanager.go:765] "Started controller" controller="serviceaccount-token-controller"
2025-01-30 18:27:59,684 INFO c.h.h.t.HelmChartContainer - [K3S] [controllermanager.go:717] "Controller is disabled by a feature gate" controller="resourceclaim-controller" requiredFeatureGates=["DynamicResourceAllocation"]
2025-01-30 18:27:59,690 INFO c.h.h.t.HelmChartContainer - [K3S] [controllermanager.go:765] "Started controller" controller="endpoints-controller"
2025-01-30 18:27:59,691 INFO c.h.h.t.HelmChartContainer - [K3S] [endpoints_controller.go:182] "Starting endpoint controller"
2025-01-30 18:27:59,699 INFO c.h.h.t.HelmChartContainer - [K3S] [controllermanager.go:765] "Started controller" controller="garbage-collector-controller"
2025-01-30 18:27:59,700 INFO c.h.h.t.HelmChartContainer - [K3S] [graph_builder.go:351] "Running" component="GraphBuilder"
2025-01-30 18:27:59,706 INFO c.h.h.t.HelmChartContainer - [K3S] [controllermanager.go:765] "Started controller" controller="job-controller"
2025-01-30 18:27:59,706 INFO c.h.h.t.HelmChartContainer - [K3S] [job_controller.go:243] "Starting job controller"
2025-01-30 18:27:59,713 INFO c.h.h.t.HelmChartContainer - [K3S] [controllermanager.go:765] "Started controller" controller="disruption-controller"
2025-01-30 18:27:59,713 INFO c.h.h.t.HelmChartContainer - [K3S] [controllermanager.go:723] "Skipping a cloud provider controller" controller="node-route-controller"
2025-01-30 18:27:59,713 INFO c.h.h.t.HelmChartContainer - [K3S] [disruption.go:452] "Sending events to api server."
2025-01-30 18:27:59,713 INFO c.h.h.t.HelmChartContainer - [K3S] [disruption.go:463] "Starting disruption controller"
2025-01-30 18:27:59,720 INFO c.h.h.t.HelmChartContainer - [K3S] [controllermanager.go:765] "Started controller" controller="persistentvolume-attach-detach-controller"
2025-01-30 18:27:59,720 INFO c.h.h.t.HelmChartContainer - [K3S] [attach_detach_controller.go:338] "Starting attach detach controller"
2025-01-30 18:27:59,725 INFO c.h.h.t.HelmChartContainer - [K3S] [controllermanager.go:765] "Started controller" controller="ephemeral-volume-controller"
2025-01-30 18:27:59,726 INFO c.h.h.t.HelmChartContainer - [K3S] [controller.go:173] "Starting ephemeral volume controller"
2025-01-30 18:27:59,731 INFO c.h.h.t.HelmChartContainer - [K3S] [controllermanager.go:765] "Started controller" controller="taint-eviction-controller"
2025-01-30 18:27:59,731 INFO c.h.h.t.HelmChartContainer - [K3S] [taint_eviction.go:281] "Starting" controller="taint-eviction-controller"
2025-01-30 18:27:59,731 INFO c.h.h.t.HelmChartContainer - [K3S] [taint_eviction.go:287] "Sending events to api server"
2025-01-30 18:27:59,736 INFO c.h.h.t.HelmChartContainer - [K3S] [controllermanager.go:765] "Started controller" controller="deployment-controller"
2025-01-30 18:27:59,736 INFO c.h.h.t.HelmChartContainer - [K3S] [controllermanager.go:723] "Skipping a cloud provider controller" controller="cloud-node-lifecycle-controller"
2025-01-30 18:27:59,736 INFO c.h.h.t.HelmChartContainer - [K3S] [controllermanager.go:717] "Controller is disabled by a feature gate" controller="selinux-warning-controller" requiredFeatureGates=["SELinuxChangePolicy"]
2025-01-30 18:27:59,736 INFO c.h.h.t.HelmChartContainer - [K3S] [deployment_controller.go:173] "Starting controller" controller="deployment"
2025-01-30 18:27:59,793 INFO c.h.h.t.HelmChartContainer - [K3S] [controllermanager.go:765] "Started controller" controller="persistentvolume-protection-controller"
2025-01-30 18:27:59,794 INFO c.h.h.t.HelmChartContainer - [K3S] [pv_protection_controller.go:81] "Starting PV protection controller"
2025-01-30 18:27:59,907 INFO c.h.h.t.HelmChartContainer - [K3S] [INFO] Done waiting for CRD helmchartconfigs.helm.cattle.io to become available
2025-01-30 18:27:59,908 INFO c.h.h.t.HelmChartContainer - [K3S] [INFO] Writing static file: /var/lib/rancher/k3s/server/static/charts/traefik-27.0.201+up27.0.2.tgz
2025-01-30 18:27:59,908 INFO c.h.h.t.HelmChartContainer - [K3S] [INFO] Writing static file: /var/lib/rancher/k3s/server/static/charts/traefik-crd-27.0.201+up27.0.2.tgz
2025-01-30 18:27:59,908 INFO c.h.h.t.HelmChartContainer - [K3S] [INFO] Writing manifest: /var/lib/rancher/k3s/server/manifests/local-storage.yaml
2025-01-30 18:27:59,909 INFO c.h.h.t.HelmChartContainer - [K3S] [INFO] Writing manifest: /var/lib/rancher/k3s/server/manifests/metrics-server/auth-delegator.yaml
2025-01-30 18:27:59,910 INFO c.h.h.t.HelmChartContainer - [K3S] [INFO] Writing manifest: /var/lib/rancher/k3s/server/manifests/metrics-server/auth-reader.yaml
2025-01-30 18:27:59,910 INFO c.h.h.t.HelmChartContainer - [K3S] [INFO] Writing manifest: /var/lib/rancher/k3s/server/manifests/metrics-server/metrics-apiservice.yaml
2025-01-30 18:27:59,910 INFO c.h.h.t.HelmChartContainer - [K3S] [INFO] Writing manifest: /var/lib/rancher/k3s/server/manifests/ccm.yaml
2025-01-30 18:27:59,910 INFO c.h.h.t.HelmChartContainer - [K3S] [INFO] Writing manifest: /var/lib/rancher/k3s/server/manifests/coredns.yaml
2025-01-30 18:27:59,910 INFO c.h.h.t.HelmChartContainer - [K3S] [INFO] Writing manifest: /var/lib/rancher/k3s/server/manifests/metrics-server/metrics-server-service.yaml
2025-01-30 18:27:59,910 INFO c.h.h.t.HelmChartContainer - [K3S] [INFO] Writing manifest: /var/lib/rancher/k3s/server/manifests/metrics-server/resource-reader.yaml
2025-01-30 18:27:59,910 INFO c.h.h.t.HelmChartContainer - [K3S] [INFO] Writing manifest: /var/lib/rancher/k3s/server/manifests/rolebindings.yaml
2025-01-30 18:27:59,910 INFO c.h.h.t.HelmChartContainer - [K3S] [INFO] Writing manifest: /var/lib/rancher/k3s/server/manifests/runtimes.yaml
2025-01-30 18:27:59,910 INFO c.h.h.t.HelmChartContainer - [K3S] [INFO] Writing manifest: /var/lib/rancher/k3s/server/manifests/metrics-server/aggregated-metrics-reader.yaml
2025-01-30 18:27:59,910 INFO c.h.h.t.HelmChartContainer - [K3S] [INFO] Writing manifest: /var/lib/rancher/k3s/server/manifests/metrics-server/metrics-server-deployment.yaml
2025-01-30 18:27:59,912 INFO c.h.h.t.HelmChartContainer - [K3S] [INFO] Tunnel server egress proxy mode: agent
2025-01-30 18:27:59,912 INFO c.h.h.t.HelmChartContainer - [K3S] [INFO] Starting dynamiclistener CN filter node controller with SANs: [localhost 127.0.0.1 ::1 localhost bad0b85700c6 172.18.0.2 10.43.0.1 kubernetes kubernetes.default kubernetes.default.svc kubernetes.default.svc.cluster.local]
2025-01-30 18:27:59,936 INFO c.h.h.t.HelmChartContainer - [K3S] [controllermanager.go:765] "Started controller" controller="replicationcontroller-controller"
2025-01-30 18:27:59,937 INFO c.h.h.t.HelmChartContainer - [K3S] [replica_set.go:217] "Starting controller" name="replicationcontroller"
2025-01-30 18:28:00,015 INFO c.h.h.t.HelmChartContainer - [K3S] [INFO] Starting k3s.cattle.io/v1, Kind=Addon controller
2025-01-30 18:28:00,015 INFO c.h.h.t.HelmChartContainer - [K3S] [INFO] Creating deploy event broadcaster
2025-01-30 18:28:00,020 INFO c.h.h.t.HelmChartContainer - [K3S] [event.go:389] "Event occurred" object="kube-system/ccm" fieldPath="" kind="Addon" apiVersion="k3s.cattle.io/v1" type="Normal" reason="ApplyingManifest" message="Applying manifest at \"/var/lib/rancher/k3s/server/manifests/ccm.yaml\""
2025-01-30 18:28:00,039 INFO c.h.h.t.HelmChartContainer - [K3S] [event.go:389] "Event occurred" object="kube-system/ccm" fieldPath="" kind="Addon" apiVersion="k3s.cattle.io/v1" type="Normal" reason="AppliedManifest" message="Applied manifest at \"/var/lib/rancher/k3s/server/manifests/ccm.yaml\""
2025-01-30 18:28:00,048 INFO c.h.h.t.HelmChartContainer - [K3S] [event.go:389] "Event occurred" object="kube-system/coredns" fieldPath="" kind="Addon" apiVersion="k3s.cattle.io/v1" type="Normal" reason="ApplyingManifest" message="Applying manifest at \"/var/lib/rancher/k3s/server/manifests/coredns.yaml\""
2025-01-30 18:28:00,097 INFO c.h.h.t.HelmChartContainer - [K3S] [apiserver.go:52] "Watching apiserver"
2025-01-30 18:28:00,117 INFO c.h.h.t.HelmChartContainer - [K3S] [desired_state_of_world_populator.go:157] "Finished populating initial desired state of world"
2025-01-30 18:28:00,119 INFO c.h.h.t.HelmChartContainer - [K3S] [INFO] Starting /v1, Kind=Node controller
2025-01-30 18:28:00,121 INFO c.h.h.t.HelmChartContainer - [K3S] [INFO] Creating helm-controller event broadcaster
2025-01-30 18:28:00,130 INFO c.h.h.t.HelmChartContainer - [K3S] [INFO] Cluster dns configmap has been set successfully
2025-01-30 18:28:00,148 INFO c.h.h.t.HelmChartContainer - [K3S] [INFO] Labels and annotations have been set successfully on node: bad0b85700c6
2025-01-30 18:28:00,191 INFO c.h.h.t.HelmChartContainer - [K3S] [controllermanager.go:765] "Started controller" controller="namespace-controller"
2025-01-30 18:28:00,191 INFO c.h.h.t.HelmChartContainer - [K3S] [namespace_controller.go:202] "Starting namespace controller"
2025-01-30 18:28:00,233 INFO c.h.h.t.HelmChartContainer - [K3S] [INFO] Starting helm.cattle.io/v1, Kind=HelmChartConfig controller
2025-01-30 18:28:00,233 INFO c.h.h.t.HelmChartContainer - [K3S] [INFO] Starting helm.cattle.io/v1, Kind=HelmChart controller
2025-01-30 18:28:00,237 INFO c.h.h.t.HelmChartContainer - [K3S] [INFO] Starting rbac.authorization.k8s.io/v1, Kind=ClusterRoleBinding controller
2025-01-30 18:28:00,240 INFO c.h.h.t.HelmChartContainer - [K3S] [INFO] Starting batch/v1, Kind=Job controller
2025-01-30 18:28:00,240 INFO c.h.h.t.HelmChartContainer - [K3S] [INFO] Starting /v1, Kind=ServiceAccount controller
2025-01-30 18:28:00,241 INFO c.h.h.t.HelmChartContainer - [K3S] [INFO] Starting /v1, Kind=Secret controller
2025-01-30 18:28:00,241 INFO c.h.h.t.HelmChartContainer - [K3S] [INFO] Starting /v1, Kind=ConfigMap controller
2025-01-30 18:28:00,255 INFO c.h.h.t.HelmChartContainer - [K3S] [alloc.go:330] "allocated clusterIPs" service="kube-system/kube-dns" clusterIPs={"IPv4":"10.43.0.10"}
2025-01-30 18:28:00,257 INFO c.h.h.t.HelmChartContainer - [K3S] [event.go:389] "Event occurred" object="kube-system/coredns" fieldPath="" kind="Addon" apiVersion="k3s.cattle.io/v1" type="Normal" reason="AppliedManifest" message="Applied manifest at \"/var/lib/rancher/k3s/server/manifests/coredns.yaml\""
2025-01-30 18:28:00,263 INFO c.h.h.t.HelmChartContainer - [K3S] [event.go:389] "Event occurred" object="kube-system/local-storage" fieldPath="" kind="Addon" apiVersion="k3s.cattle.io/v1" type="Normal" reason="ApplyingManifest" message="Applying manifest at \"/var/lib/rancher/k3s/server/manifests/local-storage.yaml\""
2025-01-30 18:28:00,337 INFO c.h.h.t.HelmChartContainer - [K3S] [controllermanager.go:765] "Started controller" controller="daemonset-controller"
2025-01-30 18:28:00,337 INFO c.h.h.t.HelmChartContainer - [K3S] [daemon_controller.go:294] "Starting daemon sets controller"
2025-01-30 18:28:00,357 INFO c.h.h.t.HelmChartContainer - [K3S] [event.go:389] "Event occurred" object="kube-system/local-storage" fieldPath="" kind="Addon" apiVersion="k3s.cattle.io/v1" type="Normal" reason="AppliedManifest" message="Applied manifest at \"/var/lib/rancher/k3s/server/manifests/local-storage.yaml\""
2025-01-30 18:28:00,363 INFO c.h.h.t.HelmChartContainer - [K3S] [event.go:389] "Event occurred" object="kube-system/aggregated-metrics-reader" fieldPath="" kind="Addon" apiVersion="k3s.cattle.io/v1" type="Normal" reason="ApplyingManifest" message="Applying manifest at \"/var/lib/rancher/k3s/server/manifests/metrics-server/aggregated-metrics-reader.yaml\""
2025-01-30 18:28:00,372 INFO c.h.h.t.HelmChartContainer - [K3S] [event.go:389] "Event occurred" object="kube-system/aggregated-metrics-reader" fieldPath="" kind="Addon" apiVersion="k3s.cattle.io/v1" type="Normal" reason="AppliedManifest" message="Applied manifest at \"/var/lib/rancher/k3s/server/manifests/metrics-server/aggregated-metrics-reader.yaml\""
2025-01-30 18:28:00,379 INFO c.h.h.t.HelmChartContainer - [K3S] [event.go:389] "Event occurred" object="kube-system/auth-delegator" fieldPath="" kind="Addon" apiVersion="k3s.cattle.io/v1" type="Normal" reason="ApplyingManifest" message="Applying manifest at \"/var/lib/rancher/k3s/server/manifests/metrics-server/auth-delegator.yaml\""
2025-01-30 18:28:00,435 INFO c.h.h.t.HelmChartContainer - [K3S] [event.go:389] "Event occurred" object="kube-system/auth-delegator" fieldPath="" kind="Addon" apiVersion="k3s.cattle.io/v1" type="Normal" reason="AppliedManifest" message="Applied manifest at \"/var/lib/rancher/k3s/server/manifests/metrics-server/auth-delegator.yaml\""
2025-01-30 18:28:00,441 INFO c.h.h.t.HelmChartContainer - [K3S] [event.go:389] "Event occurred" object="kube-system/auth-reader" fieldPath="" kind="Addon" apiVersion="k3s.cattle.io/v1" type="Normal" reason="ApplyingManifest" message="Applying manifest at \"/var/lib/rancher/k3s/server/manifests/metrics-server/auth-reader.yaml\""
2025-01-30 18:28:00,445 INFO c.h.h.t.HelmChartContainer - [K3S] [event.go:389] "Event occurred" object="kube-system/auth-reader" fieldPath="" kind="Addon" apiVersion="k3s.cattle.io/v1" type="Normal" reason="AppliedManifest" message="Applied manifest at \"/var/lib/rancher/k3s/server/manifests/metrics-server/auth-reader.yaml\""
2025-01-30 18:28:00,451 INFO c.h.h.t.HelmChartContainer - [K3S] [event.go:389] "Event occurred" object="kube-system/metrics-apiservice" fieldPath="" kind="Addon" apiVersion="k3s.cattle.io/v1" type="Normal" reason="ApplyingManifest" message="Applying manifest at \"/var/lib/rancher/k3s/server/manifests/metrics-server/metrics-apiservice.yaml\""
2025-01-30 18:28:00,460 INFO c.h.h.t.HelmChartContainer - [K3S] [event.go:389] "Event occurred" object="kube-system/metrics-apiservice" fieldPath="" kind="Addon" apiVersion="k3s.cattle.io/v1" type="Normal" reason="AppliedManifest" message="Applied manifest at \"/var/lib/rancher/k3s/server/manifests/metrics-server/metrics-apiservice.yaml\""
2025-01-30 18:28:00,464 INFO c.h.h.t.HelmChartContainer - [K3S] [handler_proxy.go:99] no RequestInfo found in the context
2025-01-30 18:28:00,464 INFO c.h.h.t.HelmChartContainer - [K3S] [controller.go:146] "Unhandled Error" err=<
2025-01-30 18:28:00,465 INFO c.h.h.t.HelmChartContainer - [K3S] 	, Header: map[Content-Type:[text/plain; charset=utf-8] X-Content-Type-Options:[nosniff]]
2025-01-30 18:28:00,465 INFO c.h.h.t.HelmChartContainer - [K3S]  >
2025-01-30 18:28:00,465 INFO c.h.h.t.HelmChartContainer - [K3S] [handler_proxy.go:143] error resolving kube-system/metrics-server: service "metrics-server" not found
2025-01-30 18:28:00,467 INFO c.h.h.t.HelmChartContainer - [K3S] [event.go:389] "Event occurred" object="kube-system/metrics-server-deployment" fieldPath="" kind="Addon" apiVersion="k3s.cattle.io/v1" type="Normal" reason="ApplyingManifest" message="Applying manifest at \"/var/lib/rancher/k3s/server/manifests/metrics-server/metrics-server-deployment.yaml\""
2025-01-30 18:28:00,476 INFO c.h.h.t.HelmChartContainer - [K3S] [event.go:389] "Event occurred" object="kube-system/metrics-server-deployment" fieldPath="" kind="Addon" apiVersion="k3s.cattle.io/v1" type="Normal" reason="AppliedManifest" message="Applied manifest at \"/var/lib/rancher/k3s/server/manifests/metrics-server/metrics-server-deployment.yaml\""
2025-01-30 18:28:00,482 INFO c.h.h.t.HelmChartContainer - [K3S] [event.go:389] "Event occurred" object="kube-system/metrics-server-service" fieldPath="" kind="Addon" apiVersion="k3s.cattle.io/v1" type="Normal" reason="ApplyingManifest" message="Applying manifest at \"/var/lib/rancher/k3s/server/manifests/metrics-server/metrics-server-service.yaml\""
2025-01-30 18:28:00,489 INFO c.h.h.t.HelmChartContainer - [K3S] [alloc.go:330] "allocated clusterIPs" service="kube-system/metrics-server" clusterIPs={"IPv4":"10.43.147.47"}
2025-01-30 18:28:00,491 INFO c.h.h.t.HelmChartContainer - [K3S] [event.go:389] "Event occurred" object="kube-system/metrics-server-service" fieldPath="" kind="Addon" apiVersion="k3s.cattle.io/v1" type="Normal" reason="AppliedManifest" message="Applied manifest at \"/var/lib/rancher/k3s/server/manifests/metrics-server/metrics-server-service.yaml\""
2025-01-30 18:28:00,493 INFO c.h.h.t.HelmChartContainer - [K3S] [handler_proxy.go:99] no RequestInfo found in the context
2025-01-30 18:28:00,493 INFO c.h.h.t.HelmChartContainer - [K3S] [controller.go:146] "Unhandled Error" err=<
2025-01-30 18:28:00,493 INFO c.h.h.t.HelmChartContainer - [K3S] 	, Header: map[Content-Type:[text/plain; charset=utf-8] X-Content-Type-Options:[nosniff]]
2025-01-30 18:28:00,493 INFO c.h.h.t.HelmChartContainer - [K3S]  >
2025-01-30 18:28:00,496 INFO c.h.h.t.HelmChartContainer - [K3S] [handler_proxy.go:143] error resolving kube-system/metrics-server: endpoints "metrics-server" not found
2025-01-30 18:28:00,500 INFO c.h.h.t.HelmChartContainer - [K3S] [event.go:389] "Event occurred" object="kube-system/resource-reader" fieldPath="" kind="Addon" apiVersion="k3s.cattle.io/v1" type="Normal" reason="ApplyingManifest" message="Applying manifest at \"/var/lib/rancher/k3s/server/manifests/metrics-server/resource-reader.yaml\""
2025-01-30 18:28:00,536 INFO c.h.h.t.HelmChartContainer - [K3S] [event.go:389] "Event occurred" object="kube-system/resource-reader" fieldPath="" kind="Addon" apiVersion="k3s.cattle.io/v1" type="Normal" reason="AppliedManifest" message="Applied manifest at \"/var/lib/rancher/k3s/server/manifests/metrics-server/resource-reader.yaml\""
2025-01-30 18:28:00,540 INFO c.h.h.t.HelmChartContainer - [K3S] [event.go:389] "Event occurred" object="kube-system/rolebindings" fieldPath="" kind="Addon" apiVersion="k3s.cattle.io/v1" type="Normal" reason="ApplyingManifest" message="Applying manifest at \"/var/lib/rancher/k3s/server/manifests/rolebindings.yaml\""
2025-01-30 18:28:00,636 INFO c.h.h.t.HelmChartContainer - [K3S] [controllermanager.go:765] "Started controller" controller="horizontal-pod-autoscaler-controller"
2025-01-30 18:28:00,636 INFO c.h.h.t.HelmChartContainer - [K3S] [horizontal.go:201] "Starting HPA controller"
2025-01-30 18:28:00,647 INFO c.h.h.t.HelmChartContainer - [K3S] [event.go:389] "Event occurred" object="kube-system/rolebindings" fieldPath="" kind="Addon" apiVersion="k3s.cattle.io/v1" type="Normal" reason="AppliedManifest" message="Applied manifest at \"/var/lib/rancher/k3s/server/manifests/rolebindings.yaml\""
2025-01-30 18:28:00,653 INFO c.h.h.t.HelmChartContainer - [K3S] [event.go:389] "Event occurred" object="kube-system/runtimes" fieldPath="" kind="Addon" apiVersion="k3s.cattle.io/v1" type="Normal" reason="ApplyingManifest" message="Applying manifest at \"/var/lib/rancher/k3s/server/manifests/runtimes.yaml\""
2025-01-30 18:28:00,680 INFO c.h.h.t.HelmChartContainer - [K3S] [event.go:389] "Event occurred" object="kube-system/runtimes" fieldPath="" kind="Addon" apiVersion="k3s.cattle.io/v1" type="Normal" reason="AppliedManifest" message="Applied manifest at \"/var/lib/rancher/k3s/server/manifests/runtimes.yaml\""
2025-01-30 18:28:00,680 INFO c.h.h.t.HelmChartContainer - [K3S] [INFO] Updating TLS secret for kube-system/k3s-serving (count: 10): map[listener.cattle.io/cn-10.43.0.1:10.43.0.1 listener.cattle.io/cn-127.0.0.1:127.0.0.1 listener.cattle.io/cn-172.18.0.2:172.18.0.2 listener.cattle.io/cn-__1-f16284:::1 listener.cattle.io/cn-bad0b85700c6:bad0b85700c6 listener.cattle.io/cn-kubernetes:kubernetes listener.cattle.io/cn-kubernetes.default:kubernetes.default listener.cattle.io/cn-kubernetes.default.svc:kubernetes.default.svc listener.cattle.io/cn-kubernetes.default.svc.cluster.local:kubernetes.default.svc.cluster.local listener.cattle.io/cn-localhost:localhost listener.cattle.io/fingerprint:SHA1=136A1702AA0655D0FBE21A2AA0A153045723F4D9]
2025-01-30 18:28:00,686 INFO c.h.h.t.HelmChartContainer - [K3S] [INFO] Active TLS secret kube-system/k3s-serving (ver=330) (count 10): map[listener.cattle.io/cn-10.43.0.1:10.43.0.1 listener.cattle.io/cn-127.0.0.1:127.0.0.1 listener.cattle.io/cn-172.18.0.2:172.18.0.2 listener.cattle.io/cn-__1-f16284:::1 listener.cattle.io/cn-bad0b85700c6:bad0b85700c6 listener.cattle.io/cn-kubernetes:kubernetes listener.cattle.io/cn-kubernetes.default:kubernetes.default listener.cattle.io/cn-kubernetes.default.svc:kubernetes.default.svc listener.cattle.io/cn-kubernetes.default.svc.cluster.local:kubernetes.default.svc.cluster.local listener.cattle.io/cn-localhost:localhost listener.cattle.io/fingerprint:SHA1=136A1702AA0655D0FBE21A2AA0A153045723F4D9]
2025-01-30 18:28:00,778 INFO c.h.h.t.HelmChartContainer - [K3S] [INFO] Updating TLS secret for kube-system/k3s-serving (count: 10): map[listener.cattle.io/cn-10.43.0.1:10.43.0.1 listener.cattle.io/cn-127.0.0.1:127.0.0.1 listener.cattle.io/cn-172.18.0.2:172.18.0.2 listener.cattle.io/cn-__1-f16284:::1 listener.cattle.io/cn-bad0b85700c6:bad0b85700c6 listener.cattle.io/cn-kubernetes:kubernetes listener.cattle.io/cn-kubernetes.default:kubernetes.default listener.cattle.io/cn-kubernetes.default.svc:kubernetes.default.svc listener.cattle.io/cn-kubernetes.default.svc.cluster.local:kubernetes.default.svc.cluster.local listener.cattle.io/cn-localhost:localhost listener.cattle.io/fingerprint:SHA1=136A1702AA0655D0FBE21A2AA0A153045723F4D9]
2025-01-30 18:28:00,787 INFO c.h.h.t.HelmChartContainer - [K3S] [controllermanager.go:765] "Started controller" controller="ttl-controller"
2025-01-30 18:28:00,787 INFO c.h.h.t.HelmChartContainer - [K3S] [ttl_controller.go:127] "Starting TTL controller"
2025-01-30 18:28:00,941 INFO c.h.h.t.HelmChartContainer - [K3S] [range_allocator.go:112] "No Secondary Service CIDR provided. Skipping filtering out secondary service addresses"
2025-01-30 18:28:00,941 INFO c.h.h.t.HelmChartContainer - [K3S] [controllermanager.go:765] "Started controller" controller="node-ipam-controller"
2025-01-30 18:28:00,941 INFO c.h.h.t.HelmChartContainer - [K3S] [node_ipam_controller.go:141] "Starting ipam controller"
2025-01-30 18:28:00,986 INFO c.h.h.t.HelmChartContainer - [K3S] [node_lifecycle_controller.go:432] "Controller will reconcile labels"
2025-01-30 18:28:00,986 INFO c.h.h.t.HelmChartContainer - [K3S] [controllermanager.go:765] "Started controller" controller="node-lifecycle-controller"
2025-01-30 18:28:00,987 INFO c.h.h.t.HelmChartContainer - [K3S] [node_lifecycle_controller.go:466] "Sending events to api server"
2025-01-30 18:28:00,987 INFO c.h.h.t.HelmChartContainer - [K3S] [node_lifecycle_controller.go:477] "Starting node controller"
2025-01-30 18:28:01,032 INFO c.h.h.t.HelmChartContainer - [K3S] [serving.go:392] Generated self-signed cert in-memory
2025-01-30 18:28:01,071 INFO c.h.h.t.HelmChartContainer - [K3S] [INFO] Tunnel authorizer set Kubelet Port 0.0.0.0:10250
2025-01-30 18:28:01,142 INFO c.h.h.t.HelmChartContainer - [K3S] [controllermanager.go:765] "Started controller" controller="pod-garbage-collector-controller"
2025-01-30 18:28:01,142 INFO c.h.h.t.HelmChartContainer - [K3S] [controllermanager.go:723] "Skipping a cloud provider controller" controller="service-lb-controller"
2025-01-30 18:28:01,142 INFO c.h.h.t.HelmChartContainer - [K3S] [gc_controller.go:99] "Starting GC controller"
2025-01-30 18:28:01,291 INFO c.h.h.t.HelmChartContainer - [K3S] [controllermanager.go:765] "Started controller" controller="clusterrole-aggregation-controller"
2025-01-30 18:28:01,291 INFO c.h.h.t.HelmChartContainer - [K3S] [clusterroleaggregation_controller.go:194] "Starting ClusterRoleAggregator controller"
2025-01-30 18:28:01,349 INFO c.h.h.t.HelmChartContainer - [K3S] [serving.go:392] Generated self-signed cert in-memory
2025-01-30 18:28:01,439 INFO c.h.h.t.HelmChartContainer - [K3S] [controllermanager.go:765] "Started controller" controller="persistentvolumeclaim-protection-controller"
2025-01-30 18:28:01,440 INFO c.h.h.t.HelmChartContainer - [K3S] [controllermanager.go:717] "Controller is disabled by a feature gate" controller="storageversion-garbage-collector-controller" requiredFeatureGates=["APIServerIdentity","StorageVersionAPI"]
2025-01-30 18:28:01,440 INFO c.h.h.t.HelmChartContainer - [K3S] [pvc_protection_controller.go:168] "Starting PVC protection controller"
2025-01-30 18:28:01,458 INFO c.h.h.t.HelmChartContainer - [K3S] [handler_proxy.go:99] no RequestInfo found in the context
2025-01-30 18:28:01,459 INFO c.h.h.t.HelmChartContainer - [K3S] [handler_proxy.go:99] no RequestInfo found in the context
2025-01-30 18:28:01,459 INFO c.h.h.t.HelmChartContainer - [K3S] [controller.go:102] "Unhandled Error" err=<
2025-01-30 18:28:01,459 INFO c.h.h.t.HelmChartContainer - [K3S] 	, Header: map[Content-Type:[text/plain; charset=utf-8] X-Content-Type-Options:[nosniff]]
2025-01-30 18:28:01,459 INFO c.h.h.t.HelmChartContainer - [K3S]  >
2025-01-30 18:28:01,574 INFO c.h.h.t.HelmChartContainer - [K3S] [controllermanager.go:160] Version: v1.32.1+k3s1
2025-01-30 18:28:01,579 INFO c.h.h.t.HelmChartContainer - [K3S] [requestheader_controller.go:180] Starting RequestHeaderAuthRequestController
2025-01-30 18:28:01,579 INFO c.h.h.t.HelmChartContainer - [K3S] [configmap_cafile_content.go:205] "Starting controller" name="client-ca::kube-system::extension-apiserver-authentication::client-ca-file"
2025-01-30 18:28:01,579 INFO c.h.h.t.HelmChartContainer - [K3S] [configmap_cafile_content.go:205] "Starting controller" name="client-ca::kube-system::extension-apiserver-authentication::requestheader-client-ca-file"
2025-01-30 18:28:01,579 INFO c.h.h.t.HelmChartContainer - [K3S] [secure_serving.go:213] Serving securely on 127.0.0.1:10258
2025-01-30 18:28:01,580 INFO c.h.h.t.HelmChartContainer - [K3S] [tlsconfig.go:243] "Starting DynamicServingCertificateController"
2025-01-30 18:28:01,591 INFO c.h.h.t.HelmChartContainer - [K3S] [INFO] Creating service-lb-controller event broadcaster
2025-01-30 18:28:01,601 INFO c.h.h.t.HelmChartContainer - [K3S] [event.go:389] "Event occurred" object="bad0b85700c6" fieldPath="" kind="Node" apiVersion="" type="Normal" reason="NodePasswordValidationComplete" message="Deferred node password secret validation complete"
2025-01-30 18:28:01,637 INFO c.h.h.t.HelmChartContainer - [K3S] [controllermanager.go:765] "Started controller" controller="validatingadmissionpolicy-status-controller"
2025-01-30 18:28:01,637 INFO c.h.h.t.HelmChartContainer - [K3S] [controllermanager.go:743] "Warning: skipping controller" controller="storage-version-migrator-controller"
2025-01-30 18:28:01,704 INFO c.h.h.t.HelmChartContainer - [K3S] [INFO] Starting /v1, Kind=Node controller
2025-01-30 18:28:01,708 INFO c.h.h.t.HelmChartContainer - [K3S] [INFO] Starting /v1, Kind=Pod controller
2025-01-30 18:28:01,711 INFO c.h.h.t.HelmChartContainer - [K3S] [INFO] Starting apps/v1, Kind=DaemonSet controller
2025-01-30 18:28:01,713 INFO c.h.h.t.HelmChartContainer - [K3S] [INFO] Starting discovery.k8s.io/v1, Kind=EndpointSlice controller
2025-01-30 18:28:01,714 INFO c.h.h.t.HelmChartContainer - [K3S] [controllermanager.go:329] Started "service-lb-controller"
2025-01-30 18:28:01,714 INFO c.h.h.t.HelmChartContainer - [K3S] [controllermanager.go:306] "node-route-controller" is disabled
2025-01-30 18:28:01,714 INFO c.h.h.t.HelmChartContainer - [K3S] [controllermanager.go:329] Started "cloud-node-controller"
2025-01-30 18:28:01,716 INFO c.h.h.t.HelmChartContainer - [K3S] [controller.go:234] Starting service controller
2025-01-30 18:28:01,716 INFO c.h.h.t.HelmChartContainer - [K3S] [node_controller.go:176] Sending events to api server.
2025-01-30 18:28:01,716 INFO c.h.h.t.HelmChartContainer - [K3S] [node_controller.go:185] Waiting for informer caches to sync
2025-01-30 18:28:01,716 INFO c.h.h.t.HelmChartContainer - [K3S] [controllermanager.go:329] Started "cloud-node-lifecycle-controller"
2025-01-30 18:28:01,716 INFO c.h.h.t.HelmChartContainer - [K3S] [node_lifecycle_controller.go:112] Sending events to api server
2025-01-30 18:28:01,788 INFO c.h.h.t.HelmChartContainer - [K3S] [controllermanager.go:765] "Started controller" controller="endpointslice-mirroring-controller"
2025-01-30 18:28:01,788 INFO c.h.h.t.HelmChartContainer - [K3S] [endpointslicemirroring_controller.go:227] "Starting EndpointSliceMirroring controller"
2025-01-30 18:28:01,815 INFO c.h.h.t.HelmChartContainer - [K3S] [node_controller.go:429] Initializing node bad0b85700c6 with cloud provider
2025-01-30 18:28:01,820 INFO c.h.h.t.HelmChartContainer - [K3S] [node_controller.go:474] Successfully initialized node bad0b85700c6 with cloud provider
2025-01-30 18:28:01,820 INFO c.h.h.t.HelmChartContainer - [K3S] [event.go:389] "Event occurred" object="bad0b85700c6" fieldPath="" kind="Node" apiVersion="v1" type="Normal" reason="Synced" message="Node synced successfully"
2025-01-30 18:28:01,828 INFO c.h.h.t.HelmChartContainer - [K3S] [INFO] Updated coredns NodeHosts entry for bad0b85700c6
2025-01-30 18:28:02,072 INFO c.h.h.t.HelmChartContainer - [K3S] [INFO] Started tunnel to 172.18.0.2:6443
2025-01-30 18:28:02,072 INFO c.h.h.t.HelmChartContainer - [K3S] [INFO] Connecting to proxy" url="wss://172.18.0.2:6443/v1-k3s/connect
2025-01-30 18:28:02,072 INFO c.h.h.t.HelmChartContainer - [K3S] [INFO] Stopped tunnel to 127.0.0.1:6443
2025-01-30 18:28:02,072 INFO c.h.h.t.HelmChartContainer - [K3S] [INFO] Proxy done" err="context canceled" url="wss://127.0.0.1:6443/v1-k3s/connect
2025-01-30 18:28:02,072 INFO c.h.h.t.HelmChartContainer - [K3S] [INFO] error in remotedialer server [400]: websocket: close 1006 (abnormal closure): unexpected EOF
2025-01-30 18:28:02,074 INFO c.h.h.t.HelmChartContainer - [K3S] [INFO] Handling backend connection request [bad0b85700c6]
2025-01-30 18:28:02,074 INFO c.h.h.t.HelmChartContainer - [K3S] [INFO] Remotedialer connected to proxy" url="wss://172.18.0.2:6443/v1-k3s/connect
2025-01-30 18:28:02,094 INFO c.h.h.t.HelmChartContainer - [K3S] [controllermanager.go:765] "Started controller" controller="resourcequota-controller"
2025-01-30 18:28:02,095 INFO c.h.h.t.HelmChartContainer - [K3S] [resource_quota_controller.go:300] "Starting resource quota controller"
2025-01-30 18:28:02,224 INFO c.h.h.t.HelmChartContainer - [K3S] [serving.go:392] Generated self-signed cert in-memory
2025-01-30 18:28:02,237 INFO c.h.h.t.HelmChartContainer - [K3S] [controllermanager.go:765] "Started controller" controller="cronjob-controller"
2025-01-30 18:28:02,237 INFO c.h.h.t.HelmChartContainer - [K3S] [cronjob_controllerv2.go:145] "Starting cronjob controller v2"
2025-01-30 18:28:02,332 INFO c.h.h.t.HelmChartContainer - [K3S] [server.go:164] "Starting Kubernetes Scheduler" version="v1.32.1+k3s1"
2025-01-30 18:28:02,332 INFO c.h.h.t.HelmChartContainer - [K3S] [server.go:166] "Golang settings" GOGC="" GOMAXPROCS="" GOTRACEBACK=""
2025-01-30 18:28:02,339 INFO c.h.h.t.HelmChartContainer - [K3S] [requestheader_controller.go:180] Starting RequestHeaderAuthRequestController
2025-01-30 18:28:02,339 INFO c.h.h.t.HelmChartContainer - [K3S] [configmap_cafile_content.go:205] "Starting controller" name="client-ca::kube-system::extension-apiserver-authentication::client-ca-file"
2025-01-30 18:28:02,339 INFO c.h.h.t.HelmChartContainer - [K3S] [configmap_cafile_content.go:205] "Starting controller" name="client-ca::kube-system::extension-apiserver-authentication::requestheader-client-ca-file"
2025-01-30 18:28:02,339 INFO c.h.h.t.HelmChartContainer - [K3S] [secure_serving.go:213] Serving securely on 127.0.0.1:10259
2025-01-30 18:28:02,339 INFO c.h.h.t.HelmChartContainer - [K3S] [tlsconfig.go:243] "Starting DynamicServingCertificateController"
2025-01-30 18:28:02,388 INFO c.h.h.t.HelmChartContainer - [K3S] [controllermanager.go:765] "Started controller" controller="persistentvolume-binder-controller"
2025-01-30 18:28:02,388 INFO c.h.h.t.HelmChartContainer - [K3S] [pv_controller_base.go:308] "Starting persistent volume controller"
2025-01-30 18:28:02,539 INFO c.h.h.t.HelmChartContainer - [K3S] [controllermanager.go:765] "Started controller" controller="ttl-after-finished-controller"
2025-01-30 18:28:02,539 INFO c.h.h.t.HelmChartContainer - [K3S] [controllermanager.go:717] "Controller is disabled by a feature gate" controller="service-cidr-controller" requiredFeatureGates=["MultiCIDRServiceAllocator"]
2025-01-30 18:28:02,539 INFO c.h.h.t.HelmChartContainer - [K3S] [ttlafterfinished_controller.go:112] "Starting TTL after finished controller"
2025-01-30 18:28:02,688 INFO c.h.h.t.HelmChartContainer - [K3S] [controllermanager.go:765] "Started controller" controller="statefulset-controller"
2025-01-30 18:28:02,688 INFO c.h.h.t.HelmChartContainer - [K3S] [stateful_set.go:166] "Starting stateful set controller"
2025-01-30 18:28:02,838 INFO c.h.h.t.HelmChartContainer - [K3S] [controllermanager.go:765] "Started controller" controller="endpointslice-controller"
2025-01-30 18:28:02,838 INFO c.h.h.t.HelmChartContainer - [K3S] [endpointslice_controller.go:281] "Starting endpoint slice controller"
2025-01-30 18:28:02,987 INFO c.h.h.t.HelmChartContainer - [K3S] [controllermanager.go:765] "Started controller" controller="serviceaccount-controller"
2025-01-30 18:28:02,988 INFO c.h.h.t.HelmChartContainer - [K3S] [serviceaccounts_controller.go:114] "Starting service account controller"
2025-01-30 18:28:03,137 INFO c.h.h.t.HelmChartContainer - [K3S] [controllermanager.go:765] "Started controller" controller="replicaset-controller"
2025-01-30 18:28:03,138 INFO c.h.h.t.HelmChartContainer - [K3S] [replica_set.go:217] "Starting controller" name="replicaset"
2025-01-30 18:28:03,288 INFO c.h.h.t.HelmChartContainer - [K3S] [certificate_controller.go:120] "Starting certificate controller" name="csrsigning-kubelet-serving"
2025-01-30 18:28:03,288 INFO c.h.h.t.HelmChartContainer - [K3S] [dynamic_serving_content.go:135] "Starting controller" name="csr-controller::/var/lib/rancher/k3s/server/tls/server-ca.nochain.crt::/var/lib/rancher/k3s/server/tls/server-ca.key"
2025-01-30 18:28:03,288 INFO c.h.h.t.HelmChartContainer - [K3S] [certificate_controller.go:120] "Starting certificate controller" name="csrsigning-kubelet-client"
2025-01-30 18:28:03,288 INFO c.h.h.t.HelmChartContainer - [K3S] [dynamic_serving_content.go:135] "Starting controller" name="csr-controller::/var/lib/rancher/k3s/server/tls/client-ca.nochain.crt::/var/lib/rancher/k3s/server/tls/client-ca.key"
2025-01-30 18:28:03,288 INFO c.h.h.t.HelmChartContainer - [K3S] [certificate_controller.go:120] "Starting certificate controller" name="csrsigning-kube-apiserver-client"
2025-01-30 18:28:03,288 INFO c.h.h.t.HelmChartContainer - [K3S] [controllermanager.go:765] "Started controller" controller="certificatesigningrequest-signing-controller"
2025-01-30 18:28:03,288 INFO c.h.h.t.HelmChartContainer - [K3S] [dynamic_serving_content.go:135] "Starting controller" name="csr-controller::/var/lib/rancher/k3s/server/tls/client-ca.nochain.crt::/var/lib/rancher/k3s/server/tls/client-ca.key"
2025-01-30 18:28:03,288 INFO c.h.h.t.HelmChartContainer - [K3S] [certificate_controller.go:120] "Starting certificate controller" name="csrsigning-legacy-unknown"
2025-01-30 18:28:03,289 INFO c.h.h.t.HelmChartContainer - [K3S] [dynamic_serving_content.go:135] "Starting controller" name="csr-controller::/var/lib/rancher/k3s/server/tls/server-ca.nochain.crt::/var/lib/rancher/k3s/server/tls/server-ca.key"
2025-01-30 18:28:03,436 INFO c.h.h.t.HelmChartContainer - [K3S] [controllermanager.go:765] "Started controller" controller="root-ca-certificate-publisher-controller"
2025-01-30 18:28:03,437 INFO c.h.h.t.HelmChartContainer - [K3S] [publisher.go:107] "Starting root CA cert publisher controller"
2025-01-30 18:28:03,587 INFO c.h.h.t.HelmChartContainer - [K3S] [controllermanager.go:765] "Started controller" controller="legacy-serviceaccount-token-cleaner-controller"
2025-01-30 18:28:03,587 INFO c.h.h.t.HelmChartContainer - [K3S] [legacy_serviceaccount_token_cleaner.go:103] "Starting legacy service account token cleaner controller"
2025-01-30 18:28:03,637 INFO c.h.h.t.HelmChartContainer - [K3S] [controllermanager.go:765] "Started controller" controller="certificatesigningrequest-approving-controller"
2025-01-30 18:28:03,637 INFO c.h.h.t.HelmChartContainer - [K3S] [certificate_controller.go:120] "Starting certificate controller" name="csrapproving"
2025-01-30 18:28:03,686 INFO c.h.h.t.HelmChartContainer - [K3S] [controllermanager.go:765] "Started controller" controller="certificatesigningrequest-cleaner-controller"
2025-01-30 18:28:03,686 INFO c.h.h.t.HelmChartContainer - [K3S] [controllermanager.go:728] "Warning: controller is disabled" controller="bootstrap-signer-controller"
2025-01-30 18:28:03,686 INFO c.h.h.t.HelmChartContainer - [K3S] [cleaner.go:83] "Starting CSR cleaner controller"
2025-01-30 18:28:03,837 INFO c.h.h.t.HelmChartContainer - [K3S] [controllermanager.go:765] "Started controller" controller="token-cleaner-controller"
2025-01-30 18:28:03,838 INFO c.h.h.t.HelmChartContainer - [K3S] [tokencleaner.go:117] "Starting token cleaner controller"
2025-01-30 18:28:03,993 INFO c.h.h.t.HelmChartContainer - [K3S] [controllermanager.go:765] "Started controller" controller="persistentvolume-expander-controller"
2025-01-30 18:28:03,993 INFO c.h.h.t.HelmChartContainer - [K3S] [controllermanager.go:717] "Controller is disabled by a feature gate" controller="volumeattributesclass-protection-controller" requiredFeatureGates=["VolumeAttributesClass"]
2025-01-30 18:28:03,993 INFO c.h.h.t.HelmChartContainer - [K3S] [controllermanager.go:717] "Controller is disabled by a feature gate" controller="kube-apiserver-serving-clustertrustbundle-publisher-controller" requiredFeatureGates=["ClusterTrustBundle"]
2025-01-30 18:28:03,993 INFO c.h.h.t.HelmChartContainer - [K3S] [expand_controller.go:329] "Starting expand controller"
2025-01-30 18:28:04,008 INFO c.h.h.t.HelmChartContainer - [K3S] [actual_state_of_world.go:541] "Failed to update statusUpdateNeeded field in actual state of world" err="Failed to set statusUpdateNeeded to needed true, because nodeName=\"bad0b85700c6\" does not exist"
2025-01-30 18:28:04,041 INFO c.h.h.t.HelmChartContainer - [K3S] [range_allocator.go:177] "Sending events to api server"
2025-01-30 18:28:04,041 INFO c.h.h.t.HelmChartContainer - [K3S] [range_allocator.go:183] "Starting range CIDR allocator"
2025-01-30 18:28:04,045 INFO c.h.h.t.HelmChartContainer - [K3S] [range_allocator.go:428] "Set node PodCIDR" node="bad0b85700c6" podCIDRs=["10.42.0.0/24"]
2025-01-30 18:28:04,046 INFO c.h.h.t.HelmChartContainer - [K3S] [range_allocator.go:247] "Successfully synced" key="bad0b85700c6"
2025-01-30 18:28:04,046 INFO c.h.h.t.HelmChartContainer - [K3S] [range_allocator.go:247] "Successfully synced" key="bad0b85700c6"
2025-01-30 18:28:04,046 INFO c.h.h.t.HelmChartContainer - [K3S] [INFO] Flannel found PodCIDR assigned for node bad0b85700c6
2025-01-30 18:28:04,048 INFO c.h.h.t.HelmChartContainer - [K3S] [INFO] The interface eth0 with ipv4 address 172.18.0.2 will be used by flannel
2025-01-30 18:28:04,048 INFO c.h.h.t.HelmChartContainer - [K3S] [kube.go:139] Waiting 10m0s for node controller to sync
2025-01-30 18:28:04,049 INFO c.h.h.t.HelmChartContainer - [K3S] [kube.go:469] Starting kube subnet manager
2025-01-30 18:28:04,087 INFO c.h.h.t.HelmChartContainer - [K3S] [node_lifecycle_controller.go:1234] "Initializing eviction metric for zone" zone=""
2025-01-30 18:28:04,087 INFO c.h.h.t.HelmChartContainer - [K3S] [node_lifecycle_controller.go:886] "Missing timestamp for Node. Assuming now as a timestamp" node="bad0b85700c6"
2025-01-30 18:28:04,087 INFO c.h.h.t.HelmChartContainer - [K3S] [node_lifecycle_controller.go:1080] "Controller detected that zone is now in new state" zone="" newState="Normal"
2025-01-30 18:28:04,091 INFO c.h.h.t.HelmChartContainer - [K3S] [range_allocator.go:247] "Successfully synced" key="bad0b85700c6"
2025-01-30 18:28:04,158 INFO c.h.h.t.HelmChartContainer - [K3S] [INFO] Starting network policy controller version v2.2.1, built on 2025-01-28T18:27:08Z, go1.23.4
2025-01-30 18:28:04,158 INFO c.h.h.t.HelmChartContainer - [K3S] [network_policy_controller.go:164] Starting network policy controller
2025-01-30 18:28:04,183 INFO c.h.h.t.HelmChartContainer - [K3S] [network_policy_controller.go:176] Starting network policy controller full sync goroutine
2025-01-30 18:28:04,641 INFO c.h.h.t.HelmChartContainer - [K3S] [range_allocator.go:247] "Successfully synced" key="bad0b85700c6"
2025-01-30 18:28:04,844 INFO c.h.h.t.HelmChartContainer - [K3S] [handler_proxy.go:99] no RequestInfo found in the context
2025-01-30 18:28:04,844 INFO c.h.h.t.HelmChartContainer - [K3S] [controller.go:146] "Unhandled Error" err=<
2025-01-30 18:28:04,844 INFO c.h.h.t.HelmChartContainer - [K3S] 	, Header: map[Content-Type:[text/plain; charset=utf-8] X-Content-Type-Options:[nosniff]]
2025-01-30 18:28:04,844 INFO c.h.h.t.HelmChartContainer - [K3S]  >
2025-01-30 18:28:04,845 INFO c.h.h.t.HelmChartContainer - [K3S] [handler_proxy.go:143] error resolving kube-system/metrics-server: no endpoints available for service "metrics-server"
2025-01-30 18:28:04,906 INFO c.h.h.t.HelmChartContainer - [K3S] [replica_set.go:679] "Finished syncing" kind="ReplicaSet" key="kube-system/metrics-server-8584b5786c" duration="660.407139ms"
2025-01-30 18:28:04,906 INFO c.h.h.t.HelmChartContainer - [K3S] [replica_set.go:679] "Finished syncing" kind="ReplicaSet" key="kube-system/coredns-ff8999cc5" duration="648.389506ms"
2025-01-30 18:28:04,909 INFO c.h.h.t.HelmChartContainer - [K3S] [reflector.go:569] object-"kube-system"/"local-path-config": failed to list *v1.ConfigMap: configmaps "local-path-config" is forbidden: User "system:node:bad0b85700c6" cannot list resource "configmaps" in API group "" in the namespace "kube-system": no relationship found between node 'bad0b85700c6' and this object
2025-01-30 18:28:04,909 INFO c.h.h.t.HelmChartContainer - [K3S] [reflector.go:166] "Unhandled Error" err="object-\"kube-system\"/\"local-path-config\": Failed to watch *v1.ConfigMap: failed to list *v1.ConfigMap: configmaps \"local-path-config\" is forbidden: User \"system:node:bad0b85700c6\" cannot list resource \"configmaps\" in API group \"\" in the namespace \"kube-system\": no relationship found between node 'bad0b85700c6' and this object"
2025-01-30 18:28:04,910 INFO c.h.h.t.HelmChartContainer - [K3S] [replica_set.go:679] "Finished syncing" kind="ReplicaSet" key="kube-system/local-path-provisioner-698b58967b" duration="655.539746ms"
2025-01-30 18:28:04,928 INFO c.h.h.t.HelmChartContainer - [K3S] [replica_set.go:679] "Finished syncing" kind="ReplicaSet" key="kube-system/metrics-server-8584b5786c" duration="24.464263ms"
2025-01-30 18:28:04,932 INFO c.h.h.t.HelmChartContainer - [K3S] [replica_set.go:679] "Finished syncing" kind="ReplicaSet" key="kube-system/metrics-server-8584b5786c" duration="169.537µs"
2025-01-30 18:28:04,932 INFO c.h.h.t.HelmChartContainer - [K3S] [replica_set.go:679] "Finished syncing" kind="ReplicaSet" key="kube-system/local-path-provisioner-698b58967b" duration="25.240914ms"
2025-01-30 18:28:04,935 INFO c.h.h.t.HelmChartContainer - [K3S] [replica_set.go:679] "Finished syncing" kind="ReplicaSet" key="kube-system/coredns-ff8999cc5" duration="30.602205ms"
2025-01-30 18:28:04,971 INFO c.h.h.t.HelmChartContainer - [K3S] [replica_set.go:679] "Finished syncing" kind="ReplicaSet" key="kube-system/coredns-ff8999cc5" duration="35.118319ms"
2025-01-30 18:28:04,971 INFO c.h.h.t.HelmChartContainer - [K3S] [replica_set.go:679] "Finished syncing" kind="ReplicaSet" key="kube-system/coredns-ff8999cc5" duration="73.327µs"
2025-01-30 18:28:04,971 INFO c.h.h.t.HelmChartContainer - [K3S] [reconciler_common.go:251] "operationExecutor.VerifyControllerAttachedVolume started for volume \"kube-api-access-tztfr\" (UniqueName: \"kubernetes.io/projected/3b41aa4f-e694-4ce4-9487-ccd72a96a899-kube-api-access-tztfr\") pod \"coredns-ff8999cc5-qkd7k\" (UID: \"3b41aa4f-e694-4ce4-9487-ccd72a96a899\") " pod="kube-system/coredns-ff8999cc5-qkd7k"
2025-01-30 18:28:04,972 INFO c.h.h.t.HelmChartContainer - [K3S] [reconciler_common.go:251] "operationExecutor.VerifyControllerAttachedVolume started for volume \"tmp-dir\" (UniqueName: \"kubernetes.io/empty-dir/b39da47e-9096-4064-b13c-a58cceae0cec-tmp-dir\") pod \"metrics-server-8584b5786c-cc5dl\" (UID: \"b39da47e-9096-4064-b13c-a58cceae0cec\") " pod="kube-system/metrics-server-8584b5786c-cc5dl"
2025-01-30 18:28:04,972 INFO c.h.h.t.HelmChartContainer - [K3S] [reconciler_common.go:251] "operationExecutor.VerifyControllerAttachedVolume started for volume \"kube-api-access-mdn5n\" (UniqueName: \"kubernetes.io/projected/b39da47e-9096-4064-b13c-a58cceae0cec-kube-api-access-mdn5n\") pod \"metrics-server-8584b5786c-cc5dl\" (UID: \"b39da47e-9096-4064-b13c-a58cceae0cec\") " pod="kube-system/metrics-server-8584b5786c-cc5dl"
2025-01-30 18:28:04,972 INFO c.h.h.t.HelmChartContainer - [K3S] [reconciler_common.go:251] "operationExecutor.VerifyControllerAttachedVolume started for volume \"config-volume\" (UniqueName: \"kubernetes.io/configmap/ac239157-a197-48c3-8bab-2335754eea5d-config-volume\") pod \"local-path-provisioner-698b58967b-t92b8\" (UID: \"ac239157-a197-48c3-8bab-2335754eea5d\") " pod="kube-system/local-path-provisioner-698b58967b-t92b8"
2025-01-30 18:28:04,973 INFO c.h.h.t.HelmChartContainer - [K3S] [reconciler_common.go:251] "operationExecutor.VerifyControllerAttachedVolume started for volume \"kube-api-access-jjbpf\" (UniqueName: \"kubernetes.io/projected/ac239157-a197-48c3-8bab-2335754eea5d-kube-api-access-jjbpf\") pod \"local-path-provisioner-698b58967b-t92b8\" (UID: \"ac239157-a197-48c3-8bab-2335754eea5d\") " pod="kube-system/local-path-provisioner-698b58967b-t92b8"
2025-01-30 18:28:04,973 INFO c.h.h.t.HelmChartContainer - [K3S] [reconciler_common.go:251] "operationExecutor.VerifyControllerAttachedVolume started for volume \"config-volume\" (UniqueName: \"kubernetes.io/configmap/3b41aa4f-e694-4ce4-9487-ccd72a96a899-config-volume\") pod \"coredns-ff8999cc5-qkd7k\" (UID: \"3b41aa4f-e694-4ce4-9487-ccd72a96a899\") " pod="kube-system/coredns-ff8999cc5-qkd7k"
2025-01-30 18:28:04,973 INFO c.h.h.t.HelmChartContainer - [K3S] [reconciler_common.go:251] "operationExecutor.VerifyControllerAttachedVolume started for volume \"custom-config-volume\" (UniqueName: \"kubernetes.io/configmap/3b41aa4f-e694-4ce4-9487-ccd72a96a899-custom-config-volume\") pod \"coredns-ff8999cc5-qkd7k\" (UID: \"3b41aa4f-e694-4ce4-9487-ccd72a96a899\") " pod="kube-system/coredns-ff8999cc5-qkd7k"
2025-01-30 18:28:04,980 INFO c.h.h.t.HelmChartContainer - [K3S] [replica_set.go:679] "Finished syncing" kind="ReplicaSet" key="kube-system/local-path-provisioner-698b58967b" duration="47.890231ms"
2025-01-30 18:28:04,981 INFO c.h.h.t.HelmChartContainer - [K3S] [replica_set.go:679] "Finished syncing" kind="ReplicaSet" key="kube-system/local-path-provisioner-698b58967b" duration="57.647µs"
2025-01-30 18:28:04,993 INFO c.h.h.t.HelmChartContainer - [K3S] [replica_set.go:679] "Finished syncing" kind="ReplicaSet" key="kube-system/metrics-server-8584b5786c" duration="36.879µs"
2025-01-30 18:28:05,001 INFO c.h.h.t.HelmChartContainer - [K3S] [replica_set.go:679] "Finished syncing" kind="ReplicaSet" key="kube-system/local-path-provisioner-698b58967b" duration="33.453µs"
2025-01-30 18:28:05,009 INFO c.h.h.t.HelmChartContainer - [K3S] [replica_set.go:679] "Finished syncing" kind="ReplicaSet" key="kube-system/coredns-ff8999cc5" duration="42.249µs"
2025-01-30 18:28:05,049 INFO c.h.h.t.HelmChartContainer - [K3S] [kube.go:146] Node controller sync successful
2025-01-30 18:28:05,049 INFO c.h.h.t.HelmChartContainer - [K3S] [vxlan.go:141] VXLAN config: VNI=1 Port=0 GBP=false Learning=false DirectRouting=false
2025-01-30 18:28:05,052 INFO c.h.h.t.HelmChartContainer - [K3S] [kube.go:636] List of node(bad0b85700c6) annotations: map[string]string{"alpha.kubernetes.io/provided-node-ip":"172.18.0.2", "k3s.io/hostname":"bad0b85700c6", "k3s.io/internal-ip":"172.18.0.2", "k3s.io/node-args":"[\"server\",\"--etcd-arg\",\"unsafe-no-fsync\",\"--etcd-arg\",\"snapshot-count=10000\",\"--etcd-arg\",\"auto-compaction-mode=revision\",\"--etcd-arg\",\"auto-compaction-retention=1000000\",\"--kube-apiserver-arg\",\"etcd-compaction-interval=0s\",\"--disable\",\"traefik\",\"--tls-san\",\"localhost\"]", "k3s.io/node-config-hash":"2QNNT5M5XUBFOLO5XPGEVGOM5UDLHHTIVMSRUPAUHE5DU3HUYQUQ====", "k3s.io/node-env":"{}", "node.alpha.kubernetes.io/ttl":"0", "volumes.kubernetes.io/controller-managed-attach-detach":"true"}
2025-01-30 18:28:05,058 INFO c.h.h.t.HelmChartContainer - [K3S] [iptables.go:51] Starting flannel in iptables mode...
2025-01-30 18:28:05,058 INFO c.h.h.t.HelmChartContainer - [K3S] [WARNING] no subnet found for key: FLANNEL_NETWORK in file: /run/flannel/subnet.env
2025-01-30 18:28:05,058 INFO c.h.h.t.HelmChartContainer - [K3S] [WARNING] no subnet found for key: FLANNEL_SUBNET in file: /run/flannel/subnet.env
2025-01-30 18:28:05,058 INFO c.h.h.t.HelmChartContainer - [K3S] [WARNING] no subnet found for key: FLANNEL_IPV6_NETWORK in file: /run/flannel/subnet.env
2025-01-30 18:28:05,058 INFO c.h.h.t.HelmChartContainer - [K3S] [WARNING] no subnet found for key: FLANNEL_IPV6_SUBNET in file: /run/flannel/subnet.env
2025-01-30 18:28:05,058 INFO c.h.h.t.HelmChartContainer - [K3S] [iptables.go:115] Current network or subnet (10.42.0.0/16, 10.42.0.0/24) is not equal to previous one (0.0.0.0/0, 0.0.0.0/0), trying to recycle old iptables rules
2025-01-30 18:28:05,058 INFO c.h.h.t.HelmChartContainer - [K3S] [kube.go:490] Creating the node lease for IPv4. This is the n.Spec.PodCIDRs: [10.42.0.0/24]
2025-01-30 18:28:05,060 INFO c.h.h.t.HelmChartContainer - [K3S] [range_allocator.go:247] "Successfully synced" key="bad0b85700c6"
2025-01-30 18:28:05,072 INFO c.h.h.t.HelmChartContainer - [K3S] [iptables.go:125] Setting up masking rules
2025-01-30 18:28:05,075 INFO c.h.h.t.HelmChartContainer - [K3S] [iptables.go:226] Changing default FORWARD chain policy to ACCEPT
2025-01-30 18:28:05,078 INFO c.h.h.t.HelmChartContainer - [K3S] [INFO] Wrote flannel subnet file to /run/flannel/subnet.env
2025-01-30 18:28:05,078 INFO c.h.h.t.HelmChartContainer - [K3S] [INFO] Running flannel backend.
2025-01-30 18:28:05,078 INFO c.h.h.t.HelmChartContainer - [K3S] [vxlan_network.go:65] watching for new subnet leases
2025-01-30 18:28:05,090 INFO c.h.h.t.HelmChartContainer - [K3S] [iptables.go:372] bootstrap done
2025-01-30 18:28:05,095 INFO c.h.h.t.HelmChartContainer - [K3S] [iptables.go:372] bootstrap done
2025-01-30 18:28:05,845 INFO c.h.h.t.HelmChartContainer - [K3S] [handler_proxy.go:99] no RequestInfo found in the context
2025-01-30 18:28:05,846 INFO c.h.h.t.HelmChartContainer - [K3S] [controller.go:102] "Unhandled Error" err=<
2025-01-30 18:28:05,846 INFO c.h.h.t.HelmChartContainer - [K3S] 	, Header: map[Content-Type:[text/plain; charset=utf-8] X-Content-Type-Options:[nosniff]]
2025-01-30 18:28:05,846 INFO c.h.h.t.HelmChartContainer - [K3S]  >
2025-01-30 18:28:05,847 INFO c.h.h.t.HelmChartContainer - [K3S] [handler_proxy.go:99] no RequestInfo found in the context
2025-01-30 18:28:08,178 INFO c.h.h.t.HelmChartContainer - [K3S] [replica_set.go:679] "Finished syncing" kind="ReplicaSet" key="kube-system/coredns-ff8999cc5" duration="38.632µs"
2025-01-30 18:28:08,185 INFO c.h.h.t.HelmChartContainer - [K3S] [replica_set.go:679] "Finished syncing" kind="ReplicaSet" key="kube-system/metrics-server-8584b5786c" duration="32.421µs"
2025-01-30 18:28:08,211 INFO c.h.h.t.HelmChartContainer - [K3S] [replica_set.go:679] "Finished syncing" kind="ReplicaSet" key="kube-system/local-path-provisioner-698b58967b" duration="4.344957ms"
2025-01-30 18:28:08,212 INFO c.h.h.t.HelmChartContainer - [K3S] [replica_set.go:679] "Finished syncing" kind="ReplicaSet" key="kube-system/local-path-provisioner-698b58967b" duration="28.874µs"
2025-01-30 18:28:08,234 INFO c.h.h.t.HelmChartContainer - [K3S] [replica_set.go:679] "Finished syncing" kind="ReplicaSet" key="kube-system/coredns-ff8999cc5" duration="14.914123ms"
2025-01-30 18:28:08,234 INFO c.h.h.t.HelmChartContainer - [K3S] [replica_set.go:679] "Finished syncing" kind="ReplicaSet" key="kube-system/coredns-ff8999cc5" duration="46.447µs"
2025-01-30 18:28:08,771 DEBUG c.h.h.t.HelmChartContainer - Image file loaded 'hivemq-platform-operator.tar'
2025-01-30 18:28:09,227 DEBUG c.h.h.t.HelmChartContainer - Image file loaded 'hivemq-platform-operator-init.tar'
2025-01-30 18:28:09,559 INFO c.h.h.t.HelmChartContainer - [K3S] [kuberuntime_manager.go:1702] "Updating runtime config through cri with podcidr" CIDR="10.42.0.0/24"
2025-01-30 18:28:09,559 INFO c.h.h.t.HelmChartContainer - [K3S] [kubelet_network.go:61] "Updating Pod CIDR" originalPodCIDR="" newPodCIDR="10.42.0.0/24"
2025-01-30 18:28:09,565 INFO c.h.h.t.HelmChartContainer - [K3S] [range_allocator.go:247] "Successfully synced" key="bad0b85700c6"
2025-01-30 18:28:14,934 DEBUG c.h.h.t.HelmChartContainer - Image file loaded 'hivemq-platform.tar'
2025-01-30 18:28:14,934 DEBUG c.h.h.t.HelmChartContainer - Successful Helm chart Container startup
2025-01-30 18:28:14,949 INFO t.localhost/testcontainers/dmpuyyaibpw9mvzh:latest - Container localhost/testcontainers/dmpuyyaibpw9mvzh:latest started in PT20.9282986S
2025-01-30 18:28:14,959 DEBUG c.h.h.t.HelmChartContainer - Executing helm command: /bin/helm --kubeconfig /etc/rancher/k3s/k3s.yaml repo add hivemq https://hivemq.github.io/helm-charts
2025-01-30 18:28:16,321 INFO c.h.h.t.HelmChartContainer - [EVENT] Normal [Starting] Starting kubelet. [null:bad0b85700c6]
2025-01-30 18:28:16,323 INFO c.h.h.t.HelmChartContainer - [EVENT] Normal [NodeHasSufficientMemory] Node bad0b85700c6 status is now: NodeHasSufficientMemory [null:bad0b85700c6]
2025-01-30 18:28:16,325 INFO c.h.h.t.HelmChartContainer - [EVENT] Normal [NodeHasNoDiskPressure] Node bad0b85700c6 status is now: NodeHasNoDiskPressure [null:bad0b85700c6]
2025-01-30 18:28:16,325 INFO c.h.h.t.HelmChartContainer - [EVENT] Normal [NodeHasSufficientPID] Node bad0b85700c6 status is now: NodeHasSufficientPID [null:bad0b85700c6]
2025-01-30 18:28:16,326 INFO c.h.h.t.HelmChartContainer - [EVENT] Normal [NodeAllocatableEnforced] Updated Node Allocatable limit across pods [null:bad0b85700c6]
2025-01-30 18:28:16,327 INFO c.h.h.t.HelmChartContainer - Saved kubeconfig file on /tmp/kubeconfig-3932508946921629173.yaml
2025-01-30 18:28:16,327 INFO c.h.h.t.HelmChartContainer - HelmChartContainer is started
2025-01-30 18:28:16,327 INFO c.h.h.t.HelmChartContainer - [EVENT] Normal [NodeReady] Node bad0b85700c6 status is now: NodeReady [null:bad0b85700c6]
2025-01-30 18:28:16,328 INFO c.h.h.t.HelmChartContainer - [EVENT] Normal [NodePasswordValidationComplete] Deferred node password secret validation complete [null:bad0b85700c6]
2025-01-30 18:28:16,329 INFO c.h.h.t.HelmChartContainer - [EVENT] Normal [Synced] Node synced successfully [null:bad0b85700c6]
2025-01-30 18:28:16,330 INFO c.h.h.t.HelmChartContainer - [EVENT] Normal [RegisteredNode] Node bad0b85700c6 event: Registered Node bad0b85700c6 in Controller [null:bad0b85700c6]
]]></system-out>
  <system-err><![CDATA[]]></system-err>
</testsuite>
