<?xml version="1.0" encoding="UTF-8"?>
<testsuite name="com.hivemq.helmcharts.services.HelmMetricsServiceIT" tests="2" skipped="0" failures="0" errors="0" timestamp="2025-03-16T03:17:10" hostname="fv-az1913-402" time="208.688">
  <properties/>
  <testcase name="platformChart_withCustomServiceName_thenMetricsAvailable()" classname="com.hivemq.helmcharts.services.HelmMetricsServiceIT" time="100.104"/>
  <testcase name="platformChart_withCustomMetrics_thenMetricsAvailable()" classname="com.hivemq.helmcharts.services.HelmMetricsServiceIT" time="108.584"/>
</testsuite>
