<?xml version="1.0" encoding="UTF-8"?>
<testsuite name="com.hivemq.helmcharts.platform.HelmPlatformTlsIT" tests="2" skipped="0" failures="0" errors="0" timestamp="2025-03-21T11:44:47" hostname="fv-az1075-407" time="221.464">
  <properties/>
  <testcase name="platformChart_whenTlsEnabled_hivemqRunning(Path)" classname="com.hivemq.helmcharts.platform.HelmPlatformTlsIT" time="112.086"/>
  <testcase name="platformChart_whenTlsEnabledWithDifferentPrivateKey_hivemqRunning(Path)" classname="com.hivemq.helmcharts.platform.HelmPlatformTlsIT" time="109.378"/>
</testsuite>
